<?xml version="1.0" ?>
<coverage branch-rate="0.5922" branches-covered="244" branches-valid="412" complexity="0" line-rate="0.8616" lines-covered="1183" lines-valid="1373" timestamp="1603109944023" version="5.3">
	<!-- Generated by coverage.py: https://coverage.readthedocs.io -->
	<!-- Based on https://raw.githubusercontent.com/cobertura/web/master/htdocs/xml/coverage-04.dtd -->
	<sources>
		<source>/home/travis/build/bansan85/ocr-book</source>
	</sources>
	<packages>
		<package branch-rate="0.5286" complexity="0" line-rate="0.842" name=".">
			<classes>
				<class branch-rate="0.6944" complexity="0" filename="compute.py" line-rate="0.8962" name="compute.py">
					<methods/>
					<lines>
						<line hits="1" number="1"/>
						<line hits="1" number="2"/>
						<line hits="1" number="3"/>
						<line hits="1" number="4"/>
						<line hits="1" number="6"/>
						<line branch="true" condition-coverage="50% (1/2)" hits="1" missing-branches="12" number="8"/>
						<line hits="0" number="12"/>
						<line hits="1" number="15"/>
						<line hits="1" number="18"/>
						<line hits="1" number="21"/>
						<line hits="1" number="24"/>
						<line hits="1" number="25"/>
						<line branch="true" condition-coverage="100% (2/2)" hits="1" number="26"/>
						<line hits="1" number="27"/>
						<line hits="1" number="28"/>
						<line hits="1" number="31"/>
						<line hits="1" number="34"/>
						<line branch="true" condition-coverage="100% (2/2)" hits="1" number="35"/>
						<line hits="1" number="36"/>
						<line hits="1" number="38"/>
						<line hits="1" number="42"/>
						<line hits="1" number="45"/>
						<line hits="1" number="46"/>
						<line branch="true" condition-coverage="50% (1/2)" hits="1" missing-branches="48" number="47"/>
						<line hits="0" number="48"/>
						<line hits="1" number="49"/>
						<line hits="1" number="52"/>
						<line hits="1" number="55"/>
						<line hits="1" number="61"/>
						<line hits="1" number="64"/>
						<line branch="true" condition-coverage="50% (1/2)" hits="1" missing-branches="66" number="65"/>
						<line hits="0" number="66"/>
						<line hits="1" number="68"/>
						<line hits="1" number="72"/>
						<line hits="1" number="75"/>
						<line hits="1" number="76"/>
						<line branch="true" condition-coverage="50% (1/2)" hits="1" missing-branches="78" number="77"/>
						<line hits="0" number="78"/>
						<line hits="1" number="79"/>
						<line hits="1" number="82"/>
						<line hits="1" number="85"/>
						<line hits="1" number="88"/>
						<line hits="1" number="95"/>
						<line branch="true" condition-coverage="100% (2/2)" hits="1" number="96"/>
						<line hits="1" number="97"/>
						<line hits="1" number="98"/>
						<line hits="1" number="104"/>
						<line hits="1" number="105"/>
						<line hits="1" number="108"/>
						<line branch="true" condition-coverage="50% (1/2)" hits="1" missing-branches="110" number="109"/>
						<line hits="0" number="110"/>
						<line hits="1" number="111"/>
						<line hits="1" number="114"/>
						<line hits="1" number="115"/>
						<line hits="1" number="116"/>
						<line hits="1" number="118"/>
						<line hits="1" number="121"/>
						<line hits="1" number="122"/>
						<line hits="1" number="123"/>
						<line hits="1" number="124"/>
						<line hits="1" number="126"/>
						<line hits="1" number="129"/>
						<line branch="true" condition-coverage="50% (1/2)" hits="1" missing-branches="131" number="130"/>
						<line hits="0" number="131"/>
						<line branch="true" condition-coverage="100% (2/2)" hits="1" number="133"/>
						<line branch="true" condition-coverage="100% (2/2)" hits="1" number="138"/>
						<line hits="1" number="142"/>
						<line hits="1" number="143"/>
						<line hits="1" number="144"/>
						<line hits="1" number="145"/>
						<line hits="1" number="148"/>
						<line hits="1" number="152"/>
						<line hits="1" number="153"/>
						<line hits="1" number="155"/>
						<line hits="1" number="156"/>
						<line hits="1" number="161"/>
						<line branch="true" condition-coverage="50% (1/2)" hits="1" missing-branches="163" number="162"/>
						<line hits="0" number="163"/>
						<line hits="1" number="165"/>
						<line hits="1" number="166"/>
						<line hits="1" number="167"/>
						<line hits="1" number="168"/>
						<line hits="1" number="171"/>
						<line hits="1" number="172"/>
						<line hits="1" number="175"/>
						<line branch="true" condition-coverage="50% (1/2)" hits="1" missing-branches="182" number="178"/>
						<line hits="0" number="182"/>
						<line branch="true" condition-coverage="50% (1/2)" hits="1" missing-branches="188" number="183"/>
						<line hits="1" number="187"/>
						<line hits="0" number="188"/>
						<line hits="1" number="191"/>
						<line hits="1" number="194"/>
						<line hits="1" number="195"/>
						<line branch="true" condition-coverage="100% (2/2)" hits="1" number="196"/>
						<line hits="1" number="197"/>
						<line branch="true" condition-coverage="100% (2/2)" hits="1" number="198"/>
						<line hits="1" number="199"/>
						<line hits="1" number="200"/>
						<line hits="1" number="203"/>
						<line branch="true" condition-coverage="50% (1/2)" hits="1" missing-branches="205" number="204"/>
						<line hits="0" number="205"/>
						<line hits="1" number="206"/>
						<line hits="1" number="209"/>
						<line branch="true" condition-coverage="50% (1/2)" hits="1" missing-branches="212" number="210"/>
						<line hits="1" number="211"/>
						<line hits="0" number="212"/>
					</lines>
				</class>
				<class branch-rate="0.7037" complexity="0" filename="cv2ext.py" line-rate="0.8955" name="cv2ext.py">
					<methods/>
					<lines>
						<line hits="1" number="1"/>
						<line hits="1" number="3"/>
						<line hits="1" number="4"/>
						<line hits="1" number="6"/>
						<line branch="true" condition-coverage="50% (1/2)" hits="1" missing-branches="12" number="8"/>
						<line hits="0" number="12"/>
						<line hits="1" number="15"/>
						<line hits="1" number="16"/>
						<line hits="1" number="19"/>
						<line branch="true" condition-coverage="50% (1/2)" hits="1" missing-branches="23" number="21"/>
						<line hits="1" number="22"/>
						<line hits="0" number="23"/>
						<line hits="1" number="26"/>
						<line hits="1" number="27"/>
						<line hits="1" number="28"/>
						<line hits="1" number="29"/>
						<line hits="1" number="31"/>
						<line hits="1" number="33"/>
						<line hits="1" number="34"/>
						<line hits="1" number="35"/>
						<line hits="1" number="36"/>
						<line hits="1" number="37"/>
						<line hits="1" number="39"/>
						<line hits="1" number="40"/>
						<line branch="true" condition-coverage="100% (2/2)" hits="1" number="43"/>
						<line hits="1" number="44"/>
						<line hits="1" number="45"/>
						<line branch="true" condition-coverage="100% (2/2)" hits="1" number="46"/>
						<line hits="1" number="47"/>
						<line hits="1" number="48"/>
						<line branch="true" condition-coverage="100% (2/2)" hits="1" number="49"/>
						<line hits="1" number="52"/>
						<line branch="true" condition-coverage="50% (1/2)" hits="1" missing-branches="60" number="53"/>
						<line hits="1" number="54"/>
						<line hits="1" number="55"/>
						<line branch="true" condition-coverage="100% (2/2)" hits="1" number="58"/>
						<line hits="1" number="59"/>
						<line branch="true" condition-coverage="100% (2/2)" hits="1" number="60"/>
						<line hits="1" number="61"/>
						<line branch="true" condition-coverage="100% (2/2)" hits="1" number="63"/>
						<line hits="1" number="64"/>
						<line hits="1" number="65"/>
						<line hits="1" number="68"/>
						<line hits="1" number="69"/>
						<line hits="1" number="70"/>
						<line hits="1" number="71"/>
						<line hits="1" number="74"/>
						<line hits="1" number="77"/>
						<line hits="1" number="78"/>
						<line hits="1" number="81"/>
						<line branch="true" condition-coverage="50% (1/2)" hits="1" missing-branches="84" number="82"/>
						<line hits="1" number="83"/>
						<line branch="true" condition-coverage="0% (0/2)" hits="0" missing-branches="85,86" number="84"/>
						<line hits="0" number="85"/>
						<line hits="0" number="86"/>
						<line hits="1" number="89"/>
						<line branch="true" condition-coverage="50% (1/2)" hits="1" missing-branches="91" number="90"/>
						<line hits="0" number="91"/>
						<line hits="1" number="92"/>
						<line hits="1" number="93"/>
						<line hits="1" number="96"/>
						<line branch="true" condition-coverage="50% (1/2)" hits="1" missing-branches="102" number="99"/>
						<line hits="1" number="100"/>
						<line hits="0" number="102"/>
						<line branch="true" condition-coverage="100% (2/2)" hits="1" number="104"/>
						<line hits="1" number="105"/>
						<line hits="1" number="106"/>
						<line hits="1" number="109"/>
						<line hits="1" number="112"/>
						<line branch="true" condition-coverage="100% (2/2)" hits="1" number="113"/>
						<line branch="true" condition-coverage="100% (2/2)" hits="1" number="114"/>
						<line hits="1" number="115"/>
						<line hits="1" number="122"/>
						<line hits="1" number="125"/>
						<line hits="1" number="126"/>
						<line hits="1" number="129"/>
						<line hits="1" number="130"/>
						<line hits="1" number="133"/>
						<line hits="1" number="136"/>
						<line branch="true" condition-coverage="100% (2/2)" hits="1" number="137"/>
						<line branch="true" condition-coverage="100% (2/2)" hits="1" number="138"/>
						<line branch="true" condition-coverage="50% (1/2)" hits="1" missing-branches="140" number="139"/>
						<line hits="0" number="140"/>
						<line branch="true" condition-coverage="50% (1/2)" hits="1" missing-branches="142" number="141"/>
						<line hits="0" number="142"/>
						<line hits="1" number="143"/>
						<line branch="true" condition-coverage="50% (1/2)" hits="1" missing-branches="147" number="146"/>
						<line hits="0" number="147"/>
						<line branch="true" condition-coverage="50% (1/2)" hits="1" missing-branches="149" number="148"/>
						<line hits="0" number="149"/>
						<line hits="1" number="150"/>
						<line hits="1" number="155"/>
						<line hits="1" number="156"/>
						<line hits="1" number="158"/>
						<line hits="1" number="159"/>
						<line hits="1" number="162"/>
						<line hits="1" number="163"/>
						<line hits="1" number="173"/>
						<line hits="1" number="174"/>
						<line hits="1" number="175"/>
						<line hits="1" number="177"/>
						<line hits="1" number="178"/>
						<line hits="1" number="180"/>
						<line hits="1" number="184"/>
						<line hits="1" number="190"/>
						<line hits="1" number="193"/>
						<line branch="true" condition-coverage="50% (1/2)" hits="1" missing-branches="197" number="195"/>
						<line hits="1" number="196"/>
						<line hits="0" number="197"/>
						<line hits="1" number="200"/>
						<line hits="1" number="207"/>
						<line hits="1" number="209"/>
						<line hits="1" number="210"/>
						<line hits="1" number="211"/>
						<line hits="1" number="212"/>
						<line branch="true" condition-coverage="50% (1/2)" hits="1" missing-branches="221" number="213"/>
						<line hits="1" number="217"/>
						<line hits="1" number="218"/>
						<line hits="1" number="219"/>
						<line hits="0" number="221"/>
						<line branch="true" condition-coverage="50% (1/2)" hits="1" missing-branches="237" number="222"/>
						<line hits="1" number="226"/>
						<line branch="true" condition-coverage="100% (2/2)" hits="1" number="229"/>
						<line hits="1" number="230"/>
						<line hits="1" number="231"/>
						<line hits="1" number="232"/>
						<line hits="1" number="233"/>
						<line hits="1" number="234"/>
						<line hits="1" number="235"/>
						<line hits="0" number="237"/>
						<line hits="1" number="238"/>
						<line hits="1" number="241"/>
						<line branch="true" condition-coverage="50% (1/2)" hits="1" missing-branches="exit" number="244"/>
						<line hits="1" number="245"/>
					</lines>
				</class>
				<class branch-rate="0.1" complexity="0" filename="pages.py" line-rate="0.7419" name="pages.py">
					<methods/>
					<lines>
						<line hits="1" number="1"/>
						<line hits="1" number="2"/>
						<line hits="1" number="3"/>
						<line hits="1" number="5"/>
						<line hits="1" number="6"/>
						<line hits="1" number="7"/>
						<line hits="1" number="10"/>
						<line hits="1" number="11"/>
						<line hits="1" number="12"/>
						<line hits="1" number="13"/>
						<line hits="1" number="14"/>
						<line hits="1" number="18"/>
						<line hits="1" number="19"/>
						<line hits="1" number="21"/>
						<line hits="1" number="25"/>
						<line branch="true" condition-coverage="50% (1/2)" hits="1" missing-branches="28" number="27"/>
						<line branch="true" condition-coverage="0% (0/2)" hits="0" missing-branches="29,44" number="28"/>
						<line branch="true" condition-coverage="0% (0/2)" hits="0" missing-branches="30,33" number="29"/>
						<line hits="0" number="30"/>
						<line branch="true" condition-coverage="0% (0/2)" hits="0" missing-branches="34,37" number="33"/>
						<line hits="0" number="34"/>
						<line branch="true" condition-coverage="0% (0/2)" hits="0" missing-branches="38,42" number="37"/>
						<line hits="0" number="38"/>
						<line hits="0" number="42"/>
						<line hits="1" number="44"/>
						<line hits="1" number="46"/>
						<line hits="1" number="48"/>
						<line hits="1" number="50"/>
						<line hits="1" number="52"/>
						<line hits="1" number="54"/>
						<line hits="1" number="58"/>
					</lines>
				</class>
				<class branch-rate="0" complexity="0" filename="parameters.py" line-rate="0.6374" name="parameters.py">
					<methods/>
					<lines>
						<line hits="1" number="1"/>
						<line hits="1" number="2"/>
						<line hits="1" number="3"/>
						<line hits="1" number="6"/>
						<line hits="1" number="7"/>
						<line hits="1" number="8"/>
						<line hits="1" number="9"/>
						<line hits="1" number="11"/>
						<line hits="1" number="14"/>
						<line hits="1" number="16"/>
						<line hits="1" number="18"/>
						<line hits="1" number="20"/>
						<line hits="0" number="22"/>
						<line hits="1" number="24"/>
						<line hits="1" number="26"/>
						<line hits="1" number="28"/>
						<line hits="0" number="30"/>
						<line hits="1" number="32"/>
						<line branch="true" condition-coverage="0% (0/2)" hits="0" missing-branches="38,39" number="37"/>
						<line hits="0" number="38"/>
						<line branch="true" condition-coverage="0% (0/2)" hits="0" missing-branches="40,42" number="39"/>
						<line hits="0" number="40"/>
						<line hits="0" number="42"/>
						<line hits="1" number="45"/>
						<line hits="1" number="46"/>
						<line hits="1" number="47"/>
						<line hits="1" number="48"/>
						<line hits="1" number="49"/>
						<line hits="1" number="51"/>
						<line hits="1" number="54"/>
						<line hits="1" number="58"/>
						<line hits="1" number="60"/>
						<line hits="1" number="62"/>
						<line hits="0" number="64"/>
						<line hits="1" number="66"/>
						<line hits="1" number="68"/>
						<line hits="1" number="70"/>
						<line hits="0" number="72"/>
						<line hits="1" number="74"/>
						<line hits="1" number="76"/>
						<line hits="1" number="78"/>
						<line hits="0" number="80"/>
						<line hits="1" number="82"/>
						<line branch="true" condition-coverage="0% (0/2)" hits="0" missing-branches="88,89" number="87"/>
						<line hits="0" number="88"/>
						<line branch="true" condition-coverage="0% (0/2)" hits="0" missing-branches="90,91" number="89"/>
						<line hits="0" number="90"/>
						<line branch="true" condition-coverage="0% (0/2)" hits="0" missing-branches="92,94" number="91"/>
						<line hits="0" number="92"/>
						<line hits="0" number="94"/>
						<line hits="1" number="97"/>
						<line hits="1" number="98"/>
						<line hits="1" number="99"/>
						<line hits="1" number="100"/>
						<line hits="1" number="101"/>
						<line hits="1" number="102"/>
						<line hits="1" number="103"/>
						<line hits="1" number="105"/>
						<line hits="1" number="113"/>
						<line hits="1" number="121"/>
						<line hits="1" number="123"/>
						<line hits="1" number="125"/>
						<line hits="0" number="127"/>
						<line hits="1" number="129"/>
						<line hits="1" number="131"/>
						<line hits="1" number="133"/>
						<line hits="0" number="135"/>
						<line hits="1" number="137"/>
						<line hits="1" number="139"/>
						<line hits="1" number="141"/>
						<line hits="0" number="143"/>
						<line hits="1" number="145"/>
						<line hits="1" number="147"/>
						<line hits="1" number="149"/>
						<line hits="0" number="151"/>
						<line hits="1" number="153"/>
						<line hits="1" number="155"/>
						<line hits="1" number="157"/>
						<line hits="0" number="159"/>
						<line hits="1" number="161"/>
						<line branch="true" condition-coverage="0% (0/2)" hits="0" missing-branches="167,168" number="166"/>
						<line hits="0" number="167"/>
						<line branch="true" condition-coverage="0% (0/2)" hits="0" missing-branches="169,170" number="168"/>
						<line hits="0" number="169"/>
						<line branch="true" condition-coverage="0% (0/2)" hits="0" missing-branches="171,172" number="170"/>
						<line hits="0" number="171"/>
						<line branch="true" condition-coverage="0% (0/2)" hits="0" missing-branches="173,174" number="172"/>
						<line hits="0" number="173"/>
						<line branch="true" condition-coverage="0% (0/2)" hits="0" missing-branches="175,177" number="174"/>
						<line hits="0" number="175"/>
						<line hits="0" number="177"/>
					</lines>
				</class>
				<class branch-rate="1" complexity="0" filename="print_interface.py" line-rate="0.875" name="print_interface.py">
					<methods/>
					<lines>
						<line hits="1" number="4"/>
						<line hits="1" number="5"/>
						<line hits="1" number="8"/>
						<line hits="1" number="19"/>
						<line hits="1" number="20"/>
						<line hits="1" number="28"/>
						<line hits="1" number="29"/>
						<line hits="0" number="30"/>
					</lines>
				</class>
				<class branch-rate="1" complexity="0" filename="print_release.py" line-rate="0.7143" name="print_release.py">
					<methods/>
					<lines>
						<line hits="1" number="4"/>
						<line hits="1" number="6"/>
						<line hits="1" number="9"/>
						<line hits="1" number="18"/>
						<line hits="0" number="25"/>
						<line hits="1" number="27"/>
						<line hits="0" number="28"/>
					</lines>
				</class>
				<class branch-rate="0.375" complexity="0" filename="print_test.py" line-rate="0.7419" name="print_test.py">
					<methods/>
					<lines>
						<line hits="1" number="4"/>
						<line hits="1" number="5"/>
						<line hits="1" number="6"/>
						<line hits="1" number="7"/>
						<line hits="1" number="8"/>
						<line hits="1" number="10"/>
						<line hits="1" number="13"/>
						<line hits="1" number="23"/>
						<line hits="1" number="25"/>
						<line hits="1" number="42"/>
						<line hits="1" number="43"/>
						<line hits="1" number="44"/>
						<line hits="1" number="46"/>
						<line hits="1" number="53"/>
						<line hits="1" number="54"/>
						<line hits="1" number="55"/>
						<line hits="0" number="56"/>
						<line hits="0" number="57"/>
						<line hits="0" number="58"/>
						<line hits="1" number="60"/>
						<line branch="true" condition-coverage="50% (1/2)" hits="1" missing-branches="95" number="74"/>
						<line hits="1" number="75"/>
						<line branch="true" condition-coverage="50% (1/2)" hits="1" missing-branches="83" number="76"/>
						<line hits="1" number="77"/>
						<line branch="true" condition-coverage="0% (0/2)" hits="0" missing-branches="84,91" number="83"/>
						<line hits="0" number="84"/>
						<line hits="0" number="91"/>
						<line hits="0" number="95"/>
						<line hits="1" number="97"/>
						<line branch="true" condition-coverage="50% (1/2)" hits="1" missing-branches="99" number="98"/>
						<line hits="0" number="99"/>
					</lines>
				</class>
				<class branch-rate="0.5833" complexity="0" filename="script.py" line-rate="0.9783" name="script.py">
					<methods/>
					<lines>
						<line hits="1" number="1"/>
						<line hits="1" number="2"/>
						<line hits="1" number="4"/>
						<line hits="1" number="5"/>
						<line hits="1" number="7"/>
						<line hits="1" number="8"/>
						<line hits="1" number="9"/>
						<line hits="1" number="10"/>
						<line hits="1" number="11"/>
						<line hits="1" number="16"/>
						<line hits="1" number="17"/>
						<line hits="1" number="18"/>
						<line hits="1" number="19"/>
						<line hits="1" number="20"/>
						<line hits="1" number="21"/>
						<line hits="1" number="24"/>
						<line hits="1" number="27"/>
						<line hits="1" number="33"/>
						<line hits="1" number="42"/>
						<line hits="1" number="46"/>
						<line hits="1" number="53"/>
						<line hits="1" number="57"/>
						<line hits="1" number="61"/>
						<line hits="1" number="62"/>
						<line hits="1" number="64"/>
						<line branch="true" condition-coverage="50% (1/2)" hits="1" missing-branches="73" number="68"/>
						<line hits="1" number="69"/>
						<line hits="1" number="70"/>
						<line hits="1" number="73"/>
						<line hits="1" number="75"/>
						<line hits="1" number="82"/>
						<line hits="1" number="86"/>
						<line hits="1" number="88"/>
						<line branch="true" condition-coverage="50% (1/2)" hits="1" missing-branches="93" number="89"/>
						<line hits="1" number="90"/>
						<line hits="1" number="93"/>
						<line hits="1" number="95"/>
						<line hits="1" number="102"/>
						<line hits="1" number="106"/>
						<line hits="1" number="107"/>
						<line hits="1" number="111"/>
						<line hits="1" number="115"/>
						<line branch="true" condition-coverage="100% (2/2)" hits="1" number="117"/>
						<line hits="1" number="118"/>
						<line hits="1" number="121"/>
						<line hits="1" number="124"/>
						<line hits="1" number="127"/>
						<line hits="1" number="131"/>
						<line hits="1" number="143"/>
						<line hits="1" number="147"/>
						<line hits="1" number="151"/>
						<line hits="1" number="155"/>
						<line hits="1" number="160"/>
						<line hits="1" number="172"/>
						<line hits="1" number="181"/>
						<line hits="1" number="182"/>
						<line branch="true" condition-coverage="50% (1/2)" hits="1" missing-branches="184" number="183"/>
						<line hits="0" number="184"/>
						<line branch="true" condition-coverage="50% (1/2)" hits="1" missing-branches="187" number="186"/>
						<line hits="0" number="187"/>
						<line hits="1" number="189"/>
						<line hits="1" number="191"/>
						<line hits="1" number="193"/>
						<line hits="1" number="199"/>
						<line hits="1" number="205"/>
						<line hits="1" number="212"/>
						<line hits="1" number="218"/>
						<line hits="1" number="219"/>
						<line hits="1" number="225"/>
						<line branch="true" condition-coverage="50% (1/2)" hits="1" missing-branches="231" number="227"/>
						<line hits="1" number="228"/>
						<line hits="1" number="229"/>
						<line hits="1" number="231"/>
						<line hits="1" number="232"/>
						<line hits="1" number="233"/>
						<line hits="1" number="240"/>
						<line hits="1" number="244"/>
						<line hits="1" number="248"/>
						<line hits="1" number="252"/>
						<line hits="1" number="256"/>
						<line hits="1" number="266"/>
						<line hits="1" number="267"/>
						<line hits="1" number="268"/>
						<line hits="1" number="275"/>
						<line hits="1" number="279"/>
						<line hits="1" number="283"/>
						<line hits="1" number="287"/>
						<line hits="1" number="291"/>
						<line hits="1" number="301"/>
						<line hits="1" number="302"/>
						<line hits="1" number="304"/>
						<line hits="1" number="306"/>
					</lines>
				</class>
			</classes>
		</package>
		<package branch-rate="0.625" complexity="0" line-rate="0.8703" name="page">
			<classes>
				<class branch-rate="1" complexity="0" filename="page/__init__.py" line-rate="1" name="__init__.py">
					<methods/>
					<lines/>
				</class>
				<class branch-rate="0.6724" complexity="0" filename="page/crop.py" line-rate="0.8974" name="crop.py">
					<methods/>
					<lines>
						<line hits="1" number="1"/>
						<line hits="1" number="2"/>
						<line hits="1" number="3"/>
						<line hits="1" number="5"/>
						<line hits="1" number="6"/>
						<line hits="1" number="8"/>
						<line hits="1" number="9"/>
						<line hits="1" number="10"/>
						<line hits="1" number="11"/>
						<line hits="1" number="12"/>
						<line hits="1" number="15"/>
						<line hits="1" number="16"/>
						<line hits="1" number="17"/>
						<line hits="1" number="18"/>
						<line hits="1" number="19"/>
						<line hits="1" number="21"/>
						<line hits="1" number="22"/>
						<line hits="1" number="24"/>
						<line hits="1" number="26"/>
						<line hits="1" number="28"/>
						<line hits="1" number="30"/>
						<line hits="1" number="32"/>
						<line hits="0" number="34"/>
						<line hits="1" number="36"/>
						<line hits="1" number="40"/>
						<line hits="1" number="42"/>
						<line hits="0" number="46"/>
						<line hits="1" number="49"/>
						<line hits="1" number="50"/>
						<line hits="1" number="51"/>
						<line hits="1" number="52"/>
						<line hits="1" number="53"/>
						<line hits="1" number="54"/>
						<line hits="1" number="57"/>
						<line hits="1" number="58"/>
						<line hits="1" number="59"/>
						<line hits="1" number="62"/>
						<line hits="1" number="71"/>
						<line hits="1" number="72"/>
						<line hits="1" number="74"/>
						<line hits="1" number="76"/>
						<line hits="1" number="78"/>
						<line hits="0" number="80"/>
						<line hits="1" number="82"/>
						<line hits="1" number="84"/>
						<line hits="1" number="86"/>
						<line hits="0" number="88"/>
						<line hits="1" number="90"/>
						<line hits="1" number="92"/>
						<line hits="1" number="94"/>
						<line hits="1" number="98"/>
						<line hits="1" number="100"/>
						<line hits="1" number="102"/>
						<line hits="1" number="104"/>
						<line hits="0" number="106"/>
						<line hits="1" number="108"/>
						<line hits="1" number="110"/>
						<line hits="1" number="112"/>
						<line hits="1" number="116"/>
						<line hits="1" number="118"/>
						<line hits="1" number="120"/>
						<line hits="1" number="123"/>
						<line hits="1" number="124"/>
						<line hits="1" number="125"/>
						<line hits="1" number="126"/>
						<line hits="1" number="127"/>
						<line hits="1" number="128"/>
						<line hits="1" number="129"/>
						<line hits="1" number="130"/>
						<line hits="1" number="131"/>
						<line hits="1" number="133"/>
						<line hits="1" number="134"/>
						<line hits="1" number="136"/>
						<line hits="1" number="140"/>
						<line hits="1" number="142"/>
						<line hits="1" number="146"/>
						<line hits="1" number="148"/>
						<line hits="1" number="150"/>
						<line hits="1" number="152"/>
						<line hits="0" number="156"/>
						<line hits="1" number="158"/>
						<line hits="1" number="160"/>
						<line hits="1" number="162"/>
						<line hits="0" number="164"/>
						<line hits="1" number="166"/>
						<line hits="1" number="168"/>
						<line hits="1" number="170"/>
						<line hits="0" number="174"/>
						<line hits="1" number="176"/>
						<line hits="1" number="178"/>
						<line hits="1" number="180"/>
						<line hits="0" number="184"/>
						<line hits="1" number="186"/>
						<line hits="1" number="188"/>
						<line hits="1" number="190"/>
						<line hits="0" number="192"/>
						<line hits="1" number="194"/>
						<line branch="true" condition-coverage="0% (0/2)" hits="0" missing-branches="200,203" number="199"/>
						<line hits="0" number="200"/>
						<line branch="true" condition-coverage="0% (0/2)" hits="0" missing-branches="204,205" number="203"/>
						<line hits="0" number="204"/>
						<line branch="true" condition-coverage="0% (0/2)" hits="0" missing-branches="206,207" number="205"/>
						<line hits="0" number="206"/>
						<line branch="true" condition-coverage="0% (0/2)" hits="0" missing-branches="208,209" number="207"/>
						<line hits="0" number="208"/>
						<line branch="true" condition-coverage="0% (0/2)" hits="0" missing-branches="210,211" number="209"/>
						<line hits="0" number="210"/>
						<line branch="true" condition-coverage="0% (0/2)" hits="0" missing-branches="212,213" number="211"/>
						<line hits="0" number="212"/>
						<line branch="true" condition-coverage="0% (0/2)" hits="0" missing-branches="214,215" number="213"/>
						<line hits="0" number="214"/>
						<line branch="true" condition-coverage="0% (0/2)" hits="0" missing-branches="216,218" number="215"/>
						<line hits="0" number="216"/>
						<line hits="0" number="218"/>
						<line hits="1" number="221"/>
						<line hits="1" number="227"/>
						<line hits="1" number="228"/>
						<line branch="true" condition-coverage="50% (1/2)" hits="1" missing-branches="235" number="233"/>
						<line hits="1" number="234"/>
						<line hits="1" number="235"/>
						<line branch="true" condition-coverage="50% (1/2)" hits="1" missing-branches="244" number="241"/>
						<line hits="1" number="242"/>
						<line hits="1" number="244"/>
						<line hits="1" number="247"/>
						<line branch="true" condition-coverage="50% (1/2)" hits="1" missing-branches="258" number="248"/>
						<line hits="1" number="249"/>
						<line hits="1" number="252"/>
						<line hits="1" number="255"/>
						<line hits="1" number="258"/>
						<line branch="true" condition-coverage="50% (1/2)" hits="1" missing-branches="265" number="260"/>
						<line hits="1" number="261"/>
						<line hits="1" number="262"/>
						<line branch="true" condition-coverage="100% (2/2)" hits="1" number="265"/>
						<line hits="1" number="268"/>
						<line hits="1" number="270"/>
						<line hits="1" number="273"/>
						<line hits="1" number="279"/>
						<line hits="1" number="281"/>
						<line branch="true" condition-coverage="100% (2/2)" hits="1" number="282"/>
						<line branch="true" condition-coverage="100% (2/2)" hits="1" number="283"/>
						<line hits="1" number="284"/>
						<line hits="1" number="285"/>
						<line hits="1" number="286"/>
						<line hits="1" number="288"/>
						<line hits="1" number="289"/>
						<line hits="1" number="290"/>
						<line branch="true" condition-coverage="100% (2/2)" hits="1" number="292"/>
						<line hits="1" number="293"/>
						<line hits="1" number="295"/>
						<line branch="true" condition-coverage="50% (1/2)" hits="1" missing-branches="303" number="297"/>
						<line hits="1" number="298"/>
						<line hits="1" number="303"/>
						<line branch="true" condition-coverage="50% (1/2)" hits="1" missing-branches="315" number="310"/>
						<line hits="1" number="311"/>
						<line hits="1" number="315"/>
						<line branch="true" condition-coverage="50% (1/2)" hits="1" missing-branches="326" number="321"/>
						<line hits="1" number="322"/>
						<line hits="1" number="326"/>
						<line hits="1" number="334"/>
						<line branch="true" condition-coverage="50% (1/2)" hits="1" missing-branches="282" number="335"/>
						<line hits="1" number="336"/>
						<line branch="true" condition-coverage="100% (2/2)" hits="1" number="337"/>
						<line branch="true" condition-coverage="100% (2/2)" hits="1" number="338"/>
						<line hits="1" number="339"/>
						<line hits="1" number="346"/>
						<line hits="1" number="350"/>
						<line hits="1" number="353"/>
						<line hits="1" number="360"/>
						<line hits="1" number="361"/>
						<line hits="1" number="362"/>
						<line branch="true" condition-coverage="100% (2/2)" hits="1" number="363"/>
						<line hits="1" number="364"/>
						<line hits="1" number="365"/>
						<line branch="true" condition-coverage="100% (2/2)" hits="1" number="368"/>
						<line hits="1" number="369"/>
						<line branch="true" condition-coverage="50% (1/2)" hits="1" missing-branches="373" number="372"/>
						<line hits="0" number="373"/>
						<line hits="1" number="374"/>
						<line hits="1" number="375"/>
						<line hits="1" number="384"/>
						<line branch="true" condition-coverage="100% (2/2)" hits="1" number="385"/>
						<line hits="1" number="386"/>
						<line branch="true" condition-coverage="100% (2/2)" hits="1" number="389"/>
						<line hits="1" number="390"/>
						<line branch="true" condition-coverage="50% (1/2)" hits="1" missing-branches="394" number="393"/>
						<line hits="0" number="394"/>
						<line hits="1" number="395"/>
						<line hits="1" number="396"/>
						<line hits="1" number="405"/>
						<line branch="true" condition-coverage="100% (2/2)" hits="1" number="406"/>
						<line hits="1" number="407"/>
						<line hits="1" number="410"/>
						<line hits="1" number="413"/>
						<line hits="1" number="420"/>
						<line hits="1" number="421"/>
						<line hits="1" number="422"/>
						<line hits="1" number="425"/>
						<line branch="true" condition-coverage="100% (2/2)" hits="1" number="429"/>
						<line hits="1" number="430"/>
						<line hits="1" number="431"/>
						<line branch="true" condition-coverage="50% (1/2)" hits="1" missing-branches="433" number="432"/>
						<line hits="0" number="433"/>
						<line hits="1" number="434"/>
						<line hits="1" number="435"/>
						<line branch="true" condition-coverage="100% (2/2)" hits="1" number="436"/>
						<line hits="1" number="437"/>
						<line hits="1" number="438"/>
						<line branch="true" condition-coverage="50% (1/2)" hits="1" missing-branches="440" number="439"/>
						<line hits="0" number="440"/>
						<line hits="1" number="441"/>
						<line hits="1" number="442"/>
						<line hits="1" number="444"/>
						<line hits="1" number="445"/>
						<line branch="true" condition-coverage="100% (2/2)" hits="1" number="446"/>
						<line hits="1" number="447"/>
						<line branch="true" condition-coverage="100% (2/2)" hits="1" number="448"/>
						<line hits="1" number="449"/>
						<line hits="1" number="451"/>
						<line hits="1" number="454"/>
						<line hits="1" number="458"/>
						<line hits="1" number="461"/>
						<line branch="true" condition-coverage="100% (2/2)" hits="1" number="465"/>
						<line branch="true" condition-coverage="100% (2/2)" hits="1" number="469"/>
						<line branch="true" condition-coverage="100% (2/2)" hits="1" number="470"/>
						<line hits="1" number="471"/>
						<line hits="1" number="473"/>
						<line hits="1" number="476"/>
						<line hits="1" number="482"/>
						<line hits="1" number="485"/>
						<line hits="1" number="488"/>
						<line hits="1" number="491"/>
						<line hits="1" number="495"/>
						<line hits="1" number="496"/>
						<line hits="1" number="497"/>
						<line branch="true" condition-coverage="100% (2/2)" hits="1" number="504"/>
						<line hits="1" number="507"/>
						<line hits="1" number="508"/>
						<line hits="1" number="509"/>
						<line hits="1" number="510"/>
						<line hits="1" number="512"/>
						<line branch="true" condition-coverage="100% (2/2)" hits="1" number="514"/>
						<line hits="1" number="515"/>
						<line hits="1" number="516"/>
						<line hits="1" number="519"/>
						<line hits="1" number="524"/>
						<line hits="1" number="526"/>
						<line hits="1" number="527"/>
						<line hits="1" number="528"/>
						<line hits="1" number="529"/>
						<line branch="true" condition-coverage="50% (1/2)" hits="1" missing-branches="548" number="532"/>
						<line hits="1" number="533"/>
						<line hits="1" number="534"/>
						<line hits="1" number="535"/>
						<line hits="1" number="536"/>
						<line hits="1" number="538"/>
						<line branch="true" condition-coverage="100% (2/2)" hits="1" number="544"/>
						<line hits="1" number="545"/>
						<line hits="1" number="546"/>
						<line hits="1" number="547"/>
						<line branch="true" condition-coverage="100% (2/2)" hits="1" number="548"/>
						<line hits="1" number="549"/>
						<line hits="1" number="550"/>
						<line hits="1" number="551"/>
						<line hits="1" number="552"/>
						<line hits="1" number="554"/>
						<line branch="true" condition-coverage="50% (1/2)" hits="1" missing-branches="561" number="560"/>
						<line hits="0" number="561"/>
						<line hits="1" number="562"/>
						<line hits="1" number="563"/>
						<line branch="true" condition-coverage="50% (1/2)" hits="1" missing-branches="581" number="564"/>
						<line hits="1" number="565"/>
						<line hits="1" number="566"/>
						<line hits="1" number="567"/>
						<line hits="1" number="568"/>
						<line hits="1" number="570"/>
						<line branch="true" condition-coverage="100% (2/2)" hits="1" number="576"/>
						<line hits="1" number="577"/>
						<line hits="1" number="578"/>
						<line hits="1" number="579"/>
						<line branch="true" condition-coverage="100% (2/2)" hits="1" number="581"/>
						<line hits="1" number="582"/>
						<line hits="1" number="583"/>
						<line hits="1" number="584"/>
						<line hits="1" number="585"/>
						<line hits="1" number="587"/>
						<line branch="true" condition-coverage="50% (1/2)" hits="1" missing-branches="594" number="593"/>
						<line hits="0" number="594"/>
						<line hits="1" number="595"/>
						<line hits="1" number="596"/>
						<line branch="true" condition-coverage="50% (1/2)" hits="1" missing-branches="599" number="598"/>
						<line hits="0" number="599"/>
						<line hits="1" number="601"/>
						<line hits="1" number="604"/>
						<line hits="1" number="610"/>
						<line hits="1" number="614"/>
						<line hits="1" number="620"/>
						<line hits="1" number="625"/>
						<line hits="1" number="632"/>
						<line hits="1" number="633"/>
						<line hits="1" number="635"/>
						<line hits="1" number="640"/>
						<line branch="true" condition-coverage="50% (1/2)" hits="1" missing-branches="649" number="646"/>
						<line hits="1" number="647"/>
						<line hits="1" number="649"/>
						<line branch="true" condition-coverage="100% (2/2)" hits="1" number="653"/>
						<line hits="1" number="654"/>
						<line branch="true" condition-coverage="50% (1/2)" hits="1" missing-branches="659" number="658"/>
						<line hits="0" number="659"/>
						<line hits="1" number="660"/>
						<line hits="1" number="661"/>
						<line hits="1" number="662"/>
						<line hits="1" number="663"/>
						<line hits="1" number="665"/>
						<line hits="1" number="668"/>
						<line hits="1" number="675"/>
						<line hits="1" number="676"/>
						<line hits="1" number="677"/>
						<line hits="1" number="679"/>
						<line hits="1" number="681"/>
						<line branch="true" condition-coverage="50% (1/2)" hits="1" missing-branches="688" number="685"/>
						<line hits="1" number="686"/>
						<line hits="1" number="688"/>
						<line branch="true" condition-coverage="50% (1/2)" hits="1" missing-branches="696" number="694"/>
						<line hits="1" number="695"/>
						<line hits="1" number="696"/>
						<line hits="1" number="699"/>
						<line hits="1" number="700"/>
						<line branch="true" condition-coverage="100% (2/2)" hits="1" number="701"/>
						<line branch="true" condition-coverage="100% (2/2)" hits="1" number="707"/>
						<line hits="1" number="708"/>
						<line hits="1" number="709"/>
						<line hits="1" number="710"/>
						<line hits="1" number="711"/>
						<line hits="1" number="712"/>
						<line hits="1" number="713"/>
						<line hits="1" number="714"/>
						<line branch="true" condition-coverage="50% (1/2)" hits="1" missing-branches="719" number="716"/>
						<line hits="1" number="717"/>
						<line branch="true" condition-coverage="100% (2/2)" hits="1" number="719"/>
						<line hits="1" number="720"/>
						<line hits="1" number="722"/>
					</lines>
				</class>
				<class branch-rate="0.75" complexity="0" filename="page/find_images.py" line-rate="0.9247" name="find_images.py">
					<methods/>
					<lines>
						<line hits="1" number="1"/>
						<line hits="1" number="2"/>
						<line hits="1" number="3"/>
						<line hits="1" number="5"/>
						<line hits="1" number="7"/>
						<line hits="1" number="8"/>
						<line hits="1" number="11"/>
						<line hits="1" number="12"/>
						<line hits="1" number="13"/>
						<line hits="1" number="14"/>
						<line hits="1" number="15"/>
						<line hits="1" number="16"/>
						<line hits="1" number="17"/>
						<line hits="1" number="18"/>
						<line hits="1" number="20"/>
						<line hits="1" number="29"/>
						<line hits="1" number="38"/>
						<line hits="1" number="40"/>
						<line hits="1" number="42"/>
						<line hits="0" number="44"/>
						<line hits="1" number="46"/>
						<line hits="1" number="48"/>
						<line hits="1" number="50"/>
						<line hits="0" number="54"/>
						<line hits="1" number="56"/>
						<line hits="1" number="58"/>
						<line hits="1" number="60"/>
						<line hits="0" number="64"/>
						<line hits="1" number="66"/>
						<line hits="1" number="68"/>
						<line hits="1" number="70"/>
						<line hits="0" number="74"/>
						<line hits="1" number="76"/>
						<line hits="1" number="78"/>
						<line hits="1" number="80"/>
						<line hits="0" number="82"/>
						<line hits="1" number="84"/>
						<line hits="1" number="86"/>
						<line hits="1" number="88"/>
						<line hits="0" number="90"/>
						<line hits="1" number="93"/>
						<line hits="1" number="96"/>
						<line hits="1" number="98"/>
						<line hits="1" number="99"/>
						<line hits="1" number="100"/>
						<line hits="1" number="109"/>
						<line hits="1" number="110"/>
						<line hits="1" number="114"/>
						<line hits="1" number="115"/>
						<line hits="1" number="116"/>
						<line hits="1" number="117"/>
						<line hits="1" number="118"/>
						<line hits="1" number="120"/>
						<line hits="1" number="127"/>
						<line hits="1" number="128"/>
						<line hits="1" number="135"/>
						<line hits="1" number="137"/>
						<line hits="1" number="140"/>
						<line branch="true" condition-coverage="50% (1/2)" hits="1" missing-branches="147" number="141"/>
						<line hits="1" number="142"/>
						<line hits="1" number="145"/>
						<line hits="1" number="146"/>
						<line hits="1" number="147"/>
						<line branch="true" condition-coverage="100% (2/2)" hits="1" number="148"/>
						<line branch="true" condition-coverage="100% (2/2)" hits="1" number="152"/>
						<line hits="1" number="156"/>
						<line branch="true" condition-coverage="100% (2/2)" hits="1" number="158"/>
						<line branch="true" condition-coverage="50% (1/2)" hits="1" missing-branches="166" number="159"/>
						<line hits="1" number="160"/>
						<line hits="1" number="163"/>
						<line hits="1" number="166"/>
						<line hits="1" number="167"/>
						<line hits="1" number="170"/>
						<line hits="1" number="171"/>
						<line hits="1" number="179"/>
						<line branch="true" condition-coverage="50% (1/2)" hits="1" missing-branches="185" number="181"/>
						<line hits="1" number="182"/>
						<line hits="1" number="183"/>
						<line hits="1" number="184"/>
						<line hits="1" number="185"/>
						<line hits="1" number="188"/>
						<line hits="1" number="194"/>
						<line hits="1" number="196"/>
						<line branch="true" condition-coverage="50% (1/2)" hits="1" missing-branches="218" number="197"/>
						<line branch="true" condition-coverage="100% (2/2)" hits="1" number="199"/>
						<line branch="true" condition-coverage="50% (1/2)" hits="1" missing-branches="209" number="208"/>
						<line hits="0" number="209"/>
						<line hits="1" number="210"/>
						<line hits="1" number="211"/>
						<line hits="1" number="212"/>
						<line branch="true" condition-coverage="100% (2/2)" hits="1" number="216"/>
						<line hits="1" number="217"/>
						<line hits="1" number="218"/>
					</lines>
				</class>
				<class branch-rate="0.5686" complexity="0" filename="page/split.py" line-rate="0.8368" name="split.py">
					<methods/>
					<lines>
						<line hits="1" number="1"/>
						<line hits="1" number="2"/>
						<line hits="1" number="3"/>
						<line hits="1" number="4"/>
						<line hits="1" number="6"/>
						<line hits="1" number="7"/>
						<line hits="1" number="9"/>
						<line hits="1" number="10"/>
						<line hits="1" number="11"/>
						<line hits="1" number="12"/>
						<line hits="1" number="13"/>
						<line hits="1" number="16"/>
						<line hits="1" number="17"/>
						<line hits="1" number="18"/>
						<line hits="1" number="19"/>
						<line hits="1" number="20"/>
						<line hits="1" number="21"/>
						<line hits="1" number="22"/>
						<line hits="1" number="23"/>
						<line hits="1" number="24"/>
						<line hits="1" number="26"/>
						<line hits="1" number="36"/>
						<line hits="1" number="46"/>
						<line hits="1" number="48"/>
						<line hits="1" number="50"/>
						<line hits="0" number="54"/>
						<line hits="1" number="56"/>
						<line hits="1" number="60"/>
						<line hits="1" number="62"/>
						<line hits="0" number="66"/>
						<line hits="1" number="68"/>
						<line hits="1" number="70"/>
						<line hits="1" number="72"/>
						<line hits="1" number="74"/>
						<line hits="1" number="76"/>
						<line hits="1" number="80"/>
						<line hits="1" number="82"/>
						<line hits="1" number="84"/>
						<line hits="1" number="86"/>
						<line hits="0" number="88"/>
						<line hits="1" number="90"/>
						<line hits="1" number="92"/>
						<line hits="1" number="94"/>
						<line hits="0" number="98"/>
						<line hits="1" number="101"/>
						<line hits="1" number="102"/>
						<line hits="1" number="103"/>
						<line hits="1" number="104"/>
						<line hits="1" number="105"/>
						<line hits="1" number="106"/>
						<line hits="1" number="107"/>
						<line hits="1" number="108"/>
						<line hits="1" number="110"/>
						<line hits="1" number="119"/>
						<line hits="1" number="128"/>
						<line hits="1" number="132"/>
						<line hits="1" number="134"/>
						<line hits="0" number="138"/>
						<line hits="1" number="140"/>
						<line hits="1" number="144"/>
						<line hits="1" number="146"/>
						<line hits="0" number="150"/>
						<line hits="1" number="152"/>
						<line hits="1" number="154"/>
						<line hits="1" number="156"/>
						<line hits="0" number="160"/>
						<line hits="1" number="162"/>
						<line hits="1" number="164"/>
						<line hits="1" number="166"/>
						<line hits="0" number="170"/>
						<line hits="1" number="172"/>
						<line hits="1" number="174"/>
						<line hits="1" number="176"/>
						<line hits="0" number="180"/>
						<line hits="1" number="182"/>
						<line hits="1" number="184"/>
						<line hits="1" number="186"/>
						<line hits="0" number="190"/>
						<line hits="1" number="192"/>
						<line branch="true" condition-coverage="0% (0/2)" hits="0" missing-branches="198,199" number="197"/>
						<line hits="0" number="198"/>
						<line branch="true" condition-coverage="0% (0/2)" hits="0" missing-branches="200,201" number="199"/>
						<line hits="0" number="200"/>
						<line branch="true" condition-coverage="0% (0/2)" hits="0" missing-branches="202,203" number="201"/>
						<line hits="0" number="202"/>
						<line branch="true" condition-coverage="0% (0/2)" hits="0" missing-branches="204,205" number="203"/>
						<line hits="0" number="204"/>
						<line branch="true" condition-coverage="0% (0/2)" hits="0" missing-branches="206,207" number="205"/>
						<line hits="0" number="206"/>
						<line branch="true" condition-coverage="0% (0/2)" hits="0" missing-branches="208,210" number="207"/>
						<line hits="0" number="208"/>
						<line hits="0" number="210"/>
						<line hits="1" number="213"/>
						<line hits="1" number="214"/>
						<line hits="1" number="215"/>
						<line hits="1" number="216"/>
						<line hits="1" number="217"/>
						<line hits="1" number="218"/>
						<line hits="1" number="219"/>
						<line hits="1" number="221"/>
						<line hits="1" number="229"/>
						<line hits="1" number="237"/>
						<line hits="1" number="239"/>
						<line hits="1" number="241"/>
						<line hits="0" number="243"/>
						<line hits="1" number="245"/>
						<line hits="1" number="247"/>
						<line hits="1" number="249"/>
						<line hits="0" number="251"/>
						<line hits="1" number="253"/>
						<line hits="1" number="255"/>
						<line hits="1" number="257"/>
						<line hits="1" number="259"/>
						<line hits="1" number="261"/>
						<line hits="1" number="265"/>
						<line hits="1" number="268"/>
						<line hits="1" number="269"/>
						<line hits="1" number="270"/>
						<line hits="1" number="271"/>
						<line hits="1" number="272"/>
						<line hits="1" number="273"/>
						<line hits="1" number="274"/>
						<line hits="1" number="275"/>
						<line hits="1" number="277"/>
						<line hits="1" number="286"/>
						<line hits="1" number="295"/>
						<line hits="1" number="299"/>
						<line hits="1" number="301"/>
						<line hits="0" number="305"/>
						<line hits="1" number="307"/>
						<line hits="1" number="311"/>
						<line hits="1" number="313"/>
						<line hits="1" number="317"/>
						<line hits="1" number="319"/>
						<line hits="1" number="323"/>
						<line hits="1" number="325"/>
						<line hits="1" number="327"/>
						<line hits="1" number="329"/>
						<line hits="0" number="333"/>
						<line hits="1" number="335"/>
						<line hits="1" number="339"/>
						<line hits="1" number="341"/>
						<line hits="0" number="345"/>
						<line hits="1" number="348"/>
						<line hits="1" number="349"/>
						<line hits="1" number="350"/>
						<line hits="1" number="351"/>
						<line hits="1" number="352"/>
						<line hits="1" number="353"/>
						<line hits="1" number="354"/>
						<line hits="1" number="355"/>
						<line hits="1" number="358"/>
						<line hits="1" number="359"/>
						<line hits="1" number="360"/>
						<line hits="1" number="363"/>
						<line hits="1" number="374"/>
						<line hits="1" number="375"/>
						<line hits="1" number="377"/>
						<line hits="1" number="379"/>
						<line hits="1" number="381"/>
						<line hits="1" number="383"/>
						<line hits="1" number="385"/>
						<line hits="0" number="387"/>
						<line hits="1" number="389"/>
						<line hits="1" number="391"/>
						<line hits="1" number="393"/>
						<line hits="0" number="395"/>
						<line hits="1" number="397"/>
						<line hits="1" number="399"/>
						<line hits="1" number="401"/>
						<line hits="0" number="405"/>
						<line hits="1" number="407"/>
						<line hits="1" number="409"/>
						<line hits="1" number="411"/>
						<line hits="1" number="413"/>
						<line hits="1" number="415"/>
						<line hits="1" number="417"/>
						<line hits="1" number="419"/>
						<line hits="0" number="421"/>
						<line hits="1" number="423"/>
						<line hits="1" number="425"/>
						<line hits="1" number="427"/>
						<line hits="0" number="429"/>
						<line hits="1" number="431"/>
						<line hits="1" number="433"/>
						<line hits="1" number="435"/>
						<line hits="1" number="439"/>
						<line hits="1" number="441"/>
						<line branch="true" condition-coverage="0% (0/2)" hits="0" missing-branches="447,448" number="446"/>
						<line hits="0" number="447"/>
						<line branch="true" condition-coverage="0% (0/2)" hits="0" missing-branches="449,450" number="448"/>
						<line hits="0" number="449"/>
						<line branch="true" condition-coverage="0% (0/2)" hits="0" missing-branches="451,452" number="450"/>
						<line hits="0" number="451"/>
						<line branch="true" condition-coverage="0% (0/2)" hits="0" missing-branches="453,454" number="452"/>
						<line hits="0" number="453"/>
						<line branch="true" condition-coverage="0% (0/2)" hits="0" missing-branches="455,458" number="454"/>
						<line hits="0" number="455"/>
						<line branch="true" condition-coverage="0% (0/2)" hits="0" missing-branches="459,460" number="458"/>
						<line hits="0" number="459"/>
						<line branch="true" condition-coverage="0% (0/2)" hits="0" missing-branches="461,462" number="460"/>
						<line hits="0" number="461"/>
						<line branch="true" condition-coverage="0% (0/2)" hits="0" missing-branches="463,465" number="462"/>
						<line hits="0" number="463"/>
						<line hits="0" number="465"/>
						<line hits="1" number="468"/>
						<line hits="1" number="474"/>
						<line branch="true" condition-coverage="50% (1/2)" hits="1" missing-branches="478" number="475"/>
						<line hits="1" number="476"/>
						<line hits="1" number="478"/>
						<line branch="true" condition-coverage="50% (1/2)" hits="1" missing-branches="486" number="484"/>
						<line hits="1" number="485"/>
						<line hits="1" number="486"/>
						<line branch="true" condition-coverage="50% (1/2)" hits="1" missing-branches="493" number="491"/>
						<line hits="1" number="492"/>
						<line hits="1" number="493"/>
						<line branch="true" condition-coverage="50% (1/2)" hits="1" missing-branches="501" number="499"/>
						<line hits="1" number="500"/>
						<line hits="1" number="501"/>
						<line branch="true" condition-coverage="50% (1/2)" hits="1" missing-branches="516" number="509"/>
						<line hits="1" number="510"/>
						<line branch="true" condition-coverage="100% (2/2)" hits="1" number="516"/>
						<line branch="true" condition-coverage="100% (2/2)" hits="1" number="524"/>
						<line hits="1" number="536"/>
						<line branch="true" condition-coverage="100% (2/2)" hits="1" number="540"/>
						<line branch="true" condition-coverage="100% (2/2)" hits="1" number="542"/>
						<line hits="1" number="543"/>
						<line hits="1" number="544"/>
						<line hits="1" number="545"/>
						<line hits="1" number="546"/>
						<line branch="true" condition-coverage="100% (2/2)" hits="1" number="547"/>
						<line branch="true" condition-coverage="100% (2/2)" hits="1" number="556"/>
						<line hits="1" number="563"/>
						<line hits="1" number="566"/>
						<line hits="1" number="571"/>
						<line hits="1" number="572"/>
						<line hits="1" number="573"/>
						<line hits="1" number="575"/>
						<line hits="1" number="578"/>
						<line branch="true" condition-coverage="50% (1/2)" hits="1" missing-branches="586" number="583"/>
						<line hits="1" number="584"/>
						<line hits="1" number="586"/>
						<line branch="true" condition-coverage="100% (2/2)" hits="1" number="588"/>
						<line hits="1" number="589"/>
						<line branch="true" condition-coverage="50% (1/2)" hits="1" missing-branches="606" number="605"/>
						<line hits="0" number="606"/>
						<line hits="1" number="611"/>
						<line hits="1" number="617"/>
						<line hits="1" number="618"/>
						<line hits="1" number="619"/>
						<line branch="true" condition-coverage="50% (1/2)" hits="1" missing-branches="649" number="624"/>
						<line branch="true" condition-coverage="100% (2/2)" hits="1" number="625"/>
						<line hits="1" number="637"/>
						<line hits="1" number="640"/>
						<line hits="1" number="647"/>
						<line hits="1" number="649"/>
						<line hits="1" number="652"/>
						<line hits="1" number="659"/>
						<line branch="true" condition-coverage="100% (2/2)" hits="1" number="660"/>
						<line hits="1" number="661"/>
						<line branch="true" condition-coverage="100% (2/2)" hits="1" number="662"/>
						<line branch="true" condition-coverage="100% (2/2)" hits="1" number="663"/>
						<line hits="1" number="664"/>
						<line branch="true" condition-coverage="100% (2/2)" hits="1" number="665"/>
						<line hits="1" number="666"/>
						<line hits="1" number="669"/>
						<line hits="1" number="676"/>
						<line branch="true" condition-coverage="50% (1/2)" hits="1" missing-branches="694" number="683"/>
						<line hits="1" number="684"/>
						<line branch="true" condition-coverage="100% (2/2)" hits="1" number="685"/>
						<line hits="1" number="686"/>
						<line hits="1" number="687"/>
						<line hits="1" number="690"/>
						<line branch="true" condition-coverage="50% (1/2)" hits="1" missing-branches="700" number="694"/>
						<line hits="1" number="695"/>
						<line hits="1" number="698"/>
						<line hits="0" number="700"/>
						<line hits="0" number="703"/>
						<line hits="1" number="704"/>
						<line hits="1" number="705"/>
						<line branch="true" condition-coverage="100% (2/2)" hits="1" number="706"/>
						<line hits="1" number="707"/>
						<line branch="true" condition-coverage="50% (1/2)" hits="1" missing-branches="706" number="708"/>
						<line hits="1" number="709"/>
						<line branch="true" condition-coverage="50% (1/2)" hits="1" missing-branches="723" number="710"/>
						<line hits="1" number="711"/>
						<line branch="true" condition-coverage="100% (2/2)" hits="1" number="718"/>
						<line hits="1" number="719"/>
						<line hits="1" number="720"/>
						<line hits="1" number="723"/>
						<line hits="1" number="724"/>
						<line hits="1" number="725"/>
						<line branch="true" condition-coverage="100% (2/2)" hits="1" number="731"/>
						<line hits="1" number="735"/>
						<line hits="1" number="736"/>
						<line hits="1" number="737"/>
						<line hits="1" number="738"/>
						<line hits="1" number="740"/>
						<line hits="1" number="743"/>
						<line hits="1" number="748"/>
						<line hits="1" number="749"/>
						<line hits="1" number="750"/>
						<line hits="1" number="751"/>
						<line hits="1" number="757"/>
						<line hits="1" number="758"/>
						<line hits="1" number="763"/>
						<line hits="1" number="764"/>
						<line hits="1" number="765"/>
						<line hits="1" number="774"/>
						<line hits="1" number="777"/>
						<line branch="true" condition-coverage="100% (2/2)" hits="1" number="789"/>
						<line branch="true" condition-coverage="50% (1/2)" hits="1" missing-branches="804" number="794"/>
						<line hits="1" number="795"/>
						<line hits="1" number="796"/>
						<line hits="1" number="799"/>
						<line hits="1" number="802"/>
						<line hits="1" number="804"/>
						<line hits="1" number="806"/>
						<line hits="1" number="813"/>
						<line branch="true" condition-coverage="50% (1/2)" hits="1" missing-branches="822" number="821"/>
						<line hits="0" number="822"/>
						<line branch="true" condition-coverage="100% (2/2)" hits="1" number="829"/>
						<line branch="true" condition-coverage="100% (2/2)" hits="1" number="830"/>
						<line branch="true" condition-coverage="100% (2/2)" hits="1" number="833"/>
						<line branch="true" condition-coverage="100% (2/2)" hits="1" number="837"/>
						<line branch="true" condition-coverage="50% (1/2)" hits="1" missing-branches="851" number="841"/>
						<line hits="1" number="842"/>
						<line hits="1" number="843"/>
						<line hits="1" number="850"/>
						<line hits="1" number="851"/>
						<line branch="true" condition-coverage="50% (1/2)" hits="1" missing-branches="853" number="852"/>
						<line hits="0" number="853"/>
						<line hits="1" number="854"/>
						<line hits="1" number="857"/>
						<line hits="1" number="860"/>
						<line hits="1" number="861"/>
						<line hits="1" number="862"/>
					</lines>
				</class>
				<class branch-rate="0.5588" complexity="0" filename="page/unskew.py" line-rate="0.8353" name="unskew.py">
					<methods/>
					<lines>
						<line hits="1" number="1"/>
						<line hits="1" number="2"/>
						<line hits="1" number="3"/>
						<line hits="1" number="4"/>
						<line hits="1" number="5"/>
						<line hits="1" number="7"/>
						<line hits="1" number="8"/>
						<line hits="1" number="9"/>
						<line hits="1" number="12"/>
						<line hits="1" number="13"/>
						<line hits="1" number="14"/>
						<line hits="1" number="15"/>
						<line hits="1" number="16"/>
						<line hits="1" number="19"/>
						<line hits="1" number="20"/>
						<line hits="1" number="22"/>
						<line hits="1" number="23"/>
						<line hits="1" number="25"/>
						<line hits="1" number="27"/>
						<line hits="1" number="29"/>
						<line hits="1" number="31"/>
						<line hits="1" number="33"/>
						<line hits="1" number="35"/>
						<line hits="1" number="37"/>
						<line hits="1" number="39"/>
						<line hits="1" number="41"/>
						<line hits="0" number="43"/>
						<line hits="1" number="45"/>
						<line hits="1" number="47"/>
						<line hits="1" number="49"/>
						<line hits="0" number="51"/>
						<line hits="1" number="53"/>
						<line branch="true" condition-coverage="0% (0/2)" hits="0" missing-branches="59,60" number="58"/>
						<line hits="0" number="59"/>
						<line branch="true" condition-coverage="0% (0/2)" hits="0" missing-branches="61,62" number="60"/>
						<line hits="0" number="61"/>
						<line branch="true" condition-coverage="0% (0/2)" hits="0" missing-branches="63,66" number="62"/>
						<line hits="0" number="63"/>
						<line branch="true" condition-coverage="0% (0/2)" hits="0" missing-branches="67,68" number="66"/>
						<line hits="0" number="67"/>
						<line branch="true" condition-coverage="0% (0/2)" hits="0" missing-branches="69,71" number="68"/>
						<line hits="0" number="69"/>
						<line hits="0" number="71"/>
						<line hits="1" number="74"/>
						<line hits="1" number="77"/>
						<line hits="1" number="81"/>
						<line hits="1" number="82"/>
						<line hits="1" number="86"/>
						<line hits="1" number="88"/>
						<line hits="1" number="91"/>
						<line hits="1" number="95"/>
						<line hits="1" number="98"/>
						<line branch="true" condition-coverage="100% (2/2)" hits="1" number="99"/>
						<line hits="1" number="100"/>
						<line branch="true" condition-coverage="100% (2/2)" hits="1" number="101"/>
						<line hits="1" number="102"/>
						<line hits="1" number="103"/>
						<line branch="true" condition-coverage="100% (2/2)" hits="1" number="105"/>
						<line hits="1" number="113"/>
						<line hits="1" number="114"/>
						<line branch="true" condition-coverage="100% (2/2)" hits="1" number="115"/>
						<line branch="true" condition-coverage="50% (1/2)" hits="1" missing-branches="123" number="122"/>
						<line hits="0" number="123"/>
						<line hits="1" number="127"/>
						<line hits="1" number="130"/>
						<line branch="true" condition-coverage="50% (1/2)" hits="1" missing-branches="138" number="136"/>
						<line hits="1" number="137"/>
						<line hits="1" number="138"/>
						<line hits="1" number="141"/>
						<line branch="true" condition-coverage="50% (1/2)" hits="1" missing-branches="150" number="146"/>
						<line hits="1" number="147"/>
						<line hits="1" number="150"/>
						<line branch="true" condition-coverage="50% (1/2)" hits="1" missing-branches="161" number="156"/>
						<line hits="1" number="157"/>
						<line hits="1" number="161"/>
						<line branch="true" condition-coverage="100% (2/2)" hits="1" number="172"/>
						<line hits="1" number="173"/>
						<line branch="true" condition-coverage="50% (1/2)" hits="1" missing-branches="199" number="177"/>
						<line hits="1" number="178"/>
						<line branch="true" condition-coverage="100% (2/2)" hits="1" number="179"/>
						<line hits="1" number="180"/>
						<line branch="true" condition-coverage="100% (2/2)" hits="1" number="187"/>
						<line hits="1" number="188"/>
						<line hits="1" number="195"/>
						<line hits="1" number="199"/>
					</lines>
				</class>
			</classes>
		</package>
		<package branch-rate="1" complexity="0" line-rate="1" name="tests">
			<classes>
				<class branch-rate="1" complexity="0" filename="tests/__init__.py" line-rate="1" name="__init__.py">
					<methods/>
					<lines/>
				</class>
				<class branch-rate="1" complexity="0" filename="tests/test_images.py" line-rate="1" name="test_images.py">
					<methods/>
					<lines>
						<line hits="1" number="1"/>
						<line hits="1" number="2"/>
						<line hits="1" number="3"/>
						<line hits="1" number="5"/>
						<line hits="1" number="7"/>
						<line hits="1" number="10"/>
						<line hits="1" number="17"/>
						<line hits="1" number="18"/>
						<line hits="1" number="19"/>
						<line hits="1" number="22"/>
						<line hits="1" number="24"/>
						<line hits="1" number="53"/>
						<line hits="1" number="57"/>
						<line hits="1" number="86"/>
						<line hits="1" number="88"/>
						<line hits="1" number="117"/>
						<line hits="1" number="121"/>
					</lines>
				</class>
			</classes>
		</package>
	</packages>
</coverage>
