<?xml version="1.0" ?>
<coverage version="5.3" timestamp="1605965262037" lines-valid="1896" lines-covered="689" line-rate="0.3634" branches-valid="498" branches-covered="12" branch-rate="0.0241" complexity="0">
	<!-- Generated by coverage.py: https://coverage.readthedocs.io -->
	<!-- Based on https://raw.githubusercontent.com/cobertura/web/master/htdocs/xml/coverage-04.dtd -->
	<sources>
		<source>/home/runner/work/ocr-book/ocr-book</source>
	</sources>
	<packages>
		<package name="." line-rate="0.3342" branch-rate="0.02756" complexity="0">
			<classes>
				<class name="compute.py" filename="compute.py" complexity="0" line-rate="0.2432" branch-rate="0.03125">
					<methods/>
					<lines>
						<line number="1" hits="1"/>
						<line number="2" hits="1"/>
						<line number="3" hits="1"/>
						<line number="13" hits="1"/>
						<line number="14" hits="1"/>
						<line number="16" hits="1"/>
						<line number="17" hits="1"/>
						<line number="19" hits="1"/>
						<line number="21" hits="1" branch="true" condition-coverage="50% (1/2)" missing-branches="25"/>
						<line number="25" hits="0"/>
						<line number="28" hits="1"/>
						<line number="31" hits="0"/>
						<line number="34" hits="0"/>
						<line number="37" hits="1"/>
						<line number="38" hits="0"/>
						<line number="39" hits="0" branch="true" condition-coverage="0% (0/2)" missing-branches="40,41"/>
						<line number="40" hits="0"/>
						<line number="41" hits="0"/>
						<line number="44" hits="1"/>
						<line number="47" hits="0"/>
						<line number="48" hits="0" branch="true" condition-coverage="0% (0/2)" missing-branches="49,51"/>
						<line number="49" hits="0"/>
						<line number="51" hits="0"/>
						<line number="55" hits="0"/>
						<line number="58" hits="1"/>
						<line number="61" hits="0"/>
						<line number="62" hits="0" branch="true" condition-coverage="0% (0/2)" missing-branches="63,64"/>
						<line number="63" hits="0"/>
						<line number="64" hits="0"/>
						<line number="67" hits="1"/>
						<line number="70" hits="0"/>
						<line number="76" hits="1"/>
						<line number="79" hits="0"/>
						<line number="80" hits="0" branch="true" condition-coverage="0% (0/2)" missing-branches="81,83"/>
						<line number="81" hits="0"/>
						<line number="83" hits="0"/>
						<line number="87" hits="0"/>
						<line number="90" hits="1"/>
						<line number="93" hits="0"/>
						<line number="94" hits="0" branch="true" condition-coverage="0% (0/2)" missing-branches="95,96"/>
						<line number="95" hits="0"/>
						<line number="96" hits="0"/>
						<line number="99" hits="1"/>
						<line number="102" hits="0"/>
						<line number="105" hits="1"/>
						<line number="112" hits="0"/>
						<line number="114" hits="0" branch="true" condition-coverage="0% (0/2)" missing-branches="115,116"/>
						<line number="115" hits="0"/>
						<line number="116" hits="0"/>
						<line number="122" hits="0"/>
						<line number="123" hits="0"/>
						<line number="126" hits="1"/>
						<line number="127" hits="0" branch="true" condition-coverage="0% (0/2)" missing-branches="128,129"/>
						<line number="128" hits="0"/>
						<line number="129" hits="0"/>
						<line number="132" hits="1"/>
						<line number="133" hits="0"/>
						<line number="134" hits="0"/>
						<line number="136" hits="0"/>
						<line number="139" hits="1"/>
						<line number="140" hits="0"/>
						<line number="141" hits="0"/>
						<line number="142" hits="0"/>
						<line number="144" hits="0"/>
						<line number="147" hits="1"/>
						<line number="148" hits="0" branch="true" condition-coverage="0% (0/2)" missing-branches="149,151"/>
						<line number="149" hits="0"/>
						<line number="151" hits="0" branch="true" condition-coverage="0% (0/2)" missing-branches="exit,156"/>
						<line number="156" hits="0" branch="true" condition-coverage="0% (0/2)" missing-branches="exit,160"/>
						<line number="160" hits="0"/>
						<line number="161" hits="0"/>
						<line number="162" hits="0"/>
						<line number="163" hits="0"/>
						<line number="166" hits="1"/>
						<line number="170" hits="0"/>
						<line number="171" hits="0"/>
						<line number="173" hits="0"/>
						<line number="174" hits="0"/>
						<line number="179" hits="0"/>
						<line number="180" hits="0" branch="true" condition-coverage="0% (0/2)" missing-branches="181,183"/>
						<line number="181" hits="0"/>
						<line number="183" hits="0"/>
						<line number="184" hits="0"/>
						<line number="185" hits="0"/>
						<line number="186" hits="0"/>
						<line number="189" hits="1"/>
						<line number="190" hits="0"/>
						<line number="193" hits="1"/>
						<line number="196" hits="0" branch="true" condition-coverage="0% (0/2)" missing-branches="200,201"/>
						<line number="200" hits="0"/>
						<line number="201" hits="0" branch="true" condition-coverage="0% (0/2)" missing-branches="205,206"/>
						<line number="205" hits="0"/>
						<line number="206" hits="0"/>
						<line number="209" hits="1"/>
						<line number="210" hits="0"/>
						<line number="212" hits="0" branch="true" condition-coverage="0% (0/2)" missing-branches="213,214"/>
						<line number="213" hits="0"/>
						<line number="214" hits="0" branch="true" condition-coverage="0% (0/2)" missing-branches="215,216"/>
						<line number="215" hits="0"/>
						<line number="216" hits="0"/>
						<line number="219" hits="1"/>
						<line number="220" hits="0" branch="true" condition-coverage="0% (0/2)" missing-branches="221,222"/>
						<line number="221" hits="0"/>
						<line number="222" hits="0"/>
						<line number="225" hits="1"/>
						<line number="226" hits="1" branch="true" condition-coverage="50% (1/2)" missing-branches="228"/>
						<line number="227" hits="1"/>
						<line number="228" hits="0"/>
						<line number="231" hits="1"/>
						<line number="232" hits="0" branch="true" condition-coverage="0% (0/2)" missing-branches="233,234"/>
						<line number="233" hits="0"/>
						<line number="234" hits="0"/>
						<line number="237" hits="1"/>
						<line number="238" hits="0"/>
						<line number="239" hits="0" branch="true" condition-coverage="0% (0/2)" missing-branches="240,241"/>
						<line number="240" hits="0"/>
						<line number="241" hits="0" branch="true" condition-coverage="0% (0/2)" missing-branches="242,244"/>
						<line number="242" hits="0" branch="true" condition-coverage="0% (0/2)" missing-branches="241,243"/>
						<line number="243" hits="0"/>
						<line number="244" hits="0" branch="true" condition-coverage="0% (0/2)" missing-branches="245,246"/>
						<line number="245" hits="0"/>
						<line number="246" hits="0"/>
						<line number="249" hits="1"/>
						<line number="250" hits="0"/>
						<line number="251" hits="0" branch="true" condition-coverage="0% (0/2)" missing-branches="252,253"/>
						<line number="252" hits="0"/>
						<line number="253" hits="0" branch="true" condition-coverage="0% (0/2)" missing-branches="256,258"/>
						<line number="256" hits="0" branch="true" condition-coverage="0% (0/2)" missing-branches="253,257"/>
						<line number="257" hits="0"/>
						<line number="258" hits="0" branch="true" condition-coverage="0% (0/2)" missing-branches="259,260"/>
						<line number="259" hits="0"/>
						<line number="260" hits="0"/>
						<line number="263" hits="1"/>
						<line number="264" hits="0"/>
						<line number="267" hits="1"/>
						<line number="270" hits="0"/>
						<line number="271" hits="0"/>
						<line number="272" hits="0" branch="true" condition-coverage="0% (0/2)" missing-branches="273,274"/>
						<line number="273" hits="0"/>
						<line number="274" hits="0"/>
						<line number="277" hits="1"/>
						<line number="278" hits="0" branch="true" condition-coverage="0% (0/2)" missing-branches="exit,279"/>
						<line number="279" hits="0" branch="true" condition-coverage="0% (0/2)" missing-branches="exit,280"/>
						<line number="280" hits="0" branch="true" condition-coverage="0% (0/2)" missing-branches="281,282"/>
						<line number="281" hits="0"/>
						<line number="282" hits="0" branch="true" condition-coverage="0% (0/2)" missing-branches="283,284"/>
						<line number="283" hits="0"/>
						<line number="284" hits="0"/>
					</lines>
				</class>
				<class name="cv2ext.py" filename="cv2ext.py" complexity="0" line-rate="0.1136" branch-rate="0.007576">
					<methods/>
					<lines>
						<line number="1" hits="1"/>
						<line number="3" hits="1"/>
						<line number="4" hits="1"/>
						<line number="6" hits="1"/>
						<line number="7" hits="1"/>
						<line number="9" hits="1" branch="true" condition-coverage="50% (1/2)" missing-branches="13"/>
						<line number="13" hits="0"/>
						<line number="16" hits="1"/>
						<line number="17" hits="1"/>
						<line number="20" hits="1"/>
						<line number="22" hits="0" branch="true" condition-coverage="0% (0/2)" missing-branches="23,24"/>
						<line number="23" hits="0"/>
						<line number="24" hits="0"/>
						<line number="27" hits="1"/>
						<line number="28" hits="0"/>
						<line number="29" hits="0"/>
						<line number="30" hits="0"/>
						<line number="32" hits="0"/>
						<line number="34" hits="0"/>
						<line number="35" hits="0"/>
						<line number="36" hits="0"/>
						<line number="37" hits="0"/>
						<line number="38" hits="0"/>
						<line number="41" hits="0"/>
						<line number="44" hits="0" branch="true" condition-coverage="0% (0/2)" missing-branches="45,46"/>
						<line number="45" hits="0"/>
						<line number="46" hits="0"/>
						<line number="47" hits="0" branch="true" condition-coverage="0% (0/2)" missing-branches="48,54"/>
						<line number="48" hits="0"/>
						<line number="49" hits="0"/>
						<line number="50" hits="0" branch="true" condition-coverage="0% (0/2)" missing-branches="53,61"/>
						<line number="53" hits="0"/>
						<line number="54" hits="0" branch="true" condition-coverage="0% (0/2)" missing-branches="55,61"/>
						<line number="55" hits="0"/>
						<line number="56" hits="0"/>
						<line number="59" hits="0" branch="true" condition-coverage="0% (0/2)" missing-branches="60,61"/>
						<line number="60" hits="0"/>
						<line number="61" hits="0" branch="true" condition-coverage="0% (0/2)" missing-branches="62,64"/>
						<line number="62" hits="0"/>
						<line number="64" hits="0" branch="true" condition-coverage="0% (0/2)" missing-branches="65,66"/>
						<line number="65" hits="0"/>
						<line number="66" hits="0"/>
						<line number="69" hits="1"/>
						<line number="70" hits="0"/>
						<line number="71" hits="0"/>
						<line number="72" hits="0"/>
						<line number="75" hits="0"/>
						<line number="78" hits="1"/>
						<line number="79" hits="0"/>
						<line number="82" hits="1"/>
						<line number="83" hits="0" branch="true" condition-coverage="0% (0/2)" missing-branches="84,85"/>
						<line number="84" hits="0"/>
						<line number="85" hits="0" branch="true" condition-coverage="0% (0/2)" missing-branches="86,87"/>
						<line number="86" hits="0"/>
						<line number="87" hits="0"/>
						<line number="90" hits="1"/>
						<line number="91" hits="0" branch="true" condition-coverage="0% (0/2)" missing-branches="92,93"/>
						<line number="92" hits="0"/>
						<line number="93" hits="0"/>
						<line number="94" hits="0"/>
						<line number="97" hits="1"/>
						<line number="100" hits="0" branch="true" condition-coverage="0% (0/2)" missing-branches="101,103"/>
						<line number="101" hits="0"/>
						<line number="103" hits="0"/>
						<line number="105" hits="0" branch="true" condition-coverage="0% (0/2)" missing-branches="106,107"/>
						<line number="106" hits="0"/>
						<line number="107" hits="0"/>
						<line number="110" hits="1"/>
						<line number="113" hits="0"/>
						<line number="114" hits="0" branch="true" condition-coverage="0% (0/2)" missing-branches="115,123"/>
						<line number="115" hits="0" branch="true" condition-coverage="0% (0/2)" missing-branches="114,116"/>
						<line number="116" hits="0"/>
						<line number="123" hits="0"/>
						<line number="126" hits="1"/>
						<line number="127" hits="0"/>
						<line number="130" hits="1"/>
						<line number="131" hits="0"/>
						<line number="134" hits="1"/>
						<line number="137" hits="0"/>
						<line number="138" hits="0" branch="true" condition-coverage="0% (0/2)" missing-branches="exit,139"/>
						<line number="139" hits="0" branch="true" condition-coverage="0% (0/2)" missing-branches="138,140"/>
						<line number="140" hits="0"/>
						<line number="143" hits="0"/>
						<line number="148" hits="1"/>
						<line number="149" hits="0"/>
						<line number="151" hits="0"/>
						<line number="152" hits="0"/>
						<line number="155" hits="0"/>
						<line number="156" hits="0"/>
						<line number="166" hits="0"/>
						<line number="167" hits="0"/>
						<line number="168" hits="0"/>
						<line number="170" hits="0"/>
						<line number="171" hits="0"/>
						<line number="173" hits="0"/>
						<line number="177" hits="0"/>
						<line number="183" hits="0"/>
						<line number="186" hits="1"/>
						<line number="188" hits="0" branch="true" condition-coverage="0% (0/2)" missing-branches="189,190"/>
						<line number="189" hits="0"/>
						<line number="190" hits="0"/>
						<line number="193" hits="1"/>
						<line number="200" hits="0"/>
						<line number="202" hits="0"/>
						<line number="203" hits="0"/>
						<line number="204" hits="0"/>
						<line number="205" hits="0"/>
						<line number="206" hits="0" branch="true" condition-coverage="0% (0/2)" missing-branches="210,214"/>
						<line number="210" hits="0"/>
						<line number="211" hits="0"/>
						<line number="212" hits="0"/>
						<line number="214" hits="0"/>
						<line number="215" hits="0" branch="true" condition-coverage="0% (0/2)" missing-branches="219,230"/>
						<line number="219" hits="0"/>
						<line number="222" hits="0" branch="true" condition-coverage="0% (0/2)" missing-branches="223,225"/>
						<line number="223" hits="0"/>
						<line number="224" hits="0"/>
						<line number="225" hits="0"/>
						<line number="226" hits="0"/>
						<line number="227" hits="0"/>
						<line number="228" hits="0"/>
						<line number="230" hits="0"/>
						<line number="231" hits="0"/>
						<line number="234" hits="1"/>
						<line number="235" hits="0" branch="true" condition-coverage="0% (0/2)" missing-branches="exit,236"/>
						<line number="236" hits="0"/>
						<line number="239" hits="1"/>
						<line number="242" hits="0" branch="true" condition-coverage="0% (0/2)" missing-branches="exit,243"/>
						<line number="243" hits="0"/>
						<line number="246" hits="1"/>
						<line number="249" hits="0"/>
						<line number="250" hits="0"/>
						<line number="251" hits="0"/>
						<line number="252" hits="0"/>
						<line number="253" hits="0"/>
						<line number="254" hits="0"/>
						<line number="255" hits="0"/>
						<line number="256" hits="0"/>
						<line number="257" hits="0"/>
						<line number="258" hits="0" branch="true" condition-coverage="0% (0/2)" missing-branches="259,276"/>
						<line number="259" hits="0"/>
						<line number="260" hits="0"/>
						<line number="261" hits="0" branch="true" condition-coverage="0% (0/2)" missing-branches="262,264"/>
						<line number="262" hits="0"/>
						<line number="263" hits="0"/>
						<line number="264" hits="0" branch="true" condition-coverage="0% (0/2)" missing-branches="265,267"/>
						<line number="265" hits="0"/>
						<line number="266" hits="0"/>
						<line number="267" hits="0" branch="true" condition-coverage="0% (0/2)" missing-branches="268,270"/>
						<line number="268" hits="0"/>
						<line number="269" hits="0"/>
						<line number="270" hits="0" branch="true" condition-coverage="0% (0/2)" missing-branches="258,274"/>
						<line number="274" hits="0"/>
						<line number="275" hits="0"/>
						<line number="276" hits="0"/>
						<line number="284" hits="1"/>
						<line number="291" hits="0"/>
						<line number="292" hits="0"/>
						<line number="293" hits="0"/>
						<line number="294" hits="0"/>
						<line number="295" hits="0"/>
						<line number="296" hits="0"/>
						<line number="297" hits="0"/>
						<line number="298" hits="0" branch="true" condition-coverage="0% (0/2)" missing-branches="299,300"/>
						<line number="299" hits="0"/>
						<line number="300" hits="0"/>
						<line number="301" hits="0"/>
						<line number="302" hits="0" branch="true" condition-coverage="0% (0/2)" missing-branches="exit,308"/>
						<line number="308" hits="0" branch="true" condition-coverage="0% (0/2)" missing-branches="exit,318"/>
						<line number="318" hits="0" branch="true" condition-coverage="0% (0/2)" missing-branches="exit,326"/>
						<line number="326" hits="0" branch="true" condition-coverage="0% (0/2)" missing-branches="exit,334"/>
						<line number="334" hits="0" branch="true" condition-coverage="0% (0/2)" missing-branches="exit,343"/>
						<line number="343" hits="0" branch="true" condition-coverage="0% (0/2)" missing-branches="exit,352"/>
						<line number="352" hits="0" branch="true" condition-coverage="0% (0/2)" missing-branches="exit,353"/>
						<line number="353" hits="0" branch="true" condition-coverage="0% (0/2)" missing-branches="exit,354"/>
						<line number="354" hits="0" branch="true" condition-coverage="0% (0/2)" missing-branches="355,387"/>
						<line number="355" hits="0"/>
						<line number="356" hits="0"/>
						<line number="359" hits="0" branch="true" condition-coverage="0% (0/2)" missing-branches="360,369"/>
						<line number="360" hits="0"/>
						<line number="369" hits="0"/>
						<line number="377" hits="0"/>
						<line number="378" hits="0"/>
						<line number="379" hits="0" branch="true" condition-coverage="0% (0/2)" missing-branches="354,384"/>
						<line number="384" hits="0"/>
						<line number="387" hits="0" branch="true" condition-coverage="0% (0/2)" missing-branches="exit,388"/>
						<line number="388" hits="0"/>
						<line number="389" hits="0"/>
						<line number="392" hits="0" branch="true" condition-coverage="0% (0/2)" missing-branches="393,402"/>
						<line number="393" hits="0"/>
						<line number="402" hits="0"/>
						<line number="410" hits="0"/>
						<line number="411" hits="0"/>
						<line number="412" hits="0" branch="true" condition-coverage="0% (0/2)" missing-branches="387,417"/>
						<line number="417" hits="0"/>
						<line number="422" hits="1"/>
						<line number="425" hits="0"/>
						<line number="426" hits="0"/>
						<line number="429" hits="0"/>
						<line number="430" hits="0"/>
						<line number="433" hits="0" branch="true" condition-coverage="0% (0/2)" missing-branches="434,438"/>
						<line number="434" hits="0"/>
						<line number="437" hits="0"/>
						<line number="438" hits="0"/>
						<line number="439" hits="0"/>
						<line number="440" hits="0"/>
						<line number="441" hits="0"/>
						<line number="442" hits="0" branch="true" condition-coverage="0% (0/2)" missing-branches="443,465"/>
						<line number="443" hits="0"/>
						<line number="450" hits="0" branch="true" condition-coverage="0% (0/2)" missing-branches="442,456"/>
						<line number="456" hits="0"/>
						<line number="465" hits="0"/>
						<line number="466" hits="0"/>
						<line number="469" hits="1"/>
						<line number="470" hits="0"/>
						<line number="471" hits="0"/>
						<line number="472" hits="0"/>
						<line number="474" hits="0"/>
						<line number="477" hits="1"/>
						<line number="480" hits="0"/>
						<line number="481" hits="0"/>
						<line number="482" hits="0" branch="true" condition-coverage="0% (0/2)" missing-branches="483,495"/>
						<line number="483" hits="0" branch="true" condition-coverage="0% (0/2)" missing-branches="484,490"/>
						<line number="484" hits="0"/>
						<line number="490" hits="0"/>
						<line number="495" hits="0"/>
						<line number="498" hits="1"/>
						<line number="501" hits="0"/>
						<line number="502" hits="0"/>
						<line number="508" hits="0"/>
						<line number="509" hits="0"/>
						<line number="510" hits="0" branch="true" condition-coverage="0% (0/2)" missing-branches="511,516"/>
						<line number="511" hits="0" branch="true" condition-coverage="0% (0/2)" missing-branches="512,514"/>
						<line number="512" hits="0"/>
						<line number="514" hits="0"/>
						<line number="515" hits="0"/>
						<line number="516" hits="0"/>
						<line number="517" hits="0" branch="true" condition-coverage="0% (0/2)" missing-branches="518,521"/>
						<line number="518" hits="0" branch="true" condition-coverage="0% (0/2)" missing-branches="517,519"/>
						<line number="519" hits="0"/>
						<line number="520" hits="0"/>
						<line number="521" hits="0"/>
						<line number="524" hits="1"/>
						<line number="527" hits="0"/>
						<line number="528" hits="0"/>
						<line number="534" hits="0" branch="true" condition-coverage="0% (0/2)" missing-branches="535,537"/>
						<line number="535" hits="0" branch="true" condition-coverage="0% (0/2)" missing-branches="534,536"/>
						<line number="536" hits="0"/>
						<line number="537" hits="0"/>
						<line number="540" hits="1"/>
						<line number="541" hits="0"/>
						<line number="548" hits="0"/>
						<line number="554" hits="0"/>
						<line number="557" hits="1"/>
						<line number="560" hits="0" branch="true" condition-coverage="0% (0/2)" missing-branches="561,571"/>
						<line number="561" hits="0" branch="true" condition-coverage="0% (0/2)" missing-branches="562,565"/>
						<line number="562" hits="0"/>
						<line number="563" hits="0"/>
						<line number="565" hits="0"/>
						<line number="566" hits="0"/>
						<line number="567" hits="0"/>
						<line number="568" hits="0"/>
						<line number="569" hits="0"/>
						<line number="571" hits="0"/>
						<line number="573" hits="0" branch="true" condition-coverage="0% (0/2)" missing-branches="574,578"/>
						<line number="574" hits="0"/>
						<line number="575" hits="0"/>
						<line number="576" hits="0"/>
						<line number="578" hits="0"/>
						<line number="586" hits="1"/>
						<line number="594" hits="0"/>
						<line number="595" hits="0"/>
						<line number="597" hits="0" branch="true" condition-coverage="0% (0/2)" missing-branches="598,615"/>
						<line number="598" hits="0" branch="true" condition-coverage="0% (0/2)" missing-branches="599,600"/>
						<line number="599" hits="0"/>
						<line number="600" hits="0"/>
						<line number="601" hits="0"/>
						<line number="603" hits="0"/>
						<line number="613" hits="0"/>
						<line number="615" hits="0" branch="true" condition-coverage="0% (0/2)" missing-branches="616,633"/>
						<line number="616" hits="0" branch="true" condition-coverage="0% (0/2)" missing-branches="617,618"/>
						<line number="617" hits="0"/>
						<line number="618" hits="0"/>
						<line number="619" hits="0"/>
						<line number="621" hits="0"/>
						<line number="631" hits="0"/>
						<line number="633" hits="0" branch="true" condition-coverage="0% (0/2)" missing-branches="634,649"/>
						<line number="634" hits="0" branch="true" condition-coverage="0% (0/2)" missing-branches="635,636"/>
						<line number="635" hits="0"/>
						<line number="636" hits="0"/>
						<line number="637" hits="0"/>
						<line number="639" hits="0"/>
						<line number="647" hits="0"/>
						<line number="649" hits="0" branch="true" condition-coverage="0% (0/2)" missing-branches="650,665"/>
						<line number="650" hits="0" branch="true" condition-coverage="0% (0/2)" missing-branches="651,652"/>
						<line number="651" hits="0"/>
						<line number="652" hits="0"/>
						<line number="653" hits="0"/>
						<line number="655" hits="0"/>
						<line number="663" hits="0"/>
						<line number="665" hits="0"/>
						<line number="667" hits="0"/>
						<line number="677" hits="1"/>
						<line number="680" hits="0"/>
						<line number="681" hits="0"/>
						<line number="682" hits="0"/>
						<line number="689" hits="0"/>
						<line number="690" hits="0"/>
					</lines>
				</class>
				<class name="exceptext.py" filename="exceptext.py" complexity="0" line-rate="1" branch-rate="1">
					<methods/>
					<lines>
						<line number="1" hits="1"/>
						<line number="2" hits="1"/>
					</lines>
				</class>
				<class name="fsext.py" filename="fsext.py" complexity="0" line-rate="0.9375" branch-rate="0.5">
					<methods/>
					<lines>
						<line number="1" hits="1"/>
						<line number="2" hits="1"/>
						<line number="3" hits="1"/>
						<line number="6" hits="1"/>
						<line number="7" hits="1" branch="true" condition-coverage="50% (1/2)" missing-branches="8"/>
						<line number="8" hits="0"/>
						<line number="11" hits="1"/>
						<line number="12" hits="1"/>
						<line number="15" hits="1"/>
						<line number="16" hits="1"/>
						<line number="19" hits="1"/>
						<line number="20" hits="1"/>
						<line number="25" hits="1"/>
						<line number="26" hits="1"/>
						<line number="29" hits="1"/>
						<line number="30" hits="1"/>
					</lines>
				</class>
				<class name="pages.py" filename="pages.py" complexity="0" line-rate="0.7576" branch-rate="0.1">
					<methods/>
					<lines>
						<line number="1" hits="1"/>
						<line number="2" hits="1"/>
						<line number="4" hits="1"/>
						<line number="5" hits="1"/>
						<line number="6" hits="1"/>
						<line number="9" hits="1"/>
						<line number="10" hits="1"/>
						<line number="11" hits="1"/>
						<line number="12" hits="1"/>
						<line number="13" hits="1"/>
						<line number="17" hits="1"/>
						<line number="18" hits="1"/>
						<line number="20" hits="1"/>
						<line number="21" hits="1"/>
						<line number="22" hits="1"/>
						<line number="24" hits="1"/>
						<line number="25" hits="1"/>
						<line number="26" hits="1"/>
						<line number="28" hits="1"/>
						<line number="29" hits="1"/>
						<line number="32" hits="1"/>
						<line number="35" hits="1"/>
						<line number="38" hits="1"/>
						<line number="40" hits="1" branch="true" condition-coverage="50% (1/2)" missing-branches="41"/>
						<line number="41" hits="0" branch="true" condition-coverage="0% (0/2)" missing-branches="42,57"/>
						<line number="42" hits="0" branch="true" condition-coverage="0% (0/2)" missing-branches="43,46"/>
						<line number="43" hits="0"/>
						<line number="46" hits="0" branch="true" condition-coverage="0% (0/2)" missing-branches="47,50"/>
						<line number="47" hits="0"/>
						<line number="50" hits="0" branch="true" condition-coverage="0% (0/2)" missing-branches="51,55"/>
						<line number="51" hits="0"/>
						<line number="55" hits="0"/>
						<line number="57" hits="1"/>
					</lines>
				</class>
				<class name="parameters.py" filename="parameters.py" complexity="0" line-rate="0.6091" branch-rate="0">
					<methods/>
					<lines>
						<line number="1" hits="1"/>
						<line number="2" hits="1"/>
						<line number="5" hits="1"/>
						<line number="6" hits="1"/>
						<line number="7" hits="1"/>
						<line number="8" hits="1"/>
						<line number="10" hits="1"/>
						<line number="11" hits="1"/>
						<line number="13" hits="1"/>
						<line number="14" hits="1"/>
						<line number="15" hits="0"/>
						<line number="17" hits="1"/>
						<line number="18" hits="1"/>
						<line number="19" hits="0"/>
						<line number="21" hits="1"/>
						<line number="22" hits="1"/>
						<line number="23" hits="0"/>
						<line number="25" hits="1"/>
						<line number="26" hits="1"/>
						<line number="27" hits="0"/>
						<line number="29" hits="1"/>
						<line number="34" hits="0" branch="true" condition-coverage="0% (0/2)" missing-branches="35,36"/>
						<line number="35" hits="0"/>
						<line number="36" hits="0" branch="true" condition-coverage="0% (0/2)" missing-branches="37,39"/>
						<line number="37" hits="0"/>
						<line number="39" hits="0"/>
						<line number="42" hits="1"/>
						<line number="43" hits="1"/>
						<line number="44" hits="1"/>
						<line number="45" hits="1"/>
						<line number="46" hits="1"/>
						<line number="48" hits="1"/>
						<line number="49" hits="1"/>
						<line number="53" hits="1"/>
						<line number="54" hits="1"/>
						<line number="55" hits="0"/>
						<line number="57" hits="1"/>
						<line number="58" hits="1"/>
						<line number="59" hits="0"/>
						<line number="61" hits="1"/>
						<line number="62" hits="1"/>
						<line number="63" hits="0"/>
						<line number="65" hits="1"/>
						<line number="66" hits="1"/>
						<line number="67" hits="0"/>
						<line number="69" hits="1"/>
						<line number="70" hits="1"/>
						<line number="71" hits="0"/>
						<line number="73" hits="1"/>
						<line number="74" hits="1"/>
						<line number="75" hits="0"/>
						<line number="77" hits="1"/>
						<line number="82" hits="0" branch="true" condition-coverage="0% (0/2)" missing-branches="83,84"/>
						<line number="83" hits="0"/>
						<line number="84" hits="0" branch="true" condition-coverage="0% (0/2)" missing-branches="85,86"/>
						<line number="85" hits="0"/>
						<line number="86" hits="0" branch="true" condition-coverage="0% (0/2)" missing-branches="87,89"/>
						<line number="87" hits="0"/>
						<line number="89" hits="0"/>
						<line number="92" hits="1"/>
						<line number="93" hits="1"/>
						<line number="94" hits="1"/>
						<line number="95" hits="1"/>
						<line number="96" hits="1"/>
						<line number="97" hits="1"/>
						<line number="98" hits="1"/>
						<line number="100" hits="1"/>
						<line number="108" hits="1"/>
						<line number="116" hits="1"/>
						<line number="117" hits="1"/>
						<line number="118" hits="0"/>
						<line number="120" hits="1"/>
						<line number="121" hits="1"/>
						<line number="122" hits="0"/>
						<line number="124" hits="1"/>
						<line number="125" hits="1"/>
						<line number="126" hits="0"/>
						<line number="128" hits="1"/>
						<line number="129" hits="1"/>
						<line number="130" hits="0"/>
						<line number="132" hits="1"/>
						<line number="133" hits="1"/>
						<line number="134" hits="0"/>
						<line number="136" hits="1"/>
						<line number="137" hits="1"/>
						<line number="138" hits="0"/>
						<line number="140" hits="1"/>
						<line number="141" hits="1"/>
						<line number="142" hits="0"/>
						<line number="144" hits="1"/>
						<line number="145" hits="1"/>
						<line number="146" hits="0"/>
						<line number="148" hits="1"/>
						<line number="149" hits="1"/>
						<line number="150" hits="0"/>
						<line number="152" hits="1"/>
						<line number="153" hits="1"/>
						<line number="154" hits="0"/>
						<line number="156" hits="1"/>
						<line number="161" hits="0" branch="true" condition-coverage="0% (0/2)" missing-branches="162,163"/>
						<line number="162" hits="0"/>
						<line number="163" hits="0" branch="true" condition-coverage="0% (0/2)" missing-branches="164,165"/>
						<line number="164" hits="0"/>
						<line number="165" hits="0" branch="true" condition-coverage="0% (0/2)" missing-branches="166,167"/>
						<line number="166" hits="0"/>
						<line number="167" hits="0" branch="true" condition-coverage="0% (0/2)" missing-branches="168,169"/>
						<line number="168" hits="0"/>
						<line number="169" hits="0" branch="true" condition-coverage="0% (0/2)" missing-branches="170,172"/>
						<line number="170" hits="0"/>
						<line number="172" hits="0"/>
					</lines>
				</class>
				<class name="print_interface.py" filename="print_interface.py" complexity="0" line-rate="0.5714" branch-rate="0">
					<methods/>
					<lines>
						<line number="4" hits="1"/>
						<line number="5" hits="1"/>
						<line number="8" hits="1"/>
						<line number="19" hits="1"/>
						<line number="20" hits="1"/>
						<line number="28" hits="1"/>
						<line number="29" hits="1"/>
						<line number="30" hits="0"/>
						<line number="33" hits="1"/>
						<line number="34" hits="1"/>
						<line number="35" hits="1"/>
						<line number="36" hits="0"/>
						<line number="38" hits="1"/>
						<line number="39" hits="1"/>
						<line number="40" hits="0"/>
						<line number="42" hits="1"/>
						<line number="43" hits="1"/>
						<line number="44" hits="0"/>
						<line number="46" hits="1"/>
						<line number="47" hits="1"/>
						<line number="48" hits="0"/>
						<line number="50" hits="1"/>
						<line number="51" hits="1"/>
						<line number="52" hits="0"/>
						<line number="54" hits="1"/>
						<line number="55" hits="1"/>
						<line number="56" hits="0" branch="true" condition-coverage="0% (0/2)" missing-branches="57,58"/>
						<line number="57" hits="0"/>
						<line number="58" hits="0" branch="true" condition-coverage="0% (0/2)" missing-branches="59,60"/>
						<line number="59" hits="0"/>
						<line number="60" hits="0" branch="true" condition-coverage="0% (0/2)" missing-branches="61,62"/>
						<line number="61" hits="0"/>
						<line number="62" hits="0" branch="true" condition-coverage="0% (0/2)" missing-branches="63,64"/>
						<line number="63" hits="0"/>
						<line number="64" hits="0"/>
					</lines>
				</class>
				<class name="print_release.py" filename="print_release.py" complexity="0" line-rate="0.8571" branch-rate="1">
					<methods/>
					<lines>
						<line number="4" hits="1"/>
						<line number="6" hits="1"/>
						<line number="9" hits="1"/>
						<line number="18" hits="1"/>
						<line number="25" hits="0"/>
						<line number="27" hits="1"/>
						<line number="28" hits="1"/>
					</lines>
				</class>
				<class name="print_test.py" filename="print_test.py" complexity="0" line-rate="0.3438" branch-rate="0">
					<methods/>
					<lines>
						<line number="4" hits="1"/>
						<line number="5" hits="1"/>
						<line number="6" hits="1"/>
						<line number="8" hits="1"/>
						<line number="9" hits="1"/>
						<line number="12" hits="1"/>
						<line number="22" hits="1"/>
						<line number="24" hits="1"/>
						<line number="41" hits="0"/>
						<line number="42" hits="0"/>
						<line number="43" hits="0"/>
						<line number="45" hits="1"/>
						<line number="52" hits="0"/>
						<line number="53" hits="0"/>
						<line number="54" hits="0"/>
						<line number="55" hits="0"/>
						<line number="56" hits="0"/>
						<line number="57" hits="0"/>
						<line number="59" hits="1"/>
						<line number="73" hits="0" branch="true" condition-coverage="0% (0/2)" missing-branches="74,101"/>
						<line number="74" hits="0"/>
						<line number="75" hits="0" branch="true" condition-coverage="0% (0/2)" missing-branches="76,82"/>
						<line number="76" hits="0"/>
						<line number="82" hits="0" branch="true" condition-coverage="0% (0/2)" missing-branches="83,89"/>
						<line number="83" hits="0"/>
						<line number="89" hits="0" branch="true" condition-coverage="0% (0/2)" missing-branches="90,97"/>
						<line number="90" hits="0"/>
						<line number="97" hits="0"/>
						<line number="101" hits="0"/>
						<line number="103" hits="1"/>
						<line number="104" hits="0" branch="true" condition-coverage="0% (0/2)" missing-branches="exit,105"/>
						<line number="105" hits="0"/>
					</lines>
				</class>
				<class name="script.py" filename="script.py" complexity="0" line-rate="0.4839" branch-rate="0.25">
					<methods/>
					<lines>
						<line number="1" hits="1"/>
						<line number="3" hits="1"/>
						<line number="4" hits="1"/>
						<line number="6" hits="1"/>
						<line number="7" hits="1"/>
						<line number="8" hits="1"/>
						<line number="9" hits="1"/>
						<line number="10" hits="1"/>
						<line number="15" hits="1"/>
						<line number="16" hits="1"/>
						<line number="17" hits="1"/>
						<line number="18" hits="1"/>
						<line number="19" hits="1"/>
						<line number="20" hits="1"/>
						<line number="21" hits="1"/>
						<line number="24" hits="1"/>
						<line number="27" hits="1"/>
						<line number="33" hits="0"/>
						<line number="39" hits="0"/>
						<line number="47" hits="0"/>
						<line number="60" hits="0"/>
						<line number="66" hits="0"/>
						<line number="73" hits="0"/>
						<line number="80" hits="0"/>
						<line number="83" hits="0"/>
						<line number="85" hits="0"/>
						<line number="89" hits="0"/>
						<line number="90" hits="0"/>
						<line number="93" hits="0"/>
						<line number="95" hits="1"/>
						<line number="102" hits="0"/>
						<line number="106" hits="0"/>
						<line number="108" hits="0"/>
						<line number="109" hits="0" branch="true" condition-coverage="0% (0/2)" missing-branches="110,113"/>
						<line number="110" hits="0"/>
						<line number="113" hits="0"/>
						<line number="115" hits="1"/>
						<line number="122" hits="0"/>
						<line number="126" hits="0"/>
						<line number="127" hits="0"/>
						<line number="131" hits="0"/>
						<line number="135" hits="0"/>
						<line number="138" hits="0" branch="true" condition-coverage="0% (0/2)" missing-branches="139,159"/>
						<line number="139" hits="0"/>
						<line number="142" hits="0"/>
						<line number="145" hits="0"/>
						<line number="148" hits="0"/>
						<line number="152" hits="0"/>
						<line number="159" hits="0"/>
						<line number="163" hits="0"/>
						<line number="167" hits="0"/>
						<line number="171" hits="0"/>
						<line number="176" hits="0"/>
						<line number="183" hits="0"/>
						<line number="185" hits="0"/>
						<line number="189" hits="0"/>
						<line number="196" hits="1"/>
						<line number="203" hits="0"/>
						<line number="204" hits="0"/>
						<line number="205" hits="0"/>
						<line number="212" hits="0"/>
						<line number="216" hits="0"/>
						<line number="220" hits="0"/>
						<line number="224" hits="0"/>
						<line number="228" hits="0"/>
						<line number="240" hits="1"/>
						<line number="241" hits="0"/>
						<line number="243" hits="1"/>
						<line number="252" hits="1"/>
						<line number="253" hits="1"/>
						<line number="254" hits="1" branch="true" condition-coverage="50% (1/2)" missing-branches="255"/>
						<line number="255" hits="0"/>
						<line number="257" hits="1" branch="true" condition-coverage="50% (1/2)" missing-branches="260"/>
						<line number="258" hits="1"/>
						<line number="260" hits="0"/>
						<line number="262" hits="1"/>
						<line number="264" hits="1"/>
						<line number="270" hits="1"/>
						<line number="276" hits="1"/>
						<line number="283" hits="1"/>
						<line number="289" hits="1"/>
						<line number="296" hits="1"/>
						<line number="297" hits="1"/>
						<line number="299" hits="1"/>
						<line number="300" hits="1"/>
						<line number="302" hits="1"/>
						<line number="304" hits="1"/>
						<line number="305" hits="1"/>
						<line number="306" hits="1"/>
						<line number="309" hits="1"/>
						<line number="310" hits="1"/>
						<line number="313" hits="1"/>
						<line number="322" hits="1"/>
					</lines>
				</class>
			</classes>
		</package>
		<package name="page" line-rate="0.364" branch-rate="0" complexity="0">
			<classes>
				<class name="__init__.py" filename="page/__init__.py" complexity="0" line-rate="1" branch-rate="1">
					<methods/>
					<lines/>
				</class>
				<class name="crop.py" filename="page/crop.py" complexity="0" line-rate="0.3103" branch-rate="0">
					<methods/>
					<lines>
						<line number="1" hits="1"/>
						<line number="2" hits="1"/>
						<line number="4" hits="1"/>
						<line number="5" hits="1"/>
						<line number="7" hits="1"/>
						<line number="8" hits="1"/>
						<line number="9" hits="1"/>
						<line number="10" hits="1"/>
						<line number="11" hits="1"/>
						<line number="14" hits="1"/>
						<line number="15" hits="1"/>
						<line number="16" hits="1"/>
						<line number="17" hits="1"/>
						<line number="18" hits="1"/>
						<line number="20" hits="1"/>
						<line number="21" hits="1"/>
						<line number="23" hits="1"/>
						<line number="24" hits="1"/>
						<line number="25" hits="0"/>
						<line number="27" hits="1"/>
						<line number="28" hits="1"/>
						<line number="29" hits="0"/>
						<line number="31" hits="1"/>
						<line number="32" hits="1"/>
						<line number="33" hits="0"/>
						<line number="35" hits="1"/>
						<line number="36" hits="1"/>
						<line number="39" hits="0"/>
						<line number="41" hits="1"/>
						<line number="42" hits="1"/>
						<line number="43" hits="0"/>
						<line number="46" hits="1"/>
						<line number="47" hits="1"/>
						<line number="48" hits="1"/>
						<line number="49" hits="1"/>
						<line number="50" hits="1"/>
						<line number="51" hits="1"/>
						<line number="52" hits="1"/>
						<line number="55" hits="1"/>
						<line number="56" hits="1"/>
						<line number="57" hits="1"/>
						<line number="60" hits="1"/>
						<line number="68" hits="1"/>
						<line number="69" hits="1"/>
						<line number="71" hits="1"/>
						<line number="72" hits="1"/>
						<line number="73" hits="0"/>
						<line number="75" hits="1"/>
						<line number="76" hits="1"/>
						<line number="77" hits="0"/>
						<line number="79" hits="1"/>
						<line number="80" hits="1"/>
						<line number="81" hits="0"/>
						<line number="83" hits="1"/>
						<line number="84" hits="1"/>
						<line number="85" hits="0"/>
						<line number="87" hits="1"/>
						<line number="88" hits="1"/>
						<line number="89" hits="0"/>
						<line number="91" hits="1"/>
						<line number="92" hits="1"/>
						<line number="93" hits="0"/>
						<line number="95" hits="1"/>
						<line number="96" hits="1"/>
						<line number="97" hits="0"/>
						<line number="99" hits="1"/>
						<line number="100" hits="1"/>
						<line number="103" hits="0"/>
						<line number="105" hits="1"/>
						<line number="106" hits="1"/>
						<line number="107" hits="0"/>
						<line number="109" hits="1"/>
						<line number="110" hits="1"/>
						<line number="111" hits="0"/>
						<line number="113" hits="1"/>
						<line number="114" hits="1"/>
						<line number="115" hits="0"/>
						<line number="117" hits="1"/>
						<line number="118" hits="1"/>
						<line number="121" hits="0"/>
						<line number="123" hits="1"/>
						<line number="124" hits="1"/>
						<line number="125" hits="0"/>
						<line number="128" hits="1"/>
						<line number="129" hits="1"/>
						<line number="130" hits="1"/>
						<line number="131" hits="1"/>
						<line number="132" hits="1"/>
						<line number="133" hits="1"/>
						<line number="134" hits="1"/>
						<line number="135" hits="1"/>
						<line number="136" hits="1"/>
						<line number="137" hits="1"/>
						<line number="138" hits="1"/>
						<line number="140" hits="1"/>
						<line number="141" hits="1"/>
						<line number="143" hits="1"/>
						<line number="144" hits="1"/>
						<line number="147" hits="0"/>
						<line number="149" hits="1"/>
						<line number="150" hits="1"/>
						<line number="153" hits="0"/>
						<line number="155" hits="1"/>
						<line number="156" hits="1"/>
						<line number="157" hits="0"/>
						<line number="159" hits="1"/>
						<line number="160" hits="1"/>
						<line number="161" hits="0"/>
						<line number="163" hits="1"/>
						<line number="164" hits="1"/>
						<line number="165" hits="0"/>
						<line number="167" hits="1"/>
						<line number="168" hits="1"/>
						<line number="169" hits="0"/>
						<line number="171" hits="1"/>
						<line number="172" hits="1"/>
						<line number="173" hits="0"/>
						<line number="175" hits="1"/>
						<line number="176" hits="1"/>
						<line number="177" hits="0"/>
						<line number="179" hits="1"/>
						<line number="180" hits="1"/>
						<line number="181" hits="0"/>
						<line number="183" hits="1"/>
						<line number="184" hits="1"/>
						<line number="185" hits="0"/>
						<line number="187" hits="1"/>
						<line number="188" hits="1"/>
						<line number="189" hits="0"/>
						<line number="191" hits="1"/>
						<line number="192" hits="1"/>
						<line number="193" hits="0"/>
						<line number="195" hits="1"/>
						<line number="196" hits="1"/>
						<line number="197" hits="0"/>
						<line number="199" hits="1"/>
						<line number="200" hits="1"/>
						<line number="201" hits="0"/>
						<line number="203" hits="1"/>
						<line number="204" hits="1"/>
						<line number="205" hits="0"/>
						<line number="207" hits="1"/>
						<line number="208" hits="1"/>
						<line number="209" hits="0"/>
						<line number="211" hits="1"/>
						<line number="216" hits="0" branch="true" condition-coverage="0% (0/2)" missing-branches="217,220"/>
						<line number="217" hits="0"/>
						<line number="220" hits="0" branch="true" condition-coverage="0% (0/2)" missing-branches="221,222"/>
						<line number="221" hits="0"/>
						<line number="222" hits="0" branch="true" condition-coverage="0% (0/2)" missing-branches="223,224"/>
						<line number="223" hits="0"/>
						<line number="224" hits="0" branch="true" condition-coverage="0% (0/2)" missing-branches="225,226"/>
						<line number="225" hits="0"/>
						<line number="226" hits="0" branch="true" condition-coverage="0% (0/2)" missing-branches="227,228"/>
						<line number="227" hits="0"/>
						<line number="228" hits="0" branch="true" condition-coverage="0% (0/2)" missing-branches="229,230"/>
						<line number="229" hits="0"/>
						<line number="230" hits="0" branch="true" condition-coverage="0% (0/2)" missing-branches="231,232"/>
						<line number="231" hits="0"/>
						<line number="232" hits="0" branch="true" condition-coverage="0% (0/2)" missing-branches="233,235"/>
						<line number="233" hits="0"/>
						<line number="235" hits="0"/>
						<line number="238" hits="1"/>
						<line number="244" hits="0"/>
						<line number="245" hits="0"/>
						<line number="250" hits="0"/>
						<line number="251" hits="0"/>
						<line number="257" hits="0"/>
						<line number="261" hits="0"/>
						<line number="264" hits="0"/>
						<line number="265" hits="0" branch="true" condition-coverage="0% (0/2)" missing-branches="266,277"/>
						<line number="266" hits="0"/>
						<line number="269" hits="0"/>
						<line number="272" hits="0"/>
						<line number="277" hits="0"/>
						<line number="279" hits="0" branch="true" condition-coverage="0% (0/2)" missing-branches="280,286"/>
						<line number="280" hits="0"/>
						<line number="281" hits="0"/>
						<line number="286" hits="0" branch="true" condition-coverage="0% (0/2)" missing-branches="289,291"/>
						<line number="289" hits="0"/>
						<line number="291" hits="0"/>
						<line number="294" hits="1"/>
						<line number="300" hits="0"/>
						<line number="302" hits="0"/>
						<line number="303" hits="0" branch="true" condition-coverage="0% (0/2)" missing-branches="304,403"/>
						<line number="304" hits="0" branch="true" condition-coverage="0% (0/2)" missing-branches="305,313"/>
						<line number="305" hits="0"/>
						<line number="306" hits="0"/>
						<line number="307" hits="0"/>
						<line number="308" hits="0"/>
						<line number="309" hits="0"/>
						<line number="311" hits="0"/>
						<line number="313" hits="0"/>
						<line number="314" hits="0"/>
						<line number="315" hits="0"/>
						<line number="316" hits="0"/>
						<line number="317" hits="0"/>
						<line number="319" hits="0"/>
						<line number="320" hits="0"/>
						<line number="325" hits="0"/>
						<line number="327" hits="0"/>
						<line number="333" hits="0"/>
						<line number="340" hits="0"/>
						<line number="346" hits="0"/>
						<line number="353" hits="0"/>
						<line number="358" hits="0"/>
						<line number="365" hits="0"/>
						<line number="370" hits="0"/>
						<line number="376" hits="0"/>
						<line number="379" hits="0"/>
						<line number="387" hits="0"/>
						<line number="388" hits="0" branch="true" condition-coverage="0% (0/2)" missing-branches="303,389"/>
						<line number="389" hits="0"/>
						<line number="390" hits="0" branch="true" condition-coverage="0% (0/2)" missing-branches="391,399"/>
						<line number="391" hits="0" branch="true" condition-coverage="0% (0/2)" missing-branches="390,392"/>
						<line number="392" hits="0"/>
						<line number="399" hits="0"/>
						<line number="403" hits="0"/>
						<line number="404" hits="0"/>
						<line number="405" hits="0"/>
						<line number="406" hits="0"/>
						<line number="409" hits="0"/>
						<line number="412" hits="0"/>
						<line number="415" hits="1"/>
						<line number="422" hits="0"/>
						<line number="423" hits="0"/>
						<line number="424" hits="0"/>
						<line number="425" hits="0" branch="true" condition-coverage="0% (0/2)" missing-branches="426,468"/>
						<line number="426" hits="0"/>
						<line number="427" hits="0"/>
						<line number="430" hits="0" branch="true" condition-coverage="0% (0/2)" missing-branches="431,449"/>
						<line number="431" hits="0"/>
						<line number="434" hits="0"/>
						<line number="435" hits="0"/>
						<line number="444" hits="0"/>
						<line number="445" hits="0" branch="true" condition-coverage="0% (0/2)" missing-branches="446,449"/>
						<line number="446" hits="0"/>
						<line number="449" hits="0" branch="true" condition-coverage="0% (0/2)" missing-branches="425,450"/>
						<line number="450" hits="0"/>
						<line number="453" hits="0"/>
						<line number="454" hits="0"/>
						<line number="463" hits="0"/>
						<line number="464" hits="0" branch="true" condition-coverage="0% (0/2)" missing-branches="425,465"/>
						<line number="465" hits="0"/>
						<line number="468" hits="0"/>
						<line number="471" hits="1"/>
						<line number="478" hits="0"/>
						<line number="479" hits="0"/>
						<line number="480" hits="0"/>
						<line number="483" hits="0"/>
						<line number="487" hits="0" branch="true" condition-coverage="0% (0/2)" missing-branches="488,492"/>
						<line number="488" hits="0"/>
						<line number="489" hits="0"/>
						<line number="490" hits="0"/>
						<line number="491" hits="0"/>
						<line number="492" hits="0" branch="true" condition-coverage="0% (0/2)" missing-branches="493,498"/>
						<line number="493" hits="0"/>
						<line number="494" hits="0"/>
						<line number="495" hits="0"/>
						<line number="496" hits="0"/>
						<line number="498" hits="0"/>
						<line number="499" hits="0"/>
						<line number="500" hits="0" branch="true" condition-coverage="0% (0/2)" missing-branches="501,502"/>
						<line number="501" hits="0"/>
						<line number="502" hits="0" branch="true" condition-coverage="0% (0/2)" missing-branches="503,505"/>
						<line number="503" hits="0"/>
						<line number="505" hits="0"/>
						<line number="508" hits="0"/>
						<line number="512" hits="0"/>
						<line number="515" hits="0"/>
						<line number="519" hits="0"/>
						<line number="522" hits="0"/>
						<line number="526" hits="0"/>
						<line number="529" hits="1"/>
						<line number="535" hits="0"/>
						<line number="536" hits="0"/>
						<line number="537" hits="0"/>
						<line number="538" hits="0"/>
						<line number="540" hits="0"/>
						<line number="541" hits="0"/>
						<line number="542" hits="0"/>
						<line number="549" hits="0" branch="true" condition-coverage="0% (0/2)" missing-branches="exit,552"/>
						<line number="552" hits="0"/>
						<line number="555" hits="1"/>
						<line number="561" hits="0"/>
						<line number="567" hits="0"/>
						<line number="568" hits="0"/>
						<line number="569" hits="0"/>
						<line number="571" hits="0"/>
						<line number="573" hits="0" branch="true" condition-coverage="0% (0/2)" missing-branches="574,575"/>
						<line number="574" hits="0"/>
						<line number="575" hits="0"/>
						<line number="578" hits="1"/>
						<line number="585" hits="0"/>
						<line number="586" hits="0" branch="true" condition-coverage="0% (0/2)" missing-branches="587,599"/>
						<line number="587" hits="0"/>
						<line number="588" hits="0"/>
						<line number="589" hits="0"/>
						<line number="590" hits="0"/>
						<line number="592" hits="0"/>
						<line number="598" hits="0"/>
						<line number="599" hits="0"/>
						<line number="600" hits="0" branch="true" condition-coverage="0% (0/2)" missing-branches="601,613"/>
						<line number="601" hits="0"/>
						<line number="602" hits="0"/>
						<line number="603" hits="0"/>
						<line number="604" hits="0"/>
						<line number="606" hits="0"/>
						<line number="612" hits="0"/>
						<line number="613" hits="0"/>
						<line number="614" hits="0" branch="true" condition-coverage="0% (0/2)" missing-branches="615,627"/>
						<line number="615" hits="0"/>
						<line number="616" hits="0"/>
						<line number="617" hits="0"/>
						<line number="618" hits="0"/>
						<line number="620" hits="0"/>
						<line number="626" hits="0"/>
						<line number="627" hits="0"/>
						<line number="628" hits="0" branch="true" condition-coverage="0% (0/2)" missing-branches="629,642"/>
						<line number="629" hits="0"/>
						<line number="630" hits="0"/>
						<line number="631" hits="0"/>
						<line number="632" hits="0"/>
						<line number="634" hits="0"/>
						<line number="640" hits="0"/>
						<line number="642" hits="0"/>
						<line number="649" hits="1"/>
						<line number="656" hits="0"/>
						<line number="660" hits="0"/>
						<line number="667" hits="0" branch="true" condition-coverage="0% (0/2)" missing-branches="668,670"/>
						<line number="668" hits="0"/>
						<line number="670" hits="0"/>
						<line number="675" hits="0"/>
						<line number="682" hits="0" branch="true" condition-coverage="0% (0/2)" missing-branches="exit,685"/>
						<line number="685" hits="0" branch="true" condition-coverage="0% (0/2)" missing-branches="exit,689"/>
						<line number="689" hits="0"/>
						<line number="694" hits="1"/>
						<line number="701" hits="0"/>
						<line number="703" hits="0"/>
						<line number="707" hits="0" branch="true" condition-coverage="0% (0/2)" missing-branches="708,712"/>
						<line number="708" hits="0"/>
						<line number="712" hits="0" branch="true" condition-coverage="0% (0/2)" missing-branches="713,719"/>
						<line number="713" hits="0"/>
						<line number="714" hits="0"/>
						<line number="715" hits="0"/>
						<line number="719" hits="0"/>
						<line number="720" hits="0"/>
						<line number="721" hits="0"/>
						<line number="722" hits="0"/>
						<line number="724" hits="0"/>
						<line number="727" hits="1"/>
						<line number="734" hits="0"/>
						<line number="735" hits="0"/>
						<line number="736" hits="0"/>
						<line number="738" hits="0"/>
						<line number="740" hits="0"/>
						<line number="743" hits="0"/>
						<line number="745" hits="0"/>
						<line number="751" hits="0"/>
						<line number="754" hits="0"/>
						<line number="763" hits="0"/>
						<line number="766" hits="0"/>
						<line number="767" hits="0" branch="true" condition-coverage="0% (0/2)" missing-branches="768,782"/>
						<line number="768" hits="0"/>
						<line number="769" hits="0"/>
						<line number="782" hits="0"/>
						<line number="783" hits="0"/>
						<line number="787" hits="0"/>
						<line number="788" hits="0"/>
						<line number="789" hits="0"/>
						<line number="790" hits="0" branch="true" condition-coverage="0% (0/2)" missing-branches="794,795"/>
						<line number="794" hits="0"/>
						<line number="795" hits="0" branch="true" condition-coverage="0% (0/2)" missing-branches="799,800"/>
						<line number="799" hits="0"/>
						<line number="800" hits="0"/>
						<line number="802" hits="0" branch="true" condition-coverage="0% (0/2)" missing-branches="exit,813"/>
						<line number="813" hits="0" branch="true" condition-coverage="0% (0/2)" missing-branches="814,823"/>
						<line number="814" hits="0"/>
						<line number="815" hits="0" branch="true" condition-coverage="0% (0/2)" missing-branches="816,817"/>
						<line number="816" hits="0"/>
						<line number="817" hits="0"/>
						<line number="818" hits="0"/>
						<line number="819" hits="0"/>
						<line number="820" hits="0"/>
						<line number="821" hits="0"/>
						<line number="823" hits="0" branch="true" condition-coverage="0% (0/2)" missing-branches="824,829"/>
						<line number="824" hits="0"/>
						<line number="829" hits="0" branch="true" condition-coverage="0% (0/2)" missing-branches="830,832"/>
						<line number="830" hits="0"/>
						<line number="832" hits="0"/>
					</lines>
				</class>
				<class name="find_images.py" filename="page/find_images.py" complexity="0" line-rate="0.3364" branch-rate="0">
					<methods/>
					<lines>
						<line number="1" hits="1"/>
						<line number="2" hits="1"/>
						<line number="4" hits="1"/>
						<line number="6" hits="1"/>
						<line number="7" hits="1"/>
						<line number="10" hits="1"/>
						<line number="11" hits="1"/>
						<line number="12" hits="1"/>
						<line number="13" hits="1"/>
						<line number="14" hits="1"/>
						<line number="15" hits="1"/>
						<line number="16" hits="1"/>
						<line number="18" hits="1"/>
						<line number="26" hits="1"/>
						<line number="34" hits="1"/>
						<line number="35" hits="1"/>
						<line number="36" hits="0"/>
						<line number="38" hits="1"/>
						<line number="39" hits="1"/>
						<line number="40" hits="0"/>
						<line number="42" hits="1"/>
						<line number="43" hits="1"/>
						<line number="44" hits="0"/>
						<line number="46" hits="1"/>
						<line number="47" hits="1"/>
						<line number="48" hits="0"/>
						<line number="50" hits="1"/>
						<line number="51" hits="1"/>
						<line number="52" hits="0"/>
						<line number="54" hits="1"/>
						<line number="55" hits="1"/>
						<line number="56" hits="0"/>
						<line number="58" hits="1"/>
						<line number="59" hits="1"/>
						<line number="60" hits="0"/>
						<line number="62" hits="1"/>
						<line number="63" hits="1"/>
						<line number="64" hits="0"/>
						<line number="66" hits="1"/>
						<line number="67" hits="1"/>
						<line number="68" hits="0"/>
						<line number="70" hits="1"/>
						<line number="71" hits="1"/>
						<line number="72" hits="0"/>
						<line number="75" hits="1"/>
						<line number="81" hits="0"/>
						<line number="82" hits="0"/>
						<line number="84" hits="0"/>
						<line number="85" hits="0"/>
						<line number="86" hits="0"/>
						<line number="87" hits="0"/>
						<line number="88" hits="0"/>
						<line number="90" hits="0" branch="true" condition-coverage="0% (0/2)" missing-branches="91,104"/>
						<line number="91" hits="0"/>
						<line number="94" hits="0"/>
						<line number="95" hits="0"/>
						<line number="96" hits="0"/>
						<line number="99" hits="0"/>
						<line number="100" hits="0"/>
						<line number="101" hits="0"/>
						<line number="102" hits="0"/>
						<line number="104" hits="0"/>
						<line number="105" hits="0"/>
						<line number="114" hits="0"/>
						<line number="115" hits="0"/>
						<line number="119" hits="0"/>
						<line number="120" hits="0"/>
						<line number="121" hits="0"/>
						<line number="124" hits="0"/>
						<line number="126" hits="0"/>
						<line number="133" hits="0"/>
						<line number="134" hits="0"/>
						<line number="141" hits="0"/>
						<line number="143" hits="0"/>
						<line number="146" hits="0"/>
						<line number="147" hits="0" branch="true" condition-coverage="0% (0/2)" missing-branches="148,153"/>
						<line number="148" hits="0"/>
						<line number="151" hits="0"/>
						<line number="152" hits="0"/>
						<line number="153" hits="0"/>
						<line number="154" hits="0" branch="true" condition-coverage="0% (0/2)" missing-branches="exit,158"/>
						<line number="158" hits="0" branch="true" condition-coverage="0% (0/2)" missing-branches="exit,163"/>
						<line number="163" hits="0" branch="true" condition-coverage="0% (0/2)" missing-branches="164,185"/>
						<line number="164" hits="0" branch="true" condition-coverage="0% (0/2)" missing-branches="165,171"/>
						<line number="165" hits="0"/>
						<line number="168" hits="0"/>
						<line number="171" hits="0"/>
						<line number="178" hits="0"/>
						<line number="183" hits="0"/>
						<line number="185" hits="0" branch="true" condition-coverage="0% (0/2)" missing-branches="186,190"/>
						<line number="186" hits="0"/>
						<line number="187" hits="0"/>
						<line number="188" hits="0"/>
						<line number="190" hits="0"/>
						<line number="193" hits="1"/>
						<line number="200" hits="0"/>
						<line number="202" hits="0"/>
						<line number="203" hits="0" branch="true" condition-coverage="0% (0/2)" missing-branches="205,224"/>
						<line number="205" hits="0" branch="true" condition-coverage="0% (0/2)" missing-branches="exit,214"/>
						<line number="214" hits="0" branch="true" condition-coverage="0% (0/2)" missing-branches="215,216"/>
						<line number="215" hits="0"/>
						<line number="216" hits="0"/>
						<line number="217" hits="0"/>
						<line number="218" hits="0"/>
						<line number="222" hits="0" branch="true" condition-coverage="0% (0/2)" missing-branches="203,223"/>
						<line number="223" hits="0"/>
						<line number="224" hits="0"/>
					</lines>
				</class>
				<class name="split.py" filename="page/split.py" complexity="0" line-rate="0.4251" branch-rate="0">
					<methods/>
					<lines>
						<line number="1" hits="1"/>
						<line number="2" hits="1"/>
						<line number="4" hits="1"/>
						<line number="5" hits="1"/>
						<line number="7" hits="1"/>
						<line number="8" hits="1"/>
						<line number="9" hits="1"/>
						<line number="10" hits="1"/>
						<line number="11" hits="1"/>
						<line number="14" hits="1"/>
						<line number="15" hits="1"/>
						<line number="16" hits="1"/>
						<line number="17" hits="1"/>
						<line number="18" hits="1"/>
						<line number="19" hits="1"/>
						<line number="20" hits="1"/>
						<line number="21" hits="1"/>
						<line number="23" hits="1"/>
						<line number="32" hits="0"/>
						<line number="41" hits="1"/>
						<line number="42" hits="1"/>
						<line number="43" hits="0"/>
						<line number="45" hits="1"/>
						<line number="46" hits="1"/>
						<line number="47" hits="0"/>
						<line number="49" hits="1"/>
						<line number="50" hits="1"/>
						<line number="51" hits="0"/>
						<line number="53" hits="1"/>
						<line number="54" hits="1"/>
						<line number="55" hits="0"/>
						<line number="57" hits="1"/>
						<line number="58" hits="1"/>
						<line number="61" hits="0"/>
						<line number="63" hits="1"/>
						<line number="64" hits="1"/>
						<line number="65" hits="0"/>
						<line number="67" hits="1"/>
						<line number="68" hits="1"/>
						<line number="69" hits="0"/>
						<line number="71" hits="1"/>
						<line number="72" hits="1"/>
						<line number="73" hits="0"/>
						<line number="75" hits="1"/>
						<line number="76" hits="1"/>
						<line number="77" hits="0"/>
						<line number="80" hits="1"/>
						<line number="81" hits="1"/>
						<line number="82" hits="1"/>
						<line number="83" hits="1"/>
						<line number="84" hits="1"/>
						<line number="85" hits="1"/>
						<line number="86" hits="1"/>
						<line number="87" hits="1"/>
						<line number="89" hits="1"/>
						<line number="98" hits="1"/>
						<line number="107" hits="1"/>
						<line number="108" hits="1"/>
						<line number="111" hits="0"/>
						<line number="113" hits="1"/>
						<line number="114" hits="1"/>
						<line number="115" hits="0"/>
						<line number="117" hits="1"/>
						<line number="118" hits="1"/>
						<line number="121" hits="0"/>
						<line number="123" hits="1"/>
						<line number="124" hits="1"/>
						<line number="125" hits="0"/>
						<line number="127" hits="1"/>
						<line number="128" hits="1"/>
						<line number="129" hits="0"/>
						<line number="131" hits="1"/>
						<line number="132" hits="1"/>
						<line number="133" hits="0"/>
						<line number="135" hits="1"/>
						<line number="136" hits="1"/>
						<line number="137" hits="0"/>
						<line number="139" hits="1"/>
						<line number="140" hits="1"/>
						<line number="141" hits="0"/>
						<line number="143" hits="1"/>
						<line number="144" hits="1"/>
						<line number="145" hits="0"/>
						<line number="147" hits="1"/>
						<line number="148" hits="1"/>
						<line number="149" hits="0"/>
						<line number="151" hits="1"/>
						<line number="152" hits="1"/>
						<line number="153" hits="0"/>
						<line number="155" hits="1"/>
						<line number="156" hits="1"/>
						<line number="157" hits="0"/>
						<line number="159" hits="1"/>
						<line number="164" hits="0" branch="true" condition-coverage="0% (0/2)" missing-branches="165,166"/>
						<line number="165" hits="0"/>
						<line number="166" hits="0" branch="true" condition-coverage="0% (0/2)" missing-branches="167,168"/>
						<line number="167" hits="0"/>
						<line number="168" hits="0" branch="true" condition-coverage="0% (0/2)" missing-branches="169,170"/>
						<line number="169" hits="0"/>
						<line number="170" hits="0" branch="true" condition-coverage="0% (0/2)" missing-branches="171,172"/>
						<line number="171" hits="0"/>
						<line number="172" hits="0" branch="true" condition-coverage="0% (0/2)" missing-branches="173,174"/>
						<line number="173" hits="0"/>
						<line number="174" hits="0" branch="true" condition-coverage="0% (0/2)" missing-branches="175,177"/>
						<line number="175" hits="0"/>
						<line number="177" hits="0"/>
						<line number="180" hits="1"/>
						<line number="181" hits="1"/>
						<line number="182" hits="1"/>
						<line number="183" hits="1"/>
						<line number="184" hits="1"/>
						<line number="185" hits="1"/>
						<line number="187" hits="1"/>
						<line number="194" hits="0"/>
						<line number="201" hits="1"/>
						<line number="202" hits="1"/>
						<line number="203" hits="0"/>
						<line number="205" hits="1"/>
						<line number="206" hits="1"/>
						<line number="207" hits="0"/>
						<line number="209" hits="1"/>
						<line number="210" hits="1"/>
						<line number="211" hits="0"/>
						<line number="213" hits="1"/>
						<line number="214" hits="1"/>
						<line number="215" hits="0"/>
						<line number="217" hits="1"/>
						<line number="218" hits="1"/>
						<line number="221" hits="0"/>
						<line number="224" hits="1"/>
						<line number="225" hits="1"/>
						<line number="226" hits="1"/>
						<line number="227" hits="1"/>
						<line number="228" hits="1"/>
						<line number="229" hits="1"/>
						<line number="230" hits="1"/>
						<line number="231" hits="1"/>
						<line number="233" hits="1"/>
						<line number="242" hits="0"/>
						<line number="251" hits="1"/>
						<line number="252" hits="1"/>
						<line number="255" hits="0"/>
						<line number="257" hits="1"/>
						<line number="258" hits="1"/>
						<line number="259" hits="0"/>
						<line number="261" hits="1"/>
						<line number="262" hits="1"/>
						<line number="265" hits="0"/>
						<line number="267" hits="1"/>
						<line number="268" hits="1"/>
						<line number="271" hits="0"/>
						<line number="273" hits="1"/>
						<line number="274" hits="1"/>
						<line number="277" hits="0"/>
						<line number="279" hits="1"/>
						<line number="280" hits="1"/>
						<line number="281" hits="0"/>
						<line number="283" hits="1"/>
						<line number="284" hits="1"/>
						<line number="285" hits="0"/>
						<line number="287" hits="1"/>
						<line number="288" hits="1"/>
						<line number="291" hits="0"/>
						<line number="293" hits="1"/>
						<line number="294" hits="1"/>
						<line number="295" hits="0"/>
						<line number="298" hits="1"/>
						<line number="299" hits="1"/>
						<line number="300" hits="1"/>
						<line number="301" hits="1"/>
						<line number="302" hits="1"/>
						<line number="303" hits="1"/>
						<line number="306" hits="1"/>
						<line number="307" hits="1"/>
						<line number="308" hits="1"/>
						<line number="311" hits="1"/>
						<line number="322" hits="1"/>
						<line number="323" hits="1"/>
						<line number="325" hits="1"/>
						<line number="326" hits="1"/>
						<line number="327" hits="0"/>
						<line number="329" hits="1"/>
						<line number="330" hits="1"/>
						<line number="331" hits="0"/>
						<line number="333" hits="1"/>
						<line number="334" hits="1"/>
						<line number="335" hits="0"/>
						<line number="337" hits="1"/>
						<line number="338" hits="1"/>
						<line number="339" hits="0"/>
						<line number="341" hits="1"/>
						<line number="342" hits="1"/>
						<line number="343" hits="0"/>
						<line number="345" hits="1"/>
						<line number="346" hits="1"/>
						<line number="347" hits="0"/>
						<line number="349" hits="1"/>
						<line number="350" hits="1"/>
						<line number="351" hits="0"/>
						<line number="353" hits="1"/>
						<line number="354" hits="1"/>
						<line number="355" hits="0"/>
						<line number="357" hits="1"/>
						<line number="358" hits="1"/>
						<line number="359" hits="0"/>
						<line number="361" hits="1"/>
						<line number="362" hits="1"/>
						<line number="363" hits="0"/>
						<line number="365" hits="1"/>
						<line number="366" hits="1"/>
						<line number="369" hits="0"/>
						<line number="371" hits="1"/>
						<line number="376" hits="0" branch="true" condition-coverage="0% (0/2)" missing-branches="377,378"/>
						<line number="377" hits="0"/>
						<line number="378" hits="0" branch="true" condition-coverage="0% (0/2)" missing-branches="379,380"/>
						<line number="379" hits="0"/>
						<line number="380" hits="0" branch="true" condition-coverage="0% (0/2)" missing-branches="381,382"/>
						<line number="381" hits="0"/>
						<line number="382" hits="0" branch="true" condition-coverage="0% (0/2)" missing-branches="383,386"/>
						<line number="383" hits="0"/>
						<line number="386" hits="0" branch="true" condition-coverage="0% (0/2)" missing-branches="387,388"/>
						<line number="387" hits="0"/>
						<line number="388" hits="0" branch="true" condition-coverage="0% (0/2)" missing-branches="389,390"/>
						<line number="389" hits="0"/>
						<line number="390" hits="0" branch="true" condition-coverage="0% (0/2)" missing-branches="391,393"/>
						<line number="391" hits="0"/>
						<line number="393" hits="0"/>
						<line number="396" hits="1"/>
						<line number="402" hits="0"/>
						<line number="403" hits="0"/>
						<line number="404" hits="0"/>
						<line number="405" hits="0"/>
						<line number="406" hits="0"/>
						<line number="407" hits="0"/>
						<line number="413" hits="0"/>
						<line number="414" hits="0"/>
						<line number="415" hits="0"/>
						<line number="417" hits="0"/>
						<line number="425" hits="0" branch="true" condition-coverage="0% (0/2)" missing-branches="426,432"/>
						<line number="426" hits="0"/>
						<line number="432" hits="0" branch="true" condition-coverage="0% (0/2)" missing-branches="exit,444"/>
						<line number="444" hits="0" branch="true" condition-coverage="0% (0/2)" missing-branches="445,452"/>
						<line number="445" hits="0"/>
						<line number="452" hits="0" branch="true" condition-coverage="0% (0/2)" missing-branches="exit,exit"/>
						<line number="455" hits="1"/>
						<line number="458" hits="0" branch="true" condition-coverage="0% (0/2)" missing-branches="459,461"/>
						<line number="459" hits="0"/>
						<line number="461" hits="0"/>
						<line number="463" hits="0"/>
						<line number="470" hits="0"/>
						<line number="473" hits="1"/>
						<line number="479" hits="0"/>
						<line number="481" hits="0" branch="true" condition-coverage="0% (0/2)" missing-branches="exit,487"/>
						<line number="487" hits="0" branch="true" condition-coverage="0% (0/2)" missing-branches="exit,493"/>
						<line number="493" hits="0" branch="true" condition-coverage="0% (0/2)" missing-branches="exit,499"/>
						<line number="499" hits="0" branch="true" condition-coverage="0% (0/2)" missing-branches="exit,501"/>
						<line number="501" hits="0"/>
						<line number="510" hits="1"/>
						<line number="516" hits="0"/>
						<line number="517" hits="0"/>
						<line number="518" hits="0"/>
						<line number="523" hits="0" branch="true" condition-coverage="0% (0/2)" missing-branches="524,536"/>
						<line number="524" hits="0"/>
						<line number="527" hits="0" branch="true" condition-coverage="0% (0/2)" missing-branches="exit,531"/>
						<line number="531" hits="0" branch="true" condition-coverage="0% (0/2)" missing-branches="exit,523"/>
						<line number="536" hits="0"/>
						<line number="540" hits="0"/>
						<line number="547" hits="1"/>
						<line number="553" hits="0"/>
						<line number="555" hits="0"/>
						<line number="569" hits="0" branch="true" condition-coverage="0% (0/2)" missing-branches="570,575"/>
						<line number="570" hits="0"/>
						<line number="575" hits="0"/>
						<line number="588" hits="0"/>
						<line number="589" hits="0"/>
						<line number="590" hits="0"/>
						<line number="595" hits="0" branch="true" condition-coverage="0% (0/2)" missing-branches="596,614"/>
						<line number="596" hits="0"/>
						<line number="597" hits="0"/>
						<line number="604" hits="0" branch="true" condition-coverage="0% (0/2)" missing-branches="605,612"/>
						<line number="605" hits="0"/>
						<line number="612" hits="0"/>
						<line number="614" hits="0"/>
						<line number="617" hits="1"/>
						<line number="624" hits="0"/>
						<line number="625" hits="0" branch="true" condition-coverage="0% (0/2)" missing-branches="exit,626"/>
						<line number="626" hits="0"/>
						<line number="627" hits="0" branch="true" condition-coverage="0% (0/2)" missing-branches="625,628"/>
						<line number="628" hits="0" branch="true" condition-coverage="0% (0/2)" missing-branches="629,630"/>
						<line number="629" hits="0"/>
						<line number="630" hits="0" branch="true" condition-coverage="0% (0/2)" missing-branches="625,631"/>
						<line number="631" hits="0"/>
						<line number="634" hits="1"/>
						<line number="641" hits="0"/>
						<line number="648" hits="0" branch="true" condition-coverage="0% (0/2)" missing-branches="649,659"/>
						<line number="649" hits="0"/>
						<line number="650" hits="0" branch="true" condition-coverage="0% (0/2)" missing-branches="651,652"/>
						<line number="651" hits="0"/>
						<line number="652" hits="0"/>
						<line number="655" hits="0"/>
						<line number="659" hits="0" branch="true" condition-coverage="0% (0/2)" missing-branches="660,665"/>
						<line number="660" hits="0"/>
						<line number="663" hits="0"/>
						<line number="665" hits="0"/>
						<line number="668" hits="0"/>
						<line number="669" hits="0"/>
						<line number="670" hits="0"/>
						<line number="671" hits="0" branch="true" condition-coverage="0% (0/2)" missing-branches="672,705"/>
						<line number="672" hits="0"/>
						<line number="673" hits="0" branch="true" condition-coverage="0% (0/2)" missing-branches="671,674"/>
						<line number="674" hits="0"/>
						<line number="675" hits="0" branch="true" condition-coverage="0% (0/2)" missing-branches="676,688"/>
						<line number="676" hits="0"/>
						<line number="683" hits="0" branch="true" condition-coverage="0% (0/2)" missing-branches="684,685"/>
						<line number="684" hits="0"/>
						<line number="685" hits="0"/>
						<line number="688" hits="0"/>
						<line number="689" hits="0"/>
						<line number="690" hits="0"/>
						<line number="696" hits="0" branch="true" condition-coverage="0% (0/2)" missing-branches="700,703"/>
						<line number="700" hits="0"/>
						<line number="701" hits="0"/>
						<line number="702" hits="0"/>
						<line number="703" hits="0"/>
						<line number="705" hits="0"/>
						<line number="708" hits="1"/>
						<line number="714" hits="0"/>
						<line number="715" hits="0"/>
						<line number="716" hits="0"/>
						<line number="717" hits="0"/>
						<line number="718" hits="0"/>
						<line number="719" hits="0"/>
						<line number="720" hits="0"/>
						<line number="729" hits="0"/>
						<line number="730" hits="0"/>
						<line number="734" hits="0"/>
						<line number="735" hits="0"/>
						<line number="736" hits="0"/>
						<line number="737" hits="0"/>
						<line number="740" hits="0"/>
						<line number="752" hits="0" branch="true" condition-coverage="0% (0/2)" missing-branches="exit,757"/>
						<line number="757" hits="0" branch="true" condition-coverage="0% (0/2)" missing-branches="758,767"/>
						<line number="758" hits="0"/>
						<line number="759" hits="0"/>
						<line number="762" hits="0"/>
						<line number="765" hits="0"/>
						<line number="767" hits="0"/>
						<line number="769" hits="0"/>
						<line number="777" hits="0"/>
						<line number="785" hits="0" branch="true" condition-coverage="0% (0/2)" missing-branches="786,793"/>
						<line number="786" hits="0"/>
						<line number="793" hits="0" branch="true" condition-coverage="0% (0/2)" missing-branches="exit,794"/>
						<line number="794" hits="0" branch="true" condition-coverage="0% (0/2)" missing-branches="exit,797"/>
						<line number="797" hits="0" branch="true" condition-coverage="0% (0/2)" missing-branches="exit,801"/>
						<line number="801" hits="0" branch="true" condition-coverage="0% (0/2)" missing-branches="exit,805"/>
						<line number="805" hits="0" branch="true" condition-coverage="0% (0/2)" missing-branches="806,815"/>
						<line number="806" hits="0"/>
						<line number="807" hits="0"/>
						<line number="814" hits="0"/>
						<line number="815" hits="0"/>
						<line number="818" hits="0" branch="true" condition-coverage="0% (0/2)" missing-branches="819,820"/>
						<line number="819" hits="0"/>
						<line number="820" hits="0"/>
						<line number="823" hits="1"/>
						<line number="831" hits="0"/>
						<line number="832" hits="0" branch="true" condition-coverage="0% (0/2)" missing-branches="exit,834"/>
						<line number="834" hits="0" branch="true" condition-coverage="0% (0/2)" missing-branches="835,846"/>
						<line number="835" hits="0"/>
						<line number="836" hits="0" branch="true" condition-coverage="0% (0/2)" missing-branches="exit,842"/>
						<line number="842" hits="0" branch="true" condition-coverage="0% (0/2)" missing-branches="exit,845"/>
						<line number="845" hits="0"/>
						<line number="846" hits="0"/>
						<line number="847" hits="0"/>
						<line number="848" hits="0"/>
					</lines>
				</class>
				<class name="unskew.py" filename="page/unskew.py" complexity="0" line-rate="0.3784" branch-rate="0">
					<methods/>
					<lines>
						<line number="1" hits="1"/>
						<line number="2" hits="1"/>
						<line number="3" hits="1"/>
						<line number="4" hits="1"/>
						<line number="6" hits="1"/>
						<line number="7" hits="1"/>
						<line number="8" hits="1"/>
						<line number="9" hits="1"/>
						<line number="10" hits="1"/>
						<line number="13" hits="1"/>
						<line number="14" hits="1"/>
						<line number="15" hits="1"/>
						<line number="16" hits="1"/>
						<line number="17" hits="1"/>
						<line number="20" hits="1"/>
						<line number="28" hits="1"/>
						<line number="29" hits="1"/>
						<line number="31" hits="1"/>
						<line number="32" hits="1"/>
						<line number="33" hits="0"/>
						<line number="35" hits="1"/>
						<line number="36" hits="1"/>
						<line number="37" hits="0"/>
						<line number="39" hits="1"/>
						<line number="40" hits="1"/>
						<line number="41" hits="0"/>
						<line number="43" hits="1"/>
						<line number="44" hits="1"/>
						<line number="45" hits="0"/>
						<line number="47" hits="1"/>
						<line number="52" hits="0" branch="true" condition-coverage="0% (0/2)" missing-branches="53,54"/>
						<line number="53" hits="0"/>
						<line number="54" hits="0" branch="true" condition-coverage="0% (0/2)" missing-branches="55,56"/>
						<line number="55" hits="0"/>
						<line number="56" hits="0" branch="true" condition-coverage="0% (0/2)" missing-branches="57,61"/>
						<line number="57" hits="0"/>
						<line number="61" hits="0"/>
						<line number="64" hits="1"/>
						<line number="67" hits="0"/>
						<line number="68" hits="0" branch="true" condition-coverage="0% (0/2)" missing-branches="69,79"/>
						<line number="69" hits="0"/>
						<line number="73" hits="0"/>
						<line number="74" hits="0"/>
						<line number="77" hits="0"/>
						<line number="79" hits="0"/>
						<line number="80" hits="0"/>
						<line number="81" hits="0" branch="true" condition-coverage="0% (0/2)" missing-branches="exit,99"/>
						<line number="99" hits="0"/>
						<line number="100" hits="0" branch="true" condition-coverage="0% (0/2)" missing-branches="101,102"/>
						<line number="101" hits="0"/>
						<line number="102" hits="0"/>
						<line number="105" hits="1"/>
						<line number="112" hits="0"/>
						<line number="114" hits="0"/>
						<line number="123" hits="0"/>
						<line number="126" hits="0"/>
						<line number="131" hits="0"/>
						<line number="132" hits="0"/>
						<line number="133" hits="0"/>
						<line number="136" hits="0"/>
						<line number="142" hits="0"/>
						<line number="143" hits="0"/>
						<line number="144" hits="0"/>
						<line number="150" hits="0"/>
						<line number="161" hits="0" branch="true" condition-coverage="0% (0/2)" missing-branches="exit,163"/>
						<line number="163" hits="0" branch="true" condition-coverage="0% (0/2)" missing-branches="164,186"/>
						<line number="164" hits="0"/>
						<line number="165" hits="0"/>
						<line number="166" hits="0" branch="true" condition-coverage="0% (0/2)" missing-branches="167,181"/>
						<line number="167" hits="0"/>
						<line number="174" hits="0"/>
						<line number="181" hits="0"/>
						<line number="184" hits="0"/>
						<line number="186" hits="0"/>
					</lines>
				</class>
			</classes>
		</package>
		<package name="tests" line-rate="0.497" branch-rate="0.5" complexity="0">
			<classes>
				<class name="__init__.py" filename="tests/__init__.py" complexity="0" line-rate="1" branch-rate="1">
					<methods/>
					<lines/>
				</class>
				<class name="mock_separate_page.py" filename="tests/mock_separate_page.py" complexity="0" line-rate="0.8214" branch-rate="0.5">
					<methods/>
					<lines>
						<line number="1" hits="1"/>
						<line number="3" hits="1"/>
						<line number="4" hits="1"/>
						<line number="5" hits="1"/>
						<line number="6" hits="1"/>
						<line number="9" hits="1"/>
						<line number="10" hits="1"/>
						<line number="11" hits="1"/>
						<line number="13" hits="1"/>
						<line number="19" hits="1" branch="true" condition-coverage="50% (1/2)" missing-branches="20"/>
						<line number="20" hits="0"/>
						<line number="21" hits="1"/>
						<line number="23" hits="1"/>
						<line number="30" hits="1" branch="true" condition-coverage="50% (1/2)" missing-branches="31"/>
						<line number="31" hits="0"/>
						<line number="32" hits="1"/>
						<line number="34" hits="1"/>
						<line number="41" hits="1" branch="true" condition-coverage="50% (1/2)" missing-branches="42"/>
						<line number="42" hits="0"/>
						<line number="45" hits="1"/>
						<line number="47" hits="1"/>
						<line number="54" hits="1" branch="true" condition-coverage="50% (1/2)" missing-branches="55"/>
						<line number="55" hits="0"/>
						<line number="56" hits="1"/>
						<line number="58" hits="1"/>
						<line number="59" hits="1" branch="true" condition-coverage="50% (1/2)" missing-branches="60"/>
						<line number="60" hits="0"/>
						<line number="62" hits="1"/>
					</lines>
				</class>
				<class name="test_features.py" filename="tests/test_features.py" complexity="0" line-rate="0.3168" branch-rate="1">
					<methods/>
					<lines>
						<line number="1" hits="1"/>
						<line number="2" hits="1"/>
						<line number="4" hits="1"/>
						<line number="5" hits="1"/>
						<line number="6" hits="1"/>
						<line number="9" hits="1"/>
						<line number="12" hits="1"/>
						<line number="13" hits="1"/>
						<line number="15" hits="0"/>
						<line number="20" hits="0"/>
						<line number="24" hits="0"/>
						<line number="29" hits="0"/>
						<line number="34" hits="1"/>
						<line number="36" hits="1"/>
						<line number="41" hits="1"/>
						<line number="45" hits="1"/>
						<line number="46" hits="1"/>
						<line number="51" hits="1"/>
						<line number="52" hits="1"/>
						<line number="57" hits="1"/>
						<line number="62" hits="1"/>
						<line number="67" hits="1"/>
						<line number="72" hits="1"/>
						<line number="77" hits="1"/>
						<line number="82" hits="1"/>
						<line number="87" hits="1"/>
						<line number="94" hits="1"/>
						<line number="95" hits="1"/>
						<line number="97" hits="0"/>
						<line number="102" hits="0"/>
						<line number="106" hits="0"/>
						<line number="107" hits="0"/>
						<line number="112" hits="0"/>
						<line number="113" hits="0"/>
						<line number="118" hits="0"/>
						<line number="123" hits="0"/>
						<line number="128" hits="0"/>
						<line number="133" hits="0"/>
						<line number="138" hits="0"/>
						<line number="143" hits="0"/>
						<line number="148" hits="0"/>
						<line number="155" hits="1"/>
						<line number="156" hits="1"/>
						<line number="158" hits="0"/>
						<line number="163" hits="0"/>
						<line number="167" hits="0"/>
						<line number="168" hits="0"/>
						<line number="173" hits="0"/>
						<line number="174" hits="0"/>
						<line number="179" hits="0"/>
						<line number="184" hits="0"/>
						<line number="189" hits="0"/>
						<line number="194" hits="0"/>
						<line number="199" hits="0"/>
						<line number="204" hits="0"/>
						<line number="209" hits="0"/>
						<line number="216" hits="1"/>
						<line number="217" hits="1"/>
						<line number="219" hits="0"/>
						<line number="224" hits="0"/>
						<line number="228" hits="0"/>
						<line number="229" hits="0"/>
						<line number="234" hits="0"/>
						<line number="235" hits="0"/>
						<line number="240" hits="0"/>
						<line number="245" hits="0"/>
						<line number="250" hits="0"/>
						<line number="255" hits="0"/>
						<line number="260" hits="0"/>
						<line number="265" hits="0"/>
						<line number="270" hits="0"/>
						<line number="277" hits="1"/>
						<line number="278" hits="1"/>
						<line number="280" hits="0"/>
						<line number="285" hits="0"/>
						<line number="289" hits="0"/>
						<line number="290" hits="0"/>
						<line number="295" hits="0"/>
						<line number="296" hits="0"/>
						<line number="301" hits="0"/>
						<line number="306" hits="0"/>
						<line number="311" hits="0"/>
						<line number="316" hits="0"/>
						<line number="321" hits="0"/>
						<line number="326" hits="0"/>
						<line number="331" hits="0"/>
						<line number="338" hits="1"/>
						<line number="339" hits="1"/>
						<line number="341" hits="0"/>
						<line number="346" hits="0"/>
						<line number="350" hits="0"/>
						<line number="351" hits="0"/>
						<line number="356" hits="0"/>
						<line number="357" hits="0"/>
						<line number="362" hits="0"/>
						<line number="367" hits="0"/>
						<line number="372" hits="0"/>
						<line number="377" hits="0"/>
						<line number="382" hits="0"/>
						<line number="387" hits="0"/>
						<line number="392" hits="0"/>
					</lines>
				</class>
				<class name="test_images.py" filename="tests/test_images.py" complexity="0" line-rate="0.7368" branch-rate="1">
					<methods/>
					<lines>
						<line number="1" hits="1"/>
						<line number="3" hits="1"/>
						<line number="4" hits="1"/>
						<line number="6" hits="1"/>
						<line number="7" hits="1"/>
						<line number="8" hits="1"/>
						<line number="9" hits="1"/>
						<line number="11" hits="1"/>
						<line number="12" hits="1"/>
						<line number="15" hits="1"/>
						<line number="18" hits="1"/>
						<line number="19" hits="1"/>
						<line number="21" hits="0"/>
						<line number="55" hits="1"/>
						<line number="56" hits="1"/>
						<line number="60" hits="0"/>
						<line number="94" hits="1"/>
						<line number="95" hits="1"/>
						<line number="97" hits="0"/>
						<line number="133" hits="1"/>
						<line number="134" hits="1"/>
						<line number="136" hits="0"/>
						<line number="170" hits="1"/>
						<line number="171" hits="1"/>
						<line number="175" hits="0"/>
						<line number="211" hits="1"/>
						<line number="212" hits="1"/>
						<line number="216" hits="0"/>
						<line number="248" hits="0"/>
						<line number="258" hits="1"/>
						<line number="259" hits="1"/>
						<line number="263" hits="0"/>
						<line number="299" hits="1"/>
						<line number="300" hits="1"/>
						<line number="303" hits="0"/>
						<line number="339" hits="1"/>
						<line number="340" hits="1"/>
						<line number="343" hits="0"/>
					</lines>
				</class>
			</classes>
		</package>
	</packages>
</coverage>
