<?xml version="1.0" encoding="utf-8"?><testsuites><testsuite name="pytest" errors="0" failures="0" skipped="0" tests="36" time="586.074" timestamp="2021-01-02T19:50:26.905783" hostname="fv-az102-78"><testcase classname="tests.test_features" name="test_disabled_enable_debug" time="34.646"><system-out>--------------------------------- Captured Log ---------------------------------

--------------------------------- Captured Out ---------------------------------
/home/runner/work/ocr-book/ocr-book/tests/0001_debug.png
separation double page angle 90.5528088189967
separation double page y=0 2485
page rotation 1 0.5499999999999999
page rotation 2 0.2
image 1 crop x1 327
image 1 crop y1 334
image 1 crop x2 2346
image 1 crop y2 3221
image 2 crop x1 169
image 2 crop y1 648
image 2 crop x2 2186
image 2 crop y2 3361
image 1 dpi 300
image 1 border top 332
image 1 border bottom 268
image 1 border left 220
image 1 border right 220
image 2 dpi 300
image 2 border top 643
image 2 border bottom 131
image 2 border left 221
image 2 border right 221

</system-out><system-err>--------------------------------- Captured Err ---------------------------------

</system-err></testcase><testcase classname="tests.test_features" name="test_mock_stop_at_0" time="0.052"><system-out>--------------------------------- Captured Log ---------------------------------

--------------------------------- Captured Out ---------------------------------
/home/runner/work/ocr-book/ocr-book/tests/0001_0.png

</system-out><system-err>--------------------------------- Captured Err ---------------------------------

</system-err></testcase><testcase classname="tests.test_features" name="test_mock_stop_at_2" time="30.129"><system-out>--------------------------------- Captured Log ---------------------------------

--------------------------------- Captured Out ---------------------------------
/home/runner/work/ocr-book/ocr-book/tests/0001_2.png
separation double page angle 90.5528088189967
separation double page y=0 2485
page rotation 1 0.5499999999999999
page rotation 2 0.2

</system-out><system-err>--------------------------------- Captured Err ---------------------------------

</system-err></testcase><testcase classname="tests.test_features" name="test_mock_stop_at_4" time="33.468"><system-out>--------------------------------- Captured Log ---------------------------------

--------------------------------- Captured Out ---------------------------------
/home/runner/work/ocr-book/ocr-book/tests/0001_4.png
separation double page angle 90.5528088189967
separation double page y=0 2485
page rotation 1 0.5499999999999999
page rotation 2 0.2
image 1 crop x1 327
image 1 crop y1 334
image 1 crop x2 2346
image 1 crop y2 3221
image 2 crop x1 169
image 2 crop y1 648
image 2 crop x2 2186
image 2 crop y2 3361
image 1 dpi 300
image 1 border top 332
image 1 border bottom 268
image 1 border left 220
image 1 border right 220
image 2 dpi 300
image 2 border top 643
image 2 border bottom 131
image 2 border left 221
image 2 border right 221

</system-out><system-err>--------------------------------- Captured Err ---------------------------------

</system-err></testcase><testcase classname="tests.test_features" name="test_mock_stop_at_1" time="27.355"><system-out>--------------------------------- Captured Log ---------------------------------

--------------------------------- Captured Out ---------------------------------
/home/runner/work/ocr-book/ocr-book/tests/0001_1.png
separation double page angle 90.5528088189967
separation double page y=0 2485

</system-out><system-err>--------------------------------- Captured Err ---------------------------------

</system-err></testcase><testcase classname="tests.test_features" name="test_mock_stop_at_3" time="34.140"><system-out>--------------------------------- Captured Log ---------------------------------

--------------------------------- Captured Out ---------------------------------
/home/runner/work/ocr-book/ocr-book/tests/0001_3.png
separation double page angle 90.5528088189967
separation double page y=0 2485
page rotation 1 0.5499999999999999
page rotation 2 0.2
image 1 crop x1 327
image 1 crop y1 334
image 1 crop x2 2346
image 1 crop y2 3221
image 2 crop x1 169
image 2 crop y1 648
image 2 crop x2 2186
image 2 crop y2 3361

</system-out><system-err>--------------------------------- Captured Err ---------------------------------

</system-err></testcase><testcase classname="tests.test_images" name="test_0001_png" time="33.444"><system-out>--------------------------------- Captured Log ---------------------------------

--------------------------------- Captured Out ---------------------------------
/home/runner/work/ocr-book/ocr-book/tests/0001.png
1609617119511621726 : Checking separation double page angle 90.5528088189967
1609617119511741227 : Checking separation double page y=0 2485
1609617120557650113 : Checking page rotation 1 0.5499999999999999
1609617121801799155 : Checking page rotation 2 0.2
1609617123941112940 : Checking image 1 crop x1 327
1609617123941235042 : Checking image 1 crop y1 334
1609617123941275442 : Checking image 1 crop x2 2346
1609617123941309443 : Checking image 1 crop y2 3221
1609617125578991959 : Checking image 2 crop x1 169
1609617125579114961 : Checking image 2 crop y1 648
1609617125579156761 : Checking image 2 crop x2 2186
1609617125579193262 : Checking image 2 crop y2 3361
1609617125579374864 : Checking image 1 dpi 300
1609617125579445165 : Checking image 1 border top 332
1609617125579482765 : Checking image 1 border bottom 268
1609617125579519966 : Checking image 1 border left 220
1609617125579555466 : Checking image 1 border right 220
1609617125581346589 : Checking image 2 dpi 300
1609617125581425090 : Checking image 2 border top 643
1609617125581485491 : Checking image 2 border bottom 131
1609617125581517992 : Checking image 2 border left 221
1609617125581550592 : Checking image 2 border right 221

</system-out><system-err>--------------------------------- Captured Err ---------------------------------

</system-err></testcase><testcase classname="tests.test_features" name="test_mock_stop_at_5" time="34.092"><system-out>--------------------------------- Captured Log ---------------------------------

--------------------------------- Captured Out ---------------------------------
/home/runner/work/ocr-book/ocr-book/tests/0001_5.png
separation double page angle 90.5528088189967
separation double page y=0 2485
page rotation 1 0.5499999999999999
page rotation 2 0.2
image 1 crop x1 327
image 1 crop y1 334
image 1 crop x2 2346
image 1 crop y2 3221
image 2 crop x1 169
image 2 crop y1 648
image 2 crop x2 2186
image 2 crop y2 3361
image 1 dpi 300
image 1 border top 332
image 1 border bottom 268
image 1 border left 220
image 1 border right 220
image 2 dpi 300
image 2 border top 643
image 2 border bottom 131
image 2 border left 221
image 2 border right 221

</system-out><system-err>--------------------------------- Captured Err ---------------------------------

</system-err></testcase><testcase classname="tests.test_images" name="test_black_border_not_removed_png" time="36.033"><system-out>--------------------------------- Captured Log ---------------------------------

--------------------------------- Captured Out ---------------------------------
/home/runner/work/ocr-book/ocr-book/tests/black-border-not-removed.png
1609617154052647212 : Checking separation double page angle 90.033171103531
1609617154052769513 : Checking separation double page y=0 2455
1609617155138171893 : Checking page rotation 1 0.0
1609617156597025339 : Checking page rotation 2 0.05
1609617159387469707 : Checking image 1 crop x1 297
1609617159387587608 : Checking image 1 crop y1 143
1609617159387625909 : Checking image 1 crop x2 2309
1609617159387659909 : Checking image 1 crop y2 3346
1609617161612030328 : Checking image 2 crop x1 157
1609617161612146030 : Checking image 2 crop y1 145
1609617161612184030 : Checking image 2 crop x2 2170
1609617161612220631 : Checking image 2 crop y2 3351
1609617161612407033 : Checking image 1 dpi 300
1609617161612476834 : Checking image 1 border top 132
1609617161612513234 : Checking image 1 border bottom 152
1609617161612549735 : Checking image 1 border left 224
1609617161612584635 : Checking image 1 border right 224
1609617161614514559 : Checking image 2 dpi 300
1609617161614606060 : Checking image 2 border top 134
1609617161614642261 : Checking image 2 border bottom 147
1609617161614677161 : Checking image 2 border left 223
1609617161614711762 : Checking image 2 border right 223

</system-out><system-err>--------------------------------- Captured Err ---------------------------------

</system-err></testcase><testcase classname="tests.test_images" name="test_2_pages_2_contours_png" time="20.745"><system-out>--------------------------------- Captured Log ---------------------------------

--------------------------------- Captured Out ---------------------------------
/home/runner/work/ocr-book/ocr-book/tests/2-pages-2-contours.png
1609617175085623173 : Checking separation double page angle 90.09036871657068
1609617175085750975 : Checking separation double page y=0 2486
1609617175653684384 : Checking page rotation 1 0.0
1609617176752715849 : Checking page rotation 2 0.2
1609617177634752536 : Checking image 1 crop x1 1191
1609617177634849037 : Checking image 1 crop y1 1750
1609617177634882538 : Checking image 1 crop x2 1192
1609617177634913038 : Checking image 1 crop y2 1751
1609617179472286416 : Checking image 2 crop x1 99
1609617179472402917 : Checking image 2 crop y1 240
1609617179472439318 : Checking image 2 crop x2 2147
1609617179472473618 : Checking image 2 crop y2 3240
1609617179472653420 : Checking image 1 dpi 300
1609617179472719821 : Checking image 1 border top 1752
1609617179472751622 : Checking image 1 border bottom 1753
1609617179472784322 : Checking image 1 border left 1239
1609617179472815522 : Checking image 1 border right 1239
1609617179474122038 : Checking image 2 dpi 300
1609617179474208340 : Checking image 2 border top 229
1609617179474240540 : Checking image 2 border bottom 258
1609617179474271740 : Checking image 2 border left 206
1609617179474302341 : Checking image 2 border right 206

</system-out><system-err>--------------------------------- Captured Err ---------------------------------

</system-err></testcase><testcase classname="tests.test_images" name="test_image_failed_to_rotate_png" time="37.972"><system-out>--------------------------------- Captured Log ---------------------------------

--------------------------------- Captured Out ---------------------------------
/home/runner/work/ocr-book/ocr-book/tests/image_failed_to_rotate.png
1609617188178073271 : Checking separation double page angle 90.26767669076624
1609617188178188872 : Checking separation double page y=0 2480
1609617190218018703 : Checking page rotation 1 0.45
1609617191371279936 : Checking page rotation 2 0.2
1609617197056183339 : Checking image 1 crop x1 31
1609617197056321440 : Checking image 1 crop y1 1
1609617197056361841 : Checking image 1 crop x2 2478
1609617197056399841 : Checking image 1 crop y2 3504
1609617199486888384 : Checking image 2 crop x1 169
1609617199487013585 : Checking image 2 crop y1 231
1609617199487053886 : Checking image 2 crop x2 2257
1609617199487092486 : Checking image 2 crop y2 3358
1609617199487278289 : Checking image 1 dpi 300
1609617199487352190 : Checking image 1 border top 2
1609617199487391090 : Checking image 1 border bottom 2
1609617199487428591 : Checking image 1 border left 17
1609617199487465591 : Checking image 1 border right 17
1609617199489288714 : Checking image 2 dpi 300
1609617199489378315 : Checking image 2 border top 218
1609617199489417916 : Checking image 2 border bottom 142
1609617199489471016 : Checking image 2 border left 186
1609617199489508217 : Checking image 2 border right 186

</system-out><system-err>--------------------------------- Captured Err ---------------------------------

</system-err></testcase><testcase classname="tests.test_images" name="test_wrong_split_line_png" time="26.504"><system-out>--------------------------------- Captured Log ---------------------------------

--------------------------------- Captured Out ---------------------------------
/home/runner/work/ocr-book/ocr-book/tests/wrong_split_line.png
1609617200479606945 : Checking separation double page angle 89.93395720607973
1609617200479715046 : Checking separation double page y=0 2465
1609617201439141689 : Checking page rotation 1 -0.04999999999999689
1609617202417301167 : Checking page rotation 2 0.5499999999999999
1609617203759416514 : Checking image 1 crop x1 211
1609617203759527915 : Checking image 1 crop y1 156
1609617203759564816 : Checking image 1 crop x2 2323
1609617203759599216 : Checking image 1 crop y2 3363
1609617205969732558 : Checking image 2 crop x1 125
1609617205969859060 : Checking image 2 crop y1 166
1609617205969899360 : Checking image 2 crop x2 2236
1609617205969937961 : Checking image 2 crop y2 3373
1609617205970135763 : Checking image 1 dpi 300
1609617205970209164 : Checking image 1 border top 134
1609617205970244765 : Checking image 1 border bottom 146
1609617205970280665 : Checking image 1 border left 174
1609617205970315266 : Checking image 1 border right 174
1609617205972235790 : Checking image 2 dpi 300
1609617205972320791 : Checking image 2 border top 146
1609617205972356791 : Checking image 2 border bottom 134
1609617205972391292 : Checking image 2 border left 174
1609617205972424992 : Checking image 2 border right 174

</system-out><system-err>--------------------------------- Captured Err ---------------------------------

</system-err></testcase><testcase classname="tests.test_images" name="test_image_failed_to_crop_data_png" time="50.238"><system-out>--------------------------------- Captured Log ---------------------------------

--------------------------------- Captured Out ---------------------------------
/home/runner/work/ocr-book/ocr-book/tests/image_failed_to_crop_data.png
1609617230931552393 : Checking separation double page angle 90.053197600644
1609617230931669594 : Checking separation double page y=0 2480
1609617235837611279 : Checking page rotation 1 0.15000000000000002
1609617236828911819 : Checking page rotation 2 0.0
1609617247137910759 : Checking image 1 crop x1 51
1609617247138033761 : Checking image 1 crop y1 7
1609617247138074061 : Checking image 1 crop x2 2478
1609617247138110262 : Checking image 1 crop y2 3505
1609617249766239152 : Checking image 2 crop x1 160
1609617249766362454 : Checking image 2 crop y1 217
1609617249766402854 : Checking image 2 crop x2 2242
1609617249766441255 : Checking image 2 crop y2 3350
1609617249766628457 : Checking image 1 dpi 300
1609617249766703858 : Checking image 1 border top 5
1609617249766741458 : Checking image 1 border bottom 5
1609617249766777859 : Checking image 1 border left 27
1609617249766824259 : Checking image 1 border right 27
1609617249768638082 : Checking image 2 dpi 300
1609617249768722783 : Checking image 2 border top 206
1609617249768759883 : Checking image 2 border bottom 148
1609617249768795084 : Checking image 2 border left 189
1609617249768829984 : Checking image 2 border right 189

</system-out><system-err>--------------------------------- Captured Err ---------------------------------

</system-err></testcase><testcase classname="tests.test_images" name="test_crop_too_much_png" time="43.630"><system-out>--------------------------------- Captured Log ---------------------------------

--------------------------------- Captured Out ---------------------------------
/home/runner/work/ocr-book/ocr-book/tests/crop_too_much.png
1609617242563998896 : Checking separation double page angle 90.13239409272954
1609617242564110498 : Checking separation double page y=0 2455
1609617244176398215 : Checking page rotation 1 0.0
1609617245690077403 : Checking page rotation 2 0.2
1609617247913037001 : Checking image 1 crop x1 303
1609617247913159802 : Checking image 1 crop y1 148
1609617247913198903 : Checking image 1 crop x2 2313
1609617247913233903 : Checking image 1 crop y2 3351
1609617249587602130 : Checking image 2 crop x1 162
1609617249587732732 : Checking image 2 crop y1 151
1609617249587772332 : Checking image 2 crop x2 2186
1609617249587809133 : Checking image 2 crop y2 3363
1609617249588001835 : Checking image 1 dpi 300
1609617249588075036 : Checking image 1 border top 132
1609617249588110236 : Checking image 1 border bottom 152
1609617249588146037 : Checking image 1 border left 225
1609617249588180237 : Checking image 1 border right 225
1609617249590172962 : Checking image 2 dpi 300
1609617249590262463 : Checking image 2 border top 132
1609617249590297864 : Checking image 2 border bottom 143
1609617249590331764 : Checking image 2 border left 218
1609617249590365264 : Checking image 2 border right 218

</system-out><system-err>--------------------------------- Captured Err ---------------------------------

</system-err></testcase><testcase classname="tests.test_images" name="test_crop_too_few_png" time="28.343"><system-out>--------------------------------- Captured Log ---------------------------------

--------------------------------- Captured Out ---------------------------------
/home/runner/work/ocr-book/ocr-book/tests/crop_too_few.png
1609617271987233652 : Checking separation double page angle 89.54670238452755
1609617271987355454 : Checking separation double page y=0 2512
1609617273123823065 : Checking page rotation 1 -0.6000000000000009
1609617274304136821 : Checking page rotation 2 0.0
1609617276037393843 : Checking image 1 crop x1 263
1609617276037539345 : Checking image 1 crop y1 150
1609617276037576446 : Checking image 1 crop x2 2379
1609617276037609446 : Checking image 1 crop y2 3358
1609617277954789652 : Checking image 2 crop x1 137
1609617277954913553 : Checking image 2 crop y1 141
1609617277954952654 : Checking image 2 crop x2 2259
1609617277954989254 : Checking image 2 crop y2 3345
1609617277955185757 : Checking image 1 dpi 300
1609617277955261958 : Checking image 1 border top 130
1609617277955296558 : Checking image 1 border bottom 149
1609617277955331859 : Checking image 1 border left 172
1609617277955365859 : Checking image 1 border right 172
1609617277957278683 : Checking image 2 dpi 300
1609617277957363484 : Checking image 2 border top 130
1609617277957398384 : Checking image 2 border bottom 153
1609617277957431885 : Checking image 2 border left 169
1609617277957517486 : Checking image 2 border right 169

</system-out><system-err>--------------------------------- Captured Err ---------------------------------

</system-err></testcase><testcase classname="tests.test_images" name="test_wrong_angle_split_line_png" time="32.741"><system-out>--------------------------------- Captured Log ---------------------------------

--------------------------------- Captured Out ---------------------------------
/home/runner/work/ocr-book/ocr-book/tests/wrong_angle_split_line.png
1609617269092366883 : Checking separation double page angle 90.09193420006348
1609617269092474984 : Checking separation double page y=0 2478
1609617270393952561 : Checking page rotation 1 0.1
1609617271403281801 : Checking page rotation 2 0.1
1609617277336884679 : Checking image 1 crop x1 58
1609617277337003781 : Checking image 1 crop y1 6
1609617277337043281 : Checking image 1 crop x2 2476
1609617277337079082 : Checking image 1 crop y2 3501
1609617281816221207 : Checking image 2 crop x1 166
1609617281816351708 : Checking image 2 crop y1 218
1609617281816392409 : Checking image 2 crop x2 2244
1609617281816432709 : Checking image 2 crop y2 3349
1609617281816620912 : Checking image 1 dpi 300
1609617281816696313 : Checking image 1 border top 6
1609617281816735013 : Checking image 1 border bottom 6
1609617281816771114 : Checking image 1 border left 31
1609617281816807114 : Checking image 1 border right 31
1609617281824333008 : Checking image 2 dpi 300
1609617281824438609 : Checking image 2 border top 207
1609617281824473010 : Checking image 2 border bottom 149
1609617281824505310 : Checking image 2 border left 191
1609617281824557211 : Checking image 2 border right 191

</system-out><system-err>--------------------------------- Captured Err ---------------------------------

</system-err></testcase><testcase classname="tests.test_images" name="test_crop_too_much_2_png" time="50.980"><system-out>--------------------------------- Captured Log ---------------------------------

--------------------------------- Captured Out ---------------------------------
/home/runner/work/ocr-book/ocr-book/tests/crop_too_much_2.png
1609617320657408870 : Checking separation double page angle 90.1149074900787
1609617320657550572 : Checking separation double page y=0 2478
1609617322203614682 : Checking page rotation 1 0.15000000000000002
1609617323912361924 : Checking page rotation 2 0.2
1609617325967178089 : Checking image 1 crop x1 330
1609617325967307090 : Checking image 1 crop y1 132
1609617325967345791 : Checking image 1 crop x2 2342
1609617325967380891 : Checking image 1 crop y2 3335
1609617328890286611 : Checking image 2 crop x1 162
1609617328890413213 : Checking image 2 crop y1 139
1609617328890452713 : Checking image 2 crop x2 2175
1609617328890490114 : Checking image 2 crop y2 3345
1609617328890683816 : Checking image 1 dpi 300
1609617328890761217 : Checking image 1 border top 122
1609617328890797418 : Checking image 1 border bottom 162
1609617328890833118 : Checking image 1 border left 224
1609617328890866918 : Checking image 1 border right 224
1609617328892815043 : Checking image 2 dpi 300
1609617328892895044 : Checking image 2 border top 130
1609617328892928644 : Checking image 2 border bottom 151
1609617328892959844 : Checking image 2 border left 223
1609617328892991145 : Checking image 2 border right 223

</system-out><system-err>--------------------------------- Captured Err ---------------------------------

</system-err></testcase><testcase classname="tests.test_images" name="test_angle_page_lower_split_line_png" time="32.892"><system-out>--------------------------------- Captured Log ---------------------------------

--------------------------------- Captured Out ---------------------------------
/home/runner/work/ocr-book/ocr-book/tests/angle_page_lower_split_line.png
1609617308552096415 : Checking separation double page angle 89.74927707086691
1609617308552213017 : Checking separation double page y=0 2474
1609617310037746160 : Checking page rotation 1 -0.14999999999999067
1609617311353398681 : Checking page rotation 2 0.1
1609617313494253191 : Checking image 1 crop x1 241
1609617313494378193 : Checking image 1 crop y1 156
1609617313494417993 : Checking image 1 crop x2 2357
1609617313494455993 : Checking image 1 crop y2 3368
1609617315474173508 : Checking image 2 crop x1 149
1609617315474297409 : Checking image 2 crop y1 146
1609617315474337110 : Checking image 2 crop x2 2259
1609617315474375510 : Checking image 2 crop y2 3351
1609617315474566413 : Checking image 1 dpi 300
1609617315474637813 : Checking image 1 border top 140
1609617315474673714 : Checking image 1 border bottom 135
1609617315474710614 : Checking image 1 border left 172
1609617315474746815 : Checking image 1 border right 172
1609617315476599638 : Checking image 2 dpi 300
1609617315476678839 : Checking image 2 border top 129
1609617315476714539 : Checking image 2 border bottom 152
1609617315476749540 : Checking image 2 border left 175
1609617315476794340 : Checking image 2 border right 175

</system-out><system-err>--------------------------------- Captured Err ---------------------------------

</system-err></testcase><testcase classname="tests.test_images" name="test_wrong_wave_split_line_png" time="48.370"><system-out>--------------------------------- Captured Log ---------------------------------

--------------------------------- Captured Out ---------------------------------
/home/runner/work/ocr-book/ocr-book/tests/wrong_wave_split_line.png
1609617351799628993 : Checking separation double page angle 90.37878604107719
1609617351799747094 : Checking separation double page y=0 2500
1609617353191222775 : Checking page rotation 1 -0.14999999999999067
1609617354476314335 : Checking page rotation 2 0.9
1609617359101395474 : Checking image 1 crop x1 385
1609617359101568776 : Checking image 1 crop y1 179
1609617359101606977 : Checking image 1 crop x2 2411
1609617359101641177 : Checking image 1 crop y2 3374
1609617363832374745 : Checking image 2 crop x1 17
1609617363832513446 : Checking image 2 crop y1 8
1609617363832556247 : Checking image 2 crop x2 2399
1609617363832596148 : Checking image 2 crop y2 3391
1609617363832761150 : Checking image 1 dpi 300
1609617363832833150 : Checking image 1 border top 173
1609617363832868851 : Checking image 1 border bottom 119
1609617363832905351 : Checking image 1 border left 217
1609617363832941652 : Checking image 1 border right 217
1609617363834733574 : Checking image 2 dpi 300
1609617363834823575 : Checking image 2 border top 0
1609617363834864376 : Checking image 2 border bottom 114
1609617363834899576 : Checking image 2 border left 49
1609617363834934377 : Checking image 2 border right 49

</system-out><system-err>--------------------------------- Captured Err ---------------------------------

</system-err></testcase><testcase classname="tests.test_images" name="test_wrong_split_line_2_png" time="49.603"><system-out>--------------------------------- Captured Log ---------------------------------

--------------------------------- Captured Out ---------------------------------
/home/runner/work/ocr-book/ocr-book/tests/wrong_split_line_2.png
1609617365546447238 : Checking separation double page angle 90.19944704411863
1609617365546555139 : Checking separation double page y=0 2437
1609617367278209351 : Checking page rotation 1 0.2
1609617368872333153 : Checking page rotation 2 0.2
1609617372520606473 : Checking image 1 crop x1 294
1609617372520725875 : Checking image 1 crop y1 136
1609617372520760075 : Checking image 1 crop x2 2325
1609617372520796376 : Checking image 1 crop y2 3376
1609617378517066252 : Checking image 2 crop x1 136
1609617378517199654 : Checking image 2 crop y1 190
1609617378517239254 : Checking image 2 crop x2 2172
1609617378517277355 : Checking image 2 crop y2 3389
1609617378517505458 : Checking image 1 dpi 300
1609617378517593959 : Checking image 1 border top 131
1609617378517629059 : Checking image 1 border bottom 116
1609617378517664960 : Checking image 1 border left 214
1609617378517698960 : Checking image 1 border right 214
1609617378519651984 : Checking image 2 dpi 300
1609617378519735185 : Checking image 2 border top 181
1609617378519770886 : Checking image 2 border bottom 107
1609617378519804086 : Checking image 2 border left 212
1609617378519837387 : Checking image 2 border right 212

</system-out><system-err>--------------------------------- Captured Err ---------------------------------

</system-err></testcase><testcase classname="tests.test_images" name="test_no_split_line_line_algo_png" time="32.382"><system-out>--------------------------------- Captured Log ---------------------------------

--------------------------------- Captured Out ---------------------------------
/home/runner/work/ocr-book/ocr-book/tests/no_split_line_line_algo.png
1609617388897515980 : Checking separation double page angle 89.47691469185418
1609617388897624682 : Checking separation double page y=0 2476
1609617389848979699 : Checking page rotation 1 -0.14999999999999067
1609617391279440660 : Checking page rotation 2 -0.14999999999999067
1609617392660918773 : Checking image 1 crop x1 205
1609617392661036675 : Checking image 1 crop y1 158
1609617392661074275 : Checking image 1 crop x2 2320
1609617392661110876 : Checking image 1 crop y2 3366
1609617396248889322 : Checking image 2 crop x1 185
1609617396249012623 : Checking image 2 crop y1 225
1609617396249051224 : Checking image 2 crop x2 2204
1609617396249087624 : Checking image 2 crop y2 3362
1609617396249266926 : Checking image 1 dpi 300
1609617396249336227 : Checking image 1 border top 144
1609617396249369628 : Checking image 1 border bottom 134
1609617396249403728 : Checking image 1 border left 172
1609617396249437229 : Checking image 1 border right 172
1609617396251307852 : Checking image 2 dpi 300
1609617396251392353 : Checking image 2 border top 223
1609617396251428553 : Checking image 2 border bottom 127
1609617396251463254 : Checking image 2 border left 220
1609617396251497954 : Checking image 2 border right 220

</system-out><system-err>--------------------------------- Captured Err ---------------------------------

</system-err></testcase><testcase classname="tests.test_images" name="test_small_wave_png" time="43.995"><system-out>--------------------------------- Captured Log ---------------------------------

--------------------------------- Captured Out ---------------------------------
/home/runner/work/ocr-book/ocr-book/tests/small_wave.png
1609617417169192067 : Checking separation double page angle 90.58816928841564
1609617417169315868 : Checking separation double page y=0 2497
1609617418778981453 : Checking page rotation 1 0.65
1609617420127639797 : Checking page rotation 2 0.65
1609617421272187007 : Checking image 1 crop x1 320
1609617421272310808 : Checking image 1 crop y1 199
1609617421272350509 : Checking image 1 crop x2 2353
1609617421272385409 : Checking image 1 crop y2 3394
1609617422517645770 : Checking image 2 crop x1 130
1609617422517765671 : Checking image 2 crop y1 222
1609617422517805072 : Checking image 2 crop x2 2163
1609617422517843172 : Checking image 2 crop y2 3420
1609617422518030774 : Checking image 1 dpi 300
1609617422518104975 : Checking image 1 border top 179
1609617422518139676 : Checking image 1 border bottom 112
1609617422518174576 : Checking image 1 border left 213
1609617422518207777 : Checking image 1 border right 213
1609617422520159101 : Checking image 2 dpi 300
1609617422520245202 : Checking image 2 border top 197
1609617422520280202 : Checking image 2 border bottom 92
1609617422520313603 : Checking image 2 border left 213
1609617422520347103 : Checking image 2 border right 213

</system-out><system-err>--------------------------------- Captured Err ---------------------------------

</system-err></testcase><testcase classname="tests.test_images" name="test_failed_split_line_line_algo_png" time="16.497"><system-out>--------------------------------- Captured Log ---------------------------------

--------------------------------- Captured Out ---------------------------------
/home/runner/work/ocr-book/ocr-book/tests/failed_split_line_line_algo.png
1609617409074491634 : Checking separation double page angle 90.04134220573248
1609617409074600735 : Checking separation double page y=0 2573
1609617409738722585 : Checking page rotation 1 -0.09999999999999377
1609617410289540026 : Checking page rotation 2 0.1
1609617411909152744 : Checking image 1 crop x1 408
1609617411909268845 : Checking image 1 crop y1 2926
1609617411909303645 : Checking image 1 crop x2 2420
1609617411909335046 : Checking image 1 crop y2 3173
1609617412773798783 : Checking image 2 crop x1 1184
1609617412773908385 : Checking image 2 crop y1 1745
1609617412773946985 : Checking image 2 crop x2 1185
1609617412773980286 : Checking image 2 crop y2 1746
1609617412774115887 : Checking image 1 dpi 300
1609617412774190688 : Checking image 1 border top 2922
1609617412774224289 : Checking image 1 border bottom 318
1609617412774258289 : Checking image 1 border left 224
1609617412774292889 : Checking image 1 border right 224
1609617412775526405 : Checking image 2 dpi 300
1609617412775597806 : Checking image 2 border top 1753
1609617412775629406 : Checking image 2 border bottom 1753
1609617412775659806 : Checking image 2 border left 1239
1609617412775690007 : Checking image 2 border right 1239

</system-out><system-err>--------------------------------- Captured Err ---------------------------------

</system-err></testcase><testcase classname="tests.test_images" name="test_failed_split_line_line_algo_2_png" time="36.781"><system-out>--------------------------------- Captured Log ---------------------------------

--------------------------------- Captured Out ---------------------------------
/home/runner/work/ocr-book/ocr-book/tests/failed_split_line_line_algo_2.png
1609617444357873011 : Checking separation double page angle 90.03068774449687
1609617444358000412 : Checking separation double page y=0 2500
1609617445705514355 : Checking page rotation 1 0.05
1609617446819014991 : Checking page rotation 2 0.5499999999999999
1609617448171394793 : Checking image 1 crop x1 271
1609617448171534095 : Checking image 1 crop y1 149
1609617448171571895 : Checking image 1 crop x2 2382
1609617448171607395 : Checking image 1 crop y2 3354
1609617449516312602 : Checking image 2 crop x1 120
1609617449516438303 : Checking image 2 crop y1 155
1609617449516479104 : Checking image 2 crop x2 2244
1609617449516516904 : Checking image 2 crop y2 3350
1609617449516702007 : Checking image 1 dpi 300
1609617449516776808 : Checking image 1 border top 141
1609617449516813708 : Checking image 1 border bottom 141
1609617449516850508 : Checking image 1 border left 174
1609617449516887209 : Checking image 1 border right 174
1609617449518756932 : Checking image 2 dpi 300
1609617449518847833 : Checking image 2 border top 140
1609617449518884234 : Checking image 2 border bottom 152
1609617449518919134 : Checking image 2 border left 168
1609617449518954035 : Checking image 2 border right 168

</system-out><system-err>--------------------------------- Captured Err ---------------------------------

</system-err></testcase><testcase classname="tests.test_images" name="test_wrong_split_line_3_png" time="33.444"><system-out>--------------------------------- Captured Log ---------------------------------

--------------------------------- Captured Out ---------------------------------
/home/runner/work/ocr-book/ocr-book/tests/wrong_split_line_3.png
1609617450362093310 : Checking separation double page angle 90.43729500214694
1609617450362737218 : Checking separation double page y=0 2498
1609617451766842862 : Checking page rotation 1 0.2
1609617452875473735 : Checking page rotation 2 0.85
1609617454348512336 : Checking image 1 crop x1 331
1609617454348635038 : Checking image 1 crop y1 166
1609617454348674438 : Checking image 1 crop x2 2377
1609617454348711639 : Checking image 1 crop y2 3375
1609617455983843964 : Checking image 2 crop x1 102
1609617455983959065 : Checking image 2 crop y1 207
1609617455983998066 : Checking image 2 crop x2 2135
1609617455984036266 : Checking image 2 crop y2 3414
1609617455984228468 : Checking image 1 dpi 300
1609617455984305669 : Checking image 1 border top 158
1609617455984340170 : Checking image 1 border bottom 120
1609617455984375270 : Checking image 1 border left 207
1609617455984409671 : Checking image 1 border right 207
1609617455986269594 : Checking image 2 dpi 300
1609617455986351895 : Checking image 2 border top 186
1609617455986388495 : Checking image 2 border bottom 94
1609617455986421996 : Checking image 2 border left 213
1609617455986455196 : Checking image 2 border right 213

</system-out><system-err>--------------------------------- Captured Err ---------------------------------

</system-err></testcase><testcase classname="tests.test_images" name="test_crop_too_much_3_png" time="37.888"><system-out>--------------------------------- Captured Log ---------------------------------

--------------------------------- Captured Out ---------------------------------
/home/runner/work/ocr-book/ocr-book/tests/crop_too_much_3.png
1609617481369503718 : Checking separation double page angle 89.49330634783144
1609617481370207927 : Checking separation double page y=0 2498
1609617482426717947 : Checking page rotation 1 -0.8999999999999949
1609617483779090340 : Checking page rotation 2 -0.14999999999999067
1609617485591283744 : Checking image 1 crop x1 374
1609617485591415545 : Checking image 1 crop y1 258
1609617485591453346 : Checking image 1 crop x2 2385
1609617485591487346 : Checking image 1 crop y2 3459
1609617487413841876 : Checking image 2 crop x1 168
1609617487413968277 : Checking image 2 crop y1 228
1609617487414008578 : Checking image 2 crop x2 2181
1609617487414048078 : Checking image 2 crop y2 3417
1609617487414231281 : Checking image 1 dpi 300
1609617487414303081 : Checking image 1 border top 239
1609617487414338982 : Checking image 1 border bottom 47
1609617487414375582 : Checking image 1 border left 224
1609617487414410883 : Checking image 1 border right 224
1609617487416246406 : Checking image 2 dpi 300
1609617487416325307 : Checking image 2 border top 209
1609617487416361507 : Checking image 2 border bottom 89
1609617487416395507 : Checking image 2 border left 223
1609617487416433308 : Checking image 2 border right 223

</system-out><system-err>--------------------------------- Captured Err ---------------------------------

</system-err></testcase><testcase classname="tests.test_images" name="test_wrong_wave_split_line_2_png" time="39.949"><system-out>--------------------------------- Captured Log ---------------------------------

--------------------------------- Captured Out ---------------------------------
/home/runner/work/ocr-book/ocr-book/tests/wrong_wave_split_line_2.png
1609617489507327572 : Checking separation double page angle 90.7708958311329
1609617489507426073 : Checking separation double page y=0 2490
1609617490738765763 : Checking page rotation 1 0.2
1609617491981109990 : Checking page rotation 2 1.65
1609617493366467393 : Checking image 1 crop x1 227
1609617493366588294 : Checking image 1 crop y1 147
1609617493366627395 : Checking image 1 crop x2 2342
1609617493366664895 : Checking image 1 crop y2 3353
1609617495926709185 : Checking image 2 crop x1 106
1609617495926829187 : Checking image 2 crop y1 195
1609617495926866987 : Checking image 2 crop x2 2231
1609617495926903288 : Checking image 2 crop y2 3398
1609617495927091490 : Checking image 1 dpi 300
1609617495927163891 : Checking image 1 border top 136
1609617495927195591 : Checking image 1 border bottom 145
1609617495927227792 : Checking image 1 border left 172
1609617495927258592 : Checking image 1 border right 172
1609617495929071015 : Checking image 2 dpi 300
1609617495929149016 : Checking image 2 border top 165
1609617495929181516 : Checking image 2 border bottom 118
1609617495929212416 : Checking image 2 border left 167
1609617495929245517 : Checking image 2 border right 167

</system-out><system-err>--------------------------------- Captured Err ---------------------------------

</system-err></testcase><testcase classname="tests.test_images" name="test_wrong_wave_split_line_3_png" time="35.732"><system-out>--------------------------------- Captured Log ---------------------------------

--------------------------------- Captured Out ---------------------------------
/home/runner/work/ocr-book/ocr-book/tests/wrong_wave_split_line_3.png
1609617517901148719 : Checking separation double page angle 90.05826063695574
1609617517901260120 : Checking separation double page y=0 2514
1609617519152863652 : Checking page rotation 1 0.0
1609617520222235837 : Checking page rotation 2 0.2
1609617521897619850 : Checking image 1 crop x1 274
1609617521897754452 : Checking image 1 crop y1 221
1609617521897791752 : Checking image 1 crop x2 2383
1609617521897825553 : Checking image 1 crop y2 3422
1609617523166795417 : Checking image 2 crop x1 112
1609617523166910119 : Checking image 2 crop y1 225
1609617523166947419 : Checking image 2 crop x2 2238
1609617523166984020 : Checking image 2 crop y2 3415
1609617523167158922 : Checking image 1 dpi 300
1609617523167226623 : Checking image 1 border top 201
1609617523167259923 : Checking image 1 border bottom 85
1609617523167294224 : Checking image 1 border left 175
1609617523167327624 : Checking image 1 border right 175
1609617523169150347 : Checking image 2 dpi 300
1609617523169232648 : Checking image 2 border top 207
1609617523169268348 : Checking image 2 border bottom 90
1609617523169302848 : Checking image 2 border left 167
1609617523169337549 : Checking image 2 border right 167

</system-out><system-err>--------------------------------- Captured Err ---------------------------------

</system-err></testcase><testcase classname="tests.test_images" name="test_no_split_line_wave_algo_png" time="48.277"><system-out>--------------------------------- Captured Log ---------------------------------

--------------------------------- Captured Out ---------------------------------
/home/runner/work/ocr-book/ocr-book/tests/no_split_line_wave_algo.png
1609617524687611411 : Checking separation double page angle 89.72500000000001
1609617524687726712 : Checking separation double page y=0 2484
1609617528005953230 : Checking page rotation 1 0.0
1609617529276942913 : Checking page rotation 2 -0.44999999999999746
1609617538339986410 : Checking image 1 crop x1 97
1609617538340095612 : Checking image 1 crop y1 79
1609617538340133612 : Checking image 1 crop x2 2494
1609617538340168913 : Checking image 1 crop y2 3505
1609617544169038212 : Checking image 2 crop x1 163
1609617544169156513 : Checking image 2 crop y1 267
1609617544169196914 : Checking image 2 crop x2 2238
1609617544169236314 : Checking image 2 crop y2 3380
1609617544169430117 : Checking image 1 dpi 300
1609617544169525418 : Checking image 1 border top 41
1609617544169560218 : Checking image 1 border bottom 41
1609617544169595419 : Checking image 1 border left 42
1609617544169628819 : Checking image 1 border right 42
1609617544171450842 : Checking image 2 dpi 300
1609617544171527343 : Checking image 2 border top 255
1609617544171559743 : Checking image 2 border bottom 119
1609617544171590544 : Checking image 2 border left 192
1609617544171621344 : Checking image 2 border right 192

</system-out><system-err>--------------------------------- Captured Err ---------------------------------

</system-err></testcase><testcase classname="tests.test_images" name="test_no_split_line_wave_algo_2_png" time="29.317"><system-out>--------------------------------- Captured Log ---------------------------------

--------------------------------- Captured Out ---------------------------------
/home/runner/work/ocr-book/ocr-book/tests/no_split_line_wave_algo_2.png
1609617547625201177 : Checking separation double page angle 90.54999999999998
1609617547625306178 : Checking separation double page y=0 2478
1609617548711220946 : Checking page rotation 1 1.0999999999999999
1609617549837636317 : Checking page rotation 2 0.2
1609617551271540199 : Checking image 1 crop x1 266
1609617551271671801 : Checking image 1 crop y1 210
1609617551271712301 : Checking image 1 crop x2 2342
1609617551271753602 : Checking image 1 crop y2 3413
1609617552486609608 : Checking image 2 crop x1 168
1609617552486718809 : Checking image 2 crop y1 241
1609617552486751510 : Checking image 2 crop x2 2251
1609617552486783210 : Checking image 2 crop y2 3433
1609617552486937512 : Checking image 1 dpi 300
1609617552487000713 : Checking image 1 border top 192
1609617552487030013 : Checking image 1 border bottom 91
1609617552487059713 : Checking image 1 border left 192
1609617552487089414 : Checking image 1 border right 192
1609617552488927236 : Checking image 2 dpi 300
1609617552489014537 : Checking image 2 border top 224
1609617552489050538 : Checking image 2 border bottom 71
1609617552489085138 : Checking image 2 border left 188
1609617552489120439 : Checking image 2 border right 188

</system-out><system-err>--------------------------------- Captured Err ---------------------------------

</system-err></testcase><testcase classname="tests.test_images" name="test_crop_too_few_2_png" time="29.941"><system-out>--------------------------------- Captured Log ---------------------------------

--------------------------------- Captured Out ---------------------------------
/home/runner/work/ocr-book/ocr-book/tests/crop_too_few_2.png
1609617568003708579 : Checking separation double page angle 90.30476192320097
1609617568003830781 : Checking separation double page y=0 2531
1609617569108487979 : Checking page rotation 1 1.0999999999999999
1609617570320583109 : Checking page rotation 2 -0.04999999999999689
1609617572100600081 : Checking image 1 crop x1 289
1609617572100712683 : Checking image 1 crop y1 165
1609617572100747483 : Checking image 1 crop x2 2400
1609617572100780384 : Checking image 1 crop y2 3367
1609617574172202270 : Checking image 2 crop x1 149
1609617574172329771 : Checking image 2 crop y1 189
1609617574172365072 : Checking image 2 crop x2 2273
1609617574172399472 : Checking image 2 crop y2 3386
1609617574172585674 : Checking image 1 dpi 300
1609617574172660175 : Checking image 1 border top 157
1609617574172692476 : Checking image 1 border bottom 128
1609617574172725576 : Checking image 1 border left 174
1609617574172758877 : Checking image 1 border right 174
1609617574174619400 : Checking image 2 dpi 300
1609617574174702601 : Checking image 2 border top 181
1609617574174742101 : Checking image 2 border bottom 109
1609617574174775602 : Checking image 2 border left 168
1609617574174808902 : Checking image 2 border right 168

</system-out><system-err>--------------------------------- Captured Err ---------------------------------

</system-err></testcase><testcase classname="tests.test_images" name="test_failed_detect_rectangle_png" time="35.325"><system-out>--------------------------------- Captured Log ---------------------------------

--------------------------------- Captured Out ---------------------------------
/home/runner/work/ocr-book/ocr-book/tests/failed_detect_rectangle.png
1609617581872795726 : Checking separation double page angle 90.19837516213148
1609617581872909027 : Checking separation double page y=0 2474
1609617583228407250 : Checking page rotation 1 0.2
1609617584849365117 : Checking page rotation 2 0.15000000000000002
1609617586079375144 : Checking image 1 crop x1 257
1609617586079498845 : Checking image 1 crop y1 201
1609617586079537746 : Checking image 1 crop x2 2333
1609617586079573446 : Checking image 1 crop y2 3402
1609617587803276584 : Checking image 2 crop x1 135
1609617587803410185 : Checking image 2 crop y1 214
1609617587803449086 : Checking image 2 crop x2 2219
1609617587803484686 : Checking image 2 crop y2 3406
1609617587803676789 : Checking image 1 dpi 300
1609617587803750690 : Checking image 1 border top 188
1609617587803786290 : Checking image 1 border bottom 97
1609617587803822690 : Checking image 1 border left 192
1609617587803857791 : Checking image 1 border right 192
1609617587805701614 : Checking image 2 dpi 300
1609617587805784815 : Checking image 2 border top 202
1609617587805818715 : Checking image 2 border bottom 93
1609617587805851516 : Checking image 2 border left 188
1609617587805883616 : Checking image 2 border right 188

</system-out><system-err>--------------------------------- Captured Err ---------------------------------

</system-err></testcase><testcase classname="tests.test_images" name="test_single_page_png" time="6.824"><system-out>--------------------------------- Captured Log ---------------------------------

--------------------------------- Captured Out ---------------------------------
/home/runner/work/ocr-book/ocr-book/tests/single_page.png
1609617578236682100 : Checking separation double page angle 90.04999999999998
1609617578236819902 : Checking separation double page y=0 2476
1609617579048207172 : Checking page rotation 1 0.0
1609617579145008973 : Checking page rotation 2 0.0
1609617580530185864 : Checking image 1 crop x1 1
1609617580530275265 : Checking image 1 crop y1 8
1609617580530314065 : Checking image 1 crop x2 2470
1609617580530346466 : Checking image 1 crop y2 3505
1609617580655571020 : Checking image 2 crop x1 0
1609617580655645921 : Checking image 2 crop y1 0
1609617580655673321 : Checking image 2 crop x2 0
1609617580655699221 : Checking image 2 crop y2 0
1609617580655757822 : Checking image 1 dpi 300
1609617580655814723 : Checking image 1 border top 5
1609617580655844323 : Checking image 1 border bottom 5
1609617580655873124 : Checking image 1 border left 6
1609617580655902224 : Checking image 1 border right 6
1609617580661780697 : Checking image 2 border top 0
1609617580661841798 : Checking image 2 border bottom 0
1609617580661871998 : Checking image 2 border left 0
1609617580661901198 : Checking image 2 border right 0

</system-out><system-err>--------------------------------- Captured Err ---------------------------------

</system-err></testcase><testcase classname="tests.test_images" name="test_wrong_split_line_4_png" time="17.102"><system-out>--------------------------------- Captured Log ---------------------------------

--------------------------------- Captured Out ---------------------------------
/home/runner/work/ocr-book/ocr-book/tests/wrong_split_line_4.png
1609617594712123829 : Checking separation double page angle 91.04999999999998
1609617594712233130 : Checking separation double page y=0 60
1609617594805082680 : Checking page rotation 1 1.0
1609617595798872189 : Checking page rotation 2 1.05
1609617596219825302 : Checking image 1 crop x1 0
1609617596219892003 : Checking image 1 crop y1 0
1609617596219915903 : Checking image 1 crop x2 0
1609617596219939104 : Checking image 1 crop y2 0
1609617598144191136 : Checking image 2 crop x1 291
1609617598144307237 : Checking image 2 crop y1 330
1609617598144343437 : Checking image 2 crop x2 2316
1609617598144377938 : Checking image 2 crop y2 3217
1609617598144551340 : Checking image 1 border top 0
1609617598144586140 : Checking image 1 border bottom 0
1609617598144618941 : Checking image 1 border left 0
1609617598144648541 : Checking image 1 border right 0
1609617598144697342 : Checking image 2 dpi 300
1609617598144765543 : Checking image 2 border top 322
1609617598144799043 : Checking image 2 border bottom 278
1609617598144829043 : Checking image 2 border left 217
1609617598144860544 : Checking image 2 border right 217

</system-out><system-err>--------------------------------- Captured Err ---------------------------------

</system-err></testcase><testcase classname="tests.test_images" name="test_no_split_line_wave_algo_3_png" time="10.219"><system-out>--------------------------------- Captured Log ---------------------------------

--------------------------------- Captured Out ---------------------------------
/home/runner/work/ocr-book/ocr-book/tests/no_split_line_wave_algo_3.png
1609617595901418759 : Checking separation double page angle 90.14999999999998
1609617595901551060 : Checking separation double page y=0 2408
1609617596779499034 : Checking page rotation 1 -0.09999999999999377
1609617596897955101 : Checking page rotation 2 0.0
1609617597660797949 : Checking image 1 crop x1 182
1609617597660884550 : Checking image 1 crop y1 2955
1609617597660920850 : Checking image 1 crop x2 2199
1609617597660954451 : Checking image 1 crop y2 3203
1609617598018903684 : Checking image 2 crop x1 0
1609617598018978585 : Checking image 2 crop y1 0
1609617598019009785 : Checking image 2 crop x2 0
1609617598019039486 : Checking image 2 crop y2 0
1609617598019103586 : Checking image 1 dpi 300
1609617598019165787 : Checking image 1 border top 2951
1609617598019199288 : Checking image 1 border bottom 288
1609617598019231288 : Checking image 1 border left 221
1609617598019263188 : Checking image 1 border right 221
1609617598023943446 : Checking image 2 border top 0
1609617598023996047 : Checking image 2 border bottom 0
1609617598024024747 : Checking image 2 border left 0
1609617598024053348 : Checking image 2 border right 0

</system-out><system-err>--------------------------------- Captured Err ---------------------------------

</system-err></testcase><testcase classname="tests.test_images" name="test_failed_split_line_line_algo_3_png" time="12.755"><system-out>--------------------------------- Captured Log ---------------------------------

--------------------------------- Captured Out ---------------------------------
/home/runner/work/ocr-book/ocr-book/tests/failed_split_line_line_algo_3.png
1609617608559400680 : Checking separation double page angle 90.0
1609617608559525081 : Checking separation double page y=0 40
1609617608628355035 : Checking page rotation 1 0.0
1609617609267059562 : Checking page rotation 2 -0.04999999999999689
1609617609574760181 : Checking image 1 crop x1 0
1609617609574830882 : Checking image 1 crop y1 0
1609617609574860882 : Checking image 1 crop x2 0
1609617609574907382 : Checking image 1 crop y2 0
1609617610914685110 : Checking image 2 crop x1 247
1609617610914775311 : Checking image 2 crop y1 153
1609617610914812011 : Checking image 2 crop x2 2260
1609617610914846712 : Checking image 2 crop y2 3360
1609617610914955113 : Checking image 1 border top 0
1609617610914991414 : Checking image 1 border bottom 0
1609617610915024214 : Checking image 1 border left 0
1609617610915056614 : Checking image 1 border right 0
1609617610915101315 : Checking image 2 dpi 300
1609617610915160016 : Checking image 2 border top 144
1609617610915192916 : Checking image 2 border bottom 136
1609617610915225916 : Checking image 2 border left 223
1609617610915258517 : Checking image 2 border right 223

</system-out><system-err>--------------------------------- Captured Err ---------------------------------

</system-err></testcase></testsuite></testsuites>