<?xml version="1.0" encoding="utf-8"?><testsuites><testsuite name="pytest" errors="0" failures="0" skipped="0" tests="36" time="315.283" timestamp="2021-05-17T10:57:43.861781" hostname="fv-az203-752"><testcase classname="tests.test_features" name="test_disabled_enable_debug" time="17.837"><system-out>--------------------------------- Captured Log ---------------------------------

--------------------------------- Captured Out ---------------------------------
/home/runner/work/diptych/diptych/tests/0001_debug.png
separation double page angle 90.55756528497216
separation double page y=0 2484
page rotation 1 0.65
page rotation 2 0.2
image 1 crop x1 329
image 1 crop y1 335
image 1 crop x2 2344
image 1 crop y2 3222
image 2 crop x1 171
image 2 crop y1 648
image 2 crop x2 2188
image 2 crop y2 3361
image 1 dpi 300
image 1 border top 327
image 1 border bottom 273
image 1 border left 222
image 1 border right 222
image 2 dpi 300
image 2 border top 643
image 2 border bottom 131
image 2 border left 221
image 2 border right 221

</system-out><system-err>--------------------------------- Captured Err ---------------------------------

</system-err></testcase><testcase classname="tests.test_features" name="test_mock_stop_at_0" time="0.042"><system-out>--------------------------------- Captured Log ---------------------------------

--------------------------------- Captured Out ---------------------------------
/home/runner/work/diptych/diptych/tests/0001_0.png

</system-out><system-err>--------------------------------- Captured Err ---------------------------------

</system-err></testcase><testcase classname="tests.test_features" name="test_mock_stop_at_2" time="13.178"><system-out>--------------------------------- Captured Log ---------------------------------

--------------------------------- Captured Out ---------------------------------
/home/runner/work/diptych/diptych/tests/0001_2.png
separation double page angle 90.55756528497216
separation double page y=0 2484
page rotation 1 0.65
page rotation 2 0.2

</system-out><system-err>--------------------------------- Captured Err ---------------------------------

</system-err></testcase><testcase classname="tests.test_features" name="test_mock_stop_at_4" time="16.547"><system-out>--------------------------------- Captured Log ---------------------------------

--------------------------------- Captured Out ---------------------------------
/home/runner/work/diptych/diptych/tests/0001_4.png
separation double page angle 90.55756528497216
separation double page y=0 2484
page rotation 1 0.65
page rotation 2 0.2
image 1 crop x1 329
image 1 crop y1 335
image 1 crop x2 2344
image 1 crop y2 3222
image 2 crop x1 171
image 2 crop y1 648
image 2 crop x2 2188
image 2 crop y2 3361
image 1 dpi 300
image 1 border top 326
image 1 border bottom 274
image 1 border left 222
image 1 border right 222
image 2 dpi 300
image 2 border top 643
image 2 border bottom 131
image 2 border left 221
image 2 border right 221

</system-out><system-err>--------------------------------- Captured Err ---------------------------------

</system-err></testcase><testcase classname="tests.test_features" name="test_mock_stop_at_1" time="11.007"><system-out>--------------------------------- Captured Log ---------------------------------

--------------------------------- Captured Out ---------------------------------
/home/runner/work/diptych/diptych/tests/0001_1.png
separation double page angle 90.55756528497216
separation double page y=0 2484

</system-out><system-err>--------------------------------- Captured Err ---------------------------------

</system-err></testcase><testcase classname="tests.test_features" name="test_mock_stop_at_3" time="18.572"><system-out>--------------------------------- Captured Log ---------------------------------

--------------------------------- Captured Out ---------------------------------
/home/runner/work/diptych/diptych/tests/0001_3.png
separation double page angle 90.55756528497216
separation double page y=0 2484
page rotation 1 0.65
page rotation 2 0.2
image 1 crop x1 329
image 1 crop y1 335
image 1 crop x2 2344
image 1 crop y2 3222
image 2 crop x1 171
image 2 crop y1 648
image 2 crop x2 2188
image 2 crop y2 3361

</system-out><system-err>--------------------------------- Captured Err ---------------------------------

</system-err></testcase><testcase classname="tests.test_images" name="test_0001_png" time="15.589"><system-out>--------------------------------- Captured Log ---------------------------------

--------------------------------- Captured Out ---------------------------------
/home/runner/work/diptych/diptych/tests/0001.png
1621249104207554207 : Checking separation double page angle 90.55756528497216
1621249104207661009 : Checking separation double page y=0 2484
1621249104992671270 : Checking page rotation 1 0.65
1621249105980275276 : Checking page rotation 2 0.2
1621249108185280290 : Checking image 1 crop x1 329
1621249108185388993 : Checking image 1 crop y1 335
1621249108185421593 : Checking image 1 crop x2 2344
1621249108185450294 : Checking image 1 crop y2 3222
1621249110211161734 : Checking image 2 crop x1 171
1621249110211263336 : Checking image 2 crop y1 648
1621249110211297436 : Checking image 2 crop x2 2188
1621249110211326637 : Checking image 2 crop y2 3361
1621249110211481040 : Checking image 1 dpi 300
1621249110211540341 : Checking image 1 border top 326
1621249110211570442 : Checking image 1 border bottom 274
1621249110211597742 : Checking image 1 border left 222
1621249110211624243 : Checking image 1 border right 222
1621249110214115393 : Checking image 2 dpi 300
1621249110214198095 : Checking image 2 border top 643
1621249110214226696 : Checking image 2 border bottom 131
1621249110214269796 : Checking image 2 border left 221
1621249110214296497 : Checking image 2 border right 221

</system-out><system-err>--------------------------------- Captured Err ---------------------------------

</system-err></testcase><testcase classname="tests.test_images" name="test_black_border_not_removed_png" time="16.895"><system-out>--------------------------------- Captured Log ---------------------------------

--------------------------------- Captured Out ---------------------------------
/home/runner/work/diptych/diptych/tests/black-border-not-removed.png
1621249119304942389 : Checking separation double page angle 90.01516396500199
1621249119305036491 : Checking separation double page y=0 2455
1621249120154709363 : Checking page rotation 1 0.0
1621249121240860070 : Checking page rotation 2 0.1
1621249123276742095 : Checking image 1 crop x1 297
1621249123276848297 : Checking image 1 crop y1 143
1621249123276878698 : Checking image 1 crop x2 2309
1621249123276906798 : Checking image 1 crop y2 3346
1621249127107617174 : Checking image 2 crop x1 154
1621249127107727676 : Checking image 2 crop y1 144
1621249127107759477 : Checking image 2 crop x2 2168
1621249127107787378 : Checking image 2 crop y2 3351
1621249127107939081 : Checking image 1 dpi 300
1621249127108000182 : Checking image 1 border top 131
1621249127108026582 : Checking image 1 border bottom 153
1621249127108052083 : Checking image 1 border left 224
1621249127108077083 : Checking image 1 border right 224
1621249127110412231 : Checking image 2 dpi 300
1621249127110495832 : Checking image 2 border top 133
1621249127110522533 : Checking image 2 border bottom 147
1621249127110548533 : Checking image 2 border left 223
1621249127110572734 : Checking image 2 border right 223

</system-out><system-err>--------------------------------- Captured Err ---------------------------------

</system-err></testcase><testcase classname="tests.test_features" name="test_mock_stop_at_5" time="18.617"><system-out>--------------------------------- Captured Log ---------------------------------

--------------------------------- Captured Out ---------------------------------
/home/runner/work/diptych/diptych/tests/0001_5.png
separation double page angle 90.55756528497216
separation double page y=0 2484
page rotation 1 0.65
page rotation 2 0.2
image 1 crop x1 329
image 1 crop y1 335
image 1 crop x2 2344
image 1 crop y2 3222
image 2 crop x1 171
image 2 crop y1 648
image 2 crop x2 2188
image 2 crop y2 3361
image 1 dpi 300
image 1 border top 326
image 1 border bottom 274
image 1 border left 222
image 1 border right 222
image 2 dpi 300
image 2 border top 643
image 2 border bottom 131
image 2 border left 221
image 2 border right 221

</system-out><system-err>--------------------------------- Captured Err ---------------------------------

</system-err></testcase><testcase classname="tests.test_images" name="test_image_failed_to_rotate_png" time="24.497"><system-out>--------------------------------- Captured Log ---------------------------------

--------------------------------- Captured Out ---------------------------------
/home/runner/work/diptych/diptych/tests/image_failed_to_rotate.png
1621249140160123711 : Checking separation double page angle 90.35651650869968
1621249140160229813 : Checking separation double page y=0 2483
1621249141899180077 : Checking page rotation 1 0.45
1621249142962426790 : Checking page rotation 2 0.2
1621249148215951048 : Checking image 1 crop x1 31
1621249148216077950 : Checking image 1 crop y1 1
1621249148216114451 : Checking image 1 crop x2 2481
1621249148216149552 : Checking image 1 crop y2 3504
1621249151509959348 : Checking image 2 crop x1 171
1621249151510074150 : Checking image 2 crop y1 231
1621249151510110651 : Checking image 2 crop x2 2259
1621249151510144452 : Checking image 2 crop y2 3358
1621249151510328955 : Checking image 1 dpi 300
1621249151510403057 : Checking image 1 border top 2
1621249151510437258 : Checking image 1 border bottom 2
1621249151510469258 : Checking image 1 border left 15
1621249151510500459 : Checking image 1 border right 15
1621249151513239814 : Checking image 2 dpi 300
1621249151513319416 : Checking image 2 border top 217
1621249151513351116 : Checking image 2 border bottom 143
1621249151513381717 : Checking image 2 border left 186
1621249151513411417 : Checking image 2 border right 186

</system-out><system-err>--------------------------------- Captured Err ---------------------------------

</system-err></testcase><testcase classname="tests.test_images" name="test_2_pages_2_contours_png" time="12.163"><system-out>--------------------------------- Captured Log ---------------------------------

--------------------------------- Captured Out ---------------------------------
/home/runner/work/diptych/diptych/tests/2-pages-2-contours.png
1621249138946616684 : Checking separation double page angle 90.14230271514262
1621249138946709886 : Checking separation double page y=0 2488
1621249139389611538 : Checking page rotation 1 0.0
1621249140173775587 : Checking page rotation 2 0.2
1621249140897123807 : Checking image 1 crop x1 1189
1621249140897211409 : Checking image 1 crop y1 1751
1621249140897241610 : Checking image 1 crop x2 1190
1621249140897269010 : Checking image 1 crop y2 1752
1621249143057515622 : Checking image 2 crop x1 100
1621249143057620224 : Checking image 2 crop y1 240
1621249143057652825 : Checking image 2 crop x2 2148
1621249143057684226 : Checking image 2 crop y2 3240
1621249143057837330 : Checking image 1 dpi 300
1621249143057893832 : Checking image 1 border top 1752
1621249143057924332 : Checking image 1 border bottom 1753
1621249143057951433 : Checking image 1 border left 1239
1621249143057978334 : Checking image 1 border right 1239
1621249143059639078 : Checking image 2 dpi 300
1621249143059716280 : Checking image 2 border top 230
1621249143059748181 : Checking image 2 border bottom 256
1621249143059775882 : Checking image 2 border left 206
1621249143059802282 : Checking image 2 border right 206

</system-out><system-err>--------------------------------- Captured Err ---------------------------------

</system-err></testcase><testcase classname="tests.test_images" name="test_wrong_split_line_png" time="14.217"><system-out>--------------------------------- Captured Log ---------------------------------

--------------------------------- Captured Out ---------------------------------
/home/runner/work/diptych/diptych/tests/wrong_split_line.png
1621249152979223066 : Checking separation double page angle 89.95895720607972
1621249152979317468 : Checking separation double page y=0 2466
1621249153710761363 : Checking page rotation 1 -0.04999999999999689
1621249154450217219 : Checking page rotation 2 0.45
1621249155565933234 : Checking image 1 crop x1 211
1621249155566032536 : Checking image 1 crop y1 156
1621249155566062236 : Checking image 1 crop x2 2323
1621249155566091137 : Checking image 1 crop y2 3363
1621249157273657442 : Checking image 2 crop x1 123
1621249157273759644 : Checking image 2 crop y1 164
1621249157273791445 : Checking image 2 crop x2 2237
1621249157273822045 : Checking image 2 crop y2 3375
1621249157273975448 : Checking image 1 dpi 300
1621249157274032450 : Checking image 1 border top 135
1621249157274058550 : Checking image 1 border bottom 145
1621249157274082851 : Checking image 1 border left 174
1621249157274107651 : Checking image 1 border right 174
1621249157276799205 : Checking image 2 dpi 300
1621249157276883307 : Checking image 2 border top 141
1621249157276908907 : Checking image 2 border bottom 135
1621249157276933308 : Checking image 2 border left 173
1621249157276957708 : Checking image 2 border right 173

</system-out><system-err>--------------------------------- Captured Err ---------------------------------

</system-err></testcase><testcase classname="tests.test_images" name="test_image_failed_to_crop_data_png" time="34.547"><system-out>--------------------------------- Captured Log ---------------------------------

--------------------------------- Captured Out ---------------------------------
/home/runner/work/diptych/diptych/tests/image_failed_to_crop_data.png
1621249169092014668 : Checking separation double page angle 90.09350257645173
1621249169092114770 : Checking separation double page y=0 2479
1621249173381220732 : Checking page rotation 1 0.15000000000000002
1621249174350153151 : Checking page rotation 2 0.05
1621249183395525641 : Checking image 1 crop x1 46
1621249183395653444 : Checking image 1 crop y1 1
1621249183395691344 : Checking image 1 crop x2 2477
1621249183395725245 : Checking image 1 crop y2 3505
1621249186090201251 : Checking image 2 crop x1 164
1621249186090332554 : Checking image 2 crop y1 217
1621249186090369554 : Checking image 2 crop x2 2245
1621249186090404255 : Checking image 2 crop y2 3350
1621249186090578859 : Checking image 1 dpi 300
1621249186090653960 : Checking image 1 border top 2
1621249186090687761 : Checking image 1 border bottom 2
1621249186090720061 : Checking image 1 border left 25
1621249186090750462 : Checking image 1 border right 25
1621249186093372014 : Checking image 2 dpi 300
1621249186093458015 : Checking image 2 border top 206
1621249186093490416 : Checking image 2 border bottom 148
1621249186093520917 : Checking image 2 border left 189
1621249186093550917 : Checking image 2 border right 189

</system-out><system-err>--------------------------------- Captured Err ---------------------------------

</system-err></testcase><testcase classname="tests.test_images" name="test_crop_too_much_png" time="18.992"><system-out>--------------------------------- Captured Log ---------------------------------

--------------------------------- Captured Out ---------------------------------
/home/runner/work/diptych/diptych/tests/crop_too_much.png
1621249167867871354 : Checking separation double page angle 90.16929865985193
1621249167867962956 : Checking separation double page y=0 2456
1621249169017796912 : Checking page rotation 1 -0.04999999999999689
1621249170132836786 : Checking page rotation 2 0.2
1621249172705770559 : Checking image 1 crop x1 302
1621249172705874261 : Checking image 1 crop y1 148
1621249172705905362 : Checking image 1 crop x2 2314
1621249172705934762 : Checking image 1 crop y2 3351
1621249176246665567 : Checking image 2 crop x1 163
1621249176246768469 : Checking image 2 crop y1 151
1621249176246800570 : Checking image 2 crop x2 2187
1621249176246831271 : Checking image 2 crop y2 3363
1621249176246987074 : Checking image 1 dpi 300
1621249176247048175 : Checking image 1 border top 133
1621249176247078276 : Checking image 1 border bottom 151
1621249176247105076 : Checking image 1 border left 224
1621249176247132377 : Checking image 1 border right 224
1621249176249791530 : Checking image 2 dpi 300
1621249176249887932 : Checking image 2 border top 132
1621249176249915832 : Checking image 2 border bottom 143
1621249176249942333 : Checking image 2 border left 218
1621249176249969433 : Checking image 2 border right 218

</system-out><system-err>--------------------------------- Captured Err ---------------------------------

</system-err></testcase><testcase classname="tests.test_images" name="test_crop_too_few_png" time="14.285"><system-out>--------------------------------- Captured Log ---------------------------------

--------------------------------- Captured Out ---------------------------------
/home/runner/work/diptych/diptych/tests/crop_too_few.png
1621249186124639430 : Checking separation double page angle 89.49492328400886
1621249186124723031 : Checking separation double page y=0 2510
1621249186835898848 : Checking page rotation 1 -0.6499999999999977
1621249187762334608 : Checking page rotation 2 0.0
1621249189398735256 : Checking image 1 crop x1 263
1621249189398835858 : Checking image 1 crop y1 150
1621249189398866158 : Checking image 1 crop x2 2377
1621249189398894059 : Checking image 1 crop y2 3357
1621249190560675875 : Checking image 2 crop x1 139
1621249190560775477 : Checking image 2 crop y1 141
1621249190560805578 : Checking image 2 crop x2 2261
1621249190560834278 : Checking image 2 crop y2 3345
1621249190560983681 : Checking image 1 dpi 300
1621249190561040682 : Checking image 1 border top 129
1621249190561068583 : Checking image 1 border bottom 150
1621249190561094183 : Checking image 1 border left 173
1621249190561118884 : Checking image 1 border right 173
1621249190563294226 : Checking image 2 dpi 300
1621249190563371128 : Checking image 2 border top 130
1621249190563397528 : Checking image 2 border bottom 153
1621249190563422329 : Checking image 2 border left 169
1621249190563446929 : Checking image 2 border right 169

</system-out><system-err>--------------------------------- Captured Err ---------------------------------

</system-err></testcase><testcase classname="tests.test_images" name="test_wrong_angle_split_line_png" time="21.652"><system-out>--------------------------------- Captured Log ---------------------------------

--------------------------------- Captured Out ---------------------------------
/home/runner/work/diptych/diptych/tests/wrong_angle_split_line.png
1621249195539928934 : Checking separation double page angle 90.08791528895468
1621249195540031136 : Checking separation double page y=0 2478
1621249196662586885 : Checking page rotation 1 0.1
1621249197637501261 : Checking page rotation 2 0.1
1621249202563967401 : Checking image 1 crop x1 58
1621249202564081504 : Checking image 1 crop y1 6
1621249202564116104 : Checking image 1 crop x2 2476
1621249202564146805 : Checking image 1 crop y2 3501
1621249207128252947 : Checking image 2 crop x1 166
1621249207128363449 : Checking image 2 crop y1 218
1621249207128397950 : Checking image 2 crop x2 2244
1621249207128429051 : Checking image 2 crop y2 3349
1621249207128600154 : Checking image 1 dpi 300
1621249207128669756 : Checking image 1 border top 6
1621249207128700756 : Checking image 1 border bottom 6
1621249207128729557 : Checking image 1 border left 31
1621249207128757457 : Checking image 1 border right 31
1621249207136110903 : Checking image 2 dpi 300
1621249207136207305 : Checking image 2 border top 209
1621249207136236606 : Checking image 2 border bottom 147
1621249207136264606 : Checking image 2 border left 191
1621249207136291707 : Checking image 2 border right 191

</system-out><system-err>--------------------------------- Captured Err ---------------------------------

</system-err></testcase><testcase classname="tests.test_images" name="test_crop_too_much_2_png" time="19.899"><system-out>--------------------------------- Captured Log ---------------------------------

--------------------------------- Captured Out ---------------------------------
/home/runner/work/diptych/diptych/tests/crop_too_much_2.png
1621249201931251346 : Checking separation double page angle 90.15285326123045
1621249201931349648 : Checking separation double page y=0 2477
1621249203148243688 : Checking page rotation 1 0.15000000000000002
1621249204663582198 : Checking page rotation 2 0.2
1621249207259000444 : Checking image 1 crop x1 330
1621249207259114446 : Checking image 1 crop y1 132
1621249207259151447 : Checking image 1 crop x2 2342
1621249207259185147 : Checking image 1 crop y2 3335
1621249210433873591 : Checking image 2 crop x1 165
1621249210433968593 : Checking image 2 crop y1 139
1621249210434011694 : Checking image 2 crop x2 2178
1621249210434041794 : Checking image 2 crop y2 3345
1621249210434196697 : Checking image 1 dpi 300
1621249210434274099 : Checking image 1 border top 121
1621249210434305099 : Checking image 1 border bottom 163
1621249210434332100 : Checking image 1 border left 224
1621249210434359200 : Checking image 1 border right 224
1621249210437037554 : Checking image 2 dpi 300
1621249210437116255 : Checking image 2 border top 129
1621249210437149756 : Checking image 2 border bottom 152
1621249210437177156 : Checking image 2 border left 223
1621249210437203757 : Checking image 2 border right 223

</system-out><system-err>--------------------------------- Captured Err ---------------------------------

</system-err></testcase><testcase classname="tests.test_images" name="test_angle_page_lower_split_line_png" time="22.795"><system-out>--------------------------------- Captured Log ---------------------------------

--------------------------------- Captured Out ---------------------------------
/home/runner/work/diptych/diptych/tests/angle_page_lower_split_line.png
1621249223232275891 : Checking separation double page angle 89.74412725181848
1621249223232388393 : Checking separation double page y=0 2472
1621249224565179592 : Checking page rotation 1 -0.14999999999999067
1621249225860238143 : Checking page rotation 2 0.1
1621249227386325171 : Checking image 1 crop x1 241
1621249227386450273 : Checking image 1 crop y1 156
1621249227386487474 : Checking image 1 crop x2 2357
1621249227386521875 : Checking image 1 crop y2 3368
1621249230614299571 : Checking image 2 crop x1 151
1621249230614408673 : Checking image 2 crop y1 146
1621249230614440573 : Checking image 2 crop x2 2261
1621249230614470274 : Checking image 2 crop y2 3351
1621249230614640077 : Checking image 1 dpi 300
1621249230614706479 : Checking image 1 border top 140
1621249230614735279 : Checking image 1 border bottom 135
1621249230614763880 : Checking image 1 border left 172
1621249230614790380 : Checking image 1 border right 172
1621249230617577436 : Checking image 2 dpi 300
1621249230617661937 : Checking image 2 border top 131
1621249230617690638 : Checking image 2 border bottom 151
1621249230617718638 : Checking image 2 border left 175
1621249230617745039 : Checking image 2 border right 175

</system-out><system-err>--------------------------------- Captured Err ---------------------------------

</system-err></testcase><testcase classname="tests.test_images" name="test_wrong_split_line_2_png" time="27.159"><system-out>--------------------------------- Captured Log ---------------------------------

--------------------------------- Captured Out ---------------------------------
/home/runner/work/diptych/diptych/tests/wrong_split_line_2.png
1621249223626790705 : Checking separation double page angle 90.23635161124103
1621249223626884707 : Checking separation double page y=0 2437
1621249225035526808 : Checking page rotation 1 0.2
1621249226324323935 : Checking page rotation 2 0.2
1621249230943826188 : Checking image 1 crop x1 294
1621249230943942090 : Checking image 1 crop y1 136
1621249230943973090 : Checking image 1 crop x2 2325
1621249230944005591 : Checking image 1 crop y2 3376
1621249237591959498 : Checking image 2 crop x1 138
1621249237592066500 : Checking image 2 crop y1 190
1621249237592098800 : Checking image 2 crop x2 2174
1621249237592130001 : Checking image 2 crop y2 3389
1621249237592284904 : Checking image 1 dpi 300
1621249237592346105 : Checking image 1 border top 131
1621249237592375006 : Checking image 1 border bottom 116
1621249237592401906 : Checking image 1 border left 214
1621249237592429107 : Checking image 1 border right 214
1621249237595495268 : Checking image 2 dpi 300
1621249237595582970 : Checking image 2 border top 181
1621249237595612371 : Checking image 2 border bottom 107
1621249237595639571 : Checking image 2 border left 212
1621249237595666172 : Checking image 2 border right 212

</system-out><system-err>--------------------------------- Captured Err ---------------------------------

</system-err></testcase><testcase classname="tests.test_images" name="test_wrong_wave_split_line_png" time="26.947"><system-out>--------------------------------- Captured Log ---------------------------------

--------------------------------- Captured Out ---------------------------------
/home/runner/work/diptych/diptych/tests/wrong_wave_split_line.png
1621249244848075767 : Checking separation double page angle 90.42461655762611
1621249244848172869 : Checking separation double page y=0 2502
1621249245924344630 : Checking page rotation 1 -0.09999999999999377
1621249246999550103 : Checking page rotation 2 0.85
1621249251790992451 : Checking image 1 crop x1 384
1621249251791109254 : Checking image 1 crop y1 178
1621249251791143054 : Checking image 1 crop x2 2412
1621249251791173055 : Checking image 1 crop y2 3374
1621249257542899532 : Checking image 2 crop x1 7
1621249257543029635 : Checking image 2 crop y1 0
1621249257543064735 : Checking image 2 crop x2 2411
1621249257543100436 : Checking image 2 crop y2 3505
1621249257543251539 : Checking image 1 dpi 300
1621249257543322440 : Checking image 1 border top 173
1621249257543353741 : Checking image 1 border bottom 118
1621249257543385142 : Checking image 1 border left 216
1621249257543415042 : Checking image 1 border right 216
1621249257546195798 : Checking image 2 dpi 300
1621249257546307500 : Checking image 2 border top 1
1621249257546340401 : Checking image 2 border bottom 1
1621249257546370601 : Checking image 2 border left 38
1621249257546400302 : Checking image 2 border right 38

</system-out><system-err>--------------------------------- Captured Err ---------------------------------

</system-err></testcase><testcase classname="tests.test_images" name="test_small_wave_png" time="16.904"><system-out>--------------------------------- Captured Log ---------------------------------

--------------------------------- Captured Out ---------------------------------
/home/runner/work/diptych/diptych/tests/small_wave.png
1621249248883561955 : Checking separation double page angle 90.56494929955075
1621249248883654957 : Checking separation double page y=0 2495
1621249250287001854 : Checking page rotation 1 0.7
1621249251524455153 : Checking page rotation 2 0.65
1621249252750464325 : Checking image 1 crop x1 322
1621249252750569227 : Checking image 1 crop y1 199
1621249252750598927 : Checking image 1 crop x2 2351
1621249252750626528 : Checking image 1 crop y2 3394
1621249254510953731 : Checking image 2 crop x1 130
1621249254511050433 : Checking image 2 crop y1 222
1621249254511079734 : Checking image 2 crop x2 2163
1621249254511109334 : Checking image 2 crop y2 3420
1621249254511258737 : Checking image 1 dpi 300
1621249254511315238 : Checking image 1 border top 181
1621249254511343039 : Checking image 1 border bottom 111
1621249254511367939 : Checking image 1 border left 215
1621249254511393340 : Checking image 1 border right 215
1621249254513961991 : Checking image 2 dpi 300
1621249254514035893 : Checking image 2 border top 197
1621249254514062193 : Checking image 2 border bottom 92
1621249254514086294 : Checking image 2 border left 213
1621249254514111794 : Checking image 2 border right 213

</system-out><system-err>--------------------------------- Captured Err ---------------------------------

</system-err></testcase><testcase classname="tests.test_images" name="test_wrong_split_line_3_png" time="20.093"><system-out>--------------------------------- Captured Log ---------------------------------

--------------------------------- Captured Out ---------------------------------
/home/runner/work/diptych/diptych/tests/wrong_split_line_3.png
1621249265646436824 : Checking separation double page angle 90.40515247895009
1621249265646530826 : Checking separation double page y=0 2495
1621249266646021482 : Checking page rotation 1 0.2
1621249267523320899 : Checking page rotation 2 0.85
1621249269115290084 : Checking image 1 crop x1 331
1621249269115393486 : Checking image 1 crop y1 166
1621249269115421887 : Checking image 1 crop x2 2377
1621249269115451887 : Checking image 1 crop y2 3375
1621249274611606238 : Checking image 2 crop x1 103
1621249274611711240 : Checking image 2 crop y1 207
1621249274611746341 : Checking image 2 crop x2 2136
1621249274611780142 : Checking image 2 crop y2 3414
1621249274611957645 : Checking image 1 dpi 300
1621249274612024247 : Checking image 1 border top 158
1621249274612059247 : Checking image 1 border bottom 120
1621249274612090648 : Checking image 1 border left 207
1621249274612121148 : Checking image 1 border right 207
1621249274614453195 : Checking image 2 dpi 300
1621249274614541297 : Checking image 2 border top 199
1621249274614573097 : Checking image 2 border bottom 81
1621249274614603398 : Checking image 2 border left 213
1621249274614633598 : Checking image 2 border right 213

</system-out><system-err>--------------------------------- Captured Err ---------------------------------

</system-err></testcase><testcase classname="tests.test_images" name="test_no_split_line_line_algo_png" time="18.076"><system-out>--------------------------------- Captured Log ---------------------------------

--------------------------------- Captured Out ---------------------------------
/home/runner/work/diptych/diptych/tests/no_split_line_line_algo.png
1621249268463055161 : Checking separation double page angle 89.47691469185418
1621249268463151263 : Checking separation double page y=0 2476
1621249269279541463 : Checking page rotation 1 -0.14999999999999067
1621249270547702061 : Checking page rotation 2 -0.14999999999999067
1621249272166725502 : Checking image 1 crop x1 205
1621249272166834704 : Checking image 1 crop y1 158
1621249272166865505 : Checking image 1 crop x2 2320
1621249272166893905 : Checking image 1 crop y2 3366
1621249275645953472 : Checking image 2 crop x1 185
1621249275646060275 : Checking image 2 crop y1 225
1621249275646089775 : Checking image 2 crop x2 2204
1621249275646117376 : Checking image 2 crop y2 3362
1621249275646293379 : Checking image 1 dpi 300
1621249275646358580 : Checking image 1 border top 144
1621249275646384281 : Checking image 1 border bottom 134
1621249275646410781 : Checking image 1 border left 172
1621249275646435382 : Checking image 1 border right 172
1621249275649101935 : Checking image 2 dpi 300
1621249275649174636 : Checking image 2 border top 223
1621249275649200637 : Checking image 2 border bottom 127
1621249275649224237 : Checking image 2 border left 220
1621249275649247838 : Checking image 2 border right 220

</system-out><system-err>--------------------------------- Captured Err ---------------------------------

</system-err></testcase><testcase classname="tests.test_images" name="test_failed_split_line_line_algo_png" time="13.677"><system-out>--------------------------------- Captured Log ---------------------------------

--------------------------------- Captured Out ---------------------------------
/home/runner/work/diptych/diptych/tests/failed_split_line_line_algo.png
1621249283660533414 : Checking separation double page angle 90.0093502548779
1621249283660635816 : Checking separation double page y=0 2574
1621249284245393189 : Checking page rotation 1 0.0
1621249284684572531 : Checking page rotation 2 0.0
1621249286791320727 : Checking image 1 crop x1 411
1621249286791431229 : Checking image 1 crop y1 2927
1621249286791465330 : Checking image 1 crop x2 2422
1621249286791495531 : Checking image 1 crop y2 3172
1621249288317249076 : Checking image 2 crop x1 1191
1621249288317350278 : Checking image 2 crop y1 1745
1621249288317382579 : Checking image 2 crop x2 1192
1621249288317413579 : Checking image 2 crop y2 1746
1621249288317544782 : Checking image 1 dpi 300
1621249288317616284 : Checking image 1 border top 2920
1621249288317646484 : Checking image 1 border bottom 322
1621249288317674685 : Checking image 1 border left 224
1621249288317702785 : Checking image 1 border right 224
1621249288319344718 : Checking image 2 dpi 300
1621249288319417219 : Checking image 2 border top 1752
1621249288319446620 : Checking image 2 border bottom 1753
1621249288319474620 : Checking image 2 border left 1239
1621249288319502721 : Checking image 2 border right 1239

</system-out><system-err>--------------------------------- Captured Err ---------------------------------

</system-err></testcase><testcase classname="tests.test_images" name="test_crop_too_much_3_png" time="16.106"><system-out>--------------------------------- Captured Log ---------------------------------

--------------------------------- Captured Out ---------------------------------
/home/runner/work/diptych/diptych/tests/crop_too_much_3.png
1621249285014373171 : Checking separation double page angle 89.5934556679346
1621249285014472073 : Checking separation double page y=0 2499
1621249286058660055 : Checking page rotation 1 -0.8999999999999949
1621249287306093165 : Checking page rotation 2 -0.04999999999999689
1621249289654448572 : Checking image 1 crop x1 374
1621249289654562374 : Checking image 1 crop y1 258
1621249289654592274 : Checking image 1 crop x2 2385
1621249289654618575 : Checking image 1 crop y2 3459
1621249291747415098 : Checking image 2 crop x1 164
1621249291747529101 : Checking image 2 crop y1 229
1621249291747562201 : Checking image 2 crop x2 2183
1621249291747593402 : Checking image 2 crop y2 3416
1621249291747751405 : Checking image 1 dpi 300
1621249291747813406 : Checking image 1 border top 239
1621249291747840707 : Checking image 1 border bottom 46
1621249291747867907 : Checking image 1 border left 224
1621249291747894208 : Checking image 1 border right 224
1621249291750531560 : Checking image 2 dpi 300
1621249291750612462 : Checking image 2 border top 210
1621249291750640962 : Checking image 2 border bottom 90
1621249291750668163 : Checking image 2 border left 220
1621249291750694264 : Checking image 2 border right 220

</system-out><system-err>--------------------------------- Captured Err ---------------------------------

</system-err></testcase><testcase classname="tests.test_images" name="test_failed_split_line_line_algo_2_png" time="17.284"><system-out>--------------------------------- Captured Log ---------------------------------

--------------------------------- Captured Out ---------------------------------
/home/runner/work/diptych/diptych/tests/failed_split_line_line_algo_2.png
1621249300947686651 : Checking separation double page angle 90.03732329462368
1621249300947782753 : Checking separation double page y=0 2499
1621249301992375535 : Checking page rotation 1 -0.09999999999999377
1621249302899391277 : Checking page rotation 2 0.5499999999999999
1621249304329243419 : Checking image 1 crop x1 273
1621249304329355221 : Checking image 1 crop y1 147
1621249304329388621 : Checking image 1 crop x2 2386
1621249304329420522 : Checking image 1 crop y2 3352
1621249305571599630 : Checking image 2 crop x1 122
1621249305571706933 : Checking image 2 crop y1 155
1621249305571741933 : Checking image 2 crop x2 2246
1621249305571777534 : Checking image 2 crop y2 3350
1621249305571940337 : Checking image 1 dpi 300
1621249305572005139 : Checking image 1 border top 137
1621249305572038239 : Checking image 1 border bottom 145
1621249305572068340 : Checking image 1 border left 173
1621249305572098740 : Checking image 1 border right 173
1621249305574303084 : Checking image 2 dpi 300
1621249305574381586 : Checking image 2 border top 136
1621249305574412886 : Checking image 2 border bottom 156
1621249305574442787 : Checking image 2 border left 168
1621249305574475788 : Checking image 2 border right 168

</system-out><system-err>--------------------------------- Captured Err ---------------------------------

</system-err></testcase><testcase classname="tests.test_images" name="test_wrong_wave_split_line_2_png" time="19.044"><system-out>--------------------------------- Captured Log ---------------------------------

--------------------------------- Captured Out ---------------------------------
/home/runner/work/diptych/diptych/tests/wrong_wave_split_line_2.png
1621249304421305750 : Checking separation double page angle 90.7708958311329
1621249304421397452 : Checking separation double page y=0 2490
1621249305440016913 : Checking page rotation 1 0.2
1621249306426979145 : Checking page rotation 2 1.65
1621249307750268567 : Checking image 1 crop x1 227
1621249307750379669 : Checking image 1 crop y1 147
1621249307750411370 : Checking image 1 crop x2 2342
1621249307750440970 : Checking image 1 crop y2 3353
1621249310794331491 : Checking image 2 crop x1 106
1621249310794438893 : Checking image 2 crop y1 195
1621249310794468193 : Checking image 2 crop x2 2231
1621249310794495394 : Checking image 2 crop y2 3398
1621249310794650197 : Checking image 1 dpi 300
1621249310794713798 : Checking image 1 border top 136
1621249310794739299 : Checking image 1 border bottom 145
1621249310794765199 : Checking image 1 border left 172
1621249310794789600 : Checking image 1 border right 172
1621249310797436552 : Checking image 2 dpi 300
1621249310797510654 : Checking image 2 border top 166
1621249310797537054 : Checking image 2 border bottom 117
1621249310797561455 : Checking image 2 border left 167
1621249310797585655 : Checking image 2 border right 167

</system-out><system-err>--------------------------------- Captured Err ---------------------------------

</system-err></testcase><testcase classname="tests.test_images" name="test_wrong_wave_split_line_3_png" time="20.073"><system-out>--------------------------------- Captured Log ---------------------------------

--------------------------------- Captured Out ---------------------------------
/home/runner/work/diptych/diptych/tests/wrong_wave_split_line_3.png
1621249320262902516 : Checking separation double page angle 90.12715931778824
1621249320263004918 : Checking separation double page y=0 2514
1621249321424532071 : Checking page rotation 1 0.05
1621249322376553194 : Checking page rotation 2 0.2
1621249324059036765 : Checking image 1 crop x1 273
1621249324059137967 : Checking image 1 crop y1 220
1621249324059184468 : Checking image 1 crop x2 2383
1621249324059215069 : Checking image 1 crop y2 3423
1621249325660281958 : Checking image 2 crop x1 116
1621249325660392761 : Checking image 2 crop y1 225
1621249325660425561 : Checking image 2 crop x2 2242
1621249325660459462 : Checking image 2 crop y2 3415
1621249325660629565 : Checking image 1 dpi 300
1621249325660695167 : Checking image 1 border top 202
1621249325660725767 : Checking image 1 border bottom 82
1621249325660754868 : Checking image 1 border left 175
1621249325660782968 : Checking image 1 border right 175
1621249325663027113 : Checking image 2 dpi 300
1621249325663115115 : Checking image 2 border top 204
1621249325663143915 : Checking image 2 border bottom 93
1621249325663172016 : Checking image 2 border left 167
1621249325663200117 : Checking image 2 border right 167

</system-out><system-err>--------------------------------- Captured Err ---------------------------------

</system-err></testcase><testcase classname="tests.test_images" name="test_no_split_line_wave_algo_png" time="25.684"><system-out>--------------------------------- Captured Log ---------------------------------

--------------------------------- Captured Out ---------------------------------
/home/runner/work/diptych/diptych/tests/no_split_line_wave_algo.png
1621249321521727734 : Checking separation double page angle 89.79018091440821
1621249321521820136 : Checking separation double page y=0 2483
1621249324114821292 : Checking page rotation 1 0.0
1621249325102318430 : Checking page rotation 2 -0.44999999999999746
1621249331638195402 : Checking image 1 crop x1 97
1621249331638305804 : Checking image 1 crop y1 74
1621249331638335505 : Checking image 1 crop x2 2489
1621249331638364705 : Checking image 1 crop y2 3505
1621249336451510059 : Checking image 2 crop x1 164
1621249336451613961 : Checking image 2 crop y1 267
1621249336451648161 : Checking image 2 crop x2 2239
1621249336451675862 : Checking image 2 crop y2 3380
1621249336451828665 : Checking image 1 dpi 300
1621249336451892566 : Checking image 1 border top 38
1621249336451920367 : Checking image 1 border bottom 38
1621249336451948867 : Checking image 1 border left 44
1621249336451975068 : Checking image 1 border right 44
1621249336454617320 : Checking image 2 dpi 300
1621249336454710422 : Checking image 2 border top 256
1621249336454745123 : Checking image 2 border bottom 118
1621249336454772724 : Checking image 2 border left 192
1621249336454799124 : Checking image 2 border right 192

</system-out><system-err>--------------------------------- Captured Err ---------------------------------

</system-err></testcase><testcase classname="tests.test_images" name="test_no_split_line_wave_algo_2_png" time="17.740"><system-out>--------------------------------- Captured Log ---------------------------------

--------------------------------- Captured Out ---------------------------------
/home/runner/work/diptych/diptych/tests/no_split_line_wave_algo_2.png
1621249337922798726 : Checking separation double page angle 90.43362571535843
1621249337922911028 : Checking separation double page y=0 2473
1621249339016705486 : Checking page rotation 1 1.05
1621249340004862342 : Checking page rotation 2 0.15000000000000002
1621249341828234121 : Checking image 1 crop x1 267
1621249341828351423 : Checking image 1 crop y1 210
1621249341828387624 : Checking image 1 crop x2 2343
1621249341828421825 : Checking image 1 crop y2 3412
1621249343406093955 : Checking image 2 crop x1 165
1621249343406208657 : Checking image 2 crop y1 241
1621249343406260559 : Checking image 2 crop x2 2250
1621249343406297559 : Checking image 2 crop y2 3433
1621249343406464263 : Checking image 1 dpi 300
1621249343406533064 : Checking image 1 border top 192
1621249343406564465 : Checking image 1 border bottom 93
1621249343406594565 : Checking image 1 border left 192
1621249343406624766 : Checking image 1 border right 192
1621249343408826510 : Checking image 2 dpi 300
1621249343408907511 : Checking image 2 border top 224
1621249343408939312 : Checking image 2 border bottom 71
1621249343408969012 : Checking image 2 border left 187
1621249343409000113 : Checking image 2 border right 187

</system-out><system-err>--------------------------------- Captured Err ---------------------------------

</system-err></testcase><testcase classname="tests.test_images" name="test_crop_too_few_2_png" time="15.893"><system-out>--------------------------------- Captured Log ---------------------------------

--------------------------------- Captured Out ---------------------------------
/home/runner/work/diptych/diptych/tests/crop_too_few_2.png
1621249346608150347 : Checking separation double page angle 90.35461351371423
1621249346608241548 : Checking separation double page y=0 2533
1621249347512584865 : Checking page rotation 1 1.0999999999999999
1621249348336613081 : Checking page rotation 2 0.0
1621249350416051376 : Checking image 1 crop x1 289
1621249350416161378 : Checking image 1 crop y1 165
1621249350416190179 : Checking image 1 crop x2 2400
1621249350416217980 : Checking image 1 crop y2 3367
1621249352397086770 : Checking image 2 crop x1 152
1621249352397195472 : Checking image 2 crop y1 190
1621249352397225073 : Checking image 2 crop x2 2273
1621249352397252274 : Checking image 2 crop y2 3385
1621249352397408377 : Checking image 1 dpi 300
1621249352397473778 : Checking image 1 border top 157
1621249352397498878 : Checking image 1 border bottom 128
1621249352397524579 : Checking image 1 border left 174
1621249352397548879 : Checking image 1 border right 174
1621249352400200132 : Checking image 2 dpi 300
1621249352400279734 : Checking image 2 border top 176
1621249352400305734 : Checking image 2 border bottom 116
1621249352400331135 : Checking image 2 border left 169
1621249352400355335 : Checking image 2 border right 169

</system-out><system-err>--------------------------------- Captured Err ---------------------------------

</system-err></testcase><testcase classname="tests.test_images" name="test_failed_detect_rectangle_png" time="16.124"><system-out>--------------------------------- Captured Log ---------------------------------

--------------------------------- Captured Out ---------------------------------
/home/runner/work/diptych/diptych/tests/failed_detect_rectangle.png
1621249355132391563 : Checking separation double page angle 90.242273842964
1621249355132490965 : Checking separation double page y=0 2475
1621249356219564482 : Checking page rotation 1 0.2
1621249357470651861 : Checking page rotation 2 0.2
1621249358462717894 : Checking image 1 crop x1 257
1621249358462823196 : Checking image 1 crop y1 201
1621249358462852197 : Checking image 1 crop x2 2333
1621249358462879497 : Checking image 1 crop y2 3402
1621249359536560475 : Checking image 2 crop x1 137
1621249359536659377 : Checking image 2 crop y1 215
1621249359536690777 : Checking image 2 crop x2 2220
1621249359536719178 : Checking image 2 crop y2 3406
1621249359536864881 : Checking image 1 dpi 300
1621249359536924282 : Checking image 1 border top 188
1621249359536952583 : Checking image 1 border bottom 98
1621249359536977283 : Checking image 1 border left 192
1621249359537001884 : Checking image 1 border right 192
1621249359539141426 : Checking image 2 dpi 300
1621249359539218528 : Checking image 2 border top 201
1621249359539244529 : Checking image 2 border bottom 95
1621249359539268829 : Checking image 2 border left 188
1621249359539293330 : Checking image 2 border right 188

</system-out><system-err>--------------------------------- Captured Err ---------------------------------

</system-err></testcase><testcase classname="tests.test_images" name="test_single_page_png" time="5.147"><system-out>--------------------------------- Captured Log ---------------------------------

--------------------------------- Captured Out ---------------------------------
/home/runner/work/diptych/diptych/tests/single_page.png
1621249355049055306 : Checking separation double page angle 89.93006318861008
1621249355049179709 : Checking separation double page y=0 2472
1621249355760719758 : Checking page rotation 1 0.0
1621249355839576926 : Checking page rotation 2 0.0
1621249357127407235 : Checking image 1 crop x1 1
1621249357127493137 : Checking image 1 crop y1 8
1621249357127527738 : Checking image 1 crop x2 2470
1621249357127557738 : Checking image 1 crop y2 3505
1621249357239196358 : Checking image 2 crop x1 0
1621249357239268460 : Checking image 2 crop y1 0
1621249357239296260 : Checking image 2 crop x2 0
1621249357239321961 : Checking image 2 crop y2 0
1621249357239382262 : Checking image 1 dpi 300
1621249357239441263 : Checking image 1 border top 5
1621249357239470064 : Checking image 1 border bottom 5
1621249357239498464 : Checking image 1 border left 6
1621249357239526365 : Checking image 1 border right 6
1621249357245422782 : Checking image 2 border top 0
1621249357245486883 : Checking image 2 border bottom 0
1621249357245513784 : Checking image 2 border left 0
1621249357245540484 : Checking image 2 border right 0

</system-out><system-err>--------------------------------- Captured Err ---------------------------------

</system-err></testcase><testcase classname="tests.test_images" name="test_wrong_split_line_4_png" time="10.065"><system-out>--------------------------------- Captured Log ---------------------------------

--------------------------------- Captured Out ---------------------------------
/home/runner/work/diptych/diptych/tests/wrong_split_line_4.png
1621249364223058622 : Checking separation double page angle 90.92587744884125
1621249364223162324 : Checking separation double page y=0 58
1621249364301544492 : Checking page rotation 1 0.5499999999999999
1621249365193646337 : Checking page rotation 2 1.0999999999999999
1621249365803907426 : Checking image 1 crop x1 0
1621249365803980127 : Checking image 1 crop y1 0
1621249365804007728 : Checking image 1 crop x2 0
1621249365804034228 : Checking image 1 crop y2 0
1621249367636014224 : Checking image 2 crop x1 290
1621249367636130526 : Checking image 2 crop y1 330
1621249367636167227 : Checking image 2 crop x2 2314
1621249367636199328 : Checking image 2 crop y2 3217
1621249367636354631 : Checking image 1 border top 0
1621249367636387031 : Checking image 1 border bottom 0
1621249367636419232 : Checking image 1 border left 0
1621249367636449433 : Checking image 1 border right 0
1621249367636500734 : Checking image 2 dpi 300
1621249367636577835 : Checking image 2 border top 322
1621249367636609836 : Checking image 2 border bottom 278
1621249367636640236 : Checking image 2 border left 218
1621249367636670137 : Checking image 2 border right 218

</system-out><system-err>--------------------------------- Captured Err ---------------------------------

</system-err></testcase><testcase classname="tests.test_images" name="test_no_split_line_wave_algo_3_png" time="8.216"><system-out>--------------------------------- Captured Log ---------------------------------

--------------------------------- Captured Out ---------------------------------
/home/runner/work/diptych/diptych/tests/no_split_line_wave_algo_3.png
1621249365024800859 : Checking separation double page angle 90.18184445198425
1621249365024903461 : Checking separation double page y=0 2405
1621249365682521508 : Checking page rotation 1 0.0
1621249365810669960 : Checking page rotation 2 0.0
1621249367378842501 : Checking image 1 crop x1 184
1621249367378929702 : Checking image 1 crop y1 2957
1621249367378958903 : Checking image 1 crop x2 2201
1621249367378984904 : Checking image 1 crop y2 3202
1621249367744448684 : Checking image 2 crop x1 0
1621249367744513385 : Checking image 2 crop y1 0
1621249367744537786 : Checking image 2 crop x2 0
1621249367744560786 : Checking image 2 crop y2 0
1621249367744616287 : Checking image 1 dpi 300
1621249367744669389 : Checking image 1 border top 2950
1621249367744696589 : Checking image 1 border bottom 292
1621249367744722190 : Checking image 1 border left 221
1621249367744747490 : Checking image 1 border right 221
1621249367749714889 : Checking image 2 border top 0
1621249367749770190 : Checking image 2 border bottom 0
1621249367749793991 : Checking image 2 border left 0
1621249367749817391 : Checking image 2 border right 0

</system-out><system-err>--------------------------------- Captured Err ---------------------------------

</system-err></testcase><testcase classname="tests.test_images" name="test_failed_split_line_line_algo_3_png" time="9.795"><system-out>--------------------------------- Captured Log ---------------------------------

--------------------------------- Captured Out ---------------------------------
/home/runner/work/diptych/diptych/tests/failed_split_line_line_algo_3.png
1621249373114377161 : Checking separation double page angle 90.02403976140027
1621249373114484963 : Checking separation double page y=0 39
1621249373165305976 : Checking page rotation 1 0.0
1621249373685067532 : Checking page rotation 2 0.0
1621249373892869575 : Checking image 1 crop x1 0
1621249373892937176 : Checking image 1 crop y1 0
1621249373892962277 : Checking image 1 crop x2 0
1621249373892985177 : Checking image 1 crop y2 0
1621249377450074403 : Checking image 2 crop x1 249
1621249377450183305 : Checking image 2 crop y1 154
1621249377450218806 : Checking image 2 crop x2 2264
1621249377450281407 : Checking image 2 crop y2 3361
1621249377450460811 : Checking image 1 border top 0
1621249377450494512 : Checking image 1 border bottom 0
1621249377450528312 : Checking image 1 border left 0
1621249377450560413 : Checking image 1 border right 0
1621249377450617514 : Checking image 2 dpi 300
1621249377450683315 : Checking image 2 border top 146
1621249377450717416 : Checking image 2 border bottom 134
1621249377450748617 : Checking image 2 border left 222
1621249377450779617 : Checking image 2 border right 222

</system-out><system-err>--------------------------------- Captured Err ---------------------------------

</system-err></testcase></testsuite></testsuites>