<?xml version="1.0" encoding="utf-8"?><testsuites><testsuite errors="0" failures="0" hostname="fv-az135-139" name="pytest" skipped="0" tests="36" time="811.986" timestamp="2020-12-22T16:25:12.778809"><testcase classname="tests.test_features" name="test_mock_stop_at_0" time="0.042"><system-out>--------------------------------- Captured Log ---------------------------------

--------------------------------- Captured Out ---------------------------------
/home/runner/work/ocr-book/ocr-book/tests/0001_0.png

</system-out><system-err>--------------------------------- Captured Err ---------------------------------

</system-err></testcase><testcase classname="tests.test_features" name="test_disabled_enable_debug" time="39.531"><system-out>--------------------------------- Captured Log ---------------------------------

--------------------------------- Captured Out ---------------------------------
/home/runner/work/ocr-book/ocr-book/tests/0001_debug.png
separation double page angle 90.5528088189967
separation double page y=0 2485
page rotation 1 0.75
page rotation 2 0.2
image 1 crop x1 330
image 1 crop y1 336
image 1 crop x2 2343
image 1 crop y2 3223
image 2 crop x1 169
image 2 crop y1 648
image 2 crop x2 2186
image 2 crop y2 3361
image 1 dpi 300
image 1 border top 333
image 1 border bottom 266
image 1 border left 223
image 1 border right 223
image 2 dpi 300
image 2 border top 643
image 2 border bottom 131
image 2 border left 221
image 2 border right 221

</system-out><system-err>--------------------------------- Captured Err ---------------------------------

</system-err></testcase><testcase classname="tests.test_features" name="test_mock_stop_at_2" time="35.158"><system-out>--------------------------------- Captured Log ---------------------------------

--------------------------------- Captured Out ---------------------------------
/home/runner/work/ocr-book/ocr-book/tests/0001_2.png
separation double page angle 90.5528088189967
separation double page y=0 2485
page rotation 1 0.75
page rotation 2 0.2

</system-out><system-err>--------------------------------- Captured Err ---------------------------------

</system-err></testcase><testcase classname="tests.test_features" name="test_mock_stop_at_4" time="38.071"><system-out>--------------------------------- Captured Log ---------------------------------

--------------------------------- Captured Out ---------------------------------
/home/runner/work/ocr-book/ocr-book/tests/0001_4.png
separation double page angle 90.5528088189967
separation double page y=0 2485
page rotation 1 0.75
page rotation 2 0.2
image 1 crop x1 330
image 1 crop y1 336
image 1 crop x2 2343
image 1 crop y2 3223
image 2 crop x1 169
image 2 crop y1 648
image 2 crop x2 2186
image 2 crop y2 3361
image 1 dpi 300
image 1 border top 333
image 1 border bottom 266
image 1 border left 223
image 1 border right 223
image 2 dpi 300
image 2 border top 643
image 2 border bottom 131
image 2 border left 221
image 2 border right 221

</system-out><system-err>--------------------------------- Captured Err ---------------------------------

</system-err></testcase><testcase classname="tests.test_features" name="test_mock_stop_at_1" time="23.045"><system-out>--------------------------------- Captured Log ---------------------------------

--------------------------------- Captured Out ---------------------------------
/home/runner/work/ocr-book/ocr-book/tests/0001_1.png
separation double page angle 90.5528088189967
separation double page y=0 2485

</system-out><system-err>--------------------------------- Captured Err ---------------------------------

</system-err></testcase><testcase classname="tests.test_features" name="test_mock_stop_at_3" time="37.024"><system-out>--------------------------------- Captured Log ---------------------------------

--------------------------------- Captured Out ---------------------------------
/home/runner/work/ocr-book/ocr-book/tests/0001_3.png
separation double page angle 90.5528088189967
separation double page y=0 2485
page rotation 1 0.75
page rotation 2 0.2
image 1 crop x1 330
image 1 crop y1 336
image 1 crop x2 2343
image 1 crop y2 3223
image 2 crop x1 169
image 2 crop y1 648
image 2 crop x2 2186
image 2 crop y2 3361

</system-out><system-err>--------------------------------- Captured Err ---------------------------------

</system-err></testcase><testcase classname="tests.test_images" name="test_0001_png" time="47.437"><system-out>--------------------------------- Captured Log ---------------------------------

--------------------------------- Captured Out ---------------------------------
/home/runner/work/ocr-book/ocr-book/tests/0001.png
1608654414668184371 : Checking separation double page angle 90.5528088189967
1608654414668288377 : Checking separation double page y=0 2485
1608654420506083208 : Checking page rotation 1 0.75
1608654428180292775 : Checking page rotation 2 0.2
1608654431369765404 : Checking image 1 crop x1 330
1608654431369861909 : Checking image 1 crop y1 336
1608654431369892511 : Checking image 1 crop x2 2343
1608654431369919112 : Checking image 1 crop y2 3223
1608654434359527531 : Checking image 2 crop x1 169
1608654434359622136 : Checking image 2 crop y1 648
1608654434359654837 : Checking image 2 crop x2 2186
1608654434359680539 : Checking image 2 crop y2 3361
1608654434387168573 : Checking image 1 dpi 300
1608654434387251777 : Checking image 1 border top 333
1608654434387278378 : Checking image 1 border bottom 266
1608654434387302679 : Checking image 1 border left 223
1608654434387326180 : Checking image 1 border right 223
1608654434388895256 : Checking image 2 dpi 300
1608654434388964460 : Checking image 2 border top 643
1608654434388989961 : Checking image 2 border bottom 131
1608654434389032963 : Checking image 2 border left 221
1608654434389100566 : Checking image 2 border right 221

</system-out><system-err>--------------------------------- Captured Err ---------------------------------

</system-err></testcase><testcase classname="tests.test_features" name="test_mock_stop_at_5" time="39.101"><system-out>--------------------------------- Captured Log ---------------------------------

--------------------------------- Captured Out ---------------------------------
/home/runner/work/ocr-book/ocr-book/tests/0001_5.png
separation double page angle 90.5528088189967
separation double page y=0 2485
page rotation 1 0.75
page rotation 2 0.2
image 1 crop x1 330
image 1 crop y1 336
image 1 crop x2 2343
image 1 crop y2 3223
image 2 crop x1 169
image 2 crop y1 648
image 2 crop x2 2186
image 2 crop y2 3361
image 1 dpi 300
image 1 border top 333
image 1 border bottom 266
image 1 border left 223
image 1 border right 223
image 2 dpi 300
image 2 border top 643
image 2 border bottom 131
image 2 border left 221
image 2 border right 221

</system-out><system-err>--------------------------------- Captured Err ---------------------------------

</system-err></testcase><testcase classname="tests.test_images" name="test_black_border_not_removed_png" time="54.042"><system-out>--------------------------------- Captured Log ---------------------------------

--------------------------------- Captured Out ---------------------------------
/home/runner/work/ocr-book/ocr-book/tests/black-border-not-removed.png
1608654464852033493 : Checking separation double page angle 90.033171103531
1608654464852126997 : Checking separation double page y=0 2455
1608654470084285392 : Checking page rotation 1 0.0
1608654479053881604 : Checking page rotation 2 0.0
1608654483032025121 : Checking image 1 crop x1 297
1608654483032164827 : Checking image 1 crop y1 143
1608654483032207729 : Checking image 1 crop x2 2309
1608654483032243830 : Checking image 1 crop y2 3346
1608654488400306663 : Checking image 2 crop x1 159
1608654488400422067 : Checking image 2 crop y1 145
1608654488400456669 : Checking image 2 crop x2 2171
1608654488400487570 : Checking image 2 crop y2 3352
1608654488433447221 : Checking image 1 dpi 300
1608654488433564325 : Checking image 1 border top 132
1608654488433602427 : Checking image 1 border bottom 152
1608654488433636628 : Checking image 1 border left 224
1608654488433670330 : Checking image 1 border right 224
1608654488435446703 : Checking image 2 dpi 300
1608654488435525206 : Checking image 2 border top 132
1608654488435560207 : Checking image 2 border bottom 148
1608654488435591909 : Checking image 2 border left 224
1608654488435622610 : Checking image 2 border right 224

</system-out><system-err>--------------------------------- Captured Err ---------------------------------

</system-err></testcase><testcase classname="tests.test_images" name="test_2_pages_2_contours_png" time="30.152"><system-out>--------------------------------- Captured Log ---------------------------------

--------------------------------- Captured Out ---------------------------------
/home/runner/work/ocr-book/ocr-book/tests/2-pages-2-contours.png
1608654470122546031 : Checking separation double page angle 90.09036871657068
1608654470122638535 : Checking separation double page y=0 2486
1608654471919942296 : Checking page rotation 1 0.05
1608654477732183250 : Checking page rotation 2 0.30000000000000004
1608654479360958751 : Checking image 1 crop x1 1189
1608654479361078556 : Checking image 1 crop y1 1751
1608654479361113058 : Checking image 1 crop x2 1190
1608654479361144059 : Checking image 1 crop y2 1752
1608654482517546054 : Checking image 2 crop x1 101
1608654482517661959 : Checking image 2 crop y1 240
1608654482517694460 : Checking image 2 crop x2 2148
1608654482517724462 : Checking image 2 crop y2 3239
1608654482546520858 : Checking image 1 dpi 300
1608654482546608661 : Checking image 1 border top 1752
1608654482546637063 : Checking image 1 border bottom 1753
1608654482546662264 : Checking image 1 border left 1239
1608654482546686765 : Checking image 1 border right 1239
1608654482548148325 : Checking image 2 dpi 300
1608654482548243629 : Checking image 2 border top 230
1608654482548280131 : Checking image 2 border bottom 258
1608654482548314532 : Checking image 2 border left 206
1608654482548347834 : Checking image 2 border right 206

</system-out><system-err>--------------------------------- Captured Err ---------------------------------

</system-err></testcase><testcase classname="tests.test_images" name="test_wrong_split_line_png" time="37.320"><system-out>--------------------------------- Captured Log ---------------------------------

--------------------------------- Captured Out ---------------------------------
/home/runner/work/ocr-book/ocr-book/tests/wrong_split_line.png
1608654506171206150 : Checking separation double page angle 89.93395720607973
1608654506171282353 : Checking separation double page y=0 2465
1608654510403498402 : Checking page rotation 1 -0.14999999999999067
1608654515348346763 : Checking page rotation 2 0.5
1608654517491195581 : Checking image 1 crop x1 213
1608654517491311785 : Checking image 1 crop y1 157
1608654517491356287 : Checking image 1 crop x2 2323
1608654517491386588 : Checking image 1 crop y2 3362
1608654519828156173 : Checking image 2 crop x1 125
1608654519828262977 : Checking image 2 crop y1 165
1608654519828295279 : Checking image 2 crop x2 2237
1608654519828326180 : Checking image 2 crop y2 3374
1608654519864349778 : Checking image 1 dpi 300
1608654519864444681 : Checking image 1 border top 134
1608654519864475383 : Checking image 1 border bottom 148
1608654519864502884 : Checking image 1 border left 175
1608654519864530085 : Checking image 1 border right 175
1608654519866431958 : Checking image 2 dpi 300
1608654519866503461 : Checking image 2 border top 143
1608654519866532562 : Checking image 2 border bottom 135
1608654519866559663 : Checking image 2 border left 174
1608654519866586364 : Checking image 2 border right 174

</system-out><system-err>--------------------------------- Captured Err ---------------------------------

</system-err></testcase><testcase classname="tests.test_images" name="test_image_failed_to_rotate_png" time="55.099"><system-out>--------------------------------- Captured Log ---------------------------------

--------------------------------- Captured Out ---------------------------------
/home/runner/work/ocr-book/ocr-book/tests/image_failed_to_rotate.png
1608654517169659069 : Checking separation double page angle 90.13063640287984
1608654517169759573 : Checking separation double page y=0 2479
1608654521336941829 : Checking page rotation 1 0.35
1608654528551471738 : Checking page rotation 2 0.45
1608654538635586025 : Checking image 1 crop x1 34
1608654538635713830 : Checking image 1 crop y1 1
1608654538635757332 : Checking image 1 crop x2 2477
1608654538635795133 : Checking image 1 crop y2 3500
1608654543418324460 : Checking image 2 crop x1 167
1608654543418440264 : Checking image 2 crop y1 234
1608654543418475265 : Checking image 2 crop x2 2246
1608654543418506067 : Checking image 2 crop y2 3355
1608654543452901264 : Checking image 1 dpi 300
1608654543452994867 : Checking image 1 border top 4
1608654543453024068 : Checking image 1 border bottom 4
1608654543453048869 : Checking image 1 border left 19
1608654543453072770 : Checking image 1 border right 19
1608654543454771434 : Checking image 2 dpi 300
1608654543454843037 : Checking image 2 border top 218
1608654543454868138 : Checking image 2 border bottom 148
1608654543454892339 : Checking image 2 border left 190
1608654543454915640 : Checking image 2 border right 190

</system-out><system-err>--------------------------------- Captured Err ---------------------------------

</system-err></testcase><testcase classname="tests.test_images" name="test_crop_too_much_png" time="65.395"><system-out>--------------------------------- Captured Log ---------------------------------

--------------------------------- Captured Out ---------------------------------
/home/runner/work/ocr-book/ocr-book/tests/crop_too_much.png
1608654557906943968 : Checking separation double page angle 90.13239409272954
1608654557907037080 : Checking separation double page y=0 2455
1608654567131292252 : Checking page rotation 1 0.0
1608654576567659896 : Checking page rotation 2 0.45
1608654580999226763 : Checking image 1 crop x1 303
1608654580999348078 : Checking image 1 crop y1 148
1608654580999385282 : Checking image 1 crop x2 2313
1608654580999417886 : Checking image 1 crop y2 3351
1608654585201905415 : Checking image 2 crop x1 168
1608654585202009027 : Checking image 2 crop y1 155
1608654585202037630 : Checking image 2 crop x2 2179
1608654585202064333 : Checking image 2 crop y2 3359
1608654585244081599 : Checking image 1 dpi 300
1608654585244185711 : Checking image 1 border top 132
1608654585244217014 : Checking image 1 border bottom 152
1608654585244245018 : Checking image 1 border left 225
1608654585244272621 : Checking image 1 border right 225
1608654585246246649 : Checking image 2 dpi 300
1608654585246329559 : Checking image 2 border top 140
1608654585246371964 : Checking image 2 border bottom 143
1608654585246399167 : Checking image 2 border left 224
1608654585246426370 : Checking image 2 border right 224

</system-out><system-err>--------------------------------- Captured Err ---------------------------------

</system-err></testcase><testcase classname="tests.test_images" name="test_image_failed_to_crop_data_png" time="52.154"><system-out>--------------------------------- Captured Log ---------------------------------

--------------------------------- Captured Out ---------------------------------
/home/runner/work/ocr-book/ocr-book/tests/image_failed_to_crop_data.png
1608654570498859680 : Checking separation double page angle 90.053197600644
1608654570498950191 : Checking separation double page y=0 2480
1608654575614941450 : Checking page rotation 1 0.2
1608654580576106601 : Checking page rotation 2 0.0
1608654591286968508 : Checking image 1 crop x1 47
1608654591287073520 : Checking image 1 crop y1 7
1608654591287105524 : Checking image 1 crop x2 2478
1608654591287132427 : Checking image 1 crop y2 3502
1608654595594995410 : Checking image 2 crop x1 160
1608654595595119724 : Checking image 2 crop y1 217
1608654595595158328 : Checking image 2 crop x2 2242
1608654595595193032 : Checking image 2 crop y2 3350
1608654595627186471 : Checking image 1 dpi 300
1608654595627301484 : Checking image 1 border top 6
1608654595627338688 : Checking image 1 border bottom 6
1608654595627370291 : Checking image 1 border left 25
1608654595627400995 : Checking image 1 border right 25
1608654595629294004 : Checking image 2 dpi 300
1608654595629376213 : Checking image 2 border top 206
1608654595629406116 : Checking image 2 border bottom 148
1608654595629433419 : Checking image 2 border left 189
1608654595629460922 : Checking image 2 border right 189

</system-out><system-err>--------------------------------- Captured Err ---------------------------------

</system-err></testcase><testcase classname="tests.test_images" name="test_crop_too_few_png" time="38.693"><system-out>--------------------------------- Captured Log ---------------------------------

--------------------------------- Captured Out ---------------------------------
/home/runner/work/ocr-book/ocr-book/tests/crop_too_few.png
1608654609171215001 : Checking separation double page angle 89.54670238452755
1608654609171307411 : Checking separation double page y=0 2512
1608654614072599485 : Checking page rotation 1 -0.6499999999999977
1608654619035349932 : Checking page rotation 2 0.0
1608654621584360289 : Checking image 1 crop x1 263
1608654621584471400 : Checking image 1 crop y1 150
1608654621584503603 : Checking image 1 crop x2 2377
1608654621584532706 : Checking image 1 crop y2 3357
1608654623941411301 : Checking image 2 crop x1 137
1608654623941522912 : Checking image 2 crop y1 141
1608654623941556015 : Checking image 2 crop x2 2259
1608654623941586118 : Checking image 2 crop y2 3345
1608654623968617769 : Checking image 1 dpi 300
1608654623968702177 : Checking image 1 border top 129
1608654623968728480 : Checking image 1 border bottom 150
1608654623968752582 : Checking image 1 border left 173
1608654623968775885 : Checking image 1 border right 173
1608654623970563960 : Checking image 2 dpi 300
1608654623970627966 : Checking image 2 border top 130
1608654623970653669 : Checking image 2 border bottom 153
1608654623970676871 : Checking image 2 border left 169
1608654623970699773 : Checking image 2 border right 169

</system-out><system-err>--------------------------------- Captured Err ---------------------------------

</system-err></testcase><testcase classname="tests.test_images" name="test_wrong_angle_split_line_png" time="59.493"><system-out>--------------------------------- Captured Log ---------------------------------

--------------------------------- Captured Out ---------------------------------
/home/runner/work/ocr-book/ocr-book/tests/wrong_angle_split_line.png
1608654624314965314 : Checking separation double page angle 90.09193420006348
1608654624315073724 : Checking separation double page y=0 2478
1608654631229180664 : Checking page rotation 1 0.05
1608654638236167268 : Checking page rotation 2 0.0
1608654649632631204 : Checking image 1 crop x1 58
1608654649632741714 : Checking image 1 crop y1 7
1608654649632771917 : Checking image 1 crop x2 2472
1608654649632799119 : Checking image 1 crop y2 3505
1608654654379458822 : Checking image 2 crop x1 163
1608654654379581932 : Checking image 2 crop y1 217
1608654654379622336 : Checking image 2 crop x2 2246
1608654654379721744 : Checking image 2 crop y2 3350
1608654654522771298 : Checking image 1 dpi 300
1608654654522870307 : Checking image 1 border top 5
1608654654522903409 : Checking image 1 border bottom 5
1608654654522931412 : Checking image 1 border left 33
1608654654522959614 : Checking image 1 border right 33
1608654654533120399 : Checking image 2 dpi 300
1608654654533206806 : Checking image 2 border top 206
1608654654533233009 : Checking image 2 border bottom 148
1608654654533257211 : Checking image 2 border left 188
1608654654533280713 : Checking image 2 border right 188

</system-out><system-err>--------------------------------- Captured Err ---------------------------------

</system-err></testcase><testcase classname="tests.test_images" name="test_crop_too_much_2_png" time="69.713"><system-out>--------------------------------- Captured Log ---------------------------------

--------------------------------- Captured Out ---------------------------------
/home/runner/work/ocr-book/ocr-book/tests/crop_too_much_2.png
1608654664972628723 : Checking separation double page angle 90.1149074900787
1608654664972713530 : Checking separation double page y=0 2478
1608654674196751808 : Checking page rotation 1 0.2
1608654684242115245 : Checking page rotation 2 0.2
1608654688306957028 : Checking image 1 crop x1 332
1608654688307061436 : Checking image 1 crop y1 131
1608654688307089738 : Checking image 1 crop x2 2342
1608654688307114840 : Checking image 1 crop y2 3336
1608654693607129089 : Checking image 2 crop x1 162
1608654693607231097 : Checking image 2 crop y1 139
1608654693607259599 : Checking image 2 crop x2 2175
1608654693607286001 : Checking image 2 crop y2 3345
1608654693654551317 : Checking image 1 dpi 300
1608654693654645225 : Checking image 1 border top 119
1608654693654675927 : Checking image 1 border bottom 163
1608654693654703729 : Checking image 1 border left 225
1608654693654731131 : Checking image 1 border right 225
1608654693656367556 : Checking image 2 dpi 300
1608654693656434761 : Checking image 2 border top 130
1608654693656462464 : Checking image 2 border bottom 151
1608654693656486065 : Checking image 2 border left 223
1608654693656510367 : Checking image 2 border right 223

</system-out><system-err>--------------------------------- Captured Err ---------------------------------

</system-err></testcase><testcase classname="tests.test_images" name="test_angle_page_lower_split_line_png" time="44.187"><system-out>--------------------------------- Captured Log ---------------------------------

--------------------------------- Captured Out ---------------------------------
/home/runner/work/ocr-book/ocr-book/tests/angle_page_lower_split_line.png
1608654681531640524 : Checking separation double page angle 89.74927707086691
1608654681531729031 : Checking separation double page y=0 2474
1608654688324850418 : Checking page rotation 1 -0.4000000000000005
1608654693603090080 : Checking page rotation 2 0.2
1608654696453278242 : Checking image 1 crop x1 244
1608654696453403651 : Checking image 1 crop y1 160
1608654696453441954 : Checking image 1 crop x2 2350
1608654696453477057 : Checking image 1 crop y2 3365
1608654699350117379 : Checking image 2 crop x1 150
1608654699350218786 : Checking image 2 crop y1 147
1608654699350249088 : Checking image 2 crop x2 2257
1608654699350275590 : Checking image 2 crop y2 3350
1608654699380025726 : Checking image 1 dpi 300
1608654699380130134 : Checking image 1 border top 144
1608654699380162136 : Checking image 1 border bottom 138
1608654699380190139 : Checking image 1 border left 177
1608654699380217741 : Checking image 1 border right 177
1608654699381876865 : Checking image 2 dpi 300
1608654699381946771 : Checking image 2 border top 130
1608654699381971873 : Checking image 2 border bottom 154
1608654699381995974 : Checking image 2 border left 176
1608654699382019276 : Checking image 2 border right 176

</system-out><system-err>--------------------------------- Captured Err ---------------------------------

</system-err></testcase><testcase classname="tests.test_images" name="test_wrong_split_line_2_png" time="74.286"><system-out>--------------------------------- Captured Log ---------------------------------

--------------------------------- Captured Out ---------------------------------
/home/runner/work/ocr-book/ocr-book/tests/wrong_split_line_2.png
1608654732337854623 : Checking separation double page angle 90.19944704411863
1608654732337950129 : Checking separation double page y=0 2437
1608654741969217426 : Checking page rotation 1 0.2
1608654753318717218 : Checking page rotation 2 0.4
1608654759484525661 : Checking image 1 crop x1 294
1608654759484632367 : Checking image 1 crop y1 136
1608654759484659169 : Checking image 1 crop x2 2325
1608654759484684371 : Checking image 1 crop y2 3376
1608654767908081809 : Checking image 2 crop x1 140
1608654767908189016 : Checking image 2 crop y1 192
1608654767908217017 : Checking image 2 crop x2 2167
1608654767908243819 : Checking image 2 crop y2 3386
1608654767949657150 : Checking image 1 dpi 300
1608654767949770357 : Checking image 1 border top 131
1608654767949805059 : Checking image 1 border bottom 116
1608654767949836861 : Checking image 1 border left 214
1608654767949867963 : Checking image 1 border right 214
1608654767951541170 : Checking image 2 dpi 300
1608654767951614674 : Checking image 2 border top 183
1608654767951647276 : Checking image 2 border bottom 110
1608654767951678078 : Checking image 2 border left 216
1608654767951719181 : Checking image 2 border right 216

</system-out><system-err>--------------------------------- Captured Err ---------------------------------

</system-err></testcase><testcase classname="tests.test_images" name="test_wrong_wave_split_line_png" time="70.749"><system-out>--------------------------------- Captured Log ---------------------------------

--------------------------------- Captured Out ---------------------------------
/home/runner/work/ocr-book/ocr-book/tests/wrong_wave_split_line.png
1608654736060222436 : Checking separation double page angle 90.37878604107719
1608654736060311742 : Checking separation double page y=0 2500
1608654745510195821 : Checking page rotation 1 -0.14999999999999067
1608654754516010794 : Checking page rotation 2 0.85
1608654762099667429 : Checking image 1 crop x1 385
1608654762099916245 : Checking image 1 crop y1 179
1608654762099960248 : Checking image 1 crop x2 2411
1608654762100100357 : Checking image 1 crop y2 3374
1608654770074910941 : Checking image 2 crop x1 8
1608654770075016648 : Checking image 2 crop y1 0
1608654770075046550 : Checking image 2 crop x2 2415
1608654770075073852 : Checking image 2 crop y2 3505
1608654770119352947 : Checking image 1 dpi 300
1608654770119441453 : Checking image 1 border top 173
1608654770119469055 : Checking image 1 border bottom 119
1608654770119494256 : Checking image 1 border left 217
1608654770119517558 : Checking image 1 border right 217
1608654770121161162 : Checking image 2 dpi 300
1608654770121237066 : Checking image 2 border top 1
1608654770121268268 : Checking image 2 border bottom 1
1608654770121295370 : Checking image 2 border left 37
1608654770121322272 : Checking image 2 border right 37

</system-out><system-err>--------------------------------- Captured Err ---------------------------------

</system-err></testcase><testcase classname="tests.test_images" name="test_small_wave_png" time="59.832"><system-out>--------------------------------- Captured Log ---------------------------------

--------------------------------- Captured Out ---------------------------------
/home/runner/work/ocr-book/ocr-book/tests/small_wave.png
1608654806539860477 : Checking separation double page angle 90.58816928841564
1608654806539948182 : Checking separation double page y=0 2497
1608654814970400923 : Checking page rotation 1 0.65
1608654822522387311 : Checking page rotation 2 0.75
1608654825264283718 : Checking image 1 crop x1 320
1608654825264418325 : Checking image 1 crop y1 199
1608654825264458328 : Checking image 1 crop x2 2353
1608654825264494230 : Checking image 1 crop y2 3394
1608654827753531626 : Checking image 2 crop x1 132
1608654827753691435 : Checking image 2 crop y1 224
1608654827753842844 : Checking image 2 crop x2 2160
1608654827753917148 : Checking image 2 crop y2 3419
1608654827789560092 : Checking image 1 dpi 300
1608654827789653197 : Checking image 1 border top 179
1608654827789684099 : Checking image 1 border bottom 112
1608654827789711600 : Checking image 1 border left 213
1608654827789738502 : Checking image 1 border right 213
1608654827791326893 : Checking image 2 dpi 300
1608654827791385596 : Checking image 2 border top 197
1608654827791409898 : Checking image 2 border bottom 95
1608654827791433399 : Checking image 2 border left 216
1608654827791456701 : Checking image 2 border right 216

</system-out><system-err>--------------------------------- Captured Err ---------------------------------

</system-err></testcase><testcase classname="tests.test_images" name="test_no_split_line_line_algo_png" time="43.386"><system-out>--------------------------------- Captured Log ---------------------------------

--------------------------------- Captured Out ---------------------------------
/home/runner/work/ocr-book/ocr-book/tests/no_split_line_line_algo.png
1608654796438444567 : Checking separation double page angle 89.47691469185418
1608654796438519871 : Checking separation double page y=0 2476
1608654800413579658 : Checking page rotation 1 -0.14999999999999067
1608654807202757485 : Checking page rotation 2 -0.44999999999999746
1608654809558936190 : Checking image 1 crop x1 205
1608654809559050397 : Checking image 1 crop y1 158
1608654809559084499 : Checking image 1 crop x2 2320
1608654809559115401 : Checking image 1 crop y2 3366
1608654813485942131 : Checking image 2 crop x1 185
1608654813486058237 : Checking image 2 crop y1 221
1608654813486092539 : Checking image 2 crop x2 2201
1608654813486122841 : Checking image 2 crop y2 3366
1608654813523567333 : Checking image 1 dpi 300
1608654813523661438 : Checking image 1 border top 144
1608654813523688140 : Checking image 1 border bottom 134
1608654813523712341 : Checking image 1 border left 172
1608654813523735742 : Checking image 1 border right 172
1608654813525429742 : Checking image 2 dpi 300
1608654813525503946 : Checking image 2 border top 219
1608654813525532948 : Checking image 2 border bottom 123
1608654813525561449 : Checking image 2 border left 222
1608654813525593351 : Checking image 2 border right 222

</system-out><system-err>--------------------------------- Captured Err ---------------------------------

</system-err></testcase><testcase classname="tests.test_images" name="test_failed_split_line_line_algo_png" time="23.924"><system-out>--------------------------------- Captured Log ---------------------------------

--------------------------------- Captured Out ---------------------------------
/home/runner/work/ocr-book/ocr-book/tests/failed_split_line_line_algo.png
1608654829001515092 : Checking separation double page angle 90.04134220573248
1608654829001605997 : Checking separation double page y=0 2573
1608654831969118515 : Checking page rotation 1 -0.14999999999999067
1608654833952728977 : Checking page rotation 2 0.0
1608654836045563327 : Checking image 1 crop x1 407
1608654836045677934 : Checking image 1 crop y1 2925
1608654836045710336 : Checking image 1 crop x2 2419
1608654836045736737 : Checking image 1 crop y2 3174
1608654837469620932 : Checking image 2 crop x1 1184
1608654837469743539 : Checking image 2 crop y1 1748
1608654837469780941 : Checking image 2 crop x2 1185
1608654837469813843 : Checking image 2 crop y2 1749
1608654837470108660 : Checking image 1 dpi 300
1608654837470192865 : Checking image 1 border top 2922
1608654837470228367 : Checking image 1 border bottom 316
1608654837470262168 : Checking image 1 border left 224
1608654837470295570 : Checking image 1 border right 224
1608654837471499138 : Checking image 2 dpi 300
1608654837471586043 : Checking image 2 border top 1752
1608654837471663848 : Checking image 2 border bottom 1753
1608654837471694850 : Checking image 2 border left 1239
1608654837471725251 : Checking image 2 border right 1239

</system-out><system-err>--------------------------------- Captured Err ---------------------------------

</system-err></testcase><testcase classname="tests.test_images" name="test_wrong_split_line_3_png" time="48.428"><system-out>--------------------------------- Captured Log ---------------------------------

--------------------------------- Captured Out ---------------------------------
/home/runner/work/ocr-book/ocr-book/tests/wrong_split_line_3.png
1608654857589657841 : Checking separation double page angle 90.43729500214694
1608654857589744346 : Checking separation double page y=0 2498
1608654864860946092 : Checking page rotation 1 0.30000000000000004
1608654870419400181 : Checking page rotation 2 0.9
1608654873523016790 : Checking image 1 crop x1 331
1608654873523117396 : Checking image 1 crop y1 165
1608654873523144597 : Checking image 1 crop x2 2375
1608654873523169698 : Checking image 1 crop y2 3376
1608654876200776044 : Checking image 2 crop x1 102
1608654876200877249 : Checking image 2 crop y1 208
1608654876200905551 : Checking image 2 crop x2 2133
1608654876200931852 : Checking image 2 crop y2 3413
1608654876234361159 : Checking image 1 dpi 300
1608654876234463564 : Checking image 1 border top 157
1608654876234494566 : Checking image 1 border bottom 119
1608654876234522167 : Checking image 1 border left 208
1608654876234549069 : Checking image 1 border right 208
1608654876236267562 : Checking image 2 dpi 300
1608654876236343066 : Checking image 2 border top 187
1608654876236372567 : Checking image 2 border bottom 95
1608654876236399369 : Checking image 2 border left 214
1608654876236426370 : Checking image 2 border right 214

</system-out><system-err>--------------------------------- Captured Err ---------------------------------

</system-err></testcase><testcase classname="tests.test_images" name="test_failed_split_line_line_algo_2_png" time="55.076"><system-out>--------------------------------- Captured Log ---------------------------------

--------------------------------- Captured Out ---------------------------------
/home/runner/work/ocr-book/ocr-book/tests/failed_split_line_line_algo_2.png
1608654869575239952 : Checking separation double page angle 90.03068774449687
1608654869575330857 : Checking separation double page y=0 2500
1608654878241813261 : Checking page rotation 1 0.0
1608654886727768425 : Checking page rotation 2 0.6000000000000001
1608654889661000533 : Checking image 1 crop x1 272
1608654889661109639 : Checking image 1 crop y1 149
1608654889661140241 : Checking image 1 crop x2 2383
1608654889661165542 : Checking image 1 crop y2 3353
1608654892491717760 : Checking image 2 crop x1 121
1608654892491836766 : Checking image 2 crop y1 155
1608654892491871168 : Checking image 2 crop x2 2244
1608654892491901770 : Checking image 2 crop y2 3350
1608654892526611617 : Checking image 1 dpi 300
1608654892526710322 : Checking image 1 border top 138
1608654892526738123 : Checking image 1 border bottom 145
1608654892526762925 : Checking image 1 border left 174
1608654892526786926 : Checking image 1 border right 174
1608654892528492717 : Checking image 2 dpi 300
1608654892528567021 : Checking image 2 border top 136
1608654892528592922 : Checking image 2 border bottom 156
1608654892528616523 : Checking image 2 border left 168
1608654892528639724 : Checking image 2 border right 168

</system-out><system-err>--------------------------------- Captured Err ---------------------------------

</system-err></testcase><testcase classname="tests.test_images" name="test_crop_too_much_3_png" time="55.534"><system-out>--------------------------------- Captured Log ---------------------------------

--------------------------------- Captured Out ---------------------------------
/home/runner/work/ocr-book/ocr-book/tests/crop_too_much_3.png
1608654909138093622 : Checking separation double page angle 89.49330634783144
1608654909138194028 : Checking separation double page y=0 2498
1608654915480366462 : Checking page rotation 1 -0.8999999999999949
1608654924243036578 : Checking page rotation 2 -0.14999999999999067
1608654927662652259 : Checking image 1 crop x1 374
1608654927662764764 : Checking image 1 crop y1 258
1608654927662796766 : Checking image 1 crop x2 2385
1608654927662825268 : Checking image 1 crop y2 3459
1608654931722524136 : Checking image 2 crop x1 168
1608654931722634842 : Checking image 2 crop y1 228
1608654931722667244 : Checking image 2 crop x2 2181
1608654931722697445 : Checking image 2 crop y2 3417
1608654931762553701 : Checking image 1 dpi 300
1608654931762650906 : Checking image 1 border top 239
1608654931762677308 : Checking image 1 border bottom 47
1608654931762701409 : Checking image 1 border left 224
1608654931762725010 : Checking image 1 border right 224
1608654931764386496 : Checking image 2 dpi 300
1608654931764457099 : Checking image 2 border top 209
1608654931764481901 : Checking image 2 border bottom 89
1608654931764505302 : Checking image 2 border left 223
1608654931764528303 : Checking image 2 border right 223

</system-out><system-err>--------------------------------- Captured Err ---------------------------------

</system-err></testcase><testcase classname="tests.test_images" name="test_wrong_wave_split_line_2_png" time="59.945"><system-out>--------------------------------- Captured Log ---------------------------------

--------------------------------- Captured Out ---------------------------------
/home/runner/work/ocr-book/ocr-book/tests/wrong_wave_split_line_2.png
1608654926079716445 : Checking separation double page angle 90.7708958311329
1608654926079826051 : Checking separation double page y=0 2490
1608654933257137240 : Checking page rotation 1 0.4
1608654943318530949 : Checking page rotation 2 1.8
1608654946576677320 : Checking image 1 crop x1 224
1608654946576780226 : Checking image 1 crop y1 147
1608654946576811027 : Checking image 1 crop x2 2337
1608654946576837729 : Checking image 1 crop y2 3355
1608654952420378739 : Checking image 2 crop x1 107
1608654952420480244 : Checking image 2 crop y1 197
1608654952420510145 : Checking image 2 crop x2 2229
1608654952420537547 : Checking image 2 crop y2 3396
1608654952462090261 : Checking image 1 dpi 300
1608654952462188966 : Checking image 1 border top 137
1608654952462220068 : Checking image 1 border bottom 142
1608654952462248569 : Checking image 1 border left 173
1608654952462275571 : Checking image 1 border right 173
1608654952463903954 : Checking image 2 dpi 300
1608654952463967557 : Checking image 2 border top 171
1608654952463993158 : Checking image 2 border bottom 116
1608654952464041060 : Checking image 2 border left 169
1608654952464064962 : Checking image 2 border right 169

</system-out><system-err>--------------------------------- Captured Err ---------------------------------

</system-err></testcase><testcase classname="tests.test_images" name="test_wrong_wave_split_line_3_png" time="51.864"><system-out>--------------------------------- Captured Log ---------------------------------

--------------------------------- Captured Out ---------------------------------
/home/runner/work/ocr-book/ocr-book/tests/wrong_wave_split_line_3.png
1608654964299047181 : Checking separation double page angle 90.05826063695574
1608654964299136285 : Checking separation double page y=0 2514
1608654972514987756 : Checking page rotation 1 0.05
1608654977943698091 : Checking page rotation 2 0.30000000000000004
1608654980998213379 : Checking image 1 crop x1 273
1608654980998303884 : Checking image 1 crop y1 220
1608654980998341186 : Checking image 1 crop x2 2383
1608654980998365087 : Checking image 1 crop y2 3423
1608654983602933528 : Checking image 2 crop x1 114
1608654983603031932 : Checking image 2 crop y1 226
1608654983603059234 : Checking image 2 crop x2 2237
1608654983603085435 : Checking image 2 crop y2 3414
1608654983637146340 : Checking image 1 dpi 300
1608654983637236345 : Checking image 1 border top 202
1608654983637266246 : Checking image 1 border bottom 82
1608654983637294147 : Checking image 1 border left 175
1608654983637321249 : Checking image 1 border right 175
1608654983638929529 : Checking image 2 dpi 300
1608654983638995633 : Checking image 2 border top 207
1608654983639024034 : Checking image 2 border bottom 92
1608654983639050435 : Checking image 2 border left 168
1608654983639076937 : Checking image 2 border right 168

</system-out><system-err>--------------------------------- Captured Err ---------------------------------

</system-err></testcase><testcase classname="tests.test_images" name="test_no_split_line_wave_algo_png" time="58.877"><system-out>--------------------------------- Captured Log ---------------------------------

--------------------------------- Captured Out ---------------------------------
/home/runner/work/ocr-book/ocr-book/tests/no_split_line_wave_algo.png
1608654981571250590 : Checking separation double page angle 89.72500000000001
1608654981571353695 : Checking separation double page y=0 2484
1608654986506068634 : Checking page rotation 1 0.0
1608654995114987495 : Checking page rotation 2 -0.49999999999999434
1608655003925395240 : Checking image 1 crop x1 97
1608655003925467644 : Checking image 1 crop y1 79
1608655003925498245 : Checking image 1 crop x2 2494
1608655003925527447 : Checking image 1 crop y2 3505
1608655011278248540 : Checking image 2 crop x1 163
1608655011278377946 : Checking image 2 crop y1 266
1608655011278422448 : Checking image 2 crop x2 2238
1608655011278458050 : Checking image 2 crop y2 3381
1608655011313752095 : Checking image 1 dpi 300
1608655011313841600 : Checking image 1 border top 41
1608655011313867801 : Checking image 1 border bottom 41
1608655011313892502 : Checking image 1 border left 42
1608655011313915904 : Checking image 1 border right 42
1608655011315616788 : Checking image 2 dpi 300
1608655011315690091 : Checking image 2 border top 258
1608655011315715193 : Checking image 2 border bottom 114
1608655011315739094 : Checking image 2 border left 192
1608655011315762195 : Checking image 2 border right 192

</system-out><system-err>--------------------------------- Captured Err ---------------------------------

</system-err></testcase><testcase classname="tests.test_images" name="test_no_split_line_wave_algo_2_png" time="45.844"><system-out>--------------------------------- Captured Log ---------------------------------

--------------------------------- Captured Out ---------------------------------
/home/runner/work/ocr-book/ocr-book/tests/no_split_line_wave_algo_2.png
1608655010451341534 : Checking separation double page angle 90.54999999999998
1608655010451446939 : Checking separation double page y=0 2478
1608655016863134776 : Checking page rotation 1 1.1500000000000001
1608655024117257335 : Checking page rotation 2 0.2
1608655026924981082 : Checking image 1 crop x1 266
1608655026925081087 : Checking image 1 crop y1 209
1608655026925108688 : Checking image 1 crop x2 2342
1608655026925133289 : Checking image 1 crop y2 3413
1608655029448475129 : Checking image 2 crop x1 168
1608655029448585834 : Checking image 2 crop y1 241
1608655029448617836 : Checking image 2 crop x2 2251
1608655029448647737 : Checking image 2 crop y2 3433
1608655029482127982 : Checking image 1 dpi 300
1608655029482216886 : Checking image 1 border top 191
1608655029482244088 : Checking image 1 border bottom 92
1608655029482267989 : Checking image 1 border left 192
1608655029482291290 : Checking image 1 border right 192
1608655029483939571 : Checking image 2 dpi 300
1608655029484026375 : Checking image 2 border top 224
1608655029484057877 : Checking image 2 border bottom 71
1608655029484085978 : Checking image 2 border left 188
1608655029484112680 : Checking image 2 border right 188

</system-out><system-err>--------------------------------- Captured Err ---------------------------------

</system-err></testcase><testcase classname="tests.test_images" name="test_crop_too_few_2_png" time="43.377"><system-out>--------------------------------- Captured Log ---------------------------------

--------------------------------- Captured Out ---------------------------------
/home/runner/work/ocr-book/ocr-book/tests/crop_too_few_2.png
1608655036856488985 : Checking separation double page angle 90.30476192320097
1608655036856598190 : Checking separation double page y=0 2531
1608655043235442747 : Checking page rotation 1 1.2000000000000002
1608655048829637683 : Checking page rotation 2 -0.04999999999999689
1608655051662926298 : Checking image 1 crop x1 287
1608655051663027402 : Checking image 1 crop y1 165
1608655051663056004 : Checking image 1 crop x2 2398
1608655051663081805 : Checking image 1 crop y2 3368
1608655054717412186 : Checking image 2 crop x1 149
1608655054717530892 : Checking image 2 crop y1 189
1608655054717563693 : Checking image 2 crop x2 2273
1608655054717594695 : Checking image 2 crop y2 3386
1608655054748206588 : Checking image 1 dpi 300
1608655054748293892 : Checking image 1 border top 157
1608655054748320993 : Checking image 1 border bottom 127
1608655054748345294 : Checking image 1 border left 174
1608655054748368395 : Checking image 1 border right 174
1608655054749986174 : Checking image 2 dpi 300
1608655054750053878 : Checking image 2 border top 181
1608655054750080579 : Checking image 2 border bottom 109
1608655054750104180 : Checking image 2 border left 168
1608655054750127481 : Checking image 2 border right 168

</system-out><system-err>--------------------------------- Captured Err ---------------------------------

</system-err></testcase><testcase classname="tests.test_images" name="test_failed_detect_rectangle_png" time="53.057"><system-out>--------------------------------- Captured Log ---------------------------------

--------------------------------- Captured Out ---------------------------------
/home/runner/work/ocr-book/ocr-book/tests/failed_detect_rectangle.png
1608655060781563938 : Checking separation double page angle 90.19837516213148
1608655060781655350 : Checking separation double page y=0 2474
1608655067888619491 : Checking page rotation 1 0.2
1608655076578998693 : Checking page rotation 2 0.2
1608655079384708542 : Checking image 1 crop x1 257
1608655079384810155 : Checking image 1 crop y1 201
1608655079384838158 : Checking image 1 crop x2 2333
1608655079384862761 : Checking image 1 crop y2 3402
1608655082493690242 : Checking image 2 crop x1 136
1608655082493808257 : Checking image 2 crop y1 215
1608655082493841161 : Checking image 2 crop x2 2219
1608655082493871264 : Checking image 2 crop y2 3406
1608655082539065011 : Checking image 1 dpi 300
1608655082539163423 : Checking image 1 border top 188
1608655082539190226 : Checking image 1 border bottom 97
1608655082539214329 : Checking image 1 border left 192
1608655082539238032 : Checking image 1 border right 192
1608655082540896235 : Checking image 2 dpi 300
1608655082540968644 : Checking image 2 border top 200
1608655082540993347 : Checking image 2 border bottom 95
1608655082541017150 : Checking image 2 border left 188
1608655082541040553 : Checking image 2 border right 188

</system-out><system-err>--------------------------------- Captured Err ---------------------------------

</system-err></testcase><testcase classname="tests.test_images" name="test_single_page_png" time="23.039"><system-out>--------------------------------- Captured Log ---------------------------------

--------------------------------- Captured Out ---------------------------------
/home/runner/work/ocr-book/ocr-book/tests/single_page.png
1608655064335574280 : Checking separation double page angle 90.04999999999998
1608655064335671793 : Checking separation double page y=0 2476
1608655069028960531 : Checking page rotation 1 0.0
1608655069606364295 : Checking page rotation 2 0.0
1608655077006565039 : Checking image 1 crop x1 1
1608655077006643549 : Checking image 1 crop y1 8
1608655077006674152 : Checking image 1 crop x2 2470
1608655077006703056 : Checking image 1 crop y2 3505
1608655077508978055 : Checking image 2 crop x1 0
1608655077509035262 : Checking image 2 crop y1 0
1608655077509059065 : Checking image 2 crop x2 0
1608655077509081068 : Checking image 2 crop y2 0
1608655077509134374 : Checking image 1 dpi 300
1608655077509181380 : Checking image 1 border top 5
1608655077509205383 : Checking image 1 border bottom 5
1608655077509228486 : Checking image 1 border left 6
1608655077509251389 : Checking image 1 border right 6
1608655077514966698 : Checking image 2 border top 0
1608655077515018104 : Checking image 2 border bottom 0
1608655077515044207 : Checking image 2 border left 0
1608655077515070111 : Checking image 2 border right 0

</system-out><system-err>--------------------------------- Captured Err ---------------------------------

</system-err></testcase><testcase classname="tests.test_images" name="test_wrong_split_line_4_png" time="24.613"><system-out>--------------------------------- Captured Log ---------------------------------

--------------------------------- Captured Out ---------------------------------
/home/runner/work/ocr-book/ocr-book/tests/wrong_split_line_4.png
1608655091580308536 : Checking separation double page angle 91.04999999999998
1608655091580387345 : Checking separation double page y=0 60
1608655091799818968 : Checking page rotation 1 1.05
1608655098251540185 : Checking page rotation 2 1.1500000000000001
1608655098788853853 : Checking image 1 crop x1 0
1608655098788918861 : Checking image 1 crop y1 0
1608655098788949064 : Checking image 1 crop x2 0
1608655098788978068 : Checking image 1 crop y2 0
1608655102397483976 : Checking image 2 crop x1 292
1608655102397576387 : Checking image 2 crop y1 330
1608655102397603490 : Checking image 2 crop x2 2314
1608655102397626693 : Checking image 2 crop y2 3218
1608655102433906264 : Checking image 1 border top 0
1608655102433954369 : Checking image 1 border bottom 0
1608655102433978072 : Checking image 1 border left 0
1608655102434003075 : Checking image 1 border right 0
1608655102434049580 : Checking image 2 dpi 300
1608655102434106387 : Checking image 2 border top 322
1608655102434130490 : Checking image 2 border bottom 277
1608655102434153093 : Checking image 2 border left 219
1608655102434175395 : Checking image 2 border right 219

</system-out><system-err>--------------------------------- Captured Err ---------------------------------

</system-err></testcase><testcase classname="tests.test_images" name="test_no_split_line_wave_algo_3_png" time="17.040"><system-out>--------------------------------- Captured Log ---------------------------------

--------------------------------- Captured Out ---------------------------------
/home/runner/work/ocr-book/ocr-book/tests/no_split_line_wave_algo_3.png
1608655091801106423 : Checking separation double page angle 90.14999999999998
1608655091801195834 : Checking separation double page y=0 2408
1608655094765531061 : Checking page rotation 1 0.0
1608655095102831400 : Checking page rotation 2 0.35
1608655099081455260 : Checking image 1 crop x1 184
1608655099081544070 : Checking image 1 crop y1 2957
1608655099081569673 : Checking image 1 crop x2 2201
1608655099081591676 : Checking image 1 crop y2 3202
1608655099557277513 : Checking image 2 crop x1 0
1608655099557339421 : Checking image 2 crop y1 0
1608655099557364223 : Checking image 2 crop x2 0
1608655099557387426 : Checking image 2 crop y2 0
1608655099557457435 : Checking image 1 dpi 300
1608655099557512941 : Checking image 1 border top 2950
1608655099557539144 : Checking image 1 border bottom 292
1608655099557564347 : Checking image 1 border left 221
1608655099557589250 : Checking image 1 border right 221
1608655099563428942 : Checking image 2 border top 0
1608655099563491149 : Checking image 2 border bottom 0
1608655099563519452 : Checking image 2 border left 0
1608655099563547156 : Checking image 2 border right 0

</system-out><system-err>--------------------------------- Captured Err ---------------------------------

</system-err></testcase><testcase classname="tests.test_images" name="test_failed_split_line_line_algo_3_png" time="20.549"><system-out>--------------------------------- Captured Log ---------------------------------

--------------------------------- Captured Out ---------------------------------
/home/runner/work/ocr-book/ocr-book/tests/failed_split_line_line_algo_3.png
1608655113565539816 : Checking separation double page angle 90.0
1608655113565643328 : Checking separation double page y=0 40
1608655113708087525 : Checking page rotation 1 0.0
1608655117116244171 : Checking page rotation 2 0.0
1608655117465681876 : Checking image 1 crop x1 0
1608655117465737083 : Checking image 1 crop y1 0
1608655117465759285 : Checking image 1 crop x2 0
1608655117465779888 : Checking image 1 crop y2 0
1608655122965767537 : Checking image 2 crop x1 246
1608655122965851447 : Checking image 2 crop y1 154
1608655122965878350 : Checking image 2 crop x2 2259
1608655122965901753 : Checking image 2 crop y2 3361
1608655122997524328 : Checking image 1 border top 0
1608655122997572234 : Checking image 1 border bottom 0
1608655122997594636 : Checking image 1 border left 0
1608655122997618339 : Checking image 1 border right 0
1608655122997662544 : Checking image 2 dpi 300
1608655122997737252 : Checking image 2 border top 146
1608655122997762855 : Checking image 2 border bottom 134
1608655122997786958 : Checking image 2 border left 223
1608655122997811561 : Checking image 2 border right 223

</system-out><system-err>--------------------------------- Captured Err ---------------------------------

</system-err></testcase></testsuite></testsuites>