<?xml version="1.0" encoding="utf-8"?><testsuites><testsuite name="pytest" errors="0" failures="0" skipped="0" tests="28" time="835.675" timestamp="2020-12-02T18:41:25.557746" hostname="fv-az121-732"><testcase classname="tests.test_features" name="test_mock_stop_at_0" time="0.046"><system-out>--------------------------------- Captured Log ---------------------------------

--------------------------------- Captured Out ---------------------------------
/home/runner/work/ocr-book/ocr-book/tests/0001_0.png

</system-out><system-err>--------------------------------- Captured Err ---------------------------------

</system-err></testcase><testcase classname="tests.test_features" name="test_disabled_enable_debug" time="42.977"><system-out>--------------------------------- Captured Log ---------------------------------

--------------------------------- Captured Out ---------------------------------
/home/runner/work/ocr-book/ocr-book/tests/0001_debug.png
separation double page angle 90.57780420099763
separation double page y=0 2487
page rotation 1 0.75
page rotation 2 0.2
image 1 crop x1 330
image 1 crop y1 336
image 1 crop x2 2343
image 1 crop y2 3223
image 2 crop x1 169
image 2 crop y1 648
image 2 crop x2 2186
image 2 crop y2 3361
image 1 dpi 300
image 1 border top 340
image 1 border bottom 260
image 1 border left 223
image 1 border right 223
image 2 dpi 300
image 2 border top 646
image 2 border bottom 128
image 2 border left 221
image 2 border right 221

</system-out><system-err>--------------------------------- Captured Err ---------------------------------

</system-err></testcase><testcase classname="tests.test_features" name="test_mock_stop_at_2" time="49.632"><system-out>--------------------------------- Captured Log ---------------------------------

--------------------------------- Captured Out ---------------------------------
/home/runner/work/ocr-book/ocr-book/tests/0001_2.png
separation double page angle 90.57780420099763
separation double page y=0 2487
page rotation 1 0.75
page rotation 2 0.2

</system-out><system-err>--------------------------------- Captured Err ---------------------------------

</system-err></testcase><testcase classname="tests.test_features" name="test_mock_stop_at_1" time="34.343"><system-out>--------------------------------- Captured Log ---------------------------------

--------------------------------- Captured Out ---------------------------------
/home/runner/work/ocr-book/ocr-book/tests/0001_1.png
separation double page angle 90.57780420099763
separation double page y=0 2487

</system-out><system-err>--------------------------------- Captured Err ---------------------------------

</system-err></testcase><testcase classname="tests.test_features" name="test_mock_stop_at_4" time="55.654"><system-out>--------------------------------- Captured Log ---------------------------------

--------------------------------- Captured Out ---------------------------------
/home/runner/work/ocr-book/ocr-book/tests/0001_4.png
separation double page angle 90.57780420099763
separation double page y=0 2487
page rotation 1 0.75
page rotation 2 0.2
image 1 crop x1 330
image 1 crop y1 336
image 1 crop x2 2343
image 1 crop y2 3223
image 2 crop x1 169
image 2 crop y1 648
image 2 crop x2 2186
image 2 crop y2 3361
image 1 dpi 300
image 1 border top 340
image 1 border bottom 260
image 1 border left 223
image 1 border right 223
image 2 dpi 300
image 2 border top 646
image 2 border bottom 128
image 2 border left 221
image 2 border right 221

</system-out><system-err>--------------------------------- Captured Err ---------------------------------

</system-err></testcase><testcase classname="tests.test_features" name="test_mock_stop_at_3" time="55.287"><system-out>--------------------------------- Captured Log ---------------------------------

--------------------------------- Captured Out ---------------------------------
/home/runner/work/ocr-book/ocr-book/tests/0001_3.png
separation double page angle 90.57780420099763
separation double page y=0 2487
page rotation 1 0.75
page rotation 2 0.2
image 1 crop x1 330
image 1 crop y1 336
image 1 crop x2 2343
image 1 crop y2 3223
image 2 crop x1 169
image 2 crop y1 648
image 2 crop x2 2186
image 2 crop y2 3361

</system-out><system-err>--------------------------------- Captured Err ---------------------------------

</system-err></testcase><testcase classname="tests.test_images" name="test_0001_png" time="54.889"><system-out>--------------------------------- Captured Log ---------------------------------

--------------------------------- Captured Out ---------------------------------
/home/runner/work/ocr-book/ocr-book/tests/0001.png
1606934625496500354 : Checking separation double page angle 90.57780420099763
1606934625496677054 : Checking separation double page y=0 2487
1606934632850237412 : Checking page rotation 1 0.75
1606934640641762545 : Checking page rotation 2 0.2
1606934643696462937 : Checking image 1 crop x1 330
1606934643696620337 : Checking image 1 crop y1 336
1606934643696673337 : Checking image 1 crop x2 2343
1606934643696719337 : Checking image 1 crop y2 3223
1606934646919772189 : Checking image 2 crop x1 169
1606934646919903389 : Checking image 2 crop y1 648
1606934646919956589 : Checking image 2 crop x2 2186
1606934646920001689 : Checking image 2 crop y2 3361
1606934646956017831 : Checking image 1 dpi 300
1606934646956178931 : Checking image 1 border top 340
1606934646956224631 : Checking image 1 border bottom 260
1606934646956262231 : Checking image 1 border left 223
1606934646956299531 : Checking image 1 border right 223
1606934646959063434 : Checking image 2 dpi 300
1606934646959124534 : Checking image 2 border top 646
1606934646959177934 : Checking image 2 border bottom 128
1606934646959230434 : Checking image 2 border left 221
1606934646959266434 : Checking image 2 border right 221

</system-out><system-err>--------------------------------- Captured Err ---------------------------------

</system-err></testcase><testcase classname="tests.test_features" name="test_mock_stop_at_5" time="53.497"><system-out>--------------------------------- Captured Log ---------------------------------

--------------------------------- Captured Out ---------------------------------
/home/runner/work/ocr-book/ocr-book/tests/0001_5.png
separation double page angle 90.57780420099763
separation double page y=0 2487
page rotation 1 0.75
page rotation 2 0.2
image 1 crop x1 330
image 1 crop y1 336
image 1 crop x2 2343
image 1 crop y2 3223
image 2 crop x1 169
image 2 crop y1 648
image 2 crop x2 2186
image 2 crop y2 3361
image 1 dpi 300
image 1 border top 340
image 1 border bottom 260
image 1 border left 223
image 1 border right 223
image 2 dpi 300
image 2 border top 646
image 2 border bottom 128
image 2 border left 221
image 2 border right 221

</system-out><system-err>--------------------------------- Captured Err ---------------------------------

</system-err></testcase><testcase classname="tests.test_images" name="test_2_pages_2_contours_png" time="36.607"><system-out>--------------------------------- Captured Log ---------------------------------

--------------------------------- Captured Out ---------------------------------
/home/runner/work/ocr-book/ocr-book/tests/2-pages-2-contours.png
1606934670018284289 : Checking separation double page angle 89.91958537671144
1606934670018392189 : Checking separation double page y=0 2492
1606934672463485643 : Checking page rotation 1 0.05
1606934678472171707 : Checking page rotation 2 0.35000000000000003
1606934679529481935 : Checking image 1 crop x1 1191
1606934679529597236 : Checking image 1 crop y1 1733
1606934679529639136 : Checking image 1 crop x2 1192
1606934679529675736 : Checking image 1 crop y2 1734
1606934683546030933 : Checking image 2 crop x1 89
1606934683546156535 : Checking image 2 crop y1 240
1606934683546205136 : Checking image 2 crop x2 2136
1606934683546250537 : Checking image 2 crop y2 3239
1606934683580397761 : Checking image 1 dpi 300
1606934683580527764 : Checking image 1 border top 1752
1606934683580569865 : Checking image 1 border bottom 1753
1606934683580606765 : Checking image 1 border left 1239
1606934683580643266 : Checking image 1 border right 1239
1606934683582142593 : Checking image 2 dpi 300
1606934683582206795 : Checking image 2 border top 231
1606934683582244895 : Checking image 2 border bottom 257
1606934683582278696 : Checking image 2 border left 206
1606934683582312496 : Checking image 2 border right 206

</system-out><system-err>--------------------------------- Captured Err ---------------------------------

</system-err></testcase><testcase classname="tests.test_images" name="test_image_failed_to_crop_data_png" time="61.239"><system-out>--------------------------------- Captured Log ---------------------------------

--------------------------------- Captured Out ---------------------------------
/home/runner/work/ocr-book/ocr-book/tests/image_failed_to_crop_data.png
1606934706877937170 : Checking separation double page angle 89.91538216173362
1606934706878038772 : Checking separation double page y=0 2477
1606934712780873868 : Checking page rotation 1 0.2
1606934718031206800 : Checking page rotation 2 0.0
1606934729471330160 : Checking image 1 crop x1 58
1606934729471456962 : Checking image 1 crop y1 8
1606934729471503163 : Checking image 1 crop x2 2480
1606934729471545563 : Checking image 1 crop y2 3504
1606934733964225051 : Checking image 2 crop x1 159
1606934733964352653 : Checking image 2 crop y1 217
1606934733964401654 : Checking image 2 crop x2 2241
1606934733964447654 : Checking image 2 crop y2 3350
1606934733998546708 : Checking image 1 dpi 300
1606934733998668409 : Checking image 1 border top 6
1606934733998729110 : Checking image 1 border bottom 6
1606934733998805111 : Checking image 1 border left 29
1606934733998841711 : Checking image 1 border right 29
1606934734001806451 : Checking image 2 dpi 300
1606934734001886952 : Checking image 2 border top 225
1606934734001927753 : Checking image 2 border bottom 129
1606934734001963253 : Checking image 2 border left 189
1606934734001999053 : Checking image 2 border right 189

</system-out><system-err>--------------------------------- Captured Err ---------------------------------

</system-err></testcase><testcase classname="tests.test_images" name="test_black_border_not_removed_png" time="61.859"><system-out>--------------------------------- Captured Log ---------------------------------

--------------------------------- Captured Out ---------------------------------
/home/runner/work/ocr-book/ocr-book/tests/black-border-not-removed.png
1606934720238323870 : Checking separation double page angle 90.02895758682553
1606934720238441872 : Checking separation double page y=0 2456
1606934726868362609 : Checking page rotation 1 0.0
1606934736867845394 : Checking page rotation 2 0.0
1606934740112517730 : Checking image 1 crop x1 297
1606934740112612431 : Checking image 1 crop y1 143
1606934740112669132 : Checking image 1 crop x2 2309
1606934740112720833 : Checking image 1 crop y2 3346
1606934745395284201 : Checking image 2 crop x1 157
1606934745395414902 : Checking image 2 crop y1 145
1606934745395465903 : Checking image 2 crop x2 2169
1606934745395513404 : Checking image 2 crop y2 3352
1606934745433867278 : Checking image 1 dpi 300
1606934745433989779 : Checking image 1 border top 130
1606934745434032780 : Checking image 1 border bottom 154
1606934745434070780 : Checking image 1 border left 224
1606934745434108381 : Checking image 1 border right 224
1606934745437232119 : Checking image 2 dpi 300
1606934745437304020 : Checking image 2 border top 139
1606934745437343221 : Checking image 2 border bottom 141
1606934745437378721 : Checking image 2 border left 224
1606934745437413421 : Checking image 2 border right 224

</system-out><system-err>--------------------------------- Captured Err ---------------------------------

</system-err></testcase><testcase classname="tests.test_images" name="test_wrong_angle_split_line_png" time="69.196"><system-out>--------------------------------- Captured Log ---------------------------------

--------------------------------- Captured Out ---------------------------------
/home/runner/work/ocr-book/ocr-book/tests/wrong_angle_split_line.png
1606934769826167269 : Checking separation double page angle 90.04193420006348
1606934769826265270 : Checking separation double page y=0 2477
1606934777549548909 : Checking page rotation 1 0.2
1606934785290919683 : Checking page rotation 2 0.05
1606934797430095889 : Checking image 1 crop x1 61
1606934797430221691 : Checking image 1 crop y1 7
1606934797430268191 : Checking image 1 crop x2 2475
1606934797430310091 : Checking image 1 crop y2 3500
1606934802314100487 : Checking image 2 crop x1 163
1606934802314227889 : Checking image 2 crop y1 218
1606934802314279889 : Checking image 2 crop x2 2243
1606934802314328289 : Checking image 2 crop y2 3350
1606934802489776258 : Checking image 1 dpi 300
1606934802489895260 : Checking image 1 border top 7
1606934802489936560 : Checking image 1 border bottom 7
1606934802489972560 : Checking image 1 border left 33
1606934802490009361 : Checking image 1 border right 33
1606934802497396227 : Checking image 2 dpi 300
1606934802497493827 : Checking image 2 border top 219
1606934802497530728 : Checking image 2 border bottom 136
1606934802497564128 : Checking image 2 border left 190
1606934802497597228 : Checking image 2 border right 190

</system-out><system-err>--------------------------------- Captured Err ---------------------------------

</system-err></testcase><testcase classname="tests.test_images" name="test_image_failed_to_rotate_png" time="61.041"><system-out>--------------------------------- Captured Log ---------------------------------

--------------------------------- Captured Out ---------------------------------
/home/runner/work/ocr-book/ocr-book/tests/image_failed_to_rotate.png
1606934777521208518 : Checking separation double page angle 90.19634423290287
1606934777521300219 : Checking separation double page y=0 2482
1606934783168842625 : Checking page rotation 1 0.35000000000000003
1606934790462510242 : Checking page rotation 2 0.45
1606934801724582802 : Checking image 1 crop x1 34
1606934801724708903 : Checking image 1 crop y1 1
1606934801724756003 : Checking image 1 crop x2 2480
1606934801724798204 : Checking image 1 crop y2 3500
1606934806319442866 : Checking image 2 crop x1 169
1606934806319582367 : Checking image 2 crop y1 234
1606934806319634968 : Checking image 2 crop x2 2248
1606934806319701468 : Checking image 2 crop y2 3355
1606934806363378151 : Checking image 1 dpi 300
1606934806363480352 : Checking image 1 border top 4
1606934806363523552 : Checking image 1 border bottom 4
1606934806363559452 : Checking image 1 border left 17
1606934806363595453 : Checking image 1 border right 17
1606934806366351977 : Checking image 2 dpi 300
1606934806366417977 : Checking image 2 border top 220
1606934806366455378 : Checking image 2 border bottom 146
1606934806366490478 : Checking image 2 border left 190
1606934806366525478 : Checking image 2 border right 190

</system-out><system-err>--------------------------------- Captured Err ---------------------------------

</system-err></testcase><testcase classname="tests.test_images" name="test_angle_page_lower_split_line_png" time="60.029"><system-out>--------------------------------- Captured Log ---------------------------------

--------------------------------- Captured Out ---------------------------------
/home/runner/work/ocr-book/ocr-book/tests/angle_page_lower_split_line.png
1606934842272182593 : Checking separation double page angle 89.75201324945476
1606934842272275594 : Checking separation double page y=0 2473
1606934850759569897 : Checking page rotation 1 -0.44999999999998863
1606934857294954087 : Checking page rotation 2 0.2
1606934860361439479 : Checking image 1 crop x1 245
1606934860361591280 : Checking image 1 crop y1 161
1606934860361643180 : Checking image 1 crop x2 2351
1606934860361726681 : Checking image 1 crop y2 3364
1606934863261099079 : Checking image 2 crop x1 151
1606934863261219979 : Checking image 2 crop y1 147
1606934863261265280 : Checking image 2 crop x2 2258
1606934863261308680 : Checking image 2 crop y2 3350
1606934863299943937 : Checking image 1 dpi 300
1606934863300065337 : Checking image 1 border top 132
1606934863300104938 : Checking image 1 border bottom 152
1606934863300138638 : Checking image 1 border left 177
1606934863300172138 : Checking image 1 border right 177
1606934863302991857 : Checking image 2 dpi 300
1606934863303058857 : Checking image 2 border top 116
1606934863303093657 : Checking image 2 border bottom 168
1606934863303126258 : Checking image 2 border left 176
1606934863303158958 : Checking image 2 border right 176

</system-out><system-err>--------------------------------- Captured Err ---------------------------------

</system-err></testcase><testcase classname="tests.test_images" name="test_wrong_split_line_png" time="46.357"><system-out>--------------------------------- Captured Log ---------------------------------

--------------------------------- Captured Out ---------------------------------
/home/runner/work/ocr-book/ocr-book/tests/wrong_split_line.png
1606934836655058917 : Checking separation double page angle 89.85895720607971
1606934836655148618 : Checking separation double page y=0 2463
1606934841342109269 : Checking page rotation 1 -0.14999999999999147
1606934847844282650 : Checking page rotation 2 0.65
1606934850261365188 : Checking image 1 crop x1 213
1606934850261523289 : Checking image 1 crop y1 157
1606934850261575189 : Checking image 1 crop x2 2323
1606934850261622390 : Checking image 1 crop y2 3362
1606934852805222420 : Checking image 2 crop x1 126
1606934852805408321 : Checking image 2 crop y1 167
1606934852805462522 : Checking image 2 crop x2 2237
1606934852805512022 : Checking image 2 crop y2 3372
1606934852841446073 : Checking image 1 dpi 300
1606934852841560273 : Checking image 1 border top 115
1606934852841605174 : Checking image 1 border bottom 167
1606934852841643074 : Checking image 1 border left 175
1606934852841705674 : Checking image 1 border right 175
1606934852844503294 : Checking image 2 dpi 300
1606934852844571994 : Checking image 2 border top 142
1606934852844609395 : Checking image 2 border bottom 140
1606934852844661995 : Checking image 2 border left 174
1606934852844696595 : Checking image 2 border right 174

</system-out><system-err>--------------------------------- Captured Err ---------------------------------

</system-err></testcase><testcase classname="tests.test_images" name="test_crop_too_much_png" time="83.993"><system-out>--------------------------------- Captured Log ---------------------------------

--------------------------------- Captured Out ---------------------------------
/home/runner/work/ocr-book/ocr-book/tests/crop_too_much.png
1606934903590994309 : Checking separation double page angle 90.13239409272953
1606934903591084310 : Checking separation double page y=0 2453
1606934914455113811 : Checking page rotation 1 0.0
1606934926847623306 : Checking page rotation 2 0.45
1606934932183022439 : Checking image 1 crop x1 303
1606934932183186640 : Checking image 1 crop y1 148
1606934932183237041 : Checking image 1 crop x2 2313
1606934932183280541 : Checking image 1 crop y2 3351
1606934936768092737 : Checking image 2 crop x1 170
1606934936768242938 : Checking image 2 crop y1 155
1606934936768295138 : Checking image 2 crop x2 2181
1606934936768342939 : Checking image 2 crop y2 3359
1606934936818882392 : Checking image 1 dpi 300
1606934936819004092 : Checking image 1 border top 131
1606934936819048992 : Checking image 1 border bottom 153
1606934936819103393 : Checking image 1 border left 225
1606934936819139193 : Checking image 1 border right 225
1606934936821956507 : Checking image 2 dpi 300
1606934936822039307 : Checking image 2 border top 139
1606934936822075808 : Checking image 2 border bottom 144
1606934936822112708 : Checking image 2 border left 224
1606934936822149808 : Checking image 2 border right 224

</system-out><system-err>--------------------------------- Captured Err ---------------------------------

</system-err></testcase><testcase classname="tests.test_images" name="test_crop_too_few_png" time="50.588"><system-out>--------------------------------- Captured Log ---------------------------------

--------------------------------- Captured Out ---------------------------------
/home/runner/work/ocr-book/ocr-book/tests/crop_too_few.png
1606934896590563279 : Checking separation double page angle 89.39669496435833
1606934896590658880 : Checking separation double page y=0 2510
1606934902149502876 : Checking page rotation 1 -0.75
1606934908902151699 : Checking page rotation 2 0.05
1606934911488122092 : Checking image 1 crop x1 265
1606934911488334093 : Checking image 1 crop y1 152
1606934911488382393 : Checking image 1 crop x2 2375
1606934911488425793 : Checking image 1 crop y2 3356
1606934913858732986 : Checking image 2 crop x1 135
1606934913858864687 : Checking image 2 crop y1 141
1606934913858913987 : Checking image 2 crop x2 2261
1606934913858960288 : Checking image 2 crop y2 3345
1606934913897157395 : Checking image 1 dpi 300
1606934913897284095 : Checking image 1 border top 116
1606934913897340296 : Checking image 1 border bottom 167
1606934913897373496 : Checking image 1 border left 175
1606934913897406096 : Checking image 1 border right 175
1606934913900018510 : Checking image 2 dpi 300
1606934913900110111 : Checking image 2 border top 143
1606934913900146711 : Checking image 2 border bottom 140
1606934913900181711 : Checking image 2 border left 167
1606934913900216511 : Checking image 2 border right 167

</system-out><system-err>--------------------------------- Captured Err ---------------------------------

</system-err></testcase><testcase classname="tests.test_images" name="test_crop_too_much_2_png" time="82.179"><system-out>--------------------------------- Captured Log ---------------------------------

--------------------------------- Captured Out ---------------------------------
/home/runner/work/ocr-book/ocr-book/tests/crop_too_much_2.png
1606934963055443403 : Checking separation double page angle 90.2021118646249
1606934963055543404 : Checking separation double page y=0 2477
1606934976200357216 : Checking page rotation 1 0.2
1606934986996672233 : Checking page rotation 2 0.2
1606934990930291205 : Checking image 1 crop x1 332
1606934990930375906 : Checking image 1 crop y1 131
1606934990930421506 : Checking image 1 crop x2 2342
1606934990930463306 : Checking image 1 crop y2 3336
1606934995997109093 : Checking image 2 crop x1 168
1606934995997246594 : Checking image 2 crop y1 139
1606934995997296794 : Checking image 2 crop x2 2181
1606934995997343994 : Checking image 2 crop y2 3345
1606934996051743823 : Checking image 1 dpi 300
1606934996051855023 : Checking image 1 border top 116
1606934996051898124 : Checking image 1 border bottom 166
1606934996051934624 : Checking image 1 border left 225
1606934996051970424 : Checking image 1 border right 225
1606934996054366134 : Checking image 2 dpi 300
1606934996054427534 : Checking image 2 border top 133
1606934996054464134 : Checking image 2 border bottom 148
1606934996054498835 : Checking image 2 border left 223
1606934996054535835 : Checking image 2 border right 223

</system-out><system-err>--------------------------------- Captured Err ---------------------------------

</system-err></testcase><testcase classname="tests.test_images" name="test_wrong_split_line_2_png" time="101.189"><system-out>--------------------------------- Captured Log ---------------------------------

--------------------------------- Captured Out ---------------------------------
/home/runner/work/ocr-book/ocr-book/tests/wrong_split_line_2.png
1606934995961869644 : Checking separation double page angle 90.3838786217729
1606934995961977345 : Checking separation double page y=0 2442
1606935007712671769 : Checking page rotation 1 0.05
1606935021327367805 : Checking page rotation 2 0.4
1606935028874562365 : Checking image 1 crop x1 294
1606935028874700366 : Checking image 1 crop y1 137
1606935028874768966 : Checking image 1 crop x2 2326
1606935028874832766 : Checking image 1 crop y2 3375
1606935037956960674 : Checking image 2 crop x1 146
1606935037957102774 : Checking image 2 crop y1 192
1606935037957156474 : Checking image 2 crop x2 2173
1606935037957205075 : Checking image 2 crop y2 3386
1606935038006576464 : Checking image 1 dpi 300
1606935038006671165 : Checking image 1 border top 125
1606935038006714265 : Checking image 1 border bottom 124
1606935038006751365 : Checking image 1 border left 214
1606935038006787265 : Checking image 1 border right 214
1606935038009256275 : Checking image 2 dpi 300
1606935038009315175 : Checking image 2 border top 184
1606935038009352075 : Checking image 2 border bottom 109
1606935038009387275 : Checking image 2 border left 216
1606935038009439075 : Checking image 2 border right 216

</system-out><system-err>--------------------------------- Captured Err ---------------------------------

</system-err></testcase><testcase classname="tests.test_images" name="test_small_wave_png" time="74.603"><system-out>--------------------------------- Captured Log ---------------------------------

--------------------------------- Captured Out ---------------------------------
/home/runner/work/ocr-book/ocr-book/tests/small_wave.png
1606935043372396969 : Checking separation double page angle 90.61316928841566
1606935043372508269 : Checking separation double page y=0 2495
1606935055028191211 : Checking page rotation 1 0.7000000000000001
1606935065123403759 : Checking page rotation 2 0.7000000000000001
1606935067747712538 : Checking image 1 crop x1 322
1606935067747843539 : Checking image 1 crop y1 199
1606935067747896539 : Checking image 1 crop x2 2351
1606935067747946239 : Checking image 1 crop y2 3394
1606935070617623768 : Checking image 2 crop x1 135
1606935070619850876 : Checking image 2 crop y1 223
1606935070619898676 : Checking image 2 crop x2 2164
1606935070619942476 : Checking image 2 crop y2 3419
1606935070663793435 : Checking image 1 dpi 300
1606935070663897235 : Checking image 1 border top 177
1606935070663936736 : Checking image 1 border bottom 115
1606935070663971436 : Checking image 1 border left 215
1606935070664005936 : Checking image 1 border right 215
1606935070666493445 : Checking image 2 dpi 300
1606935070666550945 : Checking image 2 border top 191
1606935070666585845 : Checking image 2 border bottom 100
1606935070666618845 : Checking image 2 border left 215
1606935070666652045 : Checking image 2 border right 215

</system-out><system-err>--------------------------------- Captured Err ---------------------------------

</system-err></testcase><testcase classname="tests.test_images" name="test_wrong_split_line_3_png" time="66.667"><system-out>--------------------------------- Captured Log ---------------------------------

--------------------------------- Captured Out ---------------------------------
/home/runner/work/ocr-book/ocr-book/tests/wrong_split_line_3.png
1606935079452017178 : Checking separation double page angle 90.43729500214693
1606935079452109678 : Checking separation double page y=0 2498
1606935090558862874 : Checking page rotation 1 0.30000000000000004
1606935099325337434 : Checking page rotation 2 0.9
1606935101832833337 : Checking image 1 crop x1 331
1606935101832981338 : Checking image 1 crop y1 165
1606935101833031738 : Checking image 1 crop x2 2375
1606935101833079438 : Checking image 1 crop y2 3376
1606935104653104792 : Checking image 2 crop x1 102
1606935104653249292 : Checking image 2 crop y1 208
1606935104653334392 : Checking image 2 crop x2 2133
1606935104653381093 : Checking image 2 crop y2 3413
1606935104693615832 : Checking image 1 dpi 300
1606935104693774832 : Checking image 1 border top 150
1606935104693821932 : Checking image 1 border bottom 126
1606935104693858732 : Checking image 1 border left 208
1606935104693910833 : Checking image 1 border right 208
1606935104696862543 : Checking image 2 dpi 300
1606935104696938543 : Checking image 2 border top 190
1606935104696974343 : Checking image 2 border bottom 92
1606935104697007843 : Checking image 2 border left 214
1606935104697043843 : Checking image 2 border right 214

</system-out><system-err>--------------------------------- Captured Err ---------------------------------

</system-err></testcase><testcase classname="tests.test_images" name="test_wrong_wave_split_line_png" time="86.084"><system-out>--------------------------------- Captured Log ---------------------------------

--------------------------------- Captured Out ---------------------------------
/home/runner/work/ocr-book/ocr-book/tests/wrong_wave_split_line.png
1606935122717239666 : Checking separation double page angle 90.5287860410772
1606935122717340066 : Checking separation double page y=0 2502
1606935131903153634 : Checking page rotation 1 -0.14999999999999147
1606935140973317816 : Checking page rotation 2 0.8500000000000001
1606935150472680831 : Checking image 1 crop x1 385
1606935150472824132 : Checking image 1 crop y1 179
1606935150472876332 : Checking image 1 crop x2 2411
1606935150472923532 : Checking image 1 crop y2 3374
1606935156706367228 : Checking image 2 crop x1 124
1606935156706491928 : Checking image 2 crop y1 58
1606935156706539729 : Checking image 2 crop x2 2410
1606935156706602129 : Checking image 2 crop y2 3392
1606935156757878696 : Checking image 1 dpi 300
1606935156758000796 : Checking image 1 border top 167
1606935156758083097 : Checking image 1 border bottom 124
1606935156758117097 : Checking image 1 border left 217
1606935156758150597 : Checking image 1 border right 217
1606935156760782906 : Checking image 2 dpi 300
1606935156760843306 : Checking image 2 border top 0
1606935156760883006 : Checking image 2 border bottom 163
1606935156760918506 : Checking image 2 border left 92
1606935156760953506 : Checking image 2 border right 92

</system-out><system-err>--------------------------------- Captured Err ---------------------------------

</system-err></testcase><testcase classname="tests.test_images" name="test_no_split_line_line_algo_png" time="54.193"><system-out>--------------------------------- Captured Log ---------------------------------

--------------------------------- Captured Out ---------------------------------
/home/runner/work/ocr-book/ocr-book/tests/no_split_line_line_algo.png
1606935137448331120 : Checking separation double page angle 89.47691469185418
1606935137448425620 : Checking separation double page y=0 2476
1606935142695376714 : Checking page rotation 1 -0.14999999999999147
1606935152718708494 : Checking page rotation 2 -0.44999999999998863
1606935154764067485 : Checking image 1 crop x1 205
1606935154764197186 : Checking image 1 crop y1 158
1606935154764245986 : Checking image 1 crop x2 2320
1606935154764290086 : Checking image 1 crop y2 3366
1606935158852530623 : Checking image 2 crop x1 185
1606935158852680524 : Checking image 2 crop y1 221
1606935158852732224 : Checking image 2 crop x2 2201
1606935158852779624 : Checking image 2 crop y2 3366
1606935158896392266 : Checking image 1 dpi 300
1606935158896497567 : Checking image 1 border top 137
1606935158896538367 : Checking image 1 border bottom 142
1606935158896572467 : Checking image 1 border left 172
1606935158896606167 : Checking image 1 border right 172
1606935158898929875 : Checking image 2 dpi 300
1606935158899005975 : Checking image 2 border top 225
1606935158899042375 : Checking image 2 border bottom 117
1606935158899075775 : Checking image 2 border left 222
1606935158899108775 : Checking image 2 border right 222

</system-out><system-err>--------------------------------- Captured Err ---------------------------------

</system-err></testcase><testcase classname="tests.test_images" name="test_failed_split_line_line_algo_png" time="26.614"><system-out>--------------------------------- Captured Log ---------------------------------

--------------------------------- Captured Out ---------------------------------
/home/runner/work/ocr-book/ocr-book/tests/failed_split_line_line_algo.png
1606935175078685995 : Checking separation double page angle 90.01634220573249
1606935175078781395 : Checking separation double page y=0 2575
1606935178779639166 : Checking page rotation 1 -0.14999999999999147
1606935181199570609 : Checking page rotation 2 0.05
1606935182675167023 : Checking image 1 crop x1 407
1606935182675303124 : Checking image 1 crop y1 2925
1606935182675352824 : Checking image 1 crop x2 2419
1606935182675398124 : Checking image 1 crop y2 3174
1606935183417214892 : Checking image 2 crop x1 1180
1606935183417287593 : Checking image 2 crop y1 1724
1606935183417322093 : Checking image 2 crop x2 1181
1606935183417357593 : Checking image 2 crop y2 1725
1606935183417745094 : Checking image 1 dpi 300
1606935183417853794 : Checking image 1 border top 2930
1606935183417891794 : Checking image 1 border bottom 308
1606935183417924395 : Checking image 1 border left 224
1606935183417956495 : Checking image 1 border right 224
1606935183419360099 : Checking image 2 dpi 300
1606935183419411799 : Checking image 2 border top 1753
1606935183419445499 : Checking image 2 border bottom 1753
1606935183419477500 : Checking image 2 border left 1239
1606935183419509600 : Checking image 2 border right 1239

</system-out><system-err>--------------------------------- Captured Err ---------------------------------

</system-err></testcase><testcase classname="tests.test_images" name="test_failed_split_line_line_algo_2_png" time="68.229"><system-out>--------------------------------- Captured Log ---------------------------------

--------------------------------- Captured Out ---------------------------------
/home/runner/work/ocr-book/ocr-book/tests/failed_split_line_line_algo_2.png
1606935204611292187 : Checking separation double page angle 89.9913422057325
1606935204611389288 : Checking separation double page y=0 2498
1606935214371055232 : Checking page rotation 1 0.0
1606935221490729613 : Checking page rotation 2 0.6000000000000001
1606935224518997837 : Checking image 1 crop x1 272
1606935224519128039 : Checking image 1 crop y1 149
1606935224519177639 : Checking image 1 crop x2 2383
1606935224519221040 : Checking image 1 crop y2 3353
1606935227072232828 : Checking image 2 crop x1 121
1606935227072358129 : Checking image 2 crop y1 155
1606935227072408430 : Checking image 2 crop x2 2244
1606935227072455331 : Checking image 2 crop y2 3350
1606935227122471125 : Checking image 1 dpi 300
1606935227122604427 : Checking image 1 border top 137
1606935227122649527 : Checking image 1 border bottom 146
1606935227122686528 : Checking image 1 border left 174
1606935227122725028 : Checking image 1 border right 174
1606935227125792865 : Checking image 2 dpi 300
1606935227125874166 : Checking image 2 border top 138
1606935227125909466 : Checking image 2 border bottom 154
1606935227125942666 : Checking image 2 border left 168
1606935227125975567 : Checking image 2 border right 168

</system-out><system-err>--------------------------------- Captured Err ---------------------------------

</system-err></testcase><testcase classname="tests.test_images" name="test_crop_too_much_3_png" time="69.238"><system-out>--------------------------------- Captured Log ---------------------------------

--------------------------------- Captured Out ---------------------------------
/home/runner/work/ocr-book/ocr-book/tests/crop_too_much_3.png
1606935223948166296 : Checking separation double page angle 89.55580634783144
1606935223948261197 : Checking separation double page y=0 2499
1606935231634611804 : Checking page rotation 1 -0.9499999999999886
1606935244238645279 : Checking page rotation 2 -0.14999999999999147
1606935248424604999 : Checking image 1 crop x1 373
1606935248424738201 : Checking image 1 crop y1 258
1606935248424807101 : Checking image 1 crop x2 2386
1606935248424854002 : Checking image 1 crop y2 3458
1606935252572883702 : Checking image 2 crop x1 167
1606935252573003203 : Checking image 2 crop y1 228
1606935252573051704 : Checking image 2 crop x2 2180
1606935252573115204 : Checking image 2 crop y2 3417
1606935252621881348 : Checking image 1 dpi 300
1606935252621998150 : Checking image 1 border top 237
1606935252622034550 : Checking image 1 border bottom 50
1606935252622065250 : Checking image 1 border left 223
1606935252622118251 : Checking image 1 border right 223
1606935252624557578 : Checking image 2 dpi 300
1606935252624649079 : Checking image 2 border top 192
1606935252624704380 : Checking image 2 border bottom 106
1606935252624739080 : Checking image 2 border left 223
1606935252624774081 : Checking image 2 border right 223

</system-out><system-err>--------------------------------- Captured Err ---------------------------------

</system-err></testcase><testcase classname="tests.test_images" name="test_wrong_wave_split_line_2_png" time="70.677"><system-out>--------------------------------- Captured Log ---------------------------------

--------------------------------- Captured Out ---------------------------------
/home/runner/work/ocr-book/ocr-book/tests/wrong_wave_split_line_2.png
1606935275197891467 : Checking separation double page angle 90.7708958311329
1606935275197986668 : Checking separation double page y=0 2490
1606935282914216896 : Checking page rotation 1 0.4
1606935291477290442 : Checking page rotation 2 1.8
1606935294302832107 : Checking image 1 crop x1 224
1606935294302956809 : Checking image 1 crop y1 147
1606935294303007009 : Checking image 1 crop x2 2337
1606935294303054109 : Checking image 1 crop y2 3355
1606935297748416685 : Checking image 2 crop x1 107
1606935297748551086 : Checking image 2 crop y1 197
1606935297748602886 : Checking image 2 crop x2 2229
1606935297748650487 : Checking image 2 crop y2 3396
1606935297798813989 : Checking image 1 dpi 300
1606935297798907490 : Checking image 1 border top 126
1606935297798947390 : Checking image 1 border bottom 153
1606935297798981290 : Checking image 1 border left 173
1606935297799015191 : Checking image 1 border right 173
1606935297801362614 : Checking image 2 dpi 300
1606935297801421615 : Checking image 2 border top 170
1606935297801476115 : Checking image 2 border bottom 118
1606935297801511316 : Checking image 2 border left 169
1606935297801546516 : Checking image 2 border right 169

</system-out><system-err>--------------------------------- Captured Err ---------------------------------

</system-err></testcase><testcase classname="tests.test_images" name="test_wrong_wave_split_line_3_png" time="63.977"><system-out>--------------------------------- Captured Log ---------------------------------

--------------------------------- Captured Out ---------------------------------
/home/runner/work/ocr-book/ocr-book/tests/wrong_wave_split_line_3.png
1606935296914040138 : Checking separation double page angle 90.0586735161512
1606935296914138939 : Checking separation double page y=0 2510
1606935304818019564 : Checking page rotation 1 0.1
1606935310687612480 : Checking page rotation 2 0.35000000000000003
1606935313890980737 : Checking image 1 crop x1 272
1606935313891111338 : Checking image 1 crop y1 219
1606935313891161839 : Checking image 1 crop x2 2383
1606935313891205739 : Checking image 1 crop y2 3423
1606935316572932479 : Checking image 2 crop x1 119
1606935316573076181 : Checking image 2 crop y1 226
1606935316573125481 : Checking image 2 crop x2 2240
1606935316573172182 : Checking image 2 crop y2 3413
1606935316613443367 : Checking image 1 dpi 300
1606935316613536868 : Checking image 1 border top 190
1606935316613574768 : Checking image 1 border bottom 93
1606935316613643269 : Checking image 1 border left 174
1606935316613743070 : Checking image 1 border right 174
1606935316615776090 : Checking image 2 dpi 300
1606935316615835690 : Checking image 2 border top 190
1606935316615872090 : Checking image 2 border bottom 110
1606935316615906591 : Checking image 2 border left 169
1606935316615956291 : Checking image 2 border right 169

</system-out><system-err>--------------------------------- Captured Err ---------------------------------

</system-err></testcase></testsuite></testsuites>