<?xml version="1.0" encoding="utf-8"?><testsuites><testsuite errors="0" failures="0" hostname="fv-az203-224" name="pytest" skipped="0" tests="36" time="377.012" timestamp="2021-09-08T07:59:44.132334"><testcase classname="tests.test_features" name="test_disabled_enable_debug" time="21.294"><system-out>--------------------------------- Captured Log ---------------------------------

--------------------------------- Captured Out ---------------------------------
/home/runner/work/diptych/diptych/tests/0001_debug.png
separation double page angle 90.55756528497216
separation double page y=0 2484
page rotation 1 0.65
page rotation 2 0.2
image 1 crop x1 329
image 1 crop y1 335
image 1 crop x2 2344
image 1 crop y2 3222
image 2 crop x1 171
image 2 crop y1 648
image 2 crop x2 2188
image 2 crop y2 3361
image 1 dpi 300
image 1 border top 327
image 1 border bottom 273
image 1 border left 222
image 1 border right 222
image 2 dpi 300
image 2 border top 643
image 2 border bottom 131
image 2 border left 221
image 2 border right 221

</system-out><system-err>--------------------------------- Captured Err ---------------------------------

</system-err></testcase><testcase classname="tests.test_features" name="test_mock_stop_at_0" time="0.053"><system-out>--------------------------------- Captured Log ---------------------------------

--------------------------------- Captured Out ---------------------------------
/home/runner/work/diptych/diptych/tests/0001_0.png

</system-out><system-err>--------------------------------- Captured Err ---------------------------------

</system-err></testcase><testcase classname="tests.test_features" name="test_mock_stop_at_2" time="15.311"><system-out>--------------------------------- Captured Log ---------------------------------

--------------------------------- Captured Out ---------------------------------
/home/runner/work/diptych/diptych/tests/0001_2.png
separation double page angle 90.55756528497216
separation double page y=0 2484
page rotation 1 0.65
page rotation 2 0.2

</system-out><system-err>--------------------------------- Captured Err ---------------------------------

</system-err></testcase><testcase classname="tests.test_features" name="test_mock_stop_at_4" time="20.976"><system-out>--------------------------------- Captured Log ---------------------------------

--------------------------------- Captured Out ---------------------------------
/home/runner/work/diptych/diptych/tests/0001_4.png
separation double page angle 90.55756528497216
separation double page y=0 2484
page rotation 1 0.65
page rotation 2 0.2
image 1 crop x1 329
image 1 crop y1 335
image 1 crop x2 2344
image 1 crop y2 3222
image 2 crop x1 171
image 2 crop y1 648
image 2 crop x2 2188
image 2 crop y2 3361
image 1 dpi 300
image 1 border top 326
image 1 border bottom 274
image 1 border left 222
image 1 border right 222
image 2 dpi 300
image 2 border top 643
image 2 border bottom 131
image 2 border left 221
image 2 border right 221

</system-out><system-err>--------------------------------- Captured Err ---------------------------------

</system-err></testcase><testcase classname="tests.test_features" name="test_mock_stop_at_1" time="12.206"><system-out>--------------------------------- Captured Log ---------------------------------

--------------------------------- Captured Out ---------------------------------
/home/runner/work/diptych/diptych/tests/0001_1.png
separation double page angle 90.55756528497216
separation double page y=0 2484

</system-out><system-err>--------------------------------- Captured Err ---------------------------------

</system-err></testcase><testcase classname="tests.test_features" name="test_mock_stop_at_3" time="20.684"><system-out>--------------------------------- Captured Log ---------------------------------

--------------------------------- Captured Out ---------------------------------
/home/runner/work/diptych/diptych/tests/0001_3.png
separation double page angle 90.55756528497216
separation double page y=0 2484
page rotation 1 0.65
page rotation 2 0.2
image 1 crop x1 329
image 1 crop y1 335
image 1 crop x2 2344
image 1 crop y2 3222
image 2 crop x1 171
image 2 crop y1 648
image 2 crop x2 2188
image 2 crop y2 3361

</system-out><system-err>--------------------------------- Captured Err ---------------------------------

</system-err></testcase><testcase classname="tests.test_images" name="test_0001_png" time="19.248"><system-out>--------------------------------- Captured Log ---------------------------------

--------------------------------- Captured Out ---------------------------------
/home/runner/work/diptych/diptych/tests/0001.png
1631088033434437550 : Checking separation double page angle 90.55756528497216
1631088033434572461 : Checking separation double page y=0 2484
1631088034641423835 : Checking page rotation 1 0.65
1631088035971660251 : Checking page rotation 2 0.2
1631088038548042364 : Checking image 1 crop x1 329
1631088038548160074 : Checking image 1 crop y1 335
1631088038548201477 : Checking image 1 crop x2 2344
1631088038548238681 : Checking image 1 crop y2 3222
1631088040896030292 : Checking image 2 crop x1 171
1631088040896148102 : Checking image 2 crop y1 648
1631088040896189305 : Checking image 2 crop x2 2188
1631088040896224408 : Checking image 2 crop y2 3361
1631088040896412524 : Checking image 1 dpi 300
1631088040896483729 : Checking image 1 border top 326
1631088040896517332 : Checking image 1 border bottom 274
1631088040896548635 : Checking image 1 border left 222
1631088040896579637 : Checking image 1 border right 222
1631088040898988035 : Checking image 2 dpi 300
1631088040899076543 : Checking image 2 border top 643
1631088040899109645 : Checking image 2 border bottom 131
1631088040899140848 : Checking image 2 border left 221
1631088040899171951 : Checking image 2 border right 221

</system-out><system-err>--------------------------------- Captured Err ---------------------------------

</system-err></testcase><testcase classname="tests.test_features" name="test_mock_stop_at_5" time="21.006"><system-out>--------------------------------- Captured Log ---------------------------------

--------------------------------- Captured Out ---------------------------------
/home/runner/work/diptych/diptych/tests/0001_5.png
separation double page angle 90.55756528497216
separation double page y=0 2484
page rotation 1 0.65
page rotation 2 0.2
image 1 crop x1 329
image 1 crop y1 335
image 1 crop x2 2344
image 1 crop y2 3222
image 2 crop x1 171
image 2 crop y1 648
image 2 crop x2 2188
image 2 crop y2 3361
image 1 dpi 300
image 1 border top 326
image 1 border bottom 274
image 1 border left 222
image 1 border right 222
image 2 dpi 300
image 2 border top 643
image 2 border bottom 131
image 2 border left 221
image 2 border right 221

</system-out><system-err>--------------------------------- Captured Err ---------------------------------

</system-err></testcase><testcase classname="tests.test_images" name="test_black_border_not_removed_png" time="20.738"><system-out>--------------------------------- Captured Log ---------------------------------

--------------------------------- Captured Out ---------------------------------
/home/runner/work/diptych/diptych/tests/black-border-not-removed.png
1631088051963076541 : Checking separation double page angle 90.01516396500199
1631088051963183450 : Checking separation double page y=0 2455
1631088053262361724 : Checking page rotation 1 0.0
1631088054943468776 : Checking page rotation 2 0.1
1631088057445105654 : Checking image 1 crop x1 297
1631088057445230564 : Checking image 1 crop y1 143
1631088057445272967 : Checking image 1 crop x2 2309
1631088057445311171 : Checking image 1 crop y2 3346
1631088061636828519 : Checking image 2 crop x1 154
1631088061636948729 : Checking image 2 crop y1 144
1631088061636990832 : Checking image 2 crop x2 2168
1631088061637030436 : Checking image 2 crop y2 3351
1631088061637220351 : Checking image 1 dpi 300
1631088061637292457 : Checking image 1 border top 131
1631088061637327960 : Checking image 1 border bottom 153
1631088061637361963 : Checking image 1 border left 224
1631088061637395966 : Checking image 1 border right 224
1631088061639673753 : Checking image 2 dpi 300
1631088061639759060 : Checking image 2 border top 133
1631088061639794663 : Checking image 2 border bottom 147
1631088061639828566 : Checking image 2 border left 223
1631088061639862569 : Checking image 2 border right 223

</system-out><system-err>--------------------------------- Captured Err ---------------------------------

</system-err></testcase><testcase classname="tests.test_images" name="test_2_pages_2_contours_png" time="14.506"><system-out>--------------------------------- Captured Log ---------------------------------

--------------------------------- Captured Out ---------------------------------
/home/runner/work/diptych/diptych/tests/2-pages-2-contours.png
1631088070154862741 : Checking separation double page angle 90.14230271514262
1631088070154988552 : Checking separation double page y=0 2488
1631088070762081668 : Checking page rotation 1 0.0
1631088071925437597 : Checking page rotation 2 0.2
1631088072770732117 : Checking image 1 crop x1 1189
1631088072770860927 : Checking image 1 crop y1 1751
1631088072770897631 : Checking image 1 crop x2 1190
1631088072770931633 : Checking image 1 crop y2 1752
1631088075007441561 : Checking image 2 crop x1 100
1631088075007561071 : Checking image 2 crop y1 240
1631088075007599774 : Checking image 2 crop x2 2148
1631088075007637877 : Checking image 2 crop y2 3240
1631088075007821492 : Checking image 1 dpi 300
1631088075007891398 : Checking image 1 border top 1752
1631088075007924701 : Checking image 1 border bottom 1753
1631088075007958404 : Checking image 1 border left 1239
1631088075007993207 : Checking image 1 border right 1239
1631088075009737050 : Checking image 2 dpi 300
1631088075009817457 : Checking image 2 border top 230
1631088075009851059 : Checking image 2 border bottom 256
1631088075009885462 : Checking image 2 border left 206
1631088075009917365 : Checking image 2 border right 206

</system-out><system-err>--------------------------------- Captured Err ---------------------------------

</system-err></testcase><testcase classname="tests.test_images" name="test_image_failed_to_rotate_png" time="27.957"><system-out>--------------------------------- Captured Log ---------------------------------

--------------------------------- Captured Out ---------------------------------
/home/runner/work/diptych/diptych/tests/image_failed_to_rotate.png
1631088077142948046 : Checking separation double page angle 90.35651650869968
1631088077143058255 : Checking separation double page y=0 2483
1631088079246693618 : Checking page rotation 1 0.45
1631088080362743433 : Checking page rotation 2 0.2
1631088086132641472 : Checking image 1 crop x1 31
1631088086132771983 : Checking image 1 crop y1 1
1631088086132815086 : Checking image 1 crop x2 2481
1631088086132854690 : Checking image 1 crop y2 3504
1631088089495659869 : Checking image 2 crop x1 171
1631088089495777178 : Checking image 2 crop y1 231
1631088089495819982 : Checking image 2 crop x2 2259
1631088089495860085 : Checking image 2 crop y2 3358
1631088089496054901 : Checking image 1 dpi 300
1631088089496134808 : Checking image 1 border top 2
1631088089496172811 : Checking image 1 border bottom 2
1631088089496206414 : Checking image 1 border left 15
1631088089496241617 : Checking image 1 border right 15
1631088089498675017 : Checking image 2 dpi 300
1631088089498760025 : Checking image 2 border top 217
1631088089498795227 : Checking image 2 border bottom 143
1631088089498881135 : Checking image 2 border left 186
1631088089498914837 : Checking image 2 border right 186

</system-out><system-err>--------------------------------- Captured Err ---------------------------------

</system-err></testcase><testcase classname="tests.test_images" name="test_wrong_split_line_png" time="17.104"><system-out>--------------------------------- Captured Log ---------------------------------

--------------------------------- Captured Out ---------------------------------
/home/runner/work/diptych/diptych/tests/wrong_split_line.png
1631088086495031574 : Checking separation double page angle 89.95895720607972
1631088086495147284 : Checking separation double page y=0 2466
1631088087694570253 : Checking page rotation 1 -0.04999999999999689
1631088088801498991 : Checking page rotation 2 0.45
1631088090145684505 : Checking image 1 crop x1 211
1631088090145807715 : Checking image 1 crop y1 156
1631088090145849119 : Checking image 1 crop x2 2323
1631088090145890322 : Checking image 1 crop y2 3363
1631088092110368565 : Checking image 2 crop x1 123
1631088092110491775 : Checking image 2 crop y1 164
1631088092110532778 : Checking image 2 crop x2 2237
1631088092110573282 : Checking image 2 crop y2 3375
1631088092110751797 : Checking image 1 dpi 300
1631088092110845904 : Checking image 1 border top 135
1631088092110883807 : Checking image 1 border bottom 145
1631088092110918510 : Checking image 1 border left 174
1631088092110955213 : Checking image 1 border right 174
1631088092113574929 : Checking image 2 dpi 300
1631088092113656936 : Checking image 2 border top 141
1631088092113692739 : Checking image 2 border bottom 135
1631088092113727042 : Checking image 2 border left 173
1631088092113761845 : Checking image 2 border right 173

</system-out><system-err>--------------------------------- Captured Err ---------------------------------

</system-err></testcase><testcase classname="tests.test_images" name="test_image_failed_to_crop_data_png" time="40.968"><system-out>--------------------------------- Captured Log ---------------------------------

--------------------------------- Captured Out ---------------------------------
/home/runner/work/diptych/diptych/tests/image_failed_to_crop_data.png
1631088110385087792 : Checking separation double page angle 90.09350257645173
1631088110385204202 : Checking separation double page y=0 2479
1631088115860459412 : Checking page rotation 1 0.15000000000000002
1631088117258414768 : Checking page rotation 2 0.05
1631088127428227951 : Checking image 1 crop x1 46
1631088127428362062 : Checking image 1 crop y1 1
1631088127428404165 : Checking image 1 crop x2 2477
1631088127428443569 : Checking image 1 crop y2 3505
1631088130501325129 : Checking image 2 crop x1 164
1631088130501445639 : Checking image 2 crop y1 217
1631088130501486543 : Checking image 2 crop x2 2245
1631088130501528046 : Checking image 2 crop y2 3350
1631088130501730863 : Checking image 1 dpi 300
1631088130501810269 : Checking image 1 border top 2
1631088130501847872 : Checking image 1 border bottom 2
1631088130501881675 : Checking image 1 border left 25
1631088130501915578 : Checking image 1 border right 25
1631088130504377480 : Checking image 2 dpi 300
1631088130504465787 : Checking image 2 border top 206
1631088130504501390 : Checking image 2 border bottom 148
1631088130504535393 : Checking image 2 border left 189
1631088130504568996 : Checking image 2 border right 189

</system-out><system-err>--------------------------------- Captured Err ---------------------------------

</system-err></testcase><testcase classname="tests.test_images" name="test_crop_too_much_png" time="22.805"><system-out>--------------------------------- Captured Log ---------------------------------

--------------------------------- Captured Out ---------------------------------
/home/runner/work/diptych/diptych/tests/crop_too_much.png
1631088105345819387 : Checking separation double page angle 90.16929865985193
1631088105345930496 : Checking separation double page y=0 2456
1631088106898918643 : Checking page rotation 1 -0.04999999999999689
1631088108297948900 : Checking page rotation 2 0.2
1631088111106081045 : Checking image 1 crop x1 302
1631088111106196654 : Checking image 1 crop y1 148
1631088111106234757 : Checking image 1 crop x2 2314
1631088111106270460 : Checking image 1 crop y2 3351
1631088114891768055 : Checking image 2 crop x1 163
1631088114891888965 : Checking image 2 crop y1 151
1631088114891926868 : Checking image 2 crop x2 2187
1631088114891964271 : Checking image 2 crop y2 3363
1631088114892135885 : Checking image 1 dpi 300
1631088114892205591 : Checking image 1 border top 133
1631088114892238894 : Checking image 1 border bottom 151
1631088114892272696 : Checking image 1 border left 224
1631088114892307999 : Checking image 1 border right 224
1631088114894704396 : Checking image 2 dpi 300
1631088114894788103 : Checking image 2 border top 132
1631088114894855609 : Checking image 2 border bottom 143
1631088114894888511 : Checking image 2 border left 218
1631088114894921014 : Checking image 2 border right 218

</system-out><system-err>--------------------------------- Captured Err ---------------------------------

</system-err></testcase><testcase classname="tests.test_images" name="test_crop_too_few_png" time="17.688"><system-out>--------------------------------- Captured Log ---------------------------------

--------------------------------- Captured Out ---------------------------------
/home/runner/work/diptych/diptych/tests/crop_too_few.png
1631088126751885662 : Checking separation double page angle 89.49492328400886
1631088126752009572 : Checking separation double page y=0 2510
1631088127799429460 : Checking page rotation 1 -0.6499999999999977
1631088129219571682 : Checking page rotation 2 0.0
1631088131182177942 : Checking image 1 crop x1 263
1631088131182301352 : Checking image 1 crop y1 150
1631088131182342155 : Checking image 1 crop x2 2377
1631088131182380658 : Checking image 1 crop y2 3357
1631088132615294203 : Checking image 2 crop x1 139
1631088132615421513 : Checking image 2 crop y1 141
1631088132615462916 : Checking image 2 crop x2 2261
1631088132615503420 : Checking image 2 crop y2 3345
1631088132615690935 : Checking image 1 dpi 300
1631088132615765741 : Checking image 1 border top 129
1631088132615801744 : Checking image 1 border bottom 150
1631088132615838547 : Checking image 1 border left 173
1631088132615876550 : Checking image 1 border right 173
1631088132618425758 : Checking image 2 dpi 300
1631088132618510065 : Checking image 2 border top 130
1631088132618546468 : Checking image 2 border bottom 153
1631088132618581171 : Checking image 2 border left 169
1631088132618615474 : Checking image 2 border right 169

</system-out><system-err>--------------------------------- Captured Err ---------------------------------

</system-err></testcase><testcase classname="tests.test_images" name="test_wrong_angle_split_line_png" time="23.316"><system-out>--------------------------------- Captured Log ---------------------------------

--------------------------------- Captured Out ---------------------------------
/home/runner/work/diptych/diptych/tests/wrong_angle_split_line.png
1631088140548934357 : Checking separation double page angle 90.08791528895468
1631088140549045166 : Checking separation double page y=0 2478
1631088141989903373 : Checking page rotation 1 0.1
1631088142992834552 : Checking page rotation 2 0.1
1631088148335125014 : Checking image 1 crop x1 58
1631088148335244124 : Checking image 1 crop y1 6
1631088148335285527 : Checking image 1 crop x2 2476
1631088148335322930 : Checking image 1 crop y2 3501
1631088153093587466 : Checking image 2 crop x1 166
1631088153093706076 : Checking image 2 crop y1 218
1631088153093746579 : Checking image 2 crop x2 2244
1631088153093783482 : Checking image 2 crop y2 3349
1631088153093989799 : Checking image 1 dpi 300
1631088153094074406 : Checking image 1 border top 6
1631088153094106908 : Checking image 1 border bottom 6
1631088153094138211 : Checking image 1 border left 31
1631088153094169013 : Checking image 1 border right 31
1631088153101472406 : Checking image 2 dpi 300
1631088153101577115 : Checking image 2 border top 209
1631088153101610417 : Checking image 2 border bottom 147
1631088153101642120 : Checking image 2 border left 191
1631088153101673722 : Checking image 2 border right 191

</system-out><system-err>--------------------------------- Captured Err ---------------------------------

</system-err></testcase><testcase classname="tests.test_images" name="test_crop_too_much_2_png" time="24.730"><system-out>--------------------------------- Captured Log ---------------------------------

--------------------------------- Captured Out ---------------------------------
/home/runner/work/diptych/diptych/tests/crop_too_much_2.png
1631088146471842113 : Checking separation double page angle 90.15285326123045
1631088146471956322 : Checking separation double page y=0 2477
1631088148619357574 : Checking page rotation 1 0.15000000000000002
1631088150948008296 : Checking page rotation 2 0.2
1631088153708730473 : Checking image 1 crop x1 330
1631088153708845682 : Checking image 1 crop y1 132
1631088153708884385 : Checking image 1 crop x2 2342
1631088153708920088 : Checking image 1 crop y2 3335
1631088157311139290 : Checking image 2 crop x1 165
1631088157311258100 : Checking image 2 crop y1 139
1631088157311306804 : Checking image 2 crop x2 2178
1631088157311343707 : Checking image 2 crop y2 3345
1631088157311519322 : Checking image 1 dpi 300
1631088157311591928 : Checking image 1 border top 121
1631088157311625530 : Checking image 1 border bottom 163
1631088157311657233 : Checking image 1 border left 224
1631088157311690536 : Checking image 1 border right 224
1631088157314132536 : Checking image 2 dpi 300
1631088157314208942 : Checking image 2 border top 129
1631088157314242645 : Checking image 2 border bottom 152
1631088157314274648 : Checking image 2 border left 223
1631088157314306250 : Checking image 2 border right 223

</system-out><system-err>--------------------------------- Captured Err ---------------------------------

</system-err></testcase><testcase classname="tests.test_images" name="test_angle_page_lower_split_line_png" time="28.514"><system-out>--------------------------------- Captured Log ---------------------------------

--------------------------------- Captured Out ---------------------------------
/home/runner/work/diptych/diptych/tests/angle_page_lower_split_line.png
1631088172276478916 : Checking separation double page angle 89.74412725181848
1631088172276584623 : Checking separation double page y=0 2472
1631088174844792132 : Checking page rotation 1 -0.14999999999999067
1631088177293965227 : Checking page rotation 2 0.1
1631088178884764151 : Checking image 1 crop x1 241
1631088178884886760 : Checking image 1 crop y1 156
1631088178884928363 : Checking image 1 crop x2 2357
1631088178884968466 : Checking image 1 crop y2 3368
1631088182412608843 : Checking image 2 crop x1 151
1631088182412734752 : Checking image 2 crop y1 146
1631088182412776755 : Checking image 2 crop x2 2261
1631088182412816158 : Checking image 2 crop y2 3351
1631088182413008272 : Checking image 1 dpi 300
1631088182413083977 : Checking image 1 border top 140
1631088182413120080 : Checking image 1 border bottom 135
1631088182413156182 : Checking image 1 border left 172
1631088182413190185 : Checking image 1 border right 172
1631088182415704964 : Checking image 2 dpi 300
1631088182415801171 : Checking image 2 border top 131
1631088182415838174 : Checking image 2 border bottom 151
1631088182415872676 : Checking image 2 border left 175
1631088182415906679 : Checking image 2 border right 175

</system-out><system-err>--------------------------------- Captured Err ---------------------------------

</system-err></testcase><testcase classname="tests.test_images" name="test_wrong_split_line_2_png" time="34.506"><system-out>--------------------------------- Captured Log ---------------------------------

--------------------------------- Captured Out ---------------------------------
/home/runner/work/diptych/diptych/tests/wrong_split_line_2.png
1631088175017486305 : Checking separation double page angle 90.23635161124103
1631088175017610813 : Checking separation double page y=0 2437
1631088178185743092 : Checking page rotation 1 0.2
1631088180934229943 : Checking page rotation 2 0.2
1631088185417869725 : Checking image 1 crop x1 294
1631088185417997535 : Checking image 1 crop y1 136
1631088185418036938 : Checking image 1 crop x2 2325
1631088185418076141 : Checking image 1 crop y2 3376
1631088191832258826 : Checking image 2 crop x1 138
1631088191832384735 : Checking image 2 crop y1 190
1631088191832426639 : Checking image 2 crop x2 2174
1631088191832466942 : Checking image 2 crop y2 3389
1631088191832638355 : Checking image 1 dpi 300
1631088191832711761 : Checking image 1 border top 131
1631088191832748564 : Checking image 1 border bottom 116
1631088191832783566 : Checking image 1 border left 214
1631088191832821469 : Checking image 1 border right 214
1631088191835311363 : Checking image 2 dpi 300
1631088191835399470 : Checking image 2 border top 181
1631088191835435872 : Checking image 2 border bottom 107
1631088191835470275 : Checking image 2 border left 212
1631088191835505378 : Checking image 2 border right 212

</system-out><system-err>--------------------------------- Captured Err ---------------------------------

</system-err></testcase><testcase classname="tests.test_images" name="test_wrong_wave_split_line_png" time="32.409"><system-out>--------------------------------- Captured Log ---------------------------------

--------------------------------- Captured Out ---------------------------------
/home/runner/work/diptych/diptych/tests/wrong_wave_split_line.png
1631088199989270526 : Checking separation double page angle 90.42461655762611
1631088199989375934 : Checking separation double page y=0 2502
1631088202079508876 : Checking page rotation 1 -0.09999999999999377
1631088204125336057 : Checking page rotation 2 0.85
1631088208995080116 : Checking image 1 crop x1 384
1631088208995210626 : Checking image 1 crop y1 178
1631088208995253829 : Checking image 1 crop x2 2412
1631088208995291632 : Checking image 1 crop y2 3374
1631088214810560632 : Checking image 2 crop x1 7
1631088214810692842 : Checking image 2 crop y1 0
1631088214810735045 : Checking image 2 crop x2 2411
1631088214810775648 : Checking image 2 crop y2 3505
1631088214810975864 : Checking image 1 dpi 300
1631088214811052570 : Checking image 1 border top 173
1631088214811088572 : Checking image 1 border bottom 118
1631088214811124275 : Checking image 1 border left 216
1631088214811157978 : Checking image 1 border right 216
1631088214813573664 : Checking image 2 dpi 300
1631088214813670372 : Checking image 2 border top 1
1631088214813705474 : Checking image 2 border bottom 1
1631088214813738777 : Checking image 2 border left 38
1631088214813771979 : Checking image 2 border right 38

</system-out><system-err>--------------------------------- Captured Err ---------------------------------

</system-err></testcase><testcase classname="tests.test_images" name="test_small_wave_png" time="19.919"><system-out>--------------------------------- Captured Log ---------------------------------

--------------------------------- Captured Out ---------------------------------
/home/runner/work/diptych/diptych/tests/small_wave.png
1631088205055659342 : Checking separation double page angle 90.56494929955075
1631088205055777052 : Checking separation double page y=0 2495
1631088206786516299 : Checking page rotation 1 0.7
1631088208265324507 : Checking page rotation 2 0.65
1631088209748817176 : Checking image 1 crop x1 322
1631088209748938285 : Checking image 1 crop y1 199
1631088209748977088 : Checking image 1 crop x2 2351
1631088209749013391 : Checking image 1 crop y2 3394
1631088211752191356 : Checking image 2 crop x1 130
1631088211752314065 : Checking image 2 crop y1 222
1631088211752354568 : Checking image 2 crop x2 2163
1631088211752394471 : Checking image 2 crop y2 3420
1631088211752581086 : Checking image 1 dpi 300
1631088211752655191 : Checking image 1 border top 181
1631088211752691594 : Checking image 1 border bottom 111
1631088211752728597 : Checking image 1 border left 215
1631088211752766600 : Checking image 1 border right 215
1631088211755310896 : Checking image 2 dpi 300
1631088211755398403 : Checking image 2 border top 197
1631088211755434806 : Checking image 2 border bottom 92
1631088211755469909 : Checking image 2 border left 213
1631088211755504711 : Checking image 2 border right 213

</system-out><system-err>--------------------------------- Captured Err ---------------------------------

</system-err></testcase><testcase classname="tests.test_images" name="test_wrong_split_line_3_png" time="26.398"><system-out>--------------------------------- Captured Log ---------------------------------

--------------------------------- Captured Out ---------------------------------
/home/runner/work/diptych/diptych/tests/wrong_split_line_3.png
1631088226114194814 : Checking separation double page angle 90.40515247895009
1631088226114306423 : Checking separation double page y=0 2495
1631088228241394568 : Checking page rotation 1 0.2
1631088229824860919 : Checking page rotation 2 0.85
1631088231905920460 : Checking image 1 crop x1 331
1631088231906037769 : Checking image 1 crop y1 166
1631088231906074472 : Checking image 1 crop x2 2377
1631088231906110975 : Checking image 1 crop y2 3375
1631088238174153276 : Checking image 2 crop x1 103
1631088238174259084 : Checking image 2 crop y1 207
1631088238174295087 : Checking image 2 crop x2 2136
1631088238174330689 : Checking image 2 crop y2 3414
1631088238174524004 : Checking image 1 dpi 300
1631088238174599410 : Checking image 1 border top 158
1631088238174632712 : Checking image 1 border bottom 120
1631088238174666915 : Checking image 1 border left 207
1631088238174700417 : Checking image 1 border right 207
1631088238177390218 : Checking image 2 dpi 300
1631088238177490626 : Checking image 2 border top 199
1631088238177524628 : Checking image 2 border bottom 81
1631088238177556331 : Checking image 2 border left 213
1631088238177588833 : Checking image 2 border right 213

</system-out><system-err>--------------------------------- Captured Err ---------------------------------

</system-err></testcase><testcase classname="tests.test_images" name="test_no_split_line_line_algo_png" time="21.928"><system-out>--------------------------------- Captured Log ---------------------------------

--------------------------------- Captured Out ---------------------------------
/home/runner/work/diptych/diptych/tests/no_split_line_line_algo.png
1631088227330994711 : Checking separation double page angle 89.47691469185418
1631088227331103520 : Checking separation double page y=0 2476
1631088228689597658 : Checking page rotation 1 -0.14999999999999067
1631088230889980682 : Checking page rotation 2 -0.14999999999999067
1631088232649429874 : Checking image 1 crop x1 205
1631088232649545983 : Checking image 1 crop y1 158
1631088232649585186 : Checking image 1 crop x2 2320
1631088232649621589 : Checking image 1 crop y2 3366
1631088236759916811 : Checking image 2 crop x1 185
1631088236760039520 : Checking image 2 crop y1 225
1631088236760078623 : Checking image 2 crop x2 2204
1631088236760115726 : Checking image 2 crop y2 3362
1631088236760312941 : Checking image 1 dpi 300
1631088236760388246 : Checking image 1 border top 144
1631088236760421449 : Checking image 1 border bottom 134
1631088236760454551 : Checking image 1 border left 172
1631088236760485954 : Checking image 1 border right 172
1631088236763031844 : Checking image 2 dpi 300
1631088236763123551 : Checking image 2 border top 223
1631088236763156554 : Checking image 2 border bottom 127
1631088236763188056 : Checking image 2 border left 220
1631088236763218958 : Checking image 2 border right 220

</system-out><system-err>--------------------------------- Captured Err ---------------------------------

</system-err></testcase><testcase classname="tests.test_images" name="test_crop_too_much_3_png" time="19.519"><system-out>--------------------------------- Captured Log ---------------------------------

--------------------------------- Captured Out ---------------------------------
/home/runner/work/diptych/diptych/tests/crop_too_much_3.png
1631088248347611564 : Checking separation double page angle 89.5934556679346
1631088248347721472 : Checking separation double page y=0 2499
1631088249599494691 : Checking page rotation 1 -0.8999999999999949
1631088251374326239 : Checking page rotation 2 -0.04999999999999689
1631088254013762447 : Checking image 1 crop x1 374
1631088254013886657 : Checking image 1 crop y1 258
1631088254013928060 : Checking image 1 crop x2 2385
1631088254013965763 : Checking image 1 crop y2 3459
1631088256271767118 : Checking image 2 crop x1 164
1631088256271893928 : Checking image 2 crop y1 229
1631088256271936231 : Checking image 2 crop x2 2183
1631088256271975234 : Checking image 2 crop y2 3416
1631088256272167849 : Checking image 1 dpi 300
1631088256272242254 : Checking image 1 border top 239
1631088256272277757 : Checking image 1 border bottom 46
1631088256272313460 : Checking image 1 border left 224
1631088256272347562 : Checking image 1 border right 224
1631088256274866056 : Checking image 2 dpi 300
1631088256274958363 : Checking image 2 border top 210
1631088256274994166 : Checking image 2 border bottom 90
1631088256275028669 : Checking image 2 border left 220
1631088256275062371 : Checking image 2 border right 220

</system-out><system-err>--------------------------------- Captured Err ---------------------------------

</system-err></testcase><testcase classname="tests.test_images" name="test_failed_split_line_line_algo_png" time="15.218"><system-out>--------------------------------- Captured Log ---------------------------------

--------------------------------- Captured Out ---------------------------------
/home/runner/work/diptych/diptych/tests/failed_split_line_line_algo.png
1631088247893705738 : Checking separation double page angle 90.0093502548779
1631088247893813146 : Checking separation double page y=0 2574
1631088248780091641 : Checking page rotation 1 0.0
1631088249388850783 : Checking page rotation 2 0.0
1631088251667727406 : Checking image 1 crop x1 411
1631088251667851515 : Checking image 1 crop y1 2927
1631088251667892518 : Checking image 1 crop x2 2422
1631088251667931621 : Checking image 1 crop y2 3172
1631088253426737797 : Checking image 2 crop x1 1191
1631088253426874207 : Checking image 2 crop y1 1745
1631088253426912810 : Checking image 2 crop x2 1192
1631088253426950813 : Checking image 2 crop y2 1746
1631088253427093624 : Checking image 1 dpi 300
1631088253427172930 : Checking image 1 border top 2920
1631088253427209533 : Checking image 1 border bottom 322
1631088253427244136 : Checking image 1 border left 224
1631088253427280539 : Checking image 1 border right 224
1631088253428877462 : Checking image 2 dpi 300
1631088253428953867 : Checking image 2 border top 1752
1631088253428992970 : Checking image 2 border bottom 1753
1631088253429028173 : Checking image 2 border left 1239
1631088253429062776 : Checking image 2 border right 1239

</system-out><system-err>--------------------------------- Captured Err ---------------------------------

</system-err></testcase><testcase classname="tests.test_images" name="test_failed_split_line_line_algo_2_png" time="19.408"><system-out>--------------------------------- Captured Log ---------------------------------

--------------------------------- Captured Out ---------------------------------
/home/runner/work/diptych/diptych/tests/failed_split_line_line_algo_2.png
1631088267109078411 : Checking separation double page angle 90.03732329462368
1631088267109185920 : Checking separation double page y=0 2499
1631088268585405187 : Checking page rotation 1 -0.09999999999999377
1631088269890893343 : Checking page rotation 2 0.5499999999999999
1631088271491616972 : Checking image 1 crop x1 273
1631088271491742282 : Checking image 1 crop y1 147
1631088271491780685 : Checking image 1 crop x2 2386
1631088271491816287 : Checking image 1 crop y2 3352
1631088272798526037 : Checking image 2 crop x1 122
1631088272798646146 : Checking image 2 crop y1 155
1631088272798683849 : Checking image 2 crop x2 2246
1631088272798720752 : Checking image 2 crop y2 3350
1631088272798915667 : Checking image 1 dpi 300
1631088272798994473 : Checking image 1 border top 137
1631088272799027876 : Checking image 1 border bottom 145
1631088272799059978 : Checking image 1 border left 173
1631088272799093581 : Checking image 1 border right 173
1631088272801216544 : Checking image 2 dpi 300
1631088272801292950 : Checking image 2 border top 136
1631088272801326452 : Checking image 2 border bottom 156
1631088272801358755 : Checking image 2 border left 168
1631088272801390657 : Checking image 2 border right 168

</system-out><system-err>--------------------------------- Captured Err ---------------------------------

</system-err></testcase><testcase classname="tests.test_images" name="test_wrong_wave_split_line_2_png" time="26.867"><system-out>--------------------------------- Captured Log ---------------------------------

--------------------------------- Captured Out ---------------------------------
/home/runner/work/diptych/diptych/tests/wrong_wave_split_line_2.png
1631088273689426054 : Checking separation double page angle 90.7708958311329
1631088273689535963 : Checking separation double page y=0 2490
1631088275910142009 : Checking page rotation 1 0.2
1631088278056856861 : Checking page rotation 2 1.65
1631088279544320217 : Checking image 1 crop x1 227
1631088279544440826 : Checking image 1 crop y1 147
1631088279544480829 : Checking image 1 crop x2 2342
1631088279544518132 : Checking image 1 crop y2 3353
1631088283140416527 : Checking image 2 crop x1 106
1631088283140537636 : Checking image 2 crop y1 195
1631088283140580140 : Checking image 2 crop x2 2231
1631088283140620743 : Checking image 2 crop y2 3398
1631088283140812857 : Checking image 1 dpi 300
1631088283140889763 : Checking image 1 border top 136
1631088283140924866 : Checking image 1 border bottom 145
1631088283140960369 : Checking image 1 border left 172
1631088283140994171 : Checking image 1 border right 172
1631088283143706880 : Checking image 2 dpi 300
1631088283143803787 : Checking image 2 border top 166
1631088283143840590 : Checking image 2 border bottom 117
1631088283143874893 : Checking image 2 border left 167
1631088283143908696 : Checking image 2 border right 167

</system-out><system-err>--------------------------------- Captured Err ---------------------------------

</system-err></testcase><testcase classname="tests.test_images" name="test_wrong_wave_split_line_3_png" time="22.323"><system-out>--------------------------------- Captured Log ---------------------------------

--------------------------------- Captured Out ---------------------------------
/home/runner/work/diptych/diptych/tests/wrong_wave_split_line_3.png
1631088288891851644 : Checking separation double page angle 90.12715931778824
1631088288891969253 : Checking separation double page y=0 2514
1631088290417618257 : Checking page rotation 1 0.05
1631088291614910096 : Checking page rotation 2 0.2
1631088293419802626 : Checking image 1 crop x1 273
1631088293419920135 : Checking image 1 crop y1 220
1631088293419969938 : Checking image 1 crop x2 2383
1631088293420007541 : Checking image 1 crop y2 3423
1631088295138211508 : Checking image 2 crop x1 116
1631088295138340017 : Checking image 2 crop y1 225
1631088295138381021 : Checking image 2 crop x2 2242
1631088295138420924 : Checking image 2 crop y2 3415
1631088295138609538 : Checking image 1 dpi 300
1631088295138690444 : Checking image 1 border top 202
1631088295138726347 : Checking image 1 border bottom 82
1631088295138761150 : Checking image 1 border left 175
1631088295138818654 : Checking image 1 border right 175
1631088295140942418 : Checking image 2 dpi 300
1631088295141025124 : Checking image 2 border top 204
1631088295141061827 : Checking image 2 border bottom 93
1631088295141097129 : Checking image 2 border left 167
1631088295141131432 : Checking image 2 border right 167

</system-out><system-err>--------------------------------- Captured Err ---------------------------------

</system-err></testcase><testcase classname="tests.test_images" name="test_no_split_line_wave_algo_png" time="32.111"><system-out>--------------------------------- Captured Log ---------------------------------

--------------------------------- Captured Out ---------------------------------
/home/runner/work/diptych/diptych/tests/no_split_line_wave_algo.png
1631088297578489175 : Checking separation double page angle 89.79018091440821
1631088297578598783 : Checking separation double page y=0 2483
1631088301155066818 : Checking page rotation 1 0.0
1631088302680993861 : Checking page rotation 2 -0.44999999999999746
1631088309856396198 : Checking image 1 crop x1 97
1631088309856493205 : Checking image 1 crop y1 74
1631088309856528708 : Checking image 1 crop x2 2489
1631088309856561510 : Checking image 1 crop y2 3505
1631088315215689796 : Checking image 2 crop x1 164
1631088315215809905 : Checking image 2 crop y1 267
1631088315215850108 : Checking image 2 crop x2 2239
1631088315215885611 : Checking image 2 crop y2 3380
1631088315216081426 : Checking image 1 dpi 300
1631088315216160632 : Checking image 1 border top 38
1631088315216193235 : Checking image 1 border bottom 38
1631088315216224037 : Checking image 1 border left 44
1631088315216255039 : Checking image 1 border right 44
1631088315218740229 : Checking image 2 dpi 300
1631088315218842637 : Checking image 2 border top 256
1631088315218877539 : Checking image 2 border bottom 118
1631088315218909042 : Checking image 2 border left 192
1631088315218939944 : Checking image 2 border right 192

</system-out><system-err>--------------------------------- Captured Err ---------------------------------

</system-err></testcase><testcase classname="tests.test_images" name="test_no_split_line_wave_algo_2_png" time="18.818"><system-out>--------------------------------- Captured Log ---------------------------------

--------------------------------- Captured Out ---------------------------------
/home/runner/work/diptych/diptych/tests/no_split_line_wave_algo_2.png
1631088307623301214 : Checking separation double page angle 90.43362571535843
1631088307623413623 : Checking separation double page y=0 2473
1631088308643412951 : Checking page rotation 1 1.05
1631088310063843628 : Checking page rotation 2 0.15000000000000002
1631088312133987998 : Checking image 1 crop x1 267
1631088312134112207 : Checking image 1 crop y1 210
1631088312134150610 : Checking image 1 crop x2 2343
1631088312134185913 : Checking image 1 crop y2 3412
1631088313959413975 : Checking image 2 crop x1 165
1631088313959532784 : Checking image 2 crop y1 241
1631088313959570887 : Checking image 2 crop x2 2250
1631088313959608290 : Checking image 2 crop y2 3433
1631088313959788204 : Checking image 1 dpi 300
1631088313959862810 : Checking image 1 border top 192
1631088313959896012 : Checking image 1 border bottom 93
1631088313959930115 : Checking image 1 border left 192
1631088313959963917 : Checking image 1 border right 192
1631088313962403905 : Checking image 2 dpi 300
1631088313962484111 : Checking image 2 border top 224
1631088313962517713 : Checking image 2 border bottom 71
1631088313962549516 : Checking image 2 border left 187
1631088313962581918 : Checking image 2 border right 187

</system-out><system-err>--------------------------------- Captured Err ---------------------------------

</system-err></testcase><testcase classname="tests.test_images" name="test_failed_detect_rectangle_png" time="21.277"><system-out>--------------------------------- Captured Log ---------------------------------

--------------------------------- Captured Out ---------------------------------
/home/runner/work/diptych/diptych/tests/failed_detect_rectangle.png
1631088328659499457 : Checking separation double page angle 90.242273842964
1631088328659611965 : Checking separation double page y=0 2475
1631088329977448989 : Checking page rotation 1 0.2
1631088332693555359 : Checking page rotation 2 0.2
1631088333912151910 : Checking image 1 crop x1 257
1631088333912277020 : Checking image 1 crop y1 201
1631088333912318123 : Checking image 1 crop x2 2333
1631088333912356726 : Checking image 1 crop y2 3402
1631088335231711120 : Checking image 2 crop x1 137
1631088335231834230 : Checking image 2 crop y1 215
1631088335231876233 : Checking image 2 crop x2 2220
1631088335231916736 : Checking image 2 crop y2 3406
1631088335232107751 : Checking image 1 dpi 300
1631088335232187157 : Checking image 1 border top 188
1631088335232223360 : Checking image 1 border bottom 98
1631088335232260062 : Checking image 1 border left 192
1631088335232297365 : Checking image 1 border right 192
1631088335235097580 : Checking image 2 dpi 300
1631088335235186587 : Checking image 2 border top 201
1631088335235223490 : Checking image 2 border bottom 95
1631088335235258293 : Checking image 2 border left 188
1631088335235292895 : Checking image 2 border right 188

</system-out><system-err>--------------------------------- Captured Err ---------------------------------

</system-err></testcase><testcase classname="tests.test_images" name="test_crop_too_few_2_png" time="22.054"><system-out>--------------------------------- Captured Log ---------------------------------

--------------------------------- Captured Out ---------------------------------
/home/runner/work/diptych/diptych/tests/crop_too_few_2.png
1631088328560954480 : Checking separation double page angle 90.35461351371423
1631088328561063988 : Checking separation double page y=0 2533
1631088330383624819 : Checking page rotation 1 1.0999999999999999
1631088332347564669 : Checking page rotation 2 0.0
1631088334953748858 : Checking image 1 crop x1 289
1631088334953872668 : Checking image 1 crop y1 165
1631088334953913671 : Checking image 1 crop x2 2400
1631088334953952174 : Checking image 1 crop y2 3367
1631088337341054726 : Checking image 2 crop x1 152
1631088337341179836 : Checking image 2 crop y1 190
1631088337341222239 : Checking image 2 crop x2 2273
1631088337341261842 : Checking image 2 crop y2 3385
1631088337341460158 : Checking image 1 dpi 300
1631088337341538664 : Checking image 1 border top 157
1631088337341573966 : Checking image 1 border bottom 128
1631088337341609869 : Checking image 1 border left 174
1631088337341643672 : Checking image 1 border right 174
1631088337344142364 : Checking image 2 dpi 300
1631088337344231170 : Checking image 2 border top 176
1631088337344266773 : Checking image 2 border bottom 116
1631088337344300976 : Checking image 2 border left 169
1631088337344334878 : Checking image 2 border right 169

</system-out><system-err>--------------------------------- Captured Err ---------------------------------

</system-err></testcase><testcase classname="tests.test_images" name="test_single_page_png" time="5.867"><system-out>--------------------------------- Captured Log ---------------------------------

--------------------------------- Captured Out ---------------------------------
/home/runner/work/diptych/diptych/tests/single_page.png
1631088338340812859 : Checking separation double page angle 89.93006318861008
1631088338340940269 : Checking separation double page y=0 2472
1631088339157660920 : Checking page rotation 1 0.0
1631088339253770900 : Checking page rotation 2 0.0
1631088340646951574 : Checking image 1 crop x1 1
1631088340647053082 : Checking image 1 crop y1 8
1631088340647092085 : Checking image 1 crop x2 2470
1631088340647126487 : Checking image 1 crop y2 3505
1631088340771684351 : Checking image 2 crop x1 0
1631088340771763157 : Checking image 2 crop y1 0
1631088340771794860 : Checking image 2 crop x2 0
1631088340771825162 : Checking image 2 crop y2 0
1631088340771883467 : Checking image 1 dpi 300
1631088340771943171 : Checking image 1 border top 5
1631088340771976574 : Checking image 1 border bottom 5
1631088340772008176 : Checking image 1 border left 6
1631088340772039979 : Checking image 1 border right 6
1631088340777808422 : Checking image 2 border top 0
1631088340777870926 : Checking image 2 border bottom 0
1631088340777902529 : Checking image 2 border left 0
1631088340777934431 : Checking image 2 border right 0

</system-out><system-err>--------------------------------- Captured Err ---------------------------------

</system-err></testcase><testcase classname="tests.test_images" name="test_no_split_line_wave_algo_3_png" time="9.974"><system-out>--------------------------------- Captured Log ---------------------------------

--------------------------------- Captured Out ---------------------------------
/home/runner/work/diptych/diptych/tests/no_split_line_wave_algo_3.png
1631088344116687394 : Checking separation double page angle 90.18184445198425
1631088344116801203 : Checking separation double page y=0 2405
1631088344991882095 : Checking page rotation 1 0.0
1631088345151491750 : Checking page rotation 2 0.0
1631088346874370740 : Checking image 1 crop x1 184
1631088346874469948 : Checking image 1 crop y1 2957
1631088346874508451 : Checking image 1 crop x2 2201
1631088346874541853 : Checking image 1 crop y2 3202
1631088347289424116 : Checking image 2 crop x1 0
1631088347289504623 : Checking image 2 crop y1 0
1631088347289535825 : Checking image 2 crop x2 0
1631088347289565827 : Checking image 2 crop y2 0
1631088347289633632 : Checking image 1 dpi 300
1631088347289701338 : Checking image 1 border top 2950
1631088347289734140 : Checking image 1 border bottom 292
1631088347289767343 : Checking image 1 border left 221
1631088347289798645 : Checking image 1 border right 221
1631088347295462680 : Checking image 2 border top 0
1631088347295530885 : Checking image 2 border bottom 0
1631088347295561688 : Checking image 2 border left 0
1631088347295592690 : Checking image 2 border right 0

</system-out><system-err>--------------------------------- Captured Err ---------------------------------

</system-err></testcase><testcase classname="tests.test_images" name="test_wrong_split_line_4_png" time="10.603"><system-out>--------------------------------- Captured Log ---------------------------------

--------------------------------- Captured Out ---------------------------------
/home/runner/work/diptych/diptych/tests/wrong_split_line_4.png
1631088348157653500 : Checking separation double page angle 90.92587744884125
1631088348157767709 : Checking separation double page y=0 58
1631088348246430318 : Checking page rotation 1 0.5499999999999999
1631088349263917166 : Checking page rotation 2 1.0999999999999999
1631088349961187419 : Checking image 1 crop x1 0
1631088349961265525 : Checking image 1 crop y1 0
1631088349961297927 : Checking image 1 crop x2 0
1631088349961328430 : Checking image 1 crop y2 0
1631088351770440177 : Checking image 2 crop x1 290
1631088351770560286 : Checking image 2 crop y1 330
1631088351770597389 : Checking image 2 crop x2 2314
1631088351770634192 : Checking image 2 crop y2 3217
1631088351770836707 : Checking image 1 border top 0
1631088351770877510 : Checking image 1 border bottom 0
1631088351770910913 : Checking image 1 border left 0
1631088351770945316 : Checking image 1 border right 0
1631088351770997020 : Checking image 2 dpi 300
1631088351771066025 : Checking image 2 border top 322
1631088351771098527 : Checking image 2 border bottom 278
1631088351771129730 : Checking image 2 border left 218
1631088351771161132 : Checking image 2 border right 218

</system-out><system-err>--------------------------------- Captured Err ---------------------------------

</system-err></testcase><testcase classname="tests.test_images" name="test_failed_split_line_line_algo_3_png" time="11.560"><system-out>--------------------------------- Captured Log ---------------------------------

--------------------------------- Captured Out ---------------------------------
/home/runner/work/diptych/diptych/tests/failed_split_line_line_algo_3.png
1631088354187986354 : Checking separation double page angle 90.02403976140027
1631088354188108764 : Checking separation double page y=0 39
1631088354254462960 : Checking page rotation 1 0.0
1631088354921499491 : Checking page rotation 2 0.0
1631088355223105215 : Checking image 1 crop x1 0
1631088355223181121 : Checking image 1 crop y1 0
1631088355223213924 : Checking image 1 crop x2 0
1631088355223244926 : Checking image 1 crop y2 0
1631088358931731397 : Checking image 2 crop x1 249
1631088358931831305 : Checking image 2 crop y1 154
1631088358931868108 : Checking image 2 crop x2 2264
1631088358931903710 : Checking image 2 crop y2 3361
1631088358932092625 : Checking image 1 border top 0
1631088358932127727 : Checking image 1 border bottom 0
1631088358932159530 : Checking image 1 border left 0
1631088358932191832 : Checking image 1 border right 0
1631088358932246437 : Checking image 2 dpi 300
1631088358932313242 : Checking image 2 border top 146
1631088358932344644 : Checking image 2 border bottom 134
1631088358932375346 : Checking image 2 border left 222
1631088358932405749 : Checking image 2 border right 222

</system-out><system-err>--------------------------------- Captured Err ---------------------------------

</system-err></testcase></testsuite></testsuites>