<?xml version="1.0" encoding="utf-8"?><testsuites><testsuite errors="0" failures="0" hostname="fv-az67-871" name="pytest" skipped="0" tests="25" time="839.471" timestamp="2020-11-29T17:06:36.385716"><testcase classname="tests.test_features" name="test_mock_stop_at_0" time="0.044"><system-out>--------------------------------- Captured Log ---------------------------------

--------------------------------- Captured Out ---------------------------------
/home/runner/work/ocr-book/ocr-book/tests/0001_0.png

</system-out><system-err>--------------------------------- Captured Err ---------------------------------

</system-err></testcase><testcase classname="tests.test_features" name="test_disabled_enable_debug" time="51.550"><system-out>--------------------------------- Captured Log ---------------------------------

--------------------------------- Captured Out ---------------------------------
/home/runner/work/ocr-book/ocr-book/tests/0001_debug.png
separation double page angle 90.5847895821894
separation double page y=0 2487
page rotation 1 0.75
page rotation 2 0.2
image 1 crop x1 330
image 1 crop y1 336
image 1 crop x2 2343
image 1 crop y2 3223
image 2 crop x1 169
image 2 crop y1 648
image 2 crop x2 2186
image 2 crop y2 3361
image 1 dpi 300
image 1 border top 340
image 1 border bottom 260
image 1 border left 223
image 1 border right 223
image 2 dpi 300
image 2 border top 646
image 2 border bottom 128
image 2 border left 221
image 2 border right 221

</system-out><system-err>--------------------------------- Captured Err ---------------------------------

</system-err></testcase><testcase classname="tests.test_features" name="test_mock_stop_at_2" time="60.104"><system-out>--------------------------------- Captured Log ---------------------------------

--------------------------------- Captured Out ---------------------------------
/home/runner/work/ocr-book/ocr-book/tests/0001_2.png
separation double page angle 90.5847895821894
separation double page y=0 2487
page rotation 1 0.75
page rotation 2 0.2

</system-out><system-err>--------------------------------- Captured Err ---------------------------------

</system-err></testcase><testcase classname="tests.test_features" name="test_mock_stop_at_1" time="34.748"><system-out>--------------------------------- Captured Log ---------------------------------

--------------------------------- Captured Out ---------------------------------
/home/runner/work/ocr-book/ocr-book/tests/0001_1.png
separation double page angle 90.5847895821894
separation double page y=0 2487

</system-out><system-err>--------------------------------- Captured Err ---------------------------------

</system-err></testcase><testcase classname="tests.test_features" name="test_mock_stop_at_4" time="61.485"><system-out>--------------------------------- Captured Log ---------------------------------

--------------------------------- Captured Out ---------------------------------
/home/runner/work/ocr-book/ocr-book/tests/0001_4.png
separation double page angle 90.5847895821894
separation double page y=0 2487
page rotation 1 0.75
page rotation 2 0.2
image 1 crop x1 330
image 1 crop y1 336
image 1 crop x2 2343
image 1 crop y2 3223
image 2 crop x1 169
image 2 crop y1 648
image 2 crop x2 2186
image 2 crop y2 3361
image 1 dpi 300
image 1 border top 340
image 1 border bottom 260
image 1 border left 223
image 1 border right 223
image 2 dpi 300
image 2 border top 646
image 2 border bottom 128
image 2 border left 221
image 2 border right 221

</system-out><system-err>--------------------------------- Captured Err ---------------------------------

</system-err></testcase><testcase classname="tests.test_features" name="test_mock_stop_at_3" time="63.433"><system-out>--------------------------------- Captured Log ---------------------------------

--------------------------------- Captured Out ---------------------------------
/home/runner/work/ocr-book/ocr-book/tests/0001_3.png
separation double page angle 90.5847895821894
separation double page y=0 2487
page rotation 1 0.75
page rotation 2 0.2
image 1 crop x1 330
image 1 crop y1 336
image 1 crop x2 2343
image 1 crop y2 3223
image 2 crop x1 169
image 2 crop y1 648
image 2 crop x2 2186
image 2 crop y2 3361

</system-out><system-err>--------------------------------- Captured Err ---------------------------------

</system-err></testcase><testcase classname="tests.test_features" name="test_mock_stop_at_5" time="66.564"><system-out>--------------------------------- Captured Log ---------------------------------

--------------------------------- Captured Out ---------------------------------
/home/runner/work/ocr-book/ocr-book/tests/0001_5.png
separation double page angle 90.5847895821894
separation double page y=0 2487
page rotation 1 0.75
page rotation 2 0.2
image 1 crop x1 330
image 1 crop y1 336
image 1 crop x2 2343
image 1 crop y2 3223
image 2 crop x1 169
image 2 crop y1 648
image 2 crop x2 2186
image 2 crop y2 3361
image 1 dpi 300
image 1 border top 340
image 1 border bottom 260
image 1 border left 223
image 1 border right 223
image 2 dpi 300
image 2 border top 646
image 2 border bottom 128
image 2 border left 221
image 2 border right 221

</system-out><system-err>--------------------------------- Captured Err ---------------------------------

</system-err></testcase><testcase classname="tests.test_images" name="test_black_border_not_removed_png" time="75.318"><system-out>--------------------------------- Captured Log ---------------------------------

--------------------------------- Captured Out ---------------------------------
/home/runner/work/ocr-book/ocr-book/tests/black-border-not-removed.png
1606669790194678272 : Checking separation double page angle 90.02912890873039
1606669790194777600 : Checking separation double page y=0 2456
1606669801962950912 : Checking page rotation 1 0.0
1606669818248542208 : Checking page rotation 2 0.0
1606669820086831360 : Checking image 1 crop x1 297
1606669820086928896 : Checking image 1 crop y1 143
1606669820086972928 : Checking image 1 crop x2 2309
1606669820087014144 : Checking image 1 crop y2 3346
1606669822343982336 : Checking image 2 crop x1 157
1606669822344072448 : Checking image 2 crop y1 145
1606669822344108288 : Checking image 2 crop x2 2169
1606669822344142592 : Checking image 2 crop y2 3352
1606669822376826880 : Checking image 1 dpi 300
1606669822376944128 : Checking image 1 border top 130
1606669822376976640 : Checking image 1 border bottom 154
1606669822377006848 : Checking image 1 border left 224
1606669822377036288 : Checking image 1 border right 224
1606669822379129088 : Checking image 2 dpi 300
1606669822379240448 : Checking image 2 border top 139
1606669822379278080 : Checking image 2 border bottom 141
1606669822379314432 : Checking image 2 border left 224
1606669822379350016 : Checking image 2 border right 224

</system-out><system-err>--------------------------------- Captured Err ---------------------------------

</system-err></testcase><testcase classname="tests.test_images" name="test_0001_png" time="62.159"><system-out>--------------------------------- Captured Log ---------------------------------

--------------------------------- Captured Out ---------------------------------
/home/runner/work/ocr-book/ocr-book/tests/0001.png
1606669820153056512 : Checking separation double page angle 90.5847895821894
1606669820153157888 : Checking separation double page y=0 2487
1606669831132543744 : Checking page rotation 1 0.75
1606669844348933888 : Checking page rotation 2 0.2
1606669845903038464 : Checking image 1 crop x1 330
1606669845903133952 : Checking image 1 crop y1 336
1606669845903179008 : Checking image 1 crop x2 2343
1606669845903220480 : Checking image 1 crop y2 3223
1606669847655968768 : Checking image 2 crop x1 169
1606669847656079616 : Checking image 2 crop y1 648
1606669847656124928 : Checking image 2 crop x2 2186
1606669847656166400 : Checking image 2 crop y2 3361
1606669847692253184 : Checking image 1 dpi 300
1606669847692367616 : Checking image 1 border top 340
1606669847692408320 : Checking image 1 border bottom 260
1606669847692444160 : Checking image 1 border left 223
1606669847692479744 : Checking image 1 border right 223
1606669847694326272 : Checking image 2 dpi 300
1606669847694427392 : Checking image 2 border top 646
1606669847694464256 : Checking image 2 border bottom 128
1606669847694499840 : Checking image 2 border left 221
1606669847694534912 : Checking image 2 border right 221

</system-out><system-err>--------------------------------- Captured Err ---------------------------------

</system-err></testcase><testcase classname="tests.test_images" name="test_image_failed_to_rotate_png" time="65.905"><system-out>--------------------------------- Captured Log ---------------------------------

--------------------------------- Captured Out ---------------------------------
/home/runner/work/ocr-book/ocr-book/tests/image_failed_to_rotate.png
1606669855089589504 : Checking separation double page angle 90.18772783206224
1606669855089687040 : Checking separation double page y=0 2482
1606669861260503040 : Checking page rotation 1 0.35000000000000003
1606669873041166848 : Checking page rotation 2 0.45
1606669886182726144 : Checking image 1 crop x1 34
1606669886182830336 : Checking image 1 crop y1 1
1606669886182870784 : Checking image 1 crop x2 2480
1606669886182908160 : Checking image 1 crop y2 3500
1606669888144658688 : Checking image 2 crop x1 168
1606669888144745728 : Checking image 2 crop y1 234
1606669888144782080 : Checking image 2 crop x2 2247
1606669888144815872 : Checking image 2 crop y2 3355
1606669888184280832 : Checking image 1 dpi 300
1606669888184409088 : Checking image 1 border top 4
1606669888184449792 : Checking image 1 border bottom 4
1606669888184486144 : Checking image 1 border left 17
1606669888184521984 : Checking image 1 border right 17
1606669888186709760 : Checking image 2 dpi 300
1606669888186821888 : Checking image 2 border top 220
1606669888186856960 : Checking image 2 border bottom 146
1606669888186889984 : Checking image 2 border left 190
1606669888186922752 : Checking image 2 border right 190

</system-out><system-err>--------------------------------- Captured Err ---------------------------------

</system-err></testcase><testcase classname="tests.test_images" name="test_2_pages_2_contours_png" time="36.233"><system-out>--------------------------------- Captured Log ---------------------------------

--------------------------------- Captured Out ---------------------------------
/home/runner/work/ocr-book/ocr-book/tests/2-pages-2-contours.png
1606669868893033984 : Checking separation double page angle 89.9226294011526
1606669868893126656 : Checking separation double page y=0 2492
1606669871481864960 : Checking page rotation 1 0.05
1606669881457773824 : Checking page rotation 2 0.35000000000000003
1606669882219768320 : Checking image 1 crop x1 1191
1606669882219859200 : Checking image 1 crop y1 1733
1606669882219896320 : Checking image 1 crop x2 1192
1606669882219931392 : Checking image 1 crop y2 1734
1606669883908308992 : Checking image 2 crop x1 89
1606669883908408064 : Checking image 2 crop y1 240
1606669883908451328 : Checking image 2 crop x2 2136
1606669883908493056 : Checking image 2 crop y2 3239
1606669883943822336 : Checking image 1 dpi 300
1606669883943940864 : Checking image 1 border top 1752
1606669883943981312 : Checking image 1 border bottom 1753
1606669883944017664 : Checking image 1 border left 1239
1606669883944052992 : Checking image 1 border right 1239
1606669883945276672 : Checking image 2 dpi 300
1606669883945387008 : Checking image 2 border top 231
1606669883945424896 : Checking image 2 border bottom 257
1606669883945459712 : Checking image 2 border left 206
1606669883945495296 : Checking image 2 border right 206

</system-out><system-err>--------------------------------- Captured Err ---------------------------------

</system-err></testcase><testcase classname="tests.test_images" name="test_wrong_angle_split_line_png" time="68.186"><system-out>--------------------------------- Captured Log ---------------------------------

--------------------------------- Captured Out ---------------------------------
/home/runner/work/ocr-book/ocr-book/tests/wrong_angle_split_line.png
1606669917894732032 : Checking separation double page angle 90.00846714570578
1606669917894809600 : Checking separation double page y=0 2478
1606669925934231296 : Checking page rotation 1 0.1
1606669937409415680 : Checking page rotation 2 0.2
1606669948974646528 : Checking image 1 crop x1 58
1606669948974729472 : Checking image 1 crop y1 6
1606669948974758144 : Checking image 1 crop x2 2476
1606669948974784768 : Checking image 1 crop y2 3501
1606669951339206912 : Checking image 2 crop x1 162
1606669951339288320 : Checking image 2 crop y1 219
1606669951339319552 : Checking image 2 crop x2 2238
1606669951339348992 : Checking image 2 crop y2 3348
1606669951482395392 : Checking image 1 dpi 300
1606669951482503936 : Checking image 1 border top 6
1606669951482532608 : Checking image 1 border bottom 6
1606669951482557696 : Checking image 1 border left 31
1606669951482583040 : Checking image 1 border right 31
1606669951488540672 : Checking image 2 dpi 300
1606669951488670976 : Checking image 2 border top 211
1606669951488708608 : Checking image 2 border bottom 147
1606669951488744192 : Checking image 2 border left 192
1606669951488779520 : Checking image 2 border right 192

</system-out><system-err>--------------------------------- Captured Err ---------------------------------

</system-err></testcase><testcase classname="tests.test_images" name="test_image_failed_to_crop_data_png" time="60.438"><system-out>--------------------------------- Captured Log ---------------------------------

--------------------------------- Captured Out ---------------------------------
/home/runner/work/ocr-book/ocr-book/tests/image_failed_to_crop_data.png
1606669921375123200 : Checking separation double page angle 89.89865840161842
1606669921375247104 : Checking separation double page y=0 2477
1606669927158281472 : Checking page rotation 1 -0.14999999999999147
1606669936111291904 : Checking page rotation 2 0.05
1606669947086263296 : Checking image 1 crop x1 43
1606669947086354432 : Checking image 1 crop y1 6
1606669947086386944 : Checking image 1 crop x2 2481
1606669947086417664 : Checking image 1 crop y2 3504
1606669948639548672 : Checking image 2 crop x1 160
1606669948639635200 : Checking image 2 crop y1 217
1606669948639671808 : Checking image 2 crop x2 2241
1606669948639705600 : Checking image 2 crop y2 3350
1606669948672577536 : Checking image 1 dpi 300
1606669948672675328 : Checking image 1 border top 5
1606669948672703744 : Checking image 1 border bottom 5
1606669948672729344 : Checking image 1 border left 21
1606669948672754176 : Checking image 1 border right 21
1606669948674828032 : Checking image 2 dpi 300
1606669948674937600 : Checking image 2 border top 224
1606669948674968576 : Checking image 2 border bottom 130
1606669948675014656 : Checking image 2 border left 189
1606669948675066112 : Checking image 2 border right 189

</system-out><system-err>--------------------------------- Captured Err ---------------------------------

</system-err></testcase><testcase classname="tests.test_images" name="test_wrong_split_line_png" time="47.288"><system-out>--------------------------------- Captured Log ---------------------------------

--------------------------------- Captured Out ---------------------------------
/home/runner/work/ocr-book/ocr-book/tests/wrong_split_line.png
1606669975904632064 : Checking separation double page angle 89.85811715007924
1606669975904716032 : Checking separation double page y=0 2463
1606669984172034816 : Checking page rotation 1 -0.14999999999999147
1606669993641898240 : Checking page rotation 2 0.65
1606669994822352896 : Checking image 1 crop x1 213
1606669994822453248 : Checking image 1 crop y1 157
1606669994822497792 : Checking image 1 crop x2 2323
1606669994822539776 : Checking image 1 crop y2 3362
1606669996001456128 : Checking image 2 crop x1 126
1606669996001546752 : Checking image 2 crop y1 167
1606669996001582592 : Checking image 2 crop x2 2237
1606669996001616128 : Checking image 2 crop y2 3372
1606669996029979136 : Checking image 1 dpi 300
1606669996030107136 : Checking image 1 border top 115
1606669996030169344 : Checking image 1 border bottom 167
1606669996030209792 : Checking image 1 border left 175
1606669996030245632 : Checking image 1 border right 175
1606669996032381184 : Checking image 2 dpi 300
1606669996032466944 : Checking image 2 border top 142
1606669996032493312 : Checking image 2 border bottom 140
1606669996032518400 : Checking image 2 border left 174
1606669996032543232 : Checking image 2 border right 174

</system-out><system-err>--------------------------------- Captured Err ---------------------------------

</system-err></testcase><testcase classname="tests.test_images" name="test_angle_page_lower_split_line_png" time="67.731"><system-out>--------------------------------- Captured Log ---------------------------------

--------------------------------- Captured Out ---------------------------------
/home/runner/work/ocr-book/ocr-book/tests/angle_page_lower_split_line.png
1606669991207062528 : Checking separation double page angle 89.73507328913124
1606669991207161344 : Checking separation double page y=0 2473
1606670005530479360 : Checking page rotation 1 -0.3999999999999915
1606670016770856960 : Checking page rotation 2 0.2
1606670018470480128 : Checking image 1 crop x1 244
1606670018470576896 : Checking image 1 crop y1 160
1606670018470618112 : Checking image 1 crop x2 2350
1606670018470657024 : Checking image 1 crop y2 3365
1606670019839686656 : Checking image 2 crop x1 151
1606670019839786240 : Checking image 2 crop y1 147
1606670019839840512 : Checking image 2 crop x2 2258
1606670019839879168 : Checking image 2 crop y2 3350
1606670019874846720 : Checking image 1 dpi 300
1606670019874979328 : Checking image 1 border top 130
1606670019875012352 : Checking image 1 border bottom 151
1606670019875041792 : Checking image 1 border left 177
1606670019875070208 : Checking image 1 border right 177
1606670019876807424 : Checking image 2 dpi 300
1606670019876895232 : Checking image 2 border top 116
1606670019876921344 : Checking image 2 border bottom 168
1606670019876946432 : Checking image 2 border left 176
1606670019876971264 : Checking image 2 border right 176

</system-out><system-err>--------------------------------- Captured Err ---------------------------------

</system-err></testcase><testcase classname="tests.test_images" name="test_crop_too_much_png" time="98.006"><system-out>--------------------------------- Captured Log ---------------------------------

--------------------------------- Captured Out ---------------------------------
/home/runner/work/ocr-book/ocr-book/tests/crop_too_much.png
1606670050189878272 : Checking separation double page angle 90.1368362370825
1606670050189969152 : Checking separation double page y=0 2453
1606670069149809152 : Checking page rotation 1 0.0
1606670088845381120 : Checking page rotation 2 0.45
1606670091487074560 : Checking image 1 crop x1 303
1606670091487176448 : Checking image 1 crop y1 148
1606670091487220480 : Checking image 1 crop x2 2313
1606670091487261440 : Checking image 1 crop y2 3351
1606670093954484992 : Checking image 2 crop x1 170
1606670093954587904 : Checking image 2 crop y1 155
1606670093954632192 : Checking image 2 crop x2 2181
1606670093954673920 : Checking image 2 crop y2 3359
1606670094007513344 : Checking image 1 dpi 300
1606670094007649536 : Checking image 1 border top 131
1606670094007691264 : Checking image 1 border bottom 153
1606670094007728384 : Checking image 1 border left 225
1606670094007763968 : Checking image 1 border right 225
1606670094009902080 : Checking image 2 dpi 300
1606670094010015488 : Checking image 2 border top 139
1606670094010053632 : Checking image 2 border bottom 144
1606670094010089728 : Checking image 2 border left 224
1606670094010125568 : Checking image 2 border right 224

</system-out><system-err>--------------------------------- Captured Err ---------------------------------

</system-err></testcase><testcase classname="tests.test_images" name="test_crop_too_few_png" time="53.291"><system-out>--------------------------------- Captured Log ---------------------------------

--------------------------------- Captured Out ---------------------------------
/home/runner/work/ocr-book/ocr-book/tests/crop_too_few.png
1606670051267426816 : Checking separation double page angle 89.39070489155964
1606670051267513600 : Checking separation double page y=0 2510
1606670060758732800 : Checking page rotation 1 -0.75
1606670070553217280 : Checking page rotation 2 0.0
1606670071846892544 : Checking image 1 crop x1 265
1606670071846982656 : Checking image 1 crop y1 152
1606670071847018496 : Checking image 1 crop x2 2375
1606670071847051776 : Checking image 1 crop y2 3356
1606670073142211840 : Checking image 2 crop x1 139
1606670073142315776 : Checking image 2 crop y1 141
1606670073142359552 : Checking image 2 crop x2 2261
1606670073142400768 : Checking image 2 crop y2 3345
1606670073173457408 : Checking image 1 dpi 300
1606670073173585152 : Checking image 1 border top 116
1606670073173624832 : Checking image 1 border bottom 167
1606670073173661440 : Checking image 1 border left 175
1606670073173697792 : Checking image 1 border right 175
1606670073175608576 : Checking image 2 dpi 300
1606670073175719680 : Checking image 2 border top 140
1606670073175755008 : Checking image 2 border bottom 143
1606670073175788032 : Checking image 2 border left 169
1606670073175821056 : Checking image 2 border right 169

</system-out><system-err>--------------------------------- Captured Err ---------------------------------

</system-err></testcase><testcase classname="tests.test_images" name="test_wrong_split_line_2_png" time="115.689"><system-out>--------------------------------- Captured Log ---------------------------------

--------------------------------- Captured Out ---------------------------------
/home/runner/work/ocr-book/ocr-book/tests/wrong_split_line_2.png
1606670143322633728 : Checking separation double page angle 90.39217497633973
1606670143322734592 : Checking separation double page y=0 2442
1606670162689317120 : Checking page rotation 1 0.2
1606670182958413568 : Checking page rotation 2 0.35000000000000003
1606670185744924416 : Checking image 1 crop x1 294
1606670185745025024 : Checking image 1 crop y1 136
1606670185745069056 : Checking image 1 crop x2 2325
1606670185745110784 : Checking image 1 crop y2 3376
1606670188806768128 : Checking image 2 crop x1 146
1606670188806863104 : Checking image 2 crop y1 193
1606670188806904576 : Checking image 2 crop x2 2175
1606670188806943488 : Checking image 2 crop y2 3387
1606670188847067648 : Checking image 1 dpi 300
1606670188847174144 : Checking image 1 border top 128
1606670188847203072 : Checking image 1 border bottom 119
1606670188847228416 : Checking image 1 border left 214
1606670188847253248 : Checking image 1 border right 214
1606670188848988672 : Checking image 2 dpi 300
1606670188849080832 : Checking image 2 border top 184
1606670188849106944 : Checking image 2 border bottom 109
1606670188849131520 : Checking image 2 border left 215
1606670188849156352 : Checking image 2 border right 215

</system-out><system-err>--------------------------------- Captured Err ---------------------------------

</system-err></testcase><testcase classname="tests.test_images" name="test_crop_too_much_2_png" time="105.689"><system-out>--------------------------------- Captured Log ---------------------------------

--------------------------------- Captured Out ---------------------------------
/home/runner/work/ocr-book/ocr-book/tests/crop_too_much_2.png
1606670150561744896 : Checking separation double page angle 90.2140878077005
1606670150561834752 : Checking separation double page y=0 2477
1606670171679859200 : Checking page rotation 1 0.2
1606670194239574528 : Checking page rotation 2 0.2
1606670196866429696 : Checking image 1 crop x1 332
1606670196866533120 : Checking image 1 crop y1 131
1606670196866574848 : Checking image 1 crop x2 2342
1606670196866612736 : Checking image 1 crop y2 3336
1606670199635612928 : Checking image 2 crop x1 169
1606670199635715072 : Checking image 2 crop y1 139
1606670199635755520 : Checking image 2 crop x2 2182
1606670199635794432 : Checking image 2 crop y2 3345
1606670199687313152 : Checking image 1 dpi 300
1606670199687440128 : Checking image 1 border top 116
1606670199687478272 : Checking image 1 border bottom 166
1606670199687511808 : Checking image 1 border left 225
1606670199687544576 : Checking image 1 border right 225
1606670199689669376 : Checking image 2 dpi 300
1606670199689777152 : Checking image 2 border top 133
1606670199689811712 : Checking image 2 border bottom 148
1606670199689844992 : Checking image 2 border left 223
1606670199689877760 : Checking image 2 border right 223

</system-out><system-err>--------------------------------- Captured Err ---------------------------------

</system-err></testcase><testcase classname="tests.test_images" name="test_small_wave_png" time="89.363"><system-out>--------------------------------- Captured Log ---------------------------------

--------------------------------- Captured Out ---------------------------------
/home/runner/work/ocr-book/ocr-book/tests/small_wave.png
1606670242294577152 : Checking separation double page angle 90.61699923686102
1606670242294675968 : Checking separation double page y=0 2495
1606670259921550080 : Checking page rotation 1 0.7000000000000001
1606670274630187776 : Checking page rotation 2 0.7000000000000001
1606670276401057536 : Checking image 1 crop x1 322
1606670276401156864 : Checking image 1 crop y1 199
1606670276401197824 : Checking image 1 crop x2 2351
1606670276401236992 : Checking image 1 crop y2 3394
1606670278168164608 : Checking image 2 crop x1 135
1606670278168261120 : Checking image 2 crop y1 223
1606670278168301824 : Checking image 2 crop x2 2164
1606670278168340480 : Checking image 2 crop y2 3419
1606670278206092800 : Checking image 1 dpi 300
1606670278206236928 : Checking image 1 border top 177
1606670278206276352 : Checking image 1 border bottom 115
1606670278206310400 : Checking image 1 border left 215
1606670278206343680 : Checking image 1 border right 215
1606670278208418304 : Checking image 2 dpi 300
1606670278208519936 : Checking image 2 border top 191
1606670278208554752 : Checking image 2 border bottom 100
1606670278208587776 : Checking image 2 border left 215
1606670278208620800 : Checking image 2 border right 215

</system-out><system-err>--------------------------------- Captured Err ---------------------------------

</system-err></testcase><testcase classname="tests.test_images" name="test_wrong_split_line_3_png" time="76.266"><system-out>--------------------------------- Captured Log ---------------------------------

--------------------------------- Captured Out ---------------------------------
/home/runner/work/ocr-book/ocr-book/tests/wrong_split_line_3.png
1606670245149787136 : Checking separation double page angle 90.4401067484302
1606670245149884672 : Checking separation double page y=0 2498
1606670261151909888 : Checking page rotation 1 0.30000000000000004
1606670272839050496 : Checking page rotation 2 0.9
1606670274462672384 : Checking image 1 crop x1 331
1606670274462761216 : Checking image 1 crop y1 165
1606670274462797312 : Checking image 1 crop x2 2375
1606670274462831104 : Checking image 1 crop y2 3376
1606670275952930560 : Checking image 2 crop x1 102
1606670275953033728 : Checking image 2 crop y1 208
1606670275953077504 : Checking image 2 crop x2 2133
1606670275953118720 : Checking image 2 crop y2 3413
1606670275989782784 : Checking image 1 dpi 300
1606670275989891072 : Checking image 1 border top 150
1606670275989923584 : Checking image 1 border bottom 126
1606670275989953024 : Checking image 1 border left 208
1606670275989981696 : Checking image 1 border right 208
1606670275992063744 : Checking image 2 dpi 300
1606670275992157696 : Checking image 2 border top 190
1606670275992188160 : Checking image 2 border bottom 92
1606670275992217344 : Checking image 2 border left 214
1606670275992245504 : Checking image 2 border right 214

</system-out><system-err>--------------------------------- Captured Err ---------------------------------

</system-err></testcase><testcase classname="tests.test_images" name="test_no_split_line_line_algo_png" time="61.678"><system-out>--------------------------------- Captured Log ---------------------------------

--------------------------------- Captured Out ---------------------------------
/home/runner/work/ocr-book/ocr-book/tests/no_split_line_line_algo.png
1606670311974988288 : Checking separation double page angle 89.46795930182432
1606670311975077888 : Checking separation double page y=0 2476
1606670319753815808 : Checking page rotation 1 -0.14999999999999147
1606670334680356352 : Checking page rotation 2 -0.44999999999998863
1606670335854486784 : Checking image 1 crop x1 205
1606670335854569216 : Checking image 1 crop y1 158
1606670335854599936 : Checking image 1 crop x2 2320
1606670335854629376 : Checking image 1 crop y2 3366
1606670337646054912 : Checking image 2 crop x1 185
1606670337646144768 : Checking image 2 crop y1 221
1606670337646214912 : Checking image 2 crop x2 2201
1606670337646249728 : Checking image 2 crop y2 3366
1606670337681288192 : Checking image 1 dpi 300
1606670337681396736 : Checking image 1 border top 137
1606670337681430016 : Checking image 1 border bottom 142
1606670337681456384 : Checking image 1 border left 172
1606670337681481472 : Checking image 1 border right 172
1606670337683586048 : Checking image 2 dpi 300
1606670337683685376 : Checking image 2 border top 225
1606670337683712000 : Checking image 2 border bottom 117
1606670337683737344 : Checking image 2 border left 222
1606670337683762176 : Checking image 2 border right 222

</system-out><system-err>--------------------------------- Captured Err ---------------------------------

</system-err></testcase><testcase classname="tests.test_images" name="test_wrong_wave_split_line_png" time="90.209"><system-out>--------------------------------- Captured Log ---------------------------------

--------------------------------- Captured Out ---------------------------------
/home/runner/work/ocr-book/ocr-book/tests/wrong_wave_split_line.png
1606670334100527616 : Checking separation double page angle 90.53209588050643
1606670334100616704 : Checking separation double page y=0 2502
1606670349450391808 : Checking page rotation 1 -0.14999999999999147
1606670363658750976 : Checking page rotation 2 0.8500000000000001
1606670366228320768 : Checking image 1 crop x1 385
1606670366228402432 : Checking image 1 crop y1 179
1606670366228433664 : Checking image 1 crop x2 2411
1606670366228463104 : Checking image 1 crop y2 3374
1606670368389780992 : Checking image 2 crop x1 124
1606670368389867264 : Checking image 2 crop y1 58
1606670368389903616 : Checking image 2 crop x2 2410
1606670368389937664 : Checking image 2 crop y2 3392
1606670368430384128 : Checking image 1 dpi 300
1606670368430480384 : Checking image 1 border top 167
1606670368430518016 : Checking image 1 border bottom 124
1606670368430551552 : Checking image 1 border left 217
1606670368430584320 : Checking image 1 border right 217
1606670368432594432 : Checking image 2 dpi 300
1606670368432673536 : Checking image 2 border top 0
1606670368432700160 : Checking image 2 border bottom 163
1606670368432724992 : Checking image 2 border left 92
1606670368432749568 : Checking image 2 border right 92

</system-out><system-err>--------------------------------- Captured Err ---------------------------------

</system-err></testcase><testcase classname="tests.test_images" name="test_failed_split_line_line_algo_png" time="19.516"><system-out>--------------------------------- Captured Log ---------------------------------

--------------------------------- Captured Out ---------------------------------
/home/runner/work/ocr-book/ocr-book/tests/failed_split_line_line_algo.png
1606670349071309312 : Checking separation double page angle 90.01651175019265
1606670349071393024 : Checking separation double page y=0 2575
1606670353359097600 : Checking page rotation 1 -0.14999999999999147
1606670355704416256 : Checking page rotation 2 0.05
1606670356574816512 : Checking image 1 crop x1 407
1606670356574896640 : Checking image 1 crop y1 2925
1606670356574927616 : Checking image 1 crop x2 2419
1606670356574956544 : Checking image 1 crop y2 3174
1606670357206345216 : Checking image 2 crop x1 1180
1606670357206438912 : Checking image 2 crop y1 1724
1606670357206473728 : Checking image 2 crop x2 1181
1606670357206505984 : Checking image 2 crop y2 1725
1606670357206707968 : Checking image 1 dpi 300
1606670357206775040 : Checking image 1 border top 2930
1606670357206820096 : Checking image 1 border bottom 308
1606670357206849792 : Checking image 1 border left 224
1606670357206878976 : Checking image 1 border right 224
1606670357208166656 : Checking image 2 dpi 300
1606670357208264960 : Checking image 2 border top 1753
1606670357208302080 : Checking image 2 border bottom 1753
1606670357208337920 : Checking image 2 border left 1239
1606670357208372992 : Checking image 2 border right 1239

</system-out><system-err>--------------------------------- Captured Err ---------------------------------

</system-err></testcase><testcase classname="tests.test_images" name="test_failed_split_line_line_algo_2_png" time="65.542"><system-out>--------------------------------- Captured Log ---------------------------------

--------------------------------- Captured Out ---------------------------------
/home/runner/work/ocr-book/ocr-book/tests/failed_split_line_line_algo_2.png
1606670405085767936 : Checking separation double page angle 90.12520080059765
1606670405085867520 : Checking separation double page y=0 2497
1606670416996693760 : Checking page rotation 1 0.2
1606670430480051200 : Checking page rotation 2 0.8500000000000001
1606670432138209280 : Checking image 1 crop x1 255
1606670432138307584 : Checking image 1 crop y1 141
1606670432138348800 : Checking image 1 crop x2 2365
1606670432138387456 : Checking image 1 crop y2 3347
1606670433933350144 : Checking image 2 crop x1 150
1606670433933445120 : Checking image 2 crop y1 164
1606670433933486080 : Checking image 2 crop x2 2274
1606670433933524736 : Checking image 2 crop y2 3357
1606670433974113792 : Checking image 1 dpi 300
1606670433974257920 : Checking image 1 border top 124
1606670433974296576 : Checking image 1 border bottom 157
1606670433974330368 : Checking image 1 border left 175
1606670433974363392 : Checking image 1 border right 175
1606670433976480768 : Checking image 2 dpi 300
1606670433976582656 : Checking image 2 border top 145
1606670433976617728 : Checking image 2 border bottom 149
1606670433976650752 : Checking image 2 border left 168
1606670433976684288 : Checking image 2 border right 168

</system-out><system-err>--------------------------------- Captured Err ---------------------------------

</system-err></testcase></testsuite></testsuites>