<?xml version="1.0" encoding="utf-8"?><testsuites><testsuite name="pytest" errors="0" failures="0" skipped="1" tests="34" time="950.175" timestamp="2020-12-15T22:25:34.923566" hostname="fv-az18-86"><testcase classname="tests.test_features" name="test_disabled_enable_debug" time="48.703"><system-out>--------------------------------- Captured Log ---------------------------------

--------------------------------- Captured Out ---------------------------------
/home/runner/work/ocr-book/ocr-book/tests/0001_debug.png
separation double page angle 90.5778088189967
separation double page y=0 2485
page rotation 1 0.7
page rotation 2 0.2
image 1 crop x1 330
image 1 crop y1 335
image 1 crop x2 2343
image 1 crop y2 3223
image 2 crop x1 171
image 2 crop y1 648
image 2 crop x2 2188
image 2 crop y2 3361
image 1 dpi 300
image 1 border top 317
image 1 border bottom 282
image 1 border left 223
image 1 border right 223
image 2 dpi 300
image 2 border top 643
image 2 border bottom 131
image 2 border left 221
image 2 border right 221

</system-out><system-err>--------------------------------- Captured Err ---------------------------------

</system-err></testcase><testcase classname="tests.test_features" name="test_mock_stop_at_0" time="0.046"><system-out>--------------------------------- Captured Log ---------------------------------

--------------------------------- Captured Out ---------------------------------
/home/runner/work/ocr-book/ocr-book/tests/0001_0.png

</system-out><system-err>--------------------------------- Captured Err ---------------------------------

</system-err></testcase><testcase classname="tests.test_features" name="test_mock_stop_at_2" time="43.806"><system-out>--------------------------------- Captured Log ---------------------------------

--------------------------------- Captured Out ---------------------------------
/home/runner/work/ocr-book/ocr-book/tests/0001_2.png
separation double page angle 90.5778088189967
separation double page y=0 2485
page rotation 1 0.7
page rotation 2 0.2

</system-out><system-err>--------------------------------- Captured Err ---------------------------------

</system-err></testcase><testcase classname="tests.test_features" name="test_mock_stop_at_4" time="47.509"><system-out>--------------------------------- Captured Log ---------------------------------

--------------------------------- Captured Out ---------------------------------
/home/runner/work/ocr-book/ocr-book/tests/0001_4.png
separation double page angle 90.5778088189967
separation double page y=0 2485
page rotation 1 0.7
page rotation 2 0.2
image 1 crop x1 330
image 1 crop y1 335
image 1 crop x2 2343
image 1 crop y2 3223
image 2 crop x1 171
image 2 crop y1 648
image 2 crop x2 2188
image 2 crop y2 3361
image 1 dpi 300
image 1 border top 317
image 1 border bottom 282
image 1 border left 223
image 1 border right 223
image 2 dpi 300
image 2 border top 643
image 2 border bottom 131
image 2 border left 221
image 2 border right 221

</system-out><system-err>--------------------------------- Captured Err ---------------------------------

</system-err></testcase><testcase classname="tests.test_features" name="test_mock_stop_at_1" time="28.939"><system-out>--------------------------------- Captured Log ---------------------------------

--------------------------------- Captured Out ---------------------------------
/home/runner/work/ocr-book/ocr-book/tests/0001_1.png
separation double page angle 90.5778088189967
separation double page y=0 2485

</system-out><system-err>--------------------------------- Captured Err ---------------------------------

</system-err></testcase><testcase classname="tests.test_features" name="test_mock_stop_at_3" time="46.514"><system-out>--------------------------------- Captured Log ---------------------------------

--------------------------------- Captured Out ---------------------------------
/home/runner/work/ocr-book/ocr-book/tests/0001_3.png
separation double page angle 90.5778088189967
separation double page y=0 2485
page rotation 1 0.7
page rotation 2 0.2
image 1 crop x1 330
image 1 crop y1 335
image 1 crop x2 2343
image 1 crop y2 3223
image 2 crop x1 171
image 2 crop y1 648
image 2 crop x2 2188
image 2 crop y2 3361

</system-out><system-err>--------------------------------- Captured Err ---------------------------------

</system-err></testcase><testcase classname="tests.test_images" name="test_0001_png" time="55.861"><system-out>--------------------------------- Captured Log ---------------------------------

--------------------------------- Captured Out ---------------------------------
/home/runner/work/ocr-book/ocr-book/tests/0001.png
1608071259683763412 : Checking separation double page angle 90.5778088189967
1608071259683865012 : Checking separation double page y=0 2485
1608071267026650372 : Checking page rotation 1 0.7
1608071276367556996 : Checking page rotation 2 0.2
1608071279719156504 : Checking image 1 crop x1 330
1608071279719271904 : Checking image 1 crop y1 335
1608071279719307604 : Checking image 1 crop x2 2343
1608071279719339504 : Checking image 1 crop y2 3223
1608071283074372100 : Checking image 2 crop x1 171
1608071283074492400 : Checking image 2 crop y1 648
1608071283074529000 : Checking image 2 crop x2 2188
1608071283074560000 : Checking image 2 crop y2 3361
1608071283105214004 : Checking image 1 dpi 300
1608071283105319504 : Checking image 1 border top 317
1608071283105353404 : Checking image 1 border bottom 282
1608071283105384405 : Checking image 1 border left 223
1608071283105415105 : Checking image 1 border right 223
1608071283107575612 : Checking image 2 dpi 300
1608071283107654212 : Checking image 2 border top 643
1608071283107685512 : Checking image 2 border bottom 131
1608071283107715812 : Checking image 2 border left 221
1608071283107745913 : Checking image 2 border right 221

</system-out><system-err>--------------------------------- Captured Err ---------------------------------

</system-err></testcase><testcase classname="tests.test_features" name="test_mock_stop_at_5" time="45.992"><system-out>--------------------------------- Captured Log ---------------------------------

--------------------------------- Captured Out ---------------------------------
/home/runner/work/ocr-book/ocr-book/tests/0001_5.png
separation double page angle 90.5778088189967
separation double page y=0 2485
page rotation 1 0.7
page rotation 2 0.2
image 1 crop x1 330
image 1 crop y1 335
image 1 crop x2 2343
image 1 crop y2 3223
image 2 crop x1 171
image 2 crop y1 648
image 2 crop x2 2188
image 2 crop y2 3361
image 1 dpi 300
image 1 border top 317
image 1 border bottom 282
image 1 border left 223
image 1 border right 223
image 2 dpi 300
image 2 border top 643
image 2 border bottom 131
image 2 border left 221
image 2 border right 221

</system-out><system-err>--------------------------------- Captured Err ---------------------------------

</system-err></testcase><testcase classname="tests.test_images" name="test_2_pages_2_contours_png" time="37.129"><system-out>--------------------------------- Captured Log ---------------------------------

--------------------------------- Captured Out ---------------------------------
/home/runner/work/ocr-book/ocr-book/tests/2-pages-2-contours.png
1608071306331006941 : Checking separation double page angle 90.14036871655934
1608071306331101541 : Checking separation double page y=0 2489
1608071308343260096 : Checking page rotation 1 0.05
1608071315102331867 : Checking page rotation 2 0.4
1608071316492814007 : Checking image 1 crop x1 1188
1608071316492918208 : Checking image 1 crop y1 1747
1608071316492950308 : Checking image 1 crop x2 1189
1608071316492979208 : Checking image 1 crop y2 1748
1608071320224336547 : Checking image 2 crop x1 101
1608071320224459747 : Checking image 2 crop y1 240
1608071320224495847 : Checking image 2 crop x2 2148
1608071320224529147 : Checking image 2 crop y2 3239
1608071320254796834 : Checking image 1 dpi 300
1608071320254900634 : Checking image 1 border top 1753
1608071320254934034 : Checking image 1 border bottom 1753
1608071320254965734 : Checking image 1 border left 1239
1608071320254995934 : Checking image 1 border right 1239
1608071320256739539 : Checking image 2 dpi 300
1608071320256826639 : Checking image 2 border top 229
1608071320256858139 : Checking image 2 border bottom 259
1608071320256888839 : Checking image 2 border left 206
1608071320256918740 : Checking image 2 border right 206

</system-out><system-err>--------------------------------- Captured Err ---------------------------------

</system-err></testcase><testcase classname="tests.test_images" name="test_angle_page_lower_split_line_png" time="62.300"><system-out>--------------------------------- Captured Log ---------------------------------

--------------------------------- Captured Out ---------------------------------
/home/runner/work/ocr-book/ocr-book/tests/angle_page_lower_split_line.png
1608071347631338398 : Checking separation double page angle 89.77701324945475
1608071347631444699 : Checking separation double page y=0 2475
1608071356075037499 : Checking page rotation 1 -0.34999999999999093
1608071362859552981 : Checking page rotation 2 0.2
1608071365873566577 : Checking image 1 crop x1 243
1608071365873682277 : Checking image 1 crop y1 159
1608071365873717077 : Checking image 1 crop x2 2351
1608071365873750477 : Checking image 1 crop y2 3365
1608071368303055965 : Checking image 2 crop x1 149
1608071368303175665 : Checking image 2 crop y1 147
1608071368303211465 : Checking image 2 crop x2 2256
1608071368303243465 : Checking image 2 crop y2 3350
1608071368337483051 : Checking image 1 dpi 300
1608071368337593951 : Checking image 1 border top 140
1608071368337628251 : Checking image 1 border bottom 140
1608071368337662851 : Checking image 1 border left 176
1608071368337693351 : Checking image 1 border right 176
1608071368340349558 : Checking image 2 dpi 300
1608071368340441458 : Checking image 2 border top 130
1608071368340473958 : Checking image 2 border bottom 154
1608071368340504058 : Checking image 2 border left 176
1608071368340533858 : Checking image 2 border right 176

</system-out><system-err>--------------------------------- Captured Err ---------------------------------

</system-err></testcase><testcase classname="tests.test_images" name="test_black_border_not_removed_png" time="65.357"><system-out>--------------------------------- Captured Log ---------------------------------

--------------------------------- Captured Out ---------------------------------
/home/runner/work/ocr-book/ocr-book/tests/black-border-not-removed.png
1608071358550121634 : Checking separation double page angle 90.008171103531
1608071358550227034 : Checking separation double page y=0 2455
1608071366078038090 : Checking page rotation 1 0.05
1608071376801900639 : Checking page rotation 2 0.0
1608071380640002451 : Checking image 1 crop x1 298
1608071380640123251 : Checking image 1 crop y1 142
1608071380640158151 : Checking image 1 crop x2 2308
1608071380640189551 : Checking image 1 crop y2 3347
1608071385570840954 : Checking image 2 crop x1 157
1608071385570955454 : Checking image 2 crop y1 145
1608071385570991854 : Checking image 2 crop x2 2169
1608071385571024654 : Checking image 2 crop y2 3352
1608071385603568633 : Checking image 1 dpi 300
1608071385603673833 : Checking image 1 border top 128
1608071385603708334 : Checking image 1 border bottom 154
1608071385603740634 : Checking image 1 border left 225
1608071385603771034 : Checking image 1 border right 225
1608071385606023239 : Checking image 2 dpi 300
1608071385606111839 : Checking image 2 border top 133
1608071385606143239 : Checking image 2 border bottom 147
1608071385606172840 : Checking image 2 border left 224
1608071385606204440 : Checking image 2 border right 224

</system-out><system-err>--------------------------------- Captured Err ---------------------------------

</system-err></testcase><testcase classname="tests.test_images" name="test_wrong_split_line_png" time="46.410"><system-out>--------------------------------- Captured Log ---------------------------------

--------------------------------- Captured Out ---------------------------------
/home/runner/work/ocr-book/ocr-book/tests/wrong_split_line.png
1608071397827168105 : Checking separation double page angle 89.93395720607973
1608071397827267705 : Checking separation double page y=0 2465
1608071403739009036 : Checking page rotation 1 -0.14999999999999067
1608071409820328766 : Checking page rotation 2 0.5
1608071412275186823 : Checking image 1 crop x1 213
1608071412275301223 : Checking image 1 crop y1 157
1608071412275335723 : Checking image 1 crop x2 2323
1608071412275368623 : Checking image 1 crop y2 3362
1608071414727235658 : Checking image 2 crop x1 125
1608071414727346959 : Checking image 2 crop y1 165
1608071414727385759 : Checking image 2 crop x2 2237
1608071414727419059 : Checking image 2 crop y2 3374
1608071414759566734 : Checking image 1 dpi 300
1608071414759672134 : Checking image 1 border top 132
1608071414759705734 : Checking image 1 border bottom 149
1608071414759738834 : Checking image 1 border left 175
1608071414759768434 : Checking image 1 border right 175
1608071414762288040 : Checking image 2 dpi 300
1608071414762373941 : Checking image 2 border top 141
1608071414762406341 : Checking image 2 border bottom 137
1608071414762440141 : Checking image 2 border left 174
1608071414762470841 : Checking image 2 border right 174

</system-out><system-err>--------------------------------- Captured Err ---------------------------------

</system-err></testcase><testcase classname="tests.test_images" name="test_image_failed_to_rotate_png" time="62.083"><system-out>--------------------------------- Captured Log ---------------------------------

--------------------------------- Captured Out ---------------------------------
/home/runner/work/ocr-book/ocr-book/tests/image_failed_to_rotate.png
1608071417680270947 : Checking separation double page angle 90.38781598189921
1608071417680376547 : Checking separation double page y=0 2485
1608071422618889122 : Checking page rotation 1 0.35
1608071431384792766 : Checking page rotation 2 0.45
1608071442354612303 : Checking image 1 crop x1 34
1608071442354729603 : Checking image 1 crop y1 1
1608071442354765603 : Checking image 1 crop x2 2483
1608071442354799003 : Checking image 1 crop y2 3500
1608071447560280763 : Checking image 2 crop x1 177
1608071447560398764 : Checking image 2 crop y1 234
1608071447560434364 : Checking image 2 crop x2 2256
1608071447560467364 : Checking image 2 crop y2 3355
1608071447598645751 : Checking image 1 dpi 300
1608071447598750851 : Checking image 1 border top 4
1608071447598787551 : Checking image 1 border bottom 4
1608071447598819151 : Checking image 1 border left 16
1608071447598849351 : Checking image 1 border right 16
1608071447601245257 : Checking image 2 dpi 300
1608071447601341757 : Checking image 2 border top 218
1608071447601372757 : Checking image 2 border bottom 148
1608071447601403657 : Checking image 2 border left 190
1608071447601433357 : Checking image 2 border right 190

</system-out><system-err>--------------------------------- Captured Err ---------------------------------

</system-err></testcase><testcase classname="tests.test_images" name="test_crop_too_much_png" time="87.026"><system-out>--------------------------------- Captured Log ---------------------------------

--------------------------------- Captured Out ---------------------------------
/home/runner/work/ocr-book/ocr-book/tests/crop_too_much.png
1608071467795804728 : Checking separation double page angle 90.18239409272952
1608071467795906129 : Checking separation double page y=0 2455
1608071479706058956 : Checking page rotation 1 0.0
1608071493011735471 : Checking page rotation 2 0.45
1608071497741751603 : Checking image 1 crop x1 303
1608071497741869103 : Checking image 1 crop y1 148
1608071497741904804 : Checking image 1 crop x2 2313
1608071497741936904 : Checking image 1 crop y2 3351
1608071501728113068 : Checking image 2 crop x1 171
1608071501728229968 : Checking image 2 crop y1 155
1608071501728264969 : Checking image 2 crop x2 2182
1608071501728298269 : Checking image 2 crop y2 3359
1608071501771503265 : Checking image 1 dpi 300
1608071501771612065 : Checking image 1 border top 133
1608071501771645265 : Checking image 1 border bottom 151
1608071501771676765 : Checking image 1 border left 225
1608071501771707165 : Checking image 1 border right 225
1608071501774186571 : Checking image 2 dpi 300
1608071501774277971 : Checking image 2 border top 138
1608071501774309471 : Checking image 2 border bottom 145
1608071501774339371 : Checking image 2 border left 224
1608071501774371371 : Checking image 2 border right 224

</system-out><system-err>--------------------------------- Captured Err ---------------------------------

</system-err></testcase><testcase classname="tests.test_images" name="test_image_failed_to_crop_data_png" time="60.123"><system-out>--------------------------------- Captured Log ---------------------------------

--------------------------------- Captured Out ---------------------------------
/home/runner/work/ocr-book/ocr-book/tests/image_failed_to_crop_data.png
1608071480086377107 : Checking separation double page angle 89.96358807166011
1608071480086476907 : Checking separation double page y=0 2477
1608071485514579245 : Checking page rotation 1 0.2
1608071492276563433 : Checking page rotation 2 0.05
1608071503406971599 : Checking image 1 crop x1 50
1608071503407091999 : Checking image 1 crop y1 7
1608071503407129499 : Checking image 1 crop x2 2477
1608071503407163399 : Checking image 1 crop y2 3502
1608071507721420778 : Checking image 2 crop x1 160
1608071507721539879 : Checking image 2 crop y1 217
1608071507721575779 : Checking image 2 crop x2 2241
1608071507721608879 : Checking image 2 crop y2 3350
1608071507755012453 : Checking image 1 dpi 300
1608071507755122353 : Checking image 1 border top 6
1608071507755158753 : Checking image 1 border bottom 6
1608071507755188953 : Checking image 1 border left 22
1608071507755218953 : Checking image 1 border right 22
1608071507757578258 : Checking image 2 dpi 300
1608071507757673059 : Checking image 2 border top 205
1608071507757704859 : Checking image 2 border bottom 149
1608071507757734759 : Checking image 2 border left 189
1608071507757767259 : Checking image 2 border right 189

</system-out><system-err>--------------------------------- Captured Err ---------------------------------

</system-err></testcase><testcase classname="tests.test_images" name="test_crop_too_few_png" time="50.950"><system-out>--------------------------------- Captured Log ---------------------------------

--------------------------------- Captured Out ---------------------------------
/home/runner/work/ocr-book/ocr-book/tests/crop_too_few.png
1608071534634980127 : Checking separation double page angle 89.54670238452755
1608071534635082428 : Checking separation double page y=0 2512
1608071540843763823 : Checking page rotation 1 -0.6499999999999977
1608071547030539158 : Checking page rotation 2 0.0
1608071550158292147 : Checking image 1 crop x1 263
1608071550158406447 : Checking image 1 crop y1 150
1608071550158441647 : Checking image 1 crop x2 2377
1608071550158473347 : Checking image 1 crop y2 3357
1608071552714748275 : Checking image 2 crop x1 137
1608071552714863775 : Checking image 2 crop y1 141
1608071552714897675 : Checking image 2 crop x2 2259
1608071552714930975 : Checking image 2 crop y2 3345
1608071552744886241 : Checking image 1 dpi 300
1608071552744988041 : Checking image 1 border top 129
1608071552745020741 : Checking image 1 border bottom 150
1608071552745053542 : Checking image 1 border left 173
1608071552745083142 : Checking image 1 border right 173
1608071552747583047 : Checking image 2 dpi 300
1608071552747667447 : Checking image 2 border top 130
1608071552747700947 : Checking image 2 border bottom 153
1608071552747731347 : Checking image 2 border left 169
1608071552747761148 : Checking image 2 border right 169

</system-out><system-err>--------------------------------- Captured Err ---------------------------------

</system-err></testcase><testcase classname="tests.test_images" name="test_wrong_angle_split_line_png" time="66.613"><system-out>--------------------------------- Captured Log ---------------------------------

--------------------------------- Captured Out ---------------------------------
/home/runner/work/ocr-book/ocr-book/tests/wrong_angle_split_line.png
1608071542430376021 : Checking separation double page angle 90.09193420006348
1608071542430474121 : Checking separation double page y=0 2478
1608071549372891717 : Checking page rotation 1 0.05
1608071556509870327 : Checking page rotation 2 0.0
1608071568394477459 : Checking image 1 crop x1 58
1608071568394603559 : Checking image 1 crop y1 7
1608071568394641359 : Checking image 1 crop x2 2472
1608071568394674260 : Checking image 1 crop y2 3505
1608071573633670169 : Checking image 2 crop x1 163
1608071573633795269 : Checking image 2 crop y1 217
1608071573633830970 : Checking image 2 crop x2 2246
1608071573633863970 : Checking image 2 crop y2 3350
1608071573781005693 : Checking image 1 dpi 300
1608071573781120593 : Checking image 1 border top 5
1608071573781157693 : Checking image 1 border bottom 5
1608071573781189693 : Checking image 1 border left 33
1608071573781219593 : Checking image 1 border right 33
1608071573788613910 : Checking image 2 dpi 300
1608071573788721410 : Checking image 2 border top 204
1608071573788752410 : Checking image 2 border bottom 150
1608071573788784210 : Checking image 2 border left 188
1608071573788814710 : Checking image 2 border right 188

</system-out><system-err>--------------------------------- Captured Err ---------------------------------

</system-err></testcase><testcase classname="tests.test_images" name="test_crop_too_much_2_png" time="88.358"><system-out>--------------------------------- Captured Log ---------------------------------

--------------------------------- Captured Out ---------------------------------
/home/runner/work/ocr-book/ocr-book/tests/crop_too_much_2.png
1608071603972293128 : Checking separation double page angle 90.1149074900817
1608071603972391728 : Checking separation double page y=0 2478
1608071615629137368 : Checking page rotation 1 0.2
1608071631306639896 : Checking page rotation 2 0.2
1608071635801609134 : Checking image 1 crop x1 332
1608071635801721235 : Checking image 1 crop y1 131
1608071635801756335 : Checking image 1 crop x2 2342
1608071635801786635 : Checking image 1 crop y2 3336
1608071641016568847 : Checking image 2 crop x1 162
1608071641016681647 : Checking image 2 crop y1 139
1608071641016717347 : Checking image 2 crop x2 2175
1608071641016749547 : Checking image 2 crop y2 3345
1608071641074273473 : Checking image 1 dpi 300
1608071641074378274 : Checking image 1 border top 112
1608071641074410474 : Checking image 1 border bottom 170
1608071641074441774 : Checking image 1 border left 225
1608071641074474074 : Checking image 1 border right 225
1608071641076713079 : Checking image 2 dpi 300
1608071641076792079 : Checking image 2 border top 123
1608071641076822979 : Checking image 2 border bottom 157
1608071641076853179 : Checking image 2 border left 223
1608071641076885279 : Checking image 2 border right 223

</system-out><system-err>--------------------------------- Captured Err ---------------------------------

</system-err></testcase><testcase classname="tests.test_images" name="test_wrong_split_line_3_png" time="65.872"><system-out>--------------------------------- Captured Log ---------------------------------

--------------------------------- Captured Out ---------------------------------
/home/runner/work/ocr-book/ocr-book/tests/wrong_split_line_3.png
1608071616517385713 : Checking separation double page angle 90.41229500214693
1608071616517488313 : Checking separation double page y=0 2495
1608071627494868651 : Checking page rotation 1 0.35
1608071634848147148 : Checking page rotation 2 0.9
1608071637635363948 : Checking image 1 crop x1 331
1608071637635484348 : Checking image 1 crop y1 164
1608071637635519448 : Checking image 1 crop x2 2375
1608071637635552748 : Checking image 1 crop y2 3377
1608071640268968111 : Checking image 2 crop x1 104
1608071640269081711 : Checking image 2 crop y1 208
1608071640269117611 : Checking image 2 crop x2 2135
1608071640269151311 : Checking image 2 crop y2 3413
1608071640303525987 : Checking image 1 dpi 300
1608071640303634987 : Checking image 1 border top 149
1608071640303668187 : Checking image 1 border bottom 125
1608071640303699187 : Checking image 1 border left 208
1608071640303729987 : Checking image 1 border right 208
1608071640306014992 : Checking image 2 dpi 300
1608071640306104692 : Checking image 2 border top 187
1608071640306136492 : Checking image 2 border bottom 95
1608071640306167192 : Checking image 2 border left 214
1608071640306197393 : Checking image 2 border right 214

</system-out><system-err>--------------------------------- Captured Err ---------------------------------

</system-err></testcase><testcase classname="tests.test_images" name="test_wrong_wave_split_line_png" time="0.001"><skipped type="pytest.skip" message="Need to work on crop data">/home/runner/work/ocr-book/ocr-book/tests/test_images.py:660: Need to work on crop data</skipped><system-out>--------------------------------- Captured Log ---------------------------------

--------------------------------- Captured Out ---------------------------------

</system-out><system-err>--------------------------------- Captured Err ---------------------------------

</system-err><system-out>--------------------------------- Captured Log ---------------------------------

--------------------------------- Captured Out ---------------------------------

</system-out><system-err>--------------------------------- Captured Err ---------------------------------

</system-err></testcase><testcase classname="tests.test_images" name="test_no_split_line_line_algo_png" time="56.648"><system-out>--------------------------------- Captured Log ---------------------------------

--------------------------------- Captured Out ---------------------------------
/home/runner/work/ocr-book/ocr-book/tests/no_split_line_line_algo.png
1608071676976584100 : Checking separation double page angle 89.47691469185418
1608071676976691000 : Checking separation double page y=0 2476
1608071682420887003 : Checking page rotation 1 -0.14999999999999067
1608071691090644055 : Checking page rotation 2 -0.44999999999999746
1608071693434248778 : Checking image 1 crop x1 205
1608071693434368478 : Checking image 1 crop y1 158
1608071693434403579 : Checking image 1 crop x2 2320
1608071693434436779 : Checking image 1 crop y2 3366
1608071696924345407 : Checking image 2 crop x1 185
1608071696924466207 : Checking image 2 crop y1 221
1608071696924502007 : Checking image 2 crop x2 2201
1608071696924535207 : Checking image 2 crop y2 3366
1608071696962751291 : Checking image 1 dpi 300
1608071696962858191 : Checking image 1 border top 141
1608071696962891391 : Checking image 1 border bottom 138
1608071696962922091 : Checking image 1 border left 172
1608071696962952691 : Checking image 1 border right 172
1608071696965210796 : Checking image 2 dpi 300
1608071696965296396 : Checking image 2 border top 215
1608071696965328596 : Checking image 2 border bottom 127
1608071696965358796 : Checking image 2 border left 222
1608071696965388797 : Checking image 2 border right 222

</system-out><system-err>--------------------------------- Captured Err ---------------------------------

</system-err></testcase><testcase classname="tests.test_images" name="test_wrong_split_line_2_png" time="102.860"><system-out>--------------------------------- Captured Log ---------------------------------

--------------------------------- Captured Out ---------------------------------
/home/runner/work/ocr-book/ocr-book/tests/wrong_split_line_2.png
1608071704649344391 : Checking separation double page angle 90.17444704411862
1608071704649446091 : Checking separation double page y=0 2437
1608071715263056186 : Checking page rotation 1 0.2
1608071727683032826 : Checking page rotation 2 0.4
1608071734587321111 : Checking image 1 crop x1 294
1608071734587439412 : Checking image 1 crop y1 136
1608071734587473912 : Checking image 1 crop x2 2325
1608071734587504812 : Checking image 1 crop y2 3376
1608071743902155663 : Checking image 2 crop x1 138
1608071743902273963 : Checking image 2 crop y1 192
1608071743902308563 : Checking image 2 crop x2 2165
1608071743902340764 : Checking image 2 crop y2 3386
1608071743945595658 : Checking image 1 dpi 300
1608071743945705758 : Checking image 1 border top 121
1608071743945740758 : Checking image 1 border bottom 126
1608071743945772758 : Checking image 1 border left 214
1608071743945802859 : Checking image 1 border right 214
1608071743948370864 : Checking image 2 dpi 300
1608071743948459664 : Checking image 2 border top 185
1608071743948491064 : Checking image 2 border bottom 108
1608071743948520464 : Checking image 2 border left 216
1608071743948550165 : Checking image 2 border right 216

</system-out><system-err>--------------------------------- Captured Err ---------------------------------

</system-err></testcase><testcase classname="tests.test_images" name="test_failed_split_line_line_algo_png" time="26.308"><system-out>--------------------------------- Captured Log ---------------------------------

--------------------------------- Captured Out ---------------------------------
/home/runner/work/ocr-book/ocr-book/tests/failed_split_line_line_algo.png
1608071714345730881 : Checking separation double page angle 90.0163422057325
1608071714345840182 : Checking separation double page y=0 2576
1608071717564244115 : Checking page rotation 1 -0.14999999999999067
1608071719643964359 : Checking page rotation 2 0.0
1608071721783744335 : Checking image 1 crop x1 407
1608071721783869435 : Checking image 1 crop y1 2925
1608071721783904936 : Checking image 1 crop x2 2419
1608071721783963836 : Checking image 1 crop y2 3174
1608071723294154636 : Checking image 2 crop x1 1183
1608071723294265336 : Checking image 2 crop y1 1746
1608071723294299236 : Checking image 2 crop x2 1184
1608071723294330336 : Checking image 2 crop y2 1747
1608071723294608637 : Checking image 1 dpi 300
1608071723294688637 : Checking image 1 border top 2917
1608071723294720137 : Checking image 1 border bottom 321
1608071723294750637 : Checking image 1 border left 224
1608071723294781037 : Checking image 1 border right 224
1608071723296603841 : Checking image 2 dpi 300
1608071723296692941 : Checking image 2 border top 1753
1608071723296724841 : Checking image 2 border bottom 1753
1608071723296754641 : Checking image 2 border left 1239
1608071723296784841 : Checking image 2 border right 1239

</system-out><system-err>--------------------------------- Captured Err ---------------------------------

</system-err></testcase><testcase classname="tests.test_images" name="test_failed_split_line_line_algo_2_png" time="75.284"><system-out>--------------------------------- Captured Log ---------------------------------

--------------------------------- Captured Out ---------------------------------
/home/runner/work/ocr-book/ocr-book/tests/failed_split_line_line_algo_2.png
1608071773596249534 : Checking separation double page angle 90.04134220573248
1608071773596357634 : Checking separation double page y=0 2498
1608071784516371688 : Checking page rotation 1 0.0
1608071792571625484 : Checking page rotation 2 0.6000000000000001
1608071795481525440 : Checking image 1 crop x1 272
1608071795481652540 : Checking image 1 crop y1 149
1608071795481688140 : Checking image 1 crop x2 2383
1608071795481719240 : Checking image 1 crop y2 3353
1608071798521780681 : Checking image 2 crop x1 124
1608071798521899981 : Checking image 2 crop y1 155
1608071798521935381 : Checking image 2 crop x2 2247
1608071798521968081 : Checking image 2 crop y2 3350
1608071798560554965 : Checking image 1 dpi 300
1608071798560662466 : Checking image 1 border top 138
1608071798560696166 : Checking image 1 border bottom 145
1608071798560728466 : Checking image 1 border left 174
1608071798560759866 : Checking image 1 border right 174
1608071798563160171 : Checking image 2 dpi 300
1608071798563252871 : Checking image 2 border top 136
1608071798563284671 : Checking image 2 border bottom 156
1608071798563315371 : Checking image 2 border left 168
1608071798563345072 : Checking image 2 border right 168

</system-out><system-err>--------------------------------- Captured Err ---------------------------------

</system-err></testcase><testcase classname="tests.test_images" name="test_small_wave_png" time="74.432"><system-out>--------------------------------- Captured Log ---------------------------------

--------------------------------- Captured Out ---------------------------------
/home/runner/work/ocr-book/ocr-book/tests/small_wave.png
1608071792069090586 : Checking separation double page angle 90.63816928841567
1608071792069192686 : Checking separation double page y=0 2497
1608071802356058056 : Checking page rotation 1 0.75
1608071812665782075 : Checking page rotation 2 0.7
1608071815320075173 : Checking image 1 crop x1 323
1608071815320181873 : Checking image 1 crop y1 198
1608071815320216873 : Checking image 1 crop x2 2352
1608071815320248673 : Checking image 1 crop y2 3395
1608071818342543074 : Checking image 2 crop x1 135
1608071818342656075 : Checking image 2 crop y1 223
1608071818342692875 : Checking image 2 crop x2 2164
1608071818342727375 : Checking image 2 crop y2 3419
1608071818379436855 : Checking image 1 dpi 300
1608071818379537555 : Checking image 1 border top 175
1608071818379570655 : Checking image 1 border bottom 115
1608071818379601755 : Checking image 1 border left 215
1608071818379631855 : Checking image 1 border right 215
1608071818382177161 : Checking image 2 dpi 300
1608071818382260461 : Checking image 2 border top 196
1608071818382291561 : Checking image 2 border bottom 95
1608071818382321261 : Checking image 2 border left 215
1608071818382351261 : Checking image 2 border right 215

</system-out><system-err>--------------------------------- Captured Err ---------------------------------

</system-err></testcase><testcase classname="tests.test_images" name="test_crop_too_much_3_png" time="72.850"><system-out>--------------------------------- Captured Log ---------------------------------

--------------------------------- Captured Out ---------------------------------
/home/runner/work/ocr-book/ocr-book/tests/crop_too_much_3.png
1608071843350290095 : Checking separation double page angle 89.52945237729824
1608071843350398496 : Checking separation double page y=0 2497
1608071852250346734 : Checking page rotation 1 -0.8999999999999949
1608071863708672960 : Checking page rotation 2 -0.14999999999999067
1608071867317791043 : Checking image 1 crop x1 374
1608071867317908843 : Checking image 1 crop y1 258
1608071867317943943 : Checking image 1 crop x2 2385
1608071867317975543 : Checking image 1 crop y2 3459
1608071871364958182 : Checking image 2 crop x1 169
1608071871365082982 : Checking image 2 crop y1 228
1608071871365120482 : Checking image 2 crop x2 2182
1608071871365154682 : Checking image 2 crop y2 3417
1608071871407845176 : Checking image 1 dpi 300
1608071871407976076 : Checking image 1 border top 238
1608071871408011376 : Checking image 1 border bottom 48
1608071871408043676 : Checking image 1 border left 224
1608071871408075076 : Checking image 1 border right 224
1608071871410330781 : Checking image 2 dpi 300
1608071871410415381 : Checking image 2 border top 207
1608071871410447481 : Checking image 2 border bottom 90
1608071871410477681 : Checking image 2 border left 223
1608071871410507381 : Checking image 2 border right 223

</system-out><system-err>--------------------------------- Captured Err ---------------------------------

</system-err></testcase><testcase classname="tests.test_images" name="test_wrong_wave_split_line_2_png" time="76.472"><system-out>--------------------------------- Captured Log ---------------------------------

--------------------------------- Captured Out ---------------------------------
/home/runner/work/ocr-book/ocr-book/tests/wrong_wave_split_line_2.png
1608071867442922816 : Checking separation double page angle 90.7708958311329
1608071867443019216 : Checking separation double page y=0 2490
1608071876320705406 : Checking page rotation 1 0.4
1608071888638449514 : Checking page rotation 2 1.8
1608071891657264730 : Checking image 1 crop x1 224
1608071891657373434 : Checking image 1 crop y1 147
1608071891657407835 : Checking image 1 crop x2 2337
1608071891657439737 : Checking image 1 crop y2 3355
1608071894816401022 : Checking image 2 crop x1 107
1608071894816507026 : Checking image 2 crop y1 197
1608071894816556328 : Checking image 2 crop x2 2229
1608071894816587829 : Checking image 2 crop y2 3396
1608071894860429188 : Checking image 1 dpi 300
1608071894860529792 : Checking image 1 border top 133
1608071894860563693 : Checking image 1 border bottom 146
1608071894860594895 : Checking image 1 border left 173
1608071894860625796 : Checking image 1 border right 173
1608071894863145291 : Checking image 2 dpi 300
1608071894863229994 : Checking image 2 border top 167
1608071894863262096 : Checking image 2 border bottom 121
1608071894863291697 : Checking image 2 border left 169
1608071894863321598 : Checking image 2 border right 169

</system-out><system-err>--------------------------------- Captured Err ---------------------------------

</system-err></testcase><testcase classname="tests.test_images" name="test_wrong_wave_split_line_3_png" time="65.669"><system-out>--------------------------------- Captured Log ---------------------------------

--------------------------------- Captured Out ---------------------------------
/home/runner/work/ocr-book/ocr-book/tests/wrong_wave_split_line_3.png
1608071916334130104 : Checking separation double page angle 90.03326063695573
1608071916334232907 : Checking separation double page y=0 2514
1608071924605143619 : Checking page rotation 1 0.05
1608071931229908609 : Checking page rotation 2 0.35
1608071934212517355 : Checking image 1 crop x1 273
1608071934212638459 : Checking image 1 crop y1 220
1608071934212673960 : Checking image 1 crop x2 2383
1608071934212706361 : Checking image 1 crop y2 3423
1608071937054817735 : Checking image 2 crop x1 114
1608071937054938839 : Checking image 2 crop y1 226
1608071937054973840 : Checking image 2 crop x2 2235
1608071937055007841 : Checking image 2 crop y2 3413
1608071937090448509 : Checking image 1 dpi 300
1608071937090558513 : Checking image 1 border top 202
1608071937090591714 : Checking image 1 border bottom 82
1608071937090624115 : Checking image 1 border left 175
1608071937090656016 : Checking image 1 border right 175
1608071937092621881 : Checking image 2 dpi 300
1608071937092704684 : Checking image 2 border top 204
1608071937092735785 : Checking image 2 border bottom 96
1608071937092767086 : Checking image 2 border left 169
1608071937092797187 : Checking image 2 border right 169

</system-out><system-err>--------------------------------- Captured Err ---------------------------------

</system-err></testcase><testcase classname="tests.test_images" name="test_no_split_line_wave_algo_png" time="64.303"><system-out>--------------------------------- Captured Log ---------------------------------

--------------------------------- Captured Out ---------------------------------
/home/runner/work/ocr-book/ocr-book/tests/no_split_line_wave_algo.png
1608071927103533310 : Checking separation double page angle 89.93095154476828
1608071927103644314 : Checking separation double page y=0 2484
1608071933000526705 : Checking page rotation 1 0.0
1608071941906793219 : Checking page rotation 2 -0.49999999999999434
1608071951908170875 : Checking image 1 crop x1 97
1608071951908245177 : Checking image 1 crop y1 27
1608071951908277778 : Checking image 1 crop x2 2486
1608071951908309279 : Checking image 1 crop y2 3505
1608071959094607912 : Checking image 2 crop x1 163
1608071959094717715 : Checking image 2 crop y1 266
1608071959094753816 : Checking image 2 crop x2 2238
1608071959094785317 : Checking image 2 crop y2 3381
1608071959132673483 : Checking image 1 dpi 300
1608071959132777286 : Checking image 1 border top 15
1608071959132810887 : Checking image 1 border bottom 15
1608071959132844489 : Checking image 1 border left 46
1608071959132873889 : Checking image 1 border right 46
1608071959135456069 : Checking image 2 dpi 300
1608071959135544272 : Checking image 2 border top 254
1608071959135575473 : Checking image 2 border bottom 118
1608071959135605373 : Checking image 2 border left 192
1608071959135635374 : Checking image 2 border right 192

</system-out><system-err>--------------------------------- Captured Err ---------------------------------

</system-err></testcase><testcase classname="tests.test_images" name="test_no_split_line_wave_algo_2_png" time="58.108"><system-out>--------------------------------- Captured Log ---------------------------------

--------------------------------- Captured Out ---------------------------------
/home/runner/work/ocr-book/ocr-book/tests/no_split_line_wave_algo_2.png
1608071974567851546 : Checking separation double page angle 90.5
1608071974567980850 : Checking separation double page y=0 2478
1608071982341967312 : Checking page rotation 1 1.1500000000000001
1608071989833737980 : Checking page rotation 2 0.2
1608071992619186847 : Checking image 1 crop x1 266
1608071992619303550 : Checking image 1 crop y1 209
1608071992619338551 : Checking image 1 crop x2 2342
1608071992619372752 : Checking image 1 crop y2 3413
1608071995165967187 : Checking image 2 crop x1 165
1608071995166090390 : Checking image 2 crop y1 241
1608071995166125791 : Checking image 2 crop x2 2248
1608071995166159492 : Checking image 2 crop y2 3433
1608071995202268488 : Checking image 1 dpi 300
1608071995202373090 : Checking image 1 border top 191
1608071995202408691 : Checking image 1 border bottom 92
1608071995202441292 : Checking image 1 border left 192
1608071995202472293 : Checking image 1 border right 192
1608071995204992663 : Checking image 2 dpi 300
1608071995205087265 : Checking image 2 border top 224
1608071995205119366 : Checking image 2 border bottom 71
1608071995205149567 : Checking image 2 border left 188
1608071995205179968 : Checking image 2 border right 188

</system-out><system-err>--------------------------------- Captured Err ---------------------------------

</system-err></testcase><testcase classname="tests.test_images" name="test_crop_too_few_2_png" time="53.407"><system-out>--------------------------------- Captured Log ---------------------------------

--------------------------------- Captured Out ---------------------------------
/home/runner/work/ocr-book/ocr-book/tests/crop_too_few_2.png
1608071993093139821 : Checking separation double page angle 90.3480629671595
1608071993093241224 : Checking separation double page y=0 2534
1608072000114684911 : Checking page rotation 1 1.2000000000000002
1608072007027936398 : Checking page rotation 2 -0.09999999999999377
1608072010047308729 : Checking image 1 crop x1 287
1608072010047422232 : Checking image 1 crop y1 165
1608072010047457933 : Checking image 1 crop x2 2398
1608072010047489234 : Checking image 1 crop y2 3368
1608072012560274884 : Checking image 2 crop x1 148
1608072012560416188 : Checking image 2 crop y1 188
1608072012560450789 : Checking image 2 crop x2 2274
1608072012560482689 : Checking image 2 crop y2 3386
1608072012594303075 : Checking image 1 dpi 300
1608072012594406478 : Checking image 1 border top 140
1608072012594441779 : Checking image 1 border bottom 144
1608072012594475080 : Checking image 1 border left 174
1608072012594506681 : Checking image 1 border right 174
1608072012597103249 : Checking image 2 dpi 300
1608072012597192951 : Checking image 2 border top 175
1608072012597224952 : Checking image 2 border bottom 114
1608072012597254553 : Checking image 2 border left 167
1608072012597283553 : Checking image 2 border right 167

</system-out><system-err>--------------------------------- Captured Err ---------------------------------

</system-err></testcase><testcase classname="tests.test_images" name="test_failed_detect_rectangle_png" time="70.949"><system-out>--------------------------------- Captured Log ---------------------------------

--------------------------------- Captured Out ---------------------------------
/home/runner/work/ocr-book/ocr-book/tests/failed_detect_rectangle.png
1608072040619243764 : Checking separation double page angle 90.22337516213149
1608072040619339566 : Checking separation double page y=0 2474
1608072049358424170 : Checking page rotation 1 0.2
1608072060368261976 : Checking page rotation 2 0.2
1608072063153654942 : Checking image 1 crop x1 257
1608072063153774944 : Checking image 1 crop y1 201
1608072063153809645 : Checking image 1 crop x2 2333
1608072063153840946 : Checking image 1 crop y2 3402
1608072066103612704 : Checking image 2 crop x1 137
1608072066103730006 : Checking image 2 crop y1 215
1608072066103766207 : Checking image 2 crop x2 2220
1608072066103799308 : Checking image 2 crop y2 3406
1608072066146532965 : Checking image 1 dpi 300
1608072066146637568 : Checking image 1 border top 188
1608072066146671568 : Checking image 1 border bottom 97
1608072066146703569 : Checking image 1 border left 192
1608072066146734370 : Checking image 1 border right 192
1608072066148965620 : Checking image 2 dpi 300
1608072066149044522 : Checking image 2 border top 201
1608072066149075622 : Checking image 2 border bottom 95
1608072066149105823 : Checking image 2 border left 188
1608072066149135124 : Checking image 2 border right 188

</system-out><system-err>--------------------------------- Captured Err ---------------------------------

</system-err></testcase><testcase classname="tests.test_images" name="test_single_page_png" time="23.062"><system-out>--------------------------------- Captured Log ---------------------------------

--------------------------------- Captured Out ---------------------------------
/home/runner/work/ocr-book/ocr-book/tests/single_page.png
1608072022921363040 : Checking separation double page angle 90.0
1608072022921474443 : Checking separation double page y=0 2476
1608072027666980146 : Checking page rotation 1 0.0
1608072028182025841 : Checking page rotation 2 0.0
1608072034878518716 : Checking image 1 crop x1 1
1608072034878597918 : Checking image 1 crop y1 8
1608072034878632918 : Checking image 1 crop x2 2470
1608072034878663419 : Checking image 1 crop y2 3505
1608072035368447321 : Checking image 2 crop x1 0
1608072035368515722 : Checking image 2 crop y1 0
1608072035368545023 : Checking image 2 crop x2 0
1608072035368572124 : Checking image 2 crop y2 0
1608072035368645025 : Checking image 1 dpi 300
1608072035368702427 : Checking image 1 border top 5
1608072035368734028 : Checking image 1 border bottom 5
1608072035368763928 : Checking image 1 border left 6
1608072035368793029 : Checking image 1 border right 6
1608072035374412367 : Checking image 2 border top 0
1608072035374471368 : Checking image 2 border bottom 0
1608072035374499069 : Checking image 2 border left 0
1608072035374526669 : Checking image 2 border right 0

</system-out><system-err>--------------------------------- Captured Err ---------------------------------

</system-err></testcase><testcase classname="tests.test_images" name="test_no_split_line_wave_algo_3_png" time="17.131"><system-out>--------------------------------- Captured Log ---------------------------------

--------------------------------- Captured Out ---------------------------------
/home/runner/work/ocr-book/ocr-book/tests/no_split_line_wave_algo_3.png
1608072076220046890 : Checking separation double page angle 90.19999999999999
1608072076220160493 : Checking separation double page y=0 2408
1608072078712694668 : Checking page rotation 1 0.0
1608072079034396538 : Checking page rotation 2 0.15000000000000002
1608072082837950417 : Checking image 1 crop x1 184
1608072082838054220 : Checking image 1 crop y1 2957
1608072082838088020 : Checking image 1 crop x2 2201
1608072082838119521 : Checking image 1 crop y2 3202
1608072083277092814 : Checking image 2 crop x1 0
1608072083277158115 : Checking image 2 crop y1 0
1608072083277187116 : Checking image 2 crop x2 0
1608072083277214817 : Checking image 2 crop y2 0
1608072083277289618 : Checking image 1 dpi 300
1608072083277351820 : Checking image 1 border top 2950
1608072083277382620 : Checking image 1 border bottom 292
1608072083277413921 : Checking image 1 border left 221
1608072083277445122 : Checking image 1 border right 221
1608072083282044020 : Checking image 2 border top 0
1608072083282105721 : Checking image 2 border bottom 0
1608072083282134922 : Checking image 2 border left 0
1608072083282163522 : Checking image 2 border right 0

</system-out><system-err>--------------------------------- Captured Err ---------------------------------

</system-err></testcase></testsuite></testsuites>