<?xml version="1.0" encoding="utf-8"?><testsuites><testsuite name="pytest" errors="0" failures="0" skipped="0" tests="17" time="331.780" timestamp="2020-11-21T23:01:08.421820" hostname="fv-az135-393"><testcase classname="tests.test_features" name="test_mock_stop_at_0" time="0.052"><system-out>--------------------------------- Captured Log ---------------------------------

--------------------------------- Captured Out ---------------------------------
/home/runner/work/ocr-book/ocr-book/tests/0001_0.png

</system-out><system-err>--------------------------------- Captured Err ---------------------------------

</system-err></testcase><testcase classname="tests.test_features" name="test_disabled_enable_debug" time="28.738"><system-out>--------------------------------- Captured Log ---------------------------------

--------------------------------- Captured Out ---------------------------------
/home/runner/work/ocr-book/ocr-book/tests/0001_debug.png
separation double page angle 90.53945493634917
separation double page y=0 2485
page rotation 1 0.75
page rotation 2 0.2
image 1 crop x1 330
image 1 crop y1 336
image 1 crop x2 2343
image 1 crop y2 3223
image 2 crop x1 169
image 2 crop y1 648
image 2 crop x2 2186
image 2 crop y2 3361
image 1 dpi 300
image 1 border top 324
image 1 border bottom 276
image 1 border left 223
image 1 border right 223
image 2 dpi 300
image 2 border top 671
image 2 border bottom 103
image 2 border left 221
image 2 border right 221

</system-out><system-err>--------------------------------- Captured Err ---------------------------------

</system-err></testcase><testcase classname="tests.test_features" name="test_mock_stop_at_2" time="37.374"><system-out>--------------------------------- Captured Log ---------------------------------

--------------------------------- Captured Out ---------------------------------
/home/runner/work/ocr-book/ocr-book/tests/0001_2.png
separation double page angle 90.53945493634917
separation double page y=0 2485
page rotation 1 0.75
page rotation 2 0.2

</system-out><system-err>--------------------------------- Captured Err ---------------------------------

</system-err></testcase><testcase classname="tests.test_features" name="test_mock_stop_at_1" time="21.292"><system-out>--------------------------------- Captured Log ---------------------------------

--------------------------------- Captured Out ---------------------------------
/home/runner/work/ocr-book/ocr-book/tests/0001_1.png
separation double page angle 90.53945493634917
separation double page y=0 2485

</system-out><system-err>--------------------------------- Captured Err ---------------------------------

</system-err></testcase><testcase classname="tests.test_features" name="test_mock_stop_at_3" time="39.196"><system-out>--------------------------------- Captured Log ---------------------------------

--------------------------------- Captured Out ---------------------------------
/home/runner/work/ocr-book/ocr-book/tests/0001_3.png
separation double page angle 90.53945493634917
separation double page y=0 2485
page rotation 1 0.75
page rotation 2 0.2
image 1 crop x1 330
image 1 crop y1 336
image 1 crop x2 2343
image 1 crop y2 3223
image 2 crop x1 169
image 2 crop y1 648
image 2 crop x2 2186
image 2 crop y2 3361

</system-out><system-err>--------------------------------- Captured Err ---------------------------------

</system-err></testcase><testcase classname="tests.test_features" name="test_mock_stop_at_5" time="39.812"><system-out>--------------------------------- Captured Log ---------------------------------

--------------------------------- Captured Out ---------------------------------
/home/runner/work/ocr-book/ocr-book/tests/0001_5.png
separation double page angle 90.53945493634917
separation double page y=0 2485
page rotation 1 0.75
page rotation 2 0.2
image 1 crop x1 330
image 1 crop y1 336
image 1 crop x2 2343
image 1 crop y2 3223
image 2 crop x1 169
image 2 crop y1 648
image 2 crop x2 2186
image 2 crop y2 3361
image 1 dpi 300
image 1 border top 324
image 1 border bottom 276
image 1 border left 223
image 1 border right 223
image 2 dpi 300
image 2 border top 671
image 2 border bottom 103
image 2 border left 221
image 2 border right 221

</system-out><system-err>--------------------------------- Captured Err ---------------------------------

</system-err></testcase><testcase classname="tests.test_features" name="test_mock_stop_at_4" time="39.737"><system-out>--------------------------------- Captured Log ---------------------------------

--------------------------------- Captured Out ---------------------------------
/home/runner/work/ocr-book/ocr-book/tests/0001_4.png
separation double page angle 90.53945493634917
separation double page y=0 2485
page rotation 1 0.75
page rotation 2 0.2
image 1 crop x1 330
image 1 crop y1 336
image 1 crop x2 2343
image 1 crop y2 3223
image 2 crop x1 169
image 2 crop y1 648
image 2 crop x2 2186
image 2 crop y2 3361
image 1 dpi 300
image 1 border top 324
image 1 border bottom 276
image 1 border left 223
image 1 border right 223
image 2 dpi 300
image 2 border top 671
image 2 border bottom 103
image 2 border left 221
image 2 border right 221

</system-out><system-err>--------------------------------- Captured Err ---------------------------------

</system-err></testcase><testcase classname="tests.test_images" name="test_0001_png" time="39.698"><system-out>--------------------------------- Captured Log ---------------------------------

--------------------------------- Captured Out ---------------------------------
/home/runner/work/ocr-book/ocr-book/tests/0001.png
1605999780191151938 : Checking separation double page angle 90.53945493634917
1605999780191238038 : Checking separation double page y=0 2485
1605999786679464204 : Checking page rotation 1 0.75
1605999795511738765 : Checking page rotation 2 0.2
1605999797129856176 : Checking image 1 crop x1 330
1605999797129934975 : Checking image 1 crop y1 336
1605999797129976575 : Checking image 1 crop x2 2343
1605999797130015675 : Checking image 1 crop y2 3223
1605999798972461110 : Checking image 2 crop x1 169
1605999798972541410 : Checking image 2 crop y1 648
1605999798972583010 : Checking image 2 crop x2 2186
1605999798972622210 : Checking image 2 crop y2 3361
1605999799008317424 : Checking image 1 dpi 300
1605999799008440023 : Checking image 1 border top 324
1605999799008477323 : Checking image 1 border bottom 276
1605999799008511623 : Checking image 1 border left 223
1605999799008544623 : Checking image 1 border right 223
1605999799010523818 : Checking image 2 dpi 300
1605999799010613418 : Checking image 2 border top 671
1605999799010648218 : Checking image 2 border bottom 103
1605999799010680518 : Checking image 2 border left 221
1605999799010713218 : Checking image 2 border right 221

</system-out><system-err>--------------------------------- Captured Err ---------------------------------

</system-err></testcase><testcase classname="tests.test_images" name="test_2_pages_2_contours_png" time="26.710"><system-out>--------------------------------- Captured Log ---------------------------------

--------------------------------- Captured Out ---------------------------------
/home/runner/work/ocr-book/ocr-book/tests/2-pages-2-contours.png
1605999801036443602 : Checking separation double page angle 90.15647898380502
1605999801036526002 : Checking separation double page y=0 2489
1605999803305703719 : Checking page rotation 1 0.05
1605999810187348555 : Checking page rotation 2 0.35000000000000003
1605999811051600591 : Checking image 1 crop x1 1186
1605999811051659591 : Checking image 1 crop y1 1720
1605999811051686391 : Checking image 1 crop x2 1187
1605999811051711591 : Checking image 1 crop y2 1721
1605999812554037190 : Checking image 2 crop x1 102
1605999812554116690 : Checking image 2 crop y1 240
1605999812554156789 : Checking image 2 crop x2 2149
1605999812554193989 : Checking image 2 crop y2 3239
1605999812589407615 : Checking image 1 dpi 300
1605999812589505915 : Checking image 1 border top 1753
1605999812589540814 : Checking image 1 border bottom 1753
1605999812589572514 : Checking image 1 border left 1239
1605999812589603014 : Checking image 1 border right 1239
1605999812591040111 : Checking image 2 dpi 300
1605999812591148211 : Checking image 2 border top 229
1605999812591180911 : Checking image 2 border bottom 259
1605999812591211611 : Checking image 2 border left 206
1605999812591242011 : Checking image 2 border right 206

</system-out><system-err>--------------------------------- Captured Err ---------------------------------

</system-err></testcase><testcase classname="tests.test_images" name="test_black_border_not_removed_png" time="50.481"><system-out>--------------------------------- Captured Log ---------------------------------

--------------------------------- Captured Out ---------------------------------
/home/runner/work/ocr-book/ocr-book/tests/black-border-not-removed.png
1605999827636875614 : Checking separation double page angle 89.9903688802698
1605999827636960313 : Checking separation double page y=0 2455
1605999834607276547 : Checking page rotation 1 0.0
1605999845481353247 : Checking page rotation 2 0.0
1605999847334300532 : Checking image 1 crop x1 297
1605999847334378532 : Checking image 1 crop y1 143
1605999847334420732 : Checking image 1 crop x2 2309
1605999847334459632 : Checking image 1 crop y2 3346
1605999849460075120 : Checking image 2 crop x1 156
1605999849460158020 : Checking image 2 crop y1 145
1605999849460199720 : Checking image 2 crop x2 2168
1605999849460238820 : Checking image 2 crop y2 3352
1605999849497497360 : Checking image 1 dpi 300
1605999849497626360 : Checking image 1 border top 128
1605999849497664060 : Checking image 1 border bottom 156
1605999849497697960 : Checking image 1 border left 224
1605999849497731560 : Checking image 1 border right 224
1605999849499795156 : Checking image 2 dpi 300
1605999849499893456 : Checking image 2 border top 130
1605999849499929056 : Checking image 2 border bottom 150
1605999849499962156 : Checking image 2 border left 224
1605999849499995156 : Checking image 2 border right 224

</system-out><system-err>--------------------------------- Captured Err ---------------------------------

</system-err></testcase><testcase classname="tests.test_images" name="test_image_failed_to_rotate_png" time="47.879"><system-out>--------------------------------- Captured Log ---------------------------------

--------------------------------- Captured Out ---------------------------------
/home/runner/work/ocr-book/ocr-book/tests/image_failed_to_rotate.png
1605999833419497358 : Checking separation double page angle 90.14353501543772
1605999833419581758 : Checking separation double page y=0 2476
1605999838916044343 : Checking page rotation 1 0.35000000000000003
1605999847048122095 : Checking page rotation 2 0.45
1605999858545425849 : Checking image 1 crop x1 34
1605999858545510448 : Checking image 1 crop y1 1
1605999858545550348 : Checking image 1 crop x2 2474
1605999858545586948 : Checking image 1 crop y2 3500
1605999860306489011 : Checking image 2 crop x1 171
1605999860306573911 : Checking image 2 crop y1 234
1605999860306616711 : Checking image 2 crop x2 2250
1605999860306656911 : Checking image 2 crop y2 3355
1605999860351410944 : Checking image 1 dpi 300
1605999860351540144 : Checking image 1 border top 4
1605999860351578544 : Checking image 1 border bottom 4
1605999860351612344 : Checking image 1 border left 20
1605999860351646144 : Checking image 1 border right 20
1605999860353808441 : Checking image 2 dpi 300
1605999860353919840 : Checking image 2 border top 206
1605999860353956540 : Checking image 2 border bottom 160
1605999860353990440 : Checking image 2 border left 190
1605999860354023940 : Checking image 2 border right 190

</system-out><system-err>--------------------------------- Captured Err ---------------------------------

</system-err></testcase><testcase classname="tests.test_images" name="test_image_failed_to_crop_data_png" time="48.645"><system-out>--------------------------------- Captured Log ---------------------------------

--------------------------------- Captured Out ---------------------------------
/home/runner/work/ocr-book/ocr-book/tests/image_failed_to_crop_data.png
1605999873023403133 : Checking separation double page angle 90.06228874101497
1605999873023490733 : Checking separation double page y=0 2482
1605999879162509044 : Checking page rotation 1 0.2
1605999885208547323 : Checking page rotation 2 0.05
1605999896478925039 : Checking image 1 crop x1 58
1605999896479005739 : Checking image 1 crop y1 8
1605999896479043339 : Checking image 1 crop x2 2480
1605999896479079539 : Checking image 1 crop y2 3504
1605999898029958611 : Checking image 2 crop x1 159
1605999898030042611 : Checking image 2 crop y1 217
1605999898030083911 : Checking image 2 crop x2 2240
1605999898030122911 : Checking image 2 crop y2 3350
1605999898069074363 : Checking image 1 dpi 300
1605999898069196363 : Checking image 1 border top 6
1605999898069233963 : Checking image 1 border bottom 6
1605999898069266963 : Checking image 1 border left 29
1605999898069299363 : Checking image 1 border right 29
1605999898071423360 : Checking image 2 dpi 300
1605999898071523260 : Checking image 2 border top 209
1605999898071558660 : Checking image 2 border bottom 145
1605999898071591360 : Checking image 2 border left 189
1605999898071623660 : Checking image 2 border right 189

</system-out><system-err>--------------------------------- Captured Err ---------------------------------

</system-err></testcase><testcase classname="tests.test_images" name="test_wrong_angle_split_line_png" time="59.805"><system-out>--------------------------------- Captured Log ---------------------------------

--------------------------------- Captured Out ---------------------------------
/home/runner/work/ocr-book/ocr-book/tests/wrong_angle_split_line.png
1605999888199590937 : Checking separation double page angle 90.08422009258813
1605999888199673937 : Checking separation double page y=0 2487
1605999896329509025 : Checking page rotation 1 0.0
1605999905138272524 : Checking page rotation 2 0.0
1605999916832793601 : Checking image 1 crop x1 53
1605999916832902301 : Checking image 1 crop y1 8
1605999916832941001 : Checking image 1 crop x2 2485
1605999916832977001 : Checking image 1 crop y2 3505
1605999919331894914 : Checking image 2 crop x1 154
1605999919331979514 : Checking image 2 crop y1 217
1605999919332022414 : Checking image 2 crop x2 2237
1605999919332062914 : Checking image 2 crop y2 3350
1605999919506133914 : Checking image 1 dpi 300
1605999919506268414 : Checking image 1 border top 5
1605999919506306814 : Checking image 1 border bottom 5
1605999919506340614 : Checking image 1 border left 24
1605999919506374114 : Checking image 1 border right 24
1605999919512450507 : Checking image 2 dpi 300
1605999919512585607 : Checking image 2 border top 195
1605999919512621207 : Checking image 2 border bottom 159
1605999919512654607 : Checking image 2 border left 188
1605999919512687607 : Checking image 2 border right 188

</system-out><system-err>--------------------------------- Captured Err ---------------------------------

</system-err></testcase><testcase classname="tests.test_images" name="test_angle_page_lower_split_line_png" time="34.995"><system-out>--------------------------------- Captured Log ---------------------------------

--------------------------------- Captured Out ---------------------------------
/home/runner/work/ocr-book/ocr-book/tests/angle_page_lower_split_line.png
1605999912976263300 : Checking separation double page angle 89.74710364870903
1605999912976341500 : Checking separation double page y=0 2471
1605999921852388325 : Checking page rotation 1 -0.44999999999998863
1605999929470004419 : Checking page rotation 2 0.2
1605999931447329614 : Checking image 1 crop x1 245
1605999931447413114 : Checking image 1 crop y1 161
1605999931447455014 : Checking image 1 crop x2 2351
1605999931447494714 : Checking image 1 crop y2 3364
1605999933098319882 : Checking image 2 crop x1 153
1605999933098404082 : Checking image 2 crop y1 147
1605999933098445982 : Checking image 2 crop x2 2260
1605999933098485181 : Checking image 2 crop y2 3350
1605999933138091538 : Checking image 1 dpi 300
1605999933138220238 : Checking image 1 border top 131
1605999933138258237 : Checking image 1 border bottom 152
1605999933138291937 : Checking image 1 border left 177
1605999933138325037 : Checking image 1 border right 177
1605999933140439535 : Checking image 2 dpi 300
1605999933140536035 : Checking image 2 border top 118
1605999933140571335 : Checking image 2 border bottom 166
1605999933140604135 : Checking image 2 border left 176
1605999933140636835 : Checking image 2 border right 176

</system-out><system-err>--------------------------------- Captured Err ---------------------------------

</system-err></testcase><testcase classname="tests.test_images" name="test_wrong_split_line_png" time="36.352"><system-out>--------------------------------- Captured Log ---------------------------------

--------------------------------- Captured Out ---------------------------------
/home/runner/work/ocr-book/ocr-book/tests/wrong_split_line.png
1605999940928070193 : Checking separation double page angle 89.81531182790899
1605999940928161092 : Checking separation double page y=0 2465
1605999947044360790 : Checking page rotation 1 -0.04999999999999716
1605999953820754773 : Checking page rotation 2 0.6000000000000001
1605999955212767402 : Checking image 1 crop x1 211
1605999955212851202 : Checking image 1 crop y1 156
1605999955212894002 : Checking image 1 crop x2 2323
1605999955212933702 : Checking image 1 crop y2 3363
1605999956593375847 : Checking image 2 crop x1 124
1605999956593457947 : Checking image 2 crop y1 167
1605999956593500747 : Checking image 2 crop x2 2236
1605999956593540747 : Checking image 2 crop y2 3373
1605999956630524508 : Checking image 1 dpi 300
1605999956630654408 : Checking image 1 border top 180
1605999956630692808 : Checking image 1 border bottom 100
1605999956630726908 : Checking image 1 border left 174
1605999956630760608 : Checking image 1 border right 174
1605999956632816106 : Checking image 2 dpi 300
1605999956632907306 : Checking image 2 border top 129
1605999956632942306 : Checking image 2 border bottom 152
1605999956632975606 : Checking image 2 border left 174
1605999956633008406 : Checking image 2 border right 174

</system-out><system-err>--------------------------------- Captured Err ---------------------------------

</system-err></testcase><testcase classname="tests.test_images" name="test_crop_too_much_png" time="60.383"><system-out>--------------------------------- Captured Log ---------------------------------

--------------------------------- Captured Out ---------------------------------
/home/runner/work/ocr-book/ocr-book/tests/crop_too_much.png
1605999961500289306 : Checking separation double page angle 90.14985593620918
1605999961500370606 : Checking separation double page y=0 2457
1605999975272882195 : Checking page rotation 1 0.0
1605999988069571239 : Checking page rotation 2 0.4
1605999990852732048 : Checking image 1 crop x1 303
1605999990852815048 : Checking image 1 crop y1 148
1605999990852856748 : Checking image 1 crop x2 2313
1605999990852895548 : Checking image 1 crop y2 3351
1605999993462185840 : Checking image 2 crop x1 166
1605999993462271639 : Checking image 2 crop y1 154
1605999993462313839 : Checking image 2 crop x2 2180
1605999993462353139 : Checking image 2 crop y2 3360
1605999993512578289 : Checking image 1 dpi 300
1605999993512708589 : Checking image 1 border top 116
1605999993512746689 : Checking image 1 border bottom 168
1605999993512780389 : Checking image 1 border left 225
1605999993512813689 : Checking image 1 border right 225
1605999993514918187 : Checking image 2 dpi 300
1605999993515019287 : Checking image 2 border top 95
1605999993515054187 : Checking image 2 border bottom 186
1605999993515086687 : Checking image 2 border left 223
1605999993515119287 : Checking image 2 border right 223

</system-out><system-err>--------------------------------- Captured Err ---------------------------------

</system-err></testcase><testcase classname="tests.test_images" name="test_crop_too_few_png" time="41.991"><system-out>--------------------------------- Captured Log ---------------------------------

--------------------------------- Captured Out ---------------------------------
/home/runner/work/ocr-book/ocr-book/tests/crop_too_few.png
1605999981453723111 : Checking separation double page angle 89.22405802376838
1605999981453807611 : Checking separation double page y=0 2508
1605999988773336132 : Checking page rotation 1 -0.75
1605999995655781052 : Checking page rotation 2 0.0
1605999997148137367 : Checking image 1 crop x1 265
1605999997148218267 : Checking image 1 crop y1 161
1605999997148260767 : Checking image 1 crop x2 2375
1605999997148300667 : Checking image 1 crop y2 3356
1605999998594216130 : Checking image 2 crop x1 141
1605999998594308030 : Checking image 2 crop y1 141
1605999998594348430 : Checking image 2 crop x2 2263
1605999998594385930 : Checking image 2 crop y2 3345
1605999998628664596 : Checking image 1 dpi 300
1605999998628792996 : Checking image 1 border top 84
1605999998628831296 : Checking image 1 border bottom 208
1605999998628866396 : Checking image 1 border left 175
1605999998628900096 : Checking image 1 border right 175
1605999998630710094 : Checking image 2 dpi 300
1605999998630811694 : Checking image 2 border top 130
1605999998630847094 : Checking image 2 border bottom 153
1605999998630880694 : Checking image 2 border left 169
1605999998630914194 : Checking image 2 border right 169

</system-out><system-err>--------------------------------- Captured Err ---------------------------------

</system-err></testcase></testsuite></testsuites>