<?xml version="1.0" encoding="utf-8"?><testsuites><testsuite name="pytest" errors="0" failures="0" skipped="0" tests="36" time="588.598" timestamp="2021-01-02T19:50:15.534309" hostname="fv-az102-78"><testcase classname="tests.test_features" name="test_mock_stop_at_0" time="0.056"><system-out>--------------------------------- Captured Log ---------------------------------

--------------------------------- Captured Out ---------------------------------
/home/runner/work/ocr-book/ocr-book/tests/0001_0.png

</system-out><system-err>--------------------------------- Captured Err ---------------------------------

</system-err></testcase><testcase classname="tests.test_features" name="test_disabled_enable_debug" time="34.638"><system-out>--------------------------------- Captured Log ---------------------------------

--------------------------------- Captured Out ---------------------------------
/home/runner/work/ocr-book/ocr-book/tests/0001_debug.png
separation double page angle 90.5528088189967
separation double page y=0 2485
page rotation 1 0.5499999999999999
page rotation 2 0.2
image 1 crop x1 327
image 1 crop y1 334
image 1 crop x2 2346
image 1 crop y2 3221
image 2 crop x1 169
image 2 crop y1 648
image 2 crop x2 2186
image 2 crop y2 3361
image 1 dpi 300
image 1 border top 332
image 1 border bottom 268
image 1 border left 220
image 1 border right 220
image 2 dpi 300
image 2 border top 643
image 2 border bottom 131
image 2 border left 221
image 2 border right 221

</system-out><system-err>--------------------------------- Captured Err ---------------------------------

</system-err></testcase><testcase classname="tests.test_features" name="test_mock_stop_at_2" time="30.802"><system-out>--------------------------------- Captured Log ---------------------------------

--------------------------------- Captured Out ---------------------------------
/home/runner/work/ocr-book/ocr-book/tests/0001_2.png
separation double page angle 90.5528088189967
separation double page y=0 2485
page rotation 1 0.5499999999999999
page rotation 2 0.2

</system-out><system-err>--------------------------------- Captured Err ---------------------------------

</system-err></testcase><testcase classname="tests.test_features" name="test_mock_stop_at_4" time="34.360"><system-out>--------------------------------- Captured Log ---------------------------------

--------------------------------- Captured Out ---------------------------------
/home/runner/work/ocr-book/ocr-book/tests/0001_4.png
separation double page angle 90.5528088189967
separation double page y=0 2485
page rotation 1 0.5499999999999999
page rotation 2 0.2
image 1 crop x1 327
image 1 crop y1 334
image 1 crop x2 2346
image 1 crop y2 3221
image 2 crop x1 169
image 2 crop y1 648
image 2 crop x2 2186
image 2 crop y2 3361
image 1 dpi 300
image 1 border top 332
image 1 border bottom 268
image 1 border left 220
image 1 border right 220
image 2 dpi 300
image 2 border top 643
image 2 border bottom 131
image 2 border left 221
image 2 border right 221

</system-out><system-err>--------------------------------- Captured Err ---------------------------------

</system-err></testcase><testcase classname="tests.test_features" name="test_mock_stop_at_1" time="27.172"><system-out>--------------------------------- Captured Log ---------------------------------

--------------------------------- Captured Out ---------------------------------
/home/runner/work/ocr-book/ocr-book/tests/0001_1.png
separation double page angle 90.5528088189967
separation double page y=0 2485

</system-out><system-err>--------------------------------- Captured Err ---------------------------------

</system-err></testcase><testcase classname="tests.test_features" name="test_mock_stop_at_3" time="33.527"><system-out>--------------------------------- Captured Log ---------------------------------

--------------------------------- Captured Out ---------------------------------
/home/runner/work/ocr-book/ocr-book/tests/0001_3.png
separation double page angle 90.5528088189967
separation double page y=0 2485
page rotation 1 0.5499999999999999
page rotation 2 0.2
image 1 crop x1 327
image 1 crop y1 334
image 1 crop x2 2346
image 1 crop y2 3221
image 2 crop x1 169
image 2 crop y1 648
image 2 crop x2 2186
image 2 crop y2 3361

</system-out><system-err>--------------------------------- Captured Err ---------------------------------

</system-err></testcase><testcase classname="tests.test_images" name="test_0001_png" time="33.605"><system-out>--------------------------------- Captured Log ---------------------------------

--------------------------------- Captured Out ---------------------------------
/home/runner/work/ocr-book/ocr-book/tests/0001.png
1609617109176932666 : Checking separation double page angle 90.5528088189967
1609617109177056768 : Checking separation double page y=0 2485
1609617110342220799 : Checking page rotation 1 0.5499999999999999
1609617111696859828 : Checking page rotation 2 0.2
1609617113863917112 : Checking image 1 crop x1 327
1609617113864046613 : Checking image 1 crop y1 334
1609617113864086014 : Checking image 1 crop x2 2346
1609617113864122814 : Checking image 1 crop y2 3221
1609617115541226068 : Checking image 2 crop x1 169
1609617115541358769 : Checking image 2 crop y1 648
1609617115541400270 : Checking image 2 crop x2 2186
1609617115541435470 : Checking image 2 crop y2 3361
1609617115541612472 : Checking image 1 dpi 300
1609617115541684973 : Checking image 1 border top 332
1609617115541720074 : Checking image 1 border bottom 268
1609617115541754374 : Checking image 1 border left 220
1609617115541788975 : Checking image 1 border right 220
1609617115544138903 : Checking image 2 dpi 300
1609617115544235304 : Checking image 2 border top 643
1609617115544274705 : Checking image 2 border bottom 131
1609617115544308805 : Checking image 2 border left 221
1609617115544343206 : Checking image 2 border right 221

</system-out><system-err>--------------------------------- Captured Err ---------------------------------

</system-err></testcase><testcase classname="tests.test_features" name="test_mock_stop_at_5" time="34.464"><system-out>--------------------------------- Captured Log ---------------------------------

--------------------------------- Captured Out ---------------------------------
/home/runner/work/ocr-book/ocr-book/tests/0001_5.png
separation double page angle 90.5528088189967
separation double page y=0 2485
page rotation 1 0.5499999999999999
page rotation 2 0.2
image 1 crop x1 327
image 1 crop y1 334
image 1 crop x2 2346
image 1 crop y2 3221
image 2 crop x1 169
image 2 crop y1 648
image 2 crop x2 2186
image 2 crop y2 3361
image 1 dpi 300
image 1 border top 332
image 1 border bottom 268
image 1 border left 220
image 1 border right 220
image 2 dpi 300
image 2 border top 643
image 2 border bottom 131
image 2 border left 221
image 2 border right 221

</system-out><system-err>--------------------------------- Captured Err ---------------------------------

</system-err></testcase><testcase classname="tests.test_images" name="test_black_border_not_removed_png" time="36.053"><system-out>--------------------------------- Captured Log ---------------------------------

--------------------------------- Captured Out ---------------------------------
/home/runner/work/ocr-book/ocr-book/tests/black-border-not-removed.png
1609617143412474378 : Checking separation double page angle 90.033171103531
1609617143412587779 : Checking separation double page y=0 2455
1609617144626160088 : Checking page rotation 1 0.0
1609617146245055809 : Checking page rotation 2 0.05
1609617149252890559 : Checking image 1 crop x1 297
1609617149253025961 : Checking image 1 crop y1 143
1609617149253065861 : Checking image 1 crop x2 2309
1609617149253102462 : Checking image 1 crop y2 3346
1609617151597281069 : Checking image 2 crop x1 157
1609617151597406471 : Checking image 2 crop y1 145
1609617151597446271 : Checking image 2 crop x2 2170
1609617151597482972 : Checking image 2 crop y2 3351
1609617151597654374 : Checking image 1 dpi 300
1609617151597728175 : Checking image 1 border top 132
1609617151597763675 : Checking image 1 border bottom 152
1609617151597797376 : Checking image 1 border left 224
1609617151597831476 : Checking image 1 border right 224
1609617151600208005 : Checking image 2 dpi 300
1609617151600306406 : Checking image 2 border top 134
1609617151600345406 : Checking image 2 border bottom 147
1609617151600379507 : Checking image 2 border left 223
1609617151600413407 : Checking image 2 border right 223

</system-out><system-err>--------------------------------- Captured Err ---------------------------------

</system-err></testcase><testcase classname="tests.test_images" name="test_2_pages_2_contours_png" time="20.979"><system-out>--------------------------------- Captured Log ---------------------------------

--------------------------------- Captured Out ---------------------------------
/home/runner/work/ocr-book/ocr-book/tests/2-pages-2-contours.png
1609617162916218965 : Checking separation double page angle 90.09036871657068
1609617162916328867 : Checking separation double page y=0 2486
1609617163492323742 : Checking page rotation 1 0.0
1609617164643571784 : Checking page rotation 2 0.2
1609617165522120523 : Checking image 1 crop x1 1191
1609617165522241924 : Checking image 1 crop y1 1750
1609617165522276125 : Checking image 1 crop x2 1192
1609617165522306225 : Checking image 1 crop y2 1751
1609617167528147316 : Checking image 2 crop x1 99
1609617167528267818 : Checking image 2 crop y1 240
1609617167528306018 : Checking image 2 crop x2 2147
1609617167528340519 : Checking image 2 crop y2 3240
1609617167528513121 : Checking image 1 dpi 300
1609617167528576621 : Checking image 1 border top 1752
1609617167528610322 : Checking image 1 border bottom 1753
1609617167528641422 : Checking image 1 border left 1239
1609617167528673023 : Checking image 1 border right 1239
1609617167530115940 : Checking image 2 dpi 300
1609617167530214841 : Checking image 2 border top 229
1609617167530249842 : Checking image 2 border bottom 258
1609617167530281642 : Checking image 2 border left 206
1609617167530312942 : Checking image 2 border right 206

</system-out><system-err>--------------------------------- Captured Err ---------------------------------

</system-err></testcase><testcase classname="tests.test_images" name="test_image_failed_to_rotate_png" time="39.449"><system-out>--------------------------------- Captured Log ---------------------------------

--------------------------------- Captured Out ---------------------------------
/home/runner/work/ocr-book/ocr-book/tests/image_failed_to_rotate.png
1609617178635711866 : Checking separation double page angle 90.26767669076624
1609617178635819468 : Checking separation double page y=0 2480
1609617180782945572 : Checking page rotation 1 0.45
1609617182031242190 : Checking page rotation 2 0.2
1609617188165063945 : Checking image 1 crop x1 31
1609617188165200447 : Checking image 1 crop y1 1
1609617188165241947 : Checking image 1 crop x2 2478
1609617188165278847 : Checking image 1 crop y2 3504
1609617190946223887 : Checking image 2 crop x1 169
1609617190946367289 : Checking image 2 crop y1 231
1609617190946409089 : Checking image 2 crop x2 2257
1609617190946446889 : Checking image 2 crop y2 3358
1609617190946632192 : Checking image 1 dpi 300
1609617190946719993 : Checking image 1 border top 2
1609617190946758193 : Checking image 1 border bottom 2
1609617190946792094 : Checking image 1 border left 17
1609617190946826294 : Checking image 1 border right 17
1609617190949390525 : Checking image 2 dpi 300
1609617190949491026 : Checking image 2 border top 218
1609617190949527227 : Checking image 2 border bottom 142
1609617190949561727 : Checking image 2 border left 186
1609617190949599728 : Checking image 2 border right 186

</system-out><system-err>--------------------------------- Captured Err ---------------------------------

</system-err></testcase><testcase classname="tests.test_images" name="test_wrong_split_line_png" time="25.941"><system-out>--------------------------------- Captured Log ---------------------------------

--------------------------------- Captured Out ---------------------------------
/home/runner/work/ocr-book/ocr-book/tests/wrong_split_line.png
1609617187717156927 : Checking separation double page angle 89.93395720607973
1609617187717270028 : Checking separation double page y=0 2465
1609617188799531020 : Checking page rotation 1 -0.04999999999999689
1609617189935975566 : Checking page rotation 2 0.5499999999999999
1609617191323166746 : Checking image 1 crop x1 211
1609617191323290948 : Checking image 1 crop y1 156
1609617191323330548 : Checking image 1 crop x2 2323
1609617191323367349 : Checking image 1 crop y2 3363
1609617193465839065 : Checking image 2 crop x1 125
1609617193465964066 : Checking image 2 crop y1 166
1609617193466005467 : Checking image 2 crop x2 2236
1609617193466043967 : Checking image 2 crop y2 3373
1609617193466265270 : Checking image 1 dpi 300
1609617193466336071 : Checking image 1 border top 134
1609617193466371671 : Checking image 1 border bottom 146
1609617193466406572 : Checking image 1 border left 174
1609617193466440472 : Checking image 1 border right 174
1609617193468290995 : Checking image 2 dpi 300
1609617193468375296 : Checking image 2 border top 146
1609617193468414196 : Checking image 2 border bottom 134
1609617193468448696 : Checking image 2 border left 174
1609617193468482197 : Checking image 2 border right 174

</system-out><system-err>--------------------------------- Captured Err ---------------------------------

</system-err></testcase><testcase classname="tests.test_images" name="test_image_failed_to_crop_data_png" time="53.478"><system-out>--------------------------------- Captured Log ---------------------------------

--------------------------------- Captured Out ---------------------------------
/home/runner/work/ocr-book/ocr-book/tests/image_failed_to_crop_data.png
1609617223777226592 : Checking separation double page angle 90.053197600644
1609617223777342794 : Checking separation double page y=0 2480
1609617229244428614 : Checking page rotation 1 0.15000000000000002
1609617230423922299 : Checking page rotation 2 0.0
1609617241752530579 : Checking image 1 crop x1 51
1609617241752666481 : Checking image 1 crop y1 7
1609617241752708881 : Checking image 1 crop x2 2478
1609617241752745882 : Checking image 1 crop y2 3505
1609617244467078447 : Checking image 2 crop x1 160
1609617244467218649 : Checking image 2 crop y1 217
1609617244467259150 : Checking image 2 crop x2 2242
1609617244467296050 : Checking image 2 crop y2 3350
1609617244467474452 : Checking image 1 dpi 300
1609617244467558053 : Checking image 1 border top 5
1609617244467594354 : Checking image 1 border bottom 5
1609617244467627954 : Checking image 1 border left 27
1609617244467662754 : Checking image 1 border right 27
1609617244470047383 : Checking image 2 dpi 300
1609617244470142384 : Checking image 2 border top 206
1609617244470178085 : Checking image 2 border bottom 148
1609617244470251886 : Checking image 2 border left 189
1609617244470286186 : Checking image 2 border right 189

</system-out><system-err>--------------------------------- Captured Err ---------------------------------

</system-err></testcase><testcase classname="tests.test_images" name="test_crop_too_much_png" time="42.532"><system-out>--------------------------------- Captured Log ---------------------------------

--------------------------------- Captured Out ---------------------------------
/home/runner/work/ocr-book/ocr-book/tests/crop_too_much.png
1609617228636332849 : Checking separation double page angle 90.13239409272954
1609617228636445851 : Checking separation double page y=0 2455
1609617230386625347 : Checking page rotation 1 0.0
1609617232092410506 : Checking page rotation 2 0.2
1609617234336864488 : Checking image 1 crop x1 303
1609617234336989489 : Checking image 1 crop y1 148
1609617234337030090 : Checking image 1 crop x2 2313
1609617234337065190 : Checking image 1 crop y2 3351
1609617235982548114 : Checking image 2 crop x1 162
1609617235982673916 : Checking image 2 crop y1 151
1609617235982714116 : Checking image 2 crop x2 2186
1609617235982751417 : Checking image 2 crop y2 3363
1609617235982931719 : Checking image 1 dpi 300
1609617235982998620 : Checking image 1 border top 132
1609617235983033420 : Checking image 1 border bottom 152
1609617235983067821 : Checking image 1 border left 225
1609617235983101421 : Checking image 1 border right 225
1609617235984933043 : Checking image 2 dpi 300
1609617235985010644 : Checking image 2 border top 132
1609617235985048745 : Checking image 2 border bottom 143
1609617235985082945 : Checking image 2 border left 218
1609617235985116445 : Checking image 2 border right 218

</system-out><system-err>--------------------------------- Captured Err ---------------------------------

</system-err></testcase><testcase classname="tests.test_images" name="test_crop_too_few_png" time="27.215"><system-out>--------------------------------- Captured Log ---------------------------------

--------------------------------- Captured Out ---------------------------------
/home/runner/work/ocr-book/ocr-book/tests/crop_too_few.png
1609617257255858279 : Checking separation double page angle 89.54670238452755
1609617257255966780 : Checking separation double page y=0 2512
1609617258291546030 : Checking page rotation 1 -0.6000000000000009
1609617259635112163 : Checking page rotation 2 0.0
1609617261338020463 : Checking image 1 crop x1 263
1609617261338148365 : Checking image 1 crop y1 150
1609617261338213165 : Checking image 1 crop x2 2379
1609617261338252966 : Checking image 1 crop y2 3358
1609617263224790499 : Checking image 2 crop x1 137
1609617263224917500 : Checking image 2 crop y1 141
1609617263224957401 : Checking image 2 crop x2 2259
1609617263224994401 : Checking image 2 crop y2 3345
1609617263225185503 : Checking image 1 dpi 300
1609617263225256904 : Checking image 1 border top 130
1609617263225291605 : Checking image 1 border bottom 149
1609617263225325605 : Checking image 1 border left 172
1609617263225359506 : Checking image 1 border right 172
1609617263227270329 : Checking image 2 dpi 300
1609617263227357330 : Checking image 2 border top 130
1609617263227394830 : Checking image 2 border bottom 153
1609617263227429431 : Checking image 2 border left 169
1609617263227463031 : Checking image 2 border right 169

</system-out><system-err>--------------------------------- Captured Err ---------------------------------

</system-err></testcase><testcase classname="tests.test_images" name="test_wrong_angle_split_line_png" time="32.474"><system-out>--------------------------------- Captured Log ---------------------------------

--------------------------------- Captured Out ---------------------------------
/home/runner/work/ocr-book/ocr-book/tests/wrong_angle_split_line.png
1609617263042115078 : Checking separation double page angle 90.09193420006348
1609617263042260680 : Checking separation double page y=0 2478
1609617264382851276 : Checking page rotation 1 0.1
1609617265697518057 : Checking page rotation 2 0.1
1609617271659204035 : Checking image 1 crop x1 58
1609617271659341337 : Checking image 1 crop y1 6
1609617271659383337 : Checking image 1 crop x2 2476
1609617271659418638 : Checking image 1 crop y2 3501
1609617276229852774 : Checking image 2 crop x1 166
1609617276229992476 : Checking image 2 crop y1 218
1609617276230033176 : Checking image 2 crop x2 2244
1609617276230070077 : Checking image 2 crop y2 3349
1609617276230271579 : Checking image 1 dpi 300
1609617276230362180 : Checking image 1 border top 6
1609617276230401081 : Checking image 1 border bottom 6
1609617276230434881 : Checking image 1 border left 31
1609617276230469282 : Checking image 1 border right 31
1609617276238138175 : Checking image 2 dpi 300
1609617276238268476 : Checking image 2 border top 207
1609617276238304877 : Checking image 2 border bottom 149
1609617276238339477 : Checking image 2 border left 191
1609617276238373178 : Checking image 2 border right 191

</system-out><system-err>--------------------------------- Captured Err ---------------------------------

</system-err></testcase><testcase classname="tests.test_images" name="test_crop_too_much_2_png" time="50.155"><system-out>--------------------------------- Captured Log ---------------------------------

--------------------------------- Captured Out ---------------------------------
/home/runner/work/ocr-book/ocr-book/tests/crop_too_much_2.png
1609617304514618817 : Checking separation double page angle 90.1149074900787
1609617304514736119 : Checking separation double page y=0 2478
1609617306295815224 : Checking page rotation 1 0.15000000000000002
1609617308341813804 : Checking page rotation 2 0.2
1609617310386288565 : Checking image 1 crop x1 330
1609617310386416167 : Checking image 1 crop y1 132
1609617310386456667 : Checking image 1 crop x2 2342
1609617310386492568 : Checking image 1 crop y2 3335
1609617313344232189 : Checking image 2 crop x1 162
1609617313344360491 : Checking image 2 crop y1 139
1609617313344401391 : Checking image 2 crop x2 2175
1609617313344438792 : Checking image 2 crop y2 3345
1609617313344631694 : Checking image 1 dpi 300
1609617313344702395 : Checking image 1 border top 122
1609617313344737295 : Checking image 1 border bottom 162
1609617313344771896 : Checking image 1 border left 224
1609617313344806396 : Checking image 1 border right 224
1609617313346780720 : Checking image 2 dpi 300
1609617313346875421 : Checking image 2 border top 130
1609617313346911722 : Checking image 2 border bottom 151
1609617313346946122 : Checking image 2 border left 223
1609617313346979723 : Checking image 2 border right 223

</system-out><system-err>--------------------------------- Captured Err ---------------------------------

</system-err></testcase><testcase classname="tests.test_images" name="test_angle_page_lower_split_line_png" time="33.545"><system-out>--------------------------------- Captured Log ---------------------------------

--------------------------------- Captured Out ---------------------------------
/home/runner/work/ocr-book/ocr-book/tests/angle_page_lower_split_line.png
1609617302901141341 : Checking separation double page angle 89.74927707086691
1609617302901255842 : Checking separation double page y=0 2474
1609617304400311431 : Checking page rotation 1 -0.14999999999999067
1609617306047898421 : Checking page rotation 2 0.1
1609617308416521209 : Checking image 1 crop x1 241
1609617308416661710 : Checking image 1 crop y1 156
1609617308416702211 : Checking image 1 crop x2 2357
1609617308416739811 : Checking image 1 crop y2 3368
1609617310564578824 : Checking image 2 crop x1 149
1609617310564713626 : Checking image 2 crop y1 146
1609617310564753226 : Checking image 2 crop x2 2259
1609617310564791227 : Checking image 2 crop y2 3351
1609617310564966729 : Checking image 1 dpi 300
1609617310565047330 : Checking image 1 border top 140
1609617310565082530 : Checking image 1 border bottom 135
1609617310565116431 : Checking image 1 border left 172
1609617310565151031 : Checking image 1 border right 172
1609617310567541860 : Checking image 2 dpi 300
1609617310567638861 : Checking image 2 border top 129
1609617310567678362 : Checking image 2 border bottom 152
1609617310567712362 : Checking image 2 border left 175
1609617310567746463 : Checking image 2 border right 175

</system-out><system-err>--------------------------------- Captured Err ---------------------------------

</system-err></testcase><testcase classname="tests.test_images" name="test_wrong_wave_split_line_png" time="47.806"><system-out>--------------------------------- Captured Log ---------------------------------

--------------------------------- Captured Out ---------------------------------
/home/runner/work/ocr-book/ocr-book/tests/wrong_wave_split_line.png
1609617345977367234 : Checking separation double page angle 90.37878604107719
1609617345977478935 : Checking separation double page y=0 2500
1609617347234891245 : Checking page rotation 1 -0.14999999999999067
1609617348555084911 : Checking page rotation 2 0.9
1609617353390944597 : Checking image 1 crop x1 385
1609617353391078199 : Checking image 1 crop y1 179
1609617353391117899 : Checking image 1 crop x2 2411
1609617353391153200 : Checking image 1 crop y2 3374
1609617358358981337 : Checking image 2 crop x1 17
1609617358359130338 : Checking image 2 crop y1 8
1609617358359172139 : Checking image 2 crop x2 2399
1609617358359210439 : Checking image 2 crop y2 3391
1609617358359364741 : Checking image 1 dpi 300
1609617358359443642 : Checking image 1 border top 173
1609617358359479543 : Checking image 1 border bottom 119
1609617358359514043 : Checking image 1 border left 217
1609617358359548243 : Checking image 1 border right 217
1609617358361916272 : Checking image 2 dpi 300
1609617358362010573 : Checking image 2 border top 0
1609617358362048074 : Checking image 2 border bottom 114
1609617358362080374 : Checking image 2 border left 49
1609617358362111674 : Checking image 2 border right 49

</system-out><system-err>--------------------------------- Captured Err ---------------------------------

</system-err></testcase><testcase classname="tests.test_images" name="test_wrong_split_line_2_png" time="48.912"><system-out>--------------------------------- Captured Log ---------------------------------

--------------------------------- Captured Out ---------------------------------
/home/runner/work/ocr-book/ocr-book/tests/wrong_split_line_2.png
1609617349069693135 : Checking separation double page angle 90.19944704411863
1609617349069804137 : Checking separation double page y=0 2437
1609617350990850470 : Checking page rotation 1 0.2
1609617352699862139 : Checking page rotation 2 0.2
1609617356272180971 : Checking image 1 crop x1 294
1609617356272307473 : Checking image 1 crop y1 136
1609617356272346273 : Checking image 1 crop x2 2325
1609617356272385174 : Checking image 1 crop y2 3376
1609617362272704321 : Checking image 2 crop x1 136
1609617362272825822 : Checking image 2 crop y1 190
1609617362272865523 : Checking image 2 crop x2 2172
1609617362272902123 : Checking image 2 crop y2 3389
1609617362273093325 : Checking image 1 dpi 300
1609617362273163926 : Checking image 1 border top 131
1609617362273198327 : Checking image 1 border bottom 116
1609617362273232027 : Checking image 1 border left 214
1609617362273266028 : Checking image 1 border right 214
1609617362275172551 : Checking image 2 dpi 300
1609617362275258452 : Checking image 2 border top 181
1609617362275294052 : Checking image 2 border bottom 107
1609617362275328053 : Checking image 2 border left 212
1609617362275362253 : Checking image 2 border right 212

</system-out><system-err>--------------------------------- Captured Err ---------------------------------

</system-err></testcase><testcase classname="tests.test_images" name="test_no_split_line_line_algo_png" time="31.662"><system-out>--------------------------------- Captured Log ---------------------------------

--------------------------------- Captured Out ---------------------------------
/home/runner/work/ocr-book/ocr-book/tests/no_split_line_line_algo.png
1609617382244480822 : Checking separation double page angle 89.47691469185418
1609617382244596723 : Checking separation double page y=0 2476
1609617383308361894 : Checking page rotation 1 -0.14999999999999067
1609617384920323998 : Checking page rotation 2 -0.14999999999999067
1609617386291045681 : Checking image 1 crop x1 205
1609617386291176682 : Checking image 1 crop y1 158
1609617386291216783 : Checking image 1 crop x2 2320
1609617386291255083 : Checking image 1 crop y2 3366
1609617390041594971 : Checking image 2 crop x1 185
1609617390041730573 : Checking image 2 crop y1 225
1609617390041773073 : Checking image 2 crop x2 2204
1609617390041810374 : Checking image 2 crop y2 3362
1609617390041991876 : Checking image 1 dpi 300
1609617390042070577 : Checking image 1 border top 144
1609617390042105577 : Checking image 1 border bottom 134
1609617390042139678 : Checking image 1 border left 172
1609617390042173878 : Checking image 1 border right 172
1609617390044581607 : Checking image 2 dpi 300
1609617390044674308 : Checking image 2 border top 223
1609617390044710209 : Checking image 2 border bottom 127
1609617390044744409 : Checking image 2 border left 220
1609617390044778409 : Checking image 2 border right 220

</system-out><system-err>--------------------------------- Captured Err ---------------------------------

</system-err></testcase><testcase classname="tests.test_images" name="test_small_wave_png" time="44.803"><system-out>--------------------------------- Captured Log ---------------------------------

--------------------------------- Captured Out ---------------------------------
/home/runner/work/ocr-book/ocr-book/tests/small_wave.png
1609617401654015031 : Checking separation double page angle 90.58816928841564
1609617401654127133 : Checking separation double page y=0 2497
1609617403259838357 : Checking page rotation 1 0.65
1609617404686221915 : Checking page rotation 2 0.65
1609617405843899421 : Checking image 1 crop x1 320
1609617405844023023 : Checking image 1 crop y1 199
1609617405844062823 : Checking image 1 crop x2 2353
1609617405844103824 : Checking image 1 crop y2 3394
1609617407078597459 : Checking image 2 crop x1 130
1609617407078714861 : Checking image 2 crop y1 222
1609617407078754561 : Checking image 2 crop x2 2163
1609617407078792862 : Checking image 2 crop y2 3420
1609617407078962864 : Checking image 1 dpi 300
1609617407079035365 : Checking image 1 border top 179
1609617407079070065 : Checking image 1 border bottom 112
1609617407079104366 : Checking image 1 border left 213
1609617407079138466 : Checking image 1 border right 213
1609617407080939288 : Checking image 2 dpi 300
1609617407081019989 : Checking image 2 border top 197
1609617407081055489 : Checking image 2 border bottom 92
1609617407081089790 : Checking image 2 border left 213
1609617407081123590 : Checking image 2 border right 213

</system-out><system-err>--------------------------------- Captured Err ---------------------------------

</system-err></testcase><testcase classname="tests.test_images" name="test_failed_split_line_line_algo_png" time="16.733"><system-out>--------------------------------- Captured Log ---------------------------------

--------------------------------- Captured Out ---------------------------------
/home/runner/work/ocr-book/ocr-book/tests/failed_split_line_line_algo.png
1609617403008043411 : Checking separation double page angle 90.04134220573248
1609617403008162212 : Checking separation double page y=0 2573
1609617403705469249 : Checking page rotation 1 -0.09999999999999377
1609617404296864204 : Checking page rotation 2 0.1
1609617405949276596 : Checking image 1 crop x1 408
1609617405949407498 : Checking image 1 crop y1 2926
1609617405949444298 : Checking image 1 crop x2 2420
1609617405949476498 : Checking image 1 crop y2 3173
1609617406803397130 : Checking image 2 crop x1 1184
1609617406803507631 : Checking image 2 crop y1 1745
1609617406803543232 : Checking image 2 crop x2 1185
1609617406803576432 : Checking image 2 crop y2 1746
1609617406803702234 : Checking image 1 dpi 300
1609617406803779634 : Checking image 1 border top 2922
1609617406803812135 : Checking image 1 border bottom 318
1609617406803844235 : Checking image 1 border left 224
1609617406803875736 : Checking image 1 border right 224
1609617406805622657 : Checking image 2 dpi 300
1609617406805703858 : Checking image 2 border top 1753
1609617406805736958 : Checking image 2 border bottom 1753
1609617406805768259 : Checking image 2 border left 1239
1609617406805799659 : Checking image 2 border right 1239

</system-out><system-err>--------------------------------- Captured Err ---------------------------------

</system-err></testcase><testcase classname="tests.test_images" name="test_failed_split_line_line_algo_2_png" time="36.800"><system-out>--------------------------------- Captured Log ---------------------------------

--------------------------------- Captured Out ---------------------------------
/home/runner/work/ocr-book/ocr-book/tests/failed_split_line_line_algo_2.png
1609617437937645019 : Checking separation double page angle 90.03068774449687
1609617437937758521 : Checking separation double page y=0 2500
1609617439470342572 : Checking page rotation 1 0.05
1609617440687984312 : Checking page rotation 2 0.5499999999999999
1609617442144718046 : Checking image 1 crop x1 271
1609617442144857347 : Checking image 1 crop y1 149
1609617442144897348 : Checking image 1 crop x2 2382
1609617442144934148 : Checking image 1 crop y2 3354
1609617443570481305 : Checking image 2 crop x1 120
1609617443570619507 : Checking image 2 crop y1 155
1609617443570658708 : Checking image 2 crop x2 2244
1609617443570695808 : Checking image 2 crop y2 3350
1609617443570881110 : Checking image 1 dpi 300
1609617443570959811 : Checking image 1 border top 141
1609617443570994812 : Checking image 1 border bottom 141
1609617443571028412 : Checking image 1 border left 174
1609617443571063612 : Checking image 1 border right 174
1609617443573445041 : Checking image 2 dpi 300
1609617443573538842 : Checking image 2 border top 140
1609617443573574343 : Checking image 2 border bottom 152
1609617443573608543 : Checking image 2 border left 168
1609617443573642344 : Checking image 2 border right 168

</system-out><system-err>--------------------------------- Captured Err ---------------------------------

</system-err></testcase><testcase classname="tests.test_images" name="test_wrong_split_line_3_png" time="33.233"><system-out>--------------------------------- Captured Log ---------------------------------

--------------------------------- Captured Out ---------------------------------
/home/runner/work/ocr-book/ocr-book/tests/wrong_split_line_3.png
1609617434536405647 : Checking separation double page angle 90.43729500214694
1609617434536518149 : Checking separation double page y=0 2498
1609617435940972650 : Checking page rotation 1 0.2
1609617437078391018 : Checking page rotation 2 0.85
1609617438563541296 : Checking image 1 crop x1 331
1609617438563658697 : Checking image 1 crop y1 166
1609617438563698497 : Checking image 1 crop x2 2377
1609617438563735298 : Checking image 1 crop y2 3375
1609617440340800009 : Checking image 2 crop x1 102
1609617440340914411 : Checking image 2 crop y1 207
1609617440340953611 : Checking image 2 crop x2 2135
1609617440340992012 : Checking image 2 crop y2 3414
1609617440341159914 : Checking image 1 dpi 300
1609617440341228914 : Checking image 1 border top 158
1609617440341264115 : Checking image 1 border bottom 120
1609617440341298015 : Checking image 1 border left 207
1609617440341331416 : Checking image 1 border right 207
1609617440343139738 : Checking image 2 dpi 300
1609617440343227439 : Checking image 2 border top 186
1609617440343264639 : Checking image 2 border bottom 94
1609617440343298439 : Checking image 2 border left 213
1609617440343331540 : Checking image 2 border right 213

</system-out><system-err>--------------------------------- Captured Err ---------------------------------

</system-err></testcase><testcase classname="tests.test_images" name="test_wrong_wave_split_line_2_png" time="39.813"><system-out>--------------------------------- Captured Log ---------------------------------

--------------------------------- Captured Out ---------------------------------
/home/runner/work/ocr-book/ocr-book/tests/wrong_wave_split_line_2.png
1609617473326337273 : Checking separation double page angle 90.7708958311329
1609617473326448874 : Checking separation double page y=0 2490
1609617474567548486 : Checking page rotation 1 0.2
1609617476103791690 : Checking page rotation 2 1.65
1609617477523202779 : Checking image 1 crop x1 227
1609617477523322081 : Checking image 1 crop y1 147
1609617477523361581 : Checking image 1 crop x2 2342
1609617477523399882 : Checking image 1 crop y2 3353
1609617480149546085 : Checking image 2 crop x1 106
1609617480149666586 : Checking image 2 crop y1 195
1609617480149714687 : Checking image 2 crop x2 2231
1609617480149748787 : Checking image 2 crop y2 3398
1609617480149906489 : Checking image 1 dpi 300
1609617480149993090 : Checking image 1 border top 136
1609617480150028291 : Checking image 1 border bottom 145
1609617480150062191 : Checking image 1 border left 172
1609617480150095592 : Checking image 1 border right 172
1609617480151951714 : Checking image 2 dpi 300
1609617480152033015 : Checking image 2 border top 165
1609617480152067915 : Checking image 2 border bottom 118
1609617480152102516 : Checking image 2 border left 167
1609617480152138416 : Checking image 2 border right 167

</system-out><system-err>--------------------------------- Captured Err ---------------------------------

</system-err></testcase><testcase classname="tests.test_images" name="test_crop_too_much_3_png" time="37.963"><system-out>--------------------------------- Captured Log ---------------------------------

--------------------------------- Captured Out ---------------------------------
/home/runner/work/ocr-book/ocr-book/tests/crop_too_much_3.png
1609617474743385615 : Checking separation double page angle 89.49330634783144
1609617474743497016 : Checking separation double page y=0 2498
1609617476035128958 : Checking page rotation 1 -0.8999999999999949
1609617477736779566 : Checking page rotation 2 -0.14999999999999067
1609617479664535411 : Checking image 1 crop x1 374
1609617479664663513 : Checking image 1 crop y1 258
1609617479664720514 : Checking image 1 crop x2 2385
1609617479664765714 : Checking image 1 crop y2 3459
1609617481542283351 : Checking image 2 crop x1 168
1609617481542420353 : Checking image 2 crop y1 228
1609617481542460853 : Checking image 2 crop x2 2181
1609617481542499254 : Checking image 2 crop y2 3417
1609617481542681956 : Checking image 1 dpi 300
1609617481542759257 : Checking image 1 border top 239
1609617481542795357 : Checking image 1 border bottom 47
1609617481542829458 : Checking image 1 border left 224
1609617481542863858 : Checking image 1 border right 224
1609617481545198386 : Checking image 2 dpi 300
1609617481545286788 : Checking image 2 border top 209
1609617481545322188 : Checking image 2 border bottom 89
1609617481545355988 : Checking image 2 border left 223
1609617481545393489 : Checking image 2 border right 223

</system-out><system-err>--------------------------------- Captured Err ---------------------------------

</system-err></testcase><testcase classname="tests.test_images" name="test_wrong_wave_split_line_3_png" time="35.603"><system-out>--------------------------------- Captured Log ---------------------------------

--------------------------------- Captured Out ---------------------------------
/home/runner/work/ocr-book/ocr-book/tests/wrong_wave_split_line_3.png
1609617510166104837 : Checking separation double page angle 90.05826063695574
1609617510166236038 : Checking separation double page y=0 2514
1609617511548566747 : Checking page rotation 1 0.0
1609617512702019589 : Checking page rotation 2 0.2
1609617514472295090 : Checking image 1 crop x1 274
1609617514472421592 : Checking image 1 crop y1 221
1609617514472460692 : Checking image 1 crop x2 2383
1609617514472495493 : Checking image 1 crop y2 3422
1609617515776158276 : Checking image 2 crop x1 112
1609617515776277478 : Checking image 2 crop y1 225
1609617515776318478 : Checking image 2 crop x2 2238
1609617515776356879 : Checking image 2 crop y2 3415
1609617515776528881 : Checking image 1 dpi 300
1609617515776598981 : Checking image 1 border top 201
1609617515776633582 : Checking image 1 border bottom 85
1609617515776667582 : Checking image 1 border left 175
1609617515776701383 : Checking image 1 border right 175
1609617515778528705 : Checking image 2 dpi 300
1609617515778611906 : Checking image 2 border top 207
1609617515778648106 : Checking image 2 border bottom 90
1609617515778682407 : Checking image 2 border left 167
1609617515778716107 : Checking image 2 border right 167

</system-out><system-err>--------------------------------- Captured Err ---------------------------------

</system-err></testcase><testcase classname="tests.test_images" name="test_no_split_line_wave_algo_png" time="52.220"><system-out>--------------------------------- Captured Log ---------------------------------

--------------------------------- Captured Out ---------------------------------
/home/runner/work/ocr-book/ocr-book/tests/no_split_line_wave_algo.png
1609617512783618176 : Checking separation double page angle 89.72500000000001
1609617512783733177 : Checking separation double page y=0 2484
1609617516461212470 : Checking page rotation 1 0.0
1609617517913412451 : Checking page rotation 2 -0.44999999999999746
1609617528086092461 : Checking image 1 crop x1 97
1609617528086202462 : Checking image 1 crop y1 79
1609617528086241162 : Checking image 1 crop x2 2494
1609617528086276363 : Checking image 1 crop y2 3505
1609617533722083459 : Checking image 2 crop x1 163
1609617533722235661 : Checking image 2 crop y1 267
1609617533722279261 : Checking image 2 crop x2 2238
1609617533722316862 : Checking image 2 crop y2 3380
1609617533722498264 : Checking image 1 dpi 300
1609617533722579265 : Checking image 1 border top 41
1609617533722614665 : Checking image 1 border bottom 41
1609617533722648666 : Checking image 1 border left 42
1609617533722683366 : Checking image 1 border right 42
1609617533725084795 : Checking image 2 dpi 300
1609617533725177096 : Checking image 2 border top 256
1609617533725214597 : Checking image 2 border bottom 118
1609617533725248497 : Checking image 2 border left 192
1609617533725282598 : Checking image 2 border right 192

</system-out><system-err>--------------------------------- Captured Err ---------------------------------

</system-err></testcase><testcase classname="tests.test_images" name="test_no_split_line_wave_algo_2_png" time="28.379"><system-out>--------------------------------- Captured Log ---------------------------------

--------------------------------- Captured Out ---------------------------------
/home/runner/work/ocr-book/ocr-book/tests/no_split_line_wave_algo_2.png
1609617538996425592 : Checking separation double page angle 90.54999999999998
1609617538996535993 : Checking separation double page y=0 2478
1609617540160913490 : Checking page rotation 1 1.0999999999999999
1609617541424817892 : Checking page rotation 2 0.2
1609617542904497006 : Checking image 1 crop x1 266
1609617542904617907 : Checking image 1 crop y1 210
1609617542904656908 : Checking image 1 crop x2 2342
1609617542904696108 : Checking image 1 crop y2 3413
1609617544153804731 : Checking image 2 crop x1 168
1609617544153928132 : Checking image 2 crop y1 241
1609617544153970133 : Checking image 2 crop x2 2251
1609617544154008733 : Checking image 2 crop y2 3433
1609617544154180635 : Checking image 1 dpi 300
1609617544154269736 : Checking image 1 border top 192
1609617544154304837 : Checking image 1 border bottom 91
1609617544154338937 : Checking image 1 border left 192
1609617544154372638 : Checking image 1 border right 192
1609617544156268160 : Checking image 2 dpi 300
1609617544156353061 : Checking image 2 border top 224
1609617544156389762 : Checking image 2 border bottom 71
1609617544156424162 : Checking image 2 border left 188
1609617544156457863 : Checking image 2 border right 188

</system-out><system-err>--------------------------------- Captured Err ---------------------------------

</system-err></testcase><testcase classname="tests.test_images" name="test_crop_too_few_2_png" time="29.905"><system-out>--------------------------------- Captured Log ---------------------------------

--------------------------------- Captured Out ---------------------------------
/home/runner/work/ocr-book/ocr-book/tests/crop_too_few_2.png
1609617557340003521 : Checking separation double page angle 90.30476192320097
1609617557340124022 : Checking separation double page y=0 2531
1609617558548827517 : Checking page rotation 1 1.0999999999999999
1609617559856946921 : Checking page rotation 2 -0.04999999999999689
1609617561630028877 : Checking image 1 crop x1 289
1609617561630164179 : Checking image 1 crop y1 165
1609617561630225980 : Checking image 1 crop x2 2400
1609617561630262580 : Checking image 1 crop y2 3367
1609617563692562695 : Checking image 2 crop x1 149
1609617563692699396 : Checking image 2 crop y1 189
1609617563692739397 : Checking image 2 crop x2 2273
1609617563692775897 : Checking image 2 crop y2 3386
1609617563692952699 : Checking image 1 dpi 300
1609617563693034400 : Checking image 1 border top 157
1609617563693070001 : Checking image 1 border bottom 128
1609617563693104001 : Checking image 1 border left 174
1609617563693139402 : Checking image 1 border right 174
1609617563695554331 : Checking image 2 dpi 300
1609617563695653932 : Checking image 2 border top 178
1609617563695692933 : Checking image 2 border bottom 112
1609617563695726933 : Checking image 2 border left 168
1609617563695760833 : Checking image 2 border right 168

</system-out><system-err>--------------------------------- Captured Err ---------------------------------

</system-err></testcase><testcase classname="tests.test_images" name="test_failed_detect_rectangle_png" time="36.013"><system-out>--------------------------------- Captured Log ---------------------------------

--------------------------------- Captured Out ---------------------------------
/home/runner/work/ocr-book/ocr-book/tests/failed_detect_rectangle.png
1609617573182245152 : Checking separation double page angle 90.19837516213148
1609617573182355354 : Checking separation double page y=0 2474
1609617574774523042 : Checking page rotation 1 0.2
1609617576648641147 : Checking page rotation 2 0.15000000000000002
1609617577928153448 : Checking image 1 crop x1 257
1609617577928285149 : Checking image 1 crop y1 201
1609617577928325950 : Checking image 1 crop x2 2333
1609617577928362650 : Checking image 1 crop y2 3402
1609617580159943573 : Checking image 2 crop x1 135
1609617580160059775 : Checking image 2 crop y1 214
1609617580160100575 : Checking image 2 crop x2 2219
1609617580160137076 : Checking image 2 crop y2 3406
1609617580160303078 : Checking image 1 dpi 300
1609617580160372079 : Checking image 1 border top 188
1609617580160406479 : Checking image 1 border bottom 97
1609617580160440279 : Checking image 1 border left 192
1609617580160473880 : Checking image 1 border right 192
1609617580162317702 : Checking image 2 dpi 300
1609617580162401003 : Checking image 2 border top 202
1609617580162436204 : Checking image 2 border bottom 93
1609617580162470604 : Checking image 2 border left 188
1609617580162504005 : Checking image 2 border right 188

</system-out><system-err>--------------------------------- Captured Err ---------------------------------

</system-err></testcase><testcase classname="tests.test_images" name="test_single_page_png" time="7.144"><system-out>--------------------------------- Captured Log ---------------------------------

--------------------------------- Captured Out ---------------------------------
/home/runner/work/ocr-book/ocr-book/tests/single_page.png
1609617567898606045 : Checking separation double page angle 90.04999999999998
1609617567898733647 : Checking separation double page y=0 2476
1609617568756446537 : Checking page rotation 1 0.0
1609617568884477488 : Checking page rotation 2 0.0
1609617570358589945 : Checking image 1 crop x1 1
1609617570358683446 : Checking image 1 crop y1 8
1609617570358717546 : Checking image 1 crop x2 2470
1609617570358749847 : Checking image 1 crop y2 3505
1609617570487493506 : Checking image 2 crop x1 0
1609617570487573207 : Checking image 2 crop y1 0
1609617570487603708 : Checking image 2 crop x2 0
1609617570487632408 : Checking image 2 crop y2 0
1609617570487696609 : Checking image 1 dpi 300
1609617570487764110 : Checking image 1 border top 5
1609617570487799710 : Checking image 1 border bottom 5
1609617570487830910 : Checking image 1 border left 6
1609617570487861811 : Checking image 1 border right 6
1609617570493732882 : Checking image 2 border top 0
1609617570493807883 : Checking image 2 border bottom 0
1609617570493834783 : Checking image 2 border left 0
1609617570493862283 : Checking image 2 border right 0

</system-out><system-err>--------------------------------- Captured Err ---------------------------------

</system-err></testcase><testcase classname="tests.test_images" name="test_wrong_split_line_4_png" time="17.610"><system-out>--------------------------------- Captured Log ---------------------------------

--------------------------------- Captured Out ---------------------------------
/home/runner/work/ocr-book/ocr-book/tests/wrong_split_line_4.png
1609617585110953901 : Checking separation double page angle 91.04999999999998
1609617585111062502 : Checking separation double page y=0 60
1609617585202180910 : Checking page rotation 1 1.0
1609617586275880772 : Checking page rotation 2 1.05
1609617586675300915 : Checking image 1 crop x1 0
1609617586675376615 : Checking image 1 crop y1 0
1609617586675406516 : Checking image 1 crop x2 0
1609617586675434816 : Checking image 1 crop y2 0
1609617588496299562 : Checking image 2 crop x1 291
1609617588496427964 : Checking image 2 crop y1 330
1609617588496465464 : Checking image 2 crop x2 2316
1609617588496500165 : Checking image 2 crop y2 3217
1609617588496674067 : Checking image 1 border top 0
1609617588496712167 : Checking image 1 border bottom 0
1609617588496743968 : Checking image 1 border left 0
1609617588496775668 : Checking image 1 border right 0
1609617588496823969 : Checking image 2 dpi 300
1609617588496893170 : Checking image 2 border top 322
1609617588496926070 : Checking image 2 border bottom 278
1609617588496956870 : Checking image 2 border left 217
1609617588496988971 : Checking image 2 border right 217

</system-out><system-err>--------------------------------- Captured Err ---------------------------------

</system-err></testcase><testcase classname="tests.test_images" name="test_no_split_line_wave_algo_3_png" time="10.523"><system-out>--------------------------------- Captured Log ---------------------------------

--------------------------------- Captured Out ---------------------------------
/home/runner/work/ocr-book/ocr-book/tests/no_split_line_wave_algo_3.png
1609617588347778564 : Checking separation double page angle 90.14999999999998
1609617588347893366 : Checking separation double page y=0 2408
1609617589266155684 : Checking page rotation 1 -0.09999999999999377
1609617589436144142 : Checking page rotation 2 0.0
1609617590256380873 : Checking image 1 crop x1 182
1609617590256472674 : Checking image 1 crop y1 2955
1609617590256507574 : Checking image 1 crop x2 2199
1609617590256539875 : Checking image 1 crop y2 3203
1609617590675141943 : Checking image 2 crop x1 0
1609617590675222044 : Checking image 2 crop y1 0
1609617590675252244 : Checking image 2 crop x2 0
1609617590675281045 : Checking image 2 crop y2 0
1609617590675348146 : Checking image 1 dpi 300
1609617590675410746 : Checking image 1 border top 2951
1609617590675443847 : Checking image 1 border bottom 288
1609617590675476247 : Checking image 1 border left 221
1609617590675508647 : Checking image 1 border right 221
1609617590685367067 : Checking image 2 border top 0
1609617590685439268 : Checking image 2 border bottom 0
1609617590685469368 : Checking image 2 border left 0
1609617590685499768 : Checking image 2 border right 0

</system-out><system-err>--------------------------------- Captured Err ---------------------------------

</system-err></testcase><testcase classname="tests.test_images" name="test_failed_split_line_line_algo_3_png" time="13.359"><system-out>--------------------------------- Captured Log ---------------------------------

--------------------------------- Captured Out ---------------------------------
/home/runner/work/ocr-book/ocr-book/tests/failed_split_line_line_algo_3.png
1609617599446904909 : Checking separation double page angle 90.0
1609617599447031211 : Checking separation double page y=0 40
1609617599514212223 : Checking page rotation 1 0.0
1609617600171107872 : Checking page rotation 2 -0.04999999999999689
1609617600437798199 : Checking image 1 crop x1 0
1609617600437875300 : Checking image 1 crop y1 0
1609617600437908200 : Checking image 1 crop x2 0
1609617600437939300 : Checking image 1 crop y2 0
1609617601866278283 : Checking image 2 crop x1 247
1609617601866369584 : Checking image 2 crop y1 153
1609617601866406985 : Checking image 2 crop x2 2260
1609617601866445485 : Checking image 2 crop y2 3360
1609617601866551986 : Checking image 1 border top 0
1609617601866588487 : Checking image 1 border bottom 0
1609617601866621787 : Checking image 1 border left 0
1609617601866654488 : Checking image 1 border right 0
1609617601866699188 : Checking image 2 dpi 300
1609617601866758889 : Checking image 2 border top 144
1609617601866792289 : Checking image 2 border bottom 136
1609617601866825390 : Checking image 2 border left 223
1609617601866858390 : Checking image 2 border right 223

</system-out><system-err>--------------------------------- Captured Err ---------------------------------

</system-err></testcase></testsuite></testsuites>