<?xml version="1.0" encoding="utf-8"?><testsuites><testsuite name="pytest" errors="0" failures="0" skipped="0" tests="36" time="449.125" timestamp="2021-05-12T13:15:51.383192" hostname="fv-az208-535"><testcase classname="tests.test_features" name="test_mock_stop_at_0" time="0.048"><system-out>--------------------------------- Captured Log ---------------------------------

--------------------------------- Captured Out ---------------------------------
/home/runner/work/diptych/diptych/tests/0001_0.png

</system-out><system-err>--------------------------------- Captured Err ---------------------------------

</system-err></testcase><testcase classname="tests.test_features" name="test_disabled_enable_debug" time="26.065"><system-out>--------------------------------- Captured Log ---------------------------------

--------------------------------- Captured Out ---------------------------------
/home/runner/work/diptych/diptych/tests/0001_debug.png
separation double page angle 90.55756528497216
separation double page y=0 2484
page rotation 1 0.65
page rotation 2 0.2
image 1 crop x1 329
image 1 crop y1 335
image 1 crop x2 2344
image 1 crop y2 3222
image 2 crop x1 171
image 2 crop y1 648
image 2 crop x2 2188
image 2 crop y2 3361
image 1 dpi 300
image 1 border top 327
image 1 border bottom 273
image 1 border left 222
image 1 border right 222
image 2 dpi 300
image 2 border top 643
image 2 border bottom 131
image 2 border left 221
image 2 border right 221

</system-out><system-err>--------------------------------- Captured Err ---------------------------------

</system-err></testcase><testcase classname="tests.test_features" name="test_mock_stop_at_2" time="18.825"><system-out>--------------------------------- Captured Log ---------------------------------

--------------------------------- Captured Out ---------------------------------
/home/runner/work/diptych/diptych/tests/0001_2.png
separation double page angle 90.55756528497216
separation double page y=0 2484
page rotation 1 0.65
page rotation 2 0.2

</system-out><system-err>--------------------------------- Captured Err ---------------------------------

</system-err></testcase><testcase classname="tests.test_features" name="test_mock_stop_at_4" time="25.130"><system-out>--------------------------------- Captured Log ---------------------------------

--------------------------------- Captured Out ---------------------------------
/home/runner/work/diptych/diptych/tests/0001_4.png
separation double page angle 90.55756528497216
separation double page y=0 2484
page rotation 1 0.65
page rotation 2 0.2
image 1 crop x1 329
image 1 crop y1 335
image 1 crop x2 2344
image 1 crop y2 3222
image 2 crop x1 171
image 2 crop y1 648
image 2 crop x2 2188
image 2 crop y2 3361
image 1 dpi 300
image 1 border top 326
image 1 border bottom 274
image 1 border left 222
image 1 border right 222
image 2 dpi 300
image 2 border top 643
image 2 border bottom 131
image 2 border left 221
image 2 border right 221

</system-out><system-err>--------------------------------- Captured Err ---------------------------------

</system-err></testcase><testcase classname="tests.test_features" name="test_mock_stop_at_1" time="14.917"><system-out>--------------------------------- Captured Log ---------------------------------

--------------------------------- Captured Out ---------------------------------
/home/runner/work/diptych/diptych/tests/0001_1.png
separation double page angle 90.55756528497216
separation double page y=0 2484

</system-out><system-err>--------------------------------- Captured Err ---------------------------------

</system-err></testcase><testcase classname="tests.test_features" name="test_mock_stop_at_3" time="24.429"><system-out>--------------------------------- Captured Log ---------------------------------

--------------------------------- Captured Out ---------------------------------
/home/runner/work/diptych/diptych/tests/0001_3.png
separation double page angle 90.55756528497216
separation double page y=0 2484
page rotation 1 0.65
page rotation 2 0.2
image 1 crop x1 329
image 1 crop y1 335
image 1 crop x2 2344
image 1 crop y2 3222
image 2 crop x1 171
image 2 crop y1 648
image 2 crop x2 2188
image 2 crop y2 3361

</system-out><system-err>--------------------------------- Captured Err ---------------------------------

</system-err></testcase><testcase classname="tests.test_images" name="test_0001_png" time="23.291"><system-out>--------------------------------- Captured Log ---------------------------------

--------------------------------- Captured Out ---------------------------------
/home/runner/work/diptych/diptych/tests/0001.png
1620825410933437026 : Checking separation double page angle 90.55756528497216
1620825410933569826 : Checking separation double page y=0 2484
1620825412254799614 : Checking page rotation 1 0.65
1620825413782014678 : Checking page rotation 2 0.2
1620825417103773808 : Checking image 1 crop x1 329
1620825417103885809 : Checking image 1 crop y1 335
1620825417103922309 : Checking image 1 crop x2 2344
1620825417103954509 : Checking image 1 crop y2 3222
1620825419982066723 : Checking image 2 crop x1 171
1620825419982187724 : Checking image 2 crop y1 648
1620825419982264424 : Checking image 2 crop x2 2188
1620825419982300524 : Checking image 2 crop y2 3361
1620825419982477025 : Checking image 1 dpi 300
1620825419982552625 : Checking image 1 border top 326
1620825419982590325 : Checking image 1 border bottom 274
1620825419982643426 : Checking image 1 border left 222
1620825419982678726 : Checking image 1 border right 222
1620825419985348836 : Checking image 2 dpi 300
1620825419985416336 : Checking image 2 border top 643
1620825419985451636 : Checking image 2 border bottom 131
1620825419985484136 : Checking image 2 border left 221
1620825419985516236 : Checking image 2 border right 221

</system-out><system-err>--------------------------------- Captured Err ---------------------------------

</system-err></testcase><testcase classname="tests.test_features" name="test_mock_stop_at_5" time="25.197"><system-out>--------------------------------- Captured Log ---------------------------------

--------------------------------- Captured Out ---------------------------------
/home/runner/work/diptych/diptych/tests/0001_5.png
separation double page angle 90.55756528497216
separation double page y=0 2484
page rotation 1 0.65
page rotation 2 0.2
image 1 crop x1 329
image 1 crop y1 335
image 1 crop x2 2344
image 1 crop y2 3222
image 2 crop x1 171
image 2 crop y1 648
image 2 crop x2 2188
image 2 crop y2 3361
image 1 dpi 300
image 1 border top 326
image 1 border bottom 274
image 1 border left 222
image 1 border right 222
image 2 dpi 300
image 2 border top 643
image 2 border bottom 131
image 2 border left 221
image 2 border right 221

</system-out><system-err>--------------------------------- Captured Err ---------------------------------

</system-err></testcase><testcase classname="tests.test_images" name="test_black_border_not_removed_png" time="25.428"><system-out>--------------------------------- Captured Log ---------------------------------

--------------------------------- Captured Out ---------------------------------
/home/runner/work/diptych/diptych/tests/black-border-not-removed.png
1620825433622393826 : Checking separation double page angle 90.01516396500199
1620825433622497626 : Checking separation double page y=0 2455
1620825434893586213 : Checking page rotation 1 0.0
1620825436630681402 : Checking page rotation 2 0.1
1620825439880327062 : Checking image 1 crop x1 297
1620825439880445563 : Checking image 1 crop y1 143
1620825439880482663 : Checking image 1 crop x2 2309
1620825439880517363 : Checking image 1 crop y2 3346
1620825445418720546 : Checking image 2 crop x1 154
1620825445418851547 : Checking image 2 crop y1 144
1620825445418904747 : Checking image 2 crop x2 2168
1620825445418958447 : Checking image 2 crop y2 3351
1620825445419133048 : Checking image 1 dpi 300
1620825445419209749 : Checking image 1 border top 131
1620825445419276249 : Checking image 1 border bottom 153
1620825445419305949 : Checking image 1 border left 224
1620825445419334749 : Checking image 1 border right 224
1620825445422405764 : Checking image 2 dpi 300
1620825445422482164 : Checking image 2 border top 133
1620825445422517765 : Checking image 2 border bottom 147
1620825445422596465 : Checking image 2 border left 223
1620825445422625465 : Checking image 2 border right 223

</system-out><system-err>--------------------------------- Captured Err ---------------------------------

</system-err></testcase><testcase classname="tests.test_images" name="test_2_pages_2_contours_png" time="17.842"><system-out>--------------------------------- Captured Log ---------------------------------

--------------------------------- Captured Out ---------------------------------
/home/runner/work/diptych/diptych/tests/2-pages-2-contours.png
1620825455347809799 : Checking separation double page angle 90.14230271514262
1620825455347951099 : Checking separation double page y=0 2488
1620825456030097021 : Checking page rotation 1 0.0
1620825457294900760 : Checking page rotation 2 0.2
1620825458326075862 : Checking image 1 crop x1 1189
1620825458326172763 : Checking image 1 crop y1 1751
1620825458326242963 : Checking image 1 crop x2 1190
1620825458326279163 : Checking image 1 crop y2 1752
1620825461170755580 : Checking image 2 crop x1 100
1620825461170862180 : Checking image 2 crop y1 240
1620825461170901880 : Checking image 2 crop x2 2148
1620825461170937380 : Checking image 2 crop y2 3240
1620825461171098181 : Checking image 1 dpi 300
1620825461171166681 : Checking image 1 border top 1752
1620825461171200481 : Checking image 1 border bottom 1753
1620825461171231782 : Checking image 1 border left 1239
1620825461171262682 : Checking image 1 border right 1239
1620825461173354290 : Checking image 2 dpi 300
1620825461173412290 : Checking image 2 border top 230
1620825461173445590 : Checking image 2 border bottom 256
1620825461173477090 : Checking image 2 border left 206
1620825461173508491 : Checking image 2 border right 206

</system-out><system-err>--------------------------------- Captured Err ---------------------------------

</system-err></testcase><testcase classname="tests.test_images" name="test_image_failed_to_rotate_png" time="31.932"><system-out>--------------------------------- Captured Log ---------------------------------

--------------------------------- Captured Out ---------------------------------
/home/runner/work/diptych/diptych/tests/image_failed_to_rotate.png
1620825462803261174 : Checking separation double page angle 90.35651650869968
1620825462803395375 : Checking separation double page y=0 2483
1620825464861928563 : Checking page rotation 1 0.45
1620825466203142488 : Checking page rotation 2 0.2
1620825472689684540 : Checking image 1 crop x1 31
1620825472689853941 : Checking image 1 crop y1 1
1620825472689905841 : Checking image 1 crop x2 2481
1620825472689995242 : Checking image 1 crop y2 3504
1620825477242975396 : Checking image 2 crop x1 171
1620825477243094297 : Checking image 2 crop y1 231
1620825477243157297 : Checking image 2 crop x2 2259
1620825477243197497 : Checking image 2 crop y2 3358
1620825477243393398 : Checking image 1 dpi 300
1620825477243484998 : Checking image 1 border top 2
1620825477243524198 : Checking image 1 border bottom 2
1620825477243557999 : Checking image 1 border left 15
1620825477243590899 : Checking image 1 border right 15
1620825477246620311 : Checking image 2 dpi 300
1620825477246719011 : Checking image 2 border top 217
1620825477246755411 : Checking image 2 border bottom 143
1620825477246788811 : Checking image 2 border left 186
1620825477246822111 : Checking image 2 border right 186

</system-out><system-err>--------------------------------- Captured Err ---------------------------------

</system-err></testcase><testcase classname="tests.test_images" name="test_wrong_split_line_png" time="20.950"><system-out>--------------------------------- Captured Log ---------------------------------

--------------------------------- Captured Out ---------------------------------
/home/runner/work/diptych/diptych/tests/wrong_split_line.png
1620825475601350286 : Checking separation double page angle 89.95895720607972
1620825475601479487 : Checking separation double page y=0 2466
1620825476852016046 : Checking page rotation 1 -0.04999999999999689
1620825477995399480 : Checking page rotation 2 0.45
1620825479592829914 : Checking image 1 crop x1 211
1620825479592958215 : Checking image 1 crop y1 156
1620825479592998715 : Checking image 1 crop x2 2323
1620825479593036615 : Checking image 1 crop y2 3363
1620825482112688006 : Checking image 2 crop x1 123
1620825482112821506 : Checking image 2 crop y1 164
1620825482112864406 : Checking image 2 crop x2 2237
1620825482112905706 : Checking image 2 crop y2 3375
1620825482113115507 : Checking image 1 dpi 300
1620825482113192508 : Checking image 1 border top 135
1620825482113233608 : Checking image 1 border bottom 145
1620825482113269108 : Checking image 1 border left 174
1620825482113304008 : Checking image 1 border right 174
1620825482116493221 : Checking image 2 dpi 300
1620825482116559821 : Checking image 2 border top 141
1620825482116596121 : Checking image 2 border bottom 135
1620825482116630521 : Checking image 2 border left 173
1620825482116684521 : Checking image 2 border right 173

</system-out><system-err>--------------------------------- Captured Err ---------------------------------

</system-err></testcase><testcase classname="tests.test_images" name="test_image_failed_to_crop_data_png" time="44.718"><system-out>--------------------------------- Captured Log ---------------------------------

--------------------------------- Captured Out ---------------------------------
/home/runner/work/diptych/diptych/tests/image_failed_to_crop_data.png
1620825499844895028 : Checking separation double page angle 90.09350257645173
1620825499845028729 : Checking separation double page y=0 2479
1620825505269197037 : Checking page rotation 1 0.15000000000000002
1620825506703047851 : Checking page rotation 2 0.05
1620825518211015371 : Checking image 1 crop x1 46
1620825518211193071 : Checking image 1 crop y1 1
1620825518211236671 : Checking image 1 crop x2 2477
1620825518211275472 : Checking image 1 crop y2 3505
1620825522009773524 : Checking image 2 crop x1 164
1620825522009887423 : Checking image 2 crop y1 217
1620825522009926723 : Checking image 2 crop x2 2245
1620825522009964323 : Checking image 2 crop y2 3350
1620825522010139121 : Checking image 1 dpi 300
1620825522010259920 : Checking image 1 border top 2
1620825522010301720 : Checking image 1 border bottom 2
1620825522010335820 : Checking image 1 border left 25
1620825522010369720 : Checking image 1 border right 25
1620825522012877401 : Checking image 2 dpi 300
1620825522012946400 : Checking image 2 border top 206
1620825522012981700 : Checking image 2 border bottom 148
1620825522013014900 : Checking image 2 border left 189
1620825522013047999 : Checking image 2 border right 189

</system-out><system-err>--------------------------------- Captured Err ---------------------------------

</system-err></testcase><testcase classname="tests.test_images" name="test_crop_too_much_png" time="30.169"><system-out>--------------------------------- Captured Log ---------------------------------

--------------------------------- Captured Out ---------------------------------
/home/runner/work/diptych/diptych/tests/crop_too_much.png
1620825499062819708 : Checking separation double page angle 90.16929865985193
1620825499062931108 : Checking separation double page y=0 2456
1620825501155049367 : Checking page rotation 1 -0.04999999999999689
1620825503033469144 : Checking page rotation 2 0.2
1620825506869359172 : Checking image 1 crop x1 302
1620825506869532473 : Checking image 1 crop y1 148
1620825506869574373 : Checking image 1 crop x2 2314
1620825506869611473 : Checking image 1 crop y2 3351
1620825512259784752 : Checking image 2 crop x1 163
1620825512259932053 : Checking image 2 crop y1 151
1620825512259973553 : Checking image 2 crop x2 2187
1620825512260010853 : Checking image 2 crop y2 3363
1620825512260177254 : Checking image 1 dpi 300
1620825512260253954 : Checking image 1 border top 133
1620825512260292454 : Checking image 1 border bottom 151
1620825512260326754 : Checking image 1 border left 224
1620825512260361555 : Checking image 1 border right 224
1620825512263655469 : Checking image 2 dpi 300
1620825512263734769 : Checking image 2 border top 132
1620825512263770869 : Checking image 2 border bottom 143
1620825512263804569 : Checking image 2 border left 218
1620825512263841570 : Checking image 2 border right 218

</system-out><system-err>--------------------------------- Captured Err ---------------------------------

</system-err></testcase><testcase classname="tests.test_images" name="test_crop_too_few_png" time="21.427"><system-out>--------------------------------- Captured Log ---------------------------------

--------------------------------- Captured Out ---------------------------------
/home/runner/work/diptych/diptych/tests/crop_too_few.png
1620825527024871523 : Checking separation double page angle 89.49492328400886
1620825527024979324 : Checking separation double page y=0 2510
1620825528101086158 : Checking page rotation 1 -0.6499999999999977
1620825529376413723 : Checking page rotation 2 0.0
1620825531957879555 : Checking image 1 crop x1 263
1620825531957998456 : Checking image 1 crop y1 150
1620825531958040356 : Checking image 1 crop x2 2377
1620825531958077456 : Checking image 1 crop y2 3357
1620825533713851515 : Checking image 2 crop x1 139
1620825533713967916 : Checking image 2 crop y1 141
1620825533714007816 : Checking image 2 crop x2 2261
1620825533714064116 : Checking image 2 crop y2 3345
1620825533714269817 : Checking image 1 dpi 300
1620825533714355117 : Checking image 1 border top 129
1620825533714396917 : Checking image 1 border bottom 150
1620825533714431417 : Checking image 1 border left 173
1620825533714465117 : Checking image 1 border right 173
1620825533717512926 : Checking image 2 dpi 300
1620825533717575026 : Checking image 2 border top 130
1620825533717609827 : Checking image 2 border bottom 153
1620825533717642827 : Checking image 2 border left 169
1620825533717675627 : Checking image 2 border right 169

</system-out><system-err>--------------------------------- Captured Err ---------------------------------

</system-err></testcase><testcase classname="tests.test_images" name="test_wrong_angle_split_line_png" time="28.657"><system-out>--------------------------------- Captured Log ---------------------------------

--------------------------------- Captured Out ---------------------------------
/home/runner/work/diptych/diptych/tests/wrong_angle_split_line.png
1620825534979693207 : Checking separation double page angle 90.08791528895468
1620825534979825007 : Checking separation double page y=0 2478
1620825536518611117 : Checking page rotation 1 0.1
1620825537923372491 : Checking page rotation 2 0.1
1620825544347861458 : Checking image 1 crop x1 58
1620825544348002358 : Checking image 1 crop y1 6
1620825544348044358 : Checking image 1 crop x2 2476
1620825544348083158 : Checking image 1 crop y2 3501
1620825549894411506 : Checking image 2 crop x1 166
1620825549894538506 : Checking image 2 crop y1 218
1620825549894581206 : Checking image 2 crop x2 2244
1620825549894638906 : Checking image 2 crop y2 3349
1620825549894821205 : Checking image 1 dpi 300
1620825549894905205 : Checking image 1 border top 6
1620825549894945205 : Checking image 1 border bottom 6
1620825549894979905 : Checking image 1 border left 31
1620825549895014005 : Checking image 1 border right 31
1620825549903322689 : Checking image 2 dpi 300
1620825549903428989 : Checking image 2 border top 209
1620825549903471689 : Checking image 2 border bottom 147
1620825549903512988 : Checking image 2 border left 191
1620825549903580588 : Checking image 2 border right 191

</system-out><system-err>--------------------------------- Captured Err ---------------------------------

</system-err></testcase><testcase classname="tests.test_images" name="test_crop_too_much_2_png" time="30.165"><system-out>--------------------------------- Captured Log ---------------------------------

--------------------------------- Captured Out ---------------------------------
/home/runner/work/diptych/diptych/tests/crop_too_much_2.png
1620825551457222089 : Checking separation double page angle 90.15285326123045
1620825551457340989 : Checking separation double page y=0 2477
1620825553450729854 : Checking page rotation 1 0.15000000000000002
1620825555667112564 : Checking page rotation 2 0.2
1620825559115802840 : Checking image 1 crop x1 330
1620825559115925341 : Checking image 1 crop y1 132
1620825559115967841 : Checking image 1 crop x2 2342
1620825559116004741 : Checking image 1 crop y2 3335
1620825563850754701 : Checking image 2 crop x1 165
1620825563850872801 : Checking image 2 crop y1 139
1620825563850928302 : Checking image 2 crop x2 2178
1620825563850967602 : Checking image 2 crop y2 3345
1620825563851170603 : Checking image 1 dpi 300
1620825563851247903 : Checking image 1 border top 121
1620825563851297103 : Checking image 1 border bottom 163
1620825563851333103 : Checking image 1 border left 224
1620825563851370304 : Checking image 1 border right 224
1620825563854725819 : Checking image 2 dpi 300
1620825563854803119 : Checking image 2 border top 129
1620825563854840919 : Checking image 2 border bottom 152
1620825563854875419 : Checking image 2 border left 223
1620825563854909720 : Checking image 2 border right 223

</system-out><system-err>--------------------------------- Captured Err ---------------------------------

</system-err></testcase><testcase classname="tests.test_images" name="test_angle_page_lower_split_line_png" time="30.660"><system-out>--------------------------------- Captured Log ---------------------------------

--------------------------------- Captured Out ---------------------------------
/home/runner/work/diptych/diptych/tests/angle_page_lower_split_line.png
1620825571841233868 : Checking separation double page angle 89.74412725181848
1620825571841502770 : Checking separation double page y=0 2472
1620825573611495951 : Checking page rotation 1 -0.14999999999999067
1620825575274261327 : Checking page rotation 2 0.1
1620825577267196187 : Checking image 1 crop x1 241
1620825577267318288 : Checking image 1 crop y1 156
1620825577267358188 : Checking image 1 crop x2 2357
1620825577267415888 : Checking image 1 crop y2 3368
1620825581404092620 : Checking image 2 crop x1 151
1620825581404210120 : Checking image 2 crop y1 146
1620825581404249220 : Checking image 2 crop x2 2261
1620825581404286521 : Checking image 2 crop y2 3351
1620825581404476422 : Checking image 1 dpi 300
1620825581404591523 : Checking image 1 border top 140
1620825581404629923 : Checking image 1 border bottom 135
1620825581404665623 : Checking image 1 border left 172
1620825581404699323 : Checking image 1 border right 172
1620825581407402839 : Checking image 2 dpi 300
1620825581407471140 : Checking image 2 border top 131
1620825581407505840 : Checking image 2 border bottom 151
1620825581407538340 : Checking image 2 border left 175
1620825581407587340 : Checking image 2 border right 175

</system-out><system-err>--------------------------------- Captured Err ---------------------------------

</system-err></testcase><testcase classname="tests.test_images" name="test_wrong_split_line_2_png" time="38.707"><system-out>--------------------------------- Captured Log ---------------------------------

--------------------------------- Captured Out ---------------------------------
/home/runner/work/diptych/diptych/tests/wrong_split_line_2.png
1620825583722842682 : Checking separation double page angle 90.23635161124103
1620825583722969683 : Checking separation double page y=0 2437
1620825586023278246 : Checking page rotation 1 0.2
1620825587774914772 : Checking page rotation 2 0.2
1620825593688762748 : Checking image 1 crop x1 294
1620825593688898545 : Checking image 1 crop y1 136
1620825593688938045 : Checking image 1 crop x2 2325
1620825593688978644 : Checking image 1 crop y2 3376
1620825602572823629 : Checking image 2 crop x1 138
1620825602572936429 : Checking image 2 crop y1 190
1620825602572977830 : Checking image 2 crop x2 2174
1620825602573016030 : Checking image 2 crop y2 3389
1620825602573186030 : Checking image 1 dpi 300
1620825602573305530 : Checking image 1 border top 131
1620825602573347831 : Checking image 1 border bottom 116
1620825602573384831 : Checking image 1 border left 214
1620825602573436531 : Checking image 1 border right 214
1620825602576683040 : Checking image 2 dpi 300
1620825602576751740 : Checking image 2 border top 181
1620825602576804240 : Checking image 2 border bottom 107
1620825602576856540 : Checking image 2 border left 212
1620825602576906840 : Checking image 2 border right 212

</system-out><system-err>--------------------------------- Captured Err ---------------------------------

</system-err></testcase><testcase classname="tests.test_images" name="test_wrong_wave_split_line_png" time="36.749"><system-out>--------------------------------- Captured Log ---------------------------------

--------------------------------- Captured Out ---------------------------------
/home/runner/work/diptych/diptych/tests/wrong_wave_split_line.png
1620825600865273914 : Checking separation double page angle 90.42461655762611
1620825600865385214 : Checking separation double page y=0 2502
1620825602520331384 : Checking page rotation 1 -0.09999999999999377
1620825604142908265 : Checking page rotation 2 0.85
1620825610932005807 : Checking image 1 crop x1 384
1620825610932140806 : Checking image 1 crop y1 178
1620825610932183606 : Checking image 1 crop x2 2412
1620825610932293406 : Checking image 1 crop y2 3374
1620825618143659712 : Checking image 2 crop x1 7
1620825618143807512 : Checking image 2 crop y1 0
1620825618143849112 : Checking image 2 crop x2 2411
1620825618143890512 : Checking image 2 crop y2 3505
1620825618144057912 : Checking image 1 dpi 300
1620825618144134612 : Checking image 1 border top 173
1620825618144174512 : Checking image 1 border bottom 118
1620825618144210412 : Checking image 1 border left 216
1620825618144245612 : Checking image 1 border right 216
1620825618146793311 : Checking image 2 dpi 300
1620825618146863711 : Checking image 2 border top 1
1620825618146900611 : Checking image 2 border bottom 1
1620825618146953111 : Checking image 2 border left 38
1620825618146987511 : Checking image 2 border right 38

</system-out><system-err>--------------------------------- Captured Err ---------------------------------

</system-err></testcase><testcase classname="tests.test_images" name="test_small_wave_png" time="26.986"><system-out>--------------------------------- Captured Log ---------------------------------

--------------------------------- Captured Out ---------------------------------
/home/runner/work/diptych/diptych/tests/small_wave.png
1620825621462378297 : Checking separation double page angle 90.56494929955075
1620825621462496496 : Checking separation double page y=0 2495
1620825623451270468 : Checking page rotation 1 0.7
1620825625125327128 : Checking page rotation 2 0.65
1620825626902131355 : Checking image 1 crop x1 322
1620825626902269555 : Checking image 1 crop y1 199
1620825626902312955 : Checking image 1 crop x2 2351
1620825626902349855 : Checking image 1 crop y2 3394
1620825629547577724 : Checking image 2 crop x1 130
1620825629547698324 : Checking image 2 crop y1 222
1620825629547743224 : Checking image 2 crop x2 2163
1620825629547785724 : Checking image 2 crop y2 3420
1620825629547969024 : Checking image 1 dpi 300
1620825629548050624 : Checking image 1 border top 181
1620825629548093124 : Checking image 1 border bottom 111
1620825629548129724 : Checking image 1 border left 215
1620825629548165724 : Checking image 1 border right 215
1620825629551446028 : Checking image 2 dpi 300
1620825629551551028 : Checking image 2 border top 197
1620825629551588928 : Checking image 2 border bottom 92
1620825629551623428 : Checking image 2 border left 213
1620825629551657728 : Checking image 2 border right 213

</system-out><system-err>--------------------------------- Captured Err ---------------------------------

</system-err></testcase><testcase classname="tests.test_images" name="test_no_split_line_line_algo_png" time="25.048"><system-out>--------------------------------- Captured Log ---------------------------------

--------------------------------- Captured Out ---------------------------------
/home/runner/work/diptych/diptych/tests/no_split_line_line_algo.png
1620825633305231744 : Checking separation double page angle 89.47691469185418
1620825633305358344 : Checking separation double page y=0 2476
1620825634412819789 : Checking page rotation 1 -0.14999999999999067
1620825636106623633 : Checking page rotation 2 -0.14999999999999067
1620825638283911447 : Checking image 1 crop x1 205
1620825638284031847 : Checking image 1 crop y1 158
1620825638284068847 : Checking image 1 crop x2 2320
1620825638284105247 : Checking image 1 crop y2 3366
1620825643215389772 : Checking image 2 crop x1 185
1620825643215507472 : Checking image 2 crop y1 225
1620825643215547272 : Checking image 2 crop x2 2204
1620825643215584672 : Checking image 2 crop y2 3362
1620825643215800072 : Checking image 1 dpi 300
1620825643215880272 : Checking image 1 border top 144
1620825643215919772 : Checking image 1 border bottom 134
1620825643215955572 : Checking image 1 border left 172
1620825643216010072 : Checking image 1 border right 172
1620825643218824172 : Checking image 2 dpi 300
1620825643218884772 : Checking image 2 border top 223
1620825643218919372 : Checking image 2 border bottom 127
1620825643218952072 : Checking image 2 border left 220
1620825643218984972 : Checking image 2 border right 220

</system-out><system-err>--------------------------------- Captured Err ---------------------------------

</system-err></testcase><testcase classname="tests.test_images" name="test_wrong_split_line_3_png" time="27.834"><system-out>--------------------------------- Captured Log ---------------------------------

--------------------------------- Captured Out ---------------------------------
/home/runner/work/diptych/diptych/tests/wrong_split_line_3.png
1620825645510532875 : Checking separation double page angle 90.40515247895009
1620825645510649875 : Checking separation double page y=0 2495
1620825647009562238 : Checking page rotation 1 0.2
1620825648195416446 : Checking page rotation 2 0.85
1620825650581470779 : Checking image 1 crop x1 331
1620825650581589279 : Checking image 1 crop y1 166
1620825650581627979 : Checking image 1 crop x2 2377
1620825650581666579 : Checking image 1 crop y2 3375
1620825657427488636 : Checking image 2 crop x1 103
1620825657427591335 : Checking image 2 crop y1 207
1620825657427667435 : Checking image 2 crop x2 2136
1620825657427705535 : Checking image 2 crop y2 3414
1620825657427921833 : Checking image 1 dpi 300
1620825657428037832 : Checking image 1 border top 158
1620825657428079632 : Checking image 1 border bottom 120
1620825657428131432 : Checking image 1 border left 207
1620825657428187231 : Checking image 1 border right 207
1620825657431021511 : Checking image 2 dpi 300
1620825657431084810 : Checking image 2 border top 199
1620825657431120310 : Checking image 2 border bottom 81
1620825657431154410 : Checking image 2 border left 213
1620825657431188210 : Checking image 2 border right 213

</system-out><system-err>--------------------------------- Captured Err ---------------------------------

</system-err></testcase><testcase classname="tests.test_images" name="test_failed_split_line_line_algo_png" time="18.659"><system-out>--------------------------------- Captured Log ---------------------------------

--------------------------------- Captured Out ---------------------------------
/home/runner/work/diptych/diptych/tests/failed_split_line_line_algo.png
1620825655621618408 : Checking separation double page angle 90.0093502548779
1620825655621729608 : Checking separation double page y=0 2574
1620825656496159220 : Checking page rotation 1 0.0
1620825657151467026 : Checking page rotation 2 0.0
1620825659944045591 : Checking image 1 crop x1 411
1620825659944171890 : Checking image 1 crop y1 2927
1620825659944210890 : Checking image 1 crop x2 2422
1620825659944246189 : Checking image 1 crop y2 3172
1620825661896915180 : Checking image 2 crop x1 1191
1620825661897024280 : Checking image 2 crop y1 1745
1620825661897059080 : Checking image 2 crop x2 1192
1620825661897091980 : Checking image 2 crop y2 1746
1620825661897236380 : Checking image 1 dpi 300
1620825661897312980 : Checking image 1 border top 2920
1620825661897367680 : Checking image 1 border bottom 322
1620825661897399880 : Checking image 1 border left 224
1620825661897431480 : Checking image 1 border right 224
1620825661899998980 : Checking image 2 dpi 300
1620825661900067280 : Checking image 2 border top 1752
1620825661900123280 : Checking image 2 border bottom 1753
1620825661900156380 : Checking image 2 border left 1239
1620825661900188580 : Checking image 2 border right 1239

</system-out><system-err>--------------------------------- Captured Err ---------------------------------

</system-err></testcase><testcase classname="tests.test_images" name="test_crop_too_much_3_png" time="23.796"><system-out>--------------------------------- Captured Log ---------------------------------

--------------------------------- Captured Out ---------------------------------
/home/runner/work/diptych/diptych/tests/crop_too_much_3.png
1620825671737427243 : Checking separation double page angle 89.5934556679346
1620825671737544143 : Checking separation double page y=0 2499
1620825672967041150 : Checking page rotation 1 -0.8999999999999949
1620825674780548715 : Checking page rotation 2 -0.04999999999999689
1620825678222778589 : Checking image 1 crop x1 374
1620825678222899890 : Checking image 1 crop y1 258
1620825678222941190 : Checking image 1 crop x2 2385
1620825678222977490 : Checking image 1 crop y2 3459
1620825681206668817 : Checking image 2 crop x1 164
1620825681206803117 : Checking image 2 crop y1 229
1620825681206843617 : Checking image 2 crop x2 2183
1620825681206881717 : Checking image 2 crop y2 3416
1620825681207057018 : Checking image 1 dpi 300
1620825681207135018 : Checking image 1 border top 239
1620825681207173518 : Checking image 1 border bottom 46
1620825681207206718 : Checking image 1 border left 224
1620825681207238718 : Checking image 1 border right 224
1620825681212419023 : Checking image 2 dpi 300
1620825681212511523 : Checking image 2 border top 210
1620825681212547823 : Checking image 2 border bottom 90
1620825681212579523 : Checking image 2 border left 220
1620825681212725823 : Checking image 2 border right 220

</system-out><system-err>--------------------------------- Captured Err ---------------------------------

</system-err></testcase><testcase classname="tests.test_images" name="test_failed_split_line_line_algo_2_png" time="25.568"><system-out>--------------------------------- Captured Log ---------------------------------

--------------------------------- Captured Out ---------------------------------
/home/runner/work/diptych/diptych/tests/failed_split_line_line_algo_2.png
1620825678237676174 : Checking separation double page angle 90.03732329462368
1620825678237788175 : Checking separation double page y=0 2499
1620825679945957393 : Checking page rotation 1 -0.09999999999999377
1620825681498631922 : Checking page rotation 2 0.5499999999999999
1620825684615447875 : Checking image 1 crop x1 273
1620825684615570575 : Checking image 1 crop y1 147
1620825684615609775 : Checking image 1 crop x2 2386
1620825684615646975 : Checking image 1 crop y2 3352
1620825687439394023 : Checking image 2 crop x1 122
1620825687439518723 : Checking image 2 crop y1 155
1620825687439560823 : Checking image 2 crop x2 2246
1620825687439602323 : Checking image 2 crop y2 3350
1620825687439785023 : Checking image 1 dpi 300
1620825687439868123 : Checking image 1 border top 137
1620825687439907923 : Checking image 1 border bottom 145
1620825687439943923 : Checking image 1 border left 173
1620825687439979423 : Checking image 1 border right 173
1620825687442390926 : Checking image 2 dpi 300
1620825687442468726 : Checking image 2 border top 133
1620825687442504226 : Checking image 2 border bottom 159
1620825687442537626 : Checking image 2 border left 168
1620825687442572926 : Checking image 2 border right 168

</system-out><system-err>--------------------------------- Captured Err ---------------------------------

</system-err></testcase><testcase classname="tests.test_images" name="test_wrong_wave_split_line_2_png" time="28.418"><system-out>--------------------------------- Captured Log ---------------------------------

--------------------------------- Captured Out ---------------------------------
/home/runner/work/diptych/diptych/tests/wrong_wave_split_line_2.png
1620825700647397866 : Checking separation double page angle 90.7708958311329
1620825700647608566 : Checking separation double page y=0 2490
1620825702097311959 : Checking page rotation 1 0.2
1620825703467925148 : Checking page rotation 2 1.65
1620825705326087815 : Checking image 1 crop x1 227
1620825705326246415 : Checking image 1 crop y1 147
1620825705326293715 : Checking image 1 crop x2 2342
1620825705326336915 : Checking image 1 crop y2 3353
1620825709636579983 : Checking image 2 crop x1 106
1620825709636688483 : Checking image 2 crop y1 195
1620825709636729683 : Checking image 2 crop x2 2231
1620825709636768083 : Checking image 2 crop y2 3398
1620825709637078383 : Checking image 1 dpi 300
1620825709637170383 : Checking image 1 border top 136
1620825709637211483 : Checking image 1 border bottom 145
1620825709637273783 : Checking image 1 border left 172
1620825709637307583 : Checking image 1 border right 172
1620825709640278483 : Checking image 2 dpi 300
1620825709640361383 : Checking image 2 border top 166
1620825709640396983 : Checking image 2 border bottom 117
1620825709640445483 : Checking image 2 border left 167
1620825709640477283 : Checking image 2 border right 167

</system-out><system-err>--------------------------------- Captured Err ---------------------------------

</system-err></testcase><testcase classname="tests.test_images" name="test_wrong_wave_split_line_3_png" time="27.571"><system-out>--------------------------------- Captured Log ---------------------------------

--------------------------------- Captured Out ---------------------------------
/home/runner/work/diptych/diptych/tests/wrong_wave_split_line_3.png
1620825707512207099 : Checking separation double page angle 90.12715931778824
1620825707512322499 : Checking separation double page y=0 2514
1620825709177463486 : Checking page rotation 1 0.05
1620825710528120176 : Checking page rotation 2 0.2
1620825712897607359 : Checking image 1 crop x1 273
1620825712897718559 : Checking image 1 crop y1 220
1620825712897770159 : Checking image 1 crop x2 2383
1620825712897806659 : Checking image 1 crop y2 3423
1620825715008949999 : Checking image 2 crop x1 116
1620825715009081099 : Checking image 2 crop y1 225
1620825715009124199 : Checking image 2 crop x2 2242
1620825715009165499 : Checking image 2 crop y2 3415
1620825715009357899 : Checking image 1 dpi 300
1620825715009440899 : Checking image 1 border top 202
1620825715009480299 : Checking image 1 border bottom 82
1620825715009515799 : Checking image 1 border left 175
1620825715009550399 : Checking image 1 border right 175
1620825715012077200 : Checking image 2 dpi 300
1620825715012141400 : Checking image 2 border top 204
1620825715012176600 : Checking image 2 border bottom 93
1620825715012209500 : Checking image 2 border left 167
1620825715012242700 : Checking image 2 border right 167

</system-out><system-err>--------------------------------- Captured Err ---------------------------------

</system-err></testcase><testcase classname="tests.test_images" name="test_no_split_line_wave_algo_png" time="38.503"><system-out>--------------------------------- Captured Log ---------------------------------

--------------------------------- Captured Out ---------------------------------
/home/runner/work/diptych/diptych/tests/no_split_line_wave_algo.png
1620825725237575164 : Checking separation double page angle 89.79018091440821
1620825725237694764 : Checking separation double page y=0 2483
1620825728466690948 : Checking page rotation 1 0.0
1620825729836923276 : Checking page rotation 2 -0.44999999999999746
1620825740854446378 : Checking image 1 crop x1 97
1620825740854543078 : Checking image 1 crop y1 74
1620825740854584478 : Checking image 1 crop x2 2489
1620825740854622878 : Checking image 1 crop y2 3505
1620825748101870019 : Checking image 2 crop x1 164
1620825748101987319 : Checking image 2 crop y1 267
1620825748102047319 : Checking image 2 crop x2 2239
1620825748102085319 : Checking image 2 crop y2 3380
1620825748102274219 : Checking image 1 dpi 300
1620825748102357119 : Checking image 1 border top 38
1620825748102397119 : Checking image 1 border bottom 38
1620825748102433619 : Checking image 1 border left 44
1620825748102468519 : Checking image 1 border right 44
1620825748105810719 : Checking image 2 dpi 300
1620825748105896919 : Checking image 2 border top 257
1620825748105938919 : Checking image 2 border bottom 117
1620825748105975619 : Checking image 2 border left 192
1620825748106011419 : Checking image 2 border right 192

</system-out><system-err>--------------------------------- Captured Err ---------------------------------

</system-err></testcase><testcase classname="tests.test_images" name="test_no_split_line_wave_algo_2_png" time="23.204"><system-out>--------------------------------- Captured Log ---------------------------------

--------------------------------- Captured Out ---------------------------------
/home/runner/work/diptych/diptych/tests/no_split_line_wave_algo_2.png
1620825730677801283 : Checking separation double page angle 90.43362571535843
1620825730677973083 : Checking separation double page y=0 2473
1620825732054141458 : Checking page rotation 1 1.05
1620825733386622127 : Checking page rotation 2 0.15000000000000002
1620825736041679564 : Checking image 1 crop x1 267
1620825736041812164 : Checking image 1 crop y1 210
1620825736041854164 : Checking image 1 crop x2 2343
1620825736041895264 : Checking image 1 crop y2 3412
1620825738235397667 : Checking image 2 crop x1 165
1620825738235517067 : Checking image 2 crop y1 241
1620825738235558467 : Checking image 2 crop x2 2250
1620825738235598567 : Checking image 2 crop y2 3433
1620825738235784367 : Checking image 1 dpi 300
1620825738235862067 : Checking image 1 border top 192
1620825738235900667 : Checking image 1 border bottom 93
1620825738235935067 : Checking image 1 border left 192
1620825738235968467 : Checking image 1 border right 192
1620825738238513166 : Checking image 2 dpi 300
1620825738238579366 : Checking image 2 border top 224
1620825738238616166 : Checking image 2 border bottom 71
1620825738238684666 : Checking image 2 border left 187
1620825738238718966 : Checking image 2 border right 187

</system-out><system-err>--------------------------------- Captured Err ---------------------------------

</system-err></testcase><testcase classname="tests.test_images" name="test_failed_detect_rectangle_png" time="23.282"><system-out>--------------------------------- Captured Log ---------------------------------

--------------------------------- Captured Out ---------------------------------
/home/runner/work/diptych/diptych/tests/failed_detect_rectangle.png
1620825755227035564 : Checking separation double page angle 90.242273842964
1620825755227163564 : Checking separation double page y=0 2475
1620825756692922092 : Checking page rotation 1 0.2
1620825758438074027 : Checking page rotation 2 0.2
1620825759887437055 : Checking image 1 crop x1 257
1620825759887568855 : Checking image 1 crop y1 201
1620825759887606955 : Checking image 1 crop x2 2333
1620825759887641255 : Checking image 1 crop y2 3402
1620825761513266887 : Checking image 2 crop x1 137
1620825761513382487 : Checking image 2 crop y1 215
1620825761513438887 : Checking image 2 crop x2 2220
1620825761513491787 : Checking image 2 crop y2 3406
1620825761513651087 : Checking image 1 dpi 300
1620825761513727687 : Checking image 1 border top 188
1620825761513763187 : Checking image 1 border bottom 98
1620825761513795287 : Checking image 1 border left 192
1620825761513826687 : Checking image 1 border right 192
1620825761516514687 : Checking image 2 dpi 300
1620825761516584387 : Checking image 2 border top 201
1620825761516619287 : Checking image 2 border bottom 95
1620825761516651687 : Checking image 2 border left 188
1620825761516683887 : Checking image 2 border right 188

</system-out><system-err>--------------------------------- Captured Err ---------------------------------

</system-err></testcase><testcase classname="tests.test_images" name="test_crop_too_few_2_png" time="23.903"><system-out>--------------------------------- Captured Log ---------------------------------

--------------------------------- Captured Out ---------------------------------
/home/runner/work/diptych/diptych/tests/crop_too_few_2.png
1620825762807168713 : Checking separation double page angle 90.35461351371423
1620825762807283913 : Checking separation double page y=0 2533
1620825764059614338 : Checking page rotation 1 1.0999999999999999
1620825765514333367 : Checking page rotation 2 0.0
1620825768767535731 : Checking image 1 crop x1 289
1620825768767648231 : Checking image 1 crop y1 165
1620825768767688631 : Checking image 1 crop x2 2400
1620825768767727431 : Checking image 1 crop y2 3367
1620825772077023602 : Checking image 2 crop x1 152
1620825772077132002 : Checking image 2 crop y1 190
1620825772077174102 : Checking image 2 crop x2 2273
1620825772077211702 : Checking image 2 crop y2 3385
1620825772077399202 : Checking image 1 dpi 300
1620825772077478102 : Checking image 1 border top 157
1620825772077518302 : Checking image 1 border bottom 128
1620825772077553702 : Checking image 1 border left 174
1620825772077588802 : Checking image 1 border right 174
1620825772080662602 : Checking image 2 dpi 300
1620825772080728102 : Checking image 2 border top 175
1620825772080764902 : Checking image 2 border bottom 116
1620825772080800202 : Checking image 2 border left 169
1620825772080851402 : Checking image 2 border right 169

</system-out><system-err>--------------------------------- Captured Err ---------------------------------

</system-err></testcase><testcase classname="tests.test_images" name="test_single_page_png" time="7.206"><system-out>--------------------------------- Captured Log ---------------------------------

--------------------------------- Captured Out ---------------------------------
/home/runner/work/diptych/diptych/tests/single_page.png
1620825765476274066 : Checking separation double page angle 89.93006318861008
1620825765476415666 : Checking separation double page y=0 2472
1620825766441253585 : Checking page rotation 1 0.0
1620825766560593887 : Checking page rotation 2 0.0
1620825768220936320 : Checking image 1 crop x1 1
1620825768221025420 : Checking image 1 crop y1 8
1620825768221061520 : Checking image 1 crop x2 2470
1620825768221095620 : Checking image 1 crop y2 3505
1620825768358505323 : Checking image 2 crop x1 0
1620825768358586323 : Checking image 2 crop y1 0
1620825768358620023 : Checking image 2 crop x2 0
1620825768358651223 : Checking image 2 crop y2 0
1620825768358718023 : Checking image 1 dpi 300
1620825768358784523 : Checking image 1 border top 5
1620825768358826423 : Checking image 1 border bottom 5
1620825768358860023 : Checking image 1 border left 6
1620825768358893923 : Checking image 1 border right 6
1620825768365972323 : Checking image 2 border top 0
1620825768366049523 : Checking image 2 border bottom 0
1620825768366082723 : Checking image 2 border left 0
1620825768366114723 : Checking image 2 border right 0

</system-out><system-err>--------------------------------- Captured Err ---------------------------------

</system-err></testcase><testcase classname="tests.test_images" name="test_wrong_split_line_4_png" time="14.521"><system-out>--------------------------------- Captured Log ---------------------------------

--------------------------------- Captured Out ---------------------------------
/home/runner/work/diptych/diptych/tests/wrong_split_line_4.png
1620825778434701360 : Checking separation double page angle 90.92587744884125
1620825778434840660 : Checking separation double page y=0 58
1620825778536506064 : Checking page rotation 1 0.5499999999999999
1620825779800310410 : Checking page rotation 2 1.0999999999999999
1620825780648992041 : Checking image 1 crop x1 0
1620825780649077041 : Checking image 1 crop y1 0
1620825780649112041 : Checking image 1 crop x2 0
1620825780649144241 : Checking image 1 crop y2 0
1620825783294516237 : Checking image 2 crop x1 290
1620825783294644437 : Checking image 2 crop y1 330
1620825783294683537 : Checking image 2 crop x2 2314
1620825783294719537 : Checking image 2 crop y2 3217
1620825783294879237 : Checking image 1 border top 0
1620825783294921237 : Checking image 1 border bottom 0
1620825783294952737 : Checking image 1 border left 0
1620825783294983537 : Checking image 1 border right 0
1620825783295047137 : Checking image 2 dpi 300
1620825783295115937 : Checking image 2 border top 322
1620825783295151137 : Checking image 2 border bottom 278
1620825783295184137 : Checking image 2 border left 218
1620825783295226537 : Checking image 2 border right 218

</system-out><system-err>--------------------------------- Captured Err ---------------------------------

</system-err></testcase><testcase classname="tests.test_images" name="test_no_split_line_wave_algo_3_png" time="12.482"><system-out>--------------------------------- Captured Log ---------------------------------

--------------------------------- Captured Out ---------------------------------
/home/runner/work/diptych/diptych/tests/no_split_line_wave_algo_3.png
1620825780486451835 : Checking separation double page angle 90.18184445198425
1620825780486575835 : Checking separation double page y=0 2405
1620825781511824072 : Checking page rotation 1 0.0
1620825781680263078 : Checking page rotation 2 0.0
1620825783962518862 : Checking image 1 crop x1 184
1620825783962634462 : Checking image 1 crop y1 2957
1620825783962671962 : Checking image 1 crop x2 2201
1620825783962705562 : Checking image 1 crop y2 3202
1620825784524256482 : Checking image 2 crop x1 0
1620825784524340582 : Checking image 2 crop y1 0
1620825784524372582 : Checking image 2 crop x2 0
1620825784524421082 : Checking image 2 crop y2 0
1620825784524497282 : Checking image 1 dpi 300
1620825784524586382 : Checking image 1 border top 2950
1620825784524624882 : Checking image 1 border bottom 292
1620825784524657882 : Checking image 1 border left 221
1620825784524690182 : Checking image 1 border right 221
1620825784533188983 : Checking image 2 border top 0
1620825784533266283 : Checking image 2 border bottom 0
1620825784533298683 : Checking image 2 border left 0
1620825784533330483 : Checking image 2 border right 0

</system-out><system-err>--------------------------------- Captured Err ---------------------------------

</system-err></testcase><testcase classname="tests.test_images" name="test_failed_split_line_line_algo_3_png" time="14.773"><system-out>--------------------------------- Captured Log ---------------------------------

--------------------------------- Captured Out ---------------------------------
/home/runner/work/diptych/diptych/tests/failed_split_line_line_algo_3.png
1620825792090954056 : Checking separation double page angle 90.02403976140027
1620825792091101556 : Checking separation double page y=0 39
1620825792163941467 : Checking page rotation 1 0.0
1620825793003003693 : Checking page rotation 2 0.0
1620825793323257243 : Checking image 1 crop x1 0
1620825793323335961 : Checking image 1 crop y1 0
1620825793323366068 : Checking image 1 crop x2 0
1620825793323393874 : Checking image 1 crop y2 0
1620825798094164067 : Checking image 2 crop x1 249
1620825798094328367 : Checking image 2 crop y1 154
1620825798094364167 : Checking image 2 crop x2 2264
1620825798094398667 : Checking image 2 crop y2 3361
1620825798094592068 : Checking image 1 border top 0
1620825798094634368 : Checking image 1 border bottom 0
1620825798094666668 : Checking image 1 border left 0
1620825798094697968 : Checking image 1 border right 0
1620825798094778968 : Checking image 2 dpi 300
1620825798094867268 : Checking image 2 border top 146
1620825798094902768 : Checking image 2 border bottom 134
1620825798094935268 : Checking image 2 border left 222
1620825798094967168 : Checking image 2 border right 222

</system-out><system-err>--------------------------------- Captured Err ---------------------------------

</system-err></testcase></testsuite></testsuites>