<?xml version="1.0" encoding="utf-8"?><testsuites><testsuite errors="0" failures="0" hostname="fv-az18-207" name="pytest" skipped="0" tests="17" time="314.397" timestamp="2020-11-22T20:31:00.393671"><testcase classname="tests.test_features" name="test_disabled_enable_debug" time="25.649"><system-out>--------------------------------- Captured Log ---------------------------------

--------------------------------- Captured Out ---------------------------------
/home/runner/work/ocr-book/ocr-book/tests/0001_debug.png
separation double page angle 90.53945493634917
separation double page y=0 2485
page rotation 1 0.75
page rotation 2 0.2
image 1 crop x1 330
image 1 crop y1 336
image 1 crop x2 2343
image 1 crop y2 3223
image 2 crop x1 169
image 2 crop y1 648
image 2 crop x2 2186
image 2 crop y2 3361
image 1 dpi 300
image 1 border top 324
image 1 border bottom 276
image 1 border left 223
image 1 border right 223
image 2 dpi 300
image 2 border top 671
image 2 border bottom 103
image 2 border left 221
image 2 border right 221

</system-out><system-err>--------------------------------- Captured Err ---------------------------------

</system-err></testcase><testcase classname="tests.test_features" name="test_mock_stop_at_0" time="0.051"><system-out>--------------------------------- Captured Log ---------------------------------

--------------------------------- Captured Out ---------------------------------
/home/runner/work/ocr-book/ocr-book/tests/0001_0.png

</system-out><system-err>--------------------------------- Captured Err ---------------------------------

</system-err></testcase><testcase classname="tests.test_features" name="test_mock_stop_at_2" time="35.516"><system-out>--------------------------------- Captured Log ---------------------------------

--------------------------------- Captured Out ---------------------------------
/home/runner/work/ocr-book/ocr-book/tests/0001_2.png
separation double page angle 90.53945493634917
separation double page y=0 2485
page rotation 1 0.75
page rotation 2 0.2

</system-out><system-err>--------------------------------- Captured Err ---------------------------------

</system-err></testcase><testcase classname="tests.test_features" name="test_mock_stop_at_1" time="20.076"><system-out>--------------------------------- Captured Log ---------------------------------

--------------------------------- Captured Out ---------------------------------
/home/runner/work/ocr-book/ocr-book/tests/0001_1.png
separation double page angle 90.53945493634917
separation double page y=0 2485

</system-out><system-err>--------------------------------- Captured Err ---------------------------------

</system-err></testcase><testcase classname="tests.test_features" name="test_mock_stop_at_3" time="36.299"><system-out>--------------------------------- Captured Log ---------------------------------

--------------------------------- Captured Out ---------------------------------
/home/runner/work/ocr-book/ocr-book/tests/0001_3.png
separation double page angle 90.53945493634917
separation double page y=0 2485
page rotation 1 0.75
page rotation 2 0.2
image 1 crop x1 330
image 1 crop y1 336
image 1 crop x2 2343
image 1 crop y2 3223
image 2 crop x1 169
image 2 crop y1 648
image 2 crop x2 2186
image 2 crop y2 3361

</system-out><system-err>--------------------------------- Captured Err ---------------------------------

</system-err></testcase><testcase classname="tests.test_features" name="test_mock_stop_at_5" time="37.776"><system-out>--------------------------------- Captured Log ---------------------------------

--------------------------------- Captured Out ---------------------------------
/home/runner/work/ocr-book/ocr-book/tests/0001_5.png
separation double page angle 90.53945493634917
separation double page y=0 2485
page rotation 1 0.75
page rotation 2 0.2
image 1 crop x1 330
image 1 crop y1 336
image 1 crop x2 2343
image 1 crop y2 3223
image 2 crop x1 169
image 2 crop y1 648
image 2 crop x2 2186
image 2 crop y2 3361
image 1 dpi 300
image 1 border top 324
image 1 border bottom 276
image 1 border left 223
image 1 border right 223
image 2 dpi 300
image 2 border top 671
image 2 border bottom 103
image 2 border left 221
image 2 border right 221

</system-out><system-err>--------------------------------- Captured Err ---------------------------------

</system-err></testcase><testcase classname="tests.test_features" name="test_mock_stop_at_4" time="37.094"><system-out>--------------------------------- Captured Log ---------------------------------

--------------------------------- Captured Out ---------------------------------
/home/runner/work/ocr-book/ocr-book/tests/0001_4.png
separation double page angle 90.53945493634917
separation double page y=0 2485
page rotation 1 0.75
page rotation 2 0.2
image 1 crop x1 330
image 1 crop y1 336
image 1 crop x2 2343
image 1 crop y2 3223
image 2 crop x1 169
image 2 crop y1 648
image 2 crop x2 2186
image 2 crop y2 3361
image 1 dpi 300
image 1 border top 324
image 1 border bottom 276
image 1 border left 223
image 1 border right 223
image 2 dpi 300
image 2 border top 671
image 2 border bottom 103
image 2 border left 221
image 2 border right 221

</system-out><system-err>--------------------------------- Captured Err ---------------------------------

</system-err></testcase><testcase classname="tests.test_images" name="test_0001_png" time="37.818"><system-out>--------------------------------- Captured Log ---------------------------------

--------------------------------- Captured Out ---------------------------------
/home/runner/work/ocr-book/ocr-book/tests/0001.png
1606077164789630464 : Checking separation double page angle 90.53945493634917
1606077164789720576 : Checking separation double page y=0 2485
1606077171045520384 : Checking page rotation 1 0.75
1606077179372134656 : Checking page rotation 2 0.2
1606077180955020800 : Checking image 1 crop x1 330
1606077180955108352 : Checking image 1 crop y1 336
1606077180955151616 : Checking image 1 crop x2 2343
1606077180955191808 : Checking image 1 crop y2 3223
1606077182759021568 : Checking image 2 crop x1 169
1606077182759111168 : Checking image 2 crop y1 648
1606077182759154944 : Checking image 2 crop x2 2186
1606077182759195136 : Checking image 2 crop y2 3361
1606077182795059200 : Checking image 1 dpi 300
1606077182795194624 : Checking image 1 border top 324
1606077182795234816 : Checking image 1 border bottom 276
1606077182795270656 : Checking image 1 border left 223
1606077182795305472 : Checking image 1 border right 223
1606077182797263104 : Checking image 2 dpi 300
1606077182797362432 : Checking image 2 border top 671
1606077182797400576 : Checking image 2 border bottom 103
1606077182797435648 : Checking image 2 border left 221
1606077182797469952 : Checking image 2 border right 221

</system-out><system-err>--------------------------------- Captured Err ---------------------------------

</system-err></testcase><testcase classname="tests.test_images" name="test_2_pages_2_contours_png" time="26.046"><system-out>--------------------------------- Captured Log ---------------------------------

--------------------------------- Captured Out ---------------------------------
/home/runner/work/ocr-book/ocr-book/tests/2-pages-2-contours.png
1606077185143369216 : Checking separation double page angle 90.15647898380502
1606077185143450880 : Checking separation double page y=0 2489
1606077187462554624 : Checking page rotation 1 0.05
1606077194210435328 : Checking page rotation 2 0.35000000000000003
1606077195057967360 : Checking image 1 crop x1 1186
1606077195058051328 : Checking image 1 crop y1 1720
1606077195058085120 : Checking image 1 crop x2 1187
1606077195058115328 : Checking image 1 crop y2 1721
1606077196488988160 : Checking image 2 crop x1 102
1606077196489073664 : Checking image 2 crop y1 240
1606077196489114112 : Checking image 2 crop x2 2149
1606077196489152000 : Checking image 2 crop y2 3239
1606077196524420352 : Checking image 1 dpi 300
1606077196524528896 : Checking image 1 border top 1753
1606077196524564480 : Checking image 1 border bottom 1753
1606077196524596480 : Checking image 1 border left 1239
1606077196524627712 : Checking image 1 border right 1239
1606077196526043392 : Checking image 2 dpi 300
1606077196526149120 : Checking image 2 border top 229
1606077196526182912 : Checking image 2 border bottom 259
1606077196526214400 : Checking image 2 border left 206
1606077196526245376 : Checking image 2 border right 206

</system-out><system-err>--------------------------------- Captured Err ---------------------------------

</system-err></testcase><testcase classname="tests.test_images" name="test_black_border_not_removed_png" time="47.244"><system-out>--------------------------------- Captured Log ---------------------------------

--------------------------------- Captured Out ---------------------------------
/home/runner/work/ocr-book/ocr-book/tests/black-border-not-removed.png
1606077209880865280 : Checking separation double page angle 89.9903688802698
1606077209880948224 : Checking separation double page y=0 2455
1606077216477752832 : Checking page rotation 1 0.0
1606077226143442176 : Checking page rotation 2 0.0
1606077227953854208 : Checking image 1 crop x1 297
1606077227953942272 : Checking image 1 crop y1 143
1606077227953985536 : Checking image 1 crop x2 2309
1606077227954025984 : Checking image 1 crop y2 3346
1606077230008806912 : Checking image 2 crop x1 156
1606077230008896768 : Checking image 2 crop y1 145
1606077230008940544 : Checking image 2 crop x2 2168
1606077230008982016 : Checking image 2 crop y2 3352
1606077230046963456 : Checking image 1 dpi 300
1606077230047093248 : Checking image 1 border top 128
1606077230047133440 : Checking image 1 border bottom 156
1606077230047169536 : Checking image 1 border left 224
1606077230047204608 : Checking image 1 border right 224
1606077230049201408 : Checking image 2 dpi 300
1606077230049302784 : Checking image 2 border top 130
1606077230049341184 : Checking image 2 border bottom 150
1606077230049376000 : Checking image 2 border left 224
1606077230049410560 : Checking image 2 border right 224

</system-out><system-err>--------------------------------- Captured Err ---------------------------------

</system-err></testcase><testcase classname="tests.test_images" name="test_image_failed_to_rotate_png" time="45.243"><system-out>--------------------------------- Captured Log ---------------------------------

--------------------------------- Captured Out ---------------------------------
/home/runner/work/ocr-book/ocr-book/tests/image_failed_to_rotate.png
1606077216431503360 : Checking separation double page angle 90.14353501543772
1606077216431589120 : Checking separation double page y=0 2476
1606077221633338880 : Checking page rotation 1 0.35000000000000003
1606077228871756800 : Checking page rotation 2 0.45
1606077239879714304 : Checking image 1 crop x1 34
1606077239879807488 : Checking image 1 crop y1 1
1606077239879846144 : Checking image 1 crop x2 2474
1606077239879881984 : Checking image 1 crop y2 3500
1606077241604961024 : Checking image 2 crop x1 171
1606077241605050112 : Checking image 2 crop y1 234
1606077241605092608 : Checking image 2 crop x2 2250
1606077241605133312 : Checking image 2 crop y2 3355
1606077241649524224 : Checking image 1 dpi 300
1606077241649652224 : Checking image 1 border top 4
1606077241649691392 : Checking image 1 border bottom 4
1606077241649725952 : Checking image 1 border left 20
1606077241649759744 : Checking image 1 border right 20
1606077241651798016 : Checking image 2 dpi 300
1606077241651895296 : Checking image 2 border top 206
1606077241651931136 : Checking image 2 border bottom 160
1606077241651965184 : Checking image 2 border left 190
1606077241651998464 : Checking image 2 border right 190

</system-out><system-err>--------------------------------- Captured Err ---------------------------------

</system-err></testcase><testcase classname="tests.test_images" name="test_image_failed_to_crop_data_png" time="45.966"><system-out>--------------------------------- Captured Log ---------------------------------

--------------------------------- Captured Out ---------------------------------
/home/runner/work/ocr-book/ocr-book/tests/image_failed_to_crop_data.png
1606077252365762304 : Checking separation double page angle 90.06228874101497
1606077252365858816 : Checking separation double page y=0 2482
1606077258184258304 : Checking page rotation 1 0.2
1606077263763045376 : Checking page rotation 2 0.05
1606077274386786816 : Checking image 1 crop x1 58
1606077274386877184 : Checking image 1 crop y1 8
1606077274386916096 : Checking image 1 crop x2 2480
1606077274386952448 : Checking image 1 crop y2 3504
1606077275900985344 : Checking image 2 crop x1 159
1606077275901073408 : Checking image 2 crop y1 217
1606077275901116928 : Checking image 2 crop x2 2240
1606077275901157632 : Checking image 2 crop y2 3350
1606077275940097280 : Checking image 1 dpi 300
1606077275940261888 : Checking image 1 border top 6
1606077275940305408 : Checking image 1 border bottom 6
1606077275940341248 : Checking image 1 border left 29
1606077275940376320 : Checking image 1 border right 29
1606077275942125056 : Checking image 2 dpi 300
1606077275942225664 : Checking image 2 border top 209
1606077275942262784 : Checking image 2 border bottom 145
1606077275942297856 : Checking image 2 border left 189
1606077275942332928 : Checking image 2 border right 189

</system-out><system-err>--------------------------------- Captured Err ---------------------------------

</system-err></testcase><testcase classname="tests.test_images" name="test_wrong_angle_split_line_png" time="58.650"><system-out>--------------------------------- Captured Log ---------------------------------

--------------------------------- Captured Out ---------------------------------
/home/runner/work/ocr-book/ocr-book/tests/wrong_angle_split_line.png
1606077269197598464 : Checking separation double page angle 90.08422009258813
1606077269197685504 : Checking separation double page y=0 2487
1606077276971822080 : Checking page rotation 1 0.0
1606077285717604864 : Checking page rotation 2 0.0
1606077297017329664 : Checking image 1 crop x1 53
1606077297017421056 : Checking image 1 crop y1 8
1606077297017458432 : Checking image 1 crop x2 2485
1606077297017494272 : Checking image 1 crop y2 3505
1606077299465094912 : Checking image 2 crop x1 154
1606077299465181696 : Checking image 2 crop y1 217
1606077299465224448 : Checking image 2 crop x2 2237
1606077299465265152 : Checking image 2 crop y2 3350
1606077299639670016 : Checking image 1 dpi 300
1606077299639808000 : Checking image 1 border top 5
1606077299639847936 : Checking image 1 border bottom 5
1606077299639883520 : Checking image 1 border left 24
1606077299639917824 : Checking image 1 border right 24
1606077299645874688 : Checking image 2 dpi 300
1606077299646013440 : Checking image 2 border top 195
1606077299646050048 : Checking image 2 border bottom 159
1606077299646084864 : Checking image 2 border left 188
1606077299646118912 : Checking image 2 border right 188

</system-out><system-err>--------------------------------- Captured Err ---------------------------------

</system-err></testcase><testcase classname="tests.test_images" name="test_angle_page_lower_split_line_png" time="33.174"><system-out>--------------------------------- Captured Log ---------------------------------

--------------------------------- Captured Out ---------------------------------
/home/runner/work/ocr-book/ocr-book/tests/angle_page_lower_split_line.png
1606077290999705600 : Checking separation double page angle 89.74710364870903
1606077290999785984 : Checking separation double page y=0 2471
1606077298754038528 : Checking page rotation 1 -0.44999999999998863
1606077305288780288 : Checking page rotation 2 0.2
1606077307180672256 : Checking image 1 crop x1 245
1606077307180757760 : Checking image 1 crop y1 161
1606077307180797696 : Checking image 1 crop x2 2351
1606077307180835584 : Checking image 1 crop y2 3364
1606077309148766720 : Checking image 2 crop x1 153
1606077309148862208 : Checking image 2 crop y1 147
1606077309148905472 : Checking image 2 crop x2 2260
1606077309148945408 : Checking image 2 crop y2 3350
1606077309188809984 : Checking image 1 dpi 300
1606077309188954880 : Checking image 1 border top 131
1606077309188995584 : Checking image 1 border bottom 152
1606077309189031680 : Checking image 1 border left 177
1606077309189066496 : Checking image 1 border right 177
1606077309190767104 : Checking image 2 dpi 300
1606077309190865920 : Checking image 2 border top 118
1606077309190903552 : Checking image 2 border bottom 166
1606077309190938112 : Checking image 2 border left 176
1606077309190972416 : Checking image 2 border right 176

</system-out><system-err>--------------------------------- Captured Err ---------------------------------

</system-err></testcase><testcase classname="tests.test_images" name="test_wrong_split_line_png" time="34.461"><system-out>--------------------------------- Captured Log ---------------------------------

--------------------------------- Captured Out ---------------------------------
/home/runner/work/ocr-book/ocr-book/tests/wrong_split_line.png
1606077320440526080 : Checking separation double page angle 89.81531182790899
1606077320440617984 : Checking separation double page y=0 2465
1606077326274242816 : Checking page rotation 1 -0.04999999999999716
1606077332168143616 : Checking page rotation 2 0.6000000000000001
1606077333529691904 : Checking image 1 crop x1 211
1606077333529784320 : Checking image 1 crop y1 156
1606077333529827840 : Checking image 1 crop x2 2323
1606077333529868032 : Checking image 1 crop y2 3363
1606077334845399040 : Checking image 2 crop x1 124
1606077334845487104 : Checking image 2 crop y1 167
1606077334845530368 : Checking image 2 crop x2 2236
1606077334845570560 : Checking image 2 crop y2 3373
1606077334882425088 : Checking image 1 dpi 300
1606077334882550272 : Checking image 1 border top 180
1606077334882588672 : Checking image 1 border bottom 100
1606077334882624000 : Checking image 1 border left 174
1606077334882658304 : Checking image 1 border right 174
1606077334884657152 : Checking image 2 dpi 300
1606077334884753408 : Checking image 2 border top 129
1606077334884790784 : Checking image 2 border bottom 152
1606077334884824832 : Checking image 2 border left 174
1606077334884858624 : Checking image 2 border right 174

</system-out><system-err>--------------------------------- Captured Err ---------------------------------

</system-err></testcase><testcase classname="tests.test_images" name="test_crop_too_much_png" time="55.159"><system-out>--------------------------------- Captured Log ---------------------------------

--------------------------------- Captured Out ---------------------------------
/home/runner/work/ocr-book/ocr-book/tests/crop_too_much.png
1606077335501574400 : Checking separation double page angle 90.14985593620918
1606077335501656576 : Checking separation double page y=0 2457
1606077348026634240 : Checking page rotation 1 0.0
1606077359273630464 : Checking page rotation 2 0.4
1606077361808309760 : Checking image 1 crop x1 303
1606077361808403200 : Checking image 1 crop y1 148
1606077361808446464 : Checking image 1 crop x2 2313
1606077361808487680 : Checking image 1 crop y2 3351
1606077364289540352 : Checking image 2 crop x1 166
1606077364289632256 : Checking image 2 crop y1 154
1606077364289676032 : Checking image 2 crop x2 2180
1606077364289716736 : Checking image 2 crop y2 3360
1606077364339676928 : Checking image 1 dpi 300
1606077364339809536 : Checking image 1 border top 116
1606077364339849728 : Checking image 1 border bottom 168
1606077364339886848 : Checking image 1 border left 225
1606077364339921664 : Checking image 1 border right 225
1606077364341646080 : Checking image 2 dpi 300
1606077364341741824 : Checking image 2 border top 95
1606077364341795328 : Checking image 2 border bottom 186
1606077364341830144 : Checking image 2 border left 223
1606077364341864704 : Checking image 2 border right 223

</system-out><system-err>--------------------------------- Captured Err ---------------------------------

</system-err></testcase><testcase classname="tests.test_images" name="test_crop_too_few_png" time="38.311"><system-out>--------------------------------- Captured Log ---------------------------------

--------------------------------- Captured Out ---------------------------------
/home/runner/work/ocr-book/ocr-book/tests/crop_too_few.png
1606077358177935616 : Checking separation double page angle 89.22405802376838
1606077358178029568 : Checking separation double page y=0 2508
1606077364348499200 : Checking page rotation 1 -0.75
1606077370388285184 : Checking page rotation 2 0.0
1606077371803879424 : Checking image 1 crop x1 265
1606077371803965952 : Checking image 1 crop y1 161
1606077371804008448 : Checking image 1 crop x2 2375
1606077371804048384 : Checking image 1 crop y2 3356
1606077373166454528 : Checking image 2 crop x1 141
1606077373166541312 : Checking image 2 crop y1 141
1606077373166583296 : Checking image 2 crop x2 2263
1606077373166623488 : Checking image 2 crop y2 3345
1606077373200938496 : Checking image 1 dpi 300
1606077373201068288 : Checking image 1 border top 84
1606077373201107712 : Checking image 1 border bottom 208
1606077373201143296 : Checking image 1 border left 175
1606077373201177600 : Checking image 1 border right 175
1606077373202876672 : Checking image 2 dpi 300
1606077373203002624 : Checking image 2 border top 130
1606077373203039488 : Checking image 2 border bottom 153
1606077373203078912 : Checking image 2 border left 169
1606077373203113472 : Checking image 2 border right 169

</system-out><system-err>--------------------------------- Captured Err ---------------------------------

</system-err></testcase></testsuite></testsuites>