<?xml version="1.0" encoding="utf-8"?><testsuites><testsuite errors="0" failures="35" hostname="fv-az18-448" name="pytest" skipped="0" tests="36" time="21.892" timestamp="2020-12-21T21:57:42.247757"><testcase classname="tests.test_features" name="test_mock_stop_at_0" time="0.043"><system-out>--------------------------------- Captured Log ---------------------------------

--------------------------------- Captured Out ---------------------------------
/home/runner/work/ocr-book/ocr-book/tests/0001_0.png

</system-out><system-err>--------------------------------- Captured Err ---------------------------------

</system-err></testcase><testcase classname="tests.test_features" name="test_disabled_enable_debug" time="1.045"><failure message="Failed: Timeout &gt;1.0s">def test_disabled_enable_debug() -&gt; None:
        """Check that enable_debug=False works."""
        tc.assertTrue(
            fsext.is_file_exists(
                get_absolute_from_current_path(__file__, "0001.png")
            )
        )
        fsext.copy_file(
            get_absolute_from_current_path(__file__, "0001.png"),
            get_absolute_from_current_path(__file__, "0001_debug.png"),
        )
        treat_file(
            SeparatePage(),
            get_absolute_from_current_path(__file__, "0001_debug.png"),
&gt;           debug=DebugImage(DebugImage.Level.OFF),
        )

tests/test_features.py:26: 
_ _ _ _ _ _ _ _ _ _ _ _ _ _ _ _ _ _ _ _ _ _ _ _ _ _ _ _ _ _ _ _ _ _ _ _ _ _ _ _ 
script.py:376: in treat_file
    debug,
script.py:301: in treat_file
    debug,
script.py:40: in split_two_waves
    debug,
debug_image.py:97: in wrapper
    return function_to_decorate(*args)
_ _ _ _ _ _ _ _ _ _ _ _ _ _ _ _ _ _ _ _ _ _ _ _ _ _ _ _ _ _ _ _ _ _ _ _ _ _ _ _ 

image = array([[255, 255, 255, ...,   0,   0,   0],
       [255, 255, 255, ...,   0,   0,   0],
       [255, 255, 255, ...,   ...,   0,   0,   0],
       [  0,   0,   0, ...,   0,   0,   0],
       [  0,   0,   0, ...,   0,   0,   0]], dtype=uint8)
param = &lt;page.find_images.FindImageParameters object at 0x7f8f82744ad0&gt;
page_angle = 0.0°, debug = &lt;debug_image.DebugImage object at 0x7f8f80f40a50&gt;

    @inc_debug
    def find_images(
        image: np.ndarray,
        param: FindImageParameters,
        page_angle: Optional[Angle],
        debug: DebugImage,
    ) -&gt; np.ndarray:
        __internal_border__ = 20
        xxx = 7
    
        debug.image(image, DebugImage.Level.DEBUG)
        gray = cv2ext.force_image_to_be_grayscale(image, (xxx, xxx))
        debug.image(gray, DebugImage.Level.DEBUG)
        blurimg_bc = cv2ext.erode_and_dilate(gray, (xxx, xxx), xxx)
        debug.image(blurimg_bc, DebugImage.Level.DEBUG)
    
        if page_angle is not None:
            mask = remove_black_border_in_image(blurimg_bc, page_angle, debug)
            image_no_border = cv2ext.apply_mask(image, mask)
            debug.image(image_no_border, DebugImage.Level.DEBUG)
            gray2 = cv2ext.force_image_to_be_grayscale(image_no_border, (xxx, xxx))
            debug.image(gray2, DebugImage.Level.DEBUG)
            blurimg_bc2 = cv2ext.erode_and_dilate(gray2, (xxx, xxx), xxx, True)
            debug.image(blurimg_bc2, DebugImage.Level.DEBUG)
            gray_no_border = blurimg_bc2
        else:
            gray_no_border = blurimg_bc
        gray_bordered = cv2.copyMakeBorder(
            gray_no_border,
            __internal_border__,
            __internal_border__,
            __internal_border__,
            __internal_border__,
            cv2.BORDER_CONSTANT,
            value=[255],
        )
        debug.image(gray_bordered, DebugImage.Level.DEBUG)
        dilated = cv2.dilate(
            gray_bordered,
            cv2.getStructuringElement(cv2.MORPH_ELLIPSE, (xxx, xxx)),
        )
        debug.image(dilated, DebugImage.Level.DEBUG)
        thresholdi = cv2ext.threshold_from_gaussian_histogram_white(dilated)
        _, threshold = cv2.threshold(
            dilated, thresholdi, 255, cv2.THRESH_BINARY_INV
        )
        debug.image(threshold, DebugImage.Level.DEBUG)
    
        morpho1 = cv2.morphologyEx(
            threshold,
            cv2.MORPH_CLOSE,
            cv2.getStructuringElement(
&gt;               cv2.MORPH_ELLIPSE, param.kernel_morphology_size
            ),
        )
E       Failed: Timeout &gt;1.0s

page/find_images.py:184: Failed</failure><system-out>--------------------------------- Captured Log ---------------------------------

--------------------------------- Captured Out ---------------------------------
/home/runner/work/ocr-book/ocr-book/tests/0001_debug.png

</system-out><system-err>--------------------------------- Captured Err ---------------------------------

~~~~~~~~~~~~~~~~~~~~~ Stack of &lt;unknown&gt; (140255151032064) ~~~~~~~~~~~~~~~~~~~~~
  File "/opt/hostedtoolcache/Python/3.7.9/x64/lib/python3.7/site-packages/execnet/gateway_base.py", line 285, in _perform_spawn
    reply.run()
  File "/opt/hostedtoolcache/Python/3.7.9/x64/lib/python3.7/site-packages/execnet/gateway_base.py", line 220, in run
    self._result = func(*args, **kwargs)
  File "/opt/hostedtoolcache/Python/3.7.9/x64/lib/python3.7/site-packages/execnet/gateway_base.py", line 967, in _thread_receiver
    msg = Message.from_io(io)
  File "/opt/hostedtoolcache/Python/3.7.9/x64/lib/python3.7/site-packages/execnet/gateway_base.py", line 432, in from_io
    header = io.read(9)  # type 1, channel 4, payload 4
  File "/opt/hostedtoolcache/Python/3.7.9/x64/lib/python3.7/site-packages/execnet/gateway_base.py", line 400, in read
    data = self._read(numbytes - len(buf))

</system-err></testcase><testcase classname="tests.test_features" name="test_mock_stop_at_2" time="1.028"><failure message="Failed: Timeout &gt;1.0s">def test_mock_stop_at_2() -&gt; None:
        """Check that stop_at 2 works."""
        tc.assertTrue(
            fsext.is_file_exists(
                get_absolute_from_current_path(__file__, "0001.png")
            )
        )
        fsext.copy_file(
            get_absolute_from_current_path(__file__, "0001.png"),
            get_absolute_from_current_path(__file__, "0001_2.png"),
        )
        fsext.del_pattern(fsext.extract_path(__file__), "0001_2.png_*")
        treat_file(
            MockDisableSeparatePage(2),
            get_absolute_from_current_path(__file__, "0001_2.png"),
&gt;           debug=DebugImage(DebugImage.Level.TOP),
        )

tests/test_features.py:208: 
_ _ _ _ _ _ _ _ _ _ _ _ _ _ _ _ _ _ _ _ _ _ _ _ _ _ _ _ _ _ _ _ _ _ _ _ _ _ _ _ 
script.py:376: in treat_file
    debug,
script.py:301: in treat_file
    debug,
tests/mock_separate_page.py:23: in split_two_waves
    return super().split_two_waves(image, parameters, debug)
script.py:40: in split_two_waves
    debug,
debug_image.py:97: in wrapper
    return function_to_decorate(*args)
_ _ _ _ _ _ _ _ _ _ _ _ _ _ _ _ _ _ _ _ _ _ _ _ _ _ _ _ _ _ _ _ _ _ _ _ _ _ _ _ 

image = array([[255, 255, 255, ...,   0,   0,   0],
       [255, 255, 255, ...,   0,   0,   0],
       [255, 255, 255, ...,   ...,   0,   0,   0],
       [  0,   0,   0, ...,   0,   0,   0],
       [  0,   0,   0, ...,   0,   0,   0]], dtype=uint8)
param = &lt;page.find_images.FindImageParameters object at 0x7f0b99d98ed0&gt;
page_angle = 0.0°, debug = &lt;debug_image.DebugImage object at 0x7f0b985988d0&gt;

    @inc_debug
    def find_images(
        image: np.ndarray,
        param: FindImageParameters,
        page_angle: Optional[Angle],
        debug: DebugImage,
    ) -&gt; np.ndarray:
        __internal_border__ = 20
        xxx = 7
    
        debug.image(image, DebugImage.Level.DEBUG)
        gray = cv2ext.force_image_to_be_grayscale(image, (xxx, xxx))
        debug.image(gray, DebugImage.Level.DEBUG)
        blurimg_bc = cv2ext.erode_and_dilate(gray, (xxx, xxx), xxx)
        debug.image(blurimg_bc, DebugImage.Level.DEBUG)
    
        if page_angle is not None:
            mask = remove_black_border_in_image(blurimg_bc, page_angle, debug)
            image_no_border = cv2ext.apply_mask(image, mask)
            debug.image(image_no_border, DebugImage.Level.DEBUG)
            gray2 = cv2ext.force_image_to_be_grayscale(image_no_border, (xxx, xxx))
            debug.image(gray2, DebugImage.Level.DEBUG)
            blurimg_bc2 = cv2ext.erode_and_dilate(gray2, (xxx, xxx), xxx, True)
            debug.image(blurimg_bc2, DebugImage.Level.DEBUG)
            gray_no_border = blurimg_bc2
        else:
            gray_no_border = blurimg_bc
        gray_bordered = cv2.copyMakeBorder(
            gray_no_border,
            __internal_border__,
            __internal_border__,
            __internal_border__,
            __internal_border__,
            cv2.BORDER_CONSTANT,
            value=[255],
        )
        debug.image(gray_bordered, DebugImage.Level.DEBUG)
        dilated = cv2.dilate(
            gray_bordered,
            cv2.getStructuringElement(cv2.MORPH_ELLIPSE, (xxx, xxx)),
        )
        debug.image(dilated, DebugImage.Level.DEBUG)
        thresholdi = cv2ext.threshold_from_gaussian_histogram_white(dilated)
        _, threshold = cv2.threshold(
            dilated, thresholdi, 255, cv2.THRESH_BINARY_INV
        )
        debug.image(threshold, DebugImage.Level.DEBUG)
    
        morpho1 = cv2.morphologyEx(
            threshold,
            cv2.MORPH_CLOSE,
            cv2.getStructuringElement(
&gt;               cv2.MORPH_ELLIPSE, param.kernel_morphology_size
            ),
        )
E       Failed: Timeout &gt;1.0s

page/find_images.py:184: Failed</failure><system-out>--------------------------------- Captured Log ---------------------------------

--------------------------------- Captured Out ---------------------------------
/home/runner/work/ocr-book/ocr-book/tests/0001_2.png

</system-out><system-err>--------------------------------- Captured Err ---------------------------------

~~~~~~~~~~~~~~~~~~~~~ Stack of &lt;unknown&gt; (139688607840000) ~~~~~~~~~~~~~~~~~~~~~
  File "/opt/hostedtoolcache/Python/3.7.9/x64/lib/python3.7/site-packages/execnet/gateway_base.py", line 285, in _perform_spawn
    reply.run()
  File "/opt/hostedtoolcache/Python/3.7.9/x64/lib/python3.7/site-packages/execnet/gateway_base.py", line 220, in run
    self._result = func(*args, **kwargs)
  File "/opt/hostedtoolcache/Python/3.7.9/x64/lib/python3.7/site-packages/execnet/gateway_base.py", line 967, in _thread_receiver
    msg = Message.from_io(io)
  File "/opt/hostedtoolcache/Python/3.7.9/x64/lib/python3.7/site-packages/execnet/gateway_base.py", line 432, in from_io
    header = io.read(9)  # type 1, channel 4, payload 4
  File "/opt/hostedtoolcache/Python/3.7.9/x64/lib/python3.7/site-packages/execnet/gateway_base.py", line 400, in read
    data = self._read(numbytes - len(buf))

</system-err></testcase><testcase classname="tests.test_features" name="test_mock_stop_at_1" time="1.049"><failure message="Failed: Timeout &gt;1.0s">def test_mock_stop_at_1() -&gt; None:
        """Check that stop_at 1 works."""
        tc.assertTrue(
            fsext.is_file_exists(
                get_absolute_from_current_path(__file__, "0001.png")
            )
        )
        fsext.copy_file(
            get_absolute_from_current_path(__file__, "0001.png"),
            get_absolute_from_current_path(__file__, "0001_1.png"),
        )
        fsext.del_pattern(fsext.extract_path(__file__), "0001_1.png_*")
        treat_file(
            MockDisableSeparatePage(1),
            get_absolute_from_current_path(__file__, "0001_1.png"),
&gt;           debug=DebugImage(DebugImage.Level.TOP),
        )

tests/test_features.py:128: 
_ _ _ _ _ _ _ _ _ _ _ _ _ _ _ _ _ _ _ _ _ _ _ _ _ _ _ _ _ _ _ _ _ _ _ _ _ _ _ _ 
script.py:376: in treat_file
    debug,
script.py:301: in treat_file
    debug,
tests/mock_separate_page.py:23: in split_two_waves
    return super().split_two_waves(image, parameters, debug)
script.py:40: in split_two_waves
    debug,
debug_image.py:97: in wrapper
    return function_to_decorate(*args)
_ _ _ _ _ _ _ _ _ _ _ _ _ _ _ _ _ _ _ _ _ _ _ _ _ _ _ _ _ _ _ _ _ _ _ _ _ _ _ _ 

image = array([[255, 255, 255, ...,   0,   0,   0],
       [255, 255, 255, ...,   0,   0,   0],
       [255, 255, 255, ...,   ...,   0,   0,   0],
       [  0,   0,   0, ...,   0,   0,   0],
       [  0,   0,   0, ...,   0,   0,   0]], dtype=uint8)
param = &lt;page.find_images.FindImageParameters object at 0x7f8f82744ad0&gt;
page_angle = 0.0°, debug = &lt;debug_image.DebugImage object at 0x7f8f8c027e10&gt;

    @inc_debug
    def find_images(
        image: np.ndarray,
        param: FindImageParameters,
        page_angle: Optional[Angle],
        debug: DebugImage,
    ) -&gt; np.ndarray:
        __internal_border__ = 20
        xxx = 7
    
        debug.image(image, DebugImage.Level.DEBUG)
        gray = cv2ext.force_image_to_be_grayscale(image, (xxx, xxx))
        debug.image(gray, DebugImage.Level.DEBUG)
        blurimg_bc = cv2ext.erode_and_dilate(gray, (xxx, xxx), xxx)
        debug.image(blurimg_bc, DebugImage.Level.DEBUG)
    
        if page_angle is not None:
            mask = remove_black_border_in_image(blurimg_bc, page_angle, debug)
            image_no_border = cv2ext.apply_mask(image, mask)
            debug.image(image_no_border, DebugImage.Level.DEBUG)
            gray2 = cv2ext.force_image_to_be_grayscale(image_no_border, (xxx, xxx))
            debug.image(gray2, DebugImage.Level.DEBUG)
            blurimg_bc2 = cv2ext.erode_and_dilate(gray2, (xxx, xxx), xxx, True)
            debug.image(blurimg_bc2, DebugImage.Level.DEBUG)
            gray_no_border = blurimg_bc2
        else:
            gray_no_border = blurimg_bc
        gray_bordered = cv2.copyMakeBorder(
            gray_no_border,
            __internal_border__,
            __internal_border__,
            __internal_border__,
            __internal_border__,
            cv2.BORDER_CONSTANT,
            value=[255],
        )
        debug.image(gray_bordered, DebugImage.Level.DEBUG)
        dilated = cv2.dilate(
            gray_bordered,
            cv2.getStructuringElement(cv2.MORPH_ELLIPSE, (xxx, xxx)),
        )
        debug.image(dilated, DebugImage.Level.DEBUG)
        thresholdi = cv2ext.threshold_from_gaussian_histogram_white(dilated)
        _, threshold = cv2.threshold(
            dilated, thresholdi, 255, cv2.THRESH_BINARY_INV
        )
        debug.image(threshold, DebugImage.Level.DEBUG)
    
        morpho1 = cv2.morphologyEx(
            threshold,
            cv2.MORPH_CLOSE,
            cv2.getStructuringElement(
                cv2.MORPH_ELLIPSE, param.kernel_morphology_size
            ),
        )
        debug.image(morpho1, DebugImage.Level.DEBUG)
        morpho2 = cv2.morphologyEx(
            morpho1,
            cv2.MORPH_OPEN,
            cv2.getStructuringElement(
&gt;               cv2.MORPH_ELLIPSE, param.kernel_morphology_size
            ),
        )
E       Failed: Timeout &gt;1.0s

page/find_images.py:192: Failed</failure><system-out>--------------------------------- Captured Log ---------------------------------

--------------------------------- Captured Out ---------------------------------
/home/runner/work/ocr-book/ocr-book/tests/0001_1.png

</system-out><system-err>--------------------------------- Captured Err ---------------------------------

~~~~~~~~~~~~~~~~~~~~~ Stack of &lt;unknown&gt; (140255151032064) ~~~~~~~~~~~~~~~~~~~~~
  File "/opt/hostedtoolcache/Python/3.7.9/x64/lib/python3.7/site-packages/execnet/gateway_base.py", line 285, in _perform_spawn
    reply.run()
  File "/opt/hostedtoolcache/Python/3.7.9/x64/lib/python3.7/site-packages/execnet/gateway_base.py", line 220, in run
    self._result = func(*args, **kwargs)
  File "/opt/hostedtoolcache/Python/3.7.9/x64/lib/python3.7/site-packages/execnet/gateway_base.py", line 967, in _thread_receiver
    msg = Message.from_io(io)
  File "/opt/hostedtoolcache/Python/3.7.9/x64/lib/python3.7/site-packages/execnet/gateway_base.py", line 432, in from_io
    header = io.read(9)  # type 1, channel 4, payload 4
  File "/opt/hostedtoolcache/Python/3.7.9/x64/lib/python3.7/site-packages/execnet/gateway_base.py", line 400, in read
    data = self._read(numbytes - len(buf))

</system-err></testcase><testcase classname="tests.test_features" name="test_mock_stop_at_4" time="1.005"><failure message="Failed: Timeout &gt;1.0s">def test_mock_stop_at_4() -&gt; None:
        """Check that stop_at 4 works."""
        tc.assertTrue(
            fsext.is_file_exists(
                get_absolute_from_current_path(__file__, "0001.png")
            )
        )
        fsext.copy_file(
            get_absolute_from_current_path(__file__, "0001.png"),
            get_absolute_from_current_path(__file__, "0001_4.png"),
        )
        fsext.del_pattern(fsext.extract_path(__file__), "0001_4.png_*")
        treat_file(
            MockDisableSeparatePage(4),
            get_absolute_from_current_path(__file__, "0001_4.png"),
&gt;           debug=DebugImage(DebugImage.Level.TOP),
        )

tests/test_features.py:368: 
_ _ _ _ _ _ _ _ _ _ _ _ _ _ _ _ _ _ _ _ _ _ _ _ _ _ _ _ _ _ _ _ _ _ _ _ _ _ _ _ 
script.py:376: in treat_file
    debug,
script.py:301: in treat_file
    debug,
tests/mock_separate_page.py:23: in split_two_waves
    return super().split_two_waves(image, parameters, debug)
script.py:40: in split_two_waves
    debug,
debug_image.py:97: in wrapper
    return function_to_decorate(*args)
_ _ _ _ _ _ _ _ _ _ _ _ _ _ _ _ _ _ _ _ _ _ _ _ _ _ _ _ _ _ _ _ _ _ _ _ _ _ _ _ 

image = array([[255, 255, 255, ...,   0,   0,   0],
       [255, 255, 255, ...,   0,   0,   0],
       [255, 255, 255, ...,   ...,   0,   0,   0],
       [  0,   0,   0, ...,   0,   0,   0],
       [  0,   0,   0, ...,   0,   0,   0]], dtype=uint8)
param = &lt;page.find_images.FindImageParameters object at 0x7f0b99d98ed0&gt;
page_angle = 0.0°, debug = &lt;debug_image.DebugImage object at 0x7f0b99f5a190&gt;

    @inc_debug
    def find_images(
        image: np.ndarray,
        param: FindImageParameters,
        page_angle: Optional[Angle],
        debug: DebugImage,
    ) -&gt; np.ndarray:
        __internal_border__ = 20
        xxx = 7
    
        debug.image(image, DebugImage.Level.DEBUG)
        gray = cv2ext.force_image_to_be_grayscale(image, (xxx, xxx))
        debug.image(gray, DebugImage.Level.DEBUG)
        blurimg_bc = cv2ext.erode_and_dilate(gray, (xxx, xxx), xxx)
        debug.image(blurimg_bc, DebugImage.Level.DEBUG)
    
        if page_angle is not None:
            mask = remove_black_border_in_image(blurimg_bc, page_angle, debug)
            image_no_border = cv2ext.apply_mask(image, mask)
            debug.image(image_no_border, DebugImage.Level.DEBUG)
            gray2 = cv2ext.force_image_to_be_grayscale(image_no_border, (xxx, xxx))
            debug.image(gray2, DebugImage.Level.DEBUG)
            blurimg_bc2 = cv2ext.erode_and_dilate(gray2, (xxx, xxx), xxx, True)
            debug.image(blurimg_bc2, DebugImage.Level.DEBUG)
            gray_no_border = blurimg_bc2
        else:
            gray_no_border = blurimg_bc
        gray_bordered = cv2.copyMakeBorder(
            gray_no_border,
            __internal_border__,
            __internal_border__,
            __internal_border__,
            __internal_border__,
            cv2.BORDER_CONSTANT,
            value=[255],
        )
        debug.image(gray_bordered, DebugImage.Level.DEBUG)
        dilated = cv2.dilate(
            gray_bordered,
            cv2.getStructuringElement(cv2.MORPH_ELLIPSE, (xxx, xxx)),
        )
        debug.image(dilated, DebugImage.Level.DEBUG)
        thresholdi = cv2ext.threshold_from_gaussian_histogram_white(dilated)
        _, threshold = cv2.threshold(
            dilated, thresholdi, 255, cv2.THRESH_BINARY_INV
        )
        debug.image(threshold, DebugImage.Level.DEBUG)
    
        morpho1 = cv2.morphologyEx(
            threshold,
            cv2.MORPH_CLOSE,
            cv2.getStructuringElement(
                cv2.MORPH_ELLIPSE, param.kernel_morphology_size
            ),
        )
        debug.image(morpho1, DebugImage.Level.DEBUG)
        morpho2 = cv2.morphologyEx(
            morpho1,
            cv2.MORPH_OPEN,
            cv2.getStructuringElement(
&gt;               cv2.MORPH_ELLIPSE, param.kernel_morphology_size
            ),
        )
E       Failed: Timeout &gt;1.0s

page/find_images.py:192: Failed</failure><system-out>--------------------------------- Captured Log ---------------------------------

--------------------------------- Captured Out ---------------------------------
/home/runner/work/ocr-book/ocr-book/tests/0001_4.png

</system-out><system-err>--------------------------------- Captured Err ---------------------------------

~~~~~~~~~~~~~~~~~~~~~ Stack of &lt;unknown&gt; (139688607840000) ~~~~~~~~~~~~~~~~~~~~~
  File "/opt/hostedtoolcache/Python/3.7.9/x64/lib/python3.7/site-packages/execnet/gateway_base.py", line 285, in _perform_spawn
    reply.run()
  File "/opt/hostedtoolcache/Python/3.7.9/x64/lib/python3.7/site-packages/execnet/gateway_base.py", line 220, in run
    self._result = func(*args, **kwargs)
  File "/opt/hostedtoolcache/Python/3.7.9/x64/lib/python3.7/site-packages/execnet/gateway_base.py", line 967, in _thread_receiver
    msg = Message.from_io(io)
  File "/opt/hostedtoolcache/Python/3.7.9/x64/lib/python3.7/site-packages/execnet/gateway_base.py", line 432, in from_io
    header = io.read(9)  # type 1, channel 4, payload 4
  File "/opt/hostedtoolcache/Python/3.7.9/x64/lib/python3.7/site-packages/execnet/gateway_base.py", line 400, in read
    data = self._read(numbytes - len(buf))

</system-err></testcase><testcase classname="tests.test_images" name="test_0001_png" time="1.000"><failure message="Failed: Timeout &gt;1.0s">def test_0001_png() -&gt; None:
        """first good page"""
        treat_file(
            MockDisableSeparatePage(MAX_VAL),
            get_absolute_from_current_path(__file__, "0001.png"),
            {
                ConstString.separation_double_page_angle(): (
                    "range",
                    Angle.deg(90.46),
                    Angle.deg(90.63),
                ),
                ConstString.separation_double_page_y(): ("range", 2481, 2489),
                ConstString.page_rotation(1): (
                    "range",
                    Angle.deg(0.65),
                    Angle.deg(0.76),
                ),
                ConstString.page_rotation(2): (
                    "range",
                    Angle.deg(0.14),
                    Angle.deg(0.21),
                ),
                ConstString.image_crop(1, "x1"): ("range", 330, 332),
                ConstString.image_crop(1, "y1"): ("range", 335, 337),
                ConstString.image_crop(1, "x2"): ("range", 2342, 2343),
                ConstString.image_crop(1, "y2"): ("range", 3222, 3223),
                ConstString.image_crop(2, "x1"): ("range", 168, 175),
                ConstString.image_crop(2, "y1"): ("range", 648, 649),
                ConstString.image_crop(2, "x2"): ("range", 2180, 2189),
                ConstString.image_crop(2, "y2"): ("range", 3360, 3361),
                ConstString.image_dpi(1): ("difference", 300, 0.0000001),
                ConstString.image_border(1, 1): ("range", 317, 340),
                ConstString.image_border(1, 2): ("range", 260, 282),
                ConstString.image_border(1, 3): ("range", 223, 225),
                ConstString.image_border(1, 4): ("range", 223, 225),
                ConstString.image_dpi(2): ("difference", 300, 0.0000001),
                ConstString.image_border(2, 1): ("range", 639, 674),
                ConstString.image_border(2, 2): ("range", 101, 134),
                ConstString.image_border(2, 3): ("range", 221, 224),
&gt;               ConstString.image_border(2, 4): ("range", 221, 224),
            },
        )

tests/test_images.py:58: 
_ _ _ _ _ _ _ _ _ _ _ _ _ _ _ _ _ _ _ _ _ _ _ _ _ _ _ _ _ _ _ _ _ _ _ _ _ _ _ _ 
script.py:376: in treat_file
    debug,
script.py:301: in treat_file
    debug,
tests/mock_separate_page.py:23: in split_two_waves
    return super().split_two_waves(image, parameters, debug)
script.py:40: in split_two_waves
    debug,
debug_image.py:97: in wrapper
    return function_to_decorate(*args)
page/find_images.py:149: in find_images
    mask = remove_black_border_in_image(blurimg_bc, page_angle, debug)
debug_image.py:97: in wrapper
    return function_to_decorate(*args)
page/find_images.py:110: in remove_black_border_in_image
    (height, width), __epsilon__, cnt
_ _ _ _ _ _ _ _ _ _ _ _ _ _ _ _ _ _ _ _ _ _ _ _ _ _ _ _ _ _ _ _ _ _ _ _ _ _ _ _ 

shape = (3507, 4960), epsilon = 5
cnt = array([[[3652,  754]],

       [[3651,  755]],

       [[3650,  755]],

       [[3649,  756]],

       [[3648,  756]],...,  756]],

       [[3660,  756]],

       [[3659,  755]],

       [[3658,  755]],

       [[3657,  754]]], dtype=int32)

    def find_longest_lines_in_border(
        shape: Tuple[int, int], epsilon: int, cnt: np.ndarray
    ) -&gt; Tuple[Tuple[int, int], Tuple[int, int], Tuple[int, int], Tuple[int, int]]:
        height, width = shape
        left_top = height
        left_bottom = 0
        right_top = height
        right_bottom = 0
        top_left = width
        top_right = 0
        bottom_left = width
        bottom_right = 0
        for pt1, pt2 in compute.iterator_zip_n_n_1(cnt):
            point1_x, point1_y = pt1[0]
&gt;           point2_x, point2_y = pt2[0]
E           Failed: Timeout &gt;1.0s

cv2ext.py:657: Failed</failure><system-out>--------------------------------- Captured Log ---------------------------------

--------------------------------- Captured Out ---------------------------------
/home/runner/work/ocr-book/ocr-book/tests/0001.png

</system-out><system-err>--------------------------------- Captured Err ---------------------------------

~~~~~~~~~~~~~~~~~~~~~ Stack of &lt;unknown&gt; (139688607840000) ~~~~~~~~~~~~~~~~~~~~~
  File "/opt/hostedtoolcache/Python/3.7.9/x64/lib/python3.7/site-packages/execnet/gateway_base.py", line 285, in _perform_spawn
    reply.run()
  File "/opt/hostedtoolcache/Python/3.7.9/x64/lib/python3.7/site-packages/execnet/gateway_base.py", line 220, in run
    self._result = func(*args, **kwargs)
  File "/opt/hostedtoolcache/Python/3.7.9/x64/lib/python3.7/site-packages/execnet/gateway_base.py", line 967, in _thread_receiver
    msg = Message.from_io(io)
  File "/opt/hostedtoolcache/Python/3.7.9/x64/lib/python3.7/site-packages/execnet/gateway_base.py", line 432, in from_io
    header = io.read(9)  # type 1, channel 4, payload 4
  File "/opt/hostedtoolcache/Python/3.7.9/x64/lib/python3.7/site-packages/execnet/gateway_base.py", line 400, in read
    data = self._read(numbytes - len(buf))

</system-err></testcase><testcase classname="tests.test_features" name="test_mock_stop_at_3" time="1.045"><failure message="Failed: Timeout &gt;1.0s">def test_mock_stop_at_3() -&gt; None:
        """Check that stop_at 3 works."""
        tc.assertTrue(
            fsext.is_file_exists(
                get_absolute_from_current_path(__file__, "0001.png")
            )
        )
        fsext.copy_file(
            get_absolute_from_current_path(__file__, "0001.png"),
            get_absolute_from_current_path(__file__, "0001_3.png"),
        )
        fsext.del_pattern(fsext.extract_path(__file__), "0001_3.png_*")
        treat_file(
            MockDisableSeparatePage(3),
            get_absolute_from_current_path(__file__, "0001_3.png"),
&gt;           debug=DebugImage(DebugImage.Level.TOP),
        )

tests/test_features.py:288: 
_ _ _ _ _ _ _ _ _ _ _ _ _ _ _ _ _ _ _ _ _ _ _ _ _ _ _ _ _ _ _ _ _ _ _ _ _ _ _ _ 
script.py:376: in treat_file
    debug,
script.py:301: in treat_file
    debug,
tests/mock_separate_page.py:23: in split_two_waves
    return super().split_two_waves(image, parameters, debug)
script.py:40: in split_two_waves
    debug,
debug_image.py:97: in wrapper
    return function_to_decorate(*args)
_ _ _ _ _ _ _ _ _ _ _ _ _ _ _ _ _ _ _ _ _ _ _ _ _ _ _ _ _ _ _ _ _ _ _ _ _ _ _ _ 

image = array([[255, 255, 255, ...,   0,   0,   0],
       [255, 255, 255, ...,   0,   0,   0],
       [255, 255, 255, ...,   ...,   0,   0,   0],
       [  0,   0,   0, ...,   0,   0,   0],
       [  0,   0,   0, ...,   0,   0,   0]], dtype=uint8)
param = &lt;page.find_images.FindImageParameters object at 0x7f8f82744ad0&gt;
page_angle = 0.0°, debug = &lt;debug_image.DebugImage object at 0x7f8f8285cd50&gt;

    @inc_debug
    def find_images(
        image: np.ndarray,
        param: FindImageParameters,
        page_angle: Optional[Angle],
        debug: DebugImage,
    ) -&gt; np.ndarray:
        __internal_border__ = 20
        xxx = 7
    
        debug.image(image, DebugImage.Level.DEBUG)
        gray = cv2ext.force_image_to_be_grayscale(image, (xxx, xxx))
        debug.image(gray, DebugImage.Level.DEBUG)
        blurimg_bc = cv2ext.erode_and_dilate(gray, (xxx, xxx), xxx)
        debug.image(blurimg_bc, DebugImage.Level.DEBUG)
    
        if page_angle is not None:
            mask = remove_black_border_in_image(blurimg_bc, page_angle, debug)
            image_no_border = cv2ext.apply_mask(image, mask)
            debug.image(image_no_border, DebugImage.Level.DEBUG)
            gray2 = cv2ext.force_image_to_be_grayscale(image_no_border, (xxx, xxx))
            debug.image(gray2, DebugImage.Level.DEBUG)
            blurimg_bc2 = cv2ext.erode_and_dilate(gray2, (xxx, xxx), xxx, True)
            debug.image(blurimg_bc2, DebugImage.Level.DEBUG)
            gray_no_border = blurimg_bc2
        else:
            gray_no_border = blurimg_bc
        gray_bordered = cv2.copyMakeBorder(
            gray_no_border,
            __internal_border__,
            __internal_border__,
            __internal_border__,
            __internal_border__,
            cv2.BORDER_CONSTANT,
            value=[255],
        )
        debug.image(gray_bordered, DebugImage.Level.DEBUG)
        dilated = cv2.dilate(
            gray_bordered,
            cv2.getStructuringElement(cv2.MORPH_ELLIPSE, (xxx, xxx)),
        )
        debug.image(dilated, DebugImage.Level.DEBUG)
        thresholdi = cv2ext.threshold_from_gaussian_histogram_white(dilated)
        _, threshold = cv2.threshold(
            dilated, thresholdi, 255, cv2.THRESH_BINARY_INV
        )
        debug.image(threshold, DebugImage.Level.DEBUG)
    
        morpho1 = cv2.morphologyEx(
            threshold,
            cv2.MORPH_CLOSE,
            cv2.getStructuringElement(
                cv2.MORPH_ELLIPSE, param.kernel_morphology_size
            ),
        )
        debug.image(morpho1, DebugImage.Level.DEBUG)
        morpho2 = cv2.morphologyEx(
            morpho1,
            cv2.MORPH_OPEN,
            cv2.getStructuringElement(
&gt;               cv2.MORPH_ELLIPSE, param.kernel_morphology_size
            ),
        )
E       Failed: Timeout &gt;1.0s

page/find_images.py:192: Failed</failure><system-out>--------------------------------- Captured Log ---------------------------------

--------------------------------- Captured Out ---------------------------------
/home/runner/work/ocr-book/ocr-book/tests/0001_3.png

</system-out><system-err>--------------------------------- Captured Err ---------------------------------

~~~~~~~~~~~~~~~~~~~~~ Stack of &lt;unknown&gt; (140255151032064) ~~~~~~~~~~~~~~~~~~~~~
  File "/opt/hostedtoolcache/Python/3.7.9/x64/lib/python3.7/site-packages/execnet/gateway_base.py", line 285, in _perform_spawn
    reply.run()
  File "/opt/hostedtoolcache/Python/3.7.9/x64/lib/python3.7/site-packages/execnet/gateway_base.py", line 220, in run
    self._result = func(*args, **kwargs)
  File "/opt/hostedtoolcache/Python/3.7.9/x64/lib/python3.7/site-packages/execnet/gateway_base.py", line 967, in _thread_receiver
    msg = Message.from_io(io)
  File "/opt/hostedtoolcache/Python/3.7.9/x64/lib/python3.7/site-packages/execnet/gateway_base.py", line 432, in from_io
    header = io.read(9)  # type 1, channel 4, payload 4
  File "/opt/hostedtoolcache/Python/3.7.9/x64/lib/python3.7/site-packages/execnet/gateway_base.py", line 400, in read
    data = self._read(numbytes - len(buf))

</system-err></testcase><testcase classname="tests.test_features" name="test_mock_stop_at_5" time="1.050"><failure message="Failed: Timeout &gt;1.0s">def test_mock_stop_at_5() -&gt; None:
        """Check that stop_at 5 works."""
        tc.assertTrue(
            fsext.is_file_exists(
                get_absolute_from_current_path(__file__, "0001.png")
            )
        )
        fsext.copy_file(
            get_absolute_from_current_path(__file__, "0001.png"),
            get_absolute_from_current_path(__file__, "0001_5.png"),
        )
        fsext.del_pattern(fsext.extract_path(__file__), "0001_5.png_*")
        treat_file(
            MockDisableSeparatePage(5),
            get_absolute_from_current_path(__file__, "0001_5.png"),
&gt;           debug=DebugImage(DebugImage.Level.TOP),
        )

tests/test_features.py:448: 
_ _ _ _ _ _ _ _ _ _ _ _ _ _ _ _ _ _ _ _ _ _ _ _ _ _ _ _ _ _ _ _ _ _ _ _ _ _ _ _ 
script.py:376: in treat_file
    debug,
script.py:301: in treat_file
    debug,
tests/mock_separate_page.py:23: in split_two_waves
    return super().split_two_waves(image, parameters, debug)
script.py:40: in split_two_waves
    debug,
debug_image.py:97: in wrapper
    return function_to_decorate(*args)
_ _ _ _ _ _ _ _ _ _ _ _ _ _ _ _ _ _ _ _ _ _ _ _ _ _ _ _ _ _ _ _ _ _ _ _ _ _ _ _ 

image = array([[255, 255, 255, ...,   0,   0,   0],
       [255, 255, 255, ...,   0,   0,   0],
       [255, 255, 255, ...,   ...,   0,   0,   0],
       [  0,   0,   0, ...,   0,   0,   0],
       [  0,   0,   0, ...,   0,   0,   0]], dtype=uint8)
param = &lt;page.find_images.FindImageParameters object at 0x7f8f82744ad0&gt;
page_angle = 0.0°, debug = &lt;debug_image.DebugImage object at 0x7f8f8c2650d0&gt;

    @inc_debug
    def find_images(
        image: np.ndarray,
        param: FindImageParameters,
        page_angle: Optional[Angle],
        debug: DebugImage,
    ) -&gt; np.ndarray:
        __internal_border__ = 20
        xxx = 7
    
        debug.image(image, DebugImage.Level.DEBUG)
        gray = cv2ext.force_image_to_be_grayscale(image, (xxx, xxx))
        debug.image(gray, DebugImage.Level.DEBUG)
        blurimg_bc = cv2ext.erode_and_dilate(gray, (xxx, xxx), xxx)
        debug.image(blurimg_bc, DebugImage.Level.DEBUG)
    
        if page_angle is not None:
            mask = remove_black_border_in_image(blurimg_bc, page_angle, debug)
            image_no_border = cv2ext.apply_mask(image, mask)
            debug.image(image_no_border, DebugImage.Level.DEBUG)
            gray2 = cv2ext.force_image_to_be_grayscale(image_no_border, (xxx, xxx))
            debug.image(gray2, DebugImage.Level.DEBUG)
            blurimg_bc2 = cv2ext.erode_and_dilate(gray2, (xxx, xxx), xxx, True)
            debug.image(blurimg_bc2, DebugImage.Level.DEBUG)
            gray_no_border = blurimg_bc2
        else:
            gray_no_border = blurimg_bc
        gray_bordered = cv2.copyMakeBorder(
            gray_no_border,
            __internal_border__,
            __internal_border__,
            __internal_border__,
            __internal_border__,
            cv2.BORDER_CONSTANT,
            value=[255],
        )
        debug.image(gray_bordered, DebugImage.Level.DEBUG)
        dilated = cv2.dilate(
            gray_bordered,
            cv2.getStructuringElement(cv2.MORPH_ELLIPSE, (xxx, xxx)),
        )
        debug.image(dilated, DebugImage.Level.DEBUG)
        thresholdi = cv2ext.threshold_from_gaussian_histogram_white(dilated)
        _, threshold = cv2.threshold(
            dilated, thresholdi, 255, cv2.THRESH_BINARY_INV
        )
        debug.image(threshold, DebugImage.Level.DEBUG)
    
        morpho1 = cv2.morphologyEx(
            threshold,
            cv2.MORPH_CLOSE,
            cv2.getStructuringElement(
&gt;               cv2.MORPH_ELLIPSE, param.kernel_morphology_size
            ),
        )
E       Failed: Timeout &gt;1.0s

page/find_images.py:184: Failed</failure><system-out>--------------------------------- Captured Log ---------------------------------

--------------------------------- Captured Out ---------------------------------
/home/runner/work/ocr-book/ocr-book/tests/0001_5.png

</system-out><system-err>--------------------------------- Captured Err ---------------------------------

~~~~~~~~~~~~~~~~~~~~~ Stack of &lt;unknown&gt; (140255151032064) ~~~~~~~~~~~~~~~~~~~~~
  File "/opt/hostedtoolcache/Python/3.7.9/x64/lib/python3.7/site-packages/execnet/gateway_base.py", line 285, in _perform_spawn
    reply.run()
  File "/opt/hostedtoolcache/Python/3.7.9/x64/lib/python3.7/site-packages/execnet/gateway_base.py", line 220, in run
    self._result = func(*args, **kwargs)
  File "/opt/hostedtoolcache/Python/3.7.9/x64/lib/python3.7/site-packages/execnet/gateway_base.py", line 967, in _thread_receiver
    msg = Message.from_io(io)
  File "/opt/hostedtoolcache/Python/3.7.9/x64/lib/python3.7/site-packages/execnet/gateway_base.py", line 432, in from_io
    header = io.read(9)  # type 1, channel 4, payload 4
  File "/opt/hostedtoolcache/Python/3.7.9/x64/lib/python3.7/site-packages/execnet/gateway_base.py", line 400, in read
    data = self._read(numbytes - len(buf))

</system-err></testcase><testcase classname="tests.test_images" name="test_black_border_not_removed_png" time="1.011"><failure message="Failed: Timeout &gt;1.0s">def test_black_border_not_removed_png() -&gt; None:
        """The border on the right is still there."""
        treat_file(
            MockDisableSeparatePage(MAX_VAL),
            get_absolute_from_current_path(
                __file__, "black-border-not-removed.png"
            ),
            {
                ConstString.separation_double_page_angle(): (
                    "range",
                    Angle.deg(89.95),
                    Angle.deg(90.1),
                ),
                ConstString.separation_double_page_y(): ("range", 2451, 2458),
                ConstString.page_rotation(1): (
                    "range",
                    Angle.deg(-0.01),
                    Angle.deg(0.06),
                ),
                ConstString.page_rotation(2): (
                    "range",
                    Angle.deg(-0.21),
                    Angle.deg(0.01),
                ),
                ConstString.image_crop(1, "x1"): ("range", 297, 299),
                ConstString.image_crop(1, "y1"): ("range", 142, 144),
                ConstString.image_crop(1, "x2"): ("range", 2307, 2309),
                ConstString.image_crop(1, "y2"): ("range", 3346, 3347),
                ConstString.image_crop(2, "x1"): ("range", 156, 159),
                ConstString.image_crop(2, "y1"): ("range", 144, 146),
                ConstString.image_crop(2, "x2"): ("range", 2168, 2172),
                ConstString.image_crop(2, "y2"): ("range", 3351, 3353),
                ConstString.image_dpi(1): ("difference", 300, 0.0000001),
                ConstString.image_border(1, 1): ("range", 127, 134),
                ConstString.image_border(1, 2): ("range", 148, 157),
                ConstString.image_border(1, 3): ("range", 224, 226),
                ConstString.image_border(1, 4): ("range", 224, 226),
                ConstString.image_dpi(2): ("difference", 300, 0.0000001),
                ConstString.image_border(2, 1): ("range", 130, 139),
                ConstString.image_border(2, 2): ("range", 141, 151),
                ConstString.image_border(2, 3): ("range", 223, 224),
&gt;               ConstString.image_border(2, 4): ("range", 223, 224),
            },
        )

tests/test_images.py:150: 
_ _ _ _ _ _ _ _ _ _ _ _ _ _ _ _ _ _ _ _ _ _ _ _ _ _ _ _ _ _ _ _ _ _ _ _ _ _ _ _ 
script.py:376: in treat_file
    debug,
script.py:301: in treat_file
    debug,
tests/mock_separate_page.py:23: in split_two_waves
    return super().split_two_waves(image, parameters, debug)
script.py:40: in split_two_waves
    debug,
debug_image.py:97: in wrapper
    return function_to_decorate(*args)
page/find_images.py:149: in find_images
    mask = remove_black_border_in_image(blurimg_bc, page_angle, debug)
debug_image.py:97: in wrapper
    return function_to_decorate(*args)
page/find_images.py:124: in remove_black_border_in_image
    page_angle,
_ _ _ _ _ _ _ _ _ _ _ _ _ _ _ _ _ _ _ _ _ _ _ _ _ _ _ _ _ _ _ _ _ _ _ _ _ _ _ _ 

cnt = array([[[2442,    0]],

       [[2442,    7]],

       [[2443,    8]],

       [[2444,    8]],

       [[2452,   16]],...,    8]],

       [[2503,    8]],

       [[2504,    7]],

       [[2506,    7]],

       [[2506,    0]]], dtype=int32)
threshold2 = array([[255, 255, 255, ..., 255, 255, 255],
       [255, 255, 255, ..., 255, 255, 255],
       [255, 255, 255, ..., 25..., 255, 255, 255],
       [255, 255, 255, ..., 255, 255, 255],
       [255, 255, 255, ..., 255, 255, 255]], dtype=uint8)
mask_border_only = array([[255, 255, 255, ...,   0,   0,   0],
       [255, 255, 255, ...,   0,   0,   0],
       [255, 255, 255, ...,   ...,   0,   0,   0],
       [255, 255, 255, ...,   0,   0,   0],
       [255, 255, 255, ...,   0,   0,   0]], dtype=uint8)
epsilon = (5, 3.0°), page_angle = 0.0°

    def insert_border_in_mask(
        cnt: np.ndarray,
        threshold2: np.ndarray,
        mask_border_only: np.ndarray,
        epsilon: Tuple[int, Angle],
        page_angle: Angle,
    ) -&gt; None:
        __pourcentage_white_allowed__ = 0.01
        epsilon_border, epsilon_angle = epsilon
        height, width = get_hw(threshold2)
        cnt2 = cnt[cnt[:, 0, 0] &gt; epsilon_border]
        cnt3 = cnt2[cnt2[:, 0, 0] &lt; width - 1 - epsilon_border]
        cnt4 = cnt3[cnt3[:, 0, 1] &gt; epsilon_border]
        cnt5 = cnt4[cnt4[:, 0, 1] &lt; height - 1 - epsilon_border]
        if len(cnt5) == 0:
            return
        contour_approximate = cv2.approxPolyDP(cnt5, epsilon_border, True)
        all_pair = list(compute.iterator_zip_n_n_1(contour_approximate))
        all_pair_no_single_pixel = list(
            filter(
                lambda x: x[0][0][0] != x[1][0][0] or x[0][0][1] != x[1][0][1],
                all_pair,
            )
        )
        all_angles = list(
            map(
                lambda x: (
                    (x[0][0], x[1][0]),
                    compute.get_angle_0_180(x[0][0], x[1][0]),
                    np.linalg.norm(x[0][0] - x[1][0]),
                ),
                all_pair_no_single_pixel,
            )
        )
        vertical_lines = list(
            filter(
                lambda x: compute.is_angle_closed_to(
                    x[1],
                    page_angle + Angle.deg(90.0),
                    epsilon_angle,
                    Angle.deg(180),
                ),
                all_angles,
            )
        )
        horizontal_lines = list(
            filter(
                lambda x: compute.is_angle_closed_to(
                    x[1], page_angle, epsilon_angle, Angle.deg(180)
                ),
                all_angles,
            )
        )
        vertical_lines_pos = list(
            map(
                lambda x: (
                    compute.get_angle_0_180_posx_safe(x[0][0], x[0][1])[1],
                    x[1],
                ),
                vertical_lines,
            )
        )
        horizontal_lines_pos = list(
            map(
                lambda x: (
                    compute.get_angle_0_180_posy_safe(x[0][0], x[0][1])[1],
                    x[1],
                ),
                horizontal_lines,
            )
        )
        vertical_lines_pos.sort(key=lambda x: x[0])
        horizontal_lines_pos.sort(key=lambda x: x[0])
        for posx, angle in vertical_lines_pos:
            mask = np.zeros((height, width), np.uint8)
            bottom_point = compute.get_bottom_point_from_alpha_posx(
                angle, posx, height
            )
            if posx &lt; width / 2:
                pts = np.array(
                    [
                        [-1, 0],
                        [posx - 1, 0],
                        [bottom_point[0] - 1, bottom_point[1]],
                        [-1, height - 1],
                    ]
                )
            else:
                pts = np.array(
                    [
                        [width, 0],
                        [posx + 1, 0],
                        [bottom_point[0] + 1, bottom_point[1]],
                        [width, height - 1],
                    ]
                )
            mask = cv2.drawContours(mask, [pts], 0, 255, -1)
            histogram = cv2.calcHist([threshold2], [0], mask, [2], [0, 256])
            if __pourcentage_white_allowed__ * histogram[0] &gt; sum(
                histogram[1:]
            ) or __pourcentage_white_allowed__ * histogram[-1] &gt; sum(
                histogram[:-1]
            ):
                mask_border_only = cv2.drawContours(
                    mask_border_only, [pts], 0, (0), -1
                )
        for posy, angle in horizontal_lines_pos:
            mask = np.zeros((height, width), np.uint8)
            bottom_point = compute.get_right_point_from_alpha_posy(
                angle, posy, width
            )
            if posy &lt; height / 2:
                pts = np.array(
                    [
                        [0, -1],
                        [0, posy - 1],
                        [bottom_point[0], bottom_point[1] - 1],
                        [width - 1, -1],
                    ]
                )
            else:
                pts = np.array(
                    [
                        [0, height],
                        [0, posy + 1],
                        [bottom_point[0], bottom_point[1] + 1],
                        [width - 1, height],
                    ]
                )
            mask = cv2.drawContours(mask, [pts], 0, 255, -1)
&gt;           histogram = cv2.calcHist([threshold2], [0], mask, [2], [0, 256])
E           Failed: Timeout &gt;1.0s

cv2ext.py:811: Failed</failure><system-out>--------------------------------- Captured Log ---------------------------------

--------------------------------- Captured Out ---------------------------------
/home/runner/work/ocr-book/ocr-book/tests/black-border-not-removed.png

</system-out><system-err>--------------------------------- Captured Err ---------------------------------

~~~~~~~~~~~~~~~~~~~~~ Stack of &lt;unknown&gt; (139688607840000) ~~~~~~~~~~~~~~~~~~~~~
  File "/opt/hostedtoolcache/Python/3.7.9/x64/lib/python3.7/site-packages/execnet/gateway_base.py", line 285, in _perform_spawn
    reply.run()
  File "/opt/hostedtoolcache/Python/3.7.9/x64/lib/python3.7/site-packages/execnet/gateway_base.py", line 220, in run
    self._result = func(*args, **kwargs)
  File "/opt/hostedtoolcache/Python/3.7.9/x64/lib/python3.7/site-packages/execnet/gateway_base.py", line 967, in _thread_receiver
    msg = Message.from_io(io)
  File "/opt/hostedtoolcache/Python/3.7.9/x64/lib/python3.7/site-packages/execnet/gateway_base.py", line 432, in from_io
    header = io.read(9)  # type 1, channel 4, payload 4
  File "/opt/hostedtoolcache/Python/3.7.9/x64/lib/python3.7/site-packages/execnet/gateway_base.py", line 400, in read
    data = self._read(numbytes - len(buf))

</system-err></testcase><testcase classname="tests.test_images" name="test_2_pages_2_contours_png" time="1.000"><failure message="Failed: Timeout &gt;1.0s">def test_2_pages_2_contours_png() -&gt; None:
        """There is not one contour for the two pages,
        but one contour for each page.
        """
        treat_file(
            MockDisableSeparatePage(MAX_VAL),
            get_absolute_from_current_path(__file__, "2-pages-2-contours.png"),
            {
                ConstString.separation_double_page_angle(): (
                    "range",
                    Angle.deg(89.91),
                    Angle.deg(90.32),
                ),
                ConstString.separation_double_page_y(): ("range", 2486, 2492),
                ConstString.page_rotation(1): (
                    "range",
                    Angle.deg(-0.01),
                    Angle.deg(0.11),
                ),
                ConstString.page_rotation(2): (
                    "range",
                    Angle.deg(0.19),
                    Angle.deg(0.41),
                ),
                ConstString.image_crop(1, "x1"): ("range", 1181, 1191),
                ConstString.image_crop(1, "y1"): ("range", 1719, 1751),
                ConstString.image_crop(1, "x2"): ("range", 1182, 1192),
                ConstString.image_crop(1, "y2"): ("range", 1720, 1752),
                ConstString.image_crop(2, "x1"): ("range", 89, 114),
                ConstString.image_crop(2, "y1"): ("range", 240, 241),
                ConstString.image_crop(2, "x2"): ("range", 2136, 2159),
                ConstString.image_crop(2, "y2"): ("range", 3239, 3240),
                ConstString.image_dpi(1): ("difference", 300, 0.0000001),
                ConstString.image_border(1, 1): ("range", 1752, 1753),
                ConstString.image_border(1, 2): ("range", 1753, 1753),
                ConstString.image_border(1, 3): ("range", 1239, 1239),
                ConstString.image_border(1, 4): ("range", 1239, 1239),
                ConstString.image_dpi(2): ("difference", 300, 0.0000001),
                ConstString.image_border(2, 1): ("range", 226, 240),
                ConstString.image_border(2, 2): ("range", 248, 262),
                ConstString.image_border(2, 3): ("range", 206, 207),
&gt;               ConstString.image_border(2, 4): ("range", 206, 207),
            },
        )

tests/test_images.py:104: 
_ _ _ _ _ _ _ _ _ _ _ _ _ _ _ _ _ _ _ _ _ _ _ _ _ _ _ _ _ _ _ _ _ _ _ _ _ _ _ _ 
script.py:376: in treat_file
    debug,
script.py:301: in treat_file
    debug,
tests/mock_separate_page.py:23: in split_two_waves
    return super().split_two_waves(image, parameters, debug)
script.py:40: in split_two_waves
    debug,
debug_image.py:97: in wrapper
    return function_to_decorate(*args)
page/find_images.py:149: in find_images
    mask = remove_black_border_in_image(blurimg_bc, page_angle, debug)
debug_image.py:97: in wrapper
    return function_to_decorate(*args)
page/find_images.py:110: in remove_black_border_in_image
    (height, width), __epsilon__, cnt
_ _ _ _ _ _ _ _ _ _ _ _ _ _ _ _ _ _ _ _ _ _ _ _ _ _ _ _ _ _ _ _ _ _ _ _ _ _ _ _ 

shape = (3507, 4960), epsilon = 5
cnt = array([[[2735,  798]],

       [[2734,  799]],

       [[2733,  799]],

       [[2731,  801]],

       [[2730,  801]],...,  800]],

       [[2749,  800]],

       [[2748,  799]],

       [[2747,  799]],

       [[2746,  798]]], dtype=int32)

    def find_longest_lines_in_border(
        shape: Tuple[int, int], epsilon: int, cnt: np.ndarray
    ) -&gt; Tuple[Tuple[int, int], Tuple[int, int], Tuple[int, int], Tuple[int, int]]:
        height, width = shape
        left_top = height
        left_bottom = 0
        right_top = height
        right_bottom = 0
        top_left = width
        top_right = 0
        bottom_left = width
        bottom_right = 0
        for pt1, pt2 in compute.iterator_zip_n_n_1(cnt):
            point1_x, point1_y = pt1[0]
            point2_x, point2_y = pt2[0]
            if point1_x &lt;= epsilon and point2_x &lt;= epsilon:
                left_top = min(left_top, point1_y, point2_y)
                left_bottom = max(left_bottom, point1_y, point2_y)
            if point1_y &lt;= epsilon and point2_y &lt;= epsilon:
                top_left = min(top_left, point1_x, point2_x)
                top_right = max(top_right, point1_x, point2_x)
&gt;           if point1_x &gt;= width - 1 - epsilon and point2_x &gt;= width - 1 - epsilon:
E           Failed: Timeout &gt;1.0s

cv2ext.py:664: Failed</failure><system-out>--------------------------------- Captured Log ---------------------------------

--------------------------------- Captured Out ---------------------------------
/home/runner/work/ocr-book/ocr-book/tests/2-pages-2-contours.png

</system-out><system-err>--------------------------------- Captured Err ---------------------------------

~~~~~~~~~~~~~~~~~~~~~ Stack of &lt;unknown&gt; (140255151032064) ~~~~~~~~~~~~~~~~~~~~~
  File "/opt/hostedtoolcache/Python/3.7.9/x64/lib/python3.7/site-packages/execnet/gateway_base.py", line 285, in _perform_spawn
    reply.run()
  File "/opt/hostedtoolcache/Python/3.7.9/x64/lib/python3.7/site-packages/execnet/gateway_base.py", line 220, in run
    self._result = func(*args, **kwargs)
  File "/opt/hostedtoolcache/Python/3.7.9/x64/lib/python3.7/site-packages/execnet/gateway_base.py", line 967, in _thread_receiver
    msg = Message.from_io(io)
  File "/opt/hostedtoolcache/Python/3.7.9/x64/lib/python3.7/site-packages/execnet/gateway_base.py", line 432, in from_io
    header = io.read(9)  # type 1, channel 4, payload 4
  File "/opt/hostedtoolcache/Python/3.7.9/x64/lib/python3.7/site-packages/execnet/gateway_base.py", line 400, in read
    data = self._read(numbytes - len(buf))

</system-err></testcase><testcase classname="tests.test_images" name="test_image_failed_to_rotate_png" time="1.127"><failure message="Failed: Timeout &gt;1.0s">def test_image_failed_to_rotate_png() -&gt; None:
        """Failed to compute angle to rotate. The image takes the whole page."""
        treat_file(
            MockDisableSeparatePage(MAX_VAL),
            get_absolute_from_current_path(__file__, "image_failed_to_rotate.png"),
            {
                ConstString.separation_double_page_angle(): (
                    "range",
                    Angle.deg(90.07),
                    Angle.deg(90.50),
                ),
                ConstString.separation_double_page_y(): ("range", 2476, 2487),
                ConstString.page_rotation(1): (
                    "range",
                    Angle.deg(0.29),
                    Angle.deg(0.41),
                ),
                ConstString.page_rotation(2): (
                    "range",
                    Angle.deg(0.34),
                    Angle.deg(0.51),
                ),
                ConstString.image_crop(1, "x1"): ("range", 33, 91),
                ConstString.image_crop(1, "y1"): ("range", 1, 23),
                ConstString.image_crop(1, "x2"): ("range", 2456, 2483),
                ConstString.image_crop(1, "y2"): ("range", 3483, 3501),
                ConstString.image_crop(2, "x1"): ("range", 166, 183),
                ConstString.image_crop(2, "y1"): ("range", 234, 236),
                ConstString.image_crop(2, "x2"): ("range", 2245, 2261),
                ConstString.image_crop(2, "y2"): ("range", 3354, 3356),
                ConstString.image_dpi(1): ("difference", 300, 0.0000001),
                ConstString.image_border(1, 1): ("range", 4, 19),
                ConstString.image_border(1, 2): ("range", 4, 19),
                ConstString.image_border(1, 3): ("range", 16, 55),
                ConstString.image_border(1, 4): ("range", 16, 55),
                ConstString.image_dpi(2): ("difference", 300, 0.0000001),
                ConstString.image_border(2, 1): ("range", 206, 228),
                ConstString.image_border(2, 2): ("range", 140, 160),
                ConstString.image_border(2, 3): ("range", 189, 192),
&gt;               ConstString.image_border(2, 4): ("range", 189, 192),
            },
        )

tests/test_images.py:194: 
_ _ _ _ _ _ _ _ _ _ _ _ _ _ _ _ _ _ _ _ _ _ _ _ _ _ _ _ _ _ _ _ _ _ _ _ _ _ _ _ 
script.py:376: in treat_file
    debug,
script.py:301: in treat_file
    debug,
tests/mock_separate_page.py:23: in split_two_waves
    return super().split_two_waves(image, parameters, debug)
script.py:40: in split_two_waves
    debug,
debug_image.py:97: in wrapper
    return function_to_decorate(*args)
page/find_images.py:149: in find_images
    mask = remove_black_border_in_image(blurimg_bc, page_angle, debug)
debug_image.py:97: in wrapper
    return function_to_decorate(*args)
page/find_images.py:97: in remove_black_border_in_image
    DebugImage.Level.DEBUG,
_ _ _ _ _ _ _ _ _ _ _ _ _ _ _ _ _ _ _ _ _ _ _ _ _ _ _ _ _ _ _ _ _ _ _ _ _ _ _ _ 

self = &lt;debug_image.DebugImage object at 0x7f0b99cd5810&gt;
img = array([[[  0,   0, 255],
        [  0,   0, 255],
        [  0,   0, 255],
        ...,
        [  0,   0, 255],
     ...[  0,   0, 255],
        ...,
        [  0,   0, 255],
        [  0,   0, 255],
        [  0,   0, 255]]], dtype=uint8)
level = &lt;Level.DEBUG: 1&gt;

    def image(self, img: np.ndarray, level: Level) -&gt; None:
        if level &gt;= self.__level:
            name = self.name()
            self.__next()
            self.__next_when_dec[0 : self.__sub_level] = [
                True for x in range(self.__sub_level)
            ]
&gt;           if not cv2.imwrite(name, img):
E           Failed: Timeout &gt;1.0s

debug_image.py:71: Failed</failure><system-out>--------------------------------- Captured Log ---------------------------------

--------------------------------- Captured Out ---------------------------------
/home/runner/work/ocr-book/ocr-book/tests/image_failed_to_rotate.png

</system-out><system-err>--------------------------------- Captured Err ---------------------------------

~~~~~~~~~~~~~~~~~~~~~ Stack of &lt;unknown&gt; (139688607840000) ~~~~~~~~~~~~~~~~~~~~~
  File "/opt/hostedtoolcache/Python/3.7.9/x64/lib/python3.7/site-packages/execnet/gateway_base.py", line 285, in _perform_spawn
    reply.run()
  File "/opt/hostedtoolcache/Python/3.7.9/x64/lib/python3.7/site-packages/execnet/gateway_base.py", line 220, in run
    self._result = func(*args, **kwargs)
  File "/opt/hostedtoolcache/Python/3.7.9/x64/lib/python3.7/site-packages/execnet/gateway_base.py", line 967, in _thread_receiver
    msg = Message.from_io(io)
  File "/opt/hostedtoolcache/Python/3.7.9/x64/lib/python3.7/site-packages/execnet/gateway_base.py", line 432, in from_io
    header = io.read(9)  # type 1, channel 4, payload 4
  File "/opt/hostedtoolcache/Python/3.7.9/x64/lib/python3.7/site-packages/execnet/gateway_base.py", line 400, in read
    data = self._read(numbytes - len(buf))

</system-err></testcase><testcase classname="tests.test_images" name="test_wrong_split_line_png" time="1.008"><failure message="Failed: Timeout &gt;1.0s">def test_wrong_split_line_png() -&gt; None:
        """Improve choice of the split line between different algorithm."""
        treat_file(
            MockDisableSeparatePage(MAX_VAL),
            get_absolute_from_current_path(__file__, "wrong_split_line.png"),
            {
                ConstString.separation_double_page_angle(): (
                    "range",
                    Angle.deg(89.81),
                    Angle.deg(89.94),
                ),
                ConstString.separation_double_page_y(): ("range", 2463, 2465),
                ConstString.page_rotation(1): (
                    "range",
                    Angle.deg(-0.16),
                    Angle.deg(-0.04),
                ),
                ConstString.page_rotation(2): (
                    "range",
                    Angle.deg(0.49),
                    Angle.deg(0.66),
                ),
                ConstString.image_crop(1, "x1"): ("range", 211, 213),
                ConstString.image_crop(1, "y1"): ("range", 156, 157),
                ConstString.image_crop(1, "x2"): ("range", 2323, 2323),
                ConstString.image_crop(1, "y2"): ("range", 3362, 3363),
                ConstString.image_crop(2, "x1"): ("range", 124, 126),
                ConstString.image_crop(2, "y1"): ("range", 165, 167),
                ConstString.image_crop(2, "x2"): ("range", 2236, 2237),
                ConstString.image_crop(2, "y2"): ("range", 3372, 3374),
                ConstString.image_dpi(1): ("difference", 300, 0.0000001),
                ConstString.image_border(1, 1): ("range", 115, 180),
                ConstString.image_border(1, 2): ("range", 100, 167),
                ConstString.image_border(1, 3): ("range", 174, 175),
                ConstString.image_border(1, 4): ("range", 174, 175),
                ConstString.image_dpi(2): ("difference", 300, 0.0000001),
                ConstString.image_border(2, 1): ("range", 129, 143),
                ConstString.image_border(2, 2): ("range", 135, 152),
                ConstString.image_border(2, 3): ("range", 174, 174),
&gt;               ConstString.image_border(2, 4): ("range", 174, 174),
            },
        )

tests/test_images.py:388: 
_ _ _ _ _ _ _ _ _ _ _ _ _ _ _ _ _ _ _ _ _ _ _ _ _ _ _ _ _ _ _ _ _ _ _ _ _ _ _ _ 
script.py:376: in treat_file
    debug,
script.py:301: in treat_file
    debug,
tests/mock_separate_page.py:23: in split_two_waves
    return super().split_two_waves(image, parameters, debug)
script.py:40: in split_two_waves
    debug,
debug_image.py:97: in wrapper
    return function_to_decorate(*args)
page/find_images.py:149: in find_images
    mask = remove_black_border_in_image(blurimg_bc, page_angle, debug)
debug_image.py:97: in wrapper
    return function_to_decorate(*args)
page/find_images.py:124: in remove_black_border_in_image
    page_angle,
_ _ _ _ _ _ _ _ _ _ _ _ _ _ _ _ _ _ _ _ _ _ _ _ _ _ _ _ _ _ _ _ _ _ _ _ _ _ _ _ 

cnt = array([[[   0,    0]],

       [[   0,   58]],

       [[   2,   58]],

       [[   3,   57]],

       [[   5,   57]],..., 3493]],

       [[4882, 3493]],

       [[4882, 3506]],

       [[4959, 3506]],

       [[4959,    0]]], dtype=int32)
threshold2 = array([[255, 255, 255, ..., 255, 255, 255],
       [255, 255, 255, ..., 255, 255, 255],
       [255, 255, 255, ..., 25..., 255, 255, 255],
       [  0,   0,   0, ..., 255, 255, 255],
       [  0,   0,   0, ..., 255, 255, 255]], dtype=uint8)
mask_border_only = array([[255, 255, 255, ...,   0,   0,   0],
       [255, 255, 255, ...,   0,   0,   0],
       [255, 255, 255, ...,   ...,   0,   0,   0],
       [255, 255, 255, ...,   0,   0,   0],
       [255, 255, 255, ...,   0,   0,   0]], dtype=uint8)
epsilon = (5, 3.0°), page_angle = 0.0°

    def insert_border_in_mask(
        cnt: np.ndarray,
        threshold2: np.ndarray,
        mask_border_only: np.ndarray,
        epsilon: Tuple[int, Angle],
        page_angle: Angle,
    ) -&gt; None:
        __pourcentage_white_allowed__ = 0.01
        epsilon_border, epsilon_angle = epsilon
        height, width = get_hw(threshold2)
        cnt2 = cnt[cnt[:, 0, 0] &gt; epsilon_border]
        cnt3 = cnt2[cnt2[:, 0, 0] &lt; width - 1 - epsilon_border]
        cnt4 = cnt3[cnt3[:, 0, 1] &gt; epsilon_border]
        cnt5 = cnt4[cnt4[:, 0, 1] &lt; height - 1 - epsilon_border]
        if len(cnt5) == 0:
            return
        contour_approximate = cv2.approxPolyDP(cnt5, epsilon_border, True)
        all_pair = list(compute.iterator_zip_n_n_1(contour_approximate))
        all_pair_no_single_pixel = list(
            filter(
                lambda x: x[0][0][0] != x[1][0][0] or x[0][0][1] != x[1][0][1],
                all_pair,
            )
        )
        all_angles = list(
            map(
                lambda x: (
                    (x[0][0], x[1][0]),
                    compute.get_angle_0_180(x[0][0], x[1][0]),
                    np.linalg.norm(x[0][0] - x[1][0]),
                ),
                all_pair_no_single_pixel,
            )
        )
        vertical_lines = list(
            filter(
                lambda x: compute.is_angle_closed_to(
                    x[1],
                    page_angle + Angle.deg(90.0),
                    epsilon_angle,
                    Angle.deg(180),
                ),
                all_angles,
            )
        )
        horizontal_lines = list(
            filter(
                lambda x: compute.is_angle_closed_to(
                    x[1], page_angle, epsilon_angle, Angle.deg(180)
                ),
                all_angles,
            )
        )
        vertical_lines_pos = list(
            map(
                lambda x: (
                    compute.get_angle_0_180_posx_safe(x[0][0], x[0][1])[1],
                    x[1],
                ),
                vertical_lines,
            )
        )
        horizontal_lines_pos = list(
            map(
                lambda x: (
                    compute.get_angle_0_180_posy_safe(x[0][0], x[0][1])[1],
                    x[1],
                ),
                horizontal_lines,
            )
        )
        vertical_lines_pos.sort(key=lambda x: x[0])
        horizontal_lines_pos.sort(key=lambda x: x[0])
        for posx, angle in vertical_lines_pos:
            mask = np.zeros((height, width), np.uint8)
            bottom_point = compute.get_bottom_point_from_alpha_posx(
                angle, posx, height
            )
            if posx &lt; width / 2:
                pts = np.array(
                    [
                        [-1, 0],
                        [posx - 1, 0],
                        [bottom_point[0] - 1, bottom_point[1]],
                        [-1, height - 1],
                    ]
                )
            else:
                pts = np.array(
                    [
                        [width, 0],
                        [posx + 1, 0],
                        [bottom_point[0] + 1, bottom_point[1]],
                        [width, height - 1],
                    ]
                )
            mask = cv2.drawContours(mask, [pts], 0, 255, -1)
            histogram = cv2.calcHist([threshold2], [0], mask, [2], [0, 256])
            if __pourcentage_white_allowed__ * histogram[0] &gt; sum(
                histogram[1:]
            ) or __pourcentage_white_allowed__ * histogram[-1] &gt; sum(
                histogram[:-1]
            ):
                mask_border_only = cv2.drawContours(
                    mask_border_only, [pts], 0, (0), -1
                )
        for posy, angle in horizontal_lines_pos:
            mask = np.zeros((height, width), np.uint8)
            bottom_point = compute.get_right_point_from_alpha_posy(
                angle, posy, width
            )
            if posy &lt; height / 2:
                pts = np.array(
                    [
                        [0, -1],
                        [0, posy - 1],
                        [bottom_point[0], bottom_point[1] - 1],
                        [width - 1, -1],
                    ]
                )
            else:
                pts = np.array(
                    [
                        [0, height],
                        [0, posy + 1],
                        [bottom_point[0], bottom_point[1] + 1],
                        [width - 1, height],
                    ]
                )
            mask = cv2.drawContours(mask, [pts], 0, 255, -1)
&gt;           histogram = cv2.calcHist([threshold2], [0], mask, [2], [0, 256])
E           Failed: Timeout &gt;1.0s

cv2ext.py:811: Failed</failure><system-out>--------------------------------- Captured Log ---------------------------------

--------------------------------- Captured Out ---------------------------------
/home/runner/work/ocr-book/ocr-book/tests/wrong_split_line.png

</system-out><system-err>--------------------------------- Captured Err ---------------------------------

~~~~~~~~~~~~~~~~~~~~~ Stack of &lt;unknown&gt; (140255151032064) ~~~~~~~~~~~~~~~~~~~~~
  File "/opt/hostedtoolcache/Python/3.7.9/x64/lib/python3.7/site-packages/execnet/gateway_base.py", line 285, in _perform_spawn
    reply.run()
  File "/opt/hostedtoolcache/Python/3.7.9/x64/lib/python3.7/site-packages/execnet/gateway_base.py", line 220, in run
    self._result = func(*args, **kwargs)
  File "/opt/hostedtoolcache/Python/3.7.9/x64/lib/python3.7/site-packages/execnet/gateway_base.py", line 967, in _thread_receiver
    msg = Message.from_io(io)
  File "/opt/hostedtoolcache/Python/3.7.9/x64/lib/python3.7/site-packages/execnet/gateway_base.py", line 432, in from_io
    header = io.read(9)  # type 1, channel 4, payload 4
  File "/opt/hostedtoolcache/Python/3.7.9/x64/lib/python3.7/site-packages/execnet/gateway_base.py", line 400, in read
    data = self._read(numbytes - len(buf))

</system-err></testcase><testcase classname="tests.test_images" name="test_image_failed_to_crop_data_png" time="1.045"><failure message="Failed: Timeout &gt;1.0s">def test_image_failed_to_crop_data_png() -&gt; None:
        """Failed to detect edges. The image takes the whole page and is too closed
        to the border of the image.
        """
        treat_file(
            MockDisableSeparatePage(MAX_VAL),
            get_absolute_from_current_path(
                __file__, "image_failed_to_crop_data.png"
            ),
            {
                ConstString.separation_double_page_angle(): (
                    "range",
                    Angle.deg(89.89),
                    Angle.deg(90.17),
                ),
                ConstString.separation_double_page_y(): ("range", 2477, 2486),
                ConstString.page_rotation(1): (
                    "range",
                    Angle.deg(-0.16),
                    Angle.deg(0.21),
                ),
                ConstString.page_rotation(2): (
                    "range",
                    Angle.deg(-0.01),
                    Angle.deg(0.21),
                ),
                ConstString.image_crop(1, "x1"): ("range", 43, 116),
                ConstString.image_crop(1, "y1"): ("range", 3, 13),
                ConstString.image_crop(1, "x2"): ("range", 2476, 2483),
                ConstString.image_crop(1, "y2"): ("range", 3499, 3505),
                ConstString.image_crop(2, "x1"): ("range", 155, 167),
                ConstString.image_crop(2, "y1"): ("range", 217, 220),
                ConstString.image_crop(2, "x2"): ("range", 2235, 2248),
                ConstString.image_crop(2, "y2"): ("range", 3348, 3350),
                ConstString.image_dpi(1): ("difference", 300, 0.0000001),
                ConstString.image_border(1, 1): ("range", 5, 11),
                ConstString.image_border(1, 2): ("range", 5, 11),
                ConstString.image_border(1, 3): ("range", 21, 58),
                ConstString.image_border(1, 4): ("range", 21, 58),
                ConstString.image_dpi(2): ("difference", 300, 0.0000001),
                ConstString.image_border(2, 1): ("range", 205, 225),
                ConstString.image_border(2, 2): ("range", 129, 149),
                ConstString.image_border(2, 3): ("range", 189, 192),
&gt;               ConstString.image_border(2, 4): ("range", 189, 192),
            },
        )

tests/test_images.py:242: 
_ _ _ _ _ _ _ _ _ _ _ _ _ _ _ _ _ _ _ _ _ _ _ _ _ _ _ _ _ _ _ _ _ _ _ _ _ _ _ _ 
script.py:376: in treat_file
    debug,
script.py:301: in treat_file
    debug,
tests/mock_separate_page.py:23: in split_two_waves
    return super().split_two_waves(image, parameters, debug)
script.py:40: in split_two_waves
    debug,
debug_image.py:97: in wrapper
    return function_to_decorate(*args)
page/find_images.py:149: in find_images
    mask = remove_black_border_in_image(blurimg_bc, page_angle, debug)
debug_image.py:97: in wrapper
    return function_to_decorate(*args)
page/find_images.py:97: in remove_black_border_in_image
    DebugImage.Level.DEBUG,
_ _ _ _ _ _ _ _ _ _ _ _ _ _ _ _ _ _ _ _ _ _ _ _ _ _ _ _ _ _ _ _ _ _ _ _ _ _ _ _ 

self = &lt;debug_image.DebugImage object at 0x7f0b99cd5810&gt;
img = array([[[  0,   0, 255],
        [  0,   0, 255],
        [  0,   0, 255],
        ...,
        [  0,   0, 255],
     ...[  0,   0, 255],
        ...,
        [  0,   0, 255],
        [  0,   0, 255],
        [  0,   0, 255]]], dtype=uint8)
level = &lt;Level.DEBUG: 1&gt;

    def image(self, img: np.ndarray, level: Level) -&gt; None:
        if level &gt;= self.__level:
            name = self.name()
            self.__next()
            self.__next_when_dec[0 : self.__sub_level] = [
                True for x in range(self.__sub_level)
            ]
&gt;           if not cv2.imwrite(name, img):
E           Failed: Timeout &gt;1.0s

debug_image.py:71: Failed</failure><system-out>--------------------------------- Captured Log ---------------------------------

--------------------------------- Captured Out ---------------------------------
/home/runner/work/ocr-book/ocr-book/tests/image_failed_to_crop_data.png

</system-out><system-err>--------------------------------- Captured Err ---------------------------------

~~~~~~~~~~~~~~~~~~~~~ Stack of &lt;unknown&gt; (139688607840000) ~~~~~~~~~~~~~~~~~~~~~
  File "/opt/hostedtoolcache/Python/3.7.9/x64/lib/python3.7/site-packages/execnet/gateway_base.py", line 285, in _perform_spawn
    reply.run()
  File "/opt/hostedtoolcache/Python/3.7.9/x64/lib/python3.7/site-packages/execnet/gateway_base.py", line 220, in run
    self._result = func(*args, **kwargs)
  File "/opt/hostedtoolcache/Python/3.7.9/x64/lib/python3.7/site-packages/execnet/gateway_base.py", line 967, in _thread_receiver
    msg = Message.from_io(io)
  File "/opt/hostedtoolcache/Python/3.7.9/x64/lib/python3.7/site-packages/execnet/gateway_base.py", line 432, in from_io
    header = io.read(9)  # type 1, channel 4, payload 4
  File "/opt/hostedtoolcache/Python/3.7.9/x64/lib/python3.7/site-packages/execnet/gateway_base.py", line 400, in read
    data = self._read(numbytes - len(buf))

</system-err></testcase><testcase classname="tests.test_images" name="test_crop_too_much_png" time="1.000"><failure message="Failed: Timeout &gt;1.0s">def test_crop_too_much_png() -&gt; None:
        """Reduce distance to ignore black area closed to the edge."""
        treat_file(
            MockDisableSeparatePage(MAX_VAL),
            get_absolute_from_current_path(__file__, "crop_too_much.png"),
            {
                ConstString.separation_double_page_angle(): (
                    "range",
                    Angle.deg(90.10),
                    Angle.deg(90.47),
                ),
                ConstString.separation_double_page_y(): ("range", 2453, 2463),
                ConstString.page_rotation(1): (
                    "range",
                    Angle.deg(-0.01),
                    Angle.deg(0.01),
                ),
                ConstString.page_rotation(2): (
                    "range",
                    Angle.deg(0.39),
                    Angle.deg(0.46),
                ),
                ConstString.image_crop(1, "x1"): ("range", 303, 303),
                ConstString.image_crop(1, "y1"): ("range", 148, 148),
                ConstString.image_crop(1, "x2"): ("range", 2313, 2313),
                ConstString.image_crop(1, "y2"): ("range", 3351, 3351),
                ConstString.image_crop(2, "x1"): ("range", 165, 180),
                ConstString.image_crop(2, "y1"): ("range", 154, 155),
                ConstString.image_crop(2, "x2"): ("range", 2177, 2191),
                ConstString.image_crop(2, "y2"): ("range", 3359, 3360),
                ConstString.image_dpi(1): ("difference", 300, 0.0000001),
                ConstString.image_border(1, 1): ("range", 116, 133),
                ConstString.image_border(1, 2): ("range", 151, 168),
                ConstString.image_border(1, 3): ("range", 225, 225),
                ConstString.image_border(1, 4): ("range", 225, 225),
                ConstString.image_dpi(2): ("difference", 300, 0.0000001),
                ConstString.image_border(2, 1): ("range", 95, 141),
                ConstString.image_border(2, 2): ("range", 142, 186),
                ConstString.image_border(2, 3): ("range", 223, 224),
&gt;               ConstString.image_border(2, 4): ("range", 223, 224),
            },
        )

tests/test_images.py:432: 
_ _ _ _ _ _ _ _ _ _ _ _ _ _ _ _ _ _ _ _ _ _ _ _ _ _ _ _ _ _ _ _ _ _ _ _ _ _ _ _ 
script.py:376: in treat_file
    debug,
script.py:301: in treat_file
    debug,
tests/mock_separate_page.py:23: in split_two_waves
    return super().split_two_waves(image, parameters, debug)
script.py:40: in split_two_waves
    debug,
debug_image.py:97: in wrapper
    return function_to_decorate(*args)
page/find_images.py:149: in find_images
    mask = remove_black_border_in_image(blurimg_bc, page_angle, debug)
debug_image.py:97: in wrapper
    return function_to_decorate(*args)
page/find_images.py:124: in remove_black_border_in_image
    page_angle,
_ _ _ _ _ _ _ _ _ _ _ _ _ _ _ _ _ _ _ _ _ _ _ _ _ _ _ _ _ _ _ _ _ _ _ _ _ _ _ _ 

cnt = array([[[ 479,    0]],

       [[ 479,    4]],

       [[ 480,    4]],

       ...,

       [[4894, 3506]],

       [[4959, 3506]],

       [[4959,    0]]], dtype=int32)
threshold2 = array([[255, 255, 255, ..., 255, 255, 255],
       [255, 255, 255, ..., 255, 255, 255],
       [255, 255, 255, ..., 25..., 255, 255, 255],
       [255, 255, 255, ..., 255, 255, 255],
       [255, 255, 255, ..., 255, 255, 255]], dtype=uint8)
mask_border_only = array([[255, 255, 255, ..., 255, 255, 255],
       [255, 255, 255, ..., 255, 255, 255],
       [255, 255, 255, ..., 25..., 255, 255, 255],
       [255, 255, 255, ..., 255, 255, 255],
       [255, 255, 255, ..., 255, 255, 255]], dtype=uint8)
epsilon = (5, 3.0°), page_angle = 0.0°

    def insert_border_in_mask(
        cnt: np.ndarray,
        threshold2: np.ndarray,
        mask_border_only: np.ndarray,
        epsilon: Tuple[int, Angle],
        page_angle: Angle,
    ) -&gt; None:
        __pourcentage_white_allowed__ = 0.01
        epsilon_border, epsilon_angle = epsilon
        height, width = get_hw(threshold2)
        cnt2 = cnt[cnt[:, 0, 0] &gt; epsilon_border]
        cnt3 = cnt2[cnt2[:, 0, 0] &lt; width - 1 - epsilon_border]
        cnt4 = cnt3[cnt3[:, 0, 1] &gt; epsilon_border]
        cnt5 = cnt4[cnt4[:, 0, 1] &lt; height - 1 - epsilon_border]
        if len(cnt5) == 0:
            return
        contour_approximate = cv2.approxPolyDP(cnt5, epsilon_border, True)
        all_pair = list(compute.iterator_zip_n_n_1(contour_approximate))
        all_pair_no_single_pixel = list(
            filter(
                lambda x: x[0][0][0] != x[1][0][0] or x[0][0][1] != x[1][0][1],
                all_pair,
            )
        )
        all_angles = list(
            map(
                lambda x: (
                    (x[0][0], x[1][0]),
                    compute.get_angle_0_180(x[0][0], x[1][0]),
                    np.linalg.norm(x[0][0] - x[1][0]),
                ),
                all_pair_no_single_pixel,
            )
        )
        vertical_lines = list(
            filter(
                lambda x: compute.is_angle_closed_to(
                    x[1],
                    page_angle + Angle.deg(90.0),
                    epsilon_angle,
                    Angle.deg(180),
                ),
                all_angles,
            )
        )
        horizontal_lines = list(
            filter(
                lambda x: compute.is_angle_closed_to(
                    x[1], page_angle, epsilon_angle, Angle.deg(180)
                ),
                all_angles,
            )
        )
        vertical_lines_pos = list(
            map(
                lambda x: (
                    compute.get_angle_0_180_posx_safe(x[0][0], x[0][1])[1],
                    x[1],
                ),
                vertical_lines,
            )
        )
        horizontal_lines_pos = list(
            map(
                lambda x: (
                    compute.get_angle_0_180_posy_safe(x[0][0], x[0][1])[1],
                    x[1],
                ),
                horizontal_lines,
            )
        )
        vertical_lines_pos.sort(key=lambda x: x[0])
        horizontal_lines_pos.sort(key=lambda x: x[0])
        for posx, angle in vertical_lines_pos:
&gt;           mask = np.zeros((height, width), np.uint8)
E           Failed: Timeout &gt;1.0s

cv2ext.py:755: Failed</failure><system-out>--------------------------------- Captured Log ---------------------------------

--------------------------------- Captured Out ---------------------------------
[...]
  File "/opt/hostedtoolcache/Python/3.7.9/x64/lib/python3.7/site-packages/execnet/gateway_base.py", line 400, in read
    data = self._read(numbytes - len(buf))

</system-err></testcase><testcase classname="tests.test_images" name="test_single_page_png" time="1.127"><failure message="Failed: Timeout &gt;1.0s">def test_single_page_png() -&gt; None:
        """Detect that the scan is single page."""
        treat_file(
            MockDisableSeparatePage(MAX_VAL),
            get_absolute_from_current_path(__file__, "single_page.png"),
            {
                ConstString.separation_double_page_angle(): (
                    "range",
                    Angle.deg(89.97),
                    Angle.deg(90.06),
                ),
                ConstString.separation_double_page_y(): ("range", 2469, 2476),
                ConstString.page_rotation(1): (
                    "range",
                    Angle.deg(-0.01),
                    Angle.deg(0.01),
                ),
                ConstString.page_rotation(2): (
                    "range",
                    Angle.deg(-0.01),
                    Angle.deg(0.01),
                ),
                ConstString.image_crop(1, "x1"): ("range", 1, 1),
                ConstString.image_crop(1, "y1"): ("range", 8, 9),
                ConstString.image_crop(1, "x2"): ("range", 2464, 2470),
                ConstString.image_crop(1, "y2"): ("range", 3505, 3505),
                ConstString.image_crop(2, "x1"): ("range", 0, 0),
                ConstString.image_crop(2, "y1"): ("range", 0, 0),
                ConstString.image_crop(2, "x2"): ("range", 0, 0),
                ConstString.image_crop(2, "y2"): ("range", 0, 0),
                ConstString.image_dpi(1): ("difference", 300, 0.0000001),
                ConstString.image_border(1, 1): ("range", 5, 6),
                ConstString.image_border(1, 2): ("range", 5, 6),
                ConstString.image_border(1, 3): ("range", 6, 9),
                ConstString.image_border(1, 4): ("range", 6, 9),
                ConstString.image_dpi(2): ("difference", 300, 0.0000001),
                ConstString.image_border(2, 1): ("range", 0, 0),
                ConstString.image_border(2, 2): ("range", 0, 0),
                ConstString.image_border(2, 3): ("range", 0, 0),
&gt;               ConstString.image_border(2, 4): ("range", 0, 0),
            },
        )

tests/test_images.py:1203: 
_ _ _ _ _ _ _ _ _ _ _ _ _ _ _ _ _ _ _ _ _ _ _ _ _ _ _ _ _ _ _ _ _ _ _ _ _ _ _ _ 
script.py:376: in treat_file
    debug,
script.py:301: in treat_file
    debug,
tests/mock_separate_page.py:23: in split_two_waves
    return super().split_two_waves(image, parameters, debug)
script.py:40: in split_two_waves
    debug,
debug_image.py:97: in wrapper
    return function_to_decorate(*args)
page/find_images.py:149: in find_images
    mask = remove_black_border_in_image(blurimg_bc, page_angle, debug)
debug_image.py:97: in wrapper
    return function_to_decorate(*args)
page/find_images.py:97: in remove_black_border_in_image
    DebugImage.Level.DEBUG,
_ _ _ _ _ _ _ _ _ _ _ _ _ _ _ _ _ _ _ _ _ _ _ _ _ _ _ _ _ _ _ _ _ _ _ _ _ _ _ _ 

self = &lt;debug_image.DebugImage object at 0x7f0b99cd5810&gt;
img = array([[[122, 122, 122],
        [121, 121, 121],
        [121, 121, 121],
        ...,
        [ 19,  19,  19],
     ...[156, 156, 156],
        ...,
        [  4,   4,   4],
        [  4,   4,   4],
        [  4,   4,   4]]], dtype=uint8)
level = &lt;Level.DEBUG: 1&gt;

    def image(self, img: np.ndarray, level: Level) -&gt; None:
        if level &gt;= self.__level:
            name = self.name()
            self.__next()
            self.__next_when_dec[0 : self.__sub_level] = [
                True for x in range(self.__sub_level)
            ]
&gt;           if not cv2.imwrite(name, img):
E           Failed: Timeout &gt;1.0s

debug_image.py:71: Failed</failure><system-out>--------------------------------- Captured Log ---------------------------------

--------------------------------- Captured Out ---------------------------------
/home/runner/work/ocr-book/ocr-book/tests/single_page.png

</system-out><system-err>--------------------------------- Captured Err ---------------------------------

~~~~~~~~~~~~~~~~~~~~~ Stack of &lt;unknown&gt; (139688607840000) ~~~~~~~~~~~~~~~~~~~~~
  File "/opt/hostedtoolcache/Python/3.7.9/x64/lib/python3.7/site-packages/execnet/gateway_base.py", line 285, in _perform_spawn
    reply.run()
  File "/opt/hostedtoolcache/Python/3.7.9/x64/lib/python3.7/site-packages/execnet/gateway_base.py", line 220, in run
    self._result = func(*args, **kwargs)
  File "/opt/hostedtoolcache/Python/3.7.9/x64/lib/python3.7/site-packages/execnet/gateway_base.py", line 967, in _thread_receiver
    msg = Message.from_io(io)
  File "/opt/hostedtoolcache/Python/3.7.9/x64/lib/python3.7/site-packages/execnet/gateway_base.py", line 432, in from_io
    header = io.read(9)  # type 1, channel 4, payload 4
  File "/opt/hostedtoolcache/Python/3.7.9/x64/lib/python3.7/site-packages/execnet/gateway_base.py", line 400, in read
    data = self._read(numbytes - len(buf))

</system-err></testcase><testcase classname="tests.test_images" name="test_no_split_line_wave_algo_3_png" time="1.029"><failure message="Failed: Timeout &gt;1.0s">def test_no_split_line_wave_algo_3_png() -&gt; None:
        """Failed to detect wave due to missing wave at the bottom."""
        treat_file(
            MockDisableSeparatePage(MAX_VAL),
            get_absolute_from_current_path(
                __file__, "no_split_line_wave_algo_3.png"
            ),
            {
                ConstString.separation_double_page_angle(): (
                    "range",
                    Angle.deg(90.16),
                    Angle.deg(90.21),
                ),
                ConstString.separation_double_page_y(): ("range", 2403, 2408),
                ConstString.page_rotation(1): (
                    "range",
                    Angle.deg(-0.01),
                    Angle.deg(0.16),
                ),
                ConstString.page_rotation(2): (
                    "range",
                    Angle.deg(-0.01),
                    Angle.deg(0.16),
                ),
                ConstString.image_crop(1, "x1"): ("range", 184, 188),
                ConstString.image_crop(1, "y1"): ("range", 2957, 2959),
                ConstString.image_crop(1, "x2"): ("range", 2201, 2205),
                ConstString.image_crop(1, "y2"): ("range", 3201, 3202),
                ConstString.image_crop(2, "x1"): ("range", 0, 0),
                ConstString.image_crop(2, "y1"): ("range", 0, 0),
                ConstString.image_crop(2, "x2"): ("range", 0, 0),
                ConstString.image_crop(2, "y2"): ("range", 0, 0),
                ConstString.image_dpi(1): ("difference", 300, 0.0000001),
                ConstString.image_border(1, 1): ("range", 2950, 2956),
                ConstString.image_border(1, 2): ("range", 289, 292),
                ConstString.image_border(1, 3): ("range", 221, 221),
                ConstString.image_border(1, 4): ("range", 221, 221),
                ConstString.image_dpi(2): ("difference", 300, 0.0000001),
                ConstString.image_border(2, 1): ("range", 0, 0),
                ConstString.image_border(2, 2): ("range", 0, 0),
                ConstString.image_border(2, 3): ("range", 0, 0),
&gt;               ConstString.image_border(2, 4): ("range", 0, 0),
            },
        )

tests/test_images.py:1249: 
_ _ _ _ _ _ _ _ _ _ _ _ _ _ _ _ _ _ _ _ _ _ _ _ _ _ _ _ _ _ _ _ _ _ _ _ _ _ _ _ 
script.py:376: in treat_file
    debug,
script.py:301: in treat_file
    debug,
tests/mock_separate_page.py:23: in split_two_waves
    return super().split_two_waves(image, parameters, debug)
script.py:40: in split_two_waves
    debug,
debug_image.py:97: in wrapper
    return function_to_decorate(*args)
page/find_images.py:173: in find_images
    debug.image(dilated, DebugImage.Level.DEBUG)
_ _ _ _ _ _ _ _ _ _ _ _ _ _ _ _ _ _ _ _ _ _ _ _ _ _ _ _ _ _ _ _ _ _ _ _ _ _ _ _ 

self = &lt;debug_image.DebugImage object at 0x7f8f828371d0&gt;
img = array([[255, 255, 255, ..., 255, 255, 255],
       [255, 255, 255, ..., 255, 255, 255],
       [255, 255, 255, ..., 25..., 255, 255, 255],
       [255, 255, 255, ..., 255, 255, 255],
       [255, 255, 255, ..., 255, 255, 255]], dtype=uint8)
level = &lt;Level.DEBUG: 1&gt;

    def image(self, img: np.ndarray, level: Level) -&gt; None:
        if level &gt;= self.__level:
            name = self.name()
            self.__next()
            self.__next_when_dec[0 : self.__sub_level] = [
                True for x in range(self.__sub_level)
            ]
&gt;           if not cv2.imwrite(name, img):
E           Failed: Timeout &gt;1.0s

debug_image.py:71: Failed</failure><system-out>--------------------------------- Captured Log ---------------------------------

--------------------------------- Captured Out ---------------------------------
/home/runner/work/ocr-book/ocr-book/tests/no_split_line_wave_algo_3.png

</system-out><system-err>--------------------------------- Captured Err ---------------------------------

~~~~~~~~~~~~~~~~~~~~~ Stack of &lt;unknown&gt; (140255151032064) ~~~~~~~~~~~~~~~~~~~~~
  File "/opt/hostedtoolcache/Python/3.7.9/x64/lib/python3.7/site-packages/execnet/gateway_base.py", line 285, in _perform_spawn
    reply.run()
  File "/opt/hostedtoolcache/Python/3.7.9/x64/lib/python3.7/site-packages/execnet/gateway_base.py", line 220, in run
    self._result = func(*args, **kwargs)
  File "/opt/hostedtoolcache/Python/3.7.9/x64/lib/python3.7/site-packages/execnet/gateway_base.py", line 967, in _thread_receiver
    msg = Message.from_io(io)
  File "/opt/hostedtoolcache/Python/3.7.9/x64/lib/python3.7/site-packages/execnet/gateway_base.py", line 432, in from_io
    header = io.read(9)  # type 1, channel 4, payload 4
  File "/opt/hostedtoolcache/Python/3.7.9/x64/lib/python3.7/site-packages/execnet/gateway_base.py", line 400, in read
    data = self._read(numbytes - len(buf))

</system-err></testcase><testcase classname="tests.test_images" name="test_wrong_split_line_4_png" time="1.019"><failure message="Failed: Timeout &gt;1.0s">def test_wrong_split_line_4_png() -&gt; None:
        """Detect wrong split line with line algo."""
        treat_file(
            MockDisableSeparatePage(MAX_VAL),
            get_absolute_from_current_path(
                __file__, "wrong_split_line_4.png"
            ),
            {
                ConstString.separation_double_page_angle(): (
                    "range",
                    Angle.deg(91.04),
                    Angle.deg(91.06),
                ),
                ConstString.separation_double_page_y(): ("range", 60, 60),
                ConstString.page_rotation(1): (
                    "range",
                    Angle.deg(1.04),
                    Angle.deg(1.06),
                ),
                ConstString.page_rotation(2): (
                    "range",
                    Angle.deg(1.14),
                    Angle.deg(1.16),
                ),
                ConstString.image_crop(1, "x1"): ("range", 0, 0),
                ConstString.image_crop(1, "y1"): ("range", 0, 0),
                ConstString.image_crop(1, "x2"): ("range", 0, 0),
                ConstString.image_crop(1, "y2"): ("range", 0, 0),
                ConstString.image_crop(2, "x1"): ("range", 292, 292),
                ConstString.image_crop(2, "y1"): ("range", 330, 330),
                ConstString.image_crop(2, "x2"): ("range", 2314, 2314),
                ConstString.image_crop(2, "y2"): ("range", 3218, 3218),
                ConstString.image_dpi(1): ("difference", 300, 0.0000001),
                ConstString.image_border(1, 1): ("range", 0, 0),
                ConstString.image_border(1, 2): ("range", 0, 0),
                ConstString.image_border(1, 3): ("range", 0, 0),
                ConstString.image_border(1, 4): ("range", 0, 0),
                ConstString.image_dpi(2): ("difference", 300, 0.0000001),
                ConstString.image_border(2, 1): ("range", 322, 322),
                ConstString.image_border(2, 2): ("range", 277, 277),
                ConstString.image_border(2, 3): ("range", 219, 219),
&gt;               ConstString.image_border(2, 4): ("range", 219, 219),
            },
        )

tests/test_images.py:1295: 
_ _ _ _ _ _ _ _ _ _ _ _ _ _ _ _ _ _ _ _ _ _ _ _ _ _ _ _ _ _ _ _ _ _ _ _ _ _ _ _ 
script.py:376: in treat_file
    debug,
script.py:301: in treat_file
    debug,
tests/mock_separate_page.py:23: in split_two_waves
    return super().split_two_waves(image, parameters, debug)
script.py:40: in split_two_waves
    debug,
debug_image.py:97: in wrapper
    return function_to_decorate(*args)
page/find_images.py:187: in find_images
    debug.image(morpho1, DebugImage.Level.DEBUG)
_ _ _ _ _ _ _ _ _ _ _ _ _ _ _ _ _ _ _ _ _ _ _ _ _ _ _ _ _ _ _ _ _ _ _ _ _ _ _ _ 

self = &lt;debug_image.DebugImage object at 0x7f0b99cd5810&gt;
img = array([[0, 0, 0, ..., 0, 0, 0],
       [0, 0, 0, ..., 0, 0, 0],
       [0, 0, 0, ..., 0, 0, 0],
       ...,
       [0, 0, 0, ..., 0, 0, 0],
       [0, 0, 0, ..., 0, 0, 0],
       [0, 0, 0, ..., 0, 0, 0]], dtype=uint8)
level = &lt;Level.DEBUG: 1&gt;

    def image(self, img: np.ndarray, level: Level) -&gt; None:
        if level &gt;= self.__level:
            name = self.name()
            self.__next()
            self.__next_when_dec[0 : self.__sub_level] = [
                True for x in range(self.__sub_level)
            ]
&gt;           if not cv2.imwrite(name, img):
E           Failed: Timeout &gt;1.0s

debug_image.py:71: Failed</failure><system-out>--------------------------------- Captured Log ---------------------------------

--------------------------------- Captured Out ---------------------------------
/home/runner/work/ocr-book/ocr-book/tests/wrong_split_line_4.png

</system-out><system-err>--------------------------------- Captured Err ---------------------------------

~~~~~~~~~~~~~~~~~~~~~ Stack of &lt;unknown&gt; (139688607840000) ~~~~~~~~~~~~~~~~~~~~~
  File "/opt/hostedtoolcache/Python/3.7.9/x64/lib/python3.7/site-packages/execnet/gateway_base.py", line 285, in _perform_spawn
    reply.run()
  File "/opt/hostedtoolcache/Python/3.7.9/x64/lib/python3.7/site-packages/execnet/gateway_base.py", line 220, in run
    self._result = func(*args, **kwargs)
  File "/opt/hostedtoolcache/Python/3.7.9/x64/lib/python3.7/site-packages/execnet/gateway_base.py", line 967, in _thread_receiver
    msg = Message.from_io(io)
  File "/opt/hostedtoolcache/Python/3.7.9/x64/lib/python3.7/site-packages/execnet/gateway_base.py", line 432, in from_io
    header = io.read(9)  # type 1, channel 4, payload 4
  File "/opt/hostedtoolcache/Python/3.7.9/x64/lib/python3.7/site-packages/execnet/gateway_base.py", line 400, in read
    data = self._read(numbytes - len(buf))

</system-err></testcase><testcase classname="tests.test_images" name="test_failed_split_line_line_algo_3_png" time="1.092"><failure message="Failed: Timeout &gt;1.0s">def test_failed_split_line_line_algo_3_png() -&gt; None:
        """get_rectangle_from_contour_hough_lines fails
        because fewer than 4 lines are detected."""
        treat_file(
            MockDisableSeparatePage(MAX_VAL),
            get_absolute_from_current_path(
                __file__, "failed_split_line_line_algo_3.png"
            ),
            {
                ConstString.separation_double_page_angle(): (
                    "range",
                    Angle.deg(89.99),
                    Angle.deg(90.01),
                ),
                ConstString.separation_double_page_y(): ("range", 40, 40),
                ConstString.page_rotation(1): (
                    "range",
                    Angle.deg(-0.01),
                    Angle.deg(0.01),
                ),
                ConstString.page_rotation(2): (
                    "range",
                    Angle.deg(-0.01),
                    Angle.deg(0.01),
                ),
                ConstString.image_crop(1, "x1"): ("range", 0, 0),
                ConstString.image_crop(1, "y1"): ("range", 0, 0),
                ConstString.image_crop(1, "x2"): ("range", 0, 0),
                ConstString.image_crop(1, "y2"): ("range", 0, 0),
                ConstString.image_crop(2, "x1"): ("range", 246, 246),
                ConstString.image_crop(2, "y1"): ("range", 154, 154),
                ConstString.image_crop(2, "x2"): ("range", 2259, 2259),
                ConstString.image_crop(2, "y2"): ("range", 3361, 3361),
                ConstString.image_dpi(1): ("difference", 300, 0.0000001),
                ConstString.image_border(1, 1): ("range", 0, 0),
                ConstString.image_border(1, 2): ("range", 0, 0),
                ConstString.image_border(1, 3): ("range", 0, 0),
                ConstString.image_border(1, 4): ("range", 0, 0),
                ConstString.image_dpi(2): ("difference", 300, 0.0000001),
                ConstString.image_border(2, 1): ("range", 146, 146),
                ConstString.image_border(2, 2): ("range", 134, 134),
                ConstString.image_border(2, 3): ("range", 223, 223),
&gt;               ConstString.image_border(2, 4): ("range", 223, 223),
            },
        )

tests/test_images.py:1342: 
_ _ _ _ _ _ _ _ _ _ _ _ _ _ _ _ _ _ _ _ _ _ _ _ _ _ _ _ _ _ _ _ _ _ _ _ _ _ _ _ 
script.py:376: in treat_file
    debug,
script.py:301: in treat_file
    debug,
tests/mock_separate_page.py:23: in split_two_waves
    return super().split_two_waves(image, parameters, debug)
script.py:40: in split_two_waves
    debug,
debug_image.py:97: in wrapper
    return function_to_decorate(*args)
page/find_images.py:204: in find_images
    debug.image(debug_image_contours, DebugImage.Level.DEBUG)
_ _ _ _ _ _ _ _ _ _ _ _ _ _ _ _ _ _ _ _ _ _ _ _ _ _ _ _ _ _ _ _ _ _ _ _ _ _ _ _ 

self = &lt;debug_image.DebugImage object at 0x7f8f828371d0&gt;
img = array([[[255, 255, 255],
        [255, 255, 255],
        [255, 255, 255],
        ...,
        [255, 255, 255],
     ...[255, 255, 255],
        ...,
        [255, 255, 255],
        [255, 255, 255],
        [255, 255, 255]]], dtype=uint8)
level = &lt;Level.DEBUG: 1&gt;

    def image(self, img: np.ndarray, level: Level) -&gt; None:
        if level &gt;= self.__level:
            name = self.name()
            self.__next()
            self.__next_when_dec[0 : self.__sub_level] = [
                True for x in range(self.__sub_level)
            ]
&gt;           if not cv2.imwrite(name, img):
E           Failed: Timeout &gt;1.0s

debug_image.py:71: Failed</failure><system-out>--------------------------------- Captured Log ---------------------------------

--------------------------------- Captured Out ---------------------------------
/home/runner/work/ocr-book/ocr-book/tests/failed_split_line_line_algo_3.png

</system-out><system-err>--------------------------------- Captured Err ---------------------------------

~~~~~~~~~~~~~~~~~~~~~ Stack of &lt;unknown&gt; (140255151032064) ~~~~~~~~~~~~~~~~~~~~~
  File "/opt/hostedtoolcache/Python/3.7.9/x64/lib/python3.7/site-packages/execnet/gateway_base.py", line 285, in _perform_spawn
    reply.run()
  File "/opt/hostedtoolcache/Python/3.7.9/x64/lib/python3.7/site-packages/execnet/gateway_base.py", line 220, in run
    self._result = func(*args, **kwargs)
  File "/opt/hostedtoolcache/Python/3.7.9/x64/lib/python3.7/site-packages/execnet/gateway_base.py", line 967, in _thread_receiver
    msg = Message.from_io(io)
  File "/opt/hostedtoolcache/Python/3.7.9/x64/lib/python3.7/site-packages/execnet/gateway_base.py", line 432, in from_io
    header = io.read(9)  # type 1, channel 4, payload 4
  File "/opt/hostedtoolcache/Python/3.7.9/x64/lib/python3.7/site-packages/execnet/gateway_base.py", line 400, in read
    data = self._read(numbytes - len(buf))

</system-err></testcase></testsuite></testsuites>