<?xml version="1.0" encoding="utf-8"?><testsuites><testsuite errors="0" failures="0" hostname="travis-job-a2189044-1803-40a0-a8d1-01aeb156a439" name="pytest" skipped="0" tests="4" time="317.299" timestamp="2020-10-21T21:24:00.129244"><testcase classname="tests.test_images" name="test_0001_png" time="74.258"><system-out>--------------------------------- Captured Log ---------------------------------

--------------------------------- Captured Out ---------------------------------
0001.png
1603315482725402880 : Checking separation double page angle 90.5270406818651
1603315482725548288 : Checking separation double page y=0 2485
1603315496080459008 : Checking page rotation 1 0.7000000000000001
1603315513262398464 : Checking page rotation 2 0.2
1603315513901124096 : Checking image 1 crop x1 332
1603315513901215488 : Checking image 1 crop y1 336
1603315513901249536 : Checking image 1 crop x2 2343
1603315513901282048 : Checking image 1 crop y2 3223
1603315514530969088 : Checking image 2 crop x1 169
1603315514531057152 : Checking image 2 crop y1 649
1603315514531091712 : Checking image 2 crop x2 2183
1603315514531123968 : Checking image 2 crop y2 3360
1603315514584591872 : Checking image 1 dpi 300
1603315514584782336 : Checking image 1 border top 325
1603315514584818176 : Checking image 1 border bottom 275
1603315514584846848 : Checking image 1 border left 224
1603315514584875008 : Checking image 1 border right 224
1603315514586693888 : Checking image 2 dpi 300
1603315514586821632 : Checking image 2 border top 672
1603315514586851584 : Checking image 2 border bottom 104
1603315514586880000 : Checking image 2 border left 223
1603315514586907648 : Checking image 2 border right 223

</system-out><system-err>--------------------------------- Captured Err ---------------------------------

</system-err></testcase><testcase classname="tests.test_images" name="test_2_pages_2_contours_png" time="35.791"><system-out>--------------------------------- Captured Log ---------------------------------

--------------------------------- Captured Out ---------------------------------
2-pages-2-contours.png
1603315536059086336 : Checking separation double page angle 90.2210765693812
1603315536059188736 : Checking separation double page y=0 2487
1603315537943482368 : Checking page rotation 1 0.0
1603315549324328192 : Checking page rotation 2 0.35000000000000003
1603315549800304384 : Checking image 1 crop x1 1183
1603315549800379392 : Checking image 1 crop y1 1720
1603315549800408576 : Checking image 1 crop x2 1184
1603315549800436736 : Checking image 1 crop y2 1721
1603315550361380096 : Checking image 2 crop x1 109
1603315550361481216 : Checking image 2 crop y1 241
1603315550361515008 : Checking image 2 crop x2 2154
1603315550361548288 : Checking image 2 crop y2 3239
1603315550388311296 : Checking image 1 dpi 300
1603315550388416768 : Checking image 1 border top 1752
1603315550388454656 : Checking image 1 border bottom 1753
1603315550388483584 : Checking image 1 border left 1239
1603315550388511232 : Checking image 1 border right 1239
1603315550389636864 : Checking image 2 dpi 300
1603315550389762048 : Checking image 2 border top 230
1603315550389792768 : Checking image 2 border bottom 259
1603315550389821696 : Checking image 2 border left 207
1603315550389849856 : Checking image 2 border right 207

</system-out><system-err>--------------------------------- Captured Err ---------------------------------

</system-err></testcase><testcase classname="tests.test_images" name="test_black_border_not_removed_png" time="86.759"><system-out>--------------------------------- Captured Log ---------------------------------

--------------------------------- Captured Out ---------------------------------
black-border-not-removed.png
1603315601702241792 : Checking separation double page angle 89.96520148719509
1603315601702336000 : Checking separation double page y=0 2454
1603315615689172736 : Checking page rotation 1 0.0
1603315635753397760 : Checking page rotation 2 0.0
1603315636412865536 : Checking image 1 crop x1 298
1603315636412954880 : Checking image 1 crop y1 144
1603315636412988672 : Checking image 1 crop x2 2308
1603315636413020928 : Checking image 1 crop y2 3346
1603315637086964992 : Checking image 2 crop x1 158
1603315637087060992 : Checking image 2 crop y1 146
1603315637087094784 : Checking image 2 crop x2 2169
1603315637087127552 : Checking image 2 crop y2 3351
1603315637142217984 : Checking image 1 dpi 300
1603315637142352128 : Checking image 1 border top 129
1603315637142383616 : Checking image 1 border bottom 156
1603315637142412800 : Checking image 1 border left 225
1603315637142441216 : Checking image 1 border right 225
1603315637144092928 : Checking image 2 dpi 300
1603315637144218368 : Checking image 2 border top 131
1603315637144248832 : Checking image 2 border bottom 151
1603315637144277504 : Checking image 2 border left 224
1603315637144305920 : Checking image 2 border right 224

</system-out><system-err>--------------------------------- Captured Err ---------------------------------

</system-err></testcase><testcase classname="tests.test_images" name="test_image_failed_to_rotate_png" time="119.361"><system-out>--------------------------------- Captured Log ---------------------------------

--------------------------------- Captured Out ---------------------------------
image_failed_to_rotate.png
1603315668894481664 : Checking separation double page angle 90.32101699455094
1603315668894593024 : Checking separation double page y=0 2487
1603315674522791680 : Checking page rotation 1 0.30000000000000004
1603315688217966080 : Checking page rotation 2 0.4
1603315755608199424 : Checking image 1 crop x1 86
1603315755608310784 : Checking image 1 crop y1 6
1603315755608346112 : Checking image 1 crop x2 2480
1603315755608379392 : Checking image 1 crop y2 3483
1603315756277579008 : Checking image 2 crop x1 171
1603315756277668352 : Checking image 2 crop y1 235
1603315756277702144 : Checking image 2 crop x2 2250
1603315756277734400 : Checking image 2 crop y2 3355
1603315756422208512 : Checking image 1 dpi 300
1603315756422347264 : Checking image 1 border top 15
1603315756422380032 : Checking image 1 border bottom 15
1603315756422408704 : Checking image 1 border left 43
1603315756422445312 : Checking image 1 border right 43
1603315756424149248 : Checking image 2 dpi 300
1603315756424282880 : Checking image 2 border top 207
1603315756424312832 : Checking image 2 border bottom 160
1603315756424341760 : Checking image 2 border left 190
1603315756424370944 : Checking image 2 border right 190

</system-out><system-err>--------------------------------- Captured Err ---------------------------------

</system-err></testcase></testsuite></testsuites>