<?xml version="1.0" encoding="utf-8"?><testsuites><testsuite errors="0" failures="0" hostname="fv-az18-192" name="pytest" skipped="0" tests="34" time="952.739" timestamp="2020-12-12T14:52:39.187444"><testcase classname="tests.test_features" name="test_mock_stop_at_0" time="0.046"><system-out>--------------------------------- Captured Log ---------------------------------

--------------------------------- Captured Out ---------------------------------
/home/runner/work/ocr-book/ocr-book/tests/0001_0.png

</system-out><system-err>--------------------------------- Captured Err ---------------------------------

</system-err></testcase><testcase classname="tests.test_features" name="test_disabled_enable_debug" time="45.932"><system-out>--------------------------------- Captured Log ---------------------------------

--------------------------------- Captured Out ---------------------------------
/home/runner/work/ocr-book/ocr-book/tests/0001_debug.png
separation double page angle 90.57780420099766
separation double page y=0 2487
page rotation 1 0.75
page rotation 2 0.2
image 1 crop x1 330
image 1 crop y1 336
image 1 crop x2 2343
image 1 crop y2 3223
image 2 crop x1 169
image 2 crop y1 648
image 2 crop x2 2186
image 2 crop y2 3361
image 1 dpi 300
image 1 border top 318
image 1 border bottom 282
image 1 border left 223
image 1 border right 223
image 2 dpi 300
image 2 border top 643
image 2 border bottom 131
image 2 border left 221
image 2 border right 221

</system-out><system-err>--------------------------------- Captured Err ---------------------------------

</system-err></testcase><testcase classname="tests.test_features" name="test_mock_stop_at_2" time="41.672"><system-out>--------------------------------- Captured Log ---------------------------------

--------------------------------- Captured Out ---------------------------------
/home/runner/work/ocr-book/ocr-book/tests/0001_2.png
separation double page angle 90.57780420099766
separation double page y=0 2487
page rotation 1 0.75
page rotation 2 0.2

</system-out><system-err>--------------------------------- Captured Err ---------------------------------

</system-err></testcase><testcase classname="tests.test_features" name="test_mock_stop_at_4" time="44.545"><system-out>--------------------------------- Captured Log ---------------------------------

--------------------------------- Captured Out ---------------------------------
/home/runner/work/ocr-book/ocr-book/tests/0001_4.png
separation double page angle 90.57780420099766
separation double page y=0 2487
page rotation 1 0.75
page rotation 2 0.2
image 1 crop x1 330
image 1 crop y1 336
image 1 crop x2 2343
image 1 crop y2 3223
image 2 crop x1 169
image 2 crop y1 648
image 2 crop x2 2186
image 2 crop y2 3361
image 1 dpi 300
image 1 border top 318
image 1 border bottom 282
image 1 border left 223
image 1 border right 223
image 2 dpi 300
image 2 border top 643
image 2 border bottom 131
image 2 border left 221
image 2 border right 221

</system-out><system-err>--------------------------------- Captured Err ---------------------------------

</system-err></testcase><testcase classname="tests.test_features" name="test_mock_stop_at_1" time="26.557"><system-out>--------------------------------- Captured Log ---------------------------------

--------------------------------- Captured Out ---------------------------------
/home/runner/work/ocr-book/ocr-book/tests/0001_1.png
separation double page angle 90.57780420099766
separation double page y=0 2487

</system-out><system-err>--------------------------------- Captured Err ---------------------------------

</system-err></testcase><testcase classname="tests.test_features" name="test_mock_stop_at_3" time="43.479"><system-out>--------------------------------- Captured Log ---------------------------------

--------------------------------- Captured Out ---------------------------------
/home/runner/work/ocr-book/ocr-book/tests/0001_3.png
separation double page angle 90.57780420099766
separation double page y=0 2487
page rotation 1 0.75
page rotation 2 0.2
image 1 crop x1 330
image 1 crop y1 336
image 1 crop x2 2343
image 1 crop y2 3223
image 2 crop x1 169
image 2 crop y1 648
image 2 crop x2 2186
image 2 crop y2 3361

</system-out><system-err>--------------------------------- Captured Err ---------------------------------

</system-err></testcase><testcase classname="tests.test_images" name="test_0001_png" time="54.270"><system-out>--------------------------------- Captured Log ---------------------------------

--------------------------------- Captured Out ---------------------------------
/home/runner/work/ocr-book/ocr-book/tests/0001.png
1607784877762474210 : Checking separation double page angle 90.57780420099766
1607784877762598512 : Checking separation double page y=0 2487
1607784884898821767 : Checking page rotation 1 0.75
1607784893849590153 : Checking page rotation 2 0.2
1607784897386083195 : Checking image 1 crop x1 330
1607784897386216196 : Checking image 1 crop y1 336
1607784897386253797 : Checking image 1 crop x2 2343
1607784897386287197 : Checking image 1 crop y2 3223
1607784900566106666 : Checking image 2 crop x1 169
1607784900566234368 : Checking image 2 crop y1 648
1607784900566274368 : Checking image 2 crop x2 2186
1607784900566307769 : Checking image 2 crop y2 3361
1607784900596980933 : Checking image 1 dpi 300
1607784900597084834 : Checking image 1 border top 318
1607784900597119234 : Checking image 1 border bottom 282
1607784900597151135 : Checking image 1 border left 223
1607784900597182635 : Checking image 1 border right 223
1607784900599570563 : Checking image 2 dpi 300
1607784900599651864 : Checking image 2 border top 643
1607784900599685065 : Checking image 2 border bottom 131
1607784900599717565 : Checking image 2 border left 221
1607784900599748865 : Checking image 2 border right 221

</system-out><system-err>--------------------------------- Captured Err ---------------------------------

</system-err></testcase><testcase classname="tests.test_features" name="test_mock_stop_at_5" time="43.691"><system-out>--------------------------------- Captured Log ---------------------------------

--------------------------------- Captured Out ---------------------------------
/home/runner/work/ocr-book/ocr-book/tests/0001_5.png
separation double page angle 90.57780420099766
separation double page y=0 2487
page rotation 1 0.75
page rotation 2 0.2
image 1 crop x1 330
image 1 crop y1 336
image 1 crop x2 2343
image 1 crop y2 3223
image 2 crop x1 169
image 2 crop y1 648
image 2 crop x2 2186
image 2 crop y2 3361
image 1 dpi 300
image 1 border top 318
image 1 border bottom 282
image 1 border left 223
image 1 border right 223
image 2 dpi 300
image 2 border top 643
image 2 border bottom 131
image 2 border left 221
image 2 border right 221

</system-out><system-err>--------------------------------- Captured Err ---------------------------------

</system-err></testcase><testcase classname="tests.test_images" name="test_2_pages_2_contours_png" time="35.121"><system-out>--------------------------------- Captured Log ---------------------------------

--------------------------------- Captured Out ---------------------------------
/home/runner/work/ocr-book/ocr-book/tests/2-pages-2-contours.png
1607784921876561108 : Checking separation double page angle 89.91958537671144
1607784921876669609 : Checking separation double page y=0 2492
1607784924069461680 : Checking page rotation 1 0.05
1607784930909111123 : Checking page rotation 2 0.35
1607784932343728402 : Checking image 1 crop x1 1189
1607784932343847603 : Checking image 1 crop y1 1748
1607784932343881704 : Checking image 1 crop x2 1190
1607784932343911904 : Checking image 1 crop y2 1749
1607784935702729344 : Checking image 2 crop x1 89
1607784935702859045 : Checking image 2 crop y1 240
1607784935702895745 : Checking image 2 crop x2 2136
1607784935702929946 : Checking image 2 crop y2 3239
1607784935733254865 : Checking image 1 dpi 300
1607784935733387267 : Checking image 1 border top 1753
1607784935733424867 : Checking image 1 border bottom 1753
1607784935733457067 : Checking image 1 border left 1239
1607784935733487668 : Checking image 1 border right 1239
1607784935735117685 : Checking image 2 dpi 300
1607784935735201186 : Checking image 2 border top 227
1607784935735234286 : Checking image 2 border bottom 261
1607784935735265586 : Checking image 2 border left 206
1607784935735295887 : Checking image 2 border right 206

</system-out><system-err>--------------------------------- Captured Err ---------------------------------

</system-err></testcase><testcase classname="tests.test_images" name="test_angle_page_lower_split_line_png" time="56.729"><system-out>--------------------------------- Captured Log ---------------------------------

--------------------------------- Captured Out ---------------------------------
/home/runner/work/ocr-book/ocr-book/tests/angle_page_lower_split_line.png
1607784956444582429 : Checking separation double page angle 89.75201324945476
1607784956444701630 : Checking separation double page y=0 2473
1607784964833989001 : Checking page rotation 1 -0.44999999999999746
1607784970831066686 : Checking page rotation 2 0.2
1607784973652057579 : Checking image 1 crop x1 245
1607784973652181080 : Checking image 1 crop y1 161
1607784973652218481 : Checking image 1 crop x2 2351
1607784973652252881 : Checking image 1 crop y2 3364
1607784976417302509 : Checking image 2 crop x1 151
1607784976417461711 : Checking image 2 crop y1 147
1607784976417498211 : Checking image 2 crop x2 2258
1607784976417532411 : Checking image 2 crop y2 3350
1607784976451672242 : Checking image 1 dpi 300
1607784976451784643 : Checking image 1 border top 141
1607784976451819443 : Checking image 1 border bottom 143
1607784976451851243 : Checking image 1 border left 177
1607784976451882544 : Checking image 1 border right 177
1607784976454431268 : Checking image 2 dpi 300
1607784976454520269 : Checking image 2 border top 129
1607784976454558270 : Checking image 2 border bottom 155
1607784976454588970 : Checking image 2 border left 176
1607784976454619770 : Checking image 2 border right 176

</system-out><system-err>--------------------------------- Captured Err ---------------------------------

</system-err></testcase><testcase classname="tests.test_images" name="test_black_border_not_removed_png" time="62.059"><system-out>--------------------------------- Captured Log ---------------------------------

--------------------------------- Captured Out ---------------------------------
/home/runner/work/ocr-book/ocr-book/tests/black-border-not-removed.png
1607784971022612058 : Checking separation double page angle 90.02895758682554
1607784971022715559 : Checking separation double page y=0 2456
1607784978010296315 : Checking page rotation 1 0.0
1607784989757206822 : Checking page rotation 2 0.0
1607784993166271147 : Checking image 1 crop x1 297
1607784993166402849 : Checking image 1 crop y1 143
1607784993166439049 : Checking image 1 crop x2 2309
1607784993166473049 : Checking image 1 crop y2 3346
1607784997756230660 : Checking image 2 crop x1 157
1607784997756355461 : Checking image 2 crop y1 145
1607784997756391461 : Checking image 2 crop x2 2169
1607784997756425761 : Checking image 2 crop y2 3352
1607784997789090769 : Checking image 1 dpi 300
1607784997789198770 : Checking image 1 border top 127
1607784997789234570 : Checking image 1 border bottom 157
1607784997789268071 : Checking image 1 border left 224
1607784997789298771 : Checking image 1 border right 224
1607784997791690093 : Checking image 2 dpi 300
1607784997791772894 : Checking image 2 border top 133
1607784997791806695 : Checking image 2 border bottom 147
1607784997791838095 : Checking image 2 border left 224
1607784997791868695 : Checking image 2 border right 224

</system-out><system-err>--------------------------------- Captured Err ---------------------------------

</system-err></testcase><testcase classname="tests.test_images" name="test_wrong_split_line_png" time="44.483"><system-out>--------------------------------- Captured Log ---------------------------------

--------------------------------- Captured Out ---------------------------------
/home/runner/work/ocr-book/ocr-book/tests/wrong_split_line.png
1607785003557459683 : Checking separation double page angle 89.85895720607971
1607785003557563984 : Checking separation double page y=0 2463
1607785009581302848 : Checking page rotation 1 -0.14999999999999067
1607785016428684318 : Checking page rotation 2 0.65
1607785018560802924 : Checking image 1 crop x1 213
1607785018560922627 : Checking image 1 crop y1 157
1607785018560958428 : Checking image 1 crop x2 2323
1607785018560992129 : Checking image 1 crop y2 3362
1607785020913573021 : Checking image 2 crop x1 126
1607785020913690824 : Checking image 2 crop y1 167
1607785020913726725 : Checking image 2 crop x2 2237
1607785020913761226 : Checking image 2 crop y2 3372
1607785020945911046 : Checking image 1 dpi 300
1607785020946019248 : Checking image 1 border top 135
1607785020946054149 : Checking image 1 border bottom 147
1607785020946085850 : Checking image 1 border left 175
1607785020946116351 : Checking image 1 border right 175
1607785020948920722 : Checking image 2 dpi 300
1607785020949001624 : Checking image 2 border top 139
1607785020949034225 : Checking image 2 border bottom 143
1607785020949065026 : Checking image 2 border left 174
1607785020949094927 : Checking image 2 border right 174

</system-out><system-err>--------------------------------- Captured Err ---------------------------------

</system-err></testcase><testcase classname="tests.test_images" name="test_image_failed_to_rotate_png" time="59.375"><system-out>--------------------------------- Captured Log ---------------------------------

--------------------------------- Captured Out ---------------------------------
/home/runner/work/ocr-book/ocr-book/tests/image_failed_to_rotate.png
1607785028008439792 : Checking separation double page angle 90.19634423290289
1607785028008554395 : Checking separation double page y=0 2482
1607785032871111153 : Checking page rotation 1 0.35
1607785041287848541 : Checking page rotation 2 0.45
1607785051958693249 : Checking image 1 crop x1 34
1607785051958815652 : Checking image 1 crop y1 1
1607785051958854453 : Checking image 1 crop x2 2480
1607785051958889454 : Checking image 1 crop y2 3500
1607785057035605787 : Checking image 2 crop x1 169
1607785057035735290 : Checking image 2 crop y1 234
1607785057035771791 : Checking image 2 crop x2 2248
1607785057035806091 : Checking image 2 crop y2 3355
1607785057074158026 : Checking image 1 dpi 300
1607785057074272129 : Checking image 1 border top 4
1607785057074307529 : Checking image 1 border bottom 4
1607785057074339130 : Checking image 1 border left 17
1607785057074369831 : Checking image 1 border right 17
1607785057076813584 : Checking image 2 dpi 300
1607785057076894986 : Checking image 2 border top 221
1607785057076927886 : Checking image 2 border bottom 145
1607785057076959587 : Checking image 2 border left 190
1607785057076990188 : Checking image 2 border right 190

</system-out><system-err>--------------------------------- Captured Err ---------------------------------

</system-err></testcase><testcase classname="tests.test_images" name="test_crop_too_much_png" time="81.479"><system-out>--------------------------------- Captured Log ---------------------------------

--------------------------------- Captured Out ---------------------------------
/home/runner/work/ocr-book/ocr-book/tests/crop_too_much.png
1607785070249514350 : Checking separation double page angle 90.13239409272954
1607785070249628752 : Checking separation double page y=0 2453
1607785082512320191 : Checking page rotation 1 0.0
1607785094428682121 : Checking page rotation 2 0.45
1607785098543344371 : Checking image 1 crop x1 303
1607785098543462273 : Checking image 1 crop y1 148
1607785098543498974 : Checking image 1 crop x2 2313
1607785098543531174 : Checking image 1 crop y2 3351
1607785102355552168 : Checking image 2 crop x1 170
1607785102355677471 : Checking image 2 crop y1 155
1607785102355713971 : Checking image 2 crop x2 2181
1607785102355747772 : Checking image 2 crop y2 3359
1607785102398738066 : Checking image 1 dpi 300
1607785102398845268 : Checking image 1 border top 131
1607785102398880469 : Checking image 1 border bottom 153
1607785102398912269 : Checking image 1 border left 225
1607785102398943070 : Checking image 1 border right 225
1607785102401827623 : Checking image 2 dpi 300
1607785102401922225 : Checking image 2 border top 133
1607785102401956125 : Checking image 2 border bottom 150
1607785102401987626 : Checking image 2 border left 224
1607785102402018127 : Checking image 2 border right 224

</system-out><system-err>--------------------------------- Captured Err ---------------------------------

</system-err></testcase><testcase classname="tests.test_images" name="test_image_failed_to_crop_data_png" time="56.324"><system-out>--------------------------------- Captured Log ---------------------------------

--------------------------------- Captured Out ---------------------------------
/home/runner/work/ocr-book/ocr-book/tests/image_failed_to_crop_data.png
1607785086956434358 : Checking separation double page angle 89.91538216173362
1607785086956556560 : Checking separation double page y=0 2477
1607785092393030250 : Checking page rotation 1 0.2
1607785098444887528 : Checking page rotation 2 0.0
1607785108962351755 : Checking image 1 crop x1 58
1607785108962488158 : Checking image 1 crop y1 8
1607785108962527758 : Checking image 1 crop x2 2480
1607785108962561759 : Checking image 1 crop y2 3504
1607785113403610010 : Checking image 2 crop x1 159
1607785113403742112 : Checking image 2 crop y1 217
1607785113403780213 : Checking image 2 crop x2 2241
1607785113403815014 : Checking image 2 crop y2 3350
1607785113433724547 : Checking image 1 dpi 300
1607785113433844149 : Checking image 1 border top 6
1607785113433882250 : Checking image 1 border bottom 6
1607785113433913450 : Checking image 1 border left 29
1607785113433944251 : Checking image 1 border right 29
1607785113436431295 : Checking image 2 dpi 300
1607785113436516597 : Checking image 2 border top 206
1607785113436549897 : Checking image 2 border bottom 148
1607785113436581198 : Checking image 2 border left 189
1607785113436611698 : Checking image 2 border right 189

</system-out><system-err>--------------------------------- Captured Err ---------------------------------

</system-err></testcase><testcase classname="tests.test_images" name="test_crop_too_few_png" time="46.489"><system-out>--------------------------------- Captured Log ---------------------------------

--------------------------------- Captured Out ---------------------------------
/home/runner/work/ocr-book/ocr-book/tests/crop_too_few.png
1607785131823124127 : Checking separation double page angle 89.39669496435833
1607785131823232729 : Checking separation double page y=0 2510
1607785137898650255 : Checking page rotation 1 -0.7499999999999916
1607785143735571580 : Checking page rotation 2 0.05
1607785146376869734 : Checking image 1 crop x1 265
1607785146376992336 : Checking image 1 crop y1 152
1607785146377029336 : Checking image 1 crop x2 2375
1607785146377063237 : Checking image 1 crop y2 3356
1607785148888732206 : Checking image 2 crop x1 135
1607785148888854208 : Checking image 2 crop y1 141
1607785148888891009 : Checking image 2 crop x2 2261
1607785148888925109 : Checking image 2 crop y2 3345
1607785148922367348 : Checking image 1 dpi 300
1607785148922475950 : Checking image 1 border top 134
1607785148922510351 : Checking image 1 border bottom 149
1607785148922542751 : Checking image 1 border left 175
1607785148922573452 : Checking image 1 border right 175
1607785148924977490 : Checking image 2 dpi 300
1607785148925057292 : Checking image 2 border top 129
1607785148925089392 : Checking image 2 border bottom 154
1607785148925119893 : Checking image 2 border left 167
1607785148925150593 : Checking image 2 border right 167

</system-out><system-err>--------------------------------- Captured Err ---------------------------------

</system-err></testcase><testcase classname="tests.test_images" name="test_wrong_angle_split_line_png" time="65.460"><system-out>--------------------------------- Captured Log ---------------------------------

--------------------------------- Captured Out ---------------------------------
/home/runner/work/ocr-book/ocr-book/tests/wrong_angle_split_line.png
1607785145252892793 : Checking separation double page angle 90.0419342000635
1607785145253004595 : Checking separation double page y=0 2477
1607785152188162090 : Checking page rotation 1 0.2
1607785160910955665 : Checking page rotation 2 0.2
1607785172488050282 : Checking image 1 crop x1 61
1607785172488184585 : Checking image 1 crop y1 7
1607785172488222985 : Checking image 1 crop x2 2475
1607785172488257386 : Checking image 1 crop y2 3500
1607785178147860666 : Checking image 2 crop x1 165
1607785178148002668 : Checking image 2 crop y1 219
1607785178148039869 : Checking image 2 crop x2 2241
1607785178148075369 : Checking image 2 crop y2 3348
1607785178296881698 : Checking image 1 dpi 300
1607785178297002800 : Checking image 1 border top 7
1607785178297038700 : Checking image 1 border bottom 7
1607785178297070001 : Checking image 1 border left 33
1607785178297100601 : Checking image 1 border right 33
1607785178304201108 : Checking image 2 dpi 300
1607785178304314909 : Checking image 2 border top 207
1607785178304348610 : Checking image 2 border bottom 151
1607785178304380110 : Checking image 2 border left 192
1607785178304410511 : Checking image 2 border right 192

</system-out><system-err>--------------------------------- Captured Err ---------------------------------

</system-err></testcase><testcase classname="tests.test_images" name="test_crop_too_much_2_png" time="84.883"><system-out>--------------------------------- Captured Log ---------------------------------

--------------------------------- Captured Out ---------------------------------
/home/runner/work/ocr-book/ocr-book/tests/crop_too_much_2.png
1607785197858635680 : Checking separation double page angle 90.20211186462491
1607785197858746682 : Checking separation double page y=0 2477
1607785210590856012 : Checking page rotation 1 0.2
1607785224681295598 : Checking page rotation 2 0.2
1607785228700177566 : Checking image 1 crop x1 332
1607785228700298967 : Checking image 1 crop y1 131
1607785228700335568 : Checking image 1 crop x2 2342
1607785228700368268 : Checking image 1 crop y2 3336
1607785233731390214 : Checking image 2 crop x1 168
1607785233731519815 : Checking image 2 crop y1 139
1607785233731556016 : Checking image 2 crop x2 2181
1607785233731590016 : Checking image 2 crop y2 3345
1607785233779184658 : Checking image 1 dpi 300
1607785233779292359 : Checking image 1 border top 118
1607785233779327460 : Checking image 1 border bottom 164
1607785233779358760 : Checking image 1 border left 225
1607785233779389460 : Checking image 1 border right 225
1607785233781742492 : Checking image 2 dpi 300
1607785233781827593 : Checking image 2 border top 127
1607785233781860394 : Checking image 2 border bottom 154
1607785233781890194 : Checking image 2 border left 223
1607785233781920494 : Checking image 2 border right 223

</system-out><system-err>--------------------------------- Captured Err ---------------------------------

</system-err></testcase><testcase classname="tests.test_images" name="test_wrong_split_line_3_png" time="62.592"><system-out>--------------------------------- Captured Log ---------------------------------

--------------------------------- Captured Out ---------------------------------
/home/runner/work/ocr-book/ocr-book/tests/wrong_split_line_3.png
1607785218291986345 : Checking separation double page angle 90.43729500214694
1607785218292090746 : Checking separation double page y=0 2498
1607785228916155200 : Checking page rotation 1 0.30000000000000004
1607785236076182139 : Checking page rotation 2 0.9
1607785238838343922 : Checking image 1 crop x1 331
1607785238838479624 : Checking image 1 crop y1 165
1607785238838516324 : Checking image 1 crop x2 2375
1607785238838549925 : Checking image 1 crop y2 3376
1607785241511514261 : Checking image 2 crop x1 102
1607785241511652063 : Checking image 2 crop y1 208
1607785241511691963 : Checking image 2 crop x2 2133
1607785241511731364 : Checking image 2 crop y2 3413
1607785241546234623 : Checking image 1 dpi 300
1607785241546353725 : Checking image 1 border top 148
1607785241546389225 : Checking image 1 border bottom 128
1607785241546422626 : Checking image 1 border left 208
1607785241546454026 : Checking image 1 border right 208
1607785241549080861 : Checking image 2 dpi 300
1607785241549168862 : Checking image 2 border top 191
1607785241549201663 : Checking image 2 border bottom 91
1607785241549233063 : Checking image 2 border left 214
1607785241549263063 : Checking image 2 border right 214

</system-out><system-err>--------------------------------- Captured Err ---------------------------------

</system-err></testcase><testcase classname="tests.test_images" name="test_wrong_split_line_2_png" time="105.534"><system-out>--------------------------------- Captured Log ---------------------------------

--------------------------------- Captured Out ---------------------------------
/home/runner/work/ocr-book/ocr-book/tests/wrong_split_line_2.png
1607785295414822334 : Checking separation double page angle 90.38387862177287
1607785295414937035 : Checking separation double page y=0 2442
1607785308801482910 : Checking page rotation 1 0.05
1607785322982159802 : Checking page rotation 2 0.4
1607785329697646618 : Checking image 1 crop x1 294
1607785329697779819 : Checking image 1 crop y1 137
1607785329697816120 : Checking image 1 crop x2 2326
1607785329697848420 : Checking image 1 crop y2 3375
1607785339283276478 : Checking image 2 crop x1 146
1607785339283397180 : Checking image 2 crop y1 192
1607785339283432680 : Checking image 2 crop x2 2173
1607785339283466380 : Checking image 2 crop y2 3386
1607785339326719195 : Checking image 1 dpi 300
1607785339326824296 : Checking image 1 border top 124
1607785339326858697 : Checking image 1 border bottom 124
1607785339326891197 : Checking image 1 border left 214
1607785339326921698 : Checking image 1 border right 214
1607785339329181725 : Checking image 2 dpi 300
1607785339329258625 : Checking image 2 border top 185
1607785339329290526 : Checking image 2 border bottom 108
1607785339329320126 : Checking image 2 border left 216
1607785339329373727 : Checking image 2 border right 216

</system-out><system-err>--------------------------------- Captured Err ---------------------------------

</system-err></testcase><testcase classname="tests.test_images" name="test_wrong_wave_split_line_png" time="97.410"><system-out>--------------------------------- Captured Log ---------------------------------

--------------------------------- Captured Out ---------------------------------
/home/runner/work/ocr-book/ocr-book/tests/wrong_wave_split_line.png
1607785293199879329 : Checking separation double page angle 90.52878604107717
1607785293199981330 : Checking separation double page y=0 2502
1607785304575824210 : Checking page rotation 1 -0.14999999999999067
1607785315465298860 : Checking page rotation 2 0.85
1607785323690997854 : Checking image 1 crop x1 385
1607785323691138856 : Checking image 1 crop y1 179
1607785323691175756 : Checking image 1 crop x2 2411
1607785323691208457 : Checking image 1 crop y2 3374
1607785338899326807 : Checking image 2 crop x1 27
1607785338899451609 : Checking image 2 crop y1 1
1607785338899489809 : Checking image 2 crop x2 2489
1607785338899524210 : Checking image 2 crop y2 3505
1607785338949599306 : Checking image 1 dpi 300
1607785338949714707 : Checking image 1 border top 169
1607785338949750508 : Checking image 1 border bottom 123
1607785338949783708 : Checking image 1 border left 217
1607785338949814909 : Checking image 1 border right 217
1607785338952247138 : Checking image 2 dpi 300
1607785338952333739 : Checking image 2 border top 2
1607785338952369239 : Checking image 2 border bottom 2
1607785338952400039 : Checking image 2 border left 9
1607785338952432740 : Checking image 2 border right 9

</system-out><system-err>--------------------------------- Captured Err ---------------------------------

</system-err></testcase><testcase classname="tests.test_images" name="test_no_split_line_line_algo_png" time="53.787"><system-out>--------------------------------- Captured Log ---------------------------------

--------------------------------- Captured Out ---------------------------------
/home/runner/work/ocr-book/ocr-book/tests/no_split_line_line_algo.png
1607785372661271551 : Checking separation double page angle 89.47691469185418
1607785372661392252 : Checking separation double page y=0 2476
1607785377449562830 : Checking page rotation 1 -0.14999999999999067
1607785386852292805 : Checking page rotation 2 -0.44999999999999746
1607785389213677404 : Checking image 1 crop x1 205
1607785389213808005 : Checking image 1 crop y1 158
1607785389213845606 : Checking image 1 crop x2 2320
1607785389213880406 : Checking image 1 crop y2 3366
1607785392714608163 : Checking image 2 crop x1 185
1607785392714736765 : Checking image 2 crop y1 221
1607785392714773765 : Checking image 2 crop x2 2201
1607785392714807565 : Checking image 2 crop y2 3366
1607785392753455409 : Checking image 1 dpi 300
1607785392753574211 : Checking image 1 border top 141
1607785392753608811 : Checking image 1 border bottom 138
1607785392753642212 : Checking image 1 border left 172
1607785392753672912 : Checking image 1 border right 172
1607785392756278742 : Checking image 2 dpi 300
1607785392756370543 : Checking image 2 border top 215
1607785392756404643 : Checking image 2 border bottom 127
1607785392756435644 : Checking image 2 border left 222
1607785392756467544 : Checking image 2 border right 222

</system-out><system-err>--------------------------------- Captured Err ---------------------------------

</system-err></testcase><testcase classname="tests.test_images" name="test_small_wave_png" time="70.320"><system-out>--------------------------------- Captured Log ---------------------------------

--------------------------------- Captured Out ---------------------------------
/home/runner/work/ocr-book/ocr-book/tests/small_wave.png
1607785385013576001 : Checking separation double page angle 90.61316928841565
1607785385013687002 : Checking separation double page y=0 2495
1607785395338404685 : Checking page rotation 1 0.7
1607785404324559735 : Checking page rotation 2 0.7
1607785406823872757 : Checking image 1 crop x1 322
1607785406823994158 : Checking image 1 crop y1 199
1607785406824030359 : Checking image 1 crop x2 2351
1607785406824063459 : Checking image 1 crop y2 3394
1607785409611210024 : Checking image 2 crop x1 135
1607785409611328925 : Checking image 2 crop y1 223
1607785409611365926 : Checking image 2 crop x2 2164
1607785409611400226 : Checking image 2 crop y2 3419
1607785409648140745 : Checking image 1 dpi 300
1607785409648243646 : Checking image 1 border top 178
1607785409648278046 : Checking image 1 border bottom 114
1607785409648309047 : Checking image 1 border left 215
1607785409648339547 : Checking image 1 border right 215
1607785409650345870 : Checking image 2 dpi 300
1607785409650429771 : Checking image 2 border top 196
1607785409650463271 : Checking image 2 border bottom 95
1607785409650493771 : Checking image 2 border left 215
1607785409650524372 : Checking image 2 border right 215

</system-out><system-err>--------------------------------- Captured Err ---------------------------------

</system-err></testcase><testcase classname="tests.test_images" name="test_failed_split_line_line_algo_png" time="23.760"><system-out>--------------------------------- Captured Log ---------------------------------

--------------------------------- Captured Out ---------------------------------
/home/runner/work/ocr-book/ocr-book/tests/failed_split_line_line_algo.png
1607785407634393799 : Checking separation double page angle 90.0163422057325
1607785407634498100 : Checking separation double page y=0 2575
1607785410771245333 : Checking page rotation 1 -0.14999999999999067
1607785412692232989 : Checking page rotation 2 0.0
1607785415119494278 : Checking image 1 crop x1 407
1607785415119629180 : Checking image 1 crop y1 2925
1607785415119666180 : Checking image 1 crop x2 2419
1607785415119698681 : Checking image 1 crop y2 3174
1607785416549283515 : Checking image 2 crop x1 1184
1607785416549431616 : Checking image 2 crop y1 1744
1607785416549465917 : Checking image 2 crop x2 1185
1607785416549499517 : Checking image 2 crop y2 1745
1607785416549789120 : Checking image 1 dpi 300
1607785416549872221 : Checking image 1 border top 2917
1607785416549905822 : Checking image 1 border bottom 321
1607785416549937822 : Checking image 1 border left 224
1607785416549969422 : Checking image 1 border right 224
1607785416552114647 : Checking image 2 dpi 300
1607785416552201048 : Checking image 2 border top 1752
1607785416552233548 : Checking image 2 border bottom 1753
1607785416552264948 : Checking image 2 border left 1239
1607785416552296049 : Checking image 2 border right 1239

</system-out><system-err>--------------------------------- Captured Err ---------------------------------

</system-err></testcase><testcase classname="tests.test_images" name="test_failed_split_line_line_algo_2_png" time="74.749"><system-out>--------------------------------- Captured Log ---------------------------------

--------------------------------- Captured Out ---------------------------------
/home/runner/work/ocr-book/ocr-book/tests/failed_split_line_line_algo_2.png
1607785456748879582 : Checking separation double page angle 89.99134220573251
1607785456748988083 : Checking separation double page y=0 2498
1607785468728465168 : Checking page rotation 1 0.0
1607785478696273940 : Checking page rotation 2 0.6000000000000001
1607785481539810480 : Checking image 1 crop x1 272
1607785481539929182 : Checking image 1 crop y1 149
1607785481539966382 : Checking image 1 crop x2 2383
1607785481539999583 : Checking image 1 crop y2 3353
1607785484375260307 : Checking image 2 crop x1 121
1607785484375371808 : Checking image 2 crop y1 155
1607785484375416008 : Checking image 2 crop x2 2244
1607785484375448909 : Checking image 2 crop y2 3350
1607785484414238738 : Checking image 1 dpi 300
1607785484414345240 : Checking image 1 border top 139
1607785484414380040 : Checking image 1 border bottom 144
1607785484414413040 : Checking image 1 border left 174
1607785484414443941 : Checking image 1 border right 174
1607785484416384962 : Checking image 2 dpi 300
1607785484416462363 : Checking image 2 border top 136
1607785484416495263 : Checking image 2 border bottom 156
1607785484416525864 : Checking image 2 border left 168
1607785484416556464 : Checking image 2 border right 168

</system-out><system-err>--------------------------------- Captured Err ---------------------------------

</system-err></testcase><testcase classname="tests.test_images" name="test_crop_too_much_3_png" time="72.593"><system-out>--------------------------------- Captured Log ---------------------------------

--------------------------------- Captured Out ---------------------------------
/home/runner/work/ocr-book/ocr-book/tests/crop_too_much_3.png
1607785459644286417 : Checking separation double page angle 89.55580634783144
1607785459644405418 : Checking separation double page y=0 2499
1607785468833258834 : Checking page rotation 1 -0.9499999999999917
1607785481532899804 : Checking page rotation 2 -0.14999999999999067
1607785485234618126 : Checking image 1 crop x1 373
1607785485234753228 : Checking image 1 crop y1 258
1607785485234789728 : Checking image 1 crop x2 2386
1607785485234823128 : Checking image 1 crop y2 3458
1607785489071863807 : Checking image 2 crop x1 167
1607785489071995008 : Checking image 2 crop y1 228
1607785489072031509 : Checking image 2 crop x2 2180
1607785489072066609 : Checking image 2 crop y2 3417
1607785489114985084 : Checking image 1 dpi 300
1607785489115106985 : Checking image 1 border top 239
1607785489115144086 : Checking image 1 border bottom 48
1607785489115176886 : Checking image 1 border left 223
1607785489115207986 : Checking image 1 border right 223
1607785489117920316 : Checking image 2 dpi 300
1607785489118016417 : Checking image 2 border top 207
1607785489118050018 : Checking image 2 border bottom 91
1607785489118081318 : Checking image 2 border left 223
1607785489118111618 : Checking image 2 border right 223

</system-out><system-err>--------------------------------- Captured Err ---------------------------------

</system-err></testcase><testcase classname="tests.test_images" name="test_wrong_wave_split_line_2_png" time="74.979"><system-out>--------------------------------- Captured Log ---------------------------------

--------------------------------- Captured Out ---------------------------------
/home/runner/work/ocr-book/ocr-book/tests/wrong_wave_split_line_2.png
1607785531674444339 : Checking separation double page angle 90.7708958311329
1607785531674552041 : Checking separation double page y=0 2490
1607785541789390606 : Checking page rotation 1 0.4
1607785553658501388 : Checking page rotation 2 1.8
1607785556429812303 : Checking image 1 crop x1 224
1607785556429930006 : Checking image 1 crop y1 147
1607785556429966507 : Checking image 1 crop x2 2337
1607785556430001808 : Checking image 1 crop y2 3355
1607785559346016492 : Checking image 2 crop x1 107
1607785559346130194 : Checking image 2 crop y1 197
1607785559346178695 : Checking image 2 crop x2 2229
1607785559346212096 : Checking image 2 crop y2 3396
1607785559390132268 : Checking image 1 dpi 300
1607785559390243971 : Checking image 1 border top 133
1607785559390278972 : Checking image 1 border bottom 146
1607785559390309972 : Checking image 1 border left 173
1607785559390340073 : Checking image 1 border right 173
1607785559392266420 : Checking image 2 dpi 300
1607785559392340522 : Checking image 2 border top 167
1607785559392372723 : Checking image 2 border bottom 121
1607785559392406624 : Checking image 2 border left 169
1607785559392436724 : Checking image 2 border right 169

</system-out><system-err>--------------------------------- Captured Err ---------------------------------

</system-err></testcase><testcase classname="tests.test_images" name="test_wrong_wave_split_line_3_png" time="67.689"><system-out>--------------------------------- Captured Log ---------------------------------

--------------------------------- Captured Out ---------------------------------
/home/runner/work/ocr-book/ocr-book/tests/wrong_wave_split_line_3.png
1607785532477749034 : Checking separation double page angle 90.05867351615122
1607785532477856137 : Checking separation double page y=0 2510
1607785542957071377 : Checking page rotation 1 0.1
1607785551333802281 : Checking page rotation 2 0.35
1607785554126451335 : Checking image 1 crop x1 272
1607785554126591138 : Checking image 1 crop y1 219
1607785554126628039 : Checking image 1 crop x2 2383
1607785554126660240 : Checking image 1 crop y2 3423
1607785556780949622 : Checking image 2 crop x1 119
1607785556781083925 : Checking image 2 crop y1 226
1607785556781120826 : Checking image 2 crop x2 2240
1607785556781155927 : Checking image 2 crop y2 3413
1607785556816705099 : Checking image 1 dpi 300
1607785556816818102 : Checking image 1 border top 202
1607785556816853803 : Checking image 1 border bottom 81
1607785556816886504 : Checking image 1 border left 174
1607785556816917305 : Checking image 1 border right 174
1607785556819236962 : Checking image 2 dpi 300
1607785556819313163 : Checking image 2 border top 203
1607785556819346464 : Checking image 2 border bottom 97
1607785556819376465 : Checking image 2 border left 169
1607785556819406466 : Checking image 2 border right 169

</system-out><system-err>--------------------------------- Captured Err ---------------------------------

</system-err></testcase><testcase classname="tests.test_images" name="test_no_split_line_wave_algo_2_png" time="57.370"><system-out>--------------------------------- Captured Log ---------------------------------

--------------------------------- Captured Out ---------------------------------
/home/runner/work/ocr-book/ocr-book/tests/no_split_line_wave_algo_2.png
1607785592612404645 : Checking separation double page angle 91.21822795596304
1607785592612512148 : Checking separation double page y=0 2488
1607785600526350053 : Checking page rotation 1 1.0999999999999999
1607785609059465968 : Checking page rotation 2 0.2
1607785611817886699 : Checking image 1 crop x1 266
1607785611818019402 : Checking image 1 crop y1 210
1607785611818055103 : Checking image 1 crop x2 2342
1607785611818087403 : Checking image 1 crop y2 3413
1607785614156276965 : Checking image 2 crop x1 199
1607785614156408168 : Checking image 2 crop y1 241
1607785614156445069 : Checking image 2 crop x2 2282
1607785614156478869 : Checking image 2 crop y2 3433
1607785614192522965 : Checking image 1 dpi 300
1607785614192627168 : Checking image 1 border top 194
1607785614192661468 : Checking image 1 border bottom 90
1607785614192694669 : Checking image 1 border left 192
1607785614192725170 : Checking image 1 border right 192
1607785614195047821 : Checking image 2 dpi 300
1607785614195136723 : Checking image 2 border top 226
1607785614195169724 : Checking image 2 border bottom 69
1607785614195201124 : Checking image 2 border left 188
1607785614195231525 : Checking image 2 border right 188

</system-out><system-err>--------------------------------- Captured Err ---------------------------------

</system-err></testcase><testcase classname="tests.test_images" name="test_no_split_line_wave_algo_png" time="64.237"><system-out>--------------------------------- Captured Log ---------------------------------

--------------------------------- Captured Out ---------------------------------
/home/runner/work/ocr-book/ocr-book/tests/no_split_line_wave_algo.png
1607785592066530518 : Checking separation double page angle 89.93575909193096
1607785592066661021 : Checking separation double page y=0 2482
1607785598067009196 : Checking page rotation 1 0.0
1607785607406544071 : Checking page rotation 2 -0.5499999999999912
1607785616712004103 : Checking image 1 crop x1 97
1607785616712086705 : Checking image 1 crop y1 77
1607785616712121406 : Checking image 1 crop x2 2483
1607785616712153607 : Checking image 1 crop y2 3505
1607785623557975317 : Checking image 2 crop x1 164
1607785623558101420 : Checking image 2 crop y1 266
1607785623558140320 : Checking image 2 crop x2 2241
1607785623558172621 : Checking image 2 crop y2 3382
1607785623596198848 : Checking image 1 dpi 300
1607785623596312251 : Checking image 1 border top 40
1607785623596346251 : Checking image 1 border bottom 40
1607785623596376852 : Checking image 1 border left 47
1607785623596407653 : Checking image 1 border right 47
1607785623598460097 : Checking image 2 dpi 300
1607785623598544899 : Checking image 2 border top 254
1607785623598577900 : Checking image 2 border bottom 117
1607785623598608300 : Checking image 2 border left 191
1607785623598638201 : Checking image 2 border right 191

</system-out><system-err>--------------------------------- Captured Err ---------------------------------

</system-err></testcase><testcase classname="tests.test_images" name="test_crop_too_few_2_png" time="51.229"><system-out>--------------------------------- Captured Log ---------------------------------

--------------------------------- Captured Out ---------------------------------
/home/runner/work/ocr-book/ocr-book/tests/crop_too_few_2.png
1607785646491330119 : Checking separation double page angle 90.25476192320097
1607785646491444422 : Checking separation double page y=0 2531
1607785653888997230 : Checking page rotation 1 1.2000000000000002
1607785660166890231 : Checking page rotation 2 -0.09999999999999377
1607785662977950923 : Checking image 1 crop x1 287
1607785662978086026 : Checking image 1 crop y1 165
1607785662978122727 : Checking image 1 crop x2 2398
1607785662978156227 : Checking image 1 crop y2 3368
1607785665398082317 : Checking image 2 crop x1 145
1607785665398214420 : Checking image 2 crop y1 188
1607785665398255221 : Checking image 2 crop x2 2271
1607785665398291021 : Checking image 2 crop y2 3386
1607785665432086208 : Checking image 1 dpi 300
1607785665432194311 : Checking image 1 border top 139
1607785665432229811 : Checking image 1 border bottom 145
1607785665432263912 : Checking image 1 border left 174
1607785665432294913 : Checking image 1 border right 174
1607785665434567559 : Checking image 2 dpi 300
1607785665434649660 : Checking image 2 border top 180
1607785665434684561 : Checking image 2 border bottom 109
1607785665434714862 : Checking image 2 border left 167
1607785665434745862 : Checking image 2 border right 167

</system-out><system-err>--------------------------------- Captured Err ---------------------------------

</system-err></testcase><testcase classname="tests.test_images" name="test_failed_detect_rectangle_png" time="71.460"><system-out>--------------------------------- Captured Log ---------------------------------

--------------------------------- Captured Out ---------------------------------
/home/runner/work/ocr-book/ocr-book/tests/failed_detect_rectangle.png
1607785669722954262 : Checking separation double page angle 90.19837516213148
1607785669723057364 : Checking separation double page y=0 2471
1607785678355830512 : Checking page rotation 1 0.2
1607785689537050447 : Checking page rotation 2 0.2
1607785692130371328 : Checking image 1 crop x1 257
1607785692130495530 : Checking image 1 crop y1 201
1607785692130532431 : Checking image 1 crop x2 2333
1607785692130564832 : Checking image 1 crop y2 3402
1607785695048641646 : Checking image 2 crop x1 139
1607785695048767949 : Checking image 2 crop y1 215
1607785695048803849 : Checking image 2 crop x2 2222
1607785695048837450 : Checking image 2 crop y2 3406
1607785695095469757 : Checking image 1 dpi 300
1607785695095582359 : Checking image 1 border top 188
1607785695095616860 : Checking image 1 border bottom 98
1607785695095647860 : Checking image 1 border left 192
1607785695095678561 : Checking image 1 border right 192
1607785695097625699 : Checking image 2 dpi 300
1607785695097706600 : Checking image 2 border top 200
1607785695097738501 : Checking image 2 border bottom 95
1607785695097768602 : Checking image 2 border left 188
1607785695097798402 : Checking image 2 border right 188

</system-out><system-err>--------------------------------- Captured Err ---------------------------------

</system-err></testcase><testcase classname="tests.test_images" name="test_single_page_png" time="21.589"><system-out>--------------------------------- Captured Log ---------------------------------

--------------------------------- Captured Out ---------------------------------
/home/runner/work/ocr-book/ocr-book/tests/single_page.png
1607785673874534059 : Checking separation double page angle 89.97500000000001
1607785673874666162 : Checking separation double page y=0 2469
1607785678865159766 : Checking page rotation 1 0.0
1607785679394626610 : Checking page rotation 2 0.0
1607785686179263618 : Checking image 1 crop x1 1
1607785686179356920 : Checking image 1 crop y1 9
1607785686179391321 : Checking image 1 crop x2 2464
1607785686179423822 : Checking image 1 crop y2 3505
1607785686719971572 : Checking image 2 crop x1 0
1607785686720051174 : Checking image 2 crop y1 0
1607785686720080674 : Checking image 2 crop x2 0
1607785686720109275 : Checking image 2 crop y2 0
1607785686720176376 : Checking image 1 dpi 300
1607785686720238077 : Checking image 1 border top 6
1607785686720268978 : Checking image 1 border bottom 6
1607785686720299579 : Checking image 1 border left 9
1607785686720329279 : Checking image 1 border right 9
1607785686726393399 : Checking image 2 border top 0
1607785686726457200 : Checking image 2 border bottom 0
1607785686726486600 : Checking image 2 border left 0
1607785686726515901 : Checking image 2 border right 0

</system-out><system-err>--------------------------------- Captured Err ---------------------------------

</system-err></testcase><testcase classname="tests.test_images" name="test_no_split_line_wave_algo_3_png" time="14.959"><system-out>--------------------------------- Captured Log ---------------------------------

--------------------------------- Captured Out ---------------------------------
/home/runner/work/ocr-book/ocr-book/tests/no_split_line_wave_algo_3.png
1607785703138474005 : Checking separation double page angle 90.16080821751345
1607785703138589707 : Checking separation double page y=0 2403
1607785705595464603 : Checking page rotation 1 0.0
1607785705947928763 : Checking page rotation 2 0.0
1607785709604436374 : Checking image 1 crop x1 184
1607785709604543076 : Checking image 1 crop y1 2957
1607785709604576477 : Checking image 1 crop x2 2201
1607785709604604677 : Checking image 1 crop y2 3202
1607785710052766424 : Checking image 2 crop x1 0
1607785710052831926 : Checking image 2 crop y1 0
1607785710052861026 : Checking image 2 crop x2 0
1607785710052887227 : Checking image 2 crop y2 0
1607785710052959428 : Checking image 1 dpi 300
1607785710053020229 : Checking image 1 border top 2950
1607785710053049830 : Checking image 1 border bottom 292
1607785710053077530 : Checking image 1 border left 221
1607785710053105031 : Checking image 1 border right 221
1607785710058785139 : Checking image 2 border top 0
1607785710058849640 : Checking image 2 border bottom 0
1607785710058877241 : Checking image 2 border left 0
1607785710058904341 : Checking image 2 border right 0

</system-out><system-err>--------------------------------- Captured Err ---------------------------------

</system-err></testcase></testsuite></testsuites>