<?xml version="1.0" encoding="utf-8"?><testsuites><testsuite name="pytest" errors="0" failures="0" skipped="0" tests="24" time="570.256" timestamp="2020-11-29T15:54:15.077745" hostname="fv-az18-207"><testcase classname="tests.test_features" name="test_mock_stop_at_0" time="0.052"><system-out>--------------------------------- Captured Log ---------------------------------

--------------------------------- Captured Out ---------------------------------
/home/runner/work/ocr-book/ocr-book/tests/0001_0.png

</system-out><system-err>--------------------------------- Captured Err ---------------------------------

</system-err></testcase><testcase classname="tests.test_features" name="test_disabled_enable_debug" time="31.702"><system-out>--------------------------------- Captured Log ---------------------------------

--------------------------------- Captured Out ---------------------------------
/home/runner/work/ocr-book/ocr-book/tests/0001_debug.png
separation double page angle 90.5847895821894
separation double page y=0 2487
page rotation 1 0.75
page rotation 2 0.2
image 1 crop x1 330
image 1 crop y1 336
image 1 crop x2 2343
image 1 crop y2 3223
image 2 crop x1 169
image 2 crop y1 648
image 2 crop x2 2186
image 2 crop y2 3361
image 1 dpi 300
image 1 border top 340
image 1 border bottom 260
image 1 border left 223
image 1 border right 223
image 2 dpi 300
image 2 border top 646
image 2 border bottom 128
image 2 border left 221
image 2 border right 221

</system-out><system-err>--------------------------------- Captured Err ---------------------------------

</system-err></testcase><testcase classname="tests.test_features" name="test_mock_stop_at_2" time="40.709"><system-out>--------------------------------- Captured Log ---------------------------------

--------------------------------- Captured Out ---------------------------------
/home/runner/work/ocr-book/ocr-book/tests/0001_2.png
separation double page angle 90.5847895821894
separation double page y=0 2487
page rotation 1 0.75
page rotation 2 0.2

</system-out><system-err>--------------------------------- Captured Err ---------------------------------

</system-err></testcase><testcase classname="tests.test_features" name="test_mock_stop_at_1" time="24.863"><system-out>--------------------------------- Captured Log ---------------------------------

--------------------------------- Captured Out ---------------------------------
/home/runner/work/ocr-book/ocr-book/tests/0001_1.png
separation double page angle 90.5847895821894
separation double page y=0 2487

</system-out><system-err>--------------------------------- Captured Err ---------------------------------

</system-err></testcase><testcase classname="tests.test_features" name="test_mock_stop_at_4" time="43.368"><system-out>--------------------------------- Captured Log ---------------------------------

--------------------------------- Captured Out ---------------------------------
/home/runner/work/ocr-book/ocr-book/tests/0001_4.png
separation double page angle 90.5847895821894
separation double page y=0 2487
page rotation 1 0.75
page rotation 2 0.2
image 1 crop x1 330
image 1 crop y1 336
image 1 crop x2 2343
image 1 crop y2 3223
image 2 crop x1 169
image 2 crop y1 648
image 2 crop x2 2186
image 2 crop y2 3361
image 1 dpi 300
image 1 border top 340
image 1 border bottom 260
image 1 border left 223
image 1 border right 223
image 2 dpi 300
image 2 border top 646
image 2 border bottom 128
image 2 border left 221
image 2 border right 221

</system-out><system-err>--------------------------------- Captured Err ---------------------------------

</system-err></testcase><testcase classname="tests.test_features" name="test_mock_stop_at_3" time="43.667"><system-out>--------------------------------- Captured Log ---------------------------------

--------------------------------- Captured Out ---------------------------------
/home/runner/work/ocr-book/ocr-book/tests/0001_3.png
separation double page angle 90.5847895821894
separation double page y=0 2487
page rotation 1 0.75
page rotation 2 0.2
image 1 crop x1 330
image 1 crop y1 336
image 1 crop x2 2343
image 1 crop y2 3223
image 2 crop x1 169
image 2 crop y1 648
image 2 crop x2 2186
image 2 crop y2 3361

</system-out><system-err>--------------------------------- Captured Err ---------------------------------

</system-err></testcase><testcase classname="tests.test_features" name="test_mock_stop_at_5" time="45.423"><system-out>--------------------------------- Captured Log ---------------------------------

--------------------------------- Captured Out ---------------------------------
/home/runner/work/ocr-book/ocr-book/tests/0001_5.png
separation double page angle 90.5847895821894
separation double page y=0 2487
page rotation 1 0.75
page rotation 2 0.2
image 1 crop x1 330
image 1 crop y1 336
image 1 crop x2 2343
image 1 crop y2 3223
image 2 crop x1 169
image 2 crop y1 648
image 2 crop x2 2186
image 2 crop y2 3361
image 1 dpi 300
image 1 border top 340
image 1 border bottom 260
image 1 border left 223
image 1 border right 223
image 2 dpi 300
image 2 border top 646
image 2 border bottom 128
image 2 border left 221
image 2 border right 221

</system-out><system-err>--------------------------------- Captured Err ---------------------------------

</system-err></testcase><testcase classname="tests.test_images" name="test_black_border_not_removed_png" time="53.777"><system-out>--------------------------------- Captured Log ---------------------------------

--------------------------------- Captured Out ---------------------------------
/home/runner/work/ocr-book/ocr-book/tests/black-border-not-removed.png
1606665387752718888 : Checking separation double page angle 90.02912890873039
1606665387752802094 : Checking separation double page y=0 2456
1606665395217601606 : Checking page rotation 1 0.0
1606665405596535169 : Checking page rotation 2 0.0
1606665407602620063 : Checking image 1 crop x1 297
1606665407602704668 : Checking image 1 crop y1 143
1606665407602747271 : Checking image 1 crop x2 2309
1606665407602787073 : Checking image 1 crop y2 3346
1606665410118945766 : Checking image 2 crop x1 157
1606665410119026971 : Checking image 2 crop y1 145
1606665410119065073 : Checking image 2 crop x2 2169
1606665410119101675 : Checking image 2 crop y2 3352
1606665410151809021 : Checking image 1 dpi 300
1606665410151900526 : Checking image 1 border top 130
1606665410151935528 : Checking image 1 border bottom 154
1606665410151967030 : Checking image 1 border left 224
1606665410151998032 : Checking image 1 border right 224
1606665410154019652 : Checking image 2 dpi 300
1606665410154096757 : Checking image 2 border top 139
1606665410154130859 : Checking image 2 border bottom 141
1606665410154163561 : Checking image 2 border left 224
1606665410154196263 : Checking image 2 border right 224

</system-out><system-err>--------------------------------- Captured Err ---------------------------------

</system-err></testcase><testcase classname="tests.test_images" name="test_0001_png" time="43.239"><system-out>--------------------------------- Captured Log ---------------------------------

--------------------------------- Captured Out ---------------------------------
/home/runner/work/ocr-book/ocr-book/tests/0001.png
1606665411008651690 : Checking separation double page angle 90.5847895821894
1606665411008731394 : Checking separation double page y=0 2487
1606665416900883371 : Checking page rotation 1 0.75
1606665425292076106 : Checking page rotation 2 0.2
1606665427068225849 : Checking image 1 crop x1 330
1606665427068302654 : Checking image 1 crop y1 336
1606665427068341956 : Checking image 1 crop x2 2343
1606665427068378558 : Checking image 1 crop y2 3223
1606665428926855279 : Checking image 2 crop x1 169
1606665428926926583 : Checking image 2 crop y1 648
1606665428926961385 : Checking image 2 crop x2 2186
1606665428926993387 : Checking image 2 crop y2 3361
1606665428959344032 : Checking image 1 dpi 300
1606665428959434237 : Checking image 1 border top 340
1606665428959468739 : Checking image 1 border bottom 260
1606665428959500041 : Checking image 1 border left 223
1606665428959530943 : Checking image 1 border right 223
1606665428961214539 : Checking image 2 dpi 300
1606665428961295744 : Checking image 2 border top 646
1606665428961330646 : Checking image 2 border bottom 128
1606665428961363847 : Checking image 2 border left 221
1606665428961396849 : Checking image 2 border right 221

</system-out><system-err>--------------------------------- Captured Err ---------------------------------

</system-err></testcase><testcase classname="tests.test_images" name="test_image_failed_to_rotate_png" time="52.975"><system-out>--------------------------------- Captured Log ---------------------------------

--------------------------------- Captured Out ---------------------------------
/home/runner/work/ocr-book/ocr-book/tests/image_failed_to_rotate.png
1606665437034931945 : Checking separation double page angle 90.18772783206224
1606665437035011150 : Checking separation double page y=0 2482
1606665442095404990 : Checking page rotation 1 0.35000000000000003
1606665449472799278 : Checking page rotation 2 0.45
1606665460806676271 : Checking image 1 crop x1 34
1606665460806760276 : Checking image 1 crop y1 1
1606665460806798078 : Checking image 1 crop x2 2480
1606665460806834480 : Checking image 1 crop y2 3500
1606665462965091457 : Checking image 2 crop x1 168
1606665462965174262 : Checking image 2 crop y1 234
1606665462965216464 : Checking image 2 crop x2 2247
1606665462965256066 : Checking image 2 crop y2 3355
1606665463009091500 : Checking image 1 dpi 300
1606665463009204506 : Checking image 1 border top 4
1606665463009239208 : Checking image 1 border bottom 4
1606665463009270309 : Checking image 1 border left 17
1606665463009301111 : Checking image 1 border right 17
1606665463011139409 : Checking image 2 dpi 300
1606665463011225913 : Checking image 2 border top 220
1606665463011261115 : Checking image 2 border bottom 146
1606665463011294317 : Checking image 2 border left 190
1606665463011327219 : Checking image 2 border right 190

</system-out><system-err>--------------------------------- Captured Err ---------------------------------

</system-err></testcase><testcase classname="tests.test_images" name="test_2_pages_2_contours_png" time="26.296"><system-out>--------------------------------- Captured Log ---------------------------------

--------------------------------- Captured Out ---------------------------------
/home/runner/work/ocr-book/ocr-book/tests/2-pages-2-contours.png
1606665444087654144 : Checking separation double page angle 89.9226294011526
1606665444087722048 : Checking separation double page y=0 2492
1606665446421464608 : Checking page rotation 1 0.05
1606665452666887494 : Checking page rotation 2 0.35000000000000003
1606665453529183832 : Checking image 1 crop x1 1191
1606665453529253136 : Checking image 1 crop y1 1733
1606665453529288338 : Checking image 1 crop x2 1192
1606665453529321040 : Checking image 1 crop y2 1734
1606665455233330280 : Checking image 2 crop x1 89
1606665455233412084 : Checking image 2 crop y1 240
1606665455233453987 : Checking image 2 crop x2 2136
1606665455233493889 : Checking image 2 crop y2 3239
1606665455268210562 : Checking image 1 dpi 300
1606665455268295266 : Checking image 1 border top 1752
1606665455268329568 : Checking image 1 border bottom 1753
1606665455268360970 : Checking image 1 border left 1239
1606665455268392172 : Checking image 1 border right 1239
1606665455269595837 : Checking image 2 dpi 300
1606665455269678341 : Checking image 2 border top 231
1606665455269713343 : Checking image 2 border bottom 257
1606665455269746145 : Checking image 2 border left 206
1606665455269779546 : Checking image 2 border right 206

</system-out><system-err>--------------------------------- Captured Err ---------------------------------

</system-err></testcase><testcase classname="tests.test_images" name="test_angle_page_lower_split_line_png" time="47.394"><system-out>--------------------------------- Captured Log ---------------------------------

--------------------------------- Captured Out ---------------------------------
/home/runner/work/ocr-book/ocr-book/tests/angle_page_lower_split_line.png
1606665485203082201 : Checking separation double page angle 89.73507328913124
1606665485203161605 : Checking separation double page y=0 2473
1606665492663057825 : Checking page rotation 1 -0.3999999999999915
1606665499111077360 : Checking page rotation 2 0.2
1606665501048512826 : Checking image 1 crop x1 244
1606665501048583129 : Checking image 1 crop y1 160
1606665501048617431 : Checking image 1 crop x2 2350
1606665501048649933 : Checking image 1 crop y2 3365
1606665502620250463 : Checking image 2 crop x1 151
1606665502620326467 : Checking image 2 crop y1 147
1606665502620365269 : Checking image 2 crop x2 2258
1606665502620402171 : Checking image 2 crop y2 3350
1606665502656753086 : Checking image 1 dpi 300
1606665502656845490 : Checking image 1 border top 130
1606665502656881792 : Checking image 1 border bottom 151
1606665502656915094 : Checking image 1 border left 177
1606665502656948995 : Checking image 1 border right 177
1606665502659018599 : Checking image 2 dpi 300
1606665502659095303 : Checking image 2 border top 116
1606665502659130204 : Checking image 2 border bottom 168
1606665502659163806 : Checking image 2 border left 176
1606665502659196908 : Checking image 2 border right 176

</system-out><system-err>--------------------------------- Captured Err ---------------------------------

</system-err></testcase><testcase classname="tests.test_images" name="test_image_failed_to_crop_data_png" time="52.206"><system-out>--------------------------------- Captured Log ---------------------------------

--------------------------------- Captured Out ---------------------------------
/home/runner/work/ocr-book/ocr-book/tests/image_failed_to_crop_data.png
1606665491332111343 : Checking separation double page angle 89.89865840161842
1606665491332182347 : Checking separation double page y=0 2477
1606665497207207110 : Checking page rotation 1 -0.14999999999999147
1606665502553022207 : Checking page rotation 2 0.05
1606665513388862807 : Checking image 1 crop x1 43
1606665513388949412 : Checking image 1 crop y1 6
1606665513388987714 : Checking image 1 crop x2 2481
1606665513389023315 : Checking image 1 crop y2 3504
1606665515234830394 : Checking image 2 crop x1 160
1606665515234904498 : Checking image 2 crop y1 217
1606665515234939099 : Checking image 2 crop x2 2241
1606665515234971301 : Checking image 2 crop y2 3350
1606665515267678605 : Checking image 1 dpi 300
1606665515267769110 : Checking image 1 border top 5
1606665515267795811 : Checking image 1 border bottom 5
1606665515267820112 : Checking image 1 border left 21
1606665515267843913 : Checking image 1 border right 21
1606665515269631601 : Checking image 2 dpi 300
1606665515269722806 : Checking image 2 border top 224
1606665515269757407 : Checking image 2 border bottom 130
1606665515269790909 : Checking image 2 border left 189
1606665515269824111 : Checking image 2 border right 189

</system-out><system-err>--------------------------------- Captured Err ---------------------------------

</system-err></testcase><testcase classname="tests.test_images" name="test_wrong_split_line_png" time="34.371"><system-out>--------------------------------- Captured Log ---------------------------------

--------------------------------- Captured Out ---------------------------------
/home/runner/work/ocr-book/ocr-book/tests/wrong_split_line.png
1606665522863231063 : Checking separation double page angle 89.85811715007924
1606665522863304067 : Checking separation double page y=0 2463
1606665528314923080 : Checking page rotation 1 -0.14999999999999147
1606665534260063837 : Checking page rotation 2 0.65
1606665535629995748 : Checking image 1 crop x1 213
1606665535630075352 : Checking image 1 crop y1 157
1606665535630117354 : Checking image 1 crop x2 2323
1606665535630158056 : Checking image 1 crop y2 3362
1606665536992285599 : Checking image 2 crop x1 126
1606665536992361003 : Checking image 2 crop y1 167
1606665536992399704 : Checking image 2 crop x2 2237
1606665536992462707 : Checking image 2 crop y2 3372
1606665537024473637 : Checking image 1 dpi 300
1606665537024561541 : Checking image 1 border top 115
1606665537024596843 : Checking image 1 border bottom 167
1606665537024628244 : Checking image 1 border left 175
1606665537024659746 : Checking image 1 border right 175
1606665537026339626 : Checking image 2 dpi 300
1606665537026407029 : Checking image 2 border top 142
1606665537026435530 : Checking image 2 border bottom 140
1606665537026462532 : Checking image 2 border left 174
1606665537026489533 : Checking image 2 border right 174

</system-out><system-err>--------------------------------- Captured Err ---------------------------------

</system-err></testcase><testcase classname="tests.test_images" name="test_wrong_angle_split_line_png" time="58.851"><system-out>--------------------------------- Captured Log ---------------------------------

--------------------------------- Captured Out ---------------------------------
/home/runner/work/ocr-book/ocr-book/tests/wrong_angle_split_line.png
1606665543499938221 : Checking separation double page angle 90.00846714570578
1606665543500024625 : Checking separation double page y=0 2478
1606665550792669848 : Checking page rotation 1 0.1
1606665559165370132 : Checking page rotation 2 0.2
1606665570365461701 : Checking image 1 crop x1 58
1606665570365543105 : Checking image 1 crop y1 6
1606665570365580506 : Checking image 1 crop x2 2476
1606665570365616708 : Checking image 1 crop y2 3501
1606665573250880020 : Checking image 2 crop x1 162
1606665573250961924 : Checking image 2 crop y1 219
1606665573251003926 : Checking image 2 crop x2 2238
1606665573251043428 : Checking image 2 crop y2 3348
1606665573420381629 : Checking image 1 dpi 300
1606665573420511535 : Checking image 1 border top 6
1606665573420546136 : Checking image 1 border bottom 6
1606665573420576938 : Checking image 1 border left 31
1606665573420608739 : Checking image 1 border right 31
1606665573426635317 : Checking image 2 dpi 300
1606665573426738721 : Checking image 2 border top 211
1606665573426773523 : Checking image 2 border bottom 147
1606665573426806724 : Checking image 2 border left 192
1606665573426839926 : Checking image 2 border right 192

</system-out><system-err>--------------------------------- Captured Err ---------------------------------

</system-err></testcase><testcase classname="tests.test_images" name="test_crop_too_much_png" time="69.091"><system-out>--------------------------------- Captured Log ---------------------------------

--------------------------------- Captured Out ---------------------------------
/home/runner/work/ocr-book/ocr-book/tests/crop_too_much.png
1606665576102533650 : Checking separation double page angle 90.1368362370825
1606665576102609554 : Checking separation double page y=0 2453
1606665589074849832 : Checking page rotation 1 0.0
1606665600525226689 : Checking page rotation 2 0.45
1606665603316279273 : Checking image 1 crop x1 303
1606665603316361477 : Checking image 1 crop y1 148
1606665603316403478 : Checking image 1 crop x2 2313
1606665603316476582 : Checking image 1 crop y2 3351
1606665606062198582 : Checking image 2 crop x1 170
1606665606062282685 : Checking image 2 crop y1 155
1606665606062321487 : Checking image 2 crop x2 2181
1606665606062358089 : Checking image 2 crop y2 3359
1606665606109412501 : Checking image 1 dpi 300
1606665606109503105 : Checking image 1 border top 131
1606665606109537206 : Checking image 1 border bottom 153
1606665606109568608 : Checking image 1 border left 225
1606665606109599909 : Checking image 1 border right 225
1606665606111281985 : Checking image 2 dpi 300
1606665606111354488 : Checking image 2 border top 139
1606665606111387189 : Checking image 2 border bottom 144
1606665606111418191 : Checking image 2 border left 224
1606665606111448992 : Checking image 2 border right 224

</system-out><system-err>--------------------------------- Captured Err ---------------------------------

</system-err></testcase><testcase classname="tests.test_images" name="test_crop_too_few_png" time="39.878"><system-out>--------------------------------- Captured Log ---------------------------------

--------------------------------- Captured Out ---------------------------------
/home/runner/work/ocr-book/ocr-book/tests/crop_too_few.png
1606665599335814652 : Checking separation double page angle 89.39070489155964
1606665599335894056 : Checking separation double page y=0 2510
1606665604969552205 : Checking page rotation 1 -0.75
1606665611068537568 : Checking page rotation 2 0.0
1606665612600291566 : Checking image 1 crop x1 265
1606665612600365769 : Checking image 1 crop y1 152
1606665612600400271 : Checking image 1 crop x2 2375
1606665612600461373 : Checking image 1 crop y2 3356
1606665614038384117 : Checking image 2 crop x1 139
1606665614038466421 : Checking image 2 crop y1 141
1606665614038505523 : Checking image 2 crop x2 2261
1606665614038542924 : Checking image 2 crop y2 3345
1606665614071821810 : Checking image 1 dpi 300
1606665614071929115 : Checking image 1 border top 116
1606665614071965916 : Checking image 1 border bottom 167
1606665614072000618 : Checking image 1 border left 175
1606665614072034619 : Checking image 1 border right 175
1606665614074186816 : Checking image 2 dpi 300
1606665614074280020 : Checking image 2 border top 140
1606665614074315621 : Checking image 2 border bottom 143
1606665614074349023 : Checking image 2 border left 169
1606665614074382524 : Checking image 2 border right 169

</system-out><system-err>--------------------------------- Captured Err ---------------------------------

</system-err></testcase><testcase classname="tests.test_images" name="test_crop_too_much_2_png" time="72.124"><system-out>--------------------------------- Captured Log ---------------------------------

--------------------------------- Captured Out ---------------------------------
/home/runner/work/ocr-book/ocr-book/tests/crop_too_much_2.png
1606665646803957864 : Checking separation double page angle 90.2140878077005
1606665646804033968 : Checking separation double page y=0 2477
1606665658038920162 : Checking page rotation 1 0.2
1606665671981028745 : Checking page rotation 2 0.2
1606665674935548630 : Checking image 1 crop x1 332
1606665674935625234 : Checking image 1 crop y1 131
1606665674935664935 : Checking image 1 crop x2 2342
1606665674935701837 : Checking image 1 crop y2 3336
1606665678166684296 : Checking image 2 crop x1 169
1606665678166768400 : Checking image 2 crop y1 139
1606665678166810501 : Checking image 2 crop x2 2182
1606665678166850403 : Checking image 2 crop y2 3345
1606665678220746529 : Checking image 1 dpi 300
1606665678220858134 : Checking image 1 border top 116
1606665678220892235 : Checking image 1 border bottom 166
1606665678220942238 : Checking image 1 border left 225
1606665678220975539 : Checking image 1 border right 225
1606665678223005927 : Checking image 2 dpi 300
1606665678223083630 : Checking image 2 border top 133
1606665678223115131 : Checking image 2 border bottom 148
1606665678223145333 : Checking image 2 border left 223
1606665678223175934 : Checking image 2 border right 223

</system-out><system-err>--------------------------------- Captured Err ---------------------------------

</system-err></testcase><testcase classname="tests.test_images" name="test_wrong_split_line_2_png" time="78.057"><system-out>--------------------------------- Captured Log ---------------------------------

--------------------------------- Captured Out ---------------------------------
/home/runner/work/ocr-book/ocr-book/tests/wrong_split_line_2.png
1606665662491189873 : Checking separation double page angle 90.39217497633973
1606665662491272876 : Checking separation double page y=0 2442
1606665674258408157 : Checking page rotation 1 0.2
1606665685470843611 : Checking page rotation 2 0.35000000000000003
1606665688610865969 : Checking image 1 crop x1 294
1606665688610949073 : Checking image 1 crop y1 136
1606665688610991275 : Checking image 1 crop x2 2325
1606665688611030977 : Checking image 1 crop y2 3376
1606665692057460128 : Checking image 2 crop x1 146
1606665692057539132 : Checking image 2 crop y1 193
1606665692057577733 : Checking image 2 crop x2 2175
1606665692057614735 : Checking image 2 crop y2 3387
1606665692106789346 : Checking image 1 dpi 300
1606665692106890850 : Checking image 1 border top 128
1606665692106924752 : Checking image 1 border bottom 119
1606665692106955653 : Checking image 1 border left 214
1606665692106986254 : Checking image 1 border right 214
1606665692109053543 : Checking image 2 dpi 300
1606665692109134246 : Checking image 2 border top 184
1606665692109165848 : Checking image 2 border bottom 109
1606665692109195749 : Checking image 2 border left 215
1606665692109226150 : Checking image 2 border right 215

</system-out><system-err>--------------------------------- Captured Err ---------------------------------

</system-err></testcase><testcase classname="tests.test_images" name="test_small_wave_png" time="63.250"><system-out>--------------------------------- Captured Log ---------------------------------

--------------------------------- Captured Out ---------------------------------
/home/runner/work/ocr-book/ocr-book/tests/small_wave.png
1606665717576498864 : Checking separation double page angle 90.61699923686102
1606665717576571467 : Checking separation double page y=0 2495
1606665727420068177 : Checking page rotation 1 0.7000000000000001
1606665737447933808 : Checking page rotation 2 0.7000000000000001
1606665739476347317 : Checking image 1 crop x1 322
1606665739476456128 : Checking image 1 crop y1 199
1606665739476497933 : Checking image 1 crop x2 2351
1606665739476535237 : Checking image 1 crop y2 3394
1606665741440706195 : Checking image 2 crop x1 135
1606665741440783803 : Checking image 2 crop y1 223
1606665741440822707 : Checking image 2 crop x2 2164
1606665741440859911 : Checking image 2 crop y2 3419
1606665741482591992 : Checking image 1 dpi 300
1606665741482686402 : Checking image 1 border top 177
1606665741482720406 : Checking image 1 border bottom 115
1606665741482751109 : Checking image 1 border left 215
1606665741482782212 : Checking image 1 border right 215
1606665741484575405 : Checking image 2 dpi 300
1606665741484656314 : Checking image 2 border top 191
1606665741484688217 : Checking image 2 border bottom 100
1606665741484718820 : Checking image 2 border left 215
1606665741484749824 : Checking image 2 border right 215

</system-out><system-err>--------------------------------- Captured Err ---------------------------------

</system-err></testcase><testcase classname="tests.test_images" name="test_wrong_split_line_3_png" time="54.594"><system-out>--------------------------------- Captured Log ---------------------------------

--------------------------------- Captured Out ---------------------------------
/home/runner/work/ocr-book/ocr-book/tests/wrong_split_line_3.png
1606665725648637488 : Checking separation double page angle 90.4401067484302
1606665725648722491 : Checking separation double page y=0 2498
1606665735761415822 : Checking page rotation 1 0.30000000000000004
1606665742820963999 : Checking page rotation 2 0.9
1606665744951419883 : Checking image 1 crop x1 331
1606665744951500992 : Checking image 1 crop y1 165
1606665744951542096 : Checking image 1 crop x2 2375
1606665744951581400 : Checking image 1 crop y2 3376
1606665746678248565 : Checking image 2 crop x1 102
1606665746678327973 : Checking image 2 crop y1 208
1606665746678365977 : Checking image 2 crop x2 2133
1606665746678402681 : Checking image 2 crop y2 3413
1606665746718275416 : Checking image 1 dpi 300
1606665746718377827 : Checking image 1 border top 150
1606665746718414131 : Checking image 1 border bottom 126
1606665746718447935 : Checking image 1 border left 208
1606665746718480838 : Checking image 1 border right 208
1606665746720613765 : Checking image 2 dpi 300
1606665746720698374 : Checking image 2 border top 190
1606665746720733078 : Checking image 2 border bottom 92
1606665746720766081 : Checking image 2 border left 214
1606665746720798885 : Checking image 2 border right 214

</system-out><system-err>--------------------------------- Captured Err ---------------------------------

</system-err></testcase><testcase classname="tests.test_images" name="test_wrong_wave_split_line_png" time="64.765"><system-out>--------------------------------- Captured Log ---------------------------------

--------------------------------- Captured Out ---------------------------------
/home/runner/work/ocr-book/ocr-book/tests/wrong_wave_split_line.png
1606665781886961411 : Checking separation double page angle 90.53209588050643
1606665781887034118 : Checking separation double page y=0 2502
1606665792419544641 : Checking page rotation 1 -0.14999999999999147
1606665800638907304 : Checking page rotation 2 0.8500000000000001
1606665803641620855 : Checking image 1 crop x1 385
1606665803641701263 : Checking image 1 crop y1 179
1606665803641743167 : Checking image 1 crop x2 2411
1606665803641782471 : Checking image 1 crop y2 3374
1606665806205286444 : Checking image 2 crop x1 124
1606665806205367252 : Checking image 2 crop y1 58
1606665806205409256 : Checking image 2 crop x2 2410
1606665806205448660 : Checking image 2 crop y2 3392
1606665806255794099 : Checking image 1 dpi 300
1606665806255891909 : Checking image 1 border top 167
1606665806255929012 : Checking image 1 border bottom 124
1606665806255962815 : Checking image 1 border left 217
1606665806255996118 : Checking image 1 border right 217
1606665806257791587 : Checking image 2 dpi 300
1606665806257877095 : Checking image 2 border top 0
1606665806257912499 : Checking image 2 border bottom 163
1606665806257945702 : Checking image 2 border left 92
1606665806257978905 : Checking image 2 border right 92

</system-out><system-err>--------------------------------- Captured Err ---------------------------------

</system-err></testcase><testcase classname="tests.test_images" name="test_no_split_line_line_algo_png" time="45.596"><system-out>--------------------------------- Captured Log ---------------------------------

--------------------------------- Captured Out ---------------------------------
/home/runner/work/ocr-book/ocr-book/tests/no_split_line_line_algo.png
1606665773769775800 : Checking separation double page angle 89.46795930182432
1606665773769859709 : Checking separation double page y=0 2476
1606665778839469118 : Checking page rotation 1 -0.14999999999999147
1606665788676926487 : Checking page rotation 2 -0.44999999999998863
1606665790046529782 : Checking image 1 crop x1 205
1606665790046614191 : Checking image 1 crop y1 158
1606665790046655495 : Checking image 1 crop x2 2320
1606665790046695198 : Checking image 1 crop y2 3366
1606665792280461889 : Checking image 2 crop x1 185
1606665792280547998 : Checking image 2 crop y1 221
1606665792280589802 : Checking image 2 crop x2 2201
1606665792280628906 : Checking image 2 crop y2 3366
1606665792324147315 : Checking image 1 dpi 300
1606665792324235823 : Checking image 1 border top 137
1606665792324266026 : Checking image 1 border bottom 142
1606665792324293029 : Checking image 1 border left 172
1606665792324320031 : Checking image 1 border right 172
1606665792326383631 : Checking image 2 dpi 300
1606665792326463739 : Checking image 2 border top 225
1606665792326514443 : Checking image 2 border bottom 117
1606665792326547447 : Checking image 2 border left 222
1606665792326580250 : Checking image 2 border right 222

</system-out><system-err>--------------------------------- Captured Err ---------------------------------

</system-err></testcase><testcase classname="tests.test_images" name="test_failed_split_line_line_algo_png" time="17.455"><system-out>--------------------------------- Captured Log ---------------------------------

--------------------------------- Captured Out ---------------------------------
/home/runner/work/ocr-book/ocr-book/tests/failed_split_line_line_algo.png
1606665816948957311 : Checking separation double page angle 90.01651175019265
1606665816949030318 : Checking separation double page y=0 2575
1606665820005207860 : Checking page rotation 1 -0.14999999999999147
1606665822084713478 : Checking page rotation 2 0.05
1606665823045173133 : Checking image 1 crop x1 407
1606665823045248040 : Checking image 1 crop y1 2925
1606665823045286844 : Checking image 1 crop x2 2419
1606665823045323647 : Checking image 1 crop y2 3174
1606665823754883664 : Checking image 2 crop x1 1180
1606665823754948270 : Checking image 2 crop y1 1724
1606665823754980073 : Checking image 2 crop x2 1181
1606665823755010576 : Checking image 2 crop y2 1725
1606665823755179991 : Checking image 1 dpi 300
1606665823755239496 : Checking image 1 border top 2930
1606665823755270899 : Checking image 1 border bottom 308
1606665823755301502 : Checking image 1 border left 224
1606665823755332305 : Checking image 1 border right 224
1606665823756552216 : Checking image 2 dpi 300
1606665823756625223 : Checking image 2 border top 1753
1606665823756657426 : Checking image 2 border bottom 1753
1606665823756687929 : Checking image 2 border left 1239
1606665823756719131 : Checking image 2 border right 1239

</system-out><system-err>--------------------------------- Captured Err ---------------------------------

</system-err></testcase></testsuite></testsuites>