<?xml version="1.0" encoding="utf-8"?><testsuites><testsuite errors="0" failures="0" hostname="fv-az139-325" name="pytest" skipped="0" tests="16" time="624.700" timestamp="2020-11-21T13:52:25.897362"><testcase classname="tests.test_features" name="test_disabled_enable_debug" time="28.810"><system-out>--------------------------------- Captured Log ---------------------------------

--------------------------------- Captured Out ---------------------------------
/home/runner/work/ocr-book/ocr-book/tests/0001_debug.png
separation double page angle 90.53945493634917
separation double page y=0 2485
page rotation 1 0.75
page rotation 2 0.2
image 1 crop x1 330
image 1 crop y1 336
image 1 crop x2 2343
image 1 crop y2 3223
image 2 crop x1 169
image 2 crop y1 648
image 2 crop x2 2186
image 2 crop y2 3361
image 1 dpi 300
image 1 border top 324
image 1 border bottom 276
image 1 border left 223
image 1 border right 223
image 2 dpi 300
image 2 border top 671
image 2 border bottom 103
image 2 border left 221
image 2 border right 221

</system-out><system-err>--------------------------------- Captured Err ---------------------------------

</system-err></testcase><testcase classname="tests.test_features" name="test_mock_stop_at_0" time="0.041"><system-out>--------------------------------- Captured Log ---------------------------------

--------------------------------- Captured Out ---------------------------------
/home/runner/work/ocr-book/ocr-book/tests/0001_0.png

</system-out><system-err>--------------------------------- Captured Err ---------------------------------

</system-err></testcase><testcase classname="tests.test_features" name="test_mock_stop_at_1" time="21.752"><system-out>--------------------------------- Captured Log ---------------------------------

--------------------------------- Captured Out ---------------------------------
/home/runner/work/ocr-book/ocr-book/tests/0001_1.png
separation double page angle 90.53945493634917
separation double page y=0 2485

</system-out><system-err>--------------------------------- Captured Err ---------------------------------

</system-err></testcase><testcase classname="tests.test_features" name="test_mock_stop_at_2" time="36.763"><system-out>--------------------------------- Captured Log ---------------------------------

--------------------------------- Captured Out ---------------------------------
/home/runner/work/ocr-book/ocr-book/tests/0001_2.png
separation double page angle 90.53945493634917
separation double page y=0 2485
page rotation 1 0.75
page rotation 2 0.2

</system-out><system-err>--------------------------------- Captured Err ---------------------------------

</system-err></testcase><testcase classname="tests.test_features" name="test_mock_stop_at_3" time="40.482"><system-out>--------------------------------- Captured Log ---------------------------------

--------------------------------- Captured Out ---------------------------------
/home/runner/work/ocr-book/ocr-book/tests/0001_3.png
separation double page angle 90.53945493634917
separation double page y=0 2485
page rotation 1 0.75
page rotation 2 0.2
image 1 crop x1 330
image 1 crop y1 336
image 1 crop x2 2343
image 1 crop y2 3223
image 2 crop x1 169
image 2 crop y1 648
image 2 crop x2 2186
image 2 crop y2 3361

</system-out><system-err>--------------------------------- Captured Err ---------------------------------

</system-err></testcase><testcase classname="tests.test_features" name="test_mock_stop_at_4" time="40.571"><system-out>--------------------------------- Captured Log ---------------------------------

--------------------------------- Captured Out ---------------------------------
/home/runner/work/ocr-book/ocr-book/tests/0001_4.png
separation double page angle 90.53945493634917
separation double page y=0 2485
page rotation 1 0.75
page rotation 2 0.2
image 1 crop x1 330
image 1 crop y1 336
image 1 crop x2 2343
image 1 crop y2 3223
image 2 crop x1 169
image 2 crop y1 648
image 2 crop x2 2186
image 2 crop y2 3361
image 1 dpi 300
image 1 border top 324
image 1 border bottom 276
image 1 border left 223
image 1 border right 223
image 2 dpi 300
image 2 border top 671
image 2 border bottom 103
image 2 border left 221
image 2 border right 221

</system-out><system-err>--------------------------------- Captured Err ---------------------------------

</system-err></testcase><testcase classname="tests.test_features" name="test_mock_stop_at_5" time="40.446"><system-out>--------------------------------- Captured Log ---------------------------------

--------------------------------- Captured Out ---------------------------------
/home/runner/work/ocr-book/ocr-book/tests/0001_5.png
separation double page angle 90.53945493634917
separation double page y=0 2485
page rotation 1 0.75
page rotation 2 0.2
image 1 crop x1 330
image 1 crop y1 336
image 1 crop x2 2343
image 1 crop y2 3223
image 2 crop x1 169
image 2 crop y1 648
image 2 crop x2 2186
image 2 crop y2 3361
image 1 dpi 300
image 1 border top 324
image 1 border bottom 276
image 1 border left 223
image 1 border right 223
image 2 dpi 300
image 2 border top 671
image 2 border bottom 103
image 2 border left 221
image 2 border right 221

</system-out><system-err>--------------------------------- Captured Err ---------------------------------

</system-err></testcase><testcase classname="tests.test_images" name="test_0001_png" time="40.943"><system-out>--------------------------------- Captured Log ---------------------------------

--------------------------------- Captured Out ---------------------------------
/home/runner/work/ocr-book/ocr-book/tests/0001.png
1605966977276092416 : Checking separation double page angle 90.53945493634917
1605966977276198144 : Checking separation double page y=0 2485
1605966984299880192 : Checking page rotation 1 0.75
1605966992884393472 : Checking page rotation 2 0.2
1605966994512647936 : Checking image 1 crop x1 330
1605966994512760064 : Checking image 1 crop y1 336
1605966994512809216 : Checking image 1 crop x2 2343
1605966994512854528 : Checking image 1 crop y2 3223
1605966996346194688 : Checking image 2 crop x1 169
1605966996346290432 : Checking image 2 crop y1 648
1605966996346338560 : Checking image 2 crop x2 2186
1605966996346400256 : Checking image 2 crop y2 3361
1605966996385597440 : Checking image 1 dpi 300
1605966996385783040 : Checking image 1 border top 324
1605966996385912576 : Checking image 1 border bottom 276
1605966996385970432 : Checking image 1 border left 223
1605966996386010112 : Checking image 1 border right 223
1605966996388622592 : Checking image 2 dpi 300
1605966996388734464 : Checking image 2 border top 671
1605966996388792320 : Checking image 2 border bottom 103
1605966996388845568 : Checking image 2 border left 221
1605966996388881920 : Checking image 2 border right 221

</system-out><system-err>--------------------------------- Captured Err ---------------------------------

</system-err></testcase><testcase classname="tests.test_images" name="test_2_pages_2_contours_png" time="26.673"><system-out>--------------------------------- Captured Log ---------------------------------

--------------------------------- Captured Out ---------------------------------
/home/runner/work/ocr-book/ocr-book/tests/2-pages-2-contours.png
1605967011556177664 : Checking separation double page angle 90.15647898380502
1605967011556296448 : Checking separation double page y=0 2489
1605967013999238912 : Checking page rotation 1 0.05
1605967020681964800 : Checking page rotation 2 0.35000000000000003
1605967021543193088 : Checking image 1 crop x1 1186
1605967021543281408 : Checking image 1 crop y1 1720
1605967021543319808 : Checking image 1 crop x2 1187
1605967021543355648 : Checking image 1 crop y2 1721
1605967023047440640 : Checking image 2 crop x1 102
1605967023047542272 : Checking image 2 crop y1 240
1605967023047590656 : Checking image 2 crop x2 2149
1605967023047634688 : Checking image 2 crop y2 3239
1605967023086423296 : Checking image 1 dpi 300
1605967023086541056 : Checking image 1 border top 1753
1605967023086581760 : Checking image 1 border bottom 1753
1605967023086616576 : Checking image 1 border left 1239
1605967023086650368 : Checking image 1 border right 1239
1605967023088456192 : Checking image 2 dpi 300
1605967023088547328 : Checking image 2 border top 229
1605967023088586240 : Checking image 2 border bottom 259
1605967023088620288 : Checking image 2 border left 206
1605967023088653824 : Checking image 2 border right 206

</system-out><system-err>--------------------------------- Captured Err ---------------------------------

</system-err></testcase><testcase classname="tests.test_images" name="test_black_border_not_removed_png" time="51.402"><system-out>--------------------------------- Captured Log ---------------------------------

--------------------------------- Captured Out ---------------------------------
/home/runner/work/ocr-book/ocr-book/tests/black-border-not-removed.png
1605967052489386240 : Checking separation double page angle 89.9903688802698
1605967052489528832 : Checking separation double page y=0 2455
1605967059730598912 : Checking page rotation 1 0.0
1605967070468769792 : Checking page rotation 2 0.0
1605967072306866176 : Checking image 1 crop x1 297
1605967072306966528 : Checking image 1 crop y1 143
1605967072307018496 : Checking image 1 crop x2 2309
1605967072307065856 : Checking image 1 crop y2 3346
1605967074436760064 : Checking image 2 crop x1 156
1605967074436857344 : Checking image 2 crop y1 145
1605967074436906496 : Checking image 2 crop x2 2168
1605967074436951552 : Checking image 2 crop y2 3352
1605967074475942400 : Checking image 1 dpi 300
1605967074476083968 : Checking image 1 border top 128
1605967074476132864 : Checking image 1 border bottom 156
1605967074476172032 : Checking image 1 border left 224
1605967074476210176 : Checking image 1 border right 224
1605967074479000832 : Checking image 2 dpi 300
1605967074479119616 : Checking image 2 border top 130
1605967074479164928 : Checking image 2 border bottom 150
1605967074479204096 : Checking image 2 border left 224
1605967074479242240 : Checking image 2 border right 224

</system-out><system-err>--------------------------------- Captured Err ---------------------------------

</system-err></testcase><testcase classname="tests.test_images" name="test_image_failed_to_rotate_png" time="48.500"><system-out>--------------------------------- Captured Log ---------------------------------

--------------------------------- Captured Out ---------------------------------
/home/runner/work/ocr-book/ocr-book/tests/image_failed_to_rotate.png
1605967095870232576 : Checking separation double page angle 90.14353501543772
1605967095870327552 : Checking separation double page y=0 2476
1605967101404083200 : Checking page rotation 1 0.35000000000000003
1605967109278930944 : Checking page rotation 2 0.45
1605967121122204928 : Checking image 1 crop x1 34
1605967121122297344 : Checking image 1 crop y1 1
1605967121122338048 : Checking image 1 crop x2 2474
1605967121122395136 : Checking image 1 crop y2 3500
1605967122823724544 : Checking image 2 crop x1 171
1605967122823819776 : Checking image 2 crop y1 234
1605967122823869184 : Checking image 2 crop x2 2250
1605967122823914496 : Checking image 2 crop y2 3355
1605967122867111936 : Checking image 1 dpi 300
1605967122867250944 : Checking image 1 border top 4
1605967122867314432 : Checking image 1 border bottom 4
1605967122867387904 : Checking image 1 border left 20
1605967122867447808 : Checking image 1 border right 20
1605967122870280448 : Checking image 2 dpi 300
1605967122870364416 : Checking image 2 border top 206
1605967122870406400 : Checking image 2 border bottom 160
1605967122870443520 : Checking image 2 border left 190
1605967122870485760 : Checking image 2 border right 190

</system-out><system-err>--------------------------------- Captured Err ---------------------------------

</system-err></testcase><testcase classname="tests.test_images" name="test_image_failed_to_crop_data_png" time="49.981"><system-out>--------------------------------- Captured Log ---------------------------------

--------------------------------- Captured Out ---------------------------------
/home/runner/work/ocr-book/ocr-book/tests/image_failed_to_crop_data.png
1605967146850329856 : Checking separation double page angle 90.06228874101497
1605967146850427904 : Checking separation double page y=0 2482
1605967153333815808 : Checking page rotation 1 0.2
1605967159704775168 : Checking page rotation 2 0.05
1605967171217955840 : Checking image 1 crop x1 58
1605967171218054656 : Checking image 1 crop y1 8
1605967171218099712 : Checking image 1 crop x2 2480
1605967171218141184 : Checking image 1 crop y2 3504
1605967172826156800 : Checking image 2 crop x1 159
1605967172826249216 : Checking image 2 crop y1 217
1605967172826296064 : Checking image 2 crop x2 2240
1605967172826339328 : Checking image 2 crop y2 3350
1605967172865950208 : Checking image 1 dpi 300
1605967172866104064 : Checking image 1 border top 6
1605967172866151168 : Checking image 1 border bottom 6
1605967172866190592 : Checking image 1 border left 29
1605967172866228736 : Checking image 1 border right 29
1605967172869146880 : Checking image 2 dpi 300
1605967172869263104 : Checking image 2 border top 209
1605967172869306624 : Checking image 2 border bottom 145
1605967172869345024 : Checking image 2 border left 189
1605967172869382912 : Checking image 2 border right 189

</system-out><system-err>--------------------------------- Captured Err ---------------------------------

</system-err></testcase><testcase classname="tests.test_images" name="test_wrong_angle_split_line_png" time="62.505"><system-out>--------------------------------- Captured Log ---------------------------------

--------------------------------- Captured Out ---------------------------------
/home/runner/work/ocr-book/ocr-book/tests/wrong_angle_split_line.png
1605967201914983936 : Checking separation double page angle 90.08422009258813
1605967201915082752 : Checking separation double page y=0 2487
1605967210431838976 : Checking page rotation 1 0.0
1605967219217559808 : Checking page rotation 2 0.0
1605967231821057024 : Checking image 1 crop x1 53
1605967231821159424 : Checking image 1 crop y1 8
1605967231821204736 : Checking image 1 crop x2 2485
1605967231821245952 : Checking image 1 crop y2 3505
1605967234461930752 : Checking image 2 crop x1 154
1605967234462032128 : Checking image 2 crop y1 217
1605967234462082560 : Checking image 2 crop x2 2237
1605967234462128640 : Checking image 2 crop y2 3350
1605967234650857984 : Checking image 1 dpi 300
1605967234651095040 : Checking image 1 border top 5
1605967234651150848 : Checking image 1 border bottom 5
1605967234651190016 : Checking image 1 border left 24
1605967234651226624 : Checking image 1 border right 24
1605967234658003456 : Checking image 2 dpi 300
1605967234658162688 : Checking image 2 border top 195
1605967234658207488 : Checking image 2 border bottom 159
1605967234658245888 : Checking image 2 border left 188
1605967234658283520 : Checking image 2 border right 188

</system-out><system-err>--------------------------------- Captured Err ---------------------------------

</system-err></testcase><testcase classname="tests.test_images" name="test_angle_page_lower_split_line_png" time="36.251"><system-out>--------------------------------- Captured Log ---------------------------------

--------------------------------- Captured Out ---------------------------------
/home/runner/work/ocr-book/ocr-book/tests/angle_page_lower_split_line.png
1605967251406642432 : Checking separation double page angle 89.74710364870903
1605967251406732800 : Checking separation double page y=0 2471
1605967260857658368 : Checking page rotation 1 -0.44999999999998863
1605967268088658176 : Checking page rotation 2 0.2
1605967270038342400 : Checking image 1 crop x1 245
1605967270038456576 : Checking image 1 crop y1 161
1605967270038506240 : Checking image 1 crop x2 2351
1605967270038567680 : Checking image 1 crop y2 3364
1605967271675413760 : Checking image 2 crop x1 153
1605967271675509504 : Checking image 2 crop y1 147
1605967271675558912 : Checking image 2 crop x2 2260
1605967271675604992 : Checking image 2 crop y2 3350
1605967271714638336 : Checking image 1 dpi 300
1605967271714778368 : Checking image 1 border top 131
1605967271714826752 : Checking image 1 border bottom 152
1605967271714867456 : Checking image 1 border left 177
1605967271714906624 : Checking image 1 border right 177
1605967271717572352 : Checking image 2 dpi 300
1605967271717647872 : Checking image 2 border top 118
1605967271717717504 : Checking image 2 border bottom 166
1605967271717756672 : Checking image 2 border left 176
1605967271717793280 : Checking image 2 border right 176

</system-out><system-err>--------------------------------- Captured Err ---------------------------------

</system-err></testcase><testcase classname="tests.test_images" name="test_wrong_split_line_png" time="37.059"><system-out>--------------------------------- Captured Log ---------------------------------

--------------------------------- Captured Out ---------------------------------
/home/runner/work/ocr-book/ocr-book/tests/wrong_split_line.png
1605967293395144448 : Checking separation double page angle 89.81531182790899
1605967293395246848 : Checking separation double page y=0 2465
1605967299238614528 : Checking page rotation 1 -0.04999999999999716
1605967305946979072 : Checking page rotation 2 0.6000000000000001
1605967307331085056 : Checking image 1 crop x1 211
1605967307331182848 : Checking image 1 crop y1 156
1605967307331233792 : Checking image 1 crop x2 2323
1605967307331280896 : Checking image 1 crop y2 3363
1605967308727214080 : Checking image 2 crop x1 124
1605967308727378688 : Checking image 2 crop y1 167
1605967308727433216 : Checking image 2 crop x2 2236
1605967308727480576 : Checking image 2 crop y2 3373
1605967308768246272 : Checking image 1 dpi 300
1605967308768400128 : Checking image 1 border top 180
1605967308768447744 : Checking image 1 border bottom 100
1605967308768488192 : Checking image 1 border left 174
1605967308768527104 : Checking image 1 border right 174
1605967308771521536 : Checking image 2 dpi 300
1605967308771634432 : Checking image 2 border top 129
1605967308771678976 : Checking image 2 border bottom 152
1605967308771717888 : Checking image 2 border left 174
1605967308771756032 : Checking image 2 border right 174

</system-out><system-err>--------------------------------- Captured Err ---------------------------------

</system-err></testcase><testcase classname="tests.test_images" name="test_crop_too_much_png" time="60.172"><system-out>--------------------------------- Captured Log ---------------------------------

--------------------------------- Captured Out ---------------------------------
/home/runner/work/ocr-book/ocr-book/tests/crop_too_much.png
1605967337701481984 : Checking separation double page angle 90.14985593620918
1605967337701577728 : Checking separation double page y=0 2457
1605967350558360576 : Checking page rotation 1 0.0
1605967363401294336 : Checking page rotation 2 0.4
1605967366134674688 : Checking image 1 crop x1 303
1605967366134774016 : Checking image 1 crop y1 148
1605967366134824704 : Checking image 1 crop x2 2313
1605967366134871040 : Checking image 1 crop y2 3351
1605967368880030720 : Checking image 2 crop x1 166
1605967368880129536 : Checking image 2 crop y1 154
1605967368880180480 : Checking image 2 crop x2 2180
1605967368880227328 : Checking image 2 crop y2 3360
1605967368931695104 : Checking image 1 dpi 300
1605967368931859200 : Checking image 1 border top 116
1605967368931906304 : Checking image 1 border bottom 168
1605967368931945984 : Checking image 1 border left 225
1605967368931984384 : Checking image 1 border right 225
1605967368935013632 : Checking image 2 dpi 300
1605967368935124224 : Checking image 2 border top 95
1605967368935169024 : Checking image 2 border bottom 186
1605967368935207168 : Checking image 2 border left 223
1605967368935244800 : Checking image 2 border right 223

</system-out><system-err>--------------------------------- Captured Err ---------------------------------

</system-err></testcase></testsuite></testsuites>