<?xml version="1.0" encoding="utf-8"?><testsuites><testsuite errors="0" failures="0" hostname="fv-az105-423" name="pytest" skipped="0" tests="36" time="867.072" timestamp="2021-01-09T06:43:40.369947"><testcase classname="tests.test_features" name="test_mock_stop_at_0" time="0.044"><system-out>--------------------------------- Captured Log ---------------------------------

--------------------------------- Captured Out ---------------------------------
/home/runner/work/ocr-book/ocr-book/tests/0001_0.png

</system-out><system-err>--------------------------------- Captured Err ---------------------------------

</system-err></testcase><testcase classname="tests.test_features" name="test_disabled_enable_debug" time="51.724"><system-out>--------------------------------- Captured Log ---------------------------------

--------------------------------- Captured Out ---------------------------------
/home/runner/work/ocr-book/ocr-book/tests/0001_debug.png
separation double page angle 90.5528088189967
separation double page y=0 2485
page rotation 1 0.5499999999999999
page rotation 2 0.2
image 1 crop x1 327
image 1 crop y1 334
image 1 crop x2 2346
image 1 crop y2 3221
image 2 crop x1 169
image 2 crop y1 648
image 2 crop x2 2186
image 2 crop y2 3361
image 1 dpi 300
image 1 border top 332
image 1 border bottom 268
image 1 border left 220
image 1 border right 220
image 2 dpi 300
image 2 border top 643
image 2 border bottom 131
image 2 border left 221
image 2 border right 221

</system-out><system-err>--------------------------------- Captured Err ---------------------------------

</system-err></testcase><testcase classname="tests.test_features" name="test_mock_stop_at_2" time="46.219"><system-out>--------------------------------- Captured Log ---------------------------------

--------------------------------- Captured Out ---------------------------------
/home/runner/work/ocr-book/ocr-book/tests/0001_2.png
separation double page angle 90.5528088189967
separation double page y=0 2485
page rotation 1 0.5499999999999999
page rotation 2 0.2

</system-out><system-err>--------------------------------- Captured Err ---------------------------------

</system-err></testcase><testcase classname="tests.test_features" name="test_mock_stop_at_4" time="50.819"><system-out>--------------------------------- Captured Log ---------------------------------

--------------------------------- Captured Out ---------------------------------
/home/runner/work/ocr-book/ocr-book/tests/0001_4.png
separation double page angle 90.5528088189967
separation double page y=0 2485
page rotation 1 0.5499999999999999
page rotation 2 0.2
image 1 crop x1 327
image 1 crop y1 334
image 1 crop x2 2346
image 1 crop y2 3221
image 2 crop x1 169
image 2 crop y1 648
image 2 crop x2 2186
image 2 crop y2 3361
image 1 dpi 300
image 1 border top 332
image 1 border bottom 268
image 1 border left 220
image 1 border right 220
image 2 dpi 300
image 2 border top 643
image 2 border bottom 131
image 2 border left 221
image 2 border right 221

</system-out><system-err>--------------------------------- Captured Err ---------------------------------

</system-err></testcase><testcase classname="tests.test_features" name="test_mock_stop_at_1" time="40.838"><system-out>--------------------------------- Captured Log ---------------------------------

--------------------------------- Captured Out ---------------------------------
/home/runner/work/ocr-book/ocr-book/tests/0001_1.png
separation double page angle 90.5528088189967
separation double page y=0 2485

</system-out><system-err>--------------------------------- Captured Err ---------------------------------

</system-err></testcase><testcase classname="tests.test_features" name="test_mock_stop_at_3" time="50.767"><system-out>--------------------------------- Captured Log ---------------------------------

--------------------------------- Captured Out ---------------------------------
/home/runner/work/ocr-book/ocr-book/tests/0001_3.png
separation double page angle 90.5528088189967
separation double page y=0 2485
page rotation 1 0.5499999999999999
page rotation 2 0.2
image 1 crop x1 327
image 1 crop y1 334
image 1 crop x2 2346
image 1 crop y2 3221
image 2 crop x1 169
image 2 crop y1 648
image 2 crop x2 2186
image 2 crop y2 3361

</system-out><system-err>--------------------------------- Captured Err ---------------------------------

</system-err></testcase><testcase classname="tests.test_images" name="test_0001_png" time="49.993"><system-out>--------------------------------- Captured Log ---------------------------------

--------------------------------- Captured Out ---------------------------------
/home/runner/work/ocr-book/ocr-book/tests/0001.png
1610174759136913790 : Checking separation double page angle 90.5528088189967
1610174759137091301 : Checking separation double page y=0 2485
1610174761041408957 : Checking page rotation 1 0.5499999999999999
1610174763678452353 : Checking page rotation 2 0.2
1610174766372054380 : Checking image 1 crop x1 327
1610174766372178888 : Checking image 1 crop y1 334
1610174766372217791 : Checking image 1 crop x2 2346
1610174766372249493 : Checking image 1 crop y2 3221
1610174768624020496 : Checking image 2 crop x1 169
1610174768624171606 : Checking image 2 crop y1 648
1610174768624215309 : Checking image 2 crop x2 2186
1610174768624250911 : Checking image 2 crop y2 3361
1610174768624433923 : Checking image 1 dpi 300
1610174768624510528 : Checking image 1 border top 332
1610174768624570832 : Checking image 1 border bottom 268
1610174768624604534 : Checking image 1 border left 220
1610174768624639336 : Checking image 1 border right 220
1610174768626795175 : Checking image 2 dpi 300
1610174768626856479 : Checking image 2 border top 643
1610174768626892181 : Checking image 2 border bottom 131
1610174768626922883 : Checking image 2 border left 221
1610174768626953285 : Checking image 2 border right 221

</system-out><system-err>--------------------------------- Captured Err ---------------------------------

</system-err></testcase><testcase classname="tests.test_features" name="test_mock_stop_at_5" time="50.870"><system-out>--------------------------------- Captured Log ---------------------------------

--------------------------------- Captured Out ---------------------------------
/home/runner/work/ocr-book/ocr-book/tests/0001_5.png
separation double page angle 90.5528088189967
separation double page y=0 2485
page rotation 1 0.5499999999999999
page rotation 2 0.2
image 1 crop x1 327
image 1 crop y1 334
image 1 crop x2 2346
image 1 crop y2 3221
image 2 crop x1 169
image 2 crop y1 648
image 2 crop x2 2186
image 2 crop y2 3361
image 1 dpi 300
image 1 border top 332
image 1 border bottom 268
image 1 border left 220
image 1 border right 220
image 2 dpi 300
image 2 border top 643
image 2 border bottom 131
image 2 border left 221
image 2 border right 221

</system-out><system-err>--------------------------------- Captured Err ---------------------------------

</system-err></testcase><testcase classname="tests.test_images" name="test_black_border_not_removed_png" time="54.566"><system-out>--------------------------------- Captured Log ---------------------------------

--------------------------------- Captured Out ---------------------------------
/home/runner/work/ocr-book/ocr-book/tests/black-border-not-removed.png
1610174811585734052 : Checking separation double page angle 90.033171103531
1610174811585870460 : Checking separation double page y=0 2455
1610174813769741704 : Checking page rotation 1 0.0
1610174816946615080 : Checking page rotation 2 0.05
1610174820318703287 : Checking image 1 crop x1 297
1610174820318826995 : Checking image 1 crop y1 143
1610174820318865098 : Checking image 1 crop x2 2309
1610174820318938502 : Checking image 1 crop y2 3346
1610174823189421919 : Checking image 2 crop x1 157
1610174823189536526 : Checking image 2 crop y1 145
1610174823189574129 : Checking image 2 crop x2 2170
1610174823189609331 : Checking image 2 crop y2 3351
1610174823189768341 : Checking image 1 dpi 300
1610174823189844946 : Checking image 1 border top 132
1610174823189879648 : Checking image 1 border bottom 152
1610174823189909850 : Checking image 1 border left 224
1610174823189939952 : Checking image 1 border right 224
1610174823191865276 : Checking image 2 dpi 300
1610174823191922579 : Checking image 2 border top 134
1610174823191953781 : Checking image 2 border bottom 147
1610174823191982283 : Checking image 2 border left 223
1610174823192010985 : Checking image 2 border right 223

</system-out><system-err>--------------------------------- Captured Err ---------------------------------

</system-err></testcase><testcase classname="tests.test_images" name="test_2_pages_2_contours_png" time="28.828"><system-out>--------------------------------- Captured Log ---------------------------------

--------------------------------- Captured Out ---------------------------------
/home/runner/work/ocr-book/ocr-book/tests/2-pages-2-contours.png
1610174838118435713 : Checking separation double page angle 90.09036871657068
1610174838118659828 : Checking separation double page y=0 2486
1610174838792064645 : Checking page rotation 1 0.0
1610174840675525444 : Checking page rotation 2 0.2
1610174841998739305 : Checking image 1 crop x1 1191
1610174841998832510 : Checking image 1 crop y1 1750
1610174841998864513 : Checking image 1 crop x2 1192
1610174841998892314 : Checking image 1 crop y2 1751
1610174844603598860 : Checking image 2 crop x1 99
1610174844603714867 : Checking image 2 crop y1 240
1610174844603753070 : Checking image 2 crop x2 2147
1610174844603789372 : Checking image 2 crop y2 3240
1610174844604007286 : Checking image 1 dpi 300
1610174844604074390 : Checking image 1 border top 1752
1610174844604111893 : Checking image 1 border bottom 1753
1610174844604145595 : Checking image 1 border left 1239
1610174844604177497 : Checking image 1 border right 1239
1610174844606034416 : Checking image 2 dpi 300
1610174844606099020 : Checking image 2 border top 229
1610174844606131422 : Checking image 2 border bottom 258
1610174844606161224 : Checking image 2 border left 206
1610174844606190826 : Checking image 2 border right 206

</system-out><system-err>--------------------------------- Captured Err ---------------------------------

</system-err></testcase><testcase classname="tests.test_images" name="test_image_failed_to_rotate_png" time="52.009"><system-out>--------------------------------- Captured Log ---------------------------------

--------------------------------- Captured Out ---------------------------------
/home/runner/work/ocr-book/ocr-book/tests/image_failed_to_rotate.png
1610174859083726108 : Checking separation double page angle 90.26767669076624
1610174859083888918 : Checking separation double page y=0 2480
1610174861067925941 : Checking page rotation 1 0.45
1610174863352308625 : Checking page rotation 2 0.2
1610174871690696202 : Checking image 1 crop x1 31
1610174871690876513 : Checking image 1 crop y1 1
1610174871690920816 : Checking image 1 crop x2 2478
1610174871690958519 : Checking image 1 crop y2 3504
1610174875114560107 : Checking image 2 crop x1 169
1610174875114699016 : Checking image 2 crop y1 231
1610174875114748219 : Checking image 2 crop x2 2257
1610174875114822224 : Checking image 2 crop y2 3358
1610174875115025037 : Checking image 1 dpi 300
1610174875115134844 : Checking image 1 border top 2
1610174875115178947 : Checking image 1 border bottom 2
1610174875115216049 : Checking image 1 border left 17
1610174875115255552 : Checking image 1 border right 17
1610174875117942324 : Checking image 2 dpi 300
1610174875118037230 : Checking image 2 border top 218
1610174875118075333 : Checking image 2 border bottom 142
1610174875118128036 : Checking image 2 border left 186
1610174875118164239 : Checking image 2 border right 186

</system-out><system-err>--------------------------------- Captured Err ---------------------------------

</system-err></testcase><testcase classname="tests.test_images" name="test_wrong_split_line_png" time="37.421"><system-out>--------------------------------- Captured Log ---------------------------------

--------------------------------- Captured Out ---------------------------------
/home/runner/work/ocr-book/ocr-book/tests/wrong_split_line.png
1610174873676459468 : Checking separation double page angle 89.93395720607973
1610174873676690683 : Checking separation double page y=0 2465
1610174875683597705 : Checking page rotation 1 -0.04999999999999689
1610174877574830208 : Checking page rotation 2 0.5499999999999999
1610174879365245519 : Checking image 1 crop x1 211
1610174879365359626 : Checking image 1 crop y1 156
1610174879365396828 : Checking image 1 crop x2 2323
1610174879365433031 : Checking image 1 crop y2 3363
1610174882015411233 : Checking image 2 crop x1 125
1610174882015552642 : Checking image 2 crop y1 166
1610174882015589644 : Checking image 2 crop x2 2236
1610174882015680150 : Checking image 2 crop y2 3373
1610174882015871162 : Checking image 1 dpi 300
1610174882015961768 : Checking image 1 border top 134
1610174882016048873 : Checking image 1 border bottom 146
1610174882016081875 : Checking image 1 border left 174
1610174882016113077 : Checking image 1 border right 174
1610174882018618637 : Checking image 2 dpi 300
1610174882018703843 : Checking image 2 border top 146
1610174882018744945 : Checking image 2 border bottom 134
1610174882018786048 : Checking image 2 border left 174
1610174882018823550 : Checking image 2 border right 174

</system-out><system-err>--------------------------------- Captured Err ---------------------------------

</system-err></testcase><testcase classname="tests.test_images" name="test_image_failed_to_crop_data_png" time="62.625"><system-out>--------------------------------- Captured Log ---------------------------------

--------------------------------- Captured Out ---------------------------------
/home/runner/work/ocr-book/ocr-book/tests/image_failed_to_crop_data.png
1610174914896558807 : Checking separation double page angle 90.053197600644
1610174914896699516 : Checking separation double page y=0 2480
1610174919549554738 : Checking page rotation 1 0.15000000000000002
1610174921552380870 : Checking page rotation 2 0.0
1610174934390442745 : Checking image 1 crop x1 51
1610174934390567353 : Checking image 1 crop y1 7
1610174934390608455 : Checking image 1 crop x2 2478
1610174934390643958 : Checking image 1 crop y2 3505
1610174937780353215 : Checking image 2 crop x1 160
1610174937780468122 : Checking image 2 crop y1 217
1610174937780503325 : Checking image 2 crop x2 2242
1610174937780553328 : Checking image 2 crop y2 3350
1610174937780710338 : Checking image 1 dpi 300
1610174937780784243 : Checking image 1 border top 5
1610174937780818145 : Checking image 1 border bottom 5
1610174937780845947 : Checking image 1 border left 27
1610174937780873748 : Checking image 1 border right 27
1610174937783091891 : Checking image 2 dpi 300
1610174937783150594 : Checking image 2 border top 206
1610174937783183797 : Checking image 2 border bottom 148
1610174937783214799 : Checking image 2 border left 189
1610174937783245701 : Checking image 2 border right 189

</system-out><system-err>--------------------------------- Captured Err ---------------------------------

</system-err></testcase><testcase classname="tests.test_images" name="test_crop_too_much_png" time="71.074"><system-out>--------------------------------- Captured Log ---------------------------------

--------------------------------- Captured Out ---------------------------------
/home/runner/work/ocr-book/ocr-book/tests/crop_too_much.png
1610174941109611290 : Checking separation double page angle 90.13239409272954
1610174941109732597 : Checking separation double page y=0 2455
1610174944777246342 : Checking page rotation 1 0.0
1610174948066256301 : Checking page rotation 2 0.2
1610174950895580117 : Checking image 1 crop x1 303
1610174950895731827 : Checking image 1 crop y1 148
1610174950895785731 : Checking image 1 crop x2 2313
1610174950895820433 : Checking image 1 crop y2 3351
1610174953075188725 : Checking image 2 crop x1 162
1610174953075314833 : Checking image 2 crop y1 151
1610174953075360936 : Checking image 2 crop x2 2186
1610174953075404639 : Checking image 2 crop y2 3363
1610174953075645454 : Checking image 1 dpi 300
1610174953075730060 : Checking image 1 border top 132
1610174953075765062 : Checking image 1 border bottom 152
1610174953075797264 : Checking image 1 border left 225
1610174953075846067 : Checking image 1 border right 225
1610174953078201518 : Checking image 2 dpi 300
1610174953078271422 : Checking image 2 border top 132
1610174953078308625 : Checking image 2 border bottom 143
1610174953078378429 : Checking image 2 border left 218
1610174953078412731 : Checking image 2 border right 218

</system-out><system-err>--------------------------------- Captured Err ---------------------------------

</system-err></testcase><testcase classname="tests.test_images" name="test_wrong_angle_split_line_png" time="44.383"><system-out>--------------------------------- Captured Log ---------------------------------

--------------------------------- Captured Out ---------------------------------
/home/runner/work/ocr-book/ocr-book/tests/wrong_angle_split_line.png
1610174964640897965 : Checking separation double page angle 90.09193420006348
1610174964641023673 : Checking separation double page y=0 2478
1610174966080718092 : Checking page rotation 1 0.1
1610174968247967702 : Checking page rotation 2 0.1
1610174976672673484 : Checking image 1 crop x1 58
1610174976672818993 : Checking image 1 crop y1 6
1610174976672913299 : Checking image 1 crop x2 2476
1610174976672951002 : Checking image 1 crop y2 3501
1610174981510463569 : Checking image 2 crop x1 166
1610174981510584477 : Checking image 2 crop y1 218
1610174981510621879 : Checking image 2 crop x2 2244
1610174981510655582 : Checking image 2 crop y2 3349
1610174981510819192 : Checking image 1 dpi 300
1610174981510891697 : Checking image 1 border top 6
1610174981510924399 : Checking image 1 border bottom 6
1610174981510953401 : Checking image 1 border left 31
1610174981510982103 : Checking image 1 border right 31
1610174981518438480 : Checking image 2 dpi 300
1610174981518530186 : Checking image 2 border top 207
1610174981518563688 : Checking image 2 border bottom 149
1610174981518593590 : Checking image 2 border left 191
1610174981518622992 : Checking image 2 border right 191

</system-out><system-err>--------------------------------- Captured Err ---------------------------------

</system-err></testcase><testcase classname="tests.test_images" name="test_crop_too_few_png" time="38.576"><system-out>--------------------------------- Captured Log ---------------------------------

--------------------------------- Captured Out ---------------------------------
/home/runner/work/ocr-book/ocr-book/tests/crop_too_few.png
1610174983012598927 : Checking separation double page angle 89.54670238452755
1610174983012723635 : Checking separation double page y=0 2512
1610174984916820808 : Checking page rotation 1 -0.6000000000000009
1610174987273594455 : Checking page rotation 2 0.0
1610174989487883281 : Checking image 1 crop x1 263
1610174989487996589 : Checking image 1 crop y1 150
1610174989488032691 : Checking image 1 crop x2 2379
1610174989488066193 : Checking image 1 crop y2 3358
1610174991676857481 : Checking image 2 crop x1 137
1610174991676967188 : Checking image 2 crop y1 141
1610174991677004491 : Checking image 2 crop x2 2259
1610174991677040093 : Checking image 2 crop y2 3345
1610174991677231105 : Checking image 1 dpi 300
1610174991677299910 : Checking image 1 border top 130
1610174991677331312 : Checking image 1 border bottom 149
1610174991677361114 : Checking image 1 border left 172
1610174991677388915 : Checking image 1 border right 172
1610174991679379443 : Checking image 2 dpi 300
1610174991679449647 : Checking image 2 border top 130
1610174991679479249 : Checking image 2 border bottom 153
1610174991679506551 : Checking image 2 border left 169
1610174991679533553 : Checking image 2 border right 169

</system-out><system-err>--------------------------------- Captured Err ---------------------------------

</system-err></testcase><testcase classname="tests.test_images" name="test_angle_page_lower_split_line_png" time="51.643"><system-out>--------------------------------- Captured Log ---------------------------------

--------------------------------- Captured Out ---------------------------------
/home/runner/work/ocr-book/ocr-book/tests/angle_page_lower_split_line.png
1610175021480257757 : Checking separation double page angle 89.74927707086691
1610175021480403466 : Checking separation double page y=0 2474
1610175025301277864 : Checking page rotation 1 -0.14999999999999067
1610175028893237543 : Checking page rotation 2 0.1
1610175031483669302 : Checking image 1 crop x1 241
1610175031483818812 : Checking image 1 crop y1 156
1610175031483906218 : Checking image 1 crop x2 2357
1610175031483940420 : Checking image 1 crop y2 3368
1610175033867732214 : Checking image 2 crop x1 149
1610175033867858722 : Checking image 2 crop y1 146
1610175033867898125 : Checking image 2 crop x2 2259
1610175033867934427 : Checking image 2 crop y2 3351
1610175033868108638 : Checking image 1 dpi 300
1610175033868187943 : Checking image 1 border top 140
1610175033868223845 : Checking image 1 border bottom 135
1610175033868256047 : Checking image 1 border left 172
1610175033868287850 : Checking image 1 border right 172
1610175033870441187 : Checking image 2 dpi 300
1610175033870507691 : Checking image 2 border top 129
1610175033870541393 : Checking image 2 border bottom 152
1610175033870572395 : Checking image 2 border left 175
1610175033870603597 : Checking image 2 border right 175

</system-out><system-err>--------------------------------- Captured Err ---------------------------------

</system-err></testcase><testcase classname="tests.test_images" name="test_crop_too_much_2_png" time="84.189"><system-out>--------------------------------- Captured Log ---------------------------------

--------------------------------- Captured Out ---------------------------------
/home/runner/work/ocr-book/ocr-book/tests/crop_too_much_2.png
1610175062398279315 : Checking separation double page angle 90.1149074900787
1610175062398419824 : Checking separation double page y=0 2478
1610175065872376308 : Checking page rotation 1 0.15000000000000002
1610175069736076949 : Checking page rotation 2 0.2
1610175072323715236 : Checking image 1 crop x1 330
1610175072323856945 : Checking image 1 crop y1 132
1610175072323928050 : Checking image 1 crop x2 2342
1610175072323961352 : Checking image 1 crop y2 3335
1610175075847743122 : Checking image 2 crop x1 162
1610175075847852629 : Checking image 2 crop y1 139
1610175075847887731 : Checking image 2 crop x2 2175
1610175075847920934 : Checking image 2 crop y2 3345
1610175075848074743 : Checking image 1 dpi 300
1610175075848145448 : Checking image 1 border top 122
1610175075848178850 : Checking image 1 border bottom 162
1610175075848209552 : Checking image 1 border left 224
1610175075848250655 : Checking image 1 border right 224
1610175075850257083 : Checking image 2 dpi 300
1610175075850317787 : Checking image 2 border top 130
1610175075850348189 : Checking image 2 border bottom 151
1610175075850376091 : Checking image 2 border left 223
1610175075850403793 : Checking image 2 border right 223

</system-out><system-err>--------------------------------- Captured Err ---------------------------------

</system-err></testcase><testcase classname="tests.test_images" name="test_wrong_split_line_2_png" time="74.904"><system-out>--------------------------------- Captured Log ---------------------------------

--------------------------------- Captured Out ---------------------------------
/home/runner/work/ocr-book/ocr-book/tests/wrong_split_line_2.png
1610175089977125608 : Checking separation double page angle 90.19944704411863
1610175089977246616 : Checking separation double page y=0 2437
1610175094069389372 : Checking page rotation 1 0.2
1610175097584371518 : Checking page rotation 2 0.2
1610175101909817245 : Checking image 1 crop x1 294
1610175101909937753 : Checking image 1 crop y1 136
1610175101909972855 : Checking image 1 crop x2 2325
1610175101910005857 : Checking image 1 crop y2 3376
1610175108771169071 : Checking image 2 crop x1 136
1610175108771289479 : Checking image 2 crop y1 190
1610175108771326281 : Checking image 2 crop x2 2172
1610175108771359784 : Checking image 2 crop y2 3389
1610175108771524394 : Checking image 1 dpi 300
1610175108771595799 : Checking image 1 border top 131
1610175108771628601 : Checking image 1 border bottom 116
1610175108771658403 : Checking image 1 border left 214
1610175108771687205 : Checking image 1 border right 214
1610175108773841443 : Checking image 2 dpi 300
1610175108773898646 : Checking image 2 border top 181
1610175108773929548 : Checking image 2 border bottom 107
1610175108773957850 : Checking image 2 border left 212
1610175108773986252 : Checking image 2 border right 212

</system-out><system-err>--------------------------------- Captured Err ---------------------------------

</system-err></testcase><testcase classname="tests.test_images" name="test_wrong_wave_split_line_png" time="71.842"><system-out>--------------------------------- Captured Log ---------------------------------

--------------------------------- Captured Out ---------------------------------
/home/runner/work/ocr-book/ocr-book/tests/wrong_wave_split_line.png
1610175130023576118 : Checking separation double page angle 90.37878604107719
1610175130023704726 : Checking separation double page y=0 2500
1610175132548071990 : Checking page rotation 1 -0.14999999999999067
1610175135090846148 : Checking page rotation 2 0.9
1610175141478450326 : Checking image 1 crop x1 385
1610175141478565033 : Checking image 1 crop y1 179
1610175141478602936 : Checking image 1 crop x2 2411
1610175141478637538 : Checking image 1 crop y2 3374
1610175147703796793 : Checking image 2 crop x1 117
1610175147703901900 : Checking image 2 crop y1 19
1610175147703936902 : Checking image 2 crop x2 2406
1610175147703970504 : Checking image 2 crop y2 3391
1610175147704130214 : Checking image 1 dpi 300
1610175147704201419 : Checking image 1 border top 173
1610175147704233921 : Checking image 1 border bottom 119
1610175147704263423 : Checking image 1 border left 217
1610175147704291225 : Checking image 1 border right 217
1610175147706309555 : Checking image 2 dpi 300
1610175147706366458 : Checking image 2 border top 0
1610175147706400161 : Checking image 2 border bottom 125
1610175147706427962 : Checking image 2 border left 91
1610175147706455264 : Checking image 2 border right 91

</system-out><system-err>--------------------------------- Captured Err ---------------------------------

</system-err></testcase><testcase classname="tests.test_images" name="test_small_wave_png" time="77.999"><system-out>--------------------------------- Captured Log ---------------------------------

--------------------------------- Captured Out ---------------------------------
/home/runner/work/ocr-book/ocr-book/tests/small_wave.png
1610175177418491957 : Checking separation double page angle 90.58816928841564
1610175177418609064 : Checking separation double page y=0 2497
1610175180530755921 : Checking page rotation 1 0.65
1610175183436141546 : Checking page rotation 2 0.65
1610175185002480611 : Checking image 1 crop x1 320
1610175185002602719 : Checking image 1 crop y1 199
1610175185002639621 : Checking image 1 crop x2 2353
1610175185002671123 : Checking image 1 crop y2 3394
1610175186769574788 : Checking image 2 crop x1 130
1610175186769701896 : Checking image 2 crop y1 222
1610175186769739098 : Checking image 2 crop x2 2163
1610175186769773900 : Checking image 2 crop y2 3420
1610175186769935811 : Checking image 1 dpi 300
1610175186770012415 : Checking image 1 border top 179
1610175186770046118 : Checking image 1 border bottom 112
1610175186770076420 : Checking image 1 border left 213
1610175186770105821 : Checking image 1 border right 213
1610175186772316763 : Checking image 2 dpi 300
1610175186772385467 : Checking image 2 border top 197
1610175186772433770 : Checking image 2 border bottom 92
1610175186772481373 : Checking image 2 border left 213
1610175186772511375 : Checking image 2 border right 213

</system-out><system-err>--------------------------------- Captured Err ---------------------------------

</system-err></testcase><testcase classname="tests.test_images" name="test_no_split_line_line_algo_png" time="45.046"><system-out>--------------------------------- Captured Log ---------------------------------

--------------------------------- Captured Out ---------------------------------
/home/runner/work/ocr-book/ocr-book/tests/no_split_line_line_algo.png
1610175182624525240 : Checking separation double page angle 89.47691469185418
1610175182624654949 : Checking separation double page y=0 2476
1610175184330692437 : Checking page rotation 1 -0.14999999999999067
1610175187429920231 : Checking page rotation 2 -0.14999999999999067
1610175189257057040 : Checking image 1 crop x1 205
1610175189257193349 : Checking image 1 crop y1 158
1610175189257231551 : Checking image 1 crop x2 2320
1610175189257284954 : Checking image 1 crop y2 3366
1610175192764098463 : Checking image 2 crop x1 185
1610175192764205970 : Checking image 2 crop y1 225
1610175192764242872 : Checking image 2 crop x2 2204
1610175192764278075 : Checking image 2 crop y2 3362
1610175192764440785 : Checking image 1 dpi 300
1610175192764572993 : Checking image 1 border top 144
1610175192764616896 : Checking image 1 border bottom 134
1610175192764652498 : Checking image 1 border left 172
1610175192764686201 : Checking image 1 border right 172
1610175192766738932 : Checking image 2 dpi 300
1610175192766797135 : Checking image 2 border top 218
1610175192766832438 : Checking image 2 border bottom 132
1610175192766862240 : Checking image 2 border left 220
1610175192766891242 : Checking image 2 border right 220

</system-out><system-err>--------------------------------- Captured Err ---------------------------------

</system-err></testcase><testcase classname="tests.test_images" name="test_wrong_split_line_3_png" time="50.756"><system-out>--------------------------------- Captured Log ---------------------------------

--------------------------------- Captured Out ---------------------------------
/home/runner/work/ocr-book/ocr-book/tests/wrong_split_line_3.png
1610175228859877441 : Checking separation double page angle 90.43729500214694
1610175228859990048 : Checking separation double page y=0 2498
1610175231719915356 : Checking page rotation 1 0.2
1610175233843010049 : Checking page rotation 2 0.85
1610175235682058889 : Checking image 1 crop x1 331
1610175235682208298 : Checking image 1 crop y1 166
1610175235682255301 : Checking image 1 crop x2 2377
1610175235682298004 : Checking image 1 crop y2 3375
1610175237518467060 : Checking image 2 crop x1 102
1610175237518635670 : Checking image 2 crop y1 207
1610175237518695374 : Checking image 2 crop x2 2135
1610175237518786880 : Checking image 2 crop y2 3414
1610175237518998694 : Checking image 1 dpi 300
1610175237519102500 : Checking image 1 border top 158
1610175237519142503 : Checking image 1 border bottom 120
1610175237519178705 : Checking image 1 border left 207
1610175237519213807 : Checking image 1 border right 207
1610175237521513854 : Checking image 2 dpi 300
1610175237521581959 : Checking image 2 border top 186
1610175237521692866 : Checking image 2 border bottom 94
1610175237521729668 : Checking image 2 border left 213
1610175237521766070 : Checking image 2 border right 213

</system-out><system-err>--------------------------------- Captured Err ---------------------------------

</system-err></testcase><testcase classname="tests.test_images" name="test_failed_split_line_line_algo_png" time="20.092"><system-out>--------------------------------- Captured Log ---------------------------------

--------------------------------- Captured Out ---------------------------------
/home/runner/work/ocr-book/ocr-book/tests/failed_split_line_line_algo.png
1610175207668238544 : Checking separation double page angle 90.04134220573248
1610175207668370853 : Checking separation double page y=0 2573
1610175208677173931 : Checking page rotation 1 -0.09999999999999377
1610175209307774999 : Checking page rotation 2 0.1
1610175211576064604 : Checking image 1 crop x1 408
1610175211576180511 : Checking image 1 crop y1 2926
1610175211576217613 : Checking image 1 crop x2 2420
1610175211576251515 : Checking image 1 crop y2 3173
1610175212885642336 : Checking image 2 crop x1 1184
1610175212885736042 : Checking image 2 crop y1 1745
1610175212885768144 : Checking image 2 crop x2 1185
1610175212885796246 : Checking image 2 crop y2 1746
1610175212885924754 : Checking image 1 dpi 300
1610175212885996659 : Checking image 1 border top 2922
1610175212886029361 : Checking image 1 border bottom 318
1610175212886059263 : Checking image 1 border left 224
1610175212886087165 : Checking image 1 border right 224
1610175212887381947 : Checking image 2 dpi 300
1610175212887434551 : Checking image 2 border top 1753
1610175212887481454 : Checking image 2 border bottom 1753
1610175212887509256 : Checking image 2 border left 1239
1610175212887536557 : Checking image 2 border right 1239

</system-out><system-err>--------------------------------- Captured Err ---------------------------------

</system-err></testcase><testcase classname="tests.test_images" name="test_failed_split_line_line_algo_2_png" time="59.762"><system-out>--------------------------------- Captured Log ---------------------------------

--------------------------------- Captured Out ---------------------------------
/home/runner/work/ocr-book/ocr-book/tests/failed_split_line_line_algo_2.png
1610175262915343064 : Checking separation double page angle 90.03068774449687
1610175262915452071 : Checking separation double page y=0 2500
1610175265953376845 : Checking page rotation 1 0.05
1610175268659318466 : Checking page rotation 2 0.5499999999999999
1610175270594380268 : Checking image 1 crop x1 271
1610175270594522677 : Checking image 1 crop y1 149
1610175270594578980 : Checking image 1 crop x2 2382
1610175270594615783 : Checking image 1 crop y2 3354
1610175272615770165 : Checking image 2 crop x1 120
1610175272615881972 : Checking image 2 crop y1 155
1610175272615918774 : Checking image 2 crop x2 2244
1610175272615951776 : Checking image 2 crop y2 3350
1610175272616105486 : Checking image 1 dpi 300
1610175272616178891 : Checking image 1 border top 141
1610175272616213593 : Checking image 1 border bottom 141
1610175272616244995 : Checking image 1 border left 174
1610175272616274097 : Checking image 1 border right 174
1610175272618477838 : Checking image 2 dpi 300
1610175272618544142 : Checking image 2 border top 140
1610175272618576544 : Checking image 2 border bottom 152
1610175272618606446 : Checking image 2 border left 168
1610175272618635948 : Checking image 2 border right 168

</system-out><system-err>--------------------------------- Captured Err ---------------------------------

</system-err></testcase><testcase classname="tests.test_images" name="test_crop_too_much_3_png" time="60.860"><system-out>--------------------------------- Captured Log ---------------------------------

--------------------------------- Captured Out ---------------------------------
/home/runner/work/ocr-book/ocr-book/tests/crop_too_much_3.png
1610175287256816825 : Checking separation double page angle 89.49330634783144
1610175287256933133 : Checking separation double page y=0 2498
1610175289554273208 : Checking page rotation 1 -0.8999999999999949
1610175293387771829 : Checking page rotation 2 -0.14999999999999067
1610175295862222740 : Checking image 1 crop x1 374
1610175295862345048 : Checking image 1 crop y1 258
1610175295862383550 : Checking image 1 crop x2 2385
1610175295862415252 : Checking image 1 crop y2 3459
1610175298399530853 : Checking image 2 crop x1 168
1610175298399654761 : Checking image 2 crop y1 228
1610175298399727766 : Checking image 2 crop x2 2181
1610175298399763568 : Checking image 2 crop y2 3417
1610175298399954080 : Checking image 1 dpi 300
1610175298400033285 : Checking image 1 border top 239
1610175298400068687 : Checking image 1 border bottom 47
1610175298400100289 : Checking image 1 border left 224
1610175298400131491 : Checking image 1 border right 224
1610175298402368635 : Checking image 2 dpi 300
1610175298402426838 : Checking image 2 border top 209
1610175298402458440 : Checking image 2 border bottom 89
1610175298402487642 : Checking image 2 border left 223
1610175298402517144 : Checking image 2 border right 223

</system-out><system-err>--------------------------------- Captured Err ---------------------------------

</system-err></testcase><testcase classname="tests.test_images" name="test_wrong_wave_split_line_2_png" time="61.012"><system-out>--------------------------------- Captured Log ---------------------------------

--------------------------------- Captured Out ---------------------------------
/home/runner/work/ocr-book/ocr-book/tests/wrong_wave_split_line_2.png
1610175323178377200 : Checking separation double page angle 90.7708958311329
1610175323178536610 : Checking separation double page y=0 2490
1610175326002386604 : Checking page rotation 1 0.2
1610175328746478293 : Checking page rotation 2 1.65
1610175330695858403 : Checking image 1 crop x1 227
1610175330696002012 : Checking image 1 crop y1 147
1610175330696089217 : Checking image 1 crop x2 2342
1610175330696121419 : Checking image 1 crop y2 3353
1610175333637479340 : Checking image 2 crop x1 106
1610175333637584547 : Checking image 2 crop y1 195
1610175333637620549 : Checking image 2 crop x2 2231
1610175333637653551 : Checking image 2 crop y2 3398
1610175333637795860 : Checking image 1 dpi 300
1610175333637867865 : Checking image 1 border top 136
1610175333637902267 : Checking image 1 border bottom 145
1610175333637933069 : Checking image 1 border left 172
1610175333637962271 : Checking image 1 border right 172
1610175333639943798 : Checking image 2 dpi 300
1610175333640022703 : Checking image 2 border top 165
1610175333640056305 : Checking image 2 border bottom 118
1610175333640087707 : Checking image 2 border left 167
1610175333640137010 : Checking image 2 border right 167

</system-out><system-err>--------------------------------- Captured Err ---------------------------------

</system-err></testcase><testcase classname="tests.test_images" name="test_wrong_wave_split_line_3_png" time="54.373"><system-out>--------------------------------- Captured Log ---------------------------------

--------------------------------- Captured Out ---------------------------------
/home/runner/work/ocr-book/ocr-book/tests/wrong_wave_split_line_3.png
1610175343034383179 : Checking separation double page angle 90.05826063695574
1610175343034543790 : Checking separation double page y=0 2514
1610175346321298543 : Checking page rotation 1 0.0
1610175348703089754 : Checking page rotation 2 0.2
1610175351001073298 : Checking image 1 crop x1 274
1610175351001286412 : Checking image 1 crop y1 221
1610175351001322214 : Checking image 1 crop x2 2383
1610175351001352916 : Checking image 1 crop y2 3422
1610175352801545656 : Checking image 2 crop x1 112
1610175352801667364 : Checking image 2 crop y1 225
1610175352801704566 : Checking image 2 crop x2 2238
1610175352801738068 : Checking image 2 crop y2 3415
1610175352801923880 : Checking image 1 dpi 300
1610175352801996685 : Checking image 1 border top 201
1610175352802029287 : Checking image 1 border bottom 85
1610175352802057989 : Checking image 1 border left 175
1610175352802086090 : Checking image 1 border right 175
1610175352804241628 : Checking image 2 dpi 300
1610175352804300032 : Checking image 2 border top 207
1610175352804330934 : Checking image 2 border bottom 90
1610175352804377037 : Checking image 2 border left 167
1610175352804407339 : Checking image 2 border right 167

</system-out><system-err>--------------------------------- Captured Err ---------------------------------

</system-err></testcase><testcase classname="tests.test_images" name="test_no_split_line_wave_algo_png" time="70.463"><system-out>--------------------------------- Captured Log ---------------------------------

--------------------------------- Captured Out ---------------------------------
/home/runner/work/ocr-book/ocr-book/tests/no_split_line_wave_algo.png
1610175378696188373 : Checking separation double page angle 89.72500000000001
1610175378696320082 : Checking separation double page y=0 2484
1610175381854418812 : Checking page rotation 1 0.0
1610175384454275695 : Checking page rotation 2 -0.44999999999999746
1610175396641476097 : Checking image 1 crop x1 97
1610175396641578104 : Checking image 1 crop y1 79
1610175396641616306 : Checking image 1 crop x2 2494
1610175396641669710 : Checking image 1 crop y2 3505
1610175404065954545 : Checking image 2 crop x1 163
1610175404066083354 : Checking image 2 crop y1 267
1610175404066807700 : Checking image 2 crop x2 2238
1610175404066870104 : Checking image 2 crop y2 3380
1610175404067113019 : Checking image 1 dpi 300
1610175404067202925 : Checking image 1 border top 41
1610175404067253928 : Checking image 1 border bottom 41
1610175404067302131 : Checking image 1 border left 42
1610175404067331833 : Checking image 1 border right 42
1610175404069499172 : Checking image 2 dpi 300
1610175404069565476 : Checking image 2 border top 255
1610175404069598978 : Checking image 2 border bottom 119
1610175404069629580 : Checking image 2 border left 192
1610175404069659982 : Checking image 2 border right 192

</system-out><system-err>--------------------------------- Captured Err ---------------------------------

</system-err></testcase><testcase classname="tests.test_images" name="test_no_split_line_wave_algo_2_png" time="43.342"><system-out>--------------------------------- Captured Log ---------------------------------

--------------------------------- Captured Out ---------------------------------
/home/runner/work/ocr-book/ocr-book/tests/no_split_line_wave_algo_2.png
1610175387965683349 : Checking separation double page angle 90.54999999999998
1610175387965808357 : Checking separation double page y=0 2478
1610175390325026830 : Checking page rotation 1 1.0999999999999999
1610175392678881630 : Checking page rotation 2 0.2
1610175394569181457 : Checking image 1 crop x1 266
1610175394569293664 : Checking image 1 crop y1 210
1610175394569329866 : Checking image 1 crop x2 2342
1610175394569359768 : Checking image 1 crop y2 3413
1610175396144666094 : Checking image 2 crop x1 168
1610175396144855706 : Checking image 2 crop y1 241
1610175396144893309 : Checking image 2 crop x2 2251
1610175396144943312 : Checking image 2 crop y2 3433
1610175396145102322 : Checking image 1 dpi 300
1610175396145173126 : Checking image 1 border top 192
1610175396145205829 : Checking image 1 border bottom 91
1610175396145235030 : Checking image 1 border left 192
1610175396145272433 : Checking image 1 border right 192
1610175396147547778 : Checking image 2 dpi 300
1610175396147628683 : Checking image 2 border top 224
1610175396147662485 : Checking image 2 border bottom 71
1610175396147692487 : Checking image 2 border left 188
1610175396147722289 : Checking image 2 border right 188

</system-out><system-err>--------------------------------- Captured Err ---------------------------------

</system-err></testcase><testcase classname="tests.test_images" name="test_failed_detect_rectangle_png" time="57.971"><system-out>--------------------------------- Captured Log ---------------------------------

--------------------------------- Captured Out ---------------------------------
/home/runner/work/ocr-book/ocr-book/tests/failed_detect_rectangle.png
1610175442817244637 : Checking separation double page angle 90.19837516213148
1610175442817380645 : Checking separation double page y=0 2474
1610175445837886824 : Checking page rotation 1 0.2
1610175449448979025 : Checking page rotation 2 0.15000000000000002
1610175451091984726 : Checking image 1 crop x1 257
1610175451092136436 : Checking image 1 crop y1 201
1610175451092198440 : Checking image 1 crop x2 2333
1610175451092237342 : Checking image 1 crop y2 3402
1610175454091266787 : Checking image 2 crop x1 135
1610175454091382794 : Checking image 2 crop y1 214
1610175454091419397 : Checking image 2 crop x2 2219
1610175454091453499 : Checking image 2 crop y2 3406
1610175454091601808 : Checking image 1 dpi 300
1610175454091673913 : Checking image 1 border top 188
1610175454091708015 : Checking image 1 border bottom 97
1610175454091738317 : Checking image 1 border left 192
1610175454091767919 : Checking image 1 border right 192
1610175454093662440 : Checking image 2 dpi 300
1610175454093719544 : Checking image 2 border top 202
1610175454093769747 : Checking image 2 border bottom 93
1610175454093822650 : Checking image 2 border left 188
1610175454093853252 : Checking image 2 border right 188

</system-out><system-err>--------------------------------- Captured Err ---------------------------------

</system-err></testcase><testcase classname="tests.test_images" name="test_crop_too_few_2_png" time="44.650"><system-out>--------------------------------- Captured Log ---------------------------------

--------------------------------- Captured Out ---------------------------------
/home/runner/work/ocr-book/ocr-book/tests/crop_too_few_2.png
1610175440110921789 : Checking separation double page angle 90.30476192320097
1610175440111029896 : Checking separation double page y=0 2531
1610175442362045214 : Checking page rotation 1 1.0999999999999999
1610175444850774289 : Checking page rotation 2 -0.04999999999999689
1610175447081204595 : Checking image 1 crop x1 289
1610175447081311101 : Checking image 1 crop y1 165
1610175447081345204 : Checking image 1 crop x2 2400
1610175447081378006 : Checking image 1 crop y2 3367
1610175448775674555 : Checking image 2 crop x1 149
1610175448775774261 : Checking image 2 crop y1 189
1610175448775809963 : Checking image 2 crop x2 2273
1610175448775844365 : Checking image 2 crop y2 3386
1610175448776006576 : Checking image 1 dpi 300
1610175448776092281 : Checking image 1 border top 157
1610175448776127383 : Checking image 1 border bottom 128
1610175448776158585 : Checking image 1 border left 174
1610175448776189087 : Checking image 1 border right 174
1610175448778127311 : Checking image 2 dpi 300
1610175448778206716 : Checking image 2 border top 176
1610175448778238419 : Checking image 2 border bottom 114
1610175448778268020 : Checking image 2 border left 168
1610175448778297622 : Checking image 2 border right 168

</system-out><system-err>--------------------------------- Captured Err ---------------------------------

</system-err></testcase><testcase classname="tests.test_images" name="test_no_split_line_wave_algo_3_png" time="11.461"><system-out>--------------------------------- Captured Log ---------------------------------

--------------------------------- Captured Out ---------------------------------
/home/runner/work/ocr-book/ocr-book/tests/no_split_line_wave_algo_3.png
1610175457122330522 : Checking separation double page angle 90.14999999999998
1610175457122445230 : Checking separation double page y=0 2408
1610175458109345149 : Checking page rotation 1 -0.09999999999999377
1610175458295430832 : Checking page rotation 2 0.0
1610175459459438461 : Checking image 1 crop x1 182
1610175459459532067 : Checking image 1 crop y1 2955
1610175459459563769 : Checking image 1 crop x2 2199
1610175459459592571 : Checking image 1 crop y2 3203
1610175460202862633 : Checking image 2 crop x1 0
1610175460202951639 : Checking image 2 crop y1 0
1610175460202978841 : Checking image 2 crop x2 0
1610175460203004342 : Checking image 2 crop y2 0
1610175460203059846 : Checking image 1 dpi 300
1610175460203134751 : Checking image 1 border top 2951
1610175460203166553 : Checking image 1 border bottom 288
1610175460203195054 : Checking image 1 border left 221
1610175460203222856 : Checking image 1 border right 221
1610175460213095987 : Checking image 2 border top 0
1610175460213174792 : Checking image 2 border bottom 0
1610175460213203194 : Checking image 2 border left 0
1610175460213229795 : Checking image 2 border right 0

</system-out><system-err>--------------------------------- Captured Err ---------------------------------

</system-err></testcase><testcase classname="tests.test_images" name="test_single_page_png" time="6.947"><system-out>--------------------------------- Captured Log ---------------------------------

--------------------------------- Captured Out ---------------------------------
/home/runner/work/ocr-book/ocr-book/tests/single_page.png
1610175457701156184 : Checking separation double page angle 90.04999999999998
1610175457701285792 : Checking separation double page y=0 2476
1610175458605718646 : Checking page rotation 1 0.0
1610175458719687723 : Checking page rotation 2 0.0
1610175460631063676 : Checking image 1 crop x1 1
1610175460631173784 : Checking image 1 crop y1 8
1610175460631215486 : Checking image 1 crop x2 2470
1610175460631266989 : Checking image 1 crop y2 3505
1610175460768504753 : Checking image 2 crop x1 0
1610175460768612660 : Checking image 2 crop y1 0
1610175460768640462 : Checking image 2 crop x2 0
1610175460768682164 : Checking image 2 crop y2 0
1610175460768740668 : Checking image 1 dpi 300
1610175460768811072 : Checking image 1 border top 5
1610175460768840274 : Checking image 1 border bottom 5
1610175460768867276 : Checking image 1 border left 6
1610175460768894078 : Checking image 1 border right 6
1610175460779465653 : Checking image 2 border top 0
1610175460779558159 : Checking image 2 border bottom 0
1610175460779587161 : Checking image 2 border left 0
1610175460779614262 : Checking image 2 border right 0

</system-out><system-err>--------------------------------- Captured Err ---------------------------------

</system-err></testcase><testcase classname="tests.test_images" name="test_wrong_split_line_4_png" time="25.206"><system-out>--------------------------------- Captured Log ---------------------------------

--------------------------------- Captured Out ---------------------------------
/home/runner/work/ocr-book/ocr-book/tests/wrong_split_line_4.png
1610175479731237070 : Checking separation double page angle 91.04999999999998
1610175479731343176 : Checking separation double page y=0 60
1610175479826123818 : Checking page rotation 1 1.0
1610175481795349573 : Checking page rotation 2 1.05
1610175482477819352 : Checking image 1 crop x1 0
1610175482478044166 : Checking image 1 crop y1 0
1610175482478087469 : Checking image 1 crop x2 0
1610175482478126571 : Checking image 1 crop y2 0
1610175485471870396 : Checking image 2 crop x1 291
1610175485471995404 : Checking image 2 crop y1 330
1610175485472031507 : Checking image 2 crop x2 2316
1610175485472067809 : Checking image 2 crop y2 3217
1610175485472219519 : Checking image 1 border top 0
1610175485472262021 : Checking image 1 border bottom 0
1610175485472325025 : Checking image 1 border left 0
1610175485472354027 : Checking image 1 border right 0
1610175485472399430 : Checking image 2 dpi 300
1610175485472462734 : Checking image 2 border top 322
1610175485472494936 : Checking image 2 border bottom 278
1610175485472523738 : Checking image 2 border left 217
1610175485472579142 : Checking image 2 border right 217

</system-out><system-err>--------------------------------- Captured Err ---------------------------------

</system-err></testcase><testcase classname="tests.test_images" name="test_failed_split_line_line_algo_3_png" time="18.158"><system-out>--------------------------------- Captured Log ---------------------------------

--------------------------------- Captured Out ---------------------------------
/home/runner/work/ocr-book/ocr-book/tests/failed_split_line_line_algo_3.png
1610175475438278575 : Checking separation double page angle 90.0
1610175475438387782 : Checking separation double page y=0 40
1610175475517758552 : Checking page rotation 1 0.0
1610175476733376094 : Checking page rotation 2 -0.04999999999999689
1610175477310189836 : Checking image 1 crop x1 0
1610175477310278341 : Checking image 1 crop y1 0
1610175477310311043 : Checking image 1 crop x2 0
1610175477310341745 : Checking image 1 crop y2 0
1610175479276256010 : Checking image 2 crop x1 247
1610175479276371517 : Checking image 2 crop y1 153
1610175479276406619 : Checking image 2 crop x2 2260
1610175479276439521 : Checking image 2 crop y2 3360
1610175479276552929 : Checking image 1 border top 0
1610175479276595431 : Checking image 1 border bottom 0
1610175479276629434 : Checking image 1 border left 0
1610175479276666736 : Checking image 1 border right 0
1610175479276712739 : Checking image 2 dpi 300
1610175479276772243 : Checking image 2 border top 144
1610175479276807745 : Checking image 2 border bottom 136
1610175479276840747 : Checking image 2 border left 223
1610175479276873349 : Checking image 2 border right 223

</system-out><system-err>--------------------------------- Captured Err ---------------------------------

</system-err></testcase></testsuite></testsuites>