<?xml version="1.0" encoding="utf-8"?><testsuites><testsuite errors="0" failures="0" hostname="fv-az70-777" name="pytest" skipped="0" tests="17" time="312.261" timestamp="2020-11-21T21:16:00.575378"><testcase classname="tests.test_features" name="test_mock_stop_at_0" time="0.052"><system-out>--------------------------------- Captured Log ---------------------------------

--------------------------------- Captured Out ---------------------------------
/home/runner/work/ocr-book/ocr-book/tests/0001_0.png

</system-out><system-err>--------------------------------- Captured Err ---------------------------------

</system-err></testcase><testcase classname="tests.test_features" name="test_disabled_enable_debug" time="26.024"><system-out>--------------------------------- Captured Log ---------------------------------

--------------------------------- Captured Out ---------------------------------
/home/runner/work/ocr-book/ocr-book/tests/0001_debug.png
separation double page angle 90.53945493634917
separation double page y=0 2485
page rotation 1 0.75
page rotation 2 0.2
image 1 crop x1 330
image 1 crop y1 336
image 1 crop x2 2343
image 1 crop y2 3223
image 2 crop x1 169
image 2 crop y1 648
image 2 crop x2 2186
image 2 crop y2 3361
image 1 dpi 300
image 1 border top 324
image 1 border bottom 276
image 1 border left 223
image 1 border right 223
image 2 dpi 300
image 2 border top 671
image 2 border bottom 103
image 2 border left 221
image 2 border right 221

</system-out><system-err>--------------------------------- Captured Err ---------------------------------

</system-err></testcase><testcase classname="tests.test_features" name="test_mock_stop_at_2" time="34.795"><system-out>--------------------------------- Captured Log ---------------------------------

--------------------------------- Captured Out ---------------------------------
/home/runner/work/ocr-book/ocr-book/tests/0001_2.png
separation double page angle 90.53945493634917
separation double page y=0 2485
page rotation 1 0.75
page rotation 2 0.2

</system-out><system-err>--------------------------------- Captured Err ---------------------------------

</system-err></testcase><testcase classname="tests.test_features" name="test_mock_stop_at_1" time="20.062"><system-out>--------------------------------- Captured Log ---------------------------------

--------------------------------- Captured Out ---------------------------------
/home/runner/work/ocr-book/ocr-book/tests/0001_1.png
separation double page angle 90.53945493634917
separation double page y=0 2485

</system-out><system-err>--------------------------------- Captured Err ---------------------------------

</system-err></testcase><testcase classname="tests.test_features" name="test_mock_stop_at_3" time="36.205"><system-out>--------------------------------- Captured Log ---------------------------------

--------------------------------- Captured Out ---------------------------------
/home/runner/work/ocr-book/ocr-book/tests/0001_3.png
separation double page angle 90.53945493634917
separation double page y=0 2485
page rotation 1 0.75
page rotation 2 0.2
image 1 crop x1 330
image 1 crop y1 336
image 1 crop x2 2343
image 1 crop y2 3223
image 2 crop x1 169
image 2 crop y1 648
image 2 crop x2 2186
image 2 crop y2 3361

</system-out><system-err>--------------------------------- Captured Err ---------------------------------

</system-err></testcase><testcase classname="tests.test_features" name="test_mock_stop_at_5" time="36.664"><system-out>--------------------------------- Captured Log ---------------------------------

--------------------------------- Captured Out ---------------------------------
/home/runner/work/ocr-book/ocr-book/tests/0001_5.png
separation double page angle 90.53945493634917
separation double page y=0 2485
page rotation 1 0.75
page rotation 2 0.2
image 1 crop x1 330
image 1 crop y1 336
image 1 crop x2 2343
image 1 crop y2 3223
image 2 crop x1 169
image 2 crop y1 648
image 2 crop x2 2186
image 2 crop y2 3361
image 1 dpi 300
image 1 border top 324
image 1 border bottom 276
image 1 border left 223
image 1 border right 223
image 2 dpi 300
image 2 border top 671
image 2 border bottom 103
image 2 border left 221
image 2 border right 221

</system-out><system-err>--------------------------------- Captured Err ---------------------------------

</system-err></testcase><testcase classname="tests.test_features" name="test_mock_stop_at_4" time="36.714"><system-out>--------------------------------- Captured Log ---------------------------------

--------------------------------- Captured Out ---------------------------------
/home/runner/work/ocr-book/ocr-book/tests/0001_4.png
separation double page angle 90.53945493634917
separation double page y=0 2485
page rotation 1 0.75
page rotation 2 0.2
image 1 crop x1 330
image 1 crop y1 336
image 1 crop x2 2343
image 1 crop y2 3223
image 2 crop x1 169
image 2 crop y1 648
image 2 crop x2 2186
image 2 crop y2 3361
image 1 dpi 300
image 1 border top 324
image 1 border bottom 276
image 1 border left 223
image 1 border right 223
image 2 dpi 300
image 2 border top 671
image 2 border bottom 103
image 2 border left 221
image 2 border right 221

</system-out><system-err>--------------------------------- Captured Err ---------------------------------

</system-err></testcase><testcase classname="tests.test_images" name="test_0001_png" time="36.865"><system-out>--------------------------------- Captured Log ---------------------------------

--------------------------------- Captured Out ---------------------------------
/home/runner/work/ocr-book/ocr-book/tests/0001.png
1605993463843652897 : Checking separation double page angle 90.53945493634917
1605993463843740710 : Checking separation double page y=0 2485
1605993469534616366 : Checking page rotation 1 0.75
1605993477808738370 : Checking page rotation 2 0.2
1605993479353370469 : Checking image 1 crop x1 330
1605993479353456980 : Checking image 1 crop y1 336
1605993479353500485 : Checking image 1 crop x2 2343
1605993479353540690 : Checking image 1 crop y2 3223
1605993481113487184 : Checking image 2 crop x1 169
1605993481113572894 : Checking image 2 crop y1 648
1605993481113615899 : Checking image 2 crop x2 2186
1605993481113656204 : Checking image 2 crop y2 3361
1605993481149494676 : Checking image 1 dpi 300
1605993481149625992 : Checking image 1 border top 324
1605993481149665097 : Checking image 1 border bottom 276
1605993481149700301 : Checking image 1 border left 223
1605993481149734505 : Checking image 1 border right 223
1605993481151735744 : Checking image 2 dpi 300
1605993481151828555 : Checking image 2 border top 671
1605993481151864559 : Checking image 2 border bottom 103
1605993481151899363 : Checking image 2 border left 221
1605993481151933267 : Checking image 2 border right 221

</system-out><system-err>--------------------------------- Captured Err ---------------------------------

</system-err></testcase><testcase classname="tests.test_images" name="test_2_pages_2_contours_png" time="25.819"><system-out>--------------------------------- Captured Log ---------------------------------

--------------------------------- Captured Out ---------------------------------
/home/runner/work/ocr-book/ocr-book/tests/2-pages-2-contours.png
1605993484027060501 : Checking separation double page angle 90.15647898380502
1605993484027148011 : Checking separation double page y=0 2489
1605993486275700719 : Checking page rotation 1 0.05
1605993492773043985 : Checking page rotation 2 0.35000000000000003
1605993493634081877 : Checking image 1 crop x1 1186
1605993493634152085 : Checking image 1 crop y1 1720
1605993493634184388 : Checking image 1 crop x2 1187
1605993493634215591 : Checking image 1 crop y2 1721
1605993495130294775 : Checking image 2 crop x1 102
1605993495130383184 : Checking image 2 crop y1 240
1605993495130423888 : Checking image 2 crop x2 2149
1605993495130461792 : Checking image 2 crop y2 3239
1605993495165886709 : Checking image 1 dpi 300
1605993495166009222 : Checking image 1 border top 1753
1605993495166046225 : Checking image 1 border bottom 1753
1605993495166078729 : Checking image 1 border left 1239
1605993495166109932 : Checking image 1 border right 1239
1605993495167566881 : Checking image 2 dpi 300
1605993495167676792 : Checking image 2 border top 229
1605993495167710895 : Checking image 2 border bottom 259
1605993495167742099 : Checking image 2 border left 206
1605993495167773102 : Checking image 2 border right 206

</system-out><system-err>--------------------------------- Captured Err ---------------------------------

</system-err></testcase><testcase classname="tests.test_images" name="test_black_border_not_removed_png" time="47.573"><system-out>--------------------------------- Captured Log ---------------------------------

--------------------------------- Captured Out ---------------------------------
/home/runner/work/ocr-book/ocr-book/tests/black-border-not-removed.png
1605993507749732944 : Checking separation double page angle 89.9903688802698
1605993507749811352 : Checking separation double page y=0 2455
1605993514746444243 : Checking page rotation 1 0.0
1605993524870185066 : Checking page rotation 2 0.0
1605993526636465563 : Checking image 1 crop x1 297
1605993526636547969 : Checking image 1 crop y1 143
1605993526636586872 : Checking image 1 crop x2 2309
1605993526636623575 : Checking image 1 crop y2 3346
1605993528690258788 : Checking image 2 crop x1 156
1605993528690344794 : Checking image 2 crop y1 145
1605993528690388197 : Checking image 2 crop x2 2168
1605993528690429500 : Checking image 2 crop y2 3352
1605993528730114737 : Checking image 1 dpi 300
1605993528730244147 : Checking image 1 border top 128
1605993528730282950 : Checking image 1 border bottom 156
1605993528730317452 : Checking image 1 border left 224
1605993528730351755 : Checking image 1 border right 224
1605993528732303799 : Checking image 2 dpi 300
1605993528732399806 : Checking image 2 border top 130
1605993528732436209 : Checking image 2 border bottom 150
1605993528732470711 : Checking image 2 border left 224
1605993528732505014 : Checking image 2 border right 224

</system-out><system-err>--------------------------------- Captured Err ---------------------------------

</system-err></testcase><testcase classname="tests.test_images" name="test_image_failed_to_rotate_png" time="45.158"><system-out>--------------------------------- Captured Log ---------------------------------

--------------------------------- Captured Out ---------------------------------
/home/runner/work/ocr-book/ocr-book/tests/image_failed_to_rotate.png
1605993514831547007 : Checking separation double page angle 90.14353501543772
1605993514831634914 : Checking separation double page y=0 2476
1605993520105003649 : Checking page rotation 1 0.35000000000000003
1605993527260364985 : Checking page rotation 2 0.45
1605993538411003774 : Checking image 1 crop x1 34
1605993538411093480 : Checking image 1 crop y1 1
1605993538411132582 : Checking image 1 crop x2 2474
1605993538411168785 : Checking image 1 crop y2 3500
1605993540161392064 : Checking image 2 crop x1 171
1605993540161482870 : Checking image 2 crop y1 234
1605993540161526273 : Checking image 2 crop x2 2250
1605993540161567076 : Checking image 2 crop y2 3355
1605993540206080254 : Checking image 1 dpi 300
1605993540206209663 : Checking image 1 border top 4
1605993540206248765 : Checking image 1 border bottom 4
1605993540206283368 : Checking image 1 border left 20
1605993540206317070 : Checking image 1 border right 20
1605993540208357806 : Checking image 2 dpi 300
1605993540208456513 : Checking image 2 border top 206
1605993540208493015 : Checking image 2 border bottom 160
1605993540208527218 : Checking image 2 border left 190
1605993540208561020 : Checking image 2 border right 190

</system-out><system-err>--------------------------------- Captured Err ---------------------------------

</system-err></testcase><testcase classname="tests.test_images" name="test_image_failed_to_crop_data_png" time="47.235"><system-out>--------------------------------- Captured Log ---------------------------------

--------------------------------- Captured Out ---------------------------------
/home/runner/work/ocr-book/ocr-book/tests/image_failed_to_crop_data.png
1605993551042071169 : Checking separation double page angle 90.06228874101497
1605993551042155474 : Checking separation double page y=0 2482
1605993556843099224 : Checking page rotation 1 0.2
1605993563175943383 : Checking page rotation 2 0.05
1605993574329406226 : Checking image 1 crop x1 58
1605993574329495031 : Checking image 1 crop y1 8
1605993574329532833 : Checking image 1 crop x2 2480
1605993574329568835 : Checking image 1 crop y2 3504
1605993575852654407 : Checking image 2 crop x1 159
1605993575852742111 : Checking image 2 crop y1 217
1605993575852784514 : Checking image 2 crop x2 2240
1605993575852824716 : Checking image 2 crop y2 3350
1605993575891795059 : Checking image 1 dpi 300
1605993575891923166 : Checking image 1 border top 6
1605993575891961968 : Checking image 1 border bottom 6
1605993575891996270 : Checking image 1 border left 29
1605993575892029871 : Checking image 1 border right 29
1605993575894104480 : Checking image 2 dpi 300
1605993575894201585 : Checking image 2 border top 209
1605993575894237887 : Checking image 2 border bottom 145
1605993575894272289 : Checking image 2 border left 189
1605993575894306491 : Checking image 2 border right 189

</system-out><system-err>--------------------------------- Captured Err ---------------------------------

</system-err></testcase><testcase classname="tests.test_images" name="test_wrong_angle_split_line_png" time="58.314"><system-out>--------------------------------- Captured Log ---------------------------------

--------------------------------- Captured Out ---------------------------------
/home/runner/work/ocr-book/ocr-book/tests/wrong_angle_split_line.png
1605993567916218507 : Checking separation double page angle 90.08422009258813
1605993567916317413 : Checking separation double page y=0 2487
1605993575614789035 : Checking page rotation 1 0.0
1605993583888345646 : Checking page rotation 2 0.0
1605993595213521571 : Checking image 1 crop x1 53
1605993595213611275 : Checking image 1 crop y1 8
1605993595213650277 : Checking image 1 crop x2 2485
1605993595213686579 : Checking image 1 crop y2 3505
1605993597696347822 : Checking image 2 crop x1 154
1605993597696432826 : Checking image 2 crop y1 217
1605993597696475728 : Checking image 2 crop x2 2237
1605993597696516329 : Checking image 2 crop y2 3350
1605993597871189882 : Checking image 1 dpi 300
1605993597871329988 : Checking image 1 border top 5
1605993597871369290 : Checking image 1 border bottom 5
1605993597871403692 : Checking image 1 border left 24
1605993597871437293 : Checking image 1 border right 24
1605993597877362370 : Checking image 2 dpi 300
1605993597877496076 : Checking image 2 border top 195
1605993597877532978 : Checking image 2 border bottom 159
1605993597877566979 : Checking image 2 border left 188
1605993597877600581 : Checking image 2 border right 188

</system-out><system-err>--------------------------------- Captured Err ---------------------------------

</system-err></testcase><testcase classname="tests.test_images" name="test_angle_page_lower_split_line_png" time="32.804"><system-out>--------------------------------- Captured Log ---------------------------------

--------------------------------- Captured Out ---------------------------------
/home/runner/work/ocr-book/ocr-book/tests/angle_page_lower_split_line.png
1605993590504141577 : Checking separation double page angle 89.74710364870903
1605993590504222281 : Checking separation double page y=0 2471
1605993598395104849 : Checking page rotation 1 -0.44999999999998863
1605993605265478253 : Checking page rotation 2 0.2
1605993607149690742 : Checking image 1 crop x1 245
1605993607149780246 : Checking image 1 crop y1 161
1605993607149819747 : Checking image 1 crop x2 2351
1605993607149857249 : Checking image 1 crop y2 3364
1605993608729992858 : Checking image 2 crop x1 153
1605993608730084462 : Checking image 2 crop y1 147
1605993608730126664 : Checking image 2 crop x2 2260
1605993608730166666 : Checking image 2 crop y2 3350
1605993608769373509 : Checking image 1 dpi 300
1605993608769508615 : Checking image 1 border top 131
1605993608769547617 : Checking image 1 border bottom 152
1605993608769582118 : Checking image 1 border left 177
1605993608769616120 : Checking image 1 border right 177
1605993608771746315 : Checking image 2 dpi 300
1605993608771852019 : Checking image 2 border top 118
1605993608771888821 : Checking image 2 border bottom 166
1605993608771923222 : Checking image 2 border left 176
1605993608771956824 : Checking image 2 border right 176

</system-out><system-err>--------------------------------- Captured Err ---------------------------------

</system-err></testcase><testcase classname="tests.test_images" name="test_wrong_split_line_png" time="34.765"><system-out>--------------------------------- Captured Log ---------------------------------

--------------------------------- Captured Out ---------------------------------
/home/runner/work/ocr-book/ocr-book/tests/wrong_split_line.png
1605993618387000247 : Checking separation double page angle 89.81531182790899
1605993618387091951 : Checking separation double page y=0 2465
1605993624421140957 : Checking page rotation 1 -0.04999999999999716
1605993630415280299 : Checking page rotation 2 0.6000000000000001
1605993632031321573 : Checking image 1 crop x1 211
1605993632031408276 : Checking image 1 crop y1 156
1605993632031451278 : Checking image 1 crop x2 2323
1605993632031492180 : Checking image 1 crop y2 3363
1605993633369773103 : Checking image 2 crop x1 124
1605993633369859307 : Checking image 2 crop y1 167
1605993633369902108 : Checking image 2 crop x2 2236
1605993633369967611 : Checking image 2 crop y2 3373
1605993633406957315 : Checking image 1 dpi 300
1605993633407076519 : Checking image 1 border top 180
1605993633407115321 : Checking image 1 border bottom 100
1605993633407149922 : Checking image 1 border left 174
1605993633407183524 : Checking image 1 border right 174
1605993633409249708 : Checking image 2 dpi 300
1605993633409337311 : Checking image 2 border top 129
1605993633409373713 : Checking image 2 border bottom 152
1605993633409407414 : Checking image 2 border left 174
1605993633409440616 : Checking image 2 border right 174

</system-out><system-err>--------------------------------- Captured Err ---------------------------------

</system-err></testcase><testcase classname="tests.test_images" name="test_crop_too_much_png" time="54.393"><system-out>--------------------------------- Captured Log ---------------------------------

--------------------------------- Captured Out ---------------------------------
/home/runner/work/ocr-book/ocr-book/tests/crop_too_much.png
1605993635443583274 : Checking separation double page angle 90.14985593620918
1605993635443664577 : Checking separation double page y=0 2457
1605993647865605173 : Checking page rotation 1 0.0
1605993658169114467 : Checking page rotation 2 0.4
1605993660662777738 : Checking image 1 crop x1 303
1605993660662870741 : Checking image 1 crop y1 148
1605993660662913643 : Checking image 1 crop x2 2313
1605993660662953245 : Checking image 1 crop y2 3351
1605993663103960135 : Checking image 2 crop x1 166
1605993663104049239 : Checking image 2 crop y1 154
1605993663104091440 : Checking image 2 crop x2 2180
1605993663104131242 : Checking image 2 crop y2 3360
1605993663154302132 : Checking image 1 dpi 300
1605993663154428937 : Checking image 1 border top 116
1605993663154467338 : Checking image 1 border bottom 168
1605993663154501940 : Checking image 1 border left 225
1605993663154536041 : Checking image 1 border right 225
1605993663156462714 : Checking image 2 dpi 300
1605993663156550817 : Checking image 2 border top 95
1605993663156587318 : Checking image 2 border bottom 186
1605993663156622120 : Checking image 2 border left 223
1605993663156655921 : Checking image 2 border right 223

</system-out><system-err>--------------------------------- Captured Err ---------------------------------

</system-err></testcase><testcase classname="tests.test_images" name="test_crop_too_few_png" time="37.936"><system-out>--------------------------------- Captured Log ---------------------------------

--------------------------------- Captured Out ---------------------------------
/home/runner/work/ocr-book/ocr-book/tests/crop_too_few.png
1605993656829375332 : Checking separation double page angle 89.22405802376838
1605993656829469536 : Checking separation double page y=0 2508
1605993662618536815 : Checking page rotation 1 -0.75
1605993668462632115 : Checking page rotation 2 0.0
1605993669913242867 : Checking image 1 crop x1 265
1605993669913329170 : Checking image 1 crop y1 161
1605993669913373172 : Checking image 1 crop x2 2375
1605993669913413973 : Checking image 1 crop y2 3356
1605993671315936383 : Checking image 2 crop x1 141
1605993671316023386 : Checking image 2 crop y1 141
1605993671316066688 : Checking image 2 crop x2 2263
1605993671316107489 : Checking image 2 crop y2 3345
1605993671350260156 : Checking image 1 dpi 300
1605993671350371760 : Checking image 1 border top 84
1605993671350410862 : Checking image 1 border bottom 208
1605993671350446363 : Checking image 1 border left 175
1605993671350480564 : Checking image 1 border right 175
1605993671352176327 : Checking image 2 dpi 300
1605993671352263130 : Checking image 2 border top 130
1605993671352300332 : Checking image 2 border bottom 153
1605993671352334433 : Checking image 2 border left 169
1605993671352367934 : Checking image 2 border right 169

</system-out><system-err>--------------------------------- Captured Err ---------------------------------

</system-err></testcase></testsuite></testsuites>