<?xml version="1.0" encoding="utf-8"?><testsuites><testsuite errors="0" failures="0" hostname="fv-az70-777" name="pytest" skipped="0" tests="22" time="595.120" timestamp="2020-11-29T07:47:28.164993"><testcase classname="tests.test_features" name="test_disabled_enable_debug" time="35.902"><system-out>--------------------------------- Captured Log ---------------------------------

--------------------------------- Captured Out ---------------------------------
/home/runner/work/ocr-book/ocr-book/tests/0001_debug.png
separation double page angle 90.58479420011354
separation double page y=0 2488
page rotation 1 0.75
page rotation 2 0.2
image 1 crop x1 330
image 1 crop y1 336
image 1 crop x2 2343
image 1 crop y2 3223
image 2 crop x1 168
image 2 crop y1 648
image 2 crop x2 2185
image 2 crop y2 3361
image 1 dpi 300
image 1 border top 340
image 1 border bottom 260
image 1 border left 223
image 1 border right 223
image 2 dpi 300
image 2 border top 646
image 2 border bottom 128
image 2 border left 221
image 2 border right 221

</system-out><system-err>--------------------------------- Captured Err ---------------------------------

</system-err></testcase><testcase classname="tests.test_features" name="test_mock_stop_at_0" time="0.049"><system-out>--------------------------------- Captured Log ---------------------------------

--------------------------------- Captured Out ---------------------------------
/home/runner/work/ocr-book/ocr-book/tests/0001_0.png

</system-out><system-err>--------------------------------- Captured Err ---------------------------------

</system-err></testcase><testcase classname="tests.test_features" name="test_mock_stop_at_2" time="45.116"><system-out>--------------------------------- Captured Log ---------------------------------

--------------------------------- Captured Out ---------------------------------
/home/runner/work/ocr-book/ocr-book/tests/0001_2.png
separation double page angle 90.58479420011354
separation double page y=0 2488
page rotation 1 0.75
page rotation 2 0.2

</system-out><system-err>--------------------------------- Captured Err ---------------------------------

</system-err></testcase><testcase classname="tests.test_features" name="test_mock_stop_at_1" time="27.772"><system-out>--------------------------------- Captured Log ---------------------------------

--------------------------------- Captured Out ---------------------------------
/home/runner/work/ocr-book/ocr-book/tests/0001_1.png
separation double page angle 90.58479420011354
separation double page y=0 2488

</system-out><system-err>--------------------------------- Captured Err ---------------------------------

</system-err></testcase><testcase classname="tests.test_features" name="test_mock_stop_at_4" time="47.580"><system-out>--------------------------------- Captured Log ---------------------------------

--------------------------------- Captured Out ---------------------------------
/home/runner/work/ocr-book/ocr-book/tests/0001_4.png
separation double page angle 90.58479420011354
separation double page y=0 2488
page rotation 1 0.75
page rotation 2 0.2
image 1 crop x1 330
image 1 crop y1 336
image 1 crop x2 2343
image 1 crop y2 3223
image 2 crop x1 168
image 2 crop y1 648
image 2 crop x2 2185
image 2 crop y2 3361
image 1 dpi 300
image 1 border top 340
image 1 border bottom 260
image 1 border left 223
image 1 border right 223
image 2 dpi 300
image 2 border top 646
image 2 border bottom 128
image 2 border left 221
image 2 border right 221

</system-out><system-err>--------------------------------- Captured Err ---------------------------------

</system-err></testcase><testcase classname="tests.test_features" name="test_mock_stop_at_3" time="47.646"><system-out>--------------------------------- Captured Log ---------------------------------

--------------------------------- Captured Out ---------------------------------
/home/runner/work/ocr-book/ocr-book/tests/0001_3.png
separation double page angle 90.58479420011354
separation double page y=0 2488
page rotation 1 0.75
page rotation 2 0.2
image 1 crop x1 330
image 1 crop y1 336
image 1 crop x2 2343
image 1 crop y2 3223
image 2 crop x1 168
image 2 crop y1 648
image 2 crop x2 2185
image 2 crop y2 3361

</system-out><system-err>--------------------------------- Captured Err ---------------------------------

</system-err></testcase><testcase classname="tests.test_features" name="test_mock_stop_at_5" time="46.764"><system-out>--------------------------------- Captured Log ---------------------------------

--------------------------------- Captured Out ---------------------------------
/home/runner/work/ocr-book/ocr-book/tests/0001_5.png
separation double page angle 90.58479420011354
separation double page y=0 2488
page rotation 1 0.75
page rotation 2 0.2
image 1 crop x1 330
image 1 crop y1 336
image 1 crop x2 2343
image 1 crop y2 3223
image 2 crop x1 168
image 2 crop y1 648
image 2 crop x2 2185
image 2 crop y2 3361
image 1 dpi 300
image 1 border top 340
image 1 border bottom 260
image 1 border left 223
image 1 border right 223
image 2 dpi 300
image 2 border top 646
image 2 border bottom 128
image 2 border left 221
image 2 border right 221

</system-out><system-err>--------------------------------- Captured Err ---------------------------------

</system-err></testcase><testcase classname="tests.test_images" name="test_2_pages_2_contours_png" time="29.443"><system-out>--------------------------------- Captured Log ---------------------------------

--------------------------------- Captured Out ---------------------------------
/home/runner/work/ocr-book/ocr-book/tests/2-pages-2-contours.png
1606636177701919484 : Checking separation double page angle 90.11593763056553
1606636177702013185 : Checking separation double page y=0 2489
1606636180226644432 : Checking page rotation 1 0.05
1606636187275657960 : Checking page rotation 2 0.35000000000000003
1606636188211048143 : Checking image 1 crop x1 1190
1606636188211132143 : Checking image 1 crop y1 1733
1606636188211229444 : Checking image 1 crop x2 1191
1606636188211269944 : Checking image 1 crop y2 1734
1606636190043005521 : Checking image 2 crop x1 100
1606636190043146622 : Checking image 2 crop y1 240
1606636190043192822 : Checking image 2 crop x2 2147
1606636190043236423 : Checking image 2 crop y2 3239
1606636190077895962 : Checking image 1 dpi 300
1606636190077994963 : Checking image 1 border top 1752
1606636190078061964 : Checking image 1 border bottom 1753
1606636190078105864 : Checking image 1 border left 1239
1606636190078143164 : Checking image 1 border right 1239
1606636190079933177 : Checking image 2 dpi 300
1606636190079999477 : Checking image 2 border top 231
1606636190080068177 : Checking image 2 border bottom 257
1606636190080104778 : Checking image 2 border left 206
1606636190080147578 : Checking image 2 border right 206

</system-out><system-err>--------------------------------- Captured Err ---------------------------------

</system-err></testcase><testcase classname="tests.test_images" name="test_0001_png" time="48.177"><system-out>--------------------------------- Captured Log ---------------------------------

--------------------------------- Captured Out ---------------------------------
/home/runner/work/ocr-book/ocr-book/tests/0001.png
1606636217207075208 : Checking separation double page angle 90.58479420011354
1606636217207179309 : Checking separation double page y=0 2488
1606636223863526736 : Checking page rotation 1 0.75
1606636233020827881 : Checking page rotation 2 0.2
1606636234949664996 : Checking image 1 crop x1 330
1606636234949755097 : Checking image 1 crop y1 336
1606636234949799697 : Checking image 1 crop x2 2343
1606636234949840897 : Checking image 1 crop y2 3223
1606636236986465621 : Checking image 2 crop x1 168
1606636236986577522 : Checking image 2 crop y1 648
1606636236986629122 : Checking image 2 crop x2 2185
1606636236986676822 : Checking image 2 crop y2 3361
1606636237021722371 : Checking image 1 dpi 300
1606636237021842571 : Checking image 1 border top 340
1606636237021887272 : Checking image 1 border bottom 260
1606636237021925672 : Checking image 1 border left 223
1606636237021963572 : Checking image 1 border right 223
1606636237024270882 : Checking image 2 dpi 300
1606636237024358782 : Checking image 2 border top 646
1606636237024397882 : Checking image 2 border bottom 128
1606636237024433782 : Checking image 2 border left 221
1606636237024469383 : Checking image 2 border right 221

</system-out><system-err>--------------------------------- Captured Err ---------------------------------

</system-err></testcase><testcase classname="tests.test_images" name="test_black_border_not_removed_png" time="56.197"><system-out>--------------------------------- Captured Log ---------------------------------

--------------------------------- Captured Out ---------------------------------
/home/runner/work/ocr-book/ocr-book/tests/black-border-not-removed.png
1606636223041598767 : Checking separation double page angle 90.03334238820571
1606636223041716068 : Checking separation double page y=0 2458
1606636231228376319 : Checking page rotation 1 0.0
1606636241420075456 : Checking page rotation 2 0.0
1606636243517586027 : Checking image 1 crop x1 297
1606636243517675627 : Checking image 1 crop y1 143
1606636243517723928 : Checking image 1 crop x2 2309
1606636243517777128 : Checking image 1 crop y2 3346
1606636246236782881 : Checking image 2 crop x1 156
1606636246236882381 : Checking image 2 crop y1 145
1606636246236933381 : Checking image 2 crop x2 2168
1606636246237014982 : Checking image 2 crop y2 3352
1606636246273460424 : Checking image 1 dpi 300
1606636246273569924 : Checking image 1 border top 130
1606636246273610524 : Checking image 1 border bottom 154
1606636246273646724 : Checking image 1 border left 224
1606636246273681425 : Checking image 1 border right 224
1606636246275849733 : Checking image 2 dpi 300
1606636246275913233 : Checking image 2 border top 139
1606636246275949433 : Checking image 2 border bottom 141
1606636246275983334 : Checking image 2 border left 224
1606636246276016634 : Checking image 2 border right 224

</system-out><system-err>--------------------------------- Captured Err ---------------------------------

</system-err></testcase><testcase classname="tests.test_images" name="test_image_failed_to_rotate_png" time="55.583"><system-out>--------------------------------- Captured Log ---------------------------------

--------------------------------- Captured Out ---------------------------------
/home/runner/work/ocr-book/ocr-book/tests/image_failed_to_rotate.png
1606636265284065070 : Checking separation double page angle 90.18772783206224
1606636265284153670 : Checking separation double page y=0 2482
1606636270751749743 : Checking page rotation 1 0.35000000000000003
1606636278539314072 : Checking page rotation 2 0.45
1606636290161765990 : Checking image 1 crop x1 34
1606636290161858190 : Checking image 1 crop y1 1
1606636290161897990 : Checking image 1 crop x2 2480
1606636290161935690 : Checking image 1 crop y2 3500
1606636292452638251 : Checking image 2 crop x1 168
1606636292452747151 : Checking image 2 crop y1 234
1606636292452793051 : Checking image 2 crop x2 2247
1606636292452835551 : Checking image 2 crop y2 3355
1606636292498475479 : Checking image 1 dpi 300
1606636292498668379 : Checking image 1 border top 4
1606636292498723580 : Checking image 1 border bottom 4
1606636292498761180 : Checking image 1 border left 17
1606636292498798480 : Checking image 1 border right 17
1606636292501075086 : Checking image 2 dpi 300
1606636292501152586 : Checking image 2 border top 220
1606636292501192187 : Checking image 2 border bottom 146
1606636292501228487 : Checking image 2 border left 190
1606636292501264787 : Checking image 2 border right 190

</system-out><system-err>--------------------------------- Captured Err ---------------------------------

</system-err></testcase><testcase classname="tests.test_images" name="test_wrong_angle_split_line_png" time="64.563"><system-out>--------------------------------- Captured Log ---------------------------------

--------------------------------- Captured Out ---------------------------------
/home/runner/work/ocr-book/ocr-book/tests/wrong_angle_split_line.png
1606636277634217199 : Checking separation double page angle 90.00846714570578
1606636277634309100 : Checking separation double page y=0 2478
1606636285989864394 : Checking page rotation 1 0.1
1606636294381739025 : Checking page rotation 2 0.2
1606636306713258468 : Checking image 1 crop x1 58
1606636306713381469 : Checking image 1 crop y1 6
1606636306713424169 : Checking image 1 crop x2 2476
1606636306713464369 : Checking image 1 crop y2 3501
1606636309870717695 : Checking image 2 crop x1 162
1606636309870810195 : Checking image 2 crop y1 219
1606636309870903896 : Checking image 2 crop x2 2238
1606636309870953896 : Checking image 2 crop y2 3348
1606636310043234836 : Checking image 1 dpi 300
1606636310043363736 : Checking image 1 border top 6
1606636310043405937 : Checking image 1 border bottom 6
1606636310043442537 : Checking image 1 border left 31
1606636310043479137 : Checking image 1 border right 31
1606636310051522757 : Checking image 2 dpi 300
1606636310051651358 : Checking image 2 border top 211
1606636310051693858 : Checking image 2 border bottom 147
1606636310051732058 : Checking image 2 border left 192
1606636310051770058 : Checking image 2 border right 192

</system-out><system-err>--------------------------------- Captured Err ---------------------------------

</system-err></testcase><testcase classname="tests.test_images" name="test_image_failed_to_crop_data_png" time="57.039"><system-out>--------------------------------- Captured Log ---------------------------------

--------------------------------- Captured Out ---------------------------------
/home/runner/work/ocr-book/ocr-book/tests/image_failed_to_crop_data.png
1606636321612931280 : Checking separation double page angle 89.89865840161842
1606636321613028881 : Checking separation double page y=0 2477
1606636328232476191 : Checking page rotation 1 -0.14999999999999147
1606636335569400142 : Checking page rotation 2 0.05
1606636347426939180 : Checking image 1 crop x1 43
1606636347427027180 : Checking image 1 crop y1 6
1606636347427065880 : Checking image 1 crop x2 2481
1606636347427102180 : Checking image 1 crop y2 3504
1606636349544523030 : Checking image 2 crop x1 160
1606636349544614330 : Checking image 2 crop y1 217
1606636349544659730 : Checking image 2 crop x2 2241
1606636349544721630 : Checking image 2 crop y2 3350
1606636349581958812 : Checking image 1 dpi 300
1606636349582081912 : Checking image 1 border top 5
1606636349582121412 : Checking image 1 border bottom 5
1606636349582197113 : Checking image 1 border left 21
1606636349582234513 : Checking image 1 border right 21
1606636349584383917 : Checking image 2 dpi 300
1606636349584515318 : Checking image 2 border top 224
1606636349584551218 : Checking image 2 border bottom 130
1606636349584584318 : Checking image 2 border left 189
1606636349584617618 : Checking image 2 border right 189

</system-out><system-err>--------------------------------- Captured Err ---------------------------------

</system-err></testcase><testcase classname="tests.test_images" name="test_angle_page_lower_split_line_png" time="52.870"><system-out>--------------------------------- Captured Log ---------------------------------

--------------------------------- Captured Out ---------------------------------
/home/runner/work/ocr-book/ocr-book/tests/angle_page_lower_split_line.png
1606636342673431627 : Checking separation double page angle 89.73507328913124
1606636342673516627 : Checking separation double page y=0 2473
1606636351710404056 : Checking page rotation 1 -0.3999999999999915
1606636359868547295 : Checking page rotation 2 0.2
1606636361924915155 : Checking image 1 crop x1 244
1606636361925017856 : Checking image 1 crop y1 160
1606636361925071256 : Checking image 1 crop x2 2350
1606636361925118756 : Checking image 1 crop y2 3365
1606636363667968133 : Checking image 2 crop x1 151
1606636363668055933 : Checking image 2 crop y1 147
1606636363668101133 : Checking image 2 crop x2 2258
1606636363668143733 : Checking image 2 crop y2 3350
1606636363706462714 : Checking image 1 dpi 300
1606636363706591714 : Checking image 1 border top 130
1606636363706631514 : Checking image 1 border bottom 151
1606636363706666614 : Checking image 1 border left 177
1606636363706700714 : Checking image 1 border right 177
1606636363709547220 : Checking image 2 dpi 300
1606636363709671620 : Checking image 2 border top 116
1606636363709707220 : Checking image 2 border bottom 168
1606636363709740920 : Checking image 2 border left 176
1606636363709774121 : Checking image 2 border right 176

</system-out><system-err>--------------------------------- Captured Err ---------------------------------

</system-err></testcase><testcase classname="tests.test_images" name="test_wrong_split_line_png" time="40.673"><system-out>--------------------------------- Captured Log ---------------------------------

--------------------------------- Captured Out ---------------------------------
/home/runner/work/ocr-book/ocr-book/tests/wrong_split_line.png
1606636372838980327 : Checking separation double page angle 89.85811715007924
1606636372839070727 : Checking separation double page y=0 2463
1606636379465949780 : Checking page rotation 1 -0.14999999999999147
1606636387198295566 : Checking page rotation 2 0.65
1606636388764636796 : Checking image 1 crop x1 213
1606636388764741396 : Checking image 1 crop y1 157
1606636388764791696 : Checking image 1 crop x2 2323
1606636388764840096 : Checking image 1 crop y2 3362
1606636390298022151 : Checking image 2 crop x1 126
1606636390298115651 : Checking image 2 crop y1 167
1606636390298163651 : Checking image 2 crop x2 2237
1606636390298208151 : Checking image 2 crop y2 3372
1606636390335420625 : Checking image 1 dpi 300
1606636390335537826 : Checking image 1 border top 115
1606636390335581326 : Checking image 1 border bottom 167
1606636390335628426 : Checking image 1 border left 175
1606636390335683026 : Checking image 1 border right 175
1606636390337868130 : Checking image 2 dpi 300
1606636390337927830 : Checking image 2 border top 142
1606636390337962431 : Checking image 2 border bottom 140
1606636390337995731 : Checking image 2 border left 174
1606636390338028331 : Checking image 2 border right 174

</system-out><system-err>--------------------------------- Captured Err ---------------------------------

</system-err></testcase><testcase classname="tests.test_images" name="test_crop_too_much_png" time="74.330"><system-out>--------------------------------- Captured Log ---------------------------------

--------------------------------- Captured Out ---------------------------------
/home/runner/work/ocr-book/ocr-book/tests/crop_too_much.png
1606636407441214380 : Checking separation double page angle 90.1368362370825
1606636407441331681 : Checking separation double page y=0 2453
1606636419325195567 : Checking page rotation 1 0.0
1606636432372419498 : Checking page rotation 2 0.45
1606636435273047106 : Checking image 1 crop x1 303
1606636435273141506 : Checking image 1 crop y1 148
1606636435273190007 : Checking image 1 crop x2 2313
1606636435273235007 : Checking image 1 crop y2 3351
1606636437976128981 : Checking image 2 crop x1 170
1606636437976224281 : Checking image 2 crop y1 155
1606636437976273382 : Checking image 2 crop x2 2181
1606636437976319482 : Checking image 2 crop y2 3359
1606636438026037518 : Checking image 1 dpi 300
1606636438026138719 : Checking image 1 border top 131
1606636438026180320 : Checking image 1 border bottom 153
1606636438026217320 : Checking image 1 border left 225
1606636438026253320 : Checking image 1 border right 225
1606636438028553940 : Checking image 2 dpi 300
1606636438028624641 : Checking image 2 border top 139
1606636438028663841 : Checking image 2 border bottom 144
1606636438028700442 : Checking image 2 border left 224
1606636438028737542 : Checking image 2 border right 224

</system-out><system-err>--------------------------------- Captured Err ---------------------------------

</system-err></testcase><testcase classname="tests.test_images" name="test_crop_too_few_png" time="44.524"><system-out>--------------------------------- Captured Log ---------------------------------

--------------------------------- Captured Out ---------------------------------
/home/runner/work/ocr-book/ocr-book/tests/crop_too_few.png
1606636416629493886 : Checking separation double page angle 89.39071231172886
1606636416629588087 : Checking separation double page y=0 2509
1606636423801262500 : Checking page rotation 1 -0.6999999999999886
1606636431669423434 : Checking page rotation 2 0.0
1606636433314369589 : Checking image 1 crop x1 264
1606636433314471490 : Checking image 1 crop y1 151
1606636433314565291 : Checking image 1 crop x2 2376
1606636433314610791 : Checking image 1 crop y2 3357
1606636434830753768 : Checking image 2 crop x1 140
1606636434830928469 : Checking image 2 crop y1 141
1606636434830976470 : Checking image 2 crop x2 2262
1606636434831019670 : Checking image 2 crop y2 3345
1606636434867051792 : Checking image 1 dpi 300
1606636434867166593 : Checking image 1 border top 111
1606636434867208393 : Checking image 1 border bottom 170
1606636434867243694 : Checking image 1 border left 174
1606636434867279194 : Checking image 1 border right 174
1606636434869265712 : Checking image 2 dpi 300
1606636434869326912 : Checking image 2 border top 140
1606636434869362613 : Checking image 2 border bottom 143
1606636434869396013 : Checking image 2 border left 169
1606636434869429413 : Checking image 2 border right 169

</system-out><system-err>--------------------------------- Captured Err ---------------------------------

</system-err></testcase><testcase classname="tests.test_images" name="test_wrong_split_line_2_png" time="88.219"><system-out>--------------------------------- Captured Log ---------------------------------

--------------------------------- Captured Out ---------------------------------
/home/runner/work/ocr-book/ocr-book/tests/wrong_split_line_2.png
1606636489220251957 : Checking separation double page angle 90.39217497633973
1606636489220344058 : Checking separation double page y=0 2442
1606636502334568070 : Checking page rotation 1 0.2
1606636515888791949 : Checking page rotation 2 0.35000000000000003
1606636519136306177 : Checking image 1 crop x1 294
1606636519136401577 : Checking image 1 crop y1 136
1606636519136451678 : Checking image 1 crop x2 2325
1606636519136499078 : Checking image 1 crop y2 3376
1606636523009412106 : Checking image 2 crop x1 146
1606636523009529607 : Checking image 2 crop y1 193
1606636523009577707 : Checking image 2 crop x2 2175
1606636523009622707 : Checking image 2 crop y2 3387
1606636523060066701 : Checking image 1 dpi 300
1606636523060224602 : Checking image 1 border top 128
1606636523060269703 : Checking image 1 border bottom 119
1606636523060307803 : Checking image 1 border left 214
1606636523060345303 : Checking image 1 border right 214
1606636523062780717 : Checking image 2 dpi 300
1606636523062890218 : Checking image 2 border top 184
1606636523062935618 : Checking image 2 border bottom 109
1606636523062981518 : Checking image 2 border left 215
1606636523063018119 : Checking image 2 border right 215

</system-out><system-err>--------------------------------- Captured Err ---------------------------------

</system-err></testcase><testcase classname="tests.test_images" name="test_crop_too_much_2_png" time="79.479"><system-out>--------------------------------- Captured Log ---------------------------------

--------------------------------- Captured Out ---------------------------------
/home/runner/work/ocr-book/ocr-book/tests/crop_too_much_2.png
1606636483337258309 : Checking separation double page angle 90.17716787328943
1606636483337342609 : Checking separation double page y=0 2478
1606636495653533941 : Checking page rotation 1 0.2
1606636510996098269 : Checking page rotation 2 0.2
1606636514104209558 : Checking image 1 crop x1 332
1606636514104327359 : Checking image 1 crop y1 131
1606636514104376559 : Checking image 1 crop x2 2342
1606636514104422960 : Checking image 1 crop y2 3336
1606636517439748859 : Checking image 2 crop x1 165
1606636517439844259 : Checking image 2 crop y1 139
1606636517439893359 : Checking image 2 crop x2 2178
1606636517439939260 : Checking image 2 crop y2 3345
1606636517495301991 : Checking image 1 dpi 300
1606636517495413492 : Checking image 1 border top 116
1606636517495457092 : Checking image 1 border bottom 166
1606636517495495692 : Checking image 1 border left 225
1606636517495533292 : Checking image 1 border right 225
1606636517497547504 : Checking image 2 dpi 300
1606636517497616005 : Checking image 2 border top 133
1606636517497655805 : Checking image 2 border bottom 148
1606636517497692605 : Checking image 2 border left 223
1606636517497729505 : Checking image 2 border right 223

</system-out><system-err>--------------------------------- Captured Err ---------------------------------

</system-err></testcase><testcase classname="tests.test_images" name="test_wrong_split_line_3_png" time="59.059"><system-out>--------------------------------- Captured Log ---------------------------------

--------------------------------- Captured Out ---------------------------------
/home/runner/work/ocr-book/ocr-book/tests/wrong_split_line_3.png
1606636554574881757 : Checking separation double page angle 90.4401067484302
1606636554574981458 : Checking separation double page y=0 2498
1606636564386039209 : Checking page rotation 1 0.30000000000000004
1606636572688174075 : Checking page rotation 2 0.9
1606636574778154982 : Checking image 1 crop x1 331
1606636574778246182 : Checking image 1 crop y1 165
1606636574778315583 : Checking image 1 crop x2 2375
1606636574778376983 : Checking image 1 crop y2 3376
1606636576540281648 : Checking image 2 crop x1 102
1606636576540387849 : Checking image 2 crop y1 208
1606636576540456149 : Checking image 2 crop x2 2133
1606636576540503349 : Checking image 2 crop y2 3413
1606636576581713647 : Checking image 1 dpi 300
1606636576581858247 : Checking image 1 border top 150
1606636576581899247 : Checking image 1 border bottom 126
1606636576581935248 : Checking image 1 border left 208
1606636576581970248 : Checking image 1 border right 208
1606636576584135358 : Checking image 2 dpi 300
1606636576584202059 : Checking image 2 border top 190
1606636576584240859 : Checking image 2 border bottom 92
1606636576584276059 : Checking image 2 border left 214
1606636576584311459 : Checking image 2 border right 214

</system-out><system-err>--------------------------------- Captured Err ---------------------------------

</system-err></testcase><testcase classname="tests.test_images" name="test_small_wave_png" time="68.777"><system-out>--------------------------------- Captured Log ---------------------------------

--------------------------------- Captured Out ---------------------------------
/home/runner/work/ocr-book/ocr-book/tests/small_wave.png
1606636565643325473 : Checking separation double page angle 90.61699923686102
1606636565643412374 : Checking separation double page y=0 2495
1606636576862829893 : Checking page rotation 1 0.7000000000000001
1606636587584748819 : Checking page rotation 2 0.7000000000000001
1606636589723559574 : Checking image 1 crop x1 322
1606636589723666574 : Checking image 1 crop y1 199
1606636589723712374 : Checking image 1 crop x2 2351
1606636589723754675 : Checking image 1 crop y2 3394
1606636591795045856 : Checking image 2 crop x1 135
1606636591795180856 : Checking image 2 crop y1 223
1606636591795226356 : Checking image 2 crop x2 2164
1606636591795268757 : Checking image 2 crop y2 3419
1606636591838963656 : Checking image 1 dpi 300
1606636591839083057 : Checking image 1 border top 177
1606636591839128557 : Checking image 1 border bottom 115
1606636591839182357 : Checking image 1 border left 215
1606636591839218057 : Checking image 1 border right 215
1606636591841925370 : Checking image 2 dpi 300
1606636591841988370 : Checking image 2 border top 191
1606636591842027370 : Checking image 2 border bottom 100
1606636591842063570 : Checking image 2 border left 215
1606636591842100071 : Checking image 2 border right 215

</system-out><system-err>--------------------------------- Captured Err ---------------------------------

</system-err></testcase><testcase classname="tests.test_images" name="test_wrong_wave_split_line_png" time="64.979"><system-out>--------------------------------- Captured Log ---------------------------------

--------------------------------- Captured Out ---------------------------------
/home/runner/work/ocr-book/ocr-book/tests/wrong_wave_split_line.png
1606636617145553780 : Checking separation double page angle 90.53209588050643
1606636617145641080 : Checking separation double page y=0 2502
1606636626219173876 : Checking page rotation 1 -0.14999999999999147
1606636635541743994 : Checking page rotation 2 0.8500000000000001
1606636638765432969 : Checking image 1 crop x1 385
1606636638765520270 : Checking image 1 crop y1 179
1606636638765565870 : Checking image 1 crop x2 2411
1606636638765608870 : Checking image 1 crop y2 3374
1606636641507398926 : Checking image 2 crop x1 124
1606636641507494326 : Checking image 2 crop y1 58
1606636641507544126 : Checking image 2 crop x2 2410
1606636641507590127 : Checking image 2 crop y2 3392
1606636641558609230 : Checking image 1 dpi 300
1606636641558720630 : Checking image 1 border top 167
1606636641558761030 : Checking image 1 border bottom 124
1606636641558797131 : Checking image 1 border left 217
1606636641558832331 : Checking image 1 border right 217
1606636641560974539 : Checking image 2 dpi 300
1606636641561095540 : Checking image 2 border top 0
1606636641561157540 : Checking image 2 border bottom 163
1606636641561193040 : Checking image 2 border left 92
1606636641561228640 : Checking image 2 border right 92

</system-out><system-err>--------------------------------- Captured Err ---------------------------------

</system-err></testcase></testsuite></testsuites>