<?xml version="1.0" encoding="utf-8"?><testsuites><testsuite errors="0" failures="0" hostname="fv-az136-982" name="pytest" skipped="0" tests="36" time="696.447" timestamp="2021-01-07T09:23:27.646365"><testcase classname="tests.test_features" name="test_disabled_enable_debug" time="42.050"><system-out>--------------------------------- Captured Log ---------------------------------

--------------------------------- Captured Out ---------------------------------
/home/runner/work/ocr-book/ocr-book/tests/0001_debug.png
separation double page angle 90.5528088189967
separation double page y=0 2485
page rotation 1 0.5499999999999999
page rotation 2 0.2
image 1 crop x1 327
image 1 crop y1 334
image 1 crop x2 2346
image 1 crop y2 3221
image 2 crop x1 169
image 2 crop y1 648
image 2 crop x2 2186
image 2 crop y2 3361
image 1 dpi 300
image 1 border top 332
image 1 border bottom 268
image 1 border left 220
image 1 border right 220
image 2 dpi 300
image 2 border top 643
image 2 border bottom 131
image 2 border left 221
image 2 border right 221

</system-out><system-err>--------------------------------- Captured Err ---------------------------------

</system-err></testcase><testcase classname="tests.test_features" name="test_mock_stop_at_0" time="0.066"><system-out>--------------------------------- Captured Log ---------------------------------

--------------------------------- Captured Out ---------------------------------
/home/runner/work/ocr-book/ocr-book/tests/0001_0.png

</system-out><system-err>--------------------------------- Captured Err ---------------------------------

</system-err></testcase><testcase classname="tests.test_features" name="test_mock_stop_at_2" time="36.008"><system-out>--------------------------------- Captured Log ---------------------------------

--------------------------------- Captured Out ---------------------------------
/home/runner/work/ocr-book/ocr-book/tests/0001_2.png
separation double page angle 90.5528088189967
separation double page y=0 2485
page rotation 1 0.5499999999999999
page rotation 2 0.2

</system-out><system-err>--------------------------------- Captured Err ---------------------------------

</system-err></testcase><testcase classname="tests.test_features" name="test_mock_stop_at_4" time="40.502"><system-out>--------------------------------- Captured Log ---------------------------------

--------------------------------- Captured Out ---------------------------------
/home/runner/work/ocr-book/ocr-book/tests/0001_4.png
separation double page angle 90.5528088189967
separation double page y=0 2485
page rotation 1 0.5499999999999999
page rotation 2 0.2
image 1 crop x1 327
image 1 crop y1 334
image 1 crop x2 2346
image 1 crop y2 3221
image 2 crop x1 169
image 2 crop y1 648
image 2 crop x2 2186
image 2 crop y2 3361
image 1 dpi 300
image 1 border top 332
image 1 border bottom 268
image 1 border left 220
image 1 border right 220
image 2 dpi 300
image 2 border top 643
image 2 border bottom 131
image 2 border left 221
image 2 border right 221

</system-out><system-err>--------------------------------- Captured Err ---------------------------------

</system-err></testcase><testcase classname="tests.test_features" name="test_mock_stop_at_1" time="32.576"><system-out>--------------------------------- Captured Log ---------------------------------

--------------------------------- Captured Out ---------------------------------
/home/runner/work/ocr-book/ocr-book/tests/0001_1.png
separation double page angle 90.5528088189967
separation double page y=0 2485

</system-out><system-err>--------------------------------- Captured Err ---------------------------------

</system-err></testcase><testcase classname="tests.test_features" name="test_mock_stop_at_3" time="41.002"><system-out>--------------------------------- Captured Log ---------------------------------

--------------------------------- Captured Out ---------------------------------
/home/runner/work/ocr-book/ocr-book/tests/0001_3.png
separation double page angle 90.5528088189967
separation double page y=0 2485
page rotation 1 0.5499999999999999
page rotation 2 0.2
image 1 crop x1 327
image 1 crop y1 334
image 1 crop x2 2346
image 1 crop y2 3221
image 2 crop x1 169
image 2 crop y1 648
image 2 crop x2 2186
image 2 crop y2 3361

</system-out><system-err>--------------------------------- Captured Err ---------------------------------

</system-err></testcase><testcase classname="tests.test_images" name="test_0001_png" time="39.552"><system-out>--------------------------------- Captured Log ---------------------------------

--------------------------------- Captured Out ---------------------------------
/home/runner/work/ocr-book/ocr-book/tests/0001.png
1610011517832672885 : Checking separation double page angle 90.5528088189967
1610011517832874289 : Checking separation double page y=0 2485
1610011518983411903 : Checking page rotation 1 0.5499999999999999
1610011520341558671 : Checking page rotation 2 0.2
1610011522982567590 : Checking image 1 crop x1 327
1610011522982731893 : Checking image 1 crop y1 334
1610011522982777494 : Checking image 1 crop x2 2346
1610011522982815695 : Checking image 1 crop y2 3221
1610011525035020486 : Checking image 2 crop x1 169
1610011525035185189 : Checking image 2 crop y1 648
1610011525035231190 : Checking image 2 crop x2 2186
1610011525035268791 : Checking image 2 crop y2 3361
1610011525035507395 : Checking image 1 dpi 300
1610011525035590997 : Checking image 1 border top 332
1610011525035629098 : Checking image 1 border bottom 268
1610011525035665298 : Checking image 1 border left 220
1610011525035702499 : Checking image 1 border right 220
1610011525038308148 : Checking image 2 dpi 300
1610011525038409550 : Checking image 2 border top 643
1610011525038450451 : Checking image 2 border bottom 131
1610011525038486752 : Checking image 2 border left 221
1610011525038522752 : Checking image 2 border right 221

</system-out><system-err>--------------------------------- Captured Err ---------------------------------

</system-err></testcase><testcase classname="tests.test_features" name="test_mock_stop_at_5" time="41.420"><system-out>--------------------------------- Captured Log ---------------------------------

--------------------------------- Captured Out ---------------------------------
/home/runner/work/ocr-book/ocr-book/tests/0001_5.png
separation double page angle 90.5528088189967
separation double page y=0 2485
page rotation 1 0.5499999999999999
page rotation 2 0.2
image 1 crop x1 327
image 1 crop y1 334
image 1 crop x2 2346
image 1 crop y2 3221
image 2 crop x1 169
image 2 crop y1 648
image 2 crop x2 2186
image 2 crop y2 3361
image 1 dpi 300
image 1 border top 332
image 1 border bottom 268
image 1 border left 220
image 1 border right 220
image 2 dpi 300
image 2 border top 643
image 2 border bottom 131
image 2 border left 221
image 2 border right 221

</system-out><system-err>--------------------------------- Captured Err ---------------------------------

</system-err></testcase><testcase classname="tests.test_images" name="test_black_border_not_removed_png" time="44.323"><system-out>--------------------------------- Captured Log ---------------------------------

--------------------------------- Captured Out ---------------------------------
/home/runner/work/ocr-book/ocr-book/tests/black-border-not-removed.png
1610011559424968416 : Checking separation double page angle 90.033171103531
1610011559425117319 : Checking separation double page y=0 2455
1610011560907717477 : Checking page rotation 1 0.0
1610011562783825056 : Checking page rotation 2 0.05
1610011566299615616 : Checking image 1 crop x1 297
1610011566299786320 : Checking image 1 crop y1 143
1610011566299830820 : Checking image 1 crop x2 2309
1610011566299868421 : Checking image 1 crop y2 3346
1610011569359021053 : Checking image 2 crop x1 157
1610011569359188456 : Checking image 2 crop y1 145
1610011569359232657 : Checking image 2 crop x2 2170
1610011569359272458 : Checking image 2 crop y2 3351
1610011569359508562 : Checking image 1 dpi 300
1610011569359596364 : Checking image 1 border top 132
1610011569359633665 : Checking image 1 border bottom 152
1610011569359669565 : Checking image 1 border left 224
1610011569359705566 : Checking image 1 border right 224
1610011569362819125 : Checking image 2 dpi 300
1610011569362922527 : Checking image 2 border top 134
1610011569362961528 : Checking image 2 border bottom 147
1610011569362997028 : Checking image 2 border left 223
1610011569363032029 : Checking image 2 border right 223

</system-out><system-err>--------------------------------- Captured Err ---------------------------------

</system-err></testcase><testcase classname="tests.test_images" name="test_2_pages_2_contours_png" time="24.091"><system-out>--------------------------------- Captured Log ---------------------------------

--------------------------------- Captured Out ---------------------------------
/home/runner/work/ocr-book/ocr-book/tests/2-pages-2-contours.png
1610011584602916401 : Checking separation double page angle 90.09036871657068
1610011584603104305 : Checking separation double page y=0 2486
1610011585235265411 : Checking page rotation 1 0.0
1610011586475808263 : Checking page rotation 2 0.2
1610011587512945869 : Checking image 1 crop x1 1191
1610011587513078072 : Checking image 1 crop y1 1750
1610011587513118273 : Checking image 1 crop x2 1192
1610011587513152873 : Checking image 1 crop y2 1751
1610011590067766967 : Checking image 2 crop x1 99
1610011590067903570 : Checking image 2 crop y1 240
1610011590067945870 : Checking image 2 crop x2 2147
1610011590067986271 : Checking image 2 crop y2 3240
1610011590068182175 : Checking image 1 dpi 300
1610011590068249776 : Checking image 1 border top 1752
1610011590068285277 : Checking image 1 border bottom 1753
1610011590068318478 : Checking image 1 border left 1239
1610011590068350478 : Checking image 1 border right 1239
1610011590070401317 : Checking image 2 dpi 300
1610011590070500719 : Checking image 2 border top 229
1610011590070537919 : Checking image 2 border bottom 258
1610011590070572820 : Checking image 2 border left 206
1610011590070607521 : Checking image 2 border right 206

</system-out><system-err>--------------------------------- Captured Err ---------------------------------

</system-err></testcase><testcase classname="tests.test_images" name="test_image_failed_to_rotate_png" time="44.171"><system-out>--------------------------------- Captured Log ---------------------------------

--------------------------------- Captured Out ---------------------------------
/home/runner/work/ocr-book/ocr-book/tests/image_failed_to_rotate.png
1610011599709116353 : Checking separation double page angle 90.26767669076624
1610011599709276956 : Checking separation double page y=0 2480
1610011601719884227 : Checking page rotation 1 0.45
1610011603068646613 : Checking page rotation 2 0.2
1610011610201321931 : Checking image 1 crop x1 31
1610011610201506934 : Checking image 1 crop y1 1
1610011610201553435 : Checking image 1 crop x2 2478
1610011610201593836 : Checking image 1 crop y2 3504
1610011613430516459 : Checking image 2 crop x1 169
1610011613430685362 : Checking image 2 crop y1 231
1610011613430728863 : Checking image 2 crop x2 2257
1610011613430768364 : Checking image 2 crop y2 3358
1610011613430980868 : Checking image 1 dpi 300
1610011613431063469 : Checking image 1 border top 2
1610011613431104470 : Checking image 1 border bottom 2
1610011613431139471 : Checking image 1 border left 17
1610011613431175871 : Checking image 1 border right 17
1610011613434324831 : Checking image 2 dpi 300
1610011613434432533 : Checking image 2 border top 218
1610011613434470034 : Checking image 2 border bottom 142
1610011613434504934 : Checking image 2 border left 186
1610011613434540435 : Checking image 2 border right 186

</system-out><system-err>--------------------------------- Captured Err ---------------------------------

</system-err></testcase><testcase classname="tests.test_images" name="test_wrong_split_line_png" time="30.510"><system-out>--------------------------------- Captured Log ---------------------------------

--------------------------------- Captured Out ---------------------------------
/home/runner/work/ocr-book/ocr-book/tests/wrong_split_line.png
1610011614087864402 : Checking separation double page angle 89.93395720607973
1610011614088005505 : Checking separation double page y=0 2465
1610011615193594333 : Checking page rotation 1 -0.04999999999999689
1610011616314343349 : Checking page rotation 2 0.5499999999999999
1610011617964419961 : Checking image 1 crop x1 211
1610011617964562564 : Checking image 1 crop y1 156
1610011617964604865 : Checking image 1 crop x2 2323
1610011617964645266 : Checking image 1 crop y2 3363
1610011620574585192 : Checking image 2 crop x1 125
1610011620574733995 : Checking image 2 crop y1 166
1610011620574776996 : Checking image 2 crop x2 2236
1610011620574817597 : Checking image 2 crop y2 3373
1610011620575039701 : Checking image 1 dpi 300
1610011620575120602 : Checking image 1 border top 134
1610011620575157503 : Checking image 1 border bottom 146
1610011620575193104 : Checking image 1 border left 174
1610011620575227704 : Checking image 1 border right 174
1610011620578231761 : Checking image 2 dpi 300
1610011620578349163 : Checking image 2 border top 146
1610011620578392464 : Checking image 2 border bottom 134
1610011620578428064 : Checking image 2 border left 174
1610011620578462165 : Checking image 2 border right 174

</system-out><system-err>--------------------------------- Captured Err ---------------------------------

</system-err></testcase><testcase classname="tests.test_images" name="test_image_failed_to_crop_data_png" time="55.218"><system-out>--------------------------------- Captured Log ---------------------------------

--------------------------------- Captured Out ---------------------------------
/home/runner/work/ocr-book/ocr-book/tests/image_failed_to_crop_data.png
1610011647681561766 : Checking separation double page angle 90.053197600644
1610011647681712068 : Checking separation double page y=0 2480
1610011652532032136 : Checking page rotation 1 0.15000000000000002
1610011653692820814 : Checking page rotation 2 0.0
1610011665209070329 : Checking image 1 crop x1 51
1610011665209238632 : Checking image 1 crop y1 7
1610011665209285733 : Checking image 1 crop x2 2478
1610011665209325734 : Checking image 1 crop y2 3505
1610011668691218897 : Checking image 2 crop x1 160
1610011668691386900 : Checking image 2 crop y1 217
1610011668691452002 : Checking image 2 crop x2 2242
1610011668691494102 : Checking image 2 crop y2 3350
1610011668691711706 : Checking image 1 dpi 300
1610011668691799608 : Checking image 1 border top 5
1610011668691840109 : Checking image 1 border bottom 5
1610011668691876110 : Checking image 1 border left 27
1610011668691911510 : Checking image 1 border right 27
1610011668695095071 : Checking image 2 dpi 300
1610011668695203673 : Checking image 2 border top 206
1610011668695242073 : Checking image 2 border bottom 148
1610011668695277974 : Checking image 2 border left 189
1610011668695312975 : Checking image 2 border right 189

</system-out><system-err>--------------------------------- Captured Err ---------------------------------

</system-err></testcase><testcase classname="tests.test_images" name="test_crop_too_much_png" time="53.941"><system-out>--------------------------------- Captured Log ---------------------------------

--------------------------------- Captured Out ---------------------------------
/home/runner/work/ocr-book/ocr-book/tests/crop_too_much.png
1610011665722243551 : Checking separation double page angle 90.13239409272954
1610011665722394854 : Checking separation double page y=0 2455
1610011667839670965 : Checking page rotation 1 0.0
1610011669434837585 : Checking page rotation 2 0.2
1610011672458764172 : Checking image 1 crop x1 303
1610011672458909875 : Checking image 1 crop y1 148
1610011672458952076 : Checking image 1 crop x2 2313
1610011672458990776 : Checking image 1 crop y2 3351
1610011674502166983 : Checking image 2 crop x1 162
1610011674502314186 : Checking image 2 crop y1 151
1610011674502356387 : Checking image 2 crop x2 2186
1610011674502397188 : Checking image 2 crop y2 3363
1610011674502610992 : Checking image 1 dpi 300
1610011674502689793 : Checking image 1 border top 132
1610011674502726294 : Checking image 1 border bottom 152
1610011674502761495 : Checking image 1 border left 225
1610011674502795695 : Checking image 1 border right 225
1610011674505821753 : Checking image 2 dpi 300
1610011674505934455 : Checking image 2 border top 132
1610011674505972856 : Checking image 2 border bottom 143
1610011674506008156 : Checking image 2 border left 218
1610011674506042157 : Checking image 2 border right 218

</system-out><system-err>--------------------------------- Captured Err ---------------------------------

</system-err></testcase><testcase classname="tests.test_images" name="test_wrong_angle_split_line_png" time="38.381"><system-out>--------------------------------- Captured Log ---------------------------------

--------------------------------- Captured Out ---------------------------------
/home/runner/work/ocr-book/ocr-book/tests/wrong_angle_split_line.png
1610011690809731582 : Checking separation double page angle 90.09193420006348
1610011690809876685 : Checking separation double page y=0 2478
1610011692233689427 : Checking page rotation 1 0.1
1610011693487361549 : Checking page rotation 2 0.1
1610011700471294483 : Checking image 1 crop x1 58
1610011700471497987 : Checking image 1 crop y1 6
1610011700471548788 : Checking image 1 crop x2 2476
1610011700471589289 : Checking image 1 crop y2 3501
1610011706273560232 : Checking image 2 crop x1 166
1610011706273723935 : Checking image 2 crop y1 218
1610011706273769336 : Checking image 2 crop x2 2244
1610011706273809136 : Checking image 2 crop y2 3349
1610011706274027440 : Checking image 1 dpi 300
1610011706274116042 : Checking image 1 border top 6
1610011706274153243 : Checking image 1 border bottom 6
1610011706274188943 : Checking image 1 border left 31
1610011706274224344 : Checking image 1 border right 31
1610011706285995067 : Checking image 2 dpi 300
1610011706286127670 : Checking image 2 border top 207
1610011706286166970 : Checking image 2 border bottom 149
1610011706286203271 : Checking image 2 border left 191
1610011706286238872 : Checking image 2 border right 191

</system-out><system-err>--------------------------------- Captured Err ---------------------------------

</system-err></testcase><testcase classname="tests.test_images" name="test_crop_too_few_png" time="31.448"><system-out>--------------------------------- Captured Log ---------------------------------

--------------------------------- Captured Out ---------------------------------
/home/runner/work/ocr-book/ocr-book/tests/crop_too_few.png
1610011699082318351 : Checking separation double page angle 89.54670238452755
1610011699082469954 : Checking separation double page y=0 2512
1610011700305855059 : Checking page rotation 1 -0.6000000000000009
1610011701603860273 : Checking page rotation 2 0.0
1610011703721041459 : Checking image 1 crop x1 263
1610011703721180361 : Checking image 1 crop y1 150
1610011703721223262 : Checking image 1 crop x2 2379
1610011703721261963 : Checking image 1 crop y2 3358
1610011705976340900 : Checking image 2 crop x1 137
1610011705976474602 : Checking image 2 crop y1 141
1610011705976512803 : Checking image 2 crop x2 2259
1610011705976549904 : Checking image 2 crop y2 3345
1610011705976762708 : Checking image 1 dpi 300
1610011705976839609 : Checking image 1 border top 130
1610011705976873410 : Checking image 1 border bottom 149
1610011705976906811 : Checking image 1 border left 172
1610011705976938711 : Checking image 1 border right 172
1610011705980134272 : Checking image 2 dpi 300
1610011705980257574 : Checking image 2 border top 130
1610011705980295675 : Checking image 2 border bottom 153
1610011705980330975 : Checking image 2 border left 169
1610011705980364776 : Checking image 2 border right 169

</system-out><system-err>--------------------------------- Captured Err ---------------------------------

</system-err></testcase><testcase classname="tests.test_images" name="test_crop_too_much_2_png" time="62.584"><system-out>--------------------------------- Captured Log ---------------------------------

--------------------------------- Captured Out ---------------------------------
/home/runner/work/ocr-book/ocr-book/tests/crop_too_much_2.png
1610011759115066218 : Checking separation double page angle 90.1149074900787
1610011759115223321 : Checking separation double page y=0 2478
1610011760748767469 : Checking page rotation 1 0.15000000000000002
1610011762584389221 : Checking page rotation 2 0.2
1610011765054022564 : Checking image 1 crop x1 330
1610011765054170467 : Checking image 1 crop y1 132
1610011765054213368 : Checking image 1 crop x2 2342
1610011765054252168 : Checking image 1 crop y2 3335
1610011768526567489 : Checking image 2 crop x1 162
1610011768526714192 : Checking image 2 crop y1 139
1610011768526756493 : Checking image 2 crop x2 2175
1610011768526797393 : Checking image 2 crop y2 3345
1610011768527008897 : Checking image 1 dpi 300
1610011768527091199 : Checking image 1 border top 122
1610011768527128700 : Checking image 1 border bottom 162
1610011768527164000 : Checking image 1 border left 224
1610011768527198701 : Checking image 1 border right 224
1610011768530269459 : Checking image 2 dpi 300
1610011768530386061 : Checking image 2 border top 130
1610011768530424662 : Checking image 2 border bottom 151
1610011768530459763 : Checking image 2 border left 223
1610011768530493763 : Checking image 2 border right 223

</system-out><system-err>--------------------------------- Captured Err ---------------------------------

</system-err></testcase><testcase classname="tests.test_images" name="test_angle_page_lower_split_line_png" time="38.495"><system-out>--------------------------------- Captured Log ---------------------------------

--------------------------------- Captured Out ---------------------------------
/home/runner/work/ocr-book/ocr-book/tests/angle_page_lower_split_line.png
1610011737171218271 : Checking separation double page angle 89.74927707086691
1610011737171364774 : Checking separation double page y=0 2474
1610011738854031935 : Checking page rotation 1 -0.14999999999999067
1610011740482233762 : Checking page rotation 2 0.1
1610011743144113698 : Checking image 1 crop x1 241
1610011743144288101 : Checking image 1 crop y1 156
1610011743144332002 : Checking image 1 crop x2 2357
1610011743144372803 : Checking image 1 crop y2 3368
1610011745646368949 : Checking image 2 crop x1 149
1610011745646533552 : Checking image 2 crop y1 146
1610011745646579053 : Checking image 2 crop x2 2259
1610011745646619354 : Checking image 2 crop y2 3351
1610011745646842758 : Checking image 1 dpi 300
1610011745646929159 : Checking image 1 border top 140
1610011745646966960 : Checking image 1 border bottom 135
1610011745647003861 : Checking image 1 border left 172
1610011745647039762 : Checking image 1 border right 172
1610011745649785414 : Checking image 2 dpi 300
1610011745649901316 : Checking image 2 border top 129
1610011745649941117 : Checking image 2 border bottom 152
1610011745649977917 : Checking image 2 border left 175
1610011745650013118 : Checking image 2 border right 175

</system-out><system-err>--------------------------------- Captured Err ---------------------------------

</system-err></testcase><testcase classname="tests.test_images" name="test_wrong_wave_split_line_png" time="58.718"><system-out>--------------------------------- Captured Log ---------------------------------

--------------------------------- Captured Out ---------------------------------
/home/runner/work/ocr-book/ocr-book/tests/wrong_wave_split_line.png
1610011788347234849 : Checking separation double page angle 90.37878604107719
1610011788347384552 : Checking separation double page y=0 2500
1610011789754740716 : Checking page rotation 1 -0.14999999999999067
1610011791249352832 : Checking page rotation 2 0.9
1610011798122043099 : Checking image 1 crop x1 385
1610011798122215402 : Checking image 1 crop y1 179
1610011798122261703 : Checking image 1 crop x2 2411
1610011798122299704 : Checking image 1 crop y2 3374
1610011804353382740 : Checking image 2 crop x1 17
1610011804353568643 : Checking image 2 crop y1 8
1610011804353616244 : Checking image 2 crop x2 2399
1610011804353657145 : Checking image 2 crop y2 3391
1610011804353838548 : Checking image 1 dpi 300
1610011804353927450 : Checking image 1 border top 173
1610011804353966951 : Checking image 1 border bottom 119
1610011804354003452 : Checking image 1 border left 217
1610011804354039652 : Checking image 1 border right 217
1610011804356795604 : Checking image 2 dpi 300
1610011804356909506 : Checking image 2 border top 0
1610011804356951507 : Checking image 2 border bottom 114
1610011804356987208 : Checking image 2 border left 49
1610011804357022509 : Checking image 2 border right 49

</system-out><system-err>--------------------------------- Captured Err ---------------------------------

</system-err></testcase><testcase classname="tests.test_images" name="test_wrong_split_line_2_png" time="59.953"><system-out>--------------------------------- Captured Log ---------------------------------

--------------------------------- Captured Out ---------------------------------
/home/runner/work/ocr-book/ocr-book/tests/wrong_split_line_2.png
1610011812109577612 : Checking separation double page angle 90.19944704411863
1610011812109739215 : Checking separation double page y=0 2437
1610011814176074616 : Checking page rotation 1 0.2
1610011815993471907 : Checking page rotation 2 0.2
1610011820790878578 : Checking image 1 crop x1 294
1610011820791024181 : Checking image 1 crop y1 136
1610011820791064782 : Checking image 1 crop x2 2325
1610011820791104082 : Checking image 1 crop y2 3376
1610011828497373507 : Checking image 2 crop x1 136
1610011828497513310 : Checking image 2 crop y1 190
1610011828497555811 : Checking image 2 crop x2 2172
1610011828497595812 : Checking image 2 crop y2 3389
1610011828497805416 : Checking image 1 dpi 300
1610011828497885617 : Checking image 1 border top 131
1610011828497922818 : Checking image 1 border bottom 116
1610011828497959019 : Checking image 1 border left 214
1610011828497993719 : Checking image 1 border right 214
1610011828500729171 : Checking image 2 dpi 300
1610011828500830873 : Checking image 2 border top 181
1610011828500866674 : Checking image 2 border bottom 107
1610011828500899174 : Checking image 2 border left 212
1610011828500931175 : Checking image 2 border right 212

</system-out><system-err>--------------------------------- Captured Err ---------------------------------

</system-err></testcase><testcase classname="tests.test_images" name="test_no_split_line_line_algo_png" time="37.379"><system-out>--------------------------------- Captured Log ---------------------------------

--------------------------------- Captured Out ---------------------------------
/home/runner/work/ocr-book/ocr-book/tests/no_split_line_line_algo.png
1610011833088507651 : Checking separation double page angle 89.47691469185418
1610011833088676554 : Checking separation double page y=0 2476
1610011834178603095 : Checking page rotation 1 -0.14999999999999067
1610011835853868921 : Checking page rotation 2 -0.14999999999999067
1610011837502685647 : Checking image 1 crop x1 205
1610011837502849450 : Checking image 1 crop y1 158
1610011837502894551 : Checking image 1 crop x2 2320
1610011837502935452 : Checking image 1 crop y2 3366
1610011841752674534 : Checking image 2 crop x1 185
1610011841752838437 : Checking image 2 crop y1 225
1610011841752879038 : Checking image 2 crop x2 2204
1610011841752916139 : Checking image 2 crop y2 3362
1610011841753118343 : Checking image 1 dpi 300
1610011841753199244 : Checking image 1 border top 144
1610011841753235145 : Checking image 1 border bottom 134
1610011841753270045 : Checking image 1 border left 172
1610011841753320346 : Checking image 1 border right 172
1610011841756083799 : Checking image 2 dpi 300
1610011841756195901 : Checking image 2 border top 223
1610011841756234302 : Checking image 2 border bottom 127
1610011841756270202 : Checking image 2 border left 220
1610011841756305503 : Checking image 2 border right 220

</system-out><system-err>--------------------------------- Captured Err ---------------------------------

</system-err></testcase><testcase classname="tests.test_images" name="test_small_wave_png" time="57.334"><system-out>--------------------------------- Captured Log ---------------------------------

--------------------------------- Captured Out ---------------------------------
/home/runner/work/ocr-book/ocr-book/tests/small_wave.png
1610011878816579131 : Checking separation double page angle 90.58816928841564
1610011878816736534 : Checking separation double page y=0 2497
1610011880945907575 : Checking page rotation 1 0.65
1610011882718630159 : Checking page rotation 2 0.65
1610011884215278912 : Checking image 1 crop x1 320
1610011884215462915 : Checking image 1 crop y1 199
1610011884215509116 : Checking image 1 crop x2 2353
1610011884215548317 : Checking image 1 crop y2 3394
1610011885832768154 : Checking image 2 crop x1 130
1610011885832906657 : Checking image 2 crop y1 222
1610011885832949057 : Checking image 2 crop x2 2163
1610011885832990058 : Checking image 2 crop y2 3420
1610011885833188462 : Checking image 1 dpi 300
1610011885833269263 : Checking image 1 border top 179
1610011885833308364 : Checking image 1 border bottom 112
1610011885833343765 : Checking image 1 border left 213
1610011885833378466 : Checking image 1 border right 213
1610011885836441024 : Checking image 2 dpi 300
1610011885836556926 : Checking image 2 border top 197
1610011885836595426 : Checking image 2 border bottom 92
1610011885836630227 : Checking image 2 border left 213
1610011885836664928 : Checking image 2 border right 213

</system-out><system-err>--------------------------------- Captured Err ---------------------------------

</system-err></testcase><testcase classname="tests.test_images" name="test_failed_split_line_line_algo_png" time="17.636"><system-out>--------------------------------- Captured Log ---------------------------------

--------------------------------- Captured Out ---------------------------------
/home/runner/work/ocr-book/ocr-book/tests/failed_split_line_line_algo.png
1610011854898221826 : Checking separation double page angle 90.04134220573248
1610011854898374929 : Checking separation double page y=0 2573
1610011855710264110 : Checking page rotation 1 -0.09999999999999377
1610011856310042472 : Checking page rotation 2 0.1
1610011858319622933 : Checking image 1 crop x1 408
1610011858319794436 : Checking image 1 crop y1 2926
1610011858319839137 : Checking image 1 crop x2 2420
1610011858319876938 : Checking image 1 crop y2 3173
1610011859419680962 : Checking image 2 crop x1 1184
1610011859419826565 : Checking image 2 crop y1 1745
1610011859419866066 : Checking image 2 crop x2 1185
1610011859419901266 : Checking image 2 crop y2 1746
1610011859420066670 : Checking image 1 dpi 300
1610011859420160371 : Checking image 1 border top 2922
1610011859420197872 : Checking image 1 border bottom 318
1610011859420234773 : Checking image 1 border left 224
1610011859420270273 : Checking image 1 border right 224
1610011859422113008 : Checking image 2 dpi 300
1610011859422210810 : Checking image 2 border top 1753
1610011859422249211 : Checking image 2 border bottom 1753
1610011859422284312 : Checking image 2 border left 1239
1610011859422319112 : Checking image 2 border right 1239

</system-out><system-err>--------------------------------- Captured Err ---------------------------------

</system-err></testcase><testcase classname="tests.test_images" name="test_failed_split_line_line_algo_2_png" time="46.302"><system-out>--------------------------------- Captured Log ---------------------------------

--------------------------------- Captured Out ---------------------------------
/home/runner/work/ocr-book/ocr-book/tests/failed_split_line_line_algo_2.png
1610011898554181985 : Checking separation double page angle 90.03068774449687
1610011898554336288 : Checking separation double page y=0 2500
1610011900508266890 : Checking page rotation 1 0.05
1610011902199290614 : Checking page rotation 2 0.5499999999999999
1610011903965638964 : Checking image 1 crop x1 271
1610011903965814167 : Checking image 1 crop y1 149
1610011903965860168 : Checking image 1 crop x2 2382
1610011903965898269 : Checking image 1 crop y2 3354
1610011905684533578 : Checking image 2 crop x1 120
1610011905684703081 : Checking image 2 crop y1 155
1610011905684748582 : Checking image 2 crop x2 2244
1610011905684789582 : Checking image 2 crop y2 3350
1610011905685003586 : Checking image 1 dpi 300
1610011905685092188 : Checking image 1 border top 141
1610011905685130389 : Checking image 1 border bottom 141
1610011905685167790 : Checking image 1 border left 174
1610011905685204490 : Checking image 1 border right 174
1610011905687900941 : Checking image 2 dpi 300
1610011905688016443 : Checking image 2 border top 140
1610011905688055344 : Checking image 2 border bottom 152
1610011905688091444 : Checking image 2 border left 168
1610011905688126445 : Checking image 2 border right 168

</system-out><system-err>--------------------------------- Captured Err ---------------------------------

</system-err></testcase><testcase classname="tests.test_images" name="test_wrong_split_line_3_png" time="43.374"><system-out>--------------------------------- Captured Log ---------------------------------

--------------------------------- Captured Out ---------------------------------
/home/runner/work/ocr-book/ocr-book/tests/wrong_split_line_3.png
1610011921114618158 : Checking separation double page angle 90.43729500214694
1610011921114775961 : Checking separation double page y=0 2498
1610011923126778195 : Checking page rotation 1 0.2
1610011925150818653 : Checking page rotation 2 0.85
1610011927057288890 : Checking image 1 crop x1 331
1610011927057432992 : Checking image 1 crop y1 166
1610011927057476493 : Checking image 1 crop x2 2377
1610011927057515594 : Checking image 1 crop y2 3375
1610011929230913976 : Checking image 2 crop x1 102
1610011929231060079 : Checking image 2 crop y1 207
1610011929231103880 : Checking image 2 crop x2 2135
1610011929231144080 : Checking image 2 crop y2 3414
1610011929231349884 : Checking image 1 dpi 300
1610011929231465586 : Checking image 1 border top 158
1610011929231507287 : Checking image 1 border bottom 120
1610011929231543688 : Checking image 1 border left 207
1610011929231578188 : Checking image 1 border right 207
1610011929234325040 : Checking image 2 dpi 300
1610011929234447643 : Checking image 2 border top 186
1610011929234485543 : Checking image 2 border bottom 94
1610011929234520944 : Checking image 2 border left 213
1610011929234555045 : Checking image 2 border right 213

</system-out><system-err>--------------------------------- Captured Err ---------------------------------

</system-err></testcase><testcase classname="tests.test_images" name="test_crop_too_much_3_png" time="48.951"><system-out>--------------------------------- Captured Log ---------------------------------

--------------------------------- Captured Out ---------------------------------
/home/runner/work/ocr-book/ocr-book/tests/crop_too_much_3.png
1610011946630898398 : Checking separation double page angle 89.49330634783144
1610011946631062501 : Checking separation double page y=0 2498
1610011947912624481 : Checking page rotation 1 -0.8999999999999949
1610011949673943251 : Checking page rotation 2 -0.14999999999999067
1610011952179762825 : Checking image 1 crop x1 374
1610011952179937728 : Checking image 1 crop y1 258
1610011952179985029 : Checking image 1 crop x2 2385
1610011952180024230 : Checking image 1 crop y2 3459
1610011954645539332 : Checking image 2 crop x1 168
1610011954645712635 : Checking image 2 crop y1 228
1610011954645757736 : Checking image 2 crop x2 2181
1610011954645798837 : Checking image 2 crop y2 3417
1610011954646022341 : Checking image 1 dpi 300
1610011954646105543 : Checking image 1 border top 239
1610011954646140543 : Checking image 1 border bottom 47
1610011954646174844 : Checking image 1 border left 224
1610011954646207745 : Checking image 1 border right 224
1610011954649044498 : Checking image 2 dpi 300
1610011954649165701 : Checking image 2 border top 209
1610011954649205101 : Checking image 2 border bottom 89
1610011954649241702 : Checking image 2 border left 223
1610011954649277403 : Checking image 2 border right 223

</system-out><system-err>--------------------------------- Captured Err ---------------------------------

</system-err></testcase><testcase classname="tests.test_images" name="test_wrong_wave_split_line_2_png" time="47.455"><system-out>--------------------------------- Captured Log ---------------------------------

--------------------------------- Captured Out ---------------------------------
/home/runner/work/ocr-book/ocr-book/tests/wrong_wave_split_line_2.png
1610011969283348186 : Checking separation double page angle 90.7708958311329
1610011969283520689 : Checking separation double page y=0 2490
1610011970677769903 : Checking page rotation 1 0.2
1610011972146697033 : Checking page rotation 2 1.65
1610011973796953397 : Checking image 1 crop x1 227
1610011973797089800 : Checking image 1 crop y1 147
1610011973797132300 : Checking image 1 crop x2 2342
1610011973797172301 : Checking image 1 crop y2 3353
1610011976681886453 : Checking image 2 crop x1 106
1610011976682026855 : Checking image 2 crop y1 195
1610011976682069356 : Checking image 2 crop x2 2231
1610011976682110057 : Checking image 2 crop y2 3398
1610011976682305261 : Checking image 1 dpi 300
1610011976682386662 : Checking image 1 border top 136
1610011976682425663 : Checking image 1 border bottom 145
1610011976682461464 : Checking image 1 border left 172
1610011976682496364 : Checking image 1 border right 172
1610011976685236016 : Checking image 2 dpi 300
1610011976685345718 : Checking image 2 border top 165
1610011976685383319 : Checking image 2 border bottom 118
1610011976685418820 : Checking image 2 border left 167
1610011976685453320 : Checking image 2 border right 167

</system-out><system-err>--------------------------------- Captured Err ---------------------------------

</system-err></testcase><testcase classname="tests.test_images" name="test_wrong_wave_split_line_3_png" time="42.066"><system-out>--------------------------------- Captured Log ---------------------------------

--------------------------------- Captured Out ---------------------------------
/home/runner/work/ocr-book/ocr-book/tests/wrong_wave_split_line_3.png
1610011990056937260 : Checking separation double page angle 90.05826063695574
1610011990057096063 : Checking separation double page y=0 2514
1610011991700073965 : Checking page rotation 1 0.0
1610011993022918187 : Checking page rotation 2 0.2
1610011995131679875 : Checking image 1 crop x1 274
1610011995131852278 : Checking image 1 crop y1 221
1610011995131898179 : Checking image 1 crop x2 2383
1610011995131937879 : Checking image 1 crop y2 3422
1610011996733477034 : Checking image 2 crop x1 112
1610011996733642437 : Checking image 2 crop y1 225
1610011996733687338 : Checking image 2 crop x2 2238
1610011996733727939 : Checking image 2 crop y2 3415
1610011996733940143 : Checking image 1 dpi 300
1610011996734024044 : Checking image 1 border top 201
1610011996734061445 : Checking image 1 border bottom 85
1610011996734097846 : Checking image 1 border left 175
1610011996734133246 : Checking image 1 border right 175
1610011996736857298 : Checking image 2 dpi 300
1610011996736965700 : Checking image 2 border top 207
1610011996737004401 : Checking image 2 border bottom 90
1610011996737042601 : Checking image 2 border left 167
1610011996737078802 : Checking image 2 border right 167

</system-out><system-err>--------------------------------- Captured Err ---------------------------------

</system-err></testcase><testcase classname="tests.test_images" name="test_no_split_line_wave_algo_png" time="57.794"><system-out>--------------------------------- Captured Log ---------------------------------

--------------------------------- Captured Out ---------------------------------
/home/runner/work/ocr-book/ocr-book/tests/no_split_line_wave_algo.png
1610012012012964105 : Checking separation double page angle 89.72500000000001
1610012012013121208 : Checking separation double page y=0 2484
1610012015241157341 : Checking page rotation 1 0.0
1610012016637660888 : Checking page rotation 2 -0.44999999999999746
1610012026265399287 : Checking image 1 crop x1 97
1610012026265527889 : Checking image 1 crop y1 79
1610012026265566190 : Checking image 1 crop x2 2494
1610012026265603790 : Checking image 1 crop y2 3505
1610012034437662621 : Checking image 2 crop x1 163
1610012034437814324 : Checking image 2 crop y1 267
1610012034437858825 : Checking image 2 crop x2 2238
1610012034437898425 : Checking image 2 crop y2 3380
1610012034438118330 : Checking image 1 dpi 300
1610012034438202431 : Checking image 1 border top 41
1610012034438240832 : Checking image 1 border bottom 41
1610012034438275933 : Checking image 1 border left 42
1610012034438311733 : Checking image 1 border right 42
1610012034441167487 : Checking image 2 dpi 300
1610012034441302890 : Checking image 2 border top 255
1610012034441342091 : Checking image 2 border bottom 119
1610012034441377991 : Checking image 2 border left 192
1610012034441412592 : Checking image 2 border right 192

</system-out><system-err>--------------------------------- Captured Err ---------------------------------

</system-err></testcase><testcase classname="tests.test_images" name="test_no_split_line_wave_algo_2_png" time="34.387"><system-out>--------------------------------- Captured Log ---------------------------------

--------------------------------- Captured Out ---------------------------------
/home/runner/work/ocr-book/ocr-book/tests/no_split_line_wave_algo_2.png
1610012025187060465 : Checking separation double page angle 90.54999999999998
1610012025187218768 : Checking separation double page y=0 2478
1610012026555551884 : Checking page rotation 1 1.0999999999999999
1610012027957491848 : Checking page rotation 2 0.2
1610012029633232399 : Checking image 1 crop x1 266
1610012029633406602 : Checking image 1 crop y1 210
1610012029633451403 : Checking image 1 crop x2 2342
1610012029633489704 : Checking image 1 crop y2 3413
1610012031121135691 : Checking image 2 crop x1 168
1610012031121307294 : Checking image 2 crop y1 241
1610012031121352995 : Checking image 2 crop x2 2251
1610012031121393896 : Checking image 2 crop y2 3433
1610012031121614700 : Checking image 1 dpi 300
1610012031121702102 : Checking image 1 border top 192
1610012031121740303 : Checking image 1 border bottom 91
1610012031121777003 : Checking image 1 border left 192
1610012031121812204 : Checking image 1 border right 192
1610012031124577556 : Checking image 2 dpi 300
1610012031124693458 : Checking image 2 border top 224
1610012031124731859 : Checking image 2 border bottom 71
1610012031124767960 : Checking image 2 border left 188
1610012031124803461 : Checking image 2 border right 188

</system-out><system-err>--------------------------------- Captured Err ---------------------------------

</system-err></testcase><testcase classname="tests.test_images" name="test_failed_detect_rectangle_png" time="44.771"><system-out>--------------------------------- Captured Log ---------------------------------

--------------------------------- Captured Out ---------------------------------
/home/runner/work/ocr-book/ocr-book/tests/failed_detect_rectangle.png
1610012069240989243 : Checking separation double page angle 90.19837516213148
1610012069241155146 : Checking separation double page y=0 2474
1610012070687649736 : Checking page rotation 1 0.2
1610012072446982948 : Checking page rotation 2 0.15000000000000002
1610012073886875912 : Checking image 1 crop x1 257
1610012073887045016 : Checking image 1 crop y1 201
1610012073887089716 : Checking image 1 crop x2 2333
1610012073887128217 : Checking image 1 crop y2 3402
1610012075886531974 : Checking image 2 crop x1 135
1610012075886692477 : Checking image 2 crop y1 214
1610012075886736778 : Checking image 2 crop x2 2219
1610012075886776879 : Checking image 2 crop y2 3406
1610012075886972582 : Checking image 1 dpi 300
1610012075887060884 : Checking image 1 border top 188
1610012075887098185 : Checking image 1 border bottom 97
1610012075887133985 : Checking image 1 border left 192
1610012075887168486 : Checking image 1 border right 192
1610012075889769735 : Checking image 2 dpi 300
1610012075889872037 : Checking image 2 border top 202
1610012075889910338 : Checking image 2 border bottom 93
1610012075889945939 : Checking image 2 border left 188
1610012075889981039 : Checking image 2 border right 188

</system-out><system-err>--------------------------------- Captured Err ---------------------------------

</system-err></testcase><testcase classname="tests.test_images" name="test_crop_too_few_2_png" time="35.954"><system-out>--------------------------------- Captured Log ---------------------------------

--------------------------------- Captured Out ---------------------------------
/home/runner/work/ocr-book/ocr-book/tests/crop_too_few_2.png
1610012063402684867 : Checking separation double page angle 90.30476192320097
1610012063402831370 : Checking separation double page y=0 2531
1610012064707324429 : Checking page rotation 1 1.0999999999999999
1610012066042669883 : Checking page rotation 2 -0.04999999999999689
1610012068123671787 : Checking image 1 crop x1 289
1610012068123812990 : Checking image 1 crop y1 165
1610012068123853590 : Checking image 1 crop x2 2400
1610012068123892591 : Checking image 1 crop y2 3367
1610012070461194148 : Checking image 2 crop x1 149
1610012070461340850 : Checking image 2 crop y1 189
1610012070461382051 : Checking image 2 crop x2 2273
1610012070461423652 : Checking image 2 crop y2 3386
1610012070461631456 : Checking image 1 dpi 300
1610012070461713157 : Checking image 1 border top 157
1610012070461751658 : Checking image 1 border bottom 128
1610012070461788759 : Checking image 1 border left 174
1610012070461823660 : Checking image 1 border right 174
1610012070464616512 : Checking image 2 dpi 300
1610012070464725015 : Checking image 2 border top 181
1610012070464762815 : Checking image 2 border bottom 109
1610012070464798216 : Checking image 2 border left 168
1610012070464832417 : Checking image 2 border right 168

</system-out><system-err>--------------------------------- Captured Err ---------------------------------

</system-err></testcase><testcase classname="tests.test_images" name="test_no_split_line_wave_algo_3_png" time="10.494"><system-out>--------------------------------- Captured Log ---------------------------------

--------------------------------- Captured Out ---------------------------------
/home/runner/work/ocr-book/ocr-book/tests/no_split_line_wave_algo_3.png
1610012078395003570 : Checking separation double page angle 90.14999999999998
1610012078395158572 : Checking separation double page y=0 2408
1610012079313298357 : Checking page rotation 1 -0.09999999999999377
1610012079460043535 : Checking page rotation 2 0.0
1610012080407989984 : Checking image 1 crop x1 182
1610012080408106486 : Checking image 1 crop y1 2955
1610012080408142786 : Checking image 1 crop x2 2199
1610012080408177687 : Checking image 1 crop y2 3203
1610012080924886770 : Checking image 2 crop x1 0
1610012080925019173 : Checking image 2 crop y1 0
1610012080925050674 : Checking image 2 crop x2 0
1610012080925080774 : Checking image 2 crop y2 0
1610012080925155576 : Checking image 1 dpi 300
1610012080925228677 : Checking image 1 border top 2951
1610012080925262978 : Checking image 1 border bottom 288
1610012080925295178 : Checking image 1 border left 221
1610012080925326579 : Checking image 1 border right 221
1610012080933573735 : Checking image 2 border top 0
1610012080933657437 : Checking image 2 border bottom 0
1610012080933688937 : Checking image 2 border left 0
1610012080933720038 : Checking image 2 border right 0

</system-out><system-err>--------------------------------- Captured Err ---------------------------------

</system-err></testcase><testcase classname="tests.test_images" name="test_single_page_png" time="7.094"><system-out>--------------------------------- Captured Log ---------------------------------

--------------------------------- Captured Out ---------------------------------
/home/runner/work/ocr-book/ocr-book/tests/single_page.png
1610012079632071992 : Checking separation double page angle 90.04999999999998
1610012079632253596 : Checking separation double page y=0 2476
1610012080579259726 : Checking page rotation 1 0.0
1610012080701892548 : Checking page rotation 2 0.0
1610012082483402778 : Checking image 1 crop x1 1
1610012082483589881 : Checking image 1 crop y1 8
1610012082483624082 : Checking image 1 crop x2 2470
1610012082483656183 : Checking image 1 crop y2 3505
1610012082646665369 : Checking image 2 crop x1 0
1610012082646783771 : Checking image 2 crop y1 0
1610012082646816871 : Checking image 2 crop x2 0
1610012082646847972 : Checking image 2 crop y2 0
1610012082646925674 : Checking image 1 dpi 300
1610012082647003575 : Checking image 1 border top 5
1610012082647037976 : Checking image 1 border bottom 5
1610012082647071076 : Checking image 1 border left 6
1610012082647103477 : Checking image 1 border right 6
1610012082657394072 : Checking image 2 border top 0
1610012082657495674 : Checking image 2 border bottom 0
1610012082657528574 : Checking image 2 border left 0
1610012082657560975 : Checking image 2 border right 0

</system-out><system-err>--------------------------------- Captured Err ---------------------------------

</system-err></testcase><testcase classname="tests.test_images" name="test_wrong_split_line_4_png" time="20.774"><system-out>--------------------------------- Captured Log ---------------------------------

--------------------------------- Captured Out ---------------------------------
/home/runner/work/ocr-book/ocr-book/tests/wrong_split_line_4.png
1610012097478009024 : Checking separation double page angle 91.04999999999998
1610012097478162127 : Checking separation double page y=0 60
1610012097590134847 : Checking page rotation 1 1.0
1610012098913286583 : Checking page rotation 2 1.05
1610012099474817909 : Checking image 1 crop x1 0
1610012099474925211 : Checking image 1 crop y1 0
1610012099474959411 : Checking image 1 crop x2 0
1610012099474992112 : Checking image 1 crop y2 0
1610012101775649144 : Checking image 2 crop x1 291
1610012101775859848 : Checking image 2 crop y1 330
1610012101775929849 : Checking image 2 crop x2 2316
1610012101775998151 : Checking image 2 crop y2 3217
1610012101776307757 : Checking image 1 border top 0
1610012101776378758 : Checking image 1 border bottom 0
1610012101776444659 : Checking image 1 border left 0
1610012101776503560 : Checking image 1 border right 0
1610012101776589662 : Checking image 2 dpi 300
1610012101776704264 : Checking image 2 border top 322
1610012101776765765 : Checking image 2 border bottom 278
1610012101776825766 : Checking image 2 border left 217
1610012101776885567 : Checking image 2 border right 217

</system-out><system-err>--------------------------------- Captured Err ---------------------------------

</system-err></testcase><testcase classname="tests.test_images" name="test_failed_split_line_line_algo_3_png" time="16.150"><system-out>--------------------------------- Captured Log ---------------------------------

--------------------------------- Captured Out ---------------------------------
/home/runner/work/ocr-book/ocr-book/tests/failed_split_line_line_algo_3.png
1610012095812034191 : Checking separation double page angle 90.0
1610012095812179193 : Checking separation double page y=0 40
1610012095897698312 : Checking page rotation 1 0.0
1610012096665214940 : Checking page rotation 2 -0.04999999999999689
1610012097126650574 : Checking image 1 crop x1 0
1610012097126759676 : Checking image 1 crop y1 0
1610012097126792576 : Checking image 1 crop x2 0
1610012097126823777 : Checking image 1 crop y2 0
1610012099211127719 : Checking image 2 crop x1 247
1610012099211252621 : Checking image 2 crop y1 153
1610012099211288822 : Checking image 2 crop x2 2260
1610012099211324423 : Checking image 2 crop y2 3360
1610012099211498426 : Checking image 1 border top 0
1610012099211537727 : Checking image 1 border bottom 0
1610012099211571327 : Checking image 1 border left 0
1610012099211604228 : Checking image 1 border right 0
1610012099211650229 : Checking image 2 dpi 300
1610012099211719130 : Checking image 2 border top 144
1610012099211752531 : Checking image 2 border bottom 136
1610012099211784431 : Checking image 2 border left 223
1610012099211816432 : Checking image 2 border right 223

</system-out><system-err>--------------------------------- Captured Err ---------------------------------

</system-err></testcase></testsuite></testsuites>