<?xml version="1.0" encoding="utf-8"?><testsuites><testsuite errors="0" failures="0" hostname="travis-job-2da3e588-e88d-4610-90f1-2ecd65be80ba" name="pytest" skipped="0" tests="6" time="349.982" timestamp="2020-10-26T19:41:46.523540"><testcase classname="tests.test_images" name="test_0001_png" time="56.810"><system-out>--------------------------------- Captured Log ---------------------------------

--------------------------------- Captured Out ---------------------------------
0001.png
1603741335557351424 : Checking separation double page angle 90.53612386503231
1603741335557454336 : Checking separation double page y=0 2484
1603741347387331584 : Checking page rotation 1 0.7000000000000001
1603741361858622464 : Checking page rotation 2 0.2
1603741362661498880 : Checking image 1 crop x1 332
1603741362661585152 : Checking image 1 crop y1 336
1603741362661619712 : Checking image 1 crop x2 2343
1603741362661652736 : Checking image 1 crop y2 3223
1603741363464637696 : Checking image 2 crop x1 170
1603741363464721152 : Checking image 2 crop y1 649
1603741363464755456 : Checking image 2 crop x2 2184
1603741363464787968 : Checking image 2 crop y2 3360
1603741363517510912 : Checking image 1 dpi 300
1603741363517639680 : Checking image 1 border top 325
1603741363517671424 : Checking image 1 border bottom 275
1603741363517700608 : Checking image 1 border left 224
1603741363517728000 : Checking image 1 border right 224
1603741363519514368 : Checking image 2 dpi 300
1603741363519633408 : Checking image 2 border top 672
1603741363519673088 : Checking image 2 border bottom 104
1603741363519704576 : Checking image 2 border left 223
1603741363519732224 : Checking image 2 border right 223

</system-out><system-err>--------------------------------- Captured Err ---------------------------------

</system-err></testcase><testcase classname="tests.test_images" name="test_2_pages_2_contours_png" time="32.486"><system-out>--------------------------------- Captured Log ---------------------------------

--------------------------------- Captured Out ---------------------------------
2-pages-2-contours.png
1603741383387713280 : Checking separation double page angle 90.31589922976053
1603741383387806976 : Checking separation double page y=0 2488
1603741385245591808 : Checking page rotation 1 0.0
1603741394652334848 : Checking page rotation 2 0.4
1603741395263371776 : Checking image 1 crop x1 1181
1603741395263446016 : Checking image 1 crop y1 1722
1603741395263475968 : Checking image 1 crop x2 1182
1603741395263504128 : Checking image 1 crop y2 1723
1603741395990304512 : Checking image 2 crop x1 114
1603741395990401024 : Checking image 2 crop y1 241
1603741395990436352 : Checking image 2 crop x2 2159
1603741395990470144 : Checking image 2 crop y2 3239
1603741396017054464 : Checking image 1 dpi 300
1603741396017156352 : Checking image 1 border top 1752
1603741396017187328 : Checking image 1 border bottom 1753
1603741396017215744 : Checking image 1 border left 1239
1603741396017243648 : Checking image 1 border right 1239
1603741396018307840 : Checking image 2 dpi 300
1603741396018414080 : Checking image 2 border top 231
1603741396018444288 : Checking image 2 border bottom 258
1603741396018472704 : Checking image 2 border left 207
1603741396018500352 : Checking image 2 border right 207

</system-out><system-err>--------------------------------- Captured Err ---------------------------------

</system-err></testcase><testcase classname="tests.test_images" name="test_black_border_not_removed_png" time="68.980"><system-out>--------------------------------- Captured Log ---------------------------------

--------------------------------- Captured Out ---------------------------------
black-border-not-removed.png
1603741434121627392 : Checking separation double page angle 90.01632670636354
1603741434121724928 : Checking separation double page y=0 2455
1603741446066384896 : Checking page rotation 1 0.0
1603741463301856512 : Checking page rotation 2 0.0
1603741464105701376 : Checking image 1 crop x1 298
1603741464105782272 : Checking image 1 crop y1 144
1603741464105816064 : Checking image 1 crop x2 2308
1603741464105848064 : Checking image 1 crop y2 3346
1603741464936722432 : Checking image 2 crop x1 158
1603741464936808192 : Checking image 2 crop y1 146
1603741464936842240 : Checking image 2 crop x2 2169
1603741464936875520 : Checking image 2 crop y2 3351
1603741464991422208 : Checking image 1 dpi 300
1603741464991555584 : Checking image 1 border top 129
1603741464991586560 : Checking image 1 border bottom 156
1603741464991614720 : Checking image 1 border left 225
1603741464991642624 : Checking image 1 border right 225
1603741464993507072 : Checking image 2 dpi 300
1603741464993614592 : Checking image 2 border top 131
1603741464993644032 : Checking image 2 border bottom 151
1603741464993672192 : Checking image 2 border left 224
1603741464993699328 : Checking image 2 border right 224

</system-out><system-err>--------------------------------- Captured Err ---------------------------------

</system-err></testcase><testcase classname="tests.test_images" name="test_image_failed_to_rotate_png" time="89.801"><system-out>--------------------------------- Captured Log ---------------------------------

--------------------------------- Captured Out ---------------------------------
image_failed_to_rotate.png
1603741503600080384 : Checking separation double page angle 90.49464849303612
1603741503600180992 : Checking separation double page y=0 2487
1603741508559758592 : Checking page rotation 1 0.30000000000000004
1603741520238327552 : Checking page rotation 2 0.45
1603741553723812352 : Checking image 1 crop x1 86
1603741553723955456 : Checking image 1 crop y1 6
1603741553723995904 : Checking image 1 crop x2 2456
1603741553724029440 : Checking image 1 crop y2 3483
1603741554571893760 : Checking image 2 crop x1 183
1603741554572007424 : Checking image 2 crop y1 235
1603741554572045312 : Checking image 2 crop x2 2261
1603741554572078080 : Checking image 2 crop y2 3355
1603741554713495296 : Checking image 1 dpi 300
1603741554713622016 : Checking image 1 border top 15
1603741554713654272 : Checking image 1 border bottom 15
1603741554713683712 : Checking image 1 border left 55
1603741554713711872 : Checking image 1 border right 55
1603741554715665152 : Checking image 2 dpi 300
1603741554715774720 : Checking image 2 border top 207
1603741554715804416 : Checking image 2 border bottom 160
1603741554715833344 : Checking image 2 border left 191
1603741554715860992 : Checking image 2 border right 191

</system-out><system-err>--------------------------------- Captured Err ---------------------------------

</system-err></testcase><testcase classname="tests.test_images" name="test_image_failed_to_crop_data_png" time="57.784"><system-out>--------------------------------- Captured Log ---------------------------------

--------------------------------- Captured Out ---------------------------------
image_failed_to_crop_data.png
1603741582718083840 : Checking separation double page angle 90.16303976362025
1603741582718178304 : Checking separation double page y=0 2485
1603741588374880768 : Checking page rotation 1 0.0
1603741597432436992 : Checking page rotation 2 0.15000000000000002
1603741611689470976 : Checking image 1 crop x1 116
1603741611689563136 : Checking image 1 crop y1 7
1603741611689598208 : Checking image 1 crop x2 2476
1603741611689630720 : Checking image 1 crop y2 3503
1603741612442994176 : Checking image 2 crop x1 164
1603741612443075072 : Checking image 2 crop y1 220
1603741612443109632 : Checking image 2 crop x2 2241
1603741612443142912 : Checking image 2 crop y2 3348
1603741612542523136 : Checking image 1 dpi 300
1603741612542658304 : Checking image 1 border top 5
1603741612542689536 : Checking image 1 border bottom 5
1603741612542717952 : Checking image 1 border left 55
1603741612542746368 : Checking image 1 border right 55
1603741612544463616 : Checking image 2 dpi 300
1603741612544582400 : Checking image 2 border top 212
1603741612544612352 : Checking image 2 border bottom 147
1603741612544641024 : Checking image 2 border left 191
1603741612544668928 : Checking image 2 border right 191

</system-out><system-err>--------------------------------- Captured Err ---------------------------------

</system-err></testcase><testcase classname="tests.test_images" name="test_disabled_enable_debug" time="43.034"><system-out>--------------------------------- Captured Log ---------------------------------

--------------------------------- Captured Out ---------------------------------
0001.png
separation double page angle 90.53612386503231
separation double page y=0 2484
page rotation 1 0.7000000000000001
page rotation 2 0.2
image 1 crop x1 332
image 1 crop y1 336
image 1 crop x2 2343
image 1 crop y2 3223
image 2 crop x1 170
image 2 crop y1 649
image 2 crop x2 2184
image 2 crop y2 3360
image 1 dpi 300
image 1 border top 325
image 1 border bottom 275
image 1 border left 224
image 1 border right 224
image 2 dpi 300
image 2 border top 672
image 2 border bottom 104
image 2 border left 223
image 2 border right 223

</system-out><system-err>--------------------------------- Captured Err ---------------------------------

</system-err></testcase></testsuite></testsuites>