<?xml version="1.0" encoding="utf-8"?><testsuites><testsuite name="pytest" errors="0" failures="0" skipped="0" tests="26" time="693.584" timestamp="2020-11-30T14:38:11.706340" hostname="fv-az121-732"><testcase classname="tests.test_features" name="test_mock_stop_at_0" time="0.051"><system-out>--------------------------------- Captured Log ---------------------------------

--------------------------------- Captured Out ---------------------------------
/home/runner/work/ocr-book/ocr-book/tests/0001_0.png

</system-out><system-err>--------------------------------- Captured Err ---------------------------------

</system-err></testcase><testcase classname="tests.test_features" name="test_disabled_enable_debug" time="34.673"><system-out>--------------------------------- Captured Log ---------------------------------

--------------------------------- Captured Out ---------------------------------
/home/runner/work/ocr-book/ocr-book/tests/0001_debug.png
separation double page angle 90.5847895821894
separation double page y=0 2487
page rotation 1 0.75
page rotation 2 0.2
image 1 crop x1 330
image 1 crop y1 336
image 1 crop x2 2343
image 1 crop y2 3223
image 2 crop x1 169
image 2 crop y1 648
image 2 crop x2 2186
image 2 crop y2 3361
image 1 dpi 300
image 1 border top 340
image 1 border bottom 260
image 1 border left 223
image 1 border right 223
image 2 dpi 300
image 2 border top 646
image 2 border bottom 128
image 2 border left 221
image 2 border right 221

</system-out><system-err>--------------------------------- Captured Err ---------------------------------

</system-err></testcase><testcase classname="tests.test_features" name="test_mock_stop_at_2" time="41.772"><system-out>--------------------------------- Captured Log ---------------------------------

--------------------------------- Captured Out ---------------------------------
/home/runner/work/ocr-book/ocr-book/tests/0001_2.png
separation double page angle 90.5847895821894
separation double page y=0 2487
page rotation 1 0.75
page rotation 2 0.2

</system-out><system-err>--------------------------------- Captured Err ---------------------------------

</system-err></testcase><testcase classname="tests.test_features" name="test_mock_stop_at_1" time="26.799"><system-out>--------------------------------- Captured Log ---------------------------------

--------------------------------- Captured Out ---------------------------------
/home/runner/work/ocr-book/ocr-book/tests/0001_1.png
separation double page angle 90.5847895821894
separation double page y=0 2487

</system-out><system-err>--------------------------------- Captured Err ---------------------------------

</system-err></testcase><testcase classname="tests.test_features" name="test_mock_stop_at_4" time="47.173"><system-out>--------------------------------- Captured Log ---------------------------------

--------------------------------- Captured Out ---------------------------------
/home/runner/work/ocr-book/ocr-book/tests/0001_4.png
separation double page angle 90.5847895821894
separation double page y=0 2487
page rotation 1 0.75
page rotation 2 0.2
image 1 crop x1 330
image 1 crop y1 336
image 1 crop x2 2343
image 1 crop y2 3223
image 2 crop x1 169
image 2 crop y1 648
image 2 crop x2 2186
image 2 crop y2 3361
image 1 dpi 300
image 1 border top 340
image 1 border bottom 260
image 1 border left 223
image 1 border right 223
image 2 dpi 300
image 2 border top 646
image 2 border bottom 128
image 2 border left 221
image 2 border right 221

</system-out><system-err>--------------------------------- Captured Err ---------------------------------

</system-err></testcase><testcase classname="tests.test_features" name="test_mock_stop_at_3" time="46.909"><system-out>--------------------------------- Captured Log ---------------------------------

--------------------------------- Captured Out ---------------------------------
/home/runner/work/ocr-book/ocr-book/tests/0001_3.png
separation double page angle 90.5847895821894
separation double page y=0 2487
page rotation 1 0.75
page rotation 2 0.2
image 1 crop x1 330
image 1 crop y1 336
image 1 crop x2 2343
image 1 crop y2 3223
image 2 crop x1 169
image 2 crop y1 648
image 2 crop x2 2186
image 2 crop y2 3361

</system-out><system-err>--------------------------------- Captured Err ---------------------------------

</system-err></testcase><testcase classname="tests.test_features" name="test_mock_stop_at_5" time="46.152"><system-out>--------------------------------- Captured Log ---------------------------------

--------------------------------- Captured Out ---------------------------------
/home/runner/work/ocr-book/ocr-book/tests/0001_5.png
separation double page angle 90.5847895821894
separation double page y=0 2487
page rotation 1 0.75
page rotation 2 0.2
image 1 crop x1 330
image 1 crop y1 336
image 1 crop x2 2343
image 1 crop y2 3223
image 2 crop x1 169
image 2 crop y1 648
image 2 crop x2 2186
image 2 crop y2 3361
image 1 dpi 300
image 1 border top 340
image 1 border bottom 260
image 1 border left 223
image 1 border right 223
image 2 dpi 300
image 2 border top 646
image 2 border bottom 128
image 2 border left 221
image 2 border right 221

</system-out><system-err>--------------------------------- Captured Err ---------------------------------

</system-err></testcase><testcase classname="tests.test_images" name="test_image_failed_to_rotate_png" time="57.614"><system-out>--------------------------------- Captured Log ---------------------------------

--------------------------------- Captured Out ---------------------------------
/home/runner/work/ocr-book/ocr-book/tests/image_failed_to_rotate.png
1606747229115704202 : Checking separation double page angle 90.18772783206224
1606747229115807510 : Checking separation double page y=0 2482
1606747234547040916 : Checking page rotation 1 0.35000000000000003
1606747242527194636 : Checking page rotation 2 0.45
1606747254041662949 : Checking image 1 crop x1 34
1606747254041782258 : Checking image 1 crop y1 1
1606747254041825361 : Checking image 1 crop x2 2480
1606747254041864364 : Checking image 1 crop y2 3500
1606747258609173512 : Checking image 2 crop x1 168
1606747258609307522 : Checking image 2 crop y1 234
1606747258609354625 : Checking image 2 crop x2 2247
1606747258609398528 : Checking image 2 crop y2 3355
1606747258654149942 : Checking image 1 dpi 300
1606747258654266651 : Checking image 1 border top 4
1606747258654303953 : Checking image 1 border bottom 4
1606747258654337256 : Checking image 1 border left 17
1606747258654370358 : Checking image 1 border right 17
1606747258656998147 : Checking image 2 dpi 300
1606747258657089153 : Checking image 2 border top 220
1606747258657123256 : Checking image 2 border bottom 146
1606747258657156458 : Checking image 2 border left 190
1606747258657188961 : Checking image 2 border right 190

</system-out><system-err>--------------------------------- Captured Err ---------------------------------

</system-err></testcase><testcase classname="tests.test_images" name="test_0001_png" time="46.465"><system-out>--------------------------------- Captured Log ---------------------------------

--------------------------------- Captured Out ---------------------------------
/home/runner/work/ocr-book/ocr-book/tests/0001.png
1606747253601028921 : Checking separation double page angle 90.5847895821894
1606747253601141229 : Checking separation double page y=0 2487
1606747260427369511 : Checking page rotation 1 0.75
1606747268364841690 : Checking page rotation 2 0.2
1606747271311822931 : Checking image 1 crop x1 330
1606747271311939239 : Checking image 1 crop y1 336
1606747271311985443 : Checking image 1 crop x2 2343
1606747271312026745 : Checking image 1 crop y2 3223
1606747274388374396 : Checking image 2 crop x1 169
1606747274388486403 : Checking image 2 crop y1 648
1606747274388534306 : Checking image 2 crop x2 2186
1606747274388575009 : Checking image 2 crop y2 3361
1606747274424604154 : Checking image 1 dpi 300
1606747274424709261 : Checking image 1 border top 340
1606747274424746764 : Checking image 1 border bottom 260
1606747274424782866 : Checking image 1 border left 223
1606747274424817669 : Checking image 1 border right 223
1606747274427419245 : Checking image 2 dpi 300
1606747274427506251 : Checking image 2 border top 646
1606747274427541253 : Checking image 2 border bottom 128
1606747274427574756 : Checking image 2 border left 221
1606747274427608458 : Checking image 2 border right 221

</system-out><system-err>--------------------------------- Captured Err ---------------------------------

</system-err></testcase><testcase classname="tests.test_images" name="test_image_failed_to_crop_data_png" time="56.170"><system-out>--------------------------------- Captured Log ---------------------------------

--------------------------------- Captured Out ---------------------------------
/home/runner/work/ocr-book/ocr-book/tests/image_failed_to_crop_data.png
1606747287107170743 : Checking separation double page angle 89.89865840161842
1606747287107266050 : Checking separation double page y=0 2477
1606747293220273152 : Checking page rotation 1 -0.14999999999999147
1606747299564268416 : Checking page rotation 2 0.05
1606747310883745152 : Checking image 1 crop x1 43
1606747310883826057 : Checking image 1 crop y1 6
1606747310883861559 : Checking image 1 crop x2 2481
1606747310883894661 : Checking image 1 crop y2 3504
1606747314824918370 : Checking image 2 crop x1 160
1606747314825045178 : Checking image 2 crop y1 217
1606747314825088980 : Checking image 2 crop x2 2241
1606747314825132583 : Checking image 2 crop y2 3350
1606747314864232524 : Checking image 1 dpi 300
1606747314864342531 : Checking image 1 border top 5
1606747314864382233 : Checking image 1 border bottom 5
1606747314864415535 : Checking image 1 border left 21
1606747314864448437 : Checking image 1 border right 21
1606747314867080995 : Checking image 2 dpi 300
1606747314867176901 : Checking image 2 border top 224
1606747314867214603 : Checking image 2 border bottom 130
1606747314867247305 : Checking image 2 border left 189
1606747314867280207 : Checking image 2 border right 189

</system-out><system-err>--------------------------------- Captured Err ---------------------------------

</system-err></testcase><testcase classname="tests.test_images" name="test_2_pages_2_contours_png" time="29.822"><system-out>--------------------------------- Captured Log ---------------------------------

--------------------------------- Captured Out ---------------------------------
/home/runner/work/ocr-book/ocr-book/tests/2-pages-2-contours.png
1606747290757100550 : Checking separation double page angle 89.9226294011526
1606747290757192556 : Checking separation double page y=0 2492
1606747293154573063 : Checking page rotation 1 0.05
1606747299627997704 : Checking page rotation 2 0.35000000000000003
1606747300646373417 : Checking image 1 crop x1 1191
1606747300646471123 : Checking image 1 crop y1 1733
1606747300646509325 : Checking image 1 crop x2 1192
1606747300646542027 : Checking image 1 crop y2 1734
1606747304231356504 : Checking image 2 crop x1 89
1606747304231474412 : Checking image 2 crop y1 240
1606747304231520214 : Checking image 2 crop x2 2136
1606747304231562417 : Checking image 2 crop y2 3239
1606747304267487132 : Checking image 1 dpi 300
1606747304267582838 : Checking image 1 border top 1752
1606747304267620240 : Checking image 1 border bottom 1753
1606747304267655442 : Checking image 1 border left 1239
1606747304267689544 : Checking image 1 border right 1239
1606747304269170235 : Checking image 2 dpi 300
1606747304269249440 : Checking image 2 border top 231
1606747304269284343 : Checking image 2 border bottom 257
1606747304269317545 : Checking image 2 border left 206
1606747304269350947 : Checking image 2 border right 206

</system-out><system-err>--------------------------------- Captured Err ---------------------------------

</system-err></testcase><testcase classname="tests.test_images" name="test_black_border_not_removed_png" time="53.175"><system-out>--------------------------------- Captured Log ---------------------------------

--------------------------------- Captured Out ---------------------------------
/home/runner/work/ocr-book/ocr-book/tests/black-border-not-removed.png
1606747333438532423 : Checking separation double page angle 90.02912890873039
1606747333438625428 : Checking separation double page y=0 2456
1606747339938255602 : Checking page rotation 1 0.0
1606747349397606338 : Checking page rotation 2 0.0
1606747352553936851 : Checking image 1 crop x1 297
1606747352554019455 : Checking image 1 crop y1 143
1606747352554061257 : Checking image 1 crop x2 2309
1606747352554101160 : Checking image 1 crop y2 3346
1606747357395538279 : Checking image 2 crop x1 157
1606747357395657986 : Checking image 2 crop y1 145
1606747357395703088 : Checking image 2 crop x2 2169
1606747357395744990 : Checking image 2 crop y2 3352
1606747357436396373 : Checking image 1 dpi 300
1606747357436508479 : Checking image 1 border top 130
1606747357436543381 : Checking image 1 border bottom 154
1606747357436576382 : Checking image 1 border left 224
1606747357436608084 : Checking image 1 border right 224
1606747357438711097 : Checking image 2 dpi 300
1606747357438790701 : Checking image 2 border top 139
1606747357438827103 : Checking image 2 border bottom 141
1606747357438860605 : Checking image 2 border left 224
1606747357438894207 : Checking image 2 border right 224

</system-out><system-err>--------------------------------- Captured Err ---------------------------------

</system-err></testcase><testcase classname="tests.test_images" name="test_wrong_angle_split_line_png" time="63.520"><system-out>--------------------------------- Captured Log ---------------------------------

--------------------------------- Captured Out ---------------------------------
/home/runner/work/ocr-book/ocr-book/tests/wrong_angle_split_line.png
1606747344665659038 : Checking separation double page angle 90.00846714570578
1606747344665753744 : Checking separation double page y=0 2478
1606747352594950478 : Checking page rotation 1 0.1
1606747360310632007 : Checking page rotation 2 0.2
1606747372379699615 : Checking image 1 crop x1 58
1606747372379828222 : Checking image 1 crop y1 6
1606747372379870624 : Checking image 1 crop x2 2476
1606747372379909726 : Checking image 1 crop y2 3501
1606747377500372614 : Checking image 2 crop x1 162
1606747377500512421 : Checking image 2 crop y1 219
1606747377500556924 : Checking image 2 crop x2 2238
1606747377500600326 : Checking image 2 crop y2 3348
1606747377677768640 : Checking image 1 dpi 300
1606747377677879245 : Checking image 1 border top 6
1606747377677918948 : Checking image 1 border bottom 6
1606747377677952449 : Checking image 1 border left 31
1606747377677986351 : Checking image 1 border right 31
1606747377685186221 : Checking image 2 dpi 300
1606747377685297527 : Checking image 2 border top 211
1606747377685332929 : Checking image 2 border bottom 147
1606747377685366231 : Checking image 2 border left 192
1606747377685399332 : Checking image 2 border right 192

</system-out><system-err>--------------------------------- Captured Err ---------------------------------

</system-err></testcase><testcase classname="tests.test_images" name="test_angle_page_lower_split_line_png" time="51.598"><system-out>--------------------------------- Captured Log ---------------------------------

--------------------------------- Captured Out ---------------------------------
/home/runner/work/ocr-book/ocr-book/tests/angle_page_lower_split_line.png
1606747386634168966 : Checking separation double page angle 89.73507328913124
1606747386634263171 : Checking separation double page y=0 2473
1606747396006936950 : Checking page rotation 1 -0.3999999999999915
1606747403477669274 : Checking page rotation 2 0.2
1606747406316655374 : Checking image 1 crop x1 244
1606747406316772779 : Checking image 1 crop y1 160
1606747406316817782 : Checking image 1 crop x2 2350
1606747406316859884 : Checking image 1 crop y2 3365
1606747408996008964 : Checking image 2 crop x1 151
1606747408996132370 : Checking image 2 crop y1 147
1606747408996175372 : Checking image 2 crop x2 2258
1606747408996214274 : Checking image 2 crop y2 3350
1606747409033950106 : Checking image 1 dpi 300
1606747409034048610 : Checking image 1 border top 130
1606747409034102513 : Checking image 1 border bottom 151
1606747409034138315 : Checking image 1 border left 177
1606747409034174016 : Checking image 1 border right 177
1606747409036502029 : Checking image 2 dpi 300
1606747409036586733 : Checking image 2 border top 116
1606747409036621135 : Checking image 2 border bottom 168
1606747409036664437 : Checking image 2 border left 176
1606747409036695539 : Checking image 2 border right 176

</system-out><system-err>--------------------------------- Captured Err ---------------------------------

</system-err></testcase><testcase classname="tests.test_images" name="test_crop_too_much_png" time="72.602"><system-out>--------------------------------- Captured Log ---------------------------------

--------------------------------- Captured Out ---------------------------------
/home/runner/work/ocr-book/ocr-book/tests/crop_too_much.png
1606747417666266346 : Checking separation double page angle 90.1368362370825
1606747417666360150 : Checking separation double page y=0 2453
1606747429526209374 : Checking page rotation 1 0.0
1606747441984476369 : Checking page rotation 2 0.45
1606747446821820831 : Checking image 1 crop x1 303
1606747446821955637 : Checking image 1 crop y1 148
1606747446822000039 : Checking image 1 crop x2 2313
1606747446822041841 : Checking image 1 crop y2 3351
1606747451003819885 : Checking image 2 crop x1 170
1606747451003957391 : Checking image 2 crop y1 155
1606747451004001893 : Checking image 2 crop x2 2181
1606747451004044795 : Checking image 2 crop y2 3359
1606747451054241086 : Checking image 1 dpi 300
1606747451054350290 : Checking image 1 border top 131
1606747451054388592 : Checking image 1 border bottom 153
1606747451054422194 : Checking image 1 border left 225
1606747451054455395 : Checking image 1 border right 225
1606747451056477788 : Checking image 2 dpi 300
1606747451056562191 : Checking image 2 border top 139
1606747451056597293 : Checking image 2 border bottom 144
1606747451056629795 : Checking image 2 border left 224
1606747451056667696 : Checking image 2 border right 224

</system-out><system-err>--------------------------------- Captured Err ---------------------------------

</system-err></testcase><testcase classname="tests.test_images" name="test_wrong_split_line_png" time="38.011"><system-out>--------------------------------- Captured Log ---------------------------------

--------------------------------- Captured Out ---------------------------------
/home/runner/work/ocr-book/ocr-book/tests/wrong_split_line.png
1606747429957421349 : Checking separation double page angle 89.85811715007924
1606747429957506653 : Checking separation double page y=0 2463
1606747435625340182 : Checking page rotation 1 -0.14999999999999147
1606747442383545794 : Checking page rotation 2 0.65
1606747444633893749 : Checking image 1 crop x1 213
1606747444634011954 : Checking image 1 crop y1 157
1606747444634058056 : Checking image 1 crop x2 2323
1606747444634100458 : Checking image 1 crop y2 3362
1606747447018404357 : Checking image 2 crop x1 126
1606747447018521563 : Checking image 2 crop y1 167
1606747447018566865 : Checking image 2 crop x2 2237
1606747447018609967 : Checking image 2 crop y2 3372
1606747447055608464 : Checking image 1 dpi 300
1606747447055712868 : Checking image 1 border top 115
1606747447055750970 : Checking image 1 border bottom 167
1606747447055787372 : Checking image 1 border left 175
1606747447055821973 : Checking image 1 border right 175
1606747447058085577 : Checking image 2 dpi 300
1606747447058162981 : Checking image 2 border top 142
1606747447058197282 : Checking image 2 border bottom 140
1606747447058230084 : Checking image 2 border left 174
1606747447058263585 : Checking image 2 border right 174

</system-out><system-err>--------------------------------- Captured Err ---------------------------------

</system-err></testcase><testcase classname="tests.test_images" name="test_crop_too_much_2_png" time="75.523"><system-out>--------------------------------- Captured Log ---------------------------------

--------------------------------- Captured Out ---------------------------------
/home/runner/work/ocr-book/ocr-book/tests/crop_too_much_2.png
1606747488048751592 : Checking separation double page angle 90.2140878077005
1606747488048846897 : Checking separation double page y=0 2477
1606747499207844365 : Checking page rotation 1 0.2
1606747513727572016 : Checking page rotation 2 0.2
1606747517629937163 : Checking image 1 crop x1 332
1606747517630037568 : Checking image 1 crop y1 131
1606747517630079670 : Checking image 1 crop x2 2342
1606747517630119671 : Checking image 1 crop y2 3336
1606747522489868470 : Checking image 2 crop x1 169
1606747522489985075 : Checking image 2 crop y1 139
1606747522490030577 : Checking image 2 crop x2 2182
1606747522490072879 : Checking image 2 crop y2 3345
1606747522546186462 : Checking image 1 dpi 300
1606747522546294067 : Checking image 1 border top 116
1606747522546331468 : Checking image 1 border bottom 166
1606747522546366570 : Checking image 1 border left 225
1606747522546400171 : Checking image 1 border right 225
1606747522548271951 : Checking image 2 dpi 300
1606747522548359155 : Checking image 2 border top 133
1606747522548393356 : Checking image 2 border bottom 148
1606747522548426657 : Checking image 2 border left 223
1606747522548460359 : Checking image 2 border right 223

</system-out><system-err>--------------------------------- Captured Err ---------------------------------

</system-err></testcase><testcase classname="tests.test_images" name="test_crop_too_few_png" time="42.418"><system-out>--------------------------------- Captured Log ---------------------------------

--------------------------------- Captured Out ---------------------------------
/home/runner/work/ocr-book/ocr-book/tests/crop_too_few.png
1606747476910313410 : Checking separation double page angle 89.39070489155964
1606747476910407814 : Checking separation double page y=0 2510
1606747483097985380 : Checking page rotation 1 -0.75
1606747489239016675 : Checking page rotation 2 0.0
1606747491625428919 : Checking image 1 crop x1 265
1606747491625560925 : Checking image 1 crop y1 152
1606747491625604827 : Checking image 1 crop x2 2375
1606747491625646129 : Checking image 1 crop y2 3356
1606747493465232222 : Checking image 2 crop x1 139
1606747493465355628 : Checking image 2 crop y1 141
1606747493465399630 : Checking image 2 crop x2 2261
1606747493465443731 : Checking image 2 crop y2 3345
1606747493499967535 : Checking image 1 dpi 300
1606747493500076040 : Checking image 1 border top 116
1606747493500113141 : Checking image 1 border bottom 167
1606747493500146843 : Checking image 1 border left 175
1606747493500180244 : Checking image 1 border right 175
1606747493502323838 : Checking image 2 dpi 300
1606747493502399841 : Checking image 2 border top 140
1606747493502434142 : Checking image 2 border bottom 143
1606747493502466744 : Checking image 2 border left 169
1606747493502499945 : Checking image 2 border right 169

</system-out><system-err>--------------------------------- Captured Err ---------------------------------

</system-err></testcase><testcase classname="tests.test_images" name="test_small_wave_png" time="65.458"><system-out>--------------------------------- Captured Log ---------------------------------

--------------------------------- Captured Out ---------------------------------
/home/runner/work/ocr-book/ocr-book/tests/small_wave.png
1606747532621187405 : Checking separation double page angle 90.61699923686102
1606747532621281209 : Checking separation double page y=0 2495
1606747543535818360 : Checking page rotation 1 0.7000000000000001
1606747553682170342 : Checking page rotation 2 0.7000000000000001
1606747556195594700 : Checking image 1 crop x1 322
1606747556195727305 : Checking image 1 crop y1 199
1606747556195771707 : Checking image 1 crop x2 2351
1606747556195814609 : Checking image 1 crop y2 3394
1606747558887847504 : Checking image 2 crop x1 135
1606747558887982810 : Checking image 2 crop y1 223
1606747558888028612 : Checking image 2 crop x2 2164
1606747558888073114 : Checking image 2 crop y2 3419
1606747558931125497 : Checking image 1 dpi 300
1606747558931240902 : Checking image 1 border top 177
1606747558931278104 : Checking image 1 border bottom 115
1606747558931311005 : Checking image 1 border left 215
1606747558931376108 : Checking image 1 border right 215
1606747558933460994 : Checking image 2 dpi 300
1606747558933540097 : Checking image 2 border top 191
1606747558933574199 : Checking image 2 border bottom 100
1606747558933606600 : Checking image 2 border left 215
1606747558933639201 : Checking image 2 border right 215

</system-out><system-err>--------------------------------- Captured Err ---------------------------------

</system-err></testcase><testcase classname="tests.test_images" name="test_wrong_split_line_2_png" time="87.952"><system-out>--------------------------------- Captured Log ---------------------------------

--------------------------------- Captured Out ---------------------------------
/home/runner/work/ocr-book/ocr-book/tests/wrong_split_line_2.png
1606747571576712627 : Checking separation double page angle 90.39217497633973
1606747571576811231 : Checking separation double page y=0 2442
1606747583321242029 : Checking page rotation 1 0.2
1606747594703554666 : Checking page rotation 2 0.35000000000000003
1606747601656434584 : Checking image 1 crop x1 294
1606747601656551889 : Checking image 1 crop y1 136
1606747601656596991 : Checking image 1 crop x2 2325
1606747601656636993 : Checking image 1 crop y2 3376
1606747610463997023 : Checking image 2 crop x1 146
1606747610464113328 : Checking image 2 crop y1 193
1606747610464159030 : Checking image 2 crop x2 2175
1606747610464201431 : Checking image 2 crop y2 3387
1606747610514291353 : Checking image 1 dpi 300
1606747610514393457 : Checking image 1 border top 128
1606747610514431459 : Checking image 1 border bottom 119
1606747610514466760 : Checking image 1 border left 214
1606747610514500562 : Checking image 1 border right 214
1606747610516556944 : Checking image 2 dpi 300
1606747610516635748 : Checking image 2 border top 184
1606747610516670049 : Checking image 2 border bottom 109
1606747610516702650 : Checking image 2 border left 215
1606747610516736252 : Checking image 2 border right 215

</system-out><system-err>--------------------------------- Captured Err ---------------------------------

</system-err></testcase><testcase classname="tests.test_images" name="test_wrong_split_line_3_png" time="56.347"><system-out>--------------------------------- Captured Log ---------------------------------

--------------------------------- Captured Out ---------------------------------
/home/runner/work/ocr-book/ocr-book/tests/wrong_split_line_3.png
1606747591917167255 : Checking separation double page angle 90.4401067484302
1606747591917258458 : Checking separation double page y=0 2498
1606747601898511592 : Checking page rotation 1 0.30000000000000004
1606747610218404411 : Checking page rotation 2 0.9
1606747612591722162 : Checking image 1 crop x1 331
1606747612591846567 : Checking image 1 crop y1 165
1606747612591889669 : Checking image 1 crop x2 2375
1606747612591932370 : Checking image 1 crop y2 3376
1606747615258699051 : Checking image 2 crop x1 102
1606747615258835056 : Checking image 2 crop y1 208
1606747615258878658 : Checking image 2 crop x2 2133
1606747615258920360 : Checking image 2 crop y2 3413
1606747615299259185 : Checking image 1 dpi 300
1606747615299400890 : Checking image 1 border top 150
1606747615299440192 : Checking image 1 border bottom 126
1606747615299474093 : Checking image 1 border left 208
1606747615299506995 : Checking image 1 border right 208
1606747615301582178 : Checking image 2 dpi 300
1606747615301661481 : Checking image 2 border top 190
1606747615301695683 : Checking image 2 border bottom 92
1606747615301728084 : Checking image 2 border left 214
1606747615301764286 : Checking image 2 border right 214

</system-out><system-err>--------------------------------- Captured Err ---------------------------------

</system-err></testcase><testcase classname="tests.test_images" name="test_wrong_wave_split_line_png" time="75.868"><system-out>--------------------------------- Captured Log ---------------------------------

--------------------------------- Captured Out ---------------------------------
/home/runner/work/ocr-book/ocr-book/tests/wrong_wave_split_line.png
1606747651444375005 : Checking separation double page angle 90.53209588050643
1606747651444469508 : Checking separation double page y=0 2502
1606747662053597142 : Checking page rotation 1 -0.14999999999999147
1606747671712523498 : Checking page rotation 2 0.8500000000000001
1606747680410875083 : Checking image 1 crop x1 385
1606747680410993094 : Checking image 1 crop y1 179
1606747680411038499 : Checking image 1 crop x2 2411
1606747680411080003 : Checking image 1 crop y2 3374
1606747686340026422 : Checking image 2 crop x1 124
1606747686340136233 : Checking image 2 crop y1 58
1606747686340180237 : Checking image 2 crop x2 2410
1606747686340222841 : Checking image 2 crop y2 3392
1606747686391493704 : Checking image 1 dpi 300
1606747686391599314 : Checking image 1 border top 167
1606747686391637118 : Checking image 1 border bottom 124
1606747686391672222 : Checking image 1 border left 217
1606747686391706125 : Checking image 1 border right 217
1606747686393533402 : Checking image 2 dpi 300
1606747686393617010 : Checking image 2 border top 0
1606747686393655614 : Checking image 2 border bottom 163
1606747686393688917 : Checking image 2 border left 92
1606747686393722120 : Checking image 2 border right 92

</system-out><system-err>--------------------------------- Captured Err ---------------------------------

</system-err></testcase><testcase classname="tests.test_images" name="test_no_split_line_line_algo_png" time="48.946"><system-out>--------------------------------- Captured Log ---------------------------------

--------------------------------- Captured Out ---------------------------------
/home/runner/work/ocr-book/ocr-book/tests/no_split_line_line_algo.png
1606747643381922408 : Checking separation double page angle 89.46795930182432
1606747643382015511 : Checking separation double page y=0 2476
1606747648614654200 : Checking page rotation 1 -0.14999999999999147
1606747658668076729 : Checking page rotation 2 -0.44999999999998863
1606747660558303035 : Checking image 1 crop x1 205
1606747660558417639 : Checking image 1 crop y1 158
1606747660558472141 : Checking image 1 crop x2 2320
1606747660558511643 : Checking image 1 crop y2 3366
1606747664206723694 : Checking image 2 crop x1 185
1606747664206857700 : Checking image 2 crop y1 221
1606747664206902201 : Checking image 2 crop x2 2201
1606747664206945903 : Checking image 2 crop y2 3366
1606747664252235798 : Checking image 1 dpi 300
1606747664252348402 : Checking image 1 border top 137
1606747664252386004 : Checking image 1 border bottom 142
1606747664252420105 : Checking image 1 border left 172
1606747664252453406 : Checking image 1 border right 172
1606747664254550290 : Checking image 2 dpi 300
1606747664254627193 : Checking image 2 border top 225
1606747664254664894 : Checking image 2 border bottom 117
1606747664254697195 : Checking image 2 border left 222
1606747664254729697 : Checking image 2 border right 222

</system-out><system-err>--------------------------------- Captured Err ---------------------------------

</system-err></testcase><testcase classname="tests.test_images" name="test_failed_split_line_line_algo_2_png" time="60.912"><system-out>--------------------------------- Captured Log ---------------------------------

--------------------------------- Captured Out ---------------------------------
/home/runner/work/ocr-book/ocr-book/tests/failed_split_line_line_algo_2.png
1606747702251094010 : Checking separation double page angle 89.97500000000001
1606747702251182319 : Checking separation double page y=0 2497
1606747712178116494 : Checking page rotation 1 0.0
1606747719930653459 : Checking page rotation 2 0.6000000000000001
1606747722711252227 : Checking image 1 crop x1 272
1606747722711417542 : Checking image 1 crop y1 149
1606747722711462346 : Checking image 1 crop x2 2383
1606747722711504050 : Checking image 1 crop y2 3353
1606747725118718053 : Checking image 2 crop x1 122
1606747725118845665 : Checking image 2 crop y1 155
1606747725118889369 : Checking image 2 crop x2 2245
1606747725118932572 : Checking image 2 crop y2 3350
1606747725163887396 : Checking image 1 dpi 300
1606747725164001006 : Checking image 1 border top 137
1606747725164040409 : Checking image 1 border bottom 146
1606747725164074212 : Checking image 1 border left 174
1606747725164108415 : Checking image 1 border right 174
1606747725166122796 : Checking image 2 dpi 300
1606747725166198602 : Checking image 2 border top 138
1606747725166232505 : Checking image 2 border bottom 154
1606747725166269809 : Checking image 2 border left 168
1606747725166302412 : Checking image 2 border right 168

</system-out><system-err>--------------------------------- Captured Err ---------------------------------

</system-err></testcase><testcase classname="tests.test_images" name="test_failed_split_line_line_algo_png" time="19.486"><system-out>--------------------------------- Captured Log ---------------------------------

--------------------------------- Captured Out ---------------------------------
/home/runner/work/ocr-book/ocr-book/tests/failed_split_line_line_algo.png
1606747698113277603 : Checking separation double page angle 90.01651175019265
1606747698113364311 : Checking separation double page y=0 2575
1606747701550491000 : Checking page rotation 1 -0.14999999999999147
1606747703787003728 : Checking page rotation 2 0.05
1606747705161114830 : Checking image 1 crop x1 407
1606747705161228240 : Checking image 1 crop y1 2925
1606747705161271044 : Checking image 1 crop x2 2419
1606747705161308348 : Checking image 1 crop y2 3174
1606747705918292325 : Checking image 2 crop x1 1180
1606747705918359531 : Checking image 2 crop y1 1724
1606747705918392134 : Checking image 2 crop x2 1181
1606747705918428637 : Checking image 2 crop y2 1725
1606747705918632856 : Checking image 1 dpi 300
1606747705918701463 : Checking image 1 border top 2930
1606747705918733466 : Checking image 1 border bottom 308
1606747705918765469 : Checking image 1 border left 224
1606747705918796572 : Checking image 1 border right 224
1606747705920281210 : Checking image 2 dpi 300
1606747705920357017 : Checking image 2 border top 1753
1606747705920389220 : Checking image 2 border bottom 1753
1606747705920419423 : Checking image 2 border left 1239
1606747705920450426 : Checking image 2 border right 1239

</system-out><system-err>--------------------------------- Captured Err ---------------------------------

</system-err></testcase><testcase classname="tests.test_images" name="test_crop_too_much_3_png" time="58.301"><system-out>--------------------------------- Captured Log ---------------------------------

--------------------------------- Captured Out ---------------------------------
/home/runner/work/ocr-book/ocr-book/tests/crop_too_much_3.png
1606747757435498689 : Checking separation double page angle 89.5539852553724
1606747757435589297 : Checking separation double page y=0 2499
1606747765122225997 : Checking page rotation 1 -0.9499999999999886
1606747775758164222 : Checking page rotation 2 -0.14999999999999147
1606747779536306417 : Checking image 1 crop x1 373
1606747779536462830 : Checking image 1 crop y1 258
1606747779536506233 : Checking image 1 crop x2 2386
1606747779536547236 : Checking image 1 crop y2 3458
1606747783410656658 : Checking image 2 crop x1 167
1606747783410783868 : Checking image 2 crop y1 228
1606747783410829172 : Checking image 2 crop x2 2180
1606747783410872675 : Checking image 2 crop y2 3417
1606747783461115419 : Checking image 1 dpi 300
1606747783461226428 : Checking image 1 border top 237
1606747783461263531 : Checking image 1 border bottom 50
1606747783461297034 : Checking image 1 border left 223
1606747783461331937 : Checking image 1 border right 223
1606747783463379402 : Checking image 2 dpi 300
1606747783463458408 : Checking image 2 border top 192
1606747783463493311 : Checking image 2 border bottom 106
1606747783463526413 : Checking image 2 border left 223
1606747783463558816 : Checking image 2 border right 223

</system-out><system-err>--------------------------------- Captured Err ---------------------------------

</system-err></testcase></testsuite></testsuites>