<?xml version="1.0" encoding="utf-8"?><testsuites><testsuite errors="0" failures="0" hostname="fv-az121-732" name="pytest" skipped="0" tests="28" time="807.490" timestamp="2020-12-02T16:34:45.808416"><testcase classname="tests.test_features" name="test_disabled_enable_debug" time="39.246"><system-out>--------------------------------- Captured Log ---------------------------------

--------------------------------- Captured Out ---------------------------------
/home/runner/work/ocr-book/ocr-book/tests/0001_debug.png
separation double page angle 90.57780420099763
separation double page y=0 2487
page rotation 1 0.75
page rotation 2 0.2
image 1 crop x1 330
image 1 crop y1 336
image 1 crop x2 2343
image 1 crop y2 3223
image 2 crop x1 169
image 2 crop y1 648
image 2 crop x2 2186
image 2 crop y2 3361
image 1 dpi 300
image 1 border top 340
image 1 border bottom 260
image 1 border left 223
image 1 border right 223
image 2 dpi 300
image 2 border top 646
image 2 border bottom 128
image 2 border left 221
image 2 border right 221

</system-out><system-err>--------------------------------- Captured Err ---------------------------------

</system-err></testcase><testcase classname="tests.test_features" name="test_mock_stop_at_0" time="0.062"><system-out>--------------------------------- Captured Log ---------------------------------

--------------------------------- Captured Out ---------------------------------
/home/runner/work/ocr-book/ocr-book/tests/0001_0.png

</system-out><system-err>--------------------------------- Captured Err ---------------------------------

</system-err></testcase><testcase classname="tests.test_features" name="test_mock_stop_at_2" time="45.443"><system-out>--------------------------------- Captured Log ---------------------------------

--------------------------------- Captured Out ---------------------------------
/home/runner/work/ocr-book/ocr-book/tests/0001_2.png
separation double page angle 90.57780420099763
separation double page y=0 2487
page rotation 1 0.75
page rotation 2 0.2

</system-out><system-err>--------------------------------- Captured Err ---------------------------------

</system-err></testcase><testcase classname="tests.test_features" name="test_mock_stop_at_1" time="31.571"><system-out>--------------------------------- Captured Log ---------------------------------

--------------------------------- Captured Out ---------------------------------
/home/runner/work/ocr-book/ocr-book/tests/0001_1.png
separation double page angle 90.57780420099763
separation double page y=0 2487

</system-out><system-err>--------------------------------- Captured Err ---------------------------------

</system-err></testcase><testcase classname="tests.test_features" name="test_mock_stop_at_4" time="51.971"><system-out>--------------------------------- Captured Log ---------------------------------

--------------------------------- Captured Out ---------------------------------
/home/runner/work/ocr-book/ocr-book/tests/0001_4.png
separation double page angle 90.57780420099763
separation double page y=0 2487
page rotation 1 0.75
page rotation 2 0.2
image 1 crop x1 330
image 1 crop y1 336
image 1 crop x2 2343
image 1 crop y2 3223
image 2 crop x1 169
image 2 crop y1 648
image 2 crop x2 2186
image 2 crop y2 3361
image 1 dpi 300
image 1 border top 340
image 1 border bottom 260
image 1 border left 223
image 1 border right 223
image 2 dpi 300
image 2 border top 646
image 2 border bottom 128
image 2 border left 221
image 2 border right 221

</system-out><system-err>--------------------------------- Captured Err ---------------------------------

</system-err></testcase><testcase classname="tests.test_features" name="test_mock_stop_at_3" time="53.076"><system-out>--------------------------------- Captured Log ---------------------------------

--------------------------------- Captured Out ---------------------------------
/home/runner/work/ocr-book/ocr-book/tests/0001_3.png
separation double page angle 90.57780420099763
separation double page y=0 2487
page rotation 1 0.75
page rotation 2 0.2
image 1 crop x1 330
image 1 crop y1 336
image 1 crop x2 2343
image 1 crop y2 3223
image 2 crop x1 169
image 2 crop y1 648
image 2 crop x2 2186
image 2 crop y2 3361

</system-out><system-err>--------------------------------- Captured Err ---------------------------------

</system-err></testcase><testcase classname="tests.test_images" name="test_0001_png" time="54.200"><system-out>--------------------------------- Captured Log ---------------------------------

--------------------------------- Captured Out ---------------------------------
/home/runner/work/ocr-book/ocr-book/tests/0001.png
1606927016733669155 : Checking separation double page angle 90.57780420099763
1606927016733778261 : Checking separation double page y=0 2487
1606927024086683375 : Checking page rotation 1 0.75
1606927032029236940 : Checking page rotation 2 0.2
1606927035283235748 : Checking image 1 crop x1 330
1606927035283357154 : Checking image 1 crop y1 336
1606927035283400857 : Checking image 1 crop x2 2343
1606927035283439959 : Checking image 1 crop y2 3223
1606927038441197090 : Checking image 2 crop x1 169
1606927038441304496 : Checking image 2 crop y1 648
1606927038441344198 : Checking image 2 crop x2 2186
1606927038441377900 : Checking image 2 crop y2 3361
1606927038473675180 : Checking image 1 dpi 300
1606927038473785485 : Checking image 1 border top 340
1606927038473825288 : Checking image 1 border bottom 260
1606927038473860389 : Checking image 1 border left 223
1606927038473894591 : Checking image 1 border right 223
1606927038476292916 : Checking image 2 dpi 300
1606927038476367520 : Checking image 2 border top 646
1606927038476401022 : Checking image 2 border bottom 128
1606927038476433223 : Checking image 2 border left 221
1606927038476465125 : Checking image 2 border right 221

</system-out><system-err>--------------------------------- Captured Err ---------------------------------

</system-err></testcase><testcase classname="tests.test_features" name="test_mock_stop_at_5" time="51.214"><system-out>--------------------------------- Captured Log ---------------------------------

--------------------------------- Captured Out ---------------------------------
/home/runner/work/ocr-book/ocr-book/tests/0001_5.png
separation double page angle 90.57780420099763
separation double page y=0 2487
page rotation 1 0.75
page rotation 2 0.2
image 1 crop x1 330
image 1 crop y1 336
image 1 crop x2 2343
image 1 crop y2 3223
image 2 crop x1 169
image 2 crop y1 648
image 2 crop x2 2186
image 2 crop y2 3361
image 1 dpi 300
image 1 border top 340
image 1 border bottom 260
image 1 border left 223
image 1 border right 223
image 2 dpi 300
image 2 border top 646
image 2 border bottom 128
image 2 border left 221
image 2 border right 221

</system-out><system-err>--------------------------------- Captured Err ---------------------------------

</system-err></testcase><testcase classname="tests.test_images" name="test_2_pages_2_contours_png" time="33.902"><system-out>--------------------------------- Captured Log ---------------------------------

--------------------------------- Captured Out ---------------------------------
/home/runner/work/ocr-book/ocr-book/tests/2-pages-2-contours.png
1606927059871143377 : Checking separation double page angle 89.91958537671144
1606927059871238082 : Checking separation double page y=0 2492
1606927062075381923 : Checking page rotation 1 0.05
1606927067593015124 : Checking page rotation 2 0.35000000000000003
1606927068549267633 : Checking image 1 crop x1 1191
1606927068549372738 : Checking image 1 crop y1 1733
1606927068549408340 : Checking image 1 crop x2 1192
1606927068549440042 : Checking image 1 crop y2 1734
1606927072361243560 : Checking image 2 crop x1 89
1606927072361365666 : Checking image 2 crop y1 240
1606927072361409668 : Checking image 2 crop x2 2136
1606927072361452270 : Checking image 2 crop y2 3239
1606927072393578338 : Checking image 1 dpi 300
1606927072393679043 : Checking image 1 border top 1752
1606927072393711644 : Checking image 1 border bottom 1753
1606927072393740546 : Checking image 1 border left 1239
1606927072393768947 : Checking image 1 border right 1239
1606927072395221318 : Checking image 2 dpi 300
1606927072395297522 : Checking image 2 border top 231
1606927072395324323 : Checking image 2 border bottom 257
1606927072395349524 : Checking image 2 border left 206
1606927072395374325 : Checking image 2 border right 206

</system-out><system-err>--------------------------------- Captured Err ---------------------------------

</system-err></testcase><testcase classname="tests.test_images" name="test_image_failed_to_crop_data_png" time="56.031"><system-out>--------------------------------- Captured Log ---------------------------------

--------------------------------- Captured Out ---------------------------------
/home/runner/work/ocr-book/ocr-book/tests/image_failed_to_crop_data.png
1606927092338806382 : Checking separation double page angle 89.90702028595047
1606927092338892886 : Checking separation double page y=0 2477
1606927097624002291 : Checking page rotation 1 0.2
1606927103010568321 : Checking page rotation 2 0.0
1606927113090649857 : Checking image 1 crop x1 58
1606927113090770163 : Checking image 1 crop y1 8
1606927113090810165 : Checking image 1 crop x2 2480
1606927113090846266 : Checking image 1 crop y2 3504
1606927117800659089 : Checking image 2 crop x1 159
1606927117800797195 : Checking image 2 crop y1 217
1606927117800839597 : Checking image 2 crop x2 2241
1606927117800879599 : Checking image 2 crop y2 3350
1606927117833325180 : Checking image 1 dpi 300
1606927117833457186 : Checking image 1 border top 6
1606927117833499588 : Checking image 1 border bottom 6
1606927117833535089 : Checking image 1 border left 29
1606927117833569791 : Checking image 1 border right 29
1606927117835640885 : Checking image 2 dpi 300
1606927117835724589 : Checking image 2 border top 225
1606927117835761091 : Checking image 2 border bottom 129
1606927117835795792 : Checking image 2 border left 189
1606927117835830494 : Checking image 2 border right 189

</system-out><system-err>--------------------------------- Captured Err ---------------------------------

</system-err></testcase><testcase classname="tests.test_images" name="test_black_border_not_removed_png" time="59.185"><system-out>--------------------------------- Captured Log ---------------------------------

--------------------------------- Captured Out ---------------------------------
/home/runner/work/ocr-book/ocr-book/tests/black-border-not-removed.png
1606927106625911129 : Checking separation double page angle 90.02895758682553
1606927106626008234 : Checking separation double page y=0 2456
1606927113185070589 : Checking page rotation 1 0.0
1606927122623934767 : Checking page rotation 2 0.0
1606927125885486376 : Checking image 1 crop x1 297
1606927125885575280 : Checking image 1 crop y1 143
1606927125885616482 : Checking image 1 crop x2 2309
1606927125885655583 : Checking image 1 crop y2 3346
1606927131531260114 : Checking image 2 crop x1 157
1606927131531368118 : Checking image 2 crop y1 145
1606927131531406920 : Checking image 2 crop x2 2169
1606927131531442022 : Checking image 2 crop y2 3352
1606927131565267139 : Checking image 1 dpi 300
1606927131565401045 : Checking image 1 border top 130
1606927131565439947 : Checking image 1 border bottom 154
1606927131565505650 : Checking image 1 border left 224
1606927131565541352 : Checking image 1 border right 224
1606927131567736950 : Checking image 2 dpi 300
1606927131567835855 : Checking image 2 border top 139
1606927131567872756 : Checking image 2 border bottom 141
1606927131567907658 : Checking image 2 border left 224
1606927131567941859 : Checking image 2 border right 224

</system-out><system-err>--------------------------------- Captured Err ---------------------------------

</system-err></testcase><testcase classname="tests.test_images" name="test_wrong_angle_split_line_png" time="69.841"><system-out>--------------------------------- Captured Log ---------------------------------

--------------------------------- Captured Out ---------------------------------
/home/runner/work/ocr-book/ocr-book/tests/wrong_angle_split_line.png
1606927152521778845 : Checking separation double page angle 90.0335674500335
1606927152521871449 : Checking separation double page y=0 2477
1606927160602292388 : Checking page rotation 1 0.2
1606927168998970671 : Checking page rotation 2 0.05
1606927181135498110 : Checking image 1 crop x1 61
1606927181135629015 : Checking image 1 crop y1 7
1606927181135671917 : Checking image 1 crop x2 2475
1606927181135710619 : Checking image 1 crop y2 3500
1606927186767522445 : Checking image 2 crop x1 163
1606927186767656450 : Checking image 2 crop y1 218
1606927186767701652 : Checking image 2 crop x2 2243
1606927186767744854 : Checking image 2 crop y2 3350
1606927186950474726 : Checking image 1 dpi 300
1606927186950615232 : Checking image 1 border top 7
1606927186950655334 : Checking image 1 border bottom 7
1606927186950690235 : Checking image 1 border left 33
1606927186950724237 : Checking image 1 border right 33
1606927186957741735 : Checking image 2 dpi 300
1606927186957849140 : Checking image 2 border top 219
1606927186957884441 : Checking image 2 border bottom 136
1606927186957917442 : Checking image 2 border left 190
1606927186957949444 : Checking image 2 border right 190

</system-out><system-err>--------------------------------- Captured Err ---------------------------------

</system-err></testcase><testcase classname="tests.test_images" name="test_image_failed_to_rotate_png" time="61.830"><system-out>--------------------------------- Captured Log ---------------------------------

--------------------------------- Captured Out ---------------------------------
/home/runner/work/ocr-book/ocr-book/tests/image_failed_to_rotate.png
1606927163235227096 : Checking separation double page angle 90.19634423290287
1606927163235321601 : Checking separation double page y=0 2482
1606927168577541370 : Checking page rotation 1 0.35000000000000003
1606927176454456950 : Checking page rotation 2 0.45
1606927187790363621 : Checking image 1 crop x1 34
1606927187790485027 : Checking image 1 crop y1 1
1606927187790528728 : Checking image 1 crop x2 2480
1606927187790568230 : Checking image 1 crop y2 3500
1606927193243325917 : Checking image 2 crop x1 169
1606927193243446922 : Checking image 2 crop y1 234
1606927193243489924 : Checking image 2 crop x2 2248
1606927193243530726 : Checking image 2 crop y2 3355
1606927193287441783 : Checking image 1 dpi 300
1606927193287572789 : Checking image 1 border top 4
1606927193287613990 : Checking image 1 border bottom 4
1606927193287649692 : Checking image 1 border left 17
1606927193287685093 : Checking image 1 border right 17
1606927193290111196 : Checking image 2 dpi 300
1606927193290204100 : Checking image 2 border top 220
1606927193290239202 : Checking image 2 border bottom 146
1606927193290272003 : Checking image 2 border left 190
1606927193290304604 : Checking image 2 border right 190

</system-out><system-err>--------------------------------- Captured Err ---------------------------------

</system-err></testcase><testcase classname="tests.test_images" name="test_angle_page_lower_split_line_png" time="59.313"><system-out>--------------------------------- Captured Log ---------------------------------

--------------------------------- Captured Out ---------------------------------
/home/runner/work/ocr-book/ocr-book/tests/angle_page_lower_split_line.png
1606927225947981889 : Checking separation double page angle 89.75201324945476
1606927225948069093 : Checking separation double page y=0 2473
1606927234982673855 : Checking page rotation 1 -0.44999999999998863
1606927241582677232 : Checking page rotation 2 0.2
1606927244336862809 : Checking image 1 crop x1 245
1606927244337001914 : Checking image 1 crop y1 161
1606927244337047116 : Checking image 1 crop x2 2351
1606927244337091118 : Checking image 1 crop y2 3364
1606927247019767609 : Checking image 2 crop x1 151
1606927247019907414 : Checking image 2 crop y1 147
1606927247019953916 : Checking image 2 crop x2 2258
1606927247019998018 : Checking image 2 crop y2 3350
1606927247061588319 : Checking image 1 dpi 300
1606927247061725224 : Checking image 1 border top 132
1606927247061764626 : Checking image 1 border bottom 152
1606927247061799327 : Checking image 1 border left 177
1606927247061833729 : Checking image 1 border right 177
1606927247063944415 : Checking image 2 dpi 300
1606927247064024718 : Checking image 2 border top 116
1606927247064060920 : Checking image 2 border bottom 168
1606927247064095021 : Checking image 2 border left 176
1606927247064129123 : Checking image 2 border right 176

</system-out><system-err>--------------------------------- Captured Err ---------------------------------

</system-err></testcase><testcase classname="tests.test_images" name="test_wrong_split_line_png" time="45.848"><system-out>--------------------------------- Captured Log ---------------------------------

--------------------------------- Captured Out ---------------------------------
/home/runner/work/ocr-book/ocr-book/tests/wrong_split_line.png
1606927222451593951 : Checking separation double page angle 89.85895720607971
1606927222451678055 : Checking separation double page y=0 2463
1606927227671386966 : Checking page rotation 1 -0.14999999999999147
1606927234542377326 : Checking page rotation 2 0.65
1606927236834342434 : Checking image 1 crop x1 213
1606927236834468840 : Checking image 1 crop y1 157
1606927236834513341 : Checking image 1 crop x2 2323
1606927236834553643 : Checking image 1 crop y2 3362
1606927239221941948 : Checking image 2 crop x1 126
1606927239222054653 : Checking image 2 crop y1 167
1606927239222092654 : Checking image 2 crop x2 2237
1606927239222128056 : Checking image 2 crop y2 3372
1606927239258313342 : Checking image 1 dpi 300
1606927239258446147 : Checking image 1 border top 115
1606927239258485849 : Checking image 1 border bottom 167
1606927239258521550 : Checking image 1 border left 175
1606927239258556652 : Checking image 1 border right 175
1606927239260994752 : Checking image 2 dpi 300
1606927239261079355 : Checking image 2 border top 142
1606927239261116957 : Checking image 2 border bottom 140
1606927239261192260 : Checking image 2 border left 174
1606927239261226461 : Checking image 2 border right 174

</system-out><system-err>--------------------------------- Captured Err ---------------------------------

</system-err></testcase><testcase classname="tests.test_images" name="test_crop_too_much_png" time="80.800"><system-out>--------------------------------- Captured Log ---------------------------------

--------------------------------- Captured Out ---------------------------------
/home/runner/work/ocr-book/ocr-book/tests/crop_too_much.png
1606927286636377509 : Checking separation double page angle 90.13239409272953
1606927286636473612 : Checking separation double page y=0 2453
1606927298015025003 : Checking page rotation 1 0.0
1606927310908663926 : Checking page rotation 2 0.45
1606927316009549258 : Checking image 1 crop x1 303
1606927316009674063 : Checking image 1 crop y1 148
1606927316009717065 : Checking image 1 crop x2 2313
1606927316009756066 : Checking image 1 crop y2 3351
1606927320008739414 : Checking image 2 crop x1 170
1606927320008838918 : Checking image 2 crop y1 155
1606927320008871819 : Checking image 2 crop x2 2181
1606927320008902621 : Checking image 2 crop y2 3359
1606927320051151699 : Checking image 1 dpi 300
1606927320051272803 : Checking image 1 border top 131
1606927320051309605 : Checking image 1 border bottom 153
1606927320051342406 : Checking image 1 border left 225
1606927320051375208 : Checking image 1 border right 225
1606927320053498892 : Checking image 2 dpi 300
1606927320053581495 : Checking image 2 border top 139
1606927320053611796 : Checking image 2 border bottom 144
1606927320053639997 : Checking image 2 border left 224
1606927320053668699 : Checking image 2 border right 224

</system-out><system-err>--------------------------------- Captured Err ---------------------------------

</system-err></testcase><testcase classname="tests.test_images" name="test_crop_too_few_png" time="47.841"><system-out>--------------------------------- Captured Log ---------------------------------

--------------------------------- Captured Out ---------------------------------
/home/runner/work/ocr-book/ocr-book/tests/crop_too_few.png
1606927278238983565 : Checking separation double page angle 89.39669496435833
1606927278239098770 : Checking separation double page y=0 2510
1606927284134353236 : Checking page rotation 1 -0.75
1606927290434954815 : Checking page rotation 2 0.05
1606927292725489872 : Checking image 1 crop x1 265
1606927292725621777 : Checking image 1 crop y1 152
1606927292725659078 : Checking image 1 crop x2 2375
1606927292725692980 : Checking image 1 crop y2 3356
1606927294872775313 : Checking image 2 crop x1 135
1606927294872907419 : Checking image 2 crop y1 141
1606927294872950020 : Checking image 2 crop x2 2261
1606927294872989622 : Checking image 2 crop y2 3345
1606927294907442002 : Checking image 1 dpi 300
1606927294907567407 : Checking image 1 border top 116
1606927294907600308 : Checking image 1 border bottom 167
1606927294907628710 : Checking image 1 border left 175
1606927294907656611 : Checking image 1 border right 175
1606927294910359419 : Checking image 2 dpi 300
1606927294910489024 : Checking image 2 border top 143
1606927294910535826 : Checking image 2 border bottom 140
1606927294910578028 : Checking image 2 border left 167
1606927294910619029 : Checking image 2 border right 167

</system-out><system-err>--------------------------------- Captured Err ---------------------------------

</system-err></testcase><testcase classname="tests.test_images" name="test_crop_too_much_2_png" time="82.910"><system-out>--------------------------------- Captured Log ---------------------------------

--------------------------------- Captured Out ---------------------------------
/home/runner/work/ocr-book/ocr-book/tests/crop_too_much_2.png
1606927341448855927 : Checking separation double page angle 90.2021118646249
1606927341448951936 : Checking separation double page y=0 2477
1606927354393740996 : Checking page rotation 1 0.2
1606927368276092551 : Checking page rotation 2 0.2
1606927372395434548 : Checking image 1 crop x1 332
1606927372395521656 : Checking image 1 crop y1 131
1606927372395562160 : Checking image 1 crop x2 2342
1606927372395599863 : Checking image 1 crop y2 3336
1606927377735067568 : Checking image 2 crop x1 168
1606927377735201881 : Checking image 2 crop y1 139
1606927377735247585 : Checking image 2 crop x2 2181
1606927377735290989 : Checking image 2 crop y2 3345
1606927377791464078 : Checking image 1 dpi 300
1606927377791597391 : Checking image 1 border top 116
1606927377791636694 : Checking image 1 border bottom 166
1606927377791672298 : Checking image 1 border left 225
1606927377791708201 : Checking image 1 border right 225
1606927377793710186 : Checking image 2 dpi 300
1606927377793792593 : Checking image 2 border top 133
1606927377793828697 : Checking image 2 border bottom 148
1606927377793862800 : Checking image 2 border left 223
1606927377793896803 : Checking image 2 border right 223

</system-out><system-err>--------------------------------- Captured Err ---------------------------------

</system-err></testcase><testcase classname="tests.test_images" name="test_wrong_split_line_2_png" time="102.779"><system-out>--------------------------------- Captured Log ---------------------------------

--------------------------------- Captured Out ---------------------------------
/home/runner/work/ocr-book/ocr-book/tests/wrong_split_line_2.png
1606927379189358666 : Checking separation double page angle 90.3838786217729
1606927379189449274 : Checking separation double page y=0 2442
1606927391607340563 : Checking page rotation 1 0.05
1606927404516818168 : Checking page rotation 2 0.4
1606927412402356645 : Checking image 1 crop x1 294
1606927412402465554 : Checking image 1 crop y1 137
1606927412402502857 : Checking image 1 crop x2 2326
1606927412402536660 : Checking image 1 crop y2 3375
1606927422765275723 : Checking image 2 crop x1 146
1606927422765394933 : Checking image 2 crop y1 192
1606927422765438137 : Checking image 2 crop x2 2173
1606927422765478640 : Checking image 2 crop y2 3386
1606927422815640991 : Checking image 1 dpi 300
1606927422815767002 : Checking image 1 border top 125
1606927422815806605 : Checking image 1 border bottom 124
1606927422815842108 : Checking image 1 border left 214
1606927422815877111 : Checking image 1 border right 214
1606927422818185107 : Checking image 2 dpi 300
1606927422818283515 : Checking image 2 border top 184
1606927422818319818 : Checking image 2 border bottom 109
1606927422818354121 : Checking image 2 border left 216
1606927422818388424 : Checking image 2 border right 216

</system-out><system-err>--------------------------------- Captured Err ---------------------------------

</system-err></testcase><testcase classname="tests.test_images" name="test_small_wave_png" time="72.209"><system-out>--------------------------------- Captured Log ---------------------------------

--------------------------------- Captured Out ---------------------------------
/home/runner/work/ocr-book/ocr-book/tests/small_wave.png
1606927423493855794 : Checking separation double page angle 90.61316928841566
1606927423493965803 : Checking separation double page y=0 2495
1606927434827282291 : Checking page rotation 1 0.7000000000000001
1606927444806712159 : Checking page rotation 2 0.7000000000000001
1606927447321697520 : Checking image 1 crop x1 322
1606927447321834232 : Checking image 1 crop y1 199
1606927447321880635 : Checking image 1 crop x2 2351
1606927447321922139 : Checking image 1 crop y2 3394
1606927449972994011 : Checking image 2 crop x1 135
1606927449973121222 : Checking image 2 crop y1 223
1606927449973189027 : Checking image 2 crop x2 2164
1606927449973229630 : Checking image 2 crop y2 3419
1606927450016697640 : Checking image 1 dpi 300
1606927450016833951 : Checking image 1 border top 177
1606927450016874054 : Checking image 1 border bottom 115
1606927450016909957 : Checking image 1 border left 215
1606927450016944460 : Checking image 1 border right 215
1606927450019146937 : Checking image 2 dpi 300
1606927450019231544 : Checking image 2 border top 191
1606927450019265347 : Checking image 2 border bottom 100
1606927450019297250 : Checking image 2 border left 215
1606927450019328852 : Checking image 2 border right 215

</system-out><system-err>--------------------------------- Captured Err ---------------------------------

</system-err></testcase><testcase classname="tests.test_images" name="test_wrong_split_line_3_png" time="63.526"><system-out>--------------------------------- Captured Log ---------------------------------

--------------------------------- Captured Out ---------------------------------
/home/runner/work/ocr-book/ocr-book/tests/wrong_split_line_3.png
1606927463171733148 : Checking separation double page angle 90.43729500214693
1606927463171824756 : Checking separation double page y=0 2498
1606927473569595964 : Checking page rotation 1 0.30000000000000004
1606927481480652788 : Checking page rotation 2 0.9
1606927483750027664 : Checking image 1 crop x1 331
1606927483750173775 : Checking image 1 crop y1 165
1606927483750229380 : Checking image 1 crop x2 2375
1606927483750278283 : Checking image 1 crop y2 3376
1606927486323480920 : Checking image 2 crop x1 102
1606927486323609130 : Checking image 2 crop y1 208
1606927486323655734 : Checking image 2 crop x2 2133
1606927486323699437 : Checking image 2 crop y2 3413
1606927486363166735 : Checking image 1 dpi 300
1606927486363286244 : Checking image 1 border top 150
1606927486363323147 : Checking image 1 border bottom 126
1606927486363355750 : Checking image 1 border left 208
1606927486363388352 : Checking image 1 border right 208
1606927486365897643 : Checking image 2 dpi 300
1606927486365986449 : Checking image 2 border top 190
1606927486366020152 : Checking image 2 border bottom 92
1606927486366052955 : Checking image 2 border left 214
1606927486366084957 : Checking image 2 border right 214

</system-out><system-err>--------------------------------- Captured Err ---------------------------------

</system-err></testcase><testcase classname="tests.test_images" name="test_wrong_wave_split_line_png" time="88.103"><system-out>--------------------------------- Captured Log ---------------------------------

--------------------------------- Captured Out ---------------------------------
/home/runner/work/ocr-book/ocr-book/tests/wrong_wave_split_line.png
1606927499053215531 : Checking separation double page angle 90.5287860410772
1606927499053311938 : Checking separation double page y=0 2502
1606927510087822689 : Checking page rotation 1 -0.14999999999999147
1606927520004558526 : Checking page rotation 2 0.8500000000000001
1606927530946764040 : Checking image 1 crop x1 385
1606927530946903850 : Checking image 1 crop y1 179
1606927530946949353 : Checking image 1 crop x2 2411
1606927530946990756 : Checking image 1 crop y2 3374
1606927538079559308 : Checking image 2 crop x1 124
1606927538079700018 : Checking image 2 crop y1 58
1606927538079742121 : Checking image 2 crop x2 2410
1606927538079782223 : Checking image 2 crop y2 3392
1606927538131411252 : Checking image 1 dpi 300
1606927538131544762 : Checking image 1 border top 167
1606927538131584264 : Checking image 1 border bottom 124
1606927538131619467 : Checking image 1 border left 217
1606927538131653669 : Checking image 1 border right 217
1606927538133681912 : Checking image 2 dpi 300
1606927538133763618 : Checking image 2 border top 0
1606927538133802420 : Checking image 2 border bottom 163
1606927538133836523 : Checking image 2 border left 92
1606927538133870725 : Checking image 2 border right 92

</system-out><system-err>--------------------------------- Captured Err ---------------------------------

</system-err></testcase><testcase classname="tests.test_images" name="test_no_split_line_line_algo_png" time="55.162"><system-out>--------------------------------- Captured Log ---------------------------------

--------------------------------- Captured Out ---------------------------------
/home/runner/work/ocr-book/ocr-book/tests/no_split_line_line_algo.png
1606927519540699521 : Checking separation double page angle 89.47691469185418
1606927519540812029 : Checking separation double page y=0 2476
1606927525183907434 : Checking page rotation 1 -0.14999999999999147
1606927535555573877 : Checking page rotation 2 -0.44999999999998863
1606927537504882567 : Checking image 1 crop x1 205
1606927537505014176 : Checking image 1 crop y1 158
1606927537505060979 : Checking image 1 crop x2 2320
1606927537505104482 : Checking image 1 crop y2 3366
1606927541470214994 : Checking image 2 crop x1 185
1606927541470352103 : Checking image 2 crop y1 221
1606927541470395106 : Checking image 2 crop x2 2201
1606927541470435009 : Checking image 2 crop y2 3366
1606927541514596700 : Checking image 1 dpi 300
1606927541514719709 : Checking image 1 border top 137
1606927541514756211 : Checking image 1 border bottom 142
1606927541514788613 : Checking image 1 border left 172
1606927541514821116 : Checking image 1 border right 172
1606927541517308290 : Checking image 2 dpi 300
1606927541517396596 : Checking image 2 border top 225
1606927541517433599 : Checking image 2 border bottom 117
1606927541517468301 : Checking image 2 border left 222
1606927541517503003 : Checking image 2 border right 222

</system-out><system-err>--------------------------------- Captured Err ---------------------------------

</system-err></testcase><testcase classname="tests.test_images" name="test_failed_split_line_line_algo_png" time="25.719"><system-out>--------------------------------- Captured Log ---------------------------------

--------------------------------- Captured Out ---------------------------------
/home/runner/work/ocr-book/ocr-book/tests/failed_split_line_line_algo.png
1606927555774103534 : Checking separation double page angle 90.01634220573249
1606927555774194540 : Checking separation double page y=0 2575
1606927559370478199 : Checking page rotation 1 -0.14999999999999147
1606927561687353628 : Checking page rotation 2 0.05
1606927563149469611 : Checking image 1 crop x1 407
1606927563149613221 : Checking image 1 crop y1 2925
1606927563149654723 : Checking image 1 crop x2 2419
1606927563149690726 : Checking image 1 crop y2 3174
1606927563893708874 : Checking image 2 crop x1 1180
1606927563893782580 : Checking image 2 crop y1 1724
1606927563893814982 : Checking image 2 crop x2 1181
1606927563893846284 : Checking image 2 crop y2 1725
1606927563894045797 : Checking image 1 dpi 300
1606927563894129503 : Checking image 1 border top 2930
1606927563894160605 : Checking image 1 border bottom 308
1606927563894190507 : Checking image 1 border left 224
1606927563894219709 : Checking image 1 border right 224
1606927563895561600 : Checking image 2 dpi 300
1606927563895642006 : Checking image 2 border top 1753
1606927563895674008 : Checking image 2 border bottom 1753
1606927563895703310 : Checking image 2 border left 1239
1606927563895732912 : Checking image 2 border right 1239

</system-out><system-err>--------------------------------- Captured Err ---------------------------------

</system-err></testcase><testcase classname="tests.test_images" name="test_failed_split_line_line_algo_2_png" time="70.345"><system-out>--------------------------------- Captured Log ---------------------------------

--------------------------------- Captured Out ---------------------------------
/home/runner/work/ocr-book/ocr-book/tests/failed_split_line_line_algo_2.png
1606927586783135901 : Checking separation double page angle 89.9913422057325
1606927586783236008 : Checking separation double page y=0 2498
1606927597835958950 : Checking page rotation 1 0.0
1606927606444482143 : Checking page rotation 2 0.6000000000000001
1606927609396567457 : Checking image 1 crop x1 272
1606927609396712167 : Checking image 1 crop y1 149
1606927609396759470 : Checking image 1 crop x2 2383
1606927609396801572 : Checking image 1 crop y2 3353
1606927611827252260 : Checking image 2 crop x1 121
1606927611827371568 : Checking image 2 crop y1 155
1606927611827414871 : Checking image 2 crop x2 2244
1606927611827455173 : Checking image 2 crop y2 3350
1606927611872263142 : Checking image 1 dpi 300
1606927611872430053 : Checking image 1 border top 137
1606927611872470956 : Checking image 1 border bottom 146
1606927611872506958 : Checking image 1 border left 174
1606927611872541760 : Checking image 1 border right 174
1606927611875225232 : Checking image 2 dpi 300
1606927611875328039 : Checking image 2 border top 138
1606927611875365041 : Checking image 2 border bottom 154
1606927611875399243 : Checking image 2 border left 168
1606927611875433645 : Checking image 2 border right 168

</system-out><system-err>--------------------------------- Captured Err ---------------------------------

</system-err></testcase><testcase classname="tests.test_images" name="test_crop_too_much_3_png" time="69.947"><system-out>--------------------------------- Captured Log ---------------------------------

--------------------------------- Captured Out ---------------------------------
/home/runner/work/ocr-book/ocr-book/tests/crop_too_much_3.png
1606927605000022437 : Checking separation double page angle 89.55580634783144
1606927605000119043 : Checking separation double page y=0 2499
1606927613306195340 : Checking page rotation 1 -0.9499999999999886
1606927625880761914 : Checking page rotation 2 -0.14999999999999147
1606927629802655239 : Checking image 1 crop x1 373
1606927629802785947 : Checking image 1 crop y1 258
1606927629802828050 : Checking image 1 crop x2 2386
1606927629802866952 : Checking image 1 crop y2 3458
1606927633761807533 : Checking image 2 crop x1 167
1606927633761937641 : Checking image 2 crop y1 228
1606927633761983444 : Checking image 2 crop x2 2180
1606927633762026647 : Checking image 2 crop y2 3417
1606927633815243371 : Checking image 1 dpi 300
1606927633815359279 : Checking image 1 border top 237
1606927633815395481 : Checking image 1 border bottom 50
1606927633815427883 : Checking image 1 border left 223
1606927633815478386 : Checking image 1 border right 223
1606927633817741828 : Checking image 2 dpi 300
1606927633817831733 : Checking image 2 border top 192
1606927633817866035 : Checking image 2 border bottom 106
1606927633817897837 : Checking image 2 border left 223
1606927633817929539 : Checking image 2 border right 223

</system-out><system-err>--------------------------------- Captured Err ---------------------------------

</system-err></testcase><testcase classname="tests.test_images" name="test_wrong_wave_split_line_2_png" time="66.957"><system-out>--------------------------------- Captured Log ---------------------------------

--------------------------------- Captured Out ---------------------------------
/home/runner/work/ocr-book/ocr-book/tests/wrong_wave_split_line_2.png
1606927656580687176 : Checking separation double page angle 90.7708958311329
1606927656580766881 : Checking separation double page y=0 2490
1606927663818862689 : Checking page rotation 1 0.4
1606927673044095345 : Checking page rotation 2 1.8
1606927675611488345 : Checking image 1 crop x1 224
1606927675611597251 : Checking image 1 crop y1 147
1606927675611635553 : Checking image 1 crop x2 2337
1606927675611670856 : Checking image 1 crop y2 3355
1606927678785345360 : Checking image 2 crop x1 107
1606927678785469167 : Checking image 2 crop y1 197
1606927678785511770 : Checking image 2 crop x2 2229
1606927678785551572 : Checking image 2 crop y2 3396
1606927678832741388 : Checking image 1 dpi 300
1606927678832862995 : Checking image 1 border top 126
1606927678832899497 : Checking image 1 border bottom 153
1606927678832932299 : Checking image 1 border left 173
1606927678832964301 : Checking image 1 border right 173
1606927678836320801 : Checking image 2 dpi 300
1606927678836429908 : Checking image 2 border top 170
1606927678836464510 : Checking image 2 border bottom 118
1606927678836496912 : Checking image 2 border left 169
1606927678836528814 : Checking image 2 border right 169

</system-out><system-err>--------------------------------- Captured Err ---------------------------------

</system-err></testcase><testcase classname="tests.test_images" name="test_wrong_wave_split_line_3_png" time="57.779"><system-out>--------------------------------- Captured Log ---------------------------------

--------------------------------- Captured Out ---------------------------------
/home/runner/work/ocr-book/ocr-book/tests/wrong_wave_split_line_3.png
1606927672736848108 : Checking separation double page angle 90.0586735161512
1606927672736938513 : Checking separation double page y=0 2510
1606927680690286388 : Checking page rotation 1 0.1
1606927686624009316 : Checking page rotation 2 0.35000000000000003
1606927689295863027 : Checking image 1 crop x1 272
1606927689295986234 : Checking image 1 crop y1 219
1606927689296028137 : Checking image 1 crop x2 2383
1606927689296066439 : Checking image 1 crop y2 3423
1606927691577911075 : Checking image 2 crop x1 119
1606927691578018181 : Checking image 2 crop y1 226
1606927691578050383 : Checking image 2 crop x2 2240
1606927691578080685 : Checking image 2 crop y2 3413
1606927691611981683 : Checking image 1 dpi 300
1606927691612073888 : Checking image 1 border top 190
1606927691612105090 : Checking image 1 border bottom 93
1606927691612133192 : Checking image 1 border left 174
1606927691612160693 : Checking image 1 border right 174
1606927691614249817 : Checking image 2 dpi 300
1606927691614329821 : Checking image 2 border top 190
1606927691614355523 : Checking image 2 border bottom 110
1606927691614379724 : Checking image 2 border left 169
1606927691614403426 : Checking image 2 border right 169

</system-out><system-err>--------------------------------- Captured Err ---------------------------------

</system-err></testcase></testsuite></testsuites>