<?xml version="1.0" encoding="utf-8"?><testsuites><testsuite name="pytest" errors="0" failures="0" skipped="0" tests="36" time="359.524" timestamp="2021-05-12T13:17:29.357963" hostname="fv-az214-843"><testcase classname="tests.test_features" name="test_mock_stop_at_0" time="0.044"><system-out>--------------------------------- Captured Log ---------------------------------

--------------------------------- Captured Out ---------------------------------
/home/runner/work/diptych/diptych/tests/0001_0.png

</system-out><system-err>--------------------------------- Captured Err ---------------------------------

</system-err></testcase><testcase classname="tests.test_features" name="test_disabled_enable_debug" time="21.305"><system-out>--------------------------------- Captured Log ---------------------------------

--------------------------------- Captured Out ---------------------------------
/home/runner/work/diptych/diptych/tests/0001_debug.png
separation double page angle 90.55756528497216
separation double page y=0 2484
page rotation 1 0.65
page rotation 2 0.2
image 1 crop x1 329
image 1 crop y1 335
image 1 crop x2 2344
image 1 crop y2 3222
image 2 crop x1 171
image 2 crop y1 648
image 2 crop x2 2188
image 2 crop y2 3361
image 1 dpi 300
image 1 border top 327
image 1 border bottom 273
image 1 border left 222
image 1 border right 222
image 2 dpi 300
image 2 border top 643
image 2 border bottom 131
image 2 border left 221
image 2 border right 221

</system-out><system-err>--------------------------------- Captured Err ---------------------------------

</system-err></testcase><testcase classname="tests.test_features" name="test_mock_stop_at_2" time="14.935"><system-out>--------------------------------- Captured Log ---------------------------------

--------------------------------- Captured Out ---------------------------------
/home/runner/work/diptych/diptych/tests/0001_2.png
separation double page angle 90.55756528497216
separation double page y=0 2484
page rotation 1 0.65
page rotation 2 0.2

</system-out><system-err>--------------------------------- Captured Err ---------------------------------

</system-err></testcase><testcase classname="tests.test_features" name="test_mock_stop_at_4" time="20.968"><system-out>--------------------------------- Captured Log ---------------------------------

--------------------------------- Captured Out ---------------------------------
/home/runner/work/diptych/diptych/tests/0001_4.png
separation double page angle 90.55756528497216
separation double page y=0 2484
page rotation 1 0.65
page rotation 2 0.2
image 1 crop x1 329
image 1 crop y1 335
image 1 crop x2 2344
image 1 crop y2 3222
image 2 crop x1 171
image 2 crop y1 648
image 2 crop x2 2188
image 2 crop y2 3361
image 1 dpi 300
image 1 border top 326
image 1 border bottom 274
image 1 border left 222
image 1 border right 222
image 2 dpi 300
image 2 border top 643
image 2 border bottom 131
image 2 border left 221
image 2 border right 221

</system-out><system-err>--------------------------------- Captured Err ---------------------------------

</system-err></testcase><testcase classname="tests.test_features" name="test_mock_stop_at_1" time="12.457"><system-out>--------------------------------- Captured Log ---------------------------------

--------------------------------- Captured Out ---------------------------------
/home/runner/work/diptych/diptych/tests/0001_1.png
separation double page angle 90.55756528497216
separation double page y=0 2484

</system-out><system-err>--------------------------------- Captured Err ---------------------------------

</system-err></testcase><testcase classname="tests.test_features" name="test_mock_stop_at_3" time="20.510"><system-out>--------------------------------- Captured Log ---------------------------------

--------------------------------- Captured Out ---------------------------------
/home/runner/work/diptych/diptych/tests/0001_3.png
separation double page angle 90.55756528497216
separation double page y=0 2484
page rotation 1 0.65
page rotation 2 0.2
image 1 crop x1 329
image 1 crop y1 335
image 1 crop x2 2344
image 1 crop y2 3222
image 2 crop x1 171
image 2 crop y1 648
image 2 crop x2 2188
image 2 crop y2 3361

</system-out><system-err>--------------------------------- Captured Err ---------------------------------

</system-err></testcase><testcase classname="tests.test_images" name="test_0001_png" time="18.900"><system-out>--------------------------------- Captured Log ---------------------------------

--------------------------------- Captured Out ---------------------------------
/home/runner/work/diptych/diptych/tests/0001.png
1620825498137945829 : Checking separation double page angle 90.55756528497216
1620825498138053229 : Checking separation double page y=0 2484
1620825499129383811 : Checking page rotation 1 0.65
1620825500307044414 : Checking page rotation 2 0.2
1620825503006287976 : Checking image 1 crop x1 329
1620825503006399076 : Checking image 1 crop y1 335
1620825503006457376 : Checking image 1 crop x2 2344
1620825503006517976 : Checking image 1 crop y2 3222
1620825505415711568 : Checking image 2 crop x1 171
1620825505415815868 : Checking image 2 crop y1 648
1620825505415858268 : Checking image 2 crop x2 2188
1620825505415926668 : Checking image 2 crop y2 3361
1620825505416119768 : Checking image 1 dpi 300
1620825505416205768 : Checking image 1 border top 326
1620825505416239368 : Checking image 1 border bottom 274
1620825505416270668 : Checking image 1 border left 222
1620825505416300568 : Checking image 1 border right 222
1620825505419348166 : Checking image 2 dpi 300
1620825505419428366 : Checking image 2 border top 643
1620825505419478566 : Checking image 2 border bottom 131
1620825505419509066 : Checking image 2 border left 221
1620825505419555366 : Checking image 2 border right 221

</system-out><system-err>--------------------------------- Captured Err ---------------------------------

</system-err></testcase><testcase classname="tests.test_features" name="test_mock_stop_at_5" time="21.656"><system-out>--------------------------------- Captured Log ---------------------------------

--------------------------------- Captured Out ---------------------------------
/home/runner/work/diptych/diptych/tests/0001_5.png
separation double page angle 90.55756528497216
separation double page y=0 2484
page rotation 1 0.65
page rotation 2 0.2
image 1 crop x1 329
image 1 crop y1 335
image 1 crop x2 2344
image 1 crop y2 3222
image 2 crop x1 171
image 2 crop y1 648
image 2 crop x2 2188
image 2 crop y2 3361
image 1 dpi 300
image 1 border top 326
image 1 border bottom 274
image 1 border left 222
image 1 border right 222
image 2 dpi 300
image 2 border top 643
image 2 border bottom 131
image 2 border left 221
image 2 border right 221

</system-out><system-err>--------------------------------- Captured Err ---------------------------------

</system-err></testcase><testcase classname="tests.test_images" name="test_black_border_not_removed_png" time="21.056"><system-out>--------------------------------- Captured Log ---------------------------------

--------------------------------- Captured Out ---------------------------------
/home/runner/work/diptych/diptych/tests/black-border-not-removed.png
1620825516405733113 : Checking separation double page angle 90.01516396500199
1620825516405842913 : Checking separation double page y=0 2455
1620825517599727995 : Checking page rotation 1 0.0
1620825519107908999 : Checking page rotation 2 0.1
1620825521765007568 : Checking image 1 crop x1 297
1620825521765099268 : Checking image 1 crop y1 143
1620825521765133268 : Checking image 1 crop x2 2309
1620825521765165568 : Checking image 1 crop y2 3346
1620825526483551844 : Checking image 2 crop x1 154
1620825526483640944 : Checking image 2 crop y1 144
1620825526483675344 : Checking image 2 crop x2 2168
1620825526483708044 : Checking image 2 crop y2 3351
1620825526483848844 : Checking image 1 dpi 300
1620825526483912944 : Checking image 1 border top 131
1620825526483942644 : Checking image 1 border bottom 153
1620825526483970344 : Checking image 1 border left 224
1620825526483997444 : Checking image 1 border right 224
1620825526486361644 : Checking image 2 dpi 300
1620825526486413844 : Checking image 2 border top 133
1620825526486442544 : Checking image 2 border bottom 147
1620825526486469944 : Checking image 2 border left 223
1620825526486514944 : Checking image 2 border right 223

</system-out><system-err>--------------------------------- Captured Err ---------------------------------

</system-err></testcase><testcase classname="tests.test_images" name="test_image_failed_to_rotate_png" time="25.038"><system-out>--------------------------------- Captured Log ---------------------------------

--------------------------------- Captured Out ---------------------------------
/home/runner/work/diptych/diptych/tests/image_failed_to_rotate.png
1620825540371639405 : Checking separation double page angle 90.35651650869968
1620825540371743305 : Checking separation double page y=0 2483
1620825542069897105 : Checking page rotation 1 0.45
1620825543204487337 : Checking page rotation 2 0.2
1620825547922086772 : Checking image 1 crop x1 31
1620825547922218472 : Checking image 1 crop y1 1
1620825547922290772 : Checking image 1 crop x2 2481
1620825547922329772 : Checking image 1 crop y2 3504
1620825551438231015 : Checking image 2 crop x1 171
1620825551438339015 : Checking image 2 crop y1 231
1620825551438374415 : Checking image 2 crop x2 2259
1620825551438408115 : Checking image 2 crop y2 3358
1620825551438552015 : Checking image 1 dpi 300
1620825551438637015 : Checking image 1 border top 2
1620825551438671115 : Checking image 1 border bottom 2
1620825551438700715 : Checking image 1 border left 15
1620825551438730315 : Checking image 1 border right 15
1620825551441218515 : Checking image 2 dpi 300
1620825551441270015 : Checking image 2 border top 217
1620825551441299415 : Checking image 2 border bottom 143
1620825551441326915 : Checking image 2 border left 186
1620825551441354315 : Checking image 2 border right 186

</system-out><system-err>--------------------------------- Captured Err ---------------------------------

</system-err></testcase><testcase classname="tests.test_images" name="test_2_pages_2_contours_png" time="14.766"><system-out>--------------------------------- Captured Log ---------------------------------

--------------------------------- Captured Out ---------------------------------
/home/runner/work/diptych/diptych/tests/2-pages-2-contours.png
1620825536656741537 : Checking separation double page angle 90.14230271514262
1620825536656896437 : Checking separation double page y=0 2488
1620825537188815317 : Checking page rotation 1 0.0
1620825538112864436 : Checking page rotation 2 0.2
1620825538920773603 : Checking image 1 crop x1 1189
1620825538920851203 : Checking image 1 crop y1 1751
1620825538920882403 : Checking image 1 crop x2 1190
1620825538920910103 : Checking image 1 crop y2 1752
1620825541299235923 : Checking image 2 crop x1 100
1620825541299327523 : Checking image 2 crop y1 240
1620825541299359723 : Checking image 2 crop x2 2148
1620825541299390423 : Checking image 2 crop y2 3240
1620825541299534523 : Checking image 1 dpi 300
1620825541299590723 : Checking image 1 border top 1752
1620825541299619423 : Checking image 1 border bottom 1753
1620825541299645423 : Checking image 1 border left 1239
1620825541299670623 : Checking image 1 border right 1239
1620825541301373022 : Checking image 2 dpi 300
1620825541301422922 : Checking image 2 border top 230
1620825541301450322 : Checking image 2 border bottom 256
1620825541301476122 : Checking image 2 border left 206
1620825541301501722 : Checking image 2 border right 206

</system-out><system-err>--------------------------------- Captured Err ---------------------------------

</system-err></testcase><testcase classname="tests.test_images" name="test_wrong_split_line_png" time="17.229"><system-out>--------------------------------- Captured Log ---------------------------------

--------------------------------- Captured Out ---------------------------------
/home/runner/work/diptych/diptych/tests/wrong_split_line.png
1620825553389122364 : Checking separation double page angle 89.95895720607972
1620825553389221364 : Checking separation double page y=0 2466
1620825554339188919 : Checking page rotation 1 -0.04999999999999689
1620825555191302680 : Checking page rotation 2 0.45
1620825556493768419 : Checking image 1 crop x1 211
1620825556493862019 : Checking image 1 crop y1 156
1620825556493894519 : Checking image 1 crop x2 2323
1620825556493925919 : Checking image 1 crop y2 3363
1620825558519829124 : Checking image 2 crop x1 123
1620825558519932824 : Checking image 2 crop y1 164
1620825558519987024 : Checking image 2 crop x2 2237
1620825558520023424 : Checking image 2 crop y2 3375
1620825558520197124 : Checking image 1 dpi 300
1620825558520264524 : Checking image 1 border top 135
1620825558520297424 : Checking image 1 border bottom 145
1620825558520326824 : Checking image 1 border left 174
1620825558520356024 : Checking image 1 border right 174
1620825558522786224 : Checking image 2 dpi 300
1620825558522839824 : Checking image 2 border top 141
1620825558522873024 : Checking image 2 border bottom 135
1620825558522902024 : Checking image 2 border left 173
1620825558522930924 : Checking image 2 border right 173

</system-out><system-err>--------------------------------- Captured Err ---------------------------------

</system-err></testcase><testcase classname="tests.test_images" name="test_image_failed_to_crop_data_png" time="34.370"><system-out>--------------------------------- Captured Log ---------------------------------

--------------------------------- Captured Out ---------------------------------
/home/runner/work/diptych/diptych/tests/image_failed_to_crop_data.png
1620825568668271868 : Checking separation double page angle 90.09350257645173
1620825568668390768 : Checking separation double page y=0 2479
1620825572680288772 : Checking page rotation 1 0.15000000000000002
1620825573633628400 : Checking page rotation 2 0.05
1620825582615590993 : Checking image 1 crop x1 46
1620825582615693893 : Checking image 1 crop y1 1
1620825582615736593 : Checking image 1 crop x2 2477
1620825582615805693 : Checking image 1 crop y2 3505
1620825585849218835 : Checking image 2 crop x1 164
1620825585849313735 : Checking image 2 crop y1 217
1620825585849349835 : Checking image 2 crop x2 2245
1620825585849385035 : Checking image 2 crop y2 3350
1620825585849545735 : Checking image 1 dpi 300
1620825585849611435 : Checking image 1 border top 2
1620825585849643035 : Checking image 1 border bottom 2
1620825585849671535 : Checking image 1 border left 25
1620825585849699535 : Checking image 1 border right 25
1620825585852370335 : Checking image 2 dpi 300
1620825585852424235 : Checking image 2 border top 206
1620825585852453335 : Checking image 2 border bottom 148
1620825585852480635 : Checking image 2 border left 189
1620825585852507935 : Checking image 2 border right 189

</system-out><system-err>--------------------------------- Captured Err ---------------------------------

</system-err></testcase><testcase classname="tests.test_images" name="test_crop_too_much_png" time="23.282"><system-out>--------------------------------- Captured Log ---------------------------------

--------------------------------- Captured Out ---------------------------------
/home/runner/work/diptych/diptych/tests/crop_too_much.png
1620825571552619565 : Checking separation double page angle 90.16929865985193
1620825571553202065 : Checking separation double page y=0 2456
1620825573033480230 : Checking page rotation 1 -0.04999999999999689
1620825574314454506 : Checking page rotation 2 0.2
1620825577591191685 : Checking image 1 crop x1 302
1620825577591312885 : Checking image 1 crop y1 148
1620825577591348685 : Checking image 1 crop x2 2314
1620825577591380885 : Checking image 1 crop y2 3351
1620825581787749674 : Checking image 2 crop x1 163
1620825581787859874 : Checking image 2 crop y1 151
1620825581787901374 : Checking image 2 crop x2 2187
1620825581787957374 : Checking image 2 crop y2 3363
1620825581788145174 : Checking image 1 dpi 300
1620825581788219274 : Checking image 1 border top 133
1620825581788255174 : Checking image 1 border bottom 151
1620825581788287474 : Checking image 1 border left 224
1620825581788334674 : Checking image 1 border right 224
1620825581791710174 : Checking image 2 dpi 300
1620825581791771074 : Checking image 2 border top 132
1620825581791799474 : Checking image 2 border bottom 143
1620825581791825574 : Checking image 2 border left 218
1620825581791851274 : Checking image 2 border right 218

</system-out><system-err>--------------------------------- Captured Err ---------------------------------

</system-err></testcase><testcase classname="tests.test_images" name="test_crop_too_few_png" time="17.302"><system-out>--------------------------------- Captured Log ---------------------------------

--------------------------------- Captured Out ---------------------------------
/home/runner/work/diptych/diptych/tests/crop_too_few.png
1620825593755246945 : Checking separation double page angle 89.49492328400886
1620825593755368245 : Checking separation double page y=0 2510
1620825594579221960 : Checking page rotation 1 -0.6499999999999977
1620825595535307792 : Checking page rotation 2 0.0
1620825597584110677 : Checking image 1 crop x1 263
1620825597584226877 : Checking image 1 crop y1 150
1620825597584280777 : Checking image 1 crop x2 2377
1620825597584314377 : Checking image 1 crop y2 3357
1620825599123871891 : Checking image 2 crop x1 139
1620825599123963691 : Checking image 2 crop y1 141
1620825599123996691 : Checking image 2 crop x2 2261
1620825599124027891 : Checking image 2 crop y2 3345
1620825599124173191 : Checking image 1 dpi 300
1620825599124234991 : Checking image 1 border top 129
1620825599124264191 : Checking image 1 border bottom 150
1620825599124290991 : Checking image 1 border left 173
1620825599124317491 : Checking image 1 border right 173
1620825599126489391 : Checking image 2 dpi 300
1620825599126550591 : Checking image 2 border top 130
1620825599126579291 : Checking image 2 border bottom 153
1620825599126605691 : Checking image 2 border left 169
1620825599126631991 : Checking image 2 border right 169

</system-out><system-err>--------------------------------- Captured Err ---------------------------------

</system-err></testcase><testcase classname="tests.test_images" name="test_wrong_angle_split_line_png" time="23.280"><system-out>--------------------------------- Captured Log ---------------------------------

--------------------------------- Captured Out ---------------------------------
/home/runner/work/diptych/diptych/tests/wrong_angle_split_line.png
1620825595827800533 : Checking separation double page angle 90.08791528895468
1620825595827956733 : Checking separation double page y=0 2478
1620825596950454389 : Checking page rotation 1 0.1
1620825598080966146 : Checking page rotation 2 0.1
1620825603682635956 : Checking image 1 crop x1 58
1620825603682778356 : Checking image 1 crop y1 6
1620825603682833056 : Checking image 1 crop x2 2476
1620825603682888356 : Checking image 1 crop y2 3501
1620825608438566650 : Checking image 2 crop x1 166
1620825608438703750 : Checking image 2 crop y1 218
1620825608438761250 : Checking image 2 crop x2 2244
1620825608438797350 : Checking image 2 crop y2 3349
1620825608438971450 : Checking image 1 dpi 300
1620825608439077850 : Checking image 1 border top 6
1620825608439109450 : Checking image 1 border bottom 6
1620825608439138550 : Checking image 1 border left 31
1620825608439166850 : Checking image 1 border right 31
1620825608446780350 : Checking image 2 dpi 300
1620825608446879850 : Checking image 2 border top 209
1620825608446911950 : Checking image 2 border bottom 147
1620825608446940350 : Checking image 2 border left 191
1620825608446985850 : Checking image 2 border right 191

</system-out><system-err>--------------------------------- Captured Err ---------------------------------

</system-err></testcase><testcase classname="tests.test_images" name="test_crop_too_much_2_png" time="24.658"><system-out>--------------------------------- Captured Log ---------------------------------

--------------------------------- Captured Out ---------------------------------
/home/runner/work/diptych/diptych/tests/crop_too_much_2.png
1620825614189200362 : Checking separation double page angle 90.15285326123045
1620825614189307862 : Checking separation double page y=0 2477
1620825615593569664 : Checking page rotation 1 0.15000000000000002
1620825617175677866 : Checking page rotation 2 0.2
1620825619966171365 : Checking image 1 crop x1 330
1620825619966287565 : Checking image 1 crop y1 132
1620825619966323965 : Checking image 1 crop x2 2342
1620825619966353965 : Checking image 1 crop y2 3335
1620825623747749764 : Checking image 2 crop x1 165
1620825623747837764 : Checking image 2 crop y1 139
1620825623747885364 : Checking image 2 crop x2 2178
1620825623747918064 : Checking image 2 crop y2 3345
1620825623748067664 : Checking image 1 dpi 300
1620825623748135164 : Checking image 1 border top 121
1620825623748166164 : Checking image 1 border bottom 163
1620825623748194864 : Checking image 1 border left 224
1620825623748223664 : Checking image 1 border right 224
1620825623750947964 : Checking image 2 dpi 300
1620825623751000964 : Checking image 2 border top 129
1620825623751030964 : Checking image 2 border bottom 152
1620825623751058764 : Checking image 2 border left 223
1620825623751086364 : Checking image 2 border right 223

</system-out><system-err>--------------------------------- Captured Err ---------------------------------

</system-err></testcase><testcase classname="tests.test_images" name="test_angle_page_lower_split_line_png" time="24.394"><system-out>--------------------------------- Captured Log ---------------------------------

--------------------------------- Captured Out ---------------------------------
/home/runner/work/diptych/diptych/tests/angle_page_lower_split_line.png
1620825625885117466 : Checking separation double page angle 89.74412725181848
1620825625885237666 : Checking separation double page y=0 2472
1620825627314113268 : Checking page rotation 1 -0.14999999999999067
1620825628571975470 : Checking page rotation 2 0.1
1620825630162080972 : Checking image 1 crop x1 241
1620825630162184772 : Checking image 1 crop y1 156
1620825630162225172 : Checking image 1 crop x2 2357
1620825630162287072 : Checking image 1 crop y2 3368
1620825633582851479 : Checking image 2 crop x1 151
1620825633582945879 : Checking image 2 crop y1 146
1620825633582981179 : Checking image 2 crop x2 2261
1620825633583014079 : Checking image 2 crop y2 3351
1620825633583173179 : Checking image 1 dpi 300
1620825633583241879 : Checking image 1 border top 140
1620825633583273379 : Checking image 1 border bottom 135
1620825633583303979 : Checking image 1 border left 172
1620825633583332979 : Checking image 1 border right 172
1620825633586312279 : Checking image 2 dpi 300
1620825633586367879 : Checking image 2 border top 131
1620825633586397679 : Checking image 2 border bottom 151
1620825633586424579 : Checking image 2 border left 175
1620825633586451679 : Checking image 2 border right 175

</system-out><system-err>--------------------------------- Captured Err ---------------------------------

</system-err></testcase><testcase classname="tests.test_images" name="test_wrong_split_line_2_png" time="30.399"><system-out>--------------------------------- Captured Log ---------------------------------

--------------------------------- Captured Out ---------------------------------
/home/runner/work/diptych/diptych/tests/wrong_split_line_2.png
1620825639419203595 : Checking separation double page angle 90.23635161124103
1620825639419295695 : Checking separation double page y=0 2437
1620825640951497500 : Checking page rotation 1 0.2
1620825642256818005 : Checking page rotation 2 0.2
1620825646893396521 : Checking image 1 crop x1 294
1620825646893487921 : Checking image 1 crop y1 136
1620825646893519221 : Checking image 1 crop x2 2325
1620825646893551121 : Checking image 1 crop y2 3376
1620825654167603451 : Checking image 2 crop x1 138
1620825654167703351 : Checking image 2 crop y1 190
1620825654167738351 : Checking image 2 crop x2 2174
1620825654167772151 : Checking image 2 crop y2 3389
1620825654167924451 : Checking image 1 dpi 300
1620825654167991551 : Checking image 1 border top 131
1620825654168023451 : Checking image 1 border bottom 116
1620825654168052051 : Checking image 1 border left 214
1620825654168080151 : Checking image 1 border right 214
1620825654170702051 : Checking image 2 dpi 300
1620825654170776351 : Checking image 2 border top 181
1620825654170806651 : Checking image 2 border bottom 107
1620825654170835051 : Checking image 2 border left 212
1620825654170862751 : Checking image 2 border right 212

</system-out><system-err>--------------------------------- Captured Err ---------------------------------

</system-err></testcase><testcase classname="tests.test_images" name="test_wrong_wave_split_line_png" time="29.097"><system-out>--------------------------------- Captured Log ---------------------------------

--------------------------------- Captured Out ---------------------------------
/home/runner/work/diptych/diptych/tests/wrong_wave_split_line.png
1620825648309265726 : Checking separation double page angle 90.42461655762611
1620825648309390826 : Checking separation double page y=0 2502
1620825649714014032 : Checking page rotation 1 -0.09999999999999377
1620825651204591538 : Checking page rotation 2 0.85
1620825656806827762 : Checking image 1 crop x1 384
1620825656806969162 : Checking image 1 crop y1 178
1620825656807005662 : Checking image 1 crop x2 2412
1620825656807055862 : Checking image 1 crop y2 3374
1620825662663969288 : Checking image 2 crop x1 7
1620825662664094188 : Checking image 2 crop y1 0
1620825662664146288 : Checking image 2 crop x2 2411
1620825662664184088 : Checking image 2 crop y2 3505
1620825662664320388 : Checking image 1 dpi 300
1620825662664387088 : Checking image 1 border top 173
1620825662664419288 : Checking image 1 border bottom 118
1620825662664450288 : Checking image 1 border left 216
1620825662664479788 : Checking image 1 border right 216
1620825662667299288 : Checking image 2 dpi 300
1620825662667360488 : Checking image 2 border top 1
1620825662667390988 : Checking image 2 border bottom 1
1620825662667419488 : Checking image 2 border left 38
1620825662667447888 : Checking image 2 border right 38

</system-out><system-err>--------------------------------- Captured Err ---------------------------------

</system-err></testcase><testcase classname="tests.test_images" name="test_small_wave_png" time="20.368"><system-out>--------------------------------- Captured Log ---------------------------------

--------------------------------- Captured Out ---------------------------------
/home/runner/work/diptych/diptych/tests/small_wave.png
1620825668300807913 : Checking separation double page angle 90.56494929955075
1620825668300896613 : Checking separation double page y=0 2495
1620825669827665420 : Checking page rotation 1 0.7
1620825671011450926 : Checking page rotation 2 0.65
1620825672379072232 : Checking image 1 crop x1 322
1620825672379167432 : Checking image 1 crop y1 199
1620825672379200832 : Checking image 1 crop x2 2351
1620825672379231132 : Checking image 1 crop y2 3394
1620825674530121043 : Checking image 2 crop x1 130
1620825674530219443 : Checking image 2 crop y1 222
1620825674530274643 : Checking image 2 crop x2 2163
1620825674530308243 : Checking image 2 crop y2 3420
1620825674530460543 : Checking image 1 dpi 300
1620825674530525743 : Checking image 1 border top 181
1620825674530556843 : Checking image 1 border bottom 111
1620825674530584943 : Checking image 1 border left 215
1620825674530611743 : Checking image 1 border right 215
1620825674533174843 : Checking image 2 dpi 300
1620825674533226943 : Checking image 2 border top 197
1620825674533254743 : Checking image 2 border bottom 92
1620825674533281543 : Checking image 2 border left 213
1620825674533314543 : Checking image 2 border right 213

</system-out><system-err>--------------------------------- Captured Err ---------------------------------

</system-err></testcase><testcase classname="tests.test_images" name="test_no_split_line_line_algo_png" time="19.438"><system-out>--------------------------------- Captured Log ---------------------------------

--------------------------------- Captured Out ---------------------------------
/home/runner/work/diptych/diptych/tests/no_split_line_line_algo.png
1620825674133480641 : Checking separation double page angle 89.47691469185418
1620825674133569241 : Checking separation double page y=0 2476
1620825675017851445 : Checking page rotation 1 -0.14999999999999067
1620825676321862251 : Checking page rotation 2 -0.14999999999999067
1620825678120682460 : Checking image 1 crop x1 205
1620825678120777960 : Checking image 1 crop y1 158
1620825678120812960 : Checking image 1 crop x2 2320
1620825678120846160 : Checking image 1 crop y2 3366
1620825682124483780 : Checking image 2 crop x1 185
1620825682124634080 : Checking image 2 crop y1 225
1620825682124670280 : Checking image 2 crop x2 2204
1620825682124726280 : Checking image 2 crop y2 3362
1620825682124940280 : Checking image 1 dpi 300
1620825682125011180 : Checking image 1 border top 144
1620825682125044080 : Checking image 1 border bottom 134
1620825682125092880 : Checking image 1 border left 172
1620825682125122480 : Checking image 1 border right 172
1620825682128117880 : Checking image 2 dpi 300
1620825682128173480 : Checking image 2 border top 223
1620825682128202780 : Checking image 2 border bottom 127
1620825682128230280 : Checking image 2 border left 220
1620825682128258080 : Checking image 2 border right 220

</system-out><system-err>--------------------------------- Captured Err ---------------------------------

</system-err></testcase><testcase classname="tests.test_images" name="test_wrong_split_line_3_png" time="22.206"><system-out>--------------------------------- Captured Log ---------------------------------

--------------------------------- Captured Out ---------------------------------
/home/runner/work/diptych/diptych/tests/wrong_split_line_3.png
1620825687278833305 : Checking separation double page angle 90.40515247895009
1620825687278933805 : Checking separation double page y=0 2495
1620825688506698912 : Checking page rotation 1 0.2
1620825689463783116 : Checking page rotation 2 0.85
1620825691287201923 : Checking image 1 crop x1 331
1620825691287295223 : Checking image 1 crop y1 166
1620825691287327223 : Checking image 1 crop x2 2377
1620825691287360523 : Checking image 1 crop y2 3375
1620825696750401846 : Checking image 2 crop x1 103
1620825696750483946 : Checking image 2 crop y1 207
1620825696750514746 : Checking image 2 crop x2 2136
1620825696750545246 : Checking image 2 crop y2 3414
1620825696750754746 : Checking image 1 dpi 300
1620825696750823246 : Checking image 1 border top 158
1620825696750856946 : Checking image 1 border bottom 120
1620825696750886846 : Checking image 1 border left 207
1620825696750915546 : Checking image 1 border right 207
1620825696753583146 : Checking image 2 dpi 300
1620825696753636646 : Checking image 2 border top 199
1620825696753664546 : Checking image 2 border bottom 81
1620825696753690346 : Checking image 2 border left 213
1620825696753715946 : Checking image 2 border right 213

</system-out><system-err>--------------------------------- Captured Err ---------------------------------

</system-err></testcase><testcase classname="tests.test_images" name="test_failed_split_line_line_algo_png" time="14.904"><system-out>--------------------------------- Captured Log ---------------------------------

--------------------------------- Captured Out ---------------------------------
/home/runner/work/diptych/diptych/tests/failed_split_line_line_algo.png
1620825691841604226 : Checking separation double page angle 90.0093502548779
1620825691841702026 : Checking separation double page y=0 2574
1620825692529705828 : Checking page rotation 1 0.0
1620825693080761831 : Checking page rotation 2 0.0
1620825695553134341 : Checking image 1 crop x1 411
1620825695553255941 : Checking image 1 crop y1 2927
1620825695553293741 : Checking image 1 crop x2 2422
1620825695553328341 : Checking image 1 crop y2 3172
1620825697062978547 : Checking image 2 crop x1 1191
1620825697063157447 : Checking image 2 crop y1 1745
1620825697063209147 : Checking image 2 crop x2 1192
1620825697063250047 : Checking image 2 crop y2 1746
1620825697063395447 : Checking image 1 dpi 300
1620825697063504947 : Checking image 1 border top 2920
1620825697063535247 : Checking image 1 border bottom 322
1620825697063564147 : Checking image 1 border left 224
1620825697063592347 : Checking image 1 border right 224
1620825697065305847 : Checking image 2 dpi 300
1620825697065351947 : Checking image 2 border top 1752
1620825697065382047 : Checking image 2 border bottom 1753
1620825697065409447 : Checking image 2 border left 1239
1620825697065436147 : Checking image 2 border right 1239

</system-out><system-err>--------------------------------- Captured Err ---------------------------------

</system-err></testcase><testcase classname="tests.test_images" name="test_crop_too_much_3_png" time="19.772"><system-out>--------------------------------- Captured Log ---------------------------------

--------------------------------- Captured Out ---------------------------------
/home/runner/work/diptych/diptych/tests/crop_too_much_3.png
1620825708329459697 : Checking separation double page angle 89.5934556679346
1620825708329549397 : Checking separation double page y=0 2499
1620825709381711402 : Checking page rotation 1 -0.8999999999999949
1620825710944841309 : Checking page rotation 2 -0.04999999999999689
1620825714029510624 : Checking image 1 crop x1 374
1620825714029602424 : Checking image 1 crop y1 258
1620825714029633824 : Checking image 1 crop x2 2385
1620825714029661824 : Checking image 1 crop y2 3459
1620825716529309337 : Checking image 2 crop x1 164
1620825716529396837 : Checking image 2 crop y1 229
1620825716529428537 : Checking image 2 crop x2 2183
1620825716529459037 : Checking image 2 crop y2 3416
1620825716529598337 : Checking image 1 dpi 300
1620825716529658737 : Checking image 1 border top 239
1620825716529687137 : Checking image 1 border bottom 46
1620825716529712137 : Checking image 1 border left 224
1620825716529736837 : Checking image 1 border right 224
1620825716532312637 : Checking image 2 dpi 300
1620825716532361537 : Checking image 2 border top 210
1620825716532387437 : Checking image 2 border bottom 90
1620825716532411137 : Checking image 2 border left 220
1620825716532436737 : Checking image 2 border right 220

</system-out><system-err>--------------------------------- Captured Err ---------------------------------

</system-err></testcase><testcase classname="tests.test_images" name="test_failed_split_line_line_algo_2_png" time="21.041"><system-out>--------------------------------- Captured Log ---------------------------------

--------------------------------- Captured Out ---------------------------------
/home/runner/work/diptych/diptych/tests/failed_split_line_line_algo_2.png
1620825710223807306 : Checking separation double page angle 90.03732329462368
1620825710223909706 : Checking separation double page y=0 2499
1620825711479716712 : Checking page rotation 1 -0.09999999999999377
1620825712883094119 : Checking page rotation 2 0.5499999999999999
1620825715615704533 : Checking image 1 crop x1 273
1620825715615819933 : Checking image 1 crop y1 147
1620825715615855733 : Checking image 1 crop x2 2386
1620825715615890633 : Checking image 1 crop y2 3352
1620825718068688845 : Checking image 2 crop x1 122
1620825718068776845 : Checking image 2 crop y1 155
1620825718068809045 : Checking image 2 crop x2 2246
1620825718068840945 : Checking image 2 crop y2 3350
1620825718069009345 : Checking image 1 dpi 300
1620825718069073845 : Checking image 1 border top 137
1620825718069103045 : Checking image 1 border bottom 145
1620825718069131245 : Checking image 1 border left 173
1620825718069158145 : Checking image 1 border right 173
1620825718072208245 : Checking image 2 dpi 300
1620825718072261145 : Checking image 2 border top 133
1620825718072289445 : Checking image 2 border bottom 159
1620825718072314945 : Checking image 2 border left 168
1620825718072340145 : Checking image 2 border right 168

</system-out><system-err>--------------------------------- Captured Err ---------------------------------

</system-err></testcase><testcase classname="tests.test_images" name="test_wrong_wave_split_line_2_png" time="24.019"><system-out>--------------------------------- Captured Log ---------------------------------

--------------------------------- Captured Out ---------------------------------
/home/runner/work/diptych/diptych/tests/wrong_wave_split_line_2.png
1620825733059283908 : Checking separation double page angle 90.7708958311329
1620825733059377708 : Checking separation double page y=0 2490
1620825734196926412 : Checking page rotation 1 0.2
1620825735381829916 : Checking page rotation 2 1.65
1620825736890745621 : Checking image 1 crop x1 227
1620825736890888021 : Checking image 1 crop y1 147
1620825736890927821 : Checking image 1 crop x2 2342
1620825736890966821 : Checking image 1 crop y2 3353
1620825740541577534 : Checking image 2 crop x1 106
1620825740541672434 : Checking image 2 crop y1 195
1620825740541710134 : Checking image 2 crop x2 2231
1620825740541741834 : Checking image 2 crop y2 3398
1620825740541889334 : Checking image 1 dpi 300
1620825740541972434 : Checking image 1 border top 136
1620825740542003534 : Checking image 1 border bottom 145
1620825740542031834 : Checking image 1 border left 172
1620825740542059634 : Checking image 1 border right 172
1620825740544578334 : Checking image 2 dpi 300
1620825740544630834 : Checking image 2 border top 166
1620825740544658834 : Checking image 2 border bottom 117
1620825740544684534 : Checking image 2 border left 167
1620825740544710234 : Checking image 2 border right 167

</system-out><system-err>--------------------------------- Captured Err ---------------------------------

</system-err></testcase><testcase classname="tests.test_images" name="test_wrong_wave_split_line_3_png" time="22.063"><system-out>--------------------------------- Captured Log ---------------------------------

--------------------------------- Captured Out ---------------------------------
/home/runner/work/diptych/diptych/tests/wrong_wave_split_line_3.png
1620825734208708312 : Checking separation double page angle 90.12715931778824
1620825734208794812 : Checking separation double page y=0 2514
1620825735469448416 : Checking page rotation 1 0.05
1620825736469998819 : Checking page rotation 2 0.2
1620825738376185626 : Checking image 1 crop x1 273
1620825738376272126 : Checking image 1 crop y1 220
1620825738376315226 : Checking image 1 crop x2 2383
1620825738376347326 : Checking image 1 crop y2 3423
1620825740152414032 : Checking image 2 crop x1 116
1620825740152502932 : Checking image 2 crop y1 225
1620825740152536732 : Checking image 2 crop x2 2242
1620825740152570232 : Checking image 2 crop y2 3415
1620825740152712532 : Checking image 1 dpi 300
1620825740152780032 : Checking image 1 border top 202
1620825740152809432 : Checking image 1 border bottom 82
1620825740152954732 : Checking image 1 border left 175
1620825740152994532 : Checking image 1 border right 175
1620825740156223232 : Checking image 2 dpi 300
1620825740156290832 : Checking image 2 border top 204
1620825740156322132 : Checking image 2 border bottom 93
1620825740156350732 : Checking image 2 border left 167
1620825740156379232 : Checking image 2 border right 167

</system-out><system-err>--------------------------------- Captured Err ---------------------------------

</system-err></testcase><testcase classname="tests.test_images" name="test_no_split_line_wave_algo_2_png" time="18.438"><system-out>--------------------------------- Captured Log ---------------------------------

--------------------------------- Captured Out ---------------------------------
/home/runner/work/diptych/diptych/tests/no_split_line_wave_algo_2.png
1620825752727435071 : Checking separation double page angle 90.43362571535843
1620825752727548771 : Checking separation double page y=0 2473
1620825753715693474 : Checking page rotation 1 1.05
1620825754716683977 : Checking page rotation 2 0.15000000000000002
1620825756797302584 : Checking image 1 crop x1 267
1620825756797400584 : Checking image 1 crop y1 210
1620825756797436684 : Checking image 1 crop x2 2343
1620825756797470884 : Checking image 1 crop y2 3412
1620825758591928289 : Checking image 2 crop x1 165
1620825758592046089 : Checking image 2 crop y1 241
1620825758592089489 : Checking image 2 crop x2 2250
1620825758592130489 : Checking image 2 crop y2 3433
1620825758592305389 : Checking image 1 dpi 300
1620825758592426189 : Checking image 1 border top 192
1620825758592456389 : Checking image 1 border bottom 93
1620825758592504789 : Checking image 1 border left 192
1620825758592533589 : Checking image 1 border right 192
1620825758595232589 : Checking image 2 dpi 300
1620825758595301889 : Checking image 2 border top 224
1620825758595331189 : Checking image 2 border bottom 71
1620825758595358589 : Checking image 2 border left 187
1620825758595403389 : Checking image 2 border right 187

</system-out><system-err>--------------------------------- Captured Err ---------------------------------

</system-err></testcase><testcase classname="tests.test_images" name="test_no_split_line_wave_algo_png" time="30.195"><system-out>--------------------------------- Captured Log ---------------------------------

--------------------------------- Captured Out ---------------------------------
/home/runner/work/diptych/diptych/tests/no_split_line_wave_algo.png
1620825752949118772 : Checking separation double page angle 89.79018091440821
1620825752949231372 : Checking separation double page y=0 2483
1620825755611911280 : Checking page rotation 1 0.0
1620825756767510783 : Checking page rotation 2 -0.44999999999999746
1620825764905625308 : Checking image 1 crop x1 97
1620825764905719608 : Checking image 1 crop y1 74
1620825764905768908 : Checking image 1 crop x2 2489
1620825764905799608 : Checking image 1 crop y2 3505
1620825770716470124 : Checking image 2 crop x1 164
1620825770716562524 : Checking image 2 crop y1 267
1620825770716599224 : Checking image 2 crop x2 2239
1620825770716650224 : Checking image 2 crop y2 3380
1620825770716819124 : Checking image 1 dpi 300
1620825770716887224 : Checking image 1 border top 38
1620825770716920724 : Checking image 1 border bottom 38
1620825770716950824 : Checking image 1 border left 44
1620825770716980324 : Checking image 1 border right 44
1620825770719887224 : Checking image 2 dpi 300
1620825770719951124 : Checking image 2 border top 257
1620825770719983824 : Checking image 2 border bottom 117
1620825770720021124 : Checking image 2 border left 192
1620825770720048924 : Checking image 2 border right 192

</system-out><system-err>--------------------------------- Captured Err ---------------------------------

</system-err></testcase><testcase classname="tests.test_images" name="test_crop_too_few_2_png" time="19.556"><system-out>--------------------------------- Captured Log ---------------------------------

--------------------------------- Captured Out ---------------------------------
/home/runner/work/diptych/diptych/tests/crop_too_few_2.png
1620825770685584924 : Checking separation double page angle 90.35461351371423
1620825770685713824 : Checking separation double page y=0 2533
1620825771735668927 : Checking page rotation 1 1.0999999999999999
1620825772868157330 : Checking page rotation 2 0.0
1620825775495230137 : Checking image 1 crop x1 289
1620825775495329237 : Checking image 1 crop y1 165
1620825775495366137 : Checking image 1 crop x2 2400
1620825775495402437 : Checking image 1 crop y2 3367
1620825778162755145 : Checking image 2 crop x1 152
1620825778162844145 : Checking image 2 crop y1 190
1620825778162877745 : Checking image 2 crop x2 2273
1620825778162910545 : Checking image 2 crop y2 3385
1620825778163048945 : Checking image 1 dpi 300
1620825778163114845 : Checking image 1 border top 157
1620825778163144745 : Checking image 1 border bottom 128
1620825778163173945 : Checking image 1 border left 174
1620825778163203045 : Checking image 1 border right 174
1620825778165935345 : Checking image 2 dpi 300
1620825778165991845 : Checking image 2 border top 175
1620825778166021245 : Checking image 2 border bottom 116
1620825778166048445 : Checking image 2 border left 169
1620825778166094045 : Checking image 2 border right 169

</system-out><system-err>--------------------------------- Captured Err ---------------------------------

</system-err></testcase><testcase classname="tests.test_images" name="test_failed_detect_rectangle_png" time="18.391"><system-out>--------------------------------- Captured Log ---------------------------------

--------------------------------- Captured Out ---------------------------------
/home/runner/work/diptych/diptych/tests/failed_detect_rectangle.png
1620825784075645162 : Checking separation double page angle 90.242273842964
1620825784075764962 : Checking separation double page y=0 2475
1620825785287848966 : Checking page rotation 1 0.2
1620825786633464969 : Checking page rotation 2 0.2
1620825787824941373 : Checking image 1 crop x1 257
1620825787825043273 : Checking image 1 crop y1 201
1620825787825079573 : Checking image 1 crop x2 2333
1620825787825112873 : Checking image 1 crop y2 3402
1620825789133421277 : Checking image 2 crop x1 137
1620825789133528577 : Checking image 2 crop y1 215
1620825789133564677 : Checking image 2 crop x2 2220
1620825789133597577 : Checking image 2 crop y2 3406
1620825789133733877 : Checking image 1 dpi 300
1620825789133797977 : Checking image 1 border top 188
1620825789133829377 : Checking image 1 border bottom 98
1620825789133857577 : Checking image 1 border left 192
1620825789133885077 : Checking image 1 border right 192
1620825789136508577 : Checking image 2 dpi 300
1620825789136561077 : Checking image 2 border top 201
1620825789136589277 : Checking image 2 border bottom 95
1620825789136615777 : Checking image 2 border left 188
1620825789136642577 : Checking image 2 border right 188

</system-out><system-err>--------------------------------- Captured Err ---------------------------------

</system-err></testcase><testcase classname="tests.test_images" name="test_single_page_png" time="5.903"><system-out>--------------------------------- Captured Log ---------------------------------

--------------------------------- Captured Out ---------------------------------
/home/runner/work/diptych/diptych/tests/single_page.png
1620825781469931455 : Checking separation double page angle 89.93006318861008
1620825781470047555 : Checking separation double page y=0 2472
1620825782225006157 : Checking page rotation 1 0.0
1620825782338931857 : Checking page rotation 2 0.0
1620825783642908661 : Checking image 1 crop x1 1
1620825783642999761 : Checking image 1 crop y1 8
1620825783643041561 : Checking image 1 crop x2 2470
1620825783643099361 : Checking image 1 crop y2 3505
1620825783760765961 : Checking image 2 crop x1 0
1620825783760834361 : Checking image 2 crop y1 0
1620825783760860261 : Checking image 2 crop x2 0
1620825783760885061 : Checking image 2 crop y2 0
1620825783760939261 : Checking image 1 dpi 300
1620825783760993161 : Checking image 1 border top 5
1620825783761021761 : Checking image 1 border bottom 5
1620825783761048461 : Checking image 1 border left 6
1620825783761074861 : Checking image 1 border right 6
1620825783767728661 : Checking image 2 border top 0
1620825783767779661 : Checking image 2 border bottom 0
1620825783767805261 : Checking image 2 border left 0
1620825783767829861 : Checking image 2 border right 0

</system-out><system-err>--------------------------------- Captured Err ---------------------------------

</system-err></testcase><testcase classname="tests.test_images" name="test_wrong_split_line_4_png" time="11.164"><system-out>--------------------------------- Captured Log ---------------------------------

--------------------------------- Captured Out ---------------------------------
/home/runner/work/diptych/diptych/tests/wrong_split_line_4.png
1620825791491424183 : Checking separation double page angle 90.92587744884125
1620825791491522583 : Checking separation double page y=0 58
1620825791572986983 : Checking page rotation 1 0.5499999999999999
1620825792553334286 : Checking page rotation 2 1.0999999999999999
1620825793271561888 : Checking image 1 crop x1 0
1620825793271629988 : Checking image 1 crop y1 0
1620825793271661888 : Checking image 1 crop x2 0
1620825793271692188 : Checking image 1 crop y2 0
1620825795265357991 : Checking image 2 crop x1 290
1620825795265443691 : Checking image 2 crop y1 330
1620825795265475591 : Checking image 2 crop x2 2314
1620825795265505491 : Checking image 2 crop y2 3217
1620825795265631191 : Checking image 1 border top 0
1620825795265661991 : Checking image 1 border bottom 0
1620825795265688191 : Checking image 1 border left 0
1620825795265712391 : Checking image 1 border right 0
1620825795265762791 : Checking image 2 dpi 300
1620825795265837791 : Checking image 2 border top 322
1620825795265868091 : Checking image 2 border bottom 278
1620825795265894591 : Checking image 2 border left 218
1620825795265920791 : Checking image 2 border right 218

</system-out><system-err>--------------------------------- Captured Err ---------------------------------

</system-err></testcase><testcase classname="tests.test_images" name="test_no_split_line_wave_algo_3_png" time="10.312"><system-out>--------------------------------- Captured Log ---------------------------------

--------------------------------- Captured Out ---------------------------------
/home/runner/work/diptych/diptych/tests/no_split_line_wave_algo_3.png
1620825796174200493 : Checking separation double page angle 90.18184445198425
1620825796174313093 : Checking separation double page y=0 2405
1620825796908696794 : Checking page rotation 1 0.0
1620825797036067594 : Checking page rotation 2 0.0
1620825798951533797 : Checking image 1 crop x1 184
1620825798951619297 : Checking image 1 crop y1 2957
1620825798951654297 : Checking image 1 crop x2 2201
1620825798951685297 : Checking image 1 crop y2 3202
1620825799447774598 : Checking image 2 crop x1 0
1620825799447850498 : Checking image 2 crop y1 0
1620825799447883498 : Checking image 2 crop x2 0
1620825799447914898 : Checking image 2 crop y2 0
1620825799448072198 : Checking image 1 dpi 300
1620825799448171898 : Checking image 1 border top 2950
1620825799448206298 : Checking image 1 border bottom 292
1620825799448236198 : Checking image 1 border left 221
1620825799448265398 : Checking image 1 border right 221
1620825799455329498 : Checking image 2 border top 0
1620825799455383498 : Checking image 2 border bottom 0
1620825799455409898 : Checking image 2 border left 0
1620825799455435698 : Checking image 2 border right 0

</system-out><system-err>--------------------------------- Captured Err ---------------------------------

</system-err></testcase><testcase classname="tests.test_images" name="test_failed_split_line_line_algo_3_png" time="11.768"><system-out>--------------------------------- Captured Log ---------------------------------

--------------------------------- Captured Out ---------------------------------
/home/runner/work/diptych/diptych/tests/failed_split_line_line_algo_3.png
1620825802577925608 : Checking separation double page angle 90.02403976140027
1620825802578024208 : Checking separation double page y=0 39
1620825802642023008 : Checking page rotation 1 0.0
1620825803278329711 : Checking page rotation 2 0.0
1620825803542142712 : Checking image 1 crop x1 0
1620825803542273312 : Checking image 1 crop y1 0
1620825803542302712 : Checking image 1 crop x2 0
1620825803542343612 : Checking image 1 crop y2 0
1620825807040063227 : Checking image 2 crop x1 249
1620825807040141127 : Checking image 2 crop y1 154
1620825807040172227 : Checking image 2 crop x2 2264
1620825807040202627 : Checking image 2 crop y2 3361
1620825807040342327 : Checking image 1 border top 0
1620825807040376327 : Checking image 1 border bottom 0
1620825807040406327 : Checking image 1 border left 0
1620825807040433527 : Checking image 1 border right 0
1620825807040483927 : Checking image 2 dpi 300
1620825807040544527 : Checking image 2 border top 146
1620825807040575627 : Checking image 2 border bottom 134
1620825807040604027 : Checking image 2 border left 222
1620825807040631327 : Checking image 2 border right 222

</system-out><system-err>--------------------------------- Captured Err ---------------------------------

</system-err></testcase></testsuite></testsuites>