<?xml version="1.0" encoding="utf-8"?><testsuites><testsuite name="pytest" errors="0" failures="0" skipped="0" tests="33" time="840.815" timestamp="2020-12-08T22:21:01.580178" hostname="fv-az139-724"><testcase classname="tests.test_features" name="test_disabled_enable_debug" time="42.198"><system-out>--------------------------------- Captured Log ---------------------------------

--------------------------------- Captured Out ---------------------------------
/home/runner/work/ocr-book/ocr-book/tests/0001_debug.png
separation double page angle 90.57780420099763
separation double page y=0 2487
page rotation 1 0.75
page rotation 2 0.2
image 1 crop x1 330
image 1 crop y1 336
image 1 crop x2 2343
image 1 crop y2 3223
image 2 crop x1 169
image 2 crop y1 648
image 2 crop x2 2186
image 2 crop y2 3361
image 1 dpi 300
image 1 border top 318
image 1 border bottom 282
image 1 border left 223
image 1 border right 223
image 2 dpi 300
image 2 border top 643
image 2 border bottom 131
image 2 border left 221
image 2 border right 221

</system-out><system-err>--------------------------------- Captured Err ---------------------------------

</system-err></testcase><testcase classname="tests.test_features" name="test_mock_stop_at_0" time="0.040"><system-out>--------------------------------- Captured Log ---------------------------------

--------------------------------- Captured Out ---------------------------------
/home/runner/work/ocr-book/ocr-book/tests/0001_0.png

</system-out><system-err>--------------------------------- Captured Err ---------------------------------

</system-err></testcase><testcase classname="tests.test_features" name="test_mock_stop_at_2" time="36.524"><system-out>--------------------------------- Captured Log ---------------------------------

--------------------------------- Captured Out ---------------------------------
/home/runner/work/ocr-book/ocr-book/tests/0001_2.png
separation double page angle 90.57780420099763
separation double page y=0 2487
page rotation 1 0.75
page rotation 2 0.2

</system-out><system-err>--------------------------------- Captured Err ---------------------------------

</system-err></testcase><testcase classname="tests.test_features" name="test_mock_stop_at_4" time="39.590"><system-out>--------------------------------- Captured Log ---------------------------------

--------------------------------- Captured Out ---------------------------------
/home/runner/work/ocr-book/ocr-book/tests/0001_4.png
separation double page angle 90.57780420099763
separation double page y=0 2487
page rotation 1 0.75
page rotation 2 0.2
image 1 crop x1 330
image 1 crop y1 336
image 1 crop x2 2343
image 1 crop y2 3223
image 2 crop x1 169
image 2 crop y1 648
image 2 crop x2 2186
image 2 crop y2 3361
image 1 dpi 300
image 1 border top 318
image 1 border bottom 282
image 1 border left 223
image 1 border right 223
image 2 dpi 300
image 2 border top 643
image 2 border bottom 131
image 2 border left 221
image 2 border right 221

</system-out><system-err>--------------------------------- Captured Err ---------------------------------

</system-err></testcase><testcase classname="tests.test_features" name="test_mock_stop_at_1" time="23.133"><system-out>--------------------------------- Captured Log ---------------------------------

--------------------------------- Captured Out ---------------------------------
/home/runner/work/ocr-book/ocr-book/tests/0001_1.png
separation double page angle 90.57780420099763
separation double page y=0 2487

</system-out><system-err>--------------------------------- Captured Err ---------------------------------

</system-err></testcase><testcase classname="tests.test_features" name="test_mock_stop_at_3" time="38.357"><system-out>--------------------------------- Captured Log ---------------------------------

--------------------------------- Captured Out ---------------------------------
/home/runner/work/ocr-book/ocr-book/tests/0001_3.png
separation double page angle 90.57780420099763
separation double page y=0 2487
page rotation 1 0.75
page rotation 2 0.2
image 1 crop x1 330
image 1 crop y1 336
image 1 crop x2 2343
image 1 crop y2 3223
image 2 crop x1 169
image 2 crop y1 648
image 2 crop x2 2186
image 2 crop y2 3361

</system-out><system-err>--------------------------------- Captured Err ---------------------------------

</system-err></testcase><testcase classname="tests.test_images" name="test_0001_png" time="48.976"><system-out>--------------------------------- Captured Log ---------------------------------

--------------------------------- Captured Out ---------------------------------
/home/runner/work/ocr-book/ocr-book/tests/0001.png
1607466166406416071 : Checking separation double page angle 90.57780420099763
1607466166406504671 : Checking separation double page y=0 2487
1607466172846667450 : Checking page rotation 1 0.75
1607466180871823839 : Checking page rotation 2 0.2
1607466184414144493 : Checking image 1 crop x1 330
1607466184414291093 : Checking image 1 crop y1 336
1607466184414326993 : Checking image 1 crop x2 2343
1607466184414380993 : Checking image 1 crop y2 3223
1607466187739239353 : Checking image 2 crop x1 169
1607466187739363354 : Checking image 2 crop y1 648
1607466187739399854 : Checking image 2 crop x2 2186
1607466187739430654 : Checking image 2 crop y2 3361
1607466187768612522 : Checking image 1 dpi 300
1607466187768688422 : Checking image 1 border top 318
1607466187768721822 : Checking image 1 border bottom 282
1607466187768751522 : Checking image 1 border left 223
1607466187768782122 : Checking image 1 border right 223
1607466187770861027 : Checking image 2 dpi 300
1607466187770914327 : Checking image 2 border top 643
1607466187770944427 : Checking image 2 border bottom 131
1607466187770972027 : Checking image 2 border left 221
1607466187770999427 : Checking image 2 border right 221

</system-out><system-err>--------------------------------- Captured Err ---------------------------------

</system-err></testcase><testcase classname="tests.test_features" name="test_mock_stop_at_5" time="39.663"><system-out>--------------------------------- Captured Log ---------------------------------

--------------------------------- Captured Out ---------------------------------
/home/runner/work/ocr-book/ocr-book/tests/0001_5.png
separation double page angle 90.57780420099763
separation double page y=0 2487
page rotation 1 0.75
page rotation 2 0.2
image 1 crop x1 330
image 1 crop y1 336
image 1 crop x2 2343
image 1 crop y2 3223
image 2 crop x1 169
image 2 crop y1 648
image 2 crop x2 2186
image 2 crop y2 3361
image 1 dpi 300
image 1 border top 318
image 1 border bottom 282
image 1 border left 223
image 1 border right 223
image 2 dpi 300
image 2 border top 643
image 2 border bottom 131
image 2 border left 221
image 2 border right 221

</system-out><system-err>--------------------------------- Captured Err ---------------------------------

</system-err></testcase><testcase classname="tests.test_images" name="test_2_pages_2_contours_png" time="33.466"><system-out>--------------------------------- Captured Log ---------------------------------

--------------------------------- Captured Out ---------------------------------
/home/runner/work/ocr-book/ocr-book/tests/2-pages-2-contours.png
1607466207975072790 : Checking separation double page angle 89.91958537671144
1607466207975149391 : Checking separation double page y=0 2492
1607466210056771968 : Checking page rotation 1 0.05
1607466216111522868 : Checking page rotation 2 0.35000000000000003
1607466217592396071 : Checking image 1 crop x1 1189
1607466217592489771 : Checking image 1 crop y1 1748
1607466217592522871 : Checking image 1 crop x2 1190
1607466217592551071 : Checking image 1 crop y2 1749
1607466221210020258 : Checking image 2 crop x1 89
1607466221210143058 : Checking image 2 crop y1 240
1607466221210179258 : Checking image 2 crop x2 2136
1607466221210211959 : Checking image 2 crop y2 3239
1607466221238761320 : Checking image 1 dpi 300
1607466221238850920 : Checking image 1 border top 1753
1607466221238883020 : Checking image 1 border bottom 1753
1607466221238911120 : Checking image 1 border left 1239
1607466221238939720 : Checking image 1 border right 1239
1607466221240605024 : Checking image 2 dpi 300
1607466221240675924 : Checking image 2 border top 227
1607466221240708424 : Checking image 2 border bottom 261
1607466221240754024 : Checking image 2 border left 206
1607466221240781924 : Checking image 2 border right 206

</system-out><system-err>--------------------------------- Captured Err ---------------------------------

</system-err></testcase><testcase classname="tests.test_images" name="test_angle_page_lower_split_line_png" time="50.056"><system-out>--------------------------------- Captured Log ---------------------------------

--------------------------------- Captured Out ---------------------------------
/home/runner/work/ocr-book/ocr-book/tests/angle_page_lower_split_line.png
1607466238743690304 : Checking separation double page angle 89.75201324945476
1607466238743786504 : Checking separation double page y=0 2473
1607466245170488033 : Checking page rotation 1 -0.44999999999998863
1607466250146625674 : Checking page rotation 2 0.2
1607466253037470595 : Checking image 1 crop x1 245
1607466253037614695 : Checking image 1 crop y1 161
1607466253037673595 : Checking image 1 crop x2 2351
1607466253037706795 : Checking image 1 crop y2 3364
1607466256004657650 : Checking image 2 crop x1 151
1607466256004806051 : Checking image 2 crop y1 147
1607466256004838251 : Checking image 2 crop x2 2258
1607466256004867951 : Checking image 2 crop y2 3350
1607466256037737418 : Checking image 1 dpi 300
1607466256037842118 : Checking image 1 border top 141
1607466256037876118 : Checking image 1 border bottom 143
1607466256037904418 : Checking image 1 border left 177
1607466256037970118 : Checking image 1 border right 177
1607466256041197425 : Checking image 2 dpi 300
1607466256041272725 : Checking image 2 border top 129
1607466256041303525 : Checking image 2 border bottom 155
1607466256041349725 : Checking image 2 border left 176
1607466256041378325 : Checking image 2 border right 176

</system-out><system-err>--------------------------------- Captured Err ---------------------------------

</system-err></testcase><testcase classname="tests.test_images" name="test_black_border_not_removed_png" time="54.211"><system-out>--------------------------------- Captured Log ---------------------------------

--------------------------------- Captured Out ---------------------------------
/home/runner/work/ocr-book/ocr-book/tests/black-border-not-removed.png
1607466251392832129 : Checking separation double page angle 90.02895758682553
1607466251392913829 : Checking separation double page y=0 2456
1607466257114079409 : Checking page rotation 1 0.0
1607466266996623912 : Checking page rotation 2 0.0
1607466270643626343 : Checking image 1 crop x1 297
1607466270643726343 : Checking image 1 crop y1 143
1607466270643759143 : Checking image 1 crop x2 2309
1607466270643787743 : Checking image 1 crop y2 3346
1607466275418964706 : Checking image 2 crop x1 157
1607466275419065206 : Checking image 2 crop y1 145
1607466275419098807 : Checking image 2 crop x2 2169
1607466275419129607 : Checking image 2 crop y2 3352
1607466275449375467 : Checking image 1 dpi 300
1607466275449457167 : Checking image 1 border top 127
1607466275449491967 : Checking image 1 border bottom 157
1607466275449522467 : Checking image 1 border left 224
1607466275449552867 : Checking image 1 border right 224
1607466275452091472 : Checking image 2 dpi 300
1607466275452224473 : Checking image 2 border top 133
1607466275452268473 : Checking image 2 border bottom 147
1607466275452303973 : Checking image 2 border left 224
1607466275452339473 : Checking image 2 border right 224

</system-out><system-err>--------------------------------- Captured Err ---------------------------------

</system-err></testcase><testcase classname="tests.test_images" name="test_wrong_split_line_png" time="41.457"><system-out>--------------------------------- Captured Log ---------------------------------

--------------------------------- Captured Out ---------------------------------
/home/runner/work/ocr-book/ocr-book/tests/wrong_split_line.png
1607466281347784925 : Checking separation double page angle 89.85895720607971
1607466281347863925 : Checking separation double page y=0 2463
1607466286769869586 : Checking page rotation 1 -0.14999999999999147
1607466292605541721 : Checking page rotation 2 0.65
1607466294932336807 : Checking image 1 crop x1 213
1607466294932443707 : Checking image 1 crop y1 157
1607466294932476607 : Checking image 1 crop x2 2323
1607466294932507307 : Checking image 1 crop y2 3362
1607466297479425520 : Checking image 2 crop x1 126
1607466297479525720 : Checking image 2 crop y1 167
1607466297479559120 : Checking image 2 crop x2 2237
1607466297479588520 : Checking image 2 crop y2 3372
1607466297511491283 : Checking image 1 dpi 300
1607466297511578083 : Checking image 1 border top 135
1607466297511626383 : Checking image 1 border bottom 147
1607466297511654383 : Checking image 1 border left 175
1607466297511681783 : Checking image 1 border right 175
1607466297513708387 : Checking image 2 dpi 300
1607466297513756487 : Checking image 2 border top 139
1607466297513783887 : Checking image 2 border bottom 143
1607466297513809487 : Checking image 2 border left 174
1607466297513835987 : Checking image 2 border right 174

</system-out><system-err>--------------------------------- Captured Err ---------------------------------

</system-err></testcase><testcase classname="tests.test_images" name="test_image_failed_to_rotate_png" time="55.597"><system-out>--------------------------------- Captured Log ---------------------------------

--------------------------------- Captured Out ---------------------------------
/home/runner/work/ocr-book/ocr-book/tests/image_failed_to_rotate.png
1607466303461007262 : Checking separation double page angle 90.19634423290287
1607466303461092662 : Checking separation double page y=0 2482
1607466308197070530 : Checking page rotation 1 0.35000000000000003
1607466315809482681 : Checking page rotation 2 0.45
1607466325955638878 : Checking image 1 crop x1 34
1607466325955735178 : Checking image 1 crop y1 1
1607466325955770779 : Checking image 1 crop x2 2480
1607466325955802179 : Checking image 1 crop y2 3500
1607466330924500725 : Checking image 2 crop x1 169
1607466330924617525 : Checking image 2 crop y1 234
1607466330924650526 : Checking image 2 crop x2 2248
1607466330924680826 : Checking image 2 crop y2 3355
1607466330960160330 : Checking image 1 dpi 300
1607466330960262430 : Checking image 1 border top 4
1607466330960298931 : Checking image 1 border bottom 4
1607466330960328231 : Checking image 1 border left 17
1607466330960358931 : Checking image 1 border right 17
1607466330963088647 : Checking image 2 dpi 300
1607466330963149147 : Checking image 2 border top 221
1607466330963178047 : Checking image 2 border bottom 145
1607466330963204747 : Checking image 2 border left 190
1607466330963231247 : Checking image 2 border right 190

</system-out><system-err>--------------------------------- Captured Err ---------------------------------

</system-err></testcase><testcase classname="tests.test_images" name="test_crop_too_much_png" time="70.005"><system-out>--------------------------------- Captured Log ---------------------------------

--------------------------------- Captured Out ---------------------------------
/home/runner/work/ocr-book/ocr-book/tests/crop_too_much.png
1607466340526619236 : Checking separation double page angle 90.13239409272953
1607466340526720136 : Checking separation double page y=0 2453
1607466350565903181 : Checking page rotation 1 0.0
1607466359066292661 : Checking page rotation 2 0.45
1607466363325082659 : Checking image 1 crop x1 303
1607466363325202259 : Checking image 1 crop y1 148
1607466363325252560 : Checking image 1 crop x2 2313
1607466363325281360 : Checking image 1 crop y2 3351
1607466367462354290 : Checking image 2 crop x1 170
1607466367462483990 : Checking image 2 crop y1 155
1607466367462517091 : Checking image 2 crop x2 2181
1607466367462548291 : Checking image 2 crop y2 3359
1607466367503072689 : Checking image 1 dpi 300
1607466367503178090 : Checking image 1 border top 131
1607466367503209190 : Checking image 1 border bottom 153
1607466367503236590 : Checking image 1 border left 225
1607466367503262390 : Checking image 1 border right 225
1607466367505517101 : Checking image 2 dpi 300
1607466367505574601 : Checking image 2 border top 133
1607466367505601702 : Checking image 2 border bottom 150
1607466367505626702 : Checking image 2 border left 224
1607466367505654002 : Checking image 2 border right 224

</system-out><system-err>--------------------------------- Captured Err ---------------------------------

</system-err></testcase><testcase classname="tests.test_images" name="test_image_failed_to_crop_data_png" time="54.023"><system-out>--------------------------------- Captured Log ---------------------------------

--------------------------------- Captured Out ---------------------------------
/home/runner/work/ocr-book/ocr-book/tests/image_failed_to_crop_data.png
1607466359163508953 : Checking separation double page angle 89.91538216173362
1607466359163583354 : Checking separation double page y=0 2477
1607466364238142198 : Checking page rotation 1 0.2
1607466369435469713 : Checking page rotation 2 0.0
1607466380247729823 : Checking image 1 crop x1 58
1607466380247835724 : Checking image 1 crop y1 8
1607466380247890224 : Checking image 1 crop x2 2480
1607466380247922424 : Checking image 1 crop y2 3504
1607466384992666110 : Checking image 2 crop x1 159
1607466384992766411 : Checking image 2 crop y1 217
1607466384992799611 : Checking image 2 crop x2 2241
1607466384992830411 : Checking image 2 crop y2 3350
1607466385019485733 : Checking image 1 dpi 300
1607466385019561233 : Checking image 1 border top 6
1607466385019594233 : Checking image 1 border bottom 6
1607466385019620933 : Checking image 1 border left 29
1607466385019649234 : Checking image 1 border right 29
1607466385021879044 : Checking image 2 dpi 300
1607466385021979344 : Checking image 2 border top 206
1607466385022014144 : Checking image 2 border bottom 148
1607466385022040944 : Checking image 2 border left 189
1607466385022068745 : Checking image 2 border right 189

</system-out><system-err>--------------------------------- Captured Err ---------------------------------

</system-err></testcase><testcase classname="tests.test_images" name="test_crop_too_few_png" time="43.992"><system-out>--------------------------------- Captured Log ---------------------------------

--------------------------------- Captured Out ---------------------------------
/home/runner/work/ocr-book/ocr-book/tests/crop_too_few.png
1607466395017573282 : Checking separation double page angle 89.39669496435833
1607466395017653482 : Checking separation double page y=0 2510
1607466401151021193 : Checking page rotation 1 -0.75
1607466405935567130 : Checking page rotation 2 0.05
1607466408799875702 : Checking image 1 crop x1 265
1607466408799998202 : Checking image 1 crop y1 152
1607466408800031203 : Checking image 1 crop x2 2375
1607466408800060303 : Checking image 1 crop y2 3356
1607466411484338209 : Checking image 2 crop x1 135
1607466411484487609 : Checking image 2 crop y1 141
1607466411484522109 : Checking image 2 crop x2 2261
1607466411484573110 : Checking image 2 crop y2 3345
1607466411516994444 : Checking image 1 dpi 300
1607466411517093945 : Checking image 1 border top 134
1607466411517126045 : Checking image 1 border bottom 149
1607466411517170945 : Checking image 1 border left 175
1607466411517198145 : Checking image 1 border right 175
1607466411519286454 : Checking image 2 dpi 300
1607466411519335654 : Checking image 2 border top 129
1607466411519362754 : Checking image 2 border bottom 154
1607466411519387454 : Checking image 2 border left 167
1607466411519412354 : Checking image 2 border right 167

</system-out><system-err>--------------------------------- Captured Err ---------------------------------

</system-err></testcase><testcase classname="tests.test_images" name="test_wrong_angle_split_line_png" time="61.998"><system-out>--------------------------------- Captured Log ---------------------------------

--------------------------------- Captured Out ---------------------------------
/home/runner/work/ocr-book/ocr-book/tests/wrong_angle_split_line.png
1607466415189521412 : Checking separation double page angle 90.04193420006348
1607466415189639112 : Checking separation double page y=0 2477
1607466422423566851 : Checking page rotation 1 0.2
1607466430508384942 : Checking page rotation 2 0.2
1607466441554452277 : Checking image 1 crop x1 61
1607466441554579877 : Checking image 1 crop y1 7
1607466441554617178 : Checking image 1 crop x2 2475
1607466441554649178 : Checking image 1 crop y2 3500
1607466446250580000 : Checking image 2 crop x1 165
1607466446250731700 : Checking image 2 crop y1 219
1607466446250769900 : Checking image 2 crop x2 2241
1607466446250804300 : Checking image 2 crop y2 3348
1607466446411138698 : Checking image 1 dpi 300
1607466446411244298 : Checking image 1 border top 7
1607466446411281098 : Checking image 1 border bottom 7
1607466446411309998 : Checking image 1 border left 33
1607466446411358498 : Checking image 1 border right 33
1607466446418555125 : Checking image 2 dpi 300
1607466446418632825 : Checking image 2 border top 207
1607466446418662726 : Checking image 2 border bottom 151
1607466446418692826 : Checking image 2 border left 192
1607466446418719426 : Checking image 2 border right 192

</system-out><system-err>--------------------------------- Captured Err ---------------------------------

</system-err></testcase><testcase classname="tests.test_images" name="test_crop_too_much_2_png" time="74.640"><system-out>--------------------------------- Captured Log ---------------------------------

--------------------------------- Captured Out ---------------------------------
/home/runner/work/ocr-book/ocr-book/tests/crop_too_much_2.png
1607466453214258098 : Checking separation double page angle 90.2021118646249
1607466453214377998 : Checking separation double page y=0 2477
1607466465624023889 : Checking page rotation 1 0.2
1607466476646445900 : Checking page rotation 2 0.2
1607466480649194990 : Checking image 1 crop x1 332
1607466480649333891 : Checking image 1 crop y1 131
1607466480649368991 : Checking image 1 crop x2 2342
1607466480649399191 : Checking image 1 crop y2 3336
1607466486071557227 : Checking image 2 crop x1 168
1607466486071694428 : Checking image 2 crop y1 139
1607466486071763628 : Checking image 2 crop x2 2181
1607466486071830428 : Checking image 2 crop y2 3345
1607466486120129590 : Checking image 1 dpi 300
1607466486120242091 : Checking image 1 border top 118
1607466486120275691 : Checking image 1 border bottom 164
1607466486120304791 : Checking image 1 border left 225
1607466486120335191 : Checking image 1 border right 225
1607466486123057200 : Checking image 2 dpi 300
1607466486123120300 : Checking image 2 border top 127
1607466486123150200 : Checking image 2 border bottom 154
1607466486123178001 : Checking image 2 border left 223
1607466486123208101 : Checking image 2 border right 223

</system-out><system-err>--------------------------------- Captured Err ---------------------------------

</system-err></testcase><testcase classname="tests.test_images" name="test_wrong_split_line_3_png" time="56.555"><system-out>--------------------------------- Captured Log ---------------------------------

--------------------------------- Captured Out ---------------------------------
/home/runner/work/ocr-book/ocr-book/tests/wrong_split_line_3.png
1607466482577381238 : Checking separation double page angle 90.43729500214693
1607466482577455938 : Checking separation double page y=0 2498
1607466490483232674 : Checking page rotation 1 0.30000000000000004
1607466497912784080 : Checking page rotation 2 0.9
1607466500782323738 : Checking image 1 crop x1 331
1607466500782441838 : Checking image 1 crop y1 165
1607466500782477038 : Checking image 1 crop x2 2375
1607466500782508939 : Checking image 1 crop y2 3376
1607466503602021577 : Checking image 2 crop x1 102
1607466503602126777 : Checking image 2 crop y1 208
1607466503602160177 : Checking image 2 crop x2 2133
1607466503602190277 : Checking image 2 crop y2 3413
1607466503634726183 : Checking image 1 dpi 300
1607466503634826483 : Checking image 1 border top 148
1607466503634858083 : Checking image 1 border bottom 128
1607466503634884483 : Checking image 1 border left 208
1607466503634912483 : Checking image 1 border right 208
1607466503637402791 : Checking image 2 dpi 300
1607466503637473891 : Checking image 2 border top 191
1607466503637504092 : Checking image 2 border bottom 91
1607466503637531792 : Checking image 2 border left 214
1607466503637561192 : Checking image 2 border right 214

</system-out><system-err>--------------------------------- Captured Err ---------------------------------

</system-err></testcase><testcase classname="tests.test_images" name="test_wrong_split_line_2_png" time="90.097"><system-out>--------------------------------- Captured Log ---------------------------------

--------------------------------- Captured Out ---------------------------------
/home/runner/work/ocr-book/ocr-book/tests/wrong_split_line_2.png
1607466539612806097 : Checking separation double page angle 90.3838786217729
1607466539612884998 : Checking separation double page y=0 2442
1607466547822554794 : Checking page rotation 1 0.05
1607466559264936737 : Checking page rotation 2 0.4
1607466566251538651 : Checking image 1 crop x1 294
1607466566251640552 : Checking image 1 crop y1 137
1607466566251672452 : Checking image 1 crop x2 2326
1607466566251700352 : Checking image 1 crop y2 3375
1607466576201115331 : Checking image 2 crop x1 146
1607466576201239732 : Checking image 2 crop y1 192
1607466576201273732 : Checking image 2 crop x2 2173
1607466576201304232 : Checking image 2 crop y2 3386
1607466576243390452 : Checking image 1 dpi 300
1607466576243490852 : Checking image 1 border top 124
1607466576243523052 : Checking image 1 border bottom 124
1607466576243550952 : Checking image 1 border left 214
1607466576243578353 : Checking image 1 border right 214
1607466576245918459 : Checking image 2 dpi 300
1607466576246028660 : Checking image 2 border top 185
1607466576246060460 : Checking image 2 border bottom 108
1607466576246104560 : Checking image 2 border left 216
1607466576246132360 : Checking image 2 border right 216

</system-out><system-err>--------------------------------- Captured Err ---------------------------------

</system-err></testcase><testcase classname="tests.test_images" name="test_wrong_wave_split_line_png" time="83.964"><system-out>--------------------------------- Captured Log ---------------------------------

--------------------------------- Captured Out ---------------------------------
/home/runner/work/ocr-book/ocr-book/tests/wrong_wave_split_line.png
1607466547257453012 : Checking separation double page angle 90.5287860410772
1607466547257565112 : Checking separation double page y=0 2502
1607466556804194631 : Checking page rotation 1 -0.14999999999999147
1607466565416811835 : Checking page rotation 2 0.8500000000000001
1607466573837223277 : Checking image 1 crop x1 385
1607466573837354377 : Checking image 1 crop y1 179
1607466573837389378 : Checking image 1 crop x2 2411
1607466573837419678 : Checking image 1 crop y2 3374
1607466587540363737 : Checking image 2 crop x1 27
1607466587540471637 : Checking image 2 crop y1 1
1607466587540508037 : Checking image 2 crop x2 2489
1607466587540540938 : Checking image 2 crop y2 3505
1607466587589408575 : Checking image 1 dpi 300
1607466587589547475 : Checking image 1 border top 169
1607466587589585375 : Checking image 1 border bottom 123
1607466587589615675 : Checking image 1 border left 217
1607466587589661776 : Checking image 1 border right 217
1607466587592009682 : Checking image 2 dpi 300
1607466587592071082 : Checking image 2 border top 2
1607466587592103982 : Checking image 2 border bottom 2
1607466587592131283 : Checking image 2 border left 9
1607466587592162183 : Checking image 2 border right 9

</system-out><system-err>--------------------------------- Captured Err ---------------------------------

</system-err></testcase><testcase classname="tests.test_images" name="test_small_wave_png" time="64.493"><system-out>--------------------------------- Captured Log ---------------------------------

--------------------------------- Captured Out ---------------------------------
/home/runner/work/ocr-book/ocr-book/tests/small_wave.png
1607466618114194340 : Checking separation double page angle 90.61316928841566
1607466618114275440 : Checking separation double page y=0 2495
1607466627370829549 : Checking page rotation 1 0.7000000000000001
1607466635004452206 : Checking page rotation 2 0.7000000000000001
1607466637690897571 : Checking image 1 crop x1 322
1607466637691005671 : Checking image 1 crop y1 199
1607466637691039171 : Checking image 1 crop x2 2351
1607466637691069771 : Checking image 1 crop y2 3394
1607466640674013207 : Checking image 2 crop x1 135
1607466640674174507 : Checking image 2 crop y1 223
1607466640674212907 : Checking image 2 crop x2 2164
1607466640674247807 : Checking image 2 crop y2 3419
1607466640711920908 : Checking image 1 dpi 300
1607466640712018508 : Checking image 1 border top 178
1607466640712050308 : Checking image 1 border bottom 114
1607466640712077608 : Checking image 1 border left 215
1607466640712104608 : Checking image 1 border right 215
1607466640714572415 : Checking image 2 dpi 300
1607466640714640815 : Checking image 2 border top 196
1607466640714670515 : Checking image 2 border bottom 95
1607466640714697915 : Checking image 2 border left 215
1607466640714727715 : Checking image 2 border right 215

</system-out><system-err>--------------------------------- Captured Err ---------------------------------

</system-err></testcase><testcase classname="tests.test_images" name="test_no_split_line_line_algo_png" time="50.224"><system-out>--------------------------------- Captured Log ---------------------------------

--------------------------------- Captured Out ---------------------------------
/home/runner/work/ocr-book/ocr-book/tests/no_split_line_line_algo.png
1607466618444484036 : Checking separation double page angle 89.47691469185418
1607466618444562136 : Checking separation double page y=0 2476
1607466623365077755 : Checking page rotation 1 -0.14999999999999147
1607466631763113638 : Checking page rotation 2 -0.44999999999998863
1607466634259883817 : Checking image 1 crop x1 205
1607466634259986517 : Checking image 1 crop y1 158
1607466634260019218 : Checking image 1 crop x2 2320
1607466634260049218 : Checking image 1 crop y2 3366
1607466637794011946 : Checking image 2 crop x1 185
1607466637794116246 : Checking image 2 crop y1 221
1607466637794168546 : Checking image 2 crop x2 2201
1607466637794215946 : Checking image 2 crop y2 3366
1607466637829541740 : Checking image 1 dpi 300
1607466637829655941 : Checking image 1 border top 141
1607466637829723341 : Checking image 1 border bottom 138
1607466637829752141 : Checking image 1 border left 172
1607466637829781841 : Checking image 1 border right 172
1607466637832051747 : Checking image 2 dpi 300
1607466637832103947 : Checking image 2 border top 215
1607466637832132347 : Checking image 2 border bottom 127
1607466637832158547 : Checking image 2 border left 222
1607466637832184247 : Checking image 2 border right 222

</system-out><system-err>--------------------------------- Captured Err ---------------------------------

</system-err></testcase><testcase classname="tests.test_images" name="test_failed_split_line_line_algo_2_png" time="62.916"><system-out>--------------------------------- Captured Log ---------------------------------

--------------------------------- Captured Out ---------------------------------
/home/runner/work/ocr-book/ocr-book/tests/failed_split_line_line_algo_2.png
1607466676870949179 : Checking separation double page angle 89.9913422057325
1607466676871054879 : Checking separation double page y=0 2498
1607466687930769644 : Checking page rotation 1 0.0
1607466694841380729 : Checking page rotation 2 0.6000000000000001
1607466697762288781 : Checking image 1 crop x1 272
1607466697762466082 : Checking image 1 crop y1 149
1607466697762504482 : Checking image 1 crop x2 2383
1607466697762537782 : Checking image 1 crop y2 3353
1607466700700461965 : Checking image 2 crop x1 107
1607466700700557365 : Checking image 2 crop y1 155
1607466700700589765 : Checking image 2 crop x2 2230
1607466700700620466 : Checking image 2 crop y2 3350
1607466700741039068 : Checking image 1 dpi 300
1607466700741139969 : Checking image 1 border top 139
1607466700741181369 : Checking image 1 border bottom 144
1607466700741219169 : Checking image 1 border left 174
1607466700741256769 : Checking image 1 border right 174
1607466700743712575 : Checking image 2 dpi 300
1607466700743771375 : Checking image 2 border top 136
1607466700743806475 : Checking image 2 border bottom 156
1607466700743837376 : Checking image 2 border left 168
1607466700743868176 : Checking image 2 border right 168

</system-out><system-err>--------------------------------- Captured Err ---------------------------------

</system-err></testcase><testcase classname="tests.test_images" name="test_failed_split_line_line_algo_png" time="24.524"><system-out>--------------------------------- Captured Log ---------------------------------

--------------------------------- Captured Out ---------------------------------
/home/runner/work/ocr-book/ocr-book/tests/failed_split_line_line_algo.png
1607466656011112290 : Checking separation double page angle 90.01634220573249
1607466656011230590 : Checking separation double page y=0 2575
1607466659212194476 : Checking page rotation 1 -0.14999999999999147
1607466661207697393 : Checking page rotation 2 0.0
1607466663863900725 : Checking image 1 crop x1 407
1607466663864010226 : Checking image 1 crop y1 2925
1607466663864044226 : Checking image 1 crop x2 2419
1607466663864073326 : Checking image 1 crop y2 3174
1607466665295833357 : Checking image 2 crop x1 1184
1607466665295934557 : Checking image 2 crop y1 1744
1607466665295970357 : Checking image 2 crop x2 1185
1607466665296001257 : Checking image 2 crop y2 1745
1607466665296275058 : Checking image 1 dpi 300
1607466665296353458 : Checking image 1 border top 2917
1607466665296386758 : Checking image 1 border bottom 321
1607466665296417158 : Checking image 1 border left 224
1607466665296447058 : Checking image 1 border right 224
1607466665298973065 : Checking image 2 dpi 300
1607466665299033365 : Checking image 2 border top 1752
1607466665299065665 : Checking image 2 border bottom 1753
1607466665299116365 : Checking image 2 border left 1239
1607466665299144765 : Checking image 2 border right 1239

</system-out><system-err>--------------------------------- Captured Err ---------------------------------

</system-err></testcase><testcase classname="tests.test_images" name="test_wrong_wave_split_line_2_png" time="66.598"><system-out>--------------------------------- Captured Log ---------------------------------

--------------------------------- Captured Out ---------------------------------
/home/runner/work/ocr-book/ocr-book/tests/wrong_wave_split_line_2.png
1607466706275702232 : Checking separation double page angle 90.7708958311329
1607466706275781032 : Checking separation double page y=0 2490
1607466714924532623 : Checking page rotation 1 0.4
1607466725680416712 : Checking page rotation 2 1.8
1607466728699604490 : Checking image 1 crop x1 224
1607466728699716090 : Checking image 1 crop y1 147
1607466728699751790 : Checking image 1 crop x2 2337
1607466728699784390 : Checking image 1 crop y2 3355
1607466731823744721 : Checking image 2 crop x1 72
1607466731823845021 : Checking image 2 crop y1 197
1607466731823876621 : Checking image 2 crop x2 2194
1607466731823905121 : Checking image 2 crop y2 3396
1607466731864102922 : Checking image 1 dpi 300
1607466731864195622 : Checking image 1 border top 133
1607466731864224822 : Checking image 1 border bottom 146
1607466731864251022 : Checking image 1 border left 173
1607466731864276622 : Checking image 1 border right 173
1607466731866564828 : Checking image 2 dpi 300
1607466731866613828 : Checking image 2 border top 167
1607466731866641328 : Checking image 2 border bottom 121
1607466731866667228 : Checking image 2 border left 169
1607466731866693228 : Checking image 2 border right 169

</system-out><system-err>--------------------------------- Captured Err ---------------------------------

</system-err></testcase><testcase classname="tests.test_images" name="test_crop_too_much_3_png" time="63.633"><system-out>--------------------------------- Captured Log ---------------------------------

--------------------------------- Captured Out ---------------------------------
/home/runner/work/ocr-book/ocr-book/tests/crop_too_much_3.png
1607466737682450776 : Checking separation double page angle 89.55580634783144
1607466737682587476 : Checking separation double page y=0 2499
1607466745834361905 : Checking page rotation 1 -0.9499999999999886
1607466756459252600 : Checking page rotation 2 -0.14999999999999147
1607466760478714857 : Checking image 1 crop x1 373
1607466760478810457 : Checking image 1 crop y1 258
1607466760478843357 : Checking image 1 crop x2 2386
1607466760478871957 : Checking image 1 crop y2 3458
1607466764339833808 : Checking image 2 crop x1 167
1607466764339935908 : Checking image 2 crop y1 228
1607466764339973308 : Checking image 2 crop x2 2180
1607466764340007808 : Checking image 2 crop y2 3417
1607466764381546811 : Checking image 1 dpi 300
1607466764381627211 : Checking image 1 border top 239
1607466764381660211 : Checking image 1 border bottom 48
1607466764381688911 : Checking image 1 border left 223
1607466764381719811 : Checking image 1 border right 223
1607466764384633718 : Checking image 2 dpi 300
1607466764384714219 : Checking image 2 border top 207
1607466764384763719 : Checking image 2 border bottom 91
1607466764384811119 : Checking image 2 border left 223
1607466764384841619 : Checking image 2 border right 223

</system-out><system-err>--------------------------------- Captured Err ---------------------------------

</system-err></testcase><testcase classname="tests.test_images" name="test_wrong_wave_split_line_3_png" time="59.869"><system-out>--------------------------------- Captured Log ---------------------------------

--------------------------------- Captured Out ---------------------------------
/home/runner/work/ocr-book/ocr-book/tests/wrong_wave_split_line_3.png
1607466770462869327 : Checking separation double page angle 90.0586735161512
1607466770462950927 : Checking separation double page y=0 2510
1607466779580049981 : Checking page rotation 1 0.1
1607466785846558876 : Checking page rotation 2 0.35000000000000003
1607466788862631976 : Checking image 1 crop x1 272
1607466788862742476 : Checking image 1 crop y1 219
1607466788862778476 : Checking image 1 crop x2 2383
1607466788862808376 : Checking image 1 crop y2 3423
1607466791716961672 : Checking image 2 crop x1 119
1607466791717060572 : Checking image 2 crop y1 226
1607466791717092372 : Checking image 2 crop x2 2240
1607466791717121272 : Checking image 2 crop y2 3413
1607466791748345449 : Checking image 1 dpi 300
1607466791748418549 : Checking image 1 border top 202
1607466791748447849 : Checking image 1 border bottom 81
1607466791748474349 : Checking image 1 border left 174
1607466791748499849 : Checking image 1 border right 174
1607466791750120653 : Checking image 2 dpi 300
1607466791750167753 : Checking image 2 border top 203
1607466791750197453 : Checking image 2 border bottom 97
1607466791750223653 : Checking image 2 border left 169
1607466791750249754 : Checking image 2 border right 169

</system-out><system-err>--------------------------------- Captured Err ---------------------------------

</system-err></testcase><testcase classname="tests.test_images" name="test_no_split_line_wave_algo_png" time="58.258"><system-out>--------------------------------- Captured Log ---------------------------------

--------------------------------- Captured Out ---------------------------------
/home/runner/work/ocr-book/ocr-book/tests/no_split_line_wave_algo.png
1607466792598384831 : Checking separation double page angle 89.93575909193099
1607466792598476431 : Checking separation double page y=0 2482
1607466798401511934 : Checking page rotation 1 0.0
1607466807229282896 : Checking page rotation 2 -0.5499999999999972
1607466816031550847 : Checking image 1 crop x1 97
1607466816031628647 : Checking image 1 crop y1 77
1607466816031660147 : Checking image 1 crop x2 2483
1607466816031690147 : Checking image 1 crop y2 3505
1607466822569615650 : Checking image 2 crop x1 164
1607466822569715050 : Checking image 2 crop y1 266
1607466822569749950 : Checking image 2 crop x2 2241
1607466822569779550 : Checking image 2 crop y2 3382
1607466822606232039 : Checking image 1 dpi 300
1607466822606313039 : Checking image 1 border top 40
1607466822606344239 : Checking image 1 border bottom 40
1607466822606370639 : Checking image 1 border left 47
1607466822606398539 : Checking image 1 border right 47
1607466822608393644 : Checking image 2 dpi 300
1607466822608474444 : Checking image 2 border top 254
1607466822608554344 : Checking image 2 border bottom 117
1607466822608582344 : Checking image 2 border left 191
1607466822608627945 : Checking image 2 border right 191

</system-out><system-err>--------------------------------- Captured Err ---------------------------------

</system-err></testcase><testcase classname="tests.test_images" name="test_no_split_line_wave_algo_2_png" time="51.422"><system-out>--------------------------------- Captured Log ---------------------------------

--------------------------------- Captured Out ---------------------------------
/home/runner/work/ocr-book/ocr-book/tests/no_split_line_wave_algo_2.png
1607466822900343754 : Checking separation double page angle 91.21822795596304
1607466822900420254 : Checking separation double page y=0 2488
1607466829960724517 : Checking page rotation 1 1.1
1607466837757761979 : Checking page rotation 2 0.2
1607466840679971115 : Checking image 1 crop x1 266
1607466840680099216 : Checking image 1 crop y1 210
1607466840680135816 : Checking image 1 crop x2 2342
1607466840680289217 : Checking image 1 crop y2 3413
1607466843142592709 : Checking image 2 crop x1 199
1607466843142691010 : Checking image 2 crop y1 241
1607466843142722210 : Checking image 2 crop x2 2282
1607466843142750710 : Checking image 2 crop y2 3433
1607466843179187512 : Checking image 1 dpi 300
1607466843179334313 : Checking image 1 border top 194
1607466843179368613 : Checking image 1 border bottom 90
1607466843179420413 : Checking image 1 border left 192
1607466843179452014 : Checking image 1 border right 192
1607466843182071528 : Checking image 2 dpi 300
1607466843182122028 : Checking image 2 border top 226
1607466843182152229 : Checking image 2 border bottom 69
1607466843182180329 : Checking image 2 border left 188
1607466843182208729 : Checking image 2 border right 188

</system-out><system-err>--------------------------------- Captured Err ---------------------------------

</system-err></testcase><testcase classname="tests.test_images" name="test_crop_too_few_2_png" time="47.732"><system-out>--------------------------------- Captured Log ---------------------------------

--------------------------------- Captured Out ---------------------------------
/home/runner/work/ocr-book/ocr-book/tests/crop_too_few_2.png
1607466851437710945 : Checking separation double page angle 90.25476192320097
1607466851437810546 : Checking separation double page y=0 2531
1607466858618043055 : Checking page rotation 1 1.2000000000000002
1607466864801139332 : Checking page rotation 2 -0.09999999999999432
1607466867878679351 : Checking image 1 crop x1 287
1607466867878807052 : Checking image 1 crop y1 165
1607466867878842552 : Checking image 1 crop x2 2398
1607466867878891452 : Checking image 1 crop y2 3368
1607466870367156376 : Checking image 2 crop x1 145
1607466870367257977 : Checking image 2 crop y1 175
1607466870367292377 : Checking image 2 crop x2 2271
1607466870367324377 : Checking image 2 crop y2 3373
1607466870397610436 : Checking image 1 dpi 300
1607466870397682537 : Checking image 1 border top 139
1607466870397712837 : Checking image 1 border bottom 145
1607466870397739237 : Checking image 1 border left 174
1607466870397766437 : Checking image 1 border right 174
1607466870399898549 : Checking image 2 dpi 300
1607466870399945949 : Checking image 2 border top 180
1607466870399973349 : Checking image 2 border bottom 109
1607466870399998649 : Checking image 2 border left 167
1607466870400025449 : Checking image 2 border right 167

</system-out><system-err>--------------------------------- Captured Err ---------------------------------

</system-err></testcase><testcase classname="tests.test_images" name="test_failed_detect_rectangle_png" time="57.510"><system-out>--------------------------------- Captured Log ---------------------------------

--------------------------------- Captured Out ---------------------------------
/home/runner/work/ocr-book/ocr-book/tests/failed_detect_rectangle.png
1607466880022147328 : Checking separation double page angle 90.19837516213147
1607466880022227828 : Checking separation double page y=0 2471
1607466886995757640 : Checking page rotation 1 0.2
1607466894987690226 : Checking page rotation 2 0.2
1607466897665721463 : Checking image 1 crop x1 257
1607466897665847463 : Checking image 1 crop y1 201
1607466897665881164 : Checking image 1 crop x2 2333
1607466897665910564 : Checking image 1 crop y2 3402
1607466900653765480 : Checking image 2 crop x1 139
1607466900653865981 : Checking image 2 crop y1 215
1607466900653898281 : Checking image 2 crop x2 2222
1607466900653947681 : Checking image 2 crop y2 3406
1607466900692256772 : Checking image 1 dpi 300
1607466900692351673 : Checking image 1 border top 188
1607466900692403373 : Checking image 1 border bottom 98
1607466900692432373 : Checking image 1 border left 192
1607466900692461173 : Checking image 1 border right 192
1607466900695034786 : Checking image 2 dpi 300
1607466900695102886 : Checking image 2 border top 200
1607466900695133986 : Checking image 2 border bottom 95
1607466900695162887 : Checking image 2 border left 188
1607466900695191787 : Checking image 2 border right 188

</system-out><system-err>--------------------------------- Captured Err ---------------------------------

</system-err></testcase><testcase classname="tests.test_images" name="test_single_page_png" time="22.077"><system-out>--------------------------------- Captured Log ---------------------------------

--------------------------------- Captured Out ---------------------------------
/home/runner/work/ocr-book/ocr-book/tests/single_page.png
1607466878797474390 : Checking separation double page angle 89.97500000000001
1607466878797552991 : Checking separation double page y=0 2469
1607466884299519047 : Checking page rotation 1 0.0
1607466884832137277 : Checking page rotation 2 0.0
1607466891545351758 : Checking image 1 crop x1 1
1607466891545495859 : Checking image 1 crop y1 9
1607466891545595059 : Checking image 1 crop x2 2464
1607466891545687160 : Checking image 1 crop y2 3505
1607466892167962608 : Checking image 2 crop x1 0
1607466892168025108 : Checking image 2 crop y1 0
1607466892168053308 : Checking image 2 crop x2 0
1607466892168079208 : Checking image 2 crop y2 0
1607466892168148409 : Checking image 1 dpi 300
1607466892168207709 : Checking image 1 border top 6
1607466892168240909 : Checking image 1 border bottom 6
1607466892168268109 : Checking image 1 border left 9
1607466892168295910 : Checking image 1 border right 9
1607466892178381660 : Checking image 2 border top 0
1607466892178464861 : Checking image 2 border bottom 0
1607466892178496461 : Checking image 2 border left 0
1607466892178542961 : Checking image 2 border right 0

</system-out><system-err>--------------------------------- Captured Err ---------------------------------

</system-err></testcase></testsuite></testsuites>