<?xml version="1.0" encoding="utf-8"?><testsuites><testsuite name="pytest" errors="0" failures="0" skipped="0" tests="36" time="1007.273" timestamp="2020-12-26T20:16:19.742527" hostname="fv-az91-801"><testcase classname="tests.test_features" name="test_mock_stop_at_0" time="0.054"><system-out>--------------------------------- Captured Log ---------------------------------

--------------------------------- Captured Out ---------------------------------
/home/runner/work/ocr-book/ocr-book/tests/0001_0.png

</system-out><system-err>--------------------------------- Captured Err ---------------------------------

</system-err></testcase><testcase classname="tests.test_features" name="test_disabled_enable_debug" time="49.949"><system-out>--------------------------------- Captured Log ---------------------------------

--------------------------------- Captured Out ---------------------------------
/home/runner/work/ocr-book/ocr-book/tests/0001_debug.png
separation double page angle 90.5528088189967
separation double page y=0 2485
page rotation 1 0.75
page rotation 2 0.2
image 1 crop x1 330
image 1 crop y1 336
image 1 crop x2 2343
image 1 crop y2 3223
image 2 crop x1 169
image 2 crop y1 648
image 2 crop x2 2186
image 2 crop y2 3361
image 1 dpi 300
image 1 border top 333
image 1 border bottom 266
image 1 border left 223
image 1 border right 223
image 2 dpi 300
image 2 border top 643
image 2 border bottom 131
image 2 border left 221
image 2 border right 221

</system-out><system-err>--------------------------------- Captured Err ---------------------------------

</system-err></testcase><testcase classname="tests.test_features" name="test_mock_stop_at_2" time="44.410"><system-out>--------------------------------- Captured Log ---------------------------------

--------------------------------- Captured Out ---------------------------------
/home/runner/work/ocr-book/ocr-book/tests/0001_2.png
separation double page angle 90.5528088189967
separation double page y=0 2485
page rotation 1 0.75
page rotation 2 0.2

</system-out><system-err>--------------------------------- Captured Err ---------------------------------

</system-err></testcase><testcase classname="tests.test_features" name="test_mock_stop_at_4" time="49.423"><system-out>--------------------------------- Captured Log ---------------------------------

--------------------------------- Captured Out ---------------------------------
/home/runner/work/ocr-book/ocr-book/tests/0001_4.png
separation double page angle 90.5528088189967
separation double page y=0 2485
page rotation 1 0.75
page rotation 2 0.2
image 1 crop x1 330
image 1 crop y1 336
image 1 crop x2 2343
image 1 crop y2 3223
image 2 crop x1 169
image 2 crop y1 648
image 2 crop x2 2186
image 2 crop y2 3361
image 1 dpi 300
image 1 border top 333
image 1 border bottom 266
image 1 border left 223
image 1 border right 223
image 2 dpi 300
image 2 border top 643
image 2 border bottom 131
image 2 border left 221
image 2 border right 221

</system-out><system-err>--------------------------------- Captured Err ---------------------------------

</system-err></testcase><testcase classname="tests.test_features" name="test_mock_stop_at_1" time="28.958"><system-out>--------------------------------- Captured Log ---------------------------------

--------------------------------- Captured Out ---------------------------------
/home/runner/work/ocr-book/ocr-book/tests/0001_1.png
separation double page angle 90.5528088189967
separation double page y=0 2485

</system-out><system-err>--------------------------------- Captured Err ---------------------------------

</system-err></testcase><testcase classname="tests.test_features" name="test_mock_stop_at_3" time="48.354"><system-out>--------------------------------- Captured Log ---------------------------------

--------------------------------- Captured Out ---------------------------------
/home/runner/work/ocr-book/ocr-book/tests/0001_3.png
separation double page angle 90.5528088189967
separation double page y=0 2485
page rotation 1 0.75
page rotation 2 0.2
image 1 crop x1 330
image 1 crop y1 336
image 1 crop x2 2343
image 1 crop y2 3223
image 2 crop x1 169
image 2 crop y1 648
image 2 crop x2 2186
image 2 crop y2 3361

</system-out><system-err>--------------------------------- Captured Err ---------------------------------

</system-err></testcase><testcase classname="tests.test_images" name="test_0001_png" time="60.458"><system-out>--------------------------------- Captured Log ---------------------------------

--------------------------------- Captured Out ---------------------------------
/home/runner/work/ocr-book/ocr-book/tests/0001.png
1609013910773713229 : Checking separation double page angle 90.5528088189967
1609013910773834035 : Checking separation double page y=0 2485
1609013918251586645 : Checking page rotation 1 0.75
1609013927524530845 : Checking page rotation 2 0.2
1609013931494156184 : Checking image 1 crop x1 330
1609013931494287891 : Checking image 1 crop y1 336
1609013931494328093 : Checking image 1 crop x2 2343
1609013931494363095 : Checking image 1 crop y2 3223
1609013935260220533 : Checking image 2 crop x1 169
1609013935260351540 : Checking image 2 crop y1 648
1609013935260395142 : Checking image 2 crop x2 2186
1609013935260431244 : Checking image 2 crop y2 3361
1609013935296759252 : Checking image 1 dpi 300
1609013935296869858 : Checking image 1 border top 333
1609013935296907660 : Checking image 1 border bottom 266
1609013935296944162 : Checking image 1 border left 223
1609013935296977863 : Checking image 1 border right 223
1609013935298828760 : Checking image 2 dpi 300
1609013935298914765 : Checking image 2 border top 643
1609013935298950567 : Checking image 2 border bottom 131
1609013935298983969 : Checking image 2 border left 221
1609013935299017470 : Checking image 2 border right 221

</system-out><system-err>--------------------------------- Captured Err ---------------------------------

</system-err></testcase><testcase classname="tests.test_features" name="test_mock_stop_at_5" time="49.989"><system-out>--------------------------------- Captured Log ---------------------------------

--------------------------------- Captured Out ---------------------------------
/home/runner/work/ocr-book/ocr-book/tests/0001_5.png
separation double page angle 90.5528088189967
separation double page y=0 2485
page rotation 1 0.75
page rotation 2 0.2
image 1 crop x1 330
image 1 crop y1 336
image 1 crop x2 2343
image 1 crop y2 3223
image 2 crop x1 169
image 2 crop y1 648
image 2 crop x2 2186
image 2 crop y2 3361
image 1 dpi 300
image 1 border top 333
image 1 border bottom 266
image 1 border left 223
image 1 border right 223
image 2 dpi 300
image 2 border top 643
image 2 border bottom 131
image 2 border left 221
image 2 border right 221

</system-out><system-err>--------------------------------- Captured Err ---------------------------------

</system-err></testcase><testcase classname="tests.test_images" name="test_black_border_not_removed_png" time="68.784"><system-out>--------------------------------- Captured Log ---------------------------------

--------------------------------- Captured Out ---------------------------------
/home/runner/work/ocr-book/ocr-book/tests/black-border-not-removed.png
1609013973618379051 : Checking separation double page angle 90.033171103531
1609013973618495057 : Checking separation double page y=0 2455
1609013981199354003 : Checking page rotation 1 0.0
1609013992670036890 : Checking page rotation 2 0.0
1609013997667456135 : Checking image 1 crop x1 297
1609013997667590342 : Checking image 1 crop y1 143
1609013997667630644 : Checking image 1 crop x2 2309
1609013997667666346 : Checking image 1 crop y2 3346
1609014004051977426 : Checking image 2 crop x1 159
1609014004052135134 : Checking image 2 crop y1 145
1609014004052177736 : Checking image 2 crop x2 2171
1609014004052215138 : Checking image 2 crop y2 3352
1609014004090696156 : Checking image 1 dpi 300
1609014004090806462 : Checking image 1 border top 132
1609014004090844064 : Checking image 1 border bottom 152
1609014004090877766 : Checking image 1 border left 224
1609014004090911167 : Checking image 1 border right 224
1609014004092783766 : Checking image 2 dpi 300
1609014004092871570 : Checking image 2 border top 132
1609014004092906472 : Checking image 2 border bottom 148
1609014004092940174 : Checking image 2 border left 224
1609014004092973876 : Checking image 2 border right 224

</system-out><system-err>--------------------------------- Captured Err ---------------------------------

</system-err></testcase><testcase classname="tests.test_images" name="test_2_pages_2_contours_png" time="39.816"><system-out>--------------------------------- Captured Log ---------------------------------

--------------------------------- Captured Out ---------------------------------
/home/runner/work/ocr-book/ocr-book/tests/2-pages-2-contours.png
1609013982701972313 : Checking separation double page angle 90.09036871657068
1609013982702089219 : Checking separation double page y=0 2486
1609013985013785035 : Checking page rotation 1 0.05
1609013992121581897 : Checking page rotation 2 0.30000000000000004
1609013994083206078 : Checking image 1 crop x1 1189
1609013994083321284 : Checking image 1 crop y1 1751
1609013994083358786 : Checking image 1 crop x2 1190
1609013994083391887 : Checking image 1 crop y2 1752
1609013998005965286 : Checking image 2 crop x1 101
1609013998006098693 : Checking image 2 crop y1 240
1609013998006138995 : Checking image 2 crop x2 2148
1609013998006175897 : Checking image 2 crop y2 3239
1609013998043339045 : Checking image 1 dpi 300
1609013998043440251 : Checking image 1 border top 1752
1609013998043477653 : Checking image 1 border bottom 1753
1609013998043511654 : Checking image 1 border left 1239
1609013998043546656 : Checking image 1 border right 1239
1609013998044818123 : Checking image 2 dpi 300
1609013998044908928 : Checking image 2 border top 230
1609013998044943630 : Checking image 2 border bottom 258
1609013998044978431 : Checking image 2 border left 206
1609013998045011733 : Checking image 2 border right 206

</system-out><system-err>--------------------------------- Captured Err ---------------------------------

</system-err></testcase><testcase classname="tests.test_images" name="test_wrong_split_line_png" time="43.533"><system-out>--------------------------------- Captured Log ---------------------------------

--------------------------------- Captured Out ---------------------------------
/home/runner/work/ocr-book/ocr-book/tests/wrong_split_line.png
1609014025427400450 : Checking separation double page angle 89.93395720607973
1609014025427502755 : Checking separation double page y=0 2465
1609014030507178975 : Checking page rotation 1 -0.14999999999999067
1609014036152738869 : Checking page rotation 2 0.5
1609014038792699820 : Checking image 1 crop x1 213
1609014038792829626 : Checking image 1 crop y1 157
1609014038792870129 : Checking image 1 crop x2 2323
1609014038792907331 : Checking image 1 crop y2 3362
1609014041538634920 : Checking image 2 crop x1 125
1609014041538767327 : Checking image 2 crop y1 165
1609014041538807629 : Checking image 2 crop x2 2237
1609014041538844431 : Checking image 2 crop y2 3374
1609014041576433104 : Checking image 1 dpi 300
1609014041576542910 : Checking image 1 border top 134
1609014041576580012 : Checking image 1 border bottom 148
1609014041576613713 : Checking image 1 border left 175
1609014041576647115 : Checking image 1 border right 175
1609014041578411608 : Checking image 2 dpi 300
1609014041578492312 : Checking image 2 border top 143
1609014041578526414 : Checking image 2 border bottom 135
1609014041578559816 : Checking image 2 border left 174
1609014041578593217 : Checking image 2 border right 174

</system-out><system-err>--------------------------------- Captured Err ---------------------------------

</system-err></testcase><testcase classname="tests.test_images" name="test_image_failed_to_rotate_png" time="64.821"><system-out>--------------------------------- Captured Log ---------------------------------

--------------------------------- Captured Out ---------------------------------
/home/runner/work/ocr-book/ocr-book/tests/image_failed_to_rotate.png
1609014038479400078 : Checking separation double page angle 90.13063640287984
1609014038479505184 : Checking separation double page y=0 2479
1609014043653952928 : Checking page rotation 1 0.35
1609014051606226660 : Checking page rotation 2 0.45
1609014063309598312 : Checking image 1 crop x1 34
1609014063309715918 : Checking image 1 crop y1 1
1609014063309753120 : Checking image 1 crop x2 2477
1609014063309787722 : Checking image 1 crop y2 3500
1609014068760686003 : Checking image 2 crop x1 167
1609014068760810910 : Checking image 2 crop y1 234
1609014068760850712 : Checking image 2 crop x2 2246
1609014068760887814 : Checking image 2 crop y2 3355
1609014068805516056 : Checking image 1 dpi 300
1609014068805619261 : Checking image 1 border top 4
1609014068805657963 : Checking image 1 border bottom 4
1609014068805691565 : Checking image 1 border left 19
1609014068805725267 : Checking image 1 border right 19
1609014068807566364 : Checking image 2 dpi 300
1609014068807646368 : Checking image 2 border top 218
1609014068807680670 : Checking image 2 border bottom 148
1609014068807714071 : Checking image 2 border left 190
1609014068807747473 : Checking image 2 border right 190

</system-out><system-err>--------------------------------- Captured Err ---------------------------------

</system-err></testcase><testcase classname="tests.test_images" name="test_crop_too_much_png" time="78.770"><system-out>--------------------------------- Captured Log ---------------------------------

--------------------------------- Captured Out ---------------------------------
/home/runner/work/ocr-book/ocr-book/tests/crop_too_much.png
1609014084882657829 : Checking separation double page angle 90.13239409272954
1609014084882760534 : Checking separation double page y=0 2455
1609014097815233062 : Checking page rotation 1 0.0
1609014109719894984 : Checking page rotation 2 0.45
1609014115172986061 : Checking image 1 crop x1 303
1609014115173119068 : Checking image 1 crop y1 148
1609014115173159970 : Checking image 1 crop x2 2313
1609014115173195272 : Checking image 1 crop y2 3351
1609014120258131435 : Checking image 2 crop x1 168
1609014120258266443 : Checking image 2 crop y1 155
1609014120258307145 : Checking image 2 crop x2 2179
1609014120258344147 : Checking image 2 crop y2 3359
1609014120308403973 : Checking image 1 dpi 300
1609014120308511279 : Checking image 1 border top 132
1609014120308548581 : Checking image 1 border bottom 152
1609014120308582683 : Checking image 1 border left 225
1609014120308616085 : Checking image 1 border right 225
1609014120310325874 : Checking image 2 dpi 300
1609014120310406178 : Checking image 2 border top 140
1609014120310440980 : Checking image 2 border bottom 143
1609014120310474682 : Checking image 2 border left 224
1609014120310510084 : Checking image 2 border right 224

</system-out><system-err>--------------------------------- Captured Err ---------------------------------

</system-err></testcase><testcase classname="tests.test_images" name="test_image_failed_to_crop_data_png" time="65.608"><system-out>--------------------------------- Captured Log ---------------------------------

--------------------------------- Captured Out ---------------------------------
/home/runner/work/ocr-book/ocr-book/tests/image_failed_to_crop_data.png
1609014102251068057 : Checking separation double page angle 90.053197600644
1609014102251176863 : Checking separation double page y=0 2480
1609014108912617906 : Checking page rotation 1 0.2
1609014116008420711 : Checking page rotation 2 0.0
1609014129106605578 : Checking image 1 crop x1 47
1609014129106738485 : Checking image 1 crop y1 7
1609014129106780987 : Checking image 1 crop x2 2478
1609014129106817889 : Checking image 1 crop y2 3502
1609014134419808690 : Checking image 2 crop x1 160
1609014134419936996 : Checking image 2 crop y1 217
1609014134419977198 : Checking image 2 crop x2 2242
1609014134420014000 : Checking image 2 crop y2 3350
1609014134455019539 : Checking image 1 dpi 300
1609014134455145145 : Checking image 1 border top 6
1609014134455184347 : Checking image 1 border bottom 6
1609014134455217649 : Checking image 1 border left 25
1609014134455251451 : Checking image 1 border right 25
1609014134457691079 : Checking image 2 dpi 300
1609014134457790284 : Checking image 2 border top 206
1609014134457826086 : Checking image 2 border bottom 148
1609014134457859288 : Checking image 2 border left 189
1609014134457892490 : Checking image 2 border right 189

</system-out><system-err>--------------------------------- Captured Err ---------------------------------

</system-err></testcase><testcase classname="tests.test_images" name="test_crop_too_few_png" time="47.067"><system-out>--------------------------------- Captured Log ---------------------------------

--------------------------------- Captured Out ---------------------------------
/home/runner/work/ocr-book/ocr-book/tests/crop_too_few.png
1609014150646719018 : Checking separation double page angle 89.54670238452755
1609014150646817423 : Checking separation double page y=0 2512
1609014156123455282 : Checking page rotation 1 -0.6499999999999977
1609014161562757834 : Checking page rotation 2 0.0
1609014164569229700 : Checking image 1 crop x1 263
1609014164569353207 : Checking image 1 crop y1 150
1609014164569391209 : Checking image 1 crop x2 2377
1609014164569423811 : Checking image 1 crop y2 3357
1609014167391861515 : Checking image 2 crop x1 137
1609014167391980421 : Checking image 2 crop y1 141
1609014167392017423 : Checking image 2 crop x2 2259
1609014167392051225 : Checking image 2 crop y2 3345
1609014167425635388 : Checking image 1 dpi 300
1609014167425734793 : Checking image 1 border top 129
1609014167425772895 : Checking image 1 border bottom 150
1609014167425806897 : Checking image 1 border left 173
1609014167425840198 : Checking image 1 border right 173
1609014167427537088 : Checking image 2 dpi 300
1609014167427607491 : Checking image 2 border top 130
1609014167427642193 : Checking image 2 border bottom 153
1609014167427675995 : Checking image 2 border left 169
1609014167427708997 : Checking image 2 border right 169

</system-out><system-err>--------------------------------- Captured Err ---------------------------------

</system-err></testcase><testcase classname="tests.test_images" name="test_wrong_angle_split_line_png" time="70.196"><system-out>--------------------------------- Captured Log ---------------------------------

--------------------------------- Captured Out ---------------------------------
/home/runner/work/ocr-book/ocr-book/tests/wrong_angle_split_line.png
1609014168870572541 : Checking separation double page angle 90.09193420006348
1609014168870679647 : Checking separation double page y=0 2478
1609014176826223521 : Checking page rotation 1 0.05
1609014184900892472 : Checking page rotation 2 0.0
1609014198173135436 : Checking image 1 crop x1 58
1609014198173263443 : Checking image 1 crop y1 7
1609014198173300745 : Checking image 1 crop x2 2472
1609014198173334946 : Checking image 1 crop y2 3505
1609014203770124037 : Checking image 2 crop x1 163
1609014203770253844 : Checking image 2 crop y1 217
1609014203770293346 : Checking image 2 crop x2 2246
1609014203770330048 : Checking image 2 crop y2 3350
1609014203943054906 : Checking image 1 dpi 300
1609014203943178812 : Checking image 1 border top 5
1609014203943218814 : Checking image 1 border bottom 5
1609014203943252916 : Checking image 1 border left 33
1609014203943286718 : Checking image 1 border right 33
1609014203950813613 : Checking image 2 dpi 300
1609014203950919218 : Checking image 2 border top 206
1609014203950955720 : Checking image 2 border bottom 148
1609014203950989422 : Checking image 2 border left 188
1609014203951022624 : Checking image 2 border right 188

</system-out><system-err>--------------------------------- Captured Err ---------------------------------

</system-err></testcase><testcase classname="tests.test_images" name="test_crop_too_much_2_png" time="81.814"><system-out>--------------------------------- Captured Log ---------------------------------

--------------------------------- Captured Out ---------------------------------
/home/runner/work/ocr-book/ocr-book/tests/crop_too_much_2.png
1609014215610202060 : Checking separation double page angle 90.1149074900787
1609014215610304266 : Checking separation double page y=0 2478
1609014225910082757 : Checking page rotation 1 0.2
1609014237770989664 : Checking page rotation 2 0.2
1609014242593580848 : Checking image 1 crop x1 332
1609014242593723955 : Checking image 1 crop y1 131
1609014242593764457 : Checking image 1 crop x2 2342
1609014242593799959 : Checking image 1 crop y2 3336
1609014249145759371 : Checking image 2 crop x1 162
1609014249145894178 : Checking image 2 crop y1 139
1609014249145934180 : Checking image 2 crop x2 2175
1609014249145970882 : Checking image 2 crop y2 3345
1609014249201872713 : Checking image 1 dpi 300
1609014249201987419 : Checking image 1 border top 119
1609014249202025521 : Checking image 1 border bottom 163
1609014249202059423 : Checking image 1 border left 225
1609014249202093025 : Checking image 1 border right 225
1609014249203883519 : Checking image 2 dpi 300
1609014249203968423 : Checking image 2 border top 130
1609014249204002825 : Checking image 2 border bottom 151
1609014249204041227 : Checking image 2 border left 223
1609014249204076629 : Checking image 2 border right 223

</system-out><system-err>--------------------------------- Captured Err ---------------------------------

</system-err></testcase><testcase classname="tests.test_images" name="test_angle_page_lower_split_line_png" time="54.748"><system-out>--------------------------------- Captured Log ---------------------------------

--------------------------------- Captured Out ---------------------------------
/home/runner/work/ocr-book/ocr-book/tests/angle_page_lower_split_line.png
1609014237019873880 : Checking separation double page angle 89.74927707086691
1609014237019980785 : Checking separation double page y=0 2474
1609014245082630915 : Checking page rotation 1 -0.4000000000000005
1609014252234616154 : Checking page rotation 2 0.2
1609014255821500743 : Checking image 1 crop x1 244
1609014255821632950 : Checking image 1 crop y1 160
1609014255821672752 : Checking image 1 crop x2 2350
1609014255821709454 : Checking image 1 crop y2 3365
1609014259434682503 : Checking image 2 crop x1 150
1609014259434813110 : Checking image 2 crop y1 147
1609014259434854212 : Checking image 2 crop x2 2257
1609014259434891214 : Checking image 2 crop y2 3350
1609014259474545093 : Checking image 1 dpi 300
1609014259474663399 : Checking image 1 border top 144
1609014259474701001 : Checking image 1 border bottom 138
1609014259474735103 : Checking image 1 border left 177
1609014259474768705 : Checking image 1 border right 177
1609014259476659104 : Checking image 2 dpi 300
1609014259476746609 : Checking image 2 border top 130
1609014259476781611 : Checking image 2 border bottom 154
1609014259476817012 : Checking image 2 border left 176
1609014259476850714 : Checking image 2 border right 176

</system-out><system-err>--------------------------------- Captured Err ---------------------------------

</system-err></testcase><testcase classname="tests.test_images" name="test_wrong_split_line_2_png" time="91.425"><system-out>--------------------------------- Captured Log ---------------------------------

--------------------------------- Captured Out ---------------------------------
/home/runner/work/ocr-book/ocr-book/tests/wrong_split_line_2.png
1609014296896127081 : Checking separation double page angle 90.19944704411863
1609014296896231186 : Checking separation double page y=0 2437
1609014308489378595 : Checking page rotation 1 0.2
1609014322377316936 : Checking page rotation 2 0.4
1609014330059702715 : Checking image 1 crop x1 294
1609014330059839222 : Checking image 1 crop y1 136
1609014330059877724 : Checking image 1 crop x2 2325
1609014330059913126 : Checking image 1 crop y2 3376
1609014340589253989 : Checking image 2 crop x1 140
1609014340589385196 : Checking image 2 crop y1 192
1609014340589425398 : Checking image 2 crop x2 2167
1609014340589462100 : Checking image 2 crop y2 3386
1609014340642536785 : Checking image 1 dpi 300
1609014340642652191 : Checking image 1 border top 131
1609014340642690393 : Checking image 1 border bottom 116
1609014340642724995 : Checking image 1 border left 214
1609014340642759197 : Checking image 1 border right 214
1609014340644514389 : Checking image 2 dpi 300
1609014340644602494 : Checking image 2 border top 183
1609014340644637396 : Checking image 2 border bottom 110
1609014340644671597 : Checking image 2 border left 216
1609014340644705099 : Checking image 2 border right 216

</system-out><system-err>--------------------------------- Captured Err ---------------------------------

</system-err></testcase><testcase classname="tests.test_images" name="test_wrong_wave_split_line_png" time="88.224"><system-out>--------------------------------- Captured Log ---------------------------------

--------------------------------- Captured Out ---------------------------------
/home/runner/work/ocr-book/ocr-book/tests/wrong_wave_split_line.png
1609014304747784509 : Checking separation double page angle 90.37878604107719
1609014304747898215 : Checking separation double page y=0 2500
1609014316875884879 : Checking page rotation 1 -0.14999999999999067
1609014328201011972 : Checking page rotation 2 0.85
1609014337807169695 : Checking image 1 crop x1 385
1609014337807297102 : Checking image 1 crop y1 179
1609014337807336504 : Checking image 1 crop x2 2411
1609014337807371206 : Checking image 1 crop y2 3374
1609014347630144401 : Checking image 2 crop x1 8
1609014347630274508 : Checking image 2 crop y1 0
1609014347630316010 : Checking image 2 crop x2 2415
1609014347630354812 : Checking image 2 crop y2 3505
1609014347686855078 : Checking image 1 dpi 300
1609014347686968384 : Checking image 1 border top 173
1609014347687005386 : Checking image 1 border bottom 119
1609014347687039688 : Checking image 1 border left 217
1609014347687073090 : Checking image 1 border right 217
1609014347688837882 : Checking image 2 dpi 300
1609014347688934987 : Checking image 2 border top 1
1609014347688970289 : Checking image 2 border bottom 1
1609014347689003391 : Checking image 2 border left 37
1609014347689036493 : Checking image 2 border right 37

</system-out><system-err>--------------------------------- Captured Err ---------------------------------

</system-err></testcase><testcase classname="tests.test_images" name="test_small_wave_png" time="78.304"><system-out>--------------------------------- Captured Log ---------------------------------

--------------------------------- Captured Out ---------------------------------
/home/runner/work/ocr-book/ocr-book/tests/small_wave.png
1609014390336361864 : Checking separation double page angle 90.58816928841564
1609014390336472570 : Checking separation double page y=0 2497
1609014401793252308 : Checking page rotation 1 0.65
1609014412372490918 : Checking page rotation 2 0.75
1609014415669365143 : Checking image 1 crop x1 320
1609014415669500250 : Checking image 1 crop y1 199
1609014415669541152 : Checking image 1 crop x2 2353
1609014415669577954 : Checking image 1 crop y2 3394
1609014418903682989 : Checking image 2 crop x1 132
1609014418903817496 : Checking image 2 crop y1 224
1609014418903859698 : Checking image 2 crop x2 2160
1609014418903899600 : Checking image 2 crop y2 3419
1609014418946984262 : Checking image 1 dpi 300
1609014418947097268 : Checking image 1 border top 179
1609014418947134370 : Checking image 1 border bottom 112
1609014418947168172 : Checking image 1 border left 213
1609014418947201574 : Checking image 1 border right 213
1609014418948954266 : Checking image 2 dpi 300
1609014418949041070 : Checking image 2 border top 197
1609014418949075672 : Checking image 2 border bottom 95
1609014418949108674 : Checking image 2 border left 216
1609014418949141876 : Checking image 2 border right 216

</system-out><system-err>--------------------------------- Captured Err ---------------------------------

</system-err></testcase><testcase classname="tests.test_images" name="test_no_split_line_line_algo_png" time="56.425"><system-out>--------------------------------- Captured Log ---------------------------------

--------------------------------- Captured Out ---------------------------------
/home/runner/work/ocr-book/ocr-book/tests/no_split_line_line_algo.png
1609014380708192673 : Checking separation double page angle 89.47691469185418
1609014380708298079 : Checking separation double page y=0 2476
1609014386152097385 : Checking page rotation 1 -0.14999999999999067
1609014396301241555 : Checking page rotation 2 -0.44999999999999746
1609014399105681442 : Checking image 1 crop x1 205
1609014399105811149 : Checking image 1 crop y1 158
1609014399105850251 : Checking image 1 crop x2 2320
1609014399105886953 : Checking image 1 crop y2 3366
1609014404086865196 : Checking image 2 crop x1 185
1609014404086997203 : Checking image 2 crop y1 221
1609014404087036405 : Checking image 2 crop x2 2201
1609014404087072607 : Checking image 2 crop y2 3366
1609014404132457389 : Checking image 1 dpi 300
1609014404132577796 : Checking image 1 border top 144
1609014404132614898 : Checking image 1 border bottom 134
1609014404132648699 : Checking image 1 border left 172
1609014404132682001 : Checking image 1 border right 172
1609014404134810413 : Checking image 2 dpi 300
1609014404134895817 : Checking image 2 border top 219
1609014404134930719 : Checking image 2 border bottom 123
1609014404134964021 : Checking image 2 border left 222
1609014404134996923 : Checking image 2 border right 222

</system-out><system-err>--------------------------------- Captured Err ---------------------------------

</system-err></testcase><testcase classname="tests.test_images" name="test_failed_split_line_line_algo_png" time="30.508"><system-out>--------------------------------- Captured Log ---------------------------------

--------------------------------- Captured Out ---------------------------------
/home/runner/work/ocr-book/ocr-book/tests/failed_split_line_line_algo.png
1609014424149285383 : Checking separation double page angle 90.04134220573248
1609014424149396689 : Checking separation double page y=0 2573
1609014427910437947 : Checking page rotation 1 -0.14999999999999067
1609014430288333754 : Checking page rotation 2 0.0
1609014432976477075 : Checking image 1 crop x1 407
1609014432976614482 : Checking image 1 crop y1 2925
1609014432976654584 : Checking image 1 crop x2 2419
1609014432976689586 : Checking image 1 crop y2 3174
1609014434669740430 : Checking image 2 crop x1 1184
1609014434669856437 : Checking image 2 crop y1 1748
1609014434669892038 : Checking image 2 crop x2 1185
1609014434669925840 : Checking image 2 crop y2 1749
1609014434670238257 : Checking image 1 dpi 300
1609014434670321761 : Checking image 1 border top 2922
1609014434670356563 : Checking image 1 border bottom 316
1609014434670389565 : Checking image 1 border left 224
1609014434670422766 : Checking image 1 border right 224
1609014434671661131 : Checking image 2 dpi 300
1609014434671739735 : Checking image 2 border top 1752
1609014434671774137 : Checking image 2 border bottom 1753
1609014434671806939 : Checking image 2 border left 1239
1609014434671840141 : Checking image 2 border right 1239

</system-out><system-err>--------------------------------- Captured Err ---------------------------------

</system-err></testcase><testcase classname="tests.test_images" name="test_wrong_split_line_3_png" time="62.115"><system-out>--------------------------------- Captured Log ---------------------------------

--------------------------------- Captured Out ---------------------------------
/home/runner/work/ocr-book/ocr-book/tests/wrong_split_line_3.png
1609014456445977633 : Checking separation double page angle 90.43729500214694
1609014456446086039 : Checking separation double page y=0 2498
1609014466415054142 : Checking page rotation 1 0.30000000000000004
1609014473932553767 : Checking page rotation 2 0.9
1609014477781112445 : Checking image 1 crop x1 331
1609014477781293054 : Checking image 1 crop y1 165
1609014477781336857 : Checking image 1 crop x2 2375
1609014477781374859 : Checking image 1 crop y2 3376
1609014481044186607 : Checking image 2 crop x1 102
1609014481044322514 : Checking image 2 crop y1 208
1609014481044362716 : Checking image 2 crop x2 2133
1609014481044399818 : Checking image 2 crop y2 3413
1609014481084758236 : Checking image 1 dpi 300
1609014481084867742 : Checking image 1 border top 157
1609014481084904844 : Checking image 1 border bottom 119
1609014481084938846 : Checking image 1 border left 208
1609014481084971747 : Checking image 1 border right 208
1609014481086722439 : Checking image 2 dpi 300
1609014481086801943 : Checking image 2 border top 187
1609014481086836245 : Checking image 2 border bottom 95
1609014481086869647 : Checking image 2 border left 214
1609014481086902449 : Checking image 2 border right 214

</system-out><system-err>--------------------------------- Captured Err ---------------------------------

</system-err></testcase><testcase classname="tests.test_images" name="test_failed_split_line_line_algo_2_png" time="70.392"><system-out>--------------------------------- Captured Log ---------------------------------

--------------------------------- Captured Out ---------------------------------
/home/runner/work/ocr-book/ocr-book/tests/failed_split_line_line_algo_2.png
1609014476318798562 : Checking separation double page angle 90.03068774449687
1609014476318907368 : Checking separation double page y=0 2500
1609014488172902794 : Checking page rotation 1 0.0
1609014498007368848 : Checking page rotation 2 0.6000000000000001
1609014501441835248 : Checking image 1 crop x1 272
1609014501441973155 : Checking image 1 crop y1 149
1609014501442012357 : Checking image 1 crop x2 2383
1609014501442046859 : Checking image 1 crop y2 3353
1609014504990112557 : Checking image 2 crop x1 121
1609014504990243764 : Checking image 2 crop y1 155
1609014504990282966 : Checking image 2 crop x2 2244
1609014504990319568 : Checking image 2 crop y2 3350
1609014505035293829 : Checking image 1 dpi 300
1609014505035411536 : Checking image 1 border top 138
1609014505035449738 : Checking image 1 border bottom 145
1609014505035484839 : Checking image 1 border left 174
1609014505035519441 : Checking image 1 border right 174
1609014505037293834 : Checking image 2 dpi 300
1609014505037383839 : Checking image 2 border top 136
1609014505037418941 : Checking image 2 border bottom 156
1609014505037452343 : Checking image 2 border left 168
1609014505037485945 : Checking image 2 border right 168

</system-out><system-err>--------------------------------- Captured Err ---------------------------------

</system-err></testcase><testcase classname="tests.test_images" name="test_crop_too_much_3_png" time="71.491"><system-out>--------------------------------- Captured Log ---------------------------------

--------------------------------- Captured Out ---------------------------------
/home/runner/work/ocr-book/ocr-book/tests/crop_too_much_3.png
1609014522495499212 : Checking separation double page angle 89.49330634783144
1609014522495611118 : Checking separation double page y=0 2498
1609014531560392013 : Checking page rotation 1 -0.8999999999999949
1609014543096850599 : Checking page rotation 2 -0.14999999999999067
1609014547572168120 : Checking image 1 crop x1 374
1609014547572305727 : Checking image 1 crop y1 258
1609014547572345929 : Checking image 1 crop x2 2385
1609014547572381031 : Checking image 1 crop y2 3459
1609014552519572166 : Checking image 2 crop x1 168
1609014552519706873 : Checking image 2 crop y1 228
1609014552519746775 : Checking image 2 crop x2 2181
1609014552519785377 : Checking image 2 crop y2 3417
1609014552570068813 : Checking image 1 dpi 300
1609014552570190620 : Checking image 1 border top 239
1609014552570228422 : Checking image 1 border bottom 47
1609014552570262124 : Checking image 1 border left 224
1609014552570296625 : Checking image 1 border right 224
1609014552572117321 : Checking image 2 dpi 300
1609014552572207726 : Checking image 2 border top 209
1609014552572242727 : Checking image 2 border bottom 89
1609014552572276229 : Checking image 2 border left 223
1609014552572313831 : Checking image 2 border right 223

</system-out><system-err>--------------------------------- Captured Err ---------------------------------

</system-err></testcase><testcase classname="tests.test_images" name="test_wrong_wave_split_line_2_png" time="75.832"><system-out>--------------------------------- Captured Log ---------------------------------

--------------------------------- Captured Out ---------------------------------
/home/runner/work/ocr-book/ocr-book/tests/wrong_wave_split_line_2.png
1609014547952588472 : Checking separation double page angle 90.7708958311329
1609014547952699378 : Checking separation double page y=0 2490
1609014557660194404 : Checking page rotation 1 0.4
1609014569718088588 : Checking page rotation 2 1.8
1609014573700399150 : Checking image 1 crop x1 224
1609014573700540358 : Checking image 1 crop y1 147
1609014573700576559 : Checking image 1 crop x2 2337
1609014573700610661 : Checking image 1 crop y2 3355
1609014580811047349 : Checking image 2 crop x1 107
1609014580811177556 : Checking image 2 crop y1 197
1609014580811216958 : Checking image 2 crop x2 2229
1609014580811253760 : Checking image 2 crop y2 3396
1609014580862902669 : Checking image 1 dpi 300
1609014580863024876 : Checking image 1 border top 137
1609014580863062178 : Checking image 1 border bottom 142
1609014580863097979 : Checking image 1 border left 173
1609014580863131881 : Checking image 1 border right 173
1609014580864948376 : Checking image 2 dpi 300
1609014580865035581 : Checking image 2 border top 171
1609014580865071383 : Checking image 2 border bottom 116
1609014580865104485 : Checking image 2 border left 169
1609014580865137586 : Checking image 2 border right 169

</system-out><system-err>--------------------------------- Captured Err ---------------------------------

</system-err></testcase><testcase classname="tests.test_images" name="test_wrong_wave_split_line_3_png" time="65.776"><system-out>--------------------------------- Captured Log ---------------------------------

--------------------------------- Captured Out ---------------------------------
/home/runner/work/ocr-book/ocr-book/tests/wrong_wave_split_line_3.png
1609014593651006494 : Checking separation double page angle 90.05826063695574
1609014593651114599 : Checking separation double page y=0 2514
1609014603960973203 : Checking page rotation 1 0.05
1609014611252886326 : Checking page rotation 2 0.30000000000000004
1609014614957350292 : Checking image 1 crop x1 273
1609014614957475198 : Checking image 1 crop y1 220
1609014614957527001 : Checking image 1 crop x2 2383
1609014614957562403 : Checking image 1 crop y2 3423
1609014618318364194 : Checking image 2 crop x1 114
1609014618318502401 : Checking image 2 crop y1 226
1609014618318542604 : Checking image 2 crop x2 2237
1609014618318581206 : Checking image 2 crop y2 3414
1609014618359974478 : Checking image 1 dpi 300
1609014618360114085 : Checking image 1 border top 202
1609014618360153388 : Checking image 1 border bottom 82
1609014618360187389 : Checking image 1 border left 175
1609014618360221991 : Checking image 1 border right 175
1609014618361959382 : Checking image 2 dpi 300
1609014618362043587 : Checking image 2 border top 207
1609014618362078189 : Checking image 2 border bottom 92
1609014618362111190 : Checking image 2 border left 168
1609014618362144492 : Checking image 2 border right 168

</system-out><system-err>--------------------------------- Captured Err ---------------------------------

</system-err></testcase><testcase classname="tests.test_images" name="test_no_split_line_wave_algo_png" time="75.706"><system-out>--------------------------------- Captured Log ---------------------------------

--------------------------------- Captured Out ---------------------------------
/home/runner/work/ocr-book/ocr-book/tests/no_split_line_wave_algo.png
1609014619251103649 : Checking separation double page angle 89.72500000000001
1609014619251210455 : Checking separation double page y=0 2484
1609014626100537254 : Checking page rotation 1 0.0
1609014636116636723 : Checking page rotation 2 -0.49999999999999434
1609014646959967426 : Checking image 1 crop x1 97
1609014646960050131 : Checking image 1 crop y1 79
1609014646960116734 : Checking image 1 crop x2 2494
1609014646960156236 : Checking image 1 crop y2 3505
1609014656489405499 : Checking image 2 crop x1 163
1609014656489537106 : Checking image 2 crop y1 266
1609014656489578108 : Checking image 2 crop x2 2238
1609014656489613910 : Checking image 2 crop y2 3381
1609014656533958146 : Checking image 1 dpi 300
1609014656534078452 : Checking image 1 border top 41
1609014656534114854 : Checking image 1 border bottom 41
1609014656534148456 : Checking image 1 border left 42
1609014656534182058 : Checking image 1 border right 42
1609014656535983553 : Checking image 2 dpi 300
1609014656536068857 : Checking image 2 border top 258
1609014656536137261 : Checking image 2 border bottom 114
1609014656536171063 : Checking image 2 border left 192
1609014656536204264 : Checking image 2 border right 192

</system-out><system-err>--------------------------------- Captured Err ---------------------------------

</system-err></testcase><testcase classname="tests.test_images" name="test_no_split_line_wave_algo_2_png" time="57.137"><system-out>--------------------------------- Captured Log ---------------------------------

--------------------------------- Captured Out ---------------------------------
/home/runner/work/ocr-book/ocr-book/tests/no_split_line_wave_algo_2.png
1609014652067197449 : Checking separation double page angle 90.54999999999998
1609014652067314556 : Checking separation double page y=0 2478
1609014660283552673 : Checking page rotation 1 1.1500000000000001
1609014668913823778 : Checking page rotation 2 0.2
1609014672351288813 : Checking image 1 crop x1 266
1609014672351427120 : Checking image 1 crop y1 209
1609014672351468023 : Checking image 1 crop x2 2342
1609014672351507225 : Checking image 1 crop y2 3413
1609014675461677082 : Checking image 2 crop x1 168
1609014675461814189 : Checking image 2 crop y1 241
1609014675461854091 : Checking image 2 crop x2 2251
1609014675461890893 : Checking image 2 crop y2 3433
1609014675503802222 : Checking image 1 dpi 300
1609014675503914928 : Checking image 1 border top 191
1609014675503952230 : Checking image 1 border bottom 92
1609014675503986131 : Checking image 1 border left 192
1609014675504018733 : Checking image 1 border right 192
1609014675505841030 : Checking image 2 dpi 300
1609014675505928135 : Checking image 2 border top 224
1609014675505962536 : Checking image 2 border bottom 71
1609014675505995938 : Checking image 2 border left 188
1609014675506028540 : Checking image 2 border right 188

</system-out><system-err>--------------------------------- Captured Err ---------------------------------

</system-err></testcase><testcase classname="tests.test_images" name="test_crop_too_few_2_png" time="50.196"><system-out>--------------------------------- Captured Log ---------------------------------

--------------------------------- Captured Out ---------------------------------
/home/runner/work/ocr-book/ocr-book/tests/crop_too_few_2.png
1609014687913395866 : Checking separation double page angle 90.30476192320097
1609014687913499672 : Checking separation double page y=0 2531
1609014694771018199 : Checking page rotation 1 1.2000000000000002
1609014700012761524 : Checking page rotation 2 -0.04999999999999689
1609014703269607474 : Checking image 1 crop x1 287
1609014703269712479 : Checking image 1 crop y1 165
1609014703269742881 : Checking image 1 crop x2 2398
1609014703269771382 : Checking image 1 crop y2 3368
1609014706764157025 : Checking image 2 crop x1 149
1609014706764273531 : Checking image 2 crop y1 189
1609014706764309133 : Checking image 2 crop x2 2273
1609014706764343335 : Checking image 2 crop y2 3386
1609014706800854235 : Checking image 1 dpi 300
1609014706800946440 : Checking image 1 border top 157
1609014706800980441 : Checking image 1 border bottom 127
1609014706801012043 : Checking image 1 border left 174
1609014706801044845 : Checking image 1 border right 174
1609014706803040549 : Checking image 2 dpi 300
1609014706803109952 : Checking image 2 border top 181
1609014706803142054 : Checking image 2 border bottom 109
1609014706803172456 : Checking image 2 border left 168
1609014706803203857 : Checking image 2 border right 168

</system-out><system-err>--------------------------------- Captured Err ---------------------------------

</system-err></testcase><testcase classname="tests.test_images" name="test_failed_detect_rectangle_png" time="61.351"><system-out>--------------------------------- Captured Log ---------------------------------

--------------------------------- Captured Out ---------------------------------
/home/runner/work/ocr-book/ocr-book/tests/failed_detect_rectangle.png
1609014711855177711 : Checking separation double page angle 90.19837516213148
1609014711855274916 : Checking separation double page y=0 2474
1609014719311428936 : Checking page rotation 1 0.2
1609014728612409218 : Checking page rotation 2 0.2
1609014733453032644 : Checking image 1 crop x1 257
1609014733453148150 : Checking image 1 crop y1 201
1609014733453181252 : Checking image 1 crop x2 2333
1609014733453210154 : Checking image 1 crop y2 3402
1609014736804966095 : Checking image 2 crop x1 136
1609014736805099402 : Checking image 2 crop y1 215
1609014736805139204 : Checking image 2 crop x2 2219
1609014736805175206 : Checking image 2 crop y2 3406
1609014736853867373 : Checking image 1 dpi 300
1609014736853974879 : Checking image 1 border top 188
1609014736854008480 : Checking image 1 border bottom 97
1609014736854039582 : Checking image 1 border left 192
1609014736854071284 : Checking image 1 border right 192
1609014736855799575 : Checking image 2 dpi 300
1609014736855880879 : Checking image 2 border top 200
1609014736855914181 : Checking image 2 border bottom 95
1609014736855946583 : Checking image 2 border left 188
1609014736855978484 : Checking image 2 border right 188

</system-out><system-err>--------------------------------- Captured Err ---------------------------------

</system-err></testcase><testcase classname="tests.test_images" name="test_single_page_png" time="25.179"><system-out>--------------------------------- Captured Log ---------------------------------

--------------------------------- Captured Out ---------------------------------
/home/runner/work/ocr-book/ocr-book/tests/single_page.png
1609014717957092649 : Checking separation double page angle 90.04999999999998
1609014717957204655 : Checking separation double page y=0 2476
1609014723275089536 : Checking page rotation 1 0.0
1609014723819088858 : Checking page rotation 2 0.0
1609014731138783507 : Checking image 1 crop x1 1
1609014731138859312 : Checking image 1 crop y1 8
1609014731138893313 : Checking image 1 crop x2 2470
1609014731138925415 : Checking image 1 crop y2 3505
1609014731679022329 : Checking image 2 crop x1 0
1609014731679086733 : Checking image 2 crop y1 0
1609014731679116535 : Checking image 2 crop x2 0
1609014731679144636 : Checking image 2 crop y2 0
1609014731679210840 : Checking image 1 dpi 300
1609014731679272643 : Checking image 1 border top 5
1609014731679303545 : Checking image 1 border bottom 5
1609014731679333846 : Checking image 1 border left 6
1609014731679364248 : Checking image 1 border right 6
1609014731685112561 : Checking image 2 border top 0
1609014731685167064 : Checking image 2 border bottom 0
1609014731685196366 : Checking image 2 border left 0
1609014731685225167 : Checking image 2 border right 0

</system-out><system-err>--------------------------------- Captured Err ---------------------------------

</system-err></testcase><testcase classname="tests.test_images" name="test_wrong_split_line_4_png" time="29.516"><system-out>--------------------------------- Captured Log ---------------------------------

--------------------------------- Captured Out ---------------------------------
/home/runner/work/ocr-book/ocr-book/tests/wrong_split_line_4.png
1609014748570962394 : Checking separation double page angle 91.04999999999998
1609014748571059899 : Checking separation double page y=0 60
1609014748825845469 : Checking page rotation 1 1.05
1609014757030206660 : Checking page rotation 2 1.1500000000000001
1609014757522086443 : Checking image 1 crop x1 0
1609014757522139446 : Checking image 1 crop y1 0
1609014757522163447 : Checking image 1 crop x2 0
1609014757522186148 : Checking image 1 crop y2 0
1609014761495141763 : Checking image 2 crop x1 292
1609014761495252268 : Checking image 2 crop y1 330
1609014761495287870 : Checking image 2 crop x2 2314
1609014761495317872 : Checking image 2 crop y2 3218
1609014761540784367 : Checking image 1 border top 0
1609014761540848971 : Checking image 1 border bottom 0
1609014761540879672 : Checking image 1 border left 0
1609014761540909174 : Checking image 1 border right 0
1609014761540965176 : Checking image 2 dpi 300
1609014761541042380 : Checking image 2 border top 322
1609014761541073482 : Checking image 2 border bottom 277
1609014761541103283 : Checking image 2 border left 219
1609014761541133685 : Checking image 2 border right 219

</system-out><system-err>--------------------------------- Captured Err ---------------------------------

</system-err></testcase><testcase classname="tests.test_images" name="test_no_split_line_wave_algo_3_png" time="19.283"><system-out>--------------------------------- Captured Log ---------------------------------

--------------------------------- Captured Out ---------------------------------
/home/runner/work/ocr-book/ocr-book/tests/no_split_line_wave_algo_3.png
1609014748206579673 : Checking separation double page angle 90.14999999999998
1609014748206683979 : Checking separation double page y=0 2408
1609014750995789924 : Checking page rotation 1 0.0
1609014751378090441 : Checking page rotation 2 0.35
1609014755610891974 : Checking image 1 crop x1 184
1609014755611011180 : Checking image 1 crop y1 2957
1609014755611045582 : Checking image 1 crop x2 2201
1609014755611075184 : Checking image 1 crop y2 3202
1609014756131050445 : Checking image 2 crop x1 0
1609014756131120749 : Checking image 2 crop y1 0
1609014756131149251 : Checking image 2 crop x2 0
1609014756131175352 : Checking image 2 crop y2 0
1609014756131250156 : Checking image 1 dpi 300
1609014756131314559 : Checking image 1 border top 2950
1609014756131344561 : Checking image 1 border bottom 292
1609014756131373562 : Checking image 1 border left 221
1609014756131401764 : Checking image 1 border right 221
1609014756136536634 : Checking image 2 border top 0
1609014756136597537 : Checking image 2 border bottom 0
1609014756136625439 : Checking image 2 border left 0
1609014756136652240 : Checking image 2 border right 0

</system-out><system-err>--------------------------------- Captured Err ---------------------------------

</system-err></testcase><testcase classname="tests.test_images" name="test_failed_split_line_line_algo_3_png" time="23.415"><system-out>--------------------------------- Captured Log ---------------------------------

--------------------------------- Captured Out ---------------------------------
/home/runner/work/ocr-book/ocr-book/tests/failed_split_line_line_algo_3.png
1609014774422570354 : Checking separation double page angle 90.0
1609014774422680760 : Checking separation double page y=0 40
1609014774593829337 : Checking page rotation 1 0.0
1609014778460072774 : Checking page rotation 2 0.0
1609014778855507288 : Checking image 1 crop x1 0
1609014778855569992 : Checking image 1 crop y1 0
1609014778855599593 : Checking image 1 crop x2 0
1609014778855628095 : Checking image 1 crop y2 0
1609014784933582116 : Checking image 2 crop x1 246
1609014784933675421 : Checking image 2 crop y1 154
1609014784933706022 : Checking image 2 crop x2 2259
1609014784933734124 : Checking image 2 crop y2 3361
1609014784970639743 : Checking image 1 border top 0
1609014784970693546 : Checking image 1 border bottom 0
1609014784970724648 : Checking image 1 border left 0
1609014784970756150 : Checking image 1 border right 0
1609014784970811952 : Checking image 2 dpi 300
1609014784970885156 : Checking image 2 border top 146
1609014784970916058 : Checking image 2 border bottom 134
1609014784970946359 : Checking image 2 border left 223
1609014784970978061 : Checking image 2 border right 223

</system-out><system-err>--------------------------------- Captured Err ---------------------------------

</system-err></testcase></testsuite></testsuites>