<?xml version="1.0" encoding="utf-8"?><testsuites><testsuite name="pytest" errors="0" failures="0" skipped="0" tests="36" time="1129.581" timestamp="2020-12-26T20:15:47.440831" hostname="fv-az91-801"><testcase classname="tests.test_features" name="test_mock_stop_at_0" time="0.047"><system-out>--------------------------------- Captured Log ---------------------------------

--------------------------------- Captured Out ---------------------------------
/home/runner/work/ocr-book/ocr-book/tests/0001_0.png

</system-out><system-err>--------------------------------- Captured Err ---------------------------------

</system-err></testcase><testcase classname="tests.test_features" name="test_disabled_enable_debug" time="55.290"><system-out>--------------------------------- Captured Log ---------------------------------

--------------------------------- Captured Out ---------------------------------
/home/runner/work/ocr-book/ocr-book/tests/0001_debug.png
separation double page angle 90.5528088189967
separation double page y=0 2485
page rotation 1 0.75
page rotation 2 0.2
image 1 crop x1 330
image 1 crop y1 336
image 1 crop x2 2343
image 1 crop y2 3223
image 2 crop x1 169
image 2 crop y1 648
image 2 crop x2 2186
image 2 crop y2 3361
image 1 dpi 300
image 1 border top 333
image 1 border bottom 266
image 1 border left 223
image 1 border right 223
image 2 dpi 300
image 2 border top 643
image 2 border bottom 131
image 2 border left 221
image 2 border right 221

</system-out><system-err>--------------------------------- Captured Err ---------------------------------

</system-err></testcase><testcase classname="tests.test_features" name="test_mock_stop_at_2" time="52.281"><system-out>--------------------------------- Captured Log ---------------------------------

--------------------------------- Captured Out ---------------------------------
/home/runner/work/ocr-book/ocr-book/tests/0001_2.png
separation double page angle 90.5528088189967
separation double page y=0 2485
page rotation 1 0.75
page rotation 2 0.2

</system-out><system-err>--------------------------------- Captured Err ---------------------------------

</system-err></testcase><testcase classname="tests.test_features" name="test_mock_stop_at_4" time="57.399"><system-out>--------------------------------- Captured Log ---------------------------------

--------------------------------- Captured Out ---------------------------------
/home/runner/work/ocr-book/ocr-book/tests/0001_4.png
separation double page angle 90.5528088189967
separation double page y=0 2485
page rotation 1 0.75
page rotation 2 0.2
image 1 crop x1 330
image 1 crop y1 336
image 1 crop x2 2343
image 1 crop y2 3223
image 2 crop x1 169
image 2 crop y1 648
image 2 crop x2 2186
image 2 crop y2 3361
image 1 dpi 300
image 1 border top 333
image 1 border bottom 266
image 1 border left 223
image 1 border right 223
image 2 dpi 300
image 2 border top 643
image 2 border bottom 131
image 2 border left 221
image 2 border right 221

</system-out><system-err>--------------------------------- Captured Err ---------------------------------

</system-err></testcase><testcase classname="tests.test_features" name="test_mock_stop_at_1" time="31.700"><system-out>--------------------------------- Captured Log ---------------------------------

--------------------------------- Captured Out ---------------------------------
/home/runner/work/ocr-book/ocr-book/tests/0001_1.png
separation double page angle 90.5528088189967
separation double page y=0 2485

</system-out><system-err>--------------------------------- Captured Err ---------------------------------

</system-err></testcase><testcase classname="tests.test_features" name="test_mock_stop_at_3" time="56.910"><system-out>--------------------------------- Captured Log ---------------------------------

--------------------------------- Captured Out ---------------------------------
/home/runner/work/ocr-book/ocr-book/tests/0001_3.png
separation double page angle 90.5528088189967
separation double page y=0 2485
page rotation 1 0.75
page rotation 2 0.2
image 1 crop x1 330
image 1 crop y1 336
image 1 crop x2 2343
image 1 crop y2 3223
image 2 crop x1 169
image 2 crop y1 648
image 2 crop x2 2186
image 2 crop y2 3361

</system-out><system-err>--------------------------------- Captured Err ---------------------------------

</system-err></testcase><testcase classname="tests.test_images" name="test_0001_png" time="64.508"><system-out>--------------------------------- Captured Log ---------------------------------

--------------------------------- Captured Out ---------------------------------
/home/runner/work/ocr-book/ocr-book/tests/0001.png
1609013894547314890 : Checking separation double page angle 90.5528088189967
1609013894547410890 : Checking separation double page y=0 2485
1609013903974229482 : Checking page rotation 1 0.75
1609013915513223894 : Checking page rotation 2 0.2
1609013919133221977 : Checking image 1 crop x1 330
1609013919133338278 : Checking image 1 crop y1 336
1609013919133373778 : Checking image 1 crop x2 2343
1609013919133402778 : Checking image 1 crop y2 3223
1609013922577463680 : Checking image 2 crop x1 169
1609013922577584981 : Checking image 2 crop y1 648
1609013922577624081 : Checking image 2 crop x2 2186
1609013922577656881 : Checking image 2 crop y2 3361
1609013922609571691 : Checking image 1 dpi 300
1609013922609676891 : Checking image 1 border top 333
1609013922609711492 : Checking image 1 border bottom 266
1609013922609744092 : Checking image 1 border left 223
1609013922609774892 : Checking image 1 border right 223
1609013922612375209 : Checking image 2 dpi 300
1609013922612458910 : Checking image 2 border top 643
1609013922612491710 : Checking image 2 border bottom 131
1609013922612522510 : Checking image 2 border left 221
1609013922612552710 : Checking image 2 border right 221

</system-out><system-err>--------------------------------- Captured Err ---------------------------------

</system-err></testcase><testcase classname="tests.test_features" name="test_mock_stop_at_5" time="56.565"><system-out>--------------------------------- Captured Log ---------------------------------

--------------------------------- Captured Out ---------------------------------
/home/runner/work/ocr-book/ocr-book/tests/0001_5.png
separation double page angle 90.5528088189967
separation double page y=0 2485
page rotation 1 0.75
page rotation 2 0.2
image 1 crop x1 330
image 1 crop y1 336
image 1 crop x2 2343
image 1 crop y2 3223
image 2 crop x1 169
image 2 crop y1 648
image 2 crop x2 2186
image 2 crop y2 3361
image 1 dpi 300
image 1 border top 333
image 1 border bottom 266
image 1 border left 223
image 1 border right 223
image 2 dpi 300
image 2 border top 643
image 2 border bottom 131
image 2 border left 221
image 2 border right 221

</system-out><system-err>--------------------------------- Captured Err ---------------------------------

</system-err></testcase><testcase classname="tests.test_images" name="test_black_border_not_removed_png" time="75.571"><system-out>--------------------------------- Captured Log ---------------------------------

--------------------------------- Captured Out ---------------------------------
/home/runner/work/ocr-book/ocr-book/tests/black-border-not-removed.png
1609013962044482351 : Checking separation double page angle 90.033171103531
1609013962044580752 : Checking separation double page y=0 2455
1609013972112662498 : Checking page rotation 1 0.0
1609013986966534179 : Checking page rotation 2 0.0
1609013991774752080 : Checking image 1 crop x1 297
1609013991774881181 : Checking image 1 crop y1 143
1609013991774917981 : Checking image 1 crop x2 2309
1609013991774950181 : Checking image 1 crop y2 3346
1609013998151906068 : Checking image 2 crop x1 159
1609013998152031069 : Checking image 2 crop y1 145
1609013998152067070 : Checking image 2 crop x2 2171
1609013998152100670 : Checking image 2 crop y2 3352
1609013998186041095 : Checking image 1 dpi 300
1609013998186150096 : Checking image 1 border top 132
1609013998186184796 : Checking image 1 border bottom 152
1609013998186216396 : Checking image 1 border left 224
1609013998186246897 : Checking image 1 border right 224
1609013998188604419 : Checking image 2 dpi 300
1609013998188690220 : Checking image 2 border top 132
1609013998188722620 : Checking image 2 border bottom 148
1609013998188753221 : Checking image 2 border left 224
1609013998188784021 : Checking image 2 border right 224

</system-out><system-err>--------------------------------- Captured Err ---------------------------------

</system-err></testcase><testcase classname="tests.test_images" name="test_2_pages_2_contours_png" time="39.356"><system-out>--------------------------------- Captured Log ---------------------------------

--------------------------------- Captured Out ---------------------------------
/home/runner/work/ocr-book/ocr-book/tests/2-pages-2-contours.png
1609013972574294145 : Checking separation double page angle 90.09036871657068
1609013972574404346 : Checking separation double page y=0 2486
1609013974539913483 : Checking page rotation 1 0.05
1609013982789906786 : Checking page rotation 2 0.30000000000000004
1609013984478076730 : Checking image 1 crop x1 1189
1609013984478170131 : Checking image 1 crop y1 1751
1609013984478199431 : Checking image 1 crop x2 1190
1609013984478225931 : Checking image 1 crop y2 1752
1609013988183656384 : Checking image 2 crop x1 101
1609013988183782685 : Checking image 2 crop y1 240
1609013988183820485 : Checking image 2 crop x2 2148
1609013988183854685 : Checking image 2 crop y2 3239
1609013988214496835 : Checking image 1 dpi 300
1609013988214599836 : Checking image 1 border top 1752
1609013988214634736 : Checking image 1 border bottom 1753
1609013988214665636 : Checking image 1 border left 1239
1609013988214696336 : Checking image 1 border right 1239
1609013988216404045 : Checking image 2 dpi 300
1609013988216499445 : Checking image 2 border top 230
1609013988216534445 : Checking image 2 border bottom 258
1609013988216565045 : Checking image 2 border left 206
1609013988216596146 : Checking image 2 border right 206

</system-out><system-err>--------------------------------- Captured Err ---------------------------------

</system-err></testcase><testcase classname="tests.test_images" name="test_wrong_split_line_png" time="49.604"><system-out>--------------------------------- Captured Log ---------------------------------

--------------------------------- Captured Out ---------------------------------
/home/runner/work/ocr-book/ocr-book/tests/wrong_split_line.png
1609014017075991662 : Checking separation double page angle 89.93395720607973
1609014017076091263 : Checking separation double page y=0 2465
1609014024576676236 : Checking page rotation 1 -0.14999999999999067
1609014032466155775 : Checking page rotation 2 0.5
1609014035020926376 : Checking image 1 crop x1 213
1609014035021044377 : Checking image 1 crop y1 157
1609014035021086078 : Checking image 1 crop x2 2323
1609014035021147778 : Checking image 1 crop y2 3362
1609014037783434463 : Checking image 2 crop x1 125
1609014037783553264 : Checking image 2 crop y1 165
1609014037783590164 : Checking image 2 crop x2 2237
1609014037783624465 : Checking image 2 crop y2 3374
1609014037816406840 : Checking image 1 dpi 300
1609014037816517341 : Checking image 1 border top 134
1609014037816555642 : Checking image 1 border bottom 148
1609014037816587942 : Checking image 1 border left 175
1609014037816618842 : Checking image 1 border right 175
1609014037818997670 : Checking image 2 dpi 300
1609014037819092471 : Checking image 2 border top 143
1609014037819127571 : Checking image 2 border bottom 135
1609014037819160172 : Checking image 2 border left 174
1609014037819191372 : Checking image 2 border right 174

</system-out><system-err>--------------------------------- Captured Err ---------------------------------

</system-err></testcase><testcase classname="tests.test_images" name="test_image_failed_to_rotate_png" time="66.528"><system-out>--------------------------------- Captured Log ---------------------------------

--------------------------------- Captured Out ---------------------------------
/home/runner/work/ocr-book/ocr-book/tests/image_failed_to_rotate.png
1609014032862100133 : Checking separation double page angle 90.13063640287984
1609014032862196335 : Checking separation double page y=0 2479
1609014037690015893 : Checking page rotation 1 0.35
1609014047804690671 : Checking page rotation 2 0.45
1609014059407969148 : Checking image 1 crop x1 34
1609014059408077149 : Checking image 1 crop y1 1
1609014059408111149 : Checking image 1 crop x2 2477
1609014059408140950 : Checking image 1 crop y2 3500
1609014064608924921 : Checking image 2 crop x1 167
1609014064609037123 : Checking image 2 crop y1 234
1609014064609069323 : Checking image 2 crop x2 2246
1609014064609098923 : Checking image 2 crop y2 3355
1609014064643847538 : Checking image 1 dpi 300
1609014064643948239 : Checking image 1 border top 4
1609014064643981840 : Checking image 1 border bottom 4
1609014064644009540 : Checking image 1 border left 19
1609014064644038040 : Checking image 1 border right 19
1609014064646529170 : Checking image 2 dpi 300
1609014064646615871 : Checking image 2 border top 218
1609014064646644671 : Checking image 2 border bottom 148
1609014064646672472 : Checking image 2 border left 190
1609014064646699772 : Checking image 2 border right 190

</system-out><system-err>--------------------------------- Captured Err ---------------------------------

</system-err></testcase><testcase classname="tests.test_images" name="test_crop_too_much_png" time="97.045"><system-out>--------------------------------- Captured Log ---------------------------------

--------------------------------- Captured Out ---------------------------------
/home/runner/work/ocr-book/ocr-book/tests/crop_too_much.png
1609014090207145567 : Checking separation double page angle 90.13239409272954
1609014090207245868 : Checking separation double page y=0 2455
1609014108159205998 : Checking page rotation 1 0.0
1609014125654802936 : Checking page rotation 2 0.45
1609014130487580376 : Checking image 1 crop x1 303
1609014130487694977 : Checking image 1 crop y1 148
1609014130487727477 : Checking image 1 crop x2 2313
1609014130487755678 : Checking image 1 crop y2 3351
1609014134821171990 : Checking image 2 crop x1 168
1609014134821288292 : Checking image 2 crop y1 155
1609014134821322892 : Checking image 2 crop x2 2179
1609014134821353592 : Checking image 2 crop y2 3359
1609014134860067746 : Checking image 1 dpi 300
1609014134860172847 : Checking image 1 border top 132
1609014134860204847 : Checking image 1 border bottom 152
1609014134860233648 : Checking image 1 border left 225
1609014134860262048 : Checking image 1 border right 225
1609014134862563075 : Checking image 2 dpi 300
1609014134862650776 : Checking image 2 border top 140
1609014134862679576 : Checking image 2 border bottom 143
1609014134862706876 : Checking image 2 border left 224
1609014134862735477 : Checking image 2 border right 224

</system-out><system-err>--------------------------------- Captured Err ---------------------------------

</system-err></testcase><testcase classname="tests.test_images" name="test_image_failed_to_crop_data_png" time="66.495"><system-out>--------------------------------- Captured Log ---------------------------------

--------------------------------- Captured Out ---------------------------------
/home/runner/work/ocr-book/ocr-book/tests/image_failed_to_crop_data.png
1609014098581322332 : Checking separation double page angle 90.053197600644
1609014098581419533 : Checking separation double page y=0 2480
1609014104263343787 : Checking page rotation 1 0.2
1609014112722861990 : Checking page rotation 2 0.0
1609014125947244706 : Checking image 1 crop x1 47
1609014125947356807 : Checking image 1 crop y1 7
1609014125947390708 : Checking image 1 crop x2 2478
1609014125947420108 : Checking image 1 crop y2 3502
1609014131119772376 : Checking image 2 crop x1 160
1609014131119898178 : Checking image 2 crop y1 217
1609014131119933878 : Checking image 2 crop x2 2242
1609014131119967679 : Checking image 2 crop y2 3350
1609014131150927646 : Checking image 1 dpi 300
1609014131151039247 : Checking image 1 border top 6
1609014131151076148 : Checking image 1 border bottom 6
1609014131151108048 : Checking image 1 border left 25
1609014131151138649 : Checking image 1 border right 25
1609014131153652978 : Checking image 2 dpi 300
1609014131153749380 : Checking image 2 border top 206
1609014131153782980 : Checking image 2 border bottom 148
1609014131153813380 : Checking image 2 border left 189
1609014131153843981 : Checking image 2 border right 189

</system-out><system-err>--------------------------------- Captured Err ---------------------------------

</system-err></testcase><testcase classname="tests.test_images" name="test_wrong_angle_split_line_png" time="73.297"><system-out>--------------------------------- Captured Log ---------------------------------

--------------------------------- Captured Out ---------------------------------
/home/runner/work/ocr-book/ocr-book/tests/wrong_angle_split_line.png
1609014166366600287 : Checking separation double page angle 90.09193420006348
1609014166366700988 : Checking separation double page y=0 2478
1609014174645351436 : Checking page rotation 1 0.05
1609014185713068664 : Checking page rotation 2 0.0
1609014198521637244 : Checking image 1 crop x1 58
1609014198521759946 : Checking image 1 crop y1 7
1609014198521793446 : Checking image 1 crop x2 2472
1609014198521823346 : Checking image 1 crop y2 3505
1609014203802377689 : Checking image 2 crop x1 163
1609014203802497791 : Checking image 2 crop y1 217
1609014203802530591 : Checking image 2 crop x2 2246
1609014203802560391 : Checking image 2 crop y2 3350
1609014203933068640 : Checking image 1 dpi 300
1609014203933209441 : Checking image 1 border top 5
1609014203933243442 : Checking image 1 border bottom 5
1609014203933271642 : Checking image 1 border left 33
1609014203933299742 : Checking image 1 border right 33
1609014203941063234 : Checking image 2 dpi 300
1609014203941185936 : Checking image 2 border top 206
1609014203941216736 : Checking image 2 border bottom 148
1609014203941245037 : Checking image 2 border left 188
1609014203941272237 : Checking image 2 border right 188

</system-out><system-err>--------------------------------- Captured Err ---------------------------------

</system-err></testcase><testcase classname="tests.test_images" name="test_crop_too_few_png" time="51.515"><system-out>--------------------------------- Captured Log ---------------------------------

--------------------------------- Captured Out ---------------------------------
/home/runner/work/ocr-book/ocr-book/tests/crop_too_few.png
1609014164755732749 : Checking separation double page angle 89.54670238452755
1609014164755827650 : Checking separation double page y=0 2512
1609014173404153710 : Checking page rotation 1 -0.6499999999999977
1609014181118950988 : Checking page rotation 2 0.0
1609014183872635681 : Checking image 1 crop x1 263
1609014183872746982 : Checking image 1 crop y1 150
1609014183872779482 : Checking image 1 crop x2 2377
1609014183872808683 : Checking image 1 crop y2 3357
1609014186368703396 : Checking image 2 crop x1 137
1609014186368810697 : Checking image 2 crop y1 141
1609014186368844197 : Checking image 2 crop x2 2259
1609014186368873698 : Checking image 2 crop y2 3345
1609014186395924921 : Checking image 1 dpi 300
1609014186396032722 : Checking image 1 border top 129
1609014186396064723 : Checking image 1 border bottom 150
1609014186396093823 : Checking image 1 border left 173
1609014186396122323 : Checking image 1 border right 173
1609014186398482952 : Checking image 2 dpi 300
1609014186398576053 : Checking image 2 border top 130
1609014186398608553 : Checking image 2 border bottom 153
1609014186398639153 : Checking image 2 border left 169
1609014186398666854 : Checking image 2 border right 169

</system-out><system-err>--------------------------------- Captured Err ---------------------------------

</system-err></testcase><testcase classname="tests.test_images" name="test_crop_too_much_2_png" time="107.647"><system-out>--------------------------------- Captured Log ---------------------------------

--------------------------------- Captured Out ---------------------------------
/home/runner/work/ocr-book/ocr-book/tests/crop_too_much_2.png
1609014245949858033 : Checking separation double page angle 90.1149074900787
1609014245949957534 : Checking separation double page y=0 2478
1609014262834627730 : Checking page rotation 1 0.2
1609014283220151806 : Checking page rotation 2 0.2
1609014287892569064 : Checking image 1 crop x1 332
1609014287892688466 : Checking image 1 crop y1 131
1609014287892725066 : Checking image 1 crop x2 2342
1609014287892757567 : Checking image 1 crop y2 3336
1609014293958429519 : Checking image 2 crop x1 162
1609014293958550520 : Checking image 2 crop y1 139
1609014293958586820 : Checking image 2 crop x2 2175
1609014293958620021 : Checking image 2 crop y2 3345
1609014294006705187 : Checking image 1 dpi 300
1609014294006818588 : Checking image 1 border top 119
1609014294006855189 : Checking image 1 border bottom 163
1609014294006887189 : Checking image 1 border left 225
1609014294006920390 : Checking image 1 border right 225
1609014294009339618 : Checking image 2 dpi 300
1609014294009440519 : Checking image 2 border top 130
1609014294009473120 : Checking image 2 border bottom 151
1609014294009506620 : Checking image 2 border left 223
1609014294009539920 : Checking image 2 border right 223

</system-out><system-err>--------------------------------- Captured Err ---------------------------------

</system-err></testcase><testcase classname="tests.test_images" name="test_angle_page_lower_split_line_png" time="61.052"><system-out>--------------------------------- Captured Log ---------------------------------

--------------------------------- Captured Out ---------------------------------
/home/runner/work/ocr-book/ocr-book/tests/angle_page_lower_split_line.png
1609014238727498294 : Checking separation double page angle 89.74927707086691
1609014238727596795 : Checking separation double page y=0 2474
1609014250287991371 : Checking page rotation 1 -0.4000000000000005
1609014259387222021 : Checking page rotation 2 0.2
1609014262406765359 : Checking image 1 crop x1 244
1609014262406869961 : Checking image 1 crop y1 160
1609014262406903661 : Checking image 1 crop x2 2350
1609014262406933261 : Checking image 1 crop y2 3365
1609014265546109362 : Checking image 2 crop x1 150
1609014265546220863 : Checking image 2 crop y1 147
1609014265546252864 : Checking image 2 crop x2 2257
1609014265546282264 : Checking image 2 crop y2 3350
1609014265577347032 : Checking image 1 dpi 300
1609014265577452234 : Checking image 1 border top 144
1609014265577483334 : Checking image 1 border bottom 138
1609014265577511234 : Checking image 1 border left 177
1609014265577539035 : Checking image 1 border right 177
1609014265579987064 : Checking image 2 dpi 300
1609014265580076365 : Checking image 2 border top 130
1609014265580105865 : Checking image 2 border bottom 154
1609014265580136165 : Checking image 2 border left 176
1609014265580162866 : Checking image 2 border right 176

</system-out><system-err>--------------------------------- Captured Err ---------------------------------

</system-err></testcase><testcase classname="tests.test_images" name="test_wrong_wave_split_line_png" time="94.093"><system-out>--------------------------------- Captured Log ---------------------------------

--------------------------------- Captured Out ---------------------------------
/home/runner/work/ocr-book/ocr-book/tests/wrong_wave_split_line.png
1609014312024007024 : Checking separation double page angle 90.37878604107719
1609014312024102725 : Checking separation double page y=0 2500
1609014327454448056 : Checking page rotation 1 -0.14999999999999067
1609014341634169291 : Checking page rotation 2 0.85
1609014350598072193 : Checking image 1 crop x1 385
1609014350598180494 : Checking image 1 crop y1 179
1609014350598213594 : Checking image 1 crop x2 2411
1609014350598242195 : Checking image 1 crop y2 3374
1609014359618685841 : Checking image 2 crop x1 8
1609014359618789342 : Checking image 2 crop y1 0
1609014359618821843 : Checking image 2 crop x2 2415
1609014359618852243 : Checking image 2 crop y2 3505
1609014359662525461 : Checking image 1 dpi 300
1609014359662628762 : Checking image 1 border top 173
1609014359662659762 : Checking image 1 border bottom 119
1609014359662687162 : Checking image 1 border left 217
1609014359662715763 : Checking image 1 border right 217
1609014359665112591 : Checking image 2 dpi 300
1609014359665238193 : Checking image 2 border top 1
1609014359665269793 : Checking image 2 border bottom 1
1609014359665297293 : Checking image 2 border left 37
1609014359665324294 : Checking image 2 border right 37

</system-out><system-err>--------------------------------- Captured Err ---------------------------------

</system-err></testcase><testcase classname="tests.test_images" name="test_wrong_split_line_2_png" time="104.554"><system-out>--------------------------------- Captured Log ---------------------------------

--------------------------------- Captured Out ---------------------------------
/home/runner/work/ocr-book/ocr-book/tests/wrong_split_line_2.png
1609014345619566055 : Checking separation double page angle 90.19944704411863
1609014345619664856 : Checking separation double page y=0 2437
1609014361876723206 : Checking page rotation 1 0.2
1609014380376181617 : Checking page rotation 2 0.4
1609014387872051584 : Checking image 1 crop x1 294
1609014387872173186 : Checking image 1 crop y1 136
1609014387872208186 : Checking image 1 crop x2 2325
1609014387872241287 : Checking image 1 crop y2 3376
1609014398529588920 : Checking image 2 crop x1 140
1609014398529707722 : Checking image 2 crop y1 192
1609014398529744022 : Checking image 2 crop x2 2167
1609014398529778422 : Checking image 2 crop y2 3386
1609014398573603542 : Checking image 1 dpi 300
1609014398573717943 : Checking image 1 border top 131
1609014398573752644 : Checking image 1 border bottom 116
1609014398573784744 : Checking image 1 border left 214
1609014398573815444 : Checking image 1 border right 214
1609014398575978170 : Checking image 2 dpi 300
1609014398576072871 : Checking image 2 border top 183
1609014398576105871 : Checking image 2 border bottom 110
1609014398576138072 : Checking image 2 border left 216
1609014398576169172 : Checking image 2 border right 216

</system-out><system-err>--------------------------------- Captured Err ---------------------------------

</system-err></testcase><testcase classname="tests.test_images" name="test_no_split_line_line_algo_png" time="62.604"><system-out>--------------------------------- Captured Log ---------------------------------

--------------------------------- Captured Out ---------------------------------
/home/runner/work/ocr-book/ocr-book/tests/no_split_line_line_algo.png
1609014393288132290 : Checking separation double page angle 89.47691469185418
1609014393288227991 : Checking separation double page y=0 2476
1609014400287774358 : Checking page rotation 1 -0.14999999999999067
1609014415422852263 : Checking page rotation 2 -0.44999999999999746
1609014417908491938 : Checking image 1 crop x1 205
1609014417908602239 : Checking image 1 crop y1 158
1609014417908634140 : Checking image 1 crop x2 2320
1609014417908662940 : Checking image 1 crop y2 3366
1609014422245975668 : Checking image 2 crop x1 185
1609014422246088770 : Checking image 2 crop y1 221
1609014422246122670 : Checking image 2 crop x2 2201
1609014422246151970 : Checking image 2 crop y2 3366
1609014422281579891 : Checking image 1 dpi 300
1609014422281688792 : Checking image 1 border top 144
1609014422281720392 : Checking image 1 border bottom 134
1609014422281748293 : Checking image 1 border left 172
1609014422281776393 : Checking image 1 border right 172
1609014422284315323 : Checking image 2 dpi 300
1609014422284404224 : Checking image 2 border top 219
1609014422284434324 : Checking image 2 border bottom 123
1609014422284461625 : Checking image 2 border left 222
1609014422284489525 : Checking image 2 border right 222

</system-out><system-err>--------------------------------- Captured Err ---------------------------------

</system-err></testcase><testcase classname="tests.test_images" name="test_small_wave_png" time="90.634"><system-out>--------------------------------- Captured Log ---------------------------------

--------------------------------- Captured Out ---------------------------------
/home/runner/work/ocr-book/ocr-book/tests/small_wave.png
1609014455634693607 : Checking separation double page angle 90.58816928841564
1609014455634795508 : Checking separation double page y=0 2497
1609014470227341232 : Checking page rotation 1 0.65
1609014483841171726 : Checking page rotation 2 0.75
1609014486558530254 : Checking image 1 crop x1 320
1609014486558639555 : Checking image 1 crop y1 199
1609014486558671255 : Checking image 1 crop x2 2353
1609014486558701356 : Checking image 1 crop y2 3394
1609014489188927151 : Checking image 2 crop x1 132
1609014489189034352 : Checking image 2 crop y1 224
1609014489189067652 : Checking image 2 crop x2 2160
1609014489189099253 : Checking image 2 crop y2 3419
1609014489222440648 : Checking image 1 dpi 300
1609014489222547449 : Checking image 1 border top 179
1609014489222578450 : Checking image 1 border bottom 112
1609014489222606250 : Checking image 1 border left 213
1609014489222634450 : Checking image 1 border right 213
1609014489224689775 : Checking image 2 dpi 300
1609014489224771476 : Checking image 2 border top 197
1609014489224800776 : Checking image 2 border bottom 95
1609014489224828676 : Checking image 2 border left 216
1609014489224855377 : Checking image 2 border right 216

</system-out><system-err>--------------------------------- Captured Err ---------------------------------

</system-err></testcase><testcase classname="tests.test_images" name="test_failed_split_line_line_algo_png" time="26.097"><system-out>--------------------------------- Captured Log ---------------------------------

--------------------------------- Captured Out ---------------------------------
/home/runner/work/ocr-book/ocr-book/tests/failed_split_line_line_algo.png
1609014438843997859 : Checking separation double page angle 90.04134220573248
1609014438844090960 : Checking separation double page y=0 2573
1609014442618841697 : Checking page rotation 1 -0.14999999999999067
1609014444661528807 : Checking page rotation 2 0.0
1609014446856717325 : Checking image 1 crop x1 407
1609014446856822427 : Checking image 1 crop y1 2925
1609014446856855027 : Checking image 1 crop x2 2419
1609014446856882927 : Checking image 1 crop y2 3174
1609014448395189860 : Checking image 2 crop x1 1184
1609014448395286661 : Checking image 2 crop y1 1748
1609014448395320262 : Checking image 2 crop x2 1185
1609014448395352362 : Checking image 2 crop y2 1749
1609014448395633865 : Checking image 1 dpi 300
1609014448395708666 : Checking image 1 border top 2922
1609014448395741267 : Checking image 1 border bottom 316
1609014448395772567 : Checking image 1 border left 224
1609014448395803467 : Checking image 1 border right 224
1609014448397315585 : Checking image 2 dpi 300
1609014448397395786 : Checking image 2 border top 1752
1609014448397427287 : Checking image 2 border bottom 1753
1609014448397459087 : Checking image 2 border left 1239
1609014448397489187 : Checking image 2 border right 1239

</system-out><system-err>--------------------------------- Captured Err ---------------------------------

</system-err></testcase><testcase classname="tests.test_images" name="test_failed_split_line_line_algo_2_png" time="83.196"><system-out>--------------------------------- Captured Log ---------------------------------

--------------------------------- Captured Out ---------------------------------
/home/runner/work/ocr-book/ocr-book/tests/failed_split_line_line_algo_2.png
1609014495213602377 : Checking separation double page angle 90.03068774449687
1609014495213705578 : Checking separation double page y=0 2500
1609014512412511475 : Checking page rotation 1 0.0
1609014525110004733 : Checking page rotation 2 0.6000000000000001
1609014528266791068 : Checking image 1 crop x1 272
1609014528266910269 : Checking image 1 crop y1 149
1609014528266946670 : Checking image 1 crop x2 2383
1609014528266978270 : Checking image 1 crop y2 3353
1609014531528439246 : Checking image 2 crop x1 121
1609014531528562947 : Checking image 2 crop y1 155
1609014531528598848 : Checking image 2 crop x2 2244
1609014531528632148 : Checking image 2 crop y2 3350
1609014531568406720 : Checking image 1 dpi 300
1609014531568512121 : Checking image 1 border top 138
1609014531568546521 : Checking image 1 border bottom 145
1609014531568578722 : Checking image 1 border left 174
1609014531568610522 : Checking image 1 border right 174
1609014531571047151 : Checking image 2 dpi 300
1609014531571140752 : Checking image 2 border top 136
1609014531571173152 : Checking image 2 border bottom 156
1609014531571203953 : Checking image 2 border left 168
1609014531571234053 : Checking image 2 border right 168

</system-out><system-err>--------------------------------- Captured Err ---------------------------------

</system-err></testcase><testcase classname="tests.test_images" name="test_wrong_split_line_3_png" time="68.658"><system-out>--------------------------------- Captured Log ---------------------------------

--------------------------------- Captured Out ---------------------------------
/home/runner/work/ocr-book/ocr-book/tests/wrong_split_line_3.png
1609014527726402360 : Checking separation double page angle 90.43729500214694
1609014527726493961 : Checking separation double page y=0 2498
1609014541467542523 : Checking page rotation 1 0.30000000000000004
1609014551906924907 : Checking page rotation 2 0.9
1609014555098725377 : Checking image 1 crop x1 331
1609014555098830978 : Checking image 1 crop y1 165
1609014555098861278 : Checking image 1 crop x2 2375
1609014555098891479 : Checking image 1 crop y2 3376
1609014557866908719 : Checking image 2 crop x1 102
1609014557867013921 : Checking image 2 crop y1 208
1609014557867047721 : Checking image 2 crop x2 2133
1609014557867077221 : Checking image 2 crop y2 3413
1609014557897879587 : Checking image 1 dpi 300
1609014557897981788 : Checking image 1 border top 157
1609014557898012888 : Checking image 1 border bottom 119
1609014557898040589 : Checking image 1 border left 208
1609014557898068289 : Checking image 1 border right 208
1609014557900165914 : Checking image 2 dpi 300
1609014557900249315 : Checking image 2 border top 187
1609014557900278615 : Checking image 2 border bottom 95
1609014557900312616 : Checking image 2 border left 214
1609014557900340216 : Checking image 2 border right 214

</system-out><system-err>--------------------------------- Captured Err ---------------------------------

</system-err></testcase><testcase classname="tests.test_images" name="test_crop_too_much_3_png" time="83.401"><system-out>--------------------------------- Captured Log ---------------------------------

--------------------------------- Captured Out ---------------------------------
/home/runner/work/ocr-book/ocr-book/tests/crop_too_much_3.png
1609014577678692989 : Checking separation double page angle 89.49330634783144
1609014577678793590 : Checking separation double page y=0 2498
1609014589788627915 : Checking page rotation 1 -0.8999999999999949
1609014606092349907 : Checking page rotation 2 -0.14999999999999067
1609014610223888809 : Checking image 1 crop x1 374
1609014610224007111 : Checking image 1 crop y1 258
1609014610224043011 : Checking image 1 crop x2 2385
1609014610224074511 : Checking image 1 crop y2 3459
1609014614923197251 : Checking image 2 crop x1 168
1609014614923320253 : Checking image 2 crop y1 228
1609014614923357253 : Checking image 2 crop x2 2181
1609014614923392554 : Checking image 2 crop y2 3417
1609014614967682879 : Checking image 1 dpi 300
1609014614967790180 : Checking image 1 border top 239
1609014614967826881 : Checking image 1 border bottom 47
1609014614967858881 : Checking image 1 border left 224
1609014614967890582 : Checking image 1 border right 224
1609014614970319510 : Checking image 2 dpi 300
1609014614970407211 : Checking image 2 border top 209
1609014614970438512 : Checking image 2 border bottom 89
1609014614970469512 : Checking image 2 border left 223
1609014614970503413 : Checking image 2 border right 223

</system-out><system-err>--------------------------------- Captured Err ---------------------------------

</system-err></testcase><testcase classname="tests.test_images" name="test_wrong_wave_split_line_2_png" time="83.325"><system-out>--------------------------------- Captured Log ---------------------------------

--------------------------------- Captured Out ---------------------------------
/home/runner/work/ocr-book/ocr-book/tests/wrong_wave_split_line_2.png
1609014602382066075 : Checking separation double page angle 90.7708958311329
1609014602382168076 : Checking separation double page y=0 2490
1609014614871818942 : Checking page rotation 1 0.4
1609014630686000817 : Checking page rotation 2 1.8
1609014634391669164 : Checking image 1 crop x1 224
1609014634391788865 : Checking image 1 crop y1 147
1609014634391826666 : Checking image 1 crop x2 2337
1609014634391860266 : Checking image 1 crop y2 3355
1609014641163072869 : Checking image 2 crop x1 107
1609014641163183770 : Checking image 2 crop y1 197
1609014641163219270 : Checking image 2 crop x2 2229
1609014641163252671 : Checking image 2 crop y2 3396
1609014641207500396 : Checking image 1 dpi 300
1609014641207614497 : Checking image 1 border top 137
1609014641207648697 : Checking image 1 border bottom 142
1609014641207680398 : Checking image 1 border left 173
1609014641207710698 : Checking image 1 border right 173
1609014641209810923 : Checking image 2 dpi 300
1609014641209897024 : Checking image 2 border top 171
1609014641209929224 : Checking image 2 border bottom 116
1609014641209959425 : Checking image 2 border left 169
1609014641209989425 : Checking image 2 border right 169

</system-out><system-err>--------------------------------- Captured Err ---------------------------------

</system-err></testcase><testcase classname="tests.test_images" name="test_wrong_wave_split_line_3_png" time="69.932"><system-out>--------------------------------- Captured Log ---------------------------------

--------------------------------- Captured Out ---------------------------------
/home/runner/work/ocr-book/ocr-book/tests/wrong_wave_split_line_3.png
1609014655933927732 : Checking separation double page angle 90.05826063695574
1609014655934021233 : Checking separation double page y=0 2514
1609014669453054411 : Checking page rotation 1 0.05
1609014678435222351 : Checking page rotation 2 0.30000000000000004
1609014681890070936 : Checking image 1 crop x1 273
1609014681890179238 : Checking image 1 crop y1 220
1609014681890227338 : Checking image 1 crop x2 2383
1609014681890259438 : Checking image 1 crop y2 3423
1609014684875792056 : Checking image 2 crop x1 114
1609014684875910958 : Checking image 2 crop y1 226
1609014684875947258 : Checking image 2 crop x2 2237
1609014684875982559 : Checking image 2 crop y2 3414
1609014684912394791 : Checking image 1 dpi 300
1609014684912499892 : Checking image 1 border top 202
1609014684912534592 : Checking image 1 border bottom 82
1609014684912565893 : Checking image 1 border left 175
1609014684912596993 : Checking image 1 border right 175
1609014684915080423 : Checking image 2 dpi 300
1609014684915176624 : Checking image 2 border top 207
1609014684915208624 : Checking image 2 border bottom 92
1609014684915239224 : Checking image 2 border left 168
1609014684915269525 : Checking image 2 border right 168

</system-out><system-err>--------------------------------- Captured Err ---------------------------------

</system-err></testcase><testcase classname="tests.test_images" name="test_no_split_line_wave_algo_png" time="82.592"><system-out>--------------------------------- Captured Log ---------------------------------

--------------------------------- Captured Out ---------------------------------
/home/runner/work/ocr-book/ocr-book/tests/no_split_line_wave_algo.png
1609014681187965707 : Checking separation double page angle 89.72500000000001
1609014681188077908 : Checking separation double page y=0 2484
1609014687978379541 : Checking page rotation 1 0.0
1609014700888681879 : Checking page rotation 2 -0.49999999999999434
1609014714734747078 : Checking image 1 crop x1 97
1609014714734826679 : Checking image 1 crop y1 79
1609014714734861379 : Checking image 1 crop x2 2494
1609014714734893880 : Checking image 1 crop y2 3505
1609014723729721602 : Checking image 2 crop x1 163
1609014723729832903 : Checking image 2 crop y1 266
1609014723729870504 : Checking image 2 crop x2 2238
1609014723729903404 : Checking image 2 crop y2 3381
1609014723768386560 : Checking image 1 dpi 300
1609014723768504162 : Checking image 1 border top 41
1609014723768538362 : Checking image 1 border bottom 41
1609014723768570063 : Checking image 1 border left 42
1609014723768601063 : Checking image 1 border right 42
1609014723770855190 : Checking image 2 dpi 300
1609014723770949091 : Checking image 2 border top 252
1609014723770984191 : Checking image 2 border bottom 120
1609014723771015292 : Checking image 2 border left 192
1609014723771046392 : Checking image 2 border right 192

</system-out><system-err>--------------------------------- Captured Err ---------------------------------

</system-err></testcase><testcase classname="tests.test_images" name="test_no_split_line_wave_algo_2_png" time="60.599"><system-out>--------------------------------- Captured Log ---------------------------------

--------------------------------- Captured Out ---------------------------------
/home/runner/work/ocr-book/ocr-book/tests/no_split_line_wave_algo_2.png
1609014718774763306 : Checking separation double page angle 90.54999999999998
1609014718774878705 : Checking separation double page y=0 2478
1609014729015796560 : Checking page rotation 1 1.1500000000000001
1609014740017407875 : Checking page rotation 2 0.2
1609014742899264165 : Checking image 1 crop x1 266
1609014742899379565 : Checking image 1 crop y1 209
1609014742899412366 : Checking image 1 crop x2 2342
1609014742899442866 : Checking image 1 crop y2 3413
1609014745493758295 : Checking image 2 crop x1 168
1609014745493866495 : Checking image 2 crop y1 241
1609014745493898696 : Checking image 2 crop x2 2251
1609014745493928096 : Checking image 2 crop y2 3433
1609014745526786403 : Checking image 1 dpi 300
1609014745526886503 : Checking image 1 border top 191
1609014745526917003 : Checking image 1 border bottom 92
1609014745526945004 : Checking image 1 border left 192
1609014745526971804 : Checking image 1 border right 192
1609014745529426419 : Checking image 2 dpi 300
1609014745529518320 : Checking image 2 border top 224
1609014745529546820 : Checking image 2 border bottom 71
1609014745529574020 : Checking image 2 border left 188
1609014745529600920 : Checking image 2 border right 188

</system-out><system-err>--------------------------------- Captured Err ---------------------------------

</system-err></testcase><testcase classname="tests.test_images" name="test_crop_too_few_2_png" time="59.161"><system-out>--------------------------------- Captured Log ---------------------------------

--------------------------------- Captured Out ---------------------------------
/home/runner/work/ocr-book/ocr-book/tests/crop_too_few_2.png
1609014757847003036 : Checking separation double page angle 90.30476192320097
1609014757847106737 : Checking separation double page y=0 2531
1609014768433826793 : Checking page rotation 1 1.2000000000000002
1609014776145769309 : Checking page rotation 2 -0.04999999999999689
1609014779450920566 : Checking image 1 crop x1 287
1609014779451035267 : Checking image 1 crop y1 165
1609014779451070567 : Checking image 1 crop x2 2398
1609014779451103167 : Checking image 1 crop y2 3368
1609014782952041345 : Checking image 2 crop x1 149
1609014782952158046 : Checking image 2 crop y1 189
1609014782952192246 : Checking image 2 crop x2 2273
1609014782952226446 : Checking image 2 crop y2 3386
1609014782986168665 : Checking image 1 dpi 300
1609014782986280066 : Checking image 1 border top 157
1609014782986314466 : Checking image 1 border bottom 127
1609014782986345567 : Checking image 1 border left 174
1609014782986377967 : Checking image 1 border right 174
1609014782988496880 : Checking image 2 dpi 300
1609014782988589881 : Checking image 2 border top 181
1609014782988621381 : Checking image 2 border bottom 109
1609014782988652481 : Checking image 2 border left 168
1609014782988683082 : Checking image 2 border right 168

</system-out><system-err>--------------------------------- Captured Err ---------------------------------

</system-err></testcase><testcase classname="tests.test_images" name="test_failed_detect_rectangle_png" time="79.295"><system-out>--------------------------------- Captured Log ---------------------------------

--------------------------------- Captured Out ---------------------------------
/home/runner/work/ocr-book/ocr-book/tests/failed_detect_rectangle.png
1609014786532466173 : Checking separation double page angle 90.19837516213148
1609014786532561474 : Checking separation double page y=0 2474
1609014800767530080 : Checking page rotation 1 0.2
1609014818605178292 : Checking page rotation 2 0.2
1609014821757415385 : Checking image 1 crop x1 257
1609014821757524986 : Checking image 1 crop y1 201
1609014821757556786 : Checking image 1 crop x2 2333
1609014821757584786 : Checking image 1 crop y2 3402
1609014824777214332 : Checking image 2 crop x1 136
1609014824777322733 : Checking image 2 crop y1 215
1609014824777355933 : Checking image 2 crop x2 2219
1609014824777385633 : Checking image 2 crop y2 3406
1609014824816279385 : Checking image 1 dpi 300
1609014824816382586 : Checking image 1 border top 188
1609014824816414486 : Checking image 1 border bottom 97
1609014824816442386 : Checking image 1 border left 192
1609014824816469586 : Checking image 1 border right 192
1609014824818887402 : Checking image 2 dpi 300
1609014824818968503 : Checking image 2 border top 200
1609014824818996903 : Checking image 2 border bottom 95
1609014824819024303 : Checking image 2 border left 188
1609014824819050503 : Checking image 2 border right 188

</system-out><system-err>--------------------------------- Captured Err ---------------------------------

</system-err></testcase><testcase classname="tests.test_images" name="test_single_page_png" time="22.063"><system-out>--------------------------------- Captured Log ---------------------------------

--------------------------------- Captured Out ---------------------------------
/home/runner/work/ocr-book/ocr-book/tests/single_page.png
1609014792698206376 : Checking separation double page angle 90.04999999999998
1609014792698319577 : Checking separation double page y=0 2476
1609014797155921780 : Checking page rotation 1 0.0
1609014797638456380 : Checking page rotation 2 0.0
1609014804318691991 : Checking image 1 crop x1 1
1609014804318772792 : Checking image 1 crop y1 8
1609014804318802992 : Checking image 1 crop x2 2470
1609014804318831292 : Checking image 1 crop y2 3505
1609014804798111471 : Checking image 2 crop x1 0
1609014804798175771 : Checking image 2 crop y1 0
1609014804798202871 : Checking image 2 crop x2 0
1609014804798227972 : Checking image 2 crop y2 0
1609014804798297572 : Checking image 1 dpi 300
1609014804798357672 : Checking image 1 border top 5
1609014804798388673 : Checking image 1 border bottom 5
1609014804798416073 : Checking image 1 border left 6
1609014804798443273 : Checking image 1 border right 6
1609014804804623913 : Checking image 2 border top 0
1609014804804696213 : Checking image 2 border bottom 0
1609014804804722313 : Checking image 2 border left 0
1609014804804748313 : Checking image 2 border right 0

</system-out><system-err>--------------------------------- Captured Err ---------------------------------

</system-err></testcase><testcase classname="tests.test_images" name="test_wrong_split_line_4_png" time="37.784"><system-out>--------------------------------- Captured Log ---------------------------------

--------------------------------- Captured Out ---------------------------------
/home/runner/work/ocr-book/ocr-book/tests/wrong_split_line_4.png
1609014826322206333 : Checking separation double page angle 91.04999999999998
1609014826322318334 : Checking separation double page y=0 60
1609014826617748646 : Checking page rotation 1 1.05
1609014838352175547 : Checking page rotation 2 1.1500000000000001
1609014838891670505 : Checking image 1 crop x1 0
1609014838891737005 : Checking image 1 crop y1 0
1609014838891763405 : Checking image 1 crop x2 0
1609014838891788505 : Checking image 1 crop y2 0
1609014842841670016 : Checking image 2 crop x1 292
1609014842841766917 : Checking image 2 crop y1 330
1609014842841798617 : Checking image 2 crop x2 2314
1609014842841825617 : Checking image 2 crop y2 3218
1609014842878342851 : Checking image 1 border top 0
1609014842878406452 : Checking image 1 border bottom 0
1609014842878434152 : Checking image 1 border left 0
1609014842878460652 : Checking image 1 border right 0
1609014842878512652 : Checking image 2 dpi 300
1609014842878583253 : Checking image 2 border top 322
1609014842878611653 : Checking image 2 border bottom 277
1609014842878639853 : Checking image 2 border left 219
1609014842878666753 : Checking image 2 border right 219

</system-out><system-err>--------------------------------- Captured Err ---------------------------------

</system-err></testcase><testcase classname="tests.test_images" name="test_no_split_line_wave_algo_3_png" time="19.273"><system-out>--------------------------------- Captured Log ---------------------------------

--------------------------------- Captured Out ---------------------------------
/home/runner/work/ocr-book/ocr-book/tests/no_split_line_wave_algo_3.png
1609014835691335089 : Checking separation double page angle 90.14999999999998
1609014835691451389 : Checking separation double page y=0 2408
1609014838780532392 : Checking page rotation 1 0.0
1609014839175768325 : Checking page rotation 2 0.35
1609014843494087997 : Checking image 1 crop x1 184
1609014843494197098 : Checking image 1 crop y1 2957
1609014843494229898 : Checking image 1 crop x2 2201
1609014843494258298 : Checking image 1 crop y2 3202
1609014844073994313 : Checking image 2 crop x1 0
1609014844074058214 : Checking image 2 crop y1 0
1609014844074086414 : Checking image 2 crop x2 0
1609014844074112714 : Checking image 2 crop y2 0
1609014844074188914 : Checking image 1 dpi 300
1609014844074250115 : Checking image 1 border top 2950
1609014844074279415 : Checking image 1 border bottom 292
1609014844074307215 : Checking image 1 border left 221
1609014844074335615 : Checking image 1 border right 221
1609014844083421274 : Checking image 2 border top 0
1609014844083486874 : Checking image 2 border bottom 0
1609014844083513674 : Checking image 2 border left 0
1609014844083540274 : Checking image 2 border right 0

</system-out><system-err>--------------------------------- Captured Err ---------------------------------

</system-err></testcase><testcase classname="tests.test_images" name="test_failed_split_line_line_algo_3_png" time="32.153"><system-out>--------------------------------- Captured Log ---------------------------------

--------------------------------- Captured Out ---------------------------------
/home/runner/work/ocr-book/ocr-book/tests/failed_split_line_line_algo_3.png
1609014859318988432 : Checking separation double page angle 90.0
1609014859319105733 : Checking separation double page y=0 40
1609014859478072846 : Checking page rotation 1 0.0
1609014866383778377 : Checking page rotation 2 0.0
1609014866789717681 : Checking image 1 crop x1 0
1609014866789784982 : Checking image 1 crop y1 0
1609014866789814182 : Checking image 1 crop x2 0
1609014866789842482 : Checking image 1 crop y2 0
1609014875005103474 : Checking image 2 crop x1 246
1609014875005237175 : Checking image 2 crop y1 154
1609014875005272275 : Checking image 2 crop x2 2259
1609014875005304175 : Checking image 2 crop y2 3361
1609014875039248893 : Checking image 1 border top 0
1609014875039315294 : Checking image 1 border bottom 0
1609014875039349294 : Checking image 1 border left 0
1609014875039380594 : Checking image 1 border right 0
1609014875039436594 : Checking image 2 dpi 300
1609014875039510895 : Checking image 2 border top 146
1609014875039541495 : Checking image 2 border bottom 134
1609014875039571695 : Checking image 2 border left 223
1609014875039602995 : Checking image 2 border right 223

</system-out><system-err>--------------------------------- Captured Err ---------------------------------

</system-err></testcase></testsuite></testsuites>