<?xml version="1.0" encoding="utf-8"?><testsuites><testsuite name="pytest" errors="0" failures="0" skipped="0" tests="36" time="359.134" timestamp="2021-05-12T12:13:57.348848" hostname="fv-az202-703"><testcase classname="tests.test_features" name="test_disabled_enable_debug" time="21.655"><system-out>--------------------------------- Captured Log ---------------------------------

--------------------------------- Captured Out ---------------------------------
/home/runner/work/diptych/diptych/tests/0001_debug.png
separation double page angle 90.55756528497216
separation double page y=0 2484
page rotation 1 0.65
page rotation 2 0.2
image 1 crop x1 329
image 1 crop y1 335
image 1 crop x2 2344
image 1 crop y2 3222
image 2 crop x1 171
image 2 crop y1 648
image 2 crop x2 2188
image 2 crop y2 3361
image 1 dpi 300
image 1 border top 327
image 1 border bottom 273
image 1 border left 222
image 1 border right 222
image 2 dpi 300
image 2 border top 643
image 2 border bottom 131
image 2 border left 221
image 2 border right 221

</system-out><system-err>--------------------------------- Captured Err ---------------------------------

</system-err></testcase><testcase classname="tests.test_features" name="test_mock_stop_at_0" time="0.052"><system-out>--------------------------------- Captured Log ---------------------------------

--------------------------------- Captured Out ---------------------------------
/home/runner/work/diptych/diptych/tests/0001_0.png

</system-out><system-err>--------------------------------- Captured Err ---------------------------------

</system-err></testcase><testcase classname="tests.test_features" name="test_mock_stop_at_2" time="16.195"><system-out>--------------------------------- Captured Log ---------------------------------

--------------------------------- Captured Out ---------------------------------
/home/runner/work/diptych/diptych/tests/0001_2.png
separation double page angle 90.55756528497216
separation double page y=0 2484
page rotation 1 0.65
page rotation 2 0.2

</system-out><system-err>--------------------------------- Captured Err ---------------------------------

</system-err></testcase><testcase classname="tests.test_features" name="test_mock_stop_at_4" time="20.950"><system-out>--------------------------------- Captured Log ---------------------------------

--------------------------------- Captured Out ---------------------------------
/home/runner/work/diptych/diptych/tests/0001_4.png
separation double page angle 90.55756528497216
separation double page y=0 2484
page rotation 1 0.65
page rotation 2 0.2
image 1 crop x1 329
image 1 crop y1 335
image 1 crop x2 2344
image 1 crop y2 3222
image 2 crop x1 171
image 2 crop y1 648
image 2 crop x2 2188
image 2 crop y2 3361
image 1 dpi 300
image 1 border top 326
image 1 border bottom 274
image 1 border left 222
image 1 border right 222
image 2 dpi 300
image 2 border top 643
image 2 border bottom 131
image 2 border left 221
image 2 border right 221

</system-out><system-err>--------------------------------- Captured Err ---------------------------------

</system-err></testcase><testcase classname="tests.test_features" name="test_mock_stop_at_1" time="12.530"><system-out>--------------------------------- Captured Log ---------------------------------

--------------------------------- Captured Out ---------------------------------
/home/runner/work/diptych/diptych/tests/0001_1.png
separation double page angle 90.55756528497216
separation double page y=0 2484

</system-out><system-err>--------------------------------- Captured Err ---------------------------------

</system-err></testcase><testcase classname="tests.test_features" name="test_mock_stop_at_3" time="20.247"><system-out>--------------------------------- Captured Log ---------------------------------

--------------------------------- Captured Out ---------------------------------
/home/runner/work/diptych/diptych/tests/0001_3.png
separation double page angle 90.55756528497216
separation double page y=0 2484
page rotation 1 0.65
page rotation 2 0.2
image 1 crop x1 329
image 1 crop y1 335
image 1 crop x2 2344
image 1 crop y2 3222
image 2 crop x1 171
image 2 crop y1 648
image 2 crop x2 2188
image 2 crop y2 3361

</system-out><system-err>--------------------------------- Captured Err ---------------------------------

</system-err></testcase><testcase classname="tests.test_images" name="test_0001_png" time="19.597"><system-out>--------------------------------- Captured Log ---------------------------------

--------------------------------- Captured Out ---------------------------------
/home/runner/work/diptych/diptych/tests/0001.png
1620821688361364191 : Checking separation double page angle 90.55756528497216
1620821688361475698 : Checking separation double page y=0 2484
1620821689378604019 : Checking page rotation 1 0.65
1620821690610534057 : Checking page rotation 2 0.2
1620821693033956935 : Checking image 1 crop x1 329
1620821693034062742 : Checking image 1 crop y1 335
1620821693034094144 : Checking image 1 crop x2 2344
1620821693034123045 : Checking image 1 crop y2 3222
1620821695285108130 : Checking image 2 crop x1 171
1620821695285232438 : Checking image 2 crop y1 648
1620821695285273040 : Checking image 2 crop x2 2188
1620821695285307942 : Checking image 2 crop y2 3361
1620821695285496954 : Checking image 1 dpi 300
1620821695285566758 : Checking image 1 border top 326
1620821695285602260 : Checking image 1 border bottom 274
1620821695285634862 : Checking image 1 border left 222
1620821695285666464 : Checking image 1 border right 222
1620821695287966606 : Checking image 2 dpi 300
1620821695288052711 : Checking image 2 border top 643
1620821695288086113 : Checking image 2 border bottom 131
1620821695288117815 : Checking image 2 border left 221
1620821695288149617 : Checking image 2 border right 221

</system-out><system-err>--------------------------------- Captured Err ---------------------------------

</system-err></testcase><testcase classname="tests.test_features" name="test_mock_stop_at_5" time="19.916"><system-out>--------------------------------- Captured Log ---------------------------------

--------------------------------- Captured Out ---------------------------------
/home/runner/work/diptych/diptych/tests/0001_5.png
separation double page angle 90.55756528497216
separation double page y=0 2484
page rotation 1 0.65
page rotation 2 0.2
image 1 crop x1 329
image 1 crop y1 335
image 1 crop x2 2344
image 1 crop y2 3222
image 2 crop x1 171
image 2 crop y1 648
image 2 crop x2 2188
image 2 crop y2 3361
image 1 dpi 300
image 1 border top 326
image 1 border bottom 274
image 1 border left 222
image 1 border right 222
image 2 dpi 300
image 2 border top 643
image 2 border bottom 131
image 2 border left 221
image 2 border right 221

</system-out><system-err>--------------------------------- Captured Err ---------------------------------

</system-err></testcase><testcase classname="tests.test_images" name="test_black_border_not_removed_png" time="20.105"><system-out>--------------------------------- Captured Log ---------------------------------

--------------------------------- Captured Out ---------------------------------
/home/runner/work/diptych/diptych/tests/black-border-not-removed.png
1620821706374904969 : Checking separation double page angle 90.01516396500199
1620821706375009576 : Checking separation double page y=0 2455
1620821707416006203 : Checking page rotation 1 0.0
1620821708881214481 : Checking page rotation 2 0.1
1620821711274192132 : Checking image 1 crop x1 297
1620821711274301539 : Checking image 1 crop y1 143
1620821711274334541 : Checking image 1 crop x2 2309
1620821711274364043 : Checking image 1 crop y2 3346
1620821715402076711 : Checking image 2 crop x1 154
1620821715402207318 : Checking image 2 crop y1 144
1620821715402248521 : Checking image 2 crop x2 2168
1620821715402286923 : Checking image 2 crop y2 3351
1620821715402479534 : Checking image 1 dpi 300
1620821715402557539 : Checking image 1 border top 131
1620821715402593241 : Checking image 1 border bottom 153
1620821715402627643 : Checking image 1 border left 224
1620821715402661945 : Checking image 1 border right 224
1620821715404816971 : Checking image 2 dpi 300
1620821715404900376 : Checking image 2 border top 133
1620821715404934478 : Checking image 2 border bottom 147
1620821715404967280 : Checking image 2 border left 223
1620821715404999082 : Checking image 2 border right 223

</system-out><system-err>--------------------------------- Captured Err ---------------------------------

</system-err></testcase><testcase classname="tests.test_images" name="test_2_pages_2_contours_png" time="15.066"><system-out>--------------------------------- Captured Log ---------------------------------

--------------------------------- Captured Out ---------------------------------
/home/runner/work/diptych/diptych/tests/2-pages-2-contours.png
1620821723293177160 : Checking separation double page angle 90.14230271514262
1620821723293291267 : Checking separation double page y=0 2488
1620821723850955145 : Checking page rotation 1 0.0
1620821724833677785 : Checking page rotation 2 0.2
1620821725645305694 : Checking image 1 crop x1 1189
1620821725645404100 : Checking image 1 crop y1 1751
1620821725645436002 : Checking image 1 crop x2 1190
1620821725645464904 : Checking image 1 crop y2 1752
1620821727916187331 : Checking image 2 crop x1 100
1620821727916304139 : Checking image 2 crop y1 240
1620821727916340241 : Checking image 2 crop x2 2148
1620821727916374343 : Checking image 2 crop y2 3240
1620821727916548254 : Checking image 1 dpi 300
1620821727916612158 : Checking image 1 border top 1752
1620821727916647360 : Checking image 1 border bottom 1753
1620821727916689563 : Checking image 1 border left 1239
1620821727916718265 : Checking image 1 border right 1239
1620821727918451373 : Checking image 2 dpi 300
1620821727918526878 : Checking image 2 border top 230
1620821727918556680 : Checking image 2 border bottom 256
1620821727918585382 : Checking image 2 border left 206
1620821727918613384 : Checking image 2 border right 206

</system-out><system-err>--------------------------------- Captured Err ---------------------------------

</system-err></testcase><testcase classname="tests.test_images" name="test_image_failed_to_rotate_png" time="28.355"><system-out>--------------------------------- Captured Log ---------------------------------

--------------------------------- Captured Out ---------------------------------
/home/runner/work/diptych/diptych/tests/image_failed_to_rotate.png
1620821731220103060 : Checking separation double page angle 90.35651650869968
1620821731220203966 : Checking separation double page y=0 2483
1620821733134765753 : Checking page rotation 1 0.45
1620821734264553341 : Checking page rotation 2 0.2
1620821740038957852 : Checking image 1 crop x1 31
1620821740039096161 : Checking image 1 crop y1 1
1620821740039137663 : Checking image 1 crop x2 2481
1620821740039178066 : Checking image 1 crop y2 3504
1620821743646711272 : Checking image 2 crop x1 171
1620821743646840980 : Checking image 2 crop y1 231
1620821743646881483 : Checking image 2 crop x2 2259
1620821743646920085 : Checking image 2 crop y2 3358
1620821743647157900 : Checking image 1 dpi 300
1620821743647239105 : Checking image 1 border top 2
1620821743647277307 : Checking image 1 border bottom 2
1620821743647312409 : Checking image 1 border left 15
1620821743647347411 : Checking image 1 border right 15
1620821743649631152 : Checking image 2 dpi 300
1620821743649714757 : Checking image 2 border top 217
1620821743649750659 : Checking image 2 border bottom 143
1620821743649785461 : Checking image 2 border left 186
1620821743649819563 : Checking image 2 border right 186

</system-out><system-err>--------------------------------- Captured Err ---------------------------------

</system-err></testcase><testcase classname="tests.test_images" name="test_wrong_split_line_png" time="17.228"><system-out>--------------------------------- Captured Log ---------------------------------

--------------------------------- Captured Out ---------------------------------
/home/runner/work/diptych/diptych/tests/wrong_split_line.png
1620821739732744050 : Checking separation double page angle 89.95895720607972
1620821739732842956 : Checking separation double page y=0 2466
1620821740669886592 : Checking page rotation 1 -0.04999999999999689
1620821741758080508 : Checking page rotation 2 0.45
1620821743097884274 : Checking image 1 crop x1 211
1620821743098006481 : Checking image 1 crop y1 156
1620821743098046084 : Checking image 1 crop x2 2323
1620821743098083586 : Checking image 1 crop y2 3363
1620821745134722038 : Checking image 2 crop x1 123
1620821745134841445 : Checking image 2 crop y1 164
1620821745134880548 : Checking image 2 crop x2 2237
1620821745134918350 : Checking image 2 crop y2 3375
1620821745135118862 : Checking image 1 dpi 300
1620821745135190267 : Checking image 1 border top 135
1620821745135228369 : Checking image 1 border bottom 145
1620821745135262271 : Checking image 1 border left 174
1620821745135296873 : Checking image 1 border right 174
1620821745137915534 : Checking image 2 dpi 300
1620821745138000039 : Checking image 2 border top 141
1620821745138034941 : Checking image 2 border bottom 135
1620821745138068343 : Checking image 2 border left 173
1620821745138101745 : Checking image 2 border right 173

</system-out><system-err>--------------------------------- Captured Err ---------------------------------

</system-err></testcase><testcase classname="tests.test_images" name="test_image_failed_to_crop_data_png" time="37.963"><system-out>--------------------------------- Captured Log ---------------------------------

--------------------------------- Captured Out ---------------------------------
/home/runner/work/diptych/diptych/tests/image_failed_to_crop_data.png
1620821763904602447 : Checking separation double page angle 90.09350257645173
1620821763904715554 : Checking separation double page y=0 2479
1620821768677237289 : Checking page rotation 1 0.15000000000000002
1620821769709568910 : Checking page rotation 2 0.05
1620821778828712358 : Checking image 1 crop x1 46
1620821778828859067 : Checking image 1 crop y1 1
1620821778828902470 : Checking image 1 crop x2 2477
1620821778828941572 : Checking image 1 crop y2 3505
1620821781664844916 : Checking image 2 crop x1 164
1620821781664964623 : Checking image 2 crop y1 217
1620821781665002026 : Checking image 2 crop x2 2245
1620821781665037528 : Checking image 2 crop y2 3350
1620821781665214538 : Checking image 1 dpi 300
1620821781665286143 : Checking image 1 border top 2
1620821781665321345 : Checking image 1 border bottom 2
1620821781665361347 : Checking image 1 border left 25
1620821781665393249 : Checking image 1 border right 25
1620821781667610984 : Checking image 2 dpi 300
1620821781667697689 : Checking image 2 border top 206
1620821781667731191 : Checking image 2 border bottom 148
1620821781667763393 : Checking image 2 border left 189
1620821781667795395 : Checking image 2 border right 189

</system-out><system-err>--------------------------------- Captured Err ---------------------------------

</system-err></testcase><testcase classname="tests.test_images" name="test_crop_too_much_png" time="23.225"><system-out>--------------------------------- Captured Log ---------------------------------

--------------------------------- Captured Out ---------------------------------
/home/runner/work/diptych/diptych/tests/crop_too_much.png
1620821759005209514 : Checking separation double page angle 90.16929865985193
1620821759005318621 : Checking separation double page y=0 2456
1620821760491135472 : Checking page rotation 1 -0.04999999999999689
1620821761802531911 : Checking page rotation 2 0.2
1620821764556532835 : Checking image 1 crop x1 302
1620821764556650342 : Checking image 1 crop y1 148
1620821764556684444 : Checking image 1 crop x2 2314
1620821764556714446 : Checking image 1 crop y2 3351
1620821768341534298 : Checking image 2 crop x1 163
1620821768341653905 : Checking image 2 crop y1 151
1620821768341690707 : Checking image 2 crop x2 2187
1620821768341724509 : Checking image 2 crop y2 3363
1620821768341902220 : Checking image 1 dpi 300
1620821768341970924 : Checking image 1 border top 133
1620821768342004627 : Checking image 1 border bottom 151
1620821768342036328 : Checking image 1 border left 224
1620821768342066730 : Checking image 1 border right 224
1620821768344503380 : Checking image 2 dpi 300
1620821768344591885 : Checking image 2 border top 132
1620821768344624387 : Checking image 2 border bottom 143
1620821768344655589 : Checking image 2 border left 218
1620821768344685891 : Checking image 2 border right 218

</system-out><system-err>--------------------------------- Captured Err ---------------------------------

</system-err></testcase><testcase classname="tests.test_images" name="test_crop_too_few_png" time="16.899"><system-out>--------------------------------- Captured Log ---------------------------------

--------------------------------- Captured Out ---------------------------------
/home/runner/work/diptych/diptych/tests/crop_too_few.png
1620821780113900762 : Checking separation double page angle 89.49492328400886
1620821780114015569 : Checking separation double page y=0 2510
1620821781016314503 : Checking page rotation 1 -0.6499999999999977
1620821782056681329 : Checking page rotation 2 0.0
1620821783889646822 : Checking image 1 crop x1 263
1620821783889755328 : Checking image 1 crop y1 150
1620821783889787930 : Checking image 1 crop x2 2377
1620821783889816232 : Checking image 1 crop y2 3357
1620821785274994212 : Checking image 2 crop x1 139
1620821785275120320 : Checking image 2 crop y1 141
1620821785275159722 : Checking image 2 crop x2 2261
1620821785275196525 : Checking image 2 crop y2 3345
1620821785275380036 : Checking image 1 dpi 300
1620821785275449640 : Checking image 1 border top 129
1620821785275487542 : Checking image 1 border bottom 150
1620821785275521944 : Checking image 1 border left 173
1620821785275555546 : Checking image 1 border right 173
1620821785278149904 : Checking image 2 dpi 300
1620821785278231209 : Checking image 2 border top 130
1620821785278263711 : Checking image 2 border bottom 153
1620821785278295113 : Checking image 2 border left 169
1620821785278325715 : Checking image 2 border right 169

</system-out><system-err>--------------------------------- Captured Err ---------------------------------

</system-err></testcase><testcase classname="tests.test_images" name="test_wrong_angle_split_line_png" time="23.585"><system-out>--------------------------------- Captured Log ---------------------------------

--------------------------------- Captured Out ---------------------------------
/home/runner/work/diptych/diptych/tests/wrong_angle_split_line.png
1620821792100058835 : Checking separation double page angle 90.08791528895468
1620821792100173142 : Checking separation double page y=0 2478
1620821793328611778 : Checking page rotation 1 0.1
1620821794363021490 : Checking page rotation 2 0.1
1620821799945423595 : Checking image 1 crop x1 58
1620821799945552003 : Checking image 1 crop y1 6
1620821799945591905 : Checking image 1 crop x2 2476
1620821799945627808 : Checking image 1 crop y2 3501
1620821804584954583 : Checking image 2 crop x1 166
1620821804585068990 : Checking image 2 crop y1 218
1620821804585100292 : Checking image 2 crop x2 2244
1620821804585129894 : Checking image 2 crop y2 3349
1620821804585291604 : Checking image 1 dpi 300
1620821804585357108 : Checking image 1 border top 6
1620821804585386810 : Checking image 1 border bottom 6
1620821804585414112 : Checking image 1 border left 31
1620821804585440113 : Checking image 1 border right 31
1620821804593009678 : Checking image 2 dpi 300
1620821804593110884 : Checking image 2 border top 209
1620821804593142586 : Checking image 2 border bottom 147
1620821804593172388 : Checking image 2 border left 191
1620821804593201690 : Checking image 2 border right 191

</system-out><system-err>--------------------------------- Captured Err ---------------------------------

</system-err></testcase><testcase classname="tests.test_images" name="test_crop_too_much_2_png" time="22.375"><system-out>--------------------------------- Captured Log ---------------------------------

--------------------------------- Captured Out ---------------------------------
/home/runner/work/diptych/diptych/tests/crop_too_much_2.png
1620821798309802585 : Checking separation double page angle 90.15285326123045
1620821798309906791 : Checking separation double page y=0 2477
1620821799904219439 : Checking page rotation 1 0.15000000000000002
1620821801462902963 : Checking page rotation 2 0.2
1620821804232468740 : Checking image 1 crop x1 330
1620821804232595147 : Checking image 1 crop y1 132
1620821804232632350 : Checking image 1 crop x2 2342
1620821804232664952 : Checking image 1 crop y2 3335
1620821807612567887 : Checking image 2 crop x1 165
1620821807612675993 : Checking image 2 crop y1 139
1620821807612722796 : Checking image 2 crop x2 2178
1620821807612753098 : Checking image 2 crop y2 3345
1620821807612946010 : Checking image 1 dpi 300
1620821807613016814 : Checking image 1 border top 121
1620821807613062517 : Checking image 1 border bottom 163
1620821807613091319 : Checking image 1 border left 224
1620821807613120421 : Checking image 1 border right 224
1620821807615623774 : Checking image 2 dpi 300
1620821807615713780 : Checking image 2 border top 129
1620821807615748582 : Checking image 2 border bottom 152
1620821807615777784 : Checking image 2 border left 223
1620821807615806386 : Checking image 2 border right 223

</system-out><system-err>--------------------------------- Captured Err ---------------------------------

</system-err></testcase><testcase classname="tests.test_images" name="test_angle_page_lower_split_line_png" time="24.731"><system-out>--------------------------------- Captured Log ---------------------------------

--------------------------------- Captured Out ---------------------------------
/home/runner/work/diptych/diptych/tests/angle_page_lower_split_line.png
1620821822134009050 : Checking separation double page angle 89.74412725181848
1620821822134126157 : Checking separation double page y=0 2472
1620821823506980087 : Checking page rotation 1 -0.14999999999999067
1620821824916150437 : Checking page rotation 2 0.1
1620821826505229088 : Checking image 1 crop x1 241
1620821826505373797 : Checking image 1 crop y1 156
1620821826505415200 : Checking image 1 crop x2 2357
1620821826505453302 : Checking image 1 crop y2 3368
1620821830045627947 : Checking image 2 crop x1 151
1620821830045762455 : Checking image 2 crop y1 146
1620821830045803857 : Checking image 2 crop x2 2261
1620821830045842260 : Checking image 2 crop y2 3351
1620821830046035371 : Checking image 1 dpi 300
1620821830046114976 : Checking image 1 border top 140
1620821830046150278 : Checking image 1 border bottom 135
1620821830046186181 : Checking image 1 border left 172
1620821830046220083 : Checking image 1 border right 172
1620821830048606129 : Checking image 2 dpi 300
1620821830048696734 : Checking image 2 border top 131
1620821830048732536 : Checking image 2 border bottom 151
1620821830048767639 : Checking image 2 border left 175
1620821830048801941 : Checking image 2 border right 175

</system-out><system-err>--------------------------------- Captured Err ---------------------------------

</system-err></testcase><testcase classname="tests.test_images" name="test_wrong_split_line_2_png" time="30.041"><system-out>--------------------------------- Captured Log ---------------------------------

--------------------------------- Captured Out ---------------------------------
/home/runner/work/diptych/diptych/tests/wrong_split_line_2.png
1620821823728930356 : Checking separation double page angle 90.23635161124103
1620821823729039963 : Checking separation double page y=0 2437
1620821825354162715 : Checking page rotation 1 0.2
1620821826786780602 : Checking page rotation 2 0.2
1620821831253457593 : Checking image 1 crop x1 294
1620821831253572100 : Checking image 1 crop y1 136
1620821831253607902 : Checking image 1 crop x2 2325
1620821831253642304 : Checking image 1 crop y2 3376
1620821837680204848 : Checking image 2 crop x1 138
1620821837680320455 : Checking image 2 crop y1 190
1620821837680359357 : Checking image 2 crop x2 2174
1620821837680395259 : Checking image 2 crop y2 3389
1620821837680569370 : Checking image 1 dpi 300
1620821837680641374 : Checking image 1 border top 131
1620821837680680277 : Checking image 1 border bottom 116
1620821837680724779 : Checking image 1 border left 214
1620821837680755581 : Checking image 1 border right 214
1620821837683235931 : Checking image 2 dpi 300
1620821837683318136 : Checking image 2 border top 181
1620821837683367039 : Checking image 2 border bottom 107
1620821837683398441 : Checking image 2 border left 212
1620821837683429243 : Checking image 2 border right 212

</system-out><system-err>--------------------------------- Captured Err ---------------------------------

</system-err></testcase><testcase classname="tests.test_images" name="test_wrong_wave_split_line_png" time="30.257"><system-out>--------------------------------- Captured Log ---------------------------------

--------------------------------- Captured Out ---------------------------------
/home/runner/work/diptych/diptych/tests/wrong_wave_split_line.png
1620821846386129919 : Checking separation double page angle 90.42461655762611
1620821846386243926 : Checking separation double page y=0 2502
1620821847627091509 : Checking page rotation 1 -0.09999999999999377
1620821849419417960 : Checking page rotation 2 0.85
1620821854275656794 : Checking image 1 crop x1 384
1620821854275798002 : Checking image 1 crop y1 178
1620821854275833204 : Checking image 1 crop x2 2412
1620821854275863806 : Checking image 1 crop y2 3374
1620821860296903677 : Checking image 2 crop x1 7
1620821860297027085 : Checking image 2 crop y1 0
1620821860297058886 : Checking image 2 crop x2 2411
1620821860297091188 : Checking image 2 crop y2 3505
1620821860297243398 : Checking image 1 dpi 300
1620821860297307702 : Checking image 1 border top 173
1620821860297336703 : Checking image 1 border bottom 118
1620821860297364505 : Checking image 1 border left 216
1620821860297392007 : Checking image 1 border right 216
1620821860299709649 : Checking image 2 dpi 300
1620821860299790553 : Checking image 2 border top 1
1620821860299839956 : Checking image 2 border bottom 1
1620821860299871758 : Checking image 2 border left 38
1620821860299903760 : Checking image 2 border right 38

</system-out><system-err>--------------------------------- Captured Err ---------------------------------

</system-err></testcase><testcase classname="tests.test_images" name="test_small_wave_png" time="20.951"><system-out>--------------------------------- Captured Log ---------------------------------

--------------------------------- Captured Out ---------------------------------
/home/runner/work/diptych/diptych/tests/small_wave.png
1620821851577022351 : Checking separation double page angle 90.56494929955075
1620821851577129858 : Checking separation double page y=0 2495
1620821853598561084 : Checking page rotation 1 0.7
1620821855055109363 : Checking page rotation 2 0.65
1620821856537276809 : Checking image 1 crop x1 322
1620821856537400717 : Checking image 1 crop y1 199
1620821856537441119 : Checking image 1 crop x2 2351
1620821856537475921 : Checking image 1 crop y2 3394
1620821858621029528 : Checking image 2 crop x1 130
1620821858621158036 : Checking image 2 crop y1 222
1620821858621197938 : Checking image 2 crop x2 2163
1620821858621236041 : Checking image 2 crop y2 3420
1620821858621420652 : Checking image 1 dpi 300
1620821858621495957 : Checking image 1 border top 181
1620821858621534659 : Checking image 1 border bottom 111
1620821858621568661 : Checking image 1 border left 215
1620821858621602263 : Checking image 1 border right 215
1620821858624166020 : Checking image 2 dpi 300
1620821858624263626 : Checking image 2 border top 197
1620821858624296728 : Checking image 2 border bottom 92
1620821858624328330 : Checking image 2 border left 213
1620821858624359632 : Checking image 2 border right 213

</system-out><system-err>--------------------------------- Captured Err ---------------------------------

</system-err></testcase><testcase classname="tests.test_images" name="test_wrong_split_line_3_png" time="24.155"><system-out>--------------------------------- Captured Log ---------------------------------

--------------------------------- Captured Out ---------------------------------
/home/runner/work/diptych/diptych/tests/wrong_split_line_3.png
1620821871881519392 : Checking separation double page angle 90.40515247895009
1620821871881627999 : Checking separation double page y=0 2495
1620821873484403414 : Checking page rotation 1 0.2
1620821874599991931 : Checking page rotation 2 0.85
1620821876542546924 : Checking image 1 crop x1 331
1620821876542666432 : Checking image 1 crop y1 166
1620821876542714635 : Checking image 1 crop x2 2377
1620821876542746437 : Checking image 1 crop y2 3375
1620821882799138785 : Checking image 2 crop x1 103
1620821882799249092 : Checking image 2 crop y1 207
1620821882799284094 : Checking image 2 crop x2 2136
1620821882799315896 : Checking image 2 crop y2 3414
1620821882799508908 : Checking image 1 dpi 300
1620821882799579612 : Checking image 1 border top 158
1620821882799616715 : Checking image 1 border bottom 120
1620821882799647517 : Checking image 1 border left 207
1620821882799678518 : Checking image 1 border right 207
1620821882802188372 : Checking image 2 dpi 300
1620821882802273677 : Checking image 2 border top 199
1620821882802306279 : Checking image 2 border bottom 81
1620821882802337081 : Checking image 2 border left 213
1620821882802367983 : Checking image 2 border right 213

</system-out><system-err>--------------------------------- Captured Err ---------------------------------

</system-err></testcase><testcase classname="tests.test_images" name="test_no_split_line_line_algo_png" time="20.775"><system-out>--------------------------------- Captured Log ---------------------------------

--------------------------------- Captured Out ---------------------------------
/home/runner/work/diptych/diptych/tests/no_split_line_line_algo.png
1620821872749931098 : Checking separation double page angle 89.47691469185418
1620821872750042005 : Checking separation double page y=0 2476
1620821873805173530 : Checking page rotation 1 -0.14999999999999067
1620821875362101719 : Checking page rotation 2 -0.14999999999999067
1620821877085453841 : Checking image 1 crop x1 205
1620821877085586549 : Checking image 1 crop y1 158
1620821877085624351 : Checking image 1 crop x2 2320
1620821877085659654 : Checking image 1 crop y2 3366
1620821881086695211 : Checking image 2 crop x1 185
1620821881086822419 : Checking image 2 crop y1 225
1620821881086861321 : Checking image 2 crop x2 2204
1620821881086896423 : Checking image 2 crop y2 3362
1620821881087116537 : Checking image 1 dpi 300
1620821881087193341 : Checking image 1 border top 144
1620821881087227143 : Checking image 1 border bottom 134
1620821881087260745 : Checking image 1 border left 172
1620821881087292747 : Checking image 1 border right 172
1620821881089620589 : Checking image 2 dpi 300
1620821881089699094 : Checking image 2 border top 223
1620821881089732196 : Checking image 2 border bottom 127
1620821881089763898 : Checking image 2 border left 220
1620821881089795400 : Checking image 2 border right 220

</system-out><system-err>--------------------------------- Captured Err ---------------------------------

</system-err></testcase><testcase classname="tests.test_images" name="test_crop_too_much_3_png" time="19.970"><system-out>--------------------------------- Captured Log ---------------------------------

--------------------------------- Captured Out ---------------------------------
/home/runner/work/diptych/diptych/tests/crop_too_much_3.png
1620821893240264641 : Checking separation double page angle 89.5934556679346
1620821893240379448 : Checking separation double page y=0 2499
1620821894497522345 : Checking page rotation 1 -0.8999999999999949
1620821896093074642 : Checking page rotation 2 -0.04999999999999689
1620821898744156009 : Checking image 1 crop x1 374
1620821898744289817 : Checking image 1 crop y1 258
1620821898744331320 : Checking image 1 crop x2 2385
1620821898744367622 : Checking image 1 crop y2 3459
1620821901047911644 : Checking image 2 crop x1 164
1620821901048045752 : Checking image 2 crop y1 229
1620821901048086754 : Checking image 2 crop x2 2183
1620821901048126457 : Checking image 2 crop y2 3416
1620821901048316368 : Checking image 1 dpi 300
1620821901048397373 : Checking image 1 border top 239
1620821901048433176 : Checking image 1 border bottom 46
1620821901048468078 : Checking image 1 border left 224
1620821901048502380 : Checking image 1 border right 224
1620821901050821722 : Checking image 2 dpi 300
1620821901050908227 : Checking image 2 border top 210
1620821901050974731 : Checking image 2 border bottom 90
1620821901051011833 : Checking image 2 border left 220
1620821901051049236 : Checking image 2 border right 220

</system-out><system-err>--------------------------------- Captured Err ---------------------------------

</system-err></testcase><testcase classname="tests.test_images" name="test_failed_split_line_line_algo_png" time="15.494"><system-out>--------------------------------- Captured Log ---------------------------------

--------------------------------- Captured Out ---------------------------------
/home/runner/work/diptych/diptych/tests/failed_split_line_line_algo.png
1620821893102364906 : Checking separation double page angle 90.0093502548779
1620821893102472913 : Checking separation double page y=0 2574
1620821893881652174 : Checking page rotation 1 0.0
1620821894433885353 : Checking page rotation 2 0.0
1620821896650170518 : Checking image 1 crop x1 411
1620821896650292826 : Checking image 1 crop y1 2927
1620821896650332928 : Checking image 1 crop x2 2422
1620821896650367830 : Checking image 1 crop y2 3172
1620821898326615666 : Checking image 2 crop x1 1191
1620821898326723472 : Checking image 2 crop y1 1745
1620821898326761075 : Checking image 2 crop x2 1192
1620821898326794777 : Checking image 2 crop y2 1746
1620821898326963387 : Checking image 1 dpi 300
1620821898327045992 : Checking image 1 border top 2920
1620821898327084694 : Checking image 1 border bottom 322
1620821898327118197 : Checking image 1 border left 224
1620821898327151399 : Checking image 1 border right 224
1620821898329013112 : Checking image 2 dpi 300
1620821898329097518 : Checking image 2 border top 1752
1620821898329135920 : Checking image 2 border bottom 1753
1620821898329169222 : Checking image 2 border left 1239
1620821898329203024 : Checking image 2 border right 1239

</system-out><system-err>--------------------------------- Captured Err ---------------------------------

</system-err></testcase><testcase classname="tests.test_images" name="test_failed_split_line_line_algo_2_png" time="18.586"><system-out>--------------------------------- Captured Log ---------------------------------

--------------------------------- Captured Out ---------------------------------
/home/runner/work/diptych/diptych/tests/failed_split_line_line_algo_2.png
1620821912114838668 : Checking separation double page angle 90.03732329462368
1620821912114933074 : Checking separation double page y=0 2499
1620821913245820974 : Checking page rotation 1 -0.09999999999999377
1620821914237187701 : Checking page rotation 2 0.5499999999999999
1620821915711162496 : Checking image 1 crop x1 273
1620821915711274503 : Checking image 1 crop y1 147
1620821915711308405 : Checking image 1 crop x2 2386
1620821915711340307 : Checking image 1 crop y2 3352
1620821916884559239 : Checking image 2 crop x1 122
1620821916884676146 : Checking image 2 crop y1 155
1620821916884712848 : Checking image 2 crop x2 2246
1620821916884749450 : Checking image 2 crop y2 3350
1620821916884931162 : Checking image 1 dpi 300
1620821916885003366 : Checking image 1 border top 137
1620821916885038468 : Checking image 1 border bottom 145
1620821916885069570 : Checking image 1 border left 173
1620821916885100172 : Checking image 1 border right 173
1620821916887723432 : Checking image 2 dpi 300
1620821916887806937 : Checking image 2 border top 136
1620821916887837239 : Checking image 2 border bottom 156
1620821916887866141 : Checking image 2 border left 168
1620821916887897643 : Checking image 2 border right 168

</system-out><system-err>--------------------------------- Captured Err ---------------------------------

</system-err></testcase><testcase classname="tests.test_images" name="test_wrong_wave_split_line_2_png" time="23.376"><system-out>--------------------------------- Captured Log ---------------------------------

--------------------------------- Captured Out ---------------------------------
/home/runner/work/diptych/diptych/tests/wrong_wave_split_line_2.png
1620821917162642517 : Checking separation double page angle 90.7708958311329
1620821917162759125 : Checking separation double page y=0 2490
1620821918324979885 : Checking page rotation 1 0.2
1620821919529830448 : Checking page rotation 2 1.65
1620821921002692175 : Checking image 1 crop x1 227
1620821921002817082 : Checking image 1 crop y1 147
1620821921002855185 : Checking image 1 crop x2 2342
1620821921002891587 : Checking image 1 crop y2 3353
1620821924435401251 : Checking image 2 crop x1 106
1620821924435531459 : Checking image 2 crop y1 195
1620821924435569361 : Checking image 2 crop x2 2231
1620821924435604664 : Checking image 2 crop y2 3398
1620821924435788475 : Checking image 1 dpi 300
1620821924435864179 : Checking image 1 border top 136
1620821924435897181 : Checking image 1 border bottom 145
1620821924435929983 : Checking image 1 border left 172
1620821924435961285 : Checking image 1 border right 172
1620821924438270527 : Checking image 2 dpi 300
1620821924438348932 : Checking image 2 border top 166
1620821924438379534 : Checking image 2 border bottom 117
1620821924438408936 : Checking image 2 border left 167
1620821924438438738 : Checking image 2 border right 167

</system-out><system-err>--------------------------------- Captured Err ---------------------------------

</system-err></testcase><testcase classname="tests.test_images" name="test_wrong_wave_split_line_3_png" time="21.318"><system-out>--------------------------------- Captured Log ---------------------------------

--------------------------------- Captured Out ---------------------------------
/home/runner/work/diptych/diptych/tests/wrong_wave_split_line_3.png
1620821932652230207 : Checking separation double page angle 90.12715931778824
1620821932652323113 : Checking separation double page y=0 2514
1620821933874367390 : Checking page rotation 1 0.05
1620821934852119818 : Checking page rotation 2 0.2
1620821936654342396 : Checking image 1 crop x1 273
1620821936654457603 : Checking image 1 crop y1 220
1620821936654508707 : Checking image 1 crop x2 2383
1620821936654542309 : Checking image 1 crop y2 3423
1620821938223762031 : Checking image 2 crop x1 116
1620821938223885939 : Checking image 2 crop y1 225
1620821938223925441 : Checking image 2 crop x2 2242
1620821938223963144 : Checking image 2 crop y2 3415
1620821938224145855 : Checking image 1 dpi 300
1620821938224219359 : Checking image 1 border top 202
1620821938224257562 : Checking image 1 border bottom 82
1620821938224290964 : Checking image 1 border left 175
1620821938224324266 : Checking image 1 border right 175
1620821938226849920 : Checking image 2 dpi 300
1620821938226924025 : Checking image 2 border top 204
1620821938226982828 : Checking image 2 border bottom 93
1620821938227010230 : Checking image 2 border left 167
1620821938227037132 : Checking image 2 border right 167

</system-out><system-err>--------------------------------- Captured Err ---------------------------------

</system-err></testcase><testcase classname="tests.test_images" name="test_no_split_line_wave_algo_png" time="28.969"><system-out>--------------------------------- Captured Log ---------------------------------

--------------------------------- Captured Out ---------------------------------
/home/runner/work/diptych/diptych/tests/no_split_line_wave_algo.png
1620821937561306193 : Checking separation double page angle 89.79018091440821
1620821937561398899 : Checking separation double page y=0 2483
1620821940524410531 : Checking page rotation 1 0.0
1620821941591898561 : Checking page rotation 2 -0.44999999999999746
1620821948229655478 : Checking image 1 crop x1 97
1620821948229751984 : Checking image 1 crop y1 74
1620821948229790587 : Checking image 1 crop x2 2489
1620821948229827989 : Checking image 1 crop y2 3505
1620821953377733409 : Checking image 2 crop x1 164
1620821953377841316 : Checking image 2 crop y1 267
1620821953377875818 : Checking image 2 crop x2 2239
1620821953377905220 : Checking image 2 crop y2 3380
1620821953378098931 : Checking image 1 dpi 300
1620821953378176436 : Checking image 1 border top 38
1620821953378209938 : Checking image 1 border bottom 38
1620821953378243240 : Checking image 1 border left 44
1620821953378274942 : Checking image 1 border right 44
1620821953380509679 : Checking image 2 dpi 300
1620821953380589684 : Checking image 2 border top 256
1620821953380623086 : Checking image 2 border bottom 118
1620821953380651288 : Checking image 2 border left 192
1620821953380678989 : Checking image 2 border right 192

</system-out><system-err>--------------------------------- Captured Err ---------------------------------

</system-err></testcase><testcase classname="tests.test_images" name="test_no_split_line_wave_algo_2_png" time="18.403"><system-out>--------------------------------- Captured Log ---------------------------------

--------------------------------- Captured Out ---------------------------------
/home/runner/work/diptych/diptych/tests/no_split_line_wave_algo_2.png
1620821950790216569 : Checking separation double page angle 90.43362571535843
1620821950790346377 : Checking separation double page y=0 2473
1620821951887943643 : Checking page rotation 1 1.05
1620821953002592953 : Checking page rotation 2 0.15000000000000002
1620821954943414426 : Checking image 1 crop x1 267
1620821954943538033 : Checking image 1 crop y1 210
1620821954943574635 : Checking image 1 crop x2 2343
1620821954943608938 : Checking image 1 crop y2 3412
1620821956620312672 : Checking image 2 crop x1 165
1620821956620430979 : Checking image 2 crop y1 241
1620821956620467881 : Checking image 2 crop x2 2250
1620821956620502284 : Checking image 2 crop y2 3433
1620821956620682595 : Checking image 1 dpi 300
1620821956620752399 : Checking image 1 border top 192
1620821956620787801 : Checking image 1 border bottom 93
1620821956620819803 : Checking image 1 border left 192
1620821956620851205 : Checking image 1 border right 192
1620821956623285854 : Checking image 2 dpi 300
1620821956623370859 : Checking image 2 border top 224
1620821956623403961 : Checking image 2 border bottom 71
1620821956623435163 : Checking image 2 border left 187
1620821956623465965 : Checking image 2 border right 187

</system-out><system-err>--------------------------------- Captured Err ---------------------------------

</system-err></testcase><testcase classname="tests.test_images" name="test_crop_too_few_2_png" time="18.552"><system-out>--------------------------------- Captured Log ---------------------------------

--------------------------------- Captured Out ---------------------------------
/home/runner/work/diptych/diptych/tests/crop_too_few_2.png
1620821965568712054 : Checking separation double page angle 90.35461351371423
1620821965568809660 : Checking separation double page y=0 2533
1620821966460880261 : Checking page rotation 1 1.0999999999999999
1620821967449227376 : Checking page rotation 2 0.0
1620821969750869470 : Checking image 1 crop x1 289
1620821969751001178 : Checking image 1 crop y1 165
1620821969751031280 : Checking image 1 crop x2 2400
1620821969751059381 : Checking image 1 crop y2 3367
1620821971988846057 : Checking image 2 crop x1 152
1620821971988959464 : Checking image 2 crop y1 190
1620821971988994566 : Checking image 2 crop x2 2273
1620821971989027068 : Checking image 2 crop y2 3385
1620821971989204579 : Checking image 1 dpi 300
1620821971989274083 : Checking image 1 border top 157
1620821971989304285 : Checking image 1 border bottom 128
1620821971989335487 : Checking image 1 border left 174
1620821971989382690 : Checking image 1 border right 174
1620821971991718232 : Checking image 2 dpi 300
1620821971991797837 : Checking image 2 border top 176
1620821971991828139 : Checking image 2 border bottom 116
1620821971991857641 : Checking image 2 border left 169
1620821971991886743 : Checking image 2 border right 169

</system-out><system-err>--------------------------------- Captured Err ---------------------------------

</system-err></testcase><testcase classname="tests.test_images" name="test_failed_detect_rectangle_png" time="16.663"><system-out>--------------------------------- Captured Log ---------------------------------

--------------------------------- Captured Out ---------------------------------
/home/runner/work/diptych/diptych/tests/failed_detect_rectangle.png
1620821968329486352 : Checking separation double page angle 90.242273842964
1620821968329579558 : Checking separation double page y=0 2475
1620821969496092018 : Checking page rotation 1 0.2
1620821970907563706 : Checking page rotation 2 0.2
1620821972033573893 : Checking image 1 crop x1 257
1620821972033697601 : Checking image 1 crop y1 201
1620821972033736803 : Checking image 1 crop x2 2333
1620821972033771305 : Checking image 1 crop y2 3402
1620821973288706679 : Checking image 2 crop x1 137
1620821973288836687 : Checking image 2 crop y1 215
1620821973288874290 : Checking image 2 crop x2 2220
1620821973288908292 : Checking image 2 crop y2 3406
1620821973289073102 : Checking image 1 dpi 300
1620821973289163307 : Checking image 1 border top 188
1620821973289201009 : Checking image 1 border bottom 98
1620821973289234512 : Checking image 1 border left 192
1620821973289267814 : Checking image 1 border right 192
1620821973291756866 : Checking image 2 dpi 300
1620821973291840471 : Checking image 2 border top 201
1620821973291873873 : Checking image 2 border bottom 95
1620821973291904775 : Checking image 2 border left 188
1620821973291935677 : Checking image 2 border right 188

</system-out><system-err>--------------------------------- Captured Err ---------------------------------

</system-err></testcase><testcase classname="tests.test_images" name="test_single_page_png" time="5.785"><system-out>--------------------------------- Captured Log ---------------------------------

--------------------------------- Captured Out ---------------------------------
/home/runner/work/diptych/diptych/tests/single_page.png
1620821975170307291 : Checking separation double page angle 89.93006318861008
1620821975170430999 : Checking separation double page y=0 2472
1620821975916886265 : Checking page rotation 1 0.0
1620821976026197453 : Checking page rotation 2 0.0
1620821977349351400 : Checking image 1 crop x1 1
1620821977349459107 : Checking image 1 crop y1 8
1620821977349500909 : Checking image 1 crop x2 2470
1620821977349537312 : Checking image 1 crop y2 3505
1620821977463702696 : Checking image 2 crop x1 0
1620821977463770600 : Checking image 2 crop y1 0
1620821977463797602 : Checking image 2 crop x2 0
1620821977463823403 : Checking image 2 crop y2 0
1620821977463880707 : Checking image 1 dpi 300
1620821977463934510 : Checking image 1 border top 5
1620821977463963412 : Checking image 1 border bottom 5
1620821977463991714 : Checking image 1 border left 6
1620821977464019715 : Checking image 1 border right 6
1620821977469743666 : Checking image 2 border top 0
1620821977469805569 : Checking image 2 border bottom 0
1620821977469836371 : Checking image 2 border left 0
1620821977469866873 : Checking image 2 border right 0

</system-out><system-err>--------------------------------- Captured Err ---------------------------------

</system-err></testcase><testcase classname="tests.test_images" name="test_no_split_line_wave_algo_3_png" time="9.642"><system-out>--------------------------------- Captured Log ---------------------------------

--------------------------------- Captured Out ---------------------------------
/home/runner/work/diptych/diptych/tests/no_split_line_wave_algo_3.png
1620821980011946260 : Checking separation double page angle 90.18184445198425
1620821980012050666 : Checking separation double page y=0 2405
1620821980735515914 : Checking page rotation 1 0.0
1620821980844277466 : Checking page rotation 2 0.0
1620821982491545016 : Checking image 1 crop x1 184
1620821982491641922 : Checking image 1 crop y1 2957
1620821982491676524 : Checking image 1 crop x2 2201
1620821982491704825 : Checking image 1 crop y2 3202
1620821982922765290 : Checking image 2 crop x1 0
1620821982922841894 : Checking image 2 crop y1 0
1620821982922873396 : Checking image 2 crop x2 0
1620821982922901198 : Checking image 2 crop y2 0
1620821982922990004 : Checking image 1 dpi 300
1620821982923059308 : Checking image 1 border top 2950
1620821982923093210 : Checking image 1 border bottom 292
1620821982923124112 : Checking image 1 border left 221
1620821982923155214 : Checking image 1 border right 221
1620821982928769057 : Checking image 2 border top 0
1620821982928833461 : Checking image 2 border bottom 0
1620821982928863163 : Checking image 2 border left 0
1620821982928892265 : Checking image 2 border right 0

</system-out><system-err>--------------------------------- Captured Err ---------------------------------

</system-err></testcase><testcase classname="tests.test_images" name="test_wrong_split_line_4_png" time="11.206"><system-out>--------------------------------- Captured Log ---------------------------------

--------------------------------- Captured Out ---------------------------------
/home/runner/work/diptych/diptych/tests/wrong_split_line_4.png
1620821985341787441 : Checking separation double page angle 90.92587744884125
1620821985341889747 : Checking separation double page y=0 58
1620821985427625091 : Checking page rotation 1 0.5499999999999999
1620821986424695369 : Checking page rotation 2 1.0999999999999999
1620821987101745471 : Checking image 1 crop x1 0
1620821987101817476 : Checking image 1 crop y1 0
1620821987101846577 : Checking image 1 crop x2 0
1620821987101874179 : Checking image 1 crop y2 0
1620821989014737352 : Checking image 2 crop x1 290
1620821989014865260 : Checking image 2 crop y1 330
1620821989014904463 : Checking image 2 crop x2 2314
1620821989014955066 : Checking image 2 crop y2 3217
1620821989015128076 : Checking image 1 border top 0
1620821989015162078 : Checking image 1 border bottom 0
1620821989015195880 : Checking image 1 border left 0
1620821989015225882 : Checking image 1 border right 0
1620821989015284586 : Checking image 2 dpi 300
1620821989015353690 : Checking image 2 border top 322
1620821989015385392 : Checking image 2 border bottom 278
1620821989015416494 : Checking image 2 border left 218
1620821989015447496 : Checking image 2 border right 218

</system-out><system-err>--------------------------------- Captured Err ---------------------------------

</system-err></testcase><testcase classname="tests.test_images" name="test_failed_split_line_line_algo_3_png" time="11.514"><system-out>--------------------------------- Captured Log ---------------------------------

--------------------------------- Captured Out ---------------------------------
/home/runner/work/diptych/diptych/tests/failed_split_line_line_algo_3.png
1620821990021318906 : Checking separation double page angle 90.02403976140027
1620821990021421112 : Checking separation double page y=0 39
1620821990084795687 : Checking page rotation 1 0.0
1620821990732752211 : Checking page rotation 2 0.0
1620821990996335829 : Checking image 1 crop x1 0
1620821990996409733 : Checking image 1 crop y1 0
1620821990996438135 : Checking image 1 crop x2 0
1620821990996464037 : Checking image 1 crop y2 0
1620821994510590268 : Checking image 2 crop x1 249
1620821994510748578 : Checking image 2 crop y1 154
1620821994510808782 : Checking image 2 crop x2 2264
1620821994510865585 : Checking image 2 crop y2 3361
1620821994511192605 : Checking image 1 border top 0
1620821994511260809 : Checking image 1 border bottom 0
1620821994511313512 : Checking image 1 border left 0
1620821994511365616 : Checking image 1 border right 0
1620821994511448621 : Checking image 2 dpi 300
1620821994511557227 : Checking image 2 border top 146
1620821994511614231 : Checking image 2 border bottom 134
1620821994511668434 : Checking image 2 border left 222
1620821994511721837 : Checking image 2 border right 222

</system-out><system-err>--------------------------------- Captured Err ---------------------------------

</system-err></testcase></testsuite></testsuites>