<?xml version="1.0" encoding="utf-8"?><testsuites><testsuite name="pytest" errors="0" failures="0" skipped="0" tests="36" time="1029.327" timestamp="2020-12-26T20:40:49.824950" hostname="fv-az137-914"><testcase classname="tests.test_features" name="test_disabled_enable_debug" time="47.013"><system-out>--------------------------------- Captured Log ---------------------------------

--------------------------------- Captured Out ---------------------------------
/home/runner/work/ocr-book/ocr-book/tests/0001_debug.png
separation double page angle 90.5528088189967
separation double page y=0 2485
page rotation 1 0.75
page rotation 2 0.2
image 1 crop x1 330
image 1 crop y1 336
image 1 crop x2 2343
image 1 crop y2 3223
image 2 crop x1 169
image 2 crop y1 648
image 2 crop x2 2186
image 2 crop y2 3361
image 1 dpi 300
image 1 border top 333
image 1 border bottom 266
image 1 border left 223
image 1 border right 223
image 2 dpi 300
image 2 border top 643
image 2 border bottom 131
image 2 border left 221
image 2 border right 221

</system-out><system-err>--------------------------------- Captured Err ---------------------------------

</system-err></testcase><testcase classname="tests.test_features" name="test_mock_stop_at_0" time="0.053"><system-out>--------------------------------- Captured Log ---------------------------------

--------------------------------- Captured Out ---------------------------------
/home/runner/work/ocr-book/ocr-book/tests/0001_0.png

</system-out><system-err>--------------------------------- Captured Err ---------------------------------

</system-err></testcase><testcase classname="tests.test_features" name="test_mock_stop_at_2" time="42.478"><system-out>--------------------------------- Captured Log ---------------------------------

--------------------------------- Captured Out ---------------------------------
/home/runner/work/ocr-book/ocr-book/tests/0001_2.png
separation double page angle 90.5528088189967
separation double page y=0 2485
page rotation 1 0.75
page rotation 2 0.2

</system-out><system-err>--------------------------------- Captured Err ---------------------------------

</system-err></testcase><testcase classname="tests.test_features" name="test_mock_stop_at_4" time="47.079"><system-out>--------------------------------- Captured Log ---------------------------------

--------------------------------- Captured Out ---------------------------------
/home/runner/work/ocr-book/ocr-book/tests/0001_4.png
separation double page angle 90.5528088189967
separation double page y=0 2485
page rotation 1 0.75
page rotation 2 0.2
image 1 crop x1 330
image 1 crop y1 336
image 1 crop x2 2343
image 1 crop y2 3223
image 2 crop x1 169
image 2 crop y1 648
image 2 crop x2 2186
image 2 crop y2 3361
image 1 dpi 300
image 1 border top 333
image 1 border bottom 266
image 1 border left 223
image 1 border right 223
image 2 dpi 300
image 2 border top 643
image 2 border bottom 131
image 2 border left 221
image 2 border right 221

</system-out><system-err>--------------------------------- Captured Err ---------------------------------

</system-err></testcase><testcase classname="tests.test_features" name="test_mock_stop_at_1" time="28.565"><system-out>--------------------------------- Captured Log ---------------------------------

--------------------------------- Captured Out ---------------------------------
/home/runner/work/ocr-book/ocr-book/tests/0001_1.png
separation double page angle 90.5528088189967
separation double page y=0 2485

</system-out><system-err>--------------------------------- Captured Err ---------------------------------

</system-err></testcase><testcase classname="tests.test_features" name="test_mock_stop_at_3" time="45.883"><system-out>--------------------------------- Captured Log ---------------------------------

--------------------------------- Captured Out ---------------------------------
/home/runner/work/ocr-book/ocr-book/tests/0001_3.png
separation double page angle 90.5528088189967
separation double page y=0 2485
page rotation 1 0.75
page rotation 2 0.2
image 1 crop x1 330
image 1 crop y1 336
image 1 crop x2 2343
image 1 crop y2 3223
image 2 crop x1 169
image 2 crop y1 648
image 2 crop x2 2186
image 2 crop y2 3361

</system-out><system-err>--------------------------------- Captured Err ---------------------------------

</system-err></testcase><testcase classname="tests.test_images" name="test_0001_png" time="57.885"><system-out>--------------------------------- Captured Log ---------------------------------

--------------------------------- Captured Out ---------------------------------
/home/runner/work/ocr-book/ocr-book/tests/0001.png
1609015374952454261 : Checking separation double page angle 90.5528088189967
1609015374952556962 : Checking separation double page y=0 2485
1609015382041655444 : Checking page rotation 1 0.75
1609015390907289348 : Checking page rotation 2 0.2
1609015394762849041 : Checking image 1 crop x1 330
1609015394762966642 : Checking image 1 crop y1 336
1609015394763007243 : Checking image 1 crop x2 2343
1609015394763039743 : Checking image 1 crop y2 3223
1609015398384624354 : Checking image 2 crop x1 169
1609015398384755156 : Checking image 2 crop y1 648
1609015398384800056 : Checking image 2 crop x2 2186
1609015398384836557 : Checking image 2 crop y2 3361
1609015398420692516 : Checking image 1 dpi 300
1609015398420796418 : Checking image 1 border top 333
1609015398420833618 : Checking image 1 border bottom 266
1609015398420867919 : Checking image 1 border left 223
1609015398420901619 : Checking image 1 border right 223
1609015398422844744 : Checking image 2 dpi 300
1609015398422925545 : Checking image 2 border top 643
1609015398422961045 : Checking image 2 border bottom 131
1609015398422994346 : Checking image 2 border left 221
1609015398423028346 : Checking image 2 border right 221

</system-out><system-err>--------------------------------- Captured Err ---------------------------------

</system-err></testcase><testcase classname="tests.test_features" name="test_mock_stop_at_5" time="47.266"><system-out>--------------------------------- Captured Log ---------------------------------

--------------------------------- Captured Out ---------------------------------
/home/runner/work/ocr-book/ocr-book/tests/0001_5.png
separation double page angle 90.5528088189967
separation double page y=0 2485
page rotation 1 0.75
page rotation 2 0.2
image 1 crop x1 330
image 1 crop y1 336
image 1 crop x2 2343
image 1 crop y2 3223
image 2 crop x1 169
image 2 crop y1 648
image 2 crop x2 2186
image 2 crop y2 3361
image 1 dpi 300
image 1 border top 333
image 1 border bottom 266
image 1 border left 223
image 1 border right 223
image 2 dpi 300
image 2 border top 643
image 2 border bottom 131
image 2 border left 221
image 2 border right 221

</system-out><system-err>--------------------------------- Captured Err ---------------------------------

</system-err></testcase><testcase classname="tests.test_images" name="test_black_border_not_removed_png" time="66.859"><system-out>--------------------------------- Captured Log ---------------------------------

--------------------------------- Captured Out ---------------------------------
/home/runner/work/ocr-book/ocr-book/tests/black-border-not-removed.png
1609015435270395548 : Checking separation double page angle 90.033171103531
1609015435270503852 : Checking separation double page y=0 2455
1609015442518928461 : Checking page rotation 1 0.0
1609015454108747095 : Checking page rotation 2 0.0
1609015458954785144 : Checking image 1 crop x1 297
1609015458954905346 : Checking image 1 crop y1 143
1609015458954947347 : Checking image 1 crop x2 2309
1609015458954982648 : Checking image 1 crop y2 3346
1609015465253067973 : Checking image 2 crop x1 159
1609015465253190576 : Checking image 2 crop y1 145
1609015465253232177 : Checking image 2 crop x2 2171
1609015465253268977 : Checking image 2 crop y2 3352
1609015465291560893 : Checking image 1 dpi 300
1609015465291675995 : Checking image 1 border top 132
1609015465291714896 : Checking image 1 border bottom 152
1609015465291751096 : Checking image 1 border left 224
1609015465291785297 : Checking image 1 border right 224
1609015465293802235 : Checking image 2 dpi 300
1609015465293894336 : Checking image 2 border top 132
1609015465293929537 : Checking image 2 border bottom 148
1609015465293963438 : Checking image 2 border left 224
1609015465293997638 : Checking image 2 border right 224

</system-out><system-err>--------------------------------- Captured Err ---------------------------------

</system-err></testcase><testcase classname="tests.test_images" name="test_2_pages_2_contours_png" time="38.051"><system-out>--------------------------------- Captured Log ---------------------------------

--------------------------------- Captured Out ---------------------------------
/home/runner/work/ocr-book/ocr-book/tests/2-pages-2-contours.png
1609015442687421813 : Checking separation double page angle 90.09036871657068
1609015442687527416 : Checking separation double page y=0 2486
1609015444981595809 : Checking page rotation 1 0.05
1609015451940028373 : Checking page rotation 2 0.30000000000000004
1609015453841838382 : Checking image 1 crop x1 1189
1609015453841940884 : Checking image 1 crop y1 1751
1609015453841977885 : Checking image 1 crop x2 1190
1609015453842011285 : Checking image 1 crop y2 1752
1609015457687766302 : Checking image 2 crop x1 101
1609015457687899605 : Checking image 2 crop y1 240
1609015457687941506 : Checking image 2 crop x2 2148
1609015457688010207 : Checking image 2 crop y2 3239
1609015457724921242 : Checking image 1 dpi 300
1609015457725027744 : Checking image 1 border top 1752
1609015457725067345 : Checking image 1 border bottom 1753
1609015457725101446 : Checking image 1 border left 1239
1609015457725135247 : Checking image 1 border right 1239
1609015457727128986 : Checking image 2 dpi 300
1609015457727210588 : Checking image 2 border top 230
1609015457727243289 : Checking image 2 border bottom 258
1609015457727274189 : Checking image 2 border left 206
1609015457727304990 : Checking image 2 border right 206

</system-out><system-err>--------------------------------- Captured Err ---------------------------------

</system-err></testcase><testcase classname="tests.test_images" name="test_wrong_split_line_png" time="45.647"><system-out>--------------------------------- Captured Log ---------------------------------

--------------------------------- Captured Out ---------------------------------
/home/runner/work/ocr-book/ocr-book/tests/wrong_split_line.png
1609015485947216800 : Checking separation double page angle 89.93395720607973
1609015485947313602 : Checking separation double page y=0 2465
1609015491523102218 : Checking page rotation 1 -0.14999999999999067
1609015497819690920 : Checking page rotation 2 0.5
1609015500483048590 : Checking image 1 crop x1 213
1609015500483169993 : Checking image 1 crop y1 157
1609015500483211894 : Checking image 1 crop x2 2323
1609015500483249394 : Checking image 1 crop y2 3362
1609015503333728641 : Checking image 2 crop x1 125
1609015503333848343 : Checking image 2 crop y1 165
1609015503333890744 : Checking image 2 crop x2 2237
1609015503333928944 : Checking image 2 crop y2 3374
1609015503371031434 : Checking image 1 dpi 300
1609015503371143036 : Checking image 1 border top 134
1609015503371178236 : Checking image 1 border bottom 148
1609015503371211037 : Checking image 1 border left 175
1609015503371243938 : Checking image 1 border right 175
1609015503373134273 : Checking image 2 dpi 300
1609015503373231675 : Checking image 2 border top 143
1609015503373267775 : Checking image 2 border bottom 135
1609015503373299376 : Checking image 2 border left 174
1609015503373330876 : Checking image 2 border right 174

</system-out><system-err>--------------------------------- Captured Err ---------------------------------

</system-err></testcase><testcase classname="tests.test_images" name="test_image_failed_to_rotate_png" time="68.576"><system-out>--------------------------------- Captured Log ---------------------------------

--------------------------------- Captured Out ---------------------------------
/home/runner/work/ocr-book/ocr-book/tests/image_failed_to_rotate.png
1609015501394717024 : Checking separation double page angle 90.13063640287984
1609015501394817426 : Checking separation double page y=0 2479
1609015506894992371 : Checking page rotation 1 0.35
1609015515572652841 : Checking page rotation 2 0.45
1609015528046651663 : Checking image 1 crop x1 34
1609015528046769265 : Checking image 1 crop y1 1
1609015528046813066 : Checking image 1 crop x2 2477
1609015528046849967 : Checking image 1 crop y2 3500
1609015533717609470 : Checking image 2 crop x1 167
1609015533717727672 : Checking image 2 crop y1 234
1609015533717766273 : Checking image 2 crop x2 2246
1609015533717800274 : Checking image 2 crop y2 3355
1609015533762201788 : Checking image 1 dpi 300
1609015533762315490 : Checking image 1 border top 4
1609015533762352591 : Checking image 1 border bottom 4
1609015533762384091 : Checking image 1 border left 19
1609015533762415992 : Checking image 1 border right 19
1609015533764445829 : Checking image 2 dpi 300
1609015533764556631 : Checking image 2 border top 218
1609015533764592532 : Checking image 2 border bottom 148
1609015533764632232 : Checking image 2 border left 190
1609015533764690233 : Checking image 2 border right 190

</system-out><system-err>--------------------------------- Captured Err ---------------------------------

</system-err></testcase><testcase classname="tests.test_images" name="test_crop_too_much_png" time="84.254"><system-out>--------------------------------- Captured Log ---------------------------------

--------------------------------- Captured Out ---------------------------------
/home/runner/work/ocr-book/ocr-book/tests/crop_too_much.png
1609015550852702395 : Checking separation double page angle 90.13239409272954
1609015550852802397 : Checking separation double page y=0 2455
1609015563788532122 : Checking page rotation 1 0.0
1609015577259430154 : Checking page rotation 2 0.45
1609015582583654668 : Checking image 1 crop x1 303
1609015582583801671 : Checking image 1 crop y1 148
1609015582583840171 : Checking image 1 crop x2 2313
1609015582583873072 : Checking image 1 crop y2 3351
1609015587559265091 : Checking image 2 crop x1 168
1609015587559385993 : Checking image 2 crop y1 155
1609015587559429594 : Checking image 2 crop x2 2179
1609015587559467095 : Checking image 2 crop y2 3359
1609015587609027814 : Checking image 1 dpi 300
1609015587609140416 : Checking image 1 border top 132
1609015587609179917 : Checking image 1 border bottom 152
1609015587609214517 : Checking image 1 border left 225
1609015587609249118 : Checking image 1 border right 225
1609015587611047851 : Checking image 2 dpi 300
1609015587611127853 : Checking image 2 border top 140
1609015587611162953 : Checking image 2 border bottom 143
1609015587611196554 : Checking image 2 border left 224
1609015587611231855 : Checking image 2 border right 224

</system-out><system-err>--------------------------------- Captured Err ---------------------------------

</system-err></testcase><testcase classname="tests.test_images" name="test_image_failed_to_crop_data_png" time="68.971"><system-out>--------------------------------- Captured Log ---------------------------------

--------------------------------- Captured Out ---------------------------------
/home/runner/work/ocr-book/ocr-book/tests/image_failed_to_crop_data.png
1609015569816505198 : Checking separation double page angle 90.053197600644
1609015569816611300 : Checking separation double page y=0 2480
1609015576569002014 : Checking page rotation 1 0.2
1609015583510788627 : Checking page rotation 2 0.0
1609015597501284556 : Checking image 1 crop x1 47
1609015597501407558 : Checking image 1 crop y1 7
1609015597501451959 : Checking image 1 crop x2 2478
1609015597501489460 : Checking image 1 crop y2 3502
1609015602732885339 : Checking image 2 crop x1 160
1609015602733003741 : Checking image 2 crop y1 217
1609015602733045742 : Checking image 2 crop x2 2242
1609015602733084242 : Checking image 2 crop y2 3350
1609015602771756458 : Checking image 1 dpi 300
1609015602771878561 : Checking image 1 border top 6
1609015602771918461 : Checking image 1 border bottom 6
1609015602771952662 : Checking image 1 border left 25
1609015602776179940 : Checking image 1 border right 25
1609015602778222178 : Checking image 2 dpi 300
1609015602778308380 : Checking image 2 border top 206
1609015602778345580 : Checking image 2 border bottom 148
1609015602778377881 : Checking image 2 border left 189
1609015602778409582 : Checking image 2 border right 189

</system-out><system-err>--------------------------------- Captured Err ---------------------------------

</system-err></testcase><testcase classname="tests.test_images" name="test_crop_too_few_png" time="50.089"><system-out>--------------------------------- Captured Log ---------------------------------

--------------------------------- Captured Out ---------------------------------
/home/runner/work/ocr-book/ocr-book/tests/crop_too_few.png
1609015617781806983 : Checking separation double page angle 89.54670238452755
1609015617781913985 : Checking separation double page y=0 2512
1609015624894611369 : Checking page rotation 1 -0.6499999999999977
1609015631642244173 : Checking page rotation 2 0.0
1609015634780546683 : Checking image 1 crop x1 263
1609015634780674585 : Checking image 1 crop y1 150
1609015634780716686 : Checking image 1 crop x2 2377
1609015634780752887 : Checking image 1 crop y2 3357
1609015637688684618 : Checking image 2 crop x1 137
1609015637688803820 : Checking image 2 crop y1 141
1609015637688845221 : Checking image 2 crop x2 2259
1609015637688882822 : Checking image 2 crop y2 3345
1609015637723818068 : Checking image 1 dpi 300
1609015637723933071 : Checking image 1 border top 129
1609015637723992672 : Checking image 1 border bottom 150
1609015637724028672 : Checking image 1 border left 173
1609015637724062973 : Checking image 1 border right 173
1609015637725932408 : Checking image 2 dpi 300
1609015637726020609 : Checking image 2 border top 130
1609015637726059010 : Checking image 2 border bottom 153
1609015637726094511 : Checking image 2 border left 169
1609015637726128111 : Checking image 2 border right 169

</system-out><system-err>--------------------------------- Captured Err ---------------------------------

</system-err></testcase><testcase classname="tests.test_images" name="test_wrong_angle_split_line_png" time="74.339"><system-out>--------------------------------- Captured Log ---------------------------------

--------------------------------- Captured Out ---------------------------------
/home/runner/work/ocr-book/ocr-book/tests/wrong_angle_split_line.png
1609015639299704941 : Checking separation double page angle 90.09193420006348
1609015639299806743 : Checking separation double page y=0 2478
1609015647589067404 : Checking page rotation 1 0.05
1609015656640486780 : Checking page rotation 2 0.0
1609015670314451346 : Checking image 1 crop x1 58
1609015670314579249 : Checking image 1 crop y1 7
1609015670314623049 : Checking image 1 crop x2 2472
1609015670314660150 : Checking image 1 crop y2 3505
1609015676232016006 : Checking image 2 crop x1 163
1609015676232141208 : Checking image 2 crop y1 217
1609015676232181109 : Checking image 2 crop x2 2246
1609015676232216610 : Checking image 2 crop y2 3350
1609015676406146427 : Checking image 1 dpi 300
1609015676406264329 : Checking image 1 border top 5
1609015676406309530 : Checking image 1 border bottom 5
1609015676406344030 : Checking image 1 border left 33
1609015676406379031 : Checking image 1 border right 33
1609015676413998572 : Checking image 2 dpi 300
1609015676414102974 : Checking image 2 border top 206
1609015676414150275 : Checking image 2 border bottom 148
1609015676414183175 : Checking image 2 border left 188
1609015676414214276 : Checking image 2 border right 188

</system-out><system-err>--------------------------------- Captured Err ---------------------------------

</system-err></testcase><testcase classname="tests.test_images" name="test_crop_too_much_2_png" time="93.568"><system-out>--------------------------------- Captured Log ---------------------------------

--------------------------------- Captured Out ---------------------------------
/home/runner/work/ocr-book/ocr-book/tests/crop_too_much_2.png
1609015691685915920 : Checking separation double page angle 90.1149074900787
1609015691686020222 : Checking separation double page y=0 2478
1609015704458115350 : Checking page rotation 1 0.2
1609015719748261901 : Checking page rotation 2 0.2
1609015724721254886 : Checking image 1 crop x1 332
1609015724721383788 : Checking image 1 crop y1 131
1609015724721425989 : Checking image 1 crop x2 2342
1609015724721461190 : Checking image 1 crop y2 3336
1609015731198500800 : Checking image 2 crop x1 162
1609015731198613302 : Checking image 2 crop y1 139
1609015731198656602 : Checking image 2 crop x2 2175
1609015731198690303 : Checking image 2 crop y2 3345
1609015731256522373 : Checking image 1 dpi 300
1609015731256636175 : Checking image 1 border top 119
1609015731256673976 : Checking image 1 border bottom 163
1609015731256708377 : Checking image 1 border left 225
1609015731256742077 : Checking image 1 border right 225
1609015731258561811 : Checking image 2 dpi 300
1609015731258642612 : Checking image 2 border top 130
1609015731258678113 : Checking image 2 border bottom 151
1609015731258711814 : Checking image 2 border left 223
1609015731258747214 : Checking image 2 border right 223

</system-out><system-err>--------------------------------- Captured Err ---------------------------------

</system-err></testcase><testcase classname="tests.test_images" name="test_angle_page_lower_split_line_png" time="59.638"><system-out>--------------------------------- Captured Log ---------------------------------

--------------------------------- Captured Out ---------------------------------
/home/runner/work/ocr-book/ocr-book/tests/angle_page_lower_split_line.png
1609015712603667012 : Checking separation double page angle 89.74927707086691
1609015712603772514 : Checking separation double page y=0 2474
1609015722379269719 : Checking page rotation 1 -0.4000000000000005
1609015729729821020 : Checking page rotation 2 0.2
1609015733204747227 : Checking image 1 crop x1 244
1609015733204867329 : Checking image 1 crop y1 160
1609015733204905530 : Checking image 1 crop x2 2350
1609015733204939731 : Checking image 1 crop y2 3365
1609015736788631050 : Checking image 2 crop x1 150
1609015736788759553 : Checking image 2 crop y1 147
1609015736788802053 : Checking image 2 crop x2 2257
1609015736788839354 : Checking image 2 crop y2 3350
1609015736828093481 : Checking image 1 dpi 300
1609015736828206883 : Checking image 1 border top 144
1609015736828242584 : Checking image 1 border bottom 138
1609015736828276384 : Checking image 1 border left 177
1609015736828308085 : Checking image 1 border right 177
1609015736830316922 : Checking image 2 dpi 300
1609015736830399724 : Checking image 2 border top 130
1609015736830446524 : Checking image 2 border bottom 154
1609015736830482525 : Checking image 2 border left 176
1609015736830516626 : Checking image 2 border right 176

</system-out><system-err>--------------------------------- Captured Err ---------------------------------

</system-err></testcase><testcase classname="tests.test_images" name="test_wrong_split_line_2_png" time="94.837"><system-out>--------------------------------- Captured Log ---------------------------------

--------------------------------- Captured Out ---------------------------------
/home/runner/work/ocr-book/ocr-book/tests/wrong_split_line_2.png
1609015779987441721 : Checking separation double page angle 90.19944704411863
1609015779987543423 : Checking separation double page y=0 2437
1609015793337953856 : Checking page rotation 1 0.2
1609015807771166262 : Checking page rotation 2 0.4
1609015815432407142 : Checking image 1 crop x1 294
1609015815432526944 : Checking image 1 crop y1 136
1609015815432565545 : Checking image 1 crop x2 2325
1609015815432601545 : Checking image 1 crop y2 3376
1609015826055562473 : Checking image 2 crop x1 140
1609015826055684976 : Checking image 2 crop y1 192
1609015826055724876 : Checking image 2 crop x2 2167
1609015826055760277 : Checking image 2 crop y2 3386
1609015826107218130 : Checking image 1 dpi 300
1609015826107342032 : Checking image 1 border top 131
1609015826107380433 : Checking image 1 border bottom 116
1609015826107414934 : Checking image 1 border left 214
1609015826107448734 : Checking image 1 border right 214
1609015826109312769 : Checking image 2 dpi 300
1609015826109396070 : Checking image 2 border top 183
1609015826109431271 : Checking image 2 border bottom 110
1609015826109464472 : Checking image 2 border left 216
1609015826109497272 : Checking image 2 border right 216

</system-out><system-err>--------------------------------- Captured Err ---------------------------------

</system-err></testcase><testcase classname="tests.test_images" name="test_wrong_wave_split_line_png" time="89.484"><system-out>--------------------------------- Captured Log ---------------------------------

--------------------------------- Captured Out ---------------------------------
/home/runner/work/ocr-book/ocr-book/tests/wrong_wave_split_line.png
1609015782767483968 : Checking separation double page angle 90.37878604107719
1609015782767588670 : Checking separation double page y=0 2500
1609015795185234580 : Checking page rotation 1 -0.14999999999999067
1609015807026924373 : Checking page rotation 2 0.85
1609015816502554059 : Checking image 1 crop x1 385
1609015816502677561 : Checking image 1 crop y1 179
1609015816502719562 : Checking image 1 crop x2 2411
1609015816502754862 : Checking image 1 crop y2 3374
1609015826242870243 : Checking image 2 crop x1 8
1609015826242986445 : Checking image 2 crop y1 0
1609015826243028246 : Checking image 2 crop x2 2415
1609015826243066746 : Checking image 2 crop y2 3505
1609015826299514892 : Checking image 1 dpi 300
1609015826299631794 : Checking image 1 border top 173
1609015826299669195 : Checking image 1 border bottom 119
1609015826299703695 : Checking image 1 border left 217
1609015826299738596 : Checking image 1 border right 217
1609015826301720633 : Checking image 2 dpi 300
1609015826301813734 : Checking image 2 border top 1
1609015826301853235 : Checking image 2 border bottom 1
1609015826301886736 : Checking image 2 border left 37
1609015826301920536 : Checking image 2 border right 37

</system-out><system-err>--------------------------------- Captured Err ---------------------------------

</system-err></testcase><testcase classname="tests.test_images" name="test_small_wave_png" time="77.359"><system-out>--------------------------------- Captured Log ---------------------------------

--------------------------------- Captured Out ---------------------------------
/home/runner/work/ocr-book/ocr-book/tests/small_wave.png
1609015875731692181 : Checking separation double page angle 90.58816928841564
1609015875731798783 : Checking separation double page y=0 2497
1609015887012092733 : Checking page rotation 1 0.65
1609015897159817682 : Checking page rotation 2 0.75
1609015900350250274 : Checking image 1 crop x1 320
1609015900350378376 : Checking image 1 crop y1 199
1609015900350418777 : Checking image 1 crop x2 2353
1609015900350453878 : Checking image 1 crop y2 3394
1609015903427903373 : Checking image 2 crop x1 132
1609015903428047576 : Checking image 2 crop y1 224
1609015903428087777 : Checking image 2 crop x2 2160
1609015903428125077 : Checking image 2 crop y2 3419
1609015903471116175 : Checking image 1 dpi 300
1609015903471222177 : Checking image 1 border top 179
1609015903471256578 : Checking image 1 border bottom 112
1609015903471288278 : Checking image 1 border left 213
1609015903471320179 : Checking image 1 border right 213
1609015903473160313 : Checking image 2 dpi 300
1609015903473243615 : Checking image 2 border top 197
1609015903473279315 : Checking image 2 border bottom 95
1609015903473312816 : Checking image 2 border left 216
1609015903473346516 : Checking image 2 border right 216

</system-out><system-err>--------------------------------- Captured Err ---------------------------------

</system-err></testcase><testcase classname="tests.test_images" name="test_no_split_line_line_algo_png" time="56.623"><system-out>--------------------------------- Captured Log ---------------------------------

--------------------------------- Captured Out ---------------------------------
/home/runner/work/ocr-book/ocr-book/tests/no_split_line_line_algo.png
1609015859529110296 : Checking separation double page angle 89.47691469185418
1609015859529219198 : Checking separation double page y=0 2476
1609015865034395055 : Checking page rotation 1 -0.14999999999999067
1609015875299287571 : Checking page rotation 2 -0.44999999999999746
1609015878106324867 : Checking image 1 crop x1 205
1609015878106442869 : Checking image 1 crop y1 158
1609015878106483370 : Checking image 1 crop x2 2320
1609015878106519971 : Checking image 1 crop y2 3366
1609015882897728920 : Checking image 2 crop x1 185
1609015882897852723 : Checking image 2 crop y1 221
1609015882897894123 : Checking image 2 crop x2 2201
1609015882897930624 : Checking image 2 crop y2 3366
1609015882942620952 : Checking image 1 dpi 300
1609015882942738654 : Checking image 1 border top 144
1609015882942776155 : Checking image 1 border bottom 134
1609015882942811255 : Checking image 1 border left 172
1609015882942845856 : Checking image 1 border right 172
1609015882944684890 : Checking image 2 dpi 300
1609015882944773092 : Checking image 2 border top 219
1609015882944808592 : Checking image 2 border bottom 123
1609015882944842693 : Checking image 2 border left 222
1609015882944876294 : Checking image 2 border right 222

</system-out><system-err>--------------------------------- Captured Err ---------------------------------

</system-err></testcase><testcase classname="tests.test_images" name="test_failed_split_line_line_algo_png" time="30.177"><system-out>--------------------------------- Captured Log ---------------------------------

--------------------------------- Captured Out ---------------------------------
/home/runner/work/ocr-book/ocr-book/tests/failed_split_line_line_algo.png
1609015902897154126 : Checking separation double page angle 90.04134220573248
1609015902897254328 : Checking separation double page y=0 2573
1609015906536514598 : Checking page rotation 1 -0.14999999999999067
1609015908909271343 : Checking page rotation 2 0.0
1609015911439242499 : Checking image 1 crop x1 407
1609015911439365502 : Checking image 1 crop y1 2925
1609015911439406702 : Checking image 1 crop x2 2419
1609015911439441503 : Checking image 1 crop y2 3174
1609015913149397474 : Checking image 2 crop x1 1184
1609015913149508676 : Checking image 2 crop y1 1748
1609015913149545677 : Checking image 2 crop x2 1185
1609015913149580177 : Checking image 2 crop y2 1749
1609015913149876483 : Checking image 1 dpi 300
1609015913149960385 : Checking image 1 border top 2922
1609015913149996085 : Checking image 1 border bottom 316
1609015913150030586 : Checking image 1 border left 224
1609015913150064486 : Checking image 1 border right 224
1609015913151302509 : Checking image 2 dpi 300
1609015913151375911 : Checking image 2 border top 1752
1609015913151429212 : Checking image 2 border bottom 1753
1609015913151463812 : Checking image 2 border left 1239
1609015913151497413 : Checking image 2 border right 1239

</system-out><system-err>--------------------------------- Captured Err ---------------------------------

</system-err></testcase><testcase classname="tests.test_images" name="test_wrong_split_line_3_png" time="63.019"><system-out>--------------------------------- Captured Log ---------------------------------

--------------------------------- Captured Out ---------------------------------
/home/runner/work/ocr-book/ocr-book/tests/wrong_split_line_3.png
1609015941247243119 : Checking separation double page angle 90.43729500214694
1609015941247361221 : Checking separation double page y=0 2498
1609015951370184513 : Checking page rotation 1 0.30000000000000004
1609015959467391096 : Checking page rotation 2 0.9
1609015963257239301 : Checking image 1 crop x1 331
1609015963257356603 : Checking image 1 crop y1 165
1609015963257395104 : Checking image 1 crop x2 2375
1609015963257431605 : Checking image 1 crop y2 3376
1609015966472546935 : Checking image 2 crop x1 102
1609015966472666538 : Checking image 2 crop y1 208
1609015966472706638 : Checking image 2 crop x2 2133
1609015966472742339 : Checking image 2 crop y2 3413
1609015966513099086 : Checking image 1 dpi 300
1609015966513214588 : Checking image 1 border top 157
1609015966513252889 : Checking image 1 border bottom 119
1609015966513287690 : Checking image 1 border left 208
1609015966513321790 : Checking image 1 border right 208
1609015966515298227 : Checking image 2 dpi 300
1609015966515388229 : Checking image 2 border top 187
1609015966515424029 : Checking image 2 border bottom 95
1609015966515458130 : Checking image 2 border left 214
1609015966515491831 : Checking image 2 border right 214

</system-out><system-err>--------------------------------- Captured Err ---------------------------------

</system-err></testcase><testcase classname="tests.test_images" name="test_failed_split_line_line_algo_2_png" time="71.071"><system-out>--------------------------------- Captured Log ---------------------------------

--------------------------------- Captured Out ---------------------------------
/home/runner/work/ocr-book/ocr-book/tests/failed_split_line_line_algo_2.png
1609015954830776351 : Checking separation double page angle 90.03068774449687
1609015954830882453 : Checking separation double page y=0 2500
1609015966966223676 : Checking page rotation 1 0.0
1609015977323861173 : Checking page rotation 2 0.6000000000000001
1609015980704581566 : Checking image 1 crop x1 272
1609015980704704369 : Checking image 1 crop y1 149
1609015980704743069 : Checking image 1 crop x2 2383
1609015980704775670 : Checking image 1 crop y2 3353
1609015984148135728 : Checking image 2 crop x1 121
1609015984148254431 : Checking image 2 crop y1 155
1609015984148293231 : Checking image 2 crop x2 2244
1609015984148326832 : Checking image 2 crop y2 3350
1609015984193066964 : Checking image 1 dpi 300
1609015984193177066 : Checking image 1 border top 138
1609015984193212167 : Checking image 1 border bottom 145
1609015984193243968 : Checking image 1 border left 174
1609015984193277268 : Checking image 1 border right 174
1609015984195117202 : Checking image 2 dpi 300
1609015984195194704 : Checking image 2 border top 136
1609015984195227804 : Checking image 2 border bottom 156
1609015984195259005 : Checking image 2 border left 168
1609015984195289806 : Checking image 2 border right 168

</system-out><system-err>--------------------------------- Captured Err ---------------------------------

</system-err></testcase><testcase classname="tests.test_images" name="test_crop_too_much_3_png" time="71.926"><system-out>--------------------------------- Captured Log ---------------------------------

--------------------------------- Captured Out ---------------------------------
/home/runner/work/ocr-book/ocr-book/tests/crop_too_much_3.png
1609016008110913696 : Checking separation double page angle 89.49330634783144
1609016008111018197 : Checking separation double page y=0 2498
1609016016891031299 : Checking page rotation 1 -0.8999999999999949
1609016029162574557 : Checking page rotation 2 -0.14999999999999067
1609016033520827742 : Checking image 1 crop x1 374
1609016033520939644 : Checking image 1 crop y1 258
1609016033520976345 : Checking image 1 crop x2 2385
1609016033521009045 : Checking image 1 crop y2 3459
1609016038385016574 : Checking image 2 crop x1 168
1609016038385154977 : Checking image 2 crop y1 228
1609016038385194278 : Checking image 2 crop x2 2181
1609016038385229978 : Checking image 2 crop y2 3417
1609016038435395608 : Checking image 1 dpi 300
1609016038435508710 : Checking image 1 border top 239
1609016038435545811 : Checking image 1 border bottom 47
1609016038435579611 : Checking image 1 border left 224
1609016038435613012 : Checking image 1 border right 224
1609016038437463946 : Checking image 2 dpi 300
1609016038437544548 : Checking image 2 border top 209
1609016038437579048 : Checking image 2 border bottom 89
1609016038437612549 : Checking image 2 border left 223
1609016038437647950 : Checking image 2 border right 223

</system-out><system-err>--------------------------------- Captured Err ---------------------------------

</system-err></testcase><testcase classname="tests.test_images" name="test_wrong_wave_split_line_2_png" time="76.094"><system-out>--------------------------------- Captured Log ---------------------------------

--------------------------------- Captured Out ---------------------------------
/home/runner/work/ocr-book/ocr-book/tests/wrong_wave_split_line_2.png
1609016027742077261 : Checking separation double page angle 90.7708958311329
1609016027742182863 : Checking separation double page y=0 2490
1609016037439868361 : Checking page rotation 1 0.4
1609016049379885738 : Checking page rotation 2 1.8
1609016053244579607 : Checking image 1 crop x1 224
1609016053244705209 : Checking image 1 crop y1 147
1609016053244748810 : Checking image 1 crop x2 2337
1609016053244785810 : Checking image 1 crop y2 3355
1609016060234947649 : Checking image 2 crop x1 107
1609016060235073951 : Checking image 2 crop y1 197
1609016060235115852 : Checking image 2 crop x2 2229
1609016060235153152 : Checking image 2 crop y2 3396
1609016060286325200 : Checking image 1 dpi 300
1609016060286444102 : Checking image 1 border top 137
1609016060286483403 : Checking image 1 border bottom 142
1609016060286518404 : Checking image 1 border left 173
1609016060286553504 : Checking image 1 border right 173
1609016060288397238 : Checking image 2 dpi 300
1609016060288505840 : Checking image 2 border top 171
1609016060288551241 : Checking image 2 border bottom 116
1609016060288584542 : Checking image 2 border left 169
1609016060288618142 : Checking image 2 border right 169

</system-out><system-err>--------------------------------- Captured Err ---------------------------------

</system-err></testcase><testcase classname="tests.test_images" name="test_wrong_wave_split_line_3_png" time="65.203"><system-out>--------------------------------- Captured Log ---------------------------------

--------------------------------- Captured Out ---------------------------------
/home/runner/work/ocr-book/ocr-book/tests/wrong_wave_split_line_3.png
1609016079082289212 : Checking separation double page angle 90.05826063695574
1609016079082391614 : Checking separation double page y=0 2514
1609016089390795681 : Checking page rotation 1 0.05
1609016096784638329 : Checking page rotation 2 0.30000000000000004
1609016100419173535 : Checking image 1 crop x1 273
1609016100419280037 : Checking image 1 crop y1 220
1609016100419330138 : Checking image 1 crop x2 2383
1609016100419363639 : Checking image 1 crop y2 3423
1609016103598667320 : Checking image 2 crop x1 114
1609016103598786922 : Checking image 2 crop y1 226
1609016103598826223 : Checking image 2 crop x2 2237
1609016103598861723 : Checking image 2 crop y2 3414
1609016103651151992 : Checking image 1 dpi 300
1609016103651267394 : Checking image 1 border top 202
1609016103651304994 : Checking image 1 border bottom 82
1609016103651339095 : Checking image 1 border left 175
1609016103651372696 : Checking image 1 border right 175
1609016103653207930 : Checking image 2 dpi 300
1609016103653292231 : Checking image 2 border top 207
1609016103653327232 : Checking image 2 border bottom 92
1609016103653360833 : Checking image 2 border left 168
1609016103653394133 : Checking image 2 border right 168

</system-out><system-err>--------------------------------- Captured Err ---------------------------------

</system-err></testcase><testcase classname="tests.test_images" name="test_no_split_line_wave_algo_png" time="76.688"><system-out>--------------------------------- Captured Log ---------------------------------

--------------------------------- Captured Out ---------------------------------
/home/runner/work/ocr-book/ocr-book/tests/no_split_line_wave_algo.png
1609016099109839486 : Checking separation double page angle 89.72500000000001
1609016099109954189 : Checking separation double page y=0 2484
1609016106007990835 : Checking page rotation 1 0.0
1609016116232291241 : Checking page rotation 2 -0.49999999999999434
1609016127695509380 : Checking image 1 crop x1 97
1609016127695587082 : Checking image 1 crop y1 79
1609016127695621282 : Checking image 1 crop x2 2494
1609016127695654083 : Checking image 1 crop y2 3505
1609016136890586796 : Checking image 2 crop x1 163
1609016136890707899 : Checking image 2 crop y1 266
1609016136890750599 : Checking image 2 crop x2 2238
1609016136890787200 : Checking image 2 crop y2 3381
1609016136935181222 : Checking image 1 dpi 300
1609016136935298524 : Checking image 1 border top 41
1609016136935335725 : Checking image 1 border bottom 41
1609016136935370225 : Checking image 1 border left 42
1609016136935403926 : Checking image 1 border right 42
1609016136937236260 : Checking image 2 dpi 300
1609016136937318162 : Checking image 2 border top 258
1609016136937356962 : Checking image 2 border bottom 114
1609016136937390763 : Checking image 2 border left 192
1609016136937424463 : Checking image 2 border right 192

</system-out><system-err>--------------------------------- Captured Err ---------------------------------

</system-err></testcase><testcase classname="tests.test_images" name="test_no_split_line_wave_algo_2_png" time="57.192"><system-out>--------------------------------- Captured Log ---------------------------------

--------------------------------- Captured Out ---------------------------------
/home/runner/work/ocr-book/ocr-book/tests/no_split_line_wave_algo_2.png
1609016136995528939 : Checking separation double page angle 90.54999999999998
1609016136995633841 : Checking separation double page y=0 2478
1609016145475372776 : Checking page rotation 1 1.1500000000000001
1609016154490783825 : Checking page rotation 2 0.2
1609016157783321572 : Checking image 1 crop x1 266
1609016157783442974 : Checking image 1 crop y1 209
1609016157783483375 : Checking image 1 crop x2 2342
1609016157783518775 : Checking image 1 crop y2 3413
1609016160809927296 : Checking image 2 crop x1 168
1609016160810038598 : Checking image 2 crop y1 241
1609016160810075999 : Checking image 2 crop x2 2251
1609016160810109099 : Checking image 2 crop y2 3433
1609016160852292980 : Checking image 1 dpi 300
1609016160852404282 : Checking image 1 border top 191
1609016160852442183 : Checking image 1 border bottom 92
1609016160852476583 : Checking image 1 border left 192
1609016160852511184 : Checking image 1 border right 192
1609016160854292417 : Checking image 2 dpi 300
1609016160854368418 : Checking image 2 border top 224
1609016160854401119 : Checking image 2 border bottom 71
1609016160854431620 : Checking image 2 border left 188
1609016160854462320 : Checking image 2 border right 188

</system-out><system-err>--------------------------------- Captured Err ---------------------------------

</system-err></testcase><testcase classname="tests.test_images" name="test_crop_too_few_2_png" time="54.170"><system-out>--------------------------------- Captured Log ---------------------------------

--------------------------------- Captured Out ---------------------------------
/home/runner/work/ocr-book/ocr-book/tests/crop_too_few_2.png
1609016169182216990 : Checking separation double page angle 90.30476192320097
1609016169182318092 : Checking separation double page y=0 2531
1609016177214387634 : Checking page rotation 1 1.2000000000000002
1609016183975544199 : Checking page rotation 2 -0.04999999999999689
1609016187469135723 : Checking image 1 crop x1 287
1609016187469257925 : Checking image 1 crop y1 165
1609016187469297326 : Checking image 1 crop x2 2398
1609016187469332626 : Checking image 1 crop y2 3368
1609016191132255850 : Checking image 2 crop x1 149
1609016191132380752 : Checking image 2 crop y1 189
1609016191132422253 : Checking image 2 crop x2 2273
1609016191132459053 : Checking image 2 crop y2 3386
1609016191171482075 : Checking image 1 dpi 300
1609016191171591577 : Checking image 1 border top 157
1609016191171626678 : Checking image 1 border bottom 127
1609016191171658578 : Checking image 1 border left 174
1609016191171692379 : Checking image 1 border right 174
1609016191173613714 : Checking image 2 dpi 300
1609016191173700916 : Checking image 2 border top 181
1609016191173742817 : Checking image 2 border bottom 109
1609016191173776617 : Checking image 2 border left 168
1609016191173810218 : Checking image 2 border right 168

</system-out><system-err>--------------------------------- Captured Err ---------------------------------

</system-err></testcase><testcase classname="tests.test_images" name="test_failed_detect_rectangle_png" time="68.712"><system-out>--------------------------------- Captured Log ---------------------------------

--------------------------------- Captured Out ---------------------------------
/home/runner/work/ocr-book/ocr-book/tests/failed_detect_rectangle.png
1609016199941986978 : Checking separation double page angle 90.19837516213148
1609016199942088780 : Checking separation double page y=0 2474
1609016209580787930 : Checking page rotation 1 0.2
1609016221429054368 : Checking page rotation 2 0.2
1609016226053919684 : Checking image 1 crop x1 257
1609016226054056183 : Checking image 1 crop y1 201
1609016226054096482 : Checking image 1 crop x2 2333
1609016226054131682 : Checking image 1 crop y2 3402
1609016229509574070 : Checking image 2 crop x1 136
1609016229509687172 : Checking image 2 crop y1 215
1609016229509723373 : Checking image 2 crop x2 2219
1609016229509756273 : Checking image 2 crop y2 3406
1609016229558544076 : Checking image 1 dpi 300
1609016229558653378 : Checking image 1 border top 188
1609016229558689979 : Checking image 1 border bottom 97
1609016229558723479 : Checking image 1 border left 192
1609016229558757180 : Checking image 1 border right 192
1609016229560622714 : Checking image 2 dpi 300
1609016229560707216 : Checking image 2 border top 200
1609016229560742617 : Checking image 2 border bottom 95
1609016229560776217 : Checking image 2 border left 188
1609016229560809418 : Checking image 2 border right 188

</system-out><system-err>--------------------------------- Captured Err ---------------------------------

</system-err></testcase><testcase classname="tests.test_images" name="test_single_page_png" time="26.982"><system-out>--------------------------------- Captured Log ---------------------------------

--------------------------------- Captured Out ---------------------------------
/home/runner/work/ocr-book/ocr-book/tests/single_page.png
1609016202984976862 : Checking separation double page angle 90.04999999999998
1609016202985095064 : Checking separation double page y=0 2476
1609016208616089498 : Checking page rotation 1 0.0
1609016209239627337 : Checking page rotation 2 0.0
1609016217164411781 : Checking image 1 crop x1 1
1609016217164495583 : Checking image 1 crop y1 8
1609016217164533484 : Checking image 1 crop x2 2470
1609016217164565384 : Checking image 1 crop y2 3505
1609016217799391326 : Checking image 2 crop x1 0
1609016217799462126 : Checking image 2 crop y1 0
1609016217799495026 : Checking image 2 crop x2 0
1609016217799526226 : Checking image 2 crop y2 0
1609016217799603726 : Checking image 1 dpi 300
1609016217799670526 : Checking image 1 border top 5
1609016217799707827 : Checking image 1 border bottom 5
1609016217799741727 : Checking image 1 border left 6
1609016217799775627 : Checking image 1 border right 6
1609016217806030434 : Checking image 2 border top 0
1609016217806112934 : Checking image 2 border bottom 0
1609016217806147834 : Checking image 2 border left 0
1609016217806177034 : Checking image 2 border right 0

</system-out><system-err>--------------------------------- Captured Err ---------------------------------

</system-err></testcase><testcase classname="tests.test_images" name="test_wrong_split_line_4_png" time="32.217"><system-out>--------------------------------- Captured Log ---------------------------------

--------------------------------- Captured Out ---------------------------------
/home/runner/work/ocr-book/ocr-book/tests/wrong_split_line_4.png
1609016236890537400 : Checking separation double page angle 91.04999999999998
1609016236890642202 : Checking separation double page y=0 60
1609016237161312753 : Checking page rotation 1 1.05
1609016245429984580 : Checking page rotation 2 1.1500000000000001
1609016245954585280 : Checking image 1 crop x1 0
1609016245954651681 : Checking image 1 crop y1 0
1609016245954684781 : Checking image 1 crop x2 0
1609016245954716082 : Checking image 1 crop y2 0
1609016250364732731 : Checking image 2 crop x1 292
1609016250364833832 : Checking image 2 crop y1 330
1609016250364870832 : Checking image 2 crop x2 2314
1609016250364901532 : Checking image 2 crop y2 3218
1609016250416424070 : Checking image 1 border top 0
1609016250416493370 : Checking image 1 border bottom 0
1609016250416527871 : Checking image 1 border left 0
1609016250416560371 : Checking image 1 border right 0
1609016250416619872 : Checking image 2 dpi 300
1609016250416699273 : Checking image 2 border top 322
1609016250416733773 : Checking image 2 border bottom 277
1609016250416768773 : Checking image 2 border left 219
1609016250416801974 : Checking image 2 border right 219

</system-out><system-err>--------------------------------- Captured Err ---------------------------------

</system-err></testcase><testcase classname="tests.test_images" name="test_no_split_line_wave_algo_3_png" time="20.308"><system-out>--------------------------------- Captured Log ---------------------------------

--------------------------------- Captured Out ---------------------------------
/home/runner/work/ocr-book/ocr-book/tests/no_split_line_wave_algo_3.png
1609016241307495700 : Checking separation double page angle 90.14999999999998
1609016241307605402 : Checking separation double page y=0 2408
1609016244408484972 : Checking page rotation 1 0.0
1609016244827681285 : Checking page rotation 2 0.35
1609016249314826477 : Checking image 1 crop x1 184
1609016249314930378 : Checking image 1 crop y1 2957
1609016249314964979 : Checking image 1 crop x2 2201
1609016249314995979 : Checking image 1 crop y2 3202
1609016249859016456 : Checking image 2 crop x1 0
1609016249859096956 : Checking image 2 crop y1 0
1609016249859126457 : Checking image 2 crop x2 0
1609016249859154857 : Checking image 2 crop y2 0
1609016249859230258 : Checking image 1 dpi 300
1609016249859300659 : Checking image 1 border top 2950
1609016249859332059 : Checking image 1 border bottom 292
1609016249859362959 : Checking image 1 border left 221
1609016249859393459 : Checking image 1 border right 221
1609016249868152451 : Checking image 2 border top 0
1609016249868212051 : Checking image 2 border bottom 0
1609016249868241752 : Checking image 2 border left 0
1609016249868271052 : Checking image 2 border right 0

</system-out><system-err>--------------------------------- Captured Err ---------------------------------

</system-err></testcase><testcase classname="tests.test_images" name="test_failed_split_line_line_algo_3_png" time="26.632"><system-out>--------------------------------- Captured Log ---------------------------------

--------------------------------- Captured Out ---------------------------------
/home/runner/work/ocr-book/ocr-book/tests/failed_split_line_line_algo_3.png
1609016264834894804 : Checking separation double page angle 90.0
1609016264835015206 : Checking separation double page y=0 40
1609016264989964589 : Checking page rotation 1 0.0
1609016269653257948 : Checking page rotation 2 0.0
1609016270012957188 : Checking image 1 crop x1 0
1609016270013020189 : Checking image 1 crop y1 0
1609016270013049890 : Checking image 1 crop x2 0
1609016270013078690 : Checking image 1 crop y2 0
1609016277023761232 : Checking image 2 crop x1 246
1609016277023865233 : Checking image 2 crop y1 154
1609016277023901534 : Checking image 2 crop x2 2259
1609016277023934534 : Checking image 2 crop y2 3361
1609016277062504415 : Checking image 1 border top 0
1609016277062589016 : Checking image 1 border bottom 0
1609016277062624716 : Checking image 1 border left 0
1609016277062659317 : Checking image 1 border right 0
1609016277062732018 : Checking image 2 dpi 300
1609016277062817019 : Checking image 2 border top 146
1609016277062851319 : Checking image 2 border bottom 134
1609016277062884620 : Checking image 2 border left 223
1609016277062919520 : Checking image 2 border right 223

</system-out><system-err>--------------------------------- Captured Err ---------------------------------

</system-err></testcase></testsuite></testsuites>