<?xml version="1.0" encoding="utf-8"?><testsuites><testsuite errors="0" failures="0" hostname="fv-az18-207" name="pytest" skipped="0" tests="24" time="585.225" timestamp="2020-11-29T15:54:18.590984"><testcase classname="tests.test_features" name="test_disabled_enable_debug" time="32.321"><system-out>--------------------------------- Captured Log ---------------------------------

--------------------------------- Captured Out ---------------------------------
/home/runner/work/ocr-book/ocr-book/tests/0001_debug.png
separation double page angle 90.5847895821894
separation double page y=0 2487
page rotation 1 0.75
page rotation 2 0.2
image 1 crop x1 330
image 1 crop y1 336
image 1 crop x2 2343
image 1 crop y2 3223
image 2 crop x1 169
image 2 crop y1 648
image 2 crop x2 2186
image 2 crop y2 3361
image 1 dpi 300
image 1 border top 340
image 1 border bottom 260
image 1 border left 223
image 1 border right 223
image 2 dpi 300
image 2 border top 646
image 2 border bottom 128
image 2 border left 221
image 2 border right 221

</system-out><system-err>--------------------------------- Captured Err ---------------------------------

</system-err></testcase><testcase classname="tests.test_features" name="test_mock_stop_at_0" time="0.053"><system-out>--------------------------------- Captured Log ---------------------------------

--------------------------------- Captured Out ---------------------------------
/home/runner/work/ocr-book/ocr-book/tests/0001_0.png

</system-out><system-err>--------------------------------- Captured Err ---------------------------------

</system-err></testcase><testcase classname="tests.test_features" name="test_mock_stop_at_2" time="41.732"><system-out>--------------------------------- Captured Log ---------------------------------

--------------------------------- Captured Out ---------------------------------
/home/runner/work/ocr-book/ocr-book/tests/0001_2.png
separation double page angle 90.5847895821894
separation double page y=0 2487
page rotation 1 0.75
page rotation 2 0.2

</system-out><system-err>--------------------------------- Captured Err ---------------------------------

</system-err></testcase><testcase classname="tests.test_features" name="test_mock_stop_at_1" time="25.700"><system-out>--------------------------------- Captured Log ---------------------------------

--------------------------------- Captured Out ---------------------------------
/home/runner/work/ocr-book/ocr-book/tests/0001_1.png
separation double page angle 90.5847895821894
separation double page y=0 2487

</system-out><system-err>--------------------------------- Captured Err ---------------------------------

</system-err></testcase><testcase classname="tests.test_features" name="test_mock_stop_at_4" time="44.059"><system-out>--------------------------------- Captured Log ---------------------------------

--------------------------------- Captured Out ---------------------------------
/home/runner/work/ocr-book/ocr-book/tests/0001_4.png
separation double page angle 90.5847895821894
separation double page y=0 2487
page rotation 1 0.75
page rotation 2 0.2
image 1 crop x1 330
image 1 crop y1 336
image 1 crop x2 2343
image 1 crop y2 3223
image 2 crop x1 169
image 2 crop y1 648
image 2 crop x2 2186
image 2 crop y2 3361
image 1 dpi 300
image 1 border top 340
image 1 border bottom 260
image 1 border left 223
image 1 border right 223
image 2 dpi 300
image 2 border top 646
image 2 border bottom 128
image 2 border left 221
image 2 border right 221

</system-out><system-err>--------------------------------- Captured Err ---------------------------------

</system-err></testcase><testcase classname="tests.test_features" name="test_mock_stop_at_3" time="44.096"><system-out>--------------------------------- Captured Log ---------------------------------

--------------------------------- Captured Out ---------------------------------
/home/runner/work/ocr-book/ocr-book/tests/0001_3.png
separation double page angle 90.5847895821894
separation double page y=0 2487
page rotation 1 0.75
page rotation 2 0.2
image 1 crop x1 330
image 1 crop y1 336
image 1 crop x2 2343
image 1 crop y2 3223
image 2 crop x1 169
image 2 crop y1 648
image 2 crop x2 2186
image 2 crop y2 3361

</system-out><system-err>--------------------------------- Captured Err ---------------------------------

</system-err></testcase><testcase classname="tests.test_features" name="test_mock_stop_at_5" time="44.923"><system-out>--------------------------------- Captured Log ---------------------------------

--------------------------------- Captured Out ---------------------------------
/home/runner/work/ocr-book/ocr-book/tests/0001_5.png
separation double page angle 90.5847895821894
separation double page y=0 2487
page rotation 1 0.75
page rotation 2 0.2
image 1 crop x1 330
image 1 crop y1 336
image 1 crop x2 2343
image 1 crop y2 3223
image 2 crop x1 169
image 2 crop y1 648
image 2 crop x2 2186
image 2 crop y2 3361
image 1 dpi 300
image 1 border top 340
image 1 border bottom 260
image 1 border left 223
image 1 border right 223
image 2 dpi 300
image 2 border top 646
image 2 border bottom 128
image 2 border left 221
image 2 border right 221

</system-out><system-err>--------------------------------- Captured Err ---------------------------------

</system-err></testcase><testcase classname="tests.test_images" name="test_black_border_not_removed_png" time="55.600"><system-out>--------------------------------- Captured Log ---------------------------------

--------------------------------- Captured Out ---------------------------------
/home/runner/work/ocr-book/ocr-book/tests/black-border-not-removed.png
1606665393131874048 : Checking separation double page angle 90.02912890873039
1606665393131959296 : Checking separation double page y=0 2456
1606665401327043584 : Checking page rotation 1 0.0
1606665412871059968 : Checking page rotation 2 0.0
1606665414894693632 : Checking image 1 crop x1 297
1606665414894791936 : Checking image 1 crop y1 143
1606665414894835456 : Checking image 1 crop x2 2309
1606665414894876928 : Checking image 1 crop y2 3346
1606665417395942656 : Checking image 2 crop x1 157
1606665417396038400 : Checking image 2 crop y1 145
1606665417396082688 : Checking image 2 crop x2 2169
1606665417396124416 : Checking image 2 crop y2 3352
1606665417434148608 : Checking image 1 dpi 300
1606665417434270464 : Checking image 1 border top 130
1606665417434307840 : Checking image 1 border bottom 154
1606665417434341632 : Checking image 1 border left 224
1606665417434374144 : Checking image 1 border right 224
1606665417436465664 : Checking image 2 dpi 300
1606665417436555776 : Checking image 2 border top 139
1606665417436592640 : Checking image 2 border bottom 141
1606665417436627456 : Checking image 2 border left 224
1606665417436662272 : Checking image 2 border right 224

</system-out><system-err>--------------------------------- Captured Err ---------------------------------

</system-err></testcase><testcase classname="tests.test_images" name="test_0001_png" time="45.335"><system-out>--------------------------------- Captured Log ---------------------------------

--------------------------------- Captured Out ---------------------------------
/home/runner/work/ocr-book/ocr-book/tests/0001.png
1606665417522743552 : Checking separation double page angle 90.5847895821894
1606665417522834432 : Checking separation double page y=0 2487
1606665424085931520 : Checking page rotation 1 0.75
1606665432366470144 : Checking page rotation 2 0.2
1606665434035576832 : Checking image 1 crop x1 330
1606665434035667456 : Checking image 1 crop y1 336
1606665434035710976 : Checking image 1 crop x2 2343
1606665434035751168 : Checking image 1 crop y2 3223
1606665435810925312 : Checking image 2 crop x1 169
1606665435811007488 : Checking image 2 crop y1 648
1606665435811047936 : Checking image 2 crop x2 2186
1606665435811085568 : Checking image 2 crop y2 3361
1606665435845916672 : Checking image 1 dpi 300
1606665435846022144 : Checking image 1 border top 340
1606665435846058496 : Checking image 1 border bottom 260
1606665435846091776 : Checking image 1 border left 223
1606665435846133760 : Checking image 1 border right 223
1606665435848155648 : Checking image 2 dpi 300
1606665435848240384 : Checking image 2 border top 646
1606665435848281600 : Checking image 2 border bottom 128
1606665435848309760 : Checking image 2 border left 221
1606665435848337152 : Checking image 2 border right 221

</system-out><system-err>--------------------------------- Captured Err ---------------------------------

</system-err></testcase><testcase classname="tests.test_images" name="test_image_failed_to_rotate_png" time="52.357"><system-out>--------------------------------- Captured Log ---------------------------------

--------------------------------- Captured Out ---------------------------------
/home/runner/work/ocr-book/ocr-book/tests/image_failed_to_rotate.png
1606665443982240000 : Checking separation double page angle 90.18772783206224
1606665443982342656 : Checking separation double page y=0 2482
1606665448887966976 : Checking page rotation 1 0.35000000000000003
1606665456193512192 : Checking page rotation 2 0.45
1606665467500235264 : Checking image 1 crop x1 34
1606665467500330752 : Checking image 1 crop y1 1
1606665467500369920 : Checking image 1 crop x2 2480
1606665467500406528 : Checking image 1 crop y2 3500
1606665469637907712 : Checking image 2 crop x1 168
1606665469638010112 : Checking image 2 crop y1 234
1606665469638052864 : Checking image 2 crop x2 2247
1606665469638093568 : Checking image 2 crop y2 3355
1606665469682727168 : Checking image 1 dpi 300
1606665469682839808 : Checking image 1 border top 4
1606665469682880000 : Checking image 1 border bottom 4
1606665469682915328 : Checking image 1 border left 17
1606665469682950656 : Checking image 1 border right 17
1606665469685140992 : Checking image 2 dpi 300
1606665469685237504 : Checking image 2 border top 220
1606665469685274112 : Checking image 2 border bottom 146
1606665469685309440 : Checking image 2 border left 190
1606665469685343488 : Checking image 2 border right 190

</system-out><system-err>--------------------------------- Captured Err ---------------------------------

</system-err></testcase><testcase classname="tests.test_images" name="test_2_pages_2_contours_png" time="26.015"><system-out>--------------------------------- Captured Log ---------------------------------

--------------------------------- Captured Out ---------------------------------
/home/runner/work/ocr-book/ocr-book/tests/2-pages-2-contours.png
1606665450815915776 : Checking separation double page angle 89.9226294011526
1606665450816002560 : Checking separation double page y=0 2492
1606665453134093056 : Checking page rotation 1 0.05
1606665459296546304 : Checking page rotation 2 0.35000000000000003
1606665460172172800 : Checking image 1 crop x1 1191
1606665460172257792 : Checking image 1 crop y1 1733
1606665460172293376 : Checking image 1 crop x2 1192
1606665460172325888 : Checking image 1 crop y2 1734
1606665461843555072 : Checking image 2 crop x1 89
1606665461843640320 : Checking image 2 crop y1 240
1606665461843680256 : Checking image 2 crop x2 2136
1606665461843718144 : Checking image 2 crop y2 3239
1606665461877368320 : Checking image 1 dpi 300
1606665461877467136 : Checking image 1 border top 1752
1606665461877503232 : Checking image 1 border bottom 1753
1606665461877535744 : Checking image 1 border left 1239
1606665461877567744 : Checking image 1 border right 1239
1606665461879021312 : Checking image 2 dpi 300
1606665461879105024 : Checking image 2 border top 231
1606665461879140608 : Checking image 2 border bottom 257
1606665461879174912 : Checking image 2 border left 206
1606665461879208960 : Checking image 2 border right 206

</system-out><system-err>--------------------------------- Captured Err ---------------------------------

</system-err></testcase><testcase classname="tests.test_images" name="test_angle_page_lower_split_line_png" time="51.611"><system-out>--------------------------------- Captured Log ---------------------------------

--------------------------------- Captured Out ---------------------------------
/home/runner/work/ocr-book/ocr-book/tests/angle_page_lower_split_line.png
1606665493364659968 : Checking separation double page angle 89.73507328913124
1606665493364749824 : Checking separation double page y=0 2473
1606665502325086208 : Checking page rotation 1 -0.3999999999999915
1606665509751951104 : Checking page rotation 2 0.2
1606665511744105472 : Checking image 1 crop x1 244
1606665511744198656 : Checking image 1 crop y1 160
1606665511744241664 : Checking image 1 crop x2 2350
1606665511744281856 : Checking image 1 crop y2 3365
1606665513433793792 : Checking image 2 crop x1 151
1606665513433884416 : Checking image 2 crop y1 147
1606665513433926912 : Checking image 2 crop x2 2258
1606665513433967360 : Checking image 2 crop y2 3350
1606665513473275136 : Checking image 1 dpi 300
1606665513473391104 : Checking image 1 border top 130
1606665513473430272 : Checking image 1 border bottom 151
1606665513473466112 : Checking image 1 border left 177
1606665513473500672 : Checking image 1 border right 177
1606665513475751936 : Checking image 2 dpi 300
1606665513475846144 : Checking image 2 border top 116
1606665513475882496 : Checking image 2 border bottom 168
1606665513475917824 : Checking image 2 border left 176
1606665513475951872 : Checking image 2 border right 176

</system-out><system-err>--------------------------------- Captured Err ---------------------------------

</system-err></testcase><testcase classname="tests.test_images" name="test_image_failed_to_crop_data_png" time="54.291"><system-out>--------------------------------- Captured Log ---------------------------------

--------------------------------- Captured Out ---------------------------------
/home/runner/work/ocr-book/ocr-book/tests/image_failed_to_crop_data.png
1606665498443099648 : Checking separation double page angle 89.89865840161842
1606665498443188480 : Checking separation double page y=0 2477
1606665504378031616 : Checking page rotation 1 -0.14999999999999147
1606665511187776256 : Checking page rotation 2 0.05
1606665522067810816 : Checking image 1 crop x1 43
1606665522067905792 : Checking image 1 crop y1 6
1606665522067944704 : Checking image 1 crop x2 2481
1606665522067981824 : Checking image 1 crop y2 3504
1606665523978190592 : Checking image 2 crop x1 160
1606665523978285056 : Checking image 2 crop y1 217
1606665523978328064 : Checking image 2 crop x2 2241
1606665523978369792 : Checking image 2 crop y2 3350
1606665524015651072 : Checking image 1 dpi 300
1606665524015768064 : Checking image 1 border top 5
1606665524015807488 : Checking image 1 border bottom 5
1606665524015842816 : Checking image 1 border left 21
1606665524015877632 : Checking image 1 border right 21
1606665524018004992 : Checking image 2 dpi 300
1606665524018091520 : Checking image 2 border top 224
1606665524018125824 : Checking image 2 border bottom 130
1606665524018157824 : Checking image 2 border left 189
1606665524018189824 : Checking image 2 border right 189

</system-out><system-err>--------------------------------- Captured Err ---------------------------------

</system-err></testcase><testcase classname="tests.test_images" name="test_wrong_split_line_png" time="36.181"><system-out>--------------------------------- Captured Log ---------------------------------

--------------------------------- Captured Out ---------------------------------
/home/runner/work/ocr-book/ocr-book/tests/wrong_split_line.png
1606665534795247872 : Checking separation double page angle 89.85811715007924
1606665534795337216 : Checking separation double page y=0 2463
1606665540709576704 : Checking page rotation 1 -0.14999999999999147
1606665546782994176 : Checking page rotation 2 0.65
1606665548211315968 : Checking image 1 crop x1 213
1606665548211433984 : Checking image 1 crop y1 157
1606665548211477760 : Checking image 1 crop x2 2323
1606665548211517952 : Checking image 1 crop y2 3362
1606665549631760896 : Checking image 2 crop x1 126
1606665549631847936 : Checking image 2 crop y1 167
1606665549631891200 : Checking image 2 crop x2 2237
1606665549631932416 : Checking image 2 crop y2 3372
1606665549668515328 : Checking image 1 dpi 300
1606665549668630272 : Checking image 1 border top 115
1606665549668668928 : Checking image 1 border bottom 167
1606665549668704256 : Checking image 1 border left 175
1606665549668739328 : Checking image 1 border right 175
1606665549670851840 : Checking image 2 dpi 300
1606665549670935808 : Checking image 2 border top 142
1606665549670971904 : Checking image 2 border bottom 140
1606665549671006976 : Checking image 2 border left 174
1606665549671041792 : Checking image 2 border right 174

</system-out><system-err>--------------------------------- Captured Err ---------------------------------

</system-err></testcase><testcase classname="tests.test_images" name="test_wrong_angle_split_line_png" time="62.166"><system-out>--------------------------------- Captured Log ---------------------------------

--------------------------------- Captured Out ---------------------------------
/home/runner/work/ocr-book/ocr-book/tests/wrong_angle_split_line.png
1606665553956224768 : Checking separation double page angle 90.00846714570578
1606665553956314880 : Checking separation double page y=0 2478
1606665561855094272 : Checking page rotation 1 0.1
1606665570965229568 : Checking page rotation 2 0.2
1606665582708593920 : Checking image 1 crop x1 58
1606665582708684288 : Checking image 1 crop y1 6
1606665582708721152 : Checking image 1 crop x2 2476
1606665582708755712 : Checking image 1 crop y2 3501
1606665585397110016 : Checking image 2 crop x1 162
1606665585397192960 : Checking image 2 crop y1 219
1606665585397228288 : Checking image 2 crop x2 2238
1606665585397261312 : Checking image 2 crop y2 3348
1606665585549463296 : Checking image 1 dpi 300
1606665585549557248 : Checking image 1 border top 6
1606665585549584896 : Checking image 1 border bottom 6
1606665585549609984 : Checking image 1 border left 31
1606665585549634816 : Checking image 1 border right 31
1606665585555614208 : Checking image 2 dpi 300
1606665585555719936 : Checking image 2 border top 211
1606665585555746048 : Checking image 2 border bottom 147
1606665585555770368 : Checking image 2 border left 192
1606665585555794944 : Checking image 2 border right 192

</system-out><system-err>--------------------------------- Captured Err ---------------------------------

</system-err></testcase><testcase classname="tests.test_images" name="test_crop_too_much_png" time="68.794"><system-out>--------------------------------- Captured Log ---------------------------------

--------------------------------- Captured Out ---------------------------------
/home/runner/work/ocr-book/ocr-book/tests/crop_too_much.png
1606665590174609664 : Checking separation double page angle 90.1368362370825
1606665590174685440 : Checking separation double page y=0 2453
1606665602875484672 : Checking page rotation 1 0.0
1606665613525783552 : Checking page rotation 2 0.45
1606665616015468288 : Checking image 1 crop x1 303
1606665616015554304 : Checking image 1 crop y1 148
1606665616015594496 : Checking image 1 crop x2 2313
1606665616015632384 : Checking image 1 crop y2 3351
1606665618398895104 : Checking image 2 crop x1 170
1606665618398976000 : Checking image 2 crop y1 155
1606665618399010816 : Checking image 2 crop x2 2181
1606665618399043328 : Checking image 2 crop y2 3359
1606665618447766272 : Checking image 1 dpi 300
1606665618447874304 : Checking image 1 border top 131
1606665618447909888 : Checking image 1 border bottom 153
1606665618447943168 : Checking image 1 border left 225
1606665618447975168 : Checking image 1 border right 225
1606665618450155264 : Checking image 2 dpi 300
1606665618450248704 : Checking image 2 border top 139
1606665618450284800 : Checking image 2 border bottom 144
1606665618450319360 : Checking image 2 border left 224
1606665618450353152 : Checking image 2 border right 224

</system-out><system-err>--------------------------------- Captured Err ---------------------------------

</system-err></testcase><testcase classname="tests.test_images" name="test_crop_too_few_png" time="38.644"><system-out>--------------------------------- Captured Log ---------------------------------

--------------------------------- Captured Out ---------------------------------
/home/runner/work/ocr-book/ocr-book/tests/crop_too_few.png
1606665610108076800 : Checking separation double page angle 89.39070489155964
1606665610108160000 : Checking separation double page y=0 2510
1606665615776027392 : Checking page rotation 1 -0.75
1606665621900861696 : Checking page rotation 2 0.0
1606665623436381952 : Checking image 1 crop x1 265
1606665623436471808 : Checking image 1 crop y1 152
1606665623436512256 : Checking image 1 crop x2 2375
1606665623436550912 : Checking image 1 crop y2 3356
1606665624881470720 : Checking image 2 crop x1 139
1606665624881560320 : Checking image 2 crop y1 141
1606665624881600512 : Checking image 2 crop x2 2261
1606665624881638912 : Checking image 2 crop y2 3345
1606665624914403072 : Checking image 1 dpi 300
1606665624914521856 : Checking image 1 border top 116
1606665624914558720 : Checking image 1 border bottom 167
1606665624914592512 : Checking image 1 border left 175
1606665624914625024 : Checking image 1 border right 175
1606665624916803072 : Checking image 2 dpi 300
1606665624916893184 : Checking image 2 border top 140
1606665624916927488 : Checking image 2 border bottom 143
1606665624916960256 : Checking image 2 border left 169
1606665624916992512 : Checking image 2 border right 169

</system-out><system-err>--------------------------------- Captured Err ---------------------------------

</system-err></testcase><testcase classname="tests.test_images" name="test_crop_too_much_2_png" time="75.755"><system-out>--------------------------------- Captured Log ---------------------------------

--------------------------------- Captured Out ---------------------------------
/home/runner/work/ocr-book/ocr-book/tests/crop_too_much_2.png
1606665660776010240 : Checking separation double page angle 90.2140878077005
1606665660776096256 : Checking separation double page y=0 2477
1606665673394992896 : Checking page rotation 1 0.2
1606665688382640384 : Checking page rotation 2 0.2
1606665691143869184 : Checking image 1 crop x1 332
1606665691143954688 : Checking image 1 crop y1 131
1606665691143994368 : Checking image 1 crop x2 2342
1606665691144031744 : Checking image 1 crop y2 3336
1606665694137729536 : Checking image 2 crop x1 169
1606665694137817856 : Checking image 2 crop y1 139
1606665694137857280 : Checking image 2 crop x2 2182
1606665694137894912 : Checking image 2 crop y2 3345
1606665694191100160 : Checking image 1 dpi 300
1606665694191210496 : Checking image 1 border top 116
1606665694191264512 : Checking image 1 border bottom 166
1606665694191300096 : Checking image 1 border left 225
1606665694191335168 : Checking image 1 border right 225
1606665694193492736 : Checking image 2 dpi 300
1606665694193587968 : Checking image 2 border top 133
1606665694193624064 : Checking image 2 border bottom 148
1606665694193658880 : Checking image 2 border left 223
1606665694193693184 : Checking image 2 border right 223

</system-out><system-err>--------------------------------- Captured Err ---------------------------------

</system-err></testcase><testcase classname="tests.test_images" name="test_wrong_split_line_2_png" time="80.650"><system-out>--------------------------------- Captured Log ---------------------------------

--------------------------------- Captured Out ---------------------------------
/home/runner/work/ocr-book/ocr-book/tests/wrong_split_line_2.png
1606665676036771328 : Checking separation double page angle 90.39217497633973
1606665676036859648 : Checking separation double page y=0 2442
1606665688481354496 : Checking page rotation 1 0.2
1606665699217997824 : Checking page rotation 2 0.35000000000000003
1606665702182400768 : Checking image 1 crop x1 294
1606665702182490368 : Checking image 1 crop y1 136
1606665702182530048 : Checking image 1 crop x2 2325
1606665702182567936 : Checking image 1 crop y2 3376
1606665705496759808 : Checking image 2 crop x1 146
1606665705496849152 : Checking image 2 crop y1 193
1606665705496889600 : Checking image 2 crop x2 2175
1606665705496927488 : Checking image 2 crop y2 3387
1606665705543994624 : Checking image 1 dpi 300
1606665705544109056 : Checking image 1 border top 128
1606665705544146176 : Checking image 1 border bottom 119
1606665705544180224 : Checking image 1 border left 214
1606665705544212736 : Checking image 1 border right 214
1606665705546298880 : Checking image 2 dpi 300
1606665705546410752 : Checking image 2 border top 184
1606665705546447616 : Checking image 2 border bottom 109
1606665705546482688 : Checking image 2 border left 215
1606665705546517760 : Checking image 2 border right 215

</system-out><system-err>--------------------------------- Captured Err ---------------------------------

</system-err></testcase><testcase classname="tests.test_images" name="test_small_wave_png" time="64.256"><system-out>--------------------------------- Captured Log ---------------------------------

--------------------------------- Captured Out ---------------------------------
/home/runner/work/ocr-book/ocr-book/tests/small_wave.png
1606665733565578752 : Checking separation double page angle 90.61699923686102
1606665733565665536 : Checking separation double page y=0 2495
1606665744292817408 : Checking page rotation 1 0.7000000000000001
1606665754498248448 : Checking page rotation 2 0.7000000000000001
1606665756502438144 : Checking image 1 crop x1 322
1606665756502530048 : Checking image 1 crop y1 199
1606665756502572800 : Checking image 1 crop x2 2351
1606665756502612736 : Checking image 1 crop y2 3394
1606665758412828160 : Checking image 2 crop x1 135
1606665758412918528 : Checking image 2 crop y1 223
1606665758412961792 : Checking image 2 crop x2 2164
1606665758413003008 : Checking image 2 crop y2 3419
1606665758455529984 : Checking image 1 dpi 300
1606665758455645696 : Checking image 1 border top 177
1606665758455685120 : Checking image 1 border bottom 115
1606665758455720448 : Checking image 1 border left 215
1606665758455754752 : Checking image 1 border right 215
1606665758457834240 : Checking image 2 dpi 300
1606665758457928448 : Checking image 2 border top 191
1606665758457965312 : Checking image 2 border bottom 100
1606665758457999360 : Checking image 2 border left 215
1606665758458033408 : Checking image 2 border right 215

</system-out><system-err>--------------------------------- Captured Err ---------------------------------

</system-err></testcase><testcase classname="tests.test_images" name="test_wrong_split_line_3_png" time="56.457"><system-out>--------------------------------- Captured Log ---------------------------------

--------------------------------- Captured Out ---------------------------------
/home/runner/work/ocr-book/ocr-book/tests/wrong_split_line_3.png
1606665740040946688 : Checking separation double page angle 90.4401067484302
1606665740041032704 : Checking separation double page y=0 2498
1606665750598077952 : Checking page rotation 1 0.30000000000000004
1606665758270711808 : Checking page rotation 2 0.9
1606665760324707328 : Checking image 1 crop x1 331
1606665760324798976 : Checking image 1 crop y1 165
1606665760324838656 : Checking image 1 crop x2 2375
1606665760324876800 : Checking image 1 crop y2 3376
1606665761983172096 : Checking image 2 crop x1 102
1606665761983259648 : Checking image 2 crop y1 208
1606665761983299840 : Checking image 2 crop x2 2133
1606665761983337728 : Checking image 2 crop y2 3413
1606665762019266048 : Checking image 1 dpi 300
1606665762019385344 : Checking image 1 border top 150
1606665762019426560 : Checking image 1 border bottom 126
1606665762019462656 : Checking image 1 border left 208
1606665762019497984 : Checking image 1 border right 208
1606665762021554944 : Checking image 2 dpi 300
1606665762021637376 : Checking image 2 border top 190
1606665762021671168 : Checking image 2 border bottom 92
1606665762021702656 : Checking image 2 border left 214
1606665762021734656 : Checking image 2 border right 214

</system-out><system-err>--------------------------------- Captured Err ---------------------------------

</system-err></testcase><testcase classname="tests.test_images" name="test_wrong_wave_split_line_png" time="65.692"><system-out>--------------------------------- Captured Log ---------------------------------

--------------------------------- Captured Out ---------------------------------
/home/runner/work/ocr-book/ocr-book/tests/wrong_wave_split_line.png
1606665798993230080 : Checking separation double page angle 90.53209588050643
1606665798993301760 : Checking separation double page y=0 2502
1606665809537807104 : Checking page rotation 1 -0.14999999999999147
1606665818436085248 : Checking page rotation 2 0.8500000000000001
1606665821507804672 : Checking image 1 crop x1 385
1606665821507893248 : Checking image 1 crop y1 179
1606665821507935488 : Checking image 1 crop x2 2411
1606665821507975680 : Checking image 1 crop y2 3374
1606665824108657664 : Checking image 2 crop x1 124
1606665824108755712 : Checking image 2 crop y1 58
1606665824108798208 : Checking image 2 crop x2 2410
1606665824108838400 : Checking image 2 crop y2 3392
1606665824160376832 : Checking image 1 dpi 300
1606665824160489984 : Checking image 1 border top 167
1606665824160529152 : Checking image 1 border bottom 124
1606665824160564480 : Checking image 1 border left 217
1606665824160599552 : Checking image 1 border right 217
1606665824162726400 : Checking image 2 dpi 300
1606665824162818048 : Checking image 2 border top 0
1606665824162854656 : Checking image 2 border bottom 163
1606665824162888960 : Checking image 2 border left 92
1606665824162922752 : Checking image 2 border right 92

</system-out><system-err>--------------------------------- Captured Err ---------------------------------

</system-err></testcase><testcase classname="tests.test_images" name="test_no_split_line_line_algo_png" time="45.964"><system-out>--------------------------------- Captured Log ---------------------------------

--------------------------------- Captured Out ---------------------------------
/home/runner/work/ocr-book/ocr-book/tests/no_split_line_line_algo.png
1606665789525025792 : Checking separation double page angle 89.46795930182432
1606665789525113600 : Checking separation double page y=0 2476
1606665794563012352 : Checking page rotation 1 -0.14999999999999147
1606665804364573440 : Checking page rotation 2 -0.44999999999998863
1606665805732258304 : Checking image 1 crop x1 205
1606665805732348928 : Checking image 1 crop y1 158
1606665805732391936 : Checking image 1 crop x2 2320
1606665805732433408 : Checking image 1 crop y2 3366
1606665807939899392 : Checking image 2 crop x1 185
1606665807940000000 : Checking image 2 crop y1 221
1606665807940035072 : Checking image 2 crop x2 2201
1606665807940068096 : Checking image 2 crop y2 3366
1606665807984844032 : Checking image 1 dpi 300
1606665807984963072 : Checking image 1 border top 137
1606665807985002752 : Checking image 1 border bottom 142
1606665807985038848 : Checking image 1 border left 172
1606665807985073664 : Checking image 1 border right 172
1606665807987127040 : Checking image 2 dpi 300
1606665807987209984 : Checking image 2 border top 225
1606665807987246592 : Checking image 2 border bottom 117
1606665807987281664 : Checking image 2 border left 222
1606665807987316480 : Checking image 2 border right 222

</system-out><system-err>--------------------------------- Captured Err ---------------------------------

</system-err></testcase><testcase classname="tests.test_images" name="test_failed_split_line_line_algo_png" time="17.910"><system-out>--------------------------------- Captured Log ---------------------------------

--------------------------------- Captured Out ---------------------------------
/home/runner/work/ocr-book/ocr-book/tests/failed_split_line_line_algo.png
1606665835109194240 : Checking separation double page angle 90.01651175019265
1606665835109272576 : Checking separation double page y=0 2575
1606665838321046784 : Checking page rotation 1 -0.14999999999999147
1606665840437332480 : Checking page rotation 2 0.05
1606665841395879168 : Checking image 1 crop x1 407
1606665841395967744 : Checking image 1 crop y1 2925
1606665841396010496 : Checking image 1 crop x2 2419
1606665841396051200 : Checking image 1 crop y2 3174
1606665842116502272 : Checking image 2 crop x1 1180
1606665842116584448 : Checking image 2 crop y1 1724
1606665842116617728 : Checking image 2 crop x2 1181
1606665842116649216 : Checking image 2 crop y2 1725
1606665842116832768 : Checking image 1 dpi 300
1606665842116894720 : Checking image 1 border top 2930
1606665842116927488 : Checking image 1 border bottom 308
1606665842116959232 : Checking image 1 border left 224
1606665842116991232 : Checking image 1 border right 224
1606665842118400000 : Checking image 2 dpi 300
1606665842118475264 : Checking image 2 border top 1753
1606665842118507776 : Checking image 2 border bottom 1753
1606665842118540032 : Checking image 2 border left 1239
1606665842118571776 : Checking image 2 border right 1239

</system-out><system-err>--------------------------------- Captured Err ---------------------------------

</system-err></testcase></testsuite></testsuites>