<?xml version="1.0" encoding="utf-8"?><testsuites><testsuite errors="0" failures="0" hostname="travis-job-79bb76a5-f885-4cde-a337-32738587a9c6" name="pytest" skipped="0" tests="13" time="576.594" timestamp="2020-11-17T18:40:01.211548"><testcase classname="tests.test_features" name="test_disabled_enable_debug" time="42.755"><system-out>--------------------------------- Captured Log ---------------------------------

--------------------------------- Captured Out ---------------------------------
/home/travis/build/bansan85/ocr-book/tests/0001_debug.png
separation double page angle 90.55142384066187
separation double page y=0 2485
page rotation 1 0.75
page rotation 2 0.2
image 1 crop x1 330
image 1 crop y1 336
image 1 crop x2 2343
image 1 crop y2 3223
image 2 crop x1 169
image 2 crop y1 648
image 2 crop x2 2186
image 2 crop y2 3361
image 1 dpi 300
image 1 border top 324
image 1 border bottom 276
image 1 border left 223
image 1 border right 223
image 2 dpi 300
image 2 border top 671
image 2 border bottom 103
image 2 border left 221
image 2 border right 221

</system-out><system-err>--------------------------------- Captured Err ---------------------------------

</system-err></testcase><testcase classname="tests.test_features" name="test_mock_stop_at_0" time="0.035"><system-out>--------------------------------- Captured Log ---------------------------------

--------------------------------- Captured Out ---------------------------------
/home/travis/build/bansan85/ocr-book/tests/0001_0.png

</system-out><system-err>--------------------------------- Captured Err ---------------------------------

</system-err></testcase><testcase classname="tests.test_features" name="test_mock_stop_at_1" time="24.868"><system-out>--------------------------------- Captured Log ---------------------------------

--------------------------------- Captured Out ---------------------------------
/home/travis/build/bansan85/ocr-book/tests/0001_1.png
separation double page angle 90.55142384066187
separation double page y=0 2485

</system-out><system-err>--------------------------------- Captured Err ---------------------------------

</system-err></testcase><testcase classname="tests.test_features" name="test_mock_stop_at_2" time="47.234"><system-out>--------------------------------- Captured Log ---------------------------------

--------------------------------- Captured Out ---------------------------------
/home/travis/build/bansan85/ocr-book/tests/0001_2.png
separation double page angle 90.55142384066187
separation double page y=0 2485
page rotation 1 0.75
page rotation 2 0.2

</system-out><system-err>--------------------------------- Captured Err ---------------------------------

</system-err></testcase><testcase classname="tests.test_features" name="test_mock_stop_at_3" time="49.385"><system-out>--------------------------------- Captured Log ---------------------------------

--------------------------------- Captured Out ---------------------------------
/home/travis/build/bansan85/ocr-book/tests/0001_3.png
separation double page angle 90.55142384066187
separation double page y=0 2485
page rotation 1 0.75
page rotation 2 0.2
image 1 crop x1 330
image 1 crop y1 336
image 1 crop x2 2343
image 1 crop y2 3223
image 2 crop x1 169
image 2 crop y1 648
image 2 crop x2 2186
image 2 crop y2 3361

</system-out><system-err>--------------------------------- Captured Err ---------------------------------

</system-err></testcase><testcase classname="tests.test_features" name="test_mock_stop_at_4" time="48.217"><system-out>--------------------------------- Captured Log ---------------------------------

--------------------------------- Captured Out ---------------------------------
/home/travis/build/bansan85/ocr-book/tests/0001_4.png
separation double page angle 90.55142384066187
separation double page y=0 2485
page rotation 1 0.75
page rotation 2 0.2
image 1 crop x1 330
image 1 crop y1 336
image 1 crop x2 2343
image 1 crop y2 3223
image 2 crop x1 169
image 2 crop y1 648
image 2 crop x2 2186
image 2 crop y2 3361
image 1 dpi 300
image 1 border top 324
image 1 border bottom 276
image 1 border left 223
image 1 border right 223
image 2 dpi 300
image 2 border top 671
image 2 border bottom 103
image 2 border left 221
image 2 border right 221

</system-out><system-err>--------------------------------- Captured Err ---------------------------------

</system-err></testcase><testcase classname="tests.test_features" name="test_mock_stop_at_5" time="48.528"><system-out>--------------------------------- Captured Log ---------------------------------

--------------------------------- Captured Out ---------------------------------
/home/travis/build/bansan85/ocr-book/tests/0001_5.png
separation double page angle 90.55142384066187
separation double page y=0 2485
page rotation 1 0.75
page rotation 2 0.2
image 1 crop x1 330
image 1 crop y1 336
image 1 crop x2 2343
image 1 crop y2 3223
image 2 crop x1 169
image 2 crop y1 648
image 2 crop x2 2186
image 2 crop y2 3361
image 1 dpi 300
image 1 border top 324
image 1 border bottom 276
image 1 border left 223
image 1 border right 223
image 2 dpi 300
image 2 border top 671
image 2 border bottom 103
image 2 border left 221
image 2 border right 221

</system-out><system-err>--------------------------------- Captured Err ---------------------------------

</system-err></testcase><testcase classname="tests.test_images" name="test_0001_png" time="48.397"><system-out>--------------------------------- Captured Log ---------------------------------

--------------------------------- Captured Out ---------------------------------
/home/travis/build/bansan85/ocr-book/tests/0001.png
1605638686735584350 : Checking separation double page angle 90.55142384066187
1605638686735687828 : Checking separation double page y=0 2485
1605638696648857438 : Checking page rotation 1 0.75
1605638708528832924 : Checking page rotation 2 0.2
1605638709748406631 : Checking image 1 crop x1 330
1605638709748483181 : Checking image 1 crop y1 336
1605638709748517503 : Checking image 1 crop x2 2343
1605638709748549570 : Checking image 1 crop y2 3223
1605638711152318077 : Checking image 2 crop x1 169
1605638711152408232 : Checking image 2 crop y1 648
1605638711152447024 : Checking image 2 crop x2 2186
1605638711152480468 : Checking image 2 crop y2 3361
1605638711179646168 : Checking image 1 dpi 300
1605638711179777601 : Checking image 1 border top 324
1605638711179807938 : Checking image 1 border bottom 276
1605638711179834455 : Checking image 1 border left 223
1605638711179860547 : Checking image 1 border right 223
1605638711181842877 : Checking image 2 dpi 300
1605638711181965322 : Checking image 2 border top 671
1605638711181994581 : Checking image 2 border bottom 103
1605638711182020957 : Checking image 2 border left 221
1605638711182046843 : Checking image 2 border right 221

</system-out><system-err>--------------------------------- Captured Err ---------------------------------

</system-err></testcase><testcase classname="tests.test_images" name="test_2_pages_2_contours_png" time="28.216"><system-out>--------------------------------- Captured Log ---------------------------------

--------------------------------- Captured Out ---------------------------------
/home/travis/build/bansan85/ocr-book/tests/2-pages-2-contours.png
1605638726753406926 : Checking separation double page angle 90.14451498942671
1605638726753513993 : Checking separation double page y=0 2489
1605638728834900206 : Checking page rotation 1 0.05
1605638737597218501 : Checking page rotation 2 0.4
1605638738246990734 : Checking image 1 crop x1 1186
1605638738247052457 : Checking image 1 crop y1 1720
1605638738247079739 : Checking image 1 crop x2 1187
1605638738247105096 : Checking image 1 crop y2 1721
1605638739382871785 : Checking image 2 crop x1 101
1605638739382949461 : Checking image 2 crop y1 240
1605638739382983349 : Checking image 2 crop x2 2148
1605638739383015185 : Checking image 2 crop y2 3239
1605638739409551122 : Checking image 1 dpi 300
1605638739409640913 : Checking image 1 border top 1753
1605638739409670320 : Checking image 1 border bottom 1753
1605638739409696944 : Checking image 1 border left 1239
1605638739409722984 : Checking image 1 border right 1239
1605638739411025263 : Checking image 2 dpi 300
1605638739411126410 : Checking image 2 border top 226
1605638739411155396 : Checking image 2 border bottom 262
1605638739411181455 : Checking image 2 border left 206
1605638739411207143 : Checking image 2 border right 206

</system-out><system-err>--------------------------------- Captured Err ---------------------------------

</system-err></testcase><testcase classname="tests.test_images" name="test_black_border_not_removed_png" time="63.177"><system-out>--------------------------------- Captured Log ---------------------------------

--------------------------------- Captured Out ---------------------------------
/home/travis/build/bansan85/ocr-book/tests/black-border-not-removed.png
1605638774139112232 : Checking separation double page angle 90.00393370592924
1605638774139227784 : Checking separation double page y=0 2455
1605638784205869778 : Checking page rotation 1 0.05
1605638799423392674 : Checking page rotation 2 0.0
1605638800888437402 : Checking image 1 crop x1 298
1605638800888518566 : Checking image 1 crop y1 142
1605638800888554669 : Checking image 1 crop x2 2308
1605638800888586909 : Checking image 1 crop y2 3347
1605638802548123974 : Checking image 2 crop x1 157
1605638802548200190 : Checking image 2 crop y1 145
1605638802548234831 : Checking image 2 crop x2 2169
1605638802548266454 : Checking image 2 crop y2 3352
1605638802576983245 : Checking image 1 dpi 300
1605638802577112120 : Checking image 1 border top 127
1605638802577141419 : Checking image 1 border bottom 155
1605638802577167865 : Checking image 1 border left 225
1605638802577194142 : Checking image 1 border right 225
1605638802579159285 : Checking image 2 dpi 300
1605638802579261274 : Checking image 2 border top 130
1605638802579289276 : Checking image 2 border bottom 150
1605638802579315152 : Checking image 2 border left 224
1605638802579341213 : Checking image 2 border right 224

</system-out><system-err>--------------------------------- Captured Err ---------------------------------

</system-err></testcase><testcase classname="tests.test_images" name="test_image_failed_to_rotate_png" time="48.134"><system-out>--------------------------------- Captured Log ---------------------------------

--------------------------------- Captured Out ---------------------------------
/home/travis/build/bansan85/ocr-book/tests/image_failed_to_rotate.png
1605638822121112132 : Checking separation double page angle 90.14336291526413
1605638822121199297 : Checking separation double page y=0 2476
1605638827319284622 : Checking page rotation 1 0.35000000000000003
1605638838117136189 : Checking page rotation 2 0.45
1605638849211550746 : Checking image 1 crop x1 34
1605638849211645949 : Checking image 1 crop y1 1
1605638849211676629 : Checking image 1 crop x2 2474
1605638849211704552 : Checking image 1 crop y2 3500
1605638850596296437 : Checking image 2 crop x1 171
1605638850596385358 : Checking image 2 crop y1 234
1605638850596428778 : Checking image 2 crop x2 2250
1605638850596469703 : Checking image 2 crop y2 3355
1605638850630490079 : Checking image 1 dpi 300
1605638850630629263 : Checking image 1 border top 4
1605638850630666162 : Checking image 1 border bottom 4
1605638850630699951 : Checking image 1 border left 20
1605638850630733304 : Checking image 1 border right 20
1605638850632715824 : Checking image 2 dpi 300
1605638850632841881 : Checking image 2 border top 206
1605638850632877693 : Checking image 2 border bottom 160
1605638850632941378 : Checking image 2 border left 190
1605638850632984810 : Checking image 2 border right 190

</system-out><system-err>--------------------------------- Captured Err ---------------------------------

</system-err></testcase><testcase classname="tests.test_images" name="test_image_failed_to_crop_data_png" time="49.898"><system-out>--------------------------------- Captured Log ---------------------------------

--------------------------------- Captured Out ---------------------------------
/home/travis/build/bansan85/ocr-book/tests/image_failed_to_crop_data.png
1605638874416794868 : Checking separation double page angle 90.062288741015
1605638874416968544 : Checking separation double page y=0 2482
1605638880074046154 : Checking page rotation 1 0.2
1605638888641867749 : Checking page rotation 2 0.05
1605638899344585482 : Checking image 1 crop x1 58
1605638899344664651 : Checking image 1 crop y1 8
1605638899344694677 : Checking image 1 crop x2 2480
1605638899344723152 : Checking image 1 crop y2 3504
1605638900529717182 : Checking image 2 crop x1 159
1605638900529797719 : Checking image 2 crop y1 217
1605638900529832178 : Checking image 2 crop x2 2240
1605638900529864189 : Checking image 2 crop y2 3350
1605638900559329942 : Checking image 1 dpi 300
1605638900559444100 : Checking image 1 border top 6
1605638900559474614 : Checking image 1 border bottom 6
1605638900559500997 : Checking image 1 border left 29
1605638900559527160 : Checking image 1 border right 29
1605638900561552219 : Checking image 2 dpi 300
1605638900561682750 : Checking image 2 border top 209
1605638900561710900 : Checking image 2 border bottom 145
1605638900561737137 : Checking image 2 border left 189
1605638900561762805 : Checking image 2 border right 189

</system-out><system-err>--------------------------------- Captured Err ---------------------------------

</system-err></testcase><testcase classname="tests.test_images" name="test_wrong_angle_split_line_png" time="76.055"><system-out>--------------------------------- Captured Log ---------------------------------

--------------------------------- Captured Out ---------------------------------
/home/travis/build/bansan85/ocr-book/tests/wrong_angle_split_line.png
1605638927209772920 : Checking separation double page angle 90.16760446809923
1605638927209903681 : Checking separation double page y=0 2487
1605638937269812292 : Checking page rotation 1 0.05
1605638962848429097 : Checking page rotation 2 0.0
1605638974060990294 : Checking image 1 crop x1 55
1605638974061074166 : Checking image 1 crop y1 7
1605638974061105190 : Checking image 1 crop x2 2481
1605638974061133614 : Checking image 1 crop y2 3505
1605638975950171708 : Checking image 2 crop x1 159
1605638975950252390 : Checking image 2 crop y1 217
1605638975950286336 : Checking image 2 crop x2 2242
1605638975950318633 : Checking image 2 crop y2 3350
1605638976079353154 : Checking image 1 dpi 300
1605638976079472553 : Checking image 1 border top 5
1605638976079502049 : Checking image 1 border bottom 5
1605638976079528470 : Checking image 1 border left 27
1605638976079554309 : Checking image 1 border right 27
1605638976085076530 : Checking image 2 dpi 300
1605638976085200213 : Checking image 2 border top 195
1605638976085229640 : Checking image 2 border bottom 159
1605638976085255598 : Checking image 2 border left 188
1605638976085281514 : Checking image 2 border right 188

</system-out><system-err>--------------------------------- Captured Err ---------------------------------

</system-err></testcase></testsuite></testsuites>