<?xml version="1.0" encoding="utf-8"?><testsuites><testsuite errors="0" failures="0" hostname="fv-az105-423" name="pytest" skipped="0" tests="36" time="1019.559" timestamp="2020-12-27T21:27:40.831351"><testcase classname="tests.test_features" name="test_mock_stop_at_0" time="0.055"><system-out>--------------------------------- Captured Log ---------------------------------

--------------------------------- Captured Out ---------------------------------
/home/runner/work/ocr-book/ocr-book/tests/0001_0.png

</system-out><system-err>--------------------------------- Captured Err ---------------------------------

</system-err></testcase><testcase classname="tests.test_features" name="test_disabled_enable_debug" time="50.406"><system-out>--------------------------------- Captured Log ---------------------------------

--------------------------------- Captured Out ---------------------------------
/home/runner/work/ocr-book/ocr-book/tests/0001_debug.png
separation double page angle 90.5528088189967
separation double page y=0 2485
page rotation 1 0.75
page rotation 2 0.2
image 1 crop x1 330
image 1 crop y1 336
image 1 crop x2 2343
image 1 crop y2 3223
image 2 crop x1 169
image 2 crop y1 648
image 2 crop x2 2186
image 2 crop y2 3361
image 1 dpi 300
image 1 border top 333
image 1 border bottom 266
image 1 border left 223
image 1 border right 223
image 2 dpi 300
image 2 border top 643
image 2 border bottom 131
image 2 border left 221
image 2 border right 221

</system-out><system-err>--------------------------------- Captured Err ---------------------------------

</system-err></testcase><testcase classname="tests.test_features" name="test_mock_stop_at_2" time="44.565"><system-out>--------------------------------- Captured Log ---------------------------------

--------------------------------- Captured Out ---------------------------------
/home/runner/work/ocr-book/ocr-book/tests/0001_2.png
separation double page angle 90.5528088189967
separation double page y=0 2485
page rotation 1 0.75
page rotation 2 0.2

</system-out><system-err>--------------------------------- Captured Err ---------------------------------

</system-err></testcase><testcase classname="tests.test_features" name="test_mock_stop_at_4" time="48.384"><system-out>--------------------------------- Captured Log ---------------------------------

--------------------------------- Captured Out ---------------------------------
/home/runner/work/ocr-book/ocr-book/tests/0001_4.png
separation double page angle 90.5528088189967
separation double page y=0 2485
page rotation 1 0.75
page rotation 2 0.2
image 1 crop x1 330
image 1 crop y1 336
image 1 crop x2 2343
image 1 crop y2 3223
image 2 crop x1 169
image 2 crop y1 648
image 2 crop x2 2186
image 2 crop y2 3361
image 1 dpi 300
image 1 border top 333
image 1 border bottom 266
image 1 border left 223
image 1 border right 223
image 2 dpi 300
image 2 border top 643
image 2 border bottom 131
image 2 border left 221
image 2 border right 221

</system-out><system-err>--------------------------------- Captured Err ---------------------------------

</system-err></testcase><testcase classname="tests.test_features" name="test_mock_stop_at_1" time="28.748"><system-out>--------------------------------- Captured Log ---------------------------------

--------------------------------- Captured Out ---------------------------------
/home/runner/work/ocr-book/ocr-book/tests/0001_1.png
separation double page angle 90.5528088189967
separation double page y=0 2485

</system-out><system-err>--------------------------------- Captured Err ---------------------------------

</system-err></testcase><testcase classname="tests.test_features" name="test_mock_stop_at_3" time="47.650"><system-out>--------------------------------- Captured Log ---------------------------------

--------------------------------- Captured Out ---------------------------------
/home/runner/work/ocr-book/ocr-book/tests/0001_3.png
separation double page angle 90.5528088189967
separation double page y=0 2485
page rotation 1 0.75
page rotation 2 0.2
image 1 crop x1 330
image 1 crop y1 336
image 1 crop x2 2343
image 1 crop y2 3223
image 2 crop x1 169
image 2 crop y1 648
image 2 crop x2 2186
image 2 crop y2 3361

</system-out><system-err>--------------------------------- Captured Err ---------------------------------

</system-err></testcase><testcase classname="tests.test_images" name="test_0001_png" time="59.528"><system-out>--------------------------------- Captured Log ---------------------------------

--------------------------------- Captured Out ---------------------------------
/home/runner/work/ocr-book/ocr-book/tests/0001.png
1609104589893032657 : Checking separation double page angle 90.5528088189967
1609104589893152358 : Checking separation double page y=0 2485
1609104597884411149 : Checking page rotation 1 0.75
1609104607583243390 : Checking page rotation 2 0.2
1609104611026750533 : Checking image 1 crop x1 330
1609104611026897534 : Checking image 1 crop y1 336
1609104611026939835 : Checking image 1 crop x2 2343
1609104611026976135 : Checking image 1 crop y2 3223
1609104614466781204 : Checking image 2 crop x1 169
1609104614466916204 : Checking image 2 crop y1 648
1609104614466958604 : Checking image 2 crop x2 2186
1609104614466994904 : Checking image 2 crop y2 3361
1609104614503318257 : Checking image 1 dpi 300
1609104614503434257 : Checking image 1 border top 333
1609104614503474857 : Checking image 1 border bottom 266
1609104614503509857 : Checking image 1 border left 223
1609104614503543957 : Checking image 1 border right 223
1609104614505694354 : Checking image 2 dpi 300
1609104614505779254 : Checking image 2 border top 643
1609104614505814854 : Checking image 2 border bottom 131
1609104614505848654 : Checking image 2 border left 221
1609104614505882654 : Checking image 2 border right 221

</system-out><system-err>--------------------------------- Captured Err ---------------------------------

</system-err></testcase><testcase classname="tests.test_features" name="test_mock_stop_at_5" time="48.897"><system-out>--------------------------------- Captured Log ---------------------------------

--------------------------------- Captured Out ---------------------------------
/home/runner/work/ocr-book/ocr-book/tests/0001_5.png
separation double page angle 90.5528088189967
separation double page y=0 2485
page rotation 1 0.75
page rotation 2 0.2
image 1 crop x1 330
image 1 crop y1 336
image 1 crop x2 2343
image 1 crop y2 3223
image 2 crop x1 169
image 2 crop y1 648
image 2 crop x2 2186
image 2 crop y2 3361
image 1 dpi 300
image 1 border top 333
image 1 border bottom 266
image 1 border left 223
image 1 border right 223
image 2 dpi 300
image 2 border top 643
image 2 border bottom 131
image 2 border left 221
image 2 border right 221

</system-out><system-err>--------------------------------- Captured Err ---------------------------------

</system-err></testcase><testcase classname="tests.test_images" name="test_black_border_not_removed_png" time="66.574"><system-out>--------------------------------- Captured Log ---------------------------------

--------------------------------- Captured Out ---------------------------------
/home/runner/work/ocr-book/ocr-book/tests/black-border-not-removed.png
1609104651557595625 : Checking separation double page angle 90.033171103531
1609104651557703526 : Checking separation double page y=0 2455
1609104659526477958 : Checking page rotation 1 0.0
1609104671382951724 : Checking page rotation 2 0.0
1609104675780365411 : Checking image 1 crop x1 297
1609104675780507513 : Checking image 1 crop y1 143
1609104675780549314 : Checking image 1 crop x2 2309
1609104675780586214 : Checking image 1 crop y2 3346
1609104681048943163 : Checking image 2 crop x1 159
1609104681049079365 : Checking image 2 crop y1 145
1609104681049120666 : Checking image 2 crop x2 2171
1609104681049159166 : Checking image 2 crop y2 3352
1609104681087504655 : Checking image 1 dpi 300
1609104681087630357 : Checking image 1 border top 132
1609104681087671457 : Checking image 1 border bottom 152
1609104681087706958 : Checking image 1 border left 224
1609104681087741258 : Checking image 1 border right 224
1609104681089594382 : Checking image 2 dpi 300
1609104681089676783 : Checking image 2 border top 132
1609104681089712383 : Checking image 2 border bottom 148
1609104681089745884 : Checking image 2 border left 224
1609104681089779284 : Checking image 2 border right 224

</system-out><system-err>--------------------------------- Captured Err ---------------------------------

</system-err></testcase><testcase classname="tests.test_images" name="test_2_pages_2_contours_png" time="38.305"><system-out>--------------------------------- Captured Log ---------------------------------

--------------------------------- Captured Out ---------------------------------
/home/runner/work/ocr-book/ocr-book/tests/2-pages-2-contours.png
1609104661011819301 : Checking separation double page angle 90.09036871657068
1609104661011937103 : Checking separation double page y=0 2486
1609104663255281688 : Checking page rotation 1 0.05
1609104670554823983 : Checking page rotation 2 0.30000000000000004
1609104672514721398 : Checking image 1 crop x1 1189
1609104672514838399 : Checking image 1 crop y1 1751
1609104672514877900 : Checking image 1 crop x2 1190
1609104672514911400 : Checking image 1 crop y2 1752
1609104675958390092 : Checking image 2 crop x1 101
1609104675958521094 : Checking image 2 crop y1 240
1609104675958561895 : Checking image 2 crop x2 2148
1609104675958601695 : Checking image 2 crop y2 3239
1609104675998892657 : Checking image 1 dpi 300
1609104675998999558 : Checking image 1 border top 1752
1609104675999038259 : Checking image 1 border bottom 1753
1609104675999072559 : Checking image 1 border left 1239
1609104675999106560 : Checking image 1 border right 1239
1609104676000485579 : Checking image 2 dpi 300
1609104676000575480 : Checking image 2 border top 230
1609104676000612481 : Checking image 2 border bottom 258
1609104676000651181 : Checking image 2 border left 206
1609104676000685082 : Checking image 2 border right 206

</system-out><system-err>--------------------------------- Captured Err ---------------------------------

</system-err></testcase><testcase classname="tests.test_images" name="test_wrong_split_line_png" time="45.894"><system-out>--------------------------------- Captured Log ---------------------------------

--------------------------------- Captured Out ---------------------------------
/home/runner/work/ocr-book/ocr-book/tests/wrong_split_line.png
1609104703867615050 : Checking separation double page angle 89.93395720607973
1609104703867724852 : Checking separation double page y=0 2465
1609104709841557084 : Checking page rotation 1 -0.14999999999999067
1609104716531365536 : Checking page rotation 2 0.5
1609104719104661480 : Checking image 1 crop x1 213
1609104719104795981 : Checking image 1 crop y1 157
1609104719104837682 : Checking image 1 crop x2 2323
1609104719104877982 : Checking image 1 crop y2 3362
1609104721851465714 : Checking image 2 crop x1 125
1609104721851597016 : Checking image 2 crop y1 165
1609104721851638317 : Checking image 2 crop x2 2237
1609104721851679317 : Checking image 2 crop y2 3374
1609104721889360102 : Checking image 1 dpi 300
1609104721889478703 : Checking image 1 border top 134
1609104721889518004 : Checking image 1 border bottom 148
1609104721889553304 : Checking image 1 border left 175
1609104721889587905 : Checking image 1 border right 175
1609104721891497629 : Checking image 2 dpi 300
1609104721891580830 : Checking image 2 border top 143
1609104721891617431 : Checking image 2 border bottom 135
1609104721891652031 : Checking image 2 border left 174
1609104721891686332 : Checking image 2 border right 174

</system-out><system-err>--------------------------------- Captured Err ---------------------------------

</system-err></testcase><testcase classname="tests.test_images" name="test_image_failed_to_rotate_png" time="66.251"><system-out>--------------------------------- Captured Log ---------------------------------

--------------------------------- Captured Out ---------------------------------
/home/runner/work/ocr-book/ocr-book/tests/image_failed_to_rotate.png
1609104716050671019 : Checking separation double page angle 90.13063640287984
1609104716050784420 : Checking separation double page y=0 2479
1609104721482977774 : Checking page rotation 1 0.35
1609104730323739290 : Checking page rotation 2 0.45
1609104742488093100 : Checking image 1 crop x1 34
1609104742488258802 : Checking image 1 crop y1 1
1609104742488301702 : Checking image 1 crop x2 2477
1609104742488339803 : Checking image 1 crop y2 3500
1609104747185187057 : Checking image 2 crop x1 167
1609104747185326759 : Checking image 2 crop y1 234
1609104747185368259 : Checking image 2 crop x2 2246
1609104747185407460 : Checking image 2 crop y2 3355
1609104747230372538 : Checking image 1 dpi 300
1609104747230497840 : Checking image 1 border top 4
1609104747230541140 : Checking image 1 border bottom 4
1609104747230576141 : Checking image 1 border left 19
1609104747230610441 : Checking image 1 border right 19
1609104747233122474 : Checking image 2 dpi 300
1609104747233225175 : Checking image 2 border top 218
1609104747233261575 : Checking image 2 border bottom 148
1609104747233295576 : Checking image 2 border left 190
1609104747233329376 : Checking image 2 border right 190

</system-out><system-err>--------------------------------- Captured Err ---------------------------------

</system-err></testcase><testcase classname="tests.test_images" name="test_crop_too_much_png" time="82.405"><system-out>--------------------------------- Captured Log ---------------------------------

--------------------------------- Captured Out ---------------------------------
/home/runner/work/ocr-book/ocr-book/tests/crop_too_much.png
1609104768017696930 : Checking separation double page angle 90.13239409272954
1609104768017807931 : Checking separation double page y=0 2455
1609104781227032763 : Checking page rotation 1 0.0
1609104794972882579 : Checking page rotation 2 0.45
1609104799587723298 : Checking image 1 crop x1 303
1609104799587858300 : Checking image 1 crop y1 148
1609104799587898800 : Checking image 1 crop x2 2313
1609104799587936701 : Checking image 1 crop y2 3351
1609104804227331160 : Checking image 2 crop x1 168
1609104804227463461 : Checking image 2 crop y1 155
1609104804227504462 : Checking image 2 crop x2 2179
1609104804227545162 : Checking image 2 crop y2 3359
1609104804278166918 : Checking image 1 dpi 300
1609104804278283919 : Checking image 1 border top 132
1609104804278323920 : Checking image 1 border bottom 152
1609104804278359120 : Checking image 1 border left 225
1609104804278393721 : Checking image 1 border right 225
1609104804280301745 : Checking image 2 dpi 300
1609104804280384946 : Checking image 2 border top 140
1609104804280421647 : Checking image 2 border bottom 143
1609104804280455747 : Checking image 2 border left 224
1609104804280489248 : Checking image 2 border right 224

</system-out><system-err>--------------------------------- Captured Err ---------------------------------

</system-err></testcase><testcase classname="tests.test_images" name="test_image_failed_to_crop_data_png" time="64.925"><system-out>--------------------------------- Captured Log ---------------------------------

--------------------------------- Captured Out ---------------------------------
/home/runner/work/ocr-book/ocr-book/tests/image_failed_to_crop_data.png
1609104781436190774 : Checking separation double page angle 90.053197600644
1609104781436307176 : Checking separation double page y=0 2480
1609104787624638481 : Checking page rotation 1 0.2
1609104794362572593 : Checking page rotation 2 0.0
1609104807957594189 : Checking image 1 crop x1 47
1609104807957737991 : Checking image 1 crop y1 7
1609104807957781991 : Checking image 1 crop x2 2478
1609104807957820392 : Checking image 1 crop y2 3502
1609104812163417442 : Checking image 2 crop x1 160
1609104812163561444 : Checking image 2 crop y1 217
1609104812163602245 : Checking image 2 crop x2 2242
1609104812163700946 : Checking image 2 crop y2 3350
1609104812198565098 : Checking image 1 dpi 300
1609104812198692900 : Checking image 1 border top 6
1609104812198738500 : Checking image 1 border bottom 6
1609104812198773701 : Checking image 1 border left 25
1609104812198808201 : Checking image 1 border right 25
1609104812201354234 : Checking image 2 dpi 300
1609104812201453836 : Checking image 2 border top 206
1609104812201490936 : Checking image 2 border bottom 148
1609104812201525137 : Checking image 2 border left 189
1609104812201560537 : Checking image 2 border right 189

</system-out><system-err>--------------------------------- Captured Err ---------------------------------

</system-err></testcase><testcase classname="tests.test_images" name="test_crop_too_few_png" time="48.386"><system-out>--------------------------------- Captured Log ---------------------------------

--------------------------------- Captured Out ---------------------------------
/home/runner/work/ocr-book/ocr-book/tests/crop_too_few.png
1609104832946515142 : Checking separation double page angle 89.54670238452755
1609104832946623643 : Checking separation double page y=0 2512
1609104839880012515 : Checking page rotation 1 -0.6499999999999977
1609104846835198908 : Checking page rotation 2 0.0
1609104849814074361 : Checking image 1 crop x1 263
1609104849814211163 : Checking image 1 crop y1 150
1609104849814251863 : Checking image 1 crop x2 2377
1609104849814290164 : Checking image 1 crop y2 3357
1609104852656254044 : Checking image 2 crop x1 137
1609104852656389746 : Checking image 2 crop y1 141
1609104852656430747 : Checking image 2 crop x2 2259
1609104852656471247 : Checking image 2 crop y2 3345
1609104852691457100 : Checking image 1 dpi 300
1609104852691576102 : Checking image 1 border top 129
1609104852691615402 : Checking image 1 border bottom 150
1609104852691650403 : Checking image 1 border left 173
1609104852691685103 : Checking image 1 border right 173
1609104852693675129 : Checking image 2 dpi 300
1609104852693767630 : Checking image 2 border top 130
1609104852693805930 : Checking image 2 border bottom 153
1609104852693839731 : Checking image 2 border left 169
1609104852693874231 : Checking image 2 border right 169

</system-out><system-err>--------------------------------- Captured Err ---------------------------------

</system-err></testcase><testcase classname="tests.test_images" name="test_wrong_angle_split_line_png" time="73.664"><system-out>--------------------------------- Captured Log ---------------------------------

--------------------------------- Captured Out ---------------------------------
/home/runner/work/ocr-book/ocr-book/tests/wrong_angle_split_line.png
1609104847862772007 : Checking separation double page angle 90.09193420006348
1609104847862882908 : Checking separation double page y=0 2478
1609104856325766073 : Checking page rotation 1 0.05
1609104865930572260 : Checking page rotation 2 0.0
1609104879901360138 : Checking image 1 crop x1 58
1609104879901506140 : Checking image 1 crop y1 7
1609104879901547640 : Checking image 1 crop x2 2472
1609104879901585741 : Checking image 1 crop y2 3505
1609104884959642812 : Checking image 2 crop x1 163
1609104884959786414 : Checking image 2 crop y1 217
1609104884959827715 : Checking image 2 crop x2 2246
1609104884959866015 : Checking image 2 crop y2 3350
1609104885134612274 : Checking image 1 dpi 300
1609104885134744975 : Checking image 1 border top 5
1609104885134788276 : Checking image 1 border bottom 5
1609104885134823076 : Checking image 1 border left 33
1609104885134857077 : Checking image 1 border right 33
1609104885146087622 : Checking image 2 dpi 300
1609104885146209823 : Checking image 2 border top 206
1609104885146247224 : Checking image 2 border bottom 148
1609104885146281824 : Checking image 2 border left 188
1609104885146315625 : Checking image 2 border right 188

</system-out><system-err>--------------------------------- Captured Err ---------------------------------

</system-err></testcase><testcase classname="tests.test_images" name="test_crop_too_much_2_png" time="91.339"><system-out>--------------------------------- Captured Log ---------------------------------

--------------------------------- Captured Out ---------------------------------
/home/runner/work/ocr-book/ocr-book/tests/crop_too_much_2.png
1609104905225358616 : Checking separation double page angle 90.1149074900787
1609104905225465718 : Checking separation double page y=0 2478
1609104918231543106 : Checking page rotation 1 0.2
1609104933747815453 : Checking page rotation 2 0.2
1609104938205601263 : Checking image 1 crop x1 332
1609104938205737665 : Checking image 1 crop y1 131
1609104938205778365 : Checking image 1 crop x2 2342
1609104938205822666 : Checking image 1 crop y2 3336
1609104943940530469 : Checking image 2 crop x1 162
1609104943940667270 : Checking image 2 crop y1 139
1609104943940708271 : Checking image 2 crop x2 2175
1609104943940748171 : Checking image 2 crop y2 3345
1609104943996954697 : Checking image 1 dpi 300
1609104943997071399 : Checking image 1 border top 119
1609104943997110199 : Checking image 1 border bottom 163
1609104943997144900 : Checking image 1 border left 225
1609104943997179300 : Checking image 1 border right 225
1609104943998943923 : Checking image 2 dpi 300
1609104943999024224 : Checking image 2 border top 130
1609104943999060224 : Checking image 2 border bottom 151
1609104943999094525 : Checking image 2 border left 223
1609104943999128425 : Checking image 2 border right 223

</system-out><system-err>--------------------------------- Captured Err ---------------------------------

</system-err></testcase><testcase classname="tests.test_images" name="test_angle_page_lower_split_line_png" time="58.523"><system-out>--------------------------------- Captured Log ---------------------------------

--------------------------------- Captured Out ---------------------------------
/home/runner/work/ocr-book/ocr-book/tests/angle_page_lower_split_line.png
1609104919889963662 : Checking separation double page angle 89.74927707086691
1609104919890074864 : Checking separation double page y=0 2474
1609104930045235525 : Checking page rotation 1 -0.4000000000000005
1609104937702559861 : Checking page rotation 2 0.2
1609104941045393867 : Checking image 1 crop x1 244
1609104941045536069 : Checking image 1 crop y1 160
1609104941045577370 : Checking image 1 crop x2 2350
1609104941045615670 : Checking image 1 crop y2 3365
1609104944420135161 : Checking image 2 crop x1 150
1609104944420314564 : Checking image 2 crop y1 147
1609104944420356264 : Checking image 2 crop x2 2257
1609104944420394665 : Checking image 2 crop y2 3350
1609104944460055477 : Checking image 1 dpi 300
1609104944460208579 : Checking image 1 border top 144
1609104944460252579 : Checking image 1 border bottom 138
1609104944460288480 : Checking image 1 border left 177
1609104944460323280 : Checking image 1 border right 177
1609104944462952814 : Checking image 2 dpi 300
1609104944463039215 : Checking image 2 border top 130
1609104944463075216 : Checking image 2 border bottom 154
1609104944463109816 : Checking image 2 border left 176
1609104944463143917 : Checking image 2 border right 176

</system-out><system-err>--------------------------------- Captured Err ---------------------------------

</system-err></testcase><testcase classname="tests.test_images" name="test_wrong_split_line_2_png" time="89.897"><system-out>--------------------------------- Captured Log ---------------------------------

--------------------------------- Captured Out ---------------------------------
/home/runner/work/ocr-book/ocr-book/tests/wrong_split_line_2.png
1609104991518255898 : Checking separation double page angle 90.19944704411863
1609104991518366400 : Checking separation double page y=0 2437
1609105005278970672 : Checking page rotation 1 0.2
1609105020084509416 : Checking page rotation 2 0.4
1609105025953903617 : Checking image 1 crop x1 294
1609105025954038019 : Checking image 1 crop y1 136
1609105025954077520 : Checking image 1 crop x2 2325
1609105025954116820 : Checking image 1 crop y2 3376
1609105033859002342 : Checking image 2 crop x1 140
1609105033859138844 : Checking image 2 crop y1 192
1609105033859179244 : Checking image 2 crop x2 2167
1609105033859219745 : Checking image 2 crop y2 3386
1609105033910443308 : Checking image 1 dpi 300
1609105033910570110 : Checking image 1 border top 131
1609105033910609910 : Checking image 1 border bottom 116
1609105033910645311 : Checking image 1 border left 214
1609105033910680311 : Checking image 1 border right 214
1609105033912539135 : Checking image 2 dpi 300
1609105033912627736 : Checking image 2 border top 183
1609105033912664037 : Checking image 2 border bottom 110
1609105033912698237 : Checking image 2 border left 216
1609105033912732338 : Checking image 2 border right 216

</system-out><system-err>--------------------------------- Captured Err ---------------------------------

</system-err></testcase><testcase classname="tests.test_images" name="test_wrong_wave_split_line_png" time="84.688"><system-out>--------------------------------- Captured Log ---------------------------------

--------------------------------- Captured Out ---------------------------------
/home/runner/work/ocr-book/ocr-book/tests/wrong_wave_split_line.png
1609104989424133920 : Checking separation double page angle 90.37878604107719
1609104989424283221 : Checking separation double page y=0 2500
1609105002086633700 : Checking page rotation 1 -0.14999999999999067
1609105013954329334 : Checking page rotation 2 0.85
1609105021102490298 : Checking image 1 crop x1 385
1609105021102630600 : Checking image 1 crop y1 179
1609105021102671700 : Checking image 1 crop x2 2411
1609105021102708001 : Checking image 1 crop y2 3374
1609105029079797598 : Checking image 2 crop x1 8
1609105029079935700 : Checking image 2 crop y1 0
1609105029079976500 : Checking image 2 crop x2 2415
1609105029080014601 : Checking image 2 crop y2 3505
1609105029136173526 : Checking image 1 dpi 300
1609105029136300328 : Checking image 1 border top 173
1609105029136341728 : Checking image 1 border bottom 119
1609105029136377929 : Checking image 1 border left 217
1609105029136412329 : Checking image 1 border right 217
1609105029139032763 : Checking image 2 dpi 300
1609105029139135064 : Checking image 2 border top 1
1609105029139174565 : Checking image 2 border bottom 1
1609105029139208265 : Checking image 2 border left 37
1609105029139241866 : Checking image 2 border right 37

</system-out><system-err>--------------------------------- Captured Err ---------------------------------

</system-err></testcase><testcase classname="tests.test_images" name="test_no_split_line_line_algo_png" time="55.799"><system-out>--------------------------------- Captured Log ---------------------------------

--------------------------------- Captured Out ---------------------------------
/home/runner/work/ocr-book/ocr-book/tests/no_split_line_line_algo.png
1609105061108275767 : Checking separation double page angle 89.47691469185418
1609105061108384168 : Checking separation double page y=0 2476
1609105067177518870 : Checking page rotation 1 -0.14999999999999067
1609105078102045017 : Checking page rotation 2 -0.44999999999999746
1609105080748178755 : Checking image 1 crop x1 205
1609105080748325357 : Checking image 1 crop y1 158
1609105080748367057 : Checking image 1 crop x2 2320
1609105080748405458 : Checking image 1 crop y2 3366
1609105084903108910 : Checking image 2 crop x1 185
1609105084903252912 : Checking image 2 crop y1 221
1609105084903294513 : Checking image 2 crop x2 2201
1609105084903332113 : Checking image 2 crop y2 3366
1609105084948902703 : Checking image 1 dpi 300
1609105084949028604 : Checking image 1 border top 144
1609105084949069305 : Checking image 1 border bottom 134
1609105084949104305 : Checking image 1 border left 172
1609105084949138206 : Checking image 1 border right 172
1609105084951714839 : Checking image 2 dpi 300
1609105084951801040 : Checking image 2 border top 219
1609105084951837041 : Checking image 2 border bottom 123
1609105084951871141 : Checking image 2 border left 222
1609105084951904841 : Checking image 2 border right 222

</system-out><system-err>--------------------------------- Captured Err ---------------------------------

</system-err></testcase><testcase classname="tests.test_images" name="test_small_wave_png" time="78.008"><system-out>--------------------------------- Captured Log ---------------------------------

--------------------------------- Captured Out ---------------------------------
/home/runner/work/ocr-book/ocr-book/tests/small_wave.png
1609105083171412106 : Checking separation double page angle 90.58816928841564
1609105083171521607 : Checking separation double page y=0 2497
1609105094844778554 : Checking page rotation 1 0.65
1609105105685028608 : Checking page rotation 2 0.75
1609105108820939052 : Checking image 1 crop x1 320
1609105108821074854 : Checking image 1 crop y1 199
1609105108821116155 : Checking image 1 crop x2 2353
1609105108821154555 : Checking image 1 crop y2 3394
1609105111875892656 : Checking image 2 crop x1 132
1609105111876020658 : Checking image 2 crop y1 224
1609105111876062058 : Checking image 2 crop x2 2160
1609105111876104059 : Checking image 2 crop y2 3419
1609105111919500820 : Checking image 1 dpi 300
1609105111919616621 : Checking image 1 border top 179
1609105111919656422 : Checking image 1 border bottom 112
1609105111919691422 : Checking image 1 border left 213
1609105111919725823 : Checking image 1 border right 213
1609105111921489746 : Checking image 2 dpi 300
1609105111921577547 : Checking image 2 border top 197
1609105111921613947 : Checking image 2 border bottom 95
1609105111921648048 : Checking image 2 border left 216
1609105111921681648 : Checking image 2 border right 216

</system-out><system-err>--------------------------------- Captured Err ---------------------------------

</system-err></testcase><testcase classname="tests.test_images" name="test_failed_split_line_line_algo_png" time="28.774"><system-out>--------------------------------- Captured Log ---------------------------------

--------------------------------- Captured Out ---------------------------------
/home/runner/work/ocr-book/ocr-book/tests/failed_split_line_line_algo.png
1609105103761182134 : Checking separation double page angle 90.04134220573248
1609105103761292736 : Checking separation double page y=0 2573
1609105107398717264 : Checking page rotation 1 -0.14999999999999067
1609105109742313765 : Checking page rotation 2 0.0
1609105112109365776 : Checking image 1 crop x1 407
1609105112109510678 : Checking image 1 crop y1 2925
1609105112109552878 : Checking image 1 crop x2 2419
1609105112109589879 : Checking image 1 crop y2 3174
1609105113759389318 : Checking image 2 crop x1 1184
1609105113759521619 : Checking image 2 crop y1 1748
1609105113759559720 : Checking image 2 crop x2 1185
1609105113759593520 : Checking image 2 crop y2 1749
1609105113759890124 : Checking image 1 dpi 300
1609105113759981425 : Checking image 1 border top 2922
1609105113760020026 : Checking image 1 border bottom 316
1609105113760054626 : Checking image 1 border left 224
1609105113760088627 : Checking image 1 border right 224
1609105113761841549 : Checking image 2 dpi 300
1609105113761930350 : Checking image 2 border top 1752
1609105113761966051 : Checking image 2 border bottom 1753
1609105113762000051 : Checking image 2 border left 1239
1609105113762034152 : Checking image 2 border right 1239

</system-out><system-err>--------------------------------- Captured Err ---------------------------------

</system-err></testcase><testcase classname="tests.test_images" name="test_wrong_split_line_3_png" time="63.618"><system-out>--------------------------------- Captured Log ---------------------------------

--------------------------------- Captured Out ---------------------------------
/home/runner/work/ocr-book/ocr-book/tests/wrong_split_line_3.png
1609105149025360278 : Checking separation double page angle 90.43729500214694
1609105149025471779 : Checking separation double page y=0 2498
1609105159931333944 : Checking page rotation 1 0.30000000000000004
1609105168749004488 : Checking page rotation 2 0.9
1609105172406110403 : Checking image 1 crop x1 331
1609105172406244704 : Checking image 1 crop y1 165
1609105172406284005 : Checking image 1 crop x2 2375
1609105172406323205 : Checking image 1 crop y2 3376
1609105175518463856 : Checking image 2 crop x1 102
1609105175518598058 : Checking image 2 crop y1 208
1609105175518638958 : Checking image 2 crop x2 2133
1609105175518678759 : Checking image 2 crop y2 3413
1609105175559217583 : Checking image 1 dpi 300
1609105175559332884 : Checking image 1 border top 157
1609105175559371785 : Checking image 1 border bottom 119
1609105175559406085 : Checking image 1 border left 208
1609105175559440086 : Checking image 1 border right 208
1609105175561240309 : Checking image 2 dpi 300
1609105175561326310 : Checking image 2 border top 187
1609105175561361710 : Checking image 2 border bottom 95
1609105175561395411 : Checking image 2 border left 214
1609105175561429011 : Checking image 2 border right 214

</system-out><system-err>--------------------------------- Captured Err ---------------------------------

</system-err></testcase><testcase classname="tests.test_images" name="test_failed_split_line_line_algo_2_png" time="72.329"><system-out>--------------------------------- Captured Log ---------------------------------

--------------------------------- Captured Out ---------------------------------
/home/runner/work/ocr-book/ocr-book/tests/failed_split_line_line_algo_2.png
1609105155833356163 : Checking separation double page angle 90.03068774449687
1609105155833469464 : Checking separation double page y=0 2500
1609105169251471489 : Checking page rotation 1 0.0
1609105179545866786 : Checking page rotation 2 0.6000000000000001
1609105182734114975 : Checking image 1 crop x1 272
1609105182734260877 : Checking image 1 crop y1 149
1609105182734302078 : Checking image 1 crop x2 2383
1609105182734338178 : Checking image 1 crop y2 3353
1609105186015750464 : Checking image 2 crop x1 121
1609105186015896666 : Checking image 2 crop y1 155
1609105186015937366 : Checking image 2 crop x2 2244
1609105186015975767 : Checking image 2 crop y2 3350
1609105186061251450 : Checking image 1 dpi 300
1609105186061381152 : Checking image 1 border top 138
1609105186061422853 : Checking image 1 border bottom 145
1609105186061458253 : Checking image 1 border left 174
1609105186061492353 : Checking image 1 border right 174
1609105186063409178 : Checking image 2 dpi 300
1609105186063495079 : Checking image 2 border top 136
1609105186063531080 : Checking image 2 border bottom 156
1609105186063564880 : Checking image 2 border left 168
1609105186063598281 : Checking image 2 border right 168

</system-out><system-err>--------------------------------- Captured Err ---------------------------------

</system-err></testcase><testcase classname="tests.test_images" name="test_crop_too_much_3_png" time="72.246"><system-out>--------------------------------- Captured Log ---------------------------------

--------------------------------- Captured Out ---------------------------------
/home/runner/work/ocr-book/ocr-book/tests/crop_too_much_3.png
1609105216597500699 : Checking separation double page angle 89.49330634783144
1609105216597613001 : Checking separation double page y=0 2498
1609105225853803903 : Checking page rotation 1 -0.8999999999999949
1609105239346023676 : Checking page rotation 2 -0.14999999999999067
1609105243307650754 : Checking image 1 crop x1 374
1609105243307783256 : Checking image 1 crop y1 258
1609105243307823856 : Checking image 1 crop x2 2385
1609105243307861557 : Checking image 1 crop y2 3459
1609105247749252224 : Checking image 2 crop x1 168
1609105247749390225 : Checking image 2 crop y1 228
1609105247749431126 : Checking image 2 crop x2 2181
1609105247749471626 : Checking image 2 crop y2 3417
1609105247800026579 : Checking image 1 dpi 300
1609105247800176481 : Checking image 1 border top 239
1609105247800217881 : Checking image 1 border bottom 47
1609105247800253082 : Checking image 1 border left 224
1609105247800287082 : Checking image 1 border right 224
1609105247802084006 : Checking image 2 dpi 300
1609105247802167307 : Checking image 2 border top 209
1609105247802203207 : Checking image 2 border bottom 89
1609105247802237008 : Checking image 2 border left 223
1609105247802270608 : Checking image 2 border right 223

</system-out><system-err>--------------------------------- Captured Err ---------------------------------

</system-err></testcase><testcase classname="tests.test_images" name="test_wrong_wave_split_line_2_png" time="76.527"><system-out>--------------------------------- Captured Log ---------------------------------

--------------------------------- Captured Out ---------------------------------
/home/runner/work/ocr-book/ocr-book/tests/wrong_wave_split_line_2.png
1609105229131361707 : Checking separation double page angle 90.7708958311329
1609105229131478408 : Checking separation double page y=0 2490
1609105239531810776 : Checking page rotation 1 0.4
1609105252213833549 : Checking page rotation 2 1.8
1609105255864066867 : Checking image 1 crop x1 224
1609105255864241870 : Checking image 1 crop y1 147
1609105255864282470 : Checking image 1 crop x2 2337
1609105255864320571 : Checking image 1 crop y2 3355
1609105262532244766 : Checking image 2 crop x1 107
1609105262532389068 : Checking image 2 crop y1 197
1609105262532429668 : Checking image 2 crop x2 2229
1609105262532468169 : Checking image 2 crop y2 3396
1609105262584280238 : Checking image 1 dpi 300
1609105262584411639 : Checking image 1 border top 137
1609105262584452240 : Checking image 1 border bottom 142
1609105262584486940 : Checking image 1 border left 173
1609105262584521041 : Checking image 1 border right 173
1609105262586780170 : Checking image 2 dpi 300
1609105262586861571 : Checking image 2 border top 171
1609105262586896971 : Checking image 2 border bottom 116
1609105262586930572 : Checking image 2 border left 169
1609105262586963972 : Checking image 2 border right 169

</system-out><system-err>--------------------------------- Captured Err ---------------------------------

</system-err></testcase><testcase classname="tests.test_images" name="test_wrong_wave_split_line_3_png" time="65.373"><system-out>--------------------------------- Captured Log ---------------------------------

--------------------------------- Captured Out ---------------------------------
/home/runner/work/ocr-book/ocr-book/tests/wrong_wave_split_line_3.png
1609105287984976763 : Checking separation double page angle 90.05826063695574
1609105287985090665 : Checking separation double page y=0 2514
1609105298586886013 : Checking page rotation 1 0.05
1609105306533551654 : Checking page rotation 2 0.30000000000000004
1609105310061782561 : Checking image 1 crop x1 273
1609105310061912763 : Checking image 1 crop y1 220
1609105310061965064 : Checking image 1 crop x2 2383
1609105310062002164 : Checking image 1 crop y2 3423
1609105313145238953 : Checking image 2 crop x1 114
1609105313145378155 : Checking image 2 crop y1 226
1609105313145419255 : Checking image 2 crop x2 2237
1609105313145460056 : Checking image 2 crop y2 3414
1609105313187188996 : Checking image 1 dpi 300
1609105313187310697 : Checking image 1 border top 202
1609105313187350198 : Checking image 1 border bottom 82
1609105313187384798 : Checking image 1 border left 175
1609105313187419699 : Checking image 1 border right 175
1609105313189323423 : Checking image 2 dpi 300
1609105313189413824 : Checking image 2 border top 207
1609105313189449625 : Checking image 2 border bottom 92
1609105313189483725 : Checking image 2 border left 168
1609105313189517426 : Checking image 2 border right 168

</system-out><system-err>--------------------------------- Captured Err ---------------------------------

</system-err></testcase><testcase classname="tests.test_images" name="test_no_split_line_wave_algo_png" time="73.822"><system-out>--------------------------------- Captured Log ---------------------------------

--------------------------------- Captured Out ---------------------------------
/home/runner/work/ocr-book/ocr-book/tests/no_split_line_wave_algo.png
1609105299817421825 : Checking separation double page angle 89.72500000000001
1609105299817535327 : Checking separation double page y=0 2484
1609105306722471096 : Checking page rotation 1 0.0
1609105317309185643 : Checking page rotation 2 -0.49999999999999434
1609105328558160759 : Checking image 1 crop x1 97
1609105328558247960 : Checking image 1 crop y1 79
1609105328558286361 : Checking image 1 crop x2 2494
1609105328558322761 : Checking image 1 crop y2 3505
1609105336324209942 : Checking image 2 crop x1 163
1609105336324347343 : Checking image 2 crop y1 266
1609105336324389544 : Checking image 2 crop x2 2238
1609105336324426044 : Checking image 2 crop y2 3381
1609105336368790218 : Checking image 1 dpi 300
1609105336368916920 : Checking image 1 border top 41
1609105336368957820 : Checking image 1 border bottom 41
1609105336368993221 : Checking image 1 border left 42
1609105336369027721 : Checking image 1 border right 42
1609105336371102248 : Checking image 2 dpi 300
1609105336371183549 : Checking image 2 border top 258
1609105336371219350 : Checking image 2 border bottom 114
1609105336371253050 : Checking image 2 border left 192
1609105336371286651 : Checking image 2 border right 192

</system-out><system-err>--------------------------------- Captured Err ---------------------------------

</system-err></testcase><testcase classname="tests.test_images" name="test_no_split_line_wave_algo_2_png" time="57.120"><system-out>--------------------------------- Captured Log ---------------------------------

--------------------------------- Captured Out ---------------------------------
/home/runner/work/ocr-book/ocr-book/tests/no_split_line_wave_algo_2.png
1609105346390395332 : Checking separation double page angle 90.54999999999998
1609105346390514634 : Checking separation double page y=0 2478
1609105355239315188 : Checking page rotation 1 1.1500000000000001
1609105364018323846 : Checking page rotation 2 0.2
1609105367235507860 : Checking image 1 crop x1 266
1609105367235645962 : Checking image 1 crop y1 209
1609105367235686962 : Checking image 1 crop x2 2342
1609105367235725363 : Checking image 1 crop y2 3413
1609105370270334519 : Checking image 2 crop x1 168
1609105370270470321 : Checking image 2 crop y1 241
1609105370270511421 : Checking image 2 crop x2 2251
1609105370270551522 : Checking image 2 crop y2 3433
1609105370312940670 : Checking image 1 dpi 300
1609105370313063272 : Checking image 1 border top 191
1609105370313103972 : Checking image 1 border bottom 92
1609105370313138973 : Checking image 1 border left 192
1609105370313173273 : Checking image 1 border right 192
1609105370314956196 : Checking image 2 dpi 300
1609105370315035997 : Checking image 2 border top 224
1609105370315071298 : Checking image 2 border bottom 71
1609105370315105498 : Checking image 2 border left 188
1609105370315143199 : Checking image 2 border right 188

</system-out><system-err>--------------------------------- Captured Err ---------------------------------

</system-err></testcase><testcase classname="tests.test_images" name="test_crop_too_few_2_png" time="52.759"><system-out>--------------------------------- Captured Log ---------------------------------

--------------------------------- Captured Out ---------------------------------
/home/runner/work/ocr-book/ocr-book/tests/crop_too_few_2.png
1609105367346974202 : Checking separation double page angle 90.30476192320097
1609105367347086603 : Checking separation double page y=0 2531
1609105375207544085 : Checking page rotation 1 1.2000000000000002
1609105382167898134 : Checking page rotation 2 -0.04999999999999689
1609105385490605701 : Checking image 1 crop x1 287
1609105385490746603 : Checking image 1 crop y1 165
1609105385490785404 : Checking image 1 crop x2 2398
1609105385490821804 : Checking image 1 crop y2 3368
1609105389154572641 : Checking image 2 crop x1 149
1609105389154719843 : Checking image 2 crop y1 189
1609105389154759244 : Checking image 2 crop x2 2273
1609105389154797544 : Checking image 2 crop y2 3386
1609105389194005150 : Checking image 1 dpi 300
1609105389194135451 : Checking image 1 border top 157
1609105389194175052 : Checking image 1 border bottom 127
1609105389194210752 : Checking image 1 border left 174
1609105389194245253 : Checking image 1 border right 174
1609105389196385480 : Checking image 2 dpi 300
1609105389196473782 : Checking image 2 border top 181
1609105389196509582 : Checking image 2 border bottom 109
1609105389196543482 : Checking image 2 border left 168
1609105389196577483 : Checking image 2 border right 168

</system-out><system-err>--------------------------------- Captured Err ---------------------------------

</system-err></testcase><testcase classname="tests.test_images" name="test_failed_detect_rectangle_png" time="70.579"><system-out>--------------------------------- Captured Log ---------------------------------

--------------------------------- Captured Out ---------------------------------
/home/runner/work/ocr-book/ocr-book/tests/failed_detect_rectangle.png
1609105409291682928 : Checking separation double page angle 90.19837516213148
1609105409291798330 : Checking separation double page y=0 2474
1609105420598077279 : Checking page rotation 1 0.2
1609105434071236861 : Checking page rotation 2 0.2
1609105437401329128 : Checking image 1 crop x1 257
1609105437401462330 : Checking image 1 crop y1 201
1609105437401502430 : Checking image 1 crop x2 2333
1609105437401541031 : Checking image 1 crop y2 3402
1609105440833506092 : Checking image 2 crop x1 136
1609105440833640294 : Checking image 2 crop y1 215
1609105440833680994 : Checking image 2 crop x2 2219
1609105440833721595 : Checking image 2 crop y2 3406
1609105440884298148 : Checking image 1 dpi 300
1609105440884419150 : Checking image 1 border top 188
1609105440884458650 : Checking image 1 border bottom 97
1609105440884493551 : Checking image 1 border left 192
1609105440884527851 : Checking image 1 border right 192
1609105440886321574 : Checking image 2 dpi 300
1609105440886412675 : Checking image 2 border top 200
1609105440886449376 : Checking image 2 border bottom 95
1609105440886482976 : Checking image 2 border left 188
1609105440886516577 : Checking image 2 border right 188

</system-out><system-err>--------------------------------- Captured Err ---------------------------------

</system-err></testcase><testcase classname="tests.test_images" name="test_single_page_png" time="26.652"><system-out>--------------------------------- Captured Log ---------------------------------

--------------------------------- Captured Out ---------------------------------
/home/runner/work/ocr-book/ocr-book/tests/single_page.png
1609105400764809019 : Checking separation double page angle 90.04999999999998
1609105400764938421 : Checking separation double page y=0 2476
1609105406257985980 : Checking page rotation 1 0.0
1609105406875413267 : Checking page rotation 2 0.0
1609105414833771232 : Checking image 1 crop x1 1
1609105414833867833 : Checking image 1 crop y1 8
1609105414833906033 : Checking image 1 crop x2 2470
1609105414833942234 : Checking image 1 crop y2 3505
1609105415488389999 : Checking image 2 crop x1 0
1609105415488471900 : Checking image 2 crop y1 0
1609105415488506201 : Checking image 2 crop x2 0
1609105415488539201 : Checking image 2 crop y2 0
1609105415488614302 : Checking image 1 dpi 300
1609105415488682803 : Checking image 1 border top 5
1609105415488719603 : Checking image 1 border bottom 5
1609105415488754204 : Checking image 1 border left 6
1609105415488789104 : Checking image 1 border right 6
1609105415494896883 : Checking image 2 border top 0
1609105415494974784 : Checking image 2 border bottom 0
1609105415495009185 : Checking image 2 border left 0
1609105415495042585 : Checking image 2 border right 0

</system-out><system-err>--------------------------------- Captured Err ---------------------------------

</system-err></testcase><testcase classname="tests.test_images" name="test_wrong_split_line_4_png" time="34.014"><system-out>--------------------------------- Captured Log ---------------------------------

--------------------------------- Captured Out ---------------------------------
/home/runner/work/ocr-book/ocr-book/tests/wrong_split_line_4.png
1609105435347496466 : Checking separation double page angle 91.04999999999998
1609105435347609268 : Checking separation double page y=0 60
1609105435643999301 : Checking page rotation 1 1.05
1609105445379314620 : Checking page rotation 2 1.1500000000000001
1609105445988348688 : Checking image 1 crop x1 0
1609105445988420989 : Checking image 1 crop y1 0
1609105445988455589 : Checking image 1 crop x2 0
1609105445988488690 : Checking image 1 crop y2 0
1609105449858597802 : Checking image 2 crop x1 292
1609105449858731204 : Checking image 2 crop y1 330
1609105449858770005 : Checking image 2 crop x2 2314
1609105449858804605 : Checking image 2 crop y2 3218
1609105449906470121 : Checking image 1 border top 0
1609105449906547422 : Checking image 1 border bottom 0
1609105449906584723 : Checking image 1 border left 0
1609105449906618423 : Checking image 1 border right 0
1609105449906682224 : Checking image 2 dpi 300
1609105449906767325 : Checking image 2 border top 322
1609105449906802525 : Checking image 2 border bottom 277
1609105449906836426 : Checking image 2 border left 219
1609105449906870326 : Checking image 2 border right 219

</system-out><system-err>--------------------------------- Captured Err ---------------------------------

</system-err></testcase><testcase classname="tests.test_images" name="test_no_split_line_wave_algo_3_png" time="20.041"><system-out>--------------------------------- Captured Log ---------------------------------

--------------------------------- Captured Out ---------------------------------
/home/runner/work/ocr-book/ocr-book/tests/no_split_line_wave_algo_3.png
1609105452331114458 : Checking separation double page angle 90.14999999999998
1609105452331232259 : Checking separation double page y=0 2408
1609105455453339206 : Checking page rotation 1 0.0
1609105455866728942 : Checking page rotation 2 0.35
1609105460368527158 : Checking image 1 crop x1 184
1609105460368643959 : Checking image 1 crop y1 2957
1609105460368681660 : Checking image 1 crop x2 2201
1609105460368715360 : Checking image 1 crop y2 3202
1609105460921413195 : Checking image 2 crop x1 0
1609105460921485696 : Checking image 2 crop y1 0
1609105460921517096 : Checking image 2 crop x2 0
1609105460921546797 : Checking image 2 crop y2 0
1609105460921624798 : Checking image 1 dpi 300
1609105460921695699 : Checking image 1 border top 2950
1609105460921729699 : Checking image 1 border bottom 292
1609105460921761299 : Checking image 1 border left 221
1609105460921792500 : Checking image 1 border right 221
1609105460927534574 : Checking image 2 border top 0
1609105460927595975 : Checking image 2 border bottom 0
1609105460927626475 : Checking image 2 border left 0
1609105460927657076 : Checking image 2 border right 0

</system-out><system-err>--------------------------------- Captured Err ---------------------------------

</system-err></testcase><testcase classname="tests.test_images" name="test_failed_split_line_line_algo_3_png" time="28.260"><system-out>--------------------------------- Captured Log ---------------------------------

--------------------------------- Captured Out ---------------------------------
/home/runner/work/ocr-book/ocr-book/tests/failed_split_line_line_algo_3.png
1609105465188491663 : Checking separation double page angle 90.0
1609105465188616765 : Checking separation double page y=0 40
1609105465366345958 : Checking page rotation 1 0.0
1609105470815010451 : Checking page rotation 2 0.0
1609105471236637291 : Checking image 1 crop x1 0
1609105471236711992 : Checking image 1 crop y1 0
1609105471236746393 : Checking image 1 crop x2 0
1609105471236779093 : Checking image 1 crop y2 0
1609105478142424123 : Checking image 2 crop x1 246
1609105478142549125 : Checking image 2 crop y1 154
1609105478142587525 : Checking image 2 crop x2 2259
1609105478142624626 : Checking image 2 crop y2 3361
1609105478182150236 : Checking image 1 border top 0
1609105478182226737 : Checking image 1 border bottom 0
1609105478182265237 : Checking image 1 border left 0
1609105478182299238 : Checking image 1 border right 0
1609105478182363739 : Checking image 2 dpi 300
1609105478182447140 : Checking image 2 border top 146
1609105478182482440 : Checking image 2 border bottom 134
1609105478182515741 : Checking image 2 border left 223
1609105478182549141 : Checking image 2 border right 223

</system-out><system-err>--------------------------------- Captured Err ---------------------------------

</system-err></testcase></testsuite></testsuites>