<?xml version="1.0" encoding="utf-8"?><testsuites><testsuite errors="0" failures="0" hostname="fv-az105-423" name="pytest" skipped="0" tests="36" time="727.041" timestamp="2020-12-28T15:51:13.493965"><testcase classname="tests.test_features" name="test_mock_stop_at_0" time="0.061"><system-out>--------------------------------- Captured Log ---------------------------------

--------------------------------- Captured Out ---------------------------------
/home/runner/work/ocr-book/ocr-book/tests/0001_0.png

</system-out><system-err>--------------------------------- Captured Err ---------------------------------

</system-err></testcase><testcase classname="tests.test_features" name="test_disabled_enable_debug" time="33.982"><system-out>--------------------------------- Captured Log ---------------------------------

--------------------------------- Captured Out ---------------------------------
/home/runner/work/ocr-book/ocr-book/tests/0001_debug.png
separation double page angle 90.5528088189967
separation double page y=0 2485
page rotation 1 0.5499999999999999
page rotation 2 0.2
image 1 crop x1 327
image 1 crop y1 334
image 1 crop x2 2346
image 1 crop y2 3221
image 2 crop x1 169
image 2 crop y1 648
image 2 crop x2 2186
image 2 crop y2 3361
image 1 dpi 300
image 1 border top 332
image 1 border bottom 268
image 1 border left 220
image 1 border right 220
image 2 dpi 300
image 2 border top 643
image 2 border bottom 131
image 2 border left 221
image 2 border right 221

</system-out><system-err>--------------------------------- Captured Err ---------------------------------

</system-err></testcase><testcase classname="tests.test_features" name="test_mock_stop_at_2" time="31.090"><system-out>--------------------------------- Captured Log ---------------------------------

--------------------------------- Captured Out ---------------------------------
/home/runner/work/ocr-book/ocr-book/tests/0001_2.png
separation double page angle 90.5528088189967
separation double page y=0 2485
page rotation 1 0.5499999999999999
page rotation 2 0.2

</system-out><system-err>--------------------------------- Captured Err ---------------------------------

</system-err></testcase><testcase classname="tests.test_features" name="test_mock_stop_at_4" time="33.652"><system-out>--------------------------------- Captured Log ---------------------------------

--------------------------------- Captured Out ---------------------------------
/home/runner/work/ocr-book/ocr-book/tests/0001_4.png
separation double page angle 90.5528088189967
separation double page y=0 2485
page rotation 1 0.5499999999999999
page rotation 2 0.2
image 1 crop x1 327
image 1 crop y1 334
image 1 crop x2 2346
image 1 crop y2 3221
image 2 crop x1 169
image 2 crop y1 648
image 2 crop x2 2186
image 2 crop y2 3361
image 1 dpi 300
image 1 border top 332
image 1 border bottom 268
image 1 border left 220
image 1 border right 220
image 2 dpi 300
image 2 border top 643
image 2 border bottom 131
image 2 border left 221
image 2 border right 221

</system-out><system-err>--------------------------------- Captured Err ---------------------------------

</system-err></testcase><testcase classname="tests.test_features" name="test_mock_stop_at_1" time="27.106"><system-out>--------------------------------- Captured Log ---------------------------------

--------------------------------- Captured Out ---------------------------------
/home/runner/work/ocr-book/ocr-book/tests/0001_1.png
separation double page angle 90.5528088189967
separation double page y=0 2485

</system-out><system-err>--------------------------------- Captured Err ---------------------------------

</system-err></testcase><testcase classname="tests.test_features" name="test_mock_stop_at_3" time="32.273"><system-out>--------------------------------- Captured Log ---------------------------------

--------------------------------- Captured Out ---------------------------------
/home/runner/work/ocr-book/ocr-book/tests/0001_3.png
separation double page angle 90.5528088189967
separation double page y=0 2485
page rotation 1 0.5499999999999999
page rotation 2 0.2
image 1 crop x1 327
image 1 crop y1 334
image 1 crop x2 2346
image 1 crop y2 3221
image 2 crop x1 169
image 2 crop y1 648
image 2 crop x2 2186
image 2 crop y2 3361

</system-out><system-err>--------------------------------- Captured Err ---------------------------------

</system-err></testcase><testcase classname="tests.test_images" name="test_0001_png" time="43.228"><system-out>--------------------------------- Captured Log ---------------------------------

--------------------------------- Captured Out ---------------------------------
/home/runner/work/ocr-book/ocr-book/tests/0001.png
1609170772199114724 : Checking separation double page angle 90.5528088189967
1609170772199233225 : Checking separation double page y=0 2485
1609170774427817484 : Checking page rotation 1 0.5499999999999999
1609170776840385785 : Checking page rotation 2 0.2
1609170779944277398 : Checking image 1 crop x1 327
1609170779944417399 : Checking image 1 crop y1 334
1609170779944457799 : Checking image 1 crop x2 2346
1609170779944495600 : Checking image 1 crop y2 3221
1609170782612474268 : Checking image 2 crop x1 169
1609170782612615670 : Checking image 2 crop y1 648
1609170782612658170 : Checking image 2 crop x2 2186
1609170782612694170 : Checking image 2 crop y2 3361
1609170782648802047 : Checking image 1 dpi 300
1609170782648913748 : Checking image 1 border top 332
1609170782648970048 : Checking image 1 border bottom 268
1609170782649005349 : Checking image 1 border left 220
1609170782649039249 : Checking image 1 border right 220
1609170782651142165 : Checking image 2 dpi 300
1609170782651230166 : Checking image 2 border top 643
1609170782651278766 : Checking image 2 border bottom 131
1609170782651310666 : Checking image 2 border left 221
1609170782651342067 : Checking image 2 border right 221

</system-out><system-err>--------------------------------- Captured Err ---------------------------------

</system-err></testcase><testcase classname="tests.test_features" name="test_mock_stop_at_5" time="31.865"><system-out>--------------------------------- Captured Log ---------------------------------

--------------------------------- Captured Out ---------------------------------
/home/runner/work/ocr-book/ocr-book/tests/0001_5.png
separation double page angle 90.5528088189967
separation double page y=0 2485
page rotation 1 0.5499999999999999
page rotation 2 0.2
image 1 crop x1 327
image 1 crop y1 334
image 1 crop x2 2346
image 1 crop y2 3221
image 2 crop x1 169
image 2 crop y1 648
image 2 crop x2 2186
image 2 crop y2 3361
image 1 dpi 300
image 1 border top 332
image 1 border bottom 268
image 1 border left 220
image 1 border right 220
image 2 dpi 300
image 2 border top 643
image 2 border bottom 131
image 2 border left 221
image 2 border right 221

</system-out><system-err>--------------------------------- Captured Err ---------------------------------

</system-err></testcase><testcase classname="tests.test_images" name="test_black_border_not_removed_png" time="45.530"><system-out>--------------------------------- Captured Log ---------------------------------

--------------------------------- Captured Out ---------------------------------
/home/runner/work/ocr-book/ocr-book/tests/black-border-not-removed.png
1609170816509755106 : Checking separation double page angle 90.033171103531
1609170816509876507 : Checking separation double page y=0 2455
1609170818715567701 : Checking page rotation 1 0.0
1609170821340230815 : Checking page rotation 2 0.05
1609170824985415267 : Checking image 1 crop x1 297
1609170824985545968 : Checking image 1 crop y1 143
1609170824985584168 : Checking image 1 crop x2 2309
1609170824985617169 : Checking image 1 crop y2 3346
1609170828139211323 : Checking image 2 crop x1 157
1609170828139351224 : Checking image 2 crop y1 145
1609170828139391725 : Checking image 2 crop x2 2170
1609170828139429525 : Checking image 2 crop y2 3351
1609170828183274057 : Checking image 1 dpi 300
1609170828183387457 : Checking image 1 border top 132
1609170828183426958 : Checking image 1 border bottom 152
1609170828183462358 : Checking image 1 border left 224
1609170828183496758 : Checking image 1 border right 224
1609170828185597574 : Checking image 2 dpi 300
1609170828185684075 : Checking image 2 border top 134
1609170828185720375 : Checking image 2 border bottom 147
1609170828185754675 : Checking image 2 border left 223
1609170828185788376 : Checking image 2 border right 223

</system-out><system-err>--------------------------------- Captured Err ---------------------------------

</system-err></testcase><testcase classname="tests.test_images" name="test_2_pages_2_contours_png" time="29.623"><system-out>--------------------------------- Captured Log ---------------------------------

--------------------------------- Captured Out ---------------------------------
/home/runner/work/ocr-book/ocr-book/tests/2-pages-2-contours.png
1609170821141673620 : Checking separation double page angle 90.09036871657068
1609170821141801021 : Checking separation double page y=0 2486
1609170822782607978 : Checking page rotation 1 0.0
1609170824969903550 : Checking page rotation 2 0.2
1609170826618442265 : Checking image 1 crop x1 1191
1609170826618555466 : Checking image 1 crop y1 1750
1609170826618591367 : Checking image 1 crop x2 1192
1609170826618621867 : Checking image 1 crop y2 1751
1609170829439729658 : Checking image 2 crop x1 99
1609170829439856859 : Checking image 2 crop y1 240
1609170829439896459 : Checking image 2 crop x2 2147
1609170829439931759 : Checking image 2 crop y2 3240
1609170829473632414 : Checking image 1 dpi 300
1609170829473733915 : Checking image 1 border top 1752
1609170829473769915 : Checking image 1 border bottom 1753
1609170829473803515 : Checking image 1 border left 1239
1609170829473834716 : Checking image 1 border right 1239
1609170829475290627 : Checking image 2 dpi 300
1609170829475382527 : Checking image 2 border top 229
1609170829475419028 : Checking image 2 border bottom 258
1609170829475453428 : Checking image 2 border left 206
1609170829475487228 : Checking image 2 border right 206

</system-out><system-err>--------------------------------- Captured Err ---------------------------------

</system-err></testcase><testcase classname="tests.test_images" name="test_image_failed_to_rotate_png" time="54.512"><system-out>--------------------------------- Captured Log ---------------------------------

--------------------------------- Captured Out ---------------------------------
/home/runner/work/ocr-book/ocr-book/tests/image_failed_to_rotate.png
1609170861195910034 : Checking separation double page angle 90.13063640287984
1609170861196025635 : Checking separation double page y=0 2479
1609170864617238490 : Checking page rotation 1 0.45
1609170867113947986 : Checking page rotation 2 0.2
1609170878706728469 : Checking image 1 crop x1 31
1609170878706857970 : Checking image 1 crop y1 1
1609170878706897670 : Checking image 1 crop x2 2477
1609170878706932870 : Checking image 1 crop y2 3504
1609170882550843541 : Checking image 2 crop x1 161
1609170882550984642 : Checking image 2 crop y1 231
1609170882551025743 : Checking image 2 crop x2 2249
1609170882551064143 : Checking image 2 crop y2 3359
1609170882595143675 : Checking image 1 dpi 300
1609170882595260776 : Checking image 1 border top 2
1609170882595302376 : Checking image 1 border bottom 2
1609170882595337377 : Checking image 1 border left 17
1609170882595372077 : Checking image 1 border right 17
1609170882597505293 : Checking image 2 dpi 300
1609170882597588794 : Checking image 2 border top 216
1609170882597624694 : Checking image 2 border bottom 143
1609170882597656894 : Checking image 2 border left 186
1609170882597688794 : Checking image 2 border right 186

</system-out><system-err>--------------------------------- Captured Err ---------------------------------

</system-err></testcase><testcase classname="tests.test_images" name="test_wrong_split_line_png" time="35.894"><system-out>--------------------------------- Captured Log ---------------------------------

--------------------------------- Captured Out ---------------------------------
/home/runner/work/ocr-book/ocr-book/tests/wrong_split_line.png
1609170856090731692 : Checking separation double page angle 89.93395720607973
1609170856090832992 : Checking separation double page y=0 2465
1609170858113673026 : Checking page rotation 1 -0.04999999999999689
1609170860153389686 : Checking page rotation 2 0.5499999999999999
1609170862356440971 : Checking image 1 crop x1 211
1609170862356568572 : Checking image 1 crop y1 156
1609170862356606472 : Checking image 1 crop x2 2323
1609170862356642272 : Checking image 1 crop y2 3363
1609170865321666693 : Checking image 2 crop x1 125
1609170865321807895 : Checking image 2 crop y1 166
1609170865321845595 : Checking image 2 crop x2 2236
1609170865321880495 : Checking image 2 crop y2 3373
1609170865358725572 : Checking image 1 dpi 300
1609170865358842573 : Checking image 1 border top 134
1609170865358881774 : Checking image 1 border bottom 146
1609170865358918474 : Checking image 1 border left 174
1609170865358952874 : Checking image 1 border right 174
1609170865360979789 : Checking image 2 dpi 300
1609170865361059490 : Checking image 2 border top 146
1609170865361092790 : Checking image 2 border bottom 134
1609170865361124290 : Checking image 2 border left 174
1609170865361155991 : Checking image 2 border right 174

</system-out><system-err>--------------------------------- Captured Err ---------------------------------

</system-err></testcase><testcase classname="tests.test_images" name="test_crop_too_much_png" time="53.068"><system-out>--------------------------------- Captured Log ---------------------------------

--------------------------------- Captured Out ---------------------------------
/home/runner/work/ocr-book/ocr-book/tests/crop_too_much.png
1609170906810914410 : Checking separation double page angle 90.13239409272954
1609170906811026011 : Checking separation double page y=0 2455
1609170909622069564 : Checking page rotation 1 0.0
1609170912279572786 : Checking page rotation 2 0.2
1609170915402978119 : Checking image 1 crop x1 303
1609170915403117720 : Checking image 1 crop y1 148
1609170915403159921 : Checking image 1 crop x2 2313
1609170915403196621 : Checking image 1 crop y2 3351
1609170918369069921 : Checking image 2 crop x1 162
1609170918369206422 : Checking image 2 crop y1 151
1609170918369248222 : Checking image 2 crop x2 2186
1609170918369286522 : Checking image 2 crop y2 3363
1609170918417156882 : Checking image 1 dpi 300
1609170918417278583 : Checking image 1 border top 132
1609170918417319183 : Checking image 1 border bottom 152
1609170918417356384 : Checking image 1 border left 225
1609170918417401584 : Checking image 1 border right 225
1609170918419423999 : Checking image 2 dpi 300
1609170918419511200 : Checking image 2 border top 132
1609170918419544500 : Checking image 2 border bottom 143
1609170918419577200 : Checking image 2 border left 218
1609170918419609001 : Checking image 2 border right 218

</system-out><system-err>--------------------------------- Captured Err ---------------------------------

</system-err></testcase><testcase classname="tests.test_images" name="test_image_failed_to_crop_data_png" time="53.762"><system-out>--------------------------------- Captured Log ---------------------------------

--------------------------------- Captured Out ---------------------------------
/home/runner/work/ocr-book/ocr-book/tests/image_failed_to_crop_data.png
1609170913861509305 : Checking separation double page angle 90.053197600644
1609170913861624006 : Checking separation double page y=0 2480
1609170918290888533 : Checking page rotation 1 0.15000000000000002
1609170920468064793 : Checking page rotation 2 0.0
1609170933016597724 : Checking image 1 crop x1 51
1609170933016726825 : Checking image 1 crop y1 7
1609170933016761725 : Checking image 1 crop x2 2478
1609170933016792825 : Checking image 1 crop y2 3505
1609170936371191006 : Checking image 2 crop x1 160
1609170936371326407 : Checking image 2 crop y1 217
1609170936371364007 : Checking image 2 crop x2 2242
1609170936371399307 : Checking image 2 crop y2 3350
1609170936404563057 : Checking image 1 dpi 300
1609170936404670058 : Checking image 1 border top 5
1609170936404708158 : Checking image 1 border bottom 5
1609170936404758559 : Checking image 1 border left 27
1609170936404793159 : Checking image 1 border right 27
1609170936406971575 : Checking image 2 dpi 300
1609170936407061076 : Checking image 2 border top 206
1609170936407097476 : Checking image 2 border bottom 148
1609170936407132177 : Checking image 2 border left 189
1609170936407166877 : Checking image 2 border right 189

</system-out><system-err>--------------------------------- Captured Err ---------------------------------

</system-err></testcase><testcase classname="tests.test_images" name="test_crop_too_few_png" time="36.278"><system-out>--------------------------------- Captured Log ---------------------------------

--------------------------------- Captured Out ---------------------------------
/home/runner/work/ocr-book/ocr-book/tests/crop_too_few.png
1609170944877873273 : Checking separation double page angle 89.54670238452755
1609170944877980574 : Checking separation double page y=0 2512
1609170947077747979 : Checking page rotation 1 -0.6000000000000009
1609170949371297257 : Checking page rotation 2 0.0
1609170952069325862 : Checking image 1 crop x1 263
1609170952069462763 : Checking image 1 crop y1 150
1609170952069504163 : Checking image 1 crop x2 2379
1609170952069542664 : Checking image 1 crop y2 3358
1609170954687558261 : Checking image 2 crop x1 137
1609170954687688062 : Checking image 2 crop y1 141
1609170954687726262 : Checking image 2 crop x2 2259
1609170954687761263 : Checking image 2 crop y2 3345
1609170954721595220 : Checking image 1 dpi 300
1609170954721707821 : Checking image 1 border top 130
1609170954721744021 : Checking image 1 border bottom 149
1609170954721778121 : Checking image 1 border left 172
1609170954721810121 : Checking image 1 border right 172
1609170954724015938 : Checking image 2 dpi 300
1609170954724102839 : Checking image 2 border top 130
1609170954724137039 : Checking image 2 border bottom 153
1609170954724169839 : Checking image 2 border left 169
1609170954724201640 : Checking image 2 border right 169

</system-out><system-err>--------------------------------- Captured Err ---------------------------------

</system-err></testcase><testcase classname="tests.test_images" name="test_wrong_angle_split_line_png" time="62.094"><system-out>--------------------------------- Captured Log ---------------------------------

--------------------------------- Captured Out ---------------------------------
/home/runner/work/ocr-book/ocr-book/tests/wrong_angle_split_line.png
1609170968944143627 : Checking separation double page angle 90.09193420006348
1609170968944257928 : Checking separation double page y=0 2478
1609170974481290005 : Checking page rotation 1 0.1
1609170977986131483 : Checking page rotation 2 0.1
1609170991287415786 : Checking image 1 crop x1 58
1609170991287560687 : Checking image 1 crop y1 6
1609170991287602787 : Checking image 1 crop x2 2476
1609170991287640488 : Checking image 1 crop y2 3501
1609170997627561472 : Checking image 2 crop x1 166
1609170997627712873 : Checking image 2 crop y1 218
1609170997627751373 : Checking image 2 crop x2 2244
1609170997627786573 : Checking image 2 crop y2 3349
1609170997798653658 : Checking image 1 dpi 300
1609170997798775159 : Checking image 1 border top 6
1609170997798815259 : Checking image 1 border bottom 6
1609170997798850259 : Checking image 1 border left 31
1609170997798884859 : Checking image 1 border right 31
1609170997808914135 : Checking image 2 dpi 300
1609170997809026236 : Checking image 2 border top 207
1609170997809066236 : Checking image 2 border bottom 149
1609170997809101936 : Checking image 2 border left 191
1609170997809136336 : Checking image 2 border right 191

</system-out><system-err>--------------------------------- Captured Err ---------------------------------

</system-err></testcase><testcase classname="tests.test_images" name="test_crop_too_much_2_png" time="58.334"><system-out>--------------------------------- Captured Log ---------------------------------

--------------------------------- Captured Out ---------------------------------
/home/runner/work/ocr-book/ocr-book/tests/crop_too_much_2.png
1609171000042843026 : Checking separation double page angle 90.1149074900787
1609171000042950227 : Checking separation double page y=0 2478
1609171002846526301 : Checking page rotation 1 0.15000000000000002
1609171005725209482 : Checking page rotation 2 0.2
1609171008885243418 : Checking image 1 crop x1 330
1609171008885379919 : Checking image 1 crop y1 132
1609171008885418019 : Checking image 1 crop x2 2342
1609171008885451519 : Checking image 1 crop y2 3335
1609171012968104691 : Checking image 2 crop x1 162
1609171012968242092 : Checking image 2 crop y1 139
1609171012968282893 : Checking image 2 crop x2 2175
1609171012968320293 : Checking image 2 crop y2 3345
1609171013022627002 : Checking image 1 dpi 300
1609171013022743803 : Checking image 1 border top 122
1609171013022779903 : Checking image 1 border bottom 162
1609171013022813303 : Checking image 1 border left 224
1609171013022845003 : Checking image 1 border right 224
1609171013024911919 : Checking image 2 dpi 300
1609171013025001420 : Checking image 2 border top 130
1609171013025038220 : Checking image 2 border bottom 151
1609171013025072220 : Checking image 2 border left 223
1609171013025105820 : Checking image 2 border right 223

</system-out><system-err>--------------------------------- Captured Err ---------------------------------

</system-err></testcase><testcase classname="tests.test_images" name="test_angle_page_lower_split_line_png" time="42.616"><system-out>--------------------------------- Captured Log ---------------------------------

--------------------------------- Captured Out ---------------------------------
/home/runner/work/ocr-book/ocr-book/tests/angle_page_lower_split_line.png
1609171029188447868 : Checking separation double page angle 89.74927707086691
1609171029188561869 : Checking separation double page y=0 2474
1609171031879903884 : Checking page rotation 1 -0.14999999999999067
1609171034479098007 : Checking page rotation 2 0.1
1609171037854580475 : Checking image 1 crop x1 241
1609171037854720576 : Checking image 1 crop y1 156
1609171037854758076 : Checking image 1 crop x2 2357
1609171037854793276 : Checking image 1 crop y2 3368
1609171041148031141 : Checking image 2 crop x1 149
1609171041148177642 : Checking image 2 crop y1 146
1609171041148217642 : Checking image 2 crop x2 2259
1609171041148256842 : Checking image 2 crop y2 3351
1609171041185981326 : Checking image 1 dpi 300
1609171041186082727 : Checking image 1 border top 140
1609171041186137927 : Checking image 1 border bottom 135
1609171041186166827 : Checking image 1 border left 172
1609171041186194928 : Checking image 1 border right 172
1609171041188336044 : Checking image 2 dpi 300
1609171041188419144 : Checking image 2 border top 131
1609171041188452345 : Checking image 2 border bottom 151
1609171041188484845 : Checking image 2 border left 175
1609171041188516345 : Checking image 2 border right 175

</system-out><system-err>--------------------------------- Captured Err ---------------------------------

</system-err></testcase><testcase classname="tests.test_images" name="test_wrong_split_line_2_png" time="57.955"><system-out>--------------------------------- Captured Log ---------------------------------

--------------------------------- Captured Out ---------------------------------
/home/runner/work/ocr-book/ocr-book/tests/wrong_split_line_2.png
1609171054033035879 : Checking separation double page angle 90.19944704411863
1609171054033147180 : Checking separation double page y=0 2437
1609171056955256885 : Checking page rotation 1 0.2
1609171059803505830 : Checking page rotation 2 0.2
1609171064421198588 : Checking image 1 crop x1 294
1609171064421338689 : Checking image 1 crop y1 136
1609171064421377889 : Checking image 1 crop x2 2325
1609171064421414389 : Checking image 1 crop y2 3376
1609171070944444103 : Checking image 2 crop x1 136
1609171070944580104 : Checking image 2 crop y1 190
1609171070944618404 : Checking image 2 crop x2 2172
1609171070944654404 : Checking image 2 crop y2 3389
1609171070993702672 : Checking image 1 dpi 300
1609171070993824873 : Checking image 1 border top 131
1609171070993864374 : Checking image 1 border bottom 116
1609171070993901074 : Checking image 1 border left 214
1609171070993935274 : Checking image 1 border right 214
1609171070995964689 : Checking image 2 dpi 300
1609171070996048290 : Checking image 2 border top 181
1609171070996084490 : Checking image 2 border bottom 107
1609171070996116191 : Checking image 2 border left 212
1609171070996147991 : Checking image 2 border right 212

</system-out><system-err>--------------------------------- Captured Err ---------------------------------

</system-err></testcase><testcase classname="tests.test_images" name="test_wrong_wave_split_line_png" time="57.886"><system-out>--------------------------------- Captured Log ---------------------------------

--------------------------------- Captured Out ---------------------------------
/home/runner/work/ocr-book/ocr-book/tests/wrong_wave_split_line.png
1609171082011046506 : Checking separation double page angle 90.37878604107719
1609171082011174107 : Checking separation double page y=0 2500
1609171084588308665 : Checking page rotation 1 -0.14999999999999067
1609171087122448577 : Checking page rotation 2 0.9
1609171093109175700 : Checking image 1 crop x1 385
1609171093109327801 : Checking image 1 crop y1 179
1609171093109369102 : Checking image 1 crop x2 2411
1609171093109405802 : Checking image 1 crop y2 3374
1609171099008882010 : Checking image 2 crop x1 17
1609171099009021411 : Checking image 2 crop y1 8
1609171099009061711 : Checking image 2 crop x2 2399
1609171099009097011 : Checking image 2 crop y2 3391
1609171099059694691 : Checking image 1 dpi 300
1609171099059810092 : Checking image 1 border top 173
1609171099059846492 : Checking image 1 border bottom 119
1609171099059879193 : Checking image 1 border left 217
1609171099059911393 : Checking image 1 border right 217
1609171099062010709 : Checking image 2 dpi 300
1609171099062114909 : Checking image 2 border top 0
1609171099062150210 : Checking image 2 border bottom 114
1609171099062177610 : Checking image 2 border left 49
1609171099062204910 : Checking image 2 border right 49

</system-out><system-err>--------------------------------- Captured Err ---------------------------------

</system-err></testcase><testcase classname="tests.test_images" name="test_small_wave_png" time="55.101"><system-out>--------------------------------- Captured Log ---------------------------------

--------------------------------- Captured Out ---------------------------------
/home/runner/work/ocr-book/ocr-book/tests/small_wave.png
1609171115983634705 : Checking separation double page angle 90.58816928841564
1609171115983745106 : Checking separation double page y=0 2497
1609171118871941367 : Checking page rotation 1 0.65
1609171121392209268 : Checking page rotation 2 0.65
1609171123760991534 : Checking image 1 crop x1 320
1609171123761118935 : Checking image 1 crop y1 199
1609171123761157235 : Checking image 1 crop x2 2353
1609171123761196335 : Checking image 1 crop y2 3394
1609171126056294107 : Checking image 2 crop x1 130
1609171126056419908 : Checking image 2 crop y1 222
1609171126056457308 : Checking image 2 crop x2 2163
1609171126056493208 : Checking image 2 crop y2 3420
1609171126098296621 : Checking image 1 dpi 300
1609171126098412222 : Checking image 1 border top 179
1609171126098451722 : Checking image 1 border bottom 112
1609171126098487922 : Checking image 1 border left 213
1609171126098521822 : Checking image 1 border right 213
1609171126100273736 : Checking image 2 dpi 300
1609171126100352636 : Checking image 2 border top 197
1609171126100389236 : Checking image 2 border bottom 92
1609171126100423137 : Checking image 2 border left 213
1609171126100456737 : Checking image 2 border right 213

</system-out><system-err>--------------------------------- Captured Err ---------------------------------

</system-err></testcase><testcase classname="tests.test_images" name="test_no_split_line_line_algo_png" time="39.726"><system-out>--------------------------------- Captured Log ---------------------------------

--------------------------------- Captured Out ---------------------------------
/home/runner/work/ocr-book/ocr-book/tests/no_split_line_line_algo.png
1609171127268311668 : Checking separation double page angle 89.47691469185418
1609171127268429069 : Checking separation double page y=0 2476
1609171129305425598 : Checking page rotation 1 -0.14999999999999067
1609171131943002816 : Checking page rotation 2 -0.14999999999999067
1609171134257702696 : Checking image 1 crop x1 205
1609171134257841197 : Checking image 1 crop y1 158
1609171134257878797 : Checking image 1 crop x2 2320
1609171134257913897 : Checking image 1 crop y2 3366
1609171138762369646 : Checking image 2 crop x1 185
1609171138762516548 : Checking image 2 crop y1 225
1609171138762556848 : Checking image 2 crop x2 2204
1609171138762595248 : Checking image 2 crop y2 3362
1609171138806735680 : Checking image 1 dpi 300
1609171138806854681 : Checking image 1 border top 144
1609171138806891381 : Checking image 1 border bottom 134
1609171138806924181 : Checking image 1 border left 172
1609171138806956282 : Checking image 1 border right 172
1609171138809072797 : Checking image 2 dpi 300
1609171138809155198 : Checking image 2 border top 224
1609171138809189798 : Checking image 2 border bottom 126
1609171138809222099 : Checking image 2 border left 220
1609171138809254199 : Checking image 2 border right 220

</system-out><system-err>--------------------------------- Captured Err ---------------------------------

</system-err></testcase><testcase classname="tests.test_images" name="test_wrong_split_line_3_png" time="43.223"><system-out>--------------------------------- Captured Log ---------------------------------

--------------------------------- Captured Out ---------------------------------
/home/runner/work/ocr-book/ocr-book/tests/wrong_split_line_3.png
1609171159573576142 : Checking separation double page angle 90.43729500214694
1609171159573680243 : Checking separation double page y=0 2498
1609171162131281602 : Checking page rotation 1 0.2
1609171164260706854 : Checking page rotation 2 0.85
1609171166706188939 : Checking image 1 crop x1 331
1609171166706322540 : Checking image 1 crop y1 166
1609171166706361340 : Checking image 1 crop x2 2377
1609171166706395140 : Checking image 1 crop y2 3375
1609171169297298710 : Checking image 2 crop x1 102
1609171169297437912 : Checking image 2 crop y1 207
1609171169297478812 : Checking image 2 crop x2 2135
1609171169297516612 : Checking image 2 crop y2 3414
1609171169337850014 : Checking image 1 dpi 300
1609171169337967115 : Checking image 1 border top 158
1609171169338005315 : Checking image 1 border bottom 120
1609171169338041615 : Checking image 1 border left 207
1609171169338075615 : Checking image 1 border right 207
1609171169339855929 : Checking image 2 dpi 300
1609171169339940229 : Checking image 2 border top 186
1609171169339976630 : Checking image 2 border bottom 94
1609171169340010430 : Checking image 2 border left 213
1609171169340044330 : Checking image 2 border right 213

</system-out><system-err>--------------------------------- Captured Err ---------------------------------

</system-err></testcase><testcase classname="tests.test_images" name="test_failed_split_line_line_algo_png" time="25.451"><system-out>--------------------------------- Captured Log ---------------------------------

--------------------------------- Captured Out ---------------------------------
/home/runner/work/ocr-book/ocr-book/tests/failed_split_line_line_algo.png
1609171156669112184 : Checking separation double page angle 90.04134220573248
1609171156669213385 : Checking separation double page y=0 2573
1609171158487634707 : Checking page rotation 1 -0.09999999999999377
1609171160059878685 : Checking page rotation 2 0.1
1609171162599899713 : Checking image 1 crop x1 408
1609171162600047114 : Checking image 1 crop y1 2926
1609171162600087214 : Checking image 1 crop x2 2420
1609171162600123114 : Checking image 1 crop y2 3173
1609171164280621003 : Checking image 2 crop x1 1184
1609171164280739104 : Checking image 2 crop y1 1745
1609171164280792205 : Checking image 2 crop x2 1185
1609171164280825905 : Checking image 2 crop y2 1746
1609171164281115307 : Checking image 1 dpi 300
1609171164281190708 : Checking image 1 border top 2922
1609171164281224508 : Checking image 1 border bottom 318
1609171164281274708 : Checking image 1 border left 224
1609171164281309408 : Checking image 1 border right 224
1609171164286107844 : Checking image 2 dpi 300
1609171164286198345 : Checking image 2 border top 1753
1609171164286234645 : Checking image 2 border bottom 1753
1609171164286268746 : Checking image 2 border left 1239
1609171164286304246 : Checking image 2 border right 1239

</system-out><system-err>--------------------------------- Captured Err ---------------------------------

</system-err></testcase><testcase classname="tests.test_images" name="test_failed_split_line_line_algo_2_png" time="49.533"><system-out>--------------------------------- Captured Log ---------------------------------

--------------------------------- Captured Out ---------------------------------
/home/runner/work/ocr-book/ocr-book/tests/failed_split_line_line_algo_2.png
1609171203367162233 : Checking separation double page angle 90.03068774449687
1609171203367268738 : Checking separation double page y=0 2500
1609171205935873012 : Checking page rotation 1 0.05
1609171208268065023 : Checking page rotation 2 0.5499999999999999
1609171210902046503 : Checking image 1 crop x1 271
1609171210902224005 : Checking image 1 crop y1 149
1609171210902265205 : Checking image 1 crop x2 2382
1609171210902301905 : Checking image 1 crop y2 3354
1609171213737831675 : Checking image 2 crop x1 120
1609171213737969477 : Checking image 2 crop y1 155
1609171213738006878 : Checking image 2 crop x2 2244
1609171213738042079 : Checking image 2 crop y2 3350
1609171213783697922 : Checking image 1 dpi 300
1609171213783823024 : Checking image 1 border top 141
1609171213783862224 : Checking image 1 border bottom 141
1609171213783897025 : Checking image 1 border left 174
1609171213783931725 : Checking image 1 border right 174
1609171213786072360 : Checking image 2 dpi 300
1609171213786178062 : Checking image 2 border top 140
1609171213786214863 : Checking image 2 border bottom 152
1609171213786248963 : Checking image 2 border left 168
1609171213786282964 : Checking image 2 border right 168

</system-out><system-err>--------------------------------- Captured Err ---------------------------------

</system-err></testcase><testcase classname="tests.test_images" name="test_crop_too_much_3_png" time="49.031"><system-out>--------------------------------- Captured Log ---------------------------------

--------------------------------- Captured Out ---------------------------------
/home/runner/work/ocr-book/ocr-book/tests/crop_too_much_3.png
1609171207344139077 : Checking separation double page angle 89.49330634783144
1609171207344244603 : Checking separation double page y=0 2498
1609171209648943593 : Checking page rotation 1 -0.8999999999999949
1609171212361728365 : Checking page rotation 2 -0.14999999999999067
1609171215261495870 : Checking image 1 crop x1 374
1609171215261637972 : Checking image 1 crop y1 258
1609171215261678773 : Checking image 1 crop x2 2385
1609171215261714374 : Checking image 1 crop y2 3459
1609171218318738021 : Checking image 2 crop x1 168
1609171218318876923 : Checking image 2 crop y1 228
1609171218318918224 : Checking image 2 crop x2 2181
1609171218318956225 : Checking image 2 crop y2 3417
1609171218368372629 : Checking image 1 dpi 300
1609171218368491531 : Checking image 1 border top 239
1609171218368528131 : Checking image 1 border bottom 47
1609171218368578932 : Checking image 1 border left 224
1609171218368613633 : Checking image 1 border right 224
1609171218370443062 : Checking image 2 dpi 300
1609171218370530364 : Checking image 2 border top 209
1609171218370564564 : Checking image 2 border bottom 89
1609171218370596465 : Checking image 2 border left 223
1609171218370627965 : Checking image 2 border right 223

</system-out><system-err>--------------------------------- Captured Err ---------------------------------

</system-err></testcase><testcase classname="tests.test_images" name="test_wrong_wave_split_line_2_png" time="50.441"><system-out>--------------------------------- Captured Log ---------------------------------

--------------------------------- Captured Out ---------------------------------
/home/runner/work/ocr-book/ocr-book/tests/wrong_wave_split_line_2.png
1609171253258987246 : Checking separation double page angle 90.7708958311329
1609171253259098247 : Checking separation double page y=0 2490
1609171255694005627 : Checking page rotation 1 0.2
1609171258185211502 : Checking page rotation 2 1.65
1609171260627234670 : Checking image 1 crop x1 227
1609171260627380571 : Checking image 1 crop y1 147
1609171260627421372 : Checking image 1 crop x2 2342
1609171260627459572 : Checking image 1 crop y2 3353
1609171264180959388 : Checking image 2 crop x1 106
1609171264181100089 : Checking image 2 crop y1 195
1609171264181138390 : Checking image 2 crop x2 2231
1609171264181174290 : Checking image 2 crop y2 3398
1609171264232050700 : Checking image 1 dpi 300
1609171264232164501 : Checking image 1 border top 136
1609171264232206002 : Checking image 1 border bottom 145
1609171264232241202 : Checking image 1 border left 172
1609171264232275902 : Checking image 1 border right 172
1609171264234450024 : Checking image 2 dpi 300
1609171264234539425 : Checking image 2 border top 165
1609171264234575425 : Checking image 2 border bottom 118
1609171264234609726 : Checking image 2 border left 167
1609171264234643926 : Checking image 2 border right 167

</system-out><system-err>--------------------------------- Captured Err ---------------------------------

</system-err></testcase><testcase classname="tests.test_images" name="test_wrong_wave_split_line_3_png" time="46.287"><system-out>--------------------------------- Captured Log ---------------------------------

--------------------------------- Captured Out ---------------------------------
/home/runner/work/ocr-book/ocr-book/tests/wrong_wave_split_line_3.png
1609171254913088059 : Checking separation double page angle 90.05826063695574
1609171254913200660 : Checking separation double page y=0 2514
1609171257450017719 : Checking page rotation 1 0.0
1609171259656068475 : Checking page rotation 2 0.2
1609171262354509982 : Checking image 1 crop x1 274
1609171262354651183 : Checking image 1 crop y1 221
1609171262354692184 : Checking image 1 crop x2 2383
1609171262354738484 : Checking image 1 crop y2 3422
1609171264634824137 : Checking image 2 crop x1 112
1609171264634957238 : Checking image 2 crop y1 225
1609171264634996039 : Checking image 2 crop x2 2238
1609171264635032339 : Checking image 2 crop y2 3415
1609171264674266832 : Checking image 1 dpi 300
1609171264674402734 : Checking image 1 border top 201
1609171264674442034 : Checking image 1 border bottom 85
1609171264674478135 : Checking image 1 border left 175
1609171264674512035 : Checking image 1 border right 175
1609171264676226052 : Checking image 2 dpi 300
1609171264676301353 : Checking image 2 border top 207
1609171264676337153 : Checking image 2 border bottom 90
1609171264676380454 : Checking image 2 border left 167
1609171264676411654 : Checking image 2 border right 167

</system-out><system-err>--------------------------------- Captured Err ---------------------------------

</system-err></testcase><testcase classname="tests.test_images" name="test_no_split_line_wave_algo_png" time="58.690"><system-out>--------------------------------- Captured Log ---------------------------------

--------------------------------- Captured Out ---------------------------------
/home/runner/work/ocr-book/ocr-book/tests/no_split_line_wave_algo.png
1609171298620540603 : Checking separation double page angle 89.72500000000001
1609171298620652404 : Checking separation double page y=0 2484
1609171302640744384 : Checking page rotation 1 0.0
1609171305074847360 : Checking page rotation 2 -0.44999999999999746
1609171315339083764 : Checking image 1 crop x1 97
1609171315339173165 : Checking image 1 crop y1 79
1609171315339208665 : Checking image 1 crop x2 2494
1609171315339242365 : Checking image 1 crop y2 3505
1609171322841494407 : Checking image 2 crop x1 163
1609171322841640409 : Checking image 2 crop y1 267
1609171322841693509 : Checking image 2 crop x2 2238
1609171322841727109 : Checking image 2 crop y2 3380
1609171322884771832 : Checking image 1 dpi 300
1609171322884887933 : Checking image 1 border top 41
1609171322884924133 : Checking image 1 border bottom 41
1609171322884956334 : Checking image 1 border left 42
1609171322884987834 : Checking image 1 border right 42
1609171322887093050 : Checking image 2 dpi 300
1609171322887199050 : Checking image 2 border top 255
1609171322887236051 : Checking image 2 border bottom 119
1609171322887269951 : Checking image 2 border left 192
1609171322887304051 : Checking image 2 border right 192

</system-out><system-err>--------------------------------- Captured Err ---------------------------------

</system-err></testcase><testcase classname="tests.test_images" name="test_no_split_line_wave_algo_2_png" time="39.092"><system-out>--------------------------------- Captured Log ---------------------------------

--------------------------------- Captured Out ---------------------------------
/home/runner/work/ocr-book/ocr-book/tests/no_split_line_wave_algo_2.png
1609171294649371138 : Checking separation double page angle 90.54999999999998
1609171294649482339 : Checking separation double page y=0 2478
1609171296859416148 : Checking page rotation 1 1.0999999999999999
1609171299105938939 : Checking page rotation 2 0.2
1609171301537269235 : Checking image 1 crop x1 266
1609171301537410636 : Checking image 1 crop y1 210
1609171301537444036 : Checking image 1 crop x2 2342
1609171301537472937 : Checking image 1 crop y2 3413
1609171303726037999 : Checking image 2 crop x1 168
1609171303726182900 : Checking image 2 crop y1 241
1609171303726221900 : Checking image 2 crop x2 2251
1609171303726258000 : Checking image 2 crop y2 3433
1609171303766455897 : Checking image 1 dpi 300
1609171303766569898 : Checking image 1 border top 192
1609171303766605798 : Checking image 1 border bottom 91
1609171303766639699 : Checking image 1 border left 192
1609171303766671599 : Checking image 1 border right 192
1609171303768386612 : Checking image 2 dpi 300
1609171303768464812 : Checking image 2 border top 224
1609171303768500112 : Checking image 2 border bottom 71
1609171303768534113 : Checking image 2 border left 188
1609171303768567813 : Checking image 2 border right 188

</system-out><system-err>--------------------------------- Captured Err ---------------------------------

</system-err></testcase><testcase classname="tests.test_images" name="test_failed_detect_rectangle_png" time="46.432"><system-out>--------------------------------- Captured Log ---------------------------------

--------------------------------- Captured Out ---------------------------------
/home/runner/work/ocr-book/ocr-book/tests/failed_detect_rectangle.png
1609171339790008429 : Checking separation double page angle 90.19837516213148
1609171339790142630 : Checking separation double page y=0 2474
1609171342238058211 : Checking page rotation 1 0.2
1609171344915503396 : Checking page rotation 2 0.15000000000000002
1609171347185353624 : Checking image 1 crop x1 257
1609171347185485225 : Checking image 1 crop y1 201
1609171347185523025 : Checking image 1 crop x2 2333
1609171347185557125 : Checking image 1 crop y2 3402
1609171350140350156 : Checking image 2 crop x1 135
1609171350140479757 : Checking image 2 crop y1 214
1609171350140517158 : Checking image 2 crop x2 2219
1609171350140551558 : Checking image 2 crop y2 3406
1609171350188272218 : Checking image 1 dpi 300
1609171350188373819 : Checking image 1 border top 188
1609171350188409919 : Checking image 1 border bottom 97
1609171350188444019 : Checking image 1 border left 192
1609171350188475519 : Checking image 1 border right 192
1609171350190239733 : Checking image 2 dpi 300
1609171350190321733 : Checking image 2 border top 202
1609171350190357233 : Checking image 2 border bottom 93
1609171350190391134 : Checking image 2 border left 188
1609171350190424234 : Checking image 2 border right 188

</system-out><system-err>--------------------------------- Captured Err ---------------------------------

</system-err></testcase><testcase classname="tests.test_images" name="test_crop_too_few_2_png" time="38.780"><system-out>--------------------------------- Captured Log ---------------------------------

--------------------------------- Captured Out ---------------------------------
/home/runner/work/ocr-book/ocr-book/tests/crop_too_few_2.png
1609171351600402370 : Checking separation double page angle 90.30476192320097
1609171351600524971 : Checking separation double page y=0 2531
1609171353855528081 : Checking page rotation 1 1.0999999999999999
1609171356017761191 : Checking page rotation 2 -0.04999999999999689
1609171358660357718 : Checking image 1 crop x1 289
1609171358660498319 : Checking image 1 crop y1 165
1609171358660537219 : Checking image 1 crop x2 2400
1609171358660575419 : Checking image 1 crop y2 3367
1609171361692716282 : Checking image 2 crop x1 149
1609171361692853883 : Checking image 2 crop y1 189
1609171361692906883 : Checking image 2 crop x2 2273
1609171361692945683 : Checking image 2 crop y2 3386
1609171361729809361 : Checking image 1 dpi 300
1609171361729915362 : Checking image 1 border top 157
1609171361729951862 : Checking image 1 border bottom 128
1609171361729984863 : Checking image 1 border left 174
1609171361730017063 : Checking image 1 border right 174
1609171361732068978 : Checking image 2 dpi 300
1609171361732150579 : Checking image 2 border top 181
1609171361732184279 : Checking image 2 border bottom 109
1609171361732215979 : Checking image 2 border left 168
1609171361732247680 : Checking image 2 border right 168

</system-out><system-err>--------------------------------- Captured Err ---------------------------------

</system-err></testcase><testcase classname="tests.test_images" name="test_single_page_png" time="24.829"><system-out>--------------------------------- Captured Log ---------------------------------

--------------------------------- Captured Out ---------------------------------
/home/runner/work/ocr-book/ocr-book/tests/single_page.png
1609171361392477118 : Checking separation double page angle 90.04999999999998
1609171361392608119 : Checking separation double page y=0 2476
1609171365922855179 : Checking page rotation 1 0.0
1609171366488687847 : Checking page rotation 2 0.0
1609171374118170358 : Checking image 1 crop x1 1
1609171374118262459 : Checking image 1 crop y1 8
1609171374118301059 : Checking image 1 crop x2 2470
1609171374118335059 : Checking image 1 crop y2 3505
1609171374703750472 : Checking image 2 crop x1 0
1609171374703823973 : Checking image 2 crop y1 0
1609171374703874373 : Checking image 2 crop x2 0
1609171374703906873 : Checking image 2 crop y2 0
1609171374703981874 : Checking image 1 dpi 300
1609171374704055574 : Checking image 1 border top 5
1609171374704088775 : Checking image 1 border bottom 5
1609171374704120075 : Checking image 1 border left 6
1609171374704151275 : Checking image 1 border right 6
1609171374710000322 : Checking image 2 border top 0
1609171374710058623 : Checking image 2 border bottom 0
1609171374710102023 : Checking image 2 border left 0
1609171374710139923 : Checking image 2 border right 0

</system-out><system-err>--------------------------------- Captured Err ---------------------------------

</system-err></testcase><testcase classname="tests.test_images" name="test_no_split_line_wave_algo_3_png" time="15.165"><system-out>--------------------------------- Captured Log ---------------------------------

--------------------------------- Captured Out ---------------------------------
/home/runner/work/ocr-book/ocr-book/tests/no_split_line_wave_algo_3.png
1609171372298558263 : Checking separation double page angle 90.14999999999998
1609171372298664264 : Checking separation double page y=0 2408
1609171374516185162 : Checking page rotation 1 -0.09999999999999377
1609171374827930172 : Checking page rotation 2 0.0
1609171376390928855 : Checking image 1 crop x1 182
1609171376391011855 : Checking image 1 crop y1 2955
1609171376391047655 : Checking image 1 crop x2 2199
1609171376391080256 : Checking image 1 crop y2 3203
1609171376870461315 : Checking image 2 crop x1 0
1609171376870531016 : Checking image 2 crop y1 0
1609171376870558716 : Checking image 2 crop x2 0
1609171376870584816 : Checking image 2 crop y2 0
1609171376870647016 : Checking image 1 dpi 300
1609171376870702117 : Checking image 1 border top 2951
1609171376870731517 : Checking image 1 border bottom 288
1609171376870759917 : Checking image 1 border left 221
1609171376870787518 : Checking image 1 border right 221
1609171376880070292 : Checking image 2 border top 0
1609171376880133493 : Checking image 2 border bottom 0
1609171376880167093 : Checking image 2 border left 0
1609171376880200393 : Checking image 2 border right 0

</system-out><system-err>--------------------------------- Captured Err ---------------------------------

</system-err></testcase><testcase classname="tests.test_images" name="test_wrong_split_line_4_png" time="23.363"><system-out>--------------------------------- Captured Log ---------------------------------

--------------------------------- Captured Out ---------------------------------
/home/runner/work/ocr-book/ocr-book/tests/wrong_split_line_4.png
1609171392234033853 : Checking separation double page angle 91.04999999999998
1609171392234166154 : Checking separation double page y=0 60
1609171392425559612 : Checking page rotation 1 1.0
1609171394772270987 : Checking page rotation 2 1.05
1609171395348132773 : Checking image 1 crop x1 0
1609171395348201974 : Checking image 1 crop y1 0
1609171395348233174 : Checking image 1 crop x2 0
1609171395348262774 : Checking image 1 crop y2 0
1609171398393839342 : Checking image 2 crop x1 291
1609171398393975344 : Checking image 2 crop y1 330
1609171398394011844 : Checking image 2 crop x2 2316
1609171398394045844 : Checking image 2 crop y2 3217
1609171398445708037 : Checking image 1 border top 0
1609171398445778237 : Checking image 1 border bottom 0
1609171398445810237 : Checking image 1 border left 0
1609171398445841538 : Checking image 1 border right 0
1609171398445899638 : Checking image 2 dpi 300
1609171398445976239 : Checking image 2 border top 322
1609171398446010039 : Checking image 2 border bottom 278
1609171398446043139 : Checking image 2 border left 217
1609171398446073939 : Checking image 2 border right 217

</system-out><system-err>--------------------------------- Captured Err ---------------------------------

</system-err></testcase><testcase classname="tests.test_images" name="test_failed_split_line_line_algo_3_png" time="21.393"><system-out>--------------------------------- Captured Log ---------------------------------

--------------------------------- Captured Out ---------------------------------
/home/runner/work/ocr-book/ocr-book/tests/failed_split_line_line_algo_3.png
1609171393332648621 : Checking separation double page angle 90.0
1609171393332750922 : Checking separation double page y=0 40
1609171393482008159 : Checking page rotation 1 0.0
1609171395367172519 : Checking page rotation 2 -0.04999999999999689
1609171395821080776 : Checking image 1 crop x1 0
1609171395821151577 : Checking image 1 crop y1 0
1609171395821182377 : Checking image 1 crop x2 0
1609171395821211877 : Checking image 1 crop y2 0
1609171398306384578 : Checking image 2 crop x1 247
1609171398306464378 : Checking image 2 crop y1 153
1609171398306497079 : Checking image 2 crop x2 2260
1609171398306528479 : Checking image 2 crop y2 3360
1609171398345086372 : Checking image 1 border top 0
1609171398345152572 : Checking image 1 border bottom 0
1609171398345182573 : Checking image 1 border left 0
1609171398345211573 : Checking image 1 border right 0
1609171398345254073 : Checking image 2 dpi 300
1609171398345320374 : Checking image 2 border top 144
1609171398345350774 : Checking image 2 border bottom 136
1609171398345379574 : Checking image 2 border left 223
1609171398345408474 : Checking image 2 border right 223

</system-out><system-err>--------------------------------- Captured Err ---------------------------------

</system-err></testcase></testsuite></testsuites>