<?xml version="1.0" encoding="utf-8"?><testsuites><testsuite errors="0" failures="0" hostname="fv-az137-914" name="pytest" skipped="0" tests="36" time="612.117" timestamp="2021-01-02T22:27:32.379919"><testcase classname="tests.test_features" name="test_mock_stop_at_0" time="0.052"><system-out>--------------------------------- Captured Log ---------------------------------

--------------------------------- Captured Out ---------------------------------
/home/runner/work/ocr-book/ocr-book/tests/0001_0.png

</system-out><system-err>--------------------------------- Captured Err ---------------------------------

</system-err></testcase><testcase classname="tests.test_features" name="test_disabled_enable_debug" time="36.288"><system-out>--------------------------------- Captured Log ---------------------------------

--------------------------------- Captured Out ---------------------------------
/home/runner/work/ocr-book/ocr-book/tests/0001_debug.png
separation double page angle 90.5528088189967
separation double page y=0 2485
page rotation 1 0.5499999999999999
page rotation 2 0.2
image 1 crop x1 327
image 1 crop y1 334
image 1 crop x2 2346
image 1 crop y2 3221
image 2 crop x1 169
image 2 crop y1 648
image 2 crop x2 2186
image 2 crop y2 3361
image 1 dpi 300
image 1 border top 332
image 1 border bottom 268
image 1 border left 220
image 1 border right 220
image 2 dpi 300
image 2 border top 643
image 2 border bottom 131
image 2 border left 221
image 2 border right 221

</system-out><system-err>--------------------------------- Captured Err ---------------------------------

</system-err></testcase><testcase classname="tests.test_features" name="test_mock_stop_at_2" time="31.097"><system-out>--------------------------------- Captured Log ---------------------------------

--------------------------------- Captured Out ---------------------------------
/home/runner/work/ocr-book/ocr-book/tests/0001_2.png
separation double page angle 90.5528088189967
separation double page y=0 2485
page rotation 1 0.5499999999999999
page rotation 2 0.2

</system-out><system-err>--------------------------------- Captured Err ---------------------------------

</system-err></testcase><testcase classname="tests.test_features" name="test_mock_stop_at_4" time="35.730"><system-out>--------------------------------- Captured Log ---------------------------------

--------------------------------- Captured Out ---------------------------------
/home/runner/work/ocr-book/ocr-book/tests/0001_4.png
separation double page angle 90.5528088189967
separation double page y=0 2485
page rotation 1 0.5499999999999999
page rotation 2 0.2
image 1 crop x1 327
image 1 crop y1 334
image 1 crop x2 2346
image 1 crop y2 3221
image 2 crop x1 169
image 2 crop y1 648
image 2 crop x2 2186
image 2 crop y2 3361
image 1 dpi 300
image 1 border top 332
image 1 border bottom 268
image 1 border left 220
image 1 border right 220
image 2 dpi 300
image 2 border top 643
image 2 border bottom 131
image 2 border left 221
image 2 border right 221

</system-out><system-err>--------------------------------- Captured Err ---------------------------------

</system-err></testcase><testcase classname="tests.test_features" name="test_mock_stop_at_1" time="28.145"><system-out>--------------------------------- Captured Log ---------------------------------

--------------------------------- Captured Out ---------------------------------
/home/runner/work/ocr-book/ocr-book/tests/0001_1.png
separation double page angle 90.5528088189967
separation double page y=0 2485

</system-out><system-err>--------------------------------- Captured Err ---------------------------------

</system-err></testcase><testcase classname="tests.test_features" name="test_mock_stop_at_3" time="35.478"><system-out>--------------------------------- Captured Log ---------------------------------

--------------------------------- Captured Out ---------------------------------
/home/runner/work/ocr-book/ocr-book/tests/0001_3.png
separation double page angle 90.5528088189967
separation double page y=0 2485
page rotation 1 0.5499999999999999
page rotation 2 0.2
image 1 crop x1 327
image 1 crop y1 334
image 1 crop x2 2346
image 1 crop y2 3221
image 2 crop x1 169
image 2 crop y1 648
image 2 crop x2 2186
image 2 crop y2 3361

</system-out><system-err>--------------------------------- Captured Err ---------------------------------

</system-err></testcase><testcase classname="tests.test_images" name="test_0001_png" time="34.917"><system-out>--------------------------------- Captured Log ---------------------------------

--------------------------------- Captured Out ---------------------------------
/home/runner/work/ocr-book/ocr-book/tests/0001.png
1609626548151839915 : Checking separation double page angle 90.5528088189967
1609626548152006016 : Checking separation double page y=0 2485
1609626549326101766 : Checking page rotation 1 0.5499999999999999
1609626550903402276 : Checking page rotation 2 0.2
1609626553336165728 : Checking image 1 crop x1 327
1609626553336278729 : Checking image 1 crop y1 334
1609626553336319529 : Checking image 1 crop x2 2346
1609626553336355329 : Checking image 1 crop y2 3221
1609626555425433210 : Checking image 2 crop x1 169
1609626555425544111 : Checking image 2 crop y1 648
1609626555425583211 : Checking image 2 crop x2 2186
1609626555425645311 : Checking image 2 crop y2 3361
1609626555425820913 : Checking image 1 dpi 300
1609626555425890113 : Checking image 1 border top 332
1609626555425924713 : Checking image 1 border bottom 268
1609626555425956214 : Checking image 1 border left 220
1609626555425989414 : Checking image 1 border right 220
1609626555428730532 : Checking image 2 dpi 300
1609626555428791232 : Checking image 2 border top 643
1609626555428825432 : Checking image 2 border bottom 131
1609626555428856633 : Checking image 2 border left 221
1609626555428887533 : Checking image 2 border right 221

</system-out><system-err>--------------------------------- Captured Err ---------------------------------

</system-err></testcase><testcase classname="tests.test_features" name="test_mock_stop_at_5" time="35.741"><system-out>--------------------------------- Captured Log ---------------------------------

--------------------------------- Captured Out ---------------------------------
/home/runner/work/ocr-book/ocr-book/tests/0001_5.png
separation double page angle 90.5528088189967
separation double page y=0 2485
page rotation 1 0.5499999999999999
page rotation 2 0.2
image 1 crop x1 327
image 1 crop y1 334
image 1 crop x2 2346
image 1 crop y2 3221
image 2 crop x1 169
image 2 crop y1 648
image 2 crop x2 2186
image 2 crop y2 3361
image 1 dpi 300
image 1 border top 332
image 1 border bottom 268
image 1 border left 220
image 1 border right 220
image 2 dpi 300
image 2 border top 643
image 2 border bottom 131
image 2 border left 221
image 2 border right 221

</system-out><system-err>--------------------------------- Captured Err ---------------------------------

</system-err></testcase><testcase classname="tests.test_images" name="test_black_border_not_removed_png" time="37.511"><system-out>--------------------------------- Captured Log ---------------------------------

--------------------------------- Captured Out ---------------------------------
/home/runner/work/ocr-book/ocr-book/tests/black-border-not-removed.png
1609626584093252678 : Checking separation double page angle 90.033171103531
1609626584093362378 : Checking separation double page y=0 2455
1609626585313095159 : Checking page rotation 1 0.0
1609626586996953263 : Checking page rotation 2 0.05
1609626590198156822 : Checking image 1 crop x1 297
1609626590198271723 : Checking image 1 crop y1 143
1609626590198311523 : Checking image 1 crop x2 2309
1609626590198346223 : Checking image 1 crop y2 3346
1609626592939755852 : Checking image 2 crop x1 157
1609626592939868453 : Checking image 2 crop y1 145
1609626592939934553 : Checking image 2 crop x2 2170
1609626592939975654 : Checking image 2 crop y2 3351
1609626592940169755 : Checking image 1 dpi 300
1609626592940250355 : Checking image 1 border top 132
1609626592940290456 : Checking image 1 border bottom 152
1609626592940326256 : Checking image 1 border left 224
1609626592940361956 : Checking image 1 border right 224
1609626592943211974 : Checking image 2 dpi 300
1609626592943278974 : Checking image 2 border top 134
1609626592943315274 : Checking image 2 border bottom 147
1609626592943348975 : Checking image 2 border left 223
1609626592943382875 : Checking image 2 border right 223

</system-out><system-err>--------------------------------- Captured Err ---------------------------------

</system-err></testcase><testcase classname="tests.test_images" name="test_2_pages_2_contours_png" time="21.879"><system-out>--------------------------------- Captured Log ---------------------------------

--------------------------------- Captured Out ---------------------------------
/home/runner/work/ocr-book/ocr-book/tests/2-pages-2-contours.png
1609626605750554294 : Checking separation double page angle 90.09036871657068
1609626605750714195 : Checking separation double page y=0 2486
1609626606429037208 : Checking page rotation 1 0.0
1609626607751831022 : Checking page rotation 2 0.2
1609626608808828391 : Checking image 1 crop x1 1191
1609626608808961292 : Checking image 1 crop y1 1750
1609626608809000392 : Checking image 1 crop x2 1192
1609626608809034692 : Checking image 1 crop y2 1751
1609626611159228657 : Checking image 2 crop x1 99
1609626611159336157 : Checking image 2 crop y1 240
1609626611159374858 : Checking image 2 crop x2 2147
1609626611159409658 : Checking image 2 crop y2 3240
1609626611159560259 : Checking image 1 dpi 300
1609626611159619759 : Checking image 1 border top 1752
1609626611159654159 : Checking image 1 border bottom 1753
1609626611159685160 : Checking image 1 border left 1239
1609626611159715460 : Checking image 1 border right 1239
1609626611161310369 : Checking image 2 dpi 300
1609626611161366270 : Checking image 2 border top 229
1609626611161399170 : Checking image 2 border bottom 258
1609626611161430070 : Checking image 2 border left 206
1609626611161460570 : Checking image 2 border right 206

</system-out><system-err>--------------------------------- Captured Err ---------------------------------

</system-err></testcase><testcase classname="tests.test_images" name="test_image_failed_to_rotate_png" time="38.920"><system-out>--------------------------------- Captured Log ---------------------------------

--------------------------------- Captured Out ---------------------------------
/home/runner/work/ocr-book/ocr-book/tests/image_failed_to_rotate.png
1609626618922377297 : Checking separation double page angle 90.26767669076624
1609626618922521898 : Checking separation double page y=0 2480
1609626621059594762 : Checking page rotation 1 0.45
1609626622535374022 : Checking page rotation 2 0.2
1609626628581569718 : Checking image 1 crop x1 31
1609626628581780420 : Checking image 1 crop y1 1
1609626628581824320 : Checking image 1 crop x2 2478
1609626628581862220 : Checking image 1 crop y2 3504
1609626631765157560 : Checking image 2 crop x1 169
1609626631765274560 : Checking image 2 crop y1 231
1609626631765334661 : Checking image 2 crop x2 2257
1609626631765400361 : Checking image 2 crop y2 3358
1609626631765582862 : Checking image 1 dpi 300
1609626631765684863 : Checking image 1 border top 2
1609626631765743263 : Checking image 1 border bottom 2
1609626631765777063 : Checking image 1 border left 17
1609626631765810564 : Checking image 1 border right 17
1609626631767967277 : Checking image 2 dpi 300
1609626631768023277 : Checking image 2 border top 218
1609626631768055778 : Checking image 2 border bottom 142
1609626631768086678 : Checking image 2 border left 186
1609626631768117678 : Checking image 2 border right 186

</system-out><system-err>--------------------------------- Captured Err ---------------------------------

</system-err></testcase><testcase classname="tests.test_images" name="test_wrong_split_line_png" time="27.763"><system-out>--------------------------------- Captured Log ---------------------------------

--------------------------------- Captured Out ---------------------------------
/home/runner/work/ocr-book/ocr-book/tests/wrong_split_line.png
1609626632547396412 : Checking separation double page angle 89.93395720607973
1609626632547510813 : Checking separation double page y=0 2465
1609626633664427997 : Checking page rotation 1 -0.04999999999999689
1609626634778956866 : Checking page rotation 2 0.5499999999999999
1609626636376673599 : Checking image 1 crop x1 211
1609626636376800100 : Checking image 1 crop y1 156
1609626636376846600 : Checking image 1 crop x2 2323
1609626636376888300 : Checking image 1 crop y2 3363
1609626638934906524 : Checking image 2 crop x1 125
1609626638935032025 : Checking image 2 crop y1 166
1609626638935078125 : Checking image 2 crop x2 2236
1609626638935118825 : Checking image 2 crop y2 3373
1609626638935311627 : Checking image 1 dpi 300
1609626638935407727 : Checking image 1 border top 134
1609626638935464627 : Checking image 1 border bottom 146
1609626638935501628 : Checking image 1 border left 174
1609626638935556428 : Checking image 1 border right 174
1609626638938228545 : Checking image 2 dpi 300
1609626638938354346 : Checking image 2 border top 146
1609626638938390846 : Checking image 2 border bottom 134
1609626638938424546 : Checking image 2 border left 174
1609626638938458146 : Checking image 2 border right 174

</system-out><system-err>--------------------------------- Captured Err ---------------------------------

</system-err></testcase><testcase classname="tests.test_images" name="test_image_failed_to_crop_data_png" time="50.749"><system-out>--------------------------------- Captured Log ---------------------------------

--------------------------------- Captured Out ---------------------------------
/home/runner/work/ocr-book/ocr-book/tests/image_failed_to_crop_data.png
1609626662719498719 : Checking separation double page angle 90.053197600644
1609626662719628420 : Checking separation double page y=0 2480
1609626667626885379 : Checking page rotation 1 0.15000000000000002
1609626668764618073 : Checking page rotation 2 0.0
1609626679132875651 : Checking image 1 crop x1 51
1609626679132993252 : Checking image 1 crop y1 7
1609626679133034752 : Checking image 1 crop x2 2478
1609626679133071652 : Checking image 1 crop y2 3505
1609626682551221611 : Checking image 2 crop x1 160
1609626682551347512 : Checking image 2 crop y1 217
1609626682551392612 : Checking image 2 crop x2 2242
1609626682551433312 : Checking image 2 crop y2 3350
1609626682551640613 : Checking image 1 dpi 300
1609626682551723314 : Checking image 1 border top 5
1609626682551763014 : Checking image 1 border bottom 5
1609626682551798314 : Checking image 1 border left 27
1609626682551833615 : Checking image 1 border right 27
1609626682554322931 : Checking image 2 dpi 300
1609626682554426531 : Checking image 2 border top 206
1609626682554462732 : Checking image 2 border bottom 148
1609626682554496732 : Checking image 2 border left 189
1609626682554530432 : Checking image 2 border right 189

</system-out><system-err>--------------------------------- Captured Err ---------------------------------

</system-err></testcase><testcase classname="tests.test_images" name="test_crop_too_much_png" time="44.486"><system-out>--------------------------------- Captured Log ---------------------------------

--------------------------------- Captured Out ---------------------------------
/home/runner/work/ocr-book/ocr-book/tests/crop_too_much.png
1609626674926852749 : Checking separation double page angle 90.13239409272954
1609626674926969449 : Checking separation double page y=0 2455
1609626676741218181 : Checking page rotation 1 0.0
1609626678522107503 : Checking page rotation 2 0.2
1609626681382571204 : Checking image 1 crop x1 303
1609626681382717205 : Checking image 1 crop y1 148
1609626681382764906 : Checking image 1 crop x2 2313
1609626681382804606 : Checking image 1 crop y2 3351
1609626683403631786 : Checking image 2 crop x1 162
1609626683403747287 : Checking image 2 crop y1 151
1609626683403789287 : Checking image 2 crop x2 2186
1609626683403826987 : Checking image 2 crop y2 3363
1609626683404011388 : Checking image 1 dpi 300
1609626683404084889 : Checking image 1 border top 132
1609626683404124589 : Checking image 1 border bottom 152
1609626683404160389 : Checking image 1 border left 225
1609626683404194890 : Checking image 1 border right 225
1609626683406735506 : Checking image 2 dpi 300
1609626683406801206 : Checking image 2 border top 132
1609626683406836606 : Checking image 2 border bottom 143
1609626683406870007 : Checking image 2 border left 218
1609626683406903307 : Checking image 2 border right 218

</system-out><system-err>--------------------------------- Captured Err ---------------------------------

</system-err></testcase><testcase classname="tests.test_images" name="test_wrong_angle_split_line_png" time="34.447"><system-out>--------------------------------- Captured Log ---------------------------------

--------------------------------- Captured Out ---------------------------------
/home/runner/work/ocr-book/ocr-book/tests/wrong_angle_split_line.png
1609626702421553964 : Checking separation double page angle 90.09193420006348
1609626702421706765 : Checking separation double page y=0 2478
1609626703756851254 : Checking page rotation 1 0.1
1609626705026698919 : Checking page rotation 2 0.1
1609626711286656772 : Checking image 1 crop x1 58
1609626711286765372 : Checking image 1 crop y1 6
1609626711286806573 : Checking image 1 crop x2 2476
1609626711286842573 : Checking image 1 crop y2 3501
1609626716310688343 : Checking image 2 crop x1 166
1609626716310817443 : Checking image 2 crop y1 218
1609626716310862544 : Checking image 2 crop x2 2244
1609626716310902944 : Checking image 2 crop y2 3349
1609626716311097945 : Checking image 1 dpi 300
1609626716311189046 : Checking image 1 border top 6
1609626716311229446 : Checking image 1 border bottom 6
1609626716311266146 : Checking image 1 border left 31
1609626716311302946 : Checking image 1 border right 31
1609626716319650100 : Checking image 2 dpi 300
1609626716319765101 : Checking image 2 border top 207
1609626716319804501 : Checking image 2 border bottom 149
1609626716319840201 : Checking image 2 border left 191
1609626716319875601 : Checking image 2 border right 191

</system-out><system-err>--------------------------------- Captured Err ---------------------------------

</system-err></testcase><testcase classname="tests.test_images" name="test_crop_too_few_png" time="29.111"><system-out>--------------------------------- Captured Log ---------------------------------

--------------------------------- Captured Out ---------------------------------
/home/runner/work/ocr-book/ocr-book/tests/crop_too_few.png
1609626705944163319 : Checking separation double page angle 89.54670238452755
1609626705944278520 : Checking separation double page y=0 2512
1609626707117105961 : Checking page rotation 1 -0.6000000000000009
1609626708436134943 : Checking page rotation 2 0.0
1609626710466796100 : Checking image 1 crop x1 263
1609626710466937801 : Checking image 1 crop y1 150
1609626710466983501 : Checking image 1 crop x2 2379
1609626710467021901 : Checking image 1 crop y2 3358
1609626712544651943 : Checking image 2 crop x1 137
1609626712544775844 : Checking image 2 crop y1 141
1609626712544821444 : Checking image 2 crop x2 2259
1609626712544862744 : Checking image 2 crop y2 3345
1609626712545044745 : Checking image 1 dpi 300
1609626712545120146 : Checking image 1 border top 130
1609626712545161946 : Checking image 1 border bottom 149
1609626712545198946 : Checking image 1 border left 172
1609626712545251447 : Checking image 1 border right 172
1609626712547722563 : Checking image 2 dpi 300
1609626712547786863 : Checking image 2 border top 130
1609626712547822663 : Checking image 2 border bottom 153
1609626712547856863 : Checking image 2 border left 169
1609626712547890764 : Checking image 2 border right 169

</system-out><system-err>--------------------------------- Captured Err ---------------------------------

</system-err></testcase><testcase classname="tests.test_images" name="test_crop_too_much_2_png" time="52.727"><system-out>--------------------------------- Captured Log ---------------------------------

--------------------------------- Captured Out ---------------------------------
/home/runner/work/ocr-book/ocr-book/tests/crop_too_much_2.png
1609626755104727684 : Checking separation double page angle 90.1149074900787
1609626755104842285 : Checking separation double page y=0 2478
1609626757028642680 : Checking page rotation 1 0.15000000000000002
1609626759225231920 : Checking page rotation 2 0.2
1609626761724440113 : Checking image 1 crop x1 330
1609626761724556714 : Checking image 1 crop y1 132
1609626761724598914 : Checking image 1 crop x2 2342
1609626761724635514 : Checking image 1 crop y2 3335
1609626765233391181 : Checking image 2 crop x1 162
1609626765233555582 : Checking image 2 crop y1 139
1609626765233601182 : Checking image 2 crop x2 2175
1609626765233679683 : Checking image 2 crop y2 3345
1609626765233880984 : Checking image 1 dpi 300
1609626765233954284 : Checking image 1 border top 122
1609626765234008985 : Checking image 1 border bottom 162
1609626765234059485 : Checking image 1 border left 224
1609626765234090985 : Checking image 1 border right 224
1609626765236365900 : Checking image 2 dpi 300
1609626765236429400 : Checking image 2 border top 130
1609626765236464600 : Checking image 2 border bottom 151
1609626765236497701 : Checking image 2 border left 223
1609626765236530501 : Checking image 2 border right 223

</system-out><system-err>--------------------------------- Captured Err ---------------------------------

</system-err></testcase><testcase classname="tests.test_images" name="test_angle_page_lower_split_line_png" time="34.913"><system-out>--------------------------------- Captured Log ---------------------------------

--------------------------------- Captured Out ---------------------------------
/home/runner/work/ocr-book/ocr-book/tests/angle_page_lower_split_line.png
1609626743829252887 : Checking separation double page angle 89.74927707086691
1609626743829415388 : Checking separation double page y=0 2474
1609626745667750687 : Checking page rotation 1 -0.14999999999999067
1609626747249918494 : Checking page rotation 2 0.1
1609626749783824682 : Checking image 1 crop x1 241
1609626749783975083 : Checking image 1 crop y1 156
1609626749784019584 : Checking image 1 crop x2 2357
1609626749784060284 : Checking image 1 crop y2 3368
1609626751990435579 : Checking image 2 crop x1 149
1609626751990546480 : Checking image 2 crop y1 146
1609626751990585280 : Checking image 2 crop x2 2259
1609626751990619880 : Checking image 2 crop y2 3351
1609626751990784181 : Checking image 1 dpi 300
1609626751990858282 : Checking image 1 border top 140
1609626751990892582 : Checking image 1 border bottom 135
1609626751990924182 : Checking image 1 border left 172
1609626751990955483 : Checking image 1 border right 172
1609626751993447998 : Checking image 2 dpi 300
1609626751993501799 : Checking image 2 border top 129
1609626751993551899 : Checking image 2 border bottom 152
1609626751993583999 : Checking image 2 border left 175
1609626751993651100 : Checking image 2 border right 175

</system-out><system-err>--------------------------------- Captured Err ---------------------------------

</system-err></testcase><testcase classname="tests.test_images" name="test_wrong_wave_split_line_png" time="50.799"><system-out>--------------------------------- Captured Log ---------------------------------

--------------------------------- Captured Out ---------------------------------
/home/runner/work/ocr-book/ocr-book/tests/wrong_wave_split_line.png
1609626788516108468 : Checking separation double page angle 90.37878604107719
1609626788516224469 : Checking separation double page y=0 2500
1609626789880789110 : Checking page rotation 1 -0.14999999999999067
1609626791238403507 : Checking page rotation 2 0.9
1609626797091738753 : Checking image 1 crop x1 385
1609626797091880153 : Checking image 1 crop y1 179
1609626797091925054 : Checking image 1 crop x2 2411
1609626797091964554 : Checking image 1 crop y2 3374
1609626802784978156 : Checking image 2 crop x1 17
1609626802785103457 : Checking image 2 crop y1 8
1609626802785143557 : Checking image 2 crop x2 2399
1609626802785179057 : Checking image 2 crop y2 3391
1609626802785335258 : Checking image 1 dpi 300
1609626802785407059 : Checking image 1 border top 173
1609626802785442059 : Checking image 1 border bottom 119
1609626802785473859 : Checking image 1 border left 217
1609626802785505159 : Checking image 1 border right 217
1609626802788079476 : Checking image 2 dpi 300
1609626802788145476 : Checking image 2 border top 0
1609626802788181877 : Checking image 2 border bottom 114
1609626802788212977 : Checking image 2 border left 49
1609626802788243477 : Checking image 2 border right 49

</system-out><system-err>--------------------------------- Captured Err ---------------------------------

</system-err></testcase><testcase classname="tests.test_images" name="test_wrong_split_line_2_png" time="52.350"><system-out>--------------------------------- Captured Log ---------------------------------

--------------------------------- Captured Out ---------------------------------
/home/runner/work/ocr-book/ocr-book/tests/wrong_split_line_2.png
1609626801038675803 : Checking separation double page angle 90.19944704411863
1609626801038789004 : Checking separation double page y=0 2437
1609626803318863096 : Checking page rotation 1 0.2
1609626805228902005 : Checking page rotation 2 0.2
1609626809911382781 : Checking image 1 crop x1 294
1609626809911502182 : Checking image 1 crop y1 136
1609626809911544582 : Checking image 1 crop x2 2325
1609626809911583282 : Checking image 1 crop y2 3376
1609626817603666618 : Checking image 2 crop x1 136
1609626817603780719 : Checking image 2 crop y1 190
1609626817603823319 : Checking image 2 crop x2 2172
1609626817603861119 : Checking image 2 crop y2 3389
1609626817604027720 : Checking image 1 dpi 300
1609626817604098921 : Checking image 1 border top 131
1609626817604136921 : Checking image 1 border bottom 116
1609626817604200821 : Checking image 1 border left 214
1609626817604503723 : Checking image 1 border right 214
1609626817607329842 : Checking image 2 dpi 300
1609626817607408042 : Checking image 2 border top 181
1609626817607463343 : Checking image 2 border bottom 107
1609626817607521943 : Checking image 2 border left 212
1609626817607557143 : Checking image 2 border right 212

</system-out><system-err>--------------------------------- Captured Err ---------------------------------

</system-err></testcase><testcase classname="tests.test_images" name="test_no_split_line_line_algo_png" time="34.123"><system-out>--------------------------------- Captured Log ---------------------------------

--------------------------------- Captured Out ---------------------------------
/home/runner/work/ocr-book/ocr-book/tests/no_split_line_line_algo.png
1609626828347763972 : Checking separation double page angle 89.47691469185418
1609626828347907973 : Checking separation double page y=0 2476
1609626829460455217 : Checking page rotation 1 -0.14999999999999067
1609626831140379405 : Checking page rotation 2 -0.14999999999999067
1609626832756937506 : Checking image 1 crop x1 205
1609626832757080308 : Checking image 1 crop y1 158
1609626832757141709 : Checking image 1 crop x2 2320
1609626832757182510 : Checking image 1 crop y2 3366
1609626836923545769 : Checking image 2 crop x1 185
1609626836923654770 : Checking image 2 crop y1 225
1609626836923693771 : Checking image 2 crop x2 2204
1609626836923729271 : Checking image 2 crop y2 3362
1609626836923899474 : Checking image 1 dpi 300
1609626836923991375 : Checking image 1 border top 144
1609626836924050076 : Checking image 1 border bottom 134
1609626836924086877 : Checking image 1 border left 172
1609626836924123577 : Checking image 1 border right 172
1609626836926674915 : Checking image 2 dpi 300
1609626836926738516 : Checking image 2 border top 223
1609626836926775216 : Checking image 2 border bottom 127
1609626836926807117 : Checking image 2 border left 220
1609626836926839017 : Checking image 2 border right 220

</system-out><system-err>--------------------------------- Captured Err ---------------------------------

</system-err></testcase><testcase classname="tests.test_images" name="test_small_wave_png" time="46.505"><system-out>--------------------------------- Captured Log ---------------------------------

--------------------------------- Captured Out ---------------------------------
/home/runner/work/ocr-book/ocr-book/tests/small_wave.png
1609626857587711409 : Checking separation double page angle 90.58816928841564
1609626857587854211 : Checking separation double page y=0 2497
1609626859512403443 : Checking page rotation 1 0.65
1609626861190613069 : Checking page rotation 2 0.65
1609626862599254531 : Checking image 1 crop x1 320
1609626862599370733 : Checking image 1 crop y1 199
1609626862599424034 : Checking image 1 crop x2 2353
1609626862599459134 : Checking image 1 crop y2 3394
1609626864111400628 : Checking image 2 crop x1 130
1609626864111529229 : Checking image 2 crop y1 222
1609626864111597530 : Checking image 2 crop x2 2163
1609626864111636730 : Checking image 2 crop y2 3420
1609626864111812632 : Checking image 1 dpi 300
1609626864111886433 : Checking image 1 border top 179
1609626864111941033 : Checking image 1 border bottom 112
1609626864111990734 : Checking image 1 border left 213
1609626864112041934 : Checking image 1 border right 213
1609626864114390557 : Checking image 2 dpi 300
1609626864114451757 : Checking image 2 border top 197
1609626864114485558 : Checking image 2 border bottom 92
1609626864114517558 : Checking image 2 border left 213
1609626864114548958 : Checking image 2 border right 213

</system-out><system-err>--------------------------------- Captured Err ---------------------------------

</system-err></testcase><testcase classname="tests.test_images" name="test_failed_split_line_line_algo_png" time="17.611"><system-out>--------------------------------- Captured Log ---------------------------------

--------------------------------- Captured Out ---------------------------------
/home/runner/work/ocr-book/ocr-book/tests/failed_split_line_line_algo.png
1609626850081376960 : Checking separation double page angle 90.04134220573248
1609626850081493361 : Checking separation double page y=0 2573
1609626850887972685 : Checking page rotation 1 -0.09999999999999377
1609626851547467965 : Checking page rotation 2 0.1
1609626853532982882 : Checking image 1 crop x1 408
1609626853533102783 : Checking image 1 crop y1 2926
1609626853533142884 : Checking image 1 crop x2 2420
1609626853533177184 : Checking image 1 crop y2 3173
1609626854563488013 : Checking image 2 crop x1 1184
1609626854563589214 : Checking image 2 crop y1 1745
1609626854563624614 : Checking image 2 crop x2 1185
1609626854563655415 : Checking image 2 crop y2 1746
1609626854563822116 : Checking image 1 dpi 300
1609626854563900117 : Checking image 1 border top 2922
1609626854563936018 : Checking image 1 border bottom 318
1609626854563988318 : Checking image 1 border left 224
1609626854564022619 : Checking image 1 border right 224
1609626854565521135 : Checking image 2 dpi 300
1609626854565672937 : Checking image 2 border top 1753
1609626854565728338 : Checking image 2 border bottom 1753
1609626854565786938 : Checking image 2 border left 1239
1609626854565818339 : Checking image 2 border right 1239

</system-out><system-err>--------------------------------- Captured Err ---------------------------------

</system-err></testcase><testcase classname="tests.test_images" name="test_failed_split_line_line_algo_2_png" time="38.228"><system-out>--------------------------------- Captured Log ---------------------------------

--------------------------------- Captured Out ---------------------------------
/home/runner/work/ocr-book/ocr-book/tests/failed_split_line_line_algo_2.png
1609626886740304186 : Checking separation double page angle 90.03068774449687
1609626886740433288 : Checking separation double page y=0 2500
1609626888266120560 : Checking page rotation 1 0.05
1609626889537880913 : Checking page rotation 2 0.5499999999999999
1609626891172077485 : Checking image 1 crop x1 271
1609626891172188686 : Checking image 1 crop y1 149
1609626891172227086 : Checking image 1 crop x2 2382
1609626891172259987 : Checking image 1 crop y2 3354
1609626892752072871 : Checking image 2 crop x1 120
1609626892752243272 : Checking image 2 crop y1 155
1609626892752283073 : Checking image 2 crop x2 2244
1609626892752318873 : Checking image 2 crop y2 3350
1609626892752497775 : Checking image 1 dpi 300
1609626892752573376 : Checking image 1 border top 141
1609626892752608976 : Checking image 1 border bottom 141
1609626892752641577 : Checking image 1 border left 174
1609626892752674277 : Checking image 1 border right 174
1609626892754724099 : Checking image 2 dpi 300
1609626892754836700 : Checking image 2 border top 140
1609626892754873401 : Checking image 2 border bottom 152
1609626892754907501 : Checking image 2 border left 168
1609626892754941602 : Checking image 2 border right 168

</system-out><system-err>--------------------------------- Captured Err ---------------------------------

</system-err></testcase><testcase classname="tests.test_images" name="test_wrong_split_line_3_png" time="34.961"><system-out>--------------------------------- Captured Log ---------------------------------

--------------------------------- Captured Out ---------------------------------
/home/runner/work/ocr-book/ocr-book/tests/wrong_split_line_3.png
1609626892557609268 : Checking separation double page angle 90.43729500214694
1609626892557740469 : Checking separation double page y=0 2498
1609626894198644513 : Checking page rotation 1 0.2
1609626895495617139 : Checking page rotation 2 0.85
1609626897195225423 : Checking image 1 crop x1 331
1609626897195394525 : Checking image 1 crop y1 166
1609626897195459525 : Checking image 1 crop x2 2377
1609626897195531726 : Checking image 1 crop y2 3375
1609626899095731900 : Checking image 2 crop x1 102
1609626899095854001 : Checking image 2 crop y1 207
1609626899095900002 : Checking image 2 crop x2 2135
1609626899095941802 : Checking image 2 crop y2 3414
1609626899096099304 : Checking image 1 dpi 300
1609626899096175305 : Checking image 1 border top 158
1609626899096217406 : Checking image 1 border bottom 120
1609626899096254806 : Checking image 1 border left 207
1609626899096306707 : Checking image 1 border right 207
1609626899098645034 : Checking image 2 dpi 300
1609626899098710035 : Checking image 2 border top 186
1609626899098745935 : Checking image 2 border bottom 94
1609626899098779935 : Checking image 2 border left 213
1609626899098814336 : Checking image 2 border right 213

</system-out><system-err>--------------------------------- Captured Err ---------------------------------

</system-err></testcase><testcase classname="tests.test_images" name="test_crop_too_much_3_png" time="38.995"><system-out>--------------------------------- Captured Log ---------------------------------

--------------------------------- Captured Out ---------------------------------
/home/runner/work/ocr-book/ocr-book/tests/crop_too_much_3.png
1609626924187994482 : Checking separation double page angle 89.49330634783144
1609626924188116983 : Checking separation double page y=0 2498
1609626925471199193 : Checking page rotation 1 -0.8999999999999949
1609626927235451657 : Checking page rotation 2 -0.14999999999999067
1609626929520175157 : Checking image 1 crop x1 374
1609626929520326859 : Checking image 1 crop y1 258
1609626929520375859 : Checking image 1 crop x2 2385
1609626929520415060 : Checking image 1 crop y2 3459
1609626931765047564 : Checking image 2 crop x1 168
1609626931765176966 : Checking image 2 crop y1 228
1609626931765222766 : Checking image 2 crop x2 2181
1609626931765278967 : Checking image 2 crop y2 3417
1609626931765469069 : Checking image 1 dpi 300
1609626931765561970 : Checking image 1 border top 239
1609626931765598770 : Checking image 1 border bottom 47
1609626931765684871 : Checking image 1 border left 224
1609626931765720472 : Checking image 1 border right 224
1609626931768172298 : Checking image 2 dpi 300
1609626931768230898 : Checking image 2 border top 209
1609626931768264799 : Checking image 2 border bottom 89
1609626931768296999 : Checking image 2 border left 223
1609626931768328799 : Checking image 2 border right 223

</system-out><system-err>--------------------------------- Captured Err ---------------------------------

</system-err></testcase><testcase classname="tests.test_images" name="test_wrong_wave_split_line_2_png" time="41.971"><system-out>--------------------------------- Captured Log ---------------------------------

--------------------------------- Captured Out ---------------------------------
/home/runner/work/ocr-book/ocr-book/tests/wrong_wave_split_line_2.png
1609626933079985068 : Checking separation double page angle 90.7708958311329
1609626933080111069 : Checking separation double page y=0 2490
1609626934742589174 : Checking page rotation 1 0.2
1609626936414373694 : Checking page rotation 2 1.65
1609626938087357027 : Checking image 1 crop x1 227
1609626938087467928 : Checking image 1 crop y1 147
1609626938087508228 : Checking image 1 crop x2 2342
1609626938087544529 : Checking image 1 crop y2 3353
1609626941062528896 : Checking image 2 crop x1 106
1609626941062649698 : Checking image 2 crop y1 195
1609626941062694598 : Checking image 2 crop x2 2231
1609626941062735199 : Checking image 2 crop y2 3398
1609626941062922701 : Checking image 1 dpi 300
1609626941063014502 : Checking image 1 border top 136
1609626941063056802 : Checking image 1 border bottom 145
1609626941063094403 : Checking image 1 border left 172
1609626941063131103 : Checking image 1 border right 172
1609626941065399029 : Checking image 2 dpi 300
1609626941065469329 : Checking image 2 border top 165
1609626941065507930 : Checking image 2 border bottom 118
1609626941065544230 : Checking image 2 border left 167
1609626941065580531 : Checking image 2 border right 167

</system-out><system-err>--------------------------------- Captured Err ---------------------------------

</system-err></testcase><testcase classname="tests.test_images" name="test_wrong_wave_split_line_3_png" time="37.616"><system-out>--------------------------------- Captured Log ---------------------------------

--------------------------------- Captured Out ---------------------------------
/home/runner/work/ocr-book/ocr-book/tests/wrong_wave_split_line_3.png
1609626962841432358 : Checking separation double page angle 90.05826063695574
1609626962842133566 : Checking separation double page y=0 2514
1609626964457349391 : Checking page rotation 1 0.0
1609626965788621511 : Checking page rotation 2 0.2
1609626967831224158 : Checking image 1 crop x1 274
1609626967831346260 : Checking image 1 crop y1 221
1609626967831387660 : Checking image 1 crop x2 2383
1609626967831423561 : Checking image 1 crop y2 3422
1609626969397516250 : Checking image 2 crop x1 112
1609626969397651152 : Checking image 2 crop y1 225
1609626969397695852 : Checking image 2 crop x2 2238
1609626969397732753 : Checking image 2 crop y2 3415
1609626969397913355 : Checking image 1 dpi 300
1609626969397987656 : Checking image 1 border top 201
1609626969398022756 : Checking image 1 border bottom 85
1609626969398055057 : Checking image 1 border left 175
1609626969398087357 : Checking image 1 border right 175
1609626969400316982 : Checking image 2 dpi 300
1609626969400377383 : Checking image 2 border top 207
1609626969400414983 : Checking image 2 border bottom 90
1609626969400451084 : Checking image 2 border left 167
1609626969400486984 : Checking image 2 border right 167

</system-out><system-err>--------------------------------- Captured Err ---------------------------------

</system-err></testcase><testcase classname="tests.test_images" name="test_no_split_line_wave_algo_png" time="50.361"><system-out>--------------------------------- Captured Log ---------------------------------

--------------------------------- Captured Out ---------------------------------
/home/runner/work/ocr-book/ocr-book/tests/no_split_line_wave_algo.png
1609626969999073948 : Checking separation double page angle 89.72500000000001
1609626969999200650 : Checking separation double page y=0 2484
1609626973297556923 : Checking page rotation 1 0.0
1609626974874416242 : Checking page rotation 2 -0.44999999999999746
1609626984185530829 : Checking image 1 crop x1 97
1609626984185666031 : Checking image 1 crop y1 79
1609626984185717832 : Checking image 1 crop x2 2494
1609626984185757232 : Checking image 1 crop y2 3505
1609626991394921192 : Checking image 2 crop x1 163
1609626991395036794 : Checking image 2 crop y1 267
1609626991395084394 : Checking image 2 crop x2 2238
1609626991395124195 : Checking image 2 crop y2 3380
1609626991395301197 : Checking image 1 dpi 300
1609626991395375197 : Checking image 1 border top 41
1609626991395414898 : Checking image 1 border bottom 41
1609626991395465999 : Checking image 1 border left 42
1609626991395514399 : Checking image 1 border right 42
1609626991397894626 : Checking image 2 dpi 300
1609626991397958427 : Checking image 2 border top 255
1609626991398000427 : Checking image 2 border bottom 119
1609626991398034128 : Checking image 2 border left 192
1609626991398068028 : Checking image 2 border right 192

</system-out><system-err>--------------------------------- Captured Err ---------------------------------

</system-err></testcase><testcase classname="tests.test_images" name="test_no_split_line_wave_algo_2_png" time="29.943"><system-out>--------------------------------- Captured Log ---------------------------------

--------------------------------- Captured Out ---------------------------------
/home/runner/work/ocr-book/ocr-book/tests/no_split_line_wave_algo_2.png
1609626993379670576 : Checking separation double page angle 90.54999999999998
1609626993380404285 : Checking separation double page y=0 2478
1609626994731387690 : Checking page rotation 1 1.0999999999999999
1609626996161098088 : Checking page rotation 2 0.2
1609626997911821022 : Checking image 1 crop x1 266
1609626997911934323 : Checking image 1 crop y1 210
1609626997911973824 : Checking image 1 crop x2 2342
1609626997912007624 : Checking image 1 crop y2 3413
1609626999339212693 : Checking image 2 crop x1 168
1609626999339339895 : Checking image 2 crop y1 241
1609626999339382395 : Checking image 2 crop x2 2251
1609626999339421296 : Checking image 2 crop y2 3433
1609626999339604898 : Checking image 1 dpi 300
1609626999339686099 : Checking image 1 border top 192
1609626999339724299 : Checking image 1 border bottom 91
1609626999339759799 : Checking image 1 border left 192
1609626999339795000 : Checking image 1 border right 192
1609626999342433030 : Checking image 2 dpi 300
1609626999342516431 : Checking image 2 border top 224
1609626999342553831 : Checking image 2 border bottom 71
1609626999342588031 : Checking image 2 border left 188
1609626999342622332 : Checking image 2 border right 188

</system-out><system-err>--------------------------------- Captured Err ---------------------------------

</system-err></testcase><testcase classname="tests.test_images" name="test_crop_too_few_2_png" time="31.974"><system-out>--------------------------------- Captured Log ---------------------------------

--------------------------------- Captured Out ---------------------------------
/home/runner/work/ocr-book/ocr-book/tests/crop_too_few_2.png
1609627016142724859 : Checking separation double page angle 90.30476192320097
1609627016142891960 : Checking separation double page y=0 2531
1609627017551224868 : Checking page rotation 1 1.0999999999999999
1609627019010093848 : Checking page rotation 2 -0.04999999999999689
1609627021135001352 : Checking image 1 crop x1 289
1609627021135106953 : Checking image 1 crop y1 165
1609627021135144954 : Checking image 1 crop x2 2400
1609627021135179254 : Checking image 1 crop y2 3367
1609627023428249358 : Checking image 2 crop x1 149
1609627023428355559 : Checking image 2 crop y1 189
1609627023428395159 : Checking image 2 crop x2 2273
1609627023428432360 : Checking image 2 crop y2 3386
1609627023428581661 : Checking image 1 dpi 300
1609627023428650562 : Checking image 1 border top 157
1609627023428686763 : Checking image 1 border bottom 128
1609627023428719663 : Checking image 1 border left 174
1609627023428751663 : Checking image 1 border right 174
1609627023431070089 : Checking image 2 dpi 300
1609627023431133990 : Checking image 2 border top 181
1609627023431170491 : Checking image 2 border bottom 109
1609627023431202491 : Checking image 2 border left 168
1609627023431234191 : Checking image 2 border right 168

</system-out><system-err>--------------------------------- Captured Err ---------------------------------

</system-err></testcase><testcase classname="tests.test_images" name="test_failed_detect_rectangle_png" time="36.640"><system-out>--------------------------------- Captured Log ---------------------------------

--------------------------------- Captured Out ---------------------------------
/home/runner/work/ocr-book/ocr-book/tests/failed_detect_rectangle.png
1609627029194505430 : Checking separation double page angle 90.19837516213148
1609627029194610031 : Checking separation double page y=0 2474
1609627030647165150 : Checking page rotation 1 0.2
1609627032488446164 : Checking page rotation 2 0.15000000000000002
1609627033970923529 : Checking image 1 crop x1 257
1609627033971042830 : Checking image 1 crop y1 201
1609627033971082731 : Checking image 1 crop x2 2333
1609627033971117631 : Checking image 1 crop y2 3402
1609627035968094315 : Checking image 2 crop x1 135
1609627035968207316 : Checking image 2 crop y1 214
1609627035968246016 : Checking image 2 crop x2 2219
1609627035968281217 : Checking image 2 crop y2 3406
1609627035968471019 : Checking image 1 dpi 300
1609627035968542520 : Checking image 1 border top 188
1609627035968594820 : Checking image 1 border bottom 97
1609627035968626921 : Checking image 1 border left 192
1609627035968658621 : Checking image 1 border right 192
1609627035970849946 : Checking image 2 dpi 300
1609627035970906346 : Checking image 2 border top 202
1609627035970985647 : Checking image 2 border bottom 93
1609627035971035448 : Checking image 2 border left 188
1609627035971066548 : Checking image 2 border right 188

</system-out><system-err>--------------------------------- Captured Err ---------------------------------

</system-err></testcase><testcase classname="tests.test_images" name="test_single_page_png" time="7.006"><system-out>--------------------------------- Captured Log ---------------------------------

--------------------------------- Captured Out ---------------------------------
/home/runner/work/ocr-book/ocr-book/tests/single_page.png
1609627027317084308 : Checking separation double page angle 90.04999999999998
1609627027317211310 : Checking separation double page y=0 2476
1609627028205983156 : Checking page rotation 1 0.0
1609627028338311452 : Checking page rotation 2 0.0
1609627029946443229 : Checking image 1 crop x1 1
1609627029946585331 : Checking image 1 crop y1 8
1609627029946628232 : Checking image 1 crop x2 2470
1609627029946665332 : Checking image 1 crop y2 3505
1609627030081093851 : Checking image 2 crop x1 0
1609627030081186853 : Checking image 2 crop y1 0
1609627030081219553 : Checking image 2 crop x2 0
1609627030081250453 : Checking image 2 crop y2 0
1609627030081317254 : Checking image 1 dpi 300
1609627030081382155 : Checking image 1 border top 5
1609627030081417055 : Checking image 1 border bottom 5
1609627030081449756 : Checking image 1 border left 6
1609627030081482256 : Checking image 1 border right 6
1609627030088058230 : Checking image 2 border top 0
1609627030088139531 : Checking image 2 border bottom 0
1609627030088170231 : Checking image 2 border left 0
1609627030088200532 : Checking image 2 border right 0

</system-out><system-err>--------------------------------- Captured Err ---------------------------------

</system-err></testcase><testcase classname="tests.test_images" name="test_wrong_split_line_4_png" time="18.089"><system-out>--------------------------------- Captured Log ---------------------------------

--------------------------------- Captured Out ---------------------------------
/home/runner/work/ocr-book/ocr-book/tests/wrong_split_line_4.png
1609627044254949046 : Checking separation double page angle 91.04999999999998
1609627044255055148 : Checking separation double page y=0 60
1609627044359479629 : Checking page rotation 1 1.0
1609627045699678391 : Checking page rotation 2 1.05
1609627046248093295 : Checking image 1 crop x1 0
1609627046248181296 : Checking image 1 crop y1 0
1609627046248218197 : Checking image 1 crop x2 0
1609627046248252897 : Checking image 1 crop y2 0
1609627048567629237 : Checking image 2 crop x1 291
1609627048567749238 : Checking image 2 crop y1 330
1609627048567789739 : Checking image 2 crop x2 2316
1609627048567825539 : Checking image 2 crop y2 3217
1609627048568033641 : Checking image 1 border top 0
1609627048568076042 : Checking image 1 border bottom 0
1609627048568111342 : Checking image 1 border left 0
1609627048568146043 : Checking image 1 border right 0
1609627048568193643 : Checking image 2 dpi 300
1609627048568260244 : Checking image 2 border top 322
1609627048568295444 : Checking image 2 border bottom 278
1609627048568328845 : Checking image 2 border left 217
1609627048568362445 : Checking image 2 border right 217

</system-out><system-err>--------------------------------- Captured Err ---------------------------------

</system-err></testcase><testcase classname="tests.test_images" name="test_no_split_line_wave_algo_3_png" time="10.793"><system-out>--------------------------------- Captured Log ---------------------------------

--------------------------------- Captured Out ---------------------------------
/home/runner/work/ocr-book/ocr-book/tests/no_split_line_wave_algo_3.png
1609627044274364666 : Checking separation double page angle 90.14999999999998
1609627044274482967 : Checking separation double page y=0 2408
1609627045262058540 : Checking page rotation 1 -0.09999999999999377
1609627045401906922 : Checking page rotation 2 0.0
1609627046274280991 : Checking image 1 crop x1 182
1609627046274378292 : Checking image 1 crop y1 2955
1609627046274425293 : Checking image 1 crop x2 2199
1609627046274459693 : Checking image 1 crop y2 3203
1609627046761492003 : Checking image 2 crop x1 0
1609627046761590004 : Checking image 2 crop y1 0
1609627046761643205 : Checking image 2 crop x2 0
1609627046761678205 : Checking image 2 crop y2 0
1609627046761750606 : Checking image 1 dpi 300
1609627046761826607 : Checking image 1 border top 2951
1609627046761863607 : Checking image 1 border bottom 288
1609627046761897708 : Checking image 1 border left 221
1609627046761931708 : Checking image 1 border right 221
1609627046767864875 : Checking image 2 border top 0
1609627046767932276 : Checking image 2 border bottom 0
1609627046767966877 : Checking image 2 border left 0
1609627046768000977 : Checking image 2 border right 0

</system-out><system-err>--------------------------------- Captured Err ---------------------------------

</system-err></testcase><testcase classname="tests.test_images" name="test_failed_split_line_line_algo_3_png" time="13.686"><system-out>--------------------------------- Captured Log ---------------------------------

--------------------------------- Captured Out ---------------------------------
/home/runner/work/ocr-book/ocr-book/tests/failed_split_line_line_algo_3.png
1609627059299025174 : Checking separation double page angle 90.0
1609627059299151076 : Checking separation double page y=0 40
1609627059375204437 : Checking page rotation 1 0.0
1609627060136442653 : Checking page rotation 2 -0.04999999999999689
1609627060512347108 : Checking image 1 crop x1 0
1609627060512430109 : Checking image 1 crop y1 0
1609627060512463809 : Checking image 1 crop x2 0
1609627060512495410 : Checking image 1 crop y2 0
1609627062270075704 : Checking image 2 crop x1 247
1609627062270165405 : Checking image 2 crop y1 153
1609627062270202905 : Checking image 2 crop x2 2260
1609627062270237505 : Checking image 2 crop y2 3360
1609627062270335006 : Checking image 1 border top 0
1609627062270372507 : Checking image 1 border bottom 0
1609627062270422607 : Checking image 1 border left 0
1609627062270455608 : Checking image 1 border right 0
1609627062270540309 : Checking image 2 dpi 300
1609627062270641710 : Checking image 2 border top 144
1609627062270694911 : Checking image 2 border bottom 136
1609627062270754511 : Checking image 2 border left 223
1609627062270789312 : Checking image 2 border right 223

</system-out><system-err>--------------------------------- Captured Err ---------------------------------

</system-err></testcase></testsuite></testsuites>