<?xml version="1.0" encoding="utf-8"?><testsuites><testsuite errors="0" failures="0" hostname="fv-az105-423" name="pytest" skipped="0" tests="36" time="646.440" timestamp="2021-01-03T20:56:33.892606"><testcase classname="tests.test_features" name="test_mock_stop_at_0" time="0.052"><system-out>--------------------------------- Captured Log ---------------------------------

--------------------------------- Captured Out ---------------------------------
/home/runner/work/ocr-book/ocr-book/tests/0001_0.png

</system-out><system-err>--------------------------------- Captured Err ---------------------------------

</system-err></testcase><testcase classname="tests.test_features" name="test_disabled_enable_debug" time="38.401"><system-out>--------------------------------- Captured Log ---------------------------------

--------------------------------- Captured Out ---------------------------------
/home/runner/work/ocr-book/ocr-book/tests/0001_debug.png
separation double page angle 90.5528088189967
separation double page y=0 2485
page rotation 1 0.5499999999999999
page rotation 2 0.2
image 1 crop x1 327
image 1 crop y1 334
image 1 crop x2 2346
image 1 crop y2 3221
image 2 crop x1 169
image 2 crop y1 648
image 2 crop x2 2186
image 2 crop y2 3361
image 1 dpi 300
image 1 border top 332
image 1 border bottom 268
image 1 border left 220
image 1 border right 220
image 2 dpi 300
image 2 border top 643
image 2 border bottom 131
image 2 border left 221
image 2 border right 221

</system-out><system-err>--------------------------------- Captured Err ---------------------------------

</system-err></testcase><testcase classname="tests.test_features" name="test_mock_stop_at_2" time="32.943"><system-out>--------------------------------- Captured Log ---------------------------------

--------------------------------- Captured Out ---------------------------------
/home/runner/work/ocr-book/ocr-book/tests/0001_2.png
separation double page angle 90.5528088189967
separation double page y=0 2485
page rotation 1 0.5499999999999999
page rotation 2 0.2

</system-out><system-err>--------------------------------- Captured Err ---------------------------------

</system-err></testcase><testcase classname="tests.test_features" name="test_mock_stop_at_4" time="37.342"><system-out>--------------------------------- Captured Log ---------------------------------

--------------------------------- Captured Out ---------------------------------
/home/runner/work/ocr-book/ocr-book/tests/0001_4.png
separation double page angle 90.5528088189967
separation double page y=0 2485
page rotation 1 0.5499999999999999
page rotation 2 0.2
image 1 crop x1 327
image 1 crop y1 334
image 1 crop x2 2346
image 1 crop y2 3221
image 2 crop x1 169
image 2 crop y1 648
image 2 crop x2 2186
image 2 crop y2 3361
image 1 dpi 300
image 1 border top 332
image 1 border bottom 268
image 1 border left 220
image 1 border right 220
image 2 dpi 300
image 2 border top 643
image 2 border bottom 131
image 2 border left 221
image 2 border right 221

</system-out><system-err>--------------------------------- Captured Err ---------------------------------

</system-err></testcase><testcase classname="tests.test_features" name="test_mock_stop_at_1" time="29.689"><system-out>--------------------------------- Captured Log ---------------------------------

--------------------------------- Captured Out ---------------------------------
/home/runner/work/ocr-book/ocr-book/tests/0001_1.png
separation double page angle 90.5528088189967
separation double page y=0 2485

</system-out><system-err>--------------------------------- Captured Err ---------------------------------

</system-err></testcase><testcase classname="tests.test_features" name="test_mock_stop_at_3" time="37.501"><system-out>--------------------------------- Captured Log ---------------------------------

--------------------------------- Captured Out ---------------------------------
/home/runner/work/ocr-book/ocr-book/tests/0001_3.png
separation double page angle 90.5528088189967
separation double page y=0 2485
page rotation 1 0.5499999999999999
page rotation 2 0.2
image 1 crop x1 327
image 1 crop y1 334
image 1 crop x2 2346
image 1 crop y2 3221
image 2 crop x1 169
image 2 crop y1 648
image 2 crop x2 2186
image 2 crop y2 3361

</system-out><system-err>--------------------------------- Captured Err ---------------------------------

</system-err></testcase><testcase classname="tests.test_images" name="test_0001_png" time="37.000"><system-out>--------------------------------- Captured Log ---------------------------------

--------------------------------- Captured Out ---------------------------------
/home/runner/work/ocr-book/ocr-book/tests/0001.png
1609707494915503853 : Checking separation double page angle 90.5528088189967
1609707494915649154 : Checking separation double page y=0 2485
1609707496132795055 : Checking page rotation 1 0.5499999999999999
1609707497781097024 : Checking page rotation 2 0.2
1609707500339007326 : Checking image 1 crop x1 327
1609707500339118827 : Checking image 1 crop y1 334
1609707500339159827 : Checking image 1 crop x2 2346
1609707500339194628 : Checking image 1 crop y2 3221
1609707502464200154 : Checking image 2 crop x1 169
1609707502464354555 : Checking image 2 crop y1 648
1609707502464398955 : Checking image 2 crop x2 2186
1609707502464433755 : Checking image 2 crop y2 3361
1609707502464595956 : Checking image 1 dpi 300
1609707502464667357 : Checking image 1 border top 332
1609707502464703157 : Checking image 1 border bottom 268
1609707502464736657 : Checking image 1 border left 220
1609707502464770857 : Checking image 1 border right 220
1609707502467177573 : Checking image 2 dpi 300
1609707502467242273 : Checking image 2 border top 643
1609707502467279374 : Checking image 2 border bottom 131
1609707502467312574 : Checking image 2 border left 221
1609707502467345574 : Checking image 2 border right 221

</system-out><system-err>--------------------------------- Captured Err ---------------------------------

</system-err></testcase><testcase classname="tests.test_features" name="test_mock_stop_at_5" time="38.134"><system-out>--------------------------------- Captured Log ---------------------------------

--------------------------------- Captured Out ---------------------------------
/home/runner/work/ocr-book/ocr-book/tests/0001_5.png
separation double page angle 90.5528088189967
separation double page y=0 2485
page rotation 1 0.5499999999999999
page rotation 2 0.2
image 1 crop x1 327
image 1 crop y1 334
image 1 crop x2 2346
image 1 crop y2 3221
image 2 crop x1 169
image 2 crop y1 648
image 2 crop x2 2186
image 2 crop y2 3361
image 1 dpi 300
image 1 border top 332
image 1 border bottom 268
image 1 border left 220
image 1 border right 220
image 2 dpi 300
image 2 border top 643
image 2 border bottom 131
image 2 border left 221
image 2 border right 221

</system-out><system-err>--------------------------------- Captured Err ---------------------------------

</system-err></testcase><testcase classname="tests.test_images" name="test_black_border_not_removed_png" time="39.704"><system-out>--------------------------------- Captured Log ---------------------------------

--------------------------------- Captured Out ---------------------------------
/home/runner/work/ocr-book/ocr-book/tests/black-border-not-removed.png
1609707532680785589 : Checking separation double page angle 90.033171103531
1609707532680900890 : Checking separation double page y=0 2455
1609707533941236213 : Checking page rotation 1 0.0
1609707535873991122 : Checking page rotation 2 0.05
1609707539198104439 : Checking image 1 crop x1 297
1609707539198216440 : Checking image 1 crop y1 143
1609707539198257140 : Checking image 1 crop x2 2309
1609707539198295640 : Checking image 1 crop y2 3346
1609707542169633706 : Checking image 2 crop x1 157
1609707542169750506 : Checking image 2 crop y1 145
1609707542169794007 : Checking image 2 crop x2 2170
1609707542169834807 : Checking image 2 crop y2 3351
1609707542170033808 : Checking image 1 dpi 300
1609707542170110709 : Checking image 1 border top 132
1609707542170147509 : Checking image 1 border bottom 152
1609707542170181409 : Checking image 1 border left 224
1609707542170215209 : Checking image 1 border right 224
1609707542173145628 : Checking image 2 dpi 300
1609707542173223429 : Checking image 2 border top 134
1609707542173262429 : Checking image 2 border bottom 147
1609707542173298129 : Checking image 2 border left 223
1609707542173333329 : Checking image 2 border right 223

</system-out><system-err>--------------------------------- Captured Err ---------------------------------

</system-err></testcase><testcase classname="tests.test_images" name="test_2_pages_2_contours_png" time="23.032"><system-out>--------------------------------- Captured Log ---------------------------------

--------------------------------- Captured Out ---------------------------------
/home/runner/work/ocr-book/ocr-book/tests/2-pages-2-contours.png
1609707556522995627 : Checking separation double page angle 90.09036871657068
1609707556523304429 : Checking separation double page y=0 2486
1609707557206781763 : Checking page rotation 1 0.0
1609707558515494105 : Checking page rotation 2 0.2
1609707559553154827 : Checking image 1 crop x1 1191
1609707559553262827 : Checking image 1 crop y1 1750
1609707559553300028 : Checking image 1 crop x2 1192
1609707559553332128 : Checking image 1 crop y2 1751
1609707561910007516 : Checking image 2 crop x1 99
1609707561910159317 : Checking image 2 crop y1 240
1609707561910203017 : Checking image 2 crop x2 2147
1609707561910241617 : Checking image 2 crop y2 3240
1609707561910411819 : Checking image 1 dpi 300
1609707561910484619 : Checking image 1 border top 1752
1609707561910524019 : Checking image 1 border bottom 1753
1609707561910576120 : Checking image 1 border left 1239
1609707561910644820 : Checking image 1 border right 1239
1609707561912254330 : Checking image 2 dpi 300
1609707561912343231 : Checking image 2 border top 229
1609707561912378431 : Checking image 2 border bottom 258
1609707561912408631 : Checking image 2 border left 206
1609707561912438531 : Checking image 2 border right 206

</system-out><system-err>--------------------------------- Captured Err ---------------------------------

</system-err></testcase><testcase classname="tests.test_images" name="test_image_failed_to_rotate_png" time="41.477"><system-out>--------------------------------- Captured Log ---------------------------------

--------------------------------- Captured Out ---------------------------------
/home/runner/work/ocr-book/ocr-book/tests/image_failed_to_rotate.png
1609707570300243546 : Checking separation double page angle 90.26767669076624
1609707570300393547 : Checking separation double page y=0 2480
1609707572463353402 : Checking page rotation 1 0.45
1609707574128552068 : Checking page rotation 2 0.2
1609707580247038901 : Checking image 1 crop x1 31
1609707580247204702 : Checking image 1 crop y1 1
1609707580247295102 : Checking image 1 crop x2 2478
1609707580247335303 : Checking image 1 crop y2 3504
1609707583548520543 : Checking image 2 crop x1 169
1609707583548636544 : Checking image 2 crop y1 231
1609707583548677545 : Checking image 2 crop x2 2257
1609707583548714745 : Checking image 2 crop y2 3358
1609707583548880846 : Checking image 1 dpi 300
1609707583548967846 : Checking image 1 border top 2
1609707583549004247 : Checking image 1 border bottom 2
1609707583549036047 : Checking image 1 border left 17
1609707583549067847 : Checking image 1 border right 17
1609707583551378262 : Checking image 2 dpi 300
1609707583551453063 : Checking image 2 border top 218
1609707583551486363 : Checking image 2 border bottom 142
1609707583551517563 : Checking image 2 border left 186
1609707583551565264 : Checking image 2 border right 186

</system-out><system-err>--------------------------------- Captured Err ---------------------------------

</system-err></testcase><testcase classname="tests.test_images" name="test_wrong_split_line_png" time="29.077"><system-out>--------------------------------- Captured Log ---------------------------------

--------------------------------- Captured Out ---------------------------------
/home/runner/work/ocr-book/ocr-book/tests/wrong_split_line.png
1609707584468246938 : Checking separation double page angle 89.93395720607973
1609707584468404739 : Checking separation double page y=0 2465
1609707585621071444 : Checking page rotation 1 -0.04999999999999689
1609707586782414908 : Checking page rotation 2 0.5499999999999999
1609707588416799316 : Checking image 1 crop x1 211
1609707588416950317 : Checking image 1 crop y1 156
1609707588416995818 : Checking image 1 crop x2 2323
1609707588417038418 : Checking image 1 crop y2 3363
1609707590982894815 : Checking image 2 crop x1 125
1609707590983053516 : Checking image 2 crop y1 166
1609707590983132416 : Checking image 2 crop x2 2236
1609707590983174216 : Checking image 2 crop y2 3373
1609707590983358018 : Checking image 1 dpi 300
1609707590983439918 : Checking image 1 border top 134
1609707590983481619 : Checking image 1 border bottom 146
1609707590983519719 : Checking image 1 border left 174
1609707590983556419 : Checking image 1 border right 174
1609707590986332638 : Checking image 2 dpi 300
1609707590986403839 : Checking image 2 border top 146
1609707590986446039 : Checking image 2 border bottom 134
1609707590986481539 : Checking image 2 border left 174
1609707590986516439 : Checking image 2 border right 174

</system-out><system-err>--------------------------------- Captured Err ---------------------------------

</system-err></testcase><testcase classname="tests.test_images" name="test_image_failed_to_crop_data_png" time="53.853"><system-out>--------------------------------- Captured Log ---------------------------------

--------------------------------- Captured Out ---------------------------------
/home/runner/work/ocr-book/ocr-book/tests/image_failed_to_crop_data.png
1609707616398801558 : Checking separation double page angle 90.053197600644
1609707616398960259 : Checking separation double page y=0 2480
1609707621489325490 : Checking page rotation 1 0.15000000000000002
1609707622627434685 : Checking page rotation 2 0.0
1609707633851214074 : Checking image 1 crop x1 51
1609707633851342575 : Checking image 1 crop y1 7
1609707633851389375 : Checking image 1 crop x2 2478
1609707633851431676 : Checking image 1 crop y2 3505
1609707637431456458 : Checking image 2 crop x1 160
1609707637431722660 : Checking image 2 crop y1 217
1609707637431766760 : Checking image 2 crop x2 2242
1609707637431807561 : Checking image 2 crop y2 3350
1609707637432089963 : Checking image 1 dpi 300
1609707637432181763 : Checking image 1 border top 5
1609707637432223163 : Checking image 1 border bottom 5
1609707637432261564 : Checking image 1 border left 27
1609707637432326764 : Checking image 1 border right 27
1609707637434774480 : Checking image 2 dpi 300
1609707637434836080 : Checking image 2 border top 206
1609707637434873481 : Checking image 2 border bottom 148
1609707637434907981 : Checking image 2 border left 189
1609707637434941881 : Checking image 2 border right 189

</system-out><system-err>--------------------------------- Captured Err ---------------------------------

</system-err></testcase><testcase classname="tests.test_images" name="test_crop_too_much_png" time="48.001"><system-out>--------------------------------- Captured Log ---------------------------------

--------------------------------- Captured Out ---------------------------------
/home/runner/work/ocr-book/ocr-book/tests/crop_too_much.png
1609707629943699557 : Checking separation double page angle 90.13239409272954
1609707629943840358 : Checking separation double page y=0 2455
1609707631938275433 : Checking page rotation 1 0.0
1609707633798348730 : Checking page rotation 2 0.2
1609707636854569607 : Checking image 1 crop x1 303
1609707636854701908 : Checking image 1 crop y1 148
1609707636854747308 : Checking image 1 crop x2 2313
1609707636854786208 : Checking image 1 crop y2 3351
1609707638967308647 : Checking image 2 crop x1 162
1609707638967475848 : Checking image 2 crop y1 151
1609707638967521448 : Checking image 2 crop x2 2186
1609707638967563849 : Checking image 2 crop y2 3363
1609707638967821550 : Checking image 1 dpi 300
1609707638967919951 : Checking image 1 border top 132
1609707638967961151 : Checking image 1 border bottom 152
1609707638967998551 : Checking image 1 border left 225
1609707638968035152 : Checking image 1 border right 225
1609707638970567968 : Checking image 2 dpi 300
1609707638970632669 : Checking image 2 border top 132
1609707638970687869 : Checking image 2 border bottom 143
1609707638970722569 : Checking image 2 border left 218
1609707638970757069 : Checking image 2 border right 218

</system-out><system-err>--------------------------------- Captured Err ---------------------------------

</system-err></testcase><testcase classname="tests.test_images" name="test_wrong_angle_split_line_png" time="35.870"><system-out>--------------------------------- Captured Log ---------------------------------

--------------------------------- Captured Out ---------------------------------
/home/runner/work/ocr-book/ocr-book/tests/wrong_angle_split_line.png
1609707657997810731 : Checking separation double page angle 90.09193420006348
1609707657997939532 : Checking separation double page y=0 2478
1609707659440171447 : Checking page rotation 1 0.1
1609707660693914158 : Checking page rotation 2 0.1
1609707667296263409 : Checking image 1 crop x1 58
1609707667296411810 : Checking image 1 crop y1 6
1609707667296455310 : Checking image 1 crop x2 2476
1609707667296494611 : Checking image 1 crop y2 3501
1609707672568577835 : Checking image 2 crop x1 166
1609707672568697735 : Checking image 2 crop y1 218
1609707672568740536 : Checking image 2 crop x2 2244
1609707672568781436 : Checking image 2 crop y2 3349
1609707672568965537 : Checking image 1 dpi 300
1609707672569049038 : Checking image 1 border top 6
1609707672569087238 : Checking image 1 border bottom 6
1609707672569122238 : Checking image 1 border left 31
1609707672569157238 : Checking image 1 border right 31
1609707672577641593 : Checking image 2 dpi 300
1609707672577768694 : Checking image 2 border top 207
1609707672577808894 : Checking image 2 border bottom 149
1609707672577844394 : Checking image 2 border left 191
1609707672577879194 : Checking image 2 border right 191

</system-out><system-err>--------------------------------- Captured Err ---------------------------------

</system-err></testcase><testcase classname="tests.test_images" name="test_crop_too_few_png" time="30.629"><system-out>--------------------------------- Captured Log ---------------------------------

--------------------------------- Captured Out ---------------------------------
/home/runner/work/ocr-book/ocr-book/tests/crop_too_few.png
1609707662573263465 : Checking separation double page angle 89.54670238452755
1609707662573413766 : Checking separation double page y=0 2512
1609707663811739684 : Checking page rotation 1 -0.6000000000000009
1609707665307494410 : Checking page rotation 2 0.0
1609707667466888107 : Checking image 1 crop x1 263
1609707667467053708 : Checking image 1 crop y1 150
1609707667467130909 : Checking image 1 crop x2 2379
1609707667467169609 : Checking image 1 crop y2 3358
1609707669623270485 : Checking image 2 crop x1 137
1609707669623397286 : Checking image 2 crop y1 141
1609707669623438886 : Checking image 2 crop x2 2259
1609707669623477387 : Checking image 2 crop y2 3345
1609707669623644988 : Checking image 1 dpi 300
1609707669623722588 : Checking image 1 border top 130
1609707669623759988 : Checking image 1 border bottom 149
1609707669623793689 : Checking image 1 border left 172
1609707669623826989 : Checking image 1 border right 172
1609707669628674620 : Checking image 2 dpi 300
1609707669628776721 : Checking image 2 border top 130
1609707669628819021 : Checking image 2 border bottom 153
1609707669628852321 : Checking image 2 border left 169
1609707669628885021 : Checking image 2 border right 169

</system-out><system-err>--------------------------------- Captured Err ---------------------------------

</system-err></testcase><testcase classname="tests.test_images" name="test_crop_too_much_2_png" time="56.155"><system-out>--------------------------------- Captured Log ---------------------------------

--------------------------------- Captured Out ---------------------------------
/home/runner/work/ocr-book/ocr-book/tests/crop_too_much_2.png
1609707715262281604 : Checking separation double page angle 90.1149074900787
1609707715262419305 : Checking separation double page y=0 2478
1609707717265271945 : Checking page rotation 1 0.15000000000000002
1609707719524940019 : Checking page rotation 2 0.2
1609707722107131938 : Checking image 1 crop x1 330
1609707722107291539 : Checking image 1 crop y1 132
1609707722107338139 : Checking image 1 crop x2 2342
1609707722107378440 : Checking image 1 crop y2 3335
1609707725747784387 : Checking image 2 crop x1 162
1609707725747937888 : Checking image 2 crop y1 139
1609707725747985488 : Checking image 2 crop x2 2175
1609707725748043489 : Checking image 2 crop y2 3345
1609707725748237990 : Checking image 1 dpi 300
1609707725748367391 : Checking image 1 border top 122
1609707725748414991 : Checking image 1 border bottom 162
1609707725748451391 : Checking image 1 border left 224
1609707725748486991 : Checking image 1 border right 224
1609707725751803013 : Checking image 2 dpi 300
1609707725751896013 : Checking image 2 border top 130
1609707725751935413 : Checking image 2 border bottom 151
1609707725751971014 : Checking image 2 border left 223
1609707725752005914 : Checking image 2 border right 223

</system-out><system-err>--------------------------------- Captured Err ---------------------------------

</system-err></testcase><testcase classname="tests.test_images" name="test_angle_page_lower_split_line_png" time="37.123"><system-out>--------------------------------- Captured Log ---------------------------------

--------------------------------- Captured Out ---------------------------------
/home/runner/work/ocr-book/ocr-book/tests/angle_page_lower_split_line.png
1609707702017374223 : Checking separation double page angle 89.74927707086691
1609707702017498824 : Checking separation double page y=0 2474
1609707704031475427 : Checking page rotation 1 -0.14999999999999067
1609707705752187548 : Checking page rotation 2 0.1
1609707708245461117 : Checking image 1 crop x1 241
1609707708245578617 : Checking image 1 crop y1 156
1609707708245619718 : Checking image 1 crop x2 2357
1609707708245656918 : Checking image 1 crop y2 3368
1609707710517843471 : Checking image 2 crop x1 149
1609707710517991171 : Checking image 2 crop y1 146
1609707710518073372 : Checking image 2 crop x2 2259
1609707710518129972 : Checking image 2 crop y2 3351
1609707710518302673 : Checking image 1 dpi 300
1609707710518383774 : Checking image 1 border top 140
1609707710518422374 : Checking image 1 border bottom 135
1609707710518474575 : Checking image 1 border left 172
1609707710518509375 : Checking image 1 border right 172
1609707710521160992 : Checking image 2 dpi 300
1609707710521224492 : Checking image 2 border top 129
1609707710521260892 : Checking image 2 border bottom 152
1609707710521294993 : Checking image 2 border left 175
1609707710521328993 : Checking image 2 border right 175

</system-out><system-err>--------------------------------- Captured Err ---------------------------------

</system-err></testcase><testcase classname="tests.test_images" name="test_wrong_wave_split_line_png" time="53.814"><system-out>--------------------------------- Captured Log ---------------------------------

--------------------------------- Captured Out ---------------------------------
/home/runner/work/ocr-book/ocr-book/tests/wrong_wave_split_line.png
1609707749031706975 : Checking separation double page angle 90.37878604107719
1609707749031825175 : Checking separation double page y=0 2500
1609707750646599629 : Checking page rotation 1 -0.14999999999999067
1609707752293388990 : Checking page rotation 2 0.9
1609707758531985191 : Checking image 1 crop x1 385
1609707758532102292 : Checking image 1 crop y1 179
1609707758532144592 : Checking image 1 crop x2 2411
1609707758532182993 : Checking image 1 crop y2 3374
1609707764321512183 : Checking image 2 crop x1 17
1609707764321653384 : Checking image 2 crop y1 8
1609707764321701684 : Checking image 2 crop x2 2399
1609707764321749384 : Checking image 2 crop y2 3391
1609707764321921985 : Checking image 1 dpi 300
1609707764322012486 : Checking image 1 border top 173
1609707764322051786 : Checking image 1 border bottom 119
1609707764322088386 : Checking image 1 border left 217
1609707764322141287 : Checking image 1 border right 217
1609707764325358807 : Checking image 2 dpi 300
1609707764325455508 : Checking image 2 border top 0
1609707764325493208 : Checking image 2 border bottom 114
1609707764325526408 : Checking image 2 border left 49
1609707764325564709 : Checking image 2 border right 49

</system-out><system-err>--------------------------------- Captured Err ---------------------------------

</system-err></testcase><testcase classname="tests.test_images" name="test_wrong_split_line_2_png" time="55.108"><system-out>--------------------------------- Captured Log ---------------------------------

--------------------------------- Captured Out ---------------------------------
/home/runner/work/ocr-book/ocr-book/tests/wrong_split_line_2.png
1609707764359100023 : Checking separation double page angle 90.19944704411863
1609707764359210124 : Checking separation double page y=0 2437
1609707766359626200 : Checking page rotation 1 0.2
1609707768290220132 : Checking page rotation 2 0.2
1609707773093722027 : Checking image 1 crop x1 294
1609707773093855328 : Checking image 1 crop y1 136
1609707773093896528 : Checking image 1 crop x2 2325
1609707773093936028 : Checking image 1 crop y2 3376
1609707780860801861 : Checking image 2 crop x1 136
1609707780860951862 : Checking image 2 crop y1 190
1609707780860995362 : Checking image 2 crop x2 2172
1609707780861035562 : Checking image 2 crop y2 3389
1609707780861223564 : Checking image 1 dpi 300
1609707780861300164 : Checking image 1 border top 131
1609707780861347264 : Checking image 1 border bottom 116
1609707780861382465 : Checking image 1 border left 214
1609707780861416565 : Checking image 1 border right 214
1609707780864474584 : Checking image 2 dpi 300
1609707780864560885 : Checking image 2 border top 181
1609707780864600785 : Checking image 2 border bottom 107
1609707780864636785 : Checking image 2 border left 212
1609707780864672786 : Checking image 2 border right 212

</system-out><system-err>--------------------------------- Captured Err ---------------------------------

</system-err></testcase><testcase classname="tests.test_images" name="test_no_split_line_line_algo_png" time="35.859"><system-out>--------------------------------- Captured Log ---------------------------------

--------------------------------- Captured Out ---------------------------------
/home/runner/work/ocr-book/ocr-book/tests/no_split_line_line_algo.png
1609707791211807019 : Checking separation double page angle 89.47691469185418
1609707791211929119 : Checking separation double page y=0 2476
1609707792387968765 : Checking page rotation 1 -0.14999999999999067
1609707794152527683 : Checking page rotation 2 -0.14999999999999067
1609707795863706258 : Checking image 1 crop x1 205
1609707795863890759 : Checking image 1 crop y1 158
1609707795863932059 : Checking image 1 crop x2 2320
1609707795864031060 : Checking image 1 crop y2 3366
1609707800195181341 : Checking image 2 crop x1 185
1609707800195301441 : Checking image 2 crop y1 225
1609707800195346342 : Checking image 2 crop x2 2204
1609707800195386042 : Checking image 2 crop y2 3362
1609707800195637744 : Checking image 1 dpi 300
1609707800195732344 : Checking image 1 border top 144
1609707800195768944 : Checking image 1 border bottom 134
1609707800195803545 : Checking image 1 border left 172
1609707800195837245 : Checking image 1 border right 172
1609707800198783064 : Checking image 2 dpi 300
1609707800198865464 : Checking image 2 border top 223
1609707800198904465 : Checking image 2 border bottom 127
1609707800198940465 : Checking image 2 border left 220
1609707800198976165 : Checking image 2 border right 220

</system-out><system-err>--------------------------------- Captured Err ---------------------------------

</system-err></testcase><testcase classname="tests.test_images" name="test_small_wave_png" time="49.449"><system-out>--------------------------------- Captured Log ---------------------------------

--------------------------------- Captured Out ---------------------------------
/home/runner/work/ocr-book/ocr-book/tests/small_wave.png
1609707823539913831 : Checking separation double page angle 90.58816928841564
1609707823540048332 : Checking separation double page y=0 2497
1609707825579631874 : Checking page rotation 1 0.65
1609707827266520456 : Checking page rotation 2 0.65
1609707828710548786 : Checking image 1 crop x1 320
1609707828710698587 : Checking image 1 crop y1 199
1609707828710742387 : Checking image 1 crop x2 2353
1609707828710797587 : Checking image 1 crop y2 3394
1609707830321433582 : Checking image 2 crop x1 130
1609707830321559483 : Checking image 2 crop y1 222
1609707830321602483 : Checking image 2 crop x2 2163
1609707830321642384 : Checking image 2 crop y2 3420
1609707830321972886 : Checking image 1 dpi 300
1609707830322066986 : Checking image 1 border top 179
1609707830322110687 : Checking image 1 border bottom 112
1609707830322147987 : Checking image 1 border left 213
1609707830322184587 : Checking image 1 border right 213
1609707830326649416 : Checking image 2 dpi 300
1609707830326739116 : Checking image 2 border top 197
1609707830326795517 : Checking image 2 border bottom 92
1609707830326831717 : Checking image 2 border left 213
1609707830326867717 : Checking image 2 border right 213

</system-out><system-err>--------------------------------- Captured Err ---------------------------------

</system-err></testcase><testcase classname="tests.test_images" name="test_failed_split_line_line_algo_png" time="18.440"><system-out>--------------------------------- Captured Log ---------------------------------

--------------------------------- Captured Out ---------------------------------
/home/runner/work/ocr-book/ocr-book/tests/failed_split_line_line_algo.png
1609707814105375483 : Checking separation double page angle 90.04134220573248
1609707814105505384 : Checking separation double page y=0 2573
1609707814894003237 : Checking page rotation 1 -0.09999999999999377
1609707815527716598 : Checking page rotation 2 0.1
1609707817620475706 : Checking image 1 crop x1 408
1609707817620595907 : Checking image 1 crop y1 2926
1609707817620637407 : Checking image 1 crop x2 2420
1609707817620680707 : Checking image 1 crop y2 3173
1609707818666905410 : Checking image 2 crop x1 1184
1609707818667009311 : Checking image 2 crop y1 1745
1609707818667047111 : Checking image 2 crop x2 1185
1609707818667080211 : Checking image 2 crop y2 1746
1609707818667214612 : Checking image 1 dpi 300
1609707818667298013 : Checking image 1 border top 2922
1609707818667351413 : Checking image 1 border bottom 318
1609707818667402013 : Checking image 1 border left 224
1609707818667454714 : Checking image 1 border right 224
1609707818669276625 : Checking image 2 dpi 300
1609707818669335526 : Checking image 2 border top 1753
1609707818669370526 : Checking image 2 border bottom 1753
1609707818669403626 : Checking image 2 border left 1239
1609707818669436526 : Checking image 2 border right 1239

</system-out><system-err>--------------------------------- Captured Err ---------------------------------

</system-err></testcase><testcase classname="tests.test_images" name="test_failed_split_line_line_algo_2_png" time="40.245"><system-out>--------------------------------- Captured Log ---------------------------------

--------------------------------- Captured Out ---------------------------------
/home/runner/work/ocr-book/ocr-book/tests/failed_split_line_line_algo_2.png
1609707852860478503 : Checking separation double page angle 90.03068774449687
1609707852860611904 : Checking separation double page y=0 2500
1609707854418029667 : Checking page rotation 1 0.05
1609707855716208273 : Checking page rotation 2 0.5499999999999999
1609707857303427442 : Checking image 1 crop x1 271
1609707857303543143 : Checking image 1 crop y1 149
1609707857303585143 : Checking image 1 crop x2 2382
1609707857303622744 : Checking image 1 crop y2 3354
1609707858879983047 : Checking image 2 crop x1 120
1609707858880092447 : Checking image 2 crop y1 155
1609707858880132448 : Checking image 2 crop x2 2244
1609707858880170348 : Checking image 2 crop y2 3350
1609707858880353149 : Checking image 1 dpi 300
1609707858880432250 : Checking image 1 border top 141
1609707858880469150 : Checking image 1 border bottom 141
1609707858880502450 : Checking image 1 border left 174
1609707858880535150 : Checking image 1 border right 174
1609707858883127267 : Checking image 2 dpi 300
1609707858883201867 : Checking image 2 border top 140
1609707858883252468 : Checking image 2 border bottom 152
1609707858883284468 : Checking image 2 border left 168
1609707858883316168 : Checking image 2 border right 168

</system-out><system-err>--------------------------------- Captured Err ---------------------------------

</system-err></testcase><testcase classname="tests.test_images" name="test_wrong_split_line_3_png" time="36.989"><system-out>--------------------------------- Captured Log ---------------------------------

--------------------------------- Captured Out ---------------------------------
/home/runner/work/ocr-book/ocr-book/tests/wrong_split_line_3.png
1609707860388341614 : Checking separation double page angle 90.43729500214694
1609707860388458215 : Checking separation double page y=0 2498
1609707862151298413 : Checking page rotation 1 0.2
1609707863550999383 : Checking page rotation 2 0.85
1609707865357302251 : Checking image 1 crop x1 331
1609707865357431452 : Checking image 1 crop y1 166
1609707865357476152 : Checking image 1 crop x2 2377
1609707865357514253 : Checking image 1 crop y2 3375
1609707867334189991 : Checking image 2 crop x1 102
1609707867334337492 : Checking image 2 crop y1 207
1609707867334381592 : Checking image 2 crop x2 2135
1609707867334421292 : Checking image 2 crop y2 3414
1609707867334588393 : Checking image 1 dpi 300
1609707867334668594 : Checking image 1 border top 158
1609707867334709594 : Checking image 1 border bottom 120
1609707867334745394 : Checking image 1 border left 207
1609707867334781195 : Checking image 1 border right 207
1609707867338887021 : Checking image 2 dpi 300
1609707867338972922 : Checking image 2 border top 186
1609707867339010622 : Checking image 2 border bottom 94
1609707867339044122 : Checking image 2 border left 213
1609707867339076923 : Checking image 2 border right 213

</system-out><system-err>--------------------------------- Captured Err ---------------------------------

</system-err></testcase><testcase classname="tests.test_images" name="test_crop_too_much_3_png" time="41.979"><system-out>--------------------------------- Captured Log ---------------------------------

--------------------------------- Captured Out ---------------------------------
/home/runner/work/ocr-book/ocr-book/tests/crop_too_much_3.png
1609707893376964968 : Checking separation double page angle 89.49330634783144
1609707893377100869 : Checking separation double page y=0 2498
1609707894674364259 : Checking page rotation 1 -0.8999999999999949
1609707896336612135 : Checking page rotation 2 -0.14999999999999067
1609707898645381372 : Checking image 1 crop x1 374
1609707898645495573 : Checking image 1 crop y1 258
1609707898645536573 : Checking image 1 crop x2 2385
1609707898645573873 : Checking image 1 crop y2 3459
1609707900868907006 : Checking image 2 crop x1 168
1609707900869019407 : Checking image 2 crop y1 228
1609707900869061507 : Checking image 2 crop x2 2181
1609707900869100907 : Checking image 2 crop y2 3417
1609707900869265609 : Checking image 1 dpi 300
1609707900869474911 : Checking image 1 border top 239
1609707900869527111 : Checking image 1 border bottom 47
1609707900869564812 : Checking image 1 border left 224
1609707900869601212 : Checking image 1 border right 224
1609707900872491939 : Checking image 2 dpi 300
1609707900872557440 : Checking image 2 border top 209
1609707900872593740 : Checking image 2 border bottom 89
1609707900872646240 : Checking image 2 border left 223
1609707900872679941 : Checking image 2 border right 223

</system-out><system-err>--------------------------------- Captured Err ---------------------------------

</system-err></testcase><testcase classname="tests.test_images" name="test_wrong_wave_split_line_2_png" time="44.133"><system-out>--------------------------------- Captured Log ---------------------------------

--------------------------------- Captured Out ---------------------------------
/home/runner/work/ocr-book/ocr-book/tests/wrong_wave_split_line_2.png
1609707903573690006 : Checking separation double page angle 90.7708958311329
1609707903573833107 : Checking separation double page y=0 2490
1609707905168343180 : Checking page rotation 1 0.2
1609707906766192282 : Checking page rotation 2 1.65
1609707908447972073 : Checking image 1 crop x1 227
1609707908448099974 : Checking image 1 crop y1 147
1609707908448144475 : Checking image 1 crop x2 2342
1609707908448185175 : Checking image 1 crop y2 3353
1609707911460887293 : Checking image 2 crop x1 106
1609707911461003694 : Checking image 2 crop y1 195
1609707911461050795 : Checking image 2 crop x2 2231
1609707911461087495 : Checking image 2 crop y2 3398
1609707911461238397 : Checking image 1 dpi 300
1609707911461308997 : Checking image 1 border top 136
1609707911461346698 : Checking image 1 border bottom 145
1609707911461378998 : Checking image 1 border left 172
1609707911461410698 : Checking image 1 border right 172
1609707911465671042 : Checking image 2 dpi 300
1609707911465745043 : Checking image 2 border top 165
1609707911465781144 : Checking image 2 border bottom 118
1609707911465812844 : Checking image 2 border left 167
1609707911465844444 : Checking image 2 border right 167

</system-out><system-err>--------------------------------- Captured Err ---------------------------------

</system-err></testcase><testcase classname="tests.test_images" name="test_wrong_wave_split_line_3_png" time="39.758"><system-out>--------------------------------- Captured Log ---------------------------------

--------------------------------- Captured Out ---------------------------------
/home/runner/work/ocr-book/ocr-book/tests/wrong_wave_split_line_3.png
1609707934097549132 : Checking separation double page angle 90.05826063695574
1609707934097674533 : Checking separation double page y=0 2514
1609707935723347654 : Checking page rotation 1 0.0
1609707936957123854 : Checking page rotation 2 0.2
1609707939071632824 : Checking image 1 crop x1 274
1609707939071743025 : Checking image 1 crop y1 221
1609707939071783025 : Checking image 1 crop x2 2383
1609707939071819025 : Checking image 1 crop y2 3422
1609707940646546238 : Checking image 2 crop x1 112
1609707940646654139 : Checking image 2 crop y1 225
1609707940646693740 : Checking image 2 crop x2 2238
1609707940646731340 : Checking image 2 crop y2 3415
1609707940646889742 : Checking image 1 dpi 300
1609707940646965742 : Checking image 1 border top 201
1609707940647001143 : Checking image 1 border bottom 85
1609707940647035243 : Checking image 1 border left 175
1609707940647067543 : Checking image 1 border right 175
1609707940649630670 : Checking image 2 dpi 300
1609707940649693171 : Checking image 2 border top 207
1609707940649728471 : Checking image 2 border bottom 90
1609707940649761571 : Checking image 2 border left 167
1609707940649794472 : Checking image 2 border right 167

</system-out><system-err>--------------------------------- Captured Err ---------------------------------

</system-err></testcase><testcase classname="tests.test_images" name="test_no_split_line_wave_algo_png" time="53.408"><system-out>--------------------------------- Captured Log ---------------------------------

--------------------------------- Captured Out ---------------------------------
/home/runner/work/ocr-book/ocr-book/tests/no_split_line_wave_algo.png
1609707942503765359 : Checking separation double page angle 89.72500000000001
1609707942503924961 : Checking separation double page y=0 2484
1609707945904555810 : Checking page rotation 1 0.0
1609707947471843243 : Checking page rotation 2 -0.44999999999999746
1609707957260113619 : Checking image 1 crop x1 97
1609707957260248521 : Checking image 1 crop y1 79
1609707957260374422 : Checking image 1 crop x2 2494
1609707957260421423 : Checking image 1 crop y2 3505
1609707964834620481 : Checking image 2 crop x1 163
1609707964834748482 : Checking image 2 crop y1 267
1609707964834794683 : Checking image 2 crop x2 2238
1609707964834833183 : Checking image 2 crop y2 3380
1609707964835001185 : Checking image 1 dpi 300
1609707964835080386 : Checking image 1 border top 41
1609707964835122486 : Checking image 1 border bottom 41
1609707964835159587 : Checking image 1 border left 42
1609707964835196287 : Checking image 1 border right 42
1609707964839603333 : Checking image 2 dpi 300
1609707964839706634 : Checking image 2 border top 255
1609707964839745535 : Checking image 2 border bottom 119
1609707964839819436 : Checking image 2 border left 192
1609707964839853736 : Checking image 2 border right 192

</system-out><system-err>--------------------------------- Captured Err ---------------------------------

</system-err></testcase><testcase classname="tests.test_images" name="test_no_split_line_wave_algo_2_png" time="31.909"><system-out>--------------------------------- Captured Log ---------------------------------

--------------------------------- Captured Out ---------------------------------
/home/runner/work/ocr-book/ocr-book/tests/no_split_line_wave_algo_2.png
1609707966597810022 : Checking separation double page angle 90.54999999999998
1609707966597931723 : Checking separation double page y=0 2478
1609707967947093710 : Checking page rotation 1 1.0999999999999999
1609707969339773751 : Checking page rotation 2 0.2
1609707971092854879 : Checking image 1 crop x1 266
1609707971092969081 : Checking image 1 crop y1 210
1609707971093010481 : Checking image 1 crop x2 2342
1609707971093047981 : Checking image 1 crop y2 3413
1609707972553842738 : Checking image 2 crop x1 168
1609707972553960639 : Checking image 2 crop y1 241
1609707972554004539 : Checking image 2 crop x2 2251
1609707972554046040 : Checking image 2 crop y2 3433
1609707972554222542 : Checking image 1 dpi 300
1609707972554303842 : Checking image 1 border top 192
1609707972554343343 : Checking image 1 border bottom 91
1609707972554379143 : Checking image 1 border left 192
1609707972554446944 : Checking image 1 border right 192
1609707972557448976 : Checking image 2 dpi 300
1609707972557520976 : Checking image 2 border top 224
1609707972557708478 : Checking image 2 border bottom 71
1609707972557748879 : Checking image 2 border left 188
1609707972557784579 : Checking image 2 border right 188

</system-out><system-err>--------------------------------- Captured Err ---------------------------------

</system-err></testcase><testcase classname="tests.test_images" name="test_crop_too_few_2_png" time="33.191"><system-out>--------------------------------- Captured Log ---------------------------------

--------------------------------- Captured Out ---------------------------------
/home/runner/work/ocr-book/ocr-book/tests/crop_too_few_2.png
1609707990668869604 : Checking separation double page angle 90.30476192320097
1609707990668991705 : Checking separation double page y=0 2531
1609707992100204343 : Checking page rotation 1 1.0999999999999999
1609707993577013852 : Checking page rotation 2 -0.04999999999999689
1609707995711943673 : Checking image 1 crop x1 289
1609707995712081574 : Checking image 1 crop y1 165
1609707995712125075 : Checking image 1 crop x2 2400
1609707995712165275 : Checking image 1 crop y2 3367
1609707998089433941 : Checking image 2 crop x1 149
1609707998089716044 : Checking image 2 crop y1 189
1609707998089760045 : Checking image 2 crop x2 2273
1609707998089837745 : Checking image 2 crop y2 3386
1609707998090057648 : Checking image 1 dpi 300
1609707998090159149 : Checking image 1 border top 157
1609707998090200849 : Checking image 1 border bottom 128
1609707998090237150 : Checking image 1 border left 174
1609707998090273150 : Checking image 1 border right 174
1609707998094688896 : Checking image 2 dpi 300
1609707998094776197 : Checking image 2 border top 181
1609707998094814898 : Checking image 2 border bottom 109
1609707998094850098 : Checking image 2 border left 168
1609707998094884998 : Checking image 2 border right 168

</system-out><system-err>--------------------------------- Captured Err ---------------------------------

</system-err></testcase><testcase classname="tests.test_images" name="test_failed_detect_rectangle_png" time="38.787"><system-out>--------------------------------- Captured Log ---------------------------------

--------------------------------- Captured Out ---------------------------------
/home/runner/work/ocr-book/ocr-book/tests/failed_detect_rectangle.png
1609708004366786809 : Checking separation double page angle 90.19837516213148
1609708004366986011 : Checking separation double page y=0 2474
1609708005883897149 : Checking page rotation 1 0.2
1609708007836562238 : Checking page rotation 2 0.15000000000000002
1609708009374683712 : Checking image 1 crop x1 257
1609708009374820414 : Checking image 1 crop y1 201
1609708009374863114 : Checking image 1 crop x2 2333
1609708009374920815 : Checking image 1 crop y2 3402
1609708011337107809 : Checking image 2 crop x1 135
1609708011337220110 : Checking image 2 crop y1 214
1609708011337260311 : Checking image 2 crop x2 2219
1609708011337298311 : Checking image 2 crop y2 3406
1609708011337463013 : Checking image 1 dpi 300
1609708011337540514 : Checking image 1 border top 188
1609708011337577114 : Checking image 1 border bottom 97
1609708011337610714 : Checking image 1 border left 192
1609708011337645015 : Checking image 1 border right 192
1609708011340547945 : Checking image 2 dpi 300
1609708011340651946 : Checking image 2 border top 202
1609708011340689646 : Checking image 2 border bottom 93
1609708011340753147 : Checking image 2 border left 188
1609708011340795647 : Checking image 2 border right 188

</system-out><system-err>--------------------------------- Captured Err ---------------------------------

</system-err></testcase><testcase classname="tests.test_images" name="test_single_page_png" time="7.333"><system-out>--------------------------------- Captured Log ---------------------------------

--------------------------------- Captured Out ---------------------------------
/home/runner/work/ocr-book/ocr-book/tests/single_page.png
1609708002096706306 : Checking separation double page angle 90.04999999999998
1609708002096832507 : Checking separation double page y=0 2476
1609708003043011787 : Checking page rotation 1 0.0
1609708003199045316 : Checking page rotation 2 0.0
1609708004897906454 : Checking image 1 crop x1 1
1609708004898010555 : Checking image 1 crop y1 8
1609708004898053156 : Checking image 1 crop x2 2470
1609708004898112057 : Checking image 1 crop y2 3505
1609708005041977659 : Checking image 2 crop x1 0
1609708005042074060 : Checking image 2 crop y1 0
1609708005042108960 : Checking image 2 crop x2 0
1609708005042141860 : Checking image 2 crop y2 0
1609708005042211461 : Checking image 1 dpi 300
1609708005042397163 : Checking image 1 border top 5
1609708005042449364 : Checking image 1 border bottom 5
1609708005042484664 : Checking image 1 border left 6
1609708005042519664 : Checking image 1 border right 6
1609708005049515437 : Checking image 2 border top 0
1609708005049589638 : Checking image 2 border bottom 0
1609708005049623839 : Checking image 2 border left 0
1609708005049657839 : Checking image 2 border right 0

</system-out><system-err>--------------------------------- Captured Err ---------------------------------

</system-err></testcase><testcase classname="tests.test_images" name="test_wrong_split_line_4_png" time="19.214"><system-out>--------------------------------- Captured Log ---------------------------------

--------------------------------- Captured Out ---------------------------------
/home/runner/work/ocr-book/ocr-book/tests/wrong_split_line_4.png
1609708020285080771 : Checking separation double page angle 91.04999999999998
1609708020285209172 : Checking separation double page y=0 60
1609708020390548141 : Checking page rotation 1 1.0
1609708021786343694 : Checking page rotation 2 1.05
1609708022367956192 : Checking image 1 crop x1 0
1609708022368068993 : Checking image 1 crop y1 0
1609708022368119693 : Checking image 1 crop x2 0
1609708022368157194 : Checking image 1 crop y2 0
1609708024689326720 : Checking image 2 crop x1 291
1609708024689481421 : Checking image 2 crop y1 330
1609708024689523822 : Checking image 2 crop x2 2316
1609708024689564622 : Checking image 2 crop y2 3217
1609708024689738424 : Checking image 1 border top 0
1609708024689794224 : Checking image 1 border bottom 0
1609708024689830625 : Checking image 1 border left 0
1609708024689865725 : Checking image 1 border right 0
1609708024689939126 : Checking image 2 dpi 300
1609708024690029727 : Checking image 2 border top 322
1609708024690069627 : Checking image 2 border bottom 278
1609708024690105428 : Checking image 2 border left 217
1609708024690140928 : Checking image 2 border right 217

</system-out><system-err>--------------------------------- Captured Err ---------------------------------

</system-err></testcase><testcase classname="tests.test_images" name="test_no_split_line_wave_algo_3_png" time="11.170"><system-out>--------------------------------- Captured Log ---------------------------------

--------------------------------- Captured Out ---------------------------------
/home/runner/work/ocr-book/ocr-book/tests/no_split_line_wave_algo_3.png
1609708020083481827 : Checking separation double page angle 90.14999999999998
1609708020083661429 : Checking separation double page y=0 2408
1609708021095445888 : Checking page rotation 1 -0.09999999999999377
1609708021248238238 : Checking page rotation 2 0.0
1609708022026702931 : Checking image 1 crop x1 182
1609708022026801532 : Checking image 1 crop y1 2955
1609708022026957934 : Checking image 1 crop x2 2199
1609708022027015735 : Checking image 1 crop y2 3203
1609708022501111542 : Checking image 2 crop x1 0
1609708022501211843 : Checking image 2 crop y1 0
1609708022501243343 : Checking image 2 crop x2 0
1609708022501272544 : Checking image 2 crop y2 0
1609708022501371045 : Checking image 1 dpi 300
1609708022501465145 : Checking image 1 border top 2951
1609708022501500446 : Checking image 1 border bottom 288
1609708022501552146 : Checking image 1 border left 221
1609708022501599047 : Checking image 1 border right 221
1609708022512340456 : Checking image 2 border top 0
1609708022512423857 : Checking image 2 border bottom 0
1609708022512458157 : Checking image 2 border left 0
1609708022512489657 : Checking image 2 border right 0

</system-out><system-err>--------------------------------- Captured Err ---------------------------------

</system-err></testcase><testcase classname="tests.test_images" name="test_failed_split_line_line_algo_3_png" time="13.320"><system-out>--------------------------------- Captured Log ---------------------------------

--------------------------------- Captured Out ---------------------------------
/home/runner/work/ocr-book/ocr-book/tests/failed_split_line_line_algo_3.png
1609708035066713171 : Checking separation double page angle 90.0
1609708035066855873 : Checking separation double page y=0 40
1609708035142098543 : Checking page rotation 1 0.0
1609708035905043154 : Checking page rotation 2 -0.04999999999999689
1609708036277333566 : Checking image 1 crop x1 0
1609708036277451867 : Checking image 1 crop y1 0
1609708036277504067 : Checking image 1 crop x2 0
1609708036277534268 : Checking image 1 crop y2 0
1609708038022570733 : Checking image 2 crop x1 247
1609708038022666334 : Checking image 2 crop y1 153
1609708038022703535 : Checking image 2 crop x2 2260
1609708038022738235 : Checking image 2 crop y2 3360
1609708038022841636 : Checking image 1 border top 0
1609708038022878337 : Checking image 1 border bottom 0
1609708038022909937 : Checking image 1 border left 0
1609708038022941337 : Checking image 1 border right 0
1609708038022982638 : Checking image 2 dpi 300
1609708038023042938 : Checking image 2 border top 144
1609708038023077539 : Checking image 2 border bottom 136
1609708038023109639 : Checking image 2 border left 223
1609708038023140939 : Checking image 2 border right 223

</system-out><system-err>--------------------------------- Captured Err ---------------------------------

</system-err></testcase></testsuite></testsuites>