<?xml version="1.0" encoding="utf-8"?><testsuites><testsuite name="pytest" errors="0" failures="0" skipped="0" tests="36" time="1023.663" timestamp="2020-12-27T10:40:19.382413" hostname="fv-az102-78"><testcase classname="tests.test_features" name="test_disabled_enable_debug" time="48.426"><system-out>--------------------------------- Captured Log ---------------------------------

--------------------------------- Captured Out ---------------------------------
/home/runner/work/ocr-book/ocr-book/tests/0001_debug.png
separation double page angle 90.5528088189967
separation double page y=0 2485
page rotation 1 0.75
page rotation 2 0.2
image 1 crop x1 330
image 1 crop y1 336
image 1 crop x2 2343
image 1 crop y2 3223
image 2 crop x1 169
image 2 crop y1 648
image 2 crop x2 2186
image 2 crop y2 3361
image 1 dpi 300
image 1 border top 333
image 1 border bottom 266
image 1 border left 223
image 1 border right 223
image 2 dpi 300
image 2 border top 643
image 2 border bottom 131
image 2 border left 221
image 2 border right 221

</system-out><system-err>--------------------------------- Captured Err ---------------------------------

</system-err></testcase><testcase classname="tests.test_features" name="test_mock_stop_at_0" time="0.063"><system-out>--------------------------------- Captured Log ---------------------------------

--------------------------------- Captured Out ---------------------------------
/home/runner/work/ocr-book/ocr-book/tests/0001_0.png

</system-out><system-err>--------------------------------- Captured Err ---------------------------------

</system-err></testcase><testcase classname="tests.test_features" name="test_mock_stop_at_2" time="43.162"><system-out>--------------------------------- Captured Log ---------------------------------

--------------------------------- Captured Out ---------------------------------
/home/runner/work/ocr-book/ocr-book/tests/0001_2.png
separation double page angle 90.5528088189967
separation double page y=0 2485
page rotation 1 0.75
page rotation 2 0.2

</system-out><system-err>--------------------------------- Captured Err ---------------------------------

</system-err></testcase><testcase classname="tests.test_features" name="test_mock_stop_at_4" time="48.389"><system-out>--------------------------------- Captured Log ---------------------------------

--------------------------------- Captured Out ---------------------------------
/home/runner/work/ocr-book/ocr-book/tests/0001_4.png
separation double page angle 90.5528088189967
separation double page y=0 2485
page rotation 1 0.75
page rotation 2 0.2
image 1 crop x1 330
image 1 crop y1 336
image 1 crop x2 2343
image 1 crop y2 3223
image 2 crop x1 169
image 2 crop y1 648
image 2 crop x2 2186
image 2 crop y2 3361
image 1 dpi 300
image 1 border top 333
image 1 border bottom 266
image 1 border left 223
image 1 border right 223
image 2 dpi 300
image 2 border top 643
image 2 border bottom 131
image 2 border left 221
image 2 border right 221

</system-out><system-err>--------------------------------- Captured Err ---------------------------------

</system-err></testcase><testcase classname="tests.test_features" name="test_mock_stop_at_1" time="28.980"><system-out>--------------------------------- Captured Log ---------------------------------

--------------------------------- Captured Out ---------------------------------
/home/runner/work/ocr-book/ocr-book/tests/0001_1.png
separation double page angle 90.5528088189967
separation double page y=0 2485

</system-out><system-err>--------------------------------- Captured Err ---------------------------------

</system-err></testcase><testcase classname="tests.test_features" name="test_mock_stop_at_3" time="47.706"><system-out>--------------------------------- Captured Log ---------------------------------

--------------------------------- Captured Out ---------------------------------
/home/runner/work/ocr-book/ocr-book/tests/0001_3.png
separation double page angle 90.5528088189967
separation double page y=0 2485
page rotation 1 0.75
page rotation 2 0.2
image 1 crop x1 330
image 1 crop y1 336
image 1 crop x2 2343
image 1 crop y2 3223
image 2 crop x1 169
image 2 crop y1 648
image 2 crop x2 2186
image 2 crop y2 3361

</system-out><system-err>--------------------------------- Captured Err ---------------------------------

</system-err></testcase><testcase classname="tests.test_images" name="test_0001_png" time="59.511"><system-out>--------------------------------- Captured Log ---------------------------------

--------------------------------- Captured Out ---------------------------------
/home/runner/work/ocr-book/ocr-book/tests/0001.png
1609065747524365922 : Checking separation double page angle 90.5528088189967
1609065747524483726 : Checking separation double page y=0 2485
1609065754825525116 : Checking page rotation 1 0.75
1609065763888139449 : Checking page rotation 2 0.2
1609065767869725646 : Checking image 1 crop x1 330
1609065767869856451 : Checking image 1 crop y1 336
1609065767869898353 : Checking image 1 crop x2 2343
1609065767869933954 : Checking image 1 crop y2 3223
1609065771588796819 : Checking image 2 crop x1 169
1609065771588926524 : Checking image 2 crop y1 648
1609065771588970625 : Checking image 2 crop x2 2186
1609065771589006227 : Checking image 2 crop y2 3361
1609065771626163955 : Checking image 1 dpi 300
1609065771626285460 : Checking image 1 border top 333
1609065771626322961 : Checking image 1 border bottom 266
1609065771626359163 : Checking image 1 border left 223
1609065771626392864 : Checking image 1 border right 223
1609065771630939039 : Checking image 2 dpi 300
1609065771631041343 : Checking image 2 border top 643
1609065771631078644 : Checking image 2 border bottom 131
1609065771631112445 : Checking image 2 border left 221
1609065771631146147 : Checking image 2 border right 221

</system-out><system-err>--------------------------------- Captured Err ---------------------------------

</system-err></testcase><testcase classname="tests.test_features" name="test_mock_stop_at_5" time="48.575"><system-out>--------------------------------- Captured Log ---------------------------------

--------------------------------- Captured Out ---------------------------------
/home/runner/work/ocr-book/ocr-book/tests/0001_5.png
separation double page angle 90.5528088189967
separation double page y=0 2485
page rotation 1 0.75
page rotation 2 0.2
image 1 crop x1 330
image 1 crop y1 336
image 1 crop x2 2343
image 1 crop y2 3223
image 2 crop x1 169
image 2 crop y1 648
image 2 crop x2 2186
image 2 crop y2 3361
image 1 dpi 300
image 1 border top 333
image 1 border bottom 266
image 1 border left 223
image 1 border right 223
image 2 dpi 300
image 2 border top 643
image 2 border bottom 131
image 2 border left 221
image 2 border right 221

</system-out><system-err>--------------------------------- Captured Err ---------------------------------

</system-err></testcase><testcase classname="tests.test_images" name="test_black_border_not_removed_png" time="67.506"><system-out>--------------------------------- Captured Log ---------------------------------

--------------------------------- Captured Out ---------------------------------
/home/runner/work/ocr-book/ocr-book/tests/black-border-not-removed.png
1609065809199647713 : Checking separation double page angle 90.033171103531
1609065809199755717 : Checking separation double page y=0 2455
1609065816379543854 : Checking page rotation 1 0.0
1609065827707199463 : Checking page rotation 2 0.0
1609065832716630993 : Checking image 1 crop x1 297
1609065832716762698 : Checking image 1 crop y1 143
1609065832716803500 : Checking image 1 crop x2 2309
1609065832716838801 : Checking image 1 crop y2 3346
1609065839108323220 : Checking image 2 crop x1 159
1609065839108453325 : Checking image 2 crop y1 145
1609065839108493626 : Checking image 2 crop x2 2171
1609065839108531028 : Checking image 2 crop y2 3352
1609065839146826295 : Checking image 1 dpi 300
1609065839146935199 : Checking image 1 border top 132
1609065839146974601 : Checking image 1 border bottom 152
1609065839147009202 : Checking image 1 border left 224
1609065839147042803 : Checking image 1 border right 224
1609065839149203886 : Checking image 2 dpi 300
1609065839149292990 : Checking image 2 border top 132
1609065839149327891 : Checking image 2 border bottom 148
1609065839149361692 : Checking image 2 border left 224
1609065839149395194 : Checking image 2 border right 224

</system-out><system-err>--------------------------------- Captured Err ---------------------------------

</system-err></testcase><testcase classname="tests.test_images" name="test_2_pages_2_contours_png" time="39.186"><system-out>--------------------------------- Captured Log ---------------------------------

--------------------------------- Captured Out ---------------------------------
/home/runner/work/ocr-book/ocr-book/tests/2-pages-2-contours.png
1609065818154629084 : Checking separation double page angle 90.09036871657068
1609065818154737988 : Checking separation double page y=0 2486
1609065820459005350 : Checking page rotation 1 0.05
1609065827488877672 : Checking page rotation 2 0.30000000000000004
1609065829399715314 : Checking image 1 crop x1 1189
1609065829399829318 : Checking image 1 crop y1 1751
1609065829399865520 : Checking image 1 crop x2 1190
1609065829399899821 : Checking image 1 crop y2 1752
1609065833360820750 : Checking image 2 crop x1 101
1609065833360950955 : Checking image 2 crop y1 240
1609065833360991357 : Checking image 2 crop x2 2148
1609065833361028358 : Checking image 2 crop y2 3239
1609065833396356916 : Checking image 1 dpi 300
1609065833396455120 : Checking image 1 border top 1752
1609065833396493321 : Checking image 1 border bottom 1753
1609065833396527023 : Checking image 1 border left 1239
1609065833396560224 : Checking image 1 border right 1239
1609065833397772470 : Checking image 2 dpi 300
1609065833397852674 : Checking image 2 border top 230
1609065833397886675 : Checking image 2 border bottom 258
1609065833397920276 : Checking image 2 border left 206
1609065833397953477 : Checking image 2 border right 206

</system-out><system-err>--------------------------------- Captured Err ---------------------------------

</system-err></testcase><testcase classname="tests.test_images" name="test_wrong_split_line_png" time="45.828"><system-out>--------------------------------- Captured Log ---------------------------------

--------------------------------- Captured Out ---------------------------------
/home/runner/work/ocr-book/ocr-book/tests/wrong_split_line.png
1609065861882195858 : Checking separation double page angle 89.93395720607973
1609065861882303562 : Checking separation double page y=0 2465
1609065867599860459 : Checking page rotation 1 -0.14999999999999067
1609065873649975668 : Checking page rotation 2 0.5
1609065876346267649 : Checking image 1 crop x1 213
1609065876346396954 : Checking image 1 crop y1 157
1609065876346436556 : Checking image 1 crop x2 2323
1609065876346473657 : Checking image 1 crop y2 3362
1609065879186778619 : Checking image 2 crop x1 125
1609065879186919925 : Checking image 2 crop y1 165
1609065879186960627 : Checking image 2 crop x2 2237
1609065879186997928 : Checking image 2 crop y2 3374
1609065879224541301 : Checking image 1 dpi 300
1609065879224676006 : Checking image 1 border top 134
1609065879224717708 : Checking image 1 border bottom 148
1609065879224751809 : Checking image 1 border left 175
1609065879224784611 : Checking image 1 border right 175
1609065879226572281 : Checking image 2 dpi 300
1609065879226649384 : Checking image 2 border top 143
1609065879226683585 : Checking image 2 border bottom 135
1609065879226716886 : Checking image 2 border left 174
1609065879226750188 : Checking image 2 border right 174

</system-out><system-err>--------------------------------- Captured Err ---------------------------------

</system-err></testcase><testcase classname="tests.test_images" name="test_image_failed_to_rotate_png" time="67.616"><system-out>--------------------------------- Captured Log ---------------------------------

--------------------------------- Captured Out ---------------------------------
/home/runner/work/ocr-book/ocr-book/tests/image_failed_to_rotate.png
1609065875027361737 : Checking separation double page angle 90.13063640287984
1609065875027467641 : Checking separation double page y=0 2479
1609065880318778634 : Checking page rotation 1 0.35
1609065888767155972 : Checking page rotation 2 0.45
1609065901001968478 : Checking image 1 crop x1 34
1609065901002090083 : Checking image 1 crop y1 1
1609065901002130284 : Checking image 1 crop x2 2477
1609065901002167186 : Checking image 1 crop y2 3500
1609065906610011122 : Checking image 2 crop x1 167
1609065906610140127 : Checking image 2 crop y1 234
1609065906610179629 : Checking image 2 crop x2 2246
1609065906610216630 : Checking image 2 crop y2 3355
1609065906655158061 : Checking image 1 dpi 300
1609065906655276366 : Checking image 1 border top 4
1609065906655315767 : Checking image 1 border bottom 4
1609065906655349569 : Checking image 1 border left 19
1609065906655383970 : Checking image 1 border right 19
1609065906657540558 : Checking image 2 dpi 300
1609065906657626361 : Checking image 2 border top 218
1609065906657662263 : Checking image 2 border bottom 148
1609065906657696464 : Checking image 2 border left 190
1609065906657729966 : Checking image 2 border right 190

</system-out><system-err>--------------------------------- Captured Err ---------------------------------

</system-err></testcase><testcase classname="tests.test_images" name="test_crop_too_much_png" time="80.413"><system-out>--------------------------------- Captured Log ---------------------------------

--------------------------------- Captured Out ---------------------------------
/home/runner/work/ocr-book/ocr-book/tests/crop_too_much.png
1609065925573245366 : Checking separation double page angle 90.13239409272954
1609065925573347570 : Checking separation double page y=0 2455
1609065936980995421 : Checking page rotation 1 0.0
1609065949020880394 : Checking page rotation 2 0.45
1609065954504101412 : Checking image 1 crop x1 303
1609065954504233718 : Checking image 1 crop y1 148
1609065954504273620 : Checking image 1 crop x2 2313
1609065954504309821 : Checking image 1 crop y2 3351
1609065959572684559 : Checking image 2 crop x1 168
1609065959572817765 : Checking image 2 crop y1 155
1609065959572857367 : Checking image 2 crop x2 2179
1609065959572894168 : Checking image 2 crop y2 3359
1609065959622451039 : Checking image 1 dpi 300
1609065959622555143 : Checking image 1 border top 132
1609065959622591545 : Checking image 1 border bottom 152
1609065959622622946 : Checking image 1 border left 225
1609065959622653547 : Checking image 1 border right 225
1609065959624488828 : Checking image 2 dpi 300
1609065959624562931 : Checking image 2 border top 140
1609065959624623834 : Checking image 2 border bottom 143
1609065959624656835 : Checking image 2 border left 224
1609065959624690137 : Checking image 2 border right 224

</system-out><system-err>--------------------------------- Captured Err ---------------------------------

</system-err></testcase><testcase classname="tests.test_images" name="test_image_failed_to_crop_data_png" time="66.262"><system-out>--------------------------------- Captured Log ---------------------------------

--------------------------------- Captured Out ---------------------------------
/home/runner/work/ocr-book/ocr-book/tests/image_failed_to_crop_data.png
1609065941254223732 : Checking separation double page angle 90.053197600644
1609065941254334037 : Checking separation double page y=0 2480
1609065947668791831 : Checking page rotation 1 0.2
1609065954412768413 : Checking page rotation 2 0.0
1609065967844908001 : Checking image 1 crop x1 47
1609065967845034206 : Checking image 1 crop y1 7
1609065967845073908 : Checking image 1 crop x2 2478
1609065967845108810 : Checking image 1 crop y2 3502
1609065972927338954 : Checking image 2 crop x1 160
1609065972927468860 : Checking image 2 crop y1 217
1609065972927507961 : Checking image 2 crop x2 2242
1609065972927545063 : Checking image 2 crop y2 3350
1609065972961679670 : Checking image 1 dpi 300
1609065972961801875 : Checking image 1 border top 6
1609065972961841177 : Checking image 1 border bottom 6
1609065972961874478 : Checking image 1 border left 25
1609065972961908180 : Checking image 1 border right 25
1609065972964126578 : Checking image 2 dpi 300
1609065972964213182 : Checking image 2 border top 206
1609065972964248083 : Checking image 2 border bottom 148
1609065972964281085 : Checking image 2 border left 189
1609065972964314786 : Checking image 2 border right 189

</system-out><system-err>--------------------------------- Captured Err ---------------------------------

</system-err></testcase><testcase classname="tests.test_images" name="test_crop_too_few_png" time="48.105"><system-out>--------------------------------- Captured Log ---------------------------------

--------------------------------- Captured Out ---------------------------------
/home/runner/work/ocr-book/ocr-book/tests/crop_too_few.png
1609065989201389047 : Checking separation double page angle 89.54670238452755
1609065989201490852 : Checking separation double page y=0 2512
1609065995435508220 : Checking page rotation 1 -0.6499999999999977
1609066001695416036 : Checking page rotation 2 0.0
1609066004774429900 : Checking image 1 crop x1 263
1609066004774551805 : Checking image 1 crop y1 150
1609066004774589307 : Checking image 1 crop x2 2377
1609066004774621708 : Checking image 1 crop y2 3357
1609066007718399483 : Checking image 2 crop x1 137
1609066007718531189 : Checking image 2 crop y1 141
1609066007718570791 : Checking image 2 crop x2 2259
1609066007718605792 : Checking image 2 crop y2 3345
1609066007753244023 : Checking image 1 dpi 300
1609066007753353528 : Checking image 1 border top 129
1609066007753390230 : Checking image 1 border bottom 150
1609066007753424031 : Checking image 1 border left 173
1609066007753456732 : Checking image 1 border right 173
1609066007755234611 : Checking image 2 dpi 300
1609066007755311714 : Checking image 2 border top 130
1609066007755348816 : Checking image 2 border bottom 153
1609066007755381718 : Checking image 2 border left 169
1609066007755414519 : Checking image 2 border right 169

</system-out><system-err>--------------------------------- Captured Err ---------------------------------

</system-err></testcase><testcase classname="tests.test_images" name="test_wrong_angle_split_line_png" time="73.444"><system-out>--------------------------------- Captured Log ---------------------------------

--------------------------------- Captured Out ---------------------------------
/home/runner/work/ocr-book/ocr-book/tests/wrong_angle_split_line.png
1609066008550007537 : Checking separation double page angle 90.09193420006348
1609066008550114341 : Checking separation double page y=0 2478
1609066016803536790 : Checking page rotation 1 0.05
1609066025722237838 : Checking page rotation 2 0.0
1609066039600327806 : Checking image 1 crop x1 58
1609066039600458912 : Checking image 1 crop y1 7
1609066039600499014 : Checking image 1 crop x2 2472
1609066039600536015 : Checking image 1 crop y2 3505
1609066045514478946 : Checking image 2 crop x1 163
1609066045514613152 : Checking image 2 crop y1 217
1609066045514653154 : Checking image 2 crop x2 2246
1609066045514690255 : Checking image 2 crop y2 3350
1609066045690069664 : Checking image 1 dpi 300
1609066045690188469 : Checking image 1 border top 5
1609066045690227771 : Checking image 1 border bottom 5
1609066045690261372 : Checking image 1 border left 33
1609066045690295273 : Checking image 1 border right 33
1609066045700715531 : Checking image 2 dpi 300
1609066045700826536 : Checking image 2 border top 206
1609066045700862338 : Checking image 2 border bottom 148
1609066045700896239 : Checking image 2 border left 188
1609066045700929541 : Checking image 2 border right 188

</system-out><system-err>--------------------------------- Captured Err ---------------------------------

</system-err></testcase><testcase classname="tests.test_images" name="test_crop_too_much_2_png" time="91.112"><system-out>--------------------------------- Captured Log ---------------------------------

--------------------------------- Captured Out ---------------------------------
/home/runner/work/ocr-book/ocr-book/tests/crop_too_much_2.png
1609066060112618231 : Checking separation double page angle 90.1149074900787
1609066060112726836 : Checking separation double page y=0 2478
1609066072550693096 : Checking page rotation 1 0.2
1609066087148721490 : Checking page rotation 2 0.2
1609066092222246807 : Checking image 1 crop x1 332
1609066092222371712 : Checking image 1 crop y1 131
1609066092222412214 : Checking image 1 crop x2 2342
1609066092222447515 : Checking image 1 crop y2 3336
1609066098772288431 : Checking image 2 crop x1 162
1609066098772409536 : Checking image 2 crop y1 139
1609066098772449438 : Checking image 2 crop x2 2175
1609066098772484339 : Checking image 2 crop y2 3345
1609066098828446896 : Checking image 1 dpi 300
1609066098828556701 : Checking image 1 border top 119
1609066098828616204 : Checking image 1 border bottom 163
1609066098828652005 : Checking image 1 border left 225
1609066098828684707 : Checking image 1 border right 225
1609066098830448284 : Checking image 2 dpi 300
1609066098830527787 : Checking image 2 border top 130
1609066098830562489 : Checking image 2 border bottom 151
1609066098830600891 : Checking image 2 border left 223
1609066098830634192 : Checking image 2 border right 223

</system-out><system-err>--------------------------------- Captured Err ---------------------------------

</system-err></testcase><testcase classname="tests.test_images" name="test_angle_page_lower_split_line_png" time="57.740"><system-out>--------------------------------- Captured Log ---------------------------------

--------------------------------- Captured Out ---------------------------------
/home/runner/work/ocr-book/ocr-book/tests/angle_page_lower_split_line.png
1609066080915836571 : Checking separation double page angle 89.74927707086691
1609066080915945575 : Checking separation double page y=0 2474
1609066089977130493 : Checking page rotation 1 -0.4000000000000005
1609066097016195337 : Checking page rotation 2 0.2
1609066100609941005 : Checking image 1 crop x1 244
1609066100610066210 : Checking image 1 crop y1 160
1609066100610105712 : Checking image 1 crop x2 2350
1609066100610143114 : Checking image 1 crop y2 3365
1609066104178659103 : Checking image 2 crop x1 150
1609066104178787608 : Checking image 2 crop y1 147
1609066104178827610 : Checking image 2 crop x2 2257
1609066104178864712 : Checking image 2 crop y2 3350
1609066104218515862 : Checking image 1 dpi 300
1609066104218634468 : Checking image 1 border top 144
1609066104218671969 : Checking image 1 border bottom 138
1609066104218705871 : Checking image 1 border left 177
1609066104218739372 : Checking image 1 border right 177
1609066104221509795 : Checking image 2 dpi 300
1609066104221612999 : Checking image 2 border top 130
1609066104221649801 : Checking image 2 border bottom 154
1609066104221683702 : Checking image 2 border left 176
1609066104221716504 : Checking image 2 border right 176

</system-out><system-err>--------------------------------- Captured Err ---------------------------------

</system-err></testcase><testcase classname="tests.test_images" name="test_wrong_split_line_2_png" time="93.776"><system-out>--------------------------------- Captured Log ---------------------------------

--------------------------------- Captured Out ---------------------------------
/home/runner/work/ocr-book/ocr-book/tests/wrong_split_line_2.png
1609066147349361173 : Checking separation double page angle 90.19944704411863
1609066147349464177 : Checking separation double page y=0 2437
1609066160273133605 : Checking page rotation 1 0.2
1609066174293370482 : Checking page rotation 2 0.4
1609066181955251753 : Checking image 1 crop x1 294
1609066181955375958 : Checking image 1 crop y1 136
1609066181955413660 : Checking image 1 crop x2 2325
1609066181955449162 : Checking image 1 crop y2 3376
1609066192577878195 : Checking image 2 crop x1 140
1609066192578001601 : Checking image 2 crop y1 192
1609066192578042002 : Checking image 2 crop x2 2167
1609066192578077204 : Checking image 2 crop y2 3386
1609066192629200552 : Checking image 1 dpi 300
1609066192629311757 : Checking image 1 border top 131
1609066192629350659 : Checking image 1 border bottom 116
1609066192629384360 : Checking image 1 border left 214
1609066192629417462 : Checking image 1 border right 214
1609066192631209940 : Checking image 2 dpi 300
1609066192631285844 : Checking image 2 border top 183
1609066192631320145 : Checking image 2 border bottom 110
1609066192631353147 : Checking image 2 border left 216
1609066192631385348 : Checking image 2 border right 216

</system-out><system-err>--------------------------------- Captured Err ---------------------------------

</system-err></testcase><testcase classname="tests.test_images" name="test_wrong_wave_split_line_png" time="88.420"><system-out>--------------------------------- Captured Log ---------------------------------

--------------------------------- Captured Out ---------------------------------
/home/runner/work/ocr-book/ocr-book/tests/wrong_wave_split_line.png
1609066149973983319 : Checking separation double page angle 90.37878604107719
1609066149974093523 : Checking separation double page y=0 2500
1609066162000998241 : Checking page rotation 1 -0.14999999999999067
1609066173490654111 : Checking page rotation 2 0.85
1609066182903082183 : Checking image 1 crop x1 385
1609066182903211189 : Checking image 1 crop y1 179
1609066182903250890 : Checking image 1 crop x2 2411
1609066182903285992 : Checking image 1 crop y2 3374
1609066192571456213 : Checking image 2 crop x1 8
1609066192571584718 : Checking image 2 crop y1 0
1609066192571627720 : Checking image 2 crop x2 2415
1609066192571667322 : Checking image 2 crop y2 3505
1609066192628331914 : Checking image 1 dpi 300
1609066192628447719 : Checking image 1 border top 173
1609066192628484821 : Checking image 1 border bottom 119
1609066192628519122 : Checking image 1 border left 217
1609066192628552724 : Checking image 1 border right 217
1609066192630606314 : Checking image 2 dpi 300
1609066192630694818 : Checking image 2 border top 1
1609066192630729819 : Checking image 2 border bottom 1
1609066192630763021 : Checking image 2 border left 37
1609066192630795622 : Checking image 2 border right 37

</system-out><system-err>--------------------------------- Captured Err ---------------------------------

</system-err></testcase><testcase classname="tests.test_images" name="test_no_split_line_line_algo_png" time="54.487"><system-out>--------------------------------- Captured Log ---------------------------------

--------------------------------- Captured Out ---------------------------------
/home/runner/work/ocr-book/ocr-book/tests/no_split_line_line_algo.png
1609066225298055198 : Checking separation double page angle 89.47691469185418
1609066225298166503 : Checking separation double page y=0 2476
1609066230493508574 : Checking page rotation 1 -0.14999999999999067
1609066239622868418 : Checking page rotation 2 -0.44999999999999746
1609066242367902177 : Checking image 1 crop x1 205
1609066242368030982 : Checking image 1 crop y1 158
1609066242368070684 : Checking image 1 crop x2 2320
1609066242368107786 : Checking image 1 crop y2 3366
1609066247090359153 : Checking image 2 crop x1 185
1609066247090491159 : Checking image 2 crop y1 221
1609066247090531060 : Checking image 2 crop x2 2201
1609066247090568262 : Checking image 2 crop y2 3366
1609066247136155766 : Checking image 1 dpi 300
1609066247136277971 : Checking image 1 border top 144
1609066247136315373 : Checking image 1 border bottom 134
1609066247136349174 : Checking image 1 border left 172
1609066247136382576 : Checking image 1 border right 172
1609066247138584373 : Checking image 2 dpi 300
1609066247138669276 : Checking image 2 border top 219
1609066247138704478 : Checking image 2 border bottom 123
1609066247138737879 : Checking image 2 border left 222
1609066247138770981 : Checking image 2 border right 222

</system-out><system-err>--------------------------------- Captured Err ---------------------------------

</system-err></testcase><testcase classname="tests.test_images" name="test_small_wave_png" time="75.406"><system-out>--------------------------------- Captured Log ---------------------------------

--------------------------------- Captured Out ---------------------------------
/home/runner/work/ocr-book/ocr-book/tests/small_wave.png
1609066240317742962 : Checking separation double page angle 90.58816928841564
1609066240317860567 : Checking separation double page y=0 2497
1609066251334794640 : Checking page rotation 1 0.65
1609066261495821173 : Checking page rotation 2 0.75
1609066264792680202 : Checking image 1 crop x1 320
1609066264792804008 : Checking image 1 crop y1 199
1609066264792844409 : Checking image 1 crop x2 2353
1609066264792879711 : Checking image 1 crop y2 3394
1609066267982653043 : Checking image 2 crop x1 132
1609066267982772549 : Checking image 2 crop y1 224
1609066267982812050 : Checking image 2 crop x2 2160
1609066267982850152 : Checking image 2 crop y2 3419
1609066268026164858 : Checking image 1 dpi 300
1609066268026272162 : Checking image 1 border top 179
1609066268026308964 : Checking image 1 border bottom 112
1609066268026342165 : Checking image 1 border left 213
1609066268026374867 : Checking image 1 border right 213
1609066268028129844 : Checking image 2 dpi 300
1609066268028205747 : Checking image 2 border top 197
1609066268028239449 : Checking image 2 border bottom 95
1609066268028271950 : Checking image 2 border left 216
1609066268028305252 : Checking image 2 border right 216

</system-out><system-err>--------------------------------- Captured Err ---------------------------------

</system-err></testcase><testcase classname="tests.test_images" name="test_failed_split_line_line_algo_png" time="29.879"><system-out>--------------------------------- Captured Log ---------------------------------

--------------------------------- Captured Out ---------------------------------
/home/runner/work/ocr-book/ocr-book/tests/failed_split_line_line_algo.png
1609066267064203737 : Checking separation double page angle 90.04134220573248
1609066267064309941 : Checking separation double page y=0 2573
1609066270502526104 : Checking page rotation 1 -0.14999999999999067
1609066272824051394 : Checking page rotation 2 0.0
1609066275340074604 : Checking image 1 crop x1 407
1609066275340208909 : Checking image 1 crop y1 2925
1609066275340248411 : Checking image 1 crop x2 2419
1609066275340283013 : Checking image 1 crop y2 3174
1609066277042703655 : Checking image 2 crop x1 1184
1609066277042818660 : Checking image 2 crop y1 1748
1609066277042855561 : Checking image 2 crop x2 1185
1609066277042889863 : Checking image 2 crop y2 1749
1609066277043209277 : Checking image 1 dpi 300
1609066277043289581 : Checking image 1 border top 2922
1609066277043321882 : Checking image 1 border bottom 316
1609066277043352683 : Checking image 1 border left 224
1609066277043383285 : Checking image 1 border right 224
1609066277044718843 : Checking image 2 dpi 300
1609066277044796447 : Checking image 2 border top 1752
1609066277044833048 : Checking image 2 border bottom 1753
1609066277044866450 : Checking image 2 border left 1239
1609066277044899351 : Checking image 2 border right 1239

</system-out><system-err>--------------------------------- Captured Err ---------------------------------

</system-err></testcase><testcase classname="tests.test_images" name="test_wrong_split_line_3_png" time="62.894"><system-out>--------------------------------- Captured Log ---------------------------------

--------------------------------- Captured Out ---------------------------------
/home/runner/work/ocr-book/ocr-book/tests/wrong_split_line_3.png
1609066305826650797 : Checking separation double page angle 90.43729500214694
1609066305826757102 : Checking separation double page y=0 2498
1609066315795778594 : Checking page rotation 1 0.30000000000000004
1609066323760244283 : Checking page rotation 2 0.9
1609066327628338248 : Checking image 1 crop x1 331
1609066327628457653 : Checking image 1 crop y1 165
1609066327628494855 : Checking image 1 crop x2 2375
1609066327628530456 : Checking image 1 crop y2 3376
1609066330909423025 : Checking image 2 crop x1 102
1609066330909543630 : Checking image 2 crop y1 208
1609066330909584032 : Checking image 2 crop x2 2133
1609066330909619233 : Checking image 2 crop y2 3413
1609066330950025209 : Checking image 1 dpi 300
1609066330950126513 : Checking image 1 border top 157
1609066330950161115 : Checking image 1 border bottom 119
1609066330950192316 : Checking image 1 border left 208
1609066330950222518 : Checking image 1 border right 208
1609066330951994896 : Checking image 2 dpi 300
1609066330952069799 : Checking image 2 border top 187
1609066330952103800 : Checking image 2 border bottom 95
1609066330952136702 : Checking image 2 border left 214
1609066330952169503 : Checking image 2 border right 214

</system-out><system-err>--------------------------------- Captured Err ---------------------------------

</system-err></testcase><testcase classname="tests.test_images" name="test_failed_split_line_line_algo_2_png" time="70.907"><system-out>--------------------------------- Captured Log ---------------------------------

--------------------------------- Captured Out ---------------------------------
/home/runner/work/ocr-book/ocr-book/tests/failed_split_line_line_algo_2.png
1609066319023962565 : Checking separation double page angle 90.03068774449687
1609066319024072170 : Checking separation double page y=0 2500
1609066331180484436 : Checking page rotation 1 0.0
1609066341047886139 : Checking page rotation 2 0.6000000000000001
1609066344424176375 : Checking image 1 crop x1 272
1609066344424304681 : Checking image 1 crop y1 149
1609066344424341683 : Checking image 1 crop x2 2383
1609066344424374184 : Checking image 1 crop y2 3353
1609066347878531789 : Checking image 2 crop x1 121
1609066347878662795 : Checking image 2 crop y1 155
1609066347878701697 : Checking image 2 crop x2 2244
1609066347878738698 : Checking image 2 crop y2 3350
1609066347923188652 : Checking image 1 dpi 300
1609066347923300757 : Checking image 1 border top 138
1609066347923338158 : Checking image 1 border bottom 145
1609066347923373560 : Checking image 1 border left 174
1609066347923408461 : Checking image 1 border right 174
1609066347925595758 : Checking image 2 dpi 300
1609066347925680261 : Checking image 2 border top 136
1609066347925715663 : Checking image 2 border bottom 156
1609066347925749664 : Checking image 2 border left 168
1609066347925782766 : Checking image 2 border right 168

</system-out><system-err>--------------------------------- Captured Err ---------------------------------

</system-err></testcase><testcase classname="tests.test_images" name="test_crop_too_much_3_png" time="70.294"><system-out>--------------------------------- Captured Log ---------------------------------

--------------------------------- Captured Out ---------------------------------
/home/runner/work/ocr-book/ocr-book/tests/crop_too_much_3.png
1609066371525917500 : Checking separation double page angle 89.49330634783144
1609066371526019705 : Checking separation double page y=0 2498
1609066379844414663 : Checking page rotation 1 -0.8999999999999949
1609066391783026255 : Checking page rotation 2 -0.14999999999999067
1609066396225749567 : Checking image 1 crop x1 374
1609066396225875973 : Checking image 1 crop y1 258
1609066396225917274 : Checking image 1 crop x2 2385
1609066396225951876 : Checking image 1 crop y2 3459
1609066401190825032 : Checking image 2 crop x1 168
1609066401190947738 : Checking image 2 crop y1 228
1609066401190987740 : Checking image 2 crop x2 2181
1609066401191024441 : Checking image 2 crop y2 3417
1609066401241284750 : Checking image 1 dpi 300
1609066401241391255 : Checking image 1 border top 239
1609066401241427757 : Checking image 1 border bottom 47
1609066401241462058 : Checking image 1 border left 224
1609066401241496760 : Checking image 1 border right 224
1609066401243231136 : Checking image 2 dpi 300
1609066401243309039 : Checking image 2 border top 209
1609066401243342941 : Checking image 2 border bottom 89
1609066401243375842 : Checking image 2 border left 223
1609066401243411144 : Checking image 2 border right 223

</system-out><system-err>--------------------------------- Captured Err ---------------------------------

</system-err></testcase><testcase classname="tests.test_images" name="test_wrong_wave_split_line_2_png" time="74.719"><system-out>--------------------------------- Captured Log ---------------------------------

--------------------------------- Captured Out ---------------------------------
/home/runner/work/ocr-book/ocr-book/tests/wrong_wave_split_line_2.png
1609066390756827665 : Checking separation double page angle 90.7708958311329
1609066390756934270 : Checking separation double page y=0 2490
1609066400070374982 : Checking page rotation 1 0.4
1609066411750590846 : Checking page rotation 2 1.8
1609066415638897518 : Checking image 1 crop x1 224
1609066415639032824 : Checking image 1 crop y1 147
1609066415639072326 : Checking image 1 crop x2 2337
1609066415639109627 : Checking image 1 crop y2 3355
1609066422586726805 : Checking image 2 crop x1 107
1609066422586858011 : Checking image 2 crop y1 197
1609066422586897512 : Checking image 2 crop x2 2229
1609066422586934514 : Checking image 2 crop y2 3396
1609066422638445174 : Checking image 1 dpi 300
1609066422638558579 : Checking image 1 border top 137
1609066422638595180 : Checking image 1 border bottom 142
1609066422638628682 : Checking image 1 border left 173
1609066422638661883 : Checking image 1 border right 173
1609066422640752975 : Checking image 2 dpi 300
1609066422640828878 : Checking image 2 border top 171
1609066422640863080 : Checking image 2 border bottom 116
1609066422640895881 : Checking image 2 border left 169
1609066422640928783 : Checking image 2 border right 169

</system-out><system-err>--------------------------------- Captured Err ---------------------------------

</system-err></testcase><testcase classname="tests.test_images" name="test_wrong_wave_split_line_3_png" time="64.778"><system-out>--------------------------------- Captured Log ---------------------------------

--------------------------------- Captured Out ---------------------------------
/home/runner/work/ocr-book/ocr-book/tests/wrong_wave_split_line_3.png
1609066442031060054 : Checking separation double page angle 90.05826063695574
1609066442031167659 : Checking separation double page y=0 2514
1609066451836411737 : Checking page rotation 1 0.05
1609066459018025252 : Checking page rotation 2 0.30000000000000004
1609066462725711318 : Checking image 1 crop x1 273
1609066462725827623 : Checking image 1 crop y1 220
1609066462725876926 : Checking image 1 crop x2 2383
1609066462725911927 : Checking image 1 crop y2 3423
1609066465990519474 : Checking image 2 crop x1 114
1609066465990645180 : Checking image 2 crop y1 226
1609066465990685081 : Checking image 2 crop x2 2237
1609066465990720683 : Checking image 2 crop y2 3414
1609066466033039544 : Checking image 1 dpi 300
1609066466033150849 : Checking image 1 border top 202
1609066466033187950 : Checking image 1 border bottom 82
1609066466033221652 : Checking image 1 border left 175
1609066466033256153 : Checking image 1 border right 175
1609066466035077834 : Checking image 2 dpi 300
1609066466035162337 : Checking image 2 border top 207
1609066466035196539 : Checking image 2 border bottom 92
1609066466035229440 : Checking image 2 border left 168
1609066466035262442 : Checking image 2 border right 168

</system-out><system-err>--------------------------------- Captured Err ---------------------------------

</system-err></testcase><testcase classname="tests.test_images" name="test_no_split_line_wave_algo_png" time="74.596"><system-out>--------------------------------- Captured Log ---------------------------------

--------------------------------- Captured Out ---------------------------------
/home/runner/work/ocr-book/ocr-book/tests/no_split_line_wave_algo.png
1609066459937840382 : Checking separation double page angle 89.72500000000001
1609066459937949887 : Checking separation double page y=0 2484
1609066466756697069 : Checking page rotation 1 0.0
1609066476750739442 : Checking page rotation 2 -0.49999999999999434
1609066487904543230 : Checking image 1 crop x1 97
1609066487904644235 : Checking image 1 crop y1 79
1609066487904682036 : Checking image 1 crop x2 2494
1609066487904718138 : Checking image 1 crop y2 3505
1609066497152093148 : Checking image 2 crop x1 163
1609066497152218753 : Checking image 2 crop y1 266
1609066497152260155 : Checking image 2 crop x2 2238
1609066497152296956 : Checking image 2 crop y2 3381
1609066497196670703 : Checking image 1 dpi 300
1609066497196786708 : Checking image 1 border top 41
1609066497196823510 : Checking image 1 border bottom 41
1609066497196857312 : Checking image 1 border left 42
1609066497196892113 : Checking image 1 border right 42
1609066497199045808 : Checking image 2 dpi 300
1609066497199122511 : Checking image 2 border top 258
1609066497199158813 : Checking image 2 border bottom 114
1609066497199192514 : Checking image 2 border left 192
1609066497199226215 : Checking image 2 border right 192

</system-out><system-err>--------------------------------- Captured Err ---------------------------------

</system-err></testcase><testcase classname="tests.test_images" name="test_no_split_line_wave_algo_2_png" time="56.851"><system-out>--------------------------------- Captured Log ---------------------------------

--------------------------------- Captured Out ---------------------------------
/home/runner/work/ocr-book/ocr-book/tests/no_split_line_wave_algo_2.png
1609066499515654749 : Checking separation double page angle 90.54999999999998
1609066499515764654 : Checking separation double page y=0 2478
1609066507729715586 : Checking page rotation 1 1.1500000000000001
1609066516313312263 : Checking page rotation 2 0.2
1609066519648874851 : Checking image 1 crop x1 266
1609066519648995156 : Checking image 1 crop y1 209
1609066519649034858 : Checking image 1 crop x2 2342
1609066519649070460 : Checking image 1 crop y2 3413
1609066522847953523 : Checking image 2 crop x1 168
1609066522848075128 : Checking image 2 crop y1 241
1609066522848115030 : Checking image 2 crop x2 2251
1609066522848150031 : Checking image 2 crop y2 3433
1609066522890267182 : Checking image 1 dpi 300
1609066522890376387 : Checking image 1 border top 191
1609066522890412888 : Checking image 1 border bottom 92
1609066522890446790 : Checking image 1 border left 192
1609066522890479691 : Checking image 1 border right 192
1609066522892229968 : Checking image 2 dpi 300
1609066522892303171 : Checking image 2 border top 224
1609066522892337673 : Checking image 2 border bottom 71
1609066522892370674 : Checking image 2 border left 188
1609066522892403176 : Checking image 2 border right 188

</system-out><system-err>--------------------------------- Captured Err ---------------------------------

</system-err></testcase><testcase classname="tests.test_images" name="test_crop_too_few_2_png" time="53.743"><system-out>--------------------------------- Captured Log ---------------------------------

--------------------------------- Captured Out ---------------------------------
/home/runner/work/ocr-book/ocr-book/tests/crop_too_few_2.png
1609066528996210344 : Checking separation double page angle 90.30476192320097
1609066528996320849 : Checking separation double page y=0 2531
1609066536906621568 : Checking page rotation 1 1.2000000000000002
1609066543630222195 : Checking page rotation 2 -0.04999999999999689
1609066547217064345 : Checking image 1 crop x1 287
1609066547217199251 : Checking image 1 crop y1 165
1609066547217236953 : Checking image 1 crop x2 2398
1609066547217272455 : Checking image 1 crop y2 3368
1609066550967261284 : Checking image 2 crop x1 149
1609066550967390690 : Checking image 2 crop y1 189
1609066550967428191 : Checking image 2 crop x2 2273
1609066550967464793 : Checking image 2 crop y2 3386
1609066551006566412 : Checking image 1 dpi 300
1609066551006681117 : Checking image 1 border top 157
1609066551006717618 : Checking image 1 border bottom 127
1609066551006751220 : Checking image 1 border left 174
1609066551006786421 : Checking image 1 border right 174
1609066551008984018 : Checking image 2 dpi 300
1609066551009077322 : Checking image 2 border top 181
1609066551009111524 : Checking image 2 border bottom 109
1609066551009144025 : Checking image 2 border left 168
1609066551009177027 : Checking image 2 border right 168

</system-out><system-err>--------------------------------- Captured Err ---------------------------------

</system-err></testcase><testcase classname="tests.test_images" name="test_failed_detect_rectangle_png" time="69.622"><system-out>--------------------------------- Captured Log ---------------------------------

--------------------------------- Captured Out ---------------------------------
/home/runner/work/ocr-book/ocr-book/tests/failed_detect_rectangle.png
1609066562159359607 : Checking separation double page angle 90.19837516213148
1609066562159467911 : Checking separation double page y=0 2474
1609066572446005114 : Checking page rotation 1 0.2
1609066585274321817 : Checking page rotation 2 0.2
1609066588872458480 : Checking image 1 crop x1 257
1609066588872583085 : Checking image 1 crop y1 201
1609066588872658189 : Checking image 1 crop x2 2333
1609066588872693190 : Checking image 1 crop y2 3402
1609066592452290115 : Checking image 2 crop x1 136
1609066592452417420 : Checking image 2 crop y1 215
1609066592452457522 : Checking image 2 crop x2 2219
1609066592452492624 : Checking image 2 crop y2 3406
1609066592503140950 : Checking image 1 dpi 300
1609066592503250955 : Checking image 1 border top 188
1609066592503287756 : Checking image 1 border bottom 97
1609066592503321558 : Checking image 1 border left 192
1609066592503354359 : Checking image 1 border right 192
1609066592505161039 : Checking image 2 dpi 300
1609066592505237842 : Checking image 2 border top 200
1609066592505273943 : Checking image 2 border bottom 95
1609066592505306545 : Checking image 2 border left 188
1609066592505339146 : Checking image 2 border right 188

</system-out><system-err>--------------------------------- Captured Err ---------------------------------

</system-err></testcase><testcase classname="tests.test_images" name="test_single_page_png" time="27.377"><system-out>--------------------------------- Captured Log ---------------------------------

--------------------------------- Captured Out ---------------------------------
/home/runner/work/ocr-book/ocr-book/tests/single_page.png
1609066563011098936 : Checking separation double page angle 90.04999999999998
1609066563011223142 : Checking separation double page y=0 2476
1609066568813771226 : Checking page rotation 1 0.0
1609066569441301697 : Checking page rotation 2 0.0
1609066577428373282 : Checking image 1 crop x1 1
1609066577428461786 : Checking image 1 crop y1 8
1609066577428499388 : Checking image 1 crop x2 2470
1609066577428534389 : Checking image 1 crop y2 3505
1609066578028335128 : Checking image 2 crop x1 0
1609066578028410831 : Checking image 2 crop y1 0
1609066578028442932 : Checking image 2 crop x2 0
1609066578028474034 : Checking image 2 crop y2 0
1609066578028549737 : Checking image 1 dpi 300
1609066578028639441 : Checking image 1 border top 5
1609066578028674943 : Checking image 1 border bottom 5
1609066578028708044 : Checking image 1 border left 6
1609066578028741445 : Checking image 1 border right 6
1609066578039404614 : Checking image 2 border top 0
1609066578039474317 : Checking image 2 border bottom 0
1609066578039506118 : Checking image 2 border left 0
1609066578039537520 : Checking image 2 border right 0

</system-out><system-err>--------------------------------- Captured Err ---------------------------------

</system-err></testcase><testcase classname="tests.test_images" name="test_wrong_split_line_4_png" time="34.173"><system-out>--------------------------------- Captured Log ---------------------------------

--------------------------------- Captured Out ---------------------------------
/home/runner/work/ocr-book/ocr-book/tests/wrong_split_line_4.png
1609066598417359277 : Checking separation double page angle 91.04999999999998
1609066598417465882 : Checking separation double page y=0 60
1609066598703926272 : Checking page rotation 1 1.05
1609066607426514925 : Checking page rotation 2 1.1500000000000001
1609066608033902917 : Checking image 1 crop x1 0
1609066608033967720 : Checking image 1 crop y1 0
1609066608034000322 : Checking image 1 crop x2 0
1609066608034030823 : Checking image 1 crop y2 0
1609066612554319649 : Checking image 2 crop x1 292
1609066612554437354 : Checking image 2 crop y1 330
1609066612554475956 : Checking image 2 crop x2 2314
1609066612554508657 : Checking image 2 crop y2 3218
1609066612602073347 : Checking image 1 border top 0
1609066612602140450 : Checking image 1 border bottom 0
1609066612602173752 : Checking image 1 border left 0
1609066612602205553 : Checking image 1 border right 0
1609066612602265356 : Checking image 2 dpi 300
1609066612602345959 : Checking image 2 border top 322
1609066612602379461 : Checking image 2 border bottom 277
1609066612602411962 : Checking image 2 border left 219
1609066612602444664 : Checking image 2 border right 219

</system-out><system-err>--------------------------------- Captured Err ---------------------------------

</system-err></testcase><testcase classname="tests.test_images" name="test_no_split_line_wave_algo_3_png" time="20.770"><system-out>--------------------------------- Captured Log ---------------------------------

--------------------------------- Captured Out ---------------------------------
/home/runner/work/ocr-book/ocr-book/tests/no_split_line_wave_algo_3.png
1609066604750534917 : Checking separation double page angle 90.14999999999998
1609066604750651722 : Checking separation double page y=0 2408
1609066607788694342 : Checking page rotation 1 0.0
1609066608196670170 : Checking page rotation 2 0.35
1609066612718906481 : Checking image 1 crop x1 184
1609066612719016186 : Checking image 1 crop y1 2957
1609066612719053888 : Checking image 1 crop x2 2201
1609066612719086389 : Checking image 1 crop y2 3202
1609066613268617436 : Checking image 2 crop x1 0
1609066613268686339 : Checking image 2 crop y1 0
1609066613268716440 : Checking image 2 crop x2 0
1609066613268746142 : Checking image 2 crop y2 0
1609066613268821245 : Checking image 1 dpi 300
1609066613268885448 : Checking image 1 border top 2950
1609066613268917349 : Checking image 1 border bottom 292
1609066613268948251 : Checking image 1 border left 221
1609066613268979152 : Checking image 1 border right 221
1609066613274847610 : Checking image 2 border top 0
1609066613274907812 : Checking image 2 border bottom 0
1609066613274939514 : Checking image 2 border left 0
1609066613274971015 : Checking image 2 border right 0

</system-out><system-err>--------------------------------- Captured Err ---------------------------------

</system-err></testcase><testcase classname="tests.test_images" name="test_failed_split_line_line_algo_3_png" time="28.240"><system-out>--------------------------------- Captured Log ---------------------------------

--------------------------------- Captured Out ---------------------------------
/home/runner/work/ocr-book/ocr-book/tests/failed_split_line_line_algo_3.png
1609066628115030653 : Checking separation double page angle 90.0
1609066628115145058 : Checking separation double page y=0 40
1609066628290828541 : Checking page rotation 1 0.0
1609066633185601914 : Checking page rotation 2 0.0
1609066633604555861 : Checking image 1 crop x1 0
1609066633604639364 : Checking image 1 crop y1 0
1609066633604669066 : Checking image 1 crop x2 0
1609066633604697367 : Checking image 1 crop y2 0
1609066640819918416 : Checking image 2 crop x1 246
1609066640820030416 : Checking image 2 crop y1 154
1609066640820065115 : Checking image 2 crop x2 2259
1609066640820097615 : Checking image 2 crop y2 3361
1609066640859023597 : Checking image 1 border top 0
1609066640859082197 : Checking image 1 border bottom 0
1609066640859110697 : Checking image 1 border left 0
1609066640859140296 : Checking image 1 border right 0
1609066640859212096 : Checking image 2 dpi 300
1609066640859288996 : Checking image 2 border top 146
1609066640859319795 : Checking image 2 border bottom 134
1609066640859360295 : Checking image 2 border left 223
1609066640859408795 : Checking image 2 border right 223

</system-out><system-err>--------------------------------- Captured Err ---------------------------------

</system-err></testcase></testsuite></testsuites>