<?xml version="1.0" encoding="utf-8"?><testsuites><testsuite errors="0" failures="0" hostname="travis-job-5cd5888f-d76e-4a85-b5fe-9a7dc302a630" name="pytest" skipped="0" tests="6" time="436.979" timestamp="2020-10-26T19:41:52.853029"><testcase classname="tests.test_images" name="test_0001_png" time="63.134"><system-out>--------------------------------- Captured Log ---------------------------------

--------------------------------- Captured Out ---------------------------------
0001.png
1603741342757535334 : Checking separation double page angle 90.53612386503231
1603741342757630138 : Checking separation double page y=0 2484
1603741357181486369 : Checking page rotation 1 0.7000000000000001
1603741374501562520 : Checking page rotation 2 0.2
1603741375322188157 : Checking image 1 crop x1 332
1603741375322298422 : Checking image 1 crop y1 336
1603741375322342764 : Checking image 1 crop x2 2343
1603741375322385330 : Checking image 1 crop y2 3223
1603741376142958405 : Checking image 2 crop x1 170
1603741376143047798 : Checking image 2 crop y1 649
1603741376143083035 : Checking image 2 crop x2 2184
1603741376143115953 : Checking image 2 crop y2 3360
1603741376196624722 : Checking image 1 dpi 300
1603741376196764363 : Checking image 1 border top 325
1603741376196795635 : Checking image 1 border bottom 275
1603741376196822626 : Checking image 1 border left 224
1603741376196849445 : Checking image 1 border right 224
1603741376198727591 : Checking image 2 dpi 300
1603741376198869633 : Checking image 2 border top 672
1603741376198898332 : Checking image 2 border bottom 104
1603741376198925258 : Checking image 2 border left 223
1603741376198951522 : Checking image 2 border right 223

</system-out><system-err>--------------------------------- Captured Err ---------------------------------

</system-err></testcase><testcase classname="tests.test_images" name="test_2_pages_2_contours_png" time="35.945"><system-out>--------------------------------- Captured Log ---------------------------------

--------------------------------- Captured Out ---------------------------------
2-pages-2-contours.png
1603741396965198739 : Checking separation double page angle 90.31589922976053
1603741396965323546 : Checking separation double page y=0 2488
1603741398924224031 : Checking page rotation 1 0.0
1603741410759846763 : Checking page rotation 2 0.4
1603741411382518958 : Checking image 1 crop x1 1181
1603741411382588383 : Checking image 1 crop y1 1722
1603741411382616089 : Checking image 1 crop x2 1182
1603741411382642988 : Checking image 1 crop y2 1723
1603741412127597643 : Checking image 2 crop x1 114
1603741412127703877 : Checking image 2 crop y1 241
1603741412127738650 : Checking image 2 crop x2 2159
1603741412127772152 : Checking image 2 crop y2 3239
1603741412154702774 : Checking image 1 dpi 300
1603741412154799062 : Checking image 1 border top 1752
1603741412154828294 : Checking image 1 border bottom 1753
1603741412154855257 : Checking image 1 border left 1239
1603741412154881140 : Checking image 1 border right 1239
1603741412156052255 : Checking image 2 dpi 300
1603741412156180015 : Checking image 2 border top 231
1603741412156209435 : Checking image 2 border bottom 258
1603741412156235928 : Checking image 2 border left 207
1603741412156262301 : Checking image 2 border right 207

</system-out><system-err>--------------------------------- Captured Err ---------------------------------

</system-err></testcase><testcase classname="tests.test_images" name="test_black_border_not_removed_png" time="74.885"><system-out>--------------------------------- Captured Log ---------------------------------

--------------------------------- Captured Out ---------------------------------
black-border-not-removed.png
1603741450106655228 : Checking separation double page angle 90.01632670636354
1603741450106756247 : Checking separation double page y=0 2455
1603741464133456803 : Checking page rotation 1 0.0
1603741485313611597 : Checking page rotation 2 0.0
1603741486134797045 : Checking image 1 crop x1 298
1603741486134890992 : Checking image 1 crop y1 144
1603741486134925269 : Checking image 1 crop x2 2308
1603741486134958309 : Checking image 1 crop y2 3346
1603741486979200919 : Checking image 2 crop x1 158
1603741486979297848 : Checking image 2 crop y1 146
1603741486979332145 : Checking image 2 crop x2 2169
1603741486979364830 : Checking image 2 crop y2 3351
1603741487034838679 : Checking image 1 dpi 300
1603741487034978002 : Checking image 1 border top 129
1603741487035008848 : Checking image 1 border bottom 156
1603741487035036482 : Checking image 1 border left 225
1603741487035063110 : Checking image 1 border right 225
1603741487037164621 : Checking image 2 dpi 300
1603741487037294516 : Checking image 2 border top 131
1603741487037324466 : Checking image 2 border bottom 151
1603741487037351249 : Checking image 2 border left 224
1603741487037377667 : Checking image 2 border right 224

</system-out><system-err>--------------------------------- Captured Err ---------------------------------

</system-err></testcase><testcase classname="tests.test_images" name="test_image_failed_to_rotate_png" time="134.637"><system-out>--------------------------------- Captured Log ---------------------------------

--------------------------------- Captured Out ---------------------------------
image_failed_to_rotate.png
1603741527005728381 : Checking separation double page angle 90.49464849303612
1603741527005824196 : Checking separation double page y=0 2487
1603741532718364407 : Checking page rotation 1 0.30000000000000004
1603741547592985151 : Checking page rotation 2 0.45
1603741620581687352 : Checking image 1 crop x1 86
1603741620581840550 : Checking image 1 crop y1 6
1603741620581875349 : Checking image 1 crop x2 2456
1603741620581908417 : Checking image 1 crop y2 3483
1603741621448129618 : Checking image 2 crop x1 183
1603741621448217539 : Checking image 2 crop y1 235
1603741621448252019 : Checking image 2 crop x2 2261
1603741621448284646 : Checking image 2 crop y2 3355
1603741621591040672 : Checking image 1 dpi 300
1603741621591181351 : Checking image 1 border top 15
1603741621591212314 : Checking image 1 border bottom 15
1603741621591239631 : Checking image 1 border left 55
1603741621591266260 : Checking image 1 border right 55
1603741621593418475 : Checking image 2 dpi 300
1603741621593551532 : Checking image 2 border top 207
1603741621593581552 : Checking image 2 border bottom 160
1603741621593608478 : Checking image 2 border left 191
1603741621593634898 : Checking image 2 border right 191

</system-out><system-err>--------------------------------- Captured Err ---------------------------------

</system-err></testcase><testcase classname="tests.test_images" name="test_image_failed_to_crop_data_png" time="75.501"><system-out>--------------------------------- Captured Log ---------------------------------

--------------------------------- Captured Out ---------------------------------
image_failed_to_crop_data.png
1603741651543501260 : Checking separation double page angle 90.16303976362025
1603741651543649999 : Checking separation double page y=0 2485
1603741658422832624 : Checking page rotation 1 0.0
1603741670630466318 : Checking page rotation 2 0.15000000000000002
1603741696268518679 : Checking image 1 crop x1 116
1603741696268630295 : Checking image 1 crop y1 7
1603741696268665505 : Checking image 1 crop x2 2476
1603741696268699792 : Checking image 1 crop y2 3503
1603741697036899652 : Checking image 2 crop x1 164
1603741697036992534 : Checking image 2 crop y1 220
1603741697037027958 : Checking image 2 crop x2 2241
1603741697037061119 : Checking image 2 crop y2 3348
1603741697137603828 : Checking image 1 dpi 300
1603741697137756704 : Checking image 1 border top 5
1603741697137791766 : Checking image 1 border bottom 5
1603741697137818816 : Checking image 1 border left 55
1603741697137845560 : Checking image 1 border right 55
1603741697139783139 : Checking image 2 dpi 300
1603741697139917909 : Checking image 2 border top 212
1603741697139947632 : Checking image 2 border bottom 147
1603741697139974534 : Checking image 2 border left 191
1603741697140001276 : Checking image 2 border right 191

</system-out><system-err>--------------------------------- Captured Err ---------------------------------

</system-err></testcase><testcase classname="tests.test_images" name="test_disabled_enable_debug" time="51.708"><system-out>--------------------------------- Captured Log ---------------------------------

--------------------------------- Captured Out ---------------------------------
0001.png
separation double page angle 90.53612386503231
separation double page y=0 2484
page rotation 1 0.7000000000000001
page rotation 2 0.2
image 1 crop x1 332
image 1 crop y1 336
image 1 crop x2 2343
image 1 crop y2 3223
image 2 crop x1 170
image 2 crop y1 649
image 2 crop x2 2184
image 2 crop y2 3360
image 1 dpi 300
image 1 border top 325
image 1 border bottom 275
image 1 border left 224
image 1 border right 224
image 2 dpi 300
image 2 border top 672
image 2 border bottom 104
image 2 border left 223
image 2 border right 223

</system-out><system-err>--------------------------------- Captured Err ---------------------------------

</system-err></testcase></testsuite></testsuites>