<?xml version="1.0" encoding="utf-8"?><testsuites><testsuite name="pytest" errors="0" failures="0" skipped="0" tests="32" time="803.570" timestamp="2020-12-06T21:43:26.966224" hostname="fv-az121-270"><testcase classname="tests.test_features" name="test_mock_stop_at_0" time="0.038"><system-out>--------------------------------- Captured Log ---------------------------------

--------------------------------- Captured Out ---------------------------------
/home/runner/work/ocr-book/ocr-book/tests/0001_0.png

</system-out><system-err>--------------------------------- Captured Err ---------------------------------

</system-err></testcase><testcase classname="tests.test_features" name="test_disabled_enable_debug" time="36.310"><system-out>--------------------------------- Captured Log ---------------------------------

--------------------------------- Captured Out ---------------------------------
/home/runner/work/ocr-book/ocr-book/tests/0001_debug.png
separation double page angle 90.57780420099763
separation double page y=0 2487
page rotation 1 0.75
page rotation 2 0.2
image 1 crop x1 330
image 1 crop y1 336
image 1 crop x2 2343
image 1 crop y2 3223
image 2 crop x1 169
image 2 crop y1 648
image 2 crop x2 2186
image 2 crop y2 3361
image 1 dpi 300
image 1 border top 318
image 1 border bottom 282
image 1 border left 223
image 1 border right 223
image 2 dpi 300
image 2 border top 643
image 2 border bottom 131
image 2 border left 221
image 2 border right 221

</system-out><system-err>--------------------------------- Captured Err ---------------------------------

</system-err></testcase><testcase classname="tests.test_features" name="test_mock_stop_at_2" time="40.658"><system-out>--------------------------------- Captured Log ---------------------------------

--------------------------------- Captured Out ---------------------------------
/home/runner/work/ocr-book/ocr-book/tests/0001_2.png
separation double page angle 90.57780420099763
separation double page y=0 2487
page rotation 1 0.75
page rotation 2 0.2

</system-out><system-err>--------------------------------- Captured Err ---------------------------------

</system-err></testcase><testcase classname="tests.test_features" name="test_mock_stop_at_1" time="28.348"><system-out>--------------------------------- Captured Log ---------------------------------

--------------------------------- Captured Out ---------------------------------
/home/runner/work/ocr-book/ocr-book/tests/0001_1.png
separation double page angle 90.57780420099763
separation double page y=0 2487

</system-out><system-err>--------------------------------- Captured Err ---------------------------------

</system-err></testcase><testcase classname="tests.test_features" name="test_mock_stop_at_4" time="48.120"><system-out>--------------------------------- Captured Log ---------------------------------

--------------------------------- Captured Out ---------------------------------
/home/runner/work/ocr-book/ocr-book/tests/0001_4.png
separation double page angle 90.57780420099763
separation double page y=0 2487
page rotation 1 0.75
page rotation 2 0.2
image 1 crop x1 330
image 1 crop y1 336
image 1 crop x2 2343
image 1 crop y2 3223
image 2 crop x1 169
image 2 crop y1 648
image 2 crop x2 2186
image 2 crop y2 3361
image 1 dpi 300
image 1 border top 318
image 1 border bottom 282
image 1 border left 223
image 1 border right 223
image 2 dpi 300
image 2 border top 643
image 2 border bottom 131
image 2 border left 221
image 2 border right 221

</system-out><system-err>--------------------------------- Captured Err ---------------------------------

</system-err></testcase><testcase classname="tests.test_features" name="test_mock_stop_at_3" time="47.579"><system-out>--------------------------------- Captured Log ---------------------------------

--------------------------------- Captured Out ---------------------------------
/home/runner/work/ocr-book/ocr-book/tests/0001_3.png
separation double page angle 90.57780420099763
separation double page y=0 2487
page rotation 1 0.75
page rotation 2 0.2
image 1 crop x1 330
image 1 crop y1 336
image 1 crop x2 2343
image 1 crop y2 3223
image 2 crop x1 169
image 2 crop y1 648
image 2 crop x2 2186
image 2 crop y2 3361

</system-out><system-err>--------------------------------- Captured Err ---------------------------------

</system-err></testcase><testcase classname="tests.test_images" name="test_0001_png" time="47.737"><system-out>--------------------------------- Captured Log ---------------------------------

--------------------------------- Captured Out ---------------------------------
/home/runner/work/ocr-book/ocr-book/tests/0001.png
1607291125055318751 : Checking separation double page angle 90.57780420099763
1607291125055413151 : Checking separation double page y=0 2487
1607291131217132110 : Checking page rotation 1 0.75
1607291137983054853 : Checking page rotation 2 0.2
1607291141331054913 : Checking image 1 crop x1 330
1607291141331175313 : Checking image 1 crop y1 336
1607291141331211113 : Checking image 1 crop x2 2343
1607291141331241113 : Checking image 1 crop y2 3223
1607291144466165769 : Checking image 2 crop x1 169
1607291144466273669 : Checking image 2 crop y1 648
1607291144466314469 : Checking image 2 crop x2 2186
1607291144466363469 : Checking image 2 crop y2 3361
1607291144492998219 : Checking image 1 dpi 300
1607291144493069819 : Checking image 1 border top 318
1607291144493101519 : Checking image 1 border bottom 282
1607291144493128819 : Checking image 1 border left 223
1607291144493157519 : Checking image 1 border right 223
1607291144495818024 : Checking image 2 dpi 300
1607291144495864724 : Checking image 2 border top 643
1607291144495909324 : Checking image 2 border bottom 131
1607291144495956824 : Checking image 2 border left 221
1607291144495986424 : Checking image 2 border right 221

</system-out><system-err>--------------------------------- Captured Err ---------------------------------

</system-err></testcase><testcase classname="tests.test_features" name="test_mock_stop_at_5" time="45.646"><system-out>--------------------------------- Captured Log ---------------------------------

--------------------------------- Captured Out ---------------------------------
/home/runner/work/ocr-book/ocr-book/tests/0001_5.png
separation double page angle 90.57780420099763
separation double page y=0 2487
page rotation 1 0.75
page rotation 2 0.2
image 1 crop x1 330
image 1 crop y1 336
image 1 crop x2 2343
image 1 crop y2 3223
image 2 crop x1 169
image 2 crop y1 648
image 2 crop x2 2186
image 2 crop y2 3361
image 1 dpi 300
image 1 border top 318
image 1 border bottom 282
image 1 border left 223
image 1 border right 223
image 2 dpi 300
image 2 border top 643
image 2 border bottom 131
image 2 border left 221
image 2 border right 221

</system-out><system-err>--------------------------------- Captured Err ---------------------------------

</system-err></testcase><testcase classname="tests.test_images" name="test_2_pages_2_contours_png" time="31.547"><system-out>--------------------------------- Captured Log ---------------------------------

--------------------------------- Captured Out ---------------------------------
/home/runner/work/ocr-book/ocr-book/tests/2-pages-2-contours.png
1607291163928167972 : Checking separation double page angle 89.91958537671144
1607291163928250072 : Checking separation double page y=0 2492
1607291165865569401 : Checking page rotation 1 0.05
1607291171224931938 : Checking page rotation 2 0.35000000000000003
1607291172660139460 : Checking image 1 crop x1 1189
1607291172660231360 : Checking image 1 crop y1 1748
1607291172660262160 : Checking image 1 crop x2 1190
1607291172660287860 : Checking image 1 crop y2 1749
1607291176021220039 : Checking image 2 crop x1 89
1607291176021326339 : Checking image 2 crop y1 240
1607291176021358939 : Checking image 2 crop x2 2136
1607291176021388339 : Checking image 2 crop y2 3239
1607291176049123079 : Checking image 1 dpi 300
1607291176049215179 : Checking image 1 border top 1753
1607291176049245779 : Checking image 1 border bottom 1753
1607291176049271779 : Checking image 1 border left 1239
1607291176049297879 : Checking image 1 border right 1239
1607291176050865881 : Checking image 2 dpi 300
1607291176050917681 : Checking image 2 border top 227
1607291176050946682 : Checking image 2 border bottom 261
1607291176050973782 : Checking image 2 border left 206
1607291176051000682 : Checking image 2 border right 206

</system-out><system-err>--------------------------------- Captured Err ---------------------------------

</system-err></testcase><testcase classname="tests.test_images" name="test_angle_page_lower_split_line_png" time="48.836"><system-out>--------------------------------- Captured Log ---------------------------------

--------------------------------- Captured Out ---------------------------------
/home/runner/work/ocr-book/ocr-book/tests/angle_page_lower_split_line.png
1607291198095694436 : Checking separation double page angle 89.75201324945476
1607291198095793136 : Checking separation double page y=0 2473
1607291203992517378 : Checking page rotation 1 -0.44999999999998863
1607291209012804069 : Checking page rotation 2 0.2
1607291211909749094 : Checking image 1 crop x1 245
1607291211909851094 : Checking image 1 crop y1 161
1607291211909884394 : Checking image 1 crop x2 2351
1607291211909916094 : Checking image 1 crop y2 3364
1607291214626269464 : Checking image 2 crop x1 151
1607291214626377865 : Checking image 2 crop y1 147
1607291214626411265 : Checking image 2 crop x2 2258
1607291214626441765 : Checking image 2 crop y2 3350
1607291214656025398 : Checking image 1 dpi 300
1607291214656139298 : Checking image 1 border top 141
1607291214656173598 : Checking image 1 border bottom 143
1607291214656203698 : Checking image 1 border left 177
1607291214656232598 : Checking image 1 border right 177
1607291214658924701 : Checking image 2 dpi 300
1607291214658993201 : Checking image 2 border top 129
1607291214659023201 : Checking image 2 border bottom 155
1607291214659050201 : Checking image 2 border left 176
1607291214659076701 : Checking image 2 border right 176

</system-out><system-err>--------------------------------- Captured Err ---------------------------------

</system-err></testcase><testcase classname="tests.test_images" name="test_black_border_not_removed_png" time="51.924"><system-out>--------------------------------- Captured Log ---------------------------------

--------------------------------- Captured Out ---------------------------------
/home/runner/work/ocr-book/ocr-book/tests/black-border-not-removed.png
1607291206602533261 : Checking separation double page angle 90.02895758682553
1607291206602614661 : Checking separation double page y=0 2456
1607291211856384833 : Checking page rotation 1 0.0
1607291219462637627 : Checking page rotation 2 0.0
1607291223000466870 : Checking image 1 crop x1 297
1607291223000574170 : Checking image 1 crop y1 143
1607291223000607870 : Checking image 1 crop x2 2309
1607291223000636470 : Checking image 1 crop y2 3346
1607291227932604220 : Checking image 2 crop x1 157
1607291227932713520 : Checking image 2 crop y1 145
1607291227932747620 : Checking image 2 crop x2 2169
1607291227932778020 : Checking image 2 crop y2 3352
1607291227964402353 : Checking image 1 dpi 300
1607291227964520853 : Checking image 1 border top 127
1607291227964552653 : Checking image 1 border bottom 157
1607291227964579153 : Checking image 1 border left 224
1607291227964605253 : Checking image 1 border right 224
1607291227969162958 : Checking image 2 dpi 300
1607291227969260858 : Checking image 2 border top 133
1607291227969295358 : Checking image 2 border bottom 147
1607291227969325258 : Checking image 2 border left 224
1607291227969354558 : Checking image 2 border right 224

</system-out><system-err>--------------------------------- Captured Err ---------------------------------

</system-err></testcase><testcase classname="tests.test_images" name="test_wrong_split_line_png" time="37.693"><system-out>--------------------------------- Captured Log ---------------------------------

--------------------------------- Captured Out ---------------------------------
/home/runner/work/ocr-book/ocr-book/tests/wrong_split_line.png
1607291238672746364 : Checking separation double page angle 89.85895720607971
1607291238672825564 : Checking separation double page y=0 2463
1607291242985950566 : Checking page rotation 1 -0.14999999999999147
1607291247858596941 : Checking page rotation 2 0.65
1607291250019747933 : Checking image 1 crop x1 213
1607291250019852433 : Checking image 1 crop y1 157
1607291250019887033 : Checking image 1 crop x2 2323
1607291250019919233 : Checking image 1 crop y2 3362
1607291252335403856 : Checking image 2 crop x1 126
1607291252335503456 : Checking image 2 crop y1 167
1607291252335537456 : Checking image 2 crop x2 2237
1607291252335568156 : Checking image 2 crop y2 3372
1607291252365884885 : Checking image 1 dpi 300
1607291252365964285 : Checking image 1 border top 135
1607291252365995185 : Checking image 1 border bottom 147
1607291252366022985 : Checking image 1 border left 175
1607291252366049785 : Checking image 1 border right 175
1607291252368496787 : Checking image 2 dpi 300
1607291252368547787 : Checking image 2 border top 139
1607291252368576287 : Checking image 2 border bottom 143
1607291252368602488 : Checking image 2 border left 174
1607291252368628688 : Checking image 2 border right 174

</system-out><system-err>--------------------------------- Captured Err ---------------------------------

</system-err></testcase><testcase classname="tests.test_images" name="test_image_failed_to_rotate_png" time="52.865"><system-out>--------------------------------- Captured Log ---------------------------------

--------------------------------- Captured Out ---------------------------------
/home/runner/work/ocr-book/ocr-book/tests/image_failed_to_rotate.png
1607291253843499895 : Checking separation double page angle 90.19634423290287
1607291253843587695 : Checking separation double page y=0 2482
1607291258323862727 : Checking page rotation 1 0.35000000000000003
1607291265796816758 : Checking page rotation 2 0.45
1607291275549178686 : Checking image 1 crop x1 34
1607291275549284386 : Checking image 1 crop y1 1
1607291275549322486 : Checking image 1 crop x2 2480
1607291275549390586 : Checking image 1 crop y2 3500
1607291280669380234 : Checking image 2 crop x1 169
1607291280669529234 : Checking image 2 crop y1 234
1607291280669566434 : Checking image 2 crop x2 2248
1607291280669599734 : Checking image 2 crop y2 3355
1607291280730213387 : Checking image 1 dpi 300
1607291280730291587 : Checking image 1 border top 4
1607291280730325587 : Checking image 1 border bottom 4
1607291280730352887 : Checking image 1 border left 17
1607291280730380687 : Checking image 1 border right 17
1607291280732726390 : Checking image 2 dpi 300
1607291280732786090 : Checking image 2 border top 221
1607291280732816290 : Checking image 2 border bottom 145
1607291280732843290 : Checking image 2 border left 190
1607291280732869990 : Checking image 2 border right 190

</system-out><system-err>--------------------------------- Captured Err ---------------------------------

</system-err></testcase><testcase classname="tests.test_images" name="test_crop_too_much_png" time="66.103"><system-out>--------------------------------- Captured Log ---------------------------------

--------------------------------- Captured Out ---------------------------------
/home/runner/work/ocr-book/ocr-book/tests/crop_too_much.png
1607291294075164794 : Checking separation double page angle 90.13239409272953
1607291294075256694 : Checking separation double page y=0 2453
1607291302303803598 : Checking page rotation 1 0.0
1607291310460856742 : Checking page rotation 2 0.45
1607291314552260676 : Checking image 1 crop x1 303
1607291314552365476 : Checking image 1 crop y1 148
1607291314552398776 : Checking image 1 crop x2 2313
1607291314552427677 : Checking image 1 crop y2 3351
1607291318408048558 : Checking image 2 crop x1 170
1607291318408161058 : Checking image 2 crop y1 155
1607291318408195658 : Checking image 2 crop x2 2181
1607291318408228258 : Checking image 2 crop y2 3359
1607291318449465739 : Checking image 1 dpi 300
1607291318449720940 : Checking image 1 border top 131
1607291318449764040 : Checking image 1 border bottom 153
1607291318449801740 : Checking image 1 border left 225
1607291318449838640 : Checking image 1 border right 225
1607291318452627446 : Checking image 2 dpi 300
1607291318452680646 : Checking image 2 border top 133
1607291318452709446 : Checking image 2 border bottom 150
1607291318452736046 : Checking image 2 border left 224
1607291318452764346 : Checking image 2 border right 224

</system-out><system-err>--------------------------------- Captured Err ---------------------------------

</system-err></testcase><testcase classname="tests.test_images" name="test_image_failed_to_crop_data_png" time="49.985"><system-out>--------------------------------- Captured Log ---------------------------------

--------------------------------- Captured Out ---------------------------------
/home/runner/work/ocr-book/ocr-book/tests/image_failed_to_crop_data.png
1607291306594470409 : Checking separation double page angle 89.91538216173362
1607291306594555409 : Checking separation double page y=0 2477
1607291311748336014 : Checking page rotation 1 0.2
1607291316476090141 : Checking page rotation 2 0.0
1607291326037698427 : Checking image 1 crop x1 58
1607291326037808627 : Checking image 1 crop y1 8
1607291326037861627 : Checking image 1 crop x2 2480
1607291326037891127 : Checking image 1 crop y2 3504
1607291330728905475 : Checking image 2 crop x1 159
1607291330729038875 : Checking image 2 crop y1 217
1607291330729075175 : Checking image 2 crop x2 2241
1607291330729107575 : Checking image 2 crop y2 3350
1607291330758760131 : Checking image 1 dpi 300
1607291330758870131 : Checking image 1 border top 6
1607291330758906831 : Checking image 1 border bottom 6
1607291330758936931 : Checking image 1 border left 29
1607291330758967431 : Checking image 1 border right 29
1607291330761365736 : Checking image 2 dpi 300
1607291330761422936 : Checking image 2 border top 206
1607291330761452136 : Checking image 2 border bottom 148
1607291330761479736 : Checking image 2 border left 189
1607291330761507736 : Checking image 2 border right 189

</system-out><system-err>--------------------------------- Captured Err ---------------------------------

</system-err></testcase><testcase classname="tests.test_images" name="test_crop_too_few_png" time="40.509"><system-out>--------------------------------- Captured Log ---------------------------------

--------------------------------- Captured Out ---------------------------------
/home/runner/work/ocr-book/ocr-book/tests/crop_too_few.png
1607291344668691495 : Checking separation double page angle 89.39669496435833
1607291344668873295 : Checking separation double page y=0 2510
1607291349133669915 : Checking page rotation 1 -0.75
1607291353815660273 : Checking page rotation 2 0.05
1607291356395368452 : Checking image 1 crop x1 265
1607291356395471553 : Checking image 1 crop y1 152
1607291356395505753 : Checking image 1 crop x2 2375
1607291356395536753 : Checking image 1 crop y2 3356
1607291358951257851 : Checking image 2 crop x1 135
1607291358951364451 : Checking image 2 crop y1 141
1607291358951398251 : Checking image 2 crop x2 2261
1607291358951428551 : Checking image 2 crop y2 3345
1607291358979161198 : Checking image 1 dpi 300
1607291358979238298 : Checking image 1 border top 134
1607291358979269798 : Checking image 1 border bottom 149
1607291358979297798 : Checking image 1 border left 175
1607291358979326598 : Checking image 1 border right 175
1607291358982054003 : Checking image 2 dpi 300
1607291358982111503 : Checking image 2 border top 129
1607291358982140703 : Checking image 2 border bottom 154
1607291358982167303 : Checking image 2 border left 167
1607291358982193603 : Checking image 2 border right 167

</system-out><system-err>--------------------------------- Captured Err ---------------------------------

</system-err></testcase><testcase classname="tests.test_images" name="test_wrong_angle_split_line_png" time="59.553"><system-out>--------------------------------- Captured Log ---------------------------------

--------------------------------- Captured Out ---------------------------------
/home/runner/work/ocr-book/ocr-book/tests/wrong_angle_split_line.png
1607291358763201436 : Checking separation double page angle 90.04193420006348
1607291358763365036 : Checking separation double page y=0 2477
1607291365762916711 : Checking page rotation 1 0.2
1607291374765731280 : Checking page rotation 2 0.2
1607291385257646890 : Checking image 1 crop x1 61
1607291385257761490 : Checking image 1 crop y1 7
1607291385257797790 : Checking image 1 crop x2 2475
1607291385257828890 : Checking image 1 crop y2 3500
1607291389640220736 : Checking image 2 crop x1 165
1607291389640325637 : Checking image 2 crop y1 219
1607291389640358437 : Checking image 2 crop x2 2241
1607291389640387837 : Checking image 2 crop y2 3348
1607291389781451949 : Checking image 1 dpi 300
1607291389781557149 : Checking image 1 border top 7
1607291389781591349 : Checking image 1 border bottom 7
1607291389781618849 : Checking image 1 border left 33
1607291389781646849 : Checking image 1 border right 33
1607291389788888860 : Checking image 2 dpi 300
1607291389788983760 : Checking image 2 border top 207
1607291389789014361 : Checking image 2 border bottom 151
1607291389789044261 : Checking image 2 border left 192
1607291389789071861 : Checking image 2 border right 192

</system-out><system-err>--------------------------------- Captured Err ---------------------------------

</system-err></testcase><testcase classname="tests.test_images" name="test_crop_too_much_2_png" time="71.738"><system-out>--------------------------------- Captured Log ---------------------------------

--------------------------------- Captured Out ---------------------------------
/home/runner/work/ocr-book/ocr-book/tests/crop_too_much_2.png
1607291399072383731 : Checking separation double page angle 90.2021118646249
1607291399072469731 : Checking separation double page y=0 2477
1607291410524363187 : Checking page rotation 1 0.2
1607291421813210581 : Checking page rotation 2 0.2
1607291425642639394 : Checking image 1 crop x1 332
1607291425642745894 : Checking image 1 crop y1 131
1607291425642781294 : Checking image 1 crop x2 2342
1607291425642812494 : Checking image 1 crop y2 3336
1607291430657398940 : Checking image 2 crop x1 168
1607291430657506740 : Checking image 2 crop y1 139
1607291430657540940 : Checking image 2 crop x2 2181
1607291430657572240 : Checking image 2 crop y2 3345
1607291430698200295 : Checking image 1 dpi 300
1607291430698276895 : Checking image 1 border top 118
1607291430698308795 : Checking image 1 border bottom 164
1607291430698336295 : Checking image 1 border left 225
1607291430698363595 : Checking image 1 border right 225
1607291430700900398 : Checking image 2 dpi 300
1607291430700958298 : Checking image 2 border top 127
1607291430700987398 : Checking image 2 border bottom 154
1607291430701013598 : Checking image 2 border left 223
1607291430701041598 : Checking image 2 border right 223

</system-out><system-err>--------------------------------- Captured Err ---------------------------------

</system-err></testcase><testcase classname="tests.test_images" name="test_small_wave_png" time="62.662"><system-out>--------------------------------- Captured Log ---------------------------------

--------------------------------- Captured Out ---------------------------------
/home/runner/work/ocr-book/ocr-book/tests/small_wave.png
1607291429525572025 : Checking separation double page angle 90.61316928841566
1607291429525654825 : Checking separation double page y=0 2495
1607291438647731608 : Checking page rotation 1 0.7000000000000001
1607291447529972109 : Checking page rotation 2 0.7000000000000001
1607291450125580624 : Checking image 1 crop x1 322
1607291450125692424 : Checking image 1 crop y1 199
1607291450125726624 : Checking image 1 crop x2 2351
1607291450125756924 : Checking image 1 crop y2 3394
1607291452998440069 : Checking image 2 crop x1 135
1607291452998548469 : Checking image 2 crop y1 223
1607291452998582369 : Checking image 2 crop x2 2164
1607291452998612769 : Checking image 2 crop y2 3419
1607291453031305111 : Checking image 1 dpi 300
1607291453031426311 : Checking image 1 border top 178
1607291453031458811 : Checking image 1 border bottom 114
1607291453031485511 : Checking image 1 border left 215
1607291453031530411 : Checking image 1 border right 215
1607291453034384614 : Checking image 2 dpi 300
1607291453034458315 : Checking image 2 border top 196
1607291453034487315 : Checking image 2 border bottom 95
1607291453034514215 : Checking image 2 border left 215
1607291453034540915 : Checking image 2 border right 215

</system-out><system-err>--------------------------------- Captured Err ---------------------------------

</system-err></testcase><testcase classname="tests.test_images" name="test_wrong_split_line_2_png" time="87.051"><system-out>--------------------------------- Captured Log ---------------------------------

--------------------------------- Captured Out ---------------------------------
/home/runner/work/ocr-book/ocr-book/tests/wrong_split_line_2.png
1607291482594571798 : Checking separation double page angle 90.3838786217729
1607291482594649698 : Checking separation double page y=0 2442
1607291491064758069 : Checking page rotation 1 0.05
1607291501917609616 : Checking page rotation 2 0.4
1607291508116237075 : Checking image 1 crop x1 294
1607291508116351776 : Checking image 1 crop y1 137
1607291508116388876 : Checking image 1 crop x2 2326
1607291508116419976 : Checking image 1 crop y2 3375
1607291517717964067 : Checking image 2 crop x1 146
1607291517718082467 : Checking image 2 crop y1 192
1607291517718116367 : Checking image 2 crop x2 2173
1607291517718147367 : Checking image 2 crop y2 3386
1607291517757852411 : Checking image 1 dpi 300
1607291517757960111 : Checking image 1 border top 124
1607291517757994111 : Checking image 1 border bottom 124
1607291517758023211 : Checking image 1 border left 214
1607291517758051811 : Checking image 1 border right 214
1607291517761154715 : Checking image 2 dpi 300
1607291517761225215 : Checking image 2 border top 185
1607291517761253815 : Checking image 2 border bottom 108
1607291517761280415 : Checking image 2 border left 216
1607291517761307215 : Checking image 2 border right 216

</system-out><system-err>--------------------------------- Captured Err ---------------------------------

</system-err></testcase><testcase classname="tests.test_images" name="test_wrong_split_line_3_png" time="54.340"><system-out>--------------------------------- Captured Log ---------------------------------

--------------------------------- Captured Out ---------------------------------
/home/runner/work/ocr-book/ocr-book/tests/wrong_split_line_3.png
1607291486953358549 : Checking separation double page angle 90.43729500214693
1607291486953439749 : Checking separation double page y=0 2498
1607291494906592539 : Checking page rotation 1 0.30000000000000004
1607291501874215866 : Checking page rotation 2 0.9
1607291504620211303 : Checking image 1 crop x1 331
1607291504620355703 : Checking image 1 crop y1 165
1607291504620392403 : Checking image 1 crop x2 2375
1607291504620443503 : Checking image 1 crop y2 3376
1607291507365668724 : Checking image 2 crop x1 102
1607291507365775725 : Checking image 2 crop y1 208
1607291507365808425 : Checking image 2 crop x2 2133
1607291507365837725 : Checking image 2 crop y2 3413
1607291507394777957 : Checking image 1 dpi 300
1607291507394875258 : Checking image 1 border top 148
1607291507394906058 : Checking image 1 border bottom 128
1607291507394933658 : Checking image 1 border left 208
1607291507394960058 : Checking image 1 border right 208
1607291507397175160 : Checking image 2 dpi 300
1607291507397228460 : Checking image 2 border top 191
1607291507397255360 : Checking image 2 border bottom 91
1607291507397280660 : Checking image 2 border left 214
1607291507397305760 : Checking image 2 border right 214

</system-out><system-err>--------------------------------- Captured Err ---------------------------------

</system-err></testcase><testcase classname="tests.test_images" name="test_no_split_line_line_algo_png" time="46.564"><system-out>--------------------------------- Captured Log ---------------------------------

--------------------------------- Captured Out ---------------------------------
/home/runner/work/ocr-book/ocr-book/tests/no_split_line_line_algo.png
1607291536673084502 : Checking separation double page angle 89.47691469185418
1607291536673167802 : Checking separation double page y=0 2476
1607291541579255402 : Checking page rotation 1 -0.14999999999999147
1607291548319976127 : Checking page rotation 2 -0.44999999999998863
1607291550577453532 : Checking image 1 crop x1 205
1607291550577574032 : Checking image 1 crop y1 158
1607291550577609032 : Checking image 1 crop x2 2320
1607291550577657832 : Checking image 1 crop y2 3366
1607291553929710691 : Checking image 2 crop x1 185
1607291553929807991 : Checking image 2 crop y1 221
1607291553929840591 : Checking image 2 crop x2 2201
1607291553929869991 : Checking image 2 crop y2 3366
1607291553965660029 : Checking image 1 dpi 300
1607291553965755729 : Checking image 1 border top 141
1607291553965796129 : Checking image 1 border bottom 138
1607291553965831329 : Checking image 1 border left 172
1607291553965896429 : Checking image 1 border right 172
1607291553968388432 : Checking image 2 dpi 300
1607291553968440532 : Checking image 2 border top 215
1607291553968470132 : Checking image 2 border bottom 127
1607291553968498332 : Checking image 2 border left 222
1607291553968525732 : Checking image 2 border right 222

</system-out><system-err>--------------------------------- Captured Err ---------------------------------

</system-err></testcase><testcase classname="tests.test_images" name="test_wrong_wave_split_line_png" time="76.793"><system-out>--------------------------------- Captured Log ---------------------------------

--------------------------------- Captured Out ---------------------------------
/home/runner/work/ocr-book/ocr-book/tests/wrong_wave_split_line.png
1607291558730923562 : Checking separation double page angle 90.5287860410772
1607291558731004062 : Checking separation double page y=0 2502
1607291565622343989 : Checking page rotation 1 -0.14999999999999147
1607291572701035752 : Checking page rotation 2 0.8500000000000001
1607291580220659511 : Checking image 1 crop x1 385
1607291580220798411 : Checking image 1 crop y1 179
1607291580220839412 : Checking image 1 crop x2 2411
1607291580220875612 : Checking image 1 crop y2 3374
1607291594510833390 : Checking image 2 crop x1 27
1607291594510961291 : Checking image 2 crop y1 1
1607291594510996991 : Checking image 2 crop x2 2489
1607291594511030691 : Checking image 2 crop y2 3505
1607291594555877836 : Checking image 1 dpi 300
1607291594556005136 : Checking image 1 border top 169
1607291594556041736 : Checking image 1 border bottom 123
1607291594556070436 : Checking image 1 border left 217
1607291594556097936 : Checking image 1 border right 217
1607291594558159838 : Checking image 2 dpi 300
1607291594558245238 : Checking image 2 border top 2
1607291594558280338 : Checking image 2 border bottom 2
1607291594558308538 : Checking image 2 border left 9
1607291594558339539 : Checking image 2 border right 9

</system-out><system-err>--------------------------------- Captured Err ---------------------------------

</system-err></testcase><testcase classname="tests.test_images" name="test_failed_split_line_line_algo_png" time="23.087"><system-out>--------------------------------- Captured Log ---------------------------------

--------------------------------- Captured Out ---------------------------------
/home/runner/work/ocr-book/ocr-book/tests/failed_split_line_line_algo.png
1607291568400834786 : Checking separation double page angle 90.01634220573249
1607291568400941086 : Checking separation double page y=0 2575
1607291571455872261 : Checking page rotation 1 -0.14999999999999147
1607291573289796062 : Checking page rotation 2 0.0
1607291575683582337 : Checking image 1 crop x1 407
1607291575683691537 : Checking image 1 crop y1 2925
1607291575683724137 : Checking image 1 crop x2 2419
1607291575683751838 : Checking image 1 crop y2 3174
1607291577071414570 : Checking image 2 crop x1 1184
1607291577071513870 : Checking image 2 crop y1 1744
1607291577071544970 : Checking image 2 crop x2 1185
1607291577071571670 : Checking image 2 crop y2 1745
1607291577071863770 : Checking image 1 dpi 300
1607291577071966270 : Checking image 1 border top 2917
1607291577072001270 : Checking image 1 border bottom 321
1607291577072029170 : Checking image 1 border left 224
1607291577072056270 : Checking image 1 border right 224
1607291577073965172 : Checking image 2 dpi 300
1607291577074010272 : Checking image 2 border top 1752
1607291577074038672 : Checking image 2 border bottom 1753
1607291577074064072 : Checking image 2 border left 1239
1607291577074089172 : Checking image 2 border right 1239

</system-out><system-err>--------------------------------- Captured Err ---------------------------------

</system-err></testcase><testcase classname="tests.test_images" name="test_crop_too_much_3_png" time="58.618"><system-out>--------------------------------- Captured Log ---------------------------------

--------------------------------- Captured Out ---------------------------------
/home/runner/work/ocr-book/ocr-book/tests/crop_too_much_3.png
1607291613632838693 : Checking separation double page angle 89.55580634783144
1607291613632923993 : Checking separation double page y=0 2499
1607291620575348986 : Checking page rotation 1 -0.9499999999999886
1607291628127432142 : Checking page rotation 2 -0.14999999999999147
1607291631739678993 : Checking image 1 crop x1 373
1607291631739785493 : Checking image 1 crop y1 258
1607291631739818393 : Checking image 1 crop x2 2386
1607291631739846493 : Checking image 1 crop y2 3458
1607291635627663905 : Checking image 2 crop x1 167
1607291635627772505 : Checking image 2 crop y1 228
1607291635627805805 : Checking image 2 crop x2 2180
1607291635627835405 : Checking image 2 crop y2 3417
1607291635665832042 : Checking image 1 dpi 300
1607291635665929642 : Checking image 1 border top 239
1607291635665962942 : Checking image 1 border bottom 48
1607291635665990542 : Checking image 1 border left 223
1607291635666019842 : Checking image 1 border right 223
1607291635668409645 : Checking image 2 dpi 300
1607291635668465445 : Checking image 2 border top 207
1607291635668494745 : Checking image 2 border bottom 91
1607291635668521545 : Checking image 2 border left 223
1607291635668548645 : Checking image 2 border right 223

</system-out><system-err>--------------------------------- Captured Err ---------------------------------

</system-err></testcase><testcase classname="tests.test_images" name="test_failed_split_line_line_algo_2_png" time="60.323"><system-out>--------------------------------- Captured Log ---------------------------------

--------------------------------- Captured Out ---------------------------------
/home/runner/work/ocr-book/ocr-book/tests/failed_split_line_line_algo_2.png
1607291632235016079 : Checking separation double page angle 89.9913422057325
1607291632235101379 : Checking separation double page y=0 2498
1607291640687140449 : Checking page rotation 1 0.0
1607291649108383840 : Checking page rotation 2 0.6000000000000001
1607291651975171418 : Checking image 1 crop x1 272
1607291651975310918 : Checking image 1 crop y1 149
1607291651975346018 : Checking image 1 crop x2 2383
1607291651975377418 : Checking image 1 crop y2 3353
1607291654855983705 : Checking image 2 crop x1 107
1607291654856110205 : Checking image 2 crop y1 155
1607291654856145005 : Checking image 2 crop x2 2230
1607291654856380805 : Checking image 2 crop y2 3350
1607291654889669837 : Checking image 1 dpi 300
1607291654889768637 : Checking image 1 border top 139
1607291654889800737 : Checking image 1 border bottom 144
1607291654889829937 : Checking image 1 border left 174
1607291654889857037 : Checking image 1 border right 174
1607291654891684339 : Checking image 2 dpi 300
1607291654891732839 : Checking image 2 border top 136
1607291654891760339 : Checking image 2 border bottom 156
1607291654891786139 : Checking image 2 border left 168
1607291654891811939 : Checking image 2 border right 168

</system-out><system-err>--------------------------------- Captured Err ---------------------------------

</system-err></testcase><testcase classname="tests.test_images" name="test_wrong_wave_split_line_2_png" time="58.453"><system-out>--------------------------------- Captured Log ---------------------------------

--------------------------------- Captured Out ---------------------------------
/home/runner/work/ocr-book/ocr-book/tests/wrong_wave_split_line_2.png
1607291675783690704 : Checking separation double page angle 90.7708958311329
1607291675783773404 : Checking separation double page y=0 2490
1607291681652580299 : Checking page rotation 1 0.4
1607291688368474980 : Checking page rotation 2 1.8
1607291691126959795 : Checking image 1 crop x1 224
1607291691127067895 : Checking image 1 crop y1 147
1607291691127103895 : Checking image 1 crop x2 2337
1607291691127134995 : Checking image 1 crop y2 3355
1607291694077518889 : Checking image 2 crop x1 107
1607291694077627889 : Checking image 2 crop y1 197
1607291694077661789 : Checking image 2 crop x2 2229
1607291694077691889 : Checking image 2 crop y2 3396
1607291694118931028 : Checking image 1 dpi 300
1607291694119032128 : Checking image 1 border top 133
1607291694119064528 : Checking image 1 border bottom 146
1607291694119092328 : Checking image 1 border left 173
1607291694119120128 : Checking image 1 border right 173
1607291694121553230 : Checking image 2 dpi 300
1607291694121615230 : Checking image 2 border top 167
1607291694121645130 : Checking image 2 border bottom 121
1607291694121672730 : Checking image 2 border left 169
1607291694121700430 : Checking image 2 border right 169

</system-out><system-err>--------------------------------- Captured Err ---------------------------------

</system-err></testcase><testcase classname="tests.test_images" name="test_wrong_wave_split_line_3_png" time="53.087"><system-out>--------------------------------- Captured Log ---------------------------------

--------------------------------- Captured Out ---------------------------------
/home/runner/work/ocr-book/ocr-book/tests/wrong_wave_split_line_3.png
1607291689751960292 : Checking separation double page angle 90.0586735161512
1607291689752046192 : Checking separation double page y=0 2510
1607291696236630930 : Checking page rotation 1 0.1
1607291702256560412 : Checking page rotation 2 0.35000000000000003
1607291705124718013 : Checking image 1 crop x1 272
1607291705124833413 : Checking image 1 crop y1 219
1607291705124870113 : Checking image 1 crop x2 2383
1607291705124902413 : Checking image 1 crop y2 3423
1607291707949300970 : Checking image 2 crop x1 119
1607291707949409970 : Checking image 2 crop y1 226
1607291707949445670 : Checking image 2 crop x2 2240
1607291707949478471 : Checking image 2 crop y2 3413
1607291707980701900 : Checking image 1 dpi 300
1607291707980804400 : Checking image 1 border top 202
1607291707980836800 : Checking image 1 border bottom 81
1607291707980864900 : Checking image 1 border left 174
1607291707980892400 : Checking image 1 border right 174
1607291707983121402 : Checking image 2 dpi 300
1607291707983182302 : Checking image 2 border top 203
1607291707983231002 : Checking image 2 border bottom 97
1607291707983257702 : Checking image 2 border left 169
1607291707983284202 : Checking image 2 border right 169

</system-out><system-err>--------------------------------- Captured Err ---------------------------------

</system-err></testcase><testcase classname="tests.test_images" name="test_no_split_line_wave_algo_png" time="51.757"><system-out>--------------------------------- Captured Log ---------------------------------

--------------------------------- Captured Out ---------------------------------
/home/runner/work/ocr-book/ocr-book/tests/no_split_line_wave_algo.png
1607291720293118646 : Checking separation double page angle 89.93575909193099
1607291720293223446 : Checking separation double page y=0 2482
1607291725633210237 : Checking page rotation 1 0.0
1607291731587110590 : Checking page rotation 2 -0.5499999999999972
1607291739126514604 : Checking image 1 crop x1 97
1607291739126590504 : Checking image 1 crop y1 77
1607291739126620204 : Checking image 1 crop x2 2483
1607291739126648004 : Checking image 1 crop y2 3505
1607291745818975116 : Checking image 2 crop x1 164
1607291745819143016 : Checking image 2 crop y1 266
1607291745819181316 : Checking image 2 crop x2 2241
1607291745819230316 : Checking image 2 crop y2 3382
1607291745852131846 : Checking image 1 dpi 300
1607291745852231146 : Checking image 1 border top 40
1607291745852261946 : Checking image 1 border bottom 40
1607291745852287946 : Checking image 1 border left 47
1607291745852313946 : Checking image 1 border right 47
1607291745854716449 : Checking image 2 dpi 300
1607291745854773749 : Checking image 2 border top 254
1607291745854801049 : Checking image 2 border bottom 117
1607291745854826749 : Checking image 2 border left 191
1607291745854852549 : Checking image 2 border right 191

</system-out><system-err>--------------------------------- Captured Err ---------------------------------

</system-err></testcase><testcase classname="tests.test_images" name="test_no_split_line_wave_algo_2_png" time="45.363"><system-out>--------------------------------- Captured Log ---------------------------------

--------------------------------- Captured Out ---------------------------------
/home/runner/work/ocr-book/ocr-book/tests/no_split_line_wave_algo_2.png
1607291736156531843 : Checking separation double page angle 91.21822795596304
1607291736156610943 : Checking separation double page y=0 2488
1607291741892533873 : Checking page rotation 1 1.1
1607291748099102829 : Checking page rotation 2 0.2
1607291750784218215 : Checking image 1 crop x1 266
1607291750784324416 : Checking image 1 crop y1 210
1607291750784358516 : Checking image 1 crop x2 2342
1607291750784390516 : Checking image 1 crop y2 3413
1607291753311842054 : Checking image 2 crop x1 199
1607291753311964754 : Checking image 2 crop y1 241
1607291753312001054 : Checking image 2 crop x2 2282
1607291753312032154 : Checking image 2 crop y2 3433
1607291753347532587 : Checking image 1 dpi 300
1607291753347627787 : Checking image 1 border top 194
1607291753347659687 : Checking image 1 border bottom 90
1607291753347686687 : Checking image 1 border left 192
1607291753347713387 : Checking image 1 border right 192
1607291753349667089 : Checking image 2 dpi 300
1607291753349717189 : Checking image 2 border top 226
1607291753349745289 : Checking image 2 border bottom 69
1607291753349771489 : Checking image 2 border left 188
1607291753349797689 : Checking image 2 border right 188

</system-out><system-err>--------------------------------- Captured Err ---------------------------------

</system-err></testcase><testcase classname="tests.test_images" name="test_crop_too_few_2_png" time="43.815"><system-out>--------------------------------- Captured Log ---------------------------------

--------------------------------- Captured Out ---------------------------------
/home/runner/work/ocr-book/ocr-book/tests/crop_too_few_2.png
1607291773531993103 : Checking separation double page angle 90.25476192320097
1607291773532080204 : Checking separation double page y=0 2531
1607291780059884703 : Checking page rotation 1 1.2000000000000002
1607291784541753816 : Checking page rotation 2 -0.09999999999999432
1607291787304059849 : Checking image 1 crop x1 287
1607291787304163949 : Checking image 1 crop y1 165
1607291787304196549 : Checking image 1 crop x2 2398
1607291787304224349 : Checking image 1 crop y2 3368
1607291789690315236 : Checking image 2 crop x1 145
1607291789690411536 : Checking image 2 crop y1 175
1607291789690443836 : Checking image 2 crop x2 2271
1607291789690472636 : Checking image 2 crop y2 3373
1607291789720781463 : Checking image 1 dpi 300
1607291789720853963 : Checking image 1 border top 139
1607291789720884264 : Checking image 1 border bottom 145
1607291789720910164 : Checking image 1 border left 174
1607291789720937564 : Checking image 1 border right 174
1607291789723000865 : Checking image 2 dpi 300
1607291789723045166 : Checking image 2 border top 180
1607291789723071366 : Checking image 2 border bottom 109
1607291789723096666 : Checking image 2 border left 167
1607291789723123566 : Checking image 2 border right 167

</system-out><system-err>--------------------------------- Captured Err ---------------------------------

</system-err></testcase><testcase classname="tests.test_images" name="test_failed_detect_rectangle_png" time="55.539"><system-out>--------------------------------- Captured Log ---------------------------------

--------------------------------- Captured Out ---------------------------------
/home/runner/work/ocr-book/ocr-book/tests/failed_detect_rectangle.png
1607291791484568379 : Checking separation double page angle 90.19837516213147
1607291791484648779 : Checking separation double page y=0 2471
1607291797033751958 : Checking page rotation 1 0.2
1607291803618865677 : Checking page rotation 2 0.2
1607291806068825414 : Checking image 1 crop x1 257
1607291806068918214 : Checking image 1 crop y1 201
1607291806068949414 : Checking image 1 crop x2 2333
1607291806069127314 : Checking image 1 crop y2 3402
1607291808851635854 : Checking image 2 crop x1 139
1607291808851729854 : Checking image 2 crop y1 215
1607291808851760954 : Checking image 2 crop x2 2222
1607291808851791454 : Checking image 2 crop y2 3406
1607291808891364790 : Checking image 1 dpi 300
1607291808891439490 : Checking image 1 border top 188
1607291808891469990 : Checking image 1 border bottom 98
1607291808891497590 : Checking image 1 border left 192
1607291808891524590 : Checking image 1 border right 192
1607291808893271492 : Checking image 2 dpi 300
1607291808893320392 : Checking image 2 border top 200
1607291808893348592 : Checking image 2 border bottom 95
1607291808893374692 : Checking image 2 border left 188
1607291808893400892 : Checking image 2 border right 188

</system-out><system-err>--------------------------------- Captured Err ---------------------------------

</system-err></testcase></testsuite></testsuites>