<?xml version="1.0" encoding="utf-8"?><testsuites><testsuite errors="0" failures="0" hostname="fv-az191-54" name="pytest" skipped="0" tests="36" time="348.219" timestamp="2021-08-28T06:27:18.929912"><testcase classname="tests.test_features" name="test_mock_stop_at_0" time="0.048"><system-out>--------------------------------- Captured Log ---------------------------------

--------------------------------- Captured Out ---------------------------------
/home/runner/work/diptych/diptych/tests/0001_0.png

</system-out><system-err>--------------------------------- Captured Err ---------------------------------

</system-err></testcase><testcase classname="tests.test_features" name="test_disabled_enable_debug" time="19.145"><system-out>--------------------------------- Captured Log ---------------------------------

--------------------------------- Captured Out ---------------------------------
/home/runner/work/diptych/diptych/tests/0001_debug.png
separation double page angle 90.55756528497216
separation double page y=0 2484
page rotation 1 0.65
page rotation 2 0.2
image 1 crop x1 329
image 1 crop y1 335
image 1 crop x2 2344
image 1 crop y2 3222
image 2 crop x1 171
image 2 crop y1 648
image 2 crop x2 2188
image 2 crop y2 3361
image 1 dpi 300
image 1 border top 327
image 1 border bottom 273
image 1 border left 222
image 1 border right 222
image 2 dpi 300
image 2 border top 643
image 2 border bottom 131
image 2 border left 221
image 2 border right 221

</system-out><system-err>--------------------------------- Captured Err ---------------------------------

</system-err></testcase><testcase classname="tests.test_features" name="test_mock_stop_at_2" time="13.850"><system-out>--------------------------------- Captured Log ---------------------------------

--------------------------------- Captured Out ---------------------------------
/home/runner/work/diptych/diptych/tests/0001_2.png
separation double page angle 90.55756528497216
separation double page y=0 2484
page rotation 1 0.65
page rotation 2 0.2

</system-out><system-err>--------------------------------- Captured Err ---------------------------------

</system-err></testcase><testcase classname="tests.test_features" name="test_mock_stop_at_4" time="19.441"><system-out>--------------------------------- Captured Log ---------------------------------

--------------------------------- Captured Out ---------------------------------
/home/runner/work/diptych/diptych/tests/0001_4.png
separation double page angle 90.55756528497216
separation double page y=0 2484
page rotation 1 0.65
page rotation 2 0.2
image 1 crop x1 329
image 1 crop y1 335
image 1 crop x2 2344
image 1 crop y2 3222
image 2 crop x1 171
image 2 crop y1 648
image 2 crop x2 2188
image 2 crop y2 3361
image 1 dpi 300
image 1 border top 326
image 1 border bottom 274
image 1 border left 222
image 1 border right 222
image 2 dpi 300
image 2 border top 643
image 2 border bottom 131
image 2 border left 221
image 2 border right 221

</system-out><system-err>--------------------------------- Captured Err ---------------------------------

</system-err></testcase><testcase classname="tests.test_features" name="test_mock_stop_at_1" time="11.586"><system-out>--------------------------------- Captured Log ---------------------------------

--------------------------------- Captured Out ---------------------------------
/home/runner/work/diptych/diptych/tests/0001_1.png
separation double page angle 90.55756528497216
separation double page y=0 2484

</system-out><system-err>--------------------------------- Captured Err ---------------------------------

</system-err></testcase><testcase classname="tests.test_features" name="test_mock_stop_at_3" time="19.451"><system-out>--------------------------------- Captured Log ---------------------------------

--------------------------------- Captured Out ---------------------------------
/home/runner/work/diptych/diptych/tests/0001_3.png
separation double page angle 90.55756528497216
separation double page y=0 2484
page rotation 1 0.65
page rotation 2 0.2
image 1 crop x1 329
image 1 crop y1 335
image 1 crop x2 2344
image 1 crop y2 3222
image 2 crop x1 171
image 2 crop y1 648
image 2 crop x2 2188
image 2 crop y2 3361

</system-out><system-err>--------------------------------- Captured Err ---------------------------------

</system-err></testcase><testcase classname="tests.test_images" name="test_0001_png" time="17.792"><system-out>--------------------------------- Captured Log ---------------------------------

--------------------------------- Captured Out ---------------------------------
/home/runner/work/diptych/diptych/tests/0001.png
1630132083993417743 : Checking separation double page angle 90.55756528497216
1630132083993540751 : Checking separation double page y=0 2484
1630132085101747433 : Checking page rotation 1 0.65
1630132086359757037 : Checking page rotation 2 0.2
1630132088851833931 : Checking image 1 crop x1 329
1630132088851991240 : Checking image 1 crop y1 335
1630132088852028442 : Checking image 1 crop x2 2344
1630132088852063644 : Checking image 1 crop y2 3222
1630132091013754297 : Checking image 2 crop x1 171
1630132091013862003 : Checking image 2 crop y1 648
1630132091013898906 : Checking image 2 crop x2 2188
1630132091013932108 : Checking image 2 crop y2 3361
1630132091014106018 : Checking image 1 dpi 300
1630132091014170722 : Checking image 1 border top 326
1630132091014201923 : Checking image 1 border bottom 274
1630132091014231725 : Checking image 1 border left 222
1630132091014260927 : Checking image 1 border right 222
1630132091016450756 : Checking image 2 dpi 300
1630132091016534261 : Checking image 2 border top 643
1630132091016568163 : Checking image 2 border bottom 131
1630132091016599865 : Checking image 2 border left 221
1630132091016631767 : Checking image 2 border right 221

</system-out><system-err>--------------------------------- Captured Err ---------------------------------

</system-err></testcase><testcase classname="tests.test_features" name="test_mock_stop_at_5" time="19.141"><system-out>--------------------------------- Captured Log ---------------------------------

--------------------------------- Captured Out ---------------------------------
/home/runner/work/diptych/diptych/tests/0001_5.png
separation double page angle 90.55756528497216
separation double page y=0 2484
page rotation 1 0.65
page rotation 2 0.2
image 1 crop x1 329
image 1 crop y1 335
image 1 crop x2 2344
image 1 crop y2 3222
image 2 crop x1 171
image 2 crop y1 648
image 2 crop x2 2188
image 2 crop y2 3361
image 1 dpi 300
image 1 border top 326
image 1 border bottom 274
image 1 border left 222
image 1 border right 222
image 2 dpi 300
image 2 border top 643
image 2 border bottom 131
image 2 border left 221
image 2 border right 221

</system-out><system-err>--------------------------------- Captured Err ---------------------------------

</system-err></testcase><testcase classname="tests.test_images" name="test_black_border_not_removed_png" time="18.857"><system-out>--------------------------------- Captured Log ---------------------------------

--------------------------------- Captured Out ---------------------------------
/home/runner/work/diptych/diptych/tests/black-border-not-removed.png
1630132101318521152 : Checking separation double page angle 90.01516396500199
1630132101318621093 : Checking separation double page y=0 2455
1630132102330879780 : Checking page rotation 1 0.0
1630132103731034672 : Checking page rotation 2 0.1
1630132105999407514 : Checking image 1 crop x1 297
1630132105999521020 : Checking image 1 crop y1 143
1630132105999556822 : Checking image 1 crop x2 2309
1630132105999590324 : Checking image 1 crop y2 3346
1630132109903580154 : Checking image 2 crop x1 154
1630132109903697960 : Checking image 2 crop y1 144
1630132109903735463 : Checking image 2 crop x2 2168
1630132109903772665 : Checking image 2 crop y2 3351
1630132109903944375 : Checking image 1 dpi 300
1630132109904014579 : Checking image 1 border top 131
1630132109904048080 : Checking image 1 border bottom 153
1630132109904080682 : Checking image 1 border left 224
1630132109904112684 : Checking image 1 border right 224
1630132109906162602 : Checking image 2 dpi 300
1630132109906248507 : Checking image 2 border top 133
1630132109906284109 : Checking image 2 border bottom 147
1630132109906318411 : Checking image 2 border left 223
1630132109906352012 : Checking image 2 border right 223

</system-out><system-err>--------------------------------- Captured Err ---------------------------------

</system-err></testcase><testcase classname="tests.test_images" name="test_2_pages_2_contours_png" time="13.750"><system-out>--------------------------------- Captured Log ---------------------------------

--------------------------------- Captured Out ---------------------------------
/home/runner/work/diptych/diptych/tests/2-pages-2-contours.png
1630132118370662268 : Checking separation double page angle 90.14230271514262
1630132118370814375 : Checking separation double page y=0 2488
1630132118949849903 : Checking page rotation 1 0.0
1630132120074069300 : Checking page rotation 2 0.2
1630132120888380375 : Checking image 1 crop x1 1189
1630132120888486581 : Checking image 1 crop y1 1751
1630132120888524783 : Checking image 1 crop x2 1190
1630132120888560786 : Checking image 1 crop y2 1752
1630132122985962523 : Checking image 2 crop x1 100
1630132122986074729 : Checking image 2 crop y1 240
1630132122986112331 : Checking image 2 crop x2 2148
1630132122986149533 : Checking image 2 crop y2 3240
1630132122986332444 : Checking image 1 dpi 300
1630132122986394347 : Checking image 1 border top 1752
1630132122986428449 : Checking image 1 border bottom 1753
1630132122986464951 : Checking image 1 border left 1239
1630132122986498453 : Checking image 1 border right 1239
1630132122988184950 : Checking image 2 dpi 300
1630132122988282755 : Checking image 2 border top 230
1630132122988315257 : Checking image 2 border bottom 256
1630132122988343859 : Checking image 2 border left 206
1630132122988372160 : Checking image 2 border right 206

</system-out><system-err>--------------------------------- Captured Err ---------------------------------

</system-err></testcase><testcase classname="tests.test_images" name="test_image_failed_to_rotate_png" time="26.208"><system-out>--------------------------------- Captured Log ---------------------------------

--------------------------------- Captured Out ---------------------------------
/home/runner/work/diptych/diptych/tests/image_failed_to_rotate.png
1630132124382046756 : Checking separation double page angle 90.35651650869968
1630132124382157462 : Checking separation double page y=0 2483
1630132126359324225 : Checking page rotation 1 0.45
1630132127374058155 : Checking page rotation 2 0.2
1630132132771493068 : Checking image 1 crop x1 31
1630132132771625476 : Checking image 1 crop y1 1
1630132132771665478 : Checking image 1 crop x2 2481
1630132132771703581 : Checking image 1 crop y2 3504
1630132135998376075 : Checking image 2 crop x1 171
1630132135998489581 : Checking image 2 crop y1 231
1630132135998524483 : Checking image 2 crop x2 2259
1630132135998558585 : Checking image 2 crop y2 3358
1630132135998733194 : Checking image 1 dpi 300
1630132135998807298 : Checking image 1 border top 2
1630132135998839900 : Checking image 1 border bottom 2
1630132135998869702 : Checking image 1 border left 15
1630132135998900404 : Checking image 1 border right 15
1630132136001159728 : Checking image 2 dpi 300
1630132136001244833 : Checking image 2 border top 217
1630132136001279835 : Checking image 2 border bottom 143
1630132136001309936 : Checking image 2 border left 186
1630132136001339438 : Checking image 2 border right 186

</system-out><system-err>--------------------------------- Captured Err ---------------------------------

</system-err></testcase><testcase classname="tests.test_images" name="test_wrong_split_line_png" time="16.037"><system-out>--------------------------------- Captured Log ---------------------------------

--------------------------------- Captured Out ---------------------------------
/home/runner/work/diptych/diptych/tests/wrong_split_line.png
1630132133789947476 : Checking separation double page angle 89.95895720607972
1630132133790051882 : Checking separation double page y=0 2466
1630132134880643931 : Checking page rotation 1 -0.04999999999999689
1630132135885106838 : Checking page rotation 2 0.45
1630132137110066385 : Checking image 1 crop x1 211
1630132137110164191 : Checking image 1 crop y1 156
1630132137110194893 : Checking image 1 crop x2 2323
1630132137110225494 : Checking image 1 crop y2 3363
1630132139023533043 : Checking image 2 crop x1 123
1630132139023652950 : Checking image 2 crop y1 164
1630132139023691652 : Checking image 2 crop x2 2237
1630132139023729154 : Checking image 2 crop y2 3375
1630132139023916464 : Checking image 1 dpi 300
1630132139023986068 : Checking image 1 border top 135
1630132139024019470 : Checking image 1 border bottom 145
1630132139024054472 : Checking image 1 border left 174
1630132139024089474 : Checking image 1 border right 174
1630132139026680516 : Checking image 2 dpi 300
1630132139026756820 : Checking image 2 border top 141
1630132139026787922 : Checking image 2 border bottom 135
1630132139026818424 : Checking image 2 border left 173
1630132139026848125 : Checking image 2 border right 173

</system-out><system-err>--------------------------------- Captured Err ---------------------------------

</system-err></testcase><testcase classname="tests.test_images" name="test_image_failed_to_crop_data_png" time="37.846"><system-out>--------------------------------- Captured Log ---------------------------------

--------------------------------- Captured Out ---------------------------------
/home/runner/work/diptych/diptych/tests/image_failed_to_crop_data.png
1630132155183340852 : Checking separation double page angle 90.09350257645173
1630132155183452959 : Checking separation double page y=0 2479
1630132160366474452 : Checking page rotation 1 0.15000000000000002
1630132161551848683 : Checking page rotation 2 0.05
1630132170951392155 : Checking image 1 crop x1 46
1630132170951523363 : Checking image 1 crop y1 1
1630132170951565465 : Checking image 1 crop x2 2477
1630132170951605767 : Checking image 1 crop y2 3505
1630132173884836871 : Checking image 2 crop x1 164
1630132173884949777 : Checking image 2 crop y1 217
1630132173884987280 : Checking image 2 crop x2 2245
1630132173885024682 : Checking image 2 crop y2 3350
1630132173885206292 : Checking image 1 dpi 300
1630132173885285897 : Checking image 1 border top 2
1630132173885320999 : Checking image 1 border bottom 2
1630132173885352600 : Checking image 1 border left 25
1630132173885385602 : Checking image 1 border right 25
1630132173887546325 : Checking image 2 dpi 300
1630132173887639430 : Checking image 2 border top 206
1630132173887672532 : Checking image 2 border bottom 148
1630132173887704134 : Checking image 2 border left 189
1630132173887735436 : Checking image 2 border right 189

</system-out><system-err>--------------------------------- Captured Err ---------------------------------

</system-err></testcase><testcase classname="tests.test_images" name="test_crop_too_much_png" time="20.852"><system-out>--------------------------------- Captured Log ---------------------------------

--------------------------------- Captured Out ---------------------------------
/home/runner/work/diptych/diptych/tests/crop_too_much.png
1630132150829559304 : Checking separation double page angle 90.16929865985193
1630132150829656409 : Checking separation double page y=0 2456
1630132152204211596 : Checking page rotation 1 -0.04999999999999689
1630132153521393493 : Checking page rotation 2 0.2
1630132156248316894 : Checking image 1 crop x1 302
1630132156248438101 : Checking image 1 crop y1 148
1630132156248479104 : Checking image 1 crop x2 2314
1630132156248517506 : Checking image 1 crop y2 3351
1630132159856498172 : Checking image 2 crop x1 163
1630132159856620679 : Checking image 2 crop y1 151
1630132159856661681 : Checking image 2 crop x2 2187
1630132159856701583 : Checking image 2 crop y2 3363
1630132159856879893 : Checking image 1 dpi 300
1630132159856952897 : Checking image 1 border top 133
1630132159856989499 : Checking image 1 border bottom 151
1630132159857027801 : Checking image 1 border left 224
1630132159857064704 : Checking image 1 border right 224
1630132159859379033 : Checking image 2 dpi 300
1630132159859461138 : Checking image 2 border top 132
1630132159859496940 : Checking image 2 border bottom 143
1630132159859542342 : Checking image 2 border left 218
1630132159859574544 : Checking image 2 border right 218

</system-out><system-err>--------------------------------- Captured Err ---------------------------------

</system-err></testcase><testcase classname="tests.test_images" name="test_crop_too_few_png" time="16.314"><system-out>--------------------------------- Captured Log ---------------------------------

--------------------------------- Captured Out ---------------------------------
/home/runner/work/diptych/diptych/tests/crop_too_few.png
1630132170935671748 : Checking separation double page angle 89.49492328400886
1630132170935757453 : Checking separation double page y=0 2510
1630132171798746142 : Checking page rotation 1 -0.6499999999999977
1630132173050747051 : Checking page rotation 2 0.0
1630132174863230778 : Checking image 1 crop x1 263
1630132174863351185 : Checking image 1 crop y1 150
1630132174863389987 : Checking image 1 crop x2 2377
1630132174863425689 : Checking image 1 crop y2 3357
1630132176203335506 : Checking image 2 crop x1 139
1630132176203448412 : Checking image 2 crop y1 141
1630132176203483514 : Checking image 2 crop x2 2261
1630132176203518316 : Checking image 2 crop y2 3345
1630132176203724228 : Checking image 1 dpi 300
1630132176203795132 : Checking image 1 border top 129
1630132176203829234 : Checking image 1 border bottom 150
1630132176203862736 : Checking image 1 border left 173
1630132176203896338 : Checking image 1 border right 173
1630132176206611892 : Checking image 2 dpi 300
1630132176206701897 : Checking image 2 border top 130
1630132176206746799 : Checking image 2 border bottom 153
1630132176206776701 : Checking image 2 border left 169
1630132176206806303 : Checking image 2 border right 169

</system-out><system-err>--------------------------------- Captured Err ---------------------------------

</system-err></testcase><testcase classname="tests.test_images" name="test_wrong_angle_split_line_png" time="21.838"><system-out>--------------------------------- Captured Log ---------------------------------

--------------------------------- Captured Out ---------------------------------
/home/runner/work/diptych/diptych/tests/wrong_angle_split_line.png
1630132183279425019 : Checking separation double page angle 90.08791528895468
1630132183279526625 : Checking separation double page y=0 2478
1630132184617342177 : Checking page rotation 1 0.1
1630132185566612479 : Checking page rotation 2 0.1
1630132190551076470 : Checking image 1 crop x1 58
1630132190551199777 : Checking image 1 crop y1 6
1630132190551239180 : Checking image 1 crop x2 2476
1630132190551276582 : Checking image 1 crop y2 3501
1630132195070786696 : Checking image 2 crop x1 166
1630132195070894803 : Checking image 2 crop y1 218
1630132195070927605 : Checking image 2 crop x2 2244
1630132195070960506 : Checking image 2 crop y2 3349
1630132195071129016 : Checking image 1 dpi 300
1630132195071200920 : Checking image 1 border top 6
1630132195071229922 : Checking image 1 border bottom 6
1630132195071257223 : Checking image 1 border left 31
1630132195071286125 : Checking image 1 border right 31
1630132195078814857 : Checking image 2 dpi 300
1630132195078913762 : Checking image 2 border top 209
1630132195078943964 : Checking image 2 border bottom 147
1630132195078972066 : Checking image 2 border left 191
1630132195078999967 : Checking image 2 border right 191

</system-out><system-err>--------------------------------- Captured Err ---------------------------------

</system-err></testcase><testcase classname="tests.test_images" name="test_crop_too_much_2_png" time="22.960"><system-out>--------------------------------- Captured Log ---------------------------------

--------------------------------- Captured Out ---------------------------------
/home/runner/work/diptych/diptych/tests/crop_too_much_2.png
1630132188937967100 : Checking separation double page angle 90.15285326123045
1630132188938099108 : Checking separation double page y=0 2477
1630132190853375395 : Checking page rotation 1 0.15000000000000002
1630132193043795729 : Checking page rotation 2 0.2
1630132195647045622 : Checking image 1 crop x1 330
1630132195647160529 : Checking image 1 crop y1 132
1630132195647198231 : Checking image 1 crop x2 2342
1630132195647233933 : Checking image 1 crop y2 3335
1630132199122777804 : Checking image 2 crop x1 165
1630132199122893310 : Checking image 2 crop y1 139
1630132199122946313 : Checking image 2 crop x2 2178
1630132199122985316 : Checking image 2 crop y2 3345
1630132199123172226 : Checking image 1 dpi 300
1630132199123243130 : Checking image 1 border top 121
1630132199123279732 : Checking image 1 border bottom 163
1630132199123315935 : Checking image 1 border left 224
1630132199123354037 : Checking image 1 border right 224
1630132199125724572 : Checking image 2 dpi 300
1630132199125817077 : Checking image 2 border top 129
1630132199125854279 : Checking image 2 border bottom 152
1630132199125889281 : Checking image 2 border left 223
1630132199125923983 : Checking image 2 border right 223

</system-out><system-err>--------------------------------- Captured Err ---------------------------------

</system-err></testcase><testcase classname="tests.test_images" name="test_angle_page_lower_split_line_png" time="25.117"><system-out>--------------------------------- Captured Log ---------------------------------

--------------------------------- Captured Out ---------------------------------
/home/runner/work/diptych/diptych/tests/angle_page_lower_split_line.png
1630132212016829593 : Checking separation double page angle 89.74412725181848
1630132212016936999 : Checking separation double page y=0 2472
1630132214245795337 : Checking page rotation 1 -0.14999999999999067
1630132216365225859 : Checking page rotation 2 0.1
1630132217834174168 : Checking image 1 crop x1 241
1630132217834278074 : Checking image 1 crop y1 156
1630132217834309676 : Checking image 1 crop x2 2357
1630132217834340278 : Checking image 1 crop y2 3368
1630132220923517527 : Checking image 2 crop x1 151
1630132220923636634 : Checking image 2 crop y1 146
1630132220923673836 : Checking image 2 crop x2 2261
1630132220923711338 : Checking image 2 crop y2 3351
1630132220923908549 : Checking image 1 dpi 300
1630132220923981554 : Checking image 1 border top 140
1630132220924012555 : Checking image 1 border bottom 135
1630132220924042557 : Checking image 1 border left 172
1630132220924073359 : Checking image 1 border right 172
1630132220926363189 : Checking image 2 dpi 300
1630132220926443094 : Checking image 2 border top 131
1630132220926473796 : Checking image 2 border bottom 151
1630132220926503197 : Checking image 2 border left 175
1630132220926532399 : Checking image 2 border right 175

</system-out><system-err>--------------------------------- Captured Err ---------------------------------

</system-err></testcase><testcase classname="tests.test_images" name="test_wrong_split_line_2_png" time="32.018"><system-out>--------------------------------- Captured Log ---------------------------------

--------------------------------- Captured Out ---------------------------------
/home/runner/work/diptych/diptych/tests/wrong_split_line_2.png
1630132215685405273 : Checking separation double page angle 90.23635161124103
1630132215685518579 : Checking separation double page y=0 2437
1630132218697317614 : Checking page rotation 1 0.2
1630132221012444101 : Checking page rotation 2 0.2
1630132225347508784 : Checking image 1 crop x1 294
1630132225347629891 : Checking image 1 crop y1 136
1630132225347669193 : Checking image 1 crop x2 2325
1630132225347708395 : Checking image 1 crop y2 3376
1630132231165911221 : Checking image 2 crop x1 138
1630132231166026128 : Checking image 2 crop y1 190
1630132231166064130 : Checking image 2 crop x2 2174
1630132231166102132 : Checking image 2 crop y2 3389
1630132231166271242 : Checking image 1 dpi 300
1630132231166338746 : Checking image 1 border top 131
1630132231166373348 : Checking image 1 border bottom 116
1630132231166407250 : Checking image 1 border left 214
1630132231166444352 : Checking image 1 border right 214
1630132231168722082 : Checking image 2 dpi 300
1630132231168812988 : Checking image 2 border top 181
1630132231168849990 : Checking image 2 border bottom 107
1630132231168885392 : Checking image 2 border left 212
1630132231168920194 : Checking image 2 border right 212

</system-out><system-err>--------------------------------- Captured Err ---------------------------------

</system-err></testcase><testcase classname="tests.test_images" name="test_wrong_wave_split_line_png" time="29.179"><system-out>--------------------------------- Captured Log ---------------------------------

--------------------------------- Captured Out ---------------------------------
/home/runner/work/diptych/diptych/tests/wrong_wave_split_line.png
1630132237154616895 : Checking separation double page angle 90.42461655762611
1630132237154723301 : Checking separation double page y=0 2502
1630132239019252597 : Checking page rotation 1 -0.09999999999999377
1630132240786814145 : Checking page rotation 2 0.85
1630132244936476406 : Checking image 1 crop x1 384
1630132244936581112 : Checking image 1 crop y1 178
1630132244936614014 : Checking image 1 crop x2 2412
1630132244936645116 : Checking image 1 crop y2 3374
1630132250084118215 : Checking image 2 crop x1 7
1630132250084288524 : Checking image 2 crop y1 0
1630132250084331927 : Checking image 2 crop x2 2411
1630132250084373829 : Checking image 2 crop y2 3505
1630132250084545239 : Checking image 1 dpi 300
1630132250084623244 : Checking image 1 border top 173
1630132250084658846 : Checking image 1 border bottom 118
1630132250084693148 : Checking image 1 border left 216
1630132250084728850 : Checking image 1 border right 216
1630132250086977080 : Checking image 2 dpi 300
1630132250087062584 : Checking image 2 border top 1
1630132250087098387 : Checking image 2 border bottom 1
1630132250087132088 : Checking image 2 border left 38
1630132250087165990 : Checking image 2 border right 38

</system-out><system-err>--------------------------------- Captured Err ---------------------------------

</system-err></testcase><testcase classname="tests.test_images" name="test_small_wave_png" time="18.561"><system-out>--------------------------------- Captured Log ---------------------------------

--------------------------------- Captured Out ---------------------------------
/home/runner/work/diptych/diptych/tests/small_wave.png
1630132243587934537 : Checking separation double page angle 90.56494929955075
1630132243588038543 : Checking separation double page y=0 2495
1630132245119280071 : Checking page rotation 1 0.7
1630132246408509079 : Checking page rotation 2 0.65
1630132247744084161 : Checking image 1 crop x1 322
1630132247744196067 : Checking image 1 crop y1 199
1630132247744247270 : Checking image 1 crop x2 2351
1630132247744282272 : Checking image 1 crop y2 3394
1630132249736431148 : Checking image 2 crop x1 130
1630132249736578356 : Checking image 2 crop y1 222
1630132249736617459 : Checking image 2 crop x2 2163
1630132249736654661 : Checking image 2 crop y2 3420
1630132249736849172 : Checking image 1 dpi 300
1630132249736916276 : Checking image 1 border top 181
1630132249736947778 : Checking image 1 border bottom 111
1630132249736980780 : Checking image 1 border left 215
1630132249737013782 : Checking image 1 border right 215
1630132249739542328 : Checking image 2 dpi 300
1630132249739627832 : Checking image 2 border top 197
1630132249739659634 : Checking image 2 border bottom 92
1630132249739689736 : Checking image 2 border left 213
1630132249739719538 : Checking image 2 border right 213

</system-out><system-err>--------------------------------- Captured Err ---------------------------------

</system-err></testcase><testcase classname="tests.test_images" name="test_wrong_split_line_3_png" time="23.843"><system-out>--------------------------------- Captured Log ---------------------------------

--------------------------------- Captured Out ---------------------------------
/home/runner/work/diptych/diptych/tests/wrong_split_line_3.png
1630132262712752149 : Checking separation double page angle 90.40515247895009
1630132262712843054 : Checking separation double page y=0 2495
1630132264613850735 : Checking page rotation 1 0.2
1630132265998119383 : Checking page rotation 2 0.85
1630132267867793261 : Checking image 1 crop x1 331
1630132267867907468 : Checking image 1 crop y1 166
1630132267867943770 : Checking image 1 crop x2 2377
1630132267867980472 : Checking image 1 crop y2 3375
1630132273581126287 : Checking image 2 crop x1 103
1630132273581238494 : Checking image 2 crop y1 207
1630132273581276996 : Checking image 2 crop x2 2136
1630132273581315998 : Checking image 2 crop y2 3414
1630132273581526310 : Checking image 1 dpi 300
1630132273581594714 : Checking image 1 border top 158
1630132273581628616 : Checking image 1 border bottom 120
1630132273581663718 : Checking image 1 border left 207
1630132273581698920 : Checking image 1 border right 207
1630132273584178262 : Checking image 2 dpi 300
1630132273584287068 : Checking image 2 border top 199
1630132273584326371 : Checking image 2 border bottom 81
1630132273584361573 : Checking image 2 border left 213
1630132273584396375 : Checking image 2 border right 213

</system-out><system-err>--------------------------------- Captured Err ---------------------------------

</system-err></testcase><testcase classname="tests.test_images" name="test_no_split_line_line_algo_png" time="19.973"><system-out>--------------------------------- Captured Log ---------------------------------

--------------------------------- Captured Out ---------------------------------
/home/runner/work/diptych/diptych/tests/no_split_line_line_algo.png
1630132261514051677 : Checking separation double page angle 89.47691469185418
1630132261514143183 : Checking separation double page y=0 2476
1630132262591310961 : Checking page rotation 1 -0.14999999999999067
1630132264480523163 : Checking page rotation 2 -0.14999999999999067
1630132266147949404 : Checking image 1 crop x1 205
1630132266148063011 : Checking image 1 crop y1 158
1630132266148097713 : Checking image 1 crop x2 2320
1630132266148133015 : Checking image 1 crop y2 3366
1630132270075593924 : Checking image 2 crop x1 185
1630132270075713930 : Checking image 2 crop y1 225
1630132270075750733 : Checking image 2 crop x2 2204
1630132270075788435 : Checking image 2 crop y2 3362
1630132270075979246 : Checking image 1 dpi 300
1630132270076054750 : Checking image 1 border top 144
1630132270076088452 : Checking image 1 border bottom 134
1630132270076120454 : Checking image 1 border left 172
1630132270076153456 : Checking image 1 border right 172
1630132270078502490 : Checking image 2 dpi 300
1630132270078582195 : Checking image 2 border top 223
1630132270078612997 : Checking image 2 border bottom 127
1630132270078641898 : Checking image 2 border left 220
1630132270078676000 : Checking image 2 border right 220

</system-out><system-err>--------------------------------- Captured Err ---------------------------------

</system-err></testcase><testcase classname="tests.test_images" name="test_crop_too_much_3_png" time="17.810"><system-out>--------------------------------- Captured Log ---------------------------------

--------------------------------- Captured Out ---------------------------------
/home/runner/work/diptych/diptych/tests/crop_too_much_3.png
1630132280921829992 : Checking separation double page angle 89.5934556679346
1630132280921942799 : Checking separation double page y=0 2499
1630132281949297307 : Checking page rotation 1 -0.8999999999999949
1630132283455034399 : Checking page rotation 2 -0.04999999999999689
1630132285889414356 : Checking image 1 crop x1 374
1630132285889542063 : Checking image 1 crop y1 258
1630132285889579165 : Checking image 1 crop x2 2385
1630132285889614467 : Checking image 1 crop y2 3459
1630132287891996125 : Checking image 2 crop x1 164
1630132287892135033 : Checking image 2 crop y1 229
1630132287892174936 : Checking image 2 crop x2 2183
1630132287892214738 : Checking image 2 crop y2 3416
1630132287892424650 : Checking image 1 dpi 300
1630132287892502854 : Checking image 1 border top 239
1630132287892538757 : Checking image 1 border bottom 46
1630132287892572959 : Checking image 1 border left 224
1630132287892608661 : Checking image 1 border right 224
1630132287894892292 : Checking image 2 dpi 300
1630132287894965697 : Checking image 2 border top 210
1630132287894998198 : Checking image 2 border bottom 90
1630132287895029600 : Checking image 2 border left 220
1630132287895061002 : Checking image 2 border right 220

</system-out><system-err>--------------------------------- Captured Err ---------------------------------

</system-err></testcase><testcase classname="tests.test_images" name="test_failed_split_line_line_algo_png" time="14.288"><system-out>--------------------------------- Captured Log ---------------------------------

--------------------------------- Captured Out ---------------------------------
/home/runner/work/diptych/diptych/tests/failed_split_line_line_algo.png
1630132282885369390 : Checking separation double page angle 90.0093502548779
1630132282885472196 : Checking separation double page y=0 2574
1630132283733342230 : Checking page rotation 1 0.0
1630132284264405130 : Checking page rotation 2 0.0
1630132286342337171 : Checking image 1 crop x1 411
1630132286342448078 : Checking image 1 crop y1 2927
1630132286342483380 : Checking image 1 crop x2 2422
1630132286342516782 : Checking image 1 crop y2 3172
1630132287918641162 : Checking image 2 crop x1 1191
1630132287918720166 : Checking image 2 crop y1 1745
1630132287918745468 : Checking image 2 crop x2 1192
1630132287918769369 : Checking image 2 crop y2 1746
1630132287918880475 : Checking image 1 dpi 300
1630132287918935579 : Checking image 1 border top 2920
1630132287918959180 : Checking image 1 border bottom 322
1630132287918982581 : Checking image 1 border left 224
1630132287919007483 : Checking image 1 border right 224
1630132287920790386 : Checking image 2 dpi 300
1630132287920856389 : Checking image 2 border top 1752
1630132287920880791 : Checking image 2 border bottom 1753
1630132287920903792 : Checking image 2 border left 1239
1630132287920928594 : Checking image 2 border right 1239

</system-out><system-err>--------------------------------- Captured Err ---------------------------------

</system-err></testcase><testcase classname="tests.test_images" name="test_failed_split_line_line_algo_2_png" time="18.301"><system-out>--------------------------------- Captured Log ---------------------------------

--------------------------------- Captured Out ---------------------------------
/home/runner/work/diptych/diptych/tests/failed_split_line_line_algo_2.png
1630132300688091019 : Checking separation double page angle 90.03732329462368
1630132300688201426 : Checking separation double page y=0 2499
1630132302050905222 : Checking page rotation 1 -0.09999999999999377
1630132303266646472 : Checking page rotation 2 0.5499999999999999
1630132304884304148 : Checking image 1 crop x1 273
1630132304884433156 : Checking image 1 crop y1 147
1630132304884474258 : Checking image 1 crop x2 2386
1630132304884512660 : Checking image 1 crop y2 3352
1630132306162332382 : Checking image 2 crop x1 122
1630132306162455490 : Checking image 2 crop y1 155
1630132306162495692 : Checking image 2 crop x2 2246
1630132306162535694 : Checking image 2 crop y2 3350
1630132306162722005 : Checking image 1 dpi 300
1630132306162802810 : Checking image 1 border top 137
1630132306162836612 : Checking image 1 border bottom 145
1630132306162871814 : Checking image 1 border left 173
1630132306162907916 : Checking image 1 border right 173
1630132306165492964 : Checking image 2 dpi 300
1630132306165580369 : Checking image 2 border top 136
1630132306165617271 : Checking image 2 border bottom 156
1630132306165652474 : Checking image 2 border left 168
1630132306165687676 : Checking image 2 border right 168

</system-out><system-err>--------------------------------- Captured Err ---------------------------------

</system-err></testcase><testcase classname="tests.test_images" name="test_wrong_wave_split_line_2_png" time="24.651"><system-out>--------------------------------- Captured Log ---------------------------------

--------------------------------- Captured Out ---------------------------------
/home/runner/work/diptych/diptych/tests/wrong_wave_split_line_2.png
1630132303947810165 : Checking separation double page angle 90.7708958311329
1630132303947919971 : Checking separation double page y=0 2490
1630132305825978130 : Checking page rotation 1 0.2
1630132307741482643 : Checking page rotation 2 1.65
1630132309184874791 : Checking image 1 crop x1 227
1630132309184997599 : Checking image 1 crop y1 147
1630132309185035301 : Checking image 1 crop x2 2342
1630132309185072903 : Checking image 1 crop y2 3353
1630132312537510661 : Checking image 2 crop x1 106
1630132312537629267 : Checking image 2 crop y1 195
1630132312537666970 : Checking image 2 crop x2 2231
1630132312537704272 : Checking image 2 crop y2 3398
1630132312537877782 : Checking image 1 dpi 300
1630132312537949686 : Checking image 1 border top 136
1630132312537983188 : Checking image 1 border bottom 145
1630132312538016790 : Checking image 1 border left 172
1630132312538049192 : Checking image 1 border right 172
1630132312540474431 : Checking image 2 dpi 300
1630132312540563736 : Checking image 2 border top 166
1630132312540600638 : Checking image 2 border bottom 117
1630132312540635040 : Checking image 2 border left 167
1630132312540668942 : Checking image 2 border right 167

</system-out><system-err>--------------------------------- Captured Err ---------------------------------

</system-err></testcase><testcase classname="tests.test_images" name="test_wrong_wave_split_line_3_png" time="21.095"><system-out>--------------------------------- Captured Log ---------------------------------

--------------------------------- Captured Out ---------------------------------
/home/runner/work/diptych/diptych/tests/wrong_wave_split_line_3.png
1630132321343450432 : Checking separation double page angle 90.12715931778824
1630132321343573239 : Checking separation double page y=0 2514
1630132322763505762 : Checking page rotation 1 0.05
1630132324027380448 : Checking page rotation 2 0.2
1630132325783819518 : Checking image 1 crop x1 273
1630132325783936424 : Checking image 1 crop y1 220
1630132325783981727 : Checking image 1 crop x2 2383
1630132325784014429 : Checking image 1 crop y2 3423
1630132327286633379 : Checking image 2 crop x1 116
1630132327286721584 : Checking image 2 crop y1 225
1630132327286748686 : Checking image 2 crop x2 2242
1630132327286775787 : Checking image 2 crop y2 3415
1630132327286916695 : Checking image 1 dpi 300
1630132327286968398 : Checking image 1 border top 202
1630132327286991800 : Checking image 1 border bottom 82
1630132327287016801 : Checking image 1 border left 175
1630132327287041803 : Checking image 1 border right 175
1630132327289552147 : Checking image 2 dpi 300
1630132327289638552 : Checking image 2 border top 204
1630132327289672554 : Checking image 2 border bottom 93
1630132327289705355 : Checking image 2 border left 167
1630132327289738057 : Checking image 2 border right 167

</system-out><system-err>--------------------------------- Captured Err ---------------------------------

</system-err></testcase><testcase classname="tests.test_images" name="test_no_split_line_wave_algo_png" time="29.231"><system-out>--------------------------------- Captured Log ---------------------------------

--------------------------------- Captured Out ---------------------------------
/home/runner/work/diptych/diptych/tests/no_split_line_wave_algo.png
1630132325716059828 : Checking separation double page angle 89.79018091440821
1630132325716156534 : Checking separation double page y=0 2483
1630132328919050380 : Checking page rotation 1 0.0
1630132330195445145 : Checking page rotation 2 -0.44999999999999746
1630132336906859823 : Checking image 1 crop x1 97
1630132336906948428 : Checking image 1 crop y1 74
1630132336906984430 : Checking image 1 crop x2 2489
1630132336907018032 : Checking image 1 crop y2 3505
1630132341738599679 : Checking image 2 crop x1 164
1630132341738721386 : Checking image 2 crop y1 267
1630132341738760788 : Checking image 2 crop x2 2239
1630132341738796190 : Checking image 2 crop y2 3380
1630132341738990301 : Checking image 1 dpi 300
1630132341739068806 : Checking image 1 border top 38
1630132341739102008 : Checking image 1 border bottom 38
1630132341739133210 : Checking image 1 border left 44
1630132341739164712 : Checking image 1 border right 44
1630132341741641554 : Checking image 2 dpi 300
1630132341741735859 : Checking image 2 border top 256
1630132341741767361 : Checking image 2 border bottom 118
1630132341741796463 : Checking image 2 border left 192
1630132341741825764 : Checking image 2 border right 192

</system-out><system-err>--------------------------------- Captured Err ---------------------------------

</system-err></testcase><testcase classname="tests.test_images" name="test_no_split_line_wave_algo_2_png" time="17.534"><system-out>--------------------------------- Captured Log ---------------------------------

--------------------------------- Captured Out ---------------------------------
/home/runner/work/diptych/diptych/tests/no_split_line_wave_algo_2.png
1630132339129220172 : Checking separation double page angle 90.43362571535843
1630132339129349680 : Checking separation double page y=0 2473
1630132340251388676 : Checking page rotation 1 1.05
1630132341390677788 : Checking page rotation 2 0.15000000000000002
1630132343154700746 : Checking image 1 crop x1 267
1630132343154817852 : Checking image 1 crop y1 210
1630132343154856355 : Checking image 1 crop x2 2343
1630132343154893957 : Checking image 1 crop y2 3412
1630132344828565523 : Checking image 2 crop x1 165
1630132344828697231 : Checking image 2 crop y1 241
1630132344828735533 : Checking image 2 crop x2 2250
1630132344828773335 : Checking image 2 crop y2 3433
1630132344828946845 : Checking image 1 dpi 300
1630132344829016649 : Checking image 1 border top 192
1630132344829051551 : Checking image 1 border bottom 93
1630132344829086953 : Checking image 1 border left 192
1630132344829122455 : Checking image 1 border right 192
1630132344831503892 : Checking image 2 dpi 300
1630132344831583996 : Checking image 2 border top 224
1630132344831616898 : Checking image 2 border bottom 71
1630132344831649000 : Checking image 2 border left 187
1630132344831680702 : Checking image 2 border right 187

</system-out><system-err>--------------------------------- Captured Err ---------------------------------

</system-err></testcase><testcase classname="tests.test_images" name="test_crop_too_few_2_png" time="19.641"><system-out>--------------------------------- Captured Log ---------------------------------

--------------------------------- Captured Out ---------------------------------
/home/runner/work/diptych/diptych/tests/crop_too_few_2.png
1630132353318861727 : Checking separation double page angle 90.35461351371423
1630132353318975433 : Checking separation double page y=0 2533
1630132354896086361 : Checking page rotation 1 1.0999999999999999
1630132356530757693 : Checking page rotation 2 0.0
1630132359031382272 : Checking image 1 crop x1 289
1630132359031507979 : Checking image 1 crop y1 165
1630132359031546682 : Checking image 1 crop x2 2400
1630132359031585584 : Checking image 1 crop y2 3367
1630132361433270130 : Checking image 2 crop x1 152
1630132361433392537 : Checking image 2 crop y1 190
1630132361433432839 : Checking image 2 crop x2 2273
1630132361433473842 : Checking image 2 crop y2 3385
1630132361433669653 : Checking image 1 dpi 300
1630132361433767658 : Checking image 1 border top 157
1630132361433803160 : Checking image 1 border bottom 128
1630132361433837562 : Checking image 1 border left 174
1630132361433873664 : Checking image 1 border right 174
1630132361436177496 : Checking image 2 dpi 300
1630132361436279502 : Checking image 2 border top 176
1630132361436318105 : Checking image 2 border bottom 116
1630132361436352907 : Checking image 2 border left 169
1630132361436387209 : Checking image 2 border right 169

</system-out><system-err>--------------------------------- Captured Err ---------------------------------

</system-err></testcase><testcase classname="tests.test_images" name="test_failed_detect_rectangle_png" time="20.009"><system-out>--------------------------------- Captured Log ---------------------------------

--------------------------------- Captured Out ---------------------------------
/home/runner/work/diptych/diptych/tests/failed_detect_rectangle.png
1630132357803079275 : Checking separation double page angle 90.242273842964
1630132357803183081 : Checking separation double page y=0 2475
1630132359975758997 : Checking page rotation 1 0.2
1630132362465352581 : Checking page rotation 2 0.2
1630132363570349011 : Checking image 1 crop x1 257
1630132363570468318 : Checking image 1 crop y1 201
1630132363570506120 : Checking image 1 crop x2 2333
1630132363570541422 : Checking image 1 crop y2 3402
1630132364825612653 : Checking image 2 crop x1 137
1630132364825724159 : Checking image 2 crop y1 215
1630132364825759261 : Checking image 2 crop x2 2220
1630132364825793963 : Checking image 2 crop y2 3406
1630132364825986774 : Checking image 1 dpi 300
1630132364826056478 : Checking image 1 border top 188
1630132364826090380 : Checking image 1 border bottom 98
1630132364826125782 : Checking image 1 border left 192
1630132364826159184 : Checking image 1 border right 192
1630132364828500218 : Checking image 2 dpi 300
1630132364828580023 : Checking image 2 border top 201
1630132364828615425 : Checking image 2 border bottom 95
1630132364828647727 : Checking image 2 border left 188
1630132364828680029 : Checking image 2 border right 188

</system-out><system-err>--------------------------------- Captured Err ---------------------------------

</system-err></testcase><testcase classname="tests.test_images" name="test_single_page_png" time="5.755"><system-out>--------------------------------- Captured Log ---------------------------------

--------------------------------- Captured Out ---------------------------------
/home/runner/work/diptych/diptych/tests/single_page.png
1630132364438195349 : Checking separation double page angle 89.93006318861008
1630132364438322956 : Checking separation double page y=0 2472
1630132365278811531 : Checking page rotation 1 0.0
1630132365406665674 : Checking page rotation 2 0.0
1630132366721793108 : Checking image 1 crop x1 1
1630132366721889014 : Checking image 1 crop y1 8
1630132366721928316 : Checking image 1 crop x2 2470
1630132366721962318 : Checking image 1 crop y2 3505
1630132366840479525 : Checking image 2 crop x1 0
1630132366840552329 : Checking image 2 crop y1 0
1630132366840581031 : Checking image 2 crop x2 0
1630132366840609633 : Checking image 2 crop y2 0
1630132366840668236 : Checking image 1 dpi 300
1630132366840725839 : Checking image 1 border top 5
1630132366840756141 : Checking image 1 border bottom 5
1630132366840785743 : Checking image 1 border left 6
1630132366840844546 : Checking image 1 border right 6
1630132366846640579 : Checking image 2 border top 0
1630132366846703383 : Checking image 2 border bottom 0
1630132366846734184 : Checking image 2 border left 0
1630132366846765086 : Checking image 2 border right 0

</system-out><system-err>--------------------------------- Captured Err ---------------------------------

</system-err></testcase><testcase classname="tests.test_images" name="test_no_split_line_wave_algo_3_png" time="9.615"><system-out>--------------------------------- Captured Log ---------------------------------

--------------------------------- Captured Out ---------------------------------
/home/runner/work/diptych/diptych/tests/no_split_line_wave_algo_3.png
1630132371430918078 : Checking separation double page angle 90.18184445198425
1630132371431038884 : Checking separation double page y=0 2405
1630132372248424231 : Checking page rotation 1 0.0
1630132372402941806 : Checking page rotation 2 0.0
1630132374032104489 : Checking image 1 crop x1 184
1630132374032210195 : Checking image 1 crop y1 2957
1630132374032278199 : Checking image 1 crop x2 2201
1630132374032312701 : Checking image 1 crop y2 3202
1630132374445252672 : Checking image 2 crop x1 0
1630132374445338277 : Checking image 2 crop y1 0
1630132374445373179 : Checking image 2 crop x2 0
1630132374445406881 : Checking image 2 crop y2 0
1630132374445484285 : Checking image 1 dpi 300
1630132374445551789 : Checking image 1 border top 2950
1630132374445599592 : Checking image 1 border bottom 292
1630132374445630193 : Checking image 1 border left 221
1630132374445660995 : Checking image 1 border right 221
1630132374451205813 : Checking image 2 border top 0
1630132374451268917 : Checking image 2 border bottom 0
1630132374451300918 : Checking image 2 border left 0
1630132374451332720 : Checking image 2 border right 0

</system-out><system-err>--------------------------------- Captured Err ---------------------------------

</system-err></testcase><testcase classname="tests.test_images" name="test_wrong_split_line_4_png" time="10.389"><system-out>--------------------------------- Captured Log ---------------------------------

--------------------------------- Captured Out ---------------------------------
/home/runner/work/diptych/diptych/tests/wrong_split_line_4.png
1630132374077397686 : Checking separation double page angle 90.92587744884125
1630132374077517792 : Checking separation double page y=0 58
1630132374166153873 : Checking page rotation 1 0.5499999999999999
1630132375196016607 : Checking page rotation 2 1.0999999999999999
1630132375860090173 : Checking image 1 crop x1 0
1630132375860162977 : Checking image 1 crop y1 0
1630132375860192579 : Checking image 1 crop x2 0
1630132375860221081 : Checking image 1 crop y2 0
1630132377618929593 : Checking image 2 crop x1 290
1630132377619048800 : Checking image 2 crop y1 330
1630132377619084302 : Checking image 2 crop x2 2314
1630132377619120004 : Checking image 2 crop y2 3217
1630132377619284614 : Checking image 1 border top 0
1630132377619322216 : Checking image 1 border bottom 0
1630132377619354918 : Checking image 1 border left 0
1630132377619389020 : Checking image 1 border right 0
1630132377619442623 : Checking image 2 dpi 300
1630132377619511027 : Checking image 2 border top 322
1630132377619543328 : Checking image 2 border bottom 278
1630132377619574230 : Checking image 2 border left 218
1630132377619604932 : Checking image 2 border right 218

</system-out><system-err>--------------------------------- Captured Err ---------------------------------

</system-err></testcase><testcase classname="tests.test_images" name="test_failed_split_line_line_algo_3_png" time="10.534"><system-out>--------------------------------- Captured Log ---------------------------------

--------------------------------- Captured Out ---------------------------------
/home/runner/work/diptych/diptych/tests/failed_split_line_line_algo_3.png
1630132380873729365 : Checking separation double page angle 90.02403976140027
1630132380873829371 : Checking separation double page y=0 39
1630132380932350625 : Checking page rotation 1 0.0
1630132381499409055 : Checking page rotation 2 0.0
1630132381734133935 : Checking image 1 crop x1 0
1630132381734211539 : Checking image 1 crop y1 0
1630132381734240741 : Checking image 1 crop x2 0
1630132381734269043 : Checking image 1 crop y2 0
1630132385050820908 : Checking image 2 crop x1 249
1630132385050986217 : Checking image 2 crop y1 154
1630132385051047521 : Checking image 2 crop x2 2264
1630132385051109924 : Checking image 2 crop y2 3361
1630132385051418842 : Checking image 1 border top 0
1630132385051484146 : Checking image 1 border bottom 0
1630132385051545949 : Checking image 1 border left 0
1630132385051604653 : Checking image 1 border right 0
1630132385051694258 : Checking image 2 dpi 300
1630132385051800864 : Checking image 2 border top 146
1630132385051858867 : Checking image 2 border bottom 134
1630132385051915571 : Checking image 2 border left 222
1630132385051974874 : Checking image 2 border right 222

</system-out><system-err>--------------------------------- Captured Err ---------------------------------

</system-err></testcase></testsuite></testsuites>