<?xml version="1.0" encoding="utf-8"?><testsuites><testsuite name="pytest" errors="0" failures="0" skipped="0" tests="36" time="566.926" timestamp="2021-01-03T10:58:25.476495" hostname="fv-az136-982"><testcase classname="tests.test_features" name="test_disabled_enable_debug" time="33.926"><system-out>--------------------------------- Captured Log ---------------------------------

--------------------------------- Captured Out ---------------------------------
/home/runner/work/ocr-book/ocr-book/tests/0001_debug.png
separation double page angle 90.5528088189967
separation double page y=0 2485
page rotation 1 0.5499999999999999
page rotation 2 0.2
image 1 crop x1 327
image 1 crop y1 334
image 1 crop x2 2346
image 1 crop y2 3221
image 2 crop x1 169
image 2 crop y1 648
image 2 crop x2 2186
image 2 crop y2 3361
image 1 dpi 300
image 1 border top 332
image 1 border bottom 268
image 1 border left 220
image 1 border right 220
image 2 dpi 300
image 2 border top 643
image 2 border bottom 131
image 2 border left 221
image 2 border right 221

</system-out><system-err>--------------------------------- Captured Err ---------------------------------

</system-err></testcase><testcase classname="tests.test_features" name="test_mock_stop_at_0" time="0.052"><system-out>--------------------------------- Captured Log ---------------------------------

--------------------------------- Captured Out ---------------------------------
/home/runner/work/ocr-book/ocr-book/tests/0001_0.png

</system-out><system-err>--------------------------------- Captured Err ---------------------------------

</system-err></testcase><testcase classname="tests.test_features" name="test_mock_stop_at_2" time="29.625"><system-out>--------------------------------- Captured Log ---------------------------------

--------------------------------- Captured Out ---------------------------------
/home/runner/work/ocr-book/ocr-book/tests/0001_2.png
separation double page angle 90.5528088189967
separation double page y=0 2485
page rotation 1 0.5499999999999999
page rotation 2 0.2

</system-out><system-err>--------------------------------- Captured Err ---------------------------------

</system-err></testcase><testcase classname="tests.test_features" name="test_mock_stop_at_4" time="32.578"><system-out>--------------------------------- Captured Log ---------------------------------

--------------------------------- Captured Out ---------------------------------
/home/runner/work/ocr-book/ocr-book/tests/0001_4.png
separation double page angle 90.5528088189967
separation double page y=0 2485
page rotation 1 0.5499999999999999
page rotation 2 0.2
image 1 crop x1 327
image 1 crop y1 334
image 1 crop x2 2346
image 1 crop y2 3221
image 2 crop x1 169
image 2 crop y1 648
image 2 crop x2 2186
image 2 crop y2 3361
image 1 dpi 300
image 1 border top 332
image 1 border bottom 268
image 1 border left 220
image 1 border right 220
image 2 dpi 300
image 2 border top 643
image 2 border bottom 131
image 2 border left 221
image 2 border right 221

</system-out><system-err>--------------------------------- Captured Err ---------------------------------

</system-err></testcase><testcase classname="tests.test_features" name="test_mock_stop_at_1" time="26.547"><system-out>--------------------------------- Captured Log ---------------------------------

--------------------------------- Captured Out ---------------------------------
/home/runner/work/ocr-book/ocr-book/tests/0001_1.png
separation double page angle 90.5528088189967
separation double page y=0 2485

</system-out><system-err>--------------------------------- Captured Err ---------------------------------

</system-err></testcase><testcase classname="tests.test_features" name="test_mock_stop_at_3" time="32.976"><system-out>--------------------------------- Captured Log ---------------------------------

--------------------------------- Captured Out ---------------------------------
/home/runner/work/ocr-book/ocr-book/tests/0001_3.png
separation double page angle 90.5528088189967
separation double page y=0 2485
page rotation 1 0.5499999999999999
page rotation 2 0.2
image 1 crop x1 327
image 1 crop y1 334
image 1 crop x2 2346
image 1 crop y2 3221
image 2 crop x1 169
image 2 crop y1 648
image 2 crop x2 2186
image 2 crop y2 3361

</system-out><system-err>--------------------------------- Captured Err ---------------------------------

</system-err></testcase><testcase classname="tests.test_images" name="test_0001_png" time="31.846"><system-out>--------------------------------- Captured Log ---------------------------------

--------------------------------- Captured Out ---------------------------------
/home/runner/work/ocr-book/ocr-book/tests/0001.png
1609671594868522505 : Checking separation double page angle 90.5528088189967
1609671594868633715 : Checking separation double page y=0 2485
1609671595895105889 : Checking page rotation 1 0.5499999999999999
1609671597093611639 : Checking page rotation 2 0.2
1609671599193029225 : Checking image 1 crop x1 327
1609671599193149735 : Checking image 1 crop y1 334
1609671599193191039 : Checking image 1 crop x2 2346
1609671599193228342 : Checking image 1 crop y2 3221
1609671600803089547 : Checking image 2 crop x1 169
1609671600803215158 : Checking image 2 crop y1 648
1609671600803256962 : Checking image 2 crop x2 2186
1609671600803292265 : Checking image 2 crop y2 3361
1609671600803457579 : Checking image 1 dpi 300
1609671600803529085 : Checking image 1 border top 332
1609671600803563988 : Checking image 1 border bottom 268
1609671600803597790 : Checking image 1 border left 220
1609671600803631293 : Checking image 1 border right 220
1609671600805657565 : Checking image 2 dpi 300
1609671600805740372 : Checking image 2 border top 643
1609671600805778775 : Checking image 2 border bottom 131
1609671600805811978 : Checking image 2 border left 221
1609671600805845181 : Checking image 2 border right 221

</system-out><system-err>--------------------------------- Captured Err ---------------------------------

</system-err></testcase><testcase classname="tests.test_features" name="test_mock_stop_at_5" time="33.590"><system-out>--------------------------------- Captured Log ---------------------------------

--------------------------------- Captured Out ---------------------------------
/home/runner/work/ocr-book/ocr-book/tests/0001_5.png
separation double page angle 90.5528088189967
separation double page y=0 2485
page rotation 1 0.5499999999999999
page rotation 2 0.2
image 1 crop x1 327
image 1 crop y1 334
image 1 crop x2 2346
image 1 crop y2 3221
image 2 crop x1 169
image 2 crop y1 648
image 2 crop x2 2186
image 2 crop y2 3361
image 1 dpi 300
image 1 border top 332
image 1 border bottom 268
image 1 border left 220
image 1 border right 220
image 2 dpi 300
image 2 border top 643
image 2 border bottom 131
image 2 border left 221
image 2 border right 221

</system-out><system-err>--------------------------------- Captured Err ---------------------------------

</system-err></testcase><testcase classname="tests.test_images" name="test_black_border_not_removed_png" time="34.028"><system-out>--------------------------------- Captured Log ---------------------------------

--------------------------------- Captured Out ---------------------------------
/home/runner/work/ocr-book/ocr-book/tests/black-border-not-removed.png
1609671627608267873 : Checking separation double page angle 90.033171103531
1609671627608374782 : Checking separation double page y=0 2455
1609671628664680503 : Checking page rotation 1 0.0
1609671630027494413 : Checking page rotation 2 0.05
1609671632759044835 : Checking image 1 crop x1 297
1609671632759171846 : Checking image 1 crop y1 143
1609671632759211649 : Checking image 1 crop x2 2309
1609671632759248052 : Checking image 1 crop y2 3346
1609671634823273598 : Checking image 2 crop x1 157
1609671634823403509 : Checking image 2 crop y1 145
1609671634823443412 : Checking image 2 crop x2 2170
1609671634823480415 : Checking image 2 crop y2 3351
1609671634823659330 : Checking image 1 dpi 300
1609671634823733737 : Checking image 1 border top 132
1609671634823768739 : Checking image 1 border bottom 152
1609671634823802542 : Checking image 1 border left 224
1609671634823835945 : Checking image 1 border right 224
1609671634825940623 : Checking image 2 dpi 300
1609671634826026630 : Checking image 2 border top 134
1609671634826065034 : Checking image 2 border bottom 147
1609671634826098636 : Checking image 2 border left 223
1609671634826131939 : Checking image 2 border right 223

</system-out><system-err>--------------------------------- Captured Err ---------------------------------

</system-err></testcase><testcase classname="tests.test_images" name="test_2_pages_2_contours_png" time="20.027"><system-out>--------------------------------- Captured Log ---------------------------------

--------------------------------- Captured Out ---------------------------------
/home/runner/work/ocr-book/ocr-book/tests/2-pages-2-contours.png
1609671649603736188 : Checking separation double page angle 90.09036871657068
1609671649603840597 : Checking separation double page y=0 2486
1609671650155241410 : Checking page rotation 1 0.0
1609671651161420044 : Checking page rotation 2 0.2
1609671651971009233 : Checking image 1 crop x1 1191
1609671651971103241 : Checking image 1 crop y1 1750
1609671651971136544 : Checking image 1 crop x2 1192
1609671651971166447 : Checking image 1 crop y2 1751
1609671653792346390 : Checking image 2 crop x1 99
1609671653792456500 : Checking image 2 crop y1 240
1609671653792492903 : Checking image 2 crop x2 2147
1609671653792527206 : Checking image 2 crop y2 3240
1609671653792693120 : Checking image 1 dpi 300
1609671653792756725 : Checking image 1 border top 1752
1609671653792788428 : Checking image 1 border bottom 1753
1609671653792819730 : Checking image 1 border left 1239
1609671653792850233 : Checking image 1 border right 1239
1609671653794584679 : Checking image 2 dpi 300
1609671653794664086 : Checking image 2 border top 229
1609671653794695089 : Checking image 2 border bottom 258
1609671653794725991 : Checking image 2 border left 206
1609671653794756094 : Checking image 2 border right 206

</system-out><system-err>--------------------------------- Captured Err ---------------------------------

</system-err></testcase><testcase classname="tests.test_images" name="test_image_failed_to_rotate_png" time="37.094"><system-out>--------------------------------- Captured Log ---------------------------------

--------------------------------- Captured Out ---------------------------------
/home/runner/work/ocr-book/ocr-book/tests/image_failed_to_rotate.png
1609671660651532187 : Checking separation double page angle 90.26767669076624
1609671660651645997 : Checking separation double page y=0 2480
1609671662833637201 : Checking page rotation 1 0.45
1609671664035618382 : Checking page rotation 2 0.2
1609671669502468846 : Checking image 1 crop x1 31
1609671669502599257 : Checking image 1 crop y1 1
1609671669502642261 : Checking image 1 crop x2 2478
1609671669502679364 : Checking image 1 crop y2 3504
1609671671828198402 : Checking image 2 crop x1 169
1609671671828323313 : Checking image 2 crop y1 231
1609671671828365116 : Checking image 2 crop x2 2257
1609671671828401719 : Checking image 2 crop y2 3358
1609671671828574234 : Checking image 1 dpi 300
1609671671828651840 : Checking image 1 border top 2
1609671671828688244 : Checking image 1 border bottom 2
1609671671828721946 : Checking image 1 border left 17
1609671671828755649 : Checking image 1 border right 17
1609671671830876528 : Checking image 2 dpi 300
1609671671830966135 : Checking image 2 border top 218
1609671671831005438 : Checking image 2 border bottom 142
1609671671831039741 : Checking image 2 border left 186
1609671671831073244 : Checking image 2 border right 186

</system-out><system-err>--------------------------------- Captured Err ---------------------------------

</system-err></testcase><testcase classname="tests.test_images" name="test_wrong_split_line_png" time="25.376"><system-out>--------------------------------- Captured Log ---------------------------------

--------------------------------- Captured Out ---------------------------------
/home/runner/work/ocr-book/ocr-book/tests/wrong_split_line.png
1609671673900067002 : Checking separation double page angle 89.93395720607973
1609671673900174611 : Checking separation double page y=0 2465
1609671674830372181 : Checking page rotation 1 -0.04999999999999689
1609671675763144192 : Checking page rotation 2 0.5499999999999999
1609671677083677765 : Checking image 1 crop x1 211
1609671677083794175 : Checking image 1 crop y1 156
1609671677083833978 : Checking image 1 crop x2 2323
1609671677083871381 : Checking image 1 crop y2 3363
1609671679165355148 : Checking image 2 crop x1 125
1609671679165474158 : Checking image 2 crop y1 166
1609671679165515362 : Checking image 2 crop x2 2236
1609671679165554165 : Checking image 2 crop y2 3373
1609671679165733380 : Checking image 1 dpi 300
1609671679165804486 : Checking image 1 border top 134
1609671679165838889 : Checking image 1 border bottom 146
1609671679165872292 : Checking image 1 border left 174
1609671679165905395 : Checking image 1 border right 174
1609671679168070978 : Checking image 2 dpi 300
1609671679168164485 : Checking image 2 border top 146
1609671679168199888 : Checking image 2 border bottom 134
1609671679168237892 : Checking image 2 border left 174
1609671679168271994 : Checking image 2 border right 174

</system-out><system-err>--------------------------------- Captured Err ---------------------------------

</system-err></testcase><testcase classname="tests.test_images" name="test_image_failed_to_crop_data_png" time="51.123"><system-out>--------------------------------- Captured Log ---------------------------------

--------------------------------- Captured Out ---------------------------------
/home/runner/work/ocr-book/ocr-book/tests/image_failed_to_crop_data.png
1609671703600434918 : Checking separation double page angle 90.053197600644
1609671703600551528 : Checking separation double page y=0 2480
1609671708824563779 : Checking page rotation 1 0.15000000000000002
1609671709813648561 : Checking page rotation 2 0.0
1609671720371423742 : Checking image 1 crop x1 51
1609671720371550653 : Checking image 1 crop y1 7
1609671720371593156 : Checking image 1 crop x2 2478
1609671720371630159 : Checking image 1 crop y2 3505
1609671722992808488 : Checking image 2 crop x1 160
1609671722992935899 : Checking image 2 crop y1 217
1609671722992975702 : Checking image 2 crop x2 2242
1609671722993013105 : Checking image 2 crop y2 3350
1609671722993187820 : Checking image 1 dpi 300
1609671722993266127 : Checking image 1 border top 5
1609671722993303030 : Checking image 1 border bottom 5
1609671722993336133 : Checking image 1 border left 27
1609671722993370036 : Checking image 1 border right 27
1609671722995611125 : Checking image 2 dpi 300
1609671722995706733 : Checking image 2 border top 206
1609671722995742336 : Checking image 2 border bottom 148
1609671722995779639 : Checking image 2 border left 189
1609671722995813242 : Checking image 2 border right 189

</system-out><system-err>--------------------------------- Captured Err ---------------------------------

</system-err></testcase><testcase classname="tests.test_images" name="test_crop_too_much_png" time="40.967"><system-out>--------------------------------- Captured Log ---------------------------------

--------------------------------- Captured Out ---------------------------------
/home/runner/work/ocr-book/ocr-book/tests/crop_too_much.png
1609671713573500001 : Checking separation double page angle 90.13239409272954
1609671713573609310 : Checking separation double page y=0 2455
1609671715046057767 : Checking page rotation 1 0.0
1609671716439932719 : Checking page rotation 2 0.2
1609671718521719183 : Checking image 1 crop x1 303
1609671718521840193 : Checking image 1 crop y1 148
1609671718521879397 : Checking image 1 crop x2 2313
1609671718521915100 : Checking image 1 crop y2 3351
1609671720117028051 : Checking image 2 crop x1 162
1609671720117147361 : Checking image 2 crop y1 151
1609671720117186965 : Checking image 2 crop x2 2186
1609671720117223668 : Checking image 2 crop y2 3363
1609671720117401683 : Checking image 1 dpi 300
1609671720117472089 : Checking image 1 border top 132
1609671720117506392 : Checking image 1 border bottom 152
1609671720117540095 : Checking image 1 border left 225
1609671720117573597 : Checking image 1 border right 225
1609671720119688176 : Checking image 2 dpi 300
1609671720119772183 : Checking image 2 border top 132
1609671720119807286 : Checking image 2 border bottom 143
1609671720119840789 : Checking image 2 border left 218
1609671720119873792 : Checking image 2 border right 218

</system-out><system-err>--------------------------------- Captured Err ---------------------------------

</system-err></testcase><testcase classname="tests.test_images" name="test_crop_too_few_png" time="27.083"><system-out>--------------------------------- Captured Log ---------------------------------

--------------------------------- Captured Out ---------------------------------
/home/runner/work/ocr-book/ocr-book/tests/crop_too_few.png
1609671741447397044 : Checking separation double page angle 89.54670238452755
1609671741447502752 : Checking separation double page y=0 2512
1609671742382103850 : Checking page rotation 1 -0.6000000000000009
1609671743594509600 : Checking page rotation 2 0.0
1609671745329172838 : Checking image 1 crop x1 263
1609671745329299349 : Checking image 1 crop y1 150
1609671745329338952 : Checking image 1 crop x2 2379
1609671745329374355 : Checking image 1 crop y2 3358
1609671747226828522 : Checking image 2 crop x1 137
1609671747226971334 : Checking image 2 crop y1 141
1609671747227010938 : Checking image 2 crop x2 2259
1609671747227047941 : Checking image 2 crop y2 3345
1609671747227232556 : Checking image 1 dpi 300
1609671747227307463 : Checking image 1 border top 130
1609671747227342666 : Checking image 1 border bottom 149
1609671747227375868 : Checking image 1 border left 172
1609671747227409171 : Checking image 1 border right 172
1609671747229536650 : Checking image 2 dpi 300
1609671747229625758 : Checking image 2 border top 130
1609671747229663461 : Checking image 2 border bottom 153
1609671747229697264 : Checking image 2 border left 169
1609671747229730767 : Checking image 2 border right 169

</system-out><system-err>--------------------------------- Captured Err ---------------------------------

</system-err></testcase><testcase classname="tests.test_images" name="test_wrong_angle_split_line_png" time="31.489"><system-out>--------------------------------- Captured Log ---------------------------------

--------------------------------- Captured Out ---------------------------------
/home/runner/work/ocr-book/ocr-book/tests/wrong_angle_split_line.png
1609671741454792368 : Checking separation double page angle 90.09193420006348
1609671741454917178 : Checking separation double page y=0 2478
1609671742768947107 : Checking page rotation 1 0.1
1609671743841391941 : Checking page rotation 2 0.1
1609671749377385589 : Checking image 1 crop x1 58
1609671749377517300 : Checking image 1 crop y1 6
1609671749377560004 : Checking image 1 crop x2 2476
1609671749377597407 : Checking image 1 crop y2 3501
1609671753767381097 : Checking image 2 crop x1 166
1609671753767512208 : Checking image 2 crop y1 218
1609671753767552011 : Checking image 2 crop x2 2244
1609671753767589414 : Checking image 2 crop y2 3349
1609671753767769629 : Checking image 1 dpi 300
1609671753767851236 : Checking image 1 border top 6
1609671753767889940 : Checking image 1 border bottom 6
1609671753767923642 : Checking image 1 border left 31
1609671753767957145 : Checking image 1 border right 31
1609671753775902513 : Checking image 2 dpi 300
1609671753776011923 : Checking image 2 border top 207
1609671753776048526 : Checking image 2 border bottom 149
1609671753776082629 : Checking image 2 border left 191
1609671753776118932 : Checking image 2 border right 191

</system-out><system-err>--------------------------------- Captured Err ---------------------------------

</system-err></testcase><testcase classname="tests.test_images" name="test_crop_too_much_2_png" time="48.369"><system-out>--------------------------------- Captured Log ---------------------------------

--------------------------------- Captured Out ---------------------------------
/home/runner/work/ocr-book/ocr-book/tests/crop_too_much_2.png
1609671787370958779 : Checking separation double page angle 90.1149074900787
1609671787371074489 : Checking separation double page y=0 2478
1609671789023204537 : Checking page rotation 1 0.15000000000000002
1609671790743660822 : Checking page rotation 2 0.2
1609671792749536178 : Checking image 1 crop x1 330
1609671792749667189 : Checking image 1 crop y1 132
1609671792749706392 : Checking image 1 crop x2 2342
1609671792749741395 : Checking image 1 crop y2 3335
1609671795563724304 : Checking image 2 crop x1 162
1609671795563844514 : Checking image 2 crop y1 139
1609671795563883917 : Checking image 2 crop x2 2175
1609671795563920520 : Checking image 2 crop y2 3345
1609671795564104036 : Checking image 1 dpi 300
1609671795564178042 : Checking image 1 border top 122
1609671795564212545 : Checking image 1 border bottom 162
1609671795564245648 : Checking image 1 border left 224
1609671795564279150 : Checking image 1 border right 224
1609671795566391229 : Checking image 2 dpi 300
1609671795566478036 : Checking image 2 border top 130
1609671795566512439 : Checking image 2 border bottom 151
1609671795566545642 : Checking image 2 border left 223
1609671795566578945 : Checking image 2 border right 223

</system-out><system-err>--------------------------------- Captured Err ---------------------------------

</system-err></testcase><testcase classname="tests.test_images" name="test_angle_page_lower_split_line_png" time="31.721"><system-out>--------------------------------- Captured Log ---------------------------------

--------------------------------- Captured Out ---------------------------------
/home/runner/work/ocr-book/ocr-book/tests/angle_page_lower_split_line.png
1609671779536319427 : Checking separation double page angle 89.74927707086691
1609671779536427436 : Checking separation double page y=0 2474
1609671780883848730 : Checking page rotation 1 -0.14999999999999067
1609671782229578682 : Checking page rotation 2 0.1
1609671784377215439 : Checking image 1 crop x1 241
1609671784377342149 : Checking image 1 crop y1 156
1609671784377382153 : Checking image 1 crop x2 2357
1609671784377419256 : Checking image 1 crop y2 3368
1609671786280509896 : Checking image 2 crop x1 149
1609671786280632907 : Checking image 2 crop y1 146
1609671786280671710 : Checking image 2 crop x2 2259
1609671786280709813 : Checking image 2 crop y2 3351
1609671786280888928 : Checking image 1 dpi 300
1609671786280965335 : Checking image 1 border top 140
1609671786280999737 : Checking image 1 border bottom 135
1609671786281033240 : Checking image 1 border left 172
1609671786281066043 : Checking image 1 border right 172
1609671786283164820 : Checking image 2 dpi 300
1609671786283255128 : Checking image 2 border top 129
1609671786283292831 : Checking image 2 border bottom 152
1609671786283326034 : Checking image 2 border left 175
1609671786283358336 : Checking image 2 border right 175

</system-out><system-err>--------------------------------- Captured Err ---------------------------------

</system-err></testcase><testcase classname="tests.test_images" name="test_wrong_wave_split_line_png" time="45.736"><system-out>--------------------------------- Captured Log ---------------------------------

--------------------------------- Captured Out ---------------------------------
/home/runner/work/ocr-book/ocr-book/tests/wrong_wave_split_line.png
1609671820572764813 : Checking separation double page angle 90.37878604107719
1609671820572873422 : Checking separation double page y=0 2500
1609671821739740722 : Checking page rotation 1 -0.14999999999999067
1609671823032237516 : Checking page rotation 2 0.9
1609671827247736778 : Checking image 1 crop x1 385
1609671827247861688 : Checking image 1 crop y1 179
1609671827247901592 : Checking image 1 crop x2 2411
1609671827247937495 : Checking image 1 crop y2 3374
1609671832004789244 : Checking image 2 crop x1 17
1609671832004923455 : Checking image 2 crop y1 8
1609671832004964758 : Checking image 2 crop x2 2399
1609671832005003561 : Checking image 2 crop y2 3391
1609671832005157774 : Checking image 1 dpi 300
1609671832005230581 : Checking image 1 border top 173
1609671832005265984 : Checking image 1 border bottom 119
1609671832005299586 : Checking image 1 border left 217
1609671832005333089 : Checking image 1 border right 217
1609671832007412164 : Checking image 2 dpi 300
1609671832007508072 : Checking image 2 border top 0
1609671832007548575 : Checking image 2 border bottom 114
1609671832007581978 : Checking image 2 border left 49
1609671832007615181 : Checking image 2 border right 49

</system-out><system-err>--------------------------------- Captured Err ---------------------------------

</system-err></testcase><testcase classname="tests.test_images" name="test_wrong_split_line_2_png" time="46.661"><system-out>--------------------------------- Captured Log ---------------------------------

--------------------------------- Captured Out ---------------------------------
/home/runner/work/ocr-book/ocr-book/tests/wrong_split_line_2.png
1609671829816280051 : Checking separation double page angle 90.19944704411863
1609671829816389360 : Checking separation double page y=0 2437
1609671831598419153 : Checking page rotation 1 0.2
1609671833043614090 : Checking page rotation 2 0.2
1609671836526732405 : Checking image 1 crop x1 294
1609671836526899619 : Checking image 1 crop y1 136
1609671836526940323 : Checking image 1 crop x2 2325
1609671836526979526 : Checking image 1 crop y2 3376
1609671842241931262 : Checking image 2 crop x1 136
1609671842242052172 : Checking image 2 crop y1 190
1609671842242090575 : Checking image 2 crop x2 2172
1609671842242126978 : Checking image 2 crop y2 3389
1609671842242307693 : Checking image 1 dpi 300
1609671842242383400 : Checking image 1 border top 131
1609671842242417103 : Checking image 1 border bottom 116
1609671842242450305 : Checking image 1 border left 214
1609671842242483308 : Checking image 1 border right 214
1609671842244355966 : Checking image 2 dpi 300
1609671842244443774 : Checking image 2 border top 181
1609671842244478577 : Checking image 2 border bottom 107
1609671842244512180 : Checking image 2 border left 212
1609671842244545482 : Checking image 2 border right 212

</system-out><system-err>--------------------------------- Captured Err ---------------------------------

</system-err></testcase><testcase classname="tests.test_images" name="test_no_split_line_line_algo_png" time="31.058"><system-out>--------------------------------- Captured Log ---------------------------------

--------------------------------- Captured Out ---------------------------------
/home/runner/work/ocr-book/ocr-book/tests/no_split_line_line_algo.png
1609671855767272592 : Checking separation double page angle 89.47691469185418
1609671855767386401 : Checking separation double page y=0 2476
1609671856729047456 : Checking page rotation 1 -0.14999999999999067
1609671858204451666 : Checking page rotation 2 -0.14999999999999067
1609671859515590550 : Checking image 1 crop x1 205
1609671859515715561 : Checking image 1 crop y1 158
1609671859515755664 : Checking image 1 crop x2 2320
1609671859515793867 : Checking image 1 crop y2 3366
1609671863083216186 : Checking image 2 crop x1 185
1609671863083343697 : Checking image 2 crop y1 225
1609671863083384801 : Checking image 2 crop x2 2204
1609671863083421504 : Checking image 2 crop y2 3362
1609671863083606319 : Checking image 1 dpi 300
1609671863083681426 : Checking image 1 border top 144
1609671863083716029 : Checking image 1 border bottom 134
1609671863083750231 : Checking image 1 border left 172
1609671863083784034 : Checking image 1 border right 172
1609671863085912514 : Checking image 2 dpi 300
1609671863086000921 : Checking image 2 border top 223
1609671863086037224 : Checking image 2 border bottom 127
1609671863086070627 : Checking image 2 border left 220
1609671863086103730 : Checking image 2 border right 220

</system-out><system-err>--------------------------------- Captured Err ---------------------------------

</system-err></testcase><testcase classname="tests.test_images" name="test_small_wave_png" time="41.621"><system-out>--------------------------------- Captured Log ---------------------------------

--------------------------------- Captured Out ---------------------------------
/home/runner/work/ocr-book/ocr-book/tests/small_wave.png
1609671878642274995 : Checking separation double page angle 90.58816928841564
1609671878642376304 : Checking separation double page y=0 2497
1609671880183713932 : Checking page rotation 1 0.65
1609671881481672113 : Checking page rotation 2 0.65
1609671882631414981 : Checking image 1 crop x1 320
1609671882631536391 : Checking image 1 crop y1 199
1609671882631575294 : Checking image 1 crop x2 2353
1609671882631609997 : Checking image 1 crop y2 3394
1609671883864096939 : Checking image 2 crop x1 130
1609671883864213049 : Checking image 2 crop y1 222
1609671883864252252 : Checking image 2 crop x2 2163
1609671883864290255 : Checking image 2 crop y2 3420
1609671883864455669 : Checking image 1 dpi 300
1609671883864528476 : Checking image 1 border top 179
1609671883864562678 : Checking image 1 border bottom 112
1609671883864595981 : Checking image 1 border left 213
1609671883864629184 : Checking image 1 border right 213
1609671883866440937 : Checking image 2 dpi 300
1609671883866523944 : Checking image 2 border top 197
1609671883866561747 : Checking image 2 border bottom 92
1609671883866594950 : Checking image 2 border left 213
1609671883866627853 : Checking image 2 border right 213

</system-out><system-err>--------------------------------- Captured Err ---------------------------------

</system-err></testcase><testcase classname="tests.test_images" name="test_failed_split_line_line_algo_png" time="16.602"><system-out>--------------------------------- Captured Log ---------------------------------

--------------------------------- Captured Out ---------------------------------
/home/runner/work/ocr-book/ocr-book/tests/failed_split_line_line_algo.png
1609671876067025978 : Checking separation double page angle 90.04134220573248
1609671876067127287 : Checking separation double page y=0 2573
1609671876728317808 : Checking page rotation 1 -0.09999999999999377
1609671877299092896 : Checking page rotation 2 0.1
1609671878869793703 : Checking image 1 crop x1 408
1609671878869911713 : Checking image 1 crop y1 2926
1609671878869949017 : Checking image 1 crop x2 2420
1609671878869981219 : Checking image 1 crop y2 3173
1609671879714330704 : Checking image 2 crop x1 1184
1609671879714431713 : Checking image 2 crop y1 1745
1609671879714465615 : Checking image 2 crop x2 1185
1609671879714498518 : Checking image 2 crop y2 1746
1609671879714621429 : Checking image 1 dpi 300
1609671879714698235 : Checking image 1 border top 2922
1609671879714730438 : Checking image 1 border bottom 318
1609671879714761440 : Checking image 1 border left 224
1609671879714792143 : Checking image 1 border right 224
1609671879716487886 : Checking image 2 dpi 300
1609671879716566993 : Checking image 2 border top 1753
1609671879716599796 : Checking image 2 border bottom 1753
1609671879716630098 : Checking image 2 border left 1239
1609671879716660201 : Checking image 2 border right 1239

</system-out><system-err>--------------------------------- Captured Err ---------------------------------

</system-err></testcase><testcase classname="tests.test_images" name="test_failed_split_line_line_algo_2_png" time="35.681"><system-out>--------------------------------- Captured Log ---------------------------------

--------------------------------- Captured Out ---------------------------------
/home/runner/work/ocr-book/ocr-book/tests/failed_split_line_line_algo_2.png
1609671910370253291 : Checking separation double page angle 90.03068774449687
1609671910370360900 : Checking separation double page y=0 2500
1609671911576013088 : Checking page rotation 1 0.05
1609671912761352065 : Checking page rotation 2 0.5499999999999999
1609671914063475681 : Checking image 1 crop x1 271
1609671914063604692 : Checking image 1 crop y1 149
1609671914063645096 : Checking image 1 crop x2 2382
1609671914063681899 : Checking image 1 crop y2 3354
1609671915359646938 : Checking image 2 crop x1 120
1609671915359770949 : Checking image 2 crop y1 155
1609671915359809952 : Checking image 2 crop x2 2244
1609671915359847255 : Checking image 2 crop y2 3350
1609671915360020270 : Checking image 1 dpi 300
1609671915360096876 : Checking image 1 border top 141
1609671915360131479 : Checking image 1 border bottom 141
1609671915360165082 : Checking image 1 border left 174
1609671915360199685 : Checking image 1 border right 174
1609671915362279661 : Checking image 2 dpi 300
1609671915362364268 : Checking image 2 border top 140
1609671915362400171 : Checking image 2 border bottom 152
1609671915362433574 : Checking image 2 border left 168
1609671915362466676 : Checking image 2 border right 168

</system-out><system-err>--------------------------------- Captured Err ---------------------------------

</system-err></testcase><testcase classname="tests.test_images" name="test_wrong_split_line_3_png" time="32.872"><system-out>--------------------------------- Captured Log ---------------------------------

--------------------------------- Captured Out ---------------------------------
/home/runner/work/ocr-book/ocr-book/tests/wrong_split_line_3.png
1609671911258691851 : Checking separation double page angle 90.43729500214694
1609671911258805460 : Checking separation double page y=0 2498
1609671912649954878 : Checking page rotation 1 0.2
1609671913755625842 : Checking page rotation 2 0.85
1609671915197061616 : Checking image 1 crop x1 331
1609671915197176026 : Checking image 1 crop y1 166
1609671915197215329 : Checking image 1 crop x2 2377
1609671915197251732 : Checking image 1 crop y2 3375
1609671916761661371 : Checking image 2 crop x1 102
1609671916761774580 : Checking image 2 crop y1 207
1609671916761813984 : Checking image 2 crop x2 2135
1609671916761852587 : Checking image 2 crop y2 3414
1609671916762029902 : Checking image 1 dpi 300
1609671916762103808 : Checking image 1 border top 158
1609671916762139111 : Checking image 1 border bottom 120
1609671916762172714 : Checking image 1 border left 207
1609671916762205717 : Checking image 1 border right 207
1609671916764044472 : Checking image 2 dpi 300
1609671916764131179 : Checking image 2 border top 186
1609671916764169182 : Checking image 2 border bottom 94
1609671916764202785 : Checking image 2 border left 213
1609671916764235388 : Checking image 2 border right 213

</system-out><system-err>--------------------------------- Captured Err ---------------------------------

</system-err></testcase><testcase classname="tests.test_images" name="test_crop_too_much_3_png" time="36.665"><system-out>--------------------------------- Captured Log ---------------------------------

--------------------------------- Captured Out ---------------------------------
/home/runner/work/ocr-book/ocr-book/tests/crop_too_much_3.png
1609671945967389431 : Checking separation double page angle 89.49330634783144
1609671945967491739 : Checking separation double page y=0 2498
1609671947005213003 : Checking page rotation 1 -0.8999999999999949
1609671948393712778 : Checking page rotation 2 -0.14999999999999067
1609671950186692517 : Checking image 1 crop x1 374
1609671950186820127 : Checking image 1 crop y1 258
1609671950186878332 : Checking image 1 crop x2 2385
1609671950186915435 : Checking image 1 crop y2 3459
1609671952031898722 : Checking image 2 crop x1 168
1609671952032021532 : Checking image 2 crop y1 228
1609671952032060836 : Checking image 2 crop x2 2181
1609671952032098739 : Checking image 2 crop y2 3417
1609671952032271353 : Checking image 1 dpi 300
1609671952032346460 : Checking image 1 border top 239
1609671952032380863 : Checking image 1 border bottom 47
1609671952032414465 : Checking image 1 border left 224
1609671952032447568 : Checking image 1 border right 224
1609671952034543643 : Checking image 2 dpi 300
1609671952034625150 : Checking image 2 border top 209
1609671952034659953 : Checking image 2 border bottom 89
1609671952034693156 : Checking image 2 border left 223
1609671952034729459 : Checking image 2 border right 223

</system-out><system-err>--------------------------------- Captured Err ---------------------------------

</system-err></testcase><testcase classname="tests.test_images" name="test_wrong_wave_split_line_2_png" time="39.489"><system-out>--------------------------------- Captured Log ---------------------------------

--------------------------------- Captured Out ---------------------------------
/home/runner/work/ocr-book/ocr-book/tests/wrong_wave_split_line_2.png
1609671949614004626 : Checking separation double page angle 90.7708958311329
1609671949614104434 : Checking separation double page y=0 2490
1609671950848109828 : Checking page rotation 1 0.2
1609671952123401174 : Checking page rotation 2 1.65
1609671953579625351 : Checking image 1 crop x1 227
1609671953579742861 : Checking image 1 crop y1 147
1609671953579782564 : Checking image 1 crop x2 2342
1609671953579820867 : Checking image 1 crop y2 3353
1609671956243629686 : Checking image 2 crop x1 106
1609671956243749496 : Checking image 2 crop y1 195
1609671956243788299 : Checking image 2 crop x2 2231
1609671956243824602 : Checking image 2 crop y2 3398
1609671956243998917 : Checking image 1 dpi 300
1609671956244071223 : Checking image 1 border top 136
1609671956244105526 : Checking image 1 border bottom 145
1609671956244138628 : Checking image 1 border left 172
1609671956244171531 : Checking image 1 border right 172
1609671956245969481 : Checking image 2 dpi 300
1609671956246052588 : Checking image 2 border top 165
1609671956246087691 : Checking image 2 border bottom 118
1609671956246120694 : Checking image 2 border left 167
1609671956246157197 : Checking image 2 border right 167

</system-out><system-err>--------------------------------- Captured Err ---------------------------------

</system-err></testcase><testcase classname="tests.test_images" name="test_wrong_wave_split_line_3_png" time="34.425"><system-out>--------------------------------- Captured Log ---------------------------------

--------------------------------- Captured Out ---------------------------------
/home/runner/work/ocr-book/ocr-book/tests/wrong_wave_split_line_3.png
1609671981276182334 : Checking separation double page angle 90.05826063695574
1609671981276292644 : Checking separation double page y=0 2514
1609671982549509596 : Checking page rotation 1 0.0
1609671983580211558 : Checking page rotation 2 0.2
1609671985237826131 : Checking image 1 crop x1 274
1609671985237950442 : Checking image 1 crop y1 221
1609671985237990245 : Checking image 1 crop x2 2383
1609671985238025248 : Checking image 1 crop y2 3422
1609671986478323733 : Checking image 2 crop x1 112
1609671986478451144 : Checking image 2 crop y1 225
1609671986478491147 : Checking image 2 crop x2 2238
1609671986478530050 : Checking image 2 crop y2 3415
1609671986478700365 : Checking image 1 dpi 300
1609671986478775771 : Checking image 1 border top 201
1609671986478810774 : Checking image 1 border bottom 85
1609671986478876679 : Checking image 1 border left 175
1609671986478913783 : Checking image 1 border right 175
1609671986481041561 : Checking image 2 dpi 300
1609671986481128469 : Checking image 2 border top 207
1609671986481164572 : Checking image 2 border bottom 90
1609671986481197775 : Checking image 2 border left 167
1609671986481231077 : Checking image 2 border right 167

</system-out><system-err>--------------------------------- Captured Err ---------------------------------

</system-err></testcase><testcase classname="tests.test_images" name="test_no_split_line_wave_algo_png" time="49.384"><system-out>--------------------------------- Captured Log ---------------------------------

--------------------------------- Captured Out ---------------------------------
/home/runner/work/ocr-book/ocr-book/tests/no_split_line_wave_algo.png
1609671985552831517 : Checking separation double page angle 89.72500000000001
1609671985552937726 : Checking separation double page y=0 2484
1609671989265196121 : Checking page rotation 1 0.0
1609671990536624223 : Checking page rotation 2 -0.44999999999999746
1609671999806606466 : Checking image 1 crop x1 97
1609671999806699274 : Checking image 1 crop y1 79
1609671999806736177 : Checking image 1 crop x2 2494
1609671999806771080 : Checking image 1 crop y2 3505
1609672005591225147 : Checking image 2 crop x1 163
1609672005591340957 : Checking image 2 crop y1 267
1609672005591381760 : Checking image 2 crop x2 2238
1609672005591419863 : Checking image 2 crop y2 3380
1609672005591602379 : Checking image 1 dpi 300
1609672005591677685 : Checking image 1 border top 41
1609672005591711988 : Checking image 1 border bottom 41
1609672005591745191 : Checking image 1 border left 42
1609672005591778194 : Checking image 1 border right 42
1609672005593574445 : Checking image 2 dpi 300
1609672005593659052 : Checking image 2 border top 255
1609672005593697755 : Checking image 2 border bottom 119
1609672005593731058 : Checking image 2 border left 192
1609672005593764161 : Checking image 2 border right 192

</system-out><system-err>--------------------------------- Captured Err ---------------------------------

</system-err></testcase><testcase classname="tests.test_images" name="test_no_split_line_wave_algo_2_png" time="28.187"><system-out>--------------------------------- Captured Log ---------------------------------

--------------------------------- Captured Out ---------------------------------
/home/runner/work/ocr-book/ocr-book/tests/no_split_line_wave_algo_2.png
1609672009801412489 : Checking separation double page angle 90.54999999999998
1609672009801523098 : Checking separation double page y=0 2478
1609672010880906791 : Checking page rotation 1 1.0999999999999999
1609672012002752919 : Checking page rotation 2 0.2
1609672013437018172 : Checking image 1 crop x1 266
1609672013437148983 : Checking image 1 crop y1 210
1609672013437189387 : Checking image 1 crop x2 2342
1609672013437229590 : Checking image 1 crop y2 3413
1609672014664195991 : Checking image 2 crop x1 168
1609672014664318701 : Checking image 2 crop y1 241
1609672014664360605 : Checking image 2 crop x2 2251
1609672014664397608 : Checking image 2 crop y2 3433
1609672014664574723 : Checking image 1 dpi 300
1609672014664650829 : Checking image 1 border top 192
1609672014664685532 : Checking image 1 border bottom 91
1609672014664719135 : Checking image 1 border left 192
1609672014664752538 : Checking image 1 border right 192
1609672014666881517 : Checking image 2 dpi 300
1609672014666971624 : Checking image 2 border top 224
1609672014667011328 : Checking image 2 border bottom 71
1609672014667044931 : Checking image 2 border left 188
1609672014667078233 : Checking image 2 border right 188

</system-out><system-err>--------------------------------- Captured Err ---------------------------------

</system-err></testcase><testcase classname="tests.test_images" name="test_crop_too_few_2_png" time="28.929"><system-out>--------------------------------- Captured Log ---------------------------------

--------------------------------- Captured Out ---------------------------------
/home/runner/work/ocr-book/ocr-book/tests/crop_too_few_2.png
1609672028361495420 : Checking separation double page angle 90.30476192320097
1609672028361610730 : Checking separation double page y=0 2531
1609672029494815891 : Checking page rotation 1 1.0999999999999999
1609672030708297501 : Checking page rotation 2 -0.04999999999999689
1609672032473763612 : Checking image 1 crop x1 289
1609672032473879122 : Checking image 1 crop y1 165
1609672032473915925 : Checking image 1 crop x2 2400
1609672032473951028 : Checking image 1 crop y2 3367
1609672034586660030 : Checking image 2 crop x1 149
1609672034586775940 : Checking image 2 crop y1 189
1609672034586813743 : Checking image 2 crop x2 2273
1609672034586880749 : Checking image 2 crop y2 3386
1609672034587055463 : Checking image 1 dpi 300
1609672034587128269 : Checking image 1 border top 157
1609672034587162472 : Checking image 1 border bottom 128
1609672034587195575 : Checking image 1 border left 174
1609672034587230078 : Checking image 1 border right 174
1609672034589004827 : Checking image 2 dpi 300
1609672034589086734 : Checking image 2 border top 181
1609672034589124237 : Checking image 2 border bottom 109
1609672034589157540 : Checking image 2 border left 168
1609672034589191143 : Checking image 2 border right 168

</system-out><system-err>--------------------------------- Captured Err ---------------------------------

</system-err></testcase><testcase classname="tests.test_images" name="test_failed_detect_rectangle_png" time="33.935"><system-out>--------------------------------- Captured Log ---------------------------------

--------------------------------- Captured Out ---------------------------------
/home/runner/work/ocr-book/ocr-book/tests/failed_detect_rectangle.png
1609672042680523532 : Checking separation double page angle 90.19837516213148
1609672042680633441 : Checking separation double page y=0 2474
1609672044083559893 : Checking page rotation 1 0.2
1609672045660207555 : Checking page rotation 2 0.15000000000000002
1609672046881240173 : Checking image 1 crop x1 257
1609672046881362683 : Checking image 1 crop y1 201
1609672046881404186 : Checking image 1 crop x2 2333
1609672046881441190 : Checking image 1 crop y2 3402
1609672048592270551 : Checking image 2 crop x1 135
1609672048592389861 : Checking image 2 crop y1 214
1609672048592431064 : Checking image 2 crop x2 2219
1609672048592468167 : Checking image 2 crop y2 3406
1609672048592632681 : Checking image 1 dpi 300
1609672048592706587 : Checking image 1 border top 188
1609672048592741490 : Checking image 1 border bottom 97
1609672048592774893 : Checking image 1 border left 192
1609672048592808196 : Checking image 1 border right 192
1609672048594909573 : Checking image 2 dpi 300
1609672048594994580 : Checking image 2 border top 202
1609672048595030683 : Checking image 2 border bottom 93
1609672048595064386 : Checking image 2 border left 188
1609672048595097389 : Checking image 2 border right 188

</system-out><system-err>--------------------------------- Captured Err ---------------------------------

</system-err></testcase><testcase classname="tests.test_images" name="test_single_page_png" time="6.844"><system-out>--------------------------------- Captured Log ---------------------------------

--------------------------------- Captured Out ---------------------------------
/home/runner/work/ocr-book/ocr-book/tests/single_page.png
1609672038697319996 : Checking separation double page angle 90.04999999999998
1609672038697439206 : Checking separation double page y=0 2476
1609672039528640624 : Checking page rotation 1 0.0
1609672039654417020 : Checking page rotation 2 0.0
1609672040960495341 : Checking image 1 crop x1 1
1609672040960588049 : Checking image 1 crop y1 8
1609672040960621551 : Checking image 1 crop x2 2470
1609672040960654154 : Checking image 1 crop y2 3505
1609672041080701267 : Checking image 2 crop x1 0
1609672041080778973 : Checking image 2 crop y1 0
1609672041080808376 : Checking image 2 crop x2 0
1609672041080836278 : Checking image 2 crop y2 0
1609672041080896483 : Checking image 1 dpi 300
1609672041080955188 : Checking image 1 border top 5
1609672041080990791 : Checking image 1 border bottom 5
1609672041081021194 : Checking image 1 border left 6
1609672041081051396 : Checking image 1 border right 6
1609672041086860586 : Checking image 2 border top 0
1609672041086916790 : Checking image 2 border bottom 0
1609672041086945493 : Checking image 2 border left 0
1609672041086974795 : Checking image 2 border right 0

</system-out><system-err>--------------------------------- Captured Err ---------------------------------

</system-err></testcase><testcase classname="tests.test_images" name="test_wrong_split_line_4_png" time="16.516"><system-out>--------------------------------- Captured Log ---------------------------------

--------------------------------- Captured Out ---------------------------------
/home/runner/work/ocr-book/ocr-book/tests/wrong_split_line_4.png
1609672054697734049 : Checking separation double page angle 91.04999999999998
1609672054697835557 : Checking separation double page y=0 60
1609672054791180320 : Checking page rotation 1 1.0
1609672055795523915 : Checking page rotation 2 1.05
1609672056245802042 : Checking image 1 crop x1 0
1609672056245873348 : Checking image 1 crop y1 0
1609672056245902651 : Checking image 1 crop x2 0
1609672056245930253 : Checking image 1 crop y2 0
1609672057988840458 : Checking image 2 crop x1 291
1609672057988953868 : Checking image 2 crop y1 330
1609672057988990571 : Checking image 2 crop x2 2316
1609672057989024874 : Checking image 2 crop y2 3217
1609672057989172286 : Checking image 1 border top 0
1609672057989206989 : Checking image 1 border bottom 0
1609672057989236391 : Checking image 1 border left 0
1609672057989265794 : Checking image 1 border right 0
1609672057989314698 : Checking image 2 dpi 300
1609672057989378403 : Checking image 2 border top 322
1609672057989411306 : Checking image 2 border bottom 278
1609672057989441509 : Checking image 2 border left 217
1609672057989472911 : Checking image 2 border right 217

</system-out><system-err>--------------------------------- Captured Err ---------------------------------

</system-err></testcase><testcase classname="tests.test_images" name="test_no_split_line_wave_algo_3_png" time="9.962"><system-out>--------------------------------- Captured Log ---------------------------------

--------------------------------- Captured Out ---------------------------------
/home/runner/work/ocr-book/ocr-book/tests/no_split_line_wave_algo_3.png
1609672056582221279 : Checking separation double page angle 90.14999999999998
1609672056582340489 : Checking separation double page y=0 2408
1609672057460021516 : Checking page rotation 1 -0.09999999999999377
1609672057606498453 : Checking page rotation 2 0.0
1609672058186842336 : Checking image 1 crop x1 182
1609672058186941644 : Checking image 1 crop y1 2955
1609672058186976747 : Checking image 1 crop x2 2199
1609672058187009650 : Checking image 1 crop y2 3203
1609672058552547339 : Checking image 2 crop x1 0
1609672058552619045 : Checking image 2 crop y1 0
1609672058552648247 : Checking image 2 crop x2 0
1609672058552676350 : Checking image 2 crop y2 0
1609672058552736455 : Checking image 1 dpi 300
1609672058552797160 : Checking image 1 border top 2951
1609672058552829763 : Checking image 1 border bottom 288
1609672058552861065 : Checking image 1 border left 221
1609672058552891468 : Checking image 1 border right 221
1609672058557452052 : Checking image 2 border top 0
1609672058557506257 : Checking image 2 border bottom 0
1609672058557535159 : Checking image 2 border left 0
1609672058557564362 : Checking image 2 border right 0

</system-out><system-err>--------------------------------- Captured Err ---------------------------------

</system-err></testcase><testcase classname="tests.test_images" name="test_failed_split_line_line_algo_3_png" time="12.275"><system-out>--------------------------------- Captured Log ---------------------------------

--------------------------------- Captured Out ---------------------------------
/home/runner/work/ocr-book/ocr-book/tests/failed_split_line_line_algo_3.png
1609672067977959364 : Checking separation double page angle 90.0
1609672067978076774 : Checking separation double page y=0 40
1609672068046298114 : Checking page rotation 1 0.0
1609672068679545390 : Checking page rotation 2 -0.04999999999999689
1609672068988959721 : Checking image 1 crop x1 0
1609672068989034927 : Checking image 1 crop y1 0
1609672068989066830 : Checking image 1 crop x2 0
1609672068989097333 : Checking image 1 crop y2 0
1609672070284220693 : Checking image 2 crop x1 247
1609672070284310701 : Checking image 2 crop y1 153
1609672070284347304 : Checking image 2 crop x2 2260
1609672070284382207 : Checking image 2 crop y2 3360
1609672070284484515 : Checking image 1 border top 0
1609672070284518418 : Checking image 1 border bottom 0
1609672070284550521 : Checking image 1 border left 0
1609672070284582724 : Checking image 1 border right 0
1609672070284626627 : Checking image 2 dpi 300
1609672070284685132 : Checking image 2 border top 144
1609672070284717535 : Checking image 2 border bottom 136
1609672070284749638 : Checking image 2 border left 223
1609672070284781940 : Checking image 2 border right 223

</system-out><system-err>--------------------------------- Captured Err ---------------------------------

</system-err></testcase></testsuite></testsuites>