<?xml version="1.0" encoding="utf-8"?><testsuites><testsuite errors="0" failures="0" hostname="fv-az92-143" name="pytest" skipped="0" tests="32" time="915.852" timestamp="2020-12-06T22:05:42.421095"><testcase classname="tests.test_features" name="test_mock_stop_at_0" time="0.045"><system-out>--------------------------------- Captured Log ---------------------------------

--------------------------------- Captured Out ---------------------------------
/home/runner/work/ocr-book/ocr-book/tests/0001_0.png

</system-out><system-err>--------------------------------- Captured Err ---------------------------------

</system-err></testcase><testcase classname="tests.test_features" name="test_disabled_enable_debug" time="41.007"><system-out>--------------------------------- Captured Log ---------------------------------

--------------------------------- Captured Out ---------------------------------
/home/runner/work/ocr-book/ocr-book/tests/0001_debug.png
separation double page angle 90.57780420099763
separation double page y=0 2487
page rotation 1 0.75
page rotation 2 0.2
image 1 crop x1 330
image 1 crop y1 336
image 1 crop x2 2343
image 1 crop y2 3223
image 2 crop x1 169
image 2 crop y1 648
image 2 crop x2 2186
image 2 crop y2 3361
image 1 dpi 300
image 1 border top 318
image 1 border bottom 282
image 1 border left 223
image 1 border right 223
image 2 dpi 300
image 2 border top 643
image 2 border bottom 131
image 2 border left 221
image 2 border right 221

</system-out><system-err>--------------------------------- Captured Err ---------------------------------

</system-err></testcase><testcase classname="tests.test_features" name="test_mock_stop_at_2" time="45.720"><system-out>--------------------------------- Captured Log ---------------------------------

--------------------------------- Captured Out ---------------------------------
/home/runner/work/ocr-book/ocr-book/tests/0001_2.png
separation double page angle 90.57780420099763
separation double page y=0 2487
page rotation 1 0.75
page rotation 2 0.2

</system-out><system-err>--------------------------------- Captured Err ---------------------------------

</system-err></testcase><testcase classname="tests.test_features" name="test_mock_stop_at_1" time="31.306"><system-out>--------------------------------- Captured Log ---------------------------------

--------------------------------- Captured Out ---------------------------------
/home/runner/work/ocr-book/ocr-book/tests/0001_1.png
separation double page angle 90.57780420099763
separation double page y=0 2487

</system-out><system-err>--------------------------------- Captured Err ---------------------------------

</system-err></testcase><testcase classname="tests.test_features" name="test_mock_stop_at_4" time="53.299"><system-out>--------------------------------- Captured Log ---------------------------------

--------------------------------- Captured Out ---------------------------------
/home/runner/work/ocr-book/ocr-book/tests/0001_4.png
separation double page angle 90.57780420099763
separation double page y=0 2487
page rotation 1 0.75
page rotation 2 0.2
image 1 crop x1 330
image 1 crop y1 336
image 1 crop x2 2343
image 1 crop y2 3223
image 2 crop x1 169
image 2 crop y1 648
image 2 crop x2 2186
image 2 crop y2 3361
image 1 dpi 300
image 1 border top 318
image 1 border bottom 282
image 1 border left 223
image 1 border right 223
image 2 dpi 300
image 2 border top 643
image 2 border bottom 131
image 2 border left 221
image 2 border right 221

</system-out><system-err>--------------------------------- Captured Err ---------------------------------

</system-err></testcase><testcase classname="tests.test_features" name="test_mock_stop_at_3" time="53.532"><system-out>--------------------------------- Captured Log ---------------------------------

--------------------------------- Captured Out ---------------------------------
/home/runner/work/ocr-book/ocr-book/tests/0001_3.png
separation double page angle 90.57780420099763
separation double page y=0 2487
page rotation 1 0.75
page rotation 2 0.2
image 1 crop x1 330
image 1 crop y1 336
image 1 crop x2 2343
image 1 crop y2 3223
image 2 crop x1 169
image 2 crop y1 648
image 2 crop x2 2186
image 2 crop y2 3361

</system-out><system-err>--------------------------------- Captured Err ---------------------------------

</system-err></testcase><testcase classname="tests.test_images" name="test_0001_png" time="53.433"><system-out>--------------------------------- Captured Log ---------------------------------

--------------------------------- Captured Out ---------------------------------
/home/runner/work/ocr-book/ocr-book/tests/0001.png
1607292473625058342 : Checking separation double page angle 90.57780420099763
1607292473625154243 : Checking separation double page y=0 2487
1607292480429423125 : Checking page rotation 1 0.75
1607292489278766362 : Checking page rotation 2 0.2
1607292492645045783 : Checking image 1 crop x1 330
1607292492645161984 : Checking image 1 crop y1 336
1607292492645198785 : Checking image 1 crop x2 2343
1607292492645230585 : Checking image 1 crop y2 3223
1607292495731941720 : Checking image 2 crop x1 169
1607292495732052821 : Checking image 2 crop y1 648
1607292495732090521 : Checking image 2 crop x2 2186
1607292495732123921 : Checking image 2 crop y2 3361
1607292495762683252 : Checking image 1 dpi 300
1607292495762781353 : Checking image 1 border top 318
1607292495762817053 : Checking image 1 border bottom 282
1607292495762847954 : Checking image 1 border left 223
1607292495762877754 : Checking image 1 border right 223
1607292495765340073 : Checking image 2 dpi 300
1607292495765412473 : Checking image 2 border top 643
1607292495765444173 : Checking image 2 border bottom 131
1607292495765473774 : Checking image 2 border left 221
1607292495765503174 : Checking image 2 border right 221

</system-out><system-err>--------------------------------- Captured Err ---------------------------------

</system-err></testcase><testcase classname="tests.test_features" name="test_mock_stop_at_5" time="50.637"><system-out>--------------------------------- Captured Log ---------------------------------

--------------------------------- Captured Out ---------------------------------
/home/runner/work/ocr-book/ocr-book/tests/0001_5.png
separation double page angle 90.57780420099763
separation double page y=0 2487
page rotation 1 0.75
page rotation 2 0.2
image 1 crop x1 330
image 1 crop y1 336
image 1 crop x2 2343
image 1 crop y2 3223
image 2 crop x1 169
image 2 crop y1 648
image 2 crop x2 2186
image 2 crop y2 3361
image 1 dpi 300
image 1 border top 318
image 1 border bottom 282
image 1 border left 223
image 1 border right 223
image 2 dpi 300
image 2 border top 643
image 2 border bottom 131
image 2 border left 221
image 2 border right 221

</system-out><system-err>--------------------------------- Captured Err ---------------------------------

</system-err></testcase><testcase classname="tests.test_images" name="test_2_pages_2_contours_png" time="32.112"><system-out>--------------------------------- Captured Log ---------------------------------

--------------------------------- Captured Out ---------------------------------
/home/runner/work/ocr-book/ocr-book/tests/2-pages-2-contours.png
1607292515795391913 : Checking separation double page angle 89.91958537671144
1607292515795479113 : Checking separation double page y=0 2492
1607292517820361028 : Checking page rotation 1 0.05
1607292523174017093 : Checking page rotation 2 0.35000000000000003
1607292524617615988 : Checking image 1 crop x1 1189
1607292524617725389 : Checking image 1 crop y1 1748
1607292524617759089 : Checking image 1 crop x2 1190
1607292524617789389 : Checking image 1 crop y2 1749
1607292527861386347 : Checking image 2 crop x1 89
1607292527861504848 : Checking image 2 crop y1 240
1607292527861541748 : Checking image 2 crop x2 2136
1607292527861575848 : Checking image 2 crop y2 3239
1607292527891753939 : Checking image 1 dpi 300
1607292527891858940 : Checking image 1 border top 1753
1607292527891894840 : Checking image 1 border bottom 1753
1607292527891925940 : Checking image 1 border left 1239
1607292527891955840 : Checking image 1 border right 1239
1607292527893798552 : Checking image 2 dpi 300
1607292527893887653 : Checking image 2 border top 227
1607292527893919453 : Checking image 2 border bottom 261
1607292527893951553 : Checking image 2 border left 206
1607292527893981153 : Checking image 2 border right 206

</system-out><system-err>--------------------------------- Captured Err ---------------------------------

</system-err></testcase><testcase classname="tests.test_images" name="test_angle_page_lower_split_line_png" time="56.299"><system-out>--------------------------------- Captured Log ---------------------------------

--------------------------------- Captured Out ---------------------------------
/home/runner/work/ocr-book/ocr-book/tests/angle_page_lower_split_line.png
1607292556670962775 : Checking separation double page angle 89.75201324945476
1607292556671060776 : Checking separation double page y=0 2473
1607292563539519885 : Checking page rotation 1 -0.44999999999998863
1607292570534043585 : Checking page rotation 2 0.2
1607292573323368310 : Checking image 1 crop x1 245
1607292573323499810 : Checking image 1 crop y1 161
1607292573323534711 : Checking image 1 crop x2 2351
1607292573323568611 : Checking image 1 crop y2 3364
1607292576018201320 : Checking image 2 crop x1 151
1607292576018330121 : Checking image 2 crop y1 147
1607292576018365121 : Checking image 2 crop x2 2258
1607292576018399422 : Checking image 2 crop y2 3350
1607292576052617904 : Checking image 1 dpi 300
1607292576052733904 : Checking image 1 border top 141
1607292576052769304 : Checking image 1 border bottom 143
1607292576052799905 : Checking image 1 border left 177
1607292576052830005 : Checking image 1 border right 177
1607292576054938616 : Checking image 2 dpi 300
1607292576055025016 : Checking image 2 border top 129
1607292576055057717 : Checking image 2 border bottom 155
1607292576055087417 : Checking image 2 border left 176
1607292576055117417 : Checking image 2 border right 176

</system-out><system-err>--------------------------------- Captured Err ---------------------------------

</system-err></testcase><testcase classname="tests.test_images" name="test_black_border_not_removed_png" time="60.222"><system-out>--------------------------------- Captured Log ---------------------------------

--------------------------------- Captured Out ---------------------------------
/home/runner/work/ocr-book/ocr-book/tests/black-border-not-removed.png
1607292563345901616 : Checking separation double page angle 90.02895758682553
1607292563345991617 : Checking separation double page y=0 2456
1607292570929117321 : Checking page rotation 1 0.0
1607292580015681412 : Checking page rotation 2 0.0
1607292583372091544 : Checking image 1 crop x1 297
1607292583372210744 : Checking image 1 crop y1 143
1607292583372247345 : Checking image 1 crop x2 2309
1607292583372278945 : Checking image 1 crop y2 3346
1607292588077446334 : Checking image 2 crop x1 157
1607292588077565834 : Checking image 2 crop y1 145
1607292588077602835 : Checking image 2 crop x2 2169
1607292588077636235 : Checking image 2 crop y2 3352
1607292588110302904 : Checking image 1 dpi 300
1607292588110424604 : Checking image 1 border top 127
1607292588110461205 : Checking image 1 border bottom 157
1607292588110491605 : Checking image 1 border left 224
1607292588110522005 : Checking image 1 border right 224
1607292588112988518 : Checking image 2 dpi 300
1607292588113076818 : Checking image 2 border top 133
1607292588113109318 : Checking image 2 border bottom 147
1607292588113139018 : Checking image 2 border left 224
1607292588113168319 : Checking image 2 border right 224

</system-out><system-err>--------------------------------- Captured Err ---------------------------------

</system-err></testcase><testcase classname="tests.test_images" name="test_wrong_split_line_png" time="40.305"><system-out>--------------------------------- Captured Log ---------------------------------

--------------------------------- Captured Out ---------------------------------
/home/runner/work/ocr-book/ocr-book/tests/wrong_split_line.png
1607292601429405110 : Checking separation double page angle 89.85895720607971
1607292601429503311 : Checking separation double page y=0 2463
1607292606275667030 : Checking page rotation 1 -0.14999999999999147
1607292611967909441 : Checking page rotation 2 0.65
1607292614058645474 : Checking image 1 crop x1 213
1607292614058764374 : Checking image 1 crop y1 157
1607292614058799575 : Checking image 1 crop x2 2323
1607292614058833675 : Checking image 1 crop y2 3362
1607292616337436498 : Checking image 2 crop x1 126
1607292616337561699 : Checking image 2 crop y1 167
1607292616337596899 : Checking image 2 crop x2 2237
1607292616337630599 : Checking image 2 crop y2 3372
1607292616369702457 : Checking image 1 dpi 300
1607292616369808157 : Checking image 1 border top 135
1607292616369842458 : Checking image 1 border bottom 147
1607292616369873658 : Checking image 1 border left 175
1607292616369903958 : Checking image 1 border right 175
1607292616372030768 : Checking image 2 dpi 300
1607292616372104069 : Checking image 2 border top 139
1607292616372135569 : Checking image 2 border bottom 143
1607292616372165569 : Checking image 2 border left 174
1607292616372195369 : Checking image 2 border right 174

</system-out><system-err>--------------------------------- Captured Err ---------------------------------

</system-err></testcase><testcase classname="tests.test_images" name="test_image_failed_to_rotate_png" time="55.941"><system-out>--------------------------------- Captured Log ---------------------------------

--------------------------------- Captured Out ---------------------------------
/home/runner/work/ocr-book/ocr-book/tests/image_failed_to_rotate.png
1607292615808029294 : Checking separation double page angle 90.19634423290287
1607292615808116795 : Checking separation double page y=0 2482
1607292620160212845 : Checking page rotation 1 0.35000000000000003
1607292628549256340 : Checking page rotation 2 0.45
1607292638999819450 : Checking image 1 crop x1 34
1607292638999935052 : Checking image 1 crop y1 1
1607292638999972653 : Checking image 1 crop x2 2480
1607292639000006553 : Checking image 1 crop y2 3500
1607292643919719790 : Checking image 2 crop x1 169
1607292643919839692 : Checking image 2 crop y1 234
1607292643919876393 : Checking image 2 crop x2 2248
1607292643919910594 : Checking image 2 crop y2 3355
1607292643961580593 : Checking image 1 dpi 300
1607292643961701396 : Checking image 1 border top 4
1607292643961738796 : Checking image 1 border bottom 4
1607292643961769097 : Checking image 1 border left 17
1607292643961799597 : Checking image 1 border right 17
1607292643964688953 : Checking image 2 dpi 300
1607292643964786255 : Checking image 2 border top 221
1607292643964818755 : Checking image 2 border bottom 145
1607292643964849256 : Checking image 2 border left 190
1607292643964879257 : Checking image 2 border right 190

</system-out><system-err>--------------------------------- Captured Err ---------------------------------

</system-err></testcase><testcase classname="tests.test_images" name="test_crop_too_much_png" time="77.530"><system-out>--------------------------------- Captured Log ---------------------------------

--------------------------------- Captured Out ---------------------------------
/home/runner/work/ocr-book/ocr-book/tests/crop_too_much.png
1607292663992176139 : Checking separation double page angle 90.13239409272953
1607292663992271441 : Checking separation double page y=0 2453
1607292674267982386 : Checking page rotation 1 0.0
1607292686211738298 : Checking page rotation 2 0.45
1607292690179706470 : Checking image 1 crop x1 303
1607292690179831772 : Checking image 1 crop y1 148
1607292690179867272 : Checking image 1 crop x2 2313
1607292690179899773 : Checking image 1 crop y2 3351
1607292693842632171 : Checking image 2 crop x1 170
1607292693842747373 : Checking image 2 crop y1 155
1607292693842782973 : Checking image 2 crop x2 2181
1607292693842815974 : Checking image 2 crop y2 3359
1607292693885490012 : Checking image 1 dpi 300
1607292693885583814 : Checking image 1 border top 131
1607292693885618114 : Checking image 1 border bottom 153
1607292693885649915 : Checking image 1 border left 225
1607292693885680815 : Checking image 1 border right 225
1607292693887734546 : Checking image 2 dpi 300
1607292693887807147 : Checking image 2 border top 133
1607292693887839247 : Checking image 2 border bottom 150
1607292693887869848 : Checking image 2 border left 224
1607292693887899448 : Checking image 2 border right 224

</system-out><system-err>--------------------------------- Captured Err ---------------------------------

</system-err></testcase><testcase classname="tests.test_images" name="test_image_failed_to_crop_data_png" time="53.944"><system-out>--------------------------------- Captured Log ---------------------------------

--------------------------------- Captured Out ---------------------------------
/home/runner/work/ocr-book/ocr-book/tests/image_failed_to_crop_data.png
1607292672026002226 : Checking separation double page angle 89.91538216173362
1607292672026091227 : Checking separation double page y=0 2477
1607292677253827194 : Checking page rotation 1 0.2
1607292683635219557 : Checking page rotation 2 0.0
1607292693808338258 : Checking image 1 crop x1 58
1607292693808455259 : Checking image 1 crop y1 8
1607292693808493260 : Checking image 1 crop x2 2480
1607292693808545661 : Checking image 1 crop y2 3504
1607292697913284336 : Checking image 2 crop x1 159
1607292697913407738 : Checking image 2 crop y1 217
1607292697913444839 : Checking image 2 crop x2 2241
1607292697913479639 : Checking image 2 crop y2 3350
1607292697943149975 : Checking image 1 dpi 300
1607292697943268277 : Checking image 1 border top 6
1607292697943306378 : Checking image 1 border bottom 6
1607292697943336678 : Checking image 1 border left 29
1607292697943366779 : Checking image 1 border right 29
1607292697946246321 : Checking image 2 dpi 300
1607292697946344022 : Checking image 2 border top 206
1607292697946376423 : Checking image 2 border bottom 148
1607292697946406323 : Checking image 2 border left 189
1607292697946436424 : Checking image 2 border right 189

</system-out><system-err>--------------------------------- Captured Err ---------------------------------

</system-err></testcase><testcase classname="tests.test_images" name="test_crop_too_few_png" time="45.522"><system-out>--------------------------------- Captured Log ---------------------------------

--------------------------------- Captured Out ---------------------------------
/home/runner/work/ocr-book/ocr-book/tests/crop_too_few.png
1607292722914461615 : Checking separation double page angle 89.39669496435833
1607292722914561716 : Checking separation double page y=0 2510
1607292728584823236 : Checking page rotation 1 -0.75
1607292734192403892 : Checking page rotation 2 0.05
1607292736874544612 : Checking image 1 crop x1 265
1607292736874674013 : Checking image 1 crop y1 152
1607292736874710314 : Checking image 1 crop x2 2375
1607292736874742614 : Checking image 1 crop y2 3356
1607292739393541567 : Checking image 2 crop x1 135
1607292739393676769 : Checking image 2 crop y1 141
1607292739393712870 : Checking image 2 crop x2 2261
1607292739393746970 : Checking image 2 crop y2 3345
1607292739427199182 : Checking image 1 dpi 300
1607292739427310083 : Checking image 1 border top 134
1607292739427344583 : Checking image 1 border bottom 149
1607292739427375484 : Checking image 1 border left 175
1607292739427405884 : Checking image 1 border right 175
1607292739429874214 : Checking image 2 dpi 300
1607292739429957715 : Checking image 2 border top 129
1607292739429990016 : Checking image 2 border bottom 154
1607292739430020416 : Checking image 2 border left 167
1607292739430050317 : Checking image 2 border right 167

</system-out><system-err>--------------------------------- Captured Err ---------------------------------

</system-err></testcase><testcase classname="tests.test_images" name="test_wrong_angle_split_line_png" time="62.174"><system-out>--------------------------------- Captured Log ---------------------------------

--------------------------------- Captured Out ---------------------------------
/home/runner/work/ocr-book/ocr-book/tests/wrong_angle_split_line.png
1607292729498831361 : Checking separation double page angle 90.04193420006348
1607292729498925162 : Checking separation double page y=0 2477
1607292736431855801 : Checking page rotation 1 0.2
1607292743233046776 : Checking page rotation 2 0.2
1607292754553128242 : Checking image 1 crop x1 61
1607292754553249644 : Checking image 1 crop y1 7
1607292754553287944 : Checking image 1 crop x2 2475
1607292754553322244 : Checking image 1 crop y2 3500
1607292759367589901 : Checking image 2 crop x1 165
1607292759367712502 : Checking image 2 crop y1 219
1607292759367749003 : Checking image 2 crop x2 2241
1607292759367782603 : Checking image 2 crop y2 3348
1607292759517312410 : Checking image 1 dpi 300
1607292759517434111 : Checking image 1 border top 7
1607292759517470412 : Checking image 1 border bottom 7
1607292759517501512 : Checking image 1 border left 33
1607292759517532412 : Checking image 1 border right 33
1607292759525107199 : Checking image 2 dpi 300
1607292759525220400 : Checking image 2 border top 207
1607292759525252600 : Checking image 2 border bottom 151
1607292759525282801 : Checking image 2 border left 192
1607292759525313001 : Checking image 2 border right 192

</system-out><system-err>--------------------------------- Captured Err ---------------------------------

</system-err></testcase><testcase classname="tests.test_images" name="test_crop_too_much_2_png" time="79.724"><system-out>--------------------------------- Captured Log ---------------------------------

--------------------------------- Captured Out ---------------------------------
/home/runner/work/ocr-book/ocr-book/tests/crop_too_much_2.png
1607292786385231702 : Checking separation double page angle 90.2021118646249
1607292786385329803 : Checking separation double page y=0 2477
1607292797418939673 : Checking page rotation 1 0.2
1607292810114285777 : Checking page rotation 2 0.2
1607292814115629157 : Checking image 1 crop x1 332
1607292814115755558 : Checking image 1 crop y1 131
1607292814115790859 : Checking image 1 crop x2 2342
1607292814115823259 : Checking image 1 crop y2 3336
1607292819076915299 : Checking image 2 crop x1 168
1607292819077046200 : Checking image 2 crop y1 139
1607292819077080801 : Checking image 2 crop x2 2181
1607292819077115501 : Checking image 2 crop y2 3345
1607292819124576449 : Checking image 1 dpi 300
1607292819124691750 : Checking image 1 border top 118
1607292819124727351 : Checking image 1 border bottom 164
1607292819124759051 : Checking image 1 border left 225
1607292819124790851 : Checking image 1 border right 225
1607292819127232174 : Checking image 2 dpi 300
1607292819127314675 : Checking image 2 border top 127
1607292819127347575 : Checking image 2 border bottom 154
1607292819127377476 : Checking image 2 border left 223
1607292819127407376 : Checking image 2 border right 223

</system-out><system-err>--------------------------------- Captured Err ---------------------------------

</system-err></testcase><testcase classname="tests.test_images" name="test_small_wave_png" time="68.170"><system-out>--------------------------------- Captured Log ---------------------------------

--------------------------------- Captured Out ---------------------------------
/home/runner/work/ocr-book/ocr-book/tests/small_wave.png
1607292803098507357 : Checking separation double page angle 90.61316928841566
1607292803098599058 : Checking separation double page y=0 2495
1607292814062333747 : Checking page rotation 1 0.7000000000000001
1607292822940746350 : Checking page rotation 2 0.7000000000000001
1607292825474153179 : Checking image 1 crop x1 322
1607292825474276180 : Checking image 1 crop y1 199
1607292825474312780 : Checking image 1 crop x2 2351
1607292825474344681 : Checking image 1 crop y2 3394
1607292828295793514 : Checking image 2 crop x1 135
1607292828295912215 : Checking image 2 crop y1 223
1607292828295949516 : Checking image 2 crop x2 2164
1607292828295983316 : Checking image 2 crop y2 3419
1607292828332842656 : Checking image 1 dpi 300
1607292828332957957 : Checking image 1 border top 178
1607292828332994157 : Checking image 1 border bottom 114
1607292828333025858 : Checking image 1 border left 215
1607292828333056658 : Checking image 1 border right 215
1607292828335704982 : Checking image 2 dpi 300
1607292828335790683 : Checking image 2 border top 196
1607292828335822984 : Checking image 2 border bottom 95
1607292828335853084 : Checking image 2 border left 215
1607292828335882984 : Checking image 2 border right 215

</system-out><system-err>--------------------------------- Captured Err ---------------------------------

</system-err></testcase><testcase classname="tests.test_images" name="test_wrong_split_line_2_png" time="98.950"><system-out>--------------------------------- Captured Log ---------------------------------

--------------------------------- Captured Out ---------------------------------
/home/runner/work/ocr-book/ocr-book/tests/wrong_split_line_2.png
1607292878111063210 : Checking separation double page angle 90.3838786217729
1607292878111156411 : Checking separation double page y=0 2442
1607292889455331674 : Checking page rotation 1 0.05
1607292902837598609 : Checking page rotation 2 0.4
1607292909364494533 : Checking image 1 crop x1 294
1607292909364652234 : Checking image 1 crop y1 137
1607292909364687035 : Checking image 1 crop x2 2326
1607292909364718735 : Checking image 1 crop y2 3375
1607292918046122404 : Checking image 2 crop x1 146
1607292918046241505 : Checking image 2 crop y1 192
1607292918046276705 : Checking image 2 crop x2 2173
1607292918046310105 : Checking image 2 crop y2 3386
1607292918089370236 : Checking image 1 dpi 300
1607292918089457937 : Checking image 1 border top 124
1607292918089491337 : Checking image 1 border bottom 124
1607292918089521837 : Checking image 1 border left 214
1607292918089552137 : Checking image 1 border right 214
1607292918091997256 : Checking image 2 dpi 300
1607292918092074057 : Checking image 2 border top 185
1607292918092105757 : Checking image 2 border bottom 108
1607292918092137057 : Checking image 2 border left 216
1607292918092167457 : Checking image 2 border right 216

</system-out><system-err>--------------------------------- Captured Err ---------------------------------

</system-err></testcase><testcase classname="tests.test_images" name="test_wrong_split_line_3_png" time="60.966"><system-out>--------------------------------- Captured Log ---------------------------------

--------------------------------- Captured Out ---------------------------------
/home/runner/work/ocr-book/ocr-book/tests/wrong_split_line_3.png
1607292868967420872 : Checking separation double page angle 90.43729500214693
1607292868967507173 : Checking separation double page y=0 2498
1607292876913817833 : Checking page rotation 1 0.30000000000000004
1607292883975824962 : Checking page rotation 2 0.9
1607292886674297790 : Checking image 1 crop x1 331
1607292886674418591 : Checking image 1 crop y1 165
1607292886674454491 : Checking image 1 crop x2 2375
1607292886674487291 : Checking image 1 crop y2 3376
1607292889285446804 : Checking image 2 crop x1 102
1607292889285565105 : Checking image 2 crop y1 208
1607292889285601906 : Checking image 2 crop x2 2133
1607292889285635706 : Checking image 2 crop y2 3413
1607292889319898982 : Checking image 1 dpi 300
1607292889319999083 : Checking image 1 border top 148
1607292889320034383 : Checking image 1 border bottom 128
1607292889320065983 : Checking image 1 border left 208
1607292889320095984 : Checking image 1 border right 208
1607292889322546003 : Checking image 2 dpi 300
1607292889322620904 : Checking image 2 border top 191
1607292889322653204 : Checking image 2 border bottom 91
1607292889322682805 : Checking image 2 border left 214
1607292889322712505 : Checking image 2 border right 214

</system-out><system-err>--------------------------------- Captured Err ---------------------------------

</system-err></testcase><testcase classname="tests.test_images" name="test_no_split_line_line_algo_png" time="53.215"><system-out>--------------------------------- Captured Log ---------------------------------

--------------------------------- Captured Out ---------------------------------
/home/runner/work/ocr-book/ocr-book/tests/no_split_line_line_algo.png
1607292921178075713 : Checking separation double page angle 89.47691469185418
1607292921178162913 : Checking separation double page y=0 2476
1607292926540943561 : Checking page rotation 1 -0.14999999999999147
1607292936793441680 : Checking page rotation 2 -0.44999999999998863
1607292939094170257 : Checking image 1 crop x1 205
1607292939094289958 : Checking image 1 crop y1 158
1607292939094326259 : Checking image 1 crop x2 2320
1607292939094359559 : Checking image 1 crop y2 3366
1607292942502237404 : Checking image 2 crop x1 185
1607292942502357905 : Checking image 2 crop y1 221
1607292942502395005 : Checking image 2 crop x2 2201
1607292942502428905 : Checking image 2 crop y2 3366
1607292942540763090 : Checking image 1 dpi 300
1607292942540883791 : Checking image 1 border top 141
1607292942540920891 : Checking image 1 border bottom 138
1607292942540952091 : Checking image 1 border left 172
1607292942540981891 : Checking image 1 border right 172
1607292942543468110 : Checking image 2 dpi 300
1607292942543545710 : Checking image 2 border top 215
1607292942543581511 : Checking image 2 border bottom 127
1607292942543611911 : Checking image 2 border left 222
1607292942543641211 : Checking image 2 border right 222

</system-out><system-err>--------------------------------- Captured Err ---------------------------------

</system-err></testcase><testcase classname="tests.test_images" name="test_wrong_wave_split_line_png" time="89.800"><system-out>--------------------------------- Captured Log ---------------------------------

--------------------------------- Captured Out ---------------------------------
/home/runner/work/ocr-book/ocr-book/tests/wrong_wave_split_line.png
1607292965520473670 : Checking separation double page angle 90.5287860410772
1607292965520583171 : Checking separation double page y=0 2502
1607292976241234260 : Checking page rotation 1 -0.14999999999999147
1607292987196854742 : Checking page rotation 2 0.8500000000000001
1607292995144687775 : Checking image 1 crop x1 385
1607292995144817976 : Checking image 1 crop y1 179
1607292995144854176 : Checking image 1 crop x2 2411
1607292995144886276 : Checking image 1 crop y2 3374
1607293007844111749 : Checking image 2 crop x1 27
1607293007844230949 : Checking image 2 crop y1 1
1607293007844267150 : Checking image 2 crop x2 2489
1607293007844301150 : Checking image 2 crop y2 3505
1607293007894127395 : Checking image 1 dpi 300
1607293007894221696 : Checking image 1 border top 169
1607293007894255996 : Checking image 1 border bottom 123
1607293007894287396 : Checking image 1 border left 217
1607293007894317696 : Checking image 1 border right 217
1607293007896428711 : Checking image 2 dpi 300
1607293007896505311 : Checking image 2 border top 2
1607293007896553512 : Checking image 2 border bottom 2
1607293007896583312 : Checking image 2 border left 9
1607293007896617312 : Checking image 2 border right 9

</system-out><system-err>--------------------------------- Captured Err ---------------------------------

</system-err></testcase><testcase classname="tests.test_images" name="test_failed_split_line_line_algo_png" time="23.086"><system-out>--------------------------------- Captured Log ---------------------------------

--------------------------------- Captured Out ---------------------------------
/home/runner/work/ocr-book/ocr-book/tests/failed_split_line_line_algo.png
1607292957221842112 : Checking separation double page angle 90.01634220573249
1607292957221929913 : Checking separation double page y=0 2575
1607292960125241426 : Checking page rotation 1 -0.14999999999999147
1607292962110268420 : Checking page rotation 2 0.0
1607292964339981448 : Checking image 1 crop x1 407
1607292964340096549 : Checking image 1 crop y1 2925
1607292964340132249 : Checking image 1 crop x2 2419
1607292964340164749 : Checking image 1 crop y2 3174
1607292965662297793 : Checking image 2 crop x1 1184
1607292965662400294 : Checking image 2 crop y1 1744
1607292965662435494 : Checking image 2 crop x2 1185
1607292965662464495 : Checking image 2 crop y2 1745
1607292965662694496 : Checking image 1 dpi 300
1607292965662766497 : Checking image 1 border top 2917
1607292965662801397 : Checking image 1 border bottom 321
1607292965662831797 : Checking image 1 border left 224
1607292965662861898 : Checking image 1 border right 224
1607292965664716511 : Checking image 2 dpi 300
1607292965664800912 : Checking image 2 border top 1752
1607292965664832412 : Checking image 2 border bottom 1753
1607292965664862512 : Checking image 2 border left 1239
1607292965664892612 : Checking image 2 border right 1239

</system-out><system-err>--------------------------------- Captured Err ---------------------------------

</system-err></testcase><testcase classname="tests.test_images" name="test_crop_too_much_3_png" time="70.812"><system-out>--------------------------------- Captured Log ---------------------------------

--------------------------------- Captured Out ---------------------------------
/home/runner/work/ocr-book/ocr-book/tests/crop_too_much_3.png
1607293007762063481 : Checking separation double page angle 89.55580634783144
1607293007762153481 : Checking separation double page y=0 2499
1607293015738222000 : Checking page rotation 1 -0.9499999999999886
1607293028807270402 : Checking page rotation 2 -0.14999999999999147
1607293032571126988 : Checking image 1 crop x1 373
1607293032571248189 : Checking image 1 crop y1 258
1607293032571284689 : Checking image 1 crop x2 2386
1607293032571316390 : Checking image 1 crop y2 3458
1607293036403270268 : Checking image 2 crop x1 167
1607293036403389269 : Checking image 2 crop y1 228
1607293036403426269 : Checking image 2 crop x2 2180
1607293036403459570 : Checking image 2 crop y2 3417
1607293036446349360 : Checking image 1 dpi 300
1607293036446472461 : Checking image 1 border top 239
1607293036446508861 : Checking image 1 border bottom 48
1607293036446539461 : Checking image 1 border left 223
1607293036446569262 : Checking image 1 border right 223
1607293036449089879 : Checking image 2 dpi 300
1607293036449178579 : Checking image 2 border top 207
1607293036449211079 : Checking image 2 border bottom 91
1607293036449240880 : Checking image 2 border left 223
1607293036449270480 : Checking image 2 border right 223

</system-out><system-err>--------------------------------- Captured Err ---------------------------------

</system-err></testcase><testcase classname="tests.test_images" name="test_failed_split_line_line_algo_2_png" time="69.286"><system-out>--------------------------------- Captured Log ---------------------------------

--------------------------------- Captured Out ---------------------------------
/home/runner/work/ocr-book/ocr-book/tests/failed_split_line_line_algo_2.png
1607293052707786261 : Checking separation double page angle 89.9913422057325
1607293052707882061 : Checking separation double page y=0 2498
1607293064617668359 : Checking page rotation 1 0.0
1607293071815696344 : Checking page rotation 2 0.6000000000000001
1607293074489079444 : Checking image 1 crop x1 272
1607293074489201645 : Checking image 1 crop y1 149
1607293074489237545 : Checking image 1 crop x2 2383
1607293074489269446 : Checking image 1 crop y2 3353
1607293077155021071 : Checking image 2 crop x1 107
1607293077155139371 : Checking image 2 crop y1 155
1607293077155174172 : Checking image 2 crop x2 2230
1607293077155207172 : Checking image 2 crop y2 3350
1607293077193822027 : Checking image 1 dpi 300
1607293077193917528 : Checking image 1 border top 139
1607293077193952928 : Checking image 1 border bottom 144
1607293077193984528 : Checking image 1 border left 174
1607293077194014728 : Checking image 1 border right 174
1607293077196083542 : Checking image 2 dpi 300
1607293077196154542 : Checking image 2 border top 136
1607293077196186743 : Checking image 2 border bottom 156
1607293077196216743 : Checking image 2 border left 168
1607293077196246943 : Checking image 2 border right 168

</system-out><system-err>--------------------------------- Captured Err ---------------------------------

</system-err></testcase><testcase classname="tests.test_images" name="test_wrong_wave_split_line_2_png" time="70.309"><system-out>--------------------------------- Captured Log ---------------------------------

--------------------------------- Captured Out ---------------------------------
/home/runner/work/ocr-book/ocr-book/tests/wrong_wave_split_line_2.png
1607293079903944220 : Checking separation double page angle 90.7708958311329
1607293079904027921 : Checking separation double page y=0 2490
1607293089444795721 : Checking page rotation 1 0.4
1607293101102857179 : Checking page rotation 2 1.8
1607293103886022449 : Checking image 1 crop x1 224
1607293103886142050 : Checking image 1 crop y1 147
1607293103886177850 : Checking image 1 crop x2 2337
1607293103886212251 : Checking image 1 crop y2 3355
1607293106715856803 : Checking image 2 crop x1 107
1607293106715967604 : Checking image 2 crop y1 197
1607293106716003004 : Checking image 2 crop x2 2229
1607293106716036004 : Checking image 2 crop y2 3396
1607293106759676489 : Checking image 1 dpi 300
1607293106759765489 : Checking image 1 border top 133
1607293106759801489 : Checking image 1 border bottom 146
1607293106759832490 : Checking image 1 border left 173
1607293106759862690 : Checking image 1 border right 173
1607293106762339306 : Checking image 2 dpi 300
1607293106762411607 : Checking image 2 border top 167
1607293106762443207 : Checking image 2 border bottom 121
1607293106762473607 : Checking image 2 border left 169
1607293106762503807 : Checking image 2 border right 169

</system-out><system-err>--------------------------------- Captured Err ---------------------------------

</system-err></testcase><testcase classname="tests.test_images" name="test_wrong_wave_split_line_3_png" time="62.809"><system-out>--------------------------------- Captured Log ---------------------------------

--------------------------------- Captured Out ---------------------------------
/home/runner/work/ocr-book/ocr-book/tests/wrong_wave_split_line_3.png
1607293118815288367 : Checking separation double page angle 90.0586735161512
1607293118815387068 : Checking separation double page y=0 2510
1607293128276712428 : Checking page rotation 1 0.1
1607293134757489171 : Checking page rotation 2 0.35000000000000003
1607293137361780460 : Checking image 1 crop x1 272
1607293137361910361 : Checking image 1 crop y1 219
1607293137361946261 : Checking image 1 crop x2 2383
1607293137361978761 : Checking image 1 crop y2 3423
1607293139972359875 : Checking image 2 crop x1 119
1607293139972487676 : Checking image 2 crop y1 226
1607293139972549576 : Checking image 2 crop x2 2240
1607293139972583777 : Checking image 2 crop y2 3413
1607293140008172506 : Checking image 1 dpi 300
1607293140008284507 : Checking image 1 border top 202
1607293140008319607 : Checking image 1 border bottom 81
1607293140008350607 : Checking image 1 border left 174
1607293140008381307 : Checking image 1 border right 174
1607293140010688822 : Checking image 2 dpi 300
1607293140010787623 : Checking image 2 border top 203
1607293140010820823 : Checking image 2 border bottom 97
1607293140010851223 : Checking image 2 border left 169
1607293140010882823 : Checking image 2 border right 169

</system-out><system-err>--------------------------------- Captured Err ---------------------------------

</system-err></testcase><testcase classname="tests.test_images" name="test_no_split_line_wave_algo_png" time="59.772"><system-out>--------------------------------- Captured Log ---------------------------------

--------------------------------- Captured Out ---------------------------------
/home/runner/work/ocr-book/ocr-book/tests/no_split_line_wave_algo.png
1607293136124460386 : Checking separation double page angle 89.93575909193099
1607293136124587486 : Checking separation double page y=0 2482
1607293141373224992 : Checking page rotation 1 0.0
1607293150875902933 : Checking page rotation 2 -0.5499999999999972
1607293160255959882 : Checking image 1 crop x1 97
1607293160256045883 : Checking image 1 crop y1 77
1607293160256078984 : Checking image 1 crop x2 2483
1607293160256110984 : Checking image 1 crop y2 3505
1607293166461160693 : Checking image 2 crop x1 164
1607293166461280495 : Checking image 2 crop y1 266
1607293166461318695 : Checking image 2 crop x2 2241
1607293166461350496 : Checking image 2 crop y2 3382
1607293166498996745 : Checking image 1 dpi 300
1607293166499110447 : Checking image 1 border top 40
1607293166499145848 : Checking image 1 border bottom 40
1607293166499176948 : Checking image 1 border left 47
1607293166499207249 : Checking image 1 border right 47
1607293166501748793 : Checking image 2 dpi 300
1607293166501830694 : Checking image 2 border top 254
1607293166501862395 : Checking image 2 border bottom 117
1607293166501892395 : Checking image 2 border left 191
1607293166501922096 : Checking image 2 border right 191

</system-out><system-err>--------------------------------- Captured Err ---------------------------------

</system-err></testcase><testcase classname="tests.test_images" name="test_no_split_line_wave_algo_2_png" time="53.985"><system-out>--------------------------------- Captured Log ---------------------------------

--------------------------------- Captured Out ---------------------------------
/home/runner/work/ocr-book/ocr-book/tests/no_split_line_wave_algo_2.png
1607293173105396404 : Checking separation double page angle 91.21822795596304
1607293173105494206 : Checking separation double page y=0 2488
1607293181605400704 : Checking page rotation 1 1.1
1607293189090300949 : Checking page rotation 2 0.2
1607293191728972470 : Checking image 1 crop x1 266
1607293191729096572 : Checking image 1 crop y1 210
1607293191729131273 : Checking image 1 crop x2 2342
1607293191729163373 : Checking image 1 crop y2 3413
1607293193963437686 : Checking image 2 crop x1 199
1607293193963557488 : Checking image 2 crop y1 241
1607293193963592789 : Checking image 2 crop x2 2282
1607293193963626489 : Checking image 2 crop y2 3433
1607293193999718177 : Checking image 1 dpi 300
1607293193999810078 : Checking image 1 border top 194
1607293193999843579 : Checking image 1 border bottom 90
1607293193999874279 : Checking image 1 border left 192
1607293193999904580 : Checking image 1 border right 192
1607293194002307619 : Checking image 2 dpi 300
1607293194002382820 : Checking image 2 border top 226
1607293194002414821 : Checking image 2 border bottom 69
1607293194002445121 : Checking image 2 border left 188
1607293194002475222 : Checking image 2 border right 188

</system-out><system-err>--------------------------------- Captured Err ---------------------------------

</system-err></testcase><testcase classname="tests.test_images" name="test_crop_too_few_2_png" time="49.069"><system-out>--------------------------------- Captured Log ---------------------------------

--------------------------------- Captured Out ---------------------------------
/home/runner/work/ocr-book/ocr-book/tests/crop_too_few_2.png
1607293196713850069 : Checking separation double page angle 90.25476192320097
1607293196713930771 : Checking separation double page y=0 2531
1607293204083221475 : Checking page rotation 1 1.2000000000000002
1607293210319576900 : Checking page rotation 2 -0.09999999999999432
1607293213133936998 : Checking image 1 crop x1 287
1607293213134057100 : Checking image 1 crop y1 165
1607293213134093900 : Checking image 1 crop x2 2398
1607293213134125601 : Checking image 1 crop y2 3368
1607293215590368078 : Checking image 2 crop x1 145
1607293215590492480 : Checking image 2 crop y1 175
1607293215590529981 : Checking image 2 crop x2 2271
1607293215590563781 : Checking image 2 crop y2 3373
1607293215624296606 : Checking image 1 dpi 300
1607293215624417007 : Checking image 1 border top 139
1607293215624453408 : Checking image 1 border bottom 145
1607293215624484308 : Checking image 1 border left 174
1607293215624567910 : Checking image 1 border right 174
1607293215627082849 : Checking image 2 dpi 300
1607293215627168450 : Checking image 2 border top 180
1607293215627202351 : Checking image 2 border bottom 109
1607293215627232451 : Checking image 2 border left 167
1607293215627262152 : Checking image 2 border right 167

</system-out><system-err>--------------------------------- Captured Err ---------------------------------

</system-err></testcase><testcase classname="tests.test_images" name="test_failed_detect_rectangle_png" time="62.066"><system-out>--------------------------------- Captured Log ---------------------------------

--------------------------------- Captured Out ---------------------------------
/home/runner/work/ocr-book/ocr-book/tests/failed_detect_rectangle.png
1607293234309795387 : Checking separation double page angle 90.19837516213147
1607293234309893589 : Checking separation double page y=0 2471
1607293241568698631 : Checking page rotation 1 0.2
1607293250687178505 : Checking page rotation 2 0.2
1607293253201202100 : Checking image 1 crop x1 257
1607293253201323902 : Checking image 1 crop y1 201
1607293253201358802 : Checking image 1 crop x2 2333
1607293253201391403 : Checking image 1 crop y2 3402
1607293256016086347 : Checking image 2 crop x1 139
1607293256016207649 : Checking image 2 crop y1 215
1607293256016242950 : Checking image 2 crop x2 2222
1607293256016276850 : Checking image 2 crop y2 3406
1607293256059023564 : Checking image 1 dpi 300
1607293256059122865 : Checking image 1 border top 188
1607293256059156865 : Checking image 1 border bottom 98
1607293256059188066 : Checking image 1 border left 192
1607293256059218866 : Checking image 1 border right 192
1607293256061573800 : Checking image 2 dpi 300
1607293256061652701 : Checking image 2 border top 200
1607293256061684302 : Checking image 2 border bottom 95
1607293256061715302 : Checking image 2 border left 188
1607293256061745503 : Checking image 2 border right 188

</system-out><system-err>--------------------------------- Captured Err ---------------------------------

</system-err></testcase></testsuite></testsuites>