<?xml version="1.0" encoding="utf-8"?><testsuites><testsuite errors="0" failures="0" hostname="fv-az213-829" name="pytest" skipped="0" tests="36" time="361.868" timestamp="2021-05-12T13:49:36.376505"><testcase classname="tests.test_features" name="test_mock_stop_at_0" time="0.042"><system-out>--------------------------------- Captured Log ---------------------------------

--------------------------------- Captured Out ---------------------------------
/home/runner/work/diptych/diptych/tests/0001_0.png

</system-out><system-err>--------------------------------- Captured Err ---------------------------------

</system-err></testcase><testcase classname="tests.test_features" name="test_disabled_enable_debug" time="20.727"><system-out>--------------------------------- Captured Log ---------------------------------

--------------------------------- Captured Out ---------------------------------
/home/runner/work/diptych/diptych/tests/0001_debug.png
separation double page angle 90.55756528497216
separation double page y=0 2484
page rotation 1 0.65
page rotation 2 0.2
image 1 crop x1 329
image 1 crop y1 335
image 1 crop x2 2344
image 1 crop y2 3222
image 2 crop x1 171
image 2 crop y1 648
image 2 crop x2 2188
image 2 crop y2 3361
image 1 dpi 300
image 1 border top 327
image 1 border bottom 273
image 1 border left 222
image 1 border right 222
image 2 dpi 300
image 2 border top 643
image 2 border bottom 131
image 2 border left 221
image 2 border right 221

</system-out><system-err>--------------------------------- Captured Err ---------------------------------

</system-err></testcase><testcase classname="tests.test_features" name="test_mock_stop_at_2" time="14.951"><system-out>--------------------------------- Captured Log ---------------------------------

--------------------------------- Captured Out ---------------------------------
/home/runner/work/diptych/diptych/tests/0001_2.png
separation double page angle 90.55756528497216
separation double page y=0 2484
page rotation 1 0.65
page rotation 2 0.2

</system-out><system-err>--------------------------------- Captured Err ---------------------------------

</system-err></testcase><testcase classname="tests.test_features" name="test_mock_stop_at_4" time="20.831"><system-out>--------------------------------- Captured Log ---------------------------------

--------------------------------- Captured Out ---------------------------------
/home/runner/work/diptych/diptych/tests/0001_4.png
separation double page angle 90.55756528497216
separation double page y=0 2484
page rotation 1 0.65
page rotation 2 0.2
image 1 crop x1 329
image 1 crop y1 335
image 1 crop x2 2344
image 1 crop y2 3222
image 2 crop x1 171
image 2 crop y1 648
image 2 crop x2 2188
image 2 crop y2 3361
image 1 dpi 300
image 1 border top 326
image 1 border bottom 274
image 1 border left 222
image 1 border right 222
image 2 dpi 300
image 2 border top 643
image 2 border bottom 131
image 2 border left 221
image 2 border right 221

</system-out><system-err>--------------------------------- Captured Err ---------------------------------

</system-err></testcase><testcase classname="tests.test_features" name="test_mock_stop_at_1" time="11.919"><system-out>--------------------------------- Captured Log ---------------------------------

--------------------------------- Captured Out ---------------------------------
/home/runner/work/diptych/diptych/tests/0001_1.png
separation double page angle 90.55756528497216
separation double page y=0 2484

</system-out><system-err>--------------------------------- Captured Err ---------------------------------

</system-err></testcase><testcase classname="tests.test_features" name="test_mock_stop_at_3" time="20.186"><system-out>--------------------------------- Captured Log ---------------------------------

--------------------------------- Captured Out ---------------------------------
/home/runner/work/diptych/diptych/tests/0001_3.png
separation double page angle 90.55756528497216
separation double page y=0 2484
page rotation 1 0.65
page rotation 2 0.2
image 1 crop x1 329
image 1 crop y1 335
image 1 crop x2 2344
image 1 crop y2 3222
image 2 crop x1 171
image 2 crop y1 648
image 2 crop x2 2188
image 2 crop y2 3361

</system-out><system-err>--------------------------------- Captured Err ---------------------------------

</system-err></testcase><testcase classname="tests.test_images" name="test_0001_png" time="19.400"><system-out>--------------------------------- Captured Log ---------------------------------

--------------------------------- Captured Out ---------------------------------
/home/runner/work/diptych/diptych/tests/0001.png
1620827424915231918 : Checking separation double page angle 90.55756528497216
1620827424915437718 : Checking separation double page y=0 2484
1620827425966561523 : Checking page rotation 1 0.65
1620827427366886671 : Checking page rotation 2 0.2
1620827430094904774 : Checking image 1 crop x1 329
1620827430095011774 : Checking image 1 crop y1 335
1620827430095049674 : Checking image 1 crop x2 2344
1620827430095084374 : Checking image 1 crop y2 3222
1620827432621351622 : Checking image 2 crop x1 171
1620827432621470722 : Checking image 2 crop y1 648
1620827432621514722 : Checking image 2 crop x2 2188
1620827432621585022 : Checking image 2 crop y2 3361
1620827432621762222 : Checking image 1 dpi 300
1620827432621833922 : Checking image 1 border top 326
1620827432621886322 : Checking image 1 border bottom 274
1620827432621918322 : Checking image 1 border left 222
1620827432621992722 : Checking image 1 border right 222
1620827432624896521 : Checking image 2 dpi 300
1620827432624955621 : Checking image 2 border top 643
1620827432624988021 : Checking image 2 border bottom 131
1620827432625018221 : Checking image 2 border left 221
1620827432625065321 : Checking image 2 border right 221

</system-out><system-err>--------------------------------- Captured Err ---------------------------------

</system-err></testcase><testcase classname="tests.test_features" name="test_mock_stop_at_5" time="20.023"><system-out>--------------------------------- Captured Log ---------------------------------

--------------------------------- Captured Out ---------------------------------
/home/runner/work/diptych/diptych/tests/0001_5.png
separation double page angle 90.55756528497216
separation double page y=0 2484
page rotation 1 0.65
page rotation 2 0.2
image 1 crop x1 329
image 1 crop y1 335
image 1 crop x2 2344
image 1 crop y2 3222
image 2 crop x1 171
image 2 crop y1 648
image 2 crop x2 2188
image 2 crop y2 3361
image 1 dpi 300
image 1 border top 326
image 1 border bottom 274
image 1 border left 222
image 1 border right 222
image 2 dpi 300
image 2 border top 643
image 2 border bottom 131
image 2 border left 221
image 2 border right 221

</system-out><system-err>--------------------------------- Captured Err ---------------------------------

</system-err></testcase><testcase classname="tests.test_images" name="test_black_border_not_removed_png" time="20.706"><system-out>--------------------------------- Captured Log ---------------------------------

--------------------------------- Captured Out ---------------------------------
/home/runner/work/diptych/diptych/tests/black-border-not-removed.png
1620827443177807781 : Checking separation double page angle 90.01516396500199
1620827443177933281 : Checking separation double page y=0 2455
1620827444267857093 : Checking page rotation 1 0.0
1620827445698433521 : Checking page rotation 2 0.1
1620827448469217938 : Checking image 1 crop x1 297
1620827448469320238 : Checking image 1 crop y1 143
1620827448469357338 : Checking image 1 crop x2 2309
1620827448469408538 : Checking image 1 crop y2 3346
1620827453338317966 : Checking image 2 crop x1 154
1620827453338420966 : Checking image 2 crop y1 144
1620827453338459166 : Checking image 2 crop x2 2168
1620827453338496066 : Checking image 2 crop y2 3351
1620827453338684566 : Checking image 1 dpi 300
1620827453338773666 : Checking image 1 border top 131
1620827453338808066 : Checking image 1 border bottom 153
1620827453338838066 : Checking image 1 border left 224
1620827453338868166 : Checking image 1 border right 224
1620827453341731265 : Checking image 2 dpi 300
1620827453341801065 : Checking image 2 border top 133
1620827453341832165 : Checking image 2 border bottom 147
1620827453341861965 : Checking image 2 border left 223
1620827453341891765 : Checking image 2 border right 223

</system-out><system-err>--------------------------------- Captured Err ---------------------------------

</system-err></testcase><testcase classname="tests.test_images" name="test_2_pages_2_contours_png" time="14.723"><system-out>--------------------------------- Captured Log ---------------------------------

--------------------------------- Captured Out ---------------------------------
/home/runner/work/diptych/diptych/tests/2-pages-2-contours.png
1620827459987865206 : Checking separation double page angle 90.14230271514262
1620827459987991006 : Checking separation double page y=0 2488
1620827460560630134 : Checking page rotation 1 0.0
1620827461584178628 : Checking page rotation 2 0.2
1620827462475613961 : Checking image 1 crop x1 1189
1620827462475720761 : Checking image 1 crop y1 1751
1620827462475779161 : Checking image 1 crop x2 1190
1620827462475816961 : Checking image 1 crop y2 1752
1620827464998697005 : Checking image 2 crop x1 100
1620827464998799805 : Checking image 2 crop y1 240
1620827464998839805 : Checking image 2 crop x2 2148
1620827464998876705 : Checking image 2 crop y2 3240
1620827464999019205 : Checking image 1 dpi 300
1620827464999079705 : Checking image 1 border top 1752
1620827464999113605 : Checking image 1 border bottom 1753
1620827464999164505 : Checking image 1 border left 1239
1620827464999199805 : Checking image 1 border right 1239
1620827465000928705 : Checking image 2 dpi 300
1620827465000982104 : Checking image 2 border top 230
1620827465001015304 : Checking image 2 border bottom 256
1620827465001046404 : Checking image 2 border left 206
1620827465001077504 : Checking image 2 border right 206

</system-out><system-err>--------------------------------- Captured Err ---------------------------------

</system-err></testcase><testcase classname="tests.test_images" name="test_image_failed_to_rotate_png" time="26.012"><system-out>--------------------------------- Captured Log ---------------------------------

--------------------------------- Captured Out ---------------------------------
/home/runner/work/diptych/diptych/tests/image_failed_to_rotate.png
1620827467457498375 : Checking separation double page angle 90.35651650869968
1620827467457596275 : Checking separation double page y=0 2483
1620827469138864622 : Checking page rotation 1 0.45
1620827470279946915 : Checking page rotation 2 0.2
1620827475327325356 : Checking image 1 crop x1 31
1620827475327474556 : Checking image 1 crop y1 1
1620827475327562556 : Checking image 1 crop x2 2481
1620827475327613156 : Checking image 1 crop y2 3504
1620827479255825091 : Checking image 2 crop x1 171
1620827479255941691 : Checking image 2 crop y1 231
1620827479255982891 : Checking image 2 crop x2 2259
1620827479256022691 : Checking image 2 crop y2 3358
1620827479256191791 : Checking image 1 dpi 300
1620827479256269391 : Checking image 1 border top 2
1620827479256308091 : Checking image 1 border bottom 2
1620827479256340091 : Checking image 1 border left 15
1620827479256374891 : Checking image 1 border right 15
1620827479259065390 : Checking image 2 dpi 300
1620827479259147590 : Checking image 2 border top 217
1620827479259342390 : Checking image 2 border bottom 143
1620827479259395690 : Checking image 2 border left 186
1620827479259431390 : Checking image 2 border right 186

</system-out><system-err>--------------------------------- Captured Err ---------------------------------

</system-err></testcase><testcase classname="tests.test_images" name="test_wrong_split_line_png" time="16.600"><system-out>--------------------------------- Captured Log ---------------------------------

--------------------------------- Captured Out ---------------------------------
/home/runner/work/diptych/diptych/tests/wrong_split_line.png
1620827475955099286 : Checking separation double page angle 89.95895720607972
1620827475955238386 : Checking separation double page y=0 2466
1620827477099733275 : Checking page rotation 1 -0.04999999999999689
1620827478102152003 : Checking page rotation 2 0.45
1620827479543284513 : Checking image 1 crop x1 211
1620827479543396313 : Checking image 1 crop y1 156
1620827479543437113 : Checking image 1 crop x2 2323
1620827479543475513 : Checking image 1 crop y2 3363
1620827481589649658 : Checking image 2 crop x1 123
1620827481589755558 : Checking image 2 crop y1 164
1620827481589793958 : Checking image 2 crop x2 2237
1620827481589829758 : Checking image 2 crop y2 3375
1620827481589977458 : Checking image 1 dpi 300
1620827481590044858 : Checking image 1 border top 135
1620827481590079658 : Checking image 1 border bottom 145
1620827481590112758 : Checking image 1 border left 174
1620827481590147758 : Checking image 1 border right 174
1620827481592874157 : Checking image 2 dpi 300
1620827481592934957 : Checking image 2 border top 141
1620827481592970557 : Checking image 2 border bottom 135
1620827481593034857 : Checking image 2 border left 173
1620827481593064857 : Checking image 2 border right 173

</system-out><system-err>--------------------------------- Captured Err ---------------------------------

</system-err></testcase><testcase classname="tests.test_images" name="test_image_failed_to_crop_data_png" time="36.828"><system-out>--------------------------------- Captured Log ---------------------------------

--------------------------------- Captured Out ---------------------------------
/home/runner/work/diptych/diptych/tests/image_failed_to_crop_data.png
1620827497503391137 : Checking separation double page angle 90.09350257645173
1620827497503532437 : Checking separation double page y=0 2479
1620827502034267732 : Checking page rotation 1 0.15000000000000002
1620827503300489690 : Checking page rotation 2 0.05
1620827512590449029 : Checking image 1 crop x1 46
1620827512590578429 : Checking image 1 crop y1 1
1620827512590650929 : Checking image 1 crop x2 2477
1620827512590697029 : Checking image 1 crop y2 3505
1620827516119001231 : Checking image 2 crop x1 164
1620827516119226634 : Checking image 2 crop y1 217
1620827516119275035 : Checking image 2 crop x2 2245
1620827516119319635 : Checking image 2 crop y2 3350
1620827516119522939 : Checking image 1 dpi 300
1620827516119598840 : Checking image 1 border top 2
1620827516119654141 : Checking image 1 border bottom 2
1620827516119685841 : Checking image 1 border left 25
1620827516119718642 : Checking image 1 border right 25
1620827516122808989 : Checking image 2 dpi 300
1620827516122873590 : Checking image 2 border top 206
1620827516122910490 : Checking image 2 border bottom 148
1620827516122944291 : Checking image 2 border left 189
1620827516122978391 : Checking image 2 border right 189

</system-out><system-err>--------------------------------- Captured Err ---------------------------------

</system-err></testcase><testcase classname="tests.test_images" name="test_crop_too_much_png" time="23.586"><system-out>--------------------------------- Captured Log ---------------------------------

--------------------------------- Captured Out ---------------------------------
/home/runner/work/diptych/diptych/tests/crop_too_much.png
1620827494455897519 : Checking separation double page angle 90.16929865985193
1620827494456004319 : Checking separation double page y=0 2456
1620827495892246445 : Checking page rotation 1 -0.04999999999999689
1620827497235640288 : Checking page rotation 2 0.2
1620827500659311808 : Checking image 1 crop x1 302
1620827500659494308 : Checking image 1 crop y1 148
1620827500659543708 : Checking image 1 crop x2 2314
1620827500659587809 : Checking image 1 crop y2 3351
1620827505156693301 : Checking image 2 crop x1 163
1620827505156817401 : Checking image 2 crop y1 151
1620827505156881301 : Checking image 2 crop x2 2187
1620827505156939301 : Checking image 2 crop y2 3363
1620827505157200401 : Checking image 1 dpi 300
1620827505157295201 : Checking image 1 border top 133
1620827505157334301 : Checking image 1 border bottom 151
1620827505157372201 : Checking image 1 border left 224
1620827505157409701 : Checking image 1 border right 224
1620827505160535303 : Checking image 2 dpi 300
1620827505160617903 : Checking image 2 border top 132
1620827505160660203 : Checking image 2 border bottom 143
1620827505160697903 : Checking image 2 border left 218
1620827505160768103 : Checking image 2 border right 218

</system-out><system-err>--------------------------------- Captured Err ---------------------------------

</system-err></testcase><testcase classname="tests.test_images" name="test_crop_too_few_png" time="17.493"><system-out>--------------------------------- Captured Log ---------------------------------

--------------------------------- Captured Out ---------------------------------
/home/runner/work/diptych/diptych/tests/crop_too_few.png
1620827516889086297 : Checking separation double page angle 89.49492328400886
1620827516889196498 : Checking separation double page y=0 2510
1620827517853745336 : Checking page rotation 1 -0.6499999999999977
1620827519029262388 : Checking page rotation 2 0.0
1620827521131515411 : Checking image 1 crop x1 263
1620827521131618311 : Checking image 1 crop y1 150
1620827521131676211 : Checking image 1 crop x2 2377
1620827521131730611 : Checking image 1 crop y2 3357
1620827522682778620 : Checking image 2 crop x1 139
1620827522682882920 : Checking image 2 crop y1 141
1620827522682922520 : Checking image 2 crop x2 2261
1620827522682959820 : Checking image 2 crop y2 3345
1620827522683134820 : Checking image 1 dpi 300
1620827522683201820 : Checking image 1 border top 129
1620827522683237220 : Checking image 1 border bottom 150
1620827522683271920 : Checking image 1 border left 173
1620827522683323621 : Checking image 1 border right 173
1620827522686596725 : Checking image 2 dpi 300
1620827522686688125 : Checking image 2 border top 130
1620827522686727425 : Checking image 2 border bottom 153
1620827522686763825 : Checking image 2 border left 169
1620827522686800225 : Checking image 2 border right 169

</system-out><system-err>--------------------------------- Captured Err ---------------------------------

</system-err></testcase><testcase classname="tests.test_images" name="test_wrong_angle_split_line_png" time="23.804"><system-out>--------------------------------- Captured Log ---------------------------------

--------------------------------- Captured Out ---------------------------------
/home/runner/work/diptych/diptych/tests/wrong_angle_split_line.png
1620827526407799876 : Checking separation double page angle 90.08791528895468
1620827526407915578 : Checking separation double page y=0 2478
1620827527614877920 : Checking page rotation 1 0.1
1620827528698162523 : Checking page rotation 2 0.1
1620827534093564065 : Checking image 1 crop x1 58
1620827534093742467 : Checking image 1 crop y1 6
1620827534093796367 : Checking image 1 crop x2 2476
1620827534093831268 : Checking image 1 crop y2 3501
1620827539270681920 : Checking image 2 crop x1 166
1620827539270832120 : Checking image 2 crop y1 218
1620827539270868921 : Checking image 2 crop x2 2244
1620827539270903721 : Checking image 2 crop y2 3349
1620827539271057122 : Checking image 1 dpi 300
1620827539271148322 : Checking image 1 border top 6
1620827539271216022 : Checking image 1 border bottom 6
1620827539271250023 : Checking image 1 border left 31
1620827539271284823 : Checking image 1 border right 31
1620827539279593464 : Checking image 2 dpi 300
1620827539279762065 : Checking image 2 border top 209
1620827539279798665 : Checking image 2 border bottom 147
1620827539279832565 : Checking image 2 border left 191
1620827539279881366 : Checking image 2 border right 191

</system-out><system-err>--------------------------------- Captured Err ---------------------------------

</system-err></testcase><testcase classname="tests.test_images" name="test_crop_too_much_2_png" time="23.778"><system-out>--------------------------------- Captured Log ---------------------------------

--------------------------------- Captured Out ---------------------------------
/home/runner/work/diptych/diptych/tests/crop_too_much_2.png
1620827535739982878 : Checking separation double page angle 90.15285326123045
1620827535740100678 : Checking separation double page y=0 2477
1620827537431231729 : Checking page rotation 1 0.15000000000000002
1620827539268025906 : Checking page rotation 2 0.2
1620827542363745806 : Checking image 1 crop x1 330
1620827542363876207 : Checking image 1 crop y1 132
1620827542363923707 : Checking image 1 crop x2 2342
1620827542363966107 : Checking image 1 crop y2 3335
1620827546434279167 : Checking image 2 crop x1 165
1620827546434380967 : Checking image 2 crop y1 139
1620827546434432468 : Checking image 2 crop x2 2178
1620827546434471468 : Checking image 2 crop y2 3345
1620827546434656769 : Checking image 1 dpi 300
1620827546434731169 : Checking image 1 border top 121
1620827546434768169 : Checking image 1 border bottom 163
1620827546434804470 : Checking image 1 border left 224
1620827546434841670 : Checking image 1 border right 224
1620827546437500884 : Checking image 2 dpi 300
1620827546437560584 : Checking image 2 border top 129
1620827546437593184 : Checking image 2 border bottom 152
1620827546437622784 : Checking image 2 border left 223
1620827546437652185 : Checking image 2 border right 223

</system-out><system-err>--------------------------------- Captured Err ---------------------------------

</system-err></testcase><testcase classname="tests.test_images" name="test_angle_page_lower_split_line_png" time="25.352"><system-out>--------------------------------- Captured Log ---------------------------------

--------------------------------- Captured Out ---------------------------------
/home/runner/work/diptych/diptych/tests/angle_page_lower_split_line.png
1620827557012689783 : Checking separation double page angle 89.74412725181848
1620827557012813484 : Checking separation double page y=0 2472
1620827558478903065 : Checking page rotation 1 -0.14999999999999067
1620827559829372733 : Checking page rotation 2 0.1
1620827561548049855 : Checking image 1 crop x1 241
1620827561548208956 : Checking image 1 crop y1 156
1620827561548265356 : Checking image 1 crop x2 2357
1620827561548302956 : Checking image 1 crop y2 3368
1620827565349163543 : Checking image 2 crop x1 151
1620827565349271144 : Checking image 2 crop y1 146
1620827565349309144 : Checking image 2 crop x2 2261
1620827565349345244 : Checking image 2 crop y2 3351
1620827565349511945 : Checking image 1 dpi 300
1620827565349584345 : Checking image 1 border top 140
1620827565349618945 : Checking image 1 border bottom 135
1620827565349649245 : Checking image 1 border left 172
1620827565349680445 : Checking image 1 border right 172
1620827565352124457 : Checking image 2 dpi 300
1620827565352178157 : Checking image 2 border top 131
1620827565352209957 : Checking image 2 border bottom 151
1620827565352239557 : Checking image 2 border left 175
1620827565352269257 : Checking image 2 border right 175

</system-out><system-err>--------------------------------- Captured Err ---------------------------------

</system-err></testcase><testcase classname="tests.test_images" name="test_wrong_split_line_2_png" time="30.717"><system-out>--------------------------------- Captured Log ---------------------------------

--------------------------------- Captured Out ---------------------------------
/home/runner/work/diptych/diptych/tests/wrong_split_line_2.png
1620827561383859984 : Checking separation double page angle 90.23635161124103
1620827561383977684 : Checking separation double page y=0 2437
1620827563121267605 : Checking page rotation 1 0.2
1620827564651481895 : Checking page rotation 2 0.2
1620827570029498533 : Checking image 1 crop x1 294
1620827570029643534 : Checking image 1 crop y1 136
1620827570029702634 : Checking image 1 crop x2 2325
1620827570029741134 : Checking image 1 crop y2 3376
1620827577160796221 : Checking image 2 crop x1 138
1620827577160979522 : Checking image 2 crop y1 190
1620827577161018123 : Checking image 2 crop x2 2174
1620827577161054623 : Checking image 2 crop y2 3389
1620827577161193524 : Checking image 1 dpi 300
1620827577161299424 : Checking image 1 border top 131
1620827577161335524 : Checking image 1 border bottom 116
1620827577161370124 : Checking image 1 border left 214
1620827577161407925 : Checking image 1 border right 214
1620827577164431341 : Checking image 2 dpi 300
1620827577164489541 : Checking image 2 border top 181
1620827577164523141 : Checking image 2 border bottom 107
1620827577164553941 : Checking image 2 border left 212
1620827577164585141 : Checking image 2 border right 212

</system-out><system-err>--------------------------------- Captured Err ---------------------------------

</system-err></testcase><testcase classname="tests.test_images" name="test_wrong_wave_split_line_png" time="30.516"><system-out>--------------------------------- Captured Log ---------------------------------

--------------------------------- Captured Out ---------------------------------
/home/runner/work/diptych/diptych/tests/wrong_wave_split_line.png
1620827581785380037 : Checking separation double page angle 90.42461655762611
1620827581785472238 : Checking separation double page y=0 2502
1620827582969078630 : Checking page rotation 1 -0.09999999999999377
1620827584231939231 : Checking page rotation 2 0.85
1620827589676067019 : Checking image 1 crop x1 384
1620827589676165920 : Checking image 1 crop y1 178
1620827589676202520 : Checking image 1 crop x2 2412
1620827589676234620 : Checking image 1 crop y2 3374
1620827595856555783 : Checking image 2 crop x1 7
1620827595856681984 : Checking image 2 crop y1 0
1620827595856718884 : Checking image 2 crop x2 2411
1620827595856755184 : Checking image 2 crop y2 3505
1620827595856894385 : Checking image 1 dpi 300
1620827595856968786 : Checking image 1 border top 173
1620827595857004786 : Checking image 1 border bottom 118
1620827595857036386 : Checking image 1 border left 216
1620827595857069086 : Checking image 1 border right 216
1620827595859656600 : Checking image 2 dpi 300
1620827595859713800 : Checking image 2 border top 1
1620827595859745800 : Checking image 2 border bottom 1
1620827595859775900 : Checking image 2 border left 38
1620827595859805700 : Checking image 2 border right 38

</system-out><system-err>--------------------------------- Captured Err ---------------------------------

</system-err></testcase><testcase classname="tests.test_images" name="test_small_wave_png" time="20.187"><system-out>--------------------------------- Captured Log ---------------------------------

--------------------------------- Captured Out ---------------------------------
/home/runner/work/diptych/diptych/tests/small_wave.png
1620827590140059023 : Checking separation double page angle 90.56494929955075
1620827590140168323 : Checking separation double page y=0 2495
1620827591732080613 : Checking page rotation 1 0.7
1620827593257641145 : Checking page rotation 2 0.65
1620827594865300220 : Checking image 1 crop x1 322
1620827594865414021 : Checking image 1 crop y1 199
1620827594865455021 : Checking image 1 crop x2 2351
1620827594865491421 : Checking image 1 crop y2 3394
1620827597356726289 : Checking image 2 crop x1 130
1620827597356852390 : Checking image 2 crop y1 222
1620827597356908790 : Checking image 2 crop x2 2163
1620827597356946290 : Checking image 2 crop y2 3420
1620827597357133191 : Checking image 1 dpi 300
1620827597357198192 : Checking image 1 border top 181
1620827597357233392 : Checking image 1 border bottom 111
1620827597357266892 : Checking image 1 border left 215
1620827597357302692 : Checking image 1 border right 215
1620827597360100107 : Checking image 2 dpi 300
1620827597360179307 : Checking image 2 border top 197
1620827597360231708 : Checking image 2 border bottom 92
1620827597360265308 : Checking image 2 border left 213
1620827597360298908 : Checking image 2 border right 213

</system-out><system-err>--------------------------------- Captured Err ---------------------------------

</system-err></testcase><testcase classname="tests.test_images" name="test_no_split_line_line_algo_png" time="20.332"><system-out>--------------------------------- Captured Log ---------------------------------

--------------------------------- Captured Out ---------------------------------
/home/runner/work/diptych/diptych/tests/no_split_line_line_algo.png
1620827607507308682 : Checking separation double page angle 89.47691469185418
1620827607507414083 : Checking separation double page y=0 2476
1620827608416034417 : Checking page rotation 1 -0.14999999999999067
1620827609812641439 : Checking page rotation 2 -0.14999999999999067
1620827611775995480 : Checking image 1 crop x1 205
1620827611776100780 : Checking image 1 crop y1 158
1620827611776138081 : Checking image 1 crop x2 2320
1620827611776172981 : Checking image 1 crop y2 3366
1620827616200136811 : Checking image 2 crop x1 185
1620827616200262711 : Checking image 2 crop y1 225
1620827616200315911 : Checking image 2 crop x2 2204
1620827616200350912 : Checking image 2 crop y2 3362
1620827616200510912 : Checking image 1 dpi 300
1620827616200582413 : Checking image 1 border top 144
1620827616200616313 : Checking image 1 border bottom 134
1620827616200646213 : Checking image 1 border left 172
1620827616200677313 : Checking image 1 border right 172
1620827616203371827 : Checking image 2 dpi 300
1620827616203429828 : Checking image 2 border top 223
1620827616203459528 : Checking image 2 border bottom 127
1620827616203487928 : Checking image 2 border left 220
1620827616203516228 : Checking image 2 border right 220

</system-out><system-err>--------------------------------- Captured Err ---------------------------------

</system-err></testcase><testcase classname="tests.test_images" name="test_wrong_split_line_3_png" time="22.842"><system-out>--------------------------------- Captured Log ---------------------------------

--------------------------------- Captured Out ---------------------------------
/home/runner/work/diptych/diptych/tests/wrong_split_line_3.png
1620827609655123035 : Checking separation double page angle 90.40515247895009
1620827609655259736 : Checking separation double page y=0 2495
1620827611023692615 : Checking page rotation 1 0.2
1620827612119809062 : Checking page rotation 2 0.85
1620827614228300890 : Checking image 1 crop x1 331
1620827614228441091 : Checking image 1 crop y1 166
1620827614228497091 : Checking image 1 crop x2 2377
1620827614228534792 : Checking image 1 crop y2 3375
1620827620215448462 : Checking image 2 crop x1 103
1620827620215550862 : Checking image 2 crop y1 207
1620827620215584862 : Checking image 2 crop x2 2136
1620827620215617163 : Checking image 2 crop y2 3414
1620827620215773863 : Checking image 1 dpi 300
1620827620215839464 : Checking image 1 border top 158
1620827620215872964 : Checking image 1 border bottom 120
1620827620215905164 : Checking image 1 border left 207
1620827620215940364 : Checking image 1 border right 207
1620827620218469775 : Checking image 2 dpi 300
1620827620218539876 : Checking image 2 border top 199
1620827620218591476 : Checking image 2 border bottom 81
1620827620218662776 : Checking image 2 border left 213
1620827620218699576 : Checking image 2 border right 213

</system-out><system-err>--------------------------------- Captured Err ---------------------------------

</system-err></testcase><testcase classname="tests.test_images" name="test_failed_split_line_line_algo_png" time="15.491"><system-out>--------------------------------- Captured Log ---------------------------------

--------------------------------- Captured Out ---------------------------------
/home/runner/work/diptych/diptych/tests/failed_split_line_line_algo.png
1620827626212290377 : Checking separation double page angle 90.0093502548779
1620827626212396477 : Checking separation double page y=0 2574
1620827626966379041 : Checking page rotation 1 0.0
1620827627548085034 : Checking page rotation 2 0.0
1620827630012683179 : Checking image 1 crop x1 411
1620827630012789380 : Checking image 1 crop y1 2927
1620827630012826680 : Checking image 1 crop x2 2422
1620827630012861380 : Checking image 1 crop y2 3172
1620827631711594103 : Checking image 2 crop x1 1191
1620827631711685403 : Checking image 2 crop y1 1745
1620827631711719703 : Checking image 2 crop x2 1192
1620827631711751304 : Checking image 2 crop y2 1746
1620827631711908104 : Checking image 1 dpi 300
1620827631712013905 : Checking image 1 border top 2920
1620827631712073105 : Checking image 1 border bottom 322
1620827631712108105 : Checking image 1 border left 224
1620827631712143706 : Checking image 1 border right 224
1620827631714480818 : Checking image 2 dpi 300
1620827631714552818 : Checking image 2 border top 1752
1620827631714593918 : Checking image 2 border bottom 1753
1620827631714748419 : Checking image 2 border left 1239
1620827631714892920 : Checking image 2 border right 1239

</system-out><system-err>--------------------------------- Captured Err ---------------------------------

</system-err></testcase><testcase classname="tests.test_images" name="test_crop_too_much_3_png" time="20.001"><system-out>--------------------------------- Captured Log ---------------------------------

--------------------------------- Captured Out ---------------------------------
/home/runner/work/diptych/diptych/tests/crop_too_much_3.png
1620827631554261076 : Checking separation double page angle 89.5934556679346
1620827631554362577 : Checking separation double page y=0 2499
1620827632701611003 : Checking page rotation 1 -0.8999999999999949
1620827634424127350 : Checking page rotation 2 -0.04999999999999689
1620827637643436150 : Checking image 1 crop x1 374
1620827637643568850 : Checking image 1 crop y1 258
1620827637643617451 : Checking image 1 crop x2 2385
1620827637643676251 : Checking image 1 crop y2 3459
1620827640209217715 : Checking image 2 crop x1 164
1620827640209344416 : Checking image 2 crop y1 229
1620827640209386016 : Checking image 2 crop x2 2183
1620827640209426016 : Checking image 2 crop y2 3416
1620827640209631817 : Checking image 1 dpi 300
1620827640209700418 : Checking image 1 border top 239
1620827640209736718 : Checking image 1 border bottom 46
1620827640209771218 : Checking image 1 border left 224
1620827640209808318 : Checking image 1 border right 224
1620827640212373732 : Checking image 2 dpi 300
1620827640212442532 : Checking image 2 border top 210
1620827640212480532 : Checking image 2 border bottom 90
1620827640212515033 : Checking image 2 border left 220
1620827640212549533 : Checking image 2 border right 220

</system-out><system-err>--------------------------------- Captured Err ---------------------------------

</system-err></testcase><testcase classname="tests.test_images" name="test_failed_split_line_line_algo_2_png" time="22.068"><system-out>--------------------------------- Captured Log ---------------------------------

--------------------------------- Captured Out ---------------------------------
/home/runner/work/diptych/diptych/tests/failed_split_line_line_algo_2.png
1620827646250095911 : Checking separation double page angle 90.03732329462368
1620827646250198012 : Checking separation double page y=0 2499
1620827647653278621 : Checking page rotation 1 -0.09999999999999377
1620827648897564813 : Checking page rotation 2 0.5499999999999999
1620827651416193453 : Checking image 1 crop x1 273
1620827651416367654 : Checking image 1 crop y1 147
1620827651416403154 : Checking image 1 crop x2 2386
1620827651416435355 : Checking image 1 crop y2 3352
1620827653757141523 : Checking image 2 crop x1 122
1620827653757266824 : Checking image 2 crop y1 155
1620827653757320124 : Checking image 2 crop x2 2246
1620827653757355424 : Checking image 2 crop y2 3350
1620827653757503325 : Checking image 1 dpi 300
1620827653757574225 : Checking image 1 border top 137
1620827653757608626 : Checking image 1 border bottom 145
1620827653757638626 : Checking image 1 border left 173
1620827653757669526 : Checking image 1 border right 173
1620827653761097444 : Checking image 2 dpi 300
1620827653761196644 : Checking image 2 border top 133
1620827653761232144 : Checking image 2 border bottom 159
1620827653761266745 : Checking image 2 border left 168
1620827653761301445 : Checking image 2 border right 168

</system-out><system-err>--------------------------------- Captured Err ---------------------------------

</system-err></testcase><testcase classname="tests.test_images" name="test_wrong_wave_split_line_2_png" time="23.646"><system-out>--------------------------------- Captured Log ---------------------------------

--------------------------------- Captured Out ---------------------------------
/home/runner/work/diptych/diptych/tests/wrong_wave_split_line_2.png
1620827655967036619 : Checking separation double page angle 90.7708958311329
1620827655967136019 : Checking separation double page y=0 2490
1620827657268140028 : Checking page rotation 1 0.2
1620827658452057433 : Checking page rotation 2 1.65
1620827660045919546 : Checking image 1 crop x1 227
1620827660046148747 : Checking image 1 crop y1 147
1620827660046223548 : Checking image 1 crop x2 2342
1620827660046281648 : Checking image 1 crop y2 3353
1620827663862242288 : Checking image 2 crop x1 106
1620827663862365888 : Checking image 2 crop y1 195
1620827663862408088 : Checking image 2 crop x2 2231
1620827663862446989 : Checking image 2 crop y2 3398
1620827663862589089 : Checking image 1 dpi 300
1620827663862692690 : Checking image 1 border top 136
1620827663862728790 : Checking image 1 border bottom 145
1620827663862762390 : Checking image 1 border left 172
1620827663862798790 : Checking image 1 border right 172
1620827663865284203 : Checking image 2 dpi 300
1620827663865350204 : Checking image 2 border top 166
1620827663865387104 : Checking image 2 border bottom 117
1620827663865420804 : Checking image 2 border left 167
1620827663865454804 : Checking image 2 border right 167

</system-out><system-err>--------------------------------- Captured Err ---------------------------------

</system-err></testcase><testcase classname="tests.test_images" name="test_wrong_wave_split_line_3_png" time="22.574"><system-out>--------------------------------- Captured Log ---------------------------------

--------------------------------- Captured Out ---------------------------------
/home/runner/work/diptych/diptych/tests/wrong_wave_split_line_3.png
1620827669924274889 : Checking separation double page angle 90.12715931778824
1620827669924392889 : Checking separation double page y=0 2514
1620827671288414411 : Checking page rotation 1 0.05
1620827672396514815 : Checking page rotation 2 0.2
1620827674419608028 : Checking image 1 crop x1 273
1620827674419760629 : Checking image 1 crop y1 220
1620827674419815729 : Checking image 1 crop x2 2383
1620827674419851329 : Checking image 1 crop y2 3423
1620827676339985616 : Checking image 2 crop x1 116
1620827676340090416 : Checking image 2 crop y1 225
1620827676340127916 : Checking image 2 crop x2 2242
1620827676340163717 : Checking image 2 crop y2 3415
1620827676340336317 : Checking image 1 dpi 300
1620827676340420818 : Checking image 1 border top 202
1620827676340456918 : Checking image 1 border bottom 82
1620827676340489418 : Checking image 1 border left 175
1620827676340522618 : Checking image 1 border right 175
1620827676343121032 : Checking image 2 dpi 300
1620827676343177832 : Checking image 2 border top 204
1620827676343210332 : Checking image 2 border bottom 93
1620827676343240932 : Checking image 2 border left 167
1620827676343271833 : Checking image 2 border right 167

</system-out><system-err>--------------------------------- Captured Err ---------------------------------

</system-err></testcase><testcase classname="tests.test_images" name="test_no_split_line_wave_algo_png" time="31.148"><system-out>--------------------------------- Captured Log ---------------------------------

--------------------------------- Captured Out ---------------------------------
/home/runner/work/diptych/diptych/tests/no_split_line_wave_algo.png
1620827676047178208 : Checking separation double page angle 89.79018091440821
1620827676047294808 : Checking separation double page y=0 2483
1620827678844301213 : Checking page rotation 1 0.0
1620827680097334067 : Checking page rotation 2 -0.44999999999999746
1620827688558338968 : Checking image 1 crop x1 97
1620827688558432269 : Checking image 1 crop y1 74
1620827688558471069 : Checking image 1 crop x2 2489
1620827688558508369 : Checking image 1 crop y2 3505
1620827694962962773 : Checking image 2 crop x1 164
1620827694963091473 : Checking image 2 crop y1 267
1620827694963133673 : Checking image 2 crop x2 2239
1620827694963187174 : Checking image 2 crop y2 3380
1620827694963343074 : Checking image 1 dpi 300
1620827694963412875 : Checking image 1 border top 38
1620827694963448175 : Checking image 1 border bottom 38
1620827694963481875 : Checking image 1 border left 44
1620827694963534475 : Checking image 1 border right 44
1620827694965767087 : Checking image 2 dpi 300
1620827694965831987 : Checking image 2 border top 257
1620827694965864887 : Checking image 2 border bottom 117
1620827694965895187 : Checking image 2 border left 192
1620827694965925587 : Checking image 2 border right 192

</system-out><system-err>--------------------------------- Captured Err ---------------------------------

</system-err></testcase><testcase classname="tests.test_images" name="test_no_split_line_wave_algo_2_png" time="19.729"><system-out>--------------------------------- Captured Log ---------------------------------

--------------------------------- Captured Out ---------------------------------
/home/runner/work/diptych/diptych/tests/no_split_line_wave_algo_2.png
1620827689211638823 : Checking separation double page angle 90.43362571535843
1620827689211744624 : Checking separation double page y=0 2473
1620827690295191688 : Checking page rotation 1 1.05
1620827691732494433 : Checking page rotation 2 0.15000000000000002
1620827694100452590 : Checking image 1 crop x1 267
1620827694100681691 : Checking image 1 crop y1 210
1620827694100727392 : Checking image 1 crop x2 2343
1620827694100767592 : Checking image 1 crop y2 3412
1620827696062641532 : Checking image 2 crop x1 165
1620827696062767433 : Checking image 2 crop y1 241
1620827696062806233 : Checking image 2 crop x2 2250
1620827696062843433 : Checking image 2 crop y2 3433
1620827696063052635 : Checking image 1 dpi 300
1620827696063122335 : Checking image 1 border top 192
1620827696063246835 : Checking image 1 border bottom 93
1620827696063284536 : Checking image 1 border left 192
1620827696063320936 : Checking image 1 border right 192
1620827696066285951 : Checking image 2 dpi 300
1620827696066337051 : Checking image 2 border top 224
1620827696066366051 : Checking image 2 border bottom 71
1620827696066393251 : Checking image 2 border left 187
1620827696066420451 : Checking image 2 border right 187

</system-out><system-err>--------------------------------- Captured Err ---------------------------------

</system-err></testcase><testcase classname="tests.test_images" name="test_crop_too_few_2_png" time="19.440"><system-out>--------------------------------- Captured Log ---------------------------------

--------------------------------- Captured Out ---------------------------------
/home/runner/work/diptych/diptych/tests/crop_too_few_2.png
1620827706818586734 : Checking separation double page angle 90.35461351371423
1620827706818727835 : Checking separation double page y=0 2533
1620827707848188581 : Checking page rotation 1 1.0999999999999999
1620827708956225646 : Checking page rotation 2 0.0
1620827711745053803 : Checking image 1 crop x1 289
1620827711745154104 : Checking image 1 crop y1 165
1620827711745190704 : Checking image 1 crop x2 2400
1620827711745226904 : Checking image 1 crop y2 3367
1620827714478579978 : Checking image 2 crop x1 152
1620827714478720379 : Checking image 2 crop y1 190
1620827714478760079 : Checking image 2 crop x2 2273
1620827714478797180 : Checking image 2 crop y2 3385
1620827714478945080 : Checking image 1 dpi 300
1620827714479011481 : Checking image 1 border top 157
1620827714479063381 : Checking image 1 border bottom 128
1620827714479096681 : Checking image 1 border left 174
1620827714479130781 : Checking image 1 border right 174
1620827714481367493 : Checking image 2 dpi 300
1620827714481420693 : Checking image 2 border top 175
1620827714481453893 : Checking image 2 border bottom 116
1620827714481502393 : Checking image 2 border left 169
1620827714481534994 : Checking image 2 border right 169

</system-out><system-err>--------------------------------- Captured Err ---------------------------------

</system-err></testcase><testcase classname="tests.test_images" name="test_failed_detect_rectangle_png" time="18.253"><system-out>--------------------------------- Captured Log ---------------------------------

--------------------------------- Captured Out ---------------------------------
/home/runner/work/diptych/diptych/tests/failed_detect_rectangle.png
1620827708685302961 : Checking separation double page angle 90.242273842964
1620827708685428861 : Checking separation double page y=0 2475
1620827710087978932 : Checking page rotation 1 0.2
1620827711587872300 : Checking page rotation 2 0.2
1620827712921682119 : Checking image 1 crop x1 257
1620827712921824720 : Checking image 1 crop y1 201
1620827712921863920 : Checking image 1 crop x2 2333
1620827712921900120 : Checking image 1 crop y2 3402
1620827714328952114 : Checking image 2 crop x1 137
1620827714329052714 : Checking image 2 crop y1 215
1620827714329089314 : Checking image 2 crop x2 2220
1620827714329124614 : Checking image 2 crop y2 3406
1620827714329274815 : Checking image 1 dpi 300
1620827714329346516 : Checking image 1 border top 188
1620827714329380616 : Checking image 1 border bottom 98
1620827714329411016 : Checking image 1 border left 192
1620827714329444016 : Checking image 1 border right 192
1620827714332395631 : Checking image 2 dpi 300
1620827714332467131 : Checking image 2 border top 201
1620827714332498132 : Checking image 2 border bottom 95
1620827714332527232 : Checking image 2 border left 188
1620827714332556232 : Checking image 2 border right 188

</system-out><system-err>--------------------------------- Captured Err ---------------------------------

</system-err></testcase><testcase classname="tests.test_images" name="test_no_split_line_wave_algo_3_png" time="10.544"><system-out>--------------------------------- Captured Log ---------------------------------

--------------------------------- Captured Out ---------------------------------
/home/runner/work/diptych/diptych/tests/no_split_line_wave_algo_3.png
1620827721399519785 : Checking separation double page angle 90.18184445198425
1620827721399662586 : Checking separation double page y=0 2405
1620827722207077517 : Checking page rotation 1 0.0
1620827722372223162 : Checking page rotation 2 0.0
1620827724394144895 : Checking image 1 crop x1 184
1620827724394235995 : Checking image 1 crop y1 2957
1620827724394271496 : Checking image 1 crop x2 2201
1620827724394303896 : Checking image 1 crop y2 3202
1620827724878879068 : Checking image 2 crop x1 0
1620827724878953268 : Checking image 2 crop y1 0
1620827724878981968 : Checking image 2 crop x2 0
1620827724879010069 : Checking image 2 crop y2 0
1620827724879070669 : Checking image 1 dpi 300
1620827724879131269 : Checking image 1 border top 2950
1620827724879162269 : Checking image 1 border bottom 292
1620827724879209470 : Checking image 1 border left 221
1620827724879238870 : Checking image 1 border right 221
1620827724884676097 : Checking image 2 border top 0
1620827724884713298 : Checking image 2 border bottom 0
1620827724884739698 : Checking image 2 border left 0
1620827724884767598 : Checking image 2 border right 0

</system-out><system-err>--------------------------------- Captured Err ---------------------------------

</system-err></testcase><testcase classname="tests.test_images" name="test_single_page_png" time="5.873"><system-out>--------------------------------- Captured Log ---------------------------------

--------------------------------- Captured Out ---------------------------------
/home/runner/work/diptych/diptych/tests/single_page.png
1620827717492929497 : Checking separation double page angle 89.93006318861008
1620827717493046398 : Checking separation double page y=0 2472
1620827718311941188 : Checking page rotation 1 0.0
1620827718440486545 : Checking page rotation 2 0.0
1620827719895878392 : Checking image 1 crop x1 1
1620827719895990393 : Checking image 1 crop y1 8
1620827719896029793 : Checking image 1 crop x2 2470
1620827719896064793 : Checking image 1 crop y2 3505
1620827720019163523 : Checking image 2 crop x1 0
1620827720019237523 : Checking image 2 crop y1 0
1620827720019266723 : Checking image 2 crop x2 0
1620827720019294823 : Checking image 2 crop y2 0
1620827720019349024 : Checking image 1 dpi 300
1620827720019405524 : Checking image 1 border top 5
1620827720019437724 : Checking image 1 border bottom 5
1620827720019467124 : Checking image 1 border left 6
1620827720019497124 : Checking image 1 border right 6
1620827720026259359 : Checking image 2 border top 0
1620827720026324159 : Checking image 2 border bottom 0
1620827720026354560 : Checking image 2 border left 0
1620827720026384260 : Checking image 2 border right 0

</system-out><system-err>--------------------------------- Captured Err ---------------------------------

</system-err></testcase><testcase classname="tests.test_images" name="test_failed_split_line_line_algo_3_png" time="11.943"><system-out>--------------------------------- Captured Log ---------------------------------

--------------------------------- Captured Out ---------------------------------
/home/runner/work/diptych/diptych/tests/failed_split_line_line_algo_3.png
1620827727264952540 : Checking separation double page angle 90.02403976140027
1620827727265074841 : Checking separation double page y=0 39
1620827727326963757 : Checking page rotation 1 0.0
1620827728051213251 : Checking page rotation 2 0.0
1620827728367109463 : Checking image 1 crop x1 0
1620827728367349064 : Checking image 1 crop y1 0
1620827728367388464 : Checking image 1 crop x2 0
1620827728367424565 : Checking image 1 crop y2 0
1620827732343475662 : Checking image 2 crop x1 249
1620827732343563562 : Checking image 2 crop y1 154
1620827732343598063 : Checking image 2 crop x2 2264
1620827732343631663 : Checking image 2 crop y2 3361
1620827732343781964 : Checking image 1 border top 0
1620827732343821864 : Checking image 1 border bottom 0
1620827732343872564 : Checking image 1 border left 0
1620827732343906564 : Checking image 1 border right 0
1620827732343971065 : Checking image 2 dpi 300
1620827732344032265 : Checking image 2 border top 146
1620827732344066465 : Checking image 2 border bottom 134
1620827732344098365 : Checking image 2 border left 222
1620827732344150665 : Checking image 2 border right 222

</system-out><system-err>--------------------------------- Captured Err ---------------------------------

</system-err></testcase><testcase classname="tests.test_images" name="test_wrong_split_line_4_png" time="11.312"><system-out>--------------------------------- Captured Log ---------------------------------

--------------------------------- Captured Out ---------------------------------
/home/runner/work/diptych/diptych/tests/wrong_split_line_4.png
1620827732487916201 : Checking separation double page angle 90.92587744884125
1620827732488016102 : Checking separation double page y=0 58
1620827732565062696 : Checking page rotation 1 0.5499999999999999
1620827733582929907 : Checking page rotation 2 1.0999999999999999
1620827734206817001 : Checking image 1 crop x1 0
1620827734206904302 : Checking image 1 crop y1 0
1620827734206941102 : Checking image 1 crop x2 0
1620827734206976502 : Checking image 1 crop y2 0
1620827736238028600 : Checking image 2 crop x1 290
1620827736238155400 : Checking image 2 crop y1 330
1620827736238189600 : Checking image 2 crop x2 2314
1620827736238222901 : Checking image 2 crop y2 3217
1620827736238456702 : Checking image 1 border top 0
1620827736238496502 : Checking image 1 border bottom 0
1620827736238526202 : Checking image 1 border left 0
1620827736238555502 : Checking image 1 border right 0
1620827736238605103 : Checking image 2 dpi 300
1620827736238725803 : Checking image 2 border top 322
1620827736238756503 : Checking image 2 border bottom 278
1620827736238807604 : Checking image 2 border left 218
1620827736238835904 : Checking image 2 border right 218

</system-out><system-err>--------------------------------- Captured Err ---------------------------------

</system-err></testcase></testsuite></testsuites>