<?xml version="1.0" encoding="utf-8"?><testsuites><testsuite name="pytest" errors="0" failures="0" skipped="0" tests="33" time="902.900" timestamp="2020-12-09T18:38:48.177480" hostname="fv-az121-270"><testcase classname="tests.test_features" name="test_mock_stop_at_0" time="0.049"><system-out>--------------------------------- Captured Log ---------------------------------

--------------------------------- Captured Out ---------------------------------
/home/runner/work/ocr-book/ocr-book/tests/0001_0.png

</system-out><system-err>--------------------------------- Captured Err ---------------------------------

</system-err></testcase><testcase classname="tests.test_features" name="test_disabled_enable_debug" time="48.391"><system-out>--------------------------------- Captured Log ---------------------------------

--------------------------------- Captured Out ---------------------------------
/home/runner/work/ocr-book/ocr-book/tests/0001_debug.png
separation double page angle 90.57780420099766
separation double page y=0 2487
page rotation 1 0.75
page rotation 2 0.2
image 1 crop x1 330
image 1 crop y1 336
image 1 crop x2 2343
image 1 crop y2 3223
image 2 crop x1 169
image 2 crop y1 648
image 2 crop x2 2186
image 2 crop y2 3361
image 1 dpi 300
image 1 border top 318
image 1 border bottom 282
image 1 border left 223
image 1 border right 223
image 2 dpi 300
image 2 border top 643
image 2 border bottom 131
image 2 border left 221
image 2 border right 221

</system-out><system-err>--------------------------------- Captured Err ---------------------------------

</system-err></testcase><testcase classname="tests.test_features" name="test_mock_stop_at_2" time="42.204"><system-out>--------------------------------- Captured Log ---------------------------------

--------------------------------- Captured Out ---------------------------------
/home/runner/work/ocr-book/ocr-book/tests/0001_2.png
separation double page angle 90.57780420099766
separation double page y=0 2487
page rotation 1 0.75
page rotation 2 0.2

</system-out><system-err>--------------------------------- Captured Err ---------------------------------

</system-err></testcase><testcase classname="tests.test_features" name="test_mock_stop_at_4" time="45.895"><system-out>--------------------------------- Captured Log ---------------------------------

--------------------------------- Captured Out ---------------------------------
/home/runner/work/ocr-book/ocr-book/tests/0001_4.png
separation double page angle 90.57780420099766
separation double page y=0 2487
page rotation 1 0.75
page rotation 2 0.2
image 1 crop x1 330
image 1 crop y1 336
image 1 crop x2 2343
image 1 crop y2 3223
image 2 crop x1 169
image 2 crop y1 648
image 2 crop x2 2186
image 2 crop y2 3361
image 1 dpi 300
image 1 border top 318
image 1 border bottom 282
image 1 border left 223
image 1 border right 223
image 2 dpi 300
image 2 border top 643
image 2 border bottom 131
image 2 border left 221
image 2 border right 221

</system-out><system-err>--------------------------------- Captured Err ---------------------------------

</system-err></testcase><testcase classname="tests.test_features" name="test_mock_stop_at_1" time="26.985"><system-out>--------------------------------- Captured Log ---------------------------------

--------------------------------- Captured Out ---------------------------------
/home/runner/work/ocr-book/ocr-book/tests/0001_1.png
separation double page angle 90.57780420099766
separation double page y=0 2487

</system-out><system-err>--------------------------------- Captured Err ---------------------------------

</system-err></testcase><testcase classname="tests.test_features" name="test_mock_stop_at_3" time="44.259"><system-out>--------------------------------- Captured Log ---------------------------------

--------------------------------- Captured Out ---------------------------------
/home/runner/work/ocr-book/ocr-book/tests/0001_3.png
separation double page angle 90.57780420099766
separation double page y=0 2487
page rotation 1 0.75
page rotation 2 0.2
image 1 crop x1 330
image 1 crop y1 336
image 1 crop x2 2343
image 1 crop y2 3223
image 2 crop x1 169
image 2 crop y1 648
image 2 crop x2 2186
image 2 crop y2 3361

</system-out><system-err>--------------------------------- Captured Err ---------------------------------

</system-err></testcase><testcase classname="tests.test_images" name="test_0001_png" time="56.426"><system-out>--------------------------------- Captured Log ---------------------------------

--------------------------------- Captured Out ---------------------------------
/home/runner/work/ocr-book/ocr-book/tests/0001.png
1607539249069368721 : Checking separation double page angle 90.57780420099766
1607539249069647222 : Checking separation double page y=0 2487
1607539256478283074 : Checking page rotation 1 0.75
1607539265872078661 : Checking page rotation 2 0.2
1607539270359274079 : Checking image 1 crop x1 330
1607539270359381379 : Checking image 1 crop y1 336
1607539270359423079 : Checking image 1 crop x2 2343
1607539270359456779 : Checking image 1 crop y2 3223
1607539273919619690 : Checking image 2 crop x1 169
1607539273919734590 : Checking image 2 crop y1 648
1607539273919794990 : Checking image 2 crop x2 2186
1607539273919832591 : Checking image 2 crop y2 3361
1607539273955078559 : Checking image 1 dpi 300
1607539273955194559 : Checking image 1 border top 318
1607539273955234059 : Checking image 1 border bottom 282
1607539273955268159 : Checking image 1 border left 223
1607539273955301859 : Checking image 1 border right 223
1607539273958805466 : Checking image 2 dpi 300
1607539273958883466 : Checking image 2 border top 643
1607539273958917166 : Checking image 2 border bottom 131
1607539273958948966 : Checking image 2 border left 221
1607539273958980366 : Checking image 2 border right 221

</system-out><system-err>--------------------------------- Captured Err ---------------------------------

</system-err></testcase><testcase classname="tests.test_features" name="test_mock_stop_at_5" time="46.275"><system-out>--------------------------------- Captured Log ---------------------------------

--------------------------------- Captured Out ---------------------------------
/home/runner/work/ocr-book/ocr-book/tests/0001_5.png
separation double page angle 90.57780420099766
separation double page y=0 2487
page rotation 1 0.75
page rotation 2 0.2
image 1 crop x1 330
image 1 crop y1 336
image 1 crop x2 2343
image 1 crop y2 3223
image 2 crop x1 169
image 2 crop y1 648
image 2 crop x2 2186
image 2 crop y2 3361
image 1 dpi 300
image 1 border top 318
image 1 border bottom 282
image 1 border left 223
image 1 border right 223
image 2 dpi 300
image 2 border top 643
image 2 border bottom 131
image 2 border left 221
image 2 border right 221

</system-out><system-err>--------------------------------- Captured Err ---------------------------------

</system-err></testcase><testcase classname="tests.test_images" name="test_2_pages_2_contours_png" time="38.541"><system-out>--------------------------------- Captured Log ---------------------------------

--------------------------------- Captured Out ---------------------------------
/home/runner/work/ocr-book/ocr-book/tests/2-pages-2-contours.png
1607539297266032794 : Checking separation double page angle 89.91958537671144
1607539297266195096 : Checking separation double page y=0 2492
1607539299634699293 : Checking page rotation 1 0.05
1607539307103168248 : Checking page rotation 2 0.35
1607539308638493410 : Checking image 1 crop x1 1189
1607539308638610612 : Checking image 1 crop y1 1748
1607539308638652313 : Checking image 1 crop x2 1190
1607539308638688613 : Checking image 1 crop y2 1749
1607539312468971272 : Checking image 2 crop x1 89
1607539312469102073 : Checking image 2 crop y1 240
1607539312469147774 : Checking image 2 crop x2 2136
1607539312469190475 : Checking image 2 crop y2 3239
1607539312503244007 : Checking image 1 dpi 300
1607539312503359209 : Checking image 1 border top 1753
1607539312503403009 : Checking image 1 border bottom 1753
1607539312503441010 : Checking image 1 border left 1239
1607539312503479010 : Checking image 1 border right 1239
1607539312505763439 : Checking image 2 dpi 300
1607539312505835740 : Checking image 2 border top 227
1607539312505875841 : Checking image 2 border bottom 261
1607539312505912941 : Checking image 2 border left 206
1607539312505949642 : Checking image 2 border right 206

</system-out><system-err>--------------------------------- Captured Err ---------------------------------

</system-err></testcase><testcase classname="tests.test_images" name="test_angle_page_lower_split_line_png" time="62.562"><system-out>--------------------------------- Captured Log ---------------------------------

--------------------------------- Captured Out ---------------------------------
/home/runner/work/ocr-book/ocr-book/tests/angle_page_lower_split_line.png
1607539334469095531 : Checking separation double page angle 89.75201324945476
1607539334469218333 : Checking separation double page y=0 2473
1607539343876732985 : Checking page rotation 1 -0.44999999999999746
1607539350919007436 : Checking page rotation 2 0.2
1607539354440182694 : Checking image 1 crop x1 245
1607539354440297195 : Checking image 1 crop y1 161
1607539354440334495 : Checking image 1 crop x2 2351
1607539354440368796 : Checking image 1 crop y2 3364
1607539357805112846 : Checking image 2 crop x1 151
1607539357805239147 : Checking image 2 crop y1 147
1607539357805278948 : Checking image 2 crop x2 2258
1607539357805315248 : Checking image 2 crop y2 3350
1607539357849778484 : Checking image 1 dpi 300
1607539357849888285 : Checking image 1 border top 141
1607539357849926285 : Checking image 1 border bottom 143
1607539357849960986 : Checking image 1 border left 177
1607539357849993786 : Checking image 1 border right 177
1607539357852479310 : Checking image 2 dpi 300
1607539357852550511 : Checking image 2 border top 129
1607539357852590212 : Checking image 2 border bottom 155
1607539357852623612 : Checking image 2 border left 176
1607539357852655712 : Checking image 2 border right 176

</system-out><system-err>--------------------------------- Captured Err ---------------------------------

</system-err></testcase><testcase classname="tests.test_images" name="test_black_border_not_removed_png" time="67.381"><system-out>--------------------------------- Captured Log ---------------------------------

--------------------------------- Captured Out ---------------------------------
/home/runner/work/ocr-book/ocr-book/tests/black-border-not-removed.png
1607539351343663646 : Checking separation double page angle 90.02895758682554
1607539351343782147 : Checking separation double page y=0 2456
1607539358410249358 : Checking page rotation 1 0.0
1607539369990926989 : Checking page rotation 2 0.0
1607539374189213044 : Checking image 1 crop x1 297
1607539374189351145 : Checking image 1 crop y1 143
1607539374189394645 : Checking image 1 crop x2 2309
1607539374189447246 : Checking image 1 crop y2 3346
1607539379845552509 : Checking image 2 crop x1 157
1607539379845672210 : Checking image 2 crop y1 145
1607539379845715110 : Checking image 2 crop x2 2169
1607539379845753811 : Checking image 2 crop y2 3352
1607539379881996427 : Checking image 1 dpi 300
1607539379882127128 : Checking image 1 border top 127
1607539379882170028 : Checking image 1 border bottom 157
1607539379882203428 : Checking image 1 border left 224
1607539379882236729 : Checking image 1 border right 224
1607539379885115554 : Checking image 2 dpi 300
1607539379885181854 : Checking image 2 border top 133
1607539379885217155 : Checking image 2 border bottom 147
1607539379885249555 : Checking image 2 border left 224
1607539379885285055 : Checking image 2 border right 224

</system-out><system-err>--------------------------------- Captured Err ---------------------------------

</system-err></testcase><testcase classname="tests.test_images" name="test_wrong_split_line_png" time="48.528"><system-out>--------------------------------- Captured Log ---------------------------------

--------------------------------- Captured Out ---------------------------------
/home/runner/work/ocr-book/ocr-book/tests/wrong_split_line.png
1607539387168188955 : Checking separation double page angle 89.85895720607971
1607539387168331957 : Checking separation double page y=0 2463
1607539393743082762 : Checking page rotation 1 -0.14999999999999067
1607539400559538313 : Checking page rotation 2 0.65
1607539403369813297 : Checking image 1 crop x1 213
1607539403369942198 : Checking image 1 crop y1 157
1607539403369984798 : Checking image 1 crop x2 2323
1607539403370023498 : Checking image 1 crop y2 3362
1607539406355943425 : Checking image 2 crop x1 126
1607539406356133626 : Checking image 2 crop y1 167
1607539406356181127 : Checking image 2 crop x2 2237
1607539406356221427 : Checking image 2 crop y2 3372
1607539406392565504 : Checking image 1 dpi 300
1607539406392673405 : Checking image 1 border top 135
1607539406392713605 : Checking image 1 border bottom 147
1607539406392749105 : Checking image 1 border left 175
1607539406392784706 : Checking image 1 border right 175
1607539406394894022 : Checking image 2 dpi 300
1607539406394954422 : Checking image 2 border top 139
1607539406395006323 : Checking image 2 border bottom 143
1607539406395058123 : Checking image 2 border left 174
1607539406395092723 : Checking image 2 border right 174

</system-out><system-err>--------------------------------- Captured Err ---------------------------------

</system-err></testcase><testcase classname="tests.test_images" name="test_image_failed_to_rotate_png" time="63.022"><system-out>--------------------------------- Captured Log ---------------------------------

--------------------------------- Captured Out ---------------------------------
/home/runner/work/ocr-book/ocr-book/tests/image_failed_to_rotate.png
1607539412861683257 : Checking separation double page angle 90.19634423290289
1607539412861815258 : Checking separation double page y=0 2482
1607539418350367901 : Checking page rotation 1 0.35
1607539426899985594 : Checking page rotation 2 0.45
1607539437769934996 : Checking image 1 crop x1 34
1607539437770039797 : Checking image 1 crop y1 1
1607539437770101097 : Checking image 1 crop x2 2480
1607539437770140597 : Checking image 1 crop y2 3500
1607539442801034252 : Checking image 2 crop x1 169
1607539442801143653 : Checking image 2 crop y1 234
1607539442801180953 : Checking image 2 crop x2 2248
1607539442801214654 : Checking image 2 crop y2 3355
1607539442836840184 : Checking image 1 dpi 300
1607539442836974385 : Checking image 1 border top 4
1607539442837028385 : Checking image 1 border bottom 4
1607539442837059385 : Checking image 1 border left 17
1607539442837091686 : Checking image 1 border right 17
1607539442839608902 : Checking image 2 dpi 300
1607539442839666102 : Checking image 2 border top 221
1607539442839697303 : Checking image 2 border bottom 145
1607539442839726203 : Checking image 2 border left 190
1607539442839755103 : Checking image 2 border right 190

</system-out><system-err>--------------------------------- Captured Err ---------------------------------

</system-err></testcase><testcase classname="tests.test_images" name="test_crop_too_much_png" time="76.795"><system-out>--------------------------------- Captured Log ---------------------------------

--------------------------------- Captured Out ---------------------------------
/home/runner/work/ocr-book/ocr-book/tests/crop_too_much.png
1607539454200061856 : Checking separation double page angle 90.13239409272954
1607539454200185357 : Checking separation double page y=0 2453
1607539465147988426 : Checking page rotation 1 0.0
1607539474485526690 : Checking page rotation 2 0.45
1607539479088702146 : Checking image 1 crop x1 303
1607539479088802146 : Checking image 1 crop y1 148
1607539479088836047 : Checking image 1 crop x2 2313
1607539479088865847 : Checking image 1 crop y2 3351
1607539483157670321 : Checking image 2 crop x1 170
1607539483157777222 : Checking image 2 crop y1 155
1607539483157811822 : Checking image 2 crop x2 2181
1607539483157842822 : Checking image 2 crop y2 3359
1607539483196532635 : Checking image 1 dpi 300
1607539483196688036 : Checking image 1 border top 131
1607539483196720936 : Checking image 1 border bottom 153
1607539483196748936 : Checking image 1 border left 225
1607539483196776836 : Checking image 1 border right 225
1607539483198940748 : Checking image 2 dpi 300
1607539483199007349 : Checking image 2 border top 133
1607539483199037449 : Checking image 2 border bottom 150
1607539483199065049 : Checking image 2 border left 224
1607539483199092449 : Checking image 2 border right 224

</system-out><system-err>--------------------------------- Captured Err ---------------------------------

</system-err></testcase><testcase classname="tests.test_images" name="test_image_failed_to_crop_data_png" time="55.970"><system-out>--------------------------------- Captured Log ---------------------------------

--------------------------------- Captured Out ---------------------------------
/home/runner/work/ocr-book/ocr-book/tests/image_failed_to_crop_data.png
1607539473194951633 : Checking separation double page angle 89.91538216173362
1607539473195061234 : Checking separation double page y=0 2477
1607539478921962614 : Checking page rotation 1 0.2
1607539483820338566 : Checking page rotation 2 0.0
1607539494085788938 : Checking image 1 crop x1 58
1607539494085901138 : Checking image 1 crop y1 8
1607539494085940438 : Checking image 1 crop x2 2480
1607539494085974439 : Checking image 1 crop y2 3504
1607539498812258968 : Checking image 2 crop x1 159
1607539498812371669 : Checking image 2 crop y1 217
1607539498812407569 : Checking image 2 crop x2 2241
1607539498812440669 : Checking image 2 crop y2 3350
1607539498839086708 : Checking image 1 dpi 300
1607539498839193709 : Checking image 1 border top 6
1607539498839229809 : Checking image 1 border bottom 6
1607539498839259409 : Checking image 1 border left 29
1607539498839288609 : Checking image 1 border right 29
1607539498841971923 : Checking image 2 dpi 300
1607539498842029324 : Checking image 2 border top 206
1607539498842059724 : Checking image 2 border bottom 148
1607539498842117924 : Checking image 2 border left 189
1607539498842147324 : Checking image 2 border right 189

</system-out><system-err>--------------------------------- Captured Err ---------------------------------

</system-err></testcase><testcase classname="tests.test_images" name="test_crop_too_few_png" time="44.156"><system-out>--------------------------------- Captured Log ---------------------------------

--------------------------------- Captured Out ---------------------------------
/home/runner/work/ocr-book/ocr-book/tests/crop_too_few.png
1607539511460775507 : Checking separation double page angle 89.39669496435833
1607539511460875707 : Checking separation double page y=0 2510
1607539517219162021 : Checking page rotation 1 -0.7499999999999916
1607539522050304550 : Checking page rotation 2 0.05
1607539524786593921 : Checking image 1 crop x1 265
1607539524786699922 : Checking image 1 crop y1 152
1607539524786733722 : Checking image 1 crop x2 2375
1607539524786763322 : Checking image 1 crop y2 3356
1607539527334514488 : Checking image 2 crop x1 135
1607539527334611489 : Checking image 2 crop y1 141
1607539527334644389 : Checking image 2 crop x2 2261
1607539527334674189 : Checking image 2 crop y2 3345
1607539527367143344 : Checking image 1 dpi 300
1607539527367220044 : Checking image 1 border top 134
1607539527367252244 : Checking image 1 border bottom 149
1607539527367280044 : Checking image 1 border left 175
1607539527367308244 : Checking image 1 border right 175
1607539527370339859 : Checking image 2 dpi 300
1607539527370425359 : Checking image 2 border top 129
1607539527370457559 : Checking image 2 border bottom 154
1607539527370485460 : Checking image 2 border left 167
1607539527370515260 : Checking image 2 border right 167

</system-out><system-err>--------------------------------- Captured Err ---------------------------------

</system-err></testcase><testcase classname="tests.test_images" name="test_wrong_angle_split_line_png" time="62.162"><system-out>--------------------------------- Captured Log ---------------------------------

--------------------------------- Captured Out ---------------------------------
/home/runner/work/ocr-book/ocr-book/tests/wrong_angle_split_line.png
1607539529495115034 : Checking separation double page angle 90.0419342000635
1607539529495217134 : Checking separation double page y=0 2477
1607539536636233140 : Checking page rotation 1 0.2
1607539544716924531 : Checking page rotation 2 0.2
1607539555285638397 : Checking image 1 crop x1 61
1607539555285755197 : Checking image 1 crop y1 7
1607539555285792398 : Checking image 1 crop x2 2475
1607539555285825898 : Checking image 1 crop y2 3500
1607539560221834283 : Checking image 2 crop x1 165
1607539560221951884 : Checking image 2 crop y1 219
1607539560221990384 : Checking image 2 crop x2 2241
1607539560222040884 : Checking image 2 crop y2 3348
1607539560376910357 : Checking image 1 dpi 300
1607539560377019757 : Checking image 1 border top 7
1607539560377056357 : Checking image 1 border bottom 7
1607539560377087158 : Checking image 1 border left 33
1607539560377118358 : Checking image 1 border right 33
1607539560386319698 : Checking image 2 dpi 300
1607539560386431998 : Checking image 2 border top 207
1607539560386468798 : Checking image 2 border bottom 151
1607539560386503398 : Checking image 2 border left 192
1607539560386552799 : Checking image 2 border right 192

</system-out><system-err>--------------------------------- Captured Err ---------------------------------

</system-err></testcase><testcase classname="tests.test_images" name="test_crop_too_much_2_png" time="74.586"><system-out>--------------------------------- Captured Log ---------------------------------

--------------------------------- Captured Out ---------------------------------
/home/runner/work/ocr-book/ocr-book/tests/crop_too_much_2.png
1607539569439219883 : Checking separation double page angle 90.20211186462491
1607539569439323484 : Checking separation double page y=0 2477
1607539582239401651 : Checking page rotation 1 0.2
1607539592594542371 : Checking page rotation 2 0.2
1607539596533837588 : Checking image 1 crop x1 332
1607539596533944589 : Checking image 1 crop y1 131
1607539596533979089 : Checking image 1 crop x2 2342
1607539596534010889 : Checking image 1 crop y2 3336
1607539601877319041 : Checking image 2 crop x1 168
1607539601877541342 : Checking image 2 crop y1 139
1607539601877587042 : Checking image 2 crop x2 2181
1607539601877637242 : Checking image 2 crop y2 3345
1607539601920877114 : Checking image 1 dpi 300
1607539601920980314 : Checking image 1 border top 118
1607539601921013814 : Checking image 1 border bottom 164
1607539601921042414 : Checking image 1 border left 225
1607539601921070914 : Checking image 1 border right 225
1607539601923514224 : Checking image 2 dpi 300
1607539601923575024 : Checking image 2 border top 127
1607539601923604624 : Checking image 2 border bottom 154
1607539601923632025 : Checking image 2 border left 223
1607539601923660925 : Checking image 2 border right 223

</system-out><system-err>--------------------------------- Captured Err ---------------------------------

</system-err></testcase><testcase classname="tests.test_images" name="test_wrong_split_line_3_png" time="58.019"><system-out>--------------------------------- Captured Log ---------------------------------

--------------------------------- Captured Out ---------------------------------
/home/runner/work/ocr-book/ocr-book/tests/wrong_split_line_3.png
1607539598434246973 : Checking separation double page angle 90.43729500214694
1607539598434361374 : Checking separation double page y=0 2498
1607539605874270090 : Checking page rotation 1 0.30000000000000004
1607539613225508537 : Checking page rotation 2 0.9
1607539616167048089 : Checking image 1 crop x1 331
1607539616167166890 : Checking image 1 crop y1 165
1607539616167204290 : Checking image 1 crop x2 2375
1607539616167237490 : Checking image 1 crop y2 3376
1607539619040278719 : Checking image 2 crop x1 102
1607539619040392820 : Checking image 2 crop y1 208
1607539619040430220 : Checking image 2 crop x2 2133
1607539619040463820 : Checking image 2 crop y2 3413
1607539619073916748 : Checking image 1 dpi 300
1607539619074042348 : Checking image 1 border top 148
1607539619074124549 : Checking image 1 border bottom 128
1607539619074161249 : Checking image 1 border left 208
1607539619074192449 : Checking image 1 border right 208
1607539619077794863 : Checking image 2 dpi 300
1607539619077905563 : Checking image 2 border top 191
1607539619077957263 : Checking image 2 border bottom 91
1607539619077988963 : Checking image 2 border left 214
1607539619078020863 : Checking image 2 border right 214

</system-out><system-err>--------------------------------- Captured Err ---------------------------------

</system-err></testcase><testcase classname="tests.test_images" name="test_wrong_split_line_2_png" time="92.647"><system-out>--------------------------------- Captured Log ---------------------------------

--------------------------------- Captured Out ---------------------------------
/home/runner/work/ocr-book/ocr-book/tests/wrong_split_line_2.png
1607539657803103921 : Checking separation double page angle 90.38387862177287
1607539657803216821 : Checking separation double page y=0 2442
1607539665650313197 : Checking page rotation 1 0.05
1607539676863593308 : Checking page rotation 2 0.4
1607539684214650272 : Checking image 1 crop x1 294
1607539684214779373 : Checking image 1 crop y1 137
1607539684214822373 : Checking image 1 crop x2 2326
1607539684214862273 : Checking image 1 crop y2 3375
1607539694545168162 : Checking image 2 crop x1 146
1607539694545278163 : Checking image 2 crop y1 192
1607539694545312463 : Checking image 2 crop x2 2173
1607539694545343663 : Checking image 2 crop y2 3386
1607539694583747795 : Checking image 1 dpi 300
1607539694583848895 : Checking image 1 border top 124
1607539694583881595 : Checking image 1 border bottom 124
1607539694583909395 : Checking image 1 border left 214
1607539694583936895 : Checking image 1 border right 214
1607539694585912802 : Checking image 2 dpi 300
1607539694585971602 : Checking image 2 border top 185
1607539694586001003 : Checking image 2 border bottom 108
1607539694586027803 : Checking image 2 border left 216
1607539694586054803 : Checking image 2 border right 216

</system-out><system-err>--------------------------------- Captured Err ---------------------------------

</system-err></testcase><testcase classname="tests.test_images" name="test_wrong_wave_split_line_png" time="88.636"><system-out>--------------------------------- Captured Log ---------------------------------

--------------------------------- Captured Out ---------------------------------
/home/runner/work/ocr-book/ocr-book/tests/wrong_wave_split_line.png
1607539664919564896 : Checking separation double page angle 90.52878604107717
1607539664919672496 : Checking separation double page y=0 2502
1607539674459583764 : Checking page rotation 1 -0.14999999999999067
1607539683734874404 : Checking page rotation 2 0.85
1607539692492053003 : Checking image 1 crop x1 385
1607539692492166603 : Checking image 1 crop y1 179
1607539692492204203 : Checking image 1 crop x2 2411
1607539692492235703 : Checking image 1 crop y2 3374
1607539707654144968 : Checking image 2 crop x1 27
1607539707654267468 : Checking image 2 crop y1 1
1607539707654311668 : Checking image 2 crop x2 2489
1607539707654350568 : Checking image 2 crop y2 3505
1607539707704783739 : Checking image 1 dpi 300
1607539707704895740 : Checking image 1 border top 169
1607539707704935640 : Checking image 1 border bottom 123
1607539707704967740 : Checking image 1 border left 217
1607539707704999640 : Checking image 1 border right 217
1607539707708007950 : Checking image 2 dpi 300
1607539707708086550 : Checking image 2 border top 2
1607539707708123651 : Checking image 2 border bottom 2
1607539707708159551 : Checking image 2 border left 9
1607539707708194351 : Checking image 2 border right 9

</system-out><system-err>--------------------------------- Captured Err ---------------------------------

</system-err></testcase><testcase classname="tests.test_images" name="test_small_wave_png" time="68.508"><system-out>--------------------------------- Captured Log ---------------------------------

--------------------------------- Captured Out ---------------------------------
/home/runner/work/ocr-book/ocr-book/tests/small_wave.png
1607539738852503681 : Checking separation double page angle 90.61316928841565
1607539738852603982 : Checking separation double page y=0 2495
1607539749201882904 : Checking page rotation 1 0.7
1607539757575498953 : Checking page rotation 2 0.7
1607539760196445349 : Checking image 1 crop x1 322
1607539760196546049 : Checking image 1 crop y1 199
1607539760196579449 : Checking image 1 crop x2 2351
1607539760196609749 : Checking image 1 crop y2 3394
1607539763075537062 : Checking image 2 crop x1 135
1607539763075656863 : Checking image 2 crop y1 223
1607539763075691263 : Checking image 2 crop x2 2164
1607539763075723863 : Checking image 2 crop y2 3419
1607539763106237162 : Checking image 1 dpi 300
1607539763106307462 : Checking image 1 border top 178
1607539763106337762 : Checking image 1 border bottom 114
1607539763106364162 : Checking image 1 border left 215
1607539763106390762 : Checking image 1 border right 215
1607539763108640169 : Checking image 2 dpi 300
1607539763108686869 : Checking image 2 border top 196
1607539763108714070 : Checking image 2 border bottom 95
1607539763108739470 : Checking image 2 border left 215
1607539763108764870 : Checking image 2 border right 215

</system-out><system-err>--------------------------------- Captured Err ---------------------------------

</system-err></testcase><testcase classname="tests.test_images" name="test_no_split_line_line_algo_png" time="52.686"><system-out>--------------------------------- Captured Log ---------------------------------

--------------------------------- Captured Out ---------------------------------
/home/runner/work/ocr-book/ocr-book/tests/no_split_line_line_algo.png
1607539739771009103 : Checking separation double page angle 89.47691469185418
1607539739771105204 : Checking separation double page y=0 2476
1607539745109938825 : Checking page rotation 1 -0.14999999999999067
1607539754340158745 : Checking page rotation 2 -0.44999999999999746
1607539756851618804 : Checking image 1 crop x1 205
1607539756851764005 : Checking image 1 crop y1 158
1607539756851810805 : Checking image 1 crop x2 2320
1607539756851853205 : Checking image 1 crop y2 3366
1607539760375175427 : Checking image 2 crop x1 185
1607539760375297728 : Checking image 2 crop y1 221
1607539760375333328 : Checking image 2 crop x2 2201
1607539760375365728 : Checking image 2 crop y2 3366
1607539760414591955 : Checking image 1 dpi 300
1607539760414677355 : Checking image 1 border top 141
1607539760414713655 : Checking image 1 border bottom 138
1607539760414746055 : Checking image 1 border left 172
1607539760414777455 : Checking image 1 border right 172
1607539760417612765 : Checking image 2 dpi 300
1607539760417676765 : Checking image 2 border top 215
1607539760417710365 : Checking image 2 border bottom 127
1607539760417741165 : Checking image 2 border left 222
1607539760417771865 : Checking image 2 border right 222

</system-out><system-err>--------------------------------- Captured Err ---------------------------------

</system-err></testcase><testcase classname="tests.test_images" name="test_failed_split_line_line_algo_2_png" time="63.085"><system-out>--------------------------------- Captured Log ---------------------------------

--------------------------------- Captured Out ---------------------------------
/home/runner/work/ocr-book/ocr-book/tests/failed_split_line_line_algo_2.png
1607539798610675512 : Checking separation double page angle 89.99134220573251
1607539798610779512 : Checking separation double page y=0 2498
1607539810757231161 : Checking page rotation 1 0.0
1607539817894409094 : Checking page rotation 2 0.6000000000000001
1607539820690880643 : Checking image 1 crop x1 272
1607539820691011344 : Checking image 1 crop y1 149
1607539820691050044 : Checking image 1 crop x2 2383
1607539820691083444 : Checking image 1 crop y2 3353
1607539823463674402 : Checking image 2 crop x1 30
1607539823463815103 : Checking image 2 crop y1 155
1607539823463859404 : Checking image 2 crop x2 2153
1607539823463944904 : Checking image 2 crop y2 3350
1607539823499739264 : Checking image 1 dpi 300
1607539823499819864 : Checking image 1 border top 139
1607539823499855165 : Checking image 1 border bottom 144
1607539823499887565 : Checking image 1 border left 174
1607539823499918965 : Checking image 1 border right 174
1607539823502050880 : Checking image 2 dpi 300
1607539823502127781 : Checking image 2 border top 136
1607539823502161581 : Checking image 2 border bottom 156
1607539823502190881 : Checking image 2 border left 168
1607539823502219882 : Checking image 2 border right 168

</system-out><system-err>--------------------------------- Captured Err ---------------------------------

</system-err></testcase><testcase classname="tests.test_images" name="test_failed_split_line_line_algo_png" time="24.026"><system-out>--------------------------------- Captured Log ---------------------------------

--------------------------------- Captured Out ---------------------------------
/home/runner/work/ocr-book/ocr-book/tests/failed_split_line_line_algo.png
1607539778184006643 : Checking separation double page angle 90.0163422057325
1607539778184101043 : Checking separation double page y=0 2575
1607539781406138043 : Checking page rotation 1 -0.14999999999999067
1607539783290798558 : Checking page rotation 2 0.0
1607539785760836832 : Checking image 1 crop x1 407
1607539785760947432 : Checking image 1 crop y1 2925
1607539785760982932 : Checking image 1 crop x2 2419
1607539785761013432 : Checking image 1 crop y2 3174
1607539787153109565 : Checking image 2 crop x1 1184
1607539787153214165 : Checking image 2 crop y1 1744
1607539787153251065 : Checking image 2 crop x2 1185
1607539787153284465 : Checking image 2 crop y2 1745
1607539787153587866 : Checking image 1 dpi 300
1607539787153682766 : Checking image 1 border top 2917
1607539787153721567 : Checking image 1 border bottom 321
1607539787153754867 : Checking image 1 border left 224
1607539787153787567 : Checking image 1 border right 224
1607539787155255171 : Checking image 2 dpi 300
1607539787155311972 : Checking image 2 border top 1752
1607539787155346772 : Checking image 2 border bottom 1753
1607539787155378172 : Checking image 2 border left 1239
1607539787155409172 : Checking image 2 border right 1239

</system-out><system-err>--------------------------------- Captured Err ---------------------------------

</system-err></testcase><testcase classname="tests.test_images" name="test_wrong_wave_split_line_2_png" time="66.166"><system-out>--------------------------------- Captured Log ---------------------------------

--------------------------------- Captured Out ---------------------------------
/home/runner/work/ocr-book/ocr-book/tests/wrong_wave_split_line_2.png
1607539828477427966 : Checking separation double page angle 90.7708958311329
1607539828477533366 : Checking separation double page y=0 2490
1607539836951660560 : Checking page rotation 1 0.4
1607539847462752738 : Checking page rotation 2 1.8
1607539850394937038 : Checking image 1 crop x1 224
1607539850395052539 : Checking image 1 crop y1 147
1607539850395094739 : Checking image 1 crop x2 2337
1607539850395150739 : Checking image 1 crop y2 3355
1607539853264352594 : Checking image 2 crop x1 72
1607539853264454495 : Checking image 2 crop y1 197
1607539853264487095 : Checking image 2 crop x2 2194
1607539853264516396 : Checking image 2 crop y2 3396
1607539853301567149 : Checking image 1 dpi 300
1607539853301640449 : Checking image 1 border top 133
1607539853301670549 : Checking image 1 border bottom 146
1607539853301697449 : Checking image 1 border left 173
1607539853301724550 : Checking image 1 border right 173
1607539853304192866 : Checking image 2 dpi 300
1607539853304242967 : Checking image 2 border top 167
1607539853304270467 : Checking image 2 border bottom 121
1607539853304295467 : Checking image 2 border left 169
1607539853304320467 : Checking image 2 border right 169

</system-out><system-err>--------------------------------- Captured Err ---------------------------------

</system-err></testcase><testcase classname="tests.test_images" name="test_crop_too_much_3_png" time="63.644"><system-out>--------------------------------- Captured Log ---------------------------------

--------------------------------- Captured Out ---------------------------------
/home/runner/work/ocr-book/ocr-book/tests/crop_too_much_3.png
1607539860277517580 : Checking separation double page angle 89.55580634783144
1607539860277614481 : Checking separation double page y=0 2499
1607539868874826752 : Checking page rotation 1 -0.9499999999999917
1607539879304096235 : Checking page rotation 2 -0.14999999999999067
1607539883263204989 : Checking image 1 crop x1 373
1607539883263308690 : Checking image 1 crop y1 258
1607539883263343590 : Checking image 1 crop x2 2386
1607539883263373590 : Checking image 1 crop y2 3458
1607539887100317377 : Checking image 2 crop x1 167
1607539887100426278 : Checking image 2 crop y1 228
1607539887100462378 : Checking image 2 crop x2 2180
1607539887100495478 : Checking image 2 crop y2 3417
1607539887138728223 : Checking image 1 dpi 300
1607539887138822624 : Checking image 1 border top 239
1607539887138857224 : Checking image 1 border bottom 48
1607539887138886824 : Checking image 1 border left 223
1607539887138917024 : Checking image 1 border right 223
1607539887141772542 : Checking image 2 dpi 300
1607539887141824743 : Checking image 2 border top 207
1607539887141854943 : Checking image 2 border bottom 91
1607539887141883343 : Checking image 2 border left 223
1607539887141911443 : Checking image 2 border right 223

</system-out><system-err>--------------------------------- Captured Err ---------------------------------

</system-err></testcase><testcase classname="tests.test_images" name="test_wrong_wave_split_line_3_png" time="60.836"><system-out>--------------------------------- Captured Log ---------------------------------

--------------------------------- Captured Out ---------------------------------
/home/runner/work/ocr-book/ocr-book/tests/wrong_wave_split_line_3.png
1607539893000495005 : Checking separation double page angle 90.05867351615122
1607539893000598606 : Checking separation double page y=0 2510
1607539902064428944 : Checking page rotation 1 0.1
1607539908407301322 : Checking page rotation 2 0.35
1607539911296370215 : Checking image 1 crop x1 272
1607539911296472616 : Checking image 1 crop y1 219
1607539911296506816 : Checking image 1 crop x2 2383
1607539911296535816 : Checking image 1 crop y2 3423
1607539914118496412 : Checking image 2 crop x1 119
1607539914118601013 : Checking image 2 crop y1 226
1607539914118634213 : Checking image 2 crop x2 2240
1607539914118663713 : Checking image 2 crop y2 3413
1607539914148366694 : Checking image 1 dpi 300
1607539914148438195 : Checking image 1 border top 202
1607539914148468195 : Checking image 1 border bottom 81
1607539914148494495 : Checking image 1 border left 174
1607539914148520695 : Checking image 1 border right 174
1607539914150883110 : Checking image 2 dpi 300
1607539914150930410 : Checking image 2 border top 203
1607539914150957410 : Checking image 2 border bottom 97
1607539914150982510 : Checking image 2 border left 169
1607539914151007711 : Checking image 2 border right 169

</system-out><system-err>--------------------------------- Captured Err ---------------------------------

</system-err></testcase><testcase classname="tests.test_images" name="test_no_split_line_wave_algo_png" time="60.285"><system-out>--------------------------------- Captured Log ---------------------------------

--------------------------------- Captured Out ---------------------------------
/home/runner/work/ocr-book/ocr-book/tests/no_split_line_wave_algo.png
1607539915159657072 : Checking separation double page angle 89.93575909193096
1607539915159761172 : Checking separation double page y=0 2482
1607539920859828493 : Checking page rotation 1 0.0
1607539930596415769 : Checking page rotation 2 -0.5499999999999912
1607539940613520759 : Checking image 1 crop x1 97
1607539940613598160 : Checking image 1 crop y1 77
1607539940613632860 : Checking image 1 crop x2 2483
1607539940613664560 : Checking image 1 crop y2 3505
1607539947350619068 : Checking image 2 crop x1 164
1607539947350726269 : Checking image 2 crop y1 266
1607539947350763369 : Checking image 2 crop x2 2241
1607539947350794969 : Checking image 2 crop y2 3382
1607539947387689282 : Checking image 1 dpi 300
1607539947387772583 : Checking image 1 border top 40
1607539947387806983 : Checking image 1 border bottom 40
1607539947387836183 : Checking image 1 border left 47
1607539947387865183 : Checking image 1 border right 47
1607539947390098196 : Checking image 2 dpi 300
1607539947390160497 : Checking image 2 border top 254
1607539947390192097 : Checking image 2 border bottom 117
1607539947390220597 : Checking image 2 border left 191
1607539947390248897 : Checking image 2 border right 191

</system-out><system-err>--------------------------------- Captured Err ---------------------------------

</system-err></testcase><testcase classname="tests.test_images" name="test_no_split_line_wave_algo_2_png" time="55.838"><system-out>--------------------------------- Captured Log ---------------------------------

--------------------------------- Captured Out ---------------------------------
/home/runner/work/ocr-book/ocr-book/tests/no_split_line_wave_algo_2.png
1607539948310896322 : Checking separation double page angle 91.21822795596304
1607539948311000723 : Checking separation double page y=0 2488
1607539956160134712 : Checking page rotation 1 1.0999999999999999
1607539964387663588 : Checking page rotation 2 0.2
1607539967528963355 : Checking image 1 crop x1 266
1607539967529062656 : Checking image 1 crop y1 210
1607539967529095356 : Checking image 1 crop x2 2342
1607539967529124356 : Checking image 1 crop y2 3413
1607539969942446073 : Checking image 2 crop x1 199
1607539969942554074 : Checking image 2 crop y1 241
1607539969942588574 : Checking image 2 crop x2 2282
1607539969942619974 : Checking image 2 crop y2 3433
1607539969975376257 : Checking image 1 dpi 300
1607539969975473958 : Checking image 1 border top 194
1607539969975513958 : Checking image 1 border bottom 90
1607539969975594258 : Checking image 1 border left 192
1607539969975623559 : Checking image 1 border right 192
1607539969978318374 : Checking image 2 dpi 300
1607539969978382674 : Checking image 2 border top 226
1607539969978419074 : Checking image 2 border bottom 69
1607539969978453474 : Checking image 2 border left 188
1607539969978488175 : Checking image 2 border right 188

</system-out><system-err>--------------------------------- Captured Err ---------------------------------

</system-err></testcase><testcase classname="tests.test_images" name="test_crop_too_few_2_png" time="49.239"><system-out>--------------------------------- Captured Log ---------------------------------

--------------------------------- Captured Out ---------------------------------
/home/runner/work/ocr-book/ocr-book/tests/crop_too_few_2.png
1607539977178350407 : Checking separation double page angle 90.25476192320097
1607539977178446808 : Checking separation double page y=0 2531
1607539984368930066 : Checking page rotation 1 1.2000000000000002
1607539990941703968 : Checking page rotation 2 -0.09999999999999377
1607539994000756417 : Checking image 1 crop x1 287
1607539994000867017 : Checking image 1 crop y1 165
1607539994000903017 : Checking image 1 crop x2 2398
1607539994000933518 : Checking image 1 crop y2 3368
1607539996631786091 : Checking image 2 crop x1 145
1607539996631927792 : Checking image 2 crop y1 175
1607539996631964192 : Checking image 2 crop x2 2271
1607539996631997392 : Checking image 2 crop y2 3373
1607539996666398877 : Checking image 1 dpi 300
1607539996666483478 : Checking image 1 border top 139
1607539996666518778 : Checking image 1 border bottom 145
1607539996666567178 : Checking image 1 border left 174
1607539996666616778 : Checking image 1 border right 174
1607539996669175492 : Checking image 2 dpi 300
1607539996669234093 : Checking image 2 border top 180
1607539996669265393 : Checking image 2 border bottom 109
1607539996669294193 : Checking image 2 border left 167
1607539996669325193 : Checking image 2 border right 167

</system-out><system-err>--------------------------------- Captured Err ---------------------------------

</system-err></testcase><testcase classname="tests.test_images" name="test_failed_detect_rectangle_png" time="59.361"><system-out>--------------------------------- Captured Log ---------------------------------

--------------------------------- Captured Out ---------------------------------
/home/runner/work/ocr-book/ocr-book/tests/failed_detect_rectangle.png
1607540008938126610 : Checking separation double page angle 90.19837516213148
1607540008938219210 : Checking separation double page y=0 2471
1607540016981451804 : Checking page rotation 1 0.2
1607540023764199418 : Checking page rotation 2 0.2
1607540026456956551 : Checking image 1 crop x1 257
1607540026457054951 : Checking image 1 crop y1 201
1607540026457088251 : Checking image 1 crop x2 2333
1607540026457117152 : Checking image 1 crop y2 3402
1607540029314006880 : Checking image 2 crop x1 139
1607540029314128181 : Checking image 2 crop y1 215
1607540029314183581 : Checking image 2 crop x2 2222
1607540029314214681 : Checking image 2 crop y2 3406
1607540029354646789 : Checking image 1 dpi 300
1607540029354727190 : Checking image 1 border top 188
1607540029354759790 : Checking image 1 border bottom 98
1607540029354788790 : Checking image 1 border left 192
1607540029354817390 : Checking image 1 border right 192
1607540029357541604 : Checking image 2 dpi 300
1607540029357602305 : Checking image 2 border top 200
1607540029357633205 : Checking image 2 border bottom 95
1607540029357661205 : Checking image 2 border left 188
1607540029357707505 : Checking image 2 border right 188

</system-out><system-err>--------------------------------- Captured Err ---------------------------------

</system-err></testcase><testcase classname="tests.test_images" name="test_single_page_png" time="22.161"><system-out>--------------------------------- Captured Log ---------------------------------

--------------------------------- Captured Out ---------------------------------
/home/runner/work/ocr-book/ocr-book/tests/single_page.png
1607540004947179352 : Checking separation double page angle 89.97500000000001
1607540004947277152 : Checking separation double page y=0 2469
1607540010044426254 : Checking page rotation 1 0.0
1607540010636509278 : Checking page rotation 2 0.0
1607540017962698233 : Checking image 1 crop x1 1
1607540017962773733 : Checking image 1 crop y1 9
1607540017962805233 : Checking image 1 crop x2 2464
1607540017962834334 : Checking image 1 crop y2 3505
1607540018561131557 : Checking image 2 crop x1 0
1607540018561198157 : Checking image 2 crop y1 0
1607540018561226557 : Checking image 2 crop x2 0
1607540018561253357 : Checking image 2 crop y2 0
1607540018561319658 : Checking image 1 dpi 300
1607540018561376358 : Checking image 1 border top 6
1607540018561407658 : Checking image 1 border bottom 6
1607540018561436058 : Checking image 1 border left 9
1607540018561464958 : Checking image 1 border right 9
1607540018567492790 : Checking image 2 border top 0
1607540018567554690 : Checking image 2 border bottom 0
1607540018567582190 : Checking image 2 border left 0
1607540018567609690 : Checking image 2 border right 0

</system-out><system-err>--------------------------------- Captured Err ---------------------------------

</system-err></testcase></testsuite></testsuites>