<?xml version="1.0" encoding="utf-8"?><testsuites><testsuite errors="0" failures="0" hostname="fv-az96-831" name="pytest" skipped="0" tests="36" time="846.889" timestamp="2020-12-27T22:51:52.178107"><testcase classname="tests.test_features" name="test_mock_stop_at_0" time="0.050"><system-out>--------------------------------- Captured Log ---------------------------------

--------------------------------- Captured Out ---------------------------------
/home/runner/work/ocr-book/ocr-book/tests/0001_0.png

</system-out><system-err>--------------------------------- Captured Err ---------------------------------

</system-err></testcase><testcase classname="tests.test_features" name="test_disabled_enable_debug" time="42.498"><system-out>--------------------------------- Captured Log ---------------------------------

--------------------------------- Captured Out ---------------------------------
/home/runner/work/ocr-book/ocr-book/tests/0001_debug.png
separation double page angle 90.5528088189967
separation double page y=0 2485
page rotation 1 0.75
page rotation 2 0.2
image 1 crop x1 330
image 1 crop y1 336
image 1 crop x2 2343
image 1 crop y2 3223
image 2 crop x1 169
image 2 crop y1 648
image 2 crop x2 2186
image 2 crop y2 3361
image 1 dpi 300
image 1 border top 333
image 1 border bottom 266
image 1 border left 223
image 1 border right 223
image 2 dpi 300
image 2 border top 643
image 2 border bottom 131
image 2 border left 221
image 2 border right 221

</system-out><system-err>--------------------------------- Captured Err ---------------------------------

</system-err></testcase><testcase classname="tests.test_features" name="test_mock_stop_at_2" time="38.894"><system-out>--------------------------------- Captured Log ---------------------------------

--------------------------------- Captured Out ---------------------------------
/home/runner/work/ocr-book/ocr-book/tests/0001_2.png
separation double page angle 90.5528088189967
separation double page y=0 2485
page rotation 1 0.75
page rotation 2 0.2

</system-out><system-err>--------------------------------- Captured Err ---------------------------------

</system-err></testcase><testcase classname="tests.test_features" name="test_mock_stop_at_4" time="42.584"><system-out>--------------------------------- Captured Log ---------------------------------

--------------------------------- Captured Out ---------------------------------
/home/runner/work/ocr-book/ocr-book/tests/0001_4.png
separation double page angle 90.5528088189967
separation double page y=0 2485
page rotation 1 0.75
page rotation 2 0.2
image 1 crop x1 330
image 1 crop y1 336
image 1 crop x2 2343
image 1 crop y2 3223
image 2 crop x1 169
image 2 crop y1 648
image 2 crop x2 2186
image 2 crop y2 3361
image 1 dpi 300
image 1 border top 333
image 1 border bottom 266
image 1 border left 223
image 1 border right 223
image 2 dpi 300
image 2 border top 643
image 2 border bottom 131
image 2 border left 221
image 2 border right 221

</system-out><system-err>--------------------------------- Captured Err ---------------------------------

</system-err></testcase><testcase classname="tests.test_features" name="test_mock_stop_at_1" time="26.016"><system-out>--------------------------------- Captured Log ---------------------------------

--------------------------------- Captured Out ---------------------------------
/home/runner/work/ocr-book/ocr-book/tests/0001_1.png
separation double page angle 90.5528088189967
separation double page y=0 2485

</system-out><system-err>--------------------------------- Captured Err ---------------------------------

</system-err></testcase><testcase classname="tests.test_features" name="test_mock_stop_at_3" time="40.341"><system-out>--------------------------------- Captured Log ---------------------------------

--------------------------------- Captured Out ---------------------------------
/home/runner/work/ocr-book/ocr-book/tests/0001_3.png
separation double page angle 90.5528088189967
separation double page y=0 2485
page rotation 1 0.75
page rotation 2 0.2
image 1 crop x1 330
image 1 crop y1 336
image 1 crop x2 2343
image 1 crop y2 3223
image 2 crop x1 169
image 2 crop y1 648
image 2 crop x2 2186
image 2 crop y2 3361

</system-out><system-err>--------------------------------- Captured Err ---------------------------------

</system-err></testcase><testcase classname="tests.test_images" name="test_0001_png" time="50.366"><system-out>--------------------------------- Captured Log ---------------------------------

--------------------------------- Captured Out ---------------------------------
/home/runner/work/ocr-book/ocr-book/tests/0001.png
1609109625451992130 : Checking separation double page angle 90.5528088189967
1609109625452113838 : Checking separation double page y=0 2485
1609109631943049353 : Checking page rotation 1 0.75
1609109639885811024 : Checking page rotation 2 0.2
1609109642599517664 : Checking image 1 crop x1 330
1609109642599665574 : Checking image 1 crop y1 336
1609109642599708876 : Checking image 1 crop x2 2343
1609109642599745679 : Checking image 1 crop y2 3223
1609109645040597939 : Checking image 2 crop x1 169
1609109645040731247 : Checking image 2 crop y1 648
1609109645040770750 : Checking image 2 crop x2 2186
1609109645040804352 : Checking image 2 crop y2 3361
1609109645073663351 : Checking image 1 dpi 300
1609109645073765458 : Checking image 1 border top 333
1609109645073802160 : Checking image 1 border bottom 266
1609109645073837262 : Checking image 1 border left 223
1609109645073869665 : Checking image 1 border right 223
1609109645075823789 : Checking image 2 dpi 300
1609109645075904995 : Checking image 2 border top 643
1609109645075941197 : Checking image 2 border bottom 131
1609109645075975999 : Checking image 2 border left 221
1609109645076010401 : Checking image 2 border right 221

</system-out><system-err>--------------------------------- Captured Err ---------------------------------

</system-err></testcase><testcase classname="tests.test_features" name="test_mock_stop_at_5" time="39.953"><system-out>--------------------------------- Captured Log ---------------------------------

--------------------------------- Captured Out ---------------------------------
/home/runner/work/ocr-book/ocr-book/tests/0001_5.png
separation double page angle 90.5528088189967
separation double page y=0 2485
page rotation 1 0.75
page rotation 2 0.2
image 1 crop x1 330
image 1 crop y1 336
image 1 crop x2 2343
image 1 crop y2 3223
image 2 crop x1 169
image 2 crop y1 648
image 2 crop x2 2186
image 2 crop y2 3361
image 1 dpi 300
image 1 border top 333
image 1 border bottom 266
image 1 border left 223
image 1 border right 223
image 2 dpi 300
image 2 border top 643
image 2 border bottom 131
image 2 border left 221
image 2 border right 221

</system-out><system-err>--------------------------------- Captured Err ---------------------------------

</system-err></testcase><testcase classname="tests.test_images" name="test_black_border_not_removed_png" time="53.733"><system-out>--------------------------------- Captured Log ---------------------------------

--------------------------------- Captured Out ---------------------------------
/home/runner/work/ocr-book/ocr-book/tests/black-border-not-removed.png
1609109676585083203 : Checking separation double page angle 90.033171103531
1609109676585199110 : Checking separation double page y=0 2455
1609109682060048224 : Checking page rotation 1 0.0
1609109691706836101 : Checking page rotation 2 0.0
1609109694887099419 : Checking image 1 crop x1 297
1609109694887211826 : Checking image 1 crop y1 143
1609109694887240928 : Checking image 1 crop x2 2309
1609109694887266729 : Checking image 1 crop y2 3346
1609109698776726355 : Checking image 2 crop x1 159
1609109698776865164 : Checking image 2 crop y1 145
1609109698776906267 : Checking image 2 crop x2 2171
1609109698776945069 : Checking image 2 crop y2 3352
1609109698811874221 : Checking image 1 dpi 300
1609109698811989329 : Checking image 1 border top 132
1609109698812026931 : Checking image 1 border bottom 152
1609109698812062133 : Checking image 1 border left 224
1609109698812094536 : Checking image 1 border right 224
1609109698814211172 : Checking image 2 dpi 300
1609109698814306578 : Checking image 2 border top 132
1609109698814341080 : Checking image 2 border bottom 148
1609109698814375783 : Checking image 2 border left 224
1609109698814408385 : Checking image 2 border right 224

</system-out><system-err>--------------------------------- Captured Err ---------------------------------

</system-err></testcase><testcase classname="tests.test_images" name="test_2_pages_2_contours_png" time="31.305"><system-out>--------------------------------- Captured Log ---------------------------------

--------------------------------- Captured Out ---------------------------------
/home/runner/work/ocr-book/ocr-book/tests/2-pages-2-contours.png
1609109680817773158 : Checking separation double page angle 90.09036871657068
1609109680817913167 : Checking separation double page y=0 2486
1609109682801051827 : Checking page rotation 1 0.05
1609109688949717276 : Checking page rotation 2 0.30000000000000004
1609109690691999245 : Checking image 1 crop x1 1189
1609109690692120553 : Checking image 1 crop y1 1751
1609109690692155455 : Checking image 1 crop x2 1190
1609109690692189257 : Checking image 1 crop y2 1752
1609109693285841301 : Checking image 2 crop x1 101
1609109693285979310 : Checking image 2 crop y1 240
1609109693286013012 : Checking image 2 crop x2 2148
1609109693286045114 : Checking image 2 crop y2 3239
1609109693316543457 : Checking image 1 dpi 300
1609109693316644464 : Checking image 1 border top 1752
1609109693316676166 : Checking image 1 border bottom 1753
1609109693316704267 : Checking image 1 border left 1239
1609109693316732069 : Checking image 1 border right 1239
1609109693317804738 : Checking image 2 dpi 300
1609109693317872742 : Checking image 2 border top 230
1609109693317902244 : Checking image 2 border bottom 258
1609109693317926245 : Checking image 2 border left 206
1609109693317950447 : Checking image 2 border right 206

</system-out><system-err>--------------------------------- Captured Err ---------------------------------

</system-err></testcase><testcase classname="tests.test_images" name="test_wrong_split_line_png" time="37.617"><system-out>--------------------------------- Captured Log ---------------------------------

--------------------------------- Captured Out ---------------------------------
/home/runner/work/ocr-book/ocr-book/tests/wrong_split_line.png
1609109717075645010 : Checking separation double page angle 89.93395720607973
1609109717075758517 : Checking separation double page y=0 2465
1609109721703934692 : Checking page rotation 1 -0.14999999999999067
1609109726808715745 : Checking page rotation 2 0.5
1609109728753080025 : Checking image 1 crop x1 213
1609109728753207333 : Checking image 1 crop y1 157
1609109728753241035 : Checking image 1 crop x2 2323
1609109728753272737 : Checking image 1 crop y2 3362
1609109730899434843 : Checking image 2 crop x1 125
1609109730899546850 : Checking image 2 crop y1 165
1609109730899575752 : Checking image 2 crop x2 2237
1609109730899603453 : Checking image 2 crop y2 3374
1609109730934641989 : Checking image 1 dpi 300
1609109730934784598 : Checking image 1 border top 134
1609109730934821300 : Checking image 1 border bottom 148
1609109730934854103 : Checking image 1 border left 175
1609109730934886705 : Checking image 1 border right 175
1609109730936631516 : Checking image 2 dpi 300
1609109730936711921 : Checking image 2 border top 143
1609109730936749424 : Checking image 2 border bottom 135
1609109730936783826 : Checking image 2 border left 174
1609109730936818228 : Checking image 2 border right 174

</system-out><system-err>--------------------------------- Captured Err ---------------------------------

</system-err></testcase><testcase classname="tests.test_images" name="test_image_failed_to_rotate_png" time="55.496"><system-out>--------------------------------- Captured Log ---------------------------------

--------------------------------- Captured Out ---------------------------------
/home/runner/work/ocr-book/ocr-book/tests/image_failed_to_rotate.png
1609109728125035349 : Checking separation double page angle 90.13063640287984
1609109728125124355 : Checking separation double page y=0 2479
1609109732512044034 : Checking page rotation 1 0.35
1609109740105185834 : Checking page rotation 2 0.45
1609109750546272563 : Checking image 1 crop x1 34
1609109750546390570 : Checking image 1 crop y1 1
1609109750546426073 : Checking image 1 crop x2 2477
1609109750546457875 : Checking image 1 crop y2 3500
1609109754181893512 : Checking image 2 crop x1 167
1609109754182028220 : Checking image 2 crop y1 234
1609109754182066923 : Checking image 2 crop x2 2246
1609109754182103225 : Checking image 2 crop y2 3355
1609109754223433670 : Checking image 1 dpi 300
1609109754223560778 : Checking image 1 border top 4
1609109754223602381 : Checking image 1 border bottom 4
1609109754223639183 : Checking image 1 border left 19
1609109754223674085 : Checking image 1 border right 19
1609109754225835423 : Checking image 2 dpi 300
1609109754225926929 : Checking image 2 border top 218
1609109754225971232 : Checking image 2 border bottom 148
1609109754226006934 : Checking image 2 border left 190
1609109754226041637 : Checking image 2 border right 190

</system-out><system-err>--------------------------------- Captured Err ---------------------------------

</system-err></testcase><testcase classname="tests.test_images" name="test_crop_too_much_png" time="65.138"><system-out>--------------------------------- Captured Log ---------------------------------

--------------------------------- Captured Out ---------------------------------
/home/runner/work/ocr-book/ocr-book/tests/crop_too_much.png
1609109769125714656 : Checking separation double page angle 90.13239409272954
1609109769125824363 : Checking separation double page y=0 2455
1609109778904076096 : Checking page rotation 1 0.0
1609109789728087701 : Checking page rotation 2 0.45
1609109792777246627 : Checking image 1 crop x1 303
1609109792777377335 : Checking image 1 crop y1 148
1609109792777410837 : Checking image 1 crop x2 2313
1609109792777441239 : Checking image 1 crop y2 3351
1609109796004119540 : Checking image 2 crop x1 168
1609109796004244248 : Checking image 2 crop y1 155
1609109796004277650 : Checking image 2 crop x2 2179
1609109796004310152 : Checking image 2 crop y2 3359
1609109796049746360 : Checking image 1 dpi 300
1609109796049847967 : Checking image 1 border top 132
1609109796049880069 : Checking image 1 border bottom 152
1609109796049908571 : Checking image 1 border left 225
1609109796049936372 : Checking image 1 border right 225
1609109796051625281 : Checking image 2 dpi 300
1609109796051708286 : Checking image 2 border top 140
1609109796051742288 : Checking image 2 border bottom 143
1609109796051773890 : Checking image 2 border left 224
1609109796051805192 : Checking image 2 border right 224

</system-out><system-err>--------------------------------- Captured Err ---------------------------------

</system-err></testcase><testcase classname="tests.test_images" name="test_image_failed_to_crop_data_png" time="55.393"><system-out>--------------------------------- Captured Log ---------------------------------

--------------------------------- Captured Out ---------------------------------
/home/runner/work/ocr-book/ocr-book/tests/image_failed_to_crop_data.png
1609109783033816720 : Checking separation double page angle 90.053197600644
1609109783033931327 : Checking separation double page y=0 2480
1609109788817974660 : Checking page rotation 1 0.2
1609109794638094110 : Checking page rotation 2 0.0
1609109806297688006 : Checking image 1 crop x1 47
1609109806297834415 : Checking image 1 crop y1 7
1609109806297878518 : Checking image 1 crop x2 2478
1609109806297917320 : Checking image 1 crop y2 3502
1609109809614356634 : Checking image 2 crop x1 160
1609109809614495243 : Checking image 2 crop y1 217
1609109809614536246 : Checking image 2 crop x2 2242
1609109809614575148 : Checking image 2 crop y2 3350
1609109809648209300 : Checking image 1 dpi 300
1609109809648337108 : Checking image 1 border top 6
1609109809648380111 : Checking image 1 border bottom 6
1609109809648417314 : Checking image 1 border left 25
1609109809648452516 : Checking image 1 border right 25
1609109809650552950 : Checking image 2 dpi 300
1609109809650629255 : Checking image 2 border top 206
1609109809650663157 : Checking image 2 border bottom 148
1609109809650720361 : Checking image 2 border left 189
1609109809650752263 : Checking image 2 border right 189

</system-out><system-err>--------------------------------- Captured Err ---------------------------------

</system-err></testcase><testcase classname="tests.test_images" name="test_crop_too_few_png" time="41.643"><system-out>--------------------------------- Captured Log ---------------------------------

--------------------------------- Captured Out ---------------------------------
/home/runner/work/ocr-book/ocr-book/tests/crop_too_few.png
1609109820618366369 : Checking separation double page angle 89.54670238452755
1609109820618472075 : Checking separation double page y=0 2512
1609109827199625206 : Checking page rotation 1 -0.6499999999999977
1609109833354223780 : Checking page rotation 2 0.0
1609109835640147259 : Checking image 1 crop x1 263
1609109835640259167 : Checking image 1 crop y1 150
1609109835640287768 : Checking image 1 crop x2 2377
1609109835640314670 : Checking image 1 crop y2 3357
1609109837694979683 : Checking image 2 crop x1 137
1609109837695125893 : Checking image 2 crop y1 141
1609109837695163395 : Checking image 2 crop x2 2259
1609109837695199498 : Checking image 2 crop y2 3345
1609109837724715287 : Checking image 1 dpi 300
1609109837724803892 : Checking image 1 border top 129
1609109837724835594 : Checking image 1 border bottom 150
1609109837724865096 : Checking image 1 border left 173
1609109837724892998 : Checking image 1 border right 173
1609109837726549904 : Checking image 2 dpi 300
1609109837726638410 : Checking image 2 border top 130
1609109837726702714 : Checking image 2 border bottom 153
1609109837726739016 : Checking image 2 border left 169
1609109837726773018 : Checking image 2 border right 169

</system-out><system-err>--------------------------------- Captured Err ---------------------------------

</system-err></testcase><testcase classname="tests.test_images" name="test_wrong_angle_split_line_png" time="64.537"><system-out>--------------------------------- Captured Log ---------------------------------

--------------------------------- Captured Out ---------------------------------
/home/runner/work/ocr-book/ocr-book/tests/wrong_angle_split_line.png
1609109841225807582 : Checking separation double page angle 90.09193420006348
1609109841225906788 : Checking separation double page y=0 2478
1609109848446001728 : Checking page rotation 1 0.05
1609109856166037809 : Checking page rotation 2 0.0
1609109868137673588 : Checking image 1 crop x1 58
1609109868137821897 : Checking image 1 crop y1 7
1609109868137860000 : Checking image 1 crop x2 2472
1609109868137895802 : Checking image 1 crop y2 3505
1609109873307618123 : Checking image 2 crop x1 163
1609109873307743431 : Checking image 2 crop y1 217
1609109873307777333 : Checking image 2 crop x2 2246
1609109873307809135 : Checking image 2 crop y2 3350
1609109873470539658 : Checking image 1 dpi 300
1609109873470663066 : Checking image 1 border top 5
1609109873470736971 : Checking image 1 border bottom 5
1609109873470774773 : Checking image 1 border left 33
1609109873470809975 : Checking image 1 border right 33
1609109873478303955 : Checking image 2 dpi 300
1609109873478410362 : Checking image 2 border top 206
1609109873478448665 : Checking image 2 border bottom 148
1609109873478483767 : Checking image 2 border left 188
1609109873478518969 : Checking image 2 border right 188

</system-out><system-err>--------------------------------- Captured Err ---------------------------------

</system-err></testcase><testcase classname="tests.test_images" name="test_crop_too_much_2_png" time="72.565"><system-out>--------------------------------- Captured Log ---------------------------------

--------------------------------- Captured Out ---------------------------------
/home/runner/work/ocr-book/ocr-book/tests/crop_too_much_2.png
1609109881079481722 : Checking separation double page angle 90.1149074900787
1609109881079583129 : Checking separation double page y=0 2478
1609109892302914589 : Checking page rotation 1 0.2
1609109903609214541 : Checking page rotation 2 0.2
1609109906420159754 : Checking image 1 crop x1 332
1609109906420287062 : Checking image 1 crop y1 131
1609109906420320465 : Checking image 1 crop x2 2342
1609109906420350867 : Checking image 1 crop y2 3336
1609109910216945356 : Checking image 2 crop x1 162
1609109910217091565 : Checking image 2 crop y1 139
1609109910217129367 : Checking image 2 crop x2 2175
1609109910217165770 : Checking image 2 crop y2 3345
1609109910264590007 : Checking image 1 dpi 300
1609109910264728216 : Checking image 1 border top 119
1609109910264767519 : Checking image 1 border bottom 163
1609109910264802321 : Checking image 1 border left 225
1609109910264836823 : Checking image 1 border right 225
1609109910266587335 : Checking image 2 dpi 300
1609109910266656640 : Checking image 2 border top 130
1609109910266705843 : Checking image 2 border bottom 151
1609109910266733244 : Checking image 2 border left 223
1609109910266761446 : Checking image 2 border right 223

</system-out><system-err>--------------------------------- Captured Err ---------------------------------

</system-err></testcase><testcase classname="tests.test_images" name="test_angle_page_lower_split_line_png" time="47.276"><system-out>--------------------------------- Captured Log ---------------------------------

--------------------------------- Captured Out ---------------------------------
/home/runner/work/ocr-book/ocr-book/tests/angle_page_lower_split_line.png
1609109902781375138 : Checking separation double page angle 89.74927707086691
1609109902781490545 : Checking separation double page y=0 2474
1609109910310992379 : Checking page rotation 1 -0.4000000000000005
1609109916368078911 : Checking page rotation 2 0.2
1609109918863740322 : Checking image 1 crop x1 244
1609109918863880531 : Checking image 1 crop y1 160
1609109918863927934 : Checking image 1 crop x2 2350
1609109918863958836 : Checking image 1 crop y2 3365
1609109921496934840 : Checking image 2 crop x1 150
1609109921497062848 : Checking image 2 crop y1 147
1609109921497096851 : Checking image 2 crop x2 2257
1609109921497128353 : Checking image 2 crop y2 3350
1609109921531773571 : Checking image 1 dpi 300
1609109921531888678 : Checking image 1 border top 144
1609109921531925681 : Checking image 1 border bottom 138
1609109921531959983 : Checking image 1 border left 177
1609109921531992485 : Checking image 1 border right 177
1609109921534114321 : Checking image 2 dpi 300
1609109921534189626 : Checking image 2 border top 130
1609109921534219328 : Checking image 2 border bottom 154
1609109921534248030 : Checking image 2 border left 176
1609109921534276031 : Checking image 2 border right 176

</system-out><system-err>--------------------------------- Captured Err ---------------------------------

</system-err></testcase><testcase classname="tests.test_images" name="test_wrong_split_line_2_png" time="72.161"><system-out>--------------------------------- Captured Log ---------------------------------

--------------------------------- Captured Out ---------------------------------
/home/runner/work/ocr-book/ocr-book/tests/wrong_split_line_2.png
1609109950253140239 : Checking separation double page angle 90.19944704411863
1609109950253246046 : Checking separation double page y=0 2437
1609109959459668194 : Checking page rotation 1 0.2
1609109971871750573 : Checking page rotation 2 0.4
1609109976290733475 : Checking image 1 crop x1 294
1609109976290878485 : Checking image 1 crop y1 136
1609109976290915687 : Checking image 1 crop x2 2325
1609109976290951289 : Checking image 1 crop y2 3376
1609109982374271647 : Checking image 2 crop x1 140
1609109982374416456 : Checking image 2 crop y1 192
1609109982374454158 : Checking image 2 crop x2 2167
1609109982374501761 : Checking image 2 crop y2 3386
1609109982421613887 : Checking image 1 dpi 300
1609109982421727394 : Checking image 1 border top 131
1609109982421764296 : Checking image 1 border bottom 116
1609109982421797098 : Checking image 1 border left 214
1609109982421829201 : Checking image 1 border right 214
1609109982423573813 : Checking image 2 dpi 300
1609109982423661118 : Checking image 2 border top 183
1609109982423697821 : Checking image 2 border bottom 110
1609109982423732123 : Checking image 2 border left 216
1609109982423766425 : Checking image 2 border right 216

</system-out><system-err>--------------------------------- Captured Err ---------------------------------

</system-err></testcase><testcase classname="tests.test_images" name="test_wrong_wave_split_line_png" time="70.684"><system-out>--------------------------------- Captured Log ---------------------------------

--------------------------------- Captured Out ---------------------------------
/home/runner/work/ocr-book/ocr-book/tests/wrong_wave_split_line.png
1609109959275549903 : Checking separation double page angle 90.37878604107719
1609109959275664011 : Checking separation double page y=0 2500
1609109970181670926 : Checking page rotation 1 -0.14999999999999067
1609109979910331231 : Checking page rotation 2 0.85
1609109985531118356 : Checking image 1 crop x1 385
1609109985531247364 : Checking image 1 crop y1 179
1609109985531280767 : Checking image 1 crop x2 2411
1609109985531311069 : Checking image 1 crop y2 3374
1609109992149677667 : Checking image 2 crop x1 8
1609109992149792674 : Checking image 2 crop y1 0
1609109992149821976 : Checking image 2 crop x2 2415
1609109992149849678 : Checking image 2 crop y2 3505
1609109992201881410 : Checking image 1 dpi 300
1609109992201996017 : Checking image 1 border top 173
1609109992202033519 : Checking image 1 border bottom 119
1609109992202068922 : Checking image 1 border left 217
1609109992202101624 : Checking image 1 border right 217
1609109992204204258 : Checking image 2 dpi 300
1609109992204299664 : Checking image 2 border top 1
1609109992204336567 : Checking image 2 border bottom 1
1609109992204369269 : Checking image 2 border left 37
1609109992204402171 : Checking image 2 border right 37

</system-out><system-err>--------------------------------- Captured Err ---------------------------------

</system-err></testcase><testcase classname="tests.test_images" name="test_small_wave_png" time="65.773"><system-out>--------------------------------- Captured Log ---------------------------------

--------------------------------- Captured Out ---------------------------------
/home/runner/work/ocr-book/ocr-book/tests/small_wave.png
1609110024665379134 : Checking separation double page angle 90.58816928841564
1609110024665491341 : Checking separation double page y=0 2497
1609110034931245541 : Checking page rotation 1 0.65
1609110043633075924 : Checking page rotation 2 0.75
1609110046086759134 : Checking image 1 crop x1 320
1609110046086902543 : Checking image 1 crop y1 199
1609110046086940846 : Checking image 1 crop x2 2353
1609110046086995349 : Checking image 1 crop y2 3394
1609110048175627585 : Checking image 2 crop x1 132
1609110048175764394 : Checking image 2 crop y1 224
1609110048175807797 : Checking image 2 crop x2 2160
1609110048175844499 : Checking image 2 crop y2 3419
1609110048212274032 : Checking image 1 dpi 300
1609110048212363138 : Checking image 1 border top 179
1609110048212395340 : Checking image 1 border bottom 112
1609110048212423941 : Checking image 1 border left 213
1609110048212452143 : Checking image 1 border right 213
1609110048214088448 : Checking image 2 dpi 300
1609110048214150952 : Checking image 2 border top 197
1609110048214177154 : Checking image 2 border bottom 95
1609110048214201655 : Checking image 2 border left 216
1609110048214226057 : Checking image 2 border right 216

</system-out><system-err>--------------------------------- Captured Err ---------------------------------

</system-err></testcase><testcase classname="tests.test_images" name="test_no_split_line_line_algo_png" time="47.411"><system-out>--------------------------------- Captured Log ---------------------------------

--------------------------------- Captured Out ---------------------------------
/home/runner/work/ocr-book/ocr-book/tests/no_split_line_line_algo.png
1609110020063055281 : Checking separation double page angle 89.47691469185418
1609110020063168889 : Checking separation double page y=0 2476
1609110024498163581 : Checking page rotation 1 -0.14999999999999067
1609110034209709611 : Checking page rotation 2 -0.44999999999999746
1609110036325626941 : Checking image 1 crop x1 205
1609110036325769551 : Checking image 1 crop y1 158
1609110036325811053 : Checking image 1 crop x2 2320
1609110036325849456 : Checking image 1 crop y2 3366
1609110039591080172 : Checking image 2 crop x1 185
1609110039591220281 : Checking image 2 crop y1 221
1609110039591254483 : Checking image 2 crop x2 2201
1609110039591286985 : Checking image 2 crop y2 3366
1609110039631469659 : Checking image 1 dpi 300
1609110039631580866 : Checking image 1 border top 144
1609110039631613768 : Checking image 1 border bottom 134
1609110039631644270 : Checking image 1 border left 172
1609110039631672972 : Checking image 1 border right 172
1609110039633729203 : Checking image 2 dpi 300
1609110039633809408 : Checking image 2 border top 219
1609110039633843011 : Checking image 2 border bottom 123
1609110039633875313 : Checking image 2 border left 222
1609110039633907115 : Checking image 2 border right 222

</system-out><system-err>--------------------------------- Captured Err ---------------------------------

</system-err></testcase><testcase classname="tests.test_images" name="test_failed_split_line_line_algo_png" time="25.414"><system-out>--------------------------------- Captured Log ---------------------------------

--------------------------------- Captured Out ---------------------------------
/home/runner/work/ocr-book/ocr-book/tests/failed_split_line_line_algo.png
1609110056168726285 : Checking separation double page angle 90.04134220573248
1609110056168850293 : Checking separation double page y=0 2573
1609110059388037393 : Checking page rotation 1 -0.14999999999999067
1609110061520303701 : Checking page rotation 2 0.0
1609110063577993332 : Checking image 1 crop x1 407
1609110063578118740 : Checking image 1 crop y1 2925
1609110063578152242 : Checking image 1 crop x2 2419
1609110063578181244 : Checking image 1 crop y2 3174
1609110065075381966 : Checking image 2 crop x1 1184
1609110065075485872 : Checking image 2 crop y1 1748
1609110065075512674 : Checking image 2 crop x2 1185
1609110065075536176 : Checking image 2 crop y2 1749
1609110065075768391 : Checking image 1 dpi 300
1609110065075856696 : Checking image 1 border top 2922
1609110065075887398 : Checking image 1 border bottom 316
1609110065075917300 : Checking image 1 border left 224
1609110065075945802 : Checking image 1 border right 224
1609110065077426897 : Checking image 2 dpi 300
1609110065077507202 : Checking image 2 border top 1752
1609110065077540604 : Checking image 2 border bottom 1753
1609110065077572506 : Checking image 2 border left 1239
1609110065077604508 : Checking image 2 border right 1239

</system-out><system-err>--------------------------------- Captured Err ---------------------------------

</system-err></testcase><testcase classname="tests.test_images" name="test_wrong_split_line_3_png" time="50.138"><system-out>--------------------------------- Captured Log ---------------------------------

--------------------------------- Captured Out ---------------------------------
/home/runner/work/ocr-book/ocr-book/tests/wrong_split_line_3.png
1609110077856989306 : Checking separation double page angle 90.43729500214694
1609110077857126515 : Checking separation double page y=0 2498
1609110087602946333 : Checking page rotation 1 0.30000000000000004
1609110093691587209 : Checking page rotation 2 0.9
1609110096127414236 : Checking image 1 crop x1 331
1609110096127569546 : Checking image 1 crop y1 165
1609110096127608948 : Checking image 1 crop x2 2375
1609110096127647451 : Checking image 1 crop y2 3376
1609110098329802938 : Checking image 2 crop x1 102
1609110098329915746 : Checking image 2 crop y1 208
1609110098329944447 : Checking image 2 crop x2 2133
1609110098329972549 : Checking image 2 crop y2 3413
1609110098365005489 : Checking image 1 dpi 300
1609110098365088494 : Checking image 1 border top 157
1609110098365116896 : Checking image 1 border bottom 119
1609110098365141198 : Checking image 1 border left 208
1609110098365165599 : Checking image 1 border right 208
1609110098366849907 : Checking image 2 dpi 300
1609110098366929912 : Checking image 2 border top 187
1609110098366963714 : Checking image 2 border bottom 95
1609110098366995316 : Checking image 2 border left 214
1609110098367027118 : Checking image 2 border right 214

</system-out><system-err>--------------------------------- Captured Err ---------------------------------

</system-err></testcase><testcase classname="tests.test_images" name="test_failed_split_line_line_algo_2_png" time="57.387"><system-out>--------------------------------- Captured Log ---------------------------------

--------------------------------- Captured Out ---------------------------------
/home/runner/work/ocr-book/ocr-book/tests/failed_split_line_line_algo_2.png
1609110098495620539 : Checking separation double page angle 90.03068774449687
1609110098495708245 : Checking separation double page y=0 2500
1609110108989936879 : Checking page rotation 1 0.0
1609110117719859015 : Checking page rotation 2 0.6000000000000001
1609110119995896957 : Checking image 1 crop x1 272
1609110119996046666 : Checking image 1 crop y1 149
1609110119996084369 : Checking image 1 crop x2 2383
1609110119996117971 : Checking image 1 crop y2 3353
1609110122391745060 : Checking image 2 crop x1 121
1609110122391900870 : Checking image 2 crop y1 155
1609110122391942572 : Checking image 2 crop x2 2244
1609110122391981175 : Checking image 2 crop y2 3350
1609110122435307645 : Checking image 1 dpi 300
1609110122435419752 : Checking image 1 border top 138
1609110122435455955 : Checking image 1 border bottom 145
1609110122435490457 : Checking image 1 border left 174
1609110122435522559 : Checking image 1 border right 174
1609110122437535988 : Checking image 2 dpi 300
1609110122437618693 : Checking image 2 border top 136
1609110122437655495 : Checking image 2 border bottom 156
1609110122437690298 : Checking image 2 border left 168
1609110122437724700 : Checking image 2 border right 168

</system-out><system-err>--------------------------------- Captured Err ---------------------------------

</system-err></testcase><testcase classname="tests.test_images" name="test_crop_too_much_3_png" time="58.659"><system-out>--------------------------------- Captured Log ---------------------------------

--------------------------------- Captured Out ---------------------------------
/home/runner/work/ocr-book/ocr-book/tests/crop_too_much_3.png
1609110133688309761 : Checking separation double page angle 89.49330634783144
1609110133688421568 : Checking separation double page y=0 2498
1609110142060319540 : Checking page rotation 1 -0.8999999999999949
1609110151562896135 : Checking page rotation 2 -0.14999999999999067
1609110154306653961 : Checking image 1 crop x1 374
1609110154306802371 : Checking image 1 crop y1 258
1609110154306840573 : Checking image 1 crop x2 2385
1609110154306873775 : Checking image 1 crop y2 3459
1609110156977375173 : Checking image 2 crop x1 168
1609110156977505382 : Checking image 2 crop y1 228
1609110156977546184 : Checking image 2 crop x2 2181
1609110156977583987 : Checking image 2 crop y2 3417
1609110157020871055 : Checking image 1 dpi 300
1609110157020968262 : Checking image 1 border top 239
1609110157021003664 : Checking image 1 border bottom 47
1609110157021035866 : Checking image 1 border left 224
1609110157021067868 : Checking image 1 border right 224
1609110157022795378 : Checking image 2 dpi 300
1609110157022873683 : Checking image 2 border top 209
1609110157022909686 : Checking image 2 border bottom 89
1609110157022943688 : Checking image 2 border left 223
1609110157022977790 : Checking image 2 border right 223

</system-out><system-err>--------------------------------- Captured Err ---------------------------------

</system-err></testcase><testcase classname="tests.test_images" name="test_wrong_wave_split_line_2_png" time="63.267"><system-out>--------------------------------- Captured Log ---------------------------------

--------------------------------- Captured Out ---------------------------------
/home/runner/work/ocr-book/ocr-book/tests/wrong_wave_split_line_2.png
1609110158926756462 : Checking separation double page angle 90.7708958311329
1609110158926872769 : Checking separation double page y=0 2490
1609110167598168716 : Checking page rotation 1 0.4
1609110177843487689 : Checking page rotation 2 1.8
1609110180391644151 : Checking image 1 crop x1 224
1609110180391782360 : Checking image 1 crop y1 147
1609110180391820562 : Checking image 1 crop x2 2337
1609110180391856165 : Checking image 1 crop y2 3355
1609110185660498667 : Checking image 2 crop x1 107
1609110185660623475 : Checking image 2 crop y1 197
1609110185660657077 : Checking image 2 crop x2 2229
1609110185660688979 : Checking image 2 crop y2 3396
1609110185705650257 : Checking image 1 dpi 300
1609110185705762164 : Checking image 1 border top 137
1609110185705790666 : Checking image 1 border bottom 142
1609110185705816868 : Checking image 1 border left 173
1609110185705841369 : Checking image 1 border right 173
1609110185708303427 : Checking image 2 dpi 300
1609110185708379932 : Checking image 2 border top 171
1609110185708405833 : Checking image 2 border bottom 116
1609110185708430135 : Checking image 2 border left 169
1609110185708454036 : Checking image 2 border right 169

</system-out><system-err>--------------------------------- Captured Err ---------------------------------

</system-err></testcase><testcase classname="tests.test_images" name="test_wrong_wave_split_line_3_png" time="53.854"><system-out>--------------------------------- Captured Log ---------------------------------

--------------------------------- Captured Out ---------------------------------
/home/runner/work/ocr-book/ocr-book/tests/wrong_wave_split_line_3.png
1609110190368028081 : Checking separation double page angle 90.05826063695574
1609110190368141888 : Checking separation double page y=0 2514
1609110199380597515 : Checking page rotation 1 0.05
1609110206320995887 : Checking page rotation 2 0.30000000000000004
1609110208712165744 : Checking image 1 crop x1 273
1609110208712285951 : Checking image 1 crop y1 220
1609110208712343655 : Checking image 1 crop x2 2383
1609110208712378457 : Checking image 1 crop y2 3423
1609110210830773777 : Checking image 2 crop x1 114
1609110210830879184 : Checking image 2 crop y1 226
1609110210830907986 : Checking image 2 crop x2 2237
1609110210830935688 : Checking image 2 crop y2 3414
1609110210877034135 : Checking image 1 dpi 300
1609110210877140141 : Checking image 1 border top 202
1609110210877176844 : Checking image 1 border bottom 82
1609110210877209646 : Checking image 1 border left 175
1609110210877241648 : Checking image 1 border right 175
1609110210880364747 : Checking image 2 dpi 300
1609110210880450353 : Checking image 2 border top 207
1609110210880478255 : Checking image 2 border bottom 92
1609110210880502856 : Checking image 2 border left 168
1609110210880527158 : Checking image 2 border right 168

</system-out><system-err>--------------------------------- Captured Err ---------------------------------

</system-err></testcase><testcase classname="tests.test_images" name="test_no_split_line_wave_algo_png" time="59.727"><system-out>--------------------------------- Captured Log ---------------------------------

--------------------------------- Captured Out ---------------------------------
/home/runner/work/ocr-book/ocr-book/tests/no_split_line_wave_algo.png
1609110217102107509 : Checking separation double page angle 89.72500000000001
1609110217102229316 : Checking separation double page y=0 2484
1609110222835251398 : Checking page rotation 1 0.0
1609110230103615480 : Checking page rotation 2 -0.49999999999999434
1609110238889386320 : Checking image 1 crop x1 97
1609110238889468526 : Checking image 1 crop y1 79
1609110238889505028 : Checking image 1 crop x2 2494
1609110238889539030 : Checking image 1 crop y2 3505
1609110245353238686 : Checking image 2 crop x1 163
1609110245353367695 : Checking image 2 crop y1 266
1609110245353406897 : Checking image 2 crop x2 2238
1609110245353440999 : Checking image 2 crop y2 3381
1609110245396295139 : Checking image 1 dpi 300
1609110245396411747 : Checking image 1 border top 41
1609110245396448549 : Checking image 1 border bottom 41
1609110245396483351 : Checking image 1 border left 42
1609110245396515953 : Checking image 1 border right 42
1609110245398653690 : Checking image 2 dpi 300
1609110245398754096 : Checking image 2 border top 258
1609110245398789299 : Checking image 2 border bottom 114
1609110245398821601 : Checking image 2 border left 192
1609110245398853703 : Checking image 2 border right 192

</system-out><system-err>--------------------------------- Captured Err ---------------------------------

</system-err></testcase><testcase classname="tests.test_images" name="test_no_split_line_wave_algo_2_png" time="46.120"><system-out>--------------------------------- Captured Log ---------------------------------

--------------------------------- Captured Out ---------------------------------
/home/runner/work/ocr-book/ocr-book/tests/no_split_line_wave_algo_2.png
1609110237441947609 : Checking separation double page angle 90.54999999999998
1609110237442055716 : Checking separation double page y=0 2478
1609110244923590616 : Checking page rotation 1 1.1500000000000001
1609110252354473314 : Checking page rotation 2 0.2
1609110254741587727 : Checking image 1 crop x1 266
1609110254741718735 : Checking image 1 crop y1 209
1609110254741757137 : Checking image 1 crop x2 2342
1609110254741790340 : Checking image 1 crop y2 3413
1609110256952248858 : Checking image 2 crop x1 168
1609110256952388167 : Checking image 2 crop y1 241
1609110256952428070 : Checking image 2 crop x2 2251
1609110256952465472 : Checking image 2 crop y2 3433
1609110256995856446 : Checking image 1 dpi 300
1609110256995978754 : Checking image 1 border top 191
1609110256996017956 : Checking image 1 border bottom 92
1609110256996053059 : Checking image 1 border left 192
1609110256996087461 : Checking image 1 border right 192
1609110256997878975 : Checking image 2 dpi 300
1609110256997960380 : Checking image 2 border top 224
1609110256997999983 : Checking image 2 border bottom 71
1609110256998033685 : Checking image 2 border left 188
1609110256998067487 : Checking image 2 border right 188

</system-out><system-err>--------------------------------- Captured Err ---------------------------------

</system-err></testcase><testcase classname="tests.test_images" name="test_crop_too_few_2_png" time="45.289"><system-out>--------------------------------- Captured Log ---------------------------------

--------------------------------- Captured Out ---------------------------------
/home/runner/work/ocr-book/ocr-book/tests/crop_too_few_2.png
1609110272690230864 : Checking separation double page angle 90.30476192320097
1609110272690333770 : Checking separation double page y=0 2531
1609110279517146054 : Checking page rotation 1 1.2000000000000002
1609110285076792211 : Checking page rotation 2 -0.04999999999999689
1609110287705527917 : Checking image 1 crop x1 287
1609110287705651025 : Checking image 1 crop y1 165
1609110287705682827 : Checking image 1 crop x2 2398
1609110287705714129 : Checking image 1 crop y2 3368
1609110290699937107 : Checking image 2 crop x1 149
1609110290700082516 : Checking image 2 crop y1 189
1609110290700121819 : Checking image 2 crop x2 2273
1609110290700160621 : Checking image 2 crop y2 3386
1609110290738800092 : Checking image 1 dpi 300
1609110290738916600 : Checking image 1 border top 157
1609110290738956502 : Checking image 1 border bottom 127
1609110290738993505 : Checking image 1 border left 174
1609110290739028307 : Checking image 1 border right 174
1609110290741132041 : Checking image 2 dpi 300
1609110290741217047 : Checking image 2 border top 181
1609110290741253949 : Checking image 2 border bottom 109
1609110290741288551 : Checking image 2 border left 168
1609110290741325154 : Checking image 2 border right 168

</system-out><system-err>--------------------------------- Captured Err ---------------------------------

</system-err></testcase><testcase classname="tests.test_images" name="test_failed_detect_rectangle_png" time="57.512"><system-out>--------------------------------- Captured Log ---------------------------------

--------------------------------- Captured Out ---------------------------------
/home/runner/work/ocr-book/ocr-book/tests/failed_detect_rectangle.png
1609110290103867189 : Checking separation double page angle 90.19837516213148
1609110290103966495 : Checking separation double page y=0 2474
1609110299017395452 : Checking page rotation 1 0.2
1609110309754196625 : Checking page rotation 2 0.2
1609110312289840173 : Checking image 1 crop x1 257
1609110312289947880 : Checking image 1 crop y1 201
1609110312289976781 : Checking image 1 crop x2 2333
1609110312290001583 : Checking image 1 crop y2 3402
1609110314460878291 : Checking image 2 crop x1 136
1609110314461007399 : Checking image 2 crop y1 215
1609110314461048102 : Checking image 2 crop x2 2219
1609110314461085104 : Checking image 2 crop y2 3406
1609110314509039672 : Checking image 1 dpi 300
1609110314509146479 : Checking image 1 border top 188
1609110314509182282 : Checking image 1 border bottom 97
1609110314509210383 : Checking image 1 border left 192
1609110314509238185 : Checking image 1 border right 192
1609110314510942394 : Checking image 2 dpi 300
1609110314511028100 : Checking image 2 border top 200
1609110314511064302 : Checking image 2 border bottom 95
1609110314511097804 : Checking image 2 border left 188
1609110314511132006 : Checking image 2 border right 188

</system-out><system-err>--------------------------------- Captured Err ---------------------------------

</system-err></testcase><testcase classname="tests.test_images" name="test_single_page_png" time="25.938"><system-out>--------------------------------- Captured Log ---------------------------------

--------------------------------- Captured Out ---------------------------------
/home/runner/work/ocr-book/ocr-book/tests/single_page.png
1609110301940989489 : Checking separation double page angle 90.04999999999998
1609110301941116697 : Checking separation double page y=0 2476
1609110307423377883 : Checking page rotation 1 0.0
1609110307994904353 : Checking page rotation 2 0.0
1609110315752527946 : Checking image 1 crop x1 1
1609110315752618352 : Checking image 1 crop y1 8
1609110315752653554 : Checking image 1 crop x2 2470
1609110315752687257 : Checking image 1 crop y2 3505
1609110316334306378 : Checking image 2 crop x1 0
1609110316334382183 : Checking image 2 crop y1 0
1609110316334416285 : Checking image 2 crop x2 0
1609110316334448988 : Checking image 2 crop y2 0
1609110316334519192 : Checking image 1 dpi 300
1609110316334584896 : Checking image 1 border top 5
1609110316334621399 : Checking image 1 border bottom 5
1609110316334655901 : Checking image 1 border left 6
1609110316334708004 : Checking image 1 border right 6
1609110316340538977 : Checking image 2 border top 0
1609110316340600781 : Checking image 2 border bottom 0
1609110316340632083 : Checking image 2 border left 0
1609110316340662785 : Checking image 2 border right 0

</system-out><system-err>--------------------------------- Captured Err ---------------------------------

</system-err></testcase><testcase classname="tests.test_images" name="test_no_split_line_wave_algo_3_png" time="18.285"><system-out>--------------------------------- Captured Log ---------------------------------

--------------------------------- Captured Out ---------------------------------
/home/runner/work/ocr-book/ocr-book/tests/no_split_line_wave_algo_3.png
1609110324944253455 : Checking separation double page angle 90.14999999999998
1609110324944370063 : Checking separation double page y=0 2408
1609110327815088228 : Checking page rotation 1 0.0
1609110328144822124 : Checking page rotation 2 0.35
1609110332285145507 : Checking image 1 crop x1 184
1609110332285261214 : Checking image 1 crop y1 2957
1609110332285298217 : Checking image 1 crop x2 2201
1609110332285329319 : Checking image 1 crop y2 3202
1609110332793219509 : Checking image 2 crop x1 0
1609110332793288913 : Checking image 2 crop y1 0
1609110332793317815 : Checking image 2 crop x2 0
1609110332793345217 : Checking image 2 crop y2 0
1609110332793414521 : Checking image 1 dpi 300
1609110332793479026 : Checking image 1 border top 2950
1609110332793509827 : Checking image 1 border bottom 292
1609110332793538829 : Checking image 1 border left 221
1609110332793567931 : Checking image 1 border right 221
1609110332802132379 : Checking image 2 border top 0
1609110332802185182 : Checking image 2 border bottom 0
1609110332802209684 : Checking image 2 border left 0
1609110332802233986 : Checking image 2 border right 0

</system-out><system-err>--------------------------------- Captured Err ---------------------------------

</system-err></testcase><testcase classname="tests.test_images" name="test_wrong_split_line_4_png" time="27.287"><system-out>--------------------------------- Captured Log ---------------------------------

--------------------------------- Captured Out ---------------------------------
/home/runner/work/ocr-book/ocr-book/tests/wrong_split_line_4.png
1609110332293403135 : Checking separation double page angle 91.04999999999998
1609110332293507142 : Checking separation double page y=0 60
1609110332580561505 : Checking page rotation 1 1.05
1609110340465412956 : Checking page rotation 2 1.1500000000000001
1609110340992324944 : Checking image 1 crop x1 0
1609110340992377847 : Checking image 1 crop y1 0
1609110340992400749 : Checking image 1 crop x2 0
1609110340992421650 : Checking image 1 crop y2 0
1609110343966254181 : Checking image 2 crop x1 292
1609110343966379989 : Checking image 2 crop y1 330
1609110343966415192 : Checking image 2 crop x2 2314
1609110343966446794 : Checking image 2 crop y2 3218
1609110344008091856 : Checking image 1 border top 0
1609110344008145260 : Checking image 1 border bottom 0
1609110344008171761 : Checking image 1 border left 0
1609110344008193763 : Checking image 1 border right 0
1609110344008237166 : Checking image 2 dpi 300
1609110344008294669 : Checking image 2 border top 322
1609110344008317571 : Checking image 2 border bottom 277
1609110344008339472 : Checking image 2 border left 219
1609110344008361373 : Checking image 2 border right 219

</system-out><system-err>--------------------------------- Captured Err ---------------------------------

</system-err></testcase><testcase classname="tests.test_images" name="test_failed_split_line_line_algo_3_png" time="24.193"><system-out>--------------------------------- Captured Log ---------------------------------

--------------------------------- Captured Out ---------------------------------
/home/runner/work/ocr-book/ocr-book/tests/failed_split_line_line_algo_3.png
1609110346242000181 : Checking separation double page angle 90.0
1609110346242131589 : Checking separation double page y=0 40
1609110346415986905 : Checking page rotation 1 0.0
1609110350510348136 : Checking page rotation 2 0.0
1609110350896809271 : Checking image 1 crop x1 0
1609110350896874375 : Checking image 1 crop y1 0
1609110350896902076 : Checking image 1 crop x2 0
1609110350896928478 : Checking image 1 crop y2 0
1609110357028620510 : Checking image 2 crop x1 246
1609110357028713316 : Checking image 2 crop y1 154
1609110357028740217 : Checking image 2 crop x2 2259
1609110357028765519 : Checking image 2 crop y2 3361
1609110357062552503 : Checking image 1 border top 0
1609110357062610107 : Checking image 1 border bottom 0
1609110357062635708 : Checking image 1 border left 0
1609110357062660210 : Checking image 1 border right 0
1609110357062719514 : Checking image 2 dpi 300
1609110357062783117 : Checking image 2 border top 146
1609110357062807619 : Checking image 2 border bottom 134
1609110357062830720 : Checking image 2 border left 223
1609110357062854022 : Checking image 2 border right 223

</system-out><system-err>--------------------------------- Captured Err ---------------------------------

</system-err></testcase></testsuite></testsuites>