<?xml version="1.0" encoding="utf-8"?><testsuites><testsuite errors="0" failures="0" hostname="fv-az68-621" name="pytest" skipped="0" tests="18" time="416.324" timestamp="2020-11-23T12:27:21.111579"><testcase classname="tests.test_features" name="test_disabled_enable_debug" time="33.655"><system-out>--------------------------------- Captured Log ---------------------------------

--------------------------------- Captured Out ---------------------------------
/home/runner/work/ocr-book/ocr-book/tests/0001_debug.png
separation double page angle 90.53945493634917
separation double page y=0 2485
page rotation 1 0.75
page rotation 2 0.2
image 1 crop x1 330
image 1 crop y1 336
image 1 crop x2 2343
image 1 crop y2 3223
image 2 crop x1 169
image 2 crop y1 648
image 2 crop x2 2186
image 2 crop y2 3361
image 1 dpi 300
image 1 border top 340
image 1 border bottom 260
image 1 border left 223
image 1 border right 223
image 2 dpi 300
image 2 border top 646
image 2 border bottom 128
image 2 border left 221
image 2 border right 221

</system-out><system-err>--------------------------------- Captured Err ---------------------------------

</system-err></testcase><testcase classname="tests.test_features" name="test_mock_stop_at_0" time="0.050"><system-out>--------------------------------- Captured Log ---------------------------------

--------------------------------- Captured Out ---------------------------------
/home/runner/work/ocr-book/ocr-book/tests/0001_0.png

</system-out><system-err>--------------------------------- Captured Err ---------------------------------

</system-err></testcase><testcase classname="tests.test_features" name="test_mock_stop_at_2" time="42.664"><system-out>--------------------------------- Captured Log ---------------------------------

--------------------------------- Captured Out ---------------------------------
/home/runner/work/ocr-book/ocr-book/tests/0001_2.png
separation double page angle 90.53945493634917
separation double page y=0 2485
page rotation 1 0.75
page rotation 2 0.2

</system-out><system-err>--------------------------------- Captured Err ---------------------------------

</system-err></testcase><testcase classname="tests.test_features" name="test_mock_stop_at_1" time="23.279"><system-out>--------------------------------- Captured Log ---------------------------------

--------------------------------- Captured Out ---------------------------------
/home/runner/work/ocr-book/ocr-book/tests/0001_1.png
separation double page angle 90.53945493634917
separation double page y=0 2485

</system-out><system-err>--------------------------------- Captured Err ---------------------------------

</system-err></testcase><testcase classname="tests.test_features" name="test_mock_stop_at_3" time="43.862"><system-out>--------------------------------- Captured Log ---------------------------------

--------------------------------- Captured Out ---------------------------------
/home/runner/work/ocr-book/ocr-book/tests/0001_3.png
separation double page angle 90.53945493634917
separation double page y=0 2485
page rotation 1 0.75
page rotation 2 0.2
image 1 crop x1 330
image 1 crop y1 336
image 1 crop x2 2343
image 1 crop y2 3223
image 2 crop x1 169
image 2 crop y1 648
image 2 crop x2 2186
image 2 crop y2 3361

</system-out><system-err>--------------------------------- Captured Err ---------------------------------

</system-err></testcase><testcase classname="tests.test_features" name="test_mock_stop_at_5" time="44.258"><system-out>--------------------------------- Captured Log ---------------------------------

--------------------------------- Captured Out ---------------------------------
/home/runner/work/ocr-book/ocr-book/tests/0001_5.png
separation double page angle 90.53945493634917
separation double page y=0 2485
page rotation 1 0.75
page rotation 2 0.2
image 1 crop x1 330
image 1 crop y1 336
image 1 crop x2 2343
image 1 crop y2 3223
image 2 crop x1 169
image 2 crop y1 648
image 2 crop x2 2186
image 2 crop y2 3361
image 1 dpi 300
image 1 border top 340
image 1 border bottom 260
image 1 border left 223
image 1 border right 223
image 2 dpi 300
image 2 border top 646
image 2 border bottom 128
image 2 border left 221
image 2 border right 221

</system-out><system-err>--------------------------------- Captured Err ---------------------------------

</system-err></testcase><testcase classname="tests.test_features" name="test_mock_stop_at_4" time="44.794"><system-out>--------------------------------- Captured Log ---------------------------------

--------------------------------- Captured Out ---------------------------------
/home/runner/work/ocr-book/ocr-book/tests/0001_4.png
separation double page angle 90.53945493634917
separation double page y=0 2485
page rotation 1 0.75
page rotation 2 0.2
image 1 crop x1 330
image 1 crop y1 336
image 1 crop x2 2343
image 1 crop y2 3223
image 2 crop x1 169
image 2 crop y1 648
image 2 crop x2 2186
image 2 crop y2 3361
image 1 dpi 300
image 1 border top 340
image 1 border bottom 260
image 1 border left 223
image 1 border right 223
image 2 dpi 300
image 2 border top 646
image 2 border bottom 128
image 2 border left 221
image 2 border right 221

</system-out><system-err>--------------------------------- Captured Err ---------------------------------

</system-err></testcase><testcase classname="tests.test_images" name="test_0001_png" time="44.124"><system-out>--------------------------------- Captured Log ---------------------------------

--------------------------------- Captured Out ---------------------------------
/home/runner/work/ocr-book/ocr-book/tests/0001.png
1606134565858649679 : Checking separation double page angle 90.53945493634917
1606134565858759984 : Checking separation double page y=0 2485
1606134573394600511 : Checking page rotation 1 0.75
1606134583620994276 : Checking page rotation 2 0.2
1606134585495943927 : Checking image 1 crop x1 330
1606134585496036031 : Checking image 1 crop y1 336
1606134585496085533 : Checking image 1 crop x2 2343
1606134585496130835 : Checking image 1 crop y2 3223
1606134587450124717 : Checking image 2 crop x1 169
1606134587450219221 : Checking image 2 crop y1 648
1606134587450270323 : Checking image 2 crop x2 2186
1606134587450315725 : Checking image 2 crop y2 3361
1606134587483848337 : Checking image 1 dpi 300
1606134587483967442 : Checking image 1 border top 340
1606134587484009744 : Checking image 1 border bottom 260
1606134587484045145 : Checking image 1 border left 223
1606134587484079747 : Checking image 1 border right 223
1606134587491402977 : Checking image 2 dpi 300
1606134587491517482 : Checking image 2 border top 646
1606134587491558884 : Checking image 2 border bottom 128
1606134587491594686 : Checking image 2 border left 221
1606134587491629387 : Checking image 2 border right 221

</system-out><system-err>--------------------------------- Captured Err ---------------------------------

</system-err></testcase><testcase classname="tests.test_images" name="test_2_pages_2_contours_png" time="29.987"><system-out>--------------------------------- Captured Log ---------------------------------

--------------------------------- Captured Out ---------------------------------
/home/runner/work/ocr-book/ocr-book/tests/2-pages-2-contours.png
1606134590070343578 : Checking separation double page angle 90.15647898380502
1606134590070436482 : Checking separation double page y=0 2489
1606134592468369341 : Checking page rotation 1 0.05
1606134600664380483 : Checking page rotation 2 0.35000000000000003
1606134601536524524 : Checking image 1 crop x1 1190
1606134601536606628 : Checking image 1 crop y1 1733
1606134601536644230 : Checking image 1 crop x2 1191
1606134601536679931 : Checking image 1 crop y2 1734
1606134603555412764 : Checking image 2 crop x1 102
1606134603555511468 : Checking image 2 crop y1 240
1606134603555563270 : Checking image 2 crop x2 2149
1606134603555610772 : Checking image 2 crop y2 3239
1606134603589129549 : Checking image 1 dpi 300
1606134603589243154 : Checking image 1 border top 1752
1606134603589285256 : Checking image 1 border bottom 1753
1606134603589322257 : Checking image 1 border left 1239
1606134603589358359 : Checking image 1 border right 1239
1606134603591099135 : Checking image 2 dpi 300
1606134603591169839 : Checking image 2 border top 231
1606134603591249942 : Checking image 2 border bottom 257
1606134603591285744 : Checking image 2 border left 206
1606134603591320945 : Checking image 2 border right 206

</system-out><system-err>--------------------------------- Captured Err ---------------------------------

</system-err></testcase><testcase classname="tests.test_images" name="test_black_border_not_removed_png" time="55.869"><system-out>--------------------------------- Captured Log ---------------------------------

--------------------------------- Captured Out ---------------------------------
/home/runner/work/ocr-book/ocr-book/tests/black-border-not-removed.png
1606134618569536789 : Checking separation double page angle 89.9903688802698
1606134618569636393 : Checking separation double page y=0 2455
1606134626141507819 : Checking page rotation 1 0.0
1606134638238390806 : Checking page rotation 2 0.0
1606134640454126229 : Checking image 1 crop x1 297
1606134640454217133 : Checking image 1 crop y1 143
1606134640454266335 : Checking image 1 crop x2 2309
1606134640454310837 : Checking image 1 crop y2 3346
1606134643330340995 : Checking image 2 crop x1 156
1606134643330453900 : Checking image 2 crop y1 145
1606134643330506002 : Checking image 2 crop x2 2168
1606134643330554204 : Checking image 2 crop y2 3352
1606134643366914822 : Checking image 1 dpi 300
1606134643367029727 : Checking image 1 border top 130
1606134643367070629 : Checking image 1 border bottom 154
1606134643367106930 : Checking image 1 border left 224
1606134643367141932 : Checking image 1 border right 224
1606134643369878846 : Checking image 2 dpi 300
1606134643369976750 : Checking image 2 border top 139
1606134643370015752 : Checking image 2 border bottom 141
1606134643370050553 : Checking image 2 border left 224
1606134643370084855 : Checking image 2 border right 224

</system-out><system-err>--------------------------------- Captured Err ---------------------------------

</system-err></testcase><testcase classname="tests.test_images" name="test_image_failed_to_rotate_png" time="51.896"><system-out>--------------------------------- Captured Log ---------------------------------

--------------------------------- Captured Out ---------------------------------
/home/runner/work/ocr-book/ocr-book/tests/image_failed_to_rotate.png
1606134625558321598 : Checking separation double page angle 90.14353501543772
1606134625558427302 : Checking separation double page y=0 2476
1606134631373573607 : Checking page rotation 1 0.35000000000000003
1606134640533015236 : Checking page rotation 2 0.45
1606134652828469707 : Checking image 1 crop x1 34
1606134652828570111 : Checking image 1 crop y1 1
1606134652828612713 : Checking image 1 crop x2 2474
1606134652828652015 : Checking image 1 crop y2 3500
1606134655319508581 : Checking image 2 crop x1 171
1606134655319604685 : Checking image 2 crop y1 234
1606134655319658487 : Checking image 2 crop x2 2250
1606134655319709389 : Checking image 2 crop y2 3355
1606134655362555752 : Checking image 1 dpi 300
1606134655362671057 : Checking image 1 border top 4
1606134655362713258 : Checking image 1 border bottom 4
1606134655362749460 : Checking image 1 border left 20
1606134655362785461 : Checking image 1 border right 20
1606134655366027095 : Checking image 2 dpi 300
1606134655366142499 : Checking image 2 border top 220
1606134655366183001 : Checking image 2 border bottom 146
1606134655366219103 : Checking image 2 border left 190
1606134655366254204 : Checking image 2 border right 190

</system-out><system-err>--------------------------------- Captured Err ---------------------------------

</system-err></testcase><testcase classname="tests.test_images" name="test_image_failed_to_crop_data_png" time="51.134"><system-out>--------------------------------- Captured Log ---------------------------------

--------------------------------- Captured Out ---------------------------------
/home/runner/work/ocr-book/ocr-book/tests/image_failed_to_crop_data.png
1606134667735703253 : Checking separation double page angle 90.06228874101497
1606134667735811057 : Checking separation double page y=0 2482
1606134673981295759 : Checking page rotation 1 0.2
1606134680564411917 : Checking page rotation 2 0.05
1606134692361097023 : Checking image 1 crop x1 58
1606134692361189827 : Checking image 1 crop y1 8
1606134692361231129 : Checking image 1 crop x2 2480
1606134692361268930 : Checking image 1 crop y2 3504
1606134694394384887 : Checking image 2 crop x1 159
1606134694394476790 : Checking image 2 crop y1 217
1606134694394526192 : Checking image 2 crop x2 2240
1606134694394571394 : Checking image 2 crop y2 3350
1606134694431667853 : Checking image 1 dpi 300
1606134694431777257 : Checking image 1 border top 6
1606134694431817959 : Checking image 1 border bottom 6
1606134694431853360 : Checking image 1 border left 29
1606134694431888062 : Checking image 1 border right 29
1606134694434185352 : Checking image 2 dpi 300
1606134694434262555 : Checking image 2 border top 224
1606134694434299356 : Checking image 2 border bottom 130
1606134694434333958 : Checking image 2 border left 189
1606134694434368359 : Checking image 2 border right 189

</system-out><system-err>--------------------------------- Captured Err ---------------------------------

</system-err></testcase><testcase classname="tests.test_images" name="test_wrong_angle_split_line_png" time="63.753"><system-out>--------------------------------- Captured Log ---------------------------------

--------------------------------- Captured Out ---------------------------------
/home/runner/work/ocr-book/ocr-book/tests/wrong_angle_split_line.png
1606134684684405710 : Checking separation double page angle 90.08422009258813
1606134684684515114 : Checking separation double page y=0 2487
1606134692997730716 : Checking page rotation 1 0.0
1606134702930620985 : Checking page rotation 2 0.0
1606134715067852447 : Checking image 1 crop x1 53
1606134715067950751 : Checking image 1 crop y1 8
1606134715067992752 : Checking image 1 crop x2 2485
1606134715068032054 : Checking image 1 crop y2 3505
1606134718277227421 : Checking image 2 crop x1 154
1606134718277454530 : Checking image 2 crop y1 217
1606134718277508232 : Checking image 2 crop x2 2237
1606134718277555834 : Checking image 2 crop y2 3350
1606134718447562752 : Checking image 1 dpi 300
1606134718447678656 : Checking image 1 border top 5
1606134718447720258 : Checking image 1 border bottom 5
1606134718447756359 : Checking image 1 border left 24
1606134718447792061 : Checking image 1 border right 24
1606134718459250500 : Checking image 2 dpi 300
1606134718459679517 : Checking image 2 border top 213
1606134718459734819 : Checking image 2 border bottom 141
1606134718459772020 : Checking image 2 border left 188
1606134718459807721 : Checking image 2 border right 188

</system-out><system-err>--------------------------------- Captured Err ---------------------------------

</system-err></testcase><testcase classname="tests.test_images" name="test_angle_page_lower_split_line_png" time="38.600"><system-out>--------------------------------- Captured Log ---------------------------------

--------------------------------- Captured Out ---------------------------------
/home/runner/work/ocr-book/ocr-book/tests/angle_page_lower_split_line.png
1606134710477753416 : Checking separation double page angle 89.74710364870903
1606134710477841520 : Checking separation double page y=0 2471
1606134720266022511 : Checking page rotation 1 -0.44999999999998863
1606134729165558273 : Checking page rotation 2 0.2
1606134731247282149 : Checking image 1 crop x1 245
1606134731247376853 : Checking image 1 crop y1 161
1606134731247425755 : Checking image 1 crop x2 2351
1606134731247470656 : Checking image 1 crop y2 3364
1606134733060482322 : Checking image 2 crop x1 153
1606134733060578026 : Checking image 2 crop y1 147
1606134733060627527 : Checking image 2 crop x2 2260
1606134733060672529 : Checking image 2 crop y2 3350
1606134733098193046 : Checking image 1 dpi 300
1606134733098306851 : Checking image 1 border top 132
1606134733098347652 : Checking image 1 border bottom 152
1606134733098383153 : Checking image 1 border left 177
1606134733098417555 : Checking image 1 border right 177
1606134733101297563 : Checking image 2 dpi 300
1606134733101401067 : Checking image 2 border top 116
1606134733101440269 : Checking image 2 border bottom 168
1606134733101475170 : Checking image 2 border left 176
1606134733101509171 : Checking image 2 border right 176

</system-out><system-err>--------------------------------- Captured Err ---------------------------------

</system-err></testcase><testcase classname="tests.test_images" name="test_wrong_split_line_png" time="40.517"><system-out>--------------------------------- Captured Log ---------------------------------

--------------------------------- Captured Out ---------------------------------
/home/runner/work/ocr-book/ocr-book/tests/wrong_split_line.png
1606134741766057057 : Checking separation double page angle 89.81531182790899
1606134741766164161 : Checking separation double page y=0 2465
1606134748876185550 : Checking page rotation 1 -0.04999999999999716
1606134756719029056 : Checking page rotation 2 0.6000000000000001
1606134758228899801 : Checking image 1 crop x1 211
1606134758228997604 : Checking image 1 crop y1 156
1606134758229048406 : Checking image 1 crop x2 2323
1606134758229094508 : Checking image 1 crop y2 3363
1606134759725761888 : Checking image 2 crop x1 124
1606134759725857892 : Checking image 2 crop y1 167
1606134759725909094 : Checking image 2 crop x2 2236
1606134759725955896 : Checking image 2 crop y2 3373
1606134759761248696 : Checking image 1 dpi 300
1606134759761355900 : Checking image 1 border top 116
1606134759761398702 : Checking image 1 border bottom 164
1606134759761435503 : Checking image 1 border left 174
1606134759761471504 : Checking image 1 border right 174
1606134759763779689 : Checking image 2 dpi 300
1606134759763844792 : Checking image 2 border top 142
1606134759763882593 : Checking image 2 border bottom 139
1606134759763917595 : Checking image 2 border left 174
1606134759763952696 : Checking image 2 border right 174

</system-out><system-err>--------------------------------- Captured Err ---------------------------------

</system-err></testcase><testcase classname="tests.test_images" name="test_crop_too_much_png" time="66.149"><system-out>--------------------------------- Captured Log ---------------------------------

--------------------------------- Captured Out ---------------------------------
/home/runner/work/ocr-book/ocr-book/tests/crop_too_much.png
1606134763613012960 : Checking separation double page angle 90.14985593620918
1606134763613117563 : Checking separation double page y=0 2457
1606134779422609182 : Checking page rotation 1 0.0
1606134793192075901 : Checking page rotation 2 0.4
1606134796286649833 : Checking image 1 crop x1 303
1606134796286748337 : Checking image 1 crop y1 148
1606134796286801239 : Checking image 1 crop x2 2313
1606134796286850441 : Checking image 1 crop y2 3351
1606134799187846202 : Checking image 2 crop x1 166
1606134799187947805 : Checking image 2 crop y1 154
1606134799187997407 : Checking image 2 crop x2 2180
1606134799188042309 : Checking image 2 crop y2 3360
1606134799236925949 : Checking image 1 dpi 300
1606134799237040953 : Checking image 1 border top 131
1606134799237083155 : Checking image 1 border bottom 153
1606134799237119256 : Checking image 1 border left 225
1606134799237154158 : Checking image 1 border right 225
1606134799240181965 : Checking image 2 dpi 300
1606134799240285469 : Checking image 2 border top 138
1606134799240323370 : Checking image 2 border bottom 143
1606134799240357872 : Checking image 2 border left 223
1606134799240392273 : Checking image 2 border right 223

</system-out><system-err>--------------------------------- Captured Err ---------------------------------

</system-err></testcase><testcase classname="tests.test_images" name="test_crop_too_few_png" time="45.863"><system-out>--------------------------------- Captured Log ---------------------------------

--------------------------------- Captured Out ---------------------------------
/home/runner/work/ocr-book/ocr-book/tests/crop_too_few.png
1606134786847324492 : Checking separation double page angle 89.22405802376838
1606134786847423695 : Checking separation double page y=0 2508
1606134794787279265 : Checking page rotation 1 -0.75
1606134802267883683 : Checking page rotation 2 0.0
1606134803987271141 : Checking image 1 crop x1 265
1606134803987371544 : Checking image 1 crop y1 152
1606134803987422646 : Checking image 1 crop x2 2375
1606134803987469248 : Checking image 1 crop y2 3356
1606134805593174888 : Checking image 2 crop x1 141
1606134805593272991 : Checking image 2 crop y1 141
1606134805593323993 : Checking image 2 crop x2 2263
1606134805593371195 : Checking image 2 crop y2 3345
1606134805627049189 : Checking image 1 dpi 300
1606134805627171893 : Checking image 1 border top 116
1606134805627254896 : Checking image 1 border bottom 167
1606134805627293297 : Checking image 1 border left 175
1606134805627330599 : Checking image 1 border right 175
1606134805630339305 : Checking image 2 dpi 300
1606134805630438509 : Checking image 2 border top 140
1606134805630477610 : Checking image 2 border bottom 143
1606134805630513711 : Checking image 2 border left 169
1606134805630549913 : Checking image 2 border right 169

</system-out><system-err>--------------------------------- Captured Err ---------------------------------

</system-err></testcase><testcase classname="tests.test_images" name="test_crop_too_much_2_png" time="56.588"><system-out>--------------------------------- Captured Log ---------------------------------

--------------------------------- Captured Out ---------------------------------
/home/runner/work/ocr-book/ocr-book/tests/crop_too_much_2.png
1606134823060883394 : Checking separation double page angle 90.15230188584627
1606134823060981098 : Checking separation double page y=0 2475
1606134835488402990 : Checking page rotation 1 0.2
1606134849470751232 : Checking page rotation 2 0.2
1606134852478618140 : Checking image 1 crop x1 332
1606134852478713443 : Checking image 1 crop y1 131
1606134852478762845 : Checking image 1 crop x2 2342
1606134852478807546 : Checking image 1 crop y2 3336
1606134855765195362 : Checking image 2 crop x1 167
1606134855765291465 : Checking image 2 crop y1 139
1606134855765344267 : Checking image 2 crop x2 2180
1606134855765393369 : Checking image 2 crop y2 3345
1606134855818454882 : Checking image 1 dpi 300
1606134855818548986 : Checking image 1 border top 116
1606134855818589387 : Checking image 1 border bottom 166
1606134855818624888 : Checking image 1 border left 225
1606134855818659089 : Checking image 1 border right 225
1606134855820991169 : Checking image 2 dpi 300
1606134855821062071 : Checking image 2 border top 133
1606134855821098973 : Checking image 2 border bottom 148
1606134855821133174 : Checking image 2 border left 223
1606134855821167075 : Checking image 2 border right 223

</system-out><system-err>--------------------------------- Captured Err ---------------------------------

</system-err></testcase></testsuite></testsuites>