<?xml version="1.0" encoding="utf-8"?><testsuites><testsuite errors="0" failures="0" hostname="fv-az71-309" name="pytest" skipped="0" tests="35" time="1035.972" timestamp="2020-12-21T11:23:45.070162"><testcase classname="tests.test_features" name="test_mock_stop_at_0" time="0.045"><system-out>--------------------------------- Captured Log ---------------------------------

--------------------------------- Captured Out ---------------------------------
/home/runner/work/ocr-book/ocr-book/tests/0001_0.png

</system-out><system-err>--------------------------------- Captured Err ---------------------------------

</system-err></testcase><testcase classname="tests.test_features" name="test_disabled_enable_debug" time="50.733"><system-out>--------------------------------- Captured Log ---------------------------------

--------------------------------- Captured Out ---------------------------------
/home/runner/work/ocr-book/ocr-book/tests/0001_debug.png
separation double page angle 90.52780881899669
separation double page y=0 2485
page rotation 1 0.7
page rotation 2 0.2
image 1 crop x1 330
image 1 crop y1 335
image 1 crop x2 2343
image 1 crop y2 3223
image 2 crop x1 168
image 2 crop y1 648
image 2 crop x2 2185
image 2 crop y2 3361
image 1 dpi 300
image 1 border top 331
image 1 border bottom 268
image 1 border left 223
image 1 border right 223
image 2 dpi 300
image 2 border top 639
image 2 border bottom 134
image 2 border left 221
image 2 border right 221

</system-out><system-err>--------------------------------- Captured Err ---------------------------------

</system-err></testcase><testcase classname="tests.test_features" name="test_mock_stop_at_2" time="44.788"><system-out>--------------------------------- Captured Log ---------------------------------

--------------------------------- Captured Out ---------------------------------
/home/runner/work/ocr-book/ocr-book/tests/0001_2.png
separation double page angle 90.52780881899669
separation double page y=0 2485
page rotation 1 0.7
page rotation 2 0.2

</system-out><system-err>--------------------------------- Captured Err ---------------------------------

</system-err></testcase><testcase classname="tests.test_features" name="test_mock_stop_at_4" time="48.367"><system-out>--------------------------------- Captured Log ---------------------------------

--------------------------------- Captured Out ---------------------------------
/home/runner/work/ocr-book/ocr-book/tests/0001_4.png
separation double page angle 90.52780881899669
separation double page y=0 2485
page rotation 1 0.7
page rotation 2 0.2
image 1 crop x1 330
image 1 crop y1 335
image 1 crop x2 2343
image 1 crop y2 3223
image 2 crop x1 168
image 2 crop y1 648
image 2 crop x2 2185
image 2 crop y2 3361
image 1 dpi 300
image 1 border top 331
image 1 border bottom 268
image 1 border left 223
image 1 border right 223
image 2 dpi 300
image 2 border top 639
image 2 border bottom 134
image 2 border left 221
image 2 border right 221

</system-out><system-err>--------------------------------- Captured Err ---------------------------------

</system-err></testcase><testcase classname="tests.test_features" name="test_mock_stop_at_1" time="30.079"><system-out>--------------------------------- Captured Log ---------------------------------

--------------------------------- Captured Out ---------------------------------
/home/runner/work/ocr-book/ocr-book/tests/0001_1.png
separation double page angle 90.52780881899669
separation double page y=0 2485

</system-out><system-err>--------------------------------- Captured Err ---------------------------------

</system-err></testcase><testcase classname="tests.test_features" name="test_mock_stop_at_3" time="46.503"><system-out>--------------------------------- Captured Log ---------------------------------

--------------------------------- Captured Out ---------------------------------
/home/runner/work/ocr-book/ocr-book/tests/0001_3.png
separation double page angle 90.52780881899669
separation double page y=0 2485
page rotation 1 0.7
page rotation 2 0.2
image 1 crop x1 330
image 1 crop y1 335
image 1 crop x2 2343
image 1 crop y2 3223
image 2 crop x1 168
image 2 crop y1 648
image 2 crop x2 2185
image 2 crop y2 3361

</system-out><system-err>--------------------------------- Captured Err ---------------------------------

</system-err></testcase><testcase classname="tests.test_images" name="test_0001_png" time="59.209"><system-out>--------------------------------- Captured Log ---------------------------------

--------------------------------- Captured Out ---------------------------------
/home/runner/work/ocr-book/ocr-book/tests/0001.png
1608549953873186268 : Checking separation double page angle 90.52780881899669
1608549953873301269 : Checking separation double page y=0 2485
1608549961093034990 : Checking page rotation 1 0.7
1608549970206105137 : Checking page rotation 2 0.2
1608549974488148593 : Checking image 1 crop x1 330
1608549974488261794 : Checking image 1 crop y1 335
1608549974488299094 : Checking image 1 crop x2 2343
1608549974488350394 : Checking image 1 crop y2 3223
1608549978522984296 : Checking image 2 crop x1 168
1608549978523132597 : Checking image 2 crop y1 648
1608549978523189597 : Checking image 2 crop x2 2185
1608549978523223997 : Checking image 2 crop y2 3361
1608549978555608639 : Checking image 1 dpi 300
1608549978555692339 : Checking image 1 border top 331
1608549978555729740 : Checking image 1 border bottom 268
1608549978555767240 : Checking image 1 border left 223
1608549978555799440 : Checking image 1 border right 223
1608549978559132754 : Checking image 2 dpi 300
1608549978559217555 : Checking image 2 border top 639
1608549978559253455 : Checking image 2 border bottom 134
1608549978559301755 : Checking image 2 border left 221
1608549978559348155 : Checking image 2 border right 221

</system-out><system-err>--------------------------------- Captured Err ---------------------------------

</system-err></testcase><testcase classname="tests.test_features" name="test_mock_stop_at_5" time="47.944"><system-out>--------------------------------- Captured Log ---------------------------------

--------------------------------- Captured Out ---------------------------------
/home/runner/work/ocr-book/ocr-book/tests/0001_5.png
separation double page angle 90.52780881899669
separation double page y=0 2485
page rotation 1 0.7
page rotation 2 0.2
image 1 crop x1 330
image 1 crop y1 335
image 1 crop x2 2343
image 1 crop y2 3223
image 2 crop x1 168
image 2 crop y1 648
image 2 crop x2 2185
image 2 crop y2 3361
image 1 dpi 300
image 1 border top 331
image 1 border bottom 268
image 1 border left 223
image 1 border right 223
image 2 dpi 300
image 2 border top 639
image 2 border bottom 134
image 2 border left 221
image 2 border right 221

</system-out><system-err>--------------------------------- Captured Err ---------------------------------

</system-err></testcase><testcase classname="tests.test_images" name="test_2_pages_2_contours_png" time="37.983"><system-out>--------------------------------- Captured Log ---------------------------------

--------------------------------- Captured Out ---------------------------------
/home/runner/work/ocr-book/ocr-book/tests/2-pages-2-contours.png
1608550001566294350 : Checking separation double page angle 90.09036871657068
1608550001566389050 : Checking separation double page y=0 2486
1608550003706042486 : Checking page rotation 1 0.05
1608550010505835231 : Checking page rotation 2 0.30000000000000004
1608550012428746595 : Checking image 1 crop x1 1189
1608550012428860196 : Checking image 1 crop y1 1751
1608550012428902296 : Checking image 1 crop x2 1190
1608550012428937296 : Checking image 1 crop y2 1752
1608550016526212763 : Checking image 2 crop x1 101
1608550016526350764 : Checking image 2 crop y1 240
1608550016526405064 : Checking image 2 crop x2 2148
1608550016526439864 : Checking image 2 crop y2 3239
1608550016557079682 : Checking image 1 dpi 300
1608550016557179982 : Checking image 1 border top 1752
1608550016557218282 : Checking image 1 border bottom 1753
1608550016557251482 : Checking image 1 border left 1239
1608550016557283382 : Checking image 1 border right 1239
1608550016558637188 : Checking image 2 dpi 300
1608550016558714888 : Checking image 2 border top 230
1608550016558747688 : Checking image 2 border bottom 258
1608550016558777688 : Checking image 2 border left 206
1608550016558807588 : Checking image 2 border right 206

</system-out><system-err>--------------------------------- Captured Err ---------------------------------

</system-err></testcase><testcase classname="tests.test_images" name="test_angle_page_lower_split_line_png" time="61.618"><system-out>--------------------------------- Captured Log ---------------------------------

--------------------------------- Captured Out ---------------------------------
/home/runner/work/ocr-book/ocr-book/tests/angle_page_lower_split_line.png
1608550041200046350 : Checking separation double page angle 89.80201324959413
1608550041200218951 : Checking separation double page y=0 2475
1608550049648604418 : Checking page rotation 1 -0.44999999999999746
1608550055772190174 : Checking page rotation 2 0.1
1608550059173250809 : Checking image 1 crop x1 245
1608550059173368910 : Checking image 1 crop y1 161
1608550059173406110 : Checking image 1 crop x2 2351
1608550059173440810 : Checking image 1 crop y2 3364
1608550062986797318 : Checking image 2 crop x1 148
1608550062986927719 : Checking image 2 crop y1 146
1608550062986981319 : Checking image 2 crop x2 2258
1608550062987013619 : Checking image 2 crop y2 3351
1608550063030066969 : Checking image 1 dpi 300
1608550063030177269 : Checking image 1 border top 145
1608550063030211770 : Checking image 1 border bottom 139
1608550063030242270 : Checking image 1 border left 177
1608550063030271870 : Checking image 1 border right 177
1608550063032817779 : Checking image 2 dpi 300
1608550063032871779 : Checking image 2 border top 129
1608550063032907579 : Checking image 2 border bottom 153
1608550063032939979 : Checking image 2 border left 175
1608550063032989279 : Checking image 2 border right 175

</system-out><system-err>--------------------------------- Captured Err ---------------------------------

</system-err></testcase><testcase classname="tests.test_images" name="test_black_border_not_removed_png" time="66.877"><system-out>--------------------------------- Captured Log ---------------------------------

--------------------------------- Captured Out ---------------------------------
/home/runner/work/ocr-book/ocr-book/tests/black-border-not-removed.png
1608550055698831516 : Checking separation double page angle 90.008171103531
1608550055698941817 : Checking separation double page y=0 2455
1608550061793743663 : Checking page rotation 1 0.05
1608550072142309378 : Checking page rotation 2 0.0
1608550076599834055 : Checking image 1 crop x1 298
1608550076599997656 : Checking image 1 crop y1 142
1608550076600054256 : Checking image 1 crop x2 2308
1608550076600089756 : Checking image 1 crop y2 3347
1608550083358462267 : Checking image 2 crop x1 157
1608550083358589967 : Checking image 2 crop y1 145
1608550083358631467 : Checking image 2 crop x2 2169
1608550083358712468 : Checking image 2 crop y2 3352
1608550083409617240 : Checking image 1 dpi 300
1608550083410409043 : Checking image 1 border top 134
1608550083410453043 : Checking image 1 border bottom 148
1608550083410485043 : Checking image 1 border left 225
1608550083410515843 : Checking image 1 border right 225
1608550083413760754 : Checking image 2 dpi 300
1608550083413821254 : Checking image 2 border top 132
1608550083413854755 : Checking image 2 border bottom 148
1608550083413885355 : Checking image 2 border left 224
1608550083413915655 : Checking image 2 border right 224

</system-out><system-err>--------------------------------- Captured Err ---------------------------------

</system-err></testcase><testcase classname="tests.test_images" name="test_wrong_split_line_png" time="48.500"><system-out>--------------------------------- Captured Log ---------------------------------

--------------------------------- Captured Out ---------------------------------
/home/runner/work/ocr-book/ocr-book/tests/wrong_split_line.png
1608550093093355022 : Checking separation double page angle 89.93395720607973
1608550093093493722 : Checking separation double page y=0 2465
1608550099413370589 : Checking page rotation 1 -0.14999999999999067
1608550105622422173 : Checking page rotation 2 0.5
1608550108440891529 : Checking image 1 crop x1 213
1608550108441035429 : Checking image 1 crop y1 157
1608550108441075229 : Checking image 1 crop x2 2323
1608550108441128630 : Checking image 1 crop y2 3362
1608550111496799651 : Checking image 2 crop x1 125
1608550111496962351 : Checking image 2 crop y1 165
1608550111497003251 : Checking image 2 crop x2 2237
1608550111497039451 : Checking image 2 crop y2 3374
1608550111531911067 : Checking image 1 dpi 300
1608550111532107767 : Checking image 1 border top 134
1608550111532170168 : Checking image 1 border bottom 148
1608550111532210368 : Checking image 1 border left 175
1608550111532248468 : Checking image 1 border right 175
1608550111534941777 : Checking image 2 dpi 300
1608550111535086177 : Checking image 2 border top 143
1608550111535142677 : Checking image 2 border bottom 135
1608550111535178578 : Checking image 2 border left 174
1608550111535231378 : Checking image 2 border right 174

</system-out><system-err>--------------------------------- Captured Err ---------------------------------

</system-err></testcase><testcase classname="tests.test_images" name="test_image_failed_to_rotate_png" time="68.427"><system-out>--------------------------------- Captured Log ---------------------------------

--------------------------------- Captured Out ---------------------------------
/home/runner/work/ocr-book/ocr-book/tests/image_failed_to_rotate.png
1608550119631885791 : Checking separation double page angle 90.24267669076625
1608550119631995592 : Checking separation double page y=0 2483
1608550125060952666 : Checking page rotation 1 0.35
1608550133550989092 : Checking page rotation 2 0.4
1608550145733901324 : Checking image 1 crop x1 34
1608550145734031626 : Checking image 1 crop y1 1
1608550145734069627 : Checking image 1 crop x2 2481
1608550145734104427 : Checking image 1 crop y2 3500
1608550151700315176 : Checking image 2 crop x1 169
1608550151700431378 : Checking image 2 crop y1 234
1608550151700467778 : Checking image 2 crop x2 2249
1608550151700502879 : Checking image 2 crop y2 3356
1608550151738993574 : Checking image 1 dpi 300
1608550151739087675 : Checking image 1 border top 4
1608550151739124576 : Checking image 1 border bottom 4
1608550151739154476 : Checking image 1 border left 17
1608550151739184077 : Checking image 1 border right 17
1608550151742015113 : Checking image 2 dpi 300
1608550151742093514 : Checking image 2 border top 220
1608550151742141615 : Checking image 2 border bottom 145
1608550151742170915 : Checking image 2 border left 190
1608550151742202416 : Checking image 2 border right 190

</system-out><system-err>--------------------------------- Captured Err ---------------------------------

</system-err></testcase><testcase classname="tests.test_images" name="test_crop_too_much_png" time="85.839"><system-out>--------------------------------- Captured Log ---------------------------------

--------------------------------- Captured Out ---------------------------------
/home/runner/work/ocr-book/ocr-book/tests/crop_too_much.png
1608550166051107579 : Checking separation double page angle 90.10739409272954
1608550166051220680 : Checking separation double page y=0 2455
1608550176992038537 : Checking page rotation 1 0.0
1608550187328582490 : Checking page rotation 2 0.45
1608550192682281904 : Checking image 1 crop x1 303
1608550192682415606 : Checking image 1 crop y1 148
1608550192682454306 : Checking image 1 crop x2 2313
1608550192682488307 : Checking image 1 crop y2 3351
1608550197331649079 : Checking image 2 crop x1 166
1608550197331825580 : Checking image 2 crop y1 155
1608550197331862581 : Checking image 2 crop x2 2177
1608550197331896681 : Checking image 2 crop y2 3359
1608550197375842935 : Checking image 1 dpi 300
1608550197375950536 : Checking image 1 border top 132
1608550197375986337 : Checking image 1 border bottom 152
1608550197376018637 : Checking image 1 border left 225
1608550197376049537 : Checking image 1 border right 225
1608550197378696565 : Checking image 2 dpi 300
1608550197378761865 : Checking image 2 border top 141
1608550197378794066 : Checking image 2 border bottom 142
1608550197378823966 : Checking image 2 border left 224
1608550197378853566 : Checking image 2 border right 224

</system-out><system-err>--------------------------------- Captured Err ---------------------------------

</system-err></testcase><testcase classname="tests.test_images" name="test_image_failed_to_crop_data_png" time="66.356"><system-out>--------------------------------- Captured Log ---------------------------------

--------------------------------- Captured Out ---------------------------------
/home/runner/work/ocr-book/ocr-book/tests/image_failed_to_crop_data.png
1608550187549552079 : Checking separation double page angle 90.08353326014034
1608550187549725581 : Checking separation double page y=0 2479
1608550193244273631 : Checking page rotation 1 0.2
1608550198831508736 : Checking page rotation 2 0.1
1608550212428496720 : Checking image 1 crop x1 50
1608550212428619322 : Checking image 1 crop y1 7
1608550212428659422 : Checking image 1 crop x2 2477
1608550212428695122 : Checking image 1 crop y2 3502
1608550218084028645 : Checking image 2 crop x1 165
1608550218084165546 : Checking image 2 crop y1 218
1608550218084211547 : Checking image 2 crop x2 2244
1608550218084254247 : Checking image 2 crop y2 3349
1608550218123266115 : Checking image 1 dpi 300
1608550218123389017 : Checking image 1 border top 6
1608550218123435717 : Checking image 1 border bottom 6
1608550218123473617 : Checking image 1 border left 22
1608550218123511318 : Checking image 1 border right 22
1608550218126768549 : Checking image 2 dpi 300
1608550218126852749 : Checking image 2 border top 206
1608550218126894450 : Checking image 2 border bottom 149
1608550218126932150 : Checking image 2 border left 190
1608550218126968950 : Checking image 2 border right 190

</system-out><system-err>--------------------------------- Captured Err ---------------------------------

</system-err></testcase><testcase classname="tests.test_images" name="test_crop_too_few_png" time="53.773"><system-out>--------------------------------- Captured Log ---------------------------------

--------------------------------- Captured Out ---------------------------------
/home/runner/work/ocr-book/ocr-book/tests/crop_too_few.png
1608550231604418755 : Checking separation double page angle 89.47170238452755
1608550231604548656 : Checking separation double page y=0 2512
1608550238943540353 : Checking page rotation 1 -0.7499999999999916
1608550244975784965 : Checking page rotation 2 0.0
1608550248170917889 : Checking image 1 crop x1 265
1608550248171198492 : Checking image 1 crop y1 152
1608550248171247392 : Checking image 1 crop x2 2375
1608550248171288092 : Checking image 1 crop y2 3356
1608550251144402157 : Checking image 2 crop x1 137
1608550251144553458 : Checking image 2 crop y1 141
1608550251144610759 : Checking image 2 crop x2 2259
1608550251144649659 : Checking image 2 crop y2 3345
1608550251175251813 : Checking image 1 dpi 300
1608550251175347714 : Checking image 1 border top 132
1608550251175386514 : Checking image 1 border bottom 151
1608550251175423115 : Checking image 1 border left 175
1608550251175458415 : Checking image 1 border right 175
1608550251177641333 : Checking image 2 dpi 300
1608550251177740134 : Checking image 2 border top 130
1608550251177774934 : Checking image 2 border bottom 153
1608550251177807634 : Checking image 2 border left 169
1608550251177840235 : Checking image 2 border right 169

</system-out><system-err>--------------------------------- Captured Err ---------------------------------

</system-err></testcase><testcase classname="tests.test_images" name="test_wrong_angle_split_line_png" time="77.199"><system-out>--------------------------------- Captured Log ---------------------------------

--------------------------------- Captured Out ---------------------------------
/home/runner/work/ocr-book/ocr-book/tests/wrong_angle_split_line.png
1608550257044256915 : Checking separation double page angle 90.09193420006348
1608550257044371515 : Checking separation double page y=0 2481
1608550265067368644 : Checking page rotation 1 0.2
1608550273915229480 : Checking page rotation 2 0.0
1608550287895956086 : Checking image 1 crop x1 58
1608550287896077887 : Checking image 1 crop y1 7
1608550287896114988 : Checking image 1 crop x2 2479
1608550287896149788 : Checking image 1 crop y2 3500
1608550294446598680 : Checking image 2 crop x1 160
1608550294446734781 : Checking image 2 crop y1 217
1608550294446780481 : Checking image 2 crop x2 2243
1608550294446823981 : Checking image 2 crop y2 3350
1608550294614798792 : Checking image 1 dpi 300
1608550294614921193 : Checking image 1 border top 7
1608550294614961593 : Checking image 1 border bottom 7
1608550294615019494 : Checking image 1 border left 30
1608550294615054894 : Checking image 1 border right 30
1608550294623357254 : Checking image 2 dpi 300
1608550294623472455 : Checking image 2 border top 206
1608550294623512155 : Checking image 2 border bottom 148
1608550294623548755 : Checking image 2 border left 188
1608550294623584455 : Checking image 2 border right 188

</system-out><system-err>--------------------------------- Captured Err ---------------------------------

</system-err></testcase><testcase classname="tests.test_images" name="test_crop_too_much_2_png" time="95.691"><system-out>--------------------------------- Captured Log ---------------------------------

--------------------------------- Captured Out ---------------------------------
/home/runner/work/ocr-book/ocr-book/tests/crop_too_much_2.png
1608550310286179185 : Checking separation double page angle 90.16490749368565
1608550310286291186 : Checking separation double page y=0 2478
1608550322539109716 : Checking page rotation 1 0.2
1608550334461526619 : Checking page rotation 2 0.2
1608550339848680555 : Checking image 1 crop x1 332
1608550339848832256 : Checking image 1 crop y1 131
1608550339848877957 : Checking image 1 crop x2 2342
1608550339848918057 : Checking image 1 crop y2 3336
1608550346767781602 : Checking image 2 crop x1 165
1608550346767902902 : Checking image 2 crop y1 139
1608550346767943203 : Checking image 2 crop x2 2178
1608550346767980303 : Checking image 2 crop y2 3345
1608550346825834767 : Checking image 1 dpi 300
1608550346825963768 : Checking image 1 border top 120
1608550346826005668 : Checking image 1 border bottom 162
1608550346826043068 : Checking image 1 border left 225
1608550346826078668 : Checking image 1 border right 225
1608550346829078987 : Checking image 2 dpi 300
1608550346829162988 : Checking image 2 border top 126
1608550346829212188 : Checking image 2 border bottom 154
1608550346829250188 : Checking image 2 border left 223
1608550346829288288 : Checking image 2 border right 223

</system-out><system-err>--------------------------------- Captured Err ---------------------------------

</system-err></testcase><testcase classname="tests.test_images" name="test_wrong_split_line_3_png" time="63.500"><system-out>--------------------------------- Captured Log ---------------------------------

--------------------------------- Captured Out ---------------------------------
/home/runner/work/ocr-book/ocr-book/tests/wrong_split_line_3.png
1608550334401841832 : Checking separation double page angle 90.41229500214693
1608550334401955233 : Checking separation double page y=0 2495
1608550343655319464 : Checking page rotation 1 0.35
1608550350633645800 : Checking page rotation 2 0.9
1608550355471127589 : Checking image 1 crop x1 331
1608550355471280890 : Checking image 1 crop y1 164
1608550355471324590 : Checking image 1 crop x2 2375
1608550355471363591 : Checking image 1 crop y2 3377
1608550358878994929 : Checking image 2 crop x1 104
1608550358879165030 : Checking image 2 crop y1 208
1608550358879224630 : Checking image 2 crop x2 2135
1608550358879264631 : Checking image 2 crop y2 3413
1608550358916882861 : Checking image 1 dpi 300
1608550358916991362 : Checking image 1 border top 157
1608550358917028662 : Checking image 1 border bottom 117
1608550358917059962 : Checking image 1 border left 208
1608550358917090262 : Checking image 1 border right 208
1608550358920208382 : Checking image 2 dpi 300
1608550358920273882 : Checking image 2 border top 188
1608550358920307182 : Checking image 2 border bottom 94
1608550358920337482 : Checking image 2 border left 214
1608550358920368183 : Checking image 2 border right 214

</system-out><system-err>--------------------------------- Captured Err ---------------------------------

</system-err></testcase><testcase classname="tests.test_images" name="test_wrong_split_line_2_png" time="100.047"><system-out>--------------------------------- Captured Log ---------------------------------

--------------------------------- Captured Out ---------------------------------
/home/runner/work/ocr-book/ocr-book/tests/wrong_split_line_2.png
1608550403717092094 : Checking separation double page angle 90.24944704411861
1608550403717204295 : Checking separation double page y=0 2440
1608550414570876398 : Checking page rotation 1 0.1
1608550428214071886 : Checking page rotation 2 0.4
1608550436109525316 : Checking image 1 crop x1 294
1608550436110024819 : Checking image 1 crop y1 137
1608550436110072219 : Checking image 1 crop x2 2325
1608550436110113419 : Checking image 1 crop y2 3375
1608550446843011267 : Checking image 2 crop x1 140
1608550446843116967 : Checking image 2 crop y1 192
1608550446843153167 : Checking image 2 crop x2 2167
1608550446843219968 : Checking image 2 crop y2 3386
1608550446886519297 : Checking image 1 dpi 300
1608550446886666198 : Checking image 1 border top 131
1608550446886703398 : Checking image 1 border bottom 118
1608550446886736698 : Checking image 1 border left 214
1608550446886783399 : Checking image 1 border right 214
1608550446889252612 : Checking image 2 dpi 300
1608550446889326712 : Checking image 2 border top 183
1608550446889358212 : Checking image 2 border bottom 110
1608550446889406713 : Checking image 2 border left 216
1608550446889437113 : Checking image 2 border right 216

</system-out><system-err>--------------------------------- Captured Err ---------------------------------

</system-err></testcase><testcase classname="tests.test_images" name="test_wrong_wave_split_line_png" time="91.304"><system-out>--------------------------------- Captured Log ---------------------------------

--------------------------------- Captured Out ---------------------------------
/home/runner/work/ocr-book/ocr-book/tests/wrong_wave_split_line.png
1608550408366735182 : Checking separation double page angle 90.45378604107718
1608550408366848683 : Checking separation double page y=0 2503
1608550418966856858 : Checking page rotation 1 -0.14999999999999067
1608550429718593144 : Checking page rotation 2 0.85
1608550439169370617 : Checking image 1 crop x1 385
1608550439169546618 : Checking image 1 crop y1 179
1608550439169585118 : Checking image 1 crop x2 2411
1608550439169618918 : Checking image 1 crop y2 3374
1608550450166234737 : Checking image 2 crop x1 20
1608550450166353138 : Checking image 2 crop y1 16
1608550450166390238 : Checking image 2 crop x2 2413
1608550450166425438 : Checking image 2 crop y2 3505
1608550450214412291 : Checking image 1 dpi 300
1608550450214540692 : Checking image 1 border top 172
1608550450214577792 : Checking image 1 border bottom 120
1608550450214609292 : Checking image 1 border left 217
1608550450214639993 : Checking image 1 border right 217
1608550450217392907 : Checking image 2 dpi 300
1608550450217491408 : Checking image 2 border top 9
1608550450217524808 : Checking image 2 border bottom 9
1608550450217554108 : Checking image 2 border left 44
1608550450217583708 : Checking image 2 border right 44

</system-out><system-err>--------------------------------- Captured Err ---------------------------------

</system-err></testcase><testcase classname="tests.test_images" name="test_small_wave_png" time="72.127"><system-out>--------------------------------- Captured Log ---------------------------------

--------------------------------- Captured Out ---------------------------------
/home/runner/work/ocr-book/ocr-book/tests/small_wave.png
1608550492458391805 : Checking separation double page angle 90.61316928841565
1608550492458497006 : Checking separation double page y=0 2500
1608550503714860953 : Checking page rotation 1 0.7
1608550512376687405 : Checking page rotation 2 0.7
1608550515765300206 : Checking image 1 crop x1 322
1608550515765415807 : Checking image 1 crop y1 199
1608550515765456007 : Checking image 1 crop x2 2351
1608550515765491607 : Checking image 1 crop y2 3394
1608550518982739018 : Checking image 2 crop x1 130
1608550518982853019 : Checking image 2 crop y1 223
1608550518982892219 : Checking image 2 crop x2 2160
1608550518982942119 : Checking image 2 crop y2 3419
1608550519021999112 : Checking image 1 dpi 300
1608550519022110413 : Checking image 1 border top 180
1608550519022145813 : Checking image 1 border bottom 112
1608550519022178613 : Checking image 1 border left 215
1608550519022210113 : Checking image 1 border right 215
1608550519024921527 : Checking image 2 dpi 300
1608550519024968227 : Checking image 2 border top 195
1608550519024998027 : Checking image 2 border bottom 96
1608550519025049927 : Checking image 2 border left 215
1608550519025102327 : Checking image 2 border right 215

</system-out><system-err>--------------------------------- Captured Err ---------------------------------

</system-err></testcase><testcase classname="tests.test_images" name="test_no_split_line_line_algo_png" time="59.627"><system-out>--------------------------------- Captured Log ---------------------------------

--------------------------------- Captured Out ---------------------------------
/home/runner/work/ocr-book/ocr-book/tests/no_split_line_line_algo.png
1608550487552382182 : Checking separation double page angle 89.47691469185418
1608550487552503783 : Checking separation double page y=0 2476
1608550492036557076 : Checking page rotation 1 -0.14999999999999067
1608550502320820380 : Checking page rotation 2 -0.44999999999999746
1608550505147380411 : Checking image 1 crop x1 205
1608550505147498012 : Checking image 1 crop y1 158
1608550505147536412 : Checking image 1 crop x2 2320
1608550505147572012 : Checking image 1 crop y2 3366
1608550509826344331 : Checking image 2 crop x1 185
1608550509826466832 : Checking image 2 crop y1 221
1608550509826504032 : Checking image 2 crop x2 2201
1608550509826539232 : Checking image 2 crop y2 3366
1608550509869326545 : Checking image 1 dpi 300
1608550509869459146 : Checking image 1 border top 144
1608550509869495646 : Checking image 1 border bottom 134
1608550509869526246 : Checking image 1 border left 172
1608550509869556046 : Checking image 1 border right 172
1608550509872685462 : Checking image 2 dpi 300
1608550509872801262 : Checking image 2 border top 219
1608550509872834462 : Checking image 2 border bottom 123
1608550509872865563 : Checking image 2 border left 222
1608550509872895763 : Checking image 2 border right 222

</system-out><system-err>--------------------------------- Captured Err ---------------------------------

</system-err></testcase><testcase classname="tests.test_images" name="test_failed_split_line_line_algo_png" time="28.742"><system-out>--------------------------------- Captured Log ---------------------------------

--------------------------------- Captured Out ---------------------------------
/home/runner/work/ocr-book/ocr-book/tests/failed_split_line_line_algo.png
1608550528161475005 : Checking separation double page angle 90.0038422057325
1608550528161597605 : Checking separation double page y=0 2576
1608550531844092151 : Checking page rotation 1 -0.14999999999999067
1608550534038827385 : Checking page rotation 2 0.0
1608550536896789239 : Checking image 1 crop x1 407
1608550536896944240 : Checking image 1 crop y1 2925
1608550536896981440 : Checking image 1 crop x2 2419
1608550536897014640 : Checking image 1 crop y2 3174
1608550538634652011 : Checking image 2 crop x1 1183
1608550538634775411 : Checking image 2 crop y1 1747
1608550538634814512 : Checking image 2 crop x2 1184
1608550538634849112 : Checking image 2 crop y2 1748
1608550538635170913 : Checking image 1 dpi 300
1608550538635351114 : Checking image 1 border top 2919
1608550538635400015 : Checking image 1 border bottom 319
1608550538635435515 : Checking image 1 border left 224
1608550538635470015 : Checking image 1 border right 224
1608550538637036022 : Checking image 2 dpi 300
1608550538637098623 : Checking image 2 border top 1752
1608550538637134423 : Checking image 2 border bottom 1753
1608550538637167623 : Checking image 2 border left 1239
1608550538637200723 : Checking image 2 border right 1239

</system-out><system-err>--------------------------------- Captured Err ---------------------------------

</system-err></testcase><testcase classname="tests.test_images" name="test_failed_split_line_line_algo_2_png" time="73.084"><system-out>--------------------------------- Captured Log ---------------------------------

--------------------------------- Captured Out ---------------------------------
/home/runner/work/ocr-book/ocr-book/tests/failed_split_line_line_algo_2.png
1608550567017560013 : Checking separation double page angle 90.04134220573248
1608550567017696014 : Checking separation double page y=0 2498
1608550576498567332 : Checking page rotation 1 0.0
1608550584014200305 : Checking page rotation 2 0.6000000000000001
1608550588422973631 : Checking image 1 crop x1 272
1608550588423107832 : Checking image 1 crop y1 149
1608550588423153532 : Checking image 1 crop x2 2383
1608550588423194732 : Checking image 1 crop y2 3353
1608550592076013639 : Checking image 2 crop x1 124
1608550592076130139 : Checking image 2 crop y1 155
1608550592076171439 : Checking image 2 crop x2 2247
1608550592076208440 : Checking image 2 crop y2 3350
1608550592119551045 : Checking image 1 dpi 300
1608550592119671645 : Checking image 1 border top 137
1608550592119714246 : Checking image 1 border bottom 146
1608550592119753046 : Checking image 1 border left 174
1608550592119790446 : Checking image 1 border right 174
1608550592122301458 : Checking image 2 dpi 300
1608550592122362358 : Checking image 2 border top 135
1608550592122399358 : Checking image 2 border bottom 157
1608550592122434258 : Checking image 2 border left 168
1608550592122469159 : Checking image 2 border right 168

</system-out><system-err>--------------------------------- Captured Err ---------------------------------

</system-err></testcase><testcase classname="tests.test_images" name="test_crop_too_much_3_png" time="73.502"><system-out>--------------------------------- Captured Log ---------------------------------

--------------------------------- Captured Out ---------------------------------
/home/runner/work/ocr-book/ocr-book/tests/crop_too_much_3.png
1608550583195705515 : Checking separation double page angle 89.51495085266092
1608550583195846216 : Checking separation double page y=0 2494
1608550590912702530 : Checking page rotation 1 -0.9499999999999917
1608550603042018830 : Checking page rotation 2 -0.14999999999999067
1608550607620514484 : Checking image 1 crop x1 373
1608550607620642185 : Checking image 1 crop y1 258
1608550607620699085 : Checking image 1 crop x2 2386
1608550607620750785 : Checking image 1 crop y2 3458
1608550612063820166 : Checking image 2 crop x1 172
1608550612063996367 : Checking image 2 crop y1 228
1608550612064059667 : Checking image 2 crop x2 2185
1608550612064150267 : Checking image 2 crop y2 3417
1608550612110257284 : Checking image 1 dpi 300
1608550612110367784 : Checking image 1 border top 239
1608550612110405784 : Checking image 1 border bottom 47
1608550612110437685 : Checking image 1 border left 223
1608550612110598085 : Checking image 1 border right 223
1608550612113208298 : Checking image 2 dpi 300
1608550612113264798 : Checking image 2 border top 214
1608550612113337198 : Checking image 2 border bottom 84
1608550612113386498 : Checking image 2 border left 223
1608550612113417799 : Checking image 2 border right 223

</system-out><system-err>--------------------------------- Captured Err ---------------------------------

</system-err></testcase><testcase classname="tests.test_images" name="test_wrong_wave_split_line_2_png" time="79.772"><system-out>--------------------------------- Captured Log ---------------------------------

--------------------------------- Captured Out ---------------------------------
/home/runner/work/ocr-book/ocr-book/tests/wrong_wave_split_line_2.png
1608550644429280810 : Checking separation double page angle 90.7708958311329
1608550644429388611 : Checking separation double page y=0 2490
1608550651730754798 : Checking page rotation 1 0.4
1608550661458076856 : Checking page rotation 2 1.8
1608550665326540578 : Checking image 1 crop x1 224
1608550665326670479 : Checking image 1 crop y1 147
1608550665326739579 : Checking image 1 crop x2 2337
1608550665326773180 : Checking image 1 crop y2 3355
1608550671847337659 : Checking image 2 crop x1 107
1608550671847450760 : Checking image 2 crop y1 197
1608550671847488560 : Checking image 2 crop x2 2229
1608550671847522960 : Checking image 2 crop y2 3396
1608550671892991287 : Checking image 1 dpi 300
1608550671893082788 : Checking image 1 border top 137
1608550671893120488 : Checking image 1 border bottom 142
1608550671893155788 : Checking image 1 border left 173
1608550671893189489 : Checking image 1 border right 173
1608550671895476805 : Checking image 2 dpi 300
1608550671895530705 : Checking image 2 border top 171
1608550671895563706 : Checking image 2 border bottom 117
1608550671895595606 : Checking image 2 border left 169
1608550671895629506 : Checking image 2 border right 169

</system-out><system-err>--------------------------------- Captured Err ---------------------------------

</system-err></testcase><testcase classname="tests.test_images" name="test_wrong_wave_split_line_3_png" time="67.178"><system-out>--------------------------------- Captured Log ---------------------------------

--------------------------------- Captured Out ---------------------------------
/home/runner/work/ocr-book/ocr-book/tests/wrong_wave_split_line_3.png
1608550656332973175 : Checking separation double page angle 90.05826063695574
1608550656333100676 : Checking separation double page y=0 2514
1608550665156390644 : Checking page rotation 1 0.05
1608550672062980009 : Checking page rotation 2 0.30000000000000004
1608550675937336087 : Checking image 1 crop x1 273
1608550675937455887 : Checking image 1 crop y1 220
1608550675937509188 : Checking image 1 crop x2 2383
1608550675937543888 : Checking image 1 crop y2 3423
1608550679265083334 : Checking image 2 crop x1 114
1608550679265233636 : Checking image 2 crop y1 226
1608550679265272336 : Checking image 2 crop x2 2237
1608550679265308936 : Checking image 2 crop y2 3414
1608550679301994697 : Checking image 1 dpi 300
1608550679302148598 : Checking image 1 border top 202
1608550679302185299 : Checking image 1 border bottom 82
1608550679302233999 : Checking image 1 border left 175
1608550679302265499 : Checking image 1 border right 175
1608550679304958418 : Checking image 2 dpi 300
1608550679305015319 : Checking image 2 border top 207
1608550679305047919 : Checking image 2 border bottom 92
1608550679305093519 : Checking image 2 border left 168
1608550679305122420 : Checking image 2 border right 168

</system-out><system-err>--------------------------------- Captured Err ---------------------------------

</system-err></testcase><testcase classname="tests.test_images" name="test_no_split_line_wave_algo_png" time="75.232"><system-out>--------------------------------- Captured Log ---------------------------------

--------------------------------- Captured Out ---------------------------------
/home/runner/work/ocr-book/ocr-book/tests/no_split_line_wave_algo.png
1608550709334392038 : Checking separation double page angle 89.92907061939218
1608550709334536139 : Checking separation double page y=0 2475
1608550715023583965 : Checking page rotation 1 -0.04999999999999689
1608550723762100562 : Checking page rotation 2 -0.5499999999999912
1608550736566561707 : Checking image 1 crop x1 101
1608550736566636307 : Checking image 1 crop y1 79
1608550736566671107 : Checking image 1 crop x2 2477
1608550736566703108 : Checking image 1 crop y2 3505
1608550747029336971 : Checking image 2 crop x1 171
1608550747029481372 : Checking image 2 crop y1 266
1608550747029517772 : Checking image 2 crop x2 2248
1608550747029549672 : Checking image 2 crop y2 3382
1608550747069600636 : Checking image 1 dpi 300
1608550747069791737 : Checking image 1 border top 41
1608550747069852437 : Checking image 1 border bottom 41
1608550747069889538 : Checking image 1 border left 52
1608550747069924738 : Checking image 1 border right 52
1608550747072602856 : Checking image 2 dpi 300
1608550747072663756 : Checking image 2 border top 254
1608550747072696356 : Checking image 2 border bottom 116
1608550747072727656 : Checking image 2 border left 191
1608550747072759057 : Checking image 2 border right 191

</system-out><system-err>--------------------------------- Captured Err ---------------------------------

</system-err></testcase><testcase classname="tests.test_images" name="test_no_split_line_wave_algo_2_png" time="60.434"><system-out>--------------------------------- Captured Log ---------------------------------

--------------------------------- Captured Out ---------------------------------
/home/runner/work/ocr-book/ocr-book/tests/no_split_line_wave_algo_2.png
1608550717660535120 : Checking separation double page angle 90.47115835000895
1608550717660691421 : Checking separation double page y=0 2478
1608550725724483997 : Checking page rotation 1 1.1500000000000001
1608550733228904247 : Checking page rotation 2 0.2
1608550736546662974 : Checking image 1 crop x1 266
1608550736546783775 : Checking image 1 crop y1 209
1608550736546821675 : Checking image 1 crop x2 2342
1608550736546855575 : Checking image 1 crop y2 3413
1608550739697877118 : Checking image 2 crop x1 163
1608550739698042219 : Checking image 2 crop y1 241
1608550739698090419 : Checking image 2 crop x2 2246
1608550739698133519 : Checking image 2 crop y2 3433
1608550739736034071 : Checking image 1 dpi 300
1608550739736181172 : Checking image 1 border top 191
1608550739736225272 : Checking image 1 border bottom 92
1608550739736263372 : Checking image 1 border left 192
1608550739736364273 : Checking image 1 border right 192
1608550739738855889 : Checking image 2 dpi 300
1608550739738912590 : Checking image 2 border top 225
1608550739738946790 : Checking image 2 border bottom 70
1608550739738977990 : Checking image 2 border left 188
1608550739739009291 : Checking image 2 border right 188

</system-out><system-err>--------------------------------- Captured Err ---------------------------------

</system-err></testcase><testcase classname="tests.test_images" name="test_failed_detect_rectangle_png" time="74.482"><system-out>--------------------------------- Captured Log ---------------------------------

--------------------------------- Captured Out ---------------------------------
/home/runner/work/ocr-book/ocr-book/tests/failed_detect_rectangle.png
1608550785950542101 : Checking separation double page angle 90.19837516213148
1608550785950687301 : Checking separation double page y=0 2474
1608550795699895862 : Checking page rotation 1 0.2
1608550807139221584 : Checking page rotation 2 0.2
1608550810601843059 : Checking image 1 crop x1 257
1608550810601960960 : Checking image 1 crop y1 201
1608550810602034861 : Checking image 1 crop x2 2333
1608550810602083861 : Checking image 1 crop y2 3402
1608550814168309512 : Checking image 2 crop x1 136
1608550814168485013 : Checking image 2 crop y1 215
1608550814168522813 : Checking image 2 crop x2 2219
1608550814168558914 : Checking image 2 crop y2 3406
1608550814213916094 : Checking image 1 dpi 300
1608550814214012794 : Checking image 1 border top 188
1608550814214046094 : Checking image 1 border bottom 97
1608550814214075195 : Checking image 1 border left 192
1608550814214103495 : Checking image 1 border right 192
1608550814216535510 : Checking image 2 dpi 300
1608550814216585710 : Checking image 2 border top 200
1608550814216649810 : Checking image 2 border bottom 95
1608550814216679211 : Checking image 2 border left 188
1608550814216708311 : Checking image 2 border right 188

</system-out><system-err>--------------------------------- Captured Err ---------------------------------

</system-err></testcase><testcase classname="tests.test_images" name="test_crop_too_few_2_png" time="63.704"><system-out>--------------------------------- Captured Log ---------------------------------

--------------------------------- Captured Out ---------------------------------
/home/runner/work/ocr-book/ocr-book/tests/crop_too_few_2.png
1608550789020546014 : Checking separation double page angle 90.30476192320097
1608550789020657015 : Checking separation double page y=0 2531
1608550796535936706 : Checking page rotation 1 1.2000000000000002
1608550803463743715 : Checking page rotation 2 -0.04999999999999689
1608550807191843411 : Checking image 1 crop x1 287
1608550807191951311 : Checking image 1 crop y1 165
1608550807191987811 : Checking image 1 crop x2 2398
1608550807192023112 : Checking image 1 crop y2 3368
1608550810810232650 : Checking image 2 crop x1 149
1608550810810351651 : Checking image 2 crop y1 189
1608550810810391151 : Checking image 2 crop x2 2273
1608550810810428251 : Checking image 2 crop y2 3386
1608550810855830833 : Checking image 1 dpi 300
1608550810855990934 : Checking image 1 border top 157
1608550810856031034 : Checking image 1 border bottom 127
1608550810856067834 : Checking image 1 border left 174
1608550810856118934 : Checking image 1 border right 174
1608550810859010852 : Checking image 2 dpi 300
1608550810859073953 : Checking image 2 border top 181
1608550810859109353 : Checking image 2 border bottom 109
1608550810859142353 : Checking image 2 border left 168
1608550810859175553 : Checking image 2 border right 168

</system-out><system-err>--------------------------------- Captured Err ---------------------------------

</system-err></testcase><testcase classname="tests.test_images" name="test_no_split_line_wave_algo_3_png" time="19.947"><system-out>--------------------------------- Captured Log ---------------------------------

--------------------------------- Captured Out ---------------------------------
/home/runner/work/ocr-book/ocr-book/tests/no_split_line_wave_algo_3.png
1608550822426000512 : Checking separation double page angle 90.19999999999999
1608550822426132413 : Checking separation double page y=0 2408
1608550825215189591 : Checking page rotation 1 0.0
1608550825621574176 : Checking page rotation 2 0.15000000000000002
1608550830034958111 : Checking image 1 crop x1 184
1608550830035071611 : Checking image 1 crop y1 2957
1608550830035114412 : Checking image 1 crop x2 2201
1608550830035185812 : Checking image 1 crop y2 3202
1608550830778788840 : Checking image 2 crop x1 0
1608550830778856540 : Checking image 2 crop y1 0
1608550830778888541 : Checking image 2 crop x2 0
1608550830778950641 : Checking image 2 crop y2 0
1608550830779024041 : Checking image 1 dpi 300
1608550830779089542 : Checking image 1 border top 2950
1608550830779123642 : Checking image 1 border bottom 292
1608550830779170642 : Checking image 1 border left 221
1608550830779200643 : Checking image 1 border right 221
1608550830788083297 : Checking image 2 border top 0
1608550830788143597 : Checking image 2 border bottom 0
1608550830788176797 : Checking image 2 border left 0
1608550830788209097 : Checking image 2 border right 0

</system-out><system-err>--------------------------------- Captured Err ---------------------------------

</system-err></testcase><testcase classname="tests.test_images" name="test_single_page_png" time="25.928"><system-out>--------------------------------- Captured Log ---------------------------------

--------------------------------- Captured Out ---------------------------------
/home/runner/work/ocr-book/ocr-book/tests/single_page.png
1608550825457927476 : Checking separation double page angle 90.04999999999998
1608550825458069076 : Checking separation double page y=0 2476
1608550831032475285 : Checking page rotation 1 0.0
1608550831634351247 : Checking page rotation 2 0.0
1608550839223862877 : Checking image 1 crop x1 1
1608550839223963277 : Checking image 1 crop y1 8
1608550839224004478 : Checking image 1 crop x2 2470
1608550839224061778 : Checking image 1 crop y2 3505
1608550839814430447 : Checking image 2 crop x1 0
1608550839814498247 : Checking image 2 crop y1 0
1608550839814527147 : Checking image 2 crop x2 0
1608550839814554748 : Checking image 2 crop y2 0
1608550839814635048 : Checking image 1 dpi 300
1608550839814694148 : Checking image 1 border top 5
1608550839814726849 : Checking image 1 border bottom 5
1608550839814756749 : Checking image 1 border left 6
1608550839814786349 : Checking image 1 border right 6
1608550839821541390 : Checking image 2 border top 0
1608550839821639690 : Checking image 2 border bottom 0
1608550839821683991 : Checking image 2 border left 0
1608550839821716391 : Checking image 2 border right 0

</system-out><system-err>--------------------------------- Captured Err ---------------------------------

</system-err></testcase><testcase classname="tests.test_images" name="test_wrong_split_line_4_png" time="28.187"><system-out>--------------------------------- Captured Log ---------------------------------

--------------------------------- Captured Out ---------------------------------
/home/runner/work/ocr-book/ocr-book/tests/wrong_split_line_4.png
1608550847603688077 : Checking separation double page angle 91.04999999999998
1608550847603794277 : Checking separation double page y=0 60
1608550847882204450 : Checking page rotation 1 1.05
1608550854231257384 : Checking page rotation 2 1.1500000000000001
1608550854826293639 : Checking image 1 crop x1 0
1608550854826352339 : Checking image 1 crop y1 0
1608550854826381740 : Checking image 1 crop x2 0
1608550854826409140 : Checking image 1 crop y2 0
1608550858996187408 : Checking image 2 crop x1 292
1608550858996297109 : Checking image 2 crop y1 330
1608550858996347509 : Checking image 2 crop x2 2314
1608550858996378609 : Checking image 2 crop y2 3218
1608550859038015457 : Checking image 1 border top 0
1608550859038061957 : Checking image 1 border bottom 0
1608550859038095557 : Checking image 1 border left 0
1608550859038126358 : Checking image 1 border right 0
1608550859038177458 : Checking image 2 dpi 300
1608550859038244358 : Checking image 2 border top 322
1608550859038277558 : Checking image 2 border bottom 277
1608550859038310159 : Checking image 2 border left 219
1608550859038341359 : Checking image 2 border right 219

</system-out><system-err>--------------------------------- Captured Err ---------------------------------

</system-err></testcase></testsuite></testsuites>