<?xml version="1.0" encoding="utf-8"?><testsuites><testsuite name="pytest" errors="0" failures="0" skipped="1" tests="34" time="1008.489" timestamp="2020-12-15T22:24:59.113024" hostname="fv-az18-86"><testcase classname="tests.test_features" name="test_mock_stop_at_0" time="0.047"><system-out>--------------------------------- Captured Log ---------------------------------

--------------------------------- Captured Out ---------------------------------
/home/runner/work/ocr-book/ocr-book/tests/0001_0.png

</system-out><system-err>--------------------------------- Captured Err ---------------------------------

</system-err></testcase><testcase classname="tests.test_features" name="test_disabled_enable_debug" time="50.180"><system-out>--------------------------------- Captured Log ---------------------------------

--------------------------------- Captured Out ---------------------------------
/home/runner/work/ocr-book/ocr-book/tests/0001_debug.png
separation double page angle 90.5778088189967
separation double page y=0 2485
page rotation 1 0.7
page rotation 2 0.2
image 1 crop x1 330
image 1 crop y1 335
image 1 crop x2 2343
image 1 crop y2 3223
image 2 crop x1 171
image 2 crop y1 648
image 2 crop x2 2188
image 2 crop y2 3361
image 1 dpi 300
image 1 border top 317
image 1 border bottom 282
image 1 border left 223
image 1 border right 223
image 2 dpi 300
image 2 border top 643
image 2 border bottom 131
image 2 border left 221
image 2 border right 221

</system-out><system-err>--------------------------------- Captured Err ---------------------------------

</system-err></testcase><testcase classname="tests.test_features" name="test_mock_stop_at_2" time="44.947"><system-out>--------------------------------- Captured Log ---------------------------------

--------------------------------- Captured Out ---------------------------------
/home/runner/work/ocr-book/ocr-book/tests/0001_2.png
separation double page angle 90.5778088189967
separation double page y=0 2485
page rotation 1 0.7
page rotation 2 0.2

</system-out><system-err>--------------------------------- Captured Err ---------------------------------

</system-err></testcase><testcase classname="tests.test_features" name="test_mock_stop_at_4" time="48.886"><system-out>--------------------------------- Captured Log ---------------------------------

--------------------------------- Captured Out ---------------------------------
/home/runner/work/ocr-book/ocr-book/tests/0001_4.png
separation double page angle 90.5778088189967
separation double page y=0 2485
page rotation 1 0.7
page rotation 2 0.2
image 1 crop x1 330
image 1 crop y1 335
image 1 crop x2 2343
image 1 crop y2 3223
image 2 crop x1 171
image 2 crop y1 648
image 2 crop x2 2188
image 2 crop y2 3361
image 1 dpi 300
image 1 border top 317
image 1 border bottom 282
image 1 border left 223
image 1 border right 223
image 2 dpi 300
image 2 border top 643
image 2 border bottom 131
image 2 border left 221
image 2 border right 221

</system-out><system-err>--------------------------------- Captured Err ---------------------------------

</system-err></testcase><testcase classname="tests.test_features" name="test_mock_stop_at_1" time="29.976"><system-out>--------------------------------- Captured Log ---------------------------------

--------------------------------- Captured Out ---------------------------------
/home/runner/work/ocr-book/ocr-book/tests/0001_1.png
separation double page angle 90.5778088189967
separation double page y=0 2485

</system-out><system-err>--------------------------------- Captured Err ---------------------------------

</system-err></testcase><testcase classname="tests.test_features" name="test_mock_stop_at_3" time="45.945"><system-out>--------------------------------- Captured Log ---------------------------------

--------------------------------- Captured Out ---------------------------------
/home/runner/work/ocr-book/ocr-book/tests/0001_3.png
separation double page angle 90.5778088189967
separation double page y=0 2485
page rotation 1 0.7
page rotation 2 0.2
image 1 crop x1 330
image 1 crop y1 335
image 1 crop x2 2343
image 1 crop y2 3223
image 2 crop x1 171
image 2 crop y1 648
image 2 crop x2 2188
image 2 crop y2 3361

</system-out><system-err>--------------------------------- Captured Err ---------------------------------

</system-err></testcase><testcase classname="tests.test_images" name="test_0001_png" time="57.266"><system-out>--------------------------------- Captured Log ---------------------------------

--------------------------------- Captured Out ---------------------------------
/home/runner/work/ocr-book/ocr-book/tests/0001.png
1608071226978968770 : Checking separation double page angle 90.5778088189967
1608071226979073271 : Checking separation double page y=0 2485
1608071234471281754 : Checking page rotation 1 0.7
1608071244310664067 : Checking page rotation 2 0.2
1608071247688091388 : Checking image 1 crop x1 330
1608071247688211789 : Checking image 1 crop y1 335
1608071247688248989 : Checking image 1 crop x2 2343
1608071247688281389 : Checking image 1 crop y2 3223
1608071251171143943 : Checking image 2 crop x1 171
1608071251171268344 : Checking image 2 crop y1 648
1608071251171305744 : Checking image 2 crop x2 2188
1608071251171338645 : Checking image 2 crop y2 3361
1608071251202000031 : Checking image 1 dpi 300
1608071251202113232 : Checking image 1 border top 317
1608071251202147332 : Checking image 1 border bottom 282
1608071251202179432 : Checking image 1 border left 223
1608071251202210632 : Checking image 1 border right 223
1608071251204548646 : Checking image 2 dpi 300
1608071251204635147 : Checking image 2 border top 643
1608071251204667647 : Checking image 2 border bottom 131
1608071251204697647 : Checking image 2 border left 221
1608071251204727848 : Checking image 2 border right 221

</system-out><system-err>--------------------------------- Captured Err ---------------------------------

</system-err></testcase><testcase classname="tests.test_features" name="test_mock_stop_at_5" time="48.186"><system-out>--------------------------------- Captured Log ---------------------------------

--------------------------------- Captured Out ---------------------------------
/home/runner/work/ocr-book/ocr-book/tests/0001_5.png
separation double page angle 90.5778088189967
separation double page y=0 2485
page rotation 1 0.7
page rotation 2 0.2
image 1 crop x1 330
image 1 crop y1 335
image 1 crop x2 2343
image 1 crop y2 3223
image 2 crop x1 171
image 2 crop y1 648
image 2 crop x2 2188
image 2 crop y2 3361
image 1 dpi 300
image 1 border top 317
image 1 border bottom 282
image 1 border left 223
image 1 border right 223
image 2 dpi 300
image 2 border top 643
image 2 border bottom 131
image 2 border left 221
image 2 border right 221

</system-out><system-err>--------------------------------- Captured Err ---------------------------------

</system-err></testcase><testcase classname="tests.test_images" name="test_2_pages_2_contours_png" time="38.221"><system-out>--------------------------------- Captured Log ---------------------------------

--------------------------------- Captured Out ---------------------------------
/home/runner/work/ocr-book/ocr-book/tests/2-pages-2-contours.png
1608071275037035256 : Checking separation double page angle 90.14036871655934
1608071275037134856 : Checking separation double page y=0 2489
1608071277007305111 : Checking page rotation 1 0.05
1608071284087952730 : Checking page rotation 2 0.4
1608071285554566423 : Checking image 1 crop x1 1188
1608071285554681824 : Checking image 1 crop y1 1747
1608071285554714724 : Checking image 1 crop x2 1189
1608071285554744724 : Checking image 1 crop y2 1748
1608071289406526399 : Checking image 2 crop x1 101
1608071289406648800 : Checking image 2 crop y1 240
1608071289406685600 : Checking image 2 crop x2 2148
1608071289406719900 : Checking image 2 crop y2 3239
1608071289437072641 : Checking image 1 dpi 300
1608071289437178041 : Checking image 1 border top 1753
1608071289437211941 : Checking image 1 border bottom 1753
1608071289437244141 : Checking image 1 border left 1239
1608071289437275342 : Checking image 1 border right 1239
1608071289438996050 : Checking image 2 dpi 300
1608071289439082750 : Checking image 2 border top 229
1608071289439143550 : Checking image 2 border bottom 259
1608071289439175250 : Checking image 2 border left 206
1608071289439206551 : Checking image 2 border right 206

</system-out><system-err>--------------------------------- Captured Err ---------------------------------

</system-err></testcase><testcase classname="tests.test_images" name="test_angle_page_lower_split_line_png" time="64.096"><system-out>--------------------------------- Captured Log ---------------------------------

--------------------------------- Captured Out ---------------------------------
/home/runner/work/ocr-book/ocr-book/tests/angle_page_lower_split_line.png
1608071317111784008 : Checking separation double page angle 89.77701324945475
1608071317111890609 : Checking separation double page y=0 2475
1608071326063659243 : Checking page rotation 1 -0.34999999999999093
1608071332805979343 : Checking page rotation 2 0.2
1608071335875450127 : Checking image 1 crop x1 243
1608071335875577428 : Checking image 1 crop y1 159
1608071335875612828 : Checking image 1 crop x2 2351
1608071335875646328 : Checking image 1 crop y2 3365
1608071338396938166 : Checking image 2 crop x1 149
1608071338397060466 : Checking image 2 crop y1 147
1608071338397097066 : Checking image 2 crop x2 2256
1608071338397130766 : Checking image 2 crop y2 3350
1608071338437972317 : Checking image 1 dpi 300
1608071338438081317 : Checking image 1 border top 140
1608071338438116918 : Checking image 1 border bottom 140
1608071338438149418 : Checking image 1 border left 176
1608071338438180018 : Checking image 1 border right 176
1608071338441034628 : Checking image 2 dpi 300
1608071338441128029 : Checking image 2 border top 130
1608071338441161729 : Checking image 2 border bottom 154
1608071338441192029 : Checking image 2 border left 176
1608071338441222129 : Checking image 2 border right 176

</system-out><system-err>--------------------------------- Captured Err ---------------------------------

</system-err></testcase><testcase classname="tests.test_images" name="test_black_border_not_removed_png" time="69.470"><system-out>--------------------------------- Captured Log ---------------------------------

--------------------------------- Captured Out ---------------------------------
/home/runner/work/ocr-book/ocr-book/tests/black-border-not-removed.png
1608071329908738482 : Checking separation double page angle 90.008171103531
1608071329908846382 : Checking separation double page y=0 2455
1608071337447989761 : Checking page rotation 1 0.05
1608071349810539763 : Checking page rotation 2 0.0
1608071353791840926 : Checking image 1 crop x1 298
1608071353791976326 : Checking image 1 crop y1 142
1608071353792013526 : Checking image 1 crop x2 2308
1608071353792046226 : Checking image 1 crop y2 3347
1608071358866444419 : Checking image 2 crop x1 157
1608071358866568319 : Checking image 2 crop y1 145
1608071358866605119 : Checking image 2 crop x2 2169
1608071358866638520 : Checking image 2 crop y2 3352
1608071358899348833 : Checking image 1 dpi 300
1608071358899462033 : Checking image 1 border top 128
1608071358899498233 : Checking image 1 border bottom 154
1608071358899531234 : Checking image 1 border left 225
1608071358899562534 : Checking image 1 border right 225
1608071358902019042 : Checking image 2 dpi 300
1608071358902102742 : Checking image 2 border top 133
1608071358902134843 : Checking image 2 border bottom 147
1608071358902166343 : Checking image 2 border left 224
1608071358902197243 : Checking image 2 border right 224

</system-out><system-err>--------------------------------- Captured Err ---------------------------------

</system-err></testcase><testcase classname="tests.test_images" name="test_wrong_split_line_png" time="49.118"><system-out>--------------------------------- Captured Log ---------------------------------

--------------------------------- Captured Out ---------------------------------
/home/runner/work/ocr-book/ocr-book/tests/wrong_split_line.png
1608071369457039191 : Checking separation double page angle 89.93395720607973
1608071369457141591 : Checking separation double page y=0 2465
1608071375934540570 : Checking page rotation 1 -0.14999999999999067
1608071382394787791 : Checking page rotation 2 0.5
1608071384950429251 : Checking image 1 crop x1 213
1608071384950549351 : Checking image 1 crop y1 157
1608071384950585252 : Checking image 1 crop x2 2323
1608071384950618852 : Checking image 1 crop y2 3362
1608071387534044460 : Checking image 2 crop x1 125
1608071387534165661 : Checking image 2 crop y1 165
1608071387534201961 : Checking image 2 crop x2 2237
1608071387534236061 : Checking image 2 crop y2 3374
1608071387566469465 : Checking image 1 dpi 300
1608071387566578766 : Checking image 1 border top 132
1608071387566613566 : Checking image 1 border bottom 149
1608071387566644966 : Checking image 1 border left 175
1608071387566676066 : Checking image 1 border right 175
1608071387569434475 : Checking image 2 dpi 300
1608071387569526075 : Checking image 2 border top 141
1608071387569558475 : Checking image 2 border bottom 137
1608071387569588976 : Checking image 2 border left 174
1608071387569619176 : Checking image 2 border right 174

</system-out><system-err>--------------------------------- Captured Err ---------------------------------

</system-err></testcase><testcase classname="tests.test_images" name="test_image_failed_to_rotate_png" time="64.154"><system-out>--------------------------------- Captured Log ---------------------------------

--------------------------------- Captured Out ---------------------------------
/home/runner/work/ocr-book/ocr-book/tests/image_failed_to_rotate.png
1608071392325224852 : Checking separation double page angle 90.38781598189921
1608071392325324252 : Checking separation double page y=0 2485
1608071397293517183 : Checking page rotation 1 0.35
1608071406412578003 : Checking page rotation 2 0.45
1608071417591324359 : Checking image 1 crop x1 34
1608071417591446660 : Checking image 1 crop y1 1
1608071417591483660 : Checking image 1 crop x2 2483
1608071417591517660 : Checking image 1 crop y2 3500
1608071422927761879 : Checking image 2 crop x1 177
1608071422927891479 : Checking image 2 crop y1 234
1608071422927927279 : Checking image 2 crop x2 2256
1608071422927960879 : Checking image 2 crop y2 3355
1608071422966228197 : Checking image 1 dpi 300
1608071422966340398 : Checking image 1 border top 4
1608071422966377398 : Checking image 1 border bottom 4
1608071422966410998 : Checking image 1 border left 16
1608071422966441798 : Checking image 1 border right 16
1608071422968877105 : Checking image 2 dpi 300
1608071422968969606 : Checking image 2 border top 218
1608071422969001606 : Checking image 2 border bottom 148
1608071422969032406 : Checking image 2 border left 190
1608071422969063406 : Checking image 2 border right 190

</system-out><system-err>--------------------------------- Captured Err ---------------------------------

</system-err></testcase><testcase classname="tests.test_images" name="test_crop_too_much_png" time="91.945"><system-out>--------------------------------- Captured Log ---------------------------------

--------------------------------- Captured Out ---------------------------------
/home/runner/work/ocr-book/ocr-book/tests/crop_too_much.png
1608071443746153701 : Checking separation double page angle 90.18239409272952
1608071443746259902 : Checking separation double page y=0 2455
1608071456475580773 : Checking page rotation 1 0.0
1608071470410417387 : Checking page rotation 2 0.45
1608071475263068836 : Checking image 1 crop x1 303
1608071475263220238 : Checking image 1 crop y1 148
1608071475263257138 : Checking image 1 crop x2 2313
1608071475263289438 : Checking image 1 crop y2 3351
1608071479455920950 : Checking image 2 crop x1 171
1608071479456052751 : Checking image 2 crop y1 155
1608071479456089051 : Checking image 2 crop x2 2182
1608071479456122951 : Checking image 2 crop y2 3359
1608071479499047265 : Checking image 1 dpi 300
1608071479499182766 : Checking image 1 border top 133
1608071479499216966 : Checking image 1 border bottom 151
1608071479499249266 : Checking image 1 border left 225
1608071479499280067 : Checking image 1 border right 225
1608071479502176388 : Checking image 2 dpi 300
1608071479502265188 : Checking image 2 border top 138
1608071479502298089 : Checking image 2 border bottom 145
1608071479502328589 : Checking image 2 border left 224
1608071479502361889 : Checking image 2 border right 224

</system-out><system-err>--------------------------------- Captured Err ---------------------------------

</system-err></testcase><testcase classname="tests.test_images" name="test_image_failed_to_crop_data_png" time="61.684"><system-out>--------------------------------- Captured Log ---------------------------------

--------------------------------- Captured Out ---------------------------------
/home/runner/work/ocr-book/ocr-book/tests/image_failed_to_crop_data.png
1608071456622946460 : Checking separation double page angle 89.96358807166011
1608071456623047461 : Checking separation double page y=0 2477
1608071462205273746 : Checking page rotation 1 0.2
1608071469144428858 : Checking page rotation 2 0.05
1608071480428748748 : Checking image 1 crop x1 50
1608071480428875749 : Checking image 1 crop y1 7
1608071480428913849 : Checking image 1 crop x2 2477
1608071480428947849 : Checking image 1 crop y2 3502
1608071484650760734 : Checking image 2 crop x1 160
1608071484650887135 : Checking image 2 crop y1 217
1608071484650923235 : Checking image 2 crop x2 2241
1608071484650956836 : Checking image 2 crop y2 3350
1608071484684418775 : Checking image 1 dpi 300
1608071484684540476 : Checking image 1 border top 6
1608071484684576277 : Checking image 1 border bottom 6
1608071484684608277 : Checking image 1 border left 22
1608071484684639477 : Checking image 1 border right 22
1608071484687257396 : Checking image 2 dpi 300
1608071484687350196 : Checking image 2 border top 205
1608071484687382097 : Checking image 2 border bottom 149
1608071484687413697 : Checking image 2 border left 189
1608071484687444597 : Checking image 2 border right 189

</system-out><system-err>--------------------------------- Captured Err ---------------------------------

</system-err></testcase><testcase classname="tests.test_images" name="test_crop_too_few_png" time="54.146"><system-out>--------------------------------- Captured Log ---------------------------------

--------------------------------- Captured Out ---------------------------------
/home/runner/work/ocr-book/ocr-book/tests/crop_too_few.png
1608071513656381967 : Checking separation double page angle 89.54670238452755
1608071513656488067 : Checking separation double page y=0 2512
1608071520301309076 : Checking page rotation 1 -0.6499999999999977
1608071527798826469 : Checking page rotation 2 0.0
1608071530999874671 : Checking image 1 crop x1 263
1608071530999996571 : Checking image 1 crop y1 150
1608071531000032272 : Checking image 1 crop x2 2377
1608071531000064272 : Checking image 1 crop y2 3357
1608071533638280489 : Checking image 2 crop x1 137
1608071533638407290 : Checking image 2 crop y1 141
1608071533638442990 : Checking image 2 crop x2 2259
1608071533638477490 : Checking image 2 crop y2 3345
1608071533668488271 : Checking image 1 dpi 300
1608071533668606171 : Checking image 1 border top 129
1608071533668641672 : Checking image 1 border bottom 150
1608071533668673872 : Checking image 1 border left 173
1608071533668704272 : Checking image 1 border right 173
1608071533671975192 : Checking image 2 dpi 300
1608071533672072392 : Checking image 2 border top 130
1608071533672105092 : Checking image 2 border bottom 153
1608071533672135793 : Checking image 2 border left 169
1608071533672166593 : Checking image 2 border right 169

</system-out><system-err>--------------------------------- Captured Err ---------------------------------

</system-err></testcase><testcase classname="tests.test_images" name="test_wrong_angle_split_line_png" time="70.219"><system-out>--------------------------------- Captured Log ---------------------------------

--------------------------------- Captured Out ---------------------------------
/home/runner/work/ocr-book/ocr-book/tests/wrong_angle_split_line.png
1608071520341750230 : Checking separation double page angle 90.09193420006348
1608071520341849831 : Checking separation double page y=0 2478
1608071528085819627 : Checking page rotation 1 0.05
1608071536236600737 : Checking page rotation 2 0.0
1608071548640175142 : Checking image 1 crop x1 58
1608071548640310643 : Checking image 1 crop y1 7
1608071548640347743 : Checking image 1 crop x2 2472
1608071548640381643 : Checking image 1 crop y2 3505
1608071554162632960 : Checking image 2 crop x1 163
1608071554162767961 : Checking image 2 crop y1 217
1608071554162803861 : Checking image 2 crop x2 2246
1608071554162837361 : Checking image 2 crop y2 3350
1608071554309118586 : Checking image 1 dpi 300
1608071554309239786 : Checking image 1 border top 5
1608071554309277686 : Checking image 1 border bottom 5
1608071554309310487 : Checking image 1 border left 33
1608071554309341587 : Checking image 1 border right 33
1608071554317259331 : Checking image 2 dpi 300
1608071554317372532 : Checking image 2 border top 204
1608071554317406132 : Checking image 2 border bottom 150
1608071554317439632 : Checking image 2 border left 188
1608071554317470633 : Checking image 2 border right 188

</system-out><system-err>--------------------------------- Captured Err ---------------------------------

</system-err></testcase><testcase classname="tests.test_images" name="test_crop_too_much_2_png" time="97.778"><system-out>--------------------------------- Captured Log ---------------------------------

--------------------------------- Captured Out ---------------------------------
/home/runner/work/ocr-book/ocr-book/tests/crop_too_much_2.png
1608071588930742377 : Checking separation double page angle 90.1149074900817
1608071588930851977 : Checking separation double page y=0 2478
1608071602735546430 : Checking page rotation 1 0.2
1608071620850107482 : Checking page rotation 2 0.2
1608071625676115288 : Checking image 1 crop x1 332
1608071625676238989 : Checking image 1 crop y1 131
1608071625676274889 : Checking image 1 crop x2 2342
1608071625676307389 : Checking image 1 crop y2 3336
1608071631369224148 : Checking image 2 crop x1 162
1608071631369345549 : Checking image 2 crop y1 139
1608071631369380749 : Checking image 2 crop x2 2175
1608071631369414449 : Checking image 2 crop y2 3345
1608071631416928172 : Checking image 1 dpi 300
1608071631417040073 : Checking image 1 border top 112
1608071631417073673 : Checking image 1 border bottom 170
1608071631417106373 : Checking image 1 border left 225
1608071631417138973 : Checking image 1 border right 225
1608071631419590685 : Checking image 2 dpi 300
1608071631419678985 : Checking image 2 border top 123
1608071631419710485 : Checking image 2 border bottom 157
1608071631419741085 : Checking image 2 border left 223
1608071631419773586 : Checking image 2 border right 223

</system-out><system-err>--------------------------------- Captured Err ---------------------------------

</system-err></testcase><testcase classname="tests.test_images" name="test_wrong_split_line_3_png" time="72.209"><system-out>--------------------------------- Captured Log ---------------------------------

--------------------------------- Captured Out ---------------------------------
/home/runner/work/ocr-book/ocr-book/tests/wrong_split_line_3.png
1608071599726538694 : Checking separation double page angle 90.41229500214693
1608071599726639395 : Checking separation double page y=0 2495
1608071611644068058 : Checking page rotation 1 0.35
1608071621497115379 : Checking page rotation 2 0.9
1608071624397628715 : Checking image 1 crop x1 331
1608071624397754615 : Checking image 1 crop y1 164
1608071624397791215 : Checking image 1 crop x2 2375
1608071624397825216 : Checking image 1 crop y2 3377
1608071627137375011 : Checking image 2 crop x1 104
1608071627137498612 : Checking image 2 crop y1 208
1608071627137534012 : Checking image 2 crop x2 2135
1608071627137568812 : Checking image 2 crop y2 3413
1608071627172339677 : Checking image 1 dpi 300
1608071627172450377 : Checking image 1 border top 149
1608071627172485677 : Checking image 1 border bottom 125
1608071627172518377 : Checking image 1 border left 208
1608071627172549578 : Checking image 1 border right 208
1608071627174901789 : Checking image 2 dpi 300
1608071627174990089 : Checking image 2 border top 187
1608071627175021189 : Checking image 2 border bottom 95
1608071627175051389 : Checking image 2 border left 214
1608071627175081089 : Checking image 2 border right 214

</system-out><system-err>--------------------------------- Captured Err ---------------------------------

</system-err></testcase><testcase classname="tests.test_images" name="test_wrong_wave_split_line_png" time="0.001"><skipped type="pytest.skip" message="Need to work on crop data">/home/runner/work/ocr-book/ocr-book/tests/test_images.py:660: Need to work on crop data</skipped><system-out>--------------------------------- Captured Log ---------------------------------

--------------------------------- Captured Out ---------------------------------

</system-out><system-err>--------------------------------- Captured Err ---------------------------------

</system-err><system-out>--------------------------------- Captured Log ---------------------------------

--------------------------------- Captured Out ---------------------------------

</system-out><system-err>--------------------------------- Captured Err ---------------------------------

</system-err></testcase><testcase classname="tests.test_images" name="test_no_split_line_line_algo_png" time="63.213"><system-out>--------------------------------- Captured Log ---------------------------------

--------------------------------- Captured Out ---------------------------------
/home/runner/work/ocr-book/ocr-book/tests/no_split_line_line_algo.png
1608071666325155261 : Checking separation double page angle 89.47691469185418
1608071666325258762 : Checking separation double page y=0 2476
1608071672385302213 : Checking page rotation 1 -0.14999999999999067
1608071684167512058 : Checking page rotation 2 -0.44999999999999746
1608071686638242075 : Checking image 1 crop x1 205
1608071686638366476 : Checking image 1 crop y1 158
1608071686638402276 : Checking image 1 crop x2 2320
1608071686638434876 : Checking image 1 crop y2 3366
1608071690358948498 : Checking image 2 crop x1 185
1608071690359077699 : Checking image 2 crop y1 221
1608071690359145099 : Checking image 2 crop x2 2201
1608071690359180399 : Checking image 2 crop y2 3366
1608071690397791264 : Checking image 1 dpi 300
1608071690397906465 : Checking image 1 border top 141
1608071690397941365 : Checking image 1 border bottom 138
1608071690397972965 : Checking image 1 border left 172
1608071690398003865 : Checking image 1 border right 172
1608071690400447876 : Checking image 2 dpi 300
1608071690400537376 : Checking image 2 border top 215
1608071690400569376 : Checking image 2 border bottom 127
1608071690400600476 : Checking image 2 border left 222
1608071690400631376 : Checking image 2 border right 222

</system-out><system-err>--------------------------------- Captured Err ---------------------------------

</system-err></testcase><testcase classname="tests.test_images" name="test_wrong_split_line_2_png" time="116.680"><system-out>--------------------------------- Captured Log ---------------------------------

--------------------------------- Captured Out ---------------------------------
/home/runner/work/ocr-book/ocr-book/tests/wrong_split_line_2.png
1608071700834193016 : Checking separation double page angle 90.17444704411862
1608071700834294617 : Checking separation double page y=0 2437
1608071714602062435 : Checking page rotation 1 0.2
1608071730986384639 : Checking page rotation 2 0.4
1608071738152466321 : Checking image 1 crop x1 294
1608071738152593621 : Checking image 1 crop y1 136
1608071738152629521 : Checking image 1 crop x2 2325
1608071738152662021 : Checking image 1 crop y2 3376
1608071748067579333 : Checking image 2 crop x1 138
1608071748067710234 : Checking image 2 crop y1 192
1608071748067746634 : Checking image 2 crop x2 2165
1608071748067781434 : Checking image 2 crop y2 3386
1608071748111182008 : Checking image 1 dpi 300
1608071748111294308 : Checking image 1 border top 121
1608071748111328908 : Checking image 1 border bottom 126
1608071748111362509 : Checking image 1 border left 214
1608071748111397609 : Checking image 1 border right 214
1608071748113828918 : Checking image 2 dpi 300
1608071748113918619 : Checking image 2 border top 185
1608071748113951719 : Checking image 2 border bottom 108
1608071748113982919 : Checking image 2 border left 216
1608071748114013719 : Checking image 2 border right 216

</system-out><system-err>--------------------------------- Captured Err ---------------------------------

</system-err></testcase><testcase classname="tests.test_images" name="test_failed_split_line_line_algo_png" time="27.162"><system-out>--------------------------------- Captured Log ---------------------------------

--------------------------------- Captured Out ---------------------------------
/home/runner/work/ocr-book/ocr-book/tests/failed_split_line_line_algo.png
1608071708129993712 : Checking separation double page angle 90.0163422057325
1608071708130095113 : Checking separation double page y=0 2576
1608071711759799236 : Checking page rotation 1 -0.14999999999999067
1608071713852602727 : Checking page rotation 2 0.0
1608071716033966965 : Checking image 1 crop x1 407
1608071716034097765 : Checking image 1 crop y1 2925
1608071716034134665 : Checking image 1 crop x2 2419
1608071716034166966 : Checking image 1 crop y2 3174
1608071717585290078 : Checking image 2 crop x1 1183
1608071717585410178 : Checking image 2 crop y1 1746
1608071717585443278 : Checking image 2 crop x2 1184
1608071717585473779 : Checking image 2 crop y2 1747
1608071717585762780 : Checking image 1 dpi 300
1608071717585841780 : Checking image 1 border top 2917
1608071717585873280 : Checking image 1 border bottom 321
1608071717585905680 : Checking image 1 border left 224
1608071717585935780 : Checking image 1 border right 224
1608071717587803388 : Checking image 2 dpi 300
1608071717587887489 : Checking image 2 border top 1753
1608071717587919189 : Checking image 2 border bottom 1753
1608071717587949989 : Checking image 2 border left 1239
1608071717587980389 : Checking image 2 border right 1239

</system-out><system-err>--------------------------------- Captured Err ---------------------------------

</system-err></testcase><testcase classname="tests.test_images" name="test_failed_split_line_line_algo_2_png" time="84.210"><system-out>--------------------------------- Captured Log ---------------------------------

--------------------------------- Captured Out ---------------------------------
/home/runner/work/ocr-book/ocr-book/tests/failed_split_line_line_algo_2.png
1608071770478113485 : Checking separation double page angle 90.04134220573248
1608071770478220485 : Checking separation double page y=0 2498
1608071784924052404 : Checking page rotation 1 0.0
1608071795650937406 : Checking page rotation 2 0.6000000000000001
1608071798617699661 : Checking image 1 crop x1 272
1608071798617829462 : Checking image 1 crop y1 149
1608071798617866362 : Checking image 1 crop x2 2383
1608071798617898162 : Checking image 1 crop y2 3353
1608071801734448972 : Checking image 2 crop x1 124
1608071801734575173 : Checking image 2 crop y1 155
1608071801734610473 : Checking image 2 crop x2 2247
1608071801734708473 : Checking image 2 crop y2 3350
1608071801773590723 : Checking image 1 dpi 300
1608071801773707123 : Checking image 1 border top 138
1608071801773741523 : Checking image 1 border bottom 145
1608071801773775124 : Checking image 1 border left 174
1608071801773806424 : Checking image 1 border right 174
1608071801776390434 : Checking image 2 dpi 300
1608071801776479534 : Checking image 2 border top 136
1608071801776511034 : Checking image 2 border bottom 156
1608071801776541234 : Checking image 2 border left 168
1608071801776571434 : Checking image 2 border right 168

</system-out><system-err>--------------------------------- Captured Err ---------------------------------

</system-err></testcase><testcase classname="tests.test_images" name="test_small_wave_png" time="81.993"><system-out>--------------------------------- Captured Log ---------------------------------

--------------------------------- Captured Out ---------------------------------
/home/runner/work/ocr-book/ocr-book/tests/small_wave.png
1608071800444154802 : Checking separation double page angle 90.63816928841567
1608071800444258903 : Checking separation double page y=0 2497
1608071813325674345 : Checking page rotation 1 0.75
1608071824299495382 : Checking page rotation 2 0.7
1608071826994115218 : Checking image 1 crop x1 323
1608071826994234818 : Checking image 1 crop y1 198
1608071826994270718 : Checking image 1 crop x2 2352
1608071826994304519 : Checking image 1 crop y2 3395
1608071830067223774 : Checking image 2 crop x1 135
1608071830067345375 : Checking image 2 crop y1 223
1608071830067383375 : Checking image 2 crop x2 2164
1608071830067418375 : Checking image 2 crop y2 3419
1608071830104751317 : Checking image 1 dpi 300
1608071830104862817 : Checking image 1 border top 175
1608071830104897517 : Checking image 1 border bottom 115
1608071830104929217 : Checking image 1 border left 215
1608071830104959817 : Checking image 1 border right 215
1608071830107315426 : Checking image 2 dpi 300
1608071830107401527 : Checking image 2 border top 196
1608071830107432927 : Checking image 2 border bottom 95
1608071830107463327 : Checking image 2 border left 215
1608071830107493427 : Checking image 2 border right 215

</system-out><system-err>--------------------------------- Captured Err ---------------------------------

</system-err></testcase><testcase classname="tests.test_images" name="test_crop_too_much_3_png" time="78.469"><system-out>--------------------------------- Captured Log ---------------------------------

--------------------------------- Captured Out ---------------------------------
/home/runner/work/ocr-book/ocr-book/tests/crop_too_much_3.png
1608071848668698666 : Checking separation double page angle 89.52945237729824
1608071848668802766 : Checking separation double page y=0 2497
1608071858547622909 : Checking page rotation 1 -0.8999999999999949
1608071872396355591 : Checking page rotation 2 -0.14999999999999067
1608071876184657183 : Checking image 1 crop x1 374
1608071876184780983 : Checking image 1 crop y1 258
1608071876184817783 : Checking image 1 crop x2 2385
1608071876184849984 : Checking image 1 crop y2 3459
1608071880198421892 : Checking image 2 crop x1 169
1608071880198549993 : Checking image 2 crop y1 228
1608071880198587893 : Checking image 2 crop x2 2182
1608071880198622993 : Checking image 2 crop y2 3417
1608071880242133455 : Checking image 1 dpi 300
1608071880242241155 : Checking image 1 border top 238
1608071880242274955 : Checking image 1 border bottom 48
1608071880242306455 : Checking image 1 border left 224
1608071880242338055 : Checking image 1 border right 224
1608071880244615764 : Checking image 2 dpi 300
1608071880244694564 : Checking image 2 border top 207
1608071880244728364 : Checking image 2 border bottom 90
1608071880244757964 : Checking image 2 border left 223
1608071880244787464 : Checking image 2 border right 223

</system-out><system-err>--------------------------------- Captured Err ---------------------------------

</system-err></testcase><testcase classname="tests.test_images" name="test_wrong_wave_split_line_2_png" time="83.990"><system-out>--------------------------------- Captured Log ---------------------------------

--------------------------------- Captured Out ---------------------------------
/home/runner/work/ocr-book/ocr-book/tests/wrong_wave_split_line_2.png
1608071883479310464 : Checking separation double page angle 90.7708958311329
1608071883479421864 : Checking separation double page y=0 2490
1608071894240480295 : Checking page rotation 1 0.4
1608071907710744369 : Checking page rotation 2 1.8
1608071910829856144 : Checking image 1 crop x1 224
1608071910829974544 : Checking image 1 crop y1 147
1608071910830010545 : Checking image 1 crop x2 2337
1608071910830044245 : Checking image 1 crop y2 3355
1608071914060192518 : Checking image 2 crop x1 107
1608071914060307518 : Checking image 2 crop y1 197
1608071914060353719 : Checking image 2 crop x2 2229
1608071914060386019 : Checking image 2 crop y2 3396
1608071914104604181 : Checking image 1 dpi 300
1608071914104719382 : Checking image 1 border top 133
1608071914104754382 : Checking image 1 border bottom 146
1608071914104788382 : Checking image 1 border left 173
1608071914104820182 : Checking image 1 border right 173
1608071914107200491 : Checking image 2 dpi 300
1608071914107293191 : Checking image 2 border top 167
1608071914107325591 : Checking image 2 border bottom 121
1608071914107355591 : Checking image 2 border left 169
1608071914107386191 : Checking image 2 border right 169

</system-out><system-err>--------------------------------- Captured Err ---------------------------------

</system-err></testcase><testcase classname="tests.test_images" name="test_wrong_wave_split_line_3_png" time="70.972"><system-out>--------------------------------- Captured Log ---------------------------------

--------------------------------- Captured Out ---------------------------------
/home/runner/work/ocr-book/ocr-book/tests/wrong_wave_split_line_3.png
1608071927841391863 : Checking separation double page angle 90.03326063695573
1608071927841490763 : Checking separation double page y=0 2514
1608071938386722626 : Checking page rotation 1 0.05
1608071945471627304 : Checking page rotation 2 0.35
1608071948390807997 : Checking image 1 crop x1 273
1608071948390934298 : Checking image 1 crop y1 220
1608071948390969999 : Checking image 1 crop x2 2383
1608071948391002599 : Checking image 1 crop y2 3423
1608071951191001004 : Checking image 2 crop x1 114
1608071951191149805 : Checking image 2 crop y1 226
1608071951191187805 : Checking image 2 crop x2 2235
1608071951191222305 : Checking image 2 crop y2 3413
1608071951226615413 : Checking image 1 dpi 300
1608071951226724414 : Checking image 1 border top 202
1608071951226757714 : Checking image 1 border bottom 82
1608071951226790314 : Checking image 1 border left 175
1608071951226822315 : Checking image 1 border right 175
1608071951229313736 : Checking image 2 dpi 300
1608071951229395037 : Checking image 2 border top 204
1608071951229426337 : Checking image 2 border bottom 96
1608071951229456738 : Checking image 2 border left 169
1608071951229487338 : Checking image 2 border right 169

</system-out><system-err>--------------------------------- Captured Err ---------------------------------

</system-err></testcase><testcase classname="tests.test_images" name="test_no_split_line_wave_algo_png" time="68.596"><system-out>--------------------------------- Captured Log ---------------------------------

--------------------------------- Captured Out ---------------------------------
/home/runner/work/ocr-book/ocr-book/tests/no_split_line_wave_algo.png
1608071949998288627 : Checking separation double page angle 89.93095154476828
1608071949998397228 : Checking separation double page y=0 2484
1608071955768839202 : Checking page rotation 1 0.0
1608071966034154473 : Checking page rotation 2 -0.49999999999999434
1608071975837764952 : Checking image 1 crop x1 97
1608071975837849152 : Checking image 1 crop y1 27
1608071975837883753 : Checking image 1 crop x2 2486
1608071975837915853 : Checking image 1 crop y2 3505
1608071982632230981 : Checking image 2 crop x1 163
1608071982632352282 : Checking image 2 crop y1 266
1608071982632389983 : Checking image 2 crop x2 2238
1608071982632421583 : Checking image 2 crop y2 3381
1608071982670193491 : Checking image 1 dpi 300
1608071982670306292 : Checking image 1 border top 15
1608071982670340993 : Checking image 1 border bottom 15
1608071982670372793 : Checking image 1 border left 46
1608071982670403493 : Checking image 1 border right 46
1608071982673569519 : Checking image 2 dpi 300
1608071982673667920 : Checking image 2 border top 254
1608071982673700120 : Checking image 2 border bottom 118
1608071982673730720 : Checking image 2 border left 192
1608071982673761720 : Checking image 2 border right 192

</system-out><system-err>--------------------------------- Captured Err ---------------------------------

</system-err></testcase><testcase classname="tests.test_images" name="test_no_split_line_wave_algo_2_png" time="60.031"><system-out>--------------------------------- Captured Log ---------------------------------

--------------------------------- Captured Out ---------------------------------
/home/runner/work/ocr-book/ocr-book/tests/no_split_line_wave_algo_2.png
1608071988620233981 : Checking separation double page angle 90.5
1608071988620347682 : Checking separation double page y=0 2478
1608071997247815637 : Checking page rotation 1 1.1500000000000001
1608072005848870676 : Checking page rotation 2 0.2
1608072008705530936 : Checking image 1 crop x1 266
1608072008705661437 : Checking image 1 crop y1 209
1608072008705699438 : Checking image 1 crop x2 2342
1608072008705734038 : Checking image 1 crop y2 3413
1608072011226006381 : Checking image 2 crop x1 165
1608072011226128682 : Checking image 2 crop y1 241
1608072011226164582 : Checking image 2 crop x2 2248
1608072011226199283 : Checking image 2 crop y2 3433
1608072011262540164 : Checking image 1 dpi 300
1608072011262654765 : Checking image 1 border top 191
1608072011262689165 : Checking image 1 border bottom 92
1608072011262721365 : Checking image 1 border left 192
1608072011262751765 : Checking image 1 border right 192
1608072011265027583 : Checking image 2 dpi 300
1608072011265108684 : Checking image 2 border top 224
1608072011265140484 : Checking image 2 border bottom 71
1608072011265170384 : Checking image 2 border left 188
1608072011265199884 : Checking image 2 border right 188

</system-out><system-err>--------------------------------- Captured Err ---------------------------------

</system-err></testcase><testcase classname="tests.test_images" name="test_crop_too_few_2_png" time="56.189"><system-out>--------------------------------- Captured Log ---------------------------------

--------------------------------- Captured Out ---------------------------------
/home/runner/work/ocr-book/ocr-book/tests/crop_too_few_2.png
1608072018704965251 : Checking separation double page angle 90.3480629671595
1608072018705070152 : Checking separation double page y=0 2534
1608072026558103973 : Checking page rotation 1 1.2000000000000002
1608072033180077026 : Checking page rotation 2 -0.09999999999999377
1608072036276570801 : Checking image 1 crop x1 287
1608072036276695002 : Checking image 1 crop y1 165
1608072036276730703 : Checking image 1 crop x2 2398
1608072036276764103 : Checking image 1 crop y2 3368
1608072038879573421 : Checking image 2 crop x1 148
1608072038879699022 : Checking image 2 crop y1 188
1608072038879735822 : Checking image 2 crop x2 2274
1608072038879770223 : Checking image 2 crop y2 3386
1608072038913607872 : Checking image 1 dpi 300
1608072038913723373 : Checking image 1 border top 140
1608072038913757673 : Checking image 1 border bottom 144
1608072038913788473 : Checking image 1 border left 174
1608072038913820474 : Checking image 1 border right 174
1608072038917067798 : Checking image 2 dpi 300
1608072038917164998 : Checking image 2 border top 175
1608072038917197899 : Checking image 2 border bottom 114
1608072038917228499 : Checking image 2 border left 167
1608072038917258299 : Checking image 2 border right 167

</system-out><system-err>--------------------------------- Captured Err ---------------------------------

</system-err></testcase><testcase classname="tests.test_images" name="test_failed_detect_rectangle_png" time="77.183"><system-out>--------------------------------- Captured Log ---------------------------------

--------------------------------- Captured Out ---------------------------------
/home/runner/work/ocr-book/ocr-book/tests/failed_detect_rectangle.png
1608072059098720356 : Checking separation double page angle 90.22337516213149
1608072059098821756 : Checking separation double page y=0 2474
1608072069454943983 : Checking page rotation 1 0.2
1608072082635300818 : Checking page rotation 2 0.2
1608072085422729194 : Checking image 1 crop x1 257
1608072085422856694 : Checking image 1 crop y1 201
1608072085422892595 : Checking image 1 crop x2 2333
1608072085422924095 : Checking image 1 crop y2 3402
1608072088397193159 : Checking image 2 crop x1 137
1608072088397316259 : Checking image 2 crop y1 215
1608072088397353560 : Checking image 2 crop x2 2220
1608072088397386460 : Checking image 2 crop y2 3406
1608072088440145751 : Checking image 1 dpi 300
1608072088440251451 : Checking image 1 border top 188
1608072088440286252 : Checking image 1 border bottom 97
1608072088440318852 : Checking image 1 border left 192
1608072088440350052 : Checking image 1 border right 192
1608072088442704768 : Checking image 2 dpi 300
1608072088442787068 : Checking image 2 border top 201
1608072088442818969 : Checking image 2 border bottom 95
1608072088442849169 : Checking image 2 border left 188
1608072088442878769 : Checking image 2 border right 188

</system-out><system-err>--------------------------------- Captured Err ---------------------------------

</system-err></testcase><testcase classname="tests.test_images" name="test_single_page_png" time="23.163"><system-out>--------------------------------- Captured Log ---------------------------------

--------------------------------- Captured Out ---------------------------------
/home/runner/work/ocr-book/ocr-book/tests/single_page.png
1608072049170651974 : Checking separation double page angle 90.0
1608072049170772475 : Checking separation double page y=0 2476
1608072054101500624 : Checking page rotation 1 0.0
1608072054613067594 : Checking page rotation 2 0.0
1608072061275399028 : Checking image 1 crop x1 1
1608072061275493028 : Checking image 1 crop y1 8
1608072061275530728 : Checking image 1 crop x2 2470
1608072061275562229 : Checking image 1 crop y2 3505
1608072061777560389 : Checking image 2 crop x1 0
1608072061777632790 : Checking image 2 crop y1 0
1608072061777661690 : Checking image 2 crop x2 0
1608072061777688590 : Checking image 2 crop y2 0
1608072061777764391 : Checking image 1 dpi 300
1608072061777828291 : Checking image 1 border top 5
1608072061777859491 : Checking image 1 border bottom 5
1608072061777888992 : Checking image 1 border left 6
1608072061777918992 : Checking image 1 border right 6
1608072061784080636 : Checking image 2 border top 0
1608072061784152836 : Checking image 2 border bottom 0
1608072061784181536 : Checking image 2 border left 0
1608072061784209737 : Checking image 2 border right 0

</system-out><system-err>--------------------------------- Captured Err ---------------------------------

</system-err></testcase><testcase classname="tests.test_images" name="test_no_split_line_wave_algo_3_png" time="17.251"><system-out>--------------------------------- Captured Log ---------------------------------

--------------------------------- Captured Out ---------------------------------
/home/runner/work/ocr-book/ocr-book/tests/no_split_line_wave_algo_3.png
1608072098445253140 : Checking separation double page angle 90.19999999999999
1608072098445364041 : Checking separation double page y=0 2408
1608072100981364488 : Checking page rotation 1 0.0
1608072101305221946 : Checking page rotation 2 0.15000000000000002
1608072105237535984 : Checking image 1 crop x1 184
1608072105237642085 : Checking image 1 crop y1 2957
1608072105237675085 : Checking image 1 crop x2 2201
1608072105237704085 : Checking image 1 crop y2 3202
1608072105686549659 : Checking image 2 crop x1 0
1608072105686611959 : Checking image 2 crop y1 0
1608072105686639359 : Checking image 2 crop x2 0
1608072105686664359 : Checking image 2 crop y2 0
1608072105686735460 : Checking image 1 dpi 300
1608072105686797860 : Checking image 1 border top 2950
1608072105686826960 : Checking image 1 border bottom 292
1608072105686855261 : Checking image 1 border left 221
1608072105686884061 : Checking image 1 border right 221
1608072105696490425 : Checking image 2 border top 0
1608072105696550825 : Checking image 2 border bottom 0
1608072105696577625 : Checking image 2 border left 0
1608072105696603425 : Checking image 2 border right 0

</system-out><system-err>--------------------------------- Captured Err ---------------------------------

</system-err></testcase></testsuite></testsuites>