<?xml version="1.0" encoding="utf-8"?><testsuites><testsuite errors="0" failures="0" hostname="fv-az105-428" name="pytest" skipped="0" tests="36" time="672.275" timestamp="2021-01-28T17:46:41.256744"><testcase classname="tests.test_features" name="test_mock_stop_at_0" time="0.046"><system-out>--------------------------------- Captured Log ---------------------------------

--------------------------------- Captured Out ---------------------------------
/home/runner/work/diptych/diptych/tests/0001_0.png

</system-out><system-err>--------------------------------- Captured Err ---------------------------------

</system-err></testcase><testcase classname="tests.test_features" name="test_disabled_enable_debug" time="36.020"><system-out>--------------------------------- Captured Log ---------------------------------

--------------------------------- Captured Out ---------------------------------
/home/runner/work/diptych/diptych/tests/0001_debug.png
separation double page angle 90.55756528497216
separation double page y=0 2484
page rotation 1 0.65
page rotation 2 0.2
image 1 crop x1 329
image 1 crop y1 335
image 1 crop x2 2344
image 1 crop y2 3222
image 2 crop x1 171
image 2 crop y1 648
image 2 crop x2 2188
image 2 crop y2 3361
image 1 dpi 300
image 1 border top 327
image 1 border bottom 273
image 1 border left 222
image 1 border right 222
image 2 dpi 300
image 2 border top 643
image 2 border bottom 131
image 2 border left 221
image 2 border right 221

</system-out><system-err>--------------------------------- Captured Err ---------------------------------

</system-err></testcase><testcase classname="tests.test_features" name="test_mock_stop_at_2" time="27.194"><system-out>--------------------------------- Captured Log ---------------------------------

--------------------------------- Captured Out ---------------------------------
/home/runner/work/diptych/diptych/tests/0001_2.png
separation double page angle 90.55756528497216
separation double page y=0 2484
page rotation 1 0.65
page rotation 2 0.2

</system-out><system-err>--------------------------------- Captured Err ---------------------------------

</system-err></testcase><testcase classname="tests.test_features" name="test_mock_stop_at_4" time="36.200"><system-out>--------------------------------- Captured Log ---------------------------------

--------------------------------- Captured Out ---------------------------------
/home/runner/work/diptych/diptych/tests/0001_4.png
separation double page angle 90.55756528497216
separation double page y=0 2484
page rotation 1 0.65
page rotation 2 0.2
image 1 crop x1 329
image 1 crop y1 335
image 1 crop x2 2344
image 1 crop y2 3222
image 2 crop x1 171
image 2 crop y1 648
image 2 crop x2 2188
image 2 crop y2 3361
image 1 dpi 300
image 1 border top 326
image 1 border bottom 274
image 1 border left 222
image 1 border right 222
image 2 dpi 300
image 2 border top 643
image 2 border bottom 131
image 2 border left 221
image 2 border right 221

</system-out><system-err>--------------------------------- Captured Err ---------------------------------

</system-err></testcase><testcase classname="tests.test_features" name="test_mock_stop_at_1" time="20.212"><system-out>--------------------------------- Captured Log ---------------------------------

--------------------------------- Captured Out ---------------------------------
/home/runner/work/diptych/diptych/tests/0001_1.png
separation double page angle 90.55756528497216
separation double page y=0 2484

</system-out><system-err>--------------------------------- Captured Err ---------------------------------

</system-err></testcase><testcase classname="tests.test_features" name="test_mock_stop_at_3" time="35.376"><system-out>--------------------------------- Captured Log ---------------------------------

--------------------------------- Captured Out ---------------------------------
/home/runner/work/diptych/diptych/tests/0001_3.png
separation double page angle 90.55756528497216
separation double page y=0 2484
page rotation 1 0.65
page rotation 2 0.2
image 1 crop x1 329
image 1 crop y1 335
image 1 crop x2 2344
image 1 crop y2 3222
image 2 crop x1 171
image 2 crop y1 648
image 2 crop x2 2188
image 2 crop y2 3361

</system-out><system-err>--------------------------------- Captured Err ---------------------------------

</system-err></testcase><testcase classname="tests.test_images" name="test_0001_png" time="35.238"><system-out>--------------------------------- Captured Log ---------------------------------

--------------------------------- Captured Out ---------------------------------
/home/runner/work/diptych/diptych/tests/0001.png
1611856086097342041 : Checking separation double page angle 90.55756528497216
1611856086097550243 : Checking separation double page y=0 2484
1611856089473116978 : Checking page rotation 1 0.65
1611856093918517609 : Checking page rotation 2 0.2
1611856097728192957 : Checking image 1 crop x1 329
1611856097728321458 : Checking image 1 crop y1 335
1611856097728366558 : Checking image 1 crop x2 2344
1611856097728431258 : Checking image 1 crop y2 3222
1611856101343024452 : Checking image 2 crop x1 171
1611856101343160253 : Checking image 2 crop y1 648
1611856101343209253 : Checking image 2 crop x2 2188
1611856101343250053 : Checking image 2 crop y2 3361
1611856101343452155 : Checking image 1 dpi 300
1611856101343539355 : Checking image 1 border top 326
1611856101343582655 : Checking image 1 border bottom 274
1611856101343620356 : Checking image 1 border left 222
1611856101343657656 : Checking image 1 border right 222
1611856101346708076 : Checking image 2 dpi 300
1611856101346797476 : Checking image 2 border top 643
1611856101346838576 : Checking image 2 border bottom 131
1611856101346875377 : Checking image 2 border left 221
1611856101346912577 : Checking image 2 border right 221

</system-out><system-err>--------------------------------- Captured Err ---------------------------------

</system-err></testcase><testcase classname="tests.test_features" name="test_mock_stop_at_5" time="35.712"><system-out>--------------------------------- Captured Log ---------------------------------

--------------------------------- Captured Out ---------------------------------
/home/runner/work/diptych/diptych/tests/0001_5.png
separation double page angle 90.55756528497216
separation double page y=0 2484
page rotation 1 0.65
page rotation 2 0.2
image 1 crop x1 329
image 1 crop y1 335
image 1 crop x2 2344
image 1 crop y2 3222
image 2 crop x1 171
image 2 crop y1 648
image 2 crop x2 2188
image 2 crop y2 3361
image 1 dpi 300
image 1 border top 326
image 1 border bottom 274
image 1 border left 222
image 1 border right 222
image 2 dpi 300
image 2 border top 643
image 2 border bottom 131
image 2 border left 221
image 2 border right 221

</system-out><system-err>--------------------------------- Captured Err ---------------------------------

</system-err></testcase><testcase classname="tests.test_images" name="test_black_border_not_removed_png" time="39.538"><system-out>--------------------------------- Captured Log ---------------------------------

--------------------------------- Captured Out ---------------------------------
/home/runner/work/diptych/diptych/tests/black-border-not-removed.png
1611856121625376446 : Checking separation double page angle 90.01516396500199
1611856121626187551 : Checking separation double page y=0 2455
1611856125636972223 : Checking page rotation 1 0.0
1611856131297261631 : Checking page rotation 2 0.1
1611856134974003912 : Checking image 1 crop x1 297
1611856134974154613 : Checking image 1 crop y1 143
1611856134974214114 : Checking image 1 crop x2 2309
1611856134974275314 : Checking image 1 crop y2 3346
1611856140885726162 : Checking image 2 crop x1 154
1611856140885861563 : Checking image 2 crop y1 144
1611856140885909263 : Checking image 2 crop x2 2168
1611856140885952864 : Checking image 2 crop y2 3351
1611856140886143265 : Checking image 1 dpi 300
1611856140886231366 : Checking image 1 border top 131
1611856140886273266 : Checking image 1 border bottom 153
1611856140886311466 : Checking image 1 border left 224
1611856140886348566 : Checking image 1 border right 224
1611856140889302185 : Checking image 2 dpi 300
1611856140889387386 : Checking image 2 border top 133
1611856140889427686 : Checking image 2 border bottom 147
1611856140889464586 : Checking image 2 border left 223
1611856140889501487 : Checking image 2 border right 223

</system-out><system-err>--------------------------------- Captured Err ---------------------------------

</system-err></testcase><testcase classname="tests.test_images" name="test_2_pages_2_contours_png" time="23.399"><system-out>--------------------------------- Captured Log ---------------------------------

--------------------------------- Captured Out ---------------------------------
/home/runner/work/diptych/diptych/tests/2-pages-2-contours.png
1611856143964139179 : Checking separation double page angle 90.14230271514262
1611856143964319380 : Checking separation double page y=0 2488
1611856144859693844 : Checking page rotation 1 0.0
1611856147979682329 : Checking page rotation 2 0.2
1611856149745560399 : Checking image 1 crop x1 1189
1611856149745665700 : Checking image 1 crop y1 1751
1611856149745704900 : Checking image 1 crop x2 1190
1611856149745738000 : Checking image 1 crop y2 1752
1611856153392499782 : Checking image 2 crop x1 100
1611856153392646083 : Checking image 2 crop y1 240
1611856153392692583 : Checking image 2 crop x2 2148
1611856153392734184 : Checking image 2 crop y2 3240
1611856153392907285 : Checking image 1 dpi 300
1611856153392980585 : Checking image 1 border top 1752
1611856153393019786 : Checking image 1 border bottom 1753
1611856153393055986 : Checking image 1 border left 1239
1611856153393106786 : Checking image 1 border right 1239
1611856153395007798 : Checking image 2 dpi 300
1611856153395083799 : Checking image 2 border top 230
1611856153402597947 : Checking image 2 border bottom 256
1611856153402640548 : Checking image 2 border left 206
1611856153402678148 : Checking image 2 border right 206

</system-out><system-err>--------------------------------- Captured Err ---------------------------------

</system-err></testcase><testcase classname="tests.test_images" name="test_image_failed_to_rotate_png" time="44.456"><system-out>--------------------------------- Captured Log ---------------------------------

--------------------------------- Captured Out ---------------------------------
/home/runner/work/diptych/diptych/tests/image_failed_to_rotate.png
1611856161370505060 : Checking separation double page angle 90.35651650869968
1611856161370642761 : Checking separation double page y=0 2483
1611856163885760759 : Checking page rotation 1 0.45
1611856167289402366 : Checking page rotation 2 0.2
1611856180016705505 : Checking image 1 crop x1 31
1611856180016856606 : Checking image 1 crop y1 1
1611856180016902406 : Checking image 1 crop x2 2481
1611856180016941406 : Checking image 1 crop y2 3504
1611856185231160547 : Checking image 2 crop x1 171
1611856185231298948 : Checking image 2 crop y1 231
1611856185231347148 : Checking image 2 crop x2 2259
1611856185231391149 : Checking image 2 crop y2 3358
1611856185231585050 : Checking image 1 dpi 300
1611856185231672550 : Checking image 1 border top 2
1611856185231717151 : Checking image 1 border bottom 2
1611856185231754851 : Checking image 1 border left 15
1611856185231791951 : Checking image 1 border right 15
1611856185234562569 : Checking image 2 dpi 300
1611856185234662570 : Checking image 2 border top 217
1611856185234709370 : Checking image 2 border bottom 143
1611856185234747170 : Checking image 2 border left 186
1611856185234784070 : Checking image 2 border right 186

</system-out><system-err>--------------------------------- Captured Err ---------------------------------

</system-err></testcase><testcase classname="tests.test_images" name="test_wrong_split_line_png" time="30.091"><system-out>--------------------------------- Captured Log ---------------------------------

--------------------------------- Captured Out ---------------------------------
/home/runner/work/diptych/diptych/tests/wrong_split_line.png
1611856171591249749 : Checking separation double page angle 89.95895720607972
1611856171591379550 : Checking separation double page y=0 2466
1611856174872408845 : Checking page rotation 1 -0.04999999999999689
1611856177836362893 : Checking page rotation 2 0.45
1611856180190418921 : Checking image 1 crop x1 211
1611856180190556922 : Checking image 1 crop y1 156
1611856180190601822 : Checking image 1 crop x2 2323
1611856180190641623 : Checking image 1 crop y2 3363
1611856183492613000 : Checking image 2 crop x1 123
1611856183492768001 : Checking image 2 crop y1 164
1611856183492815501 : Checking image 2 crop x2 2237
1611856183492857402 : Checking image 2 crop y2 3375
1611856183493042003 : Checking image 1 dpi 300
1611856183493134903 : Checking image 1 border top 135
1611856183493175804 : Checking image 1 border bottom 145
1611856183493212304 : Checking image 1 border left 174
1611856183493252504 : Checking image 1 border right 174
1611856183496036222 : Checking image 2 dpi 300
1611856183496152023 : Checking image 2 border top 141
1611856183496191723 : Checking image 2 border bottom 135
1611856183496228023 : Checking image 2 border left 173
1611856183496263924 : Checking image 2 border right 173

</system-out><system-err>--------------------------------- Captured Err ---------------------------------

</system-err></testcase><testcase classname="tests.test_images" name="test_crop_too_much_png" time="49.385"><system-out>--------------------------------- Captured Log ---------------------------------

--------------------------------- Captured Out ---------------------------------
/home/runner/work/diptych/diptych/tests/crop_too_much.png
1611856210724787593 : Checking separation double page angle 90.16929865985193
1611856210724928993 : Checking separation double page y=0 2456
1611856217229027706 : Checking page rotation 1 -0.04999999999999689
1611856223113962908 : Checking page rotation 2 0.2
1611856227431839891 : Checking image 1 crop x1 302
1611856227431978991 : Checking image 1 crop y1 148
1611856227432025692 : Checking image 1 crop x2 2314
1611856227432064792 : Checking image 1 crop y2 3351
1611856232859036685 : Checking image 2 crop x1 163
1611856232859171386 : Checking image 2 crop y1 151
1611856232859217086 : Checking image 2 crop x2 2187
1611856232859258886 : Checking image 2 crop y2 3363
1611856232859430687 : Checking image 1 dpi 300
1611856232859511288 : Checking image 1 border top 133
1611856232859551288 : Checking image 1 border bottom 151
1611856232859587988 : Checking image 1 border left 224
1611856232859627788 : Checking image 1 border right 224
1611856232862115404 : Checking image 2 dpi 300
1611856232862209405 : Checking image 2 border top 132
1611856232862250405 : Checking image 2 border bottom 143
1611856232862286705 : Checking image 2 border left 218
1611856232862322706 : Checking image 2 border right 218

</system-out><system-err>--------------------------------- Captured Err ---------------------------------

</system-err></testcase><testcase classname="tests.test_images" name="test_image_failed_to_crop_data_png" time="55.132"><system-out>--------------------------------- Captured Log ---------------------------------

--------------------------------- Captured Out ---------------------------------
/home/runner/work/diptych/diptych/tests/image_failed_to_crop_data.png
1611856209787071122 : Checking separation double page angle 90.09350257645173
1611856209787215723 : Checking separation double page y=0 2479
1611856215320449262 : Checking page rotation 1 0.15000000000000002
1611856218899528599 : Checking page rotation 2 0.05
1611856235919938960 : Checking image 1 crop x1 46
1611856235920104161 : Checking image 1 crop y1 1
1611856235920168061 : Checking image 1 crop x2 2477
1611856235920210761 : Checking image 1 crop y2 3505
1611856240411799288 : Checking image 2 crop x1 164
1611856240412083990 : Checking image 2 crop y1 217
1611856240412133090 : Checking image 2 crop x2 2245
1611856240412177291 : Checking image 2 crop y2 3350
1611856240412428092 : Checking image 1 dpi 300
1611856240412518993 : Checking image 1 border top 2
1611856240412562993 : Checking image 1 border bottom 2
1611856240412602093 : Checking image 1 border left 25
1611856240412638993 : Checking image 1 border right 25
1611856240415418211 : Checking image 2 dpi 300
1611856240415518312 : Checking image 2 border top 206
1611856240415560512 : Checking image 2 border bottom 148
1611856240415597512 : Checking image 2 border left 189
1611856240415634112 : Checking image 2 border right 189

</system-out><system-err>--------------------------------- Captured Err ---------------------------------

</system-err></testcase><testcase classname="tests.test_images" name="test_crop_too_few_png" time="30.617"><system-out>--------------------------------- Captured Log ---------------------------------

--------------------------------- Captured Out ---------------------------------
/home/runner/work/diptych/diptych/tests/crop_too_few.png
1611856250968598860 : Checking separation double page angle 89.49492328400886
1611856250968786662 : Checking separation double page y=0 2510
1611856253874026853 : Checking page rotation 1 -0.6499999999999977
1611856257897388304 : Checking page rotation 2 0.0
1611856261027402950 : Checking image 1 crop x1 263
1611856261027569452 : Checking image 1 crop y1 150
1611856261027647152 : Checking image 1 crop x2 2377
1611856261027687353 : Checking image 1 crop y2 3357
1611856263508130692 : Checking image 2 crop x1 139
1611856263508322694 : Checking image 2 crop y1 141
1611856263508372994 : Checking image 2 crop x2 2261
1611856263508547595 : Checking image 2 crop y2 3345
1611856263508774597 : Checking image 1 dpi 300
1611856263508867597 : Checking image 1 border top 129
1611856263508909798 : Checking image 1 border bottom 150
1611856263508947098 : Checking image 1 border left 173
1611856263509038499 : Checking image 1 border right 173
1611856263512053820 : Checking image 2 dpi 300
1611856263512175821 : Checking image 2 border top 130
1611856263512218521 : Checking image 2 border bottom 153
1611856263512255321 : Checking image 2 border left 169
1611856263512292022 : Checking image 2 border right 169

</system-out><system-err>--------------------------------- Captured Err ---------------------------------

</system-err></testcase><testcase classname="tests.test_images" name="test_wrong_angle_split_line_png" time="39.780"><system-out>--------------------------------- Captured Log ---------------------------------

--------------------------------- Captured Out ---------------------------------
/home/runner/work/diptych/diptych/tests/wrong_angle_split_line.png
1611856256008539143 : Checking separation double page angle 90.08791528895468
1611856256008669044 : Checking separation double page y=0 2478
1611856257961935205 : Checking page rotation 1 0.1
1611856261582455275 : Checking page rotation 2 0.1
1611856273560641806 : Checking image 1 crop x1 58
1611856273560785107 : Checking image 1 crop y1 6
1611856273560836707 : Checking image 1 crop x2 2476
1611856273560879907 : Checking image 1 crop y2 3501
1611856279494400450 : Checking image 2 crop x1 166
1611856279494548851 : Checking image 2 crop y1 218
1611856279494596852 : Checking image 2 crop x2 2244
1611856279494640252 : Checking image 2 crop y2 3349
1611856279494844953 : Checking image 1 dpi 300
1611856279494933454 : Checking image 1 border top 6
1611856279494974654 : Checking image 1 border bottom 6
1611856279495014054 : Checking image 1 border left 31
1611856279495052454 : Checking image 1 border right 31
1611856279503045806 : Checking image 2 dpi 300
1611856279503196507 : Checking image 2 border top 209
1611856279503239807 : Checking image 2 border bottom 147
1611856279503278107 : Checking image 2 border left 191
1611856279503315607 : Checking image 2 border right 191

</system-out><system-err>--------------------------------- Captured Err ---------------------------------

</system-err></testcase><testcase classname="tests.test_images" name="test_crop_too_much_2_png" time="53.480"><system-out>--------------------------------- Captured Log ---------------------------------

--------------------------------- Captured Out ---------------------------------
/home/runner/work/diptych/diptych/tests/crop_too_much_2.png
1611856294292967347 : Checking separation double page angle 90.15285326123045
1611856294293108848 : Checking separation double page y=0 2477
1611856300640804761 : Checking page rotation 1 0.15000000000000002
1611856307715020372 : Checking page rotation 2 0.2
1611856311771009715 : Checking image 1 crop x1 330
1611856311771531718 : Checking image 1 crop y1 132
1611856311771581819 : Checking image 1 crop x2 2342
1611856311771622819 : Checking image 1 crop y2 3335
1611856316957930175 : Checking image 2 crop x1 165
1611856316958069476 : Checking image 2 crop y1 139
1611856316958127576 : Checking image 2 crop x2 2178
1611856316958165977 : Checking image 2 crop y2 3345
1611856316958331478 : Checking image 1 dpi 300
1611856316958409578 : Checking image 1 border top 121
1611856316958450078 : Checking image 1 border bottom 163
1611856316958485479 : Checking image 1 border left 224
1611856316958522679 : Checking image 1 border right 224
1611856316961318197 : Checking image 2 dpi 300
1611856316961422497 : Checking image 2 border top 129
1611856316961463297 : Checking image 2 border bottom 152
1611856316961499398 : Checking image 2 border left 223
1611856316961535198 : Checking image 2 border right 223

</system-out><system-err>--------------------------------- Captured Err ---------------------------------

</system-err></testcase><testcase classname="tests.test_images" name="test_angle_page_lower_split_line_png" time="49.962"><system-out>--------------------------------- Captured Log ---------------------------------

--------------------------------- Captured Out ---------------------------------
/home/runner/work/diptych/diptych/tests/angle_page_lower_split_line.png
1611856309938874100 : Checking separation double page angle 89.74412725181848
1611856309939019101 : Checking separation double page y=0 2472
1611856316728017929 : Checking page rotation 1 -0.14999999999999067
1611856322727732829 : Checking page rotation 2 0.1
1611856325415843757 : Checking image 1 crop x1 241
1611856325415985458 : Checking image 1 crop y1 156
1611856325416033159 : Checking image 1 crop x2 2357
1611856325416076059 : Checking image 1 crop y2 3368
1611856330237579594 : Checking image 2 crop x1 151
1611856330237721495 : Checking image 2 crop y1 146
1611856330237764096 : Checking image 2 crop x2 2261
1611856330237803296 : Checking image 2 crop y2 3351
1611856330237980497 : Checking image 1 dpi 300
1611856330238059898 : Checking image 1 border top 140
1611856330238097498 : Checking image 1 border bottom 135
1611856330238130498 : Checking image 1 border left 172
1611856330238162998 : Checking image 1 border right 172
1611856330241451619 : Checking image 2 dpi 300
1611856330241552020 : Checking image 2 border top 131
1611856330241592320 : Checking image 2 border bottom 151
1611856330241628220 : Checking image 2 border left 175
1611856330241663520 : Checking image 2 border right 175

</system-out><system-err>--------------------------------- Captured Err ---------------------------------

</system-err></testcase><testcase classname="tests.test_images" name="test_wrong_split_line_2_png" time="61.394"><system-out>--------------------------------- Captured Log ---------------------------------

--------------------------------- Captured Out ---------------------------------
/home/runner/work/diptych/diptych/tests/wrong_split_line_2.png
1611856348153568037 : Checking separation double page angle 90.23635161124103
1611856348153715438 : Checking separation double page y=0 2437
1611856355665629001 : Checking page rotation 1 0.2
1611856362018114521 : Checking page rotation 2 0.2
1611856368506797102 : Checking image 1 crop x1 294
1611856368506945802 : Checking image 1 crop y1 136
1611856368506989703 : Checking image 1 crop x2 2325
1611856368507029703 : Checking image 1 crop y2 3376
1611856378364760961 : Checking image 2 crop x1 138
1611856378364912762 : Checking image 2 crop y1 190
1611856378364963662 : Checking image 2 crop x2 2174
1611856378365005663 : Checking image 2 crop y2 3389
1611856378365181264 : Checking image 1 dpi 300
1611856378365382065 : Checking image 1 border top 131
1611856378365436865 : Checking image 1 border bottom 116
1611856378365473866 : Checking image 1 border left 214
1611856378365513666 : Checking image 1 border right 214
1611856378368128682 : Checking image 2 dpi 300
1611856378368215083 : Checking image 2 border top 181
1611856378368257183 : Checking image 2 border bottom 107
1611856378368291884 : Checking image 2 border left 212
1611856378368326084 : Checking image 2 border right 212

</system-out><system-err>--------------------------------- Captured Err ---------------------------------

</system-err></testcase><testcase classname="tests.test_images" name="test_wrong_wave_split_line_png" time="53.514"><system-out>--------------------------------- Captured Log ---------------------------------

--------------------------------- Captured Out ---------------------------------
/home/runner/work/diptych/diptych/tests/wrong_wave_split_line.png
1611856357439807834 : Checking separation double page angle 90.42461655762611
1611856357439951235 : Checking separation double page y=0 2502
1611856362287528627 : Checking page rotation 1 -0.09999999999999377
1611856367546340021 : Checking page rotation 2 0.85
1611856375267600282 : Checking image 1 crop x1 384
1611856375267751582 : Checking image 1 crop y1 178
1611856375267799483 : Checking image 1 crop x2 2412
1611856375267840883 : Checking image 1 crop y2 3374
1611856383743613761 : Checking image 2 crop x1 7
1611856383743779062 : Checking image 2 crop y1 0
1611856383743828362 : Checking image 2 crop x2 2411
1611856383743873162 : Checking image 2 crop y2 3505
1611856383744056863 : Checking image 1 dpi 300
1611856383744143764 : Checking image 1 border top 173
1611856383744186664 : Checking image 1 border bottom 118
1611856383744227364 : Checking image 1 border left 216
1611856383744265965 : Checking image 1 border right 216
1611856383747502485 : Checking image 2 dpi 300
1611856383747635486 : Checking image 2 border top 1
1611856383747682186 : Checking image 2 border bottom 1
1611856383747720387 : Checking image 2 border left 38
1611856383747757487 : Checking image 2 border right 38

</system-out><system-err>--------------------------------- Captured Err ---------------------------------

</system-err></testcase><testcase classname="tests.test_images" name="test_small_wave_png" time="43.900"><system-out>--------------------------------- Captured Log ---------------------------------

--------------------------------- Captured Out ---------------------------------
/home/runner/work/diptych/diptych/tests/small_wave.png
1611856405854541611 : Checking separation double page angle 90.56494929955075
1611856405854673912 : Checking separation double page y=0 2495
1611856411246682596 : Checking page rotation 1 0.7
1611856416330437335 : Checking page rotation 2 0.65
1611856418713976504 : Checking image 1 crop x1 322
1611856418714122305 : Checking image 1 crop y1 199
1611856418714168806 : Checking image 1 crop x2 2351
1611856418714207906 : Checking image 1 crop y2 3394
1611856422267534672 : Checking image 2 crop x1 130
1611856422267678973 : Checking image 2 crop y1 222
1611856422267736673 : Checking image 2 crop x2 2163
1611856422267777174 : Checking image 2 crop y2 3420
1611856422267969775 : Checking image 1 dpi 300
1611856422268049375 : Checking image 1 border top 181
1611856422268089976 : Checking image 1 border bottom 111
1611856422268132676 : Checking image 1 border left 215
1611856422268194776 : Checking image 1 border right 215
1611856422271174395 : Checking image 2 dpi 300
1611856422271252196 : Checking image 2 border top 197
1611856422271288896 : Checking image 2 border bottom 92
1611856422271335696 : Checking image 2 border left 213
1611856422271370496 : Checking image 2 border right 213

</system-out><system-err>--------------------------------- Captured Err ---------------------------------

</system-err></testcase><testcase classname="tests.test_images" name="test_no_split_line_line_algo_png" time="38.513"><system-out>--------------------------------- Captured Log ---------------------------------

--------------------------------- Captured Out ---------------------------------
/home/runner/work/diptych/diptych/tests/no_split_line_line_algo.png
1611856405318214220 : Checking separation double page angle 89.47691469185418
1611856405318341421 : Checking separation double page y=0 2476
1611856408133741818 : Checking page rotation 1 -0.14999999999999067
1611856413700066106 : Checking page rotation 2 -0.14999999999999067
1611856416549181418 : Checking image 1 crop x1 205
1611856416549317819 : Checking image 1 crop y1 158
1611856416549366619 : Checking image 1 crop x2 2320
1611856416549410520 : Checking image 1 crop y2 3366
1611856422278538442 : Checking image 2 crop x1 185
1611856422278667742 : Checking image 2 crop y1 225
1611856422278713043 : Checking image 2 crop x2 2204
1611856422278754543 : Checking image 2 crop y2 3362
1611856422278940644 : Checking image 1 dpi 300
1611856422279023945 : Checking image 1 border top 144
1611856422279063445 : Checking image 1 border bottom 134
1611856422279101545 : Checking image 1 border left 172
1611856422279137845 : Checking image 1 border right 172
1611856422282267065 : Checking image 2 dpi 300
1611856422282343166 : Checking image 2 border top 223
1611856422282434466 : Checking image 2 border bottom 127
1611856422282471767 : Checking image 2 border left 220
1611856422282508767 : Checking image 2 border right 220

</system-out><system-err>--------------------------------- Captured Err ---------------------------------

</system-err></testcase><testcase classname="tests.test_images" name="test_failed_split_line_line_algo_png" time="20.186"><system-out>--------------------------------- Captured Log ---------------------------------

--------------------------------- Captured Out ---------------------------------
/home/runner/work/diptych/diptych/tests/failed_split_line_line_algo.png
1611856433803401622 : Checking separation double page angle 90.0093502548779
1611856433803531623 : Checking separation double page y=0 2574
1611856435419447042 : Checking page rotation 1 0.0
1611856436221091512 : Checking page rotation 2 0.0
1611856439854252990 : Checking image 1 crop x1 411
1611856439854400091 : Checking image 1 crop y1 2927
1611856439854447791 : Checking image 1 crop x2 2422
1611856439854488892 : Checking image 1 crop y2 3172
1611856442484844528 : Checking image 2 crop x1 1191
1611856442484965428 : Checking image 2 crop y1 1745
1611856442485008829 : Checking image 2 crop x2 1192
1611856442485046529 : Checking image 2 crop y2 1746
1611856442485195930 : Checking image 1 dpi 300
1611856442485287531 : Checking image 1 border top 2920
1611856442485329731 : Checking image 1 border bottom 322
1611856442485369531 : Checking image 1 border left 224
1611856442485407731 : Checking image 1 border right 224
1611856442487399444 : Checking image 2 dpi 300
1611856442487459344 : Checking image 2 border top 1752
1611856442487505145 : Checking image 2 border bottom 1753
1611856442487539745 : Checking image 2 border left 1239
1611856442487577345 : Checking image 2 border right 1239

</system-out><system-err>--------------------------------- Captured Err ---------------------------------

</system-err></testcase><testcase classname="tests.test_images" name="test_wrong_split_line_3_png" time="51.380"><system-out>--------------------------------- Captured Log ---------------------------------

--------------------------------- Captured Out ---------------------------------
/home/runner/work/diptych/diptych/tests/wrong_split_line_3.png
1611856446413365266 : Checking separation double page angle 90.40515247895009
1611856446413504467 : Checking separation double page y=0 2495
1611856451483037904 : Checking page rotation 1 0.2
1611856455160214232 : Checking page rotation 2 0.85
1611856458231357900 : Checking image 1 crop x1 331
1611856458231520501 : Checking image 1 crop y1 166
1611856458231564401 : Checking image 1 crop x2 2377
1611856458231604301 : Checking image 1 crop y2 3375
1611856473671316723 : Checking image 2 crop x1 103
1611856473671433325 : Checking image 2 crop y1 207
1611856473671473226 : Checking image 2 crop x2 2136
1611856473671508727 : Checking image 2 crop y2 3414
1611856473671728031 : Checking image 1 dpi 300
1611856473671810633 : Checking image 1 border top 158
1611856473671850734 : Checking image 1 border bottom 120
1611856473671886934 : Checking image 1 border left 207
1611856473671926935 : Checking image 1 border right 207
1611856473675253403 : Checking image 2 dpi 300
1611856473675351104 : Checking image 2 border top 199
1611856473675391805 : Checking image 2 border bottom 81
1611856473675428006 : Checking image 2 border left 213
1611856473675464207 : Checking image 2 border right 213

</system-out><system-err>--------------------------------- Captured Err ---------------------------------

</system-err></testcase><testcase classname="tests.test_images" name="test_failed_split_line_line_algo_2_png" time="44.058"><system-out>--------------------------------- Captured Log ---------------------------------

--------------------------------- Captured Out ---------------------------------
/home/runner/work/diptych/diptych/tests/failed_split_line_line_algo_2.png
1611856469005173668 : Checking separation double page angle 90.03732329462368
1611856469005312271 : Checking separation double page y=0 2499
1611856474588337705 : Checking page rotation 1 -0.09999999999999377
1611856479102789021 : Checking page rotation 2 0.5499999999999999
1611856483094735767 : Checking image 1 crop x1 273
1611856483094886770 : Checking image 1 crop y1 147
1611856483094945770 : Checking image 1 crop x2 2386
1611856483094986371 : Checking image 1 crop y2 3352
1611856486524556647 : Checking image 2 crop x1 122
1611856486524701649 : Checking image 2 crop y1 155
1611856486524750349 : Checking image 2 crop x2 2246
1611856486524793750 : Checking image 2 crop y2 3350
1611856486524989852 : Checking image 1 dpi 300
1611856486525080653 : Checking image 1 border top 137
1611856486525123153 : Checking image 1 border bottom 145
1611856486525161054 : Checking image 1 border left 173
1611856486525198854 : Checking image 1 border right 173
1611856486528450592 : Checking image 2 dpi 300
1611856486528535893 : Checking image 2 border top 133
1611856486528573094 : Checking image 2 border bottom 159
1611856486528605694 : Checking image 2 border left 168
1611856486528638094 : Checking image 2 border right 168

</system-out><system-err>--------------------------------- Captured Err ---------------------------------

</system-err></testcase><testcase classname="tests.test_images" name="test_crop_too_much_3_png" time="41.128"><system-out>--------------------------------- Captured Log ---------------------------------

--------------------------------- Captured Out ---------------------------------
/home/runner/work/diptych/diptych/tests/crop_too_much_3.png
1611856496381117896 : Checking separation double page angle 89.5934556679346
1611856496381258297 : Checking separation double page y=0 2499
1611856500452490565 : Checking page rotation 1 -0.8999999999999949
1611856507424466737 : Checking page rotation 2 -0.04999999999999689
1611856511402116989 : Checking image 1 crop x1 374
1611856511402255689 : Checking image 1 crop y1 258
1611856511402302990 : Checking image 1 crop x2 2385
1611856511402342890 : Checking image 1 crop y2 3459
1611856514799706060 : Checking image 2 crop x1 164
1611856514799847861 : Checking image 2 crop y1 229
1611856514799895561 : Checking image 2 crop x2 2183
1611856514799937261 : Checking image 2 crop y2 3416
1611856514800120262 : Checking image 1 dpi 300
1611856514800211863 : Checking image 1 border top 239
1611856514800250763 : Checking image 1 border bottom 46
1611856514800299963 : Checking image 1 border left 224
1611856514800336563 : Checking image 1 border right 224
1611856514802502775 : Checking image 2 dpi 300
1611856514802590375 : Checking image 2 border top 210
1611856514802630276 : Checking image 2 border bottom 90
1611856514802665576 : Checking image 2 border left 220
1611856514802700476 : Checking image 2 border right 220

</system-out><system-err>--------------------------------- Captured Err ---------------------------------

</system-err></testcase><testcase classname="tests.test_images" name="test_wrong_wave_split_line_2_png" time="44.191"><system-out>--------------------------------- Captured Log ---------------------------------

--------------------------------- Captured Out ---------------------------------
/home/runner/work/diptych/diptych/tests/wrong_wave_split_line_2.png
1611856514175942524 : Checking separation double page angle 90.7708958311329
1611856514176096925 : Checking separation double page y=0 2490
1611856519087472616 : Checking page rotation 1 0.2
1611856523870011270 : Checking page rotation 2 1.65
1611856526626111324 : Checking image 1 crop x1 227
1611856526626252225 : Checking image 1 crop y1 147
1611856526626294725 : Checking image 1 crop x2 2342
1611856526626332825 : Checking image 1 crop y2 3353
1611856530719856966 : Checking image 2 crop x1 106
1611856530719997367 : Checking image 2 crop y1 195
1611856530720045867 : Checking image 2 crop x2 2231
1611856530720089767 : Checking image 2 crop y2 3398
1611856530720281868 : Checking image 1 dpi 300
1611856530720369969 : Checking image 1 border top 136
1611856530720479069 : Checking image 1 border bottom 145
1611856530720516870 : Checking image 1 border left 172
1611856530720550370 : Checking image 1 border right 172
1611856530723653888 : Checking image 2 dpi 300
1611856530723764189 : Checking image 2 border top 165
1611856530723812689 : Checking image 2 border bottom 118
1611856530723860389 : Checking image 2 border left 167
1611856530723897289 : Checking image 2 border right 167

</system-out><system-err>--------------------------------- Captured Err ---------------------------------

</system-err></testcase><testcase classname="tests.test_images" name="test_wrong_wave_split_line_3_png" time="43.513"><system-out>--------------------------------- Captured Log ---------------------------------

--------------------------------- Captured Out ---------------------------------
/home/runner/work/diptych/diptych/tests/wrong_wave_split_line_3.png
1611856542289257412 : Checking separation double page angle 90.12715931778824
1611856542289389811 : Checking separation double page y=0 2514
1611856548198851556 : Checking page rotation 1 0.05
1611856552307012210 : Checking page rotation 2 0.2
1611856555520652573 : Checking image 1 crop x1 273
1611856555520779474 : Checking image 1 crop y1 220
1611856555520841474 : Checking image 1 crop x2 2383
1611856555520878374 : Checking image 1 crop y2 3423
1611856558324138661 : Checking image 2 crop x1 116
1611856558324278262 : Checking image 2 crop y1 225
1611856558324325262 : Checking image 2 crop x2 2242
1611856558324366762 : Checking image 2 crop y2 3415
1611856558324610264 : Checking image 1 dpi 300
1611856558324701964 : Checking image 1 border top 202
1611856558324753965 : Checking image 1 border bottom 82
1611856558324791265 : Checking image 1 border left 175
1611856558324829165 : Checking image 1 border right 175
1611856558326929478 : Checking image 2 dpi 300
1611856558327005379 : Checking image 2 border top 204
1611856558327042979 : Checking image 2 border bottom 93
1611856558327077779 : Checking image 2 border left 167
1611856558327112479 : Checking image 2 border right 167

</system-out><system-err>--------------------------------- Captured Err ---------------------------------

</system-err></testcase><testcase classname="tests.test_images" name="test_no_split_line_wave_algo_png" time="50.814"><system-out>--------------------------------- Captured Log ---------------------------------

--------------------------------- Captured Out ---------------------------------
/home/runner/work/diptych/diptych/tests/no_split_line_wave_algo.png
1611856551724745869 : Checking separation double page angle 89.79018091440821
1611856551724896470 : Checking separation double page y=0 2483
1611856555662268869 : Checking page rotation 1 0.0
1611856560262939083 : Checking page rotation 2 -0.44999999999999746
1611856574311824566 : Checking image 1 crop x1 97
1611856574311942469 : Checking image 1 crop y1 74
1611856574311985770 : Checking image 1 crop x2 2489
1611856574312025971 : Checking image 1 crop y2 3505
1611856581494712669 : Checking image 2 crop x1 164
1611856581494874270 : Checking image 2 crop y1 267
1611856581494928870 : Checking image 2 crop x2 2239
1611856581494970670 : Checking image 2 crop y2 3380
1611856581495171971 : Checking image 1 dpi 300
1611856581495264472 : Checking image 1 border top 38
1611856581495305772 : Checking image 1 border bottom 38
1611856581495345473 : Checking image 1 border left 44
1611856581495383573 : Checking image 1 border right 44
1611856581498484093 : Checking image 2 dpi 300
1611856581498599694 : Checking image 2 border top 257
1611856581498642194 : Checking image 2 border bottom 117
1611856581498679694 : Checking image 2 border left 192
1611856581498716394 : Checking image 2 border right 192

</system-out><system-err>--------------------------------- Captured Err ---------------------------------

</system-err></testcase><testcase classname="tests.test_images" name="test_no_split_line_wave_algo_2_png" time="34.948"><system-out>--------------------------------- Captured Log ---------------------------------

--------------------------------- Captured Out ---------------------------------
/home/runner/work/diptych/diptych/tests/no_split_line_wave_algo_2.png
1611856579743119309 : Checking separation double page angle 90.43362571535843
1611856579743273513 : Checking separation double page y=0 2473
1611856583272958517 : Checking page rotation 1 1.05
1611856587228013779 : Checking page rotation 2 0.15000000000000002
1611856590462988909 : Checking image 1 crop x1 267
1611856590463138510 : Checking image 1 crop y1 210
1611856590463207710 : Checking image 1 crop x2 2343
1611856590463258811 : Checking image 1 crop y2 3412
1611856593282010618 : Checking image 2 crop x1 165
1611856593282146918 : Checking image 2 crop y1 241
1611856593282192919 : Checking image 2 crop x2 2250
1611856593282233619 : Checking image 2 crop y2 3433
1611856593282402420 : Checking image 1 dpi 300
1611856593282480920 : Checking image 1 border top 192
1611856593282520420 : Checking image 1 border bottom 93
1611856593282557020 : Checking image 1 border left 192
1611856593282595420 : Checking image 1 border right 192
1611856593285538434 : Checking image 2 dpi 300
1611856593285639335 : Checking image 2 border top 224
1611856593285680935 : Checking image 2 border bottom 71
1611856593285717235 : Checking image 2 border left 187
1611856593285753135 : Checking image 2 border right 187

</system-out><system-err>--------------------------------- Captured Err ---------------------------------

</system-err></testcase><testcase classname="tests.test_images" name="test_crop_too_few_2_png" time="36.354"><system-out>--------------------------------- Captured Log ---------------------------------

--------------------------------- Captured Out ---------------------------------
/home/runner/work/diptych/diptych/tests/crop_too_few_2.png
1611856601443939400 : Checking separation double page angle 90.35461351371423
1611856601444077201 : Checking separation double page y=0 2533
1611856605502461288 : Checking page rotation 1 1.0999999999999999
1611856609993323921 : Checking page rotation 2 0.0
1611856613918056302 : Checking image 1 crop x1 289
1611856613918191303 : Checking image 1 crop y1 165
1611856613918235604 : Checking image 1 crop x2 2400
1611856613918276804 : Checking image 1 crop y2 3367
1611856617924156510 : Checking image 2 crop x1 152
1611856617924285011 : Checking image 2 crop y1 190
1611856617924348611 : Checking image 2 crop x2 2273
1611856617924412612 : Checking image 2 crop y2 3385
1611856617924616613 : Checking image 1 dpi 300
1611856617924702314 : Checking image 1 border top 157
1611856617924744014 : Checking image 1 border bottom 128
1611856617924781814 : Checking image 1 border left 174
1611856617924818615 : Checking image 1 border right 174
1611856617927856039 : Checking image 2 dpi 300
1611856617927953939 : Checking image 2 border top 176
1611856617927995940 : Checking image 2 border bottom 116
1611856617928033940 : Checking image 2 border left 169
1611856617928070540 : Checking image 2 border right 169

</system-out><system-err>--------------------------------- Captured Err ---------------------------------

</system-err></testcase><testcase classname="tests.test_images" name="test_failed_detect_rectangle_png" time="43.912"><system-out>--------------------------------- Captured Log ---------------------------------

--------------------------------- Captured Out ---------------------------------
/home/runner/work/diptych/diptych/tests/failed_detect_rectangle.png
1611856621089962150 : Checking separation double page angle 90.242273842964
1611856621090101151 : Checking separation double page y=0 2475
1611856626442542034 : Checking page rotation 1 0.2
1611856632569461519 : Checking page rotation 2 0.2
1611856634688684892 : Checking image 1 crop x1 257
1611856634688816593 : Checking image 1 crop y1 201
1611856634688872693 : Checking image 1 crop x2 2333
1611856634688911094 : Checking image 1 crop y2 3402
1611856637187265513 : Checking image 2 crop x1 137
1611856637187406814 : Checking image 2 crop y1 215
1611856637187451115 : Checking image 2 crop x2 2220
1611856637187490615 : Checking image 2 crop y2 3406
1611856637187649816 : Checking image 1 dpi 300
1611856637187726716 : Checking image 1 border top 188
1611856637187764517 : Checking image 1 border bottom 98
1611856637187798617 : Checking image 1 border left 192
1611856637187834517 : Checking image 1 border right 192
1611856637190698236 : Checking image 2 dpi 300
1611856637190773636 : Checking image 2 border top 201
1611856637190810236 : Checking image 2 border bottom 95
1611856637190847137 : Checking image 2 border left 188
1611856637190881337 : Checking image 2 border right 188

</system-out><system-err>--------------------------------- Captured Err ---------------------------------

</system-err></testcase><testcase classname="tests.test_images" name="test_single_page_png" time="7.700"><system-out>--------------------------------- Captured Log ---------------------------------

--------------------------------- Captured Out ---------------------------------
/home/runner/work/diptych/diptych/tests/single_page.png
1611856621267376881 : Checking separation double page angle 89.93006318861008
1611856621267537781 : Checking separation double page y=0 2472
1611856622370911282 : Checking page rotation 1 0.0
1611856622495598519 : Checking page rotation 2 0.0
1611856625108058393 : Checking image 1 crop x1 1
1611856625108186393 : Checking image 1 crop y1 8
1611856625108232093 : Checking image 1 crop x2 2470
1611856625108270393 : Checking image 1 crop y2 3505
1611856625254534972 : Checking image 2 crop x1 0
1611856625254645872 : Checking image 2 crop y1 0
1611856625254682372 : Checking image 2 crop x2 0
1611856625254717272 : Checking image 2 crop y2 0
1611856625254822572 : Checking image 1 dpi 300
1611856625254892373 : Checking image 1 border top 5
1611856625254929273 : Checking image 1 border bottom 5
1611856625254962973 : Checking image 1 border left 6
1611856625255002173 : Checking image 1 border right 6
1611856625261555385 : Checking image 2 border top 0
1611856625261657485 : Checking image 2 border bottom 0
1611856625261693485 : Checking image 2 border left 0
1611856625261757886 : Checking image 2 border right 0

</system-out><system-err>--------------------------------- Captured Err ---------------------------------

</system-err></testcase><testcase classname="tests.test_images" name="test_wrong_split_line_4_png" time="22.154"><system-out>--------------------------------- Captured Log ---------------------------------

--------------------------------- Captured Out ---------------------------------
/home/runner/work/diptych/diptych/tests/wrong_split_line_4.png
1611856638284045381 : Checking separation double page angle 90.92587744884125
1611856638284185682 : Checking separation double page y=0 58
1611856638465618335 : Checking page rotation 1 0.5499999999999999
1611856643040963747 : Checking page rotation 2 1.0999999999999999
1611856644640137196 : Checking image 1 crop x1 0
1611856644640247697 : Checking image 1 crop y1 0
1611856644640282997 : Checking image 1 crop x2 0
1611856644640316497 : Checking image 1 crop y2 0
1611856647816981962 : Checking image 2 crop x1 290
1611856647817150964 : Checking image 2 crop y1 330
1611856647817193764 : Checking image 2 crop x2 2314
1611856647817233264 : Checking image 2 crop y2 3217
1611856647817413965 : Checking image 1 border top 0
1611856647817460466 : Checking image 1 border bottom 0
1611856647817511366 : Checking image 1 border left 0
1611856647817549466 : Checking image 1 border right 0
1611856647817622467 : Checking image 2 dpi 300
1611856647817697067 : Checking image 2 border top 322
1611856647817737168 : Checking image 2 border bottom 278
1611856647817773968 : Checking image 2 border left 218
1611856647817810468 : Checking image 2 border right 218

</system-out><system-err>--------------------------------- Captured Err ---------------------------------

</system-err></testcase><testcase classname="tests.test_images" name="test_no_split_line_wave_algo_3_png" time="14.409"><system-out>--------------------------------- Captured Log ---------------------------------

--------------------------------- Captured Out ---------------------------------
/home/runner/work/diptych/diptych/tests/no_split_line_wave_algo_3.png
1611856645055600066 : Checking separation double page angle 90.18184445198425
1611856645055757767 : Checking separation double page y=0 2405
1611856646236437653 : Checking page rotation 1 0.0
1611856646491757299 : Checking page rotation 2 0.0
1611856650264008197 : Checking image 1 crop x1 184
1611856650264122098 : Checking image 1 crop y1 2957
1611856650264162798 : Checking image 1 crop x2 2201
1611856650264216899 : Checking image 1 crop y2 3202
1611856651595232201 : Checking image 2 crop x1 0
1611856651595341402 : Checking image 2 crop y1 0
1611856651595373802 : Checking image 2 crop x2 0
1611856651595426903 : Checking image 2 crop y2 0
1611856651595497903 : Checking image 1 dpi 300
1611856651595571204 : Checking image 1 border top 2950
1611856651595606904 : Checking image 1 border bottom 292
1611856651595639104 : Checking image 1 border left 221
1611856651595671004 : Checking image 1 border right 221
1611856651602332050 : Checking image 2 border top 0
1611856651602431250 : Checking image 2 border bottom 0
1611856651602466251 : Checking image 2 border left 0
1611856651602500251 : Checking image 2 border right 0

</system-out><system-err>--------------------------------- Captured Err ---------------------------------

</system-err></testcase><testcase classname="tests.test_images" name="test_failed_split_line_line_algo_3_png" time="23.343"><system-out>--------------------------------- Captured Log ---------------------------------

--------------------------------- Captured Out ---------------------------------
/home/runner/work/diptych/diptych/tests/failed_split_line_line_algo_3.png
1611856657665855373 : Checking separation double page angle 90.02403976140027
1611856657666001174 : Checking separation double page y=0 39
1611856657741383765 : Checking page rotation 1 0.0
1611856660191230121 : Checking page rotation 2 0.0
1611856661090415678 : Checking image 1 crop x1 0
1611856661090516578 : Checking image 1 crop y1 0
1611856661090548079 : Checking image 1 crop x2 0
1611856661090578279 : Checking image 1 crop y2 0
1611856671180188756 : Checking image 2 crop x1 249
1611856671180321057 : Checking image 2 crop y1 154
1611856671180372957 : Checking image 2 crop x2 2264
1611856671180433158 : Checking image 2 crop y2 3361
1611856671180633559 : Checking image 1 border top 0
1611856671180683159 : Checking image 1 border bottom 0
1611856671180724459 : Checking image 1 border left 0
1611856671180763859 : Checking image 1 border right 0
1611856671180824060 : Checking image 2 dpi 300
1611856671180899860 : Checking image 2 border top 146
1611856671180941460 : Checking image 2 border bottom 134
1611856671180978860 : Checking image 2 border left 222
1611856671181016261 : Checking image 2 border right 222

</system-out><system-err>--------------------------------- Captured Err ---------------------------------

</system-err></testcase></testsuite></testsuites>