<?xml version="1.0" encoding="utf-8"?><testsuites><testsuite name="pytest" errors="0" failures="0" skipped="0" tests="36" time="419.364" timestamp="2021-05-12T12:53:17.826910" hostname="fv-az202-703"><testcase classname="tests.test_features" name="test_disabled_enable_debug" time="23.924"><system-out>--------------------------------- Captured Log ---------------------------------

--------------------------------- Captured Out ---------------------------------
/home/runner/work/diptych/diptych/tests/0001_debug.png
separation double page angle 90.55756528497216
separation double page y=0 2484
page rotation 1 0.65
page rotation 2 0.2
image 1 crop x1 329
image 1 crop y1 335
image 1 crop x2 2344
image 1 crop y2 3222
image 2 crop x1 171
image 2 crop y1 648
image 2 crop x2 2188
image 2 crop y2 3361
image 1 dpi 300
image 1 border top 327
image 1 border bottom 273
image 1 border left 222
image 1 border right 222
image 2 dpi 300
image 2 border top 643
image 2 border bottom 131
image 2 border left 221
image 2 border right 221

</system-out><system-err>--------------------------------- Captured Err ---------------------------------

</system-err></testcase><testcase classname="tests.test_features" name="test_mock_stop_at_0" time="0.048"><system-out>--------------------------------- Captured Log ---------------------------------

--------------------------------- Captured Out ---------------------------------
/home/runner/work/diptych/diptych/tests/0001_0.png

</system-out><system-err>--------------------------------- Captured Err ---------------------------------

</system-err></testcase><testcase classname="tests.test_features" name="test_mock_stop_at_2" time="17.465"><system-out>--------------------------------- Captured Log ---------------------------------

--------------------------------- Captured Out ---------------------------------
/home/runner/work/diptych/diptych/tests/0001_2.png
separation double page angle 90.55756528497216
separation double page y=0 2484
page rotation 1 0.65
page rotation 2 0.2

</system-out><system-err>--------------------------------- Captured Err ---------------------------------

</system-err></testcase><testcase classname="tests.test_features" name="test_mock_stop_at_4" time="22.822"><system-out>--------------------------------- Captured Log ---------------------------------

--------------------------------- Captured Out ---------------------------------
/home/runner/work/diptych/diptych/tests/0001_4.png
separation double page angle 90.55756528497216
separation double page y=0 2484
page rotation 1 0.65
page rotation 2 0.2
image 1 crop x1 329
image 1 crop y1 335
image 1 crop x2 2344
image 1 crop y2 3222
image 2 crop x1 171
image 2 crop y1 648
image 2 crop x2 2188
image 2 crop y2 3361
image 1 dpi 300
image 1 border top 326
image 1 border bottom 274
image 1 border left 222
image 1 border right 222
image 2 dpi 300
image 2 border top 643
image 2 border bottom 131
image 2 border left 221
image 2 border right 221

</system-out><system-err>--------------------------------- Captured Err ---------------------------------

</system-err></testcase><testcase classname="tests.test_features" name="test_mock_stop_at_1" time="13.481"><system-out>--------------------------------- Captured Log ---------------------------------

--------------------------------- Captured Out ---------------------------------
/home/runner/work/diptych/diptych/tests/0001_1.png
separation double page angle 90.55756528497216
separation double page y=0 2484

</system-out><system-err>--------------------------------- Captured Err ---------------------------------

</system-err></testcase><testcase classname="tests.test_features" name="test_mock_stop_at_3" time="22.888"><system-out>--------------------------------- Captured Log ---------------------------------

--------------------------------- Captured Out ---------------------------------
/home/runner/work/diptych/diptych/tests/0001_3.png
separation double page angle 90.55756528497216
separation double page y=0 2484
page rotation 1 0.65
page rotation 2 0.2
image 1 crop x1 329
image 1 crop y1 335
image 1 crop x2 2344
image 1 crop y2 3222
image 2 crop x1 171
image 2 crop y1 648
image 2 crop x2 2188
image 2 crop y2 3361

</system-out><system-err>--------------------------------- Captured Err ---------------------------------

</system-err></testcase><testcase classname="tests.test_images" name="test_0001_png" time="21.332"><system-out>--------------------------------- Captured Log ---------------------------------

--------------------------------- Captured Out ---------------------------------
/home/runner/work/diptych/diptych/tests/0001.png
1620824051983830289 : Checking separation double page angle 90.55756528497216
1620824051983981495 : Checking separation double page y=0 2484
1620824053095415514 : Checking page rotation 1 0.65
1620824054578680343 : Checking page rotation 2 0.2
1620824057819855367 : Checking image 1 crop x1 329
1620824057819973872 : Checking image 1 crop y1 335
1620824057820014674 : Checking image 1 crop x2 2344
1620824057820050675 : Checking image 1 crop y2 3222
1620824060647449268 : Checking image 2 crop x1 171
1620824060647570773 : Checking image 2 crop y1 648
1620824060647612574 : Checking image 2 crop x2 2188
1620824060647648976 : Checking image 2 crop y2 3361
1620824060647827383 : Checking image 1 dpi 300
1620824060647917086 : Checking image 1 border top 326
1620824060647958288 : Checking image 1 border bottom 274
1620824060647993489 : Checking image 1 border left 222
1620824060648027691 : Checking image 1 border right 222
1620824060650745598 : Checking image 2 dpi 300
1620824060650812601 : Checking image 2 border top 643
1620824060650846902 : Checking image 2 border bottom 131
1620824060650878303 : Checking image 2 border left 221
1620824060650924105 : Checking image 2 border right 221

</system-out><system-err>--------------------------------- Captured Err ---------------------------------

</system-err></testcase><testcase classname="tests.test_features" name="test_mock_stop_at_5" time="23.732"><system-out>--------------------------------- Captured Log ---------------------------------

--------------------------------- Captured Out ---------------------------------
/home/runner/work/diptych/diptych/tests/0001_5.png
separation double page angle 90.55756528497216
separation double page y=0 2484
page rotation 1 0.65
page rotation 2 0.2
image 1 crop x1 329
image 1 crop y1 335
image 1 crop x2 2344
image 1 crop y2 3222
image 2 crop x1 171
image 2 crop y1 648
image 2 crop x2 2188
image 2 crop y2 3361
image 1 dpi 300
image 1 border top 326
image 1 border bottom 274
image 1 border left 222
image 1 border right 222
image 2 dpi 300
image 2 border top 643
image 2 border bottom 131
image 2 border left 221
image 2 border right 221

</system-out><system-err>--------------------------------- Captured Err ---------------------------------

</system-err></testcase><testcase classname="tests.test_images" name="test_black_border_not_removed_png" time="23.679"><system-out>--------------------------------- Captured Log ---------------------------------

--------------------------------- Captured Out ---------------------------------
/home/runner/work/diptych/diptych/tests/black-border-not-removed.png
1620824073013676522 : Checking separation double page angle 90.01516396500199
1620824073013808227 : Checking separation double page y=0 2455
1620824074157175925 : Checking page rotation 1 0.0
1620824075708739330 : Checking page rotation 2 0.1
1620824078858749994 : Checking image 1 crop x1 297
1620824078858873299 : Checking image 1 crop y1 143
1620824078858913300 : Checking image 1 crop x2 2309
1620824078858947901 : Checking image 1 crop y2 3346
1620824084303961995 : Checking image 2 crop x1 154
1620824084304088900 : Checking image 2 crop y1 144
1620824084304145102 : Checking image 2 crop x2 2168
1620824084304184304 : Checking image 2 crop y2 3351
1620824084304359411 : Checking image 1 dpi 300
1620824084304439114 : Checking image 1 border top 131
1620824084304477115 : Checking image 1 border bottom 153
1620824084304511717 : Checking image 1 border left 224
1620824084304545118 : Checking image 1 border right 224
1620824084307245222 : Checking image 2 dpi 300
1620824084307314525 : Checking image 2 border top 133
1620824084307348526 : Checking image 2 border bottom 147
1620824084307380028 : Checking image 2 border left 223
1620824084307411329 : Checking image 2 border right 223

</system-out><system-err>--------------------------------- Captured Err ---------------------------------

</system-err></testcase><testcase classname="tests.test_images" name="test_2_pages_2_contours_png" time="16.211"><system-out>--------------------------------- Captured Log ---------------------------------

--------------------------------- Captured Out ---------------------------------
/home/runner/work/diptych/diptych/tests/2-pages-2-contours.png
1620824093939936582 : Checking separation double page angle 90.14230271514262
1620824093940073988 : Checking separation double page y=0 2488
1620824094563707645 : Checking page rotation 1 0.0
1620824095667047316 : Checking page rotation 2 0.2
1620824096626223633 : Checking image 1 crop x1 1189
1620824096626318637 : Checking image 1 crop y1 1751
1620824096626354439 : Checking image 1 crop x2 1190
1620824096626384840 : Checking image 1 crop y2 1752
1620824099222579658 : Checking image 2 crop x1 100
1620824099222696362 : Checking image 2 crop y1 240
1620824099222736964 : Checking image 2 crop x2 2148
1620824099222774665 : Checking image 2 crop y2 3240
1620824099222938372 : Checking image 1 dpi 300
1620824099223006574 : Checking image 1 border top 1752
1620824099223039976 : Checking image 1 border bottom 1753
1620824099223071377 : Checking image 1 border left 1239
1620824099223101878 : Checking image 1 border right 1239
1620824099225402168 : Checking image 2 dpi 300
1620824099225477371 : Checking image 2 border top 230
1620824099225513473 : Checking image 2 border bottom 256
1620824099225546074 : Checking image 2 border left 206
1620824099225578275 : Checking image 2 border right 206

</system-out><system-err>--------------------------------- Captured Err ---------------------------------

</system-err></testcase><testcase classname="tests.test_images" name="test_image_failed_to_rotate_png" time="28.479"><system-out>--------------------------------- Captured Log ---------------------------------

--------------------------------- Captured Out ---------------------------------
/home/runner/work/diptych/diptych/tests/image_failed_to_rotate.png
1620824099952762094 : Checking separation double page angle 90.35651650869968
1620824099952892499 : Checking separation double page y=0 2483
1620824101936456629 : Checking page rotation 1 0.45
1620824103101573058 : Checking page rotation 2 0.2
1620824108858206060 : Checking image 1 crop x1 31
1620824108858339665 : Checking image 1 crop y1 1
1620824108858380567 : Checking image 1 crop x2 2481
1620824108858430768 : Checking image 1 crop y2 3504
1620824112696428497 : Checking image 2 crop x1 171
1620824112696567702 : Checking image 2 crop y1 231
1620824112696611204 : Checking image 2 crop x2 2259
1620824112696650406 : Checking image 2 crop y2 3358
1620824112696833913 : Checking image 1 dpi 300
1620824112696915416 : Checking image 1 border top 2
1620824112696955518 : Checking image 1 border bottom 2
1620824112696990719 : Checking image 1 border left 15
1620824112697025421 : Checking image 1 border right 15
1620824112699647926 : Checking image 2 dpi 300
1620824112699730530 : Checking image 2 border top 217
1620824112699768831 : Checking image 2 border bottom 143
1620824112699804133 : Checking image 2 border left 186
1620824112699839034 : Checking image 2 border right 186

</system-out><system-err>--------------------------------- Captured Err ---------------------------------

</system-err></testcase><testcase classname="tests.test_images" name="test_wrong_split_line_png" time="19.374"><system-out>--------------------------------- Captured Log ---------------------------------

--------------------------------- Captured Out ---------------------------------
/home/runner/work/diptych/diptych/tests/wrong_split_line.png
1620824112636976501 : Checking separation double page angle 89.95895720607972
1620824112637097906 : Checking separation double page y=0 2466
1620824113652316919 : Checking page rotation 1 -0.04999999999999689
1620824114725039949 : Checking page rotation 2 0.45
1620824116242503803 : Checking image 1 crop x1 211
1620824116242635408 : Checking image 1 crop y1 156
1620824116242677810 : Checking image 1 crop x2 2323
1620824116242717712 : Checking image 1 crop y2 3363
1620824118595942826 : Checking image 2 crop x1 123
1620824118596063531 : Checking image 2 crop y1 164
1620824118596102532 : Checking image 2 crop x2 2237
1620824118596140734 : Checking image 2 crop y2 3375
1620824118596325441 : Checking image 1 dpi 300
1620824118596413744 : Checking image 1 border top 135
1620824118596452846 : Checking image 1 border bottom 145
1620824118596487747 : Checking image 1 border left 174
1620824118596521548 : Checking image 1 border right 174
1620824118599599367 : Checking image 2 dpi 300
1620824118599709571 : Checking image 2 border top 141
1620824118599749873 : Checking image 2 border bottom 135
1620824118599785974 : Checking image 2 border left 173
1620824118599848477 : Checking image 2 border right 173

</system-out><system-err>--------------------------------- Captured Err ---------------------------------

</system-err></testcase><testcase classname="tests.test_images" name="test_image_failed_to_crop_data_png" time="40.703"><system-out>--------------------------------- Captured Log ---------------------------------

--------------------------------- Captured Out ---------------------------------
/home/runner/work/diptych/diptych/tests/image_failed_to_crop_data.png
1620824132565885175 : Checking separation double page angle 90.09350257645173
1620824132566050281 : Checking separation double page y=0 2479
1620824137378196392 : Checking page rotation 1 0.15000000000000002
1620824138742356219 : Checking page rotation 2 0.05
1620824149974760439 : Checking image 1 crop x1 46
1620824149974901544 : Checking image 1 crop y1 1
1620824149974944746 : Checking image 1 crop x2 2477
1620824149974983648 : Checking image 1 crop y2 3505
1620824153454534781 : Checking image 2 crop x1 164
1620824153454658386 : Checking image 2 crop y1 217
1620824153454701488 : Checking image 2 crop x2 2245
1620824153454740490 : Checking image 2 crop y2 3350
1620824153454935997 : Checking image 1 dpi 300
1620824153455020501 : Checking image 1 border top 2
1620824153455063302 : Checking image 1 border bottom 2
1620824153455100304 : Checking image 1 border left 25
1620824153455136605 : Checking image 1 border right 25
1620824153458093921 : Checking image 2 dpi 300
1620824153458187625 : Checking image 2 border top 206
1620824153458225026 : Checking image 2 border bottom 148
1620824153458259228 : Checking image 2 border left 189
1620824153458292829 : Checking image 2 border right 189

</system-out><system-err>--------------------------------- Captured Err ---------------------------------

</system-err></testcase><testcase classname="tests.test_images" name="test_crop_too_much_png" time="26.273"><system-out>--------------------------------- Captured Log ---------------------------------

--------------------------------- Captured Out ---------------------------------
/home/runner/work/diptych/diptych/tests/crop_too_much.png
1620824132881863967 : Checking separation double page angle 90.16929865985193
1620824132881976372 : Checking separation double page y=0 2456
1620824134544667428 : Checking page rotation 1 -0.04999999999999689
1620824136063021334 : Checking page rotation 2 0.2
1620824139656591786 : Checking image 1 crop x1 302
1620824139656736591 : Checking image 1 crop y1 148
1620824139656778893 : Checking image 1 crop x2 2314
1620824139656817094 : Checking image 1 crop y2 3351
1620824144844053440 : Checking image 2 crop x1 163
1620824144844184645 : Checking image 2 crop y1 151
1620824144844228147 : Checking image 2 crop x2 2187
1620824144844268949 : Checking image 2 crop y2 3363
1620824144844516258 : Checking image 1 dpi 300
1620824144844601461 : Checking image 1 border top 133
1620824144844653364 : Checking image 1 border bottom 151
1620824144844688765 : Checking image 1 border left 224
1620824144844722766 : Checking image 1 border right 224
1620824144847934790 : Checking image 2 dpi 300
1620824144848013693 : Checking image 2 border top 132
1620824144848050495 : Checking image 2 border bottom 143
1620824144848084196 : Checking image 2 border left 218
1620824144848117297 : Checking image 2 border right 218

</system-out><system-err>--------------------------------- Captured Err ---------------------------------

</system-err></testcase><testcase classname="tests.test_images" name="test_crop_too_few_png" time="19.573"><system-out>--------------------------------- Captured Log ---------------------------------

--------------------------------- Captured Out ---------------------------------
/home/runner/work/diptych/diptych/tests/crop_too_few.png
1620824158310953613 : Checking separation double page angle 89.49492328400886
1620824158311088718 : Checking separation double page y=0 2510
1620824159415317709 : Checking page rotation 1 -0.6499999999999977
1620824160710348914 : Checking page rotation 2 0.0
1620824162849033146 : Checking image 1 crop x1 263
1620824162849163752 : Checking image 1 crop y1 150
1620824162849204953 : Checking image 1 crop x2 2377
1620824162849285456 : Checking image 1 crop y2 3357
1620824164452129485 : Checking image 2 crop x1 139
1620824164452243689 : Checking image 2 crop y1 141
1620824164452282291 : Checking image 2 crop x2 2261
1620824164452318992 : Checking image 2 crop y2 3345
1620824164452485699 : Checking image 1 dpi 300
1620824164452557402 : Checking image 1 border top 129
1620824164452593503 : Checking image 1 border bottom 150
1620824164452625004 : Checking image 1 border left 173
1620824164452655806 : Checking image 1 border right 173
1620824164454876893 : Checking image 2 dpi 300
1620824164454945796 : Checking image 2 border top 130
1620824164454979097 : Checking image 2 border bottom 153
1620824164455009198 : Checking image 2 border left 169
1620824164455038799 : Checking image 2 border right 169

</system-out><system-err>--------------------------------- Captured Err ---------------------------------

</system-err></testcase><testcase classname="tests.test_images" name="test_wrong_angle_split_line_png" time="26.624"><system-out>--------------------------------- Captured Log ---------------------------------

--------------------------------- Captured Out ---------------------------------
/home/runner/work/diptych/diptych/tests/wrong_angle_split_line.png
1620824164856732520 : Checking separation double page angle 90.08791528895468
1620824164856879926 : Checking separation double page y=0 2478
1620824166211952122 : Checking page rotation 1 0.1
1620824167525742571 : Checking page rotation 2 0.1
1620824174171203302 : Checking image 1 crop x1 58
1620824174171325807 : Checking image 1 crop y1 6
1620824174171369309 : Checking image 1 crop x2 2476
1620824174171407110 : Checking image 1 crop y2 3501
1620824179380882309 : Checking image 2 crop x1 166
1620824179381015114 : Checking image 2 crop y1 218
1620824179381057416 : Checking image 2 crop x2 2244
1620824179381096717 : Checking image 2 crop y2 3349
1620824179381322626 : Checking image 1 dpi 300
1620824179381408429 : Checking image 1 border top 6
1620824179381447531 : Checking image 1 border bottom 6
1620824179381480832 : Checking image 1 border left 31
1620824179381513334 : Checking image 1 border right 31
1620824179389839864 : Checking image 2 dpi 300
1620824179389989969 : Checking image 2 border top 209
1620824179390030771 : Checking image 2 border bottom 147
1620824179390065972 : Checking image 2 border left 191
1620824179390100774 : Checking image 2 border right 191

</system-out><system-err>--------------------------------- Captured Err ---------------------------------

</system-err></testcase><testcase classname="tests.test_images" name="test_crop_too_much_2_png" time="28.398"><system-out>--------------------------------- Captured Log ---------------------------------

--------------------------------- Captured Out ---------------------------------
/home/runner/work/diptych/diptych/tests/crop_too_much_2.png
1620824181781972463 : Checking separation double page angle 90.15285326123045
1620824181782092768 : Checking separation double page y=0 2477
1620824183574190669 : Checking page rotation 1 0.15000000000000002
1620824185479397131 : Checking page rotation 2 0.2
1620824188609208412 : Checking image 1 crop x1 330
1620824188609389219 : Checking image 1 crop y1 132
1620824188609435321 : Checking image 1 crop x2 2342
1620824188609477123 : Checking image 1 crop y2 3335
1620824192820285972 : Checking image 2 crop x1 165
1620824192820395476 : Checking image 2 crop y1 139
1620824192820450878 : Checking image 2 crop x2 2178
1620824192820488179 : Checking image 2 crop y2 3345
1620824192820654586 : Checking image 1 dpi 300
1620824192820727689 : Checking image 1 border top 121
1620824192820766090 : Checking image 1 border bottom 163
1620824192820813892 : Checking image 1 border left 224
1620824192820862694 : Checking image 1 border right 224
1620824192823698803 : Checking image 2 dpi 300
1620824192823772406 : Checking image 2 border top 129
1620824192823820408 : Checking image 2 border bottom 152
1620824192823854209 : Checking image 2 border left 223
1620824192823887410 : Checking image 2 border right 223

</system-out><system-err>--------------------------------- Captured Err ---------------------------------

</system-err></testcase><testcase classname="tests.test_images" name="test_angle_page_lower_split_line_png" time="28.304"><system-out>--------------------------------- Captured Log ---------------------------------

--------------------------------- Captured Out ---------------------------------
/home/runner/work/diptych/diptych/tests/angle_page_lower_split_line.png
1620824199556610099 : Checking separation double page angle 89.74412725181848
1620824199556727804 : Checking separation double page y=0 2472
1620824201098402135 : Checking page rotation 1 -0.14999999999999067
1620824202583457787 : Checking page rotation 2 0.1
1620824204458611651 : Checking image 1 crop x1 241
1620824204458731056 : Checking image 1 crop y1 156
1620824204458771957 : Checking image 1 crop x2 2357
1620824204458808459 : Checking image 1 crop y2 3368
1620824208456686636 : Checking image 2 crop x1 151
1620824208456820242 : Checking image 2 crop y1 146
1620824208456862543 : Checking image 2 crop x2 2261
1620824208456901545 : Checking image 2 crop y2 3351
1620824208457089152 : Checking image 1 dpi 300
1620824208457172855 : Checking image 1 border top 140
1620824208457231657 : Checking image 1 border bottom 135
1620824208457275959 : Checking image 1 border left 172
1620824208457311160 : Checking image 1 border right 172
1620824208460036865 : Checking image 2 dpi 300
1620824208460107068 : Checking image 2 border top 131
1620824208460143369 : Checking image 2 border bottom 151
1620824208460177271 : Checking image 2 border left 175
1620824208460210372 : Checking image 2 border right 175

</system-out><system-err>--------------------------------- Captured Err ---------------------------------

</system-err></testcase><testcase classname="tests.test_images" name="test_wrong_split_line_2_png" time="36.175"><system-out>--------------------------------- Captured Log ---------------------------------

--------------------------------- Captured Out ---------------------------------
/home/runner/work/diptych/diptych/tests/wrong_split_line_2.png
1620824211196091980 : Checking separation double page angle 90.23635161124103
1620824211196220585 : Checking separation double page y=0 2437
1620824213301136953 : Checking page rotation 1 0.2
1620824214874899359 : Checking page rotation 2 0.2
1620824220745768945 : Checking image 1 crop x1 294
1620824220745899550 : Checking image 1 crop y1 136
1620824220745942152 : Checking image 1 crop x2 2325
1620824220745985354 : Checking image 1 crop y2 3376
1620824228981844779 : Checking image 2 crop x1 138
1620824228981971884 : Checking image 2 crop y1 190
1620824228982017486 : Checking image 2 crop x2 2174
1620824228982059987 : Checking image 2 crop y2 3389
1620824228982250795 : Checking image 1 dpi 300
1620824228982334998 : Checking image 1 border top 131
1620824228982376199 : Checking image 1 border bottom 116
1620824228982412901 : Checking image 1 border left 214
1620824228982448502 : Checking image 1 border right 214
1620824228985531519 : Checking image 2 dpi 300
1620824228985652124 : Checking image 2 border top 181
1620824228985692226 : Checking image 2 border bottom 107
1620824228985728027 : Checking image 2 border left 212
1620824228985763228 : Checking image 2 border right 212

</system-out><system-err>--------------------------------- Captured Err ---------------------------------

</system-err></testcase><testcase classname="tests.test_images" name="test_wrong_wave_split_line_png" time="35.852"><system-out>--------------------------------- Captured Log ---------------------------------

--------------------------------- Captured Out ---------------------------------
/home/runner/work/diptych/diptych/tests/wrong_wave_split_line.png
1620824226891392957 : Checking separation double page angle 90.42461655762611
1620824226891553363 : Checking separation double page y=0 2502
1620824229003913819 : Checking page rotation 1 -0.09999999999999377
1620824230518515445 : Checking page rotation 2 0.85
1620824237325767307 : Checking image 1 crop x1 384
1620824237325901512 : Checking image 1 crop y1 178
1620824237325947513 : Checking image 1 crop x2 2412
1620824237325986615 : Checking image 1 crop y2 3374
1620824244303371752 : Checking image 2 crop x1 7
1620824244303523158 : Checking image 2 crop y1 0
1620824244303563560 : Checking image 2 crop x2 2411
1620824244303605061 : Checking image 2 crop y2 3505
1620824244303778668 : Checking image 1 dpi 300
1620824244303867071 : Checking image 1 border top 173
1620824244303916573 : Checking image 1 border bottom 118
1620824244303952275 : Checking image 1 border left 216
1620824244303987376 : Checking image 1 border right 216
1620824244306816984 : Checking image 2 dpi 300
1620824244306911388 : Checking image 2 border top 1
1620824244306949389 : Checking image 2 border bottom 1
1620824244306983991 : Checking image 2 border left 38
1620824244307018392 : Checking image 2 border right 38

</system-out><system-err>--------------------------------- Captured Err ---------------------------------

</system-err></testcase><testcase classname="tests.test_images" name="test_small_wave_png" time="26.983"><system-out>--------------------------------- Captured Log ---------------------------------

--------------------------------- Captured Out ---------------------------------
/home/runner/work/diptych/diptych/tests/small_wave.png
1620824248519459935 : Checking separation double page angle 90.56494929955075
1620824248519585440 : Checking separation double page y=0 2495
1620824250290800478 : Checking page rotation 1 0.7
1620824251889569540 : Checking page rotation 2 0.65
1620824253615300844 : Checking image 1 crop x1 322
1620824253615432349 : Checking image 1 crop y1 199
1620824253615477850 : Checking image 1 crop x2 2351
1620824253615518652 : Checking image 1 crop y2 3394
1620824255990791772 : Checking image 2 crop x1 130
1620824255990921277 : Checking image 2 crop y1 222
1620824255990967179 : Checking image 2 crop x2 2163
1620824255991011480 : Checking image 2 crop y2 3420
1620824255991199287 : Checking image 1 dpi 300
1620824255991281191 : Checking image 1 border top 181
1620824255991322692 : Checking image 1 border bottom 111
1620824255991358994 : Checking image 1 border left 215
1620824255991394395 : Checking image 1 border right 215
1620824255994379109 : Checking image 2 dpi 300
1620824255994480613 : Checking image 2 border top 197
1620824255994519515 : Checking image 2 border bottom 92
1620824255994555216 : Checking image 2 border left 213
1620824255994590317 : Checking image 2 border right 213

</system-out><system-err>--------------------------------- Captured Err ---------------------------------

</system-err></testcase><testcase classname="tests.test_images" name="test_no_split_line_line_algo_png" time="23.436"><system-out>--------------------------------- Captured Log ---------------------------------

--------------------------------- Captured Out ---------------------------------
/home/runner/work/diptych/diptych/tests/no_split_line_line_algo.png
1620824258231661579 : Checking separation double page angle 89.47691469185418
1620824258231848986 : Checking separation double page y=0 2476
1620824259426267775 : Checking page rotation 1 -0.14999999999999067
1620824261158235573 : Checking page rotation 2 -0.14999999999999067
1620824263166877885 : Checking image 1 crop x1 205
1620824263167006190 : Checking image 1 crop y1 158
1620824263167050092 : Checking image 1 crop x2 2320
1620824263167090094 : Checking image 1 crop y2 3366
1620824267753830122 : Checking image 2 crop x1 185
1620824267753957527 : Checking image 2 crop y1 225
1620824267754002829 : Checking image 2 crop x2 2204
1620824267754041430 : Checking image 2 crop y2 3362
1620824267754243938 : Checking image 1 dpi 300
1620824267754328041 : Checking image 1 border top 144
1620824267754368943 : Checking image 1 border bottom 134
1620824267754407344 : Checking image 1 border left 172
1620824267754443846 : Checking image 1 border right 172
1620824267757336756 : Checking image 2 dpi 300
1620824267757413559 : Checking image 2 border top 223
1620824267757451661 : Checking image 2 border bottom 127
1620824267757487562 : Checking image 2 border left 220
1620824267757546664 : Checking image 2 border right 220

</system-out><system-err>--------------------------------- Captured Err ---------------------------------

</system-err></testcase><testcase classname="tests.test_images" name="test_wrong_split_line_3_png" time="27.288"><system-out>--------------------------------- Captured Log ---------------------------------

--------------------------------- Captured Out ---------------------------------
/home/runner/work/diptych/diptych/tests/wrong_split_line_3.png
1620824271610960534 : Checking separation double page angle 90.40515247895009
1620824271611079539 : Checking separation double page y=0 2495
1620824273032423716 : Checking page rotation 1 0.2
1620824274264911654 : Checking page rotation 2 0.85
1620824276401877759 : Checking image 1 crop x1 331
1620824276401996064 : Checking image 1 crop y1 166
1620824276402033865 : Checking image 1 crop x2 2377
1620824276402071966 : Checking image 1 crop y2 3375
1620824283304587678 : Checking image 2 crop x1 103
1620824283304707383 : Checking image 2 crop y1 207
1620824283304760585 : Checking image 2 crop x2 2136
1620824283304798787 : Checking image 2 crop y2 3414
1620824283304996394 : Checking image 1 dpi 300
1620824283305076297 : Checking image 1 border top 158
1620824283305131399 : Checking image 1 border bottom 120
1620824283305168201 : Checking image 1 border left 207
1620824283305203902 : Checking image 1 border right 207
1620824283308076612 : Checking image 2 dpi 300
1620824283308153815 : Checking image 2 border top 199
1620824283308190717 : Checking image 2 border bottom 81
1620824283308223818 : Checking image 2 border left 213
1620824283308257419 : Checking image 2 border right 213

</system-out><system-err>--------------------------------- Captured Err ---------------------------------

</system-err></testcase><testcase classname="tests.test_images" name="test_failed_split_line_line_algo_png" time="17.541"><system-out>--------------------------------- Captured Log ---------------------------------

--------------------------------- Captured Out ---------------------------------
/home/runner/work/diptych/diptych/tests/failed_split_line_line_algo.png
1620824279066723731 : Checking separation double page angle 90.0093502548779
1620824279066874437 : Checking separation double page y=0 2574
1620824279944812111 : Checking page rotation 1 0.0
1620824280592524155 : Checking page rotation 2 0.0
1620824283366054036 : Checking image 1 crop x1 411
1620824283366178641 : Checking image 1 crop y1 2927
1620824283366219642 : Checking image 1 crop x2 2422
1620824283366254644 : Checking image 1 crop y2 3172
1620824285326271922 : Checking image 2 crop x1 1191
1620824285326382326 : Checking image 2 crop y1 1745
1620824285326420828 : Checking image 2 crop x2 1192
1620824285326456529 : Checking image 2 crop y2 1746
1620824285326600135 : Checking image 1 dpi 300
1620824285326688738 : Checking image 1 border top 2920
1620824285326726940 : Checking image 1 border bottom 322
1620824285326762741 : Checking image 1 border left 224
1620824285326796642 : Checking image 1 border right 224
1620824285328637713 : Checking image 2 dpi 300
1620824285328697415 : Checking image 2 border top 1752
1620824285328734717 : Checking image 2 border bottom 1753
1620824285328768018 : Checking image 2 border left 1239
1620824285328801119 : Checking image 2 border right 1239

</system-out><system-err>--------------------------------- Captured Err ---------------------------------

</system-err></testcase><testcase classname="tests.test_images" name="test_crop_too_much_3_png" time="22.867"><system-out>--------------------------------- Captured Log ---------------------------------

--------------------------------- Captured Out ---------------------------------
/home/runner/work/diptych/diptych/tests/crop_too_much_3.png
1620824297121477781 : Checking separation double page angle 89.5934556679346
1620824297121597186 : Checking separation double page y=0 2499
1620824298339815244 : Checking page rotation 1 -0.8999999999999949
1620824300002554599 : Checking page rotation 2 -0.04999999999999689
1620824303312934990 : Checking image 1 crop x1 374
1620824303313334105 : Checking image 1 crop y1 258
1620824303313378207 : Checking image 1 crop x2 2385
1620824303313416809 : Checking image 1 crop y2 3459
1620824306168336441 : Checking image 2 crop x1 164
1620824306168458746 : Checking image 2 crop y1 229
1620824306168499447 : Checking image 2 crop x2 2183
1620824306168538049 : Checking image 2 crop y2 3416
1620824306168709055 : Checking image 1 dpi 300
1620824306168782458 : Checking image 1 border top 239
1620824306168831260 : Checking image 1 border bottom 46
1620824306168865161 : Checking image 1 border left 224
1620824306168897162 : Checking image 1 border right 224
1620824306171810674 : Checking image 2 dpi 300
1620824306171930679 : Checking image 2 border top 210
1620824306171969081 : Checking image 2 border bottom 90
1620824306172013482 : Checking image 2 border left 220
1620824306172048484 : Checking image 2 border right 220

</system-out><system-err>--------------------------------- Captured Err ---------------------------------

</system-err></testcase><testcase classname="tests.test_images" name="test_failed_split_line_line_algo_2_png" time="25.289"><system-out>--------------------------------- Captured Log ---------------------------------

--------------------------------- Captured Out ---------------------------------
/home/runner/work/diptych/diptych/tests/failed_split_line_line_algo_2.png
1620824300959200396 : Checking separation double page angle 90.03732329462368
1620824300959336901 : Checking separation double page y=0 2499
1620824303004161322 : Checking page rotation 1 -0.09999999999999377
1620824304551721704 : Checking page rotation 2 0.5499999999999999
1620824307820490743 : Checking image 1 crop x1 273
1620824307820616548 : Checking image 1 crop y1 147
1620824307820657350 : Checking image 1 crop x2 2386
1620824307820693951 : Checking image 1 crop y2 3352
1620824310585021515 : Checking image 2 crop x1 122
1620824310585157620 : Checking image 2 crop y1 155
1620824310585203722 : Checking image 2 crop x2 2246
1620824310585291126 : Checking image 2 crop y2 3350
1620824310585489133 : Checking image 1 dpi 300
1620824310585574536 : Checking image 1 border top 137
1620824310585613638 : Checking image 1 border bottom 145
1620824310585650939 : Checking image 1 border left 173
1620824310585686141 : Checking image 1 border right 173
1620824310588564451 : Checking image 2 dpi 300
1620824310588665655 : Checking image 2 border top 133
1620824310588708457 : Checking image 2 border bottom 159
1620824310588744058 : Checking image 2 border left 168
1620824310588780360 : Checking image 2 border right 168

</system-out><system-err>--------------------------------- Captured Err ---------------------------------

</system-err></testcase><testcase classname="tests.test_images" name="test_wrong_wave_split_line_2_png" time="27.601"><system-out>--------------------------------- Captured Log ---------------------------------

--------------------------------- Captured Out ---------------------------------
/home/runner/work/diptych/diptych/tests/wrong_wave_split_line_2.png
1620824324888882715 : Checking separation double page angle 90.7708958311329
1620824324889008920 : Checking separation double page y=0 2490
1620824326162420683 : Checking page rotation 1 0.2
1620824327541591180 : Checking page rotation 2 1.65
1620824329243606960 : Checking image 1 crop x1 227
1620824329243732065 : Checking image 1 crop y1 147
1620824329243774667 : Checking image 1 crop x2 2342
1620824329243816168 : Checking image 1 crop y2 3353
1620824333776111402 : Checking image 2 crop x1 106
1620824333776242007 : Checking image 2 crop y1 195
1620824333776288409 : Checking image 2 crop x2 2231
1620824333776331810 : Checking image 2 crop y2 3398
1620824333776521318 : Checking image 1 dpi 300
1620824333776601721 : Checking image 1 border top 136
1620824333776643722 : Checking image 1 border bottom 145
1620824333776681724 : Checking image 1 border left 172
1620824333776717525 : Checking image 1 border right 172
1620824333779556934 : Checking image 2 dpi 300
1620824333779652338 : Checking image 2 border top 166
1620824333779691839 : Checking image 2 border bottom 117
1620824333779727241 : Checking image 2 border left 167
1620824333779762042 : Checking image 2 border right 167

</system-out><system-err>--------------------------------- Captured Err ---------------------------------

</system-err></testcase><testcase classname="tests.test_images" name="test_wrong_wave_split_line_3_png" time="25.503"><system-out>--------------------------------- Captured Log ---------------------------------

--------------------------------- Captured Out ---------------------------------
/home/runner/work/diptych/diptych/tests/wrong_wave_split_line_3.png
1620824328605620991 : Checking separation double page angle 90.12715931778824
1620824328605739495 : Checking separation double page y=0 2514
1620824330420778210 : Checking page rotation 1 0.05
1620824331895775183 : Checking page rotation 2 0.2
1620824334057992922 : Checking image 1 crop x1 273
1620824334058119127 : Checking image 1 crop y1 220
1620824334058176229 : Checking image 1 crop x2 2383
1620824334058211831 : Checking image 1 crop y2 3423
1620824336101037008 : Checking image 2 crop x1 116
1620824336101169013 : Checking image 2 crop y1 225
1620824336101235715 : Checking image 2 crop x2 2242
1620824336101285617 : Checking image 2 crop y2 3415
1620824336101473624 : Checking image 1 dpi 300
1620824336101561228 : Checking image 1 border top 202
1620824336101601929 : Checking image 1 border bottom 82
1620824336101640231 : Checking image 1 border left 175
1620824336101677332 : Checking image 1 border right 175
1620824336104354435 : Checking image 2 dpi 300
1620824336104440838 : Checking image 2 border top 204
1620824336104481340 : Checking image 2 border bottom 93
1620824336104517641 : Checking image 2 border left 167
1620824336104553443 : Checking image 2 border right 167

</system-out><system-err>--------------------------------- Captured Err ---------------------------------

</system-err></testcase><testcase classname="tests.test_images" name="test_no_split_line_wave_algo_png" time="37.271"><system-out>--------------------------------- Captured Log ---------------------------------

--------------------------------- Captured Out ---------------------------------
/home/runner/work/diptych/diptych/tests/no_split_line_wave_algo.png
1620824348971049689 : Checking separation double page angle 89.79018091440821
1620824348971162593 : Checking separation double page y=0 2483
1620824351886642556 : Checking page rotation 1 0.0
1620824353367158762 : Checking page rotation 2 -0.44999999999999746
1620824364188654775 : Checking image 1 crop x1 97
1620824364188764679 : Checking image 1 crop y1 74
1620824364188800580 : Checking image 1 crop x2 2489
1620824364188834782 : Checking image 1 crop y2 3505
1620824371015459854 : Checking image 2 crop x1 164
1620824371015590659 : Checking image 2 crop y1 267
1620824371015647961 : Checking image 2 crop x2 2239
1620824371015687563 : Checking image 2 crop y2 3380
1620824371015862269 : Checking image 1 dpi 300
1620824371015939272 : Checking image 1 border top 38
1620824371015978774 : Checking image 1 border bottom 38
1620824371016013975 : Checking image 1 border left 44
1620824371016048477 : Checking image 1 border right 44
1620824371019324102 : Checking image 2 dpi 300
1620824371019409605 : Checking image 2 border top 257
1620824371019451307 : Checking image 2 border bottom 117
1620824371019486908 : Checking image 2 border left 192
1620824371019521810 : Checking image 2 border right 192

</system-out><system-err>--------------------------------- Captured Err ---------------------------------

</system-err></testcase><testcase classname="tests.test_images" name="test_no_split_line_wave_algo_2_png" time="22.067"><system-out>--------------------------------- Captured Log ---------------------------------

--------------------------------- Captured Out ---------------------------------
/home/runner/work/diptych/diptych/tests/no_split_line_wave_algo_2.png
1620824351191798796 : Checking separation double page angle 90.43362571535843
1620824351191930501 : Checking separation double page y=0 2473
1620824352378585431 : Checking page rotation 1 1.05
1620824353669734271 : Checking page rotation 2 0.15000000000000002
1620824356051346651 : Checking image 1 crop x1 267
1620824356051483356 : Checking image 1 crop y1 210
1620824356051526557 : Checking image 1 crop x2 2343
1620824356051564759 : Checking image 1 crop y2 3412
1620824358173049958 : Checking image 2 crop x1 165
1620824358173243665 : Checking image 2 crop y1 241
1620824358173299667 : Checking image 2 crop x2 2250
1620824358173339869 : Checking image 2 crop y2 3433
1620824358173534676 : Checking image 1 dpi 300
1620824358173630480 : Checking image 1 border top 192
1620824358173679382 : Checking image 1 border bottom 93
1620824358173713683 : Checking image 1 border left 192
1620824358173770385 : Checking image 1 border right 192
1620824358176585493 : Checking image 2 dpi 300
1620824358176665497 : Checking image 2 border top 224
1620824358176697998 : Checking image 2 border bottom 71
1620824358176727899 : Checking image 2 border left 187
1620824358176771101 : Checking image 2 border right 187

</system-out><system-err>--------------------------------- Captured Err ---------------------------------

</system-err></testcase><testcase classname="tests.test_images" name="test_failed_detect_rectangle_png" time="21.456"><system-out>--------------------------------- Captured Log ---------------------------------

--------------------------------- Captured Out ---------------------------------
/home/runner/work/diptych/diptych/tests/failed_detect_rectangle.png
1620824373944429270 : Checking separation double page angle 90.242273842964
1620824373944567375 : Checking separation double page y=0 2475
1620824375274646489 : Checking page rotation 1 0.2
1620824376802410786 : Checking page rotation 2 0.2
1620824378134467576 : Checking image 1 crop x1 257
1620824378134601381 : Checking image 1 crop y1 201
1620824378134646583 : Checking image 1 crop x2 2333
1620824378134685785 : Checking image 1 crop y2 3402
1620824379622395545 : Checking image 2 crop x1 137
1620824379622530650 : Checking image 2 crop y1 215
1620824379622586153 : Checking image 2 crop x2 2220
1620824379622625854 : Checking image 2 crop y2 3406
1620824379622804661 : Checking image 1 dpi 300
1620824379622888664 : Checking image 1 border top 188
1620824379622928366 : Checking image 1 border bottom 98
1620824379622963767 : Checking image 1 border left 192
1620824379622998268 : Checking image 1 border right 192
1620824379625576467 : Checking image 2 dpi 300
1620824379625668171 : Checking image 2 border top 201
1620824379625706672 : Checking image 2 border bottom 95
1620824379625741374 : Checking image 2 border left 188
1620824379625775875 : Checking image 2 border right 188

</system-out><system-err>--------------------------------- Captured Err ---------------------------------

</system-err></testcase><testcase classname="tests.test_images" name="test_crop_too_few_2_png" time="22.956"><system-out>--------------------------------- Captured Log ---------------------------------

--------------------------------- Captured Out ---------------------------------
/home/runner/work/diptych/diptych/tests/crop_too_few_2.png
1620824385062523158 : Checking separation double page angle 90.35461351371423
1620824385062643263 : Checking separation double page y=0 2533
1620824386619543356 : Checking page rotation 1 1.0999999999999999
1620824388079027915 : Checking page rotation 2 0.0
1620824391111816567 : Checking image 1 crop x1 289
1620824391111954072 : Checking image 1 crop y1 165
1620824391111993474 : Checking image 1 crop x2 2400
1620824391112031175 : Checking image 1 crop y2 3367
1620824394040348275 : Checking image 2 crop x1 152
1620824394040473380 : Checking image 2 crop y1 190
1620824394040512482 : Checking image 2 crop x2 2273
1620824394040549183 : Checking image 2 crop y2 3385
1620824394040725790 : Checking image 1 dpi 300
1620824394040794492 : Checking image 1 border top 157
1620824394040828194 : Checking image 1 border bottom 128
1620824394040858195 : Checking image 1 border left 174
1620824394040888296 : Checking image 1 border right 174
1620824394043536897 : Checking image 2 dpi 300
1620824394043601300 : Checking image 2 border top 175
1620824394043634801 : Checking image 2 border bottom 116
1620824394043665202 : Checking image 2 border left 169
1620824394043704204 : Checking image 2 border right 169

</system-out><system-err>--------------------------------- Captured Err ---------------------------------

</system-err></testcase><testcase classname="tests.test_images" name="test_single_page_png" time="7.133"><system-out>--------------------------------- Captured Log ---------------------------------

--------------------------------- Captured Out ---------------------------------
/home/runner/work/diptych/diptych/tests/single_page.png
1620824383411202244 : Checking separation double page angle 89.93006318861008
1620824383411342550 : Checking separation double page y=0 2472
1620824384305882548 : Checking page rotation 1 0.0
1620824384452898684 : Checking page rotation 2 0.0
1620824386266519021 : Checking image 1 crop x1 1
1620824386266625425 : Checking image 1 crop y1 8
1620824386266668827 : Checking image 1 crop x2 2470
1620824386266703128 : Checking image 1 crop y2 3505
1620824386415742942 : Checking image 2 crop x1 0
1620824386415837446 : Checking image 2 crop y1 0
1620824386415870047 : Checking image 2 crop x2 0
1620824386415900648 : Checking image 2 crop y2 0
1620824386415973051 : Checking image 1 dpi 300
1620824386416042954 : Checking image 1 border top 5
1620824386416079155 : Checking image 1 border bottom 5
1620824386416112457 : Checking image 1 border left 6
1620824386416145058 : Checking image 1 border right 6
1620824386423945257 : Checking image 2 border top 0
1620824386424060661 : Checking image 2 border bottom 0
1620824386424093863 : Checking image 2 border left 0
1620824386424125864 : Checking image 2 border right 0

</system-out><system-err>--------------------------------- Captured Err ---------------------------------

</system-err></testcase><testcase classname="tests.test_images" name="test_wrong_split_line_4_png" time="13.818"><system-out>--------------------------------- Captured Log ---------------------------------

--------------------------------- Captured Out ---------------------------------
/home/runner/work/diptych/diptych/tests/wrong_split_line_4.png
1620824396069407020 : Checking separation double page angle 90.92587744884125
1620824396069533325 : Checking separation double page y=0 58
1620824396173303401 : Checking page rotation 1 0.5499999999999999
1620824397565514844 : Checking page rotation 2 1.0999999999999999
1620824398406755022 : Checking image 1 crop x1 0
1620824398406848826 : Checking image 1 crop y1 0
1620824398406883127 : Checking image 1 crop x2 0
1620824398406914528 : Checking image 1 crop y2 0
1620824400642814007 : Checking image 2 crop x1 290
1620824400642939012 : Checking image 2 crop y1 330
1620824400642979114 : Checking image 2 crop x2 2314
1620824400643015515 : Checking image 2 crop y2 3217
1620824400643178121 : Checking image 1 border top 0
1620824400643217823 : Checking image 1 border bottom 0
1620824400643251624 : Checking image 1 border left 0
1620824400643283425 : Checking image 1 border right 0
1620824400643341028 : Checking image 2 dpi 300
1620824400643411730 : Checking image 2 border top 322
1620824400643448532 : Checking image 2 border bottom 278
1620824400643481733 : Checking image 2 border left 218
1620824400643514734 : Checking image 2 border right 218

</system-out><system-err>--------------------------------- Captured Err ---------------------------------

</system-err></testcase><testcase classname="tests.test_images" name="test_no_split_line_wave_algo_3_png" time="11.742"><system-out>--------------------------------- Captured Log ---------------------------------

--------------------------------- Captured Out ---------------------------------
/home/runner/work/diptych/diptych/tests/no_split_line_wave_algo_3.png
1620824402104417920 : Checking separation double page angle 90.18184445198425
1620824402104557125 : Checking separation double page y=0 2405
1620824402974966762 : Checking page rotation 1 0.0
1620824403160255737 : Checking page rotation 2 0.0
1620824405242660155 : Checking image 1 crop x1 184
1620824405242770959 : Checking image 1 crop y1 2957
1620824405242813161 : Checking image 1 crop x2 2201
1620824405242850262 : Checking image 1 crop y2 3202
1620824405758473352 : Checking image 2 crop x1 0
1620824405758560155 : Checking image 2 crop y1 0
1620824405758592956 : Checking image 2 crop x2 0
1620824405758624058 : Checking image 2 crop y2 0
1620824405758692060 : Checking image 1 dpi 300
1620824405758757763 : Checking image 1 border top 2950
1620824405758807865 : Checking image 1 border bottom 292
1620824405758843466 : Checking image 1 border left 221
1620824405758877567 : Checking image 1 border right 221
1620824405765464219 : Checking image 2 border top 0
1620824405765542922 : Checking image 2 border bottom 0
1620824405765574923 : Checking image 2 border left 0
1620824405765610024 : Checking image 2 border right 0

</system-out><system-err>--------------------------------- Captured Err ---------------------------------

</system-err></testcase><testcase classname="tests.test_images" name="test_failed_split_line_line_algo_3_png" time="14.272"><system-out>--------------------------------- Captured Log ---------------------------------

--------------------------------- Captured Out ---------------------------------
/home/runner/work/diptych/diptych/tests/failed_split_line_line_algo_3.png
1620824408938240956 : Checking separation double page angle 90.02403976140027
1620824408938392362 : Checking separation double page y=0 39
1620824409015689005 : Checking page rotation 1 0.0
1620824410068638999 : Checking page rotation 2 0.0
1620824410402024194 : Checking image 1 crop x1 0
1620824410402122397 : Checking image 1 crop y1 0
1620824410402157799 : Checking image 1 crop x2 0
1620824410402190600 : Checking image 1 crop y2 0
1620824414929161716 : Checking image 2 crop x1 249
1620824414929318222 : Checking image 2 crop y1 154
1620824414929360024 : Checking image 2 crop x2 2264
1620824414929398325 : Checking image 2 crop y2 3361
1620824414929597933 : Checking image 1 border top 0
1620824414929640835 : Checking image 1 border bottom 0
1620824414929679236 : Checking image 1 border left 0
1620824414929714337 : Checking image 1 border right 0
1620824414929774240 : Checking image 2 dpi 300
1620824414929844942 : Checking image 2 border top 146
1620824414929896644 : Checking image 2 border bottom 134
1620824414929932946 : Checking image 2 border left 222
1620824414929968247 : Checking image 2 border right 222

</system-out><system-err>--------------------------------- Captured Err ---------------------------------

</system-err></testcase></testsuite></testsuites>