<?xml version="1.0" encoding="utf-8"?><testsuites><testsuite errors="0" failures="0" hostname="travis-job-e2749f13-90fd-45be-b22d-aa9fbb080bea" name="pytest" skipped="0" tests="5" time="317.181" timestamp="2020-10-23T06:16:01.091255"><testcase classname="tests.test_images" name="test_0001_png" time="67.804"><system-out>--------------------------------- Captured Log ---------------------------------

--------------------------------- Captured Out ---------------------------------
0001.png
1603433801223694570 : Checking separation double page angle 90.5270406818651
1603433801223788801 : Checking separation double page y=0 2485
1603433812868714187 : Checking page rotation 1 0.7000000000000001
1603433827775557427 : Checking page rotation 2 0.2
1603433828409938210 : Checking image 1 crop x1 332
1603433828410020547 : Checking image 1 crop y1 336
1603433828410055175 : Checking image 1 crop x2 2343
1603433828410088026 : Checking image 1 crop y2 3223
1603433829036175598 : Checking image 2 crop x1 169
1603433829036257462 : Checking image 2 crop y1 649
1603433829036291559 : Checking image 2 crop x2 2183
1603433829036323711 : Checking image 2 crop y2 3360
1603433829089207513 : Checking image 1 dpi 300
1603433829089336810 : Checking image 1 border top 325
1603433829089367302 : Checking image 1 border bottom 275
1603433829089394537 : Checking image 1 border left 224
1603433829089421196 : Checking image 1 border right 224
1603433829091287522 : Checking image 2 dpi 300
1603433829091413408 : Checking image 2 border top 672
1603433829091442672 : Checking image 2 border bottom 104
1603433829091469824 : Checking image 2 border left 223
1603433829091496022 : Checking image 2 border right 223

</system-out><system-err>--------------------------------- Captured Err ---------------------------------

</system-err></testcase><testcase classname="tests.test_images" name="test_2_pages_2_contours_png" time="32.320"><system-out>--------------------------------- Captured Log ---------------------------------

--------------------------------- Captured Out ---------------------------------
2-pages-2-contours.png
1603433848479691674 : Checking separation double page angle 90.2210765693812
1603433848479778180 : Checking separation double page y=0 2487
1603433850306111641 : Checking page rotation 1 0.0
1603433860366435815 : Checking page rotation 2 0.35000000000000003
1603433860838777216 : Checking image 1 crop x1 1183
1603433860838863450 : Checking image 1 crop y1 1720
1603433860838905050 : Checking image 1 crop x2 1184
1603433860838932008 : Checking image 1 crop y2 1721
1603433861395586603 : Checking image 2 crop x1 109
1603433861395668599 : Checking image 2 crop y1 241
1603433861395702946 : Checking image 2 crop x2 2154
1603433861395735597 : Checking image 2 crop y2 3239
1603433861422229596 : Checking image 1 dpi 300
1603433861422318856 : Checking image 1 border top 1752
1603433861422348029 : Checking image 1 border bottom 1753
1603433861422375081 : Checking image 1 border left 1239
1603433861422401504 : Checking image 1 border right 1239
1603433861423527824 : Checking image 2 dpi 300
1603433861423644132 : Checking image 2 border top 230
1603433861423673704 : Checking image 2 border bottom 259
1603433861423700414 : Checking image 2 border left 207
1603433861423727064 : Checking image 2 border right 207

</system-out><system-err>--------------------------------- Captured Err ---------------------------------

</system-err></testcase><testcase classname="tests.test_images" name="test_black_border_not_removed_png" time="72.793"><system-out>--------------------------------- Captured Log ---------------------------------

--------------------------------- Captured Out ---------------------------------
black-border-not-removed.png
1603433905326889390 : Checking separation double page angle 89.96520148719509
1603433905326979476 : Checking separation double page y=0 2454
1603433916360546031 : Checking page rotation 1 0.0
1603433932841401994 : Checking page rotation 2 0.0
1603433933493078013 : Checking image 1 crop x1 298
1603433933493174397 : Checking image 1 crop y1 144
1603433933493210300 : Checking image 1 crop x2 2308
1603433933493242845 : Checking image 1 crop y2 3346
1603433934153905144 : Checking image 2 crop x1 158
1603433934153989992 : Checking image 2 crop y1 146
1603433934154023951 : Checking image 2 crop x2 2169
1603433934154056541 : Checking image 2 crop y2 3351
1603433934209904074 : Checking image 1 dpi 300
1603433934210030209 : Checking image 1 border top 129
1603433934210061300 : Checking image 1 border bottom 156
1603433934210088816 : Checking image 1 border left 225
1603433934210116026 : Checking image 1 border right 225
1603433934211710651 : Checking image 2 dpi 300
1603433934211824820 : Checking image 2 border top 131
1603433934211853531 : Checking image 2 border bottom 151
1603433934211880098 : Checking image 2 border left 224
1603433934211907338 : Checking image 2 border right 224

</system-out><system-err>--------------------------------- Captured Err ---------------------------------

</system-err></testcase><testcase classname="tests.test_images" name="test_image_failed_to_rotate_png" time="84.810"><system-out>--------------------------------- Captured Log ---------------------------------

--------------------------------- Captured Out ---------------------------------
image_failed_to_rotate.png
1603433962128073999 : Checking separation double page angle 90.32101699455094
1603433962128162593 : Checking separation double page y=0 2487
1603433967083008166 : Checking page rotation 1 0.30000000000000004
1603433978557262678 : Checking page rotation 2 0.4
1603434018137740077 : Checking image 1 crop x1 86
1603434018137890676 : Checking image 1 crop y1 6
1603434018137925886 : Checking image 1 crop x2 2480
1603434018137959700 : Checking image 1 crop y2 3483
1603434018795407321 : Checking image 2 crop x1 171
1603434018795487917 : Checking image 2 crop y1 235
1603434018795521417 : Checking image 2 crop x2 2250
1603434018795553533 : Checking image 2 crop y2 3355
1603434018938716268 : Checking image 1 dpi 300
1603434018938894057 : Checking image 1 border top 15
1603434018938932522 : Checking image 1 border bottom 15
1603434018938960081 : Checking image 1 border left 41
1603434018938986555 : Checking image 1 border right 41
1603434018940981313 : Checking image 2 dpi 300
1603434018941098316 : Checking image 2 border top 207
1603434018941128628 : Checking image 2 border bottom 160
1603434018941155306 : Checking image 2 border left 190
1603434018941194703 : Checking image 2 border right 190

</system-out><system-err>--------------------------------- Captured Err ---------------------------------

</system-err></testcase><testcase classname="tests.test_images" name="test_image_failed_to_crop_data_png" time="58.377"><system-out>--------------------------------- Captured Log ---------------------------------

--------------------------------- Captured Out ---------------------------------
image_failed_to_crop_data.png
1603434046573972906 : Checking separation double page angle 90.0674195607512
1603434046574069698 : Checking separation double page y=0 2484
1603434052311633790 : Checking page rotation 1 0.0
1603434061642087221 : Checking page rotation 2 0.1
1603434076688164500 : Checking image 1 crop x1 116
1603434076688265114 : Checking image 1 crop y1 7
1603434076688299718 : Checking image 1 crop x2 2476
1603434076688332347 : Checking image 1 crop y2 3503
1603434077264248586 : Checking image 2 crop x1 160
1603434077264323838 : Checking image 2 crop y1 219
1603434077264358585 : Checking image 2 crop x2 2237
1603434077264391043 : Checking image 2 crop y2 3349
1603434077363039578 : Checking image 1 dpi 300
1603434077363167571 : Checking image 1 border top 5
1603434077363198988 : Checking image 1 border bottom 5
1603434077363225445 : Checking image 1 border left 55
1603434077363251793 : Checking image 1 border right 55
1603434077364895789 : Checking image 2 dpi 300
1603434077365002497 : Checking image 2 border top 211
1603434077365031324 : Checking image 2 border bottom 146
1603434077365058930 : Checking image 2 border left 191
1603434077365085690 : Checking image 2 border right 191

</system-out><system-err>--------------------------------- Captured Err ---------------------------------

</system-err></testcase></testsuite></testsuites>