<?xml version="1.0" encoding="utf-8"?><testsuites><testsuite errors="0" failures="0" hostname="fv-az108-391" name="pytest" skipped="0" tests="36" time="360.099" timestamp="2021-01-25T22:17:52.565925"><testcase classname="tests.test_features" name="test_mock_stop_at_0" time="0.066"><system-out>--------------------------------- Captured Log ---------------------------------

--------------------------------- Captured Out ---------------------------------
/home/runner/work/diptych/diptych/tests/0001_0.png

</system-out><system-err>--------------------------------- Captured Err ---------------------------------

</system-err></testcase><testcase classname="tests.test_features" name="test_disabled_enable_debug" time="22.088"><system-out>--------------------------------- Captured Log ---------------------------------

--------------------------------- Captured Out ---------------------------------
/home/runner/work/diptych/diptych/tests/0001_debug.png
separation double page angle 90.55756528497216
separation double page y=0 2484
page rotation 1 0.65
page rotation 2 0.2
image 1 crop x1 329
image 1 crop y1 335
image 1 crop x2 2344
image 1 crop y2 3222
image 2 crop x1 171
image 2 crop y1 648
image 2 crop x2 2188
image 2 crop y2 3361
image 1 dpi 300
image 1 border top 327
image 1 border bottom 273
image 1 border left 222
image 1 border right 222
image 2 dpi 300
image 2 border top 643
image 2 border bottom 131
image 2 border left 221
image 2 border right 221

</system-out><system-err>--------------------------------- Captured Err ---------------------------------

</system-err></testcase><testcase classname="tests.test_features" name="test_mock_stop_at_2" time="15.545"><system-out>--------------------------------- Captured Log ---------------------------------

--------------------------------- Captured Out ---------------------------------
/home/runner/work/diptych/diptych/tests/0001_2.png
separation double page angle 90.55756528497216
separation double page y=0 2484
page rotation 1 0.65
page rotation 2 0.2

</system-out><system-err>--------------------------------- Captured Err ---------------------------------

</system-err></testcase><testcase classname="tests.test_features" name="test_mock_stop_at_4" time="20.867"><system-out>--------------------------------- Captured Log ---------------------------------

--------------------------------- Captured Out ---------------------------------
/home/runner/work/diptych/diptych/tests/0001_4.png
separation double page angle 90.55756528497216
separation double page y=0 2484
page rotation 1 0.65
page rotation 2 0.2
image 1 crop x1 329
image 1 crop y1 335
image 1 crop x2 2344
image 1 crop y2 3222
image 2 crop x1 171
image 2 crop y1 648
image 2 crop x2 2188
image 2 crop y2 3361
image 1 dpi 300
image 1 border top 326
image 1 border bottom 274
image 1 border left 222
image 1 border right 222
image 2 dpi 300
image 2 border top 643
image 2 border bottom 131
image 2 border left 221
image 2 border right 221

</system-out><system-err>--------------------------------- Captured Err ---------------------------------

</system-err></testcase><testcase classname="tests.test_features" name="test_mock_stop_at_1" time="12.212"><system-out>--------------------------------- Captured Log ---------------------------------

--------------------------------- Captured Out ---------------------------------
/home/runner/work/diptych/diptych/tests/0001_1.png
separation double page angle 90.55756528497216
separation double page y=0 2484

</system-out><system-err>--------------------------------- Captured Err ---------------------------------

</system-err></testcase><testcase classname="tests.test_features" name="test_mock_stop_at_3" time="20.687"><system-out>--------------------------------- Captured Log ---------------------------------

--------------------------------- Captured Out ---------------------------------
/home/runner/work/diptych/diptych/tests/0001_3.png
separation double page angle 90.55756528497216
separation double page y=0 2484
page rotation 1 0.65
page rotation 2 0.2
image 1 crop x1 329
image 1 crop y1 335
image 1 crop x2 2344
image 1 crop y2 3222
image 2 crop x1 171
image 2 crop y1 648
image 2 crop x2 2188
image 2 crop y2 3361

</system-out><system-err>--------------------------------- Captured Err ---------------------------------

</system-err></testcase><testcase classname="tests.test_images" name="test_0001_png" time="19.056"><system-out>--------------------------------- Captured Log ---------------------------------

--------------------------------- Captured Out ---------------------------------
/home/runner/work/diptych/diptych/tests/0001.png
1611613121540715277 : Checking separation double page angle 90.55756528497216
1611613121540855277 : Checking separation double page y=0 2484
1611613122592025524 : Checking page rotation 1 0.65
1611613124011020211 : Checking page rotation 2 0.2
1611613126701048069 : Checking image 1 crop x1 329
1611613126701173269 : Checking image 1 crop y1 335
1611613126701212669 : Checking image 1 crop x2 2344
1611613126701246769 : Checking image 1 crop y2 3222
1611613129152374673 : Checking image 2 crop x1 171
1611613129152492773 : Checking image 2 crop y1 648
1611613129152530373 : Checking image 2 crop x2 2188
1611613129152561773 : Checking image 2 crop y2 3361
1611613129152734574 : Checking image 1 dpi 300
1611613129152797974 : Checking image 1 border top 326
1611613129152829674 : Checking image 1 border bottom 274
1611613129152859874 : Checking image 1 border left 222
1611613129152888974 : Checking image 1 border right 222
1611613129155399978 : Checking image 2 dpi 300
1611613129155494078 : Checking image 2 border top 643
1611613129155530878 : Checking image 2 border bottom 131
1611613129155563378 : Checking image 2 border left 221
1611613129155595578 : Checking image 2 border right 221

</system-out><system-err>--------------------------------- Captured Err ---------------------------------

</system-err></testcase><testcase classname="tests.test_features" name="test_mock_stop_at_5" time="20.591"><system-out>--------------------------------- Captured Log ---------------------------------

--------------------------------- Captured Out ---------------------------------
/home/runner/work/diptych/diptych/tests/0001_5.png
separation double page angle 90.55756528497216
separation double page y=0 2484
page rotation 1 0.65
page rotation 2 0.2
image 1 crop x1 329
image 1 crop y1 335
image 1 crop x2 2344
image 1 crop y2 3222
image 2 crop x1 171
image 2 crop y1 648
image 2 crop x2 2188
image 2 crop y2 3361
image 1 dpi 300
image 1 border top 326
image 1 border bottom 274
image 1 border left 222
image 1 border right 222
image 2 dpi 300
image 2 border top 643
image 2 border bottom 131
image 2 border left 221
image 2 border right 221

</system-out><system-err>--------------------------------- Captured Err ---------------------------------

</system-err></testcase><testcase classname="tests.test_images" name="test_black_border_not_removed_png" time="20.686"><system-out>--------------------------------- Captured Log ---------------------------------

--------------------------------- Captured Out ---------------------------------
/home/runner/work/diptych/diptych/tests/black-border-not-removed.png
1611613140255260808 : Checking separation double page angle 90.01516396500199
1611613140255367908 : Checking separation double page y=0 2455
1611613141288916179 : Checking page rotation 1 0.0
1611613142724700962 : Checking page rotation 2 0.1
1611613145352071983 : Checking image 1 crop x1 297
1611613145352202783 : Checking image 1 crop y1 143
1611613145352245083 : Checking image 1 crop x2 2309
1611613145352281483 : Checking image 1 crop y2 3346
1611613149836680404 : Checking image 2 crop x1 154
1611613149836811204 : Checking image 2 crop y1 144
1611613149836854604 : Checking image 2 crop x2 2168
1611613149836895004 : Checking image 2 crop y2 3351
1611613149837092304 : Checking image 1 dpi 300
1611613149837167305 : Checking image 1 border top 131
1611613149837206305 : Checking image 1 border bottom 153
1611613149837242605 : Checking image 1 border left 224
1611613149837278705 : Checking image 1 border right 224
1611613149839848609 : Checking image 2 dpi 300
1611613149839939409 : Checking image 2 border top 133
1611613149839977309 : Checking image 2 border bottom 147
1611613149840013809 : Checking image 2 border left 223
1611613149840049309 : Checking image 2 border right 223

</system-out><system-err>--------------------------------- Captured Err ---------------------------------

</system-err></testcase><testcase classname="tests.test_images" name="test_2_pages_2_contours_png" time="14.299"><system-out>--------------------------------- Captured Log ---------------------------------

--------------------------------- Captured Out ---------------------------------
/home/runner/work/diptych/diptych/tests/2-pages-2-contours.png
1611613158783424074 : Checking separation double page angle 90.14230271514262
1611613158783540774 : Checking separation double page y=0 2488
1611613159344720485 : Checking page rotation 1 0.0
1611613160386300270 : Checking page rotation 2 0.2
1611613161237098662 : Checking image 1 crop x1 1189
1611613161237208362 : Checking image 1 crop y1 1751
1611613161237243562 : Checking image 1 crop x2 1190
1611613161237274562 : Checking image 1 crop y2 1752
1611613163520316460 : Checking image 2 crop x1 100
1611613163520438960 : Checking image 2 crop y1 240
1611613163520474960 : Checking image 2 crop x2 2148
1611613163520508060 : Checking image 2 crop y2 3240
1611613163520670160 : Checking image 1 dpi 300
1611613163520728461 : Checking image 1 border top 1752
1611613163520758061 : Checking image 1 border bottom 1753
1611613163520788261 : Checking image 1 border left 1239
1611613163520818861 : Checking image 1 border right 1239
1611613163522697663 : Checking image 2 dpi 300
1611613163522776063 : Checking image 2 border top 230
1611613163522806363 : Checking image 2 border bottom 256
1611613163522835464 : Checking image 2 border left 206
1611613163522864164 : Checking image 2 border right 206

</system-out><system-err>--------------------------------- Captured Err ---------------------------------

</system-err></testcase><testcase classname="tests.test_images" name="test_image_failed_to_rotate_png" time="25.982"><system-out>--------------------------------- Captured Log ---------------------------------

--------------------------------- Captured Out ---------------------------------
/home/runner/work/diptych/diptych/tests/image_failed_to_rotate.png
1611613163691877200 : Checking separation double page angle 90.35651650869968
1611613163691987300 : Checking separation double page y=0 2483
1611613165564334123 : Checking page rotation 1 0.45
1611613166706716323 : Checking page rotation 2 0.2
1611613172325626678 : Checking image 1 crop x1 31
1611613172325762878 : Checking image 1 crop y1 1
1611613172325804578 : Checking image 1 crop x2 2481
1611613172325840978 : Checking image 1 crop y2 3504
1611613175704288398 : Checking image 2 crop x1 171
1611613175704423398 : Checking image 2 crop y1 231
1611613175704464998 : Checking image 2 crop x2 2259
1611613175704504098 : Checking image 2 crop y2 3358
1611613175704696398 : Checking image 1 dpi 300
1611613175704772498 : Checking image 1 border top 2
1611613175704812198 : Checking image 1 border bottom 2
1611613175704847898 : Checking image 1 border left 15
1611613175704882599 : Checking image 1 border right 15
1611613175707466302 : Checking image 2 dpi 300
1611613175707560002 : Checking image 2 border top 217
1611613175707599102 : Checking image 2 border bottom 143
1611613175707634302 : Checking image 2 border left 186
1611613175707669002 : Checking image 2 border right 186

</system-out><system-err>--------------------------------- Captured Err ---------------------------------

</system-err></testcase><testcase classname="tests.test_images" name="test_wrong_split_line_png" time="17.100"><system-out>--------------------------------- Captured Log ---------------------------------

--------------------------------- Captured Out ---------------------------------
/home/runner/work/diptych/diptych/tests/wrong_split_line.png
1611613175210002207 : Checking separation double page angle 89.95895720607972
1611613175210116807 : Checking separation double page y=0 2466
1611613176212535081 : Checking page rotation 1 -0.04999999999999689
1611613177193036338 : Checking page rotation 2 0.45
1611613178574541710 : Checking image 1 crop x1 211
1611613178574675410 : Checking image 1 crop y1 156
1611613178574722210 : Checking image 1 crop x2 2323
1611613178574760310 : Checking image 1 crop y2 3363
1611613180614711027 : Checking image 2 crop x1 123
1611613180614844627 : Checking image 2 crop y1 164
1611613180614885327 : Checking image 2 crop x2 2237
1611613180614922727 : Checking image 2 crop y2 3375
1611613180615100627 : Checking image 1 dpi 300
1611613180615169227 : Checking image 1 border top 135
1611613180615204127 : Checking image 1 border bottom 145
1611613180615239327 : Checking image 1 border left 174
1611613180615274327 : Checking image 1 border right 174
1611613180617707330 : Checking image 2 dpi 300
1611613180617794230 : Checking image 2 border top 141
1611613180617830331 : Checking image 2 border bottom 135
1611613180617864031 : Checking image 2 border left 173
1611613180617897631 : Checking image 2 border right 173

</system-out><system-err>--------------------------------- Captured Err ---------------------------------

</system-err></testcase><testcase classname="tests.test_images" name="test_image_failed_to_crop_data_png" time="36.535"><system-out>--------------------------------- Captured Log ---------------------------------

--------------------------------- Captured Out ---------------------------------
/home/runner/work/diptych/diptych/tests/image_failed_to_crop_data.png
1611613193857253402 : Checking separation double page angle 90.09350257645173
1611613193857362002 : Checking separation double page y=0 2479
1611613198247347089 : Checking page rotation 1 0.15000000000000002
1611613199360372611 : Checking page rotation 2 0.05
1611613209167516090 : Checking image 1 crop x1 46
1611613209167660291 : Checking image 1 crop y1 1
1611613209167704591 : Checking image 1 crop x2 2477
1611613209167744491 : Checking image 1 crop y2 3505
1611613212289798488 : Checking image 2 crop x1 164
1611613212289928888 : Checking image 2 crop y1 217
1611613212289971288 : Checking image 2 crop x2 2245
1611613212290009989 : Checking image 2 crop y2 3350
1611613212290195189 : Checking image 1 dpi 300
1611613212290270689 : Checking image 1 border top 2
1611613212290311289 : Checking image 1 border bottom 2
1611613212290346489 : Checking image 1 border left 25
1611613212290381289 : Checking image 1 border right 25
1611613212292930595 : Checking image 2 dpi 300
1611613212293010895 : Checking image 2 border top 206
1611613212293047395 : Checking image 2 border bottom 148
1611613212293082295 : Checking image 2 border left 189
1611613212293116995 : Checking image 2 border right 189

</system-out><system-err>--------------------------------- Captured Err ---------------------------------

</system-err></testcase><testcase classname="tests.test_images" name="test_crop_too_much_png" time="23.801"><system-out>--------------------------------- Captured Log ---------------------------------

--------------------------------- Captured Out ---------------------------------
/home/runner/work/diptych/diptych/tests/crop_too_much.png
1611613194041229803 : Checking separation double page angle 90.16929865985193
1611613194041343103 : Checking separation double page y=0 2456
1611613195606749466 : Checking page rotation 1 -0.04999999999999689
1611613197101295513 : Checking page rotation 2 0.2
1611613200215452986 : Checking image 1 crop x1 302
1611613200215585486 : Checking image 1 crop y1 148
1611613200215624486 : Checking image 1 crop x2 2314
1611613200215658586 : Checking image 1 crop y2 3351
1611613204387533520 : Checking image 2 crop x1 163
1611613204387659121 : Checking image 2 crop y1 151
1611613204387694221 : Checking image 2 crop x2 2187
1611613204387726921 : Checking image 2 crop y2 3363
1611613204387884221 : Checking image 1 dpi 300
1611613204387947021 : Checking image 1 border top 133
1611613204387977921 : Checking image 1 border bottom 151
1611613204388008521 : Checking image 1 border left 224
1611613204388038821 : Checking image 1 border right 224
1611613204393430629 : Checking image 2 dpi 300
1611613204393529430 : Checking image 2 border top 132
1611613204393585430 : Checking image 2 border bottom 143
1611613204393617530 : Checking image 2 border left 218
1611613204393649030 : Checking image 2 border right 218

</system-out><system-err>--------------------------------- Captured Err ---------------------------------

</system-err></testcase><testcase classname="tests.test_images" name="test_crop_too_few_png" time="17.281"><system-out>--------------------------------- Captured Log ---------------------------------

--------------------------------- Captured Out ---------------------------------
/home/runner/work/diptych/diptych/tests/crop_too_few.png
1611613216292209005 : Checking separation double page angle 89.49492328400886
1611613216292332205 : Checking separation double page y=0 2510
1611613217191675363 : Checking page rotation 1 -0.6499999999999977
1611613218303591018 : Checking page rotation 2 0.0
1611613220278758981 : Checking image 1 crop x1 263
1611613220278884782 : Checking image 1 crop y1 150
1611613220278922382 : Checking image 1 crop x2 2377
1611613220278955482 : Checking image 1 crop y2 3357
1611613221709626783 : Checking image 2 crop x1 139
1611613221709760183 : Checking image 2 crop y1 141
1611613221709800683 : Checking image 2 crop x2 2261
1611613221709838383 : Checking image 2 crop y2 3345
1611613221710006483 : Checking image 1 dpi 300
1611613221710073384 : Checking image 1 border top 129
1611613221710108984 : Checking image 1 border bottom 150
1611613221710144584 : Checking image 1 border left 173
1611613221710182784 : Checking image 1 border right 173
1611613221712781487 : Checking image 2 dpi 300
1611613221712860587 : Checking image 2 border top 130
1611613221712895887 : Checking image 2 border bottom 153
1611613221712929688 : Checking image 2 border left 169
1611613221712963488 : Checking image 2 border right 169

</system-out><system-err>--------------------------------- Captured Err ---------------------------------

</system-err></testcase><testcase classname="tests.test_images" name="test_wrong_angle_split_line_png" time="24.121"><system-out>--------------------------------- Captured Log ---------------------------------

--------------------------------- Captured Out ---------------------------------
/home/runner/work/diptych/diptych/tests/wrong_angle_split_line.png
1611613222680393941 : Checking separation double page angle 90.08791528895468
1611613222680500741 : Checking separation double page y=0 2478
1611613224000465187 : Checking page rotation 1 0.1
1611613225145775177 : Checking page rotation 2 0.1
1611613230937034169 : Checking image 1 crop x1 58
1611613230937164169 : Checking image 1 crop y1 6
1611613230937205469 : Checking image 1 crop x2 2476
1611613230937241769 : Checking image 1 crop y2 3501
1611613235674567242 : Checking image 2 crop x1 166
1611613235674699242 : Checking image 2 crop y1 218
1611613235674738642 : Checking image 2 crop x2 2244
1611613235674774842 : Checking image 2 crop y2 3349
1611613235674972142 : Checking image 1 dpi 300
1611613235675047942 : Checking image 1 border top 6
1611613235675084142 : Checking image 1 border bottom 6
1611613235675116942 : Checking image 1 border left 31
1611613235675148942 : Checking image 1 border right 31
1611613235682757247 : Checking image 2 dpi 300
1611613235682858747 : Checking image 2 border top 209
1611613235682893147 : Checking image 2 border bottom 147
1611613235682925548 : Checking image 2 border left 191
1611613235682957248 : Checking image 2 border right 191

</system-out><system-err>--------------------------------- Captured Err ---------------------------------

</system-err></testcase><testcase classname="tests.test_images" name="test_crop_too_much_2_png" time="24.253"><system-out>--------------------------------- Captured Log ---------------------------------

--------------------------------- Captured Out ---------------------------------
/home/runner/work/diptych/diptych/tests/crop_too_much_2.png
1611613236177998793 : Checking separation double page angle 90.15285326123045
1611613236178104293 : Checking separation double page y=0 2477
1611613237775702365 : Checking page rotation 1 0.15000000000000002
1611613239647702583 : Checking page rotation 2 0.2
1611613242366126413 : Checking image 1 crop x1 330
1611613242366254413 : Checking image 1 crop y1 132
1611613242366292513 : Checking image 1 crop x2 2342
1611613242366326213 : Checking image 1 crop y2 3335
1611613245923212824 : Checking image 2 crop x1 165
1611613245923326624 : Checking image 2 crop y1 139
1611613245923376924 : Checking image 2 crop x2 2178
1611613245923411024 : Checking image 2 crop y2 3345
1611613245923582725 : Checking image 1 dpi 300
1611613245923651425 : Checking image 1 border top 121
1611613245923683925 : Checking image 1 border bottom 163
1611613245923716525 : Checking image 1 border left 224
1611613245923751725 : Checking image 1 border right 224
1611613245926574329 : Checking image 2 dpi 300
1611613245926668429 : Checking image 2 border top 129
1611613245926702129 : Checking image 2 border bottom 152
1611613245926733329 : Checking image 2 border left 223
1611613245926764329 : Checking image 2 border right 223

</system-out><system-err>--------------------------------- Captured Err ---------------------------------

</system-err></testcase><testcase classname="tests.test_images" name="test_angle_page_lower_split_line_png" time="24.375"><system-out>--------------------------------- Captured Log ---------------------------------

--------------------------------- Captured Out ---------------------------------
/home/runner/work/diptych/diptych/tests/angle_page_lower_split_line.png
1611613253056511347 : Checking separation double page angle 89.74412725181848
1611613253056621648 : Checking separation double page y=0 2472
1611613254548328516 : Checking page rotation 1 -0.14999999999999067
1611613255893492091 : Checking page rotation 2 0.1
1611613257463457468 : Checking image 1 crop x1 241
1611613257463577968 : Checking image 1 crop y1 156
1611613257463616468 : Checking image 1 crop x2 2357
1611613257463652968 : Checking image 1 crop y2 3368
1611613260872537379 : Checking image 2 crop x1 151
1611613260872667279 : Checking image 2 crop y1 146
1611613260872710879 : Checking image 2 crop x2 2261
1611613260872749879 : Checking image 2 crop y2 3351
1611613260872941279 : Checking image 1 dpi 300
1611613260873016179 : Checking image 1 border top 140
1611613260873054479 : Checking image 1 border bottom 135
1611613260873089479 : Checking image 1 border left 172
1611613260873124079 : Checking image 1 border right 172
1611613260875932983 : Checking image 2 dpi 300
1611613260876030983 : Checking image 2 border top 131
1611613260876069883 : Checking image 2 border bottom 151
1611613260876105483 : Checking image 2 border left 175
1611613260876140983 : Checking image 2 border right 175

</system-out><system-err>--------------------------------- Captured Err ---------------------------------

</system-err></testcase><testcase classname="tests.test_images" name="test_wrong_split_line_2_png" time="30.123"><system-out>--------------------------------- Captured Log ---------------------------------

--------------------------------- Captured Out ---------------------------------
/home/runner/work/diptych/diptych/tests/wrong_split_line_2.png
1611613261633813386 : Checking separation double page angle 90.23635161124103
1611613261633938186 : Checking separation double page y=0 2437
1611613263477233125 : Checking page rotation 1 0.2
1611613265209896321 : Checking page rotation 2 0.2
1611613269746554136 : Checking image 1 crop x1 294
1611613269746687636 : Checking image 1 crop y1 136
1611613269746726137 : Checking image 1 crop x2 2325
1611613269746762337 : Checking image 1 crop y2 3376
1611613276064845688 : Checking image 2 crop x1 138
1611613276064981888 : Checking image 2 crop y1 190
1611613276065022488 : Checking image 2 crop x2 2174
1611613276065061888 : Checking image 2 crop y2 3389
1611613276065232089 : Checking image 1 dpi 300
1611613276065302189 : Checking image 1 border top 131
1611613276065337889 : Checking image 1 border bottom 116
1611613276065373789 : Checking image 1 border left 214
1611613276065411989 : Checking image 1 border right 214
1611613276067940492 : Checking image 2 dpi 300
1611613276068025193 : Checking image 2 border top 181
1611613276068060093 : Checking image 2 border bottom 107
1611613276068094293 : Checking image 2 border left 212
1611613276068127793 : Checking image 2 border right 212

</system-out><system-err>--------------------------------- Captured Err ---------------------------------

</system-err></testcase><testcase classname="tests.test_images" name="test_wrong_wave_split_line_png" time="28.677"><system-out>--------------------------------- Captured Log ---------------------------------

--------------------------------- Captured Out ---------------------------------
/home/runner/work/diptych/diptych/tests/wrong_wave_split_line.png
1611613276620525877 : Checking separation double page angle 90.42461655762611
1611613276620637077 : Checking separation double page y=0 2502
1611613277847364419 : Checking page rotation 1 -0.09999999999999377
1611613279182520615 : Checking page rotation 2 0.85
1611613284023252788 : Checking image 1 crop x1 384
1611613284023374888 : Checking image 1 crop y1 178
1611613284023410288 : Checking image 1 crop x2 2412
1611613284023441588 : Checking image 1 crop y2 3374
1611613289538137886 : Checking image 2 crop x1 7
1611613289538280087 : Checking image 2 crop y1 0
1611613289538321787 : Checking image 2 crop x2 2411
1611613289538360887 : Checking image 2 crop y2 3505
1611613289538525288 : Checking image 1 dpi 300
1611613289538596389 : Checking image 1 border top 173
1611613289538633589 : Checking image 1 border bottom 118
1611613289538668989 : Checking image 1 border left 216
1611613289538703489 : Checking image 1 border right 216
1611613289541206405 : Checking image 2 dpi 300
1611613289541299106 : Checking image 2 border top 1
1611613289541339906 : Checking image 2 border bottom 1
1611613289541375106 : Checking image 2 border left 38
1611613289541409606 : Checking image 2 border right 38

</system-out><system-err>--------------------------------- Captured Err ---------------------------------

</system-err></testcase><testcase classname="tests.test_images" name="test_small_wave_png" time="21.054"><system-out>--------------------------------- Captured Log ---------------------------------

--------------------------------- Captured Out ---------------------------------
/home/runner/work/diptych/diptych/tests/small_wave.png
1611613290539077762 : Checking separation double page angle 90.56494929955075
1611613290539187863 : Checking separation double page y=0 2495
1611613292262161468 : Checking page rotation 1 0.7
1611613293666987310 : Checking page rotation 2 0.65
1611613295053369626 : Checking image 1 crop x1 322
1611613295053502526 : Checking image 1 crop y1 199
1611613295053558227 : Checking image 1 crop x2 2351
1611613295053593027 : Checking image 1 crop y2 3394
1611613297131307371 : Checking image 2 crop x1 130
1611613297131442271 : Checking image 2 crop y1 222
1611613297131482771 : Checking image 2 crop x2 2163
1611613297131520171 : Checking image 2 crop y2 3420
1611613297131701471 : Checking image 1 dpi 300
1611613297131769571 : Checking image 1 border top 181
1611613297131802371 : Checking image 1 border bottom 111
1611613297131835471 : Checking image 1 border left 215
1611613297131870571 : Checking image 1 border right 215
1611613297134086474 : Checking image 2 dpi 300
1611613297134164474 : Checking image 2 border top 197
1611613297134196874 : Checking image 2 border bottom 92
1611613297134227774 : Checking image 2 border left 213
1611613297134259674 : Checking image 2 border right 213

</system-out><system-err>--------------------------------- Captured Err ---------------------------------

</system-err></testcase><testcase classname="tests.test_images" name="test_no_split_line_line_algo_png" time="19.990"><system-out>--------------------------------- Captured Log ---------------------------------

--------------------------------- Captured Out ---------------------------------
/home/runner/work/diptych/diptych/tests/no_split_line_line_algo.png
1611613301585357165 : Checking separation double page angle 89.47691469185418
1611613301585463866 : Checking separation double page y=0 2476
1611613302444884764 : Checking page rotation 1 -0.14999999999999067
1611613303766487954 : Checking page rotation 2 -0.14999999999999067
1611613305519000218 : Checking image 1 crop x1 205
1611613305519174918 : Checking image 1 crop y1 158
1611613305519215519 : Checking image 1 crop x2 2320
1611613305519251319 : Checking image 1 crop y2 3366
1611613309545832116 : Checking image 2 crop x1 185
1611613309545957816 : Checking image 2 crop y1 225
1611613309545996116 : Checking image 2 crop x2 2204
1611613309546031516 : Checking image 2 crop y2 3362
1611613309546310416 : Checking image 1 dpi 300
1611613309546393016 : Checking image 1 border top 144
1611613309546428017 : Checking image 1 border bottom 134
1611613309546461217 : Checking image 1 border left 172
1611613309546493617 : Checking image 1 border right 172
1611613309549111920 : Checking image 2 dpi 300
1611613309549189121 : Checking image 2 border top 223
1611613309549223221 : Checking image 2 border bottom 127
1611613309549255221 : Checking image 2 border left 220
1611613309549287621 : Checking image 2 border right 220

</system-out><system-err>--------------------------------- Captured Err ---------------------------------

</system-err></testcase><testcase classname="tests.test_images" name="test_wrong_split_line_3_png" time="23.037"><system-out>--------------------------------- Captured Log ---------------------------------

--------------------------------- Captured Out ---------------------------------
/home/runner/work/diptych/diptych/tests/wrong_split_line_3.png
1611613309860171468 : Checking separation double page angle 90.40515247895009
1611613309860281668 : Checking separation double page y=0 2495
1611613311271199200 : Checking page rotation 1 0.2
1611613312291687151 : Checking page rotation 2 0.85
1611613314218255590 : Checking image 1 crop x1 331
1611613314218388890 : Checking image 1 crop y1 166
1611613314218424890 : Checking image 1 crop x2 2377
1611613314218458390 : Checking image 1 crop y2 3375
1611613320185430352 : Checking image 2 crop x1 103
1611613320185532753 : Checking image 2 crop y1 207
1611613320185585453 : Checking image 2 crop x2 2136
1611613320185616953 : Checking image 2 crop y2 3414
1611613320185792853 : Checking image 1 dpi 300
1611613320185856453 : Checking image 1 border top 158
1611613320185887453 : Checking image 1 border bottom 120
1611613320185918053 : Checking image 1 border left 207
1611613320185951153 : Checking image 1 border right 207
1611613320188700456 : Checking image 2 dpi 300
1611613320188792457 : Checking image 2 border top 199
1611613320188826457 : Checking image 2 border bottom 81
1611613320188857557 : Checking image 2 border left 213
1611613320188888857 : Checking image 2 border right 213

</system-out><system-err>--------------------------------- Captured Err ---------------------------------

</system-err></testcase><testcase classname="tests.test_images" name="test_failed_split_line_line_algo_png" time="14.605"><system-out>--------------------------------- Captured Log ---------------------------------

--------------------------------- Captured Out ---------------------------------
/home/runner/work/diptych/diptych/tests/failed_split_line_line_algo.png
1611613319003175897 : Checking separation double page angle 90.0093502548779
1611613319003284597 : Checking separation double page y=0 2574
1611613319662585467 : Checking page rotation 1 0.0
1611613320194020663 : Checking page rotation 2 0.0
1611613322490635267 : Checking image 1 crop x1 411
1611613322490765967 : Checking image 1 crop y1 2927
1611613322490807667 : Checking image 1 crop x2 2422
1611613322490844467 : Checking image 1 crop y2 3172
1611613324177044726 : Checking image 2 crop x1 1191
1611613324177156026 : Checking image 2 crop y1 1745
1611613324177194826 : Checking image 2 crop x2 1192
1611613324177229626 : Checking image 2 crop y2 1746
1611613324177375726 : Checking image 1 dpi 300
1611613324177455826 : Checking image 1 border top 2920
1611613324177492626 : Checking image 1 border bottom 322
1611613324177528226 : Checking image 1 border left 224
1611613324177591626 : Checking image 1 border right 224
1611613324179139128 : Checking image 2 dpi 300
1611613324179214528 : Checking image 2 border top 1752
1611613324179252028 : Checking image 2 border bottom 1753
1611613324179289329 : Checking image 2 border left 1239
1611613324179324629 : Checking image 2 border right 1239

</system-out><system-err>--------------------------------- Captured Err ---------------------------------

</system-err></testcase><testcase classname="tests.test_images" name="test_crop_too_much_3_png" time="18.952"><system-out>--------------------------------- Captured Log ---------------------------------

--------------------------------- Captured Out ---------------------------------
/home/runner/work/diptych/diptych/tests/crop_too_much_3.png
1611613331471557997 : Checking separation double page angle 89.5934556679346
1611613331471665198 : Checking separation double page y=0 2499
1611613332569821867 : Checking page rotation 1 -0.8999999999999949
1611613334122439050 : Checking page rotation 2 -0.04999999999999689
1611613336790034823 : Checking image 1 crop x1 374
1611613336790162523 : Checking image 1 crop y1 258
1611613336790201023 : Checking image 1 crop x2 2385
1611613336790234724 : Checking image 1 crop y2 3459
1611613339120536858 : Checking image 2 crop x1 164
1611613339120662258 : Checking image 2 crop y1 229
1611613339120699458 : Checking image 2 crop x2 2183
1611613339120734758 : Checking image 2 crop y2 3416
1611613339120893859 : Checking image 1 dpi 300
1611613339120958359 : Checking image 1 border top 239
1611613339120991759 : Checking image 1 border bottom 46
1611613339121024759 : Checking image 1 border left 224
1611613339121059759 : Checking image 1 border right 224
1611613339123678463 : Checking image 2 dpi 300
1611613339123764264 : Checking image 2 border top 210
1611613339123797664 : Checking image 2 border bottom 90
1611613339123828864 : Checking image 2 border left 220
1611613339123860464 : Checking image 2 border right 220

</system-out><system-err>--------------------------------- Captured Err ---------------------------------

</system-err></testcase><testcase classname="tests.test_images" name="test_failed_split_line_line_algo_2_png" time="20.890"><system-out>--------------------------------- Captured Log ---------------------------------

--------------------------------- Captured Out ---------------------------------
/home/runner/work/diptych/diptych/tests/failed_split_line_line_algo_2.png
1611613337346173310 : Checking separation double page angle 90.03732329462368
1611613337346288410 : Checking separation double page y=0 2499
1611613338784136861 : Checking page rotation 1 -0.09999999999999377
1611613339953508036 : Checking page rotation 2 0.5499999999999999
1611613342630277491 : Checking image 1 crop x1 273
1611613342630416291 : Checking image 1 crop y1 147
1611613342630457191 : Checking image 1 crop x2 2386
1611613342630493391 : Checking image 1 crop y2 3352
1611613345038914358 : Checking image 2 crop x1 122
1611613345039038758 : Checking image 2 crop y1 155
1611613345039077959 : Checking image 2 crop x2 2246
1611613345039115659 : Checking image 2 crop y2 3350
1611613345039303959 : Checking image 1 dpi 300
1611613345039377559 : Checking image 1 border top 137
1611613345039413459 : Checking image 1 border bottom 145
1611613345039446759 : Checking image 1 border left 173
1611613345039490759 : Checking image 1 border right 173
1611613345041822463 : Checking image 2 dpi 300
1611613345041910064 : Checking image 2 border top 133
1611613345041944364 : Checking image 2 border bottom 159
1611613345041977064 : Checking image 2 border left 168
1611613345042009564 : Checking image 2 border right 168

</system-out><system-err>--------------------------------- Captured Err ---------------------------------

</system-err></testcase><testcase classname="tests.test_images" name="test_wrong_wave_split_line_2_png" time="23.622"><system-out>--------------------------------- Captured Log ---------------------------------

--------------------------------- Captured Out ---------------------------------
/home/runner/work/diptych/diptych/tests/wrong_wave_split_line_2.png
1611613355339553152 : Checking separation double page angle 90.7708958311329
1611613355339661452 : Checking separation double page y=0 2490
1611613356550507292 : Checking page rotation 1 0.2
1611613357732226794 : Checking page rotation 2 1.65
1611613359182429138 : Checking image 1 crop x1 227
1611613359182558338 : Checking image 1 crop y1 147
1611613359182595939 : Checking image 1 crop x2 2342
1611613359182630539 : Checking image 1 crop y2 3353
1611613362757569782 : Checking image 2 crop x1 106
1611613362757704482 : Checking image 2 crop y1 195
1611613362757741982 : Checking image 2 crop x2 2231
1611613362757776582 : Checking image 2 crop y2 3398
1611613362757948583 : Checking image 1 dpi 300
1611613362758012683 : Checking image 1 border top 136
1611613362758045983 : Checking image 1 border bottom 145
1611613362758078983 : Checking image 1 border left 172
1611613362758115283 : Checking image 1 border right 172
1611613362760826286 : Checking image 2 dpi 300
1611613362760904286 : Checking image 2 border top 166
1611613362760937686 : Checking image 2 border bottom 117
1611613362760969386 : Checking image 2 border left 167
1611613362761000686 : Checking image 2 border right 167

</system-out><system-err>--------------------------------- Captured Err ---------------------------------

</system-err></testcase><testcase classname="tests.test_images" name="test_wrong_wave_split_line_3_png" time="21.573"><system-out>--------------------------------- Captured Log ---------------------------------

--------------------------------- Captured Out ---------------------------------
/home/runner/work/diptych/diptych/tests/wrong_wave_split_line_3.png
1611613360615594244 : Checking separation double page angle 90.12715931778824
1611613360615708144 : Checking separation double page y=0 2514
1611613361916554646 : Checking page rotation 1 0.05
1611613362992783272 : Checking page rotation 2 0.2
1611613364868094181 : Checking image 1 crop x1 273
1611613364868211982 : Checking image 1 crop y1 220
1611613364868268282 : Checking image 1 crop x2 2383
1611613364868303482 : Checking image 1 crop y2 3423
1611613366630705052 : Checking image 2 crop x1 116
1611613366630834852 : Checking image 2 crop y1 225
1611613366630876353 : Checking image 2 crop x2 2242
1611613366630915053 : Checking image 2 crop y2 3415
1611613366631104853 : Checking image 1 dpi 300
1611613366631181353 : Checking image 1 border top 202
1611613366631219853 : Checking image 1 border bottom 82
1611613366631255553 : Checking image 1 border left 175
1611613366631290653 : Checking image 1 border right 175
1611613366633675656 : Checking image 2 dpi 300
1611613366633763556 : Checking image 2 border top 204
1611613366633800256 : Checking image 2 border bottom 93
1611613366633834456 : Checking image 2 border left 167
1611613366633869256 : Checking image 2 border right 167

</system-out><system-err>--------------------------------- Captured Err ---------------------------------

</system-err></testcase><testcase classname="tests.test_images" name="test_no_split_line_wave_algo_png" time="31.283"><system-out>--------------------------------- Captured Log ---------------------------------

--------------------------------- Captured Out ---------------------------------
/home/runner/work/diptych/diptych/tests/no_split_line_wave_algo.png
1611613375175301109 : Checking separation double page angle 89.79018091440821
1611613375175412509 : Checking separation double page y=0 2483
1611613377807484440 : Checking page rotation 1 0.0
1611613378985980387 : Checking page rotation 2 -0.44999999999999746
1611613388252833511 : Checking image 1 crop x1 97
1611613388252926511 : Checking image 1 crop y1 74
1611613388252963511 : Checking image 1 crop x2 2489
1611613388252999011 : Checking image 1 crop y2 3505
1611613394001007936 : Checking image 2 crop x1 164
1611613394001137736 : Checking image 2 crop y1 267
1611613394001179936 : Checking image 2 crop x2 2239
1611613394001215636 : Checking image 2 crop y2 3380
1611613394001394236 : Checking image 1 dpi 300
1611613394001467136 : Checking image 1 border top 38
1611613394001501936 : Checking image 1 border bottom 38
1611613394001553236 : Checking image 1 border left 44
1611613394001595437 : Checking image 1 border right 44
1611613394004301841 : Checking image 2 dpi 300
1611613394004387141 : Checking image 2 border top 257
1611613394004422741 : Checking image 2 border bottom 117
1611613394004456441 : Checking image 2 border left 192
1611613394004494242 : Checking image 2 border right 192

</system-out><system-err>--------------------------------- Captured Err ---------------------------------

</system-err></testcase><testcase classname="tests.test_images" name="test_no_split_line_wave_algo_2_png" time="18.366"><system-out>--------------------------------- Captured Log ---------------------------------

--------------------------------- Captured Out ---------------------------------
/home/runner/work/diptych/diptych/tests/no_split_line_wave_algo_2.png
1611613378777895514 : Checking separation double page angle 90.43362571535843
1611613378778002114 : Checking separation double page y=0 2473
1611613379955433860 : Checking page rotation 1 1.05
1611613381110404977 : Checking page rotation 2 0.15000000000000002
1611613383187703704 : Checking image 1 crop x1 267
1611613383187846204 : Checking image 1 crop y1 210
1611613383187888905 : Checking image 1 crop x2 2343
1611613383187925605 : Checking image 1 crop y2 3412
1611613384992549235 : Checking image 2 crop x1 165
1611613384992676236 : Checking image 2 crop y1 241
1611613384992715636 : Checking image 2 crop x2 2250
1611613384992751536 : Checking image 2 crop y2 3433
1611613384992939336 : Checking image 1 dpi 300
1611613384993012036 : Checking image 1 border top 192
1611613384993047236 : Checking image 1 border bottom 93
1611613384993080336 : Checking image 1 border left 192
1611613384993113036 : Checking image 1 border right 192
1611613384995760042 : Checking image 2 dpi 300
1611613384995846442 : Checking image 2 border top 224
1611613384995881042 : Checking image 2 border bottom 71
1611613384995913642 : Checking image 2 border left 187
1611613384995945442 : Checking image 2 border right 187

</system-out><system-err>--------------------------------- Captured Err ---------------------------------

</system-err></testcase><testcase classname="tests.test_images" name="test_failed_detect_rectangle_png" time="18.041"><system-out>--------------------------------- Captured Log ---------------------------------

--------------------------------- Captured Out ---------------------------------
/home/runner/work/diptych/diptych/tests/failed_detect_rectangle.png
1611613397951810071 : Checking separation double page angle 90.242273842964
1611613397951922371 : Checking separation double page y=0 2475
1611613399172395782 : Checking page rotation 1 0.2
1611613400569641420 : Checking page rotation 2 0.2
1611613401764824516 : Checking image 1 crop x1 257
1611613401764954116 : Checking image 1 crop y1 201
1611613401764995116 : Checking image 1 crop x2 2333
1611613401765031616 : Checking image 1 crop y2 3402
1611613403041779635 : Checking image 2 crop x1 137
1611613403041902435 : Checking image 2 crop y1 215
1611613403041941035 : Checking image 2 crop x2 2220
1611613403041976835 : Checking image 2 crop y2 3406
1611613403042154035 : Checking image 1 dpi 300
1611613403042222635 : Checking image 1 border top 188
1611613403042258735 : Checking image 1 border bottom 98
1611613403042291736 : Checking image 1 border left 192
1611613403042324136 : Checking image 1 border right 192
1611613403044853939 : Checking image 2 dpi 300
1611613403044933340 : Checking image 2 border top 201
1611613403044971040 : Checking image 2 border bottom 95
1611613403045003940 : Checking image 2 border left 188
1611613403045036440 : Checking image 2 border right 188

</system-out><system-err>--------------------------------- Captured Err ---------------------------------

</system-err></testcase><testcase classname="tests.test_images" name="test_crop_too_few_2_png" time="18.753"><system-out>--------------------------------- Captured Log ---------------------------------

--------------------------------- Captured Out ---------------------------------
/home/runner/work/diptych/diptych/tests/crop_too_few_2.png
1611613405579578948 : Checking separation double page angle 90.35461351371423
1611613405579683848 : Checking separation double page y=0 2533
1611613406675770296 : Checking page rotation 1 1.0999999999999999
1611613407812447804 : Checking page rotation 2 0.0
1611613410375215540 : Checking image 1 crop x1 289
1611613410375355340 : Checking image 1 crop y1 165
1611613410375394740 : Checking image 1 crop x2 2400
1611613410375431140 : Checking image 1 crop y2 3367
1611613412830636212 : Checking image 2 crop x1 152
1611613412830758112 : Checking image 2 crop y1 190
1611613412830796612 : Checking image 2 crop x2 2273
1611613412830831512 : Checking image 2 crop y2 3385
1611613412830995713 : Checking image 1 dpi 300
1611613412831061613 : Checking image 1 border top 157
1611613412831094313 : Checking image 1 border bottom 128
1611613412831127213 : Checking image 1 border left 174
1611613412831162413 : Checking image 1 border right 174
1611613412833755917 : Checking image 2 dpi 300
1611613412833841717 : Checking image 2 border top 175
1611613412833874817 : Checking image 2 border bottom 116
1611613412833906117 : Checking image 2 border left 169
1611613412833937717 : Checking image 2 border right 169

</system-out><system-err>--------------------------------- Captured Err ---------------------------------

</system-err></testcase><testcase classname="tests.test_images" name="test_single_page_png" time="5.854"><system-out>--------------------------------- Captured Log ---------------------------------

--------------------------------- Captured Out ---------------------------------
/home/runner/work/diptych/diptych/tests/single_page.png
1611613406043175545 : Checking separation double page angle 89.93006318861008
1611613406043300445 : Checking separation double page y=0 2472
1611613406889219316 : Checking page rotation 1 0.0
1611613406988346265 : Checking page rotation 2 0.0
1611613408455447668 : Checking image 1 crop x1 1
1611613408455543769 : Checking image 1 crop y1 8
1611613408455581569 : Checking image 1 crop x2 2470
1611613408455632869 : Checking image 1 crop y2 3505
1611613408584574862 : Checking image 2 crop x1 0
1611613408584662262 : Checking image 2 crop y1 0
1611613408584694162 : Checking image 2 crop x2 0
1611613408584724662 : Checking image 2 crop y2 0
1611613408584788662 : Checking image 1 dpi 300
1611613408584850862 : Checking image 1 border top 5
1611613408584884262 : Checking image 1 border bottom 5
1611613408584916262 : Checking image 1 border left 6
1611613408584948062 : Checking image 1 border right 6
1611613408590787871 : Checking image 2 border top 0
1611613408590850971 : Checking image 2 border bottom 0
1611613408590880271 : Checking image 2 border left 0
1611613408590909371 : Checking image 2 border right 0

</system-out><system-err>--------------------------------- Captured Err ---------------------------------

</system-err></testcase><testcase classname="tests.test_images" name="test_wrong_split_line_4_png" time="10.303"><system-out>--------------------------------- Captured Log ---------------------------------

--------------------------------- Captured Out ---------------------------------
/home/runner/work/diptych/diptych/tests/wrong_split_line_4.png
1611613415798382851 : Checking separation double page angle 90.92587744884125
1611613415798479451 : Checking separation double page y=0 58
1611613415885415281 : Checking page rotation 1 0.5499999999999999
1611613416878047099 : Checking page rotation 2 1.0999999999999999
1611613417521243269 : Checking image 1 crop x1 0
1611613417521319069 : Checking image 1 crop y1 0
1611613417521348869 : Checking image 1 crop x2 0
1611613417521377169 : Checking image 1 crop y2 0
1611613419272689750 : Checking image 2 crop x1 290
1611613419272804850 : Checking image 2 crop y1 330
1611613419272838850 : Checking image 2 crop x2 2314
1611613419272871850 : Checking image 2 crop y2 3217
1611613419273034951 : Checking image 1 border top 0
1611613419273068351 : Checking image 1 border bottom 0
1611613419273100651 : Checking image 1 border left 0
1611613419273129851 : Checking image 1 border right 0
1611613419273176151 : Checking image 2 dpi 300
1611613419273235751 : Checking image 2 border top 322
1611613419273266051 : Checking image 2 border bottom 278
1611613419273295051 : Checking image 2 border left 218
1611613419273324351 : Checking image 2 border right 218

</system-out><system-err>--------------------------------- Captured Err ---------------------------------

</system-err></testcase><testcase classname="tests.test_images" name="test_no_split_line_wave_algo_3_png" time="9.748"><system-out>--------------------------------- Captured Log ---------------------------------

--------------------------------- Captured Out ---------------------------------
/home/runner/work/diptych/diptych/tests/no_split_line_wave_algo_3.png
1611613419324944589 : Checking separation double page angle 90.18184445198425
1611613419325051989 : Checking separation double page y=0 2405
1611613420112097764 : Checking page rotation 1 0.0
1611613420266526177 : Checking page rotation 2 0.0
1611613422119494553 : Checking image 1 crop x1 184
1611613422119610153 : Checking image 1 crop y1 2957
1611613422119648053 : Checking image 1 crop x2 2201
1611613422119679653 : Checking image 1 crop y2 3202
1611613422548759572 : Checking image 2 crop x1 0
1611613422548837672 : Checking image 2 crop y1 0
1611613422548868173 : Checking image 2 crop x2 0
1611613422548897773 : Checking image 2 crop y2 0
1611613422548963973 : Checking image 1 dpi 300
1611613422549026273 : Checking image 1 border top 2950
1611613422549058773 : Checking image 1 border bottom 292
1611613422549091373 : Checking image 1 border left 221
1611613422549125573 : Checking image 1 border right 221
1611613422554626881 : Checking image 2 border top 0
1611613422554689781 : Checking image 2 border bottom 0
1611613422554720081 : Checking image 2 border left 0
1611613422554750381 : Checking image 2 border right 0

</system-out><system-err>--------------------------------- Captured Err ---------------------------------

</system-err></testcase><testcase classname="tests.test_images" name="test_failed_split_line_line_algo_3_png" time="11.191"><system-out>--------------------------------- Captured Log ---------------------------------

--------------------------------- Captured Out ---------------------------------
/home/runner/work/diptych/diptych/tests/failed_split_line_line_algo_3.png
1611613425895652805 : Checking separation double page angle 90.02403976140027
1611613425895777805 : Checking separation double page y=0 39
1611613425960033290 : Checking page rotation 1 0.0
1611613426611028849 : Checking page rotation 2 0.0
1611613426853878570 : Checking image 1 crop x1 0
1611613426853957670 : Checking image 1 crop y1 0
1611613426853989770 : Checking image 1 crop x2 0
1611613426854019970 : Checking image 1 crop y2 0
1611613430477825755 : Checking image 2 crop x1 249
1611613430477940555 : Checking image 2 crop y1 154
1611613430477979455 : Checking image 2 crop x2 2264
1611613430478015755 : Checking image 2 crop y2 3361
1611613430478198056 : Checking image 1 border top 0
1611613430478237256 : Checking image 1 border bottom 0
1611613430478274856 : Checking image 1 border left 0
1611613430478310756 : Checking image 1 border right 0
1611613430478367256 : Checking image 2 dpi 300
1611613430478439956 : Checking image 2 border top 146
1611613430478475356 : Checking image 2 border bottom 134
1611613430478509656 : Checking image 2 border left 222
1611613430478544156 : Checking image 2 border right 222

</system-out><system-err>--------------------------------- Captured Err ---------------------------------

</system-err></testcase></testsuite></testsuites>