<?xml version="1.0" encoding="utf-8"?><testsuites><testsuite errors="0" failures="0" hostname="fv-az92-153" name="pytest" skipped="0" tests="18" time="378.468" timestamp="2020-11-25T11:34:42.492994"><testcase classname="tests.test_features" name="test_mock_stop_at_0" time="0.048"><system-out>--------------------------------- Captured Log ---------------------------------

--------------------------------- Captured Out ---------------------------------
/home/runner/work/ocr-book/ocr-book/tests/0001_0.png

</system-out><system-err>--------------------------------- Captured Err ---------------------------------

</system-err></testcase><testcase classname="tests.test_features" name="test_disabled_enable_debug" time="30.974"><system-out>--------------------------------- Captured Log ---------------------------------

--------------------------------- Captured Out ---------------------------------
/home/runner/work/ocr-book/ocr-book/tests/0001_debug.png
separation double page angle 90.53945493634917
separation double page y=0 2485
page rotation 1 0.75
page rotation 2 0.2
image 1 crop x1 330
image 1 crop y1 336
image 1 crop x2 2343
image 1 crop y2 3223
image 2 crop x1 169
image 2 crop y1 648
image 2 crop x2 2186
image 2 crop y2 3361
image 1 dpi 300
image 1 border top 340
image 1 border bottom 260
image 1 border left 223
image 1 border right 223
image 2 dpi 300
image 2 border top 646
image 2 border bottom 128
image 2 border left 221
image 2 border right 221

</system-out><system-err>--------------------------------- Captured Err ---------------------------------

</system-err></testcase><testcase classname="tests.test_features" name="test_mock_stop_at_2" time="39.997"><system-out>--------------------------------- Captured Log ---------------------------------

--------------------------------- Captured Out ---------------------------------
/home/runner/work/ocr-book/ocr-book/tests/0001_2.png
separation double page angle 90.53945493634917
separation double page y=0 2485
page rotation 1 0.75
page rotation 2 0.2

</system-out><system-err>--------------------------------- Captured Err ---------------------------------

</system-err></testcase><testcase classname="tests.test_features" name="test_mock_stop_at_1" time="22.433"><system-out>--------------------------------- Captured Log ---------------------------------

--------------------------------- Captured Out ---------------------------------
/home/runner/work/ocr-book/ocr-book/tests/0001_1.png
separation double page angle 90.53945493634917
separation double page y=0 2485

</system-out><system-err>--------------------------------- Captured Err ---------------------------------

</system-err></testcase><testcase classname="tests.test_features" name="test_mock_stop_at_3" time="41.165"><system-out>--------------------------------- Captured Log ---------------------------------

--------------------------------- Captured Out ---------------------------------
/home/runner/work/ocr-book/ocr-book/tests/0001_3.png
separation double page angle 90.53945493634917
separation double page y=0 2485
page rotation 1 0.75
page rotation 2 0.2
image 1 crop x1 330
image 1 crop y1 336
image 1 crop x2 2343
image 1 crop y2 3223
image 2 crop x1 169
image 2 crop y1 648
image 2 crop x2 2186
image 2 crop y2 3361

</system-out><system-err>--------------------------------- Captured Err ---------------------------------

</system-err></testcase><testcase classname="tests.test_features" name="test_mock_stop_at_5" time="41.052"><system-out>--------------------------------- Captured Log ---------------------------------

--------------------------------- Captured Out ---------------------------------
/home/runner/work/ocr-book/ocr-book/tests/0001_5.png
separation double page angle 90.53945493634917
separation double page y=0 2485
page rotation 1 0.75
page rotation 2 0.2
image 1 crop x1 330
image 1 crop y1 336
image 1 crop x2 2343
image 1 crop y2 3223
image 2 crop x1 169
image 2 crop y1 648
image 2 crop x2 2186
image 2 crop y2 3361
image 1 dpi 300
image 1 border top 340
image 1 border bottom 260
image 1 border left 223
image 1 border right 223
image 2 dpi 300
image 2 border top 646
image 2 border bottom 128
image 2 border left 221
image 2 border right 221

</system-out><system-err>--------------------------------- Captured Err ---------------------------------

</system-err></testcase><testcase classname="tests.test_features" name="test_mock_stop_at_4" time="40.720"><system-out>--------------------------------- Captured Log ---------------------------------

--------------------------------- Captured Out ---------------------------------
/home/runner/work/ocr-book/ocr-book/tests/0001_4.png
separation double page angle 90.53945493634917
separation double page y=0 2485
page rotation 1 0.75
page rotation 2 0.2
image 1 crop x1 330
image 1 crop y1 336
image 1 crop x2 2343
image 1 crop y2 3223
image 2 crop x1 169
image 2 crop y1 648
image 2 crop x2 2186
image 2 crop y2 3361
image 1 dpi 300
image 1 border top 340
image 1 border bottom 260
image 1 border left 223
image 1 border right 223
image 2 dpi 300
image 2 border top 646
image 2 border bottom 128
image 2 border left 221
image 2 border right 221

</system-out><system-err>--------------------------------- Captured Err ---------------------------------

</system-err></testcase><testcase classname="tests.test_images" name="test_0001_png" time="40.535"><system-out>--------------------------------- Captured Log ---------------------------------

--------------------------------- Captured Out ---------------------------------
/home/runner/work/ocr-book/ocr-book/tests/0001.png
1606304199006462063 : Checking separation double page angle 90.53945493634917
1606304199006555064 : Checking separation double page y=0 2485
1606304205678301723 : Checking page rotation 1 0.75
1606304215025007738 : Checking page rotation 2 0.2
1606304216669896504 : Checking image 1 crop x1 330
1606304216669999805 : Checking image 1 crop y1 336
1606304216670042405 : Checking image 1 crop x2 2343
1606304216670081406 : Checking image 1 crop y2 3223
1606304218501587201 : Checking image 2 crop x1 169
1606304218501672402 : Checking image 2 crop y1 648
1606304218501716303 : Checking image 2 crop x2 2186
1606304218501757503 : Checking image 2 crop y2 3361
1606304218533766595 : Checking image 1 dpi 300
1606304218533881996 : Checking image 1 border top 340
1606304218533955296 : Checking image 1 border bottom 260
1606304218533990097 : Checking image 1 border left 223
1606304218534048997 : Checking image 1 border right 223
1606304218537227326 : Checking image 2 dpi 300
1606304218537306327 : Checking image 2 border top 646
1606304218537362527 : Checking image 2 border bottom 128
1606304218537393928 : Checking image 2 border left 221
1606304218537425128 : Checking image 2 border right 221

</system-out><system-err>--------------------------------- Captured Err ---------------------------------

</system-err></testcase><testcase classname="tests.test_images" name="test_2_pages_2_contours_png" time="27.842"><system-out>--------------------------------- Captured Log ---------------------------------

--------------------------------- Captured Out ---------------------------------
/home/runner/work/ocr-book/ocr-book/tests/2-pages-2-contours.png
1606304220901438391 : Checking separation double page angle 90.15647898380502
1606304220901520292 : Checking separation double page y=0 2489
1606304223210851721 : Checking page rotation 1 0.05
1606304230647517137 : Checking page rotation 2 0.35000000000000003
1606304231494856938 : Checking image 1 crop x1 1190
1606304231494927839 : Checking image 1 crop y1 1733
1606304231494958639 : Checking image 1 crop x2 1191
1606304231494987539 : Checking image 1 crop y2 1734
1606304233314893768 : Checking image 2 crop x1 102
1606304233314973669 : Checking image 2 crop y1 240
1606304233315011669 : Checking image 2 crop x2 2149
1606304233315046569 : Checking image 2 crop y2 3239
1606304233348255944 : Checking image 1 dpi 300
1606304233348379245 : Checking image 1 border top 1752
1606304233348451645 : Checking image 1 border bottom 1753
1606304233348515946 : Checking image 1 border left 1239
1606304233348546546 : Checking image 1 border right 1239
1606304233350538362 : Checking image 2 dpi 300
1606304233350601463 : Checking image 2 border top 231
1606304233350635063 : Checking image 2 border bottom 257
1606304233350664963 : Checking image 2 border left 206
1606304233350694864 : Checking image 2 border right 206

</system-out><system-err>--------------------------------- Captured Err ---------------------------------

</system-err></testcase><testcase classname="tests.test_images" name="test_black_border_not_removed_png" time="50.502"><system-out>--------------------------------- Captured Log ---------------------------------

--------------------------------- Captured Out ---------------------------------
/home/runner/work/ocr-book/ocr-book/tests/black-border-not-removed.png
1606304247363033332 : Checking separation double page angle 89.9903688802698
1606304247363135733 : Checking separation double page y=0 2455
1606304254041256393 : Checking page rotation 1 0.0
1606304264598516856 : Checking page rotation 2 0.0
1606304266660598652 : Checking image 1 crop x1 297
1606304266660685953 : Checking image 1 crop y1 143
1606304266660756754 : Checking image 1 crop x2 2309
1606304266660798454 : Checking image 1 crop y2 3346
1606304269009438499 : Checking image 2 crop x1 156
1606304269009528700 : Checking image 2 crop y1 145
1606304269009591600 : Checking image 2 crop x2 2168
1606304269009650501 : Checking image 2 crop y2 3352
1606304269045751249 : Checking image 1 dpi 300
1606304269045852949 : Checking image 1 border top 130
1606304269045889449 : Checking image 1 border bottom 154
1606304269045939350 : Checking image 1 border left 224
1606304269045971150 : Checking image 1 border right 224
1606304269048993871 : Checking image 2 dpi 300
1606304269049056771 : Checking image 2 border top 139
1606304269049107772 : Checking image 2 border bottom 141
1606304269049174872 : Checking image 2 border left 224
1606304269049222172 : Checking image 2 border right 224

</system-out><system-err>--------------------------------- Captured Err ---------------------------------

</system-err></testcase><testcase classname="tests.test_images" name="test_image_failed_to_rotate_png" time="47.267"><system-out>--------------------------------- Captured Log ---------------------------------

--------------------------------- Captured Out ---------------------------------
/home/runner/work/ocr-book/ocr-book/tests/image_failed_to_rotate.png
1606304253573939941 : Checking separation double page angle 90.0773386736121
1606304253574047142 : Checking separation double page y=0 2477
1606304258858976779 : Checking page rotation 1 0.4
1606304267131103521 : Checking page rotation 2 0.45
1606304278325238005 : Checking image 1 crop x1 34
1606304278325321505 : Checking image 1 crop y1 1
1606304278325356905 : Checking image 1 crop x2 2475
1606304278325389106 : Checking image 1 crop y2 3500
1606304280468730161 : Checking image 2 crop x1 166
1606304280468819661 : Checking image 2 crop y1 234
1606304280468865061 : Checking image 2 crop x2 2245
1606304280468906762 : Checking image 2 crop y2 3355
1606304280512795450 : Checking image 1 dpi 300
1606304280512895251 : Checking image 1 border top 4
1606304280512934651 : Checking image 1 border bottom 4
1606304280512968352 : Checking image 1 border left 20
1606304280513001752 : Checking image 1 border right 20
1606304280515250667 : Checking image 2 dpi 300
1606304280515314367 : Checking image 2 border top 220
1606304280515349767 : Checking image 2 border bottom 146
1606304280515382867 : Checking image 2 border left 190
1606304280515415268 : Checking image 2 border right 190

</system-out><system-err>--------------------------------- Captured Err ---------------------------------

</system-err></testcase><testcase classname="tests.test_images" name="test_image_failed_to_crop_data_png" time="46.361"><system-out>--------------------------------- Captured Log ---------------------------------

--------------------------------- Captured Out ---------------------------------
/home/runner/work/ocr-book/ocr-book/tests/image_failed_to_crop_data.png
1606304291160429988 : Checking separation double page angle 90.11665174770214
1606304291160528389 : Checking separation double page y=0 2482
1606304296755729656 : Checking page rotation 1 0.2
1606304302328823702 : Checking page rotation 2 0.0
1606304313296303581 : Checking image 1 crop x1 58
1606304313296397481 : Checking image 1 crop y1 7
1606304313296438181 : Checking image 1 crop x2 2480
1606304313296475882 : Checking image 1 crop y2 3505
1606304315294056258 : Checking image 2 crop x1 162
1606304315294146958 : Checking image 2 crop y1 217
1606304315294194459 : Checking image 2 crop x2 2244
1606304315294237759 : Checking image 2 crop y2 3350
1606304315328245060 : Checking image 1 dpi 300
1606304315328327861 : Checking image 1 border top 5
1606304315328369161 : Checking image 1 border bottom 5
1606304315328405661 : Checking image 1 border left 29
1606304315328441562 : Checking image 1 border right 29
1606304315330888876 : Checking image 2 dpi 300
1606304315330951776 : Checking image 2 border top 225
1606304315330990677 : Checking image 2 border bottom 129
1606304315331027777 : Checking image 2 border left 189
1606304315331092077 : Checking image 2 border right 189

</system-out><system-err>--------------------------------- Captured Err ---------------------------------

</system-err></testcase><testcase classname="tests.test_images" name="test_wrong_angle_split_line_png" time="59.152"><system-out>--------------------------------- Captured Log ---------------------------------

--------------------------------- Captured Out ---------------------------------
/home/runner/work/ocr-book/ocr-book/tests/wrong_angle_split_line.png
1606304307032049958 : Checking separation double page angle 90.08422009258813
1606304307032147859 : Checking separation double page y=0 2487
1606304315083873812 : Checking page rotation 1 0.0
1606304324113457550 : Checking page rotation 2 0.0
1606304335593062766 : Checking image 1 crop x1 53
1606304335593151667 : Checking image 1 crop y1 8
1606304335593187567 : Checking image 1 crop x2 2485
1606304335593220267 : Checking image 1 crop y2 3505
1606304338789783002 : Checking image 2 crop x1 154
1606304338789881803 : Checking image 2 crop y1 217
1606304338789928203 : Checking image 2 crop x2 2237
1606304338789971003 : Checking image 2 crop y2 3350
1606304338952738224 : Checking image 1 dpi 300
1606304338952846925 : Checking image 1 border top 5
1606304338952884425 : Checking image 1 border bottom 5
1606304338952915325 : Checking image 1 border left 24
1606304338952945826 : Checking image 1 border right 24
1606304338967306507 : Checking image 2 dpi 300
1606304338967448608 : Checking image 2 border top 213
1606304338967485308 : Checking image 2 border bottom 141
1606304338967517608 : Checking image 2 border left 188
1606304338967549808 : Checking image 2 border right 188

</system-out><system-err>--------------------------------- Captured Err ---------------------------------

</system-err></testcase><testcase classname="tests.test_images" name="test_angle_page_lower_split_line_png" time="38.089"><system-out>--------------------------------- Captured Log ---------------------------------

--------------------------------- Captured Out ---------------------------------
/home/runner/work/ocr-book/ocr-book/tests/angle_page_lower_split_line.png
1606304330574941887 : Checking separation double page angle 89.74710364870903
1606304330575025588 : Checking separation double page y=0 2471
1606304341370836572 : Checking page rotation 1 -0.44999999999998863
1606304350092083064 : Checking page rotation 2 0.2
1606304351880239089 : Checking image 1 crop x1 245
1606304351880340190 : Checking image 1 crop y1 161
1606304351880382990 : Checking image 1 crop x2 2351
1606304351880422890 : Checking image 1 crop y2 3364
1606304353465080764 : Checking image 2 crop x1 153
1606304353465169165 : Checking image 2 crop y1 147
1606304353465212765 : Checking image 2 crop x2 2260
1606304353465253165 : Checking image 2 crop y2 3350
1606304353498559549 : Checking image 1 dpi 300
1606304353498662550 : Checking image 1 border top 132
1606304353498701150 : Checking image 1 border bottom 152
1606304353498734550 : Checking image 1 border left 177
1606304353498766951 : Checking image 1 border right 177
1606304353501404565 : Checking image 2 dpi 300
1606304353501471366 : Checking image 2 border top 116
1606304353501505366 : Checking image 2 border bottom 168
1606304353501537066 : Checking image 2 border left 176
1606304353501567766 : Checking image 2 border right 176

</system-out><system-err>--------------------------------- Captured Err ---------------------------------

</system-err></testcase><testcase classname="tests.test_images" name="test_wrong_split_line_png" time="38.668"><system-out>--------------------------------- Captured Log ---------------------------------

--------------------------------- Captured Out ---------------------------------
/home/runner/work/ocr-book/ocr-book/tests/wrong_split_line.png
1606304362148860021 : Checking separation double page angle 89.81531182790899
1606304362148948822 : Checking separation double page y=0 2465
1606304368552596112 : Checking page rotation 1 -0.04999999999999716
1606304375592479484 : Checking page rotation 2 0.6000000000000001
1606304377001272871 : Checking image 1 crop x1 211
1606304377001371671 : Checking image 1 crop y1 156
1606304377001430872 : Checking image 1 crop x2 2323
1606304377001479472 : Checking image 1 crop y2 3363
1606304378404491416 : Checking image 2 crop x1 124
1606304378404574016 : Checking image 2 crop y1 167
1606304378404613516 : Checking image 2 crop x2 2236
1606304378404650117 : Checking image 2 crop y2 3373
1606304378440886511 : Checking image 1 dpi 300
1606304378440990612 : Checking image 1 border top 116
1606304378441030212 : Checking image 1 border bottom 164
1606304378441063112 : Checking image 1 border left 174
1606304378441132213 : Checking image 1 border right 174
1606304378448240351 : Checking image 2 dpi 300
1606304378448350051 : Checking image 2 border top 142
1606304378448388952 : Checking image 2 border bottom 139
1606304378448442052 : Checking image 2 border left 174
1606304378448477252 : Checking image 2 border right 174

</system-out><system-err>--------------------------------- Captured Err ---------------------------------

</system-err></testcase><testcase classname="tests.test_images" name="test_crop_too_much_png" time="57.956"><system-out>--------------------------------- Captured Log ---------------------------------

--------------------------------- Captured Out ---------------------------------
/home/runner/work/ocr-book/ocr-book/tests/crop_too_much.png
1606304381179530608 : Checking separation double page angle 90.14985593620918
1606304381179673209 : Checking separation double page y=0 2457
1606304394911794473 : Checking page rotation 1 0.0
1606304406102139731 : Checking page rotation 2 0.4
1606304408942179150 : Checking image 1 crop x1 303
1606304408942266650 : Checking image 1 crop y1 148
1606304408942309151 : Checking image 1 crop x2 2313
1606304408942348251 : Checking image 1 crop y2 3351
1606304411403839460 : Checking image 2 crop x1 166
1606304411403933361 : Checking image 2 crop y1 154
1606304411403981061 : Checking image 2 crop x2 2180
1606304411404025261 : Checking image 2 crop y2 3360
1606304411449340699 : Checking image 1 dpi 300
1606304411449443899 : Checking image 1 border top 131
1606304411449483599 : Checking image 1 border bottom 153
1606304411449516799 : Checking image 1 border left 225
1606304411449549000 : Checking image 1 border right 225
1606304411452233114 : Checking image 2 dpi 300
1606304411452324614 : Checking image 2 border top 138
1606304411452360014 : Checking image 2 border bottom 143
1606304411452392615 : Checking image 2 border left 223
1606304411452425715 : Checking image 2 border right 223

</system-out><system-err>--------------------------------- Captured Err ---------------------------------

</system-err></testcase><testcase classname="tests.test_images" name="test_crop_too_few_png" time="40.850"><system-out>--------------------------------- Captured Log ---------------------------------

--------------------------------- Captured Out ---------------------------------
/home/runner/work/ocr-book/ocr-book/tests/crop_too_few.png
1606304403018239201 : Checking separation double page angle 89.22405802376838
1606304403018318201 : Checking separation double page y=0 2508
1606304409621155113 : Checking page rotation 1 -0.75
1606304416258964369 : Checking page rotation 2 0.0
1606304417825235252 : Checking image 1 crop x1 265
1606304417825398753 : Checking image 1 crop y1 152
1606304417825501253 : Checking image 1 crop x2 2375
1606304417825543254 : Checking image 1 crop y2 3356
1606304419272578607 : Checking image 2 crop x1 141
1606304419272729308 : Checking image 2 crop y1 141
1606304419272777108 : Checking image 2 crop x2 2263
1606304419272838208 : Checking image 2 crop y2 3345
1606304419302846465 : Checking image 1 dpi 300
1606304419302953666 : Checking image 1 border top 116
1606304419302989666 : Checking image 1 border bottom 167
1606304419303020366 : Checking image 1 border left 175
1606304419303167267 : Checking image 1 border right 175
1606304419306144382 : Checking image 2 dpi 300
1606304419306215783 : Checking image 2 border top 140
1606304419306249383 : Checking image 2 border bottom 143
1606304419306297083 : Checking image 2 border left 169
1606304419306326083 : Checking image 2 border right 169

</system-out><system-err>--------------------------------- Captured Err ---------------------------------

</system-err></testcase><testcase classname="tests.test_images" name="test_crop_too_much_2_png" time="48.064"><system-out>--------------------------------- Captured Log ---------------------------------

--------------------------------- Captured Out ---------------------------------
/home/runner/work/ocr-book/ocr-book/tests/crop_too_much_2.png
1606304433070208664 : Checking separation double page angle 90.11877656502412
1606304433070303664 : Checking separation double page y=0 2476
1606304442434417220 : Checking page rotation 1 0.2
1606304454211407031 : Checking page rotation 2 0.2
1606304456796696027 : Checking image 1 crop x1 332
1606304456796797628 : Checking image 1 crop y1 131
1606304456796838528 : Checking image 1 crop x2 2342
1606304456796877128 : Checking image 1 crop y2 3336
1606304459459513012 : Checking image 2 crop x1 164
1606304459459708613 : Checking image 2 crop y1 139
1606304459459811114 : Checking image 2 crop x2 2177
1606304459459861714 : Checking image 2 crop y2 3345
1606304459510484374 : Checking image 1 dpi 300
1606304459510624975 : Checking image 1 border top 116
1606304459510663075 : Checking image 1 border bottom 166
1606304459510695275 : Checking image 1 border left 225
1606304459510727275 : Checking image 1 border right 225
1606304459513836591 : Checking image 2 dpi 300
1606304459513889792 : Checking image 2 border top 133
1606304459513921992 : Checking image 2 border bottom 148
1606304459513951792 : Checking image 2 border left 223
1606304459513981392 : Checking image 2 border right 223

</system-out><system-err>--------------------------------- Captured Err ---------------------------------

</system-err></testcase></testsuite></testsuites>