<?xml version="1.0" encoding="utf-8"?><testsuites><testsuite errors="0" failures="0" hostname="fv-az71-140" name="pytest" skipped="0" tests="20" time="396.594" timestamp="2020-11-27T17:20:05.172481"><testcase classname="tests.test_features" name="test_mock_stop_at_0" time="0.050"><system-out>--------------------------------- Captured Log ---------------------------------

--------------------------------- Captured Out ---------------------------------
/home/runner/work/ocr-book/ocr-book/tests/0001_0.png

</system-out><system-err>--------------------------------- Captured Err ---------------------------------

</system-err></testcase><testcase classname="tests.test_features" name="test_disabled_enable_debug" time="26.253"><system-out>--------------------------------- Captured Log ---------------------------------

--------------------------------- Captured Out ---------------------------------
/home/runner/work/ocr-book/ocr-book/tests/0001_debug.png
separation double page angle 90.53945493634917
separation double page y=0 2485
page rotation 1 0.75
page rotation 2 0.2
image 1 crop x1 330
image 1 crop y1 336
image 1 crop x2 2343
image 1 crop y2 3223
image 2 crop x1 169
image 2 crop y1 648
image 2 crop x2 2186
image 2 crop y2 3361
image 1 dpi 300
image 1 border top 340
image 1 border bottom 260
image 1 border left 223
image 1 border right 223
image 2 dpi 300
image 2 border top 646
image 2 border bottom 128
image 2 border left 221
image 2 border right 221

</system-out><system-err>--------------------------------- Captured Err ---------------------------------

</system-err></testcase><testcase classname="tests.test_features" name="test_mock_stop_at_2" time="35.486"><system-out>--------------------------------- Captured Log ---------------------------------

--------------------------------- Captured Out ---------------------------------
/home/runner/work/ocr-book/ocr-book/tests/0001_2.png
separation double page angle 90.53945493634917
separation double page y=0 2485
page rotation 1 0.75
page rotation 2 0.2

</system-out><system-err>--------------------------------- Captured Err ---------------------------------

</system-err></testcase><testcase classname="tests.test_features" name="test_mock_stop_at_1" time="20.384"><system-out>--------------------------------- Captured Log ---------------------------------

--------------------------------- Captured Out ---------------------------------
/home/runner/work/ocr-book/ocr-book/tests/0001_1.png
separation double page angle 90.53945493634917
separation double page y=0 2485

</system-out><system-err>--------------------------------- Captured Err ---------------------------------

</system-err></testcase><testcase classname="tests.test_features" name="test_mock_stop_at_4" time="36.806"><system-out>--------------------------------- Captured Log ---------------------------------

--------------------------------- Captured Out ---------------------------------
/home/runner/work/ocr-book/ocr-book/tests/0001_4.png
separation double page angle 90.53945493634917
separation double page y=0 2485
page rotation 1 0.75
page rotation 2 0.2
image 1 crop x1 330
image 1 crop y1 336
image 1 crop x2 2343
image 1 crop y2 3223
image 2 crop x1 169
image 2 crop y1 648
image 2 crop x2 2186
image 2 crop y2 3361
image 1 dpi 300
image 1 border top 340
image 1 border bottom 260
image 1 border left 223
image 1 border right 223
image 2 dpi 300
image 2 border top 646
image 2 border bottom 128
image 2 border left 221
image 2 border right 221

</system-out><system-err>--------------------------------- Captured Err ---------------------------------

</system-err></testcase><testcase classname="tests.test_features" name="test_mock_stop_at_3" time="37.698"><system-out>--------------------------------- Captured Log ---------------------------------

--------------------------------- Captured Out ---------------------------------
/home/runner/work/ocr-book/ocr-book/tests/0001_3.png
separation double page angle 90.53945493634917
separation double page y=0 2485
page rotation 1 0.75
page rotation 2 0.2
image 1 crop x1 330
image 1 crop y1 336
image 1 crop x2 2343
image 1 crop y2 3223
image 2 crop x1 169
image 2 crop y1 648
image 2 crop x2 2186
image 2 crop y2 3361

</system-out><system-err>--------------------------------- Captured Err ---------------------------------

</system-err></testcase><testcase classname="tests.test_features" name="test_mock_stop_at_5" time="37.735"><system-out>--------------------------------- Captured Log ---------------------------------

--------------------------------- Captured Out ---------------------------------
/home/runner/work/ocr-book/ocr-book/tests/0001_5.png
separation double page angle 90.53945493634917
separation double page y=0 2485
page rotation 1 0.75
page rotation 2 0.2
image 1 crop x1 330
image 1 crop y1 336
image 1 crop x2 2343
image 1 crop y2 3223
image 2 crop x1 169
image 2 crop y1 648
image 2 crop x2 2186
image 2 crop y2 3361
image 1 dpi 300
image 1 border top 340
image 1 border bottom 260
image 1 border left 223
image 1 border right 223
image 2 dpi 300
image 2 border top 646
image 2 border bottom 128
image 2 border left 221
image 2 border right 221

</system-out><system-err>--------------------------------- Captured Err ---------------------------------

</system-err></testcase><testcase classname="tests.test_images" name="test_0001_png" time="38.339"><system-out>--------------------------------- Captured Log ---------------------------------

--------------------------------- Captured Out ---------------------------------
/home/runner/work/ocr-book/ocr-book/tests/0001.png
1606497710324288768 : Checking separation double page angle 90.53945493634917
1606497710324379136 : Checking separation double page y=0 2485
1606497716733350912 : Checking page rotation 1 0.75
1606497725268935680 : Checking page rotation 2 0.2
1606497726996704000 : Checking image 1 crop x1 330
1606497726996841984 : Checking image 1 crop y1 336
1606497726996909312 : Checking image 1 crop x2 2343
1606497726996951040 : Checking image 1 crop y2 3223
1606497728863769344 : Checking image 2 crop x1 169
1606497728863867648 : Checking image 2 crop y1 648
1606497728863911680 : Checking image 2 crop x2 2186
1606497728863953152 : Checking image 2 crop y2 3361
1606497728898777344 : Checking image 1 dpi 300
1606497728898902528 : Checking image 1 border top 340
1606497728898950656 : Checking image 1 border bottom 260
1606497728898980608 : Checking image 1 border left 223
1606497728899009536 : Checking image 1 border right 223
1606497728900700672 : Checking image 2 dpi 300
1606497728900771072 : Checking image 2 border top 646
1606497728900855552 : Checking image 2 border bottom 128
1606497728900894464 : Checking image 2 border left 221
1606497728900929536 : Checking image 2 border right 221

</system-out><system-err>--------------------------------- Captured Err ---------------------------------

</system-err></testcase><testcase classname="tests.test_images" name="test_black_border_not_removed_png" time="49.845"><system-out>--------------------------------- Captured Log ---------------------------------

--------------------------------- Captured Out ---------------------------------
/home/runner/work/ocr-book/ocr-book/tests/black-border-not-removed.png
1606497744029296640 : Checking separation double page angle 89.9903688802698
1606497744029390336 : Checking separation double page y=0 2455
1606497751473884928 : Checking page rotation 1 0.0
1606497761877652480 : Checking page rotation 2 0.0
1606497763804785152 : Checking image 1 crop x1 297
1606497763804924160 : Checking image 1 crop y1 143
1606497763804969728 : Checking image 1 crop x2 2309
1606497763805011712 : Checking image 1 crop y2 3346
1606497766141979136 : Checking image 2 crop x1 156
1606497766142079232 : Checking image 2 crop y1 145
1606497766142124800 : Checking image 2 crop x2 2168
1606497766142168064 : Checking image 2 crop y2 3352
1606497766179505408 : Checking image 1 dpi 300
1606497766179631872 : Checking image 1 border top 130
1606497766179674112 : Checking image 1 border bottom 154
1606497766179712256 : Checking image 1 border left 224
1606497766179748864 : Checking image 1 border right 224
1606497766181856512 : Checking image 2 dpi 300
1606497766181981696 : Checking image 2 border top 139
1606497766182019584 : Checking image 2 border bottom 141
1606497766182056192 : Checking image 2 border left 224
1606497766182092800 : Checking image 2 border right 224

</system-out><system-err>--------------------------------- Captured Err ---------------------------------

</system-err></testcase><testcase classname="tests.test_images" name="test_2_pages_2_contours_png" time="25.386"><system-out>--------------------------------- Captured Log ---------------------------------

--------------------------------- Captured Out ---------------------------------
/home/runner/work/ocr-book/ocr-book/tests/2-pages-2-contours.png
1606497742784892160 : Checking separation double page angle 90.15647898380502
1606497742784986112 : Checking separation double page y=0 2489
1606497745048260096 : Checking page rotation 1 0.05
1606497751737538304 : Checking page rotation 2 0.35000000000000003
1606497752584387072 : Checking image 1 crop x1 1190
1606497752584477952 : Checking image 1 crop y1 1733
1606497752584513536 : Checking image 1 crop x2 1191
1606497752584546304 : Checking image 1 crop y2 1734
1606497754269800192 : Checking image 2 crop x1 102
1606497754269900544 : Checking image 2 crop y1 240
1606497754269942528 : Checking image 2 crop x2 2149
1606497754269982720 : Checking image 2 crop y2 3239
1606497754303449088 : Checking image 1 dpi 300
1606497754303552000 : Checking image 1 border top 1752
1606497754303584000 : Checking image 1 border bottom 1753
1606497754303611392 : Checking image 1 border left 1239
1606497754303638528 : Checking image 1 border right 1239
1606497754304907776 : Checking image 2 dpi 300
1606497754305003520 : Checking image 2 border top 231
1606497754305038848 : Checking image 2 border bottom 257
1606497754305072384 : Checking image 2 border left 206
1606497754305104896 : Checking image 2 border right 206

</system-out><system-err>--------------------------------- Captured Err ---------------------------------

</system-err></testcase><testcase classname="tests.test_images" name="test_image_failed_to_crop_data_png" time="43.523"><system-out>--------------------------------- Captured Log ---------------------------------

--------------------------------- Captured Out ---------------------------------
/home/runner/work/ocr-book/ocr-book/tests/image_failed_to_crop_data.png
1606497774260904192 : Checking separation double page angle 89.92253619365697
1606497774261011968 : Checking separation double page y=0 2478
1606497779823025152 : Checking page rotation 1 0.2
1606497785488587520 : Checking page rotation 2 0.05
1606497795898502656 : Checking image 1 crop x1 58
1606497795898597888 : Checking image 1 crop y1 8
1606497795898635264 : Checking image 1 crop x2 2480
1606497795898670848 : Checking image 1 crop y2 3504
1606497797702059008 : Checking image 2 crop x1 159
1606497797702156800 : Checking image 2 crop y1 217
1606497797702201344 : Checking image 2 crop x2 2240
1606497797702243584 : Checking image 2 crop y2 3350
1606497797741286144 : Checking image 1 dpi 300
1606497797741408000 : Checking image 1 border top 6
1606497797741449728 : Checking image 1 border bottom 6
1606497797741486336 : Checking image 1 border left 29
1606497797741521920 : Checking image 1 border right 29
1606497797743309056 : Checking image 2 dpi 300
1606497797743403008 : Checking image 2 border top 224
1606497797743441408 : Checking image 2 border bottom 130
1606497797743477760 : Checking image 2 border left 189
1606497797743513600 : Checking image 2 border right 189

</system-out><system-err>--------------------------------- Captured Err ---------------------------------

</system-err></testcase><testcase classname="tests.test_images" name="test_image_failed_to_rotate_png" time="43.767"><system-out>--------------------------------- Captured Log ---------------------------------

--------------------------------- Captured Out ---------------------------------
/home/runner/work/ocr-book/ocr-book/tests/image_failed_to_rotate.png
1606497783896126208 : Checking separation double page angle 90.20338406922784
1606497783896217856 : Checking separation double page y=0 2484
1606497789090807296 : Checking page rotation 1 0.35000000000000003
1606497796688976896 : Checking page rotation 2 0.45
1606497807700359936 : Checking image 1 crop x1 34
1606497807700463616 : Checking image 1 crop y1 1
1606497807700504576 : Checking image 1 crop x2 2482
1606497807700543232 : Checking image 1 crop y2 3500
1606497809795831296 : Checking image 2 crop x1 167
1606497809795931392 : Checking image 2 crop y1 234
1606497809795976192 : Checking image 2 crop x2 2246
1606497809796019712 : Checking image 2 crop y2 3355
1606497809839050496 : Checking image 1 dpi 300
1606497809839173632 : Checking image 1 border top 4
1606497809839214592 : Checking image 1 border bottom 4
1606497809839251712 : Checking image 1 border left 16
1606497809839288320 : Checking image 1 border right 16
1606497809841217536 : Checking image 2 dpi 300
1606497809841331200 : Checking image 2 border top 220
1606497809841367552 : Checking image 2 border bottom 146
1606497809841401600 : Checking image 2 border left 190
1606497809841434624 : Checking image 2 border right 190

</system-out><system-err>--------------------------------- Captured Err ---------------------------------

</system-err></testcase><testcase classname="tests.test_images" name="test_wrong_angle_split_line_png" time="55.404"><system-out>--------------------------------- Captured Log ---------------------------------

--------------------------------- Captured Out ---------------------------------
/home/runner/work/ocr-book/ocr-book/tests/wrong_angle_split_line.png
1606497821607273728 : Checking separation double page angle 90.05359445329964
1606497821607377920 : Checking separation double page y=0 2482
1606497829456243712 : Checking page rotation 1 0.0
1606497838131841024 : Checking page rotation 2 0.2
1606497849438903808 : Checking image 1 crop x1 53
1606497849439014400 : Checking image 1 crop y1 8
1606497849439053824 : Checking image 1 crop x2 2475
1606497849439091712 : Checking image 1 crop y2 3505
1606497852310844928 : Checking image 2 crop x1 161
1606497852310948608 : Checking image 2 crop y1 219
1606497852310989312 : Checking image 2 crop x2 2237
1606497852311028480 : Checking image 2 crop y2 3348
1606497852478456576 : Checking image 1 dpi 300
1606497852478600192 : Checking image 1 border top 5
1606497852478641408 : Checking image 1 border bottom 5
1606497852478678528 : Checking image 1 border left 29
1606497852478714368 : Checking image 1 border right 29
1606497852490156288 : Checking image 2 dpi 300
1606497852490289152 : Checking image 2 border top 211
1606497852490325248 : Checking image 2 border bottom 147
1606497852490359040 : Checking image 2 border left 192
1606497852490392064 : Checking image 2 border right 192

</system-out><system-err>--------------------------------- Captured Err ---------------------------------

</system-err></testcase><testcase classname="tests.test_images" name="test_angle_page_lower_split_line_png" time="32.699"><system-out>--------------------------------- Captured Log ---------------------------------

--------------------------------- Captured Out ---------------------------------
/home/runner/work/ocr-book/ocr-book/tests/angle_page_lower_split_line.png
1606497823808417792 : Checking separation double page angle 89.74710364870903
1606497823808505344 : Checking separation double page y=0 2471
1606497832198108160 : Checking page rotation 1 -0.44999999999998863
1606497839172442624 : Checking page rotation 2 0.2
1606497841018305536 : Checking image 1 crop x1 245
1606497841018396160 : Checking image 1 crop y1 161
1606497841018432768 : Checking image 1 crop x2 2351
1606497841018467328 : Checking image 1 crop y2 3364
1606497842607949568 : Checking image 2 crop x1 153
1606497842608053760 : Checking image 2 crop y1 147
1606497842608099328 : Checking image 2 crop x2 2260
1606497842608142336 : Checking image 2 crop y2 3350
1606497842646780672 : Checking image 1 dpi 300
1606497842646908928 : Checking image 1 border top 132
1606497842646950400 : Checking image 1 border bottom 152
1606497842646988032 : Checking image 1 border left 177
1606497842647024896 : Checking image 1 border right 177
1606497842648894720 : Checking image 2 dpi 300
1606497842649002752 : Checking image 2 border top 116
1606497842649041408 : Checking image 2 border bottom 168
1606497842649077504 : Checking image 2 border left 176
1606497842649112832 : Checking image 2 border right 176

</system-out><system-err>--------------------------------- Captured Err ---------------------------------

</system-err></testcase><testcase classname="tests.test_images" name="test_crop_too_much_png" time="54.973"><system-out>--------------------------------- Captured Log ---------------------------------

--------------------------------- Captured Out ---------------------------------
/home/runner/work/ocr-book/ocr-book/tests/crop_too_much.png
1606497868495739392 : Checking separation double page angle 90.14985593620918
1606497868495836928 : Checking separation double page y=0 2457
1606497880579104000 : Checking page rotation 1 0.0
1606497892357151488 : Checking page rotation 2 0.4
1606497895058321152 : Checking image 1 crop x1 303
1606497895058421760 : Checking image 1 crop y1 148
1606497895058464256 : Checking image 1 crop x2 2313
1606497895058504704 : Checking image 1 crop y2 3351
1606497897564409344 : Checking image 2 crop x1 166
1606497897564500736 : Checking image 2 crop y1 154
1606497897564537344 : Checking image 2 crop x2 2180
1606497897564571648 : Checking image 2 crop y2 3360
1606497897609448960 : Checking image 1 dpi 300
1606497897609573120 : Checking image 1 border top 131
1606497897609611520 : Checking image 1 border bottom 153
1606497897609646848 : Checking image 1 border left 225
1606497897609681408 : Checking image 1 border right 225
1606497897611536384 : Checking image 2 dpi 300
1606497897611646720 : Checking image 2 border top 138
1606497897611678464 : Checking image 2 border bottom 143
1606497897611708416 : Checking image 2 border left 223
1606497897611737344 : Checking image 2 border right 223

</system-out><system-err>--------------------------------- Captured Err ---------------------------------

</system-err></testcase><testcase classname="tests.test_images" name="test_wrong_split_line_png" time="34.668"><system-out>--------------------------------- Captured Log ---------------------------------

--------------------------------- Captured Out ---------------------------------
/home/runner/work/ocr-book/ocr-book/tests/wrong_split_line.png
1606497873035638528 : Checking separation double page angle 89.81531182790899
1606497873035736576 : Checking separation double page y=0 2465
1606497878877778176 : Checking page rotation 1 -0.04999999999999716
1606497885052954368 : Checking page rotation 2 0.6000000000000001
1606497886459868672 : Checking image 1 crop x1 211
1606497886459967232 : Checking image 1 crop y1 156
1606497886460011520 : Checking image 1 crop x2 2323
1606497886460053760 : Checking image 1 crop y2 3363
1606497887870525440 : Checking image 2 crop x1 124
1606497887870623744 : Checking image 2 crop y1 167
1606497887870668544 : Checking image 2 crop x2 2236
1606497887870711040 : Checking image 2 crop y2 3373
1606497887905740288 : Checking image 1 dpi 300
1606497887905859584 : Checking image 1 border top 116
1606497887905897472 : Checking image 1 border bottom 164
1606497887905931776 : Checking image 1 border left 174
1606497887905965312 : Checking image 1 border right 174
1606497887907766016 : Checking image 2 dpi 300
1606497887907866368 : Checking image 2 border top 142
1606497887907902976 : Checking image 2 border bottom 139
1606497887907936256 : Checking image 2 border left 174
1606497887907969536 : Checking image 2 border right 174

</system-out><system-err>--------------------------------- Captured Err ---------------------------------

</system-err></testcase><testcase classname="tests.test_images" name="test_crop_too_much_2_png" time="52.860"><system-out>--------------------------------- Captured Log ---------------------------------

--------------------------------- Captured Out ---------------------------------
/home/runner/work/ocr-book/ocr-book/tests/crop_too_much_2.png
1606497909479703040 : Checking separation double page angle 90.15230317635223
1606497909479805184 : Checking separation double page y=0 2476
1606497920941810432 : Checking page rotation 1 0.2
1606497934831000064 : Checking page rotation 2 0.2
1606497937600229888 : Checking image 1 crop x1 332
1606497937600313856 : Checking image 1 crop y1 131
1606497937600363008 : Checking image 1 crop x2 2342
1606497937600396800 : Checking image 1 crop y2 3336
1606497940666254336 : Checking image 2 crop x1 166
1606497940666357248 : Checking image 2 crop y1 139
1606497940666401792 : Checking image 2 crop x2 2179
1606497940666443520 : Checking image 2 crop y2 3345
1606497940725719296 : Checking image 1 dpi 300
1606497940725833728 : Checking image 1 border top 116
1606497940725885952 : Checking image 1 border bottom 166
1606497940725920256 : Checking image 1 border left 225
1606497940725954048 : Checking image 1 border right 225
1606497940727759616 : Checking image 2 dpi 300
1606497940727859200 : Checking image 2 border top 133
1606497940729650176 : Checking image 2 border bottom 148
1606497940729707776 : Checking image 2 border left 223
1606497940729746432 : Checking image 2 border right 223

</system-out><system-err>--------------------------------- Captured Err ---------------------------------

</system-err></testcase><testcase classname="tests.test_images" name="test_crop_too_few_png" time="39.464"><system-out>--------------------------------- Captured Log ---------------------------------

--------------------------------- Captured Out ---------------------------------
/home/runner/work/ocr-book/ocr-book/tests/crop_too_few.png
1606497920293886720 : Checking separation double page angle 89.22405802376838
1606497920294005760 : Checking separation double page y=0 2508
1606497927051730944 : Checking page rotation 1 -0.75
1606497934248016128 : Checking page rotation 2 0.0
1606497935702904064 : Checking image 1 crop x1 265
1606497935703004160 : Checking image 1 crop y1 152
1606497935703048704 : Checking image 1 crop x2 2375
1606497935703091200 : Checking image 1 crop y2 3356
1606497937068928256 : Checking image 2 crop x1 141
1606497937069029376 : Checking image 2 crop y1 141
1606497937069074432 : Checking image 2 crop x2 2263
1606497937069117184 : Checking image 2 crop y2 3345
1606497937103462912 : Checking image 1 dpi 300
1606497937103570944 : Checking image 1 border top 116
1606497937103609856 : Checking image 1 border bottom 167
1606497937103644416 : Checking image 1 border left 175
1606497937103678208 : Checking image 1 border right 175
1606497937105775872 : Checking image 2 dpi 300
1606497937105861888 : Checking image 2 border top 140
1606497937105893120 : Checking image 2 border bottom 143
1606497937105922304 : Checking image 2 border left 169
1606497937105951488 : Checking image 2 border right 169

</system-out><system-err>--------------------------------- Captured Err ---------------------------------

</system-err></testcase><testcase classname="tests.test_images" name="test_small_wave_png" time="60.998"><system-out>--------------------------------- Captured Log ---------------------------------

--------------------------------- Captured Out ---------------------------------
/home/runner/work/ocr-book/ocr-book/tests/small_wave.png
1606497973490633472 : Checking separation double page angle 90.61571618681424
1606497973490729216 : Checking separation double page y=0 2496
1606497984296549120 : Checking page rotation 1 0.7000000000000001
1606497994290723328 : Checking page rotation 2 0.75
1606497996206768384 : Checking image 1 crop x1 322
1606497996206885888 : Checking image 1 crop y1 199
1606497996206931712 : Checking image 1 crop x2 2351
1606497996206974720 : Checking image 1 crop y2 3394
1606497998030171392 : Checking image 2 crop x1 134
1606497998030267904 : Checking image 2 crop y1 224
1606497998030312192 : Checking image 2 crop x2 2162
1606497998030354688 : Checking image 2 crop y2 3419
1606497998072676096 : Checking image 1 dpi 300
1606497998072826112 : Checking image 1 border top 177
1606497998072871168 : Checking image 1 border bottom 115
1606497998072908544 : Checking image 1 border left 215
1606497998072944896 : Checking image 1 border right 215
1606497998075020032 : Checking image 2 dpi 300
1606497998075119360 : Checking image 2 border top 192
1606497998075158528 : Checking image 2 border bottom 100
1606497998075194624 : Checking image 2 border left 216
1606497998075230208 : Checking image 2 border right 216

</system-out><system-err>--------------------------------- Captured Err ---------------------------------

</system-err></testcase><testcase classname="tests.test_images" name="test_wrong_split_line_2_png" time="59.428"><system-out>--------------------------------- Captured Log ---------------------------------

--------------------------------- Captured Out ---------------------------------
/home/runner/work/ocr-book/ocr-book/tests/wrong_split_line_2.png
1606497969738852864 : Checking separation double page angle 90.26399910182965
1606497969738950656 : Checking separation double page y=0 2436
1606497981559062272 : Checking page rotation 1 0.2
1606497994079586816 : Checking page rotation 2 0.35000000000000003
1606497996960217344 : Checking image 1 crop x1 294
1606497996960313088 : Checking image 1 crop y1 136
1606497996960357632 : Checking image 1 crop x2 2325
1606497996960399104 : Checking image 1 crop y2 3376
1606498000131657728 : Checking image 2 crop x1 144
1606498000131753216 : Checking image 2 crop y1 193
1606498000131796224 : Checking image 2 crop x2 2173
1606498000131837952 : Checking image 2 crop y2 3387
1606498000178472960 : Checking image 1 dpi 300
1606498000178599680 : Checking image 1 border top 128
1606498000178637568 : Checking image 1 border bottom 119
1606498000178670848 : Checking image 1 border left 214
1606498000178703872 : Checking image 1 border right 214
1606498000180473344 : Checking image 2 dpi 300
1606498000180562432 : Checking image 2 border top 184
1606498000180593152 : Checking image 2 border bottom 109
1606498000180622336 : Checking image 2 border left 215
1606498000180669952 : Checking image 2 border right 215

</system-out><system-err>--------------------------------- Captured Err ---------------------------------

</system-err></testcase></testsuite></testsuites>