<?xml version="1.0" encoding="utf-8"?><testsuites><testsuite errors="0" failures="0" hostname="fv-az105-775" name="pytest" skipped="0" tests="36" time="386.387" timestamp="2021-01-24T16:55:38.062934"><testcase classname="tests.test_features" name="test_mock_stop_at_0" time="0.051"><system-out>--------------------------------- Captured Log ---------------------------------

--------------------------------- Captured Out ---------------------------------
/home/runner/work/ocr-book/ocr-book/tests/0001_0.png

</system-out><system-err>--------------------------------- Captured Err ---------------------------------

</system-err></testcase><testcase classname="tests.test_features" name="test_disabled_enable_debug" time="22.611"><system-out>--------------------------------- Captured Log ---------------------------------

--------------------------------- Captured Out ---------------------------------
/home/runner/work/ocr-book/ocr-book/tests/0001_debug.png
separation double page angle 90.55756528497216
separation double page y=0 2484
page rotation 1 0.65
page rotation 2 0.2
image 1 crop x1 329
image 1 crop y1 335
image 1 crop x2 2344
image 1 crop y2 3222
image 2 crop x1 171
image 2 crop y1 648
image 2 crop x2 2188
image 2 crop y2 3361
image 1 dpi 300
image 1 border top 327
image 1 border bottom 273
image 1 border left 222
image 1 border right 222
image 2 dpi 300
image 2 border top 643
image 2 border bottom 131
image 2 border left 221
image 2 border right 221

</system-out><system-err>--------------------------------- Captured Err ---------------------------------

</system-err></testcase><testcase classname="tests.test_features" name="test_mock_stop_at_2" time="15.712"><system-out>--------------------------------- Captured Log ---------------------------------

--------------------------------- Captured Out ---------------------------------
/home/runner/work/ocr-book/ocr-book/tests/0001_2.png
separation double page angle 90.55756528497216
separation double page y=0 2484
page rotation 1 0.65
page rotation 2 0.2

</system-out><system-err>--------------------------------- Captured Err ---------------------------------

</system-err></testcase><testcase classname="tests.test_features" name="test_mock_stop_at_4" time="21.682"><system-out>--------------------------------- Captured Log ---------------------------------

--------------------------------- Captured Out ---------------------------------
/home/runner/work/ocr-book/ocr-book/tests/0001_4.png
separation double page angle 90.55756528497216
separation double page y=0 2484
page rotation 1 0.65
page rotation 2 0.2
image 1 crop x1 329
image 1 crop y1 335
image 1 crop x2 2344
image 1 crop y2 3222
image 2 crop x1 171
image 2 crop y1 648
image 2 crop x2 2188
image 2 crop y2 3361
image 1 dpi 300
image 1 border top 326
image 1 border bottom 274
image 1 border left 222
image 1 border right 222
image 2 dpi 300
image 2 border top 643
image 2 border bottom 131
image 2 border left 221
image 2 border right 221

</system-out><system-err>--------------------------------- Captured Err ---------------------------------

</system-err></testcase><testcase classname="tests.test_features" name="test_mock_stop_at_1" time="12.701"><system-out>--------------------------------- Captured Log ---------------------------------

--------------------------------- Captured Out ---------------------------------
/home/runner/work/ocr-book/ocr-book/tests/0001_1.png
separation double page angle 90.55756528497216
separation double page y=0 2484

</system-out><system-err>--------------------------------- Captured Err ---------------------------------

</system-err></testcase><testcase classname="tests.test_features" name="test_mock_stop_at_3" time="21.930"><system-out>--------------------------------- Captured Log ---------------------------------

--------------------------------- Captured Out ---------------------------------
/home/runner/work/ocr-book/ocr-book/tests/0001_3.png
separation double page angle 90.55756528497216
separation double page y=0 2484
page rotation 1 0.65
page rotation 2 0.2
image 1 crop x1 329
image 1 crop y1 335
image 1 crop x2 2344
image 1 crop y2 3222
image 2 crop x1 171
image 2 crop y1 648
image 2 crop x2 2188
image 2 crop y2 3361

</system-out><system-err>--------------------------------- Captured Err ---------------------------------

</system-err></testcase><testcase classname="tests.test_images" name="test_0001_png" time="20.110"><system-out>--------------------------------- Captured Log ---------------------------------

--------------------------------- Captured Out ---------------------------------
/home/runner/work/ocr-book/ocr-book/tests/0001.png
1611507388388325150 : Checking separation double page angle 90.55756528497216
1611507388388478255 : Checking separation double page y=0 2484
1611507389444261594 : Checking page rotation 1 0.65
1611507390834260836 : Checking page rotation 2 0.2
1611507394018143513 : Checking image 1 crop x1 329
1611507394018245216 : Checking image 1 crop y1 335
1611507394018281517 : Checking image 1 crop x2 2344
1611507394018313118 : Checking image 1 crop y2 3222
1611507396682199791 : Checking image 2 crop x1 171
1611507396682313095 : Checking image 2 crop y1 648
1611507396682353496 : Checking image 2 crop x2 2188
1611507396682387197 : Checking image 2 crop y2 3361
1611507396682559203 : Checking image 1 dpi 300
1611507396682631506 : Checking image 1 border top 326
1611507396682666007 : Checking image 1 border bottom 274
1611507396682697108 : Checking image 1 border left 222
1611507396682729409 : Checking image 1 border right 222
1611507396685389999 : Checking image 2 dpi 300
1611507396685460402 : Checking image 2 border top 643
1611507396685510003 : Checking image 2 border bottom 131
1611507396685541504 : Checking image 2 border left 221
1611507396685571805 : Checking image 2 border right 221

</system-out><system-err>--------------------------------- Captured Err ---------------------------------

</system-err></testcase><testcase classname="tests.test_features" name="test_mock_stop_at_5" time="23.062"><system-out>--------------------------------- Captured Log ---------------------------------

--------------------------------- Captured Out ---------------------------------
/home/runner/work/ocr-book/ocr-book/tests/0001_5.png
separation double page angle 90.55756528497216
separation double page y=0 2484
page rotation 1 0.65
page rotation 2 0.2
image 1 crop x1 329
image 1 crop y1 335
image 1 crop x2 2344
image 1 crop y2 3222
image 2 crop x1 171
image 2 crop y1 648
image 2 crop x2 2188
image 2 crop y2 3361
image 1 dpi 300
image 1 border top 326
image 1 border bottom 274
image 1 border left 222
image 1 border right 222
image 2 dpi 300
image 2 border top 643
image 2 border bottom 131
image 2 border left 221
image 2 border right 221

</system-out><system-err>--------------------------------- Captured Err ---------------------------------

</system-err></testcase><testcase classname="tests.test_images" name="test_black_border_not_removed_png" time="22.676"><system-out>--------------------------------- Captured Log ---------------------------------

--------------------------------- Captured Out ---------------------------------
/home/runner/work/ocr-book/ocr-book/tests/black-border-not-removed.png
1611507408248203813 : Checking separation double page angle 90.01516396500199
1611507408248313817 : Checking separation double page y=0 2455
1611507409271612893 : Checking page rotation 1 0.0
1611507410815153003 : Checking page rotation 2 0.1
1611507413993615501 : Checking image 1 crop x1 297
1611507413993721104 : Checking image 1 crop y1 143
1611507413993759405 : Checking image 1 crop x2 2309
1611507413993792806 : Checking image 1 crop y2 3346
1611507419379881045 : Checking image 2 crop x1 154
1611507419380007049 : Checking image 2 crop y1 144
1611507419380061350 : Checking image 2 crop x2 2168
1611507419380099852 : Checking image 2 crop y2 3351
1611507419380272757 : Checking image 1 dpi 300
1611507419380360560 : Checking image 1 border top 131
1611507419380396661 : Checking image 1 border bottom 153
1611507419380429562 : Checking image 1 border left 224
1611507419380462463 : Checking image 1 border right 224
1611507419383009746 : Checking image 2 dpi 300
1611507419383071448 : Checking image 2 border top 133
1611507419383106050 : Checking image 2 border bottom 147
1611507419383137951 : Checking image 2 border left 223
1611507419383170052 : Checking image 2 border right 223

</system-out><system-err>--------------------------------- Captured Err ---------------------------------

</system-err></testcase><testcase classname="tests.test_images" name="test_image_failed_to_rotate_png" time="27.533"><system-out>--------------------------------- Captured Log ---------------------------------

--------------------------------- Captured Out ---------------------------------
/home/runner/work/ocr-book/ocr-book/tests/image_failed_to_rotate.png
1611507433872814050 : Checking separation double page angle 90.35651650869968
1611507433872922958 : Checking separation double page y=0 2483
1611507435769608714 : Checking page rotation 1 0.45
1611507437176352233 : Checking page rotation 2 0.2
1611507442957189320 : Checking image 1 crop x1 31
1611507442957343847 : Checking image 1 crop y1 1
1611507442957401058 : Checking image 1 crop x2 2481
1611507442957441565 : Checking image 1 crop y2 3504
1611507446802271412 : Checking image 2 crop x1 171
1611507446802383316 : Checking image 2 crop y1 231
1611507446802424518 : Checking image 2 crop x2 2259
1611507446802463219 : Checking image 2 crop y2 3358
1611507446802629924 : Checking image 1 dpi 300
1611507446802709827 : Checking image 1 border top 2
1611507446802749528 : Checking image 1 border bottom 2
1611507446802797130 : Checking image 1 border left 15
1611507446803170042 : Checking image 1 border right 15
1611507446805803331 : Checking image 2 dpi 300
1611507446805883233 : Checking image 2 border top 217
1611507446805922135 : Checking image 2 border bottom 143
1611507446805957536 : Checking image 2 border left 186
1611507446805992237 : Checking image 2 border right 186

</system-out><system-err>--------------------------------- Captured Err ---------------------------------

</system-err></testcase><testcase classname="tests.test_images" name="test_2_pages_2_contours_png" time="15.437"><system-out>--------------------------------- Captured Log ---------------------------------

--------------------------------- Captured Out ---------------------------------
/home/runner/work/ocr-book/ocr-book/tests/2-pages-2-contours.png
1611507429637782104 : Checking separation double page angle 90.14230271514262
1611507429637945209 : Checking separation double page y=0 2488
1611507430298189465 : Checking page rotation 1 0.0
1611507431354558173 : Checking page rotation 2 0.2
1611507432281898629 : Checking image 1 crop x1 1189
1611507432281997332 : Checking image 1 crop y1 1751
1611507432282034633 : Checking image 1 crop x2 1190
1611507432282067934 : Checking image 1 crop y2 1752
1611507434900423651 : Checking image 2 crop x1 100
1611507434900536759 : Checking image 2 crop y1 240
1611507434900578862 : Checking image 2 crop x2 2148
1611507434900616965 : Checking image 2 crop y2 3240
1611507434900789877 : Checking image 1 dpi 300
1611507434900870483 : Checking image 1 border top 1752
1611507434900908985 : Checking image 1 border bottom 1753
1611507434900946488 : Checking image 1 border left 1239
1611507434900983390 : Checking image 1 border right 1239
1611507434903040634 : Checking image 2 dpi 300
1611507434903104238 : Checking image 2 border top 230
1611507434903142441 : Checking image 2 border bottom 256
1611507434903177543 : Checking image 2 border left 206
1611507434903212646 : Checking image 2 border right 206

</system-out><system-err>--------------------------------- Captured Err ---------------------------------

</system-err></testcase><testcase classname="tests.test_images" name="test_wrong_split_line_png" time="18.658"><system-out>--------------------------------- Captured Log ---------------------------------

--------------------------------- Captured Out ---------------------------------
/home/runner/work/ocr-book/ocr-book/tests/wrong_split_line.png
1611507447684210123 : Checking separation double page angle 89.95895720607972
1611507447684313027 : Checking separation double page y=0 2466
1611507448863819595 : Checking page rotation 1 -0.04999999999999689
1611507449906644190 : Checking page rotation 2 0.45
1611507451378389406 : Checking image 1 crop x1 211
1611507451378511510 : Checking image 1 crop y1 156
1611507451378556712 : Checking image 1 crop x2 2323
1611507451378598113 : Checking image 1 crop y2 3363
1611507453558174322 : Checking image 2 crop x1 123
1611507453558297926 : Checking image 2 crop y1 164
1611507453558342727 : Checking image 2 crop x2 2237
1611507453558384029 : Checking image 2 crop y2 3375
1611507453558550835 : Checking image 1 dpi 300
1611507453558624337 : Checking image 1 border top 135
1611507453558663538 : Checking image 1 border bottom 145
1611507453558701240 : Checking image 1 border left 174
1611507453558737241 : Checking image 1 border right 174
1611507453561630941 : Checking image 2 dpi 300
1611507453561723644 : Checking image 2 border top 141
1611507453561763445 : Checking image 2 border bottom 135
1611507453561799547 : Checking image 2 border left 173
1611507453561836048 : Checking image 2 border right 173

</system-out><system-err>--------------------------------- Captured Err ---------------------------------

</system-err></testcase><testcase classname="tests.test_images" name="test_image_failed_to_crop_data_png" time="39.994"><system-out>--------------------------------- Captured Log ---------------------------------

--------------------------------- Captured Out ---------------------------------
/home/runner/work/ocr-book/ocr-book/tests/image_failed_to_crop_data.png
1611507465752187170 : Checking separation double page angle 90.09350257645173
1611507465752296258 : Checking separation double page y=0 2479
1611507470383004604 : Checking page rotation 1 0.15000000000000002
1611507471858582799 : Checking page rotation 2 0.05
1611507483355600080 : Checking image 1 crop x1 46
1611507483355723284 : Checking image 1 crop y1 1
1611507483355763786 : Checking image 1 crop x2 2477
1611507483355799987 : Checking image 1 crop y2 3505
1611507486842693267 : Checking image 2 crop x1 164
1611507486842811471 : Checking image 2 crop y1 217
1611507486842877573 : Checking image 2 crop x2 2245
1611507486842925175 : Checking image 2 crop y2 3350
1611507486843078380 : Checking image 1 dpi 300
1611507486843148182 : Checking image 1 border top 2
1611507486843183583 : Checking image 1 border bottom 2
1611507486843214384 : Checking image 1 border left 25
1611507486843244885 : Checking image 1 border right 25
1611507486845568462 : Checking image 2 dpi 300
1611507486845632264 : Checking image 2 border top 206
1611507486845664765 : Checking image 2 border bottom 148
1611507486845694866 : Checking image 2 border left 189
1611507486845724867 : Checking image 2 border right 189

</system-out><system-err>--------------------------------- Captured Err ---------------------------------

</system-err></testcase><testcase classname="tests.test_images" name="test_crop_too_much_png" time="25.769"><system-out>--------------------------------- Captured Log ---------------------------------

--------------------------------- Captured Out ---------------------------------
/home/runner/work/ocr-book/ocr-book/tests/crop_too_much.png
1611507467515819042 : Checking separation double page angle 90.16929865985193
1611507467515939246 : Checking separation double page y=0 2456
1611507469098022797 : Checking page rotation 1 -0.04999999999999689
1611507470730599887 : Checking page rotation 2 0.2
1611507474455693771 : Checking image 1 crop x1 302
1611507474455809275 : Checking image 1 crop y1 148
1611507474455848977 : Checking image 1 crop x2 2314
1611507474455882978 : Checking image 1 crop y2 3351
1611507479304709915 : Checking image 2 crop x1 163
1611507479304820719 : Checking image 2 crop y1 151
1611507479304860620 : Checking image 2 crop x2 2187
1611507479304896922 : Checking image 2 crop y2 3363
1611507479305039627 : Checking image 1 dpi 300
1611507479305106929 : Checking image 1 border top 133
1611507479305141330 : Checking image 1 border bottom 151
1611507479305174531 : Checking image 1 border left 224
1611507479305207233 : Checking image 1 border right 224
1611507479307940728 : Checking image 2 dpi 300
1611507479308006830 : Checking image 2 border top 132
1611507479308040631 : Checking image 2 border bottom 143
1611507479308071632 : Checking image 2 border left 218
1611507479308101933 : Checking image 2 border right 218

</system-out><system-err>--------------------------------- Captured Err ---------------------------------

</system-err></testcase><testcase classname="tests.test_images" name="test_crop_too_few_png" time="18.177"><system-out>--------------------------------- Captured Log ---------------------------------

--------------------------------- Captured Out ---------------------------------
/home/runner/work/ocr-book/ocr-book/tests/crop_too_few.png
1611507491781208917 : Checking separation double page angle 89.49492328400886
1611507491781326520 : Checking separation double page y=0 2510
1611507492752826809 : Checking page rotation 1 -0.6499999999999977
1611507493887417050 : Checking page rotation 2 0.0
1611507495940737013 : Checking image 1 crop x1 263
1611507495940857117 : Checking image 1 crop y1 150
1611507495940902219 : Checking image 1 crop x2 2377
1611507495940941920 : Checking image 1 crop y2 3357
1611507497515927961 : Checking image 2 crop x1 139
1611507497516054666 : Checking image 2 crop y1 141
1611507497516102367 : Checking image 2 crop x2 2261
1611507497516145569 : Checking image 2 crop y2 3345
1611507497516317275 : Checking image 1 dpi 300
1611507497516393577 : Checking image 1 border top 129
1611507497516446379 : Checking image 1 border bottom 150
1611507497516485381 : Checking image 1 border left 173
1611507497516523582 : Checking image 1 border right 173
1611507497519345479 : Checking image 2 dpi 300
1611507497519450583 : Checking image 2 border top 130
1611507497519519185 : Checking image 2 border bottom 153
1611507497519557286 : Checking image 2 border left 169
1611507497519594888 : Checking image 2 border right 169

</system-out><system-err>--------------------------------- Captured Err ---------------------------------

</system-err></testcase><testcase classname="tests.test_images" name="test_wrong_angle_split_line_png" time="24.664"><system-out>--------------------------------- Captured Log ---------------------------------

--------------------------------- Captured Out ---------------------------------
/home/runner/work/ocr-book/ocr-book/tests/wrong_angle_split_line.png
1611507497137476736 : Checking separation double page angle 90.08791528895468
1611507497137584139 : Checking separation double page y=0 2478
1611507498399679161 : Checking page rotation 1 0.1
1611507499662871613 : Checking page rotation 2 0.1
1611507505870514079 : Checking image 1 crop x1 58
1611507505870620782 : Checking image 1 crop y1 6
1611507505870659084 : Checking image 1 crop x2 2476
1611507505870693085 : Checking image 1 crop y2 3501
1611507510825232762 : Checking image 2 crop x1 166
1611507510825337165 : Checking image 2 crop y1 218
1611507510825373766 : Checking image 2 crop x2 2244
1611507510825406267 : Checking image 2 crop y2 3349
1611507510825566872 : Checking image 1 dpi 300
1611507510825640675 : Checking image 1 border top 6
1611507510825672976 : Checking image 1 border bottom 6
1611507510825703077 : Checking image 1 border left 31
1611507510825732078 : Checking image 1 border right 31
1611507510833526821 : Checking image 2 dpi 300
1611507510833635724 : Checking image 2 border top 209
1611507510833669125 : Checking image 2 border bottom 147
1611507510833697926 : Checking image 2 border left 191
1611507510833726427 : Checking image 2 border right 191

</system-out><system-err>--------------------------------- Captured Err ---------------------------------

</system-err></testcase><testcase classname="tests.test_images" name="test_crop_too_much_2_png" time="26.350"><system-out>--------------------------------- Captured Log ---------------------------------

--------------------------------- Captured Out ---------------------------------
/home/runner/work/ocr-book/ocr-book/tests/crop_too_much_2.png
1611507513344671989 : Checking separation double page angle 90.15285326123045
1611507513344782392 : Checking separation double page y=0 2477
1611507515009401015 : Checking page rotation 1 0.15000000000000002
1611507516798899992 : Checking page rotation 2 0.2
1611507519784062374 : Checking image 1 crop x1 330
1611507519784178078 : Checking image 1 crop y1 132
1611507519784217579 : Checking image 1 crop x2 2342
1611507519784251880 : Checking image 1 crop y2 3335
1611507523833778162 : Checking image 2 crop x1 165
1611507523833886865 : Checking image 2 crop y1 139
1611507523833941667 : Checking image 2 crop x2 2178
1611507523833979568 : Checking image 2 crop y2 3345
1611507523834134773 : Checking image 1 dpi 300
1611507523834208276 : Checking image 1 border top 121
1611507523834247077 : Checking image 1 border bottom 163
1611507523834284278 : Checking image 1 border left 224
1611507523834320380 : Checking image 1 border right 224
1611507523837311177 : Checking image 2 dpi 300
1611507523837389380 : Checking image 2 border top 129
1611507523837431081 : Checking image 2 border bottom 152
1611507523837468483 : Checking image 2 border left 223
1611507523837505884 : Checking image 2 border right 223

</system-out><system-err>--------------------------------- Captured Err ---------------------------------

</system-err></testcase><testcase classname="tests.test_images" name="test_angle_page_lower_split_line_png" time="25.536"><system-out>--------------------------------- Captured Log ---------------------------------

--------------------------------- Captured Out ---------------------------------
/home/runner/work/ocr-book/ocr-book/tests/angle_page_lower_split_line.png
1611507528716803195 : Checking separation double page angle 89.74412725181848
1611507528716911098 : Checking separation double page y=0 2472
1611507530248040557 : Checking page rotation 1 -0.14999999999999067
1611507531700166144 : Checking page rotation 2 0.1
1611507533524211891 : Checking image 1 crop x1 241
1611507533524392997 : Checking image 1 crop y1 156
1611507533524438998 : Checking image 1 crop x2 2357
1611507533524479700 : Checking image 1 crop y2 3368
1611507537120385402 : Checking image 2 crop x1 151
1611507537120500905 : Checking image 2 crop y1 146
1611507537120544607 : Checking image 2 crop x2 2261
1611507537120584208 : Checking image 2 crop y2 3351
1611507537120803315 : Checking image 1 dpi 300
1611507537120890018 : Checking image 1 border top 140
1611507537120930519 : Checking image 1 border bottom 135
1611507537120966420 : Checking image 1 border left 172
1611507537121001522 : Checking image 1 border right 172
1611507537123634507 : Checking image 2 dpi 300
1611507537123705309 : Checking image 2 border top 131
1611507537123741010 : Checking image 2 border bottom 151
1611507537123773611 : Checking image 2 border left 175
1611507537123805612 : Checking image 2 border right 175

</system-out><system-err>--------------------------------- Captured Err ---------------------------------

</system-err></testcase><testcase classname="tests.test_images" name="test_wrong_split_line_2_png" time="32.974"><system-out>--------------------------------- Captured Log ---------------------------------

--------------------------------- Captured Out ---------------------------------
/home/runner/work/ocr-book/ocr-book/tests/wrong_split_line_2.png
1611507540576697904 : Checking separation double page angle 90.23635161124103
1611507540576816907 : Checking separation double page y=0 2437
1611507542343831302 : Checking page rotation 1 0.2
1611507543936300457 : Checking page rotation 2 0.2
1611507549244846920 : Checking image 1 crop x1 294
1611507549244966624 : Checking image 1 crop y1 136
1611507549245007025 : Checking image 1 crop x2 2325
1611507549245045626 : Checking image 1 crop y2 3376
1611507556816741755 : Checking image 2 crop x1 138
1611507556816871860 : Checking image 2 crop y1 190
1611507556816919061 : Checking image 2 crop x2 2174
1611507556816961763 : Checking image 2 crop y2 3389
1611507556817133568 : Checking image 1 dpi 300
1611507556817212371 : Checking image 1 border top 131
1611507556817254272 : Checking image 1 border bottom 116
1611507556817294173 : Checking image 1 border left 214
1611507556817333275 : Checking image 1 border right 214
1611507556820345073 : Checking image 2 dpi 300
1611507556820453077 : Checking image 2 border top 181
1611507556820494778 : Checking image 2 border bottom 107
1611507556820532679 : Checking image 2 border left 212
1611507556820570881 : Checking image 2 border right 212

</system-out><system-err>--------------------------------- Captured Err ---------------------------------

</system-err></testcase><testcase classname="tests.test_images" name="test_wrong_wave_split_line_png" time="32.228"><system-out>--------------------------------- Captured Log ---------------------------------

--------------------------------- Captured Out ---------------------------------
/home/runner/work/ocr-book/ocr-book/tests/wrong_wave_split_line.png
1611507553092006220 : Checking separation double page angle 90.42461655762611
1611507553092125524 : Checking separation double page y=0 2502
1611507555273162424 : Checking page rotation 1 -0.09999999999999377
1611507556968161803 : Checking page rotation 2 0.85
1611507563060452822 : Checking image 1 crop x1 384
1611507563060581426 : Checking image 1 crop y1 178
1611507563060631828 : Checking image 1 crop x2 2412
1611507563060670529 : Checking image 1 crop y2 3374
1611507569342548874 : Checking image 2 crop x1 7
1611507569342670778 : Checking image 2 crop y1 0
1611507569342708879 : Checking image 2 crop x2 2411
1611507569342744681 : Checking image 2 crop y2 3505
1611507569342887585 : Checking image 1 dpi 300
1611507569342959188 : Checking image 1 border top 173
1611507569342993889 : Checking image 1 border bottom 118
1611507569343026090 : Checking image 1 border left 216
1611507569343056791 : Checking image 1 border right 216
1611507569345474370 : Checking image 2 dpi 300
1611507569345537672 : Checking image 2 border top 1
1611507569345572673 : Checking image 2 border bottom 1
1611507569345602874 : Checking image 2 border left 38
1611507569345633075 : Checking image 2 border right 38

</system-out><system-err>--------------------------------- Captured Err ---------------------------------

</system-err></testcase><testcase classname="tests.test_images" name="test_small_wave_png" time="23.390"><system-out>--------------------------------- Captured Log ---------------------------------

--------------------------------- Captured Out ---------------------------------
/home/runner/work/ocr-book/ocr-book/tests/small_wave.png
1611507573545857791 : Checking separation double page angle 90.56494929955075
1611507573545964494 : Checking separation double page y=0 2495
1611507575123682946 : Checking page rotation 1 0.7
1611507576527098179 : Checking page rotation 2 0.65
1611507578017945535 : Checking image 1 crop x1 322
1611507578018081940 : Checking image 1 crop y1 199
1611507578018126741 : Checking image 1 crop x2 2351
1611507578018165743 : Checking image 1 crop y2 3394
1611507580217808535 : Checking image 2 crop x1 130
1611507580217916639 : Checking image 2 crop y1 222
1611507580217955640 : Checking image 2 crop x2 2163
1611507580217991341 : Checking image 2 crop y2 3420
1611507580218142046 : Checking image 1 dpi 300
1611507580218206948 : Checking image 1 border top 181
1611507580218241350 : Checking image 1 border bottom 111
1611507580218274551 : Checking image 1 border left 215
1611507580218307252 : Checking image 1 border right 215
1611507580220891937 : Checking image 2 dpi 300
1611507580220959839 : Checking image 2 border top 197
1611507580220994540 : Checking image 2 border bottom 92
1611507580221025341 : Checking image 2 border left 213
1611507580221080943 : Checking image 2 border right 213

</system-out><system-err>--------------------------------- Captured Err ---------------------------------

</system-err></testcase><testcase classname="tests.test_images" name="test_no_split_line_line_algo_png" time="20.603"><system-out>--------------------------------- Captured Log ---------------------------------

--------------------------------- Captured Out ---------------------------------
/home/runner/work/ocr-book/ocr-book/tests/no_split_line_line_algo.png
1611507581131548049 : Checking separation double page angle 89.47691469185418
1611507581131655253 : Checking separation double page y=0 2476
1611507582213234498 : Checking page rotation 1 -0.14999999999999067
1611507583788478812 : Checking page rotation 2 -0.14999999999999067
1611507585704584163 : Checking image 1 crop x1 205
1611507585704687166 : Checking image 1 crop y1 158
1611507585704722767 : Checking image 1 crop x2 2320
1611507585704755369 : Checking image 1 crop y2 3366
1611507589961746497 : Checking image 2 crop x1 185
1611507589961883601 : Checking image 2 crop y1 225
1611507589961925202 : Checking image 2 crop x2 2204
1611507589961962604 : Checking image 2 crop y2 3362
1611507589962136609 : Checking image 1 dpi 300
1611507589962225812 : Checking image 1 border top 144
1611507589962260813 : Checking image 1 border bottom 134
1611507589962292814 : Checking image 1 border left 172
1611507589962324215 : Checking image 1 border right 172
1611507589965534420 : Checking image 2 dpi 300
1611507589965630423 : Checking image 2 border top 223
1611507589965679925 : Checking image 2 border bottom 127
1611507589965711926 : Checking image 2 border left 220
1611507589965743227 : Checking image 2 border right 220

</system-out><system-err>--------------------------------- Captured Err ---------------------------------

</system-err></testcase><testcase classname="tests.test_images" name="test_wrong_split_line_3_png" time="25.228"><system-out>--------------------------------- Captured Log ---------------------------------

--------------------------------- Captured Out ---------------------------------
/home/runner/work/ocr-book/ocr-book/tests/wrong_split_line_3.png
1611507594487909991 : Checking separation double page angle 90.40515247895009
1611507594488042495 : Checking separation double page y=0 2495
1611507595861913885 : Checking page rotation 1 0.2
1611507596964985107 : Checking page rotation 2 0.85
1611507598990088622 : Checking image 1 crop x1 331
1611507598990195725 : Checking image 1 crop y1 166
1611507598990235027 : Checking image 1 crop x2 2377
1611507598990272628 : Checking image 1 crop y2 3375
1611507605467566500 : Checking image 2 crop x1 103
1611507605467680204 : Checking image 2 crop y1 207
1611507605467723605 : Checking image 2 crop x2 2136
1611507605467763307 : Checking image 2 crop y2 3414
1611507605467950913 : Checking image 1 dpi 300
1611507605468030415 : Checking image 1 border top 158
1611507605468072517 : Checking image 1 border bottom 120
1611507605468112318 : Checking image 1 border left 207
1611507605468151719 : Checking image 1 border right 207
1611507605470798506 : Checking image 2 dpi 300
1611507605470868008 : Checking image 2 border top 199
1611507605470907909 : Checking image 2 border bottom 81
1611507605470944711 : Checking image 2 border left 213
1611507605470981912 : Checking image 2 border right 213

</system-out><system-err>--------------------------------- Captured Err ---------------------------------

</system-err></testcase><testcase classname="tests.test_images" name="test_failed_split_line_line_algo_png" time="15.491"><system-out>--------------------------------- Captured Log ---------------------------------

--------------------------------- Captured Out ---------------------------------
/home/runner/work/ocr-book/ocr-book/tests/failed_split_line_line_algo.png
1611507599656151133 : Checking separation double page angle 90.0093502548779
1611507599656264337 : Checking separation double page y=0 2574
1611507600466491669 : Checking page rotation 1 0.0
1611507601046787871 : Checking page rotation 2 0.0
1611507603713020449 : Checking image 1 crop x1 411
1611507603713137053 : Checking image 1 crop y1 2927
1611507603713177854 : Checking image 1 crop x2 2422
1611507603713213155 : Checking image 1 crop y2 3172
1611507605492136803 : Checking image 2 crop x1 1191
1611507605492237407 : Checking image 2 crop y1 1745
1611507605492275508 : Checking image 2 crop x2 1192
1611507605492309209 : Checking image 2 crop y2 1746
1611507605492447613 : Checking image 1 dpi 300
1611507605492528416 : Checking image 1 border top 2920
1611507605492566117 : Checking image 1 border bottom 322
1611507605492602019 : Checking image 1 border left 224
1611507605492637220 : Checking image 1 border right 224
1611507605493909361 : Checking image 2 dpi 300
1611507605493961963 : Checking image 2 border top 1752
1611507605493996664 : Checking image 2 border bottom 1753
1611507605494029665 : Checking image 2 border left 1239
1611507605494062766 : Checking image 2 border right 1239

</system-out><system-err>--------------------------------- Captured Err ---------------------------------

</system-err></testcase><testcase classname="tests.test_images" name="test_failed_split_line_line_algo_2_png" time="23.305"><system-out>--------------------------------- Captured Log ---------------------------------

--------------------------------- Captured Out ---------------------------------
/home/runner/work/ocr-book/ocr-book/tests/failed_split_line_line_algo_2.png
1611507619778557280 : Checking separation double page angle 90.03732329462368
1611507619778668884 : Checking separation double page y=0 2499
1611507621289677077 : Checking page rotation 1 -0.09999999999999377
1611507622984854003 : Checking page rotation 2 0.5499999999999999
1611507626072261642 : Checking image 1 crop x1 273
1611507626072393846 : Checking image 1 crop y1 147
1611507626072435347 : Checking image 1 crop x2 2386
1611507626072471248 : Checking image 1 crop y2 3352
1611507628754418278 : Checking image 2 crop x1 122
1611507628754529681 : Checking image 2 crop y1 155
1611507628754568182 : Checking image 2 crop x2 2246
1611507628754603184 : Checking image 2 crop y2 3350
1611507628754767289 : Checking image 1 dpi 300
1611507628754840891 : Checking image 1 border top 137
1611507628754875892 : Checking image 1 border bottom 145
1611507628754908593 : Checking image 1 border left 173
1611507628754939194 : Checking image 1 border right 173
1611507628757936792 : Checking image 2 dpi 300
1611507628758007194 : Checking image 2 border top 133
1611507628758040395 : Checking image 2 border bottom 159
1611507628758070996 : Checking image 2 border left 168
1611507628758101397 : Checking image 2 border right 168

</system-out><system-err>--------------------------------- Captured Err ---------------------------------

</system-err></testcase><testcase classname="tests.test_images" name="test_crop_too_much_3_png" time="21.232"><system-out>--------------------------------- Captured Log ---------------------------------

--------------------------------- Captured Out ---------------------------------
/home/runner/work/ocr-book/ocr-book/tests/crop_too_much_3.png
1611507618028223947 : Checking separation double page angle 89.5934556679346
1611507618028344951 : Checking separation double page y=0 2499
1611507619273493136 : Checking page rotation 1 -0.8999999999999949
1611507620997569509 : Checking page rotation 2 -0.04999999999999689
1611507624090628823 : Checking image 1 crop x1 374
1611507624090751327 : Checking image 1 crop y1 258
1611507624090795228 : Checking image 1 crop x2 2385
1611507624090834029 : Checking image 1 crop y2 3459
1611507626685119006 : Checking image 2 crop x1 164
1611507626685244210 : Checking image 2 crop y1 229
1611507626685291912 : Checking image 2 crop x2 2183
1611507626685335713 : Checking image 2 crop y2 3416
1611507626685508119 : Checking image 1 dpi 300
1611507626685587521 : Checking image 1 border top 239
1611507626685629522 : Checking image 1 border bottom 46
1611507626685670024 : Checking image 1 border left 224
1611507626685709725 : Checking image 1 border right 224
1611507626688595519 : Checking image 2 dpi 300
1611507626688669221 : Checking image 2 border top 210
1611507626688708122 : Checking image 2 border bottom 90
1611507626688743023 : Checking image 2 border left 220
1611507626688778225 : Checking image 2 border right 220

</system-out><system-err>--------------------------------- Captured Err ---------------------------------

</system-err></testcase><testcase classname="tests.test_images" name="test_wrong_wave_split_line_3_png" time="23.681"><system-out>--------------------------------- Captured Log ---------------------------------

--------------------------------- Captured Out ---------------------------------
/home/runner/work/ocr-book/ocr-book/tests/wrong_wave_split_line_3.png
1611507643781227981 : Checking separation double page angle 90.12715931778824
1611507643781347985 : Checking separation double page y=0 2514
1611507645112796198 : Checking page rotation 1 0.05
1611507646345317378 : Checking page rotation 2 0.2
1611507648469107585 : Checking image 1 crop x1 273
1611507648469228489 : Checking image 1 crop y1 220
1611507648469281491 : Checking image 1 crop x2 2383
1611507648469341793 : Checking image 1 crop y2 3423
1611507650385256064 : Checking image 2 crop x1 116
1611507650385384068 : Checking image 2 crop y1 225
1611507650385425369 : Checking image 2 crop x2 2242
1611507650385463271 : Checking image 2 crop y2 3415
1611507650385621476 : Checking image 1 dpi 300
1611507650385700878 : Checking image 1 border top 202
1611507650385735680 : Checking image 1 border bottom 82
1611507650385769281 : Checking image 1 border left 175
1611507650385801882 : Checking image 1 border right 175
1611507650389056788 : Checking image 2 dpi 300
1611507650389171092 : Checking image 2 border top 204
1611507650389208193 : Checking image 2 border bottom 93
1611507650389239594 : Checking image 2 border left 167
1611507650389271395 : Checking image 2 border right 167

</system-out><system-err>--------------------------------- Captured Err ---------------------------------

</system-err></testcase><testcase classname="tests.test_images" name="test_wrong_wave_split_line_2_png" time="23.854"><system-out>--------------------------------- Captured Log ---------------------------------

--------------------------------- Captured Out ---------------------------------
/home/runner/work/ocr-book/ocr-book/tests/wrong_wave_split_line_2.png
1611507645048473996 : Checking separation double page angle 90.7708958311329
1611507645048589000 : Checking separation double page y=0 2490
1611507646455999495 : Checking page rotation 1 0.2
1611507647854958514 : Checking page rotation 2 1.65
1611507649509020670 : Checking image 1 crop x1 227
1611507649509131174 : Checking image 1 crop y1 147
1611507649509172375 : Checking image 1 crop x2 2342
1611507649509209776 : Checking image 1 crop y2 3353
1611507652618746743 : Checking image 2 crop x1 106
1611507652618866447 : Checking image 2 crop y1 195
1611507652618910149 : Checking image 2 crop x2 2231
1611507652618961650 : Checking image 2 crop y2 3398
1611507652619123356 : Checking image 1 dpi 300
1611507652619197558 : Checking image 1 border top 136
1611507652619234459 : Checking image 1 border bottom 145
1611507652619269160 : Checking image 1 border left 172
1611507652619301961 : Checking image 1 border right 172
1611507652622538367 : Checking image 2 dpi 300
1611507652622619070 : Checking image 2 border top 165
1611507652622658871 : Checking image 2 border bottom 118
1611507652622694472 : Checking image 2 border left 167
1611507652622729273 : Checking image 2 border right 167

</system-out><system-err>--------------------------------- Captured Err ---------------------------------

</system-err></testcase><testcase classname="tests.test_images" name="test_no_split_line_wave_algo_png" time="32.176"><system-out>--------------------------------- Captured Log ---------------------------------

--------------------------------- Captured Out ---------------------------------
/home/runner/work/ocr-book/ocr-book/tests/no_split_line_wave_algo.png
1611507663729491601 : Checking separation double page angle 89.79018091440821
1611507663729607405 : Checking separation double page y=0 2483
1611507666527372448 : Checking page rotation 1 0.0
1611507667955164995 : Checking page rotation 2 -0.44999999999999746
1611507676816849325 : Checking image 1 crop x1 97
1611507676816953929 : Checking image 1 crop y1 74
1611507676816997930 : Checking image 1 crop x2 2489
1611507676817038632 : Checking image 1 crop y2 3505
1611507682524325695 : Checking image 2 crop x1 164
1611507682524458700 : Checking image 2 crop y1 267
1611507682524506901 : Checking image 2 crop x2 2239
1611507682524547903 : Checking image 2 crop y2 3380
1611507682524722708 : Checking image 1 dpi 300
1611507682524794711 : Checking image 1 border top 38
1611507682524833312 : Checking image 1 border bottom 38
1611507682524869913 : Checking image 1 border left 44
1611507682524906414 : Checking image 1 border right 44
1611507682527668705 : Checking image 2 dpi 300
1611507682527741307 : Checking image 2 border top 257
1611507682527779608 : Checking image 2 border bottom 117
1611507682527814309 : Checking image 2 border left 192
1611507682527848811 : Checking image 2 border right 192

</system-out><system-err>--------------------------------- Captured Err ---------------------------------

</system-err></testcase><testcase classname="tests.test_images" name="test_no_split_line_wave_algo_2_png" time="19.996"><system-out>--------------------------------- Captured Log ---------------------------------

--------------------------------- Captured Out ---------------------------------
/home/runner/work/ocr-book/ocr-book/tests/no_split_line_wave_algo_2.png
1611507665834904173 : Checking separation double page angle 90.43362571535843
1611507665835007176 : Checking separation double page y=0 2473
1611507667047295198 : Checking page rotation 1 1.05
1611507668368865882 : Checking page rotation 2 0.15000000000000002
1611507670667186809 : Checking image 1 crop x1 267
1611507670667303812 : Checking image 1 crop y1 210
1611507670667345114 : Checking image 1 crop x2 2343
1611507670667380815 : Checking image 1 crop y2 3412
1611507672632159168 : Checking image 2 crop x1 165
1611507672632272672 : Checking image 2 crop y1 241
1611507672632310873 : Checking image 2 crop x2 2250
1611507672632345974 : Checking image 2 crop y2 3433
1611507672632514280 : Checking image 1 dpi 300
1611507672632587982 : Checking image 1 border top 192
1611507672632622083 : Checking image 1 border bottom 93
1611507672632654984 : Checking image 1 border left 192
1611507672632707586 : Checking image 1 border right 192
1611507672635530478 : Checking image 2 dpi 300
1611507672635612881 : Checking image 2 border top 224
1611507672635646182 : Checking image 2 border bottom 71
1611507672635676483 : Checking image 2 border left 187
1611507672635706784 : Checking image 2 border right 187

</system-out><system-err>--------------------------------- Captured Err ---------------------------------

</system-err></testcase><testcase classname="tests.test_images" name="test_failed_detect_rectangle_png" time="19.422"><system-out>--------------------------------- Captured Log ---------------------------------

--------------------------------- Captured Out ---------------------------------
/home/runner/work/ocr-book/ocr-book/tests/failed_detect_rectangle.png
1611507686542852255 : Checking separation double page angle 90.242273842964
1611507686542956458 : Checking separation double page y=0 2475
1611507687893760580 : Checking page rotation 1 0.2
1611507689399967278 : Checking page rotation 2 0.2
1611507690685722289 : Checking image 1 crop x1 257
1611507690685849293 : Checking image 1 crop y1 201
1611507690685893494 : Checking image 1 crop x2 2333
1611507690685931995 : Checking image 1 crop y2 3402
1611507692041506665 : Checking image 2 crop x1 137
1611507692041623069 : Checking image 2 crop y1 215
1611507692041664870 : Checking image 2 crop x2 2220
1611507692041702972 : Checking image 2 crop y2 3406
1611507692041872177 : Checking image 1 dpi 300
1611507692041973180 : Checking image 1 border top 188
1611507692042013382 : Checking image 1 border bottom 98
1611507692042049983 : Checking image 1 border left 192
1611507692042084784 : Checking image 1 border right 192
1611507692044619367 : Checking image 2 dpi 300
1611507692044704769 : Checking image 2 border top 201
1611507692044742771 : Checking image 2 border bottom 95
1611507692044777672 : Checking image 2 border left 188
1611507692044811673 : Checking image 2 border right 188

</system-out><system-err>--------------------------------- Captured Err ---------------------------------

</system-err></testcase><testcase classname="tests.test_images" name="test_crop_too_few_2_png" time="19.592"><system-out>--------------------------------- Captured Log ---------------------------------

--------------------------------- Captured Out ---------------------------------
/home/runner/work/ocr-book/ocr-book/tests/crop_too_few_2.png
1611507694815131240 : Checking separation double page angle 90.35461351371423
1611507694815237344 : Checking separation double page y=0 2533
1611507696045838641 : Checking page rotation 1 1.0999999999999999
1611507697553373962 : Checking page rotation 2 0.0
1611507700258444721 : Checking image 1 crop x1 289
1611507700258555425 : Checking image 1 crop y1 165
1611507700258594526 : Checking image 1 crop x2 2400
1611507700258632927 : Checking image 1 crop y2 3367
1611507702172453760 : Checking image 2 crop x1 152
1611507702172560964 : Checking image 2 crop y1 190
1611507702172616265 : Checking image 2 crop x2 2273
1611507702172655167 : Checking image 2 crop y2 3385
1611507702172808672 : Checking image 1 dpi 300
1611507702172882974 : Checking image 1 border top 157
1611507702172921875 : Checking image 1 border bottom 128
1611507702172959777 : Checking image 1 border left 174
1611507702172995478 : Checking image 1 border right 174
1611507702175408657 : Checking image 2 dpi 300
1611507702175500060 : Checking image 2 border top 182
1611507702175543161 : Checking image 2 border bottom 110
1611507702175578062 : Checking image 2 border left 169
1611507702175612864 : Checking image 2 border right 169

</system-out><system-err>--------------------------------- Captured Err ---------------------------------

</system-err></testcase><testcase classname="tests.test_images" name="test_single_page_png" time="6.060"><system-out>--------------------------------- Captured Log ---------------------------------

--------------------------------- Captured Out ---------------------------------
/home/runner/work/ocr-book/ocr-book/tests/single_page.png
1611507694952264108 : Checking separation double page angle 89.93006318861008
1611507694952501416 : Checking separation double page y=0 2472
1611507695795898097 : Checking page rotation 1 0.0
1611507695939326571 : Checking page rotation 2 0.0
1611507697624901497 : Checking image 1 crop x1 1
1611507697625005300 : Checking image 1 crop y1 8
1611507697625046502 : Checking image 1 crop x2 2470
1611507697625081603 : Checking image 1 crop y2 3505
1611507697765714013 : Checking image 2 crop x1 0
1611507697765806416 : Checking image 2 crop y1 0
1611507697765839717 : Checking image 2 crop x2 0
1611507697765870818 : Checking image 2 crop y2 0
1611507697765936620 : Checking image 1 dpi 300
1611507697766026623 : Checking image 1 border top 5
1611507697766062424 : Checking image 1 border bottom 5
1611507697766095125 : Checking image 1 border left 6
1611507697766127126 : Checking image 1 border right 6
1611507697772584438 : Checking image 2 border top 0
1611507697772664041 : Checking image 2 border bottom 0
1611507697772697042 : Checking image 2 border left 0
1611507697772728543 : Checking image 2 border right 0

</system-out><system-err>--------------------------------- Captured Err ---------------------------------

</system-err></testcase><testcase classname="tests.test_images" name="test_wrong_split_line_4_png" time="11.735"><system-out>--------------------------------- Captured Log ---------------------------------

--------------------------------- Captured Out ---------------------------------
/home/runner/work/ocr-book/ocr-book/tests/wrong_split_line_4.png
1611507705744985645 : Checking separation double page angle 90.92587744884125
1611507705745096648 : Checking separation double page y=0 58
1611507705844475992 : Checking page rotation 1 0.5499999999999999
1611507707117088329 : Checking page rotation 2 1.0999999999999999
1611507707790963823 : Checking image 1 crop x1 0
1611507707791049026 : Checking image 1 crop y1 0
1611507707791082727 : Checking image 1 crop x2 0
1611507707791114028 : Checking image 1 crop y2 0
1611507709905851451 : Checking image 2 crop x1 290
1611507709905956555 : Checking image 2 crop y1 330
1611507709905990156 : Checking image 2 crop x2 2314
1611507709906021957 : Checking image 2 crop y2 3217
1611507709906167462 : Checking image 1 border top 0
1611507709906204663 : Checking image 1 border bottom 0
1611507709906234764 : Checking image 1 border left 0
1611507709906262965 : Checking image 1 border right 0
1611507709906309766 : Checking image 2 dpi 300
1611507709906369068 : Checking image 2 border top 322
1611507709906400369 : Checking image 2 border bottom 278
1611507709906428570 : Checking image 2 border left 218
1611507709906456971 : Checking image 2 border right 218

</system-out><system-err>--------------------------------- Captured Err ---------------------------------

</system-err></testcase><testcase classname="tests.test_images" name="test_no_split_line_wave_algo_3_png" time="10.455"><system-out>--------------------------------- Captured Log ---------------------------------

--------------------------------- Captured Out ---------------------------------
/home/runner/work/ocr-book/ocr-book/tests/no_split_line_wave_algo_3.png
1611507709229154065 : Checking separation double page angle 90.18184445198425
1611507709229276169 : Checking separation double page y=0 2405
1611507710054615107 : Checking page rotation 1 0.0
1611507710230311242 : Checking page rotation 2 0.0
1611507712104860825 : Checking image 1 crop x1 184
1611507712104960928 : Checking image 1 crop y1 2957
1611507712105000830 : Checking image 1 crop x2 2201
1611507712105034031 : Checking image 1 crop y2 3202
1611507712598628741 : Checking image 2 crop x1 0
1611507712598720944 : Checking image 2 crop y1 0
1611507712598756545 : Checking image 2 crop x2 0
1611507712598789946 : Checking image 2 crop y2 0
1611507712598863449 : Checking image 1 dpi 300
1611507712598944151 : Checking image 1 border top 2950
1611507712598982553 : Checking image 1 border bottom 292
1611507712599028154 : Checking image 1 border left 221
1611507712599076156 : Checking image 1 border right 221
1611507712605168755 : Checking image 2 border top 0
1611507712605235057 : Checking image 2 border bottom 0
1611507712605268458 : Checking image 2 border left 0
1611507712605301459 : Checking image 2 border right 0

</system-out><system-err>--------------------------------- Captured Err ---------------------------------

</system-err></testcase><testcase classname="tests.test_images" name="test_failed_split_line_line_algo_3_png" time="12.493"><system-out>--------------------------------- Captured Log ---------------------------------

--------------------------------- Captured Out ---------------------------------
/home/runner/work/ocr-book/ocr-book/tests/failed_split_line_line_algo_3.png
1611507717108865500 : Checking separation double page angle 90.02403976140027
1611507717108991604 : Checking separation double page y=0 39
1611507717184320470 : Checking page rotation 1 0.0
1611507718024634481 : Checking page rotation 2 0.0
1611507718330125183 : Checking image 1 crop x1 0
1611507718330211286 : Checking image 1 crop y1 0
1611507718330244887 : Checking image 1 crop x2 0
1611507718330276088 : Checking image 1 crop y2 0
1611507722415030783 : Checking image 2 crop x1 249
1611507722415122086 : Checking image 2 crop y1 154
1611507722415156888 : Checking image 2 crop x2 2264
1611507722415188889 : Checking image 2 crop y2 3361
1611507722415345594 : Checking image 1 border top 0
1611507722415384295 : Checking image 1 border bottom 0
1611507722415416296 : Checking image 1 border left 0
1611507722415490098 : Checking image 1 border right 0
1611507722415553600 : Checking image 2 dpi 300
1611507722415621403 : Checking image 2 border top 146
1611507722415656804 : Checking image 2 border bottom 134
1611507722415689305 : Checking image 2 border left 222
1611507722415721006 : Checking image 2 border right 222

</system-out><system-err>--------------------------------- Captured Err ---------------------------------

</system-err></testcase></testsuite></testsuites>