<?xml version="1.0" encoding="utf-8"?><testsuites><testsuite name="pytest" errors="0" failures="0" skipped="0" tests="28" time="742.563" timestamp="2020-12-02T16:34:00.987207" hostname="fv-az121-732"><testcase classname="tests.test_features" name="test_mock_stop_at_0" time="0.051"><system-out>--------------------------------- Captured Log ---------------------------------

--------------------------------- Captured Out ---------------------------------
/home/runner/work/ocr-book/ocr-book/tests/0001_0.png

</system-out><system-err>--------------------------------- Captured Err ---------------------------------

</system-err></testcase><testcase classname="tests.test_features" name="test_disabled_enable_debug" time="36.980"><system-out>--------------------------------- Captured Log ---------------------------------

--------------------------------- Captured Out ---------------------------------
/home/runner/work/ocr-book/ocr-book/tests/0001_debug.png
separation double page angle 90.57780420099763
separation double page y=0 2487
page rotation 1 0.75
page rotation 2 0.2
image 1 crop x1 330
image 1 crop y1 336
image 1 crop x2 2343
image 1 crop y2 3223
image 2 crop x1 169
image 2 crop y1 648
image 2 crop x2 2186
image 2 crop y2 3361
image 1 dpi 300
image 1 border top 340
image 1 border bottom 260
image 1 border left 223
image 1 border right 223
image 2 dpi 300
image 2 border top 646
image 2 border bottom 128
image 2 border left 221
image 2 border right 221

</system-out><system-err>--------------------------------- Captured Err ---------------------------------

</system-err></testcase><testcase classname="tests.test_features" name="test_mock_stop_at_2" time="44.023"><system-out>--------------------------------- Captured Log ---------------------------------

--------------------------------- Captured Out ---------------------------------
/home/runner/work/ocr-book/ocr-book/tests/0001_2.png
separation double page angle 90.57780420099763
separation double page y=0 2487
page rotation 1 0.75
page rotation 2 0.2

</system-out><system-err>--------------------------------- Captured Err ---------------------------------

</system-err></testcase><testcase classname="tests.test_features" name="test_mock_stop_at_1" time="29.871"><system-out>--------------------------------- Captured Log ---------------------------------

--------------------------------- Captured Out ---------------------------------
/home/runner/work/ocr-book/ocr-book/tests/0001_1.png
separation double page angle 90.57780420099763
separation double page y=0 2487

</system-out><system-err>--------------------------------- Captured Err ---------------------------------

</system-err></testcase><testcase classname="tests.test_features" name="test_mock_stop_at_4" time="49.190"><system-out>--------------------------------- Captured Log ---------------------------------

--------------------------------- Captured Out ---------------------------------
/home/runner/work/ocr-book/ocr-book/tests/0001_4.png
separation double page angle 90.57780420099763
separation double page y=0 2487
page rotation 1 0.75
page rotation 2 0.2
image 1 crop x1 330
image 1 crop y1 336
image 1 crop x2 2343
image 1 crop y2 3223
image 2 crop x1 169
image 2 crop y1 648
image 2 crop x2 2186
image 2 crop y2 3361
image 1 dpi 300
image 1 border top 340
image 1 border bottom 260
image 1 border left 223
image 1 border right 223
image 2 dpi 300
image 2 border top 646
image 2 border bottom 128
image 2 border left 221
image 2 border right 221

</system-out><system-err>--------------------------------- Captured Err ---------------------------------

</system-err></testcase><testcase classname="tests.test_features" name="test_mock_stop_at_3" time="51.013"><system-out>--------------------------------- Captured Log ---------------------------------

--------------------------------- Captured Out ---------------------------------
/home/runner/work/ocr-book/ocr-book/tests/0001_3.png
separation double page angle 90.57780420099763
separation double page y=0 2487
page rotation 1 0.75
page rotation 2 0.2
image 1 crop x1 330
image 1 crop y1 336
image 1 crop x2 2343
image 1 crop y2 3223
image 2 crop x1 169
image 2 crop y1 648
image 2 crop x2 2186
image 2 crop y2 3361

</system-out><system-err>--------------------------------- Captured Err ---------------------------------

</system-err></testcase><testcase classname="tests.test_images" name="test_0001_png" time="50.277"><system-out>--------------------------------- Captured Log ---------------------------------

--------------------------------- Captured Out ---------------------------------
/home/runner/work/ocr-book/ocr-book/tests/0001.png
1606926966977268828 : Checking separation double page angle 90.57780420099763
1606926966977361931 : Checking separation double page y=0 2487
1606926973494438028 : Checking page rotation 1 0.75
1606926980235271693 : Checking page rotation 2 0.2
1606926982756563835 : Checking image 1 crop x1 330
1606926982756665538 : Checking image 1 crop y1 336
1606926982756702839 : Checking image 1 crop x2 2343
1606926982756735240 : Checking image 1 crop y2 3223
1606926985444108255 : Checking image 2 crop x1 169
1606926985444214059 : Checking image 2 crop y1 648
1606926985444252260 : Checking image 2 crop x2 2186
1606926985444285061 : Checking image 2 crop y2 3361
1606926985475582292 : Checking image 1 dpi 300
1606926985475674195 : Checking image 1 border top 340
1606926985475709196 : Checking image 1 border bottom 260
1606926985475741197 : Checking image 1 border left 223
1606926985475774299 : Checking image 1 border right 223
1606926985478239480 : Checking image 2 dpi 300
1606926985478314482 : Checking image 2 border top 646
1606926985478349183 : Checking image 2 border bottom 128
1606926985478382485 : Checking image 2 border left 221
1606926985478415986 : Checking image 2 border right 221

</system-out><system-err>--------------------------------- Captured Err ---------------------------------

</system-err></testcase><testcase classname="tests.test_features" name="test_mock_stop_at_5" time="46.993"><system-out>--------------------------------- Captured Log ---------------------------------

--------------------------------- Captured Out ---------------------------------
/home/runner/work/ocr-book/ocr-book/tests/0001_5.png
separation double page angle 90.57780420099763
separation double page y=0 2487
page rotation 1 0.75
page rotation 2 0.2
image 1 crop x1 330
image 1 crop y1 336
image 1 crop x2 2343
image 1 crop y2 3223
image 2 crop x1 169
image 2 crop y1 648
image 2 crop x2 2186
image 2 crop y2 3361
image 1 dpi 300
image 1 border top 340
image 1 border bottom 260
image 1 border left 223
image 1 border right 223
image 2 dpi 300
image 2 border top 646
image 2 border bottom 128
image 2 border left 221
image 2 border right 221

</system-out><system-err>--------------------------------- Captured Err ---------------------------------

</system-err></testcase><testcase classname="tests.test_images" name="test_2_pages_2_contours_png" time="32.908"><system-out>--------------------------------- Captured Log ---------------------------------

--------------------------------- Captured Out ---------------------------------
/home/runner/work/ocr-book/ocr-book/tests/2-pages-2-contours.png
1606927006727840660 : Checking separation double page angle 89.91958537671144
1606927006727932863 : Checking separation double page y=0 2492
1606927008803079399 : Checking page rotation 1 0.05
1606927014222829592 : Checking page rotation 2 0.35000000000000003
1606927015175443155 : Checking image 1 crop x1 1191
1606927015175580959 : Checking image 1 crop y1 1733
1606927015175619760 : Checking image 1 crop x2 1192
1606927015175652661 : Checking image 1 crop y2 1734
1606927018364323602 : Checking image 2 crop x1 89
1606927018364421405 : Checking image 2 crop y1 240
1606927018364453506 : Checking image 2 crop x2 2136
1606927018364483507 : Checking image 2 crop y2 3239
1606927018394853066 : Checking image 1 dpi 300
1606927018394949769 : Checking image 1 border top 1752
1606927018394985570 : Checking image 1 border bottom 1753
1606927018395017271 : Checking image 1 border left 1239
1606927018395049872 : Checking image 1 border right 1239
1606927018396652417 : Checking image 2 dpi 300
1606927018396741120 : Checking image 2 border top 231
1606927018396773121 : Checking image 2 border bottom 257
1606927018396800521 : Checking image 2 border left 206
1606927018396828722 : Checking image 2 border right 206

</system-out><system-err>--------------------------------- Captured Err ---------------------------------

</system-err></testcase><testcase classname="tests.test_images" name="test_image_failed_to_crop_data_png" time="53.156"><system-out>--------------------------------- Captured Log ---------------------------------

--------------------------------- Captured Out ---------------------------------
/home/runner/work/ocr-book/ocr-book/tests/image_failed_to_crop_data.png
1606927036500003925 : Checking separation double page angle 89.90702028595047
1606927036500091627 : Checking separation double page y=0 2477
1606927041757484896 : Checking page rotation 1 0.2
1606927046707433858 : Checking page rotation 2 0.0
1606927056382026764 : Checking image 1 crop x1 58
1606927056382118966 : Checking image 1 crop y1 8
1606927056382148467 : Checking image 1 crop x2 2480
1606927056382175268 : Checking image 1 crop y2 3504
1606927059856516317 : Checking image 2 crop x1 159
1606927059856632620 : Checking image 2 crop y1 217
1606927059856674621 : Checking image 2 crop x2 2241
1606927059856714022 : Checking image 2 crop y2 3350
1606927059884956030 : Checking image 1 dpi 300
1606927059885075833 : Checking image 1 border top 6
1606927059885116134 : Checking image 1 border bottom 6
1606927059885149835 : Checking image 1 border left 29
1606927059885183836 : Checking image 1 border right 29
1606927059887467493 : Checking image 2 dpi 300
1606927059887565195 : Checking image 2 border top 225
1606927059887594896 : Checking image 2 border bottom 129
1606927059887622197 : Checking image 2 border left 189
1606927059887649997 : Checking image 2 border right 189

</system-out><system-err>--------------------------------- Captured Err ---------------------------------

</system-err></testcase><testcase classname="tests.test_images" name="test_black_border_not_removed_png" time="54.969"><system-out>--------------------------------- Captured Log ---------------------------------

--------------------------------- Captured Out ---------------------------------
/home/runner/work/ocr-book/ocr-book/tests/black-border-not-removed.png
1606927051743994245 : Checking separation double page angle 90.02895758682553
1606927051744089948 : Checking separation double page y=0 2456
1606927057769972842 : Checking page rotation 1 0.0
1606927066035116907 : Checking page rotation 2 0.0
1606927068918270526 : Checking image 1 crop x1 297
1606927068918343929 : Checking image 1 crop y1 143
1606927068918378130 : Checking image 1 crop x2 2309
1606927068918411032 : Checking image 1 crop y2 3346
1606927073324123922 : Checking image 2 crop x1 157
1606927073324252744 : Checking image 2 crop y1 145
1606927073324298952 : Checking image 2 crop x2 2169
1606927073324341359 : Checking image 2 crop y2 3352
1606927073358254347 : Checking image 1 dpi 300
1606927073358349563 : Checking image 1 border top 130
1606927073358377468 : Checking image 1 border bottom 154
1606927073358401572 : Checking image 1 border left 224
1606927073358426976 : Checking image 1 border right 224
1606927073360718567 : Checking image 2 dpi 300
1606927073360808483 : Checking image 2 border top 139
1606927073360841188 : Checking image 2 border bottom 141
1606927073360872094 : Checking image 2 border left 224
1606927073360904399 : Checking image 2 border right 224

</system-out><system-err>--------------------------------- Captured Err ---------------------------------

</system-err></testcase><testcase classname="tests.test_images" name="test_wrong_angle_split_line_png" time="61.512"><system-out>--------------------------------- Captured Log ---------------------------------

--------------------------------- Captured Out ---------------------------------
/home/runner/work/ocr-book/ocr-book/tests/wrong_angle_split_line.png
1606927091247632604 : Checking separation double page angle 90.0335674500335
1606927091247711916 : Checking separation double page y=0 2477
1606927097930786161 : Checking page rotation 1 0.2
1606927104815916675 : Checking page rotation 2 0.05
1606927115268952323 : Checking image 1 crop x1 61
1606927115269062538 : Checking image 1 crop y1 7
1606927115269101043 : Checking image 1 crop x2 2475
1606927115269135648 : Checking image 1 crop y2 3500
1606927119534100504 : Checking image 2 crop x1 163
1606927119534220019 : Checking image 2 crop y1 218
1606927119534264525 : Checking image 2 crop x2 2243
1606927119534306430 : Checking image 2 crop y2 3350
1606927119690365220 : Checking image 1 dpi 300
1606927119690473934 : Checking image 1 border top 7
1606927119690512139 : Checking image 1 border bottom 7
1606927119690545943 : Checking image 1 border left 33
1606927119690579848 : Checking image 1 border right 33
1606927119697961212 : Checking image 2 dpi 300
1606927119698052024 : Checking image 2 border top 219
1606927119698082028 : Checking image 2 border bottom 136
1606927119698109632 : Checking image 2 border left 190
1606927119698137535 : Checking image 2 border right 190

</system-out><system-err>--------------------------------- Captured Err ---------------------------------

</system-err></testcase><testcase classname="tests.test_images" name="test_image_failed_to_rotate_png" time="53.670"><system-out>--------------------------------- Captured Log ---------------------------------

--------------------------------- Captured Out ---------------------------------
/home/runner/work/ocr-book/ocr-book/tests/image_failed_to_rotate.png
1606927101836062818 : Checking separation double page angle 90.19634423290287
1606927101836155731 : Checking separation double page y=0 2482
1606927106505053270 : Checking page rotation 1 0.35000000000000003
1606927112935097444 : Checking page rotation 2 0.45
1606927122946931731 : Checking image 1 crop x1 34
1606927122947040145 : Checking image 1 crop y1 1
1606927122947079450 : Checking image 1 crop x2 2480
1606927122947114855 : Checking image 1 crop y2 3500
1606927126893496439 : Checking image 2 crop x1 169
1606927126893622554 : Checking image 2 crop y1 234
1606927126893667860 : Checking image 2 crop x2 2248
1606927126893710265 : Checking image 2 crop y2 3355
1606927126933596080 : Checking image 1 dpi 300
1606927126933692192 : Checking image 1 border top 4
1606927126933724496 : Checking image 1 border bottom 4
1606927126933752000 : Checking image 1 border left 17
1606927126933781204 : Checking image 1 border right 17
1606927126936041888 : Checking image 2 dpi 300
1606927126936120098 : Checking image 2 border top 220
1606927126936145501 : Checking image 2 border bottom 146
1606927126936169104 : Checking image 2 border left 190
1606927126936192907 : Checking image 2 border right 190

</system-out><system-err>--------------------------------- Captured Err ---------------------------------

</system-err></testcase><testcase classname="tests.test_images" name="test_angle_page_lower_split_line_png" time="53.855"><system-out>--------------------------------- Captured Log ---------------------------------

--------------------------------- Captured Out ---------------------------------
/home/runner/work/ocr-book/ocr-book/tests/angle_page_lower_split_line.png
1606927157096658999 : Checking separation double page angle 89.75201324945476
1606927157096746708 : Checking separation double page y=0 2473
1606927164915436720 : Checking page rotation 1 -0.44999999999998863
1606927170522530057 : Checking page rotation 2 0.2
1606927172945008107 : Checking image 1 crop x1 245
1606927172945125319 : Checking image 1 crop y1 161
1606927172945166623 : Checking image 1 crop x2 2351
1606927172945205327 : Checking image 1 crop y2 3364
1606927175286698471 : Checking image 2 crop x1 151
1606927175286804681 : Checking image 2 crop y1 147
1606927175286840885 : Checking image 2 crop x2 2258
1606927175286874988 : Checking image 2 crop y2 3350
1606927175319966028 : Checking image 1 dpi 300
1606927175320069538 : Checking image 1 border top 132
1606927175320101042 : Checking image 1 border bottom 152
1606927175320128744 : Checking image 1 border left 177
1606927175320156547 : Checking image 1 border right 177
1606927175321956123 : Checking image 2 dpi 300
1606927175322038831 : Checking image 2 border top 116
1606927175322072135 : Checking image 2 border bottom 168
1606927175322102838 : Checking image 2 border left 176
1606927175322134141 : Checking image 2 border right 176

</system-out><system-err>--------------------------------- Captured Err ---------------------------------

</system-err></testcase><testcase classname="tests.test_images" name="test_wrong_split_line_png" time="42.353"><system-out>--------------------------------- Captured Log ---------------------------------

--------------------------------- Captured Out ---------------------------------
/home/runner/work/ocr-book/ocr-book/tests/wrong_split_line.png
1606927154165922477 : Checking separation double page angle 89.85895720607971
1606927154165996185 : Checking separation double page y=0 2463
1606927158767796756 : Checking page rotation 1 -0.14999999999999147
1606927165185536718 : Checking page rotation 2 0.65
1606927167219774927 : Checking image 1 crop x1 213
1606927167219897539 : Checking image 1 crop y1 157
1606927167219939543 : Checking image 1 crop x2 2323
1606927167219979248 : Checking image 1 crop y2 3362
1606927169364824646 : Checking image 2 crop x1 126
1606927169364950559 : Checking image 2 crop y1 167
1606927169364992663 : Checking image 2 crop x2 2237
1606927169365032867 : Checking image 2 crop y2 3372
1606927169395745762 : Checking image 1 dpi 300
1606927169395835871 : Checking image 1 border top 115
1606927169395863074 : Checking image 1 border bottom 167
1606927169395887377 : Checking image 1 border left 175
1606927169395912579 : Checking image 1 border right 175
1606927169398243914 : Checking image 2 dpi 300
1606927169398350125 : Checking image 2 border top 142
1606927169398386028 : Checking image 2 border bottom 140
1606927169398419232 : Checking image 2 border left 174
1606927169398453335 : Checking image 2 border right 174

</system-out><system-err>--------------------------------- Captured Err ---------------------------------

</system-err></testcase><testcase classname="tests.test_images" name="test_crop_too_much_png" time="77.021"><system-out>--------------------------------- Captured Log ---------------------------------

--------------------------------- Captured Out ---------------------------------
/home/runner/work/ocr-book/ocr-book/tests/crop_too_much.png
1606927214560797595 : Checking separation double page angle 90.13239409272953
1606927214560891403 : Checking separation double page y=0 2453
1606927224753859784 : Checking page rotation 1 0.0
1606927237475775479 : Checking page rotation 2 0.45
1606927242244769906 : Checking image 1 crop x1 303
1606927242244900415 : Checking image 1 crop y1 148
1606927242244945719 : Checking image 1 crop x2 2313
1606927242244987222 : Checking image 1 crop y2 3351
1606927246347169011 : Checking image 2 crop x1 170
1606927246347308021 : Checking image 2 crop y1 155
1606927246347353224 : Checking image 2 crop x2 2181
1606927246347395327 : Checking image 2 crop y2 3359
1606927246394228425 : Checking image 1 dpi 300
1606927246394337433 : Checking image 1 border top 131
1606927246394373136 : Checking image 1 border bottom 153
1606927246394406038 : Checking image 1 border left 225
1606927246394441041 : Checking image 1 border right 225
1606927246397060431 : Checking image 2 dpi 300
1606927246397153737 : Checking image 2 border top 139
1606927246397187440 : Checking image 2 border bottom 144
1606927246397221342 : Checking image 2 border left 224
1606927246397266746 : Checking image 2 border right 224

</system-out><system-err>--------------------------------- Captured Err ---------------------------------

</system-err></testcase><testcase classname="tests.test_images" name="test_crop_too_few_png" time="43.942"><system-out>--------------------------------- Captured Log ---------------------------------

--------------------------------- Captured Out ---------------------------------
/home/runner/work/ocr-book/ocr-book/tests/crop_too_few.png
1606927204960467658 : Checking separation double page angle 89.39669496435833
1606927204960548565 : Checking separation double page y=0 2510
1606927210216039704 : Checking page rotation 1 -0.75
1606927215174973061 : Checking page rotation 2 0.05
1606927217269015791 : Checking image 1 crop x1 265
1606927217269139501 : Checking image 1 crop y1 152
1606927217269194306 : Checking image 1 crop x2 2375
1606927217269232209 : Checking image 1 crop y2 3356
1606927219221308331 : Checking image 2 crop x1 135
1606927219221428540 : Checking image 2 crop y1 141
1606927219221472944 : Checking image 2 crop x2 2261
1606927219221515247 : Checking image 2 crop y2 3345
1606927219259976947 : Checking image 1 dpi 300
1606927219260091556 : Checking image 1 border top 116
1606927219260126959 : Checking image 1 border bottom 167
1606927219260158061 : Checking image 1 border left 175
1606927219260190864 : Checking image 1 border right 175
1606927219262279232 : Checking image 2 dpi 300
1606927219262356738 : Checking image 2 border top 143
1606927219262391041 : Checking image 2 border bottom 140
1606927219262424644 : Checking image 2 border left 167
1606927219262458147 : Checking image 2 border right 167

</system-out><system-err>--------------------------------- Captured Err ---------------------------------

</system-err></testcase><testcase classname="tests.test_images" name="test_crop_too_much_2_png" time="77.759"><system-out>--------------------------------- Captured Log ---------------------------------

--------------------------------- Captured Out ---------------------------------
/home/runner/work/ocr-book/ocr-book/tests/crop_too_much_2.png
1606927265202598289 : Checking separation double page angle 90.2021118646249
1606927265202682294 : Checking separation double page y=0 2477
1606927277223268559 : Checking page rotation 1 0.2
1606927289511548115 : Checking page rotation 2 0.2
1606927292821196893 : Checking image 1 crop x1 332
1606927292821273197 : Checking image 1 crop y1 131
1606927292821312300 : Checking image 1 crop x2 2342
1606927292821349902 : Checking image 1 crop y2 3336
1606927296945772667 : Checking image 2 crop x1 168
1606927296945873973 : Checking image 2 crop y1 139
1606927296945909575 : Checking image 2 crop x2 2181
1606927296945943577 : Checking image 2 crop y2 3345
1606927296993648012 : Checking image 1 dpi 300
1606927296993746818 : Checking image 1 border top 116
1606927296993777420 : Checking image 1 border bottom 166
1606927296993804722 : Checking image 1 border left 225
1606927296993832523 : Checking image 1 border right 225
1606927296995846447 : Checking image 2 dpi 300
1606927296995919952 : Checking image 2 border top 133
1606927296995950254 : Checking image 2 border bottom 148
1606927296995977355 : Checking image 2 border left 223
1606927296996006657 : Checking image 2 border right 223

</system-out><system-err>--------------------------------- Captured Err ---------------------------------

</system-err></testcase><testcase classname="tests.test_images" name="test_wrong_split_line_2_png" time="91.415"><system-out>--------------------------------- Captured Log ---------------------------------

--------------------------------- Captured Out ---------------------------------
/home/runner/work/ocr-book/ocr-book/tests/wrong_split_line_2.png
1606927301421560771 : Checking separation double page angle 90.3838786217729
1606927301421653577 : Checking separation double page y=0 2442
1606927312767450287 : Checking page rotation 1 0.05
1606927324347042375 : Checking page rotation 2 0.4
1606927330253553030 : Checking image 1 crop x1 294
1606927330253677237 : Checking image 1 crop y1 137
1606927330253719139 : Checking image 1 crop x2 2326
1606927330253756241 : Checking image 1 crop y2 3375
1606927337763338370 : Checking image 2 crop x1 146
1606927337763457977 : Checking image 2 crop y1 192
1606927337763514780 : Checking image 2 crop x2 2173
1606927337763555482 : Checking image 2 crop y2 3386
1606927337810848093 : Checking image 1 dpi 300
1606927337810939298 : Checking image 1 border top 125
1606927337810970500 : Checking image 1 border bottom 124
1606927337810997901 : Checking image 1 border left 214
1606927337811026903 : Checking image 1 border right 214
1606927337813177822 : Checking image 2 dpi 300
1606927337813255426 : Checking image 2 border top 184
1606927337813287128 : Checking image 2 border bottom 109
1606927337813317829 : Checking image 2 border left 216
1606927337813349031 : Checking image 2 border right 216

</system-out><system-err>--------------------------------- Captured Err ---------------------------------

</system-err></testcase><testcase classname="tests.test_images" name="test_small_wave_png" time="66.223"><system-out>--------------------------------- Captured Log ---------------------------------

--------------------------------- Captured Out ---------------------------------
/home/runner/work/ocr-book/ocr-book/tests/small_wave.png
1606927339319324849 : Checking separation double page angle 90.61316928841566
1606927339319401754 : Checking separation double page y=0 2495
1606927349502864576 : Checking page rotation 1 0.7000000000000001
1606927358609301708 : Checking page rotation 2 0.7000000000000001
1606927360799720691 : Checking image 1 crop x1 322
1606927360799814796 : Checking image 1 crop y1 199
1606927360799845898 : Checking image 1 crop x2 2351
1606927360799875299 : Checking image 1 crop y2 3394
1606927363178020050 : Checking image 2 crop x1 135
1606927363178135356 : Checking image 2 crop y1 223
1606927363178180759 : Checking image 2 crop x2 2164
1606927363178224161 : Checking image 2 crop y2 3419
1606927363219898233 : Checking image 1 dpi 300
1606927363220004239 : Checking image 1 border top 177
1606927363220039841 : Checking image 1 border bottom 115
1606927363220070942 : Checking image 1 border left 215
1606927363220102544 : Checking image 1 border right 215
1606927363221881437 : Checking image 2 dpi 300
1606927363221959741 : Checking image 2 border top 191
1606927363221995443 : Checking image 2 border bottom 100
1606927363222028744 : Checking image 2 border left 215
1606927363222062546 : Checking image 2 border right 215

</system-out><system-err>--------------------------------- Captured Err ---------------------------------

</system-err></testcase><testcase classname="tests.test_images" name="test_wrong_split_line_3_png" time="59.123"><system-out>--------------------------------- Captured Log ---------------------------------

--------------------------------- Captured Out ---------------------------------
/home/runner/work/ocr-book/ocr-book/tests/wrong_split_line_3.png
1606927375707347668 : Checking separation double page angle 90.43729500214693
1606927375707435373 : Checking separation double page y=0 2498
1606927385261599434 : Checking page rotation 1 0.30000000000000004
1606927392556454484 : Checking page rotation 2 0.9
1606927394644814776 : Checking image 1 crop x1 331
1606927394644920581 : Checking image 1 crop y1 165
1606927394644956783 : Checking image 1 crop x2 2375
1606927394644989884 : Checking image 1 crop y2 3376
1606927396915155025 : Checking image 2 crop x1 102
1606927396915271131 : Checking image 2 crop y1 208
1606927396915312533 : Checking image 2 crop x2 2133
1606927396915352035 : Checking image 2 crop y2 3413
1606927396951096388 : Checking image 1 dpi 300
1606927396951209293 : Checking image 1 border top 150
1606927396951244895 : Checking image 1 border bottom 126
1606927396951276396 : Checking image 1 border left 208
1606927396951309298 : Checking image 1 border right 208
1606927396953477804 : Checking image 2 dpi 300
1606927396953553108 : Checking image 2 border top 190
1606927396953583009 : Checking image 2 border bottom 92
1606927396953610111 : Checking image 2 border left 214
1606927396953640212 : Checking image 2 border right 214

</system-out><system-err>--------------------------------- Captured Err ---------------------------------

</system-err></testcase><testcase classname="tests.test_images" name="test_wrong_wave_split_line_png" time="74.437"><system-out>--------------------------------- Captured Log ---------------------------------

--------------------------------- Captured Out ---------------------------------
/home/runner/work/ocr-book/ocr-book/tests/wrong_wave_split_line.png
1606927408386360691 : Checking separation double page angle 90.5287860410772
1606927408386440095 : Checking separation double page y=0 2502
1606927417637645684 : Checking page rotation 1 -0.14999999999999147
1606927424872702315 : Checking page rotation 2 0.8500000000000001
1606927432387435683 : Checking image 1 crop x1 385
1606927432387570489 : Checking image 1 crop y1 179
1606927432387611391 : Checking image 1 crop x2 2411
1606927432387648493 : Checking image 1 crop y2 3374
1606927437632332083 : Checking image 2 crop x1 124
1606927437632435388 : Checking image 2 crop y1 58
1606927437632471490 : Checking image 2 crop x2 2410
1606927437632505591 : Checking image 2 crop y2 3392
1606927437677247756 : Checking image 1 dpi 300
1606927437677353160 : Checking image 1 border top 167
1606927437677384262 : Checking image 1 border bottom 124
1606927437677411463 : Checking image 1 border left 217
1606927437677439164 : Checking image 1 border right 217
1606927437679157344 : Checking image 2 dpi 300
1606927437679233947 : Checking image 2 border top 0
1606927437679270549 : Checking image 2 border bottom 163
1606927437679301450 : Checking image 2 border left 92
1606927437679332652 : Checking image 2 border right 92

</system-out><system-err>--------------------------------- Captured Err ---------------------------------

</system-err></testcase><testcase classname="tests.test_images" name="test_no_split_line_line_algo_png" time="49.003"><system-out>--------------------------------- Captured Log ---------------------------------

--------------------------------- Captured Out ---------------------------------
/home/runner/work/ocr-book/ocr-book/tests/no_split_line_line_algo.png
1606927426950273184 : Checking separation double page angle 89.47691469185418
1606927426950365388 : Checking separation double page y=0 2476
1606927432238438563 : Checking page rotation 1 -0.14999999999999147
1606927440981348562 : Checking page rotation 2 -0.44999999999998863
1606927442672399456 : Checking image 1 crop x1 205
1606927442672510561 : Checking image 1 crop y1 158
1606927442672546562 : Checking image 1 crop x2 2320
1606927442672580364 : Checking image 1 crop y2 3366
1606927445926285416 : Checking image 2 crop x1 185
1606927445926403821 : Checking image 2 crop y1 221
1606927445926445323 : Checking image 2 crop x2 2201
1606927445926484425 : Checking image 2 crop y2 3366
1606927445962482869 : Checking image 1 dpi 300
1606927445962573074 : Checking image 1 border top 137
1606927445962603975 : Checking image 1 border bottom 142
1606927445962631576 : Checking image 1 border left 172
1606927445962660278 : Checking image 1 border right 172
1606927445964962783 : Checking image 2 dpi 300
1606927445965040686 : Checking image 2 border top 225
1606927445965077288 : Checking image 2 border bottom 117
1606927445965110289 : Checking image 2 border left 222
1606927445965144191 : Checking image 2 border right 222

</system-out><system-err>--------------------------------- Captured Err ---------------------------------

</system-err></testcase><testcase classname="tests.test_images" name="test_failed_split_line_line_algo_png" time="22.884"><system-out>--------------------------------- Captured Log ---------------------------------

--------------------------------- Captured Out ---------------------------------
/home/runner/work/ocr-book/ocr-book/tests/failed_split_line_line_algo.png
1606927453405391942 : Checking separation double page angle 90.01634220573249
1606927453405467546 : Checking separation double page y=0 2575
1606927456594873400 : Checking page rotation 1 -0.14999999999999147
1606927458730995390 : Checking page rotation 2 0.05
1606927459936484674 : Checking image 1 crop x1 407
1606927459936602079 : Checking image 1 crop y1 2925
1606927459936643581 : Checking image 1 crop x2 2419
1606927459936680683 : Checking image 1 crop y2 3174
1606927460594334606 : Checking image 2 crop x1 1180
1606927460594406209 : Checking image 2 crop y1 1724
1606927460594441211 : Checking image 2 crop x2 1181
1606927460594478712 : Checking image 2 crop y2 1725
1606927460594669721 : Checking image 1 dpi 300
1606927460594749325 : Checking image 1 border top 2930
1606927460594783726 : Checking image 1 border bottom 308
1606927460594818128 : Checking image 1 border left 224
1606927460594851229 : Checking image 1 border right 224
1606927460596147387 : Checking image 2 dpi 300
1606927460596226591 : Checking image 2 border top 1753
1606927460596261392 : Checking image 2 border bottom 1753
1606927460596294394 : Checking image 2 border left 1239
1606927460596328095 : Checking image 2 border right 1239

</system-out><system-err>--------------------------------- Captured Err ---------------------------------

</system-err></testcase><testcase classname="tests.test_images" name="test_failed_split_line_line_algo_2_png" time="63.650"><system-out>--------------------------------- Captured Log ---------------------------------

--------------------------------- Captured Out ---------------------------------
/home/runner/work/ocr-book/ocr-book/tests/failed_split_line_line_algo_2.png
1606927488013972815 : Checking separation double page angle 89.9913422057325
1606927488014065919 : Checking separation double page y=0 2498
1606927496357049150 : Checking page rotation 1 0.0
1606927504727126433 : Checking page rotation 2 0.6000000000000001
1606927507257933509 : Checking image 1 crop x1 272
1606927507258068714 : Checking image 1 crop y1 149
1606927507258110016 : Checking image 1 crop x2 2383
1606927507258147518 : Checking image 1 crop y2 3353
1606927509587702247 : Checking image 2 crop x1 121
1606927509587823952 : Checking image 2 crop y1 155
1606927509587865554 : Checking image 2 crop x2 2244
1606927509587906256 : Checking image 2 crop y2 3350
1606927509626728520 : Checking image 1 dpi 300
1606927509626825024 : Checking image 1 border top 137
1606927509626857225 : Checking image 1 border bottom 146
1606927509626885026 : Checking image 1 border left 174
1606927509626913928 : Checking image 1 border right 174
1606927509629091521 : Checking image 2 dpi 300
1606927509629180925 : Checking image 2 border top 138
1606927509629214026 : Checking image 2 border bottom 154
1606927509629244828 : Checking image 2 border left 168
1606927509629276229 : Checking image 2 border right 168

</system-out><system-err>--------------------------------- Captured Err ---------------------------------

</system-err></testcase><testcase classname="tests.test_images" name="test_crop_too_much_3_png" time="61.927"><system-out>--------------------------------- Captured Log ---------------------------------

--------------------------------- Captured Out ---------------------------------
/home/runner/work/ocr-book/ocr-book/tests/crop_too_much_3.png
1606927497943815660 : Checking separation double page angle 89.55580634783144
1606927497943894463 : Checking separation double page y=0 2499
1606927505763114688 : Checking page rotation 1 -0.9499999999999886
1606927515521005043 : Checking page rotation 2 -0.14999999999999147
1606927519027509738 : Checking image 1 crop x1 373
1606927519027629443 : Checking image 1 crop y1 258
1606927519027670945 : Checking image 1 crop x2 2386
1606927519027708647 : Checking image 1 crop y2 3458
1606927522451254427 : Checking image 2 crop x1 167
1606927522451374632 : Checking image 2 crop y1 228
1606927522451420434 : Checking image 2 crop x2 2180
1606927522451461836 : Checking image 2 crop y2 3417
1606927522499618680 : Checking image 1 dpi 300
1606927522499732585 : Checking image 1 border top 237
1606927522499770286 : Checking image 1 border bottom 50
1606927522499803688 : Checking image 1 border left 223
1606927522499839489 : Checking image 1 border right 223
1606927522501875875 : Checking image 2 dpi 300
1606927522501958779 : Checking image 2 border top 192
1606927522501992280 : Checking image 2 border bottom 106
1606927522502022882 : Checking image 2 border left 223
1606927522502054583 : Checking image 2 border right 223

</system-out><system-err>--------------------------------- Captured Err ---------------------------------

</system-err></testcase><testcase classname="tests.test_images" name="test_wrong_wave_split_line_2_png" time="66.286"><system-out>--------------------------------- Captured Log ---------------------------------

--------------------------------- Captured Out ---------------------------------
/home/runner/work/ocr-book/ocr-book/tests/wrong_wave_split_line_2.png
1606927554074683967 : Checking separation double page angle 90.7708958311329
1606927554074766971 : Checking separation double page y=0 2490
1606927560573959335 : Checking page rotation 1 0.4
1606927570521635497 : Checking page rotation 2 1.8
1606927572947968139 : Checking image 1 crop x1 224
1606927572948065143 : Checking image 1 crop y1 147
1606927572948097944 : Checking image 1 crop x2 2337
1606927572948127345 : Checking image 1 crop y2 3355
1606927575868305665 : Checking image 2 crop x1 107
1606927575868435570 : Checking image 2 crop y1 197
1606927575868479972 : Checking image 2 crop x2 2229
1606927575868521974 : Checking image 2 crop y2 3396
1606927575913167309 : Checking image 1 dpi 300
1606927575913269513 : Checking image 1 border top 126
1606927575913300515 : Checking image 1 border bottom 153
1606927575913327716 : Checking image 1 border left 173
1606927575913356817 : Checking image 1 border right 173
1606927575915374300 : Checking image 2 dpi 300
1606927575915441603 : Checking image 2 border top 170
1606927575915466704 : Checking image 2 border bottom 118
1606927575915516206 : Checking image 2 border left 169
1606927575915541607 : Checking image 2 border right 169

</system-out><system-err>--------------------------------- Captured Err ---------------------------------

</system-err></testcase><testcase classname="tests.test_images" name="test_wrong_wave_split_line_3_png" time="59.297"><system-out>--------------------------------- Captured Log ---------------------------------

--------------------------------- Captured Out ---------------------------------
/home/runner/work/ocr-book/ocr-book/tests/wrong_wave_split_line_3.png
1606927562119691553 : Checking separation double page angle 90.0586735161512
1606927562119761856 : Checking separation double page y=0 2510
1606927570921036058 : Checking page rotation 1 0.1
1606927577112184779 : Checking page rotation 2 0.35000000000000003
1606927579658371211 : Checking image 1 crop x1 272
1606927579658487116 : Checking image 1 crop y1 219
1606927579658529317 : Checking image 1 crop x2 2383
1606927579658566319 : Checking image 1 crop y2 3423
1606927581780624971 : Checking image 2 crop x1 119
1606927581780729776 : Checking image 2 crop y1 226
1606927581780765678 : Checking image 2 crop x2 2240
1606927581780799480 : Checking image 2 crop y2 3413
1606927581815672539 : Checking image 1 dpi 300
1606927581815758943 : Checking image 1 border top 190
1606927581815787345 : Checking image 1 border bottom 93
1606927581815811246 : Checking image 1 border left 174
1606927581815836248 : Checking image 1 border right 174
1606927581817958461 : Checking image 2 dpi 300
1606927581818045865 : Checking image 2 border top 190
1606927581818078267 : Checking image 2 border bottom 110
1606927581818109369 : Checking image 2 border left 169
1606927581818140970 : Checking image 2 border right 169

</system-out><system-err>--------------------------------- Captured Err ---------------------------------

</system-err></testcase></testsuite></testsuites>