<?xml version="1.0" encoding="utf-8"?><testsuites><testsuite errors="0" failures="0" hostname="fv-az102-78" name="pytest" skipped="0" tests="36" time="769.105" timestamp="2020-12-28T16:11:27.456145"><testcase classname="tests.test_features" name="test_disabled_enable_debug" time="39.161"><system-out>--------------------------------- Captured Log ---------------------------------

--------------------------------- Captured Out ---------------------------------
/home/runner/work/ocr-book/ocr-book/tests/0001_debug.png
separation double page angle 90.5528088189967
separation double page y=0 2485
page rotation 1 0.5499999999999999
page rotation 2 0.2
image 1 crop x1 327
image 1 crop y1 334
image 1 crop x2 2346
image 1 crop y2 3221
image 2 crop x1 169
image 2 crop y1 648
image 2 crop x2 2186
image 2 crop y2 3361
image 1 dpi 300
image 1 border top 332
image 1 border bottom 268
image 1 border left 220
image 1 border right 220
image 2 dpi 300
image 2 border top 643
image 2 border bottom 131
image 2 border left 221
image 2 border right 221

</system-out><system-err>--------------------------------- Captured Err ---------------------------------

</system-err></testcase><testcase classname="tests.test_features" name="test_mock_stop_at_0" time="0.045"><system-out>--------------------------------- Captured Log ---------------------------------

--------------------------------- Captured Out ---------------------------------
/home/runner/work/ocr-book/ocr-book/tests/0001_0.png

</system-out><system-err>--------------------------------- Captured Err ---------------------------------

</system-err></testcase><testcase classname="tests.test_features" name="test_mock_stop_at_2" time="34.856"><system-out>--------------------------------- Captured Log ---------------------------------

--------------------------------- Captured Out ---------------------------------
/home/runner/work/ocr-book/ocr-book/tests/0001_2.png
separation double page angle 90.5528088189967
separation double page y=0 2485
page rotation 1 0.5499999999999999
page rotation 2 0.2

</system-out><system-err>--------------------------------- Captured Err ---------------------------------

</system-err></testcase><testcase classname="tests.test_features" name="test_mock_stop_at_4" time="38.015"><system-out>--------------------------------- Captured Log ---------------------------------

--------------------------------- Captured Out ---------------------------------
/home/runner/work/ocr-book/ocr-book/tests/0001_4.png
separation double page angle 90.5528088189967
separation double page y=0 2485
page rotation 1 0.5499999999999999
page rotation 2 0.2
image 1 crop x1 327
image 1 crop y1 334
image 1 crop x2 2346
image 1 crop y2 3221
image 2 crop x1 169
image 2 crop y1 648
image 2 crop x2 2186
image 2 crop y2 3361
image 1 dpi 300
image 1 border top 332
image 1 border bottom 268
image 1 border left 220
image 1 border right 220
image 2 dpi 300
image 2 border top 643
image 2 border bottom 131
image 2 border left 221
image 2 border right 221

</system-out><system-err>--------------------------------- Captured Err ---------------------------------

</system-err></testcase><testcase classname="tests.test_features" name="test_mock_stop_at_1" time="31.714"><system-out>--------------------------------- Captured Log ---------------------------------

--------------------------------- Captured Out ---------------------------------
/home/runner/work/ocr-book/ocr-book/tests/0001_1.png
separation double page angle 90.5528088189967
separation double page y=0 2485

</system-out><system-err>--------------------------------- Captured Err ---------------------------------

</system-err></testcase><testcase classname="tests.test_features" name="test_mock_stop_at_3" time="37.422"><system-out>--------------------------------- Captured Log ---------------------------------

--------------------------------- Captured Out ---------------------------------
/home/runner/work/ocr-book/ocr-book/tests/0001_3.png
separation double page angle 90.5528088189967
separation double page y=0 2485
page rotation 1 0.5499999999999999
page rotation 2 0.2
image 1 crop x1 327
image 1 crop y1 334
image 1 crop x2 2346
image 1 crop y2 3221
image 2 crop x1 169
image 2 crop y1 648
image 2 crop x2 2186
image 2 crop y2 3361

</system-out><system-err>--------------------------------- Captured Err ---------------------------------

</system-err></testcase><testcase classname="tests.test_images" name="test_0001_png" time="46.824"><system-out>--------------------------------- Captured Log ---------------------------------

--------------------------------- Captured Out ---------------------------------
/home/runner/work/ocr-book/ocr-book/tests/0001.png
1609171998490747747 : Checking separation double page angle 90.5528088189967
1609171998490870349 : Checking separation double page y=0 2485
1609172000453521234 : Checking page rotation 1 0.5499999999999999
1609172002566230245 : Checking page rotation 2 0.2
1609172005516739202 : Checking image 1 crop x1 327
1609172005516864004 : Checking image 1 crop y1 334
1609172005516900605 : Checking image 1 crop x2 2346
1609172005516935405 : Checking image 1 crop y2 3221
1609172008054857329 : Checking image 2 crop x1 169
1609172008054986431 : Checking image 2 crop y1 648
1609172008055024731 : Checking image 2 crop x2 2186
1609172008055058432 : Checking image 2 crop y2 3361
1609172008085781018 : Checking image 1 dpi 300
1609172008085901920 : Checking image 1 border top 332
1609172008085938720 : Checking image 1 border bottom 268
1609172008085971121 : Checking image 1 border left 220
1609172008086003721 : Checking image 1 border right 220
1609172008088157248 : Checking image 2 dpi 300
1609172008088238249 : Checking image 2 border top 643
1609172008088272750 : Checking image 2 border bottom 131
1609172008088304150 : Checking image 2 border left 221
1609172008088336250 : Checking image 2 border right 221

</system-out><system-err>--------------------------------- Captured Err ---------------------------------

</system-err></testcase><testcase classname="tests.test_features" name="test_mock_stop_at_5" time="36.997"><system-out>--------------------------------- Captured Log ---------------------------------

--------------------------------- Captured Out ---------------------------------
/home/runner/work/ocr-book/ocr-book/tests/0001_5.png
separation double page angle 90.5528088189967
separation double page y=0 2485
page rotation 1 0.5499999999999999
page rotation 2 0.2
image 1 crop x1 327
image 1 crop y1 334
image 1 crop x2 2346
image 1 crop y2 3221
image 2 crop x1 169
image 2 crop y1 648
image 2 crop x2 2186
image 2 crop y2 3361
image 1 dpi 300
image 1 border top 332
image 1 border bottom 268
image 1 border left 220
image 1 border right 220
image 2 dpi 300
image 2 border top 643
image 2 border bottom 131
image 2 border left 221
image 2 border right 221

</system-out><system-err>--------------------------------- Captured Err ---------------------------------

</system-err></testcase><testcase classname="tests.test_images" name="test_black_border_not_removed_png" time="50.184"><system-out>--------------------------------- Captured Log ---------------------------------

--------------------------------- Captured Out ---------------------------------
/home/runner/work/ocr-book/ocr-book/tests/black-border-not-removed.png
1609172047560351793 : Checking separation double page angle 90.033171103531
1609172047560465295 : Checking separation double page y=0 2455
1609172049544143727 : Checking page rotation 1 0.0
1609172051733093533 : Checking page rotation 2 0.05
1609172055091480603 : Checking image 1 crop x1 297
1609172055091608204 : Checking image 1 crop y1 143
1609172055091645605 : Checking image 1 crop x2 2309
1609172055091678805 : Checking image 1 crop y2 3346
1609172058226272772 : Checking image 2 crop x1 157
1609172058226396574 : Checking image 2 crop y1 145
1609172058226434174 : Checking image 2 crop x2 2170
1609172058226469474 : Checking image 2 crop y2 3351
1609172058264688753 : Checking image 1 dpi 300
1609172058264795655 : Checking image 1 border top 132
1609172058264832355 : Checking image 1 border bottom 152
1609172058264865255 : Checking image 1 border left 224
1609172058264898356 : Checking image 1 border right 224
1609172058267074183 : Checking image 2 dpi 300
1609172058267152984 : Checking image 2 border top 134
1609172058267186284 : Checking image 2 border bottom 147
1609172058267218185 : Checking image 2 border left 223
1609172058267250085 : Checking image 2 border right 223

</system-out><system-err>--------------------------------- Captured Err ---------------------------------

</system-err></testcase><testcase classname="tests.test_images" name="test_2_pages_2_contours_png" time="27.847"><system-out>--------------------------------- Captured Log ---------------------------------

--------------------------------- Captured Out ---------------------------------
/home/runner/work/ocr-book/ocr-book/tests/2-pages-2-contours.png
1609172053740213876 : Checking separation double page angle 90.09036871657068
1609172053740326577 : Checking separation double page y=0 2486
1609172055224035563 : Checking page rotation 1 0.0
1609172057250823153 : Checking page rotation 2 0.2
1609172058828116711 : Checking image 1 crop x1 1191
1609172058828212712 : Checking image 1 crop y1 1750
1609172058828244213 : Checking image 1 crop x2 1192
1609172058828272213 : Checking image 1 crop y2 1751
1609172061474802039 : Checking image 2 crop x1 99
1609172061474924941 : Checking image 2 crop y1 240
1609172061474966141 : Checking image 2 crop x2 2147
1609172061475004442 : Checking image 2 crop y2 3240
1609172061504998220 : Checking image 1 dpi 300
1609172061505116322 : Checking image 1 border top 1752
1609172061505150522 : Checking image 1 border bottom 1753
1609172061505183723 : Checking image 1 border left 1239
1609172061505215023 : Checking image 1 border right 1239
1609172061506791943 : Checking image 2 dpi 300
1609172061506880644 : Checking image 2 border top 229
1609172061506914144 : Checking image 2 border bottom 258
1609172061506949845 : Checking image 2 border left 206
1609172061506981045 : Checking image 2 border right 206

</system-out><system-err>--------------------------------- Captured Err ---------------------------------

</system-err></testcase><testcase classname="tests.test_images" name="test_image_failed_to_rotate_png" time="55.913"><system-out>--------------------------------- Captured Log ---------------------------------

--------------------------------- Captured Out ---------------------------------
/home/runner/work/ocr-book/ocr-book/tests/image_failed_to_rotate.png
1609172094612885311 : Checking separation double page angle 90.13063640287984
1609172094612998713 : Checking separation double page y=0 2479
1609172097668750452 : Checking page rotation 1 0.45
1609172099878466781 : Checking page rotation 2 0.2
1609172110332525650 : Checking image 1 crop x1 31
1609172110332652152 : Checking image 1 crop y1 1
1609172110332691952 : Checking image 1 crop x2 2477
1609172110332727053 : Checking image 1 crop y2 3504
1609172114060796695 : Checking image 2 crop x1 161
1609172114060926196 : Checking image 2 crop y1 231
1609172114060962997 : Checking image 2 crop x2 2249
1609172114060998097 : Checking image 2 crop y2 3359
1609172114099275677 : Checking image 1 dpi 300
1609172114099395579 : Checking image 1 border top 2
1609172114099435479 : Checking image 1 border bottom 2
1609172114099468079 : Checking image 1 border left 17
1609172114099501780 : Checking image 1 border right 17
1609172114101818609 : Checking image 2 dpi 300
1609172114101904310 : Checking image 2 border top 216
1609172114101939210 : Checking image 2 border bottom 143
1609172114101970911 : Checking image 2 border left 186
1609172114102002611 : Checking image 2 border right 186

</system-out><system-err>--------------------------------- Captured Err ---------------------------------

</system-err></testcase><testcase classname="tests.test_images" name="test_wrong_split_line_png" time="37.478"><system-out>--------------------------------- Captured Log ---------------------------------

--------------------------------- Captured Out ---------------------------------
/home/runner/work/ocr-book/ocr-book/tests/wrong_split_line.png
1609172090293324097 : Checking separation double page angle 89.93395720607973
1609172090293422298 : Checking separation double page y=0 2465
1609172092113674554 : Checking page rotation 1 -0.04999999999999689
1609172094012451678 : Checking page rotation 2 0.5499999999999999
1609172096129060534 : Checking image 1 crop x1 211
1609172096129186136 : Checking image 1 crop y1 156
1609172096129225536 : Checking image 1 crop x2 2323
1609172096129264637 : Checking image 1 crop y2 3363
1609172098947795500 : Checking image 2 crop x1 125
1609172098947914202 : Checking image 2 crop y1 166
1609172098947953802 : Checking image 2 crop x2 2236
1609172098947992303 : Checking image 2 crop y2 3373
1609172098980373809 : Checking image 1 dpi 300
1609172098980478910 : Checking image 1 border top 134
1609172098980514811 : Checking image 1 border bottom 146
1609172098980548311 : Checking image 1 border left 174
1609172098980579412 : Checking image 1 border right 174
1609172098982875740 : Checking image 2 dpi 300
1609172098982958942 : Checking image 2 border top 146
1609172098982993242 : Checking image 2 border bottom 134
1609172098983024242 : Checking image 2 border left 174
1609172098983055543 : Checking image 2 border right 174

</system-out><system-err>--------------------------------- Captured Err ---------------------------------

</system-err></testcase><testcase classname="tests.test_images" name="test_crop_too_much_png" time="61.663"><system-out>--------------------------------- Captured Log ---------------------------------

--------------------------------- Captured Out ---------------------------------
/home/runner/work/ocr-book/ocr-book/tests/crop_too_much.png
1609172150056250404 : Checking separation double page angle 90.13239409272954
1609172150056354906 : Checking separation double page y=0 2455
1609172152581612561 : Checking page rotation 1 0.0
1609172155015111766 : Checking page rotation 2 0.2
1609172158019007159 : Checking image 1 crop x1 303
1609172158019127261 : Checking image 1 crop y1 148
1609172158019166161 : Checking image 1 crop x2 2313
1609172158019202962 : Checking image 1 crop y2 3351
1609172160587153895 : Checking image 2 crop x1 162
1609172160587278196 : Checking image 2 crop y1 151
1609172160587317597 : Checking image 2 crop x2 2186
1609172160587356597 : Checking image 2 crop y2 3363
1609172160630225135 : Checking image 1 dpi 300
1609172160630325436 : Checking image 1 border top 132
1609172160630360537 : Checking image 1 border bottom 152
1609172160630393737 : Checking image 1 border left 225
1609172160630425038 : Checking image 1 border right 225
1609172160632679766 : Checking image 2 dpi 300
1609172160632755067 : Checking image 2 border top 132
1609172160632787567 : Checking image 2 border bottom 143
1609172160632818368 : Checking image 2 border left 218
1609172160632849068 : Checking image 2 border right 218

</system-out><system-err>--------------------------------- Captured Err ---------------------------------

</system-err></testcase><testcase classname="tests.test_images" name="test_image_failed_to_crop_data_png" time="50.885"><system-out>--------------------------------- Captured Log ---------------------------------

--------------------------------- Captured Out ---------------------------------
/home/runner/work/ocr-book/ocr-book/tests/image_failed_to_crop_data.png
1609172143821954436 : Checking separation double page angle 90.053197600644
1609172143822061037 : Checking separation double page y=0 2480
1609172147601231427 : Checking page rotation 1 0.15000000000000002
1609172149535761180 : Checking page rotation 2 0.0
1609172161486731386 : Checking image 1 crop x1 51
1609172161486860288 : Checking image 1 crop y1 7
1609172161486901288 : Checking image 1 crop x2 2478
1609172161486936989 : Checking image 1 crop y2 3505
1609172164990036459 : Checking image 2 crop x1 160
1609172164990166161 : Checking image 2 crop y1 217
1609172164990203661 : Checking image 2 crop x2 2242
1609172164990238762 : Checking image 2 crop y2 3350
1609172165019940935 : Checking image 1 dpi 300
1609172165020062636 : Checking image 1 border top 5
1609172165020102937 : Checking image 1 border bottom 5
1609172165020135337 : Checking image 1 border left 27
1609172165020167237 : Checking image 1 border right 27
1609172165022444566 : Checking image 2 dpi 300
1609172165022534967 : Checking image 2 border top 206
1609172165022570468 : Checking image 2 border bottom 148
1609172165022602268 : Checking image 2 border left 189
1609172165022634068 : Checking image 2 border right 189

</system-out><system-err>--------------------------------- Captured Err ---------------------------------

</system-err></testcase><testcase classname="tests.test_images" name="test_crop_too_few_png" time="34.526"><system-out>--------------------------------- Captured Log ---------------------------------

--------------------------------- Captured Out ---------------------------------
/home/runner/work/ocr-book/ocr-book/tests/crop_too_few.png
1609172186674369510 : Checking separation double page angle 89.54670238452755
1609172186674471311 : Checking separation double page y=0 2512
1609172188526235855 : Checking page rotation 1 -0.6000000000000009
1609172190436871834 : Checking page rotation 2 0.0
1609172192795630337 : Checking image 1 crop x1 263
1609172192795752139 : Checking image 1 crop y1 150
1609172192795791939 : Checking image 1 crop x2 2379
1609172192795828440 : Checking image 1 crop y2 3358
1609172195149009573 : Checking image 2 crop x1 137
1609172195149153975 : Checking image 2 crop y1 141
1609172195149192875 : Checking image 2 crop x2 2259
1609172195149231276 : Checking image 2 crop y2 3345
1609172195179122551 : Checking image 1 dpi 300
1609172195179226852 : Checking image 1 border top 130
1609172195179261252 : Checking image 1 border bottom 149
1609172195179294153 : Checking image 1 border left 172
1609172195179324953 : Checking image 1 border right 172
1609172195181666083 : Checking image 2 dpi 300
1609172195181747484 : Checking image 2 border top 130
1609172195181781184 : Checking image 2 border bottom 153
1609172195181812284 : Checking image 2 border left 169
1609172195181842585 : Checking image 2 border right 169

</system-out><system-err>--------------------------------- Captured Err ---------------------------------

</system-err></testcase><testcase classname="tests.test_images" name="test_wrong_angle_split_line_png" time="57.227"><system-out>--------------------------------- Captured Log ---------------------------------

--------------------------------- Captured Out ---------------------------------
/home/runner/work/ocr-book/ocr-book/tests/wrong_angle_split_line.png
1609172195185586332 : Checking separation double page angle 90.09193420006348
1609172195185682033 : Checking separation double page y=0 2478
1609172200008173925 : Checking page rotation 1 0.1
1609172203093269921 : Checking page rotation 2 0.1
1609172215441286580 : Checking image 1 crop x1 58
1609172215441426582 : Checking image 1 crop y1 6
1609172215441467683 : Checking image 1 crop x2 2476
1609172215441502783 : Checking image 1 crop y2 3501
1609172221493155149 : Checking image 2 crop x1 166
1609172221493286251 : Checking image 2 crop y1 218
1609172221493324051 : Checking image 2 crop x2 2244
1609172221493359651 : Checking image 2 crop y2 3349
1609172221642651225 : Checking image 1 dpi 300
1609172221642773127 : Checking image 1 border top 6
1609172221642810427 : Checking image 1 border bottom 6
1609172221642844028 : Checking image 1 border left 31
1609172221642876928 : Checking image 1 border right 31
1609172221650211520 : Checking image 2 dpi 300
1609172221650321922 : Checking image 2 border top 207
1609172221650356222 : Checking image 2 border bottom 149
1609172221650388322 : Checking image 2 border left 191
1609172221650420523 : Checking image 2 border right 191

</system-out><system-err>--------------------------------- Captured Err ---------------------------------

</system-err></testcase><testcase classname="tests.test_images" name="test_crop_too_much_2_png" time="65.975"><system-out>--------------------------------- Captured Log ---------------------------------

--------------------------------- Captured Out ---------------------------------
/home/runner/work/ocr-book/ocr-book/tests/crop_too_much_2.png
1609172249609552289 : Checking separation double page angle 90.1149074900787
1609172249609662590 : Checking separation double page y=0 2478
1609172251934291527 : Checking page rotation 1 0.15000000000000002
1609172254364818034 : Checking page rotation 2 0.2
1609172257244789746 : Checking image 1 crop x1 330
1609172257244917648 : Checking image 1 crop y1 132
1609172257244957148 : Checking image 1 crop x2 2342
1609172257244992649 : Checking image 1 crop y2 3335
1609172261077616317 : Checking image 2 crop x1 162
1609172261077740818 : Checking image 2 crop y1 139
1609172261077780019 : Checking image 2 crop x2 2175
1609172261077818019 : Checking image 2 crop y2 3345
1609172261125228513 : Checking image 1 dpi 300
1609172261125333215 : Checking image 1 border top 122
1609172261125368815 : Checking image 1 border bottom 162
1609172261125400515 : Checking image 1 border left 224
1609172261125431716 : Checking image 1 border right 224
1609172261127665544 : Checking image 2 dpi 300
1609172261127749645 : Checking image 2 border top 130
1609172261127782745 : Checking image 2 border bottom 151
1609172261127814546 : Checking image 2 border left 223
1609172261127845746 : Checking image 2 border right 223

</system-out><system-err>--------------------------------- Captured Err ---------------------------------

</system-err></testcase><testcase classname="tests.test_images" name="test_angle_page_lower_split_line_png" time="43.699"><system-out>--------------------------------- Captured Log ---------------------------------

--------------------------------- Captured Out ---------------------------------
/home/runner/work/ocr-book/ocr-book/tests/angle_page_lower_split_line.png
1609172255472757550 : Checking separation double page angle 89.74927707086691
1609172255472866351 : Checking separation double page y=0 2474
1609172257748562128 : Checking page rotation 1 -0.14999999999999067
1609172260003561058 : Checking page rotation 2 0.1
1609172262949983679 : Checking image 1 crop x1 241
1609172262950110580 : Checking image 1 crop y1 156
1609172262950147781 : Checking image 1 crop x2 2357
1609172262950183081 : Checking image 1 crop y2 3368
1609172265975747894 : Checking image 2 crop x1 149
1609172265975878995 : Checking image 2 crop y1 146
1609172265975916396 : Checking image 2 crop x2 2259
1609172265975951996 : Checking image 2 crop y2 3351
1609172266009977923 : Checking image 1 dpi 300
1609172266010099024 : Checking image 1 border top 140
1609172266010135725 : Checking image 1 border bottom 135
1609172266010168225 : Checking image 1 border left 172
1609172266010200326 : Checking image 1 border right 172
1609172266012431754 : Checking image 2 dpi 300
1609172266012517255 : Checking image 2 border top 131
1609172266012551255 : Checking image 2 border bottom 151
1609172266012583155 : Checking image 2 border left 175
1609172266012614756 : Checking image 2 border right 175

</system-out><system-err>--------------------------------- Captured Err ---------------------------------

</system-err></testcase><testcase classname="tests.test_images" name="test_wrong_split_line_2_png" time="66.600"><system-out>--------------------------------- Captured Log ---------------------------------

--------------------------------- Captured Out ---------------------------------
/home/runner/work/ocr-book/ocr-book/tests/wrong_split_line_2.png
1609172311254313895 : Checking separation double page angle 90.19944704411863
1609172311254418497 : Checking separation double page y=0 2437
1609172313679131864 : Checking page rotation 1 0.2
1609172316034866971 : Checking page rotation 2 0.2
1609172320557274338 : Checking image 1 crop x1 294
1609172320557402139 : Checking image 1 crop y1 136
1609172320557440340 : Checking image 1 crop x2 2325
1609172320557475640 : Checking image 1 crop y2 3376
1609172327693144495 : Checking image 2 crop x1 136
1609172327693267596 : Checking image 2 crop y1 190
1609172327693306997 : Checking image 2 crop x2 2172
1609172327693343697 : Checking image 2 crop y2 3389
1609172327736526039 : Checking image 1 dpi 300
1609172327736633341 : Checking image 1 border top 131
1609172327736668041 : Checking image 1 border bottom 116
1609172327736701442 : Checking image 1 border left 214
1609172327736733942 : Checking image 1 border right 214
1609172327738959270 : Checking image 2 dpi 300
1609172327739044971 : Checking image 2 border top 181
1609172327739078771 : Checking image 2 border bottom 107
1609172327739109872 : Checking image 2 border left 212
1609172327739140572 : Checking image 2 border right 212

</system-out><system-err>--------------------------------- Captured Err ---------------------------------

</system-err></testcase><testcase classname="tests.test_images" name="test_wrong_wave_split_line_png" time="64.768"><system-out>--------------------------------- Captured Log ---------------------------------

--------------------------------- Captured Out ---------------------------------
/home/runner/work/ocr-book/ocr-book/tests/wrong_wave_split_line.png
1609172314451270434 : Checking separation double page angle 90.37878604107719
1609172314451377535 : Checking separation double page y=0 2500
1609172316615692562 : Checking page rotation 1 -0.14999999999999067
1609172318955879936 : Checking page rotation 2 0.9
1609172325020652059 : Checking image 1 crop x1 385
1609172325020778961 : Checking image 1 crop y1 179
1609172325020817261 : Checking image 1 crop x2 2411
1609172325020852462 : Checking image 1 crop y2 3374
1609172330723131417 : Checking image 2 crop x1 17
1609172330723257318 : Checking image 2 crop y1 8
1609172330723296619 : Checking image 2 crop x2 2399
1609172330723331519 : Checking image 2 crop y2 3391
1609172330769520399 : Checking image 1 dpi 300
1609172330769622400 : Checking image 1 border top 173
1609172330769658701 : Checking image 1 border bottom 119
1609172330769691301 : Checking image 1 border left 217
1609172330769722902 : Checking image 1 border right 217
1609172330771874129 : Checking image 2 dpi 300
1609172330771947429 : Checking image 2 border top 0
1609172330771984730 : Checking image 2 border bottom 114
1609172330772016530 : Checking image 2 border left 49
1609172330772048831 : Checking image 2 border right 49

</system-out><system-err>--------------------------------- Captured Err ---------------------------------

</system-err></testcase><testcase classname="tests.test_images" name="test_small_wave_png" time="58.972"><system-out>--------------------------------- Captured Log ---------------------------------

--------------------------------- Captured Out ---------------------------------
/home/runner/work/ocr-book/ocr-book/tests/small_wave.png
1609172377670590309 : Checking separation double page angle 90.58816928841564
1609172377670702011 : Checking separation double page y=0 2497
1609172380258747672 : Checking page rotation 1 0.65
1609172382435631378 : Checking page rotation 2 0.65
1609172384566188002 : Checking image 1 crop x1 320
1609172384566315703 : Checking image 1 crop y1 199
1609172384566355104 : Checking image 1 crop x2 2353
1609172384566391304 : Checking image 1 crop y2 3394
1609172386675136255 : Checking image 2 crop x1 130
1609172386675256856 : Checking image 2 crop y1 222
1609172386675296257 : Checking image 2 crop x2 2163
1609172386675334957 : Checking image 2 crop y2 3420
1609172386711994217 : Checking image 1 dpi 300
1609172386712102918 : Checking image 1 border top 179
1609172386712138519 : Checking image 1 border bottom 112
1609172386712170219 : Checking image 1 border left 213
1609172386712200920 : Checking image 1 border right 213
1609172386714557449 : Checking image 2 dpi 300
1609172386714644350 : Checking image 2 border top 197
1609172386714677051 : Checking image 2 border bottom 92
1609172386714708351 : Checking image 2 border left 213
1609172386714739051 : Checking image 2 border right 213

</system-out><system-err>--------------------------------- Captured Err ---------------------------------

</system-err></testcase><testcase classname="tests.test_images" name="test_no_split_line_line_algo_png" time="43.914"><system-out>--------------------------------- Captured Log ---------------------------------

--------------------------------- Captured Out ---------------------------------
/home/runner/work/ocr-book/ocr-book/tests/no_split_line_line_algo.png
1609172364611610904 : Checking separation double page angle 89.47691469185418
1609172364611725206 : Checking separation double page y=0 2476
1609172366411747485 : Checking page rotation 1 -0.14999999999999067
1609172368594828269 : Checking page rotation 2 -0.14999999999999067
1609172370634938660 : Checking image 1 crop x1 205
1609172370635063561 : Checking image 1 crop y1 158
1609172370635100862 : Checking image 1 crop x2 2320
1609172370635136262 : Checking image 1 crop y2 3366
1609172374661182662 : Checking image 2 crop x1 185
1609172374661305864 : Checking image 2 crop y1 225
1609172374661342564 : Checking image 2 crop x2 2204
1609172374661377764 : Checking image 2 crop y2 3362
1609172374699437542 : Checking image 1 dpi 300
1609172374699534543 : Checking image 1 border top 144
1609172374699570744 : Checking image 1 border bottom 134
1609172374699603644 : Checking image 1 border left 172
1609172374699635944 : Checking image 1 border right 172
1609172374701876772 : Checking image 2 dpi 300
1609172374701953873 : Checking image 2 border top 224
1609172374701987474 : Checking image 2 border bottom 126
1609172374702019574 : Checking image 2 border left 220
1609172374702051775 : Checking image 2 border right 220

</system-out><system-err>--------------------------------- Captured Err ---------------------------------

</system-err></testcase><testcase classname="tests.test_images" name="test_failed_split_line_line_algo_png" time="23.192"><system-out>--------------------------------- Captured Log ---------------------------------

--------------------------------- Captured Out ---------------------------------
/home/runner/work/ocr-book/ocr-book/tests/failed_split_line_line_algo.png
1609172390927159875 : Checking separation double page angle 90.04134220573248
1609172390927263276 : Checking separation double page y=0 2573
1609172392596696109 : Checking page rotation 1 -0.09999999999999377
1609172393974676187 : Checking page rotation 2 0.1
1609172396319049286 : Checking image 1 crop x1 408
1609172396319185288 : Checking image 1 crop y1 2926
1609172396319220588 : Checking image 1 crop x2 2420
1609172396319252388 : Checking image 1 crop y2 3173
1609172397915230820 : Checking image 2 crop x1 1184
1609172397915350221 : Checking image 2 crop y1 1745
1609172397915382521 : Checking image 2 crop x2 1185
1609172397915411722 : Checking image 2 crop y2 1746
1609172397915685325 : Checking image 1 dpi 300
1609172397915764526 : Checking image 1 border top 2922
1609172397915796327 : Checking image 1 border bottom 318
1609172397915826127 : Checking image 1 border left 224
1609172397915855727 : Checking image 1 border right 224
1609172397917648750 : Checking image 2 dpi 300
1609172397917727451 : Checking image 2 border top 1753
1609172397917761051 : Checking image 2 border bottom 1753
1609172397917790552 : Checking image 2 border left 1239
1609172397917819952 : Checking image 2 border right 1239

</system-out><system-err>--------------------------------- Captured Err ---------------------------------

</system-err></testcase><testcase classname="tests.test_images" name="test_wrong_split_line_3_png" time="47.127"><system-out>--------------------------------- Captured Log ---------------------------------

--------------------------------- Captured Out ---------------------------------
/home/runner/work/ocr-book/ocr-book/tests/wrong_split_line_3.png
1609172424950255226 : Checking separation double page angle 90.43729500214694
1609172424950366327 : Checking separation double page y=0 2498
1609172427239734769 : Checking page rotation 1 0.2
1609172429189360987 : Checking page rotation 2 0.85
1609172431450412861 : Checking image 1 crop x1 331
1609172431450541762 : Checking image 1 crop y1 166
1609172431450581963 : Checking image 1 crop x2 2377
1609172431450618863 : Checking image 1 crop y2 3375
1609172433812842786 : Checking image 2 crop x1 102
1609172433812971088 : Checking image 2 crop y1 207
1609172433813031488 : Checking image 2 crop x2 2135
1609172433813072989 : Checking image 2 crop y2 3414
1609172433847393019 : Checking image 1 dpi 300
1609172433847497621 : Checking image 1 border top 158
1609172433847534221 : Checking image 1 border bottom 120
1609172433847567821 : Checking image 1 border left 207
1609172433847598922 : Checking image 1 border right 207
1609172433849918851 : Checking image 2 dpi 300
1609172433850004552 : Checking image 2 border top 186
1609172433850037752 : Checking image 2 border bottom 94
1609172433850068553 : Checking image 2 border left 213
1609172433850099353 : Checking image 2 border right 213

</system-out><system-err>--------------------------------- Captured Err ---------------------------------

</system-err></testcase><testcase classname="tests.test_images" name="test_failed_split_line_line_algo_2_png" time="51.207"><system-out>--------------------------------- Captured Log ---------------------------------

--------------------------------- Captured Out ---------------------------------
/home/runner/work/ocr-book/ocr-book/tests/failed_split_line_line_algo_2.png
1609172439578616468 : Checking separation double page angle 90.03068774449687
1609172439578729369 : Checking separation double page y=0 2500
1609172441937321746 : Checking page rotation 1 0.05
1609172444034396085 : Checking page rotation 2 0.5499999999999999
1609172446478249200 : Checking image 1 crop x1 271
1609172446478384802 : Checking image 1 crop y1 149
1609172446478422402 : Checking image 1 crop x2 2382
1609172446478456403 : Checking image 1 crop y2 3354
1609172449054074897 : Checking image 2 crop x1 120
1609172449054210499 : Checking image 2 crop y1 155
1609172449054248099 : Checking image 2 crop x2 2244
1609172449054283900 : Checking image 2 crop y2 3350
1609172449093106286 : Checking image 1 dpi 300
1609172449093232288 : Checking image 1 border top 141
1609172449093268588 : Checking image 1 border bottom 141
1609172449093301489 : Checking image 1 border left 174
1609172449093333489 : Checking image 1 border right 174
1609172449095573017 : Checking image 2 dpi 300
1609172449095653118 : Checking image 2 border top 140
1609172449095686119 : Checking image 2 border bottom 152
1609172449095717919 : Checking image 2 border left 168
1609172449095749519 : Checking image 2 border right 168

</system-out><system-err>--------------------------------- Captured Err ---------------------------------

</system-err></testcase><testcase classname="tests.test_images" name="test_crop_too_much_3_png" time="52.668"><system-out>--------------------------------- Captured Log ---------------------------------

--------------------------------- Captured Out ---------------------------------
/home/runner/work/ocr-book/ocr-book/tests/crop_too_much_3.png
1609172476635239919 : Checking separation double page angle 89.49330634783144
1609172476635347320 : Checking separation double page y=0 2498
1609172478702126970 : Checking page rotation 1 -0.8999999999999949
1609172481002901040 : Checking page rotation 2 -0.14999999999999067
1609172483721876320 : Checking image 1 crop x1 374
1609172483722000922 : Checking image 1 crop y1 258
1609172483722039722 : Checking image 1 crop x2 2385
1609172483722076122 : Checking image 1 crop y2 3459
1609172486480169077 : Checking image 2 crop x1 168
1609172486480295578 : Checking image 2 crop y1 228
1609172486480335078 : Checking image 2 crop x2 2181
1609172486480373279 : Checking image 2 crop y2 3417
1609172486522925491 : Checking image 1 dpi 300
1609172486523027692 : Checking image 1 border top 239
1609172486523062092 : Checking image 1 border bottom 47
1609172486523094693 : Checking image 1 border left 224
1609172486523125593 : Checking image 1 border right 224
1609172486525373415 : Checking image 2 dpi 300
1609172486525453915 : Checking image 2 border top 209
1609172486525487316 : Checking image 2 border bottom 89
1609172486525518816 : Checking image 2 border left 223
1609172486525549516 : Checking image 2 border right 223

</system-out><system-err>--------------------------------- Captured Err ---------------------------------

</system-err></testcase><testcase classname="tests.test_images" name="test_wrong_wave_split_line_2_png" time="54.014"><system-out>--------------------------------- Captured Log ---------------------------------

--------------------------------- Captured Out ---------------------------------
/home/runner/work/ocr-book/ocr-book/tests/wrong_wave_split_line_2.png
1609172492973242292 : Checking separation double page angle 90.7708958311329
1609172492973358693 : Checking separation double page y=0 2490
1609172495208081622 : Checking page rotation 1 0.2
1609172497422890858 : Checking page rotation 2 1.65
1609172499777513748 : Checking image 1 crop x1 227
1609172499777646349 : Checking image 1 crop y1 147
1609172499777683649 : Checking image 1 crop x2 2342
1609172499777718750 : Checking image 1 crop y2 3353
1609172503068073411 : Checking image 2 crop x1 106
1609172503068202312 : Checking image 2 crop y1 195
1609172503068239812 : Checking image 2 crop x2 2231
1609172503068275113 : Checking image 2 crop y2 3398
1609172503112772956 : Checking image 1 dpi 300
1609172503112884657 : Checking image 1 border top 136
1609172503112920857 : Checking image 1 border bottom 145
1609172503112953257 : Checking image 1 border left 172
1609172503112985658 : Checking image 1 border right 172
1609172503115342181 : Checking image 2 dpi 300
1609172503115436982 : Checking image 2 border top 165
1609172503115471982 : Checking image 2 border bottom 118
1609172503115504283 : Checking image 2 border left 167
1609172503115535783 : Checking image 2 border right 167

</system-out><system-err>--------------------------------- Captured Err ---------------------------------

</system-err></testcase><testcase classname="tests.test_images" name="test_wrong_wave_split_line_3_png" time="46.997"><system-out>--------------------------------- Captured Log ---------------------------------

--------------------------------- Captured Out ---------------------------------
/home/runner/work/ocr-book/ocr-book/tests/wrong_wave_split_line_3.png
1609172524661283268 : Checking separation double page angle 90.05826063695574
1609172524661394170 : Checking separation double page y=0 2514
1609172527011831705 : Checking page rotation 1 0.0
1609172529052301895 : Checking page rotation 2 0.2
1609172531456467964 : Checking image 1 crop x1 274
1609172531456599865 : Checking image 1 crop y1 221
1609172531456639166 : Checking image 1 crop x2 2383
1609172531456675666 : Checking image 1 crop y2 3422
1609172533502111288 : Checking image 2 crop x1 112
1609172533502232591 : Checking image 2 crop y1 225
1609172533502272092 : Checking image 2 crop x2 2238
1609172533502309893 : Checking image 2 crop y2 3415
1609172533538020913 : Checking image 1 dpi 300
1609172533538117615 : Checking image 1 border top 201
1609172533538152716 : Checking image 1 border bottom 85
1609172533538185717 : Checking image 1 border left 175
1609172533538216618 : Checking image 1 border right 175
1609172533540420375 : Checking image 2 dpi 300
1609172533540494077 : Checking image 2 border top 207
1609172533540527378 : Checking image 2 border bottom 90
1609172533540558078 : Checking image 2 border left 167
1609172533540589379 : Checking image 2 border right 167

</system-out><system-err>--------------------------------- Captured Err ---------------------------------

</system-err></testcase><testcase classname="tests.test_images" name="test_no_split_line_wave_algo_png" time="58.789"><system-out>--------------------------------- Captured Log ---------------------------------

--------------------------------- Captured Out ---------------------------------
/home/runner/work/ocr-book/ocr-book/tests/no_split_line_wave_algo.png
1609172538993821009 : Checking separation double page angle 89.72500000000001
1609172538993939910 : Checking separation double page y=0 2484
1609172542526157833 : Checking page rotation 1 0.0
1609172544729609785 : Checking page rotation 2 -0.44999999999999746
1609172555016376192 : Checking image 1 crop x1 97
1609172555016461193 : Checking image 1 crop y1 79
1609172555016496093 : Checking image 1 crop x2 2494
1609172555016529894 : Checking image 1 crop y2 3505
1609172561832498919 : Checking image 2 crop x1 163
1609172561832620720 : Checking image 2 crop y1 267
1609172561832660221 : Checking image 2 crop x2 2238
1609172561832694421 : Checking image 2 crop y2 3380
1609172561870621240 : Checking image 1 dpi 300
1609172561870728742 : Checking image 1 border top 41
1609172561870764842 : Checking image 1 border bottom 41
1609172561870797642 : Checking image 1 border left 42
1609172561870830243 : Checking image 1 border right 42
1609172561873085468 : Checking image 2 dpi 300
1609172561873168169 : Checking image 2 border top 255
1609172561873201769 : Checking image 2 border bottom 119
1609172561873233369 : Checking image 2 border left 192
1609172561873265670 : Checking image 2 border right 192

</system-out><system-err>--------------------------------- Captured Err ---------------------------------

</system-err></testcase><testcase classname="tests.test_images" name="test_no_split_line_wave_algo_2_png" time="41.038"><system-out>--------------------------------- Captured Log ---------------------------------

--------------------------------- Captured Out ---------------------------------
/home/runner/work/ocr-book/ocr-book/tests/no_split_line_wave_algo_2.png
1609172566113394736 : Checking separation double page angle 90.54999999999998
1609172566113504437 : Checking separation double page y=0 2478
1609172568100898654 : Checking page rotation 1 1.0999999999999999
1609172570145398951 : Checking page rotation 2 0.2
1609172572427459882 : Checking image 1 crop x1 266
1609172572427590484 : Checking image 1 crop y1 210
1609172572427630084 : Checking image 1 crop x2 2342
1609172572427668885 : Checking image 1 crop y2 3413
1609172574538132357 : Checking image 2 crop x1 168
1609172574538264259 : Checking image 2 crop y1 241
1609172574538303059 : Checking image 2 crop x2 2251
1609172574538341160 : Checking image 2 crop y2 3433
1609172574574466591 : Checking image 1 dpi 300
1609172574574577992 : Checking image 1 border top 192
1609172574574614093 : Checking image 1 border bottom 91
1609172574574647093 : Checking image 1 border left 192
1609172574574678293 : Checking image 1 border right 192
1609172574577039021 : Checking image 2 dpi 300
1609172574577126423 : Checking image 2 border top 224
1609172574577158723 : Checking image 2 border bottom 71
1609172574577189623 : Checking image 2 border left 188
1609172574577220624 : Checking image 2 border right 188

</system-out><system-err>--------------------------------- Captured Err ---------------------------------

</system-err></testcase><testcase classname="tests.test_images" name="test_crop_too_few_2_png" time="40.634"><system-out>--------------------------------- Captured Log ---------------------------------

--------------------------------- Captured Out ---------------------------------
/home/runner/work/ocr-book/ocr-book/tests/crop_too_few_2.png
1609172593057248507 : Checking separation double page angle 90.30476192320097
1609172593057364409 : Checking separation double page y=0 2531
1609172595098628760 : Checking page rotation 1 1.0999999999999999
1609172597169143511 : Checking page rotation 2 -0.04999999999999689
1609172599762601736 : Checking image 1 crop x1 289
1609172599762733338 : Checking image 1 crop y1 165
1609172599762769839 : Checking image 1 crop x2 2400
1609172599762804939 : Checking image 1 crop y2 3367
1609172602525070141 : Checking image 2 crop x1 149
1609172602525204843 : Checking image 2 crop y1 189
1609172602525241443 : Checking image 2 crop x2 2273
1609172602525276943 : Checking image 2 crop y2 3386
1609172602559457562 : Checking image 1 dpi 300
1609172602559577164 : Checking image 1 border top 157
1609172602559614964 : Checking image 1 border bottom 128
1609172602559647364 : Checking image 1 border left 174
1609172602559679465 : Checking image 1 border right 174
1609172602561970893 : Checking image 2 dpi 300
1609172602562060994 : Checking image 2 border top 181
1609172602562095394 : Checking image 2 border bottom 109
1609172602562127195 : Checking image 2 border left 168
1609172602562159695 : Checking image 2 border right 168

</system-out><system-err>--------------------------------- Captured Err ---------------------------------

</system-err></testcase><testcase classname="tests.test_images" name="test_failed_detect_rectangle_png" time="49.722"><system-out>--------------------------------- Captured Log ---------------------------------

--------------------------------- Captured Out ---------------------------------
/home/runner/work/ocr-book/ocr-book/tests/failed_detect_rectangle.png
1609172614610247859 : Checking separation double page angle 90.19837516213148
1609172614610353061 : Checking separation double page y=0 2474
1609172616794777388 : Checking page rotation 1 0.2
1609172619202062124 : Checking page rotation 2 0.15000000000000002
1609172621300023036 : Checking image 1 crop x1 257
1609172621300143838 : Checking image 1 crop y1 201
1609172621300184038 : Checking image 1 crop x2 2333
1609172621300223139 : Checking image 1 crop y2 3402
1609172624248265194 : Checking image 2 crop x1 135
1609172624248379196 : Checking image 2 crop y1 214
1609172624248418796 : Checking image 2 crop x2 2219
1609172624248456097 : Checking image 2 crop y2 3406
1609172624291116137 : Checking image 1 dpi 300
1609172624291215238 : Checking image 1 border top 188
1609172624291250439 : Checking image 1 border bottom 97
1609172624291283439 : Checking image 1 border left 192
1609172624291314140 : Checking image 1 border right 192
1609172624293571768 : Checking image 2 dpi 300
1609172624293647769 : Checking image 2 border top 202
1609172624293682970 : Checking image 2 border bottom 93
1609172624293714170 : Checking image 2 border left 188
1609172624293744470 : Checking image 2 border right 188

</system-out><system-err>--------------------------------- Captured Err ---------------------------------

</system-err></testcase><testcase classname="tests.test_images" name="test_single_page_png" time="21.916"><system-out>--------------------------------- Captured Log ---------------------------------

--------------------------------- Captured Out ---------------------------------
/home/runner/work/ocr-book/ocr-book/tests/single_page.png
1609172612329717021 : Checking separation double page angle 90.04999999999998
1609172612329836522 : Checking separation double page y=0 2476
1609172616338094033 : Checking page rotation 1 0.0
1609172616837863331 : Checking page rotation 2 0.0
1609172623672039493 : Checking image 1 crop x1 1
1609172623672123694 : Checking image 1 crop y1 8
1609172623672159194 : Checking image 1 crop x2 2470
1609172623672192995 : Checking image 1 crop y2 3505
1609172624181115143 : Checking image 2 crop x1 0
1609172624181191244 : Checking image 2 crop y1 0
1609172624181222845 : Checking image 2 crop x2 0
1609172624181253545 : Checking image 2 crop y2 0
1609172624181318246 : Checking image 1 dpi 300
1609172624181375947 : Checking image 1 border top 5
1609172624181409447 : Checking image 1 border bottom 5
1609172624181441547 : Checking image 1 border left 6
1609172624181473848 : Checking image 1 border right 6
1609172624187280421 : Checking image 2 border top 0
1609172624187344322 : Checking image 2 border bottom 0
1609172624187375223 : Checking image 2 border left 0
1609172624187406623 : Checking image 2 border right 0

</system-out><system-err>--------------------------------- Captured Err ---------------------------------

</system-err></testcase><testcase classname="tests.test_images" name="test_no_split_line_wave_algo_3_png" time="14.000"><system-out>--------------------------------- Captured Log ---------------------------------

--------------------------------- Captured Out ---------------------------------
/home/runner/work/ocr-book/ocr-book/tests/no_split_line_wave_algo_3.png
1609172634061618455 : Checking separation double page angle 90.14999999999998
1609172634061744857 : Checking separation double page y=0 2408
1609172636044457340 : Checking page rotation 1 -0.09999999999999377
1609172636328446308 : Checking page rotation 2 0.0
1609172637826719023 : Checking image 1 crop x1 182
1609172637826798424 : Checking image 1 crop y1 2955
1609172637826833224 : Checking image 1 crop x2 2199
1609172637826866525 : Checking image 1 crop y2 3203
1609172638292634792 : Checking image 2 crop x1 0
1609172638292710092 : Checking image 2 crop y1 0
1609172638292740993 : Checking image 2 crop x2 0
1609172638292770193 : Checking image 2 crop y2 0
1609172638292837394 : Checking image 1 dpi 300
1609172638292895895 : Checking image 1 border top 2951
1609172638292927995 : Checking image 1 border bottom 288
1609172638292959296 : Checking image 1 border left 221
1609172638292989496 : Checking image 1 border right 221
1609172638297353653 : Checking image 2 border top 0
1609172638297414154 : Checking image 2 border bottom 0
1609172638297444254 : Checking image 2 border left 0
1609172638297473955 : Checking image 2 border right 0

</system-out><system-err>--------------------------------- Captured Err ---------------------------------

</system-err></testcase><testcase classname="tests.test_images" name="test_wrong_split_line_4_png" time="23.096"><system-out>--------------------------------- Captured Log ---------------------------------

--------------------------------- Captured Out ---------------------------------
/home/runner/work/ocr-book/ocr-book/tests/wrong_split_line_4.png
1609172641982298550 : Checking separation double page angle 91.04999999999998
1609172641982410051 : Checking separation double page y=0 60
1609172642159949264 : Checking page rotation 1 1.0
1609172644222973235 : Checking page rotation 2 1.05
1609172644759906530 : Checking image 1 crop x1 0
1609172644759971431 : Checking image 1 crop y1 0
1609172644760001232 : Checking image 1 crop x2 0
1609172644760029332 : Checking image 1 crop y2 0
1609172647572016572 : Checking image 2 crop x1 291
1609172647572141273 : Checking image 2 crop y1 330
1609172647572176174 : Checking image 2 crop x2 2316
1609172647572206474 : Checking image 2 crop y2 3217
1609172647612232872 : Checking image 1 border top 0
1609172647612287172 : Checking image 1 border bottom 0
1609172647612318373 : Checking image 1 border left 0
1609172647612347273 : Checking image 1 border right 0
1609172647612401874 : Checking image 2 dpi 300
1609172647612466374 : Checking image 2 border top 322
1609172647612496575 : Checking image 2 border bottom 278
1609172647612525075 : Checking image 2 border left 217
1609172647612554176 : Checking image 2 border right 217

</system-out><system-err>--------------------------------- Captured Err ---------------------------------

</system-err></testcase><testcase classname="tests.test_images" name="test_failed_split_line_line_algo_3_png" time="16.303"><system-out>--------------------------------- Captured Log ---------------------------------

--------------------------------- Captured Out ---------------------------------
/home/runner/work/ocr-book/ocr-book/tests/failed_split_line_line_algo_3.png
1609172650303882016 : Checking separation double page angle 90.0
1609172650303983318 : Checking separation double page y=0 40
1609172650432151810 : Checking page rotation 1 0.0
1609172652008730200 : Checking page rotation 2 -0.04999999999999689
1609172652375860841 : Checking image 1 crop x1 0
1609172652375925742 : Checking image 1 crop y1 0
1609172652375953942 : Checking image 1 crop x2 0
1609172652375981242 : Checking image 1 crop y2 0
1609172654627332385 : Checking image 2 crop x1 247
1609172654627415186 : Checking image 2 crop y1 153
1609172654627447186 : Checking image 2 crop x2 2260
1609172654627477387 : Checking image 2 crop y2 3360
1609172654661369468 : Checking image 1 border top 0
1609172654661434469 : Checking image 1 border bottom 0
1609172654661463269 : Checking image 1 border left 0
1609172654661491070 : Checking image 1 border right 0
1609172654661531070 : Checking image 2 dpi 300
1609172654661592571 : Checking image 2 border top 144
1609172654661622371 : Checking image 2 border bottom 136
1609172654661650971 : Checking image 2 border left 223
1609172654661678872 : Checking image 2 border right 223

</system-out><system-err>--------------------------------- Captured Err ---------------------------------

</system-err></testcase></testsuite></testsuites>