<?xml version="1.0" encoding="utf-8"?><testsuites><testsuite errors="0" failures="0" hostname="travis-job-a7434786-4ff3-420c-83b7-cf1ac9ab434c" name="pytest" skipped="0" tests="5" time="289.278" timestamp="2020-10-22T07:55:50.708675"><testcase classname="tests.test_images" name="test_0001_png" time="58.106"><system-out>--------------------------------- Captured Log ---------------------------------

--------------------------------- Captured Out ---------------------------------
0001.png
1603353385248801536 : Checking separation double page angle 90.5270406818651
1603353385248942336 : Checking separation double page y=0 2485
1603353395130094848 : Checking page rotation 1 0.7000000000000001
1603353407676711168 : Checking page rotation 2 0.2
1603353408312290048 : Checking image 1 crop x1 332
1603353408312379648 : Checking image 1 crop y1 336
1603353408312423680 : Checking image 1 crop x2 2343
1603353408312465920 : Checking image 1 crop y2 3223
1603353408938649344 : Checking image 2 crop x1 169
1603353408938738432 : Checking image 2 crop y1 649
1603353408938782976 : Checking image 2 crop x2 2183
1603353408938825984 : Checking image 2 crop y2 3360
1603353408991446784 : Checking image 1 dpi 300
1603353408991564032 : Checking image 1 border top 325
1603353408991604224 : Checking image 1 border bottom 275
1603353408991640832 : Checking image 1 border left 224
1603353408991676160 : Checking image 1 border right 224
1603353408993370880 : Checking image 2 dpi 300
1603353408993470720 : Checking image 2 border top 672
1603353408993508352 : Checking image 2 border bottom 104
1603353408993544960 : Checking image 2 border left 223
1603353408993580544 : Checking image 2 border right 223

</system-out><system-err>--------------------------------- Captured Err ---------------------------------

</system-err></testcase><testcase classname="tests.test_images" name="test_2_pages_2_contours_png" time="28.545"><system-out>--------------------------------- Captured Log ---------------------------------

--------------------------------- Captured Out ---------------------------------
2-pages-2-contours.png
1603353425736677120 : Checking separation double page angle 90.2210765693812
1603353425736766976 : Checking separation double page y=0 2487
1603353427525968384 : Checking page rotation 1 0.0
1603353436502726144 : Checking page rotation 2 0.35000000000000003
1603353436970665216 : Checking image 1 crop x1 1183
1603353436970745600 : Checking image 1 crop y1 1720
1603353436970782720 : Checking image 1 crop x2 1184
1603353436970818048 : Checking image 1 crop y2 1721
1603353437524844032 : Checking image 2 crop x1 109
1603353437524918016 : Checking image 2 crop y1 241
1603353437524951040 : Checking image 2 crop x2 2154
1603353437524983296 : Checking image 2 crop y2 3239
1603353437551209216 : Checking image 1 dpi 300
1603353437551290112 : Checking image 1 border top 1752
1603353437551319808 : Checking image 1 border bottom 1753
1603353437551347712 : Checking image 1 border left 1239
1603353437551375104 : Checking image 1 border right 1239
1603353437552316672 : Checking image 2 dpi 300
1603353437552416512 : Checking image 2 border top 230
1603353437552454144 : Checking image 2 border bottom 259
1603353437552482304 : Checking image 2 border left 207
1603353437552510464 : Checking image 2 border right 207

</system-out><system-err>--------------------------------- Captured Err ---------------------------------

</system-err></testcase><testcase classname="tests.test_images" name="test_black_border_not_removed_png" time="68.567"><system-out>--------------------------------- Captured Log ---------------------------------

--------------------------------- Captured Out ---------------------------------
black-border-not-removed.png
1603353478457280000 : Checking separation double page angle 89.96520148719509
1603353478457383424 : Checking separation double page y=0 2454
1603353488894826240 : Checking page rotation 1 0.0
1603353504744686592 : Checking page rotation 2 0.0
1603353505394089984 : Checking image 1 crop x1 298
1603353505394177536 : Checking image 1 crop y1 144
1603353505394221056 : Checking image 1 crop x2 2308
1603353505394263296 : Checking image 1 crop y2 3346
1603353506056725248 : Checking image 2 crop x1 158
1603353506056799488 : Checking image 2 crop y1 146
1603353506056833024 : Checking image 2 crop x2 2169
1603353506056865280 : Checking image 2 crop y2 3351
1603353506112366080 : Checking image 1 dpi 300
1603353506112483584 : Checking image 1 border top 129
1603353506112518400 : Checking image 1 border bottom 156
1603353506112547840 : Checking image 1 border left 225
1603353506112575232 : Checking image 1 border right 225
1603353506114062080 : Checking image 2 dpi 300
1603353506114149376 : Checking image 2 border top 131
1603353506114178560 : Checking image 2 border bottom 151
1603353506114205696 : Checking image 2 border left 224
1603353506114233088 : Checking image 2 border right 224

</system-out><system-err>--------------------------------- Captured Err ---------------------------------

</system-err></testcase><testcase classname="tests.test_images" name="test_image_failed_to_rotate_png" time="77.414"><system-out>--------------------------------- Captured Log ---------------------------------

--------------------------------- Captured Out ---------------------------------
image_failed_to_rotate.png
1603353532751816960 : Checking separation double page angle 90.32101699455094
1603353532751957504 : Checking separation double page y=0 2487
1603353537563484416 : Checking page rotation 1 0.30000000000000004
1603353548296811264 : Checking page rotation 2 0.4
1603353582622273024 : Checking image 1 crop x1 86
1603353582622389248 : Checking image 1 crop y1 6
1603353582622443520 : Checking image 1 crop x2 2480
1603353582622486784 : Checking image 1 crop y2 3483
1603353583294853120 : Checking image 2 crop x1 171
1603353583294940160 : Checking image 2 crop y1 235
1603353583294983680 : Checking image 2 crop x2 2250
1603353583295025664 : Checking image 2 crop y2 3355
1603353583442990848 : Checking image 1 dpi 300
1603353583443119616 : Checking image 1 border top 15
1603353583443159552 : Checking image 1 border bottom 15
1603353583443196672 : Checking image 1 border left 41
1603353583443233280 : Checking image 1 border right 41
1603353583444924672 : Checking image 2 dpi 300
1603353583445040640 : Checking image 2 border top 207
1603353583445078272 : Checking image 2 border bottom 160
1603353583445114368 : Checking image 2 border left 190
1603353583445149952 : Checking image 2 border right 190

</system-out><system-err>--------------------------------- Captured Err ---------------------------------

</system-err></testcase><testcase classname="tests.test_images" name="test_image_failed_to_crop_data_png" time="55.590"><system-out>--------------------------------- Captured Log ---------------------------------

--------------------------------- Captured Out ---------------------------------
image_failed_to_crop_data.png
1603353609231160832 : Checking separation double page angle 90.0674195607512
1603353609231253760 : Checking separation double page y=0 2484
1603353614764500224 : Checking page rotation 1 0.0
1603353623623772416 : Checking page rotation 2 0.1
1603353638409725184 : Checking image 1 crop x1 116
1603353638409813760 : Checking image 1 crop y1 7
1603353638409847552 : Checking image 1 crop x2 2476
1603353638409880064 : Checking image 1 crop y2 3503
1603353638984793600 : Checking image 2 crop x1 160
1603353638984864768 : Checking image 2 crop y1 219
1603353638984898560 : Checking image 2 crop x2 2237
1603353638984930560 : Checking image 2 crop y2 3349
1603353639082981632 : Checking image 1 dpi 300
1603353639083086848 : Checking image 1 border top 5
1603353639083117568 : Checking image 1 border bottom 5
1603353639083144704 : Checking image 1 border left 55
1603353639083171840 : Checking image 1 border right 55
1603353639085126656 : Checking image 2 dpi 300
1603353639085253120 : Checking image 2 border top 211
1603353639085304064 : Checking image 2 border bottom 146
1603353639085352192 : Checking image 2 border left 191
1603353639085383680 : Checking image 2 border right 191

</system-out><system-err>--------------------------------- Captured Err ---------------------------------

</system-err></testcase></testsuite></testsuites>