<?xml version="1.0" encoding="utf-8"?><testsuites><testsuite errors="0" failures="0" hostname="travis-job-fd26f55a-5ac5-47d3-ab1c-1270562008cf" name="pytest" skipped="0" tests="4" time="319.007" timestamp="2020-10-21T09:06:55.174659"><testcase classname="tests.test_images" name="test_0001_png" time="69.587"><system-out>--------------------------------- Captured Log ---------------------------------

--------------------------------- Captured Out ---------------------------------
0001.png
1603271259225375183 : Checking separation double page angle 90.5270406818651
1603271259225461996 : Checking separation double page y=0 2485
1603271270126181179 : Checking page rotation 1 0.6983970852378407
1603271283640223233 : Checking page rotation 2 0.17555636658758608
1603271284314081704 : Checking image 1 crop x1 332
1603271284314175712 : Checking image 1 crop y1 336
1603271284314208307 : Checking image 1 crop x2 2343
1603271284314239279 : Checking image 1 crop y2 3223
1603271284950860234 : Checking image 2 crop x1 168
1603271284950948712 : Checking image 2 crop y1 649
1603271284950982541 : Checking image 2 crop x2 2180
1603271284951012814 : Checking image 2 crop y2 3360
1603271285004353773 : Checking image 1 dpi 300
1603271285004496548 : Checking image 1 border top 325
1603271285004525416 : Checking image 1 border bottom 275
1603271285004550865 : Checking image 1 border left 224
1603271285004575420 : Checking image 1 border right 224
1603271285006484738 : Checking image 2 dpi 300
1603271285006596036 : Checking image 2 border top 672
1603271285006625155 : Checking image 2 border bottom 104
1603271285006650263 : Checking image 2 border left 224
1603271285006674792 : Checking image 2 border right 224

</system-out><system-err>--------------------------------- Captured Err ---------------------------------

</system-err></testcase><testcase classname="tests.test_images" name="test_2_pages_2_contours_png" time="34.071"><system-out>--------------------------------- Captured Log ---------------------------------

--------------------------------- Captured Out ---------------------------------
2-pages-2-contours.png
1603271307441602420 : Checking separation double page angle 90.2210765693812
1603271307441694441 : Checking separation double page y=0 2487
1603271308423927721 : Checking page rotation 1 0.08368996715487577
1603271318004834953 : Checking page rotation 2 0.2596174801002939
1603271318494706454 : Checking image 1 crop x1 1185
1603271318494823700 : Checking image 1 crop y1 1720
1603271318494874255 : Checking image 1 crop x2 1186
1603271318494906588 : Checking image 1 crop y2 1721
1603271319060809640 : Checking image 2 crop x1 108
1603271319060890819 : Checking image 2 crop y1 241
1603271319060923483 : Checking image 2 crop x2 2154
1603271319060955327 : Checking image 2 crop y2 3240
1603271319087890841 : Checking image 1 dpi 300
1603271319087980910 : Checking image 1 border top 1752
1603271319088008502 : Checking image 1 border bottom 1753
1603271319088033841 : Checking image 1 border left 1239
1603271319088059074 : Checking image 1 border right 1239
1603271319089392097 : Checking image 2 dpi 300
1603271319089520417 : Checking image 2 border top 240
1603271319089550195 : Checking image 2 border bottom 248
1603271319089575547 : Checking image 2 border left 207
1603271319089600847 : Checking image 2 border right 207

</system-out><system-err>--------------------------------- Captured Err ---------------------------------

</system-err></testcase><testcase classname="tests.test_images" name="test_black_border_not_removed_png" time="85.786"><system-out>--------------------------------- Captured Log ---------------------------------

--------------------------------- Captured Out ---------------------------------
black-border-not-removed.png
1603271374125440614 : Checking separation double page angle 89.96520148719509
1603271374125530433 : Checking separation double page y=0 2454
1603271385603358710 : Checking page rotation 1 0.012926055410434633
1603271403340314310 : Checking page rotation 2 -0.10329084947001053
1603271404053648853 : Checking image 1 crop x1 298
1603271404053731361 : Checking image 1 crop y1 143
1603271404053764486 : Checking image 1 crop x2 2308
1603271404053807984 : Checking image 1 crop y2 3346
1603271404791341689 : Checking image 2 crop x1 158
1603271404791445311 : Checking image 2 crop y1 144
1603271404791478682 : Checking image 2 crop x2 2172
1603271404791509401 : Checking image 2 crop y2 3353
1603271404857357402 : Checking image 1 dpi 300
1603271404857505419 : Checking image 1 border top 127
1603271404857540008 : Checking image 1 border bottom 157
1603271404857566432 : Checking image 1 border left 225
1603271404857591558 : Checking image 1 border right 225
1603271404859668921 : Checking image 2 dpi 300
1603271404859797308 : Checking image 2 border top 132
1603271404859833643 : Checking image 2 border bottom 146
1603271404859861854 : Checking image 2 border left 223
1603271404859887946 : Checking image 2 border right 223

</system-out><system-err>--------------------------------- Captured Err ---------------------------------

</system-err></testcase><testcase classname="tests.test_images" name="test_image_failed_to_rotate_png" time="128.378"><system-out>--------------------------------- Captured Log ---------------------------------

--------------------------------- Captured Out ---------------------------------
image_failed_to_rotate.png
1603271439583716295 : Checking separation double page angle 90.32101699455094
1603271439583831660 : Checking separation double page y=0 2487
1603271442859485833 : Checking page rotation 1 0.39911195306652303
1603271453604464384 : Checking page rotation 2 0.3618490436721508
1603271532325433083 : Checking image 1 crop x1 77
1603271532325543463 : Checking image 1 crop y1 8
1603271532325577661 : Checking image 1 crop x2 2481
1603271532325609257 : Checking image 1 crop y2 3486
1603271533014849518 : Checking image 2 crop x1 170
1603271533014937570 : Checking image 2 crop y1 234
1603271533014973034 : Checking image 2 crop x2 2251
1603271533015004524 : Checking image 2 crop y2 3356
1603271533161921046 : Checking image 1 dpi 300
1603271533162063830 : Checking image 1 border top 15
1603271533162094244 : Checking image 1 border bottom 15
1603271533162120319 : Checking image 1 border left 38
1603271533162145503 : Checking image 1 border right 38
1603271533164058631 : Checking image 2 dpi 300
1603271533164190002 : Checking image 2 border top 206
1603271533164218403 : Checking image 2 border bottom 159
1603271533164257756 : Checking image 2 border left 189
1603271533164300049 : Checking image 2 border right 189

</system-out><system-err>--------------------------------- Captured Err ---------------------------------

</system-err></testcase></testsuite></testsuites>