<?xml version="1.0" encoding="utf-8"?><testsuites><testsuite errors="0" failures="0" hostname="fv-az136-982" name="pytest" skipped="0" tests="36" time="524.275" timestamp="2021-01-02T19:53:46.250751"><testcase classname="tests.test_features" name="test_mock_stop_at_0" time="0.049"><system-out>--------------------------------- Captured Log ---------------------------------

--------------------------------- Captured Out ---------------------------------
/home/runner/work/ocr-book/ocr-book/tests/0001_0.png

</system-out><system-err>--------------------------------- Captured Err ---------------------------------

</system-err></testcase><testcase classname="tests.test_features" name="test_disabled_enable_debug" time="31.461"><system-out>--------------------------------- Captured Log ---------------------------------

--------------------------------- Captured Out ---------------------------------
/home/runner/work/ocr-book/ocr-book/tests/0001_debug.png
separation double page angle 90.5528088189967
separation double page y=0 2485
page rotation 1 0.5499999999999999
page rotation 2 0.2
image 1 crop x1 327
image 1 crop y1 334
image 1 crop x2 2346
image 1 crop y2 3221
image 2 crop x1 169
image 2 crop y1 648
image 2 crop x2 2186
image 2 crop y2 3361
image 1 dpi 300
image 1 border top 332
image 1 border bottom 268
image 1 border left 220
image 1 border right 220
image 2 dpi 300
image 2 border top 643
image 2 border bottom 131
image 2 border left 221
image 2 border right 221

</system-out><system-err>--------------------------------- Captured Err ---------------------------------

</system-err></testcase><testcase classname="tests.test_features" name="test_mock_stop_at_2" time="27.781"><system-out>--------------------------------- Captured Log ---------------------------------

--------------------------------- Captured Out ---------------------------------
/home/runner/work/ocr-book/ocr-book/tests/0001_2.png
separation double page angle 90.5528088189967
separation double page y=0 2485
page rotation 1 0.5499999999999999
page rotation 2 0.2

</system-out><system-err>--------------------------------- Captured Err ---------------------------------

</system-err></testcase><testcase classname="tests.test_features" name="test_mock_stop_at_4" time="31.002"><system-out>--------------------------------- Captured Log ---------------------------------

--------------------------------- Captured Out ---------------------------------
/home/runner/work/ocr-book/ocr-book/tests/0001_4.png
separation double page angle 90.5528088189967
separation double page y=0 2485
page rotation 1 0.5499999999999999
page rotation 2 0.2
image 1 crop x1 327
image 1 crop y1 334
image 1 crop x2 2346
image 1 crop y2 3221
image 2 crop x1 169
image 2 crop y1 648
image 2 crop x2 2186
image 2 crop y2 3361
image 1 dpi 300
image 1 border top 332
image 1 border bottom 268
image 1 border left 220
image 1 border right 220
image 2 dpi 300
image 2 border top 643
image 2 border bottom 131
image 2 border left 221
image 2 border right 221

</system-out><system-err>--------------------------------- Captured Err ---------------------------------

</system-err></testcase><testcase classname="tests.test_features" name="test_mock_stop_at_1" time="24.732"><system-out>--------------------------------- Captured Log ---------------------------------

--------------------------------- Captured Out ---------------------------------
/home/runner/work/ocr-book/ocr-book/tests/0001_1.png
separation double page angle 90.5528088189967
separation double page y=0 2485

</system-out><system-err>--------------------------------- Captured Err ---------------------------------

</system-err></testcase><testcase classname="tests.test_features" name="test_mock_stop_at_3" time="30.568"><system-out>--------------------------------- Captured Log ---------------------------------

--------------------------------- Captured Out ---------------------------------
/home/runner/work/ocr-book/ocr-book/tests/0001_3.png
separation double page angle 90.5528088189967
separation double page y=0 2485
page rotation 1 0.5499999999999999
page rotation 2 0.2
image 1 crop x1 327
image 1 crop y1 334
image 1 crop x2 2346
image 1 crop y2 3221
image 2 crop x1 169
image 2 crop y1 648
image 2 crop x2 2186
image 2 crop y2 3361

</system-out><system-err>--------------------------------- Captured Err ---------------------------------

</system-err></testcase><testcase classname="tests.test_images" name="test_0001_png" time="29.979"><system-out>--------------------------------- Captured Log ---------------------------------

--------------------------------- Captured Out ---------------------------------
/home/runner/work/ocr-book/ocr-book/tests/0001.png
1609617310556167854 : Checking separation double page angle 90.5528088189967
1609617310556296955 : Checking separation double page y=0 2485
1609617311548732429 : Checking page rotation 1 0.5499999999999999
1609617312618707900 : Checking page rotation 2 0.2
1609617314591461270 : Checking image 1 crop x1 327
1609617314591588171 : Checking image 1 crop y1 334
1609617314591630571 : Checking image 1 crop x2 2346
1609617314591668571 : Checking image 1 crop y2 3221
1609617316153490502 : Checking image 2 crop x1 169
1609617316153607203 : Checking image 2 crop y1 648
1609617316153647203 : Checking image 2 crop x2 2186
1609617316153680903 : Checking image 2 crop y2 3361
1609617316153855904 : Checking image 1 dpi 300
1609617316153923505 : Checking image 1 border top 332
1609617316153956905 : Checking image 1 border bottom 268
1609617316153988705 : Checking image 1 border left 220
1609617316154021205 : Checking image 1 border right 220
1609617316156137919 : Checking image 2 dpi 300
1609617316156226920 : Checking image 2 border top 643
1609617316156264820 : Checking image 2 border bottom 131
1609617316156299420 : Checking image 2 border left 221
1609617316156333120 : Checking image 2 border right 221

</system-out><system-err>--------------------------------- Captured Err ---------------------------------

</system-err></testcase><testcase classname="tests.test_features" name="test_mock_stop_at_5" time="30.792"><system-out>--------------------------------- Captured Log ---------------------------------

--------------------------------- Captured Out ---------------------------------
/home/runner/work/ocr-book/ocr-book/tests/0001_5.png
separation double page angle 90.5528088189967
separation double page y=0 2485
page rotation 1 0.5499999999999999
page rotation 2 0.2
image 1 crop x1 327
image 1 crop y1 334
image 1 crop x2 2346
image 1 crop y2 3221
image 2 crop x1 169
image 2 crop y1 648
image 2 crop x2 2186
image 2 crop y2 3361
image 1 dpi 300
image 1 border top 332
image 1 border bottom 268
image 1 border left 220
image 1 border right 220
image 2 dpi 300
image 2 border top 643
image 2 border bottom 131
image 2 border left 221
image 2 border right 221

</system-out><system-err>--------------------------------- Captured Err ---------------------------------

</system-err></testcase><testcase classname="tests.test_images" name="test_black_border_not_removed_png" time="32.761"><system-out>--------------------------------- Captured Log ---------------------------------

--------------------------------- Captured Out ---------------------------------
/home/runner/work/ocr-book/ocr-book/tests/black-border-not-removed.png
1609617341684156520 : Checking separation double page angle 90.033171103531
1609617341684256820 : Checking separation double page y=0 2455
1609617342717718629 : Checking page rotation 1 0.0
1609617344060362516 : Checking page rotation 2 0.05
1609617346791715183 : Checking image 1 crop x1 297
1609617346791849584 : Checking image 1 crop y1 143
1609617346791890584 : Checking image 1 crop x2 2309
1609617346791927384 : Checking image 1 crop y2 3346
1609617348910061657 : Checking image 2 crop x1 157
1609617348910182658 : Checking image 2 crop y1 145
1609617348910223158 : Checking image 2 crop x2 2170
1609617348910260759 : Checking image 2 crop y2 3351
1609617348910436360 : Checking image 1 dpi 300
1609617348910516560 : Checking image 1 border top 132
1609617348910549461 : Checking image 1 border bottom 152
1609617348910581061 : Checking image 1 border left 224
1609617348910612961 : Checking image 1 border right 224
1609617348912395672 : Checking image 2 dpi 300
1609617348912481673 : Checking image 2 border top 134
1609617348912517173 : Checking image 2 border bottom 147
1609617348912551473 : Checking image 2 border left 223
1609617348912585274 : Checking image 2 border right 223

</system-out><system-err>--------------------------------- Captured Err ---------------------------------

</system-err></testcase><testcase classname="tests.test_images" name="test_2_pages_2_contours_png" time="18.438"><system-out>--------------------------------- Captured Log ---------------------------------

--------------------------------- Captured Out ---------------------------------
/home/runner/work/ocr-book/ocr-book/tests/2-pages-2-contours.png
1609617359156442481 : Checking separation double page angle 90.09036871657068
1609617359156566582 : Checking separation double page y=0 2486
1609617359690031485 : Checking page rotation 1 0.0
1609617360681189107 : Checking page rotation 2 0.2
1609617361491857478 : Checking image 1 crop x1 1191
1609617361491946979 : Checking image 1 crop y1 1750
1609617361491974979 : Checking image 1 crop x2 1192
1609617361491999679 : Checking image 1 crop y2 1751
1609617363358744487 : Checking image 2 crop x1 99
1609617363358864088 : Checking image 2 crop y1 240
1609617363358901888 : Checking image 2 crop x2 2147
1609617363358938588 : Checking image 2 crop y2 3240
1609617363359118289 : Checking image 1 dpi 300
1609617363359192490 : Checking image 1 border top 1752
1609617363359224290 : Checking image 1 border bottom 1753
1609617363359253690 : Checking image 1 border left 1239
1609617363359282591 : Checking image 1 border right 1239
1609617363360440798 : Checking image 2 dpi 300
1609617363360514598 : Checking image 2 border top 229
1609617363360545599 : Checking image 2 border bottom 258
1609617363360574499 : Checking image 2 border left 206
1609617363360603099 : Checking image 2 border right 206

</system-out><system-err>--------------------------------- Captured Err ---------------------------------

</system-err></testcase><testcase classname="tests.test_images" name="test_image_failed_to_rotate_png" time="32.756"><system-out>--------------------------------- Captured Log ---------------------------------

--------------------------------- Captured Out ---------------------------------
/home/runner/work/ocr-book/ocr-book/tests/image_failed_to_rotate.png
1609617371763476422 : Checking separation double page angle 90.26767669076624
1609617371763570623 : Checking separation double page y=0 2480
1609617373433199448 : Checking page rotation 1 0.45
1609617374399547968 : Checking page rotation 2 0.2
1609617379295408683 : Checking image 1 crop x1 31
1609617379295534484 : Checking image 1 crop y1 1
1609617379295573984 : Checking image 1 crop x2 2478
1609617379295609284 : Checking image 1 crop y2 3504
1609617381579854720 : Checking image 2 crop x1 169
1609617381579969922 : Checking image 2 crop y1 231
1609617381580008122 : Checking image 2 crop x2 2257
1609617381580043423 : Checking image 2 crop y2 3358
1609617381580221025 : Checking image 1 dpi 300
1609617381580290226 : Checking image 1 border top 2
1609617381580326026 : Checking image 1 border bottom 2
1609617381580357627 : Checking image 1 border left 17
1609617381580388527 : Checking image 1 border right 17
1609617381582166549 : Checking image 2 dpi 300
1609617381582248950 : Checking image 2 border top 218
1609617381582285250 : Checking image 2 border bottom 142
1609617381582319151 : Checking image 2 border left 186
1609617381582353051 : Checking image 2 border right 186

</system-out><system-err>--------------------------------- Captured Err ---------------------------------

</system-err></testcase><testcase classname="tests.test_images" name="test_wrong_split_line_png" time="22.680"><system-out>--------------------------------- Captured Log ---------------------------------

--------------------------------- Captured Out ---------------------------------
/home/runner/work/ocr-book/ocr-book/tests/wrong_split_line.png
1609617381079940468 : Checking separation double page angle 89.93395720607973
1609617381080039370 : Checking separation double page y=0 2465
1609617381936171905 : Checking page rotation 1 -0.04999999999999689
1609617382834266557 : Checking page rotation 2 0.5499999999999999
1609617384070532671 : Checking image 1 crop x1 211
1609617384070657573 : Checking image 1 crop y1 156
1609617384070697073 : Checking image 1 crop x2 2323
1609617384070736074 : Checking image 1 crop y2 3363
1609617386033741431 : Checking image 2 crop x1 125
1609617386033836732 : Checking image 2 crop y1 166
1609617386033865532 : Checking image 2 crop x2 2236
1609617386033893232 : Checking image 2 crop y2 3373
1609617386034026734 : Checking image 1 dpi 300
1609617386034079035 : Checking image 1 border top 134
1609617386034104335 : Checking image 1 border bottom 146
1609617386034128535 : Checking image 1 border left 174
1609617386034151936 : Checking image 1 border right 174
1609617386035951858 : Checking image 2 dpi 300
1609617386036030459 : Checking image 2 border top 146
1609617386036066159 : Checking image 2 border bottom 134
1609617386036097760 : Checking image 2 border left 174
1609617386036128660 : Checking image 2 border right 174

</system-out><system-err>--------------------------------- Captured Err ---------------------------------

</system-err></testcase><testcase classname="tests.test_images" name="test_image_failed_to_crop_data_png" time="42.478"><system-out>--------------------------------- Captured Log ---------------------------------

--------------------------------- Captured Out ---------------------------------
/home/runner/work/ocr-book/ocr-book/tests/image_failed_to_crop_data.png
1609617408117948387 : Checking separation double page angle 90.053197600644
1609617408118059588 : Checking separation double page y=0 2480
1609617412047222877 : Checking page rotation 1 0.15000000000000002
1609617412992782011 : Checking page rotation 2 0.0
1609617421668165373 : Checking image 1 crop x1 51
1609617421668277374 : Checking image 1 crop y1 7
1609617421668312575 : Checking image 1 crop x2 2478
1609617421668343475 : Checking image 1 crop y2 3505
1609617424096223108 : Checking image 2 crop x1 160
1609617424096356010 : Checking image 2 crop y1 217
1609617424096393410 : Checking image 2 crop x2 2242
1609617424096428011 : Checking image 2 crop y2 3350
1609617424096603813 : Checking image 1 dpi 300
1609617424096673713 : Checking image 1 border top 5
1609617424096709114 : Checking image 1 border bottom 5
1609617424096740614 : Checking image 1 border left 27
1609617424096772215 : Checking image 1 border right 27
1609617424099264443 : Checking image 2 dpi 300
1609617424099348844 : Checking image 2 border top 206
1609617424099383045 : Checking image 2 border bottom 148
1609617424099415145 : Checking image 2 border left 189
1609617424099446445 : Checking image 2 border right 189

</system-out><system-err>--------------------------------- Captured Err ---------------------------------

</system-err></testcase><testcase classname="tests.test_images" name="test_crop_too_much_png" time="38.131"><system-out>--------------------------------- Captured Log ---------------------------------

--------------------------------- Captured Out ---------------------------------
/home/runner/work/ocr-book/ocr-book/tests/crop_too_much.png
1609617417842832101 : Checking separation double page angle 90.13239409272954
1609617417842927902 : Checking separation double page y=0 2455
1609617419270383954 : Checking page rotation 1 0.0
1609617420573906751 : Checking page rotation 2 0.2
1609617422571588130 : Checking image 1 crop x1 303
1609617422571714731 : Checking image 1 crop y1 148
1609617422571752432 : Checking image 1 crop x2 2313
1609617422571786832 : Checking image 1 crop y2 3351
1609617424150154027 : Checking image 2 crop x1 162
1609617424150270028 : Checking image 2 crop y1 151
1609617424150307128 : Checking image 2 crop x2 2186
1609617424150343129 : Checking image 2 crop y2 3363
1609617424150505631 : Checking image 1 dpi 300
1609617424150571331 : Checking image 1 border top 132
1609617424150606332 : Checking image 1 border bottom 152
1609617424150638432 : Checking image 1 border left 225
1609617424150670532 : Checking image 1 border right 225
1609617424152439053 : Checking image 2 dpi 300
1609617424152520254 : Checking image 2 border top 132
1609617424152553354 : Checking image 2 border bottom 143
1609617424152585154 : Checking image 2 border left 218
1609617424152617055 : Checking image 2 border right 218

</system-out><system-err>--------------------------------- Captured Err ---------------------------------

</system-err></testcase><testcase classname="tests.test_images" name="test_wrong_angle_split_line_png" time="28.029"><system-out>--------------------------------- Captured Log ---------------------------------

--------------------------------- Captured Out ---------------------------------
/home/runner/work/ocr-book/ocr-book/tests/wrong_angle_split_line.png
1609617440964488851 : Checking separation double page angle 90.09193420006348
1609617440964597752 : Checking separation double page y=0 2478
1609617442142051760 : Checking page rotation 1 0.1
1609617443090007553 : Checking page rotation 2 0.1
1609617448410479067 : Checking image 1 crop x1 58
1609617448410617569 : Checking image 1 crop y1 6
1609617448410660470 : Checking image 1 crop x2 2476
1609617448410698770 : Checking image 1 crop y2 3501
1609617451443942546 : Checking image 2 crop x1 166
1609617451444071348 : Checking image 2 crop y1 218
1609617451444112548 : Checking image 2 crop x2 2244
1609617451444150349 : Checking image 2 crop y2 3349
1609617451444343951 : Checking image 1 dpi 300
1609617451444420152 : Checking image 1 border top 6
1609617451444455052 : Checking image 1 border bottom 6
1609617451444488953 : Checking image 1 border left 31
1609617451444522253 : Checking image 1 border right 31
1609617451454700967 : Checking image 2 dpi 300
1609617451454783868 : Checking image 2 border top 207
1609617451454809868 : Checking image 2 border bottom 149
1609617451454834168 : Checking image 2 border left 191
1609617451454858069 : Checking image 2 border right 191

</system-out><system-err>--------------------------------- Captured Err ---------------------------------

</system-err></testcase><testcase classname="tests.test_images" name="test_crop_too_few_png" time="24.380"><system-out>--------------------------------- Captured Log ---------------------------------

--------------------------------- Captured Out ---------------------------------
/home/runner/work/ocr-book/ocr-book/tests/crop_too_few.png
1609617443185888304 : Checking separation double page angle 89.54670238452755
1609617443185993005 : Checking separation double page y=0 2512
1609617444091699035 : Checking page rotation 1 -0.6000000000000009
1609617445204037651 : Checking page rotation 2 0.0
1609617446817818127 : Checking image 1 crop x1 263
1609617446817943729 : Checking image 1 crop y1 150
1609617446817981929 : Checking image 1 crop x2 2379
1609617446818016430 : Checking image 1 crop y2 3358
1609617448556958608 : Checking image 2 crop x1 137
1609617448557070810 : Checking image 2 crop y1 141
1609617448557105710 : Checking image 2 crop x2 2259
1609617448557139510 : Checking image 2 crop y2 3345
1609617448557298112 : Checking image 1 dpi 300
1609617448557364013 : Checking image 1 border top 130
1609617448557395913 : Checking image 1 border bottom 149
1609617448557425613 : Checking image 1 border left 172
1609617448557454314 : Checking image 1 border right 172
1609617448559237134 : Checking image 2 dpi 300
1609617448559314935 : Checking image 2 border top 130
1609617448559346235 : Checking image 2 border bottom 153
1609617448559375735 : Checking image 2 border left 169
1609617448559404736 : Checking image 2 border right 169

</system-out><system-err>--------------------------------- Captured Err ---------------------------------

</system-err></testcase><testcase classname="tests.test_images" name="test_crop_too_much_2_png" time="45.549"><system-out>--------------------------------- Captured Log ---------------------------------

--------------------------------- Captured Out ---------------------------------
/home/runner/work/ocr-book/ocr-book/tests/crop_too_much_2.png
1609617486286803853 : Checking separation double page angle 90.1149074900787
1609617486286927855 : Checking separation double page y=0 2478
1609617487728092936 : Checking page rotation 1 0.15000000000000002
1609617489287733631 : Checking page rotation 2 0.2
1609617491234660021 : Checking image 1 crop x1 330
1609617491234790322 : Checking image 1 crop y1 132
1609617491234830923 : Checking image 1 crop x2 2342
1609617491234868223 : Checking image 1 crop y2 3335
1609617494070149157 : Checking image 2 crop x1 162
1609617494070272158 : Checking image 2 crop y1 139
1609617494070309558 : Checking image 2 crop x2 2175
1609617494070345959 : Checking image 2 crop y2 3345
1609617494070508661 : Checking image 1 dpi 300
1609617494070576561 : Checking image 1 border top 122
1609617494070610962 : Checking image 1 border bottom 162
1609617494070642862 : Checking image 1 border left 224
1609617494070674663 : Checking image 1 border right 224
1609617494072495883 : Checking image 2 dpi 300
1609617494072579184 : Checking image 2 border top 130
1609617494072612384 : Checking image 2 border bottom 151
1609617494072644184 : Checking image 2 border left 223
1609617494072675385 : Checking image 2 border right 223

</system-out><system-err>--------------------------------- Captured Err ---------------------------------

</system-err></testcase><testcase classname="tests.test_images" name="test_angle_page_lower_split_line_png" time="29.489"><system-out>--------------------------------- Captured Log ---------------------------------

--------------------------------- Captured Out ---------------------------------
/home/runner/work/ocr-book/ocr-book/tests/angle_page_lower_split_line.png
1609617474928107971 : Checking separation double page angle 89.74927707086691
1609617474928228672 : Checking separation double page y=0 2474
1609617476367050021 : Checking page rotation 1 -0.14999999999999067
1609617477728995704 : Checking page rotation 2 0.1
1609617479795716731 : Checking image 1 crop x1 241
1609617479795844132 : Checking image 1 crop y1 156
1609617479795885033 : Checking image 1 crop x2 2357
1609617479795923533 : Checking image 1 crop y2 3368
1609617481679464445 : Checking image 2 crop x1 149
1609617481679584347 : Checking image 2 crop y1 146
1609617481679621847 : Checking image 2 crop x2 2259
1609617481679656747 : Checking image 2 crop y2 3351
1609617481679834149 : Checking image 1 dpi 300
1609617481679904550 : Checking image 1 border top 140
1609617481679956651 : Checking image 1 border bottom 135
1609617481679990551 : Checking image 1 border left 172
1609617481680024051 : Checking image 1 border right 172
1609617481682543679 : Checking image 2 dpi 300
1609617481682630480 : Checking image 2 border top 129
1609617481682666980 : Checking image 2 border bottom 152
1609617481682701381 : Checking image 2 border left 175
1609617481682734681 : Checking image 2 border right 175

</system-out><system-err>--------------------------------- Captured Err ---------------------------------

</system-err></testcase><testcase classname="tests.test_images" name="test_wrong_wave_split_line_png" time="43.372"><system-out>--------------------------------- Captured Log ---------------------------------

--------------------------------- Captured Out ---------------------------------
/home/runner/work/ocr-book/ocr-book/tests/wrong_wave_split_line.png
1609617514217273757 : Checking separation double page angle 90.37878604107719
1609617514217392158 : Checking separation double page y=0 2500
1609617515458238954 : Checking page rotation 1 -0.14999999999999067
1609617516696889025 : Checking page rotation 2 0.9
1609617520856522977 : Checking image 1 crop x1 385
1609617520856647179 : Checking image 1 crop y1 179
1609617520856687479 : Checking image 1 crop x2 2411
1609617520856723480 : Checking image 1 crop y2 3374
1609617525046139260 : Checking image 2 crop x1 17
1609617525046293662 : Checking image 2 crop y1 8
1609617525046337662 : Checking image 2 crop x2 2399
1609617525046375963 : Checking image 2 crop y2 3391
1609617525046542764 : Checking image 1 dpi 300
1609617525046612865 : Checking image 1 border top 173
1609617525046646566 : Checking image 1 border bottom 119
1609617525046678566 : Checking image 1 border left 217
1609617525046709866 : Checking image 1 border right 217
1609617525049058092 : Checking image 2 dpi 300
1609617525049149393 : Checking image 2 border top 0
1609617525049189094 : Checking image 2 border bottom 114
1609617525049223294 : Checking image 2 border left 49
1609617525049257594 : Checking image 2 border right 49

</system-out><system-err>--------------------------------- Captured Err ---------------------------------

</system-err></testcase><testcase classname="tests.test_images" name="test_wrong_split_line_2_png" time="44.230"><system-out>--------------------------------- Captured Log ---------------------------------

--------------------------------- Captured Out ---------------------------------
/home/runner/work/ocr-book/ocr-book/tests/wrong_split_line_2.png
1609617526113295076 : Checking separation double page angle 90.19944704411863
1609617526113403477 : Checking separation double page y=0 2437
1609617527801946772 : Checking page rotation 1 0.2
1609617529277879914 : Checking page rotation 2 0.2
1609617532654835104 : Checking image 1 crop x1 294
1609617532654963905 : Checking image 1 crop y1 136
1609617532655040706 : Checking image 1 crop x2 2325
1609617532655082407 : Checking image 1 crop y2 3376
1609617538317519492 : Checking image 2 crop x1 136
1609617538317648193 : Checking image 2 crop y1 190
1609617538317689594 : Checking image 2 crop x2 2172
1609617538317728394 : Checking image 2 crop y2 3389
1609617538317912296 : Checking image 1 dpi 300
1609617538317984097 : Checking image 1 border top 131
1609617538318020897 : Checking image 1 border bottom 116
1609617538318054798 : Checking image 1 border left 214
1609617538318088798 : Checking image 1 border right 214
1609617538319943119 : Checking image 2 dpi 300
1609617538320019119 : Checking image 2 border top 181
1609617538320048820 : Checking image 2 border bottom 107
1609617538320076720 : Checking image 2 border left 212
1609617538320104120 : Checking image 2 border right 212

</system-out><system-err>--------------------------------- Captured Err ---------------------------------

</system-err></testcase><testcase classname="tests.test_images" name="test_no_split_line_line_algo_png" time="28.684"><system-out>--------------------------------- Captured Log ---------------------------------

--------------------------------- Captured Out ---------------------------------
/home/runner/work/ocr-book/ocr-book/tests/no_split_line_line_algo.png
1609617546798707171 : Checking separation double page angle 89.47691469185418
1609617546798822872 : Checking separation double page y=0 2476
1609617547697919142 : Checking page rotation 1 -0.14999999999999067
1609617549067145956 : Checking page rotation 2 -0.14999999999999067
1609617550361895506 : Checking image 1 crop x1 205
1609617550362018107 : Checking image 1 crop y1 158
1609617550362055907 : Checking image 1 crop x2 2320
1609617550362090708 : Checking image 1 crop y2 3366
1609617553748463676 : Checking image 2 crop x1 185
1609617553748582277 : Checking image 2 crop y1 225
1609617553748620478 : Checking image 2 crop x2 2204
1609617553748655578 : Checking image 2 crop y2 3362
1609617553748837680 : Checking image 1 dpi 300
1609617553748905781 : Checking image 1 border top 144
1609617553748938981 : Checking image 1 border bottom 134
1609617553748970981 : Checking image 1 border left 172
1609617553749002282 : Checking image 1 border right 172
1609617553751450309 : Checking image 2 dpi 300
1609617553751536310 : Checking image 2 border top 223
1609617553751571510 : Checking image 2 border bottom 127
1609617553751603610 : Checking image 2 border left 220
1609617553751634811 : Checking image 2 border right 220

</system-out><system-err>--------------------------------- Captured Err ---------------------------------

</system-err></testcase><testcase classname="tests.test_images" name="test_small_wave_png" time="39.186"><system-out>--------------------------------- Captured Log ---------------------------------

--------------------------------- Captured Out ---------------------------------
/home/runner/work/ocr-book/ocr-book/tests/small_wave.png
1609617572351609052 : Checking separation double page angle 90.58816928841564
1609617572351717854 : Checking separation double page y=0 2497
1609617573861187788 : Checking page rotation 1 0.65
1609617575171291425 : Checking page rotation 2 0.65
1609617576301087574 : Checking image 1 crop x1 320
1609617576301205576 : Checking image 1 crop y1 199
1609617576301242676 : Checking image 1 crop x2 2353
1609617576301277076 : Checking image 1 crop y2 3394
1609617577503942629 : Checking image 2 crop x1 130
1609617577504068431 : Checking image 2 crop y1 222
1609617577504109031 : Checking image 2 crop x2 2163
1609617577504148031 : Checking image 2 crop y2 3420
1609617577504306333 : Checking image 1 dpi 300
1609617577504379434 : Checking image 1 border top 179
1609617577504416034 : Checking image 1 border bottom 112
1609617577504450535 : Checking image 1 border left 213
1609617577504484035 : Checking image 1 border right 213
1609617577506303355 : Checking image 2 dpi 300
1609617577506383656 : Checking image 2 border top 197
1609617577506418756 : Checking image 2 border bottom 92
1609617577506452257 : Checking image 2 border left 213
1609617577506485757 : Checking image 2 border right 213

</system-out><system-err>--------------------------------- Captured Err ---------------------------------

</system-err></testcase><testcase classname="tests.test_images" name="test_failed_split_line_line_algo_png" time="14.967"><system-out>--------------------------------- Captured Log ---------------------------------

--------------------------------- Captured Out ---------------------------------
/home/runner/work/ocr-book/ocr-book/tests/failed_split_line_line_algo.png
1609617565140158476 : Checking separation double page angle 90.04134220573248
1609617565140260577 : Checking separation double page y=0 2573
1609617565816888734 : Checking page rotation 1 -0.09999999999999377
1609617566350802318 : Checking page rotation 2 0.1
1609617567891747701 : Checking image 1 crop x1 408
1609617567891863702 : Checking image 1 crop y1 2926
1609617567891898702 : Checking image 1 crop x2 2420
1609617567891929603 : Checking image 1 crop y2 3173
1609617568742411676 : Checking image 2 crop x1 1184
1609617568742512077 : Checking image 2 crop y1 1745
1609617568742545077 : Checking image 2 crop x2 1185
1609617568742573578 : Checking image 2 crop y2 1746
1609617568742704879 : Checking image 1 dpi 300
1609617568742775080 : Checking image 1 border top 2922
1609617568742806680 : Checking image 1 border bottom 318
1609617568742836080 : Checking image 1 border left 224
1609617568742864781 : Checking image 1 border right 224
1609617568744091594 : Checking image 2 dpi 300
1609617568744166195 : Checking image 2 border top 1753
1609617568744198095 : Checking image 2 border bottom 1753
1609617568744227696 : Checking image 2 border left 1239
1609617568744273896 : Checking image 2 border right 1239

</system-out><system-err>--------------------------------- Captured Err ---------------------------------

</system-err></testcase><testcase classname="tests.test_images" name="test_failed_split_line_line_algo_2_png" time="33.210"><system-out>--------------------------------- Captured Log ---------------------------------

--------------------------------- Captured Out ---------------------------------
/home/runner/work/ocr-book/ocr-book/tests/failed_split_line_line_algo_2.png
1609617597260608101 : Checking separation double page angle 90.03068774449687
1609617597260724003 : Checking separation double page y=0 2500
1609617598458388774 : Checking page rotation 1 0.05
1609617599476807174 : Checking page rotation 2 0.5499999999999999
1609617600711040347 : Checking image 1 crop x1 271
1609617600711160548 : Checking image 1 crop y1 149
1609617600711194248 : Checking image 1 crop x2 2382
1609617600711223549 : Checking image 1 crop y2 3354
1609617601919316935 : Checking image 2 crop x1 120
1609617601919422436 : Checking image 2 crop y1 155
1609617601919455736 : Checking image 2 crop x2 2244
1609617601919486236 : Checking image 2 crop y2 3350
1609617601919642038 : Checking image 1 dpi 300
1609617601919702239 : Checking image 1 border top 141
1609617601919731339 : Checking image 1 border bottom 141
1609617601919759139 : Checking image 1 border left 174
1609617601919786240 : Checking image 1 border right 174
1609617601921855963 : Checking image 2 dpi 300
1609617601921933963 : Checking image 2 border top 140
1609617601921967464 : Checking image 2 border bottom 152
1609617601921998864 : Checking image 2 border left 168
1609617601922029664 : Checking image 2 border right 168

</system-out><system-err>--------------------------------- Captured Err ---------------------------------

</system-err></testcase><testcase classname="tests.test_images" name="test_wrong_split_line_3_png" time="30.478"><system-out>--------------------------------- Captured Log ---------------------------------

--------------------------------- Captured Out ---------------------------------
/home/runner/work/ocr-book/ocr-book/tests/wrong_split_line_3.png
1609617602668297671 : Checking separation double page angle 90.43729500214694
1609617602668398773 : Checking separation double page y=0 2498
1609617604003235152 : Checking page rotation 1 0.2
1609617605060822589 : Checking page rotation 2 0.85
1609617606453085944 : Checking image 1 crop x1 331
1609617606453207645 : Checking image 1 crop y1 166
1609617606453245846 : Checking image 1 crop x2 2377
1609617606453280446 : Checking image 1 crop y2 3375
1609617608001962526 : Checking image 2 crop x1 102
1609617608002077928 : Checking image 2 crop y1 207
1609617608002115128 : Checking image 2 crop x2 2135
1609617608002151428 : Checking image 2 crop y2 3414
1609617608002306230 : Checking image 1 dpi 300
1609617608002366031 : Checking image 1 border top 158
1609617608002396631 : Checking image 1 border bottom 120
1609617608002424531 : Checking image 1 border left 207
1609617608002451832 : Checking image 1 border right 207
1609617608004297552 : Checking image 2 dpi 300
1609617608004377553 : Checking image 2 border top 186
1609617608004410853 : Checking image 2 border bottom 94
1609617608004441754 : Checking image 2 border left 213
1609617608004472654 : Checking image 2 border right 213

</system-out><system-err>--------------------------------- Captured Err ---------------------------------

</system-err></testcase><testcase classname="tests.test_images" name="test_crop_too_much_3_png" time="34.736"><system-out>--------------------------------- Captured Log ---------------------------------

--------------------------------- Captured Out ---------------------------------
/home/runner/work/ocr-book/ocr-book/tests/crop_too_much_3.png
1609617631009545601 : Checking separation double page angle 89.49330634783144
1609617631009671503 : Checking separation double page y=0 2498
1609617632023692071 : Checking page rotation 1 -0.8999999999999949
1609617633322312275 : Checking page rotation 2 -0.14999999999999067
1609617635024634025 : Checking image 1 crop x1 374
1609617635024760327 : Checking image 1 crop y1 258
1609617635024801327 : Checking image 1 crop x2 2385
1609617635024837327 : Checking image 1 crop y2 3459
1609617636665455498 : Checking image 2 crop x1 168
1609617636665574099 : Checking image 2 crop y1 228
1609617636665612200 : Checking image 2 crop x2 2181
1609617636665647400 : Checking image 2 crop y2 3417
1609617636665820402 : Checking image 1 dpi 300
1609617636665882703 : Checking image 1 border top 239
1609617636665911903 : Checking image 1 border bottom 47
1609617636665940003 : Checking image 1 border left 224
1609617636665967304 : Checking image 1 border right 224
1609617636668302729 : Checking image 2 dpi 300
1609617636668402430 : Checking image 2 border top 209
1609617636668435931 : Checking image 2 border bottom 89
1609617636668467831 : Checking image 2 border left 223
1609617636668499432 : Checking image 2 border right 223

</system-out><system-err>--------------------------------- Captured Err ---------------------------------

</system-err></testcase><testcase classname="tests.test_images" name="test_wrong_wave_split_line_2_png" time="36.470"><system-out>--------------------------------- Captured Log ---------------------------------

--------------------------------- Captured Out ---------------------------------
/home/runner/work/ocr-book/ocr-book/tests/wrong_wave_split_line_2.png
1609617638336896775 : Checking separation double page angle 90.7708958311329
1609617638336993776 : Checking separation double page y=0 2490
1609617639492540577 : Checking page rotation 1 0.2
1609617640690298542 : Checking page rotation 2 1.65
1609617642020123359 : Checking image 1 crop x1 227
1609617642020240560 : Checking image 1 crop y1 147
1609617642020277960 : Checking image 1 crop x2 2342
1609617642020314661 : Checking image 1 crop y2 3353
1609617644470109287 : Checking image 2 crop x1 106
1609617644470228589 : Checking image 2 crop y1 195
1609617644470265589 : Checking image 2 crop x2 2231
1609617644470301889 : Checking image 2 crop y2 3398
1609617644470459591 : Checking image 1 dpi 300
1609617644470525492 : Checking image 1 border top 136
1609617644470560792 : Checking image 1 border bottom 145
1609617644470593093 : Checking image 1 border left 172
1609617644470624793 : Checking image 1 border right 172
1609617644472461613 : Checking image 2 dpi 300
1609617644472548414 : Checking image 2 border top 165
1609617644472583914 : Checking image 2 border bottom 118
1609617644472618115 : Checking image 2 border left 167
1609617644472651515 : Checking image 2 border right 167

</system-out><system-err>--------------------------------- Captured Err ---------------------------------

</system-err></testcase><testcase classname="tests.test_images" name="test_wrong_wave_split_line_3_png" time="32.978"><system-out>--------------------------------- Captured Log ---------------------------------

--------------------------------- Captured Out ---------------------------------
/home/runner/work/ocr-book/ocr-book/tests/wrong_wave_split_line_3.png
1609617664474411561 : Checking separation double page angle 90.05826063695574
1609617664474525262 : Checking separation double page y=0 2514
1609617665697371410 : Checking page rotation 1 0.0
1609617666718189537 : Checking page rotation 2 0.2
1609617668393763564 : Checking image 1 crop x1 274
1609617668393889066 : Checking image 1 crop y1 221
1609617668393929566 : Checking image 1 crop x2 2383
1609617668393965667 : Checking image 1 crop y2 3422
1609617669657717470 : Checking image 2 crop x1 112
1609617669657834671 : Checking image 2 crop y1 225
1609617669657872272 : Checking image 2 crop x2 2238
1609617669657907072 : Checking image 2 crop y2 3415
1609617669658083974 : Checking image 1 dpi 300
1609617669658151475 : Checking image 1 border top 201
1609617669658184975 : Checking image 1 border bottom 85
1609617669658216876 : Checking image 1 border left 175
1609617669658248076 : Checking image 1 border right 175
1609617669660388500 : Checking image 2 dpi 300
1609617669660470600 : Checking image 2 border top 207
1609617669660507301 : Checking image 2 border bottom 90
1609617669660541101 : Checking image 2 border left 167
1609617669660574702 : Checking image 2 border right 167

</system-out><system-err>--------------------------------- Captured Err ---------------------------------

</system-err></testcase><testcase classname="tests.test_images" name="test_no_split_line_wave_algo_png" time="44.706"><system-out>--------------------------------- Captured Log ---------------------------------

--------------------------------- Captured Out ---------------------------------
/home/runner/work/ocr-book/ocr-book/tests/no_split_line_wave_algo.png
1609617670774513860 : Checking separation double page angle 89.72500000000001
1609617670774623062 : Checking separation double page y=0 2484
1609617673650821214 : Checking page rotation 1 0.0
1609617674897754936 : Checking page rotation 2 -0.44999999999999746
1609617683306785257 : Checking image 1 crop x1 97
1609617683306878859 : Checking image 1 crop y1 79
1609617683306913359 : Checking image 1 crop x2 2494
1609617683306946859 : Checking image 1 crop y2 3505
1609617689132697372 : Checking image 2 crop x1 163
1609617689132823373 : Checking image 2 crop y1 267
1609617689132864974 : Checking image 2 crop x2 2238
1609617689132901674 : Checking image 2 crop y2 3380
1609617689133075876 : Checking image 1 dpi 300
1609617689133145277 : Checking image 1 border top 41
1609617689133178277 : Checking image 1 border bottom 41
1609617689133209678 : Checking image 1 border left 42
1609617689133240978 : Checking image 1 border right 42
1609617689135131699 : Checking image 2 dpi 300
1609617689135218100 : Checking image 2 border top 255
1609617689135253500 : Checking image 2 border bottom 119
1609617689135287001 : Checking image 2 border left 192
1609617689135320401 : Checking image 2 border right 192

</system-out><system-err>--------------------------------- Captured Err ---------------------------------

</system-err></testcase><testcase classname="tests.test_images" name="test_no_split_line_wave_algo_2_png" time="27.063"><system-out>--------------------------------- Captured Log ---------------------------------

--------------------------------- Captured Out ---------------------------------
/home/runner/work/ocr-book/ocr-book/tests/no_split_line_wave_algo_2.png
1609617692039516584 : Checking separation double page angle 90.54999999999998
1609617692039641785 : Checking separation double page y=0 2478
1609617693071620448 : Checking page rotation 1 1.0999999999999999
1609617694166015384 : Checking page rotation 2 0.2
1609617695545659556 : Checking image 1 crop x1 266
1609617695545784157 : Checking image 1 crop y1 210
1609617695545822257 : Checking image 1 crop x2 2342
1609617695545855658 : Checking image 1 crop y2 3413
1609617696720227673 : Checking image 2 crop x1 168
1609617696720355074 : Checking image 2 crop y1 241
1609617696720395674 : Checking image 2 crop x2 2251
1609617696720433775 : Checking image 2 crop y2 3433
1609617696720629777 : Checking image 1 dpi 300
1609617696720697778 : Checking image 1 border top 192
1609617696720731578 : Checking image 1 border bottom 91
1609617696720763678 : Checking image 1 border left 192
1609617696720794979 : Checking image 1 border right 192
1609617696723320107 : Checking image 2 dpi 300
1609617696723412608 : Checking image 2 border top 224
1609617696723449008 : Checking image 2 border bottom 71
1609617696723483008 : Checking image 2 border left 188
1609617696723517109 : Checking image 2 border right 188

</system-out><system-err>--------------------------------- Captured Err ---------------------------------

</system-err></testcase><testcase classname="tests.test_images" name="test_crop_too_few_2_png" time="27.235"><system-out>--------------------------------- Captured Log ---------------------------------

--------------------------------- Captured Out ---------------------------------
/home/runner/work/ocr-book/ocr-book/tests/crop_too_few_2.png
1609617710504883252 : Checking separation double page angle 90.30476192320097
1609617710504984553 : Checking separation double page y=0 2531
1609617711539508440 : Checking page rotation 1 1.0999999999999999
1609617712686333662 : Checking page rotation 2 -0.04999999999999689
1609617714399423117 : Checking image 1 crop x1 289
1609617714399546819 : Checking image 1 crop y1 165
1609617714399584619 : Checking image 1 crop x2 2400
1609617714399617619 : Checking image 1 crop y2 3367
1609617716437516849 : Checking image 2 crop x1 149
1609617716437638351 : Checking image 2 crop y1 189
1609617716437674951 : Checking image 2 crop x2 2273
1609617716437711652 : Checking image 2 crop y2 3386
1609617716437867653 : Checking image 1 dpi 300
1609617716437935454 : Checking image 1 border top 157
1609617716437968454 : Checking image 1 border bottom 128
1609617716438002055 : Checking image 1 border left 174
1609617716438033555 : Checking image 1 border right 174
1609617716439892876 : Checking image 2 dpi 300
1609617716439972876 : Checking image 2 border top 181
1609617716440004077 : Checking image 2 border bottom 109
1609617716440038677 : Checking image 2 border left 168
1609617716440067577 : Checking image 2 border right 168

</system-out><system-err>--------------------------------- Captured Err ---------------------------------

</system-err></testcase><testcase classname="tests.test_images" name="test_failed_detect_rectangle_png" time="32.111"><system-out>--------------------------------- Captured Log ---------------------------------

--------------------------------- Captured Out ---------------------------------
/home/runner/work/ocr-book/ocr-book/tests/failed_detect_rectangle.png
1609617723153916356 : Checking separation double page angle 90.19837516213148
1609617723154029557 : Checking separation double page y=0 2474
1609617724460405526 : Checking page rotation 1 0.2
1609617726008446525 : Checking page rotation 2 0.15000000000000002
1609617727181489344 : Checking image 1 crop x1 257
1609617727181613045 : Checking image 1 crop y1 201
1609617727181650645 : Checking image 1 crop x2 2333
1609617727181684246 : Checking image 1 crop y2 3402
1609617728828277280 : Checking image 2 crop x1 135
1609617728828395581 : Checking image 2 crop y1 214
1609617728828433881 : Checking image 2 crop x2 2219
1609617728828468682 : Checking image 2 crop y2 3406
1609617728828630784 : Checking image 1 dpi 300
1609617728828701784 : Checking image 1 border top 188
1609617728828734985 : Checking image 1 border bottom 97
1609617728828766785 : Checking image 1 border left 192
1609617728828797985 : Checking image 1 border right 192
1609617728831258613 : Checking image 2 dpi 300
1609617728831346614 : Checking image 2 border top 202
1609617728831376414 : Checking image 2 border bottom 93
1609617728831404014 : Checking image 2 border left 188
1609617728831431214 : Checking image 2 border right 188

</system-out><system-err>--------------------------------- Captured Err ---------------------------------

</system-err></testcase><testcase classname="tests.test_images" name="test_single_page_png" time="5.984"><system-out>--------------------------------- Captured Log ---------------------------------

--------------------------------- Captured Out ---------------------------------
/home/runner/work/ocr-book/ocr-book/tests/single_page.png
1609617719809340925 : Checking separation double page angle 90.04999999999998
1609617719809483927 : Checking separation double page y=0 2476
1609617720566584896 : Checking page rotation 1 0.0
1609617720650921618 : Checking page rotation 2 0.0
1609617721963202151 : Checking image 1 crop x1 1
1609617721963290252 : Checking image 1 crop y1 8
1609617721963323652 : Checking image 1 crop x2 2470
1609617721963352852 : Checking image 1 crop y2 3505
1609617722082125350 : Checking image 2 crop x1 0
1609617722082205551 : Checking image 2 crop y1 0
1609617722082236551 : Checking image 2 crop x2 0
1609617722082266151 : Checking image 2 crop y2 0
1609617722082325252 : Checking image 1 dpi 300
1609617722082384653 : Checking image 1 border top 5
1609617722082417753 : Checking image 1 border bottom 5
1609617722082449053 : Checking image 1 border left 6
1609617722082496854 : Checking image 1 border right 6
1609617722088294217 : Checking image 2 border top 0
1609617722088352218 : Checking image 2 border bottom 0
1609617722088382718 : Checking image 2 border left 0
1609617722088413118 : Checking image 2 border right 0

</system-out><system-err>--------------------------------- Captured Err ---------------------------------

</system-err></testcase><testcase classname="tests.test_images" name="test_wrong_split_line_4_png" time="15.173"><system-out>--------------------------------- Captured Log ---------------------------------

--------------------------------- Captured Out ---------------------------------
/home/runner/work/ocr-book/ocr-book/tests/wrong_split_line_4.png
1609617734401224444 : Checking separation double page angle 91.04999999999998
1609617734401325545 : Checking separation double page y=0 60
1609617734494108466 : Checking page rotation 1 1.0
1609617735443253511 : Checking page rotation 2 1.05
1609617735861773017 : Checking image 1 crop x1 0
1609617735861850018 : Checking image 1 crop y1 0
1609617735861880518 : Checking image 1 crop x2 0
1609617735861909619 : Checking image 1 crop y2 0
1609617737635648239 : Checking image 2 crop x1 291
1609617737635761940 : Checking image 2 crop y1 330
1609617737635795740 : Checking image 2 crop x2 2316
1609617737635828841 : Checking image 2 crop y2 3217
1609617737635966942 : Checking image 1 border top 0
1609617737636001143 : Checking image 1 border bottom 0
1609617737636031643 : Checking image 1 border left 0
1609617737636059943 : Checking image 1 border right 0
1609617737636103644 : Checking image 2 dpi 300
1609617737636163044 : Checking image 2 border top 322
1609617737636192145 : Checking image 2 border bottom 278
1609617737636220445 : Checking image 2 border left 217
1609617737636249045 : Checking image 2 border right 217

</system-out><system-err>--------------------------------- Captured Err ---------------------------------

</system-err></testcase><testcase classname="tests.test_images" name="test_no_split_line_wave_algo_3_png" time="8.952"><system-out>--------------------------------- Captured Log ---------------------------------

--------------------------------- Captured Out ---------------------------------
/home/runner/work/ocr-book/ocr-book/tests/no_split_line_wave_algo_3.png
1609617735830646375 : Checking separation double page angle 90.14999999999998
1609617735830775876 : Checking separation double page y=0 2408
1609617736673229447 : Checking page rotation 1 -0.09999999999999377
1609617736814264799 : Checking page rotation 2 0.0
1609617737435427035 : Checking image 1 crop x1 182
1609617737435515436 : Checking image 1 crop y1 2955
1609617737435548137 : Checking image 1 crop x2 2199
1609617737435578937 : Checking image 1 crop y2 3203
1609617737774985372 : Checking image 2 crop x1 0
1609617737775083473 : Checking image 2 crop y1 0
1609617737775114474 : Checking image 2 crop x2 0
1609617737775143874 : Checking image 2 crop y2 0
1609617737775206375 : Checking image 1 dpi 300
1609617737775268175 : Checking image 1 border top 2951
1609617737775301276 : Checking image 1 border bottom 288
1609617737775332776 : Checking image 1 border left 221
1609617737775364176 : Checking image 1 border right 221
1609617737784079372 : Checking image 2 border top 0
1609617737784142273 : Checking image 2 border bottom 0
1609617737784173573 : Checking image 2 border left 0
1609617737784204074 : Checking image 2 border right 0

</system-out><system-err>--------------------------------- Captured Err ---------------------------------

</system-err></testcase><testcase classname="tests.test_images" name="test_failed_split_line_line_algo_3_png" time="10.891"><system-out>--------------------------------- Captured Log ---------------------------------

--------------------------------- Captured Out ---------------------------------
/home/runner/work/ocr-book/ocr-book/tests/failed_split_line_line_algo_3.png
1609617746298554490 : Checking separation double page angle 90.0
1609617746298671492 : Checking separation double page y=0 40
1609617746362482693 : Checking page rotation 1 0.0
1609617746979857577 : Checking page rotation 2 -0.04999999999999689
1609617747281629894 : Checking image 1 crop x1 0
1609617747281705094 : Checking image 1 crop y1 0
1609617747281733495 : Checking image 1 crop x2 0
1609617747281760595 : Checking image 1 crop y2 0
1609617748549838830 : Checking image 2 crop x1 247
1609617748549925031 : Checking image 2 crop y1 153
1609617748549960131 : Checking image 2 crop x2 2260
1609617748549992732 : Checking image 2 crop y2 3360
1609617748550087733 : Checking image 1 border top 0
1609617748550121533 : Checking image 1 border bottom 0
1609617748550153034 : Checking image 1 border left 0
1609617748550183434 : Checking image 1 border right 0
1609617748550223634 : Checking image 2 dpi 300
1609617748550279035 : Checking image 2 border top 144
1609617748550310835 : Checking image 2 border bottom 136
1609617748550341736 : Checking image 2 border left 223
1609617748550372436 : Checking image 2 border right 223

</system-out><system-err>--------------------------------- Captured Err ---------------------------------

</system-err></testcase></testsuite></testsuites>