<?xml version="1.0" encoding="utf-8"?><testsuites><testsuite name="pytest" errors="0" failures="0" skipped="0" tests="36" time="336.401" timestamp="2021-08-28T06:27:31.999338" hostname="fv-az136-393"><testcase classname="tests.test_features" name="test_mock_stop_at_0" time="0.057"><system-out>--------------------------------- Captured Log ---------------------------------

--------------------------------- Captured Out ---------------------------------
/home/runner/work/diptych/diptych/tests/0001_0.png

</system-out><system-err>--------------------------------- Captured Err ---------------------------------

</system-err></testcase><testcase classname="tests.test_features" name="test_disabled_enable_debug" time="19.142"><system-out>--------------------------------- Captured Log ---------------------------------

--------------------------------- Captured Out ---------------------------------
/home/runner/work/diptych/diptych/tests/0001_debug.png
separation double page angle 90.55756528497216
separation double page y=0 2484
page rotation 1 0.65
page rotation 2 0.2
image 1 crop x1 329
image 1 crop y1 335
image 1 crop x2 2344
image 1 crop y2 3222
image 2 crop x1 171
image 2 crop y1 648
image 2 crop x2 2188
image 2 crop y2 3361
image 1 dpi 300
image 1 border top 327
image 1 border bottom 273
image 1 border left 222
image 1 border right 222
image 2 dpi 300
image 2 border top 643
image 2 border bottom 131
image 2 border left 221
image 2 border right 221

</system-out><system-err>--------------------------------- Captured Err ---------------------------------

</system-err></testcase><testcase classname="tests.test_features" name="test_mock_stop_at_2" time="13.720"><system-out>--------------------------------- Captured Log ---------------------------------

--------------------------------- Captured Out ---------------------------------
/home/runner/work/diptych/diptych/tests/0001_2.png
separation double page angle 90.55756528497216
separation double page y=0 2484
page rotation 1 0.65
page rotation 2 0.2

</system-out><system-err>--------------------------------- Captured Err ---------------------------------

</system-err></testcase><testcase classname="tests.test_features" name="test_mock_stop_at_4" time="18.732"><system-out>--------------------------------- Captured Log ---------------------------------

--------------------------------- Captured Out ---------------------------------
/home/runner/work/diptych/diptych/tests/0001_4.png
separation double page angle 90.55756528497216
separation double page y=0 2484
page rotation 1 0.65
page rotation 2 0.2
image 1 crop x1 329
image 1 crop y1 335
image 1 crop x2 2344
image 1 crop y2 3222
image 2 crop x1 171
image 2 crop y1 648
image 2 crop x2 2188
image 2 crop y2 3361
image 1 dpi 300
image 1 border top 326
image 1 border bottom 274
image 1 border left 222
image 1 border right 222
image 2 dpi 300
image 2 border top 643
image 2 border bottom 131
image 2 border left 221
image 2 border right 221

</system-out><system-err>--------------------------------- Captured Err ---------------------------------

</system-err></testcase><testcase classname="tests.test_features" name="test_mock_stop_at_1" time="11.294"><system-out>--------------------------------- Captured Log ---------------------------------

--------------------------------- Captured Out ---------------------------------
/home/runner/work/diptych/diptych/tests/0001_1.png
separation double page angle 90.55756528497216
separation double page y=0 2484

</system-out><system-err>--------------------------------- Captured Err ---------------------------------

</system-err></testcase><testcase classname="tests.test_features" name="test_mock_stop_at_3" time="18.496"><system-out>--------------------------------- Captured Log ---------------------------------

--------------------------------- Captured Out ---------------------------------
/home/runner/work/diptych/diptych/tests/0001_3.png
separation double page angle 90.55756528497216
separation double page y=0 2484
page rotation 1 0.65
page rotation 2 0.2
image 1 crop x1 329
image 1 crop y1 335
image 1 crop x2 2344
image 1 crop y2 3222
image 2 crop x1 171
image 2 crop y1 648
image 2 crop x2 2188
image 2 crop y2 3361

</system-out><system-err>--------------------------------- Captured Err ---------------------------------

</system-err></testcase><testcase classname="tests.test_images" name="test_0001_png" time="17.032"><system-out>--------------------------------- Captured Log ---------------------------------

--------------------------------- Captured Out ---------------------------------
/home/runner/work/diptych/diptych/tests/0001.png
1630132096330755650 : Checking separation double page angle 90.55756528497216
1630132096330865851 : Checking separation double page y=0 2484
1630132097336847985 : Checking page rotation 1 0.65
1630132098462599487 : Checking page rotation 2 0.2
1630132100726961030 : Checking image 1 crop x1 329
1630132100727078131 : Checking image 1 crop y1 335
1630132100727113731 : Checking image 1 crop x2 2344
1630132100727146432 : Checking image 1 crop y2 3222
1630132102799303251 : Checking image 2 crop x1 171
1630132102799438351 : Checking image 2 crop y1 648
1630132102799476952 : Checking image 2 crop x2 2188
1630132102799509552 : Checking image 2 crop y2 3361
1630132102799666053 : Checking image 1 dpi 300
1630132102799730753 : Checking image 1 border top 326
1630132102799765053 : Checking image 1 border bottom 274
1630132102799798653 : Checking image 1 border left 222
1630132102799829254 : Checking image 1 border right 222
1630132102801743465 : Checking image 2 dpi 300
1630132102801820465 : Checking image 2 border top 643
1630132102801856066 : Checking image 2 border bottom 131
1630132102801887366 : Checking image 2 border left 221
1630132102801918266 : Checking image 2 border right 221

</system-out><system-err>--------------------------------- Captured Err ---------------------------------

</system-err></testcase><testcase classname="tests.test_features" name="test_mock_stop_at_5" time="18.944"><system-out>--------------------------------- Captured Log ---------------------------------

--------------------------------- Captured Out ---------------------------------
/home/runner/work/diptych/diptych/tests/0001_5.png
separation double page angle 90.55756528497216
separation double page y=0 2484
page rotation 1 0.65
page rotation 2 0.2
image 1 crop x1 329
image 1 crop y1 335
image 1 crop x2 2344
image 1 crop y2 3222
image 2 crop x1 171
image 2 crop y1 648
image 2 crop x2 2188
image 2 crop y2 3361
image 1 dpi 300
image 1 border top 326
image 1 border bottom 274
image 1 border left 222
image 1 border right 222
image 2 dpi 300
image 2 border top 643
image 2 border bottom 131
image 2 border left 221
image 2 border right 221

</system-out><system-err>--------------------------------- Captured Err ---------------------------------

</system-err></testcase><testcase classname="tests.test_images" name="test_black_border_not_removed_png" time="18.256"><system-out>--------------------------------- Captured Log ---------------------------------

--------------------------------- Captured Out ---------------------------------
/home/runner/work/diptych/diptych/tests/black-border-not-removed.png
1630132112982124046 : Checking separation double page angle 90.01516396500199
1630132112982220047 : Checking separation double page y=0 2455
1630132113874262023 : Checking page rotation 1 0.0
1630132115130740837 : Checking page rotation 2 0.1
1630132117280327917 : Checking image 1 crop x1 297
1630132117280441918 : Checking image 1 crop y1 143
1630132117280474918 : Checking image 1 crop x2 2309
1630132117280505718 : Checking image 1 crop y2 3346
1630132121057099203 : Checking image 2 crop x1 154
1630132121057209004 : Checking image 2 crop y1 144
1630132121057243204 : Checking image 2 crop x2 2168
1630132121057274604 : Checking image 2 crop y2 3351
1630132121057429205 : Checking image 1 dpi 300
1630132121057493006 : Checking image 1 border top 131
1630132121057522206 : Checking image 1 border bottom 153
1630132121057552006 : Checking image 1 border left 224
1630132121057580806 : Checking image 1 border right 224
1630132121059606920 : Checking image 2 dpi 300
1630132121059681620 : Checking image 2 border top 133
1630132121059710720 : Checking image 2 border bottom 147
1630132121059738420 : Checking image 2 border left 223
1630132121059766221 : Checking image 2 border right 223

</system-out><system-err>--------------------------------- Captured Err ---------------------------------

</system-err></testcase><testcase classname="tests.test_images" name="test_image_failed_to_rotate_png" time="24.411"><system-out>--------------------------------- Captured Log ---------------------------------

--------------------------------- Captured Out ---------------------------------
/home/runner/work/diptych/diptych/tests/image_failed_to_rotate.png
1630132134776477469 : Checking separation double page angle 90.35651650869968
1630132134776579070 : Checking separation double page y=0 2483
1630132136629322882 : Checking page rotation 1 0.45
1630132137572967549 : Checking page rotation 2 0.2
1630132142532671326 : Checking image 1 crop x1 31
1630132142532783127 : Checking image 1 crop y1 1
1630132142532818827 : Checking image 1 crop x2 2481
1630132142532854027 : Checking image 1 crop y2 3504
1630132145366521969 : Checking image 2 crop x1 171
1630132145366630870 : Checking image 2 crop y1 231
1630132145366666070 : Checking image 2 crop x2 2259
1630132145366699770 : Checking image 2 crop y2 3358
1630132145366859671 : Checking image 1 dpi 300
1630132145366930172 : Checking image 1 border top 2
1630132145366963572 : Checking image 1 border bottom 2
1630132145366996072 : Checking image 1 border left 15
1630132145367026772 : Checking image 1 border right 15
1630132145369496988 : Checking image 2 dpi 300
1630132145369576489 : Checking image 2 border top 217
1630132145369608189 : Checking image 2 border bottom 143
1630132145369638689 : Checking image 2 border left 186
1630132145369669089 : Checking image 2 border right 186

</system-out><system-err>--------------------------------- Captured Err ---------------------------------

</system-err></testcase><testcase classname="tests.test_images" name="test_2_pages_2_contours_png" time="13.208"><system-out>--------------------------------- Captured Log ---------------------------------

--------------------------------- Captured Out ---------------------------------
/home/runner/work/diptych/diptych/tests/2-pages-2-contours.png
1630132130326283502 : Checking separation double page angle 90.14230271514262
1630132130326385603 : Checking separation double page y=0 2488
1630132130794506068 : Checking page rotation 1 0.0
1630132131734198009 : Checking page rotation 2 0.2
1630132132469874539 : Checking image 1 crop x1 1189
1630132132469973840 : Checking image 1 crop y1 1751
1630132132470007740 : Checking image 1 crop x2 1190
1630132132470037740 : Checking image 1 crop y2 1752
1630132134361837403 : Checking image 2 crop x1 100
1630132134361948504 : Checking image 2 crop y1 240
1630132134361984104 : Checking image 2 crop x2 2148
1630132134362017404 : Checking image 2 crop y2 3240
1630132134362167005 : Checking image 1 dpi 300
1630132134362223406 : Checking image 1 border top 1752
1630132134362255606 : Checking image 1 border bottom 1753
1630132134362287806 : Checking image 1 border left 1239
1630132134362317806 : Checking image 1 border right 1239
1630132134364475620 : Checking image 2 dpi 300
1630132134364556321 : Checking image 2 border top 230
1630132134364588521 : Checking image 2 border bottom 256
1630132134364618821 : Checking image 2 border left 206
1630132134364648821 : Checking image 2 border right 206

</system-out><system-err>--------------------------------- Captured Err ---------------------------------

</system-err></testcase><testcase classname="tests.test_images" name="test_wrong_split_line_png" time="15.366"><system-out>--------------------------------- Captured Log ---------------------------------

--------------------------------- Captured Out ---------------------------------
/home/runner/work/diptych/diptych/tests/wrong_split_line.png
1630132145252675140 : Checking separation double page angle 89.95895720607972
1630132145252771541 : Checking separation double page y=0 2466
1630132146084775467 : Checking page rotation 1 -0.04999999999999689
1630132146901996388 : Checking page rotation 2 0.45
1630132148019083111 : Checking image 1 crop x1 211
1630132148019195512 : Checking image 1 crop y1 156
1630132148019228912 : Checking image 1 crop x2 2323
1630132148019260013 : Checking image 1 crop y2 3363
1630132149727613606 : Checking image 2 crop x1 123
1630132149727723107 : Checking image 2 crop y1 164
1630132149727756407 : Checking image 2 crop x2 2237
1630132149727787307 : Checking image 2 crop y2 3375
1630132149727936308 : Checking image 1 dpi 300
1630132149728002208 : Checking image 1 border top 135
1630132149728031609 : Checking image 1 border bottom 145
1630132149728060909 : Checking image 1 border left 174
1630132149728088509 : Checking image 1 border right 174
1630132149730177222 : Checking image 2 dpi 300
1630132149730246923 : Checking image 2 border top 141
1630132149730276423 : Checking image 2 border bottom 135
1630132149730305123 : Checking image 2 border left 173
1630132149730332723 : Checking image 2 border right 173

</system-out><system-err>--------------------------------- Captured Err ---------------------------------

</system-err></testcase><testcase classname="tests.test_images" name="test_image_failed_to_crop_data_png" time="35.749"><system-out>--------------------------------- Captured Log ---------------------------------

--------------------------------- Captured Out ---------------------------------
/home/runner/work/diptych/diptych/tests/image_failed_to_crop_data.png
1630132164045073858 : Checking separation double page angle 90.09350257645173
1630132164045164759 : Checking separation double page y=0 2479
1630132168669615775 : Checking page rotation 1 0.15000000000000002
1630132169749601315 : Checking page rotation 2 0.05
1630132178634858271 : Checking image 1 crop x1 46
1630132178634975971 : Checking image 1 crop y1 1
1630132178635011872 : Checking image 1 crop x2 2477
1630132178635045872 : Checking image 1 crop y2 3505
1630132181164390422 : Checking image 2 crop x1 164
1630132181164500023 : Checking image 2 crop y1 217
1630132181164535523 : Checking image 2 crop x2 2245
1630132181164568923 : Checking image 2 crop y2 3350
1630132181164730825 : Checking image 1 dpi 300
1630132181164803025 : Checking image 1 border top 2
1630132181164836725 : Checking image 1 border bottom 2
1630132181164868725 : Checking image 1 border left 25
1630132181164899726 : Checking image 1 border right 25
1630132181167353941 : Checking image 2 dpi 300
1630132181167462542 : Checking image 2 border top 206
1630132181167494942 : Checking image 2 border bottom 148
1630132181167525843 : Checking image 2 border left 189
1630132181167558943 : Checking image 2 border right 189

</system-out><system-err>--------------------------------- Captured Err ---------------------------------

</system-err></testcase><testcase classname="tests.test_images" name="test_crop_too_much_png" time="20.583"><system-out>--------------------------------- Captured Log ---------------------------------

--------------------------------- Captured Out ---------------------------------
/home/runner/work/diptych/diptych/tests/crop_too_much.png
1630132161999935829 : Checking separation double page angle 90.16929865985193
1630132162000031630 : Checking separation double page y=0 2456
1630132163205360162 : Checking page rotation 1 -0.04999999999999689
1630132164379000404 : Checking page rotation 2 0.2
1630132166841782629 : Checking image 1 crop x1 302
1630132166841896830 : Checking image 1 crop y1 148
1630132166841933530 : Checking image 1 crop x2 2314
1630132166841965630 : Checking image 1 crop y2 3351
1630132170290030987 : Checking image 2 crop x1 163
1630132170290143688 : Checking image 2 crop y1 151
1630132170290179288 : Checking image 2 crop x2 2187
1630132170290212989 : Checking image 2 crop y2 3363
1630132170290362889 : Checking image 1 dpi 300
1630132170290426790 : Checking image 1 border top 133
1630132170290458890 : Checking image 1 border bottom 151
1630132170290491290 : Checking image 1 border left 224
1630132170290521390 : Checking image 1 border right 224
1630132170292908906 : Checking image 2 dpi 300
1630132170292990806 : Checking image 2 border top 132
1630132170293023407 : Checking image 2 border bottom 143
1630132170293053907 : Checking image 2 border left 218
1630132170293084007 : Checking image 2 border right 218

</system-out><system-err>--------------------------------- Captured Err ---------------------------------

</system-err></testcase><testcase classname="tests.test_images" name="test_crop_too_few_png" time="15.756"><system-out>--------------------------------- Captured Log ---------------------------------

--------------------------------- Captured Out ---------------------------------
/home/runner/work/diptych/diptych/tests/crop_too_few.png
1630132181377158498 : Checking separation double page angle 89.49492328400886
1630132181377241998 : Checking separation double page y=0 2510
1630132182165356993 : Checking page rotation 1 -0.6499999999999977
1630132183213888471 : Checking page rotation 2 0.0
1630132184865112045 : Checking image 1 crop x1 263
1630132184865222546 : Checking image 1 crop y1 150
1630132184865255446 : Checking image 1 crop x2 2377
1630132184865284646 : Checking image 1 crop y2 3357
1630132186076275974 : Checking image 2 crop x1 139
1630132186076383375 : Checking image 2 crop y1 141
1630132186076416375 : Checking image 2 crop x2 2261
1630132186076447275 : Checking image 2 crop y2 3345
1630132186076595776 : Checking image 1 dpi 300
1630132186076655877 : Checking image 1 border top 129
1630132186076685477 : Checking image 1 border bottom 150
1630132186076714677 : Checking image 1 border left 173
1630132186076742577 : Checking image 1 border right 173
1630132186078836491 : Checking image 2 dpi 300
1630132186078911291 : Checking image 2 border top 130
1630132186078941191 : Checking image 2 border bottom 153
1630132186078969292 : Checking image 2 border left 169
1630132186078996792 : Checking image 2 border right 169

</system-out><system-err>--------------------------------- Captured Err ---------------------------------

</system-err></testcase><testcase classname="tests.test_images" name="test_wrong_angle_split_line_png" time="20.824"><system-out>--------------------------------- Captured Log ---------------------------------

--------------------------------- Captured Out ---------------------------------
/home/runner/work/diptych/diptych/tests/wrong_angle_split_line.png
1630132190636290442 : Checking separation double page angle 90.08791528895468
1630132190636385642 : Checking separation double page y=0 2478
1630132191726416612 : Checking page rotation 1 0.1
1630132192590370416 : Checking page rotation 2 0.1
1630132197200556490 : Checking image 1 crop x1 58
1630132197200665391 : Checking image 1 crop y1 6
1630132197200700091 : Checking image 1 crop x2 2476
1630132197200731191 : Checking image 1 crop y2 3501
1630132201386565453 : Checking image 2 crop x1 166
1630132201386682253 : Checking image 2 crop y1 218
1630132201386717754 : Checking image 2 crop x2 2244
1630132201386751354 : Checking image 2 crop y2 3349
1630132201386918555 : Checking image 1 dpi 300
1630132201387053056 : Checking image 1 border top 6
1630132201387087256 : Checking image 1 border bottom 6
1630132201387119656 : Checking image 1 border left 31
1630132201387150456 : Checking image 1 border right 31
1630132201394345703 : Checking image 2 dpi 300
1630132201394446704 : Checking image 2 border top 209
1630132201394479004 : Checking image 2 border bottom 147
1630132201394509604 : Checking image 2 border left 191
1630132201394540504 : Checking image 2 border right 191

</system-out><system-err>--------------------------------- Captured Err ---------------------------------

</system-err></testcase><testcase classname="tests.test_images" name="test_crop_too_much_2_png" time="21.465"><system-out>--------------------------------- Captured Log ---------------------------------

--------------------------------- Captured Out ---------------------------------
/home/runner/work/diptych/diptych/tests/crop_too_much_2.png
1630132198528010835 : Checking separation double page angle 90.15285326123045
1630132198528108836 : Checking separation double page y=0 2477
1630132200016007926 : Checking page rotation 1 0.15000000000000002
1630132201937266839 : Checking page rotation 2 0.2
1630132204391410013 : Checking image 1 crop x1 330
1630132204391523714 : Checking image 1 crop y1 132
1630132204391559814 : Checking image 1 crop x2 2342
1630132204391592114 : Checking image 1 crop y2 3335
1630132207512106586 : Checking image 2 crop x1 165
1630132207512212886 : Checking image 2 crop y1 139
1630132207512258487 : Checking image 2 crop x2 2178
1630132207512290887 : Checking image 2 crop y2 3345
1630132207512443488 : Checking image 1 dpi 300
1630132207512509988 : Checking image 1 border top 121
1630132207512542888 : Checking image 1 border bottom 163
1630132207512574989 : Checking image 1 border left 224
1630132207512605089 : Checking image 1 border right 224
1630132207515087005 : Checking image 2 dpi 300
1630132207515163805 : Checking image 2 border top 129
1630132207515196105 : Checking image 2 border bottom 152
1630132207515226906 : Checking image 2 border left 223
1630132207515256906 : Checking image 2 border right 223

</system-out><system-err>--------------------------------- Captured Err ---------------------------------

</system-err></testcase><testcase classname="tests.test_images" name="test_angle_page_lower_split_line_png" time="24.421"><system-out>--------------------------------- Captured Log ---------------------------------

--------------------------------- Captured Out ---------------------------------
/home/runner/work/diptych/diptych/tests/angle_page_lower_split_line.png
1630132218158341670 : Checking separation double page angle 89.74412725181848
1630132218158438871 : Checking separation double page y=0 2472
1630132220161518330 : Checking page rotation 1 -0.14999999999999067
1630132221997911309 : Checking page rotation 2 0.1
1630132223355351590 : Checking image 1 crop x1 241
1630132223355479091 : Checking image 1 crop y1 156
1630132223355512591 : Checking image 1 crop x2 2357
1630132223355543491 : Checking image 1 crop y2 3368
1630132226478251992 : Checking image 2 crop x1 151
1630132226478361692 : Checking image 2 crop y1 146
1630132226478395393 : Checking image 2 crop x2 2261
1630132226478426393 : Checking image 2 crop y2 3351
1630132226478586794 : Checking image 1 dpi 300
1630132226478653294 : Checking image 1 border top 140
1630132226478682695 : Checking image 1 border bottom 135
1630132226478712195 : Checking image 1 border left 172
1630132226478740195 : Checking image 1 border right 172
1630132226481158711 : Checking image 2 dpi 300
1630132226481236611 : Checking image 2 border top 131
1630132226481266511 : Checking image 2 border bottom 151
1630132226481294311 : Checking image 2 border left 175
1630132226481321812 : Checking image 2 border right 175

</system-out><system-err>--------------------------------- Captured Err ---------------------------------

</system-err></testcase><testcase classname="tests.test_images" name="test_wrong_split_line_2_png" time="30.464"><system-out>--------------------------------- Captured Log ---------------------------------

--------------------------------- Captured Out ---------------------------------
/home/runner/work/diptych/diptych/tests/wrong_split_line_2.png
1630132223593076028 : Checking separation double page angle 90.23635161124103
1630132223593176229 : Checking separation double page y=0 2437
1630132226259559977 : Checking page rotation 1 0.2
1630132228508763905 : Checking page rotation 2 0.2
1630132232535451407 : Checking image 1 crop x1 294
1630132232535567008 : Checking image 1 crop y1 136
1630132232535601708 : Checking image 1 crop x2 2325
1630132232535635309 : Checking image 1 crop y2 3376
1630132237990246414 : Checking image 2 crop x1 138
1630132237990355015 : Checking image 2 crop y1 190
1630132237990390615 : Checking image 2 crop x2 2174
1630132237990424415 : Checking image 2 crop y2 3389
1630132237990575216 : Checking image 1 dpi 300
1630132237990640417 : Checking image 1 border top 131
1630132237990675217 : Checking image 1 border bottom 116
1630132237990707517 : Checking image 1 border left 214
1630132237990737817 : Checking image 1 border right 214
1630132237992743330 : Checking image 2 dpi 300
1630132237992818631 : Checking image 2 border top 181
1630132237992851931 : Checking image 2 border bottom 107
1630132237992882331 : Checking image 2 border left 212
1630132237992912231 : Checking image 2 border right 212

</system-out><system-err>--------------------------------- Captured Err ---------------------------------

</system-err></testcase><testcase classname="tests.test_images" name="test_wrong_wave_split_line_png" time="27.848"><system-out>--------------------------------- Captured Log ---------------------------------

--------------------------------- Captured Out ---------------------------------
/home/runner/work/diptych/diptych/tests/wrong_wave_split_line.png
1630132241989465618 : Checking separation double page angle 90.42461655762611
1630132241989562419 : Checking separation double page y=0 2502
1630132243607297353 : Checking page rotation 1 -0.09999999999999377
1630132245242268319 : Checking page rotation 2 0.85
1630132249182341777 : Checking image 1 crop x1 384
1630132249182459877 : Checking image 1 crop y1 178
1630132249182495678 : Checking image 1 crop x2 2412
1630132249182527878 : Checking image 1 crop y2 3374
1630132254314258569 : Checking image 2 crop x1 7
1630132254314380470 : Checking image 2 crop y1 0
1630132254314415270 : Checking image 2 crop x2 2411
1630132254314450770 : Checking image 2 crop y2 3505
1630132254314591871 : Checking image 1 dpi 300
1630132254314660372 : Checking image 1 border top 173
1630132254314692572 : Checking image 1 border bottom 118
1630132254314724272 : Checking image 1 border left 216
1630132254314754772 : Checking image 1 border right 216
1630132254316804386 : Checking image 2 dpi 300
1630132254316888986 : Checking image 2 border top 1
1630132254316920786 : Checking image 2 border bottom 1
1630132254316953587 : Checking image 2 border left 38
1630132254316984287 : Checking image 2 border right 38

</system-out><system-err>--------------------------------- Captured Err ---------------------------------

</system-err></testcase><testcase classname="tests.test_images" name="test_small_wave_png" time="17.818"><system-out>--------------------------------- Captured Log ---------------------------------

--------------------------------- Captured Out ---------------------------------
/home/runner/work/diptych/diptych/tests/small_wave.png
1630132250218211255 : Checking separation double page angle 90.56494929955075
1630132250218307255 : Checking separation double page y=0 2495
1630132251545509415 : Checking page rotation 1 0.7
1630132252803974930 : Checking page rotation 2 0.65
1630132254081358667 : Checking image 1 crop x1 322
1630132254081472068 : Checking image 1 crop y1 199
1630132254081506068 : Checking image 1 crop x2 2351
1630132254081536068 : Checking image 1 crop y2 3394
1630132255810601019 : Checking image 2 crop x1 130
1630132255810710919 : Checking image 2 crop y1 222
1630132255810743719 : Checking image 2 crop x2 2163
1630132255810776320 : Checking image 2 crop y2 3420
1630132255810925721 : Checking image 1 dpi 300
1630132255810989721 : Checking image 1 border top 181
1630132255811020621 : Checking image 1 border bottom 111
1630132255811050421 : Checking image 1 border left 215
1630132255811078222 : Checking image 1 border right 215
1630132255813080435 : Checking image 2 dpi 300
1630132255813157835 : Checking image 2 border top 197
1630132255813187335 : Checking image 2 border bottom 92
1630132255813215835 : Checking image 2 border left 213
1630132255813243736 : Checking image 2 border right 213

</system-out><system-err>--------------------------------- Captured Err ---------------------------------

</system-err></testcase><testcase classname="tests.test_images" name="test_no_split_line_line_algo_png" time="19.244"><system-out>--------------------------------- Captured Log ---------------------------------

--------------------------------- Captured Out ---------------------------------
/home/runner/work/diptych/diptych/tests/no_split_line_line_algo.png
1630132265762777958 : Checking separation double page angle 89.47691469185418
1630132265762868958 : Checking separation double page y=0 2476
1630132266802445873 : Checking page rotation 1 -0.14999999999999067
1630132268519280282 : Checking page rotation 2 -0.14999999999999067
1630132270033007864 : Checking image 1 crop x1 205
1630132270033119865 : Checking image 1 crop y1 158
1630132270033152565 : Checking image 1 crop x2 2320
1630132270033183165 : Checking image 1 crop y2 3366
1630132273578062408 : Checking image 2 crop x1 185
1630132273578172109 : Checking image 2 crop y1 225
1630132273578206009 : Checking image 2 crop x2 2204
1630132273578236809 : Checking image 2 crop y2 3362
1630132273578393010 : Checking image 1 dpi 300
1630132273578461210 : Checking image 1 border top 144
1630132273578491011 : Checking image 1 border bottom 134
1630132273578520511 : Checking image 1 border left 172
1630132273578548611 : Checking image 1 border right 172
1630132273580651025 : Checking image 2 dpi 300
1630132273580728825 : Checking image 2 border top 223
1630132273580758525 : Checking image 2 border bottom 127
1630132273580785826 : Checking image 2 border left 220
1630132273580813926 : Checking image 2 border right 220

</system-out><system-err>--------------------------------- Captured Err ---------------------------------

</system-err></testcase><testcase classname="tests.test_images" name="test_wrong_split_line_3_png" time="23.171"><system-out>--------------------------------- Captured Log ---------------------------------

--------------------------------- Captured Out ---------------------------------
/home/runner/work/diptych/diptych/tests/wrong_split_line_3.png
1630132268830698915 : Checking separation double page angle 90.40515247895009
1630132268830799815 : Checking separation double page y=0 2495
1630132270732378730 : Checking page rotation 1 0.2
1630132272124861721 : Checking page rotation 2 0.85
1630132273924034166 : Checking image 1 crop x1 331
1630132273924148467 : Checking image 1 crop y1 166
1630132273924182867 : Checking image 1 crop x2 2377
1630132273924215468 : Checking image 1 crop y2 3375
1630132279000205990 : Checking image 2 crop x1 103
1630132279000303591 : Checking image 2 crop y1 207
1630132279000337391 : Checking image 2 crop x2 2136
1630132279000368891 : Checking image 2 crop y2 3414
1630132279000535492 : Checking image 1 dpi 300
1630132279000602993 : Checking image 1 border top 158
1630132279000637693 : Checking image 1 border bottom 120
1630132279000669793 : Checking image 1 border left 207
1630132279000699593 : Checking image 1 border right 207
1630132279002706006 : Checking image 2 dpi 300
1630132279002782907 : Checking image 2 border top 199
1630132279002815407 : Checking image 2 border bottom 81
1630132279002846407 : Checking image 2 border left 213
1630132279002876707 : Checking image 2 border right 213

</system-out><system-err>--------------------------------- Captured Err ---------------------------------

</system-err></testcase><testcase classname="tests.test_images" name="test_failed_split_line_line_algo_png" time="13.649"><system-out>--------------------------------- Captured Log ---------------------------------

--------------------------------- Captured Out ---------------------------------
/home/runner/work/diptych/diptych/tests/failed_split_line_line_algo.png
1630132282720533607 : Checking separation double page angle 90.0093502548779
1630132282720631808 : Checking separation double page y=0 2574
1630132283434340623 : Checking page rotation 1 0.0
1630132283927832184 : Checking page rotation 2 0.0
1630132285765580826 : Checking image 1 crop x1 411
1630132285765694027 : Checking image 1 crop y1 2927
1630132285765729327 : Checking image 1 crop x2 2422
1630132285765761127 : Checking image 1 crop y2 3172
1630132287252574550 : Checking image 2 crop x1 1191
1630132287252668251 : Checking image 2 crop y1 1745
1630132287252701151 : Checking image 2 crop x2 1192
1630132287252732251 : Checking image 2 crop y2 1746
1630132287252849052 : Checking image 1 dpi 300
1630132287252922153 : Checking image 1 border top 2920
1630132287252953853 : Checking image 1 border bottom 322
1630132287252985653 : Checking image 1 border left 224
1630132287253016053 : Checking image 1 border right 224
1630132287254437463 : Checking image 2 dpi 300
1630132287254507663 : Checking image 2 border top 1752
1630132287254540963 : Checking image 2 border bottom 1753
1630132287254571064 : Checking image 2 border left 1239
1630132287254601464 : Checking image 2 border right 1239

</system-out><system-err>--------------------------------- Captured Err ---------------------------------

</system-err></testcase><testcase classname="tests.test_images" name="test_crop_too_much_3_png" time="17.035"><system-out>--------------------------------- Captured Log ---------------------------------

--------------------------------- Captured Out ---------------------------------
/home/runner/work/diptych/diptych/tests/crop_too_much_3.png
1630132289553982656 : Checking separation double page angle 89.5934556679346
1630132289554080956 : Checking separation double page y=0 2499
1630132290672333954 : Checking page rotation 1 -0.8999999999999949
1630132291917492700 : Checking page rotation 2 -0.04999999999999689
1630132294146500796 : Checking image 1 crop x1 374
1630132294146611797 : Checking image 1 crop y1 258
1630132294146646197 : Checking image 1 crop x2 2385
1630132294146676898 : Checking image 1 crop y2 3459
1630132296032091937 : Checking image 2 crop x1 164
1630132296032202837 : Checking image 2 crop y1 229
1630132296032236038 : Checking image 2 crop x2 2183
1630132296032268438 : Checking image 2 crop y2 3416
1630132296032417639 : Checking image 1 dpi 300
1630132296032482739 : Checking image 1 border top 239
1630132296032513740 : Checking image 1 border bottom 46
1630132296032543340 : Checking image 1 border left 224
1630132296032571240 : Checking image 1 border right 224
1630132296034527353 : Checking image 2 dpi 300
1630132296034604354 : Checking image 2 border top 210
1630132296034633754 : Checking image 2 border bottom 90
1630132296034662054 : Checking image 2 border left 220
1630132296034691154 : Checking image 2 border right 220

</system-out><system-err>--------------------------------- Captured Err ---------------------------------

</system-err></testcase><testcase classname="tests.test_images" name="test_failed_split_line_line_algo_2_png" time="18.634"><system-out>--------------------------------- Captured Log ---------------------------------

--------------------------------- Captured Out ---------------------------------
/home/runner/work/diptych/diptych/tests/failed_split_line_line_algo_2.png
1630132299453416128 : Checking separation double page angle 90.03732329462368
1630132299453510628 : Checking separation double page y=0 2499
1630132300692827145 : Checking page rotation 1 -0.09999999999999377
1630132301670313026 : Checking page rotation 2 0.5499999999999999
1630132303816540956 : Checking image 1 crop x1 273
1630132303816651357 : Checking image 1 crop y1 147
1630132303816684557 : Checking image 1 crop x2 2386
1630132303816715357 : Checking image 1 crop y2 3352
1630132305856232879 : Checking image 2 crop x1 122
1630132305856342880 : Checking image 2 crop y1 155
1630132305856375280 : Checking image 2 crop x2 2246
1630132305856405680 : Checking image 2 crop y2 3350
1630132305856564381 : Checking image 1 dpi 300
1630132305856632582 : Checking image 1 border top 137
1630132305856661882 : Checking image 1 border bottom 145
1630132305856691082 : Checking image 1 border left 173
1630132305856718682 : Checking image 1 border right 173
1630132305858780996 : Checking image 2 dpi 300
1630132305858855997 : Checking image 2 border top 133
1630132305858885097 : Checking image 2 border bottom 159
1630132305858912697 : Checking image 2 border left 168
1630132305858940497 : Checking image 2 border right 168

</system-out><system-err>--------------------------------- Captured Err ---------------------------------

</system-err></testcase><testcase classname="tests.test_images" name="test_wrong_wave_split_line_2_png" time="23.439"><system-out>--------------------------------- Captured Log ---------------------------------

--------------------------------- Captured Out ---------------------------------
/home/runner/work/diptych/diptych/tests/wrong_wave_split_line_2.png
1630132311714878523 : Checking separation double page angle 90.7708958311329
1630132311714973724 : Checking separation double page y=0 2490
1630132313461560441 : Checking page rotation 1 0.2
1630132315093370725 : Checking page rotation 2 1.65
1630132316342869575 : Checking image 1 crop x1 227
1630132316342983376 : Checking image 1 crop y1 147
1630132316343019776 : Checking image 1 crop x2 2342
1630132316343054677 : Checking image 1 crop y2 3353
1630132319473262483 : Checking image 2 crop x1 106
1630132319473372485 : Checking image 2 crop y1 195
1630132319473407785 : Checking image 2 crop x2 2231
1630132319473441386 : Checking image 2 crop y2 3398
1630132319473594887 : Checking image 1 dpi 300
1630132319473663288 : Checking image 1 border top 136
1630132319473696288 : Checking image 1 border bottom 145
1630132319473727789 : Checking image 1 border left 172
1630132319473758189 : Checking image 1 border right 172
1630132319475782913 : Checking image 2 dpi 300
1630132319475862014 : Checking image 2 border top 166
1630132319475893914 : Checking image 2 border bottom 117
1630132319475924414 : Checking image 2 border left 167
1630132319475954315 : Checking image 2 border right 167

</system-out><system-err>--------------------------------- Captured Err ---------------------------------

</system-err></testcase><testcase classname="tests.test_images" name="test_wrong_wave_split_line_3_png" time="19.440"><system-out>--------------------------------- Captured Log ---------------------------------

--------------------------------- Captured Out ---------------------------------
/home/runner/work/diptych/diptych/tests/wrong_wave_split_line_3.png
1630132320024051654 : Checking separation double page angle 90.12715931778824
1630132320024148855 : Checking separation double page y=0 2514
1630132321246393493 : Checking page rotation 1 0.05
1630132322280578255 : Checking page rotation 2 0.2
1630132323828665227 : Checking image 1 crop x1 273
1630132323828770728 : Checking image 1 crop y1 220
1630132323828819229 : Checking image 1 crop x2 2383
1630132323828850129 : Checking image 1 crop y2 3423
1630132325311439017 : Checking image 2 crop x1 116
1630132325311554419 : Checking image 2 crop y1 225
1630132325311589919 : Checking image 2 crop x2 2242
1630132325311625120 : Checking image 2 crop y2 3415
1630132325311790622 : Checking image 1 dpi 300
1630132325311860922 : Checking image 1 border top 202
1630132325311892923 : Checking image 1 border bottom 82
1630132325311924223 : Checking image 1 border left 175
1630132325311954324 : Checking image 1 border right 175
1630132325313977247 : Checking image 2 dpi 300
1630132325314054748 : Checking image 2 border top 204
1630132325314085949 : Checking image 2 border bottom 93
1630132325314116149 : Checking image 2 border left 167
1630132325314146449 : Checking image 2 border right 167

</system-out><system-err>--------------------------------- Captured Err ---------------------------------

</system-err></testcase><testcase classname="tests.test_images" name="test_no_split_line_wave_algo_png" time="30.595"><system-out>--------------------------------- Captured Log ---------------------------------

--------------------------------- Captured Out ---------------------------------
/home/runner/work/diptych/diptych/tests/no_split_line_wave_algo.png
1630132332524868292 : Checking separation double page angle 89.79018091440821
1630132332524958693 : Checking separation double page y=0 2483
1630132335485027170 : Checking page rotation 1 0.0
1630132336484396884 : Checking page rotation 2 -0.44999999999999746
1630132345115333089 : Checking image 1 crop x1 97
1630132345115436490 : Checking image 1 crop y1 74
1630132345115470091 : Checking image 1 crop x2 2489
1630132345115502491 : Checking image 1 crop y2 3505
1630132350037213318 : Checking image 2 crop x1 164
1630132350037323719 : Checking image 2 crop y1 267
1630132350037360620 : Checking image 2 crop x2 2239
1630132350037392720 : Checking image 2 crop y2 3380
1630132350037551022 : Checking image 1 dpi 300
1630132350037619923 : Checking image 1 border top 38
1630132350037654023 : Checking image 1 border bottom 38
1630132350037686124 : Checking image 1 border left 44
1630132350037716924 : Checking image 1 border right 44
1630132350039952951 : Checking image 2 dpi 300
1630132350040039252 : Checking image 2 border top 257
1630132350040073552 : Checking image 2 border bottom 117
1630132350040104153 : Checking image 2 border left 192
1630132350040134253 : Checking image 2 border right 192

</system-out><system-err>--------------------------------- Captured Err ---------------------------------

</system-err></testcase><testcase classname="tests.test_images" name="test_no_split_line_wave_algo_2_png" time="16.331"><system-out>--------------------------------- Captured Log ---------------------------------

--------------------------------- Captured Out ---------------------------------
/home/runner/work/diptych/diptych/tests/no_split_line_wave_algo_2.png
1630132336384942369 : Checking separation double page angle 90.43362571535843
1630132336385040570 : Checking separation double page y=0 2473
1630132337348758848 : Checking page rotation 1 1.05
1630132338407473387 : Checking page rotation 2 0.15000000000000002
1630132340115810826 : Checking image 1 crop x1 267
1630132340115925428 : Checking image 1 crop y1 210
1630132340115960128 : Checking image 1 crop x2 2343
1630132340115991529 : Checking image 1 crop y2 3412
1630132341644074334 : Checking image 2 crop x1 165
1630132341644189435 : Checking image 2 crop y1 241
1630132341644222035 : Checking image 2 crop x2 2250
1630132341644252836 : Checking image 2 crop y2 3433
1630132341644411738 : Checking image 1 dpi 300
1630132341644481238 : Checking image 1 border top 192
1630132341644510539 : Checking image 1 border bottom 93
1630132341644539539 : Checking image 1 border left 192
1630132341644567639 : Checking image 1 border right 192
1630132341647105470 : Checking image 2 dpi 300
1630132341647187871 : Checking image 2 border top 224
1630132341647217071 : Checking image 2 border bottom 71
1630132341647245171 : Checking image 2 border left 187
1630132341647272972 : Checking image 2 border right 187

</system-out><system-err>--------------------------------- Captured Err ---------------------------------

</system-err></testcase><testcase classname="tests.test_images" name="test_failed_detect_rectangle_png" time="19.588"><system-out>--------------------------------- Captured Log ---------------------------------

--------------------------------- Captured Out ---------------------------------
/home/runner/work/diptych/diptych/tests/failed_detect_rectangle.png
1630132354966678874 : Checking separation double page angle 90.242273842964
1630132354966775475 : Checking separation double page y=0 2475
1630132356726420278 : Checking page rotation 1 0.2
1630132358949603141 : Checking page rotation 2 0.2
1630132360111527776 : Checking image 1 crop x1 257
1630132360111646577 : Checking image 1 crop y1 201
1630132360111682378 : Checking image 1 crop x2 2333
1630132360111714278 : Checking image 1 crop y2 3402
1630132361229858488 : Checking image 2 crop x1 137
1630132361229973989 : Checking image 2 crop y1 215
1630132361230009990 : Checking image 2 crop x2 2220
1630132361230042890 : Checking image 2 crop y2 3406
1630132361230204992 : Checking image 1 dpi 300
1630132361230276293 : Checking image 1 border top 188
1630132361230308393 : Checking image 1 border bottom 98
1630132361230340194 : Checking image 1 border left 192
1630132361230370594 : Checking image 1 border right 192
1630132361232892824 : Checking image 2 dpi 300
1630132361232972725 : Checking image 2 border top 201
1630132361233007126 : Checking image 2 border bottom 95
1630132361233037426 : Checking image 2 border left 188
1630132361233067826 : Checking image 2 border right 188

</system-out><system-err>--------------------------------- Captured Err ---------------------------------

</system-err></testcase><testcase classname="tests.test_images" name="test_crop_too_few_2_png" time="19.488"><system-out>--------------------------------- Captured Log ---------------------------------

--------------------------------- Captured Out ---------------------------------
/home/runner/work/diptych/diptych/tests/crop_too_few_2.png
1630132361753294565 : Checking separation double page angle 90.35461351371423
1630132361753390267 : Checking separation double page y=0 2533
1630132363198101757 : Checking page rotation 1 1.0999999999999999
1630132364800466255 : Checking page rotation 2 0.0
1630132367271438106 : Checking image 1 crop x1 289
1630132367271550508 : Checking image 1 crop y1 165
1630132367271582308 : Checking image 1 crop x2 2400
1630132367271612008 : Checking image 1 crop y2 3367
1630132369577546892 : Checking image 2 crop x1 152
1630132369577655394 : Checking image 2 crop y1 190
1630132369577688194 : Checking image 2 crop x2 2273
1630132369577718594 : Checking image 2 crop y2 3385
1630132369577871796 : Checking image 1 dpi 300
1630132369577935197 : Checking image 1 border top 157
1630132369577965597 : Checking image 1 border bottom 128
1630132369577994998 : Checking image 1 border left 174
1630132369578023798 : Checking image 1 border right 174
1630132369580187024 : Checking image 2 dpi 300
1630132369580266725 : Checking image 2 border top 175
1630132369580296225 : Checking image 2 border bottom 116
1630132369580323825 : Checking image 2 border left 169
1630132369580350926 : Checking image 2 border right 169

</system-out><system-err>--------------------------------- Captured Err ---------------------------------

</system-err></testcase><testcase classname="tests.test_images" name="test_single_page_png" time="5.431"><system-out>--------------------------------- Captured Log ---------------------------------

--------------------------------- Captured Out ---------------------------------
/home/runner/work/diptych/diptych/tests/single_page.png
1630132364214454871 : Checking separation double page angle 89.93006318861008
1630132364214569172 : Checking separation double page y=0 2472
1630132364954981197 : Checking page rotation 1 0.0
1630132365055802699 : Checking page rotation 2 0.0
1630132366277863264 : Checking image 1 crop x1 1
1630132366277942365 : Checking image 1 crop y1 8
1630132366277977266 : Checking image 1 crop x2 2470
1630132366278007366 : Checking image 1 crop y2 3505
1630132366384226432 : Checking image 2 crop x1 0
1630132366384290133 : Checking image 2 crop y1 0
1630132366384316933 : Checking image 2 crop x2 0
1630132366384343533 : Checking image 2 crop y2 0
1630132366384396934 : Checking image 1 dpi 300
1630132366384451935 : Checking image 1 border top 5
1630132366384480635 : Checking image 1 border bottom 5
1630132366384507735 : Checking image 1 border left 6
1630132366384535436 : Checking image 1 border right 6
1630132366389882599 : Checking image 2 border top 0
1630132366389939200 : Checking image 2 border bottom 0
1630132366389966200 : Checking image 2 border left 0
1630132366389993001 : Checking image 2 border right 0

</system-out><system-err>--------------------------------- Captured Err ---------------------------------

</system-err></testcase><testcase classname="tests.test_images" name="test_wrong_split_line_4_png" time="9.580"><system-out>--------------------------------- Captured Log ---------------------------------

--------------------------------- Captured Out ---------------------------------
/home/runner/work/diptych/diptych/tests/wrong_split_line_4.png
1630132373303078817 : Checking separation double page angle 90.92587744884125
1630132373303172318 : Checking separation double page y=0 58
1630132373380303274 : Checking page rotation 1 0.5499999999999999
1630132374209153645 : Checking page rotation 2 1.0999999999999999
1630132374770447701 : Checking image 1 crop x1 0
1630132374770512302 : Checking image 1 crop y1 0
1630132374770539702 : Checking image 1 crop x2 0
1630132374770566002 : Checking image 1 crop y2 0
1630132376297723927 : Checking image 2 crop x1 290
1630132376297828128 : Checking image 2 crop y1 330
1630132376297860929 : Checking image 2 crop x2 2314
1630132376297890529 : Checking image 2 crop y2 3217
1630132376298042531 : Checking image 1 border top 0
1630132376298072331 : Checking image 1 border bottom 0
1630132376298100232 : Checking image 1 border left 0
1630132376298128032 : Checking image 1 border right 0
1630132376298171733 : Checking image 2 dpi 300
1630132376298231933 : Checking image 2 border top 322
1630132376298261534 : Checking image 2 border bottom 278
1630132376298288634 : Checking image 2 border left 218
1630132376298316034 : Checking image 2 border right 218

</system-out><system-err>--------------------------------- Captured Err ---------------------------------

</system-err></testcase><testcase classname="tests.test_images" name="test_no_split_line_wave_algo_3_png" time="9.096"><system-out>--------------------------------- Captured Log ---------------------------------

--------------------------------- Captured Out ---------------------------------
/home/runner/work/diptych/diptych/tests/no_split_line_wave_algo_3.png
1630132375967048929 : Checking separation double page angle 90.18184445198425
1630132375967160531 : Checking separation double page y=0 2405
1630132376692703222 : Checking page rotation 1 0.0
1630132376840487253 : Checking page rotation 2 0.0
1630132378305263405 : Checking image 1 crop x1 184
1630132378305356706 : Checking image 1 crop y1 2957
1630132378305389307 : Checking image 1 crop x2 2201
1630132378305417507 : Checking image 1 crop y2 3202
1630132378659130890 : Checking image 2 crop x1 0
1630132378659201591 : Checking image 2 crop y1 0
1630132378659228992 : Checking image 2 crop x2 0
1630132378659254792 : Checking image 2 crop y2 0
1630132378659316293 : Checking image 1 dpi 300
1630132378659395494 : Checking image 1 border top 2950
1630132378659428094 : Checking image 1 border bottom 292
1630132378659458494 : Checking image 1 border left 221
1630132378659486195 : Checking image 1 border right 221
1630132378664194453 : Checking image 2 border top 0
1630132378664251554 : Checking image 2 border bottom 0
1630132378664278854 : Checking image 2 border left 0
1630132378664305754 : Checking image 2 border right 0

</system-out><system-err>--------------------------------- Captured Err ---------------------------------

</system-err></testcase><testcase classname="tests.test_images" name="test_failed_split_line_line_algo_3_png" time="10.169"><system-out>--------------------------------- Captured Log ---------------------------------

--------------------------------- Captured Out ---------------------------------
/home/runner/work/diptych/diptych/tests/failed_split_line_line_algo_3.png
1630132382577839224 : Checking separation double page angle 90.02403976140027
1630132382577943725 : Checking separation double page y=0 39
1630132382632667779 : Checking page rotation 1 0.0
1630132383186697896 : Checking page rotation 2 0.0
1630132383414380115 : Checking image 1 crop x1 0
1630132383414447816 : Checking image 1 crop y1 0
1630132383414474516 : Checking image 1 crop x2 0
1630132383414500516 : Checking image 1 crop y2 0
1630132386479038415 : Checking image 2 crop x1 249
1630132386479135816 : Checking image 2 crop y1 154
1630132386479170717 : Checking image 2 crop x2 2264
1630132386479203917 : Checking image 2 crop y2 3361
1630132386479393220 : Checking image 1 border top 0
1630132386479431120 : Checking image 1 border bottom 0
1630132386479465120 : Checking image 1 border left 0
1630132386479498821 : Checking image 1 border right 0
1630132386479549321 : Checking image 2 dpi 300
1630132386479619422 : Checking image 2 border top 146
1630132386479652923 : Checking image 2 border bottom 134
1630132386479684223 : Checking image 2 border left 222
1630132386479715523 : Checking image 2 border right 222

</system-out><system-err>--------------------------------- Captured Err ---------------------------------

</system-err></testcase></testsuite></testsuites>