<?xml version="1.0" encoding="utf-8"?><testsuites><testsuite name="pytest" errors="0" failures="0" skipped="0" tests="25" time="612.641" timestamp="2020-11-29T17:06:45.634726" hostname="fv-az67-871"><testcase classname="tests.test_features" name="test_mock_stop_at_0" time="0.051"><system-out>--------------------------------- Captured Log ---------------------------------

--------------------------------- Captured Out ---------------------------------
/home/runner/work/ocr-book/ocr-book/tests/0001_0.png

</system-out><system-err>--------------------------------- Captured Err ---------------------------------

</system-err></testcase><testcase classname="tests.test_features" name="test_disabled_enable_debug" time="32.382"><system-out>--------------------------------- Captured Log ---------------------------------

--------------------------------- Captured Out ---------------------------------
/home/runner/work/ocr-book/ocr-book/tests/0001_debug.png
separation double page angle 90.5847895821894
separation double page y=0 2487
page rotation 1 0.75
page rotation 2 0.2
image 1 crop x1 330
image 1 crop y1 336
image 1 crop x2 2343
image 1 crop y2 3223
image 2 crop x1 169
image 2 crop y1 648
image 2 crop x2 2186
image 2 crop y2 3361
image 1 dpi 300
image 1 border top 340
image 1 border bottom 260
image 1 border left 223
image 1 border right 223
image 2 dpi 300
image 2 border top 646
image 2 border bottom 128
image 2 border left 221
image 2 border right 221

</system-out><system-err>--------------------------------- Captured Err ---------------------------------

</system-err></testcase><testcase classname="tests.test_features" name="test_mock_stop_at_2" time="41.014"><system-out>--------------------------------- Captured Log ---------------------------------

--------------------------------- Captured Out ---------------------------------
/home/runner/work/ocr-book/ocr-book/tests/0001_2.png
separation double page angle 90.5847895821894
separation double page y=0 2487
page rotation 1 0.75
page rotation 2 0.2

</system-out><system-err>--------------------------------- Captured Err ---------------------------------

</system-err></testcase><testcase classname="tests.test_features" name="test_mock_stop_at_1" time="24.809"><system-out>--------------------------------- Captured Log ---------------------------------

--------------------------------- Captured Out ---------------------------------
/home/runner/work/ocr-book/ocr-book/tests/0001_1.png
separation double page angle 90.5847895821894
separation double page y=0 2487

</system-out><system-err>--------------------------------- Captured Err ---------------------------------

</system-err></testcase><testcase classname="tests.test_features" name="test_mock_stop_at_4" time="42.349"><system-out>--------------------------------- Captured Log ---------------------------------

--------------------------------- Captured Out ---------------------------------
/home/runner/work/ocr-book/ocr-book/tests/0001_4.png
separation double page angle 90.5847895821894
separation double page y=0 2487
page rotation 1 0.75
page rotation 2 0.2
image 1 crop x1 330
image 1 crop y1 336
image 1 crop x2 2343
image 1 crop y2 3223
image 2 crop x1 169
image 2 crop y1 648
image 2 crop x2 2186
image 2 crop y2 3361
image 1 dpi 300
image 1 border top 340
image 1 border bottom 260
image 1 border left 223
image 1 border right 223
image 2 dpi 300
image 2 border top 646
image 2 border bottom 128
image 2 border left 221
image 2 border right 221

</system-out><system-err>--------------------------------- Captured Err ---------------------------------

</system-err></testcase><testcase classname="tests.test_features" name="test_mock_stop_at_3" time="43.408"><system-out>--------------------------------- Captured Log ---------------------------------

--------------------------------- Captured Out ---------------------------------
/home/runner/work/ocr-book/ocr-book/tests/0001_3.png
separation double page angle 90.5847895821894
separation double page y=0 2487
page rotation 1 0.75
page rotation 2 0.2
image 1 crop x1 330
image 1 crop y1 336
image 1 crop x2 2343
image 1 crop y2 3223
image 2 crop x1 169
image 2 crop y1 648
image 2 crop x2 2186
image 2 crop y2 3361

</system-out><system-err>--------------------------------- Captured Err ---------------------------------

</system-err></testcase><testcase classname="tests.test_features" name="test_mock_stop_at_5" time="47.060"><system-out>--------------------------------- Captured Log ---------------------------------

--------------------------------- Captured Out ---------------------------------
/home/runner/work/ocr-book/ocr-book/tests/0001_5.png
separation double page angle 90.5847895821894
separation double page y=0 2487
page rotation 1 0.75
page rotation 2 0.2
image 1 crop x1 330
image 1 crop y1 336
image 1 crop x2 2343
image 1 crop y2 3223
image 2 crop x1 169
image 2 crop y1 648
image 2 crop x2 2186
image 2 crop y2 3361
image 1 dpi 300
image 1 border top 340
image 1 border bottom 260
image 1 border left 223
image 1 border right 223
image 2 dpi 300
image 2 border top 646
image 2 border bottom 128
image 2 border left 221
image 2 border right 221

</system-out><system-err>--------------------------------- Captured Err ---------------------------------

</system-err></testcase><testcase classname="tests.test_images" name="test_black_border_not_removed_png" time="58.031"><system-out>--------------------------------- Captured Log ---------------------------------

--------------------------------- Captured Out ---------------------------------
/home/runner/work/ocr-book/ocr-book/tests/black-border-not-removed.png
1606669739893618622 : Checking separation double page angle 90.02912890873039
1606669739893700627 : Checking separation double page y=0 2456
1606669748621468021 : Checking page rotation 1 0.0
1606669760300507697 : Checking page rotation 2 0.0
1606669762511792375 : Checking image 1 crop x1 297
1606669762511880280 : Checking image 1 crop y1 143
1606669762511929183 : Checking image 1 crop x2 2309
1606669762511969785 : Checking image 1 crop y2 3346
1606669765218777485 : Checking image 2 crop x1 157
1606669765218861489 : Checking image 2 crop y1 145
1606669765218904192 : Checking image 2 crop x2 2169
1606669765218944694 : Checking image 2 crop y2 3352
1606669765257200005 : Checking image 1 dpi 300
1606669765257311012 : Checking image 1 border top 130
1606669765257348514 : Checking image 1 border bottom 154
1606669765257382916 : Checking image 1 border left 224
1606669765257416917 : Checking image 1 border right 224
1606669765259480531 : Checking image 2 dpi 300
1606669765259563536 : Checking image 2 border top 139
1606669765259597738 : Checking image 2 border bottom 141
1606669765259631140 : Checking image 2 border left 224
1606669765259664141 : Checking image 2 border right 224

</system-out><system-err>--------------------------------- Captured Err ---------------------------------

</system-err></testcase><testcase classname="tests.test_images" name="test_0001_png" time="47.208"><system-out>--------------------------------- Captured Log ---------------------------------

--------------------------------- Captured Out ---------------------------------
/home/runner/work/ocr-book/ocr-book/tests/0001.png
1606669764459283868 : Checking separation double page angle 90.5847895821894
1606669764459368473 : Checking separation double page y=0 2487
1606669771915687449 : Checking page rotation 1 0.75
1606669780602255050 : Checking page rotation 2 0.2
1606669782404503324 : Checking image 1 crop x1 330
1606669782404588228 : Checking image 1 crop y1 336
1606669782404630431 : Checking image 1 crop x2 2343
1606669782404669533 : Checking image 1 crop y2 3223
1606669784296502273 : Checking image 2 crop x1 169
1606669784296581977 : Checking image 2 crop y1 648
1606669784296621079 : Checking image 2 crop x2 2186
1606669784296657781 : Checking image 2 crop y2 3361
1606669784330868462 : Checking image 1 dpi 300
1606669784330962767 : Checking image 1 border top 340
1606669784331000069 : Checking image 1 border bottom 260
1606669784331033871 : Checking image 1 border left 223
1606669784331067673 : Checking image 1 border right 223
1606669784332762161 : Checking image 2 dpi 300
1606669784332856466 : Checking image 2 border top 646
1606669784332891268 : Checking image 2 border bottom 128
1606669784332925069 : Checking image 2 border left 221
1606669784332958471 : Checking image 2 border right 221

</system-out><system-err>--------------------------------- Captured Err ---------------------------------

</system-err></testcase><testcase classname="tests.test_images" name="test_image_failed_to_rotate_png" time="53.934"><system-out>--------------------------------- Captured Log ---------------------------------

--------------------------------- Captured Out ---------------------------------
/home/runner/work/ocr-book/ocr-book/tests/image_failed_to_rotate.png
1606669792983521234 : Checking separation double page angle 90.18772783206224
1606669792983627240 : Checking separation double page y=0 2482
1606669797904686294 : Checking page rotation 1 0.35000000000000003
1606669805559166728 : Checking page rotation 2 0.45
1606669816745836196 : Checking image 1 crop x1 34
1606669816745923200 : Checking image 1 crop y1 1
1606669816745961902 : Checking image 1 crop x2 2480
1606669816745997803 : Checking image 1 crop y2 3500
1606669819038704111 : Checking image 2 crop x1 168
1606669819038790115 : Checking image 2 crop y1 234
1606669819038832017 : Checking image 2 crop x2 2247
1606669819038873019 : Checking image 2 crop y2 3355
1606669819083406730 : Checking image 1 dpi 300
1606669819083508234 : Checking image 1 border top 4
1606669819083546736 : Checking image 1 border bottom 4
1606669819083580838 : Checking image 1 border left 17
1606669819083615339 : Checking image 1 border right 17
1606669819085831244 : Checking image 2 dpi 300
1606669819085930949 : Checking image 2 border top 220
1606669819085966551 : Checking image 2 border bottom 146
1606669819085999752 : Checking image 2 border left 190
1606669819086033454 : Checking image 2 border right 190

</system-out><system-err>--------------------------------- Captured Err ---------------------------------

</system-err></testcase><testcase classname="tests.test_images" name="test_2_pages_2_contours_png" time="25.881"><system-out>--------------------------------- Captured Log ---------------------------------

--------------------------------- Captured Out ---------------------------------
/home/runner/work/ocr-book/ocr-book/tests/2-pages-2-contours.png
1606669799529039325 : Checking separation double page angle 89.9226294011526
1606669799529108628 : Checking separation double page y=0 2492
1606669801726547868 : Checking page rotation 1 0.05
1606669807740902761 : Checking page rotation 2 0.35000000000000003
1606669808560066511 : Checking image 1 crop x1 1191
1606669808560125714 : Checking image 1 crop y1 1733
1606669808560154315 : Checking image 1 crop x2 1192
1606669808560181316 : Checking image 1 crop y2 1734
1606669810201944742 : Checking image 2 crop x1 89
1606669810202013446 : Checking image 2 crop y1 240
1606669810202047247 : Checking image 2 crop x2 2136
1606669810202079649 : Checking image 2 crop y2 3239
1606669810232805538 : Checking image 1 dpi 300
1606669810232895443 : Checking image 1 border top 1752
1606669810232932844 : Checking image 1 border bottom 1753
1606669810232966646 : Checking image 1 border left 1239
1606669810233000448 : Checking image 1 border right 1239
1606669810234206306 : Checking image 2 dpi 300
1606669810234278110 : Checking image 2 border top 231
1606669810234306011 : Checking image 2 border bottom 257
1606669810234338213 : Checking image 2 border left 206
1606669810234366114 : Checking image 2 border right 206

</system-out><system-err>--------------------------------- Captured Err ---------------------------------

</system-err></testcase><testcase classname="tests.test_images" name="test_wrong_angle_split_line_png" time="62.473"><system-out>--------------------------------- Captured Log ---------------------------------

--------------------------------- Captured Out ---------------------------------
/home/runner/work/ocr-book/ocr-book/tests/wrong_angle_split_line.png
1606669841308065839 : Checking separation double page angle 90.00846714570578
1606669841308136242 : Checking separation double page y=0 2478
1606669849372162993 : Checking page rotation 1 0.1
1606669856701150013 : Checking page rotation 2 0.2
1606669868706447452 : Checking image 1 crop x1 58
1606669868706528255 : Checking image 1 crop y1 6
1606669868706566357 : Checking image 1 crop x2 2476
1606669868706602158 : Checking image 1 crop y2 3501
1606669871727117464 : Checking image 2 crop x1 162
1606669871727198368 : Checking image 2 crop y1 219
1606669871727241170 : Checking image 2 crop x2 2238
1606669871727281571 : Checking image 2 crop y2 3348
1606669871906080160 : Checking image 1 dpi 300
1606669871906185465 : Checking image 1 border top 6
1606669871906224166 : Checking image 1 border bottom 6
1606669871906259068 : Checking image 1 border left 31
1606669871906293569 : Checking image 1 border right 31
1606669871912415029 : Checking image 2 dpi 300
1606669871912540334 : Checking image 2 border top 211
1606669871912576536 : Checking image 2 border bottom 147
1606669871912610137 : Checking image 2 border left 192
1606669871912645239 : Checking image 2 border right 192

</system-out><system-err>--------------------------------- Captured Err ---------------------------------

</system-err></testcase><testcase classname="tests.test_images" name="test_image_failed_to_crop_data_png" time="56.383"><system-out>--------------------------------- Captured Log ---------------------------------

--------------------------------- Captured Out ---------------------------------
/home/runner/work/ocr-book/ocr-book/tests/image_failed_to_crop_data.png
1606669848472313984 : Checking separation double page angle 89.89865840161842
1606669848472386188 : Checking separation double page y=0 2477
1606669855664074192 : Checking page rotation 1 -0.14999999999999147
1606669861840165330 : Checking page rotation 2 0.05
1606669873540011852 : Checking image 1 crop x1 43
1606669873540105756 : Checking image 1 crop y1 6
1606669873540144158 : Checking image 1 crop x2 2481
1606669873540179859 : Checking image 1 crop y2 3504
1606669875482066536 : Checking image 2 crop x1 160
1606669875482145040 : Checking image 2 crop y1 217
1606669875482184141 : Checking image 2 crop x2 2241
1606669875482221643 : Checking image 2 crop y2 3350
1606669875518355365 : Checking image 1 dpi 300
1606669875518472770 : Checking image 1 border top 5
1606669875518518672 : Checking image 1 border bottom 5
1606669875518549874 : Checking image 1 border left 21
1606669875518581175 : Checking image 1 border right 21
1606669875520662563 : Checking image 2 dpi 300
1606669875520766767 : Checking image 2 border top 224
1606669875520802269 : Checking image 2 border bottom 130
1606669875520835370 : Checking image 2 border left 189
1606669875520868671 : Checking image 2 border right 189

</system-out><system-err>--------------------------------- Captured Err ---------------------------------

</system-err></testcase><testcase classname="tests.test_images" name="test_angle_page_lower_split_line_png" time="48.975"><system-out>--------------------------------- Captured Log ---------------------------------

--------------------------------- Captured Out ---------------------------------
/home/runner/work/ocr-book/ocr-book/tests/angle_page_lower_split_line.png
1606669904090755142 : Checking separation double page angle 89.73507328913124
1606669904090829745 : Checking separation double page y=0 2473
1606669911789239985 : Checking page rotation 1 -0.3999999999999915
1606669918089305506 : Checking page rotation 2 0.2
1606669920009439328 : Checking image 1 crop x1 244
1606669920009522732 : Checking image 1 crop y1 160
1606669920009564333 : Checking image 1 crop x2 2350
1606669920009603935 : Checking image 1 crop y2 3365
1606669921629658480 : Checking image 2 crop x1 151
1606669921629740484 : Checking image 2 crop y1 147
1606669921629782385 : Checking image 2 crop x2 2258
1606669921629822387 : Checking image 2 crop y2 3350
1606669921668790916 : Checking image 1 dpi 300
1606669921668891720 : Checking image 1 border top 130
1606669921668929322 : Checking image 1 border bottom 151
1606669921668963423 : Checking image 1 border left 177
1606669921668997624 : Checking image 1 border right 177
1606669921670829496 : Checking image 2 dpi 300
1606669921670911000 : Checking image 2 border top 116
1606669921670945501 : Checking image 2 border bottom 168
1606669921670978902 : Checking image 2 border left 176
1606669921671012304 : Checking image 2 border right 176

</system-out><system-err>--------------------------------- Captured Err ---------------------------------

</system-err></testcase><testcase classname="tests.test_images" name="test_wrong_split_line_png" time="35.843"><system-out>--------------------------------- Captured Log ---------------------------------

--------------------------------- Captured Out ---------------------------------
/home/runner/work/ocr-book/ocr-book/tests/wrong_split_line.png
1606669897915662884 : Checking separation double page angle 89.85811715007924
1606669897915739488 : Checking separation double page y=0 2463
1606669902787394959 : Checking page rotation 1 -0.14999999999999147
1606669908652210114 : Checking page rotation 2 0.65
1606669910045640643 : Checking image 1 crop x1 213
1606669910045717046 : Checking image 1 crop y1 157
1606669910045755947 : Checking image 1 crop x2 2323
1606669910045793349 : Checking image 1 crop y2 3362
1606669911395103400 : Checking image 2 crop x1 126
1606669911395181103 : Checking image 2 crop y1 167
1606669911395220505 : Checking image 2 crop x2 2237
1606669911395258006 : Checking image 2 crop y2 3372
1606669911430056691 : Checking image 1 dpi 300
1606669911430159995 : Checking image 1 border top 115
1606669911430197797 : Checking image 1 border bottom 167
1606669911430231798 : Checking image 1 border left 175
1606669911430265599 : Checking image 1 border right 175
1606669911432379384 : Checking image 2 dpi 300
1606669911432502588 : Checking image 2 border top 142
1606669911432540590 : Checking image 2 border bottom 140
1606669911432573891 : Checking image 2 border left 174
1606669911432607593 : Checking image 2 border right 174

</system-out><system-err>--------------------------------- Captured Err ---------------------------------

</system-err></testcase><testcase classname="tests.test_images" name="test_crop_too_few_png" time="39.034"><system-out>--------------------------------- Captured Log ---------------------------------

--------------------------------- Captured Out ---------------------------------
/home/runner/work/ocr-book/ocr-book/tests/crop_too_few.png
1606669934581323074 : Checking separation double page angle 89.39070489155964
1606669934581398677 : Checking separation double page y=0 2510
1606669940793455409 : Checking page rotation 1 -0.75
1606669947450819849 : Checking page rotation 2 0.0
1606669949025090172 : Checking image 1 crop x1 265
1606669949025172675 : Checking image 1 crop y1 152
1606669949025215176 : Checking image 1 crop x2 2375
1606669949025255478 : Checking image 1 crop y2 3356
1606669950448068946 : Checking image 2 crop x1 139
1606669950448149949 : Checking image 2 crop y1 141
1606669950448191651 : Checking image 2 crop x2 2261
1606669950448231753 : Checking image 2 crop y2 3345
1606669950480008857 : Checking image 1 dpi 300
1606669950480105861 : Checking image 1 border top 116
1606669950480140762 : Checking image 1 border bottom 167
1606669950480172563 : Checking image 1 border left 175
1606669950480203864 : Checking image 1 border right 175
1606669950481990232 : Checking image 2 dpi 300
1606669950482075235 : Checking image 2 border top 140
1606669950482107636 : Checking image 2 border bottom 143
1606669950482138838 : Checking image 2 border left 169
1606669950482169739 : Checking image 2 border right 169

</system-out><system-err>--------------------------------- Captured Err ---------------------------------

</system-err></testcase><testcase classname="tests.test_images" name="test_crop_too_much_png" time="72.826"><system-out>--------------------------------- Captured Log ---------------------------------

--------------------------------- Captured Out ---------------------------------
/home/runner/work/ocr-book/ocr-book/tests/crop_too_much.png
1606669960858789472 : Checking separation double page angle 90.1368362370825
1606669960858872875 : Checking separation double page y=0 2453
1606669974639604197 : Checking page rotation 1 0.0
1606669988324046272 : Checking page rotation 2 0.45
1606669991457963947 : Checking image 1 crop x1 303
1606669991458049650 : Checking image 1 crop y1 148
1606669991458091851 : Checking image 1 crop x2 2313
1606669991458131653 : Checking image 1 crop y2 3351
1606669994435497840 : Checking image 2 crop x1 170
1606669994435589243 : Checking image 2 crop y1 155
1606669994435631245 : Checking image 2 crop x2 2181
1606669994435670846 : Checking image 2 crop y2 3359
1606669994485777468 : Checking image 1 dpi 300
1606669994485878972 : Checking image 1 border top 131
1606669994485916273 : Checking image 1 border bottom 153
1606669994485950274 : Checking image 1 border left 225
1606669994485984476 : Checking image 1 border right 225
1606669994487783041 : Checking image 2 dpi 300
1606669994487866744 : Checking image 2 border top 139
1606669994487901445 : Checking image 2 border bottom 144
1606669994487935146 : Checking image 2 border left 224
1606669994487969148 : Checking image 2 border right 224

</system-out><system-err>--------------------------------- Captured Err ---------------------------------

</system-err></testcase><testcase classname="tests.test_images" name="test_crop_too_much_2_png" time="77.285"><system-out>--------------------------------- Captured Log ---------------------------------

--------------------------------- Captured Out ---------------------------------
/home/runner/work/ocr-book/ocr-book/tests/crop_too_much_2.png
1606669992897726395 : Checking separation double page angle 90.2140878077005
1606669992897804597 : Checking separation double page y=0 2477
1606670006147185017 : Checking page rotation 1 0.2
1606670021435315540 : Checking page rotation 2 0.2
1606670024415026344 : Checking image 1 crop x1 332
1606670024415117447 : Checking image 1 crop y1 131
1606670024415156649 : Checking image 1 crop x2 2342
1606670024415193850 : Checking image 1 crop y2 3336
1606670027664989036 : Checking image 2 crop x1 169
1606670027665072339 : Checking image 2 crop y1 139
1606670027665110940 : Checking image 2 crop x2 2182
1606670027665149342 : Checking image 2 crop y2 3345
1606670027720707814 : Checking image 1 dpi 300
1606670027720808418 : Checking image 1 border top 116
1606670027720846319 : Checking image 1 border bottom 166
1606670027720880120 : Checking image 1 border left 225
1606670027720914622 : Checking image 1 border right 225
1606670027723011396 : Checking image 2 dpi 300
1606670027723099699 : Checking image 2 border top 133
1606670027723134300 : Checking image 2 border bottom 148
1606670027723168202 : Checking image 2 border left 223
1606670027723201603 : Checking image 2 border right 223

</system-out><system-err>--------------------------------- Captured Err ---------------------------------

</system-err></testcase><testcase classname="tests.test_images" name="test_wrong_split_line_2_png" time="79.581"><system-out>--------------------------------- Captured Log ---------------------------------

--------------------------------- Captured Out ---------------------------------
/home/runner/work/ocr-book/ocr-book/tests/wrong_split_line_2.png
1606670045393182270 : Checking separation double page angle 90.39217497633973
1606670045393252873 : Checking separation double page y=0 2442
1606670057115857206 : Checking page rotation 1 0.2
1606670067560108088 : Checking page rotation 2 0.35000000000000003
1606670070631351253 : Checking image 1 crop x1 294
1606670070631432556 : Checking image 1 crop y1 136
1606670070631474157 : Checking image 1 crop x2 2325
1606670070631513159 : Checking image 1 crop y2 3376
1606670074028133238 : Checking image 2 crop x1 146
1606670074028205340 : Checking image 2 crop y1 193
1606670074028238941 : Checking image 2 crop x2 2175
1606670074028271342 : Checking image 2 crop y2 3387
1606670074075042261 : Checking image 1 dpi 300
1606670074075138864 : Checking image 1 border top 128
1606670074075173666 : Checking image 1 border bottom 119
1606670074075205067 : Checking image 1 border left 214
1606670074075236268 : Checking image 1 border right 214
1606670074077309340 : Checking image 2 dpi 300
1606670074077397643 : Checking image 2 border top 184
1606670074077432544 : Checking image 2 border bottom 109
1606670074077465645 : Checking image 2 border left 215
1606670074077499946 : Checking image 2 border right 215

</system-out><system-err>--------------------------------- Captured Err ---------------------------------

</system-err></testcase><testcase classname="tests.test_images" name="test_small_wave_png" time="61.791"><system-out>--------------------------------- Captured Log ---------------------------------

--------------------------------- Captured Out ---------------------------------
/home/runner/work/ocr-book/ocr-book/tests/small_wave.png
1606670065858034764 : Checking separation double page angle 90.61699923686102
1606670065858111867 : Checking separation double page y=0 2495
1606670075879361296 : Checking page rotation 1 0.7000000000000001
1606670085747580794 : Checking page rotation 2 0.7000000000000001
1606670087649867387 : Checking image 1 crop x1 322
1606670087649946190 : Checking image 1 crop y1 199
1606670087649985291 : Checking image 1 crop x2 2351
1606670087650022792 : Checking image 1 crop y2 3394
1606670089497038633 : Checking image 2 crop x1 135
1606670089497110435 : Checking image 2 crop y1 223
1606670089497145236 : Checking image 2 crop x2 2164
1606670089497188238 : Checking image 2 crop y2 3419
1606670089535122942 : Checking image 1 dpi 300
1606670089535222146 : Checking image 1 border top 177
1606670089535257047 : Checking image 1 border bottom 115
1606670089535288648 : Checking image 1 border left 215
1606670089535320249 : Checking image 1 border right 215
1606670089537384520 : Checking image 2 dpi 300
1606670089537463323 : Checking image 2 border top 191
1606670089537495724 : Checking image 2 border bottom 100
1606670089537527025 : Checking image 2 border left 215
1606670089537575127 : Checking image 2 border right 215

</system-out><system-err>--------------------------------- Captured Err ---------------------------------

</system-err></testcase><testcase classname="tests.test_images" name="test_wrong_split_line_3_png" time="53.355"><system-out>--------------------------------- Captured Log ---------------------------------

--------------------------------- Captured Out ---------------------------------
/home/runner/work/ocr-book/ocr-book/tests/wrong_split_line_3.png
1606670106281283542 : Checking separation double page angle 90.4401067484302
1606670106281363444 : Checking separation double page y=0 2498
1606670116069888742 : Checking page rotation 1 0.30000000000000004
1606670123685369957 : Checking page rotation 2 0.9
1606670125652915875 : Checking image 1 crop x1 331
1606670125652993878 : Checking image 1 crop y1 165
1606670125653032779 : Checking image 1 crop x2 2375
1606670125653069180 : Checking image 1 crop y2 3376
1606670127415560500 : Checking image 2 crop x1 102
1606670127415637602 : Checking image 2 crop y1 208
1606670127415676603 : Checking image 2 crop x2 2133
1606670127415713505 : Checking image 2 crop y2 3413
1606670127451828430 : Checking image 1 dpi 300
1606670127451912233 : Checking image 1 border top 150
1606670127451942334 : Checking image 1 border bottom 126
1606670127451970135 : Checking image 1 border left 208
1606670127452009936 : Checking image 1 border right 208
1606670127454075206 : Checking image 2 dpi 300
1606670127454158209 : Checking image 2 border top 190
1606670127454192410 : Checking image 2 border bottom 92
1606670127454225011 : Checking image 2 border left 214
1606670127454258613 : Checking image 2 border right 214

</system-out><system-err>--------------------------------- Captured Err ---------------------------------

</system-err></testcase><testcase classname="tests.test_images" name="test_wrong_wave_split_line_png" time="65.513"><system-out>--------------------------------- Captured Log ---------------------------------

--------------------------------- Captured Out ---------------------------------
/home/runner/work/ocr-book/ocr-book/tests/wrong_wave_split_line.png
1606670128781324332 : Checking separation double page angle 90.53209588050643
1606670128781399135 : Checking separation double page y=0 2502
1606670139399891420 : Checking page rotation 1 -0.14999999999999147
1606670149060467495 : Checking page rotation 2 0.8500000000000001
1606670152172010662 : Checking image 1 crop x1 385
1606670152172093069 : Checking image 1 crop y1 179
1606670152172135073 : Checking image 1 crop x2 2411
1606670152172174376 : Checking image 1 crop y2 3374
1606670154994499192 : Checking image 2 crop x1 124
1606670154994581699 : Checking image 2 crop y1 58
1606670154994623602 : Checking image 2 crop x2 2410
1606670154994663505 : Checking image 2 crop y2 3392
1606670155046380522 : Checking image 1 dpi 300
1606670155046483630 : Checking image 1 border top 167
1606670155046520833 : Checking image 1 border bottom 124
1606670155046555536 : Checking image 1 border left 217
1606670155046589139 : Checking image 1 border right 217
1606670155048657611 : Checking image 2 dpi 300
1606670155048742919 : Checking image 2 border top 0
1606670155048778522 : Checking image 2 border bottom 163
1606670155048811724 : Checking image 2 border left 92
1606670155048845327 : Checking image 2 border right 92

</system-out><system-err>--------------------------------- Captured Err ---------------------------------

</system-err></testcase><testcase classname="tests.test_images" name="test_no_split_line_line_algo_png" time="43.906"><system-out>--------------------------------- Captured Log ---------------------------------

--------------------------------- Captured Out ---------------------------------
/home/runner/work/ocr-book/ocr-book/tests/no_split_line_line_algo.png
1606670153923634654 : Checking separation double page angle 89.46795930182432
1606670153923716361 : Checking separation double page y=0 2476
1606670159220259118 : Checking page rotation 1 -0.14999999999999147
1606670167744767200 : Checking page rotation 2 -0.44999999999998863
1606670169080720803 : Checking image 1 crop x1 205
1606670169080799109 : Checking image 1 crop y1 158
1606670169080840713 : Checking image 1 crop x2 2320
1606670169080880316 : Checking image 1 crop y2 3366
1606670171319681450 : Checking image 2 crop x1 185
1606670171319759356 : Checking image 2 crop y1 221
1606670171319798459 : Checking image 2 crop x2 2201
1606670171319835362 : Checking image 2 crop y2 3366
1606670171361846652 : Checking image 1 dpi 300
1606670171361939360 : Checking image 1 border top 137
1606670171361975563 : Checking image 1 border bottom 142
1606670171362009065 : Checking image 1 border left 172
1606670171362042968 : Checking image 1 border right 172
1606670171364127536 : Checking image 2 dpi 300
1606670171364204142 : Checking image 2 border top 225
1606670171364239045 : Checking image 2 border bottom 117
1606670171364272248 : Checking image 2 border left 222
1606670171364305551 : Checking image 2 border right 222

</system-out><system-err>--------------------------------- Captured Err ---------------------------------

</system-err></testcase><testcase classname="tests.test_images" name="test_failed_split_line_line_algo_png" time="17.663"><system-out>--------------------------------- Captured Log ---------------------------------

--------------------------------- Captured Out ---------------------------------
/home/runner/work/ocr-book/ocr-book/tests/failed_split_line_line_algo.png
1606670165785153621 : Checking separation double page angle 90.01651175019265
1606670165785226226 : Checking separation double page y=0 2575
1606670168891779975 : Checking page rotation 1 -0.14999999999999147
1606670171022338855 : Checking page rotation 2 0.05
1606670171992312028 : Checking image 1 crop x1 407
1606670171992396635 : Checking image 1 crop y1 2925
1606670171992439238 : Checking image 1 crop x2 2419
1606670171992507144 : Checking image 1 crop y2 3174
1606670172752209726 : Checking image 2 crop x1 1180
1606670172752279031 : Checking image 2 crop y1 1724
1606670172752313734 : Checking image 2 crop x2 1181
1606670172752346837 : Checking image 2 crop y2 1725
1606670172752562854 : Checking image 1 dpi 300
1606670172752631860 : Checking image 1 border top 2930
1606670172752666562 : Checking image 1 border bottom 308
1606670172752700165 : Checking image 1 border left 224
1606670172752733868 : Checking image 1 border right 224
1606670172753965767 : Checking image 2 dpi 300
1606670172754038573 : Checking image 2 border top 1753
1606670172754073776 : Checking image 2 border bottom 1753
1606670172754107378 : Checking image 2 border left 1239
1606670172754140681 : Checking image 2 border right 1239

</system-out><system-err>--------------------------------- Captured Err ---------------------------------

</system-err></testcase><testcase classname="tests.test_images" name="test_failed_split_line_line_algo_2_png" time="45.370"><system-out>--------------------------------- Captured Log ---------------------------------

--------------------------------- Captured Out ---------------------------------
/home/runner/work/ocr-book/ocr-book/tests/failed_split_line_line_algo_2.png
1606670200028774413 : Checking separation double page angle 90.12520080059765
1606670200028844419 : Checking separation double page y=0 2497
1606670206293609946 : Checking page rotation 1 0.2
1606670213070091108 : Checking page rotation 2 0.8500000000000001
1606670214801112611 : Checking image 1 crop x1 255
1606670214801212118 : Checking image 1 crop y1 141
1606670214801264422 : Checking image 1 crop x2 2365
1606670214801320426 : Checking image 1 crop y2 3347
1606670216699091931 : Checking image 2 crop x1 150
1606670216699156136 : Checking image 2 crop y1 164
1606670216699185338 : Checking image 2 crop x2 2274
1606670216699213440 : Checking image 2 crop y2 3357
1606670216734546951 : Checking image 1 dpi 300
1606670216734624456 : Checking image 1 border top 124
1606670216734651158 : Checking image 1 border bottom 157
1606670216734674960 : Checking image 1 border left 175
1606670216734698762 : Checking image 1 border right 175
1606670216736832020 : Checking image 2 dpi 300
1606670216736911925 : Checking image 2 border top 145
1606670216736946428 : Checking image 2 border bottom 149
1606670216736979330 : Checking image 2 border left 168
1606670216737013133 : Checking image 2 border right 168

</system-out><system-err>--------------------------------- Captured Err ---------------------------------

</system-err></testcase></testsuite></testsuites>