<?xml version="1.0" encoding="utf-8"?><testsuites><testsuite name="pytest" errors="0" failures="0" skipped="0" tests="36" time="694.295" timestamp="2020-12-28T07:18:57.604738" hostname="fv-az119-109"><testcase classname="tests.test_features" name="test_disabled_enable_debug" time="32.064"><system-out>--------------------------------- Captured Log ---------------------------------

--------------------------------- Captured Out ---------------------------------
/home/runner/work/ocr-book/ocr-book/tests/0001_debug.png
separation double page angle 90.5528088189967
separation double page y=0 2485
page rotation 1 0.5499999999999999
page rotation 2 0.2
image 1 crop x1 327
image 1 crop y1 334
image 1 crop x2 2346
image 1 crop y2 3221
image 2 crop x1 169
image 2 crop y1 648
image 2 crop x2 2186
image 2 crop y2 3361
image 1 dpi 300
image 1 border top 332
image 1 border bottom 268
image 1 border left 220
image 1 border right 220
image 2 dpi 300
image 2 border top 643
image 2 border bottom 131
image 2 border left 221
image 2 border right 221

</system-out><system-err>--------------------------------- Captured Err ---------------------------------

</system-err></testcase><testcase classname="tests.test_features" name="test_mock_stop_at_0" time="0.048"><system-out>--------------------------------- Captured Log ---------------------------------

--------------------------------- Captured Out ---------------------------------
/home/runner/work/ocr-book/ocr-book/tests/0001_0.png

</system-out><system-err>--------------------------------- Captured Err ---------------------------------

</system-err></testcase><testcase classname="tests.test_features" name="test_mock_stop_at_2" time="27.959"><system-out>--------------------------------- Captured Log ---------------------------------

--------------------------------- Captured Out ---------------------------------
/home/runner/work/ocr-book/ocr-book/tests/0001_2.png
separation double page angle 90.5528088189967
separation double page y=0 2485
page rotation 1 0.5499999999999999
page rotation 2 0.2

</system-out><system-err>--------------------------------- Captured Err ---------------------------------

</system-err></testcase><testcase classname="tests.test_features" name="test_mock_stop_at_4" time="30.999"><system-out>--------------------------------- Captured Log ---------------------------------

--------------------------------- Captured Out ---------------------------------
/home/runner/work/ocr-book/ocr-book/tests/0001_4.png
separation double page angle 90.5528088189967
separation double page y=0 2485
page rotation 1 0.5499999999999999
page rotation 2 0.2
image 1 crop x1 327
image 1 crop y1 334
image 1 crop x2 2346
image 1 crop y2 3221
image 2 crop x1 169
image 2 crop y1 648
image 2 crop x2 2186
image 2 crop y2 3361
image 1 dpi 300
image 1 border top 332
image 1 border bottom 268
image 1 border left 220
image 1 border right 220
image 2 dpi 300
image 2 border top 643
image 2 border bottom 131
image 2 border left 221
image 2 border right 221

</system-out><system-err>--------------------------------- Captured Err ---------------------------------

</system-err></testcase><testcase classname="tests.test_features" name="test_mock_stop_at_1" time="24.884"><system-out>--------------------------------- Captured Log ---------------------------------

--------------------------------- Captured Out ---------------------------------
/home/runner/work/ocr-book/ocr-book/tests/0001_1.png
separation double page angle 90.5528088189967
separation double page y=0 2485

</system-out><system-err>--------------------------------- Captured Err ---------------------------------

</system-err></testcase><testcase classname="tests.test_features" name="test_mock_stop_at_3" time="30.525"><system-out>--------------------------------- Captured Log ---------------------------------

--------------------------------- Captured Out ---------------------------------
/home/runner/work/ocr-book/ocr-book/tests/0001_3.png
separation double page angle 90.5528088189967
separation double page y=0 2485
page rotation 1 0.5499999999999999
page rotation 2 0.2
image 1 crop x1 327
image 1 crop y1 334
image 1 crop x2 2346
image 1 crop y2 3221
image 2 crop x1 169
image 2 crop y1 648
image 2 crop x2 2186
image 2 crop y2 3361

</system-out><system-err>--------------------------------- Captured Err ---------------------------------

</system-err></testcase><testcase classname="tests.test_images" name="test_0001_png" time="41.082"><system-out>--------------------------------- Captured Log ---------------------------------

--------------------------------- Captured Out ---------------------------------
/home/runner/work/ocr-book/ocr-book/tests/0001.png
1609140028970026226 : Checking separation double page angle 90.5528088189967
1609140028970135634 : Checking separation double page y=0 2485
1609140031047452597 : Checking page rotation 1 0.5499999999999999
1609140033217418153 : Checking page rotation 2 0.2
1609140036128088744 : Checking image 1 crop x1 327
1609140036128234455 : Checking image 1 crop y1 334
1609140036128275558 : Checking image 1 crop x2 2346
1609140036128312760 : Checking image 1 crop y2 3221
1609140038655540034 : Checking image 2 crop x1 169
1609140038655660342 : Checking image 2 crop y1 648
1609140038655701045 : Checking image 2 crop x2 2186
1609140038655735348 : Checking image 2 crop y2 3361
1609140038689062397 : Checking image 1 dpi 300
1609140038689176305 : Checking image 1 border top 332
1609140038689211308 : Checking image 1 border bottom 268
1609140038689244010 : Checking image 1 border left 220
1609140038689275812 : Checking image 1 border right 220
1609140038691866995 : Checking image 2 dpi 300
1609140038691965502 : Checking image 2 border top 643
1609140038692002104 : Checking image 2 border bottom 131
1609140038692036407 : Checking image 2 border left 221
1609140038692070509 : Checking image 2 border right 221

</system-out><system-err>--------------------------------- Captured Err ---------------------------------

</system-err></testcase><testcase classname="tests.test_features" name="test_mock_stop_at_5" time="30.341"><system-out>--------------------------------- Captured Log ---------------------------------

--------------------------------- Captured Out ---------------------------------
/home/runner/work/ocr-book/ocr-book/tests/0001_5.png
separation double page angle 90.5528088189967
separation double page y=0 2485
page rotation 1 0.5499999999999999
page rotation 2 0.2
image 1 crop x1 327
image 1 crop y1 334
image 1 crop x2 2346
image 1 crop y2 3221
image 2 crop x1 169
image 2 crop y1 648
image 2 crop x2 2186
image 2 crop y2 3361
image 1 dpi 300
image 1 border top 332
image 1 border bottom 268
image 1 border left 220
image 1 border right 220
image 2 dpi 300
image 2 border top 643
image 2 border bottom 131
image 2 border left 221
image 2 border right 221

</system-out><system-err>--------------------------------- Captured Err ---------------------------------

</system-err></testcase><testcase classname="tests.test_images" name="test_black_border_not_removed_png" time="42.241"><system-out>--------------------------------- Captured Log ---------------------------------

--------------------------------- Captured Out ---------------------------------
/home/runner/work/ocr-book/ocr-book/tests/black-border-not-removed.png
1609140070000578062 : Checking separation double page angle 90.033171103531
1609140070000684270 : Checking separation double page y=0 2455
1609140072087728413 : Checking page rotation 1 0.0
1609140074442317227 : Checking page rotation 2 0.05
1609140077788920018 : Checking image 1 crop x1 297
1609140077789040327 : Checking image 1 crop y1 143
1609140077789078229 : Checking image 1 crop x2 2309
1609140077789111132 : Checking image 1 crop y2 3346
1609140080893771948 : Checking image 2 crop x1 157
1609140080893864755 : Checking image 2 crop y1 145
1609140080893894457 : Checking image 2 crop x2 2170
1609140080893920559 : Checking image 2 crop y2 3351
1609140080931471210 : Checking image 1 dpi 300
1609140080931566117 : Checking image 1 border top 132
1609140080931597819 : Checking image 1 border bottom 152
1609140080931626421 : Checking image 1 border left 224
1609140080931656923 : Checking image 1 border right 224
1609140080934132798 : Checking image 2 dpi 300
1609140080934204903 : Checking image 2 border top 134
1609140080934230205 : Checking image 2 border bottom 147
1609140080934271608 : Checking image 2 border left 223
1609140080934299210 : Checking image 2 border right 223

</system-out><system-err>--------------------------------- Captured Err ---------------------------------

</system-err></testcase><testcase classname="tests.test_images" name="test_2_pages_2_contours_png" time="27.773"><system-out>--------------------------------- Captured Log ---------------------------------

--------------------------------- Captured Out ---------------------------------
/home/runner/work/ocr-book/ocr-book/tests/2-pages-2-contours.png
1609140076355214193 : Checking separation double page angle 90.09036871657068
1609140076355311200 : Checking separation double page y=0 2486
1609140077871365440 : Checking page rotation 1 0.0
1609140080017173453 : Checking page rotation 2 0.2
1609140081583967182 : Checking image 1 crop x1 1191
1609140081584061789 : Checking image 1 crop y1 1750
1609140081584089691 : Checking image 1 crop x2 1192
1609140081584114093 : Checking image 1 crop y2 1751
1609140084169174421 : Checking image 2 crop x1 99
1609140084169284129 : Checking image 2 crop y1 240
1609140084169316731 : Checking image 2 crop x2 2147
1609140084169348433 : Checking image 2 crop y2 3240
1609140084199802784 : Checking image 1 dpi 300
1609140084199882289 : Checking image 1 border top 1752
1609140084199912191 : Checking image 1 border bottom 1753
1609140084199936893 : Checking image 1 border left 1239
1609140084199980796 : Checking image 1 border right 1239
1609140084201185381 : Checking image 2 dpi 300
1609140084201255586 : Checking image 2 border top 229
1609140084201284588 : Checking image 2 border bottom 258
1609140084201311990 : Checking image 2 border left 206
1609140084201338892 : Checking image 2 border right 206

</system-out><system-err>--------------------------------- Captured Err ---------------------------------

</system-err></testcase><testcase classname="tests.test_images" name="test_image_failed_to_rotate_png" time="53.181"><system-out>--------------------------------- Captured Log ---------------------------------

--------------------------------- Captured Out ---------------------------------
/home/runner/work/ocr-book/ocr-book/tests/image_failed_to_rotate.png
1609140113584242549 : Checking separation double page angle 90.13063640287984
1609140113584327156 : Checking separation double page y=0 2479
1609140117054153983 : Checking page rotation 1 0.45
1609140119286053040 : Checking page rotation 2 0.2
1609140130262385268 : Checking image 1 crop x1 31
1609140130262502076 : Checking image 1 crop y1 1
1609140130262541579 : Checking image 1 crop x2 2477
1609140130262576081 : Checking image 1 crop y2 3504
1609140133976840572 : Checking image 2 crop x1 161
1609140133976965681 : Checking image 2 crop y1 231
1609140133977002984 : Checking image 2 crop x2 2249
1609140133977037486 : Checking image 2 crop y2 3359
1609140134018551322 : Checking image 1 dpi 300
1609140134018672530 : Checking image 1 border top 2
1609140134018710433 : Checking image 1 border bottom 2
1609140134018742335 : Checking image 1 border left 17
1609140134018775638 : Checking image 1 border right 17
1609140134021285015 : Checking image 2 dpi 300
1609140134021372021 : Checking image 2 border top 216
1609140134021402023 : Checking image 2 border bottom 143
1609140134021430225 : Checking image 2 border left 186
1609140134021457827 : Checking image 2 border right 186

</system-out><system-err>--------------------------------- Captured Err ---------------------------------

</system-err></testcase><testcase classname="tests.test_images" name="test_wrong_split_line_png" time="34.633"><system-out>--------------------------------- Captured Log ---------------------------------

--------------------------------- Captured Out ---------------------------------
/home/runner/work/ocr-book/ocr-book/tests/wrong_split_line.png
1609140109908220177 : Checking separation double page angle 89.93395720607973
1609140109908314784 : Checking separation double page y=0 2465
1609140111946629644 : Checking page rotation 1 -0.04999999999999689
1609140113901368827 : Checking page rotation 2 0.5499999999999999
1609140116019749113 : Checking image 1 crop x1 211
1609140116019857620 : Checking image 1 crop y1 156
1609140116019889923 : Checking image 1 crop x2 2323
1609140116019919625 : Checking image 1 crop y2 3363
1609140118789307443 : Checking image 2 crop x1 125
1609140118789413351 : Checking image 2 crop y1 166
1609140118789446353 : Checking image 2 crop x2 2236
1609140118789477555 : Checking image 2 crop y2 3373
1609140118830846178 : Checking image 1 dpi 300
1609140118830985188 : Checking image 1 border top 134
1609140118831026191 : Checking image 1 border bottom 146
1609140118831058593 : Checking image 1 border left 174
1609140118831090695 : Checking image 1 border right 174
1609140118832944126 : Checking image 2 dpi 300
1609140118833024532 : Checking image 2 border top 146
1609140118833064135 : Checking image 2 border bottom 134
1609140118833087836 : Checking image 2 border left 174
1609140118833111338 : Checking image 2 border right 174

</system-out><system-err>--------------------------------- Captured Err ---------------------------------

</system-err></testcase><testcase classname="tests.test_images" name="test_crop_too_much_png" time="51.235"><system-out>--------------------------------- Captured Log ---------------------------------

--------------------------------- Captured Out ---------------------------------
/home/runner/work/ocr-book/ocr-book/tests/crop_too_much.png
1609140159507982548 : Checking separation double page angle 90.13239409272954
1609140159508077455 : Checking separation double page y=0 2455
1609140162057168557 : Checking page rotation 1 0.0
1609140164550354507 : Checking page rotation 2 0.2
1609140167449941699 : Checking image 1 crop x1 303
1609140167450072908 : Checking image 1 crop y1 148
1609140167450113711 : Checking image 1 crop x2 2313
1609140167450150614 : Checking image 1 crop y2 3351
1609140169997585745 : Checking image 2 crop x1 162
1609140169997718054 : Checking image 2 crop y1 151
1609140169997758257 : Checking image 2 crop x2 2186
1609140169997797260 : Checking image 2 crop y2 3363
1609140170045593045 : Checking image 1 dpi 300
1609140170045703953 : Checking image 1 border top 132
1609140170045746256 : Checking image 1 border bottom 152
1609140170045780758 : Checking image 1 border left 225
1609140170045816961 : Checking image 1 border right 225
1609140170047678993 : Checking image 2 dpi 300
1609140170047763199 : Checking image 2 border top 132
1609140170047797101 : Checking image 2 border bottom 143
1609140170047828003 : Checking image 2 border left 218
1609140170047858706 : Checking image 2 border right 218

</system-out><system-err>--------------------------------- Captured Err ---------------------------------

</system-err></testcase><testcase classname="tests.test_images" name="test_image_failed_to_crop_data_png" time="54.460"><system-out>--------------------------------- Captured Log ---------------------------------

--------------------------------- Captured Out ---------------------------------
/home/runner/work/ocr-book/ocr-book/tests/image_failed_to_crop_data.png
1609140166002795499 : Checking separation double page angle 90.053197600644
1609140166002928009 : Checking separation double page y=0 2480
1609140170625472917 : Checking page rotation 1 0.15000000000000002
1609140172672438601 : Checking page rotation 2 0.0
1609140185343185464 : Checking image 1 crop x1 51
1609140185343308673 : Checking image 1 crop y1 7
1609140185343348276 : Checking image 1 crop x2 2478
1609140185343383178 : Checking image 1 crop y2 3505
1609140188483648793 : Checking image 2 crop x1 160
1609140188483773401 : Checking image 2 crop y1 217
1609140188483813504 : Checking image 2 crop x2 2242
1609140188483852207 : Checking image 2 crop y2 3350
1609140188515808563 : Checking image 1 dpi 300
1609140188515919971 : Checking image 1 border top 5
1609140188515956174 : Checking image 1 border bottom 5
1609140188515988076 : Checking image 1 border left 27
1609140188516021778 : Checking image 1 border right 27
1609140188518610161 : Checking image 2 dpi 300
1609140188518689267 : Checking image 2 border top 206
1609140188518719869 : Checking image 2 border bottom 148
1609140188518747771 : Checking image 2 border left 189
1609140188518775673 : Checking image 2 border right 189

</system-out><system-err>--------------------------------- Captured Err ---------------------------------

</system-err></testcase><testcase classname="tests.test_images" name="test_crop_too_few_png" time="35.266"><system-out>--------------------------------- Captured Log ---------------------------------

--------------------------------- Captured Out ---------------------------------
/home/runner/work/ocr-book/ocr-book/tests/crop_too_few.png
1609140196108188670 : Checking separation double page angle 89.54670238452755
1609140196108294978 : Checking separation double page y=0 2512
1609140198120643821 : Checking page rotation 1 -0.6000000000000009
1609140200308934762 : Checking page rotation 2 0.0
1609140202863296690 : Checking image 1 crop x1 263
1609140202863409898 : Checking image 1 crop y1 150
1609140202863442700 : Checking image 1 crop x2 2379
1609140202863472002 : Checking image 1 crop y2 3358
1609140205295745797 : Checking image 2 crop x1 137
1609140205295871706 : Checking image 2 crop y1 141
1609140205295911309 : Checking image 2 crop x2 2259
1609140205295950611 : Checking image 2 crop y2 3345
1609140205330338643 : Checking image 1 dpi 300
1609140205330449351 : Checking image 1 border top 130
1609140205330488654 : Checking image 1 border bottom 149
1609140205330520456 : Checking image 1 border left 172
1609140205330551658 : Checking image 1 border right 172
1609140205332434191 : Checking image 2 dpi 300
1609140205332521698 : Checking image 2 border top 130
1609140205332557300 : Checking image 2 border bottom 153
1609140205332590302 : Checking image 2 border left 169
1609140205332623205 : Checking image 2 border right 169

</system-out><system-err>--------------------------------- Captured Err ---------------------------------

</system-err></testcase><testcase classname="tests.test_images" name="test_wrong_angle_split_line_png" time="60.003"><system-out>--------------------------------- Captured Log ---------------------------------

--------------------------------- Captured Out ---------------------------------
/home/runner/work/ocr-book/ocr-book/tests/wrong_angle_split_line.png
1609140220525644570 : Checking separation double page angle 90.09193420006348
1609140220525747777 : Checking separation double page y=0 2478
1609140225701367912 : Checking page rotation 1 0.1
1609140228954530921 : Checking page rotation 2 0.1
1609140241522922731 : Checking image 1 crop x1 58
1609140241523049240 : Checking image 1 crop y1 6
1609140241523089343 : Checking image 1 crop x2 2476
1609140241523124446 : Checking image 1 crop y2 3501
1609140247721777386 : Checking image 2 crop x1 166
1609140247721900494 : Checking image 2 crop y1 218
1609140247721942597 : Checking image 2 crop x2 2244
1609140247721980800 : Checking image 2 crop y2 3349
1609140247886262420 : Checking image 1 dpi 300
1609140247886378629 : Checking image 1 border top 6
1609140247886416431 : Checking image 1 border bottom 6
1609140247886448434 : Checking image 1 border left 31
1609140247886481936 : Checking image 1 border right 31
1609140247893520534 : Checking image 2 dpi 300
1609140247893618341 : Checking image 2 border top 207
1609140247893654343 : Checking image 2 border bottom 149
1609140247893694646 : Checking image 2 border left 191
1609140247893729149 : Checking image 2 border right 191

</system-out><system-err>--------------------------------- Captured Err ---------------------------------

</system-err></testcase><testcase classname="tests.test_images" name="test_crop_too_much_2_png" time="56.819"><system-out>--------------------------------- Captured Log ---------------------------------

--------------------------------- Captured Out ---------------------------------
/home/runner/work/ocr-book/ocr-book/tests/crop_too_much_2.png
1609140249775555059 : Checking separation double page angle 90.1149074900787
1609140249775656066 : Checking separation double page y=0 2478
1609140252345754662 : Checking page rotation 1 0.15000000000000002
1609140255096657074 : Checking page rotation 2 0.2
1609140258115876240 : Checking image 1 crop x1 330
1609140258116011350 : Checking image 1 crop y1 132
1609140258116052153 : Checking image 1 crop x2 2342
1609140258116088855 : Checking image 1 crop y2 3335
1609140262068493165 : Checking image 2 crop x1 162
1609140262068625574 : Checking image 2 crop y1 139
1609140262068665877 : Checking image 2 crop x2 2175
1609140262068704779 : Checking image 2 crop y2 3345
1609140262120558440 : Checking image 1 dpi 300
1609140262120669948 : Checking image 1 border top 122
1609140262120719952 : Checking image 1 border bottom 162
1609140262120748354 : Checking image 1 border left 224
1609140262120775955 : Checking image 1 border right 224
1609140262122592884 : Checking image 2 dpi 300
1609140262122668789 : Checking image 2 border top 130
1609140262122699091 : Checking image 2 border bottom 151
1609140262122732294 : Checking image 2 border left 223
1609140262122760096 : Checking image 2 border right 223

</system-out><system-err>--------------------------------- Captured Err ---------------------------------

</system-err></testcase><testcase classname="tests.test_images" name="test_angle_page_lower_split_line_png" time="40.564"><system-out>--------------------------------- Captured Log ---------------------------------

--------------------------------- Captured Out ---------------------------------
/home/runner/work/ocr-book/ocr-book/tests/angle_page_lower_split_line.png
1609140278032281343 : Checking separation double page angle 89.74927707086691
1609140278032381950 : Checking separation double page y=0 2474
1609140280577474234 : Checking page rotation 1 -0.14999999999999067
1609140282946844664 : Checking page rotation 2 0.1
1609140286105522469 : Checking image 1 crop x1 241
1609140286105640278 : Checking image 1 crop y1 156
1609140286105677180 : Checking image 1 crop x2 2357
1609140286105711283 : Checking image 1 crop y2 3368
1609140289127506270 : Checking image 2 crop x1 149
1609140289127634579 : Checking image 2 crop y1 146
1609140289127667581 : Checking image 2 crop x2 2259
1609140289127697484 : Checking image 2 crop y2 3351
1609140289163017301 : Checking image 1 dpi 300
1609140289163120608 : Checking image 1 border top 140
1609140289163164012 : Checking image 1 border bottom 135
1609140289163192414 : Checking image 1 border left 172
1609140289163221316 : Checking image 1 border right 172
1609140289165549882 : Checking image 2 dpi 300
1609140289165627387 : Checking image 2 border top 131
1609140289165661690 : Checking image 2 border bottom 151
1609140289165696092 : Checking image 2 border left 175
1609140289165727494 : Checking image 2 border right 175

</system-out><system-err>--------------------------------- Captured Err ---------------------------------

</system-err></testcase><testcase classname="tests.test_images" name="test_wrong_split_line_2_png" time="55.511"><system-out>--------------------------------- Captured Log ---------------------------------

--------------------------------- Captured Out ---------------------------------
/home/runner/work/ocr-book/ocr-book/tests/wrong_split_line_2.png
1609140301618169387 : Checking separation double page angle 90.19944704411863
1609140301618273395 : Checking separation double page y=0 2437
1609140304372245022 : Checking page rotation 1 0.2
1609140306990819292 : Checking page rotation 2 0.2
1609140311376163567 : Checking image 1 crop x1 294
1609140311376295576 : Checking image 1 crop y1 136
1609140311376333979 : Checking image 1 crop x2 2325
1609140311376371281 : Checking image 1 crop y2 3376
1609140317602492713 : Checking image 2 crop x1 136
1609140317602621622 : Checking image 2 crop y1 190
1609140317602661125 : Checking image 2 crop x2 2172
1609140317602701728 : Checking image 2 crop y2 3389
1609140317649634564 : Checking image 1 dpi 300
1609140317649735871 : Checking image 1 border top 131
1609140317649774474 : Checking image 1 border bottom 116
1609140317649806076 : Checking image 1 border left 214
1609140317649837479 : Checking image 1 border right 214
1609140317651731413 : Checking image 2 dpi 300
1609140317651807819 : Checking image 2 border top 181
1609140317651840621 : Checking image 2 border bottom 107
1609140317651872323 : Checking image 2 border left 212
1609140317651903226 : Checking image 2 border right 212

</system-out><system-err>--------------------------------- Captured Err ---------------------------------

</system-err></testcase><testcase classname="tests.test_images" name="test_wrong_wave_split_line_png" time="54.484"><system-out>--------------------------------- Captured Log ---------------------------------

--------------------------------- Captured Out ---------------------------------
/home/runner/work/ocr-book/ocr-book/tests/wrong_wave_split_line.png
1609140327734240253 : Checking separation double page angle 90.37878604107719
1609140327734330460 : Checking separation double page y=0 2500
1609140330080110839 : Checking page rotation 1 -0.14999999999999067
1609140332429174156 : Checking page rotation 2 0.9
1609140338042757802 : Checking image 1 crop x1 385
1609140338042910413 : Checking image 1 crop y1 179
1609140338042949616 : Checking image 1 crop x2 2411
1609140338042982818 : Checking image 1 crop y2 3374
1609140343584587590 : Checking image 2 crop x1 17
1609140343584697597 : Checking image 2 crop y1 8
1609140343584731700 : Checking image 2 crop x2 2399
1609140343584763302 : Checking image 2 crop y2 3391
1609140343634990058 : Checking image 1 dpi 300
1609140343635116567 : Checking image 1 border top 173
1609140343635154469 : Checking image 1 border bottom 119
1609140343635188672 : Checking image 1 border left 217
1609140343635224074 : Checking image 1 border right 217
1609140343637592942 : Checking image 2 dpi 300
1609140343637681848 : Checking image 2 border top 0
1609140343637718351 : Checking image 2 border bottom 114
1609140343637749753 : Checking image 2 border left 49
1609140343637780455 : Checking image 2 border right 49

</system-out><system-err>--------------------------------- Captured Err ---------------------------------

</system-err></testcase><testcase classname="tests.test_images" name="test_small_wave_png" time="52.120"><system-out>--------------------------------- Captured Log ---------------------------------

--------------------------------- Captured Out ---------------------------------
/home/runner/work/ocr-book/ocr-book/tests/small_wave.png
1609140360180383189 : Checking separation double page angle 90.58816928841564
1609140360180480896 : Checking separation double page y=0 2497
1609140362863784887 : Checking page rotation 1 0.65
1609140365317510340 : Checking page rotation 2 0.65
1609140367570045340 : Checking image 1 crop x1 320
1609140367570158848 : Checking image 1 crop y1 199
1609140367570192350 : Checking image 1 crop x2 2353
1609140367570222252 : Checking image 1 crop y2 3394
1609140369721500379 : Checking image 2 crop x1 130
1609140369721621688 : Checking image 2 crop y1 222
1609140369721656290 : Checking image 2 crop x2 2163
1609140369721687393 : Checking image 2 crop y2 3420
1609140369761288693 : Checking image 1 dpi 300
1609140369761391700 : Checking image 1 border top 179
1609140369761432003 : Checking image 1 border bottom 112
1609140369761466406 : Checking image 1 border left 213
1609140369761499708 : Checking image 1 border right 213
1609140369763397042 : Checking image 2 dpi 300
1609140369763465047 : Checking image 2 border top 197
1609140369763494249 : Checking image 2 border bottom 92
1609140369763521451 : Checking image 2 border left 213
1609140369763548653 : Checking image 2 border right 213

</system-out><system-err>--------------------------------- Captured Err ---------------------------------

</system-err></testcase><testcase classname="tests.test_images" name="test_no_split_line_line_algo_png" time="37.932"><system-out>--------------------------------- Captured Log ---------------------------------

--------------------------------- Captured Out ---------------------------------
/home/runner/work/ocr-book/ocr-book/tests/no_split_line_line_algo.png
1609140370717164787 : Checking separation double page angle 89.47691469185418
1609140370717256194 : Checking separation double page y=0 2476
1609140372696142630 : Checking page rotation 1 -0.14999999999999067
1609140375195250218 : Checking page rotation 2 -0.14999999999999067
1609140377350911681 : Checking image 1 crop x1 205
1609140377351038690 : Checking image 1 crop y1 158
1609140377351076593 : Checking image 1 crop x2 2320
1609140377351110895 : Checking image 1 crop y2 3366
1609140381540573120 : Checking image 2 crop x1 185
1609140381540694929 : Checking image 2 crop y1 225
1609140381540731832 : Checking image 2 crop x2 2204
1609140381540766034 : Checking image 2 crop y2 3362
1609140381587004298 : Checking image 1 dpi 300
1609140381587115306 : Checking image 1 border top 144
1609140381587146408 : Checking image 1 border bottom 134
1609140381587174610 : Checking image 1 border left 172
1609140381587203612 : Checking image 1 border right 172
1609140381590977478 : Checking image 2 dpi 300
1609140381591081686 : Checking image 2 border top 224
1609140381591118888 : Checking image 2 border bottom 126
1609140381591153291 : Checking image 2 border left 220
1609140381591187593 : Checking image 2 border right 220

</system-out><system-err>--------------------------------- Captured Err ---------------------------------

</system-err></testcase><testcase classname="tests.test_images" name="test_wrong_split_line_3_png" time="41.051"><system-out>--------------------------------- Captured Log ---------------------------------

--------------------------------- Captured Out ---------------------------------
/home/runner/work/ocr-book/ocr-book/tests/wrong_split_line_3.png
1609140401598409600 : Checking separation double page angle 90.43729500214694
1609140401598499906 : Checking separation double page y=0 2498
1609140403984447551 : Checking page rotation 1 0.2
1609140406039204073 : Checking page rotation 2 0.85
1609140408345070661 : Checking image 1 crop x1 331
1609140408345206270 : Checking image 1 crop y1 166
1609140408345238873 : Checking image 1 crop x2 2377
1609140408345270175 : Checking image 1 crop y2 3375
1609140410793779751 : Checking image 2 crop x1 102
1609140410793904460 : Checking image 2 crop y1 207
1609140410793942063 : Checking image 2 crop x2 2135
1609140410793977965 : Checking image 2 crop y2 3414
1609140410833090832 : Checking image 1 dpi 300
1609140410833205240 : Checking image 1 border top 158
1609140410833247143 : Checking image 1 border bottom 120
1609140410833281045 : Checking image 1 border left 207
1609140410833314848 : Checking image 1 border right 207
1609140410835216782 : Checking image 2 dpi 300
1609140410835311389 : Checking image 2 border top 186
1609140410835349891 : Checking image 2 border bottom 94
1609140410835381494 : Checking image 2 border left 213
1609140410835412796 : Checking image 2 border right 213

</system-out><system-err>--------------------------------- Captured Err ---------------------------------

</system-err></testcase><testcase classname="tests.test_images" name="test_failed_split_line_line_algo_png" time="24.599"><system-out>--------------------------------- Captured Log ---------------------------------

--------------------------------- Captured Out ---------------------------------
/home/runner/work/ocr-book/ocr-book/tests/failed_split_line_line_algo.png
1609140399230388523 : Checking separation double page angle 90.04134220573248
1609140399230465728 : Checking separation double page y=0 2573
1609140400904959956 : Checking page rotation 1 -0.09999999999999377
1609140402348243632 : Checking page rotation 2 0.1
1609140404664862474 : Checking image 1 crop x1 408
1609140404664962881 : Checking image 1 crop y1 2926
1609140404664991983 : Checking image 1 crop x2 2420
1609140404665017184 : Checking image 1 crop y2 3173
1609140406205427630 : Checking image 2 crop x1 1184
1609140406205547038 : Checking image 2 crop y1 1745
1609140406205581240 : Checking image 2 crop x2 1185
1609140406205614443 : Checking image 2 crop y2 1746
1609140406205849459 : Checking image 1 dpi 300
1609140406205934365 : Checking image 1 border top 2922
1609140406205966868 : Checking image 1 border bottom 318
1609140406205998870 : Checking image 1 border left 224
1609140406206032872 : Checking image 1 border right 224
1609140406207861402 : Checking image 2 dpi 300
1609140406207939607 : Checking image 2 border top 1753
1609140406207974410 : Checking image 2 border bottom 1753
1609140406208006212 : Checking image 2 border left 1239
1609140406208038414 : Checking image 2 border right 1239

</system-out><system-err>--------------------------------- Captured Err ---------------------------------

</system-err></testcase><testcase classname="tests.test_images" name="test_failed_split_line_line_algo_2_png" time="45.674"><system-out>--------------------------------- Captured Log ---------------------------------

--------------------------------- Captured Out ---------------------------------
/home/runner/work/ocr-book/ocr-book/tests/failed_split_line_line_algo_2.png
1609140442337622246 : Checking separation double page angle 90.03068774449687
1609140442337717553 : Checking separation double page y=0 2500
1609140444742218961 : Checking page rotation 1 0.05
1609140446842738298 : Checking page rotation 2 0.5499999999999999
1609140449222300081 : Checking image 1 crop x1 271
1609140449222424890 : Checking image 1 crop y1 149
1609140449222461993 : Checking image 1 crop x2 2382
1609140449222494895 : Checking image 1 crop y2 3354
1609140451811412975 : Checking image 2 crop x1 120
1609140451811524183 : Checking image 2 crop y1 155
1609140451811556885 : Checking image 2 crop x2 2244
1609140451811586987 : Checking image 2 crop y2 3350
1609140451849207046 : Checking image 1 dpi 300
1609140451849308753 : Checking image 1 border top 141
1609140451849344056 : Checking image 1 border bottom 141
1609140451849376458 : Checking image 1 border left 174
1609140451849410961 : Checking image 1 border right 174
1609140451851930939 : Checking image 2 dpi 300
1609140451852010044 : Checking image 2 border top 140
1609140451852039746 : Checking image 2 border bottom 152
1609140451852066948 : Checking image 2 border left 168
1609140451852094650 : Checking image 2 border right 168

</system-out><system-err>--------------------------------- Captured Err ---------------------------------

</system-err></testcase><testcase classname="tests.test_images" name="test_crop_too_much_3_png" time="45.869"><system-out>--------------------------------- Captured Log ---------------------------------

--------------------------------- Captured Out ---------------------------------
/home/runner/work/ocr-book/ocr-book/tests/crop_too_much_3.png
1609140446373709648 : Checking separation double page angle 89.49330634783144
1609140446373807055 : Checking separation double page y=0 2498
1609140448529415310 : Checking page rotation 1 -0.8999999999999949
1609140451043816723 : Checking page rotation 2 -0.14999999999999067
1609140453725138234 : Checking image 1 crop x1 374
1609140453725249941 : Checking image 1 crop y1 258
1609140453725282344 : Checking image 1 crop x2 2385
1609140453725312346 : Checking image 1 crop y2 3459
1609140456655594738 : Checking image 2 crop x1 168
1609140456655726247 : Checking image 2 crop y1 228
1609140456655765350 : Checking image 2 crop x2 2181
1609140456655804953 : Checking image 2 crop y2 3417
1609140456703984155 : Checking image 1 dpi 300
1609140456704093263 : Checking image 1 border top 239
1609140456704131566 : Checking image 1 border bottom 47
1609140456704163868 : Checking image 1 border left 224
1609140456704195070 : Checking image 1 border right 224
1609140456705994397 : Checking image 2 dpi 300
1609140456706075703 : Checking image 2 border top 209
1609140456706110606 : Checking image 2 border bottom 89
1609140456706144008 : Checking image 2 border left 223
1609140456706181011 : Checking image 2 border right 223

</system-out><system-err>--------------------------------- Captured Err ---------------------------------

</system-err></testcase><testcase classname="tests.test_images" name="test_wrong_wave_split_line_2_png" time="47.935"><system-out>--------------------------------- Captured Log ---------------------------------

--------------------------------- Captured Out ---------------------------------
/home/runner/work/ocr-book/ocr-book/tests/wrong_wave_split_line_2.png
1609140489639659935 : Checking separation double page angle 90.7708958311329
1609140489639739640 : Checking separation double page y=0 2490
1609140491891600392 : Checking page rotation 1 0.2
1609140494203922616 : Checking page rotation 2 1.65
1609140496523561341 : Checking image 1 crop x1 227
1609140496523668749 : Checking image 1 crop y1 147
1609140496523701351 : Checking image 1 crop x2 2342
1609140496523733053 : Checking image 1 crop y2 3353
1609140499735511781 : Checking image 2 crop x1 106
1609140499735638490 : Checking image 2 crop y1 195
1609140499735678393 : Checking image 2 crop x2 2231
1609140499735714996 : Checking image 2 crop y2 3398
1609140499783883798 : Checking image 1 dpi 300
1609140499783988005 : Checking image 1 border top 136
1609140499784019207 : Checking image 1 border bottom 145
1609140499784046909 : Checking image 1 border left 172
1609140499784076111 : Checking image 1 border right 172
1609140499786729499 : Checking image 2 dpi 300
1609140499786819105 : Checking image 2 border top 165
1609140499786854307 : Checking image 2 border bottom 118
1609140499786907611 : Checking image 2 border left 167
1609140499786943114 : Checking image 2 border right 167

</system-out><system-err>--------------------------------- Captured Err ---------------------------------

</system-err></testcase><testcase classname="tests.test_images" name="test_wrong_wave_split_line_3_png" time="44.105"><system-out>--------------------------------- Captured Log ---------------------------------

--------------------------------- Captured Out ---------------------------------
/home/runner/work/ocr-book/ocr-book/tests/wrong_wave_split_line_3.png
1609140491584579693 : Checking separation double page angle 90.05826063695574
1609140491584673199 : Checking separation double page y=0 2514
1609140493967223887 : Checking page rotation 1 0.0
1609140496160479799 : Checking page rotation 2 0.2
1609140498639813399 : Checking image 1 crop x1 274
1609140498639931607 : Checking image 1 crop y1 221
1609140498639969310 : Checking image 1 crop x2 2383
1609140498640003112 : Checking image 1 crop y2 3422
1609140500789939449 : Checking image 2 crop x1 112
1609140500790059658 : Checking image 2 crop y1 225
1609140500790096260 : Checking image 2 crop x2 2238
1609140500790133063 : Checking image 2 crop y2 3415
1609140500826814253 : Checking image 1 dpi 300
1609140500826917261 : Checking image 1 border top 201
1609140500826947863 : Checking image 1 border bottom 85
1609140500826972264 : Checking image 1 border left 175
1609140500826997566 : Checking image 1 border right 175
1609140500828677885 : Checking image 2 dpi 300
1609140500828748790 : Checking image 2 border top 207
1609140500828778792 : Checking image 2 border bottom 90
1609140500828805994 : Checking image 2 border left 167
1609140500828833196 : Checking image 2 border right 167

</system-out><system-err>--------------------------------- Captured Err ---------------------------------

</system-err></testcase><testcase classname="tests.test_images" name="test_no_split_line_wave_algo_png" time="56.587"><system-out>--------------------------------- Captured Log ---------------------------------

--------------------------------- Captured Out ---------------------------------
/home/runner/work/ocr-book/ocr-book/tests/no_split_line_wave_algo.png
1609140532998774979 : Checking separation double page angle 89.72500000000001
1609140532998875386 : Checking separation double page y=0 2484
1609140537079604727 : Checking page rotation 1 0.0
1609140539276488984 : Checking page rotation 2 -0.44999999999999746
1609140549237796959 : Checking image 1 crop x1 97
1609140549237873164 : Checking image 1 crop y1 79
1609140549237903667 : Checking image 1 crop x2 2494
1609140549237932469 : Checking image 1 crop y2 3505
1609140556308153331 : Checking image 2 crop x1 163
1609140556308271239 : Checking image 2 crop y1 267
1609140556308310542 : Checking image 2 crop x2 2238
1609140556308345244 : Checking image 2 crop y2 3380
1609140556349037324 : Checking image 1 dpi 300
1609140556349158033 : Checking image 1 border top 41
1609140556349192835 : Checking image 1 border bottom 41
1609140556349225537 : Checking image 1 border left 42
1609140556349259940 : Checking image 1 border right 42
1609140556351976732 : Checking image 2 dpi 300
1609140556352070639 : Checking image 2 border top 255
1609140556352105641 : Checking image 2 border bottom 119
1609140556352137644 : Checking image 2 border left 192
1609140556352169146 : Checking image 2 border right 192

</system-out><system-err>--------------------------------- Captured Err ---------------------------------

</system-err></testcase><testcase classname="tests.test_images" name="test_no_split_line_wave_algo_2_png" time="37.494"><system-out>--------------------------------- Captured Log ---------------------------------

--------------------------------- Captured Out ---------------------------------
/home/runner/work/ocr-book/ocr-book/tests/no_split_line_wave_algo_2.png
1609140529721380637 : Checking separation double page angle 90.54999999999998
1609140529721474344 : Checking separation double page y=0 2478
1609140531827376350 : Checking page rotation 1 1.0999999999999999
1609140533907923364 : Checking page rotation 2 0.2
1609140536196273100 : Checking image 1 crop x1 266
1609140536196403309 : Checking image 1 crop y1 210
1609140536196442912 : Checking image 1 crop x2 2342
1609140536196481315 : Checking image 1 crop y2 3413
1609140538273863027 : Checking image 2 crop x1 168
1609140538273992936 : Checking image 2 crop y1 241
1609140538274033139 : Checking image 2 crop x2 2251
1609140538274071542 : Checking image 2 crop y2 3433
1609140538313185106 : Checking image 1 dpi 300
1609140538313290013 : Checking image 1 border top 192
1609140538313328416 : Checking image 1 border bottom 91
1609140538313360318 : Checking image 1 border left 192
1609140538313391721 : Checking image 1 border right 192
1609140538315129643 : Checking image 2 dpi 300
1609140538315204349 : Checking image 2 border top 224
1609140538315233951 : Checking image 2 border bottom 71
1609140538315279154 : Checking image 2 border left 188
1609140538315309756 : Checking image 2 border right 188

</system-out><system-err>--------------------------------- Captured Err ---------------------------------

</system-err></testcase><testcase classname="tests.test_images" name="test_failed_detect_rectangle_png" time="43.544"><system-out>--------------------------------- Captured Log ---------------------------------

--------------------------------- Captured Out ---------------------------------
/home/runner/work/ocr-book/ocr-book/tests/failed_detect_rectangle.png
1609140572025170993 : Checking separation double page angle 90.19837516213148
1609140572025262899 : Checking separation double page y=0 2474
1609140574315745853 : Checking page rotation 1 0.2
1609140576867681908 : Checking page rotation 2 0.15000000000000002
1609140579062219404 : Checking image 1 crop x1 257
1609140579062334512 : Checking image 1 crop y1 201
1609140579062371415 : Checking image 1 crop x2 2333
1609140579062404017 : Checking image 1 crop y2 3402
1609140581817075600 : Checking image 2 crop x1 135
1609140581817177707 : Checking image 2 crop y1 214
1609140581817210009 : Checking image 2 crop x2 2219
1609140581817239912 : Checking image 2 crop y2 3406
1609140581859612706 : Checking image 1 dpi 300
1609140581859691512 : Checking image 1 border top 188
1609140581859720514 : Checking image 1 border bottom 97
1609140581859744516 : Checking image 1 border left 192
1609140581859768217 : Checking image 1 border right 192
1609140581861442436 : Checking image 2 dpi 300
1609140581861514141 : Checking image 2 border top 202
1609140581861548843 : Checking image 2 border bottom 93
1609140581861580145 : Checking image 2 border left 188
1609140581861610847 : Checking image 2 border right 188

</system-out><system-err>--------------------------------- Captured Err ---------------------------------

</system-err></testcase><testcase classname="tests.test_images" name="test_crop_too_few_2_png" time="36.505"><system-out>--------------------------------- Captured Log ---------------------------------

--------------------------------- Captured Out ---------------------------------
/home/runner/work/ocr-book/ocr-book/tests/crop_too_few_2.png
1609140583415996316 : Checking separation double page angle 90.30476192320097
1609140583416090423 : Checking separation double page y=0 2531
1609140585558277048 : Checking page rotation 1 1.0999999999999999
1609140587591630780 : Checking page rotation 2 -0.04999999999999689
1609140590049172698 : Checking image 1 crop x1 289
1609140590049296206 : Checking image 1 crop y1 165
1609140590049331909 : Checking image 1 crop x2 2400
1609140590049365011 : Checking image 1 crop y2 3367
1609140592870151237 : Checking image 2 crop x1 149
1609140592870272146 : Checking image 2 crop y1 189
1609140592870307949 : Checking image 2 crop x2 2273
1609140592870342651 : Checking image 2 crop y2 3386
1609140592906914043 : Checking image 1 dpi 300
1609140592907026751 : Checking image 1 border top 157
1609140592907061853 : Checking image 1 border bottom 128
1609140592907095155 : Checking image 1 border left 174
1609140592907129758 : Checking image 1 border right 174
1609140592909771345 : Checking image 2 dpi 300
1609140592909855251 : Checking image 2 border top 181
1609140592909887553 : Checking image 2 border bottom 109
1609140592909919555 : Checking image 2 border left 168
1609140592909951058 : Checking image 2 border right 168

</system-out><system-err>--------------------------------- Captured Err ---------------------------------

</system-err></testcase><testcase classname="tests.test_images" name="test_single_page_png" time="23.848"><system-out>--------------------------------- Captured Log ---------------------------------

--------------------------------- Captured Out ---------------------------------
/home/runner/work/ocr-book/ocr-book/tests/single_page.png
1609140592584732613 : Checking separation double page angle 90.04999999999998
1609140592584847221 : Checking separation double page y=0 2476
1609140596794624727 : Checking page rotation 1 0.0
1609140597310758201 : Checking page rotation 2 0.0
1609140604327658772 : Checking image 1 crop x1 1
1609140604327761079 : Checking image 1 crop y1 8
1609140604327790881 : Checking image 1 crop x2 2470
1609140604327816283 : Checking image 1 crop y2 3505
1609140605406851190 : Checking image 2 crop x1 0
1609140605406950297 : Checking image 2 crop y1 0
1609140605406980899 : Checking image 2 crop x2 0
1609140605407009501 : Checking image 2 crop y2 0
1609140605407078806 : Checking image 1 dpi 300
1609140605407139910 : Checking image 1 border top 5
1609140605407175213 : Checking image 1 border bottom 5
1609140605407205415 : Checking image 1 border left 6
1609140605407236417 : Checking image 1 border right 6
1609140605413240442 : Checking image 2 border top 0
1609140605413297246 : Checking image 2 border bottom 0
1609140605413327448 : Checking image 2 border left 0
1609140605413356650 : Checking image 2 border right 0

</system-out><system-err>--------------------------------- Captured Err ---------------------------------

</system-err></testcase><testcase classname="tests.test_images" name="test_no_split_line_wave_algo_3_png" time="15.359"><system-out>--------------------------------- Captured Log ---------------------------------

--------------------------------- Captured Out ---------------------------------
/home/runner/work/ocr-book/ocr-book/tests/no_split_line_wave_algo_3.png
1609140603576012917 : Checking separation double page angle 90.14999999999998
1609140603576128726 : Checking separation double page y=0 2408
1609140606095010955 : Checking page rotation 1 -0.09999999999999377
1609140606346047808 : Checking page rotation 2 0.0
1609140607818235260 : Checking image 1 crop x1 182
1609140607818299265 : Checking image 1 crop y1 2955
1609140607818326267 : Checking image 1 crop x2 2199
1609140607818350768 : Checking image 1 crop y2 3203
1609140608250225322 : Checking image 2 crop x1 0
1609140608250282226 : Checking image 2 crop y1 0
1609140608250308428 : Checking image 2 crop x2 0
1609140608250333530 : Checking image 2 crop y2 0
1609140608250393134 : Checking image 1 dpi 300
1609140608250452839 : Checking image 1 border top 2951
1609140608250481541 : Checking image 1 border bottom 288
1609140608250509443 : Checking image 1 border left 221
1609140608250537144 : Checking image 1 border right 221
1609140608255096167 : Checking image 2 border top 0
1609140608255150671 : Checking image 2 border bottom 0
1609140608255180873 : Checking image 2 border left 0
1609140608255210475 : Checking image 2 border right 0

</system-out><system-err>--------------------------------- Captured Err ---------------------------------

</system-err></testcase><testcase classname="tests.test_images" name="test_wrong_split_line_4_png" time="24.035"><system-out>--------------------------------- Captured Log ---------------------------------

--------------------------------- Captured Out ---------------------------------
/home/runner/work/ocr-book/ocr-book/tests/wrong_split_line_4.png
1609140623242492145 : Checking separation double page angle 91.04999999999998
1609140623242581351 : Checking separation double page y=0 60
1609140623416360837 : Checking page rotation 1 1.0
1609140625645114004 : Checking page rotation 2 1.05
1609140626212878343 : Checking image 1 crop x1 0
1609140626212933547 : Checking image 1 crop y1 0
1609140626212960549 : Checking image 1 crop x2 0
1609140626212986051 : Checking image 1 crop y2 0
1609140629755423192 : Checking image 2 crop x1 291
1609140629755549301 : Checking image 2 crop y1 330
1609140629755588604 : Checking image 2 crop x2 2316
1609140629755624206 : Checking image 2 crop y2 3217
1609140629799878435 : Checking image 1 border top 0
1609140629799945140 : Checking image 1 border bottom 0
1609140629799978442 : Checking image 1 border left 0
1609140629800008844 : Checking image 1 border right 0
1609140629800059248 : Checking image 2 dpi 300
1609140629800134753 : Checking image 2 border top 322
1609140629800167155 : Checking image 2 border bottom 278
1609140629800200058 : Checking image 2 border left 217
1609140629800232260 : Checking image 2 border right 217

</system-out><system-err>--------------------------------- Captured Err ---------------------------------

</system-err></testcase><testcase classname="tests.test_images" name="test_failed_split_line_line_algo_3_png" time="21.723"><system-out>--------------------------------- Captured Log ---------------------------------

--------------------------------- Captured Out ---------------------------------
/home/runner/work/ocr-book/ocr-book/tests/failed_split_line_line_algo_3.png
1609140625438717012 : Checking separation double page angle 90.0
1609140625438813419 : Checking separation double page y=0 40
1609140625577180201 : Checking page rotation 1 0.0
1609140627288491786 : Checking page rotation 2 -0.04999999999999689
1609140627718236168 : Checking image 1 crop x1 0
1609140627718297873 : Checking image 1 crop y1 0
1609140627718328175 : Checking image 1 crop x2 0
1609140627718357277 : Checking image 1 crop y2 0
1609140630002317447 : Checking image 2 crop x1 247
1609140630002407253 : Checking image 2 crop y1 153
1609140630002442256 : Checking image 2 crop x2 2260
1609140630002475158 : Checking image 2 crop y2 3360
1609140630039949807 : Checking image 1 border top 0
1609140630040010411 : Checking image 1 border bottom 0
1609140630040040414 : Checking image 1 border left 0
1609140630040068716 : Checking image 1 border right 0
1609140630040112319 : Checking image 2 dpi 300
1609140630040179123 : Checking image 2 border top 144
1609140630040208225 : Checking image 2 border bottom 136
1609140630040236827 : Checking image 2 border left 223
1609140630040265830 : Checking image 2 border right 223

</system-out><system-err>--------------------------------- Captured Err ---------------------------------

</system-err></testcase></testsuite></testsuites>