<?xml version="1.0" encoding="utf-8"?><testsuites><testsuite errors="0" failures="0" hostname="fv-az137-914" name="pytest" skipped="0" tests="36" time="956.559" timestamp="2020-12-27T22:31:12.680645"><testcase classname="tests.test_features" name="test_mock_stop_at_0" time="0.053"><system-out>--------------------------------- Captured Log ---------------------------------

--------------------------------- Captured Out ---------------------------------
/home/runner/work/ocr-book/ocr-book/tests/0001_0.png

</system-out><system-err>--------------------------------- Captured Err ---------------------------------

</system-err></testcase><testcase classname="tests.test_features" name="test_disabled_enable_debug" time="45.918"><system-out>--------------------------------- Captured Log ---------------------------------

--------------------------------- Captured Out ---------------------------------
/home/runner/work/ocr-book/ocr-book/tests/0001_debug.png
separation double page angle 90.5528088189967
separation double page y=0 2485
page rotation 1 0.75
page rotation 2 0.2
image 1 crop x1 330
image 1 crop y1 336
image 1 crop x2 2343
image 1 crop y2 3223
image 2 crop x1 169
image 2 crop y1 648
image 2 crop x2 2186
image 2 crop y2 3361
image 1 dpi 300
image 1 border top 333
image 1 border bottom 266
image 1 border left 223
image 1 border right 223
image 2 dpi 300
image 2 border top 643
image 2 border bottom 131
image 2 border left 221
image 2 border right 221

</system-out><system-err>--------------------------------- Captured Err ---------------------------------

</system-err></testcase><testcase classname="tests.test_features" name="test_mock_stop_at_2" time="41.587"><system-out>--------------------------------- Captured Log ---------------------------------

--------------------------------- Captured Out ---------------------------------
/home/runner/work/ocr-book/ocr-book/tests/0001_2.png
separation double page angle 90.5528088189967
separation double page y=0 2485
page rotation 1 0.75
page rotation 2 0.2

</system-out><system-err>--------------------------------- Captured Err ---------------------------------

</system-err></testcase><testcase classname="tests.test_features" name="test_mock_stop_at_4" time="44.128"><system-out>--------------------------------- Captured Log ---------------------------------

--------------------------------- Captured Out ---------------------------------
/home/runner/work/ocr-book/ocr-book/tests/0001_4.png
separation double page angle 90.5528088189967
separation double page y=0 2485
page rotation 1 0.75
page rotation 2 0.2
image 1 crop x1 330
image 1 crop y1 336
image 1 crop x2 2343
image 1 crop y2 3223
image 2 crop x1 169
image 2 crop y1 648
image 2 crop x2 2186
image 2 crop y2 3361
image 1 dpi 300
image 1 border top 333
image 1 border bottom 266
image 1 border left 223
image 1 border right 223
image 2 dpi 300
image 2 border top 643
image 2 border bottom 131
image 2 border left 221
image 2 border right 221

</system-out><system-err>--------------------------------- Captured Err ---------------------------------

</system-err></testcase><testcase classname="tests.test_features" name="test_mock_stop_at_1" time="27.225"><system-out>--------------------------------- Captured Log ---------------------------------

--------------------------------- Captured Out ---------------------------------
/home/runner/work/ocr-book/ocr-book/tests/0001_1.png
separation double page angle 90.5528088189967
separation double page y=0 2485

</system-out><system-err>--------------------------------- Captured Err ---------------------------------

</system-err></testcase><testcase classname="tests.test_features" name="test_mock_stop_at_3" time="44.020"><system-out>--------------------------------- Captured Log ---------------------------------

--------------------------------- Captured Out ---------------------------------
/home/runner/work/ocr-book/ocr-book/tests/0001_3.png
separation double page angle 90.5528088189967
separation double page y=0 2485
page rotation 1 0.75
page rotation 2 0.2
image 1 crop x1 330
image 1 crop y1 336
image 1 crop x2 2343
image 1 crop y2 3223
image 2 crop x1 169
image 2 crop y1 648
image 2 crop x2 2186
image 2 crop y2 3361

</system-out><system-err>--------------------------------- Captured Err ---------------------------------

</system-err></testcase><testcase classname="tests.test_images" name="test_0001_png" time="55.782"><system-out>--------------------------------- Captured Log ---------------------------------

--------------------------------- Captured Out ---------------------------------
/home/runner/work/ocr-book/ocr-book/tests/0001.png
1609108392778112946 : Checking separation double page angle 90.5528088189967
1609108392778243055 : Checking separation double page y=0 2485
1609108400267141382 : Checking page rotation 1 0.75
1609108409622769607 : Checking page rotation 2 0.2
1609108412570289522 : Checking image 1 crop x1 330
1609108412570428331 : Checking image 1 crop y1 336
1609108412570471834 : Checking image 1 crop x2 2343
1609108412570508837 : Checking image 1 crop y2 3223
1609108415253871517 : Checking image 2 crop x1 169
1609108415254011126 : Checking image 2 crop y1 648
1609108415254054929 : Checking image 2 crop x2 2186
1609108415254091531 : Checking image 2 crop y2 3361
1609108415290359398 : Checking image 1 dpi 300
1609108415290478005 : Checking image 1 border top 333
1609108415290518408 : Checking image 1 border bottom 266
1609108415290553910 : Checking image 1 border left 223
1609108415290588213 : Checking image 1 border right 223
1609108415292304325 : Checking image 2 dpi 300
1609108415292389330 : Checking image 2 border top 643
1609108415292425432 : Checking image 2 border bottom 131
1609108415292460135 : Checking image 2 border left 221
1609108415292494237 : Checking image 2 border right 221

</system-out><system-err>--------------------------------- Captured Err ---------------------------------

</system-err></testcase><testcase classname="tests.test_features" name="test_mock_stop_at_5" time="44.800"><system-out>--------------------------------- Captured Log ---------------------------------

--------------------------------- Captured Out ---------------------------------
/home/runner/work/ocr-book/ocr-book/tests/0001_5.png
separation double page angle 90.5528088189967
separation double page y=0 2485
page rotation 1 0.75
page rotation 2 0.2
image 1 crop x1 330
image 1 crop y1 336
image 1 crop x2 2343
image 1 crop y2 3223
image 2 crop x1 169
image 2 crop y1 648
image 2 crop x2 2186
image 2 crop y2 3361
image 1 dpi 300
image 1 border top 333
image 1 border bottom 266
image 1 border left 223
image 1 border right 223
image 2 dpi 300
image 2 border top 643
image 2 border bottom 131
image 2 border left 221
image 2 border right 221

</system-out><system-err>--------------------------------- Captured Err ---------------------------------

</system-err></testcase><testcase classname="tests.test_images" name="test_black_border_not_removed_png" time="62.033"><system-out>--------------------------------- Captured Log ---------------------------------

--------------------------------- Captured Out ---------------------------------
/home/runner/work/ocr-book/ocr-book/tests/black-border-not-removed.png
1609108450403436023 : Checking separation double page angle 90.033171103531
1609108450403547730 : Checking separation double page y=0 2455
1609108457695059196 : Checking page rotation 1 0.0
1609108469324799270 : Checking page rotation 2 0.0
1609108472979017903 : Checking image 1 crop x1 297
1609108472979153712 : Checking image 1 crop y1 143
1609108472979195415 : Checking image 1 crop x2 2309
1609108472979231717 : Checking image 1 crop y2 3346
1609108477294030190 : Checking image 2 crop x1 159
1609108477294162798 : Checking image 2 crop y1 145
1609108477294214002 : Checking image 2 crop x2 2171
1609108477294252104 : Checking image 2 crop y2 3352
1609108477332569604 : Checking image 1 dpi 300
1609108477332686912 : Checking image 1 border top 132
1609108477332727014 : Checking image 1 border bottom 152
1609108477332762317 : Checking image 1 border left 224
1609108477332796719 : Checking image 1 border right 224
1609108477334573135 : Checking image 2 dpi 300
1609108477334682142 : Checking image 2 border top 132
1609108477334718144 : Checking image 2 border bottom 148
1609108477334749846 : Checking image 2 border left 224
1609108477334781748 : Checking image 2 border right 224

</system-out><system-err>--------------------------------- Captured Err ---------------------------------

</system-err></testcase><testcase classname="tests.test_images" name="test_2_pages_2_contours_png" time="35.951"><system-out>--------------------------------- Captured Log ---------------------------------

--------------------------------- Captured Out ---------------------------------
/home/runner/work/ocr-book/ocr-book/tests/2-pages-2-contours.png
1609108457620005397 : Checking separation double page angle 90.09036871657068
1609108457620126705 : Checking separation double page y=0 2486
1609108459860492435 : Checking page rotation 1 0.05
1609108466879556354 : Checking page rotation 2 0.30000000000000004
1609108468772852586 : Checking image 1 crop x1 1189
1609108468772970594 : Checking image 1 crop y1 1751
1609108468773009696 : Checking image 1 crop x2 1190
1609108468773044098 : Checking image 1 crop y2 1752
1609108471640976771 : Checking image 2 crop x1 101
1609108471641110580 : Checking image 2 crop y1 240
1609108471641150682 : Checking image 2 crop x2 2148
1609108471641191585 : Checking image 2 crop y2 3239
1609108471676771404 : Checking image 1 dpi 300
1609108471676885312 : Checking image 1 border top 1752
1609108471676923514 : Checking image 1 border bottom 1753
1609108471676958017 : Checking image 1 border left 1239
1609108471676991819 : Checking image 1 border right 1239
1609108471678390310 : Checking image 2 dpi 300
1609108471678478716 : Checking image 2 border top 230
1609108471678518518 : Checking image 2 border bottom 258
1609108471678552621 : Checking image 2 border left 206
1609108471678586723 : Checking image 2 border right 206

</system-out><system-err>--------------------------------- Captured Err ---------------------------------

</system-err></testcase><testcase classname="tests.test_images" name="test_wrong_split_line_png" time="44.241"><system-out>--------------------------------- Captured Log ---------------------------------

--------------------------------- Captured Out ---------------------------------
/home/runner/work/ocr-book/ocr-book/tests/wrong_split_line.png
1609108499140347836 : Checking separation double page angle 89.93395720607973
1609108499140454543 : Checking separation double page y=0 2465
1609108505135028139 : Checking page rotation 1 -0.14999999999999067
1609108511312407955 : Checking page rotation 2 0.5
1609108513515954060 : Checking image 1 crop x1 213
1609108513516085669 : Checking image 1 crop y1 157
1609108513516125771 : Checking image 1 crop x2 2323
1609108513516166174 : Checking image 1 crop y2 3362
1609108515877490448 : Checking image 2 crop x1 125
1609108515877619256 : Checking image 2 crop y1 165
1609108515877659559 : Checking image 2 crop x2 2237
1609108515877699562 : Checking image 2 crop y2 3374
1609108515915174005 : Checking image 1 dpi 300
1609108515915296413 : Checking image 1 border top 134
1609108515915335116 : Checking image 1 border bottom 148
1609108515915369418 : Checking image 1 border left 175
1609108515915403620 : Checking image 1 border right 175
1609108515917338046 : Checking image 2 dpi 300
1609108515917421652 : Checking image 2 border top 143
1609108515917456554 : Checking image 2 border bottom 135
1609108515917490356 : Checking image 2 border left 174
1609108515917524859 : Checking image 2 border right 174

</system-out><system-err>--------------------------------- Captured Err ---------------------------------

</system-err></testcase><testcase classname="tests.test_images" name="test_image_failed_to_rotate_png" time="63.656"><system-out>--------------------------------- Captured Log ---------------------------------

--------------------------------- Captured Out ---------------------------------
/home/runner/work/ocr-book/ocr-book/tests/image_failed_to_rotate.png
1609108511039961804 : Checking separation double page angle 90.13063640287984
1609108511040075011 : Checking separation double page y=0 2479
1609108516264131560 : Checking page rotation 1 0.35
1609108524783920963 : Checking page rotation 2 0.45
1609108536725116344 : Checking image 1 crop x1 34
1609108536725251153 : Checking image 1 crop y1 1
1609108536725293956 : Checking image 1 crop x2 2477
1609108536725332558 : Checking image 1 crop y2 3500
1609108540835351808 : Checking image 2 crop x1 167
1609108540835490817 : Checking image 2 crop y1 234
1609108540835532320 : Checking image 2 crop x2 2246
1609108540835570822 : Checking image 2 crop y2 3355
1609108540880764266 : Checking image 1 dpi 300
1609108540880895274 : Checking image 1 border top 4
1609108540880936277 : Checking image 1 border bottom 4
1609108540880971779 : Checking image 1 border left 19
1609108540881007081 : Checking image 1 border right 19
1609108540882860002 : Checking image 2 dpi 300
1609108540882952608 : Checking image 2 border top 218
1609108540882988810 : Checking image 2 border bottom 148
1609108540883023213 : Checking image 2 border left 190
1609108540883057315 : Checking image 2 border right 190

</system-out><system-err>--------------------------------- Captured Err ---------------------------------

</system-err></testcase><testcase classname="tests.test_images" name="test_crop_too_much_png" time="76.526"><system-out>--------------------------------- Captured Log ---------------------------------

--------------------------------- Captured Out ---------------------------------
/home/runner/work/ocr-book/ocr-book/tests/crop_too_much.png
1609108559730881114 : Checking separation double page angle 90.13239409272954
1609108559730997422 : Checking separation double page y=0 2455
1609108572305510262 : Checking page rotation 1 0.0
1609108585572973606 : Checking page rotation 2 0.45
1609108588826353836 : Checking image 1 crop x1 303
1609108588826492445 : Checking image 1 crop y1 148
1609108588826533548 : Checking image 1 crop x2 2313
1609108588826576151 : Checking image 1 crop y2 3351
1609108592369515163 : Checking image 2 crop x1 168
1609108592369651772 : Checking image 2 crop y1 155
1609108592369691875 : Checking image 2 crop x2 2179
1609108592369732378 : Checking image 2 crop y2 3359
1609108592420217452 : Checking image 1 dpi 300
1609108592420339160 : Checking image 1 border top 132
1609108592420377963 : Checking image 1 border bottom 152
1609108592420412665 : Checking image 1 border left 225
1609108592420448367 : Checking image 1 border right 225
1609108592422421495 : Checking image 2 dpi 300
1609108592422508001 : Checking image 2 border top 140
1609108592422544303 : Checking image 2 border bottom 143
1609108592422578005 : Checking image 2 border left 224
1609108592422611908 : Checking image 2 border right 224

</system-out><system-err>--------------------------------- Captured Err ---------------------------------

</system-err></testcase><testcase classname="tests.test_images" name="test_image_failed_to_crop_data_png" time="61.826"><system-out>--------------------------------- Captured Log ---------------------------------

--------------------------------- Captured Out ---------------------------------
/home/runner/work/ocr-book/ocr-book/tests/image_failed_to_crop_data.png
1609108573544745060 : Checking separation double page angle 90.053197600644
1609108573544859468 : Checking separation double page y=0 2480
1609108579607555618 : Checking page rotation 1 0.2
1609108586091742056 : Checking page rotation 2 0.0
1609108599014849152 : Checking image 1 crop x1 47
1609108599014991061 : Checking image 1 crop y1 7
1609108599015035164 : Checking image 1 crop x2 2478
1609108599015073066 : Checking image 1 crop y2 3502
1609108602715917287 : Checking image 2 crop x1 160
1609108602716060197 : Checking image 2 crop y1 217
1609108602716101499 : Checking image 2 crop x2 2242
1609108602716139102 : Checking image 2 crop y2 3350
1609108602750891367 : Checking image 1 dpi 300
1609108602751014775 : Checking image 1 border top 6
1609108602751056978 : Checking image 1 border bottom 6
1609108602751091780 : Checking image 1 border left 25
1609108602751126082 : Checking image 1 border right 25
1609108602752939400 : Checking image 2 dpi 300
1609108602753028706 : Checking image 2 border top 206
1609108602753065609 : Checking image 2 border bottom 148
1609108602753100411 : Checking image 2 border left 189
1609108602753134813 : Checking image 2 border right 189

</system-out><system-err>--------------------------------- Captured Err ---------------------------------

</system-err></testcase><testcase classname="tests.test_images" name="test_crop_too_few_png" time="46.036"><system-out>--------------------------------- Captured Log ---------------------------------

--------------------------------- Captured Out ---------------------------------
/home/runner/work/ocr-book/ocr-book/tests/crop_too_few.png
1609108620139067198 : Checking separation double page angle 89.54670238452755
1609108620139174305 : Checking separation double page y=0 2512
1609108626640525173 : Checking page rotation 1 -0.6499999999999977
1609108633519460010 : Checking page rotation 2 0.0
1609108636086299495 : Checking image 1 crop x1 263
1609108636086442504 : Checking image 1 crop y1 150
1609108636086483007 : Checking image 1 crop x2 2377
1609108636086521409 : Checking image 1 crop y2 3357
1609108638452648817 : Checking image 2 crop x1 137
1609108638452789426 : Checking image 2 crop y1 141
1609108638452830129 : Checking image 2 crop x2 2259
1609108638452870332 : Checking image 2 crop y2 3345
1609108638487464886 : Checking image 1 dpi 300
1609108638487597895 : Checking image 1 border top 129
1609108638487637597 : Checking image 1 border bottom 150
1609108638487673700 : Checking image 1 border left 173
1609108638487708202 : Checking image 1 border right 173
1609108638489664329 : Checking image 2 dpi 300
1609108638489750035 : Checking image 2 border top 130
1609108638489786237 : Checking image 2 border bottom 153
1609108638489820540 : Checking image 2 border left 169
1609108638489854842 : Checking image 2 border right 169

</system-out><system-err>--------------------------------- Captured Err ---------------------------------

</system-err></testcase><testcase classname="tests.test_images" name="test_wrong_angle_split_line_png" time="70.600"><system-out>--------------------------------- Captured Log ---------------------------------

--------------------------------- Captured Out ---------------------------------
/home/runner/work/ocr-book/ocr-book/tests/wrong_angle_split_line.png
1609108636266554742 : Checking separation double page angle 90.09193420006348
1609108636266690051 : Checking separation double page y=0 2478
1609108644218770195 : Checking page rotation 1 0.05
1609108653033664863 : Checking page rotation 2 0.0
1609108666425884504 : Checking image 1 crop x1 58
1609108666426014312 : Checking image 1 crop y1 7
1609108666426052615 : Checking image 1 crop x2 2472
1609108666426088117 : Checking image 1 crop y2 3505
1609108672471520271 : Checking image 2 crop x1 163
1609108672471655280 : Checking image 2 crop y1 217
1609108672471693182 : Checking image 2 crop x2 2246
1609108672471728884 : Checking image 2 crop y2 3350
1609108672652582631 : Checking image 1 dpi 300
1609108672652705039 : Checking image 1 border top 5
1609108672652746942 : Checking image 1 border bottom 5
1609108672652782044 : Checking image 1 border left 33
1609108672652818546 : Checking image 1 border right 33
1609108672660750962 : Checking image 2 dpi 300
1609108672660867569 : Checking image 2 border top 206
1609108672660904371 : Checking image 2 border bottom 148
1609108672660939174 : Checking image 2 border left 188
1609108672660973376 : Checking image 2 border right 188

</system-out><system-err>--------------------------------- Captured Err ---------------------------------

</system-err></testcase><testcase classname="tests.test_images" name="test_crop_too_much_2_png" time="84.001"><system-out>--------------------------------- Captured Log ---------------------------------

--------------------------------- Captured Out ---------------------------------
/home/runner/work/ocr-book/ocr-book/tests/crop_too_much_2.png
1609108687403400539 : Checking separation double page angle 90.1149074900787
1609108687403507746 : Checking separation double page y=0 2478
1609108699513231906 : Checking page rotation 1 0.2
1609108715060373492 : Checking page rotation 2 0.2
1609108718174473630 : Checking image 1 crop x1 332
1609108718174623839 : Checking image 1 crop y1 131
1609108718174699944 : Checking image 1 crop x2 2342
1609108718174739447 : Checking image 1 crop y2 3336
1609108722397208314 : Checking image 2 crop x1 162
1609108722397341523 : Checking image 2 crop y1 139
1609108722397381626 : Checking image 2 crop x2 2175
1609108722397422228 : Checking image 2 crop y2 3345
1609108722453557186 : Checking image 1 dpi 300
1609108722453679994 : Checking image 1 border top 119
1609108722453718897 : Checking image 1 border bottom 163
1609108722453753699 : Checking image 1 border left 225
1609108722453788401 : Checking image 1 border right 225
1609108722455584119 : Checking image 2 dpi 300
1609108722455674024 : Checking image 2 border top 130
1609108722455710027 : Checking image 2 border bottom 151
1609108722455744329 : Checking image 2 border left 223
1609108722455778731 : Checking image 2 border right 223

</system-out><system-err>--------------------------------- Captured Err ---------------------------------

</system-err></testcase><testcase classname="tests.test_images" name="test_angle_page_lower_split_line_png" time="52.611"><system-out>--------------------------------- Captured Log ---------------------------------

--------------------------------- Captured Out ---------------------------------
/home/runner/work/ocr-book/ocr-book/tests/angle_page_lower_split_line.png
1609108704362514787 : Checking separation double page angle 89.74927707086691
1609108704362662696 : Checking separation double page y=0 2474
1609108713563951379 : Checking page rotation 1 -0.4000000000000005
1609108720582359945 : Checking page rotation 2 0.2
1609108723171849996 : Checking image 1 crop x1 244
1609108723172002406 : Checking image 1 crop y1 160
1609108723172044009 : Checking image 1 crop x2 2350
1609108723172081911 : Checking image 1 crop y2 3365
1609108725983281212 : Checking image 2 crop x1 150
1609108725983405920 : Checking image 2 crop y1 147
1609108725983439522 : Checking image 2 crop x2 2257
1609108725983470524 : Checking image 2 crop y2 3350
1609108726022590874 : Checking image 1 dpi 300
1609108726022731183 : Checking image 1 border top 144
1609108726022769485 : Checking image 1 border bottom 138
1609108726022802487 : Checking image 1 border left 177
1609108726022834789 : Checking image 1 border right 177
1609108726024610805 : Checking image 2 dpi 300
1609108726024693511 : Checking image 2 border top 130
1609108726024731213 : Checking image 2 border bottom 154
1609108726024766315 : Checking image 2 border left 176
1609108726024812018 : Checking image 2 border right 176

</system-out><system-err>--------------------------------- Captured Err ---------------------------------

</system-err></testcase><testcase classname="tests.test_images" name="test_wrong_split_line_2_png" time="83.294"><system-out>--------------------------------- Captured Log ---------------------------------

--------------------------------- Captured Out ---------------------------------
/home/runner/work/ocr-book/ocr-book/tests/wrong_split_line_2.png
1609108766900421168 : Checking separation double page angle 90.19944704411863
1609108766900528775 : Checking separation double page y=0 2437
1609108780352681636 : Checking page rotation 1 0.2
1609108794165828687 : Checking page rotation 2 0.4
1609108798959172351 : Checking image 1 crop x1 294
1609108798959312260 : Checking image 1 crop y1 136
1609108798959352363 : Checking image 1 crop x2 2325
1609108798959391765 : Checking image 1 crop y2 3376
1609108805713709204 : Checking image 2 crop x1 140
1609108805713843713 : Checking image 2 crop y1 192
1609108805713881015 : Checking image 2 crop x2 2167
1609108805713917718 : Checking image 2 crop y2 3386
1609108805763899276 : Checking image 1 dpi 300
1609108805764034385 : Checking image 1 border top 131
1609108805764069887 : Checking image 1 border bottom 116
1609108805764101889 : Checking image 1 border left 214
1609108805764134091 : Checking image 1 border right 214
1609108805765805900 : Checking image 2 dpi 300
1609108805765902906 : Checking image 2 border top 183
1609108805765935608 : Checking image 2 border bottom 110
1609108805765966410 : Checking image 2 border left 216
1609108805765997612 : Checking image 2 border right 216

</system-out><system-err>--------------------------------- Captured Err ---------------------------------

</system-err></testcase><testcase classname="tests.test_images" name="test_wrong_wave_split_line_png" time="79.656"><system-out>--------------------------------- Captured Log ---------------------------------

--------------------------------- Captured Out ---------------------------------
/home/runner/work/ocr-book/ocr-book/tests/wrong_wave_split_line.png
1609108769146558999 : Checking separation double page angle 90.37878604107719
1609108769146707809 : Checking separation double page y=0 2500
1609108780806780524 : Checking page rotation 1 -0.14999999999999067
1609108792475788125 : Checking page rotation 2 0.85
1609108798542071165 : Checking image 1 crop x1 385
1609108798542213175 : Checking image 1 crop y1 179
1609108798542254577 : Checking image 1 crop x2 2411
1609108798542290980 : Checking image 1 crop y2 3374
1609108805636313360 : Checking image 2 crop x1 8
1609108805636455769 : Checking image 2 crop y1 0
1609108805636497972 : Checking image 2 crop x2 2415
1609108805636536774 : Checking image 2 crop y2 3505
1609108805692152999 : Checking image 1 dpi 300
1609108805692267307 : Checking image 1 border top 173
1609108805692303909 : Checking image 1 border bottom 119
1609108805692336711 : Checking image 1 border left 217
1609108805692368913 : Checking image 1 border right 217
1609108805694108427 : Checking image 2 dpi 300
1609108805694192932 : Checking image 2 border top 1
1609108805694230835 : Checking image 2 border bottom 1
1609108805694262937 : Checking image 2 border left 37
1609108805694294839 : Checking image 2 border right 37

</system-out><system-err>--------------------------------- Captured Err ---------------------------------

</system-err></testcase><testcase classname="tests.test_images" name="test_no_split_line_line_algo_png" time="52.191"><system-out>--------------------------------- Captured Log ---------------------------------

--------------------------------- Captured Out ---------------------------------
/home/runner/work/ocr-book/ocr-book/tests/no_split_line_line_algo.png
1609108836265350123 : Checking separation double page angle 89.47691469185418
1609108836265464429 : Checking separation double page y=0 2476
1609108841933149785 : Checking page rotation 1 -0.14999999999999067
1609108852148446953 : Checking page rotation 2 -0.44999999999999746
1609108854466970378 : Checking image 1 crop x1 205
1609108854467113087 : Checking image 1 crop y1 158
1609108854467154289 : Checking image 1 crop x2 2320
1609108854467192492 : Checking image 1 crop y2 3366
1609108857855658848 : Checking image 2 crop x1 185
1609108857855796857 : Checking image 2 crop y1 221
1609108857855852460 : Checking image 2 crop x2 2201
1609108857855890663 : Checking image 2 crop y2 3366
1609108857901042094 : Checking image 1 dpi 300
1609108857901164802 : Checking image 1 border top 144
1609108857901203605 : Checking image 1 border bottom 134
1609108857901238707 : Checking image 1 border left 172
1609108857901273209 : Checking image 1 border right 172
1609108857903111829 : Checking image 2 dpi 300
1609108857903206035 : Checking image 2 border top 219
1609108857903242637 : Checking image 2 border bottom 123
1609108857903277639 : Checking image 2 border left 222
1609108857903312042 : Checking image 2 border right 222

</system-out><system-err>--------------------------------- Captured Err ---------------------------------

</system-err></testcase><testcase classname="tests.test_images" name="test_small_wave_png" time="74.647"><system-out>--------------------------------- Captured Log ---------------------------------

--------------------------------- Captured Out ---------------------------------
/home/runner/work/ocr-book/ocr-book/tests/small_wave.png
1609108854479742205 : Checking separation double page angle 90.58816928841564
1609108854479849912 : Checking separation double page y=0 2497
1609108865485405394 : Checking page rotation 1 0.65
1609108875559064458 : Checking page rotation 2 0.75
1609108878011743699 : Checking image 1 crop x1 320
1609108878011878008 : Checking image 1 crop y1 199
1609108878011918310 : Checking image 1 crop x2 2353
1609108878011956613 : Checking image 1 crop y2 3394
1609108880369832456 : Checking image 2 crop x1 132
1609108880369964565 : Checking image 2 crop y1 224
1609108880370005367 : Checking image 2 crop x2 2160
1609108880370045770 : Checking image 2 crop y2 3419
1609108880413120532 : Checking image 1 dpi 300
1609108880413235039 : Checking image 1 border top 179
1609108880413273742 : Checking image 1 border bottom 112
1609108880413309244 : Checking image 1 border left 213
1609108880413343447 : Checking image 1 border right 213
1609108880415083962 : Checking image 2 dpi 300
1609108880415173968 : Checking image 2 border top 197
1609108880415209171 : Checking image 2 border bottom 95
1609108880415242873 : Checking image 2 border left 216
1609108880415276975 : Checking image 2 border right 216

</system-out><system-err>--------------------------------- Captured Err ---------------------------------

</system-err></testcase><testcase classname="tests.test_images" name="test_failed_split_line_line_algo_png" time="28.185"><system-out>--------------------------------- Captured Log ---------------------------------

--------------------------------- Captured Out ---------------------------------
/home/runner/work/ocr-book/ocr-book/tests/failed_split_line_line_algo.png
1609108876348012771 : Checking separation double page angle 90.04134220573248
1609108876348142279 : Checking separation double page y=0 2573
1609108879855872912 : Checking page rotation 1 -0.14999999999999067
1609108882149467537 : Checking page rotation 2 0.0
1609108884426983099 : Checking image 1 crop x1 407
1609108884427127909 : Checking image 1 crop y1 2925
1609108884427170912 : Checking image 1 crop x2 2419
1609108884427206814 : Checking image 1 crop y2 3174
1609108886114385898 : Checking image 2 crop x1 1184
1609108886114514507 : Checking image 2 crop y1 1748
1609108886114552309 : Checking image 2 crop x2 1185
1609108886114585811 : Checking image 2 crop y2 1749
1609108886114906632 : Checking image 1 dpi 300
1609108886114994238 : Checking image 1 border top 2922
1609108886115030540 : Checking image 1 border bottom 316
1609108886115065743 : Checking image 1 border left 224
1609108886115100245 : Checking image 1 border right 224
1609108886116359527 : Checking image 2 dpi 300
1609108886116439332 : Checking image 2 border top 1752
1609108886116490335 : Checking image 2 border bottom 1753
1609108886116536738 : Checking image 2 border left 1239
1609108886116568840 : Checking image 2 border right 1239

</system-out><system-err>--------------------------------- Captured Err ---------------------------------

</system-err></testcase><testcase classname="tests.test_images" name="test_wrong_split_line_3_png" time="58.107"><system-out>--------------------------------- Captured Log ---------------------------------

--------------------------------- Captured Out ---------------------------------
/home/runner/work/ocr-book/ocr-book/tests/wrong_split_line_3.png
1609108915295218392 : Checking separation double page angle 90.43729500214694
1609108915295327299 : Checking separation double page y=0 2498
1609108924977462042 : Checking page rotation 1 0.30000000000000004
1609108933182574286 : Checking page rotation 2 0.9
1609108936017487646 : Checking image 1 crop x1 331
1609108936017628955 : Checking image 1 crop y1 165
1609108936017667158 : Checking image 1 crop x2 2375
1609108936017705760 : Checking image 1 crop y2 3376
1609108938500844964 : Checking image 2 crop x1 102
1609108938500978072 : Checking image 2 crop y1 208
1609108938501017975 : Checking image 2 crop x2 2133
1609108938501058478 : Checking image 2 crop y2 3413
1609108938541485520 : Checking image 1 dpi 300
1609108938541606927 : Checking image 1 border top 157
1609108938541645730 : Checking image 1 border bottom 119
1609108938541680532 : Checking image 1 border left 208
1609108938541714435 : Checking image 1 border right 208
1609108938543499751 : Checking image 2 dpi 300
1609108938543592157 : Checking image 2 border top 187
1609108938543628160 : Checking image 2 border bottom 95
1609108938543661862 : Checking image 2 border left 214
1609108938543695664 : Checking image 2 border right 214

</system-out><system-err>--------------------------------- Captured Err ---------------------------------

</system-err></testcase><testcase classname="tests.test_images" name="test_failed_split_line_line_algo_2_png" time="66.427"><system-out>--------------------------------- Captured Log ---------------------------------

--------------------------------- Captured Out ---------------------------------
/home/runner/work/ocr-book/ocr-book/tests/failed_split_line_line_algo_2.png
1609108924903024890 : Checking separation double page angle 90.03068774449687
1609108924903136297 : Checking separation double page y=0 2500
1609108937421503146 : Checking page rotation 1 0.0
1609108947456505993 : Checking page rotation 2 0.6000000000000001
1609108949968571350 : Checking image 1 crop x1 272
1609108949968719260 : Checking image 1 crop y1 149
1609108949968760063 : Checking image 1 crop x2 2383
1609108949968796565 : Checking image 1 crop y2 3353
1609108952469612090 : Checking image 2 crop x1 121
1609108952469749799 : Checking image 2 crop y1 155
1609108952469787901 : Checking image 2 crop x2 2244
1609108952469824004 : Checking image 2 crop y2 3350
1609108952514059185 : Checking image 1 dpi 300
1609108952514185694 : Checking image 1 border top 138
1609108952514225296 : Checking image 1 border bottom 145
1609108952514260799 : Checking image 1 border left 174
1609108952514295201 : Checking image 1 border right 174
1609108952516169023 : Checking image 2 dpi 300
1609108952516259829 : Checking image 2 border top 136
1609108952516297031 : Checking image 2 border bottom 156
1609108952516331433 : Checking image 2 border left 168
1609108952516365536 : Checking image 2 border right 168

</system-out><system-err>--------------------------------- Captured Err ---------------------------------

</system-err></testcase><testcase classname="tests.test_images" name="test_crop_too_much_3_png" time="66.115"><system-out>--------------------------------- Captured Log ---------------------------------

--------------------------------- Captured Out ---------------------------------
/home/runner/work/ocr-book/ocr-book/tests/crop_too_much_3.png
1609108977467849004 : Checking separation double page angle 89.49330634783144
1609108977467958712 : Checking separation double page y=0 2498
1609108986188322530 : Checking page rotation 1 -0.8999999999999949
1609108998413434957 : Checking page rotation 2 -0.14999999999999067
1609109001492942713 : Checking image 1 crop x1 374
1609109001493083722 : Checking image 1 crop y1 258
1609109001493123724 : Checking image 1 crop x2 2385
1609109001493162127 : Checking image 1 crop y2 3459
1609109004578004174 : Checking image 2 crop x1 168
1609109004578139483 : Checking image 2 crop y1 228
1609109004578179786 : Checking image 2 crop x2 2181
1609109004578220389 : Checking image 2 crop y2 3417
1609109004652743154 : Checking image 1 dpi 300
1609109004652877163 : Checking image 1 border top 239
1609109004652915766 : Checking image 1 border bottom 47
1609109004652950268 : Checking image 1 border left 224
1609109004652984270 : Checking image 1 border right 224
1609109004654786388 : Checking image 2 dpi 300
1609109004654873294 : Checking image 2 border top 209
1609109004654908996 : Checking image 2 border bottom 89
1609109004654942098 : Checking image 2 border left 223
1609109004654975500 : Checking image 2 border right 223

</system-out><system-err>--------------------------------- Captured Err ---------------------------------

</system-err></testcase><testcase classname="tests.test_images" name="test_wrong_wave_split_line_2_png" time="71.011"><system-out>--------------------------------- Captured Log ---------------------------------

--------------------------------- Captured Out ---------------------------------
/home/runner/work/ocr-book/ocr-book/tests/wrong_wave_split_line_2.png
1609108992806186786 : Checking separation double page angle 90.7708958311329
1609108992806307794 : Checking separation double page y=0 2490
1609109002786983129 : Checking page rotation 1 0.4
1609109014641522462 : Checking page rotation 2 1.8
1609109017546135798 : Checking image 1 crop x1 224
1609109017546281308 : Checking image 1 crop y1 147
1609109017546322110 : Checking image 1 crop x2 2337
1609109017546360413 : Checking image 1 crop y2 3355
1609109023470296282 : Checking image 2 crop x1 107
1609109023470439891 : Checking image 2 crop y1 197
1609109023470481394 : Checking image 2 crop x2 2229
1609109023470519597 : Checking image 2 crop y2 3396
1609109023522155771 : Checking image 1 dpi 300
1609109023522284179 : Checking image 1 border top 137
1609109023522323581 : Checking image 1 border bottom 142
1609109023522359084 : Checking image 1 border left 173
1609109023522393086 : Checking image 1 border right 173
1609109023524217405 : Checking image 2 dpi 300
1609109023524304511 : Checking image 2 border top 171
1609109023524341213 : Checking image 2 border bottom 116
1609109023524375616 : Checking image 2 border left 169
1609109023524409518 : Checking image 2 border right 169

</system-out><system-err>--------------------------------- Captured Err ---------------------------------

</system-err></testcase><testcase classname="tests.test_images" name="test_wrong_wave_split_line_3_png" time="60.017"><system-out>--------------------------------- Captured Log ---------------------------------

--------------------------------- Captured Out ---------------------------------
/home/runner/work/ocr-book/ocr-book/tests/wrong_wave_split_line_3.png
1609109042459684549 : Checking separation double page angle 90.05826063695574
1609109042459798957 : Checking separation double page y=0 2514
1609109052224233119 : Checking page rotation 1 0.05
1609109059381427582 : Checking page rotation 2 0.30000000000000004
1609109062137425199 : Checking image 1 crop x1 273
1609109062137551107 : Checking image 1 crop y1 220
1609109062137615811 : Checking image 1 crop x2 2383
1609109062137653013 : Checking image 1 crop y2 3423
1609109064643601179 : Checking image 2 crop x1 114
1609109064643729188 : Checking image 2 crop y1 226
1609109064643766390 : Checking image 2 crop x2 2237
1609109064643803793 : Checking image 2 crop y2 3414
1609109064684710467 : Checking image 1 dpi 300
1609109064684829175 : Checking image 1 border top 202
1609109064684867978 : Checking image 1 border bottom 82
1609109064684902780 : Checking image 1 border left 175
1609109064684936682 : Checking image 1 border right 175
1609109064686713298 : Checking image 2 dpi 300
1609109064686800304 : Checking image 2 border top 207
1609109064686835906 : Checking image 2 border bottom 92
1609109064686869609 : Checking image 2 border left 168
1609109064686903411 : Checking image 2 border right 168

</system-out><system-err>--------------------------------- Captured Err ---------------------------------

</system-err></testcase><testcase classname="tests.test_images" name="test_no_split_line_wave_algo_png" time="68.369"><system-out>--------------------------------- Captured Log ---------------------------------

--------------------------------- Captured Out ---------------------------------
/home/runner/work/ocr-book/ocr-book/tests/no_split_line_wave_algo.png
1609109058173361686 : Checking separation double page angle 89.72500000000001
1609109058173482594 : Checking separation double page y=0 2484
1609109064525685969 : Checking page rotation 1 0.0
1609109074591772075 : Checking page rotation 2 -0.49999999999999434
1609109085215188328 : Checking image 1 crop x1 97
1609109085215273233 : Checking image 1 crop y1 79
1609109085215311136 : Checking image 1 crop x2 2494
1609109085215346938 : Checking image 1 crop y2 3505
1609109091812998985 : Checking image 2 crop x1 163
1609109091813128294 : Checking image 2 crop y1 266
1609109091813167396 : Checking image 2 crop x2 2238
1609109091813201999 : Checking image 2 crop y2 3381
1609109091857085468 : Checking image 1 dpi 300
1609109091857204976 : Checking image 1 border top 41
1609109091857244178 : Checking image 1 border bottom 41
1609109091857279280 : Checking image 1 border left 42
1609109091857313583 : Checking image 1 border right 42
1609109091859076698 : Checking image 2 dpi 300
1609109091859170404 : Checking image 2 border top 258
1609109091859202906 : Checking image 2 border bottom 114
1609109091859234208 : Checking image 2 border left 192
1609109091859265810 : Checking image 2 border right 192

</system-out><system-err>--------------------------------- Captured Err ---------------------------------

</system-err></testcase><testcase classname="tests.test_images" name="test_no_split_line_wave_algo_2_png" time="53.174"><system-out>--------------------------------- Captured Log ---------------------------------

--------------------------------- Captured Out ---------------------------------
/home/runner/work/ocr-book/ocr-book/tests/no_split_line_wave_algo_2.png
1609109095645357650 : Checking separation double page angle 90.54999999999998
1609109095645473757 : Checking separation double page y=0 2478
1609109104350260393 : Checking page rotation 1 1.1500000000000001
1609109112892121623 : Checking page rotation 2 0.2
1609109115464988399 : Checking image 1 crop x1 266
1609109115465125808 : Checking image 1 crop y1 209
1609109115465166110 : Checking image 1 crop x2 2342
1609109115465204613 : Checking image 1 crop y2 3413
1609109117816289723 : Checking image 2 crop x1 168
1609109117816423231 : Checking image 2 crop y1 241
1609109117816463934 : Checking image 2 crop x2 2251
1609109117816505237 : Checking image 2 crop y2 3433
1609109117860881544 : Checking image 1 dpi 300
1609109117861000751 : Checking image 1 border top 191
1609109117861039454 : Checking image 1 border bottom 92
1609109117861074756 : Checking image 1 border left 192
1609109117861108758 : Checking image 1 border right 192
1609109117862844272 : Checking image 2 dpi 300
1609109117862926878 : Checking image 2 border top 224
1609109117862966080 : Checking image 2 border bottom 71
1609109117862999582 : Checking image 2 border left 188
1609109117863033485 : Checking image 2 border right 188

</system-out><system-err>--------------------------------- Captured Err ---------------------------------

</system-err></testcase><testcase classname="tests.test_images" name="test_crop_too_few_2_png" time="51.469"><system-out>--------------------------------- Captured Log ---------------------------------

--------------------------------- Captured Out ---------------------------------
/home/runner/work/ocr-book/ocr-book/tests/crop_too_few_2.png
1609109122353285086 : Checking separation double page angle 90.30476192320097
1609109122353392893 : Checking separation double page y=0 2531
1609109130434421948 : Checking page rotation 1 1.2000000000000002
1609109136917150834 : Checking page rotation 2 -0.04999999999999689
1609109140147619247 : Checking image 1 crop x1 287
1609109140147775157 : Checking image 1 crop y1 165
1609109140147811559 : Checking image 1 crop x2 2398
1609109140147846062 : Checking image 1 crop y2 3368
1609109143352270362 : Checking image 2 crop x1 149
1609109143352402770 : Checking image 2 crop y1 189
1609109143352438873 : Checking image 2 crop x2 2273
1609109143352474175 : Checking image 2 crop y2 3386
1609109143390221642 : Checking image 1 dpi 300
1609109143390341950 : Checking image 1 border top 157
1609109143390381752 : Checking image 1 border bottom 127
1609109143390417454 : Checking image 1 border left 174
1609109143390451857 : Checking image 1 border right 174
1609109143392265175 : Checking image 2 dpi 300
1609109143392353681 : Checking image 2 border top 181
1609109143392389383 : Checking image 2 border bottom 109
1609109143392424486 : Checking image 2 border left 168
1609109143392458188 : Checking image 2 border right 168

</system-out><system-err>--------------------------------- Captured Err ---------------------------------

</system-err></testcase><testcase classname="tests.test_images" name="test_failed_detect_rectangle_png" time="65.225"><system-out>--------------------------------- Captured Log ---------------------------------

--------------------------------- Captured Out ---------------------------------
/home/runner/work/ocr-book/ocr-book/tests/failed_detect_rectangle.png
1609109155431001624 : Checking separation double page angle 90.19837516213148
1609109155431113031 : Checking separation double page y=0 2474
1609109165648961405 : Checking page rotation 1 0.2
1609109178429103835 : Checking page rotation 2 0.2
1609109180775094493 : Checking image 1 crop x1 257
1609109180775236102 : Checking image 1 crop y1 201
1609109180775277005 : Checking image 1 crop x2 2333
1609109180775316007 : Checking image 1 crop y2 3402
1609109183029675980 : Checking image 2 crop x1 136
1609109183029811589 : Checking image 2 crop y1 215
1609109183029851591 : Checking image 2 crop x2 2219
1609109183029891894 : Checking image 2 crop y2 3406
1609109183079987167 : Checking image 1 dpi 300
1609109183080112275 : Checking image 1 border top 188
1609109183080150577 : Checking image 1 border bottom 97
1609109183080185180 : Checking image 1 border left 192
1609109183080219582 : Checking image 1 border right 192
1609109183081970196 : Checking image 2 dpi 300
1609109183082056902 : Checking image 2 border top 200
1609109183082093404 : Checking image 2 border bottom 95
1609109183082127106 : Checking image 2 border left 188
1609109183082160309 : Checking image 2 border right 188

</system-out><system-err>--------------------------------- Captured Err ---------------------------------

</system-err></testcase><testcase classname="tests.test_images" name="test_single_page_png" time="26.895"><system-out>--------------------------------- Captured Log ---------------------------------

--------------------------------- Captured Out ---------------------------------
/home/runner/work/ocr-book/ocr-book/tests/single_page.png
1609109154920822894 : Checking separation double page angle 90.04999999999998
1609109154920950302 : Checking separation double page y=0 2476
1609109160779691360 : Checking page rotation 1 0.0
1609109161386201084 : Checking page rotation 2 0.0
1609109169332072937 : Checking image 1 crop x1 1
1609109169332167743 : Checking image 1 crop y1 8
1609109169332206445 : Checking image 1 crop x2 2470
1609109169332243148 : Checking image 1 crop y2 3505
1609109169937034995 : Checking image 2 crop x1 0
1609109169937114101 : Checking image 2 crop y1 0
1609109169937147903 : Checking image 2 crop x2 0
1609109169937180005 : Checking image 2 crop y2 0
1609109169937253710 : Checking image 1 dpi 300
1609109169937321714 : Checking image 1 border top 5
1609109169937357116 : Checking image 1 border bottom 5
1609109169937390819 : Checking image 1 border left 6
1609109169937424521 : Checking image 1 border right 6
1609109169943389210 : Checking image 2 border top 0
1609109169943464315 : Checking image 2 border bottom 0
1609109169943497517 : Checking image 2 border left 0
1609109169943530419 : Checking image 2 border right 0

</system-out><system-err>--------------------------------- Captured Err ---------------------------------

</system-err></testcase><testcase classname="tests.test_images" name="test_wrong_split_line_4_png" time="31.285"><system-out>--------------------------------- Captured Log ---------------------------------

--------------------------------- Captured Out ---------------------------------
/home/runner/work/ocr-book/ocr-book/tests/wrong_split_line_4.png
1609109188340505880 : Checking separation double page angle 91.04999999999998
1609109188340618088 : Checking separation double page y=0 60
1609109188623692848 : Checking page rotation 1 1.05
1609109197696594916 : Checking page rotation 2 1.1500000000000001
1609109198288871206 : Checking image 1 crop x1 0
1609109198288941210 : Checking image 1 crop y1 0
1609109198288972612 : Checking image 1 crop x2 0
1609109198289003014 : Checking image 1 crop y2 0
1609109201531468526 : Checking image 2 crop x1 292
1609109201531593835 : Checking image 2 crop y1 330
1609109201531632137 : Checking image 2 crop x2 2314
1609109201531665539 : Checking image 2 crop y2 3218
1609109201579067436 : Checking image 1 border top 0
1609109201579141941 : Checking image 1 border bottom 0
1609109201579178343 : Checking image 1 border left 0
1609109201579210945 : Checking image 1 border right 0
1609109201579273349 : Checking image 2 dpi 300
1609109201579349554 : Checking image 2 border top 322
1609109201579383956 : Checking image 2 border bottom 277
1609109201579416659 : Checking image 2 border left 219
1609109201579449461 : Checking image 2 border right 219

</system-out><system-err>--------------------------------- Captured Err ---------------------------------

</system-err></testcase><testcase classname="tests.test_images" name="test_no_split_line_wave_algo_3_png" time="19.581"><system-out>--------------------------------- Captured Log ---------------------------------

--------------------------------- Captured Out ---------------------------------
/home/runner/work/ocr-book/ocr-book/tests/no_split_line_wave_algo_3.png
1609109194203642641 : Checking separation double page angle 90.14999999999998
1609109194203760549 : Checking separation double page y=0 2408
1609109197263550027 : Checking page rotation 1 0.0
1609109197672934270 : Checking page rotation 2 0.35
1609109202095806491 : Checking image 1 crop x1 184
1609109202095923099 : Checking image 1 crop y1 2957
1609109202095960201 : Checking image 1 crop x2 2201
1609109202095994304 : Checking image 1 crop y2 3202
1609109202648161242 : Checking image 2 crop x1 0
1609109202648231947 : Checking image 2 crop y1 0
1609109202648263349 : Checking image 2 crop x2 0
1609109202648292451 : Checking image 2 crop y2 0
1609109202648372356 : Checking image 1 dpi 300
1609109202648448161 : Checking image 1 border top 2950
1609109202648481063 : Checking image 1 border bottom 292
1609109202648512665 : Checking image 1 border left 221
1609109202648544167 : Checking image 1 border right 221
1609109202653651601 : Checking image 2 border top 0
1609109202653709404 : Checking image 2 border bottom 0
1609109202653740506 : Checking image 2 border left 0
1609109202653775309 : Checking image 2 border right 0

</system-out><system-err>--------------------------------- Captured Err ---------------------------------

</system-err></testcase><testcase classname="tests.test_images" name="test_failed_split_line_line_algo_3_png" time="25.464"><system-out>--------------------------------- Captured Log ---------------------------------

--------------------------------- Captured Out ---------------------------------
/home/runner/work/ocr-book/ocr-book/tests/failed_split_line_line_algo_3.png
1609109215464088869 : Checking separation double page angle 90.0
1609109215464216878 : Checking separation double page y=0 40
1609109215636429094 : Checking page rotation 1 0.0
1609109220520171683 : Checking page rotation 2 0.0
1609109220940493698 : Checking image 1 crop x1 0
1609109220940560703 : Checking image 1 crop y1 0
1609109220940589505 : Checking image 1 crop x2 0
1609109220940616806 : Checking image 1 crop y2 0
1609109227059824687 : Checking image 2 crop x1 246
1609109227059946695 : Checking image 2 crop y1 154
1609109227059983397 : Checking image 2 crop x2 2259
1609109227060017599 : Checking image 2 crop y2 3361
1609109227099311622 : Checking image 1 border top 0
1609109227099401428 : Checking image 1 border bottom 0
1609109227099439530 : Checking image 1 border left 0
1609109227099481833 : Checking image 1 border right 0
1609109227099557538 : Checking image 2 dpi 300
1609109227099633243 : Checking image 2 border top 146
1609109227099665645 : Checking image 2 border bottom 134
1609109227099697047 : Checking image 2 border left 223
1609109227099727749 : Checking image 2 border right 223

</system-out><system-err>--------------------------------- Captured Err ---------------------------------

</system-err></testcase></testsuite></testsuites>