<?xml version="1.0" encoding="utf-8"?><testsuites><testsuite name="pytest" errors="0" failures="0" skipped="0" tests="36" time="848.858" timestamp="2020-12-28T17:44:49.943804" hostname="fv-az137-914"><testcase classname="tests.test_features" name="test_mock_stop_at_0" time="0.098"><system-out>--------------------------------- Captured Log ---------------------------------

--------------------------------- Captured Out ---------------------------------
/home/runner/work/ocr-book/ocr-book/tests/0001_0.png

</system-out><system-err>--------------------------------- Captured Err ---------------------------------

</system-err></testcase><testcase classname="tests.test_features" name="test_disabled_enable_debug" time="38.703"><system-out>--------------------------------- Captured Log ---------------------------------

--------------------------------- Captured Out ---------------------------------
/home/runner/work/ocr-book/ocr-book/tests/0001_debug.png
separation double page angle 90.5528088189967
separation double page y=0 2485
page rotation 1 0.5499999999999999
page rotation 2 0.2
image 1 crop x1 327
image 1 crop y1 334
image 1 crop x2 2346
image 1 crop y2 3221
image 2 crop x1 169
image 2 crop y1 648
image 2 crop x2 2186
image 2 crop y2 3361
image 1 dpi 300
image 1 border top 332
image 1 border bottom 268
image 1 border left 220
image 1 border right 220
image 2 dpi 300
image 2 border top 643
image 2 border bottom 131
image 2 border left 221
image 2 border right 221

</system-out><system-err>--------------------------------- Captured Err ---------------------------------

</system-err></testcase><testcase classname="tests.test_features" name="test_mock_stop_at_2" time="33.859"><system-out>--------------------------------- Captured Log ---------------------------------

--------------------------------- Captured Out ---------------------------------
/home/runner/work/ocr-book/ocr-book/tests/0001_2.png
separation double page angle 90.5528088189967
separation double page y=0 2485
page rotation 1 0.5499999999999999
page rotation 2 0.2

</system-out><system-err>--------------------------------- Captured Err ---------------------------------

</system-err></testcase><testcase classname="tests.test_features" name="test_mock_stop_at_4" time="37.754"><system-out>--------------------------------- Captured Log ---------------------------------

--------------------------------- Captured Out ---------------------------------
/home/runner/work/ocr-book/ocr-book/tests/0001_4.png
separation double page angle 90.5528088189967
separation double page y=0 2485
page rotation 1 0.5499999999999999
page rotation 2 0.2
image 1 crop x1 327
image 1 crop y1 334
image 1 crop x2 2346
image 1 crop y2 3221
image 2 crop x1 169
image 2 crop y1 648
image 2 crop x2 2186
image 2 crop y2 3361
image 1 dpi 300
image 1 border top 332
image 1 border bottom 268
image 1 border left 220
image 1 border right 220
image 2 dpi 300
image 2 border top 643
image 2 border bottom 131
image 2 border left 221
image 2 border right 221

</system-out><system-err>--------------------------------- Captured Err ---------------------------------

</system-err></testcase><testcase classname="tests.test_features" name="test_mock_stop_at_1" time="29.845"><system-out>--------------------------------- Captured Log ---------------------------------

--------------------------------- Captured Out ---------------------------------
/home/runner/work/ocr-book/ocr-book/tests/0001_1.png
separation double page angle 90.5528088189967
separation double page y=0 2485

</system-out><system-err>--------------------------------- Captured Err ---------------------------------

</system-err></testcase><testcase classname="tests.test_features" name="test_mock_stop_at_3" time="37.615"><system-out>--------------------------------- Captured Log ---------------------------------

--------------------------------- Captured Out ---------------------------------
/home/runner/work/ocr-book/ocr-book/tests/0001_3.png
separation double page angle 90.5528088189967
separation double page y=0 2485
page rotation 1 0.5499999999999999
page rotation 2 0.2
image 1 crop x1 327
image 1 crop y1 334
image 1 crop x2 2346
image 1 crop y2 3221
image 2 crop x1 169
image 2 crop y1 648
image 2 crop x2 2186
image 2 crop y2 3361

</system-out><system-err>--------------------------------- Captured Err ---------------------------------

</system-err></testcase><testcase classname="tests.test_images" name="test_0001_png" time="48.856"><system-out>--------------------------------- Captured Log ---------------------------------

--------------------------------- Captured Out ---------------------------------
/home/runner/work/ocr-book/ocr-book/tests/0001.png
1609177599314490095 : Checking separation double page angle 90.5528088189967
1609177599314661496 : Checking separation double page y=0 2485
1609177601891987907 : Checking page rotation 1 0.5499999999999999
1609177604854893658 : Checking page rotation 2 0.2
1609177608520631077 : Checking image 1 crop x1 327
1609177608520826178 : Checking image 1 crop y1 334
1609177608520890678 : Checking image 1 crop x2 2346
1609177608520986579 : Checking image 1 crop y2 3221
1609177611803112104 : Checking image 2 crop x1 169
1609177611803255905 : Checking image 2 crop y1 648
1609177611803303705 : Checking image 2 crop x2 2186
1609177611803343105 : Checking image 2 crop y2 3361
1609177611842280723 : Checking image 1 dpi 300
1609177611842543324 : Checking image 1 border top 332
1609177611842639025 : Checking image 1 border bottom 268
1609177611842676025 : Checking image 1 border left 220
1609177611842714725 : Checking image 1 border right 220
1609177611845071338 : Checking image 2 dpi 300
1609177611845159339 : Checking image 2 border top 643
1609177611845197539 : Checking image 2 border bottom 131
1609177611845233639 : Checking image 2 border left 221
1609177611845269839 : Checking image 2 border right 221

</system-out><system-err>--------------------------------- Captured Err ---------------------------------

</system-err></testcase><testcase classname="tests.test_features" name="test_mock_stop_at_5" time="37.348"><system-out>--------------------------------- Captured Log ---------------------------------

--------------------------------- Captured Out ---------------------------------
/home/runner/work/ocr-book/ocr-book/tests/0001_5.png
separation double page angle 90.5528088189967
separation double page y=0 2485
page rotation 1 0.5499999999999999
page rotation 2 0.2
image 1 crop x1 327
image 1 crop y1 334
image 1 crop x2 2346
image 1 crop y2 3221
image 2 crop x1 169
image 2 crop y1 648
image 2 crop x2 2186
image 2 crop y2 3361
image 1 dpi 300
image 1 border top 332
image 1 border bottom 268
image 1 border left 220
image 1 border right 220
image 2 dpi 300
image 2 border top 643
image 2 border bottom 131
image 2 border left 221
image 2 border right 221

</system-out><system-err>--------------------------------- Captured Err ---------------------------------

</system-err></testcase><testcase classname="tests.test_images" name="test_black_border_not_removed_png" time="50.156"><system-out>--------------------------------- Captured Log ---------------------------------

--------------------------------- Captured Out ---------------------------------
/home/runner/work/ocr-book/ocr-book/tests/black-border-not-removed.png
1609177648343256232 : Checking separation double page angle 90.033171103531
1609177648343368733 : Checking separation double page y=0 2455
1609177650823462745 : Checking page rotation 1 0.0
1609177653853629727 : Checking page rotation 2 0.05
1609177658124102734 : Checking image 1 crop x1 297
1609177658124285735 : Checking image 1 crop y1 143
1609177658124348936 : Checking image 1 crop x2 2309
1609177658124388636 : Checking image 1 crop y2 3346
1609177661933134505 : Checking image 2 crop x1 157
1609177661933267606 : Checking image 2 crop y1 145
1609177661933328706 : Checking image 2 crop x2 2170
1609177661933368407 : Checking image 2 crop y2 3351
1609177661986515866 : Checking image 1 dpi 300
1609177661986630667 : Checking image 1 border top 132
1609177661986672467 : Checking image 1 border bottom 152
1609177661986708968 : Checking image 1 border left 224
1609177661986748068 : Checking image 1 border right 224
1609177661988943983 : Checking image 2 dpi 300
1609177661989003883 : Checking image 2 border top 134
1609177661989040883 : Checking image 2 border bottom 147
1609177661989076384 : Checking image 2 border left 223
1609177661989111684 : Checking image 2 border right 223

</system-out><system-err>--------------------------------- Captured Err ---------------------------------

</system-err></testcase><testcase classname="tests.test_images" name="test_2_pages_2_contours_png" time="34.678"><system-out>--------------------------------- Captured Log ---------------------------------

--------------------------------- Captured Out ---------------------------------
/home/runner/work/ocr-book/ocr-book/tests/2-pages-2-contours.png
1609177659675616031 : Checking separation double page angle 90.09036871657068
1609177659675763432 : Checking separation double page y=0 2486
1609177661557796166 : Checking page rotation 1 0.0
1609177664019148319 : Checking page rotation 2 0.2
1609177665989627753 : Checking image 1 crop x1 1191
1609177665989752654 : Checking image 1 crop y1 1750
1609177665989791755 : Checking image 1 crop x2 1192
1609177665989844555 : Checking image 1 crop y2 1751
1609177669451596589 : Checking image 2 crop x1 99
1609177669451735290 : Checking image 2 crop y1 240
1609177669451780490 : Checking image 2 crop x2 2147
1609177669451821391 : Checking image 2 crop y2 3240
1609177669487463232 : Checking image 1 dpi 300
1609177669487554232 : Checking image 1 border top 1752
1609177669487592733 : Checking image 1 border bottom 1753
1609177669487627633 : Checking image 1 border left 1239
1609177669487662533 : Checking image 1 border right 1239
1609177669488890342 : Checking image 2 dpi 300
1609177669488950542 : Checking image 2 border top 229
1609177669488986042 : Checking image 2 border bottom 258
1609177669489021542 : Checking image 2 border left 206
1609177669489055343 : Checking image 2 border right 206

</system-out><system-err>--------------------------------- Captured Err ---------------------------------

</system-err></testcase><testcase classname="tests.test_images" name="test_image_failed_to_rotate_png" time="66.076"><system-out>--------------------------------- Captured Log ---------------------------------

--------------------------------- Captured Out ---------------------------------
/home/runner/work/ocr-book/ocr-book/tests/image_failed_to_rotate.png
1609177702591037226 : Checking separation double page angle 90.26767669076624
1609177702591244428 : Checking separation double page y=0 2480
1609177707113076996 : Checking page rotation 1 0.45
1609177710074613727 : Checking page rotation 2 0.2
1609177723091868460 : Checking image 1 crop x1 31
1609177723092006761 : Checking image 1 crop y1 1
1609177723092052661 : Checking image 1 crop x2 2478
1609177723092094661 : Checking image 1 crop y2 3504
1609177727921380496 : Checking image 2 crop x1 169
1609177727921523497 : Checking image 2 crop y1 231
1609177727921569898 : Checking image 2 crop x2 2257
1609177727921619998 : Checking image 2 crop y2 3358
1609177727966451286 : Checking image 1 dpi 300
1609177727966573387 : Checking image 1 border top 2
1609177727966618687 : Checking image 1 border bottom 2
1609177727966656087 : Checking image 1 border left 17
1609177727966695488 : Checking image 1 border right 17
1609177727968933802 : Checking image 2 dpi 300
1609177727968997302 : Checking image 2 border top 218
1609177727969033503 : Checking image 2 border bottom 142
1609177727969068803 : Checking image 2 border left 186
1609177727969103703 : Checking image 2 border right 186

</system-out><system-err>--------------------------------- Captured Err ---------------------------------

</system-err></testcase><testcase classname="tests.test_images" name="test_wrong_split_line_png" time="42.485"><system-out>--------------------------------- Captured Log ---------------------------------

--------------------------------- Captured Out ---------------------------------
/home/runner/work/ocr-book/ocr-book/tests/wrong_split_line.png
1609177700995747664 : Checking separation double page angle 89.93395720607973
1609177700995861165 : Checking separation double page y=0 2465
1609177703357606606 : Checking page rotation 1 -0.04999999999999689
1609177705750571949 : Checking page rotation 2 0.5499999999999999
1609177708375439393 : Checking image 1 crop x1 211
1609177708375560794 : Checking image 1 crop y1 156
1609177708375601194 : Checking image 1 crop x2 2323
1609177708375637995 : Checking image 1 crop y2 3363
1609177711928641266 : Checking image 2 crop x1 125
1609177711928783067 : Checking image 2 crop y1 166
1609177711928828667 : Checking image 2 crop x2 2236
1609177711928869668 : Checking image 2 crop y2 3373
1609177711966331711 : Checking image 1 dpi 300
1609177711966454512 : Checking image 1 border top 134
1609177711966497512 : Checking image 1 border bottom 146
1609177711966534312 : Checking image 1 border left 174
1609177711966570912 : Checking image 1 border right 174
1609177711968616226 : Checking image 2 dpi 300
1609177711968700926 : Checking image 2 border top 146
1609177711968738727 : Checking image 2 border bottom 134
1609177711968774627 : Checking image 2 border left 174
1609177711968850827 : Checking image 2 border right 174

</system-out><system-err>--------------------------------- Captured Err ---------------------------------

</system-err></testcase><testcase classname="tests.test_images" name="test_crop_too_much_png" time="60.005"><system-out>--------------------------------- Captured Log ---------------------------------

--------------------------------- Captured Out ---------------------------------
/home/runner/work/ocr-book/ocr-book/tests/crop_too_much.png
1609177758547329496 : Checking separation double page angle 90.13239409272954
1609177758547455396 : Checking separation double page y=0 2455
1609177761804607410 : Checking page rotation 1 0.0
1609177764918797542 : Checking page rotation 2 0.2
1609177768663012105 : Checking image 1 crop x1 303
1609177768663159806 : Checking image 1 crop y1 148
1609177768663204106 : Checking image 1 crop x2 2313
1609177768663242107 : Checking image 1 crop y2 3351
1609177771898038913 : Checking image 2 crop x1 162
1609177771898167514 : Checking image 2 crop y1 151
1609177771898212515 : Checking image 2 crop x2 2186
1609177771898253315 : Checking image 2 crop y2 3363
1609177771949582543 : Checking image 1 dpi 300
1609177771949696844 : Checking image 1 border top 132
1609177771949745444 : Checking image 1 border bottom 152
1609177771949782645 : Checking image 1 border left 225
1609177771949819645 : Checking image 1 border right 225
1609177771952097460 : Checking image 2 dpi 300
1609177771952161360 : Checking image 2 border top 132
1609177771952198360 : Checking image 2 border bottom 143
1609177771952232560 : Checking image 2 border left 218
1609177771952266961 : Checking image 2 border right 218

</system-out><system-err>--------------------------------- Captured Err ---------------------------------

</system-err></testcase><testcase classname="tests.test_images" name="test_image_failed_to_crop_data_png" time="72.802"><system-out>--------------------------------- Captured Log ---------------------------------

--------------------------------- Captured Out ---------------------------------
/home/runner/work/ocr-book/ocr-book/tests/image_failed_to_crop_data.png
1609177769943460201 : Checking separation double page angle 90.053197600644
1609177769943577002 : Checking separation double page y=0 2480
1609177777363889204 : Checking page rotation 1 0.15000000000000002
1609177780051898486 : Checking page rotation 2 0.0
1609177796561890202 : Checking image 1 crop x1 51
1609177796562134804 : Checking image 1 crop y1 7
1609177796562203904 : Checking image 1 crop x2 2478
1609177796562246905 : Checking image 1 crop y2 3505
1609177800767616292 : Checking image 2 crop x1 160
1609177800767758793 : Checking image 2 crop y1 217
1609177800767804693 : Checking image 2 crop x2 2242
1609177800767846093 : Checking image 2 crop y2 3350
1609177800803359819 : Checking image 1 dpi 300
1609177800803523920 : Checking image 1 border top 5
1609177800803568120 : Checking image 1 border bottom 5
1609177800803604920 : Checking image 1 border left 27
1609177800803643721 : Checking image 1 border right 27
1609177800805711834 : Checking image 2 dpi 300
1609177800805815534 : Checking image 2 border top 206
1609177800805887235 : Checking image 2 border bottom 148
1609177800805926735 : Checking image 2 border left 189
1609177800805963135 : Checking image 2 border right 189

</system-out><system-err>--------------------------------- Captured Err ---------------------------------

</system-err></testcase><testcase classname="tests.test_images" name="test_crop_too_few_png" time="42.469"><system-out>--------------------------------- Captured Log ---------------------------------

--------------------------------- Captured Out ---------------------------------
/home/runner/work/ocr-book/ocr-book/tests/crop_too_few.png
1609177803013248074 : Checking separation double page angle 89.54670238452755
1609177803013360975 : Checking separation double page y=0 2512
1609177805452701903 : Checking page rotation 1 -0.6000000000000009
1609177807941535039 : Checking page rotation 2 0.0
1609177811160805714 : Checking image 1 crop x1 263
1609177811160935710 : Checking image 1 crop y1 150
1609177811160979708 : Checking image 1 crop x2 2379
1609177811161017307 : Checking image 1 crop y2 3358
1609177814418112075 : Checking image 2 crop x1 137
1609177814418259371 : Checking image 2 crop y1 141
1609177814418343368 : Checking image 2 crop x2 2259
1609177814418386867 : Checking image 2 crop y2 3345
1609177814453831042 : Checking image 1 dpi 300
1609177814453950038 : Checking image 1 border top 130
1609177814453991837 : Checking image 1 border bottom 149
1609177814454027536 : Checking image 1 border left 172
1609177814454063135 : Checking image 1 border right 172
1609177814456048972 : Checking image 2 dpi 300
1609177814456109470 : Checking image 2 border top 130
1609177814456145369 : Checking image 2 border bottom 153
1609177814456178868 : Checking image 2 border left 169
1609177814456212567 : Checking image 2 border right 169

</system-out><system-err>--------------------------------- Captured Err ---------------------------------

</system-err></testcase><testcase classname="tests.test_images" name="test_wrong_angle_split_line_png" time="68.865"><system-out>--------------------------------- Captured Log ---------------------------------

--------------------------------- Captured Out ---------------------------------
/home/runner/work/ocr-book/ocr-book/tests/wrong_angle_split_line.png
1609177838207913241 : Checking separation double page angle 90.09193420006348
1609177838208030942 : Checking separation double page y=0 2478
1609177844318356211 : Checking page rotation 1 0.1
1609177848247740817 : Checking page rotation 2 0.1
1609177862554617431 : Checking image 1 crop x1 58
1609177862554755931 : Checking image 1 crop y1 6
1609177862554800431 : Checking image 1 crop x2 2476
1609177862554840631 : Checking image 1 crop y2 3501
1609177868706193314 : Checking image 2 crop x1 166
1609177868706344216 : Checking image 2 crop y1 218
1609177868706411716 : Checking image 2 crop x2 2244
1609177868706491217 : Checking image 2 crop y2 3349
1609177868880944004 : Checking image 1 dpi 300
1609177868881052304 : Checking image 1 border top 6
1609177868881108505 : Checking image 1 border bottom 6
1609177868881158805 : Checking image 1 border left 31
1609177868881196806 : Checking image 1 border right 31
1609177868893954407 : Checking image 2 dpi 300
1609177868894045608 : Checking image 2 border top 207
1609177868894081308 : Checking image 2 border bottom 149
1609177868894113608 : Checking image 2 border left 191
1609177868894145609 : Checking image 2 border right 191

</system-out><system-err>--------------------------------- Captured Err ---------------------------------

</system-err></testcase><testcase classname="tests.test_images" name="test_crop_too_much_2_png" time="66.997"><system-out>--------------------------------- Captured Log ---------------------------------

--------------------------------- Captured Out ---------------------------------
/home/runner/work/ocr-book/ocr-book/tests/crop_too_much_2.png
1609177865616394051 : Checking separation double page angle 90.1149074900787
1609177865616500852 : Checking separation double page y=0 2478
1609177868890148277 : Checking page rotation 1 0.15000000000000002
1609177872290895813 : Checking page rotation 2 0.2
1609177876467319808 : Checking image 1 crop x1 330
1609177876467458610 : Checking image 1 crop y1 132
1609177876467504210 : Checking image 1 crop x2 2342
1609177876467545111 : Checking image 1 crop y2 3335
1609177881356703946 : Checking image 2 crop x1 162
1609177881356869848 : Checking image 2 crop y1 139
1609177881356914849 : Checking image 2 crop x2 2175
1609177881356955750 : Checking image 2 crop y2 3345
1609177881413596211 : Checking image 1 dpi 300
1609177881413736513 : Checking image 1 border top 122
1609177881413779314 : Checking image 1 border bottom 162
1609177881413815314 : Checking image 1 border left 224
1609177881413851015 : Checking image 1 border right 224
1609177881416139849 : Checking image 2 dpi 300
1609177881416212451 : Checking image 2 border top 130
1609177881416250051 : Checking image 2 border bottom 151
1609177881416306852 : Checking image 2 border left 223
1609177881416343353 : Checking image 2 border right 223

</system-out><system-err>--------------------------------- Captured Err ---------------------------------

</system-err></testcase><testcase classname="tests.test_images" name="test_angle_page_lower_split_line_png" time="49.260"><system-out>--------------------------------- Captured Log ---------------------------------

--------------------------------- Captured Out ---------------------------------
/home/runner/work/ocr-book/ocr-book/tests/angle_page_lower_split_line.png
1609177905936499467 : Checking separation double page angle 89.74927707086691
1609177905936618368 : Checking separation double page y=0 2474
1609177908983874834 : Checking page rotation 1 -0.14999999999999067
1609177911868944671 : Checking page rotation 2 0.1
1609177915642588739 : Checking image 1 crop x1 241
1609177915642742640 : Checking image 1 crop y1 156
1609177915642806840 : Checking image 1 crop x2 2357
1609177915642844741 : Checking image 1 crop y2 3368
1609177918981651212 : Checking image 2 crop x1 149
1609177918981839913 : Checking image 2 crop y1 146
1609177918981894214 : Checking image 2 crop x2 2259
1609177918981936714 : Checking image 2 crop y2 3351
1609177919021347875 : Checking image 1 dpi 300
1609177919021495376 : Checking image 1 border top 140
1609177919021533976 : Checking image 1 border bottom 135
1609177919021586676 : Checking image 1 border left 172
1609177919021623076 : Checking image 1 border right 172
1609177919024371295 : Checking image 2 dpi 300
1609177919024439895 : Checking image 2 border top 129
1609177919024478595 : Checking image 2 border bottom 152
1609177919024513696 : Checking image 2 border left 175
1609177919024548096 : Checking image 2 border right 175

</system-out><system-err>--------------------------------- Captured Err ---------------------------------

</system-err></testcase><testcase classname="tests.test_images" name="test_wrong_split_line_2_png" time="67.681"><system-out>--------------------------------- Captured Log ---------------------------------

--------------------------------- Captured Out ---------------------------------
/home/runner/work/ocr-book/ocr-book/tests/wrong_split_line_2.png
1609177927736305469 : Checking separation double page angle 90.19944704411863
1609177927736418570 : Checking separation double page y=0 2437
1609177931309158728 : Checking page rotation 1 0.2
1609177934679312021 : Checking page rotation 2 0.2
1609177940544565353 : Checking image 1 crop x1 294
1609177940544700354 : Checking image 1 crop y1 136
1609177940544743054 : Checking image 1 crop x2 2325
1609177940544784555 : Checking image 1 crop y2 3376
1609177949049882584 : Checking image 2 crop x1 136
1609177949050024985 : Checking image 2 crop y1 190
1609177949050078985 : Checking image 2 crop x2 2172
1609177949050120086 : Checking image 2 crop y2 3389
1609177949101349012 : Checking image 1 dpi 300
1609177949101456913 : Checking image 1 border top 131
1609177949101499413 : Checking image 1 border bottom 116
1609177949101536614 : Checking image 1 border left 214
1609177949101573514 : Checking image 1 border right 214
1609177949103523426 : Checking image 2 dpi 300
1609177949103587627 : Checking image 2 border top 181
1609177949103625827 : Checking image 2 border bottom 107
1609177949103661227 : Checking image 2 border left 212
1609177949103696927 : Checking image 2 border right 212

</system-out><system-err>--------------------------------- Captured Err ---------------------------------

</system-err></testcase><testcase classname="tests.test_images" name="test_wrong_wave_split_line_png" time="67.220"><system-out>--------------------------------- Captured Log ---------------------------------

--------------------------------- Captured Out ---------------------------------
/home/runner/work/ocr-book/ocr-book/tests/wrong_wave_split_line.png
1609177965023512711 : Checking separation double page angle 90.37878604107719
1609177965023706512 : Checking separation double page y=0 2500
1609177968039608743 : Checking page rotation 1 -0.14999999999999067
1609177971042387009 : Checking page rotation 2 0.9
1609177978832699804 : Checking image 1 crop x1 385
1609177978832855005 : Checking image 1 crop y1 179
1609177978832901506 : Checking image 1 crop x2 2411
1609177978832941106 : Checking image 1 crop y2 3374
1609177986177886052 : Checking image 2 crop x1 17
1609177986178101754 : Checking image 2 crop y1 8
1609177986178153754 : Checking image 2 crop x2 2399
1609177986178196754 : Checking image 2 crop y2 3391
1609177986233193107 : Checking image 1 dpi 300
1609177986233312608 : Checking image 1 border top 173
1609177986233355708 : Checking image 1 border bottom 119
1609177986233399008 : Checking image 1 border left 217
1609177986233438808 : Checking image 1 border right 217
1609177986235359621 : Checking image 2 dpi 300
1609177986235432721 : Checking image 2 border top 0
1609177986235474321 : Checking image 2 border bottom 114
1609177986235509422 : Checking image 2 border left 49
1609177986235544522 : Checking image 2 border right 49

</system-out><system-err>--------------------------------- Captured Err ---------------------------------

</system-err></testcase><testcase classname="tests.test_images" name="test_small_wave_png" time="61.797"><system-out>--------------------------------- Captured Log ---------------------------------

--------------------------------- Captured Out ---------------------------------
/home/runner/work/ocr-book/ocr-book/tests/small_wave.png
1609177999103686060 : Checking separation double page angle 90.58816928841564
1609177999103841061 : Checking separation double page y=0 2497
1609178002597184253 : Checking page rotation 1 0.65
1609178005435086938 : Checking page rotation 2 0.65
1609178008196757007 : Checking image 1 crop x1 320
1609178008196906508 : Checking image 1 crop y1 199
1609178008196950608 : Checking image 1 crop x2 2353
1609178008196988009 : Checking image 1 crop y2 3394
1609178010850416389 : Checking image 2 crop x1 130
1609178010850542090 : Checking image 2 crop y1 222
1609178010850586990 : Checking image 2 crop x2 2163
1609178010850627691 : Checking image 2 crop y2 3420
1609178010894965521 : Checking image 1 dpi 300
1609178010895128223 : Checking image 1 border top 179
1609178010895187623 : Checking image 1 border bottom 112
1609178010895224623 : Checking image 1 border left 213
1609178010895276824 : Checking image 1 border right 213
1609178010897457240 : Checking image 2 dpi 300
1609178010897515140 : Checking image 2 border top 197
1609178010897551241 : Checking image 2 border bottom 92
1609178010897584941 : Checking image 2 border left 213
1609178010897618641 : Checking image 2 border right 213

</system-out><system-err>--------------------------------- Captured Err ---------------------------------

</system-err></testcase><testcase classname="tests.test_images" name="test_no_split_line_line_algo_png" time="46.239"><system-out>--------------------------------- Captured Log ---------------------------------

--------------------------------- Captured Out ---------------------------------
/home/runner/work/ocr-book/ocr-book/tests/no_split_line_line_algo.png
1609178018385450728 : Checking separation double page angle 89.47691469185418
1609178018385563829 : Checking separation double page y=0 2476
1609178020862168234 : Checking page rotation 1 -0.14999999999999067
1609178024083328161 : Checking page rotation 2 -0.14999999999999067
1609178026839237008 : Checking image 1 crop x1 205
1609178026839377609 : Checking image 1 crop y1 158
1609178026839422610 : Checking image 1 crop x2 2320
1609178026839463610 : Checking image 1 crop y2 3366
1609178032440244418 : Checking image 2 crop x1 185
1609178032440378719 : Checking image 2 crop y1 225
1609178032440439319 : Checking image 2 crop x2 2204
1609178032440495920 : Checking image 2 crop y2 3362
1609178032488395751 : Checking image 1 dpi 300
1609178032488505651 : Checking image 1 border top 144
1609178032488551552 : Checking image 1 border bottom 134
1609178032488587552 : Checking image 1 border left 172
1609178032488625152 : Checking image 1 border right 172
1609178032491366771 : Checking image 2 dpi 300
1609178032491496672 : Checking image 2 border top 223
1609178032491536372 : Checking image 2 border bottom 127
1609178032491572073 : Checking image 2 border left 220
1609178032491608373 : Checking image 2 border right 220

</system-out><system-err>--------------------------------- Captured Err ---------------------------------

</system-err></testcase><testcase classname="tests.test_images" name="test_wrong_split_line_3_png" time="48.259"><system-out>--------------------------------- Captured Log ---------------------------------

--------------------------------- Captured Out ---------------------------------
/home/runner/work/ocr-book/ocr-book/tests/wrong_split_line_3.png
1609178048059017464 : Checking separation double page angle 90.43729500214694
1609178048059129164 : Checking separation double page y=0 2498
1609178050900265707 : Checking page rotation 1 0.2
1609178053385752780 : Checking page rotation 2 0.85
1609178056171570855 : Checking image 1 crop x1 331
1609178056171701056 : Checking image 1 crop y1 166
1609178056171746556 : Checking image 1 crop x2 2377
1609178056171792557 : Checking image 1 crop y2 3375
1609178059154801284 : Checking image 2 crop x1 102
1609178059154928785 : Checking image 2 crop y1 207
1609178059154972085 : Checking image 2 crop x2 2135
1609178059155012385 : Checking image 2 crop y2 3414
1609178059195318937 : Checking image 1 dpi 300
1609178059195450337 : Checking image 1 border top 158
1609178059195491938 : Checking image 1 border bottom 120
1609178059195527638 : Checking image 1 border left 207
1609178059195563038 : Checking image 1 border right 207
1609178059197761252 : Checking image 2 dpi 300
1609178059197862253 : Checking image 2 border top 186
1609178059197940053 : Checking image 2 border bottom 94
1609178059197973753 : Checking image 2 border left 213
1609178059198007053 : Checking image 2 border right 213

</system-out><system-err>--------------------------------- Captured Err ---------------------------------

</system-err></testcase><testcase classname="tests.test_images" name="test_failed_split_line_line_algo_png" time="30.206"><system-out>--------------------------------- Captured Log ---------------------------------

--------------------------------- Captured Out ---------------------------------
/home/runner/work/ocr-book/ocr-book/tests/failed_split_line_line_algo.png
1609178054043156363 : Checking separation double page angle 90.04134220573248
1609178054043272464 : Checking separation double page y=0 2573
1609178056111187552 : Checking page rotation 1 -0.09999999999999377
1609178057895477821 : Checking page rotation 2 0.1
1609178060849836466 : Checking image 1 crop x1 408
1609178060849974367 : Checking image 1 crop y1 2926
1609178060850017068 : Checking image 1 crop x2 2420
1609178060850074368 : Checking image 1 crop y2 3173
1609178062726331782 : Checking image 2 crop x1 1184
1609178062726454283 : Checking image 2 crop y1 1745
1609178062726493283 : Checking image 2 crop x2 1185
1609178062726529083 : Checking image 2 crop y2 1746
1609178062726885085 : Checking image 1 dpi 300
1609178062726972286 : Checking image 1 border top 2922
1609178062727028786 : Checking image 1 border bottom 318
1609178062727079887 : Checking image 1 border left 224
1609178062727115787 : Checking image 1 border right 224
1609178062728392195 : Checking image 2 dpi 300
1609178062728447895 : Checking image 2 border top 1753
1609178062728485495 : Checking image 2 border bottom 1753
1609178062728537296 : Checking image 2 border left 1239
1609178062728573196 : Checking image 2 border right 1239

</system-out><system-err>--------------------------------- Captured Err ---------------------------------

</system-err></testcase><testcase classname="tests.test_images" name="test_crop_too_much_3_png" time="54.794"><system-out>--------------------------------- Captured Log ---------------------------------

--------------------------------- Captured Out ---------------------------------
/home/runner/work/ocr-book/ocr-book/tests/crop_too_much_3.png
1609178101147268572 : Checking separation double page angle 89.49330634783144
1609178101147443673 : Checking separation double page y=0 2498
1609178103755591310 : Checking page rotation 1 -0.8999999999999949
1609178106884159697 : Checking page rotation 2 -0.14999999999999067
1609178110405533058 : Checking image 1 crop x1 374
1609178110405723159 : Checking image 1 crop y1 258
1609178110405792759 : Checking image 1 crop x2 2385
1609178110405832760 : Checking image 1 crop y2 3459
1609178113929098732 : Checking image 2 crop x1 168
1609178113929241433 : Checking image 2 crop y1 228
1609178113929283333 : Checking image 2 crop x2 2181
1609178113929322733 : Checking image 2 crop y2 3417
1609178113979754658 : Checking image 1 dpi 300
1609178113979878058 : Checking image 1 border top 239
1609178113979921759 : Checking image 1 border bottom 47
1609178113979958459 : Checking image 1 border left 224
1609178113979997059 : Checking image 1 border right 224
1609178113982219774 : Checking image 2 dpi 300
1609178113982278874 : Checking image 2 border top 209
1609178113982350874 : Checking image 2 border bottom 89
1609178113982385775 : Checking image 2 border left 223
1609178113982423675 : Checking image 2 border right 223

</system-out><system-err>--------------------------------- Captured Err ---------------------------------

</system-err></testcase><testcase classname="tests.test_images" name="test_failed_split_line_line_algo_2_png" time="54.406"><system-out>--------------------------------- Captured Log ---------------------------------

--------------------------------- Captured Out ---------------------------------
/home/runner/work/ocr-book/ocr-book/tests/failed_split_line_line_algo_2.png
1609178105498109426 : Checking separation double page angle 90.03068774449687
1609178105498327027 : Checking separation double page y=0 2500
1609178108525746908 : Checking page rotation 1 0.05
1609178111228115874 : Checking page rotation 2 0.5499999999999999
1609178114247214578 : Checking image 1 crop x1 271
1609178114247356979 : Checking image 1 crop y1 149
1609178114247401179 : Checking image 1 crop x2 2382
1609178114247439779 : Checking image 1 crop y2 3354
1609178117047204984 : Checking image 2 crop x1 120
1609178117047349085 : Checking image 2 crop y1 155
1609178117047394786 : Checking image 2 crop x2 2244
1609178117047436386 : Checking image 2 crop y2 3350
1609178117092606976 : Checking image 1 dpi 300
1609178117092729377 : Checking image 1 border top 141
1609178117092771577 : Checking image 1 border bottom 141
1609178117092809178 : Checking image 1 border left 174
1609178117092848778 : Checking image 1 border right 174
1609178117095126593 : Checking image 2 dpi 300
1609178117095192293 : Checking image 2 border top 140
1609178117095229793 : Checking image 2 border bottom 152
1609178117095265594 : Checking image 2 border left 168
1609178117095301394 : Checking image 2 border right 168

</system-out><system-err>--------------------------------- Captured Err ---------------------------------

</system-err></testcase><testcase classname="tests.test_images" name="test_wrong_wave_split_line_2_png" time="58.610"><system-out>--------------------------------- Captured Log ---------------------------------

--------------------------------- Captured Out ---------------------------------
/home/runner/work/ocr-book/ocr-book/tests/wrong_wave_split_line_2.png
1609178159769736354 : Checking separation double page angle 90.7708958311329
1609178159769840055 : Checking separation double page y=0 2490
1609178162718665240 : Checking page rotation 1 0.2
1609178165565111622 : Checking page rotation 2 1.65
1609178168411209702 : Checking image 1 crop x1 227
1609178168411331303 : Checking image 1 crop y1 147
1609178168411373803 : Checking image 1 crop x2 2342
1609178168411411904 : Checking image 1 crop y2 3353
1609178172532731846 : Checking image 2 crop x1 106
1609178172532853046 : Checking image 2 crop y1 195
1609178172532922747 : Checking image 2 crop x2 2231
1609178172532981247 : Checking image 2 crop y2 3398
1609178172589851703 : Checking image 1 dpi 300
1609178172589971703 : Checking image 1 border top 136
1609178172590014004 : Checking image 1 border bottom 145
1609178172590050904 : Checking image 1 border left 172
1609178172590087404 : Checking image 1 border right 172
1609178172592150117 : Checking image 2 dpi 300
1609178172592213217 : Checking image 2 border top 165
1609178172592250318 : Checking image 2 border bottom 118
1609178172592285718 : Checking image 2 border left 167
1609178172592324118 : Checking image 2 border right 167

</system-out><system-err>--------------------------------- Captured Err ---------------------------------

</system-err></testcase><testcase classname="tests.test_images" name="test_wrong_wave_split_line_3_png" time="53.318"><system-out>--------------------------------- Captured Log ---------------------------------

--------------------------------- Captured Out ---------------------------------
/home/runner/work/ocr-book/ocr-book/tests/wrong_wave_split_line_3.png
1609178159039060053 : Checking separation double page angle 90.05826063695574
1609178159039179253 : Checking separation double page y=0 2514
1609178162088266248 : Checking page rotation 1 0.0
1609178164546561865 : Checking page rotation 2 0.2
1609178167707629989 : Checking image 1 crop x1 274
1609178167707772290 : Checking image 1 crop y1 221
1609178167707817490 : Checking image 1 crop x2 2383
1609178167707862791 : Checking image 1 crop y2 3422
1609178170391789669 : Checking image 2 crop x1 112
1609178170391928070 : Checking image 2 crop y1 225
1609178170391972270 : Checking image 2 crop x2 2238
1609178170392013270 : Checking image 2 crop y2 3415
1609178170432997526 : Checking image 1 dpi 300
1609178170433108627 : Checking image 1 border top 201
1609178170433149827 : Checking image 1 border bottom 85
1609178170433186127 : Checking image 1 border left 175
1609178170433241328 : Checking image 1 border right 175
1609178170435218040 : Checking image 2 dpi 300
1609178170435284841 : Checking image 2 border top 207
1609178170435322041 : Checking image 2 border bottom 90
1609178170435356641 : Checking image 2 border left 167
1609178170435394041 : Checking image 2 border right 167

</system-out><system-err>--------------------------------- Captured Err ---------------------------------

</system-err></testcase><testcase classname="tests.test_images" name="test_no_split_line_wave_algo_2_png" time="44.686"><system-out>--------------------------------- Captured Log ---------------------------------

--------------------------------- Captured Out ---------------------------------
/home/runner/work/ocr-book/ocr-book/tests/no_split_line_wave_algo_2.png
1609178204435757810 : Checking separation double page angle 90.54999999999998
1609178204435890610 : Checking separation double page y=0 2478
1609178207008419560 : Checking page rotation 1 1.0999999999999999
1609178209654385469 : Checking page rotation 2 0.2
1609178212494863748 : Checking image 1 crop x1 266
1609178212495002047 : Checking image 1 crop y1 210
1609178212495046247 : Checking image 1 crop x2 2342
1609178212495086347 : Checking image 1 crop y2 3413
1609178215079908327 : Checking image 2 crop x1 168
1609178215080047928 : Checking image 2 crop y1 241
1609178215080093828 : Checking image 2 crop x2 2251
1609178215080133928 : Checking image 2 crop y2 3433
1609178215121993997 : Checking image 1 dpi 300
1609178215122137197 : Checking image 1 border top 192
1609178215122177498 : Checking image 1 border bottom 91
1609178215122230498 : Checking image 1 border left 192
1609178215122269198 : Checking image 1 border right 192
1609178215125153917 : Checking image 2 dpi 300
1609178215125234817 : Checking image 2 border top 224
1609178215125274418 : Checking image 2 border bottom 71
1609178215125310018 : Checking image 2 border left 188
1609178215125351118 : Checking image 2 border right 188

</system-out><system-err>--------------------------------- Captured Err ---------------------------------

</system-err></testcase><testcase classname="tests.test_images" name="test_no_split_line_wave_algo_png" time="68.383"><system-out>--------------------------------- Captured Log ---------------------------------

--------------------------------- Captured Out ---------------------------------
/home/runner/work/ocr-book/ocr-book/tests/no_split_line_wave_algo.png
1609178212626983834 : Checking separation double page angle 89.72500000000001
1609178212627114533 : Checking separation double page y=0 2484
1609178218091803535 : Checking page rotation 1 0.0
1609178221112458426 : Checking page rotation 2 -0.44999999999999746
1609178234329292436 : Checking image 1 crop x1 97
1609178234329396635 : Checking image 1 crop y1 79
1609178234329436934 : Checking image 1 crop x2 2494
1609178234329474333 : Checking image 1 crop y2 3505
1609178240893419821 : Checking image 2 crop x1 163
1609178240893560122 : Checking image 2 crop y1 267
1609178240893601522 : Checking image 2 crop x2 2238
1609178240893641022 : Checking image 2 crop y2 3380
1609178240937425573 : Checking image 1 dpi 300
1609178240937561673 : Checking image 1 border top 41
1609178240937604173 : Checking image 1 border bottom 41
1609178240937641773 : Checking image 1 border left 42
1609178240937694173 : Checking image 1 border right 42
1609178240939649375 : Checking image 2 dpi 300
1609178240939731475 : Checking image 2 border top 255
1609178240939769375 : Checking image 2 border bottom 119
1609178240939804575 : Checking image 2 border left 192
1609178240939839976 : Checking image 2 border right 192

</system-out><system-err>--------------------------------- Captured Err ---------------------------------

</system-err></testcase><testcase classname="tests.test_images" name="test_crop_too_few_2_png" time="45.965"><system-out>--------------------------------- Captured Log ---------------------------------

--------------------------------- Captured Out ---------------------------------
/home/runner/work/ocr-book/ocr-book/tests/crop_too_few_2.png
1609178248382337799 : Checking separation double page angle 90.30476192320097
1609178248382487999 : Checking separation double page y=0 2531
1609178251074782345 : Checking page rotation 1 1.0999999999999999
1609178253765048778 : Checking page rotation 2 -0.04999999999999689
1609178257399038007 : Checking image 1 crop x1 289
1609178257399401907 : Checking image 1 crop y1 165
1609178257399447107 : Checking image 1 crop x2 2400
1609178257399490307 : Checking image 1 crop y2 3367
1609178261048999806 : Checking image 2 crop x1 149
1609178261049136706 : Checking image 2 crop y1 189
1609178261049197006 : Checking image 2 crop x2 2273
1609178261049236806 : Checking image 2 crop y2 3386
1609178261091610702 : Checking image 1 dpi 300
1609178261091737502 : Checking image 1 border top 157
1609178261091779902 : Checking image 1 border bottom 128
1609178261091817302 : Checking image 1 border left 174
1609178261091857402 : Checking image 1 border right 174
1609178261094200902 : Checking image 2 dpi 300
1609178261094275102 : Checking image 2 border top 179
1609178261094333602 : Checking image 2 border bottom 111
1609178261094369902 : Checking image 2 border left 168
1609178261094407802 : Checking image 2 border right 168

</system-out><system-err>--------------------------------- Captured Err ---------------------------------

</system-err></testcase><testcase classname="tests.test_images" name="test_failed_detect_rectangle_png" time="51.648"><system-out>--------------------------------- Captured Log ---------------------------------

--------------------------------- Captured Out ---------------------------------
/home/runner/work/ocr-book/ocr-book/tests/failed_detect_rectangle.png
1609178279756647274 : Checking separation double page angle 90.19837516213148
1609178279756753781 : Checking separation double page y=0 2474
1609178282792108575 : Checking page rotation 1 0.2
1609178285939548394 : Checking page rotation 2 0.15000000000000002
1609178288831310897 : Checking image 1 crop x1 257
1609178288831440897 : Checking image 1 crop y1 201
1609178288831484697 : Checking image 1 crop x2 2333
1609178288831523097 : Checking image 1 crop y2 3402
1609178292569426145 : Checking image 2 crop x1 135
1609178292569546746 : Checking image 2 crop y1 214
1609178292569593146 : Checking image 2 crop x2 2219
1609178292569648346 : Checking image 2 crop y2 3406
1609178292620750686 : Checking image 1 dpi 300
1609178292620904887 : Checking image 1 border top 188
1609178292620945387 : Checking image 1 border bottom 97
1609178292620979987 : Checking image 1 border left 192
1609178292621055588 : Checking image 1 border right 192
1609178292623430599 : Checking image 2 dpi 300
1609178292623502799 : Checking image 2 border top 202
1609178292623541199 : Checking image 2 border bottom 93
1609178292623577299 : Checking image 2 border left 188
1609178292623613500 : Checking image 2 border right 188

</system-out><system-err>--------------------------------- Captured Err ---------------------------------

</system-err></testcase><testcase classname="tests.test_images" name="test_single_page_png" time="28.613"><system-out>--------------------------------- Captured Log ---------------------------------

--------------------------------- Captured Out ---------------------------------
/home/runner/work/ocr-book/ocr-book/tests/single_page.png
1609178274345583702 : Checking separation double page angle 90.04999999999998
1609178274345696810 : Checking separation double page y=0 2476
1609178279377069261 : Checking page rotation 1 0.0
1609178280036303514 : Checking page rotation 2 0.0
1609178288663896922 : Checking image 1 crop x1 1
1609178288664004822 : Checking image 1 crop y1 8
1609178288664047722 : Checking image 1 crop x2 2470
1609178288664087022 : Checking image 1 crop y2 3505
1609178289325651820 : Checking image 2 crop x1 0
1609178289325725720 : Checking image 2 crop y1 0
1609178289325761220 : Checking image 2 crop x2 0
1609178289325794520 : Checking image 2 crop y2 0
1609178289325902520 : Checking image 1 dpi 300
1609178289325973320 : Checking image 1 border top 5
1609178289326011320 : Checking image 1 border bottom 5
1609178289326047320 : Checking image 1 border left 6
1609178289326105620 : Checking image 1 border right 6
1609178289333110323 : Checking image 2 border top 0
1609178289333195624 : Checking image 2 border bottom 0
1609178289333231524 : Checking image 2 border left 0
1609178289333267324 : Checking image 2 border right 0

</system-out><system-err>--------------------------------- Captured Err ---------------------------------

</system-err></testcase><testcase classname="tests.test_images" name="test_wrong_split_line_4_png" time="26.150"><system-out>--------------------------------- Captured Log ---------------------------------

--------------------------------- Captured Out ---------------------------------
/home/runner/work/ocr-book/ocr-book/tests/wrong_split_line_4.png
1609178308941144508 : Checking separation double page angle 91.04999999999998
1609178308941242110 : Checking separation double page y=0 60
1609178309155812597 : Checking page rotation 1 1.0
1609178311829336804 : Checking page rotation 2 1.05
1609178312494079026 : Checking image 1 crop x1 0
1609178312494141928 : Checking image 1 crop y1 0
1609178312494174028 : Checking image 1 crop x2 0
1609178312494204029 : Checking image 1 crop y2 0
1609178315865839599 : Checking image 2 crop x1 291
1609178315865978101 : Checking image 2 crop y1 330
1609178315866019202 : Checking image 2 crop x2 2316
1609178315866055602 : Checking image 2 crop y2 3217
1609178315915879065 : Checking image 1 border top 0
1609178315915950466 : Checking image 1 border bottom 0
1609178315915987366 : Checking image 1 border left 0
1609178315916023467 : Checking image 1 border right 0
1609178315916099368 : Checking image 2 dpi 300
1609178315916180269 : Checking image 2 border top 322
1609178315916216469 : Checking image 2 border bottom 278
1609178315916250070 : Checking image 2 border left 217
1609178315916286470 : Checking image 2 border right 217

</system-out><system-err>--------------------------------- Captured Err ---------------------------------

</system-err></testcase><testcase classname="tests.test_images" name="test_no_split_line_wave_algo_3_png" time="19.037"><system-out>--------------------------------- Captured Log ---------------------------------

--------------------------------- Captured Out ---------------------------------
/home/runner/work/ocr-book/ocr-book/tests/no_split_line_wave_algo_3.png
1609178306517219054 : Checking separation double page angle 90.14999999999998
1609178306517335656 : Checking separation double page y=0 2408
1609178308856858266 : Checking page rotation 1 -0.09999999999999377
1609178309201924405 : Checking page rotation 2 0.0
1609178311041024782 : Checking image 1 crop x1 182
1609178311041105884 : Checking image 1 crop y1 2955
1609178311041141885 : Checking image 1 crop x2 2199
1609178311041174986 : Checking image 1 crop y2 3203
1609178311667527669 : Checking image 2 crop x1 0
1609178311667628571 : Checking image 2 crop y1 0
1609178311667683973 : Checking image 2 crop x2 0
1609178311667743274 : Checking image 2 crop y2 0
1609178311667845376 : Checking image 1 dpi 300
1609178311667933178 : Checking image 1 border top 2951
1609178311667969979 : Checking image 1 border bottom 288
1609178311668003480 : Checking image 1 border left 221
1609178311668036980 : Checking image 1 border right 221
1609178311673887708 : Checking image 2 border top 0
1609178311673959710 : Checking image 2 border bottom 0
1609178311673992610 : Checking image 2 border left 0
1609178311674024511 : Checking image 2 border right 0

</system-out><system-err>--------------------------------- Captured Err ---------------------------------

</system-err></testcase><testcase classname="tests.test_images" name="test_failed_split_line_line_algo_3_png" time="20.524"><system-out>--------------------------------- Captured Log ---------------------------------

--------------------------------- Captured Out ---------------------------------
/home/runner/work/ocr-book/ocr-book/tests/failed_split_line_line_algo_3.png
1609178331080784304 : Checking separation double page angle 90.0
1609178331080919905 : Checking separation double page y=0 40
1609178331230536810 : Checking page rotation 1 0.0
1609178333189222177 : Checking page rotation 2 -0.04999999999999689
1609178333664171885 : Checking image 1 crop x1 0
1609178333664239485 : Checking image 1 crop y1 0
1609178333664272886 : Checking image 1 crop x2 0
1609178333664304686 : Checking image 1 crop y2 0
1609178336414843901 : Checking image 2 crop x1 247
1609178336414927201 : Checking image 2 crop y1 153
1609178336414965502 : Checking image 2 crop x2 2260
1609178336415001302 : Checking image 2 crop y2 3360
1609178336456348507 : Checking image 1 border top 0
1609178336456422308 : Checking image 1 border bottom 0
1609178336456458708 : Checking image 1 border left 0
1609178336456493308 : Checking image 1 border right 0
1609178336456543609 : Checking image 2 dpi 300
1609178336456619409 : Checking image 2 border top 144
1609178336456656910 : Checking image 2 border bottom 136
1609178336456708110 : Checking image 2 border left 223
1609178336456742110 : Checking image 2 border right 223

</system-out><system-err>--------------------------------- Captured Err ---------------------------------

</system-err></testcase></testsuite></testsuites>