<?xml version="1.0" encoding="utf-8"?><testsuites><testsuite errors="0" failures="0" hostname="travis-job-c9f69f59-3af2-4ef9-a5cd-490502c65b81" name="pytest" skipped="0" tests="6" time="444.850" timestamp="2020-10-27T07:51:13.452102"><testcase classname="tests.test_images" name="test_0001_png" time="65.711"><system-out>--------------------------------- Captured Log ---------------------------------

--------------------------------- Captured Out ---------------------------------
0001.png
1603785104914906936 : Checking separation double page angle 90.53612386503231
1603785104915005555 : Checking separation double page y=0 2484
1603785119245403088 : Checking page rotation 1 0.7000000000000001
1603785137705072298 : Checking page rotation 2 0.2
1603785138526497928 : Checking image 1 crop x1 332
1603785138526589865 : Checking image 1 crop y1 336
1603785138526622630 : Checking image 1 crop x2 2343
1603785138526652361 : Checking image 1 crop y2 3223
1603785139371861971 : Checking image 2 crop x1 170
1603785139371949062 : Checking image 2 crop y1 649
1603785139371981762 : Checking image 2 crop x2 2184
1603785139372012161 : Checking image 2 crop y2 3360
1603785139399752062 : Checking image 1 dpi 300
1603785139399885013 : Checking image 1 border top 325
1603785139399913978 : Checking image 1 border bottom 275
1603785139399955168 : Checking image 1 border left 224
1603785139399980109 : Checking image 1 border right 224
1603785139402080412 : Checking image 2 dpi 300
1603785139402228404 : Checking image 2 border top 672
1603785139402258775 : Checking image 2 border bottom 104
1603785139402283917 : Checking image 2 border left 223
1603785139402308636 : Checking image 2 border right 223

</system-out><system-err>--------------------------------- Captured Err ---------------------------------

</system-err></testcase><testcase classname="tests.test_images" name="test_2_pages_2_contours_png" time="36.221"><system-out>--------------------------------- Captured Log ---------------------------------

--------------------------------- Captured Out ---------------------------------
2-pages-2-contours.png
1603785160812449409 : Checking separation double page angle 90.31589922976053
1603785160812532692 : Checking separation double page y=0 2488
1603785162777575906 : Checking page rotation 1 0.0
1603785174242676604 : Checking page rotation 2 0.4
1603785174867733680 : Checking image 1 crop x1 1181
1603785174867793097 : Checking image 1 crop y1 1722
1603785174867818998 : Checking image 1 crop x2 1182
1603785174867843547 : Checking image 1 crop y2 1723
1603785175608030891 : Checking image 2 crop x1 114
1603785175608115002 : Checking image 2 crop y1 241
1603785175608147277 : Checking image 2 crop x2 2159
1603785175608177998 : Checking image 2 crop y2 3239
1603785175635238599 : Checking image 1 dpi 300
1603785175635325058 : Checking image 1 border top 1752
1603785175635352341 : Checking image 1 border bottom 1753
1603785175635377247 : Checking image 1 border left 1239
1603785175635401549 : Checking image 1 border right 1239
1603785175636734278 : Checking image 2 dpi 300
1603785175636844337 : Checking image 2 border top 231
1603785175636871681 : Checking image 2 border bottom 258
1603785175636896328 : Checking image 2 border left 207
1603785175636920758 : Checking image 2 border right 207

</system-out><system-err>--------------------------------- Captured Err ---------------------------------

</system-err></testcase><testcase classname="tests.test_images" name="test_black_border_not_removed_png" time="77.703"><system-out>--------------------------------- Captured Log ---------------------------------

--------------------------------- Captured Out ---------------------------------
black-border-not-removed.png
1603785216466557182 : Checking separation double page angle 90.01632670636354
1603785216466650726 : Checking separation double page y=0 2455
1603785230596468087 : Checking page rotation 1 0.0
1603785251592629180 : Checking page rotation 2 0.0
1603785252418248089 : Checking image 1 crop x1 298
1603785252418332098 : Checking image 1 crop y1 144
1603785252418364006 : Checking image 1 crop x2 2308
1603785252418393556 : Checking image 1 crop y2 3346
1603785253301824486 : Checking image 2 crop x1 158
1603785253301915456 : Checking image 2 crop y1 146
1603785253301947223 : Checking image 2 crop x2 2169
1603785253301978416 : Checking image 2 crop y2 3351
1603785253331218843 : Checking image 1 dpi 300
1603785253331337915 : Checking image 1 border top 129
1603785253331366262 : Checking image 1 border bottom 156
1603785253331391592 : Checking image 1 border left 225
1603785253331415996 : Checking image 1 border right 225
1603785253333443530 : Checking image 2 dpi 300
1603785253333585889 : Checking image 2 border top 131
1603785253333613260 : Checking image 2 border bottom 151
1603785253333638620 : Checking image 2 border left 224
1603785253333663680 : Checking image 2 border right 224

</system-out><system-err>--------------------------------- Captured Err ---------------------------------

</system-err></testcase><testcase classname="tests.test_images" name="test_image_failed_to_rotate_png" time="134.797"><system-out>--------------------------------- Captured Log ---------------------------------

--------------------------------- Captured Out ---------------------------------
image_failed_to_rotate.png
1603785295467433249 : Checking separation double page angle 90.49464849303612
1603785295467523717 : Checking separation double page y=0 2487
1603785301261098785 : Checking page rotation 1 0.30000000000000004
1603785316489604637 : Checking page rotation 2 0.45
1603785387039855700 : Checking image 1 crop x1 86
1603785387039962693 : Checking image 1 crop y1 6
1603785387039995684 : Checking image 1 crop x2 2456
1603785387040026757 : Checking image 1 crop y2 3483
1603785388015368623 : Checking image 2 crop x1 183
1603785388015449875 : Checking image 2 crop y1 235
1603785388015482430 : Checking image 2 crop x2 2261
1603785388015513351 : Checking image 2 crop y2 3355
1603785388049671734 : Checking image 1 dpi 300
1603785388049792285 : Checking image 1 border top 15
1603785388049821272 : Checking image 1 border bottom 15
1603785388049846295 : Checking image 1 border left 55
1603785388049871297 : Checking image 1 border right 55
1603785388051882281 : Checking image 2 dpi 300
1603785388052026207 : Checking image 2 border top 207
1603785388052074232 : Checking image 2 border bottom 160
1603785388052100384 : Checking image 2 border left 191
1603785388052124410 : Checking image 2 border right 191

</system-out><system-err>--------------------------------- Captured Err ---------------------------------

</system-err></testcase><testcase classname="tests.test_images" name="test_image_failed_to_crop_data_png" time="75.694"><system-out>--------------------------------- Captured Log ---------------------------------

--------------------------------- Captured Out ---------------------------------
image_failed_to_crop_data.png
1603785419236726673 : Checking separation double page angle 90.16303976362025
1603785419236813184 : Checking separation double page y=0 2485
1603785426161122310 : Checking page rotation 1 0.0
1603785438422128563 : Checking page rotation 2 0.15000000000000002
1603785462917765355 : Checking image 1 crop x1 116
1603785462917863317 : Checking image 1 crop y1 7
1603785462917895992 : Checking image 1 crop x2 2476
1603785462917926374 : Checking image 1 crop y2 3503
1603785463757727706 : Checking image 2 crop x1 164
1603785463757812933 : Checking image 2 crop y1 220
1603785463757844565 : Checking image 2 crop x2 2241
1603785463757875476 : Checking image 2 crop y2 3348
1603785463787943204 : Checking image 1 dpi 300
1603785463788066028 : Checking image 1 border top 5
1603785463788094688 : Checking image 1 border bottom 5
1603785463788119798 : Checking image 1 border left 55
1603785463788144373 : Checking image 1 border right 55
1603785463790030843 : Checking image 2 dpi 300
1603785463790166295 : Checking image 2 border top 212
1603785463790193158 : Checking image 2 border bottom 147
1603785463790217550 : Checking image 2 border left 191
1603785463790242374 : Checking image 2 border right 191

</system-out><system-err>--------------------------------- Captured Err ---------------------------------

</system-err></testcase><testcase classname="tests.test_images" name="test_disabled_enable_debug" time="53.534"><system-out>--------------------------------- Captured Log ---------------------------------

--------------------------------- Captured Out ---------------------------------
0001.png
separation double page angle 90.53612386503231
separation double page y=0 2484
page rotation 1 0.7000000000000001
page rotation 2 0.2
image 1 crop x1 332
image 1 crop y1 336
image 1 crop x2 2343
image 1 crop y2 3223
image 2 crop x1 170
image 2 crop y1 649
image 2 crop x2 2184
image 2 crop y2 3360
image 1 dpi 300
image 1 border top 325
image 1 border bottom 275
image 1 border left 224
image 1 border right 224
image 2 dpi 300
image 2 border top 672
image 2 border bottom 104
image 2 border left 223
image 2 border right 223

</system-out><system-err>--------------------------------- Captured Err ---------------------------------

</system-err></testcase></testsuite></testsuites>