<?xml version="1.0" encoding="utf-8"?><testsuites><testsuite name="pytest" errors="0" failures="0" skipped="0" tests="29" time="973.927" timestamp="2020-12-02T20:51:13.545551" hostname="fv-az92-153"><testcase classname="tests.test_features" name="test_mock_stop_at_0" time="0.047"><system-out>--------------------------------- Captured Log ---------------------------------

--------------------------------- Captured Out ---------------------------------
/home/runner/work/ocr-book/ocr-book/tests/0001_0.png

</system-out><system-err>--------------------------------- Captured Err ---------------------------------

</system-err></testcase><testcase classname="tests.test_features" name="test_disabled_enable_debug" time="48.593"><system-out>--------------------------------- Captured Log ---------------------------------

--------------------------------- Captured Out ---------------------------------
/home/runner/work/ocr-book/ocr-book/tests/0001_debug.png
separation double page angle 90.57780420099763
separation double page y=0 2487
page rotation 1 0.75
page rotation 2 0.2
image 1 crop x1 330
image 1 crop y1 336
image 1 crop x2 2343
image 1 crop y2 3223
image 2 crop x1 169
image 2 crop y1 648
image 2 crop x2 2186
image 2 crop y2 3361
image 1 dpi 300
image 1 border top 340
image 1 border bottom 260
image 1 border left 223
image 1 border right 223
image 2 dpi 300
image 2 border top 646
image 2 border bottom 128
image 2 border left 221
image 2 border right 221

</system-out><system-err>--------------------------------- Captured Err ---------------------------------

</system-err></testcase><testcase classname="tests.test_features" name="test_mock_stop_at_2" time="55.218"><system-out>--------------------------------- Captured Log ---------------------------------

--------------------------------- Captured Out ---------------------------------
/home/runner/work/ocr-book/ocr-book/tests/0001_2.png
separation double page angle 90.57780420099763
separation double page y=0 2487
page rotation 1 0.75
page rotation 2 0.2

</system-out><system-err>--------------------------------- Captured Err ---------------------------------

</system-err></testcase><testcase classname="tests.test_features" name="test_mock_stop_at_1" time="37.582"><system-out>--------------------------------- Captured Log ---------------------------------

--------------------------------- Captured Out ---------------------------------
/home/runner/work/ocr-book/ocr-book/tests/0001_1.png
separation double page angle 90.57780420099763
separation double page y=0 2487

</system-out><system-err>--------------------------------- Captured Err ---------------------------------

</system-err></testcase><testcase classname="tests.test_features" name="test_mock_stop_at_4" time="61.453"><system-out>--------------------------------- Captured Log ---------------------------------

--------------------------------- Captured Out ---------------------------------
/home/runner/work/ocr-book/ocr-book/tests/0001_4.png
separation double page angle 90.57780420099763
separation double page y=0 2487
page rotation 1 0.75
page rotation 2 0.2
image 1 crop x1 330
image 1 crop y1 336
image 1 crop x2 2343
image 1 crop y2 3223
image 2 crop x1 169
image 2 crop y1 648
image 2 crop x2 2186
image 2 crop y2 3361
image 1 dpi 300
image 1 border top 340
image 1 border bottom 260
image 1 border left 223
image 1 border right 223
image 2 dpi 300
image 2 border top 646
image 2 border bottom 128
image 2 border left 221
image 2 border right 221

</system-out><system-err>--------------------------------- Captured Err ---------------------------------

</system-err></testcase><testcase classname="tests.test_features" name="test_mock_stop_at_3" time="60.835"><system-out>--------------------------------- Captured Log ---------------------------------

--------------------------------- Captured Out ---------------------------------
/home/runner/work/ocr-book/ocr-book/tests/0001_3.png
separation double page angle 90.57780420099763
separation double page y=0 2487
page rotation 1 0.75
page rotation 2 0.2
image 1 crop x1 330
image 1 crop y1 336
image 1 crop x2 2343
image 1 crop y2 3223
image 2 crop x1 169
image 2 crop y1 648
image 2 crop x2 2186
image 2 crop y2 3361

</system-out><system-err>--------------------------------- Captured Err ---------------------------------

</system-err></testcase><testcase classname="tests.test_images" name="test_0001_png" time="60.750"><system-out>--------------------------------- Captured Log ---------------------------------

--------------------------------- Captured Out ---------------------------------
/home/runner/work/ocr-book/ocr-book/tests/0001.png
1606942428375033507 : Checking separation double page angle 90.57780420099763
1606942428375151609 : Checking separation double page y=0 2487
1606942436486899694 : Checking page rotation 1 0.75
1606942445735772344 : Checking page rotation 2 0.2
1606942448853255932 : Checking image 1 crop x1 330
1606942448853391435 : Checking image 1 crop y1 336
1606942448853446137 : Checking image 1 crop x2 2343
1606942448853492438 : Checking image 1 crop y2 3223
1606942452104379704 : Checking image 2 crop x1 169
1606942452104510307 : Checking image 2 crop y1 648
1606942452104567409 : Checking image 2 crop x2 2186
1606942452104614010 : Checking image 2 crop y2 3361
1606942452139278778 : Checking image 1 dpi 300
1606942452139373081 : Checking image 1 border top 340
1606942452139413182 : Checking image 1 border bottom 260
1606942452139448682 : Checking image 1 border left 223
1606942452139484183 : Checking image 1 border right 223
1606942452142288454 : Checking image 2 dpi 300
1606942452142353855 : Checking image 2 border top 646
1606942452142390656 : Checking image 2 border bottom 128
1606942452142424657 : Checking image 2 border left 221
1606942452142458558 : Checking image 2 border right 221

</system-out><system-err>--------------------------------- Captured Err ---------------------------------

</system-err></testcase><testcase classname="tests.test_features" name="test_mock_stop_at_5" time="59.815"><system-out>--------------------------------- Captured Log ---------------------------------

--------------------------------- Captured Out ---------------------------------
/home/runner/work/ocr-book/ocr-book/tests/0001_5.png
separation double page angle 90.57780420099763
separation double page y=0 2487
page rotation 1 0.75
page rotation 2 0.2
image 1 crop x1 330
image 1 crop y1 336
image 1 crop x2 2343
image 1 crop y2 3223
image 2 crop x1 169
image 2 crop y1 648
image 2 crop x2 2186
image 2 crop y2 3361
image 1 dpi 300
image 1 border top 340
image 1 border bottom 260
image 1 border left 223
image 1 border right 223
image 2 dpi 300
image 2 border top 646
image 2 border bottom 128
image 2 border left 221
image 2 border right 221

</system-out><system-err>--------------------------------- Captured Err ---------------------------------

</system-err></testcase><testcase classname="tests.test_images" name="test_2_pages_2_contours_png" time="40.430"><system-out>--------------------------------- Captured Log ---------------------------------

--------------------------------- Captured Out ---------------------------------
/home/runner/work/ocr-book/ocr-book/tests/2-pages-2-contours.png
1606942477898971074 : Checking separation double page angle 89.91958537671144
1606942477899072777 : Checking separation double page y=0 2492
1606942480306464510 : Checking page rotation 1 0.05
1606942487374082195 : Checking page rotation 2 0.35000000000000003
1606942488461438319 : Checking image 1 crop x1 1191
1606942488461555221 : Checking image 1 crop y1 1733
1606942488461596622 : Checking image 1 crop x2 1192
1606942488461631823 : Checking image 1 crop y2 1734
1606942492553667801 : Checking image 2 crop x1 89
1606942492553801205 : Checking image 2 crop y1 240
1606942492553860907 : Checking image 2 crop x2 2136
1606942492553908808 : Checking image 2 crop y2 3239
1606942492588626727 : Checking image 1 dpi 300
1606942492588744330 : Checking image 1 border top 1752
1606942492588784431 : Checking image 1 border bottom 1753
1606942492588819532 : Checking image 1 border left 1239
1606942492588854833 : Checking image 1 border right 1239
1606942492590525882 : Checking image 2 dpi 300
1606942492590597185 : Checking image 2 border top 231
1606942492590634086 : Checking image 2 border bottom 257
1606942492590667787 : Checking image 2 border left 206
1606942492590701588 : Checking image 2 border right 206

</system-out><system-err>--------------------------------- Captured Err ---------------------------------

</system-err></testcase><testcase classname="tests.test_images" name="test_image_failed_to_crop_data_png" time="66.520"><system-out>--------------------------------- Captured Log ---------------------------------

--------------------------------- Captured Out ---------------------------------
/home/runner/work/ocr-book/ocr-book/tests/image_failed_to_crop_data.png
1606942518735958438 : Checking separation double page angle 89.91538216173362
1606942518736064545 : Checking separation double page y=0 2477
1606942525143757014 : Checking page rotation 1 0.2
1606942531436222170 : Checking page rotation 2 0.0
1606942543423317405 : Checking image 1 crop x1 58
1606942543423442912 : Checking image 1 crop y1 8
1606942543423490415 : Checking image 1 crop x2 2480
1606942543423532317 : Checking image 1 crop y2 3504
1606942547909301996 : Checking image 2 crop x1 159
1606942547909428203 : Checking image 2 crop y1 217
1606942547909480906 : Checking image 2 crop x2 2241
1606942547909530309 : Checking image 2 crop y2 3350
1606942547942835138 : Checking image 1 dpi 300
1606942547942954545 : Checking image 1 border top 6
1606942547942998047 : Checking image 1 border bottom 6
1606942547943032749 : Checking image 1 border left 29
1606942547943067851 : Checking image 1 border right 29
1606942547945826911 : Checking image 2 dpi 300
1606942547945928517 : Checking image 2 border top 225
1606942547946010322 : Checking image 2 border bottom 129
1606942547946046624 : Checking image 2 border left 189
1606942547946084126 : Checking image 2 border right 189

</system-out><system-err>--------------------------------- Captured Err ---------------------------------

</system-err></testcase><testcase classname="tests.test_images" name="test_black_border_not_removed_png" time="69.021"><system-out>--------------------------------- Captured Log ---------------------------------

--------------------------------- Captured Out ---------------------------------
/home/runner/work/ocr-book/ocr-book/tests/black-border-not-removed.png
1606942533964748780 : Checking separation double page angle 90.02895758682553
1606942533964854887 : Checking separation double page y=0 2456
1606942541716636421 : Checking page rotation 1 0.0
1606942552741085504 : Checking page rotation 2 0.0
1606942556069411036 : Checking image 1 crop x1 297
1606942556069508342 : Checking image 1 crop y1 143
1606942556070928022 : Checking image 1 crop x2 2309
1606942556070979625 : Checking image 1 crop y2 3346
1606942561566662178 : Checking image 2 crop x1 157
1606942561566793785 : Checking image 2 crop y1 145
1606942561566848988 : Checking image 2 crop x2 2169
1606942561566897091 : Checking image 2 crop y2 3352
1606942561603399848 : Checking image 1 dpi 300
1606942561603517354 : Checking image 1 border top 130
1606942561603558057 : Checking image 1 border bottom 154
1606942561603592959 : Checking image 1 border left 224
1606942561603627761 : Checking image 1 border right 224
1606942561606609529 : Checking image 2 dpi 300
1606942561606701034 : Checking image 2 border top 139
1606942561606739036 : Checking image 2 border bottom 141
1606942561606773538 : Checking image 2 border left 224
1606942561606808040 : Checking image 2 border right 224

</system-out><system-err>--------------------------------- Captured Err ---------------------------------

</system-err></testcase><testcase classname="tests.test_images" name="test_wrong_angle_split_line_png" time="73.461"><system-out>--------------------------------- Captured Log ---------------------------------

--------------------------------- Captured Out ---------------------------------
/home/runner/work/ocr-book/ocr-book/tests/wrong_angle_split_line.png
1606942585834251974 : Checking separation double page angle 90.04193420006348
1606942585834352779 : Checking separation double page y=0 2477
1606942593768131259 : Checking page rotation 1 0.2
1606942602562365636 : Checking page rotation 2 0.05
1606942615380257116 : Checking image 1 crop x1 61
1606942615380387422 : Checking image 1 crop y1 7
1606942615380435325 : Checking image 1 crop x2 2475
1606942615380476927 : Checking image 1 crop y2 3500
1606942620434750080 : Checking image 2 crop x1 163
1606942620434884087 : Checking image 2 crop y1 218
1606942620434937590 : Checking image 2 crop x2 2243
1606942620434987092 : Checking image 2 crop y2 3350
1606942620629537747 : Checking image 1 dpi 300
1606942620629961869 : Checking image 1 border top 7
1606942620630149578 : Checking image 1 border bottom 7
1606942620630310886 : Checking image 1 border left 33
1606942620630468794 : Checking image 1 border right 33
1606942620647851775 : Checking image 2 dpi 300
1606942620648204493 : Checking image 2 border top 219
1606942620648365701 : Checking image 2 border bottom 136
1606942620648413003 : Checking image 2 border left 190
1606942620648569511 : Checking image 2 border right 190

</system-out><system-err>--------------------------------- Captured Err ---------------------------------

</system-err></testcase><testcase classname="tests.test_images" name="test_image_failed_to_rotate_png" time="65.550"><system-out>--------------------------------- Captured Log ---------------------------------

--------------------------------- Captured Out ---------------------------------
/home/runner/work/ocr-book/ocr-book/tests/image_failed_to_rotate.png
1606942595793607659 : Checking separation double page angle 90.19634423290287
1606942595793704964 : Checking separation double page y=0 2482
1606942601493414433 : Checking page rotation 1 0.35000000000000003
1606942610102270400 : Checking page rotation 2 0.45
1606942622009864580 : Checking image 1 crop x1 34
1606942622009992087 : Checking image 1 crop y1 1
1606942622010040389 : Checking image 1 crop x2 2480
1606942622010080091 : Checking image 1 crop y2 3500
1606942627003043508 : Checking image 2 crop x1 169
1606942627003179115 : Checking image 2 crop y1 234
1606942627003234818 : Checking image 2 crop x2 2248
1606942627003284020 : Checking image 2 crop y2 3355
1606942627047748947 : Checking image 1 dpi 300
1606942627047876253 : Checking image 1 border top 4
1606942627047920055 : Checking image 1 border bottom 4
1606942627047955557 : Checking image 1 border left 17
1606942627047990859 : Checking image 1 border right 17
1606942627051250222 : Checking image 2 dpi 300
1606942627051352327 : Checking image 2 border top 220
1606942627051390629 : Checking image 2 border bottom 146
1606942627051425131 : Checking image 2 border left 190
1606942627051459332 : Checking image 2 border right 190

</system-out><system-err>--------------------------------- Captured Err ---------------------------------

</system-err></testcase><testcase classname="tests.test_images" name="test_angle_page_lower_split_line_png" time="67.047"><system-out>--------------------------------- Captured Log ---------------------------------

--------------------------------- Captured Out ---------------------------------
/home/runner/work/ocr-book/ocr-book/tests/angle_page_lower_split_line.png
1606942664847590572 : Checking separation double page angle 89.75201324945476
1606942664847695877 : Checking separation double page y=0 2473
1606942675141516205 : Checking page rotation 1 -0.44999999999998863
1606942682457376689 : Checking page rotation 2 0.2
1606942685601785903 : Checking image 1 crop x1 245
1606942685601919809 : Checking image 1 crop y1 161
1606942685601973112 : Checking image 1 crop x2 2351
1606942685602022414 : Checking image 1 crop y2 3364
1606942688484275435 : Checking image 2 crop x1 151
1606942688484412941 : Checking image 2 crop y1 147
1606942688484466244 : Checking image 2 crop x2 2258
1606942688484515146 : Checking image 2 crop y2 3350
1606942688522154360 : Checking image 1 dpi 300
1606942688522284766 : Checking image 1 border top 132
1606942688522326668 : Checking image 1 border bottom 152
1606942688522362269 : Checking image 1 border left 177
1606942688522396871 : Checking image 1 border right 177
1606942688525093894 : Checking image 2 dpi 300
1606942688525176697 : Checking image 2 border top 116
1606942688525213699 : Checking image 2 border bottom 168
1606942688525248001 : Checking image 2 border left 176
1606942688525282202 : Checking image 2 border right 176

</system-out><system-err>--------------------------------- Captured Err ---------------------------------

</system-err></testcase><testcase classname="tests.test_images" name="test_wrong_split_line_png" time="51.030"><system-out>--------------------------------- Captured Log ---------------------------------

--------------------------------- Captured Out ---------------------------------
/home/runner/work/ocr-book/ocr-book/tests/wrong_split_line.png
1606942659921288250 : Checking separation double page angle 89.85895720607971
1606942659921385954 : Checking separation double page y=0 2463
1606942665511268954 : Checking page rotation 1 -0.14999999999999147
1606942673203586983 : Checking page rotation 2 0.65
1606942675616715860 : Checking image 1 crop x1 213
1606942675616852166 : Checking image 1 crop y1 157
1606942675616906969 : Checking image 1 crop x2 2323
1606942675616955171 : Checking image 1 crop y2 3362
1606942678160797795 : Checking image 2 crop x1 126
1606942678160935202 : Checking image 2 crop y1 167
1606942678160990604 : Checking image 2 crop x2 2237
1606942678161039207 : Checking image 2 crop y2 3372
1606942678196650552 : Checking image 1 dpi 300
1606942678196780258 : Checking image 1 border top 115
1606942678196822360 : Checking image 1 border bottom 167
1606942678196857862 : Checking image 1 border left 175
1606942678196892663 : Checking image 1 border right 175
1606942678199896702 : Checking image 2 dpi 300
1606942678199965405 : Checking image 2 border top 142
1606942678200005707 : Checking image 2 border bottom 140
1606942678200040009 : Checking image 2 border left 174
1606942678200074210 : Checking image 2 border right 174

</system-out><system-err>--------------------------------- Captured Err ---------------------------------

</system-err></testcase><testcase classname="tests.test_images" name="test_crop_too_much_png" time="94.774"><system-out>--------------------------------- Captured Log ---------------------------------

--------------------------------- Captured Out ---------------------------------
/home/runner/work/ocr-book/ocr-book/tests/crop_too_much.png
1606942734699956905 : Checking separation double page angle 90.13239409272953
1606942734700060610 : Checking separation double page y=0 2453
1606942747555999451 : Checking page rotation 1 0.0
1606942762763911748 : Checking page rotation 2 0.45
1606942768295906976 : Checking image 1 crop x1 303
1606942768296052682 : Checking image 1 crop y1 148
1606942768296107784 : Checking image 1 crop x2 2313
1606942768296153386 : Checking image 1 crop y2 3351
1606942772904566572 : Checking image 2 crop x1 170
1606942772904700878 : Checking image 2 crop y1 155
1606942772904755480 : Checking image 2 crop x2 2181
1606942772904802682 : Checking image 2 crop y2 3359
1606942772952712338 : Checking image 1 dpi 300
1606942772952836743 : Checking image 1 border top 131
1606942772952878145 : Checking image 1 border bottom 153
1606942772952913646 : Checking image 1 border left 225
1606942772952948648 : Checking image 1 border right 225
1606942772955836066 : Checking image 2 dpi 300
1606942772955928470 : Checking image 2 border top 139
1606942772955967071 : Checking image 2 border bottom 144
1606942772956004073 : Checking image 2 border left 224
1606942772956043574 : Checking image 2 border right 224

</system-out><system-err>--------------------------------- Captured Err ---------------------------------

</system-err></testcase><testcase classname="tests.test_images" name="test_crop_too_few_png" time="55.043"><system-out>--------------------------------- Captured Log ---------------------------------

--------------------------------- Captured Out ---------------------------------
/home/runner/work/ocr-book/ocr-book/tests/crop_too_few.png
1606942724897871818 : Checking separation double page angle 89.39669496435833
1606942724897970823 : Checking separation double page y=0 2510
1606942731425536000 : Checking page rotation 1 -0.75
1606942738594957035 : Checking page rotation 2 0.05
1606942741190049368 : Checking image 1 crop x1 265
1606942741190221275 : Checking image 1 crop y1 152
1606942741190275777 : Checking image 1 crop x2 2375
1606942741190323379 : Checking image 1 crop y2 3356
1606942743538144994 : Checking image 2 crop x1 135
1606942743538285000 : Checking image 2 crop y1 141
1606942743538338402 : Checking image 2 crop x2 2261
1606942743538387604 : Checking image 2 crop y2 3345
1606942743574740341 : Checking image 1 dpi 300
1606942743574870647 : Checking image 1 border top 116
1606942743574912948 : Checking image 1 border bottom 167
1606942743574948650 : Checking image 1 border left 175
1606942743574983951 : Checking image 1 border right 175
1606942743577671165 : Checking image 2 dpi 300
1606942743577757969 : Checking image 2 border top 143
1606942743577797470 : Checking image 2 border bottom 140
1606942743577832172 : Checking image 2 border left 167
1606942743577866273 : Checking image 2 border right 167

</system-out><system-err>--------------------------------- Captured Err ---------------------------------

</system-err></testcase><testcase classname="tests.test_images" name="test_crop_too_much_2_png" time="94.527"><system-out>--------------------------------- Captured Log ---------------------------------

--------------------------------- Captured Out ---------------------------------
/home/runner/work/ocr-book/ocr-book/tests/crop_too_much_2.png
1606942798923556407 : Checking separation double page angle 90.2021118646249
1606942798923662011 : Checking separation double page y=0 2477
1606942814218694473 : Checking page rotation 1 0.2
1606942828850856566 : Checking page rotation 2 0.2
1606942832862929385 : Checking image 1 crop x1 332
1606942832863021688 : Checking image 1 crop y1 131
1606942832863070690 : Checking image 1 crop x2 2342
1606942832863116292 : Checking image 1 crop y2 3336
1606942838011290118 : Checking image 2 crop x1 168
1606942838011421523 : Checking image 2 crop y1 139
1606942838011475425 : Checking image 2 crop x2 2181
1606942838011524927 : Checking image 2 crop y2 3345
1606942838074185813 : Checking image 1 dpi 300
1606942838074308618 : Checking image 1 border top 116
1606942838074350919 : Checking image 1 border bottom 166
1606942838074386721 : Checking image 1 border left 225
1606942838074422322 : Checking image 1 border right 225
1606942838076980419 : Checking image 2 dpi 300
1606942838077043822 : Checking image 2 border top 133
1606942838077080323 : Checking image 2 border bottom 148
1606942838077114425 : Checking image 2 border left 223
1606942838077151226 : Checking image 2 border right 223

</system-out><system-err>--------------------------------- Captured Err ---------------------------------

</system-err></testcase><testcase classname="tests.test_images" name="test_wrong_split_line_2_png" time="113.390"><system-out>--------------------------------- Captured Log ---------------------------------

--------------------------------- Captured Out ---------------------------------
/home/runner/work/ocr-book/ocr-book/tests/wrong_split_line_2.png
1606942839843366253 : Checking separation double page angle 90.3838786217729
1606942839843461657 : Checking separation double page y=0 2442
1606942853805901187 : Checking page rotation 1 0.05
1606942869159785156 : Checking page rotation 2 0.4
1606942876824229787 : Checking image 1 crop x1 294
1606942876824377292 : Checking image 1 crop y1 137
1606942876824432094 : Checking image 1 crop x2 2326
1606942876824478296 : Checking image 1 crop y2 3375
1606942886295594449 : Checking image 2 crop x1 146
1606942886295735454 : Checking image 2 crop y1 192
1606942886295789956 : Checking image 2 crop x2 2173
1606942886295837658 : Checking image 2 crop y2 3386
1606942886343859210 : Checking image 1 dpi 300
1606942886343950313 : Checking image 1 border top 125
1606942886343989915 : Checking image 1 border bottom 124
1606942886344024516 : Checking image 1 border left 214
1606942886344060717 : Checking image 1 border right 214
1606942886346096091 : Checking image 2 dpi 300
1606942886346186195 : Checking image 2 border top 184
1606942886346222996 : Checking image 2 border bottom 109
1606942886346256397 : Checking image 2 border left 216
1606942886346289699 : Checking image 2 border right 216

</system-out><system-err>--------------------------------- Captured Err ---------------------------------

</system-err></testcase><testcase classname="tests.test_images" name="test_small_wave_png" time="83.907"><system-out>--------------------------------- Captured Log ---------------------------------

--------------------------------- Captured Out ---------------------------------
/home/runner/work/ocr-book/ocr-book/tests/small_wave.png
1606942891184697282 : Checking separation double page angle 90.61316928841566
1606942891184801286 : Checking separation double page y=0 2495
1606942904561713799 : Checking page rotation 1 0.7000000000000001
1606942916500503961 : Checking page rotation 2 0.7000000000000001
1606942919125225975 : Checking image 1 crop x1 322
1606942919125361980 : Checking image 1 crop y1 199
1606942919125416082 : Checking image 1 crop x2 2351
1606942919125464383 : Checking image 1 crop y2 3394
1606942921949920099 : Checking image 2 crop x1 135
1606942921950051304 : Checking image 2 crop y1 223
1606942921950146407 : Checking image 2 crop x2 2164
1606942921950207410 : Checking image 2 crop y2 3419
1606942921990208829 : Checking image 1 dpi 300
1606942921990314533 : Checking image 1 border top 177
1606942921990355834 : Checking image 1 border bottom 115
1606942921990391036 : Checking image 1 border left 215
1606942921990427337 : Checking image 1 border right 215
1606942921994137969 : Checking image 2 dpi 300
1606942921994219572 : Checking image 2 border top 191
1606942921994258173 : Checking image 2 border bottom 100
1606942921994292274 : Checking image 2 border left 215
1606942921994326275 : Checking image 2 border right 215

</system-out><system-err>--------------------------------- Captured Err ---------------------------------

</system-err></testcase><testcase classname="tests.test_images" name="test_wrong_split_line_3_png" time="73.918"><system-out>--------------------------------- Captured Log ---------------------------------

--------------------------------- Captured Out ---------------------------------
/home/runner/work/ocr-book/ocr-book/tests/wrong_split_line_3.png
1606942933054308975 : Checking separation double page angle 90.43729500214693
1606942933054412479 : Checking separation double page y=0 2498
1606942945402817461 : Checking page rotation 1 0.30000000000000004
1606942954897992668 : Checking page rotation 2 0.9
1606942957420575437 : Checking image 1 crop x1 331
1606942957420712342 : Checking image 1 crop y1 165
1606942957420766544 : Checking image 1 crop x2 2375
1606942957420812745 : Checking image 1 crop y2 3376
1606942960245466107 : Checking image 2 crop x1 102
1606942960245605711 : Checking image 2 crop y1 208
1606942960245665313 : Checking image 2 crop x2 2133
1606942960245712715 : Checking image 2 crop y2 3413
1606942960283294613 : Checking image 1 dpi 300
1606942960283389616 : Checking image 1 border top 150
1606942960283429718 : Checking image 1 border bottom 126
1606942960283464019 : Checking image 1 border left 208
1606942960283498520 : Checking image 1 border right 208
1606942960285450987 : Checking image 2 dpi 300
1606942960285511490 : Checking image 2 border top 190
1606942960285546691 : Checking image 2 border bottom 92
1606942960285579892 : Checking image 2 border left 214
1606942960285613193 : Checking image 2 border right 214

</system-out><system-err>--------------------------------- Captured Err ---------------------------------

</system-err></testcase><testcase classname="tests.test_images" name="test_wrong_wave_split_line_png" time="93.140"><system-out>--------------------------------- Captured Log ---------------------------------

--------------------------------- Captured Out ---------------------------------
/home/runner/work/ocr-book/ocr-book/tests/wrong_wave_split_line.png
1606942978135705827 : Checking separation double page angle 90.5287860410772
1606942978135816231 : Checking separation double page y=0 2502
1606942988846251997 : Checking page rotation 1 -0.14999999999999147
1606942998784431493 : Checking page rotation 2 0.8500000000000001
1606943008504684252 : Checking image 1 crop x1 385
1606943008504816056 : Checking image 1 crop y1 179
1606943008504870158 : Checking image 1 crop x2 2411
1606943008504917860 : Checking image 1 crop y2 3374
1606943015098313829 : Checking image 2 crop x1 124
1606943015098448433 : Checking image 2 crop y1 58
1606943015098501635 : Checking image 2 crop x2 2410
1606943015098549036 : Checking image 2 crop y2 3392
1606943015148422703 : Checking image 1 dpi 300
1606943015148544507 : Checking image 1 border top 167
1606943015148586008 : Checking image 1 border bottom 124
1606943015148621410 : Checking image 1 border left 217
1606943015148657111 : Checking image 1 border right 217
1606943015151328900 : Checking image 2 dpi 300
1606943015151396802 : Checking image 2 border top 0
1606943015151437904 : Checking image 2 border bottom 163
1606943015151472105 : Checking image 2 border left 92
1606943015151506406 : Checking image 2 border right 92

</system-out><system-err>--------------------------------- Captured Err ---------------------------------

</system-err></testcase><testcase classname="tests.test_images" name="test_no_split_line_line_algo_png" time="60.367"><system-out>--------------------------------- Captured Log ---------------------------------

--------------------------------- Captured Out ---------------------------------
/home/runner/work/ocr-book/ocr-book/tests/no_split_line_line_algo.png
1606942996515493809 : Checking separation double page angle 89.47691469185418
1606942996515597813 : Checking separation double page y=0 2476
1606943002387806510 : Checking page rotation 1 -0.14999999999999147
1606943014569942865 : Checking page rotation 2 -0.44999999999998863
1606943016549517910 : Checking image 1 crop x1 205
1606943016549655815 : Checking image 1 crop y1 158
1606943016549709917 : Checking image 1 crop x2 2320
1606943016549757318 : Checking image 1 crop y2 3366
1606943020610088967 : Checking image 2 crop x1 185
1606943020610268373 : Checking image 2 crop y1 221
1606943020610324275 : Checking image 2 crop x2 2201
1606943020610371877 : Checking image 2 crop y2 3366
1606943020655747289 : Checking image 1 dpi 300
1606943020655883293 : Checking image 1 border top 137
1606943020655925495 : Checking image 1 border bottom 142
1606943020655962596 : Checking image 1 border left 172
1606943020655998397 : Checking image 1 border right 172
1606943020658512781 : Checking image 2 dpi 300
1606943020658603984 : Checking image 2 border top 225
1606943020658643885 : Checking image 2 border bottom 117
1606943020658678186 : Checking image 2 border left 222
1606943020658712487 : Checking image 2 border right 222

</system-out><system-err>--------------------------------- Captured Err ---------------------------------

</system-err></testcase><testcase classname="tests.test_images" name="test_failed_split_line_line_algo_png" time="27.450"><system-out>--------------------------------- Captured Log ---------------------------------

--------------------------------- Captured Out ---------------------------------
/home/runner/work/ocr-book/ocr-book/tests/failed_split_line_line_algo.png
1606943034030956900 : Checking separation double page angle 90.01634220573249
1606943034031049703 : Checking separation double page y=0 2575
1606943037976553022 : Checking page rotation 1 -0.14999999999999147
1606943040412248001 : Checking page rotation 2 0.05
1606943041893206328 : Checking image 1 crop x1 407
1606943041893338133 : Checking image 1 crop y1 2925
1606943041893388434 : Checking image 1 crop x2 2419
1606943041893432536 : Checking image 1 crop y2 3174
1606943042640111638 : Checking image 2 crop x1 1180
1606943042640187741 : Checking image 2 crop y1 1724
1606943042640220842 : Checking image 2 crop x2 1181
1606943042640254643 : Checking image 2 crop y2 1725
1606943042640479650 : Checking image 1 dpi 300
1606943042640561353 : Checking image 1 border top 2930
1606943042640597654 : Checking image 1 border bottom 308
1606943042640630055 : Checking image 1 border left 224
1606943042640662356 : Checking image 1 border right 224
1606943042642434215 : Checking image 2 dpi 300
1606943042642488217 : Checking image 2 border top 1753
1606943042642521418 : Checking image 2 border bottom 1753
1606943042642553019 : Checking image 2 border left 1239
1606943042642584620 : Checking image 2 border right 1239

</system-out><system-err>--------------------------------- Captured Err ---------------------------------

</system-err></testcase><testcase classname="tests.test_images" name="test_failed_split_line_line_algo_2_png" time="78.020"><system-out>--------------------------------- Captured Log ---------------------------------

--------------------------------- Captured Out ---------------------------------
/home/runner/work/ocr-book/ocr-book/tests/failed_split_line_line_algo_2.png
1606943072154215576 : Checking separation double page angle 89.9913422057325
1606943072154317880 : Checking separation double page y=0 2498
1606943083499458914 : Checking page rotation 1 0.0
1606943092887430362 : Checking page rotation 2 0.6000000000000001
1606943096032813061 : Checking image 1 crop x1 272
1606943096032956766 : Checking image 1 crop y1 149
1606943096033011367 : Checking image 1 crop x2 2383
1606943096033056769 : Checking image 1 crop y2 3353
1606943098627563343 : Checking image 2 crop x1 121
1606943098627697647 : Checking image 2 crop y1 155
1606943098627753149 : Checking image 2 crop x2 2244
1606943098627802551 : Checking image 2 crop y2 3350
1606943098670607026 : Checking image 1 dpi 300
1606943098670725229 : Checking image 1 border top 137
1606943098670768331 : Checking image 1 border bottom 146
1606943098670803532 : Checking image 1 border left 174
1606943098670840333 : Checking image 1 border right 174
1606943098672900199 : Checking image 2 dpi 300
1606943098672964801 : Checking image 2 border top 138
1606943098673001102 : Checking image 2 border bottom 154
1606943098673034704 : Checking image 2 border left 168
1606943098673068905 : Checking image 2 border right 168

</system-out><system-err>--------------------------------- Captured Err ---------------------------------

</system-err></testcase><testcase classname="tests.test_images" name="test_crop_too_much_3_png" time="77.262"><system-out>--------------------------------- Captured Log ---------------------------------

--------------------------------- Captured Out ---------------------------------
/home/runner/work/ocr-book/ocr-book/tests/crop_too_much_3.png
1606943088619341027 : Checking separation double page angle 89.55580634783144
1606943088619445130 : Checking separation double page y=0 2499
1606943097585912180 : Checking page rotation 1 -0.9499999999999886
1606943111341353538 : Checking page rotation 2 -0.14999999999999147
1606943115549177087 : Checking image 1 crop x1 373
1606943115549308591 : Checking image 1 crop y1 258
1606943115549361293 : Checking image 1 crop x2 2386
1606943115549409194 : Checking image 1 crop y2 3458
1606943119820922753 : Checking image 2 crop x1 167
1606943119821053557 : Checking image 2 crop y1 228
1606943119821107559 : Checking image 2 crop x2 2180
1606943119821155261 : Checking image 2 crop y2 3417
1606943119871038550 : Checking image 1 dpi 300
1606943119871165754 : Checking image 1 border top 237
1606943119871208155 : Checking image 1 border bottom 50
1606943119871242956 : Checking image 1 border left 223
1606943119871279557 : Checking image 1 border right 223
1606943119874280153 : Checking image 2 dpi 300
1606943119874375756 : Checking image 2 border top 192
1606943119874414457 : Checking image 2 border bottom 106
1606943119874449458 : Checking image 2 border left 223
1606943119874483859 : Checking image 2 border right 223

</system-out><system-err>--------------------------------- Captured Err ---------------------------------

</system-err></testcase><testcase classname="tests.test_images" name="test_wrong_wave_split_line_2_png" time="81.780"><system-out>--------------------------------- Captured Log ---------------------------------

--------------------------------- Captured Out ---------------------------------
/home/runner/work/ocr-book/ocr-book/tests/wrong_wave_split_line_2.png
1606943152800982031 : Checking separation double page angle 90.7708958311329
1606943152801080534 : Checking separation double page y=0 2490
1606943161516784051 : Checking page rotation 1 0.4
1606943173973732094 : Checking page rotation 2 1.8
1606943176908231476 : Checking image 1 crop x1 224
1606943176908375080 : Checking image 1 crop y1 147
1606943176908434182 : Checking image 1 crop x2 2337
1606943176908483384 : Checking image 1 crop y2 3355
1606943180398823922 : Checking image 2 crop x1 107
1606943180398957426 : Checking image 2 crop y1 197
1606943180399012327 : Checking image 2 crop x2 2229
1606943180399059929 : Checking image 2 crop y2 3396
1606943180450255726 : Checking image 1 dpi 300
1606943180450380930 : Checking image 1 border top 126
1606943180450422231 : Checking image 1 border bottom 153
1606943180450457232 : Checking image 1 border left 173
1606943180450492133 : Checking image 1 border right 173
1606943180452912209 : Checking image 2 dpi 300
1606943180452986111 : Checking image 2 border top 170
1606943180453023012 : Checking image 2 border bottom 118
1606943180453056813 : Checking image 2 border left 169
1606943180453090714 : Checking image 2 border right 169

</system-out><system-err>--------------------------------- Captured Err ---------------------------------

</system-err></testcase><testcase classname="tests.test_images" name="test_wrong_wave_split_line_3_png" time="69.766"><system-out>--------------------------------- Captured Log ---------------------------------

--------------------------------- Captured Out ---------------------------------
/home/runner/work/ocr-book/ocr-book/tests/wrong_wave_split_line_3.png
1606943164714369446 : Checking separation double page angle 90.0586735161512
1606943164714473450 : Checking separation double page y=0 2510
1606943175769336103 : Checking page rotation 1 0.1
1606943183560019686 : Checking page rotation 2 0.35000000000000003
1606943186848512421 : Checking image 1 crop x1 272
1606943186848641125 : Checking image 1 crop y1 219
1606943186848695726 : Checking image 1 crop x2 2383
1606943186848743928 : Checking image 1 crop y2 3423
1606943189610324670 : Checking image 2 crop x1 119
1606943189610459674 : Checking image 2 crop y1 226
1606943189610570177 : Checking image 2 crop x2 2240
1606943189610627279 : Checking image 2 crop y2 3413
1606943189650038205 : Checking image 1 dpi 300
1606943189650195710 : Checking image 1 border top 190
1606943189650241912 : Checking image 1 border bottom 93
1606943189650277713 : Checking image 1 border left 174
1606943189650314714 : Checking image 1 border right 174
1606943189652920695 : Checking image 2 dpi 300
1606943189652982997 : Checking image 2 border top 190
1606943189653018898 : Checking image 2 border bottom 110
1606943189653052699 : Checking image 2 border left 169
1606943189653086300 : Checking image 2 border right 169

</system-out><system-err>--------------------------------- Captured Err ---------------------------------

</system-err></testcase><testcase classname="tests.test_images" name="test_no_split_line_wave_algo_png" time="64.762"><system-out>--------------------------------- Captured Log ---------------------------------

--------------------------------- Captured Out ---------------------------------
/home/runner/work/ocr-book/ocr-book/tests/no_split_line_wave_algo.png
1606943214853836495 : Checking separation double page angle 89.93575909193099
1606943214853936098 : Checking separation double page y=0 2482
1606943221107433980 : Checking page rotation 1 0.0
1606943229347437377 : Checking page rotation 2 -0.5499999999999972
1606943238898647991 : Checking image 1 crop x1 97
1606943238898737493 : Checking image 1 crop y1 77
1606943238898778395 : Checking image 1 crop x2 2483
1606943238898815996 : Checking image 1 crop y2 3505
1606943245136332500 : Checking image 2 crop x1 164
1606943245136427303 : Checking image 2 crop y1 266
1606943245136477005 : Checking image 2 crop x2 2241
1606943245136521506 : Checking image 2 crop y2 3382
1606943245179758031 : Checking image 1 dpi 300
1606943245179927336 : Checking image 1 border top 40
1606943245179969637 : Checking image 1 border bottom 40
1606943245180005239 : Checking image 1 border left 47
1606943245180040140 : Checking image 1 border right 47
1606943245182005900 : Checking image 2 dpi 300
1606943245182083802 : Checking image 2 border top 255
1606943245182163405 : Checking image 2 border bottom 116
1606943245182198406 : Checking image 2 border left 191
1606943245182232807 : Checking image 2 border right 191

</system-out><system-err>--------------------------------- Captured Err ---------------------------------

</system-err></testcase></testsuite></testsuites>