<?xml version="1.0" encoding="utf-8"?><testsuites><testsuite errors="0" failures="0" hostname="fv-az137-697" name="pytest" skipped="0" tests="36" time="372.020" timestamp="2021-01-26T17:55:24.981863"><testcase classname="tests.test_features" name="test_disabled_enable_debug" time="21.399"><system-out>--------------------------------- Captured Log ---------------------------------

--------------------------------- Captured Out ---------------------------------
/home/runner/work/diptych/diptych/tests/0001_debug.png
separation double page angle 90.55756528497216
separation double page y=0 2484
page rotation 1 0.65
page rotation 2 0.2
image 1 crop x1 329
image 1 crop y1 335
image 1 crop x2 2344
image 1 crop y2 3222
image 2 crop x1 171
image 2 crop y1 648
image 2 crop x2 2188
image 2 crop y2 3361
image 1 dpi 300
image 1 border top 327
image 1 border bottom 273
image 1 border left 222
image 1 border right 222
image 2 dpi 300
image 2 border top 643
image 2 border bottom 131
image 2 border left 221
image 2 border right 221

</system-out><system-err>--------------------------------- Captured Err ---------------------------------

</system-err></testcase><testcase classname="tests.test_features" name="test_mock_stop_at_0" time="0.046"><system-out>--------------------------------- Captured Log ---------------------------------

--------------------------------- Captured Out ---------------------------------
/home/runner/work/diptych/diptych/tests/0001_0.png

</system-out><system-err>--------------------------------- Captured Err ---------------------------------

</system-err></testcase><testcase classname="tests.test_features" name="test_mock_stop_at_2" time="15.062"><system-out>--------------------------------- Captured Log ---------------------------------

--------------------------------- Captured Out ---------------------------------
/home/runner/work/diptych/diptych/tests/0001_2.png
separation double page angle 90.55756528497216
separation double page y=0 2484
page rotation 1 0.65
page rotation 2 0.2

</system-out><system-err>--------------------------------- Captured Err ---------------------------------

</system-err></testcase><testcase classname="tests.test_features" name="test_mock_stop_at_4" time="21.254"><system-out>--------------------------------- Captured Log ---------------------------------

--------------------------------- Captured Out ---------------------------------
/home/runner/work/diptych/diptych/tests/0001_4.png
separation double page angle 90.55756528497216
separation double page y=0 2484
page rotation 1 0.65
page rotation 2 0.2
image 1 crop x1 329
image 1 crop y1 335
image 1 crop x2 2344
image 1 crop y2 3222
image 2 crop x1 171
image 2 crop y1 648
image 2 crop x2 2188
image 2 crop y2 3361
image 1 dpi 300
image 1 border top 326
image 1 border bottom 274
image 1 border left 222
image 1 border right 222
image 2 dpi 300
image 2 border top 643
image 2 border bottom 131
image 2 border left 221
image 2 border right 221

</system-out><system-err>--------------------------------- Captured Err ---------------------------------

</system-err></testcase><testcase classname="tests.test_features" name="test_mock_stop_at_1" time="12.097"><system-out>--------------------------------- Captured Log ---------------------------------

--------------------------------- Captured Out ---------------------------------
/home/runner/work/diptych/diptych/tests/0001_1.png
separation double page angle 90.55756528497216
separation double page y=0 2484

</system-out><system-err>--------------------------------- Captured Err ---------------------------------

</system-err></testcase><testcase classname="tests.test_features" name="test_mock_stop_at_3" time="20.831"><system-out>--------------------------------- Captured Log ---------------------------------

--------------------------------- Captured Out ---------------------------------
/home/runner/work/diptych/diptych/tests/0001_3.png
separation double page angle 90.55756528497216
separation double page y=0 2484
page rotation 1 0.65
page rotation 2 0.2
image 1 crop x1 329
image 1 crop y1 335
image 1 crop x2 2344
image 1 crop y2 3222
image 2 crop x1 171
image 2 crop y1 648
image 2 crop x2 2188
image 2 crop y2 3361

</system-out><system-err>--------------------------------- Captured Err ---------------------------------

</system-err></testcase><testcase classname="tests.test_images" name="test_0001_png" time="19.475"><system-out>--------------------------------- Captured Log ---------------------------------

--------------------------------- Captured Out ---------------------------------
/home/runner/work/diptych/diptych/tests/0001.png
1611683773933740185 : Checking separation double page angle 90.55756528497216
1611683773933867186 : Checking separation double page y=0 2484
1611683775043835130 : Checking page rotation 1 0.65
1611683776378685711 : Checking page rotation 2 0.2
1611683779202608798 : Checking image 1 crop x1 329
1611683779202708499 : Checking image 1 crop y1 335
1611683779202743599 : Checking image 1 crop x2 2344
1611683779202790299 : Checking image 1 crop y2 3222
1611683781867788121 : Checking image 2 crop x1 171
1611683781867888122 : Checking image 2 crop y1 648
1611683781867925622 : Checking image 2 crop x2 2188
1611683781867956822 : Checking image 2 crop y2 3361
1611683781868133323 : Checking image 1 dpi 300
1611683781868199124 : Checking image 1 border top 326
1611683781868229824 : Checking image 1 border bottom 274
1611683781868257924 : Checking image 1 border left 222
1611683781868285324 : Checking image 1 border right 222
1611683781871299144 : Checking image 2 dpi 300
1611683781871362144 : Checking image 2 border top 643
1611683781871412145 : Checking image 2 border bottom 131
1611683781871440745 : Checking image 2 border left 221
1611683781871484245 : Checking image 2 border right 221

</system-out><system-err>--------------------------------- Captured Err ---------------------------------

</system-err></testcase><testcase classname="tests.test_features" name="test_mock_stop_at_5" time="20.763"><system-out>--------------------------------- Captured Log ---------------------------------

--------------------------------- Captured Out ---------------------------------
/home/runner/work/diptych/diptych/tests/0001_5.png
separation double page angle 90.55756528497216
separation double page y=0 2484
page rotation 1 0.65
page rotation 2 0.2
image 1 crop x1 329
image 1 crop y1 335
image 1 crop x2 2344
image 1 crop y2 3222
image 2 crop x1 171
image 2 crop y1 648
image 2 crop x2 2188
image 2 crop y2 3361
image 1 dpi 300
image 1 border top 326
image 1 border bottom 274
image 1 border left 222
image 1 border right 222
image 2 dpi 300
image 2 border top 643
image 2 border bottom 131
image 2 border left 221
image 2 border right 221

</system-out><system-err>--------------------------------- Captured Err ---------------------------------

</system-err></testcase><testcase classname="tests.test_images" name="test_black_border_not_removed_png" time="21.289"><system-out>--------------------------------- Captured Log ---------------------------------

--------------------------------- Captured Out ---------------------------------
/home/runner/work/diptych/diptych/tests/black-border-not-removed.png
1611683792701992125 : Checking separation double page angle 90.01516396500199
1611683792702202727 : Checking separation double page y=0 2455
1611683793820475950 : Checking page rotation 1 0.0
1611683795247536423 : Checking page rotation 2 0.1
1611683798128250777 : Checking image 1 crop x1 297
1611683798128362078 : Checking image 1 crop y1 143
1611683798128401478 : Checking image 1 crop x2 2309
1611683798128435778 : Checking image 1 crop y2 3346
1611683803167386667 : Checking image 2 crop x1 154
1611683803167501167 : Checking image 2 crop y1 144
1611683803167536068 : Checking image 2 crop x2 2168
1611683803167568168 : Checking image 2 crop y2 3351
1611683803167724169 : Checking image 1 dpi 300
1611683803167792969 : Checking image 1 border top 131
1611683803167824069 : Checking image 1 border bottom 153
1611683803167870169 : Checking image 1 border left 224
1611683803167915270 : Checking image 1 border right 224
1611683803170875085 : Checking image 2 dpi 300
1611683803171049386 : Checking image 2 border top 133
1611683803171100686 : Checking image 2 border bottom 147
1611683803171137587 : Checking image 2 border left 223
1611683803171173087 : Checking image 2 border right 223

</system-out><system-err>--------------------------------- Captured Err ---------------------------------

</system-err></testcase><testcase classname="tests.test_images" name="test_2_pages_2_contours_png" time="15.120"><system-out>--------------------------------- Captured Log ---------------------------------

--------------------------------- Captured Out ---------------------------------
/home/runner/work/diptych/diptych/tests/2-pages-2-contours.png
1611683811037457313 : Checking separation double page angle 90.14230271514262
1611683811037571013 : Checking separation double page y=0 2488
1611683811622111932 : Checking page rotation 1 0.0
1611683812657433508 : Checking page rotation 2 0.2
1611683813611212522 : Checking image 1 crop x1 1189
1611683813611319723 : Checking image 1 crop y1 1751
1611683813611354323 : Checking image 1 crop x2 1190
1611683813611384423 : Checking image 1 crop y2 1752
1611683816255922534 : Checking image 2 crop x1 100
1611683816256018135 : Checking image 2 crop y1 240
1611683816256049935 : Checking image 2 crop x2 2148
1611683816256079035 : Checking image 2 crop y2 3240
1611683816256244936 : Checking image 1 dpi 300
1611683816256342837 : Checking image 1 border top 1752
1611683816256374737 : Checking image 1 border bottom 1753
1611683816256404137 : Checking image 1 border left 1239
1611683816256433137 : Checking image 1 border right 1239
1611683816259020452 : Checking image 2 dpi 300
1611683816259107253 : Checking image 2 border top 230
1611683816259136953 : Checking image 2 border bottom 256
1611683816259164253 : Checking image 2 border left 206
1611683816259191553 : Checking image 2 border right 206

</system-out><system-err>--------------------------------- Captured Err ---------------------------------

</system-err></testcase><testcase classname="tests.test_images" name="test_image_failed_to_rotate_png" time="26.493"><system-out>--------------------------------- Captured Log ---------------------------------

--------------------------------- Captured Out ---------------------------------
/home/runner/work/diptych/diptych/tests/image_failed_to_rotate.png
1611683817308209485 : Checking separation double page angle 90.35651650869968
1611683817308334886 : Checking separation double page y=0 2483
1611683819154147180 : Checking page rotation 1 0.45
1611683820267857007 : Checking page rotation 2 0.2
1611683825551186063 : Checking image 1 crop x1 31
1611683825551323764 : Checking image 1 crop y1 1
1611683825551362664 : Checking image 1 crop x2 2481
1611683825551396564 : Checking image 1 crop y2 3504
1611683829569097155 : Checking image 2 crop x1 171
1611683829569259756 : Checking image 2 crop y1 231
1611683829569297856 : Checking image 2 crop x2 2259
1611683829569331757 : Checking image 2 crop y2 3358
1611683829569528358 : Checking image 1 dpi 300
1611683829569592258 : Checking image 1 border top 2
1611683829569624159 : Checking image 1 border bottom 2
1611683829569651359 : Checking image 1 border left 15
1611683829569696859 : Checking image 1 border right 15
1611683829572458678 : Checking image 2 dpi 300
1611683829572512678 : Checking image 2 border top 217
1611683829572542578 : Checking image 2 border bottom 143
1611683829572588578 : Checking image 2 border left 186
1611683829572617279 : Checking image 2 border right 186

</system-out><system-err>--------------------------------- Captured Err ---------------------------------

</system-err></testcase><testcase classname="tests.test_images" name="test_wrong_split_line_png" time="17.626"><system-out>--------------------------------- Captured Log ---------------------------------

--------------------------------- Captured Out ---------------------------------
/home/runner/work/diptych/diptych/tests/wrong_split_line.png
1611683828044888674 : Checking separation double page angle 89.95895720607972
1611683828044977575 : Checking separation double page y=0 2466
1611683829178035843 : Checking page rotation 1 -0.04999999999999689
1611683830167988156 : Checking page rotation 2 0.45
1611683831613072108 : Checking image 1 crop x1 211
1611683831613237709 : Checking image 1 crop y1 156
1611683831613273610 : Checking image 1 crop x2 2323
1611683831613306410 : Checking image 1 crop y2 3363
1611683833876565828 : Checking image 2 crop x1 123
1611683833876683628 : Checking image 2 crop y1 164
1611683833876724129 : Checking image 2 crop x2 2237
1611683833876761529 : Checking image 2 crop y2 3375
1611683833876919830 : Checking image 1 dpi 300
1611683833876991230 : Checking image 1 border top 135
1611683833877026831 : Checking image 1 border bottom 145
1611683833877060531 : Checking image 1 border left 174
1611683833877095531 : Checking image 1 border right 174
1611683833879641348 : Checking image 2 dpi 300
1611683833879718949 : Checking image 2 border top 141
1611683833879772549 : Checking image 2 border bottom 135
1611683833879824049 : Checking image 2 border left 173
1611683833879859050 : Checking image 2 border right 173

</system-out><system-err>--------------------------------- Captured Err ---------------------------------

</system-err></testcase><testcase classname="tests.test_images" name="test_image_failed_to_crop_data_png" time="37.305"><system-out>--------------------------------- Captured Log ---------------------------------

--------------------------------- Captured Out ---------------------------------
/home/runner/work/diptych/diptych/tests/image_failed_to_crop_data.png
1611683847852112956 : Checking separation double page angle 90.09350257645173
1611683847852254256 : Checking separation double page y=0 2479
1611683852452682641 : Checking page rotation 1 0.15000000000000002
1611683853631273475 : Checking page rotation 2 0.05
1611683863324765152 : Checking image 1 crop x1 46
1611683863324887652 : Checking image 1 crop y1 1
1611683863324945453 : Checking image 1 crop x2 2477
1611683863324980453 : Checking image 1 crop y2 3505
1611683866902751371 : Checking image 2 crop x1 164
1611683866902856772 : Checking image 2 crop y1 217
1611683866902895472 : Checking image 2 crop x2 2245
1611683866902930672 : Checking image 2 crop y2 3350
1611683866903098373 : Checking image 1 dpi 300
1611683866903168274 : Checking image 1 border top 2
1611683866903204574 : Checking image 1 border bottom 2
1611683866903237574 : Checking image 1 border left 25
1611683866903268774 : Checking image 1 border right 25
1611683866906036792 : Checking image 2 dpi 300
1611683866906122493 : Checking image 2 border top 206
1611683866906155593 : Checking image 2 border bottom 148
1611683866906184993 : Checking image 2 border left 189
1611683866906214493 : Checking image 2 border right 189

</system-out><system-err>--------------------------------- Captured Err ---------------------------------

</system-err></testcase><testcase classname="tests.test_images" name="test_crop_too_much_png" time="24.386"><system-out>--------------------------------- Captured Log ---------------------------------

--------------------------------- Captured Out ---------------------------------
/home/runner/work/diptych/diptych/tests/crop_too_much.png
1611683846911976343 : Checking separation double page angle 90.16929865985193
1611683846912101544 : Checking separation double page y=0 2456
1611683848406470319 : Checking page rotation 1 -0.04999999999999689
1611683849849326353 : Checking page rotation 2 0.2
1611683853430439557 : Checking image 1 crop x1 302
1611683853430561058 : Checking image 1 crop y1 148
1611683853430601358 : Checking image 1 crop x2 2314
1611683853430637059 : Checking image 1 crop y2 3351
1611683858244518105 : Checking image 2 crop x1 163
1611683858244694206 : Checking image 2 crop y1 151
1611683858244746606 : Checking image 2 crop x2 2187
1611683858244838107 : Checking image 2 crop y2 3363
1611683858245010208 : Checking image 1 dpi 300
1611683858245102208 : Checking image 1 border top 133
1611683858245135408 : Checking image 1 border bottom 151
1611683858245216409 : Checking image 1 border left 224
1611683858245246509 : Checking image 1 border right 224
1611683858248146824 : Checking image 2 dpi 300
1611683858248208125 : Checking image 2 border top 132
1611683858248238825 : Checking image 2 border bottom 143
1611683858248284325 : Checking image 2 border left 218
1611683858248312025 : Checking image 2 border right 218

</system-out><system-err>--------------------------------- Captured Err ---------------------------------

</system-err></testcase><testcase classname="tests.test_images" name="test_crop_too_few_png" time="17.511"><system-out>--------------------------------- Captured Log ---------------------------------

--------------------------------- Captured Out ---------------------------------
/home/runner/work/diptych/diptych/tests/crop_too_few.png
1611683869989985238 : Checking separation double page angle 89.49492328400886
1611683869990126638 : Checking separation double page y=0 2510
1611683870879094230 : Checking page rotation 1 -0.6499999999999977
1611683871998676299 : Checking page rotation 2 0.0
1611683874185487547 : Checking image 1 crop x1 263
1611683874185595548 : Checking image 1 crop y1 150
1611683874185632448 : Checking image 1 crop x2 2377
1611683874185664948 : Checking image 1 crop y2 3357
1611683875782698966 : Checking image 2 crop x1 139
1611683875782816867 : Checking image 2 crop y1 141
1611683875782858767 : Checking image 2 crop x2 2261
1611683875782896268 : Checking image 2 crop y2 3345
1611683875783055769 : Checking image 1 dpi 300
1611683875783126169 : Checking image 1 border top 129
1611683875783163169 : Checking image 1 border bottom 150
1611683875783199169 : Checking image 1 border left 173
1611683875783234970 : Checking image 1 border right 173
1611683875787024893 : Checking image 2 dpi 300
1611683875787102093 : Checking image 2 border top 130
1611683875787140394 : Checking image 2 border bottom 153
1611683875787176294 : Checking image 2 border left 169
1611683875787212094 : Checking image 2 border right 169

</system-out><system-err>--------------------------------- Captured Err ---------------------------------

</system-err></testcase><testcase classname="tests.test_images" name="test_wrong_angle_split_line_png" time="24.020"><system-out>--------------------------------- Captured Log ---------------------------------

--------------------------------- Captured Out ---------------------------------
/home/runner/work/diptych/diptych/tests/wrong_angle_split_line.png
1611683876972524581 : Checking separation double page angle 90.08791528895468
1611683876972672082 : Checking separation double page y=0 2478
1611683878263346516 : Checking page rotation 1 0.1
1611683879481341504 : Checking page rotation 2 0.1
1611683885129130575 : Checking image 1 crop x1 58
1611683885129359276 : Checking image 1 crop y1 6
1611683885129409376 : Checking image 1 crop x2 2476
1611683885129445877 : Checking image 1 crop y2 3501
1611683890255764001 : Checking image 2 crop x1 166
1611683890255866701 : Checking image 2 crop y1 218
1611683890255916602 : Checking image 2 crop x2 2244
1611683890255964802 : Checking image 2 crop y2 3349
1611683890256153303 : Checking image 1 dpi 300
1611683890256221104 : Checking image 1 border top 6
1611683890256251404 : Checking image 1 border bottom 6
1611683890256280004 : Checking image 1 border left 31
1611683890256307904 : Checking image 1 border right 31
1611683890264739557 : Checking image 2 dpi 300
1611683890264830157 : Checking image 2 border top 209
1611683890264859057 : Checking image 2 border bottom 147
1611683890264884858 : Checking image 2 border left 191
1611683890264910358 : Checking image 2 border right 191

</system-out><system-err>--------------------------------- Captured Err ---------------------------------

</system-err></testcase><testcase classname="tests.test_images" name="test_crop_too_much_2_png" time="24.595"><system-out>--------------------------------- Captured Log ---------------------------------

--------------------------------- Captured Out ---------------------------------
/home/runner/work/diptych/diptych/tests/crop_too_much_2.png
1611683889743912195 : Checking separation double page angle 90.15285326123045
1611683889744027595 : Checking separation double page y=0 2477
1611683891305022344 : Checking page rotation 1 0.15000000000000002
1611683893113485223 : Checking page rotation 2 0.2
1611683896335773318 : Checking image 1 crop x1 330
1611683896335908419 : Checking image 1 crop y1 132
1611683896335947119 : Checking image 1 crop x2 2342
1611683896335980520 : Checking image 1 crop y2 3335
1611683900352263952 : Checking image 2 crop x1 165
1611683900352364453 : Checking image 2 crop y1 139
1611683900352412853 : Checking image 2 crop x2 2178
1611683900352445953 : Checking image 2 crop y2 3345
1611683900352591954 : Checking image 1 dpi 300
1611683900352657955 : Checking image 1 border top 121
1611683900352691055 : Checking image 1 border bottom 163
1611683900352722855 : Checking image 1 border left 224
1611683900352754955 : Checking image 1 border right 224
1611683900355616773 : Checking image 2 dpi 300
1611683900355674173 : Checking image 2 border top 129
1611683900355706274 : Checking image 2 border bottom 152
1611683900355736574 : Checking image 2 border left 223
1611683900355766374 : Checking image 2 border right 223

</system-out><system-err>--------------------------------- Captured Err ---------------------------------

</system-err></testcase><testcase classname="tests.test_images" name="test_angle_page_lower_split_line_png" time="25.319"><system-out>--------------------------------- Captured Log ---------------------------------

--------------------------------- Captured Out ---------------------------------
/home/runner/work/diptych/diptych/tests/angle_page_lower_split_line.png
1611683907917349189 : Checking separation double page angle 89.74412725181848
1611683907917456989 : Checking separation double page y=0 2472
1611683909520714182 : Checking page rotation 1 -0.14999999999999067
1611683910872117804 : Checking page rotation 2 0.1
1611683912662030460 : Checking image 1 crop x1 241
1611683912662164561 : Checking image 1 crop y1 156
1611683912662207761 : Checking image 1 crop x2 2357
1611683912662247361 : Checking image 1 crop y2 3368
1611683916321512731 : Checking image 2 crop x1 151
1611683916321613432 : Checking image 2 crop y1 146
1611683916321647232 : Checking image 2 crop x2 2261
1611683916321697932 : Checking image 2 crop y2 3351
1611683916321879434 : Checking image 1 dpi 300
1611683916321965434 : Checking image 1 border top 140
1611683916321999834 : Checking image 1 border bottom 135
1611683916322068735 : Checking image 1 border left 172
1611683916322133435 : Checking image 1 border right 172
1611683916324210448 : Checking image 2 dpi 300
1611683916324258248 : Checking image 2 border top 131
1611683916324287649 : Checking image 2 border bottom 151
1611683916324313949 : Checking image 2 border left 175
1611683916324339849 : Checking image 2 border right 175

</system-out><system-err>--------------------------------- Captured Err ---------------------------------

</system-err></testcase><testcase classname="tests.test_images" name="test_wrong_split_line_2_png" time="32.720"><system-out>--------------------------------- Captured Log ---------------------------------

--------------------------------- Captured Out ---------------------------------
/home/runner/work/diptych/diptych/tests/wrong_split_line_2.png
1611683916035215051 : Checking separation double page angle 90.23635161124103
1611683916035309752 : Checking separation double page y=0 2437
1611683917794815790 : Checking page rotation 1 0.2
1611683919415688367 : Checking page rotation 2 0.2
1611683925389051267 : Checking image 1 crop x1 294
1611683925389194068 : Checking image 1 crop y1 136
1611683925389234568 : Checking image 1 crop x2 2325
1611683925389284969 : Checking image 1 crop y2 3376
1611683933085306640 : Checking image 2 crop x1 138
1611683933085470441 : Checking image 2 crop y1 190
1611683933085527242 : Checking image 2 crop x2 2174
1611683933085583542 : Checking image 2 crop y2 3389
1611683933085818944 : Checking image 1 dpi 300
1611683933085893144 : Checking image 1 border top 131
1611683933085963845 : Checking image 1 border bottom 116
1611683933085997045 : Checking image 1 border left 214
1611683933086060345 : Checking image 1 border right 214
1611683933088921063 : Checking image 2 dpi 300
1611683933088992263 : Checking image 2 border top 181
1611683933089042364 : Checking image 2 border bottom 107
1611683933089073064 : Checking image 2 border left 212
1611683933089103464 : Checking image 2 border right 212

</system-out><system-err>--------------------------------- Captured Err ---------------------------------

</system-err></testcase><testcase classname="tests.test_images" name="test_wrong_wave_split_line_png" time="30.749"><system-out>--------------------------------- Captured Log ---------------------------------

--------------------------------- Captured Out ---------------------------------
/home/runner/work/diptych/diptych/tests/wrong_wave_split_line.png
1611683932071827094 : Checking separation double page angle 90.42461655762611
1611683932071955795 : Checking separation double page y=0 2502
1611683933399220606 : Checking page rotation 1 -0.09999999999999377
1611683934749605962 : Checking page rotation 2 0.85
1611683940892653387 : Checking image 1 crop x1 384
1611683940892768788 : Checking image 1 crop y1 178
1611683940892802688 : Checking image 1 crop x2 2412
1611683940892832088 : Checking image 1 crop y2 3374
1611683947064031998 : Checking image 2 crop x1 7
1611683947064170899 : Checking image 2 crop y1 0
1611683947064209099 : Checking image 2 crop x2 2411
1611683947064244999 : Checking image 2 crop y2 3505
1611683947064425500 : Checking image 1 dpi 300
1611683947064516701 : Checking image 1 border top 173
1611683947064554701 : Checking image 1 border bottom 118
1611683947064588501 : Checking image 1 border left 216
1611683947064622102 : Checking image 1 border right 216
1611683947067637821 : Checking image 2 dpi 300
1611683947067697922 : Checking image 2 border top 1
1611683947067733022 : Checking image 2 border bottom 1
1611683947067763722 : Checking image 2 border left 38
1611683947067794122 : Checking image 2 border right 38

</system-out><system-err>--------------------------------- Captured Err ---------------------------------

</system-err></testcase><testcase classname="tests.test_images" name="test_small_wave_png" time="21.849"><system-out>--------------------------------- Captured Log ---------------------------------

--------------------------------- Captured Out ---------------------------------
/home/runner/work/diptych/diptych/tests/small_wave.png
1611683948108073387 : Checking separation double page angle 90.56494929955075
1611683948108178987 : Checking separation double page y=0 2495
1611683949767278675 : Checking page rotation 1 0.7
1611683951134523766 : Checking page rotation 2 0.65
1611683952643170775 : Checking image 1 crop x1 322
1611683952643281476 : Checking image 1 crop y1 199
1611683952643334077 : Checking image 1 crop x2 2351
1611683952643366377 : Checking image 1 crop y2 3394
1611683954937011009 : Checking image 2 crop x1 130
1611683954937160710 : Checking image 2 crop y1 222
1611683954937222410 : Checking image 2 crop x2 2163
1611683954937258210 : Checking image 2 crop y2 3420
1611683954937424311 : Checking image 1 dpi 300
1611683954937577812 : Checking image 1 border top 181
1611683954937618113 : Checking image 1 border bottom 111
1611683954937654613 : Checking image 1 border left 215
1611683954937691313 : Checking image 1 border right 215
1611683954941052934 : Checking image 2 dpi 300
1611683954941118534 : Checking image 2 border top 197
1611683954941172835 : Checking image 2 border bottom 92
1611683954941205635 : Checking image 2 border left 213
1611683954941233835 : Checking image 2 border right 213

</system-out><system-err>--------------------------------- Captured Err ---------------------------------

</system-err></testcase><testcase classname="tests.test_images" name="test_no_split_line_line_algo_png" time="20.761"><system-out>--------------------------------- Captured Log ---------------------------------

--------------------------------- Captured Out ---------------------------------
/home/runner/work/diptych/diptych/tests/no_split_line_line_algo.png
1611683959092097448 : Checking separation double page angle 89.47691469185418
1611683959092205249 : Checking separation double page y=0 2476
1611683960022716790 : Checking page rotation 1 -0.14999999999999067
1611683961471497130 : Checking page rotation 2 -0.14999999999999067
1611683963494501436 : Checking image 1 crop x1 205
1611683963494606437 : Checking image 1 crop y1 158
1611683963494644037 : Checking image 1 crop x2 2320
1611683963494678437 : Checking image 1 crop y2 3366
1611683967846777093 : Checking image 2 crop x1 185
1611683967846894694 : Checking image 2 crop y1 225
1611683967846930094 : Checking image 2 crop x2 2204
1611683967846962595 : Checking image 2 crop y2 3362
1611683967847121296 : Checking image 1 dpi 300
1611683967847203896 : Checking image 1 border top 144
1611683967847234096 : Checking image 1 border bottom 134
1611683967847262796 : Checking image 1 border left 172
1611683967847290397 : Checking image 1 border right 172
1611683967850747719 : Checking image 2 dpi 300
1611683967850825419 : Checking image 2 border top 223
1611683967850853920 : Checking image 2 border bottom 127
1611683967850880020 : Checking image 2 border left 220
1611683967850906220 : Checking image 2 border right 220

</system-out><system-err>--------------------------------- Captured Err ---------------------------------

</system-err></testcase><testcase classname="tests.test_images" name="test_wrong_split_line_3_png" time="22.471"><system-out>--------------------------------- Captured Log ---------------------------------

--------------------------------- Captured Out ---------------------------------
/home/runner/work/diptych/diptych/tests/wrong_split_line_3.png
1611683967370615765 : Checking separation double page angle 90.40515247895009
1611683967370741566 : Checking separation double page y=0 2495
1611683968700196869 : Checking page rotation 1 0.2
1611683969785794135 : Checking page rotation 2 0.85
1611683971790300404 : Checking image 1 crop x1 331
1611683971790410305 : Checking image 1 crop y1 166
1611683971790445505 : Checking image 1 crop x2 2377
1611683971790478506 : Checking image 1 crop y2 3375
1611683977435530852 : Checking image 2 crop x1 103
1611683977435627953 : Checking image 2 crop y1 207
1611683977435663653 : Checking image 2 crop x2 2136
1611683977435696353 : Checking image 2 crop y2 3414
1611683977435913554 : Checking image 1 dpi 300
1611683977436037755 : Checking image 1 border top 158
1611683977436075755 : Checking image 1 border bottom 120
1611683977436112156 : Checking image 1 border left 207
1611683977436146956 : Checking image 1 border right 207
1611683977439068875 : Checking image 2 dpi 300
1611683977439133775 : Checking image 2 border top 199
1611683977439167275 : Checking image 2 border bottom 81
1611683977439197375 : Checking image 2 border left 213
1611683977439244176 : Checking image 2 border right 213

</system-out><system-err>--------------------------------- Captured Err ---------------------------------

</system-err></testcase><testcase classname="tests.test_images" name="test_failed_split_line_line_algo_png" time="15.190"><system-out>--------------------------------- Captured Log ---------------------------------

--------------------------------- Captured Out ---------------------------------
/home/runner/work/diptych/diptych/tests/failed_split_line_line_algo.png
1611683977581111687 : Checking separation double page angle 90.0093502548779
1611683977581259188 : Checking separation double page y=0 2574
1611683978331580058 : Checking page rotation 1 0.0
1611683978912194860 : Checking page rotation 2 0.0
1611683981452117215 : Checking image 1 crop x1 411
1611683981452243316 : Checking image 1 crop y1 2927
1611683981452281716 : Checking image 1 crop x2 2422
1611683981452315017 : Checking image 1 crop y2 3172
1611683983061336197 : Checking image 2 crop x1 1191
1611683983061426498 : Checking image 2 crop y1 1745
1611683983061459698 : Checking image 2 crop x2 1192
1611683983061489398 : Checking image 2 crop y2 1746
1611683983061613299 : Checking image 1 dpi 300
1611683983061705900 : Checking image 1 border top 2920
1611683983061739900 : Checking image 1 border bottom 322
1611683983061772300 : Checking image 1 border left 224
1611683983061803100 : Checking image 1 border right 224
1611683983063697512 : Checking image 2 dpi 300
1611683983063760112 : Checking image 2 border top 1752
1611683983063810813 : Checking image 2 border bottom 1753
1611683983063843013 : Checking image 2 border left 1239
1611683983063875313 : Checking image 2 border right 1239

</system-out><system-err>--------------------------------- Captured Err ---------------------------------

</system-err></testcase><testcase classname="tests.test_images" name="test_crop_too_much_3_png" time="19.955"><system-out>--------------------------------- Captured Log ---------------------------------

--------------------------------- Captured Out ---------------------------------
/home/runner/work/diptych/diptych/tests/crop_too_much_3.png
1611683989008978637 : Checking separation double page angle 89.5934556679346
1611683989009093537 : Checking separation double page y=0 2499
1611683990129568556 : Checking page rotation 1 -0.8999999999999949
1611683991720685954 : Checking page rotation 2 -0.04999999999999689
1611683994836278633 : Checking image 1 crop x1 374
1611683994836393733 : Checking image 1 crop y1 258
1611683994836429333 : Checking image 1 crop x2 2385
1611683994836460634 : Checking image 1 crop y2 3459
1611683997381079275 : Checking image 2 crop x1 164
1611683997381206376 : Checking image 2 crop y1 229
1611683997381242376 : Checking image 2 crop x2 2183
1611683997381274677 : Checking image 2 crop y2 3416
1611683997381436377 : Checking image 1 dpi 300
1611683997381500478 : Checking image 1 border top 239
1611683997381531778 : Checking image 1 border bottom 46
1611683997381561178 : Checking image 1 border left 224
1611683997381608578 : Checking image 1 border right 224
1611683997384231593 : Checking image 2 dpi 300
1611683997384284893 : Checking image 2 border top 210
1611683997384313293 : Checking image 2 border bottom 90
1611683997384340593 : Checking image 2 border left 220
1611683997384367493 : Checking image 2 border right 220

</system-out><system-err>--------------------------------- Captured Err ---------------------------------

</system-err></testcase><testcase classname="tests.test_images" name="test_failed_split_line_line_algo_2_png" time="21.291"><system-out>--------------------------------- Captured Log ---------------------------------

--------------------------------- Captured Out ---------------------------------
/home/runner/work/diptych/diptych/tests/failed_split_line_line_algo_2.png
1611683996281367650 : Checking separation double page angle 90.03732329462368
1611683996281685852 : Checking separation double page y=0 2499
1611683997765271780 : Checking page rotation 1 -0.09999999999999377
1611683999077329869 : Checking page rotation 2 0.5499999999999999
1611684001881921986 : Checking image 1 crop x1 273
1611684001882039687 : Checking image 1 crop y1 147
1611684001882074987 : Checking image 1 crop x2 2386
1611684001882140688 : Checking image 1 crop y2 3352
1611684004311174721 : Checking image 2 crop x1 122
1611684004311281122 : Checking image 2 crop y1 155
1611684004311319822 : Checking image 2 crop x2 2246
1611684004311370722 : Checking image 2 crop y2 3350
1611684004311526923 : Checking image 1 dpi 300
1611684004311597923 : Checking image 1 border top 137
1611684004311630923 : Checking image 1 border bottom 145
1611684004311662524 : Checking image 1 border left 173
1611684004311692224 : Checking image 1 border right 173
1611684004314156634 : Checking image 2 dpi 300
1611684004314243034 : Checking image 2 border top 133
1611684004314277634 : Checking image 2 border bottom 159
1611684004314308734 : Checking image 2 border left 168
1611684004314339235 : Checking image 2 border right 168

</system-out><system-err>--------------------------------- Captured Err ---------------------------------

</system-err></testcase><testcase classname="tests.test_images" name="test_wrong_wave_split_line_2_png" time="24.249"><system-out>--------------------------------- Captured Log ---------------------------------

--------------------------------- Captured Out ---------------------------------
/home/runner/work/diptych/diptych/tests/wrong_wave_split_line_2.png
1611684013601779092 : Checking separation double page angle 90.7708958311329
1611684013601888993 : Checking separation double page y=0 2490
1611684014915901473 : Checking page rotation 1 0.2
1611684016147211746 : Checking page rotation 2 1.65
1611684017792990202 : Checking image 1 crop x1 227
1611684017793127703 : Checking image 1 crop y1 147
1611684017793237503 : Checking image 1 crop x2 2342
1611684017793278304 : Checking image 1 crop y2 3353
1611684021635973651 : Checking image 2 crop x1 106
1611684021636106552 : Checking image 2 crop y1 195
1611684021636144752 : Checking image 2 crop x2 2231
1611684021636179752 : Checking image 2 crop y2 3398
1611684021636331553 : Checking image 1 dpi 300
1611684021636401353 : Checking image 1 border top 136
1611684021636435654 : Checking image 1 border bottom 145
1611684021636468254 : Checking image 1 border left 172
1611684021636499654 : Checking image 1 border right 172
1611684021639572374 : Checking image 2 dpi 300
1611684021639702274 : Checking image 2 border top 166
1611684021639778675 : Checking image 2 border bottom 117
1611684021639831875 : Checking image 2 border left 167
1611684021639867076 : Checking image 2 border right 167

</system-out><system-err>--------------------------------- Captured Err ---------------------------------

</system-err></testcase><testcase classname="tests.test_images" name="test_wrong_wave_split_line_3_png" time="22.678"><system-out>--------------------------------- Captured Log ---------------------------------

--------------------------------- Captured Out ---------------------------------
/home/runner/work/diptych/diptych/tests/wrong_wave_split_line_3.png
1611684020200537099 : Checking separation double page angle 90.12715931778824
1611684020200634499 : Checking separation double page y=0 2514
1611684021697033340 : Checking page rotation 1 0.05
1611684022831633374 : Checking page rotation 2 0.2
1611684024993104955 : Checking image 1 crop x1 273
1611684024993302157 : Checking image 1 crop y1 220
1611684024993350557 : Checking image 1 crop x2 2383
1611684024993381557 : Checking image 1 crop y2 3423
1611684027015906459 : Checking image 2 crop x1 116
1611684027016028159 : Checking image 2 crop y1 225
1611684027016192061 : Checking image 2 crop x2 2242
1611684027016251361 : Checking image 2 crop y2 3415
1611684027016756864 : Checking image 1 dpi 300
1611684027016923165 : Checking image 1 border top 202
1611684027016956665 : Checking image 1 border bottom 82
1611684027016988365 : Checking image 1 border left 175
1611684027017017766 : Checking image 1 border right 175
1611684027019721083 : Checking image 2 dpi 300
1611684027019853583 : Checking image 2 border top 204
1611684027019891284 : Checking image 2 border bottom 93
1611684027019925684 : Checking image 2 border left 167
1611684027019960284 : Checking image 2 border right 167

</system-out><system-err>--------------------------------- Captured Err ---------------------------------

</system-err></testcase><testcase classname="tests.test_images" name="test_no_split_line_wave_algo_png" time="33.157"><system-out>--------------------------------- Captured Log ---------------------------------

--------------------------------- Captured Out ---------------------------------
/home/runner/work/diptych/diptych/tests/no_split_line_wave_algo.png
1611684034886886651 : Checking separation double page angle 89.79018091440821
1611684034887018052 : Checking separation double page y=0 2483
1611684037610447807 : Checking page rotation 1 0.0
1611684038828886629 : Checking page rotation 2 -0.44999999999999746
1611684048141944766 : Checking image 1 crop x1 97
1611684048142060767 : Checking image 1 crop y1 74
1611684048142095267 : Checking image 1 crop x2 2489
1611684048142127967 : Checking image 1 crop y2 3505
1611684054761906921 : Checking image 2 crop x1 164
1611684054762040022 : Checking image 2 crop y1 267
1611684054762079223 : Checking image 2 crop x2 2239
1611684054762130323 : Checking image 2 crop y2 3380
1611684054762284224 : Checking image 1 dpi 300
1611684054762352624 : Checking image 1 border top 38
1611684054762403025 : Checking image 1 border bottom 38
1611684054762435025 : Checking image 1 border left 44
1611684054762466625 : Checking image 1 border right 44
1611684054765419345 : Checking image 2 dpi 300
1611684054765489545 : Checking image 2 border top 257
1611684054765523845 : Checking image 2 border bottom 117
1611684054765555945 : Checking image 2 border left 192
1611684054765587746 : Checking image 2 border right 192

</system-out><system-err>--------------------------------- Captured Err ---------------------------------

</system-err></testcase><testcase classname="tests.test_images" name="test_no_split_line_wave_algo_2_png" time="19.218"><system-out>--------------------------------- Captured Log ---------------------------------

--------------------------------- Captured Out ---------------------------------
/home/runner/work/diptych/diptych/tests/no_split_line_wave_algo_2.png
1611684039645673674 : Checking separation double page angle 90.43362571535843
1611684039645797875 : Checking separation double page y=0 2473
1611684040729411898 : Checking page rotation 1 1.05
1611684041861870447 : Checking page rotation 2 0.15000000000000002
1611684044235020480 : Checking image 1 crop x1 267
1611684044235142981 : Checking image 1 crop y1 210
1611684044235185481 : Checking image 1 crop x2 2343
1611684044235221981 : Checking image 1 crop y2 3412
1611684046239116956 : Checking image 2 crop x1 165
1611684046239219557 : Checking image 2 crop y1 241
1611684046239255057 : Checking image 2 crop x2 2250
1611684046239288057 : Checking image 2 crop y2 3433
1611684046239453058 : Checking image 1 dpi 300
1611684046239521559 : Checking image 1 border top 192
1611684046239553459 : Checking image 1 border bottom 93
1611684046239583459 : Checking image 1 border left 192
1611684046239612059 : Checking image 1 border right 192
1611684046242701180 : Checking image 2 dpi 300
1611684046242774980 : Checking image 2 border top 224
1611684046242804580 : Checking image 2 border bottom 71
1611684046242831180 : Checking image 2 border left 187
1611684046242858081 : Checking image 2 border right 187

</system-out><system-err>--------------------------------- Captured Err ---------------------------------

</system-err></testcase><testcase classname="tests.test_images" name="test_failed_detect_rectangle_png" time="18.966"><system-out>--------------------------------- Captured Log ---------------------------------

--------------------------------- Captured Out ---------------------------------
/home/runner/work/diptych/diptych/tests/failed_detect_rectangle.png
1611684059734473478 : Checking separation double page angle 90.242273842964
1611684059734593979 : Checking separation double page y=0 2475
1611684060991188216 : Checking page rotation 1 0.2
1611684062487653631 : Checking page rotation 2 0.2
1611684063779465886 : Checking image 1 crop x1 257
1611684063779584486 : Checking image 1 crop y1 201
1611684063779627287 : Checking image 1 crop x2 2333
1611684063779664487 : Checking image 1 crop y2 3402
1611684065195699406 : Checking image 2 crop x1 137
1611684065195804307 : Checking image 2 crop y1 215
1611684065195842307 : Checking image 2 crop x2 2220
1611684065195876808 : Checking image 2 crop y2 3406
1611684065196029109 : Checking image 1 dpi 300
1611684065196101509 : Checking image 1 border top 188
1611684065196134909 : Checking image 1 border bottom 98
1611684065196165209 : Checking image 1 border left 192
1611684065196194910 : Checking image 1 border right 192
1611684065199128928 : Checking image 2 dpi 300
1611684065199188828 : Checking image 2 border top 201
1611684065199221228 : Checking image 2 border bottom 95
1611684065199266528 : Checking image 2 border left 188
1611684065199295729 : Checking image 2 border right 188

</system-out><system-err>--------------------------------- Captured Err ---------------------------------

</system-err></testcase><testcase classname="tests.test_images" name="test_crop_too_few_2_png" time="19.377"><system-out>--------------------------------- Captured Log ---------------------------------

--------------------------------- Captured Out ---------------------------------
/home/runner/work/diptych/diptych/tests/crop_too_few_2.png
1611684066413099463 : Checking separation double page angle 90.35461351371423
1611684066413251664 : Checking separation double page y=0 2533
1611684067458486964 : Checking page rotation 1 1.0999999999999999
1611684068684306824 : Checking page rotation 2 0.0
1611684071554088266 : Checking image 1 crop x1 289
1611684071554190966 : Checking image 1 crop y1 165
1611684071554222667 : Checking image 1 crop x2 2400
1611684071554252467 : Checking image 1 crop y2 3367
1611684074199347539 : Checking image 2 crop x1 152
1611684074199480840 : Checking image 2 crop y1 190
1611684074199515740 : Checking image 2 crop x2 2273
1611684074199548040 : Checking image 2 crop y2 3385
1611684074199708241 : Checking image 1 dpi 300
1611684074199810342 : Checking image 1 border top 157
1611684074199935743 : Checking image 1 border bottom 128
1611684074199975643 : Checking image 1 border left 174
1611684074200010444 : Checking image 1 border right 174
1611684074202739763 : Checking image 2 dpi 300
1611684074202810163 : Checking image 2 border top 175
1611684074202840063 : Checking image 2 border bottom 116
1611684074202868164 : Checking image 2 border left 169
1611684074202895764 : Checking image 2 border right 169

</system-out><system-err>--------------------------------- Captured Err ---------------------------------

</system-err></testcase><testcase classname="tests.test_images" name="test_single_page_png" time="6.156"><system-out>--------------------------------- Captured Log ---------------------------------

--------------------------------- Captured Out ---------------------------------
/home/runner/work/diptych/diptych/tests/single_page.png
1611684068330587454 : Checking separation double page angle 89.93006318861008
1611684068330739155 : Checking separation double page y=0 2472
1611684069236200078 : Checking page rotation 1 0.0
1611684069346733850 : Checking page rotation 2 0.0
1611684070906183941 : Checking image 1 crop x1 1
1611684070906265741 : Checking image 1 crop y1 8
1611684070906300242 : Checking image 1 crop x2 2470
1611684070906330442 : Checking image 1 crop y2 3505
1611684071050597449 : Checking image 2 crop x1 0
1611684071050668250 : Checking image 2 crop y1 0
1611684071050697250 : Checking image 2 crop x2 0
1611684071050725150 : Checking image 2 crop y2 0
1611684071050786851 : Checking image 1 dpi 300
1611684071050849251 : Checking image 1 border top 5
1611684071050880851 : Checking image 1 border bottom 5
1611684071050909752 : Checking image 1 border left 6
1611684071050938352 : Checking image 1 border right 6
1611684071057737499 : Checking image 2 border top 0
1611684071057801200 : Checking image 2 border bottom 0
1611684071057832300 : Checking image 2 border left 0
1611684071057863100 : Checking image 2 border right 0

</system-out><system-err>--------------------------------- Captured Err ---------------------------------

</system-err></testcase><testcase classname="tests.test_images" name="test_wrong_split_line_4_png" time="11.501"><system-out>--------------------------------- Captured Log ---------------------------------

--------------------------------- Captured Out ---------------------------------
/home/runner/work/diptych/diptych/tests/wrong_split_line_4.png
1611684078888621791 : Checking separation double page angle 90.92587744884125
1611684078888723992 : Checking separation double page y=0 58
1611684078975083445 : Checking page rotation 1 0.5499999999999999
1611684080074513687 : Checking page rotation 2 1.0999999999999999
1611684080746570392 : Checking image 1 crop x1 0
1611684080746656092 : Checking image 1 crop y1 0
1611684080746692593 : Checking image 1 crop x2 0
1611684080746727393 : Checking image 1 crop y2 0
1611684082920369602 : Checking image 2 crop x1 290
1611684082920465203 : Checking image 2 crop y1 330
1611684082920495603 : Checking image 2 crop x2 2314
1611684082920523703 : Checking image 2 crop y2 3217
1611684082920665104 : Checking image 1 border top 0
1611684082920697004 : Checking image 1 border bottom 0
1611684082920742004 : Checking image 1 border left 0
1611684082920788205 : Checking image 1 border right 0
1611684082920839705 : Checking image 2 dpi 300
1611684082920901005 : Checking image 2 border top 322
1611684082920930106 : Checking image 2 border bottom 278
1611684082920958106 : Checking image 2 border left 218
1611684082920993306 : Checking image 2 border right 218

</system-out><system-err>--------------------------------- Captured Err ---------------------------------

</system-err></testcase><testcase classname="tests.test_images" name="test_no_split_line_wave_algo_3_png" time="10.361"><system-out>--------------------------------- Captured Log ---------------------------------

--------------------------------- Captured Out ---------------------------------
/home/runner/work/diptych/diptych/tests/no_split_line_wave_algo_3.png
1611684081030587211 : Checking separation double page angle 90.18184445198425
1611684081030724612 : Checking separation double page y=0 2405
1611684081935675008 : Checking page rotation 1 0.0
1611684082105296595 : Checking page rotation 2 0.0
1611684084064625876 : Checking image 1 crop x1 184
1611684084064723576 : Checking image 1 crop y1 2957
1611684084064759877 : Checking image 1 crop x2 2201
1611684084064790977 : Checking image 1 crop y2 3202
1611684084537890167 : Checking image 2 crop x1 0
1611684084537971767 : Checking image 2 crop y1 0
1611684084538005168 : Checking image 2 crop x2 0
1611684084538037168 : Checking image 2 crop y2 0
1611684084538176969 : Checking image 1 dpi 300
1611684084538249869 : Checking image 1 border top 2950
1611684084538289669 : Checking image 1 border bottom 292
1611684084538328270 : Checking image 1 border left 221
1611684084538365070 : Checking image 1 border right 221
1611684084544706111 : Checking image 2 border top 0
1611684084544757212 : Checking image 2 border bottom 0
1611684084544790312 : Checking image 2 border left 0
1611684084544823212 : Checking image 2 border right 0

</system-out><system-err>--------------------------------- Captured Err ---------------------------------

</system-err></testcase><testcase classname="tests.test_images" name="test_failed_split_line_line_algo_3_png" time="12.029"><system-out>--------------------------------- Captured Log ---------------------------------

--------------------------------- Captured Out ---------------------------------
/home/runner/work/diptych/diptych/tests/failed_split_line_line_algo_3.png
1611684089832983352 : Checking separation double page angle 90.02403976140027
1611684089833089653 : Checking separation double page y=0 39
1611684089899399386 : Checking page rotation 1 0.0
1611684090604752158 : Checking page rotation 2 0.0
1611684090890386855 : Checking image 1 crop x1 0
1611684090890460255 : Checking image 1 crop y1 0
1611684090890505655 : Checking image 1 crop x2 0
1611684090890533356 : Checking image 1 crop y2 0
1611684094950632558 : Checking image 2 crop x1 249
1611684094950722558 : Checking image 2 crop y1 154
1611684094950770459 : Checking image 2 crop x2 2264
1611684094950817659 : Checking image 2 crop y2 3361
1611684094950969360 : Checking image 1 border top 0
1611684094951004660 : Checking image 1 border bottom 0
1611684094951035560 : Checking image 1 border left 0
1611684094951065560 : Checking image 1 border right 0
1611684094951127661 : Checking image 2 dpi 300
1611684094951188161 : Checking image 2 border top 146
1611684094951217461 : Checking image 2 border bottom 134
1611684094951261661 : Checking image 2 border left 222
1611684094951289362 : Checking image 2 border right 222

</system-out><system-err>--------------------------------- Captured Err ---------------------------------

</system-err></testcase></testsuite></testsuites>