<?xml version="1.0" encoding="utf-8"?><testsuites><testsuite errors="0" failures="0" hostname="fv-az213-405" name="pytest" skipped="0" tests="36" time="695.325" timestamp="2021-08-28T07:24:45.323206"><testcase classname="tests.test_features" name="test_disabled_enable_debug" time="35.895"><system-out>--------------------------------- Captured Log ---------------------------------

--------------------------------- Captured Out ---------------------------------
/home/runner/work/diptych/diptych/tests/0001_debug.png
separation double page angle 90.55756528497216
separation double page y=0 2484
page rotation 1 0.65
page rotation 2 0.2
image 1 crop x1 329
image 1 crop y1 335
image 1 crop x2 2344
image 1 crop y2 3222
image 2 crop x1 171
image 2 crop y1 648
image 2 crop x2 2188
image 2 crop y2 3361
image 1 dpi 300
image 1 border top 327
image 1 border bottom 273
image 1 border left 222
image 1 border right 222
image 2 dpi 300
image 2 border top 643
image 2 border bottom 131
image 2 border left 221
image 2 border right 221

</system-out><system-err>--------------------------------- Captured Err ---------------------------------

</system-err></testcase><testcase classname="tests.test_features" name="test_mock_stop_at_0" time="0.047"><system-out>--------------------------------- Captured Log ---------------------------------

--------------------------------- Captured Out ---------------------------------
/home/runner/work/diptych/diptych/tests/0001_0.png

</system-out><system-err>--------------------------------- Captured Err ---------------------------------

</system-err></testcase><testcase classname="tests.test_features" name="test_mock_stop_at_2" time="27.032"><system-out>--------------------------------- Captured Log ---------------------------------

--------------------------------- Captured Out ---------------------------------
/home/runner/work/diptych/diptych/tests/0001_2.png
separation double page angle 90.55756528497216
separation double page y=0 2484
page rotation 1 0.65
page rotation 2 0.2

</system-out><system-err>--------------------------------- Captured Err ---------------------------------

</system-err></testcase><testcase classname="tests.test_features" name="test_mock_stop_at_4" time="36.477"><system-out>--------------------------------- Captured Log ---------------------------------

--------------------------------- Captured Out ---------------------------------
/home/runner/work/diptych/diptych/tests/0001_4.png
separation double page angle 90.55756528497216
separation double page y=0 2484
page rotation 1 0.65
page rotation 2 0.2
image 1 crop x1 329
image 1 crop y1 335
image 1 crop x2 2344
image 1 crop y2 3222
image 2 crop x1 171
image 2 crop y1 648
image 2 crop x2 2188
image 2 crop y2 3361
image 1 dpi 300
image 1 border top 326
image 1 border bottom 274
image 1 border left 222
image 1 border right 222
image 2 dpi 300
image 2 border top 643
image 2 border bottom 131
image 2 border left 221
image 2 border right 221

</system-out><system-err>--------------------------------- Captured Err ---------------------------------

</system-err></testcase><testcase classname="tests.test_features" name="test_mock_stop_at_1" time="20.900"><system-out>--------------------------------- Captured Log ---------------------------------

--------------------------------- Captured Out ---------------------------------
/home/runner/work/diptych/diptych/tests/0001_1.png
separation double page angle 90.55756528497216
separation double page y=0 2484

</system-out><system-err>--------------------------------- Captured Err ---------------------------------

</system-err></testcase><testcase classname="tests.test_features" name="test_mock_stop_at_3" time="37.670"><system-out>--------------------------------- Captured Log ---------------------------------

--------------------------------- Captured Out ---------------------------------
/home/runner/work/diptych/diptych/tests/0001_3.png
separation double page angle 90.55756528497216
separation double page y=0 2484
page rotation 1 0.65
page rotation 2 0.2
image 1 crop x1 329
image 1 crop y1 335
image 1 crop x2 2344
image 1 crop y2 3222
image 2 crop x1 171
image 2 crop y1 648
image 2 crop x2 2188
image 2 crop y2 3361

</system-out><system-err>--------------------------------- Captured Err ---------------------------------

</system-err></testcase><testcase classname="tests.test_images" name="test_0001_png" time="35.850"><system-out>--------------------------------- Captured Log ---------------------------------

--------------------------------- Captured Out ---------------------------------
/home/runner/work/diptych/diptych/tests/0001.png
1630135570199668595 : Checking separation double page angle 90.55756528497216
1630135570199858504 : Checking separation double page y=0 2484
1630135573606868050 : Checking page rotation 1 0.65
1630135578164671791 : Checking page rotation 2 0.2
1630135582227434969 : Checking image 1 crop x1 329
1630135582227557475 : Checking image 1 crop y1 335
1630135582227601177 : Checking image 1 crop x2 2344
1630135582227653480 : Checking image 1 crop y2 3222
1630135585864293550 : Checking image 2 crop x1 171
1630135585864411956 : Checking image 2 crop y1 648
1630135585864456459 : Checking image 2 crop x2 2188
1630135585864495661 : Checking image 2 crop y2 3361
1630135585864678971 : Checking image 1 dpi 300
1630135585864764975 : Checking image 1 border top 326
1630135585864827779 : Checking image 1 border bottom 274
1630135585864862181 : Checking image 1 border left 222
1630135585864895782 : Checking image 1 border right 222
1630135585867696132 : Checking image 2 dpi 300
1630135585867770836 : Checking image 2 border top 643
1630135585867811538 : Checking image 2 border bottom 131
1630135585867849440 : Checking image 2 border left 221
1630135585867887142 : Checking image 2 border right 221

</system-out><system-err>--------------------------------- Captured Err ---------------------------------

</system-err></testcase><testcase classname="tests.test_features" name="test_mock_stop_at_5" time="37.605"><system-out>--------------------------------- Captured Log ---------------------------------

--------------------------------- Captured Out ---------------------------------
/home/runner/work/diptych/diptych/tests/0001_5.png
separation double page angle 90.55756528497216
separation double page y=0 2484
page rotation 1 0.65
page rotation 2 0.2
image 1 crop x1 329
image 1 crop y1 335
image 1 crop x2 2344
image 1 crop y2 3222
image 2 crop x1 171
image 2 crop y1 648
image 2 crop x2 2188
image 2 crop y2 3361
image 1 dpi 300
image 1 border top 326
image 1 border bottom 274
image 1 border left 222
image 1 border right 222
image 2 dpi 300
image 2 border top 643
image 2 border bottom 131
image 2 border left 221
image 2 border right 221

</system-out><system-err>--------------------------------- Captured Err ---------------------------------

</system-err></testcase><testcase classname="tests.test_images" name="test_black_border_not_removed_png" time="40.603"><system-out>--------------------------------- Captured Log ---------------------------------

--------------------------------- Captured Out ---------------------------------
/home/runner/work/diptych/diptych/tests/black-border-not-removed.png
1630135606848817979 : Checking separation double page angle 90.01516396500199
1630135606848953986 : Checking separation double page y=0 2455
1630135610751543016 : Checking page rotation 1 0.0
1630135616478589562 : Checking page rotation 2 0.1
1630135620514248580 : Checking image 1 crop x1 297
1630135620514429189 : Checking image 1 crop y1 143
1630135620514479792 : Checking image 1 crop x2 2309
1630135620514524394 : Checking image 1 crop y2 3346
1630135626470408075 : Checking image 2 crop x1 154
1630135626470543382 : Checking image 2 crop y1 144
1630135626470589284 : Checking image 2 crop x2 2168
1630135626470632586 : Checking image 2 crop y2 3351
1630135626470828096 : Checking image 1 dpi 300
1630135626470918100 : Checking image 1 border top 131
1630135626470959602 : Checking image 1 border bottom 153
1630135626470999404 : Checking image 1 border left 224
1630135626471036306 : Checking image 1 border right 224
1630135626474058457 : Checking image 2 dpi 300
1630135626474133661 : Checking image 2 border top 133
1630135626474172563 : Checking image 2 border bottom 147
1630135626474207765 : Checking image 2 border left 223
1630135626474242566 : Checking image 2 border right 223

</system-out><system-err>--------------------------------- Captured Err ---------------------------------

</system-err></testcase><testcase classname="tests.test_images" name="test_2_pages_2_contours_png" time="23.980"><system-out>--------------------------------- Captured Log ---------------------------------

--------------------------------- Captured Out ---------------------------------
/home/runner/work/diptych/diptych/tests/2-pages-2-contours.png
1630135632889060587 : Checking separation double page angle 90.14230271514262
1630135632889228296 : Checking separation double page y=0 2488
1630135633766483995 : Checking page rotation 1 0.0
1630135637063384275 : Checking page rotation 2 0.2
1630135638794208149 : Checking image 1 crop x1 1189
1630135638794328856 : Checking image 1 crop y1 1751
1630135638794373058 : Checking image 1 crop x2 1190
1630135638794413060 : Checking image 1 crop y2 1752
1630135642513792083 : Checking image 2 crop x1 100
1630135642513928390 : Checking image 2 crop y1 240
1630135642513977292 : Checking image 2 crop x2 2148
1630135642514023994 : Checking image 2 crop y2 3240
1630135642514245606 : Checking image 1 dpi 300
1630135642514325810 : Checking image 1 border top 1752
1630135642514367112 : Checking image 1 border bottom 1753
1630135642514404014 : Checking image 1 border left 1239
1630135642514441016 : Checking image 1 border right 1239
1630135642516470619 : Checking image 2 dpi 300
1630135642516545323 : Checking image 2 border top 230
1630135642516583525 : Checking image 2 border bottom 256
1630135642516617726 : Checking image 2 border left 206
1630135642516652128 : Checking image 2 border right 206

</system-out><system-err>--------------------------------- Captured Err ---------------------------------

</system-err></testcase><testcase classname="tests.test_images" name="test_image_failed_to_rotate_png" time="42.179"><system-out>--------------------------------- Captured Log ---------------------------------

--------------------------------- Captured Out ---------------------------------
/home/runner/work/diptych/diptych/tests/image_failed_to_rotate.png
1630135646226770193 : Checking separation double page angle 90.35651650869968
1630135646226894299 : Checking separation double page y=0 2483
1630135648641110056 : Checking page rotation 1 0.45
1630135651770523937 : Checking page rotation 2 0.2
1630135663694003768 : Checking image 1 crop x1 31
1630135663694187777 : Checking image 1 crop y1 1
1630135663694238779 : Checking image 1 crop x2 2481
1630135663694286182 : Checking image 1 crop y2 3504
1630135668555750367 : Checking image 2 crop x1 171
1630135668555881874 : Checking image 2 crop y1 231
1630135668555931976 : Checking image 2 crop x2 2259
1630135668555979779 : Checking image 2 crop y2 3358
1630135668556199390 : Checking image 1 dpi 300
1630135668556296994 : Checking image 1 border top 2
1630135668556341097 : Checking image 1 border bottom 2
1630135668556377398 : Checking image 1 border left 15
1630135668556415400 : Checking image 1 border right 15
1630135668558939826 : Checking image 2 dpi 300
1630135668559017230 : Checking image 2 border top 217
1630135668559055932 : Checking image 2 border bottom 143
1630135668559091734 : Checking image 2 border left 186
1630135668559130336 : Checking image 2 border right 186

</system-out><system-err>--------------------------------- Captured Err ---------------------------------

</system-err></testcase><testcase classname="tests.test_images" name="test_wrong_split_line_png" time="30.795"><system-out>--------------------------------- Captured Log ---------------------------------

--------------------------------- Captured Out ---------------------------------
/home/runner/work/diptych/diptych/tests/wrong_split_line.png
1630135661449355412 : Checking separation double page angle 89.95895720607972
1630135661449470918 : Checking separation double page y=0 2466
1630135664854277265 : Checking page rotation 1 -0.04999999999999689
1630135667994332253 : Checking page rotation 2 0.45
1630135670171516893 : Checking image 1 crop x1 211
1630135670171636099 : Checking image 1 crop y1 156
1630135670171679001 : Checking image 1 crop x2 2323
1630135670171720404 : Checking image 1 crop y2 3363
1630135673311912105 : Checking image 2 crop x1 123
1630135673312050912 : Checking image 2 crop y1 164
1630135673312099414 : Checking image 2 crop x2 2237
1630135673312168117 : Checking image 2 crop y2 3375
1630135673312375128 : Checking image 1 dpi 300
1630135673312466832 : Checking image 1 border top 135
1630135673312507634 : Checking image 1 border bottom 145
1630135673312544636 : Checking image 1 border left 174
1630135673312581838 : Checking image 1 border right 174
1630135673316213518 : Checking image 2 dpi 300
1630135673316309823 : Checking image 2 border top 141
1630135673316348725 : Checking image 2 border bottom 135
1630135673316394327 : Checking image 2 border left 173
1630135673316440230 : Checking image 2 border right 173

</system-out><system-err>--------------------------------- Captured Err ---------------------------------

</system-err></testcase><testcase classname="tests.test_images" name="test_image_failed_to_crop_data_png" time="56.206"><system-out>--------------------------------- Captured Log ---------------------------------

--------------------------------- Captured Out ---------------------------------
/home/runner/work/diptych/diptych/tests/image_failed_to_crop_data.png
1630135693355909006 : Checking separation double page angle 90.09350257645173
1630135693356046313 : Checking separation double page y=0 2479
1630135698940007400 : Checking page rotation 1 0.15000000000000002
1630135702638153376 : Checking page rotation 2 0.05
1630135719873956288 : Checking image 1 crop x1 46
1630135719874123797 : Checking image 1 crop y1 1
1630135719874187500 : Checking image 1 crop x2 2477
1630135719874235802 : Checking image 1 crop y2 3505
1630135724793304370 : Checking image 2 crop x1 164
1630135724793449677 : Checking image 2 crop y1 217
1630135724793508580 : Checking image 2 crop x2 2245
1630135724793551882 : Checking image 2 crop y2 3350
1630135724793748992 : Checking image 1 dpi 300
1630135724793850097 : Checking image 1 border top 2
1630135724793894100 : Checking image 1 border bottom 2
1630135724793930001 : Checking image 1 border left 25
1630135724793965703 : Checking image 1 border right 25
1630135724796946651 : Checking image 2 dpi 300
1630135724797037456 : Checking image 2 border top 206
1630135724797079358 : Checking image 2 border bottom 148
1630135724797117460 : Checking image 2 border left 189
1630135724797154962 : Checking image 2 border right 189

</system-out><system-err>--------------------------------- Captured Err ---------------------------------

</system-err></testcase><testcase classname="tests.test_images" name="test_crop_too_much_png" time="50.379"><system-out>--------------------------------- Captured Log ---------------------------------

--------------------------------- Captured Out ---------------------------------
/home/runner/work/diptych/diptych/tests/crop_too_much.png
1630135700787512212 : Checking separation double page angle 90.16929865985193
1630135700787660020 : Checking separation double page y=0 2456
1630135707234322825 : Checking page rotation 1 -0.04999999999999689
1630135713088011511 : Checking page rotation 2 0.2
1630135717564611964 : Checking image 1 crop x1 302
1630135717564737370 : Checking image 1 crop y1 148
1630135717564781972 : Checking image 1 crop x2 2314
1630135717564875677 : Checking image 1 crop y2 3351
1630135723661145212 : Checking image 2 crop x1 163
1630135723661270818 : Checking image 2 crop y1 151
1630135723661314821 : Checking image 2 crop x2 2187
1630135723661357523 : Checking image 2 crop y2 3363
1630135723661552632 : Checking image 1 dpi 300
1630135723661639137 : Checking image 1 border top 133
1630135723661680239 : Checking image 1 border bottom 151
1630135723661743742 : Checking image 1 border left 224
1630135723661784844 : Checking image 1 border right 224
1630135723665122110 : Checking image 2 dpi 300
1630135723665233916 : Checking image 2 border top 132
1630135723665272818 : Checking image 2 border bottom 143
1630135723665307819 : Checking image 2 border left 218
1630135723665342721 : Checking image 2 border right 218

</system-out><system-err>--------------------------------- Captured Err ---------------------------------

</system-err></testcase><testcase classname="tests.test_images" name="test_crop_too_few_png" time="31.349"><system-out>--------------------------------- Captured Log ---------------------------------

--------------------------------- Captured Out ---------------------------------
/home/runner/work/diptych/diptych/tests/crop_too_few.png
1630135742358495655 : Checking separation double page angle 89.49492328400886
1630135742358642562 : Checking separation double page y=0 2510
1630135745311899635 : Checking page rotation 1 -0.6499999999999977
1630135749612496644 : Checking page rotation 2 0.0
1630135752623559811 : Checking image 1 crop x1 263
1630135752623686117 : Checking image 1 crop y1 150
1630135752623743020 : Checking image 1 crop x2 2377
1630135752623808824 : Checking image 1 crop y2 3357
1630135755044677933 : Checking image 2 crop x1 139
1630135755044838841 : Checking image 2 crop y1 141
1630135755044893744 : Checking image 2 crop x2 2261
1630135755044938846 : Checking image 2 crop y2 3345
1630135755045147057 : Checking image 1 dpi 300
1630135755045239761 : Checking image 1 border top 129
1630135755045281763 : Checking image 1 border bottom 150
1630135755045319365 : Checking image 1 border left 173
1630135755045359267 : Checking image 1 border right 173
1630135755049026650 : Checking image 2 dpi 300
1630135755049118255 : Checking image 2 border top 130
1630135755049158957 : Checking image 2 border bottom 153
1630135755049195058 : Checking image 2 border left 169
1630135755049230560 : Checking image 2 border right 169

</system-out><system-err>--------------------------------- Captured Err ---------------------------------

</system-err></testcase><testcase classname="tests.test_images" name="test_wrong_angle_split_line_png" time="39.418"><system-out>--------------------------------- Captured Log ---------------------------------

--------------------------------- Captured Out ---------------------------------
/home/runner/work/diptych/diptych/tests/wrong_angle_split_line.png
1630135740091150814 : Checking separation double page angle 90.08791528895468
1630135740091277121 : Checking separation double page y=0 2478
1630135742001327432 : Checking page rotation 1 0.1
1630135745467747212 : Checking page rotation 2 0.1
1630135757498377479 : Checking image 1 crop x1 58
1630135757498504685 : Checking image 1 crop y1 6
1630135757498551488 : Checking image 1 crop x2 2476
1630135757498593290 : Checking image 1 crop y2 3501
1630135763545440760 : Checking image 2 crop x1 166
1630135763545569167 : Checking image 2 crop y1 218
1630135763545613669 : Checking image 2 crop x2 2244
1630135763545654671 : Checking image 2 crop y2 3349
1630135763545854181 : Checking image 1 dpi 300
1630135763545994488 : Checking image 1 border top 6
1630135763546038390 : Checking image 1 border bottom 6
1630135763546076692 : Checking image 1 border left 31
1630135763546116794 : Checking image 1 border right 31
1630135763555877986 : Checking image 2 dpi 300
1630135763556025094 : Checking image 2 border top 209
1630135763556064696 : Checking image 2 border bottom 147
1630135763556098498 : Checking image 2 border left 191
1630135763556132199 : Checking image 2 border right 191

</system-out><system-err>--------------------------------- Captured Err ---------------------------------

</system-err></testcase><testcase classname="tests.test_images" name="test_crop_too_much_2_png" time="54.898"><system-out>--------------------------------- Captured Log ---------------------------------

--------------------------------- Captured Out ---------------------------------
/home/runner/work/diptych/diptych/tests/crop_too_much_2.png
1630135786610252672 : Checking separation double page angle 90.15285326123045
1630135786610391079 : Checking separation double page y=0 2477
1630135793152615112 : Checking page rotation 1 0.15000000000000002
1630135800610590107 : Checking page rotation 2 0.2
1630135804663041738 : Checking image 1 crop x1 330
1630135804663169645 : Checking image 1 crop y1 132
1630135804663212747 : Checking image 1 crop x2 2342
1630135804663251649 : Checking image 1 crop y2 3335
1630135809905060426 : Checking image 2 crop x1 165
1630135809905183533 : Checking image 2 crop y1 139
1630135809905247636 : Checking image 2 crop x2 2178
1630135809905291538 : Checking image 2 crop y2 3345
1630135809905827465 : Checking image 1 dpi 300
1630135809905952371 : Checking image 1 border top 121
1630135809906016574 : Checking image 1 border bottom 163
1630135809906056576 : Checking image 1 border left 224
1630135809906097578 : Checking image 1 border right 224
1630135809909571151 : Checking image 2 dpi 300
1630135809909667356 : Checking image 2 border top 129
1630135809909723359 : Checking image 2 border bottom 152
1630135809909760161 : Checking image 2 border left 223
1630135809909795963 : Checking image 2 border right 223

</system-out><system-err>--------------------------------- Captured Err ---------------------------------

</system-err></testcase><testcase classname="tests.test_images" name="test_angle_page_lower_split_line_png" time="54.540"><system-out>--------------------------------- Captured Log ---------------------------------

--------------------------------- Captured Out ---------------------------------
/home/runner/work/diptych/diptych/tests/angle_page_lower_split_line.png
1630135796226555022 : Checking separation double page angle 89.74412725181848
1630135796226677028 : Checking separation double page y=0 2472
1630135804053070299 : Checking page rotation 1 -0.14999999999999067
1630135811223641026 : Checking page rotation 2 0.1
1630135814012728406 : Checking image 1 crop x1 241
1630135814012879913 : Checking image 1 crop y1 156
1630135814012926415 : Checking image 1 crop x2 2357
1630135814012970218 : Checking image 1 crop y2 3368
1630135818822500717 : Checking image 2 crop x1 151
1630135818822624223 : Checking image 2 crop y1 146
1630135818822667125 : Checking image 2 crop x2 2261
1630135818822708928 : Checking image 2 crop y2 3351
1630135818822901137 : Checking image 1 dpi 300
1630135818822989842 : Checking image 1 border top 140
1630135818823045244 : Checking image 1 border bottom 135
1630135818823082846 : Checking image 1 border left 172
1630135818823119348 : Checking image 1 border right 172
1630135818826241104 : Checking image 2 dpi 300
1630135818826329808 : Checking image 2 border top 131
1630135818826366810 : Checking image 2 border bottom 151
1630135818826399812 : Checking image 2 border left 175
1630135818826432013 : Checking image 2 border right 175

</system-out><system-err>--------------------------------- Captured Err ---------------------------------

</system-err></testcase><testcase classname="tests.test_images" name="test_wrong_split_line_2_png" time="69.434"><system-out>--------------------------------- Captured Log ---------------------------------

--------------------------------- Captured Out ---------------------------------
/home/runner/work/diptych/diptych/tests/wrong_split_line_2.png
1630135845278250894 : Checking separation double page angle 90.23635161124103
1630135845278385601 : Checking separation double page y=0 2437
1630135853743718623 : Checking page rotation 1 0.2
1630135861136480279 : Checking page rotation 2 0.2
1630135869210465663 : Checking image 1 crop x1 294
1630135869210592869 : Checking image 1 crop y1 136
1630135869210632371 : Checking image 1 crop x2 2325
1630135869210671873 : Checking image 1 crop y2 3376
1630135879364471136 : Checking image 2 crop x1 138
1630135879364603843 : Checking image 2 crop y1 190
1630135879364649345 : Checking image 2 crop x2 2174
1630135879364693447 : Checking image 2 crop y2 3389
1630135879364914058 : Checking image 1 dpi 300
1630135879365004863 : Checking image 1 border top 131
1630135879365044365 : Checking image 1 border bottom 116
1630135879365081066 : Checking image 1 border left 214
1630135879365117868 : Checking image 1 border right 214
1630135879368249525 : Checking image 2 dpi 300
1630135879368341830 : Checking image 2 border top 181
1630135879368383932 : Checking image 2 border bottom 107
1630135879368418434 : Checking image 2 border left 212
1630135879368452436 : Checking image 2 border right 212

</system-out><system-err>--------------------------------- Captured Err ---------------------------------

</system-err></testcase><testcase classname="tests.test_images" name="test_wrong_wave_split_line_png" time="57.855"><system-out>--------------------------------- Captured Log ---------------------------------

--------------------------------- Captured Out ---------------------------------
/home/runner/work/diptych/diptych/tests/wrong_wave_split_line.png
1630135848597323081 : Checking separation double page angle 90.42461655762611
1630135848597472389 : Checking separation double page y=0 2502
1630135854026953052 : Checking page rotation 1 -0.09999999999999377
1630135859626979040 : Checking page rotation 2 0.85
1630135867514045817 : Checking image 1 crop x1 384
1630135867514180323 : Checking image 1 crop y1 178
1630135867514226826 : Checking image 1 crop x2 2412
1630135867514268928 : Checking image 1 crop y2 3374
1630135876666043667 : Checking image 2 crop x1 7
1630135876666206175 : Checking image 2 crop y1 0
1630135876666251977 : Checking image 2 crop x2 2411
1630135876666296280 : Checking image 2 crop y2 3505
1630135876666478489 : Checking image 1 dpi 300
1630135876666574893 : Checking image 1 border top 173
1630135876666617096 : Checking image 1 border bottom 118
1630135876666652797 : Checking image 1 border left 216
1630135876666690399 : Checking image 1 border right 216
1630135876671652647 : Checking image 2 dpi 300
1630135876671838856 : Checking image 2 border top 1
1630135876671884058 : Checking image 2 border bottom 1
1630135876671925560 : Checking image 2 border left 38
1630135876671966662 : Checking image 2 border right 38

</system-out><system-err>--------------------------------- Captured Err ---------------------------------

</system-err></testcase><testcase classname="tests.test_images" name="test_no_split_line_line_algo_png" time="40.908"><system-out>--------------------------------- Captured Log ---------------------------------

--------------------------------- Captured Out ---------------------------------
/home/runner/work/diptych/diptych/tests/no_split_line_line_algo.png
1630135899886687810 : Checking separation double page angle 89.47691469185418
1630135899886821516 : Checking separation double page y=0 2476
1630135903117990661 : Checking page rotation 1 -0.14999999999999067
1630135909356076957 : Checking page rotation 2 -0.14999999999999067
1630135912094573386 : Checking image 1 crop x1 205
1630135912094702092 : Checking image 1 crop y1 158
1630135912094749895 : Checking image 1 crop x2 2320
1630135912094794797 : Checking image 1 crop y2 3366
1630135917603860131 : Checking image 2 crop x1 185
1630135917603985237 : Checking image 2 crop y1 225
1630135917604028939 : Checking image 2 crop x2 2204
1630135917604070041 : Checking image 2 crop y2 3362
1630135917604317154 : Checking image 1 dpi 300
1630135917604419259 : Checking image 1 border top 144
1630135917604463161 : Checking image 1 border bottom 134
1630135917604504563 : Checking image 1 border left 172
1630135917604545365 : Checking image 1 border right 172
1630135917608087742 : Checking image 2 dpi 300
1630135917608186647 : Checking image 2 border top 223
1630135917608223949 : Checking image 2 border bottom 127
1630135917608257450 : Checking image 2 border left 220
1630135917608290352 : Checking image 2 border right 220

</system-out><system-err>--------------------------------- Captured Err ---------------------------------

</system-err></testcase><testcase classname="tests.test_images" name="test_small_wave_png" time="43.013"><system-out>--------------------------------- Captured Log ---------------------------------

--------------------------------- Captured Out ---------------------------------
/home/runner/work/diptych/diptych/tests/small_wave.png
1630135906294479377 : Checking separation double page angle 90.56494929955075
1630135906294609984 : Checking separation double page y=0 2495
1630135911536430621 : Checking page rotation 1 0.7
1630135916527515296 : Checking page rotation 2 0.65
1630135918971439116 : Checking image 1 crop x1 322
1630135918971568822 : Checking image 1 crop y1 199
1630135918971625825 : Checking image 1 crop x2 2351
1630135918971668727 : Checking image 1 crop y2 3394
1630135922376755493 : Checking image 2 crop x1 130
1630135922376918901 : Checking image 2 crop y1 222
1630135922376967804 : Checking image 2 crop x2 2163
1630135922377025907 : Checking image 2 crop y2 3420
1630135922377266819 : Checking image 1 dpi 300
1630135922377361123 : Checking image 1 border top 181
1630135922377403926 : Checking image 1 border bottom 111
1630135922377444328 : Checking image 1 border left 215
1630135922377522031 : Checking image 1 border right 215
1630135922380956003 : Checking image 2 dpi 300
1630135922381043207 : Checking image 2 border top 197
1630135922381085009 : Checking image 2 border bottom 92
1630135922381122311 : Checking image 2 border left 213
1630135922381159013 : Checking image 2 border right 213

</system-out><system-err>--------------------------------- Captured Err ---------------------------------

</system-err></testcase><testcase classname="tests.test_images" name="test_failed_split_line_line_algo_png" time="21.568"><system-out>--------------------------------- Captured Log ---------------------------------

--------------------------------- Captured Out ---------------------------------
/home/runner/work/diptych/diptych/tests/failed_split_line_line_algo.png
1630135930070528059 : Checking separation double page angle 90.0093502548779
1630135930070665066 : Checking separation double page y=0 2574
1630135931939457451 : Checking page rotation 1 0.0
1630135932787408378 : Checking page rotation 2 0.0
1630135936529872231 : Checking image 1 crop x1 411
1630135936530042040 : Checking image 1 crop y1 2927
1630135936530085642 : Checking image 1 crop x2 2422
1630135936530124244 : Checking image 1 crop y2 3172
1630135939200510594 : Checking image 2 crop x1 1191
1630135939200619800 : Checking image 2 crop y1 1745
1630135939200658401 : Checking image 2 crop x2 1192
1630135939200694303 : Checking image 2 crop y2 1746
1630135939200880913 : Checking image 1 dpi 300
1630135939200987418 : Checking image 1 border top 2920
1630135939201028620 : Checking image 1 border bottom 322
1630135939201063922 : Checking image 1 border left 224
1630135939201100924 : Checking image 1 border right 224
1630135939203109324 : Checking image 2 dpi 300
1630135939203174427 : Checking image 2 border top 1752
1630135939203224630 : Checking image 2 border bottom 1753
1630135939203259731 : Checking image 2 border left 1239
1630135939203294333 : Checking image 2 border right 1239

</system-out><system-err>--------------------------------- Captured Err ---------------------------------

</system-err></testcase><testcase classname="tests.test_images" name="test_wrong_split_line_3_png" time="55.302"><system-out>--------------------------------- Captured Log ---------------------------------

--------------------------------- Captured Out ---------------------------------
/home/runner/work/diptych/diptych/tests/wrong_split_line_3.png
1630135949486692739 : Checking separation double page angle 90.40515247895009
1630135949486832546 : Checking separation double page y=0 2495
1630135955425502035 : Checking page rotation 1 0.2
1630135959548245074 : Checking page rotation 2 0.85
1630135962588209561 : Checking image 1 crop x1 331
1630135962588337068 : Checking image 1 crop y1 166
1630135962588392671 : Checking image 1 crop x2 2377
1630135962588437273 : Checking image 1 crop y2 3375
1630135977705238419 : Checking image 2 crop x1 103
1630135977705345424 : Checking image 2 crop y1 207
1630135977705384226 : Checking image 2 crop x2 2136
1630135977705422228 : Checking image 2 crop y2 3414
1630135977705634539 : Checking image 1 dpi 300
1630135977705724343 : Checking image 1 border top 158
1630135977705762845 : Checking image 1 border bottom 120
1630135977705797947 : Checking image 1 border left 207
1630135977705834349 : Checking image 1 border right 207
1630135977709333824 : Checking image 2 dpi 300
1630135977709450130 : Checking image 2 border top 199
1630135977709492332 : Checking image 2 border bottom 81
1630135977709529834 : Checking image 2 border left 213
1630135977709566435 : Checking image 2 border right 213

</system-out><system-err>--------------------------------- Captured Err ---------------------------------

</system-err></testcase><testcase classname="tests.test_images" name="test_failed_split_line_line_algo_2_png" time="46.393"><system-out>--------------------------------- Captured Log ---------------------------------

--------------------------------- Captured Out ---------------------------------
/home/runner/work/diptych/diptych/tests/failed_split_line_line_algo_2.png
1630135967174008160 : Checking separation double page angle 90.03732329462368
1630135967174144666 : Checking separation double page y=0 2499
1630135973278785909 : Checking page rotation 1 -0.09999999999999377
1630135978385481225 : Checking page rotation 2 0.5499999999999999
1630135982283505589 : Checking image 1 crop x1 273
1630135982283643296 : Checking image 1 crop y1 147
1630135982283693798 : Checking image 1 crop x2 2386
1630135982283738701 : Checking image 1 crop y2 3352
1630135985563437114 : Checking image 2 crop x1 122
1630135985563584421 : Checking image 2 crop y1 155
1630135985563633024 : Checking image 2 crop x2 2246
1630135985563678626 : Checking image 2 crop y2 3350
1630135985563888736 : Checking image 1 dpi 300
1630135985564001042 : Checking image 1 border top 137
1630135985564043244 : Checking image 1 border bottom 145
1630135985564082646 : Checking image 1 border left 173
1630135985564120648 : Checking image 1 border right 173
1630135985567391912 : Checking image 2 dpi 300
1630135985567479816 : Checking image 2 border top 133
1630135985567520818 : Checking image 2 border bottom 159
1630135985567581121 : Checking image 2 border left 168
1630135985567616123 : Checking image 2 border right 168

</system-out><system-err>--------------------------------- Captured Err ---------------------------------

</system-err></testcase><testcase classname="tests.test_images" name="test_crop_too_much_3_png" time="42.805"><system-out>--------------------------------- Captured Log ---------------------------------

--------------------------------- Captured Out ---------------------------------
/home/runner/work/diptych/diptych/tests/crop_too_much_3.png
1630136001442645993 : Checking separation double page angle 89.5934556679346
1630136001442788800 : Checking separation double page y=0 2499
1630136005711523845 : Checking page rotation 1 -0.8999999999999949
1630136013253891385 : Checking page rotation 2 -0.04999999999999689
1630136017205667494 : Checking image 1 crop x1 374
1630136017205801700 : Checking image 1 crop y1 258
1630136017205850203 : Checking image 1 crop x2 2385
1630136017205906806 : Checking image 1 crop y2 3459
1630136020512861893 : Checking image 2 crop x1 164
1630136020512987999 : Checking image 2 crop y1 229
1630136020513032102 : Checking image 2 crop x2 2183
1630136020513072804 : Checking image 2 crop y2 3416
1630136020513262913 : Checking image 1 dpi 300
1630136020513345617 : Checking image 1 border top 239
1630136020513384319 : Checking image 1 border bottom 46
1630136020513419521 : Checking image 1 border left 224
1630136020513454323 : Checking image 1 border right 224
1630136020516694485 : Checking image 2 dpi 300
1630136020516842792 : Checking image 2 border top 210
1630136020516887995 : Checking image 2 border bottom 90
1630136020516921596 : Checking image 2 border left 220
1630136020516954298 : Checking image 2 border right 220

</system-out><system-err>--------------------------------- Captured Err ---------------------------------

</system-err></testcase><testcase classname="tests.test_images" name="test_wrong_wave_split_line_2_png" time="48.391"><system-out>--------------------------------- Captured Log ---------------------------------

--------------------------------- Captured Out ---------------------------------
/home/runner/work/diptych/diptych/tests/wrong_wave_split_line_2.png
1630136015805913004 : Checking separation double page angle 90.7708958311329
1630136015806035011 : Checking separation double page y=0 2490
1630136021714137544 : Checking page rotation 1 0.2
1630136027270000613 : Checking page rotation 2 1.65
1630136030011495153 : Checking image 1 crop x1 227
1630136030011665762 : Checking image 1 crop y1 147
1630136030011708764 : Checking image 1 crop x2 2342
1630136030011749166 : Checking image 1 crop y2 3353
1630136033952977026 : Checking image 2 crop x1 106
1630136033953101732 : Checking image 2 crop y1 195
1630136033953146034 : Checking image 2 crop x2 2231
1630136033953187736 : Checking image 2 crop y2 3398
1630136033953377546 : Checking image 1 dpi 300
1630136033953467750 : Checking image 1 border top 136
1630136033953505952 : Checking image 1 border bottom 145
1630136033953543154 : Checking image 1 border left 172
1630136033953578856 : Checking image 1 border right 172
1630136033956742614 : Checking image 2 dpi 300
1630136033956848119 : Checking image 2 border top 165
1630136033956894921 : Checking image 2 border bottom 118
1630136033956928623 : Checking image 2 border left 167
1630136033956961525 : Checking image 2 border right 167

</system-out><system-err>--------------------------------- Captured Err ---------------------------------

</system-err></testcase><testcase classname="tests.test_images" name="test_wrong_wave_split_line_3_png" time="46.701"><system-out>--------------------------------- Captured Log ---------------------------------

--------------------------------- Captured Out ---------------------------------
/home/runner/work/diptych/diptych/tests/wrong_wave_split_line_3.png
1630136050014626835 : Checking separation double page angle 90.12715931778824
1630136050014779643 : Checking separation double page y=0 2514
1630136056725792458 : Checking page rotation 1 0.05
1630136061269313937 : Checking page rotation 2 0.2
1630136064438780562 : Checking image 1 crop x1 273
1630136064438898668 : Checking image 1 crop y1 220
1630136064438957371 : Checking image 1 crop x2 2383
1630136064438996873 : Checking image 1 crop y2 3423
1630136067221793194 : Checking image 2 crop x1 116
1630136067221919700 : Checking image 2 crop y1 225
1630136067221962902 : Checking image 2 crop x2 2242
1630136067222005104 : Checking image 2 crop y2 3415
1630136067222202914 : Checking image 1 dpi 300
1630136067222287918 : Checking image 1 border top 202
1630136067222326620 : Checking image 1 border bottom 82
1630136067222362422 : Checking image 1 border left 175
1630136067222399024 : Checking image 1 border right 175
1630136067226482128 : Checking image 2 dpi 300
1630136067226588933 : Checking image 2 border top 204
1630136067226629935 : Checking image 2 border bottom 93
1630136067226666137 : Checking image 2 border left 167
1630136067226702339 : Checking image 2 border right 167

</system-out><system-err>--------------------------------- Captured Err ---------------------------------

</system-err></testcase><testcase classname="tests.test_images" name="test_no_split_line_wave_algo_png" time="52.687"><system-out>--------------------------------- Captured Log ---------------------------------

--------------------------------- Captured Out ---------------------------------
/home/runner/work/diptych/diptych/tests/no_split_line_wave_algo.png
1630136056162363862 : Checking separation double page angle 89.79018091440821
1630136056162505569 : Checking separation double page y=0 2483
1630136060296256141 : Checking page rotation 1 0.0
1630136065387758304 : Checking page rotation 2 -0.44999999999999746
1630136079337774873 : Checking image 1 crop x1 97
1630136079337896379 : Checking image 1 crop y1 74
1630136079337937481 : Checking image 1 crop x2 2489
1630136079337975983 : Checking image 1 crop y2 3505
1630136086611123451 : Checking image 2 crop x1 164
1630136086611251257 : Checking image 2 crop y1 267
1630136086611300259 : Checking image 2 crop x2 2239
1630136086611353362 : Checking image 2 crop y2 3380
1630136086611544572 : Checking image 1 dpi 300
1630136086611658177 : Checking image 1 border top 38
1630136086611699279 : Checking image 1 border bottom 38
1630136086611738681 : Checking image 1 border left 44
1630136086611776983 : Checking image 1 border right 44
1630136086614799634 : Checking image 2 dpi 300
1630136086614885439 : Checking image 2 border top 257
1630136086614935541 : Checking image 2 border bottom 117
1630136086614969743 : Checking image 2 border left 192
1630136086615003845 : Checking image 2 border right 192

</system-out><system-err>--------------------------------- Captured Err ---------------------------------

</system-err></testcase><testcase classname="tests.test_images" name="test_no_split_line_wave_algo_2_png" time="36.751"><system-out>--------------------------------- Captured Log ---------------------------------

--------------------------------- Captured Out ---------------------------------
/home/runner/work/diptych/diptych/tests/no_split_line_wave_algo_2.png
1630136089984175134 : Checking separation double page angle 90.43362571535843
1630136089984316941 : Checking separation double page y=0 2473
1630136093738804971 : Checking page rotation 1 1.05
1630136098062198478 : Checking page rotation 2 0.15000000000000002
1630136101199828654 : Checking image 1 crop x1 267
1630136101199962861 : Checking image 1 crop y1 210
1630136101200009563 : Checking image 1 crop x2 2343
1630136101200052065 : Checking image 1 crop y2 3412
1630136103985620430 : Checking image 2 crop x1 165
1630136103985769737 : Checking image 2 crop y1 241
1630136103985812640 : Checking image 2 crop x2 2250
1630136103985853142 : Checking image 2 crop y2 3433
1630136103986066952 : Checking image 1 dpi 300
1630136103986158657 : Checking image 1 border top 192
1630136103986201259 : Checking image 1 border bottom 93
1630136103986240961 : Checking image 1 border left 192
1630136103986281963 : Checking image 1 border right 192
1630136103989129105 : Checking image 2 dpi 300
1630136103989203009 : Checking image 2 border top 224
1630136103989239811 : Checking image 2 border bottom 71
1630136103989272412 : Checking image 2 border left 187
1630136103989304714 : Checking image 2 border right 187

</system-out><system-err>--------------------------------- Captured Err ---------------------------------

</system-err></testcase><testcase classname="tests.test_images" name="test_crop_too_few_2_png" time="39.774"><system-out>--------------------------------- Captured Log ---------------------------------

--------------------------------- Captured Out ---------------------------------
/home/runner/work/diptych/diptych/tests/crop_too_few_2.png
1630136108489206284 : Checking separation double page angle 90.35461351371423
1630136108489336491 : Checking separation double page y=0 2533
1630136113223742723 : Checking page rotation 1 1.0999999999999999
1630136118499906758 : Checking page rotation 2 0.0
1630136122412380008 : Checking image 1 crop x1 289
1630136122412515815 : Checking image 1 crop y1 165
1630136122412561917 : Checking image 1 crop x2 2400
1630136122412607119 : Checking image 1 crop y2 3367
1630136126447540994 : Checking image 2 crop x1 152
1630136126447657299 : Checking image 2 crop y1 190
1630136126447718603 : Checking image 2 crop x2 2273
1630136126447761005 : Checking image 2 crop y2 3385
1630136126448027318 : Checking image 1 dpi 300
1630136126448307932 : Checking image 1 border top 157
1630136126448365835 : Checking image 1 border bottom 128
1630136126448410137 : Checking image 1 border left 174
1630136126448450839 : Checking image 1 border right 174
1630136126451822808 : Checking image 2 dpi 300
1630136126451908112 : Checking image 2 border top 176
1630136126451947714 : Checking image 2 border bottom 116
1630136126451983616 : Checking image 2 border left 169
1630136126452019117 : Checking image 2 border right 169

</system-out><system-err>--------------------------------- Captured Err ---------------------------------

</system-err></testcase><testcase classname="tests.test_images" name="test_failed_detect_rectangle_png" time="51.129"><system-out>--------------------------------- Captured Log ---------------------------------

--------------------------------- Captured Out ---------------------------------
/home/runner/work/diptych/diptych/tests/failed_detect_rectangle.png
1630136135924692442 : Checking separation double page angle 90.242273842964
1630136135924852050 : Checking separation double page y=0 2475
1630136142422422624 : Checking page rotation 1 0.2
1630136150421925714 : Checking page rotation 2 0.2
1630136152456499581 : Checking image 1 crop x1 257
1630136152456642788 : Checking image 1 crop y1 201
1630136152456701991 : Checking image 1 crop x2 2333
1630136152456746993 : Checking image 1 crop y2 3402
1630136155102594672 : Checking image 2 crop x1 137
1630136155102724878 : Checking image 2 crop y1 215
1630136155102770881 : Checking image 2 crop x2 2220
1630136155102815083 : Checking image 2 crop y2 3406
1630136155103015693 : Checking image 1 dpi 300
1630136155103103497 : Checking image 1 border top 188
1630136155103144699 : Checking image 1 border bottom 98
1630136155103181701 : Checking image 1 border left 192
1630136155103219703 : Checking image 1 border right 192
1630136155106507167 : Checking image 2 dpi 300
1630136155106607572 : Checking image 2 border top 201
1630136155106650474 : Checking image 2 border bottom 95
1630136155106691876 : Checking image 2 border left 188
1630136155106729678 : Checking image 2 border right 188

</system-out><system-err>--------------------------------- Captured Err ---------------------------------

</system-err></testcase><testcase classname="tests.test_images" name="test_single_page_png" time="7.558"><system-out>--------------------------------- Captured Log ---------------------------------

--------------------------------- Captured Out ---------------------------------
/home/runner/work/diptych/diptych/tests/single_page.png
1630136129762512569 : Checking separation double page angle 89.93006318861008
1630136129762676577 : Checking separation double page y=0 2472
1630136130866282398 : Checking page rotation 1 0.0
1630136131017820067 : Checking page rotation 2 0.0
1630136133509817234 : Checking image 1 crop x1 1
1630136133509954041 : Checking image 1 crop y1 8
1630136133510000643 : Checking image 1 crop x2 2470
1630136133510039645 : Checking image 1 crop y2 3505
1630136133649582715 : Checking image 2 crop x1 0
1630136133649672419 : Checking image 2 crop y1 0
1630136133649706121 : Checking image 2 crop x2 0
1630136133649738222 : Checking image 2 crop y2 0
1630136133649801526 : Checking image 1 dpi 300
1630136133649866129 : Checking image 1 border top 5
1630136133649902031 : Checking image 1 border bottom 5
1630136133649934332 : Checking image 1 border left 6
1630136133649966934 : Checking image 1 border right 6
1630136133656883579 : Checking image 2 border top 0
1630136133656976684 : Checking image 2 border bottom 0
1630136133657009786 : Checking image 2 border left 0
1630136133657041787 : Checking image 2 border right 0

</system-out><system-err>--------------------------------- Captured Err ---------------------------------

</system-err></testcase><testcase classname="tests.test_images" name="test_wrong_split_line_4_png" time="20.745"><system-out>--------------------------------- Captured Log ---------------------------------

--------------------------------- Captured Out ---------------------------------
/home/runner/work/diptych/diptych/tests/wrong_split_line_4.png
1630136146012253251 : Checking separation double page angle 90.92587744884125
1630136146012393558 : Checking separation double page y=0 58
1630136146173946024 : Checking page rotation 1 0.5499999999999999
1630136150136330455 : Checking page rotation 2 1.0999999999999999
1630136151753741500 : Checking image 1 crop x1 0
1630136151753842005 : Checking image 1 crop y1 0
1630136151753880407 : Checking image 1 crop x2 0
1630136151753916809 : Checking image 1 crop y2 0
1630136154801467540 : Checking image 2 crop x1 290
1630136154801602346 : Checking image 2 crop y1 330
1630136154801647049 : Checking image 2 crop x2 2314
1630136154801690651 : Checking image 2 crop y2 3217
1630136154801881360 : Checking image 1 border top 0
1630136154801931563 : Checking image 1 border bottom 0
1630136154801969865 : Checking image 1 border left 0
1630136154802007867 : Checking image 1 border right 0
1630136154802074970 : Checking image 2 dpi 300
1630136154802159074 : Checking image 2 border top 322
1630136154802199076 : Checking image 2 border bottom 278
1630136154802234878 : Checking image 2 border left 218
1630136154802270480 : Checking image 2 border right 218

</system-out><system-err>--------------------------------- Captured Err ---------------------------------

</system-err></testcase><testcase classname="tests.test_images" name="test_failed_split_line_line_algo_3_png" time="23.557"><system-out>--------------------------------- Captured Log ---------------------------------

--------------------------------- Captured Out ---------------------------------
/home/runner/work/diptych/diptych/tests/failed_split_line_line_algo_3.png
1630136164618855668 : Checking separation double page angle 90.02403976140027
1630136164619006776 : Checking separation double page y=0 39
1630136164701186080 : Checking page rotation 1 0.0
1630136167131341546 : Checking page rotation 2 0.0
1630136168128770636 : Checking image 1 crop x1 0
1630136168128898742 : Checking image 1 crop y1 0
1630136168128937744 : Checking image 1 crop x2 0
1630136168128972046 : Checking image 1 crop y2 0
1630136178366772879 : Checking image 2 crop x1 249
1630136178366886085 : Checking image 2 crop y1 154
1630136178366928887 : Checking image 2 crop x2 2264
1630136178366982390 : Checking image 2 crop y2 3361
1630136178367189700 : Checking image 1 border top 0
1630136178367234802 : Checking image 1 border bottom 0
1630136178367267604 : Checking image 1 border left 0
1630136178367300005 : Checking image 1 border right 0
1630136178367358508 : Checking image 2 dpi 300
1630136178367434912 : Checking image 2 border top 146
1630136178367469414 : Checking image 2 border bottom 134
1630136178367500115 : Checking image 2 border left 222
1630136178367530817 : Checking image 2 border right 222

</system-out><system-err>--------------------------------- Captured Err ---------------------------------

</system-err></testcase><testcase classname="tests.test_images" name="test_no_split_line_wave_algo_3_png" time="15.033"><system-out>--------------------------------- Captured Log ---------------------------------

--------------------------------- Captured Out ---------------------------------
/home/runner/work/diptych/diptych/tests/no_split_line_wave_algo_3.png
1630136163276812439 : Checking separation double page angle 90.18184445198425
1630136163277666682 : Checking separation double page y=0 2405
1630136164508309247 : Checking page rotation 1 0.0
1630136164787300181 : Checking page rotation 2 0.0
1630136168689267115 : Checking image 1 crop x1 184
1630136168689385221 : Checking image 1 crop y1 2957
1630136168689429323 : Checking image 1 crop x2 2201
1630136168689466725 : Checking image 1 crop y2 3202
1630136170123262997 : Checking image 2 crop x1 0
1630136170123376203 : Checking image 2 crop y1 0
1630136170123414505 : Checking image 2 crop x2 0
1630136170123451006 : Checking image 2 crop y2 0
1630136170123543511 : Checking image 1 dpi 300
1630136170123627415 : Checking image 1 border top 2950
1630136170123669817 : Checking image 1 border bottom 292
1630136170123707719 : Checking image 1 border left 221
1630136170123748321 : Checking image 1 border right 221
1630136170130685168 : Checking image 2 border top 0
1630136170130790473 : Checking image 2 border bottom 0
1630136170130828975 : Checking image 2 border left 0
1630136170130865777 : Checking image 2 border right 0

</system-out><system-err>--------------------------------- Captured Err ---------------------------------

</system-err></testcase></testsuite></testsuites>