<?xml version="1.0" encoding="utf-8"?><testsuites><testsuite errors="0" failures="0" hostname="fv-az18-207" name="pytest" skipped="0" tests="28" time="748.032" timestamp="2020-11-30T23:07:15.423439"><testcase classname="tests.test_features" name="test_mock_stop_at_0" time="0.053"><system-out>--------------------------------- Captured Log ---------------------------------

--------------------------------- Captured Out ---------------------------------
/home/runner/work/ocr-book/ocr-book/tests/0001_0.png

</system-out><system-err>--------------------------------- Captured Err ---------------------------------

</system-err></testcase><testcase classname="tests.test_features" name="test_disabled_enable_debug" time="36.320"><system-out>--------------------------------- Captured Log ---------------------------------

--------------------------------- Captured Out ---------------------------------
/home/runner/work/ocr-book/ocr-book/tests/0001_debug.png
separation double page angle 90.57780420099763
separation double page y=0 2487
page rotation 1 0.75
page rotation 2 0.2
image 1 crop x1 330
image 1 crop y1 336
image 1 crop x2 2343
image 1 crop y2 3223
image 2 crop x1 169
image 2 crop y1 648
image 2 crop x2 2186
image 2 crop y2 3361
image 1 dpi 300
image 1 border top 340
image 1 border bottom 260
image 1 border left 223
image 1 border right 223
image 2 dpi 300
image 2 border top 646
image 2 border bottom 128
image 2 border left 221
image 2 border right 221

</system-out><system-err>--------------------------------- Captured Err ---------------------------------

</system-err></testcase><testcase classname="tests.test_features" name="test_mock_stop_at_2" time="42.558"><system-out>--------------------------------- Captured Log ---------------------------------

--------------------------------- Captured Out ---------------------------------
/home/runner/work/ocr-book/ocr-book/tests/0001_2.png
separation double page angle 90.57780420099763
separation double page y=0 2487
page rotation 1 0.75
page rotation 2 0.2

</system-out><system-err>--------------------------------- Captured Err ---------------------------------

</system-err></testcase><testcase classname="tests.test_features" name="test_mock_stop_at_1" time="26.377"><system-out>--------------------------------- Captured Log ---------------------------------

--------------------------------- Captured Out ---------------------------------
/home/runner/work/ocr-book/ocr-book/tests/0001_1.png
separation double page angle 90.57780420099763
separation double page y=0 2487

</system-out><system-err>--------------------------------- Captured Err ---------------------------------

</system-err></testcase><testcase classname="tests.test_features" name="test_mock_stop_at_4" time="48.747"><system-out>--------------------------------- Captured Log ---------------------------------

--------------------------------- Captured Out ---------------------------------
/home/runner/work/ocr-book/ocr-book/tests/0001_4.png
separation double page angle 90.57780420099763
separation double page y=0 2487
page rotation 1 0.75
page rotation 2 0.2
image 1 crop x1 330
image 1 crop y1 336
image 1 crop x2 2343
image 1 crop y2 3223
image 2 crop x1 169
image 2 crop y1 648
image 2 crop x2 2186
image 2 crop y2 3361
image 1 dpi 300
image 1 border top 340
image 1 border bottom 260
image 1 border left 223
image 1 border right 223
image 2 dpi 300
image 2 border top 646
image 2 border bottom 128
image 2 border left 221
image 2 border right 221

</system-out><system-err>--------------------------------- Captured Err ---------------------------------

</system-err></testcase><testcase classname="tests.test_features" name="test_mock_stop_at_3" time="49.265"><system-out>--------------------------------- Captured Log ---------------------------------

--------------------------------- Captured Out ---------------------------------
/home/runner/work/ocr-book/ocr-book/tests/0001_3.png
separation double page angle 90.57780420099763
separation double page y=0 2487
page rotation 1 0.75
page rotation 2 0.2
image 1 crop x1 330
image 1 crop y1 336
image 1 crop x2 2343
image 1 crop y2 3223
image 2 crop x1 169
image 2 crop y1 648
image 2 crop x2 2186
image 2 crop y2 3361

</system-out><system-err>--------------------------------- Captured Err ---------------------------------

</system-err></testcase><testcase classname="tests.test_images" name="test_0001_png" time="49.215"><system-out>--------------------------------- Captured Log ---------------------------------

--------------------------------- Captured Out ---------------------------------
/home/runner/work/ocr-book/ocr-book/tests/0001.png
1606777754555169799 : Checking separation double page angle 90.57780420099763
1606777754555276310 : Checking separation double page y=0 2487
1606777761738984039 : Checking page rotation 1 0.75
1606777770357507323 : Checking page rotation 2 0.2
1606777773729265111 : Checking image 1 crop x1 330
1606777773729395723 : Checking image 1 crop y1 336
1606777773729441427 : Checking image 1 crop x2 2343
1606777773729483530 : Checking image 1 crop y2 3223
1606777776946933475 : Checking image 2 crop x1 169
1606777776947060885 : Checking image 2 crop y1 648
1606777776947106989 : Checking image 2 crop x2 2186
1606777776947149393 : Checking image 2 crop y2 3361
1606777776983219058 : Checking image 1 dpi 300
1606777776983366771 : Checking image 1 border top 340
1606777776983407675 : Checking image 1 border bottom 260
1606777776983442377 : Checking image 1 border left 223
1606777776983476180 : Checking image 1 border right 223
1606777776985457749 : Checking image 2 dpi 300
1606777776985544656 : Checking image 2 border top 646
1606777776985579759 : Checking image 2 border bottom 128
1606777776985613562 : Checking image 2 border left 221
1606777776985647565 : Checking image 2 border right 221

</system-out><system-err>--------------------------------- Captured Err ---------------------------------

</system-err></testcase><testcase classname="tests.test_features" name="test_mock_stop_at_5" time="48.493"><system-out>--------------------------------- Captured Log ---------------------------------

--------------------------------- Captured Out ---------------------------------
/home/runner/work/ocr-book/ocr-book/tests/0001_5.png
separation double page angle 90.57780420099763
separation double page y=0 2487
page rotation 1 0.75
page rotation 2 0.2
image 1 crop x1 330
image 1 crop y1 336
image 1 crop x2 2343
image 1 crop y2 3223
image 2 crop x1 169
image 2 crop y1 648
image 2 crop x2 2186
image 2 crop y2 3361
image 1 dpi 300
image 1 border top 340
image 1 border bottom 260
image 1 border left 223
image 1 border right 223
image 2 dpi 300
image 2 border top 646
image 2 border bottom 128
image 2 border left 221
image 2 border right 221

</system-out><system-err>--------------------------------- Captured Err ---------------------------------

</system-err></testcase><testcase classname="tests.test_images" name="test_2_pages_2_contours_png" time="31.123"><system-out>--------------------------------- Captured Log ---------------------------------

--------------------------------- Captured Out ---------------------------------
/home/runner/work/ocr-book/ocr-book/tests/2-pages-2-contours.png
1606777794192147252 : Checking separation double page angle 89.91958537671144
1606777794192247859 : Checking separation double page y=0 2492
1606777796568242705 : Checking page rotation 1 0.05
1606777803028444509 : Checking page rotation 2 0.35000000000000003
1606777804059070593 : Checking image 1 crop x1 1191
1606777804059186601 : Checking image 1 crop y1 1733
1606777804059223403 : Checking image 1 crop x2 1192
1606777804059256105 : Checking image 1 crop y2 1734
1606777808116897341 : Checking image 2 crop x1 89
1606777808117032650 : Checking image 2 crop y1 240
1606777808117078353 : Checking image 2 crop x2 2136
1606777808117122656 : Checking image 2 crop y2 3239
1606777808152643034 : Checking image 1 dpi 300
1606777808152746341 : Checking image 1 border top 1752
1606777808152783843 : Checking image 1 border bottom 1753
1606777808152818045 : Checking image 1 border left 1239
1606777808152851648 : Checking image 1 border right 1239
1606777808154281343 : Checking image 2 dpi 300
1606777808154367449 : Checking image 2 border top 231
1606777808154402351 : Checking image 2 border bottom 257
1606777808154435854 : Checking image 2 border left 206
1606777808154469156 : Checking image 2 border right 206

</system-out><system-err>--------------------------------- Captured Err ---------------------------------

</system-err></testcase><testcase classname="tests.test_images" name="test_image_failed_to_crop_data_png" time="57.025"><system-out>--------------------------------- Captured Log ---------------------------------

--------------------------------- Captured Out ---------------------------------
/home/runner/work/ocr-book/ocr-book/tests/image_failed_to_crop_data.png
1606777824908684034 : Checking separation double page angle 89.89865840161842
1606777824908790940 : Checking separation double page y=0 2477
1606777831007261148 : Checking page rotation 1 -0.14999999999999147
1606777837426825449 : Checking page rotation 2 0.05
1606777849048370180 : Checking image 1 crop x1 43
1606777849048460585 : Checking image 1 crop y1 6
1606777849048505787 : Checking image 1 crop x2 2481
1606777849048542689 : Checking image 1 crop y2 3504
1606777853827903170 : Checking image 2 crop x1 160
1606777853828040077 : Checking image 2 crop y1 217
1606777853828085680 : Checking image 2 crop x2 2241
1606777853828128482 : Checking image 2 crop y2 3350
1606777853867248553 : Checking image 1 dpi 300
1606777853867401961 : Checking image 1 border top 5
1606777853867446364 : Checking image 1 border bottom 5
1606777853867480765 : Checking image 1 border left 21
1606777853867514567 : Checking image 1 border right 21
1606777853869849391 : Checking image 2 dpi 300
1606777853869937796 : Checking image 2 border top 224
1606777853869973297 : Checking image 2 border bottom 130
1606777853870007199 : Checking image 2 border left 189
1606777853870040701 : Checking image 2 border right 189

</system-out><system-err>--------------------------------- Captured Err ---------------------------------

</system-err></testcase><testcase classname="tests.test_images" name="test_black_border_not_removed_png" time="59.002"><system-out>--------------------------------- Captured Log ---------------------------------

--------------------------------- Captured Out ---------------------------------
/home/runner/work/ocr-book/ocr-book/tests/black-border-not-removed.png
1606777838949049701 : Checking separation double page angle 90.02895758682553
1606777838949149807 : Checking separation double page y=0 2456
1606777846616298011 : Checking page rotation 1 0.0
1606777857705458419 : Checking page rotation 2 0.0
1606777861245281426 : Checking image 1 crop x1 297
1606777861245373531 : Checking image 1 crop y1 143
1606777861245416833 : Checking image 1 crop x2 2309
1606777861245457235 : Checking image 1 crop y2 3346
1606777867110626574 : Checking image 2 crop x1 157
1606777867110760281 : Checking image 2 crop y1 145
1606777867110805083 : Checking image 2 crop x2 2169
1606777867110849285 : Checking image 2 crop y2 3352
1606777867149551630 : Checking image 1 dpi 300
1606777867149667036 : Checking image 1 border top 130
1606777867149704238 : Checking image 1 border bottom 154
1606777867149738640 : Checking image 1 border left 224
1606777867149773842 : Checking image 1 border right 224
1606777867151867447 : Checking image 2 dpi 300
1606777867151954751 : Checking image 2 border top 139
1606777867151994253 : Checking image 2 border bottom 141
1606777867152028055 : Checking image 2 border left 224
1606777867152061057 : Checking image 2 border right 224

</system-out><system-err>--------------------------------- Captured Err ---------------------------------

</system-err></testcase><testcase classname="tests.test_images" name="test_wrong_angle_split_line_png" time="66.256"><system-out>--------------------------------- Captured Log ---------------------------------

--------------------------------- Captured Out ---------------------------------
/home/runner/work/ocr-book/ocr-book/tests/wrong_angle_split_line.png
1606777884753558654 : Checking separation double page angle 90.00846714570578
1606777884753654459 : Checking separation double page y=0 2478
1606777892663607003 : Checking page rotation 1 0.1
1606777901234634211 : Checking page rotation 2 0.2
1606777913317879503 : Checking image 1 crop x1 58
1606777913318015909 : Checking image 1 crop y1 6
1606777913318058110 : Checking image 1 crop x2 2476
1606777913318096412 : Checking image 1 crop y2 3501
1606777919238839854 : Checking image 2 crop x1 162
1606777919238973159 : Checking image 2 crop y1 219
1606777919239018961 : Checking image 2 crop x2 2238
1606777919239061463 : Checking image 2 crop y2 3348
1606777919416159987 : Checking image 1 dpi 300
1606777919416282192 : Checking image 1 border top 6
1606777919416321194 : Checking image 1 border bottom 6
1606777919416355695 : Checking image 1 border left 31
1606777919416389697 : Checking image 1 border right 31
1606777919423455409 : Checking image 2 dpi 300
1606777919423564314 : Checking image 2 border top 211
1606777919423600315 : Checking image 2 border bottom 147
1606777919423634017 : Checking image 2 border left 192
1606777919423667318 : Checking image 2 border right 192

</system-out><system-err>--------------------------------- Captured Err ---------------------------------

</system-err></testcase><testcase classname="tests.test_images" name="test_image_failed_to_rotate_png" time="58.020"><system-out>--------------------------------- Captured Log ---------------------------------

--------------------------------- Captured Out ---------------------------------
/home/runner/work/ocr-book/ocr-book/tests/image_failed_to_rotate.png
1606777894366452558 : Checking separation double page angle 90.18772783206224
1606777894366558963 : Checking separation double page y=0 2482
1606777899834656330 : Checking page rotation 1 0.35000000000000003
1606777907919420432 : Checking page rotation 2 0.45
1606777919638262998 : Checking image 1 crop x1 34
1606777919638387203 : Checking image 1 crop y1 1
1606777919638429405 : Checking image 1 crop x2 2480
1606777919638470007 : Checking image 1 crop y2 3500
1606777925017096099 : Checking image 2 crop x1 168
1606777925017233605 : Checking image 2 crop y1 234
1606777925017278407 : Checking image 2 crop x2 2247
1606777925017322309 : Checking image 2 crop y2 3355
1606777925062106468 : Checking image 1 dpi 300
1606777925062222873 : Checking image 1 border top 4
1606777925062262375 : Checking image 1 border bottom 4
1606777925062296276 : Checking image 1 border left 17
1606777925062330378 : Checking image 1 border right 17
1606777925064998595 : Checking image 2 dpi 300
1606777925065089399 : Checking image 2 border top 220
1606777925065122900 : Checking image 2 border bottom 146
1606777925065154401 : Checking image 2 border left 190
1606777925065185003 : Checking image 2 border right 190

</system-out><system-err>--------------------------------- Captured Err ---------------------------------

</system-err></testcase><testcase classname="tests.test_images" name="test_angle_page_lower_split_line_png" time="52.236"><system-out>--------------------------------- Captured Log ---------------------------------

--------------------------------- Captured Out ---------------------------------
/home/runner/work/ocr-book/ocr-book/tests/angle_page_lower_split_line.png
1606777950750910078 : Checking separation double page angle 89.75201324945476
1606777950751005682 : Checking separation double page y=0 2473
1606777960052720635 : Checking page rotation 1 -0.44999999999998863
1606777966842968836 : Checking page rotation 2 0.2
1606777969686094315 : Checking image 1 crop x1 245
1606777969686225034 : Checking image 1 crop y1 161
1606777969686270841 : Checking image 1 crop x2 2351
1606777969686313147 : Checking image 1 crop y2 3364
1606777972400499220 : Checking image 2 crop x1 151
1606777972400630839 : Checking image 2 crop y1 147
1606777972400677646 : Checking image 2 crop x2 2258
1606777972400721652 : Checking image 2 crop y2 3350
1606777972440254081 : Checking image 1 dpi 300
1606777972440377699 : Checking image 1 border top 132
1606777972440415305 : Checking image 1 border bottom 152
1606777972440449210 : Checking image 1 border left 177
1606777972440482515 : Checking image 1 border right 177
1606777972442779047 : Checking image 2 dpi 300
1606777972442861459 : Checking image 2 border top 116
1606777972442897265 : Checking image 2 border bottom 168
1606777972442931370 : Checking image 2 border left 176
1606777972442964474 : Checking image 2 border right 176

</system-out><system-err>--------------------------------- Captured Err ---------------------------------

</system-err></testcase><testcase classname="tests.test_images" name="test_wrong_split_line_png" time="40.289"><system-out>--------------------------------- Captured Log ---------------------------------

--------------------------------- Captured Out ---------------------------------
/home/runner/work/ocr-book/ocr-book/tests/wrong_split_line.png
1606777948029209953 : Checking separation double page angle 89.85895720607971
1606777948029301357 : Checking separation double page y=0 2463
1606777953693210269 : Checking page rotation 1 -0.14999999999999147
1606777960635248739 : Checking page rotation 2 0.65
1606777962948986753 : Checking image 1 crop x1 213
1606777962949124459 : Checking image 1 crop y1 157
1606777962949169261 : Checking image 1 crop x2 2323
1606777962949212763 : Checking image 1 crop y2 3362
1606777965431250162 : Checking image 2 crop x1 126
1606777965431420588 : Checking image 2 crop y1 167
1606777965431465494 : Checking image 2 crop x2 2237
1606777965431509001 : Checking image 2 crop y2 3372
1606777965468522560 : Checking image 1 dpi 300
1606777965468638277 : Checking image 1 border top 115
1606777965468675983 : Checking image 1 border bottom 167
1606777965468710088 : Checking image 1 border left 175
1606777965468743693 : Checking image 1 border right 175
1606777965471353085 : Checking image 2 dpi 300
1606777965471447999 : Checking image 2 border top 142
1606777965471483504 : Checking image 2 border bottom 140
1606777965471517109 : Checking image 2 border left 174
1606777965471550514 : Checking image 2 border right 174

</system-out><system-err>--------------------------------- Captured Err ---------------------------------

</system-err></testcase><testcase classname="tests.test_images" name="test_crop_too_much_png" time="77.391"><system-out>--------------------------------- Captured Log ---------------------------------

--------------------------------- Captured Out ---------------------------------
/home/runner/work/ocr-book/ocr-book/tests/crop_too_much.png
1606778007172784370 : Checking separation double page angle 90.13239409272953
1606778007172883382 : Checking separation double page y=0 2453
1606778019681269344 : Checking page rotation 1 0.0
1606778032862185975 : Checking page rotation 2 0.45
1606778038399098832 : Checking image 1 crop x1 303
1606778038399239447 : Checking image 1 crop y1 148
1606778038399284551 : Checking image 1 crop x2 2313
1606778038399361060 : Checking image 1 crop y2 3351
1606778042793420361 : Checking image 2 crop x1 170
1606778042793557775 : Checking image 2 crop y1 155
1606778042793601980 : Checking image 2 crop x2 2181
1606778042793645184 : Checking image 2 crop y2 3359
1606778042844021203 : Checking image 1 dpi 300
1606778042844129714 : Checking image 1 border top 131
1606778042844183420 : Checking image 1 border bottom 153
1606778042844217524 : Checking image 1 border left 225
1606778042844251327 : Checking image 1 border right 225
1606778042846448959 : Checking image 2 dpi 300
1606778042846536568 : Checking image 2 border top 139
1606778042846571172 : Checking image 2 border bottom 144
1606778042846604576 : Checking image 2 border left 224
1606778042846637479 : Checking image 2 border right 224

</system-out><system-err>--------------------------------- Captured Err ---------------------------------

</system-err></testcase><testcase classname="tests.test_images" name="test_crop_too_few_png" time="43.587"><system-out>--------------------------------- Captured Log ---------------------------------

--------------------------------- Captured Out ---------------------------------
/home/runner/work/ocr-book/ocr-book/tests/crop_too_few.png
1606777998101866448 : Checking separation double page angle 89.39669496435833
1606777998101961960 : Checking separation double page y=0 2510
1606778004461993216 : Checking page rotation 1 -0.75
1606778011286047311 : Checking page rotation 2 0.05
1606778013745791792 : Checking image 1 crop x1 265
1606778013745923908 : Checking image 1 crop y1 152
1606778013745970213 : Checking image 1 crop x2 2375
1606778013746010718 : Checking image 1 crop y2 3356
1606778015995490543 : Checking image 2 crop x1 135
1606778015995620259 : Checking image 2 crop y1 141
1606778015995665564 : Checking image 2 crop x2 2261
1606778015995708069 : Checking image 2 crop y2 3345
1606778016034482138 : Checking image 1 dpi 300
1606778016034599852 : Checking image 1 border top 116
1606778016034638857 : Checking image 1 border bottom 167
1606778016034673461 : Checking image 1 border left 175
1606778016034707165 : Checking image 1 border right 175
1606778016037064642 : Checking image 2 dpi 300
1606778016037155153 : Checking image 2 border top 143
1606778016037190357 : Checking image 2 border bottom 140
1606778016037224061 : Checking image 2 border left 167
1606778016037257465 : Checking image 2 border right 167

</system-out><system-err>--------------------------------- Captured Err ---------------------------------

</system-err></testcase><testcase classname="tests.test_images" name="test_crop_too_much_2_png" time="78.489"><system-out>--------------------------------- Captured Log ---------------------------------

--------------------------------- Captured Out ---------------------------------
/home/runner/work/ocr-book/ocr-book/tests/crop_too_much_2.png
1606778057468237216 : Checking separation double page angle 90.2021118646249
1606778057468335426 : Checking separation double page y=0 2477
1606778070587907657 : Checking page rotation 1 0.2
1606778085287118904 : Checking page rotation 2 0.2
1606778089324539106 : Checking image 1 crop x1 332
1606778089324637415 : Checking image 1 crop y1 131
1606778089324680719 : Checking image 1 crop x2 2342
1606778089324721822 : Checking image 1 crop y2 3336
1606778094440297640 : Checking image 2 crop x1 168
1606778094440443553 : Checking image 2 crop y1 139
1606778094440500658 : Checking image 2 crop x2 2181
1606778094440539862 : Checking image 2 crop y2 3345
1606778094496534464 : Checking image 1 dpi 300
1606778094496650174 : Checking image 1 border top 116
1606778094496688378 : Checking image 1 border bottom 166
1606778094496722481 : Checking image 1 border left 225
1606778094496755884 : Checking image 1 border right 225
1606778094498983079 : Checking image 2 dpi 300
1606778094499063986 : Checking image 2 border top 133
1606778094499099189 : Checking image 2 border bottom 148
1606778094499132992 : Checking image 2 border left 223
1606778094499166495 : Checking image 2 border right 223

</system-out><system-err>--------------------------------- Captured Err ---------------------------------

</system-err></testcase><testcase classname="tests.test_images" name="test_wrong_split_line_2_png" time="94.692"><system-out>--------------------------------- Captured Log ---------------------------------

--------------------------------- Captured Out ---------------------------------
/home/runner/work/ocr-book/ocr-book/tests/wrong_split_line_2.png
1606778093093626373 : Checking separation double page angle 90.39217497633973
1606778093093720481 : Checking separation double page y=0 2442
1606778105037929721 : Checking page rotation 1 0.2
1606778118010722556 : Checking page rotation 2 0.35000000000000003
1606778126471947527 : Checking image 1 crop x1 294
1606778126472090339 : Checking image 1 crop y1 136
1606778126472135242 : Checking image 1 crop x2 2325
1606778126472177246 : Checking image 1 crop y2 3376
1606778137483468132 : Checking image 2 crop x1 146
1606778137483607843 : Checking image 2 crop y1 193
1606778137483653446 : Checking image 2 crop x2 2175
1606778137483698550 : Checking image 2 crop y2 3387
1606778137534913910 : Checking image 1 dpi 300
1606778137535034019 : Checking image 1 border top 128
1606778137535071722 : Checking image 1 border bottom 119
1606778137535106424 : Checking image 1 border left 214
1606778137535140427 : Checking image 1 border right 214
1606778137537170084 : Checking image 2 dpi 300
1606778137537259791 : Checking image 2 border top 184
1606778137537295394 : Checking image 2 border bottom 109
1606778137537328696 : Checking image 2 border left 215
1606778137537361899 : Checking image 2 border right 215

</system-out><system-err>--------------------------------- Captured Err ---------------------------------

</system-err></testcase><testcase classname="tests.test_images" name="test_small_wave_png" time="67.247"><system-out>--------------------------------- Captured Log ---------------------------------

--------------------------------- Captured Out ---------------------------------
/home/runner/work/ocr-book/ocr-book/tests/small_wave.png
1606778135049276948 : Checking separation double page angle 90.61316928841566
1606778135049372855 : Checking separation double page y=0 2495
1606778146100897261 : Checking page rotation 1 0.7000000000000001
1606778156508008668 : Checking page rotation 2 0.7000000000000001
1606778159030041912 : Checking image 1 crop x1 322
1606778159030185523 : Checking image 1 crop y1 199
1606778159030231626 : Checking image 1 crop x2 2351
1606778159030272629 : Checking image 1 crop y2 3394
1606778161713424411 : Checking image 2 crop x1 135
1606778161713555420 : Checking image 2 crop y1 223
1606778161713601023 : Checking image 2 crop x2 2164
1606778161713642727 : Checking image 2 crop y2 3419
1606778161756856578 : Checking image 1 dpi 300
1606778161756974487 : Checking image 1 border top 177
1606778161757012490 : Checking image 1 border bottom 115
1606778161757046592 : Checking image 1 border left 215
1606778161757079594 : Checking image 1 border right 215
1606778161759175447 : Checking image 2 dpi 300
1606778161759257753 : Checking image 2 border top 191
1606778161759293156 : Checking image 2 border bottom 100
1606778161759358061 : Checking image 2 border left 215
1606778161759393263 : Checking image 2 border right 215

</system-out><system-err>--------------------------------- Captured Err ---------------------------------

</system-err></testcase><testcase classname="tests.test_images" name="test_wrong_split_line_3_png" time="57.767"><system-out>--------------------------------- Captured Log ---------------------------------

--------------------------------- Captured Out ---------------------------------
/home/runner/work/ocr-book/ocr-book/tests/wrong_split_line_3.png
1606778171778735678 : Checking separation double page angle 90.43729500214693
1606778171778829685 : Checking separation double page y=0 2498
1606778182273105567 : Checking page rotation 1 0.30000000000000004
1606778190347405171 : Checking page rotation 2 0.9
1606778192666753239 : Checking image 1 crop x1 331
1606778192666881748 : Checking image 1 crop y1 165
1606778192666926351 : Checking image 1 crop x2 2375
1606778192666968254 : Checking image 1 crop y2 3376
1606778195276069735 : Checking image 2 crop x1 102
1606778195276206245 : Checking image 2 crop y1 208
1606778195276251048 : Checking image 2 crop x2 2133
1606778195276294451 : Checking image 2 crop y2 3413
1606778195316573989 : Checking image 1 dpi 300
1606778195316690897 : Checking image 1 border top 150
1606778195316729299 : Checking image 1 border bottom 126
1606778195316763702 : Checking image 1 border left 208
1606778195316798004 : Checking image 1 border right 208
1606778195319209368 : Checking image 2 dpi 300
1606778195319295874 : Checking image 2 border top 190
1606778195319363778 : Checking image 2 border bottom 92
1606778195319398981 : Checking image 2 border left 214
1606778195319432183 : Checking image 2 border right 214

</system-out><system-err>--------------------------------- Captured Err ---------------------------------

</system-err></testcase><testcase classname="tests.test_images" name="test_wrong_wave_split_line_png" time="80.967"><system-out>--------------------------------- Captured Log ---------------------------------

--------------------------------- Captured Out ---------------------------------
/home/runner/work/ocr-book/ocr-book/tests/wrong_wave_split_line.png
1606778203014648007 : Checking separation double page angle 90.5287860410772
1606778203014743114 : Checking separation double page y=0 2502
1606778214778086536 : Checking page rotation 1 -0.14999999999999147
1606778224694503678 : Checking page rotation 2 0.8500000000000001
1606778235569704106 : Checking image 1 crop x1 385
1606778235569838415 : Checking image 1 crop y1 179
1606778235569884118 : Checking image 1 crop x2 2411
1606778235569931021 : Checking image 1 crop y2 3374
1606778242684174461 : Checking image 2 crop x1 124
1606778242684303269 : Checking image 2 crop y1 58
1606778242684348772 : Checking image 2 crop x2 2410
1606778242684391174 : Checking image 2 crop y2 3392
1606778242736670267 : Checking image 1 dpi 300
1606778242736788375 : Checking image 1 border top 167
1606778242736826177 : Checking image 1 border bottom 124
1606778242736860079 : Checking image 1 border left 217
1606778242736893481 : Checking image 1 border right 217
1606778242738917109 : Checking image 2 dpi 300
1606778242738995014 : Checking image 2 border top 0
1606778242739033116 : Checking image 2 border bottom 163
1606778242739066218 : Checking image 2 border left 92
1606778242739099320 : Checking image 2 border right 92

</system-out><system-err>--------------------------------- Captured Err ---------------------------------

</system-err></testcase><testcase classname="tests.test_images" name="test_no_split_line_line_algo_png" time="49.565"><system-out>--------------------------------- Captured Log ---------------------------------

--------------------------------- Captured Out ---------------------------------
/home/runner/work/ocr-book/ocr-book/tests/no_split_line_line_algo.png
1606778222962278421 : Checking separation double page angle 89.47691469185418
1606778222962371627 : Checking separation double page y=0 2476
1606778228464902276 : Checking page rotation 1 -0.14999999999999147
1606778238833208616 : Checking page rotation 2 -0.44999999999998863
1606778240758021111 : Checking image 1 crop x1 205
1606778240758154619 : Checking image 1 crop y1 158
1606778240758199222 : Checking image 1 crop x2 2320
1606778240758243225 : Checking image 1 crop y2 3366
1606778244849702421 : Checking image 2 crop x1 185
1606778244849833929 : Checking image 2 crop y1 221
1606778244849878232 : Checking image 2 crop x2 2201
1606778244849922435 : Checking image 2 crop y2 3366
1606778244895244681 : Checking image 1 dpi 300
1606778244895391691 : Checking image 1 border top 137
1606778244895431293 : Checking image 1 border bottom 142
1606778244895465195 : Checking image 1 border left 172
1606778244895499097 : Checking image 1 border right 172
1606778244897891648 : Checking image 2 dpi 300
1606778244897974453 : Checking image 2 border top 225
1606778244898009255 : Checking image 2 border bottom 117
1606778244898042557 : Checking image 2 border left 222
1606778244898076059 : Checking image 2 border right 222

</system-out><system-err>--------------------------------- Captured Err ---------------------------------

</system-err></testcase><testcase classname="tests.test_images" name="test_failed_split_line_line_algo_png" time="19.644"><system-out>--------------------------------- Captured Log ---------------------------------

--------------------------------- Captured Out ---------------------------------
/home/runner/work/ocr-book/ocr-book/tests/failed_split_line_line_algo.png
1606778254215736328 : Checking separation double page angle 90.01634220573249
1606778254215824433 : Checking separation double page y=0 2575
1606778257890912958 : Checking page rotation 1 -0.14999999999999147
1606778260170639437 : Checking page rotation 2 0.05
1606778261663693423 : Checking image 1 crop x1 407
1606778261663825731 : Checking image 1 crop y1 2925
1606778261663868434 : Checking image 1 crop x2 2419
1606778261663905936 : Checking image 1 crop y2 3174
1606778262423777985 : Checking image 2 crop x1 1180
1606778262423850190 : Checking image 2 crop y1 1724
1606778262423883592 : Checking image 2 crop x2 1181
1606778262423913294 : Checking image 2 crop y2 1725
1606778262424099405 : Checking image 1 dpi 300
1606778262424171009 : Checking image 1 border top 2930
1606778262424203311 : Checking image 1 border bottom 308
1606778262424236213 : Checking image 1 border left 224
1606778262424266715 : Checking image 1 border right 224
1606778262425544394 : Checking image 2 dpi 300
1606778262425616798 : Checking image 2 border top 1753
1606778262425648700 : Checking image 2 border bottom 1753
1606778262425679202 : Checking image 2 border left 1239
1606778262425709304 : Checking image 2 border right 1239

</system-out><system-err>--------------------------------- Captured Err ---------------------------------

</system-err></testcase><testcase classname="tests.test_images" name="test_failed_split_line_line_algo_2_png" time="64.393"><system-out>--------------------------------- Captured Log ---------------------------------

--------------------------------- Captured Out ---------------------------------
/home/runner/work/ocr-book/ocr-book/tests/failed_split_line_line_algo_2.png
1606778282940369247 : Checking separation double page angle 89.9913422057325
1606778282940462952 : Checking separation double page y=0 2498
1606778294795706869 : Checking page rotation 1 0.0
1606778303897681172 : Checking page rotation 2 0.6000000000000001
1606778306790741370 : Checking image 1 crop x1 272
1606778306790881978 : Checking image 1 crop y1 149
1606778306790927681 : Checking image 1 crop x2 2383
1606778306790970283 : Checking image 1 crop y2 3353
1606778309241675604 : Checking image 2 crop x1 121
1606778309241809311 : Checking image 2 crop y1 155
1606778309241854214 : Checking image 2 crop x2 2244
1606778309241898017 : Checking image 2 crop y2 3350
1606778309286759937 : Checking image 1 dpi 300
1606778309286877444 : Checking image 1 border top 137
1606778309286915646 : Checking image 1 border bottom 146
1606778309286950048 : Checking image 1 border left 174
1606778309286983550 : Checking image 1 border right 174
1606778309289544599 : Checking image 2 dpi 300
1606778309289635905 : Checking image 2 border top 138
1606778309289676907 : Checking image 2 border bottom 154
1606778309289710509 : Checking image 2 border left 168
1606778309289743811 : Checking image 2 border right 168

</system-out><system-err>--------------------------------- Captured Err ---------------------------------

</system-err></testcase><testcase classname="tests.test_images" name="test_crop_too_much_3_png" time="65.195"><system-out>--------------------------------- Captured Log ---------------------------------

--------------------------------- Captured Out ---------------------------------
/home/runner/work/ocr-book/ocr-book/tests/crop_too_much_3.png
1606778298164060994 : Checking separation double page angle 89.55580634783144
1606778298164159400 : Checking separation double page y=0 2499
1606778306827316012 : Checking page rotation 1 -0.9499999999999886
1606778319121820596 : Checking page rotation 2 -0.14999999999999147
1606778323357754918 : Checking image 1 crop x1 373
1606778323357889926 : Checking image 1 crop y1 258
1606778323357935529 : Checking image 1 crop x2 2386
1606778323357976531 : Checking image 1 crop y2 3458
1606778327535236043 : Checking image 2 crop x1 167
1606778327535396552 : Checking image 2 crop y1 228
1606778327535441855 : Checking image 2 crop x2 2180
1606778327535482057 : Checking image 2 crop y2 3417
1606778327585441231 : Checking image 1 dpi 300
1606778327585553038 : Checking image 1 border top 237
1606778327585590140 : Checking image 1 border bottom 50
1606778327585624442 : Checking image 1 border left 223
1606778327585659144 : Checking image 1 border right 223
1606778327587815668 : Checking image 2 dpi 300
1606778327587905173 : Checking image 2 border top 192
1606778327587940575 : Checking image 2 border bottom 106
1606778327587974577 : Checking image 2 border left 223
1606778327588007679 : Checking image 2 border right 223

</system-out><system-err>--------------------------------- Captured Err ---------------------------------

</system-err></testcase><testcase classname="tests.test_images" name="test_wrong_wave_split_line_2_png" time="63.750"><system-out>--------------------------------- Captured Log ---------------------------------

--------------------------------- Captured Out ---------------------------------
/home/runner/work/ocr-book/ocr-book/tests/wrong_wave_split_line_2.png
1606778346773765377 : Checking separation double page angle 90.7708958311329
1606778346773870083 : Checking separation double page y=0 2490
1606778356030623538 : Checking page rotation 1 0.4
1606778366981504612 : Checking page rotation 2 1.8
1606778369716623248 : Checking image 1 crop x1 224
1606778369716750455 : Checking image 1 crop y1 147
1606778369716795258 : Checking image 1 crop x2 2337
1606778369716839360 : Checking image 1 crop y2 3355
1606778372980497859 : Checking image 2 crop x1 107
1606778372980636467 : Checking image 2 crop y1 197
1606778372980682369 : Checking image 2 crop x2 2229
1606778372980725972 : Checking image 2 crop y2 3396
1606778373032467959 : Checking image 1 dpi 300
1606778373032581365 : Checking image 1 border top 126
1606778373032621167 : Checking image 1 border bottom 153
1606778373032655369 : Checking image 1 border left 173
1606778373032689471 : Checking image 1 border right 173
1606778373035086505 : Checking image 2 dpi 300
1606778373035172310 : Checking image 2 border top 170
1606778373035207612 : Checking image 2 border bottom 118
1606778373035240714 : Checking image 2 border left 169
1606778373035273515 : Checking image 2 border right 169

</system-out><system-err>--------------------------------- Captured Err ---------------------------------

</system-err></testcase><testcase classname="tests.test_images" name="test_wrong_wave_split_line_3_png" time="54.145"><system-out>--------------------------------- Captured Log ---------------------------------

--------------------------------- Captured Out ---------------------------------
/home/runner/work/ocr-book/ocr-book/tests/wrong_wave_split_line_3.png
1606778359629042270 : Checking separation double page angle 90.0586735161512
1606778359629138276 : Checking separation double page y=0 2510
1606778369030050558 : Checking page rotation 1 0.1
1606778376141359590 : Checking page rotation 2 0.35000000000000003
1606778379155930280 : Checking image 1 crop x1 272
1606778379156064988 : Checking image 1 crop y1 219
1606778379156109790 : Checking image 1 crop x2 2383
1606778379156150692 : Checking image 1 crop y2 3423
1606778381703415458 : Checking image 2 crop x1 119
1606778381703544165 : Checking image 2 crop y1 226
1606778381703589567 : Checking image 2 crop x2 2240
1606778381703631470 : Checking image 2 crop y2 3413
1606778381744866960 : Checking image 1 dpi 300
1606778381744983966 : Checking image 1 border top 190
1606778381745021068 : Checking image 1 border bottom 93
1606778381745055070 : Checking image 1 border left 174
1606778381745088472 : Checking image 1 border right 174
1606778381747175888 : Checking image 2 dpi 300
1606778381747248892 : Checking image 2 border top 190
1606778381747284294 : Checking image 2 border bottom 110
1606778381747317596 : Checking image 2 border left 169
1606778381747376999 : Checking image 2 border right 169

</system-out><system-err>--------------------------------- Captured Err ---------------------------------

</system-err></testcase></testsuite></testsuites>