<?xml version="1.0" encoding="utf-8"?><testsuites><testsuite errors="0" failures="0" hostname="travis-job-bb8b888e-7a14-4208-904a-4db641d81caf" name="pytest" skipped="0" tests="13" time="658.603" timestamp="2020-11-17T18:23:58.327380"><testcase classname="tests.test_features" name="test_disabled_enable_debug" time="49.230"><system-out>--------------------------------- Captured Log ---------------------------------

--------------------------------- Captured Out ---------------------------------
/home/travis/build/bansan85/ocr-book/tests/0001_debug.png
separation double page angle 90.55142384066187
separation double page y=0 2485
page rotation 1 0.75
page rotation 2 0.2
image 1 crop x1 330
image 1 crop y1 336
image 1 crop x2 2343
image 1 crop y2 3223
image 2 crop x1 169
image 2 crop y1 648
image 2 crop x2 2186
image 2 crop y2 3361
image 1 dpi 300
image 1 border top 324
image 1 border bottom 276
image 1 border left 223
image 1 border right 223
image 2 dpi 300
image 2 border top 671
image 2 border bottom 103
image 2 border left 221
image 2 border right 221

</system-out><system-err>--------------------------------- Captured Err ---------------------------------

</system-err></testcase><testcase classname="tests.test_features" name="test_mock_stop_at_0" time="0.035"><system-out>--------------------------------- Captured Log ---------------------------------

--------------------------------- Captured Out ---------------------------------
/home/travis/build/bansan85/ocr-book/tests/0001_0.png

</system-out><system-err>--------------------------------- Captured Err ---------------------------------

</system-err></testcase><testcase classname="tests.test_features" name="test_mock_stop_at_1" time="28.132"><system-out>--------------------------------- Captured Log ---------------------------------

--------------------------------- Captured Out ---------------------------------
/home/travis/build/bansan85/ocr-book/tests/0001_1.png
separation double page angle 90.55142384066187
separation double page y=0 2485

</system-out><system-err>--------------------------------- Captured Err ---------------------------------

</system-err></testcase><testcase classname="tests.test_features" name="test_mock_stop_at_2" time="54.555"><system-out>--------------------------------- Captured Log ---------------------------------

--------------------------------- Captured Out ---------------------------------
/home/travis/build/bansan85/ocr-book/tests/0001_2.png
separation double page angle 90.55142384066187
separation double page y=0 2485
page rotation 1 0.75
page rotation 2 0.2

</system-out><system-err>--------------------------------- Captured Err ---------------------------------

</system-err></testcase><testcase classname="tests.test_features" name="test_mock_stop_at_3" time="56.713"><system-out>--------------------------------- Captured Log ---------------------------------

--------------------------------- Captured Out ---------------------------------
/home/travis/build/bansan85/ocr-book/tests/0001_3.png
separation double page angle 90.55142384066187
separation double page y=0 2485
page rotation 1 0.75
page rotation 2 0.2
image 1 crop x1 330
image 1 crop y1 336
image 1 crop x2 2343
image 1 crop y2 3223
image 2 crop x1 169
image 2 crop y1 648
image 2 crop x2 2186
image 2 crop y2 3361

</system-out><system-err>--------------------------------- Captured Err ---------------------------------

</system-err></testcase><testcase classname="tests.test_features" name="test_mock_stop_at_4" time="55.875"><system-out>--------------------------------- Captured Log ---------------------------------

--------------------------------- Captured Out ---------------------------------
/home/travis/build/bansan85/ocr-book/tests/0001_4.png
separation double page angle 90.55142384066187
separation double page y=0 2485
page rotation 1 0.75
page rotation 2 0.2
image 1 crop x1 330
image 1 crop y1 336
image 1 crop x2 2343
image 1 crop y2 3223
image 2 crop x1 169
image 2 crop y1 648
image 2 crop x2 2186
image 2 crop y2 3361
image 1 dpi 300
image 1 border top 324
image 1 border bottom 276
image 1 border left 223
image 1 border right 223
image 2 dpi 300
image 2 border top 671
image 2 border bottom 103
image 2 border left 221
image 2 border right 221

</system-out><system-err>--------------------------------- Captured Err ---------------------------------

</system-err></testcase><testcase classname="tests.test_features" name="test_mock_stop_at_5" time="55.302"><system-out>--------------------------------- Captured Log ---------------------------------

--------------------------------- Captured Out ---------------------------------
/home/travis/build/bansan85/ocr-book/tests/0001_5.png
separation double page angle 90.55142384066187
separation double page y=0 2485
page rotation 1 0.75
page rotation 2 0.2
image 1 crop x1 330
image 1 crop y1 336
image 1 crop x2 2343
image 1 crop y2 3223
image 2 crop x1 169
image 2 crop y1 648
image 2 crop x2 2186
image 2 crop y2 3361
image 1 dpi 300
image 1 border top 324
image 1 border bottom 276
image 1 border left 223
image 1 border right 223
image 2 dpi 300
image 2 border top 671
image 2 border bottom 103
image 2 border left 221
image 2 border right 221

</system-out><system-err>--------------------------------- Captured Err ---------------------------------

</system-err></testcase><testcase classname="tests.test_images" name="test_0001_png" time="55.483"><system-out>--------------------------------- Captured Log ---------------------------------

--------------------------------- Captured Out ---------------------------------
/home/travis/build/bansan85/ocr-book/tests/0001.png
1605637765973060608 : Checking separation double page angle 90.55142384066187
1605637765973160960 : Checking separation double page y=0 2485
1605637777493972992 : Checking page rotation 1 0.75
1605637791582772480 : Checking page rotation 2 0.2
1605637792811952384 : Checking image 1 crop x1 330
1605637792812034304 : Checking image 1 crop y1 336
1605637792812068352 : Checking image 1 crop x2 2343
1605637792812100352 : Checking image 1 crop y2 3223
1605637794231809536 : Checking image 2 crop x1 169
1605637794231888896 : Checking image 2 crop y1 648
1605637794231922432 : Checking image 2 crop x2 2186
1605637794231954688 : Checking image 2 crop y2 3361
1605637794259243520 : Checking image 1 dpi 300
1605637794259381248 : Checking image 1 border top 324
1605637794259412992 : Checking image 1 border bottom 276
1605637794259441408 : Checking image 1 border left 223
1605637794259478784 : Checking image 1 border right 223
1605637794261391872 : Checking image 2 dpi 300
1605637794261531904 : Checking image 2 border top 671
1605637794261561600 : Checking image 2 border bottom 103
1605637794261590016 : Checking image 2 border left 221
1605637794261617920 : Checking image 2 border right 221

</system-out><system-err>--------------------------------- Captured Err ---------------------------------

</system-err></testcase><testcase classname="tests.test_images" name="test_2_pages_2_contours_png" time="31.738"><system-out>--------------------------------- Captured Log ---------------------------------

--------------------------------- Captured Out ---------------------------------
/home/travis/build/bansan85/ocr-book/tests/2-pages-2-contours.png
1605637811733779712 : Checking separation double page angle 90.14451498942671
1605637811733927168 : Checking separation double page y=0 2489
1605637813845236992 : Checking page rotation 1 0.05
1605637824168206080 : Checking page rotation 2 0.4
1605637824831100928 : Checking image 1 crop x1 1186
1605637824831217408 : Checking image 1 crop y1 1720
1605637824831247872 : Checking image 1 crop x2 1187
1605637824831275008 : Checking image 1 crop y2 1721
1605637825982268160 : Checking image 2 crop x1 101
1605637825982386944 : Checking image 2 crop y1 240
1605637825982423040 : Checking image 2 crop x2 2148
1605637825982456320 : Checking image 2 crop y2 3239
1605637826009322496 : Checking image 1 dpi 300
1605637826009434880 : Checking image 1 border top 1753
1605637826009465856 : Checking image 1 border bottom 1753
1605637826009494784 : Checking image 1 border left 1239
1605637826009522944 : Checking image 1 border right 1239
1605637826010883328 : Checking image 2 dpi 300
1605637826010995712 : Checking image 2 border top 226
1605637826011043328 : Checking image 2 border bottom 262
1605637826011073536 : Checking image 2 border left 206
1605637826011100672 : Checking image 2 border right 206

</system-out><system-err>--------------------------------- Captured Err ---------------------------------

</system-err></testcase><testcase classname="tests.test_images" name="test_black_border_not_removed_png" time="74.007"><system-out>--------------------------------- Captured Log ---------------------------------

--------------------------------- Captured Out ---------------------------------
/home/travis/build/bansan85/ocr-book/tests/black-border-not-removed.png
1605637866433212928 : Checking separation double page angle 90.00393370592924
1605637866433348352 : Checking separation double page y=0 2455
1605637878732806400 : Checking page rotation 1 0.05
1605637896879551232 : Checking page rotation 2 0.0
1605637898339708416 : Checking image 1 crop x1 298
1605637898339802112 : Checking image 1 crop y1 142
1605637898339836416 : Checking image 1 crop x2 2308
1605637898339871232 : Checking image 1 crop y2 3347
1605637899979152128 : Checking image 2 crop x1 157
1605637899979248128 : Checking image 2 crop y1 145
1605637899979283200 : Checking image 2 crop x2 2169
1605637899979315968 : Checking image 2 crop y2 3352
1605637900008165120 : Checking image 1 dpi 300
1605637900008291840 : Checking image 1 border top 127
1605637900008322048 : Checking image 1 border bottom 155
1605637900008358656 : Checking image 1 border left 225
1605637900008386304 : Checking image 1 border right 225
1605637900010349568 : Checking image 2 dpi 300
1605637900010460416 : Checking image 2 border top 130
1605637900010488576 : Checking image 2 border bottom 150
1605637900010515712 : Checking image 2 border left 224
1605637900010542848 : Checking image 2 border right 224

</system-out><system-err>--------------------------------- Captured Err ---------------------------------

</system-err></testcase><testcase classname="tests.test_images" name="test_image_failed_to_rotate_png" time="52.947"><system-out>--------------------------------- Captured Log ---------------------------------

--------------------------------- Captured Out ---------------------------------
/home/travis/build/bansan85/ocr-book/tests/image_failed_to_rotate.png
1605637921608867072 : Checking separation double page angle 90.14336291526413
1605637921608956928 : Checking separation double page y=0 2476
1605637927156395264 : Checking page rotation 1 0.35000000000000003
1605637939136744192 : Checking page rotation 2 0.45
1605637951493493760 : Checking image 1 crop x1 34
1605637951493583872 : Checking image 1 crop y1 1
1605637951493615104 : Checking image 1 crop x2 2474
1605637951493645312 : Checking image 1 crop y2 3500
1605637952843002368 : Checking image 2 crop x1 171
1605637952843083264 : Checking image 2 crop y1 234
1605637952843153664 : Checking image 2 crop x2 2250
1605637952843210240 : Checking image 2 crop y2 3355
1605637952877128192 : Checking image 1 dpi 300
1605637952877253888 : Checking image 1 border top 4
1605637952877285888 : Checking image 1 border bottom 4
1605637952877313792 : Checking image 1 border left 20
1605637952877340672 : Checking image 1 border right 20
1605637952879407872 : Checking image 2 dpi 300
1605637952879546368 : Checking image 2 border top 206
1605637952879576320 : Checking image 2 border bottom 160
1605637952879603968 : Checking image 2 border left 190
1605637952879636992 : Checking image 2 border right 190

</system-out><system-err>--------------------------------- Captured Err ---------------------------------

</system-err></testcase><testcase classname="tests.test_images" name="test_image_failed_to_crop_data_png" time="56.633"><system-out>--------------------------------- Captured Log ---------------------------------

--------------------------------- Captured Out ---------------------------------
/home/travis/build/bansan85/ocr-book/tests/image_failed_to_crop_data.png
1605637979768366080 : Checking separation double page angle 90.062288741015
1605637979768481024 : Checking separation double page y=0 2482
1605637986101485056 : Checking page rotation 1 0.2
1605637996253826304 : Checking page rotation 2 0.05
1605638008304498944 : Checking image 1 crop x1 58
1605638008304581888 : Checking image 1 crop y1 8
1605638008304612864 : Checking image 1 crop x2 2480
1605638008304642560 : Checking image 1 crop y2 3504
1605638009507267328 : Checking image 2 crop x1 159
1605638009507368448 : Checking image 2 crop y1 217
1605638009507412992 : Checking image 2 crop x2 2240
1605638009507455232 : Checking image 2 crop y2 3350
1605638009537603840 : Checking image 1 dpi 300
1605638009537730048 : Checking image 1 border top 6
1605638009537761280 : Checking image 1 border bottom 6
1605638009537789696 : Checking image 1 border left 29
1605638009537817088 : Checking image 1 border right 29
1605638009539883264 : Checking image 2 dpi 300
1605638009540014848 : Checking image 2 border top 209
1605638009540044032 : Checking image 2 border bottom 145
1605638009540072192 : Checking image 2 border left 189
1605638009540099328 : Checking image 2 border right 189

</system-out><system-err>--------------------------------- Captured Err ---------------------------------

</system-err></testcase><testcase classname="tests.test_images" name="test_wrong_angle_split_line_png" time="86.144"><system-out>--------------------------------- Captured Log ---------------------------------

--------------------------------- Captured Out ---------------------------------
/home/travis/build/bansan85/ocr-book/tests/wrong_angle_split_line.png
1605638039298852608 : Checking separation double page angle 90.16760446809923
1605638039298992896 : Checking separation double page y=0 2487
1605638050456650496 : Checking page rotation 1 0.05
1605638080657570816 : Checking page rotation 2 0.0
1605638093112488448 : Checking image 1 crop x1 55
1605638093112572160 : Checking image 1 crop y1 7
1605638093112603136 : Checking image 1 crop x2 2481
1605638093112632832 : Checking image 1 crop y2 3505
1605638095010629632 : Checking image 2 crop x1 159
1605638095010706432 : Checking image 2 crop y1 217
1605638095010739968 : Checking image 2 crop x2 2242
1605638095010781952 : Checking image 2 crop y2 3350
1605638095140404992 : Checking image 1 dpi 300
1605638095140575488 : Checking image 1 border top 5
1605638095140607488 : Checking image 1 border bottom 5
1605638095140635904 : Checking image 1 border left 27
1605638095140663808 : Checking image 1 border right 27
1605638095146252544 : Checking image 2 dpi 300
1605638095146397440 : Checking image 2 border top 195
1605638095146426880 : Checking image 2 border bottom 159
1605638095146454016 : Checking image 2 border left 188
1605638095146480896 : Checking image 2 border right 188

</system-out><system-err>--------------------------------- Captured Err ---------------------------------

</system-err></testcase></testsuite></testsuites>