<?xml version="1.0" encoding="utf-8"?><testsuites><testsuite errors="0" failures="0" hostname="fv-az137-914" name="pytest" skipped="0" tests="36" time="597.366" timestamp="2021-01-06T19:50:52.293916"><testcase classname="tests.test_features" name="test_mock_stop_at_0" time="0.052"><system-out>--------------------------------- Captured Log ---------------------------------

--------------------------------- Captured Out ---------------------------------
/home/runner/work/ocr-book/ocr-book/tests/0001_0.png

</system-out><system-err>--------------------------------- Captured Err ---------------------------------

</system-err></testcase><testcase classname="tests.test_features" name="test_disabled_enable_debug" time="35.813"><system-out>--------------------------------- Captured Log ---------------------------------

--------------------------------- Captured Out ---------------------------------
/home/runner/work/ocr-book/ocr-book/tests/0001_debug.png
separation double page angle 90.5528088189967
separation double page y=0 2485
page rotation 1 0.5499999999999999
page rotation 2 0.2
image 1 crop x1 327
image 1 crop y1 334
image 1 crop x2 2346
image 1 crop y2 3221
image 2 crop x1 169
image 2 crop y1 648
image 2 crop x2 2186
image 2 crop y2 3361
image 1 dpi 300
image 1 border top 332
image 1 border bottom 268
image 1 border left 220
image 1 border right 220
image 2 dpi 300
image 2 border top 643
image 2 border bottom 131
image 2 border left 221
image 2 border right 221

</system-out><system-err>--------------------------------- Captured Err ---------------------------------

</system-err></testcase><testcase classname="tests.test_features" name="test_mock_stop_at_2" time="31.475"><system-out>--------------------------------- Captured Log ---------------------------------

--------------------------------- Captured Out ---------------------------------
/home/runner/work/ocr-book/ocr-book/tests/0001_2.png
separation double page angle 90.5528088189967
separation double page y=0 2485
page rotation 1 0.5499999999999999
page rotation 2 0.2

</system-out><system-err>--------------------------------- Captured Err ---------------------------------

</system-err></testcase><testcase classname="tests.test_features" name="test_mock_stop_at_4" time="35.187"><system-out>--------------------------------- Captured Log ---------------------------------

--------------------------------- Captured Out ---------------------------------
/home/runner/work/ocr-book/ocr-book/tests/0001_4.png
separation double page angle 90.5528088189967
separation double page y=0 2485
page rotation 1 0.5499999999999999
page rotation 2 0.2
image 1 crop x1 327
image 1 crop y1 334
image 1 crop x2 2346
image 1 crop y2 3221
image 2 crop x1 169
image 2 crop y1 648
image 2 crop x2 2186
image 2 crop y2 3361
image 1 dpi 300
image 1 border top 332
image 1 border bottom 268
image 1 border left 220
image 1 border right 220
image 2 dpi 300
image 2 border top 643
image 2 border bottom 131
image 2 border left 221
image 2 border right 221

</system-out><system-err>--------------------------------- Captured Err ---------------------------------

</system-err></testcase><testcase classname="tests.test_features" name="test_mock_stop_at_1" time="27.718"><system-out>--------------------------------- Captured Log ---------------------------------

--------------------------------- Captured Out ---------------------------------
/home/runner/work/ocr-book/ocr-book/tests/0001_1.png
separation double page angle 90.5528088189967
separation double page y=0 2485

</system-out><system-err>--------------------------------- Captured Err ---------------------------------

</system-err></testcase><testcase classname="tests.test_features" name="test_mock_stop_at_3" time="34.701"><system-out>--------------------------------- Captured Log ---------------------------------

--------------------------------- Captured Out ---------------------------------
/home/runner/work/ocr-book/ocr-book/tests/0001_3.png
separation double page angle 90.5528088189967
separation double page y=0 2485
page rotation 1 0.5499999999999999
page rotation 2 0.2
image 1 crop x1 327
image 1 crop y1 334
image 1 crop x2 2346
image 1 crop y2 3221
image 2 crop x1 169
image 2 crop y1 648
image 2 crop x2 2186
image 2 crop y2 3361

</system-out><system-err>--------------------------------- Captured Err ---------------------------------

</system-err></testcase><testcase classname="tests.test_images" name="test_0001_png" time="34.752"><system-out>--------------------------------- Captured Log ---------------------------------

--------------------------------- Captured Out ---------------------------------
/home/runner/work/ocr-book/ocr-book/tests/0001.png
1609962747827907937 : Checking separation double page angle 90.5528088189967
1609962747828038137 : Checking separation double page y=0 2485
1609962749134405555 : Checking page rotation 1 0.5499999999999999
1609962750536471938 : Checking page rotation 2 0.2
1609962753014590529 : Checking image 1 crop x1 327
1609962753014737429 : Checking image 1 crop y1 334
1609962753014798929 : Checking image 1 crop x2 2346
1609962753014852429 : Checking image 1 crop y2 3221
1609962755105930356 : Checking image 2 crop x1 169
1609962755106046756 : Checking image 2 crop y1 648
1609962755106094256 : Checking image 2 crop x2 2186
1609962755106133756 : Checking image 2 crop y2 3361
1609962755106302756 : Checking image 1 dpi 300
1609962755106378556 : Checking image 1 border top 332
1609962755106418256 : Checking image 1 border bottom 268
1609962755106454556 : Checking image 1 border left 220
1609962755106492256 : Checking image 1 border right 220
1609962755108927956 : Checking image 2 dpi 300
1609962755108994256 : Checking image 2 border top 643
1609962755109063056 : Checking image 2 border bottom 131
1609962755109102256 : Checking image 2 border left 221
1609962755109156956 : Checking image 2 border right 221

</system-out><system-err>--------------------------------- Captured Err ---------------------------------

</system-err></testcase><testcase classname="tests.test_features" name="test_mock_stop_at_5" time="34.849"><system-out>--------------------------------- Captured Log ---------------------------------

--------------------------------- Captured Out ---------------------------------
/home/runner/work/ocr-book/ocr-book/tests/0001_5.png
separation double page angle 90.5528088189967
separation double page y=0 2485
page rotation 1 0.5499999999999999
page rotation 2 0.2
image 1 crop x1 327
image 1 crop y1 334
image 1 crop x2 2346
image 1 crop y2 3221
image 2 crop x1 169
image 2 crop y1 648
image 2 crop x2 2186
image 2 crop y2 3361
image 1 dpi 300
image 1 border top 332
image 1 border bottom 268
image 1 border left 220
image 1 border right 220
image 2 dpi 300
image 2 border top 643
image 2 border bottom 131
image 2 border left 221
image 2 border right 221

</system-out><system-err>--------------------------------- Captured Err ---------------------------------

</system-err></testcase><testcase classname="tests.test_images" name="test_black_border_not_removed_png" time="36.540"><system-out>--------------------------------- Captured Log ---------------------------------

--------------------------------- Captured Out ---------------------------------
/home/runner/work/ocr-book/ocr-book/tests/black-border-not-removed.png
1609962782809923871 : Checking separation double page angle 90.033171103531
1609962782810031971 : Checking separation double page y=0 2455
1609962784139660963 : Checking page rotation 1 0.0
1609962785738568450 : Checking page rotation 2 0.05
1609962788932895820 : Checking image 1 crop x1 297
1609962788933046220 : Checking image 1 crop y1 143
1609962788933105020 : Checking image 1 crop x2 2309
1609962788933149720 : Checking image 1 crop y2 3346
1609962791646954465 : Checking image 2 crop x1 157
1609962791647129165 : Checking image 2 crop y1 145
1609962791647173265 : Checking image 2 crop x2 2170
1609962791647213165 : Checking image 2 crop y2 3351
1609962791647409465 : Checking image 1 dpi 300
1609962791647481965 : Checking image 1 border top 132
1609962791647519465 : Checking image 1 border bottom 152
1609962791647684765 : Checking image 1 border left 224
1609962791647732265 : Checking image 1 border right 224
1609962791651386965 : Checking image 2 dpi 300
1609962791651506265 : Checking image 2 border top 134
1609962791651544865 : Checking image 2 border bottom 147
1609962791651601465 : Checking image 2 border left 223
1609962791651653365 : Checking image 2 border right 223

</system-out><system-err>--------------------------------- Captured Err ---------------------------------

</system-err></testcase><testcase classname="tests.test_images" name="test_2_pages_2_contours_png" time="21.154"><system-out>--------------------------------- Captured Log ---------------------------------

--------------------------------- Captured Out ---------------------------------
/home/runner/work/ocr-book/ocr-book/tests/2-pages-2-contours.png
1609962802643574732 : Checking separation double page angle 90.09036871657068
1609962802643728731 : Checking separation double page y=0 2486
1609962803270335601 : Checking page rotation 1 0.0
1609962804535581570 : Checking page rotation 2 0.2
1609962805545850454 : Checking image 1 crop x1 1191
1609962805545941154 : Checking image 1 crop y1 1750
1609962805545974254 : Checking image 1 crop x2 1192
1609962805546004054 : Checking image 1 crop y2 1751
1609962807898513474 : Checking image 2 crop x1 99
1609962807898629274 : Checking image 2 crop y1 240
1609962807898671174 : Checking image 2 crop x2 2147
1609962807898711974 : Checking image 2 crop y2 3240
1609962807898872673 : Checking image 1 dpi 300
1609962807898939273 : Checking image 1 border top 1752
1609962807898981173 : Checking image 1 border bottom 1753
1609962807899018073 : Checking image 1 border left 1239
1609962807899053773 : Checking image 1 border right 1239
1609962807900720469 : Checking image 2 dpi 300
1609962807900776269 : Checking image 2 border top 229
1609962807900811469 : Checking image 2 border bottom 258
1609962807900844869 : Checking image 2 border left 206
1609962807900877969 : Checking image 2 border right 206

</system-out><system-err>--------------------------------- Captured Err ---------------------------------

</system-err></testcase><testcase classname="tests.test_images" name="test_image_failed_to_rotate_png" time="38.108"><system-out>--------------------------------- Captured Log ---------------------------------

--------------------------------- Captured Out ---------------------------------
/home/runner/work/ocr-book/ocr-book/tests/image_failed_to_rotate.png
1609962817735990006 : Checking separation double page angle 90.26767669076624
1609962817736129206 : Checking separation double page y=0 2480
1609962819717296378 : Checking page rotation 1 0.45
1609962821076006513 : Checking page rotation 2 0.2
1609962826607730055 : Checking image 1 crop x1 31
1609962826607896855 : Checking image 1 crop y1 1
1609962826607943055 : Checking image 1 crop x2 2478
1609962826607983155 : Checking image 1 crop y2 3504
1609962829659736797 : Checking image 2 crop x1 169
1609962829659935297 : Checking image 2 crop y1 231
1609962829660002697 : Checking image 2 crop x2 2257
1609962829660047197 : Checking image 2 crop y2 3358
1609962829660232797 : Checking image 1 dpi 300
1609962829660310397 : Checking image 1 border top 2
1609962829660353697 : Checking image 1 border bottom 2
1609962829660391497 : Checking image 1 border left 17
1609962829660429897 : Checking image 1 border right 17
1609962829662904698 : Checking image 2 dpi 300
1609962829662992598 : Checking image 2 border top 218
1609962829663034298 : Checking image 2 border bottom 142
1609962829663071798 : Checking image 2 border left 186
1609962829664719199 : Checking image 2 border right 186

</system-out><system-err>--------------------------------- Captured Err ---------------------------------

</system-err></testcase><testcase classname="tests.test_images" name="test_wrong_split_line_png" time="26.288"><system-out>--------------------------------- Captured Log ---------------------------------

--------------------------------- Captured Out ---------------------------------
/home/runner/work/ocr-book/ocr-book/tests/wrong_split_line.png
1609962827869712586 : Checking separation double page angle 89.93395720607973
1609962827869813786 : Checking separation double page y=0 2465
1609962829140595220 : Checking page rotation 1 -0.04999999999999689
1609962830247592398 : Checking page rotation 2 0.5499999999999999
1609962831761969925 : Checking image 1 crop x1 211
1609962831762083724 : Checking image 1 crop y1 156
1609962831762122624 : Checking image 1 crop x2 2323
1609962831762161024 : Checking image 1 crop y2 3363
1609962834172958997 : Checking image 2 crop x1 125
1609962834173096797 : Checking image 2 crop y1 166
1609962834173133097 : Checking image 2 crop x2 2236
1609962834173168697 : Checking image 2 crop y2 3373
1609962834173322696 : Checking image 1 dpi 300
1609962834173438896 : Checking image 1 border top 134
1609962834173499596 : Checking image 1 border bottom 146
1609962834173529696 : Checking image 1 border left 174
1609962834173558496 : Checking image 1 border right 174
1609962834175568389 : Checking image 2 dpi 300
1609962834175635989 : Checking image 2 border top 146
1609962834175684389 : Checking image 2 border bottom 134
1609962834175711989 : Checking image 2 border left 174
1609962834175740989 : Checking image 2 border right 174

</system-out><system-err>--------------------------------- Captured Err ---------------------------------

</system-err></testcase><testcase classname="tests.test_images" name="test_image_failed_to_crop_data_png" time="50.258"><system-out>--------------------------------- Captured Log ---------------------------------

--------------------------------- Captured Out ---------------------------------
/home/runner/work/ocr-book/ocr-book/tests/image_failed_to_crop_data.png
1609962860538690085 : Checking separation double page angle 90.053197600644
1609962860538823884 : Checking separation double page y=0 2480
1609962865321728705 : Checking page rotation 1 0.15000000000000002
1609962866412729830 : Checking page rotation 2 0.0
1609962876695567614 : Checking image 1 crop x1 51
1609962876695682414 : Checking image 1 crop y1 7
1609962876695727714 : Checking image 1 crop x2 2478
1609962876695766714 : Checking image 1 crop y2 3505
1609962879928737111 : Checking image 2 crop x1 160
1609962879928915210 : Checking image 2 crop y1 217
1609962879928987110 : Checking image 2 crop x2 2242
1609962879929067910 : Checking image 2 crop y2 3350
1609962879929355208 : Checking image 1 dpi 300
1609962879929624407 : Checking image 1 border top 5
1609962879929668406 : Checking image 1 border bottom 5
1609962879929706406 : Checking image 1 border left 27
1609962879929744006 : Checking image 1 border right 27
1609962879932671791 : Checking image 2 dpi 300
1609962879932756090 : Checking image 2 border top 206
1609962879932795690 : Checking image 2 border bottom 148
1609962879932831490 : Checking image 2 border left 189
1609962879932867490 : Checking image 2 border right 189

</system-out><system-err>--------------------------------- Captured Err ---------------------------------

</system-err></testcase><testcase classname="tests.test_images" name="test_crop_too_much_png" time="43.978"><system-out>--------------------------------- Captured Log ---------------------------------

--------------------------------- Captured Out ---------------------------------
/home/runner/work/ocr-book/ocr-book/tests/crop_too_much.png
1609962870180816805 : Checking separation double page angle 90.13239409272954
1609962870180946904 : Checking separation double page y=0 2455
1609962871903836564 : Checking page rotation 1 0.0
1609962873539625943 : Checking page rotation 2 0.2
1609962876198619732 : Checking image 1 crop x1 303
1609962876198749732 : Checking image 1 crop y1 148
1609962876198786731 : Checking image 1 crop x2 2313
1609962876198820531 : Checking image 1 crop y2 3351
1609962878144551138 : Checking image 2 crop x1 162
1609962878144662237 : Checking image 2 crop y1 151
1609962878144700737 : Checking image 2 crop x2 2186
1609962878144738237 : Checking image 2 crop y2 3363
1609962878144894537 : Checking image 1 dpi 300
1609962878144977937 : Checking image 1 border top 132
1609962878145013437 : Checking image 1 border bottom 152
1609962878145046737 : Checking image 1 border left 225
1609962878145077837 : Checking image 1 border right 225
1609962878147589932 : Checking image 2 dpi 300
1609962878147692432 : Checking image 2 border top 132
1609962878147727932 : Checking image 2 border bottom 143
1609962878147759632 : Checking image 2 border left 218
1609962878147806932 : Checking image 2 border right 218

</system-out><system-err>--------------------------------- Captured Err ---------------------------------

</system-err></testcase><testcase classname="tests.test_images" name="test_crop_too_few_png" time="28.407"><system-out>--------------------------------- Captured Log ---------------------------------

--------------------------------- Captured Out ---------------------------------
/home/runner/work/ocr-book/ocr-book/tests/crop_too_few.png
1609962899997497375 : Checking separation double page angle 89.54670238452755
1609962899997602976 : Checking separation double page y=0 2512
1609962901099380588 : Checking page rotation 1 -0.6000000000000009
1609962902412378948 : Checking page rotation 2 0.0
1609962904443030786 : Checking image 1 crop x1 263
1609962904443152985 : Checking image 1 crop y1 150
1609962904443191585 : Checking image 1 crop x2 2379
1609962904443225685 : Checking image 1 crop y2 3358
1609962906576691780 : Checking image 2 crop x1 137
1609962906576873279 : Checking image 2 crop y1 141
1609962906576929979 : Checking image 2 crop x2 2259
1609962906576966279 : Checking image 2 crop y2 3345
1609962906577120079 : Checking image 1 dpi 300
1609962906577190379 : Checking image 1 border top 130
1609962906577226378 : Checking image 1 border bottom 149
1609962906577259878 : Checking image 1 border left 172
1609962906577309378 : Checking image 1 border right 172
1609962906579816171 : Checking image 2 dpi 300
1609962906579902370 : Checking image 2 border top 130
1609962906579941670 : Checking image 2 border bottom 153
1609962906579976670 : Checking image 2 border left 169
1609962906580010570 : Checking image 2 border right 169

</system-out><system-err>--------------------------------- Captured Err ---------------------------------

</system-err></testcase><testcase classname="tests.test_images" name="test_wrong_angle_split_line_png" time="33.609"><system-out>--------------------------------- Captured Log ---------------------------------

--------------------------------- Captured Out ---------------------------------
/home/runner/work/ocr-book/ocr-book/tests/wrong_angle_split_line.png
1609962899149380260 : Checking separation double page angle 90.09193420006348
1609962899149532661 : Checking separation double page y=0 2478
1609962900493938581 : Checking page rotation 1 0.1
1609962901734089938 : Checking page rotation 2 0.1
1609962907740004533 : Checking image 1 crop x1 58
1609962907740116233 : Checking image 1 crop y1 6
1609962907740179133 : Checking image 1 crop x2 2476
1609962907740219432 : Checking image 1 crop y2 3501
1609962912874019313 : Checking image 2 crop x1 166
1609962912874203013 : Checking image 2 crop y1 218
1609962912874251913 : Checking image 2 crop x2 2244
1609962912874313113 : Checking image 2 crop y2 3349
1609962912874547412 : Checking image 1 dpi 300
1609962912874640612 : Checking image 1 border top 6
1609962912874677712 : Checking image 1 border bottom 6
1609962912874711711 : Checking image 1 border left 31
1609962912874745711 : Checking image 1 border right 31
1609962912883978885 : Checking image 2 dpi 300
1609962912884157984 : Checking image 2 border top 207
1609962912884202784 : Checking image 2 border bottom 149
1609962912884242284 : Checking image 2 border left 191
1609962912884281384 : Checking image 2 border right 191

</system-out><system-err>--------------------------------- Captured Err ---------------------------------

</system-err></testcase><testcase classname="tests.test_images" name="test_crop_too_much_2_png" time="52.027"><system-out>--------------------------------- Captured Log ---------------------------------

--------------------------------- Captured Out ---------------------------------
/home/runner/work/ocr-book/ocr-book/tests/crop_too_much_2.png
1609962948479207021 : Checking separation double page angle 90.1149074900787
1609962948479308920 : Checking separation double page y=0 2478
1609962950298521053 : Checking page rotation 1 0.15000000000000002
1609962952496582746 : Checking page rotation 2 0.2
1609962955041450317 : Checking image 1 crop x1 330
1609962955041588117 : Checking image 1 crop y1 132
1609962955041645716 : Checking image 1 crop x2 2342
1609962955041683116 : Checking image 1 crop y2 3335
1609962958559539815 : Checking image 2 crop x1 162
1609962958559684715 : Checking image 2 crop y1 139
1609962958559729815 : Checking image 2 crop x2 2175
1609962958559770814 : Checking image 2 crop y2 3345
1609962958560052213 : Checking image 1 dpi 300
1609962958560126513 : Checking image 1 border top 122
1609962958560167413 : Checking image 1 border bottom 162
1609962958560203713 : Checking image 1 border left 224
1609962958560238213 : Checking image 1 border right 224
1609962958562373704 : Checking image 2 dpi 300
1609962958562444904 : Checking image 2 border top 130
1609962958562480604 : Checking image 2 border bottom 151
1609962958562513404 : Checking image 2 border left 223
1609962958562546003 : Checking image 2 border right 223

</system-out><system-err>--------------------------------- Captured Err ---------------------------------

</system-err></testcase><testcase classname="tests.test_images" name="test_angle_page_lower_split_line_png" time="34.826"><system-out>--------------------------------- Captured Log ---------------------------------

--------------------------------- Captured Out ---------------------------------
/home/runner/work/ocr-book/ocr-book/tests/angle_page_lower_split_line.png
1609962940324438694 : Checking separation double page angle 89.74927707086691
1609962940324561194 : Checking separation double page y=0 2474
1609962942138019254 : Checking page rotation 1 -0.14999999999999067
1609962943727175187 : Checking page rotation 2 0.1
1609962946248520002 : Checking image 1 crop x1 241
1609962946248642401 : Checking image 1 crop y1 156
1609962946248688601 : Checking image 1 crop x2 2357
1609962946248731001 : Checking image 1 crop y2 3368
1609962948465237103 : Checking image 2 crop x1 149
1609962948465360902 : Checking image 2 crop y1 146
1609962948465429202 : Checking image 2 crop x2 2259
1609962948465475702 : Checking image 2 crop y2 3351
1609962948465690600 : Checking image 1 dpi 300
1609962948465770400 : Checking image 1 border top 140
1609962948465811200 : Checking image 1 border bottom 135
1609962948465848699 : Checking image 1 border left 172
1609962948465885999 : Checking image 1 border right 172
1609962948468221685 : Checking image 2 dpi 300
1609962948468281885 : Checking image 2 border top 129
1609962948468319685 : Checking image 2 border bottom 152
1609962948468355385 : Checking image 2 border left 175
1609962948468390684 : Checking image 2 border right 175

</system-out><system-err>--------------------------------- Captured Err ---------------------------------

</system-err></testcase><testcase classname="tests.test_images" name="test_wrong_wave_split_line_png" time="51.684"><system-out>--------------------------------- Captured Log ---------------------------------

--------------------------------- Captured Out ---------------------------------
/home/runner/work/ocr-book/ocr-book/tests/wrong_wave_split_line.png
1609962985542244249 : Checking separation double page angle 90.37878604107719
1609962985542392549 : Checking separation double page y=0 2500
1609962986946895796 : Checking page rotation 1 -0.14999999999999067
1609962988332330605 : Checking page rotation 2 0.9
1609962994158010460 : Checking image 1 crop x1 385
1609962994158128560 : Checking image 1 crop y1 179
1609962994158173560 : Checking image 1 crop x2 2411
1609962994158211860 : Checking image 1 crop y2 3374
1609963000144149399 : Checking image 2 crop x1 17
1609963000144287801 : Checking image 2 crop y1 8
1609963000144340401 : Checking image 2 crop x2 2399
1609963000144384802 : Checking image 2 crop y2 3391
1609963000144553904 : Checking image 1 dpi 300
1609963000144636105 : Checking image 1 border top 173
1609963000144678706 : Checking image 1 border bottom 119
1609963000144717306 : Checking image 1 border left 217
1609963000144755307 : Checking image 1 border right 217
1609963000147410441 : Checking image 2 dpi 300
1609963000147513242 : Checking image 2 border top 0
1609963000147561342 : Checking image 2 border bottom 114
1609963000147602343 : Checking image 2 border left 49
1609963000147642344 : Checking image 2 border right 49

</system-out><system-err>--------------------------------- Captured Err ---------------------------------

</system-err></testcase><testcase classname="tests.test_images" name="test_wrong_split_line_2_png" time="50.811"><system-out>--------------------------------- Captured Log ---------------------------------

--------------------------------- Captured Out ---------------------------------
/home/runner/work/ocr-book/ocr-book/tests/wrong_split_line_2.png
1609962993782047563 : Checking separation double page angle 90.19944704411863
1609962993782176563 : Checking separation double page y=0 2437
1609962995752839247 : Checking page rotation 1 0.2
1609962997484003833 : Checking page rotation 2 0.2
1609963002106234589 : Checking image 1 crop x1 294
1609963002106370790 : Checking image 1 crop y1 136
1609963002106425291 : Checking image 1 crop x2 2325
1609963002106462592 : Checking image 1 crop y2 3376
1609963009402071403 : Checking image 2 crop x1 136
1609963009402191805 : Checking image 2 crop y1 190
1609963009402229605 : Checking image 2 crop x2 2172
1609963009402265606 : Checking image 2 crop y2 3389
1609963009402445408 : Checking image 1 dpi 300
1609963009402511609 : Checking image 1 border top 131
1609963009402545209 : Checking image 1 border bottom 116
1609963009402613410 : Checking image 1 border left 214
1609963009402662911 : Checking image 1 border right 214
1609963009405025841 : Checking image 2 dpi 300
1609963009405086742 : Checking image 2 border top 181
1609963009405120142 : Checking image 2 border bottom 107
1609963009405151543 : Checking image 2 border left 212
1609963009405182743 : Checking image 2 border right 212

</system-out><system-err>--------------------------------- Captured Err ---------------------------------

</system-err></testcase><testcase classname="tests.test_images" name="test_no_split_line_line_algo_png" time="32.953"><system-out>--------------------------------- Captured Log ---------------------------------

--------------------------------- Captured Out ---------------------------------
/home/runner/work/ocr-book/ocr-book/tests/no_split_line_line_algo.png
1609963024764022775 : Checking separation double page angle 89.47691469185418
1609963024764178675 : Checking separation double page y=0 2476
1609963025822378510 : Checking page rotation 1 -0.14999999999999067
1609963027460133245 : Checking page rotation 2 -0.14999999999999067
1609963029059923993 : Checking image 1 crop x1 205
1609963029060081893 : Checking image 1 crop y1 158
1609963029060127593 : Checking image 1 crop x2 2320
1609963029060206593 : Checking image 1 crop y2 3366
1609963033119344136 : Checking image 2 crop x1 185
1609963033119469336 : Checking image 2 crop y1 225
1609963033119532336 : Checking image 2 crop x2 2204
1609963033119573436 : Checking image 2 crop y2 3362
1609963033119750636 : Checking image 1 dpi 300
1609963033119829036 : Checking image 1 border top 144
1609963033119869536 : Checking image 1 border bottom 134
1609963033119906436 : Checking image 1 border left 172
1609963033119942736 : Checking image 1 border right 172
1609963033122617936 : Checking image 2 dpi 300
1609963033122687836 : Checking image 2 border top 223
1609963033122733336 : Checking image 2 border bottom 127
1609963033122789236 : Checking image 2 border left 220
1609963033122841536 : Checking image 2 border right 220

</system-out><system-err>--------------------------------- Captured Err ---------------------------------

</system-err></testcase><testcase classname="tests.test_images" name="test_small_wave_png" time="45.290"><system-out>--------------------------------- Captured Log ---------------------------------

--------------------------------- Captured Out ---------------------------------
/home/runner/work/ocr-book/ocr-book/tests/small_wave.png
1609963048556221821 : Checking separation double page angle 90.58816928841564
1609963048556331521 : Checking separation double page y=0 2497
1609963050357363159 : Checking page rotation 1 0.65
1609963051862448909 : Checking page rotation 2 0.65
1609963053217294415 : Checking image 1 crop x1 320
1609963053217413015 : Checking image 1 crop y1 199
1609963053217453915 : Checking image 1 crop x2 2353
1609963053217504915 : Checking image 1 crop y2 3394
1609963054686599054 : Checking image 2 crop x1 130
1609963054686709854 : Checking image 2 crop y1 222
1609963054686751154 : Checking image 2 crop x2 2163
1609963054686791654 : Checking image 2 crop y2 3420
1609963054686960654 : Checking image 1 dpi 300
1609963054687038754 : Checking image 1 border top 179
1609963054687076654 : Checking image 1 border bottom 112
1609963054687113054 : Checking image 1 border left 213
1609963054687147654 : Checking image 1 border right 213
1609963054689219655 : Checking image 2 dpi 300
1609963054689284655 : Checking image 2 border top 197
1609963054689321555 : Checking image 2 border bottom 92
1609963054689356255 : Checking image 2 border left 213
1609963054689390855 : Checking image 2 border right 213

</system-out><system-err>--------------------------------- Captured Err ---------------------------------

</system-err></testcase><testcase classname="tests.test_images" name="test_failed_split_line_line_algo_png" time="17.272"><system-out>--------------------------------- Captured Log ---------------------------------

--------------------------------- Captured Out ---------------------------------
/home/runner/work/ocr-book/ocr-book/tests/failed_split_line_line_algo.png
1609963046164462098 : Checking separation double page angle 90.04134220573248
1609963046164570798 : Checking separation double page y=0 2573
1609963046890297957 : Checking page rotation 1 -0.09999999999999377
1609963047499915283 : Checking page rotation 2 0.1
1609963049397509772 : Checking image 1 crop x1 408
1609963049397627072 : Checking image 1 crop y1 2926
1609963049397680772 : Checking image 1 crop x2 2420
1609963049397715572 : Checking image 1 crop y2 3173
1609963050418580078 : Checking image 2 crop x1 1184
1609963050418682078 : Checking image 2 crop y1 1745
1609963050418735378 : Checking image 2 crop x2 1185
1609963050418768278 : Checking image 2 crop y2 1746
1609963050418931278 : Checking image 1 dpi 300
1609963050419009278 : Checking image 1 border top 2922
1609963050419045178 : Checking image 1 border bottom 318
1609963050419077778 : Checking image 1 border left 224
1609963050419110078 : Checking image 1 border right 224
1609963050420679478 : Checking image 2 dpi 300
1609963050420740778 : Checking image 2 border top 1753
1609963050420792378 : Checking image 2 border bottom 1753
1609963050420824678 : Checking image 2 border left 1239
1609963050420856578 : Checking image 2 border right 1239

</system-out><system-err>--------------------------------- Captured Err ---------------------------------

</system-err></testcase><testcase classname="tests.test_images" name="test_failed_split_line_line_algo_2_png" time="38.400"><system-out>--------------------------------- Captured Log ---------------------------------

--------------------------------- Captured Out ---------------------------------
/home/runner/work/ocr-book/ocr-book/tests/failed_split_line_line_algo_2.png
1609963082910732738 : Checking separation double page angle 90.03068774449687
1609963082910856138 : Checking separation double page y=0 2500
1609963084384712710 : Checking page rotation 1 0.05
1609963085681629222 : Checking page rotation 2 0.5499999999999999
1609963087265913569 : Checking image 1 crop x1 271
1609963087266034669 : Checking image 1 crop y1 149
1609963087266078869 : Checking image 1 crop x2 2382
1609963087266116769 : Checking image 1 crop y2 3354
1609963088790270995 : Checking image 2 crop x1 120
1609963088790392995 : Checking image 2 crop y1 155
1609963088790439495 : Checking image 2 crop x2 2244
1609963088790481195 : Checking image 2 crop y2 3350
1609963088790658195 : Checking image 1 dpi 300
1609963088790739295 : Checking image 1 border top 141
1609963088790780495 : Checking image 1 border bottom 141
1609963088790817795 : Checking image 1 border left 174
1609963088790854595 : Checking image 1 border right 174
1609963088793320295 : Checking image 2 dpi 300
1609963088793466095 : Checking image 2 border top 140
1609963088793507195 : Checking image 2 border bottom 152
1609963088793542595 : Checking image 2 border left 168
1609963088793578095 : Checking image 2 border right 168

</system-out><system-err>--------------------------------- Captured Err ---------------------------------

</system-err></testcase><testcase classname="tests.test_images" name="test_wrong_split_line_3_png" time="34.336"><system-out>--------------------------------- Captured Log ---------------------------------

--------------------------------- Captured Out ---------------------------------
/home/runner/work/ocr-book/ocr-book/tests/wrong_split_line_3.png
1609963082875291146 : Checking separation double page angle 90.43729500214694
1609963082875409146 : Checking separation double page y=0 2498
1609963084414264304 : Checking page rotation 1 0.2
1609963085585325143 : Checking page rotation 2 0.85
1609963087197658084 : Checking image 1 crop x1 331
1609963087197768084 : Checking image 1 crop y1 166
1609963087197807484 : Checking image 1 crop x2 2377
1609963087197845184 : Checking image 1 crop y2 3375
1609963089045830821 : Checking image 2 crop x1 102
1609963089045991621 : Checking image 2 crop y1 207
1609963089046030321 : Checking image 2 crop x2 2135
1609963089046068721 : Checking image 2 crop y2 3414
1609963089046279921 : Checking image 1 dpi 300
1609963089046372121 : Checking image 1 border top 158
1609963089046410921 : Checking image 1 border bottom 120
1609963089046446821 : Checking image 1 border left 207
1609963089046481321 : Checking image 1 border right 207
1609963089048799221 : Checking image 2 dpi 300
1609963089048857521 : Checking image 2 border top 186
1609963089048892821 : Checking image 2 border bottom 94
1609963089048926521 : Checking image 2 border left 213
1609963089048959921 : Checking image 2 border right 213

</system-out><system-err>--------------------------------- Captured Err ---------------------------------

</system-err></testcase><testcase classname="tests.test_images" name="test_crop_too_much_3_png" time="39.569"><system-out>--------------------------------- Captured Log ---------------------------------

--------------------------------- Captured Out ---------------------------------
/home/runner/work/ocr-book/ocr-book/tests/crop_too_much_3.png
1609963121087216668 : Checking separation double page angle 89.49330634783144
1609963121087332968 : Checking separation double page y=0 2498
1609963122230556846 : Checking page rotation 1 -0.8999999999999949
1609963123881318696 : Checking page rotation 2 -0.14999999999999067
1609963126168420687 : Checking image 1 crop x1 374
1609963126168606287 : Checking image 1 crop y1 258
1609963126168654487 : Checking image 1 crop x2 2385
1609963126168715187 : Checking image 1 crop y2 3459
1609963128367702158 : Checking image 2 crop x1 168
1609963128367819058 : Checking image 2 crop y1 228
1609963128367864057 : Checking image 2 crop x2 2181
1609963128367903357 : Checking image 2 crop y2 3417
1609963128368066756 : Checking image 1 dpi 300
1609963128368140556 : Checking image 1 border top 239
1609963128368178556 : Checking image 1 border bottom 47
1609963128368213856 : Checking image 1 border left 224
1609963128368248656 : Checking image 1 border right 224
1609963128371078243 : Checking image 2 dpi 300
1609963128371174242 : Checking image 2 border top 209
1609963128371212142 : Checking image 2 border bottom 89
1609963128371263042 : Checking image 2 border left 223
1609963128371313842 : Checking image 2 border right 223

</system-out><system-err>--------------------------------- Captured Err ---------------------------------

</system-err></testcase><testcase classname="tests.test_images" name="test_wrong_wave_split_line_2_png" time="41.360"><system-out>--------------------------------- Captured Log ---------------------------------

--------------------------------- Captured Out ---------------------------------
/home/runner/work/ocr-book/ocr-book/tests/wrong_wave_split_line_2.png
1609963122927703933 : Checking separation double page angle 90.7708958311329
1609963122927805933 : Checking separation double page y=0 2490
1609963124344172427 : Checking page rotation 1 0.2
1609963125905034805 : Checking page rotation 2 1.65
1609963127478042109 : Checking image 1 crop x1 227
1609963127478150009 : Checking image 1 crop y1 147
1609963127478187209 : Checking image 1 crop x2 2342
1609963127478224709 : Checking image 1 crop y2 3353
1609963130402301023 : Checking image 2 crop x1 106
1609963130402426623 : Checking image 2 crop y1 195
1609963130402464522 : Checking image 2 crop x2 2231
1609963130402501022 : Checking image 2 crop y2 3398
1609963130402667522 : Checking image 1 dpi 300
1609963130402736921 : Checking image 1 border top 136
1609963130402774021 : Checking image 1 border bottom 145
1609963130402807921 : Checking image 1 border left 172
1609963130402840221 : Checking image 1 border right 172
1609963130404856212 : Checking image 2 dpi 300
1609963130404910711 : Checking image 2 border top 165
1609963130404943411 : Checking image 2 border bottom 118
1609963130404973811 : Checking image 2 border left 167
1609963130405003711 : Checking image 2 border right 167

</system-out><system-err>--------------------------------- Captured Err ---------------------------------

</system-err></testcase><testcase classname="tests.test_images" name="test_wrong_wave_split_line_3_png" time="37.279"><system-out>--------------------------------- Captured Log ---------------------------------

--------------------------------- Captured Out ---------------------------------
/home/runner/work/ocr-book/ocr-book/tests/wrong_wave_split_line_3.png
1609963159417834449 : Checking separation double page angle 90.05826063695574
1609963159417940549 : Checking separation double page y=0 2514
1609963160852074928 : Checking page rotation 1 0.0
1609963162006342383 : Checking page rotation 2 0.2
1609963164037826066 : Checking image 1 crop x1 274
1609963164037978966 : Checking image 1 crop y1 221
1609963164038023066 : Checking image 1 crop x2 2383
1609963164038060866 : Checking image 1 crop y2 3422
1609963165666424114 : Checking image 2 crop x1 112
1609963165666562914 : Checking image 2 crop y1 225
1609963165666608914 : Checking image 2 crop x2 2238
1609963165666714414 : Checking image 2 crop y2 3415
1609963165666940815 : Checking image 1 dpi 300
1609963165667019515 : Checking image 1 border top 201
1609963165667075315 : Checking image 1 border bottom 85
1609963165667111215 : Checking image 1 border left 175
1609963165667146115 : Checking image 1 border right 175
1609963165669835217 : Checking image 2 dpi 300
1609963165669932417 : Checking image 2 border top 207
1609963165669985217 : Checking image 2 border bottom 90
1609963165670018817 : Checking image 2 border left 167
1609963165670052717 : Checking image 2 border right 167

</system-out><system-err>--------------------------------- Captured Err ---------------------------------

</system-err></testcase><testcase classname="tests.test_images" name="test_no_split_line_wave_algo_png" time="50.713"><system-out>--------------------------------- Captured Log ---------------------------------

--------------------------------- Captured Out ---------------------------------
/home/runner/work/ocr-book/ocr-book/tests/no_split_line_wave_algo.png
1609963159859074105 : Checking separation double page angle 89.72500000000001
1609963159859225605 : Checking separation double page y=0 2484
1609963162994344102 : Checking page rotation 1 0.0
1609963164377683747 : Checking page rotation 2 -0.44999999999999746
1609963173711450522 : Checking image 1 crop x1 97
1609963173711554222 : Checking image 1 crop y1 79
1609963173711594722 : Checking image 1 crop x2 2494
1609963173711633521 : Checking image 1 crop y2 3505
1609963181074720482 : Checking image 2 crop x1 163
1609963181074826082 : Checking image 2 crop y1 267
1609963181074881982 : Checking image 2 crop x2 2238
1609963181074916882 : Checking image 2 crop y2 3380
1609963181075064581 : Checking image 1 dpi 300
1609963181075131581 : Checking image 1 border top 41
1609963181075165881 : Checking image 1 border bottom 41
1609963181075197981 : Checking image 1 border left 42
1609963181075228481 : Checking image 1 border right 42
1609963181077534176 : Checking image 2 dpi 300
1609963181077596976 : Checking image 2 border top 255
1609963181077630676 : Checking image 2 border bottom 119
1609963181077661776 : Checking image 2 border left 192
1609963181077692376 : Checking image 2 border right 192

</system-out><system-err>--------------------------------- Captured Err ---------------------------------

</system-err></testcase><testcase classname="tests.test_images" name="test_no_split_line_wave_algo_2_png" time="30.253"><system-out>--------------------------------- Captured Log ---------------------------------

--------------------------------- Captured Out ---------------------------------
/home/runner/work/ocr-book/ocr-book/tests/no_split_line_wave_algo_2.png
1609963190213526225 : Checking separation double page angle 90.54999999999998
1609963190213640725 : Checking separation double page y=0 2478
1609963191508812043 : Checking page rotation 1 1.0999999999999999
1609963192887436970 : Checking page rotation 2 0.2
1609963194537291901 : Checking image 1 crop x1 266
1609963194538736101 : Checking image 1 crop y1 210
1609963194538802801 : Checking image 1 crop x2 2342
1609963194538843601 : Checking image 1 crop y2 3413
1609963195913807410 : Checking image 2 crop x1 168
1609963195913970810 : Checking image 2 crop y1 241
1609963195914020810 : Checking image 2 crop x2 2251
1609963195914064910 : Checking image 2 crop y2 3433
1609963195914264010 : Checking image 1 dpi 300
1609963195914344610 : Checking image 1 border top 192
1609963195914445810 : Checking image 1 border bottom 91
1609963195914481810 : Checking image 1 border left 192
1609963195914517510 : Checking image 1 border right 192
1609963195917073409 : Checking image 2 dpi 300
1609963195917132809 : Checking image 2 border top 224
1609963195917170709 : Checking image 2 border bottom 71
1609963195917206709 : Checking image 2 border left 188
1609963195917242709 : Checking image 2 border right 188

</system-out><system-err>--------------------------------- Captured Err ---------------------------------

</system-err></testcase><testcase classname="tests.test_images" name="test_crop_too_few_2_png" time="30.363"><system-out>--------------------------------- Captured Log ---------------------------------

--------------------------------- Captured Out ---------------------------------
/home/runner/work/ocr-book/ocr-book/tests/crop_too_few_2.png
1609963204334982678 : Checking separation double page angle 90.30476192320097
1609963204335109877 : Checking separation double page y=0 2531
1609963205666659836 : Checking page rotation 1 1.0999999999999999
1609963207033272362 : Checking page rotation 2 -0.04999999999999689
1609963209119178659 : Checking image 1 crop x1 289
1609963209119288359 : Checking image 1 crop y1 165
1609963209119326959 : Checking image 1 crop x2 2400
1609963209119365659 : Checking image 1 crop y2 3367
1609963211508104786 : Checking image 2 crop x1 149
1609963211508218086 : Checking image 2 crop y1 189
1609963211508258086 : Checking image 2 crop x2 2273
1609963211508300386 : Checking image 2 crop y2 3386
1609963211508460486 : Checking image 1 dpi 300
1609963211508533986 : Checking image 1 border top 157
1609963211508574286 : Checking image 1 border bottom 128
1609963211508611686 : Checking image 1 border left 174
1609963211508647586 : Checking image 1 border right 174
1609963211510600985 : Checking image 2 dpi 300
1609963211510662385 : Checking image 2 border top 181
1609963211510700585 : Checking image 2 border bottom 109
1609963211510734185 : Checking image 2 border left 168
1609963211510767985 : Checking image 2 border right 168

</system-out><system-err>--------------------------------- Captured Err ---------------------------------

</system-err></testcase><testcase classname="tests.test_images" name="test_failed_detect_rectangle_png" time="35.131"><system-out>--------------------------------- Captured Log ---------------------------------

--------------------------------- Captured Out ---------------------------------
/home/runner/work/ocr-book/ocr-book/tests/failed_detect_rectangle.png
1609963224866032135 : Checking separation double page angle 90.19837516213148
1609963224866174635 : Checking separation double page y=0 2474
1609963226272152022 : Checking page rotation 1 0.2
1609963227892660861 : Checking page rotation 2 0.15000000000000002
1609963229262394155 : Checking image 1 crop x1 257
1609963229262525655 : Checking image 1 crop y1 201
1609963229262569255 : Checking image 1 crop x2 2333
1609963229262624955 : Checking image 1 crop y2 3402
1609963231040842259 : Checking image 2 crop x1 135
1609963231040952659 : Checking image 2 crop y1 214
1609963231040994759 : Checking image 2 crop x2 2219
1609963231041032159 : Checking image 2 crop y2 3406
1609963231041188159 : Checking image 1 dpi 300
1609963231041264259 : Checking image 1 border top 188
1609963231041300759 : Checking image 1 border bottom 97
1609963231041334259 : Checking image 1 border left 192
1609963231041367159 : Checking image 1 border right 192
1609963231043966558 : Checking image 2 dpi 300
1609963231044033558 : Checking image 2 border top 202
1609963231044110758 : Checking image 2 border bottom 93
1609963231044165058 : Checking image 2 border left 188
1609963231044201858 : Checking image 2 border right 188

</system-out><system-err>--------------------------------- Captured Err ---------------------------------

</system-err></testcase><testcase classname="tests.test_images" name="test_single_page_png" time="6.867"><system-out>--------------------------------- Captured Log ---------------------------------

--------------------------------- Captured Out ---------------------------------
/home/runner/work/ocr-book/ocr-book/tests/single_page.png
1609963215263713913 : Checking separation double page angle 90.04999999999998
1609963215263888313 : Checking separation double page y=0 2476
1609963216136084722 : Checking page rotation 1 0.0
1609963216245137172 : Checking page rotation 2 0.0
1609963217874565353 : Checking image 1 crop x1 1
1609963217874665853 : Checking image 1 crop y1 8
1609963217874705253 : Checking image 1 crop x2 2470
1609963217874745253 : Checking image 1 crop y2 3505
1609963218012429585 : Checking image 2 crop x1 0
1609963218012507985 : Checking image 2 crop y1 0
1609963218012535485 : Checking image 2 crop x2 0
1609963218012561384 : Checking image 2 crop y2 0
1609963218012635184 : Checking image 1 dpi 300
1609963218012690484 : Checking image 1 border top 5
1609963218012739484 : Checking image 1 border bottom 5
1609963218012768784 : Checking image 1 border left 6
1609963218012797783 : Checking image 1 border right 6
1609963218019505456 : Checking image 2 border top 0
1609963218019586955 : Checking image 2 border bottom 0
1609963218019615655 : Checking image 2 border left 0
1609963218019643855 : Checking image 2 border right 0

</system-out><system-err>--------------------------------- Captured Err ---------------------------------

</system-err></testcase><testcase classname="tests.test_images" name="test_wrong_split_line_4_png" time="16.256"><system-out>--------------------------------- Captured Log ---------------------------------

--------------------------------- Captured Out ---------------------------------
/home/runner/work/ocr-book/ocr-book/tests/wrong_split_line_4.png
1609963230616205354 : Checking separation double page angle 91.04999999999998
1609963230616302454 : Checking separation double page y=0 60
1609963230715001732 : Checking page rotation 1 1.0
1609963231947292360 : Checking page rotation 2 1.05
1609963232474949149 : Checking image 1 crop x1 0
1609963232475043849 : Checking image 1 crop y1 0
1609963232475081449 : Checking image 1 crop x2 0
1609963232475117049 : Checking image 1 crop y2 0
1609963234662739618 : Checking image 2 crop x1 291
1609963234662860718 : Checking image 2 crop y1 330
1609963234662901117 : Checking image 2 crop x2 2316
1609963234662958717 : Checking image 2 crop y2 3217
1609963234663179817 : Checking image 1 border top 0
1609963234663218817 : Checking image 1 border bottom 0
1609963234663250617 : Checking image 1 border left 0
1609963234663279317 : Checking image 1 border right 0
1609963234663325717 : Checking image 2 dpi 300
1609963234663384917 : Checking image 2 border top 322
1609963234663417417 : Checking image 2 border bottom 278
1609963234663446817 : Checking image 2 border left 217
1609963234663475617 : Checking image 2 border right 217

</system-out><system-err>--------------------------------- Captured Err ---------------------------------

</system-err></testcase><testcase classname="tests.test_images" name="test_no_split_line_wave_algo_3_png" time="10.564"><system-out>--------------------------------- Captured Log ---------------------------------

--------------------------------- Captured Out ---------------------------------
/home/runner/work/ocr-book/ocr-book/tests/no_split_line_wave_algo_3.png
1609963239241533919 : Checking separation double page angle 90.14999999999998
1609963239241657519 : Checking separation double page y=0 2408
1609963240223567853 : Checking page rotation 1 -0.09999999999999377
1609963240406155421 : Checking page rotation 2 0.0
1609963241145012902 : Checking image 1 crop x1 182
1609963241145100402 : Checking image 1 crop y1 2955
1609963241145135502 : Checking image 1 crop x2 2199
1609963241145167802 : Checking image 1 crop y2 3203
1609963241603600124 : Checking image 2 crop x1 0
1609963241603692124 : Checking image 2 crop y1 0
1609963241603726625 : Checking image 2 crop x2 0
1609963241603758925 : Checking image 2 crop y2 0
1609963241603822925 : Checking image 1 dpi 300
1609963241603888925 : Checking image 1 border top 2951
1609963241603926925 : Checking image 1 border bottom 288
1609963241603961825 : Checking image 1 border left 221
1609963241603996325 : Checking image 1 border right 221
1609963241613818934 : Checking image 2 border top 0
1609963241613879034 : Checking image 2 border bottom 0
1609963241613914234 : Checking image 2 border left 0
1609963241613948734 : Checking image 2 border right 0

</system-out><system-err>--------------------------------- Captured Err ---------------------------------

</system-err></testcase><testcase classname="tests.test_images" name="test_failed_split_line_line_algo_3_png" time="12.849"><system-out>--------------------------------- Captured Log ---------------------------------

--------------------------------- Captured Out ---------------------------------
/home/runner/work/ocr-book/ocr-book/tests/failed_split_line_line_algo_3.png
1609963244708724085 : Checking separation double page angle 90.0
1609963244708837685 : Checking separation double page y=0 40
1609963244778935350 : Checking page rotation 1 0.0
1609963245510296324 : Checking page rotation 2 -0.04999999999999689
1609963245866111651 : Checking image 1 crop x1 0
1609963245866238851 : Checking image 1 crop y1 0
1609963245866275852 : Checking image 1 crop x2 0
1609963245866309052 : Checking image 1 crop y2 0
1609963247545177180 : Checking image 2 crop x1 247
1609963247545268280 : Checking image 2 crop y1 153
1609963247545303680 : Checking image 2 crop x2 2260
1609963247545337780 : Checking image 2 crop y2 3360
1609963247545452880 : Checking image 1 border top 0
1609963247545492480 : Checking image 1 border bottom 0
1609963247545523580 : Checking image 1 border left 0
1609963247545554180 : Checking image 1 border right 0
1609963247545595180 : Checking image 2 dpi 300
1609963247545651880 : Checking image 2 border top 144
1609963247545685280 : Checking image 2 border bottom 136
1609963247545715980 : Checking image 2 border left 223
1609963247545746980 : Checking image 2 border right 223

</system-out><system-err>--------------------------------- Captured Err ---------------------------------

</system-err></testcase></testsuite></testsuites>