<?xml version="1.0" encoding="utf-8"?><testsuites><testsuite errors="0" failures="0" hostname="fv-az121-732" name="pytest" skipped="0" tests="28" time="861.802" timestamp="2020-12-02T18:40:55.063404"><testcase classname="tests.test_features" name="test_mock_stop_at_0" time="0.052"><system-out>--------------------------------- Captured Log ---------------------------------

--------------------------------- Captured Out ---------------------------------
/home/runner/work/ocr-book/ocr-book/tests/0001_0.png

</system-out><system-err>--------------------------------- Captured Err ---------------------------------

</system-err></testcase><testcase classname="tests.test_features" name="test_disabled_enable_debug" time="44.496"><system-out>--------------------------------- Captured Log ---------------------------------

--------------------------------- Captured Out ---------------------------------
/home/runner/work/ocr-book/ocr-book/tests/0001_debug.png
separation double page angle 90.57780420099763
separation double page y=0 2487
page rotation 1 0.75
page rotation 2 0.2
image 1 crop x1 330
image 1 crop y1 336
image 1 crop x2 2343
image 1 crop y2 3223
image 2 crop x1 169
image 2 crop y1 648
image 2 crop x2 2186
image 2 crop y2 3361
image 1 dpi 300
image 1 border top 340
image 1 border bottom 260
image 1 border left 223
image 1 border right 223
image 2 dpi 300
image 2 border top 646
image 2 border bottom 128
image 2 border left 221
image 2 border right 221

</system-out><system-err>--------------------------------- Captured Err ---------------------------------

</system-err></testcase><testcase classname="tests.test_features" name="test_mock_stop_at_2" time="50.073"><system-out>--------------------------------- Captured Log ---------------------------------

--------------------------------- Captured Out ---------------------------------
/home/runner/work/ocr-book/ocr-book/tests/0001_2.png
separation double page angle 90.57780420099763
separation double page y=0 2487
page rotation 1 0.75
page rotation 2 0.2

</system-out><system-err>--------------------------------- Captured Err ---------------------------------

</system-err></testcase><testcase classname="tests.test_features" name="test_mock_stop_at_1" time="33.871"><system-out>--------------------------------- Captured Log ---------------------------------

--------------------------------- Captured Out ---------------------------------
/home/runner/work/ocr-book/ocr-book/tests/0001_1.png
separation double page angle 90.57780420099763
separation double page y=0 2487

</system-out><system-err>--------------------------------- Captured Err ---------------------------------

</system-err></testcase><testcase classname="tests.test_features" name="test_mock_stop_at_4" time="56.786"><system-out>--------------------------------- Captured Log ---------------------------------

--------------------------------- Captured Out ---------------------------------
/home/runner/work/ocr-book/ocr-book/tests/0001_4.png
separation double page angle 90.57780420099763
separation double page y=0 2487
page rotation 1 0.75
page rotation 2 0.2
image 1 crop x1 330
image 1 crop y1 336
image 1 crop x2 2343
image 1 crop y2 3223
image 2 crop x1 169
image 2 crop y1 648
image 2 crop x2 2186
image 2 crop y2 3361
image 1 dpi 300
image 1 border top 340
image 1 border bottom 260
image 1 border left 223
image 1 border right 223
image 2 dpi 300
image 2 border top 646
image 2 border bottom 128
image 2 border left 221
image 2 border right 221

</system-out><system-err>--------------------------------- Captured Err ---------------------------------

</system-err></testcase><testcase classname="tests.test_features" name="test_mock_stop_at_3" time="56.254"><system-out>--------------------------------- Captured Log ---------------------------------

--------------------------------- Captured Out ---------------------------------
/home/runner/work/ocr-book/ocr-book/tests/0001_3.png
separation double page angle 90.57780420099763
separation double page y=0 2487
page rotation 1 0.75
page rotation 2 0.2
image 1 crop x1 330
image 1 crop y1 336
image 1 crop x2 2343
image 1 crop y2 3223
image 2 crop x1 169
image 2 crop y1 648
image 2 crop x2 2186
image 2 crop y2 3361

</system-out><system-err>--------------------------------- Captured Err ---------------------------------

</system-err></testcase><testcase classname="tests.test_images" name="test_0001_png" time="55.762"><system-out>--------------------------------- Captured Log ---------------------------------

--------------------------------- Captured Out ---------------------------------
/home/runner/work/ocr-book/ocr-book/tests/0001.png
1606934596231246453 : Checking separation double page angle 90.57780420099763
1606934596231356253 : Checking separation double page y=0 2487
1606934603492696435 : Checking page rotation 1 0.75
1606934612191575975 : Checking page rotation 2 0.2
1606934615536720782 : Checking image 1 crop x1 330
1606934615536859183 : Checking image 1 crop y1 336
1606934615536904183 : Checking image 1 crop x2 2343
1606934615536944483 : Checking image 1 crop y2 3223
1606934618794811502 : Checking image 2 crop x1 169
1606934618794950103 : Checking image 2 crop y1 648
1606934618794997703 : Checking image 2 crop x2 2186
1606934618795038303 : Checking image 2 crop y2 3361
1606934618831538214 : Checking image 1 dpi 300
1606934618831674814 : Checking image 1 border top 340
1606934618831712614 : Checking image 1 border bottom 260
1606934618831746714 : Checking image 1 border left 223
1606934618831780114 : Checking image 1 border right 223
1606934618834260722 : Checking image 2 dpi 300
1606934618834354722 : Checking image 2 border top 646
1606934618834390122 : Checking image 2 border bottom 128
1606934618834423222 : Checking image 2 border left 221
1606934618834456422 : Checking image 2 border right 221

</system-out><system-err>--------------------------------- Captured Err ---------------------------------

</system-err></testcase><testcase classname="tests.test_features" name="test_mock_stop_at_5" time="55.296"><system-out>--------------------------------- Captured Log ---------------------------------

--------------------------------- Captured Out ---------------------------------
/home/runner/work/ocr-book/ocr-book/tests/0001_5.png
separation double page angle 90.57780420099763
separation double page y=0 2487
page rotation 1 0.75
page rotation 2 0.2
image 1 crop x1 330
image 1 crop y1 336
image 1 crop x2 2343
image 1 crop y2 3223
image 2 crop x1 169
image 2 crop y1 648
image 2 crop x2 2186
image 2 crop y2 3361
image 1 dpi 300
image 1 border top 340
image 1 border bottom 260
image 1 border left 223
image 1 border right 223
image 2 dpi 300
image 2 border top 646
image 2 border bottom 128
image 2 border left 221
image 2 border right 221

</system-out><system-err>--------------------------------- Captured Err ---------------------------------

</system-err></testcase><testcase classname="tests.test_images" name="test_2_pages_2_contours_png" time="37.532"><system-out>--------------------------------- Captured Log ---------------------------------

--------------------------------- Captured Out ---------------------------------
/home/runner/work/ocr-book/ocr-book/tests/2-pages-2-contours.png
1606934642030209192 : Checking separation double page angle 89.91958537671144
1606934642030311392 : Checking separation double page y=0 2492
1606934644289212344 : Checking page rotation 1 0.05
1606934651168986175 : Checking page rotation 2 0.35000000000000003
1606934652215536958 : Checking image 1 crop x1 1191
1606934652215662558 : Checking image 1 crop y1 1733
1606934652215700358 : Checking image 1 crop x2 1192
1606934652215733058 : Checking image 1 crop y2 1734
1606934656345979969 : Checking image 2 crop x1 89
1606934656346124470 : Checking image 2 crop y1 240
1606934656346170070 : Checking image 2 crop x2 2136
1606934656346211970 : Checking image 2 crop y2 3239
1606934656381915867 : Checking image 1 dpi 300
1606934656382039868 : Checking image 1 border top 1752
1606934656382080068 : Checking image 1 border bottom 1753
1606934656382115168 : Checking image 1 border left 1239
1606934656382148968 : Checking image 1 border right 1239
1606934656383838073 : Checking image 2 dpi 300
1606934656383927973 : Checking image 2 border top 231
1606934656383963873 : Checking image 2 border bottom 257
1606934656383996973 : Checking image 2 border left 206
1606934656384029973 : Checking image 2 border right 206

</system-out><system-err>--------------------------------- Captured Err ---------------------------------

</system-err></testcase><testcase classname="tests.test_images" name="test_image_failed_to_crop_data_png" time="61.768"><system-out>--------------------------------- Captured Log ---------------------------------

--------------------------------- Captured Out ---------------------------------
/home/runner/work/ocr-book/ocr-book/tests/image_failed_to_crop_data.png
1606934678960750686 : Checking separation double page angle 89.91538216173362
1606934678960857586 : Checking separation double page y=0 2477
1606934684728537500 : Checking page rotation 1 0.2
1606934691380401860 : Checking page rotation 2 0.0
1606934702635525964 : Checking image 1 crop x1 58
1606934702635661664 : Checking image 1 crop y1 8
1606934702635703864 : Checking image 1 crop x2 2480
1606934702635741564 : Checking image 1 crop y2 3504
1606934707709793083 : Checking image 2 crop x1 159
1606934707709932783 : Checking image 2 crop y1 217
1606934707709977683 : Checking image 2 crop x2 2241
1606934707710020083 : Checking image 2 crop y2 3350
1606934707744751871 : Checking image 1 dpi 300
1606934707744878371 : Checking image 1 border top 6
1606934707744918771 : Checking image 1 border bottom 6
1606934707744953171 : Checking image 1 border left 29
1606934707744986571 : Checking image 1 border right 29
1606934707747099777 : Checking image 2 dpi 300
1606934707747187777 : Checking image 2 border top 225
1606934707747223277 : Checking image 2 border bottom 129
1606934707747257477 : Checking image 2 border left 189
1606934707747291077 : Checking image 2 border right 189

</system-out><system-err>--------------------------------- Captured Err ---------------------------------

</system-err></testcase><testcase classname="tests.test_images" name="test_black_border_not_removed_png" time="65.006"><system-out>--------------------------------- Captured Log ---------------------------------

--------------------------------- Captured Out ---------------------------------
/home/runner/work/ocr-book/ocr-book/tests/black-border-not-removed.png
1606934693169433250 : Checking separation double page angle 90.02895758682553
1606934693169532550 : Checking separation double page y=0 2456
1606934701041920823 : Checking page rotation 1 0.0
1606934712043398877 : Checking page rotation 2 0.0
1606934715644383495 : Checking image 1 crop x1 297
1606934715644477795 : Checking image 1 crop y1 143
1606934715644520195 : Checking image 1 crop x2 2309
1606934715644560095 : Checking image 1 crop y2 3346
1606934721346125413 : Checking image 2 crop x1 157
1606934721346261913 : Checking image 2 crop y1 145
1606934721346304513 : Checking image 2 crop x2 2169
1606934721346344413 : Checking image 2 crop y2 3352
1606934721383819406 : Checking image 1 dpi 300
1606934721383947107 : Checking image 1 border top 130
1606934721383986407 : Checking image 1 border bottom 154
1606934721384022007 : Checking image 1 border left 224
1606934721384057207 : Checking image 1 border right 224
1606934721386446813 : Checking image 2 dpi 300
1606934721386543713 : Checking image 2 border top 139
1606934721386578613 : Checking image 2 border bottom 141
1606934721386612313 : Checking image 2 border left 224
1606934721386645513 : Checking image 2 border right 224

</system-out><system-err>--------------------------------- Captured Err ---------------------------------

</system-err></testcase><testcase classname="tests.test_images" name="test_wrong_angle_split_line_png" time="71.614"><system-out>--------------------------------- Captured Log ---------------------------------

--------------------------------- Captured Out ---------------------------------
/home/runner/work/ocr-book/ocr-book/tests/wrong_angle_split_line.png
1606934742827313409 : Checking separation double page angle 90.04193420006348
1606934742827422709 : Checking separation double page y=0 2477
1606934751075900460 : Checking page rotation 1 0.2
1606934759965219611 : Checking page rotation 2 0.05
1606934772662598043 : Checking image 1 crop x1 61
1606934772662737144 : Checking image 1 crop y1 7
1606934772662779544 : Checking image 1 crop x2 2475
1606934772662817644 : Checking image 1 crop y2 3500
1606934778457163892 : Checking image 2 crop x1 163
1606934778457306493 : Checking image 2 crop y1 218
1606934778457350593 : Checking image 2 crop x2 2243
1606934778457392793 : Checking image 2 crop y2 3350
1606934778636948817 : Checking image 1 dpi 300
1606934778637072117 : Checking image 1 border top 7
1606934778637111617 : Checking image 1 border bottom 7
1606934778637145217 : Checking image 1 border left 33
1606934778637178718 : Checking image 1 border right 33
1606934778644101745 : Checking image 2 dpi 300
1606934778644214946 : Checking image 2 border top 219
1606934778644250946 : Checking image 2 border bottom 136
1606934778644304046 : Checking image 2 border left 190
1606934778644339246 : Checking image 2 border right 190

</system-out><system-err>--------------------------------- Captured Err ---------------------------------

</system-err></testcase><testcase classname="tests.test_images" name="test_image_failed_to_rotate_png" time="66.239"><system-out>--------------------------------- Captured Log ---------------------------------

--------------------------------- Captured Out ---------------------------------
/home/runner/work/ocr-book/ocr-book/tests/image_failed_to_rotate.png
1606934753969922301 : Checking separation double page angle 90.19634423290287
1606934753970028202 : Checking separation double page y=0 2482
1606934760800161561 : Checking page rotation 1 0.35000000000000003
1606934769724045248 : Checking page rotation 2 0.45
1606934781877212911 : Checking image 1 crop x1 34
1606934781877348211 : Checking image 1 crop y1 1
1606934781877390012 : Checking image 1 crop x2 2480
1606934781877427512 : Checking image 1 crop y2 3500
1606934787467310154 : Checking image 2 crop x1 169
1606934787467457854 : Checking image 2 crop y1 234
1606934787467503154 : Checking image 2 crop x2 2248
1606934787467546454 : Checking image 2 crop y2 3355
1606934787511912229 : Checking image 1 dpi 300
1606934787512040929 : Checking image 1 border top 4
1606934787512084130 : Checking image 1 border bottom 4
1606934787512118130 : Checking image 1 border left 17
1606934787512152930 : Checking image 1 border right 17
1606934787514572039 : Checking image 2 dpi 300
1606934787514670640 : Checking image 2 border top 220
1606934787514705840 : Checking image 2 border bottom 146
1606934787514739040 : Checking image 2 border left 190
1606934787514771740 : Checking image 2 border right 190

</system-out><system-err>--------------------------------- Captured Err ---------------------------------

</system-err></testcase><testcase classname="tests.test_images" name="test_angle_page_lower_split_line_png" time="62.571"><system-out>--------------------------------- Captured Log ---------------------------------

--------------------------------- Captured Out ---------------------------------
/home/runner/work/ocr-book/ocr-book/tests/angle_page_lower_split_line.png
1606934818761047257 : Checking separation double page angle 89.75201324945476
1606934818761148157 : Checking separation double page y=0 2473
1606934828749237163 : Checking page rotation 1 -0.44999999999998863
1606934836379110371 : Checking page rotation 2 0.2
1606934839274961072 : Checking image 1 crop x1 245
1606934839275100772 : Checking image 1 crop y1 161
1606934839275145172 : Checking image 1 crop x2 2351
1606934839275187473 : Checking image 1 crop y2 3364
1606934841976375241 : Checking image 2 crop x1 151
1606934841976507242 : Checking image 2 crop y1 147
1606934841976547842 : Checking image 2 crop x2 2258
1606934841976586742 : Checking image 2 crop y2 3350
1606934842014000371 : Checking image 1 dpi 300
1606934842014109172 : Checking image 1 border top 132
1606934842014141472 : Checking image 1 border bottom 152
1606934842014169272 : Checking image 1 border left 177
1606934842014196272 : Checking image 1 border right 177
1606934842016186579 : Checking image 2 dpi 300
1606934842016261379 : Checking image 2 border top 116
1606934842016327479 : Checking image 2 border bottom 168
1606934842016358880 : Checking image 2 border left 176
1606934842016389880 : Checking image 2 border right 176

</system-out><system-err>--------------------------------- Captured Err ---------------------------------

</system-err></testcase><testcase classname="tests.test_images" name="test_wrong_split_line_png" time="47.086"><system-out>--------------------------------- Captured Log ---------------------------------

--------------------------------- Captured Out ---------------------------------
/home/runner/work/ocr-book/ocr-book/tests/wrong_split_line.png
1606934816275585795 : Checking separation double page angle 89.85895720607971
1606934816275681095 : Checking separation double page y=0 2463
1606934822608359982 : Checking page rotation 1 -0.14999999999999147
1606934829824389682 : Checking page rotation 2 0.65
1606934832176396304 : Checking image 1 crop x1 213
1606934832176544504 : Checking image 1 crop y1 157
1606934832176590605 : Checking image 1 crop x2 2323
1606934832176633205 : Checking image 1 crop y2 3362
1606934834681552922 : Checking image 2 crop x1 126
1606934834681701422 : Checking image 2 crop y1 167
1606934834681747023 : Checking image 2 crop x2 2237
1606934834681788723 : Checking image 2 crop y2 3372
1606934834719139254 : Checking image 1 dpi 300
1606934834719272754 : Checking image 1 border top 115
1606934834719315155 : Checking image 1 border bottom 167
1606934834719349855 : Checking image 1 border left 175
1606934834719383755 : Checking image 1 border right 175
1606934834721825063 : Checking image 2 dpi 300
1606934834721921864 : Checking image 2 border top 142
1606934834721957764 : Checking image 2 border bottom 140
1606934834721991364 : Checking image 2 border left 174
1606934834722025364 : Checking image 2 border right 174

</system-out><system-err>--------------------------------- Captured Err ---------------------------------

</system-err></testcase><testcase classname="tests.test_images" name="test_crop_too_much_png" time="87.251"><system-out>--------------------------------- Captured Log ---------------------------------

--------------------------------- Captured Out ---------------------------------
/home/runner/work/ocr-book/ocr-book/tests/crop_too_much.png
1606934885391886839 : Checking separation double page angle 90.13239409272953
1606934885391991439 : Checking separation double page y=0 2453
1606934898659287516 : Checking page rotation 1 0.0
1606934911900454328 : Checking page rotation 2 0.45
1606934917432687633 : Checking image 1 crop x1 303
1606934917432840833 : Checking image 1 crop y1 148
1606934917432886234 : Checking image 1 crop x2 2313
1606934917432926334 : Checking image 1 crop y2 3351
1606934921904369693 : Checking image 2 crop x1 170
1606934921904520593 : Checking image 2 crop y1 155
1606934921904565693 : Checking image 2 crop x2 2181
1606934921904607593 : Checking image 2 crop y2 3359
1606934921954897547 : Checking image 1 dpi 300
1606934921955028847 : Checking image 1 border top 131
1606934921955067347 : Checking image 1 border bottom 153
1606934921955102147 : Checking image 1 border left 225
1606934921955137247 : Checking image 1 border right 225
1606934921957780955 : Checking image 2 dpi 300
1606934921957881756 : Checking image 2 border top 139
1606934921957916456 : Checking image 2 border bottom 144
1606934921957949956 : Checking image 2 border left 224
1606934921957982456 : Checking image 2 border right 224

</system-out><system-err>--------------------------------- Captured Err ---------------------------------

</system-err></testcase><testcase classname="tests.test_images" name="test_crop_too_few_png" time="50.642"><system-out>--------------------------------- Captured Log ---------------------------------

--------------------------------- Captured Out ---------------------------------
/home/runner/work/ocr-book/ocr-book/tests/crop_too_few.png
1606934873699306938 : Checking separation double page angle 89.39669496435833
1606934873699406038 : Checking separation double page y=0 2510
1606934880739958084 : Checking page rotation 1 -0.75
1606934887917206512 : Checking page rotation 2 0.05
1606934890356318780 : Checking image 1 crop x1 265
1606934890356460381 : Checking image 1 crop y1 152
1606934890356505181 : Checking image 1 crop x2 2375
1606934890356545181 : Checking image 1 crop y2 3356
1606934892617907258 : Checking image 2 crop x1 135
1606934892618050258 : Checking image 2 crop y1 141
1606934892618095159 : Checking image 2 crop x2 2261
1606934892618137659 : Checking image 2 crop y2 3345
1606934892656824881 : Checking image 1 dpi 300
1606934892656946982 : Checking image 1 border top 116
1606934892656984382 : Checking image 1 border bottom 167
1606934892657018982 : Checking image 1 border left 175
1606934892657052282 : Checking image 1 border right 175
1606934892659183689 : Checking image 2 dpi 300
1606934892659264889 : Checking image 2 border top 143
1606934892659299589 : Checking image 2 border bottom 140
1606934892659333689 : Checking image 2 border left 167
1606934892659366789 : Checking image 2 border right 167

</system-out><system-err>--------------------------------- Captured Err ---------------------------------

</system-err></testcase><testcase classname="tests.test_images" name="test_crop_too_much_2_png" time="87.605"><system-out>--------------------------------- Captured Log ---------------------------------

--------------------------------- Captured Out ---------------------------------
/home/runner/work/ocr-book/ocr-book/tests/crop_too_much_2.png
1606934942162939383 : Checking separation double page angle 90.2021118646249
1606934942163040783 : Checking separation double page y=0 2477
1606934955561637493 : Checking page rotation 1 0.2
1606934970788252289 : Checking page rotation 2 0.2
1606934974924534545 : Checking image 1 crop x1 332
1606934974924626745 : Checking image 1 crop y1 131
1606934974924668345 : Checking image 1 crop x2 2342
1606934974924708145 : Checking image 1 crop y2 3336
1606934980173407456 : Checking image 2 crop x1 168
1606934980173547556 : Checking image 2 crop y1 139
1606934980173590957 : Checking image 2 crop x2 2181
1606934980173632857 : Checking image 2 crop y2 3345
1606934980229725018 : Checking image 1 dpi 300
1606934980229853418 : Checking image 1 border top 116
1606934980229891418 : Checking image 1 border bottom 166
1606934980229925418 : Checking image 1 border left 225
1606934980229958918 : Checking image 1 border right 225
1606934980232036924 : Checking image 2 dpi 300
1606934980232119625 : Checking image 2 border top 133
1606934980232155425 : Checking image 2 border bottom 148
1606934980232188925 : Checking image 2 border left 223
1606934980232222025 : Checking image 2 border right 223

</system-out><system-err>--------------------------------- Captured Err ---------------------------------

</system-err></testcase><testcase classname="tests.test_images" name="test_wrong_split_line_2_png" time="107.727"><system-out>--------------------------------- Captured Log ---------------------------------

--------------------------------- Captured Out ---------------------------------
/home/runner/work/ocr-book/ocr-book/tests/wrong_split_line_2.png
1606934982473588057 : Checking separation double page angle 90.3838786217729
1606934982473693858 : Checking separation double page y=0 2442
1606934995679243329 : Checking page rotation 1 0.05
1606935009684543486 : Checking page rotation 2 0.4
1606935018069547491 : Checking image 1 crop x1 294
1606935018069701491 : Checking image 1 crop y1 137
1606935018069746091 : Checking image 1 crop x2 2326
1606935018069785591 : Checking image 1 crop y2 3375
1606935029622719277 : Checking image 2 crop x1 146
1606935029622866977 : Checking image 2 crop y1 192
1606935029622913378 : Checking image 2 crop x2 2173
1606935029622955078 : Checking image 2 crop y2 3386
1606935029674150620 : Checking image 1 dpi 300
1606935029674281920 : Checking image 1 border top 125
1606935029674320520 : Checking image 1 border bottom 124
1606935029674355120 : Checking image 1 border left 214
1606935029674390121 : Checking image 1 border right 214
1606935029676689727 : Checking image 2 dpi 300
1606935029676786427 : Checking image 2 border top 184
1606935029676823127 : Checking image 2 border bottom 109
1606935029676856527 : Checking image 2 border left 216
1606935029676889728 : Checking image 2 border right 216

</system-out><system-err>--------------------------------- Captured Err ---------------------------------

</system-err></testcase><testcase classname="tests.test_images" name="test_small_wave_png" time="75.390"><system-out>--------------------------------- Captured Log ---------------------------------

--------------------------------- Captured Out ---------------------------------
/home/runner/work/ocr-book/ocr-book/tests/small_wave.png
1606935027940756605 : Checking separation double page angle 90.61316928841566
1606935027940856205 : Checking separation double page y=0 2495
1606935039233576490 : Checking page rotation 1 0.7000000000000001
1606935050302764671 : Checking page rotation 2 0.7000000000000001
1606935052837309227 : Checking image 1 crop x1 322
1606935052837445627 : Checking image 1 crop y1 199
1606935052837490628 : Checking image 1 crop x2 2351
1606935052837531028 : Checking image 1 crop y2 3394
1606935055588842068 : Checking image 2 crop x1 135
1606935055588984569 : Checking image 2 crop y1 223
1606935055589028869 : Checking image 2 crop x2 2164
1606935055589070669 : Checking image 2 crop y2 3419
1606935055632125487 : Checking image 1 dpi 300
1606935055632253587 : Checking image 1 border top 177
1606935055632322387 : Checking image 1 border bottom 115
1606935055632358788 : Checking image 1 border left 215
1606935055632392288 : Checking image 1 border right 215
1606935055634500193 : Checking image 2 dpi 300
1606935055634585594 : Checking image 2 border top 191
1606935055634620794 : Checking image 2 border bottom 100
1606935055634654094 : Checking image 2 border left 215
1606935055634687094 : Checking image 2 border right 215

</system-out><system-err>--------------------------------- Captured Err ---------------------------------

</system-err></testcase><testcase classname="tests.test_images" name="test_wrong_split_line_3_png" time="66.312"><system-out>--------------------------------- Captured Log ---------------------------------

--------------------------------- Captured Out ---------------------------------
/home/runner/work/ocr-book/ocr-book/tests/wrong_split_line_3.png
1606935071241116187 : Checking separation double page angle 90.43729500214693
1606935071241219288 : Checking separation double page y=0 2498
1606935082115116497 : Checking page rotation 1 0.30000000000000004
1606935090930736829 : Checking page rotation 2 0.9
1606935093304395132 : Checking image 1 crop x1 331
1606935093304536832 : Checking image 1 crop y1 165
1606935093304583333 : Checking image 1 crop x2 2375
1606935093304623533 : Checking image 1 crop y2 3376
1606935095970426918 : Checking image 2 crop x1 102
1606935095970574918 : Checking image 2 crop y1 208
1606935095970621618 : Checking image 2 crop x2 2133
1606935095970664218 : Checking image 2 crop y2 3413
1606935096011520629 : Checking image 1 dpi 300
1606935096011652429 : Checking image 1 border top 150
1606935096011692029 : Checking image 1 border bottom 126
1606935096011726929 : Checking image 1 border left 208
1606935096011762829 : Checking image 1 border right 208
1606935096014061835 : Checking image 2 dpi 300
1606935096014157236 : Checking image 2 border top 190
1606935096014192136 : Checking image 2 border bottom 92
1606935096014225336 : Checking image 2 border left 214
1606935096014258536 : Checking image 2 border right 214

</system-out><system-err>--------------------------------- Captured Err ---------------------------------

</system-err></testcase><testcase classname="tests.test_images" name="test_wrong_wave_split_line_png" time="93.685"><system-out>--------------------------------- Captured Log ---------------------------------

--------------------------------- Captured Out ---------------------------------
/home/runner/work/ocr-book/ocr-book/tests/wrong_wave_split_line.png
1606935107463102118 : Checking separation double page angle 90.5287860410772
1606935107463205519 : Checking separation double page y=0 2502
1606935119687174060 : Checking page rotation 1 -0.14999999999999147
1606935130903144998 : Checking page rotation 2 0.8500000000000001
1606935142055932878 : Checking image 1 crop x1 385
1606935142056070178 : Checking image 1 crop y1 179
1606935142056114278 : Checking image 1 crop x2 2411
1606935142056154278 : Checking image 1 crop y2 3374
1606935149282010263 : Checking image 2 crop x1 124
1606935149282137964 : Checking image 2 crop y1 58
1606935149282179464 : Checking image 2 crop x2 2410
1606935149282217364 : Checking image 2 crop y2 3392
1606935149332655698 : Checking image 1 dpi 300
1606935149332762098 : Checking image 1 border top 167
1606935149332798298 : Checking image 1 border bottom 124
1606935149332829998 : Checking image 1 border left 217
1606935149332861498 : Checking image 1 border right 217
1606935149334985104 : Checking image 2 dpi 300
1606935149335067804 : Checking image 2 border top 0
1606935149335106204 : Checking image 2 border bottom 163
1606935149335139204 : Checking image 2 border left 92
1606935149335172204 : Checking image 2 border right 92

</system-out><system-err>--------------------------------- Captured Err ---------------------------------

</system-err></testcase><testcase classname="tests.test_images" name="test_no_split_line_line_algo_png" time="57.789"><system-out>--------------------------------- Captured Log ---------------------------------

--------------------------------- Captured Out ---------------------------------
/home/runner/work/ocr-book/ocr-book/tests/no_split_line_line_algo.png
1606935130788165592 : Checking separation double page angle 89.47691469185418
1606935130788264292 : Checking separation double page y=0 2476
1606935136903486277 : Checking page rotation 1 -0.14999999999999147
1606935147766185541 : Checking page rotation 2 -0.44999999999998863
1606935149619960260 : Checking image 1 crop x1 205
1606935149620112160 : Checking image 1 crop y1 158
1606935149620158160 : Checking image 1 crop x2 2320
1606935149620200560 : Checking image 1 crop y2 3366
1606935153764031847 : Checking image 2 crop x1 185
1606935153764185247 : Checking image 2 crop y1 221
1606935153764230647 : Checking image 2 crop x2 2201
1606935153764272447 : Checking image 2 crop y2 3366
1606935153809721068 : Checking image 1 dpi 300
1606935153809853068 : Checking image 1 border top 137
1606935153809892068 : Checking image 1 border bottom 142
1606935153809926668 : Checking image 1 border left 172
1606935153809961768 : Checking image 1 border right 172
1606935153811753573 : Checking image 2 dpi 300
1606935153811835773 : Checking image 2 border top 225
1606935153811871173 : Checking image 2 border bottom 117
1606935153811904374 : Checking image 2 border left 222
1606935153811937174 : Checking image 2 border right 222

</system-out><system-err>--------------------------------- Captured Err ---------------------------------

</system-err></testcase><testcase classname="tests.test_images" name="test_failed_split_line_line_algo_png" time="24.927"><system-out>--------------------------------- Captured Log ---------------------------------

--------------------------------- Captured Out ---------------------------------
/home/runner/work/ocr-book/ocr-book/tests/failed_split_line_line_algo.png
1606935166111383823 : Checking separation double page angle 90.01634220573249
1606935166111477323 : Checking separation double page y=0 2575
1606935169741684714 : Checking page rotation 1 -0.14999999999999147
1606935172032259862 : Checking page rotation 2 0.05
1606935173531147418 : Checking image 1 crop x1 407
1606935173531277018 : Checking image 1 crop y1 2925
1606935173531318918 : Checking image 1 crop x2 2419
1606935173531356618 : Checking image 1 crop y2 3174
1606935174300993749 : Checking image 2 crop x1 1180
1606935174301066349 : Checking image 2 crop y1 1724
1606935174301098649 : Checking image 2 crop x2 1181
1606935174301128749 : Checking image 2 crop y2 1725
1606935174301324950 : Checking image 1 dpi 300
1606935174301397650 : Checking image 1 border top 2930
1606935174301429150 : Checking image 1 border bottom 308
1606935174301459750 : Checking image 1 border left 224
1606935174301490150 : Checking image 1 border right 224
1606935174302739854 : Checking image 2 dpi 300
1606935174302811554 : Checking image 2 border top 1753
1606935174302844254 : Checking image 2 border bottom 1753
1606935174302875154 : Checking image 2 border left 1239
1606935174302907954 : Checking image 2 border right 1239

</system-out><system-err>--------------------------------- Captured Err ---------------------------------

</system-err></testcase><testcase classname="tests.test_images" name="test_failed_split_line_line_algo_2_png" time="74.374"><system-out>--------------------------------- Captured Log ---------------------------------

--------------------------------- Captured Out ---------------------------------
/home/runner/work/ocr-book/ocr-book/tests/failed_split_line_line_algo_2.png
1606935200704016549 : Checking separation double page angle 89.9913422057325
1606935200704120249 : Checking separation double page y=0 2498
1606935213561155283 : Checking page rotation 1 0.0
1606935222750219354 : Checking page rotation 2 0.6000000000000001
1606935225650043744 : Checking image 1 crop x1 272
1606935225650196944 : Checking image 1 crop y1 149
1606935225650242445 : Checking image 1 crop x2 2383
1606935225650284645 : Checking image 1 crop y2 3353
1606935228136429550 : Checking image 2 crop x1 121
1606935228136571150 : Checking image 2 crop y1 155
1606935228136616150 : Checking image 2 crop x2 2244
1606935228136658150 : Checking image 2 crop y2 3350
1606935228182011969 : Checking image 1 dpi 300
1606935228182137769 : Checking image 1 border top 137
1606935228182176269 : Checking image 1 border bottom 146
1606935228182210569 : Checking image 1 border left 174
1606935228182246070 : Checking image 1 border right 174
1606935228184532176 : Checking image 2 dpi 300
1606935228184630676 : Checking image 2 border top 138
1606935228184666476 : Checking image 2 border bottom 154
1606935228184699876 : Checking image 2 border left 168
1606935228184733176 : Checking image 2 border right 168

</system-out><system-err>--------------------------------- Captured Err ---------------------------------

</system-err></testcase><testcase classname="tests.test_images" name="test_crop_too_much_3_png" time="73.797"><system-out>--------------------------------- Captured Log ---------------------------------

--------------------------------- Captured Out ---------------------------------
/home/runner/work/ocr-book/ocr-book/tests/crop_too_much_3.png
1606935217448149069 : Checking separation double page angle 89.55580634783144
1606935217448248369 : Checking separation double page y=0 2499
1606935226158975676 : Checking page rotation 1 -0.9499999999999886
1606935239512188888 : Checking page rotation 2 -0.14999999999999147
1606935243769188807 : Checking image 1 crop x1 373
1606935243769324307 : Checking image 1 crop y1 258
1606935243769368807 : Checking image 1 crop x2 2386
1606935243769408407 : Checking image 1 crop y2 3458
1606935248013148186 : Checking image 2 crop x1 167
1606935248013285986 : Checking image 2 crop y1 228
1606935248013330386 : Checking image 2 crop x2 2180
1606935248013371086 : Checking image 2 crop y2 3417
1606935248063604417 : Checking image 1 dpi 300
1606935248063721118 : Checking image 1 border top 237
1606935248063758418 : Checking image 1 border bottom 50
1606935248063792918 : Checking image 1 border left 223
1606935248063826418 : Checking image 1 border right 223
1606935248066015524 : Checking image 2 dpi 300
1606935248066098824 : Checking image 2 border top 192
1606935248066133524 : Checking image 2 border bottom 106
1606935248066166524 : Checking image 2 border left 223
1606935248066199724 : Checking image 2 border right 223

</system-out><system-err>--------------------------------- Captured Err ---------------------------------

</system-err></testcase><testcase classname="tests.test_images" name="test_wrong_wave_split_line_2_png" time="75.523"><system-out>--------------------------------- Captured Log ---------------------------------

--------------------------------- Captured Out ---------------------------------
/home/runner/work/ocr-book/ocr-book/tests/wrong_wave_split_line_2.png
1606935276102977691 : Checking separation double page angle 90.7708958311329
1606935276103083192 : Checking separation double page y=0 2490
1606935286087419066 : Checking page rotation 1 0.4
1606935297604765702 : Checking page rotation 2 1.8
1606935300383718421 : Checking image 1 crop x1 224
1606935300383862022 : Checking image 1 crop y1 147
1606935300383906622 : Checking image 1 crop x2 2337
1606935300383948022 : Checking image 1 crop y2 3355
1606935303652005310 : Checking image 2 crop x1 107
1606935303652154210 : Checking image 2 crop y1 197
1606935303652200511 : Checking image 2 crop x2 2229
1606935303652242011 : Checking image 2 crop y2 3396
1606935303703249543 : Checking image 1 dpi 300
1606935303703377343 : Checking image 1 border top 126
1606935303703417044 : Checking image 1 border bottom 153
1606935303703451744 : Checking image 1 border left 173
1606935303703487144 : Checking image 1 border right 173
1606935303705601349 : Checking image 2 dpi 300
1606935303705687649 : Checking image 2 border top 170
1606935303705722849 : Checking image 2 border bottom 118
1606935303705756650 : Checking image 2 border left 169
1606935303705789950 : Checking image 2 border right 169

</system-out><system-err>--------------------------------- Captured Err ---------------------------------

</system-err></testcase><testcase classname="tests.test_images" name="test_wrong_wave_split_line_3_png" time="66.844"><system-out>--------------------------------- Captured Log ---------------------------------

--------------------------------- Captured Out ---------------------------------
/home/runner/work/ocr-book/ocr-book/tests/wrong_wave_split_line_3.png
1606935292456573324 : Checking separation double page angle 90.0586735161512
1606935292456672625 : Checking separation double page y=0 2510
1606935301886537525 : Checking page rotation 1 0.1
1606935309220585368 : Checking page rotation 2 0.35000000000000003
1606935312310851190 : Checking image 1 crop x1 272
1606935312310986290 : Checking image 1 crop y1 219
1606935312311030190 : Checking image 1 crop x2 2383
1606935312311070590 : Checking image 1 crop y2 3423
1606935314882571764 : Checking image 2 crop x1 119
1606935314882702864 : Checking image 2 crop y1 226
1606935314882747264 : Checking image 2 crop x2 2240
1606935314882787664 : Checking image 2 crop y2 3413
1606935314924099471 : Checking image 1 dpi 300
1606935314924214572 : Checking image 1 border top 190
1606935314924251372 : Checking image 1 border bottom 93
1606935314924308472 : Checking image 1 border left 174
1606935314924344472 : Checking image 1 border right 174
1606935314926409477 : Checking image 2 dpi 300
1606935314926489678 : Checking image 2 border top 190
1606935314926524878 : Checking image 2 border bottom 110
1606935314926557778 : Checking image 2 border left 169
1606935314926590578 : Checking image 2 border right 169

</system-out><system-err>--------------------------------- Captured Err ---------------------------------

</system-err></testcase></testsuite></testsuites>