<?xml version="1.0" encoding="utf-8"?><testsuites><testsuite name="pytest" errors="0" failures="0" skipped="0" tests="19" time="355.334" timestamp="2020-11-26T10:33:21.417424" hostname="fv-az135-393"><testcase classname="tests.test_features" name="test_mock_stop_at_0" time="0.044"><system-out>--------------------------------- Captured Log ---------------------------------

--------------------------------- Captured Out ---------------------------------
/home/runner/work/ocr-book/ocr-book/tests/0001_0.png

</system-out><system-err>--------------------------------- Captured Err ---------------------------------

</system-err></testcase><testcase classname="tests.test_features" name="test_disabled_enable_debug" time="26.381"><system-out>--------------------------------- Captured Log ---------------------------------

--------------------------------- Captured Out ---------------------------------
/home/runner/work/ocr-book/ocr-book/tests/0001_debug.png
separation double page angle 90.53945493634917
separation double page y=0 2485
page rotation 1 0.75
page rotation 2 0.2
image 1 crop x1 330
image 1 crop y1 336
image 1 crop x2 2343
image 1 crop y2 3223
image 2 crop x1 169
image 2 crop y1 648
image 2 crop x2 2186
image 2 crop y2 3361
image 1 dpi 300
image 1 border top 340
image 1 border bottom 260
image 1 border left 223
image 1 border right 223
image 2 dpi 300
image 2 border top 646
image 2 border bottom 128
image 2 border left 221
image 2 border right 221

</system-out><system-err>--------------------------------- Captured Err ---------------------------------

</system-err></testcase><testcase classname="tests.test_features" name="test_mock_stop_at_2" time="34.516"><system-out>--------------------------------- Captured Log ---------------------------------

--------------------------------- Captured Out ---------------------------------
/home/runner/work/ocr-book/ocr-book/tests/0001_2.png
separation double page angle 90.53945493634917
separation double page y=0 2485
page rotation 1 0.75
page rotation 2 0.2

</system-out><system-err>--------------------------------- Captured Err ---------------------------------

</system-err></testcase><testcase classname="tests.test_features" name="test_mock_stop_at_1" time="19.050"><system-out>--------------------------------- Captured Log ---------------------------------

--------------------------------- Captured Out ---------------------------------
/home/runner/work/ocr-book/ocr-book/tests/0001_1.png
separation double page angle 90.53945493634917
separation double page y=0 2485

</system-out><system-err>--------------------------------- Captured Err ---------------------------------

</system-err></testcase><testcase classname="tests.test_features" name="test_mock_stop_at_3" time="34.820"><system-out>--------------------------------- Captured Log ---------------------------------

--------------------------------- Captured Out ---------------------------------
/home/runner/work/ocr-book/ocr-book/tests/0001_3.png
separation double page angle 90.53945493634917
separation double page y=0 2485
page rotation 1 0.75
page rotation 2 0.2
image 1 crop x1 330
image 1 crop y1 336
image 1 crop x2 2343
image 1 crop y2 3223
image 2 crop x1 169
image 2 crop y1 648
image 2 crop x2 2186
image 2 crop y2 3361

</system-out><system-err>--------------------------------- Captured Err ---------------------------------

</system-err></testcase><testcase classname="tests.test_features" name="test_mock_stop_at_5" time="35.773"><system-out>--------------------------------- Captured Log ---------------------------------

--------------------------------- Captured Out ---------------------------------
/home/runner/work/ocr-book/ocr-book/tests/0001_5.png
separation double page angle 90.53945493634917
separation double page y=0 2485
page rotation 1 0.75
page rotation 2 0.2
image 1 crop x1 330
image 1 crop y1 336
image 1 crop x2 2343
image 1 crop y2 3223
image 2 crop x1 169
image 2 crop y1 648
image 2 crop x2 2186
image 2 crop y2 3361
image 1 dpi 300
image 1 border top 340
image 1 border bottom 260
image 1 border left 223
image 1 border right 223
image 2 dpi 300
image 2 border top 646
image 2 border bottom 128
image 2 border left 221
image 2 border right 221

</system-out><system-err>--------------------------------- Captured Err ---------------------------------

</system-err></testcase><testcase classname="tests.test_features" name="test_mock_stop_at_4" time="36.834"><system-out>--------------------------------- Captured Log ---------------------------------

--------------------------------- Captured Out ---------------------------------
/home/runner/work/ocr-book/ocr-book/tests/0001_4.png
separation double page angle 90.53945493634917
separation double page y=0 2485
page rotation 1 0.75
page rotation 2 0.2
image 1 crop x1 330
image 1 crop y1 336
image 1 crop x2 2343
image 1 crop y2 3223
image 2 crop x1 169
image 2 crop y1 648
image 2 crop x2 2186
image 2 crop y2 3361
image 1 dpi 300
image 1 border top 340
image 1 border bottom 260
image 1 border left 223
image 1 border right 223
image 2 dpi 300
image 2 border top 646
image 2 border bottom 128
image 2 border left 221
image 2 border right 221

</system-out><system-err>--------------------------------- Captured Err ---------------------------------

</system-err></testcase><testcase classname="tests.test_images" name="test_0001_png" time="35.495"><system-out>--------------------------------- Captured Log ---------------------------------

--------------------------------- Captured Out ---------------------------------
/home/runner/work/ocr-book/ocr-book/tests/0001.png
1606386902586244008 : Checking separation double page angle 90.53945493634917
1606386902586316908 : Checking separation double page y=0 2485
1606386908168036058 : Checking page rotation 1 0.75
1606386915761755235 : Checking page rotation 2 0.2
1606386917395524363 : Checking image 1 crop x1 330
1606386917395606363 : Checking image 1 crop y1 336
1606386917395703464 : Checking image 1 crop x2 2343
1606386917395828764 : Checking image 1 crop y2 3223
1606386919062448345 : Checking image 2 crop x1 169
1606386919062540445 : Checking image 2 crop y1 648
1606386919062581045 : Checking image 2 crop x2 2186
1606386919062618245 : Checking image 2 crop y2 3361
1606386919089446298 : Checking image 1 dpi 300
1606386919089516798 : Checking image 1 border top 340
1606386919089550598 : Checking image 1 border bottom 260
1606386919089580398 : Checking image 1 border left 223
1606386919089610098 : Checking image 1 border right 223
1606386919091807302 : Checking image 2 dpi 300
1606386919091854502 : Checking image 2 border top 646
1606386919091882603 : Checking image 2 border bottom 128
1606386919091909103 : Checking image 2 border left 221
1606386919091935003 : Checking image 2 border right 221

</system-out><system-err>--------------------------------- Captured Err ---------------------------------

</system-err></testcase><testcase classname="tests.test_images" name="test_2_pages_2_contours_png" time="23.594"><system-out>--------------------------------- Captured Log ---------------------------------

--------------------------------- Captured Out ---------------------------------
/home/runner/work/ocr-book/ocr-book/tests/2-pages-2-contours.png
1606386921236590505 : Checking separation double page angle 90.15647898380502
1606386921236658506 : Checking separation double page y=0 2489
1606386923354126435 : Checking page rotation 1 0.05
1606386929752857104 : Checking page rotation 2 0.35000000000000003
1606386930544502942 : Checking image 1 crop x1 1190
1606386930544587043 : Checking image 1 crop y1 1733
1606386930545293446 : Checking image 1 crop x2 1191
1606386930545345446 : Checking image 1 crop y2 1734
1606386932214797573 : Checking image 2 crop x1 102
1606386932215008574 : Checking image 2 crop y1 240
1606386932215052074 : Checking image 2 crop x2 2149
1606386932215090674 : Checking image 2 crop y2 3239
1606386932245285319 : Checking image 1 dpi 300
1606386932245376719 : Checking image 1 border top 1752
1606386932245426319 : Checking image 1 border bottom 1753
1606386932245453520 : Checking image 1 border left 1239
1606386932245480520 : Checking image 1 border right 1239
1606386932247054427 : Checking image 2 dpi 300
1606386932247105627 : Checking image 2 border top 231
1606386932247133028 : Checking image 2 border bottom 257
1606386932247158228 : Checking image 2 border left 206
1606386932247183628 : Checking image 2 border right 206

</system-out><system-err>--------------------------------- Captured Err ---------------------------------

</system-err></testcase><testcase classname="tests.test_images" name="test_black_border_not_removed_png" time="43.475"><system-out>--------------------------------- Captured Log ---------------------------------

--------------------------------- Captured Out ---------------------------------
/home/runner/work/ocr-book/ocr-book/tests/black-border-not-removed.png
1606386943790868606 : Checking separation double page angle 89.9903688802698
1606386943790935806 : Checking separation double page y=0 2455
1606386949448625035 : Checking page rotation 1 0.0
1606386958232165224 : Checking page rotation 2 0.0
1606386960182573238 : Checking image 1 crop x1 297
1606386960182647938 : Checking image 1 crop y1 143
1606386960182686938 : Checking image 1 crop x2 2309
1606386960182722438 : Checking image 1 crop y2 3346
1606386962530219956 : Checking image 2 crop x1 156
1606386962530301357 : Checking image 2 crop y1 145
1606386962530343457 : Checking image 2 crop x2 2168
1606386962530382857 : Checking image 2 crop y2 3352
1606386962563320995 : Checking image 1 dpi 300
1606386962563418896 : Checking image 1 border top 130
1606386962563455296 : Checking image 1 border bottom 154
1606386962563487496 : Checking image 1 border left 224
1606386962563518496 : Checking image 1 border right 224
1606386962565940706 : Checking image 2 dpi 300
1606386962566002307 : Checking image 2 border top 139
1606386962566034907 : Checking image 2 border bottom 141
1606386962566065507 : Checking image 2 border left 224
1606386962566095707 : Checking image 2 border right 224

</system-out><system-err>--------------------------------- Captured Err ---------------------------------

</system-err></testcase><testcase classname="tests.test_images" name="test_image_failed_to_rotate_png" time="40.613"><system-out>--------------------------------- Captured Log ---------------------------------

--------------------------------- Captured Out ---------------------------------
/home/runner/work/ocr-book/ocr-book/tests/image_failed_to_rotate.png
1606386948899780096 : Checking separation double page angle 90.20338406922784
1606386948899874997 : Checking separation double page y=0 2484
1606386953594283082 : Checking page rotation 1 0.35000000000000003
1606386960415456925 : Checking page rotation 2 0.45
1606386970654816770 : Checking image 1 crop x1 34
1606386970654890370 : Checking image 1 crop y1 1
1606386970654923170 : Checking image 1 crop x2 2482
1606386970654952970 : Checking image 1 crop y2 3500
1606386972688375915 : Checking image 2 crop x1 167
1606386972688455016 : Checking image 2 crop y1 234
1606386972688494816 : Checking image 2 crop x2 2246
1606386972688532316 : Checking image 2 crop y2 3355
1606386972732214092 : Checking image 1 dpi 300
1606386972732319493 : Checking image 1 border top 4
1606386972732362793 : Checking image 1 border bottom 4
1606386972732393193 : Checking image 1 border left 16
1606386972732423393 : Checking image 1 border right 16
1606386972734394501 : Checking image 2 dpi 300
1606386972734468902 : Checking image 2 border top 220
1606386972734516602 : Checking image 2 border bottom 146
1606386972734545302 : Checking image 2 border left 190
1606386972734573902 : Checking image 2 border right 190

</system-out><system-err>--------------------------------- Captured Err ---------------------------------

</system-err></testcase><testcase classname="tests.test_images" name="test_image_failed_to_crop_data_png" time="39.956"><system-out>--------------------------------- Captured Log ---------------------------------

--------------------------------- Captured Out ---------------------------------
/home/runner/work/ocr-book/ocr-book/tests/image_failed_to_crop_data.png
1606386980838510217 : Checking separation double page angle 89.92253619365697
1606386980838585718 : Checking separation double page y=0 2478
1606386986133677439 : Checking page rotation 1 0.2
1606386991150468914 : Checking page rotation 2 0.05
1606387000604144736 : Checking image 1 crop x1 58
1606387000604223636 : Checking image 1 crop y1 8
1606387000604277436 : Checking image 1 crop x2 2480
1606387000604343436 : Checking image 1 crop y2 3504
1606387002409941594 : Checking image 2 crop x1 159
1606387002410017394 : Checking image 2 crop y1 217
1606387002410057395 : Checking image 2 crop x2 2240
1606387002410095095 : Checking image 2 crop y2 3350
1606387002442633112 : Checking image 1 dpi 300
1606387002442707113 : Checking image 1 border top 6
1606387002442740813 : Checking image 1 border bottom 6
1606387002442787913 : Checking image 1 border left 29
1606387002442817613 : Checking image 1 border right 29
1606387002445394122 : Checking image 2 dpi 300
1606387002445457123 : Checking image 2 border top 224
1606387002445487823 : Checking image 2 border bottom 130
1606387002445515623 : Checking image 2 border left 189
1606387002445543523 : Checking image 2 border right 189

</system-out><system-err>--------------------------------- Captured Err ---------------------------------

</system-err></testcase><testcase classname="tests.test_images" name="test_wrong_angle_split_line_png" time="51.574"><system-out>--------------------------------- Captured Log ---------------------------------

--------------------------------- Captured Out ---------------------------------
/home/runner/work/ocr-book/ocr-book/tests/wrong_angle_split_line.png
1606386994250409827 : Checking separation double page angle 90.05359445329964
1606386994250481828 : Checking separation double page y=0 2482
1606387001380168559 : Checking page rotation 1 0.0
1606387010092151148 : Checking page rotation 2 0.2
1606387020779308094 : Checking image 1 crop x1 53
1606387020779383294 : Checking image 1 crop y1 8
1606387020779416495 : Checking image 1 crop x2 2475
1606387020779447095 : Checking image 1 crop y2 3505
1606387023535729044 : Checking image 2 crop x1 161
1606387023535827845 : Checking image 2 crop y1 219
1606387023535871345 : Checking image 2 crop x2 2237
1606387023535910945 : Checking image 2 crop y2 3348
1606387023702346407 : Checking image 1 dpi 300
1606387023702458807 : Checking image 1 border top 5
1606387023702492408 : Checking image 1 border bottom 5
1606387023702521308 : Checking image 1 border left 29
1606387023702550308 : Checking image 1 border right 29
1606387023715192050 : Checking image 2 dpi 300
1606387023715286251 : Checking image 2 border top 211
1606387023715320951 : Checking image 2 border bottom 147
1606387023715351551 : Checking image 2 border left 192
1606387023715382051 : Checking image 2 border right 192

</system-out><system-err>--------------------------------- Captured Err ---------------------------------

</system-err></testcase><testcase classname="tests.test_images" name="test_angle_page_lower_split_line_png" time="31.575"><system-out>--------------------------------- Captured Log ---------------------------------

--------------------------------- Captured Out ---------------------------------
/home/runner/work/ocr-book/ocr-book/tests/angle_page_lower_split_line.png
1606387016401601374 : Checking separation double page angle 89.74710364870903
1606387016401673374 : Checking separation double page y=0 2471
1606387023914595824 : Checking page rotation 1 -0.44999999999998863
1606387030644108891 : Checking page rotation 2 0.2
1606387032479601839 : Checking image 1 crop x1 245
1606387032479684040 : Checking image 1 crop y1 161
1606387032479725540 : Checking image 1 crop x2 2351
1606387032479765140 : Checking image 1 crop y2 3364
1606387034041086160 : Checking image 2 crop x1 153
1606387034041168860 : Checking image 2 crop y1 147
1606387034041212060 : Checking image 2 crop x2 2260
1606387034041252160 : Checking image 2 crop y2 3350
1606387034081038690 : Checking image 1 dpi 300
1606387034081148591 : Checking image 1 border top 132
1606387034081187991 : Checking image 1 border bottom 152
1606387034081222591 : Checking image 1 border left 177
1606387034081256691 : Checking image 1 border right 177
1606387034083308698 : Checking image 2 dpi 300
1606387034083388798 : Checking image 2 border top 116
1606387034083423798 : Checking image 2 border bottom 168
1606387034083456498 : Checking image 2 border left 176
1606387034083488698 : Checking image 2 border right 176

</system-out><system-err>--------------------------------- Captured Err ---------------------------------

</system-err></testcase><testcase classname="tests.test_images" name="test_wrong_split_line_png" time="35.054"><system-out>--------------------------------- Captured Log ---------------------------------

--------------------------------- Captured Out ---------------------------------
/home/runner/work/ocr-book/ocr-book/tests/wrong_split_line.png
1606387043786213283 : Checking separation double page angle 89.81531182790899
1606387043786332084 : Checking separation double page y=0 2465
1606387050050177626 : Checking page rotation 1 -0.04999999999999716
1606387056505951819 : Checking page rotation 2 0.6000000000000001
1606387057977919931 : Checking image 1 crop x1 211
1606387057977999031 : Checking image 1 crop y1 156
1606387057978039731 : Checking image 1 crop x2 2323
1606387057978077131 : Checking image 1 crop y2 3363
1606387059449918323 : Checking image 2 crop x1 124
1606387059450000623 : Checking image 2 crop y1 167
1606387059450181524 : Checking image 2 crop x2 2236
1606387059450224224 : Checking image 2 crop y2 3373
1606387059484616429 : Checking image 1 dpi 300
1606387059484708929 : Checking image 1 border top 116
1606387059484743129 : Checking image 1 border bottom 164
1606387059484772929 : Checking image 1 border left 174
1606387059484801729 : Checking image 1 border right 174
1606387059487037436 : Checking image 2 dpi 300
1606387059487104436 : Checking image 2 border top 142
1606387059487135636 : Checking image 2 border bottom 139
1606387059487164736 : Checking image 2 border left 174
1606387059487193936 : Checking image 2 border right 174

</system-out><system-err>--------------------------------- Captured Err ---------------------------------

</system-err></testcase><testcase classname="tests.test_images" name="test_crop_too_much_png" time="57.162"><system-out>--------------------------------- Captured Log ---------------------------------

--------------------------------- Captured Out ---------------------------------
/home/runner/work/ocr-book/ocr-book/tests/crop_too_much.png
1606387060721708591 : Checking separation double page angle 90.14985593620918
1606387060721774491 : Checking separation double page y=0 2457
1606387074277763851 : Checking page rotation 1 0.0
1606387085500386552 : Checking page rotation 2 0.4
1606387088467093104 : Checking image 1 crop x1 303
1606387088467174804 : Checking image 1 crop y1 148
1606387088467251305 : Checking image 1 crop x2 2313
1606387088467307905 : Checking image 1 crop y2 3351
1606387091209817968 : Checking image 2 crop x1 166
1606387091209946669 : Checking image 2 crop y1 154
1606387091210026969 : Checking image 2 crop x2 2180
1606387091210068369 : Checking image 2 crop y2 3360
1606387091252628289 : Checking image 1 dpi 300
1606387091252741689 : Checking image 1 border top 131
1606387091252776989 : Checking image 1 border bottom 153
1606387091252807489 : Checking image 1 border left 225
1606387091252837090 : Checking image 1 border right 225
1606387091255230596 : Checking image 2 dpi 300
1606387091255283696 : Checking image 2 border top 138
1606387091255314797 : Checking image 2 border bottom 143
1606387091255343597 : Checking image 2 border left 223
1606387091255372597 : Checking image 2 border right 223

</system-out><system-err>--------------------------------- Captured Err ---------------------------------

</system-err></testcase><testcase classname="tests.test_images" name="test_crop_too_few_png" time="39.049"><system-out>--------------------------------- Captured Log ---------------------------------

--------------------------------- Captured Out ---------------------------------
/home/runner/work/ocr-book/ocr-book/tests/crop_too_few.png
1606387083244634788 : Checking separation double page angle 89.22405802376838
1606387083244731188 : Checking separation double page y=0 2508
1606387089225621056 : Checking page rotation 1 -0.75
1606387095361688732 : Checking page rotation 2 0.0
1606387096958565991 : Checking image 1 crop x1 265
1606387096958643891 : Checking image 1 crop y1 152
1606387096958682091 : Checking image 1 crop x2 2375
1606387096958717891 : Checking image 1 crop y2 3356
1606387098498079474 : Checking image 2 crop x1 141
1606387098498205374 : Checking image 2 crop y1 141
1606387098498248575 : Checking image 2 crop x2 2263
1606387098498288475 : Checking image 2 crop y2 3345
1606387098532846571 : Checking image 1 dpi 300
1606387098532985371 : Checking image 1 border top 116
1606387098533038871 : Checking image 1 border bottom 167
1606387098533071171 : Checking image 1 border left 175
1606387098533118971 : Checking image 1 border right 175
1606387098535603478 : Checking image 2 dpi 300
1606387098535654778 : Checking image 2 border top 140
1606387098535685579 : Checking image 2 border bottom 143
1606387098535714879 : Checking image 2 border left 169
1606387098535743979 : Checking image 2 border right 169

</system-out><system-err>--------------------------------- Captured Err ---------------------------------

</system-err></testcase><testcase classname="tests.test_images" name="test_crop_too_much_2_png" time="53.044"><system-out>--------------------------------- Captured Log ---------------------------------

--------------------------------- Captured Out ---------------------------------
/home/runner/work/ocr-book/ocr-book/tests/crop_too_much_2.png
1606387113377498884 : Checking separation double page angle 90.15230317635223
1606387113377611284 : Checking separation double page y=0 2476
1606387124555082196 : Checking page rotation 1 0.2
1606387137784695711 : Checking page rotation 2 0.2
1606387140680833663 : Checking image 1 crop x1 332
1606387140680942664 : Checking image 1 crop y1 131
1606387140681002364 : Checking image 1 crop x2 2342
1606387140681062664 : Checking image 1 crop y2 3336
1606387144214977510 : Checking image 2 crop x1 166
1606387144215232810 : Checking image 2 crop y1 139
1606387144215295710 : Checking image 2 crop x2 2179
1606387144215342911 : Checking image 2 crop y2 3345
1606387144270376451 : Checking image 1 dpi 300
1606387144270490751 : Checking image 1 border top 116
1606387144270545051 : Checking image 1 border bottom 166
1606387144270576251 : Checking image 1 border left 225
1606387144270642452 : Checking image 1 border right 225
1606387144272910557 : Checking image 2 dpi 300
1606387144272990158 : Checking image 2 border top 133
1606387144273042058 : Checking image 2 border bottom 148
1606387144273091458 : Checking image 2 border left 223
1606387144273160458 : Checking image 2 border right 223

</system-out><system-err>--------------------------------- Captured Err ---------------------------------

</system-err></testcase><testcase classname="tests.test_images" name="test_wrong_split_line_2_png" time="56.790"><system-out>--------------------------------- Captured Log ---------------------------------

--------------------------------- Captured Out ---------------------------------
/home/runner/work/ocr-book/ocr-book/tests/wrong_split_line_2.png
1606387126428113431 : Checking separation double page angle 90.26399910182965
1606387126428181132 : Checking separation double page y=0 2436
1606387138656426258 : Checking page rotation 1 0.2
1606387149306787553 : Checking page rotation 2 0.35000000000000003
1606387152113539244 : Checking image 1 crop x1 294
1606387152113614244 : Checking image 1 crop y1 136
1606387152113651444 : Checking image 1 crop x2 2325
1606387152113684844 : Checking image 1 crop y2 3376
1606387155269336480 : Checking image 2 crop x1 144
1606387155269418680 : Checking image 2 crop y1 193
1606387155269461080 : Checking image 2 crop x2 2173
1606387155269498280 : Checking image 2 crop y2 3387
1606387155312701089 : Checking image 1 dpi 300
1606387155312789489 : Checking image 1 border top 128
1606387155312823789 : Checking image 1 border bottom 119
1606387155312853089 : Checking image 1 border left 214
1606387155312882389 : Checking image 1 border right 214
1606387155314742094 : Checking image 2 dpi 300
1606387155314794194 : Checking image 2 border top 184
1606387155314823894 : Checking image 2 border bottom 109
1606387155314851394 : Checking image 2 border left 215
1606387155314878994 : Checking image 2 border right 215

</system-out><system-err>--------------------------------- Captured Err ---------------------------------

</system-err></testcase></testsuite></testsuites>