<?xml version="1.0" encoding="utf-8"?><testsuites><testsuite errors="0" failures="0" hostname="fv-az99-20" name="pytest" skipped="0" tests="36" time="403.867" timestamp="2021-05-12T13:28:09.177342"><testcase classname="tests.test_features" name="test_disabled_enable_debug" time="22.883"><system-out>--------------------------------- Captured Log ---------------------------------

--------------------------------- Captured Out ---------------------------------
/home/runner/work/diptych/diptych/tests/0001_debug.png
separation double page angle 90.55756528497216
separation double page y=0 2484
page rotation 1 0.65
page rotation 2 0.2
image 1 crop x1 329
image 1 crop y1 335
image 1 crop x2 2344
image 1 crop y2 3222
image 2 crop x1 171
image 2 crop y1 648
image 2 crop x2 2188
image 2 crop y2 3361
image 1 dpi 300
image 1 border top 327
image 1 border bottom 273
image 1 border left 222
image 1 border right 222
image 2 dpi 300
image 2 border top 643
image 2 border bottom 131
image 2 border left 221
image 2 border right 221

</system-out><system-err>--------------------------------- Captured Err ---------------------------------

</system-err></testcase><testcase classname="tests.test_features" name="test_mock_stop_at_0" time="0.046"><system-out>--------------------------------- Captured Log ---------------------------------

--------------------------------- Captured Out ---------------------------------
/home/runner/work/diptych/diptych/tests/0001_0.png

</system-out><system-err>--------------------------------- Captured Err ---------------------------------

</system-err></testcase><testcase classname="tests.test_features" name="test_mock_stop_at_2" time="16.502"><system-out>--------------------------------- Captured Log ---------------------------------

--------------------------------- Captured Out ---------------------------------
/home/runner/work/diptych/diptych/tests/0001_2.png
separation double page angle 90.55756528497216
separation double page y=0 2484
page rotation 1 0.65
page rotation 2 0.2

</system-out><system-err>--------------------------------- Captured Err ---------------------------------

</system-err></testcase><testcase classname="tests.test_features" name="test_mock_stop_at_4" time="22.044"><system-out>--------------------------------- Captured Log ---------------------------------

--------------------------------- Captured Out ---------------------------------
/home/runner/work/diptych/diptych/tests/0001_4.png
separation double page angle 90.55756528497216
separation double page y=0 2484
page rotation 1 0.65
page rotation 2 0.2
image 1 crop x1 329
image 1 crop y1 335
image 1 crop x2 2344
image 1 crop y2 3222
image 2 crop x1 171
image 2 crop y1 648
image 2 crop x2 2188
image 2 crop y2 3361
image 1 dpi 300
image 1 border top 326
image 1 border bottom 274
image 1 border left 222
image 1 border right 222
image 2 dpi 300
image 2 border top 643
image 2 border bottom 131
image 2 border left 221
image 2 border right 221

</system-out><system-err>--------------------------------- Captured Err ---------------------------------

</system-err></testcase><testcase classname="tests.test_features" name="test_mock_stop_at_1" time="12.565"><system-out>--------------------------------- Captured Log ---------------------------------

--------------------------------- Captured Out ---------------------------------
/home/runner/work/diptych/diptych/tests/0001_1.png
separation double page angle 90.55756528497216
separation double page y=0 2484

</system-out><system-err>--------------------------------- Captured Err ---------------------------------

</system-err></testcase><testcase classname="tests.test_features" name="test_mock_stop_at_3" time="21.653"><system-out>--------------------------------- Captured Log ---------------------------------

--------------------------------- Captured Out ---------------------------------
/home/runner/work/diptych/diptych/tests/0001_3.png
separation double page angle 90.55756528497216
separation double page y=0 2484
page rotation 1 0.65
page rotation 2 0.2
image 1 crop x1 329
image 1 crop y1 335
image 1 crop x2 2344
image 1 crop y2 3222
image 2 crop x1 171
image 2 crop y1 648
image 2 crop x2 2188
image 2 crop y2 3361

</system-out><system-err>--------------------------------- Captured Err ---------------------------------

</system-err></testcase><testcase classname="tests.test_images" name="test_0001_png" time="20.741"><system-out>--------------------------------- Captured Log ---------------------------------

--------------------------------- Captured Out ---------------------------------
/home/runner/work/diptych/diptych/tests/0001.png
1620826140607753441 : Checking separation double page angle 90.55756528497216
1620826140607937148 : Checking separation double page y=0 2484
1620826141917330134 : Checking page rotation 1 0.65
1620826143665697546 : Checking page rotation 2 0.2
1620826146798765752 : Checking image 1 crop x1 329
1620826146798884657 : Checking image 1 crop y1 335
1620826146798926558 : Checking image 1 crop x2 2344
1620826146798965660 : Checking image 1 crop y2 3222
1620826149556920357 : Checking image 2 crop x1 171
1620826149557044561 : Checking image 2 crop y1 648
1620826149557088863 : Checking image 2 crop x2 2188
1620826149557127965 : Checking image 2 crop y2 3361
1620826149557310272 : Checking image 1 dpi 300
1620826149557386275 : Checking image 1 border top 326
1620826149557437377 : Checking image 1 border bottom 274
1620826149557471978 : Checking image 1 border left 222
1620826149557518380 : Checking image 1 border right 222
1620826149561088817 : Checking image 2 dpi 300
1620826149561177420 : Checking image 2 border top 643
1620826149561214722 : Checking image 2 border bottom 131
1620826149561246923 : Checking image 2 border left 221
1620826149561278524 : Checking image 2 border right 221

</system-out><system-err>--------------------------------- Captured Err ---------------------------------

</system-err></testcase><testcase classname="tests.test_features" name="test_mock_stop_at_5" time="23.091"><system-out>--------------------------------- Captured Log ---------------------------------

--------------------------------- Captured Out ---------------------------------
/home/runner/work/diptych/diptych/tests/0001_5.png
separation double page angle 90.55756528497216
separation double page y=0 2484
page rotation 1 0.65
page rotation 2 0.2
image 1 crop x1 329
image 1 crop y1 335
image 1 crop x2 2344
image 1 crop y2 3222
image 2 crop x1 171
image 2 crop y1 648
image 2 crop x2 2188
image 2 crop y2 3361
image 1 dpi 300
image 1 border top 326
image 1 border bottom 274
image 1 border left 222
image 1 border right 222
image 2 dpi 300
image 2 border top 643
image 2 border bottom 131
image 2 border left 221
image 2 border right 221

</system-out><system-err>--------------------------------- Captured Err ---------------------------------

</system-err></testcase><testcase classname="tests.test_images" name="test_black_border_not_removed_png" time="22.482"><system-out>--------------------------------- Captured Log ---------------------------------

--------------------------------- Captured Out ---------------------------------
/home/runner/work/diptych/diptych/tests/black-border-not-removed.png
1620826160631894104 : Checking separation double page angle 90.01516396500199
1620826160632031409 : Checking separation double page y=0 2455
1620826161863230667 : Checking page rotation 1 0.0
1620826163479508924 : Checking page rotation 2 0.1
1620826166749440378 : Checking image 1 crop x1 297
1620826166749599684 : Checking image 1 crop y1 143
1620826166749652786 : Checking image 1 crop x2 2309
1620826166749697388 : Checking image 1 crop y2 3346
1620826172043512253 : Checking image 2 crop x1 154
1620826172043634658 : Checking image 2 crop y1 144
1620826172043677859 : Checking image 2 crop x2 2168
1620826172043719961 : Checking image 2 crop y2 3351
1620826172043897468 : Checking image 1 dpi 300
1620826172043975371 : Checking image 1 border top 131
1620826172044016972 : Checking image 1 border bottom 153
1620826172044065674 : Checking image 1 border left 224
1620826172044102376 : Checking image 1 border right 224
1620826172047343000 : Checking image 2 dpi 300
1620826172047452004 : Checking image 2 border top 133
1620826172047492306 : Checking image 2 border bottom 147
1620826172047527607 : Checking image 2 border left 223
1620826172047562008 : Checking image 2 border right 223

</system-out><system-err>--------------------------------- Captured Err ---------------------------------

</system-err></testcase><testcase classname="tests.test_images" name="test_2_pages_2_contours_png" time="15.647"><system-out>--------------------------------- Captured Log ---------------------------------

--------------------------------- Captured Out ---------------------------------
/home/runner/work/diptych/diptych/tests/2-pages-2-contours.png
1620826180641921379 : Checking separation double page angle 90.14230271514262
1620826180642085785 : Checking separation double page y=0 2488
1620826181257805613 : Checking page rotation 1 0.0
1620826182411327379 : Checking page rotation 2 0.2
1620826183371308118 : Checking image 1 crop x1 1189
1620826183371413922 : Checking image 1 crop y1 1751
1620826183371454123 : Checking image 1 crop x2 1190
1620826183371490125 : Checking image 1 crop y2 1752
1620826186084056818 : Checking image 2 crop x1 100
1620826186084175223 : Checking image 2 crop y1 240
1620826186084216024 : Checking image 2 crop x2 2148
1620826186084253026 : Checking image 2 crop y2 3240
1620826186084408632 : Checking image 1 dpi 300
1620826186084472634 : Checking image 1 border top 1752
1620826186084506535 : Checking image 1 border bottom 1753
1620826186084538837 : Checking image 1 border left 1239
1620826186084572738 : Checking image 1 border right 1239
1620826186086413408 : Checking image 2 dpi 300
1620826186086474011 : Checking image 2 border top 230
1620826186086507012 : Checking image 2 border bottom 256
1620826186086536713 : Checking image 2 border left 206
1620826186086566714 : Checking image 2 border right 206

</system-out><system-err>--------------------------------- Captured Err ---------------------------------

</system-err></testcase><testcase classname="tests.test_images" name="test_image_failed_to_rotate_png" time="28.362"><system-out>--------------------------------- Captured Log ---------------------------------

--------------------------------- Captured Out ---------------------------------
/home/runner/work/diptych/diptych/tests/image_failed_to_rotate.png
1620826187182104555 : Checking separation double page angle 90.35651650869968
1620826187182253660 : Checking separation double page y=0 2483
1620826189160196162 : Checking page rotation 1 0.45
1620826190325708387 : Checking page rotation 2 0.2
1620826196323406937 : Checking image 1 crop x1 31
1620826196323556342 : Checking image 1 crop y1 1
1620826196323606144 : Checking image 1 crop x2 2481
1620826196323651646 : Checking image 1 crop y2 3504
1620826200309615725 : Checking image 2 crop x1 171
1620826200309757430 : Checking image 2 crop y1 231
1620826200309805032 : Checking image 2 crop x2 2259
1620826200309850634 : Checking image 2 crop y2 3358
1620826200310038141 : Checking image 1 dpi 300
1620826200310121644 : Checking image 1 border top 2
1620826200310165546 : Checking image 1 border bottom 2
1620826200310202947 : Checking image 1 border left 15
1620826200310239949 : Checking image 1 border right 15
1620826200313017055 : Checking image 2 dpi 300
1620826200313110158 : Checking image 2 border top 217
1620826200313153260 : Checking image 2 border bottom 143
1620826200313188761 : Checking image 2 border left 186
1620826200313222963 : Checking image 2 border right 186

</system-out><system-err>--------------------------------- Captured Err ---------------------------------

</system-err></testcase><testcase classname="tests.test_images" name="test_wrong_split_line_png" time="18.326"><system-out>--------------------------------- Captured Log ---------------------------------

--------------------------------- Captured Out ---------------------------------
/home/runner/work/diptych/diptych/tests/wrong_split_line.png
1620826198504882787 : Checking separation double page angle 89.95895720607972
1620826198505019992 : Checking separation double page y=0 2466
1620826199636814287 : Checking page rotation 1 -0.04999999999999689
1620826200640577385 : Checking page rotation 2 0.45
1620826202126884526 : Checking image 1 crop x1 211
1620826202127021231 : Checking image 1 crop y1 156
1620826202127068733 : Checking image 1 crop x2 2323
1620826202127135635 : Checking image 1 crop y2 3363
1620826204400932633 : Checking image 2 crop x1 123
1620826204401061638 : Checking image 2 crop y1 164
1620826204401108240 : Checking image 2 crop x2 2237
1620826204401151241 : Checking image 2 crop y2 3375
1620826204401326048 : Checking image 1 dpi 300
1620826204401403751 : Checking image 1 border top 135
1620826204401444352 : Checking image 1 border bottom 145
1620826204401495154 : Checking image 1 border left 174
1620826204401618558 : Checking image 1 border right 174
1620826204404280056 : Checking image 2 dpi 300
1620826204404352859 : Checking image 2 border top 141
1620826204404391660 : Checking image 2 border bottom 135
1620826204404427162 : Checking image 2 border left 173
1620826204404462763 : Checking image 2 border right 173

</system-out><system-err>--------------------------------- Captured Err ---------------------------------

</system-err></testcase><testcase classname="tests.test_images" name="test_image_failed_to_crop_data_png" time="39.493"><system-out>--------------------------------- Captured Log ---------------------------------

--------------------------------- Captured Out ---------------------------------
/home/runner/work/diptych/diptych/tests/image_failed_to_crop_data.png
1620826219511718743 : Checking separation double page angle 90.09350257645173
1620826219511844348 : Checking separation double page y=0 2479
1620826224338710676 : Checking page rotation 1 0.15000000000000002
1620826225465665674 : Checking page rotation 2 0.05
1620826236309700909 : Checking image 1 crop x1 46
1620826236309858415 : Checking image 1 crop y1 1
1620826236309909917 : Checking image 1 crop x2 2477
1620826236309956419 : Checking image 1 crop y2 3505
1620826239833084745 : Checking image 2 crop x1 164
1620826239833217550 : Checking image 2 crop y1 217
1620826239833267852 : Checking image 2 crop x2 2245
1620826239833317954 : Checking image 2 crop y2 3350
1620826239833510862 : Checking image 1 dpi 300
1620826239833622366 : Checking image 1 border top 2
1620826239833676868 : Checking image 1 border bottom 2
1620826239833716970 : Checking image 1 border left 25
1620826239833756771 : Checking image 1 border right 25
1620826239836652382 : Checking image 2 dpi 300
1620826239836731685 : Checking image 2 border top 206
1620826239836773687 : Checking image 2 border bottom 148
1620826239836812488 : Checking image 2 border left 189
1620826239836850790 : Checking image 2 border right 189

</system-out><system-err>--------------------------------- Captured Err ---------------------------------

</system-err></testcase><testcase classname="tests.test_images" name="test_crop_too_much_png" time="25.774"><system-out>--------------------------------- Captured Log ---------------------------------

--------------------------------- Captured Out ---------------------------------
/home/runner/work/diptych/diptych/tests/crop_too_much.png
1620826218611732908 : Checking separation double page angle 90.16929865985193
1620826218611856213 : Checking separation double page y=0 2456
1620826220147626034 : Checking page rotation 1 -0.04999999999999689
1620826221763417850 : Checking page rotation 2 0.2
1620826225194578050 : Checking image 1 crop x1 302
1620826225194707055 : Checking image 1 crop y1 148
1620826225194749556 : Checking image 1 crop x2 2314
1620826225194787658 : Checking image 1 crop y2 3351
1620826230155065753 : Checking image 2 crop x1 163
1620826230155192758 : Checking image 2 crop y1 151
1620826230155234759 : Checking image 2 crop x2 2187
1620826230155273861 : Checking image 2 crop y2 3363
1620826230155441867 : Checking image 1 dpi 300
1620826230155518270 : Checking image 1 border top 133
1620826230155554771 : Checking image 1 border bottom 151
1620826230155589673 : Checking image 1 border left 224
1620826230155625274 : Checking image 1 border right 224
1620826230158561387 : Checking image 2 dpi 300
1620826230158651690 : Checking image 2 border top 132
1620826230158691092 : Checking image 2 border bottom 143
1620826230158723593 : Checking image 2 border left 218
1620826230158755294 : Checking image 2 border right 218

</system-out><system-err>--------------------------------- Captured Err ---------------------------------

</system-err></testcase><testcase classname="tests.test_images" name="test_crop_too_few_png" time="18.000"><system-out>--------------------------------- Captured Log ---------------------------------

--------------------------------- Captured Out ---------------------------------
/home/runner/work/diptych/diptych/tests/crop_too_few.png
1620826242297981149 : Checking separation double page angle 89.49492328400886
1620826242298113154 : Checking separation double page y=0 2510
1620826243284907751 : Checking page rotation 1 -0.6499999999999977
1620826244420193542 : Checking page rotation 2 0.0
1620826246645131143 : Checking image 1 crop x1 263
1620826246645271848 : Checking image 1 crop y1 150
1620826246645401053 : Checking image 1 crop x2 2377
1620826246645450555 : Checking image 1 crop y2 3357
1620826248192598213 : Checking image 2 crop x1 139
1620826248192721118 : Checking image 2 crop y1 141
1620826248192763220 : Checking image 2 crop x2 2261
1620826248192803321 : Checking image 2 crop y2 3345
1620826248192959727 : Checking image 1 dpi 300
1620826248193032230 : Checking image 1 border top 129
1620826248193068632 : Checking image 1 border bottom 150
1620826248193103333 : Checking image 1 border left 173
1620826248193139134 : Checking image 1 border right 173
1620826248195156013 : Checking image 2 dpi 300
1620826248195236416 : Checking image 2 border top 130
1620826248195271518 : Checking image 2 border bottom 153
1620826248195303419 : Checking image 2 border left 169
1620826248195335720 : Checking image 2 border right 169

</system-out><system-err>--------------------------------- Captured Err ---------------------------------

</system-err></testcase><testcase classname="tests.test_images" name="test_wrong_angle_split_line_png" time="24.795"><system-out>--------------------------------- Captured Log ---------------------------------

--------------------------------- Captured Out ---------------------------------
/home/runner/work/diptych/diptych/tests/wrong_angle_split_line.png
1620826250162449020 : Checking separation double page angle 90.08791528895468
1620826250162579025 : Checking separation double page y=0 2478
1620826251477870754 : Checking page rotation 1 0.1
1620826252777698887 : Checking page rotation 2 0.1
1620826258895855377 : Checking image 1 crop x1 58
1620826258895982082 : Checking image 1 crop y1 6
1620826258896028484 : Checking image 1 crop x2 2476
1620826258896071386 : Checking image 1 crop y2 3501
1620826263945851499 : Checking image 2 crop x1 166
1620826263945989205 : Checking image 2 crop y1 218
1620826263946067608 : Checking image 2 crop x2 2244
1620826263946132010 : Checking image 2 crop y2 3349
1620826263946331318 : Checking image 1 dpi 300
1620826263946453323 : Checking image 1 border top 6
1620826263946492524 : Checking image 1 border bottom 6
1620826263946525826 : Checking image 1 border left 31
1620826263946558727 : Checking image 1 border right 31
1620826263954772246 : Checking image 2 dpi 300
1620826263954923852 : Checking image 2 border top 209
1620826263954965954 : Checking image 2 border bottom 147
1620826263955073058 : Checking image 2 border left 191
1620826263955112759 : Checking image 2 border right 191

</system-out><system-err>--------------------------------- Captured Err ---------------------------------

</system-err></testcase><testcase classname="tests.test_images" name="test_crop_too_much_2_png" time="25.874"><system-out>--------------------------------- Captured Log ---------------------------------

--------------------------------- Captured Out ---------------------------------
/home/runner/work/diptych/diptych/tests/crop_too_much_2.png
1620826263017629614 : Checking separation double page angle 90.15285326123045
1620826263017768120 : Checking separation double page y=0 2477
1620826264657592769 : Checking page rotation 1 0.15000000000000002
1620826266679592769 : Checking page rotation 2 0.2
1620826269984107697 : Checking image 1 crop x1 330
1620826269984237902 : Checking image 1 crop y1 132
1620826269984280904 : Checking image 1 crop x2 2342
1620826269984319505 : Checking image 1 crop y2 3335
1620826274031984544 : Checking image 2 crop x1 165
1620826274032091948 : Checking image 2 crop y1 139
1620826274032144150 : Checking image 2 crop x2 2178
1620826274032180251 : Checking image 2 crop y2 3345
1620826274032337557 : Checking image 1 dpi 300
1620826274032406860 : Checking image 1 border top 121
1620826274032441661 : Checking image 1 border bottom 163
1620826274032474463 : Checking image 1 border left 224
1620826274032509264 : Checking image 1 border right 224
1620826274035484679 : Checking image 2 dpi 300
1620826274035550581 : Checking image 2 border top 129
1620826274035583382 : Checking image 2 border bottom 152
1620826274035613283 : Checking image 2 border left 223
1620826274035642785 : Checking image 2 border right 223

</system-out><system-err>--------------------------------- Captured Err ---------------------------------

</system-err></testcase><testcase classname="tests.test_images" name="test_angle_page_lower_split_line_png" time="26.558"><system-out>--------------------------------- Captured Log ---------------------------------

--------------------------------- Captured Out ---------------------------------
/home/runner/work/diptych/diptych/tests/angle_page_lower_split_line.png
1620826282694873418 : Checking separation double page angle 89.74412725181848
1620826282695009923 : Checking separation double page y=0 2472
1620826284340593011 : Checking page rotation 1 -0.14999999999999067
1620826285880819401 : Checking page rotation 2 0.1
1620826287589275734 : Checking image 1 crop x1 241
1620826287589410139 : Checking image 1 crop y1 156
1620826287589457741 : Checking image 1 crop x2 2357
1620826287589503842 : Checking image 1 crop y2 3368
1620826291271869658 : Checking image 2 crop x1 151
1620826291271994763 : Checking image 2 crop y1 146
1620826291272038865 : Checking image 2 crop x2 2261
1620826291272082466 : Checking image 2 crop y2 3351
1620826291272760692 : Checking image 1 dpi 300
1620826291272947200 : Checking image 1 border top 140
1620826291273018102 : Checking image 1 border bottom 135
1620826291273058504 : Checking image 1 border left 172
1620826291273097405 : Checking image 1 border right 172
1620826291275674905 : Checking image 2 dpi 300
1620826291275744607 : Checking image 2 border top 131
1620826291275780809 : Checking image 2 border bottom 151
1620826291275815010 : Checking image 2 border left 175
1620826291275848611 : Checking image 2 border right 175

</system-out><system-err>--------------------------------- Captured Err ---------------------------------

</system-err></testcase><testcase classname="tests.test_images" name="test_wrong_split_line_2_png" time="36.346"><system-out>--------------------------------- Captured Log ---------------------------------

--------------------------------- Captured Out ---------------------------------
/home/runner/work/diptych/diptych/tests/wrong_split_line_2.png
1620826290821447997 : Checking separation double page angle 90.23635161124103
1620826290821616604 : Checking separation double page y=0 2437
1620826292807825259 : Checking page rotation 1 0.2
1620826294942847549 : Checking page rotation 2 0.2
1620826301867797859 : Checking image 1 crop x1 294
1620826301867938564 : Checking image 1 crop y1 136
1620826301867982966 : Checking image 1 crop x2 2325
1620826301868027567 : Checking image 1 crop y2 3376
1620826310380580927 : Checking image 2 crop x1 138
1620826310380725633 : Checking image 2 crop y1 190
1620826310380777535 : Checking image 2 crop x2 2174
1620826310380824137 : Checking image 2 crop y2 3389
1620826310381001243 : Checking image 1 dpi 300
1620826310381172550 : Checking image 1 border top 131
1620826310381350957 : Checking image 1 border bottom 116
1620826310381472562 : Checking image 1 border left 214
1620826310381644068 : Checking image 1 border right 214
1620826310385754627 : Checking image 2 dpi 300
1620826310385874431 : Checking image 2 border top 181
1620826310385918033 : Checking image 2 border bottom 107
1620826310385956134 : Checking image 2 border left 212
1620826310385994136 : Checking image 2 border right 212

</system-out><system-err>--------------------------------- Captured Err ---------------------------------

</system-err></testcase><testcase classname="tests.test_images" name="test_wrong_wave_split_line_png" time="34.749"><system-out>--------------------------------- Captured Log ---------------------------------

--------------------------------- Captured Out ---------------------------------
/home/runner/work/diptych/diptych/tests/wrong_wave_split_line.png
1620826309579164648 : Checking separation double page angle 90.42461655762611
1620826309579313054 : Checking separation double page y=0 2502
1620826311203002816 : Checking page rotation 1 -0.09999999999999377
1620826312931268107 : Checking page rotation 2 0.85
1620826319293520784 : Checking image 1 crop x1 384
1620826319293678990 : Checking image 1 crop y1 178
1620826319293739992 : Checking image 1 crop x2 2412
1620826319293786994 : Checking image 1 crop y2 3374
1620826326001502068 : Checking image 2 crop x1 7
1620826326001685375 : Checking image 2 crop y1 0
1620826326001747078 : Checking image 2 crop x2 2411
1620826326001793979 : Checking image 2 crop y2 3505
1620826326001969086 : Checking image 1 dpi 300
1620826326002055590 : Checking image 1 border top 173
1620826326002100991 : Checking image 1 border bottom 118
1620826326002140293 : Checking image 1 border left 216
1620826326002178694 : Checking image 1 border right 216
1620826326004950502 : Checking image 2 dpi 300
1620826326005034105 : Checking image 2 border top 1
1620826326005075606 : Checking image 2 border bottom 1
1620826326005113208 : Checking image 2 border left 38
1620826326005150709 : Checking image 2 border right 38

</system-out><system-err>--------------------------------- Captured Err ---------------------------------

</system-err></testcase><testcase classname="tests.test_images" name="test_small_wave_png" time="25.666"><system-out>--------------------------------- Captured Log ---------------------------------

--------------------------------- Captured Out ---------------------------------
/home/runner/work/diptych/diptych/tests/small_wave.png
1620826328734871225 : Checking separation double page angle 90.56494929955075
1620826328735019031 : Checking separation double page y=0 2495
1620826330545333165 : Checking page rotation 1 0.7
1620826331970976865 : Checking page rotation 2 0.65
1620826333646119974 : Checking image 1 crop x1 322
1620826333646256079 : Checking image 1 crop y1 199
1620826333646302981 : Checking image 1 crop x2 2351
1620826333646345682 : Checking image 1 crop y2 3394
1620826336053483579 : Checking image 2 crop x1 130
1620826336053644086 : Checking image 2 crop y1 222
1620826336053692788 : Checking image 2 crop x2 2163
1620826336053736789 : Checking image 2 crop y2 3420
1620826336053913496 : Checking image 1 dpi 300
1620826336053995299 : Checking image 1 border top 181
1620826336054037001 : Checking image 1 border bottom 111
1620826336054076002 : Checking image 1 border left 215
1620826336054117504 : Checking image 1 border right 215
1620826336057711442 : Checking image 2 dpi 300
1620826336057804046 : Checking image 2 border top 197
1620826336057844547 : Checking image 2 border bottom 92
1620826336057881549 : Checking image 2 border left 213
1620826336057917650 : Checking image 2 border right 213

</system-out><system-err>--------------------------------- Captured Err ---------------------------------

</system-err></testcase><testcase classname="tests.test_images" name="test_no_split_line_line_algo_png" time="22.273"><system-out>--------------------------------- Captured Log ---------------------------------

--------------------------------- Captured Out ---------------------------------
/home/runner/work/diptych/diptych/tests/no_split_line_line_algo.png
1620826338955638542 : Checking separation double page angle 89.47691469185418
1620826338955767947 : Checking separation double page y=0 2476
1620826340153848388 : Checking page rotation 1 -0.14999999999999067
1620826341668137006 : Checking page rotation 2 -0.14999999999999067
1620826343636070695 : Checking image 1 crop x1 205
1620826343636203100 : Checking image 1 crop y1 158
1620826343636249902 : Checking image 1 crop x2 2320
1620826343636296404 : Checking image 1 crop y2 3366
1620826348298782486 : Checking image 2 crop x1 185
1620826348298916791 : Checking image 2 crop y1 225
1620826348298964393 : Checking image 2 crop x2 2204
1620826348299009795 : Checking image 2 crop y2 3362
1620826348299275205 : Checking image 1 dpi 300
1620826348299380509 : Checking image 1 border top 144
1620826348299426511 : Checking image 1 border bottom 134
1620826348299464912 : Checking image 1 border left 172
1620826348299502314 : Checking image 1 border right 172
1620826348302098114 : Checking image 2 dpi 300
1620826348302179517 : Checking image 2 border top 223
1620826348302219418 : Checking image 2 border bottom 127
1620826348302255920 : Checking image 2 border left 220
1620826348302291821 : Checking image 2 border right 220

</system-out><system-err>--------------------------------- Captured Err ---------------------------------

</system-err></testcase><testcase classname="tests.test_images" name="test_wrong_split_line_3_png" time="25.975"><system-out>--------------------------------- Captured Log ---------------------------------

--------------------------------- Captured Out ---------------------------------
/home/runner/work/diptych/diptych/tests/wrong_split_line_3.png
1620826350323059176 : Checking separation double page angle 90.40515247895009
1620826350323200982 : Checking separation double page y=0 2495
1620826351688880730 : Checking page rotation 1 0.2
1620826352844517797 : Checking page rotation 2 0.85
1620826355098278476 : Checking image 1 crop x1 331
1620826355098413281 : Checking image 1 crop y1 166
1620826355098455182 : Checking image 1 crop x2 2377
1620826355098496584 : Checking image 1 crop y2 3375
1620826362057624106 : Checking image 2 crop x1 103
1620826362057731110 : Checking image 2 crop y1 207
1620826362057769711 : Checking image 2 crop x2 2136
1620826362057805913 : Checking image 2 crop y2 3414
1620826362057994220 : Checking image 1 dpi 300
1620826362058071523 : Checking image 1 border top 158
1620826362058108624 : Checking image 1 border bottom 120
1620826362058143026 : Checking image 1 border left 207
1620826362058178627 : Checking image 1 border right 207
1620826362061285847 : Checking image 2 dpi 300
1620826362061362050 : Checking image 2 border top 199
1620826362061398551 : Checking image 2 border bottom 81
1620826362061431052 : Checking image 2 border left 213
1620826362061463153 : Checking image 2 border right 213

</system-out><system-err>--------------------------------- Captured Err ---------------------------------

</system-err></testcase><testcase classname="tests.test_images" name="test_failed_split_line_line_algo_png" time="16.058"><system-out>--------------------------------- Captured Log ---------------------------------

--------------------------------- Captured Out ---------------------------------
/home/runner/work/diptych/diptych/tests/failed_split_line_line_algo.png
1620826358508653774 : Checking separation double page angle 90.0093502548779
1620826358508795880 : Checking separation double page y=0 2574
1620826359390830886 : Checking page rotation 1 0.0
1620826360051380779 : Checking page rotation 2 0.0
1620826362619470539 : Checking image 1 crop x1 411
1620826362619598044 : Checking image 1 crop y1 2927
1620826362619644246 : Checking image 1 crop x2 2422
1620826362619685248 : Checking image 1 crop y2 3172
1620826364388407752 : Checking image 2 crop x1 1191
1620826364388519457 : Checking image 2 crop y1 1745
1620826364388559858 : Checking image 2 crop x2 1192
1620826364388596860 : Checking image 2 crop y2 1746
1620826364388761766 : Checking image 1 dpi 300
1620826364388853669 : Checking image 1 border top 2920
1620826364388899571 : Checking image 1 border bottom 322
1620826364388939273 : Checking image 1 border left 224
1620826364388978074 : Checking image 1 border right 224
1620826364391020153 : Checking image 2 dpi 300
1620826364391082455 : Checking image 2 border top 1752
1620826364391119157 : Checking image 2 border bottom 1753
1620826364391154158 : Checking image 2 border left 1239
1620826364391190859 : Checking image 2 border right 1239

</system-out><system-err>--------------------------------- Captured Err ---------------------------------

</system-err></testcase><testcase classname="tests.test_images" name="test_crop_too_much_3_png" time="22.733"><system-out>--------------------------------- Captured Log ---------------------------------

--------------------------------- Captured Out ---------------------------------
/home/runner/work/diptych/diptych/tests/crop_too_much_3.png
1620826374866325755 : Checking separation double page angle 89.5934556679346
1620826374866464761 : Checking separation double page y=0 2499
1620826376081648089 : Checking page rotation 1 -0.8999999999999949
1620826377814813736 : Checking page rotation 2 -0.04999999999999689
1620826381297318534 : Checking image 1 crop x1 374
1620826381297679448 : Checking image 1 crop y1 258
1620826381297813853 : Checking image 1 crop x2 2385
1620826381297934658 : Checking image 1 crop y2 3459
1620826384745263507 : Checking image 2 crop x1 164
1620826384745398112 : Checking image 2 crop y1 229
1620826384745445414 : Checking image 2 crop x2 2183
1620826384745490215 : Checking image 2 crop y2 3416
1620826384745703724 : Checking image 1 dpi 300
1620826384745788327 : Checking image 1 border top 239
1620826384745830329 : Checking image 1 border bottom 46
1620826384745869230 : Checking image 1 border left 224
1620826384745908932 : Checking image 1 border right 224
1620826384753705632 : Checking image 2 dpi 300
1620826384753853937 : Checking image 2 border top 210
1620826384753899339 : Checking image 2 border bottom 90
1620826384753937840 : Checking image 2 border left 220
1620826384753975742 : Checking image 2 border right 220

</system-out><system-err>--------------------------------- Captured Err ---------------------------------

</system-err></testcase><testcase classname="tests.test_images" name="test_failed_split_line_line_algo_2_png" time="24.496"><system-out>--------------------------------- Captured Log ---------------------------------

--------------------------------- Captured Out ---------------------------------
/home/runner/work/diptych/diptych/tests/failed_split_line_line_algo_2.png
1620826378670317050 : Checking separation double page angle 90.03732329462368
1620826378670461856 : Checking separation double page y=0 2499
1620826380812595583 : Checking page rotation 1 -0.09999999999999377
1620826382553069254 : Checking page rotation 2 0.5499999999999999
1620826385994392072 : Checking image 1 crop x1 273
1620826385994531377 : Checking image 1 crop y1 147
1620826385994578479 : Checking image 1 crop x2 2386
1620826385994621780 : Checking image 1 crop y2 3352
1620826388851725975 : Checking image 2 crop x1 122
1620826388851894581 : Checking image 2 crop y1 155
1620826388851943883 : Checking image 2 crop x2 2246
1620826388851991285 : Checking image 2 crop y2 3350
1620826388852195693 : Checking image 1 dpi 300
1620826388852286396 : Checking image 1 border top 137
1620826388852331498 : Checking image 1 border bottom 145
1620826388852369499 : Checking image 1 border left 173
1620826388852407001 : Checking image 1 border right 173
1620826388855286912 : Checking image 2 dpi 300
1620826388855363115 : Checking image 2 border top 133
1620826388855400516 : Checking image 2 border bottom 159
1620826388855435117 : Checking image 2 border left 168
1620826388855468719 : Checking image 2 border right 168

</system-out><system-err>--------------------------------- Captured Err ---------------------------------

</system-err></testcase><testcase classname="tests.test_images" name="test_wrong_wave_split_line_2_png" time="28.056"><system-out>--------------------------------- Captured Log ---------------------------------

--------------------------------- Captured Out ---------------------------------
/home/runner/work/diptych/diptych/tests/wrong_wave_split_line_2.png
1620826403744319328 : Checking separation double page angle 90.7708958311329
1620826403744455133 : Checking separation double page y=0 2490
1620826405107720021 : Checking page rotation 1 0.2
1620826406571328973 : Checking page rotation 2 1.65
1620826408438141548 : Checking image 1 crop x1 227
1620826408438274154 : Checking image 1 crop y1 147
1620826408438319055 : Checking image 1 crop x2 2342
1620826408438361557 : Checking image 1 crop y2 3353
1620826412844259665 : Checking image 2 crop x1 106
1620826412844401871 : Checking image 2 crop y1 195
1620826412844449972 : Checking image 2 crop x2 2231
1620826412844495674 : Checking image 2 crop y2 3398
1620826412844680481 : Checking image 1 dpi 300
1620826412844762784 : Checking image 1 border top 136
1620826412844804986 : Checking image 1 border bottom 145
1620826412844844188 : Checking image 1 border left 172
1620826412844883889 : Checking image 1 border right 172
1620826412847994009 : Checking image 2 dpi 300
1620826412848078912 : Checking image 2 border top 166
1620826412848120214 : Checking image 2 border bottom 117
1620826412848157215 : Checking image 2 border left 167
1620826412848194916 : Checking image 2 border right 167

</system-out><system-err>--------------------------------- Captured Err ---------------------------------

</system-err></testcase><testcase classname="tests.test_images" name="test_wrong_wave_split_line_3_png" time="25.687"><system-out>--------------------------------- Captured Log ---------------------------------

--------------------------------- Captured Out ---------------------------------
/home/runner/work/diptych/diptych/tests/wrong_wave_split_line_3.png
1620826406907927932 : Checking separation double page angle 90.12715931778824
1620826406908081038 : Checking separation double page y=0 2514
1620826408794821781 : Checking page rotation 1 0.05
1620826410270864301 : Checking page rotation 2 0.2
1620826412525195995 : Checking image 1 crop x1 273
1620826412525322400 : Checking image 1 crop y1 220
1620826412525386202 : Checking image 1 crop x2 2383
1620826412525428804 : Checking image 1 crop y2 3423
1620826414556073095 : Checking image 2 crop x1 116
1620826414556194200 : Checking image 2 crop y1 225
1620826414556237802 : Checking image 2 crop x2 2242
1620826414556280803 : Checking image 2 crop y2 3415
1620826414556464710 : Checking image 1 dpi 300
1620826414556543813 : Checking image 1 border top 202
1620826414556585015 : Checking image 1 border bottom 82
1620826414556621516 : Checking image 1 border left 175
1620826414556656918 : Checking image 1 border right 175
1620826414559277219 : Checking image 2 dpi 300
1620826414559344621 : Checking image 2 border top 204
1620826414559381523 : Checking image 2 border bottom 93
1620826414559415324 : Checking image 2 border left 167
1620826414559448625 : Checking image 2 border right 167

</system-out><system-err>--------------------------------- Captured Err ---------------------------------

</system-err></testcase><testcase classname="tests.test_images" name="test_no_split_line_wave_algo_png" time="36.973"><system-out>--------------------------------- Captured Log ---------------------------------

--------------------------------- Captured Out ---------------------------------
/home/runner/work/diptych/diptych/tests/no_split_line_wave_algo.png
1620826427200839884 : Checking separation double page angle 89.79018091440821
1620826427200969389 : Checking separation double page y=0 2483
1620826430440745290 : Checking page rotation 1 0.0
1620826431950243345 : Checking page rotation 2 -0.44999999999999746
1620826442865726932 : Checking image 1 crop x1 97
1620826442865831736 : Checking image 1 crop y1 74
1620826442865868138 : Checking image 1 crop x2 2489
1620826442865902039 : Checking image 1 crop y2 3505
1620826449775275048 : Checking image 2 crop x1 164
1620826449775408853 : Checking image 2 crop y1 267
1620826449775458055 : Checking image 2 crop x2 2239
1620826449775501057 : Checking image 2 crop y2 3380
1620826449775676663 : Checking image 1 dpi 300
1620826449776283787 : Checking image 1 border top 38
1620826449776328689 : Checking image 1 border bottom 38
1620826449776412992 : Checking image 1 border left 44
1620826449776456593 : Checking image 1 border right 44
1620826449779257501 : Checking image 2 dpi 300
1620826449779341204 : Checking image 2 border top 257
1620826449779383006 : Checking image 2 border bottom 117
1620826449779423707 : Checking image 2 border left 192
1620826449779461209 : Checking image 2 border right 192

</system-out><system-err>--------------------------------- Captured Err ---------------------------------

</system-err></testcase><testcase classname="tests.test_images" name="test_no_split_line_wave_algo_2_png" time="21.531"><system-out>--------------------------------- Captured Log ---------------------------------

--------------------------------- Captured Out ---------------------------------
/home/runner/work/diptych/diptych/tests/no_split_line_wave_algo_2.png
1620826428908463059 : Checking separation double page angle 90.43362571535843
1620826428908599164 : Checking separation double page y=0 2473
1620826430208204246 : Checking page rotation 1 1.05
1620826431533558719 : Checking page rotation 2 0.15000000000000002
1620826433975698043 : Checking image 1 crop x1 267
1620826433975834749 : Checking image 1 crop y1 210
1620826433975882051 : Checking image 1 crop x2 2343
1620826433975927452 : Checking image 1 crop y2 3412
1620826436068951276 : Checking image 2 crop x1 165
1620826436069146084 : Checking image 2 crop y1 241
1620826436069195386 : Checking image 2 crop x2 2250
1620826436069241888 : Checking image 2 crop y2 3433
1620826436077721813 : Checking image 1 dpi 300
1620826436077833318 : Checking image 1 border top 192
1620826436077879719 : Checking image 1 border bottom 93
1620826436077918421 : Checking image 1 border left 192
1620826436077955922 : Checking image 1 border right 192
1620826436081208647 : Checking image 2 dpi 300
1620826436081290651 : Checking image 2 border top 224
1620826436081330652 : Checking image 2 border bottom 71
1620826436081366953 : Checking image 2 border left 187
1620826436081403355 : Checking image 2 border right 187

</system-out><system-err>--------------------------------- Captured Err ---------------------------------

</system-err></testcase><testcase classname="tests.test_images" name="test_failed_detect_rectangle_png" time="21.772"><system-out>--------------------------------- Captured Log ---------------------------------

--------------------------------- Captured Out ---------------------------------
/home/runner/work/diptych/diptych/tests/failed_detect_rectangle.png
1620826451185882139 : Checking separation double page angle 90.242273842964
1620826451186022345 : Checking separation double page y=0 2475
1620826453103658609 : Checking page rotation 1 0.2
1620826454895909356 : Checking page rotation 2 0.2
1620826456330571467 : Checking image 1 crop x1 257
1620826456330721373 : Checking image 1 crop y1 201
1620826456330770075 : Checking image 1 crop x2 2333
1620826456330814977 : Checking image 1 crop y2 3402
1620826457854737116 : Checking image 2 crop x1 137
1620826457854869121 : Checking image 2 crop y1 215
1620826457854916523 : Checking image 2 crop x2 2220
1620826457854963025 : Checking image 2 crop y2 3406
1620826457855162233 : Checking image 1 dpi 300
1620826457855253536 : Checking image 1 border top 188
1620826457855300638 : Checking image 1 border bottom 98
1620826457855341340 : Checking image 1 border left 192
1620826457855380441 : Checking image 1 border right 192
1620826457858467260 : Checking image 2 dpi 300
1620826457858561363 : Checking image 2 border top 201
1620826457858609665 : Checking image 2 border bottom 95
1620826457858648867 : Checking image 2 border left 188
1620826457858687268 : Checking image 2 border right 188

</system-out><system-err>--------------------------------- Captured Err ---------------------------------

</system-err></testcase><testcase classname="tests.test_images" name="test_crop_too_few_2_png" time="21.697"><system-out>--------------------------------- Captured Log ---------------------------------

--------------------------------- Captured Out ---------------------------------
/home/runner/work/diptych/diptych/tests/crop_too_few_2.png
1620826463633413507 : Checking separation double page angle 90.35461351371423
1620826463633537111 : Checking separation double page y=0 2533
1620826464842249145 : Checking page rotation 1 1.0999999999999999
1620826466036790534 : Checking page rotation 2 0.0
1620826468835402045 : Checking image 1 crop x1 289
1620826468835529350 : Checking image 1 crop y1 165
1620826468835569152 : Checking image 1 crop x2 2400
1620826468835607853 : Checking image 1 crop y2 3367
1620826471557227007 : Checking image 2 crop x1 152
1620826471557348312 : Checking image 2 crop y1 190
1620826471557389914 : Checking image 2 crop x2 2273
1620826471557429715 : Checking image 2 crop y2 3385
1620826471557610522 : Checking image 1 dpi 300
1620826471557687025 : Checking image 1 border top 157
1620826471557723726 : Checking image 1 border bottom 128
1620826471557758628 : Checking image 1 border left 174
1620826471557793629 : Checking image 1 border right 174
1620826471559778905 : Checking image 2 dpi 300
1620826471559842008 : Checking image 2 border top 175
1620826471559877009 : Checking image 2 border bottom 116
1620826471559908710 : Checking image 2 border left 169
1620826471559940712 : Checking image 2 border right 169

</system-out><system-err>--------------------------------- Captured Err ---------------------------------

</system-err></testcase><testcase classname="tests.test_images" name="test_single_page_png" time="6.107"><system-out>--------------------------------- Captured Log ---------------------------------

--------------------------------- Captured Out ---------------------------------
/home/runner/work/diptych/diptych/tests/single_page.png
1620826460876782609 : Checking separation double page angle 89.93006318861008
1620826460876937515 : Checking separation double page y=0 2472
1620826461772031401 : Checking page rotation 1 0.0
1620826461897239411 : Checking page rotation 2 0.0
1620826463492464792 : Checking image 1 crop x1 1
1620826463492587797 : Checking image 1 crop y1 8
1620826463492633399 : Checking image 1 crop x2 2470
1620826463492672800 : Checking image 1 crop y2 3505
1620826463640323372 : Checking image 2 crop x1 0
1620826463640420076 : Checking image 2 crop y1 0
1620826463640453077 : Checking image 2 crop x2 0
1620826463640485078 : Checking image 2 crop y2 0
1620826463640550781 : Checking image 1 dpi 300
1620826463640619583 : Checking image 1 border top 5
1620826463640655385 : Checking image 1 border bottom 5
1620826463640687986 : Checking image 1 border left 6
1620826463640720387 : Checking image 1 border right 6
1620826463648221376 : Checking image 2 border top 0
1620826463648327780 : Checking image 2 border bottom 0
1620826463648363581 : Checking image 2 border left 0
1620826463648398482 : Checking image 2 border right 0

</system-out><system-err>--------------------------------- Captured Err ---------------------------------

</system-err></testcase><testcase classname="tests.test_images" name="test_wrong_split_line_4_png" time="12.454"><system-out>--------------------------------- Captured Log ---------------------------------

--------------------------------- Captured Out ---------------------------------
/home/runner/work/diptych/diptych/tests/wrong_split_line_4.png
1620826471941927286 : Checking separation double page angle 90.92587744884125
1620826471942060291 : Checking separation double page y=0 58
1620826472060302033 : Checking page rotation 1 0.5499999999999999
1620826473379593816 : Checking page rotation 2 1.0999999999999999
1620826474221973972 : Checking image 1 crop x1 0
1620826474222675298 : Checking image 1 crop y1 0
1620826474222754402 : Checking image 1 crop x2 0
1620826474222792003 : Checking image 1 crop y2 0
1620826476477963009 : Checking image 2 crop x1 290
1620826476478093014 : Checking image 2 crop y1 330
1620826476478138516 : Checking image 2 crop x2 2314
1620826476478183318 : Checking image 2 crop y2 3217
1620826476478361025 : Checking image 1 border top 0
1620826476478408526 : Checking image 1 border bottom 0
1620826476478447428 : Checking image 1 border left 0
1620826476478484429 : Checking image 1 border right 0
1620826476478553832 : Checking image 2 dpi 300
1620826476478627235 : Checking image 2 border top 322
1620826476478665736 : Checking image 2 border bottom 278
1620826476478700638 : Checking image 2 border left 218
1620826476478748539 : Checking image 2 border right 218

</system-out><system-err>--------------------------------- Captured Err ---------------------------------

</system-err></testcase><testcase classname="tests.test_images" name="test_no_split_line_wave_algo_3_png" time="10.889"><system-out>--------------------------------- Captured Log ---------------------------------

--------------------------------- Captured Out ---------------------------------
/home/runner/work/diptych/diptych/tests/no_split_line_wave_algo_3.png
1620826478826891912 : Checking separation double page angle 90.18184445198425
1620826478827032518 : Checking separation double page y=0 2405
1620826479716761647 : Checking page rotation 1 0.0
1620826479894556467 : Checking page rotation 2 0.0
1620826481886286668 : Checking image 1 crop x1 184
1620826481886399272 : Checking image 1 crop y1 2957
1620826481886442074 : Checking image 1 crop x2 2201
1620826481886479675 : Checking image 1 crop y2 3202
1620826482413439104 : Checking image 2 crop x1 0
1620826482413544308 : Checking image 2 crop y1 0
1620826482413605111 : Checking image 2 crop x2 0
1620826482413641612 : Checking image 2 crop y2 0
1620826482413721315 : Checking image 1 dpi 300
1620826482413794818 : Checking image 1 border top 2950
1620826482413835419 : Checking image 1 border bottom 292
1620826482413874021 : Checking image 1 border left 221
1620826482413913522 : Checking image 1 border right 221
1620826482421478813 : Checking image 2 border top 0
1620826482421604818 : Checking image 2 border bottom 0
1620826482421648420 : Checking image 2 border left 0
1620826482421686621 : Checking image 2 border right 0

</system-out><system-err>--------------------------------- Captured Err ---------------------------------

</system-err></testcase><testcase classname="tests.test_images" name="test_failed_split_line_line_algo_3_png" time="14.212"><system-out>--------------------------------- Captured Log ---------------------------------

--------------------------------- Captured Out ---------------------------------
/home/runner/work/diptych/diptych/tests/failed_split_line_line_algo_3.png
1620826484261142784 : Checking separation double page angle 90.02403976140027
1620826484261273889 : Checking separation double page y=0 39
1620826484335602344 : Checking page rotation 1 0.0
1620826485444890158 : Checking page rotation 2 0.0
1620826485819536650 : Checking image 1 crop x1 0
1620826485819658754 : Checking image 1 crop y1 0
1620826485819698656 : Checking image 1 crop x2 0
1620826485819758758 : Checking image 1 crop y2 0
1620826490707639717 : Checking image 2 crop x1 249
1620826490707759921 : Checking image 2 crop y1 154
1620826490707805323 : Checking image 2 crop x2 2264
1620826490707849425 : Checking image 2 crop y2 3361
1620826490708040832 : Checking image 1 border top 0
1620826490708091134 : Checking image 1 border bottom 0
1620826490708134336 : Checking image 1 border left 0
1620826490708176037 : Checking image 1 border right 0
1620826490708238140 : Checking image 2 dpi 300
1620826490708318443 : Checking image 2 border top 146
1620826490708361044 : Checking image 2 border bottom 134
1620826490708400246 : Checking image 2 border left 222
1620826490708438547 : Checking image 2 border right 222

</system-out><system-err>--------------------------------- Captured Err ---------------------------------

</system-err></testcase></testsuite></testsuites>