<?xml version="1.0" encoding="utf-8"?><testsuites><testsuite errors="0" failures="0" hostname="travis-job-f3c3774f-7d50-4f91-a1a3-be658f56da94" name="pytest" skipped="1" tests="12" time="617.672" timestamp="2020-10-28T12:50:43.904918"><testcase classname="tests.test_features" name="test_disabled_enable_debug" time="63.670"><system-out>--------------------------------- Captured Log ---------------------------------

--------------------------------- Captured Out ---------------------------------
/home/travis/build/bansan85/ocr-book/tests/0001_debug.png
separation double page angle 90.62846302565308
separation double page y=0 2489
page rotation 1 0.7000000000000001
page rotation 2 0.2
image 1 crop x1 332
image 1 crop y1 336
image 1 crop x2 2343
image 1 crop y2 3223
image 2 crop x1 171
image 2 crop y1 649
image 2 crop x2 2185
image 2 crop y2 3360
image 1 dpi 300
image 1 border top 325
image 1 border bottom 275
image 1 border left 224
image 1 border right 224
image 2 dpi 300
image 2 border top 672
image 2 border bottom 104
image 2 border left 223
image 2 border right 223

</system-out><system-err>--------------------------------- Captured Err ---------------------------------

</system-err></testcase><testcase classname="tests.test_features" name="test_mock_stop_at_0" time="0.035"><system-out>--------------------------------- Captured Log ---------------------------------

--------------------------------- Captured Out ---------------------------------
/home/travis/build/bansan85/ocr-book/tests/0001_0.png

</system-out><system-err>--------------------------------- Captured Err ---------------------------------

</system-err></testcase><testcase classname="tests.test_features" name="test_mock_stop_at_1" time="37.427"><system-out>--------------------------------- Captured Log ---------------------------------

--------------------------------- Captured Out ---------------------------------
/home/travis/build/bansan85/ocr-book/tests/0001_1.png
separation double page angle 90.62846302565308
separation double page y=0 2489

</system-out><system-err>--------------------------------- Captured Err ---------------------------------

</system-err></testcase><testcase classname="tests.test_features" name="test_mock_stop_at_2" time="66.243"><system-out>--------------------------------- Captured Log ---------------------------------

--------------------------------- Captured Out ---------------------------------
/home/travis/build/bansan85/ocr-book/tests/0001_2.png
separation double page angle 90.62846302565308
separation double page y=0 2489
page rotation 1 0.7000000000000001
page rotation 2 0.2

</system-out><system-err>--------------------------------- Captured Err ---------------------------------

</system-err></testcase><testcase classname="tests.test_features" name="test_mock_stop_at_3" time="66.860"><system-out>--------------------------------- Captured Log ---------------------------------

--------------------------------- Captured Out ---------------------------------
/home/travis/build/bansan85/ocr-book/tests/0001_3.png
separation double page angle 90.62846302565308
separation double page y=0 2489
page rotation 1 0.7000000000000001
page rotation 2 0.2
image 1 crop x1 332
image 1 crop y1 336
image 1 crop x2 2343
image 1 crop y2 3223
image 2 crop x1 171
image 2 crop y1 649
image 2 crop x2 2185
image 2 crop y2 3360

</system-out><system-err>--------------------------------- Captured Err ---------------------------------

</system-err></testcase><testcase classname="tests.test_features" name="test_mock_stop_at_4" time="64.391"><system-out>--------------------------------- Captured Log ---------------------------------

--------------------------------- Captured Out ---------------------------------
/home/travis/build/bansan85/ocr-book/tests/0001_4.png
separation double page angle 90.62846302565308
separation double page y=0 2489
page rotation 1 0.7000000000000001
page rotation 2 0.2
image 1 crop x1 332
image 1 crop y1 336
image 1 crop x2 2343
image 1 crop y2 3223
image 2 crop x1 171
image 2 crop y1 649
image 2 crop x2 2185
image 2 crop y2 3360
image 1 dpi 300
image 1 border top 325
image 1 border bottom 275
image 1 border left 224
image 1 border right 224
image 2 dpi 300
image 2 border top 672
image 2 border bottom 104
image 2 border left 223
image 2 border right 223

</system-out><system-err>--------------------------------- Captured Err ---------------------------------

</system-err></testcase><testcase classname="tests.test_features" name="test_mock_stop_at_5" time="65.626"><system-out>--------------------------------- Captured Log ---------------------------------

--------------------------------- Captured Out ---------------------------------
/home/travis/build/bansan85/ocr-book/tests/0001_5.png
separation double page angle 90.62846302565308
separation double page y=0 2489
page rotation 1 0.7000000000000001
page rotation 2 0.2
image 1 crop x1 332
image 1 crop y1 336
image 1 crop x2 2343
image 1 crop y2 3223
image 2 crop x1 171
image 2 crop y1 649
image 2 crop x2 2185
image 2 crop y2 3360
image 1 dpi 300
image 1 border top 325
image 1 border bottom 275
image 1 border left 224
image 1 border right 224
image 2 dpi 300
image 2 border top 672
image 2 border bottom 104
image 2 border left 223
image 2 border right 223

</system-out><system-err>--------------------------------- Captured Err ---------------------------------

</system-err></testcase><testcase classname="tests.test_images" name="test_0001_png" time="63.330"><system-out>--------------------------------- Captured Log ---------------------------------

--------------------------------- Captured Out ---------------------------------
/home/travis/build/bansan85/ocr-book/tests/0001.png
1603889843033940482 : Checking separation double page angle 90.62846302565308
1603889843034036304 : Checking separation double page y=0 2489
1603889855310738753 : Checking page rotation 1 0.7000000000000001
1603889869995661193 : Checking page rotation 2 0.2
1603889870899560750 : Checking image 1 crop x1 332
1603889870899645273 : Checking image 1 crop y1 336
1603889870899677713 : Checking image 1 crop x2 2343
1603889870899708169 : Checking image 1 crop y2 3223
1603889871738134236 : Checking image 2 crop x1 171
1603889871738220206 : Checking image 2 crop y1 649
1603889871738253313 : Checking image 2 crop x2 2185
1603889871738294327 : Checking image 2 crop y2 3360
1603889871765621551 : Checking image 1 dpi 300
1603889871765750875 : Checking image 1 border top 325
1603889871765779045 : Checking image 1 border bottom 275
1603889871765804070 : Checking image 1 border left 224
1603889871765828660 : Checking image 1 border right 224
1603889871767480997 : Checking image 2 dpi 300
1603889871767577915 : Checking image 2 border top 672
1603889871767605140 : Checking image 2 border bottom 104
1603889871767629497 : Checking image 2 border left 223
1603889871767654048 : Checking image 2 border right 223

</system-out><system-err>--------------------------------- Captured Err ---------------------------------

</system-err></testcase><testcase classname="tests.test_images" name="test_2_pages_2_contours_png" time="35.575"><system-out>--------------------------------- Captured Log ---------------------------------

--------------------------------- Captured Out ---------------------------------
/home/travis/build/bansan85/ocr-book/tests/2-pages-2-contours.png
1603889893166572416 : Checking separation double page angle 90.08740368421233
1603889893166659000 : Checking separation double page y=0 2489
1603889895186519163 : Checking page rotation 1 0.0
1603889905915623761 : Checking page rotation 2 0.4
1603889906584336604 : Checking image 1 crop x1 1185
1603889906584397557 : Checking image 1 crop y1 1719
1603889906584423043 : Checking image 1 crop x2 1186
1603889906584447344 : Checking image 1 crop y2 1720
1603889907325326680 : Checking image 2 crop x1 99
1603889907325411295 : Checking image 2 crop y1 241
1603889907325442782 : Checking image 2 crop x2 2145
1603889907325473778 : Checking image 2 crop y2 3239
1603889907352248275 : Checking image 1 dpi 300
1603889907352335235 : Checking image 1 border top 1753
1603889907352362224 : Checking image 1 border bottom 1753
1603889907352386694 : Checking image 1 border left 1239
1603889907352411612 : Checking image 1 border right 1239
1603889907353848141 : Checking image 2 dpi 300
1603889907353966124 : Checking image 2 border top 231
1603889907353992920 : Checking image 2 border bottom 258
1603889907354017632 : Checking image 2 border left 207
1603889907354042237 : Checking image 2 border right 207

</system-out><system-err>--------------------------------- Captured Err ---------------------------------

</system-err></testcase><testcase classname="tests.test_images" name="test_black_border_not_removed_png" time="81.630"><system-out>--------------------------------- Captured Log ---------------------------------

--------------------------------- Captured Out ---------------------------------
/home/travis/build/bansan85/ocr-book/tests/black-border-not-removed.png
1603889954951260208 : Checking separation double page angle 89.96841710309258
1603889954951349939 : Checking separation double page y=0 2453
1603889967789806476 : Checking page rotation 1 0.0
1603889987221576125 : Checking page rotation 2 0.0
1603889988043087782 : Checking image 1 crop x1 298
1603889988043169103 : Checking image 1 crop y1 144
1603889988043201523 : Checking image 1 crop x2 2308
1603889988043232005 : Checking image 1 crop y2 3346
1603889988948516635 : Checking image 2 crop x1 159
1603889988948604675 : Checking image 2 crop y1 146
1603889988948636910 : Checking image 2 crop x2 2170
1603889988948667788 : Checking image 2 crop y2 3351
1603889988977576031 : Checking image 1 dpi 300
1603889988977702675 : Checking image 1 border top 129
1603889988977730660 : Checking image 1 border bottom 156
1603889988977769076 : Checking image 1 border left 225
1603889988977794634 : Checking image 1 border right 225
1603889988979766893 : Checking image 2 dpi 300
1603889988979899881 : Checking image 2 border top 131
1603889988979929821 : Checking image 2 border bottom 151
1603889988979954878 : Checking image 2 border left 224
1603889988979979464 : Checking image 2 border right 224

</system-out><system-err>--------------------------------- Captured Err ---------------------------------

</system-err></testcase><testcase classname="tests.test_images" name="test_image_failed_to_rotate_png" time="0.001"><skipped message="wait next commit. Rotation fails with new threshold." type="pytest.skip">tests/test_images.py:129: wait next commit. Rotation fails with new threshold.</skipped><system-out>--------------------------------- Captured Log ---------------------------------

--------------------------------- Captured Out ---------------------------------

</system-out><system-err>--------------------------------- Captured Err ---------------------------------

</system-err><system-out>--------------------------------- Captured Log ---------------------------------

--------------------------------- Captured Out ---------------------------------

</system-out><system-err>--------------------------------- Captured Err ---------------------------------

</system-err></testcase><testcase classname="tests.test_images" name="test_image_failed_to_crop_data_png" time="71.595"><system-out>--------------------------------- Captured Log ---------------------------------

--------------------------------- Captured Out ---------------------------------
/home/travis/build/bansan85/ocr-book/tests/image_failed_to_crop_data.png
1603890020833431857 : Checking separation double page angle 90.1003611125701
1603890020833588079 : Checking separation double page y=0 2479
1603890027913522897 : Checking page rotation 1 0.0
1603890039147503641 : Checking page rotation 2 0.15000000000000002
1603890059661477366 : Checking image 1 crop x1 116
1603890059661602169 : Checking image 1 crop y1 7
1603890059661635442 : Checking image 1 crop x2 2476
1603890059661666607 : Checking image 1 crop y2 3503
1603890060507745853 : Checking image 2 crop x1 167
1603890060507831463 : Checking image 2 crop y1 220
1603890060507863993 : Checking image 2 crop x2 2244
1603890060507895089 : Checking image 2 crop y2 3348
1603890060537629622 : Checking image 1 dpi 300
1603890060537764735 : Checking image 1 border top 5
1603890060537792649 : Checking image 1 border bottom 5
1603890060537817852 : Checking image 1 border left 58
1603890060537843043 : Checking image 1 border right 58
1603890060539986903 : Checking image 2 dpi 300
1603890060540111308 : Checking image 2 border top 212
1603890060540138471 : Checking image 2 border bottom 147
1603890060540162829 : Checking image 2 border left 191
1603890060540187360 : Checking image 2 border right 191

</system-out><system-err>--------------------------------- Captured Err ---------------------------------

</system-err></testcase></testsuite></testsuites>