<?xml version="1.0" encoding="utf-8"?><testsuites><testsuite name="pytest" errors="0" failures="0" skipped="0" tests="36" time="1043.848" timestamp="2020-12-28T01:14:04.438785" hostname="fv-az108-19"><testcase classname="tests.test_features" name="test_disabled_enable_debug" time="53.974"><system-out>--------------------------------- Captured Log ---------------------------------

--------------------------------- Captured Out ---------------------------------
/home/runner/work/ocr-book/ocr-book/tests/0001_debug.png
separation double page angle 90.5528088189967
separation double page y=0 2485
page rotation 1 0.75
page rotation 2 0.2
image 1 crop x1 330
image 1 crop y1 336
image 1 crop x2 2343
image 1 crop y2 3223
image 2 crop x1 169
image 2 crop y1 648
image 2 crop x2 2186
image 2 crop y2 3361
image 1 dpi 300
image 1 border top 333
image 1 border bottom 266
image 1 border left 223
image 1 border right 223
image 2 dpi 300
image 2 border top 643
image 2 border bottom 131
image 2 border left 221
image 2 border right 221

</system-out><system-err>--------------------------------- Captured Err ---------------------------------

</system-err></testcase><testcase classname="tests.test_features" name="test_mock_stop_at_0" time="0.045"><system-out>--------------------------------- Captured Log ---------------------------------

--------------------------------- Captured Out ---------------------------------
/home/runner/work/ocr-book/ocr-book/tests/0001_0.png

</system-out><system-err>--------------------------------- Captured Err ---------------------------------

</system-err></testcase><testcase classname="tests.test_features" name="test_mock_stop_at_2" time="51.916"><system-out>--------------------------------- Captured Log ---------------------------------

--------------------------------- Captured Out ---------------------------------
/home/runner/work/ocr-book/ocr-book/tests/0001_2.png
separation double page angle 90.5528088189967
separation double page y=0 2485
page rotation 1 0.75
page rotation 2 0.2

</system-out><system-err>--------------------------------- Captured Err ---------------------------------

</system-err></testcase><testcase classname="tests.test_features" name="test_mock_stop_at_4" time="52.168"><system-out>--------------------------------- Captured Log ---------------------------------

--------------------------------- Captured Out ---------------------------------
/home/runner/work/ocr-book/ocr-book/tests/0001_4.png
separation double page angle 90.5528088189967
separation double page y=0 2485
page rotation 1 0.75
page rotation 2 0.2
image 1 crop x1 330
image 1 crop y1 336
image 1 crop x2 2343
image 1 crop y2 3223
image 2 crop x1 169
image 2 crop y1 648
image 2 crop x2 2186
image 2 crop y2 3361
image 1 dpi 300
image 1 border top 333
image 1 border bottom 266
image 1 border left 223
image 1 border right 223
image 2 dpi 300
image 2 border top 643
image 2 border bottom 131
image 2 border left 221
image 2 border right 221

</system-out><system-err>--------------------------------- Captured Err ---------------------------------

</system-err></testcase><testcase classname="tests.test_features" name="test_mock_stop_at_1" time="33.718"><system-out>--------------------------------- Captured Log ---------------------------------

--------------------------------- Captured Out ---------------------------------
/home/runner/work/ocr-book/ocr-book/tests/0001_1.png
separation double page angle 90.5528088189967
separation double page y=0 2485

</system-out><system-err>--------------------------------- Captured Err ---------------------------------

</system-err></testcase><testcase classname="tests.test_features" name="test_mock_stop_at_3" time="50.334"><system-out>--------------------------------- Captured Log ---------------------------------

--------------------------------- Captured Out ---------------------------------
/home/runner/work/ocr-book/ocr-book/tests/0001_3.png
separation double page angle 90.5528088189967
separation double page y=0 2485
page rotation 1 0.75
page rotation 2 0.2
image 1 crop x1 330
image 1 crop y1 336
image 1 crop x2 2343
image 1 crop y2 3223
image 2 crop x1 169
image 2 crop y1 648
image 2 crop x2 2186
image 2 crop y2 3361

</system-out><system-err>--------------------------------- Captured Err ---------------------------------

</system-err></testcase><testcase classname="tests.test_images" name="test_0001_png" time="60.599"><system-out>--------------------------------- Captured Log ---------------------------------

--------------------------------- Captured Out ---------------------------------
/home/runner/work/ocr-book/ocr-book/tests/0001.png
1609118186815620976 : Checking separation double page angle 90.5528088189967
1609118186815736677 : Checking separation double page y=0 2485
1609118194964542053 : Checking page rotation 1 0.75
1609118204714399481 : Checking page rotation 2 0.2
1609118207593307187 : Checking image 1 crop x1 330
1609118207593434589 : Checking image 1 crop y1 336
1609118207593471489 : Checking image 1 crop x2 2343
1609118207593503690 : Checking image 1 crop y2 3223
1609118210077308896 : Checking image 2 crop x1 169
1609118210077420898 : Checking image 2 crop y1 648
1609118210077459898 : Checking image 2 crop x2 2186
1609118210077492698 : Checking image 2 crop y2 3361
1609118210107952476 : Checking image 1 dpi 300
1609118210108050677 : Checking image 1 border top 333
1609118210108084678 : Checking image 1 border bottom 266
1609118210108117578 : Checking image 1 border left 223
1609118210108148579 : Checking image 1 border right 223
1609118210110542708 : Checking image 2 dpi 300
1609118210110625609 : Checking image 2 border top 643
1609118210110657910 : Checking image 2 border bottom 131
1609118210110688310 : Checking image 2 border left 221
1609118210110718111 : Checking image 2 border right 221

</system-out><system-err>--------------------------------- Captured Err ---------------------------------

</system-err></testcase><testcase classname="tests.test_features" name="test_mock_stop_at_5" time="52.091"><system-out>--------------------------------- Captured Log ---------------------------------

--------------------------------- Captured Out ---------------------------------
/home/runner/work/ocr-book/ocr-book/tests/0001_5.png
separation double page angle 90.5528088189967
separation double page y=0 2485
page rotation 1 0.75
page rotation 2 0.2
image 1 crop x1 330
image 1 crop y1 336
image 1 crop x2 2343
image 1 crop y2 3223
image 2 crop x1 169
image 2 crop y1 648
image 2 crop x2 2186
image 2 crop y2 3361
image 1 dpi 300
image 1 border top 333
image 1 border bottom 266
image 1 border left 223
image 1 border right 223
image 2 dpi 300
image 2 border top 643
image 2 border bottom 131
image 2 border left 221
image 2 border right 221

</system-out><system-err>--------------------------------- Captured Err ---------------------------------

</system-err></testcase><testcase classname="tests.test_images" name="test_black_border_not_removed_png" time="70.105"><system-out>--------------------------------- Captured Log ---------------------------------

--------------------------------- Captured Out ---------------------------------
/home/runner/work/ocr-book/ocr-book/tests/black-border-not-removed.png
1609118251630546046 : Checking separation double page angle 90.033171103531
1609118251630646747 : Checking separation double page y=0 2455
1609118258914216901 : Checking page rotation 1 0.0
1609118272722802475 : Checking page rotation 2 0.0
1609118276063695086 : Checking image 1 crop x1 297
1609118276063816087 : Checking image 1 crop y1 143
1609118276063852788 : Checking image 1 crop x2 2309
1609118276063884588 : Checking image 1 crop y2 3346
1609118280186769138 : Checking image 2 crop x1 159
1609118280186886839 : Checking image 2 crop y1 145
1609118280186923140 : Checking image 2 crop x2 2171
1609118280186956240 : Checking image 2 crop y2 3352
1609118280219694542 : Checking image 1 dpi 300
1609118280219812244 : Checking image 1 border top 132
1609118280219848044 : Checking image 1 border bottom 152
1609118280219879244 : Checking image 1 border left 224
1609118280219910545 : Checking image 1 border right 224
1609118280222270374 : Checking image 2 dpi 300
1609118280222362175 : Checking image 2 border top 132
1609118280222394275 : Checking image 2 border bottom 148
1609118280222424876 : Checking image 2 border left 224
1609118280222459876 : Checking image 2 border right 224

</system-out><system-err>--------------------------------- Captured Err ---------------------------------

</system-err></testcase><testcase classname="tests.test_images" name="test_2_pages_2_contours_png" time="34.973"><system-out>--------------------------------- Captured Log ---------------------------------

--------------------------------- Captured Out ---------------------------------
/home/runner/work/ocr-book/ocr-book/tests/2-pages-2-contours.png
1609118256046965535 : Checking separation double page angle 90.09036871657068
1609118256047073136 : Checking separation double page y=0 2486
1609118258143180191 : Checking page rotation 1 0.05
1609118265834330683 : Checking page rotation 2 0.30000000000000004
1609118267537724301 : Checking image 1 crop x1 1189
1609118267537822802 : Checking image 1 crop y1 1751
1609118267537856002 : Checking image 1 crop x2 1190
1609118267537885103 : Checking image 1 crop y2 1752
1609118270438385889 : Checking image 2 crop x1 101
1609118270438512791 : Checking image 2 crop y1 240
1609118270438549391 : Checking image 2 crop x2 2148
1609118270438582392 : Checking image 2 crop y2 3239
1609118270468709364 : Checking image 1 dpi 300
1609118270468808765 : Checking image 1 border top 1752
1609118270468843065 : Checking image 1 border bottom 1753
1609118270468873666 : Checking image 1 border left 1239
1609118270468904866 : Checking image 1 border right 1239
1609118270470777489 : Checking image 2 dpi 300
1609118270470868890 : Checking image 2 border top 230
1609118270470901691 : Checking image 2 border bottom 258
1609118270470931591 : Checking image 2 border left 206
1609118270470961691 : Checking image 2 border right 206

</system-out><system-err>--------------------------------- Captured Err ---------------------------------

</system-err></testcase><testcase classname="tests.test_images" name="test_wrong_split_line_png" time="44.615"><system-out>--------------------------------- Captured Log ---------------------------------

--------------------------------- Captured Out ---------------------------------
/home/runner/work/ocr-book/ocr-book/tests/wrong_split_line.png
1609118300090970975 : Checking separation double page angle 89.93395720607973
1609118300091067577 : Checking separation double page y=0 2465
1609118305249827854 : Checking page rotation 1 -0.14999999999999067
1609118311058528230 : Checking page rotation 2 0.5
1609118313002774744 : Checking image 1 crop x1 213
1609118313002881746 : Checking image 1 crop y1 157
1609118313002917446 : Checking image 1 crop x2 2323
1609118313002950046 : Checking image 1 crop y2 3362
1609118315049858229 : Checking image 2 crop x1 125
1609118315049995930 : Checking image 2 crop y1 165
1609118315050032631 : Checking image 2 crop x2 2237
1609118315050065531 : Checking image 2 crop y2 3374
1609118315082401430 : Checking image 1 dpi 300
1609118315082499032 : Checking image 1 border top 134
1609118315082533132 : Checking image 1 border bottom 148
1609118315082563332 : Checking image 1 border left 175
1609118315082594433 : Checking image 1 border right 175
1609118315085080064 : Checking image 2 dpi 300
1609118315085155164 : Checking image 2 border top 143
1609118315085188065 : Checking image 2 border bottom 135
1609118315085218265 : Checking image 2 border left 174
1609118315085248366 : Checking image 2 border right 174

</system-out><system-err>--------------------------------- Captured Err ---------------------------------

</system-err></testcase><testcase classname="tests.test_images" name="test_image_failed_to_rotate_png" time="64.612"><system-out>--------------------------------- Captured Log ---------------------------------

--------------------------------- Captured Out ---------------------------------
/home/runner/work/ocr-book/ocr-book/tests/image_failed_to_rotate.png
1609118314540217234 : Checking separation double page angle 90.13063640287984
1609118314540315335 : Checking separation double page y=0 2479
1609118319058188754 : Checking page rotation 1 0.35
1609118329384070424 : Checking page rotation 2 0.45
1609118340786205458 : Checking image 1 crop x1 34
1609118340786324159 : Checking image 1 crop y1 1
1609118340786363760 : Checking image 1 crop x2 2477
1609118340786397260 : Checking image 1 crop y2 3500
1609118344703656185 : Checking image 2 crop x1 167
1609118344703776086 : Checking image 2 crop y1 234
1609118344703813987 : Checking image 2 crop x2 2246
1609118344703848087 : Checking image 2 crop y2 3355
1609118344741922257 : Checking image 1 dpi 300
1609118344742061259 : Checking image 1 border top 4
1609118344742096259 : Checking image 1 border bottom 4
1609118344742128060 : Checking image 1 border left 19
1609118344742159660 : Checking image 1 border right 19
1609118344744802293 : Checking image 2 dpi 300
1609118344744897694 : Checking image 2 border top 218
1609118344744935094 : Checking image 2 border bottom 148
1609118344744965795 : Checking image 2 border left 190
1609118344744996595 : Checking image 2 border right 190

</system-out><system-err>--------------------------------- Captured Err ---------------------------------

</system-err></testcase><testcase classname="tests.test_images" name="test_crop_too_much_png" time="87.725"><system-out>--------------------------------- Captured Log ---------------------------------

--------------------------------- Captured Out ---------------------------------
/home/runner/work/ocr-book/ocr-book/tests/crop_too_much.png
1609118368089138281 : Checking separation double page angle 90.13239409272954
1609118368089239383 : Checking separation double page y=0 2455
1609118380735986544 : Checking page rotation 1 0.0
1609118396399633882 : Checking page rotation 2 0.45
1609118399553542376 : Checking image 1 crop x1 303
1609118399553667377 : Checking image 1 crop y1 148
1609118399553703978 : Checking image 1 crop x2 2313
1609118399553736178 : Checking image 1 crop y2 3351
1609118402750837603 : Checking image 2 crop x1 168
1609118402750956605 : Checking image 2 crop y1 155
1609118402750992705 : Checking image 2 crop x2 2179
1609118402751025706 : Checking image 2 crop y2 3359
1609118402793751231 : Checking image 1 dpi 300
1609118402793845732 : Checking image 1 border top 132
1609118402793879933 : Checking image 1 border bottom 152
1609118402793911633 : Checking image 1 border left 225
1609118402793963934 : Checking image 1 border right 225
1609118402796506365 : Checking image 2 dpi 300
1609118402796580166 : Checking image 2 border top 140
1609118402796611566 : Checking image 2 border bottom 143
1609118402796641667 : Checking image 2 border left 224
1609118402796674367 : Checking image 2 border right 224

</system-out><system-err>--------------------------------- Captured Err ---------------------------------

</system-err></testcase><testcase classname="tests.test_images" name="test_image_failed_to_crop_data_png" time="62.666"><system-out>--------------------------------- Captured Log ---------------------------------

--------------------------------- Captured Out ---------------------------------
/home/runner/work/ocr-book/ocr-book/tests/image_failed_to_crop_data.png
1609118378000710396 : Checking separation double page angle 90.053197600644
1609118378000812397 : Checking separation double page y=0 2480
1609118383332664680 : Checking page rotation 1 0.2
1609118391508101446 : Checking page rotation 2 0.0
1609118403852072949 : Checking image 1 crop x1 47
1609118403852192050 : Checking image 1 crop y1 7
1609118403852229851 : Checking image 1 crop x2 2478
1609118403852263251 : Checking image 1 crop y2 3502
1609118407414461061 : Checking image 2 crop x1 160
1609118407414584162 : Checking image 2 crop y1 217
1609118407414620863 : Checking image 2 crop x2 2242
1609118407414655563 : Checking image 2 crop y2 3350
1609118407444275829 : Checking image 1 dpi 300
1609118407444395030 : Checking image 1 border top 6
1609118407444430830 : Checking image 1 border bottom 6
1609118407444462331 : Checking image 1 border left 25
1609118407444493931 : Checking image 1 border right 25
1609118407447027862 : Checking image 2 dpi 300
1609118407447120764 : Checking image 2 border top 206
1609118407447154064 : Checking image 2 border bottom 148
1609118407447184464 : Checking image 2 border left 189
1609118407447214665 : Checking image 2 border right 189

</system-out><system-err>--------------------------------- Captured Err ---------------------------------

</system-err></testcase><testcase classname="tests.test_images" name="test_crop_too_few_png" time="45.594"><system-out>--------------------------------- Captured Log ---------------------------------

--------------------------------- Captured Out ---------------------------------
/home/runner/work/ocr-book/ocr-book/tests/crop_too_few.png
1609118432691526771 : Checking separation double page angle 89.54670238452755
1609118432691617673 : Checking separation double page y=0 2512
1609118438636826252 : Checking page rotation 1 -0.6499999999999977
1609118443968008542 : Checking page rotation 2 0.0
1609118446253395290 : Checking image 1 crop x1 263
1609118446253513692 : Checking image 1 crop y1 150
1609118446253549792 : Checking image 1 crop x2 2377
1609118446253582393 : Checking image 1 crop y2 3357
1609118448380235392 : Checking image 2 crop x1 137
1609118448380357694 : Checking image 2 crop y1 141
1609118448380393494 : Checking image 2 crop x2 2259
1609118448380426995 : Checking image 2 crop y2 3345
1609118448410410364 : Checking image 1 dpi 300
1609118448410523765 : Checking image 1 border top 129
1609118448410557866 : Checking image 1 border bottom 150
1609118448410588566 : Checking image 1 border left 173
1609118448410619566 : Checking image 1 border right 173
1609118448413204798 : Checking image 2 dpi 300
1609118448413292399 : Checking image 2 border top 130
1609118448413328800 : Checking image 2 border bottom 153
1609118448413358900 : Checking image 2 border left 169
1609118448413388201 : Checking image 2 border right 169

</system-out><system-err>--------------------------------- Captured Err ---------------------------------

</system-err></testcase><testcase classname="tests.test_images" name="test_wrong_angle_split_line_png" time="69.990"><system-out>--------------------------------- Captured Log ---------------------------------

--------------------------------- Captured Out ---------------------------------
/home/runner/work/ocr-book/ocr-book/tests/wrong_angle_split_line.png
1609118442036335349 : Checking separation double page angle 90.09193420006348
1609118442036439450 : Checking separation double page y=0 2478
1609118449227820034 : Checking page rotation 1 0.05
1609118459258474676 : Checking page rotation 2 0.0
1609118471393814483 : Checking image 1 crop x1 58
1609118471393959085 : Checking image 1 crop y1 7
1609118471394000486 : Checking image 1 crop x2 2472
1609118471394034486 : Checking image 1 crop y2 3505
1609118476696582007 : Checking image 2 crop x1 163
1609118476696706209 : Checking image 2 crop y1 217
1609118476696742509 : Checking image 2 crop x2 2246
1609118476696778110 : Checking image 2 crop y2 3350
1609118476842545603 : Checking image 1 dpi 300
1609118476842665205 : Checking image 1 border top 5
1609118476842699805 : Checking image 1 border bottom 5
1609118476842730606 : Checking image 1 border left 33
1609118476842761506 : Checking image 1 border right 33
1609118476849671591 : Checking image 2 dpi 300
1609118476849782292 : Checking image 2 border top 206
1609118476849814693 : Checking image 2 border bottom 148
1609118476849845593 : Checking image 2 border left 188
1609118476849876093 : Checking image 2 border right 188

</system-out><system-err>--------------------------------- Captured Err ---------------------------------

</system-err></testcase><testcase classname="tests.test_images" name="test_crop_too_much_2_png" time="101.326"><system-out>--------------------------------- Captured Log ---------------------------------

--------------------------------- Captured Out ---------------------------------
/home/runner/work/ocr-book/ocr-book/tests/crop_too_much_2.png
1609118510933136236 : Checking separation double page angle 90.1149074900787
1609118510933229737 : Checking separation double page y=0 2478
1609118525343212693 : Checking page rotation 1 0.2
1609118542688515254 : Checking page rotation 2 0.2
1609118545655270902 : Checking image 1 crop x1 332
1609118545655390503 : Checking image 1 crop y1 131
1609118545655428304 : Checking image 1 crop x2 2342
1609118545655459704 : Checking image 1 crop y2 3336
1609118549660595545 : Checking image 2 crop x1 162
1609118549660724146 : Checking image 2 crop y1 139
1609118549660759547 : Checking image 2 crop x2 2175
1609118549660792347 : Checking image 2 crop y2 3345
1609118549708286032 : Checking image 1 dpi 300
1609118549708396434 : Checking image 1 border top 119
1609118549708430334 : Checking image 1 border bottom 163
1609118549708460234 : Checking image 1 border left 225
1609118549708492335 : Checking image 1 border right 225
1609118549710669962 : Checking image 2 dpi 300
1609118549710753463 : Checking image 2 border top 130
1609118549710785263 : Checking image 2 border bottom 151
1609118549710820664 : Checking image 2 border left 223
1609118549710850664 : Checking image 2 border right 223

</system-out><system-err>--------------------------------- Captured Err ---------------------------------

</system-err></testcase><testcase classname="tests.test_images" name="test_angle_page_lower_split_line_png" time="60.800"><system-out>--------------------------------- Captured Log ---------------------------------

--------------------------------- Captured Out ---------------------------------
/home/runner/work/ocr-book/ocr-book/tests/angle_page_lower_split_line.png
1609118513451438251 : Checking separation double page angle 89.74927707086691
1609118513451540352 : Checking separation double page y=0 2474
1609118525139644686 : Checking page rotation 1 -0.4000000000000005
1609118533214231048 : Checking page rotation 2 0.2
1609118535652914888 : Checking image 1 crop x1 244
1609118535653039789 : Checking image 1 crop y1 160
1609118535653076690 : Checking image 1 crop x2 2350
1609118535653110290 : Checking image 1 crop y2 3365
1609118538263873349 : Checking image 2 crop x1 150
1609118538263989950 : Checking image 2 crop y1 147
1609118538264025751 : Checking image 2 crop x2 2257
1609118538264059151 : Checking image 2 crop y2 3350
1609118538298251772 : Checking image 1 dpi 300
1609118538298365374 : Checking image 1 border top 144
1609118538298400474 : Checking image 1 border bottom 138
1609118538298432975 : Checking image 1 border left 177
1609118538298464375 : Checking image 1 border right 177
1609118538301347010 : Checking image 2 dpi 300
1609118538301439212 : Checking image 2 border top 130
1609118538301472812 : Checking image 2 border bottom 154
1609118538301503912 : Checking image 2 border left 176
1609118538301533813 : Checking image 2 border right 176

</system-out><system-err>--------------------------------- Captured Err ---------------------------------

</system-err></testcase><testcase classname="tests.test_images" name="test_wrong_wave_split_line_png" time="90.486"><system-out>--------------------------------- Captured Log ---------------------------------

--------------------------------- Captured Out ---------------------------------
/home/runner/work/ocr-book/ocr-book/tests/wrong_wave_split_line.png
1609118589419323477 : Checking separation double page angle 90.37878604107719
1609118589419424078 : Checking separation double page y=0 2500
1609118600631831177 : Checking page rotation 1 -0.14999999999999067
1609118615484116009 : Checking page rotation 2 0.85
1609118621727819489 : Checking image 1 crop x1 385
1609118621727939490 : Checking image 1 crop y1 179
1609118621727977591 : Checking image 1 crop x2 2411
1609118621728009491 : Checking image 1 crop y2 3374
1609118628727229259 : Checking image 2 crop x1 8
1609118628727348060 : Checking image 2 crop y1 0
1609118628727385961 : Checking image 2 crop x2 2415
1609118628727420761 : Checking image 2 crop y2 3505
1609118628775971560 : Checking image 1 dpi 300
1609118628776091461 : Checking image 1 border top 173
1609118628776125261 : Checking image 1 border bottom 119
1609118628776156062 : Checking image 1 border left 217
1609118628776187562 : Checking image 1 border right 217
1609118628778934096 : Checking image 2 dpi 300
1609118628779029797 : Checking image 2 border top 1
1609118628779065698 : Checking image 2 border bottom 1
1609118628779095898 : Checking image 2 border left 37
1609118628779125598 : Checking image 2 border right 37

</system-out><system-err>--------------------------------- Captured Err ---------------------------------

</system-err></testcase><testcase classname="tests.test_images" name="test_wrong_split_line_2_png" time="95.818"><system-out>--------------------------------- Captured Log ---------------------------------

--------------------------------- Captured Out ---------------------------------
/home/runner/work/ocr-book/ocr-book/tests/wrong_split_line_2.png
1609118601876083516 : Checking separation double page angle 90.19944704411863
1609118601876177217 : Checking separation double page y=0 2437
1609118618418604980 : Checking page rotation 1 0.2
1609118634297411533 : Checking page rotation 2 0.4
1609118638913850931 : Checking image 1 crop x1 294
1609118638914000033 : Checking image 1 crop y1 136
1609118638914035433 : Checking image 1 crop x2 2325
1609118638914067234 : Checking image 1 crop y2 3376
1609118645496073891 : Checking image 2 crop x1 140
1609118645496194293 : Checking image 2 crop y1 192
1609118645496230293 : Checking image 2 crop x2 2167
1609118645496264393 : Checking image 2 crop y2 3386
1609118645539478628 : Checking image 1 dpi 300
1609118645539591329 : Checking image 1 border top 131
1609118645539625630 : Checking image 1 border bottom 116
1609118645539655630 : Checking image 1 border left 214
1609118645539687230 : Checking image 1 border right 214
1609118645541752356 : Checking image 2 dpi 300
1609118645541829757 : Checking image 2 border top 183
1609118645541861057 : Checking image 2 border bottom 110
1609118645541891358 : Checking image 2 border left 216
1609118645541921058 : Checking image 2 border right 216

</system-out><system-err>--------------------------------- Captured Err ---------------------------------

</system-err></testcase><testcase classname="tests.test_images" name="test_no_split_line_line_algo_png" time="61.185"><system-out>--------------------------------- Captured Log ---------------------------------

--------------------------------- Captured Out ---------------------------------
/home/runner/work/ocr-book/ocr-book/tests/no_split_line_line_algo.png
1609118664181403415 : Checking separation double page angle 89.47691469185418
1609118664181506017 : Checking separation double page y=0 2476
1609118670450698842 : Checking page rotation 1 -0.14999999999999067
1609118684548393939 : Checking page rotation 2 -0.44999999999999746
1609118686769366800 : Checking image 1 crop x1 205
1609118686769489501 : Checking image 1 crop y1 158
1609118686769526302 : Checking image 1 crop x2 2320
1609118686769559502 : Checking image 1 crop y2 3366
1609118689940566509 : Checking image 2 crop x1 185
1609118689940682411 : Checking image 2 crop y1 221
1609118689940719411 : Checking image 2 crop x2 2201
1609118689940753311 : Checking image 2 crop y2 3366
1609118689979065985 : Checking image 1 dpi 300
1609118689979174487 : Checking image 1 border top 144
1609118689979208387 : Checking image 1 border bottom 134
1609118689979240287 : Checking image 1 border left 172
1609118689979271188 : Checking image 1 border right 172
1609118689981901320 : Checking image 2 dpi 300
1609118689982004122 : Checking image 2 border top 219
1609118689982038722 : Checking image 2 border bottom 123
1609118689982069322 : Checking image 2 border left 222
1609118689982099423 : Checking image 2 border right 222

</system-out><system-err>--------------------------------- Captured Err ---------------------------------

</system-err></testcase><testcase classname="tests.test_images" name="test_small_wave_png" time="80.653"><system-out>--------------------------------- Captured Log ---------------------------------

--------------------------------- Captured Out ---------------------------------
/home/runner/work/ocr-book/ocr-book/tests/small_wave.png
1609118700532383588 : Checking separation double page angle 90.58816928841564
1609118700532480189 : Checking separation double page y=0 2497
1609118710897189130 : Checking page rotation 1 0.65
1609118721716101088 : Checking page rotation 2 0.75
1609118723988889503 : Checking image 1 crop x1 320
1609118723989013605 : Checking image 1 crop y1 199
1609118723989050205 : Checking image 1 crop x2 2353
1609118723989082705 : Checking image 1 crop y2 3394
1609118726156473829 : Checking image 2 crop x1 132
1609118726156586130 : Checking image 2 crop y1 224
1609118726156621631 : Checking image 2 crop x2 2160
1609118726156654931 : Checking image 2 crop y2 3419
1609118726193323083 : Checking image 1 dpi 300
1609118726193430585 : Checking image 1 border top 179
1609118726193464585 : Checking image 1 border bottom 112
1609118726193494686 : Checking image 1 border left 213
1609118726193526586 : Checking image 1 border right 213
1609118726195691813 : Checking image 2 dpi 300
1609118726195774414 : Checking image 2 border top 197
1609118726195805814 : Checking image 2 border bottom 95
1609118726195835214 : Checking image 2 border left 216
1609118726195867715 : Checking image 2 border right 216

</system-out><system-err>--------------------------------- Captured Err ---------------------------------

</system-err></testcase><testcase classname="tests.test_images" name="test_failed_split_line_line_algo_png" time="26.983"><system-out>--------------------------------- Captured Log ---------------------------------

--------------------------------- Captured Out ---------------------------------
/home/runner/work/ocr-book/ocr-book/tests/failed_split_line_line_algo.png
1609118707385749637 : Checking separation double page angle 90.04134220573248
1609118707385847838 : Checking separation double page y=0 2573
1609118711100977342 : Checking page rotation 1 -0.14999999999999067
1609118713295287590 : Checking page rotation 2 0.0
1609118715406095008 : Checking image 1 crop x1 407
1609118715406222510 : Checking image 1 crop y1 2925
1609118715406259010 : Checking image 1 crop x2 2419
1609118715406291210 : Checking image 1 crop y2 3174
1609118716986488088 : Checking image 2 crop x1 1184
1609118716986588890 : Checking image 2 crop y1 1748
1609118716986622090 : Checking image 2 crop x2 1185
1609118716986653390 : Checking image 2 crop y2 1749
1609118716986945394 : Checking image 1 dpi 300
1609118716987028495 : Checking image 1 border top 2922
1609118716987061295 : Checking image 1 border bottom 316
1609118716987092296 : Checking image 1 border left 224
1609118716987123296 : Checking image 1 border right 224
1609118716988667415 : Checking image 2 dpi 300
1609118716988750116 : Checking image 2 border top 1752
1609118716988784017 : Checking image 2 border bottom 1753
1609118716988814017 : Checking image 2 border left 1239
1609118716988844517 : Checking image 2 border right 1239

</system-out><system-err>--------------------------------- Captured Err ---------------------------------

</system-err></testcase><testcase classname="tests.test_images" name="test_failed_split_line_line_algo_2_png" time="77.317"><system-out>--------------------------------- Captured Log ---------------------------------

--------------------------------- Captured Out ---------------------------------
/home/runner/work/ocr-book/ocr-book/tests/failed_split_line_line_algo_2.png
1609118763368454083 : Checking separation double page angle 90.03068774449687
1609118763368550784 : Checking separation double page y=0 2500
1609118777024399601 : Checking page rotation 1 0.0
1609118789670580523 : Checking page rotation 2 0.6000000000000001
1609118792007169726 : Checking image 1 crop x1 272
1609118792007296228 : Checking image 1 crop y1 149
1609118792007332628 : Checking image 1 crop x2 2383
1609118792007365129 : Checking image 1 crop y2 3353
1609118794242526082 : Checking image 2 crop x1 121
1609118794242647983 : Checking image 2 crop y1 155
1609118794242684284 : Checking image 2 crop x2 2244
1609118794242717584 : Checking image 2 crop y2 3350
1609118794281443661 : Checking image 1 dpi 300
1609118794281559963 : Checking image 1 border top 138
1609118794281593963 : Checking image 1 border bottom 145
1609118794281626964 : Checking image 1 border left 174
1609118794281657564 : Checking image 1 border right 174
1609118794284375298 : Checking image 2 dpi 300
1609118794284471299 : Checking image 2 border top 136
1609118794284503299 : Checking image 2 border bottom 156
1609118794284534100 : Checking image 2 border left 168
1609118794284564800 : Checking image 2 border right 168

</system-out><system-err>--------------------------------- Captured Err ---------------------------------

</system-err></testcase><testcase classname="tests.test_images" name="test_wrong_split_line_3_png" time="69.792"><system-out>--------------------------------- Captured Log ---------------------------------

--------------------------------- Captured Out ---------------------------------
/home/runner/work/ocr-book/ocr-book/tests/wrong_split_line_3.png
1609118767816393534 : Checking separation double page angle 90.43729500214694
1609118767816491636 : Checking separation double page y=0 2498
1609118781470123623 : Checking page rotation 1 0.30000000000000004
1609118791195205417 : Checking page rotation 2 0.9
1609118793756775294 : Checking image 1 crop x1 331
1609118793756888595 : Checking image 1 crop y1 165
1609118793756923396 : Checking image 1 crop x2 2375
1609118793756956096 : Checking image 1 crop y2 3376
1609118795971231592 : Checking image 2 crop x1 102
1609118795971342793 : Checking image 2 crop y1 208
1609118795971378993 : Checking image 2 crop x2 2133
1609118795971411794 : Checking image 2 crop y2 3413
1609118796005558015 : Checking image 1 dpi 300
1609118796005661716 : Checking image 1 border top 157
1609118796005695317 : Checking image 1 border bottom 119
1609118796005725817 : Checking image 1 border left 208
1609118796005755217 : Checking image 1 border right 208
1609118796007832943 : Checking image 2 dpi 300
1609118796007905744 : Checking image 2 border top 187
1609118796007936044 : Checking image 2 border bottom 95
1609118796007965544 : Checking image 2 border left 214
1609118796007995245 : Checking image 2 border right 214

</system-out><system-err>--------------------------------- Captured Err ---------------------------------

</system-err></testcase><testcase classname="tests.test_images" name="test_crop_too_much_3_png" time="83.431"><system-out>--------------------------------- Captured Log ---------------------------------

--------------------------------- Captured Out ---------------------------------
/home/runner/work/ocr-book/ocr-book/tests/crop_too_much_3.png
1609118842830333413 : Checking separation double page angle 89.49330634783144
1609118842830431614 : Checking separation double page y=0 2498
1609118853853739458 : Checking page rotation 1 -0.8999999999999949
1609118871826301723 : Checking page rotation 2 -0.14999999999999067
1609118874745653754 : Checking image 1 crop x1 374
1609118874745774955 : Checking image 1 crop y1 258
1609118874745811455 : Checking image 1 crop x2 2385
1609118874745843456 : Checking image 1 crop y2 3459
1609118877668470163 : Checking image 2 crop x1 168
1609118877668585164 : Checking image 2 crop y1 228
1609118877668621364 : Checking image 2 crop x2 2181
1609118877668655465 : Checking image 2 crop y2 3417
1609118877711279236 : Checking image 1 dpi 300
1609118877711384437 : Checking image 1 border top 239
1609118877711418437 : Checking image 1 border bottom 47
1609118877711449537 : Checking image 1 border left 224
1609118877711481837 : Checking image 1 border right 224
1609118877714166254 : Checking image 2 dpi 300
1609118877714255155 : Checking image 2 border top 209
1609118877714287655 : Checking image 2 border bottom 89
1609118877714318055 : Checking image 2 border left 223
1609118877714351655 : Checking image 2 border right 223

</system-out><system-err>--------------------------------- Captured Err ---------------------------------

</system-err></testcase><testcase classname="tests.test_images" name="test_wrong_wave_split_line_2_png" time="85.564"><system-out>--------------------------------- Captured Log ---------------------------------

--------------------------------- Captured Out ---------------------------------
/home/runner/work/ocr-book/ocr-book/tests/wrong_wave_split_line_2.png
1609118845757248315 : Checking separation double page angle 90.7708958311329
1609118845757346516 : Checking separation double page y=0 2490
1609118858309183660 : Checking page rotation 1 0.4
1609118873493040146 : Checking page rotation 2 1.8
1609118876195176006 : Checking image 1 crop x1 224
1609118876195286107 : Checking image 1 crop y1 147
1609118876195322607 : Checking image 1 crop x2 2337
1609118876195356207 : Checking image 1 crop y2 3355
1609118881519470676 : Checking image 2 crop x1 107
1609118881519584977 : Checking image 2 crop y1 197
1609118881519621277 : Checking image 2 crop x2 2229
1609118881519653377 : Checking image 2 crop y2 3396
1609118881563650657 : Checking image 1 dpi 300
1609118881563764758 : Checking image 1 border top 137
1609118881563798758 : Checking image 1 border bottom 142
1609118881563829058 : Checking image 1 border left 173
1609118881563859959 : Checking image 1 border right 173
1609118881565913972 : Checking image 2 dpi 300
1609118881566021772 : Checking image 2 border top 171
1609118881566053573 : Checking image 2 border bottom 116
1609118881566083773 : Checking image 2 border left 169
1609118881566113073 : Checking image 2 border right 169

</system-out><system-err>--------------------------------- Captured Err ---------------------------------

</system-err></testcase><testcase classname="tests.test_images" name="test_wrong_wave_split_line_3_png" time="65.992"><system-out>--------------------------------- Captured Log ---------------------------------

--------------------------------- Captured Out ---------------------------------
/home/runner/work/ocr-book/ocr-book/tests/wrong_wave_split_line_3.png
1609118920760886923 : Checking separation double page angle 90.05826063695574
1609118920760987824 : Checking separation double page y=0 2514
1609118931254321248 : Checking page rotation 1 0.05
1609118938957756490 : Checking page rotation 2 0.30000000000000004
1609118941470470586 : Checking image 1 crop x1 273
1609118941470580187 : Checking image 1 crop y1 220
1609118941470626688 : Checking image 1 crop x2 2383
1609118941470658389 : Checking image 1 crop y2 3423
1609118943680561799 : Checking image 2 crop x1 114
1609118943680679301 : Checking image 2 crop y1 226
1609118943680715801 : Checking image 2 crop x2 2237
1609118943680751302 : Checking image 2 crop y2 3414
1609118943715997288 : Checking image 1 dpi 300
1609118943716104489 : Checking image 1 border top 202
1609118943716138790 : Checking image 1 border bottom 82
1609118943716170490 : Checking image 1 border left 175
1609118943716201091 : Checking image 1 border right 175
1609118943718824634 : Checking image 2 dpi 300
1609118943718918036 : Checking image 2 border top 207
1609118943718950337 : Checking image 2 border bottom 92
1609118943718980337 : Checking image 2 border left 168
1609118943719011238 : Checking image 2 border right 168

</system-out><system-err>--------------------------------- Captured Err ---------------------------------

</system-err></testcase><testcase classname="tests.test_images" name="test_no_split_line_wave_algo_png" time="76.731"><system-out>--------------------------------- Captured Log ---------------------------------

--------------------------------- Captured Out ---------------------------------
/home/runner/work/ocr-book/ocr-book/tests/no_split_line_wave_algo.png
1609118922372369277 : Checking separation double page angle 89.72500000000001
1609118922372460778 : Checking separation double page y=0 2484
1609118928882309580 : Checking page rotation 1 0.0
1609118940207648665 : Checking page rotation 2 -0.49999999999999434
1609118952098187530 : Checking image 1 crop x1 97
1609118952098264331 : Checking image 1 crop y1 79
1609118952098296732 : Checking image 1 crop x2 2494
1609118952098328532 : Checking image 1 crop y2 3505
1609118958226052112 : Checking image 2 crop x1 163
1609118958226167213 : Checking image 2 crop y1 266
1609118958226204913 : Checking image 2 crop x2 2238
1609118958226238413 : Checking image 2 crop y2 3381
1609118958264031691 : Checking image 1 dpi 300
1609118958264137291 : Checking image 1 border top 41
1609118958264171791 : Checking image 1 border bottom 41
1609118958264201792 : Checking image 1 border left 42
1609118958264231192 : Checking image 1 border right 42
1609118958266451002 : Checking image 2 dpi 300
1609118958266536703 : Checking image 2 border top 252
1609118958266574003 : Checking image 2 border bottom 120
1609118958266604303 : Checking image 2 border left 192
1609118958266633803 : Checking image 2 border right 192

</system-out><system-err>--------------------------------- Captured Err ---------------------------------

</system-err></testcase><testcase classname="tests.test_images" name="test_no_split_line_wave_algo_2_png" time="55.517"><system-out>--------------------------------- Captured Log ---------------------------------

--------------------------------- Captured Out ---------------------------------
/home/runner/work/ocr-book/ocr-book/tests/no_split_line_wave_algo_2.png
1609118978812772184 : Checking separation double page angle 90.54999999999998
1609118978812872284 : Checking separation double page y=0 2478
1609118986258183446 : Checking page rotation 1 1.1500000000000001
1609118994755470543 : Checking page rotation 2 0.2
1609118997153435900 : Checking image 1 crop x1 266
1609118997153558200 : Checking image 1 crop y1 209
1609118997153595101 : Checking image 1 crop x2 2342
1609118997153630301 : Checking image 1 crop y2 3413
1609118999202706579 : Checking image 2 crop x1 168
1609118999202819580 : Checking image 2 crop y1 241
1609118999202857280 : Checking image 2 crop x2 2251
1609118999202891180 : Checking image 2 crop y2 3433
1609118999239060870 : Checking image 1 dpi 300
1609118999239161271 : Checking image 1 border top 191
1609118999239194471 : Checking image 1 border bottom 92
1609118999239225571 : Checking image 1 border left 192
1609118999239256071 : Checking image 1 border right 192
1609118999241579684 : Checking image 2 dpi 300
1609118999241654784 : Checking image 2 border top 224
1609118999241686884 : Checking image 2 border bottom 71
1609118999241718684 : Checking image 2 border left 188
1609118999241749784 : Checking image 2 border right 188

</system-out><system-err>--------------------------------- Captured Err ---------------------------------

</system-err></testcase><testcase classname="tests.test_images" name="test_crop_too_few_2_png" time="50.162"><system-out>--------------------------------- Captured Log ---------------------------------

--------------------------------- Captured Out ---------------------------------
/home/runner/work/ocr-book/ocr-book/tests/crop_too_few_2.png
1609118990323917140 : Checking separation double page angle 90.30476192320097
1609118990324013141 : Checking separation double page y=0 2531
1609118997929654283 : Checking page rotation 1 1.2000000000000002
1609119002985821448 : Checking page rotation 2 -0.04999999999999689
1609119005631801006 : Checking image 1 crop x1 287
1609119005631912707 : Checking image 1 crop y1 165
1609119005631946107 : Checking image 1 crop x2 2398
1609119005631977307 : Checking image 1 crop y2 3368
1609119008447093128 : Checking image 2 crop x1 149
1609119008447203729 : Checking image 2 crop y1 189
1609119008447238929 : Checking image 2 crop x2 2273
1609119008447271529 : Checking image 2 crop y2 3386
1609119008481409340 : Checking image 1 dpi 300
1609119008481514040 : Checking image 1 border top 157
1609119008481547540 : Checking image 1 border bottom 127
1609119008481577841 : Checking image 1 border left 174
1609119008481608641 : Checking image 1 border right 174
1609119008483711654 : Checking image 2 dpi 300
1609119008483795954 : Checking image 2 border top 181
1609119008483827254 : Checking image 2 border bottom 109
1609119008483856955 : Checking image 2 border left 168
1609119008483886955 : Checking image 2 border right 168

</system-out><system-err>--------------------------------- Captured Err ---------------------------------

</system-err></testcase><testcase classname="tests.test_images" name="test_failed_detect_rectangle_png" time="70.078"><system-out>--------------------------------- Captured Log ---------------------------------

--------------------------------- Captured Out ---------------------------------
/home/runner/work/ocr-book/ocr-book/tests/failed_detect_rectangle.png
1609119039655722310 : Checking separation double page angle 90.19837516213148
1609119039655820811 : Checking separation double page y=0 2474
1609119049588030226 : Checking page rotation 1 0.2
1609119065177098045 : Checking page rotation 2 0.2
1609119067322942883 : Checking image 1 crop x1 257
1609119067323055784 : Checking image 1 crop y1 201
1609119067323091584 : Checking image 1 crop x2 2333
1609119067323123384 : Checking image 1 crop y2 3402
1609119069266783804 : Checking image 2 crop x1 136
1609119069266900606 : Checking image 2 crop y1 215
1609119069266937407 : Checking image 2 crop x2 2219
1609119069266971008 : Checking image 2 crop y2 3406
1609119069309630531 : Checking image 1 dpi 300
1609119069309730034 : Checking image 1 border top 188
1609119069309763034 : Checking image 1 border bottom 97
1609119069309794635 : Checking image 1 border left 192
1609119069309825336 : Checking image 1 border right 192
1609119069312058784 : Checking image 2 dpi 300
1609119069312141886 : Checking image 2 border top 200
1609119069312174086 : Checking image 2 border bottom 95
1609119069312204487 : Checking image 2 border left 188
1609119069312234388 : Checking image 2 border right 188

</system-out><system-err>--------------------------------- Captured Err ---------------------------------

</system-err></testcase><testcase classname="tests.test_images" name="test_single_page_png" time="23.327"><system-out>--------------------------------- Captured Log ---------------------------------

--------------------------------- Captured Out ---------------------------------
/home/runner/work/ocr-book/ocr-book/tests/single_page.png
1609119018719603739 : Checking separation double page angle 90.04999999999998
1609119018719723540 : Checking separation double page y=0 2476
1609119023690443555 : Checking page rotation 1 0.0
1609119024198004012 : Checking page rotation 2 0.0
1609119031003514335 : Checking image 1 crop x1 1
1609119031003596836 : Checking image 1 crop y1 8
1609119031003629836 : Checking image 1 crop x2 2470
1609119031003660736 : Checking image 1 crop y2 3505
1609119031515664032 : Checking image 2 crop x1 0
1609119031515734432 : Checking image 2 crop y1 0
1609119031515765433 : Checking image 2 crop x2 0
1609119031515793133 : Checking image 2 crop y2 0
1609119031515859033 : Checking image 1 dpi 300
1609119031515916234 : Checking image 1 border top 5
1609119031515950634 : Checking image 1 border bottom 5
1609119031515980234 : Checking image 1 border left 6
1609119031516010534 : Checking image 1 border right 6
1609119031521863172 : Checking image 2 border top 0
1609119031521923272 : Checking image 2 border bottom 0
1609119031521963672 : Checking image 2 border left 0
1609119031521992073 : Checking image 2 border right 0

</system-out><system-err>--------------------------------- Captured Err ---------------------------------

</system-err></testcase><testcase classname="tests.test_images" name="test_wrong_split_line_4_png" time="29.461"><system-out>--------------------------------- Captured Log ---------------------------------

--------------------------------- Captured Out ---------------------------------
/home/runner/work/ocr-book/ocr-book/tests/wrong_split_line_4.png
1609119047243031478 : Checking separation double page angle 91.04999999999998
1609119047243139478 : Checking separation double page y=0 60
1609119047510887731 : Checking page rotation 1 1.05
1609119057625195247 : Checking page rotation 2 1.1500000000000001
1609119058186721336 : Checking image 1 crop x1 0
1609119058186784836 : Checking image 1 crop y1 0
1609119058186811736 : Checking image 1 crop x2 0
1609119058186836737 : Checking image 1 crop y2 0
1609119061270682521 : Checking image 2 crop x1 292
1609119061270780322 : Checking image 2 crop y1 330
1609119061270815723 : Checking image 2 crop x2 2314
1609119061270845323 : Checking image 2 crop y2 3218
1609119061311025404 : Checking image 1 border top 0
1609119061311092104 : Checking image 1 border bottom 0
1609119061311122205 : Checking image 1 border left 0
1609119061311151605 : Checking image 1 border right 0
1609119061311202605 : Checking image 2 dpi 300
1609119061311271506 : Checking image 2 border top 322
1609119061311302206 : Checking image 2 border bottom 277
1609119061311332807 : Checking image 2 border left 219
1609119061311362707 : Checking image 2 border right 219

</system-out><system-err>--------------------------------- Captured Err ---------------------------------

</system-err></testcase><testcase classname="tests.test_images" name="test_failed_split_line_line_algo_3_png" time="22.685"><system-out>--------------------------------- Captured Log ---------------------------------

--------------------------------- Captured Out ---------------------------------
/home/runner/work/ocr-book/ocr-book/tests/failed_split_line_line_algo_3.png
1609119074286962724 : Checking separation double page angle 90.0
1609119074287074925 : Checking separation double page y=0 40
1609119074450398482 : Checking page rotation 1 0.0
1609119078071938766 : Checking page rotation 2 0.0
1609119078478281345 : Checking image 1 crop x1 0
1609119078478341746 : Checking image 1 crop y1 0
1609119078478368046 : Checking image 1 crop x2 0
1609119078478393246 : Checking image 1 crop y2 0
1609119083975505295 : Checking image 2 crop x1 246
1609119083975595696 : Checking image 2 crop y1 154
1609119083975627696 : Checking image 2 crop x2 2259
1609119083975656897 : Checking image 2 crop y2 3361
1609119084009057773 : Checking image 1 border top 0
1609119084009119674 : Checking image 1 border bottom 0
1609119084009149074 : Checking image 1 border left 0
1609119084009175274 : Checking image 1 border right 0
1609119084009222875 : Checking image 2 dpi 300
1609119084009290976 : Checking image 2 border top 146
1609119084009319176 : Checking image 2 border bottom 134
1609119084009345976 : Checking image 2 border left 223
1609119084009374377 : Checking image 2 border right 223

</system-out><system-err>--------------------------------- Captured Err ---------------------------------

</system-err></testcase><testcase classname="tests.test_images" name="test_no_split_line_wave_algo_3_png" time="17.139"><system-out>--------------------------------- Captured Log ---------------------------------

--------------------------------- Captured Out ---------------------------------
/home/runner/work/ocr-book/ocr-book/tests/no_split_line_wave_algo_3.png
1609119079300061006 : Checking separation double page angle 90.14999999999998
1609119079300172707 : Checking separation double page y=0 2408
1609119081900945116 : Checking page rotation 1 0.0
1609119082247126917 : Checking page rotation 2 0.35
1609119085971328714 : Checking image 1 crop x1 184
1609119085971421716 : Checking image 1 crop y1 2957
1609119085971457316 : Checking image 1 crop x2 2201
1609119085971489117 : Checking image 1 crop y2 3202
1609119086448400873 : Checking image 2 crop x1 0
1609119086448466574 : Checking image 2 crop y1 0
1609119086448495974 : Checking image 2 crop x2 0
1609119086448524475 : Checking image 2 crop y2 0
1609119086448594476 : Checking image 1 dpi 300
1609119086448655477 : Checking image 1 border top 2950
1609119086448687178 : Checking image 1 border bottom 292
1609119086448717778 : Checking image 1 border left 221
1609119086448747879 : Checking image 1 border right 221
1609119086453492564 : Checking image 2 border top 0
1609119086453549865 : Checking image 2 border bottom 0
1609119086453579566 : Checking image 2 border left 0
1609119086453609266 : Checking image 2 border right 0

</system-out><system-err>--------------------------------- Captured Err ---------------------------------

</system-err></testcase></testsuite></testsuites>