<?xml version="1.0" encoding="utf-8"?><testsuites><testsuite errors="0" failures="0" hostname="fv-az137-914" name="pytest" skipped="0" tests="36" time="982.534" timestamp="2020-12-27T10:40:09.482683"><testcase classname="tests.test_features" name="test_mock_stop_at_0" time="0.052"><system-out>--------------------------------- Captured Log ---------------------------------

--------------------------------- Captured Out ---------------------------------
/home/runner/work/ocr-book/ocr-book/tests/0001_0.png

</system-out><system-err>--------------------------------- Captured Err ---------------------------------

</system-err></testcase><testcase classname="tests.test_features" name="test_disabled_enable_debug" time="46.685"><system-out>--------------------------------- Captured Log ---------------------------------

--------------------------------- Captured Out ---------------------------------
/home/runner/work/ocr-book/ocr-book/tests/0001_debug.png
separation double page angle 90.5528088189967
separation double page y=0 2485
page rotation 1 0.75
page rotation 2 0.2
image 1 crop x1 330
image 1 crop y1 336
image 1 crop x2 2343
image 1 crop y2 3223
image 2 crop x1 169
image 2 crop y1 648
image 2 crop x2 2186
image 2 crop y2 3361
image 1 dpi 300
image 1 border top 333
image 1 border bottom 266
image 1 border left 223
image 1 border right 223
image 2 dpi 300
image 2 border top 643
image 2 border bottom 131
image 2 border left 221
image 2 border right 221

</system-out><system-err>--------------------------------- Captured Err ---------------------------------

</system-err></testcase><testcase classname="tests.test_features" name="test_mock_stop_at_2" time="41.522"><system-out>--------------------------------- Captured Log ---------------------------------

--------------------------------- Captured Out ---------------------------------
/home/runner/work/ocr-book/ocr-book/tests/0001_2.png
separation double page angle 90.5528088189967
separation double page y=0 2485
page rotation 1 0.75
page rotation 2 0.2

</system-out><system-err>--------------------------------- Captured Err ---------------------------------

</system-err></testcase><testcase classname="tests.test_features" name="test_mock_stop_at_4" time="45.816"><system-out>--------------------------------- Captured Log ---------------------------------

--------------------------------- Captured Out ---------------------------------
/home/runner/work/ocr-book/ocr-book/tests/0001_4.png
separation double page angle 90.5528088189967
separation double page y=0 2485
page rotation 1 0.75
page rotation 2 0.2
image 1 crop x1 330
image 1 crop y1 336
image 1 crop x2 2343
image 1 crop y2 3223
image 2 crop x1 169
image 2 crop y1 648
image 2 crop x2 2186
image 2 crop y2 3361
image 1 dpi 300
image 1 border top 333
image 1 border bottom 266
image 1 border left 223
image 1 border right 223
image 2 dpi 300
image 2 border top 643
image 2 border bottom 131
image 2 border left 221
image 2 border right 221

</system-out><system-err>--------------------------------- Captured Err ---------------------------------

</system-err></testcase><testcase classname="tests.test_features" name="test_mock_stop_at_1" time="27.360"><system-out>--------------------------------- Captured Log ---------------------------------

--------------------------------- Captured Out ---------------------------------
/home/runner/work/ocr-book/ocr-book/tests/0001_1.png
separation double page angle 90.5528088189967
separation double page y=0 2485

</system-out><system-err>--------------------------------- Captured Err ---------------------------------

</system-err></testcase><testcase classname="tests.test_features" name="test_mock_stop_at_3" time="44.909"><system-out>--------------------------------- Captured Log ---------------------------------

--------------------------------- Captured Out ---------------------------------
/home/runner/work/ocr-book/ocr-book/tests/0001_3.png
separation double page angle 90.5528088189967
separation double page y=0 2485
page rotation 1 0.75
page rotation 2 0.2
image 1 crop x1 330
image 1 crop y1 336
image 1 crop x2 2343
image 1 crop y2 3223
image 2 crop x1 169
image 2 crop y1 648
image 2 crop x2 2186
image 2 crop y2 3361

</system-out><system-err>--------------------------------- Captured Err ---------------------------------

</system-err></testcase><testcase classname="tests.test_images" name="test_0001_png" time="57.054"><system-out>--------------------------------- Captured Log ---------------------------------

--------------------------------- Captured Out ---------------------------------
/home/runner/work/ocr-book/ocr-book/tests/0001.png
1609065731428530008 : Checking separation double page angle 90.5528088189967
1609065731428658816 : Checking separation double page y=0 2485
1609065738567312937 : Checking page rotation 1 0.75
1609065747450551623 : Checking page rotation 2 0.2
1609065751338426138 : Checking image 1 crop x1 330
1609065751338571247 : Checking image 1 crop y1 336
1609065751338614550 : Checking image 1 crop x2 2343
1609065751338652252 : Checking image 1 crop y2 3223
1609065754974184929 : Checking image 2 crop x1 169
1609065754974327038 : Checking image 2 crop y1 648
1609065754974371641 : Checking image 2 crop x2 2186
1609065754974409943 : Checking image 2 crop y2 3361
1609065755010603440 : Checking image 1 dpi 300
1609065755010718348 : Checking image 1 border top 333
1609065755010759750 : Checking image 1 border bottom 266
1609065755010797253 : Checking image 1 border left 223
1609065755010833255 : Checking image 1 border right 223
1609065755012793980 : Checking image 2 dpi 300
1609065755012879585 : Checking image 2 border top 643
1609065755012918087 : Checking image 2 border bottom 131
1609065755012954290 : Checking image 2 border left 221
1609065755012989992 : Checking image 2 border right 221

</system-out><system-err>--------------------------------- Captured Err ---------------------------------

</system-err></testcase><testcase classname="tests.test_features" name="test_mock_stop_at_5" time="46.145"><system-out>--------------------------------- Captured Log ---------------------------------

--------------------------------- Captured Out ---------------------------------
/home/runner/work/ocr-book/ocr-book/tests/0001_5.png
separation double page angle 90.5528088189967
separation double page y=0 2485
page rotation 1 0.75
page rotation 2 0.2
image 1 crop x1 330
image 1 crop y1 336
image 1 crop x2 2343
image 1 crop y2 3223
image 2 crop x1 169
image 2 crop y1 648
image 2 crop x2 2186
image 2 crop y2 3361
image 1 dpi 300
image 1 border top 333
image 1 border bottom 266
image 1 border left 223
image 1 border right 223
image 2 dpi 300
image 2 border top 643
image 2 border bottom 131
image 2 border left 221
image 2 border right 221

</system-out><system-err>--------------------------------- Captured Err ---------------------------------

</system-err></testcase><testcase classname="tests.test_images" name="test_black_border_not_removed_png" time="64.720"><system-out>--------------------------------- Captured Log ---------------------------------

--------------------------------- Captured Out ---------------------------------
/home/runner/work/ocr-book/ocr-book/tests/black-border-not-removed.png
1609065790882987980 : Checking separation double page angle 90.033171103531
1609065790883105187 : Checking separation double page y=0 2455
1609065797757880825 : Checking page rotation 1 0.0
1609065808715228016 : Checking page rotation 2 0.0
1609065813508692025 : Checking image 1 crop x1 297
1609065813508832134 : Checking image 1 crop y1 143
1609065813508875537 : Checking image 1 crop x2 2309
1609065813508913540 : Checking image 1 crop y2 3346
1609065819683612946 : Checking image 2 crop x1 159
1609065819683749254 : Checking image 2 crop y1 145
1609065819683791557 : Checking image 2 crop x2 2171
1609065819683831260 : Checking image 2 crop y2 3352
1609065819721935902 : Checking image 1 dpi 300
1609065819722059010 : Checking image 1 border top 132
1609065819722100212 : Checking image 1 border bottom 152
1609065819722137015 : Checking image 1 border left 224
1609065819722172517 : Checking image 1 border right 224
1609065819724272851 : Checking image 2 dpi 300
1609065819724358157 : Checking image 2 border top 132
1609065819724393859 : Checking image 2 border bottom 148
1609065819724444462 : Checking image 2 border left 224
1609065819724480165 : Checking image 2 border right 224

</system-out><system-err>--------------------------------- Captured Err ---------------------------------

</system-err></testcase><testcase classname="tests.test_images" name="test_2_pages_2_contours_png" time="36.834"><system-out>--------------------------------- Captured Log ---------------------------------

--------------------------------- Captured Out ---------------------------------
/home/runner/work/ocr-book/ocr-book/tests/2-pages-2-contours.png
1609065797679821315 : Checking separation double page angle 90.09036871657068
1609065797679942723 : Checking separation double page y=0 2486
1609065799957294089 : Checking page rotation 1 0.05
1609065806743749823 : Checking page rotation 2 0.30000000000000004
1609065808647744987 : Checking image 1 crop x1 1189
1609065808647858394 : Checking image 1 crop y1 1751
1609065808647894896 : Checking image 1 crop x2 1190
1609065808647927198 : Checking image 1 crop y2 1752
1609065812481550971 : Checking image 2 crop x1 101
1609065812481684379 : Checking image 2 crop y1 240
1609065812481726782 : Checking image 2 crop x2 2148
1609065812481767185 : Checking image 2 crop y2 3239
1609065812517119053 : Checking image 1 dpi 300
1609065812517229160 : Checking image 1 border top 1752
1609065812517268763 : Checking image 1 border bottom 1753
1609065812517303165 : Checking image 1 border left 1239
1609065812517336867 : Checking image 1 border right 1239
1609065812518758758 : Checking image 2 dpi 300
1609065812518851064 : Checking image 2 border top 230
1609065812518886966 : Checking image 2 border bottom 258
1609065812518920869 : Checking image 2 border left 206
1609065812518957171 : Checking image 2 border right 206

</system-out><system-err>--------------------------------- Captured Err ---------------------------------

</system-err></testcase><testcase classname="tests.test_images" name="test_wrong_split_line_png" time="44.413"><system-out>--------------------------------- Captured Log ---------------------------------

--------------------------------- Captured Out ---------------------------------
/home/runner/work/ocr-book/ocr-book/tests/wrong_split_line.png
1609065839631721155 : Checking separation double page angle 89.93395720607973
1609065839631831062 : Checking separation double page y=0 2465
1609065845255958147 : Checking page rotation 1 -0.14999999999999067
1609065851488498977 : Checking page rotation 2 0.5
1609065854128036858 : Checking image 1 crop x1 213
1609065854128176266 : Checking image 1 crop y1 157
1609065854128219269 : Checking image 1 crop x2 2323
1609065854128261672 : Checking image 1 crop y2 3362
1609065856889937722 : Checking image 2 crop x1 125
1609065856890072831 : Checking image 2 crop y1 165
1609065856890116034 : Checking image 2 crop x2 2237
1609065856890156836 : Checking image 2 crop y2 3374
1609065856927274308 : Checking image 1 dpi 300
1609065856927389415 : Checking image 1 border top 134
1609065856927429118 : Checking image 1 border bottom 148
1609065856927463320 : Checking image 1 border left 175
1609065856927497022 : Checking image 1 border right 175
1609065856929473348 : Checking image 2 dpi 300
1609065856929559454 : Checking image 2 border top 143
1609065856929595556 : Checking image 2 border bottom 135
1609065856929629258 : Checking image 2 border left 174
1609065856929662761 : Checking image 2 border right 174

</system-out><system-err>--------------------------------- Captured Err ---------------------------------

</system-err></testcase><testcase classname="tests.test_images" name="test_image_failed_to_rotate_png" time="65.091"><system-out>--------------------------------- Captured Log ---------------------------------

--------------------------------- Captured Out ---------------------------------
/home/runner/work/ocr-book/ocr-book/tests/image_failed_to_rotate.png
1609065853738001337 : Checking separation double page angle 90.13063640287984
1609065853738119545 : Checking separation double page y=0 2479
1609065858912286335 : Checking page rotation 1 0.35
1609065867233836757 : Checking page rotation 2 0.45
1609065879151576913 : Checking image 1 crop x1 34
1609065879151716522 : Checking image 1 crop y1 1
1609065879151761425 : Checking image 1 crop x2 2477
1609065879151801427 : Checking image 1 crop y2 3500
1609065884678074648 : Checking image 2 crop x1 167
1609065884678224057 : Checking image 2 crop y1 234
1609065884678267260 : Checking image 2 crop x2 2246
1609065884678307163 : Checking image 2 crop y2 3355
1609065884723116445 : Checking image 1 dpi 300
1609065884723242853 : Checking image 1 border top 4
1609065884723285956 : Checking image 1 border bottom 4
1609065884723322758 : Checking image 1 border left 19
1609065884723359060 : Checking image 1 border right 19
1609065884725461495 : Checking image 2 dpi 300
1609065884725554401 : Checking image 2 border top 218
1609065884725592304 : Checking image 2 border bottom 148
1609065884725628106 : Checking image 2 border left 190
1609065884725663608 : Checking image 2 border right 190

</system-out><system-err>--------------------------------- Captured Err ---------------------------------

</system-err></testcase><testcase classname="tests.test_images" name="test_crop_too_much_png" time="78.919"><system-out>--------------------------------- Captured Log ---------------------------------

--------------------------------- Captured Out ---------------------------------
/home/runner/work/ocr-book/ocr-book/tests/crop_too_much.png
1609065901772517063 : Checking separation double page angle 90.13239409272954
1609065901772627070 : Checking separation double page y=0 2455
1609065913564547534 : Checking page rotation 1 0.0
1609065925751784449 : Checking page rotation 2 0.45
1609065930954340585 : Checking image 1 crop x1 303
1609065930954479794 : Checking image 1 crop y1 148
1609065930954522297 : Checking image 1 crop x2 2313
1609065930954560199 : Checking image 1 crop y2 3351
1609065935779571375 : Checking image 2 crop x1 168
1609065935779708485 : Checking image 2 crop y1 155
1609065935779751489 : Checking image 2 crop x2 2179
1609065935779791492 : Checking image 2 crop y2 3359
1609065935830018155 : Checking image 1 dpi 300
1609065935830140665 : Checking image 1 border top 132
1609065935830179168 : Checking image 1 border bottom 152
1609065935830213970 : Checking image 1 border left 225
1609065935830247773 : Checking image 1 border right 225
1609065935832222625 : Checking image 2 dpi 300
1609065935832306531 : Checking image 2 border top 140
1609065935832342034 : Checking image 2 border bottom 143
1609065935832375537 : Checking image 2 border left 224
1609065935832409339 : Checking image 2 border right 224

</system-out><system-err>--------------------------------- Captured Err ---------------------------------

</system-err></testcase><testcase classname="tests.test_images" name="test_image_failed_to_crop_data_png" time="64.038"><system-out>--------------------------------- Captured Log ---------------------------------

--------------------------------- Captured Out ---------------------------------
/home/runner/work/ocr-book/ocr-book/tests/image_failed_to_crop_data.png
1609065918018165108 : Checking separation double page angle 90.053197600644
1609065918018284516 : Checking separation double page y=0 2480
1609065924140074353 : Checking page rotation 1 0.2
1609065930573822346 : Checking page rotation 2 0.0
1609065943643721911 : Checking image 1 crop x1 47
1609065943643863520 : Checking image 1 crop y1 7
1609065943643906023 : Checking image 1 crop x2 2478
1609065943643943326 : Checking image 1 crop y2 3502
1609065948768145639 : Checking image 2 crop x1 160
1609065948768283649 : Checking image 2 crop y1 217
1609065948768323652 : Checking image 2 crop x2 2242
1609065948768360854 : Checking image 2 crop y2 3350
1609065948803136832 : Checking image 1 dpi 300
1609065948803262541 : Checking image 1 border top 6
1609065948803305644 : Checking image 1 border bottom 6
1609065948803342746 : Checking image 1 border left 25
1609065948803378949 : Checking image 1 border right 25
1609065948805510395 : Checking image 2 dpi 300
1609065948805604601 : Checking image 2 border top 206
1609065948805642704 : Checking image 2 border bottom 148
1609065948805678906 : Checking image 2 border left 189
1609065948805714108 : Checking image 2 border right 189

</system-out><system-err>--------------------------------- Captured Err ---------------------------------

</system-err></testcase><testcase classname="tests.test_images" name="test_crop_too_few_png" time="46.507"><system-out>--------------------------------- Captured Log ---------------------------------

--------------------------------- Captured Out ---------------------------------
/home/runner/work/ocr-book/ocr-book/tests/crop_too_few.png
1609065963963421769 : Checking separation double page angle 89.54670238452755
1609065963963535076 : Checking separation double page y=0 2512
1609065970231193277 : Checking page rotation 1 -0.6499999999999977
1609065976495471542 : Checking page rotation 2 0.0
1609065979522570981 : Checking image 1 crop x1 263
1609065979522709790 : Checking image 1 crop y1 150
1609065979522752493 : Checking image 1 crop x2 2377
1609065979522791096 : Checking image 1 crop y2 3357
1609065982332469472 : Checking image 2 crop x1 137
1609065982332606581 : Checking image 2 crop y1 141
1609065982332648884 : Checking image 2 crop x2 2259
1609065982332688687 : Checking image 2 crop y2 3345
1609065982366399499 : Checking image 1 dpi 300
1609065982366513507 : Checking image 1 border top 129
1609065982366551910 : Checking image 1 border bottom 150
1609065982366586512 : Checking image 1 border left 173
1609065982366620114 : Checking image 1 border right 173
1609065982368378935 : Checking image 2 dpi 300
1609065982368459440 : Checking image 2 border top 130
1609065982368498143 : Checking image 2 border bottom 153
1609065982368531945 : Checking image 2 border left 169
1609065982368565848 : Checking image 2 border right 169

</system-out><system-err>--------------------------------- Captured Err ---------------------------------

</system-err></testcase><testcase classname="tests.test_images" name="test_wrong_angle_split_line_png" time="72.072"><system-out>--------------------------------- Captured Log ---------------------------------

--------------------------------- Captured Out ---------------------------------
/home/runner/work/ocr-book/ocr-book/tests/wrong_angle_split_line.png
1609065983637327376 : Checking separation double page angle 90.09193420006348
1609065983637439384 : Checking separation double page y=0 2478
1609065991913563035 : Checking page rotation 1 0.05
1609066000605261429 : Checking page rotation 2 0.0
1609066014208569665 : Checking image 1 crop x1 58
1609066014208722676 : Checking image 1 crop y1 7
1609066014208764979 : Checking image 1 crop x2 2472
1609066014208804782 : Checking image 1 crop y2 3505
1609066019976577599 : Checking image 2 crop x1 163
1609066019976724109 : Checking image 2 crop y1 217
1609066019976766712 : Checking image 2 crop x2 2246
1609066019976807015 : Checking image 2 crop y2 3350
1609066020160263811 : Checking image 1 dpi 300
1609066020160391420 : Checking image 1 border top 5
1609066020160434323 : Checking image 1 border bottom 5
1609066020160470426 : Checking image 1 border left 33
1609066020160506228 : Checking image 1 border right 33
1609066020171795903 : Checking image 2 dpi 300
1609066020171908411 : Checking image 2 border top 206
1609066020171943913 : Checking image 2 border bottom 148
1609066020171982316 : Checking image 2 border left 188
1609066020172015618 : Checking image 2 border right 188

</system-out><system-err>--------------------------------- Captured Err ---------------------------------

</system-err></testcase><testcase classname="tests.test_images" name="test_crop_too_much_2_png" time="86.832"><system-out>--------------------------------- Captured Log ---------------------------------

--------------------------------- Captured Out ---------------------------------
/home/runner/work/ocr-book/ocr-book/tests/crop_too_much_2.png
1609066032096064395 : Checking separation double page angle 90.1149074900787
1609066032096173303 : Checking separation double page y=0 2478
1609066044102462235 : Checking page rotation 1 0.2
1609066058094738752 : Checking page rotation 2 0.2
1609066062945520103 : Checking image 1 crop x1 332
1609066062945661813 : Checking image 1 crop y1 131
1609066062945704715 : Checking image 1 crop x2 2342
1609066062945743318 : Checking image 1 crop y2 3336
1609066069106868432 : Checking image 2 crop x1 162
1609066069107011242 : Checking image 2 crop y1 139
1609066069107053245 : Checking image 2 crop x2 2175
1609066069107093647 : Checking image 2 crop y2 3345
1609066069162976584 : Checking image 1 dpi 300
1609066069163095692 : Checking image 1 border top 119
1609066069163133595 : Checking image 1 border bottom 163
1609066069163167997 : Checking image 1 border left 225
1609066069163201600 : Checking image 1 border right 225
1609066069164988022 : Checking image 2 dpi 300
1609066069165071028 : Checking image 2 border top 130
1609066069165106531 : Checking image 2 border bottom 151
1609066069165140033 : Checking image 2 border left 223
1609066069165173535 : Checking image 2 border right 223

</system-out><system-err>--------------------------------- Captured Err ---------------------------------

</system-err></testcase><testcase classname="tests.test_images" name="test_angle_page_lower_split_line_png" time="55.628"><system-out>--------------------------------- Captured Log ---------------------------------

--------------------------------- Captured Out ---------------------------------
/home/runner/work/ocr-book/ocr-book/tests/angle_page_lower_split_line.png
1609066053563470038 : Checking separation double page angle 89.74927707086691
1609066053563586946 : Checking separation double page y=0 2474
1609066062659856790 : Checking page rotation 1 -0.4000000000000005
1609066069608055277 : Checking page rotation 2 0.2
1609066073033031132 : Checking image 1 crop x1 244
1609066073033179442 : Checking image 1 crop y1 160
1609066073033222045 : Checking image 1 crop x2 2350
1609066073033262247 : Checking image 1 crop y2 3365
1609066076538936813 : Checking image 2 crop x1 150
1609066076539083223 : Checking image 2 crop y1 147
1609066076539126626 : Checking image 2 crop x2 2257
1609066076539166328 : Checking image 2 crop y2 3350
1609066076578611022 : Checking image 1 dpi 300
1609066076578737730 : Checking image 1 border top 144
1609066076578779633 : Checking image 1 border bottom 138
1609066076578816636 : Checking image 1 border left 177
1609066076578852438 : Checking image 1 border right 177
1609066076580902978 : Checking image 2 dpi 300
1609066076580994484 : Checking image 2 border top 130
1609066076581033287 : Checking image 2 border bottom 154
1609066076581069189 : Checking image 2 border left 176
1609066076581105392 : Checking image 2 border right 176

</system-out><system-err>--------------------------------- Captured Err ---------------------------------

</system-err></testcase><testcase classname="tests.test_images" name="test_wrong_split_line_2_png" time="89.057"><system-out>--------------------------------- Captured Log ---------------------------------

--------------------------------- Captured Out ---------------------------------
/home/runner/work/ocr-book/ocr-book/tests/wrong_split_line_2.png
1609066114797830580 : Checking separation double page angle 90.19944704411863
1609066114797940187 : Checking separation double page y=0 2437
1609066127169009457 : Checking page rotation 1 0.2
1609066140774147029 : Checking page rotation 2 0.4
1609066148078290019 : Checking image 1 crop x1 294
1609066148078437029 : Checking image 1 crop y1 136
1609066148078477632 : Checking image 1 crop x2 2325
1609066148078516434 : Checking image 1 crop y2 3376
1609066158184014291 : Checking image 2 crop x1 140
1609066158184157701 : Checking image 2 crop y1 192
1609066158184200103 : Checking image 2 crop x2 2167
1609066158184240106 : Checking image 2 crop y2 3386
1609066158235358819 : Checking image 1 dpi 300
1609066158235479427 : Checking image 1 border top 131
1609066158235518830 : Checking image 1 border bottom 116
1609066158235553632 : Checking image 1 border left 214
1609066158235588134 : Checking image 1 border right 214
1609066158237408760 : Checking image 2 dpi 300
1609066158237493165 : Checking image 2 border top 183
1609066158237528768 : Checking image 2 border bottom 110
1609066158237562070 : Checking image 2 border left 216
1609066158237594872 : Checking image 2 border right 216

</system-out><system-err>--------------------------------- Captured Err ---------------------------------

</system-err></testcase><testcase classname="tests.test_images" name="test_wrong_wave_split_line_png" time="84.564"><system-out>--------------------------------- Captured Log ---------------------------------

--------------------------------- Captured Out ---------------------------------
/home/runner/work/ocr-book/ocr-book/tests/wrong_wave_split_line.png
1609066119700522578 : Checking separation double page angle 90.37878604107719
1609066119700643686 : Checking separation double page y=0 2500
1609066131503010917 : Checking page rotation 1 -0.14999999999999067
1609066142541423093 : Checking page rotation 2 0.85
1609066151640419489 : Checking image 1 crop x1 385
1609066151640562299 : Checking image 1 crop y1 179
1609066151640606102 : Checking image 1 crop x2 2411
1609066151640644305 : Checking image 1 crop y2 3374
1609066161074974132 : Checking image 2 crop x1 8
1609066161075121442 : Checking image 2 crop y1 0
1609066161075164245 : Checking image 2 crop x2 2415
1609066161075204348 : Checking image 2 crop y2 3505
1609066161131108589 : Checking image 1 dpi 300
1609066161131234698 : Checking image 1 border top 173
1609066161131275800 : Checking image 1 border bottom 119
1609066161131312503 : Checking image 1 border left 217
1609066161131348605 : Checking image 1 border right 217
1609066161133581059 : Checking image 2 dpi 300
1609066161133681466 : Checking image 2 border top 1
1609066161133723969 : Checking image 2 border bottom 1
1609066161133759871 : Checking image 2 border left 37
1609066161133820475 : Checking image 2 border right 37

</system-out><system-err>--------------------------------- Captured Err ---------------------------------

</system-err></testcase><testcase classname="tests.test_images" name="test_small_wave_png" time="73.949"><system-out>--------------------------------- Captured Log ---------------------------------

--------------------------------- Captured Out ---------------------------------
/home/runner/work/ocr-book/ocr-book/tests/small_wave.png
1609066205467262468 : Checking separation double page angle 90.58816928841564
1609066205467375276 : Checking separation double page y=0 2497
1609066216218881390 : Checking page rotation 1 0.65
1609066226039343768 : Checking page rotation 2 0.75
1609066229151522981 : Checking image 1 crop x1 320
1609066229151663791 : Checking image 1 crop y1 199
1609066229151706493 : Checking image 1 crop x2 2353
1609066229151744496 : Checking image 1 crop y2 3394
1609066232142515462 : Checking image 2 crop x1 132
1609066232142648771 : Checking image 2 crop y1 224
1609066232142692074 : Checking image 2 crop x2 2160
1609066232142732576 : Checking image 2 crop y2 3419
1609066232185851234 : Checking image 1 dpi 300
1609066232185962642 : Checking image 1 border top 179
1609066232186001844 : Checking image 1 border bottom 112
1609066232186036747 : Checking image 1 border left 213
1609066232186070749 : Checking image 1 border right 213
1609066232187813969 : Checking image 2 dpi 300
1609066232187892874 : Checking image 2 border top 197
1609066232187928177 : Checking image 2 border bottom 95
1609066232187961979 : Checking image 2 border left 216
1609066232187995881 : Checking image 2 border right 216

</system-out><system-err>--------------------------------- Captured Err ---------------------------------

</system-err></testcase><testcase classname="tests.test_images" name="test_no_split_line_line_algo_png" time="53.724"><system-out>--------------------------------- Captured Log ---------------------------------

--------------------------------- Captured Out ---------------------------------
/home/runner/work/ocr-book/ocr-book/tests/no_split_line_line_algo.png
1609066192373335937 : Checking separation double page angle 89.47691469185418
1609066192373445045 : Checking separation double page y=0 2476
1609066197685699989 : Checking page rotation 1 -0.14999999999999067
1609066207377227726 : Checking page rotation 2 -0.44999999999999746
1609066210154105116 : Checking image 1 crop x1 205
1609066210154251226 : Checking image 1 crop y1 158
1609066210154294229 : Checking image 1 crop x2 2320
1609066210154334831 : Checking image 1 crop y2 3366
1609066214830538650 : Checking image 2 crop x1 185
1609066214830683460 : Checking image 2 crop y1 221
1609066214830726263 : Checking image 2 crop x2 2201
1609066214830766266 : Checking image 2 crop y2 3366
1609066214876066877 : Checking image 1 dpi 300
1609066214876194085 : Checking image 1 border top 144
1609066214876234788 : Checking image 1 border bottom 134
1609066214876271691 : Checking image 1 border left 172
1609066214876307493 : Checking image 1 border right 172
1609066214878408637 : Checking image 2 dpi 300
1609066214878509444 : Checking image 2 border top 219
1609066214878547747 : Checking image 2 border bottom 123
1609066214878583849 : Checking image 2 border left 222
1609066214878619552 : Checking image 2 border right 222

</system-out><system-err>--------------------------------- Captured Err ---------------------------------

</system-err></testcase><testcase classname="tests.test_images" name="test_failed_split_line_line_algo_png" time="28.901"><system-out>--------------------------------- Captured Log ---------------------------------

--------------------------------- Captured Out ---------------------------------
/home/runner/work/ocr-book/ocr-book/tests/failed_split_line_line_algo.png
1609066233645156534 : Checking separation double page angle 90.04134220573248
1609066233645271342 : Checking separation double page y=0 2573
1609066237221821874 : Checking page rotation 1 -0.14999999999999067
1609066239588976784 : Checking page rotation 2 0.0
1609066242099482358 : Checking image 1 crop x1 407
1609066242099629068 : Checking image 1 crop y1 2925
1609066242099682472 : Checking image 1 crop x2 2419
1609066242099735276 : Checking image 1 crop y2 3174
1609066243806352322 : Checking image 2 crop x1 1184
1609066243806484031 : Checking image 2 crop y1 1748
1609066243806524334 : Checking image 2 crop x2 1185
1609066243806561336 : Checking image 2 crop y2 1749
1609066243806863457 : Checking image 1 dpi 300
1609066243806955563 : Checking image 1 border top 2922
1609066243806995066 : Checking image 1 border bottom 316
1609066243807031369 : Checking image 1 border left 224
1609066243807067371 : Checking image 1 border right 224
1609066243808588876 : Checking image 2 dpi 300
1609066243808679182 : Checking image 2 border top 1752
1609066243808717384 : Checking image 2 border bottom 1753
1609066243808753387 : Checking image 2 border left 1239
1609066243808788889 : Checking image 2 border right 1239

</system-out><system-err>--------------------------------- Captured Err ---------------------------------

</system-err></testcase><testcase classname="tests.test_images" name="test_wrong_split_line_3_png" time="59.188"><system-out>--------------------------------- Captured Log ---------------------------------

--------------------------------- Captured Out ---------------------------------
/home/runner/work/ocr-book/ocr-book/tests/wrong_split_line_3.png
1609066267742951143 : Checking separation double page angle 90.43729500214694
1609066267743061251 : Checking separation double page y=0 2498
1609066277293650373 : Checking page rotation 1 0.30000000000000004
1609066284541637454 : Checking page rotation 2 0.9
1609066288237188536 : Checking image 1 crop x1 331
1609066288237333446 : Checking image 1 crop y1 165
1609066288237374349 : Checking image 1 crop x2 2375
1609066288237413251 : Checking image 1 crop y2 3376
1609066291355345245 : Checking image 2 crop x1 102
1609066291355482354 : Checking image 2 crop y1 208
1609066291355525057 : Checking image 2 crop x2 2133
1609066291355565460 : Checking image 2 crop y2 3413
1609066291396070241 : Checking image 1 dpi 300
1609066291396184749 : Checking image 1 border top 157
1609066291396222652 : Checking image 1 border bottom 119
1609066291396256954 : Checking image 1 border left 208
1609066291396290056 : Checking image 1 border right 208
1609066291398129383 : Checking image 2 dpi 300
1609066291398216989 : Checking image 2 border top 187
1609066291398252591 : Checking image 2 border bottom 95
1609066291398285594 : Checking image 2 border left 214
1609066291398318696 : Checking image 2 border right 214

</system-out><system-err>--------------------------------- Captured Err ---------------------------------

</system-err></testcase><testcase classname="tests.test_images" name="test_failed_split_line_line_algo_2_png" time="67.323"><system-out>--------------------------------- Captured Log ---------------------------------

--------------------------------- Captured Out ---------------------------------
/home/runner/work/ocr-book/ocr-book/tests/failed_split_line_line_algo_2.png
1609066283001658667 : Checking separation double page angle 90.03068774449687
1609066283001780375 : Checking separation double page y=0 2500
1609066294422572460 : Checking page rotation 1 0.0
1609066304328445776 : Checking page rotation 2 0.6000000000000001
1609066307658167918 : Checking image 1 crop x1 272
1609066307658317429 : Checking image 1 crop y1 149
1609066307658360432 : Checking image 1 crop x2 2383
1609066307658398634 : Checking image 1 crop y2 3353
1609066311058907272 : Checking image 2 crop x1 121
1609066311059054282 : Checking image 2 crop y1 155
1609066311059096585 : Checking image 2 crop x2 2244
1609066311059135788 : Checking image 2 crop y2 3350
1609066311104123072 : Checking image 1 dpi 300
1609066311104250381 : Checking image 1 border top 138
1609066311104298284 : Checking image 1 border bottom 145
1609066311104335087 : Checking image 1 border left 174
1609066311104370489 : Checking image 1 border right 174
1609066311106522737 : Checking image 2 dpi 300
1609066311106618743 : Checking image 2 border top 136
1609066311106656946 : Checking image 2 border bottom 156
1609066311106693448 : Checking image 2 border left 168
1609066311106728951 : Checking image 2 border right 168

</system-out><system-err>--------------------------------- Captured Err ---------------------------------

</system-err></testcase><testcase classname="tests.test_images" name="test_crop_too_much_3_png" time="68.352"><system-out>--------------------------------- Captured Log ---------------------------------

--------------------------------- Captured Out ---------------------------------
/home/runner/work/ocr-book/ocr-book/tests/crop_too_much_3.png
1609066330669626247 : Checking separation double page angle 89.49330634783144
1609066330669740455 : Checking separation double page y=0 2498
1609066339202954422 : Checking page rotation 1 -0.8999999999999949
1609066350753507405 : Checking page rotation 2 -0.14999999999999067
1609066354950182312 : Checking image 1 crop x1 374
1609066354950329923 : Checking image 1 crop y1 258
1609066354950372325 : Checking image 1 crop x2 2385
1609066354950411528 : Checking image 1 crop y2 3459
1609066359693263889 : Checking image 2 crop x1 168
1609066359693401398 : Checking image 2 crop y1 228
1609066359693444001 : Checking image 2 crop x2 2181
1609066359693484704 : Checking image 2 crop y2 3417
1609066359743894663 : Checking image 1 dpi 300
1609066359744015571 : Checking image 1 border top 239
1609066359744053874 : Checking image 1 border bottom 47
1609066359744088476 : Checking image 1 border left 224
1609066359744121779 : Checking image 1 border right 224
1609066359745957605 : Checking image 2 dpi 300
1609066359746043611 : Checking image 2 border top 209
1609066359746079013 : Checking image 2 border bottom 89
1609066359746112315 : Checking image 2 border left 223
1609066359746145618 : Checking image 2 border right 223

</system-out><system-err>--------------------------------- Captured Err ---------------------------------

</system-err></testcase><testcase classname="tests.test_images" name="test_wrong_wave_split_line_2_png" time="72.869"><system-out>--------------------------------- Captured Log ---------------------------------

--------------------------------- Captured Out ---------------------------------
/home/runner/work/ocr-book/ocr-book/tests/wrong_wave_split_line_2.png
1609066352385907343 : Checking separation double page angle 90.7708958311329
1609066352386026452 : Checking separation double page y=0 2490
1609066361555253954 : Checking page rotation 1 0.4
1609066373353776485 : Checking page rotation 2 1.8
1609066377113109067 : Checking image 1 crop x1 224
1609066377113254677 : Checking image 1 crop y1 147
1609066377113297880 : Checking image 1 crop x2 2337
1609066377113337783 : Checking image 1 crop y2 3355
1609066383917609808 : Checking image 2 crop x1 107
1609066383917755818 : Checking image 2 crop y1 197
1609066383917826823 : Checking image 2 crop x2 2229
1609066383917869826 : Checking image 2 crop y2 3396
1609066383969471566 : Checking image 1 dpi 300
1609066383969596975 : Checking image 1 border top 137
1609066383969637878 : Checking image 1 border bottom 142
1609066383969674480 : Checking image 1 border left 173
1609066383969709783 : Checking image 1 border right 173
1609066383971519507 : Checking image 2 dpi 300
1609066383971608413 : Checking image 2 border top 171
1609066383971645815 : Checking image 2 border bottom 116
1609066383971681818 : Checking image 2 border left 169
1609066383971717220 : Checking image 2 border right 169

</system-out><system-err>--------------------------------- Captured Err ---------------------------------

</system-err></testcase><testcase classname="tests.test_images" name="test_wrong_wave_split_line_3_png" time="62.192"><system-out>--------------------------------- Captured Log ---------------------------------

--------------------------------- Captured Out ---------------------------------
/home/runner/work/ocr-book/ocr-book/tests/wrong_wave_split_line_3.png
1609066398477551922 : Checking separation double page angle 90.05826063695574
1609066398477668230 : Checking separation double page y=0 2514
1609066408441870931 : Checking page rotation 1 0.05
1609066415264685646 : Checking page rotation 2 0.30000000000000004
1609066418762030764 : Checking image 1 crop x1 273
1609066418762166673 : Checking image 1 crop y1 220
1609066418762223577 : Checking image 1 crop x2 2383
1609066418762261179 : Checking image 1 crop y2 3423
1609066421909818084 : Checking image 2 crop x1 114
1609066421909959394 : Checking image 2 crop y1 226
1609066421910004597 : Checking image 2 crop x2 2237
1609066421910044999 : Checking image 2 crop y2 3414
1609066421951043612 : Checking image 1 dpi 300
1609066421951157620 : Checking image 1 border top 202
1609066421951196523 : Checking image 1 border bottom 82
1609066421951230925 : Checking image 1 border left 175
1609066421951264627 : Checking image 1 border right 175
1609066421953034049 : Checking image 2 dpi 300
1609066421953112954 : Checking image 2 border top 207
1609066421953147456 : Checking image 2 border bottom 92
1609066421953181159 : Checking image 2 border left 168
1609066421953214061 : Checking image 2 border right 168

</system-out><system-err>--------------------------------- Captured Err ---------------------------------

</system-err></testcase><testcase classname="tests.test_images" name="test_no_split_line_wave_algo_png" time="70.933"><system-out>--------------------------------- Captured Log ---------------------------------

--------------------------------- Captured Out ---------------------------------
/home/runner/work/ocr-book/ocr-book/tests/no_split_line_wave_algo.png
1609066419578493796 : Checking separation double page angle 89.72500000000001
1609066419578623205 : Checking separation double page y=0 2484
1609066425742149801 : Checking page rotation 1 0.0
1609066435415597340 : Checking page rotation 2 -0.49999999999999434
1609066445779456503 : Checking image 1 crop x1 97
1609066445779544709 : Checking image 1 crop y1 79
1609066445779584412 : Checking image 1 crop x2 2494
1609066445779622514 : Checking image 1 crop y2 3505
1609066454795867688 : Checking image 2 crop x1 163
1609066454796012298 : Checking image 2 crop y1 266
1609066454796056801 : Checking image 2 crop x2 2238
1609066454796095104 : Checking image 2 crop y2 3381
1609066454841471918 : Checking image 1 dpi 300
1609066454841598426 : Checking image 1 border top 41
1609066454841640429 : Checking image 1 border bottom 41
1609066454841677932 : Checking image 1 border left 42
1609066454841715434 : Checking image 1 border right 42
1609066454843519058 : Checking image 2 dpi 300
1609066454843607364 : Checking image 2 border top 258
1609066454843645567 : Checking image 2 border bottom 114
1609066454843681769 : Checking image 2 border left 192
1609066454843717672 : Checking image 2 border right 192

</system-out><system-err>--------------------------------- Captured Err ---------------------------------

</system-err></testcase><testcase classname="tests.test_images" name="test_no_split_line_wave_algo_2_png" time="54.219"><system-out>--------------------------------- Captured Log ---------------------------------

--------------------------------- Captured Out ---------------------------------
/home/runner/work/ocr-book/ocr-book/tests/no_split_line_wave_algo_2.png
1609066453174134259 : Checking separation double page angle 90.54999999999998
1609066453174252667 : Checking separation double page y=0 2478
1609066461145028684 : Checking page rotation 1 1.1500000000000001
1609066469895307022 : Checking page rotation 2 0.2
1609066473169153748 : Checking image 1 crop x1 266
1609066473169295658 : Checking image 1 crop y1 209
1609066473169337661 : Checking image 1 crop x2 2342
1609066473169375763 : Checking image 1 crop y2 3413
1609066476132086270 : Checking image 2 crop x1 168
1609066476132221980 : Checking image 2 crop y1 241
1609066476132263982 : Checking image 2 crop x2 2251
1609066476132303885 : Checking image 2 crop y2 3433
1609066476174496776 : Checking image 1 dpi 300
1609066476174618285 : Checking image 1 border top 191
1609066476174656987 : Checking image 1 border bottom 92
1609066476174691590 : Checking image 1 border left 192
1609066476174725392 : Checking image 1 border right 192
1609066476176523115 : Checking image 2 dpi 300
1609066476176605921 : Checking image 2 border top 224
1609066476176641823 : Checking image 2 border bottom 71
1609066476176675226 : Checking image 2 border left 188
1609066476176708728 : Checking image 2 border right 188

</system-out><system-err>--------------------------------- Captured Err ---------------------------------

</system-err></testcase><testcase classname="tests.test_images" name="test_crop_too_few_2_png" time="51.456"><system-out>--------------------------------- Captured Log ---------------------------------

--------------------------------- Captured Out ---------------------------------
/home/runner/work/ocr-book/ocr-book/tests/crop_too_few_2.png
1609066485396430072 : Checking separation double page angle 90.30476192320097
1609066485396543580 : Checking separation double page y=0 2531
1609066492821620709 : Checking page rotation 1 1.2000000000000002
1609066499337196522 : Checking page rotation 2 -0.04999999999999689
1609066502723224068 : Checking image 1 crop x1 287
1609066502723357777 : Checking image 1 crop y1 165
1609066502723398180 : Checking image 1 crop x2 2398
1609066502723435982 : Checking image 1 crop y2 3368
1609066506350412930 : Checking image 2 crop x1 149
1609066506350551139 : Checking image 2 crop y1 189
1609066506350592042 : Checking image 2 crop x2 2273
1609066506350630445 : Checking image 2 crop y2 3386
1609066506389047680 : Checking image 1 dpi 300
1609066506389169689 : Checking image 1 border top 157
1609066506389210091 : Checking image 1 border bottom 127
1609066506389246294 : Checking image 1 border left 174
1609066506389281296 : Checking image 1 border right 174
1609066506391062119 : Checking image 2 dpi 300
1609066506391150825 : Checking image 2 border top 181
1609066506391188727 : Checking image 2 border bottom 109
1609066506391224430 : Checking image 2 border left 168
1609066506391259232 : Checking image 2 border right 168

</system-out><system-err>--------------------------------- Captured Err ---------------------------------

</system-err></testcase><testcase classname="tests.test_images" name="test_failed_detect_rectangle_png" time="65.158"><system-out>--------------------------------- Captured Log ---------------------------------

--------------------------------- Captured Out ---------------------------------
/home/runner/work/ocr-book/ocr-book/tests/failed_detect_rectangle.png
1609066513296060403 : Checking separation double page angle 90.19837516213148
1609066513296168610 : Checking separation double page y=0 2474
1609066522968453363 : Checking page rotation 1 0.2
1609066534478152666 : Checking page rotation 2 0.2
1609066537828807533 : Checking image 1 crop x1 257
1609066537828943042 : Checking image 1 crop y1 201
1609066537828982045 : Checking image 1 crop x2 2333
1609066537829017347 : Checking image 1 crop y2 3402
1609066541274219581 : Checking image 2 crop x1 136
1609066541274357790 : Checking image 2 crop y1 215
1609066541274400393 : Checking image 2 crop x2 2219
1609066541274440596 : Checking image 2 crop y2 3406
1609066541324781239 : Checking image 1 dpi 300
1609066541324897247 : Checking image 1 border top 188
1609066541324935449 : Checking image 1 border bottom 97
1609066541324969652 : Checking image 1 border left 192
1609066541325003454 : Checking image 1 border right 192
1609066541326838380 : Checking image 2 dpi 300
1609066541326929486 : Checking image 2 border top 200
1609066541326964988 : Checking image 2 border bottom 95
1609066541326998491 : Checking image 2 border left 188
1609066541327031393 : Checking image 2 border right 188

</system-out><system-err>--------------------------------- Captured Err ---------------------------------

</system-err></testcase><testcase classname="tests.test_images" name="test_single_page_png" time="26.841"><system-out>--------------------------------- Captured Log ---------------------------------

--------------------------------- Captured Out ---------------------------------
/home/runner/work/ocr-book/ocr-book/tests/single_page.png
1609066517736444275 : Checking separation double page angle 90.04999999999998
1609066517736578284 : Checking separation double page y=0 2476
1609066523504483242 : Checking page rotation 1 0.0
1609066524133082473 : Checking page rotation 2 0.0
1609066532228246244 : Checking image 1 crop x1 1
1609066532228339551 : Checking image 1 crop y1 8
1609066532228379553 : Checking image 1 crop x2 2470
1609066532228416956 : Checking image 1 crop y2 3505
1609066532878581129 : Checking image 2 crop x1 0
1609066532878661035 : Checking image 2 crop y1 0
1609066532878696337 : Checking image 2 crop x2 0
1609066532878730540 : Checking image 2 crop y2 0
1609066532878806245 : Checking image 1 dpi 300
1609066532878876550 : Checking image 1 border top 5
1609066532878914052 : Checking image 1 border bottom 5
1609066532878949555 : Checking image 1 border left 6
1609066532878984857 : Checking image 1 border right 6
1609066532884942366 : Checking image 2 border top 0
1609066532885014971 : Checking image 2 border bottom 0
1609066532885049573 : Checking image 2 border left 0
1609066532885083975 : Checking image 2 border right 0

</system-out><system-err>--------------------------------- Captured Err ---------------------------------

</system-err></testcase><testcase classname="tests.test_images" name="test_wrong_split_line_4_png" time="31.039"><system-out>--------------------------------- Captured Log ---------------------------------

--------------------------------- Captured Out ---------------------------------
/home/runner/work/ocr-book/ocr-book/tests/wrong_split_line_4.png
1609066550922728149 : Checking separation double page angle 91.04999999999998
1609066550922840756 : Checking separation double page y=0 60
1609066551205203611 : Checking page rotation 1 1.05
1609066559420266879 : Checking page rotation 2 1.1500000000000001
1609066559998321661 : Checking image 1 crop x1 0
1609066559998391566 : Checking image 1 crop y1 0
1609066559998425468 : Checking image 1 crop x2 0
1609066559998457371 : Checking image 1 crop y2 0
1609066564266712752 : Checking image 2 crop x1 292
1609066564266830160 : Checking image 2 crop y1 330
1609066564266869863 : Checking image 2 crop x2 2314
1609066564266905765 : Checking image 2 crop y2 3218
1609066564313923888 : Checking image 1 border top 0
1609066564313994993 : Checking image 1 border bottom 0
1609066564314032496 : Checking image 1 border left 0
1609066564314067798 : Checking image 1 border right 0
1609066564314129302 : Checking image 2 dpi 300
1609066564314207408 : Checking image 2 border top 322
1609066564314244310 : Checking image 2 border bottom 277
1609066564314279513 : Checking image 2 border left 219
1609066564314314615 : Checking image 2 border right 219

</system-out><system-err>--------------------------------- Captured Err ---------------------------------

</system-err></testcase><testcase classname="tests.test_images" name="test_no_split_line_wave_algo_3_png" time="19.688"><system-out>--------------------------------- Captured Log ---------------------------------

--------------------------------- Captured Out ---------------------------------
/home/runner/work/ocr-book/ocr-book/tests/no_split_line_wave_algo_3.png
1609066552471289357 : Checking separation double page angle 90.14999999999998
1609066552471405765 : Checking separation double page y=0 2408
1609066555564714229 : Checking page rotation 1 0.0
1609066555968940573 : Checking page rotation 2 0.35
1609066560469632869 : Checking image 1 crop x1 184
1609066560469757477 : Checking image 1 crop y1 2957
1609066560469821482 : Checking image 1 crop x2 2201
1609066560469860284 : Checking image 1 crop y2 3202
1609066561007453135 : Checking image 2 crop x1 0
1609066561007526440 : Checking image 2 crop y1 0
1609066561007559743 : Checking image 2 crop x2 0
1609066561007591245 : Checking image 2 crop y2 0
1609066561007675551 : Checking image 1 dpi 300
1609066561007743755 : Checking image 1 border top 2950
1609066561007790659 : Checking image 1 border bottom 292
1609066561007822561 : Checking image 1 border left 221
1609066561007853563 : Checking image 1 border right 221
1609066561012822103 : Checking image 2 border top 0
1609066561012878307 : Checking image 2 border bottom 0
1609066561012908409 : Checking image 2 border left 0
1609066561012938811 : Checking image 2 border right 0

</system-out><system-err>--------------------------------- Captured Err ---------------------------------

</system-err></testcase><testcase classname="tests.test_images" name="test_failed_split_line_line_algo_3_png" time="25.557"><system-out>--------------------------------- Captured Log ---------------------------------

--------------------------------- Captured Out ---------------------------------
/home/runner/work/ocr-book/ocr-book/tests/failed_split_line_line_algo_3.png
1609066577884166923 : Checking separation double page angle 90.0
1609066577884289431 : Checking separation double page y=0 40
1609066578057383926 : Checking page rotation 1 0.0
1609066582514966169 : Checking page rotation 2 0.0
1609066582925219092 : Checking image 1 crop x1 0
1609066582925288695 : Checking image 1 crop y1 0
1609066582925321597 : Checking image 1 crop x2 0
1609066582925353199 : Checking image 1 crop y2 0
1609066589846971058 : Checking image 2 crop x1 246
1609066589847083364 : Checking image 2 crop y1 154
1609066589847121167 : Checking image 2 crop x2 2259
1609066589847155369 : Checking image 2 crop y2 3361
1609066589886351114 : Checking image 1 border top 0
1609066589886421718 : Checking image 1 border bottom 0
1609066589886455720 : Checking image 1 border left 0
1609066589886488222 : Checking image 1 border right 0
1609066589886548026 : Checking image 2 dpi 300
1609066589886623130 : Checking image 2 border top 146
1609066589886656832 : Checking image 2 border bottom 134
1609066589886689134 : Checking image 2 border left 223
1609066589886721636 : Checking image 2 border right 223

</system-out><system-err>--------------------------------- Captured Err ---------------------------------

</system-err></testcase></testsuite></testsuites>