<?xml version="1.0" encoding="utf-8"?><testsuites><testsuite name="pytest" errors="0" failures="0" skipped="0" tests="36" time="1247.804" timestamp="2020-12-21T22:03:30.003990" hostname="fv-az71-309"><testcase classname="tests.test_features" name="test_mock_stop_at_0" time="0.051"><system-out>--------------------------------- Captured Log ---------------------------------

--------------------------------- Captured Out ---------------------------------
/home/runner/work/ocr-book/ocr-book/tests/0001_0.png

</system-out><system-err>--------------------------------- Captured Err ---------------------------------

</system-err></testcase><testcase classname="tests.test_features" name="test_disabled_enable_debug" time="59.156"><system-out>--------------------------------- Captured Log ---------------------------------

--------------------------------- Captured Out ---------------------------------
/home/runner/work/ocr-book/ocr-book/tests/0001_debug.png
separation double page angle 90.52780881899669
separation double page y=0 2485
page rotation 1 0.7
page rotation 2 0.2
image 1 crop x1 330
image 1 crop y1 335
image 1 crop x2 2343
image 1 crop y2 3223
image 2 crop x1 168
image 2 crop y1 648
image 2 crop x2 2185
image 2 crop y2 3361
image 1 dpi 300
image 1 border top 331
image 1 border bottom 268
image 1 border left 223
image 1 border right 223
image 2 dpi 300
image 2 border top 639
image 2 border bottom 134
image 2 border left 221
image 2 border right 221

</system-out><system-err>--------------------------------- Captured Err ---------------------------------

</system-err></testcase><testcase classname="tests.test_features" name="test_mock_stop_at_2" time="52.586"><system-out>--------------------------------- Captured Log ---------------------------------

--------------------------------- Captured Out ---------------------------------
/home/runner/work/ocr-book/ocr-book/tests/0001_2.png
separation double page angle 90.52780881899669
separation double page y=0 2485
page rotation 1 0.7
page rotation 2 0.2

</system-out><system-err>--------------------------------- Captured Err ---------------------------------

</system-err></testcase><testcase classname="tests.test_features" name="test_mock_stop_at_4" time="59.176"><system-out>--------------------------------- Captured Log ---------------------------------

--------------------------------- Captured Out ---------------------------------
/home/runner/work/ocr-book/ocr-book/tests/0001_4.png
separation double page angle 90.52780881899669
separation double page y=0 2485
page rotation 1 0.7
page rotation 2 0.2
image 1 crop x1 330
image 1 crop y1 335
image 1 crop x2 2343
image 1 crop y2 3223
image 2 crop x1 168
image 2 crop y1 648
image 2 crop x2 2185
image 2 crop y2 3361
image 1 dpi 300
image 1 border top 331
image 1 border bottom 268
image 1 border left 223
image 1 border right 223
image 2 dpi 300
image 2 border top 639
image 2 border bottom 134
image 2 border left 221
image 2 border right 221

</system-out><system-err>--------------------------------- Captured Err ---------------------------------

</system-err></testcase><testcase classname="tests.test_features" name="test_mock_stop_at_1" time="36.264"><system-out>--------------------------------- Captured Log ---------------------------------

--------------------------------- Captured Out ---------------------------------
/home/runner/work/ocr-book/ocr-book/tests/0001_1.png
separation double page angle 90.52780881899669
separation double page y=0 2485

</system-out><system-err>--------------------------------- Captured Err ---------------------------------

</system-err></testcase><testcase classname="tests.test_features" name="test_mock_stop_at_3" time="58.263"><system-out>--------------------------------- Captured Log ---------------------------------

--------------------------------- Captured Out ---------------------------------
/home/runner/work/ocr-book/ocr-book/tests/0001_3.png
separation double page angle 90.52780881899669
separation double page y=0 2485
page rotation 1 0.7
page rotation 2 0.2
image 1 crop x1 330
image 1 crop y1 335
image 1 crop x2 2343
image 1 crop y2 3223
image 2 crop x1 168
image 2 crop y1 648
image 2 crop x2 2185
image 2 crop y2 3361

</system-out><system-err>--------------------------------- Captured Err ---------------------------------

</system-err></testcase><testcase classname="tests.test_images" name="test_0001_png" time="71.409"><system-out>--------------------------------- Captured Log ---------------------------------

--------------------------------- Captured Out ---------------------------------
/home/runner/work/ocr-book/ocr-book/tests/0001.png
1608588365093638384 : Checking separation double page angle 90.52780881899669
1608588365093758985 : Checking separation double page y=0 2485
1608588373973096257 : Checking page rotation 1 0.7
1608588384839445154 : Checking page rotation 2 0.2
1608588389770104995 : Checking image 1 crop x1 330
1608588389770258497 : Checking image 1 crop y1 335
1608588389770303897 : Checking image 1 crop x2 2343
1608588389770344198 : Checking image 1 crop y2 3223
1608588394454539315 : Checking image 2 crop x1 168
1608588394454673316 : Checking image 2 crop y1 648
1608588394454722417 : Checking image 2 crop x2 2185
1608588394454778217 : Checking image 2 crop y2 3361
1608588394492003592 : Checking image 1 dpi 300
1608588394492133494 : Checking image 1 border top 331
1608588394492191294 : Checking image 1 border bottom 268
1608588394492229395 : Checking image 1 border left 223
1608588394492267395 : Checking image 1 border right 223
1608588394495283625 : Checking image 2 dpi 300
1608588394495353226 : Checking image 2 border top 639
1608588394495390526 : Checking image 2 border bottom 134
1608588394495449227 : Checking image 2 border left 221
1608588394495482927 : Checking image 2 border right 221

</system-out><system-err>--------------------------------- Captured Err ---------------------------------

</system-err></testcase><testcase classname="tests.test_features" name="test_mock_stop_at_5" time="59.892"><system-out>--------------------------------- Captured Log ---------------------------------

--------------------------------- Captured Out ---------------------------------
/home/runner/work/ocr-book/ocr-book/tests/0001_5.png
separation double page angle 90.52780881899669
separation double page y=0 2485
page rotation 1 0.7
page rotation 2 0.2
image 1 crop x1 330
image 1 crop y1 335
image 1 crop x2 2343
image 1 crop y2 3223
image 2 crop x1 168
image 2 crop y1 648
image 2 crop x2 2185
image 2 crop y2 3361
image 1 dpi 300
image 1 border top 331
image 1 border bottom 268
image 1 border left 223
image 1 border right 223
image 2 dpi 300
image 2 border top 639
image 2 border bottom 134
image 2 border left 221
image 2 border right 221

</system-out><system-err>--------------------------------- Captured Err ---------------------------------

</system-err></testcase><testcase classname="tests.test_images" name="test_black_border_not_removed_png" time="79.744"><system-out>--------------------------------- Captured Log ---------------------------------

--------------------------------- Captured Out ---------------------------------
/home/runner/work/ocr-book/ocr-book/tests/black-border-not-removed.png
1608588441650590531 : Checking separation double page angle 90.008171103531
1608588441650713432 : Checking separation double page y=0 2455
1608588449371377388 : Checking page rotation 1 0.05
1608588461099861789 : Checking page rotation 2 0.0
1608588466206650085 : Checking image 1 crop x1 298
1608588466206788586 : Checking image 1 crop y1 142
1608588466206835586 : Checking image 1 crop x2 2308
1608588466206875786 : Checking image 1 crop y2 3347
1608588474185775598 : Checking image 2 crop x1 157
1608588474185909699 : Checking image 2 crop y1 145
1608588474185957499 : Checking image 2 crop x2 2169
1608588474186005399 : Checking image 2 crop y2 3352
1608588474235024850 : Checking image 1 dpi 300
1608588474235156850 : Checking image 1 border top 134
1608588474235199551 : Checking image 1 border bottom 148
1608588474235236951 : Checking image 1 border left 225
1608588474235274251 : Checking image 1 border right 225
1608588474238638275 : Checking image 2 dpi 300
1608588474238742676 : Checking image 2 border top 132
1608588474238783376 : Checking image 2 border bottom 148
1608588474238819377 : Checking image 2 border left 224
1608588474238855377 : Checking image 2 border right 224

</system-out><system-err>--------------------------------- Captured Err ---------------------------------

</system-err></testcase><testcase classname="tests.test_images" name="test_2_pages_2_contours_png" time="44.953"><system-out>--------------------------------- Captured Log ---------------------------------

--------------------------------- Captured Out ---------------------------------
/home/runner/work/ocr-book/ocr-book/tests/2-pages-2-contours.png
1608588452512162158 : Checking separation double page angle 90.09036871657068
1608588452512280759 : Checking separation double page y=0 2486
1608588454974918011 : Checking page rotation 1 0.05
1608588462733600925 : Checking page rotation 2 0.30000000000000004
1608588464970366456 : Checking image 1 crop x1 1189
1608588464970488357 : Checking image 1 crop y1 1751
1608588464970525957 : Checking image 1 crop x2 1190
1608588464970560358 : Checking image 1 crop y2 1752
1608588469775863404 : Checking image 2 crop x1 101
1608588469775994405 : Checking image 2 crop y1 240
1608588469776058206 : Checking image 2 crop x2 2148
1608588469776118806 : Checking image 2 crop y2 3239
1608588469812925374 : Checking image 1 dpi 300
1608588469813044275 : Checking image 1 border top 1752
1608588469813088575 : Checking image 1 border bottom 1753
1608588469813126576 : Checking image 1 border left 1239
1608588469813163976 : Checking image 1 border right 1239
1608588469814544286 : Checking image 2 dpi 300
1608588469814613586 : Checking image 2 border top 230
1608588469814651787 : Checking image 2 border bottom 258
1608588469814686787 : Checking image 2 border left 206
1608588469814722487 : Checking image 2 border right 206

</system-out><system-err>--------------------------------- Captured Err ---------------------------------

</system-err></testcase><testcase classname="tests.test_images" name="test_wrong_split_line_png" time="57.472"><system-out>--------------------------------- Captured Log ---------------------------------

--------------------------------- Captured Out ---------------------------------
/home/runner/work/ocr-book/ocr-book/tests/wrong_split_line.png
1608588506438805205 : Checking separation double page angle 89.93395720607973
1608588506438943106 : Checking separation double page y=0 2465
1608588513252142742 : Checking page rotation 1 -0.14999999999999067
1608588520720835694 : Checking page rotation 2 0.5
1608588523963728057 : Checking image 1 crop x1 213
1608588523963894258 : Checking image 1 crop y1 157
1608588523963939958 : Checking image 1 crop x2 2323
1608588523963984658 : Checking image 1 crop y2 3362
1608588527247330874 : Checking image 2 crop x1 125
1608588527247465475 : Checking image 2 crop y1 165
1608588527247527375 : Checking image 2 crop x2 2237
1608588527247571075 : Checking image 2 crop y2 3374
1608588527287639516 : Checking image 1 dpi 300
1608588527287779817 : Checking image 1 border top 134
1608588527287822517 : Checking image 1 border bottom 148
1608588527287911217 : Checking image 1 border left 175
1608588527287963618 : Checking image 1 border right 175
1608588527291270537 : Checking image 2 dpi 300
1608588527291362338 : Checking image 2 border top 143
1608588527291401238 : Checking image 2 border bottom 135
1608588527291436638 : Checking image 2 border left 174
1608588527291471339 : Checking image 2 border right 174

</system-out><system-err>--------------------------------- Captured Err ---------------------------------

</system-err></testcase><testcase classname="tests.test_images" name="test_image_failed_to_rotate_png" time="80.427"><system-out>--------------------------------- Captured Log ---------------------------------

--------------------------------- Captured Out ---------------------------------
/home/runner/work/ocr-book/ocr-book/tests/image_failed_to_rotate.png
1608588518133639491 : Checking separation double page angle 90.24267669076625
1608588518133755092 : Checking separation double page y=0 2483
1608588524057771027 : Checking page rotation 1 0.35
1608588533128923607 : Checking page rotation 2 0.4
1608588547290218150 : Checking image 1 crop x1 34
1608588547290346851 : Checking image 1 crop y1 1
1608588547290409351 : Checking image 1 crop x2 2481
1608588547290463952 : Checking image 1 crop y2 3500
1608588554501429962 : Checking image 2 crop x1 169
1608588554501565363 : Checking image 2 crop y1 234
1608588554501610463 : Checking image 2 crop x2 2249
1608588554501651963 : Checking image 2 crop y2 3356
1608588554549738832 : Checking image 1 dpi 300
1608588554549862932 : Checking image 1 border top 4
1608588554549905933 : Checking image 1 border bottom 4
1608588554549942933 : Checking image 1 border left 17
1608588554549979033 : Checking image 1 border right 17
1608588554553329352 : Checking image 2 dpi 300
1608588554553424252 : Checking image 2 border top 220
1608588554553462452 : Checking image 2 border bottom 145
1608588554553497153 : Checking image 2 border left 190
1608588554553531553 : Checking image 2 border right 190

</system-out><system-err>--------------------------------- Captured Err ---------------------------------

</system-err></testcase><testcase classname="tests.test_images" name="test_crop_too_much_png" time="105.670"><system-out>--------------------------------- Captured Log ---------------------------------

--------------------------------- Captured Out ---------------------------------
/home/runner/work/ocr-book/ocr-book/tests/crop_too_much.png
1608588591988917387 : Checking separation double page angle 90.10739409272954
1608588591989116388 : Checking separation double page y=0 2455
1608588605726727730 : Checking page rotation 1 0.0
1608588620635854993 : Checking page rotation 2 0.45
1608588627291589531 : Checking image 1 crop x1 303
1608588627291735231 : Checking image 1 crop y1 148
1608588627291782232 : Checking image 1 crop x2 2313
1608588627291825432 : Checking image 1 crop y2 3351
1608588632889011886 : Checking image 2 crop x1 166
1608588632889165986 : Checking image 2 crop y1 155
1608588632889213987 : Checking image 2 crop x2 2177
1608588632889258087 : Checking image 2 crop y2 3359
1608588632944148248 : Checking image 1 dpi 300
1608588632944317249 : Checking image 1 border top 132
1608588632944359149 : Checking image 1 border bottom 152
1608588632944395549 : Checking image 1 border left 225
1608588632944431749 : Checking image 1 border right 225
1608588632947415664 : Checking image 2 dpi 300
1608588632947503364 : Checking image 2 border top 141
1608588632947540264 : Checking image 2 border bottom 142
1608588632947574764 : Checking image 2 border left 224
1608588632947613065 : Checking image 2 border right 224

</system-out><system-err>--------------------------------- Captured Err ---------------------------------

</system-err></testcase><testcase classname="tests.test_images" name="test_image_failed_to_crop_data_png" time="81.214"><system-out>--------------------------------- Captured Log ---------------------------------

--------------------------------- Captured Out ---------------------------------
/home/runner/work/ocr-book/ocr-book/tests/image_failed_to_crop_data.png
1608588599044410486 : Checking separation double page angle 90.08353326014034
1608588599044532786 : Checking separation double page y=0 2479
1608588606022573006 : Checking page rotation 1 0.2
1608588613503239841 : Checking page rotation 2 0.1
1608588629558254994 : Checking image 1 crop x1 50
1608588629558392895 : Checking image 1 crop y1 7
1608588629558440495 : Checking image 1 crop x2 2477
1608588629558482495 : Checking image 1 crop y2 3502
1608588635757425803 : Checking image 2 crop x1 165
1608588635757566504 : Checking image 2 crop y1 218
1608588635757612404 : Checking image 2 crop x2 2244
1608588635757654504 : Checking image 2 crop y2 3349
1608588635805171929 : Checking image 1 dpi 300
1608588635805339230 : Checking image 1 border top 6
1608588635805391530 : Checking image 1 border bottom 6
1608588635805429630 : Checking image 1 border left 22
1608588635805466631 : Checking image 1 border right 22
1608588635808419645 : Checking image 2 dpi 300
1608588635808491545 : Checking image 2 border top 206
1608588635808530445 : Checking image 2 border bottom 149
1608588635808567045 : Checking image 2 border left 190
1608588635808603645 : Checking image 2 border right 190

</system-out><system-err>--------------------------------- Captured Err ---------------------------------

</system-err></testcase><testcase classname="tests.test_images" name="test_crop_too_few_png" time="62.023"><system-out>--------------------------------- Captured Log ---------------------------------

--------------------------------- Captured Out ---------------------------------
/home/runner/work/ocr-book/ocr-book/tests/crop_too_few.png
1608588671967512685 : Checking separation double page angle 89.47170238452755
1608588671967629185 : Checking separation double page y=0 2512
1608588679506211774 : Checking page rotation 1 -0.7499999999999916
1608588687357839148 : Checking page rotation 2 0.0
1608588691331503580 : Checking image 1 crop x1 265
1608588691331629680 : Checking image 1 crop y1 152
1608588691331675280 : Checking image 1 crop x2 2375
1608588691331716781 : Checking image 1 crop y2 3356
1608588694962553134 : Checking image 2 crop x1 137
1608588694962698935 : Checking image 2 crop y1 141
1608588694962948136 : Checking image 2 crop x2 2259
1608588694963010136 : Checking image 2 crop y2 3345
1608588694999529996 : Checking image 1 dpi 300
1608588694999651697 : Checking image 1 border top 132
1608588694999713097 : Checking image 1 border bottom 151
1608588694999751597 : Checking image 1 border left 175
1608588694999789098 : Checking image 1 border right 175
1608588695002529210 : Checking image 2 dpi 300
1608588695002601410 : Checking image 2 border top 130
1608588695002644110 : Checking image 2 border bottom 153
1608588695002681510 : Checking image 2 border left 169
1608588695002718310 : Checking image 2 border right 169

</system-out><system-err>--------------------------------- Captured Err ---------------------------------

</system-err></testcase><testcase classname="tests.test_images" name="test_wrong_angle_split_line_png" time="89.683"><system-out>--------------------------------- Captured Log ---------------------------------

--------------------------------- Captured Out ---------------------------------
/home/runner/work/ocr-book/ocr-book/tests/wrong_angle_split_line.png
1608588682238350945 : Checking separation double page angle 90.09193420006348
1608588682238462645 : Checking separation double page y=0 2481
1608588691055451465 : Checking page rotation 1 0.2
1608588700670362689 : Checking page rotation 2 0.0
1608588717602062485 : Checking image 1 crop x1 58
1608588717602195186 : Checking image 1 crop y1 7
1608588717602240886 : Checking image 1 crop x2 2479
1608588717602278786 : Checking image 1 crop y2 3500
1608588724563261545 : Checking image 2 crop x1 160
1608588724563389246 : Checking image 2 crop y1 217
1608588724563434446 : Checking image 2 crop x2 2243
1608588724563472546 : Checking image 2 crop y2 3350
1608588724748430535 : Checking image 1 dpi 300
1608588724748556135 : Checking image 1 border top 7
1608588724748600535 : Checking image 1 border bottom 7
1608588724748637435 : Checking image 1 border left 30
1608588724748673636 : Checking image 1 border right 30
1608588724756998771 : Checking image 2 dpi 300
1608588724757131572 : Checking image 2 border top 206
1608588724757170572 : Checking image 2 border bottom 148
1608588724757226072 : Checking image 2 border left 188
1608588724757279172 : Checking image 2 border right 188

</system-out><system-err>--------------------------------- Captured Err ---------------------------------

</system-err></testcase><testcase classname="tests.test_images" name="test_crop_too_much_2_png" time="113.022"><system-out>--------------------------------- Captured Log ---------------------------------

--------------------------------- Captured Out ---------------------------------
/home/runner/work/ocr-book/ocr-book/tests/crop_too_much_2.png
1608588763750126690 : Checking separation double page angle 90.16490749368565
1608588763750237291 : Checking separation double page y=0 2478
1608588777452987636 : Checking page rotation 1 0.2
1608588794278087419 : Checking page rotation 2 0.2
1608588800418412830 : Checking image 1 crop x1 332
1608588800418549231 : Checking image 1 crop y1 131
1608588800418597231 : Checking image 1 crop x2 2342
1608588800418639831 : Checking image 1 crop y2 3336
1608588807929000796 : Checking image 2 crop x1 165
1608588807929134897 : Checking image 2 crop y1 139
1608588807929181497 : Checking image 2 crop x2 2178
1608588807929223797 : Checking image 2 crop y2 3345
1608588807985173123 : Checking image 1 dpi 300
1608588807985297523 : Checking image 1 border top 120
1608588807985341524 : Checking image 1 border bottom 162
1608588807985380724 : Checking image 1 border left 225
1608588807985420724 : Checking image 1 border right 225
1608588807988187335 : Checking image 2 dpi 300
1608588807988300136 : Checking image 2 border top 126
1608588807988356636 : Checking image 2 border bottom 154
1608588807988396836 : Checking image 2 border left 223
1608588807988437036 : Checking image 2 border right 223

</system-out><system-err>--------------------------------- Captured Err ---------------------------------

</system-err></testcase><testcase classname="tests.test_images" name="test_angle_page_lower_split_line_png" time="75.791"><system-out>--------------------------------- Captured Log ---------------------------------

--------------------------------- Captured Out ---------------------------------
/home/runner/work/ocr-book/ocr-book/tests/angle_page_lower_split_line.png
1608588772950372342 : Checking separation double page angle 89.80201324959413
1608588772950489642 : Checking separation double page y=0 2475
1608588783761220664 : Checking page rotation 1 -0.44999999999999746
1608588792280200897 : Checking page rotation 2 0.1
1608588796556367371 : Checking image 1 crop x1 245
1608588796556498872 : Checking image 1 crop y1 161
1608588796556548972 : Checking image 1 crop x2 2351
1608588796556591072 : Checking image 1 crop y2 3364
1608588801314696060 : Checking image 2 crop x1 148
1608588801314834561 : Checking image 2 crop y1 146
1608588801314881161 : Checking image 2 crop x2 2258
1608588801314922361 : Checking image 2 crop y2 3351
1608588801362597154 : Checking image 1 dpi 300
1608588801362719554 : Checking image 1 border top 145
1608588801362761555 : Checking image 1 border bottom 139
1608588801362797755 : Checking image 1 border left 177
1608588801362832955 : Checking image 1 border right 177
1608588801365898567 : Checking image 2 dpi 300
1608588801365998168 : Checking image 2 border top 129
1608588801366073668 : Checking image 2 border bottom 153
1608588801366118668 : Checking image 2 border left 175
1608588801366155568 : Checking image 2 border right 175

</system-out><system-err>--------------------------------- Captured Err ---------------------------------

</system-err></testcase><testcase classname="tests.test_images" name="test_wrong_wave_split_line_png" time="101.120"><system-out>--------------------------------- Captured Log ---------------------------------

--------------------------------- Captured Out ---------------------------------
/home/runner/work/ocr-book/ocr-book/tests/wrong_wave_split_line.png
1608588857417859533 : Checking separation double page angle 90.45378604107718
1608588857418000034 : Checking separation double page y=0 2503
1608588867801379175 : Checking page rotation 1 -0.14999999999999067
1608588879866886928 : Checking page rotation 2 0.85
1608588890983716647 : Checking image 1 crop x1 385
1608588890983911748 : Checking image 1 crop y1 179
1608588890983960549 : Checking image 1 crop x2 2411
1608588890984000949 : Checking image 1 crop y2 3374
1608588902423562182 : Checking image 2 crop x1 13
1608588902423708783 : Checking image 2 crop y1 16
1608588902423754483 : Checking image 2 crop x2 2413
1608588902423795684 : Checking image 2 crop y2 3505
1608588902477860440 : Checking image 1 dpi 300
1608588902477998441 : Checking image 1 border top 172
1608588902478071442 : Checking image 1 border bottom 120
1608588902478129142 : Checking image 1 border left 217
1608588902478163942 : Checking image 1 border right 217
1608588902480861365 : Checking image 2 dpi 300
1608588902480942966 : Checking image 2 border top 9
1608588902480981866 : Checking image 2 border bottom 9
1608588902481016266 : Checking image 2 border left 40
1608588902481050567 : Checking image 2 border right 40

</system-out><system-err>--------------------------------- Captured Err ---------------------------------

</system-err></testcase><testcase classname="tests.test_images" name="test_wrong_split_line_2_png" time="113.645"><system-out>--------------------------------- Captured Log ---------------------------------

--------------------------------- Captured Out ---------------------------------
/home/runner/work/ocr-book/ocr-book/tests/wrong_split_line_2.png
1608588870387415619 : Checking separation double page angle 90.24944704411861
1608588870387535420 : Checking separation double page y=0 2440
1608588884778754559 : Checking page rotation 1 0.1
1608588900310941425 : Checking page rotation 2 0.4
1608588908984370799 : Checking image 1 crop x1 294
1608588908984518700 : Checking image 1 crop y1 137
1608588908984563701 : Checking image 1 crop x2 2325
1608588908984607701 : Checking image 1 crop y2 3375
1608588921599698368 : Checking image 2 crop x1 140
1608588921599828269 : Checking image 2 crop y1 192
1608588921599873269 : Checking image 2 crop x2 2167
1608588921599914070 : Checking image 2 crop y2 3386
1608588921650521382 : Checking image 1 dpi 300
1608588921650653683 : Checking image 1 border top 131
1608588921650694484 : Checking image 1 border bottom 118
1608588921650730484 : Checking image 1 border left 214
1608588921650765284 : Checking image 1 border right 214
1608588921653433306 : Checking image 2 dpi 300
1608588921653499906 : Checking image 2 border top 183
1608588921653536407 : Checking image 2 border bottom 110
1608588921653570507 : Checking image 2 border left 216
1608588921653604807 : Checking image 2 border right 216

</system-out><system-err>--------------------------------- Captured Err ---------------------------------

</system-err></testcase><testcase classname="tests.test_images" name="test_no_split_line_line_algo_png" time="68.333"><system-out>--------------------------------- Captured Log ---------------------------------

--------------------------------- Captured Out ---------------------------------
/home/runner/work/ocr-book/ocr-book/tests/no_split_line_line_algo.png
1608588944801330184 : Checking separation double page angle 89.47691469185418
1608588944801449285 : Checking separation double page y=0 2476
1608588951714186900 : Checking page rotation 1 -0.14999999999999067
1608588962658909059 : Checking page rotation 2 -0.44999999999999746
1608588965885956032 : Checking image 1 crop x1 205
1608588965886127234 : Checking image 1 crop y1 158
1608588965886174334 : Checking image 1 crop x2 2320
1608588965886215334 : Checking image 1 crop y2 3366
1608588970791184490 : Checking image 2 crop x1 185
1608588970791320091 : Checking image 2 crop y1 221
1608588970791366591 : Checking image 2 crop x2 2201
1608588970791407291 : Checking image 2 crop y2 3366
1608588970835243721 : Checking image 1 dpi 300
1608588970835350721 : Checking image 1 border top 144
1608588970835428822 : Checking image 1 border bottom 134
1608588970835464622 : Checking image 1 border left 172
1608588970835499623 : Checking image 1 border right 172
1608588970838534845 : Checking image 2 dpi 300
1608588970838605046 : Checking image 2 border top 218
1608588970838641146 : Checking image 2 border bottom 124
1608588970838674446 : Checking image 2 border left 222
1608588970838707547 : Checking image 2 border right 222

</system-out><system-err>--------------------------------- Captured Err ---------------------------------

</system-err></testcase><testcase classname="tests.test_images" name="test_small_wave_png" time="80.732"><system-out>--------------------------------- Captured Log ---------------------------------

--------------------------------- Captured Out ---------------------------------
/home/runner/work/ocr-book/ocr-book/tests/small_wave.png
1608588972934213847 : Checking separation double page angle 90.61316928841565
1608588972934329948 : Checking separation double page y=0 2500
1608588984541951187 : Checking page rotation 1 0.7
1608588994771744055 : Checking page rotation 2 0.7
1608588998593461519 : Checking image 1 crop x1 322
1608588998593607020 : Checking image 1 crop y1 199
1608588998593653421 : Checking image 1 crop x2 2351
1608588998593695021 : Checking image 1 crop y2 3394
1608589002340709996 : Checking image 2 crop x1 130
1608589002340838097 : Checking image 2 crop y1 223
1608589002340885997 : Checking image 2 crop x2 2160
1608589002340930997 : Checking image 2 crop y2 3419
1608589002385828819 : Checking image 1 dpi 300
1608589002385951419 : Checking image 1 border top 180
1608589002385995220 : Checking image 1 border bottom 112
1608589002386066220 : Checking image 1 border left 215
1608589002386108821 : Checking image 1 border right 215
1608589002389024141 : Checking image 2 dpi 300
1608589002389096442 : Checking image 2 border top 195
1608589002389136842 : Checking image 2 border bottom 96
1608589002389174342 : Checking image 2 border left 215
1608589002389220743 : Checking image 2 border right 215

</system-out><system-err>--------------------------------- Captured Err ---------------------------------

</system-err></testcase><testcase classname="tests.test_images" name="test_failed_split_line_line_algo_png" time="33.617"><system-out>--------------------------------- Captured Log ---------------------------------

--------------------------------- Captured Out ---------------------------------
/home/runner/work/ocr-book/ocr-book/tests/failed_split_line_line_algo.png
1608588992942329905 : Checking separation double page angle 90.0038422057325
1608588992942463406 : Checking separation double page y=0 2576
1608588996858182723 : Checking page rotation 1 -0.14999999999999067
1608588999322215158 : Checking page rotation 2 0.0
1608589002521736690 : Checking image 1 crop x1 407
1608589002521858391 : Checking image 1 crop y1 2925
1608589002521898992 : Checking image 1 crop x2 2419
1608589002521933492 : Checking image 1 crop y2 3174
1608589004483801400 : Checking image 2 crop x1 1183
1608589004483923601 : Checking image 2 crop y1 1747
1608589004483984002 : Checking image 2 crop x2 1184
1608589004484020602 : Checking image 2 crop y2 1748
1608589004484356404 : Checking image 1 dpi 300
1608589004484461605 : Checking image 1 border top 2919
1608589004484512105 : Checking image 1 border bottom 319
1608589004484547606 : Checking image 1 border left 224
1608589004484582806 : Checking image 1 border right 224
1608589004486808722 : Checking image 2 dpi 300
1608589004486872022 : Checking image 2 border top 1752
1608589004486925123 : Checking image 2 border bottom 1753
1608589004486959923 : Checking image 2 border left 1239
1608589004486994323 : Checking image 2 border right 1239

</system-out><system-err>--------------------------------- Captured Err ---------------------------------

</system-err></testcase><testcase classname="tests.test_images" name="test_wrong_split_line_3_png" time="75.628"><system-out>--------------------------------- Captured Log ---------------------------------

--------------------------------- Captured Out ---------------------------------
/home/runner/work/ocr-book/ocr-book/tests/wrong_split_line_3.png
1608589049612550875 : Checking separation double page angle 90.41229500214693
1608589049612705876 : Checking separation double page y=0 2495
1608589059970812511 : Checking page rotation 1 0.35
1608589069091047661 : Checking page rotation 2 0.9
1608589074219746676 : Checking image 1 crop x1 331
1608589074219883377 : Checking image 1 crop y1 164
1608589074219930977 : Checking image 1 crop x2 2375
1608589074219974277 : Checking image 1 crop y2 3377
1608589077992908827 : Checking image 2 crop x1 104
1608589077993034728 : Checking image 2 crop y1 208
1608589077993079528 : Checking image 2 crop x2 2135
1608589077993119928 : Checking image 2 crop y2 3413
1608589078032713284 : Checking image 1 dpi 300
1608589078032854185 : Checking image 1 border top 157
1608589078032893585 : Checking image 1 border bottom 117
1608589078032928886 : Checking image 1 border left 208
1608589078032963286 : Checking image 1 border right 208
1608589078035674603 : Checking image 2 dpi 300
1608589078035763104 : Checking image 2 border top 188
1608589078035799104 : Checking image 2 border bottom 94
1608589078035831804 : Checking image 2 border left 214
1608589078035864504 : Checking image 2 border right 214

</system-out><system-err>--------------------------------- Captured Err ---------------------------------

</system-err></testcase><testcase classname="tests.test_images" name="test_failed_split_line_line_algo_2_png" time="92.459"><system-out>--------------------------------- Captured Log ---------------------------------

--------------------------------- Captured Out ---------------------------------
/home/runner/work/ocr-book/ocr-book/tests/failed_split_line_line_algo_2.png
1608589062397805330 : Checking separation double page angle 90.04134220573248
1608589062397923231 : Checking separation double page y=0 2498
1608589075769488232 : Checking page rotation 1 0.0
1608589086283158560 : Checking page rotation 2 0.6000000000000001
1608589092442854849 : Checking image 1 crop x1 272
1608589092443048650 : Checking image 1 crop y1 149
1608589092443095051 : Checking image 1 crop x2 2383
1608589092443134751 : Checking image 1 crop y2 3353
1608589096867292198 : Checking image 2 crop x1 124
1608589096867441199 : Checking image 2 crop y1 155
1608589096867489899 : Checking image 2 crop x2 2247
1608589096867533099 : Checking image 2 crop y2 3350
1608589096913446590 : Checking image 1 dpi 300
1608589096913572791 : Checking image 1 border top 137
1608589096913616491 : Checking image 1 border bottom 146
1608589096913654391 : Checking image 1 border left 174
1608589096913692691 : Checking image 1 border right 174
1608589096917231914 : Checking image 2 dpi 300
1608589096917343415 : Checking image 2 border top 135
1608589096917383015 : Checking image 2 border bottom 157
1608589096917419115 : Checking image 2 border left 168
1608589096917454515 : Checking image 2 border right 168

</system-out><system-err>--------------------------------- Captured Err ---------------------------------

</system-err></testcase><testcase classname="tests.test_images" name="test_crop_too_much_3_png" time="87.202"><system-out>--------------------------------- Captured Log ---------------------------------

--------------------------------- Captured Out ---------------------------------
/home/runner/work/ocr-book/ocr-book/tests/crop_too_much_3.png
1608589132726659094 : Checking separation double page angle 89.51495085266092
1608589132726808395 : Checking separation double page y=0 2494
1608589142117192021 : Checking page rotation 1 -0.9499999999999917
1608589154976016070 : Checking page rotation 2 -0.14999999999999067
1608589160051928280 : Checking image 1 crop x1 373
1608589160052061781 : Checking image 1 crop y1 258
1608589160052105681 : Checking image 1 crop x2 2386
1608589160052144981 : Checking image 1 crop y2 3458
1608589165176214028 : Checking image 2 crop x1 172
1608589165176375729 : Checking image 2 crop y1 228
1608589165176423029 : Checking image 2 crop x2 2185
1608589165176482130 : Checking image 2 crop y2 3417
1608589165228988139 : Checking image 1 dpi 300
1608589165229118540 : Checking image 1 border top 239
1608589165229160340 : Checking image 1 border bottom 47
1608589165229196540 : Checking image 1 border left 223
1608589165229233940 : Checking image 1 border right 223
1608589165233070763 : Checking image 2 dpi 300
1608589165233231564 : Checking image 2 border top 214
1608589165233298164 : Checking image 2 border bottom 84
1608589165233341664 : Checking image 2 border left 223
1608589165233378565 : Checking image 2 border right 223

</system-out><system-err>--------------------------------- Captured Err ---------------------------------

</system-err></testcase><testcase classname="tests.test_images" name="test_wrong_wave_split_line_2_png" time="96.718"><system-out>--------------------------------- Captured Log ---------------------------------

--------------------------------- Captured Out ---------------------------------
/home/runner/work/ocr-book/ocr-book/tests/wrong_wave_split_line_2.png
1608589157107375731 : Checking separation double page angle 90.7708958311329
1608589157107489732 : Checking separation double page y=0 2490
1608589167448189592 : Checking page rotation 1 0.4
1608589181087881838 : Checking page rotation 2 1.8
1608589185525053136 : Checking image 1 crop x1 224
1608589185525194437 : Checking image 1 crop y1 147
1608589185525239537 : Checking image 1 crop x2 2337
1608589185525278537 : Checking image 1 crop y2 3355
1608589193580085731 : Checking image 2 crop x1 107
1608589193580233131 : Checking image 2 crop y1 197
1608589193580282132 : Checking image 2 crop x2 2229
1608589193580324432 : Checking image 2 crop y2 3396
1608589193632219330 : Checking image 1 dpi 300
1608589193632342030 : Checking image 1 border top 137
1608589193632382431 : Checking image 1 border bottom 142
1608589193632417131 : Checking image 1 border left 173
1608589193632451731 : Checking image 1 border right 173
1608589193635448448 : Checking image 2 dpi 300
1608589193635538249 : Checking image 2 border top 171
1608589193635576649 : Checking image 2 border bottom 117
1608589193635611449 : Checking image 2 border left 169
1608589193635646349 : Checking image 2 border right 169

</system-out><system-err>--------------------------------- Captured Err ---------------------------------

</system-err></testcase><testcase classname="tests.test_images" name="test_wrong_wave_split_line_3_png" time="78.455"><system-out>--------------------------------- Captured Log ---------------------------------

--------------------------------- Captured Out ---------------------------------
/home/runner/work/ocr-book/ocr-book/tests/wrong_wave_split_line_3.png
1608589217278953197 : Checking separation double page angle 90.05826063695574
1608589217279074798 : Checking separation double page y=0 2514
1608589227456874838 : Checking page rotation 1 0.05
1608589235536884900 : Checking page rotation 2 0.30000000000000004
1608589239876302633 : Checking image 1 crop x1 273
1608589239876533334 : Checking image 1 crop y1 220
1608589239876598735 : Checking image 1 crop x2 2383
1608589239876640635 : Checking image 1 crop y2 3423
1608589243657559011 : Checking image 2 crop x1 114
1608589243657683111 : Checking image 2 crop y1 226
1608589243657725411 : Checking image 2 crop x2 2237
1608589243657763612 : Checking image 2 crop y2 3414
1608589243696607726 : Checking image 1 dpi 300
1608589243696798127 : Checking image 1 border top 202
1608589243696854827 : Checking image 1 border bottom 82
1608589243696889127 : Checking image 1 border left 175
1608589243696924728 : Checking image 1 border right 175
1608589243700080345 : Checking image 2 dpi 300
1608589243700166246 : Checking image 2 border top 207
1608589243700202146 : Checking image 2 border bottom 92
1608589243700236046 : Checking image 2 border left 168
1608589243700269746 : Checking image 2 border right 168

</system-out><system-err>--------------------------------- Captured Err ---------------------------------

</system-err></testcase><testcase classname="tests.test_images" name="test_no_split_line_wave_algo_png" time="89.933"><system-out>--------------------------------- Captured Log ---------------------------------

--------------------------------- Captured Out ---------------------------------
/home/runner/work/ocr-book/ocr-book/tests/no_split_line_wave_algo.png
1608589235949146687 : Checking separation double page angle 89.92907061939218
1608589235949297888 : Checking separation double page y=0 2475
1608589243041848915 : Checking page rotation 1 -0.04999999999999689
1608589254926613389 : Checking page rotation 2 -0.5499999999999912
1608589271984521218 : Checking image 1 crop x1 101
1608589271984615018 : Checking image 1 crop y1 79
1608589271984658618 : Checking image 1 crop x2 2477
1608589271984700519 : Checking image 1 crop y2 3505
1608589283444852815 : Checking image 2 crop x1 171
1608589283445001116 : Checking image 2 crop y1 266
1608589283445066016 : Checking image 2 crop x2 2248
1608589283445107717 : Checking image 2 crop y2 3382
1608589283496351491 : Checking image 1 dpi 300
1608589283496484492 : Checking image 1 border top 41
1608589283496525992 : Checking image 1 border bottom 41
1608589283496562592 : Checking image 1 border left 52
1608589283496598293 : Checking image 1 border right 52
1608589283498960905 : Checking image 2 dpi 300
1608589283499024306 : Checking image 2 border top 257
1608589283499062406 : Checking image 2 border bottom 114
1608589283499096406 : Checking image 2 border left 191
1608589283499131506 : Checking image 2 border right 191

</system-out><system-err>--------------------------------- Captured Err ---------------------------------

</system-err></testcase><testcase classname="tests.test_images" name="test_no_split_line_wave_algo_2_png" time="77.003"><system-out>--------------------------------- Captured Log ---------------------------------

--------------------------------- Captured Out ---------------------------------
/home/runner/work/ocr-book/ocr-book/tests/no_split_line_wave_algo_2.png
1608589289061398684 : Checking separation double page angle 90.47115835000895
1608589289061551885 : Checking separation double page y=0 2478
1608589301683107965 : Checking page rotation 1 1.1500000000000001
1608589313396676848 : Checking page rotation 2 0.2
1608589317225105080 : Checking image 1 crop x1 266
1608589317225232481 : Checking image 1 crop y1 209
1608589317225277281 : Checking image 1 crop x2 2342
1608589317225320781 : Checking image 1 crop y2 3413
1608589320669081252 : Checking image 2 crop x1 163
1608589320669228253 : Checking image 2 crop y1 241
1608589320669276554 : Checking image 2 crop x2 2246
1608589320669319954 : Checking image 2 crop y2 3433
1608589320711497975 : Checking image 1 dpi 300
1608589320711635476 : Checking image 1 border top 191
1608589320711678576 : Checking image 1 border bottom 92
1608589320711716476 : Checking image 1 border left 192
1608589320711753676 : Checking image 1 border right 192
1608589320714662391 : Checking image 2 dpi 300
1608589320714740192 : Checking image 2 border top 225
1608589320714779492 : Checking image 2 border bottom 70
1608589320714815992 : Checking image 2 border left 188
1608589320714852192 : Checking image 2 border right 188

</system-out><system-err>--------------------------------- Captured Err ---------------------------------

</system-err></testcase><testcase classname="tests.test_images" name="test_crop_too_few_2_png" time="64.133"><system-out>--------------------------------- Captured Log ---------------------------------

--------------------------------- Captured Out ---------------------------------
/home/runner/work/ocr-book/ocr-book/tests/crop_too_few_2.png
1608589322218798773 : Checking separation double page angle 90.30476192320097
1608589322218907674 : Checking separation double page y=0 2531
1608589331092550934 : Checking page rotation 1 1.2000000000000002
1608589338996287534 : Checking page rotation 2 -0.04999999999999689
1608589343422177772 : Checking image 1 crop x1 287
1608589343422329172 : Checking image 1 crop y1 165
1608589343422373473 : Checking image 1 crop x2 2398
1608589343422413573 : Checking image 1 crop y2 3368
1608589347670005136 : Checking image 2 crop x1 149
1608589347670173337 : Checking image 2 crop y1 189
1608589347670234437 : Checking image 2 crop x2 2273
1608589347670275237 : Checking image 2 crop y2 3386
1608589347713708262 : Checking image 1 dpi 300
1608589347713851063 : Checking image 1 border top 157
1608589347713892063 : Checking image 1 border bottom 127
1608589347713927263 : Checking image 1 border left 174
1608589347713964363 : Checking image 1 border right 174
1608589347719316691 : Checking image 2 dpi 300
1608589347719463091 : Checking image 2 border top 181
1608589347719503992 : Checking image 2 border bottom 109
1608589347719540092 : Checking image 2 border left 168
1608589347719575592 : Checking image 2 border right 168

</system-out><system-err>--------------------------------- Captured Err ---------------------------------

</system-err></testcase><testcase classname="tests.test_images" name="test_failed_detect_rectangle_png" time="97.899"><system-out>--------------------------------- Captured Log ---------------------------------

--------------------------------- Captured Out ---------------------------------
/home/runner/work/ocr-book/ocr-book/tests/failed_detect_rectangle.png
1608589379291837756 : Checking separation double page angle 90.19837516213148
1608589379294365269 : Checking separation double page y=0 2474
1608589396698577598 : Checking page rotation 1 0.2
1608589410416816882 : Checking page rotation 2 0.2
1608589414505063162 : Checking image 1 crop x1 257
1608589414505231263 : Checking image 1 crop y1 201
1608589414505301563 : Checking image 1 crop x2 2333
1608589414505344363 : Checking image 1 crop y2 3402
1608589418540893445 : Checking image 2 crop x1 136
1608589418541051445 : Checking image 2 crop y1 215
1608589418541116646 : Checking image 2 crop x2 2219
1608589418541180546 : Checking image 2 crop y2 3406
1608589418594423612 : Checking image 1 dpi 300
1608589418594550613 : Checking image 1 border top 188
1608589418594593613 : Checking image 1 border bottom 97
1608589418594631613 : Checking image 1 border left 192
1608589418594669113 : Checking image 1 border right 192
1608589418597201226 : Checking image 2 dpi 300
1608589418597282926 : Checking image 2 border top 200
1608589418597320027 : Checking image 2 border bottom 95
1608589418597355627 : Checking image 2 border left 188
1608589418597409027 : Checking image 2 border right 188

</system-out><system-err>--------------------------------- Captured Err ---------------------------------

</system-err></testcase><testcase classname="tests.test_images" name="test_single_page_png" time="29.813"><system-out>--------------------------------- Captured Log ---------------------------------

--------------------------------- Captured Out ---------------------------------
/home/runner/work/ocr-book/ocr-book/tests/single_page.png
1608589361149104712 : Checking separation double page angle 90.04999999999998
1608589361149228013 : Checking separation double page y=0 2476
1608589367258659702 : Checking page rotation 1 0.0
1608589367965221214 : Checking page rotation 2 0.0
1608589376470860204 : Checking image 1 crop x1 1
1608589376470993105 : Checking image 1 crop y1 8
1608589376471059305 : Checking image 1 crop x2 2470
1608589376471115006 : Checking image 1 crop y2 3505
1608589377155965992 : Checking image 2 crop x1 0
1608589377156044392 : Checking image 2 crop y1 0
1608589377156081192 : Checking image 2 crop x2 0
1608589377156137793 : Checking image 2 crop y2 0
1608589377156222893 : Checking image 1 dpi 300
1608589377156295393 : Checking image 1 border top 5
1608589377156333594 : Checking image 1 border bottom 5
1608589377156369194 : Checking image 1 border left 6
1608589377156405094 : Checking image 1 border right 6
1608589377164602936 : Checking image 2 border top 0
1608589377164698536 : Checking image 2 border bottom 0
1608589377164735836 : Checking image 2 border left 0
1608589377164771136 : Checking image 2 border right 0

</system-out><system-err>--------------------------------- Captured Err ---------------------------------

</system-err></testcase><testcase classname="tests.test_images" name="test_wrong_split_line_4_png" time="46.149"><system-out>--------------------------------- Captured Log ---------------------------------

--------------------------------- Captured Out ---------------------------------
/home/runner/work/ocr-book/ocr-book/tests/wrong_split_line_4.png
1608589401069617523 : Checking separation double page angle 91.04999999999998
1608589401069744924 : Checking separation double page y=0 60
1608589401444146108 : Checking page rotation 1 1.05
1608589417784702366 : Checking page rotation 2 1.1500000000000001
1608589418460351442 : Checking image 1 crop x1 0
1608589418460426043 : Checking image 1 crop y1 0
1608589418460970645 : Checking image 1 crop x2 0
1608589418461035646 : Checking image 1 crop y2 0
1608589423687186733 : Checking image 2 crop x1 292
1608589423687315633 : Checking image 2 crop y1 330
1608589423687402634 : Checking image 2 crop x2 2314
1608589423687455234 : Checking image 2 crop y2 3218
1608589423735683574 : Checking image 1 border top 0
1608589423735749075 : Checking image 1 border bottom 0
1608589423735806475 : Checking image 1 border left 0
1608589423735842575 : Checking image 1 border right 0
1608589423735900275 : Checking image 2 dpi 300
1608589423735975076 : Checking image 2 border top 322
1608589423736013476 : Checking image 2 border bottom 277
1608589423736046976 : Checking image 2 border left 219
1608589423736079776 : Checking image 2 border right 219

</system-out><system-err>--------------------------------- Captured Err ---------------------------------

</system-err></testcase><testcase classname="tests.test_images" name="test_no_split_line_wave_algo_3_png" time="23.761"><system-out>--------------------------------- Captured Log ---------------------------------

--------------------------------- Captured Out ---------------------------------
/home/runner/work/ocr-book/ocr-book/tests/no_split_line_wave_algo_3.png
1608589432954229155 : Checking separation double page angle 90.19999999999999
1608589432954366556 : Checking separation double page y=0 2408
1608589436194187641 : Checking page rotation 1 0.0
1608589436699602248 : Checking page rotation 2 0.15000000000000002
1608589441595545613 : Checking image 1 crop x1 184
1608589441595651013 : Checking image 1 crop y1 2957
1608589441595690613 : Checking image 1 crop x2 2201
1608589441595725613 : Checking image 1 crop y2 3202
1608589442348131938 : Checking image 2 crop x1 0
1608589442348200539 : Checking image 2 crop y1 0
1608589442348232739 : Checking image 2 crop x2 0
1608589442348262839 : Checking image 2 crop y2 0
1608589442348353839 : Checking image 1 dpi 300
1608589442348428540 : Checking image 1 border top 2950
1608589442348465140 : Checking image 1 border bottom 292
1608589442348498040 : Checking image 1 border left 221
1608589442348531240 : Checking image 1 border right 221
1608589442357484785 : Checking image 2 border top 0
1608589442357583985 : Checking image 2 border bottom 0
1608589442357633085 : Checking image 2 border left 0
1608589442357680886 : Checking image 2 border right 0

</system-out><system-err>--------------------------------- Captured Err ---------------------------------

</system-err></testcase><testcase classname="tests.test_images" name="test_failed_split_line_line_algo_3_png" time="31.804"><system-out>--------------------------------- Captured Log ---------------------------------

--------------------------------- Captured Out ---------------------------------
/home/runner/work/ocr-book/ocr-book/tests/failed_split_line_line_algo_3.png
1608589441931072374 : Checking separation double page angle 90.0
1608589441931185474 : Checking separation double page y=0 40
1608589442136146389 : Checking page rotation 1 0.0
1608589447284013948 : Checking page rotation 2 0.0
1608589447796279079 : Checking image 1 crop x1 0
1608589447796355379 : Checking image 1 crop y1 0
1608589447796388880 : Checking image 1 crop x2 0
1608589447796420180 : Checking image 1 crop y2 0
1608589455522628492 : Checking image 2 crop x1 246
1608589455522764692 : Checking image 2 crop y1 154
1608589455522823493 : Checking image 2 crop x2 2259
1608589455522874893 : Checking image 2 crop y2 3361
1608589455563485193 : Checking image 1 border top 0
1608589455563546693 : Checking image 1 border bottom 0
1608589455563585994 : Checking image 1 border left 0
1608589455563621194 : Checking image 1 border right 0
1608589455563675994 : Checking image 2 dpi 300
1608589455563752694 : Checking image 2 border top 146
1608589455563787395 : Checking image 2 border bottom 134
1608589455563819095 : Checking image 2 border left 223
1608589455563850695 : Checking image 2 border right 223

</system-out><system-err>--------------------------------- Captured Err ---------------------------------

</system-err></testcase></testsuite></testsuites>