<?xml version="1.0" encoding="utf-8"?><testsuites><testsuite name="pytest" errors="0" failures="0" skipped="0" tests="36" time="374.001" timestamp="2021-01-28T17:46:42.501273" hostname="fv-az105-428"><testcase classname="tests.test_features" name="test_mock_stop_at_0" time="0.054"><system-out>--------------------------------- Captured Log ---------------------------------

--------------------------------- Captured Out ---------------------------------
/home/runner/work/diptych/diptych/tests/0001_0.png

</system-out><system-err>--------------------------------- Captured Err ---------------------------------

</system-err></testcase><testcase classname="tests.test_features" name="test_disabled_enable_debug" time="22.120"><system-out>--------------------------------- Captured Log ---------------------------------

--------------------------------- Captured Out ---------------------------------
/home/runner/work/diptych/diptych/tests/0001_debug.png
separation double page angle 90.55756528497216
separation double page y=0 2484
page rotation 1 0.65
page rotation 2 0.2
image 1 crop x1 329
image 1 crop y1 335
image 1 crop x2 2344
image 1 crop y2 3222
image 2 crop x1 171
image 2 crop y1 648
image 2 crop x2 2188
image 2 crop y2 3361
image 1 dpi 300
image 1 border top 327
image 1 border bottom 273
image 1 border left 222
image 1 border right 222
image 2 dpi 300
image 2 border top 643
image 2 border bottom 131
image 2 border left 221
image 2 border right 221

</system-out><system-err>--------------------------------- Captured Err ---------------------------------

</system-err></testcase><testcase classname="tests.test_features" name="test_mock_stop_at_2" time="16.196"><system-out>--------------------------------- Captured Log ---------------------------------

--------------------------------- Captured Out ---------------------------------
/home/runner/work/diptych/diptych/tests/0001_2.png
separation double page angle 90.55756528497216
separation double page y=0 2484
page rotation 1 0.65
page rotation 2 0.2

</system-out><system-err>--------------------------------- Captured Err ---------------------------------

</system-err></testcase><testcase classname="tests.test_features" name="test_mock_stop_at_4" time="21.399"><system-out>--------------------------------- Captured Log ---------------------------------

--------------------------------- Captured Out ---------------------------------
/home/runner/work/diptych/diptych/tests/0001_4.png
separation double page angle 90.55756528497216
separation double page y=0 2484
page rotation 1 0.65
page rotation 2 0.2
image 1 crop x1 329
image 1 crop y1 335
image 1 crop x2 2344
image 1 crop y2 3222
image 2 crop x1 171
image 2 crop y1 648
image 2 crop x2 2188
image 2 crop y2 3361
image 1 dpi 300
image 1 border top 326
image 1 border bottom 274
image 1 border left 222
image 1 border right 222
image 2 dpi 300
image 2 border top 643
image 2 border bottom 131
image 2 border left 221
image 2 border right 221

</system-out><system-err>--------------------------------- Captured Err ---------------------------------

</system-err></testcase><testcase classname="tests.test_features" name="test_mock_stop_at_1" time="12.996"><system-out>--------------------------------- Captured Log ---------------------------------

--------------------------------- Captured Out ---------------------------------
/home/runner/work/diptych/diptych/tests/0001_1.png
separation double page angle 90.55756528497216
separation double page y=0 2484

</system-out><system-err>--------------------------------- Captured Err ---------------------------------

</system-err></testcase><testcase classname="tests.test_features" name="test_mock_stop_at_3" time="20.890"><system-out>--------------------------------- Captured Log ---------------------------------

--------------------------------- Captured Out ---------------------------------
/home/runner/work/diptych/diptych/tests/0001_3.png
separation double page angle 90.55756528497216
separation double page y=0 2484
page rotation 1 0.65
page rotation 2 0.2
image 1 crop x1 329
image 1 crop y1 335
image 1 crop x2 2344
image 1 crop y2 3222
image 2 crop x1 171
image 2 crop y1 648
image 2 crop x2 2188
image 2 crop y2 3361

</system-out><system-err>--------------------------------- Captured Err ---------------------------------

</system-err></testcase><testcase classname="tests.test_images" name="test_0001_png" time="19.684"><system-out>--------------------------------- Captured Log ---------------------------------

--------------------------------- Captured Out ---------------------------------
/home/runner/work/diptych/diptych/tests/0001.png
1611856054883158470 : Checking separation double page angle 90.55756528497216
1611856054883279678 : Checking separation double page y=0 2484
1611856055941954432 : Checking page rotation 1 0.65
1611856057152456270 : Checking page rotation 2 0.2
1611856059705105780 : Checking image 1 crop x1 329
1611856059705218988 : Checking image 1 crop y1 335
1611856059705255891 : Checking image 1 crop x2 2344
1611856059705288793 : Checking image 1 crop y2 3222
1611856062050850959 : Checking image 2 crop x1 171
1611856062050967567 : Checking image 2 crop y1 648
1611856062051006370 : Checking image 2 crop x2 2188
1611856062051039472 : Checking image 2 crop y2 3361
1611856062051213284 : Checking image 1 dpi 300
1611856062051287989 : Checking image 1 border top 326
1611856062051321592 : Checking image 1 border bottom 274
1611856062051353094 : Checking image 1 border left 222
1611856062051384196 : Checking image 1 border right 222
1611856062053885569 : Checking image 2 dpi 300
1611856062053973875 : Checking image 2 border top 643
1611856062054007778 : Checking image 2 border bottom 131
1611856062054039180 : Checking image 2 border left 221
1611856062054069982 : Checking image 2 border right 221

</system-out><system-err>--------------------------------- Captured Err ---------------------------------

</system-err></testcase><testcase classname="tests.test_features" name="test_mock_stop_at_5" time="21.093"><system-out>--------------------------------- Captured Log ---------------------------------

--------------------------------- Captured Out ---------------------------------
/home/runner/work/diptych/diptych/tests/0001_5.png
separation double page angle 90.55756528497216
separation double page y=0 2484
page rotation 1 0.65
page rotation 2 0.2
image 1 crop x1 329
image 1 crop y1 335
image 1 crop x2 2344
image 1 crop y2 3222
image 2 crop x1 171
image 2 crop y1 648
image 2 crop x2 2188
image 2 crop y2 3361
image 1 dpi 300
image 1 border top 326
image 1 border bottom 274
image 1 border left 222
image 1 border right 222
image 2 dpi 300
image 2 border top 643
image 2 border bottom 131
image 2 border left 221
image 2 border right 221

</system-out><system-err>--------------------------------- Captured Err ---------------------------------

</system-err></testcase><testcase classname="tests.test_images" name="test_black_border_not_removed_png" time="20.833"><system-out>--------------------------------- Captured Log ---------------------------------

--------------------------------- Captured Out ---------------------------------
/home/runner/work/diptych/diptych/tests/black-border-not-removed.png
1611856073700788119 : Checking separation double page angle 90.01516396500199
1611856073700896827 : Checking separation double page y=0 2455
1611856074809847029 : Checking page rotation 1 0.0
1611856076245503886 : Checking page rotation 2 0.1
1611856078705132152 : Checking image 1 crop x1 297
1611856078705261161 : Checking image 1 crop y1 143
1611856078705301864 : Checking image 1 crop x2 2309
1611856078705339667 : Checking image 1 crop y2 3346
1611856082884884903 : Checking image 2 crop x1 154
1611856082885011612 : Checking image 2 crop y1 144
1611856082885052614 : Checking image 2 crop x2 2168
1611856082885090117 : Checking image 2 crop y2 3351
1611856082885265729 : Checking image 1 dpi 300
1611856082885345835 : Checking image 1 border top 131
1611856082885381337 : Checking image 1 border bottom 153
1611856082885415439 : Checking image 1 border left 224
1611856082885449542 : Checking image 1 border right 224
1611856082888048621 : Checking image 2 dpi 300
1611856082888142227 : Checking image 2 border top 133
1611856082888178230 : Checking image 2 border bottom 147
1611856082888212032 : Checking image 2 border left 223
1611856082888245935 : Checking image 2 border right 223

</system-out><system-err>--------------------------------- Captured Err ---------------------------------

</system-err></testcase><testcase classname="tests.test_images" name="test_2_pages_2_contours_png" time="14.959"><system-out>--------------------------------- Captured Log ---------------------------------

--------------------------------- Captured Out ---------------------------------
/home/runner/work/diptych/diptych/tests/2-pages-2-contours.png
1611856092101959278 : Checking separation double page angle 90.14230271514262
1611856092102974849 : Checking separation double page y=0 2488
1611856092679193406 : Checking page rotation 1 0.0
1611856093687101523 : Checking page rotation 2 0.2
1611856094545317682 : Checking image 1 crop x1 1189
1611856094545429290 : Checking image 1 crop y1 1751
1611856094545463492 : Checking image 1 crop x2 1190
1611856094545493195 : Checking image 1 crop y2 1752
1611856096801884022 : Checking image 2 crop x1 100
1611856096802008231 : Checking image 2 crop y1 240
1611856096802044133 : Checking image 2 crop x2 2148
1611856096802078136 : Checking image 2 crop y2 3240
1611856096802256848 : Checking image 1 dpi 300
1611856096802320452 : Checking image 1 border top 1752
1611856096802352254 : Checking image 1 border bottom 1753
1611856096802405758 : Checking image 1 border left 1239
1611856096802436360 : Checking image 1 border right 1239
1611856096804859028 : Checking image 2 dpi 300
1611856096804942934 : Checking image 2 border top 230
1611856096804974436 : Checking image 2 border bottom 256
1611856096805005238 : Checking image 2 border left 206
1611856096805035540 : Checking image 2 border right 206

</system-out><system-err>--------------------------------- Captured Err ---------------------------------

</system-err></testcase><testcase classname="tests.test_images" name="test_image_failed_to_rotate_png" time="27.597"><system-out>--------------------------------- Captured Log ---------------------------------

--------------------------------- Captured Out ---------------------------------
/home/runner/work/diptych/diptych/tests/image_failed_to_rotate.png
1611856098469058045 : Checking separation double page angle 90.35651650869968
1611856098469169052 : Checking separation double page y=0 2483
1611856100416884681 : Checking page rotation 1 0.45
1611856101496956592 : Checking page rotation 2 0.2
1611856107082606082 : Checking image 1 crop x1 31
1611856107082743991 : Checking image 1 crop y1 1
1611856107082784094 : Checking image 1 crop x2 2481
1611856107082822597 : Checking image 1 crop y2 3504
1611856110383381829 : Checking image 2 crop x1 171
1611856110383506038 : Checking image 2 crop y1 231
1611856110383544840 : Checking image 2 crop x2 2259
1611856110383582443 : Checking image 2 crop y2 3358
1611856110383754855 : Checking image 1 dpi 300
1611856110383838661 : Checking image 1 border top 2
1611856110383876363 : Checking image 1 border bottom 2
1611856110383910266 : Checking image 1 border left 15
1611856110383943968 : Checking image 1 border right 15
1611856110386599752 : Checking image 2 dpi 300
1611856110386694558 : Checking image 2 border top 217
1611856110386730661 : Checking image 2 border bottom 143
1611856110386764363 : Checking image 2 border left 186
1611856110386797765 : Checking image 2 border right 186

</system-out><system-err>--------------------------------- Captured Err ---------------------------------

</system-err></testcase><testcase classname="tests.test_images" name="test_wrong_split_line_png" time="17.572"><system-out>--------------------------------- Captured Log ---------------------------------

--------------------------------- Captured Out ---------------------------------
/home/runner/work/diptych/diptych/tests/wrong_split_line.png
1611856109113307966 : Checking separation double page angle 89.95895720607972
1611856109113428174 : Checking separation double page y=0 2466
1611856110141132970 : Checking page rotation 1 -0.04999999999999689
1611856111097599139 : Checking page rotation 2 0.45
1611856112393797609 : Checking image 1 crop x1 211
1611856112393930019 : Checking image 1 crop y1 156
1611856112393968021 : Checking image 1 crop x2 2323
1611856112394004624 : Checking image 1 crop y2 3363
1611856114370563960 : Checking image 2 crop x1 123
1611856114370692869 : Checking image 2 crop y1 164
1611856114370731571 : Checking image 2 crop x2 2237
1611856114370768574 : Checking image 2 crop y2 3375
1611856114370947086 : Checking image 1 dpi 300
1611856114371021591 : Checking image 1 border top 135
1611856114371056494 : Checking image 1 border bottom 145
1611856114371090696 : Checking image 1 border left 174
1611856114371123798 : Checking image 1 border right 174
1611856114373435358 : Checking image 2 dpi 300
1611856114373516664 : Checking image 2 border top 141
1611856114373552366 : Checking image 2 border bottom 135
1611856114373586069 : Checking image 2 border left 173
1611856114373619071 : Checking image 2 border right 173

</system-out><system-err>--------------------------------- Captured Err ---------------------------------

</system-err></testcase><testcase classname="tests.test_images" name="test_image_failed_to_crop_data_png" time="39.629"><system-out>--------------------------------- Captured Log ---------------------------------

--------------------------------- Captured Out ---------------------------------
/home/runner/work/diptych/diptych/tests/image_failed_to_crop_data.png
1611856130939286227 : Checking separation double page angle 90.09350257645173
1611856130939401435 : Checking separation double page y=0 2479
1611856136017445098 : Checking page rotation 1 0.15000000000000002
1611856137092693913 : Checking page rotation 2 0.05
1611856147159053304 : Checking image 1 crop x1 46
1611856147159189313 : Checking image 1 crop y1 1
1611856147159229316 : Checking image 1 crop x2 2477
1611856147159267518 : Checking image 1 crop y2 3505
1611856150050332967 : Checking image 2 crop x1 164
1611856150050479977 : Checking image 2 crop y1 217
1611856150050520080 : Checking image 2 crop x2 2245
1611856150050557883 : Checking image 2 crop y2 3350
1611856150050744395 : Checking image 1 dpi 300
1611856150050826601 : Checking image 1 border top 2
1611856150050864304 : Checking image 1 border bottom 2
1611856150050898606 : Checking image 1 border left 25
1611856150050932408 : Checking image 1 border right 25
1611856150053513486 : Checking image 2 dpi 300
1611856150053602792 : Checking image 2 border top 206
1611856150053641395 : Checking image 2 border bottom 148
1611856150053674997 : Checking image 2 border left 189
1611856150053708600 : Checking image 2 border right 189

</system-out><system-err>--------------------------------- Captured Err ---------------------------------

</system-err></testcase><testcase classname="tests.test_images" name="test_crop_too_much_png" time="23.608"><system-out>--------------------------------- Captured Log ---------------------------------

--------------------------------- Captured Out ---------------------------------
/home/runner/work/diptych/diptych/tests/crop_too_much.png
1611856128481558278 : Checking separation double page angle 90.16929865985193
1611856128481666585 : Checking separation double page y=0 2456
1611856129905061060 : Checking page rotation 1 -0.04999999999999689
1611856131248095185 : Checking page rotation 2 0.2
1611856134084272965 : Checking image 1 crop x1 302
1611856134084397574 : Checking image 1 crop y1 148
1611856134084432677 : Checking image 1 crop x2 2314
1611856134084462779 : Checking image 1 crop y2 3351
1611856137953403168 : Checking image 2 crop x1 163
1611856137953530877 : Checking image 2 crop y1 151
1611856137953566780 : Checking image 2 crop x2 2187
1611856137953600782 : Checking image 2 crop y2 3363
1611856137953777894 : Checking image 1 dpi 300
1611856137953847299 : Checking image 1 border top 133
1611856137953881001 : Checking image 1 border bottom 151
1611856137953912103 : Checking image 1 border left 224
1611856137953942406 : Checking image 1 border right 224
1611856137956554185 : Checking image 2 dpi 300
1611856137956640691 : Checking image 2 border top 132
1611856137956673193 : Checking image 2 border bottom 143
1611856137956703995 : Checking image 2 border left 218
1611856137956733897 : Checking image 2 border right 218

</system-out><system-err>--------------------------------- Captured Err ---------------------------------

</system-err></testcase><testcase classname="tests.test_images" name="test_crop_too_few_png" time="18.021"><system-out>--------------------------------- Captured Log ---------------------------------

--------------------------------- Captured Out ---------------------------------
/home/runner/work/diptych/diptych/tests/crop_too_few.png
1611856150640875266 : Checking separation double page angle 89.49492328400886
1611856150640990474 : Checking separation double page y=0 2510
1611856151559782396 : Checking page rotation 1 -0.6499999999999977
1611856152751746245 : Checking page rotation 2 0.0
1611856154638682985 : Checking image 1 crop x1 263
1611856154638817594 : Checking image 1 crop y1 150
1611856154638856997 : Checking image 1 crop x2 2377
1611856154638891699 : Checking image 1 crop y2 3357
1611856156011415540 : Checking image 2 crop x1 139
1611856156011545049 : Checking image 2 crop y1 141
1611856156011583452 : Checking image 2 crop x2 2261
1611856156011619754 : Checking image 2 crop y2 3345
1611856156011802167 : Checking image 1 dpi 300
1611856156011876072 : Checking image 1 border top 129
1611856156011912274 : Checking image 1 border bottom 150
1611856156011945677 : Checking image 1 border left 173
1611856156011978379 : Checking image 1 border right 173
1611856156015127096 : Checking image 2 dpi 300
1611856156015217803 : Checking image 2 border top 130
1611856156015253105 : Checking image 2 border bottom 153
1611856156015286907 : Checking image 2 border left 169
1611856156015319710 : Checking image 2 border right 169

</system-out><system-err>--------------------------------- Captured Err ---------------------------------

</system-err></testcase><testcase classname="tests.test_images" name="test_wrong_angle_split_line_png" time="24.288"><system-out>--------------------------------- Captured Log ---------------------------------

--------------------------------- Captured Out ---------------------------------
/home/runner/work/diptych/diptych/tests/wrong_angle_split_line.png
1611856161102301993 : Checking separation double page angle 90.08791528895468
1611856161102438902 : Checking separation double page y=0 2478
1611856162368861925 : Checking page rotation 1 0.1
1611856163349749217 : Checking page rotation 2 0.1
1611856168923732016 : Checking image 1 crop x1 58
1611856168923867325 : Checking image 1 crop y1 6
1611856168923905928 : Checking image 1 crop x2 2476
1611856168923940630 : Checking image 1 crop y2 3501
1611856173619797540 : Checking image 2 crop x1 166
1611856173619922348 : Checking image 2 crop y1 218
1611856173619959251 : Checking image 2 crop x2 2244
1611856173619994153 : Checking image 2 crop y2 3349
1611856173620177166 : Checking image 1 dpi 300
1611856173620259171 : Checking image 1 border top 6
1611856173620293474 : Checking image 1 border bottom 6
1611856173620324976 : Checking image 1 border left 31
1611856173620356578 : Checking image 1 border right 31
1611856173627825094 : Checking image 2 dpi 300
1611856173627935002 : Checking image 2 border top 209
1611856173627967904 : Checking image 2 border bottom 147
1611856173627999106 : Checking image 2 border left 191
1611856173628030608 : Checking image 2 border right 191

</system-out><system-err>--------------------------------- Captured Err ---------------------------------

</system-err></testcase><testcase classname="tests.test_images" name="test_crop_too_much_2_png" time="24.225"><system-out>--------------------------------- Captured Log ---------------------------------

--------------------------------- Captured Out ---------------------------------
/home/runner/work/diptych/diptych/tests/crop_too_much_2.png
1611856170329302548 : Checking separation double page angle 90.15285326123045
1611856170329405555 : Checking separation double page y=0 2477
1611856172054869494 : Checking page rotation 1 0.15000000000000002
1611856173885770220 : Checking page rotation 2 0.2
1611856176639808539 : Checking image 1 crop x1 330
1611856176639937648 : Checking image 1 crop y1 132
1611856176639974150 : Checking image 1 crop x2 2342
1611856176640006853 : Checking image 1 crop y2 3335
1611856180201626564 : Checking image 2 crop x1 165
1611856180201743972 : Checking image 2 crop y1 139
1611856180201791375 : Checking image 2 crop x2 2178
1611856180201824277 : Checking image 2 crop y2 3345
1611856180202004290 : Checking image 1 dpi 300
1611856180202076395 : Checking image 1 border top 121
1611856180202109297 : Checking image 1 border bottom 163
1611856180202140799 : Checking image 1 border left 224
1611856180202171101 : Checking image 1 border right 224
1611856180205317818 : Checking image 2 dpi 300
1611856180205405424 : Checking image 2 border top 129
1611856180205438026 : Checking image 2 border bottom 152
1611856180205469328 : Checking image 2 border left 223
1611856180205499530 : Checking image 2 border right 223

</system-out><system-err>--------------------------------- Captured Err ---------------------------------

</system-err></testcase><testcase classname="tests.test_images" name="test_angle_page_lower_split_line_png" time="25.157"><system-out>--------------------------------- Captured Log ---------------------------------

--------------------------------- Captured Out ---------------------------------
/home/runner/work/diptych/diptych/tests/angle_page_lower_split_line.png
1611856191839007297 : Checking separation double page angle 89.74412725181848
1611856191839126405 : Checking separation double page y=0 2472
1611856193205454378 : Checking page rotation 1 -0.14999999999999067
1611856194509652163 : Checking page rotation 2 0.1
1611856196061106926 : Checking image 1 crop x1 241
1611856196061235035 : Checking image 1 crop y1 156
1611856196061274937 : Checking image 1 crop x2 2357
1611856196061312340 : Checking image 1 crop y2 3368
1611856199576580649 : Checking image 2 crop x1 151
1611856199576708858 : Checking image 2 crop y1 146
1611856199576748361 : Checking image 2 crop x2 2261
1611856199576787063 : Checking image 2 crop y2 3351
1611856199576968176 : Checking image 1 dpi 300
1611856199577047681 : Checking image 1 border top 140
1611856199577082984 : Checking image 1 border bottom 135
1611856199577116986 : Checking image 1 border left 172
1611856199577150889 : Checking image 1 border right 172
1611856199579762169 : Checking image 2 dpi 300
1611856199579854375 : Checking image 2 border top 131
1611856199579890078 : Checking image 2 border bottom 151
1611856199579924580 : Checking image 2 border left 175
1611856199579958483 : Checking image 2 border right 175

</system-out><system-err>--------------------------------- Captured Err ---------------------------------

</system-err></testcase><testcase classname="tests.test_images" name="test_wrong_split_line_2_png" time="30.307"><system-out>--------------------------------- Captured Log ---------------------------------

--------------------------------- Captured Out ---------------------------------
/home/runner/work/diptych/diptych/tests/wrong_split_line_2.png
1611856196598122919 : Checking separation double page angle 90.23635161124103
1611856196598241327 : Checking separation double page y=0 2437
1611856198292603661 : Checking page rotation 1 0.2
1611856199758080786 : Checking page rotation 2 0.2
1611856204390822115 : Checking image 1 crop x1 294
1611856204390947823 : Checking image 1 crop y1 136
1611856204390985526 : Checking image 1 crop x2 2325
1611856204391024329 : Checking image 1 crop y2 3376
1611856210524042686 : Checking image 2 crop x1 138
1611856210524169695 : Checking image 2 crop y1 190
1611856210524208897 : Checking image 2 crop x2 2174
1611856210524246000 : Checking image 2 crop y2 3389
1611856210524431813 : Checking image 1 dpi 300
1611856210524506218 : Checking image 1 border top 131
1611856210524541020 : Checking image 1 border bottom 116
1611856210524574722 : Checking image 1 border left 214
1611856210524613325 : Checking image 1 border right 214
1611856210527212305 : Checking image 2 dpi 300
1611856210527303611 : Checking image 2 border top 181
1611856210527338613 : Checking image 2 border bottom 107
1611856210527371916 : Checking image 2 border left 212
1611856210527404818 : Checking image 2 border right 212

</system-out><system-err>--------------------------------- Captured Err ---------------------------------

</system-err></testcase><testcase classname="tests.test_images" name="test_wrong_wave_split_line_png" time="29.746"><system-out>--------------------------------- Captured Log ---------------------------------

--------------------------------- Captured Out ---------------------------------
/home/runner/work/diptych/diptych/tests/wrong_wave_split_line.png
1611856216662677999 : Checking separation double page angle 90.42461655762611
1611856216662782507 : Checking separation double page y=0 2502
1611856217840669855 : Checking page rotation 1 -0.09999999999999377
1611856219115307738 : Checking page rotation 2 0.85
1611856223603628597 : Checking image 1 crop x1 384
1611856223603752905 : Checking image 1 crop y1 178
1611856223603790808 : Checking image 1 crop x2 2412
1611856223603824310 : Checking image 1 crop y2 3374
1611856229305026994 : Checking image 2 crop x1 7
1611856229305163204 : Checking image 2 crop y1 0
1611856229305201507 : Checking image 2 crop x2 2411
1611856229305240809 : Checking image 2 crop y2 3505
1611856229305404721 : Checking image 1 dpi 300
1611856229305482626 : Checking image 1 border top 173
1611856229305518528 : Checking image 1 border bottom 118
1611856229305551631 : Checking image 1 border left 216
1611856229305586733 : Checking image 1 border right 216
1611856229308220115 : Checking image 2 dpi 300
1611856229308313322 : Checking image 2 border top 1
1611856229308348624 : Checking image 2 border bottom 1
1611856229308381926 : Checking image 2 border left 38
1611856229308415429 : Checking image 2 border right 38

</system-out><system-err>--------------------------------- Captured Err ---------------------------------

</system-err></testcase><testcase classname="tests.test_images" name="test_small_wave_png" time="20.934"><system-out>--------------------------------- Captured Log ---------------------------------

--------------------------------- Captured Out ---------------------------------
/home/runner/work/diptych/diptych/tests/small_wave.png
1611856224790271613 : Checking separation double page angle 90.56494929955075
1611856224790397121 : Checking separation double page y=0 2495
1611856226430052477 : Checking page rotation 1 0.7
1611856227910152830 : Checking page rotation 2 0.65
1611856229373457522 : Checking image 1 crop x1 322
1611856229373588931 : Checking image 1 crop y1 199
1611856229373627634 : Checking image 1 crop x2 2351
1611856229373662436 : Checking image 1 crop y2 3394
1611856231459788456 : Checking image 2 crop x1 130
1611856231459921165 : Checking image 2 crop y1 222
1611856231459959568 : Checking image 2 crop x2 2163
1611856231459998070 : Checking image 2 crop y2 3420
1611856231460184283 : Checking image 1 dpi 300
1611856231460258088 : Checking image 1 border top 181
1611856231460294091 : Checking image 1 border bottom 111
1611856231460328093 : Checking image 1 border left 215
1611856231460360995 : Checking image 1 border right 215
1611856231462857068 : Checking image 2 dpi 300
1611856231462952974 : Checking image 2 border top 197
1611856231462987977 : Checking image 2 border bottom 92
1611856231463021079 : Checking image 2 border left 213
1611856231463053281 : Checking image 2 border right 213

</system-out><system-err>--------------------------------- Captured Err ---------------------------------

</system-err></testcase><testcase classname="tests.test_images" name="test_no_split_line_line_algo_png" time="20.732"><system-out>--------------------------------- Captured Log ---------------------------------

--------------------------------- Captured Out ---------------------------------
/home/runner/work/diptych/diptych/tests/no_split_line_line_algo.png
1611856241980345014 : Checking separation double page angle 89.47691469185418
1611856241980448121 : Checking separation double page y=0 2476
1611856242866310590 : Checking page rotation 1 -0.14999999999999067
1611856244223914680 : Checking page rotation 2 -0.14999999999999067
1611856245946881656 : Checking image 1 crop x1 205
1611856245947007065 : Checking image 1 crop y1 158
1611856245947044368 : Checking image 1 crop x2 2320
1611856245947078770 : Checking image 1 crop y2 3366
1611856250063052273 : Checking image 2 crop x1 185
1611856250063177882 : Checking image 2 crop y1 225
1611856250063216384 : Checking image 2 crop x2 2204
1611856250063251587 : Checking image 2 crop y2 3362
1611856250063433399 : Checking image 1 dpi 300
1611856250063509004 : Checking image 1 border top 144
1611856250063541707 : Checking image 1 border bottom 134
1611856250063572809 : Checking image 1 border left 172
1611856250063603411 : Checking image 1 border right 172
1611856250066238193 : Checking image 2 dpi 300
1611856250066321799 : Checking image 2 border top 223
1611856250066354701 : Checking image 2 border bottom 127
1611856250066402004 : Checking image 2 border left 220
1611856250066433106 : Checking image 2 border right 220

</system-out><system-err>--------------------------------- Captured Err ---------------------------------

</system-err></testcase><testcase classname="tests.test_images" name="test_wrong_split_line_3_png" time="23.331"><system-out>--------------------------------- Captured Log ---------------------------------

--------------------------------- Captured Out ---------------------------------
/home/runner/work/diptych/diptych/tests/wrong_split_line_3.png
1611856244614579011 : Checking separation double page angle 90.40515247895009
1611856244614688018 : Checking separation double page y=0 2495
1611856245908513911 : Checking page rotation 1 0.2
1611856247010426875 : Checking page rotation 2 0.85
1611856248929674483 : Checking image 1 crop x1 331
1611856248929806692 : Checking image 1 crop y1 166
1611856248929841394 : Checking image 1 crop x2 2377
1611856248929876596 : Checking image 1 crop y2 3375
1611856254814328693 : Checking image 2 crop x1 103
1611856254814461502 : Checking image 2 crop y1 207
1611856254814494904 : Checking image 2 crop x2 2136
1611856254814526606 : Checking image 2 crop y2 3414
1611856254814720020 : Checking image 1 dpi 300
1611856254814794725 : Checking image 1 border top 158
1611856254814829727 : Checking image 1 border bottom 120
1611856254814860929 : Checking image 1 border left 207
1611856254814891031 : Checking image 1 border right 207
1611856254817058681 : Checking image 2 dpi 300
1611856254817137187 : Checking image 2 border top 199
1611856254817168289 : Checking image 2 border bottom 81
1611856254817198791 : Checking image 2 border left 213
1611856254817228793 : Checking image 2 border right 213

</system-out><system-err>--------------------------------- Captured Err ---------------------------------

</system-err></testcase><testcase classname="tests.test_images" name="test_failed_split_line_line_algo_png" time="15.585"><system-out>--------------------------------- Captured Log ---------------------------------

--------------------------------- Captured Out ---------------------------------
/home/runner/work/diptych/diptych/tests/failed_split_line_line_algo.png
1611856260602807940 : Checking separation double page angle 90.0093502548779
1611856260602917547 : Checking separation double page y=0 2574
1611856261278486437 : Checking page rotation 1 0.0
1611856261842544937 : Checking page rotation 2 0.0
1611856264041706800 : Checking image 1 crop x1 411
1611856264041832509 : Checking image 1 crop y1 2927
1611856264041872312 : Checking image 1 crop x2 2422
1611856264041907514 : Checking image 1 crop y2 3172
1611856265678901388 : Checking image 2 crop x1 1191
1611856265679009596 : Checking image 2 crop y1 1745
1611856265679046398 : Checking image 2 crop x2 1192
1611856265679080800 : Checking image 2 crop y2 1746
1611856265679221210 : Checking image 1 dpi 300
1611856265679308416 : Checking image 1 border top 2920
1611856265679343219 : Checking image 1 border bottom 322
1611856265679376521 : Checking image 1 border left 224
1611856265679410123 : Checking image 1 border right 224
1611856265680951630 : Checking image 2 dpi 300
1611856265681022835 : Checking image 2 border top 1752
1611856265681055637 : Checking image 2 border bottom 1753
1611856265681086339 : Checking image 2 border left 1239
1611856265681117141 : Checking image 2 border right 1239

</system-out><system-err>--------------------------------- Captured Err ---------------------------------

</system-err></testcase><testcase classname="tests.test_images" name="test_crop_too_much_3_png" time="19.388"><system-out>--------------------------------- Captured Log ---------------------------------

--------------------------------- Captured Out ---------------------------------
/home/runner/work/diptych/diptych/tests/crop_too_much_3.png
1611856266587354642 : Checking separation double page angle 89.5934556679346
1611856266587471150 : Checking separation double page y=0 2499
1611856267776326174 : Checking page rotation 1 -0.8999999999999949
1611856269496366090 : Checking page rotation 2 -0.04999999999999689
1611856272097809193 : Checking image 1 crop x1 374
1611856272097937802 : Checking image 1 crop y1 258
1611856272097975404 : Checking image 1 crop x2 2385
1611856272098009707 : Checking image 1 crop y2 3459
1611856274187801165 : Checking image 2 crop x1 164
1611856274187931074 : Checking image 2 crop y1 229
1611856274187969477 : Checking image 2 crop x2 2183
1611856274188007879 : Checking image 2 crop y2 3416
1611856274188194392 : Checking image 1 dpi 300
1611856274188271798 : Checking image 1 border top 239
1611856274188309000 : Checking image 1 border bottom 46
1611856274188342702 : Checking image 1 border left 224
1611856274188375205 : Checking image 1 border right 224
1611856274190583457 : Checking image 2 dpi 300
1611856274190674363 : Checking image 2 border top 210
1611856274190709766 : Checking image 2 border bottom 90
1611856274190742968 : Checking image 2 border left 220
1611856274190777171 : Checking image 2 border right 220

</system-out><system-err>--------------------------------- Captured Err ---------------------------------

</system-err></testcase><testcase classname="tests.test_images" name="test_failed_split_line_line_algo_2_png" time="21.686"><system-out>--------------------------------- Captured Log ---------------------------------

--------------------------------- Captured Out ---------------------------------
/home/runner/work/diptych/diptych/tests/failed_split_line_line_algo_2.png
1611856280152699908 : Checking separation double page angle 90.03732329462368
1611856280152817116 : Checking separation double page y=0 2499
1611856281407594266 : Checking page rotation 1 -0.09999999999999377
1611856282554468911 : Checking page rotation 2 0.5499999999999999
1611856285055889233 : Checking image 1 crop x1 273
1611856285056019342 : Checking image 1 crop y1 147
1611856285056056445 : Checking image 1 crop x2 2386
1611856285056091647 : Checking image 1 crop y2 3352
1611856287327662708 : Checking image 2 crop x1 122
1611856287327791017 : Checking image 2 crop y1 155
1611856287327828519 : Checking image 2 crop x2 2246
1611856287327863522 : Checking image 2 crop y2 3350
1611856287328038434 : Checking image 1 dpi 300
1611856287328115639 : Checking image 1 border top 137
1611856287328148341 : Checking image 1 border bottom 145
1611856287328179843 : Checking image 1 border left 173
1611856287328210845 : Checking image 1 border right 173
1611856287330818625 : Checking image 2 dpi 300
1611856287330908732 : Checking image 2 border top 133
1611856287330942034 : Checking image 2 border bottom 159
1611856287330973636 : Checking image 2 border left 168
1611856287331006438 : Checking image 2 border right 168

</system-out><system-err>--------------------------------- Captured Err ---------------------------------

</system-err></testcase><testcase classname="tests.test_images" name="test_wrong_wave_split_line_2_png" time="24.063"><system-out>--------------------------------- Captured Log ---------------------------------

--------------------------------- Captured Out ---------------------------------
/home/runner/work/diptych/diptych/tests/wrong_wave_split_line_2.png
1611856290595996273 : Checking separation double page angle 90.7708958311329
1611856290596107181 : Checking separation double page y=0 2490
1611856291855988719 : Checking page rotation 1 0.2
1611856293160668852 : Checking page rotation 2 1.65
1611856294646217980 : Checking image 1 crop x1 227
1611856294646347089 : Checking image 1 crop y1 147
1611856294646417694 : Checking image 1 crop x2 2342
1611856294646454297 : Checking image 1 crop y2 3353
1611856298267461086 : Checking image 2 crop x1 106
1611856298267585994 : Checking image 2 crop y1 195
1611856298267621597 : Checking image 2 crop x2 2231
1611856298267655499 : Checking image 2 crop y2 3398
1611856298267833211 : Checking image 1 dpi 300
1611856298267906016 : Checking image 1 border top 136
1611856298267939519 : Checking image 1 border bottom 145
1611856298267970621 : Checking image 1 border left 172
1611856298268000623 : Checking image 1 border right 172
1611856298271178642 : Checking image 2 dpi 300
1611856298271267448 : Checking image 2 border top 166
1611856298271300251 : Checking image 2 border bottom 117
1611856298271330653 : Checking image 2 border left 167
1611856298271360655 : Checking image 2 border right 167

</system-out><system-err>--------------------------------- Captured Err ---------------------------------

</system-err></testcase><testcase classname="tests.test_images" name="test_wrong_wave_split_line_3_png" time="22.289"><system-out>--------------------------------- Captured Log ---------------------------------

--------------------------------- Captured Out ---------------------------------
/home/runner/work/diptych/diptych/tests/wrong_wave_split_line_3.png
1611856303849284010 : Checking separation double page angle 90.12715931778824
1611856303849398918 : Checking separation double page y=0 2514
1611856305100669500 : Checking page rotation 1 0.05
1611856306152312747 : Checking page rotation 2 0.2
1611856307959962220 : Checking image 1 crop x1 273
1611856307960083928 : Checking image 1 crop y1 220
1611856307960133732 : Checking image 1 crop x2 2383
1611856307960167634 : Checking image 1 crop y2 3423
1611856309634861622 : Checking image 2 crop x1 116
1611856309634989531 : Checking image 2 crop y1 225
1611856309635028433 : Checking image 2 crop x2 2242
1611856309635066636 : Checking image 2 crop y2 3415
1611856309635241948 : Checking image 1 dpi 300
1611856309635322654 : Checking image 1 border top 202
1611856309635357456 : Checking image 1 border bottom 82
1611856309635391358 : Checking image 1 border left 175
1611856309635424361 : Checking image 1 border right 175
1611856309637719719 : Checking image 2 dpi 300
1611856309637800125 : Checking image 2 border top 204
1611856309637836027 : Checking image 2 border bottom 93
1611856309637869229 : Checking image 2 border left 167
1611856309637903132 : Checking image 2 border right 167

</system-out><system-err>--------------------------------- Captured Err ---------------------------------

</system-err></testcase><testcase classname="tests.test_images" name="test_no_split_line_wave_algo_png" time="33.539"><system-out>--------------------------------- Captured Log ---------------------------------

--------------------------------- Captured Out ---------------------------------
/home/runner/work/diptych/diptych/tests/no_split_line_wave_algo.png
1611856312287871191 : Checking separation double page angle 89.79018091440821
1611856312287985099 : Checking separation double page y=0 2483
1611856315432390209 : Checking page rotation 1 0.0
1611856316634683961 : Checking page rotation 2 -0.44999999999999746
1611856326055938648 : Checking image 1 crop x1 97
1611856326056032154 : Checking image 1 crop y1 74
1611856326056068456 : Checking image 1 crop x2 2489
1611856326056103359 : Checking image 1 crop y2 3505
1611856331770060135 : Checking image 2 crop x1 164
1611856331770188344 : Checking image 2 crop y1 267
1611856331770228246 : Checking image 2 crop x2 2239
1611856331770264249 : Checking image 2 crop y2 3380
1611856331770473663 : Checking image 1 dpi 300
1611856331770554169 : Checking image 1 border top 38
1611856331770588371 : Checking image 1 border bottom 38
1611856331770621674 : Checking image 1 border left 44
1611856331770654276 : Checking image 1 border right 44
1611856331773827395 : Checking image 2 dpi 300
1611856331773910501 : Checking image 2 border top 257
1611856331773949103 : Checking image 2 border bottom 117
1611856331773982406 : Checking image 2 border left 192
1611856331774015108 : Checking image 2 border right 192

</system-out><system-err>--------------------------------- Captured Err ---------------------------------

</system-err></testcase><testcase classname="tests.test_images" name="test_no_split_line_wave_algo_2_png" time="18.931"><system-out>--------------------------------- Captured Log ---------------------------------

--------------------------------- Captured Out ---------------------------------
/home/runner/work/diptych/diptych/tests/no_split_line_wave_algo_2.png
1611856322790878342 : Checking separation double page angle 90.43362571535843
1611856322790996050 : Checking separation double page y=0 2473
1611856323800399835 : Checking page rotation 1 1.05
1611856324887220364 : Checking page rotation 2 0.15000000000000002
1611856326841327367 : Checking image 1 crop x1 267
1611856326841454376 : Checking image 1 crop y1 210
1611856326841491679 : Checking image 1 crop x2 2343
1611856326841526281 : Checking image 1 crop y2 3412
1611856328571668422 : Checking image 2 crop x1 165
1611856328571793631 : Checking image 2 crop y1 241
1611856328571831634 : Checking image 2 crop x2 2250
1611856328571866736 : Checking image 2 crop y2 3433
1611856328572045849 : Checking image 1 dpi 300
1611856328572127554 : Checking image 1 border top 192
1611856328572160556 : Checking image 1 border bottom 93
1611856328572191459 : Checking image 1 border left 192
1611856328572222661 : Checking image 1 border right 192
1611856328574915047 : Checking image 2 dpi 300
1611856328575011253 : Checking image 2 border top 224
1611856328575044756 : Checking image 2 border bottom 71
1611856328575075858 : Checking image 2 border left 187
1611856328575107360 : Checking image 2 border right 187

</system-out><system-err>--------------------------------- Captured Err ---------------------------------

</system-err></testcase><testcase classname="tests.test_images" name="test_failed_detect_rectangle_png" time="19.147"><system-out>--------------------------------- Captured Log ---------------------------------

--------------------------------- Captured Out ---------------------------------
/home/runner/work/diptych/diptych/tests/failed_detect_rectangle.png
1611856342467787757 : Checking separation double page angle 90.242273842964
1611856342467900765 : Checking separation double page y=0 2475
1611856343672457319 : Checking page rotation 1 0.2
1611856345216501917 : Checking page rotation 2 0.2
1611856346419186310 : Checking image 1 crop x1 257
1611856346419319319 : Checking image 1 crop y1 201
1611856346419359422 : Checking image 1 crop x2 2333
1611856346419395224 : Checking image 1 crop y2 3402
1611856347712113337 : Checking image 2 crop x1 137
1611856347712242946 : Checking image 2 crop y1 215
1611856347712282649 : Checking image 2 crop x2 2220
1611856347712320151 : Checking image 2 crop y2 3406
1611856347712488363 : Checking image 1 dpi 300
1611856347712569469 : Checking image 1 border top 188
1611856347712604671 : Checking image 1 border bottom 98
1611856347712639773 : Checking image 1 border left 192
1611856347712673176 : Checking image 1 border right 192
1611856347715342060 : Checking image 2 dpi 300
1611856347715435467 : Checking image 2 border top 201
1611856347715471169 : Checking image 2 border bottom 95
1611856347715504471 : Checking image 2 border left 188
1611856347715537874 : Checking image 2 border right 188

</system-out><system-err>--------------------------------- Captured Err ---------------------------------

</system-err></testcase><testcase classname="tests.test_images" name="test_crop_too_few_2_png" time="19.946"><system-out>--------------------------------- Captured Log ---------------------------------

--------------------------------- Captured Out ---------------------------------
/home/runner/work/diptych/diptych/tests/crop_too_few_2.png
1611856344480415294 : Checking separation double page angle 90.35461351371423
1611856344480523302 : Checking separation double page y=0 2533
1611856345605733909 : Checking page rotation 1 1.0999999999999999
1611856346699767795 : Checking page rotation 2 0.0
1611856349259998979 : Checking image 1 crop x1 289
1611856349260131189 : Checking image 1 crop y1 165
1611856349260168491 : Checking image 1 crop x2 2400
1611856349260203594 : Checking image 1 crop y2 3367
1611856351786295720 : Checking image 2 crop x1 152
1611856351786447430 : Checking image 2 crop y1 190
1611856351786487033 : Checking image 2 crop x2 2273
1611856351786524135 : Checking image 2 crop y2 3385
1611856351786706948 : Checking image 1 dpi 300
1611856351786782053 : Checking image 1 border top 157
1611856351786818056 : Checking image 1 border bottom 128
1611856351786851858 : Checking image 1 border left 174
1611856351786885760 : Checking image 1 border right 174
1611856351789998475 : Checking image 2 dpi 300
1611856351790088982 : Checking image 2 border top 175
1611856351790124384 : Checking image 2 border bottom 116
1611856351790157686 : Checking image 2 border left 169
1611856351790190089 : Checking image 2 border right 169

</system-out><system-err>--------------------------------- Captured Err ---------------------------------

</system-err></testcase><testcase classname="tests.test_images" name="test_single_page_png" time="6.413"><system-out>--------------------------------- Captured Log ---------------------------------

--------------------------------- Captured Out ---------------------------------
/home/runner/work/diptych/diptych/tests/single_page.png
1611856351285965652 : Checking separation double page angle 89.93006318861008
1611856351286098661 : Checking separation double page y=0 2472
1611856352157117639 : Checking page rotation 1 0.0
1611856352281699847 : Checking page rotation 2 0.0
1611856353670520097 : Checking image 1 crop x1 1
1611856353670610703 : Checking image 1 crop y1 8
1611856353670650106 : Checking image 1 crop x2 2470
1611856353670684208 : Checking image 1 crop y2 3505
1611856353796759218 : Checking image 2 crop x1 0
1611856353796837224 : Checking image 2 crop y1 0
1611856353796868026 : Checking image 2 crop x2 0
1611856353796896428 : Checking image 2 crop y2 0
1611856353796960432 : Checking image 1 dpi 300
1611856353797023337 : Checking image 1 border top 5
1611856353797055339 : Checking image 1 border bottom 5
1611856353797086841 : Checking image 1 border left 6
1611856353797117743 : Checking image 1 border right 6
1611856353802910343 : Checking image 2 border top 0
1611856353802972748 : Checking image 2 border bottom 0
1611856353803002450 : Checking image 2 border left 0
1611856353803032252 : Checking image 2 border right 0

</system-out><system-err>--------------------------------- Captured Err ---------------------------------

</system-err></testcase><testcase classname="tests.test_images" name="test_no_split_line_wave_algo_3_png" time="10.328"><system-out>--------------------------------- Captured Log ---------------------------------

--------------------------------- Captured Out ---------------------------------
/home/runner/work/diptych/diptych/tests/no_split_line_wave_algo_3.png
1611856359009034711 : Checking separation double page angle 90.18184445198425
1611856359009153319 : Checking separation double page y=0 2405
1611856359835191586 : Checking page rotation 1 0.0
1611856359982997697 : Checking page rotation 2 0.0
1611856361671022103 : Checking image 1 crop x1 184
1611856361671129910 : Checking image 1 crop y1 2957
1611856361671164312 : Checking image 1 crop x2 2201
1611856361671194015 : Checking image 1 crop y2 3202
1611856362087482365 : Checking image 2 crop x1 0
1611856362087556770 : Checking image 2 crop y1 0
1611856362087586372 : Checking image 2 crop x2 0
1611856362087613774 : Checking image 2 crop y2 0
1611856362087682979 : Checking image 1 dpi 300
1611856362087751884 : Checking image 1 border top 2950
1611856362087785886 : Checking image 1 border bottom 292
1611856362087819088 : Checking image 1 border left 221
1611856362087849390 : Checking image 1 border right 221
1611856362093877307 : Checking image 2 border top 0
1611856362093939211 : Checking image 2 border bottom 0
1611856362093968213 : Checking image 2 border left 0
1611856362093997115 : Checking image 2 border right 0

</system-out><system-err>--------------------------------- Captured Err ---------------------------------

</system-err></testcase><testcase classname="tests.test_images" name="test_wrong_split_line_4_png" time="11.418"><system-out>--------------------------------- Captured Log ---------------------------------

--------------------------------- Captured Out ---------------------------------
/home/runner/work/diptych/diptych/tests/wrong_split_line_4.png
1611856361985859747 : Checking separation double page angle 90.92587744884125
1611856361985970054 : Checking separation double page y=0 58
1611856362075576943 : Checking page rotation 1 0.5499999999999999
1611856363177292031 : Checking page rotation 2 1.0999999999999999
1611856363828943337 : Checking image 1 crop x1 0
1611856363829022742 : Checking image 1 crop y1 0
1611856363829053844 : Checking image 1 crop x2 0
1611856363829083446 : Checking image 1 crop y2 0
1611856365609422503 : Checking image 2 crop x1 290
1611856365609551812 : Checking image 2 crop y1 330
1611856365609589515 : Checking image 2 crop x2 2314
1611856365609623517 : Checking image 2 crop y2 3217
1611856365609788728 : Checking image 1 border top 0
1611856365609822731 : Checking image 1 border bottom 0
1611856365609855233 : Checking image 1 border left 0
1611856365609886735 : Checking image 1 border right 0
1611856365609939139 : Checking image 2 dpi 300
1611856365610005243 : Checking image 2 border top 322
1611856365610038346 : Checking image 2 border bottom 278
1611856365610069248 : Checking image 2 border left 218
1611856365610101750 : Checking image 2 border right 218

</system-out><system-err>--------------------------------- Captured Err ---------------------------------

</system-err></testcase><testcase classname="tests.test_images" name="test_failed_split_line_line_algo_3_png" time="11.982"><system-out>--------------------------------- Captured Log ---------------------------------

--------------------------------- Captured Out ---------------------------------
/home/runner/work/diptych/diptych/tests/failed_split_line_line_algo_3.png
1611856369564863489 : Checking separation double page angle 90.02403976140027
1611856369564985497 : Checking separation double page y=0 39
1611856369628340574 : Checking page rotation 1 0.0
1611856370289730863 : Checking page rotation 2 0.0
1611856370544798683 : Checking image 1 crop x1 0
1611856370544876088 : Checking image 1 crop y1 0
1611856370544905390 : Checking image 1 crop x2 0
1611856370544933192 : Checking image 1 crop y2 0
1611856374151648647 : Checking image 2 crop x1 249
1611856374151754054 : Checking image 2 crop y1 154
1611856374151787956 : Checking image 2 crop x2 2264
1611856374151820159 : Checking image 2 crop y2 3361
1611856374151990170 : Checking image 1 border top 0
1611856374152027473 : Checking image 1 border bottom 0
1611856374152056875 : Checking image 1 border left 0
1611856374152085677 : Checking image 1 border right 0
1611856374152131780 : Checking image 2 dpi 300
1611856374152195084 : Checking image 2 border top 146
1611856374152227387 : Checking image 2 border bottom 134
1611856374152257389 : Checking image 2 border left 222
1611856374152287291 : Checking image 2 border right 222

</system-out><system-err>--------------------------------- Captured Err ---------------------------------

</system-err></testcase></testsuite></testsuites>