<?xml version="1.0" encoding="utf-8"?><testsuites><testsuite name="pytest" errors="0" failures="0" skipped="0" tests="36" time="964.647" timestamp="2020-12-27T21:28:00.485076" hostname="fv-az137-914"><testcase classname="tests.test_features" name="test_mock_stop_at_0" time="0.052"><system-out>--------------------------------- Captured Log ---------------------------------

--------------------------------- Captured Out ---------------------------------
/home/runner/work/ocr-book/ocr-book/tests/0001_0.png

</system-out><system-err>--------------------------------- Captured Err ---------------------------------

</system-err></testcase><testcase classname="tests.test_features" name="test_disabled_enable_debug" time="47.042"><system-out>--------------------------------- Captured Log ---------------------------------

--------------------------------- Captured Out ---------------------------------
/home/runner/work/ocr-book/ocr-book/tests/0001_debug.png
separation double page angle 90.5528088189967
separation double page y=0 2485
page rotation 1 0.75
page rotation 2 0.2
image 1 crop x1 330
image 1 crop y1 336
image 1 crop x2 2343
image 1 crop y2 3223
image 2 crop x1 169
image 2 crop y1 648
image 2 crop x2 2186
image 2 crop y2 3361
image 1 dpi 300
image 1 border top 333
image 1 border bottom 266
image 1 border left 223
image 1 border right 223
image 2 dpi 300
image 2 border top 643
image 2 border bottom 131
image 2 border left 221
image 2 border right 221

</system-out><system-err>--------------------------------- Captured Err ---------------------------------

</system-err></testcase><testcase classname="tests.test_features" name="test_mock_stop_at_2" time="41.785"><system-out>--------------------------------- Captured Log ---------------------------------

--------------------------------- Captured Out ---------------------------------
/home/runner/work/ocr-book/ocr-book/tests/0001_2.png
separation double page angle 90.5528088189967
separation double page y=0 2485
page rotation 1 0.75
page rotation 2 0.2

</system-out><system-err>--------------------------------- Captured Err ---------------------------------

</system-err></testcase><testcase classname="tests.test_features" name="test_mock_stop_at_4" time="45.004"><system-out>--------------------------------- Captured Log ---------------------------------

--------------------------------- Captured Out ---------------------------------
/home/runner/work/ocr-book/ocr-book/tests/0001_4.png
separation double page angle 90.5528088189967
separation double page y=0 2485
page rotation 1 0.75
page rotation 2 0.2
image 1 crop x1 330
image 1 crop y1 336
image 1 crop x2 2343
image 1 crop y2 3223
image 2 crop x1 169
image 2 crop y1 648
image 2 crop x2 2186
image 2 crop y2 3361
image 1 dpi 300
image 1 border top 333
image 1 border bottom 266
image 1 border left 223
image 1 border right 223
image 2 dpi 300
image 2 border top 643
image 2 border bottom 131
image 2 border left 221
image 2 border right 221

</system-out><system-err>--------------------------------- Captured Err ---------------------------------

</system-err></testcase><testcase classname="tests.test_features" name="test_mock_stop_at_1" time="28.009"><system-out>--------------------------------- Captured Log ---------------------------------

--------------------------------- Captured Out ---------------------------------
/home/runner/work/ocr-book/ocr-book/tests/0001_1.png
separation double page angle 90.5528088189967
separation double page y=0 2485

</system-out><system-err>--------------------------------- Captured Err ---------------------------------

</system-err></testcase><testcase classname="tests.test_features" name="test_mock_stop_at_3" time="43.271"><system-out>--------------------------------- Captured Log ---------------------------------

--------------------------------- Captured Out ---------------------------------
/home/runner/work/ocr-book/ocr-book/tests/0001_3.png
separation double page angle 90.5528088189967
separation double page y=0 2485
page rotation 1 0.75
page rotation 2 0.2
image 1 crop x1 330
image 1 crop y1 336
image 1 crop x2 2343
image 1 crop y2 3223
image 2 crop x1 169
image 2 crop y1 648
image 2 crop x2 2186
image 2 crop y2 3361

</system-out><system-err>--------------------------------- Captured Err ---------------------------------

</system-err></testcase><testcase classname="tests.test_images" name="test_0001_png" time="55.853"><system-out>--------------------------------- Captured Log ---------------------------------

--------------------------------- Captured Out ---------------------------------
/home/runner/work/ocr-book/ocr-book/tests/0001.png
1609104601552057442 : Checking separation double page angle 90.5528088189967
1609104601552174743 : Checking separation double page y=0 2485
1609104608665639264 : Checking page rotation 1 0.75
1609104617598345758 : Checking page rotation 2 0.2
1609104620908396366 : Checking image 1 crop x1 330
1609104620908519367 : Checking image 1 crop y1 336
1609104620908558268 : Checking image 1 crop x2 2343
1609104620908591068 : Checking image 1 crop y2 3223
1609104624235689975 : Checking image 2 crop x1 169
1609104624235816177 : Checking image 2 crop y1 648
1609104624235869977 : Checking image 2 crop x2 2186
1609104624235902978 : Checking image 2 crop y2 3361
1609104624271095185 : Checking image 1 dpi 300
1609104624271203086 : Checking image 1 border top 333
1609104624271239587 : Checking image 1 border bottom 266
1609104624271272487 : Checking image 1 border left 223
1609104624271303988 : Checking image 1 border right 223
1609104624273739023 : Checking image 2 dpi 300
1609104624273849624 : Checking image 2 border top 643
1609104624273882725 : Checking image 2 border bottom 131
1609104624273913825 : Checking image 2 border left 221
1609104624273944626 : Checking image 2 border right 221

</system-out><system-err>--------------------------------- Captured Err ---------------------------------

</system-err></testcase><testcase classname="tests.test_features" name="test_mock_stop_at_5" time="46.376"><system-out>--------------------------------- Captured Log ---------------------------------

--------------------------------- Captured Out ---------------------------------
/home/runner/work/ocr-book/ocr-book/tests/0001_5.png
separation double page angle 90.5528088189967
separation double page y=0 2485
page rotation 1 0.75
page rotation 2 0.2
image 1 crop x1 330
image 1 crop y1 336
image 1 crop x2 2343
image 1 crop y2 3223
image 2 crop x1 169
image 2 crop y1 648
image 2 crop x2 2186
image 2 crop y2 3361
image 1 dpi 300
image 1 border top 333
image 1 border bottom 266
image 1 border left 223
image 1 border right 223
image 2 dpi 300
image 2 border top 643
image 2 border bottom 131
image 2 border left 221
image 2 border right 221

</system-out><system-err>--------------------------------- Captured Err ---------------------------------

</system-err></testcase><testcase classname="tests.test_images" name="test_black_border_not_removed_png" time="63.159"><system-out>--------------------------------- Captured Log ---------------------------------

--------------------------------- Captured Out ---------------------------------
/home/runner/work/ocr-book/ocr-book/tests/black-border-not-removed.png
1609104660571350568 : Checking separation double page angle 90.033171103531
1609104660571449570 : Checking separation double page y=0 2455
1609104667231220699 : Checking page rotation 1 0.0
1609104678008742110 : Checking page rotation 2 0.0
1609104682287293722 : Checking image 1 crop x1 297
1609104682287422724 : Checking image 1 crop y1 143
1609104682287463525 : Checking image 1 crop x2 2309
1609104682287498825 : Checking image 1 crop y2 3346
1609104687380389899 : Checking image 2 crop x1 159
1609104687380515700 : Checking image 2 crop y1 145
1609104687380556801 : Checking image 2 crop x2 2171
1609104687380593802 : Checking image 2 crop y2 3352
1609104687425953551 : Checking image 1 dpi 300
1609104687426068652 : Checking image 1 border top 132
1609104687426108153 : Checking image 1 border bottom 152
1609104687426142953 : Checking image 1 border left 224
1609104687426186754 : Checking image 1 border right 224
1609104687436740505 : Checking image 2 dpi 300
1609104687436856807 : Checking image 2 border top 132
1609104687436894407 : Checking image 2 border bottom 148
1609104687436929108 : Checking image 2 border left 224
1609104687436968108 : Checking image 2 border right 224

</system-out><system-err>--------------------------------- Captured Err ---------------------------------

</system-err></testcase><testcase classname="tests.test_images" name="test_2_pages_2_contours_png" time="36.165"><system-out>--------------------------------- Captured Log ---------------------------------

--------------------------------- Captured Out ---------------------------------
/home/runner/work/ocr-book/ocr-book/tests/2-pages-2-contours.png
1609104668533443233 : Checking separation double page angle 90.09036871657068
1609104668533548134 : Checking separation double page y=0 2486
1609104670774638903 : Checking page rotation 1 0.05
1609104677413624496 : Checking page rotation 2 0.30000000000000004
1609104679211159313 : Checking image 1 crop x1 1189
1609104679211270415 : Checking image 1 crop y1 1751
1609104679211304015 : Checking image 1 crop x2 1190
1609104679211334715 : Checking image 1 crop y2 1752
1609104682425973406 : Checking image 2 crop x1 101
1609104682426088108 : Checking image 2 crop y1 240
1609104682426120709 : Checking image 2 crop x2 2148
1609104682426151509 : Checking image 2 crop y2 3239
1609104682462235225 : Checking image 1 dpi 300
1609104682462363127 : Checking image 1 border top 1752
1609104682462412828 : Checking image 1 border bottom 1753
1609104682462445828 : Checking image 1 border left 1239
1609104682462477129 : Checking image 1 border right 1239
1609104682463585945 : Checking image 2 dpi 300
1609104682463665646 : Checking image 2 border top 230
1609104682463698846 : Checking image 2 border bottom 258
1609104682463730847 : Checking image 2 border left 206
1609104682463761947 : Checking image 2 border right 206

</system-out><system-err>--------------------------------- Captured Err ---------------------------------

</system-err></testcase><testcase classname="tests.test_images" name="test_wrong_split_line_png" time="43.563"><system-out>--------------------------------- Captured Log ---------------------------------

--------------------------------- Captured Out ---------------------------------
/home/runner/work/ocr-book/ocr-book/tests/wrong_split_line.png
1609104709871096284 : Checking separation double page angle 89.93395720607973
1609104709871192985 : Checking separation double page y=0 2465
1609104715169088578 : Checking page rotation 1 -0.14999999999999067
1609104720864501463 : Checking page rotation 2 0.5
1609104723361005939 : Checking image 1 crop x1 213
1609104723361130840 : Checking image 1 crop y1 157
1609104723361170241 : Checking image 1 crop x2 2323
1609104723361207341 : Checking image 1 crop y2 3362
1609104725987585377 : Checking image 2 crop x1 125
1609104725987713279 : Checking image 2 crop y1 165
1609104725987753279 : Checking image 2 crop x2 2237
1609104725987790280 : Checking image 2 crop y2 3374
1609104726024549405 : Checking image 1 dpi 300
1609104726024665107 : Checking image 1 border top 134
1609104726024703807 : Checking image 1 border bottom 148
1609104726024738308 : Checking image 1 border left 175
1609104726024772308 : Checking image 1 border right 175
1609104726026612135 : Checking image 2 dpi 300
1609104726026693036 : Checking image 2 border top 143
1609104726026730536 : Checking image 2 border bottom 135
1609104726026762337 : Checking image 2 border left 174
1609104726026793137 : Checking image 2 border right 174

</system-out><system-err>--------------------------------- Captured Err ---------------------------------

</system-err></testcase><testcase classname="tests.test_images" name="test_image_failed_to_rotate_png" time="64.477"><system-out>--------------------------------- Captured Log ---------------------------------

--------------------------------- Captured Out ---------------------------------
/home/runner/work/ocr-book/ocr-book/tests/image_failed_to_rotate.png
1609104721992613783 : Checking separation double page angle 90.13063640287984
1609104721992717385 : Checking separation double page y=0 2479
1609104727148952775 : Checking page rotation 1 0.35
1609104735497336272 : Checking page rotation 2 0.45
1609104747304237133 : Checking image 1 crop x1 34
1609104747304359835 : Checking image 1 crop y1 1
1609104747304402435 : Checking image 1 crop x2 2477
1609104747304439336 : Checking image 1 crop y2 3500
1609104751765584673 : Checking image 2 crop x1 167
1609104751765716675 : Checking image 2 crop y1 234
1609104751765757575 : Checking image 2 crop x2 2246
1609104751765794876 : Checking image 2 crop y2 3355
1609104751810442514 : Checking image 1 dpi 300
1609104751810549015 : Checking image 1 border top 4
1609104751810587616 : Checking image 1 border bottom 4
1609104751810619716 : Checking image 1 border left 19
1609104751810651717 : Checking image 1 border right 19
1609104751813265554 : Checking image 2 dpi 300
1609104751813354555 : Checking image 2 border top 218
1609104751813390356 : Checking image 2 border bottom 148
1609104751813422056 : Checking image 2 border left 190
1609104751813453857 : Checking image 2 border right 190

</system-out><system-err>--------------------------------- Captured Err ---------------------------------

</system-err></testcase><testcase classname="tests.test_images" name="test_crop_too_much_png" time="77.087"><system-out>--------------------------------- Captured Log ---------------------------------

--------------------------------- Captured Out ---------------------------------
/home/runner/work/ocr-book/ocr-book/tests/crop_too_much.png
1609104771080044917 : Checking separation double page angle 90.13239409272954
1609104771080148318 : Checking separation double page y=0 2455
1609104782410771657 : Checking page rotation 1 0.0
1609104794010545907 : Checking page rotation 2 0.45
1609104798543751406 : Checking image 1 crop x1 303
1609104798543875408 : Checking image 1 crop y1 148
1609104798543912409 : Checking image 1 crop x2 2313
1609104798543947409 : Checking image 1 crop y2 3351
1609104803049357409 : Checking image 2 crop x1 168
1609104803049478210 : Checking image 2 crop y1 155
1609104803049515411 : Checking image 2 crop x2 2179
1609104803049550211 : Checking image 2 crop y2 3359
1609104803097595097 : Checking image 1 dpi 300
1609104803097711099 : Checking image 1 border top 132
1609104803097749500 : Checking image 1 border bottom 152
1609104803097785800 : Checking image 1 border left 225
1609104803097820001 : Checking image 1 border right 225
1609104803099660227 : Checking image 2 dpi 300
1609104803099749128 : Checking image 2 border top 140
1609104803099784529 : Checking image 2 border bottom 143
1609104803099818529 : Checking image 2 border left 224
1609104803099854830 : Checking image 2 border right 224

</system-out><system-err>--------------------------------- Captured Err ---------------------------------

</system-err></testcase><testcase classname="tests.test_images" name="test_image_failed_to_crop_data_png" time="63.637"><system-out>--------------------------------- Captured Log ---------------------------------

--------------------------------- Captured Out ---------------------------------
/home/runner/work/ocr-book/ocr-book/tests/image_failed_to_crop_data.png
1609104786112909422 : Checking separation double page angle 90.053197600644
1609104786113009824 : Checking separation double page y=0 2480
1609104792489355186 : Checking page rotation 1 0.2
1609104798561341657 : Checking page rotation 2 0.0
1609104811456262334 : Checking image 1 crop x1 47
1609104811456391536 : Checking image 1 crop y1 7
1609104811456434937 : Checking image 1 crop x2 2478
1609104811456472337 : Checking image 1 crop y2 3502
1609104815461222744 : Checking image 2 crop x1 160
1609104815461349746 : Checking image 2 crop y1 217
1609104815461390746 : Checking image 2 crop x2 2242
1609104815461428647 : Checking image 2 crop y2 3350
1609104815494902124 : Checking image 1 dpi 300
1609104815495032726 : Checking image 1 border top 6
1609104815495071327 : Checking image 1 border bottom 6
1609104815495103427 : Checking image 1 border left 25
1609104815495135127 : Checking image 1 border right 25
1609104815497481161 : Checking image 2 dpi 300
1609104815497570462 : Checking image 2 border top 206
1609104815497603963 : Checking image 2 border bottom 148
1609104815497635863 : Checking image 2 border left 189
1609104815497666964 : Checking image 2 border right 189

</system-out><system-err>--------------------------------- Captured Err ---------------------------------

</system-err></testcase><testcase classname="tests.test_images" name="test_crop_too_few_png" time="45.836"><system-out>--------------------------------- Captured Log ---------------------------------

--------------------------------- Captured Out ---------------------------------
/home/runner/work/ocr-book/ocr-book/tests/crop_too_few.png
1609104831417994945 : Checking separation double page angle 89.54670238452755
1609104831418093446 : Checking separation double page y=0 2512
1609104837158586462 : Checking page rotation 1 -0.6499999999999977
1609104843298717060 : Checking page rotation 2 0.0
1609104846165146047 : Checking image 1 crop x1 263
1609104846165275848 : Checking image 1 crop y1 150
1609104846165314849 : Checking image 1 crop x2 2377
1609104846165352150 : Checking image 1 crop y2 3357
1609104848923160980 : Checking image 2 crop x1 137
1609104848923294682 : Checking image 2 crop y1 141
1609104848923334582 : Checking image 2 crop x2 2259
1609104848923372383 : Checking image 2 crop y2 3345
1609104848958050180 : Checking image 1 dpi 300
1609104848958165581 : Checking image 1 border top 129
1609104848958203782 : Checking image 1 border bottom 150
1609104848958238582 : Checking image 1 border left 173
1609104848958296883 : Checking image 1 border right 173
1609104848960295012 : Checking image 2 dpi 300
1609104848960382013 : Checking image 2 border top 130
1609104848960421514 : Checking image 2 border bottom 153
1609104848960457314 : Checking image 2 border left 169
1609104848960491415 : Checking image 2 border right 169

</system-out><system-err>--------------------------------- Captured Err ---------------------------------

</system-err></testcase><testcase classname="tests.test_images" name="test_wrong_angle_split_line_png" time="70.668"><system-out>--------------------------------- Captured Log ---------------------------------

--------------------------------- Captured Out ---------------------------------
/home/runner/work/ocr-book/ocr-book/tests/wrong_angle_split_line.png
1609104849664693409 : Checking separation double page angle 90.09193420006348
1609104849664794910 : Checking separation double page y=0 2478
1609104857735010110 : Checking page rotation 1 0.05
1609104866055543045 : Checking page rotation 2 0.0
1609104879224844830 : Checking image 1 crop x1 58
1609104879224982532 : Checking image 1 crop y1 7
1609104879225023533 : Checking image 1 crop x2 2472
1609104879225058533 : Checking image 1 crop y2 3505
1609104885301675994 : Checking image 2 crop x1 163
1609104885301797495 : Checking image 2 crop y1 217
1609104885301835696 : Checking image 2 crop x2 2246
1609104885301892297 : Checking image 2 crop y2 3350
1609104885471579622 : Checking image 1 dpi 300
1609104885471692924 : Checking image 1 border top 5
1609104885471730125 : Checking image 1 border bottom 5
1609104885471761525 : Checking image 1 border left 33
1609104885471793325 : Checking image 1 border right 33
1609104885479228832 : Checking image 2 dpi 300
1609104885479332933 : Checking image 2 border top 206
1609104885479369434 : Checking image 2 border bottom 148
1609104885479403434 : Checking image 2 border left 188
1609104885479437335 : Checking image 2 border right 188

</system-out><system-err>--------------------------------- Captured Err ---------------------------------

</system-err></testcase><testcase classname="tests.test_images" name="test_crop_too_much_2_png" time="83.514"><system-out>--------------------------------- Captured Log ---------------------------------

--------------------------------- Captured Out ---------------------------------
/home/runner/work/ocr-book/ocr-book/tests/crop_too_much_2.png
1609104897242456222 : Checking separation double page angle 90.1149074900787
1609104897242561623 : Checking separation double page y=0 2478
1609104908915350993 : Checking page rotation 1 0.2
1609104922248235415 : Checking page rotation 2 0.2
1609104926712247201 : Checking image 1 crop x1 332
1609104926712378302 : Checking image 1 crop y1 131
1609104926712419403 : Checking image 1 crop x2 2342
1609104926712455104 : Checking image 1 crop y2 3336
1609104932384050753 : Checking image 2 crop x1 162
1609104932384182555 : Checking image 2 crop y1 139
1609104932384221755 : Checking image 2 crop x2 2175
1609104932384258856 : Checking image 2 crop y2 3345
1609104932439673544 : Checking image 1 dpi 300
1609104932439784846 : Checking image 1 border top 119
1609104932439820246 : Checking image 1 border bottom 163
1609104932439852647 : Checking image 1 border left 225
1609104932439885547 : Checking image 1 border right 225
1609104932441720173 : Checking image 2 dpi 300
1609104932441801574 : Checking image 2 border top 130
1609104932441834775 : Checking image 2 border bottom 151
1609104932441870475 : Checking image 2 border left 223
1609104932441901776 : Checking image 2 border right 223

</system-out><system-err>--------------------------------- Captured Err ---------------------------------

</system-err></testcase><testcase classname="tests.test_images" name="test_angle_page_lower_split_line_png" time="54.086"><system-out>--------------------------------- Captured Log ---------------------------------

--------------------------------- Captured Out ---------------------------------
/home/runner/work/ocr-book/ocr-book/tests/angle_page_lower_split_line.png
1609104918767385675 : Checking separation double page angle 89.74927707086691
1609104918767480977 : Checking separation double page y=0 2474
1609104927085287531 : Checking page rotation 1 -0.4000000000000005
1609104933613959551 : Checking page rotation 2 0.2
1609104936911717669 : Checking image 1 crop x1 244
1609104936911850671 : Checking image 1 crop y1 160
1609104936911892072 : Checking image 1 crop x2 2350
1609104936911929372 : Checking image 1 crop y2 3365
1609104940282848429 : Checking image 2 crop x1 150
1609104940282971231 : Checking image 2 crop y1 147
1609104940283008831 : Checking image 2 crop x2 2257
1609104940283043232 : Checking image 2 crop y2 3350
1609104940320571268 : Checking image 1 dpi 300
1609104940320683070 : Checking image 1 border top 144
1609104940320718170 : Checking image 1 border bottom 138
1609104940320751571 : Checking image 1 border left 177
1609104940320783371 : Checking image 1 border right 177
1609104940323439209 : Checking image 2 dpi 300
1609104940323532611 : Checking image 2 border top 130
1609104940323568211 : Checking image 2 border bottom 154
1609104940323600511 : Checking image 2 border left 176
1609104940323631612 : Checking image 2 border right 176

</system-out><system-err>--------------------------------- Captured Err ---------------------------------

</system-err></testcase><testcase classname="tests.test_images" name="test_wrong_split_line_2_png" time="83.550"><system-out>--------------------------------- Captured Log ---------------------------------

--------------------------------- Captured Out ---------------------------------
/home/runner/work/ocr-book/ocr-book/tests/wrong_split_line_2.png
1609104978378488498 : Checking separation double page angle 90.19944704411863
1609104978378590400 : Checking separation double page y=0 2437
1609104989856794996 : Checking page rotation 1 0.2
1609105003064111999 : Checking page rotation 2 0.4
1609105008624808881 : Checking image 1 crop x1 294
1609105008624940783 : Checking image 1 crop y1 136
1609105008624978384 : Checking image 1 crop x2 2325
1609105008625014684 : Checking image 1 crop y2 3376
1609105015954743845 : Checking image 2 crop x1 140
1609105015954875147 : Checking image 2 crop y1 192
1609105015954914648 : Checking image 2 crop x2 2167
1609105015954953648 : Checking image 2 crop y2 3386
1609105016004347053 : Checking image 1 dpi 300
1609105016004462254 : Checking image 1 border top 131
1609105016004500055 : Checking image 1 border bottom 116
1609105016004535456 : Checking image 1 border left 214
1609105016004569156 : Checking image 1 border right 214
1609105016006729487 : Checking image 2 dpi 300
1609105016006821988 : Checking image 2 border top 183
1609105016006856689 : Checking image 2 border bottom 110
1609105016006888789 : Checking image 2 border left 216
1609105016006919590 : Checking image 2 border right 216

</system-out><system-err>--------------------------------- Captured Err ---------------------------------

</system-err></testcase><testcase classname="tests.test_images" name="test_wrong_wave_split_line_png" time="79.530"><system-out>--------------------------------- Captured Log ---------------------------------

--------------------------------- Captured Out ---------------------------------
/home/runner/work/ocr-book/ocr-book/tests/wrong_wave_split_line.png
1609104984139867178 : Checking separation double page angle 90.37878604107719
1609104984139966779 : Checking separation double page y=0 2500
1609104994928550723 : Checking page rotation 1 -0.14999999999999067
1609105005394080744 : Checking page rotation 2 0.85
1609105012061569216 : Checking image 1 crop x1 385
1609105012061707618 : Checking image 1 crop y1 179
1609105012061747618 : Checking image 1 crop x2 2411
1609105012061783319 : Checking image 1 crop y2 3374
1609105019785684219 : Checking image 2 crop x1 8
1609105019785815021 : Checking image 2 crop y1 0
1609105019785855922 : Checking image 2 crop x2 2415
1609105019785895122 : Checking image 2 crop y2 3505
1609105019841253614 : Checking image 1 dpi 300
1609105019841363416 : Checking image 1 border top 173
1609105019841397816 : Checking image 1 border bottom 119
1609105019841430117 : Checking image 1 border left 217
1609105019841461217 : Checking image 1 border right 217
1609105019844057854 : Checking image 2 dpi 300
1609105019844157356 : Checking image 2 border top 1
1609105019844195656 : Checking image 2 border bottom 1
1609105019844228857 : Checking image 2 border left 37
1609105019844262757 : Checking image 2 border right 37

</system-out><system-err>--------------------------------- Captured Err ---------------------------------

</system-err></testcase><testcase classname="tests.test_images" name="test_small_wave_png" time="72.130"><system-out>--------------------------------- Captured Log ---------------------------------

--------------------------------- Captured Out ---------------------------------
/home/runner/work/ocr-book/ocr-book/tests/small_wave.png
1609105062591565968 : Checking separation double page angle 90.58816928841564
1609105062591668169 : Checking separation double page y=0 2497
1609105072993850901 : Checking page rotation 1 0.65
1609105082091022262 : Checking page rotation 2 0.75
1609105085127898644 : Checking image 1 crop x1 320
1609105085128018446 : Checking image 1 crop y1 199
1609105085128055347 : Checking image 1 crop x2 2353
1609105085128089647 : Checking image 1 crop y2 3394
1609105088095671040 : Checking image 2 crop x1 132
1609105088095796242 : Checking image 2 crop y1 224
1609105088095836042 : Checking image 2 crop x2 2160
1609105088095876343 : Checking image 2 crop y2 3419
1609105088138009545 : Checking image 1 dpi 300
1609105088138116646 : Checking image 1 border top 179
1609105088138151747 : Checking image 1 border bottom 112
1609105088138185747 : Checking image 1 border left 213
1609105088138217348 : Checking image 1 border right 213
1609105088139972973 : Checking image 2 dpi 300
1609105088140050374 : Checking image 2 border top 197
1609105088140083274 : Checking image 2 border bottom 95
1609105088140115075 : Checking image 2 border left 216
1609105088140146475 : Checking image 2 border right 216

</system-out><system-err>--------------------------------- Captured Err ---------------------------------

</system-err></testcase><testcase classname="tests.test_images" name="test_no_split_line_line_algo_png" time="52.676"><system-out>--------------------------------- Captured Log ---------------------------------

--------------------------------- Captured Out ---------------------------------
/home/runner/work/ocr-book/ocr-book/tests/no_split_line_line_algo.png
1609105051737835439 : Checking separation double page angle 89.47691469185418
1609105051737943341 : Checking separation double page y=0 2476
1609105056695617337 : Checking page rotation 1 -0.14999999999999067
1609105065637682394 : Checking page rotation 2 -0.44999999999999746
1609105068248063493 : Checking image 1 crop x1 205
1609105068248194795 : Checking image 1 crop y1 158
1609105068248234795 : Checking image 1 crop x2 2320
1609105068248271096 : Checking image 1 crop y2 3366
1609105072488243077 : Checking image 2 crop x1 185
1609105072488368478 : Checking image 2 crop y1 221
1609105072488406179 : Checking image 2 crop x2 2201
1609105072488440880 : Checking image 2 crop y2 3366
1609105072533358021 : Checking image 1 dpi 300
1609105072533472723 : Checking image 1 border top 144
1609105072533510223 : Checking image 1 border bottom 134
1609105072533545424 : Checking image 1 border left 172
1609105072533579524 : Checking image 1 border right 172
1609105072536325264 : Checking image 2 dpi 300
1609105072536424165 : Checking image 2 border top 219
1609105072536460666 : Checking image 2 border bottom 123
1609105072536494766 : Checking image 2 border left 222
1609105072536528167 : Checking image 2 border right 222

</system-out><system-err>--------------------------------- Captured Err ---------------------------------

</system-err></testcase><testcase classname="tests.test_images" name="test_failed_split_line_line_algo_png" time="28.919"><system-out>--------------------------------- Captured Log ---------------------------------

--------------------------------- Captured Out ---------------------------------
/home/runner/work/ocr-book/ocr-book/tests/failed_split_line_line_algo.png
1609105091666173938 : Checking separation double page angle 90.04134220573248
1609105091666293340 : Checking separation double page y=0 2573
1609105095226957063 : Checking page rotation 1 -0.14999999999999067
1609105097582458084 : Checking page rotation 2 0.0
1609105099862321136 : Checking image 1 crop x1 407
1609105099862471738 : Checking image 1 crop y1 2925
1609105099862512539 : Checking image 1 crop x2 2419
1609105099862547739 : Checking image 1 crop y2 3174
1609105101480975262 : Checking image 2 crop x1 1184
1609105101481092364 : Checking image 2 crop y1 1748
1609105101481129064 : Checking image 2 crop x2 1185
1609105101481163465 : Checking image 2 crop y2 1749
1609105101481455569 : Checking image 1 dpi 300
1609105101481538970 : Checking image 1 border top 2922
1609105101481575571 : Checking image 1 border bottom 316
1609105101481620572 : Checking image 1 border left 224
1609105101481652372 : Checking image 1 border right 224
1609105101483366096 : Checking image 2 dpi 300
1609105101483447198 : Checking image 2 border top 1752
1609105101483481998 : Checking image 2 border bottom 1753
1609105101483513499 : Checking image 2 border left 1239
1609105101483544699 : Checking image 2 border right 1239

</system-out><system-err>--------------------------------- Captured Err ---------------------------------

</system-err></testcase><testcase classname="tests.test_images" name="test_wrong_split_line_3_png" time="57.605"><system-out>--------------------------------- Captured Log ---------------------------------

--------------------------------- Captured Out ---------------------------------
/home/runner/work/ocr-book/ocr-book/tests/wrong_split_line_3.png
1609105123754059116 : Checking separation double page angle 90.43729500214694
1609105123754163417 : Checking separation double page y=0 2498
1609105132377623939 : Checking page rotation 1 0.30000000000000004
1609105139072624028 : Checking page rotation 2 0.9
1609105142666931052 : Checking image 1 crop x1 331
1609105142667051153 : Checking image 1 crop y1 165
1609105142667086154 : Checking image 1 crop x2 2375
1609105142667121054 : Checking image 1 crop y2 3376
1609105145723164779 : Checking image 2 crop x1 102
1609105145723284181 : Checking image 2 crop y1 208
1609105145723320681 : Checking image 2 crop x2 2133
1609105145723355182 : Checking image 2 crop y2 3413
1609105145763199652 : Checking image 1 dpi 300
1609105145763317754 : Checking image 1 border top 157
1609105145763356354 : Checking image 1 border bottom 119
1609105145763390755 : Checking image 1 border left 208
1609105145763424355 : Checking image 1 border right 208
1609105145765266182 : Checking image 2 dpi 300
1609105145765353783 : Checking image 2 border top 187
1609105145765389183 : Checking image 2 border bottom 95
1609105145765423784 : Checking image 2 border left 214
1609105145765457184 : Checking image 2 border right 214

</system-out><system-err>--------------------------------- Captured Err ---------------------------------

</system-err></testcase><testcase classname="tests.test_images" name="test_failed_split_line_line_algo_2_png" time="65.648"><system-out>--------------------------------- Captured Log ---------------------------------

--------------------------------- Captured Out ---------------------------------
/home/runner/work/ocr-book/ocr-book/tests/failed_split_line_line_algo_2.png
1609105140168668907 : Checking separation double page angle 90.03068774449687
1609105140168772609 : Checking separation double page y=0 2500
1609105151123753411 : Checking page rotation 1 0.0
1609105160568374710 : Checking page rotation 2 0.6000000000000001
1609105163759042603 : Checking image 1 crop x1 272
1609105163759171405 : Checking image 1 crop y1 149
1609105163759209006 : Checking image 1 crop x2 2383
1609105163759241706 : Checking image 1 crop y2 3353
1609105167055321696 : Checking image 2 crop x1 121
1609105167055452197 : Checking image 2 crop y1 155
1609105167055492098 : Checking image 2 crop x2 2244
1609105167055528698 : Checking image 2 crop y2 3350
1609105167100472341 : Checking image 1 dpi 300
1609105167100585742 : Checking image 1 border top 138
1609105167100623143 : Checking image 1 border bottom 145
1609105167100659443 : Checking image 1 border left 174
1609105167100694544 : Checking image 1 border right 174
1609105167103202780 : Checking image 2 dpi 300
1609105167103295981 : Checking image 2 border top 136
1609105167103331481 : Checking image 2 border bottom 156
1609105167103365182 : Checking image 2 border left 168
1609105167103398482 : Checking image 2 border right 168

</system-out><system-err>--------------------------------- Captured Err ---------------------------------

</system-err></testcase><testcase classname="tests.test_images" name="test_crop_too_much_3_png" time="67.565"><system-out>--------------------------------- Captured Log ---------------------------------

--------------------------------- Captured Out ---------------------------------
/home/runner/work/ocr-book/ocr-book/tests/crop_too_much_3.png
1609105185802962354 : Checking separation double page angle 89.49330634783144
1609105185803063256 : Checking separation double page y=0 2498
1609105194240327582 : Checking page rotation 1 -0.8999999999999949
1609105205256131406 : Checking page rotation 2 -0.14999999999999067
1609105208928562175 : Checking image 1 crop x1 374
1609105208928683377 : Checking image 1 crop y1 258
1609105208928718977 : Checking image 1 crop x2 2385
1609105208928751978 : Checking image 1 crop y2 3459
1609105213274650068 : Checking image 2 crop x1 168
1609105213274778270 : Checking image 2 crop y1 228
1609105213274817971 : Checking image 2 crop x2 2181
1609105213274862471 : Checking image 2 crop y2 3417
1609105213324362378 : Checking image 1 dpi 300
1609105213324475980 : Checking image 1 border top 239
1609105213324513381 : Checking image 1 border bottom 47
1609105213324547781 : Checking image 1 border left 224
1609105213324583682 : Checking image 1 border right 224
1609105213326424808 : Checking image 2 dpi 300
1609105213326524109 : Checking image 2 border top 209
1609105213326557610 : Checking image 2 border bottom 89
1609105213326589610 : Checking image 2 border left 223
1609105213326620911 : Checking image 2 border right 223

</system-out><system-err>--------------------------------- Captured Err ---------------------------------

</system-err></testcase><testcase classname="tests.test_images" name="test_wrong_wave_split_line_2_png" time="71.768"><system-out>--------------------------------- Captured Log ---------------------------------

--------------------------------- Captured Out ---------------------------------
/home/runner/work/ocr-book/ocr-book/tests/wrong_wave_split_line_2.png
1609105208661018053 : Checking separation double page angle 90.7708958311329
1609105208661119354 : Checking separation double page y=0 2490
1609105217217993107 : Checking page rotation 1 0.4
1609105228674088878 : Checking page rotation 2 1.8
1609105232319587930 : Checking image 1 crop x1 224
1609105232319711532 : Checking image 1 crop y1 147
1609105232319750832 : Checking image 1 crop x2 2337
1609105232319785033 : Checking image 1 crop y2 3355
1609105238817551626 : Checking image 2 crop x1 107
1609105238817681128 : Checking image 2 crop y1 197
1609105238817721428 : Checking image 2 crop x2 2229
1609105238817758029 : Checking image 2 crop y2 3396
1609105238868500652 : Checking image 1 dpi 300
1609105238868619254 : Checking image 1 border top 137
1609105238868654054 : Checking image 1 border bottom 142
1609105238868686155 : Checking image 1 border left 173
1609105238868717755 : Checking image 1 border right 173
1609105238871299092 : Checking image 2 dpi 300
1609105238871384793 : Checking image 2 border top 171
1609105238871417394 : Checking image 2 border bottom 116
1609105238871448794 : Checking image 2 border left 169
1609105238871479994 : Checking image 2 border right 169

</system-out><system-err>--------------------------------- Captured Err ---------------------------------

</system-err></testcase><testcase classname="tests.test_images" name="test_wrong_wave_split_line_3_png" time="62.034"><system-out>--------------------------------- Captured Log ---------------------------------

--------------------------------- Captured Out ---------------------------------
/home/runner/work/ocr-book/ocr-book/tests/wrong_wave_split_line_3.png
1609105252490041956 : Checking separation double page angle 90.05826063695574
1609105252490140958 : Checking separation double page y=0 2514
1609105262338731477 : Checking page rotation 1 0.05
1609105268916768657 : Checking page rotation 2 0.30000000000000004
1609105272362328353 : Checking image 1 crop x1 273
1609105272362441654 : Checking image 1 crop y1 220
1609105272362489855 : Checking image 1 crop x2 2383
1609105272362524355 : Checking image 1 crop y2 3423
1609105275330804151 : Checking image 2 crop x1 114
1609105275330911752 : Checking image 2 crop y1 226
1609105275330948453 : Checking image 2 crop x2 2237
1609105275330984053 : Checking image 2 crop y2 3414
1609105275370871323 : Checking image 1 dpi 300
1609105275370977724 : Checking image 1 border top 202
1609105275371012525 : Checking image 1 border bottom 82
1609105275371045125 : Checking image 1 border left 175
1609105275371077726 : Checking image 1 border right 175
1609105275373172556 : Checking image 2 dpi 300
1609105275373252057 : Checking image 2 border top 207
1609105275373287057 : Checking image 2 border bottom 92
1609105275373321558 : Checking image 2 border left 168
1609105275373354758 : Checking image 2 border right 168

</system-out><system-err>--------------------------------- Captured Err ---------------------------------

</system-err></testcase><testcase classname="tests.test_images" name="test_no_split_line_wave_algo_png" time="70.259"><system-out>--------------------------------- Captured Log ---------------------------------

--------------------------------- Captured Out ---------------------------------
/home/runner/work/ocr-book/ocr-book/tests/no_split_line_wave_algo.png
1609105275040386012 : Checking separation double page angle 89.72500000000001
1609105275040492814 : Checking separation double page y=0 2484
1609105281875127577 : Checking page rotation 1 0.0
1609105291357157106 : Checking page rotation 2 -0.49999999999999434
1609105301850700507 : Checking image 1 crop x1 97
1609105301850776109 : Checking image 1 crop y1 79
1609105301850811309 : Checking image 1 crop x2 2494
1609105301850844109 : Checking image 1 crop y2 3505
1609105309043609044 : Checking image 2 crop x1 163
1609105309043735846 : Checking image 2 crop y1 266
1609105309043778046 : Checking image 2 crop x2 2238
1609105309043815247 : Checking image 2 crop y2 3381
1609105309087469669 : Checking image 1 dpi 300
1609105309087578170 : Checking image 1 border top 41
1609105309087613171 : Checking image 1 border bottom 41
1609105309087644671 : Checking image 1 border left 42
1609105309087676272 : Checking image 1 border right 42
1609105309090353310 : Checking image 2 dpi 300
1609105309090443211 : Checking image 2 border top 258
1609105309090480612 : Checking image 2 border bottom 114
1609105309090511812 : Checking image 2 border left 192
1609105309090543413 : Checking image 2 border right 192

</system-out><system-err>--------------------------------- Captured Err ---------------------------------

</system-err></testcase><testcase classname="tests.test_images" name="test_no_split_line_wave_algo_2_png" time="54.343"><system-out>--------------------------------- Captured Log ---------------------------------

--------------------------------- Captured Out ---------------------------------
/home/runner/work/ocr-book/ocr-book/tests/no_split_line_wave_algo_2.png
1609105307561998033 : Checking separation double page angle 90.54999999999998
1609105307562109934 : Checking separation double page y=0 2478
1609105315250967891 : Checking page rotation 1 1.1500000000000001
1609105323622884744 : Checking page rotation 2 0.2
1609105326783160861 : Checking image 1 crop x1 266
1609105326783278063 : Checking image 1 crop y1 209
1609105326783317363 : Checking image 1 crop x2 2342
1609105326783355064 : Checking image 1 crop y2 3413
1609105329679701021 : Checking image 2 crop x1 168
1609105329679812523 : Checking image 2 crop y1 241
1609105329679848124 : Checking image 2 crop x2 2251
1609105329679882224 : Checking image 2 crop y2 3433
1609105329721132712 : Checking image 1 dpi 300
1609105329721243913 : Checking image 1 border top 191
1609105329721283514 : Checking image 1 border bottom 92
1609105329721318414 : Checking image 1 border left 192
1609105329721352115 : Checking image 1 border right 192
1609105329723412644 : Checking image 2 dpi 300
1609105329723497745 : Checking image 2 border top 224
1609105329723533246 : Checking image 2 border bottom 71
1609105329723566746 : Checking image 2 border left 188
1609105329723600347 : Checking image 2 border right 188

</system-out><system-err>--------------------------------- Captured Err ---------------------------------

</system-err></testcase><testcase classname="tests.test_images" name="test_crop_too_few_2_png" time="50.990"><system-out>--------------------------------- Captured Log ---------------------------------

--------------------------------- Captured Out ---------------------------------
/home/runner/work/ocr-book/ocr-book/tests/crop_too_few_2.png
1609105339621081169 : Checking separation double page angle 90.30476192320097
1609105339621173771 : Checking separation double page y=0 2531
1609105346850939561 : Checking page rotation 1 1.2000000000000002
1609105353294441024 : Checking page rotation 2 -0.04999999999999689
1609105356517431065 : Checking image 1 crop x1 287
1609105356517560967 : Checking image 1 crop y1 165
1609105356517599568 : Checking image 1 crop x2 2398
1609105356517635668 : Checking image 1 crop y2 3368
1609105360107257730 : Checking image 2 crop x1 149
1609105360107388731 : Checking image 2 crop y1 189
1609105360107427832 : Checking image 2 crop x2 2273
1609105360107464832 : Checking image 2 crop y2 3386
1609105360145734479 : Checking image 1 dpi 300
1609105360145839580 : Checking image 1 border top 157
1609105360145874281 : Checking image 1 border bottom 127
1609105360145906081 : Checking image 1 border left 174
1609105360145938282 : Checking image 1 border right 174
1609105360148522119 : Checking image 2 dpi 300
1609105360148610820 : Checking image 2 border top 181
1609105360148646121 : Checking image 2 border bottom 109
1609105360148679521 : Checking image 2 border left 168
1609105360148713222 : Checking image 2 border right 168

</system-out><system-err>--------------------------------- Captured Err ---------------------------------

</system-err></testcase><testcase classname="tests.test_images" name="test_failed_detect_rectangle_png" time="65.616"><system-out>--------------------------------- Captured Log ---------------------------------

--------------------------------- Captured Out ---------------------------------
/home/runner/work/ocr-book/ocr-book/tests/failed_detect_rectangle.png
1609105367299567474 : Checking separation double page angle 90.19837516213148
1609105367299669375 : Checking separation double page y=0 2474
1609105376225299343 : Checking page rotation 1 0.2
1609105388595491627 : Checking page rotation 2 0.2
1609105391857067004 : Checking image 1 crop x1 257
1609105391857184606 : Checking image 1 crop y1 201
1609105391857233906 : Checking image 1 crop x2 2333
1609105391857266707 : Checking image 1 crop y2 3402
1609105395279301775 : Checking image 2 crop x1 136
1609105395279414677 : Checking image 2 crop y1 215
1609105395279450577 : Checking image 2 crop x2 2219
1609105395279485178 : Checking image 2 crop y2 3406
1609105395328999685 : Checking image 1 dpi 300
1609105395329112486 : Checking image 1 border top 188
1609105395329160687 : Checking image 1 border bottom 97
1609105395329192587 : Checking image 1 border left 192
1609105395329223688 : Checking image 1 border right 192
1609105395331305218 : Checking image 2 dpi 300
1609105395331390819 : Checking image 2 border top 200
1609105395331425919 : Checking image 2 border bottom 95
1609105395331460020 : Checking image 2 border left 188
1609105395331493320 : Checking image 2 border right 188

</system-out><system-err>--------------------------------- Captured Err ---------------------------------

</system-err></testcase><testcase classname="tests.test_images" name="test_single_page_png" time="28.409"><system-out>--------------------------------- Captured Log ---------------------------------

--------------------------------- Captured Out ---------------------------------
/home/runner/work/ocr-book/ocr-book/tests/single_page.png
1609105371955776495 : Checking separation double page angle 90.04999999999998
1609105371955893997 : Checking separation double page y=0 2476
1609105378932302786 : Checking page rotation 1 0.0
1609105379576870391 : Checking page rotation 2 0.0
1609105387610406060 : Checking image 1 crop x1 1
1609105387610494861 : Checking image 1 crop y1 8
1609105387610536662 : Checking image 1 crop x2 2470
1609105387610573962 : Checking image 1 crop y2 3505
1609105388213707475 : Checking image 2 crop x1 0
1609105388213778676 : Checking image 2 crop y1 0
1609105388213811577 : Checking image 2 crop x2 0
1609105388213842377 : Checking image 2 crop y2 0
1609105388213916878 : Checking image 1 dpi 300
1609105388213986679 : Checking image 1 border top 5
1609105388214024380 : Checking image 1 border bottom 5
1609105388214057980 : Checking image 1 border left 6
1609105388214091481 : Checking image 1 border right 6
1609105388220081766 : Checking image 2 border top 0
1609105388220149467 : Checking image 2 border bottom 0
1609105388220181268 : Checking image 2 border left 0
1609105388220212768 : Checking image 2 border right 0

</system-out><system-err>--------------------------------- Captured Err ---------------------------------

</system-err></testcase><testcase classname="tests.test_images" name="test_wrong_split_line_4_png" time="30.061"><system-out>--------------------------------- Captured Log ---------------------------------

--------------------------------- Captured Out ---------------------------------
/home/runner/work/ocr-book/ocr-book/tests/wrong_split_line_4.png
1609105406215595419 : Checking separation double page angle 91.04999999999998
1609105406215693720 : Checking separation double page y=0 60
1609105406484773761 : Checking page rotation 1 1.05
1609105414398005313 : Checking page rotation 2 1.1500000000000001
1609105414984246183 : Checking image 1 crop x1 0
1609105414984311684 : Checking image 1 crop y1 0
1609105414984344184 : Checking image 1 crop x2 0
1609105414984375385 : Checking image 1 crop y2 0
1609105418615245226 : Checking image 2 crop x1 292
1609105418615350827 : Checking image 2 crop y1 330
1609105418615387328 : Checking image 2 crop x2 2314
1609105418615418028 : Checking image 2 crop y2 3218
1609105418660429771 : Checking image 1 border top 0
1609105418660496172 : Checking image 1 border bottom 0
1609105418660530072 : Checking image 1 border left 0
1609105418660560873 : Checking image 1 border right 0
1609105418660613873 : Checking image 2 dpi 300
1609105418660685974 : Checking image 2 border top 322
1609105418660717775 : Checking image 2 border bottom 277
1609105418660748375 : Checking image 2 border left 219
1609105418660779176 : Checking image 2 border right 219

</system-out><system-err>--------------------------------- Captured Err ---------------------------------

</system-err></testcase><testcase classname="tests.test_images" name="test_no_split_line_wave_algo_3_png" time="19.867"><system-out>--------------------------------- Captured Log ---------------------------------

--------------------------------- Captured Out ---------------------------------
/home/runner/work/ocr-book/ocr-book/tests/no_split_line_wave_algo_3.png
1609105406884178061 : Checking separation double page angle 90.14999999999998
1609105406884288962 : Checking separation double page y=0 2408
1609105409874964644 : Checking page rotation 1 0.0
1609105410278940509 : Checking page rotation 2 0.35
1609105414672392830 : Checking image 1 crop x1 184
1609105414672491332 : Checking image 1 crop y1 2957
1609105414672527632 : Checking image 1 crop x2 2201
1609105414672561033 : Checking image 1 crop y2 3202
1609105415194338583 : Checking image 2 crop x1 0
1609105415194402683 : Checking image 2 crop y1 0
1609105415194430784 : Checking image 2 crop x2 0
1609105415194457284 : Checking image 2 crop y2 0
1609105415194537985 : Checking image 1 dpi 300
1609105415194603486 : Checking image 1 border top 2950
1609105415194633087 : Checking image 1 border bottom 292
1609105415194662087 : Checking image 1 border left 221
1609105415194690888 : Checking image 1 border right 221
1609105415199778860 : Checking image 2 border top 0
1609105415199847861 : Checking image 2 border bottom 0
1609105415199877362 : Checking image 2 border left 0
1609105415199906462 : Checking image 2 border right 0

</system-out><system-err>--------------------------------- Captured Err ---------------------------------

</system-err></testcase><testcase classname="tests.test_images" name="test_failed_split_line_line_algo_3_png" time="24.415"><system-out>--------------------------------- Captured Log ---------------------------------

--------------------------------- Captured Out ---------------------------------
/home/runner/work/ocr-book/ocr-book/tests/failed_split_line_line_algo_3.png
1609105432484157545 : Checking separation double page angle 90.0
1609105432484260646 : Checking separation double page y=0 40
1609105432650209916 : Checking page rotation 1 0.0
1609105436715250856 : Checking page rotation 2 0.0
1609105437123522385 : Checking image 1 crop x1 0
1609105437123583286 : Checking image 1 crop y1 0
1609105437123612486 : Checking image 1 crop x2 0
1609105437123640587 : Checking image 1 crop y2 0
1609105443048317879 : Checking image 2 crop x1 246
1609105443048422680 : Checking image 2 crop y1 154
1609105443048457481 : Checking image 2 crop x2 2259
1609105443048489981 : Checking image 2 crop y2 3361
1609105443086883329 : Checking image 1 border top 0
1609105443086945630 : Checking image 1 border bottom 0
1609105443086976731 : Checking image 1 border left 0
1609105443087005831 : Checking image 1 border right 0
1609105443087060132 : Checking image 2 dpi 300
1609105443087129433 : Checking image 2 border top 146
1609105443087158233 : Checking image 2 border bottom 134
1609105443087186134 : Checking image 2 border left 223
1609105443087215334 : Checking image 2 border right 223

</system-out><system-err>--------------------------------- Captured Err ---------------------------------

</system-err></testcase></testsuite></testsuites>