<?xml version="1.0" encoding="utf-8"?><testsuites><testsuite errors="0" failures="0" hostname="fv-az71-309" name="pytest" skipped="0" tests="36" time="1029.484" timestamp="2020-12-21T22:03:19.018084"><testcase classname="tests.test_features" name="test_disabled_enable_debug" time="51.076"><system-out>--------------------------------- Captured Log ---------------------------------

--------------------------------- Captured Out ---------------------------------
/home/runner/work/ocr-book/ocr-book/tests/0001_debug.png
separation double page angle 90.52780881899669
separation double page y=0 2485
page rotation 1 0.7
page rotation 2 0.2
image 1 crop x1 330
image 1 crop y1 335
image 1 crop x2 2343
image 1 crop y2 3223
image 2 crop x1 168
image 2 crop y1 648
image 2 crop x2 2185
image 2 crop y2 3361
image 1 dpi 300
image 1 border top 331
image 1 border bottom 268
image 1 border left 223
image 1 border right 223
image 2 dpi 300
image 2 border top 639
image 2 border bottom 134
image 2 border left 221
image 2 border right 221

</system-out><system-err>--------------------------------- Captured Err ---------------------------------

</system-err></testcase><testcase classname="tests.test_features" name="test_mock_stop_at_0" time="0.054"><system-out>--------------------------------- Captured Log ---------------------------------

--------------------------------- Captured Out ---------------------------------
/home/runner/work/ocr-book/ocr-book/tests/0001_0.png

</system-out><system-err>--------------------------------- Captured Err ---------------------------------

</system-err></testcase><testcase classname="tests.test_features" name="test_mock_stop_at_2" time="45.185"><system-out>--------------------------------- Captured Log ---------------------------------

--------------------------------- Captured Out ---------------------------------
/home/runner/work/ocr-book/ocr-book/tests/0001_2.png
separation double page angle 90.52780881899669
separation double page y=0 2485
page rotation 1 0.7
page rotation 2 0.2

</system-out><system-err>--------------------------------- Captured Err ---------------------------------

</system-err></testcase><testcase classname="tests.test_features" name="test_mock_stop_at_4" time="48.163"><system-out>--------------------------------- Captured Log ---------------------------------

--------------------------------- Captured Out ---------------------------------
/home/runner/work/ocr-book/ocr-book/tests/0001_4.png
separation double page angle 90.52780881899669
separation double page y=0 2485
page rotation 1 0.7
page rotation 2 0.2
image 1 crop x1 330
image 1 crop y1 335
image 1 crop x2 2343
image 1 crop y2 3223
image 2 crop x1 168
image 2 crop y1 648
image 2 crop x2 2185
image 2 crop y2 3361
image 1 dpi 300
image 1 border top 331
image 1 border bottom 268
image 1 border left 223
image 1 border right 223
image 2 dpi 300
image 2 border top 639
image 2 border bottom 134
image 2 border left 221
image 2 border right 221

</system-out><system-err>--------------------------------- Captured Err ---------------------------------

</system-err></testcase><testcase classname="tests.test_features" name="test_mock_stop_at_1" time="29.895"><system-out>--------------------------------- Captured Log ---------------------------------

--------------------------------- Captured Out ---------------------------------
/home/runner/work/ocr-book/ocr-book/tests/0001_1.png
separation double page angle 90.52780881899669
separation double page y=0 2485

</system-out><system-err>--------------------------------- Captured Err ---------------------------------

</system-err></testcase><testcase classname="tests.test_features" name="test_mock_stop_at_3" time="48.788"><system-out>--------------------------------- Captured Log ---------------------------------

--------------------------------- Captured Out ---------------------------------
/home/runner/work/ocr-book/ocr-book/tests/0001_3.png
separation double page angle 90.52780881899669
separation double page y=0 2485
page rotation 1 0.7
page rotation 2 0.2
image 1 crop x1 330
image 1 crop y1 335
image 1 crop x2 2343
image 1 crop y2 3223
image 2 crop x1 168
image 2 crop y1 648
image 2 crop x2 2185
image 2 crop y2 3361

</system-out><system-err>--------------------------------- Captured Err ---------------------------------

</system-err></testcase><testcase classname="tests.test_images" name="test_0001_png" time="60.945"><system-out>--------------------------------- Captured Log ---------------------------------

--------------------------------- Captured Out ---------------------------------
/home/runner/work/ocr-book/ocr-book/tests/0001.png
1608588329608465820 : Checking separation double page angle 90.52780881899669
1608588329608582024 : Checking separation double page y=0 2485
1608588337162281560 : Checking page rotation 1 0.7
1608588346391522322 : Checking page rotation 2 0.2
1608588350590456824 : Checking image 1 crop x1 330
1608588350590581227 : Checking image 1 crop y1 335
1608588350590620729 : Checking image 1 crop x2 2343
1608588350590658230 : Checking image 1 crop y2 3223
1608588354449186338 : Checking image 2 crop x1 168
1608588354449312841 : Checking image 2 crop y1 648
1608588354449353943 : Checking image 2 crop x2 2185
1608588354449389944 : Checking image 2 crop y2 3361
1608588354486192917 : Checking image 1 dpi 300
1608588354486310321 : Checking image 1 border top 331
1608588354486348622 : Checking image 1 border bottom 268
1608588354486383123 : Checking image 1 border left 223
1608588354486416124 : Checking image 1 border right 223
1608588354488831694 : Checking image 2 dpi 300
1608588354488925997 : Checking image 2 border top 639
1608588354488961498 : Checking image 2 border bottom 134
1608588354488994899 : Checking image 2 border left 221
1608588354489028400 : Checking image 2 border right 221

</system-out><system-err>--------------------------------- Captured Err ---------------------------------

</system-err></testcase><testcase classname="tests.test_features" name="test_mock_stop_at_5" time="50.876"><system-out>--------------------------------- Captured Log ---------------------------------

--------------------------------- Captured Out ---------------------------------
/home/runner/work/ocr-book/ocr-book/tests/0001_5.png
separation double page angle 90.52780881899669
separation double page y=0 2485
page rotation 1 0.7
page rotation 2 0.2
image 1 crop x1 330
image 1 crop y1 335
image 1 crop x2 2343
image 1 crop y2 3223
image 2 crop x1 168
image 2 crop y1 648
image 2 crop x2 2185
image 2 crop y2 3361
image 1 dpi 300
image 1 border top 331
image 1 border bottom 268
image 1 border left 223
image 1 border right 223
image 2 dpi 300
image 2 border top 639
image 2 border bottom 134
image 2 border left 221
image 2 border right 221

</system-out><system-err>--------------------------------- Captured Err ---------------------------------

</system-err></testcase><testcase classname="tests.test_images" name="test_black_border_not_removed_png" time="70.696"><system-out>--------------------------------- Captured Log ---------------------------------

--------------------------------- Captured Out ---------------------------------
/home/runner/work/ocr-book/ocr-book/tests/black-border-not-removed.png
1608588395825304026 : Checking separation double page angle 90.008171103531
1608588395825412529 : Checking separation double page y=0 2455
1608588403186377358 : Checking page rotation 1 0.05
1608588414565418231 : Checking page rotation 2 0.0
1608588418761740649 : Checking image 1 crop x1 298
1608588418761872559 : Checking image 1 crop y1 142
1608588418761912163 : Checking image 1 crop x2 2308
1608588418761947465 : Checking image 1 crop y2 3347
1608588425144654950 : Checking image 2 crop x1 157
1608588425144784860 : Checking image 2 crop y1 145
1608588425144824763 : Checking image 2 crop x2 2169
1608588425144861766 : Checking image 2 crop y2 3352
1608588425183160465 : Checking image 1 dpi 300
1608588425183276474 : Checking image 1 border top 134
1608588425183313877 : Checking image 1 border bottom 148
1608588425183348080 : Checking image 1 border left 225
1608588425183382282 : Checking image 1 border right 225
1608588425185844275 : Checking image 2 dpi 300
1608588425185932782 : Checking image 2 border top 132
1608588425185967285 : Checking image 2 border bottom 148
1608588425186000587 : Checking image 2 border left 224
1608588425186035490 : Checking image 2 border right 224

</system-out><system-err>--------------------------------- Captured Err ---------------------------------

</system-err></testcase><testcase classname="tests.test_images" name="test_2_pages_2_contours_png" time="39.120"><system-out>--------------------------------- Captured Log ---------------------------------

--------------------------------- Captured Out ---------------------------------
/home/runner/work/ocr-book/ocr-book/tests/2-pages-2-contours.png
1608588404553993522 : Checking separation double page angle 90.09036871657068
1608588404554250345 : Checking separation double page y=0 2486
1608588406884901613 : Checking page rotation 1 0.05
1608588413987830212 : Checking page rotation 2 0.30000000000000004
1608588415929456413 : Checking image 1 crop x1 1189
1608588415929582723 : Checking image 1 crop y1 1751
1608588415929619126 : Checking image 1 crop x2 1190
1608588415929653029 : Checking image 1 crop y2 1752
1608588419860973341 : Checking image 2 crop x1 101
1608588419861111252 : Checking image 2 crop y1 240
1608588419861151155 : Checking image 2 crop x2 2148
1608588419861188258 : Checking image 2 crop y2 3239
1608588419896959938 : Checking image 1 dpi 300
1608588419897084648 : Checking image 1 border top 1752
1608588419897126252 : Checking image 1 border bottom 1753
1608588419897161955 : Checking image 1 border left 1239
1608588419897198657 : Checking image 1 border right 1239
1608588419899153815 : Checking image 2 dpi 300
1608588419899241722 : Checking image 2 border top 230
1608588419899277225 : Checking image 2 border bottom 258
1608588419899310828 : Checking image 2 border left 206
1608588419899343930 : Checking image 2 border right 206

</system-out><system-err>--------------------------------- Captured Err ---------------------------------

</system-err></testcase><testcase classname="tests.test_images" name="test_wrong_split_line_png" time="46.980"><system-out>--------------------------------- Captured Log ---------------------------------

--------------------------------- Captured Out ---------------------------------
/home/runner/work/ocr-book/ocr-book/tests/wrong_split_line.png
1608588449847019186 : Checking separation double page angle 89.93395720607973
1608588449847125994 : Checking separation double page y=0 2465
1608588455258121048 : Checking page rotation 1 -0.14999999999999067
1608588461389569840 : Checking page rotation 2 0.5
1608588464058622063 : Checking image 1 crop x1 213
1608588464058760472 : Checking image 1 crop y1 157
1608588464058799975 : Checking image 1 crop x2 2323
1608588464058836978 : Checking image 1 crop y2 3362
1608588466831953198 : Checking image 2 crop x1 125
1608588466832093508 : Checking image 2 crop y1 165
1608588466832133210 : Checking image 2 crop x2 2237
1608588466832170413 : Checking image 2 crop y2 3374
1608588466871061367 : Checking image 1 dpi 300
1608588466871189576 : Checking image 1 border top 134
1608588466871229078 : Checking image 1 border bottom 148
1608588466871263481 : Checking image 1 border left 175
1608588466871298483 : Checking image 1 border right 175
1608588466873810648 : Checking image 2 dpi 300
1608588466873900754 : Checking image 2 border top 143
1608588466873936556 : Checking image 2 border bottom 135
1608588466873970158 : Checking image 2 border left 174
1608588466874003361 : Checking image 2 border right 174

</system-out><system-err>--------------------------------- Captured Err ---------------------------------

</system-err></testcase><testcase classname="tests.test_images" name="test_image_failed_to_rotate_png" time="66.663"><system-out>--------------------------------- Captured Log ---------------------------------

--------------------------------- Captured Out ---------------------------------
/home/runner/work/ocr-book/ocr-book/tests/image_failed_to_rotate.png
1608588460617585297 : Checking separation double page angle 90.24267669076625
1608588460617699505 : Checking separation double page y=0 2483
1608588465889605867 : Checking page rotation 1 0.35
1608588473988553671 : Checking page rotation 2 0.4
1608588485974518461 : Checking image 1 crop x1 34
1608588485974643868 : Checking image 1 crop y1 1
1608588485974685171 : Checking image 1 crop x2 2481
1608588485974723373 : Checking image 1 crop y2 3500
1608588491696931277 : Checking image 2 crop x1 169
1608588491697054285 : Checking image 2 crop y1 234
1608588491697090987 : Checking image 2 crop x2 2249
1608588491697125289 : Checking image 2 crop y2 3356
1608588491741616948 : Checking image 1 dpi 300
1608588491741735655 : Checking image 1 border top 4
1608588491741774657 : Checking image 1 border bottom 4
1608588491741808559 : Checking image 1 border left 17
1608588491741842161 : Checking image 1 border right 17
1608588491744312909 : Checking image 2 dpi 300
1608588491744405215 : Checking image 2 border top 220
1608588491744440117 : Checking image 2 border bottom 145
1608588491744473719 : Checking image 2 border left 190
1608588491744506621 : Checking image 2 border right 190

</system-out><system-err>--------------------------------- Captured Err ---------------------------------

</system-err></testcase><testcase classname="tests.test_images" name="test_crop_too_much_png" time="85.683"><system-out>--------------------------------- Captured Log ---------------------------------

--------------------------------- Captured Out ---------------------------------
/home/runner/work/ocr-book/ocr-book/tests/crop_too_much.png
1608588519806919912 : Checking separation double page angle 90.10739409272954
1608588519807030518 : Checking separation double page y=0 2455
1608588530887750057 : Checking page rotation 1 0.0
1608588542842293714 : Checking page rotation 2 0.45
1608588547972472101 : Checking image 1 crop x1 303
1608588547972607708 : Checking image 1 crop y1 148
1608588547972644210 : Checking image 1 crop x2 2313
1608588547972676811 : Checking image 1 crop y2 3351
1608588552487310484 : Checking image 2 crop x1 166
1608588552487448391 : Checking image 2 crop y1 155
1608588552487487893 : Checking image 2 crop x2 2177
1608588552487524495 : Checking image 2 crop y2 3359
1608588552538149994 : Checking image 1 dpi 300
1608588552538279601 : Checking image 1 border top 132
1608588552538332203 : Checking image 1 border bottom 152
1608588552538364105 : Checking image 1 border left 225
1608588552538396807 : Checking image 1 border right 225
1608588552540392605 : Checking image 2 dpi 300
1608588552540472309 : Checking image 2 border top 141
1608588552540507811 : Checking image 2 border bottom 142
1608588552540541913 : Checking image 2 border left 224
1608588552540575614 : Checking image 2 border right 224

</system-out><system-err>--------------------------------- Captured Err ---------------------------------

</system-err></testcase><testcase classname="tests.test_images" name="test_image_failed_to_crop_data_png" time="65.791"><system-out>--------------------------------- Captured Log ---------------------------------

--------------------------------- Captured Out ---------------------------------
/home/runner/work/ocr-book/ocr-book/tests/image_failed_to_crop_data.png
1608588527404587702 : Checking separation double page angle 90.08353326014034
1608588527404703608 : Checking separation double page y=0 2479
1608588533611532277 : Checking page rotation 1 0.2
1608588539805983681 : Checking page rotation 2 0.1
1608588552810062920 : Checking image 1 crop x1 50
1608588552810188326 : Checking image 1 crop y1 7
1608588552810227228 : Checking image 1 crop x2 2477
1608588552810261930 : Checking image 1 crop y2 3502
1608588557558028874 : Checking image 2 crop x1 165
1608588557558168080 : Checking image 2 crop y1 218
1608588557558207582 : Checking image 2 crop x2 2244
1608588557558244584 : Checking image 2 crop y2 3349
1608588557596083628 : Checking image 1 dpi 300
1608588557596189733 : Checking image 1 border top 6
1608588557596222935 : Checking image 1 border bottom 6
1608588557596250736 : Checking image 1 border left 22
1608588557596277637 : Checking image 1 border right 22
1608588557598575949 : Checking image 2 dpi 300
1608588557598655653 : Checking image 2 border top 206
1608588557598687955 : Checking image 2 border bottom 149
1608588557598719056 : Checking image 2 border left 190
1608588557598749858 : Checking image 2 border right 190

</system-out><system-err>--------------------------------- Captured Err ---------------------------------

</system-err></testcase><testcase classname="tests.test_images" name="test_crop_too_few_png" time="50.449"><system-out>--------------------------------- Captured Log ---------------------------------

--------------------------------- Captured Out ---------------------------------
/home/runner/work/ocr-book/ocr-book/tests/crop_too_few.png
1608588583879562120 : Checking separation double page angle 89.47170238452755
1608588583879664224 : Checking separation double page y=0 2512
1608588589904325671 : Checking page rotation 1 -0.7499999999999916
1608588596485643360 : Checking page rotation 2 0.0
1608588599974718129 : Checking image 1 crop x1 265
1608588599974853035 : Checking image 1 crop y1 152
1608588599974889737 : Checking image 1 crop x2 2375
1608588599974922438 : Checking image 1 crop y2 3356
1608588602968650479 : Checking image 2 crop x1 137
1608588602968791985 : Checking image 2 crop y1 141
1608588602968831187 : Checking image 2 crop x2 2259
1608588602968868389 : Checking image 2 crop y2 3345
1608588603003790221 : Checking image 1 dpi 300
1608588603003942028 : Checking image 1 border top 132
1608588603003984129 : Checking image 1 border bottom 151
1608588603004018131 : Checking image 1 border left 175
1608588603004053432 : Checking image 1 border right 175
1608588603006084221 : Checking image 2 dpi 300
1608588603006161325 : Checking image 2 border top 130
1608588603006196226 : Checking image 2 border bottom 153
1608588603006229128 : Checking image 2 border left 169
1608588603006262229 : Checking image 2 border right 169

</system-out><system-err>--------------------------------- Captured Err ---------------------------------

</system-err></testcase><testcase classname="tests.test_images" name="test_wrong_angle_split_line_png" time="74.666"><system-out>--------------------------------- Captured Log ---------------------------------

--------------------------------- Captured Out ---------------------------------
/home/runner/work/ocr-book/ocr-book/tests/wrong_angle_split_line.png
1608588594915446084 : Checking separation double page angle 90.09193420006348
1608588594915620392 : Checking separation double page y=0 2481
1608588603185515879 : Checking page rotation 1 0.2
1608588611717517153 : Checking page rotation 2 0.0
1608588625581206573 : Checking image 1 crop x1 58
1608588625581339979 : Checking image 1 crop y1 7
1608588625581378680 : Checking image 1 crop x2 2479
1608588625581416382 : Checking image 1 crop y2 3500
1608588631314044150 : Checking image 2 crop x1 160
1608588631314180356 : Checking image 2 crop y1 217
1608588631314219957 : Checking image 2 crop x2 2243
1608588631314256959 : Checking image 2 crop y2 3350
1608588631496836645 : Checking image 1 dpi 300
1608588631496953850 : Checking image 1 border top 7
1608588631496991552 : Checking image 1 border bottom 7
1608588631497023753 : Checking image 1 border left 30
1608588631497055654 : Checking image 1 border right 30
1608588631504725473 : Checking image 2 dpi 300
1608588631504842078 : Checking image 2 border top 206
1608588631504879279 : Checking image 2 border bottom 148
1608588631504913581 : Checking image 2 border left 188
1608588631504947682 : Checking image 2 border right 188

</system-out><system-err>--------------------------------- Captured Err ---------------------------------

</system-err></testcase><testcase classname="tests.test_images" name="test_crop_too_much_2_png" time="87.980"><system-out>--------------------------------- Captured Log ---------------------------------

--------------------------------- Captured Out ---------------------------------
/home/runner/work/ocr-book/ocr-book/tests/crop_too_much_2.png
1608588658756635653 : Checking separation double page angle 90.16490749368565
1608588658756728157 : Checking separation double page y=0 2478
1608588667905469485 : Checking page rotation 1 0.2
1608588680298663970 : Checking page rotation 2 0.2
1608588684949884930 : Checking image 1 crop x1 332
1608588684950004535 : Checking image 1 crop y1 131
1608588684950055137 : Checking image 1 crop x2 2342
1608588684950087638 : Checking image 1 crop y2 3336
1608588690879365380 : Checking image 2 crop x1 165
1608588690879511885 : Checking image 2 crop y1 139
1608588690879549887 : Checking image 2 crop x2 2178
1608588690879584388 : Checking image 2 crop y2 3345
1608588690936669267 : Checking image 1 dpi 300
1608588690936805172 : Checking image 1 border top 120
1608588690936845074 : Checking image 1 border bottom 162
1608588690936879575 : Checking image 1 border left 225
1608588690936916077 : Checking image 1 border right 225
1608588690939048558 : Checking image 2 dpi 300
1608588690939140562 : Checking image 2 border top 126
1608588690939176563 : Checking image 2 border bottom 154
1608588690939210364 : Checking image 2 border left 223
1608588690939243466 : Checking image 2 border right 223

</system-out><system-err>--------------------------------- Captured Err ---------------------------------

</system-err></testcase><testcase classname="tests.test_images" name="test_angle_page_lower_split_line_png" time="57.815"><system-out>--------------------------------- Captured Log ---------------------------------

--------------------------------- Captured Out ---------------------------------
/home/runner/work/ocr-book/ocr-book/tests/angle_page_lower_split_line.png
1608588668212970461 : Checking separation double page angle 89.80201324959413
1608588668213071965 : Checking separation double page y=0 2475
1608588676568272940 : Checking page rotation 1 -0.44999999999999746
1608588682943637937 : Checking page rotation 2 0.1
1608588686258624781 : Checking image 1 crop x1 245
1608588686258757686 : Checking image 1 crop y1 161
1608588686258796488 : Checking image 1 crop x2 2351
1608588686258833589 : Checking image 1 crop y2 3364
1608588690103795674 : Checking image 2 crop x1 148
1608588690103956680 : Checking image 2 crop y1 146
1608588690103993281 : Checking image 2 crop x2 2258
1608588690104027482 : Checking image 2 crop y2 3351
1608588690141422610 : Checking image 1 dpi 300
1608588690141541214 : Checking image 1 border top 145
1608588690141579016 : Checking image 1 border bottom 139
1608588690141613517 : Checking image 1 border left 177
1608588690141647219 : Checking image 1 border right 177
1608588690144098712 : Checking image 2 dpi 300
1608588690144178315 : Checking image 2 border top 129
1608588690144210716 : Checking image 2 border bottom 153
1608588690144242418 : Checking image 2 border left 175
1608588690144273119 : Checking image 2 border right 175

</system-out><system-err>--------------------------------- Captured Err ---------------------------------

</system-err></testcase><testcase classname="tests.test_images" name="test_wrong_wave_split_line_png" time="85.459"><system-out>--------------------------------- Captured Log ---------------------------------

--------------------------------- Captured Out ---------------------------------
/home/runner/work/ocr-book/ocr-book/tests/wrong_wave_split_line.png
1608588738491226295 : Checking separation double page angle 90.45378604107718
1608588738491332799 : Checking separation double page y=0 2503
1608588747254314779 : Checking page rotation 1 -0.14999999999999067
1608588757475454314 : Checking page rotation 2 0.85
1608588766176889788 : Checking image 1 crop x1 385
1608588766177022493 : Checking image 1 crop y1 179
1608588766177061794 : Checking image 1 crop x2 2411
1608588766177096795 : Checking image 1 crop y2 3374
1608588775537393299 : Checking image 2 crop x1 13
1608588775537503403 : Checking image 2 crop y1 16
1608588775537535304 : Checking image 2 crop x2 2413
1608588775537565505 : Checking image 2 crop y2 3505
1608588775588887321 : Checking image 1 dpi 300
1608588775589005725 : Checking image 1 border top 172
1608588775589041326 : Checking image 1 border bottom 120
1608588775589073128 : Checking image 1 border left 217
1608588775589103629 : Checking image 1 border right 217
1608588775591450312 : Checking image 2 dpi 300
1608588775591534115 : Checking image 2 border top 9
1608588775591569816 : Checking image 2 border bottom 9
1608588775591600317 : Checking image 2 border left 40
1608588775591647919 : Checking image 2 border right 40

</system-out><system-err>--------------------------------- Captured Err ---------------------------------

</system-err></testcase><testcase classname="tests.test_images" name="test_wrong_split_line_2_png" time="95.319"><system-out>--------------------------------- Captured Log ---------------------------------

--------------------------------- Captured Out ---------------------------------
/home/runner/work/ocr-book/ocr-book/tests/wrong_split_line_2.png
1608588745365709126 : Checking separation double page angle 90.24944704411861
1608588745365817330 : Checking separation double page y=0 2440
1608588756763223190 : Checking page rotation 1 0.1
1608588769002902610 : Checking page rotation 2 0.4
1608588776079491277 : Checking image 1 crop x1 294
1608588776079636282 : Checking image 1 crop y1 137
1608588776079674784 : Checking image 1 crop x2 2325
1608588776079710385 : Checking image 1 crop y2 3375
1608588786251109362 : Checking image 2 crop x1 140
1608588786251248267 : Checking image 2 crop y1 192
1608588786251287668 : Checking image 2 crop x2 2167
1608588786251324869 : Checking image 2 crop y2 3386
1608588786301068317 : Checking image 1 dpi 300
1608588786301204322 : Checking image 1 border top 131
1608588786301243923 : Checking image 1 border bottom 118
1608588786301278224 : Checking image 1 border left 214
1608588786301313326 : Checking image 1 border right 214
1608588786303759912 : Checking image 2 dpi 300
1608588786303844615 : Checking image 2 border top 183
1608588786303909917 : Checking image 2 border bottom 110
1608588786303943018 : Checking image 2 border left 216
1608588786303976019 : Checking image 2 border right 216

</system-out><system-err>--------------------------------- Captured Err ---------------------------------

</system-err></testcase><testcase classname="tests.test_images" name="test_no_split_line_line_algo_png" time="55.126"><system-out>--------------------------------- Captured Log ---------------------------------

--------------------------------- Captured Out ---------------------------------
/home/runner/work/ocr-book/ocr-book/tests/no_split_line_line_algo.png
1608588810044982686 : Checking separation double page angle 89.47691469185418
1608588810045093190 : Checking separation double page y=0 2476
1608588815542490583 : Checking page rotation 1 -0.14999999999999067
1608588824376444277 : Checking page rotation 2 -0.44999999999999746
1608588826936635906 : Checking image 1 crop x1 205
1608588826936760511 : Checking image 1 crop y1 158
1608588826936796912 : Checking image 1 crop x2 2320
1608588826936830913 : Checking image 1 crop y2 3366
1608588830689646611 : Checking image 2 crop x1 185
1608588830689773115 : Checking image 2 crop y1 221
1608588830689810017 : Checking image 2 crop x2 2201
1608588830689844518 : Checking image 2 crop y2 3366
1608588830735252177 : Checking image 1 dpi 300
1608588830735368881 : Checking image 1 border top 144
1608588830735406083 : Checking image 1 border bottom 134
1608588830735440684 : Checking image 1 border left 172
1608588830735473985 : Checking image 1 border right 172
1608588830737857367 : Checking image 2 dpi 300
1608588830737941070 : Checking image 2 border top 218
1608588830737975771 : Checking image 2 border bottom 124
1608588830738009272 : Checking image 2 border left 222
1608588830738041773 : Checking image 2 border right 222

</system-out><system-err>--------------------------------- Captured Err ---------------------------------

</system-err></testcase><testcase classname="tests.test_images" name="test_small_wave_png" time="67.266"><system-out>--------------------------------- Captured Log ---------------------------------

--------------------------------- Captured Out ---------------------------------
/home/runner/work/ocr-book/ocr-book/tests/small_wave.png
1608588829450953956 : Checking separation double page angle 90.61316928841565
1608588829451059559 : Checking separation double page y=0 2500
1608588839355255886 : Checking page rotation 1 0.7
1608588847373154917 : Checking page rotation 2 0.7
1608588850495841971 : Checking image 1 crop x1 322
1608588850496005777 : Checking image 1 crop y1 199
1608588850496043078 : Checking image 1 crop x2 2351
1608588850496076279 : Checking image 1 crop y2 3394
1608588853520617269 : Checking image 2 crop x1 130
1608588853520747273 : Checking image 2 crop y1 223
1608588853520783674 : Checking image 2 crop x2 2160
1608588853520818076 : Checking image 2 crop y2 3419
1608588853561079346 : Checking image 1 dpi 300
1608588853561201450 : Checking image 1 border top 180
1608588853561238051 : Checking image 1 border bottom 112
1608588853561270052 : Checking image 1 border left 215
1608588853561302753 : Checking image 1 border right 215
1608588853563221919 : Checking image 2 dpi 300
1608588853563292121 : Checking image 2 border top 195
1608588853563324322 : Checking image 2 border bottom 96
1608588853563354923 : Checking image 2 border left 215
1608588853563385724 : Checking image 2 border right 215

</system-out><system-err>--------------------------------- Captured Err ---------------------------------

</system-err></testcase><testcase classname="tests.test_images" name="test_failed_split_line_line_algo_png" time="27.079"><system-out>--------------------------------- Captured Log ---------------------------------

--------------------------------- Captured Out ---------------------------------
/home/runner/work/ocr-book/ocr-book/tests/failed_split_line_line_algo.png
1608588848281145084 : Checking separation double page angle 90.0038422057325
1608588848281255088 : Checking separation double page y=0 2576
1608588851491722595 : Checking page rotation 1 -0.14999999999999067
1608588853619404631 : Checking page rotation 2 0.0
1608588856189585256 : Checking image 1 crop x1 407
1608588856189712960 : Checking image 1 crop y1 2925
1608588856189749261 : Checking image 1 crop x2 2419
1608588856189781563 : Checking image 1 crop y2 3174
1608588857846637977 : Checking image 2 crop x1 1183
1608588857846752881 : Checking image 2 crop y1 1747
1608588857846786982 : Checking image 2 crop x2 1184
1608588857846816984 : Checking image 2 crop y2 1748
1608588857847095293 : Checking image 1 dpi 300
1608588857847173096 : Checking image 1 border top 2919
1608588857847206397 : Checking image 1 border bottom 319
1608588857847237598 : Checking image 1 border left 224
1608588857847268399 : Checking image 1 border right 224
1608588857848536642 : Checking image 2 dpi 300
1608588857848615645 : Checking image 2 border top 1752
1608588857848650546 : Checking image 2 border bottom 1753
1608588857848683947 : Checking image 2 border left 1239
1608588857848717048 : Checking image 2 border right 1239

</system-out><system-err>--------------------------------- Captured Err ---------------------------------

</system-err></testcase><testcase classname="tests.test_images" name="test_wrong_split_line_3_png" time="58.610"><system-out>--------------------------------- Captured Log ---------------------------------

--------------------------------- Captured Out ---------------------------------
/home/runner/work/ocr-book/ocr-book/tests/wrong_split_line_3.png
1608588891192575549 : Checking separation double page angle 90.41229500214693
1608588891192679152 : Checking separation double page y=0 2495
1608588899116373987 : Checking page rotation 1 0.35
1608588905133072801 : Checking page rotation 2 0.9
1608588909236562699 : Checking image 1 crop x1 331
1608588909236696803 : Checking image 1 crop y1 164
1608588909236733605 : Checking image 1 crop x2 2375
1608588909236772006 : Checking image 1 crop y2 3377
1608588912165495085 : Checking image 2 crop x1 104
1608588912165634790 : Checking image 2 crop y1 208
1608588912165675092 : Checking image 2 crop x2 2135
1608588912165712593 : Checking image 2 crop y2 3413
1608588912203996973 : Checking image 1 dpi 300
1608588912204136778 : Checking image 1 border top 157
1608588912204186979 : Checking image 1 border bottom 117
1608588912204219480 : Checking image 1 border left 208
1608588912204252382 : Checking image 1 border right 208
1608588912206265149 : Checking image 2 dpi 300
1608588912206347052 : Checking image 2 border top 188
1608588912206381853 : Checking image 2 border bottom 94
1608588912206415654 : Checking image 2 border left 214
1608588912206448555 : Checking image 2 border right 214

</system-out><system-err>--------------------------------- Captured Err ---------------------------------

</system-err></testcase><testcase classname="tests.test_images" name="test_failed_split_line_line_algo_2_png" time="73.039"><system-out>--------------------------------- Captured Log ---------------------------------

--------------------------------- Captured Out ---------------------------------
/home/runner/work/ocr-book/ocr-book/tests/failed_split_line_line_algo_2.png
1608588903710131823 : Checking separation double page angle 90.04134220573248
1608588903710246127 : Checking separation double page y=0 2498
1608588913316275566 : Checking page rotation 1 0.0
1608588922495997469 : Checking page rotation 2 0.6000000000000001
1608588927346660584 : Checking image 1 crop x1 272
1608588927346791694 : Checking image 1 crop y1 149
1608588927346827797 : Checking image 1 crop x2 2383
1608588927346861600 : Checking image 1 crop y2 3353
1608588930813721010 : Checking image 2 crop x1 124
1608588930813925926 : Checking image 2 crop y1 155
1608588930813995232 : Checking image 2 crop x2 2247
1608588930814062737 : Checking image 2 crop y2 3350
1608588930860639139 : Checking image 1 dpi 300
1608588930860761549 : Checking image 1 border top 137
1608588930860798852 : Checking image 1 border bottom 146
1608588930860833854 : Checking image 1 border left 174
1608588930860866957 : Checking image 1 border right 174
1608588930862634294 : Checking image 2 dpi 300
1608588930862722400 : Checking image 2 border top 135
1608588930862754903 : Checking image 2 border bottom 157
1608588930862785905 : Checking image 2 border left 168
1608588930862816308 : Checking image 2 border right 168

</system-out><system-err>--------------------------------- Captured Err ---------------------------------

</system-err></testcase><testcase classname="tests.test_images" name="test_crop_too_much_3_png" time="72.000"><system-out>--------------------------------- Captured Log ---------------------------------

--------------------------------- Captured Out ---------------------------------
/home/runner/work/ocr-book/ocr-book/tests/crop_too_much_3.png
1608588955812631222 : Checking separation double page angle 89.51495085266092
1608588955812743030 : Checking separation double page y=0 2494
1608588964545283286 : Checking page rotation 1 -0.9499999999999917
1608588975411646798 : Checking page rotation 2 -0.14999999999999067
1608588979848083517 : Checking image 1 crop x1 373
1608588979848218026 : Checking image 1 crop y1 258
1608588979848255329 : Checking image 1 crop x2 2386
1608588979848288331 : Checking image 1 crop y2 3458
1608588984128627727 : Checking image 2 crop x1 172
1608588984128767537 : Checking image 2 crop y1 228
1608588984128807740 : Checking image 2 crop x2 2185
1608588984128845543 : Checking image 2 crop y2 3417
1608588984186065536 : Checking image 1 dpi 300
1608588984186202046 : Checking image 1 border top 239
1608588984186243249 : Checking image 1 border bottom 47
1608588984186277751 : Checking image 1 border left 223
1608588984186313153 : Checking image 1 border right 223
1608588984188408800 : Checking image 2 dpi 300
1608588984188492005 : Checking image 2 border top 214
1608588984188527408 : Checking image 2 border bottom 84
1608588984188560710 : Checking image 2 border left 223
1608588984188593813 : Checking image 2 border right 223

</system-out><system-err>--------------------------------- Captured Err ---------------------------------

</system-err></testcase><testcase classname="tests.test_images" name="test_wrong_wave_split_line_2_png" time="78.470"><system-out>--------------------------------- Captured Log ---------------------------------

--------------------------------- Captured Out ---------------------------------
/home/runner/work/ocr-book/ocr-book/tests/wrong_wave_split_line_2.png
1608588979101968671 : Checking separation double page angle 90.7708958311329
1608588979102075778 : Checking separation double page y=0 2490
1608588987341765778 : Checking page rotation 1 0.4
1608588999016808945 : Checking page rotation 2 1.8
1608589002743272691 : Checking image 1 crop x1 224
1608589002743404100 : Checking image 1 crop y1 147
1608589002743443503 : Checking image 1 crop x2 2337
1608589002743480405 : Checking image 1 crop y2 3355
1608589009268787129 : Checking image 2 crop x1 107
1608589009268922438 : Checking image 2 crop y1 197
1608589009268961741 : Checking image 2 crop x2 2229
1608589009268999343 : Checking image 2 crop y2 3396
1608589009321082122 : Checking image 1 dpi 300
1608589009321195930 : Checking image 1 border top 137
1608589009321231332 : Checking image 1 border bottom 142
1608589009321263034 : Checking image 1 border left 173
1608589009321293536 : Checking image 1 border right 173
1608589009323315172 : Checking image 2 dpi 300
1608589009323394477 : Checking image 2 border top 171
1608589009323429079 : Checking image 2 border bottom 117
1608589009323462081 : Checking image 2 border left 169
1608589009323494984 : Checking image 2 border right 169

</system-out><system-err>--------------------------------- Captured Err ---------------------------------

</system-err></testcase><testcase classname="tests.test_images" name="test_wrong_wave_split_line_3_png" time="63.349"><system-out>--------------------------------- Captured Log ---------------------------------

--------------------------------- Captured Out ---------------------------------
/home/runner/work/ocr-book/ocr-book/tests/wrong_wave_split_line_3.png
1608589027106385380 : Checking separation double page angle 90.05826063695574
1608589027106497187 : Checking separation double page y=0 2514
1608589034953560749 : Checking page rotation 1 0.05
1608589041215300063 : Checking page rotation 2 0.30000000000000004
1608589044542621277 : Checking image 1 crop x1 273
1608589044542755986 : Checking image 1 crop y1 220
1608589044542805089 : Checking image 1 crop x2 2383
1608589044542836891 : Checking image 1 crop y2 3423
1608589047531668265 : Checking image 2 crop x1 114
1608589047531779272 : Checking image 2 crop y1 226
1608589047531827175 : Checking image 2 crop x2 2237
1608589047531883579 : Checking image 2 crop y2 3414
1608589047568590783 : Checking image 1 dpi 300
1608589047568722092 : Checking image 1 border top 202
1608589047568759694 : Checking image 1 border bottom 82
1608589047568791496 : Checking image 1 border left 175
1608589047568824198 : Checking image 1 border right 175
1608589047570839425 : Checking image 2 dpi 300
1608589047570914829 : Checking image 2 border top 207
1608589047570948131 : Checking image 2 border bottom 92
1608589047570979533 : Checking image 2 border left 168
1608589047571010735 : Checking image 2 border right 168

</system-out><system-err>--------------------------------- Captured Err ---------------------------------

</system-err></testcase><testcase classname="tests.test_images" name="test_no_split_line_wave_algo_png" time="70.668"><system-out>--------------------------------- Captured Log ---------------------------------

--------------------------------- Captured Out ---------------------------------
/home/runner/work/ocr-book/ocr-book/tests/no_split_line_wave_algo.png
1608589042375355147 : Checking separation double page angle 89.92907061939218
1608589042375439252 : Checking separation double page y=0 2475
1608589048094146370 : Checking page rotation 1 -0.04999999999999689
1608589057160262749 : Checking page rotation 2 -0.5499999999999912
1608589070620982497 : Checking image 1 crop x1 101
1608589070621061002 : Checking image 1 crop y1 79
1608589070621095604 : Checking image 1 crop x2 2477
1608589070621130606 : Checking image 1 crop y2 3505
1608589079877199750 : Checking image 2 crop x1 171
1608589079877329458 : Checking image 2 crop y1 266
1608589079877371960 : Checking image 2 crop x2 2248
1608589079877407263 : Checking image 2 crop y2 3382
1608589079921964428 : Checking image 1 dpi 300
1608589079922082435 : Checking image 1 border top 41
1608589079922120438 : Checking image 1 border bottom 41
1608589079922154840 : Checking image 1 border left 52
1608589079922188142 : Checking image 1 border right 52
1608589079924279667 : Checking image 2 dpi 300
1608589079924363272 : Checking image 2 border top 257
1608589079924397774 : Checking image 2 border bottom 114
1608589079924432176 : Checking image 2 border left 191
1608589079924464978 : Checking image 2 border right 191

</system-out><system-err>--------------------------------- Captured Err ---------------------------------

</system-err></testcase><testcase classname="tests.test_images" name="test_no_split_line_wave_algo_2_png" time="60.594"><system-out>--------------------------------- Captured Log ---------------------------------

--------------------------------- Captured Out ---------------------------------
/home/runner/work/ocr-book/ocr-book/tests/no_split_line_wave_algo_2.png
1608589083176911595 : Checking separation double page angle 90.47115835000895
1608589083177027102 : Checking separation double page y=0 2478
1608589092687151774 : Checking page rotation 1 1.1500000000000001
1608589101554750860 : Checking page rotation 2 0.2
1608589105127980111 : Checking image 1 crop x1 266
1608589105128122219 : Checking image 1 crop y1 209
1608589105128161822 : Checking image 1 crop x2 2342
1608589105128196924 : Checking image 1 crop y2 3413
1608589108112717540 : Checking image 2 crop x1 163
1608589108112844247 : Checking image 2 crop y1 241
1608589108112881749 : Checking image 2 crop x2 2246
1608589108112917051 : Checking image 2 crop y2 3433
1608589108157471611 : Checking image 1 dpi 300
1608589108157605519 : Checking image 1 border top 191
1608589108157645221 : Checking image 1 border bottom 92
1608589108157679223 : Checking image 1 border left 192
1608589108157714525 : Checking image 1 border right 192
1608589108159692539 : Checking image 2 dpi 300
1608589108159768843 : Checking image 2 border top 225
1608589108159803645 : Checking image 2 border bottom 70
1608589108159837147 : Checking image 2 border left 188
1608589108159885150 : Checking image 2 border right 188

</system-out><system-err>--------------------------------- Captured Err ---------------------------------

</system-err></testcase><testcase classname="tests.test_images" name="test_crop_too_few_2_png" time="57.345"><system-out>--------------------------------- Captured Log ---------------------------------

--------------------------------- Captured Out ---------------------------------
/home/runner/work/ocr-book/ocr-book/tests/crop_too_few_2.png
1608589113504549975 : Checking separation double page angle 90.30476192320097
1608589113504661881 : Checking separation double page y=0 2531
1608589122415634589 : Checking page rotation 1 1.2000000000000002
1608589130142739315 : Checking page rotation 2 -0.04999999999999689
1608589133665741642 : Checking image 1 crop x1 287
1608589133665859648 : Checking image 1 crop y1 165
1608589133665890350 : Checking image 1 crop x2 2398
1608589133665919452 : Checking image 1 crop y2 3368
1608589137327713496 : Checking image 2 crop x1 149
1608589137327970310 : Checking image 2 crop y1 189
1608589137328019413 : Checking image 2 crop x2 2273
1608589137328060215 : Checking image 2 crop y2 3386
1608589137366492542 : Checking image 1 dpi 300
1608589137366608648 : Checking image 1 border top 157
1608589137366643850 : Checking image 1 border bottom 127
1608589137366675552 : Checking image 1 border left 174
1608589137366706554 : Checking image 1 border right 174
1608589137368592258 : Checking image 2 dpi 300
1608589137368681163 : Checking image 2 border top 181
1608589137368715165 : Checking image 2 border bottom 109
1608589137368746367 : Checking image 2 border left 168
1608589137368777268 : Checking image 2 border right 168

</system-out><system-err>--------------------------------- Captured Err ---------------------------------

</system-err></testcase><testcase classname="tests.test_images" name="test_failed_detect_rectangle_png" time="73.983"><system-out>--------------------------------- Captured Log ---------------------------------

--------------------------------- Captured Out ---------------------------------
/home/runner/work/ocr-book/ocr-book/tests/failed_detect_rectangle.png
1608589152774379392 : Checking separation double page angle 90.19837516213148
1608589152774491598 : Checking separation double page y=0 2474
1608589162727641323 : Checking page rotation 1 0.2
1608589175303819252 : Checking page rotation 2 0.2
1608589178640298666 : Checking image 1 crop x1 257
1608589178640437873 : Checking image 1 crop y1 201
1608589178640477675 : Checking image 1 crop x2 2333
1608589178640512877 : Checking image 1 crop y2 3402
1608589182083650743 : Checking image 2 crop x1 136
1608589182083786150 : Checking image 2 crop y1 215
1608589182083825152 : Checking image 2 crop x2 2219
1608589182083887456 : Checking image 2 crop y2 3406
1608589182134273500 : Checking image 1 dpi 300
1608589182134407808 : Checking image 1 border top 188
1608589182134447310 : Checking image 1 border bottom 97
1608589182134482311 : Checking image 1 border left 192
1608589182134518213 : Checking image 1 border right 192
1608589182136671426 : Checking image 2 dpi 300
1608589182136764431 : Checking image 2 border top 200
1608589182136799633 : Checking image 2 border bottom 95
1608589182136832435 : Checking image 2 border left 188
1608589182136865537 : Checking image 2 border right 188

</system-out><system-err>--------------------------------- Captured Err ---------------------------------

</system-err></testcase><testcase classname="tests.test_images" name="test_single_page_png" time="27.084"><system-out>--------------------------------- Captured Log ---------------------------------

--------------------------------- Captured Out ---------------------------------
/home/runner/work/ocr-book/ocr-book/tests/single_page.png
1608589148863237561 : Checking separation double page angle 90.04999999999998
1608589148863337767 : Checking separation double page y=0 2476
1608589154470580025 : Checking page rotation 1 0.0
1608589155151785238 : Checking page rotation 2 0.0
1608589163456133810 : Checking image 1 crop x1 1
1608589163456221615 : Checking image 1 crop y1 8
1608589163456260117 : Checking image 1 crop x2 2470
1608589163456293219 : Checking image 1 crop y2 3505
1608589164070588561 : Checking image 2 crop x1 0
1608589164070667265 : Checking image 2 crop y1 0
1608589164070699967 : Checking image 2 crop x2 0
1608589164070731368 : Checking image 2 crop y2 0
1608589164070802372 : Checking image 1 dpi 300
1608589164070866575 : Checking image 1 border top 5
1608589164070900877 : Checking image 1 border bottom 5
1608589164070934079 : Checking image 1 border left 6
1608589164070966981 : Checking image 1 border right 6
1608589164076776892 : Checking image 2 border top 0
1608589164076843896 : Checking image 2 border bottom 0
1608589164076876897 : Checking image 2 border left 0
1608589164076909699 : Checking image 2 border right 0

</system-out><system-err>--------------------------------- Captured Err ---------------------------------

</system-err></testcase><testcase classname="tests.test_images" name="test_wrong_split_line_4_png" time="34.352"><system-out>--------------------------------- Captured Log ---------------------------------

--------------------------------- Captured Out ---------------------------------
/home/runner/work/ocr-book/ocr-book/tests/wrong_split_line_4.png
1608589185309850863 : Checking separation double page angle 91.04999999999998
1608589185309959569 : Checking separation double page y=0 60
1608589185582717239 : Checking page rotation 1 1.05
1608589193786707519 : Checking page rotation 2 1.1500000000000001
1608589194371244817 : Checking image 1 crop x1 0
1608589194371312720 : Checking image 1 crop y1 0
1608589194371346022 : Checking image 1 crop x2 0
1608589194371377224 : Checking image 1 crop y2 0
1608589198797636756 : Checking image 2 crop x1 292
1608589198797752962 : Checking image 2 crop y1 330
1608589198797789564 : Checking image 2 crop x2 2314
1608589198797822465 : Checking image 2 crop y2 3218
1608589198846558380 : Checking image 1 border top 0
1608589198846629983 : Checking image 1 border bottom 0
1608589198846667885 : Checking image 1 border left 0
1608589198846700587 : Checking image 1 border right 0
1608589198846774091 : Checking image 2 dpi 300
1608589198846847695 : Checking image 2 border top 322
1608589198846879296 : Checking image 2 border bottom 277
1608589198846909398 : Checking image 2 border left 219
1608589198846939599 : Checking image 2 border right 219

</system-out><system-err>--------------------------------- Captured Err ---------------------------------

</system-err></testcase><testcase classname="tests.test_images" name="test_no_split_line_wave_algo_3_png" time="19.966"><system-out>--------------------------------- Captured Log ---------------------------------

--------------------------------- Captured Out ---------------------------------
/home/runner/work/ocr-book/ocr-book/tests/no_split_line_wave_algo_3.png
1608589193574005786 : Checking separation double page angle 90.19999999999999
1608589193574121392 : Checking separation double page y=0 2408
1608589196584030848 : Checking page rotation 1 0.0
1608589197021189049 : Checking page rotation 2 0.15000000000000002
1608589201469594973 : Checking image 1 crop x1 184
1608589201469715379 : Checking image 1 crop y1 2957
1608589201469751681 : Checking image 1 crop x2 2201
1608589201469783083 : Checking image 1 crop y2 3202
1608589202092412301 : Checking image 2 crop x1 0
1608589202092486905 : Checking image 2 crop y1 0
1608589202092519906 : Checking image 2 crop x2 0
1608589202092551608 : Checking image 2 crop y2 0
1608589202092636812 : Checking image 1 dpi 300
1608589202092719317 : Checking image 1 border top 2950
1608589202092756019 : Checking image 1 border bottom 292
1608589202092789620 : Checking image 1 border left 221
1608589202092824322 : Checking image 1 border right 221
1608589202099969589 : Checking image 2 border top 0
1608589202100037893 : Checking image 2 border bottom 0
1608589202100071194 : Checking image 2 border left 0
1608589202100103696 : Checking image 2 border right 0

</system-out><system-err>--------------------------------- Captured Err ---------------------------------

</system-err></testcase><testcase classname="tests.test_images" name="test_failed_split_line_line_algo_3_png" time="27.427"><system-out>--------------------------------- Captured Log ---------------------------------

--------------------------------- Captured Out ---------------------------------
/home/runner/work/ocr-book/ocr-book/tests/failed_split_line_line_algo_3.png
1608589213545957243 : Checking separation double page angle 90.0
1608589213546075249 : Checking separation double page y=0 40
1608589213722307902 : Checking page rotation 1 0.0
1608589218748247931 : Checking page rotation 2 0.0
1608589219191770340 : Checking image 1 crop x1 0
1608589219191840744 : Checking image 1 crop y1 0
1608589219191895547 : Checking image 1 crop x2 0
1608589219191927148 : Checking image 1 crop y2 0
1608589226249299604 : Checking image 2 crop x1 246
1608589226249414509 : Checking image 2 crop y1 154
1608589226249451311 : Checking image 2 crop x2 2259
1608589226249486613 : Checking image 2 crop y2 3361
1608589226291995945 : Checking image 1 border top 0
1608589226292066948 : Checking image 1 border bottom 0
1608589226292104450 : Checking image 1 border left 0
1608589226292137752 : Checking image 1 border right 0
1608589226292198055 : Checking image 2 dpi 300
1608589226292275959 : Checking image 2 border top 146
1608589226292309861 : Checking image 2 border bottom 134
1608589226292342862 : Checking image 2 border left 223
1608589226292374964 : Checking image 2 border right 223

</system-out><system-err>--------------------------------- Captured Err ---------------------------------

</system-err></testcase></testsuite></testsuites>