<?xml version="1.0" encoding="utf-8"?><testsuites><testsuite name="pytest" errors="0" failures="0" skipped="0" tests="36" time="355.146" timestamp="2021-01-26T17:55:22.331848" hostname="fv-az137-697"><testcase classname="tests.test_features" name="test_mock_stop_at_0" time="0.047"><system-out>--------------------------------- Captured Log ---------------------------------

--------------------------------- Captured Out ---------------------------------
/home/runner/work/diptych/diptych/tests/0001_0.png

</system-out><system-err>--------------------------------- Captured Err ---------------------------------

</system-err></testcase><testcase classname="tests.test_features" name="test_disabled_enable_debug" time="20.578"><system-out>--------------------------------- Captured Log ---------------------------------

--------------------------------- Captured Out ---------------------------------
/home/runner/work/diptych/diptych/tests/0001_debug.png
separation double page angle 90.55756528497216
separation double page y=0 2484
page rotation 1 0.65
page rotation 2 0.2
image 1 crop x1 329
image 1 crop y1 335
image 1 crop x2 2344
image 1 crop y2 3222
image 2 crop x1 171
image 2 crop y1 648
image 2 crop x2 2188
image 2 crop y2 3361
image 1 dpi 300
image 1 border top 327
image 1 border bottom 273
image 1 border left 222
image 1 border right 222
image 2 dpi 300
image 2 border top 643
image 2 border bottom 131
image 2 border left 221
image 2 border right 221

</system-out><system-err>--------------------------------- Captured Err ---------------------------------

</system-err></testcase><testcase classname="tests.test_features" name="test_mock_stop_at_2" time="14.919"><system-out>--------------------------------- Captured Log ---------------------------------

--------------------------------- Captured Out ---------------------------------
/home/runner/work/diptych/diptych/tests/0001_2.png
separation double page angle 90.55756528497216
separation double page y=0 2484
page rotation 1 0.65
page rotation 2 0.2

</system-out><system-err>--------------------------------- Captured Err ---------------------------------

</system-err></testcase><testcase classname="tests.test_features" name="test_mock_stop_at_4" time="19.852"><system-out>--------------------------------- Captured Log ---------------------------------

--------------------------------- Captured Out ---------------------------------
/home/runner/work/diptych/diptych/tests/0001_4.png
separation double page angle 90.55756528497216
separation double page y=0 2484
page rotation 1 0.65
page rotation 2 0.2
image 1 crop x1 329
image 1 crop y1 335
image 1 crop x2 2344
image 1 crop y2 3222
image 2 crop x1 171
image 2 crop y1 648
image 2 crop x2 2188
image 2 crop y2 3361
image 1 dpi 300
image 1 border top 326
image 1 border bottom 274
image 1 border left 222
image 1 border right 222
image 2 dpi 300
image 2 border top 643
image 2 border bottom 131
image 2 border left 221
image 2 border right 221

</system-out><system-err>--------------------------------- Captured Err ---------------------------------

</system-err></testcase><testcase classname="tests.test_features" name="test_mock_stop_at_1" time="12.090"><system-out>--------------------------------- Captured Log ---------------------------------

--------------------------------- Captured Out ---------------------------------
/home/runner/work/diptych/diptych/tests/0001_1.png
separation double page angle 90.55756528497216
separation double page y=0 2484

</system-out><system-err>--------------------------------- Captured Err ---------------------------------

</system-err></testcase><testcase classname="tests.test_features" name="test_mock_stop_at_3" time="19.702"><system-out>--------------------------------- Captured Log ---------------------------------

--------------------------------- Captured Out ---------------------------------
/home/runner/work/diptych/diptych/tests/0001_3.png
separation double page angle 90.55756528497216
separation double page y=0 2484
page rotation 1 0.65
page rotation 2 0.2
image 1 crop x1 329
image 1 crop y1 335
image 1 crop x2 2344
image 1 crop y2 3222
image 2 crop x1 171
image 2 crop y1 648
image 2 crop x2 2188
image 2 crop y2 3361

</system-out><system-err>--------------------------------- Captured Err ---------------------------------

</system-err></testcase><testcase classname="tests.test_images" name="test_0001_png" time="18.210"><system-out>--------------------------------- Captured Log ---------------------------------

--------------------------------- Captured Out ---------------------------------
/home/runner/work/diptych/diptych/tests/0001.png
1611683770089928593 : Checking separation double page angle 90.55756528497216
1611683770090041903 : Checking separation double page y=0 2484
1611683771094430776 : Checking page rotation 1 0.65
1611683772314973437 : Checking page rotation 2 0.2
1611683774700872324 : Checking image 1 crop x1 329
1611683774700980433 : Checking image 1 crop y1 335
1611683774701031938 : Checking image 1 crop x2 2344
1611683774701062341 : Checking image 1 crop y2 3222
1611683776876218905 : Checking image 2 crop x1 171
1611683776876314714 : Checking image 2 crop y1 648
1611683776876343117 : Checking image 2 crop x2 2188
1611683776876367519 : Checking image 2 crop y2 3361
1611683776876504031 : Checking image 1 dpi 300
1611683776876556036 : Checking image 1 border top 326
1611683776876579238 : Checking image 1 border bottom 274
1611683776876602140 : Checking image 1 border left 222
1611683776876623742 : Checking image 1 border right 222
1611683776878727730 : Checking image 2 dpi 300
1611683776878806537 : Checking image 2 border top 643
1611683776878833239 : Checking image 2 border bottom 131
1611683776878858341 : Checking image 2 border left 221
1611683776878883543 : Checking image 2 border right 221

</system-out><system-err>--------------------------------- Captured Err ---------------------------------

</system-err></testcase><testcase classname="tests.test_features" name="test_mock_stop_at_5" time="20.177"><system-out>--------------------------------- Captured Log ---------------------------------

--------------------------------- Captured Out ---------------------------------
/home/runner/work/diptych/diptych/tests/0001_5.png
separation double page angle 90.55756528497216
separation double page y=0 2484
page rotation 1 0.65
page rotation 2 0.2
image 1 crop x1 329
image 1 crop y1 335
image 1 crop x2 2344
image 1 crop y2 3222
image 2 crop x1 171
image 2 crop y1 648
image 2 crop x2 2188
image 2 crop y2 3361
image 1 dpi 300
image 1 border top 326
image 1 border bottom 274
image 1 border left 222
image 1 border right 222
image 2 dpi 300
image 2 border top 643
image 2 border bottom 131
image 2 border left 221
image 2 border right 221

</system-out><system-err>--------------------------------- Captured Err ---------------------------------

</system-err></testcase><testcase classname="tests.test_images" name="test_black_border_not_removed_png" time="20.065"><system-out>--------------------------------- Captured Log ---------------------------------

--------------------------------- Captured Out ---------------------------------
/home/runner/work/diptych/diptych/tests/black-border-not-removed.png
1611683788040628726 : Checking separation double page angle 90.01516396500199
1611683788040732936 : Checking separation double page y=0 2455
1611683789083534217 : Checking page rotation 1 0.0
1611683790485030382 : Checking page rotation 2 0.1
1611683792885340907 : Checking image 1 crop x1 297
1611683792885452117 : Checking image 1 crop y1 143
1611683792885479519 : Checking image 1 crop x2 2309
1611683792885503921 : Checking image 1 crop y2 3346
1611683796946958941 : Checking image 2 crop x1 154
1611683796947084052 : Checking image 2 crop y1 144
1611683796947120356 : Checking image 2 crop x2 2168
1611683796947154959 : Checking image 2 crop y2 3351
1611683796947326074 : Checking image 1 dpi 300
1611683796947398880 : Checking image 1 border top 131
1611683796947431383 : Checking image 1 border bottom 153
1611683796947462786 : Checking image 1 border left 224
1611683796947493389 : Checking image 1 border right 224
1611683796949760891 : Checking image 2 dpi 300
1611683796949844099 : Checking image 2 border top 133
1611683796949876501 : Checking image 2 border bottom 147
1611683796949906904 : Checking image 2 border left 223
1611683796949937807 : Checking image 2 border right 223

</system-out><system-err>--------------------------------- Captured Err ---------------------------------

</system-err></testcase><testcase classname="tests.test_images" name="test_2_pages_2_contours_png" time="13.874"><system-out>--------------------------------- Captured Log ---------------------------------

--------------------------------- Captured Out ---------------------------------
/home/runner/work/diptych/diptych/tests/2-pages-2-contours.png
1611683806031510996 : Checking separation double page angle 90.14230271514262
1611683806031627907 : Checking separation double page y=0 2488
1611683806528597158 : Checking page rotation 1 0.0
1611683807461878171 : Checking page rotation 2 0.2
1611683808242779147 : Checking image 1 crop x1 1189
1611683808242871355 : Checking image 1 crop y1 1751
1611683808242902058 : Checking image 1 crop x2 1190
1611683808242929860 : Checking image 1 crop y2 1752
1611683810293803561 : Checking image 2 crop x1 100
1611683810293911371 : Checking image 2 crop y1 240
1611683810293945274 : Checking image 2 crop x2 2148
1611683810293977377 : Checking image 2 crop y2 3240
1611683810294148492 : Checking image 1 dpi 300
1611683810294200196 : Checking image 1 border top 1752
1611683810294228099 : Checking image 1 border bottom 1753
1611683810294253001 : Checking image 1 border left 1239
1611683810294277703 : Checking image 1 border right 1239
1611683810296029859 : Checking image 2 dpi 300
1611683810296099865 : Checking image 2 border top 230
1611683810296126368 : Checking image 2 border bottom 256
1611683810296151470 : Checking image 2 border left 206
1611683810296176372 : Checking image 2 border right 206

</system-out><system-err>--------------------------------- Captured Err ---------------------------------

</system-err></testcase><testcase classname="tests.test_images" name="test_image_failed_to_rotate_png" time="25.913"><system-out>--------------------------------- Captured Log ---------------------------------

--------------------------------- Captured Out ---------------------------------
/home/runner/work/diptych/diptych/tests/image_failed_to_rotate.png
1611683811423252502 : Checking separation double page angle 90.35651650869968
1611683811423355811 : Checking separation double page y=0 2483
1611683813261181943 : Checking page rotation 1 0.45
1611683814274974588 : Checking page rotation 2 0.2
1611683819534173786 : Checking image 1 crop x1 31
1611683819534307998 : Checking image 1 crop y1 1
1611683819534344901 : Checking image 1 crop x2 2481
1611683819534379804 : Checking image 1 crop y2 3504
1611683822755603607 : Checking image 2 crop x1 171
1611683822755720417 : Checking image 2 crop y1 231
1611683822755753920 : Checking image 2 crop x2 2259
1611683822755786023 : Checking image 2 crop y2 3358
1611683822755984441 : Checking image 1 dpi 300
1611683822756053447 : Checking image 1 border top 2
1611683822756085550 : Checking image 1 border bottom 2
1611683822756114852 : Checking image 1 border left 15
1611683822756143455 : Checking image 1 border right 15
1611683822758461062 : Checking image 2 dpi 300
1611683822758549170 : Checking image 2 border top 217
1611683822758581272 : Checking image 2 border bottom 143
1611683822758612375 : Checking image 2 border left 186
1611683822758643978 : Checking image 2 border right 186

</system-out><system-err>--------------------------------- Captured Err ---------------------------------

</system-err></testcase><testcase classname="tests.test_images" name="test_wrong_split_line_png" time="16.373"><system-out>--------------------------------- Captured Log ---------------------------------

--------------------------------- Captured Out ---------------------------------
/home/runner/work/diptych/diptych/tests/wrong_split_line.png
1611683821765306351 : Checking separation double page angle 89.95895720607972
1611683821765409460 : Checking separation double page y=0 2466
1611683822712124128 : Checking page rotation 1 -0.04999999999999689
1611683823565452663 : Checking page rotation 2 0.45
1611683824782015906 : Checking image 1 crop x1 211
1611683824782144518 : Checking image 1 crop y1 156
1611683824782180621 : Checking image 1 crop x2 2323
1611683824782216324 : Checking image 1 crop y2 3363
1611683826662815114 : Checking image 2 crop x1 123
1611683826662924424 : Checking image 2 crop y1 164
1611683826662960727 : Checking image 2 crop x2 2237
1611683826662995930 : Checking image 2 crop y2 3375
1611683826663164745 : Checking image 1 dpi 300
1611683826663230951 : Checking image 1 border top 135
1611683826663265054 : Checking image 1 border bottom 145
1611683826663296057 : Checking image 1 border left 174
1611683826663327160 : Checking image 1 border right 174
1611683826665807881 : Checking image 2 dpi 300
1611683826665893189 : Checking image 2 border top 141
1611683826665928592 : Checking image 2 border bottom 135
1611683826665962395 : Checking image 2 border left 173
1611683826665995198 : Checking image 2 border right 173

</system-out><system-err>--------------------------------- Captured Err ---------------------------------

</system-err></testcase><testcase classname="tests.test_images" name="test_image_failed_to_crop_data_png" time="37.527"><system-out>--------------------------------- Captured Log ---------------------------------

--------------------------------- Captured Out ---------------------------------
/home/runner/work/diptych/diptych/tests/image_failed_to_crop_data.png
1611683842399926676 : Checking separation double page angle 90.09350257645173
1611683842400053987 : Checking separation double page y=0 2479
1611683847247701476 : Checking page rotation 1 0.15000000000000002
1611683848332148285 : Checking page rotation 2 0.05
1611683857610431513 : Checking image 1 crop x1 46
1611683857610569225 : Checking image 1 crop y1 1
1611683857610608429 : Checking image 1 crop x2 2477
1611683857610645732 : Checking image 1 crop y2 3505
1611683860335396822 : Checking image 2 crop x1 164
1611683860335522433 : Checking image 2 crop y1 217
1611683860335558137 : Checking image 2 crop x2 2245
1611683860335592140 : Checking image 2 crop y2 3350
1611683860335791857 : Checking image 1 dpi 300
1611683860335872165 : Checking image 1 border top 2
1611683860335909268 : Checking image 1 border bottom 2
1611683860335942671 : Checking image 1 border left 25
1611683860335976274 : Checking image 1 border right 25
1611683860338290981 : Checking image 2 dpi 300
1611683860338374988 : Checking image 2 border top 206
1611683860338407291 : Checking image 2 border bottom 148
1611683860338438594 : Checking image 2 border left 189
1611683860338469596 : Checking image 2 border right 189

</system-out><system-err>--------------------------------- Captured Err ---------------------------------

</system-err></testcase><testcase classname="tests.test_images" name="test_crop_too_much_png" time="22.597"><system-out>--------------------------------- Captured Log ---------------------------------

--------------------------------- Captured Out ---------------------------------
/home/runner/work/diptych/diptych/tests/crop_too_much.png
1611683840158580827 : Checking separation double page angle 90.16929865985193
1611683840158671736 : Checking separation double page y=0 2456
1611683841471516566 : Checking page rotation 1 -0.04999999999999689
1611683842684059064 : Checking page rotation 2 0.2
1611683845428134674 : Checking image 1 crop x1 302
1611683845428253585 : Checking image 1 crop y1 148
1611683845428290088 : Checking image 1 crop x2 2314
1611683845428322991 : Checking image 1 crop y2 3351
1611683849226347193 : Checking image 2 crop x1 163
1611683849226466504 : Checking image 2 crop y1 151
1611683849226502607 : Checking image 2 crop x2 2187
1611683849226537010 : Checking image 2 crop y2 3363
1611683849226720126 : Checking image 1 dpi 300
1611683849226786432 : Checking image 1 border top 133
1611683849226818835 : Checking image 1 border bottom 151
1611683849226851338 : Checking image 1 border left 224
1611683849226881441 : Checking image 1 border right 224
1611683849229426668 : Checking image 2 dpi 300
1611683849229526877 : Checking image 2 border top 132
1611683849229559980 : Checking image 2 border bottom 143
1611683849229591083 : Checking image 2 border left 218
1611683849229626186 : Checking image 2 border right 218

</system-out><system-err>--------------------------------- Captured Err ---------------------------------

</system-err></testcase><testcase classname="tests.test_images" name="test_crop_too_few_png" time="16.788"><system-out>--------------------------------- Captured Log ---------------------------------

--------------------------------- Captured Out ---------------------------------
/home/runner/work/diptych/diptych/tests/crop_too_few.png
1611683861006915283 : Checking separation double page angle 89.49492328400886
1611683861007010391 : Checking separation double page y=0 2510
1611683861844127639 : Checking page rotation 1 -0.6499999999999977
1611683862985158323 : Checking page rotation 2 0.0
1611683864756744610 : Checking image 1 crop x1 263
1611683864756863921 : Checking image 1 crop y1 150
1611683864756897424 : Checking image 1 crop x2 2377
1611683864756925926 : Checking image 1 crop y2 3357
1611683866054487887 : Checking image 2 crop x1 139
1611683866054579095 : Checking image 2 crop y1 141
1611683866054606398 : Checking image 2 crop x2 2261
1611683866054632700 : Checking image 2 crop y2 3345
1611683866054796515 : Checking image 1 dpi 300
1611683866054857220 : Checking image 1 border top 129
1611683866054885923 : Checking image 1 border bottom 150
1611683866054913425 : Checking image 1 border left 173
1611683866054940428 : Checking image 1 border right 173
1611683866057354543 : Checking image 2 dpi 300
1611683866057439951 : Checking image 2 border top 130
1611683866057473354 : Checking image 2 border bottom 153
1611683866057504857 : Checking image 2 border left 169
1611683866057535459 : Checking image 2 border right 169

</system-out><system-err>--------------------------------- Captured Err ---------------------------------

</system-err></testcase><testcase classname="tests.test_images" name="test_wrong_angle_split_line_png" time="22.743"><system-out>--------------------------------- Captured Log ---------------------------------

--------------------------------- Captured Out ---------------------------------
/home/runner/work/diptych/diptych/tests/wrong_angle_split_line.png
1611683870745434091 : Checking separation double page angle 90.08791528895468
1611683870745537001 : Checking separation double page y=0 2478
1611683871918356239 : Checking page rotation 1 0.1
1611683872877337281 : Checking page rotation 2 0.1
1611683877805919299 : Checking image 1 crop x1 58
1611683877806058112 : Checking image 1 crop y1 6
1611683877806098915 : Checking image 1 crop x2 2476
1611683877806135618 : Checking image 1 crop y2 3501
1611683882387106007 : Checking image 2 crop x1 166
1611683882387234718 : Checking image 2 crop y1 218
1611683882387270821 : Checking image 2 crop x2 2244
1611683882387305524 : Checking image 2 crop y2 3349
1611683882387483040 : Checking image 1 dpi 300
1611683882387557947 : Checking image 1 border top 6
1611683882387592050 : Checking image 1 border bottom 6
1611683882387622853 : Checking image 1 border left 31
1611683882387653856 : Checking image 1 border right 31
1611683882395190431 : Checking image 2 dpi 300
1611683882395292040 : Checking image 2 border top 209
1611683882395324643 : Checking image 2 border bottom 147
1611683882395355946 : Checking image 2 border left 191
1611683882395386449 : Checking image 2 border right 191

</system-out><system-err>--------------------------------- Captured Err ---------------------------------

</system-err></testcase><testcase classname="tests.test_images" name="test_crop_too_much_2_png" time="22.712"><system-out>--------------------------------- Captured Log ---------------------------------

--------------------------------- Captured Out ---------------------------------
/home/runner/work/diptych/diptych/tests/crop_too_much_2.png
1611683879390479056 : Checking separation double page angle 90.15285326123045
1611683879390577765 : Checking separation double page y=0 2477
1611683881003169435 : Checking page rotation 1 0.15000000000000002
1611683882696758867 : Checking page rotation 2 0.2
1611683885313394642 : Checking image 1 crop x1 330
1611683885313516853 : Checking image 1 crop y1 132
1611683885313553056 : Checking image 1 crop x2 2342
1611683885313585959 : Checking image 1 crop y2 3335
1611683888731703390 : Checking image 2 crop x1 165
1611683888731807800 : Checking image 2 crop y1 139
1611683888731854504 : Checking image 2 crop x2 2178
1611683888731886007 : Checking image 2 crop y2 3345
1611683888732058822 : Checking image 1 dpi 300
1611683888732123728 : Checking image 1 border top 121
1611683888732165332 : Checking image 1 border bottom 163
1611683888732192034 : Checking image 1 border left 224
1611683888732217936 : Checking image 1 border right 224
1611683888734629752 : Checking image 2 dpi 300
1611683888734718960 : Checking image 2 border top 129
1611683888734751563 : Checking image 2 border bottom 152
1611683888734782366 : Checking image 2 border left 223
1611683888734812768 : Checking image 2 border right 223

</system-out><system-err>--------------------------------- Captured Err ---------------------------------

</system-err></testcase><testcase classname="tests.test_images" name="test_angle_page_lower_split_line_png" time="24.335"><system-out>--------------------------------- Captured Log ---------------------------------

--------------------------------- Captured Out ---------------------------------
/home/runner/work/diptych/diptych/tests/angle_page_lower_split_line.png
1611683900111761343 : Checking separation double page angle 89.74412725181848
1611683900111868253 : Checking separation double page y=0 2472
1611683901383373452 : Checking page rotation 1 -0.14999999999999067
1611683902600155658 : Checking page rotation 2 0.1
1611683904080653245 : Checking image 1 crop x1 241
1611683904080780456 : Checking image 1 crop y1 156
1611683904080817259 : Checking image 1 crop x2 2357
1611683904080872364 : Checking image 1 crop y2 3368
1611683907475235491 : Checking image 2 crop x1 151
1611683907475389605 : Checking image 2 crop y1 146
1611683907475423408 : Checking image 2 crop x2 2261
1611683907475455111 : Checking image 2 crop y2 3351
1611683907475628726 : Checking image 1 dpi 300
1611683907475719634 : Checking image 1 border top 140
1611683907475752337 : Checking image 1 border bottom 135
1611683907475782940 : Checking image 1 border left 172
1611683907475813443 : Checking image 1 border right 172
1611683907478140351 : Checking image 2 dpi 300
1611683907478225658 : Checking image 2 border top 131
1611683907478258361 : Checking image 2 border bottom 151
1611683907478288864 : Checking image 2 border left 175
1611683907478319467 : Checking image 2 border right 175

</system-out><system-err>--------------------------------- Captured Err ---------------------------------

</system-err></testcase><testcase classname="tests.test_images" name="test_wrong_split_line_2_png" time="29.266"><system-out>--------------------------------- Captured Log ---------------------------------

--------------------------------- Captured Out ---------------------------------
/home/runner/work/diptych/diptych/tests/wrong_split_line_2.png
1611683904701593070 : Checking separation double page angle 90.23635161124103
1611683904701713680 : Checking separation double page y=0 2437
1611683906287293564 : Checking page rotation 1 0.2
1611683907636291090 : Checking page rotation 2 0.2
1611683912179533828 : Checking image 1 crop x1 294
1611683912179645138 : Checking image 1 crop y1 136
1611683912179679441 : Checking image 1 crop x2 2325
1611683912179715944 : Checking image 1 crop y2 3376
1611683918012456289 : Checking image 2 crop x1 138
1611683918012572700 : Checking image 2 crop y1 190
1611683918012611603 : Checking image 2 crop x2 2174
1611683918012648507 : Checking image 2 crop y2 3389
1611683918012851925 : Checking image 1 dpi 300
1611683918012927632 : Checking image 1 border top 131
1611683918012963135 : Checking image 1 border bottom 116
1611683918012998138 : Checking image 1 border left 214
1611683918013031241 : Checking image 1 border right 214
1611683918015519263 : Checking image 2 dpi 300
1611683918015593770 : Checking image 2 border top 181
1611683918015626673 : Checking image 2 border bottom 107
1611683918015657376 : Checking image 2 border left 212
1611683918015688079 : Checking image 2 border right 212

</system-out><system-err>--------------------------------- Captured Err ---------------------------------

</system-err></testcase><testcase classname="tests.test_images" name="test_wrong_wave_split_line_png" time="28.363"><system-out>--------------------------------- Captured Log ---------------------------------

--------------------------------- Captured Out ---------------------------------
/home/runner/work/diptych/diptych/tests/wrong_wave_split_line.png
1611683923764763681 : Checking separation double page angle 90.42461655762611
1611683923764891092 : Checking separation double page y=0 2502
1611683924866495097 : Checking page rotation 1 -0.09999999999999377
1611683926048883119 : Checking page rotation 2 0.85
1611683930424121356 : Checking image 1 crop x1 384
1611683930424237966 : Checking image 1 crop y1 178
1611683930424269569 : Checking image 1 crop x2 2412
1611683930424297872 : Checking image 1 crop y2 3374
1611683935821927676 : Checking image 2 crop x1 7
1611683935822065588 : Checking image 2 crop y1 0
1611683935822106292 : Checking image 2 crop x2 2411
1611683935822145495 : Checking image 2 crop y2 3505
1611683935822314710 : Checking image 1 dpi 300
1611683935822388617 : Checking image 1 border top 173
1611683935822421920 : Checking image 1 border bottom 118
1611683935822453323 : Checking image 1 border left 216
1611683935822484026 : Checking image 1 border right 216
1611683935826709404 : Checking image 2 dpi 300
1611683935828103829 : Checking image 2 border top 1
1611683935828140332 : Checking image 2 border bottom 1
1611683935828173335 : Checking image 2 border left 38
1611683935828206538 : Checking image 2 border right 38

</system-out><system-err>--------------------------------- Captured Err ---------------------------------

</system-err></testcase><testcase classname="tests.test_images" name="test_small_wave_png" time="19.782"><system-out>--------------------------------- Captured Log ---------------------------------

--------------------------------- Captured Out ---------------------------------
/home/runner/work/diptych/diptych/tests/small_wave.png
1611683931517023684 : Checking separation double page angle 90.56494929955075
1611683931517127893 : Checking separation double page y=0 2495
1611683932989417915 : Checking page rotation 1 0.7
1611683934401503772 : Checking page rotation 2 0.65
1611683935809567669 : Checking image 1 crop x1 322
1611683935809674378 : Checking image 1 crop y1 199
1611683935809703581 : Checking image 1 crop x2 2351
1611683935809730283 : Checking image 1 crop y2 3394
1611683937804204495 : Checking image 2 crop x1 130
1611683937804319006 : Checking image 2 crop y1 222
1611683937804355209 : Checking image 2 crop x2 2163
1611683937804391712 : Checking image 2 crop y2 3420
1611683937804573629 : Checking image 1 dpi 300
1611683937804640735 : Checking image 1 border top 181
1611683937804674438 : Checking image 1 border bottom 111
1611683937804725442 : Checking image 1 border left 215
1611683937804758345 : Checking image 1 border right 215
1611683937807253168 : Checking image 2 dpi 300
1611683937807334076 : Checking image 2 border top 197
1611683937807366379 : Checking image 2 border bottom 92
1611683937807397081 : Checking image 2 border left 213
1611683937807427784 : Checking image 2 border right 213

</system-out><system-err>--------------------------------- Captured Err ---------------------------------

</system-err></testcase><testcase classname="tests.test_images" name="test_no_split_line_line_algo_png" time="20.224"><system-out>--------------------------------- Captured Log ---------------------------------

--------------------------------- Captured Out ---------------------------------
/home/runner/work/diptych/diptych/tests/no_split_line_line_algo.png
1611683948193665472 : Checking separation double page angle 89.47691469185418
1611683948193763381 : Checking separation double page y=0 2476
1611683949058154802 : Checking page rotation 1 -0.14999999999999067
1611683950396792891 : Checking page rotation 2 -0.14999999999999067
1611683952096230412 : Checking image 1 crop x1 205
1611683952096362323 : Checking image 1 crop y1 158
1611683952096398227 : Checking image 1 crop x2 2320
1611683952096432430 : Checking image 1 crop y2 3366
1611683956074223021 : Checking image 2 crop x1 185
1611683956074334231 : Checking image 2 crop y1 225
1611683956074364634 : Checking image 2 crop x2 2204
1611683956074392536 : Checking image 2 crop y2 3362
1611683956074552550 : Checking image 1 dpi 300
1611683956074614656 : Checking image 1 border top 144
1611683956074641958 : Checking image 1 border bottom 134
1611683956074666661 : Checking image 1 border left 172
1611683956074691463 : Checking image 1 border right 172
1611683956077007070 : Checking image 2 dpi 300
1611683956077091877 : Checking image 2 border top 223
1611683956077122080 : Checking image 2 border bottom 127
1611683956077149883 : Checking image 2 border left 220
1611683956077178385 : Checking image 2 border right 220

</system-out><system-err>--------------------------------- Captured Err ---------------------------------

</system-err></testcase><testcase classname="tests.test_images" name="test_wrong_split_line_3_png" time="22.789"><system-out>--------------------------------- Captured Log ---------------------------------

--------------------------------- Captured Out ---------------------------------
/home/runner/work/diptych/diptych/tests/wrong_split_line_3.png
1611683950800836386 : Checking separation double page angle 90.40515247895009
1611683950800937995 : Checking separation double page y=0 2495
1611683952135415712 : Checking page rotation 1 0.2
1611683953203256209 : Checking page rotation 2 0.85
1611683955050817862 : Checking image 1 crop x1 331
1611683955050925772 : Checking image 1 crop y1 166
1611683955050957975 : Checking image 1 crop x2 2377
1611683955050989678 : Checking image 1 crop y2 3375
1611683960616255142 : Checking image 2 crop x1 103
1611683960616356451 : Checking image 2 crop y1 207
1611683960616389754 : Checking image 2 crop x2 2136
1611683960616421657 : Checking image 2 crop y2 3414
1611683960616618874 : Checking image 1 dpi 300
1611683960616686980 : Checking image 1 border top 158
1611683960616721783 : Checking image 1 border bottom 120
1611683960616753986 : Checking image 1 border left 207
1611683960616784789 : Checking image 1 border right 207
1611683960619294513 : Checking image 2 dpi 300
1611683960619376521 : Checking image 2 border top 199
1611683960619408924 : Checking image 2 border bottom 81
1611683960619439726 : Checking image 2 border left 213
1611683960619469729 : Checking image 2 border right 213

</system-out><system-err>--------------------------------- Captured Err ---------------------------------

</system-err></testcase><testcase classname="tests.test_images" name="test_failed_split_line_line_algo_png" time="15.223"><system-out>--------------------------------- Captured Log ---------------------------------

--------------------------------- Captured Out ---------------------------------
/home/runner/work/diptych/diptych/tests/failed_split_line_line_algo.png
1611683966330786788 : Checking separation double page angle 90.0093502548779
1611683966330914799 : Checking separation double page y=0 2574
1611683966990048082 : Checking page rotation 1 0.0
1611683967534994964 : Checking page rotation 2 0.0
1611683969722691600 : Checking image 1 crop x1 411
1611683969722812811 : Checking image 1 crop y1 2927
1611683969722849014 : Checking image 1 crop x2 2422
1611683969722881417 : Checking image 1 crop y2 3172
1611683971327319248 : Checking image 2 crop x1 1191
1611683971327422557 : Checking image 2 crop y1 1745
1611683971327473461 : Checking image 2 crop x2 1192
1611683971327507964 : Checking image 2 crop y2 1746
1611683971327657678 : Checking image 1 dpi 300
1611683971327755287 : Checking image 1 border top 2920
1611683971327789890 : Checking image 1 border bottom 322
1611683971327823093 : Checking image 1 border left 224
1611683971327856596 : Checking image 1 border right 224
1611683971329751865 : Checking image 2 dpi 300
1611683971329832172 : Checking image 2 border top 1752
1611683971329868675 : Checking image 2 border bottom 1753
1611683971329901378 : Checking image 2 border left 1239
1611683971329934381 : Checking image 2 border right 1239

</system-out><system-err>--------------------------------- Captured Err ---------------------------------

</system-err></testcase><testcase classname="tests.test_images" name="test_crop_too_much_3_png" time="18.979"><system-out>--------------------------------- Captured Log ---------------------------------

--------------------------------- Captured Out ---------------------------------
/home/runner/work/diptych/diptych/tests/crop_too_much_3.png
1611683972185875171 : Checking separation double page angle 89.5934556679346
1611683972185983581 : Checking separation double page y=0 2499
1611683973334165112 : Checking page rotation 1 -0.8999999999999949
1611683974990444659 : Checking page rotation 2 -0.04999999999999689
1611683977537564134 : Checking image 1 crop x1 374
1611683977537682644 : Checking image 1 crop y1 258
1611683977537719148 : Checking image 1 crop x2 2385
1611683977537751851 : Checking image 1 crop y2 3459
1611683979595294865 : Checking image 2 crop x1 164
1611683979595406875 : Checking image 2 crop y1 229
1611683979595443378 : Checking image 2 crop x2 2183
1611683979595479381 : Checking image 2 crop y2 3416
1611683979595651997 : Checking image 1 dpi 300
1611683979595718903 : Checking image 1 border top 239
1611683979595751905 : Checking image 1 border bottom 46
1611683979595784408 : Checking image 1 border left 224
1611683979595815611 : Checking image 1 border right 224
1611683979598156220 : Checking image 2 dpi 300
1611683979598231427 : Checking image 2 border top 210
1611683979598260430 : Checking image 2 border bottom 90
1611683979598290332 : Checking image 2 border left 220
1611683979598318335 : Checking image 2 border right 220

</system-out><system-err>--------------------------------- Captured Err ---------------------------------

</system-err></testcase><testcase classname="tests.test_images" name="test_failed_split_line_line_algo_2_png" time="20.784"><system-out>--------------------------------- Captured Log ---------------------------------

--------------------------------- Captured Out ---------------------------------
/home/runner/work/diptych/diptych/tests/failed_split_line_line_algo_2.png
1611683985299302246 : Checking separation double page angle 90.03732329462368
1611683985299404556 : Checking separation double page y=0 2499
1611683986437059430 : Checking page rotation 1 -0.09999999999999377
1611683987536016747 : Checking page rotation 2 0.5499999999999999
1611683989925786832 : Checking image 1 crop x1 273
1611683989925911244 : Checking image 1 crop y1 147
1611683989925944747 : Checking image 1 crop x2 2386
1611683989925976449 : Checking image 1 crop y2 3352
1611683992075074629 : Checking image 2 crop x1 122
1611683992075198740 : Checking image 2 crop y1 155
1611683992075234843 : Checking image 2 crop x2 2246
1611683992075279347 : Checking image 2 crop y2 3350
1611683992075446462 : Checking image 1 dpi 300
1611683992075517668 : Checking image 1 border top 137
1611683992075548271 : Checking image 1 border bottom 145
1611683992075576574 : Checking image 1 border left 173
1611683992075604976 : Checking image 1 border right 173
1611683992077927384 : Checking image 2 dpi 300
1611683992078010291 : Checking image 2 border top 133
1611683992078041894 : Checking image 2 border bottom 159
1611683992078081097 : Checking image 2 border left 168
1611683992078108500 : Checking image 2 border right 168

</system-out><system-err>--------------------------------- Captured Err ---------------------------------

</system-err></testcase><testcase classname="tests.test_images" name="test_wrong_wave_split_line_2_png" time="22.680"><system-out>--------------------------------- Captured Log ---------------------------------

--------------------------------- Captured Out ---------------------------------
/home/runner/work/diptych/diptych/tests/wrong_wave_split_line_2.png
1611683995102485268 : Checking separation double page angle 90.7708958311329
1611683995102593877 : Checking separation double page y=0 2490
1611683996235528090 : Checking page rotation 1 0.2
1611683997358297203 : Checking page rotation 2 1.65
1611683998760293063 : Checking image 1 crop x1 227
1611683998760406873 : Checking image 1 crop y1 147
1611683998760442876 : Checking image 1 crop x2 2342
1611683998760478879 : Checking image 1 crop y2 3353
1611684002262181036 : Checking image 2 crop x1 106
1611684002262290446 : Checking image 2 crop y1 195
1611684002262324049 : Checking image 2 crop x2 2231
1611684002262356352 : Checking image 2 crop y2 3398
1611684002262529567 : Checking image 1 dpi 300
1611684002262587772 : Checking image 1 border top 136
1611684002262615175 : Checking image 1 border bottom 145
1611684002262641377 : Checking image 1 border left 172
1611684002262686081 : Checking image 1 border right 172
1611684002265184304 : Checking image 2 dpi 300
1611684002265267012 : Checking image 2 border top 166
1611684002265297414 : Checking image 2 border bottom 117
1611684002265325617 : Checking image 2 border left 167
1611684002265371421 : Checking image 2 border right 167

</system-out><system-err>--------------------------------- Captured Err ---------------------------------

</system-err></testcase><testcase classname="tests.test_images" name="test_wrong_wave_split_line_3_png" time="21.658"><system-out>--------------------------------- Captured Log ---------------------------------

--------------------------------- Captured Out ---------------------------------
/home/runner/work/diptych/diptych/tests/wrong_wave_split_line_3.png
1611684008130538192 : Checking separation double page angle 90.12715931778824
1611684008130646601 : Checking separation double page y=0 2514
1611684009318067151 : Checking page rotation 1 0.05
1611684010336179279 : Checking page rotation 2 0.2
1611684012118610179 : Checking image 1 crop x1 273
1611684012118731290 : Checking image 1 crop y1 220
1611684012118783694 : Checking image 1 crop x2 2383
1611684012118817997 : Checking image 1 crop y2 3423
1611684013753183706 : Checking image 2 crop x1 116
1611684013753332219 : Checking image 2 crop y1 225
1611684013753370523 : Checking image 2 crop x2 2242
1611684013753408626 : Checking image 2 crop y2 3415
1611684013753596143 : Checking image 1 dpi 300
1611684013753677750 : Checking image 1 border top 202
1611684013753712753 : Checking image 1 border bottom 82
1611684013753746056 : Checking image 1 border left 175
1611684013753779059 : Checking image 1 border right 175
1611684013756318986 : Checking image 2 dpi 300
1611684013756406094 : Checking image 2 border top 204
1611684013756438797 : Checking image 2 border bottom 93
1611684013756469099 : Checking image 2 border left 167
1611684013756499802 : Checking image 2 border right 167

</system-out><system-err>--------------------------------- Captured Err ---------------------------------

</system-err></testcase><testcase classname="tests.test_images" name="test_no_split_line_wave_algo_png" time="32.817"><system-out>--------------------------------- Captured Log ---------------------------------

--------------------------------- Captured Out ---------------------------------
/home/runner/work/diptych/diptych/tests/no_split_line_wave_algo.png
1611684015872423531 : Checking separation double page angle 89.79018091440821
1611684015872538341 : Checking separation double page y=0 2483
1611684019022409540 : Checking page rotation 1 0.0
1611684020193303441 : Checking page rotation 2 -0.44999999999999746
1611684029407834775 : Checking image 1 crop x1 97
1611684029407951186 : Checking image 1 crop y1 74
1611684029407985489 : Checking image 1 crop x2 2489
1611684029408018592 : Checking image 1 crop y2 3505
1611684035054171836 : Checking image 2 crop x1 164
1611684035054272445 : Checking image 2 crop y1 267
1611684035054305648 : Checking image 2 crop x2 2239
1611684035054334351 : Checking image 2 crop y2 3380
1611684035054496465 : Checking image 1 dpi 300
1611684035054559371 : Checking image 1 border top 38
1611684035054588573 : Checking image 1 border bottom 38
1611684035054615576 : Checking image 1 border left 44
1611684035054642278 : Checking image 1 border right 44
1611684035057141701 : Checking image 2 dpi 300
1611684035057238610 : Checking image 2 border top 257
1611684035057286914 : Checking image 2 border bottom 117
1611684035057317517 : Checking image 2 border left 192
1611684035057347920 : Checking image 2 border right 192

</system-out><system-err>--------------------------------- Captured Err ---------------------------------

</system-err></testcase><testcase classname="tests.test_images" name="test_no_split_line_wave_algo_2_png" time="18.629"><system-out>--------------------------------- Captured Log ---------------------------------

--------------------------------- Captured Out ---------------------------------
/home/runner/work/diptych/diptych/tests/no_split_line_wave_algo_2.png
1611684026735754785 : Checking separation double page angle 90.43362571535843
1611684026735861194 : Checking separation double page y=0 2473
1611684027729970299 : Checking page rotation 1 1.05
1611684028861191246 : Checking page rotation 2 0.15000000000000002
1611684030781148147 : Checking image 1 crop x1 267
1611684030781294660 : Checking image 1 crop y1 210
1611684030781331063 : Checking image 1 crop x2 2343
1611684030781366366 : Checking image 1 crop y2 3412
1611684032392920819 : Checking image 2 crop x1 165
1611684032393036429 : Checking image 2 crop y1 241
1611684032393066532 : Checking image 2 crop x2 2250
1611684032393094535 : Checking image 2 crop y2 3433
1611684032393255049 : Checking image 1 dpi 300
1611684032393325255 : Checking image 1 border top 192
1611684032393354158 : Checking image 1 border bottom 93
1611684032393380460 : Checking image 1 border left 192
1611684032393405962 : Checking image 1 border right 192
1611684032395722569 : Checking image 2 dpi 300
1611684032395801676 : Checking image 2 border top 224
1611684032395828479 : Checking image 2 border bottom 71
1611684032395870483 : Checking image 2 border left 187
1611684032395899285 : Checking image 2 border right 187

</system-out><system-err>--------------------------------- Captured Err ---------------------------------

</system-err></testcase><testcase classname="tests.test_images" name="test_failed_detect_rectangle_png" time="18.134"><system-out>--------------------------------- Captured Log ---------------------------------

--------------------------------- Captured Out ---------------------------------
/home/runner/work/diptych/diptych/tests/failed_detect_rectangle.png
1611684045521023421 : Checking separation double page angle 90.242273842964
1611684045521134231 : Checking separation double page y=0 2475
1611684046672430702 : Checking page rotation 1 0.2
1611684048159649959 : Checking page rotation 2 0.2
1611684049304774079 : Checking image 1 crop x1 257
1611684049304931293 : Checking image 1 crop y1 201
1611684049304967796 : Checking image 1 crop x2 2333
1611684049305000199 : Checking image 1 crop y2 3402
1611684050518417115 : Checking image 2 crop x1 137
1611684050518548027 : Checking image 2 crop y1 215
1611684050518587930 : Checking image 2 crop x2 2220
1611684050518624534 : Checking image 2 crop y2 3406
1611684050518802649 : Checking image 1 dpi 300
1611684050518885057 : Checking image 1 border top 188
1611684050518919960 : Checking image 1 border bottom 98
1611684050518953363 : Checking image 1 border left 192
1611684050518986166 : Checking image 1 border right 192
1611684050521259869 : Checking image 2 dpi 300
1611684050521349377 : Checking image 2 border top 201
1611684050521378379 : Checking image 2 border bottom 95
1611684050521405282 : Checking image 2 border left 188
1611684050521432484 : Checking image 2 border right 188

</system-out><system-err>--------------------------------- Captured Err ---------------------------------

</system-err></testcase><testcase classname="tests.test_images" name="test_crop_too_few_2_png" time="18.944"><system-out>--------------------------------- Captured Log ---------------------------------

--------------------------------- Captured Out ---------------------------------
/home/runner/work/diptych/diptych/tests/crop_too_few_2.png
1611684047018087457 : Checking separation double page angle 90.35461351371423
1611684047018187466 : Checking separation double page y=0 2533
1611684048086147598 : Checking page rotation 1 1.0999999999999999
1611684049200891606 : Checking page rotation 2 0.0
1611684051648282273 : Checking image 1 crop x1 289
1611684051648386382 : Checking image 1 crop y1 165
1611684051648416285 : Checking image 1 crop x2 2400
1611684051648445787 : Checking image 1 crop y2 3367
1611684054068740845 : Checking image 2 crop x1 152
1611684054068874657 : Checking image 2 crop y1 190
1611684054068915061 : Checking image 2 crop x2 2273
1611684054068952264 : Checking image 2 crop y2 3385
1611684054069143681 : Checking image 1 dpi 300
1611684054069213287 : Checking image 1 border top 157
1611684054069249291 : Checking image 1 border bottom 128
1611684054069282693 : Checking image 1 border left 174
1611684054069317097 : Checking image 1 border right 174
1611684054071456188 : Checking image 2 dpi 300
1611684054071550696 : Checking image 2 border top 175
1611684054071583599 : Checking image 2 border bottom 116
1611684054071614802 : Checking image 2 border left 169
1611684054071645505 : Checking image 2 border right 169

</system-out><system-err>--------------------------------- Captured Err ---------------------------------

</system-err></testcase><testcase classname="tests.test_images" name="test_single_page_png" time="5.867"><system-out>--------------------------------- Captured Log ---------------------------------

--------------------------------- Captured Out ---------------------------------
/home/runner/work/diptych/diptych/tests/single_page.png
1611684053763641996 : Checking separation double page angle 89.93006318861008
1611684053763771407 : Checking separation double page y=0 2472
1611684054542278738 : Checking page rotation 1 0.0
1611684054631254485 : Checking page rotation 2 0.0
1611684055944048534 : Checking image 1 crop x1 1
1611684055944139142 : Checking image 1 crop y1 8
1611684055944178846 : Checking image 1 crop x2 2470
1611684055944211249 : Checking image 1 crop y2 3505
1611684056065260260 : Checking image 2 crop x1 0
1611684056065341267 : Checking image 2 crop y1 0
1611684056065371970 : Checking image 2 crop x2 0
1611684056065400573 : Checking image 2 crop y2 0
1611684056065464378 : Checking image 1 dpi 300
1611684056065528584 : Checking image 1 border top 5
1611684056065561087 : Checking image 1 border bottom 5
1611684056065592090 : Checking image 1 border left 6
1611684056065622793 : Checking image 1 border right 6
1611684056071493817 : Checking image 2 border top 0
1611684056071559623 : Checking image 2 border bottom 0
1611684056071589625 : Checking image 2 border left 0
1611684056071619228 : Checking image 2 border right 0

</system-out><system-err>--------------------------------- Captured Err ---------------------------------

</system-err></testcase><testcase classname="tests.test_images" name="test_no_split_line_wave_algo_3_png" time="9.919"><system-out>--------------------------------- Captured Log ---------------------------------

--------------------------------- Captured Out ---------------------------------
/home/runner/work/diptych/diptych/tests/no_split_line_wave_algo_3.png
1611684061060479119 : Checking separation double page angle 90.18184445198425
1611684061060603330 : Checking separation double page y=0 2405
1611684061857980434 : Checking page rotation 1 0.0
1611684061999231830 : Checking page rotation 2 0.0
1611684063583063164 : Checking image 1 crop x1 184
1611684063583159573 : Checking image 1 crop y1 2957
1611684063583195676 : Checking image 1 crop x2 2201
1611684063583226079 : Checking image 1 crop y2 3202
1611684063958539746 : Checking image 2 crop x1 0
1611684063958619853 : Checking image 2 crop y1 0
1611684063958649756 : Checking image 2 crop x2 0
1611684063958677759 : Checking image 2 crop y2 0
1611684063958754765 : Checking image 1 dpi 300
1611684063958820271 : Checking image 1 border top 2950
1611684063958852274 : Checking image 1 border bottom 292
1611684063958884677 : Checking image 1 border left 221
1611684063958915080 : Checking image 1 border right 221
1611684063965829396 : Checking image 2 border top 0
1611684063965889902 : Checking image 2 border bottom 0
1611684063965917304 : Checking image 2 border left 0
1611684063965945107 : Checking image 2 border right 0

</system-out><system-err>--------------------------------- Captured Err ---------------------------------

</system-err></testcase><testcase classname="tests.test_images" name="test_wrong_split_line_4_png" time="11.206"><system-out>--------------------------------- Captured Log ---------------------------------

--------------------------------- Captured Out ---------------------------------
/home/runner/work/diptych/diptych/tests/wrong_split_line_4.png
1611684063876791857 : Checking separation double page angle 90.92587744884125
1611684063876940270 : Checking separation double page y=0 58
1611684063969681040 : Checking page rotation 1 0.5499999999999999
1611684065086332714 : Checking page rotation 2 1.0999999999999999
1611684065783628494 : Checking image 1 crop x1 0
1611684065783705701 : Checking image 1 crop y1 0
1611684065783736004 : Checking image 1 crop x2 0
1611684065783764706 : Checking image 1 crop y2 0
1611684067647077762 : Checking image 2 crop x1 290
1611684067647203774 : Checking image 2 crop y1 330
1611684067647239877 : Checking image 2 crop x2 2314
1611684067647272680 : Checking image 2 crop y2 3217
1611684067647440995 : Checking image 1 border top 0
1611684067647478698 : Checking image 1 border bottom 0
1611684067647508201 : Checking image 1 border left 0
1611684067647537803 : Checking image 1 border right 0
1611684067647589208 : Checking image 2 dpi 300
1611684067647651013 : Checking image 2 border top 322
1611684067647684116 : Checking image 2 border bottom 278
1611684067647714619 : Checking image 2 border left 218
1611684067647744622 : Checking image 2 border right 218

</system-out><system-err>--------------------------------- Captured Err ---------------------------------

</system-err></testcase><testcase classname="tests.test_images" name="test_failed_split_line_line_algo_3_png" time="11.409"><system-out>--------------------------------- Captured Log ---------------------------------

--------------------------------- Captured Out ---------------------------------
/home/runner/work/diptych/diptych/tests/failed_split_line_line_algo_3.png
1611684071160802726 : Checking separation double page angle 90.02403976140027
1611684071160936038 : Checking separation double page y=0 39
1611684071224848034 : Checking page rotation 1 0.0
1611684071856406521 : Checking page rotation 2 0.0
1611684072105880755 : Checking image 1 crop x1 0
1611684072105951961 : Checking image 1 crop y1 0
1611684072105979364 : Checking image 1 crop x2 0
1611684072106005266 : Checking image 1 crop y2 0
1611684075449271430 : Checking image 2 crop x1 249
1611684075449366139 : Checking image 2 crop y1 154
1611684075449399242 : Checking image 2 crop x2 2264
1611684075449431445 : Checking image 2 crop y2 3361
1611684075449596959 : Checking image 1 border top 0
1611684075449634563 : Checking image 1 border bottom 0
1611684075449664065 : Checking image 1 border left 0
1611684075449694968 : Checking image 1 border right 0
1611684075449748073 : Checking image 2 dpi 300
1611684075449822179 : Checking image 2 border top 146
1611684075449853782 : Checking image 2 border bottom 134
1611684075449883685 : Checking image 2 border left 222
1611684075449912387 : Checking image 2 border right 222

</system-out><system-err>--------------------------------- Captured Err ---------------------------------

</system-err></testcase></testsuite></testsuites>