<?xml version="1.0" encoding="utf-8"?><testsuites><testsuite errors="0" failures="0" hostname="fv-az136-982" name="pytest" skipped="0" tests="36" time="542.003" timestamp="2021-01-02T16:08:28.996765"><testcase classname="tests.test_features" name="test_disabled_enable_debug" time="32.149"><system-out>--------------------------------- Captured Log ---------------------------------

--------------------------------- Captured Out ---------------------------------
/home/runner/work/ocr-book/ocr-book/tests/0001_debug.png
separation double page angle 90.5528088189967
separation double page y=0 2485
page rotation 1 0.5499999999999999
page rotation 2 0.2
image 1 crop x1 327
image 1 crop y1 334
image 1 crop x2 2346
image 1 crop y2 3221
image 2 crop x1 169
image 2 crop y1 648
image 2 crop x2 2186
image 2 crop y2 3361
image 1 dpi 300
image 1 border top 332
image 1 border bottom 268
image 1 border left 220
image 1 border right 220
image 2 dpi 300
image 2 border top 643
image 2 border bottom 131
image 2 border left 221
image 2 border right 221

</system-out><system-err>--------------------------------- Captured Err ---------------------------------

</system-err></testcase><testcase classname="tests.test_features" name="test_mock_stop_at_0" time="0.052"><system-out>--------------------------------- Captured Log ---------------------------------

--------------------------------- Captured Out ---------------------------------
/home/runner/work/ocr-book/ocr-book/tests/0001_0.png

</system-out><system-err>--------------------------------- Captured Err ---------------------------------

</system-err></testcase><testcase classname="tests.test_features" name="test_mock_stop_at_2" time="28.858"><system-out>--------------------------------- Captured Log ---------------------------------

--------------------------------- Captured Out ---------------------------------
/home/runner/work/ocr-book/ocr-book/tests/0001_2.png
separation double page angle 90.5528088189967
separation double page y=0 2485
page rotation 1 0.5499999999999999
page rotation 2 0.2

</system-out><system-err>--------------------------------- Captured Err ---------------------------------

</system-err></testcase><testcase classname="tests.test_features" name="test_mock_stop_at_4" time="31.739"><system-out>--------------------------------- Captured Log ---------------------------------

--------------------------------- Captured Out ---------------------------------
/home/runner/work/ocr-book/ocr-book/tests/0001_4.png
separation double page angle 90.5528088189967
separation double page y=0 2485
page rotation 1 0.5499999999999999
page rotation 2 0.2
image 1 crop x1 327
image 1 crop y1 334
image 1 crop x2 2346
image 1 crop y2 3221
image 2 crop x1 169
image 2 crop y1 648
image 2 crop x2 2186
image 2 crop y2 3361
image 1 dpi 300
image 1 border top 332
image 1 border bottom 268
image 1 border left 220
image 1 border right 220
image 2 dpi 300
image 2 border top 643
image 2 border bottom 131
image 2 border left 221
image 2 border right 221

</system-out><system-err>--------------------------------- Captured Err ---------------------------------

</system-err></testcase><testcase classname="tests.test_features" name="test_mock_stop_at_1" time="26.074"><system-out>--------------------------------- Captured Log ---------------------------------

--------------------------------- Captured Out ---------------------------------
/home/runner/work/ocr-book/ocr-book/tests/0001_1.png
separation double page angle 90.5528088189967
separation double page y=0 2485

</system-out><system-err>--------------------------------- Captured Err ---------------------------------

</system-err></testcase><testcase classname="tests.test_features" name="test_mock_stop_at_3" time="32.165"><system-out>--------------------------------- Captured Log ---------------------------------

--------------------------------- Captured Out ---------------------------------
/home/runner/work/ocr-book/ocr-book/tests/0001_3.png
separation double page angle 90.5528088189967
separation double page y=0 2485
page rotation 1 0.5499999999999999
page rotation 2 0.2
image 1 crop x1 327
image 1 crop y1 334
image 1 crop x2 2346
image 1 crop y2 3221
image 2 crop x1 169
image 2 crop y1 648
image 2 crop x2 2186
image 2 crop y2 3361

</system-out><system-err>--------------------------------- Captured Err ---------------------------------

</system-err></testcase><testcase classname="tests.test_images" name="test_0001_png" time="31.038"><system-out>--------------------------------- Captured Log ---------------------------------

--------------------------------- Captured Out ---------------------------------
/home/runner/work/ocr-book/ocr-book/tests/0001.png
1609603795826283535 : Checking separation double page angle 90.5528088189967
1609603795826433236 : Checking separation double page y=0 2485
1609603796820348887 : Checking page rotation 1 0.5499999999999999
1609603798050505790 : Checking page rotation 2 0.2
1609603800075002548 : Checking image 1 crop x1 327
1609603800075134449 : Checking image 1 crop y1 334
1609603800075177349 : Checking image 1 crop x2 2346
1609603800075216949 : Checking image 1 crop y2 3221
1609603801676558170 : Checking image 2 crop x1 169
1609603801676679271 : Checking image 2 crop y1 648
1609603801676720571 : Checking image 2 crop x2 2186
1609603801676755171 : Checking image 2 crop y2 3361
1609603801676928472 : Checking image 1 dpi 300
1609603801676995773 : Checking image 1 border top 332
1609603801677029573 : Checking image 1 border bottom 268
1609603801677062673 : Checking image 1 border left 220
1609603801677094773 : Checking image 1 border right 220
1609603801679323589 : Checking image 2 dpi 300
1609603801679418189 : Checking image 2 border top 643
1609603801679456590 : Checking image 2 border bottom 131
1609603801679489990 : Checking image 2 border left 221
1609603801679522390 : Checking image 2 border right 221

</system-out><system-err>--------------------------------- Captured Err ---------------------------------

</system-err></testcase><testcase classname="tests.test_features" name="test_mock_stop_at_5" time="32.371"><system-out>--------------------------------- Captured Log ---------------------------------

--------------------------------- Captured Out ---------------------------------
/home/runner/work/ocr-book/ocr-book/tests/0001_5.png
separation double page angle 90.5528088189967
separation double page y=0 2485
page rotation 1 0.5499999999999999
page rotation 2 0.2
image 1 crop x1 327
image 1 crop y1 334
image 1 crop x2 2346
image 1 crop y2 3221
image 2 crop x1 169
image 2 crop y1 648
image 2 crop x2 2186
image 2 crop y2 3361
image 1 dpi 300
image 1 border top 332
image 1 border bottom 268
image 1 border left 220
image 1 border right 220
image 2 dpi 300
image 2 border top 643
image 2 border bottom 131
image 2 border left 221
image 2 border right 221

</system-out><system-err>--------------------------------- Captured Err ---------------------------------

</system-err></testcase><testcase classname="tests.test_images" name="test_black_border_not_removed_png" time="33.300"><system-out>--------------------------------- Captured Log ---------------------------------

--------------------------------- Captured Out ---------------------------------
/home/runner/work/ocr-book/ocr-book/tests/black-border-not-removed.png
1609603827800874178 : Checking separation double page angle 90.033171103531
1609603827800984579 : Checking separation double page y=0 2455
1609603828810326549 : Checking page rotation 1 0.0
1609603830211036661 : Checking page rotation 2 0.05
1609603832863492342 : Checking image 1 crop x1 297
1609603832863641343 : Checking image 1 crop y1 143
1609603832863679944 : Checking image 1 crop x2 2309
1609603832863714144 : Checking image 1 crop y2 3346
1609603834985880905 : Checking image 2 crop x1 157
1609603834986012806 : Checking image 2 crop y1 145
1609603834986054006 : Checking image 2 crop x2 2170
1609603834986093306 : Checking image 2 crop y2 3351
1609603834986275608 : Checking image 1 dpi 300
1609603834986351808 : Checking image 1 border top 132
1609603834986388809 : Checking image 1 border bottom 152
1609603834986424509 : Checking image 1 border left 224
1609603834986459509 : Checking image 1 border right 224
1609603834988550524 : Checking image 2 dpi 300
1609603834988638424 : Checking image 2 border top 134
1609603834988672625 : Checking image 2 border bottom 147
1609603834988705425 : Checking image 2 border left 223
1609603834988737825 : Checking image 2 border right 223

</system-out><system-err>--------------------------------- Captured Err ---------------------------------

</system-err></testcase><testcase classname="tests.test_images" name="test_2_pages_2_contours_png" time="18.723"><system-out>--------------------------------- Captured Log ---------------------------------

--------------------------------- Captured Out ---------------------------------
/home/runner/work/ocr-book/ocr-book/tests/2-pages-2-contours.png
1609603847375149267 : Checking separation double page angle 90.09036871657068
1609603847375280367 : Checking separation double page y=0 2486
1609603847917202864 : Checking page rotation 1 0.0
1609603848924689123 : Checking page rotation 2 0.2
1609603849776182307 : Checking image 1 crop x1 1191
1609603849776280408 : Checking image 1 crop y1 1750
1609603849776312708 : Checking image 1 crop x2 1192
1609603849776341908 : Checking image 1 crop y2 1751
1609603851488484341 : Checking image 2 crop x1 99
1609603851488601441 : Checking image 2 crop y1 240
1609603851488640142 : Checking image 2 crop x2 2147
1609603851488677542 : Checking image 2 crop y2 3240
1609603851488846143 : Checking image 1 dpi 300
1609603851488911944 : Checking image 1 border top 1752
1609603851488947044 : Checking image 1 border bottom 1753
1609603851488981444 : Checking image 1 border left 1239
1609603851489012944 : Checking image 1 border right 1239
1609603851490341454 : Checking image 2 dpi 300
1609603851490419154 : Checking image 2 border top 229
1609603851490452354 : Checking image 2 border bottom 258
1609603851490484155 : Checking image 2 border left 206
1609603851490526755 : Checking image 2 border right 206

</system-out><system-err>--------------------------------- Captured Err ---------------------------------

</system-err></testcase><testcase classname="tests.test_images" name="test_image_failed_to_rotate_png" time="34.538"><system-out>--------------------------------- Captured Log ---------------------------------

--------------------------------- Captured Out ---------------------------------
/home/runner/work/ocr-book/ocr-book/tests/image_failed_to_rotate.png
1609603858969060927 : Checking separation double page angle 90.26767669076624
1609603858969179228 : Checking separation double page y=0 2480
1609603860727229896 : Checking page rotation 1 0.45
1609603861928732649 : Checking page rotation 2 0.2
1609603867068655969 : Checking image 1 crop x1 31
1609603867068791770 : Checking image 1 crop y1 1
1609603867068836370 : Checking image 1 crop x2 2478
1609603867068876070 : Checking image 1 crop y2 3504
1609603869433901763 : Checking image 2 crop x1 169
1609603869434032564 : Checking image 2 crop y1 231
1609603869434075464 : Checking image 2 crop x2 2257
1609603869434114165 : Checking image 2 crop y2 3358
1609603869434293166 : Checking image 1 dpi 300
1609603869434366766 : Checking image 1 border top 2
1609603869434406767 : Checking image 1 border bottom 2
1609603869434442667 : Checking image 1 border left 17
1609603869434477467 : Checking image 1 border right 17
1609603869436552082 : Checking image 2 dpi 300
1609603869436638382 : Checking image 2 border top 218
1609603869436672983 : Checking image 2 border bottom 142
1609603869436705383 : Checking image 2 border left 186
1609603869436738083 : Checking image 2 border right 186

</system-out><system-err>--------------------------------- Captured Err ---------------------------------

</system-err></testcase><testcase classname="tests.test_images" name="test_wrong_split_line_png" time="24.097"><system-out>--------------------------------- Captured Log ---------------------------------

--------------------------------- Captured Out ---------------------------------
/home/runner/work/ocr-book/ocr-book/tests/wrong_split_line.png
1609603870500903049 : Checking separation double page angle 89.93395720607973
1609603870501011750 : Checking separation double page y=0 2465
1609603871395939929 : Checking page rotation 1 -0.04999999999999689
1609603872307784826 : Checking page rotation 2 0.5499999999999999
1609603873581882459 : Checking image 1 crop x1 211
1609603873582008560 : Checking image 1 crop y1 156
1609603873582049461 : Checking image 1 crop x2 2323
1609603873582089061 : Checking image 1 crop y2 3363
1609603875581863373 : Checking image 2 crop x1 125
1609603875581982074 : Checking image 2 crop y1 166
1609603875582020074 : Checking image 2 crop x2 2236
1609603875582058575 : Checking image 2 crop y2 3373
1609603875582239076 : Checking image 1 dpi 300
1609603875582307276 : Checking image 1 border top 134
1609603875582341677 : Checking image 1 border bottom 146
1609603875582375877 : Checking image 1 border left 174
1609603875582407977 : Checking image 1 border right 174
1609603875584385891 : Checking image 2 dpi 300
1609603875584483292 : Checking image 2 border top 146
1609603875584527992 : Checking image 2 border bottom 134
1609603875584555792 : Checking image 2 border left 174
1609603875584584192 : Checking image 2 border right 174

</system-out><system-err>--------------------------------- Captured Err ---------------------------------

</system-err></testcase><testcase classname="tests.test_images" name="test_image_failed_to_crop_data_png" time="44.383"><system-out>--------------------------------- Captured Log ---------------------------------

--------------------------------- Captured Out ---------------------------------
/home/runner/work/ocr-book/ocr-book/tests/image_failed_to_crop_data.png
1609603897077098941 : Checking separation double page angle 90.053197600644
1609603897077219741 : Checking separation double page y=0 2480
1609603901349533069 : Checking page rotation 1 0.15000000000000002
1609603902310193199 : Checking page rotation 2 0.0
1609603911299797663 : Checking image 1 crop x1 51
1609603911299937264 : Checking image 1 crop y1 7
1609603911299980564 : Checking image 1 crop x2 2478
1609603911300020064 : Checking image 1 crop y2 3505
1609603913847135532 : Checking image 2 crop x1 160
1609603913847274133 : Checking image 2 crop y1 217
1609603913847316633 : Checking image 2 crop x2 2242
1609603913847355633 : Checking image 2 crop y2 3350
1609603913847547735 : Checking image 1 dpi 300
1609603913847631135 : Checking image 1 border top 5
1609603913847666635 : Checking image 1 border bottom 5
1609603913847699236 : Checking image 1 border left 27
1609603913847731836 : Checking image 1 border right 27
1609603913849758450 : Checking image 2 dpi 300
1609603913849845051 : Checking image 2 border top 206
1609603913849879251 : Checking image 2 border bottom 148
1609603913849911851 : Checking image 2 border left 189
1609603913849943752 : Checking image 2 border right 189

</system-out><system-err>--------------------------------- Captured Err ---------------------------------

</system-err></testcase><testcase classname="tests.test_images" name="test_crop_too_much_png" time="40.781"><system-out>--------------------------------- Captured Log ---------------------------------

--------------------------------- Captured Out ---------------------------------
/home/runner/work/ocr-book/ocr-book/tests/crop_too_much.png
1609603909496532848 : Checking separation double page angle 90.13239409272954
1609603909496643349 : Checking separation double page y=0 2455
1609603911124057124 : Checking page rotation 1 0.0
1609603912579396985 : Checking page rotation 2 0.2
1609603914727617048 : Checking image 1 crop x1 303
1609603914727752349 : Checking image 1 crop y1 148
1609603914727792849 : Checking image 1 crop x2 2313
1609603914727830949 : Checking image 1 crop y2 3351
1609603916348244089 : Checking image 2 crop x1 162
1609603916348374190 : Checking image 2 crop y1 151
1609603916348415091 : Checking image 2 crop x2 2186
1609603916348455391 : Checking image 2 crop y2 3363
1609603916348637992 : Checking image 1 dpi 300
1609603916348711093 : Checking image 1 border top 132
1609603916348747693 : Checking image 1 border bottom 152
1609603916348782893 : Checking image 1 border left 225
1609603916348817093 : Checking image 1 border right 225
1609603916350779607 : Checking image 2 dpi 300
1609603916350864008 : Checking image 2 border top 132
1609603916350898208 : Checking image 2 border bottom 143
1609603916350930508 : Checking image 2 border left 218
1609603916350962809 : Checking image 2 border right 218

</system-out><system-err>--------------------------------- Captured Err ---------------------------------

</system-err></testcase><testcase classname="tests.test_images" name="test_wrong_angle_split_line_png" time="30.345"><system-out>--------------------------------- Captured Log ---------------------------------

--------------------------------- Captured Out ---------------------------------
/home/runner/work/ocr-book/ocr-book/tests/wrong_angle_split_line.png
1609603931509282345 : Checking separation double page angle 90.09193420006348
1609603931509393646 : Checking separation double page y=0 2478
1609603932716183431 : Checking page rotation 1 0.1
1609603933723879217 : Checking page rotation 2 0.1
1609603939191046575 : Checking image 1 crop x1 58
1609603939191179276 : Checking image 1 crop y1 6
1609603939191215476 : Checking image 1 crop x2 2476
1609603939191247176 : Checking image 1 crop y2 3501
1609603943515191317 : Checking image 2 crop x1 166
1609603943515311617 : Checking image 2 crop y1 218
1609603943515346618 : Checking image 2 crop x2 2244
1609603943515378218 : Checking image 2 crop y2 3349
1609603943515568119 : Checking image 1 dpi 300
1609603943515643520 : Checking image 1 border top 6
1609603943515677820 : Checking image 1 border bottom 6
1609603943515710720 : Checking image 1 border left 31
1609603943515743420 : Checking image 1 border right 31
1609603943523438374 : Checking image 2 dpi 300
1609603943523551475 : Checking image 2 border top 207
1609603943523589675 : Checking image 2 border bottom 149
1609603943523625576 : Checking image 2 border left 191
1609603943523660776 : Checking image 2 border right 191

</system-out><system-err>--------------------------------- Captured Err ---------------------------------

</system-err></testcase><testcase classname="tests.test_images" name="test_crop_too_few_png" time="25.136"><system-out>--------------------------------- Captured Log ---------------------------------

--------------------------------- Captured Out ---------------------------------
/home/runner/work/ocr-book/ocr-book/tests/crop_too_few.png
1609603936130941341 : Checking separation double page angle 89.54670238452755
1609603936131046542 : Checking separation double page y=0 2512
1609603937040629536 : Checking page rotation 1 -0.6000000000000009
1609603938133328978 : Checking page rotation 2 0.0
1609603939770271826 : Checking image 1 crop x1 263
1609603939770395427 : Checking image 1 crop y1 150
1609603939770433927 : Checking image 1 crop x2 2379
1609603939770469827 : Checking image 1 crop y2 3358
1609603941508698884 : Checking image 2 crop x1 137
1609603941508815485 : Checking image 2 crop y1 141
1609603941508850185 : Checking image 2 crop x2 2259
1609603941508884385 : Checking image 2 crop y2 3345
1609603941509058986 : Checking image 1 dpi 300
1609603941509122087 : Checking image 1 border top 130
1609603941509154187 : Checking image 1 border bottom 149
1609603941509183887 : Checking image 1 border left 172
1609603941509213487 : Checking image 1 border right 172
1609603941511186901 : Checking image 2 dpi 300
1609603941511266902 : Checking image 2 border top 130
1609603941511298902 : Checking image 2 border bottom 153
1609603941511328602 : Checking image 2 border left 169
1609603941511358502 : Checking image 2 border right 169

</system-out><system-err>--------------------------------- Captured Err ---------------------------------

</system-err></testcase><testcase classname="tests.test_images" name="test_crop_too_much_2_png" time="47.214"><system-out>--------------------------------- Captured Log ---------------------------------

--------------------------------- Captured Out ---------------------------------
/home/runner/work/ocr-book/ocr-book/tests/crop_too_much_2.png
1609603981125018278 : Checking separation double page angle 90.1149074900787
1609603981125140579 : Checking separation double page y=0 2478
1609603982559001797 : Checking page rotation 1 0.15000000000000002
1609603984064816918 : Checking page rotation 2 0.2
1609603985950457505 : Checking image 1 crop x1 330
1609603985950577206 : Checking image 1 crop y1 132
1609603985950615206 : Checking image 1 crop x2 2342
1609603985950651506 : Checking image 1 crop y2 3335
1609603988687840466 : Checking image 2 crop x1 162
1609603988687967867 : Checking image 2 crop y1 139
1609603988688035167 : Checking image 2 crop x2 2175
1609603988688075267 : Checking image 2 crop y2 3345
1609603988688249969 : Checking image 1 dpi 300
1609603988688329469 : Checking image 1 border top 122
1609603988688363369 : Checking image 1 border bottom 162
1609603988688395570 : Checking image 1 border left 224
1609603988688427370 : Checking image 1 border right 224
1609603988690406984 : Checking image 2 dpi 300
1609603988690490684 : Checking image 2 border top 130
1609603988690527585 : Checking image 2 border bottom 151
1609603988690561885 : Checking image 2 border left 223
1609603988690596185 : Checking image 2 border right 223

</system-out><system-err>--------------------------------- Captured Err ---------------------------------

</system-err></testcase><testcase classname="tests.test_images" name="test_angle_page_lower_split_line_png" time="30.884"><system-out>--------------------------------- Captured Log ---------------------------------

--------------------------------- Captured Out ---------------------------------
/home/runner/work/ocr-book/ocr-book/tests/angle_page_lower_split_line.png
1609603968452206334 : Checking separation double page angle 89.74927707086691
1609603968452327334 : Checking separation double page y=0 2474
1609603969840297512 : Checking page rotation 1 -0.14999999999999067
1609603971182779814 : Checking page rotation 2 0.1
1609603973326904831 : Checking image 1 crop x1 241
1609603973327034832 : Checking image 1 crop y1 156
1609603973327074532 : Checking image 1 crop x2 2357
1609603973327111132 : Checking image 1 crop y2 3368
1609603975152664018 : Checking image 2 crop x1 149
1609603975152787218 : Checking image 2 crop y1 146
1609603975152826819 : Checking image 2 crop x2 2259
1609603975152862719 : Checking image 2 crop y2 3351
1609603975153034720 : Checking image 1 dpi 300
1609603975153104321 : Checking image 1 border top 140
1609603975153138321 : Checking image 1 border bottom 135
1609603975153178921 : Checking image 1 border left 172
1609603975153211421 : Checking image 1 border right 172
1609603975155181435 : Checking image 2 dpi 300
1609603975155264736 : Checking image 2 border top 129
1609603975155299436 : Checking image 2 border bottom 152
1609603975155333136 : Checking image 2 border left 175
1609603975155365637 : Checking image 2 border right 175

</system-out><system-err>--------------------------------- Captured Err ---------------------------------

</system-err></testcase><testcase classname="tests.test_images" name="test_wrong_wave_split_line_png" time="44.757"><system-out>--------------------------------- Captured Log ---------------------------------

--------------------------------- Captured Out ---------------------------------
/home/runner/work/ocr-book/ocr-book/tests/wrong_wave_split_line.png
1609604008639297196 : Checking separation double page angle 90.37878604107719
1609604008639412397 : Checking separation double page y=0 2500
1609604009844736141 : Checking page rotation 1 -0.14999999999999067
1609604011095840407 : Checking page rotation 2 0.9
1609604015475086390 : Checking image 1 crop x1 385
1609604015475225291 : Checking image 1 crop y1 179
1609604015475267391 : Checking image 1 crop x2 2411
1609604015475304792 : Checking image 1 crop y2 3374
1609604019900863284 : Checking image 2 crop x1 17
1609604019901013785 : Checking image 2 crop y1 8
1609604019901067586 : Checking image 2 crop x2 2399
1609604019901103786 : Checking image 2 crop y2 3391
1609604019901284987 : Checking image 1 dpi 300
1609604019901362988 : Checking image 1 border top 173
1609604019901399888 : Checking image 1 border bottom 119
1609604019901435088 : Checking image 1 border left 217
1609604019901469889 : Checking image 1 border right 217
1609604019903424602 : Checking image 2 dpi 300
1609604019903512603 : Checking image 2 border top 0
1609604019903550303 : Checking image 2 border bottom 114
1609604019903583503 : Checking image 2 border left 49
1609604019903616104 : Checking image 2 border right 49

</system-out><system-err>--------------------------------- Captured Err ---------------------------------

</system-err></testcase><testcase classname="tests.test_images" name="test_wrong_split_line_2_png" time="45.573"><system-out>--------------------------------- Captured Log ---------------------------------

--------------------------------- Captured Out ---------------------------------
/home/runner/work/ocr-book/ocr-book/tests/wrong_split_line_2.png
1609604022065822642 : Checking separation double page angle 90.19944704411863
1609604022065944942 : Checking separation double page y=0 2437
1609604023667181653 : Checking page rotation 1 0.2
1609604025124839159 : Checking page rotation 2 0.2
1609604028557654028 : Checking image 1 crop x1 294
1609604028557776929 : Checking image 1 crop y1 136
1609604028557813029 : Checking image 1 crop x2 2325
1609604028557849030 : Checking image 1 crop y2 3376
1609604034281540117 : Checking image 2 crop x1 136
1609604034281661818 : Checking image 2 crop y1 190
1609604034281699818 : Checking image 2 crop x2 2172
1609604034281737018 : Checking image 2 crop y2 3389
1609604034281915620 : Checking image 1 dpi 300
1609604034281982920 : Checking image 1 border top 131
1609604034282017321 : Checking image 1 border bottom 116
1609604034282051521 : Checking image 1 border left 214
1609604034282084021 : Checking image 1 border right 214
1609604034284095136 : Checking image 2 dpi 300
1609604034284184036 : Checking image 2 border top 181
1609604034284222037 : Checking image 2 border bottom 107
1609604034284258537 : Checking image 2 border left 212
1609604034284293437 : Checking image 2 border right 212

</system-out><system-err>--------------------------------- Captured Err ---------------------------------

</system-err></testcase><testcase classname="tests.test_images" name="test_no_split_line_line_algo_png" time="29.881"><system-out>--------------------------------- Captured Log ---------------------------------

--------------------------------- Captured Out ---------------------------------
/home/runner/work/ocr-book/ocr-book/tests/no_split_line_line_algo.png
1609604042790773377 : Checking separation double page angle 89.47691469185418
1609604042790902188 : Checking separation double page y=0 2476
1609604043660081789 : Checking page rotation 1 -0.14999999999999067
1609604044960149807 : Checking page rotation 2 -0.14999999999999067
1609604046311668527 : Checking image 1 crop x1 205
1609604046311799828 : Checking image 1 crop y1 158
1609604046311839628 : Checking image 1 crop x2 2320
1609604046311876028 : Checking image 1 crop y2 3366
1609604049795217200 : Checking image 2 crop x1 185
1609604049795358409 : Checking image 2 crop y1 225
1609604049795401612 : Checking image 2 crop x2 2204
1609604049795440814 : Checking image 2 crop y2 3362
1609604049795639127 : Checking image 1 dpi 300
1609604049795728833 : Checking image 1 border top 144
1609604049795776736 : Checking image 1 border bottom 134
1609604049795827540 : Checking image 1 border left 172
1609604049795862342 : Checking image 1 border right 172
1609604049797958178 : Checking image 2 dpi 300
1609604049798042684 : Checking image 2 border top 223
1609604049798077186 : Checking image 2 border bottom 127
1609604049798110088 : Checking image 2 border left 220
1609604049798142490 : Checking image 2 border right 220

</system-out><system-err>--------------------------------- Captured Err ---------------------------------

</system-err></testcase><testcase classname="tests.test_images" name="test_small_wave_png" time="40.815"><system-out>--------------------------------- Captured Log ---------------------------------

--------------------------------- Captured Out ---------------------------------
/home/runner/work/ocr-book/ocr-book/tests/small_wave.png
1609604070024112142 : Checking separation double page angle 90.58816928841564
1609604070024221143 : Checking separation double page y=0 2497
1609604071494903197 : Checking page rotation 1 0.65
1609604072790582884 : Checking page rotation 2 0.65
1609604073890584444 : Checking image 1 crop x1 320
1609604073890720221 : Checking image 1 crop y1 199
1609604073890789609 : Checking image 1 crop x2 2353
1609604073890825303 : Checking image 1 crop y2 3394
1609604075100165601 : Checking image 2 crop x1 130
1609604075100279502 : Checking image 2 crop y1 222
1609604075100317202 : Checking image 2 crop x2 2163
1609604075100354103 : Checking image 2 crop y2 3420
1609604075100517004 : Checking image 1 dpi 300
1609604075100584304 : Checking image 1 border top 179
1609604075100619004 : Checking image 1 border bottom 112
1609604075100652505 : Checking image 1 border left 213
1609604075100684805 : Checking image 1 border right 213
1609604075102641419 : Checking image 2 dpi 300
1609604075102753019 : Checking image 2 border top 197
1609604075102784720 : Checking image 2 border bottom 92
1609604075102813120 : Checking image 2 border left 213
1609604075102841320 : Checking image 2 border right 213

</system-out><system-err>--------------------------------- Captured Err ---------------------------------

</system-err></testcase><testcase classname="tests.test_images" name="test_failed_split_line_line_algo_png" time="15.062"><system-out>--------------------------------- Captured Log ---------------------------------

--------------------------------- Captured Out ---------------------------------
/home/runner/work/ocr-book/ocr-book/tests/failed_split_line_line_algo.png
1609604061269280865 : Checking separation double page angle 90.04134220573248
1609604061269397766 : Checking separation double page y=0 2573
1609604061939580420 : Checking page rotation 1 -0.09999999999999377
1609604062472973657 : Checking page rotation 2 0.1
1609604064031959970 : Checking image 1 crop x1 408
1609604064032085171 : Checking image 1 crop y1 2926
1609604064032122372 : Checking image 1 crop x2 2420
1609604064032154072 : Checking image 1 crop y2 3173
1609604064888178616 : Checking image 2 crop x1 1184
1609604064888296617 : Checking image 2 crop y1 1745
1609604064888342917 : Checking image 2 crop x2 1185
1609604064888373017 : Checking image 2 crop y2 1746
1609604064888513219 : Checking image 1 dpi 300
1609604064888605720 : Checking image 1 border top 2922
1609604064888639820 : Checking image 1 border bottom 318
1609604064888673120 : Checking image 1 border left 224
1609604064888705721 : Checking image 1 border right 224
1609604064890194235 : Checking image 2 dpi 300
1609604064890274936 : Checking image 2 border top 1753
1609604064890310136 : Checking image 2 border bottom 1753
1609604064890343536 : Checking image 2 border left 1239
1609604064890376137 : Checking image 2 border right 1239

</system-out><system-err>--------------------------------- Captured Err ---------------------------------

</system-err></testcase><testcase classname="tests.test_images" name="test_failed_split_line_line_algo_2_png" time="34.338"><system-out>--------------------------------- Captured Log ---------------------------------

--------------------------------- Captured Out ---------------------------------
/home/runner/work/ocr-book/ocr-book/tests/failed_split_line_line_algo_2.png
1609604094433653656 : Checking separation double page angle 90.03068774449687
1609604094433774356 : Checking separation double page y=0 2500
1609604095638219822 : Checking page rotation 1 0.05
1609604096715622568 : Checking page rotation 2 0.5499999999999999
1609604097978344257 : Checking image 1 crop x1 271
1609604097978463957 : Checking image 1 crop y1 149
1609604097978495057 : Checking image 1 crop x2 2382
1609604097978521358 : Checking image 1 crop y2 3354
1609604099202566130 : Checking image 2 crop x1 120
1609604099202693531 : Checking image 2 crop y1 155
1609604099202748531 : Checking image 2 crop x2 2244
1609604099202786931 : Checking image 2 crop y2 3350
1609604099202962031 : Checking image 1 dpi 300
1609604099203032831 : Checking image 1 border top 141
1609604099203067431 : Checking image 1 border bottom 141
1609604099203100632 : Checking image 1 border left 174
1609604099203133232 : Checking image 1 border right 174
1609604099205207836 : Checking image 2 dpi 300
1609604099205278636 : Checking image 2 border top 140
1609604099205308736 : Checking image 2 border bottom 152
1609604099205337636 : Checking image 2 border left 168
1609604099205365736 : Checking image 2 border right 168

</system-out><system-err>--------------------------------- Captured Err ---------------------------------

</system-err></testcase><testcase classname="tests.test_images" name="test_wrong_split_line_3_png" time="31.339"><system-out>--------------------------------- Captured Log ---------------------------------

--------------------------------- Captured Out ---------------------------------
/home/runner/work/ocr-book/ocr-book/tests/wrong_split_line_3.png
1609604100936634375 : Checking separation double page angle 90.43729500214694
1609604100936748276 : Checking separation double page y=0 2498
1609604102318120979 : Checking page rotation 1 0.2
1609604103386220224 : Checking page rotation 2 0.85
1609604104833218766 : Checking image 1 crop x1 331
1609604104833344966 : Checking image 1 crop y1 166
1609604104833386066 : Checking image 1 crop x2 2377
1609604104833424766 : Checking image 1 crop y2 3375
1609604106436796723 : Checking image 2 crop x1 102
1609604106436917823 : Checking image 2 crop y1 207
1609604106436958724 : Checking image 2 crop x2 2135
1609604106436999124 : Checking image 2 crop y2 3414
1609604106437195025 : Checking image 1 dpi 300
1609604106437263726 : Checking image 1 border top 158
1609604106437297226 : Checking image 1 border bottom 120
1609604106437331326 : Checking image 1 border left 207
1609604106437363627 : Checking image 1 border right 207
1609604106440260647 : Checking image 2 dpi 300
1609604106440394848 : Checking image 2 border top 186
1609604106440432448 : Checking image 2 border bottom 94
1609604106440465148 : Checking image 2 border left 213
1609604106440497348 : Checking image 2 border right 213

</system-out><system-err>--------------------------------- Captured Err ---------------------------------

</system-err></testcase><testcase classname="tests.test_images" name="test_crop_too_much_3_png" time="36.006"><system-out>--------------------------------- Captured Log ---------------------------------

--------------------------------- Captured Out ---------------------------------
/home/runner/work/ocr-book/ocr-book/tests/crop_too_much_3.png
1609604129273606678 : Checking separation double page angle 89.49330634783144
1609604129273721279 : Checking separation double page y=0 2498
1609604130336485519 : Checking page rotation 1 -0.8999999999999949
1609604131676933612 : Checking page rotation 2 -0.14999999999999067
1609604133463437430 : Checking image 1 crop x1 374
1609604133463588731 : Checking image 1 crop y1 258
1609604133463628131 : Checking image 1 crop x2 2385
1609604133463662632 : Checking image 1 crop y2 3459
1609604135217005648 : Checking image 2 crop x1 168
1609604135217138949 : Checking image 2 crop y1 228
1609604135217181449 : Checking image 2 crop x2 2181
1609604135217220849 : Checking image 2 crop y2 3417
1609604135217401450 : Checking image 1 dpi 300
1609604135217477351 : Checking image 1 border top 239
1609604135217514351 : Checking image 1 border bottom 47
1609604135217550351 : Checking image 1 border left 224
1609604135217585352 : Checking image 1 border right 224
1609604135219698766 : Checking image 2 dpi 300
1609604135219783667 : Checking image 2 border top 209
1609604135219820267 : Checking image 2 border bottom 89
1609604135219855567 : Checking image 2 border left 223
1609604135219890668 : Checking image 2 border right 223

</system-out><system-err>--------------------------------- Captured Err ---------------------------------

</system-err></testcase><testcase classname="tests.test_images" name="test_wrong_wave_split_line_2_png" time="36.983"><system-out>--------------------------------- Captured Log ---------------------------------

--------------------------------- Captured Out ---------------------------------
/home/runner/work/ocr-book/ocr-book/tests/wrong_wave_split_line_2.png
1609604137338539487 : Checking separation double page angle 90.7708958311329
1609604137338650688 : Checking separation double page y=0 2490
1609604138470901648 : Checking page rotation 1 0.2
1609604139634339672 : Checking page rotation 2 1.65
1609604140987052194 : Checking image 1 crop x1 227
1609604140987174295 : Checking image 1 crop y1 147
1609604140987211996 : Checking image 1 crop x2 2342
1609604140987249296 : Checking image 1 crop y2 3353
1609604143440655412 : Checking image 2 crop x1 106
1609604143440774213 : Checking image 2 crop y1 195
1609604143440812113 : Checking image 2 crop x2 2231
1609604143440849013 : Checking image 2 crop y2 3398
1609604143441007415 : Checking image 1 dpi 300
1609604143441097216 : Checking image 1 border top 136
1609604143441133516 : Checking image 1 border bottom 145
1609604143441170116 : Checking image 1 border left 172
1609604143441204716 : Checking image 1 border right 172
1609604143443205333 : Checking image 2 dpi 300
1609604143443286634 : Checking image 2 border top 165
1609604143443325034 : Checking image 2 border bottom 118
1609604143443356935 : Checking image 2 border left 167
1609604143443388535 : Checking image 2 border right 167

</system-out><system-err>--------------------------------- Captured Err ---------------------------------

</system-err></testcase><testcase classname="tests.test_images" name="test_wrong_wave_split_line_3_png" time="33.362"><system-out>--------------------------------- Captured Log ---------------------------------

--------------------------------- Captured Out ---------------------------------
/home/runner/work/ocr-book/ocr-book/tests/wrong_wave_split_line_3.png
1609604163600809201 : Checking separation double page angle 90.05826063695574
1609604163600921002 : Checking separation double page y=0 2514
1609604164763143557 : Checking page rotation 1 0.0
1609604165695360038 : Checking page rotation 2 0.2
1609604167363786658 : Checking image 1 crop x1 274
1609604167363927459 : Checking image 1 crop y1 221
1609604167363970559 : Checking image 1 crop x2 2383
1609604167364007660 : Checking image 1 crop y2 3422
1609604168597944706 : Checking image 2 crop x1 112
1609604168598082507 : Checking image 2 crop y1 225
1609604168598125307 : Checking image 2 crop x2 2238
1609604168598164507 : Checking image 2 crop y2 3415
1609604168598345209 : Checking image 1 dpi 300
1609604168598419609 : Checking image 1 border top 201
1609604168598456209 : Checking image 1 border bottom 85
1609604168598491710 : Checking image 1 border left 175
1609604168598526710 : Checking image 1 border right 175
1609604168600731525 : Checking image 2 dpi 300
1609604168600820826 : Checking image 2 border top 207
1609604168600857526 : Checking image 2 border bottom 90
1609604168600893226 : Checking image 2 border left 167
1609604168600928126 : Checking image 2 border right 167

</system-out><system-err>--------------------------------- Captured Err ---------------------------------

</system-err></testcase><testcase classname="tests.test_images" name="test_no_split_line_wave_algo_png" time="44.625"><system-out>--------------------------------- Captured Log ---------------------------------

--------------------------------- Captured Out ---------------------------------
/home/runner/work/ocr-book/ocr-book/tests/no_split_line_wave_algo.png
1609604170069246839 : Checking separation double page angle 89.72500000000001
1609604170069360138 : Checking separation double page y=0 2484
1609604172834022713 : Checking page rotation 1 0.0
1609604174058850127 : Checking page rotation 2 -0.44999999999999746
1609604182397031219 : Checking image 1 crop x1 97
1609604182397123320 : Checking image 1 crop y1 79
1609604182397159420 : Checking image 1 crop x2 2494
1609604182397194021 : Checking image 1 crop y2 3505
1609604188029044219 : Checking image 2 crop x1 163
1609604188029156720 : Checking image 2 crop y1 267
1609604188029199120 : Checking image 2 crop x2 2238
1609604188029237121 : Checking image 2 crop y2 3380
1609604188029410622 : Checking image 1 dpi 300
1609604188029494923 : Checking image 1 border top 41
1609604188029528523 : Checking image 1 border bottom 41
1609604188029561823 : Checking image 1 border left 42
1609604188029593923 : Checking image 1 border right 42
1609604188031569037 : Checking image 2 dpi 300
1609604188031651738 : Checking image 2 border top 255
1609604188031685638 : Checking image 2 border bottom 119
1609604188031717539 : Checking image 2 border left 192
1609604188031749939 : Checking image 2 border right 192

</system-out><system-err>--------------------------------- Captured Err ---------------------------------

</system-err></testcase><testcase classname="tests.test_images" name="test_no_split_line_wave_algo_2_png" time="27.225"><system-out>--------------------------------- Captured Log ---------------------------------

--------------------------------- Captured Out ---------------------------------
/home/runner/work/ocr-book/ocr-book/tests/no_split_line_wave_algo_2.png
1609604191169505297 : Checking separation double page angle 90.54999999999998
1609604191169621198 : Checking separation double page y=0 2478
1609604192223094205 : Checking page rotation 1 1.0999999999999999
1609604193255987564 : Checking page rotation 2 0.2
1609604194631581291 : Checking image 1 crop x1 266
1609604194631714192 : Checking image 1 crop y1 210
1609604194631751592 : Checking image 1 crop x2 2342
1609604194631795392 : Checking image 1 crop y2 3413
1609604195819282195 : Checking image 2 crop x1 168
1609604195819424796 : Checking image 2 crop y1 241
1609604195819467996 : Checking image 2 crop x2 2251
1609604195819508396 : Checking image 2 crop y2 3433
1609604195819694698 : Checking image 1 dpi 300
1609604195819770998 : Checking image 1 border top 192
1609604195819807898 : Checking image 1 border bottom 91
1609604195819844199 : Checking image 1 border left 192
1609604195819879099 : Checking image 1 border right 192
1609604195822082414 : Checking image 2 dpi 300
1609604195822164215 : Checking image 2 border top 224
1609604195822201115 : Checking image 2 border bottom 71
1609604195822237015 : Checking image 2 border left 188
1609604195822271816 : Checking image 2 border right 188

</system-out><system-err>--------------------------------- Captured Err ---------------------------------

</system-err></testcase><testcase classname="tests.test_images" name="test_crop_too_few_2_png" time="27.978"><system-out>--------------------------------- Captured Log ---------------------------------

--------------------------------- Captured Out ---------------------------------
/home/runner/work/ocr-book/ocr-book/tests/crop_too_few_2.png
1609604210056637872 : Checking separation double page angle 90.30476192320097
1609604210056751273 : Checking separation double page y=0 2531
1609604211104653493 : Checking page rotation 1 1.0999999999999999
1609604212286321972 : Checking page rotation 2 -0.04999999999999689
1609604214002096385 : Checking image 1 crop x1 289
1609604214002219285 : Checking image 1 crop y1 165
1609604214002267786 : Checking image 1 crop x2 2400
1609604214002303286 : Checking image 1 crop y2 3367
1609604216069451020 : Checking image 2 crop x1 149
1609604216069572821 : Checking image 2 crop y1 189
1609604216069611921 : Checking image 2 crop x2 2273
1609604216069652321 : Checking image 2 crop y2 3386
1609604216069825522 : Checking image 1 dpi 300
1609604216069897623 : Checking image 1 border top 157
1609604216069934623 : Checking image 1 border bottom 128
1609604216069969723 : Checking image 1 border left 174
1609604216070003924 : Checking image 1 border right 174
1609604216072067738 : Checking image 2 dpi 300
1609604216072156739 : Checking image 2 border top 181
1609604216072193139 : Checking image 2 border bottom 109
1609604216072227440 : Checking image 2 border left 168
1609604216072262240 : Checking image 2 border right 168

</system-out><system-err>--------------------------------- Captured Err ---------------------------------

</system-err></testcase><testcase classname="tests.test_images" name="test_failed_detect_rectangle_png" time="33.025"><system-out>--------------------------------- Captured Log ---------------------------------

--------------------------------- Captured Out ---------------------------------
/home/runner/work/ocr-book/ocr-book/tests/failed_detect_rectangle.png
1609604223249357235 : Checking separation double page angle 90.19837516213148
1609604223249463936 : Checking separation double page y=0 2474
1609604224525655233 : Checking page rotation 1 0.2
1609604225999361832 : Checking page rotation 2 0.15000000000000002
1609604227212065614 : Checking image 1 crop x1 257
1609604227212193214 : Checking image 1 crop y1 201
1609604227212241815 : Checking image 1 crop x2 2333
1609604227212271815 : Checking image 1 crop y2 3402
1609604228844237798 : Checking image 2 crop x1 135
1609604228844364399 : Checking image 2 crop y1 214
1609604228844404099 : Checking image 2 crop x2 2219
1609604228844440299 : Checking image 2 crop y2 3406
1609604228844604100 : Checking image 1 dpi 300
1609604228844675301 : Checking image 1 border top 188
1609604228844709301 : Checking image 1 border bottom 97
1609604228844742101 : Checking image 1 border left 192
1609604228844774601 : Checking image 1 border right 192
1609604228846892917 : Checking image 2 dpi 300
1609604228846977417 : Checking image 2 border top 202
1609604228847012018 : Checking image 2 border bottom 93
1609604228847045218 : Checking image 2 border left 188
1609604228847077718 : Checking image 2 border right 188

</system-out><system-err>--------------------------------- Captured Err ---------------------------------

</system-err></testcase><testcase classname="tests.test_images" name="test_single_page_png" time="6.012"><system-out>--------------------------------- Captured Log ---------------------------------

--------------------------------- Captured Out ---------------------------------
/home/runner/work/ocr-book/ocr-book/tests/single_page.png
1609604219417070816 : Checking separation double page angle 90.04999999999998
1609604219417191516 : Checking separation double page y=0 2476
1609604220174791598 : Checking page rotation 1 0.0
1609604220269426658 : Checking page rotation 2 0.0
1609604221604293065 : Checking image 1 crop x1 1
1609604221604416166 : Checking image 1 crop y1 8
1609604221604461266 : Checking image 1 crop x2 2470
1609604221604488967 : Checking image 1 crop y2 3505
1609604221730148543 : Checking image 2 crop x1 0
1609604221730227943 : Checking image 2 crop y1 0
1609604221730257043 : Checking image 2 crop x2 0
1609604221730285044 : Checking image 2 crop y2 0
1609604221730342444 : Checking image 1 dpi 300
1609604221730399144 : Checking image 1 border top 5
1609604221730430545 : Checking image 1 border bottom 5
1609604221730459845 : Checking image 1 border left 6
1609604221730489245 : Checking image 1 border right 6
1609604221736191385 : Checking image 2 border top 0
1609604221736250985 : Checking image 2 border bottom 0
1609604221736280085 : Checking image 2 border left 0
1609604221736308686 : Checking image 2 border right 0

</system-out><system-err>--------------------------------- Captured Err ---------------------------------

</system-err></testcase><testcase classname="tests.test_images" name="test_wrong_split_line_4_png" time="15.975"><system-out>--------------------------------- Captured Log ---------------------------------

--------------------------------- Captured Out ---------------------------------
/home/runner/work/ocr-book/ocr-book/tests/wrong_split_line_4.png
1609604234680640460 : Checking separation double page angle 91.04999999999998
1609604234680757961 : Checking separation double page y=0 60
1609604234775951627 : Checking page rotation 1 1.0
1609604235724897765 : Checking page rotation 2 1.05
1609604236163084031 : Checking image 1 crop x1 0
1609604236163168031 : Checking image 1 crop y1 0
1609604236163194532 : Checking image 1 crop x2 0
1609604236163218832 : Checking image 1 crop y2 0
1609604238100593385 : Checking image 2 crop x1 291
1609604238100782486 : Checking image 2 crop y1 330
1609604238100845387 : Checking image 2 crop x2 2316
1609604238100907887 : Checking image 2 crop y2 3217
1609604238101171689 : Checking image 1 border top 0
1609604238101235490 : Checking image 1 border bottom 0
1609604238101290890 : Checking image 1 border left 0
1609604238101345090 : Checking image 1 border right 0
1609604238101431191 : Checking image 2 dpi 300
1609604238101534292 : Checking image 2 border top 322
1609604238101593892 : Checking image 2 border bottom 278
1609604238101649292 : Checking image 2 border left 217
1609604238101704693 : Checking image 2 border right 217

</system-out><system-err>--------------------------------- Captured Err ---------------------------------

</system-err></testcase><testcase classname="tests.test_images" name="test_no_split_line_wave_algo_3_png" time="9.019"><system-out>--------------------------------- Captured Log ---------------------------------

--------------------------------- Captured Out ---------------------------------
/home/runner/work/ocr-book/ocr-book/tests/no_split_line_wave_algo_3.png
1609604235781459661 : Checking separation double page angle 90.14999999999998
1609604235781586762 : Checking separation double page y=0 2408
1609604236597133067 : Checking page rotation 1 -0.09999999999999377
1609604236711627868 : Checking page rotation 2 0.0
1609604237476582920 : Checking image 1 crop x1 182
1609604237476680220 : Checking image 1 crop y1 2955
1609604237476716321 : Checking image 1 crop x2 2199
1609604237476750421 : Checking image 1 crop y2 3203
1609604237858146989 : Checking image 2 crop x1 0
1609604237858233990 : Checking image 2 crop y1 0
1609604237858266090 : Checking image 2 crop x2 0
1609604237858296390 : Checking image 2 crop y2 0
1609604237858358990 : Checking image 1 dpi 300
1609604237858420291 : Checking image 1 border top 2951
1609604237858454191 : Checking image 1 border bottom 288
1609604237858487291 : Checking image 1 border left 221
1609604237858519492 : Checking image 1 border right 221
1609604237867510154 : Checking image 2 border top 0
1609604237867568455 : Checking image 2 border bottom 0
1609604237867598655 : Checking image 2 border left 0
1609604237867647455 : Checking image 2 border right 0

</system-out><system-err>--------------------------------- Captured Err ---------------------------------

</system-err></testcase><testcase classname="tests.test_images" name="test_failed_split_line_line_algo_3_png" time="10.805"><system-out>--------------------------------- Captured Log ---------------------------------

--------------------------------- Captured Out ---------------------------------
/home/runner/work/ocr-book/ocr-book/tests/failed_split_line_line_algo_3.png
1609604246652215237 : Checking separation double page angle 90.0
1609604246652333038 : Checking separation double page y=0 40
1609604246719873010 : Checking page rotation 1 0.0
1609604247308114917 : Checking page rotation 2 -0.04999999999999689
1609604247606153898 : Checking image 1 crop x1 0
1609604247606230398 : Checking image 1 crop y1 0
1609604247606261999 : Checking image 1 crop x2 0
1609604247606292499 : Checking image 1 crop y2 0
1609604248917835056 : Checking image 2 crop x1 247
1609604248917929757 : Checking image 2 crop y1 153
1609604248917968157 : Checking image 2 crop x2 2260
1609604248918004757 : Checking image 2 crop y2 3360
1609604248918104058 : Checking image 1 border top 0
1609604248918141258 : Checking image 1 border bottom 0
1609604248918175859 : Checking image 1 border left 0
1609604248918210259 : Checking image 1 border right 0
1609604248918255359 : Checking image 2 dpi 300
1609604248918315860 : Checking image 2 border top 144
1609604248918350460 : Checking image 2 border bottom 136
1609604248918384660 : Checking image 2 border left 223
1609604248918418260 : Checking image 2 border right 223

</system-out><system-err>--------------------------------- Captured Err ---------------------------------

</system-err></testcase></testsuite></testsuites>