<?xml version="1.0" encoding="utf-8"?><testsuites><testsuite name="pytest" errors="0" failures="0" skipped="0" tests="33" time="939.149" timestamp="2020-12-10T12:51:23.869199" hostname="fv-az135-192"><testcase classname="tests.test_features" name="test_disabled_enable_debug" time="44.782"><system-out>--------------------------------- Captured Log ---------------------------------

--------------------------------- Captured Out ---------------------------------
/home/runner/work/ocr-book/ocr-book/tests/0001_debug.png
separation double page angle 90.57780420099766
separation double page y=0 2487
page rotation 1 0.75
page rotation 2 0.2
image 1 crop x1 330
image 1 crop y1 336
image 1 crop x2 2343
image 1 crop y2 3223
image 2 crop x1 169
image 2 crop y1 648
image 2 crop x2 2186
image 2 crop y2 3361
image 1 dpi 300
image 1 border top 318
image 1 border bottom 282
image 1 border left 223
image 1 border right 223
image 2 dpi 300
image 2 border top 643
image 2 border bottom 131
image 2 border left 221
image 2 border right 221

</system-out><system-err>--------------------------------- Captured Err ---------------------------------

</system-err></testcase><testcase classname="tests.test_features" name="test_mock_stop_at_0" time="0.052"><system-out>--------------------------------- Captured Log ---------------------------------

--------------------------------- Captured Out ---------------------------------
/home/runner/work/ocr-book/ocr-book/tests/0001_0.png

</system-out><system-err>--------------------------------- Captured Err ---------------------------------

</system-err></testcase><testcase classname="tests.test_features" name="test_mock_stop_at_2" time="39.747"><system-out>--------------------------------- Captured Log ---------------------------------

--------------------------------- Captured Out ---------------------------------
/home/runner/work/ocr-book/ocr-book/tests/0001_2.png
separation double page angle 90.57780420099766
separation double page y=0 2487
page rotation 1 0.75
page rotation 2 0.2

</system-out><system-err>--------------------------------- Captured Err ---------------------------------

</system-err></testcase><testcase classname="tests.test_features" name="test_mock_stop_at_4" time="45.404"><system-out>--------------------------------- Captured Log ---------------------------------

--------------------------------- Captured Out ---------------------------------
/home/runner/work/ocr-book/ocr-book/tests/0001_4.png
separation double page angle 90.57780420099766
separation double page y=0 2487
page rotation 1 0.75
page rotation 2 0.2
image 1 crop x1 330
image 1 crop y1 336
image 1 crop x2 2343
image 1 crop y2 3223
image 2 crop x1 169
image 2 crop y1 648
image 2 crop x2 2186
image 2 crop y2 3361
image 1 dpi 300
image 1 border top 318
image 1 border bottom 282
image 1 border left 223
image 1 border right 223
image 2 dpi 300
image 2 border top 643
image 2 border bottom 131
image 2 border left 221
image 2 border right 221

</system-out><system-err>--------------------------------- Captured Err ---------------------------------

</system-err></testcase><testcase classname="tests.test_features" name="test_mock_stop_at_1" time="26.012"><system-out>--------------------------------- Captured Log ---------------------------------

--------------------------------- Captured Out ---------------------------------
/home/runner/work/ocr-book/ocr-book/tests/0001_1.png
separation double page angle 90.57780420099766
separation double page y=0 2487

</system-out><system-err>--------------------------------- Captured Err ---------------------------------

</system-err></testcase><testcase classname="tests.test_features" name="test_mock_stop_at_3" time="44.726"><system-out>--------------------------------- Captured Log ---------------------------------

--------------------------------- Captured Out ---------------------------------
/home/runner/work/ocr-book/ocr-book/tests/0001_3.png
separation double page angle 90.57780420099766
separation double page y=0 2487
page rotation 1 0.75
page rotation 2 0.2
image 1 crop x1 330
image 1 crop y1 336
image 1 crop x2 2343
image 1 crop y2 3223
image 2 crop x1 169
image 2 crop y1 648
image 2 crop x2 2186
image 2 crop y2 3361

</system-out><system-err>--------------------------------- Captured Err ---------------------------------

</system-err></testcase><testcase classname="tests.test_images" name="test_0001_png" time="56.729"><system-out>--------------------------------- Captured Log ---------------------------------

--------------------------------- Captured Out ---------------------------------
/home/runner/work/ocr-book/ocr-book/tests/0001.png
1607604803008548822 : Checking separation double page angle 90.57780420099766
1607604803008652736 : Checking separation double page y=0 2487
1607604810193756162 : Checking page rotation 1 0.75
1607604819178546740 : Checking page rotation 2 0.2
1607604823184812176 : Checking image 1 crop x1 330
1607604823184940992 : Checking image 1 crop y1 336
1607604823184980697 : Checking image 1 crop x2 2343
1607604823185014202 : Checking image 1 crop y2 3223
1607604826865382046 : Checking image 2 crop x1 169
1607604826865509261 : Checking image 2 crop y1 648
1607604826865548866 : Checking image 2 crop x2 2186
1607604826865584571 : Checking image 2 crop y2 3361
1607604826901782582 : Checking image 1 dpi 300
1607604826901898196 : Checking image 1 border top 318
1607604826901937301 : Checking image 1 border bottom 282
1607604826901972306 : Checking image 1 border left 223
1607604826902004810 : Checking image 1 border right 223
1607604826904058065 : Checking image 2 dpi 300
1607604826904141076 : Checking image 2 border top 643
1607604826904175080 : Checking image 2 border bottom 131
1607604826904207284 : Checking image 2 border left 221
1607604826904239088 : Checking image 2 border right 221

</system-out><system-err>--------------------------------- Captured Err ---------------------------------

</system-err></testcase><testcase classname="tests.test_features" name="test_mock_stop_at_5" time="45.081"><system-out>--------------------------------- Captured Log ---------------------------------

--------------------------------- Captured Out ---------------------------------
/home/runner/work/ocr-book/ocr-book/tests/0001_5.png
separation double page angle 90.57780420099766
separation double page y=0 2487
page rotation 1 0.75
page rotation 2 0.2
image 1 crop x1 330
image 1 crop y1 336
image 1 crop x2 2343
image 1 crop y2 3223
image 2 crop x1 169
image 2 crop y1 648
image 2 crop x2 2186
image 2 crop y2 3361
image 1 dpi 300
image 1 border top 318
image 1 border bottom 282
image 1 border left 223
image 1 border right 223
image 2 dpi 300
image 2 border top 643
image 2 border bottom 131
image 2 border left 221
image 2 border right 221

</system-out><system-err>--------------------------------- Captured Err ---------------------------------

</system-err></testcase><testcase classname="tests.test_images" name="test_2_pages_2_contours_png" time="38.186"><system-out>--------------------------------- Captured Log ---------------------------------

--------------------------------- Captured Out ---------------------------------
/home/runner/work/ocr-book/ocr-book/tests/2-pages-2-contours.png
1607604850285097755 : Checking separation double page angle 89.91958537671144
1607604850285204167 : Checking separation double page y=0 2492
1607604852687234594 : Checking page rotation 1 0.05
1607604859635290102 : Checking page rotation 2 0.35
1607604861284557392 : Checking image 1 crop x1 1189
1607604861284670304 : Checking image 1 crop y1 1748
1607604861284705707 : Checking image 1 crop x2 1190
1607604861284737311 : Checking image 1 crop y2 1749
1607604865068705322 : Checking image 2 crop x1 89
1607604865068831135 : Checking image 2 crop y1 240
1607604865068869538 : Checking image 2 crop x2 2136
1607604865068904442 : Checking image 2 crop y2 3239
1607604865104423149 : Checking image 1 dpi 300
1607604865104532860 : Checking image 1 border top 1753
1607604865104568664 : Checking image 1 border bottom 1753
1607604865104601367 : Checking image 1 border left 1239
1607604865104633670 : Checking image 1 border right 1239
1607604865106093719 : Checking image 2 dpi 300
1607604865106174727 : Checking image 2 border top 227
1607604865106207930 : Checking image 2 border bottom 261
1607604865106239933 : Checking image 2 border left 206
1607604865106271537 : Checking image 2 border right 206

</system-out><system-err>--------------------------------- Captured Err ---------------------------------

</system-err></testcase><testcase classname="tests.test_images" name="test_angle_page_lower_split_line_png" time="58.720"><system-out>--------------------------------- Captured Log ---------------------------------

--------------------------------- Captured Out ---------------------------------
/home/runner/work/ocr-book/ocr-book/tests/angle_page_lower_split_line.png
1607604883314635333 : Checking separation double page angle 89.75201324945476
1607604883314743943 : Checking separation double page y=0 2473
1607604891860948294 : Checking page rotation 1 -0.44999999999999746
1607604898002832244 : Checking page rotation 2 0.2
1607604901156708816 : Checking image 1 crop x1 245
1607604901156833727 : Checking image 1 crop y1 161
1607604901156873030 : Checking image 1 crop x2 2351
1607604901156909633 : Checking image 1 crop y2 3364
1607604904248291527 : Checking image 2 crop x1 151
1607604904248419237 : Checking image 2 crop y1 147
1607604904248458641 : Checking image 2 crop x2 2258
1607604904248495844 : Checking image 2 crop y2 3350
1607604904287729762 : Checking image 1 dpi 300
1607604904287844171 : Checking image 1 border top 141
1607604904287881674 : Checking image 1 border bottom 143
1607604904287914377 : Checking image 1 border left 177
1607604904287947380 : Checking image 1 border right 177
1607604904290476694 : Checking image 2 dpi 300
1607604904290562301 : Checking image 2 border top 129
1607604904290597204 : Checking image 2 border bottom 155
1607604904290630307 : Checking image 2 border left 176
1607604904290662710 : Checking image 2 border right 176

</system-out><system-err>--------------------------------- Captured Err ---------------------------------

</system-err></testcase><testcase classname="tests.test_images" name="test_black_border_not_removed_png" time="62.806"><system-out>--------------------------------- Captured Log ---------------------------------

--------------------------------- Captured Out ---------------------------------
/home/runner/work/ocr-book/ocr-book/tests/black-border-not-removed.png
1607604900879756835 : Checking separation double page angle 90.02895758682554
1607604900879860844 : Checking separation double page y=0 2456
1607604907866497922 : Checking page rotation 1 0.0
1607604918827589357 : Checking page rotation 2 0.0
1607604922631774943 : Checking image 1 crop x1 297
1607604922631899853 : Checking image 1 crop y1 143
1607604922631937756 : Checking image 1 crop x2 2309
1607604922631971058 : Checking image 1 crop y2 3346
1607604927867946507 : Checking image 2 crop x1 157
1607604927868068017 : Checking image 2 crop y1 145
1607604927868105620 : Checking image 2 crop x2 2169
1607604927868141022 : Checking image 2 crop y2 3352
1607604927906355054 : Checking image 1 dpi 300
1607604927906470763 : Checking image 1 border top 127
1607604927906508866 : Checking image 1 border bottom 157
1607604927906543269 : Checking image 1 border left 224
1607604927906576071 : Checking image 1 border right 224
1607604927908506019 : Checking image 2 dpi 300
1607604927908586525 : Checking image 2 border top 133
1607604927908620528 : Checking image 2 border bottom 147
1607604927908652530 : Checking image 2 border left 224
1607604927908686033 : Checking image 2 border right 224

</system-out><system-err>--------------------------------- Captured Err ---------------------------------

</system-err></testcase><testcase classname="tests.test_images" name="test_wrong_split_line_png" time="45.419"><system-out>--------------------------------- Captured Log ---------------------------------

--------------------------------- Captured Out ---------------------------------
/home/runner/work/ocr-book/ocr-book/tests/wrong_split_line.png
1607604932069677797 : Checking separation double page angle 89.85895720607971
1607604932069775105 : Checking separation double page y=0 2463
1607604937859888993 : Checking page rotation 1 -0.14999999999999067
1607604944581365105 : Checking page rotation 2 0.65
1607604947042747121 : Checking image 1 crop x1 213
1607604947042876430 : Checking image 1 crop y1 157
1607604947042915333 : Checking image 1 crop x2 2323
1607604947042951236 : Checking image 1 crop y2 3362
1607604949683374591 : Checking image 2 crop x1 126
1607604949683503800 : Checking image 2 crop y1 167
1607604949683542503 : Checking image 2 crop x2 2237
1607604949683579806 : Checking image 2 crop y2 3372
1607604949720564011 : Checking image 1 dpi 300
1607604949720675218 : Checking image 1 border top 135
1607604949720712921 : Checking image 1 border bottom 147
1607604949720746023 : Checking image 1 border left 175
1607604949720778626 : Checking image 1 border right 175
1607604949722858072 : Checking image 2 dpi 300
1607604949722934478 : Checking image 2 border top 139
1607604949722969880 : Checking image 2 border bottom 143
1607604949723001982 : Checking image 2 border left 174
1607604949723034485 : Checking image 2 border right 174

</system-out><system-err>--------------------------------- Captured Err ---------------------------------

</system-err></testcase><testcase classname="tests.test_images" name="test_image_failed_to_rotate_png" time="63.868"><system-out>--------------------------------- Captured Log ---------------------------------

--------------------------------- Captured Out ---------------------------------
/home/runner/work/ocr-book/ocr-book/tests/image_failed_to_rotate.png
1607604960713410470 : Checking separation double page angle 90.19634423290289
1607604960713520378 : Checking separation double page y=0 2482
1607604966228496665 : Checking page rotation 1 0.35
1607604974489786913 : Checking page rotation 2 0.45
1607604986275043378 : Checking image 1 crop x1 34
1607604986275163286 : Checking image 1 crop y1 1
1607604986275202588 : Checking image 1 crop x2 2480
1607604986275237590 : Checking image 1 crop y2 3500
1607604991622479269 : Checking image 2 crop x1 169
1607604991622603077 : Checking image 2 crop y1 234
1607604991622641079 : Checking image 2 crop x2 2248
1607604991622675881 : Checking image 2 crop y2 3355
1607604991667330308 : Checking image 1 dpi 300
1607604991667470117 : Checking image 1 border top 4
1607604991667510519 : Checking image 1 border bottom 4
1607604991667543221 : Checking image 1 border left 17
1607604991667577524 : Checking image 1 border right 17
1607604991669512642 : Checking image 2 dpi 300
1607604991669593347 : Checking image 2 border top 221
1607604991669626949 : Checking image 2 border bottom 145
1607604991669659251 : Checking image 2 border left 190
1607604991669690953 : Checking image 2 border right 190

</system-out><system-err>--------------------------------- Captured Err ---------------------------------

</system-err></testcase><testcase classname="tests.test_images" name="test_crop_too_much_png" time="81.789"><system-out>--------------------------------- Captured Log ---------------------------------

--------------------------------- Captured Out ---------------------------------
/home/runner/work/ocr-book/ocr-book/tests/crop_too_much.png
1607604998229222190 : Checking separation double page angle 90.13239409272954
1607604998229326096 : Checking separation double page y=0 2453
1607605011150681001 : Checking page rotation 1 0.0
1607605022393130174 : Checking page rotation 2 0.45
1607605027030863113 : Checking image 1 crop x1 303
1607605027030981119 : Checking image 1 crop y1 148
1607605027031020421 : Checking image 1 crop x2 2313
1607605027031054723 : Checking image 1 crop y2 3351
1607605031443399659 : Checking image 2 crop x1 170
1607605031443525166 : Checking image 2 crop y1 155
1607605031443565068 : Checking image 2 crop x2 2181
1607605031443600770 : Checking image 2 crop y2 3359
1607605031493854314 : Checking image 1 dpi 300
1607605031493974621 : Checking image 1 border top 131
1607605031494011323 : Checking image 1 border bottom 153
1607605031494044724 : Checking image 1 border left 225
1607605031494077126 : Checking image 1 border right 225
1607605031496182041 : Checking image 2 dpi 300
1607605031496266546 : Checking image 2 border top 133
1607605031496303148 : Checking image 2 border bottom 150
1607605031496335650 : Checking image 2 border left 224
1607605031496367651 : Checking image 2 border right 224

</system-out><system-err>--------------------------------- Captured Err ---------------------------------

</system-err></testcase><testcase classname="tests.test_images" name="test_image_failed_to_crop_data_png" time="63.997"><system-out>--------------------------------- Captured Log ---------------------------------

--------------------------------- Captured Out ---------------------------------
/home/runner/work/ocr-book/ocr-book/tests/image_failed_to_crop_data.png
1607605025843537321 : Checking separation double page angle 89.91538216173362
1607605025843648327 : Checking separation double page y=0 2477
1607605032354569370 : Checking page rotation 1 0.2
1607605038627112138 : Checking page rotation 2 0.0
1607605050979062811 : Checking image 1 crop x1 58
1607605050979191417 : Checking image 1 crop y1 8
1607605050979229319 : Checking image 1 crop x2 2480
1607605050979267021 : Checking image 1 crop y2 3504
1607605055673616121 : Checking image 2 crop x1 159
1607605055673741527 : Checking image 2 crop y1 217
1607605055673779729 : Checking image 2 crop x2 2241
1607605055673815231 : Checking image 2 crop y2 3350
1607605055708440818 : Checking image 1 dpi 300
1607605055708554724 : Checking image 1 border top 6
1607605055708596126 : Checking image 1 border bottom 6
1607605055708628627 : Checking image 1 border left 29
1607605055708661429 : Checking image 1 border right 29
1607605055710560227 : Checking image 2 dpi 300
1607605055710638431 : Checking image 2 border top 206
1607605055710671433 : Checking image 2 border bottom 148
1607605055710703134 : Checking image 2 border left 189
1607605055710736436 : Checking image 2 border right 189

</system-out><system-err>--------------------------------- Captured Err ---------------------------------

</system-err></testcase><testcase classname="tests.test_images" name="test_crop_too_few_png" time="50.184"><system-out>--------------------------------- Captured Log ---------------------------------

--------------------------------- Captured Out ---------------------------------
/home/runner/work/ocr-book/ocr-book/tests/crop_too_few.png
1607605062619018778 : Checking separation double page angle 89.39669496435833
1607605062619119283 : Checking separation double page y=0 2510
1607605069405025152 : Checking page rotation 1 -0.7499999999999916
1607605075763207568 : Checking page rotation 2 0.05
1607605078770451989 : Checking image 1 crop x1 265
1607605078770573195 : Checking image 1 crop y1 152
1607605078770612497 : Checking image 1 crop x2 2375
1607605078770647198 : Checking image 1 crop y2 3356
1607605081662245603 : Checking image 2 crop x1 135
1607605081662370609 : Checking image 2 crop y1 141
1607605081662409611 : Checking image 2 crop x2 2261
1607605081662447813 : Checking image 2 crop y2 3345
1607605081701099304 : Checking image 1 dpi 300
1607605081701218710 : Checking image 1 border top 134
1607605081701255611 : Checking image 1 border bottom 149
1607605081701288013 : Checking image 1 border left 175
1607605081701321915 : Checking image 1 border right 175
1607605081703410117 : Checking image 2 dpi 300
1607605081703497121 : Checking image 2 border top 129
1607605081703532423 : Checking image 2 border bottom 154
1607605081703567124 : Checking image 2 border left 167
1607605081703599626 : Checking image 2 border right 167

</system-out><system-err>--------------------------------- Captured Err ---------------------------------

</system-err></testcase><testcase classname="tests.test_images" name="test_wrong_angle_split_line_png" time="70.462"><system-out>--------------------------------- Captured Log ---------------------------------

--------------------------------- Captured Out ---------------------------------
/home/runner/work/ocr-book/ocr-book/tests/wrong_angle_split_line.png
1607605090741666704 : Checking separation double page angle 90.0419342000635
1607605090741775709 : Checking separation double page y=0 2477
1607605098788261846 : Checking page rotation 1 0.2
1607605107253288299 : Checking page rotation 2 0.2
1607605119718069059 : Checking image 1 crop x1 61
1607605119718198165 : Checking image 1 crop y1 7
1607605119718239867 : Checking image 1 crop x2 2475
1607605119718275368 : Checking image 1 crop y2 3500
1607605125269217443 : Checking image 2 crop x1 165
1607605125269345349 : Checking image 2 crop y1 219
1607605125269383750 : Checking image 2 crop x2 2241
1607605125269418852 : Checking image 2 crop y2 3348
1607605125454875983 : Checking image 1 dpi 300
1607605125454990189 : Checking image 1 border top 7
1607605125455030790 : Checking image 1 border bottom 7
1607605125455062992 : Checking image 1 border left 33
1607605125455095793 : Checking image 1 border right 33
1607605125462397525 : Checking image 2 dpi 300
1607605125462499730 : Checking image 2 border top 207
1607605125462535732 : Checking image 2 border bottom 151
1607605125462570733 : Checking image 2 border left 192
1607605125462602635 : Checking image 2 border right 192

</system-out><system-err>--------------------------------- Captured Err ---------------------------------

</system-err></testcase><testcase classname="tests.test_images" name="test_crop_too_much_2_png" time="84.332"><system-out>--------------------------------- Captured Log ---------------------------------

--------------------------------- Captured Out ---------------------------------
/home/runner/work/ocr-book/ocr-book/tests/crop_too_much_2.png
1607605129301180376 : Checking separation double page angle 90.20211186462491
1607605129301286581 : Checking separation double page y=0 2477
1607605142069056954 : Checking page rotation 1 0.2
1607605155790854294 : Checking page rotation 2 0.2
1607605160314754908 : Checking image 1 crop x1 332
1607605160314878113 : Checking image 1 crop y1 131
1607605160314917515 : Checking image 1 crop x2 2342
1607605160314951916 : Checking image 1 crop y2 3336
1607605165946486969 : Checking image 2 crop x1 168
1607605165946607574 : Checking image 2 crop y1 139
1607605165946646076 : Checking image 2 crop x2 2181
1607605165946681677 : Checking image 2 crop y2 3345
1607605166002472287 : Checking image 1 dpi 300
1607605166002583692 : Checking image 1 border top 118
1607605166002619594 : Checking image 1 border bottom 164
1607605166002652095 : Checking image 1 border left 225
1607605166002685797 : Checking image 1 border right 225
1607605166004752186 : Checking image 2 dpi 300
1607605166004830289 : Checking image 2 border top 127
1607605166004864591 : Checking image 2 border bottom 154
1607605166004896692 : Checking image 2 border left 223
1607605166004930793 : Checking image 2 border right 223

</system-out><system-err>--------------------------------- Captured Err ---------------------------------

</system-err></testcase><testcase classname="tests.test_images" name="test_wrong_split_line_3_png" time="65.276"><system-out>--------------------------------- Captured Log ---------------------------------

--------------------------------- Captured Out ---------------------------------
/home/runner/work/ocr-book/ocr-book/tests/wrong_split_line_3.png
1607605167002748654 : Checking separation double page angle 90.43729500214694
1607605167002850258 : Checking separation double page y=0 2498
1607605177349448634 : Checking page rotation 1 0.30000000000000004
1607605185238967256 : Checking page rotation 2 0.9
1607605188453496593 : Checking image 1 crop x1 331
1607605188453623698 : Checking image 1 crop y1 165
1607605188453661800 : Checking image 1 crop x2 2375
1607605188453696502 : Checking image 1 crop y2 3376
1607605191476703168 : Checking image 2 crop x1 102
1607605191476834874 : Checking image 2 crop y1 208
1607605191476872775 : Checking image 2 crop x2 2133
1607605191476908177 : Checking image 2 crop y2 3413
1607605191517298076 : Checking image 1 dpi 300
1607605191517409981 : Checking image 1 border top 148
1607605191517445882 : Checking image 1 border bottom 128
1607605191517478784 : Checking image 1 border left 208
1607605191517511185 : Checking image 1 border right 208
1607605191519545571 : Checking image 2 dpi 300
1607605191519632474 : Checking image 2 border top 191
1607605191519666776 : Checking image 2 border bottom 91
1607605191519699077 : Checking image 2 border left 214
1607605191519730678 : Checking image 2 border right 214

</system-out><system-err>--------------------------------- Captured Err ---------------------------------

</system-err></testcase><testcase classname="tests.test_images" name="test_wrong_split_line_2_png" time="99.738"><system-out>--------------------------------- Captured Log ---------------------------------

--------------------------------- Captured Out ---------------------------------
/home/runner/work/ocr-book/ocr-book/tests/wrong_split_line_2.png
1607605225534015491 : Checking separation double page angle 90.38387862177287
1607605225534114795 : Checking separation double page y=0 2442
1607605236092737616 : Checking page rotation 1 0.05
1607605248357587000 : Checking page rotation 2 0.4
1607605255497516814 : Checking image 1 crop x1 294
1607605255497642119 : Checking image 1 crop y1 137
1607605255497682221 : Checking image 1 crop x2 2326
1607605255497716422 : Checking image 1 crop y2 3375
1607605265703894366 : Checking image 2 crop x1 146
1607605265704022171 : Checking image 2 crop y1 192
1607605265704061273 : Checking image 2 crop x2 2173
1607605265704097074 : Checking image 2 crop y2 3386
1607605265755191811 : Checking image 1 dpi 300
1607605265755308616 : Checking image 1 border top 124
1607605265755371718 : Checking image 1 border bottom 124
1607605265755407020 : Checking image 1 border left 214
1607605265755439821 : Checking image 1 border right 214
1607605265757521104 : Checking image 2 dpi 300
1607605265757601507 : Checking image 2 border top 185
1607605265757635109 : Checking image 2 border bottom 108
1607605265757666710 : Checking image 2 border left 216
1607605265757698511 : Checking image 2 border right 216

</system-out><system-err>--------------------------------- Captured Err ---------------------------------

</system-err></testcase><testcase classname="tests.test_images" name="test_wrong_wave_split_line_png" time="93.602"><system-out>--------------------------------- Captured Log ---------------------------------

--------------------------------- Captured Out ---------------------------------
/home/runner/work/ocr-book/ocr-book/tests/wrong_wave_split_line.png
1607605240308816026 : Checking separation double page angle 90.52878604107717
1607605240308921231 : Checking separation double page y=0 2502
1607605251019991236 : Checking page rotation 1 -0.14999999999999067
1607605260926344456 : Checking page rotation 2 0.85
1607605269461972629 : Checking image 1 crop x1 385
1607605269462107634 : Checking image 1 crop y1 179
1607605269462146536 : Checking image 1 crop x2 2411
1607605269462180037 : Checking image 1 crop y2 3374
1607605285053877656 : Checking image 2 crop x1 27
1607605285054007561 : Checking image 2 crop y1 1
1607605285054047262 : Checking image 2 crop x2 2489
1607605285054083864 : Checking image 2 crop y2 3505
1607605285112048351 : Checking image 1 dpi 300
1607605285112167156 : Checking image 1 border top 169
1607605285112206358 : Checking image 1 border bottom 123
1607605285112239059 : Checking image 1 border left 217
1607605285112271260 : Checking image 1 border right 217
1607605285114297240 : Checking image 2 dpi 300
1607605285114383843 : Checking image 2 border top 2
1607605285114422045 : Checking image 2 border bottom 2
1607605285114453846 : Checking image 2 border left 9
1607605285114487448 : Checking image 2 border right 9

</system-out><system-err>--------------------------------- Captured Err ---------------------------------

</system-err></testcase><testcase classname="tests.test_images" name="test_small_wave_png" time="72.556"><system-out>--------------------------------- Captured Log ---------------------------------

--------------------------------- Captured Out ---------------------------------
/home/runner/work/ocr-book/ocr-book/tests/small_wave.png
1607605311406198152 : Checking separation double page angle 90.61316928841565
1607605311406296865 : Checking separation double page y=0 2495
1607605322190876441 : Checking page rotation 1 0.7
1607605332118361516 : Checking page rotation 2 0.7
1607605335064927379 : Checking image 1 crop x1 322
1607605335065055795 : Checking image 1 crop y1 199
1607605335065095300 : Checking image 1 crop x2 2351
1607605335065131505 : Checking image 1 crop y2 3394
1607605338268155748 : Checking image 2 crop x1 135
1607605338268280664 : Checking image 2 crop y1 223
1607605338268319669 : Checking image 2 crop x2 2164
1607605338268356373 : Checking image 2 crop y2 3419
1607605338311716323 : Checking image 1 dpi 300
1607605338311834738 : Checking image 1 border top 178
1607605338311871442 : Checking image 1 border bottom 114
1607605338311904647 : Checking image 1 border left 215
1607605338311937551 : Checking image 1 border right 215
1607605338314002810 : Checking image 2 dpi 300
1607605338314088221 : Checking image 2 border top 196
1607605338314122825 : Checking image 2 border bottom 95
1607605338314154930 : Checking image 2 border left 215
1607605338314187034 : Checking image 2 border right 215

</system-out><system-err>--------------------------------- Captured Err ---------------------------------

</system-err></testcase><testcase classname="tests.test_images" name="test_no_split_line_line_algo_png" time="54.652"><system-out>--------------------------------- Captured Log ---------------------------------

--------------------------------- Captured Out ---------------------------------
/home/runner/work/ocr-book/ocr-book/tests/no_split_line_line_algo.png
1607605317584014853 : Checking separation double page angle 89.47691469185418
1607605317584118767 : Checking separation double page y=0 2476
1607605323091822938 : Checking page rotation 1 -0.14999999999999067
1607605333282775415 : Checking page rotation 2 -0.44999999999999746
1607605335865575140 : Checking image 1 crop x1 205
1607605335865704156 : Checking image 1 crop y1 158
1607605335865742061 : Checking image 1 crop x2 2320
1607605335865776665 : Checking image 1 crop y2 3366
1607605339739393943 : Checking image 2 crop x1 185
1607605339739519959 : Checking image 2 crop y1 221
1607605339739557964 : Checking image 2 crop x2 2201
1607605339739593268 : Checking image 2 crop y2 3366
1607605339784796736 : Checking image 1 dpi 300
1607605339784913551 : Checking image 1 border top 141
1607605339784951055 : Checking image 1 border bottom 138
1607605339784983659 : Checking image 1 border left 172
1607605339785015963 : Checking image 1 border right 172
1607605339787004213 : Checking image 2 dpi 300
1607605339787083323 : Checking image 2 border top 215
1607605339787116627 : Checking image 2 border bottom 127
1607605339787148631 : Checking image 2 border left 222
1607605339787180835 : Checking image 2 border right 222

</system-out><system-err>--------------------------------- Captured Err ---------------------------------

</system-err></testcase><testcase classname="tests.test_images" name="test_failed_split_line_line_algo_png" time="26.910"><system-out>--------------------------------- Captured Log ---------------------------------

--------------------------------- Captured Out ---------------------------------
/home/runner/work/ocr-book/ocr-book/tests/failed_split_line_line_algo.png
1607605355211323215 : Checking separation double page angle 90.0163422057325
1607605355211455831 : Checking separation double page y=0 2575
1607605358745432107 : Checking page rotation 1 -0.14999999999999067
1607605361002735089 : Checking page rotation 2 0.0
1607605363693365162 : Checking image 1 crop x1 407
1607605363693494477 : Checking image 1 crop y1 2925
1607605363693533982 : Checking image 1 crop x2 2419
1607605363693569186 : Checking image 1 crop y2 3174
1607605365271573166 : Checking image 2 crop x1 1184
1607605365271689179 : Checking image 2 crop y1 1744
1607605365271725384 : Checking image 2 crop x2 1185
1607605365271758587 : Checking image 2 crop y2 1745
1607605365272059923 : Checking image 1 dpi 300
1607605365272148133 : Checking image 1 border top 2917
1607605365272182537 : Checking image 1 border bottom 321
1607605365272215341 : Checking image 1 border left 224
1607605365272247745 : Checking image 1 border right 224
1607605365273774925 : Checking image 2 dpi 300
1607605365273851734 : Checking image 2 border top 1752
1607605365273886338 : Checking image 2 border bottom 1753
1607605365273918742 : Checking image 2 border left 1239
1607605365273950646 : Checking image 2 border right 1239

</system-out><system-err>--------------------------------- Captured Err ---------------------------------

</system-err></testcase><testcase classname="tests.test_images" name="test_failed_split_line_line_algo_2_png" time="69.500"><system-out>--------------------------------- Captured Log ---------------------------------

--------------------------------- Captured Out ---------------------------------
/home/runner/work/ocr-book/ocr-book/tests/failed_split_line_line_algo_2.png
1607605384139259685 : Checking separation double page angle 89.99134220573251
1607605384139381799 : Checking separation double page y=0 2498
1607605394897522141 : Checking page rotation 1 0.0
1607605402813075086 : Checking page rotation 2 0.6000000000000001
1607605405951275057 : Checking image 1 crop x1 272
1607605405951434275 : Checking image 1 crop y1 149
1607605405951471779 : Checking image 1 crop x2 2383
1607605405951504782 : Checking image 1 crop y2 3353
1607605409237597879 : Checking image 2 crop x1 121
1607605409237716692 : Checking image 2 crop y1 155
1607605409237767097 : Checking image 2 crop x2 2244
1607605409237802201 : Checking image 2 crop y2 3350
1607605409282790114 : Checking image 1 dpi 300
1607605409282903326 : Checking image 1 border top 139
1607605409282940530 : Checking image 1 border bottom 144
1607605409282977334 : Checking image 1 border left 174
1607605409283010238 : Checking image 1 border right 174
1607605409284990450 : Checking image 2 dpi 300
1607605409285068658 : Checking image 2 border top 136
1607605409285101862 : Checking image 2 border bottom 156
1607605409285133665 : Checking image 2 border left 168
1607605409285164868 : Checking image 2 border right 168

</system-out><system-err>--------------------------------- Captured Err ---------------------------------

</system-err></testcase><testcase classname="tests.test_images" name="test_crop_too_much_3_png" time="69.726"><system-out>--------------------------------- Captured Log ---------------------------------

--------------------------------- Captured Out ---------------------------------
/home/runner/work/ocr-book/ocr-book/tests/crop_too_much_3.png
1607605405596487673 : Checking separation double page angle 89.55580634783144
1607605405596597885 : Checking separation double page y=0 2499
1607605413558699716 : Checking page rotation 1 -0.9499999999999917
1607605426070374620 : Checking page rotation 2 -0.14999999999999067
1607605430442755132 : Checking image 1 crop x1 373
1607605430442883345 : Checking image 1 crop y1 258
1607605430442922949 : Checking image 1 crop x2 2386
1607605430442957052 : Checking image 1 crop y2 3458
1607605434914254613 : Checking image 2 crop x1 167
1607605434914380226 : Checking image 2 crop y1 228
1607605434914419030 : Checking image 2 crop x2 2180
1607605434914454333 : Checking image 2 crop y2 3417
1607605434964679034 : Checking image 1 dpi 300
1607605434964794545 : Checking image 1 border top 239
1607605434964831049 : Checking image 1 border bottom 48
1607605434964863952 : Checking image 1 border left 223
1607605434964896856 : Checking image 1 border right 223
1607605434966982667 : Checking image 2 dpi 300
1607605434967060675 : Checking image 2 border top 207
1607605434967094679 : Checking image 2 border bottom 91
1607605434967126582 : Checking image 2 border left 223
1607605434967158385 : Checking image 2 border right 223

</system-out><system-err>--------------------------------- Captured Err ---------------------------------

</system-err></testcase><testcase classname="tests.test_images" name="test_wrong_wave_split_line_2_png" time="70.593"><system-out>--------------------------------- Captured Log ---------------------------------

--------------------------------- Captured Out ---------------------------------
/home/runner/work/ocr-book/ocr-book/tests/wrong_wave_split_line_2.png
1607605455321816828 : Checking separation double page angle 90.7708958311329
1607605455321926239 : Checking separation double page y=0 2490
1607605463445922615 : Checking page rotation 1 0.4
1607605473250685993 : Checking page rotation 2 1.8
1607605476474570025 : Checking image 1 crop x1 224
1607605476474695937 : Checking image 1 crop y1 147
1607605476474735241 : Checking image 1 crop x2 2337
1607605476474771644 : Checking image 1 crop y2 3355
1607605479819375285 : Checking image 2 crop x1 107
1607605479819494196 : Checking image 2 crop y1 197
1607605479819545001 : Checking image 2 crop x2 2229
1607605479819579204 : Checking image 2 crop y2 3396
1607605479871495632 : Checking image 1 dpi 300
1607605479871611743 : Checking image 1 border top 133
1607605479871648946 : Checking image 1 border bottom 146
1607605479871681449 : Checking image 1 border left 173
1607605479871713752 : Checking image 1 border right 173
1607605479873703837 : Checking image 2 dpi 300
1607605479873786445 : Checking image 2 border top 167
1607605479873818948 : Checking image 2 border bottom 121
1607605479873850251 : Checking image 2 border left 169
1607605479873882154 : Checking image 2 border right 169

</system-out><system-err>--------------------------------- Captured Err ---------------------------------

</system-err></testcase><testcase classname="tests.test_images" name="test_wrong_wave_split_line_3_png" time="63.795"><system-out>--------------------------------- Captured Log ---------------------------------

--------------------------------- Captured Out ---------------------------------
/home/runner/work/ocr-book/ocr-book/tests/wrong_wave_split_line_3.png
1607605476112470961 : Checking separation double page angle 90.05867351615122
1607605476112572571 : Checking separation double page y=0 2510
1607605484408582996 : Checking page rotation 1 0.1
1607605492424207847 : Checking page rotation 2 0.35
1607605495625219386 : Checking image 1 crop x1 272
1607605495625345897 : Checking image 1 crop y1 219
1607605495625386401 : Checking image 1 crop x2 2383
1607605495625420504 : Checking image 1 crop y2 3423
1607605498731210925 : Checking image 2 crop x1 119
1607605498731369939 : Checking image 2 crop y1 226
1607605498731412343 : Checking image 2 crop x2 2240
1607605498731448746 : Checking image 2 crop y2 3413
1607605498772873267 : Checking image 1 dpi 300
1607605498772997278 : Checking image 1 border top 202
1607605498773033681 : Checking image 1 border bottom 81
1607605498773066184 : Checking image 1 border left 174
1607605498773099987 : Checking image 1 border right 174
1607605498775235779 : Checking image 2 dpi 300
1607605498775315586 : Checking image 2 border top 203
1607605498775387293 : Checking image 2 border bottom 97
1607605498775419395 : Checking image 2 border left 169
1607605498775451298 : Checking image 2 border right 169

</system-out><system-err>--------------------------------- Captured Err ---------------------------------

</system-err></testcase><testcase classname="tests.test_images" name="test_no_split_line_wave_algo_png" time="64.784"><system-out>--------------------------------- Captured Log ---------------------------------

--------------------------------- Captured Out ---------------------------------
/home/runner/work/ocr-book/ocr-book/tests/no_split_line_wave_algo.png
1607605512111867775 : Checking separation double page angle 89.93575909193096
1607605512111976384 : Checking separation double page y=0 2482
1607605519045907907 : Checking page rotation 1 0.0
1607605526963455113 : Checking page rotation 2 -0.5499999999999912
1607605537117889397 : Checking image 1 crop x1 97
1607605537117972204 : Checking image 1 crop y1 77
1607605537118007707 : Checking image 1 crop x2 2483
1607605537118041010 : Checking image 1 crop y2 3505
1607605544573840743 : Checking image 2 crop x1 164
1607605544573967353 : Checking image 2 crop y1 266
1607605544574006957 : Checking image 2 crop x2 2241
1607605544574041759 : Checking image 2 crop y2 3382
1607605544618456047 : Checking image 1 dpi 300
1607605544618585758 : Checking image 1 border top 40
1607605544618622361 : Checking image 1 border bottom 40
1607605544618654764 : Checking image 1 border left 47
1607605544618687466 : Checking image 1 border right 47
1607605544620804242 : Checking image 2 dpi 300
1607605544620894450 : Checking image 2 border top 254
1607605544620929152 : Checking image 2 border bottom 117
1607605544620960955 : Checking image 2 border left 191
1607605544620992358 : Checking image 2 border right 191

</system-out><system-err>--------------------------------- Captured Err ---------------------------------

</system-err></testcase><testcase classname="tests.test_images" name="test_no_split_line_wave_algo_2_png" time="54.132"><system-out>--------------------------------- Captured Log ---------------------------------

--------------------------------- Captured Out ---------------------------------
/home/runner/work/ocr-book/ocr-book/tests/no_split_line_wave_algo_2.png
1607605532181610465 : Checking separation double page angle 91.21822795596304
1607605532181716774 : Checking separation double page y=0 2488
1607605539430588569 : Checking page rotation 1 1.0999999999999999
1607605547018740627 : Checking page rotation 2 0.2
1607605550138565853 : Checking image 1 crop x1 266
1607605550138693964 : Checking image 1 crop y1 210
1607605550138732667 : Checking image 1 crop x2 2342
1607605550138768070 : Checking image 1 crop y2 3413
1607605552868647686 : Checking image 2 crop x1 199
1607605552868773397 : Checking image 2 crop y1 241
1607605552868811100 : Checking image 2 crop x2 2282
1607605552868846703 : Checking image 2 crop y2 3433
1607605552910781940 : Checking image 1 dpi 300
1607605552910903650 : Checking image 1 border top 194
1607605552910940153 : Checking image 1 border bottom 90
1607605552910972556 : Checking image 1 border left 192
1607605552911004258 : Checking image 1 border right 192
1607605552913130332 : Checking image 2 dpi 300
1607605552913215639 : Checking image 2 border top 226
1607605552913249142 : Checking image 2 border bottom 69
1607605552913280945 : Checking image 2 border left 188
1607605552913312647 : Checking image 2 border right 188

</system-out><system-err>--------------------------------- Captured Err ---------------------------------

</system-err></testcase><testcase classname="tests.test_images" name="test_crop_too_few_2_png" time="50.792"><system-out>--------------------------------- Captured Log ---------------------------------

--------------------------------- Captured Out ---------------------------------
/home/runner/work/ocr-book/ocr-book/tests/crop_too_few_2.png
1607605576850626811 : Checking separation double page angle 90.25476192320097
1607605576850735419 : Checking separation double page y=0 2531
1607605583913782804 : Checking page rotation 1 1.2000000000000002
1607605589529768137 : Checking page rotation 2 -0.09999999999999377
1607605592659007097 : Checking image 1 crop x1 287
1607605592659125607 : Checking image 1 crop y1 165
1607605592659163109 : Checking image 1 crop x2 2398
1607605592659196912 : Checking image 1 crop y2 3368
1607605595437086898 : Checking image 2 crop x1 145
1607605595437206607 : Checking image 2 crop y1 188
1607605595437243710 : Checking image 2 crop x2 2271
1607605595437277813 : Checking image 2 crop y2 3386
1607605595476250306 : Checking image 1 dpi 300
1607605595476359214 : Checking image 1 border top 139
1607605595476395617 : Checking image 1 border bottom 145
1607605595476427920 : Checking image 1 border left 174
1607605595476460022 : Checking image 1 border right 174
1607605595478454675 : Checking image 2 dpi 300
1607605595478531381 : Checking image 2 border top 180
1607605595478564684 : Checking image 2 border bottom 109
1607605595478595786 : Checking image 2 border left 167
1607605595478627589 : Checking image 2 border right 167

</system-out><system-err>--------------------------------- Captured Err ---------------------------------

</system-err></testcase><testcase classname="tests.test_images" name="test_failed_detect_rectangle_png" time="68.002"><system-out>--------------------------------- Captured Log ---------------------------------

--------------------------------- Captured Out ---------------------------------
/home/runner/work/ocr-book/ocr-book/tests/failed_detect_rectangle.png
1607605595204539839 : Checking separation double page angle 90.19837516213148
1607605595204641047 : Checking separation double page y=0 2471
1607605603655272525 : Checking page rotation 1 0.2
1607605614325499545 : Checking page rotation 2 0.2
1607605617416155428 : Checking image 1 crop x1 257
1607605617416286438 : Checking image 1 crop y1 201
1607605617416324841 : Checking image 1 crop x2 2333
1607605617416359043 : Checking image 1 crop y2 3402
1607605620855520509 : Checking image 2 crop x1 139
1607605620855647118 : Checking image 2 crop y1 215
1607605620855687421 : Checking image 2 crop x2 2222
1607605620855722924 : Checking image 2 crop y2 3406
1607605620905672529 : Checking image 1 dpi 300
1607605620905787537 : Checking image 1 border top 188
1607605620905825240 : Checking image 1 border bottom 98
1607605620905857743 : Checking image 1 border left 192
1607605620905889745 : Checking image 1 border right 192
1607605620907983000 : Checking image 2 dpi 300
1607605620908064006 : Checking image 2 border top 200
1607605620908097509 : Checking image 2 border bottom 95
1607605620908129111 : Checking image 2 border left 188
1607605620908160513 : Checking image 2 border right 188

</system-out><system-err>--------------------------------- Captured Err ---------------------------------

</system-err></testcase><testcase classname="tests.test_images" name="test_single_page_png" time="24.927"><system-out>--------------------------------- Captured Log ---------------------------------

--------------------------------- Captured Out ---------------------------------
/home/runner/work/ocr-book/ocr-book/tests/single_page.png
1607605605307916839 : Checking separation double page angle 89.97500000000001
1607605605308028048 : Checking separation double page y=0 2469
1607605611071231598 : Checking page rotation 1 0.0
1607605611693690137 : Checking page rotation 2 0.0
1607605619452932522 : Checking image 1 crop x1 1
1607605619453015728 : Checking image 1 crop y1 9
1607605619453050931 : Checking image 1 crop x2 2464
1607605619453084133 : Checking image 1 crop y2 3505
1607605620052789069 : Checking image 2 crop x1 0
1607605620052858874 : Checking image 2 crop y1 0
1607605620052889877 : Checking image 2 crop x2 0
1607605620052919479 : Checking image 2 crop y2 0
1607605620052994885 : Checking image 1 dpi 300
1607605620053057589 : Checking image 1 border top 6
1607605620053092892 : Checking image 1 border bottom 6
1607605620053125094 : Checking image 1 border left 9
1607605620053156897 : Checking image 1 border right 9
1607605620059070635 : Checking image 2 border top 0
1607605620059131940 : Checking image 2 border bottom 0
1607605620059162542 : Checking image 2 border left 0
1607605620059193544 : Checking image 2 border right 0

</system-out><system-err>--------------------------------- Captured Err ---------------------------------

</system-err></testcase></testsuite></testsuites>