<?xml version="1.0" encoding="utf-8"?><testsuites><testsuite name="pytest" errors="0" failures="0" skipped="0" tests="36" time="488.107" timestamp="2021-08-28T06:27:44.457536" hostname="fv-az91-89"><testcase classname="tests.test_features" name="test_mock_stop_at_0" time="0.044"><system-out>--------------------------------- Captured Log ---------------------------------

--------------------------------- Captured Out ---------------------------------
/home/runner/work/diptych/diptych/tests/0001_0.png

</system-out><system-err>--------------------------------- Captured Err ---------------------------------

</system-err></testcase><testcase classname="tests.test_features" name="test_disabled_enable_debug" time="24.718"><system-out>--------------------------------- Captured Log ---------------------------------

--------------------------------- Captured Out ---------------------------------
/home/runner/work/diptych/diptych/tests/0001_debug.png
separation double page angle 90.55756528497216
separation double page y=0 2484
page rotation 1 0.65
page rotation 2 0.2
image 1 crop x1 329
image 1 crop y1 335
image 1 crop x2 2344
image 1 crop y2 3222
image 2 crop x1 171
image 2 crop y1 648
image 2 crop x2 2188
image 2 crop y2 3361
image 1 dpi 300
image 1 border top 327
image 1 border bottom 273
image 1 border left 222
image 1 border right 222
image 2 dpi 300
image 2 border top 643
image 2 border bottom 131
image 2 border left 221
image 2 border right 221

</system-out><system-err>--------------------------------- Captured Err ---------------------------------

</system-err></testcase><testcase classname="tests.test_features" name="test_mock_stop_at_2" time="18.539"><system-out>--------------------------------- Captured Log ---------------------------------

--------------------------------- Captured Out ---------------------------------
/home/runner/work/diptych/diptych/tests/0001_2.png
separation double page angle 90.55756528497216
separation double page y=0 2484
page rotation 1 0.65
page rotation 2 0.2

</system-out><system-err>--------------------------------- Captured Err ---------------------------------

</system-err></testcase><testcase classname="tests.test_features" name="test_mock_stop_at_4" time="27.190"><system-out>--------------------------------- Captured Log ---------------------------------

--------------------------------- Captured Out ---------------------------------
/home/runner/work/diptych/diptych/tests/0001_4.png
separation double page angle 90.55756528497216
separation double page y=0 2484
page rotation 1 0.65
page rotation 2 0.2
image 1 crop x1 329
image 1 crop y1 335
image 1 crop x2 2344
image 1 crop y2 3222
image 2 crop x1 171
image 2 crop y1 648
image 2 crop x2 2188
image 2 crop y2 3361
image 1 dpi 300
image 1 border top 326
image 1 border bottom 274
image 1 border left 222
image 1 border right 222
image 2 dpi 300
image 2 border top 643
image 2 border bottom 131
image 2 border left 221
image 2 border right 221

</system-out><system-err>--------------------------------- Captured Err ---------------------------------

</system-err></testcase><testcase classname="tests.test_features" name="test_mock_stop_at_1" time="15.076"><system-out>--------------------------------- Captured Log ---------------------------------

--------------------------------- Captured Out ---------------------------------
/home/runner/work/diptych/diptych/tests/0001_1.png
separation double page angle 90.55756528497216
separation double page y=0 2484

</system-out><system-err>--------------------------------- Captured Err ---------------------------------

</system-err></testcase><testcase classname="tests.test_features" name="test_mock_stop_at_3" time="25.520"><system-out>--------------------------------- Captured Log ---------------------------------

--------------------------------- Captured Out ---------------------------------
/home/runner/work/diptych/diptych/tests/0001_3.png
separation double page angle 90.55756528497216
separation double page y=0 2484
page rotation 1 0.65
page rotation 2 0.2
image 1 crop x1 329
image 1 crop y1 335
image 1 crop x2 2344
image 1 crop y2 3222
image 2 crop x1 171
image 2 crop y1 648
image 2 crop x2 2188
image 2 crop y2 3361

</system-out><system-err>--------------------------------- Captured Err ---------------------------------

</system-err></testcase><testcase classname="tests.test_images" name="test_0001_png" time="25.846"><system-out>--------------------------------- Captured Log ---------------------------------

--------------------------------- Captured Out ---------------------------------
/home/runner/work/diptych/diptych/tests/0001.png
1630132127094835708 : Checking separation double page angle 90.55756528497216
1630132127094961507 : Checking separation double page y=0 2484
1630132129042856241 : Checking page rotation 1 0.65
1630132131445208773 : Checking page rotation 2 0.2
1630132134566396182 : Checking image 1 crop x1 329
1630132134566508581 : Checking image 1 crop y1 335
1630132134566552481 : Checking image 1 crop x2 2344
1630132134566590981 : Checking image 1 crop y2 3222
1630132137322671649 : Checking image 2 crop x1 171
1630132137322780449 : Checking image 2 crop y1 648
1630132137322824649 : Checking image 2 crop x2 2188
1630132137322863149 : Checking image 2 crop y2 3361
1630132137323030949 : Checking image 1 dpi 300
1630132137323113649 : Checking image 1 border top 326
1630132137323153849 : Checking image 1 border bottom 274
1630132137323190649 : Checking image 1 border left 222
1630132137323226149 : Checking image 1 border right 222
1630132137326234348 : Checking image 2 dpi 300
1630132137326327248 : Checking image 2 border top 643
1630132137326367648 : Checking image 2 border bottom 131
1630132137326403748 : Checking image 2 border left 221
1630132137326439548 : Checking image 2 border right 221

</system-out><system-err>--------------------------------- Captured Err ---------------------------------

</system-err></testcase><testcase classname="tests.test_features" name="test_mock_stop_at_5" time="25.949"><system-out>--------------------------------- Captured Log ---------------------------------

--------------------------------- Captured Out ---------------------------------
/home/runner/work/diptych/diptych/tests/0001_5.png
separation double page angle 90.55756528497216
separation double page y=0 2484
page rotation 1 0.65
page rotation 2 0.2
image 1 crop x1 329
image 1 crop y1 335
image 1 crop x2 2344
image 1 crop y2 3222
image 2 crop x1 171
image 2 crop y1 648
image 2 crop x2 2188
image 2 crop y2 3361
image 1 dpi 300
image 1 border top 326
image 1 border bottom 274
image 1 border left 222
image 1 border right 222
image 2 dpi 300
image 2 border top 643
image 2 border bottom 131
image 2 border left 221
image 2 border right 221

</system-out><system-err>--------------------------------- Captured Err ---------------------------------

</system-err></testcase><testcase classname="tests.test_images" name="test_black_border_not_removed_png" time="28.171"><system-out>--------------------------------- Captured Log ---------------------------------

--------------------------------- Captured Out ---------------------------------
/home/runner/work/diptych/diptych/tests/black-border-not-removed.png
1630132152249702827 : Checking separation double page angle 90.01516396500199
1630132152249814027 : Checking separation double page y=0 2455
1630132154563868267 : Checking page rotation 1 0.0
1630132157509286219 : Checking page rotation 2 0.1
1630132160544324232 : Checking image 1 crop x1 297
1630132160544433532 : Checking image 1 crop y1 143
1630132160544474532 : Checking image 1 crop x2 2309
1630132160544510732 : Checking image 1 crop y2 3346
1630132165507704149 : Checking image 2 crop x1 154
1630132165507807649 : Checking image 2 crop y1 144
1630132165507848049 : Checking image 2 crop x2 2168
1630132165507885249 : Checking image 2 crop y2 3351
1630132165508048749 : Checking image 1 dpi 300
1630132165508130049 : Checking image 1 border top 131
1630132165508166649 : Checking image 1 border bottom 153
1630132165508200049 : Checking image 1 border left 224
1630132165508235049 : Checking image 1 border right 224
1630132165510903848 : Checking image 2 dpi 300
1630132165510972048 : Checking image 2 border top 133
1630132165511012748 : Checking image 2 border bottom 147
1630132165511045247 : Checking image 2 border left 223
1630132165511077447 : Checking image 2 border right 223

</system-out><system-err>--------------------------------- Captured Err ---------------------------------

</system-err></testcase><testcase classname="tests.test_images" name="test_2_pages_2_contours_png" time="18.417"><system-out>--------------------------------- Captured Log ---------------------------------

--------------------------------- Captured Out ---------------------------------
/home/runner/work/diptych/diptych/tests/2-pages-2-contours.png
1630132169414765638 : Checking separation double page angle 90.14230271514262
1630132169414883838 : Checking separation double page y=0 2488
1630132170133619987 : Checking page rotation 1 0.0
1630132171855276845 : Checking page rotation 2 0.2
1630132172769916698 : Checking image 1 crop x1 1189
1630132172770012198 : Checking image 1 crop y1 1751
1630132172770048998 : Checking image 1 crop x2 1190
1630132172770081198 : Checking image 1 crop y2 1752
1630132175420034457 : Checking image 2 crop x1 100
1630132175420147457 : Checking image 2 crop y1 240
1630132175420188057 : Checking image 2 crop x2 2148
1630132175420224857 : Checking image 2 crop y2 3240
1630132175420400157 : Checking image 1 dpi 300
1630132175420474357 : Checking image 1 border top 1752
1630132175420512057 : Checking image 1 border bottom 1753
1630132175420545957 : Checking image 1 border left 1239
1630132175420578757 : Checking image 1 border right 1239
1630132175422265656 : Checking image 2 dpi 300
1630132175422331056 : Checking image 2 border top 230
1630132175422366356 : Checking image 2 border bottom 256
1630132175422399256 : Checking image 2 border left 206
1630132175422431356 : Checking image 2 border right 206

</system-out><system-err>--------------------------------- Captured Err ---------------------------------

</system-err></testcase><testcase classname="tests.test_images" name="test_image_failed_to_rotate_png" time="30.785"><system-out>--------------------------------- Captured Log ---------------------------------

--------------------------------- Captured Out ---------------------------------
/home/runner/work/diptych/diptych/tests/image_failed_to_rotate.png
1630132182478646063 : Checking separation double page angle 90.35651650869968
1630132182478759763 : Checking separation double page y=0 2483
1630132184484222313 : Checking page rotation 1 0.45
1630132185731767122 : Checking page rotation 2 0.2
1630132191908880599 : Checking image 1 crop x1 31
1630132191909023899 : Checking image 1 crop y1 1
1630132191909069299 : Checking image 1 crop x2 2481
1630132191909110999 : Checking image 1 crop y2 3504
1630132196192927544 : Checking image 2 crop x1 171
1630132196193066044 : Checking image 2 crop y1 231
1630132196193110044 : Checking image 2 crop x2 2259
1630132196193151744 : Checking image 2 crop y2 3358
1630132196193317544 : Checking image 1 dpi 300
1630132196193406244 : Checking image 1 border top 2
1630132196193447044 : Checking image 1 border bottom 2
1630132196193483544 : Checking image 1 border left 15
1630132196193519644 : Checking image 1 border right 15
1630132196196135643 : Checking image 2 dpi 300
1630132196196215643 : Checking image 2 border top 217
1630132196196254143 : Checking image 2 border bottom 143
1630132196196289943 : Checking image 2 border left 186
1630132196196325043 : Checking image 2 border right 186

</system-out><system-err>--------------------------------- Captured Err ---------------------------------

</system-err></testcase><testcase classname="tests.test_images" name="test_wrong_split_line_png" time="22.053"><system-out>--------------------------------- Captured Log ---------------------------------

--------------------------------- Captured Out ---------------------------------
/home/runner/work/diptych/diptych/tests/wrong_split_line.png
1630132189789919171 : Checking separation double page angle 89.95895720607972
1630132189790069871 : Checking separation double page y=0 2466
1630132191662322410 : Checking page rotation 1 -0.04999999999999689
1630132193476316599 : Checking page rotation 2 0.45
1630132195130505035 : Checking image 1 crop x1 211
1630132195130617435 : Checking image 1 crop y1 156
1630132195130660735 : Checking image 1 crop x2 2323
1630132195130700935 : Checking image 1 crop y2 3363
1630132197466961746 : Checking image 2 crop x1 123
1630132197467077845 : Checking image 2 crop y1 164
1630132197467121345 : Checking image 2 crop x2 2237
1630132197467163345 : Checking image 2 crop y2 3375
1630132197467340045 : Checking image 1 dpi 300
1630132197467420945 : Checking image 1 border top 135
1630132197467464445 : Checking image 1 border bottom 145
1630132197467502245 : Checking image 1 border left 174
1630132197467537945 : Checking image 1 border right 174
1630132197470123644 : Checking image 2 dpi 300
1630132197470214044 : Checking image 2 border top 141
1630132197470253044 : Checking image 2 border bottom 135
1630132197470288544 : Checking image 2 border left 173
1630132197470323944 : Checking image 2 border right 173

</system-out><system-err>--------------------------------- Captured Err ---------------------------------

</system-err></testcase><testcase classname="tests.test_images" name="test_image_failed_to_crop_data_png" time="44.544"><system-out>--------------------------------- Captured Log ---------------------------------

--------------------------------- Captured Out ---------------------------------
/home/runner/work/diptych/diptych/tests/image_failed_to_crop_data.png
1630132218417801301 : Checking separation double page angle 90.09350257645173
1630132218417909601 : Checking separation double page y=0 2479
1630132223768863127 : Checking page rotation 1 0.15000000000000002
1630132225947952640 : Checking page rotation 2 0.05
1630132237160661145 : Checking image 1 crop x1 46
1630132237160789545 : Checking image 1 crop y1 1
1630132237160834545 : Checking image 1 crop x2 2477
1630132237160873545 : Checking image 1 crop y2 3505
1630132240756064658 : Checking image 2 crop x1 164
1630132240756183958 : Checking image 2 crop y1 217
1630132240756227258 : Checking image 2 crop x2 2245
1630132240756267558 : Checking image 2 crop y2 3350
1630132240756445958 : Checking image 1 dpi 300
1630132240756536158 : Checking image 1 border top 2
1630132240756577158 : Checking image 1 border bottom 2
1630132240756614658 : Checking image 1 border left 25
1630132240756650458 : Checking image 1 border right 25
1630132240759306556 : Checking image 2 dpi 300
1630132240759392556 : Checking image 2 border top 206
1630132240759430656 : Checking image 2 border bottom 148
1630132240759466156 : Checking image 2 border left 189
1630132240759501556 : Checking image 2 border right 189

</system-out><system-err>--------------------------------- Captured Err ---------------------------------

</system-err></testcase><testcase classname="tests.test_images" name="test_crop_too_much_png" time="27.773"><system-out>--------------------------------- Captured Log ---------------------------------

--------------------------------- Captured Out ---------------------------------
/home/runner/work/diptych/diptych/tests/crop_too_much.png
1630132213733152946 : Checking separation double page angle 90.16929865985193
1630132213733263146 : Checking separation double page y=0 2456
1630132215576817623 : Checking page rotation 1 -0.04999999999999689
1630132217183016419 : Checking page rotation 2 0.2
1630132220600031209 : Checking image 1 crop x1 302
1630132220600148009 : Checking image 1 crop y1 148
1630132220600192509 : Checking image 1 crop x2 2314
1630132220600231709 : Checking image 1 crop y2 3351
1630132225219785603 : Checking image 2 crop x1 163
1630132225219898903 : Checking image 2 crop y1 151
1630132225219941903 : Checking image 2 crop x2 2187
1630132225219982303 : Checking image 2 crop y2 3363
1630132225220157403 : Checking image 1 dpi 300
1630132225220239703 : Checking image 1 border top 133
1630132225220281603 : Checking image 1 border bottom 151
1630132225220319503 : Checking image 1 border left 224
1630132225220354703 : Checking image 1 border right 224
1630132225223024802 : Checking image 2 dpi 300
1630132225223121102 : Checking image 2 border top 132
1630132225223161402 : Checking image 2 border bottom 143
1630132225223197902 : Checking image 2 border left 218
1630132225223233202 : Checking image 2 border right 218

</system-out><system-err>--------------------------------- Captured Err ---------------------------------

</system-err></testcase><testcase classname="tests.test_images" name="test_crop_too_few_png" time="22.711"><system-out>--------------------------------- Captured Log ---------------------------------

--------------------------------- Captured Out ---------------------------------
/home/runner/work/diptych/diptych/tests/crop_too_few.png
1630132240221826324 : Checking separation double page angle 89.49492328400886
1630132240221945024 : Checking separation double page y=0 2510
1630132241746570066 : Checking page rotation 1 -0.6499999999999977
1630132244072188310 : Checking page rotation 2 0.0
1630132246306290799 : Checking image 1 crop x1 263
1630132246306408699 : Checking image 1 crop y1 150
1630132246306460399 : Checking image 1 crop x2 2377
1630132246306500099 : Checking image 1 crop y2 3357
1630132247963401376 : Checking image 2 crop x1 139
1630132247963515676 : Checking image 2 crop y1 141
1630132247963558576 : Checking image 2 crop x2 2261
1630132247963599676 : Checking image 2 crop y2 3345
1630132247963776476 : Checking image 1 dpi 300
1630132247963861075 : Checking image 1 border top 129
1630132247963902075 : Checking image 1 border bottom 150
1630132247963938275 : Checking image 1 border left 173
1630132247963974175 : Checking image 1 border right 173
1630132247966707674 : Checking image 2 dpi 300
1630132247966861874 : Checking image 2 border top 130
1630132247966903474 : Checking image 2 border bottom 153
1630132247966939674 : Checking image 2 border left 169
1630132247966975174 : Checking image 2 border right 169

</system-out><system-err>--------------------------------- Captured Err ---------------------------------

</system-err></testcase><testcase classname="tests.test_images" name="test_wrong_angle_split_line_png" time="28.568"><system-out>--------------------------------- Captured Log ---------------------------------

--------------------------------- Captured Out ---------------------------------
/home/runner/work/diptych/diptych/tests/wrong_angle_split_line.png
1630132253649231749 : Checking separation double page angle 90.08791528895468
1630132253649343349 : Checking separation double page y=0 2478
1630132255053028650 : Checking page rotation 1 0.1
1630132256491564333 : Checking page rotation 2 0.1
1630132263489831252 : Checking image 1 crop x1 58
1630132263489942952 : Checking image 1 crop y1 6
1630132263489985952 : Checking image 1 crop x2 2476
1630132263490024252 : Checking image 1 crop y2 3501
1630132268642023198 : Checking image 2 crop x1 166
1630132268642136398 : Checking image 2 crop y1 218
1630132268642177898 : Checking image 2 crop x2 2244
1630132268642215498 : Checking image 2 crop y2 3349
1630132268642395497 : Checking image 1 dpi 300
1630132268642487697 : Checking image 1 border top 6
1630132268642526697 : Checking image 1 border bottom 6
1630132268642561797 : Checking image 1 border left 31
1630132268642595197 : Checking image 1 border right 31
1630132268649865394 : Checking image 2 dpi 300
1630132268649983594 : Checking image 2 border top 209
1630132268650022194 : Checking image 2 border bottom 147
1630132268650055894 : Checking image 2 border left 191
1630132268650089394 : Checking image 2 border right 191

</system-out><system-err>--------------------------------- Captured Err ---------------------------------

</system-err></testcase><testcase classname="tests.test_images" name="test_crop_too_much_2_png" time="33.771"><system-out>--------------------------------- Captured Log ---------------------------------

--------------------------------- Captured Out ---------------------------------
/home/runner/work/diptych/diptych/tests/crop_too_much_2.png
1630132266926259848 : Checking separation double page angle 90.15285326123045
1630132266926370948 : Checking separation double page y=0 2477
1630132270248259800 : Checking page rotation 1 0.15000000000000002
1630132274003397434 : Checking page rotation 2 0.2
1630132277330303681 : Checking image 1 crop x1 330
1630132277330423381 : Checking image 1 crop y1 132
1630132277330467681 : Checking image 1 crop x2 2342
1630132277330508681 : Checking image 1 crop y2 3335
1630132281701460718 : Checking image 2 crop x1 165
1630132281701567718 : Checking image 2 crop y1 139
1630132281701624218 : Checking image 2 crop x2 2178
1630132281701662818 : Checking image 2 crop y2 3345
1630132281701836218 : Checking image 1 dpi 300
1630132281701920418 : Checking image 1 border top 121
1630132281701963418 : Checking image 1 border bottom 163
1630132281702000918 : Checking image 1 border left 224
1630132281702038718 : Checking image 1 border right 224
1630132281704513517 : Checking image 2 dpi 300
1630132281704594417 : Checking image 2 border top 129
1630132281704633117 : Checking image 2 border bottom 152
1630132281704668617 : Checking image 2 border left 223
1630132281704703817 : Checking image 2 border right 223

</system-out><system-err>--------------------------------- Captured Err ---------------------------------

</system-err></testcase><testcase classname="tests.test_images" name="test_angle_page_lower_split_line_png" time="41.125"><system-out>--------------------------------- Captured Log ---------------------------------

--------------------------------- Captured Out ---------------------------------
/home/runner/work/diptych/diptych/tests/angle_page_lower_split_line.png
1630132296156324395 : Checking separation double page angle 89.74412725181848
1630132296156443795 : Checking separation double page y=0 2472
1630132300674792513 : Checking page rotation 1 -0.14999999999999067
1630132304619707174 : Checking page rotation 2 0.1
1630132306416982395 : Checking image 1 crop x1 241
1630132306417096495 : Checking image 1 crop y1 156
1630132306417141595 : Checking image 1 crop x2 2357
1630132306417182095 : Checking image 1 crop y2 3368
1630132310535251085 : Checking image 2 crop x1 151
1630132310535364985 : Checking image 2 crop y1 146
1630132310535408685 : Checking image 2 crop x2 2261
1630132310535448585 : Checking image 2 crop y2 3351
1630132310535728085 : Checking image 1 dpi 300
1630132310535821485 : Checking image 1 border top 140
1630132310535861385 : Checking image 1 border bottom 135
1630132310535897985 : Checking image 1 border left 172
1630132310535933785 : Checking image 1 border right 172
1630132310538941984 : Checking image 2 dpi 300
1630132310539047884 : Checking image 2 border top 131
1630132310539087884 : Checking image 2 border bottom 151
1630132310539124284 : Checking image 2 border left 175
1630132310539159884 : Checking image 2 border right 175

</system-out><system-err>--------------------------------- Captured Err ---------------------------------

</system-err></testcase><testcase classname="tests.test_images" name="test_wrong_split_line_2_png" time="47.843"><system-out>--------------------------------- Captured Log ---------------------------------

--------------------------------- Captured Out ---------------------------------
/home/runner/work/diptych/diptych/tests/wrong_split_line_2.png
1630132306108737946 : Checking separation double page angle 90.23635161124103
1630132306108848446 : Checking separation double page y=0 2437
1630132311150698886 : Checking page rotation 1 0.2
1630132315515623066 : Checking page rotation 2 0.2
1630132321631551009 : Checking image 1 crop x1 294
1630132321631665209 : Checking image 1 crop y1 136
1630132321631706309 : Checking image 1 crop x2 2325
1630132321631748509 : Checking image 1 crop y2 3376
1630132329561034813 : Checking image 2 crop x1 138
1630132329561145113 : Checking image 2 crop y1 190
1630132329561188913 : Checking image 2 crop x2 2174
1630132329561228913 : Checking image 2 crop y2 3389
1630132329561404613 : Checking image 1 dpi 300
1630132329561484913 : Checking image 1 border top 131
1630132329561525813 : Checking image 1 border bottom 116
1630132329561562613 : Checking image 1 border left 214
1630132329561597113 : Checking image 1 border right 214
1630132329564136412 : Checking image 2 dpi 300
1630132329564211212 : Checking image 2 border top 181
1630132329564248912 : Checking image 2 border bottom 107
1630132329564283912 : Checking image 2 border left 212
1630132329564318312 : Checking image 2 border right 212

</system-out><system-err>--------------------------------- Captured Err ---------------------------------

</system-err></testcase><testcase classname="tests.test_images" name="test_wrong_wave_split_line_png" time="45.320"><system-out>--------------------------------- Captured Log ---------------------------------

--------------------------------- Captured Out ---------------------------------
/home/runner/work/diptych/diptych/tests/wrong_wave_split_line.png
1630132335991083209 : Checking separation double page angle 90.42461655762611
1630132335991199809 : Checking separation double page y=0 2502
1630132339263574613 : Checking page rotation 1 -0.09999999999999377
1630132342712071194 : Checking page rotation 2 0.85
1630132348601952827 : Checking image 1 crop x1 384
1630132348602067327 : Checking image 1 crop y1 178
1630132348602110826 : Checking image 1 crop x2 2412
1630132348602148826 : Checking image 1 crop y2 3374
1630132355852463255 : Checking image 2 crop x1 7
1630132355852586555 : Checking image 2 crop y1 0
1630132355852629155 : Checking image 2 crop x2 2411
1630132355852671355 : Checking image 2 crop y2 3505
1630132355852829655 : Checking image 1 dpi 300
1630132355852913155 : Checking image 1 border top 173
1630132355852974155 : Checking image 1 border bottom 118
1630132355853014154 : Checking image 1 border left 216
1630132355853049754 : Checking image 1 border right 216
1630132355856096253 : Checking image 2 dpi 300
1630132355856204653 : Checking image 2 border top 1
1630132355856244653 : Checking image 2 border bottom 1
1630132355856281153 : Checking image 2 border left 38
1630132355856316353 : Checking image 2 border right 38

</system-out><system-err>--------------------------------- Captured Err ---------------------------------

</system-err></testcase><testcase classname="tests.test_images" name="test_small_wave_png" time="25.738"><system-out>--------------------------------- Captured Log ---------------------------------

--------------------------------- Captured Out ---------------------------------
/home/runner/work/diptych/diptych/tests/small_wave.png
1630132346305511445 : Checking separation double page angle 90.56494929955075
1630132346305636045 : Checking separation double page y=0 2495
1630132348967617949 : Checking page rotation 1 0.7
1630132350836207436 : Checking page rotation 2 0.65
1630132352514690105 : Checking image 1 crop x1 322
1630132352514808905 : Checking image 1 crop y1 199
1630132352514852805 : Checking image 1 crop x2 2351
1630132352514891405 : Checking image 1 crop y2 3394
1630132355298932262 : Checking image 2 crop x1 130
1630132355299053862 : Checking image 2 crop y1 222
1630132355299097662 : Checking image 2 crop x2 2163
1630132355299139062 : Checking image 2 crop y2 3420
1630132355299327961 : Checking image 1 dpi 300
1630132355299412361 : Checking image 1 border top 181
1630132355299453061 : Checking image 1 border bottom 111
1630132355299490861 : Checking image 1 border left 215
1630132355299526361 : Checking image 1 border right 215
1630132355303400859 : Checking image 2 dpi 300
1630132355303543659 : Checking image 2 border top 197
1630132355303584659 : Checking image 2 border bottom 92
1630132355303622559 : Checking image 2 border left 213
1630132355303658259 : Checking image 2 border right 213

</system-out><system-err>--------------------------------- Captured Err ---------------------------------

</system-err></testcase><testcase classname="tests.test_images" name="test_wrong_split_line_3_png" time="35.840"><system-out>--------------------------------- Captured Log ---------------------------------

--------------------------------- Captured Out ---------------------------------
/home/runner/work/diptych/diptych/tests/wrong_split_line_3.png
1630132374605517379 : Checking separation double page angle 90.40515247895009
1630132374605636979 : Checking separation double page y=0 2495
1630132378150602680 : Checking page rotation 1 0.2
1630132380781748219 : Checking page rotation 2 0.85
1630132383144417870 : Checking image 1 crop x1 331
1630132383144532670 : Checking image 1 crop y1 166
1630132383144573570 : Checking image 1 crop x2 2377
1630132383144613870 : Checking image 1 crop y2 3375
1630132391156961305 : Checking image 2 crop x1 103
1630132391157068405 : Checking image 2 crop y1 207
1630132391157108405 : Checking image 2 crop x2 2136
1630132391157146105 : Checking image 2 crop y2 3414
1630132391157340305 : Checking image 1 dpi 300
1630132391157427805 : Checking image 1 border top 158
1630132391157471005 : Checking image 1 border bottom 120
1630132391157509505 : Checking image 1 border left 207
1630132391157546105 : Checking image 1 border right 207
1630132391160263404 : Checking image 2 dpi 300
1630132391160351904 : Checking image 2 border top 199
1630132391160390804 : Checking image 2 border bottom 81
1630132391160426904 : Checking image 2 border left 213
1630132391160462204 : Checking image 2 border right 213

</system-out><system-err>--------------------------------- Captured Err ---------------------------------

</system-err></testcase><testcase classname="tests.test_images" name="test_no_split_line_line_algo_png" time="30.880"><system-out>--------------------------------- Captured Log ---------------------------------

--------------------------------- Captured Out ---------------------------------
/home/runner/work/diptych/diptych/tests/no_split_line_line_algo.png
1630132373982520177 : Checking separation double page angle 89.47691469185418
1630132373982631577 : Checking separation double page y=0 2476
1630132375931840043 : Checking page rotation 1 -0.14999999999999067
1630132379548897410 : Checking page rotation 2 -0.14999999999999067
1630132381654618815 : Checking image 1 crop x1 205
1630132381654735814 : Checking image 1 crop y1 158
1630132381654778614 : Checking image 1 crop x2 2320
1630132381654818314 : Checking image 1 crop y2 3366
1630132386751729910 : Checking image 2 crop x1 185
1630132386751852310 : Checking image 2 crop y1 225
1630132386751896410 : Checking image 2 crop x2 2204
1630132386751937110 : Checking image 2 crop y2 3362
1630132386752118210 : Checking image 1 dpi 300
1630132386752204810 : Checking image 1 border top 144
1630132386752244110 : Checking image 1 border bottom 134
1630132386752281910 : Checking image 1 border left 172
1630132386752317710 : Checking image 1 border right 172
1630132386755535909 : Checking image 2 dpi 300
1630132386755650009 : Checking image 2 border top 223
1630132386755691208 : Checking image 2 border bottom 127
1630132386755727108 : Checking image 2 border left 220
1630132386755763208 : Checking image 2 border right 220

</system-out><system-err>--------------------------------- Captured Err ---------------------------------

</system-err></testcase><testcase classname="tests.test_images" name="test_crop_too_much_3_png" time="28.865"><system-out>--------------------------------- Captured Log ---------------------------------

--------------------------------- Captured Out ---------------------------------
/home/runner/work/diptych/diptych/tests/crop_too_much_3.png
1630132403258010005 : Checking separation double page angle 89.5934556679346
1630132403258130005 : Checking separation double page y=0 2499
1630132405585723915 : Checking page rotation 1 -0.8999999999999949
1630132409361221571 : Checking page rotation 2 -0.04999999999999689
1630132412779254702 : Checking image 1 crop x1 374
1630132412779368302 : Checking image 1 crop y1 258
1630132412779411402 : Checking image 1 crop x2 2385
1630132412779451502 : Checking image 1 crop y2 3459
1630132415619323113 : Checking image 2 crop x1 164
1630132415619438313 : Checking image 2 crop y1 229
1630132415619481613 : Checking image 2 crop x2 2183
1630132415619522913 : Checking image 2 crop y2 3416
1630132415619699013 : Checking image 1 dpi 300
1630132415619784313 : Checking image 1 border top 239
1630132415619824013 : Checking image 1 border bottom 46
1630132415619860213 : Checking image 1 border left 224
1630132415619895713 : Checking image 1 border right 224
1630132415623165911 : Checking image 2 dpi 300
1630132415623275711 : Checking image 2 border top 210
1630132415623316311 : Checking image 2 border bottom 90
1630132415623352611 : Checking image 2 border left 220
1630132415623391511 : Checking image 2 border right 220

</system-out><system-err>--------------------------------- Captured Err ---------------------------------

</system-err></testcase><testcase classname="tests.test_images" name="test_failed_split_line_line_algo_png" time="18.311"><system-out>--------------------------------- Captured Log ---------------------------------

--------------------------------- Captured Out ---------------------------------
/home/runner/work/diptych/diptych/tests/failed_split_line_line_algo.png
1630132402925439244 : Checking separation double page angle 90.0093502548779
1630132402925556044 : Checking separation double page y=0 2574
1630132404114929346 : Checking page rotation 1 0.0
1630132404790054663 : Checking page rotation 2 0.0
1630132407494034783 : Checking image 1 crop x1 411
1630132407494151283 : Checking image 1 crop y1 2927
1630132407494192083 : Checking image 1 crop x2 2422
1630132407494228083 : Checking image 1 crop y2 3172
1630132409505013501 : Checking image 2 crop x1 1191
1630132409505116101 : Checking image 2 crop y1 1745
1630132409505154501 : Checking image 2 crop x2 1192
1630132409505190101 : Checking image 2 crop y2 1746
1630132409505328601 : Checking image 1 dpi 300
1630132409505412901 : Checking image 1 border top 2920
1630132409505451001 : Checking image 1 border bottom 322
1630132409505486201 : Checking image 1 border left 224
1630132409505519201 : Checking image 1 border right 224
1630132409507339800 : Checking image 2 dpi 300
1630132409507418900 : Checking image 2 border top 1752
1630132409507459200 : Checking image 2 border bottom 1753
1630132409507492500 : Checking image 2 border left 1239
1630132409507525100 : Checking image 2 border right 1239

</system-out><system-err>--------------------------------- Captured Err ---------------------------------

</system-err></testcase><testcase classname="tests.test_images" name="test_failed_split_line_line_algo_2_png" time="27.213"><system-out>--------------------------------- Captured Log ---------------------------------

--------------------------------- Captured Out ---------------------------------
/home/runner/work/diptych/diptych/tests/failed_split_line_line_algo_2.png
1630132428179068082 : Checking separation double page angle 90.03732329462368
1630132428179185482 : Checking separation double page y=0 2499
1630132430946713632 : Checking page rotation 1 -0.09999999999999377
1630132433311518077 : Checking page rotation 2 0.5499999999999999
1630132435167302371 : Checking image 1 crop x1 273
1630132435167421671 : Checking image 1 crop y1 147
1630132435167465771 : Checking image 1 crop x2 2386
1630132435167505671 : Checking image 1 crop y2 3352
1630132436683696231 : Checking image 2 crop x1 122
1630132436683809131 : Checking image 2 crop y1 155
1630132436683852431 : Checking image 2 crop x2 2246
1630132436683893231 : Checking image 2 crop y2 3350
1630132436684063331 : Checking image 1 dpi 300
1630132436684144331 : Checking image 1 border top 137
1630132436684185731 : Checking image 1 border bottom 145
1630132436684222231 : Checking image 1 border left 173
1630132436684258131 : Checking image 1 border right 173
1630132436686900930 : Checking image 2 dpi 300
1630132436686987530 : Checking image 2 border top 136
1630132436687027230 : Checking image 2 border bottom 156
1630132436687063130 : Checking image 2 border left 168
1630132436687100330 : Checking image 2 border right 168

</system-out><system-err>--------------------------------- Captured Err ---------------------------------

</system-err></testcase><testcase classname="tests.test_images" name="test_wrong_wave_split_line_2_png" time="37.050"><system-out>--------------------------------- Captured Log ---------------------------------

--------------------------------- Captured Out ---------------------------------
/home/runner/work/diptych/diptych/tests/wrong_wave_split_line_2.png
1630132440206939313 : Checking separation double page angle 90.7708958311329
1630132440207057213 : Checking separation double page y=0 2490
1630132443665391726 : Checking page rotation 1 0.2
1630132446879657255 : Checking page rotation 2 1.65
1630132448630552197 : Checking image 1 crop x1 227
1630132448630667496 : Checking image 1 crop y1 147
1630132448630710496 : Checking image 1 crop x2 2342
1630132448630751696 : Checking image 1 crop y2 3353
1630132452672435915 : Checking image 2 crop x1 106
1630132452672552215 : Checking image 2 crop y1 195
1630132452672595615 : Checking image 2 crop x2 2231
1630132452672636315 : Checking image 2 crop y2 3398
1630132452672886515 : Checking image 1 dpi 300
1630132452672993515 : Checking image 1 border top 136
1630132452673037015 : Checking image 1 border bottom 145
1630132452673074015 : Checking image 1 border left 172
1630132452673109815 : Checking image 1 border right 172
1630132452675817714 : Checking image 2 dpi 300
1630132452675895214 : Checking image 2 border top 166
1630132452675932814 : Checking image 2 border bottom 117
1630132452675968414 : Checking image 2 border left 167
1630132452676003614 : Checking image 2 border right 167

</system-out><system-err>--------------------------------- Captured Err ---------------------------------

</system-err></testcase><testcase classname="tests.test_images" name="test_wrong_wave_split_line_3_png" time="29.360"><system-out>--------------------------------- Captured Log ---------------------------------

--------------------------------- Captured Out ---------------------------------
/home/runner/work/diptych/diptych/tests/wrong_wave_split_line_3.png
1630132457024215712 : Checking separation double page angle 90.12715931778824
1630132457024333612 : Checking separation double page y=0 2514
1630132459884100954 : Checking page rotation 1 0.05
1630132462002009082 : Checking page rotation 2 0.2
1630132464104646540 : Checking image 1 crop x1 273
1630132464104753440 : Checking image 1 crop y1 220
1630132464104810740 : Checking image 1 crop x2 2383
1630132464104848140 : Checking image 1 crop y2 3423
1630132466057632872 : Checking image 2 crop x1 116
1630132466057747472 : Checking image 2 crop y1 225
1630132466057791172 : Checking image 2 crop x2 2242
1630132466057832972 : Checking image 2 crop y2 3415
1630132466058020472 : Checking image 1 dpi 300
1630132466058103972 : Checking image 1 border top 202
1630132466058144572 : Checking image 1 border bottom 82
1630132466058182072 : Checking image 1 border left 175
1630132466058217272 : Checking image 1 border right 175
1630132466060739670 : Checking image 2 dpi 300
1630132466060842170 : Checking image 2 border top 204
1630132466061027470 : Checking image 2 border bottom 93
1630132466061196070 : Checking image 2 border left 167
1630132466062797669 : Checking image 2 border right 167

</system-out><system-err>--------------------------------- Captured Err ---------------------------------

</system-err></testcase><testcase classname="tests.test_images" name="test_no_split_line_wave_algo_png" time="36.090"><system-out>--------------------------------- Captured Log ---------------------------------

--------------------------------- Captured Out ---------------------------------
/home/runner/work/diptych/diptych/tests/no_split_line_wave_algo.png
1630132469070396879 : Checking separation double page angle 89.79018091440821
1630132469070511079 : Checking separation double page y=0 2483
1630132472446132019 : Checking page rotation 1 0.0
1630132473917874396 : Checking page rotation 2 -0.44999999999999746
1630132481753877992 : Checking image 1 crop x1 97
1630132481753968892 : Checking image 1 crop y1 74
1630132481754009992 : Checking image 1 crop x2 2489
1630132481754049392 : Checking image 1 crop y2 3505
1630132488707539330 : Checking image 2 crop x1 164
1630132488707653430 : Checking image 2 crop y1 267
1630132488707698030 : Checking image 2 crop x2 2239
1630132488707736830 : Checking image 2 crop y2 3380
1630132488707913930 : Checking image 1 dpi 300
1630132488708001830 : Checking image 1 border top 38
1630132488708041430 : Checking image 1 border bottom 38
1630132488708079030 : Checking image 1 border left 44
1630132488708114729 : Checking image 1 border right 44
1630132488710862528 : Checking image 2 dpi 300
1630132488710958228 : Checking image 2 border top 256
1630132488711000028 : Checking image 2 border bottom 118
1630132488711035528 : Checking image 2 border left 192
1630132488711070928 : Checking image 2 border right 192

</system-out><system-err>--------------------------------- Captured Err ---------------------------------

</system-err></testcase><testcase classname="tests.test_images" name="test_no_split_line_wave_algo_2_png" time="25.280"><system-out>--------------------------------- Captured Log ---------------------------------

--------------------------------- Captured Out ---------------------------------
/home/runner/work/diptych/diptych/tests/no_split_line_wave_algo_2.png
1630132481976973585 : Checking separation double page angle 90.43362571535843
1630132481977083085 : Checking separation double page y=0 2473
1630132484197737117 : Checking page rotation 1 1.05
1630132486950161285 : Checking page rotation 2 0.15000000000000002
1630132489364308210 : Checking image 1 crop x1 267
1630132489364433210 : Checking image 1 crop y1 210
1630132489364477110 : Checking image 1 crop x2 2343
1630132489364514610 : Checking image 1 crop y2 3412
1630132491348717644 : Checking image 2 crop x1 165
1630132491348826744 : Checking image 2 crop y1 241
1630132491348867244 : Checking image 2 crop x2 2250
1630132491348904644 : Checking image 2 crop y2 3433
1630132491349100944 : Checking image 1 dpi 300
1630132491349186744 : Checking image 1 border top 192
1630132491349223644 : Checking image 1 border bottom 93
1630132491349259444 : Checking image 1 border left 192
1630132491349293044 : Checking image 1 border right 192
1630132491352010042 : Checking image 2 dpi 300
1630132491352102342 : Checking image 2 border top 224
1630132491352139542 : Checking image 2 border bottom 71
1630132491352172542 : Checking image 2 border left 187
1630132491352204942 : Checking image 2 border right 187

</system-out><system-err>--------------------------------- Captured Err ---------------------------------

</system-err></testcase><testcase classname="tests.test_images" name="test_crop_too_few_2_png" time="29.385"><system-out>--------------------------------- Captured Log ---------------------------------

--------------------------------- Captured Out ---------------------------------
/home/runner/work/diptych/diptych/tests/crop_too_few_2.png
1630132506799593074 : Checking separation double page angle 90.35461351371423
1630132506799725574 : Checking separation double page y=0 2533
1630132509445665239 : Checking page rotation 1 1.0999999999999999
1630132512281794173 : Checking page rotation 2 0.0
1630132515316107410 : Checking image 1 crop x1 289
1630132515316220010 : Checking image 1 crop y1 165
1630132515316260210 : Checking image 1 crop x2 2400
1630132515316298910 : Checking image 1 crop y2 3367
1630132518181209535 : Checking image 2 crop x1 152
1630132518181325135 : Checking image 2 crop y1 190
1630132518181369235 : Checking image 2 crop x2 2273
1630132518181408835 : Checking image 2 crop y2 3385
1630132518181586634 : Checking image 1 dpi 300
1630132518181676234 : Checking image 1 border top 157
1630132518181715834 : Checking image 1 border bottom 128
1630132518181753534 : Checking image 1 border left 174
1630132518181790334 : Checking image 1 border right 174
1630132518184551033 : Checking image 2 dpi 300
1630132518184636533 : Checking image 2 border top 176
1630132518184674433 : Checking image 2 border bottom 116
1630132518184709633 : Checking image 2 border left 169
1630132518184744533 : Checking image 2 border right 169

</system-out><system-err>--------------------------------- Captured Err ---------------------------------

</system-err></testcase><testcase classname="tests.test_images" name="test_failed_detect_rectangle_png" time="32.376"><system-out>--------------------------------- Captured Log ---------------------------------

--------------------------------- Captured Out ---------------------------------
/home/runner/work/diptych/diptych/tests/failed_detect_rectangle.png
1630132512427439203 : Checking separation double page angle 90.242273842964
1630132512427556402 : Checking separation double page y=0 2475
1630132516207274980 : Checking page rotation 1 0.2
1630132520642652169 : Checking page rotation 2 0.2
1630132522039093208 : Checking image 1 crop x1 257
1630132522039210908 : Checking image 1 crop y1 201
1630132522039254008 : Checking image 1 crop x2 2333
1630132522039293108 : Checking image 1 crop y2 3402
1630132523714413115 : Checking image 2 crop x1 137
1630132523714532415 : Checking image 2 crop y1 215
1630132523714576915 : Checking image 2 crop x2 2220
1630132523714617015 : Checking image 2 crop y2 3406
1630132523714798115 : Checking image 1 dpi 300
1630132523714887515 : Checking image 1 border top 188
1630132523714929615 : Checking image 1 border bottom 98
1630132523714968215 : Checking image 1 border left 192
1630132523715003915 : Checking image 1 border right 192
1630132523718519113 : Checking image 2 dpi 300
1630132523718641613 : Checking image 2 border top 201
1630132523718682713 : Checking image 2 border bottom 95
1630132523718719013 : Checking image 2 border left 188
1630132523718754313 : Checking image 2 border right 188

</system-out><system-err>--------------------------------- Captured Err ---------------------------------

</system-err></testcase><testcase classname="tests.test_images" name="test_single_page_png" time="7.076"><system-out>--------------------------------- Captured Log ---------------------------------

--------------------------------- Captured Out ---------------------------------
/home/runner/work/diptych/diptych/tests/single_page.png
1630132521900417874 : Checking separation double page angle 89.93006318861008
1630132521900542574 : Checking separation double page y=0 2472
1630132522840298429 : Checking page rotation 1 0.0
1630132522991126957 : Checking page rotation 2 0.0
1630132524753446723 : Checking image 1 crop x1 1
1630132524753540223 : Checking image 1 crop y1 8
1630132524753580923 : Checking image 1 crop x2 2470
1630132524753617323 : Checking image 1 crop y2 3505
1630132524887029060 : Checking image 2 crop x1 0
1630132524887106460 : Checking image 2 crop y1 0
1630132524887139560 : Checking image 2 crop x2 0
1630132524887170560 : Checking image 2 crop y2 0
1630132524887234660 : Checking image 1 dpi 300
1630132524887302560 : Checking image 1 border top 5
1630132524887344059 : Checking image 1 border bottom 5
1630132524887378059 : Checking image 1 border left 6
1630132524887411459 : Checking image 1 border right 6
1630132524892931557 : Checking image 2 border top 0
1630132524893030357 : Checking image 2 border bottom 0
1630132524893063257 : Checking image 2 border left 0
1630132524893094957 : Checking image 2 border right 0

</system-out><system-err>--------------------------------- Captured Err ---------------------------------

</system-err></testcase><testcase classname="tests.test_images" name="test_no_split_line_wave_algo_3_png" time="11.828"><system-out>--------------------------------- Captured Log ---------------------------------

--------------------------------- Captured Out ---------------------------------
/home/runner/work/diptych/diptych/tests/no_split_line_wave_algo_3.png
1630132531883465498 : Checking separation double page angle 90.18184445198425
1630132531883592597 : Checking separation double page y=0 2405
1630132532761075375 : Checking page rotation 1 0.0
1630132532904265806 : Checking page rotation 2 0.0
1630132534986388599 : Checking image 1 crop x1 184
1630132534986484599 : Checking image 1 crop y1 2957
1630132534986522999 : Checking image 1 crop x2 2201
1630132534986556099 : Checking image 1 crop y2 3202
1630132535527978237 : Checking image 2 crop x1 0
1630132535528057637 : Checking image 2 crop y1 0
1630132535528089837 : Checking image 2 crop x2 0
1630132535528119837 : Checking image 2 crop y2 0
1630132535528192537 : Checking image 1 dpi 300
1630132535528318337 : Checking image 1 border top 2950
1630132535528368037 : Checking image 1 border bottom 292
1630132535528403237 : Checking image 1 border left 221
1630132535528436137 : Checking image 1 border right 221
1630132535533458034 : Checking image 2 border top 0
1630132535533530934 : Checking image 2 border bottom 0
1630132535533570534 : Checking image 2 border left 0
1630132535533603434 : Checking image 2 border right 0

</system-out><system-err>--------------------------------- Captured Err ---------------------------------

</system-err></testcase><testcase classname="tests.test_images" name="test_wrong_split_line_4_png" time="14.472"><system-out>--------------------------------- Captured Log ---------------------------------

--------------------------------- Captured Out ---------------------------------
/home/runner/work/diptych/diptych/tests/wrong_split_line_4.png
1630132534930824826 : Checking separation double page angle 90.92587744884125
1630132534930931526 : Checking separation double page y=0 58
1630132535042765872 : Checking page rotation 1 0.5499999999999999
1630132536652376892 : Checking page rotation 2 1.0999999999999999
1630132537516868973 : Checking image 1 crop x1 0
1630132537516964273 : Checking image 1 crop y1 0
1630132537517001773 : Checking image 1 crop x2 0
1630132537517032873 : Checking image 1 crop y2 0
1630132539769550981 : Checking image 2 crop x1 290
1630132539769663581 : Checking image 2 crop y1 330
1630132539769703081 : Checking image 2 crop x2 2314
1630132539769739381 : Checking image 2 crop y2 3217
1630132539769896681 : Checking image 1 border top 0
1630132539769938281 : Checking image 1 border bottom 0
1630132539769973081 : Checking image 1 border left 0
1630132539770004881 : Checking image 1 border right 0
1630132539770058381 : Checking image 2 dpi 300
1630132539770133281 : Checking image 2 border top 322
1630132539770169681 : Checking image 2 border bottom 278
1630132539770202381 : Checking image 2 border left 218
1630132539770234581 : Checking image 2 border right 218

</system-out><system-err>--------------------------------- Captured Err ---------------------------------

</system-err></testcase><testcase classname="tests.test_images" name="test_failed_split_line_line_algo_3_png" time="14.630"><system-out>--------------------------------- Captured Log ---------------------------------

--------------------------------- Captured Out ---------------------------------
/home/runner/work/diptych/diptych/tests/failed_split_line_line_algo_3.png
1630132544074874087 : Checking separation double page angle 90.02403976140027
1630132544074997787 : Checking separation double page y=0 39
1630132544148354451 : Checking page rotation 1 0.0
1630132545144735665 : Checking page rotation 2 0.0
1630132545462316010 : Checking image 1 crop x1 0
1630132545462398010 : Checking image 1 crop y1 0
1630132545462432910 : Checking image 1 crop x2 0
1630132545462465410 : Checking image 1 crop y2 0
1630132550246474975 : Checking image 2 crop x1 249
1630132550246572575 : Checking image 2 crop y1 154
1630132550246611875 : Checking image 2 crop x2 2264
1630132550246648675 : Checking image 2 crop y2 3361
1630132550246826275 : Checking image 1 border top 0
1630132550246872275 : Checking image 1 border bottom 0
1630132550246907975 : Checking image 1 border left 0
1630132550246941775 : Checking image 1 border right 0
1630132550246996675 : Checking image 2 dpi 300
1630132550247071775 : Checking image 2 border top 146
1630132550247109074 : Checking image 2 border bottom 134
1630132550247144174 : Checking image 2 border left 222
1630132550247178374 : Checking image 2 border right 222

</system-out><system-err>--------------------------------- Captured Err ---------------------------------

</system-err></testcase></testsuite></testsuites>