<?xml version="1.0" encoding="utf-8"?><testsuites><testsuite name="pytest" errors="0" failures="0" skipped="0" tests="35" time="1104.166" timestamp="2020-12-21T11:23:32.611098" hostname="fv-az70-958"><testcase classname="tests.test_features" name="test_mock_stop_at_0" time="0.055"><system-out>--------------------------------- Captured Log ---------------------------------

--------------------------------- Captured Out ---------------------------------
/home/runner/work/ocr-book/ocr-book/tests/0001_0.png

</system-out><system-err>--------------------------------- Captured Err ---------------------------------

</system-err></testcase><testcase classname="tests.test_features" name="test_disabled_enable_debug" time="50.801"><system-out>--------------------------------- Captured Log ---------------------------------

--------------------------------- Captured Out ---------------------------------
/home/runner/work/ocr-book/ocr-book/tests/0001_debug.png
separation double page angle 90.52780881899669
separation double page y=0 2485
page rotation 1 0.7
page rotation 2 0.2
image 1 crop x1 330
image 1 crop y1 335
image 1 crop x2 2343
image 1 crop y2 3223
image 2 crop x1 168
image 2 crop y1 648
image 2 crop x2 2185
image 2 crop y2 3361
image 1 dpi 300
image 1 border top 331
image 1 border bottom 268
image 1 border left 223
image 1 border right 223
image 2 dpi 300
image 2 border top 639
image 2 border bottom 134
image 2 border left 221
image 2 border right 221

</system-out><system-err>--------------------------------- Captured Err ---------------------------------

</system-err></testcase><testcase classname="tests.test_features" name="test_mock_stop_at_2" time="45.456"><system-out>--------------------------------- Captured Log ---------------------------------

--------------------------------- Captured Out ---------------------------------
/home/runner/work/ocr-book/ocr-book/tests/0001_2.png
separation double page angle 90.52780881899669
separation double page y=0 2485
page rotation 1 0.7
page rotation 2 0.2

</system-out><system-err>--------------------------------- Captured Err ---------------------------------

</system-err></testcase><testcase classname="tests.test_features" name="test_mock_stop_at_4" time="50.283"><system-out>--------------------------------- Captured Log ---------------------------------

--------------------------------- Captured Out ---------------------------------
/home/runner/work/ocr-book/ocr-book/tests/0001_4.png
separation double page angle 90.52780881899669
separation double page y=0 2485
page rotation 1 0.7
page rotation 2 0.2
image 1 crop x1 330
image 1 crop y1 335
image 1 crop x2 2343
image 1 crop y2 3223
image 2 crop x1 168
image 2 crop y1 648
image 2 crop x2 2185
image 2 crop y2 3361
image 1 dpi 300
image 1 border top 331
image 1 border bottom 268
image 1 border left 223
image 1 border right 223
image 2 dpi 300
image 2 border top 639
image 2 border bottom 134
image 2 border left 221
image 2 border right 221

</system-out><system-err>--------------------------------- Captured Err ---------------------------------

</system-err></testcase><testcase classname="tests.test_features" name="test_mock_stop_at_1" time="31.125"><system-out>--------------------------------- Captured Log ---------------------------------

--------------------------------- Captured Out ---------------------------------
/home/runner/work/ocr-book/ocr-book/tests/0001_1.png
separation double page angle 90.52780881899669
separation double page y=0 2485

</system-out><system-err>--------------------------------- Captured Err ---------------------------------

</system-err></testcase><testcase classname="tests.test_features" name="test_mock_stop_at_3" time="49.776"><system-out>--------------------------------- Captured Log ---------------------------------

--------------------------------- Captured Out ---------------------------------
/home/runner/work/ocr-book/ocr-book/tests/0001_3.png
separation double page angle 90.52780881899669
separation double page y=0 2485
page rotation 1 0.7
page rotation 2 0.2
image 1 crop x1 330
image 1 crop y1 335
image 1 crop x2 2343
image 1 crop y2 3223
image 2 crop x1 168
image 2 crop y1 648
image 2 crop x2 2185
image 2 crop y2 3361

</system-out><system-err>--------------------------------- Captured Err ---------------------------------

</system-err></testcase><testcase classname="tests.test_images" name="test_0001_png" time="62.747"><system-out>--------------------------------- Captured Log ---------------------------------

--------------------------------- Captured Out ---------------------------------
/home/runner/work/ocr-book/ocr-book/tests/0001.png
1608549947441095169 : Checking separation double page angle 90.52780881899669
1608549947441217374 : Checking separation double page y=0 2485
1608549954736396848 : Checking page rotation 1 0.7
1608549963684265458 : Checking page rotation 2 0.2
1608549968083871165 : Checking image 1 crop x1 330
1608549968084000569 : Checking image 1 crop y1 335
1608549968084044671 : Checking image 1 crop x2 2343
1608549968084086173 : Checking image 1 crop y2 3223
1608549972269608528 : Checking image 2 crop x1 168
1608549972269744933 : Checking image 2 crop y1 648
1608549972269790935 : Checking image 2 crop x2 2185
1608549972269830436 : Checking image 2 crop y2 3361
1608549972307387767 : Checking image 1 dpi 300
1608549972307498071 : Checking image 1 border top 331
1608549972307562073 : Checking image 1 border bottom 268
1608549972307601075 : Checking image 1 border left 223
1608549972307637076 : Checking image 1 border right 223
1608549972309990366 : Checking image 2 dpi 300
1608549972310079369 : Checking image 2 border top 639
1608549972310115971 : Checking image 2 border bottom 134
1608549972310151772 : Checking image 2 border left 221
1608549972310186673 : Checking image 2 border right 221

</system-out><system-err>--------------------------------- Captured Err ---------------------------------

</system-err></testcase><testcase classname="tests.test_features" name="test_mock_stop_at_5" time="50.278"><system-out>--------------------------------- Captured Log ---------------------------------

--------------------------------- Captured Out ---------------------------------
/home/runner/work/ocr-book/ocr-book/tests/0001_5.png
separation double page angle 90.52780881899669
separation double page y=0 2485
page rotation 1 0.7
page rotation 2 0.2
image 1 crop x1 330
image 1 crop y1 335
image 1 crop x2 2343
image 1 crop y2 3223
image 2 crop x1 168
image 2 crop y1 648
image 2 crop x2 2185
image 2 crop y2 3361
image 1 dpi 300
image 1 border top 331
image 1 border bottom 268
image 1 border left 223
image 1 border right 223
image 2 dpi 300
image 2 border top 639
image 2 border bottom 134
image 2 border left 221
image 2 border right 221

</system-out><system-err>--------------------------------- Captured Err ---------------------------------

</system-err></testcase><testcase classname="tests.test_images" name="test_2_pages_2_contours_png" time="41.720"><system-out>--------------------------------- Captured Log ---------------------------------

--------------------------------- Captured Out ---------------------------------
/home/runner/work/ocr-book/ocr-book/tests/2-pages-2-contours.png
1608549998490973481 : Checking separation double page angle 90.09036871657068
1608549998491083885 : Checking separation double page y=0 2486
1608550000864218674 : Checking page rotation 1 0.05
1608550007780758461 : Checking page rotation 2 0.30000000000000004
1608550009832071859 : Checking image 1 crop x1 1189
1608550009832198663 : Checking image 1 crop y1 1751
1608550009832242765 : Checking image 1 crop x2 1190
1608550009832277366 : Checking image 1 crop y2 1752
1608550014007609199 : Checking image 2 crop x1 101
1608550014007749703 : Checking image 2 crop y1 240
1608550014007793505 : Checking image 2 crop x2 2148
1608550014007835206 : Checking image 2 crop y2 3239
1608550014044658869 : Checking image 1 dpi 300
1608550014044769272 : Checking image 1 border top 1752
1608550014044808174 : Checking image 1 border bottom 1753
1608550014044844275 : Checking image 1 border left 1239
1608550014044880376 : Checking image 1 border right 1239
1608550014046442730 : Checking image 2 dpi 300
1608550014046537433 : Checking image 2 border top 230
1608550014046574434 : Checking image 2 border bottom 258
1608550014046610436 : Checking image 2 border left 206
1608550014046645737 : Checking image 2 border right 206

</system-out><system-err>--------------------------------- Captured Err ---------------------------------

</system-err></testcase><testcase classname="tests.test_images" name="test_angle_page_lower_split_line_png" time="65.085"><system-out>--------------------------------- Captured Log ---------------------------------

--------------------------------- Captured Out ---------------------------------
/home/runner/work/ocr-book/ocr-book/tests/angle_page_lower_split_line.png
1608550037795015446 : Checking separation double page angle 89.80201324959413
1608550037795130850 : Checking separation double page y=0 2475
1608550046258898277 : Checking page rotation 1 -0.44999999999999746
1608550053207073921 : Checking page rotation 2 0.1
1608550056824323175 : Checking image 1 crop x1 245
1608550056824452980 : Checking image 1 crop y1 161
1608550056824496381 : Checking image 1 crop x2 2351
1608550056824535082 : Checking image 1 crop y2 3364
1608550060794892268 : Checking image 2 crop x1 148
1608550060795026872 : Checking image 2 crop y1 146
1608550060795070473 : Checking image 2 crop x2 2258
1608550060795108775 : Checking image 2 crop y2 3351
1608550060835827985 : Checking image 1 dpi 300
1608550060835956689 : Checking image 1 border top 145
1608550060835996391 : Checking image 1 border bottom 139
1608550060836034892 : Checking image 1 border left 177
1608550060836069893 : Checking image 1 border right 177
1608550060838502371 : Checking image 2 dpi 300
1608550060838595474 : Checking image 2 border top 129
1608550060838632175 : Checking image 2 border bottom 153
1608550060838667376 : Checking image 2 border left 175
1608550060838702278 : Checking image 2 border right 175

</system-out><system-err>--------------------------------- Captured Err ---------------------------------

</system-err></testcase><testcase classname="tests.test_images" name="test_black_border_not_removed_png" time="71.725"><system-out>--------------------------------- Captured Log ---------------------------------

--------------------------------- Captured Out ---------------------------------
/home/runner/work/ocr-book/ocr-book/tests/black-border-not-removed.png
1608550055937492720 : Checking separation double page angle 90.008171103531
1608550055937602323 : Checking separation double page y=0 2455
1608550063215114644 : Checking page rotation 1 0.05
1608550074252395778 : Checking page rotation 2 0.0
1608550078690735472 : Checking image 1 crop x1 298
1608550078690873786 : Checking image 1 crop y1 142
1608550078690917891 : Checking image 1 crop x2 2308
1608550078690957595 : Checking image 1 crop y2 3347
1608550085719363033 : Checking image 2 crop x1 157
1608550085719497647 : Checking image 2 crop y1 145
1608550085719572055 : Checking image 2 crop x2 2169
1608550085719616259 : Checking image 2 crop y2 3352
1608550085759261524 : Checking image 1 dpi 300
1608550085759379236 : Checking image 1 border top 134
1608550085759420340 : Checking image 1 border bottom 148
1608550085759456744 : Checking image 1 border left 225
1608550085759492148 : Checking image 1 border right 225
1608550085761784783 : Checking image 2 dpi 300
1608550085761879592 : Checking image 2 border top 132
1608550085761916396 : Checking image 2 border bottom 148
1608550085761952000 : Checking image 2 border left 224
1608550085761987303 : Checking image 2 border right 224

</system-out><system-err>--------------------------------- Captured Err ---------------------------------

</system-err></testcase><testcase classname="tests.test_images" name="test_wrong_split_line_png" time="50.828"><system-out>--------------------------------- Captured Log ---------------------------------

--------------------------------- Captured Out ---------------------------------
/home/runner/work/ocr-book/ocr-book/tests/wrong_split_line.png
1608550092760177719 : Checking separation double page angle 89.93395720607973
1608550092760288530 : Checking separation double page y=0 2465
1608550098918876682 : Checking page rotation 1 -0.14999999999999067
1608550105785509755 : Checking page rotation 2 0.5
1608550108581409841 : Checking image 1 crop x1 213
1608550108581542154 : Checking image 1 crop y1 157
1608550108581585658 : Checking image 1 crop x2 2323
1608550108581624061 : Checking image 1 crop y2 3362
1608550111638091102 : Checking image 2 crop x1 125
1608550111638222914 : Checking image 2 crop y1 165
1608550111638267018 : Checking image 2 crop x2 2237
1608550111638305621 : Checking image 2 crop y2 3374
1608550111677001137 : Checking image 1 dpi 300
1608550111677130449 : Checking image 1 border top 134
1608550111677171952 : Checking image 1 border bottom 148
1608550111677210656 : Checking image 1 border left 175
1608550111677245859 : Checking image 1 border right 175
1608550111679560369 : Checking image 2 dpi 300
1608550111679655578 : Checking image 2 border top 143
1608550111679692681 : Checking image 2 border bottom 135
1608550111679727985 : Checking image 2 border left 174
1608550111679763088 : Checking image 2 border right 174

</system-out><system-err>--------------------------------- Captured Err ---------------------------------

</system-err></testcase><testcase classname="tests.test_images" name="test_image_failed_to_rotate_png" time="71.582"><system-out>--------------------------------- Captured Log ---------------------------------

--------------------------------- Captured Out ---------------------------------
/home/runner/work/ocr-book/ocr-book/tests/image_failed_to_rotate.png
1608550124915815452 : Checking separation double page angle 90.24267669076625
1608550124915932462 : Checking separation double page y=0 2483
1608550130546845531 : Checking page rotation 1 0.35
1608550138820440647 : Checking page rotation 2 0.4
1608550151281835563 : Checking image 1 crop x1 34
1608550151281962373 : Checking image 1 crop y1 1
1608550151282008477 : Checking image 1 crop x2 2481
1608550151282050080 : Checking image 1 crop y2 3500
1608550157187302758 : Checking image 2 crop x1 169
1608550157187441669 : Checking image 2 crop y1 234
1608550157187486472 : Checking image 2 crop x2 2249
1608550157187527375 : Checking image 2 crop y2 3356
1608550157234080577 : Checking image 1 dpi 300
1608550157234190586 : Checking image 1 border top 4
1608550157234230289 : Checking image 1 border bottom 4
1608550157234266891 : Checking image 1 border left 17
1608550157234302394 : Checking image 1 border right 17
1608550157236695074 : Checking image 2 dpi 300
1608550157236791981 : Checking image 2 border top 220
1608550157236828184 : Checking image 2 border bottom 145
1608550157236863887 : Checking image 2 border left 190
1608550157236899089 : Checking image 2 border right 190

</system-out><system-err>--------------------------------- Captured Err ---------------------------------

</system-err></testcase><testcase classname="tests.test_images" name="test_crop_too_much_png" time="91.261"><system-out>--------------------------------- Captured Log ---------------------------------

--------------------------------- Captured Out ---------------------------------
/home/runner/work/ocr-book/ocr-book/tests/crop_too_much.png
1608550167174373306 : Checking separation double page angle 90.10739409272954
1608550167174485214 : Checking separation double page y=0 2455
1608550180377318692 : Checking page rotation 1 0.0
1608550192492674839 : Checking page rotation 2 0.45
1608550198073958341 : Checking image 1 crop x1 303
1608550198074089750 : Checking image 1 crop y1 148
1608550198074132853 : Checking image 1 crop x2 2313
1608550198074169755 : Checking image 1 crop y2 3351
1608550202868868598 : Checking image 2 crop x1 166
1608550202869004007 : Checking image 2 crop y1 155
1608550202869046509 : Checking image 2 crop x2 2177
1608550202869084812 : Checking image 2 crop y2 3359
1608550202922319747 : Checking image 1 dpi 300
1608550202922446755 : Checking image 1 border top 132
1608550202922486458 : Checking image 1 border bottom 152
1608550202922524360 : Checking image 1 border left 225
1608550202922559462 : Checking image 1 border right 225
1608550202924627596 : Checking image 2 dpi 300
1608550202924716902 : Checking image 2 border top 141
1608550202924753104 : Checking image 2 border bottom 142
1608550202924788906 : Checking image 2 border left 224
1608550202924825509 : Checking image 2 border right 224

</system-out><system-err>--------------------------------- Captured Err ---------------------------------

</system-err></testcase><testcase classname="tests.test_images" name="test_image_failed_to_crop_data_png" time="72.719"><system-out>--------------------------------- Captured Log ---------------------------------

--------------------------------- Captured Out ---------------------------------
/home/runner/work/ocr-book/ocr-book/tests/image_failed_to_crop_data.png
1608550197868478389 : Checking separation double page angle 90.08353326014034
1608550197868588496 : Checking separation double page y=0 2479
1608550204462221436 : Checking page rotation 1 0.2
1608550211105335326 : Checking page rotation 2 0.1
1608550224711667311 : Checking image 1 crop x1 50
1608550224711809920 : Checking image 1 crop y1 7
1608550224711857123 : Checking image 1 crop x2 2477
1608550224711898525 : Checking image 1 crop y2 3502
1608550229952217158 : Checking image 2 crop x1 165
1608550229952362567 : Checking image 2 crop y1 218
1608550229952409470 : Checking image 2 crop x2 2244
1608550229952450772 : Checking image 2 crop y2 3349
1608550229993285110 : Checking image 1 dpi 300
1608550229993408317 : Checking image 1 border top 6
1608550229993449420 : Checking image 1 border bottom 6
1608550229993485822 : Checking image 1 border left 22
1608550229993521824 : Checking image 1 border right 22
1608550229995942369 : Checking image 2 dpi 300
1608550229996037274 : Checking image 2 border top 206
1608550229996074277 : Checking image 2 border bottom 149
1608550229996109879 : Checking image 2 border left 190
1608550229996145281 : Checking image 2 border right 190

</system-out><system-err>--------------------------------- Captured Err ---------------------------------

</system-err></testcase><testcase classname="tests.test_images" name="test_crop_too_few_png" time="55.989"><system-out>--------------------------------- Captured Log ---------------------------------

--------------------------------- Captured Out ---------------------------------
/home/runner/work/ocr-book/ocr-book/tests/crop_too_few.png
1608550237183662879 : Checking separation double page angle 89.47170238452755
1608550237183778285 : Checking separation double page y=0 2512
1608550244800920756 : Checking page rotation 1 -0.7499999999999916
1608550252353446324 : Checking page rotation 2 0.0
1608550255738590011 : Checking image 1 crop x1 265
1608550255738726319 : Checking image 1 crop y1 152
1608550255738769921 : Checking image 1 crop x2 2375
1608550255738806724 : Checking image 1 crop y2 3356
1608550258902639941 : Checking image 2 crop x1 137
1608550258902776349 : Checking image 2 crop y1 141
1608550258902819751 : Checking image 2 crop x2 2259
1608550258902858453 : Checking image 2 crop y2 3345
1608550258938830451 : Checking image 1 dpi 300
1608550258938959958 : Checking image 1 border top 132
1608550258938999160 : Checking image 1 border bottom 151
1608550258939037163 : Checking image 1 border left 175
1608550258939072565 : Checking image 1 border right 175
1608550258941167481 : Checking image 2 dpi 300
1608550258941253186 : Checking image 2 border top 130
1608550258941289288 : Checking image 2 border bottom 153
1608550258941324390 : Checking image 2 border left 169
1608550258941359292 : Checking image 2 border right 169

</system-out><system-err>--------------------------------- Captured Err ---------------------------------

</system-err></testcase><testcase classname="tests.test_images" name="test_wrong_angle_split_line_png" time="80.374"><system-out>--------------------------------- Captured Log ---------------------------------

--------------------------------- Captured Out ---------------------------------
/home/runner/work/ocr-book/ocr-book/tests/wrong_angle_split_line.png
1608550271488378976 : Checking separation double page angle 90.09193420006348
1608550271488493382 : Checking separation double page y=0 2481
1608550279950816923 : Checking page rotation 1 0.2
1608550289040321996 : Checking page rotation 2 0.0
1608550303224446148 : Checking image 1 crop x1 58
1608550303224582355 : Checking image 1 crop y1 7
1608550303224626358 : Checking image 1 crop x2 2479
1608550303224667160 : Checking image 1 crop y2 3500
1608550309454460733 : Checking image 2 crop x1 160
1608550309454596540 : Checking image 2 crop y1 217
1608550309454640542 : Checking image 2 crop x2 2243
1608550309454681744 : Checking image 2 crop y2 3350
1608550309635786630 : Checking image 1 dpi 300
1608550309635909337 : Checking image 1 border top 7
1608550309635949539 : Checking image 1 border bottom 7
1608550309635985440 : Checking image 1 border left 30
1608550309636021242 : Checking image 1 border right 30
1608550309642411863 : Checking image 2 dpi 300
1608550309642527769 : Checking image 2 border top 206
1608550309642565370 : Checking image 2 border bottom 148
1608550309642603672 : Checking image 2 border left 188
1608550309642639074 : Checking image 2 border right 188

</system-out><system-err>--------------------------------- Captured Err ---------------------------------

</system-err></testcase><testcase classname="tests.test_images" name="test_crop_too_much_2_png" time="100.574"><system-out>--------------------------------- Captured Log ---------------------------------

--------------------------------- Captured Out ---------------------------------
/home/runner/work/ocr-book/ocr-book/tests/crop_too_much_2.png
1608550320699876420 : Checking separation double page angle 90.16490749368565
1608550320699988825 : Checking separation double page y=0 2478
1608550333404720849 : Checking page rotation 1 0.2
1608550347208899130 : Checking page rotation 2 0.2
1608550352514976221 : Checking image 1 crop x1 332
1608550352515115727 : Checking image 1 crop y1 131
1608550352515159429 : Checking image 1 crop x2 2342
1608550352515195731 : Checking image 1 crop y2 3336
1608550359416882086 : Checking image 2 crop x1 165
1608550359417018493 : Checking image 2 crop y1 139
1608550359417061095 : Checking image 2 crop x2 2178
1608550359417099797 : Checking image 2 crop y2 3345
1608550359475628026 : Checking image 1 dpi 300
1608550359475758732 : Checking image 1 border top 120
1608550359475798334 : Checking image 1 border bottom 162
1608550359475836435 : Checking image 1 border left 225
1608550359475872237 : Checking image 1 border right 225
1608550359477956134 : Checking image 2 dpi 300
1608550359478042938 : Checking image 2 border top 126
1608550359478078840 : Checking image 2 border bottom 154
1608550359478115942 : Checking image 2 border left 223
1608550359478155043 : Checking image 2 border right 223

</system-out><system-err>--------------------------------- Captured Err ---------------------------------

</system-err></testcase><testcase classname="tests.test_images" name="test_wrong_split_line_3_png" time="68.543"><system-out>--------------------------------- Captured Log ---------------------------------

--------------------------------- Captured Out ---------------------------------
/home/runner/work/ocr-book/ocr-book/tests/wrong_split_line_3.png
1608550352886039877 : Checking separation double page angle 90.41229500214693
1608550352886153383 : Checking separation double page y=0 2495
1608550362644892521 : Checking page rotation 1 0.35
1608550370806194667 : Checking page rotation 2 0.9
1608550375589216398 : Checking image 1 crop x1 331
1608550375589360005 : Checking image 1 crop y1 164
1608550375589403807 : Checking image 1 crop x2 2375
1608550375589442809 : Checking image 1 crop y2 3377
1608550378947091054 : Checking image 2 crop x1 104
1608550378947237761 : Checking image 2 crop y1 208
1608550378947282063 : Checking image 2 crop x2 2135
1608550378947322765 : Checking image 2 crop y2 3413
1608550378989505189 : Checking image 1 dpi 300
1608550378989625994 : Checking image 1 border top 157
1608550378989665096 : Checking image 1 border bottom 117
1608550378989701498 : Checking image 1 border left 208
1608550378989736799 : Checking image 1 border right 208
1608550378992234613 : Checking image 2 dpi 300
1608550378992337618 : Checking image 2 border top 188
1608550378992374420 : Checking image 2 border bottom 94
1608550378992409821 : Checking image 2 border left 214
1608550378992444823 : Checking image 2 border right 214

</system-out><system-err>--------------------------------- Captured Err ---------------------------------

</system-err></testcase><testcase classname="tests.test_images" name="test_wrong_split_line_2_png" time="103.076"><system-out>--------------------------------- Captured Log ---------------------------------

--------------------------------- Captured Out ---------------------------------
/home/runner/work/ocr-book/ocr-book/tests/wrong_split_line_2.png
1608550417503071652 : Checking separation double page angle 90.24944704411861
1608550417503183757 : Checking separation double page y=0 2440
1608550429667855441 : Checking page rotation 1 0.1
1608550443625448141 : Checking page rotation 2 0.4
1608550451544856067 : Checking image 1 crop x1 294
1608550451544986172 : Checking image 1 crop y1 137
1608550451545027274 : Checking image 1 crop x2 2325
1608550451545063676 : Checking image 1 crop y2 3375
1608550462514548407 : Checking image 2 crop x1 140
1608550462514679012 : Checking image 2 crop y1 192
1608550462514721814 : Checking image 2 crop x2 2167
1608550462514758916 : Checking image 2 crop y2 3386
1608550462567741969 : Checking image 1 dpi 300
1608550462567864675 : Checking image 1 border top 131
1608550462567903076 : Checking image 1 border bottom 118
1608550462567941578 : Checking image 1 border left 214
1608550462567976979 : Checking image 1 border right 214
1608550462570054868 : Checking image 2 dpi 300
1608550462570142572 : Checking image 2 border top 183
1608550462570178473 : Checking image 2 border bottom 110
1608550462570212875 : Checking image 2 border left 216
1608550462570247276 : Checking image 2 border right 216

</system-out><system-err>--------------------------------- Captured Err ---------------------------------

</system-err></testcase><testcase classname="tests.test_images" name="test_wrong_wave_split_line_png" time="93.921"><system-out>--------------------------------- Captured Log ---------------------------------

--------------------------------- Captured Out ---------------------------------
/home/runner/work/ocr-book/ocr-book/tests/wrong_wave_split_line.png
1608550429903862110 : Checking separation double page angle 90.45378604107718
1608550429903973815 : Checking separation double page y=0 2503
1608550441170965850 : Checking page rotation 1 -0.14999999999999067
1608550451945334622 : Checking page rotation 2 0.85
1608550461587009239 : Checking image 1 crop x1 385
1608550461587148445 : Checking image 1 crop y1 179
1608550461587191847 : Checking image 1 crop x2 2411
1608550461587230848 : Checking image 1 crop y2 3374
1608550472845297330 : Checking image 2 crop x1 20
1608550472845431636 : Checking image 2 crop y1 16
1608550472845475437 : Checking image 2 crop x2 2413
1608550472845518039 : Checking image 2 crop y2 3505
1608550472903260381 : Checking image 1 dpi 300
1608550472903381886 : Checking image 1 border top 172
1608550472903420688 : Checking image 1 border bottom 120
1608550472903456590 : Checking image 1 border left 217
1608550472903491791 : Checking image 1 border right 217
1608550472905896493 : Checking image 2 dpi 300
1608550472906002797 : Checking image 2 border top 9
1608550472906042699 : Checking image 2 border bottom 9
1608550472906077800 : Checking image 2 border left 44
1608550472906112302 : Checking image 2 border right 44

</system-out><system-err>--------------------------------- Captured Err ---------------------------------

</system-err></testcase><testcase classname="tests.test_images" name="test_small_wave_png" time="76.818"><system-out>--------------------------------- Captured Log ---------------------------------

--------------------------------- Captured Out ---------------------------------
/home/runner/work/ocr-book/ocr-book/tests/small_wave.png
1608550510574216051 : Checking separation double page angle 90.61316928841565
1608550510574327156 : Checking separation double page y=0 2500
1608550522259806405 : Checking page rotation 1 0.7
1608550532369833832 : Checking page rotation 2 0.7
1608550535894194775 : Checking image 1 crop x1 322
1608550535894325681 : Checking image 1 crop y1 199
1608550535894368382 : Checking image 1 crop x2 2351
1608550535894405484 : Checking image 1 crop y2 3394
1608550539325565719 : Checking image 2 crop x1 130
1608550539325696324 : Checking image 2 crop y1 223
1608550539325739426 : Checking image 2 crop x2 2160
1608550539325777827 : Checking image 2 crop y2 3419
1608550539386851634 : Checking image 1 dpi 300
1608550539386979039 : Checking image 1 border top 180
1608550539387017641 : Checking image 1 border bottom 112
1608550539387055543 : Checking image 1 border left 215
1608550539387090444 : Checking image 1 border right 215
1608550539389155829 : Checking image 2 dpi 300
1608550539389245732 : Checking image 2 border top 195
1608550539389281834 : Checking image 2 border bottom 96
1608550539389316535 : Checking image 2 border left 215
1608550539389351337 : Checking image 2 border right 215

</system-out><system-err>--------------------------------- Captured Err ---------------------------------

</system-err></testcase><testcase classname="tests.test_images" name="test_no_split_line_line_algo_png" time="62.829"><system-out>--------------------------------- Captured Log ---------------------------------

--------------------------------- Captured Out ---------------------------------
/home/runner/work/ocr-book/ocr-book/tests/no_split_line_line_algo.png
1608550511460191618 : Checking separation double page angle 89.47691469185418
1608550511460302122 : Checking separation double page y=0 2476
1608550517204809281 : Checking page rotation 1 -0.14999999999999067
1608550527905344962 : Checking page rotation 2 -0.44999999999999746
1608550530849696060 : Checking image 1 crop x1 205
1608550530849837265 : Checking image 1 crop y1 158
1608550530849881667 : Checking image 1 crop x2 2320
1608550530849922069 : Checking image 1 crop y2 3366
1608550535704595982 : Checking image 2 crop x1 185
1608550535704736587 : Checking image 2 crop y1 221
1608550535704779589 : Checking image 2 crop x2 2201
1608550535704820291 : Checking image 2 crop y2 3366
1608550535752007930 : Checking image 1 dpi 300
1608550535752125435 : Checking image 1 border top 144
1608550535752164437 : Checking image 1 border bottom 134
1608550535752200438 : Checking image 1 border left 172
1608550535752236240 : Checking image 1 border right 172
1608550535754615938 : Checking image 2 dpi 300
1608550535754701441 : Checking image 2 border top 219
1608550535754736943 : Checking image 2 border bottom 123
1608550535754771444 : Checking image 2 border left 222
1608550535754806346 : Checking image 2 border right 222

</system-out><system-err>--------------------------------- Captured Err ---------------------------------

</system-err></testcase><testcase classname="tests.test_images" name="test_failed_split_line_line_algo_png" time="31.147"><system-out>--------------------------------- Captured Log ---------------------------------

--------------------------------- Captured Out ---------------------------------
/home/runner/work/ocr-book/ocr-book/tests/failed_split_line_line_algo.png
1608550556200719032 : Checking separation double page angle 90.0038422057325
1608550556200830936 : Checking separation double page y=0 2576
1608550559912021971 : Checking page rotation 1 -0.14999999999999067
1608550562274106068 : Checking page rotation 2 0.0
1608550565182369042 : Checking image 1 crop x1 407
1608550565182513348 : Checking image 1 crop y1 2925
1608550565182557950 : Checking image 1 crop x2 2419
1608550565182596852 : Checking image 1 crop y2 3174
1608550566930528711 : Checking image 2 crop x1 1183
1608550566930654916 : Checking image 2 crop y1 1747
1608550566930693218 : Checking image 2 crop x2 1184
1608550566930731719 : Checking image 2 crop y2 1748
1608550566931057032 : Checking image 1 dpi 300
1608550566931142836 : Checking image 1 border top 2919
1608550566931179637 : Checking image 1 border bottom 319
1608550566931214139 : Checking image 1 border left 224
1608550566931248740 : Checking image 1 border right 224
1608550566932578194 : Checking image 2 dpi 300
1608550566932663598 : Checking image 2 border top 1752
1608550566932699299 : Checking image 2 border bottom 1753
1608550566932734401 : Checking image 2 border left 1239
1608550566932769102 : Checking image 2 border right 1239

</system-out><system-err>--------------------------------- Captured Err ---------------------------------

</system-err></testcase><testcase classname="tests.test_images" name="test_failed_split_line_line_algo_2_png" time="80.852"><system-out>--------------------------------- Captured Log ---------------------------------

--------------------------------- Captured Out ---------------------------------
/home/runner/work/ocr-book/ocr-book/tests/failed_split_line_line_algo_2.png
1608550591015886140 : Checking separation double page angle 90.04134220573248
1608550591016000051 : Checking separation double page y=0 2498
1608550602630753732 : Checking page rotation 1 0.0
1608550611916207766 : Checking page rotation 2 0.6000000000000001
1608550616393751848 : Checking image 1 crop x1 272
1608550616393876059 : Checking image 1 crop y1 149
1608550616393919463 : Checking image 1 crop x2 2383
1608550616393955867 : Checking image 1 crop y2 3353
1608550620212243475 : Checking image 2 crop x1 124
1608550620212377887 : Checking image 2 crop y1 155
1608550620212420791 : Checking image 2 crop x2 2247
1608550620212457095 : Checking image 2 crop y2 3350
1608550620259413004 : Checking image 1 dpi 300
1608550620259564418 : Checking image 1 border top 137
1608550620259607222 : Checking image 1 border bottom 146
1608550620259646126 : Checking image 1 border left 174
1608550620259682129 : Checking image 1 border right 174
1608550620261806929 : Checking image 2 dpi 300
1608550620261890737 : Checking image 2 border top 135
1608550620261926740 : Checking image 2 border bottom 157
1608550620261961643 : Checking image 2 border left 168
1608550620261996246 : Checking image 2 border right 168

</system-out><system-err>--------------------------------- Captured Err ---------------------------------

</system-err></testcase><testcase classname="tests.test_images" name="test_crop_too_much_3_png" time="79.427"><system-out>--------------------------------- Captured Log ---------------------------------

--------------------------------- Captured Out ---------------------------------
/home/runner/work/ocr-book/ocr-book/tests/crop_too_much_3.png
1608550615208419907 : Checking separation double page angle 89.51495085266092
1608550615208530417 : Checking separation double page y=0 2494
1608550623779394627 : Checking page rotation 1 -0.9499999999999917
1608550636800548499 : Checking page rotation 2 -0.14999999999999067
1608550641507769786 : Checking image 1 crop x1 373
1608550641507912099 : Checking image 1 crop y1 258
1608550641507956103 : Checking image 1 crop x2 2386
1608550641507994806 : Checking image 1 crop y2 3458
1608550646270094399 : Checking image 2 crop x1 172
1608550646270236812 : Checking image 2 crop y1 228
1608550646270281716 : Checking image 2 crop x2 2185
1608550646270323819 : Checking image 2 crop y2 3417
1608550646322565984 : Checking image 1 dpi 300
1608550646322680794 : Checking image 1 border top 239
1608550646322718797 : Checking image 1 border bottom 47
1608550646322754401 : Checking image 1 border left 223
1608550646322791504 : Checking image 1 border right 223
1608550646324966198 : Checking image 2 dpi 300
1608550646325064407 : Checking image 2 border top 214
1608550646325100610 : Checking image 2 border bottom 84
1608550646325135713 : Checking image 2 border left 223
1608550646325173717 : Checking image 2 border right 223

</system-out><system-err>--------------------------------- Captured Err ---------------------------------

</system-err></testcase><testcase classname="tests.test_images" name="test_wrong_wave_split_line_2_png" time="84.247"><system-out>--------------------------------- Captured Log ---------------------------------

--------------------------------- Captured Out ---------------------------------
/home/runner/work/ocr-book/ocr-book/tests/wrong_wave_split_line_2.png
1608550673784230718 : Checking separation double page angle 90.7708958311329
1608550673784342128 : Checking separation double page y=0 2490
1608550682579710954 : Checking page rotation 1 0.4
1608550693588365876 : Checking page rotation 2 1.8
1608550697645319246 : Checking image 1 crop x1 224
1608550697645449056 : Checking image 1 crop y1 147
1608550697645493860 : Checking image 1 crop x2 2337
1608550697645536563 : Checking image 1 crop y2 3355
1608550704448987086 : Checking image 2 crop x1 107
1608550704449117597 : Checking image 2 crop y1 197
1608550704449160000 : Checking image 2 crop x2 2229
1608550704449196403 : Checking image 2 crop y2 3396
1608550704502952832 : Checking image 1 dpi 300
1608550704503082743 : Checking image 1 border top 137
1608550704503121946 : Checking image 1 border bottom 142
1608550704503159949 : Checking image 1 border left 173
1608550704503194952 : Checking image 1 border right 173
1608550704505326724 : Checking image 2 dpi 300
1608550704505412731 : Checking image 2 border top 171
1608550704505448533 : Checking image 2 border bottom 117
1608550704505483136 : Checking image 2 border left 169
1608550704505517539 : Checking image 2 border right 169

</system-out><system-err>--------------------------------- Captured Err ---------------------------------

</system-err></testcase><testcase classname="tests.test_images" name="test_wrong_wave_split_line_3_png" time="70.773"><system-out>--------------------------------- Captured Log ---------------------------------

--------------------------------- Captured Out ---------------------------------
/home/runner/work/ocr-book/ocr-book/tests/wrong_wave_split_line_3.png
1608550692634704379 : Checking separation double page angle 90.05826063695574
1608550692634818888 : Checking separation double page y=0 2514
1608550702193704297 : Checking page rotation 1 0.05
1608550709713432768 : Checking page rotation 2 0.30000000000000004
1608550713631338390 : Checking image 1 crop x1 273
1608550713631470200 : Checking image 1 crop y1 220
1608550713631525905 : Checking image 1 crop x2 2383
1608550713631595710 : Checking image 1 crop y2 3423
1608550717068087490 : Checking image 2 crop x1 114
1608550717068230201 : Checking image 2 crop y1 226
1608550717068273604 : Checking image 2 crop x2 2237
1608550717068314908 : Checking image 2 crop y2 3414
1608550717111406505 : Checking image 1 dpi 300
1608550717111524914 : Checking image 1 border top 202
1608550717111593819 : Checking image 1 border bottom 82
1608550717111629222 : Checking image 1 border left 175
1608550717111666025 : Checking image 1 border right 175
1608550717113789493 : Checking image 2 dpi 300
1608550717113874399 : Checking image 2 border top 207
1608550717113910302 : Checking image 2 border bottom 92
1608550717113945705 : Checking image 2 border left 168
1608550717113981408 : Checking image 2 border right 168

</system-out><system-err>--------------------------------- Captured Err ---------------------------------

</system-err></testcase><testcase classname="tests.test_images" name="test_no_split_line_wave_algo_png" time="80.267"><system-out>--------------------------------- Captured Log ---------------------------------

--------------------------------- Captured Out ---------------------------------
/home/runner/work/ocr-book/ocr-book/tests/no_split_line_wave_algo.png
1608550744160321415 : Checking separation double page angle 89.92907061939218
1608550744160433924 : Checking separation double page y=0 2475
1608550751543463602 : Checking page rotation 1 -0.04999999999999689
1608550760929201698 : Checking page rotation 2 -0.5499999999999912
1608550774520982146 : Checking image 1 crop x1 101
1608550774521070052 : Checking image 1 crop y1 79
1608550774521109755 : Checking image 1 crop x2 2477
1608550774521147258 : Checking image 1 crop y2 3505
1608550784647372742 : Checking image 2 crop x1 171
1608550784647505051 : Checking image 2 crop y1 266
1608550784647617159 : Checking image 2 crop x2 2248
1608550784647656662 : Checking image 2 crop y2 3382
1608550784694092073 : Checking image 1 dpi 300
1608550784694218182 : Checking image 1 border top 41
1608550784694256685 : Checking image 1 border bottom 41
1608550784694294888 : Checking image 1 border left 52
1608550784694329490 : Checking image 1 border right 52
1608550784696577851 : Checking image 2 dpi 300
1608550784696672057 : Checking image 2 border top 254
1608550784696708660 : Checking image 2 border bottom 116
1608550784696743762 : Checking image 2 border left 191
1608550784696778365 : Checking image 2 border right 191

</system-out><system-err>--------------------------------- Captured Err ---------------------------------

</system-err></testcase><testcase classname="tests.test_images" name="test_no_split_line_wave_algo_2_png" time="62.974"><system-out>--------------------------------- Captured Log ---------------------------------

--------------------------------- Captured Out ---------------------------------
/home/runner/work/ocr-book/ocr-book/tests/no_split_line_wave_algo_2.png
1608550756926453077 : Checking separation double page angle 90.47115835000895
1608550756926570486 : Checking separation double page y=0 2478
1608550765209142308 : Checking page rotation 1 1.1500000000000001
1608550773247923709 : Checking page rotation 2 0.2
1608550776806978190 : Checking image 1 crop x1 266
1608550776807117700 : Checking image 1 crop y1 209
1608550776807161203 : Checking image 1 crop x2 2342
1608550776807202806 : Checking image 1 crop y2 3413
1608550780046142746 : Checking image 2 crop x1 163
1608550780046288656 : Checking image 2 crop y1 241
1608550780046332459 : Checking image 2 crop x2 2246
1608550780046372962 : Checking image 2 crop y2 3433
1608550780090056695 : Checking image 1 dpi 300
1608550780090172503 : Checking image 1 border top 191
1608550780090210506 : Checking image 1 border bottom 92
1608550780090245808 : Checking image 1 border left 192
1608550780090280911 : Checking image 1 border right 192
1608550780092423464 : Checking image 2 dpi 300
1608550780092512571 : Checking image 2 border top 225
1608550780092548873 : Checking image 2 border bottom 70
1608550780092584676 : Checking image 2 border left 188
1608550780092619278 : Checking image 2 border right 188

</system-out><system-err>--------------------------------- Captured Err ---------------------------------

</system-err></testcase><testcase classname="tests.test_images" name="test_failed_detect_rectangle_png" time="79.141"><system-out>--------------------------------- Captured Log ---------------------------------

--------------------------------- Captured Out ---------------------------------
/home/runner/work/ocr-book/ocr-book/tests/failed_detect_rectangle.png
1608550828620071449 : Checking separation double page angle 90.19837516213148
1608550828620182857 : Checking separation double page y=0 2474
1608550839027714624 : Checking page rotation 1 0.2
1608550851571265402 : Checking page rotation 2 0.2
1608550855343349413 : Checking image 1 crop x1 257
1608550855343489322 : Checking image 1 crop y1 201
1608550855343557327 : Checking image 1 crop x2 2333
1608550855343599430 : Checking image 1 crop y2 3402
1608550859170608952 : Checking image 2 crop x1 136
1608550859170752761 : Checking image 2 crop y1 215
1608550859170797864 : Checking image 2 crop x2 2219
1608550859170838666 : Checking image 2 crop y2 3406
1608550859223124061 : Checking image 1 dpi 300
1608550859223240069 : Checking image 1 border top 188
1608550859223277771 : Checking image 1 border bottom 97
1608550859223313474 : Checking image 1 border left 192
1608550859223348376 : Checking image 1 border right 192
1608550859225459013 : Checking image 2 dpi 300
1608550859225544818 : Checking image 2 border top 200
1608550859225579821 : Checking image 2 border bottom 95
1608550859225614523 : Checking image 2 border left 188
1608550859225648725 : Checking image 2 border right 188

</system-out><system-err>--------------------------------- Captured Err ---------------------------------

</system-err></testcase><testcase classname="tests.test_images" name="test_crop_too_few_2_png" time="71.852"><system-out>--------------------------------- Captured Log ---------------------------------

--------------------------------- Captured Out ---------------------------------
/home/runner/work/ocr-book/ocr-book/tests/crop_too_few_2.png
1608550830671499106 : Checking separation double page angle 90.30476192320097
1608550830671637515 : Checking separation double page y=0 2531
1608550840325329429 : Checking page rotation 1 1.2000000000000002
1608550848896640197 : Checking page rotation 2 -0.04999999999999689
1608550852746718567 : Checking image 1 crop x1 287
1608550852746848376 : Checking image 1 crop y1 165
1608550852746889179 : Checking image 1 crop x2 2398
1608550852746925981 : Checking image 1 crop y2 3368
1608550856610273603 : Checking image 2 crop x1 149
1608550856610402111 : Checking image 2 crop y1 189
1608550856610443014 : Checking image 2 crop x2 2273
1608550856610479816 : Checking image 2 crop y2 3386
1608550856651651499 : Checking image 1 dpi 300
1608550856651782007 : Checking image 1 border top 157
1608550856651820610 : Checking image 1 border bottom 127
1608550856651858112 : Checking image 1 border left 174
1608550856651894715 : Checking image 1 border right 174
1608550856653962349 : Checking image 2 dpi 300
1608550856654039054 : Checking image 2 border top 181
1608550856654075457 : Checking image 2 border bottom 109
1608550856654109959 : Checking image 2 border left 168
1608550856654144761 : Checking image 2 border right 168

</system-out><system-err>--------------------------------- Captured Err ---------------------------------

</system-err></testcase><testcase classname="tests.test_images" name="test_no_split_line_wave_algo_3_png" time="21.571"><system-out>--------------------------------- Captured Log ---------------------------------

--------------------------------- Captured Out ---------------------------------
/home/runner/work/ocr-book/ocr-book/tests/no_split_line_wave_algo_3.png
1608550869326945710 : Checking separation double page angle 90.19999999999999
1608550869327072018 : Checking separation double page y=0 2408
1608550872442296848 : Checking page rotation 1 0.0
1608550872849742125 : Checking page rotation 2 0.15000000000000002
1608550877483196816 : Checking image 1 crop x1 184
1608550877483306823 : Checking image 1 crop y1 2957
1608550877483347825 : Checking image 1 crop x2 2201
1608550877483382427 : Checking image 1 crop y2 3202
1608550878197226055 : Checking image 2 crop x1 0
1608550878197301260 : Checking image 2 crop y1 0
1608550878197335662 : Checking image 2 crop x2 0
1608550878197367964 : Checking image 2 crop y2 0
1608550878197460570 : Checking image 1 dpi 300
1608550878197537875 : Checking image 1 border top 2950
1608550878197574478 : Checking image 1 border bottom 292
1608550878197611680 : Checking image 1 border left 221
1608550878197646182 : Checking image 1 border right 221
1608550878202781309 : Checking image 2 border top 0
1608550878202840312 : Checking image 2 border bottom 0
1608550878202873615 : Checking image 2 border left 0
1608550878202907117 : Checking image 2 border right 0

</system-out><system-err>--------------------------------- Captured Err ---------------------------------

</system-err></testcase><testcase classname="tests.test_images" name="test_single_page_png" time="28.326"><system-out>--------------------------------- Captured Log ---------------------------------

--------------------------------- Captured Out ---------------------------------
/home/runner/work/ocr-book/ocr-book/tests/single_page.png
1608550871865341813 : Checking separation double page angle 90.04999999999998
1608550871865470121 : Checking separation double page y=0 2476
1608550877778476112 : Checking page rotation 1 0.0
1608550878407650336 : Checking page rotation 2 0.0
1608550886534787362 : Checking image 1 crop x1 1
1608550886534880068 : Checking image 1 crop y1 8
1608550886534922570 : Checking image 1 crop x2 2470
1608550886534959873 : Checking image 1 crop y2 3505
1608550887199519763 : Checking image 2 crop x1 0
1608550887199624369 : Checking image 2 crop y1 0
1608550887199658771 : Checking image 2 crop x2 0
1608550887199690773 : Checking image 2 crop y2 0
1608550887199771678 : Checking image 1 dpi 300
1608550887199843683 : Checking image 1 border top 5
1608550887199879585 : Checking image 1 border bottom 5
1608550887199914487 : Checking image 1 border left 6
1608550887199949490 : Checking image 1 border right 6
1608550887205862862 : Checking image 2 border top 0
1608550887205933066 : Checking image 2 border bottom 0
1608550887205966969 : Checking image 2 border left 0
1608550887205999871 : Checking image 2 border right 0

</system-out><system-err>--------------------------------- Captured Err ---------------------------------

</system-err></testcase><testcase classname="tests.test_images" name="test_wrong_split_line_4_png" time="35.496"><system-out>--------------------------------- Captured Log ---------------------------------

--------------------------------- Captured Out ---------------------------------
/home/runner/work/ocr-book/ocr-book/tests/wrong_split_line_4.png
1608550899227144013 : Checking separation double page angle 91.04999999999998
1608550899227275221 : Checking separation double page y=0 60
1608550899516840538 : Checking page rotation 1 1.05
1608550908517761945 : Checking page rotation 2 1.1500000000000001
1608550909104572724 : Checking image 1 crop x1 0
1608550909104639928 : Checking image 1 crop y1 0
1608550909104674130 : Checking image 1 crop x2 0
1608550909104706332 : Checking image 1 crop y2 0
1608550913719699804 : Checking image 2 crop x1 292
1608550913719815111 : Checking image 2 crop y1 330
1608550913719857314 : Checking image 2 crop x2 2314
1608550913719891416 : Checking image 2 crop y2 3218
1608550913769117137 : Checking image 1 border top 0
1608550913769188241 : Checking image 1 border bottom 0
1608550913769229743 : Checking image 1 border left 0
1608550913769266646 : Checking image 1 border right 0
1608550913769326449 : Checking image 2 dpi 300
1608550913769413255 : Checking image 2 border top 322
1608550913769448357 : Checking image 2 border bottom 277
1608550913769482659 : Checking image 2 border left 219
1608550913769516661 : Checking image 2 border right 219

</system-out><system-err>--------------------------------- Captured Err ---------------------------------

</system-err></testcase></testsuite></testsuites>