<?xml version="1.0" encoding="utf-8"?><testsuites><testsuite name="pytest" errors="0" failures="0" skipped="0" tests="36" time="541.850" timestamp="2021-01-02T19:53:31.161862" hostname="fv-az108-19"><testcase classname="tests.test_features" name="test_disabled_enable_debug" time="32.784"><system-out>--------------------------------- Captured Log ---------------------------------

--------------------------------- Captured Out ---------------------------------
/home/runner/work/ocr-book/ocr-book/tests/0001_debug.png
separation double page angle 90.5528088189967
separation double page y=0 2485
page rotation 1 0.5499999999999999
page rotation 2 0.2
image 1 crop x1 327
image 1 crop y1 334
image 1 crop x2 2346
image 1 crop y2 3221
image 2 crop x1 169
image 2 crop y1 648
image 2 crop x2 2186
image 2 crop y2 3361
image 1 dpi 300
image 1 border top 332
image 1 border bottom 268
image 1 border left 220
image 1 border right 220
image 2 dpi 300
image 2 border top 643
image 2 border bottom 131
image 2 border left 221
image 2 border right 221

</system-out><system-err>--------------------------------- Captured Err ---------------------------------

</system-err></testcase><testcase classname="tests.test_features" name="test_mock_stop_at_0" time="0.046"><system-out>--------------------------------- Captured Log ---------------------------------

--------------------------------- Captured Out ---------------------------------
/home/runner/work/ocr-book/ocr-book/tests/0001_0.png

</system-out><system-err>--------------------------------- Captured Err ---------------------------------

</system-err></testcase><testcase classname="tests.test_features" name="test_mock_stop_at_2" time="29.096"><system-out>--------------------------------- Captured Log ---------------------------------

--------------------------------- Captured Out ---------------------------------
/home/runner/work/ocr-book/ocr-book/tests/0001_2.png
separation double page angle 90.5528088189967
separation double page y=0 2485
page rotation 1 0.5499999999999999
page rotation 2 0.2

</system-out><system-err>--------------------------------- Captured Err ---------------------------------

</system-err></testcase><testcase classname="tests.test_features" name="test_mock_stop_at_4" time="31.643"><system-out>--------------------------------- Captured Log ---------------------------------

--------------------------------- Captured Out ---------------------------------
/home/runner/work/ocr-book/ocr-book/tests/0001_4.png
separation double page angle 90.5528088189967
separation double page y=0 2485
page rotation 1 0.5499999999999999
page rotation 2 0.2
image 1 crop x1 327
image 1 crop y1 334
image 1 crop x2 2346
image 1 crop y2 3221
image 2 crop x1 169
image 2 crop y1 648
image 2 crop x2 2186
image 2 crop y2 3361
image 1 dpi 300
image 1 border top 332
image 1 border bottom 268
image 1 border left 220
image 1 border right 220
image 2 dpi 300
image 2 border top 643
image 2 border bottom 131
image 2 border left 221
image 2 border right 221

</system-out><system-err>--------------------------------- Captured Err ---------------------------------

</system-err></testcase><testcase classname="tests.test_features" name="test_mock_stop_at_1" time="26.069"><system-out>--------------------------------- Captured Log ---------------------------------

--------------------------------- Captured Out ---------------------------------
/home/runner/work/ocr-book/ocr-book/tests/0001_1.png
separation double page angle 90.5528088189967
separation double page y=0 2485

</system-out><system-err>--------------------------------- Captured Err ---------------------------------

</system-err></testcase><testcase classname="tests.test_features" name="test_mock_stop_at_3" time="31.916"><system-out>--------------------------------- Captured Log ---------------------------------

--------------------------------- Captured Out ---------------------------------
/home/runner/work/ocr-book/ocr-book/tests/0001_3.png
separation double page angle 90.5528088189967
separation double page y=0 2485
page rotation 1 0.5499999999999999
page rotation 2 0.2
image 1 crop x1 327
image 1 crop y1 334
image 1 crop x2 2346
image 1 crop y2 3221
image 2 crop x1 169
image 2 crop y1 648
image 2 crop x2 2186
image 2 crop y2 3361

</system-out><system-err>--------------------------------- Captured Err ---------------------------------

</system-err></testcase><testcase classname="tests.test_images" name="test_0001_png" time="31.372"><system-out>--------------------------------- Captured Log ---------------------------------

--------------------------------- Captured Out ---------------------------------
/home/runner/work/ocr-book/ocr-book/tests/0001.png
1609617299323891169 : Checking separation double page angle 90.5528088189967
1609617299324000670 : Checking separation double page y=0 2485
1609617300230469596 : Checking page rotation 1 0.5499999999999999
1609617301317550378 : Checking page rotation 2 0.2
1609617303205357219 : Checking image 1 crop x1 327
1609617303205467620 : Checking image 1 crop y1 334
1609617303205505021 : Checking image 1 crop x2 2346
1609617303205538221 : Checking image 1 crop y2 3221
1609617304686231103 : Checking image 2 crop x1 169
1609617304686346605 : Checking image 2 crop y1 648
1609617304686384106 : Checking image 2 crop x2 2186
1609617304686416106 : Checking image 2 crop y2 3361
1609617304686584008 : Checking image 1 dpi 300
1609617304686653209 : Checking image 1 border top 332
1609617304686686510 : Checking image 1 border bottom 268
1609617304686717610 : Checking image 1 border left 220
1609617304686748611 : Checking image 1 border right 220
1609617304689029543 : Checking image 2 dpi 300
1609617304689122445 : Checking image 2 border top 643
1609617304689154545 : Checking image 2 border bottom 131
1609617304689184746 : Checking image 2 border left 221
1609617304689214846 : Checking image 2 border right 221

</system-out><system-err>--------------------------------- Captured Err ---------------------------------

</system-err></testcase><testcase classname="tests.test_features" name="test_mock_stop_at_5" time="31.889"><system-out>--------------------------------- Captured Log ---------------------------------

--------------------------------- Captured Out ---------------------------------
/home/runner/work/ocr-book/ocr-book/tests/0001_5.png
separation double page angle 90.5528088189967
separation double page y=0 2485
page rotation 1 0.5499999999999999
page rotation 2 0.2
image 1 crop x1 327
image 1 crop y1 334
image 1 crop x2 2346
image 1 crop y2 3221
image 2 crop x1 169
image 2 crop y1 648
image 2 crop x2 2186
image 2 crop y2 3361
image 1 dpi 300
image 1 border top 332
image 1 border bottom 268
image 1 border left 220
image 1 border right 220
image 2 dpi 300
image 2 border top 643
image 2 border bottom 131
image 2 border left 221
image 2 border right 221

</system-out><system-err>--------------------------------- Captured Err ---------------------------------

</system-err></testcase><testcase classname="tests.test_images" name="test_black_border_not_removed_png" time="33.681"><system-out>--------------------------------- Captured Log ---------------------------------

--------------------------------- Captured Out ---------------------------------
/home/runner/work/ocr-book/ocr-book/tests/black-border-not-removed.png
1609617331606360011 : Checking separation double page angle 90.033171103531
1609617331606464313 : Checking separation double page y=0 2455
1609617332548584693 : Checking page rotation 1 0.0
1609617333698027539 : Checking page rotation 2 0.05
1609617336270385280 : Checking image 1 crop x1 297
1609617336270496581 : Checking image 1 crop y1 143
1609617336270530382 : Checking image 1 crop x2 2309
1609617336270560782 : Checking image 1 crop y2 3346
1609617338369087354 : Checking image 2 crop x1 157
1609617338369199755 : Checking image 2 crop y1 145
1609617338369235856 : Checking image 2 crop x2 2170
1609617338369269656 : Checking image 2 crop y2 3351
1609617338369423658 : Checking image 1 dpi 300
1609617338369491559 : Checking image 1 border top 132
1609617338369523760 : Checking image 1 border bottom 152
1609617338369555360 : Checking image 1 border left 224
1609617338369586461 : Checking image 1 border right 224
1609617338371936194 : Checking image 2 dpi 300
1609617338372023896 : Checking image 2 border top 134
1609617338372055996 : Checking image 2 border bottom 147
1609617338372087296 : Checking image 2 border left 223
1609617338372118297 : Checking image 2 border right 223

</system-out><system-err>--------------------------------- Captured Err ---------------------------------

</system-err></testcase><testcase classname="tests.test_images" name="test_2_pages_2_contours_png" time="18.858"><system-out>--------------------------------- Captured Log ---------------------------------

--------------------------------- Captured Out ---------------------------------
/home/runner/work/ocr-book/ocr-book/tests/2-pages-2-contours.png
1609617350123365066 : Checking separation double page angle 90.09036871657068
1609617350123483068 : Checking separation double page y=0 2486
1609617350610623643 : Checking page rotation 1 0.0
1609617351552656130 : Checking page rotation 2 0.2
1609617352358404966 : Checking image 1 crop x1 1191
1609617352358493967 : Checking image 1 crop y1 1750
1609617352358527068 : Checking image 1 crop x2 1192
1609617352358556868 : Checking image 1 crop y2 1751
1609617354062680766 : Checking image 2 crop x1 99
1609617354062780468 : Checking image 2 crop y1 240
1609617354062815268 : Checking image 2 crop x2 2147
1609617354062848969 : Checking image 2 crop y2 3240
1609617354063001171 : Checking image 1 dpi 300
1609617354063062472 : Checking image 1 border top 1752
1609617354063093472 : Checking image 1 border bottom 1753
1609617354063124573 : Checking image 1 border left 1239
1609617354063156373 : Checking image 1 border right 1239
1609617354064514993 : Checking image 2 dpi 300
1609617354064598294 : Checking image 2 border top 229
1609617354064629994 : Checking image 2 border bottom 258
1609617354064660695 : Checking image 2 border left 206
1609617354064691195 : Checking image 2 border right 206

</system-out><system-err>--------------------------------- Captured Err ---------------------------------

</system-err></testcase><testcase classname="tests.test_images" name="test_image_failed_to_rotate_png" time="33.523"><system-out>--------------------------------- Captured Log ---------------------------------

--------------------------------- Captured Out ---------------------------------
/home/runner/work/ocr-book/ocr-book/tests/image_failed_to_rotate.png
1609617361899391601 : Checking separation double page angle 90.26767669076624
1609617361899507302 : Checking separation double page y=0 2480
1609617363508327010 : Checking page rotation 1 0.45
1609617364632728891 : Checking page rotation 2 0.2
1609617369536358333 : Checking image 1 crop x1 31
1609617369536472935 : Checking image 1 crop y1 1
1609617369536509035 : Checking image 1 crop x2 2478
1609617369536542936 : Checking image 1 crop y2 3504
1609617371808653539 : Checking image 2 crop x1 169
1609617371808758540 : Checking image 2 crop y1 231
1609617371808794241 : Checking image 2 crop x2 2257
1609617371808828141 : Checking image 2 crop y2 3358
1609617371808996444 : Checking image 1 dpi 300
1609617371809070845 : Checking image 1 border top 2
1609617371809105745 : Checking image 1 border bottom 2
1609617371809137246 : Checking image 1 border left 17
1609617371809168246 : Checking image 1 border right 17
1609617371811454279 : Checking image 2 dpi 300
1609617371811538080 : Checking image 2 border top 218
1609617371811570381 : Checking image 2 border bottom 142
1609617371811601281 : Checking image 2 border left 186
1609617371811632281 : Checking image 2 border right 186

</system-out><system-err>--------------------------------- Captured Err ---------------------------------

</system-err></testcase><testcase classname="tests.test_images" name="test_wrong_split_line_png" time="23.927"><system-out>--------------------------------- Captured Log ---------------------------------

--------------------------------- Captured Out ---------------------------------
/home/runner/work/ocr-book/ocr-book/tests/wrong_split_line.png
1609617373199805540 : Checking separation double page angle 89.93395720607973
1609617373199914341 : Checking separation double page y=0 2465
1609617374009315511 : Checking page rotation 1 -0.04999999999999689
1609617374870203587 : Checking page rotation 2 0.5499999999999999
1609617376066698949 : Checking image 1 crop x1 211
1609617376066800751 : Checking image 1 crop y1 156
1609617376066836251 : Checking image 1 crop x2 2323
1609617376066870151 : Checking image 1 crop y2 3363
1609617377987364738 : Checking image 2 crop x1 125
1609617377987469039 : Checking image 2 crop y1 166
1609617377987506140 : Checking image 2 crop x2 2236
1609617377987540840 : Checking image 2 crop y2 3373
1609617377987698942 : Checking image 1 dpi 300
1609617377987766043 : Checking image 1 border top 134
1609617377987797344 : Checking image 1 border bottom 146
1609617377987828744 : Checking image 1 border left 174
1609617377987861845 : Checking image 1 border right 174
1609617377990121377 : Checking image 2 dpi 300
1609617377990215778 : Checking image 2 border top 146
1609617377990250079 : Checking image 2 border bottom 134
1609617377990281179 : Checking image 2 border left 174
1609617377990311580 : Checking image 2 border right 174

</system-out><system-err>--------------------------------- Captured Err ---------------------------------

</system-err></testcase><testcase classname="tests.test_images" name="test_image_failed_to_crop_data_png" time="42.969"><system-out>--------------------------------- Captured Log ---------------------------------

--------------------------------- Captured Out ---------------------------------
/home/runner/work/ocr-book/ocr-book/tests/image_failed_to_crop_data.png
1609617399073606142 : Checking separation double page angle 90.053197600644
1609617399073717844 : Checking separation double page y=0 2480
1609617402923422299 : Checking page rotation 1 0.15000000000000002
1609617403903779694 : Checking page rotation 2 0.0
1609617412462447984 : Checking image 1 crop x1 51
1609617412462559986 : Checking image 1 crop y1 7
1609617412462598286 : Checking image 1 crop x2 2478
1609617412462632787 : Checking image 1 crop y2 3505
1609617414814208195 : Checking image 2 crop x1 160
1609617414814323597 : Checking image 2 crop y1 217
1609617414814360197 : Checking image 2 crop x2 2242
1609617414814394198 : Checking image 2 crop y2 3350
1609617414814565000 : Checking image 1 dpi 300
1609617414814641801 : Checking image 1 border top 5
1609617414814675902 : Checking image 1 border bottom 5
1609617414814707502 : Checking image 1 border left 27
1609617414814738603 : Checking image 1 border right 27
1609617414817076136 : Checking image 2 dpi 300
1609617414817167138 : Checking image 2 border top 206
1609617414817199038 : Checking image 2 border bottom 148
1609617414817230038 : Checking image 2 border left 189
1609617414817260739 : Checking image 2 border right 189

</system-out><system-err>--------------------------------- Captured Err ---------------------------------

</system-err></testcase><testcase classname="tests.test_images" name="test_crop_too_much_png" time="41.200"><system-out>--------------------------------- Captured Log ---------------------------------

--------------------------------- Captured Out ---------------------------------
/home/runner/work/ocr-book/ocr-book/tests/crop_too_much.png
1609617412701263898 : Checking separation double page angle 90.13239409272954
1609617412701378399 : Checking separation double page y=0 2455
1609617414280112362 : Checking page rotation 1 0.0
1609617415501098712 : Checking page rotation 2 0.2
1609617417674958478 : Checking image 1 crop x1 303
1609617417675067280 : Checking image 1 crop y1 148
1609617417675102481 : Checking image 1 crop x2 2313
1609617417675134081 : Checking image 1 crop y2 3351
1609617419174226905 : Checking image 2 crop x1 162
1609617419174337606 : Checking image 2 crop y1 151
1609617419174371907 : Checking image 2 crop x2 2186
1609617419174405807 : Checking image 2 crop y2 3363
1609617419174573010 : Checking image 1 dpi 300
1609617419174640411 : Checking image 1 border top 132
1609617419174671811 : Checking image 1 border bottom 152
1609617419174703311 : Checking image 1 border left 225
1609617419174735212 : Checking image 1 border right 225
1609617419176842242 : Checking image 2 dpi 300
1609617419176933543 : Checking image 2 border top 132
1609617419176965244 : Checking image 2 border bottom 143
1609617419176996544 : Checking image 2 border left 218
1609617419177027345 : Checking image 2 border right 218

</system-out><system-err>--------------------------------- Captured Err ---------------------------------

</system-err></testcase><testcase classname="tests.test_images" name="test_wrong_angle_split_line_png" time="29.345"><system-out>--------------------------------- Captured Log ---------------------------------

--------------------------------- Captured Out ---------------------------------
/home/runner/work/ocr-book/ocr-book/tests/wrong_angle_split_line.png
1609617432709106773 : Checking separation double page angle 90.09193420006348
1609617432709206874 : Checking separation double page y=0 2478
1609617433863368472 : Checking page rotation 1 0.1
1609617434768945016 : Checking page rotation 2 0.1
1609617439578295316 : Checking image 1 crop x1 58
1609617439578413618 : Checking image 1 crop y1 6
1609617439578452718 : Checking image 1 crop x2 2476
1609617439578486519 : Checking image 1 crop y2 3501
1609617443562249255 : Checking image 2 crop x1 166
1609617443562361856 : Checking image 2 crop y1 218
1609617443562397757 : Checking image 2 crop x2 2244
1609617443562433257 : Checking image 2 crop y2 3349
1609617443562590159 : Checking image 1 dpi 300
1609617443562664860 : Checking image 1 border top 6
1609617443562698061 : Checking image 1 border bottom 6
1609617443562729161 : Checking image 1 border left 31
1609617443562760162 : Checking image 1 border right 31
1609617443569602459 : Checking image 2 dpi 300
1609617443569698761 : Checking image 2 border top 207
1609617443569731661 : Checking image 2 border bottom 149
1609617443569762662 : Checking image 2 border left 191
1609617443569793562 : Checking image 2 border right 191

</system-out><system-err>--------------------------------- Captured Err ---------------------------------

</system-err></testcase><testcase classname="tests.test_images" name="test_crop_too_few_png" time="24.978"><system-out>--------------------------------- Captured Log ---------------------------------

--------------------------------- Captured Out ---------------------------------
/home/runner/work/ocr-book/ocr-book/tests/crop_too_few.png
1609617439142162294 : Checking separation double page angle 89.54670238452755
1609617439142263495 : Checking separation double page y=0 2512
1609617439951686243 : Checking page rotation 1 -0.6000000000000009
1609617440904881942 : Checking page rotation 2 0.0
1609617442510303347 : Checking image 1 crop x1 263
1609617442510406748 : Checking image 1 crop y1 150
1609617442510439948 : Checking image 1 crop x2 2379
1609617442510470049 : Checking image 1 crop y2 3358
1609617444175983611 : Checking image 2 crop x1 137
1609617444176092012 : Checking image 2 crop y1 141
1609617444176126813 : Checking image 2 crop x2 2259
1609617444176175213 : Checking image 2 crop y2 3345
1609617444176339416 : Checking image 1 dpi 300
1609617444176412217 : Checking image 1 border top 130
1609617444176444017 : Checking image 1 border bottom 149
1609617444176474818 : Checking image 1 border left 172
1609617444176506718 : Checking image 1 border right 172
1609617444178566047 : Checking image 2 dpi 300
1609617444178647449 : Checking image 2 border top 130
1609617444178679449 : Checking image 2 border bottom 153
1609617444178710749 : Checking image 2 border left 169
1609617444178741350 : Checking image 2 border right 169

</system-out><system-err>--------------------------------- Captured Err ---------------------------------

</system-err></testcase><testcase classname="tests.test_images" name="test_crop_too_much_2_png" time="48.041"><system-out>--------------------------------- Captured Log ---------------------------------

--------------------------------- Captured Out ---------------------------------
/home/runner/work/ocr-book/ocr-book/tests/crop_too_much_2.png
1609617485045025554 : Checking separation double page angle 90.1149074900787
1609617485045133856 : Checking separation double page y=0 2478
1609617486325629767 : Checking page rotation 1 0.15000000000000002
1609617487722093715 : Checking page rotation 2 0.2
1609617489536576735 : Checking image 1 crop x1 330
1609617489536687136 : Checking image 1 crop y1 132
1609617489536722337 : Checking image 1 crop x2 2342
1609617489536754237 : Checking image 1 crop y2 3335
1609617492187158898 : Checking image 2 crop x1 162
1609617492187266400 : Checking image 2 crop y1 139
1609617492187301900 : Checking image 2 crop x2 2175
1609617492187335101 : Checking image 2 crop y2 3345
1609617492187504203 : Checking image 1 dpi 300
1609617492187575404 : Checking image 1 border top 122
1609617492187607805 : Checking image 1 border bottom 162
1609617492187638905 : Checking image 1 border left 224
1609617492187672006 : Checking image 1 border right 224
1609617492189727335 : Checking image 2 dpi 300
1609617492189816336 : Checking image 2 border top 130
1609617492189848637 : Checking image 2 border bottom 151
1609617492189879437 : Checking image 2 border left 223
1609617492189909638 : Checking image 2 border right 223

</system-out><system-err>--------------------------------- Captured Err ---------------------------------

</system-err></testcase><testcase classname="tests.test_images" name="test_angle_page_lower_split_line_png" time="31.128"><system-out>--------------------------------- Captured Log ---------------------------------

--------------------------------- Captured Out ---------------------------------
/home/runner/work/ocr-book/ocr-book/tests/angle_page_lower_split_line.png
1609617468832592500 : Checking separation double page angle 89.74927707086691
1609617468832707201 : Checking separation double page y=0 2474
1609617470148256794 : Checking page rotation 1 -0.14999999999999067
1609617471398361152 : Checking page rotation 2 0.1
1609617473484230550 : Checking image 1 crop x1 241
1609617473484352451 : Checking image 1 crop y1 156
1609617473484388352 : Checking image 1 crop x2 2357
1609617473484422152 : Checking image 1 crop y2 3368
1609617475350387108 : Checking image 2 crop x1 149
1609617475350509110 : Checking image 2 crop y1 146
1609617475350545010 : Checking image 2 crop x2 2259
1609617475350578511 : Checking image 2 crop y2 3351
1609617475350750013 : Checking image 1 dpi 300
1609617475350819714 : Checking image 1 border top 140
1609617475350850715 : Checking image 1 border bottom 135
1609617475350882115 : Checking image 1 border left 172
1609617475350916716 : Checking image 1 border right 172
1609617475353318450 : Checking image 2 dpi 300
1609617475353405651 : Checking image 2 border top 129
1609617475353438252 : Checking image 2 border bottom 152
1609617475353469052 : Checking image 2 border left 175
1609617475353499453 : Checking image 2 border right 175

</system-out><system-err>--------------------------------- Captured Err ---------------------------------

</system-err></testcase><testcase classname="tests.test_images" name="test_wrong_wave_split_line_png" time="44.785"><system-out>--------------------------------- Captured Log ---------------------------------

--------------------------------- Captured Out ---------------------------------
/home/runner/work/ocr-book/ocr-book/tests/wrong_wave_split_line.png
1609617509053526971 : Checking separation double page angle 90.37878604107719
1609617509053637572 : Checking separation double page y=0 2500
1609617510140360193 : Checking page rotation 1 -0.14999999999999067
1609617511266690277 : Checking page rotation 2 0.9
1609617515795635550 : Checking image 1 crop x1 385
1609617515795750251 : Checking image 1 crop y1 179
1609617515795785752 : Checking image 1 crop x2 2411
1609617515795819552 : Checking image 1 crop y2 3374
1609617520113007366 : Checking image 2 crop x1 17
1609617520113128368 : Checking image 2 crop y1 8
1609617520113167069 : Checking image 2 crop x2 2399
1609617520113201669 : Checking image 2 crop y2 3391
1609617520113350371 : Checking image 1 dpi 300
1609617520113422072 : Checking image 1 border top 173
1609617520113454273 : Checking image 1 border bottom 119
1609617520113485273 : Checking image 1 border left 217
1609617520113516073 : Checking image 1 border right 217
1609617520115792406 : Checking image 2 dpi 300
1609617520115882107 : Checking image 2 border top 0
1609617520115919208 : Checking image 2 border bottom 114
1609617520115950108 : Checking image 2 border left 49
1609617520115981409 : Checking image 2 border right 49

</system-out><system-err>--------------------------------- Captured Err ---------------------------------

</system-err></testcase><testcase classname="tests.test_images" name="test_wrong_split_line_2_png" time="45.488"><system-out>--------------------------------- Captured Log ---------------------------------

--------------------------------- Captured Out ---------------------------------
/home/runner/work/ocr-book/ocr-book/tests/wrong_split_line_2.png
1609617526292752436 : Checking separation double page angle 90.19944704411863
1609617526292864938 : Checking separation double page y=0 2437
1609617527741836611 : Checking page rotation 1 0.2
1609617529094419410 : Checking page rotation 2 0.2
1609617532464483694 : Checking image 1 crop x1 294
1609617532464598795 : Checking image 1 crop y1 136
1609617532464632996 : Checking image 1 crop x2 2325
1609617532464667996 : Checking image 1 crop y2 3376
1609617537688917476 : Checking image 2 crop x1 136
1609617537689027578 : Checking image 2 crop y1 190
1609617537689063078 : Checking image 2 crop x2 2172
1609617537689097879 : Checking image 2 crop y2 3389
1609617537689258081 : Checking image 1 dpi 300
1609617537689329282 : Checking image 1 border top 131
1609617537689360782 : Checking image 1 border bottom 116
1609617537689391983 : Checking image 1 border left 214
1609617537689424783 : Checking image 1 border right 214
1609617537691478212 : Checking image 2 dpi 300
1609617537691559713 : Checking image 2 border top 181
1609617537691592114 : Checking image 2 border bottom 107
1609617537691622914 : Checking image 2 border left 212
1609617537691653015 : Checking image 2 border right 212

</system-out><system-err>--------------------------------- Captured Err ---------------------------------

</system-err></testcase><testcase classname="tests.test_images" name="test_no_split_line_line_algo_png" time="28.826"><system-out>--------------------------------- Captured Log ---------------------------------

--------------------------------- Captured Out ---------------------------------
/home/runner/work/ocr-book/ocr-book/tests/no_split_line_line_algo.png
1609617542405042685 : Checking separation double page angle 89.47691469185418
1609617542405153687 : Checking separation double page y=0 2476
1609617543218829081 : Checking page rotation 1 -0.14999999999999067
1609617544434721205 : Checking page rotation 2 -0.14999999999999067
1609617545666704159 : Checking image 1 crop x1 205
1609617545666814861 : Checking image 1 crop y1 158
1609617545666850361 : Checking image 1 crop x2 2320
1609617545666884962 : Checking image 1 crop y2 3366
1609617548979427460 : Checking image 2 crop x1 185
1609617548979539462 : Checking image 2 crop y1 225
1609617548979576562 : Checking image 2 crop x2 2204
1609617548979610863 : Checking image 2 crop y2 3362
1609617548979787665 : Checking image 1 dpi 300
1609617548979860766 : Checking image 1 border top 144
1609617548979891967 : Checking image 1 border bottom 134
1609617548979922767 : Checking image 1 border left 172
1609617548979953068 : Checking image 1 border right 172
1609617548982298301 : Checking image 2 dpi 300
1609617548982386102 : Checking image 2 border top 223
1609617548982418203 : Checking image 2 border bottom 127
1609617548982449303 : Checking image 2 border left 220
1609617548982483504 : Checking image 2 border right 220

</system-out><system-err>--------------------------------- Captured Err ---------------------------------

</system-err></testcase><testcase classname="tests.test_images" name="test_small_wave_png" time="41.693"><system-out>--------------------------------- Captured Log ---------------------------------

--------------------------------- Captured Out ---------------------------------
/home/runner/work/ocr-book/ocr-book/tests/small_wave.png
1609617574616563344 : Checking separation double page angle 90.58816928841564
1609617574616673446 : Checking separation double page y=0 2497
1609617576012738128 : Checking page rotation 1 0.65
1609617577202375971 : Checking page rotation 2 0.65
1609617578245195022 : Checking image 1 crop x1 320
1609617578245306324 : Checking image 1 crop y1 199
1609617578245342424 : Checking image 1 crop x2 2353
1609617578245374625 : Checking image 1 crop y2 3394
1609617579382765823 : Checking image 2 crop x1 130
1609617579382869425 : Checking image 2 crop y1 222
1609617579382904825 : Checking image 2 crop x2 2163
1609617579382939426 : Checking image 2 crop y2 3420
1609617579383097128 : Checking image 1 dpi 300
1609617579383165229 : Checking image 1 border top 179
1609617579383197029 : Checking image 1 border bottom 112
1609617579383229030 : Checking image 1 border left 213
1609617579383260730 : Checking image 1 border right 213
1609617579385385560 : Checking image 2 dpi 300
1609617579385472462 : Checking image 2 border top 197
1609617579385503962 : Checking image 2 border bottom 92
1609617579385534763 : Checking image 2 border left 213
1609617579385564863 : Checking image 2 border right 213

</system-out><system-err>--------------------------------- Captured Err ---------------------------------

</system-err></testcase><testcase classname="tests.test_images" name="test_failed_split_line_line_algo_png" time="15.063"><system-out>--------------------------------- Captured Log ---------------------------------

--------------------------------- Captured Out ---------------------------------
/home/runner/work/ocr-book/ocr-book/tests/failed_split_line_line_algo.png
1609617560568167108 : Checking separation double page angle 90.04134220573248
1609617560568274109 : Checking separation double page y=0 2573
1609617561199166407 : Checking page rotation 1 -0.09999999999999377
1609617561695901591 : Checking page rotation 2 0.1
1609617563238472990 : Checking image 1 crop x1 408
1609617563238584291 : Checking image 1 crop y1 2926
1609617563238617392 : Checking image 1 crop x2 2420
1609617563238647292 : Checking image 1 crop y2 3173
1609617564067530513 : Checking image 2 crop x1 1184
1609617564067626515 : Checking image 2 crop y1 1745
1609617564067658015 : Checking image 2 crop x2 1185
1609617564067686215 : Checking image 2 crop y2 1746
1609617564067799017 : Checking image 1 dpi 300
1609617564067870518 : Checking image 1 border top 2922
1609617564067899918 : Checking image 1 border bottom 318
1609617564067928319 : Checking image 1 border left 224
1609617564067956319 : Checking image 1 border right 224
1609617564069389940 : Checking image 2 dpi 300
1609617564069467041 : Checking image 2 border top 1753
1609617564069496541 : Checking image 2 border bottom 1753
1609617564069524842 : Checking image 2 border left 1239
1609617564069553442 : Checking image 2 border right 1239

</system-out><system-err>--------------------------------- Captured Err ---------------------------------

</system-err></testcase><testcase classname="tests.test_images" name="test_failed_split_line_line_algo_2_png" time="34.145"><system-out>--------------------------------- Captured Log ---------------------------------

--------------------------------- Captured Out ---------------------------------
/home/runner/work/ocr-book/ocr-book/tests/failed_split_line_line_algo_2.png
1609617593556835029 : Checking separation double page angle 90.03068774449687
1609617593556946830 : Checking separation double page y=0 2500
1609617594743812169 : Checking page rotation 1 0.05
1609617595786334747 : Checking page rotation 2 0.5499999999999999
1609617597042504575 : Checking image 1 crop x1 271
1609617597042617076 : Checking image 1 crop y1 149
1609617597042652877 : Checking image 1 crop x2 2382
1609617597042686577 : Checking image 1 crop y2 3354
1609617598182558745 : Checking image 2 crop x1 120
1609617598182667846 : Checking image 2 crop y1 155
1609617598182703547 : Checking image 2 crop x2 2244
1609617598182738547 : Checking image 2 crop y2 3350
1609617598182895049 : Checking image 1 dpi 300
1609617598182968550 : Checking image 1 border top 141
1609617598182999751 : Checking image 1 border bottom 141
1609617598183030151 : Checking image 1 border left 174
1609617598183062052 : Checking image 1 border right 174
1609617598185399685 : Checking image 2 dpi 300
1609617598185486886 : Checking image 2 border top 140
1609617598185519387 : Checking image 2 border bottom 152
1609617598185550887 : Checking image 2 border left 168
1609617598185581288 : Checking image 2 border right 168

</system-out><system-err>--------------------------------- Captured Err ---------------------------------

</system-err></testcase><testcase classname="tests.test_images" name="test_wrong_split_line_3_png" time="30.879"><system-out>--------------------------------- Captured Log ---------------------------------

--------------------------------- Captured Out ---------------------------------
/home/runner/work/ocr-book/ocr-book/tests/wrong_split_line_3.png
1609617605389535478 : Checking separation double page angle 90.43729500214694
1609617605389637780 : Checking separation double page y=0 2498
1609617606562792822 : Checking page rotation 1 0.2
1609617607488480235 : Checking page rotation 2 0.85
1609617608819172429 : Checking image 1 crop x1 331
1609617608819282031 : Checking image 1 crop y1 166
1609617608819317631 : Checking image 1 crop x2 2377
1609617608819351932 : Checking image 1 crop y2 3375
1609617610281658205 : Checking image 2 crop x1 102
1609617610281761006 : Checking image 2 crop y1 207
1609617610281796207 : Checking image 2 crop x2 2135
1609617610281831207 : Checking image 2 crop y2 3414
1609617610281994410 : Checking image 1 dpi 300
1609617610282062510 : Checking image 1 border top 158
1609617610282095211 : Checking image 1 border bottom 120
1609617610282126711 : Checking image 1 border left 207
1609617610282158112 : Checking image 1 border right 207
1609617610284263142 : Checking image 2 dpi 300
1609617610284350143 : Checking image 2 border top 186
1609617610284382344 : Checking image 2 border bottom 94
1609617610284413044 : Checking image 2 border left 213
1609617610284444244 : Checking image 2 border right 213

</system-out><system-err>--------------------------------- Captured Err ---------------------------------

</system-err></testcase><testcase classname="tests.test_images" name="test_crop_too_much_3_png" time="35.665"><system-out>--------------------------------- Captured Log ---------------------------------

--------------------------------- Captured Out ---------------------------------
/home/runner/work/ocr-book/ocr-book/tests/crop_too_much_3.png
1609617628146207763 : Checking separation double page angle 89.49330634783144
1609617628146321665 : Checking separation double page y=0 2498
1609617629126248548 : Checking page rotation 1 -0.8999999999999949
1609617630554573329 : Checking page rotation 2 -0.14999999999999067
1609617632227875006 : Checking image 1 crop x1 374
1609617632227990307 : Checking image 1 crop y1 258
1609617632228026308 : Checking image 1 crop x2 2385
1609617632228058908 : Checking image 1 crop y2 3459
1609617633854110411 : Checking image 2 crop x1 168
1609617633854218013 : Checking image 2 crop y1 228
1609617633854253513 : Checking image 2 crop x2 2181
1609617633854287814 : Checking image 2 crop y2 3417
1609617633854454716 : Checking image 1 dpi 300
1609617633854528717 : Checking image 1 border top 239
1609617633854560518 : Checking image 1 border bottom 47
1609617633854591718 : Checking image 1 border left 224
1609617633854622319 : Checking image 1 border right 224
1609617633856921051 : Checking image 2 dpi 300
1609617633857002653 : Checking image 2 border top 209
1609617633857034453 : Checking image 2 border bottom 89
1609617633857066053 : Checking image 2 border left 223
1609617633857100254 : Checking image 2 border right 223

</system-out><system-err>--------------------------------- Captured Err ---------------------------------

</system-err></testcase><testcase classname="tests.test_images" name="test_wrong_wave_split_line_2_png" time="37.297"><system-out>--------------------------------- Captured Log ---------------------------------

--------------------------------- Captured Out ---------------------------------
/home/runner/work/ocr-book/ocr-book/tests/wrong_wave_split_line_2.png
1609617641741510864 : Checking separation double page angle 90.7708958311329
1609617641741615566 : Checking separation double page y=0 2490
1609617642862936767 : Checking page rotation 1 0.2
1609617643966029709 : Checking page rotation 2 1.65
1609617645247019790 : Checking image 1 crop x1 227
1609617645247129091 : Checking image 1 crop y1 147
1609617645247163892 : Checking image 1 crop x2 2342
1609617645247199092 : Checking image 1 crop y2 3353
1609617647574035803 : Checking image 2 crop x1 106
1609617647574140204 : Checking image 2 crop y1 195
1609617647574176505 : Checking image 2 crop x2 2231
1609617647574210605 : Checking image 2 crop y2 3398
1609617647574372708 : Checking image 1 dpi 300
1609617647574444609 : Checking image 1 border top 136
1609617647574476009 : Checking image 1 border bottom 145
1609617647574507810 : Checking image 1 border left 172
1609617647574540210 : Checking image 1 border right 172
1609617647576590039 : Checking image 2 dpi 300
1609617647576676341 : Checking image 2 border top 165
1609617647576708841 : Checking image 2 border bottom 118
1609617647576739541 : Checking image 2 border left 167
1609617647576773142 : Checking image 2 border right 167

</system-out><system-err>--------------------------------- Captured Err ---------------------------------

</system-err></testcase><testcase classname="tests.test_images" name="test_wrong_wave_split_line_3_png" time="33.191"><system-out>--------------------------------- Captured Log ---------------------------------

--------------------------------- Captured Out ---------------------------------
/home/runner/work/ocr-book/ocr-book/tests/wrong_wave_split_line_3.png
1609617661900255501 : Checking separation double page angle 90.05826063695574
1609617661900367102 : Checking separation double page y=0 2514
1609617663219651425 : Checking page rotation 1 0.0
1609617664253719486 : Checking page rotation 2 0.2
1609617665854487337 : Checking image 1 crop x1 274
1609617665854601039 : Checking image 1 crop y1 221
1609617665854637539 : Checking image 1 crop x2 2383
1609617665854669640 : Checking image 1 crop y2 3422
1609617667063571296 : Checking image 2 crop x1 112
1609617667063681598 : Checking image 2 crop y1 225
1609617667063717998 : Checking image 2 crop x2 2238
1609617667063752799 : Checking image 2 crop y2 3415
1609617667063920001 : Checking image 1 dpi 300
1609617667063990202 : Checking image 1 border top 201
1609617667064021503 : Checking image 1 border bottom 85
1609617667064052603 : Checking image 1 border left 175
1609617667064084004 : Checking image 1 border right 175
1609617667066474138 : Checking image 2 dpi 300
1609617667066562539 : Checking image 2 border top 207
1609617667066598040 : Checking image 2 border bottom 90
1609617667066629140 : Checking image 2 border left 167
1609617667066659540 : Checking image 2 border right 167

</system-out><system-err>--------------------------------- Captured Err ---------------------------------

</system-err></testcase><testcase classname="tests.test_images" name="test_no_split_line_wave_algo_png" time="42.953"><system-out>--------------------------------- Captured Log ---------------------------------

--------------------------------- Captured Out ---------------------------------
/home/runner/work/ocr-book/ocr-book/tests/no_split_line_wave_algo.png
1609617673893822597 : Checking separation double page angle 89.72500000000001
1609617673893929298 : Checking separation double page y=0 2484
1609617676382038816 : Checking page rotation 1 0.0
1609617677462718942 : Checking page rotation 2 -0.44999999999999746
1609617685105274705 : Checking image 1 crop x1 97
1609617685105361607 : Checking image 1 crop y1 79
1609617685105394807 : Checking image 1 crop x2 2494
1609617685105426908 : Checking image 1 crop y2 3505
1609617690479634703 : Checking image 2 crop x1 163
1609617690479736004 : Checking image 2 crop y1 267
1609617690479773205 : Checking image 2 crop x2 2238
1609617690479808905 : Checking image 2 crop y2 3380
1609617690479977507 : Checking image 1 dpi 300
1609617690480047808 : Checking image 1 border top 41
1609617690480078709 : Checking image 1 border bottom 41
1609617690480109609 : Checking image 1 border left 42
1609617690480155610 : Checking image 1 border right 42
1609617690482013436 : Checking image 2 dpi 300
1609617690482089238 : Checking image 2 border top 255
1609617690482121838 : Checking image 2 border bottom 119
1609617690482152138 : Checking image 2 border left 192
1609617690482182839 : Checking image 2 border right 192

</system-out><system-err>--------------------------------- Captured Err ---------------------------------

</system-err></testcase><testcase classname="tests.test_images" name="test_no_split_line_wave_algo_2_png" time="26.725"><system-out>--------------------------------- Captured Log ---------------------------------

--------------------------------- Captured Out ---------------------------------
/home/runner/work/ocr-book/ocr-book/tests/no_split_line_wave_algo_2.png
1609617689671392268 : Checking separation double page angle 90.54999999999998
1609617689671501670 : Checking separation double page y=0 2478
1609617690536010907 : Checking page rotation 1 1.0999999999999999
1609617691427210026 : Checking page rotation 2 0.2
1609617692693797001 : Checking image 1 crop x1 266
1609617692693908303 : Checking image 1 crop y1 210
1609617692693941703 : Checking image 1 crop x2 2342
1609617692693976204 : Checking image 1 crop y2 3413
1609617693788322921 : Checking image 2 crop x1 168
1609617693788435423 : Checking image 2 crop y1 241
1609617693788469523 : Checking image 2 crop x2 2251
1609617693788500824 : Checking image 2 crop y2 3433
1609617693788660826 : Checking image 1 dpi 300
1609617693788732127 : Checking image 1 border top 192
1609617693788761528 : Checking image 1 border bottom 91
1609617693788790028 : Checking image 1 border left 192
1609617693788817728 : Checking image 1 border right 192
1609617693791123061 : Checking image 2 dpi 300
1609617693791208062 : Checking image 2 border top 224
1609617693791237463 : Checking image 2 border bottom 71
1609617693791265463 : Checking image 2 border left 188
1609617693791293464 : Checking image 2 border right 188

</system-out><system-err>--------------------------------- Captured Err ---------------------------------

</system-err></testcase><testcase classname="tests.test_images" name="test_crop_too_few_2_png" time="28.078"><system-out>--------------------------------- Captured Log ---------------------------------

--------------------------------- Captured Out ---------------------------------
/home/runner/work/ocr-book/ocr-book/tests/crop_too_few_2.png
1609617713380305819 : Checking separation double page angle 90.30476192320097
1609617713380415521 : Checking separation double page y=0 2531
1609617714339127938 : Checking page rotation 1 1.0999999999999999
1609617715257809887 : Checking page rotation 2 -0.04999999999999689
1609617716776897664 : Checking image 1 crop x1 289
1609617716777003566 : Checking image 1 crop y1 165
1609617716777036566 : Checking image 1 crop x2 2400
1609617716777068966 : Checking image 1 crop y2 3367
1609617718629980610 : Checking image 2 crop x1 149
1609617718630083811 : Checking image 2 crop y1 189
1609617718630117212 : Checking image 2 crop x2 2273
1609617718630150812 : Checking image 2 crop y2 3386
1609617718630310814 : Checking image 1 dpi 300
1609617718630381415 : Checking image 1 border top 157
1609617718630412716 : Checking image 1 border bottom 128
1609617718630443916 : Checking image 1 border left 174
1609617718630477317 : Checking image 1 border right 174
1609617718632241142 : Checking image 2 dpi 300
1609617718632326743 : Checking image 2 border top 181
1609617718632362044 : Checking image 2 border bottom 109
1609617718632392344 : Checking image 2 border left 168
1609617718632423544 : Checking image 2 border right 168

</system-out><system-err>--------------------------------- Captured Err ---------------------------------

</system-err></testcase><testcase classname="tests.test_images" name="test_failed_detect_rectangle_png" time="33.957"><system-out>--------------------------------- Captured Log ---------------------------------

--------------------------------- Captured Out ---------------------------------
/home/runner/work/ocr-book/ocr-book/tests/failed_detect_rectangle.png
1609617722527738903 : Checking separation double page angle 90.19837516213148
1609617722527849604 : Checking separation double page y=0 2474
1609617723813303438 : Checking page rotation 1 0.2
1609617725038355711 : Checking page rotation 2 0.15000000000000002
1609617726154307728 : Checking image 1 crop x1 257
1609617726154421429 : Checking image 1 crop y1 201
1609617726154459630 : Checking image 1 crop x2 2333
1609617726154493330 : Checking image 1 crop y2 3402
1609617727739342323 : Checking image 2 crop x1 135
1609617727739451524 : Checking image 2 crop y1 214
1609617727739488825 : Checking image 2 crop x2 2219
1609617727739522625 : Checking image 2 crop y2 3406
1609617727739682628 : Checking image 1 dpi 300
1609617727739755029 : Checking image 1 border top 188
1609617727739786229 : Checking image 1 border bottom 97
1609617727739817029 : Checking image 1 border left 192
1609617727739848130 : Checking image 1 border right 192
1609617727742203563 : Checking image 2 dpi 300
1609617727742292665 : Checking image 2 border top 202
1609617727742325565 : Checking image 2 border bottom 93
1609617727742357066 : Checking image 2 border left 188
1609617727742388666 : Checking image 2 border right 188

</system-out><system-err>--------------------------------- Captured Err ---------------------------------

</system-err></testcase><testcase classname="tests.test_images" name="test_single_page_png" time="6.010"><system-out>--------------------------------- Captured Log ---------------------------------

--------------------------------- Captured Out ---------------------------------
/home/runner/work/ocr-book/ocr-book/tests/single_page.png
1609617722167865670 : Checking separation double page angle 90.04999999999998
1609617722167985172 : Checking separation double page y=0 2476
1609617722877988398 : Checking page rotation 1 0.0
1609617722961689292 : Checking page rotation 2 0.0
1609617724229342872 : Checking image 1 crop x1 1
1609617724229429974 : Checking image 1 crop y1 8
1609617724229464774 : Checking image 1 crop x2 2470
1609617724229494175 : Checking image 1 crop y2 3505
1609617724348949278 : Checking image 2 crop x1 0
1609617724349027979 : Checking image 2 crop y1 0
1609617724349055280 : Checking image 2 crop x2 0
1609617724349080480 : Checking image 2 crop y2 0
1609617724349136781 : Checking image 1 dpi 300
1609617724349193982 : Checking image 1 border top 5
1609617724349223382 : Checking image 1 border bottom 5
1609617724349251283 : Checking image 1 border left 6
1609617724349280083 : Checking image 1 border right 6
1609617724355028265 : Checking image 2 border top 0
1609617724355091466 : Checking image 2 border bottom 0
1609617724355118366 : Checking image 2 border left 0
1609617724355145067 : Checking image 2 border right 0

</system-out><system-err>--------------------------------- Captured Err ---------------------------------

</system-err></testcase><testcase classname="tests.test_images" name="test_wrong_split_line_4_png" time="15.188"><system-out>--------------------------------- Captured Log ---------------------------------

--------------------------------- Captured Out ---------------------------------
/home/runner/work/ocr-book/ocr-book/tests/wrong_split_line_4.png
1609617737006547010 : Checking separation double page angle 91.04999999999998
1609617737006642311 : Checking separation double page y=0 60
1609617737089547489 : Checking page rotation 1 1.0
1609617737905331184 : Checking page rotation 2 1.05
1609617738271873494 : Checking image 1 crop x1 0
1609617738271943695 : Checking image 1 crop y1 0
1609617738271970595 : Checking image 1 crop x2 0
1609617738271996296 : Checking image 1 crop y2 0
1609617739868556888 : Checking image 2 crop x1 291
1609617739868669490 : Checking image 2 crop y1 330
1609617739868706790 : Checking image 2 crop x2 2316
1609617739868741991 : Checking image 2 crop y2 3217
1609617739868904993 : Checking image 1 border top 0
1609617739868941894 : Checking image 1 border bottom 0
1609617739868972894 : Checking image 1 border left 0
1609617739869005695 : Checking image 1 border right 0
1609617739869062695 : Checking image 2 dpi 300
1609617739869133496 : Checking image 2 border top 322
1609617739869166897 : Checking image 2 border bottom 278
1609617739869199897 : Checking image 2 border left 217
1609617739869233098 : Checking image 2 border right 217

</system-out><system-err>--------------------------------- Captured Err ---------------------------------

</system-err></testcase><testcase classname="tests.test_images" name="test_no_split_line_wave_algo_3_png" time="9.252"><system-out>--------------------------------- Captured Log ---------------------------------

--------------------------------- Captured Out ---------------------------------
/home/runner/work/ocr-book/ocr-book/tests/no_split_line_wave_algo_3.png
1609617735078170201 : Checking separation double page angle 90.14999999999998
1609617735078290003 : Checking separation double page y=0 2408
1609617735852402705 : Checking page rotation 1 -0.09999999999999377
1609617735989689557 : Checking page rotation 2 0.0
1609617736647203502 : Checking image 1 crop x1 182
1609617736647285503 : Checking image 1 crop y1 2955
1609617736647317304 : Checking image 1 crop x2 2199
1609617736647346904 : Checking image 1 crop y2 3203
1609617736989215463 : Checking image 2 crop x1 0
1609617736989289564 : Checking image 2 crop y1 0
1609617736989316765 : Checking image 2 crop x2 0
1609617736989342465 : Checking image 2 crop y2 0
1609617736989399966 : Checking image 1 dpi 300
1609617736989458067 : Checking image 1 border top 2951
1609617736989486867 : Checking image 1 border bottom 288
1609617736989515468 : Checking image 1 border left 221
1609617736989543368 : Checking image 1 border right 221
1609617736993873829 : Checking image 2 border top 0
1609617736993931430 : Checking image 2 border bottom 0
1609617736993958631 : Checking image 2 border left 0
1609617736993985831 : Checking image 2 border right 0

</system-out><system-err>--------------------------------- Captured Err ---------------------------------

</system-err></testcase><testcase classname="tests.test_images" name="test_failed_split_line_line_algo_3_png" time="11.290"><system-out>--------------------------------- Captured Log ---------------------------------

--------------------------------- Captured Out ---------------------------------
/home/runner/work/ocr-book/ocr-book/tests/failed_split_line_line_algo_3.png
1609617748965682910 : Checking separation double page angle 90.0
1609617748965798912 : Checking separation double page y=0 40
1609617749029040314 : Checking page rotation 1 0.0
1609617749585110753 : Checking page rotation 2 -0.04999999999999689
1609617749873470669 : Checking image 1 crop x1 0
1609617749873544271 : Checking image 1 crop y1 0
1609617749873573971 : Checking image 1 crop x2 0
1609617749873602671 : Checking image 1 crop y2 0
1609617751170251446 : Checking image 2 crop x1 247
1609617751170334648 : Checking image 2 crop y1 153
1609617751170368048 : Checking image 2 crop x2 2260
1609617751170400549 : Checking image 2 crop y2 3360
1609617751170499150 : Checking image 1 border top 0
1609617751170531250 : Checking image 1 border bottom 0
1609617751170560751 : Checking image 1 border left 0
1609617751170589751 : Checking image 1 border right 0
1609617751170631952 : Checking image 2 dpi 300
1609617751170686553 : Checking image 2 border top 144
1609617751170716853 : Checking image 2 border bottom 136
1609617751170746554 : Checking image 2 border left 223
1609617751170776654 : Checking image 2 border right 223

</system-out><system-err>--------------------------------- Captured Err ---------------------------------

</system-err></testcase></testsuite></testsuites>