<?xml version="1.0" encoding="utf-8"?><testsuites><testsuite name="pytest" errors="0" failures="0" skipped="0" tests="36" time="747.260" timestamp="2020-12-28T17:45:19.383675" hostname="fv-az105-423"><testcase classname="tests.test_features" name="test_disabled_enable_debug" time="34.537"><system-out>--------------------------------- Captured Log ---------------------------------

--------------------------------- Captured Out ---------------------------------
/home/runner/work/ocr-book/ocr-book/tests/0001_debug.png
separation double page angle 90.5528088189967
separation double page y=0 2485
page rotation 1 0.5499999999999999
page rotation 2 0.2
image 1 crop x1 327
image 1 crop y1 334
image 1 crop x2 2346
image 1 crop y2 3221
image 2 crop x1 169
image 2 crop y1 648
image 2 crop x2 2186
image 2 crop y2 3361
image 1 dpi 300
image 1 border top 332
image 1 border bottom 268
image 1 border left 220
image 1 border right 220
image 2 dpi 300
image 2 border top 643
image 2 border bottom 131
image 2 border left 221
image 2 border right 221

</system-out><system-err>--------------------------------- Captured Err ---------------------------------

</system-err></testcase><testcase classname="tests.test_features" name="test_mock_stop_at_0" time="0.055"><system-out>--------------------------------- Captured Log ---------------------------------

--------------------------------- Captured Out ---------------------------------
/home/runner/work/ocr-book/ocr-book/tests/0001_0.png

</system-out><system-err>--------------------------------- Captured Err ---------------------------------

</system-err></testcase><testcase classname="tests.test_features" name="test_mock_stop_at_2" time="30.200"><system-out>--------------------------------- Captured Log ---------------------------------

--------------------------------- Captured Out ---------------------------------
/home/runner/work/ocr-book/ocr-book/tests/0001_2.png
separation double page angle 90.5528088189967
separation double page y=0 2485
page rotation 1 0.5499999999999999
page rotation 2 0.2

</system-out><system-err>--------------------------------- Captured Err ---------------------------------

</system-err></testcase><testcase classname="tests.test_features" name="test_mock_stop_at_4" time="33.554"><system-out>--------------------------------- Captured Log ---------------------------------

--------------------------------- Captured Out ---------------------------------
/home/runner/work/ocr-book/ocr-book/tests/0001_4.png
separation double page angle 90.5528088189967
separation double page y=0 2485
page rotation 1 0.5499999999999999
page rotation 2 0.2
image 1 crop x1 327
image 1 crop y1 334
image 1 crop x2 2346
image 1 crop y2 3221
image 2 crop x1 169
image 2 crop y1 648
image 2 crop x2 2186
image 2 crop y2 3361
image 1 dpi 300
image 1 border top 332
image 1 border bottom 268
image 1 border left 220
image 1 border right 220
image 2 dpi 300
image 2 border top 643
image 2 border bottom 131
image 2 border left 221
image 2 border right 221

</system-out><system-err>--------------------------------- Captured Err ---------------------------------

</system-err></testcase><testcase classname="tests.test_features" name="test_mock_stop_at_1" time="27.167"><system-out>--------------------------------- Captured Log ---------------------------------

--------------------------------- Captured Out ---------------------------------
/home/runner/work/ocr-book/ocr-book/tests/0001_1.png
separation double page angle 90.5528088189967
separation double page y=0 2485

</system-out><system-err>--------------------------------- Captured Err ---------------------------------

</system-err></testcase><testcase classname="tests.test_features" name="test_mock_stop_at_3" time="32.504"><system-out>--------------------------------- Captured Log ---------------------------------

--------------------------------- Captured Out ---------------------------------
/home/runner/work/ocr-book/ocr-book/tests/0001_3.png
separation double page angle 90.5528088189967
separation double page y=0 2485
page rotation 1 0.5499999999999999
page rotation 2 0.2
image 1 crop x1 327
image 1 crop y1 334
image 1 crop x2 2346
image 1 crop y2 3221
image 2 crop x1 169
image 2 crop y1 648
image 2 crop x2 2186
image 2 crop y2 3361

</system-out><system-err>--------------------------------- Captured Err ---------------------------------

</system-err></testcase><testcase classname="tests.test_images" name="test_0001_png" time="43.505"><system-out>--------------------------------- Captured Log ---------------------------------

--------------------------------- Captured Out ---------------------------------
/home/runner/work/ocr-book/ocr-book/tests/0001.png
1609177617430348384 : Checking separation double page angle 90.5528088189967
1609177617430455591 : Checking separation double page y=0 2485
1609177619661707414 : Checking page rotation 1 0.5499999999999999
1609177622096826598 : Checking page rotation 2 0.2
1609177625144155669 : Checking image 1 crop x1 327
1609177625144283577 : Checking image 1 crop y1 334
1609177625144324980 : Checking image 1 crop x2 2346
1609177625144360482 : Checking image 1 crop y2 3221
1609177627815390596 : Checking image 2 crop x1 169
1609177627815539506 : Checking image 2 crop y1 648
1609177627815579308 : Checking image 2 crop x2 2186
1609177627815612011 : Checking image 2 crop y2 3361
1609177627849078218 : Checking image 1 dpi 300
1609177627849190226 : Checking image 1 border top 332
1609177627849229028 : Checking image 1 border bottom 268
1609177627849265731 : Checking image 1 border left 220
1609177627849299533 : Checking image 1 border right 220
1609177627851726893 : Checking image 2 dpi 300
1609177627851816999 : Checking image 2 border top 643
1609177627851850501 : Checking image 2 border bottom 131
1609177627851881803 : Checking image 2 border left 221
1609177627851913906 : Checking image 2 border right 221

</system-out><system-err>--------------------------------- Captured Err ---------------------------------

</system-err></testcase><testcase classname="tests.test_features" name="test_mock_stop_at_5" time="32.442"><system-out>--------------------------------- Captured Log ---------------------------------

--------------------------------- Captured Out ---------------------------------
/home/runner/work/ocr-book/ocr-book/tests/0001_5.png
separation double page angle 90.5528088189967
separation double page y=0 2485
page rotation 1 0.5499999999999999
page rotation 2 0.2
image 1 crop x1 327
image 1 crop y1 334
image 1 crop x2 2346
image 1 crop y2 3221
image 2 crop x1 169
image 2 crop y1 648
image 2 crop x2 2186
image 2 crop y2 3361
image 1 dpi 300
image 1 border top 332
image 1 border bottom 268
image 1 border left 220
image 1 border right 220
image 2 dpi 300
image 2 border top 643
image 2 border bottom 131
image 2 border left 221
image 2 border right 221

</system-out><system-err>--------------------------------- Captured Err ---------------------------------

</system-err></testcase><testcase classname="tests.test_images" name="test_black_border_not_removed_png" time="46.051"><system-out>--------------------------------- Captured Log ---------------------------------

--------------------------------- Captured Out ---------------------------------
/home/runner/work/ocr-book/ocr-book/tests/black-border-not-removed.png
1609177661939471627 : Checking separation double page angle 90.033171103531
1609177661939580834 : Checking separation double page y=0 2455
1609177664231542491 : Checking page rotation 1 0.0
1609177666899353085 : Checking page rotation 2 0.05
1609177670546993698 : Checking image 1 crop x1 297
1609177670547122607 : Checking image 1 crop y1 143
1609177670547163009 : Checking image 1 crop x2 2309
1609177670547198112 : Checking image 1 crop y2 3346
1609177673853630613 : Checking image 2 crop x1 157
1609177673853755721 : Checking image 2 crop y1 145
1609177673853795724 : Checking image 2 crop x2 2170
1609177673853832926 : Checking image 2 crop y2 3351
1609177673897816921 : Checking image 1 dpi 300
1609177673897934629 : Checking image 1 border top 132
1609177673897973031 : Checking image 1 border bottom 152
1609177673898007134 : Checking image 1 border left 224
1609177673898040936 : Checking image 1 border right 224
1609177673900545501 : Checking image 2 dpi 300
1609177673900638707 : Checking image 2 border top 134
1609177673900674709 : Checking image 2 border bottom 147
1609177673900709112 : Checking image 2 border left 223
1609177673900746514 : Checking image 2 border right 223

</system-out><system-err>--------------------------------- Captured Err ---------------------------------

</system-err></testcase><testcase classname="tests.test_images" name="test_2_pages_2_contours_png" time="30.846"><system-out>--------------------------------- Captured Log ---------------------------------

--------------------------------- Captured Out ---------------------------------
/home/runner/work/ocr-book/ocr-book/tests/2-pages-2-contours.png
1609177669505564430 : Checking separation double page angle 90.09036871657068
1609177669505663536 : Checking separation double page y=0 2486
1609177671134786471 : Checking page rotation 1 0.0
1609177673467528802 : Checking page rotation 2 0.2
1609177675183559343 : Checking image 1 crop x1 1191
1609177675183678551 : Checking image 1 crop y1 1750
1609177675183712753 : Checking image 1 crop x2 1192
1609177675183743955 : Checking image 1 crop y2 1751
1609177678005170549 : Checking image 2 crop x1 99
1609177678005316058 : Checking image 2 crop y1 240
1609177678005354561 : Checking image 2 crop x2 2147
1609177678005389463 : Checking image 2 crop y2 3240
1609177678039519810 : Checking image 1 dpi 300
1609177678039609216 : Checking image 1 border top 1752
1609177678039638717 : Checking image 1 border bottom 1753
1609177678039664819 : Checking image 1 border left 1239
1609177678039691021 : Checking image 1 border right 1239
1609177678041234622 : Checking image 2 dpi 300
1609177678041319428 : Checking image 2 border top 229
1609177678041352630 : Checking image 2 border bottom 258
1609177678041398433 : Checking image 2 border left 206
1609177678041427635 : Checking image 2 border right 206

</system-out><system-err>--------------------------------- Captured Err ---------------------------------

</system-err></testcase><testcase classname="tests.test_images" name="test_image_failed_to_rotate_png" time="59.747"><system-out>--------------------------------- Captured Log ---------------------------------

--------------------------------- Captured Out ---------------------------------
/home/runner/work/ocr-book/ocr-book/tests/image_failed_to_rotate.png
1609177710798442381 : Checking separation double page angle 90.26767669076624
1609177710798534487 : Checking separation double page y=0 2480
1609177715081730381 : Checking page rotation 1 0.45
1609177717606214346 : Checking page rotation 2 0.2
1609177729580905461 : Checking image 1 crop x1 31
1609177729581011168 : Checking image 1 crop y1 1
1609177729581045670 : Checking image 1 crop x2 2478
1609177729581075772 : Checking image 1 crop y2 3504
1609177733499534643 : Checking image 2 crop x1 169
1609177733499663251 : Checking image 2 crop y1 231
1609177733499703454 : Checking image 2 crop x2 2257
1609177733499740756 : Checking image 2 crop y2 3358
1609177733544367197 : Checking image 1 dpi 300
1609177733544481204 : Checking image 1 border top 2
1609177733544521707 : Checking image 1 border bottom 2
1609177733544556009 : Checking image 1 border left 17
1609177733544589811 : Checking image 1 border right 17
1609177733547105177 : Checking image 2 dpi 300
1609177733547199483 : Checking image 2 border top 218
1609177733547235186 : Checking image 2 border bottom 142
1609177733547269788 : Checking image 2 border left 186
1609177733547303290 : Checking image 2 border right 186

</system-out><system-err>--------------------------------- Captured Err ---------------------------------

</system-err></testcase><testcase classname="tests.test_images" name="test_wrong_split_line_png" time="36.509"><system-out>--------------------------------- Captured Log ---------------------------------

--------------------------------- Captured Out ---------------------------------
/home/runner/work/ocr-book/ocr-book/tests/wrong_split_line.png
1609177705269436583 : Checking separation double page angle 89.93395720607973
1609177705269559991 : Checking separation double page y=0 2465
1609177707341063204 : Checking page rotation 1 -0.04999999999999689
1609177709310510597 : Checking page rotation 2 0.5499999999999999
1609177711447343818 : Checking image 1 crop x1 211
1609177711447480627 : Checking image 1 crop y1 156
1609177711447522630 : Checking image 1 crop x2 2323
1609177711447560832 : Checking image 1 crop y2 3363
1609177714505192010 : Checking image 2 crop x1 125
1609177714505321318 : Checking image 2 crop y1 166
1609177714505355321 : Checking image 2 crop x2 2236
1609177714505386923 : Checking image 2 crop y2 3373
1609177714540539438 : Checking image 1 dpi 300
1609177714540659946 : Checking image 1 border top 134
1609177714540699949 : Checking image 1 border bottom 146
1609177714540734951 : Checking image 1 border left 174
1609177714540768953 : Checking image 1 border right 174
1609177714543043803 : Checking image 2 dpi 300
1609177714543139409 : Checking image 2 border top 146
1609177714543175312 : Checking image 2 border bottom 134
1609177714543210614 : Checking image 2 border left 174
1609177714543244816 : Checking image 2 border right 174

</system-out><system-err>--------------------------------- Captured Err ---------------------------------

</system-err></testcase><testcase classname="tests.test_images" name="test_crop_too_much_png" time="54.128"><system-out>--------------------------------- Captured Log ---------------------------------

--------------------------------- Captured Out ---------------------------------
/home/runner/work/ocr-book/ocr-book/tests/crop_too_much.png
1609177757240916881 : Checking separation double page angle 90.13239409272954
1609177757241024589 : Checking separation double page y=0 2455
1609177760000675436 : Checking page rotation 1 0.0
1609177762799194437 : Checking page rotation 2 0.2
1609177765944588820 : Checking image 1 crop x1 303
1609177765944723529 : Checking image 1 crop y1 148
1609177765944761832 : Checking image 1 crop x2 2313
1609177765944795934 : Checking image 1 crop y2 3351
1609177768606538460 : Checking image 2 crop x1 162
1609177768606670069 : Checking image 2 crop y1 151
1609177768606708971 : Checking image 2 crop x2 2186
1609177768606772176 : Checking image 2 crop y2 3363
1609177768657393312 : Checking image 1 dpi 300
1609177768657497519 : Checking image 1 border top 132
1609177768657533121 : Checking image 1 border bottom 152
1609177768657567423 : Checking image 1 border left 225
1609177768657599326 : Checking image 1 border right 225
1609177768659724066 : Checking image 2 dpi 300
1609177768659802071 : Checking image 2 border top 132
1609177768659834673 : Checking image 2 border bottom 143
1609177768659865975 : Checking image 2 border left 218
1609177768659900377 : Checking image 2 border right 218

</system-out><system-err>--------------------------------- Captured Err ---------------------------------

</system-err></testcase><testcase classname="tests.test_images" name="test_image_failed_to_crop_data_png" time="66.696"><system-out>--------------------------------- Captured Log ---------------------------------

--------------------------------- Captured Out ---------------------------------
/home/runner/work/ocr-book/ocr-book/tests/image_failed_to_crop_data.png
1609177773020246166 : Checking separation double page angle 90.053197600644
1609177773020347773 : Checking separation double page y=0 2480
1609177780163407698 : Checking page rotation 1 0.15000000000000002
1609177782316058710 : Checking page rotation 2 0.0
1609177796901509670 : Checking image 1 crop x1 51
1609177796901631878 : Checking image 1 crop y1 7
1609177796901672080 : Checking image 1 crop x2 2478
1609177796901706182 : Checking image 1 crop y2 3505
1609177800254692394 : Checking image 2 crop x1 160
1609177800254840303 : Checking image 2 crop y1 217
1609177800254880806 : Checking image 2 crop x2 2242
1609177800254917809 : Checking image 2 crop y2 3350
1609177800288372311 : Checking image 1 dpi 300
1609177800288488518 : Checking image 1 border top 5
1609177800288527421 : Checking image 1 border bottom 5
1609177800288561823 : Checking image 1 border left 27
1609177800288596825 : Checking image 1 border right 27
1609177800291072388 : Checking image 2 dpi 300
1609177800291163994 : Checking image 2 border top 206
1609177800291196697 : Checking image 2 border bottom 148
1609177800291227899 : Checking image 2 border left 189
1609177800291258801 : Checking image 2 border right 189

</system-out><system-err>--------------------------------- Captured Err ---------------------------------

</system-err></testcase><testcase classname="tests.test_images" name="test_crop_too_few_png" time="36.516"><system-out>--------------------------------- Captured Log ---------------------------------

--------------------------------- Captured Out ---------------------------------
/home/runner/work/ocr-book/ocr-book/tests/crop_too_few.png
1609177795568748070 : Checking separation double page angle 89.54670238452755
1609177795568842976 : Checking separation double page y=0 2512
1609177797657991305 : Checking page rotation 1 -0.6000000000000009
1609177799981968643 : Checking page rotation 2 0.0
1609177802628622651 : Checking image 1 crop x1 263
1609177802628761660 : Checking image 1 crop y1 150
1609177802628801663 : Checking image 1 crop x2 2379
1609177802628837665 : Checking image 1 crop y2 3358
1609177805167761682 : Checking image 2 crop x1 137
1609177805167893391 : Checking image 2 crop y1 141
1609177805167930093 : Checking image 2 crop x2 2259
1609177805167964696 : Checking image 2 crop y2 3345
1609177805200832959 : Checking image 1 dpi 300
1609177805200945267 : Checking image 1 border top 130
1609177805200984969 : Checking image 1 border bottom 149
1609177805201019771 : Checking image 1 border left 172
1609177805201053974 : Checking image 1 border right 172
1609177805203356525 : Checking image 2 dpi 300
1609177805203440931 : Checking image 2 border top 130
1609177805203474933 : Checking image 2 border bottom 153
1609177805203506635 : Checking image 2 border left 169
1609177805203538037 : Checking image 2 border right 169

</system-out><system-err>--------------------------------- Captured Err ---------------------------------

</system-err></testcase><testcase classname="tests.test_images" name="test_wrong_angle_split_line_png" time="62.214"><system-out>--------------------------------- Captured Log ---------------------------------

--------------------------------- Captured Out ---------------------------------
/home/runner/work/ocr-book/ocr-book/tests/wrong_angle_split_line.png
1609177833621344120 : Checking separation double page angle 90.09193420006348
1609177833621449227 : Checking separation double page y=0 2478
1609177839050932886 : Checking page rotation 1 0.1
1609177842369312351 : Checking page rotation 2 0.1
1609177855105922302 : Checking image 1 crop x1 58
1609177855106051310 : Checking image 1 crop y1 6
1609177855106091313 : Checking image 1 crop x2 2476
1609177855106125715 : Checking image 1 crop y2 3501
1609177861617834823 : Checking image 2 crop x1 166
1609177861617962632 : Checking image 2 crop y1 218
1609177861618009335 : Checking image 2 crop x2 2244
1609177861618047837 : Checking image 2 crop y2 3349
1609177861791414762 : Checking image 1 dpi 300
1609177861791528569 : Checking image 1 border top 6
1609177861791565272 : Checking image 1 border bottom 6
1609177861791597074 : Checking image 1 border left 31
1609177861791629576 : Checking image 1 border right 31
1609177861798773247 : Checking image 2 dpi 300
1609177861798878754 : Checking image 2 border top 207
1609177861798912356 : Checking image 2 border bottom 149
1609177861798943758 : Checking image 2 border left 191
1609177861798974560 : Checking image 2 border right 191

</system-out><system-err>--------------------------------- Captured Err ---------------------------------

</system-err></testcase><testcase classname="tests.test_images" name="test_crop_too_much_2_png" time="58.142"><system-out>--------------------------------- Captured Log ---------------------------------

--------------------------------- Captured Out ---------------------------------
/home/runner/work/ocr-book/ocr-book/tests/crop_too_much_2.png
1609177850319831300 : Checking separation double page angle 90.1149074900787
1609177850319925306 : Checking separation double page y=0 2478
1609177853241930892 : Checking page rotation 1 0.15000000000000002
1609177855959397844 : Checking page rotation 2 0.2
1609177859110182274 : Checking image 1 crop x1 330
1609177859110323284 : Checking image 1 crop y1 132
1609177859110363486 : Checking image 1 crop x2 2342
1609177859110399589 : Checking image 1 crop y2 3335
1609177863229394224 : Checking image 2 crop x1 162
1609177863229534733 : Checking image 2 crop y1 139
1609177863229576736 : Checking image 2 crop x2 2175
1609177863229614238 : Checking image 2 crop y2 3345
1609177863299901071 : Checking image 1 dpi 300
1609177863300016678 : Checking image 1 border top 122
1609177863300054681 : Checking image 1 border bottom 162
1609177863300089083 : Checking image 1 border left 224
1609177863300123385 : Checking image 1 border right 224
1609177863302313029 : Checking image 2 dpi 300
1609177863302418336 : Checking image 2 border top 130
1609177863302454739 : Checking image 2 border bottom 151
1609177863302491941 : Checking image 2 border left 223
1609177863302526244 : Checking image 2 border right 223

</system-out><system-err>--------------------------------- Captured Err ---------------------------------

</system-err></testcase><testcase classname="tests.test_images" name="test_angle_page_lower_split_line_png" time="44.470"><system-out>--------------------------------- Captured Log ---------------------------------

--------------------------------- Captured Out ---------------------------------
/home/runner/work/ocr-book/ocr-book/tests/angle_page_lower_split_line.png
1609177895485245531 : Checking separation double page angle 89.74927707086691
1609177895485352038 : Checking separation double page y=0 2474
1609177898181780673 : Checking page rotation 1 -0.14999999999999067
1609177900767094988 : Checking page rotation 2 0.1
1609177904092921449 : Checking image 1 crop x1 241
1609177904093052457 : Checking image 1 crop y1 156
1609177904093092360 : Checking image 1 crop x2 2357
1609177904093129262 : Checking image 1 crop y2 3368
1609177907007826741 : Checking image 2 crop x1 149
1609177907007954749 : Checking image 2 crop y1 146
1609177907007995052 : Checking image 2 crop x2 2259
1609177907008031854 : Checking image 2 crop y2 3351
1609177907045851048 : Checking image 1 dpi 300
1609177907045963555 : Checking image 1 border top 140
1609177907046000858 : Checking image 1 border bottom 135
1609177907046035360 : Checking image 1 border left 172
1609177907046069262 : Checking image 1 border right 172
1609177907048545025 : Checking image 2 dpi 300
1609177907048635131 : Checking image 2 border top 129
1609177907048675034 : Checking image 2 border bottom 152
1609177907048709936 : Checking image 2 border left 175
1609177907048743138 : Checking image 2 border right 175

</system-out><system-err>--------------------------------- Captured Err ---------------------------------

</system-err></testcase><testcase classname="tests.test_images" name="test_wrong_split_line_2_png" time="61.404"><system-out>--------------------------------- Captured Log ---------------------------------

--------------------------------- Captured Out ---------------------------------
/home/runner/work/ocr-book/ocr-book/tests/wrong_split_line_2.png
1609177907503389015 : Checking separation double page angle 90.19944704411863
1609177907503498922 : Checking separation double page y=0 2437
1609177910536998834 : Checking page rotation 1 0.2
1609177913387861487 : Checking page rotation 2 0.2
1609177917928293035 : Checking image 1 crop x1 294
1609177917928436445 : Checking image 1 crop y1 136
1609177917928476148 : Checking image 1 crop x2 2325
1609177917928513650 : Checking image 1 crop y2 3376
1609177924681337642 : Checking image 2 crop x1 136
1609177924681492152 : Checking image 2 crop y1 190
1609177924681534154 : Checking image 2 crop x2 2172
1609177924681572357 : Checking image 2 crop y2 3389
1609177924729372802 : Checking image 1 dpi 300
1609177924729491710 : Checking image 1 border top 131
1609177924729530512 : Checking image 1 border bottom 116
1609177924729565115 : Checking image 1 border left 214
1609177924729599117 : Checking image 1 border right 214
1609177924731901368 : Checking image 2 dpi 300
1609177924731998275 : Checking image 2 border top 181
1609177924732033777 : Checking image 2 border bottom 107
1609177924732067679 : Checking image 2 border left 212
1609177924732101581 : Checking image 2 border right 212

</system-out><system-err>--------------------------------- Captured Err ---------------------------------

</system-err></testcase><testcase classname="tests.test_images" name="test_wrong_wave_split_line_png" time="58.151"><system-out>--------------------------------- Captured Log ---------------------------------

--------------------------------- Captured Out ---------------------------------
/home/runner/work/ocr-book/ocr-book/tests/wrong_wave_split_line.png
1609177948811995139 : Checking separation double page angle 90.37878604107719
1609177948812089446 : Checking separation double page y=0 2500
1609177951353063332 : Checking page rotation 1 -0.14999999999999067
1609177953987073339 : Checking page rotation 2 0.9
1609177959474947723 : Checking image 1 crop x1 385
1609177959475073631 : Checking image 1 crop y1 179
1609177959475110733 : Checking image 1 crop x2 2411
1609177959475143636 : Checking image 1 crop y2 3374
1609177965134357437 : Checking image 2 crop x1 17
1609177965134463944 : Checking image 2 crop y1 8
1609177965134498046 : Checking image 2 crop x2 2399
1609177965134529348 : Checking image 2 crop y2 3391
1609177965186091943 : Checking image 1 dpi 300
1609177965186204050 : Checking image 1 border top 173
1609177965186242453 : Checking image 1 border bottom 119
1609177965186277055 : Checking image 1 border left 217
1609177965186311257 : Checking image 1 border right 217
1609177965188680513 : Checking image 2 dpi 300
1609177965188769519 : Checking image 2 border top 0
1609177965188808022 : Checking image 2 border bottom 114
1609177965188841624 : Checking image 2 border left 49
1609177965188875726 : Checking image 2 border right 49

</system-out><system-err>--------------------------------- Captured Err ---------------------------------

</system-err></testcase><testcase classname="tests.test_images" name="test_small_wave_png" time="54.113"><system-out>--------------------------------- Captured Log ---------------------------------

--------------------------------- Captured Out ---------------------------------
/home/runner/work/ocr-book/ocr-book/tests/small_wave.png
1609177968381969286 : Checking separation double page angle 90.58816928841564
1609177968382072593 : Checking separation double page y=0 2497
1609177971363444205 : Checking page rotation 1 0.65
1609177974079659712 : Checking page rotation 2 0.65
1609177976519453882 : Checking image 1 crop x1 320
1609177976519590191 : Checking image 1 crop y1 199
1609177976519632093 : Checking image 1 crop x2 2353
1609177976519668096 : Checking image 1 crop y2 3394
1609177978803193836 : Checking image 2 crop x1 130
1609177978803311044 : Checking image 2 crop y1 222
1609177978803345646 : Checking image 2 crop x2 2163
1609177978803377548 : Checking image 2 crop y2 3420
1609177978843914318 : Checking image 1 dpi 300
1609177978844027326 : Checking image 1 border top 179
1609177978844058928 : Checking image 1 border bottom 112
1609177978844086930 : Checking image 1 border left 213
1609177978844114832 : Checking image 1 border right 213
1609177978845883048 : Checking image 2 dpi 300
1609177978845963653 : Checking image 2 border top 197
1609177978845996956 : Checking image 2 border bottom 92
1609177978846028658 : Checking image 2 border left 213
1609177978846059860 : Checking image 2 border right 213

</system-out><system-err>--------------------------------- Captured Err ---------------------------------

</system-err></testcase><testcase classname="tests.test_images" name="test_no_split_line_line_algo_png" time="40.389"><system-out>--------------------------------- Captured Log ---------------------------------

--------------------------------- Captured Out ---------------------------------
/home/runner/work/ocr-book/ocr-book/tests/no_split_line_line_algo.png
1609177994575972739 : Checking separation double page angle 89.47691469185418
1609177994576072846 : Checking separation double page y=0 2476
1609177996620392611 : Checking page rotation 1 -0.14999999999999067
1609177999159340260 : Checking page rotation 2 -0.14999999999999067
1609178001316404541 : Checking image 1 crop x1 205
1609178001316524549 : Checking image 1 crop y1 158
1609178001316575253 : Checking image 1 crop x2 2320
1609178001316609555 : Checking image 1 crop y2 3366
1609178005553519832 : Checking image 2 crop x1 185
1609178005553638840 : Checking image 2 crop y1 225
1609178005553675642 : Checking image 2 crop x2 2204
1609178005553709444 : Checking image 2 crop y2 3362
1609178005595717411 : Checking image 1 dpi 300
1609178005595824618 : Checking image 1 border top 144
1609178005595859221 : Checking image 1 border bottom 134
1609178005595891623 : Checking image 1 border left 172
1609178005595922925 : Checking image 1 border right 172
1609178005598255678 : Checking image 2 dpi 300
1609178005598337584 : Checking image 2 border top 223
1609178005598370386 : Checking image 2 border bottom 127
1609178005598401988 : Checking image 2 border left 220
1609178005598432590 : Checking image 2 border right 220

</system-out><system-err>--------------------------------- Captured Err ---------------------------------

</system-err></testcase><testcase classname="tests.test_images" name="test_wrong_split_line_3_png" time="43.123"><system-out>--------------------------------- Captured Log ---------------------------------

--------------------------------- Captured Out ---------------------------------
/home/runner/work/ocr-book/ocr-book/tests/wrong_split_line_3.png
1609178012239313130 : Checking separation double page angle 90.43729500214694
1609178012239412637 : Checking separation double page y=0 2498
1609178014723715782 : Checking page rotation 1 0.2
1609178016967888375 : Checking page rotation 2 0.85
1609178019497292607 : Checking image 1 crop x1 331
1609178019497423816 : Checking image 1 crop y1 166
1609178019497465619 : Checking image 1 crop x2 2377
1609178019497502521 : Checking image 1 crop y2 3375
1609178021953683135 : Checking image 2 crop x1 102
1609178021953815444 : Checking image 2 crop y1 207
1609178021953857047 : Checking image 2 crop x2 2135
1609178021953893949 : Checking image 2 crop y2 3414
1609178021990630467 : Checking image 1 dpi 300
1609178021990757175 : Checking image 1 border top 158
1609178021990789577 : Checking image 1 border bottom 120
1609178021990817679 : Checking image 1 border left 207
1609178021990845081 : Checking image 1 border right 207
1609178021992537592 : Checking image 2 dpi 300
1609178021992615497 : Checking image 2 border top 186
1609178021992648399 : Checking image 2 border bottom 94
1609178021992680501 : Checking image 2 border left 213
1609178021992711703 : Checking image 2 border right 213

</system-out><system-err>--------------------------------- Captured Err ---------------------------------

</system-err></testcase><testcase classname="tests.test_images" name="test_failed_split_line_line_algo_png" time="24.854"><system-out>--------------------------------- Captured Log ---------------------------------

--------------------------------- Captured Out ---------------------------------
/home/runner/work/ocr-book/ocr-book/tests/failed_split_line_line_algo.png
1609178023298002698 : Checking separation double page angle 90.04134220573248
1609178023298100604 : Checking separation double page y=0 2573
1609178025023375111 : Checking page rotation 1 -0.09999999999999377
1609178026534399609 : Checking page rotation 2 0.1
1609178028908682451 : Checking image 1 crop x1 408
1609178028908807260 : Checking image 1 crop y1 2926
1609178028908844862 : Checking image 1 crop x2 2420
1609178028908877164 : Checking image 1 crop y2 3173
1609178030478781740 : Checking image 2 crop x1 1184
1609178030478886146 : Checking image 2 crop y1 1745
1609178030478920549 : Checking image 2 crop x2 1185
1609178030478952551 : Checking image 2 crop y2 1746
1609178030479236670 : Checking image 1 dpi 300
1609178030479314075 : Checking image 1 border top 2922
1609178030479346577 : Checking image 1 border bottom 318
1609178030479377879 : Checking image 1 border left 224
1609178030479408781 : Checking image 1 border right 224
1609178030480959283 : Checking image 2 dpi 300
1609178030481034288 : Checking image 2 border top 1753
1609178030481069190 : Checking image 2 border bottom 1753
1609178030481100592 : Checking image 2 border left 1239
1609178030481131294 : Checking image 2 border right 1239

</system-out><system-err>--------------------------------- Captured Err ---------------------------------

</system-err></testcase><testcase classname="tests.test_images" name="test_crop_too_much_3_png" time="46.798"><system-out>--------------------------------- Captured Log ---------------------------------

--------------------------------- Captured Out ---------------------------------
/home/runner/work/ocr-book/ocr-book/tests/crop_too_much_3.png
1609178058502641645 : Checking separation double page angle 89.49330634783144
1609178058502807056 : Checking separation double page y=0 2498
1609178060679205636 : Checking page rotation 1 -0.8999999999999949
1609178063152180626 : Checking page rotation 2 -0.14999999999999067
1609178065881900737 : Checking image 1 crop x1 374
1609178065882035246 : Checking image 1 crop y1 258
1609178065882076649 : Checking image 1 crop x2 2385
1609178065882111951 : Checking image 1 crop y2 3459
1609178068733982512 : Checking image 2 crop x1 168
1609178068734100720 : Checking image 2 crop y1 228
1609178068734134422 : Checking image 2 crop x2 2181
1609178068734165724 : Checking image 2 crop y2 3417
1609178068781493141 : Checking image 1 dpi 300
1609178068781601249 : Checking image 1 border top 239
1609178068781636551 : Checking image 1 border bottom 47
1609178068781668653 : Checking image 1 border left 224
1609178068781701755 : Checking image 1 border right 224
1609178068783439370 : Checking image 2 dpi 300
1609178068783516475 : Checking image 2 border top 209
1609178068783548877 : Checking image 2 border bottom 89
1609178068783580479 : Checking image 2 border left 223
1609178068783614881 : Checking image 2 border right 223

</system-out><system-err>--------------------------------- Captured Err ---------------------------------

</system-err></testcase><testcase classname="tests.test_images" name="test_failed_split_line_line_algo_2_png" time="46.708"><system-out>--------------------------------- Captured Log ---------------------------------

--------------------------------- Captured Out ---------------------------------
/home/runner/work/ocr-book/ocr-book/tests/failed_split_line_line_algo_2.png
1609178067340223201 : Checking separation double page angle 90.03068774449687
1609178067340325908 : Checking separation double page y=0 2500
1609178069931610403 : Checking page rotation 1 0.05
1609178072207396604 : Checking page rotation 2 0.5499999999999999
1609178074756732108 : Checking image 1 crop x1 271
1609178074756859216 : Checking image 1 crop y1 149
1609178074756896618 : Checking image 1 crop x2 2382
1609178074756929521 : Checking image 1 crop y2 3354
1609178077101890964 : Checking image 2 crop x1 120
1609178077102019672 : Checking image 2 crop y1 155
1609178077102059575 : Checking image 2 crop x2 2244
1609178077102096077 : Checking image 2 crop y2 3350
1609178077146945831 : Checking image 1 dpi 300
1609178077147057139 : Checking image 1 border top 141
1609178077147094741 : Checking image 1 border bottom 141
1609178077147128643 : Checking image 1 border left 174
1609178077147163946 : Checking image 1 border right 174
1609178077149651109 : Checking image 2 dpi 300
1609178077149741715 : Checking image 2 border top 140
1609178077149776818 : Checking image 2 border bottom 152
1609178077149810320 : Checking image 2 border left 168
1609178077149843622 : Checking image 2 border right 168

</system-out><system-err>--------------------------------- Captured Err ---------------------------------

</system-err></testcase><testcase classname="tests.test_images" name="test_wrong_wave_split_line_2_png" time="50.970"><system-out>--------------------------------- Captured Log ---------------------------------

--------------------------------- Captured Out ---------------------------------
/home/runner/work/ocr-book/ocr-book/tests/wrong_wave_split_line_2.png
1609178108816167322 : Checking separation double page angle 90.7708958311329
1609178108816276429 : Checking separation double page y=0 2490
1609178111283365050 : Checking page rotation 1 0.2
1609178113723313773 : Checking page rotation 2 1.65
1609178116244658102 : Checking image 1 crop x1 227
1609178116244792411 : Checking image 1 crop y1 147
1609178116244834714 : Checking image 1 crop x2 2342
1609178116244873516 : Checking image 1 crop y2 3353
1609178119698856613 : Checking image 2 crop x1 106
1609178119698998416 : Checking image 2 crop y1 195
1609178119699040117 : Checking image 2 crop x2 2231
1609178119699077117 : Checking image 2 crop y2 3398
1609178119750305457 : Checking image 1 dpi 300
1609178119750420759 : Checking image 1 border top 136
1609178119750457960 : Checking image 1 border bottom 145
1609178119750491860 : Checking image 1 border left 172
1609178119750525961 : Checking image 1 border right 172
1609178119752319594 : Checking image 2 dpi 300
1609178119752402695 : Checking image 2 border top 165
1609178119752437596 : Checking image 2 border bottom 118
1609178119752471297 : Checking image 2 border left 167
1609178119752508797 : Checking image 2 border right 167

</system-out><system-err>--------------------------------- Captured Err ---------------------------------

</system-err></testcase><testcase classname="tests.test_images" name="test_wrong_wave_split_line_3_png" time="46.192"><system-out>--------------------------------- Captured Log ---------------------------------

--------------------------------- Captured Out ---------------------------------
/home/runner/work/ocr-book/ocr-book/tests/wrong_wave_split_line_3.png
1609178113573862549 : Checking separation double page angle 90.05826063695574
1609178113574015559 : Checking separation double page y=0 2514
1609178116133701734 : Checking page rotation 1 0.0
1609178118380159309 : Checking page rotation 2 0.2
1609178121066324599 : Checking image 1 crop x1 274
1609178121066456801 : Checking image 1 crop y1 221
1609178121066497402 : Checking image 1 crop x2 2383
1609178121066532403 : Checking image 1 crop y2 3422
1609178123324702528 : Checking image 2 crop x1 112
1609178123324823130 : Checking image 2 crop y1 225
1609178123324860031 : Checking image 2 crop x2 2238
1609178123324895032 : Checking image 2 crop y2 3415
1609178123364960467 : Checking image 1 dpi 300
1609178123365071369 : Checking image 1 border top 201
1609178123365105969 : Checking image 1 border bottom 85
1609178123365138470 : Checking image 1 border left 175
1609178123365170070 : Checking image 1 border right 175
1609178123367531714 : Checking image 2 dpi 300
1609178123367615415 : Checking image 2 border top 207
1609178123367648016 : Checking image 2 border bottom 90
1609178123367679216 : Checking image 2 border left 167
1609178123367713717 : Checking image 2 border right 167

</system-out><system-err>--------------------------------- Captured Err ---------------------------------

</system-err></testcase><testcase classname="tests.test_images" name="test_no_split_line_wave_algo_png" time="63.953"><system-out>--------------------------------- Captured Log ---------------------------------

--------------------------------- Captured Out ---------------------------------
/home/runner/work/ocr-book/ocr-book/tests/no_split_line_wave_algo.png
1609178158544311219 : Checking separation double page angle 89.72500000000001
1609178158544433028 : Checking separation double page y=0 2484
1609178163938088994 : Checking page rotation 1 0.0
1609178166288080508 : Checking page rotation 2 -0.44999999999999746
1609178178130383779 : Checking image 1 crop x1 97
1609178178130463884 : Checking image 1 crop y1 79
1609178178130501286 : Checking image 1 crop x2 2494
1609178178130536789 : Checking image 1 crop y2 3505
1609178183615699301 : Checking image 2 crop x1 163
1609178183615841211 : Checking image 2 crop y1 267
1609178183615885614 : Checking image 2 crop x2 2238
1609178183615922716 : Checking image 2 crop y2 3380
1609178183660713601 : Checking image 1 dpi 300
1609178183660832909 : Checking image 1 border top 41
1609178183660870911 : Checking image 1 border bottom 41
1609178183660904713 : Checking image 1 border left 42
1609178183660938716 : Checking image 1 border right 42
1609178183662775438 : Checking image 2 dpi 300
1609178183662864344 : Checking image 2 border top 255
1609178183662900546 : Checking image 2 border bottom 119
1609178183662933949 : Checking image 2 border left 192
1609178183662967651 : Checking image 2 border right 192

</system-out><system-err>--------------------------------- Captured Err ---------------------------------

</system-err></testcase><testcase classname="tests.test_images" name="test_no_split_line_wave_algo_2_png" time="40.214"><system-out>--------------------------------- Captured Log ---------------------------------

--------------------------------- Captured Out ---------------------------------
/home/runner/work/ocr-book/ocr-book/tests/no_split_line_wave_algo_2.png
1609178154405335366 : Checking separation double page angle 90.54999999999998
1609178154405441873 : Checking separation double page y=0 2478
1609178156655699508 : Checking page rotation 1 1.0999999999999999
1609178158942087503 : Checking page rotation 2 0.2
1609178161346461572 : Checking image 1 crop x1 266
1609178161346585580 : Checking image 1 crop y1 210
1609178161346623982 : Checking image 1 crop x2 2342
1609178161346657984 : Checking image 1 crop y2 3413
1609178163542642059 : Checking image 2 crop x1 168
1609178163542812170 : Checking image 2 crop y1 241
1609178163542856473 : Checking image 2 crop x2 2251
1609178163542893276 : Checking image 2 crop y2 3433
1609178163582041353 : Checking image 1 dpi 300
1609178163582137259 : Checking image 1 border top 192
1609178163582167561 : Checking image 1 border bottom 91
1609178163582195463 : Checking image 1 border left 192
1609178163582223065 : Checking image 1 border right 192
1609178163584615122 : Checking image 2 dpi 300
1609178163584701628 : Checking image 2 border top 224
1609178163584734330 : Checking image 2 border bottom 71
1609178163584765732 : Checking image 2 border left 188
1609178163584805535 : Checking image 2 border right 188

</system-out><system-err>--------------------------------- Captured Err ---------------------------------

</system-err></testcase><testcase classname="tests.test_images" name="test_failed_detect_rectangle_png" time="48.423"><system-out>--------------------------------- Captured Log ---------------------------------

--------------------------------- Captured Out ---------------------------------
/home/runner/work/ocr-book/ocr-book/tests/failed_detect_rectangle.png
1609178200716833513 : Checking separation double page angle 90.19837516213148
1609178200716938720 : Checking separation double page y=0 2474
1609178203328784235 : Checking page rotation 1 0.2
1609178206184391245 : Checking page rotation 2 0.15000000000000002
1609178208544963773 : Checking image 1 crop x1 257
1609178208545102882 : Checking image 1 crop y1 201
1609178208545143685 : Checking image 1 crop x2 2333
1609178208545181188 : Checking image 1 crop y2 3402
1609178211941189234 : Checking image 2 crop x1 135
1609178211941328544 : Checking image 2 crop y1 214
1609178211941370146 : Checking image 2 crop x2 2219
1609178211941406949 : Checking image 2 crop y2 3406
1609178211991403988 : Checking image 1 dpi 300
1609178211991517296 : Checking image 1 border top 188
1609178211991553898 : Checking image 1 border bottom 97
1609178211991588501 : Checking image 1 border left 192
1609178211991622303 : Checking image 1 border right 192
1609178211994039464 : Checking image 2 dpi 300
1609178211994126370 : Checking image 2 border top 202
1609178211994161873 : Checking image 2 border bottom 93
1609178211994196175 : Checking image 2 border left 188
1609178211994229277 : Checking image 2 border right 188

</system-out><system-err>--------------------------------- Captured Err ---------------------------------

</system-err></testcase><testcase classname="tests.test_images" name="test_crop_too_few_2_png" time="41.162"><system-out>--------------------------------- Captured Log ---------------------------------

--------------------------------- Captured Out ---------------------------------
/home/runner/work/ocr-book/ocr-book/tests/crop_too_few_2.png
1609178214223640697 : Checking separation double page angle 90.30476192320097
1609178214223747405 : Checking separation double page y=0 2531
1609178216650700330 : Checking page rotation 1 1.0999999999999999
1609178218941602203 : Checking page rotation 2 -0.04999999999999689
1609178221653355973 : Checking image 1 crop x1 289
1609178221653490481 : Checking image 1 crop y1 165
1609178221653529384 : Checking image 1 crop x2 2400
1609178221653565986 : Checking image 1 crop y2 3367
1609178224853459398 : Checking image 2 crop x1 149
1609178224853590006 : Checking image 2 crop y1 189
1609178224853630109 : Checking image 2 crop x2 2273
1609178224853667312 : Checking image 2 crop y2 3386
1609178224892704042 : Checking image 1 dpi 300
1609178224892823750 : Checking image 1 border top 157
1609178224892859353 : Checking image 1 border bottom 128
1609178224892890555 : Checking image 1 border left 174
1609178224892923957 : Checking image 1 border right 174
1609178224894648273 : Checking image 2 dpi 300
1609178224894754380 : Checking image 2 border top 175
1609178224894801484 : Checking image 2 border bottom 115
1609178224894832686 : Checking image 2 border left 168
1609178224894868288 : Checking image 2 border right 168

</system-out><system-err>--------------------------------- Captured Err ---------------------------------

</system-err></testcase><testcase classname="tests.test_images" name="test_single_page_png" time="26.152"><system-out>--------------------------------- Captured Log ---------------------------------

--------------------------------- Captured Out ---------------------------------
/home/runner/work/ocr-book/ocr-book/tests/single_page.png
1609178224017472061 : Checking separation double page angle 90.04999999999998
1609178224017585469 : Checking separation double page y=0 2476
1609178228725088804 : Checking page rotation 1 0.0
1609178229329395528 : Checking page rotation 2 0.0
1609178237232787374 : Checking image 1 crop x1 1
1609178237232872679 : Checking image 1 crop y1 8
1609178237232913482 : Checking image 1 crop x2 2470
1609178237232950684 : Checking image 1 crop y2 3505
1609178237816815297 : Checking image 2 crop x1 0
1609178237816884402 : Checking image 2 crop y1 0
1609178237816914404 : Checking image 2 crop x2 0
1609178237816943206 : Checking image 2 crop y2 0
1609178237817010410 : Checking image 1 dpi 300
1609178237817071814 : Checking image 1 border top 5
1609178237817106016 : Checking image 1 border bottom 5
1609178237817137419 : Checking image 1 border left 6
1609178237817168321 : Checking image 1 border right 6
1609178237823101610 : Checking image 2 border top 0
1609178237823164514 : Checking image 2 border bottom 0
1609178237823197116 : Checking image 2 border left 0
1609178237823229318 : Checking image 2 border right 0

</system-out><system-err>--------------------------------- Captured Err ---------------------------------

</system-err></testcase><testcase classname="tests.test_images" name="test_no_split_line_wave_algo_3_png" time="16.520"><system-out>--------------------------------- Captured Log ---------------------------------

--------------------------------- Captured Out ---------------------------------
/home/runner/work/ocr-book/ocr-book/tests/no_split_line_wave_algo_3.png
1609178236477908639 : Checking separation double page angle 90.14999999999998
1609178236478016846 : Checking separation double page y=0 2408
1609178238737394506 : Checking page rotation 1 -0.09999999999999377
1609178239071484629 : Checking page rotation 2 0.0
1609178240877159171 : Checking image 1 crop x1 182
1609178240877243777 : Checking image 1 crop y1 2955
1609178240877280679 : Checking image 1 crop x2 2199
1609178240877315281 : Checking image 1 crop y2 3203
1609178241388957605 : Checking image 2 crop x1 0
1609178241389024109 : Checking image 2 crop y1 0
1609178241389070712 : Checking image 2 crop x2 0
1609178241389103215 : Checking image 2 crop y2 0
1609178241389179820 : Checking image 1 dpi 300
1609178241389245824 : Checking image 1 border top 2951
1609178241389280226 : Checking image 1 border bottom 288
1609178241389313628 : Checking image 1 border left 221
1609178241389346931 : Checking image 1 border right 221
1609178241396748216 : Checking image 2 border top 0
1609178241396821020 : Checking image 2 border bottom 0
1609178241396854422 : Checking image 2 border left 0
1609178241396886825 : Checking image 2 border right 0

</system-out><system-err>--------------------------------- Captured Err ---------------------------------

</system-err></testcase><testcase classname="tests.test_images" name="test_wrong_split_line_4_png" time="24.799"><system-out>--------------------------------- Captured Log ---------------------------------

--------------------------------- Captured Out ---------------------------------
/home/runner/work/ocr-book/ocr-book/tests/wrong_split_line_4.png
1609178256669666740 : Checking separation double page angle 91.04999999999998
1609178256669776447 : Checking separation double page y=0 60
1609178256868705905 : Checking page rotation 1 1.0
1609178259270827289 : Checking page rotation 2 1.05
1609178259886973035 : Checking image 1 crop x1 0
1609178259887037939 : Checking image 1 crop y1 0
1609178259887070741 : Checking image 1 crop x2 0
1609178259887102043 : Checking image 1 crop y2 0
1609178262963347578 : Checking image 2 crop x1 291
1609178262963478687 : Checking image 2 crop y1 330
1609178262963518990 : Checking image 2 crop x2 2316
1609178262963554692 : Checking image 2 crop y2 3217
1609178263010026943 : Checking image 1 border top 0
1609178263010086046 : Checking image 1 border bottom 0
1609178263010114948 : Checking image 1 border left 0
1609178263010142450 : Checking image 1 border right 0
1609178263010195254 : Checking image 2 dpi 300
1609178263010264358 : Checking image 2 border top 322
1609178263010292060 : Checking image 2 border bottom 278
1609178263010318862 : Checking image 2 border left 217
1609178263010346063 : Checking image 2 border right 217

</system-out><system-err>--------------------------------- Captured Err ---------------------------------

</system-err></testcase><testcase classname="tests.test_images" name="test_failed_split_line_line_algo_3_png" time="23.094"><system-out>--------------------------------- Captured Log ---------------------------------

--------------------------------- Captured Out ---------------------------------
/home/runner/work/ocr-book/ocr-book/tests/failed_split_line_line_algo_3.png
1609178258893443016 : Checking separation double page angle 90.0
1609178258893549923 : Checking separation double page y=0 40
1609178259039242587 : Checking page rotation 1 0.0
1609178260915423146 : Checking page rotation 2 -0.04999999999999689
1609178261346616651 : Checking image 1 crop x1 0
1609178261346684655 : Checking image 1 crop y1 0
1609178261346717457 : Checking image 1 crop x2 0
1609178261346766060 : Checking image 1 crop y2 0
1609178264522199970 : Checking image 2 crop x1 247
1609178264522282976 : Checking image 2 crop y1 153
1609178264522319678 : Checking image 2 crop x2 2260
1609178264522354981 : Checking image 2 crop y2 3360
1609178264562287648 : Checking image 1 border top 0
1609178264562351552 : Checking image 1 border bottom 0
1609178264562385254 : Checking image 1 border left 0
1609178264562417756 : Checking image 1 border right 0
1609178264562465459 : Checking image 2 dpi 300
1609178264562537364 : Checking image 2 border top 144
1609178264562570867 : Checking image 2 border bottom 136
1609178264562604269 : Checking image 2 border left 223
1609178264562637571 : Checking image 2 border right 223

</system-out><system-err>--------------------------------- Captured Err ---------------------------------

</system-err></testcase></testsuite></testsuites>