<?xml version="1.0" encoding="utf-8"?><testsuites><testsuite errors="0" failures="0" hostname="travis-job-cdf4cc35-301b-4582-be04-404214b402d5" name="pytest" skipped="0" tests="14" time="672.595" timestamp="2020-11-18T21:12:25.825331"><testcase classname="tests.test_features" name="test_disabled_enable_debug" time="47.994"><system-out>--------------------------------- Captured Log ---------------------------------

--------------------------------- Captured Out ---------------------------------
/home/travis/build/bansan85/ocr-book/tests/0001_debug.png
separation double page angle 90.55142384066187
separation double page y=0 2485
page rotation 1 0.75
page rotation 2 0.2
image 1 crop x1 330
image 1 crop y1 336
image 1 crop x2 2343
image 1 crop y2 3223
image 2 crop x1 169
image 2 crop y1 648
image 2 crop x2 2186
image 2 crop y2 3361
image 1 dpi 300
image 1 border top 324
image 1 border bottom 276
image 1 border left 223
image 1 border right 223
image 2 dpi 300
image 2 border top 671
image 2 border bottom 103
image 2 border left 221
image 2 border right 221

</system-out><system-err>--------------------------------- Captured Err ---------------------------------

</system-err></testcase><testcase classname="tests.test_features" name="test_mock_stop_at_0" time="0.036"><system-out>--------------------------------- Captured Log ---------------------------------

--------------------------------- Captured Out ---------------------------------
/home/travis/build/bansan85/ocr-book/tests/0001_0.png

</system-out><system-err>--------------------------------- Captured Err ---------------------------------

</system-err></testcase><testcase classname="tests.test_features" name="test_mock_stop_at_1" time="26.733"><system-out>--------------------------------- Captured Log ---------------------------------

--------------------------------- Captured Out ---------------------------------
/home/travis/build/bansan85/ocr-book/tests/0001_1.png
separation double page angle 90.55142384066187
separation double page y=0 2485

</system-out><system-err>--------------------------------- Captured Err ---------------------------------

</system-err></testcase><testcase classname="tests.test_features" name="test_mock_stop_at_2" time="52.024"><system-out>--------------------------------- Captured Log ---------------------------------

--------------------------------- Captured Out ---------------------------------
/home/travis/build/bansan85/ocr-book/tests/0001_2.png
separation double page angle 90.55142384066187
separation double page y=0 2485
page rotation 1 0.75
page rotation 2 0.2

</system-out><system-err>--------------------------------- Captured Err ---------------------------------

</system-err></testcase><testcase classname="tests.test_features" name="test_mock_stop_at_3" time="54.034"><system-out>--------------------------------- Captured Log ---------------------------------

--------------------------------- Captured Out ---------------------------------
/home/travis/build/bansan85/ocr-book/tests/0001_3.png
separation double page angle 90.55142384066187
separation double page y=0 2485
page rotation 1 0.75
page rotation 2 0.2
image 1 crop x1 330
image 1 crop y1 336
image 1 crop x2 2343
image 1 crop y2 3223
image 2 crop x1 169
image 2 crop y1 648
image 2 crop x2 2186
image 2 crop y2 3361

</system-out><system-err>--------------------------------- Captured Err ---------------------------------

</system-err></testcase><testcase classname="tests.test_features" name="test_mock_stop_at_4" time="54.320"><system-out>--------------------------------- Captured Log ---------------------------------

--------------------------------- Captured Out ---------------------------------
/home/travis/build/bansan85/ocr-book/tests/0001_4.png
separation double page angle 90.55142384066187
separation double page y=0 2485
page rotation 1 0.75
page rotation 2 0.2
image 1 crop x1 330
image 1 crop y1 336
image 1 crop x2 2343
image 1 crop y2 3223
image 2 crop x1 169
image 2 crop y1 648
image 2 crop x2 2186
image 2 crop y2 3361
image 1 dpi 300
image 1 border top 324
image 1 border bottom 276
image 1 border left 223
image 1 border right 223
image 2 dpi 300
image 2 border top 671
image 2 border bottom 103
image 2 border left 221
image 2 border right 221

</system-out><system-err>--------------------------------- Captured Err ---------------------------------

</system-err></testcase><testcase classname="tests.test_features" name="test_mock_stop_at_5" time="55.621"><system-out>--------------------------------- Captured Log ---------------------------------

--------------------------------- Captured Out ---------------------------------
/home/travis/build/bansan85/ocr-book/tests/0001_5.png
separation double page angle 90.55142384066187
separation double page y=0 2485
page rotation 1 0.75
page rotation 2 0.2
image 1 crop x1 330
image 1 crop y1 336
image 1 crop x2 2343
image 1 crop y2 3223
image 2 crop x1 169
image 2 crop y1 648
image 2 crop x2 2186
image 2 crop y2 3361
image 1 dpi 300
image 1 border top 324
image 1 border bottom 276
image 1 border left 223
image 1 border right 223
image 2 dpi 300
image 2 border top 671
image 2 border bottom 103
image 2 border left 221
image 2 border right 221

</system-out><system-err>--------------------------------- Captured Err ---------------------------------

</system-err></testcase><testcase classname="tests.test_images" name="test_0001_png" time="55.780"><system-out>--------------------------------- Captured Log ---------------------------------

--------------------------------- Captured Out ---------------------------------
/home/travis/build/bansan85/ocr-book/tests/0001.png
1605734264227197184 : Checking separation double page angle 90.55142384066187
1605734264227305728 : Checking separation double page y=0 2485
1605734275998313472 : Checking page rotation 1 0.75
1605734290250209024 : Checking page rotation 2 0.2
1605734291515482624 : Checking image 1 crop x1 330
1605734291515621888 : Checking image 1 crop y1 336
1605734291515658752 : Checking image 1 crop x2 2343
1605734291515693312 : Checking image 1 crop y2 3223
1605734292963556864 : Checking image 2 crop x1 169
1605734292963657216 : Checking image 2 crop y1 648
1605734292963694080 : Checking image 2 crop x2 2186
1605734292963727360 : Checking image 2 crop y2 3361
1605734292991322624 : Checking image 1 dpi 300
1605734292991541504 : Checking image 1 border top 324
1605734292991578112 : Checking image 1 border bottom 276
1605734292991606528 : Checking image 1 border left 223
1605734292991634432 : Checking image 1 border right 223
1605734292994015744 : Checking image 2 dpi 300
1605734292994147840 : Checking image 2 border top 671
1605734292994177792 : Checking image 2 border bottom 103
1605734292994205696 : Checking image 2 border left 221
1605734292994235136 : Checking image 2 border right 221

</system-out><system-err>--------------------------------- Captured Err ---------------------------------

</system-err></testcase><testcase classname="tests.test_images" name="test_2_pages_2_contours_png" time="31.749"><system-out>--------------------------------- Captured Log ---------------------------------

--------------------------------- Captured Out ---------------------------------
/home/travis/build/bansan85/ocr-book/tests/2-pages-2-contours.png
1605734310447930880 : Checking separation double page angle 90.14451498942671
1605734310448038400 : Checking separation double page y=0 2489
1605734312641735680 : Checking page rotation 1 0.05
1605734322905445120 : Checking page rotation 2 0.4
1605734323571802880 : Checking image 1 crop x1 1186
1605734323571879424 : Checking image 1 crop y1 1720
1605734323571908096 : Checking image 1 crop x2 1187
1605734323571935232 : Checking image 1 crop y2 1721
1605734324726125568 : Checking image 2 crop x1 101
1605734324726206976 : Checking image 2 crop y1 240
1605734324726241792 : Checking image 2 crop x2 2148
1605734324726274560 : Checking image 2 crop y2 3239
1605734324753442048 : Checking image 1 dpi 300
1605734324753546496 : Checking image 1 border top 1753
1605734324753577216 : Checking image 1 border bottom 1753
1605734324753605632 : Checking image 1 border left 1239
1605734324753633536 : Checking image 1 border right 1239
1605734324755026688 : Checking image 2 dpi 300
1605734324755142400 : Checking image 2 border top 226
1605734324755172096 : Checking image 2 border bottom 262
1605734324755199488 : Checking image 2 border left 206
1605734324755227136 : Checking image 2 border right 206

</system-out><system-err>--------------------------------- Captured Err ---------------------------------

</system-err></testcase><testcase classname="tests.test_images" name="test_black_border_not_removed_png" time="71.562"><system-out>--------------------------------- Captured Log ---------------------------------

--------------------------------- Captured Out ---------------------------------
/home/travis/build/bansan85/ocr-book/tests/black-border-not-removed.png
1605734363502436608 : Checking separation double page angle 90.00393370592924
1605734363502548736 : Checking separation double page y=0 2455
1605734375499028992 : Checking page rotation 1 0.0
1605734393143300352 : Checking page rotation 2 0.0
1605734394605790976 : Checking image 1 crop x1 297
1605734394605881600 : Checking image 1 crop y1 143
1605734394605916928 : Checking image 1 crop x2 2309
1605734394605950208 : Checking image 1 crop y2 3346
1605734396281913344 : Checking image 2 crop x1 157
1605734396282013952 : Checking image 2 crop y1 145
1605734396282050048 : Checking image 2 crop x2 2169
1605734396282083328 : Checking image 2 crop y2 3352
1605734396311360768 : Checking image 1 dpi 300
1605734396311536384 : Checking image 1 border top 128
1605734396311569152 : Checking image 1 border bottom 156
1605734396311597568 : Checking image 1 border left 224
1605734396311625472 : Checking image 1 border right 224
1605734396313684736 : Checking image 2 dpi 300
1605734396313804288 : Checking image 2 border top 130
1605734396313833472 : Checking image 2 border bottom 150
1605734396313861120 : Checking image 2 border left 224
1605734396313888256 : Checking image 2 border right 224

</system-out><system-err>--------------------------------- Captured Err ---------------------------------

</system-err></testcase><testcase classname="tests.test_images" name="test_image_failed_to_rotate_png" time="52.993"><system-out>--------------------------------- Captured Log ---------------------------------

--------------------------------- Captured Out ---------------------------------
/home/travis/build/bansan85/ocr-book/tests/image_failed_to_rotate.png
1605734417706654208 : Checking separation double page angle 90.14336291526413
1605734417706757632 : Checking separation double page y=0 2476
1605734423302120704 : Checking page rotation 1 0.35000000000000003
1605734435603153664 : Checking page rotation 2 0.45
1605734447818322176 : Checking image 1 crop x1 34
1605734447818409728 : Checking image 1 crop y1 1
1605734447818440704 : Checking image 1 crop x2 2474
1605734447818470400 : Checking image 1 crop y2 3500
1605734449185873152 : Checking image 2 crop x1 171
1605734449185957632 : Checking image 2 crop y1 234
1605734449185992192 : Checking image 2 crop x2 2250
1605734449186025728 : Checking image 2 crop y2 3355
1605734449220357376 : Checking image 1 dpi 300
1605734449220506624 : Checking image 1 border top 4
1605734449220539904 : Checking image 1 border bottom 4
1605734449220567552 : Checking image 1 border left 20
1605734449220594944 : Checking image 1 border right 20
1605734449222727936 : Checking image 2 dpi 300
1605734449222865920 : Checking image 2 border top 206
1605734449222896128 : Checking image 2 border bottom 160
1605734449222924544 : Checking image 2 border left 190
1605734449222952192 : Checking image 2 border right 190

</system-out><system-err>--------------------------------- Captured Err ---------------------------------

</system-err></testcase><testcase classname="tests.test_images" name="test_image_failed_to_crop_data_png" time="55.774"><system-out>--------------------------------- Captured Log ---------------------------------

--------------------------------- Captured Out ---------------------------------
/home/travis/build/bansan85/ocr-book/tests/image_failed_to_crop_data.png
1605734475400936960 : Checking separation double page angle 90.062288741015
1605734475401046528 : Checking separation double page y=0 2482
1605734481774049792 : Checking page rotation 1 0.2
1605734491743718400 : Checking page rotation 2 0.05
1605734503784831744 : Checking image 1 crop x1 58
1605734503784920832 : Checking image 1 crop y1 8
1605734503784952576 : Checking image 1 crop x2 2480
1605734503784982784 : Checking image 1 crop y2 3504
1605734504994993408 : Checking image 2 crop x1 159
1605734504995081728 : Checking image 2 crop y1 217
1605734504995128064 : Checking image 2 crop x2 2240
1605734504995163392 : Checking image 2 crop y2 3350
1605734505025466112 : Checking image 1 dpi 300
1605734505025646592 : Checking image 1 border top 6
1605734505025680128 : Checking image 1 border bottom 6
1605734505025713152 : Checking image 1 border left 29
1605734505025742080 : Checking image 1 border right 29
1605734505027645184 : Checking image 2 dpi 300
1605734505027799040 : Checking image 2 border top 209
1605734505027830272 : Checking image 2 border bottom 145
1605734505027859968 : Checking image 2 border left 189
1605734505027888128 : Checking image 2 border right 189

</system-out><system-err>--------------------------------- Captured Err ---------------------------------

</system-err></testcase><testcase classname="tests.test_images" name="test_wrong_angle_split_line_png" time="65.109"><system-out>--------------------------------- Captured Log ---------------------------------

--------------------------------- Captured Out ---------------------------------
/home/travis/build/bansan85/ocr-book/tests/wrong_angle_split_line.png
1605734533802211840 : Checking separation double page angle 90.16760446809923
1605734533802331904 : Checking separation double page y=0 2487
1605734542485963008 : Checking page rotation 1 0.0
1605734555134839040 : Checking page rotation 2 0.2
1605734567520455168 : Checking image 1 crop x1 53
1605734567520558336 : Checking image 1 crop y1 8
1605734567520590848 : Checking image 1 crop x2 2481
1605734567520621824 : Checking image 1 crop y2 3505
1605734569462344704 : Checking image 2 crop x1 163
1605734569462429440 : Checking image 2 crop y1 219
1605734569462463744 : Checking image 2 crop x2 2239
1605734569462496768 : Checking image 2 crop y2 3348
1605734569595526912 : Checking image 1 dpi 300
1605734569595661824 : Checking image 1 border top 5
1605734569595693568 : Checking image 1 border bottom 5
1605734569595721728 : Checking image 1 border left 26
1605734569595748608 : Checking image 1 border right 26
1605734569601546752 : Checking image 2 dpi 300
1605734569601705216 : Checking image 2 border top 208
1605734569601745408 : Checking image 2 border bottom 150
1605734569601774336 : Checking image 2 border left 192
1605734569601801472 : Checking image 2 border right 192

</system-out><system-err>--------------------------------- Captured Err ---------------------------------

</system-err></testcase><testcase classname="tests.test_images" name="test_angle_page_lower_split_line_png" time="46.985"><system-out>--------------------------------- Captured Log ---------------------------------

--------------------------------- Captured Out ---------------------------------
/home/travis/build/bansan85/ocr-book/tests/angle_page_lower_split_line.png
1605734586686981632 : Checking separation double page angle 89.732216133555
1605734586687090688 : Checking separation double page y=0 2471
1605734602579283456 : Checking page rotation 1 -0.44999999999998863
1605734614339316224 : Checking page rotation 2 0.2
1605734615864663808 : Checking image 1 crop x1 245
1605734615864750080 : Checking image 1 crop y1 161
1605734615864784128 : Checking image 1 crop x2 2351
1605734615864817408 : Checking image 1 crop y2 3364
1605734617144772096 : Checking image 2 crop x1 153
1605734617144855040 : Checking image 2 crop y1 147
1605734617144889344 : Checking image 2 crop x2 2260
1605734617144922112 : Checking image 2 crop y2 3350
1605734617175710976 : Checking image 1 dpi 300
1605734617175840768 : Checking image 1 border top 131
1605734617175875072 : Checking image 1 border bottom 152
1605734617175903232 : Checking image 1 border left 177
1605734617175930368 : Checking image 1 border right 177
1605734617177661184 : Checking image 2 dpi 300
1605734617177786880 : Checking image 2 border top 118
1605734617177816576 : Checking image 2 border bottom 166
1605734617177843968 : Checking image 2 border left 176
1605734617177872640 : Checking image 2 border right 176

</system-out><system-err>--------------------------------- Captured Err ---------------------------------

</system-err></testcase></testsuite></testsuites>