<?xml version="1.0" encoding="utf-8"?><testsuites><testsuite name="pytest" errors="0" failures="0" skipped="0" tests="18" time="384.026" timestamp="2020-11-25T12:32:52.664301" hostname="fv-az135-393"><testcase classname="tests.test_features" name="test_disabled_enable_debug" time="29.306"><system-out>--------------------------------- Captured Log ---------------------------------

--------------------------------- Captured Out ---------------------------------
/home/runner/work/ocr-book/ocr-book/tests/0001_debug.png
separation double page angle 90.53945493634917
separation double page y=0 2485
page rotation 1 0.75
page rotation 2 0.2
image 1 crop x1 330
image 1 crop y1 336
image 1 crop x2 2343
image 1 crop y2 3223
image 2 crop x1 169
image 2 crop y1 648
image 2 crop x2 2186
image 2 crop y2 3361
image 1 dpi 300
image 1 border top 340
image 1 border bottom 260
image 1 border left 223
image 1 border right 223
image 2 dpi 300
image 2 border top 646
image 2 border bottom 128
image 2 border left 221
image 2 border right 221

</system-out><system-err>--------------------------------- Captured Err ---------------------------------

</system-err></testcase><testcase classname="tests.test_features" name="test_mock_stop_at_0" time="0.067"><system-out>--------------------------------- Captured Log ---------------------------------

--------------------------------- Captured Out ---------------------------------
/home/runner/work/ocr-book/ocr-book/tests/0001_0.png

</system-out><system-err>--------------------------------- Captured Err ---------------------------------

</system-err></testcase><testcase classname="tests.test_features" name="test_mock_stop_at_2" time="37.470"><system-out>--------------------------------- Captured Log ---------------------------------

--------------------------------- Captured Out ---------------------------------
/home/runner/work/ocr-book/ocr-book/tests/0001_2.png
separation double page angle 90.53945493634917
separation double page y=0 2485
page rotation 1 0.75
page rotation 2 0.2

</system-out><system-err>--------------------------------- Captured Err ---------------------------------

</system-err></testcase><testcase classname="tests.test_features" name="test_mock_stop_at_1" time="21.116"><system-out>--------------------------------- Captured Log ---------------------------------

--------------------------------- Captured Out ---------------------------------
/home/runner/work/ocr-book/ocr-book/tests/0001_1.png
separation double page angle 90.53945493634917
separation double page y=0 2485

</system-out><system-err>--------------------------------- Captured Err ---------------------------------

</system-err></testcase><testcase classname="tests.test_features" name="test_mock_stop_at_3" time="40.848"><system-out>--------------------------------- Captured Log ---------------------------------

--------------------------------- Captured Out ---------------------------------
/home/runner/work/ocr-book/ocr-book/tests/0001_3.png
separation double page angle 90.53945493634917
separation double page y=0 2485
page rotation 1 0.75
page rotation 2 0.2
image 1 crop x1 330
image 1 crop y1 336
image 1 crop x2 2343
image 1 crop y2 3223
image 2 crop x1 169
image 2 crop y1 648
image 2 crop x2 2186
image 2 crop y2 3361

</system-out><system-err>--------------------------------- Captured Err ---------------------------------

</system-err></testcase><testcase classname="tests.test_features" name="test_mock_stop_at_5" time="40.778"><system-out>--------------------------------- Captured Log ---------------------------------

--------------------------------- Captured Out ---------------------------------
/home/runner/work/ocr-book/ocr-book/tests/0001_5.png
separation double page angle 90.53945493634917
separation double page y=0 2485
page rotation 1 0.75
page rotation 2 0.2
image 1 crop x1 330
image 1 crop y1 336
image 1 crop x2 2343
image 1 crop y2 3223
image 2 crop x1 169
image 2 crop y1 648
image 2 crop x2 2186
image 2 crop y2 3361
image 1 dpi 300
image 1 border top 340
image 1 border bottom 260
image 1 border left 223
image 1 border right 223
image 2 dpi 300
image 2 border top 646
image 2 border bottom 128
image 2 border left 221
image 2 border right 221

</system-out><system-err>--------------------------------- Captured Err ---------------------------------

</system-err></testcase><testcase classname="tests.test_features" name="test_mock_stop_at_4" time="39.870"><system-out>--------------------------------- Captured Log ---------------------------------

--------------------------------- Captured Out ---------------------------------
/home/runner/work/ocr-book/ocr-book/tests/0001_4.png
separation double page angle 90.53945493634917
separation double page y=0 2485
page rotation 1 0.75
page rotation 2 0.2
image 1 crop x1 330
image 1 crop y1 336
image 1 crop x2 2343
image 1 crop y2 3223
image 2 crop x1 169
image 2 crop y1 648
image 2 crop x2 2186
image 2 crop y2 3361
image 1 dpi 300
image 1 border top 340
image 1 border bottom 260
image 1 border left 223
image 1 border right 223
image 2 dpi 300
image 2 border top 646
image 2 border bottom 128
image 2 border left 221
image 2 border right 221

</system-out><system-err>--------------------------------- Captured Err ---------------------------------

</system-err></testcase><testcase classname="tests.test_images" name="test_0001_png" time="40.275"><system-out>--------------------------------- Captured Log ---------------------------------

--------------------------------- Captured Out ---------------------------------
/home/runner/work/ocr-book/ocr-book/tests/0001.png
1606307685977035703 : Checking separation double page angle 90.53945493634917
1606307685977119611 : Checking separation double page y=0 2485
1606307692439642001 : Checking page rotation 1 0.75
1606307701288332882 : Checking page rotation 2 0.2
1606307703188813591 : Checking image 1 crop x1 330
1606307703188899198 : Checking image 1 crop y1 336
1606307703188942202 : Checking image 1 crop x2 2343
1606307703188982005 : Checking image 1 crop y2 3223
1606307705182486491 : Checking image 2 crop x1 169
1606307705182567097 : Checking image 2 crop y1 648
1606307705182609901 : Checking image 2 crop x2 2186
1606307705182649504 : Checking image 2 crop y2 3361
1606307705218617345 : Checking image 1 dpi 300
1606307705218719554 : Checking image 1 border top 340
1606307705218756557 : Checking image 1 border bottom 260
1606307705218790160 : Checking image 1 border left 223
1606307705218823562 : Checking image 1 border right 223
1606307705220850434 : Checking image 2 dpi 300
1606307705220933041 : Checking image 2 border top 646
1606307705220968144 : Checking image 2 border bottom 128
1606307705221001146 : Checking image 2 border left 221
1606307705221034049 : Checking image 2 border right 221

</system-out><system-err>--------------------------------- Captured Err ---------------------------------

</system-err></testcase><testcase classname="tests.test_images" name="test_2_pages_2_contours_png" time="27.002"><system-out>--------------------------------- Captured Log ---------------------------------

--------------------------------- Captured Out ---------------------------------
/home/runner/work/ocr-book/ocr-book/tests/2-pages-2-contours.png
1606307707269098394 : Checking separation double page angle 90.15647898380502
1606307707269177700 : Checking separation double page y=0 2489
1606307709584217565 : Checking page rotation 1 0.05
1606307716373957275 : Checking page rotation 2 0.35000000000000003
1606307717221495987 : Checking image 1 crop x1 1190
1606307717221565092 : Checking image 1 crop y1 1733
1606307717221599995 : Checking image 1 crop x2 1191
1606307717221633197 : Checking image 1 crop y2 1734
1606307719011453545 : Checking image 2 crop x1 102
1606307719011536151 : Checking image 2 crop y1 240
1606307719011578554 : Checking image 2 crop x2 2149
1606307719011618757 : Checking image 2 crop y2 3239
1606307719046847959 : Checking image 1 dpi 300
1606307719046937165 : Checking image 1 border top 1752
1606307719046974168 : Checking image 1 border bottom 1753
1606307719047007971 : Checking image 1 border left 1239
1606307719047070775 : Checking image 1 border right 1239
1606307719048511382 : Checking image 2 dpi 300
1606307719048595388 : Checking image 2 border top 231
1606307719048629690 : Checking image 2 border bottom 257
1606307719048663193 : Checking image 2 border left 206
1606307719048696095 : Checking image 2 border right 206

</system-out><system-err>--------------------------------- Captured Err ---------------------------------

</system-err></testcase><testcase classname="tests.test_images" name="test_black_border_not_removed_png" time="51.333"><system-out>--------------------------------- Captured Log ---------------------------------

--------------------------------- Captured Out ---------------------------------
/home/runner/work/ocr-book/ocr-book/tests/black-border-not-removed.png
1606307733825810113 : Checking separation double page angle 89.9903688802698
1606307733825890718 : Checking separation double page y=0 2455
1606307741015540951 : Checking page rotation 1 0.0
1606307751818509505 : Checking page rotation 2 0.0
1606307753953768196 : Checking image 1 crop x1 297
1606307753953851601 : Checking image 1 crop y1 143
1606307753953894003 : Checking image 1 crop x2 2309
1606307753953933705 : Checking image 1 crop y2 3346
1606307756521204501 : Checking image 2 crop x1 156
1606307756521290906 : Checking image 2 crop y1 145
1606307756521333208 : Checking image 2 crop x2 2168
1606307756521373410 : Checking image 2 crop y2 3352
1606307756559417192 : Checking image 1 dpi 300
1606307756559516098 : Checking image 1 border top 130
1606307756559553800 : Checking image 1 border bottom 154
1606307756559587701 : Checking image 1 border left 224
1606307756559621203 : Checking image 1 border right 224
1606307756561691817 : Checking image 2 dpi 300
1606307756561771521 : Checking image 2 border top 139
1606307756561806723 : Checking image 2 border bottom 141
1606307756561839925 : Checking image 2 border left 224
1606307756561873327 : Checking image 2 border right 224

</system-out><system-err>--------------------------------- Captured Err ---------------------------------

</system-err></testcase><testcase classname="tests.test_images" name="test_image_failed_to_rotate_png" time="47.806"><system-out>--------------------------------- Captured Log ---------------------------------

--------------------------------- Captured Out ---------------------------------
/home/runner/work/ocr-book/ocr-book/tests/image_failed_to_rotate.png
1606307739573094318 : Checking separation double page angle 90.14353130056523
1606307739573177823 : Checking separation double page y=0 2477
1606307745054975079 : Checking page rotation 1 0.35000000000000003
1606307752966530905 : Checking page rotation 2 0.45
1606307764488026191 : Checking image 1 crop x1 34
1606307764488106495 : Checking image 1 crop y1 1
1606307764488144897 : Checking image 1 crop x2 2475
1606307764488180599 : Checking image 1 crop y2 3501
1606307766690298701 : Checking image 2 crop x1 170
1606307766690383705 : Checking image 2 crop y1 234
1606307766690425407 : Checking image 2 crop x2 2249
1606307766690465009 : Checking image 2 crop y2 3355
1606307766734997289 : Checking image 1 dpi 300
1606307766735126195 : Checking image 1 border top 4
1606307766735163097 : Checking image 1 border bottom 4
1606307766735196699 : Checking image 1 border left 20
1606307766735230201 : Checking image 1 border right 20
1606307766737352509 : Checking image 2 dpi 300
1606307766737436614 : Checking image 2 border top 220
1606307766737471115 : Checking image 2 border bottom 146
1606307766737504617 : Checking image 2 border left 190
1606307766737537719 : Checking image 2 border right 190

</system-out><system-err>--------------------------------- Captured Err ---------------------------------

</system-err></testcase><testcase classname="tests.test_images" name="test_image_failed_to_crop_data_png" time="48.744"><system-out>--------------------------------- Captured Log ---------------------------------

--------------------------------- Captured Out ---------------------------------
/home/runner/work/ocr-book/ocr-book/tests/image_failed_to_crop_data.png
1606307780082625351 : Checking separation double page angle 90.06229002284861
1606307780082708355 : Checking separation double page y=0 2482
1606307786204880725 : Checking page rotation 1 0.2
1606307792107482534 : Checking page rotation 2 0.05
1606307803215249523 : Checking image 1 crop x1 58
1606307803215331026 : Checking image 1 crop y1 8
1606307803215368528 : Checking image 1 crop x2 2480
1606307803215404529 : Checking image 1 crop y2 3504
1606307805191394704 : Checking image 2 crop x1 159
1606307805191475608 : Checking image 2 crop y1 217
1606307805191518210 : Checking image 2 crop x2 2240
1606307805191557611 : Checking image 2 crop y2 3350
1606307805230440333 : Checking image 1 dpi 300
1606307805230535837 : Checking image 1 border top 6
1606307805230573638 : Checking image 1 border bottom 6
1606307805230606740 : Checking image 1 border left 29
1606307805230640741 : Checking image 1 border right 29
1606307805232741729 : Checking image 2 dpi 300
1606307805232826632 : Checking image 2 border top 224
1606307805232861634 : Checking image 2 border bottom 130
1606307805232894235 : Checking image 2 border left 189
1606307805232926837 : Checking image 2 border right 189

</system-out><system-err>--------------------------------- Captured Err ---------------------------------

</system-err></testcase><testcase classname="tests.test_images" name="test_wrong_angle_split_line_png" time="60.151"><system-out>--------------------------------- Captured Log ---------------------------------

--------------------------------- Captured Out ---------------------------------
/home/runner/work/ocr-book/ocr-book/tests/wrong_angle_split_line.png
1606307794984507308 : Checking separation double page angle 90.08422009258813
1606307794984584511 : Checking separation double page y=0 2487
1606307803081943615 : Checking page rotation 1 0.0
1606307811572734720 : Checking page rotation 2 0.0
1606307823119132294 : Checking image 1 crop x1 53
1606307823119212598 : Checking image 1 crop y1 8
1606307823119250399 : Checking image 1 crop x2 2485
1606307823119286200 : Checking image 1 crop y2 3505
1606307826050479654 : Checking image 2 crop x1 154
1606307826050561058 : Checking image 2 crop y1 217
1606307826050603659 : Checking image 2 crop x2 2237
1606307826050643561 : Checking image 2 crop y2 3350
1606307826234890765 : Checking image 1 dpi 300
1606307826234996669 : Checking image 1 border top 5
1606307826235058972 : Checking image 1 border bottom 5
1606307826235092873 : Checking image 1 border left 24
1606307826235126274 : Checking image 1 border right 24
1606307826241220409 : Checking image 2 dpi 300
1606307826241323513 : Checking image 2 border top 213
1606307826241358315 : Checking image 2 border bottom 141
1606307826241391316 : Checking image 2 border left 188
1606307826241424417 : Checking image 2 border right 188

</system-out><system-err>--------------------------------- Captured Err ---------------------------------

</system-err></testcase><testcase classname="tests.test_images" name="test_angle_page_lower_split_line_png" time="34.722"><system-out>--------------------------------- Captured Log ---------------------------------

--------------------------------- Captured Out ---------------------------------
/home/runner/work/ocr-book/ocr-book/tests/angle_page_lower_split_line.png
1606307820022582586 : Checking separation double page angle 89.74710364870903
1606307820022664389 : Checking separation double page y=0 2471
1606307828723801632 : Checking page rotation 1 -0.44999999999998863
1606307836202659068 : Checking page rotation 2 0.2
1606307838250377071 : Checking image 1 crop x1 245
1606307838250463075 : Checking image 1 crop y1 161
1606307838250505076 : Checking image 1 crop x2 2351
1606307838250544978 : Checking image 1 crop y2 3364
1606307839987759859 : Checking image 2 crop x1 153
1606307839987845362 : Checking image 2 crop y1 147
1606307839987887964 : Checking image 2 crop x2 2260
1606307839987927565 : Checking image 2 crop y2 3350
1606307840027138217 : Checking image 1 dpi 300
1606307840027241121 : Checking image 1 border top 132
1606307840027278022 : Checking image 1 border bottom 152
1606307840027312523 : Checking image 1 border left 177
1606307840027346024 : Checking image 1 border right 177
1606307840029393500 : Checking image 2 dpi 300
1606307840029473203 : Checking image 2 border top 116
1606307840029508204 : Checking image 2 border bottom 168
1606307840029541406 : Checking image 2 border left 176
1606307840029574107 : Checking image 2 border right 176

</system-out><system-err>--------------------------------- Captured Err ---------------------------------

</system-err></testcase><testcase classname="tests.test_images" name="test_wrong_split_line_png" time="36.892"><system-out>--------------------------------- Captured Log ---------------------------------

--------------------------------- Captured Out ---------------------------------
/home/runner/work/ocr-book/ocr-book/tests/wrong_split_line.png
1606307847784926340 : Checking separation double page angle 89.81531182790899
1606307847785012543 : Checking separation double page y=0 2465
1606307854024526166 : Checking page rotation 1 -0.04999999999999716
1606307860769841398 : Checking page rotation 2 0.6000000000000001
1606307862376476870 : Checking image 1 crop x1 211
1606307862376560273 : Checking image 1 crop y1 156
1606307862376602875 : Checking image 1 crop x2 2323
1606307862376643176 : Checking image 1 crop y2 3363
1606307863863103364 : Checking image 2 crop x1 124
1606307863863188767 : Checking image 2 crop y1 167
1606307863863230969 : Checking image 2 crop x2 2236
1606307863863271170 : Checking image 2 crop y2 3373
1606307863900361169 : Checking image 1 dpi 300
1606307863900461572 : Checking image 1 border top 116
1606307863900498974 : Checking image 1 border bottom 164
1606307863900533175 : Checking image 1 border left 174
1606307863900566776 : Checking image 1 border right 174
1606307863902611448 : Checking image 2 dpi 300
1606307863902688150 : Checking image 2 border top 142
1606307863902722752 : Checking image 2 border bottom 139
1606307863902756353 : Checking image 2 border left 174
1606307863902789454 : Checking image 2 border right 174

</system-out><system-err>--------------------------------- Captured Err ---------------------------------

</system-err></testcase><testcase classname="tests.test_images" name="test_crop_too_much_png" time="59.753"><system-out>--------------------------------- Captured Log ---------------------------------

--------------------------------- Captured Out ---------------------------------
/home/runner/work/ocr-book/ocr-book/tests/crop_too_much.png
1606307867985666318 : Checking separation double page angle 90.14985593620918
1606307867985755621 : Checking separation double page y=0 2457
1606307881360928521 : Checking page rotation 1 0.0
1606307893873706247 : Checking page rotation 2 0.4
1606307896873294659 : Checking image 1 crop x1 303
1606307896873378662 : Checking image 1 crop y1 148
1606307896873421763 : Checking image 1 crop x2 2313
1606307896873461665 : Checking image 1 crop y2 3351
1606307899721113276 : Checking image 2 crop x1 166
1606307899721199179 : Checking image 2 crop y1 154
1606307899721240880 : Checking image 2 crop x2 2180
1606307899721280382 : Checking image 2 crop y2 3360
1606307899771451741 : Checking image 1 dpi 300
1606307899771550144 : Checking image 1 border top 131
1606307899771587345 : Checking image 1 border bottom 153
1606307899771621547 : Checking image 1 border left 225
1606307899771655348 : Checking image 1 border right 225
1606307899773769218 : Checking image 2 dpi 300
1606307899773853720 : Checking image 2 border top 138
1606307899773888922 : Checking image 2 border bottom 143
1606307899773921823 : Checking image 2 border left 223
1606307899773954824 : Checking image 2 border right 223

</system-out><system-err>--------------------------------- Captured Err ---------------------------------

</system-err></testcase><testcase classname="tests.test_images" name="test_crop_too_few_png" time="41.144"><system-out>--------------------------------- Captured Log ---------------------------------

--------------------------------- Captured Out ---------------------------------
/home/runner/work/ocr-book/ocr-book/tests/crop_too_few.png
1606307888105575680 : Checking separation double page angle 89.22405802376838
1606307888105659982 : Checking separation double page y=0 2508
1606307895049385276 : Checking page rotation 1 -0.75
1606307901798814685 : Checking page rotation 2 0.0
1606307903472281921 : Checking image 1 crop x1 265
1606307903472363124 : Checking image 1 crop y1 152
1606307903472405525 : Checking image 1 crop x2 2375
1606307903472444926 : Checking image 1 crop y2 3356
1606307905015985794 : Checking image 2 crop x1 141
1606307905016069997 : Checking image 2 crop y1 141
1606307905016112098 : Checking image 2 crop x2 2263
1606307905016151300 : Checking image 2 crop y2 3345
1606307905050463627 : Checking image 1 dpi 300
1606307905050561230 : Checking image 1 border top 116
1606307905050597931 : Checking image 1 border bottom 167
1606307905050632032 : Checking image 1 border left 175
1606307905050665533 : Checking image 1 border right 175
1606307905052529694 : Checking image 2 dpi 300
1606307905052615597 : Checking image 2 border top 140
1606307905052650398 : Checking image 2 border bottom 143
1606307905052684299 : Checking image 2 border left 169
1606307905052717101 : Checking image 2 border right 169

</system-out><system-err>--------------------------------- Captured Err ---------------------------------

</system-err></testcase><testcase classname="tests.test_images" name="test_crop_too_much_2_png" time="55.169"><system-out>--------------------------------- Captured Log ---------------------------------

--------------------------------- Captured Out ---------------------------------
/home/runner/work/ocr-book/ocr-book/tests/crop_too_much_2.png
1606307922993842519 : Checking separation double page angle 90.15230317635223
1606307922993924729 : Checking separation double page y=0 2476
1606307935272637289 : Checking page rotation 1 0.2
1606307948532217018 : Checking page rotation 2 0.2
1606307951557540350 : Checking image 1 crop x1 332
1606307951557624358 : Checking image 1 crop y1 131
1606307951557667063 : Checking image 1 crop x2 2342
1606307951557708567 : Checking image 1 crop y2 3336
1606307954871589285 : Checking image 2 crop x1 166
1606307954871673493 : Checking image 2 crop y1 139
1606307954871716198 : Checking image 2 crop x2 2179
1606307954871756501 : Checking image 2 crop y2 3345
1606307954927476353 : Checking image 1 dpi 300
1606307954927579463 : Checking image 1 border top 116
1606307954927615867 : Checking image 1 border bottom 166
1606307954927649570 : Checking image 1 border left 225
1606307954927682673 : Checking image 1 border right 225
1606307954929673264 : Checking image 2 dpi 300
1606307954929751872 : Checking image 2 border top 133
1606307954929786775 : Checking image 2 border bottom 148
1606307954929819578 : Checking image 2 border left 223
1606307954929852781 : Checking image 2 border right 223

</system-out><system-err>--------------------------------- Captured Err ---------------------------------

</system-err></testcase></testsuite></testsuites>