<?xml version="1.0" encoding="utf-8"?><testsuites><testsuite name="pytest" errors="0" failures="0" skipped="0" tests="36" time="403.543" timestamp="2021-05-12T14:15:43.369539" hostname="fv-az105-885"><testcase classname="tests.test_features" name="test_disabled_enable_debug" time="23.311"><system-out>--------------------------------- Captured Log ---------------------------------

--------------------------------- Captured Out ---------------------------------
/home/runner/work/diptych/diptych/tests/0001_debug.png
separation double page angle 90.55756528497216
separation double page y=0 2484
page rotation 1 0.65
page rotation 2 0.2
image 1 crop x1 329
image 1 crop y1 335
image 1 crop x2 2344
image 1 crop y2 3222
image 2 crop x1 171
image 2 crop y1 648
image 2 crop x2 2188
image 2 crop y2 3361
image 1 dpi 300
image 1 border top 327
image 1 border bottom 273
image 1 border left 222
image 1 border right 222
image 2 dpi 300
image 2 border top 643
image 2 border bottom 131
image 2 border left 221
image 2 border right 221

</system-out><system-err>--------------------------------- Captured Err ---------------------------------

</system-err></testcase><testcase classname="tests.test_features" name="test_mock_stop_at_0" time="0.047"><system-out>--------------------------------- Captured Log ---------------------------------

--------------------------------- Captured Out ---------------------------------
/home/runner/work/diptych/diptych/tests/0001_0.png

</system-out><system-err>--------------------------------- Captured Err ---------------------------------

</system-err></testcase><testcase classname="tests.test_features" name="test_mock_stop_at_2" time="16.790"><system-out>--------------------------------- Captured Log ---------------------------------

--------------------------------- Captured Out ---------------------------------
/home/runner/work/diptych/diptych/tests/0001_2.png
separation double page angle 90.55756528497216
separation double page y=0 2484
page rotation 1 0.65
page rotation 2 0.2

</system-out><system-err>--------------------------------- Captured Err ---------------------------------

</system-err></testcase><testcase classname="tests.test_features" name="test_mock_stop_at_4" time="23.070"><system-out>--------------------------------- Captured Log ---------------------------------

--------------------------------- Captured Out ---------------------------------
/home/runner/work/diptych/diptych/tests/0001_4.png
separation double page angle 90.55756528497216
separation double page y=0 2484
page rotation 1 0.65
page rotation 2 0.2
image 1 crop x1 329
image 1 crop y1 335
image 1 crop x2 2344
image 1 crop y2 3222
image 2 crop x1 171
image 2 crop y1 648
image 2 crop x2 2188
image 2 crop y2 3361
image 1 dpi 300
image 1 border top 326
image 1 border bottom 274
image 1 border left 222
image 1 border right 222
image 2 dpi 300
image 2 border top 643
image 2 border bottom 131
image 2 border left 221
image 2 border right 221

</system-out><system-err>--------------------------------- Captured Err ---------------------------------

</system-err></testcase><testcase classname="tests.test_features" name="test_mock_stop_at_1" time="14.017"><system-out>--------------------------------- Captured Log ---------------------------------

--------------------------------- Captured Out ---------------------------------
/home/runner/work/diptych/diptych/tests/0001_1.png
separation double page angle 90.55756528497216
separation double page y=0 2484

</system-out><system-err>--------------------------------- Captured Err ---------------------------------

</system-err></testcase><testcase classname="tests.test_features" name="test_mock_stop_at_3" time="22.889"><system-out>--------------------------------- Captured Log ---------------------------------

--------------------------------- Captured Out ---------------------------------
/home/runner/work/diptych/diptych/tests/0001_3.png
separation double page angle 90.55756528497216
separation double page y=0 2484
page rotation 1 0.65
page rotation 2 0.2
image 1 crop x1 329
image 1 crop y1 335
image 1 crop x2 2344
image 1 crop y2 3222
image 2 crop x1 171
image 2 crop y1 648
image 2 crop x2 2188
image 2 crop y2 3361

</system-out><system-err>--------------------------------- Captured Err ---------------------------------

</system-err></testcase><testcase classname="tests.test_images" name="test_0001_png" time="21.174"><system-out>--------------------------------- Captured Log ---------------------------------

--------------------------------- Captured Out ---------------------------------
/home/runner/work/diptych/diptych/tests/0001.png
1620828997662825261 : Checking separation double page angle 90.55756528497216
1620828997662950962 : Checking separation double page y=0 2484
1620828998779532554 : Checking page rotation 1 0.65
1620829000073964069 : Checking page rotation 2 0.2
1620829002952936994 : Checking image 1 crop x1 329
1620829002953061595 : Checking image 1 crop y1 335
1620829002953100795 : Checking image 1 crop x2 2344
1620829002953134695 : Checking image 1 crop y2 3222
1620829005655495672 : Checking image 2 crop x1 171
1620829005655617072 : Checking image 2 crop y1 648
1620829005655659572 : Checking image 2 crop x2 2188
1620829005655695772 : Checking image 2 crop y2 3361
1620829005655873773 : Checking image 1 dpi 300
1620829005655948174 : Checking image 1 border top 326
1620829005655985674 : Checking image 1 border bottom 274
1620829005656018574 : Checking image 1 border left 222
1620829005656050774 : Checking image 1 border right 222
1620829005658741687 : Checking image 2 dpi 300
1620829005658803287 : Checking image 2 border top 643
1620829005658836788 : Checking image 2 border bottom 131
1620829005658868788 : Checking image 2 border left 221
1620829005658900488 : Checking image 2 border right 221

</system-out><system-err>--------------------------------- Captured Err ---------------------------------

</system-err></testcase><testcase classname="tests.test_features" name="test_mock_stop_at_5" time="22.938"><system-out>--------------------------------- Captured Log ---------------------------------

--------------------------------- Captured Out ---------------------------------
/home/runner/work/diptych/diptych/tests/0001_5.png
separation double page angle 90.55756528497216
separation double page y=0 2484
page rotation 1 0.65
page rotation 2 0.2
image 1 crop x1 329
image 1 crop y1 335
image 1 crop x2 2344
image 1 crop y2 3222
image 2 crop x1 171
image 2 crop y1 648
image 2 crop x2 2188
image 2 crop y2 3361
image 1 dpi 300
image 1 border top 326
image 1 border bottom 274
image 1 border left 222
image 1 border right 222
image 2 dpi 300
image 2 border top 643
image 2 border bottom 131
image 2 border left 221
image 2 border right 221

</system-out><system-err>--------------------------------- Captured Err ---------------------------------

</system-err></testcase><testcase classname="tests.test_images" name="test_black_border_not_removed_png" time="23.198"><system-out>--------------------------------- Captured Log ---------------------------------

--------------------------------- Captured Out ---------------------------------
/home/runner/work/diptych/diptych/tests/black-border-not-removed.png
1620829018280312771 : Checking separation double page angle 90.01516396500199
1620829018280430471 : Checking separation double page y=0 2455
1620829019424379090 : Checking page rotation 1 0.0
1620829020907392416 : Checking page rotation 2 0.1
1620829023798886471 : Checking image 1 crop x1 297
1620829023799017171 : Checking image 1 crop y1 143
1620829023799059572 : Checking image 1 crop x2 2309
1620829023799098772 : Checking image 1 crop y2 3346
1620829028857576790 : Checking image 2 crop x1 154
1620829028857696491 : Checking image 2 crop y1 144
1620829028857738591 : Checking image 2 crop x2 2168
1620829028857777891 : Checking image 2 crop y2 3351
1620829028857959792 : Checking image 1 dpi 300
1620829028858041293 : Checking image 1 border top 131
1620829028858079793 : Checking image 1 border bottom 153
1620829028858115193 : Checking image 1 border left 224
1620829028858149793 : Checking image 1 border right 224
1620829028861192108 : Checking image 2 dpi 300
1620829028861259108 : Checking image 2 border top 133
1620829028861296408 : Checking image 2 border bottom 147
1620829028861331108 : Checking image 2 border left 223
1620829028861365908 : Checking image 2 border right 223

</system-out><system-err>--------------------------------- Captured Err ---------------------------------

</system-err></testcase><testcase classname="tests.test_images" name="test_2_pages_2_contours_png" time="16.650"><system-out>--------------------------------- Captured Log ---------------------------------

--------------------------------- Captured Out ---------------------------------
/home/runner/work/diptych/diptych/tests/2-pages-2-contours.png
1620829039097553062 : Checking separation double page angle 90.14230271514262
1620829039097682062 : Checking separation double page y=0 2488
1620829039713869671 : Checking page rotation 1 0.0
1620829040867526817 : Checking page rotation 2 0.2
1620829041859560900 : Checking image 1 crop x1 1189
1620829041859663200 : Checking image 1 crop y1 1751
1620829041859700201 : Checking image 1 crop x2 1190
1620829041859733601 : Checking image 1 crop y2 1752
1620829044392909859 : Checking image 2 crop x1 100
1620829044393027859 : Checking image 2 crop y1 240
1620829044393068460 : Checking image 2 crop x2 2148
1620829044393105360 : Checking image 2 crop y2 3240
1620829044393272561 : Checking image 1 dpi 300
1620829044393342161 : Checking image 1 border top 1752
1620829044393377761 : Checking image 1 border bottom 1753
1620829044393410961 : Checking image 1 border left 1239
1620829044393443361 : Checking image 1 border right 1239
1620829044395741672 : Checking image 2 dpi 300
1620829044395811373 : Checking image 2 border top 230
1620829044395848973 : Checking image 2 border bottom 256
1620829044395881373 : Checking image 2 border left 206
1620829044395913373 : Checking image 2 border right 206

</system-out><system-err>--------------------------------- Captured Err ---------------------------------

</system-err></testcase><testcase classname="tests.test_images" name="test_image_failed_to_rotate_png" time="28.309"><system-out>--------------------------------- Captured Log ---------------------------------

--------------------------------- Captured Out ---------------------------------
/home/runner/work/diptych/diptych/tests/image_failed_to_rotate.png
1620829044826847307 : Checking separation double page angle 90.35651650869968
1620829044826962008 : Checking separation double page y=0 2483
1620829046894151762 : Checking page rotation 1 0.45
1620829048108649488 : Checking page rotation 2 0.2
1620829053240034785 : Checking image 1 crop x1 31
1620829053240163986 : Checking image 1 crop y1 1
1620829053240206686 : Checking image 1 crop x2 2481
1620829053240247586 : Checking image 1 crop y2 3504
1620829057046772726 : Checking image 2 crop x1 171
1620829057047098427 : Checking image 2 crop y1 231
1620829057047143328 : Checking image 2 crop x2 2259
1620829057047183928 : Checking image 2 crop y2 3358
1620829057047373729 : Checking image 1 dpi 300
1620829057047454629 : Checking image 1 border top 2
1620829057047496029 : Checking image 1 border bottom 2
1620829057047531730 : Checking image 1 border left 15
1620829057047566930 : Checking image 1 border right 15
1620829057050172842 : Checking image 2 dpi 300
1620829057050246142 : Checking image 2 border top 217
1620829057050283643 : Checking image 2 border bottom 143
1620829057050344343 : Checking image 2 border left 186
1620829057050386043 : Checking image 2 border right 186

</system-out><system-err>--------------------------------- Captured Err ---------------------------------

</system-err></testcase><testcase classname="tests.test_images" name="test_wrong_split_line_png" time="19.665"><system-out>--------------------------------- Captured Log ---------------------------------

--------------------------------- Captured Out ---------------------------------
/home/runner/work/diptych/diptych/tests/wrong_split_line.png
1620829058169544917 : Checking separation double page angle 89.95895720607972
1620829058169659317 : Checking separation double page y=0 2466
1620829059234594136 : Checking page rotation 1 -0.04999999999999689
1620829060235582053 : Checking page rotation 2 0.45
1620829061731792003 : Checking image 1 crop x1 211
1620829061731915504 : Checking image 1 crop y1 156
1620829061731958204 : Checking image 1 crop x2 2323
1620829061731997504 : Checking image 1 crop y2 3363
1620829064052086033 : Checking image 2 crop x1 123
1620829064052210534 : Checking image 2 crop y1 164
1620829064052254434 : Checking image 2 crop x2 2237
1620829064052295834 : Checking image 2 crop y2 3375
1620829064052465835 : Checking image 1 dpi 300
1620829064052542936 : Checking image 1 border top 135
1620829064052582536 : Checking image 1 border bottom 145
1620829064052618436 : Checking image 1 border left 174
1620829064052654036 : Checking image 1 border right 174
1620829064055789051 : Checking image 2 dpi 300
1620829064055867151 : Checking image 2 border top 141
1620829064055905351 : Checking image 2 border bottom 135
1620829064055940452 : Checking image 2 border left 173
1620829064055975552 : Checking image 2 border right 173

</system-out><system-err>--------------------------------- Captured Err ---------------------------------

</system-err></testcase><testcase classname="tests.test_images" name="test_image_failed_to_crop_data_png" time="39.743"><system-out>--------------------------------- Captured Log ---------------------------------

--------------------------------- Captured Out ---------------------------------
/home/runner/work/diptych/diptych/tests/image_failed_to_crop_data.png
1620829077257306125 : Checking separation double page angle 90.09350257645173
1620829077257421325 : Checking separation double page y=0 2479
1620829082127317354 : Checking page rotation 1 0.15000000000000002
1620829083338869158 : Checking page rotation 2 0.05
1620829093509124134 : Checking image 1 crop x1 46
1620829093509264334 : Checking image 1 crop y1 1
1620829093509307235 : Checking image 1 crop x2 2477
1620829093509346635 : Checking image 1 crop y2 3505
1620829096848826153 : Checking image 2 crop x1 164
1620829096848951053 : Checking image 2 crop y1 217
1620829096848992754 : Checking image 2 crop x2 2245
1620829096849031254 : Checking image 2 crop y2 3350
1620829096849213555 : Checking image 1 dpi 300
1620829096849295155 : Checking image 1 border top 2
1620829096849336455 : Checking image 1 border bottom 2
1620829096849372955 : Checking image 1 border left 25
1620829096849408256 : Checking image 1 border right 25
1620829096851798567 : Checking image 2 dpi 300
1620829096851861767 : Checking image 2 border top 206
1620829096851898267 : Checking image 2 border bottom 148
1620829096851932467 : Checking image 2 border left 189
1620829096851966568 : Checking image 2 border right 189

</system-out><system-err>--------------------------------- Captured Err ---------------------------------

</system-err></testcase><testcase classname="tests.test_images" name="test_crop_too_much_png" time="26.626"><system-out>--------------------------------- Captured Log ---------------------------------

--------------------------------- Captured Out ---------------------------------
/home/runner/work/diptych/diptych/tests/crop_too_much.png
1620829078986932469 : Checking separation double page angle 90.16929865985193
1620829078987040469 : Checking separation double page y=0 2456
1620829080686314469 : Checking page rotation 1 -0.04999999999999689
1620829082296109348 : Checking page rotation 2 0.2
1620829085904184835 : Checking image 1 crop x1 302
1620829085904308636 : Checking image 1 crop y1 148
1620829085904350036 : Checking image 1 crop x2 2314
1620829085904385936 : Checking image 1 crop y2 3351
1620829090653516992 : Checking image 2 crop x1 163
1620829090653644092 : Checking image 2 crop y1 151
1620829090653687692 : Checking image 2 crop x2 2187
1620829090653728093 : Checking image 2 crop y2 3363
1620829090653895193 : Checking image 1 dpi 300
1620829090653976194 : Checking image 1 border top 133
1620829090654015294 : Checking image 1 border bottom 151
1620829090654051394 : Checking image 1 border left 224
1620829090654087394 : Checking image 1 border right 224
1620829090657078908 : Checking image 2 dpi 300
1620829090657144809 : Checking image 2 border top 132
1620829090657181809 : Checking image 2 border bottom 143
1620829090657216809 : Checking image 2 border left 218
1620829090657251709 : Checking image 2 border right 218

</system-out><system-err>--------------------------------- Captured Err ---------------------------------

</system-err></testcase><testcase classname="tests.test_images" name="test_crop_too_few_png" time="19.943"><system-out>--------------------------------- Captured Log ---------------------------------

--------------------------------- Captured Out ---------------------------------
/home/runner/work/diptych/diptych/tests/crop_too_few.png
1620829104323709333 : Checking separation double page angle 89.49492328400886
1620829104323820234 : Checking separation double page y=0 2510
1620829105301106733 : Checking page rotation 1 -0.6499999999999977
1620829106522656082 : Checking page rotation 2 0.0
1620829108837925578 : Checking image 1 crop x1 263
1620829108838049379 : Checking image 1 crop y1 150
1620829108838090379 : Checking image 1 crop x2 2377
1620829108838125479 : Checking image 1 crop y2 3357
1620829110630438313 : Checking image 2 crop x1 139
1620829110630564514 : Checking image 2 crop y1 141
1620829110630604614 : Checking image 2 crop x2 2261
1620829110630642014 : Checking image 2 crop y2 3345
1620829110630815115 : Checking image 1 dpi 300
1620829110630890816 : Checking image 1 border top 129
1620829110630927116 : Checking image 1 border bottom 150
1620829110630960416 : Checking image 1 border left 173
1620829110630993616 : Checking image 1 border right 173
1620829110634147431 : Checking image 2 dpi 300
1620829110634222631 : Checking image 2 border top 130
1620829110634258931 : Checking image 2 border bottom 153
1620829110634292332 : Checking image 2 border left 169
1620829110634353532 : Checking image 2 border right 169

</system-out><system-err>--------------------------------- Captured Err ---------------------------------

</system-err></testcase><testcase classname="tests.test_images" name="test_wrong_angle_split_line_png" time="26.008"><system-out>--------------------------------- Captured Log ---------------------------------

--------------------------------- Captured Out ---------------------------------
/home/runner/work/diptych/diptych/tests/wrong_angle_split_line.png
1620829108401903826 : Checking separation double page angle 90.08791528895468
1620829108402016227 : Checking separation double page y=0 2478
1620829109763598134 : Checking page rotation 1 0.1
1620829110894054454 : Checking page rotation 2 0.1
1620829117035881454 : Checking image 1 crop x1 58
1620829117036003554 : Checking image 1 crop y1 6
1620829117036044954 : Checking image 1 crop x2 2476
1620829117036082055 : Checking image 1 crop y2 3501
1620829122146733498 : Checking image 2 crop x1 166
1620829122146855299 : Checking image 2 crop y1 218
1620829122146895299 : Checking image 2 crop x2 2244
1620829122146932199 : Checking image 2 crop y2 3349
1620829122147112800 : Checking image 1 dpi 300
1620829122147195200 : Checking image 1 border top 6
1620829122147232901 : Checking image 1 border bottom 6
1620829122147265301 : Checking image 1 border left 31
1620829122147298101 : Checking image 1 border right 31
1620829122155091738 : Checking image 2 dpi 300
1620829122155200838 : Checking image 2 border top 209
1620829122155238638 : Checking image 2 border bottom 147
1620829122155271938 : Checking image 2 border left 191
1620829122155304539 : Checking image 2 border right 191

</system-out><system-err>--------------------------------- Captured Err ---------------------------------

</system-err></testcase><testcase classname="tests.test_images" name="test_crop_too_much_2_png" time="26.539"><system-out>--------------------------------- Captured Log ---------------------------------

--------------------------------- Captured Out ---------------------------------
/home/runner/work/diptych/diptych/tests/crop_too_much_2.png
1620829126759877700 : Checking separation double page angle 90.15285326123045
1620829126759995101 : Checking separation double page y=0 2477
1620829128269413902 : Checking page rotation 1 0.15000000000000002
1620829129973583318 : Checking page rotation 2 0.2
1620829133024010568 : Checking image 1 crop x1 330
1620829133024134369 : Checking image 1 crop y1 132
1620829133024176969 : Checking image 1 crop x2 2342
1620829133024214569 : Checking image 1 crop y2 3335
1620829137138111222 : Checking image 2 crop x1 165
1620829137138220522 : Checking image 2 crop y1 139
1620829137138275222 : Checking image 2 crop x2 2178
1620829137138314223 : Checking image 2 crop y2 3345
1620829137138512923 : Checking image 1 dpi 300
1620829137138590724 : Checking image 1 border top 121
1620829137138631124 : Checking image 1 border bottom 163
1620829137138667424 : Checking image 1 border left 224
1620829137138703624 : Checking image 1 border right 224
1620829137141560838 : Checking image 2 dpi 300
1620829137141623238 : Checking image 2 border top 129
1620829137141668838 : Checking image 2 border bottom 152
1620829137141705338 : Checking image 2 border left 223
1620829137141739839 : Checking image 2 border right 223

</system-out><system-err>--------------------------------- Captured Err ---------------------------------

</system-err></testcase><testcase classname="tests.test_images" name="test_angle_page_lower_split_line_png" time="27.430"><system-out>--------------------------------- Captured Log ---------------------------------

--------------------------------- Captured Out ---------------------------------
/home/runner/work/diptych/diptych/tests/angle_page_lower_split_line.png
1620829141661288499 : Checking separation double page angle 89.74412725181848
1620829141661408100 : Checking separation double page y=0 2472
1620829143212482795 : Checking page rotation 1 -0.14999999999999067
1620829144698845386 : Checking page rotation 2 0.1
1620829146505091281 : Checking image 1 crop x1 241
1620829146505217182 : Checking image 1 crop y1 156
1620829146505260682 : Checking image 1 crop x2 2357
1620829146505300382 : Checking image 1 crop y2 3368
1620829150366121241 : Checking image 2 crop x1 151
1620829150366248642 : Checking image 2 crop y1 146
1620829150366291142 : Checking image 2 crop x2 2261
1620829150366351942 : Checking image 2 crop y2 3351
1620829150366539343 : Checking image 1 dpi 300
1620829150366622044 : Checking image 1 border top 140
1620829150366660744 : Checking image 1 border bottom 135
1620829150366697544 : Checking image 1 border left 172
1620829150366732744 : Checking image 1 border right 172
1620829150369252256 : Checking image 2 dpi 300
1620829150369318456 : Checking image 2 border top 131
1620829150369355056 : Checking image 2 border bottom 151
1620829150369389857 : Checking image 2 border left 175
1620829150369424457 : Checking image 2 border right 175

</system-out><system-err>--------------------------------- Captured Err ---------------------------------

</system-err></testcase><testcase classname="tests.test_images" name="test_wrong_split_line_2_png" time="34.302"><system-out>--------------------------------- Captured Log ---------------------------------

--------------------------------- Captured Out ---------------------------------
/home/runner/work/diptych/diptych/tests/wrong_split_line_2.png
1620829154960596850 : Checking separation double page angle 90.23635161124103
1620829154960708551 : Checking separation double page y=0 2437
1620829156661235549 : Checking page rotation 1 0.2
1620829158239901574 : Checking page rotation 2 0.2
1620829163544708923 : Checking image 1 crop x1 294
1620829163544832524 : Checking image 1 crop y1 136
1620829163544873424 : Checking image 1 crop x2 2325
1620829163544913924 : Checking image 1 crop y2 3376
1620829171455053525 : Checking image 2 crop x1 138
1620829171455173326 : Checking image 2 crop y1 190
1620829171455216726 : Checking image 2 crop x2 2174
1620829171455256026 : Checking image 2 crop y2 3389
1620829171455426127 : Checking image 1 dpi 300
1620829171455506127 : Checking image 1 border top 131
1620829171455544327 : Checking image 1 border bottom 116
1620829171455580428 : Checking image 1 border left 214
1620829171455615828 : Checking image 1 border right 214
1620829171458623742 : Checking image 2 dpi 300
1620829171458690642 : Checking image 2 border top 181
1620829171458727642 : Checking image 2 border bottom 107
1620829171458761943 : Checking image 2 border left 212
1620829171458796643 : Checking image 2 border right 212

</system-out><system-err>--------------------------------- Captured Err ---------------------------------

</system-err></testcase><testcase classname="tests.test_images" name="test_wrong_wave_split_line_png" time="32.507"><system-out>--------------------------------- Captured Log ---------------------------------

--------------------------------- Captured Out ---------------------------------
/home/runner/work/diptych/diptych/tests/wrong_wave_split_line.png
1620829167423883467 : Checking separation double page angle 90.42461655762611
1620829167423997668 : Checking separation double page y=0 2502
1620829168962551003 : Checking page rotation 1 -0.09999999999999377
1620829170513158396 : Checking page rotation 2 0.85
1620829176491732911 : Checking image 1 crop x1 384
1620829176491861612 : Checking image 1 crop y1 178
1620829176491904012 : Checking image 1 crop x2 2412
1620829176491941812 : Checking image 1 crop y2 3374
1620829182844389085 : Checking image 2 crop x1 7
1620829182844532486 : Checking image 2 crop y1 0
1620829182844573286 : Checking image 2 crop x2 2411
1620829182844613986 : Checking image 2 crop y2 3505
1620829182844785787 : Checking image 1 dpi 300
1620829182844864487 : Checking image 1 border top 173
1620829182844904887 : Checking image 1 border bottom 118
1620829182844941888 : Checking image 1 border left 216
1620829182844976788 : Checking image 1 border right 216
1620829182847785201 : Checking image 2 dpi 300
1620829182847857001 : Checking image 2 border top 1
1620829182847893802 : Checking image 2 border bottom 1
1620829182847928202 : Checking image 2 border left 38
1620829182848005402 : Checking image 2 border right 38

</system-out><system-err>--------------------------------- Captured Err ---------------------------------

</system-err></testcase><testcase classname="tests.test_images" name="test_small_wave_png" time="23.830"><system-out>--------------------------------- Captured Log ---------------------------------

--------------------------------- Captured Out ---------------------------------
/home/runner/work/diptych/diptych/tests/small_wave.png
1620829188180386978 : Checking separation double page angle 90.56494929955075
1620829188180509179 : Checking separation double page y=0 2495
1620829189916879744 : Checking page rotation 1 0.7
1620829191370620880 : Checking page rotation 2 0.65
1620829192925894994 : Checking image 1 crop x1 322
1620829192926014694 : Checking image 1 crop y1 199
1620829192926056195 : Checking image 1 crop x2 2351
1620829192926091395 : Checking image 1 crop y2 3394
1620829195283598881 : Checking image 2 crop x1 130
1620829195283714781 : Checking image 2 crop y1 222
1620829195283755381 : Checking image 2 crop x2 2163
1620829195283793782 : Checking image 2 crop y2 3420
1620829195283963082 : Checking image 1 dpi 300
1620829195284038783 : Checking image 1 border top 181
1620829195284076383 : Checking image 1 border bottom 111
1620829195284109683 : Checking image 1 border left 215
1620829195284142783 : Checking image 1 border right 215
1620829195286727895 : Checking image 2 dpi 300
1620829195286796596 : Checking image 2 border top 197
1620829195286831496 : Checking image 2 border bottom 92
1620829195286863696 : Checking image 2 border left 213
1620829195286895296 : Checking image 2 border right 213

</system-out><system-err>--------------------------------- Captured Err ---------------------------------

</system-err></testcase><testcase classname="tests.test_images" name="test_no_split_line_line_algo_png" time="22.632"><system-out>--------------------------------- Captured Log ---------------------------------

--------------------------------- Captured Out ---------------------------------
/home/runner/work/diptych/diptych/tests/no_split_line_line_algo.png
1620829196252440837 : Checking separation double page angle 89.47691469185418
1620829196252549837 : Checking separation double page y=0 2476
1620829197318392149 : Checking page rotation 1 -0.14999999999999067
1620829198862569810 : Checking page rotation 2 -0.14999999999999067
1620829200893887161 : Checking image 1 crop x1 205
1620829200894011062 : Checking image 1 crop y1 158
1620829200894049662 : Checking image 1 crop x2 2320
1620829200894085662 : Checking image 1 crop y2 3366
1620829205513259381 : Checking image 2 crop x1 185
1620829205513379082 : Checking image 2 crop y1 225
1620829205513419582 : Checking image 2 crop x2 2204
1620829205513455382 : Checking image 2 crop y2 3362
1620829205513637483 : Checking image 1 dpi 300
1620829205513717783 : Checking image 1 border top 144
1620829205513752983 : Checking image 1 border bottom 134
1620829205513787284 : Checking image 1 border left 172
1620829205513819584 : Checking image 1 border right 172
1620829205516556097 : Checking image 2 dpi 300
1620829205516625197 : Checking image 2 border top 223
1620829205516659197 : Checking image 2 border bottom 127
1620829205516691097 : Checking image 2 border left 220
1620829205516723097 : Checking image 2 border right 220

</system-out><system-err>--------------------------------- Captured Err ---------------------------------

</system-err></testcase><testcase classname="tests.test_images" name="test_wrong_split_line_3_png" time="25.443"><system-out>--------------------------------- Captured Log ---------------------------------

--------------------------------- Captured Out ---------------------------------
/home/runner/work/diptych/diptych/tests/wrong_split_line_3.png
1620829209936170077 : Checking separation double page angle 90.40515247895009
1620829209936351078 : Checking separation double page y=0 2495
1620829211481586843 : Checking page rotation 1 0.2
1620829212656500267 : Checking page rotation 2 0.85
1620829214818728134 : Checking image 1 crop x1 331
1620829214818846234 : Checking image 1 crop y1 166
1620829214818887334 : Checking image 1 crop x2 2377
1620829214818928234 : Checking image 1 crop y2 3375
1620829220749915521 : Checking image 2 crop x1 103
1620829220750016121 : Checking image 2 crop y1 207
1620829220750055021 : Checking image 2 crop x2 2136
1620829220750092021 : Checking image 2 crop y2 3414
1620829220750275722 : Checking image 1 dpi 300
1620829220750373423 : Checking image 1 border top 158
1620829220750418723 : Checking image 1 border bottom 120
1620829220750454523 : Checking image 1 border left 207
1620829220750489923 : Checking image 1 border right 207
1620829220753362537 : Checking image 2 dpi 300
1620829220753433837 : Checking image 2 border top 199
1620829220753471637 : Checking image 2 border bottom 81
1620829220753506438 : Checking image 2 border left 213
1620829220753541338 : Checking image 2 border right 213

</system-out><system-err>--------------------------------- Captured Err ---------------------------------

</system-err></testcase><testcase classname="tests.test_images" name="test_failed_split_line_line_algo_png" time="17.016"><system-out>--------------------------------- Captured Log ---------------------------------

--------------------------------- Captured Out ---------------------------------
/home/runner/work/diptych/diptych/tests/failed_split_line_line_algo.png
1620829216711196232 : Checking separation double page angle 90.0093502548779
1620829216711315532 : Checking separation double page y=0 2574
1620829217528270573 : Checking page rotation 1 0.0
1620829218163942162 : Checking page rotation 2 0.0
1620829220752861735 : Checking image 1 crop x1 411
1620829220752987235 : Checking image 1 crop y1 2927
1620829220753029635 : Checking image 1 crop x2 2422
1620829220753066835 : Checking image 1 crop y2 3172
1620829222558315323 : Checking image 2 crop x1 1191
1620829222558467424 : Checking image 2 crop y1 1745
1620829222558506324 : Checking image 2 crop x2 1192
1620829222558542424 : Checking image 2 crop y2 1746
1620829222558689725 : Checking image 1 dpi 300
1620829222558775625 : Checking image 1 border top 2920
1620829222558813825 : Checking image 1 border bottom 322
1620829222558850125 : Checking image 1 border left 224
1620829222558885426 : Checking image 1 border right 224
1620829222561015436 : Checking image 2 dpi 300
1620829222561073836 : Checking image 2 border top 1752
1620829222561112336 : Checking image 2 border bottom 1753
1620829222561146836 : Checking image 2 border left 1239
1620829222561181336 : Checking image 2 border right 1239

</system-out><system-err>--------------------------------- Captured Err ---------------------------------

</system-err></testcase><testcase classname="tests.test_images" name="test_crop_too_much_3_png" time="21.474"><system-out>--------------------------------- Captured Log ---------------------------------

--------------------------------- Captured Out ---------------------------------
/home/runner/work/diptych/diptych/tests/crop_too_much_3.png
1620829233837904336 : Checking separation double page angle 89.5934556679346
1620829233838024736 : Checking separation double page y=0 2499
1620829234975666982 : Checking page rotation 1 -0.8999999999999949
1620829236583986040 : Checking page rotation 2 -0.04999999999999689
1620829239683413302 : Checking image 1 crop x1 374
1620829239683535502 : Checking image 1 crop y1 258
1620829239683575403 : Checking image 1 crop x2 2385
1620829239683610003 : Checking image 1 crop y2 3459
1620829242222199028 : Checking image 2 crop x1 164
1620829242222317128 : Checking image 2 crop y1 229
1620829242222379629 : Checking image 2 crop x2 2183
1620829242222418729 : Checking image 2 crop y2 3416
1620829242222583030 : Checking image 1 dpi 300
1620829242222657630 : Checking image 1 border top 239
1620829242222695130 : Checking image 1 border bottom 46
1620829242222728730 : Checking image 1 border left 224
1620829242222762031 : Checking image 1 border right 224
1620829242225841445 : Checking image 2 dpi 300
1620829242225901445 : Checking image 2 border top 210
1620829242225935745 : Checking image 2 border bottom 90
1620829242225968146 : Checking image 2 border left 220
1620829242226002246 : Checking image 2 border right 220

</system-out><system-err>--------------------------------- Captured Err ---------------------------------

</system-err></testcase><testcase classname="tests.test_images" name="test_failed_split_line_line_algo_2_png" time="23.210"><system-out>--------------------------------- Captured Log ---------------------------------

--------------------------------- Captured Out ---------------------------------
/home/runner/work/diptych/diptych/tests/failed_split_line_line_algo_2.png
1620829237390678530 : Checking separation double page angle 90.03732329462368
1620829237390787831 : Checking separation double page y=0 2499
1620829238904226542 : Checking page rotation 1 -0.09999999999999377
1620829240174883011 : Checking page rotation 2 0.5499999999999999
1620829243077663146 : Checking image 1 crop x1 273
1620829243077787447 : Checking image 1 crop y1 147
1620829243077827347 : Checking image 1 crop x2 2386
1620829243077863747 : Checking image 1 crop y2 3352
1620829245732173516 : Checking image 2 crop x1 122
1620829245732300717 : Checking image 2 crop y1 155
1620829245732340817 : Checking image 2 crop x2 2246
1620829245732378517 : Checking image 2 crop y2 3350
1620829245732559318 : Checking image 1 dpi 300
1620829245732637918 : Checking image 1 border top 137
1620829245732673619 : Checking image 1 border bottom 145
1620829245732707719 : Checking image 1 border left 173
1620829245732739919 : Checking image 1 border right 173
1620829245735996534 : Checking image 2 dpi 300
1620829245736078935 : Checking image 2 border top 133
1620829245736118135 : Checking image 2 border bottom 159
1620829245736150635 : Checking image 2 border left 168
1620829245736184235 : Checking image 2 border right 168

</system-out><system-err>--------------------------------- Captured Err ---------------------------------

</system-err></testcase><testcase classname="tests.test_images" name="test_wrong_wave_split_line_2_png" time="26.356"><system-out>--------------------------------- Captured Log ---------------------------------

--------------------------------- Captured Out ---------------------------------
/home/runner/work/diptych/diptych/tests/wrong_wave_split_line_2.png
1620829260282481281 : Checking separation double page angle 90.7708958311329
1620829260282596783 : Checking separation double page y=0 2490
1620829261544928107 : Checking page rotation 1 0.2
1620829262822004855 : Checking page rotation 2 1.65
1620829264489797922 : Checking image 1 crop x1 227
1620829264489915623 : Checking image 1 crop y1 147
1620829264489957824 : Checking image 1 crop x2 2342
1620829264489997825 : Checking image 1 crop y2 3353
1620829268585008154 : Checking image 2 crop x1 106
1620829268585130556 : Checking image 2 crop y1 195
1620829268585173657 : Checking image 2 crop x2 2231
1620829268585213257 : Checking image 2 crop y2 3398
1620829268585383760 : Checking image 1 dpi 300
1620829268585460061 : Checking image 1 border top 136
1620829268585498661 : Checking image 1 border bottom 145
1620829268585534562 : Checking image 1 border left 172
1620829268585570262 : Checking image 1 border right 172
1620829268588261602 : Checking image 2 dpi 300
1620829268588329903 : Checking image 2 border top 166
1620829268588366803 : Checking image 2 border bottom 117
1620829268588401404 : Checking image 2 border left 167
1620829268588436104 : Checking image 2 border right 167

</system-out><system-err>--------------------------------- Captured Err ---------------------------------

</system-err></testcase><testcase classname="tests.test_images" name="test_wrong_wave_split_line_3_png" time="24.697"><system-out>--------------------------------- Captured Log ---------------------------------

--------------------------------- Captured Out ---------------------------------
/home/runner/work/diptych/diptych/tests/wrong_wave_split_line_3.png
1620829263657282258 : Checking separation double page angle 90.12715931778824
1620829263657388760 : Checking separation double page y=0 2514
1620829265121171246 : Checking page rotation 1 0.05
1620829266331708733 : Checking page rotation 2 0.2
1620829268462354662 : Checking image 1 crop x1 273
1620829268462471864 : Checking image 1 crop y1 220
1620829268462528065 : Checking image 1 crop x2 2383
1620829268462563665 : Checking image 1 crop y2 3423
1620829270443991514 : Checking image 2 crop x1 116
1620829270444116218 : Checking image 2 crop y1 225
1620829270444158319 : Checking image 2 crop x2 2242
1620829270444198720 : Checking image 2 crop y2 3415
1620829270444382225 : Checking image 1 dpi 300
1620829270444466427 : Checking image 1 border top 202
1620829270444504728 : Checking image 1 border bottom 82
1620829270444541629 : Checking image 1 border left 175
1620829270444576630 : Checking image 1 border right 175
1620829270447654914 : Checking image 2 dpi 300
1620829270447744517 : Checking image 2 border top 204
1620829270447783418 : Checking image 2 border bottom 93
1620829270447818519 : Checking image 2 border left 167
1620829270447852920 : Checking image 2 border right 167

</system-out><system-err>--------------------------------- Captured Err ---------------------------------

</system-err></testcase><testcase classname="tests.test_images" name="test_no_split_line_wave_algo_png" time="34.692"><system-out>--------------------------------- Captured Log ---------------------------------

--------------------------------- Captured Out ---------------------------------
/home/runner/work/diptych/diptych/tests/no_split_line_wave_algo.png
1620829282817830133 : Checking separation double page angle 89.79018091440821
1620829282817948134 : Checking separation double page y=0 2483
1620829285827887433 : Checking page rotation 1 0.0
1620829287191970340 : Checking page rotation 2 -0.44999999999999746
1620829296807705567 : Checking image 1 crop x1 97
1620829296807804768 : Checking image 1 crop y1 74
1620829296807844468 : Checking image 1 crop x2 2489
1620829296807881968 : Checking image 1 crop y2 3505
1620829303233360652 : Checking image 2 crop x1 164
1620829303233479843 : Checking image 2 crop y1 267
1620829303233524639 : Checking image 2 crop x2 2239
1620829303233562736 : Checking image 2 crop y2 3380
1620829303233738623 : Checking image 1 dpi 300
1620829303233820217 : Checking image 1 border top 38
1620829303233859414 : Checking image 1 border bottom 38
1620829303233895311 : Checking image 1 border left 44
1620829303233931509 : Checking image 1 border right 44
1620829303237148367 : Checking image 2 dpi 300
1620829303237226461 : Checking image 2 border top 257
1620829303237266358 : Checking image 2 border bottom 117
1620829303237301955 : Checking image 2 border left 192
1620829303237336752 : Checking image 2 border right 192

</system-out><system-err>--------------------------------- Captured Err ---------------------------------

</system-err></testcase><testcase classname="tests.test_images" name="test_no_split_line_wave_algo_2_png" time="20.830"><system-out>--------------------------------- Captured Log ---------------------------------

--------------------------------- Captured Out ---------------------------------
/home/runner/work/diptych/diptych/tests/no_split_line_wave_algo_2.png
1620829284674673173 : Checking separation double page angle 90.43362571535843
1620829284674788574 : Checking separation double page y=0 2473
1620829285772551728 : Checking page rotation 1 1.05
1620829287019003047 : Checking page rotation 2 0.15000000000000002
1620829289349611677 : Checking image 1 crop x1 267
1620829289349738877 : Checking image 1 crop y1 210
1620829289349778778 : Checking image 1 crop x2 2343
1620829289349815278 : Checking image 1 crop y2 3412
1620829291284906366 : Checking image 2 crop x1 165
1620829291285025666 : Checking image 2 crop y1 241
1620829291285064767 : Checking image 2 crop x2 2250
1620829291285100667 : Checking image 2 crop y2 3433
1620829291285280568 : Checking image 1 dpi 300
1620829291285361068 : Checking image 1 border top 192
1620829291285396668 : Checking image 1 border bottom 93
1620829291285431168 : Checking image 1 border left 192
1620829291285463369 : Checking image 1 border right 192
1620829291288075082 : Checking image 2 dpi 300
1620829291288150683 : Checking image 2 border top 224
1620829291288185883 : Checking image 2 border bottom 71
1620829291288217983 : Checking image 2 border left 187
1620829291288249983 : Checking image 2 border right 187

</system-out><system-err>--------------------------------- Captured Err ---------------------------------

</system-err></testcase><testcase classname="tests.test_images" name="test_failed_detect_rectangle_png" time="20.263"><system-out>--------------------------------- Captured Log ---------------------------------

--------------------------------- Captured Out ---------------------------------
/home/runner/work/diptych/diptych/tests/failed_detect_rectangle.png
1620829305756331083 : Checking separation double page angle 90.242273842964
1620829305756445974 : Checking separation double page y=0 2475
1620829307096269545 : Checking page rotation 1 0.2
1620829308691993339 : Checking page rotation 2 0.2
1620829310062753927 : Checking image 1 crop x1 257
1620829310062881627 : Checking image 1 crop y1 201
1620829310062923828 : Checking image 1 crop x2 2333
1620829310062960628 : Checking image 1 crop y2 3402
1620829311540700662 : Checking image 2 crop x1 137
1620829311540827166 : Checking image 2 crop y1 215
1620829311540871368 : Checking image 2 crop x2 2220
1620829311540910869 : Checking image 2 crop y2 3406
1620829311541099376 : Checking image 1 dpi 300
1620829311541184879 : Checking image 1 border top 188
1620829311541223780 : Checking image 1 border bottom 98
1620829311541260382 : Checking image 1 border left 192
1620829311541295083 : Checking image 1 border right 192
1620829311543710068 : Checking image 2 dpi 300
1620829311543774470 : Checking image 2 border top 201
1620829311543810872 : Checking image 2 border bottom 95
1620829311543845573 : Checking image 2 border left 188
1620829311543880074 : Checking image 2 border right 188

</system-out><system-err>--------------------------------- Captured Err ---------------------------------

</system-err></testcase><testcase classname="tests.test_images" name="test_crop_too_few_2_png" time="21.799"><system-out>--------------------------------- Captured Log ---------------------------------

--------------------------------- Captured Out ---------------------------------
/home/runner/work/diptych/diptych/tests/crop_too_few_2.png
1620829317119055391 : Checking separation double page angle 90.35461351371423
1620829317119169295 : Checking separation double page y=0 2533
1620829318311803019 : Checking page rotation 1 1.0999999999999999
1620829319536823789 : Checking page rotation 2 0.0
1620829322322787069 : Checking image 1 crop x1 289
1620829322322907970 : Checking image 1 crop y1 165
1620829322322945970 : Checking image 1 crop x2 2400
1620829322322982170 : Checking image 1 crop y2 3367
1620829325110282962 : Checking image 2 crop x1 152
1620829325110519664 : Checking image 2 crop y1 190
1620829325110561065 : Checking image 2 crop x2 2273
1620829325110599565 : Checking image 2 crop y2 3385
1620829325110768667 : Checking image 1 dpi 300
1620829325110842867 : Checking image 1 border top 157
1620829325110879768 : Checking image 1 border bottom 128
1620829325110913368 : Checking image 1 border left 174
1620829325110948068 : Checking image 1 border right 174
1620829325113998395 : Checking image 2 dpi 300
1620829325114056296 : Checking image 2 border top 175
1620829325114090196 : Checking image 2 border bottom 116
1620829325114122496 : Checking image 2 border left 169
1620829325114156597 : Checking image 2 border right 169

</system-out><system-err>--------------------------------- Captured Err ---------------------------------

</system-err></testcase><testcase classname="tests.test_images" name="test_single_page_png" time="6.772"><system-out>--------------------------------- Captured Log ---------------------------------

--------------------------------- Captured Out ---------------------------------
/home/runner/work/diptych/diptych/tests/single_page.png
1620829315275847588 : Checking separation double page angle 89.93006318861008
1620829315275971692 : Checking separation double page y=0 2472
1620829316175352759 : Checking page rotation 1 0.0
1620829316289144478 : Checking page rotation 2 0.0
1620829317819660736 : Checking image 1 crop x1 1
1620829317819759540 : Checking image 1 crop y1 8
1620829317819802141 : Checking image 1 crop x2 2470
1620829317819836242 : Checking image 1 crop y2 3505
1620829317955585237 : Checking image 2 crop x1 0
1620829317955664940 : Checking image 2 crop y1 0
1620829317955697141 : Checking image 2 crop x2 0
1620829317955727042 : Checking image 2 crop y2 0
1620829317955791644 : Checking image 1 dpi 300
1620829317955858847 : Checking image 1 border top 5
1620829317955894348 : Checking image 1 border bottom 5
1620829317955926749 : Checking image 1 border left 6
1620829317955958950 : Checking image 1 border right 6
1620829317962301274 : Checking image 2 border top 0
1620829317962382877 : Checking image 2 border bottom 0
1620829317962421478 : Checking image 2 border left 0
1620829317962453280 : Checking image 2 border right 0

</system-out><system-err>--------------------------------- Captured Err ---------------------------------

</system-err></testcase><testcase classname="tests.test_images" name="test_wrong_split_line_4_png" time="12.917"><system-out>--------------------------------- Captured Log ---------------------------------

--------------------------------- Captured Out ---------------------------------
/home/runner/work/diptych/diptych/tests/wrong_split_line_4.png
1620829327011482029 : Checking separation double page angle 90.92587744884125
1620829327011599730 : Checking separation double page y=0 58
1620829327105901894 : Checking page rotation 1 0.5499999999999999
1620829328277279158 : Checking page rotation 2 1.0999999999999999
1620829329039306208 : Checking image 1 crop x1 0
1620829329039394909 : Checking image 1 crop y1 0
1620829329039433109 : Checking image 1 crop x2 0
1620829329039468609 : Checking image 1 crop y2 0
1620829331292339195 : Checking image 2 crop x1 290
1620829331292471496 : Checking image 2 crop y1 330
1620829331292513096 : Checking image 2 crop x2 2314
1620829331292550196 : Checking image 2 crop y2 3217
1620829331292718097 : Checking image 1 border top 0
1620829331292758197 : Checking image 1 border bottom 0
1620829331292793598 : Checking image 1 border left 0
1620829331292826998 : Checking image 1 border right 0
1620829331292881098 : Checking image 2 dpi 300
1620829331292954498 : Checking image 2 border top 322
1620829331292993298 : Checking image 2 border bottom 278
1620829331293027499 : Checking image 2 border left 218
1620829331293061899 : Checking image 2 border right 218

</system-out><system-err>--------------------------------- Captured Err ---------------------------------

</system-err></testcase><testcase classname="tests.test_images" name="test_no_split_line_wave_algo_3_png" time="11.602"><system-out>--------------------------------- Captured Log ---------------------------------

--------------------------------- Captured Out ---------------------------------
/home/runner/work/diptych/diptych/tests/no_split_line_wave_algo_3.png
1620829333090954746 : Checking separation double page angle 90.18184445198425
1620829333091081747 : Checking separation double page y=0 2405
1620829333947740063 : Checking page rotation 1 0.0
1620829334125179136 : Checking page rotation 2 0.0
1620829336228672542 : Checking image 1 crop x1 184
1620829336228777043 : Checking image 1 crop y1 2957
1620829336228817843 : Checking image 1 crop x2 2201
1620829336228853044 : Checking image 1 crop y2 3202
1620829336685963862 : Checking image 2 crop x1 0
1620829336686047362 : Checking image 2 crop y1 0
1620829336686081863 : Checking image 2 crop x2 0
1620829336686114463 : Checking image 2 crop y2 0
1620829336686188663 : Checking image 1 dpi 300
1620829336686263164 : Checking image 1 border top 2950
1620829336686303764 : Checking image 1 border bottom 292
1620829336686362765 : Checking image 1 border left 221
1620829336686398465 : Checking image 1 border right 221
1620829336692736114 : Checking image 2 border top 0
1620829336692799114 : Checking image 2 border bottom 0
1620829336692834015 : Checking image 2 border left 0
1620829336692867615 : Checking image 2 border right 0

</system-out><system-err>--------------------------------- Captured Err ---------------------------------

</system-err></testcase><testcase classname="tests.test_images" name="test_failed_split_line_line_algo_3_png" time="13.290"><system-out>--------------------------------- Captured Log ---------------------------------

--------------------------------- Captured Out ---------------------------------
/home/runner/work/diptych/diptych/tests/failed_split_line_line_algo_3.png
1620829339548826096 : Checking separation double page angle 90.02403976140027
1620829339548948297 : Checking separation double page y=0 39
1620829339625994690 : Checking page rotation 1 0.0
1620829340394357803 : Checking page rotation 2 0.0
1620829340682625622 : Checking image 1 crop x1 0
1620829340682704023 : Checking image 1 crop y1 0
1620829340682735623 : Checking image 1 crop x2 0
1620829340682766223 : Checking image 1 crop y2 0
1620829344600863936 : Checking image 2 crop x1 249
1620829344600969337 : Checking image 2 crop y1 154
1620829344601005637 : Checking image 2 crop x2 2264
1620829344601039837 : Checking image 2 crop y2 3361
1620829344601225039 : Checking image 1 border top 0
1620829344601263539 : Checking image 1 border bottom 0
1620829344601297439 : Checking image 1 border left 0
1620829344601329640 : Checking image 1 border right 0
1620829344601384640 : Checking image 2 dpi 300
1620829344601456341 : Checking image 2 border top 146
1620829344601491941 : Checking image 2 border bottom 134
1620829344601524142 : Checking image 2 border left 222
1620829344601555942 : Checking image 2 border right 222

</system-out><system-err>--------------------------------- Captured Err ---------------------------------

</system-err></testcase></testsuite></testsuites>