<?xml version="1.0" encoding="utf-8"?><testsuites><testsuite errors="0" failures="0" hostname="fv-az108-19" name="pytest" skipped="0" tests="36" time="894.115" timestamp="2020-12-26T09:48:40.721696"><testcase classname="tests.test_features" name="test_mock_stop_at_0" time="0.050"><system-out>--------------------------------- Captured Log ---------------------------------

--------------------------------- Captured Out ---------------------------------
/home/runner/work/ocr-book/ocr-book/tests/0001_0.png

</system-out><system-err>--------------------------------- Captured Err ---------------------------------

</system-err></testcase><testcase classname="tests.test_features" name="test_disabled_enable_debug" time="41.946"><system-out>--------------------------------- Captured Log ---------------------------------

--------------------------------- Captured Out ---------------------------------
/home/runner/work/ocr-book/ocr-book/tests/0001_debug.png
separation double page angle 90.5528088189967
separation double page y=0 2485
page rotation 1 0.75
page rotation 2 0.2
image 1 crop x1 330
image 1 crop y1 336
image 1 crop x2 2343
image 1 crop y2 3223
image 2 crop x1 169
image 2 crop y1 648
image 2 crop x2 2186
image 2 crop y2 3361
image 1 dpi 300
image 1 border top 333
image 1 border bottom 266
image 1 border left 223
image 1 border right 223
image 2 dpi 300
image 2 border top 643
image 2 border bottom 131
image 2 border left 221
image 2 border right 221

</system-out><system-err>--------------------------------- Captured Err ---------------------------------

</system-err></testcase><testcase classname="tests.test_features" name="test_mock_stop_at_2" time="37.693"><system-out>--------------------------------- Captured Log ---------------------------------

--------------------------------- Captured Out ---------------------------------
/home/runner/work/ocr-book/ocr-book/tests/0001_2.png
separation double page angle 90.5528088189967
separation double page y=0 2485
page rotation 1 0.75
page rotation 2 0.2

</system-out><system-err>--------------------------------- Captured Err ---------------------------------

</system-err></testcase><testcase classname="tests.test_features" name="test_mock_stop_at_4" time="40.915"><system-out>--------------------------------- Captured Log ---------------------------------

--------------------------------- Captured Out ---------------------------------
/home/runner/work/ocr-book/ocr-book/tests/0001_4.png
separation double page angle 90.5528088189967
separation double page y=0 2485
page rotation 1 0.75
page rotation 2 0.2
image 1 crop x1 330
image 1 crop y1 336
image 1 crop x2 2343
image 1 crop y2 3223
image 2 crop x1 169
image 2 crop y1 648
image 2 crop x2 2186
image 2 crop y2 3361
image 1 dpi 300
image 1 border top 333
image 1 border bottom 266
image 1 border left 223
image 1 border right 223
image 2 dpi 300
image 2 border top 643
image 2 border bottom 131
image 2 border left 221
image 2 border right 221

</system-out><system-err>--------------------------------- Captured Err ---------------------------------

</system-err></testcase><testcase classname="tests.test_features" name="test_mock_stop_at_1" time="24.581"><system-out>--------------------------------- Captured Log ---------------------------------

--------------------------------- Captured Out ---------------------------------
/home/runner/work/ocr-book/ocr-book/tests/0001_1.png
separation double page angle 90.5528088189967
separation double page y=0 2485

</system-out><system-err>--------------------------------- Captured Err ---------------------------------

</system-err></testcase><testcase classname="tests.test_features" name="test_mock_stop_at_3" time="39.369"><system-out>--------------------------------- Captured Log ---------------------------------

--------------------------------- Captured Out ---------------------------------
/home/runner/work/ocr-book/ocr-book/tests/0001_3.png
separation double page angle 90.5528088189967
separation double page y=0 2485
page rotation 1 0.75
page rotation 2 0.2
image 1 crop x1 330
image 1 crop y1 336
image 1 crop x2 2343
image 1 crop y2 3223
image 2 crop x1 169
image 2 crop y1 648
image 2 crop x2 2186
image 2 crop y2 3361

</system-out><system-err>--------------------------------- Captured Err ---------------------------------

</system-err></testcase><testcase classname="tests.test_images" name="test_0001_png" time="50.950"><system-out>--------------------------------- Captured Log ---------------------------------

--------------------------------- Captured Out ---------------------------------
/home/runner/work/ocr-book/ocr-book/tests/0001.png
1608976230616431598 : Checking separation double page angle 90.5528088189967
1608976230616547599 : Checking separation double page y=0 2485
1608976236865794842 : Checking page rotation 1 0.75
1608976244412988806 : Checking page rotation 2 0.2
1608976247974369508 : Checking image 1 crop x1 330
1608976247974488909 : Checking image 1 crop y1 336
1608976247974529109 : Checking image 1 crop x2 2343
1608976247974563009 : Checking image 1 crop y2 3223
1608976251312769532 : Checking image 2 crop x1 169
1608976251312889233 : Checking image 2 crop y1 648
1608976251312930633 : Checking image 2 crop x2 2186
1608976251312964934 : Checking image 2 crop y2 3361
1608976251346246945 : Checking image 1 dpi 300
1608976251346342946 : Checking image 1 border top 333
1608976251346382746 : Checking image 1 border bottom 266
1608976251346419146 : Checking image 1 border left 223
1608976251346454647 : Checking image 1 border right 223
1608976251348551860 : Checking image 2 dpi 300
1608976251348631060 : Checking image 2 border top 643
1608976251348665061 : Checking image 2 border bottom 131
1608976251348697861 : Checking image 2 border left 221
1608976251348730661 : Checking image 2 border right 221

</system-out><system-err>--------------------------------- Captured Err ---------------------------------

</system-err></testcase><testcase classname="tests.test_features" name="test_mock_stop_at_5" time="40.773"><system-out>--------------------------------- Captured Log ---------------------------------

--------------------------------- Captured Out ---------------------------------
/home/runner/work/ocr-book/ocr-book/tests/0001_5.png
separation double page angle 90.5528088189967
separation double page y=0 2485
page rotation 1 0.75
page rotation 2 0.2
image 1 crop x1 330
image 1 crop y1 336
image 1 crop x2 2343
image 1 crop y2 3223
image 2 crop x1 169
image 2 crop y1 648
image 2 crop x2 2186
image 2 crop y2 3361
image 1 dpi 300
image 1 border top 333
image 1 border bottom 266
image 1 border left 223
image 1 border right 223
image 2 dpi 300
image 2 border top 643
image 2 border bottom 131
image 2 border left 221
image 2 border right 221

</system-out><system-err>--------------------------------- Captured Err ---------------------------------

</system-err></testcase><testcase classname="tests.test_images" name="test_black_border_not_removed_png" time="57.813"><system-out>--------------------------------- Captured Log ---------------------------------

--------------------------------- Captured Out ---------------------------------
/home/runner/work/ocr-book/ocr-book/tests/black-border-not-removed.png
1608976283765691215 : Checking separation double page angle 90.033171103531
1608976283765796116 : Checking separation double page y=0 2455
1608976289426409171 : Checking page rotation 1 0.0
1608976298902678104 : Checking page rotation 2 0.0
1608976303344095953 : Checking image 1 crop x1 297
1608976303344224354 : Checking image 1 crop y1 143
1608976303344263354 : Checking image 1 crop x2 2309
1608976303344298554 : Checking image 1 crop y2 3346
1608976309131549437 : Checking image 2 crop x1 159
1608976309131672738 : Checking image 2 crop y1 145
1608976309131712238 : Checking image 2 crop x2 2171
1608976309131749338 : Checking image 2 crop y2 3352
1608976309167395867 : Checking image 1 dpi 300
1608976309167499568 : Checking image 1 border top 132
1608976309167533168 : Checking image 1 border bottom 152
1608976309167562668 : Checking image 1 border left 224
1608976309167592568 : Checking image 1 border right 224
1608976309170356586 : Checking image 2 dpi 300
1608976309170445486 : Checking image 2 border top 132
1608976309170481487 : Checking image 2 border bottom 148
1608976309170514087 : Checking image 2 border left 224
1608976309170547087 : Checking image 2 border right 224

</system-out><system-err>--------------------------------- Captured Err ---------------------------------

</system-err></testcase><testcase classname="tests.test_images" name="test_2_pages_2_contours_png" time="33.327"><system-out>--------------------------------- Captured Log ---------------------------------

--------------------------------- Captured Out ---------------------------------
/home/runner/work/ocr-book/ocr-book/tests/2-pages-2-contours.png
1608976288193706288 : Checking separation double page angle 90.09036871657068
1608976288193827788 : Checking separation double page y=0 2486
1608976290309327517 : Checking page rotation 1 0.05
1608976296413916362 : Checking page rotation 2 0.30000000000000004
1608976298233065715 : Checking image 1 crop x1 1189
1608976298233175915 : Checking image 1 crop y1 1751
1608976298233213215 : Checking image 1 crop x2 1190
1608976298233246316 : Checking image 1 crop y2 1752
1608976301724992682 : Checking image 2 crop x1 101
1608976301725115483 : Checking image 2 crop y1 240
1608976301725154283 : Checking image 2 crop x2 2148
1608976301725190283 : Checking image 2 crop y2 3239
1608976301758380396 : Checking image 1 dpi 300
1608976301758476396 : Checking image 1 border top 1752
1608976301758512596 : Checking image 1 border bottom 1753
1608976301758545697 : Checking image 1 border left 1239
1608976301758577997 : Checking image 1 border right 1239
1608976301759792705 : Checking image 2 dpi 300
1608976301759872905 : Checking image 2 border top 230
1608976301759906505 : Checking image 2 border bottom 258
1608976301759938906 : Checking image 2 border left 206
1608976301759971306 : Checking image 2 border right 206

</system-out><system-err>--------------------------------- Captured Err ---------------------------------

</system-err></testcase><testcase classname="tests.test_images" name="test_wrong_split_line_png" time="39.888"><system-out>--------------------------------- Captured Log ---------------------------------

--------------------------------- Captured Out ---------------------------------
/home/runner/work/ocr-book/ocr-book/tests/wrong_split_line.png
1608976326504778967 : Checking separation double page angle 89.93395720607973
1608976326504885268 : Checking separation double page y=0 2465
1608976331218973933 : Checking page rotation 1 -0.14999999999999067
1608976336589607399 : Checking page rotation 2 0.5
1608976339013893133 : Checking image 1 crop x1 213
1608976339014017734 : Checking image 1 crop y1 157
1608976339014056135 : Checking image 1 crop x2 2323
1608976339014091735 : Checking image 1 crop y2 3362
1608976341608431342 : Checking image 2 crop x1 125
1608976341608556843 : Checking image 2 crop y1 165
1608976341608595943 : Checking image 2 crop x2 2237
1608976341608631443 : Checking image 2 crop y2 3374
1608976341643956572 : Checking image 1 dpi 300
1608976341644068973 : Checking image 1 border top 134
1608976341644108973 : Checking image 1 border bottom 148
1608976341644145373 : Checking image 1 border left 175
1608976341644180174 : Checking image 1 border right 175
1608976341645943785 : Checking image 2 dpi 300
1608976341646019786 : Checking image 2 border top 143
1608976341646053686 : Checking image 2 border bottom 135
1608976341646088886 : Checking image 2 border left 174
1608976341646121786 : Checking image 2 border right 174

</system-out><system-err>--------------------------------- Captured Err ---------------------------------

</system-err></testcase><testcase classname="tests.test_images" name="test_image_failed_to_rotate_png" time="59.110"><system-out>--------------------------------- Captured Log ---------------------------------

--------------------------------- Captured Out ---------------------------------
/home/runner/work/ocr-book/ocr-book/tests/image_failed_to_rotate.png
1608976340046841425 : Checking separation double page angle 90.13063640287984
1608976340046941526 : Checking separation double page y=0 2479
1608976344786378456 : Checking page rotation 1 0.35
1608976351958969348 : Checking page rotation 2 0.45
1608976362933940457 : Checking image 1 crop x1 34
1608976362934068858 : Checking image 1 crop y1 1
1608976362934111859 : Checking image 1 crop x2 2477
1608976362934150459 : Checking image 1 crop y2 3500
1608976368132300957 : Checking image 2 crop x1 167
1608976368132410658 : Checking image 2 crop y1 234
1608976368132444558 : Checking image 2 crop x2 2246
1608976368132475659 : Checking image 2 crop y2 3355
1608976368173476226 : Checking image 1 dpi 300
1608976368173577927 : Checking image 1 border top 4
1608976368173616628 : Checking image 1 border bottom 4
1608976368173650328 : Checking image 1 border left 19
1608976368173683229 : Checking image 1 border right 19
1608976368176085256 : Checking image 2 dpi 300
1608976368176177057 : Checking image 2 border top 218
1608976368176214558 : Checking image 2 border bottom 148
1608976368176260758 : Checking image 2 border left 190
1608976368176293658 : Checking image 2 border right 190

</system-out><system-err>--------------------------------- Captured Err ---------------------------------

</system-err></testcase><testcase classname="tests.test_images" name="test_crop_too_much_png" time="68.762"><system-out>--------------------------------- Captured Log ---------------------------------

--------------------------------- Captured Out ---------------------------------
/home/runner/work/ocr-book/ocr-book/tests/crop_too_much.png
1608976382047490439 : Checking separation double page angle 90.13239409272954
1608976382047606740 : Checking separation double page y=0 2455
1608976391665848339 : Checking page rotation 1 0.0
1608976401175459056 : Checking page rotation 2 0.45
1608976405819405361 : Checking image 1 crop x1 303
1608976405819541463 : Checking image 1 crop y1 148
1608976405819580663 : Checking image 1 crop x2 2313
1608976405819615464 : Checking image 1 crop y2 3351
1608976410343292853 : Checking image 2 crop x1 168
1608976410343451055 : Checking image 2 crop y1 155
1608976410343490755 : Checking image 2 crop x2 2179
1608976410343527255 : Checking image 2 crop y2 3359
1608976410391705606 : Checking image 1 dpi 300
1608976410391814407 : Checking image 1 border top 132
1608976410391851008 : Checking image 1 border bottom 152
1608976410391883908 : Checking image 1 border left 225
1608976410391916609 : Checking image 1 border right 225
1608976410393569827 : Checking image 2 dpi 300
1608976410393643128 : Checking image 2 border top 140
1608976410393677029 : Checking image 2 border bottom 143
1608976410393710029 : Checking image 2 border left 224
1608976410393742229 : Checking image 2 border right 224

</system-out><system-err>--------------------------------- Captured Err ---------------------------------

</system-err></testcase><testcase classname="tests.test_images" name="test_image_failed_to_crop_data_png" time="56.639"><system-out>--------------------------------- Captured Log ---------------------------------

--------------------------------- Captured Out ---------------------------------
/home/runner/work/ocr-book/ocr-book/tests/image_failed_to_crop_data.png
1608976398054836288 : Checking separation double page angle 90.053197600644
1608976398054942489 : Checking separation double page y=0 2480
1608976403501051750 : Checking page rotation 1 0.2
1608976408554425005 : Checking page rotation 2 0.0
1608976420340870543 : Checking image 1 crop x1 47
1608976420341005544 : Checking image 1 crop y1 7
1608976420341047945 : Checking image 1 crop x2 2478
1608976420341084545 : Checking image 1 crop y2 3502
1608976424819134449 : Checking image 2 crop x1 160
1608976424819268150 : Checking image 2 crop y1 217
1608976424819310151 : Checking image 2 crop x2 2242
1608976424819388452 : Checking image 2 crop y2 3350
1608976424852177227 : Checking image 1 dpi 300
1608976424852292528 : Checking image 1 border top 6
1608976424852331829 : Checking image 1 border bottom 6
1608976424852364829 : Checking image 1 border left 25
1608976424852397230 : Checking image 1 border right 25
1608976424854925558 : Checking image 2 dpi 300
1608976424855020660 : Checking image 2 border top 206
1608976424855055860 : Checking image 2 border bottom 148
1608976424855088760 : Checking image 2 border left 189
1608976424855121861 : Checking image 2 border right 189

</system-out><system-err>--------------------------------- Captured Err ---------------------------------

</system-err></testcase><testcase classname="tests.test_images" name="test_crop_too_few_png" time="41.798"><system-out>--------------------------------- Captured Log ---------------------------------

--------------------------------- Captured Out ---------------------------------
/home/runner/work/ocr-book/ocr-book/tests/crop_too_few.png
1608976435483312732 : Checking separation double page angle 89.54670238452755
1608976435483442433 : Checking separation double page y=0 2512
1608976441308262153 : Checking page rotation 1 -0.6499999999999977
1608976446732729524 : Checking page rotation 2 0.0
1608976449554715419 : Checking image 1 crop x1 263
1608976449554842620 : Checking image 1 crop y1 150
1608976449554881521 : Checking image 1 crop x2 2377
1608976449554916021 : Checking image 1 crop y2 3357
1608976452184255084 : Checking image 2 crop x1 137
1608976452184370886 : Checking image 2 crop y1 141
1608976452184405086 : Checking image 2 crop x2 2259
1608976452184436986 : Checking image 2 crop y2 3345
1608976452215988946 : Checking image 1 dpi 300
1608976452216096147 : Checking image 1 border top 129
1608976452216127848 : Checking image 1 border bottom 150
1608976452216157148 : Checking image 1 border left 173
1608976452216185348 : Checking image 1 border right 173
1608976452217780266 : Checking image 2 dpi 300
1608976452217843867 : Checking image 2 border top 130
1608976452217874268 : Checking image 2 border bottom 153
1608976452217902268 : Checking image 2 border left 169
1608976452217930268 : Checking image 2 border right 169

</system-out><system-err>--------------------------------- Captured Err ---------------------------------

</system-err></testcase><testcase classname="tests.test_images" name="test_wrong_angle_split_line_png" time="66.486"><system-out>--------------------------------- Captured Log ---------------------------------

--------------------------------- Captured Out ---------------------------------
/home/runner/work/ocr-book/ocr-book/tests/wrong_angle_split_line.png
1608976457058799094 : Checking separation double page angle 90.09193420006348
1608976457058920096 : Checking separation double page y=0 2478
1608976464534176788 : Checking page rotation 1 0.05
1608976472573666547 : Checking page rotation 2 0.0
1608976485262267506 : Checking image 1 crop x1 58
1608976485262402107 : Checking image 1 crop y1 7
1608976485262440708 : Checking image 1 crop x2 2472
1608976485262477608 : Checking image 1 crop y2 3505
1608976490495309585 : Checking image 2 crop x1 163
1608976490495486887 : Checking image 2 crop y1 217
1608976490495521687 : Checking image 2 crop x2 2246
1608976490495553287 : Checking image 2 crop y2 3350
1608976490660011592 : Checking image 1 dpi 300
1608976490660128394 : Checking image 1 border top 5
1608976490660168994 : Checking image 1 border bottom 5
1608976490660201894 : Checking image 1 border left 33
1608976490660239395 : Checking image 1 border right 33
1608976490666954473 : Checking image 2 dpi 300
1608976490667049974 : Checking image 2 border top 206
1608976490667085074 : Checking image 2 border bottom 148
1608976490667118075 : Checking image 2 border left 188
1608976490667150875 : Checking image 2 border right 188

</system-out><system-err>--------------------------------- Captured Err ---------------------------------

</system-err></testcase><testcase classname="tests.test_images" name="test_crop_too_much_2_png" time="76.612"><system-out>--------------------------------- Captured Log ---------------------------------

--------------------------------- Captured Out ---------------------------------
/home/runner/work/ocr-book/ocr-book/tests/crop_too_much_2.png
1608976495804401878 : Checking separation double page angle 90.1149074900787
1608976495804515079 : Checking separation double page y=0 2478
1608976507415548599 : Checking page rotation 1 0.2
1608976518474484489 : Checking page rotation 2 0.2
1608976522900142531 : Checking image 1 crop x1 332
1608976522900283032 : Checking image 1 crop y1 131
1608976522900325133 : Checking image 1 crop x2 2342
1608976522900362333 : Checking image 1 crop y2 3336
1608976528737839066 : Checking image 2 crop x1 162
1608976528737977768 : Checking image 2 crop y1 139
1608976528738018768 : Checking image 2 crop x2 2175
1608976528738056768 : Checking image 2 crop y2 3345
1608976528791265583 : Checking image 1 dpi 300
1608976528791418085 : Checking image 1 border top 119
1608976528791460686 : Checking image 1 border bottom 163
1608976528791497086 : Checking image 1 border left 225
1608976528791532686 : Checking image 1 border right 225
1608976528793438709 : Checking image 2 dpi 300
1608976528793534810 : Checking image 2 border top 130
1608976528793571410 : Checking image 2 border bottom 151
1608976528793606210 : Checking image 2 border left 223
1608976528793640711 : Checking image 2 border right 223

</system-out><system-err>--------------------------------- Captured Err ---------------------------------

</system-err></testcase><testcase classname="tests.test_images" name="test_angle_page_lower_split_line_png" time="50.526"><system-out>--------------------------------- Captured Log ---------------------------------

--------------------------------- Captured Out ---------------------------------
/home/runner/work/ocr-book/ocr-book/tests/angle_page_lower_split_line.png
1608976522012010637 : Checking separation double page angle 89.74927707086691
1608976522012121438 : Checking separation double page y=0 2474
1608976529278786918 : Checking page rotation 1 -0.4000000000000005
1608976535398917656 : Checking page rotation 2 0.2
1608976538640583491 : Checking image 1 crop x1 244
1608976538640716393 : Checking image 1 crop y1 160
1608976538640755293 : Checking image 1 crop x2 2350
1608976538640791394 : Checking image 1 crop y2 3365
1608976541901344484 : Checking image 2 crop x1 150
1608976541901484286 : Checking image 2 crop y1 147
1608976541901526586 : Checking image 2 crop x2 2257
1608976541901565286 : Checking image 2 crop y2 3350
1608976541939156623 : Checking image 1 dpi 300
1608976541939267525 : Checking image 1 border top 144
1608976541939305925 : Checking image 1 border bottom 138
1608976541939365026 : Checking image 1 border left 177
1608976541939398526 : Checking image 1 border right 177
1608976541941862955 : Checking image 2 dpi 300
1608976541941951156 : Checking image 2 border top 130
1608976541941986156 : Checking image 2 border bottom 154
1608976541942019057 : Checking image 2 border left 176
1608976541942052057 : Checking image 2 border right 176

</system-out><system-err>--------------------------------- Captured Err ---------------------------------

</system-err></testcase><testcase classname="tests.test_images" name="test_wrong_split_line_2_png" time="79.260"><system-out>--------------------------------- Captured Log ---------------------------------

--------------------------------- Captured Out ---------------------------------
/home/runner/work/ocr-book/ocr-book/tests/wrong_split_line_2.png
1608976570019054040 : Checking separation double page angle 90.19944704411863
1608976570019163641 : Checking separation double page y=0 2437
1608976579542696160 : Checking page rotation 1 0.2
1608976591788604695 : Checking page rotation 2 0.4
1608976598616799412 : Checking image 1 crop x1 294
1608976598616923414 : Checking image 1 crop y1 136
1608976598616960014 : Checking image 1 crop x2 2325
1608976598616994415 : Checking image 1 crop y2 3376
1608976608018178930 : Checking image 2 crop x1 140
1608976608018302831 : Checking image 2 crop y1 192
1608976608018341732 : Checking image 2 crop x2 2167
1608976608018375432 : Checking image 2 crop y2 3386
1608976608066898692 : Checking image 1 dpi 300
1608976608067010094 : Checking image 1 border top 131
1608976608067046894 : Checking image 1 border bottom 116
1608976608067079994 : Checking image 1 border left 214
1608976608067112395 : Checking image 1 border right 214
1608976608068836815 : Checking image 2 dpi 300
1608976608068919016 : Checking image 2 border top 183
1608976608068954916 : Checking image 2 border bottom 110
1608976608068989416 : Checking image 2 border left 216
1608976608069023517 : Checking image 2 border right 216

</system-out><system-err>--------------------------------- Captured Err ---------------------------------

</system-err></testcase><testcase classname="tests.test_images" name="test_wrong_wave_split_line_png" time="75.806"><system-out>--------------------------------- Captured Log ---------------------------------

--------------------------------- Captured Out ---------------------------------
/home/runner/work/ocr-book/ocr-book/tests/wrong_wave_split_line.png
1608976580841675584 : Checking separation double page angle 90.37878604107719
1608976580841779385 : Checking separation double page y=0 2500
1608976591342236444 : Checking page rotation 1 -0.14999999999999067
1608976600361037546 : Checking page rotation 2 0.85
1608976608903742949 : Checking image 1 crop x1 385
1608976608903872351 : Checking image 1 crop y1 179
1608976608903911251 : Checking image 1 crop x2 2411
1608976608903946251 : Checking image 1 crop y2 3374
1608976617678956345 : Checking image 2 crop x1 8
1608976617679103246 : Checking image 2 crop y1 0
1608976617679142647 : Checking image 2 crop x2 2415
1608976617679179247 : Checking image 2 crop y2 3505
1608976617731807256 : Checking image 1 dpi 300
1608976617731908357 : Checking image 1 border top 173
1608976617731941357 : Checking image 1 border bottom 119
1608976617731971058 : Checking image 1 border left 217
1608976617731999958 : Checking image 1 border right 217
1608976617734442586 : Checking image 2 dpi 300
1608976617734533987 : Checking image 2 border top 1
1608976617734572788 : Checking image 2 border bottom 1
1608976617734605188 : Checking image 2 border left 37
1608976617734637888 : Checking image 2 border right 37

</system-out><system-err>--------------------------------- Captured Err ---------------------------------

</system-err></testcase><testcase classname="tests.test_images" name="test_small_wave_png" time="68.537"><system-out>--------------------------------- Captured Log ---------------------------------

--------------------------------- Captured Out ---------------------------------
/home/runner/work/ocr-book/ocr-book/tests/small_wave.png
1608976651403058458 : Checking separation double page angle 90.58816928841564
1608976651403167760 : Checking separation double page y=0 2497
1608976662083025549 : Checking page rotation 1 0.65
1608976670676437183 : Checking page rotation 2 0.75
1608976673664125413 : Checking image 1 crop x1 320
1608976673664263114 : Checking image 1 crop y1 199
1608976673664304915 : Checking image 1 crop x2 2353
1608976673664341615 : Checking image 1 crop y2 3394
1608976676567389676 : Checking image 2 crop x1 132
1608976676567516978 : Checking image 2 crop y1 224
1608976676567556178 : Checking image 2 crop x2 2160
1608976676567591078 : Checking image 2 crop y2 3419
1608976676608326149 : Checking image 1 dpi 300
1608976676608429051 : Checking image 1 border top 179
1608976676608465951 : Checking image 1 border bottom 112
1608976676608499051 : Checking image 1 border left 213
1608976676608531552 : Checking image 1 border right 213
1608976676610185671 : Checking image 2 dpi 300
1608976676610258772 : Checking image 2 border top 197
1608976676610292472 : Checking image 2 border bottom 95
1608976676610324772 : Checking image 2 border left 216
1608976676610357373 : Checking image 2 border right 216

</system-out><system-err>--------------------------------- Captured Err ---------------------------------

</system-err></testcase><testcase classname="tests.test_images" name="test_no_split_line_line_algo_png" time="51.322"><system-out>--------------------------------- Captured Log ---------------------------------

--------------------------------- Captured Out ---------------------------------
/home/runner/work/ocr-book/ocr-book/tests/no_split_line_line_algo.png
1608976647077150011 : Checking separation double page angle 89.47691469185418
1608976647077251913 : Checking separation double page y=0 2476
1608976651661642650 : Checking page rotation 1 -0.14999999999999067
1608976661795332404 : Checking page rotation 2 -0.44999999999999746
1608976664464583909 : Checking image 1 crop x1 205
1608976664464721111 : Checking image 1 crop y1 158
1608976664464763511 : Checking image 1 crop x2 2320
1608976664464803412 : Checking image 1 crop y2 3366
1608976669019944943 : Checking image 2 crop x1 185
1608976669020082645 : Checking image 2 crop y1 221
1608976669020124445 : Checking image 2 crop x2 2201
1608976669020162745 : Checking image 2 crop y2 3366
1608976669065597670 : Checking image 1 dpi 300
1608976669065715972 : Checking image 1 border top 144
1608976669065756172 : Checking image 1 border bottom 134
1608976669065792373 : Checking image 1 border left 172
1608976669065827673 : Checking image 1 border right 172
1608976669068502804 : Checking image 2 dpi 300
1608976669068604905 : Checking image 2 border top 219
1608976669068642206 : Checking image 2 border bottom 123
1608976669068677306 : Checking image 2 border left 222
1608976669068712306 : Checking image 2 border right 222

</system-out><system-err>--------------------------------- Captured Err ---------------------------------

</system-err></testcase><testcase classname="tests.test_images" name="test_failed_split_line_line_algo_png" time="27.506"><system-out>--------------------------------- Captured Log ---------------------------------

--------------------------------- Captured Out ---------------------------------
/home/runner/work/ocr-book/ocr-book/tests/failed_split_line_line_algo.png
1608976686732094597 : Checking separation double page angle 90.04134220573248
1608976686732220599 : Checking separation double page y=0 2573
1608976690240903049 : Checking page rotation 1 -0.14999999999999067
1608976692544842468 : Checking page rotation 2 0.0
1608976694978178282 : Checking image 1 crop x1 407
1608976694978313784 : Checking image 1 crop y1 2925
1608976694978355984 : Checking image 1 crop x2 2419
1608976694978393185 : Checking image 1 crop y2 3174
1608976696602546757 : Checking image 2 crop x1 1184
1608976696602661858 : Checking image 2 crop y1 1748
1608976696602700358 : Checking image 2 crop x2 1185
1608976696602734859 : Checking image 2 crop y2 1749
1608976696602998862 : Checking image 1 dpi 300
1608976696603080763 : Checking image 1 border top 2922
1608976696603117763 : Checking image 1 border bottom 316
1608976696603153264 : Checking image 1 border left 224
1608976696603188364 : Checking image 1 border right 224
1608976696604607580 : Checking image 2 dpi 300
1608976696604692181 : Checking image 2 border top 1752
1608976696604730182 : Checking image 2 border bottom 1753
1608976696604765482 : Checking image 2 border left 1239
1608976696604803383 : Checking image 2 border right 1239

</system-out><system-err>--------------------------------- Captured Err ---------------------------------

</system-err></testcase><testcase classname="tests.test_images" name="test_wrong_split_line_3_png" time="54.757"><system-out>--------------------------------- Captured Log ---------------------------------

--------------------------------- Captured Out ---------------------------------
/home/runner/work/ocr-book/ocr-book/tests/wrong_split_line_3.png
1608976709093184780 : Checking separation double page angle 90.43729500214694
1608976709093297281 : Checking separation double page y=0 2498
1608976718858798722 : Checking page rotation 1 0.30000000000000004
1608976724845291095 : Checking page rotation 2 0.9
1608976728399932867 : Checking image 1 crop x1 331
1608976728400051568 : Checking image 1 crop y1 165
1608976728400094368 : Checking image 1 crop x2 2375
1608976728400132669 : Checking image 1 crop y2 3376
1608976731340110625 : Checking image 2 crop x1 102
1608976731340233226 : Checking image 2 crop y1 208
1608976731340274727 : Checking image 2 crop x2 2133
1608976731340312227 : Checking image 2 crop y2 3413
1608976731380525892 : Checking image 1 dpi 300
1608976731380631693 : Checking image 1 border top 157
1608976731380671593 : Checking image 1 border bottom 119
1608976731380706694 : Checking image 1 border left 208
1608976731380741194 : Checking image 1 border right 208
1608976731382404713 : Checking image 2 dpi 300
1608976731382476714 : Checking image 2 border top 187
1608976731382512114 : Checking image 2 border bottom 95
1608976731382546915 : Checking image 2 border left 214
1608976731382580915 : Checking image 2 border right 214

</system-out><system-err>--------------------------------- Captured Err ---------------------------------

</system-err></testcase><testcase classname="tests.test_images" name="test_failed_split_line_line_algo_2_png" time="64.014"><system-out>--------------------------------- Captured Log ---------------------------------

--------------------------------- Captured Out ---------------------------------
/home/runner/work/ocr-book/ocr-book/tests/failed_split_line_line_algo_2.png
1608976733794374871 : Checking separation double page angle 90.03068774449687
1608976733794483072 : Checking separation double page y=0 2500
1608976745077602351 : Checking page rotation 1 0.0
1608976753977473798 : Checking page rotation 2 0.6000000000000001
1608976757162129128 : Checking image 1 crop x1 272
1608976757162273930 : Checking image 1 crop y1 149
1608976757162315530 : Checking image 1 crop x2 2383
1608976757162352431 : Checking image 1 crop y2 3353
1608976760546442267 : Checking image 2 crop x1 121
1608976760546570468 : Checking image 2 crop y1 155
1608976760546611969 : Checking image 2 crop x2 2244
1608976760546650969 : Checking image 2 crop y2 3350
1608976760591002382 : Checking image 1 dpi 300
1608976760591102883 : Checking image 1 border top 138
1608976760591142684 : Checking image 1 border bottom 145
1608976760591178784 : Checking image 1 border left 174
1608976760591214484 : Checking image 1 border right 174
1608976760593441210 : Checking image 2 dpi 300
1608976760593518211 : Checking image 2 border top 136
1608976760593553111 : Checking image 2 border bottom 156
1608976760593586412 : Checking image 2 border left 168
1608976760593619212 : Checking image 2 border right 168

</system-out><system-err>--------------------------------- Captured Err ---------------------------------

</system-err></testcase><testcase classname="tests.test_images" name="test_crop_too_much_3_png" time="64.138"><system-out>--------------------------------- Captured Log ---------------------------------

--------------------------------- Captured Out ---------------------------------
/home/runner/work/ocr-book/ocr-book/tests/crop_too_much_3.png
1608976768611742620 : Checking separation double page angle 89.49330634783144
1608976768611857021 : Checking separation double page y=0 2498
1608976776932316564 : Checking page rotation 1 -0.8999999999999949
1608976787280635088 : Checking page rotation 2 -0.14999999999999067
1608976791195182025 : Checking image 1 crop x1 374
1608976791195307726 : Checking image 1 crop y1 258
1608976791195382627 : Checking image 1 crop x2 2385
1608976791195419727 : Checking image 1 crop y2 3459
1608976795469911474 : Checking image 2 crop x1 168
1608976795470023475 : Checking image 2 crop y1 228
1608976795470061775 : Checking image 2 crop x2 2181
1608976795470097976 : Checking image 2 crop y2 3417
1608976795516933118 : Checking image 1 dpi 300
1608976795517034919 : Checking image 1 border top 239
1608976795517071119 : Checking image 1 border bottom 47
1608976795517104220 : Checking image 1 border left 224
1608976795517137320 : Checking image 1 border right 224
1608976795518778939 : Checking image 2 dpi 300
1608976795518853340 : Checking image 2 border top 209
1608976795518887440 : Checking image 2 border bottom 89
1608976795518920041 : Checking image 2 border left 223
1608976795518952141 : Checking image 2 border right 223

</system-out><system-err>--------------------------------- Captured Err ---------------------------------

</system-err></testcase><testcase classname="tests.test_images" name="test_wrong_wave_split_line_2_png" time="67.737"><system-out>--------------------------------- Captured Log ---------------------------------

--------------------------------- Captured Out ---------------------------------
/home/runner/work/ocr-book/ocr-book/tests/wrong_wave_split_line_2.png
1608976799322493154 : Checking separation double page angle 90.7708958311329
1608976799322603056 : Checking separation double page y=0 2490
1608976808137375953 : Checking page rotation 1 0.4
1608976818103115135 : Checking page rotation 2 1.8
1608976821691886313 : Checking image 1 crop x1 224
1608976821692022114 : Checking image 1 crop y1 147
1608976821692064215 : Checking image 1 crop x2 2337
1608976821692103215 : Checking image 1 crop y2 3355
1608976828271857768 : Checking image 2 crop x1 107
1608976828271989869 : Checking image 2 crop y1 197
1608976828272031170 : Checking image 2 crop x2 2229
1608976828272069870 : Checking image 2 crop y2 3396
1608976828323923370 : Checking image 1 dpi 300
1608976828324025971 : Checking image 1 border top 137
1608976828324065871 : Checking image 1 border bottom 142
1608976828324101572 : Checking image 1 border left 173
1608976828324136672 : Checking image 1 border right 173
1608976828326155496 : Checking image 2 dpi 300
1608976828326231996 : Checking image 2 border top 171
1608976828326269197 : Checking image 2 border bottom 116
1608976828326307097 : Checking image 2 border left 169
1608976828326342898 : Checking image 2 border right 169

</system-out><system-err>--------------------------------- Captured Err ---------------------------------

</system-err></testcase><testcase classname="tests.test_images" name="test_wrong_wave_split_line_3_png" time="59.537"><system-out>--------------------------------- Captured Log ---------------------------------

--------------------------------- Captured Out ---------------------------------
/home/runner/work/ocr-book/ocr-book/tests/wrong_wave_split_line_3.png
1608976831811940189 : Checking separation double page angle 90.05826063695574
1608976831812049790 : Checking separation double page y=0 2514
1608976841186037066 : Checking page rotation 1 0.05
1608976848450018043 : Checking page rotation 2 0.30000000000000004
1608976851949449806 : Checking image 1 crop x1 273
1608976851949558907 : Checking image 1 crop y1 220
1608976851949612908 : Checking image 1 crop x2 2383
1608976851949648908 : Checking image 1 crop y2 3423
1608976855021151524 : Checking image 2 crop x1 114
1608976855021272925 : Checking image 2 crop y1 226
1608976855021314326 : Checking image 2 crop x2 2237
1608976855021350626 : Checking image 2 crop y2 3414
1608976855062713604 : Checking image 1 dpi 300
1608976855062832006 : Checking image 1 border top 202
1608976855062871206 : Checking image 1 border bottom 82
1608976855062906707 : Checking image 1 border left 175
1608976855062941507 : Checking image 1 border right 175
1608976855064651327 : Checking image 2 dpi 300
1608976855064736128 : Checking image 2 border top 207
1608976855064772228 : Checking image 2 border bottom 92
1608976855064806629 : Checking image 2 border left 168
1608976855064841629 : Checking image 2 border right 168

</system-out><system-err>--------------------------------- Captured Err ---------------------------------

</system-err></testcase><testcase classname="tests.test_images" name="test_no_split_line_wave_algo_png" time="68.453"><system-out>--------------------------------- Captured Log ---------------------------------

--------------------------------- Captured Out ---------------------------------
/home/runner/work/ocr-book/ocr-book/tests/no_split_line_wave_algo.png
1608976863192818489 : Checking separation double page angle 89.72500000000001
1608976863192931391 : Checking separation double page y=0 2484
1608976869363525471 : Checking page rotation 1 0.0
1608976877377327458 : Checking page rotation 2 -0.49999999999999434
1608976887647918408 : Checking image 1 crop x1 97
1608976887648006509 : Checking image 1 crop y1 79
1608976887648045210 : Checking image 1 crop x2 2494
1608976887648082110 : Checking image 1 crop y2 3505
1608976896694442380 : Checking image 2 crop x1 163
1608976896694565781 : Checking image 2 crop y1 266
1608976896694606081 : Checking image 2 crop x2 2238
1608976896694640182 : Checking image 2 crop y2 3381
1608976896738757292 : Checking image 1 dpi 300
1608976896738873093 : Checking image 1 border top 41
1608976896738910494 : Checking image 1 border bottom 41
1608976896738943894 : Checking image 1 border left 42
1608976896738976394 : Checking image 1 border right 42
1608976896742075830 : Checking image 2 dpi 300
1608976896742183931 : Checking image 2 border top 258
1608976896742221332 : Checking image 2 border bottom 114
1608976896742256232 : Checking image 2 border left 192
1608976896742291233 : Checking image 2 border right 192

</system-out><system-err>--------------------------------- Captured Err ---------------------------------

</system-err></testcase><testcase classname="tests.test_images" name="test_no_split_line_wave_algo_2_png" time="51.575"><system-out>--------------------------------- Captured Log ---------------------------------

--------------------------------- Captured Out ---------------------------------
/home/runner/work/ocr-book/ocr-book/tests/no_split_line_wave_algo_2.png
1608976884566348983 : Checking separation double page angle 90.54999999999998
1608976884566462685 : Checking separation double page y=0 2478
1608976892326440689 : Checking page rotation 1 1.1500000000000001
1608976900365969215 : Checking page rotation 2 0.2
1608976903618034803 : Checking image 1 crop x1 266
1608976903618161104 : Checking image 1 crop y1 209
1608976903618202205 : Checking image 1 crop x2 2342
1608976903618238505 : Checking image 1 crop y2 3413
1608976906600184835 : Checking image 2 crop x1 168
1608976906600310236 : Checking image 2 crop y1 241
1608976906600351437 : Checking image 2 crop x2 2251
1608976906600388437 : Checking image 2 crop y2 3433
1608976906642778427 : Checking image 1 dpi 300
1608976906642898528 : Checking image 1 border top 191
1608976906642938028 : Checking image 1 border bottom 92
1608976906642973229 : Checking image 1 border left 192
1608976906643007829 : Checking image 1 border right 192
1608976906644804650 : Checking image 2 dpi 300
1608976906644892851 : Checking image 2 border top 224
1608976906644930451 : Checking image 2 border bottom 71
1608976906644966052 : Checking image 2 border left 188
1608976906645000652 : Checking image 2 border right 188

</system-out><system-err>--------------------------------- Captured Err ---------------------------------

</system-err></testcase><testcase classname="tests.test_images" name="test_crop_too_few_2_png" time="49.693"><system-out>--------------------------------- Captured Log ---------------------------------

--------------------------------- Captured Out ---------------------------------
/home/runner/work/ocr-book/ocr-book/tests/crop_too_few_2.png
1608976927370049329 : Checking separation double page angle 90.30476192320097
1608976927370156830 : Checking separation double page y=0 2531
1608976933648255384 : Checking page rotation 1 1.2000000000000002
1608976939349452666 : Checking page rotation 2 -0.04999999999999689
1608976942755450919 : Checking image 1 crop x1 287
1608976942755581920 : Checking image 1 crop y1 165
1608976942755623021 : Checking image 1 crop x2 2398
1608976942755661221 : Checking image 1 crop y2 3368
1608976946457681248 : Checking image 2 crop x1 149
1608976946457812050 : Checking image 2 crop y1 189
1608976946457852150 : Checking image 2 crop x2 2273
1608976946457892351 : Checking image 2 crop y2 3386
1608976946496924284 : Checking image 1 dpi 300
1608976946497037885 : Checking image 1 border top 157
1608976946497077685 : Checking image 1 border bottom 127
1608976946497113686 : Checking image 1 border left 174
1608976946497149086 : Checking image 1 border right 174
1608976946500145319 : Checking image 2 dpi 300
1608976946500246120 : Checking image 2 border top 181
1608976946500283421 : Checking image 2 border bottom 109
1608976946500318521 : Checking image 2 border left 168
1608976946500353822 : Checking image 2 border right 168

</system-out><system-err>--------------------------------- Captured Err ---------------------------------

</system-err></testcase><testcase classname="tests.test_images" name="test_failed_detect_rectangle_png" time="61.246"><system-out>--------------------------------- Captured Log ---------------------------------

--------------------------------- Captured Out ---------------------------------
/home/runner/work/ocr-book/ocr-book/tests/failed_detect_rectangle.png
1608976941879140494 : Checking separation double page angle 90.19837516213148
1608976941879249195 : Checking separation double page y=0 2474
1608976950763977963 : Checking page rotation 1 0.2
1608976961108209554 : Checking page rotation 2 0.2
1608976964456510035 : Checking image 1 crop x1 257
1608976964456633336 : Checking image 1 crop y1 201
1608976964456676437 : Checking image 1 crop x2 2333
1608976964456715737 : Checking image 1 crop y2 3402
1608976967831579427 : Checking image 2 crop x1 136
1608976967831705329 : Checking image 2 crop y1 215
1608976967831747429 : Checking image 2 crop x2 2219
1608976967831784129 : Checking image 2 crop y2 3406
1608976967881840408 : Checking image 1 dpi 300
1608976967881951909 : Checking image 1 border top 188
1608976967881990409 : Checking image 1 border bottom 97
1608976967882025610 : Checking image 1 border left 192
1608976967882060510 : Checking image 1 border right 192
1608976967883774930 : Checking image 2 dpi 300
1608976967883856631 : Checking image 2 border top 200
1608976967883892631 : Checking image 2 border bottom 95
1608976967883927032 : Checking image 2 border left 188
1608976967883961232 : Checking image 2 border right 188

</system-out><system-err>--------------------------------- Captured Err ---------------------------------

</system-err></testcase><testcase classname="tests.test_images" name="test_single_page_png" time="26.560"><system-out>--------------------------------- Captured Log ---------------------------------

--------------------------------- Captured Out ---------------------------------
/home/runner/work/ocr-book/ocr-book/tests/single_page.png
1608976957938539794 : Checking separation double page angle 90.04999999999998
1608976957938666295 : Checking separation double page y=0 2476
1608976963421184774 : Checking page rotation 1 0.0
1608976964035698273 : Checking page rotation 2 0.0
1608976972044145747 : Checking image 1 crop x1 1
1608976972044233648 : Checking image 1 crop y1 8
1608976972044272449 : Checking image 1 crop x2 2470
1608976972044309449 : Checking image 1 crop y2 3505
1608976972681354307 : Checking image 2 crop x1 0
1608976972681428108 : Checking image 2 crop y1 0
1608976972681462908 : Checking image 2 crop x2 0
1608976972681495909 : Checking image 2 crop y2 0
1608976972681568909 : Checking image 1 dpi 300
1608976972681640910 : Checking image 1 border top 5
1608976972681676911 : Checking image 1 border bottom 5
1608976972681711711 : Checking image 1 border left 6
1608976972681746311 : Checking image 1 border right 6
1608976972687650480 : Checking image 2 border top 0
1608976972687720480 : Checking image 2 border bottom 0
1608976972687755081 : Checking image 2 border left 0
1608976972687789881 : Checking image 2 border right 0

</system-out><system-err>--------------------------------- Captured Err ---------------------------------

</system-err></testcase><testcase classname="tests.test_images" name="test_no_split_line_wave_algo_3_png" time="19.256"><system-out>--------------------------------- Captured Log ---------------------------------

--------------------------------- Captured Out ---------------------------------
/home/runner/work/ocr-book/ocr-book/tests/no_split_line_wave_algo_3.png
1608976979046685060 : Checking separation double page angle 90.14999999999998
1608976979046806361 : Checking separation double page y=0 2408
1608976981953654612 : Checking page rotation 1 0.0
1608976982346306201 : Checking page rotation 2 0.35
1608976986621825036 : Checking image 1 crop x1 184
1608976986621930337 : Checking image 1 crop y1 2957
1608976986621969637 : Checking image 1 crop x2 2201
1608976986622004137 : Checking image 1 crop y2 3202
1608976987133792787 : Checking image 2 crop x1 0
1608976987133861787 : Checking image 2 crop y1 0
1608976987133894287 : Checking image 2 crop x2 0
1608976987133924987 : Checking image 2 crop y2 0
1608976987134000188 : Checking image 1 dpi 300
1608976987134064588 : Checking image 1 border top 2950
1608976987134098689 : Checking image 1 border bottom 292
1608976987134130889 : Checking image 1 border left 221
1608976987134163389 : Checking image 1 border right 221
1608976987139816526 : Checking image 2 border top 0
1608976987139877826 : Checking image 2 border bottom 0
1608976987139911027 : Checking image 2 border left 0
1608976987139944527 : Checking image 2 border right 0

</system-out><system-err>--------------------------------- Captured Err ---------------------------------

</system-err></testcase><testcase classname="tests.test_images" name="test_wrong_split_line_4_png" time="30.547"><system-out>--------------------------------- Captured Log ---------------------------------

--------------------------------- Captured Out ---------------------------------
/home/runner/work/ocr-book/ocr-book/tests/wrong_split_line_4.png
1608976990108271954 : Checking separation double page angle 91.04999999999998
1608976990108384055 : Checking separation double page y=0 60
1608976990398081551 : Checking page rotation 1 1.05
1608976998651974606 : Checking page rotation 2 1.1500000000000001
1608976999240920459 : Checking image 1 crop x1 0
1608976999240991659 : Checking image 1 crop y1 0
1608976999241027259 : Checking image 1 crop x2 0
1608976999241061459 : Checking image 1 crop y2 0
1608977003602111526 : Checking image 2 crop x1 292
1608977003602227227 : Checking image 2 crop y1 330
1608977003602266327 : Checking image 2 crop x2 2314
1608977003602301828 : Checking image 2 crop y2 3218
1608977003649747625 : Checking image 1 border top 0
1608977003649819525 : Checking image 1 border bottom 0
1608977003649857326 : Checking image 1 border left 0
1608977003649893226 : Checking image 1 border right 0
1608977003649957026 : Checking image 2 dpi 300
1608977003650034927 : Checking image 2 border top 322
1608977003650071627 : Checking image 2 border bottom 277
1608977003650106327 : Checking image 2 border left 219
1608977003650141527 : Checking image 2 border right 219

</system-out><system-err>--------------------------------- Captured Err ---------------------------------

</system-err></testcase><testcase classname="tests.test_images" name="test_failed_split_line_line_algo_3_png" time="25.264"><system-out>--------------------------------- Captured Log ---------------------------------

--------------------------------- Captured Out ---------------------------------
/home/runner/work/ocr-book/ocr-book/tests/failed_split_line_line_algo_3.png
1608977000894713355 : Checking separation double page angle 90.0
1608977000894830156 : Checking separation double page y=0 40
1608977001078507607 : Checking page rotation 1 0.0
1608977005368634800 : Checking page rotation 2 0.0
1608977005780320680 : Checking image 1 crop x1 0
1608977005780385881 : Checking image 1 crop y1 0
1608977005780417781 : Checking image 1 crop x2 0
1608977005780448081 : Checking image 1 crop y2 0
1608977012435509038 : Checking image 2 crop x1 246
1608977012435618039 : Checking image 2 crop y1 154
1608977012435657239 : Checking image 2 crop x2 2259
1608977012435692539 : Checking image 2 crop y2 3361
1608977012476395489 : Checking image 1 border top 0
1608977012476468989 : Checking image 1 border bottom 0
1608977012476504589 : Checking image 1 border left 0
1608977012476541489 : Checking image 1 border right 0
1608977012476596690 : Checking image 2 dpi 300
1608977012476676990 : Checking image 2 border top 146
1608977012476712791 : Checking image 2 border bottom 134
1608977012476746991 : Checking image 2 border left 223
1608977012476781091 : Checking image 2 border right 223

</system-out><system-err>--------------------------------- Captured Err ---------------------------------

</system-err></testcase></testsuite></testsuites>