<?xml version="1.0" encoding="utf-8"?><testsuites><testsuite errors="0" failures="0" hostname="fv-az75-704" name="pytest" skipped="0" tests="36" time="399.616" timestamp="2021-05-12T12:53:19.194283"><testcase classname="tests.test_features" name="test_disabled_enable_debug" time="23.250"><system-out>--------------------------------- Captured Log ---------------------------------

--------------------------------- Captured Out ---------------------------------
/home/runner/work/diptych/diptych/tests/0001_debug.png
separation double page angle 90.55756528497216
separation double page y=0 2484
page rotation 1 0.65
page rotation 2 0.2
image 1 crop x1 329
image 1 crop y1 335
image 1 crop x2 2344
image 1 crop y2 3222
image 2 crop x1 171
image 2 crop y1 648
image 2 crop x2 2188
image 2 crop y2 3361
image 1 dpi 300
image 1 border top 327
image 1 border bottom 273
image 1 border left 222
image 1 border right 222
image 2 dpi 300
image 2 border top 643
image 2 border bottom 131
image 2 border left 221
image 2 border right 221

</system-out><system-err>--------------------------------- Captured Err ---------------------------------

</system-err></testcase><testcase classname="tests.test_features" name="test_mock_stop_at_0" time="0.048"><system-out>--------------------------------- Captured Log ---------------------------------

--------------------------------- Captured Out ---------------------------------
/home/runner/work/diptych/diptych/tests/0001_0.png

</system-out><system-err>--------------------------------- Captured Err ---------------------------------

</system-err></testcase><testcase classname="tests.test_features" name="test_mock_stop_at_2" time="16.524"><system-out>--------------------------------- Captured Log ---------------------------------

--------------------------------- Captured Out ---------------------------------
/home/runner/work/diptych/diptych/tests/0001_2.png
separation double page angle 90.55756528497216
separation double page y=0 2484
page rotation 1 0.65
page rotation 2 0.2

</system-out><system-err>--------------------------------- Captured Err ---------------------------------

</system-err></testcase><testcase classname="tests.test_features" name="test_mock_stop_at_4" time="22.540"><system-out>--------------------------------- Captured Log ---------------------------------

--------------------------------- Captured Out ---------------------------------
/home/runner/work/diptych/diptych/tests/0001_4.png
separation double page angle 90.55756528497216
separation double page y=0 2484
page rotation 1 0.65
page rotation 2 0.2
image 1 crop x1 329
image 1 crop y1 335
image 1 crop x2 2344
image 1 crop y2 3222
image 2 crop x1 171
image 2 crop y1 648
image 2 crop x2 2188
image 2 crop y2 3361
image 1 dpi 300
image 1 border top 326
image 1 border bottom 274
image 1 border left 222
image 1 border right 222
image 2 dpi 300
image 2 border top 643
image 2 border bottom 131
image 2 border left 221
image 2 border right 221

</system-out><system-err>--------------------------------- Captured Err ---------------------------------

</system-err></testcase><testcase classname="tests.test_features" name="test_mock_stop_at_1" time="13.071"><system-out>--------------------------------- Captured Log ---------------------------------

--------------------------------- Captured Out ---------------------------------
/home/runner/work/diptych/diptych/tests/0001_1.png
separation double page angle 90.55756528497216
separation double page y=0 2484

</system-out><system-err>--------------------------------- Captured Err ---------------------------------

</system-err></testcase><testcase classname="tests.test_features" name="test_mock_stop_at_3" time="22.521"><system-out>--------------------------------- Captured Log ---------------------------------

--------------------------------- Captured Out ---------------------------------
/home/runner/work/diptych/diptych/tests/0001_3.png
separation double page angle 90.55756528497216
separation double page y=0 2484
page rotation 1 0.65
page rotation 2 0.2
image 1 crop x1 329
image 1 crop y1 335
image 1 crop x2 2344
image 1 crop y2 3222
image 2 crop x1 171
image 2 crop y1 648
image 2 crop x2 2188
image 2 crop y2 3361

</system-out><system-err>--------------------------------- Captured Err ---------------------------------

</system-err></testcase><testcase classname="tests.test_images" name="test_0001_png" time="20.803"><system-out>--------------------------------- Captured Log ---------------------------------

--------------------------------- Captured Out ---------------------------------
/home/runner/work/diptych/diptych/tests/0001.png
1620824051690790794 : Checking separation double page angle 90.55756528497216
1620824051690948595 : Checking separation double page y=0 2484
1620824052849870829 : Checking page rotation 1 0.65
1620824054296037554 : Checking page rotation 2 0.2
1620824057389367775 : Checking image 1 crop x1 329
1620824057389565976 : Checking image 1 crop y1 335
1620824057389610476 : Checking image 1 crop x2 2344
1620824057389645677 : Checking image 1 crop y2 3222
1620824060218446214 : Checking image 2 crop x1 171
1620824060218589915 : Checking image 2 crop y1 648
1620824060218651415 : Checking image 2 crop x2 2188
1620824060218709016 : Checking image 2 crop y2 3361
1620824060218913717 : Checking image 1 dpi 300
1620824060218985017 : Checking image 1 border top 326
1620824060219021218 : Checking image 1 border bottom 274
1620824060219071818 : Checking image 1 border left 222
1620824060219120818 : Checking image 1 border right 222
1620824060222255837 : Checking image 2 dpi 300
1620824060222336437 : Checking image 2 border top 643
1620824060222370838 : Checking image 2 border bottom 131
1620824060222402038 : Checking image 2 border left 221
1620824060222432938 : Checking image 2 border right 221

</system-out><system-err>--------------------------------- Captured Err ---------------------------------

</system-err></testcase><testcase classname="tests.test_features" name="test_mock_stop_at_5" time="22.695"><system-out>--------------------------------- Captured Log ---------------------------------

--------------------------------- Captured Out ---------------------------------
/home/runner/work/diptych/diptych/tests/0001_5.png
separation double page angle 90.55756528497216
separation double page y=0 2484
page rotation 1 0.65
page rotation 2 0.2
image 1 crop x1 329
image 1 crop y1 335
image 1 crop x2 2344
image 1 crop y2 3222
image 2 crop x1 171
image 2 crop y1 648
image 2 crop x2 2188
image 2 crop y2 3361
image 1 dpi 300
image 1 border top 326
image 1 border bottom 274
image 1 border left 222
image 1 border right 222
image 2 dpi 300
image 2 border top 643
image 2 border bottom 131
image 2 border left 221
image 2 border right 221

</system-out><system-err>--------------------------------- Captured Err ---------------------------------

</system-err></testcase><testcase classname="tests.test_images" name="test_black_border_not_removed_png" time="22.931"><system-out>--------------------------------- Captured Log ---------------------------------

--------------------------------- Captured Out ---------------------------------
/home/runner/work/diptych/diptych/tests/black-border-not-removed.png
1620824071898323745 : Checking separation double page angle 90.01516396500199
1620824071898510746 : Checking separation double page y=0 2455
1620824073077004196 : Checking page rotation 1 0.0
1620824074658750445 : Checking page rotation 2 0.1
1620824077714933459 : Checking image 1 crop x1 297
1620824077715043460 : Checking image 1 crop y1 143
1620824077715084060 : Checking image 1 crop x2 2309
1620824077715122261 : Checking image 1 crop y2 3346
1620824083143015255 : Checking image 2 crop x1 154
1620824083143127255 : Checking image 2 crop y1 144
1620824083143171756 : Checking image 2 crop x2 2168
1620824083143241556 : Checking image 2 crop y2 3351
1620824083143422157 : Checking image 1 dpi 300
1620824083143499158 : Checking image 1 border top 131
1620824083143570858 : Checking image 1 border bottom 153
1620824083143610758 : Checking image 1 border left 224
1620824083143649759 : Checking image 1 border right 224
1620824083146858478 : Checking image 2 dpi 300
1620824083146936978 : Checking image 2 border top 133
1620824083146978879 : Checking image 2 border bottom 147
1620824083147033979 : Checking image 2 border left 223
1620824083147072179 : Checking image 2 border right 223

</system-out><system-err>--------------------------------- Captured Err ---------------------------------

</system-err></testcase><testcase classname="tests.test_images" name="test_2_pages_2_contours_png" time="15.892"><system-out>--------------------------------- Captured Log ---------------------------------

--------------------------------- Captured Out ---------------------------------
/home/runner/work/diptych/diptych/tests/2-pages-2-contours.png
1620824092199718924 : Checking separation double page angle 90.14230271514262
1620824092199891225 : Checking separation double page y=0 2488
1620824092841035416 : Checking page rotation 1 0.0
1620824094006011195 : Checking page rotation 2 0.2
1620824094963860057 : Checking image 1 crop x1 1189
1620824094963977658 : Checking image 1 crop y1 1751
1620824094964017558 : Checking image 1 crop x2 1190
1620824094964053158 : Checking image 1 crop y2 1752
1620824097743915900 : Checking image 2 crop x1 100
1620824097744063000 : Checking image 2 crop y1 240
1620824097744102901 : Checking image 2 crop x2 2148
1620824097744139201 : Checking image 2 crop y2 3240
1620824097744297801 : Checking image 1 dpi 300
1620824097744375602 : Checking image 1 border top 1752
1620824097744407502 : Checking image 1 border bottom 1753
1620824097744438302 : Checking image 1 border left 1239
1620824097744471402 : Checking image 1 border right 1239
1620824097746298611 : Checking image 2 dpi 300
1620824097746385611 : Checking image 2 border top 230
1620824097746416212 : Checking image 2 border bottom 256
1620824097746444612 : Checking image 2 border left 206
1620824097746473012 : Checking image 2 border right 206

</system-out><system-err>--------------------------------- Captured Err ---------------------------------

</system-err></testcase><testcase classname="tests.test_images" name="test_image_failed_to_rotate_png" time="28.408"><system-out>--------------------------------- Captured Log ---------------------------------

--------------------------------- Captured Out ---------------------------------
/home/runner/work/diptych/diptych/tests/image_failed_to_rotate.png
1620824098178066768 : Checking separation double page angle 90.35651650869968
1620824098178221568 : Checking separation double page y=0 2483
1620824100185894732 : Checking page rotation 1 0.45
1620824101461276693 : Checking page rotation 2 0.2
1620824107343412799 : Checking image 1 crop x1 31
1620824107343557000 : Checking image 1 crop y1 1
1620824107343621300 : Checking image 1 crop x2 2481
1620824107343682701 : Checking image 1 crop y2 3504
1620824111463589012 : Checking image 2 crop x1 171
1620824111463731513 : Checking image 2 crop y1 231
1620824111463771313 : Checking image 2 crop x2 2259
1620824111463809813 : Checking image 2 crop y2 3358
1620824111463975414 : Checking image 1 dpi 300
1620824111464225916 : Checking image 1 border top 2
1620824111464273116 : Checking image 1 border bottom 2
1620824111464312116 : Checking image 1 border left 15
1620824111464351016 : Checking image 1 border right 15
1620824111467400834 : Checking image 2 dpi 300
1620824111467464435 : Checking image 2 border top 217
1620824111467501835 : Checking image 2 border bottom 143
1620824111467534335 : Checking image 2 border left 186
1620824111467566135 : Checking image 2 border right 186

</system-out><system-err>--------------------------------- Captured Err ---------------------------------

</system-err></testcase><testcase classname="tests.test_images" name="test_wrong_split_line_png" time="18.722"><system-out>--------------------------------- Captured Log ---------------------------------

--------------------------------- Captured Out ---------------------------------
/home/runner/work/diptych/diptych/tests/wrong_split_line.png
1620824110276182408 : Checking separation double page angle 89.95895720607972
1620824110276307609 : Checking separation double page y=0 2466
1620824111447944420 : Checking page rotation 1 -0.04999999999999689
1620824112512620200 : Checking page rotation 2 0.45
1620824114061720537 : Checking image 1 crop x1 211
1620824114061878538 : Checking image 1 crop y1 156
1620824114061920438 : Checking image 1 crop x2 2323
1620824114061976339 : Checking image 1 crop y2 3363
1620824116455653158 : Checking image 2 crop x1 123
1620824116455783859 : Checking image 2 crop y1 164
1620824116455828459 : Checking image 2 crop x2 2237
1620824116455871559 : Checking image 2 crop y2 3375
1620824116456059160 : Checking image 1 dpi 300
1620824116456137661 : Checking image 1 border top 135
1620824116456179061 : Checking image 1 border bottom 145
1620824116456234061 : Checking image 1 border left 174
1620824116456275062 : Checking image 1 border right 174
1620824116459264979 : Checking image 2 dpi 300
1620824116459417380 : Checking image 2 border top 141
1620824116459467580 : Checking image 2 border bottom 135
1620824116459505181 : Checking image 2 border left 173
1620824116459543681 : Checking image 2 border right 173

</system-out><system-err>--------------------------------- Captured Err ---------------------------------

</system-err></testcase><testcase classname="tests.test_images" name="test_image_failed_to_crop_data_png" time="40.698"><system-out>--------------------------------- Captured Log ---------------------------------

--------------------------------- Captured Out ---------------------------------
/home/runner/work/diptych/diptych/tests/image_failed_to_crop_data.png
1620824131155949678 : Checking separation double page angle 90.09350257645173
1620824131156308980 : Checking separation double page y=0 2479
1620824136161158651 : Checking page rotation 1 0.15000000000000002
1620824137558847940 : Checking page rotation 2 0.05
1620824148450058034 : Checking image 1 crop x1 46
1620824148450184835 : Checking image 1 crop y1 1
1620824148450262535 : Checking image 1 crop x2 2477
1620824148450302436 : Checking image 1 crop y2 3505
1620824152200016453 : Checking image 2 crop x1 164
1620824152200122054 : Checking image 2 crop y1 217
1620824152200163454 : Checking image 2 crop x2 2245
1620824152200201254 : Checking image 2 crop y2 3350
1620824152200434155 : Checking image 1 dpi 300
1620824152200525856 : Checking image 1 border top 2
1620824152200582056 : Checking image 1 border bottom 2
1620824152200614456 : Checking image 1 border left 25
1620824152200646957 : Checking image 1 border right 25
1620824152204027476 : Checking image 2 dpi 300
1620824152204093077 : Checking image 2 border top 206
1620824152204127277 : Checking image 2 border bottom 148
1620824152204158577 : Checking image 2 border left 189
1620824152204189777 : Checking image 2 border right 189

</system-out><system-err>--------------------------------- Captured Err ---------------------------------

</system-err></testcase><testcase classname="tests.test_images" name="test_crop_too_much_png" time="26.642"><system-out>--------------------------------- Captured Log ---------------------------------

--------------------------------- Captured Out ---------------------------------
/home/runner/work/diptych/diptych/tests/crop_too_much.png
1620824130904515288 : Checking separation double page angle 90.16929865985193
1620824130904617989 : Checking separation double page y=0 2456
1620824132697425911 : Checking page rotation 1 -0.04999999999999689
1620824134331018396 : Checking page rotation 2 0.2
1620824138030734739 : Checking image 1 crop x1 302
1620824138030868240 : Checking image 1 crop y1 148
1620824138030912640 : Checking image 1 crop x2 2314
1620824138030952740 : Checking image 1 crop y2 3351
1620824143072728139 : Checking image 2 crop x1 163
1620824143072856939 : Checking image 2 crop y1 151
1620824143072900140 : Checking image 2 crop x2 2187
1620824143072941040 : Checking image 2 crop y2 3363
1620824143073104941 : Checking image 1 dpi 300
1620824143073181541 : Checking image 1 border top 133
1620824143073219742 : Checking image 1 border bottom 151
1620824143073255442 : Checking image 1 border left 224
1620824143073293042 : Checking image 1 border right 224
1620824143076727363 : Checking image 2 dpi 300
1620824143076796263 : Checking image 2 border top 132
1620824143076830163 : Checking image 2 border bottom 143
1620824143076860863 : Checking image 2 border left 218
1620824143076891864 : Checking image 2 border right 218

</system-out><system-err>--------------------------------- Captured Err ---------------------------------

</system-err></testcase><testcase classname="tests.test_images" name="test_crop_too_few_png" time="18.622"><system-out>--------------------------------- Captured Log ---------------------------------

--------------------------------- Captured Out ---------------------------------
/home/runner/work/diptych/diptych/tests/crop_too_few.png
1620824155578757682 : Checking separation double page angle 89.49492328400886
1620824155578873382 : Checking separation double page y=0 2510
1620824156550199783 : Checking page rotation 1 -0.6499999999999977
1620824157731681631 : Checking page rotation 2 0.0
1620824160049477735 : Checking image 1 crop x1 263
1620824160049614035 : Checking image 1 crop y1 150
1620824160049654436 : Checking image 1 crop x2 2377
1620824160049691036 : Checking image 1 crop y2 3357
1620824161736925611 : Checking image 2 crop x1 139
1620824161737065312 : Checking image 2 crop y1 141
1620824161737107312 : Checking image 2 crop x2 2261
1620824161737147613 : Checking image 2 crop y2 3345
1620824161737328314 : Checking image 1 dpi 300
1620824161737397714 : Checking image 1 border top 129
1620824161737433214 : Checking image 1 border bottom 150
1620824161737466814 : Checking image 1 border left 173
1620824161737503215 : Checking image 1 border right 173
1620824161740074530 : Checking image 2 dpi 300
1620824161740137830 : Checking image 2 border top 130
1620824161740173030 : Checking image 2 border bottom 153
1620824161740206331 : Checking image 2 border left 169
1620824161740239531 : Checking image 2 border right 169

</system-out><system-err>--------------------------------- Captured Err ---------------------------------

</system-err></testcase><testcase classname="tests.test_images" name="test_wrong_angle_split_line_png" time="25.697"><system-out>--------------------------------- Captured Log ---------------------------------

--------------------------------- Captured Out ---------------------------------
/home/runner/work/diptych/diptych/tests/wrong_angle_split_line.png
1620824163044659743 : Checking separation double page angle 90.08791528895468
1620824163044784544 : Checking separation double page y=0 2478
1620824164488909482 : Checking page rotation 1 0.1
1620824165800438637 : Checking page rotation 2 0.1
1620824171940689052 : Checking image 1 crop x1 58
1620824171940811353 : Checking image 1 crop y1 6
1620824171940872753 : Checking image 1 crop x2 2476
1620824171940941254 : Checking image 1 crop y2 3501
1620824177206731080 : Checking image 2 crop x1 166
1620824177206864281 : Checking image 2 crop y1 218
1620824177206913581 : Checking image 2 crop x2 2244
1620824177206971782 : Checking image 2 crop y2 3349
1620824177207158783 : Checking image 1 dpi 300
1620824177207314084 : Checking image 1 border top 6
1620824177207370184 : Checking image 1 border bottom 6
1620824177207426384 : Checking image 1 border left 31
1620824177207461785 : Checking image 1 border right 31
1620824177215999435 : Checking image 2 dpi 300
1620824177216104635 : Checking image 2 border top 209
1620824177216139936 : Checking image 2 border bottom 147
1620824177216171836 : Checking image 2 border left 191
1620824177216203136 : Checking image 2 border right 191

</system-out><system-err>--------------------------------- Captured Err ---------------------------------

</system-err></testcase><testcase classname="tests.test_images" name="test_crop_too_much_2_png" time="26.976"><system-out>--------------------------------- Captured Log ---------------------------------

--------------------------------- Captured Out ---------------------------------
/home/runner/work/diptych/diptych/tests/crop_too_much_2.png
1620824177546995182 : Checking separation double page angle 90.15285326123045
1620824177547101683 : Checking separation double page y=0 2477
1620824179244902772 : Checking page rotation 1 0.15000000000000002
1620824181205031804 : Checking page rotation 2 0.2
1620824184462877699 : Checking image 1 crop x1 330
1620824184463003000 : Checking image 1 crop y1 132
1620824184463044300 : Checking image 1 crop x2 2342
1620824184463081401 : Checking image 1 crop y2 3335
1620824188681369058 : Checking image 2 crop x1 165
1620824188681514559 : Checking image 2 crop y1 139
1620824188681566459 : Checking image 2 crop x2 2178
1620824188681605059 : Checking image 2 crop y2 3345
1620824188681792560 : Checking image 1 dpi 300
1620824188681864361 : Checking image 1 border top 121
1620824188681901561 : Checking image 1 border bottom 163
1620824188681937361 : Checking image 1 border left 224
1620824188681975461 : Checking image 1 border right 224
1620824188684672577 : Checking image 2 dpi 300
1620824188684743778 : Checking image 2 border top 129
1620824188684782378 : Checking image 2 border bottom 152
1620824188684817678 : Checking image 2 border left 223
1620824188684853378 : Checking image 2 border right 223

</system-out><system-err>--------------------------------- Captured Err ---------------------------------

</system-err></testcase><testcase classname="tests.test_images" name="test_angle_page_lower_split_line_png" time="27.113"><system-out>--------------------------------- Captured Log ---------------------------------

--------------------------------- Captured Out ---------------------------------
/home/runner/work/diptych/diptych/tests/angle_page_lower_split_line.png
1620824195966969832 : Checking separation double page angle 89.74412725181848
1620824195967098033 : Checking separation double page y=0 2472
1620824197663706213 : Checking page rotation 1 -0.14999999999999067
1620824199289899459 : Checking page rotation 2 0.1
1620824201181779964 : Checking image 1 crop x1 241
1620824201181934665 : Checking image 1 crop y1 156
1620824201182031265 : Checking image 1 crop x2 2357
1620824201182074166 : Checking image 1 crop y2 3368
1620824205090742110 : Checking image 2 crop x1 151
1620824205090851110 : Checking image 2 crop y1 146
1620824205090892110 : Checking image 2 crop x2 2261
1620824205090932511 : Checking image 2 crop y2 3351
1620824205091095512 : Checking image 1 dpi 300
1620824205091161612 : Checking image 1 border top 140
1620824205091261513 : Checking image 1 border bottom 135
1620824205091294513 : Checking image 1 border left 172
1620824205091325713 : Checking image 1 border right 172
1620824205093901728 : Checking image 2 dpi 300
1620824205093994529 : Checking image 2 border top 131
1620824205094027429 : Checking image 2 border bottom 151
1620824205094058129 : Checking image 2 border left 175
1620824205094088329 : Checking image 2 border right 175

</system-out><system-err>--------------------------------- Captured Err ---------------------------------

</system-err></testcase><testcase classname="tests.test_images" name="test_wrong_split_line_2_png" time="35.267"><system-out>--------------------------------- Captured Log ---------------------------------

--------------------------------- Captured Out ---------------------------------
/home/runner/work/diptych/diptych/tests/wrong_split_line_2.png
1620824206053443666 : Checking separation double page angle 90.23635161124103
1620824206053601567 : Checking separation double page y=0 2437
1620824207999597809 : Checking page rotation 1 0.2
1620824209807741840 : Checking page rotation 2 0.2
1620824215868655382 : Checking image 1 crop x1 294
1620824215868892983 : Checking image 1 crop y1 136
1620824215868965784 : Checking image 1 crop x2 2325
1620824215869057784 : Checking image 1 crop y2 3376
1620824223964062150 : Checking image 2 crop x1 138
1620824223964179351 : Checking image 2 crop y1 190
1620824223964219651 : Checking image 2 crop x2 2174
1620824223964274051 : Checking image 2 crop y2 3389
1620824223964421652 : Checking image 1 dpi 300
1620824223964491553 : Checking image 1 border top 131
1620824223964526453 : Checking image 1 border bottom 116
1620824223964560253 : Checking image 1 border left 214
1620824223964595653 : Checking image 1 border right 214
1620824223967620371 : Checking image 2 dpi 300
1620824223967684071 : Checking image 2 border top 181
1620824223967719672 : Checking image 2 border bottom 107
1620824223967753172 : Checking image 2 border left 212
1620824223967787072 : Checking image 2 border right 212

</system-out><system-err>--------------------------------- Captured Err ---------------------------------

</system-err></testcase><testcase classname="tests.test_images" name="test_wrong_wave_split_line_png" time="32.860"><system-out>--------------------------------- Captured Log ---------------------------------

--------------------------------- Captured Out ---------------------------------
/home/runner/work/diptych/diptych/tests/wrong_wave_split_line.png
1620824222121835976 : Checking separation double page angle 90.42461655762611
1620824222121959077 : Checking separation double page y=0 2502
1620824223771270012 : Checking page rotation 1 -0.09999999999999377
1620824225151578959 : Checking page rotation 2 0.85
1620824231411466899 : Checking image 1 crop x1 384
1620824231411579100 : Checking image 1 crop y1 178
1620824231411619600 : Checking image 1 crop x2 2412
1620824231411656900 : Checking image 1 crop y2 3374
1620824237946643954 : Checking image 2 crop x1 7
1620824237946773354 : Checking image 2 crop y1 0
1620824237946815155 : Checking image 2 crop x2 2411
1620824237946856255 : Checking image 2 crop y2 3505
1620824237947002956 : Checking image 1 dpi 300
1620824237947075756 : Checking image 1 border top 173
1620824237947113356 : Checking image 1 border bottom 118
1620824237947147657 : Checking image 1 border left 216
1620824237947206857 : Checking image 1 border right 216
1620824237949984873 : Checking image 2 dpi 300
1620824237950057174 : Checking image 2 border top 1
1620824237950094174 : Checking image 2 border bottom 1
1620824237950128474 : Checking image 2 border left 38
1620824237950162074 : Checking image 2 border right 38

</system-out><system-err>--------------------------------- Captured Err ---------------------------------

</system-err></testcase><testcase classname="tests.test_images" name="test_small_wave_png" time="23.707"><system-out>--------------------------------- Captured Log ---------------------------------

--------------------------------- Captured Out ---------------------------------
/home/runner/work/diptych/diptych/tests/small_wave.png
1620824240451934392 : Checking separation double page angle 90.56494929955075
1620824240452064693 : Checking separation double page y=0 2495
1620824242152296564 : Checking page rotation 1 0.7
1620824243604103363 : Checking page rotation 2 0.65
1620824245234207918 : Checking image 1 crop x1 322
1620824245234336519 : Checking image 1 crop y1 199
1620824245234378719 : Checking image 1 crop x2 2351
1620824245234417319 : Checking image 1 crop y2 3394
1620824247674170060 : Checking image 2 crop x1 130
1620824247674288161 : Checking image 2 crop y1 222
1620824247674328161 : Checking image 2 crop x2 2163
1620824247674383762 : Checking image 2 crop y2 3420
1620824247674540763 : Checking image 1 dpi 300
1620824247674625863 : Checking image 1 border top 181
1620824247674661263 : Checking image 1 border bottom 111
1620824247674695764 : Checking image 1 border left 215
1620824247674729764 : Checking image 1 border right 215
1620824247677633881 : Checking image 2 dpi 300
1620824247677691081 : Checking image 2 border top 197
1620824247677724981 : Checking image 2 border bottom 92
1620824247677756582 : Checking image 2 border left 213
1620824247677788182 : Checking image 2 border right 213

</system-out><system-err>--------------------------------- Captured Err ---------------------------------

</system-err></testcase><testcase classname="tests.test_images" name="test_no_split_line_line_algo_png" time="21.663"><system-out>--------------------------------- Captured Log ---------------------------------

--------------------------------- Captured Out ---------------------------------
/home/runner/work/diptych/diptych/tests/no_split_line_line_algo.png
1620824250440940109 : Checking separation double page angle 89.47691469185418
1620824250441068110 : Checking separation double page y=0 2476
1620824251572515854 : Checking page rotation 1 -0.14999999999999067
1620824253016136532 : Checking page rotation 2 -0.14999999999999067
1620824255076466150 : Checking image 1 crop x1 205
1620824255076574050 : Checking image 1 crop y1 158
1620824255076613951 : Checking image 1 crop x2 2320
1620824255076651851 : Checking image 1 crop y2 3366
1620824259627499548 : Checking image 2 crop x1 185
1620824259627603148 : Checking image 2 crop y1 225
1620824259627642249 : Checking image 2 crop x2 2204
1620824259627679449 : Checking image 2 crop y2 3362
1620824259627852550 : Checking image 1 dpi 300
1620824259627919750 : Checking image 1 border top 144
1620824259627954250 : Checking image 1 border bottom 134
1620824259627985151 : Checking image 1 border left 172
1620824259628015051 : Checking image 1 border right 172
1620824259630516065 : Checking image 2 dpi 300
1620824259630586765 : Checking image 2 border top 223
1620824259630618466 : Checking image 2 border bottom 127
1620824259630647966 : Checking image 2 border left 220
1620824259630677166 : Checking image 2 border right 220

</system-out><system-err>--------------------------------- Captured Err ---------------------------------

</system-err></testcase><testcase classname="tests.test_images" name="test_wrong_split_line_3_png" time="24.790"><system-out>--------------------------------- Captured Log ---------------------------------

--------------------------------- Captured Out ---------------------------------
/home/runner/work/diptych/diptych/tests/wrong_split_line_3.png
1620824261462833313 : Checking separation double page angle 90.40515247895009
1620824261462936813 : Checking separation double page y=0 2495
1620824262835232069 : Checking page rotation 1 0.2
1620824263992008365 : Checking page rotation 2 0.85
1620824266185853953 : Checking image 1 crop x1 331
1620824266185974054 : Checking image 1 crop y1 166
1620824266186013454 : Checking image 1 crop x2 2377
1620824266186051154 : Checking image 1 crop y2 3375
1620824272489144894 : Checking image 2 crop x1 103
1620824272489253794 : Checking image 2 crop y1 207
1620824272489291895 : Checking image 2 crop x2 2136
1620824272489328895 : Checking image 2 crop y2 3414
1620824272489496796 : Checking image 1 dpi 300
1620824272489568996 : Checking image 1 border top 158
1620824272489605197 : Checking image 1 border bottom 120
1620824272489640197 : Checking image 1 border left 207
1620824272489675197 : Checking image 1 border right 207
1620824272492407013 : Checking image 2 dpi 300
1620824272492478313 : Checking image 2 border top 199
1620824272492513714 : Checking image 2 border bottom 81
1620824272492545814 : Checking image 2 border left 213
1620824272492578014 : Checking image 2 border right 213

</system-out><system-err>--------------------------------- Captured Err ---------------------------------

</system-err></testcase><testcase classname="tests.test_images" name="test_failed_split_line_line_algo_png" time="16.240"><system-out>--------------------------------- Captured Log ---------------------------------

--------------------------------- Captured Out ---------------------------------
/home/runner/work/diptych/diptych/tests/failed_split_line_line_algo.png
1620824269837515907 : Checking separation double page angle 90.0093502548779
1620824269837633508 : Checking separation double page y=0 2574
1620824270653921506 : Checking page rotation 1 0.0
1620824271253646231 : Checking page rotation 2 0.0
1620824273985467689 : Checking image 1 crop x1 411
1620824273985577190 : Checking image 1 crop y1 2927
1620824273985617890 : Checking image 1 crop x2 2422
1620824273985655590 : Checking image 1 crop y2 3172
1620824275893142503 : Checking image 2 crop x1 1191
1620824275893264904 : Checking image 2 crop y1 1745
1620824275893302104 : Checking image 2 crop x2 1192
1620824275893336504 : Checking image 2 crop y2 1746
1620824275893553305 : Checking image 1 dpi 300
1620824275893751706 : Checking image 1 border top 2920
1620824275893800807 : Checking image 1 border bottom 322
1620824275893836807 : Checking image 1 border left 224
1620824275893891707 : Checking image 1 border right 224
1620824275895884519 : Checking image 2 dpi 300
1620824275895942119 : Checking image 2 border top 1752
1620824275895977720 : Checking image 2 border bottom 1753
1620824275896011320 : Checking image 2 border left 1239
1620824275896047020 : Checking image 2 border right 1239

</system-out><system-err>--------------------------------- Captured Err ---------------------------------

</system-err></testcase><testcase classname="tests.test_images" name="test_crop_too_much_3_png" time="21.121"><system-out>--------------------------------- Captured Log ---------------------------------

--------------------------------- Captured Out ---------------------------------
/home/runner/work/diptych/diptych/tests/crop_too_much_3.png
1620824284731769419 : Checking separation double page angle 89.5934556679346
1620824284731896820 : Checking separation double page y=0 2499
1620824285955931057 : Checking page rotation 1 -0.8999999999999949
1620824287643843946 : Checking page rotation 2 -0.04999999999999689
1620824290898057210 : Checking image 1 crop x1 374
1620824290898176611 : Checking image 1 crop y1 258
1620824290898213411 : Checking image 1 crop x2 2385
1620824290898246311 : Checking image 1 crop y2 3459
1620824293610266600 : Checking image 2 crop x1 164
1620824293610424501 : Checking image 2 crop y1 229
1620824293610466702 : Checking image 2 crop x2 2183
1620824293610506302 : Checking image 2 crop y2 3416
1620824293610668603 : Checking image 1 dpi 300
1620824293610742303 : Checking image 1 border top 239
1620824293610779403 : Checking image 1 border bottom 46
1620824293610815004 : Checking image 1 border left 224
1620824293610851304 : Checking image 1 border right 224
1620824293614008122 : Checking image 2 dpi 300
1620824293614104423 : Checking image 2 border top 210
1620824293614143123 : Checking image 2 border bottom 90
1620824293614178323 : Checking image 2 border left 220
1620824293614213124 : Checking image 2 border right 220

</system-out><system-err>--------------------------------- Captured Err ---------------------------------

</system-err></testcase><testcase classname="tests.test_images" name="test_failed_split_line_line_algo_2_png" time="22.687"><system-out>--------------------------------- Captured Log ---------------------------------

--------------------------------- Captured Out ---------------------------------
/home/runner/work/diptych/diptych/tests/failed_split_line_line_algo_2.png
1620824289812016148 : Checking separation double page angle 90.03732329462368
1620824289812136349 : Checking separation double page y=0 2499
1620824291425928103 : Checking page rotation 1 -0.09999999999999377
1620824293043848981 : Checking page rotation 2 0.5499999999999999
1620824295913964625 : Checking image 1 crop x1 273
1620824295914093626 : Checking image 1 crop y1 147
1620824295914132026 : Checking image 1 crop x2 2386
1620824295914183126 : Checking image 1 crop y2 3352
1620824298546790882 : Checking image 2 crop x1 122
1620824298546940982 : Checking image 2 crop y1 155
1620824298546991483 : Checking image 2 crop x2 2246
1620824298547025983 : Checking image 2 crop y2 3350
1620824298547211484 : Checking image 1 dpi 300
1620824298547282584 : Checking image 1 border top 137
1620824298547316685 : Checking image 1 border bottom 145
1620824298547346485 : Checking image 1 border left 173
1620824298547375585 : Checking image 1 border right 173
1620824298550561104 : Checking image 2 dpi 300
1620824298550625404 : Checking image 2 border top 133
1620824298550658704 : Checking image 2 border bottom 159
1620824298550688804 : Checking image 2 border left 168
1620824298550718605 : Checking image 2 border right 168

</system-out><system-err>--------------------------------- Captured Err ---------------------------------

</system-err></testcase><testcase classname="tests.test_images" name="test_wrong_wave_split_line_2_png" time="26.459"><system-out>--------------------------------- Captured Log ---------------------------------

--------------------------------- Captured Out ---------------------------------
/home/runner/work/diptych/diptych/tests/wrong_wave_split_line_2.png
1620824311168975894 : Checking separation double page angle 90.7708958311329
1620824311169104295 : Checking separation double page y=0 2490
1620824312552625181 : Checking page rotation 1 0.2
1620824313951494756 : Checking page rotation 2 1.65
1620824315747248851 : Checking image 1 crop x1 227
1620824315747367452 : Checking image 1 crop y1 147
1620824315747406452 : Checking image 1 crop x2 2342
1620824315747451352 : Checking image 1 crop y2 3353
1620824320066876962 : Checking image 2 crop x1 106
1620824320067009563 : Checking image 2 crop y1 195
1620824320067068463 : Checking image 2 crop x2 2231
1620824320067107364 : Checking image 2 crop y2 3398
1620824320067281865 : Checking image 1 dpi 300
1620824320067357665 : Checking image 1 border top 136
1620824320067420965 : Checking image 1 border bottom 145
1620824320067474766 : Checking image 1 border left 172
1620824320067511666 : Checking image 1 border right 172
1620824320070488383 : Checking image 2 dpi 300
1620824320070552984 : Checking image 2 border top 166
1620824320070710385 : Checking image 2 border bottom 117
1620824320070837285 : Checking image 2 border left 167
1620824320070878286 : Checking image 2 border right 167

</system-out><system-err>--------------------------------- Captured Err ---------------------------------

</system-err></testcase><testcase classname="tests.test_images" name="test_wrong_wave_split_line_3_png" time="24.968"><system-out>--------------------------------- Captured Log ---------------------------------

--------------------------------- Captured Out ---------------------------------
/home/runner/work/diptych/diptych/tests/wrong_wave_split_line_3.png
1620824316230420575 : Checking separation double page angle 90.12715931778824
1620824316230541375 : Checking separation double page y=0 2514
1620824317951734544 : Checking page rotation 1 0.05
1620824319234215774 : Checking page rotation 2 0.2
1620824321484595786 : Checking image 1 crop x1 273
1620824321484694686 : Checking image 1 crop y1 220
1620824321484745086 : Checking image 1 crop x2 2383
1620824321484780887 : Checking image 1 crop y2 3423
1620824323529082289 : Checking image 2 crop x1 116
1620824323529190589 : Checking image 2 crop y1 225
1620824323529229490 : Checking image 2 crop x2 2242
1620824323529285490 : Checking image 2 crop y2 3415
1620824323529482191 : Checking image 1 dpi 300
1620824323529575292 : Checking image 1 border top 202
1620824323529659692 : Checking image 1 border bottom 82
1620824323529711392 : Checking image 1 border left 175
1620824323529746393 : Checking image 1 border right 175
1620824323533002912 : Checking image 2 dpi 300
1620824323533086212 : Checking image 2 border top 204
1620824323533122412 : Checking image 2 border bottom 93
1620824323533155113 : Checking image 2 border left 167
1620824323533187713 : Checking image 2 border right 167

</system-out><system-err>--------------------------------- Captured Err ---------------------------------

</system-err></testcase><testcase classname="tests.test_images" name="test_no_split_line_wave_algo_png" time="35.949"><system-out>--------------------------------- Captured Log ---------------------------------

--------------------------------- Captured Out ---------------------------------
/home/runner/work/diptych/diptych/tests/no_split_line_wave_algo.png
1620824333937602759 : Checking separation double page angle 89.79018091440821
1620824333937751560 : Checking separation double page y=0 2483
1620824337107170042 : Checking page rotation 1 0.0
1620824338592010147 : Checking page rotation 2 -0.44999999999999746
1620824348900185954 : Checking image 1 crop x1 97
1620824348900287455 : Checking image 1 crop y1 74
1620824348900330355 : Checking image 1 crop x2 2489
1620824348900370655 : Checking image 1 crop y2 3505
1620824355980121760 : Checking image 2 crop x1 164
1620824355980250660 : Checking image 2 crop y1 267
1620824355980296861 : Checking image 2 crop x2 2239
1620824355980338261 : Checking image 2 crop y2 3380
1620824355980498562 : Checking image 1 dpi 300
1620824355980573762 : Checking image 1 border top 38
1620824355980613263 : Checking image 1 border bottom 38
1620824355980651663 : Checking image 1 border left 44
1620824355980691163 : Checking image 1 border right 44
1620824355983524980 : Checking image 2 dpi 300
1620824355983605880 : Checking image 2 border top 257
1620824355983659180 : Checking image 2 border bottom 117
1620824355983692881 : Checking image 2 border left 192
1620824355983726681 : Checking image 2 border right 192

</system-out><system-err>--------------------------------- Captured Err ---------------------------------

</system-err></testcase><testcase classname="tests.test_images" name="test_no_split_line_wave_algo_2_png" time="20.741"><system-out>--------------------------------- Captured Log ---------------------------------

--------------------------------- Captured Out ---------------------------------
/home/runner/work/diptych/diptych/tests/no_split_line_wave_algo_2.png
1620824337313721453 : Checking separation double page angle 90.43362571535843
1620824337313867954 : Checking separation double page y=0 2473
1620824338515451898 : Checking page rotation 1 1.05
1620824339880103099 : Checking page rotation 2 0.15000000000000002
1620824342199362294 : Checking image 1 crop x1 267
1620824342199465395 : Checking image 1 crop y1 210
1620824342199503395 : Checking image 1 crop x2 2343
1620824342199540295 : Checking image 1 crop y2 3412
1620824344281191192 : Checking image 2 crop x1 165
1620824344281308492 : Checking image 2 crop y1 241
1620824344281350793 : Checking image 2 crop x2 2250
1620824344281391793 : Checking image 2 crop y2 3433
1620824344281569094 : Checking image 1 dpi 300
1620824344281645394 : Checking image 1 border top 192
1620824344281684695 : Checking image 1 border bottom 93
1620824344281719095 : Checking image 1 border left 192
1620824344281753095 : Checking image 1 border right 192
1620824344284764013 : Checking image 2 dpi 300
1620824344284831013 : Checking image 2 border top 224
1620824344284865813 : Checking image 2 border bottom 71
1620824344284916114 : Checking image 2 border left 187
1620824344284951114 : Checking image 2 border right 187

</system-out><system-err>--------------------------------- Captured Err ---------------------------------

</system-err></testcase><testcase classname="tests.test_images" name="test_failed_detect_rectangle_png" time="20.484"><system-out>--------------------------------- Captured Log ---------------------------------

--------------------------------- Captured Out ---------------------------------
/home/runner/work/diptych/diptych/tests/failed_detect_rectangle.png
1620824358867506196 : Checking separation double page angle 90.242273842964
1620824358867624197 : Checking separation double page y=0 2475
1620824360243885175 : Checking page rotation 1 0.2
1620824361850680107 : Checking page rotation 2 0.2
1620824363220869149 : Checking image 1 crop x1 257
1620824363221046750 : Checking image 1 crop y1 201
1620824363221130851 : Checking image 1 crop x2 2333
1620824363221171751 : Checking image 1 crop y2 3402
1620824364758310473 : Checking image 2 crop x1 137
1620824364758451274 : Checking image 2 crop y1 215
1620824364758497174 : Checking image 2 crop x2 2220
1620824364758541775 : Checking image 2 crop y2 3406
1620824364758747276 : Checking image 1 dpi 300
1620824364758856077 : Checking image 1 border top 188
1620824364758925377 : Checking image 1 border bottom 98
1620824364758979377 : Checking image 1 border left 192
1620824364759049478 : Checking image 1 border right 192
1620824364762790000 : Checking image 2 dpi 300
1620824364762879000 : Checking image 2 border top 201
1620824364762917500 : Checking image 2 border bottom 95
1620824364762951001 : Checking image 2 border left 188
1620824364762983701 : Checking image 2 border right 188

</system-out><system-err>--------------------------------- Captured Err ---------------------------------

</system-err></testcase><testcase classname="tests.test_images" name="test_crop_too_few_2_png" time="21.364"><system-out>--------------------------------- Captured Log ---------------------------------

--------------------------------- Captured Out ---------------------------------
/home/runner/work/diptych/diptych/tests/crop_too_few_2.png
1620824369003808000 : Checking separation double page angle 90.35461351371423
1620824369003931101 : Checking separation double page y=0 2533
1620824370370025722 : Checking page rotation 1 1.0999999999999999
1620824371702536846 : Checking page rotation 2 0.0
1620824374570385384 : Checking image 1 crop x1 289
1620824374570501185 : Checking image 1 crop y1 165
1620824374570536685 : Checking image 1 crop x2 2400
1620824374570571385 : Checking image 1 crop y2 3367
1620824377421316719 : Checking image 2 crop x1 152
1620824377421499120 : Checking image 2 crop y1 190
1620824377421542121 : Checking image 2 crop x2 2273
1620824377421581821 : Checking image 2 crop y2 3385
1620824377421737822 : Checking image 1 dpi 300
1620824377421814122 : Checking image 1 border top 157
1620824377421850922 : Checking image 1 border bottom 128
1620824377421885623 : Checking image 1 border left 174
1620824377421922223 : Checking image 1 border right 174
1620824377424782340 : Checking image 2 dpi 300
1620824377424849440 : Checking image 2 border top 175
1620824377424884440 : Checking image 2 border bottom 116
1620824377424916140 : Checking image 2 border left 169
1620824377424948041 : Checking image 2 border right 169

</system-out><system-err>--------------------------------- Captured Err ---------------------------------

</system-err></testcase><testcase classname="tests.test_images" name="test_single_page_png" time="6.345"><system-out>--------------------------------- Captured Log ---------------------------------

--------------------------------- Captured Out ---------------------------------
/home/runner/work/diptych/diptych/tests/single_page.png
1620824367964098395 : Checking separation double page angle 89.93006318861008
1620824367964215296 : Checking separation double page y=0 2472
1620824368851060403 : Checking page rotation 1 0.0
1620824368957335827 : Checking page rotation 2 0.0
1620824370622599405 : Checking image 1 crop x1 1
1620824370622702606 : Checking image 1 crop y1 8
1620824370622744906 : Checking image 1 crop x2 2470
1620824370622782206 : Checking image 1 crop y2 3505
1620824370753795176 : Checking image 2 crop x1 0
1620824370753889476 : Checking image 2 crop y1 0
1620824370753919576 : Checking image 2 crop x2 0
1620824370753949176 : Checking image 2 crop y2 0
1620824370754010577 : Checking image 1 dpi 300
1620824370754070977 : Checking image 1 border top 5
1620824370754103977 : Checking image 1 border bottom 5
1620824370754133278 : Checking image 1 border left 6
1620824370754162678 : Checking image 1 border right 6
1620824370761414020 : Checking image 2 border top 0
1620824370761546621 : Checking image 2 border bottom 0
1620824370761579621 : Checking image 2 border left 0
1620824370761631722 : Checking image 2 border right 0

</system-out><system-err>--------------------------------- Captured Err ---------------------------------

</system-err></testcase><testcase classname="tests.test_images" name="test_wrong_split_line_4_png" time="12.330"><system-out>--------------------------------- Captured Log ---------------------------------

--------------------------------- Captured Out ---------------------------------
/home/runner/work/diptych/diptych/tests/wrong_split_line_4.png
1620824379164456352 : Checking separation double page angle 90.92587744884125
1620824379164573152 : Checking separation double page y=0 58
1620824379261669922 : Checking page rotation 1 0.5499999999999999
1620824380456731737 : Checking page rotation 2 1.0999999999999999
1620824381231528185 : Checking image 1 crop x1 0
1620824381231616686 : Checking image 1 crop y1 0
1620824381231655786 : Checking image 1 crop x2 0
1620824381231693586 : Checking image 1 crop y2 0
1620824383495692299 : Checking image 2 crop x1 290
1620824383495804700 : Checking image 2 crop y1 330
1620824383495843700 : Checking image 2 crop x2 2314
1620824383495882001 : Checking image 2 crop y2 3217
1620824383496033701 : Checking image 1 border top 0
1620824383496073802 : Checking image 1 border bottom 0
1620824383496109202 : Checking image 1 border left 0
1620824383496142302 : Checking image 1 border right 0
1620824383496192102 : Checking image 2 dpi 300
1620824383496257703 : Checking image 2 border top 322
1620824383496292703 : Checking image 2 border bottom 278
1620824383496325103 : Checking image 2 border left 218
1620824383496357703 : Checking image 2 border right 218

</system-out><system-err>--------------------------------- Captured Err ---------------------------------

</system-err></testcase><testcase classname="tests.test_images" name="test_no_split_line_wave_algo_3_png" time="11.120"><system-out>--------------------------------- Captured Log ---------------------------------

--------------------------------- Captured Out ---------------------------------
/home/runner/work/diptych/diptych/tests/no_split_line_wave_algo_3.png
1620824384685931166 : Checking separation double page angle 90.18184445198425
1620824384686046067 : Checking separation double page y=0 2405
1620824385578534266 : Checking page rotation 1 0.0
1620824385750775589 : Checking page rotation 2 0.0
1620824387989364480 : Checking image 1 crop x1 184
1620824387989474481 : Checking image 1 crop y1 2957
1620824387989514181 : Checking image 1 crop x2 2201
1620824387989549581 : Checking image 1 crop y2 3202
1620824388510092972 : Checking image 2 crop x1 0
1620824388510181372 : Checking image 2 crop y1 0
1620824388510216773 : Checking image 2 crop x2 0
1620824388510250373 : Checking image 2 crop y2 0
1620824388510319873 : Checking image 1 dpi 300
1620824388510387174 : Checking image 1 border top 2950
1620824388510425074 : Checking image 1 border bottom 292
1620824388510462474 : Checking image 1 border left 221
1620824388510500474 : Checking image 1 border right 221
1620824388517168414 : Checking image 2 border top 0
1620824388517235814 : Checking image 2 border bottom 0
1620824388517270115 : Checking image 2 border left 0
1620824388517304315 : Checking image 2 border right 0

</system-out><system-err>--------------------------------- Captured Err ---------------------------------

</system-err></testcase><testcase classname="tests.test_images" name="test_failed_split_line_line_algo_3_png" time="13.089"><system-out>--------------------------------- Captured Log ---------------------------------

--------------------------------- Captured Out ---------------------------------
/home/runner/work/diptych/diptych/tests/failed_split_line_line_algo_3.png
1620824390971733827 : Checking separation double page angle 90.02403976140027
1620824390971896028 : Checking separation double page y=0 39
1620824391042908946 : Checking page rotation 1 0.0
1620824391805034635 : Checking page rotation 2 0.0
1620824392112542847 : Checking image 1 crop x1 0
1620824392112634447 : Checking image 1 crop y1 0
1620824392112672648 : Checking image 1 crop x2 0
1620824392112709048 : Checking image 1 crop y2 0
1620824396604083504 : Checking image 2 crop x1 249
1620824396604180705 : Checking image 2 crop y1 154
1620824396604218505 : Checking image 2 crop x2 2264
1620824396604256205 : Checking image 2 crop y2 3361
1620824396604450406 : Checking image 1 border top 0
1620824396604489606 : Checking image 1 border bottom 0
1620824396604531307 : Checking image 1 border left 0
1620824396604565707 : Checking image 1 border right 0
1620824396604616207 : Checking image 2 dpi 300
1620824396604679108 : Checking image 2 border top 146
1620824396604713308 : Checking image 2 border bottom 134
1620824396604745308 : Checking image 2 border left 222
1620824396604776708 : Checking image 2 border right 222

</system-out><system-err>--------------------------------- Captured Err ---------------------------------

</system-err></testcase></testsuite></testsuites>