<?xml version="1.0" encoding="utf-8"?><testsuites><testsuite errors="0" failures="0" hostname="fv-az92-153" name="pytest" skipped="0" tests="18" time="346.719" timestamp="2020-11-23T12:08:51.390195"><testcase classname="tests.test_features" name="test_mock_stop_at_0" time="0.052"><system-out>--------------------------------- Captured Log ---------------------------------

--------------------------------- Captured Out ---------------------------------
/home/runner/work/ocr-book/ocr-book/tests/0001_0.png

</system-out><system-err>--------------------------------- Captured Err ---------------------------------

</system-err></testcase><testcase classname="tests.test_features" name="test_disabled_enable_debug" time="25.740"><system-out>--------------------------------- Captured Log ---------------------------------

--------------------------------- Captured Out ---------------------------------
/home/runner/work/ocr-book/ocr-book/tests/0001_debug.png
separation double page angle 90.53945493634917
separation double page y=0 2485
page rotation 1 0.75
page rotation 2 0.2
image 1 crop x1 330
image 1 crop y1 336
image 1 crop x2 2343
image 1 crop y2 3223
image 2 crop x1 169
image 2 crop y1 648
image 2 crop x2 2186
image 2 crop y2 3361
image 1 dpi 300
image 1 border top 340
image 1 border bottom 260
image 1 border left 223
image 1 border right 223
image 2 dpi 300
image 2 border top 646
image 2 border bottom 128
image 2 border left 221
image 2 border right 221

</system-out><system-err>--------------------------------- Captured Err ---------------------------------

</system-err></testcase><testcase classname="tests.test_features" name="test_mock_stop_at_2" time="35.012"><system-out>--------------------------------- Captured Log ---------------------------------

--------------------------------- Captured Out ---------------------------------
/home/runner/work/ocr-book/ocr-book/tests/0001_2.png
separation double page angle 90.53945493634917
separation double page y=0 2485
page rotation 1 0.75
page rotation 2 0.2

</system-out><system-err>--------------------------------- Captured Err ---------------------------------

</system-err></testcase><testcase classname="tests.test_features" name="test_mock_stop_at_1" time="19.626"><system-out>--------------------------------- Captured Log ---------------------------------

--------------------------------- Captured Out ---------------------------------
/home/runner/work/ocr-book/ocr-book/tests/0001_1.png
separation double page angle 90.53945493634917
separation double page y=0 2485

</system-out><system-err>--------------------------------- Captured Err ---------------------------------

</system-err></testcase><testcase classname="tests.test_features" name="test_mock_stop_at_3" time="35.732"><system-out>--------------------------------- Captured Log ---------------------------------

--------------------------------- Captured Out ---------------------------------
/home/runner/work/ocr-book/ocr-book/tests/0001_3.png
separation double page angle 90.53945493634917
separation double page y=0 2485
page rotation 1 0.75
page rotation 2 0.2
image 1 crop x1 330
image 1 crop y1 336
image 1 crop x2 2343
image 1 crop y2 3223
image 2 crop x1 169
image 2 crop y1 648
image 2 crop x2 2186
image 2 crop y2 3361

</system-out><system-err>--------------------------------- Captured Err ---------------------------------

</system-err></testcase><testcase classname="tests.test_features" name="test_mock_stop_at_5" time="36.517"><system-out>--------------------------------- Captured Log ---------------------------------

--------------------------------- Captured Out ---------------------------------
/home/runner/work/ocr-book/ocr-book/tests/0001_5.png
separation double page angle 90.53945493634917
separation double page y=0 2485
page rotation 1 0.75
page rotation 2 0.2
image 1 crop x1 330
image 1 crop y1 336
image 1 crop x2 2343
image 1 crop y2 3223
image 2 crop x1 169
image 2 crop y1 648
image 2 crop x2 2186
image 2 crop y2 3361
image 1 dpi 300
image 1 border top 340
image 1 border bottom 260
image 1 border left 223
image 1 border right 223
image 2 dpi 300
image 2 border top 646
image 2 border bottom 128
image 2 border left 221
image 2 border right 221

</system-out><system-err>--------------------------------- Captured Err ---------------------------------

</system-err></testcase><testcase classname="tests.test_features" name="test_mock_stop_at_4" time="35.950"><system-out>--------------------------------- Captured Log ---------------------------------

--------------------------------- Captured Out ---------------------------------
/home/runner/work/ocr-book/ocr-book/tests/0001_4.png
separation double page angle 90.53945493634917
separation double page y=0 2485
page rotation 1 0.75
page rotation 2 0.2
image 1 crop x1 330
image 1 crop y1 336
image 1 crop x2 2343
image 1 crop y2 3223
image 2 crop x1 169
image 2 crop y1 648
image 2 crop x2 2186
image 2 crop y2 3361
image 1 dpi 300
image 1 border top 340
image 1 border bottom 260
image 1 border left 223
image 1 border right 223
image 2 dpi 300
image 2 border top 646
image 2 border bottom 128
image 2 border left 221
image 2 border right 221

</system-out><system-err>--------------------------------- Captured Err ---------------------------------

</system-err></testcase><testcase classname="tests.test_images" name="test_0001_png" time="36.814"><system-out>--------------------------------- Captured Log ---------------------------------

--------------------------------- Captured Out ---------------------------------
/home/runner/work/ocr-book/ocr-book/tests/0001.png
1606133433503291904 : Checking separation double page angle 90.53945493634917
1606133433503376128 : Checking separation double page y=0 2485
1606133439279465472 : Checking page rotation 1 0.75
1606133447497931008 : Checking page rotation 2 0.2
1606133449241988352 : Checking image 1 crop x1 330
1606133449242077440 : Checking image 1 crop y1 336
1606133449242121216 : Checking image 1 crop x2 2343
1606133449242161920 : Checking image 1 crop y2 3223
1606133451129958912 : Checking image 2 crop x1 169
1606133451130043648 : Checking image 2 crop y1 648
1606133451130083840 : Checking image 2 crop x2 2186
1606133451130121984 : Checking image 2 crop y2 3361
1606133451165907456 : Checking image 1 dpi 300
1606133451166031360 : Checking image 1 border top 340
1606133451166070784 : Checking image 1 border bottom 260
1606133451166106368 : Checking image 1 border left 223
1606133451166141184 : Checking image 1 border right 223
1606133451168096768 : Checking image 2 dpi 300
1606133451168171008 : Checking image 2 border top 646
1606133451168204288 : Checking image 2 border bottom 128
1606133451168236288 : Checking image 2 border left 221
1606133451168268032 : Checking image 2 border right 221

</system-out><system-err>--------------------------------- Captured Err ---------------------------------

</system-err></testcase><testcase classname="tests.test_images" name="test_2_pages_2_contours_png" time="25.876"><system-out>--------------------------------- Captured Log ---------------------------------

--------------------------------- Captured Out ---------------------------------
/home/runner/work/ocr-book/ocr-book/tests/2-pages-2-contours.png
1606133453789005824 : Checking separation double page angle 90.15647898380502
1606133453789082624 : Checking separation double page y=0 2489
1606133456110265088 : Checking page rotation 1 0.05
1606133462553566464 : Checking page rotation 2 0.35000000000000003
1606133463396342016 : Checking image 1 crop x1 1190
1606133463396421120 : Checking image 1 crop y1 1733
1606133463396451840 : Checking image 1 crop x2 1191
1606133463396480256 : Checking image 1 crop y2 1734
1606133465098982656 : Checking image 2 crop x1 102
1606133465099065600 : Checking image 2 crop y1 240
1606133465099103232 : Checking image 2 crop x2 2149
1606133465099138560 : Checking image 2 crop y2 3239
1606133465133380096 : Checking image 1 dpi 300
1606133465133504768 : Checking image 1 border top 1752
1606133465133540608 : Checking image 1 border bottom 1753
1606133465133570048 : Checking image 1 border left 1239
1606133465133598464 : Checking image 1 border right 1239
1606133465134996480 : Checking image 2 dpi 300
1606133465135073024 : Checking image 2 border top 231
1606133465135103488 : Checking image 2 border bottom 257
1606133465135132416 : Checking image 2 border left 206
1606133465135160832 : Checking image 2 border right 206

</system-out><system-err>--------------------------------- Captured Err ---------------------------------

</system-err></testcase><testcase classname="tests.test_images" name="test_black_border_not_removed_png" time="46.367"><system-out>--------------------------------- Captured Log ---------------------------------

--------------------------------- Captured Out ---------------------------------
/home/runner/work/ocr-book/ocr-book/tests/black-border-not-removed.png
1606133477777434368 : Checking separation double page angle 89.9903688802698
1606133477777528064 : Checking separation double page y=0 2455
1606133483904005376 : Checking page rotation 1 0.0
1606133493102035200 : Checking page rotation 2 0.0
1606133495083309312 : Checking image 1 crop x1 297
1606133495083399936 : Checking image 1 crop y1 143
1606133495083443200 : Checking image 1 crop x2 2309
1606133495083483648 : Checking image 1 crop y2 3346
1606133497502155520 : Checking image 2 crop x1 156
1606133497502240256 : Checking image 2 crop y1 145
1606133497502280448 : Checking image 2 crop x2 2168
1606133497502318336 : Checking image 2 crop y2 3352
1606133497540713216 : Checking image 1 dpi 300
1606133497540818688 : Checking image 1 border top 130
1606133497540864768 : Checking image 1 border bottom 154
1606133497540929024 : Checking image 1 border left 224
1606133497541007104 : Checking image 1 border right 224
1606133497543065088 : Checking image 2 dpi 300
1606133497543154432 : Checking image 2 border top 139
1606133497543191296 : Checking image 2 border bottom 141
1606133497543226112 : Checking image 2 border left 224
1606133497543260928 : Checking image 2 border right 224

</system-out><system-err>--------------------------------- Captured Err ---------------------------------

</system-err></testcase><testcase classname="tests.test_images" name="test_image_failed_to_rotate_png" time="44.221"><system-out>--------------------------------- Captured Log ---------------------------------

--------------------------------- Captured Out ---------------------------------
/home/runner/work/ocr-book/ocr-book/tests/image_failed_to_rotate.png
1606133484357622272 : Checking separation double page angle 90.14353501543772
1606133484357708032 : Checking separation double page y=0 2476
1606133489460913408 : Checking page rotation 1 0.35000000000000003
1606133496396667648 : Checking page rotation 2 0.45
1606133507150369024 : Checking image 1 crop x1 34
1606133507150453760 : Checking image 1 crop y1 1
1606133507150489856 : Checking image 1 crop x2 2474
1606133507150523392 : Checking image 1 crop y2 3500
1606133509194688768 : Checking image 2 crop x1 171
1606133509194777344 : Checking image 2 crop y1 234
1606133509194820096 : Checking image 2 crop x2 2250
1606133509194860544 : Checking image 2 crop y2 3355
1606133509238109440 : Checking image 1 dpi 300
1606133509238215168 : Checking image 1 border top 4
1606133509238253568 : Checking image 1 border bottom 4
1606133509238288384 : Checking image 1 border left 20
1606133509238321920 : Checking image 1 border right 20
1606133509240448512 : Checking image 2 dpi 300
1606133509240536064 : Checking image 2 border top 220
1606133509240571648 : Checking image 2 border bottom 146
1606133509240605184 : Checking image 2 border left 190
1606133509240638208 : Checking image 2 border right 190

</system-out><system-err>--------------------------------- Captured Err ---------------------------------

</system-err></testcase><testcase classname="tests.test_images" name="test_image_failed_to_crop_data_png" time="46.115"><system-out>--------------------------------- Captured Log ---------------------------------

--------------------------------- Captured Out ---------------------------------
/home/runner/work/ocr-book/ocr-book/tests/image_failed_to_crop_data.png
1606133520716319488 : Checking separation double page angle 90.06228874101497
1606133520716416512 : Checking separation double page y=0 2482
1606133526193315584 : Checking page rotation 1 0.2
1606133531396903936 : Checking page rotation 2 0.05
1606133541691141632 : Checking image 1 crop x1 58
1606133541691235584 : Checking image 1 crop y1 8
1606133541691275008 : Checking image 1 crop x2 2480
1606133541691311360 : Checking image 1 crop y2 3504
1606133543550079744 : Checking image 2 crop x1 159
1606133543550168064 : Checking image 2 crop y1 217
1606133543550210048 : Checking image 2 crop x2 2240
1606133543550251008 : Checking image 2 crop y2 3350
1606133543587916544 : Checking image 1 dpi 300
1606133543588009472 : Checking image 1 border top 6
1606133543588045312 : Checking image 1 border bottom 6
1606133543588078592 : Checking image 1 border left 29
1606133543588111104 : Checking image 1 border right 29
1606133543590198272 : Checking image 2 dpi 300
1606133543590282496 : Checking image 2 border top 224
1606133543590318848 : Checking image 2 border bottom 130
1606133543590353920 : Checking image 2 border left 189
1606133543590388480 : Checking image 2 border right 189

</system-out><system-err>--------------------------------- Captured Err ---------------------------------

</system-err></testcase><testcase classname="tests.test_images" name="test_wrong_angle_split_line_png" time="56.340"><system-out>--------------------------------- Captured Log ---------------------------------

--------------------------------- Captured Out ---------------------------------
/home/runner/work/ocr-book/ocr-book/tests/wrong_angle_split_line.png
1606133535571089408 : Checking separation double page angle 90.08422009258813
1606133535571184896 : Checking separation double page y=0 2487
1606133542987787520 : Checking page rotation 1 0.0
1606133550863053824 : Checking page rotation 2 0.0
1606133561940262400 : Checking image 1 crop x1 53
1606133561940354304 : Checking image 1 crop y1 8
1606133561940392192 : Checking image 1 crop x2 2485
1606133561940427264 : Checking image 1 crop y2 3505
1606133564746387712 : Checking image 2 crop x1 154
1606133564746478592 : Checking image 2 crop y1 217
1606133564746520832 : Checking image 2 crop x2 2237
1606133564746561024 : Checking image 2 crop y2 3350
1606133564917853184 : Checking image 1 dpi 300
1606133564917963264 : Checking image 1 border top 5
1606133564918001920 : Checking image 1 border bottom 5
1606133564918036480 : Checking image 1 border left 24
1606133564918070272 : Checking image 1 border right 24
1606133564924107776 : Checking image 2 dpi 300
1606133564924223232 : Checking image 2 border top 213
1606133564924259840 : Checking image 2 border bottom 141
1606133564924293632 : Checking image 2 border left 188
1606133564924327168 : Checking image 2 border right 188

</system-out><system-err>--------------------------------- Captured Err ---------------------------------

</system-err></testcase><testcase classname="tests.test_images" name="test_angle_page_lower_split_line_png" time="32.088"><system-out>--------------------------------- Captured Log ---------------------------------

--------------------------------- Captured Out ---------------------------------
/home/runner/work/ocr-book/ocr-book/tests/angle_page_lower_split_line.png
1606133557913827328 : Checking separation double page angle 89.74710364870903
1606133557913905920 : Checking separation double page y=0 2471
1606133565458906112 : Checking page rotation 1 -0.44999999999998863
1606133572035833600 : Checking page rotation 2 0.2
1606133574013657344 : Checking image 1 crop x1 245
1606133574013750784 : Checking image 1 crop y1 161
1606133574013794048 : Checking image 1 crop x2 2351
1606133574013834752 : Checking image 1 crop y2 3364
1606133575703550464 : Checking image 2 crop x1 153
1606133575703643136 : Checking image 2 crop y1 147
1606133575703686144 : Checking image 2 crop x2 2260
1606133575703726848 : Checking image 2 crop y2 3350
1606133575744292352 : Checking image 1 dpi 300
1606133575744412416 : Checking image 1 border top 132
1606133575744451584 : Checking image 1 border bottom 152
1606133575744487936 : Checking image 1 border left 177
1606133575744522752 : Checking image 1 border right 177
1606133575746655488 : Checking image 2 dpi 300
1606133575746749952 : Checking image 2 border top 116
1606133575746787072 : Checking image 2 border bottom 168
1606133575746822400 : Checking image 2 border left 176
1606133575746857216 : Checking image 2 border right 176

</system-out><system-err>--------------------------------- Captured Err ---------------------------------

</system-err></testcase><testcase classname="tests.test_images" name="test_wrong_split_line_png" time="33.765"><system-out>--------------------------------- Captured Log ---------------------------------

--------------------------------- Captured Out ---------------------------------
/home/runner/work/ocr-book/ocr-book/tests/wrong_split_line.png
1606133585184760576 : Checking separation double page angle 89.81531182790899
1606133585184852224 : Checking separation double page y=0 2465
1606133590835104512 : Checking page rotation 1 -0.04999999999999716
1606133596583506944 : Checking page rotation 2 0.6000000000000001
1606133598013791744 : Checking image 1 crop x1 211
1606133598013880064 : Checking image 1 crop y1 156
1606133598013923328 : Checking image 1 crop x2 2323
1606133598013963520 : Checking image 1 crop y2 3363
1606133599426177280 : Checking image 2 crop x1 124
1606133599426273024 : Checking image 2 crop y1 167
1606133599426312448 : Checking image 2 crop x2 2236
1606133599426349568 : Checking image 2 crop y2 3373
1606133599462363904 : Checking image 1 dpi 300
1606133599462466816 : Checking image 1 border top 116
1606133599462505984 : Checking image 1 border bottom 164
1606133599462540800 : Checking image 1 border left 174
1606133599462574592 : Checking image 1 border right 174
1606133599464590592 : Checking image 2 dpi 300
1606133599464670464 : Checking image 2 border top 142
1606133599464704512 : Checking image 2 border bottom 139
1606133599464735744 : Checking image 2 border left 174
1606133599464766464 : Checking image 2 border right 174

</system-out><system-err>--------------------------------- Captured Err ---------------------------------

</system-err></testcase><testcase classname="tests.test_images" name="test_crop_too_much_png" time="53.485"><system-out>--------------------------------- Captured Log ---------------------------------

--------------------------------- Captured Out ---------------------------------
/home/runner/work/ocr-book/ocr-book/tests/crop_too_much.png
1606133601121342720 : Checking separation double page angle 90.14985593620918
1606133601121420544 : Checking separation double page y=0 2457
1606133613596789760 : Checking page rotation 1 0.0
1606133623660996352 : Checking page rotation 2 0.4
1606133626488920320 : Checking image 1 crop x1 303
1606133626489012480 : Checking image 1 crop y1 148
1606133626489055744 : Checking image 1 crop x2 2313
1606133626489096960 : Checking image 1 crop y2 3351
1606133629171667968 : Checking image 2 crop x1 166
1606133629171757312 : Checking image 2 crop y1 154
1606133629171800320 : Checking image 2 crop x2 2180
1606133629171841024 : Checking image 2 crop y2 3360
1606133629221833472 : Checking image 1 dpi 300
1606133629221947648 : Checking image 1 border top 131
1606133629221986816 : Checking image 1 border bottom 153
1606133629222022656 : Checking image 1 border left 225
1606133629222057728 : Checking image 1 border right 225
1606133629224062976 : Checking image 2 dpi 300
1606133629224142592 : Checking image 2 border top 138
1606133629224178944 : Checking image 2 border bottom 143
1606133629224213504 : Checking image 2 border left 223
1606133629224247552 : Checking image 2 border right 223

</system-out><system-err>--------------------------------- Captured Err ---------------------------------

</system-err></testcase><testcase classname="tests.test_images" name="test_crop_too_few_png" time="38.265"><system-out>--------------------------------- Captured Log ---------------------------------

--------------------------------- Captured Out ---------------------------------
/home/runner/work/ocr-book/ocr-book/tests/crop_too_few.png
1606133622600412672 : Checking separation double page angle 89.22405802376838
1606133622600506112 : Checking separation double page y=0 2508
1606133628446577152 : Checking page rotation 1 -0.75
1606133634692375040 : Checking page rotation 2 0.0
1606133636248341248 : Checking image 1 crop x1 265
1606133636248430336 : Checking image 1 crop y1 152
1606133636248473088 : Checking image 1 crop x2 2375
1606133636248513280 : Checking image 1 crop y2 3356
1606133637698117376 : Checking image 2 crop x1 141
1606133637698208512 : Checking image 2 crop y1 141
1606133637698251008 : Checking image 2 crop x2 2263
1606133637698290944 : Checking image 2 crop y2 3345
1606133637732700672 : Checking image 1 dpi 300
1606133637732815360 : Checking image 1 border top 116
1606133637732854528 : Checking image 1 border bottom 167
1606133637732889600 : Checking image 1 border left 175
1606133637732923392 : Checking image 1 border right 175
1606133637735079168 : Checking image 2 dpi 300
1606133637735172096 : Checking image 2 border top 140
1606133637735208192 : Checking image 2 border bottom 143
1606133637735242240 : Checking image 2 border left 169
1606133637735275264 : Checking image 2 border right 169

</system-out><system-err>--------------------------------- Captured Err ---------------------------------

</system-err></testcase><testcase classname="tests.test_images" name="test_crop_too_much_2_png" time="47.311"><system-out>--------------------------------- Captured Log ---------------------------------

--------------------------------- Captured Out ---------------------------------
/home/runner/work/ocr-book/ocr-book/tests/crop_too_much_2.png
1606133650395016704 : Checking separation double page angle 90.15230188584627
1606133650395099904 : Checking separation double page y=0 2475
1606133659973946112 : Checking page rotation 1 0.2
1606133670715367168 : Checking page rotation 2 0.2
1606133673462456064 : Checking image 1 crop x1 332
1606133673462541056 : Checking image 1 crop y1 131
1606133673462580224 : Checking image 1 crop x2 2342
1606133673462617344 : Checking image 1 crop y2 3336
1606133676471551232 : Checking image 2 crop x1 167
1606133676471640064 : Checking image 2 crop y1 139
1606133676471682816 : Checking image 2 crop x2 2180
1606133676471723776 : Checking image 2 crop y2 3345
1606133676526242304 : Checking image 1 dpi 300
1606133676526343168 : Checking image 1 border top 116
1606133676526382336 : Checking image 1 border bottom 166
1606133676526418944 : Checking image 1 border left 225
1606133676526454016 : Checking image 1 border right 225
1606133676528112896 : Checking image 2 dpi 300
1606133676528191232 : Checking image 2 border top 133
1606133676528227584 : Checking image 2 border bottom 148
1606133676528262656 : Checking image 2 border left 223
1606133676528297728 : Checking image 2 border right 223

</system-out><system-err>--------------------------------- Captured Err ---------------------------------

</system-err></testcase></testsuite></testsuites>