<?xml version="1.0" encoding="utf-8"?><testsuites><testsuite errors="0" failures="0" hostname="travis-job-1348902e-359d-4da7-a5e3-59dc95d22d6c" name="pytest" skipped="1" tests="13" time="767.932" timestamp="2020-11-08T13:15:47.167523"><testcase classname="tests.test_features" name="test_disabled_enable_debug" time="64.583"><system-out>--------------------------------- Captured Log ---------------------------------

--------------------------------- Captured Out ---------------------------------
/home/travis/build/bansan85/ocr-book/tests/0001_debug.png
separation double page angle 90.62846302565308
separation double page y=0 2485
page rotation 1 0.75
page rotation 2 0.2
image 1 crop x1 332
image 1 crop y1 337
image 1 crop x2 2342
image 1 crop y2 3223
image 2 crop x1 175
image 2 crop y1 649
image 2 crop x2 2189
image 2 crop y2 3360
image 1 dpi 300
image 1 border top 325
image 1 border bottom 276
image 1 border left 225
image 1 border right 225
image 2 dpi 300
image 2 border top 672
image 2 border bottom 104
image 2 border left 223
image 2 border right 223

</system-out><system-err>--------------------------------- Captured Err ---------------------------------

</system-err></testcase><testcase classname="tests.test_features" name="test_mock_stop_at_0" time="0.034"><system-out>--------------------------------- Captured Log ---------------------------------

--------------------------------- Captured Out ---------------------------------
/home/travis/build/bansan85/ocr-book/tests/0001_0.png

</system-out><system-err>--------------------------------- Captured Err ---------------------------------

</system-err></testcase><testcase classname="tests.test_features" name="test_mock_stop_at_1" time="37.408"><system-out>--------------------------------- Captured Log ---------------------------------

--------------------------------- Captured Out ---------------------------------
/home/travis/build/bansan85/ocr-book/tests/0001_1.png
separation double page angle 90.62846302565308
separation double page y=0 2485

</system-out><system-err>--------------------------------- Captured Err ---------------------------------

</system-err></testcase><testcase classname="tests.test_features" name="test_mock_stop_at_2" time="67.078"><system-out>--------------------------------- Captured Log ---------------------------------

--------------------------------- Captured Out ---------------------------------
/home/travis/build/bansan85/ocr-book/tests/0001_2.png
separation double page angle 90.62846302565308
separation double page y=0 2485
page rotation 1 0.75
page rotation 2 0.2

</system-out><system-err>--------------------------------- Captured Err ---------------------------------

</system-err></testcase><testcase classname="tests.test_features" name="test_mock_stop_at_3" time="66.923"><system-out>--------------------------------- Captured Log ---------------------------------

--------------------------------- Captured Out ---------------------------------
/home/travis/build/bansan85/ocr-book/tests/0001_3.png
separation double page angle 90.62846302565308
separation double page y=0 2485
page rotation 1 0.75
page rotation 2 0.2
image 1 crop x1 332
image 1 crop y1 337
image 1 crop x2 2342
image 1 crop y2 3223
image 2 crop x1 175
image 2 crop y1 649
image 2 crop x2 2189
image 2 crop y2 3360

</system-out><system-err>--------------------------------- Captured Err ---------------------------------

</system-err></testcase><testcase classname="tests.test_features" name="test_mock_stop_at_4" time="64.957"><system-out>--------------------------------- Captured Log ---------------------------------

--------------------------------- Captured Out ---------------------------------
/home/travis/build/bansan85/ocr-book/tests/0001_4.png
separation double page angle 90.62846302565308
separation double page y=0 2485
page rotation 1 0.75
page rotation 2 0.2
image 1 crop x1 332
image 1 crop y1 337
image 1 crop x2 2342
image 1 crop y2 3223
image 2 crop x1 175
image 2 crop y1 649
image 2 crop x2 2189
image 2 crop y2 3360
image 1 dpi 300
image 1 border top 325
image 1 border bottom 276
image 1 border left 225
image 1 border right 225
image 2 dpi 300
image 2 border top 672
image 2 border bottom 104
image 2 border left 223
image 2 border right 223

</system-out><system-err>--------------------------------- Captured Err ---------------------------------

</system-err></testcase><testcase classname="tests.test_features" name="test_mock_stop_at_5" time="66.638"><system-out>--------------------------------- Captured Log ---------------------------------

--------------------------------- Captured Out ---------------------------------
/home/travis/build/bansan85/ocr-book/tests/0001_5.png
separation double page angle 90.62846302565308
separation double page y=0 2485
page rotation 1 0.75
page rotation 2 0.2
image 1 crop x1 332
image 1 crop y1 337
image 1 crop x2 2342
image 1 crop y2 3223
image 2 crop x1 175
image 2 crop y1 649
image 2 crop x2 2189
image 2 crop y2 3360
image 1 dpi 300
image 1 border top 325
image 1 border bottom 276
image 1 border left 225
image 1 border right 225
image 2 dpi 300
image 2 border top 672
image 2 border bottom 104
image 2 border left 223
image 2 border right 223

</system-out><system-err>--------------------------------- Captured Err ---------------------------------

</system-err></testcase><testcase classname="tests.test_images" name="test_0001_png" time="67.844"><system-out>--------------------------------- Captured Log ---------------------------------

--------------------------------- Captured Out ---------------------------------
/home/travis/build/bansan85/ocr-book/tests/0001.png
1604841751865094144 : Checking separation double page angle 90.62846302565308
1604841751865274368 : Checking separation double page y=0 2485
1604841764523107584 : Checking page rotation 1 0.75
1604841781524012800 : Checking page rotation 2 0.2
1604841782339918336 : Checking image 1 crop x1 332
1604841782340005632 : Checking image 1 crop y1 337
1604841782340040704 : Checking image 1 crop x2 2342
1604841782340073984 : Checking image 1 crop y2 3223
1604841783179596032 : Checking image 2 crop x1 175
1604841783179681280 : Checking image 2 crop y1 649
1604841783179716608 : Checking image 2 crop x2 2189
1604841783179749888 : Checking image 2 crop y2 3360
1604841783206970624 : Checking image 1 dpi 300
1604841783207102976 : Checking image 1 border top 325
1604841783207136000 : Checking image 1 border bottom 276
1604841783207164672 : Checking image 1 border left 225
1604841783207233280 : Checking image 1 border right 225
1604841783208817664 : Checking image 2 dpi 300
1604841783208914176 : Checking image 2 border top 672
1604841783208943360 : Checking image 2 border bottom 104
1604841783208971008 : Checking image 2 border left 223
1604841783208998912 : Checking image 2 border right 223

</system-out><system-err>--------------------------------- Captured Err ---------------------------------

</system-err></testcase><testcase classname="tests.test_images" name="test_2_pages_2_contours_png" time="39.497"><system-out>--------------------------------- Captured Log ---------------------------------

--------------------------------- Captured Out ---------------------------------
/home/travis/build/bansan85/ocr-book/tests/2-pages-2-contours.png
1604841806605319424 : Checking separation double page angle 90.11489621132014
1604841806605415936 : Checking separation double page y=0 2487
1604841808777909504 : Checking page rotation 1 0.05
1604841821333662208 : Checking page rotation 2 0.35000000000000003
1604841821955096576 : Checking image 1 crop x1 1186
1604841821955171584 : Checking image 1 crop y1 1720
1604841821955266816 : Checking image 1 crop x2 1187
1604841821955299072 : Checking image 1 crop y2 1721
1604841822688999936 : Checking image 2 crop x1 103
1604841822689084928 : Checking image 2 crop y1 241
1604841822689119744 : Checking image 2 crop x2 2148
1604841822689153792 : Checking image 2 crop y2 3239
1604841822715974912 : Checking image 1 dpi 300
1604841822716069376 : Checking image 1 border top 1752
1604841822716101376 : Checking image 1 border bottom 1753
1604841822716130304 : Checking image 1 border left 1239
1604841822716158208 : Checking image 1 border right 1239
1604841822717486080 : Checking image 2 dpi 300
1604841822717581056 : Checking image 2 border top 230
1604841822717610496 : Checking image 2 border bottom 259
1604841822717638656 : Checking image 2 border left 207
1604841822717665792 : Checking image 2 border right 207

</system-out><system-err>--------------------------------- Captured Err ---------------------------------

</system-err></testcase><testcase classname="tests.test_images" name="test_black_border_not_removed_png" time="88.154"><system-out>--------------------------------- Captured Log ---------------------------------

--------------------------------- Captured Out ---------------------------------
/home/travis/build/bansan85/ocr-book/tests/black-border-not-removed.png
1604841873437448448 : Checking separation double page angle 89.96841710309258
1604841873437545472 : Checking separation double page y=0 2453
1604841887905840128 : Checking page rotation 1 0.0
1604841909149707008 : Checking page rotation 2 0.0
1604841909966520064 : Checking image 1 crop x1 298
1604841909966604800 : Checking image 1 crop y1 144
1604841909966647040 : Checking image 1 crop x2 2308
1604841909966680064 : Checking image 1 crop y2 3346
1604841910835980800 : Checking image 2 crop x1 159
1604841910836066048 : Checking image 2 crop y1 146
1604841910836099584 : Checking image 2 crop x2 2170
1604841910836132864 : Checking image 2 crop y2 3351
1604841910865013504 : Checking image 1 dpi 300
1604841910865138944 : Checking image 1 border top 129
1604841910865171200 : Checking image 1 border bottom 156
1604841910865200896 : Checking image 1 border left 225
1604841910865228800 : Checking image 1 border right 225
1604841910866848768 : Checking image 2 dpi 300
1604841910866947840 : Checking image 2 border top 131
1604841910866976512 : Checking image 2 border bottom 151
1604841910867003904 : Checking image 2 border left 224
1604841910867031296 : Checking image 2 border right 224

</system-out><system-err>--------------------------------- Captured Err ---------------------------------

</system-err></testcase><testcase classname="tests.test_images" name="test_image_failed_to_rotate_png" time="136.657"><system-out>--------------------------------- Captured Log ---------------------------------

--------------------------------- Captured Out ---------------------------------
/home/travis/build/bansan85/ocr-book/tests/image_failed_to_rotate.png
1604841956237556992 : Checking separation double page angle 90.35280950547336
1604841956237658112 : Checking separation double page y=0 2478
1604841971118828288 : Checking page rotation 1 0.4
1604841985724928768 : Checking page rotation 2 0.45
1604842046420870144 : Checking image 1 crop x1 82
1604842046421000704 : Checking image 1 crop y1 1
1604842046421031424 : Checking image 1 crop x2 2470
1604842046421061632 : Checking image 1 crop y2 3501
1604842047405352448 : Checking image 2 crop x1 183
1604842047405472512 : Checking image 2 crop y1 235
1604842047405517568 : Checking image 2 crop x2 2261
1604842047405560576 : Checking image 2 crop y2 3355
1604842047439672832 : Checking image 1 dpi 300
1604842047439809536 : Checking image 1 border top 4
1604842047439848704 : Checking image 1 border bottom 4
1604842047439885056 : Checking image 1 border left 43
1604842047439921152 : Checking image 1 border right 43
1604842047441648384 : Checking image 2 dpi 300
1604842047441770752 : Checking image 2 border top 207
1604842047441807360 : Checking image 2 border bottom 160
1604842047441842944 : Checking image 2 border left 191
1604842047441877504 : Checking image 2 border right 191

</system-out><system-err>--------------------------------- Captured Err ---------------------------------

</system-err></testcase><testcase classname="tests.test_images" name="test_image_failed_to_crop_data_png" time="66.438"><system-out>--------------------------------- Captured Log ---------------------------------

--------------------------------- Captured Out ---------------------------------
/home/travis/build/bansan85/ocr-book/tests/image_failed_to_crop_data.png
1604842078616909568 : Checking separation double page angle 90.07123175968051
1604842078617001216 : Checking separation double page y=0 2485
1604842086556493568 : Checking page rotation 1 0.2
1604842098166029056 : Checking page rotation 2 0.2
1604842113022410496 : Checking image 1 crop x1 52
1604842113022545920 : Checking image 1 crop y1 3
1604842113022578944 : Checking image 1 crop x2 2483
1604842113022609152 : Checking image 1 crop y2 3500
1604842113874875392 : Checking image 2 crop x1 159
1604842113874957568 : Checking image 2 crop y1 220
1604842113874992128 : Checking image 2 crop x2 2235
1604842113875025152 : Checking image 2 crop y2 3348
1604842113904998400 : Checking image 1 dpi 300
1604842113905122304 : Checking image 1 border top 5
1604842113905154048 : Checking image 1 border bottom 5
1604842113905182720 : Checking image 1 border left 25
1604842113905210112 : Checking image 1 border right 25
1604842113906890240 : Checking image 2 dpi 300
1604842113906978048 : Checking image 2 border top 212
1604842113907007488 : Checking image 2 border bottom 146
1604842113907034880 : Checking image 2 border left 192
1604842113907062272 : Checking image 2 border right 192

</system-out><system-err>--------------------------------- Captured Err ---------------------------------

</system-err></testcase><testcase classname="tests.test_images" name="test_wrong_angle_split_line_png" time="0.001"><skipped message="Value for brightness and constrast are hardcoded." type="pytest.skip">tests/test_images.py:205: Value for brightness and constrast are hardcoded.</skipped><system-out>--------------------------------- Captured Log ---------------------------------

--------------------------------- Captured Out ---------------------------------

</system-out><system-err>--------------------------------- Captured Err ---------------------------------

</system-err><system-out>--------------------------------- Captured Log ---------------------------------

--------------------------------- Captured Out ---------------------------------

</system-out><system-err>--------------------------------- Captured Err ---------------------------------

</system-err></testcase></testsuite></testsuites>