<?xml version="1.0" encoding="utf-8"?><testsuites><testsuite errors="0" failures="0" hostname="fv-az99-20" name="pytest" skipped="0" tests="36" time="389.672" timestamp="2021-05-12T14:15:43.536074"><testcase classname="tests.test_features" name="test_mock_stop_at_0" time="0.052"><system-out>--------------------------------- Captured Log ---------------------------------

--------------------------------- Captured Out ---------------------------------
/home/runner/work/diptych/diptych/tests/0001_0.png

</system-out><system-err>--------------------------------- Captured Err ---------------------------------

</system-err></testcase><testcase classname="tests.test_features" name="test_disabled_enable_debug" time="22.134"><system-out>--------------------------------- Captured Log ---------------------------------

--------------------------------- Captured Out ---------------------------------
/home/runner/work/diptych/diptych/tests/0001_debug.png
separation double page angle 90.55756528497216
separation double page y=0 2484
page rotation 1 0.65
page rotation 2 0.2
image 1 crop x1 329
image 1 crop y1 335
image 1 crop x2 2344
image 1 crop y2 3222
image 2 crop x1 171
image 2 crop y1 648
image 2 crop x2 2188
image 2 crop y2 3361
image 1 dpi 300
image 1 border top 327
image 1 border bottom 273
image 1 border left 222
image 1 border right 222
image 2 dpi 300
image 2 border top 643
image 2 border bottom 131
image 2 border left 221
image 2 border right 221

</system-out><system-err>--------------------------------- Captured Err ---------------------------------

</system-err></testcase><testcase classname="tests.test_features" name="test_mock_stop_at_2" time="16.267"><system-out>--------------------------------- Captured Log ---------------------------------

--------------------------------- Captured Out ---------------------------------
/home/runner/work/diptych/diptych/tests/0001_2.png
separation double page angle 90.55756528497216
separation double page y=0 2484
page rotation 1 0.65
page rotation 2 0.2

</system-out><system-err>--------------------------------- Captured Err ---------------------------------

</system-err></testcase><testcase classname="tests.test_features" name="test_mock_stop_at_4" time="22.241"><system-out>--------------------------------- Captured Log ---------------------------------

--------------------------------- Captured Out ---------------------------------
/home/runner/work/diptych/diptych/tests/0001_4.png
separation double page angle 90.55756528497216
separation double page y=0 2484
page rotation 1 0.65
page rotation 2 0.2
image 1 crop x1 329
image 1 crop y1 335
image 1 crop x2 2344
image 1 crop y2 3222
image 2 crop x1 171
image 2 crop y1 648
image 2 crop x2 2188
image 2 crop y2 3361
image 1 dpi 300
image 1 border top 326
image 1 border bottom 274
image 1 border left 222
image 1 border right 222
image 2 dpi 300
image 2 border top 643
image 2 border bottom 131
image 2 border left 221
image 2 border right 221

</system-out><system-err>--------------------------------- Captured Err ---------------------------------

</system-err></testcase><testcase classname="tests.test_features" name="test_mock_stop_at_1" time="12.635"><system-out>--------------------------------- Captured Log ---------------------------------

--------------------------------- Captured Out ---------------------------------
/home/runner/work/diptych/diptych/tests/0001_1.png
separation double page angle 90.55756528497216
separation double page y=0 2484

</system-out><system-err>--------------------------------- Captured Err ---------------------------------

</system-err></testcase><testcase classname="tests.test_features" name="test_mock_stop_at_3" time="21.779"><system-out>--------------------------------- Captured Log ---------------------------------

--------------------------------- Captured Out ---------------------------------
/home/runner/work/diptych/diptych/tests/0001_3.png
separation double page angle 90.55756528497216
separation double page y=0 2484
page rotation 1 0.65
page rotation 2 0.2
image 1 crop x1 329
image 1 crop y1 335
image 1 crop x2 2344
image 1 crop y2 3222
image 2 crop x1 171
image 2 crop y1 648
image 2 crop x2 2188
image 2 crop y2 3361

</system-out><system-err>--------------------------------- Captured Err ---------------------------------

</system-err></testcase><testcase classname="tests.test_images" name="test_0001_png" time="20.631"><system-out>--------------------------------- Captured Log ---------------------------------

--------------------------------- Captured Out ---------------------------------
/home/runner/work/diptych/diptych/tests/0001.png
1620828994989343085 : Checking separation double page angle 90.55756528497216
1620828994989475590 : Checking separation double page y=0 2484
1620828996202471874 : Checking page rotation 1 0.65
1620828997907388204 : Checking page rotation 2 0.2
1620829000999501187 : Checking image 1 crop x1 329
1620829000999610390 : Checking image 1 crop y1 335
1620829000999648892 : Checking image 1 crop x2 2344
1620829000999683493 : Checking image 1 crop y2 3222
1620829003724922661 : Checking image 2 crop x1 171
1620829003725048665 : Checking image 2 crop y1 648
1620829003725091367 : Checking image 2 crop x2 2188
1620829003725126868 : Checking image 2 crop y2 3361
1620829003725292373 : Checking image 1 dpi 300
1620829003725361175 : Checking image 1 border top 326
1620829003725397076 : Checking image 1 border bottom 274
1620829003725428877 : Checking image 1 border left 222
1620829003725460478 : Checking image 1 border right 222
1620829003728443772 : Checking image 2 dpi 300
1620829003728526274 : Checking image 2 border top 643
1620829003728561475 : Checking image 2 border bottom 131
1620829003728593176 : Checking image 2 border left 221
1620829003728624177 : Checking image 2 border right 221

</system-out><system-err>--------------------------------- Captured Err ---------------------------------

</system-err></testcase><testcase classname="tests.test_features" name="test_mock_stop_at_5" time="22.104"><system-out>--------------------------------- Captured Log ---------------------------------

--------------------------------- Captured Out ---------------------------------
/home/runner/work/diptych/diptych/tests/0001_5.png
separation double page angle 90.55756528497216
separation double page y=0 2484
page rotation 1 0.65
page rotation 2 0.2
image 1 crop x1 329
image 1 crop y1 335
image 1 crop x2 2344
image 1 crop y2 3222
image 2 crop x1 171
image 2 crop y1 648
image 2 crop x2 2188
image 2 crop y2 3361
image 1 dpi 300
image 1 border top 326
image 1 border bottom 274
image 1 border left 222
image 1 border right 222
image 2 dpi 300
image 2 border top 643
image 2 border bottom 131
image 2 border left 221
image 2 border right 221

</system-out><system-err>--------------------------------- Captured Err ---------------------------------

</system-err></testcase><testcase classname="tests.test_images" name="test_black_border_not_removed_png" time="22.379"><system-out>--------------------------------- Captured Log ---------------------------------

--------------------------------- Captured Out ---------------------------------
/home/runner/work/diptych/diptych/tests/black-border-not-removed.png
1620829014892034286 : Checking separation double page angle 90.01516396500199
1620829014892146590 : Checking separation double page y=0 2455
1620829016026465486 : Checking page rotation 1 0.0
1620829017752926665 : Checking page rotation 2 0.1
1620829020889474131 : Checking image 1 crop x1 297
1620829020889602234 : Checking image 1 crop y1 143
1620829020889646335 : Checking image 1 crop x2 2309
1620829020889687036 : Checking image 1 crop y2 3346
1620829026106609879 : Checking image 2 crop x1 154
1620829026106711782 : Checking image 2 crop y1 144
1620829026106750984 : Checking image 2 crop x2 2168
1620829026106788685 : Checking image 2 crop y2 3351
1620829026106951190 : Checking image 1 dpi 300
1620829026107020992 : Checking image 1 border top 131
1620829026107056193 : Checking image 1 border bottom 153
1620829026107088794 : Checking image 1 border left 224
1620829026107120595 : Checking image 1 border right 224
1620829026109742477 : Checking image 2 dpi 300
1620829026109806979 : Checking image 2 border top 133
1620829026109840880 : Checking image 2 border bottom 147
1620829026109885482 : Checking image 2 border left 223
1620829026110049087 : Checking image 2 border right 223

</system-out><system-err>--------------------------------- Captured Err ---------------------------------

</system-err></testcase><testcase classname="tests.test_images" name="test_2_pages_2_contours_png" time="15.954"><system-out>--------------------------------- Captured Log ---------------------------------

--------------------------------- Captured Out ---------------------------------
/home/runner/work/diptych/diptych/tests/2-pages-2-contours.png
1620829033850693672 : Checking separation double page angle 90.14230271514262
1620829033850833676 : Checking separation double page y=0 2488
1620829034474778876 : Checking page rotation 1 0.0
1620829035613046780 : Checking page rotation 2 0.2
1620829036580380627 : Checking image 1 crop x1 1189
1620829036580478830 : Checking image 1 crop y1 1751
1620829036580515431 : Checking image 1 crop x2 1190
1620829036580549232 : Checking image 1 crop y2 1752
1620829039162875243 : Checking image 2 crop x1 100
1620829039162981247 : Checking image 2 crop y1 240
1620829039163019848 : Checking image 2 crop x2 2148
1620829039163054749 : Checking image 2 crop y2 3240
1620829039163201953 : Checking image 1 dpi 300
1620829039163277856 : Checking image 1 border top 1752
1620829039163314057 : Checking image 1 border bottom 1753
1620829039163345658 : Checking image 1 border left 1239
1620829039163377859 : Checking image 1 border right 1239
1620829039165148013 : Checking image 2 dpi 300
1620829039165201915 : Checking image 2 border top 230
1620829039165232516 : Checking image 2 border bottom 256
1620829039165261517 : Checking image 2 border left 206
1620829039165290318 : Checking image 2 border right 206

</system-out><system-err>--------------------------------- Captured Err ---------------------------------

</system-err></testcase><testcase classname="tests.test_images" name="test_image_failed_to_rotate_png" time="27.970"><system-out>--------------------------------- Captured Log ---------------------------------

--------------------------------- Captured Out ---------------------------------
/home/runner/work/diptych/diptych/tests/image_failed_to_rotate.png
1620829040955220861 : Checking separation double page angle 90.35651650869968
1620829040955334365 : Checking separation double page y=0 2483
1620829042776670844 : Checking page rotation 1 0.45
1620829043903635303 : Checking page rotation 2 0.2
1620829049901759257 : Checking image 1 crop x1 31
1620829049901890361 : Checking image 1 crop y1 1
1620829049901937162 : Checking image 1 crop x2 2481
1620829049901979063 : Checking image 1 crop y2 3504
1620829053965457036 : Checking image 2 crop x1 171
1620829053965573939 : Checking image 2 crop y1 231
1620829053965615540 : Checking image 2 crop x2 2259
1620829053965654841 : Checking image 2 crop y2 3358
1620829053965820245 : Checking image 1 dpi 300
1620829053965894447 : Checking image 1 border top 2
1620829053965933148 : Checking image 1 border bottom 2
1620829053965966448 : Checking image 1 border left 15
1620829053966000549 : Checking image 1 border right 15
1620829053968534712 : Checking image 2 dpi 300
1620829053968604414 : Checking image 2 border top 217
1620829053968640315 : Checking image 2 border bottom 143
1620829053968673916 : Checking image 2 border left 186
1620829053968709317 : Checking image 2 border right 186

</system-out><system-err>--------------------------------- Captured Err ---------------------------------

</system-err></testcase><testcase classname="tests.test_images" name="test_wrong_split_line_png" time="18.635"><system-out>--------------------------------- Captured Log ---------------------------------

--------------------------------- Captured Out ---------------------------------
/home/runner/work/diptych/diptych/tests/wrong_split_line.png
1620829051317847915 : Checking separation double page angle 89.95895720607972
1620829051317977319 : Checking separation double page y=0 2466
1620829052622788506 : Checking page rotation 1 -0.04999999999999689
1620829053853775655 : Checking page rotation 2 0.45
1620829055374606621 : Checking image 1 crop x1 211
1620829055374732624 : Checking image 1 crop y1 156
1620829055374776725 : Checking image 1 crop x2 2323
1620829055374818926 : Checking image 1 crop y2 3363
1620829057786377788 : Checking image 2 crop x1 123
1620829057786518293 : Checking image 2 crop y1 164
1620829057786561794 : Checking image 2 crop x2 2237
1620829057786602395 : Checking image 2 crop y2 3375
1620829057786768400 : Checking image 1 dpi 300
1620829057786840603 : Checking image 1 border top 135
1620829057786877804 : Checking image 1 border bottom 145
1620829057786914305 : Checking image 1 border left 174
1620829057786951606 : Checking image 1 border right 174
1620829057790296811 : Checking image 2 dpi 300
1620829057790383613 : Checking image 2 border top 141
1620829057790422915 : Checking image 2 border bottom 135
1620829057790458616 : Checking image 2 border left 173
1620829057790494217 : Checking image 2 border right 173

</system-out><system-err>--------------------------------- Captured Err ---------------------------------

</system-err></testcase><testcase classname="tests.test_images" name="test_image_failed_to_crop_data_png" time="40.102"><system-out>--------------------------------- Captured Log ---------------------------------

--------------------------------- Captured Out ---------------------------------
/home/runner/work/diptych/diptych/tests/image_failed_to_crop_data.png
1620829073589106209 : Checking separation double page angle 90.09350257645173
1620829073589212812 : Checking separation double page y=0 2479
1620829078457501971 : Checking page rotation 1 0.15000000000000002
1620829079896764640 : Checking page rotation 2 0.05
1620829090664708947 : Checking image 1 crop x1 46
1620829090664844752 : Checking image 1 crop y1 1
1620829090664893254 : Checking image 1 crop x2 2477
1620829090664936356 : Checking image 1 crop y2 3505
1620829094111063700 : Checking image 2 crop x1 164
1620829094111187805 : Checking image 2 crop y1 217
1620829094111231807 : Checking image 2 crop x2 2245
1620829094111327511 : Checking image 2 crop y2 3350
1620829094111506817 : Checking image 1 dpi 300
1620829094111584320 : Checking image 1 border top 2
1620829094111628522 : Checking image 1 border bottom 2
1620829094111665124 : Checking image 1 border left 25
1620829094111701325 : Checking image 1 border right 25
1620829094114450531 : Checking image 2 dpi 300
1620829094114535834 : Checking image 2 border top 206
1620829094114576035 : Checking image 2 border bottom 148
1620829094114623237 : Checking image 2 border left 189
1620829094114657639 : Checking image 2 border right 189

</system-out><system-err>--------------------------------- Captured Err ---------------------------------

</system-err></testcase><testcase classname="tests.test_images" name="test_crop_too_much_png" time="25.500"><system-out>--------------------------------- Captured Log ---------------------------------

--------------------------------- Captured Out ---------------------------------
/home/runner/work/diptych/diptych/tests/crop_too_much.png
1620829071994672141 : Checking separation double page angle 90.16929865985193
1620829071994787844 : Checking separation double page y=0 2456
1620829073543631349 : Checking page rotation 1 -0.04999999999999689
1620829075205647610 : Checking page rotation 2 0.2
1620829078526536388 : Checking image 1 crop x1 302
1620829078526670891 : Checking image 1 crop y1 148
1620829078526713692 : Checking image 1 crop x2 2314
1620829078526751293 : Checking image 1 crop y2 3351
1620829083268376826 : Checking image 2 crop x1 163
1620829083268487129 : Checking image 2 crop y1 151
1620829083268523830 : Checking image 2 crop x2 2187
1620829083268558931 : Checking image 2 crop y2 3363
1620829083268707235 : Checking image 1 dpi 300
1620829083268772737 : Checking image 1 border top 133
1620829083268805038 : Checking image 1 border bottom 151
1620829083268835739 : Checking image 1 border left 224
1620829083268868439 : Checking image 1 border right 224
1620829083272350637 : Checking image 2 dpi 300
1620829083272453040 : Checking image 2 border top 132
1620829083272487341 : Checking image 2 border bottom 143
1620829083272520342 : Checking image 2 border left 218
1620829083272550743 : Checking image 2 border right 218

</system-out><system-err>--------------------------------- Captured Err ---------------------------------

</system-err></testcase><testcase classname="tests.test_images" name="test_crop_too_few_png" time="18.335"><system-out>--------------------------------- Captured Log ---------------------------------

--------------------------------- Captured Out ---------------------------------
/home/runner/work/diptych/diptych/tests/crop_too_few.png
1620829095603566562 : Checking separation double page angle 89.49492328400886
1620829095603690466 : Checking separation double page y=0 2510
1620829096750050324 : Checking page rotation 1 -0.6499999999999977
1620829097881732356 : Checking page rotation 2 0.0
1620829099983231409 : Checking image 1 crop x1 263
1620829099983375314 : Checking image 1 crop y1 150
1620829099983418615 : Checking image 1 crop x2 2377
1620829099983457316 : Checking image 1 crop y2 3357
1620829101637742438 : Checking image 2 crop x1 139
1620829101637861442 : Checking image 2 crop y1 141
1620829101637902643 : Checking image 2 crop x2 2261
1620829101637942444 : Checking image 2 crop y2 3345
1620829101638101349 : Checking image 1 dpi 300
1620829101638171152 : Checking image 1 border top 129
1620829101638208053 : Checking image 1 border bottom 150
1620829101638243254 : Checking image 1 border left 173
1620829101638280755 : Checking image 1 border right 173
1620829101641179249 : Checking image 2 dpi 300
1620829101641250452 : Checking image 2 border top 130
1620829101641284353 : Checking image 2 border bottom 153
1620829101641315454 : Checking image 2 border left 169
1620829101641346455 : Checking image 2 border right 169

</system-out><system-err>--------------------------------- Captured Err ---------------------------------

</system-err></testcase><testcase classname="tests.test_images" name="test_wrong_angle_split_line_png" time="25.119"><system-out>--------------------------------- Captured Log ---------------------------------

--------------------------------- Captured Out ---------------------------------
/home/runner/work/diptych/diptych/tests/wrong_angle_split_line.png
1620829105115585168 : Checking separation double page angle 90.08791528895468
1620829105115687371 : Checking separation double page y=0 2478
1620829106513483626 : Checking page rotation 1 0.1
1620829107643641207 : Checking page rotation 2 0.1
1620829113544050557 : Checking image 1 crop x1 58
1620829113544163460 : Checking image 1 crop y1 6
1620829113544205761 : Checking image 1 crop x2 2476
1620829113544243163 : Checking image 1 crop y2 3501
1620829118554613155 : Checking image 2 crop x1 166
1620829118554720059 : Checking image 2 crop y1 218
1620829118554759360 : Checking image 2 crop x2 2244
1620829118554795761 : Checking image 2 crop y2 3349
1620829118554951466 : Checking image 1 dpi 300
1620829118555022768 : Checking image 1 border top 6
1620829118555057369 : Checking image 1 border bottom 6
1620829118555087370 : Checking image 1 border left 31
1620829118555116871 : Checking image 1 border right 31
1620829118562432000 : Checking image 2 dpi 300
1620829118562539203 : Checking image 2 border top 209
1620829118562573204 : Checking image 2 border bottom 147
1620829118562603105 : Checking image 2 border left 191
1620829118562632506 : Checking image 2 border right 191

</system-out><system-err>--------------------------------- Captured Err ---------------------------------

</system-err></testcase><testcase classname="tests.test_images" name="test_crop_too_much_2_png" time="25.980"><system-out>--------------------------------- Captured Log ---------------------------------

--------------------------------- Captured Out ---------------------------------
/home/runner/work/diptych/diptych/tests/crop_too_much_2.png
1620829116272317229 : Checking separation double page angle 90.15285326123045
1620829116272437133 : Checking separation double page y=0 2477
1620829118279388754 : Checking page rotation 1 0.15000000000000002
1620829119969537075 : Checking page rotation 2 0.2
1620829123315257411 : Checking image 1 crop x1 330
1620829123315406015 : Checking image 1 crop y1 132
1620829123315446216 : Checking image 1 crop x2 2342
1620829123315481417 : Checking image 1 crop y2 3335
1620829127578605835 : Checking image 2 crop x1 165
1620829127578714038 : Checking image 2 crop y1 139
1620829127578766340 : Checking image 2 crop x2 2178
1620829127578804241 : Checking image 2 crop y2 3345
1620829127578963345 : Checking image 1 dpi 300
1620829127579033547 : Checking image 1 border top 121
1620829127579069848 : Checking image 1 border bottom 163
1620829127579104749 : Checking image 1 border left 224
1620829127579141950 : Checking image 1 border right 224
1620829127582319242 : Checking image 2 dpi 300
1620829127582405045 : Checking image 2 border top 129
1620829127582441546 : Checking image 2 border bottom 152
1620829127582474947 : Checking image 2 border left 223
1620829127582508248 : Checking image 2 border right 223

</system-out><system-err>--------------------------------- Captured Err ---------------------------------

</system-err></testcase><testcase classname="tests.test_images" name="test_angle_page_lower_split_line_png" time="26.843"><system-out>--------------------------------- Captured Log ---------------------------------

--------------------------------- Captured Out ---------------------------------
/home/runner/work/diptych/diptych/tests/angle_page_lower_split_line.png
1620829137742123601 : Checking separation double page angle 89.74412725181848
1620829137742230105 : Checking separation double page y=0 2472
1620829139214730310 : Checking page rotation 1 -0.14999999999999067
1620829140611854197 : Checking page rotation 2 0.1
1620829142340847616 : Checking image 1 crop x1 241
1620829142340959919 : Checking image 1 crop y1 156
1620829142341002721 : Checking image 1 crop x2 2357
1620829142341041922 : Checking image 1 crop y2 3368
1620829146157366005 : Checking image 2 crop x1 151
1620829146157483307 : Checking image 2 crop y1 146
1620829146157527107 : Checking image 2 crop x2 2261
1620829146157567808 : Checking image 2 crop y2 3351
1620829146157727111 : Checking image 1 dpi 300
1620829146157801012 : Checking image 1 border top 140
1620829146157919614 : Checking image 1 border bottom 135
1620829146157969415 : Checking image 1 border left 172
1620829146158006416 : Checking image 1 border right 172
1620829146160853665 : Checking image 2 dpi 300
1620829146160931966 : Checking image 2 border top 131
1620829146160971767 : Checking image 2 border bottom 151
1620829146161007468 : Checking image 2 border left 175
1620829146161042668 : Checking image 2 border right 175

</system-out><system-err>--------------------------------- Captured Err ---------------------------------

</system-err></testcase><testcase classname="tests.test_images" name="test_wrong_split_line_2_png" time="33.497"><system-out>--------------------------------- Captured Log ---------------------------------

--------------------------------- Captured Out ---------------------------------
/home/runner/work/diptych/diptych/tests/wrong_split_line_2.png
1620829144069847635 : Checking separation double page angle 90.23635161124103
1620829144069961138 : Checking separation double page y=0 2437
1620829145938810338 : Checking page rotation 1 0.2
1620829147732274914 : Checking page rotation 2 0.2
1620829153441798426 : Checking image 1 crop x1 294
1620829153441930330 : Checking image 1 crop y1 136
1620829153441969631 : Checking image 1 crop x2 2325
1620829153442007432 : Checking image 1 crop y2 3376
1620829161100462800 : Checking image 2 crop x1 138
1620829161100575103 : Checking image 2 crop y1 190
1620829161100613904 : Checking image 2 crop x2 2174
1620829161100651105 : Checking image 2 crop y2 3389
1620829161100796309 : Checking image 1 dpi 300
1620829161100876911 : Checking image 1 border top 131
1620829161100913112 : Checking image 1 border bottom 116
1620829161100948413 : Checking image 1 border left 214
1620829161100986014 : Checking image 1 border right 214
1620829161103616284 : Checking image 2 dpi 300
1620829161103681586 : Checking image 2 border top 181
1620829161103714987 : Checking image 2 border bottom 107
1620829161103745888 : Checking image 2 border left 212
1620829161103777189 : Checking image 2 border right 212

</system-out><system-err>--------------------------------- Captured Err ---------------------------------

</system-err></testcase><testcase classname="tests.test_images" name="test_wrong_wave_split_line_png" time="33.268"><system-out>--------------------------------- Captured Log ---------------------------------

--------------------------------- Captured Out ---------------------------------
/home/runner/work/diptych/diptych/tests/wrong_wave_split_line.png
1620829164535422619 : Checking separation double page angle 90.42461655762611
1620829164535534122 : Checking separation double page y=0 2502
1620829166008136445 : Checking page rotation 1 -0.09999999999999377
1620829167234609981 : Checking page rotation 2 0.85
1620829172877361869 : Checking image 1 crop x1 384
1620829172877484371 : Checking image 1 crop y1 178
1620829172877530672 : Checking image 1 crop x2 2412
1620829172877571773 : Checking image 1 crop y2 3374
1620829179416810834 : Checking image 2 crop x1 7
1620829179416937638 : Checking image 2 crop y1 0
1620829179416977639 : Checking image 2 crop x2 2411
1620829179417016041 : Checking image 2 crop y2 3505
1620829179417161345 : Checking image 1 dpi 300
1620829179417234047 : Checking image 1 border top 173
1620829179417271649 : Checking image 1 border bottom 118
1620829179417304250 : Checking image 1 border left 216
1620829179417336251 : Checking image 1 border right 216
1620829179420182740 : Checking image 2 dpi 300
1620829179420258342 : Checking image 2 border top 1
1620829179420293344 : Checking image 2 border bottom 1
1620829179420325545 : Checking image 2 border left 38
1620829179420357046 : Checking image 2 border right 38

</system-out><system-err>--------------------------------- Captured Err ---------------------------------

</system-err></testcase><testcase classname="tests.test_images" name="test_small_wave_png" time="22.500"><system-out>--------------------------------- Captured Log ---------------------------------

--------------------------------- Captured Out ---------------------------------
/home/runner/work/diptych/diptych/tests/small_wave.png
1620829175315524673 : Checking separation double page angle 90.56494929955075
1620829175315642475 : Checking separation double page y=0 2495
1620829177860648540 : Checking page rotation 1 0.7
1620829179666983993 : Checking page rotation 2 0.65
1620829181250309033 : Checking image 1 crop x1 322
1620829181250421937 : Checking image 1 crop y1 199
1620829181250460138 : Checking image 1 crop x2 2351
1620829181250493739 : Checking image 1 crop y2 3394
1620829183596652943 : Checking image 2 crop x1 130
1620829183596783648 : Checking image 2 crop y1 222
1620829183596823949 : Checking image 2 crop x2 2163
1620829183596861650 : Checking image 2 crop y2 3420
1620829183597031855 : Checking image 1 dpi 300
1620829183597099657 : Checking image 1 border top 181
1620829183597134259 : Checking image 1 border bottom 111
1620829183597166460 : Checking image 1 border left 215
1620829183597201361 : Checking image 1 border right 215
1620829183599975248 : Checking image 2 dpi 300
1620829183600047450 : Checking image 2 border top 197
1620829183600083051 : Checking image 2 border bottom 92
1620829183600115852 : Checking image 2 border left 213
1620829183600148753 : Checking image 2 border right 213

</system-out><system-err>--------------------------------- Captured Err ---------------------------------

</system-err></testcase><testcase classname="tests.test_images" name="test_no_split_line_line_algo_png" time="21.312"><system-out>--------------------------------- Captured Log ---------------------------------

--------------------------------- Captured Out ---------------------------------
/home/runner/work/diptych/diptych/tests/no_split_line_line_algo.png
1620829191913707552 : Checking separation double page angle 89.47691469185418
1620829191913809156 : Checking separation double page y=0 2476
1620829192823057010 : Checking page rotation 1 -0.14999999999999067
1620829194237707635 : Checking page rotation 2 -0.14999999999999067
1620829196099611322 : Checking image 1 crop x1 205
1620829196099715628 : Checking image 1 crop y1 158
1620829196099754630 : Checking image 1 crop x2 2320
1620829196099790432 : Checking image 1 crop y2 3366
1620829200745231663 : Checking image 2 crop x1 185
1620829200745339066 : Checking image 2 crop y1 225
1620829200745377968 : Checking image 2 crop x2 2204
1620829200745413569 : Checking image 2 crop y2 3362
1620829200745578174 : Checking image 1 dpi 300
1620829200745647776 : Checking image 1 border top 144
1620829200745682877 : Checking image 1 border bottom 134
1620829200745713178 : Checking image 1 border left 172
1620829200745742679 : Checking image 1 border right 172
1620829200748890677 : Checking image 2 dpi 300
1620829200748967080 : Checking image 2 border top 223
1620829200749000881 : Checking image 2 border bottom 127
1620829200749030682 : Checking image 2 border left 220
1620829200749060383 : Checking image 2 border right 220

</system-out><system-err>--------------------------------- Captured Err ---------------------------------

</system-err></testcase><testcase classname="tests.test_images" name="test_wrong_split_line_3_png" time="24.673"><system-out>--------------------------------- Captured Log ---------------------------------

--------------------------------- Captured Out ---------------------------------
/home/runner/work/diptych/diptych/tests/wrong_split_line_3.png
1620829196744117437 : Checking separation double page angle 90.40515247895009
1620829196744245944 : Checking separation double page y=0 2495
1620829198296838271 : Checking page rotation 1 0.2
1620829199635882438 : Checking page rotation 2 0.85
1620829201908761179 : Checking image 1 crop x1 331
1620829201908878183 : Checking image 1 crop y1 166
1620829201908917484 : Checking image 1 crop x2 2377
1620829201908955686 : Checking image 1 crop y2 3375
1620829208299471773 : Checking image 2 crop x1 103
1620829208299582876 : Checking image 2 crop y1 207
1620829208299623977 : Checking image 2 crop x2 2136
1620829208299674479 : Checking image 2 crop y2 3414
1620829208299858084 : Checking image 1 dpi 300
1620829208299927487 : Checking image 1 border top 158
1620829208299963688 : Checking image 1 border bottom 120
1620829208299998489 : Checking image 1 border left 207
1620829208300035690 : Checking image 1 border right 207
1620829208302956981 : Checking image 2 dpi 300
1620829208303021383 : Checking image 2 border top 199
1620829208303056684 : Checking image 2 border bottom 81
1620829208303089685 : Checking image 2 border left 213
1620829208303122486 : Checking image 2 border right 213

</system-out><system-err>--------------------------------- Captured Err ---------------------------------

</system-err></testcase><testcase classname="tests.test_images" name="test_failed_split_line_line_algo_png" time="15.990"><system-out>--------------------------------- Captured Log ---------------------------------

--------------------------------- Captured Out ---------------------------------
/home/runner/work/diptych/diptych/tests/failed_split_line_line_algo.png
1620829210980488374 : Checking separation double page angle 90.0093502548779
1620829210980593278 : Checking separation double page y=0 2574
1620829211848039456 : Checking page rotation 1 0.0
1620829212443080848 : Checking page rotation 2 0.0
1620829214961040962 : Checking image 1 crop x1 411
1620829214961151866 : Checking image 1 crop y1 2927
1620829214961193567 : Checking image 1 crop x2 2422
1620829214961229568 : Checking image 1 crop y2 3172
1620829216756775881 : Checking image 2 crop x1 1191
1620829216756893885 : Checking image 2 crop y1 1745
1620829216756934986 : Checking image 2 crop x2 1192
1620829216756972388 : Checking image 2 crop y2 1746
1620829216757108692 : Checking image 1 dpi 300
1620829216757210895 : Checking image 1 border top 2920
1620829216757252797 : Checking image 1 border bottom 322
1620829216757289598 : Checking image 1 border left 224
1620829216757325599 : Checking image 1 border right 224
1620829216759354864 : Checking image 2 dpi 300
1620829216759429167 : Checking image 2 border top 1752
1620829216759465968 : Checking image 2 border bottom 1753
1620829216759500369 : Checking image 2 border left 1239
1620829216759547471 : Checking image 2 border right 1239

</system-out><system-err>--------------------------------- Captured Err ---------------------------------

</system-err></testcase><testcase classname="tests.test_images" name="test_crop_too_much_3_png" time="20.280"><system-out>--------------------------------- Captured Log ---------------------------------

--------------------------------- Captured Out ---------------------------------
/home/runner/work/diptych/diptych/tests/crop_too_much_3.png
1620829220267503931 : Checking separation double page angle 89.5934556679346
1620829220267625934 : Checking separation double page y=0 2499
1620829221476497904 : Checking page rotation 1 -0.8999999999999949
1620829222986469533 : Checking page rotation 2 -0.04999999999999689
1620829226084185329 : Checking image 1 crop x1 374
1620829226084293533 : Checking image 1 crop y1 258
1620829226084331434 : Checking image 1 crop x2 2385
1620829226084365135 : Checking image 1 crop y2 3459
1620829228570133522 : Checking image 2 crop x1 164
1620829228570241925 : Checking image 2 crop y1 229
1620829228570278826 : Checking image 2 crop x2 2183
1620829228570313427 : Checking image 2 crop y2 3416
1620829228570459532 : Checking image 1 dpi 300
1620829228570524234 : Checking image 1 border top 239
1620829228570556135 : Checking image 1 border bottom 46
1620829228570601136 : Checking image 1 border left 224
1620829228570636737 : Checking image 1 border right 224
1620829228573609630 : Checking image 2 dpi 300
1620829228573683632 : Checking image 2 border top 210
1620829228573717333 : Checking image 2 border bottom 90
1620829228573748334 : Checking image 2 border left 220
1620829228573779335 : Checking image 2 border right 220

</system-out><system-err>--------------------------------- Captured Err ---------------------------------

</system-err></testcase><testcase classname="tests.test_images" name="test_failed_split_line_line_algo_2_png" time="21.921"><system-out>--------------------------------- Captured Log ---------------------------------

--------------------------------- Captured Out ---------------------------------
/home/runner/work/diptych/diptych/tests/failed_split_line_line_algo_2.png
1620829230538589970 : Checking separation double page angle 90.03732329462368
1620829230538712073 : Checking separation double page y=0 2499
1620829232225327166 : Checking page rotation 1 -0.09999999999999377
1620829233461229758 : Checking page rotation 2 0.5499999999999999
1620829236080035503 : Checking image 1 crop x1 273
1620829236080144807 : Checking image 1 crop y1 147
1620829236080183308 : Checking image 1 crop x2 2386
1620829236080217309 : Checking image 1 crop y2 3352
1620829238646782423 : Checking image 2 crop x1 122
1620829238646899027 : Checking image 2 crop y1 155
1620829238646941228 : Checking image 2 crop x2 2246
1620829238646981129 : Checking image 2 crop y2 3350
1620829238647144334 : Checking image 1 dpi 300
1620829238647219637 : Checking image 1 border top 137
1620829238647257138 : Checking image 1 border bottom 145
1620829238647313240 : Checking image 1 border left 173
1620829238647347141 : Checking image 1 border right 173
1620829238650215130 : Checking image 2 dpi 300
1620829238650288732 : Checking image 2 border top 133
1620829238650324134 : Checking image 2 border bottom 159
1620829238650357035 : Checking image 2 border left 168
1620829238650390236 : Checking image 2 border right 168

</system-out><system-err>--------------------------------- Captured Err ---------------------------------

</system-err></testcase><testcase classname="tests.test_images" name="test_wrong_wave_split_line_2_png" time="25.031"><system-out>--------------------------------- Captured Log ---------------------------------

--------------------------------- Captured Out ---------------------------------
/home/runner/work/diptych/diptych/tests/wrong_wave_split_line_2.png
1620829245450134214 : Checking separation double page angle 90.7708958311329
1620829245450240317 : Checking separation double page y=0 2490
1620829246848291332 : Checking page rotation 1 0.2
1620829248123147268 : Checking page rotation 2 1.65
1620829249780219408 : Checking image 1 crop x1 227
1620829249780326911 : Checking image 1 crop y1 147
1620829249780366112 : Checking image 1 crop x2 2342
1620829249780402513 : Checking image 1 crop y2 3353
1620829253604147895 : Checking image 2 crop x1 106
1620829253604260999 : Checking image 2 crop y1 195
1620829253604302900 : Checking image 2 crop x2 2231
1620829253604343301 : Checking image 2 crop y2 3398
1620829253604502406 : Checking image 1 dpi 300
1620829253604571208 : Checking image 1 border top 136
1620829253604607209 : Checking image 1 border bottom 145
1620829253604642011 : Checking image 1 border left 172
1620829253604679312 : Checking image 1 border right 172
1620829253608184521 : Checking image 2 dpi 300
1620829253608304625 : Checking image 2 border top 166
1620829253608408828 : Checking image 2 border bottom 117
1620829253608446830 : Checking image 2 border left 167
1620829253608482831 : Checking image 2 border right 167

</system-out><system-err>--------------------------------- Captured Err ---------------------------------

</system-err></testcase><testcase classname="tests.test_images" name="test_wrong_wave_split_line_3_png" time="23.477"><system-out>--------------------------------- Captured Log ---------------------------------

--------------------------------- Captured Out ---------------------------------
/home/runner/work/diptych/diptych/tests/wrong_wave_split_line_3.png
1620829255281072955 : Checking separation double page angle 90.12715931778824
1620829255281188959 : Checking separation double page y=0 2514
1620829256759303399 : Checking page rotation 1 0.05
1620829258073677418 : Checking page rotation 2 0.2
1620829260269511312 : Checking image 1 crop x1 273
1620829260269615516 : Checking image 1 crop y1 220
1620829260269670117 : Checking image 1 crop x2 2383
1620829260269708319 : Checking image 1 crop y2 3423
1620829262140283549 : Checking image 2 crop x1 116
1620829262140390753 : Checking image 2 crop y1 225
1620829262140445855 : Checking image 2 crop x2 2242
1620829262140486656 : Checking image 2 crop y2 3415
1620829262140654161 : Checking image 1 dpi 300
1620829262140742464 : Checking image 1 border top 202
1620829262140781265 : Checking image 1 border bottom 82
1620829262140815066 : Checking image 1 border left 175
1620829262140848667 : Checking image 1 border right 175
1620829262144763989 : Checking image 2 dpi 300
1620829262144877493 : Checking image 2 border top 204
1620829262144917694 : Checking image 2 border bottom 93
1620829262144952795 : Checking image 2 border left 167
1620829262144987296 : Checking image 2 border right 167

</system-out><system-err>--------------------------------- Captured Err ---------------------------------

</system-err></testcase><testcase classname="tests.test_images" name="test_no_split_line_wave_algo_png" time="34.650"><system-out>--------------------------------- Captured Log ---------------------------------

--------------------------------- Captured Out ---------------------------------
/home/runner/work/diptych/diptych/tests/no_split_line_wave_algo.png
1620829267046041488 : Checking separation double page angle 89.79018091440821
1620829267046163592 : Checking separation double page y=0 2483
1620829270020737100 : Checking page rotation 1 0.0
1620829271257828740 : Checking page rotation 2 -0.44999999999999746
1620829281190095371 : Checking image 1 crop x1 97
1620829281190194874 : Checking image 1 crop y1 74
1620829281190235875 : Checking image 1 crop x2 2489
1620829281190274676 : Checking image 1 crop y2 3505
1620829288229019024 : Checking image 2 crop x1 164
1620829288229131827 : Checking image 2 crop y1 267
1620829288229172628 : Checking image 2 crop x2 2239
1620829288229207830 : Checking image 2 crop y2 3380
1620829288229368835 : Checking image 1 dpi 300
1620829288229435137 : Checking image 1 border top 38
1620829288229469138 : Checking image 1 border bottom 38
1620829288229501539 : Checking image 1 border left 44
1620829288229535440 : Checking image 1 border right 44
1620829288232650837 : Checking image 2 dpi 300
1620829288232746340 : Checking image 2 border top 257
1620829288232782241 : Checking image 2 border bottom 117
1620829288232813942 : Checking image 2 border left 192
1620829288232845843 : Checking image 2 border right 192

</system-out><system-err>--------------------------------- Captured Err ---------------------------------

</system-err></testcase><testcase classname="tests.test_images" name="test_no_split_line_wave_algo_2_png" time="20.649"><system-out>--------------------------------- Captured Log ---------------------------------

--------------------------------- Captured Out ---------------------------------
/home/runner/work/diptych/diptych/tests/no_split_line_wave_algo_2.png
1620829275948216393 : Checking separation double page angle 90.43362571535843
1620829275948334696 : Checking separation double page y=0 2473
1620829277278220473 : Checking page rotation 1 1.05
1620829278447455827 : Checking page rotation 2 0.15000000000000002
1620829280654850837 : Checking image 1 crop x1 267
1620829280654974441 : Checking image 1 crop y1 210
1620829280655017942 : Checking image 1 crop x2 2343
1620829280655056344 : Checking image 1 crop y2 3412
1620829282795887542 : Checking image 2 crop x1 165
1620829282796002046 : Checking image 2 crop y1 241
1620829282796046047 : Checking image 2 crop x2 2250
1620829282796085248 : Checking image 2 crop y2 3433
1620829282796248953 : Checking image 1 dpi 300
1620829282796324056 : Checking image 1 border top 192
1620829282796362857 : Checking image 1 border bottom 93
1620829282796396958 : Checking image 1 border left 192
1620829282796430459 : Checking image 1 border right 192
1620829282799568557 : Checking image 2 dpi 300
1620829282799681961 : Checking image 2 border top 224
1620829282799718662 : Checking image 2 border bottom 71
1620829282799751163 : Checking image 2 border left 187
1620829282800008871 : Checking image 2 border right 187

</system-out><system-err>--------------------------------- Captured Err ---------------------------------

</system-err></testcase><testcase classname="tests.test_images" name="test_failed_detect_rectangle_png" time="20.714"><system-out>--------------------------------- Captured Log ---------------------------------

--------------------------------- Captured Out ---------------------------------
/home/runner/work/diptych/diptych/tests/failed_detect_rectangle.png
1620829297810544297 : Checking separation double page angle 90.242273842964
1620829297810655101 : Checking separation double page y=0 2475
1620829299088748868 : Checking page rotation 1 0.2
1620829300634243492 : Checking page rotation 2 0.2
1620829301996125374 : Checking image 1 crop x1 257
1620829301996235077 : Checking image 1 crop y1 201
1620829301996275679 : Checking image 1 crop x2 2333
1620829301996311980 : Checking image 1 crop y2 3402
1620829303508184652 : Checking image 2 crop x1 137
1620829303508305956 : Checking image 2 crop y1 215
1620829303508351057 : Checking image 2 crop x2 2220
1620829303508393259 : Checking image 2 crop y2 3406
1620829303508569664 : Checking image 1 dpi 300
1620829303508650867 : Checking image 1 border top 188
1620829303508692168 : Checking image 1 border bottom 98
1620829303508728769 : Checking image 1 border left 192
1620829303508764870 : Checking image 1 border right 192
1620829303512818897 : Checking image 2 dpi 300
1620829303512939701 : Checking image 2 border top 201
1620829303512980802 : Checking image 2 border bottom 95
1620829303513017203 : Checking image 2 border left 188
1620829303513053004 : Checking image 2 border right 188

</system-out><system-err>--------------------------------- Captured Err ---------------------------------

</system-err></testcase><testcase classname="tests.test_images" name="test_crop_too_few_2_png" time="19.929"><system-out>--------------------------------- Captured Log ---------------------------------

--------------------------------- Captured Out ---------------------------------
/home/runner/work/diptych/diptych/tests/crop_too_few_2.png
1620829300014083601 : Checking separation double page angle 90.35461351371423
1620829300014198704 : Checking separation double page y=0 2533
1620829301246176425 : Checking page rotation 1 1.0999999999999999
1620829302406453704 : Checking page rotation 2 0.0
1620829305283791471 : Checking image 1 crop x1 289
1620829305283909574 : Checking image 1 crop y1 165
1620829305283946675 : Checking image 1 crop x2 2400
1620829305283983877 : Checking image 1 crop y2 3367
1620829308217002300 : Checking image 2 crop x1 152
1620829308217110803 : Checking image 2 crop y1 190
1620829308217148804 : Checking image 2 crop x2 2273
1620829308217184605 : Checking image 2 crop y2 3385
1620829308217332910 : Checking image 1 dpi 300
1620829308217396412 : Checking image 1 border top 157
1620829308217428813 : Checking image 1 border bottom 128
1620829308217459714 : Checking image 1 border left 174
1620829308217492815 : Checking image 1 border right 174
1620829308220175799 : Checking image 2 dpi 300
1620829308220238201 : Checking image 2 border top 175
1620829308220269702 : Checking image 2 border bottom 116
1620829308220298603 : Checking image 2 border left 169
1620829308220327804 : Checking image 2 border right 169

</system-out><system-err>--------------------------------- Captured Err ---------------------------------

</system-err></testcase><testcase classname="tests.test_images" name="test_single_page_png" time="6.151"><system-out>--------------------------------- Captured Log ---------------------------------

--------------------------------- Captured Out ---------------------------------
/home/runner/work/diptych/diptych/tests/single_page.png
1620829306645208742 : Checking separation double page angle 89.93006318861008
1620829306645328145 : Checking separation double page y=0 2472
1620829307504909429 : Checking page rotation 1 0.0
1620829307616259011 : Checking page rotation 2 0.0
1620829309201567992 : Checking image 1 crop x1 1
1620829309201675895 : Checking image 1 crop y1 8
1620829309201716396 : Checking image 1 crop x2 2470
1620829309201751898 : Checking image 1 crop y2 3505
1620829309343865342 : Checking image 2 crop x1 0
1620829309343942045 : Checking image 2 crop y1 0
1620829309343973246 : Checking image 2 crop x2 0
1620829309344003647 : Checking image 2 crop y2 0
1620829309344068349 : Checking image 1 dpi 300
1620829309344131451 : Checking image 1 border top 5
1620829309344165752 : Checking image 1 border bottom 5
1620829309344196353 : Checking image 1 border left 6
1620829309344227254 : Checking image 1 border right 6
1620829309350004634 : Checking image 2 border top 0
1620829309350079237 : Checking image 2 border bottom 0
1620829309350110237 : Checking image 2 border left 0
1620829309350140938 : Checking image 2 border right 0

</system-out><system-err>--------------------------------- Captured Err ---------------------------------

</system-err></testcase><testcase classname="tests.test_images" name="test_no_split_line_wave_algo_3_png" time="10.486"><system-out>--------------------------------- Captured Log ---------------------------------

--------------------------------- Captured Out ---------------------------------
/home/runner/work/diptych/diptych/tests/no_split_line_wave_algo_3.png
1620829315172491329 : Checking separation double page angle 90.18184445198425
1620829315172622033 : Checking separation double page y=0 2405
1620829316004755356 : Checking page rotation 1 0.0
1620829316174739571 : Checking page rotation 2 0.0
1620829318188580547 : Checking image 1 crop x1 184
1620829318188683151 : Checking image 1 crop y1 2957
1620829318188723252 : Checking image 1 crop x2 2201
1620829318188759253 : Checking image 1 crop y2 3202
1620829318679329194 : Checking image 2 crop x1 0
1620829318679436697 : Checking image 2 crop y1 0
1620829318679472098 : Checking image 2 crop x2 0
1620829318679505799 : Checking image 2 crop y2 0
1620829318679578002 : Checking image 1 dpi 300
1620829318679646304 : Checking image 1 border top 2950
1620829318679684405 : Checking image 1 border bottom 292
1620829318679733507 : Checking image 1 border left 221
1620829318679785508 : Checking image 1 border right 221
1620829318685894299 : Checking image 2 border top 0
1620829318685985202 : Checking image 2 border bottom 0
1620829318686021003 : Checking image 2 border left 0
1620829318686056704 : Checking image 2 border right 0

</system-out><system-err>--------------------------------- Captured Err ---------------------------------

</system-err></testcase><testcase classname="tests.test_images" name="test_wrong_split_line_4_png" time="11.866"><system-out>--------------------------------- Captured Log ---------------------------------

--------------------------------- Captured Out ---------------------------------
/home/runner/work/diptych/diptych/tests/wrong_split_line_4.png
1620829317349984323 : Checking separation double page angle 90.92587744884125
1620829317350112527 : Checking separation double page y=0 58
1620829317447345068 : Checking page rotation 1 0.5499999999999999
1620829318729180553 : Checking page rotation 2 1.0999999999999999
1620829319484300667 : Checking image 1 crop x1 0
1620829319484388469 : Checking image 1 crop y1 0
1620829319484423571 : Checking image 1 crop x2 0
1620829319484456272 : Checking image 1 crop y2 0
1620829321590349726 : Checking image 2 crop x1 290
1620829321590459130 : Checking image 2 crop y1 330
1620829321590497031 : Checking image 2 crop x2 2314
1620829321590533232 : Checking image 2 crop y2 3217
1620829321590691437 : Checking image 1 border top 0
1620829321590730938 : Checking image 1 border bottom 0
1620829321590763139 : Checking image 1 border left 0
1620829321590793840 : Checking image 1 border right 0
1620829321590841742 : Checking image 2 dpi 300
1620829321590909144 : Checking image 2 border top 322
1620829321590957145 : Checking image 2 border bottom 278
1620829321590989846 : Checking image 2 border left 218
1620829321591022347 : Checking image 2 border right 218

</system-out><system-err>--------------------------------- Captured Err ---------------------------------

</system-err></testcase><testcase classname="tests.test_images" name="test_failed_split_line_line_algo_3_png" time="12.210"><system-out>--------------------------------- Captured Log ---------------------------------

--------------------------------- Captured Out ---------------------------------
/home/runner/work/diptych/diptych/tests/failed_split_line_line_algo_3.png
1620829325763466652 : Checking separation double page angle 90.02403976140027
1620829325763592256 : Checking separation double page y=0 39
1620829325844381160 : Checking page rotation 1 0.0
1620829326598664039 : Checking page rotation 2 0.0
1620829326899642968 : Checking image 1 crop x1 0
1620829326899720170 : Checking image 1 crop y1 0
1620829326899749471 : Checking image 1 crop x2 0
1620829326899777472 : Checking image 1 crop y2 0
1620829330967239841 : Checking image 2 crop x1 249
1620829330967353945 : Checking image 2 crop y1 154
1620829330967388246 : Checking image 2 crop x2 2264
1620829330967420547 : Checking image 2 crop y2 3361
1620829330967578152 : Checking image 1 border top 0
1620829330967615053 : Checking image 1 border bottom 0
1620829330967645254 : Checking image 1 border left 0
1620829330967676955 : Checking image 1 border right 0
1620829330967722956 : Checking image 2 dpi 300
1620829330967782258 : Checking image 2 border top 146
1620829330967813659 : Checking image 2 border bottom 134
1620829330967842560 : Checking image 2 border left 222
1620829330967872861 : Checking image 2 border right 222

</system-out><system-err>--------------------------------- Captured Err ---------------------------------

</system-err></testcase></testsuite></testsuites>