<?xml version="1.0" encoding="utf-8"?><testsuites><testsuite errors="0" failures="0" hostname="fv-az108-19" name="pytest" skipped="0" tests="36" time="1014.945" timestamp="2020-12-28T01:13:41.939570"><testcase classname="tests.test_features" name="test_disabled_enable_debug" time="47.068"><system-out>--------------------------------- Captured Log ---------------------------------

--------------------------------- Captured Out ---------------------------------
/home/runner/work/ocr-book/ocr-book/tests/0001_debug.png
separation double page angle 90.5528088189967
separation double page y=0 2485
page rotation 1 0.75
page rotation 2 0.2
image 1 crop x1 330
image 1 crop y1 336
image 1 crop x2 2343
image 1 crop y2 3223
image 2 crop x1 169
image 2 crop y1 648
image 2 crop x2 2186
image 2 crop y2 3361
image 1 dpi 300
image 1 border top 333
image 1 border bottom 266
image 1 border left 223
image 1 border right 223
image 2 dpi 300
image 2 border top 643
image 2 border bottom 131
image 2 border left 221
image 2 border right 221

</system-out><system-err>--------------------------------- Captured Err ---------------------------------

</system-err></testcase><testcase classname="tests.test_features" name="test_mock_stop_at_0" time="0.046"><system-out>--------------------------------- Captured Log ---------------------------------

--------------------------------- Captured Out ---------------------------------
/home/runner/work/ocr-book/ocr-book/tests/0001_0.png

</system-out><system-err>--------------------------------- Captured Err ---------------------------------

</system-err></testcase><testcase classname="tests.test_features" name="test_mock_stop_at_2" time="45.446"><system-out>--------------------------------- Captured Log ---------------------------------

--------------------------------- Captured Out ---------------------------------
/home/runner/work/ocr-book/ocr-book/tests/0001_2.png
separation double page angle 90.5528088189967
separation double page y=0 2485
page rotation 1 0.75
page rotation 2 0.2

</system-out><system-err>--------------------------------- Captured Err ---------------------------------

</system-err></testcase><testcase classname="tests.test_features" name="test_mock_stop_at_4" time="49.195"><system-out>--------------------------------- Captured Log ---------------------------------

--------------------------------- Captured Out ---------------------------------
/home/runner/work/ocr-book/ocr-book/tests/0001_4.png
separation double page angle 90.5528088189967
separation double page y=0 2485
page rotation 1 0.75
page rotation 2 0.2
image 1 crop x1 330
image 1 crop y1 336
image 1 crop x2 2343
image 1 crop y2 3223
image 2 crop x1 169
image 2 crop y1 648
image 2 crop x2 2186
image 2 crop y2 3361
image 1 dpi 300
image 1 border top 333
image 1 border bottom 266
image 1 border left 223
image 1 border right 223
image 2 dpi 300
image 2 border top 643
image 2 border bottom 131
image 2 border left 221
image 2 border right 221

</system-out><system-err>--------------------------------- Captured Err ---------------------------------

</system-err></testcase><testcase classname="tests.test_features" name="test_mock_stop_at_1" time="30.515"><system-out>--------------------------------- Captured Log ---------------------------------

--------------------------------- Captured Out ---------------------------------
/home/runner/work/ocr-book/ocr-book/tests/0001_1.png
separation double page angle 90.5528088189967
separation double page y=0 2485

</system-out><system-err>--------------------------------- Captured Err ---------------------------------

</system-err></testcase><testcase classname="tests.test_features" name="test_mock_stop_at_3" time="47.609"><system-out>--------------------------------- Captured Log ---------------------------------

--------------------------------- Captured Out ---------------------------------
/home/runner/work/ocr-book/ocr-book/tests/0001_3.png
separation double page angle 90.5528088189967
separation double page y=0 2485
page rotation 1 0.75
page rotation 2 0.2
image 1 crop x1 330
image 1 crop y1 336
image 1 crop x2 2343
image 1 crop y2 3223
image 2 crop x1 169
image 2 crop y1 648
image 2 crop x2 2186
image 2 crop y2 3361

</system-out><system-err>--------------------------------- Captured Err ---------------------------------

</system-err></testcase><testcase classname="tests.test_images" name="test_0001_png" time="60.476"><system-out>--------------------------------- Captured Log ---------------------------------

--------------------------------- Captured Out ---------------------------------
/home/runner/work/ocr-book/ocr-book/tests/0001.png
1609118153497148485 : Checking separation double page angle 90.5528088189967
1609118153497269087 : Checking separation double page y=0 2485
1609118162698744429 : Checking page rotation 1 0.75
1609118172695716199 : Checking page rotation 2 0.2
1609118175528877180 : Checking image 1 crop x1 330
1609118175529003781 : Checking image 1 crop y1 336
1609118175529042082 : Checking image 1 crop x2 2343
1609118175529076382 : Checking image 1 crop y2 3223
1609118178022757335 : Checking image 2 crop x1 169
1609118178022886736 : Checking image 2 crop y1 648
1609118178022925937 : Checking image 2 crop x2 2186
1609118178022959937 : Checking image 2 crop y2 3361
1609118178053692120 : Checking image 1 dpi 300
1609118178053806821 : Checking image 1 border top 333
1609118178053844122 : Checking image 1 border bottom 266
1609118178053876622 : Checking image 1 border left 223
1609118178053908223 : Checking image 1 border right 223
1609118178056211251 : Checking image 2 dpi 300
1609118178056302752 : Checking image 2 border top 643
1609118178056371253 : Checking image 2 border bottom 131
1609118178056402454 : Checking image 2 border left 221
1609118178056433454 : Checking image 2 border right 221

</system-out><system-err>--------------------------------- Captured Err ---------------------------------

</system-err></testcase><testcase classname="tests.test_features" name="test_mock_stop_at_5" time="49.187"><system-out>--------------------------------- Captured Log ---------------------------------

--------------------------------- Captured Out ---------------------------------
/home/runner/work/ocr-book/ocr-book/tests/0001_5.png
separation double page angle 90.5528088189967
separation double page y=0 2485
page rotation 1 0.75
page rotation 2 0.2
image 1 crop x1 330
image 1 crop y1 336
image 1 crop x2 2343
image 1 crop y2 3223
image 2 crop x1 169
image 2 crop y1 648
image 2 crop x2 2186
image 2 crop y2 3361
image 1 dpi 300
image 1 border top 333
image 1 border bottom 266
image 1 border left 223
image 1 border right 223
image 2 dpi 300
image 2 border top 643
image 2 border bottom 131
image 2 border left 221
image 2 border right 221

</system-out><system-err>--------------------------------- Captured Err ---------------------------------

</system-err></testcase><testcase classname="tests.test_images" name="test_black_border_not_removed_png" time="67.185"><system-out>--------------------------------- Captured Log ---------------------------------

--------------------------------- Captured Out ---------------------------------
/home/runner/work/ocr-book/ocr-book/tests/black-border-not-removed.png
1609118215003767389 : Checking separation double page angle 90.033171103531
1609118215003873290 : Checking separation double page y=0 2455
1609118223708109925 : Checking page rotation 1 0.0
1609118237459875084 : Checking page rotation 2 0.0
1609118240962218722 : Checking image 1 crop x1 297
1609118240962349323 : Checking image 1 crop y1 143
1609118240962387324 : Checking image 1 crop x2 2309
1609118240962420324 : Checking image 1 crop y2 3346
1609118245206890568 : Checking image 2 crop x1 159
1609118245207018870 : Checking image 2 crop y1 145
1609118245207055770 : Checking image 2 crop x2 2171
1609118245207090771 : Checking image 2 crop y2 3352
1609118245246717965 : Checking image 1 dpi 300
1609118245246830067 : Checking image 1 border top 132
1609118245246865767 : Checking image 1 border bottom 152
1609118245246897368 : Checking image 1 border left 224
1609118245246928668 : Checking image 1 border right 224
1609118245249430499 : Checking image 2 dpi 300
1609118245249525601 : Checking image 2 border top 132
1609118245249559201 : Checking image 2 border bottom 148
1609118245249591101 : Checking image 2 border left 224
1609118245249622302 : Checking image 2 border right 224

</system-out><system-err>--------------------------------- Captured Err ---------------------------------

</system-err></testcase><testcase classname="tests.test_images" name="test_2_pages_2_contours_png" time="35.162"><system-out>--------------------------------- Captured Log ---------------------------------

--------------------------------- Captured Out ---------------------------------
/home/runner/work/ocr-book/ocr-book/tests/2-pages-2-contours.png
1609118218512878118 : Checking separation double page angle 90.09036871657068
1609118218513001519 : Checking separation double page y=0 2486
1609118220583107359 : Checking page rotation 1 0.05
1609118227940221761 : Checking page rotation 2 0.30000000000000004
1609118229634797149 : Checking image 1 crop x1 1189
1609118229634903650 : Checking image 1 crop y1 1751
1609118229634937651 : Checking image 1 crop x2 1190
1609118229634969251 : Checking image 1 crop y2 1752
1609118232410479096 : Checking image 2 crop x1 101
1609118232410608098 : Checking image 2 crop y1 240
1609118232410645098 : Checking image 2 crop x2 2148
1609118232410678899 : Checking image 2 crop y2 3239
1609118232440840174 : Checking image 1 dpi 300
1609118232440946575 : Checking image 1 border top 1752
1609118232440982276 : Checking image 1 border bottom 1753
1609118232441013976 : Checking image 1 border left 1239
1609118232441044977 : Checking image 1 border right 1239
1609118232442571496 : Checking image 2 dpi 300
1609118232442656697 : Checking image 2 border top 230
1609118232442693097 : Checking image 2 border bottom 258
1609118232442724098 : Checking image 2 border left 206
1609118232442755098 : Checking image 2 border right 206

</system-out><system-err>--------------------------------- Captured Err ---------------------------------

</system-err></testcase><testcase classname="tests.test_images" name="test_wrong_split_line_png" time="44.877"><system-out>--------------------------------- Captured Log ---------------------------------

--------------------------------- Captured Out ---------------------------------
/home/runner/work/ocr-book/ocr-book/tests/wrong_split_line.png
1609118259743233142 : Checking separation double page angle 89.93395720607973
1609118259743335843 : Checking separation double page y=0 2465
1609118266358561708 : Checking page rotation 1 -0.14999999999999067
1609118273150259955 : Checking page rotation 2 0.5
1609118275177328288 : Checking image 1 crop x1 213
1609118275177455189 : Checking image 1 crop y1 157
1609118275177492290 : Checking image 1 crop x2 2323
1609118275177527090 : Checking image 1 crop y2 3362
1609118277283848294 : Checking image 2 crop x1 125
1609118277283974296 : Checking image 2 crop y1 165
1609118277284011096 : Checking image 2 crop x2 2237
1609118277284046697 : Checking image 2 crop y2 3374
1609118277316169796 : Checking image 1 dpi 300
1609118277316284598 : Checking image 1 border top 134
1609118277316344898 : Checking image 1 border bottom 148
1609118277316376699 : Checking image 1 border left 175
1609118277316407799 : Checking image 1 border right 175
1609118277318221722 : Checking image 2 dpi 300
1609118277318307623 : Checking image 2 border top 143
1609118277318340623 : Checking image 2 border bottom 135
1609118277318371624 : Checking image 2 border left 174
1609118277318402224 : Checking image 2 border right 174

</system-out><system-err>--------------------------------- Captured Err ---------------------------------

</system-err></testcase><testcase classname="tests.test_images" name="test_image_failed_to_rotate_png" time="62.556"><system-out>--------------------------------- Captured Log ---------------------------------

--------------------------------- Captured Out ---------------------------------
/home/runner/work/ocr-book/ocr-book/tests/image_failed_to_rotate.png
1609118279338381739 : Checking separation double page angle 90.13063640287984
1609118279338500040 : Checking separation double page y=0 2479
1609118284207682879 : Checking page rotation 1 0.35
1609118292717437831 : Checking page rotation 2 0.45
1609118303765714109 : Checking image 1 crop x1 34
1609118303765835110 : Checking image 1 crop y1 1
1609118303765873111 : Checking image 1 crop x2 2477
1609118303765907411 : Checking image 1 crop y2 3500
1609118307674354898 : Checking image 2 crop x1 167
1609118307674487199 : Checking image 2 crop y1 234
1609118307674524300 : Checking image 2 crop x2 2246
1609118307674559000 : Checking image 2 crop y2 3355
1609118307712797976 : Checking image 1 dpi 300
1609118307712915277 : Checking image 1 border top 4
1609118307712952478 : Checking image 1 border bottom 4
1609118307712984078 : Checking image 1 border left 19
1609118307713015378 : Checking image 1 border right 19
1609118307715444809 : Checking image 2 dpi 300
1609118307715541210 : Checking image 2 border top 218
1609118307715575410 : Checking image 2 border bottom 148
1609118307715607311 : Checking image 2 border left 190
1609118307715638511 : Checking image 2 border right 190

</system-out><system-err>--------------------------------- Captured Err ---------------------------------

</system-err></testcase><testcase classname="tests.test_images" name="test_crop_too_much_png" time="79.555"><system-out>--------------------------------- Captured Log ---------------------------------

--------------------------------- Captured Out ---------------------------------
/home/runner/work/ocr-book/ocr-book/tests/crop_too_much.png
1609118324651202645 : Checking separation double page angle 90.13239409272954
1609118324651316346 : Checking separation double page y=0 2455
1609118337400968732 : Checking page rotation 1 0.0
1609118350420459589 : Checking page rotation 2 0.45
1609118353580986108 : Checking image 1 crop x1 303
1609118353581118609 : Checking image 1 crop y1 148
1609118353581155810 : Checking image 1 crop x2 2313
1609118353581189510 : Checking image 1 crop y2 3351
1609118356812918043 : Checking image 2 crop x1 168
1609118356813049045 : Checking image 2 crop y1 155
1609118356813086445 : Checking image 2 crop x2 2179
1609118356813121246 : Checking image 2 crop y2 3359
1609118356856004972 : Checking image 1 dpi 300
1609118356856122874 : Checking image 1 border top 132
1609118356856158774 : Checking image 1 border bottom 152
1609118356856195575 : Checking image 1 border left 225
1609118356856226675 : Checking image 1 border right 225
1609118356858140299 : Checking image 2 dpi 300
1609118356858232400 : Checking image 2 border top 140
1609118356858265900 : Checking image 2 border bottom 143
1609118356858296700 : Checking image 2 border left 224
1609118356858328001 : Checking image 2 border right 224

</system-out><system-err>--------------------------------- Captured Err ---------------------------------

</system-err></testcase><testcase classname="tests.test_images" name="test_image_failed_to_crop_data_png" time="61.555"><system-out>--------------------------------- Captured Log ---------------------------------

--------------------------------- Captured Out ---------------------------------
/home/runner/work/ocr-book/ocr-book/tests/image_failed_to_crop_data.png
1609118340047001047 : Checking separation double page angle 90.053197600644
1609118340047107349 : Checking separation double page y=0 2480
1609118345641905544 : Checking page rotation 1 0.2
1609118353111295064 : Checking page rotation 2 0.0
1609118365644794743 : Checking image 1 crop x1 47
1609118365644932442 : Checking image 1 crop y1 7
1609118365644972142 : Checking image 1 crop x2 2478
1609118365645008542 : Checking image 1 crop y2 3502
1609118369275358878 : Checking image 2 crop x1 160
1609118369275490879 : Checking image 2 crop y1 217
1609118369275528380 : Checking image 2 crop x2 2242
1609118369275562880 : Checking image 2 crop y2 3350
1609118369305414351 : Checking image 1 dpi 300
1609118369305533753 : Checking image 1 border top 6
1609118369305570953 : Checking image 1 border bottom 6
1609118369305602754 : Checking image 1 border left 25
1609118369305633954 : Checking image 1 border right 25
1609118369308045884 : Checking image 2 dpi 300
1609118369308137685 : Checking image 2 border top 206
1609118369308171486 : Checking image 2 border bottom 148
1609118369308203386 : Checking image 2 border left 189
1609118369308234386 : Checking image 2 border right 189

</system-out><system-err>--------------------------------- Captured Err ---------------------------------

</system-err></testcase><testcase classname="tests.test_images" name="test_crop_too_few_png" time="45.081"><system-out>--------------------------------- Captured Log ---------------------------------

--------------------------------- Captured Out ---------------------------------
/home/runner/work/ocr-book/ocr-book/tests/crop_too_few.png
1609118384234360505 : Checking separation double page angle 89.54670238452755
1609118384234472006 : Checking separation double page y=0 2512
1609118390675671663 : Checking page rotation 1 -0.6499999999999977
1609118397459378560 : Checking page rotation 2 0.0
1609118399807087622 : Checking image 1 crop x1 263
1609118399807219223 : Checking image 1 crop y1 150
1609118399807256323 : Checking image 1 crop x2 2377
1609118399807290023 : Checking image 1 crop y2 3357
1609118401930105550 : Checking image 2 crop x1 137
1609118401930236151 : Checking image 2 crop y1 141
1609118401930273252 : Checking image 2 crop x2 2259
1609118401930308552 : Checking image 2 crop y2 3345
1609118401960598172 : Checking image 1 dpi 300
1609118401960716473 : Checking image 1 border top 129
1609118401960752973 : Checking image 1 border bottom 150
1609118401960784873 : Checking image 1 border left 173
1609118401960816974 : Checking image 1 border right 173
1609118401962647087 : Checking image 2 dpi 300
1609118401962726088 : Checking image 2 border top 130
1609118401962759488 : Checking image 2 border bottom 153
1609118401962790788 : Checking image 2 border left 169
1609118401962821288 : Checking image 2 border right 169

</system-out><system-err>--------------------------------- Captured Err ---------------------------------

</system-err></testcase><testcase classname="tests.test_images" name="test_wrong_angle_split_line_png" time="67.777"><system-out>--------------------------------- Captured Log ---------------------------------

--------------------------------- Captured Out ---------------------------------
/home/runner/work/ocr-book/ocr-book/tests/wrong_angle_split_line.png
1609118400492303602 : Checking separation double page angle 90.09193420006348
1609118400492447403 : Checking separation double page y=0 2478
1609118407836199203 : Checking page rotation 1 0.05
1609118418124437848 : Checking page rotation 2 0.0
1609118430966200696 : Checking image 1 crop x1 58
1609118430966335698 : Checking image 1 crop y1 7
1609118430966374999 : Checking image 1 crop x2 2472
1609118430966410599 : Checking image 1 crop y2 3505
1609118436339800157 : Checking image 2 crop x1 163
1609118436339935658 : Checking image 2 crop y1 217
1609118436339973259 : Checking image 2 crop x2 2246
1609118436340007859 : Checking image 2 crop y2 3350
1609118436486434817 : Checking image 1 dpi 300
1609118436486552221 : Checking image 1 border top 5
1609118436486590022 : Checking image 1 border bottom 5
1609118436486622323 : Checking image 1 border left 33
1609118436486654424 : Checking image 1 border right 33
1609118436494139779 : Checking image 2 dpi 300
1609118436494263583 : Checking image 2 border top 206
1609118436494297784 : Checking image 2 border bottom 148
1609118436494329685 : Checking image 2 border left 188
1609118436494360586 : Checking image 2 border right 188

</system-out><system-err>--------------------------------- Captured Err ---------------------------------

</system-err></testcase><testcase classname="tests.test_images" name="test_crop_too_much_2_png" time="99.720"><system-out>--------------------------------- Captured Log ---------------------------------

--------------------------------- Captured Out ---------------------------------
/home/runner/work/ocr-book/ocr-book/tests/crop_too_much_2.png
1609118459705179296 : Checking separation double page angle 90.1149074900787
1609118459705285198 : Checking separation double page y=0 2478
1609118474975138920 : Checking page rotation 1 0.2
1609118494674103573 : Checking page rotation 2 0.2
1609118497573367572 : Checking image 1 crop x1 332
1609118497573493774 : Checking image 1 crop y1 131
1609118497573530574 : Checking image 1 crop x2 2342
1609118497573564475 : Checking image 1 crop y2 3336
1609118501604664370 : Checking image 2 crop x1 162
1609118501604796371 : Checking image 2 crop y1 139
1609118501604833571 : Checking image 2 crop x2 2175
1609118501604868872 : Checking image 2 crop y2 3345
1609118501652421150 : Checking image 1 dpi 300
1609118501652538051 : Checking image 1 border top 119
1609118501652575252 : Checking image 1 border bottom 163
1609118501652606852 : Checking image 1 border left 225
1609118501652638052 : Checking image 1 border right 225
1609118501654454667 : Checking image 2 dpi 300
1609118501654534367 : Checking image 2 border top 130
1609118501654567167 : Checking image 2 border bottom 151
1609118501654598168 : Checking image 2 border left 223
1609118501654628968 : Checking image 2 border right 223

</system-out><system-err>--------------------------------- Captured Err ---------------------------------

</system-err></testcase><testcase classname="tests.test_images" name="test_angle_page_lower_split_line_png" time="57.985"><system-out>--------------------------------- Captured Log ---------------------------------

--------------------------------- Captured Out ---------------------------------
/home/runner/work/ocr-book/ocr-book/tests/angle_page_lower_split_line.png
1609118470388585088 : Checking separation double page angle 89.74927707086691
1609118470388694689 : Checking separation double page y=0 2474
1609118481340761079 : Checking page rotation 1 -0.4000000000000005
1609118490057741783 : Checking page rotation 2 0.2
1609118492491012406 : Checking image 1 crop x1 244
1609118492491145807 : Checking image 1 crop y1 160
1609118492491182808 : Checking image 1 crop x2 2350
1609118492491217808 : Checking image 1 crop y2 3365
1609118495096072657 : Checking image 2 crop x1 150
1609118495096204756 : Checking image 2 crop y1 147
1609118495096242156 : Checking image 2 crop x2 2257
1609118495096276956 : Checking image 2 crop y2 3350
1609118495130665947 : Checking image 1 dpi 300
1609118495130783947 : Checking image 1 border top 144
1609118495130821147 : Checking image 1 border bottom 138
1609118495130854547 : Checking image 1 border left 177
1609118495130886347 : Checking image 1 border right 177
1609118495133297146 : Checking image 2 dpi 300
1609118495133394746 : Checking image 2 border top 130
1609118495133428046 : Checking image 2 border bottom 154
1609118495133459846 : Checking image 2 border left 176
1609118495133491146 : Checking image 2 border right 176

</system-out><system-err>--------------------------------- Captured Err ---------------------------------

</system-err></testcase><testcase classname="tests.test_images" name="test_wrong_wave_split_line_png" time="87.396"><system-out>--------------------------------- Captured Log ---------------------------------

--------------------------------- Captured Out ---------------------------------
/home/runner/work/ocr-book/ocr-book/tests/wrong_wave_split_line.png
1609118541661737726 : Checking separation double page angle 90.37878604107719
1609118541661848428 : Checking separation double page y=0 2500
1609118555236172136 : Checking page rotation 1 -0.14999999999999067
1609118569200962991 : Checking page rotation 2 0.85
1609118575510817378 : Checking image 1 crop x1 385
1609118575510947280 : Checking image 1 crop y1 179
1609118575510984980 : Checking image 1 crop x2 2411
1609118575511018680 : Checking image 1 crop y2 3374
1609118582468246349 : Checking image 2 crop x1 8
1609118582468411551 : Checking image 2 crop y1 0
1609118582468449951 : Checking image 2 crop x2 2415
1609118582468485752 : Checking image 2 crop y2 3505
1609118582516896855 : Checking image 1 dpi 300
1609118582517015357 : Checking image 1 border top 173
1609118582517052357 : Checking image 1 border bottom 119
1609118582517084258 : Checking image 1 border left 217
1609118582517115658 : Checking image 1 border right 217
1609118582519383786 : Checking image 2 dpi 300
1609118582519467787 : Checking image 2 border top 1
1609118582519507188 : Checking image 2 border bottom 1
1609118582519538288 : Checking image 2 border left 37
1609118582519569589 : Checking image 2 border right 37

</system-out><system-err>--------------------------------- Captured Err ---------------------------------

</system-err></testcase><testcase classname="tests.test_images" name="test_wrong_split_line_2_png" time="91.489"><system-out>--------------------------------- Captured Log ---------------------------------

--------------------------------- Captured Out ---------------------------------
/home/runner/work/ocr-book/ocr-book/tests/wrong_split_line_2.png
1609118549709969055 : Checking separation double page angle 90.19944704411863
1609118549710077556 : Checking separation double page y=0 2437
1609118565008139839 : Checking page rotation 1 0.2
1609118581692615280 : Checking page rotation 2 0.4
1609118586453008523 : Checking image 1 crop x1 294
1609118586453137825 : Checking image 1 crop y1 136
1609118586453173725 : Checking image 1 crop x2 2325
1609118586453207225 : Checking image 1 crop y2 3376
1609118593111436277 : Checking image 2 crop x1 140
1609118593111563879 : Checking image 2 crop y1 192
1609118593111601279 : Checking image 2 crop x2 2167
1609118593111636080 : Checking image 2 crop y2 3386
1609118593154938316 : Checking image 1 dpi 300
1609118593155059618 : Checking image 1 border top 131
1609118593155095618 : Checking image 1 border bottom 116
1609118593155127618 : Checking image 1 border left 214
1609118593155158919 : Checking image 1 border right 214
1609118593157147143 : Checking image 2 dpi 300
1609118593157245445 : Checking image 2 border top 183
1609118593157279945 : Checking image 2 border bottom 110
1609118593157310645 : Checking image 2 border left 216
1609118593157341446 : Checking image 2 border right 216

</system-out><system-err>--------------------------------- Captured Err ---------------------------------

</system-err></testcase><testcase classname="tests.test_images" name="test_no_split_line_line_algo_png" time="57.948"><system-out>--------------------------------- Captured Log ---------------------------------

--------------------------------- Captured Out ---------------------------------
/home/runner/work/ocr-book/ocr-book/tests/no_split_line_line_algo.png
1609118614995579480 : Checking separation double page angle 89.47691469185418
1609118614995683981 : Checking separation double page y=0 2476
1609118621344576004 : Checking page rotation 1 -0.14999999999999067
1609118635260014460 : Checking page rotation 2 -0.44999999999999746
1609118637347924894 : Checking image 1 crop x1 205
1609118637348052095 : Checking image 1 crop y1 158
1609118637348088995 : Checking image 1 crop x2 2320
1609118637348124195 : Checking image 1 crop y2 3366
1609118640443465496 : Checking image 2 crop x1 185
1609118640443595197 : Checking image 2 crop y1 221
1609118640443632397 : Checking image 2 crop x2 2201
1609118640443667897 : Checking image 2 crop y2 3366
1609118640482135785 : Checking image 1 dpi 300
1609118640482256285 : Checking image 1 border top 144
1609118640482292486 : Checking image 1 border bottom 134
1609118640482324386 : Checking image 1 border left 172
1609118640482355586 : Checking image 1 border right 172
1609118640484695304 : Checking image 2 dpi 300
1609118640484781604 : Checking image 2 border top 219
1609118640484814805 : Checking image 2 border bottom 123
1609118640484845705 : Checking image 2 border left 222
1609118640484877105 : Checking image 2 border right 222

</system-out><system-err>--------------------------------- Captured Err ---------------------------------

</system-err></testcase><testcase classname="tests.test_images" name="test_small_wave_png" time="81.536"><system-out>--------------------------------- Captured Log ---------------------------------

--------------------------------- Captured Out ---------------------------------
/home/runner/work/ocr-book/ocr-book/tests/small_wave.png
1609118646647586922 : Checking separation double page angle 90.58816928841564
1609118646647702123 : Checking separation double page y=0 2497
1609118658721075845 : Checking page rotation 1 0.65
1609118670237028895 : Checking page rotation 2 0.75
1609118672497110179 : Checking image 1 crop x1 320
1609118672497243780 : Checking image 1 crop y1 199
1609118672497281081 : Checking image 1 crop x2 2353
1609118672497314581 : Checking image 1 crop y2 3394
1609118674654400706 : Checking image 2 crop x1 132
1609118674654526907 : Checking image 2 crop y1 224
1609118674654564608 : Checking image 2 crop x2 2160
1609118674654599608 : Checking image 2 crop y2 3419
1609118674692303182 : Checking image 1 dpi 300
1609118674692438284 : Checking image 1 border top 179
1609118674692475384 : Checking image 1 border bottom 112
1609118674692507585 : Checking image 1 border left 213
1609118674692539085 : Checking image 1 border right 213
1609118674694419609 : Checking image 2 dpi 300
1609118674694502310 : Checking image 2 border top 197
1609118674694535910 : Checking image 2 border bottom 95
1609118674694567211 : Checking image 2 border left 216
1609118674694598511 : Checking image 2 border right 216

</system-out><system-err>--------------------------------- Captured Err ---------------------------------

</system-err></testcase><testcase classname="tests.test_images" name="test_failed_split_line_line_algo_png" time="25.669"><system-out>--------------------------------- Captured Log ---------------------------------

--------------------------------- Captured Out ---------------------------------
/home/runner/work/ocr-book/ocr-book/tests/failed_split_line_line_algo.png
1609118656841659583 : Checking separation double page angle 90.04134220573248
1609118656841771584 : Checking separation double page y=0 2573
1609118660316101441 : Checking page rotation 1 -0.14999999999999067
1609118662500614600 : Checking page rotation 2 0.0
1609118664644746874 : Checking image 1 crop x1 407
1609118664644876775 : Checking image 1 crop y1 2925
1609118664644915376 : Checking image 1 crop x2 2419
1609118664644949076 : Checking image 1 crop y2 3174
1609118666175574159 : Checking image 2 crop x1 1184
1609118666175694160 : Checking image 2 crop y1 1748
1609118666175728961 : Checking image 2 crop x2 1185
1609118666175759461 : Checking image 2 crop y2 1749
1609118666176037564 : Checking image 1 dpi 300
1609118666176114365 : Checking image 1 border top 2922
1609118666176147766 : Checking image 1 border bottom 316
1609118666176179866 : Checking image 1 border left 224
1609118666176211666 : Checking image 1 border right 224
1609118666177709484 : Checking image 2 dpi 300
1609118666177794285 : Checking image 2 border top 1752
1609118666177827386 : Checking image 2 border bottom 1753
1609118666177858286 : Checking image 2 border left 1239
1609118666177889386 : Checking image 2 border right 1239

</system-out><system-err>--------------------------------- Captured Err ---------------------------------

</system-err></testcase><testcase classname="tests.test_images" name="test_failed_split_line_line_algo_2_png" time="73.492"><system-out>--------------------------------- Captured Log ---------------------------------

--------------------------------- Captured Out ---------------------------------
/home/runner/work/ocr-book/ocr-book/tests/failed_split_line_line_algo_2.png
1609118708452526969 : Checking separation double page angle 90.03068774449687
1609118708452633770 : Checking separation double page y=0 2500
1609118723264476801 : Checking page rotation 1 0.0
1609118735097671439 : Checking page rotation 2 0.6000000000000001
1609118737348157710 : Checking image 1 crop x1 272
1609118737348287811 : Checking image 1 crop y1 149
1609118737348348512 : Checking image 1 crop x2 2383
1609118737348381512 : Checking image 1 crop y2 3353
1609118739607869695 : Checking image 2 crop x1 121
1609118739608001197 : Checking image 2 crop y1 155
1609118739608038997 : Checking image 2 crop x2 2244
1609118739608073898 : Checking image 2 crop y2 3350
1609118739646677878 : Checking image 1 dpi 300
1609118739646791879 : Checking image 1 border top 138
1609118739646827679 : Checking image 1 border bottom 145
1609118739646861480 : Checking image 1 border left 174
1609118739646893180 : Checking image 1 border right 174
1609118739649175009 : Checking image 2 dpi 300
1609118739649258010 : Checking image 2 border top 136
1609118739649291210 : Checking image 2 border bottom 156
1609118739649322910 : Checking image 2 border left 168
1609118739649353811 : Checking image 2 border right 168

</system-out><system-err>--------------------------------- Captured Err ---------------------------------

</system-err></testcase><testcase classname="tests.test_images" name="test_wrong_split_line_3_png" time="64.818"><system-out>--------------------------------- Captured Log ---------------------------------

--------------------------------- Captured Out ---------------------------------
/home/runner/work/ocr-book/ocr-book/tests/wrong_split_line_3.png
1609118711496072219 : Checking separation double page angle 90.43729500214694
1609118711496182620 : Checking separation double page y=0 2498
1609118724696672732 : Checking page rotation 1 0.30000000000000004
1609118734678432828 : Checking page rotation 2 0.9
1609118737224991379 : Checking image 1 crop x1 331
1609118737225119780 : Checking image 1 crop y1 165
1609118737225160881 : Checking image 1 crop x2 2375
1609118737225194281 : Checking image 1 crop y2 3376
1609118739495161794 : Checking image 2 crop x1 102
1609118739495286496 : Checking image 2 crop y1 208
1609118739495323496 : Checking image 2 crop x2 2133
1609118739495358797 : Checking image 2 crop y2 3413
1609118739529871826 : Checking image 1 dpi 300
1609118739529986427 : Checking image 1 border top 157
1609118739530022428 : Checking image 1 border bottom 119
1609118739530053828 : Checking image 1 border left 208
1609118739530085028 : Checking image 1 border right 208
1609118739531899751 : Checking image 2 dpi 300
1609118739531976152 : Checking image 2 border top 187
1609118739532009252 : Checking image 2 border bottom 95
1609118739532040253 : Checking image 2 border left 214
1609118739532070853 : Checking image 2 border right 214

</system-out><system-err>--------------------------------- Captured Err ---------------------------------

</system-err></testcase><testcase classname="tests.test_images" name="test_wrong_wave_split_line_2_png" time="78.045"><system-out>--------------------------------- Captured Log ---------------------------------

--------------------------------- Captured Out ---------------------------------
/home/runner/work/ocr-book/ocr-book/tests/wrong_wave_split_line_2.png
1609118783392180766 : Checking separation double page angle 90.7708958311329
1609118783392292968 : Checking separation double page y=0 2490
1609118795160573512 : Checking page rotation 1 0.4
1609118809578514715 : Checking page rotation 2 1.8
1609118812197886091 : Checking image 1 crop x1 224
1609118812198014692 : Checking image 1 crop y1 147
1609118812198052493 : Checking image 1 crop x2 2337
1609118812198087293 : Checking image 1 crop y2 3355
1609118817525003391 : Checking image 2 crop x1 107
1609118817525129493 : Checking image 2 crop y1 197
1609118817525166493 : Checking image 2 crop x2 2229
1609118817525201193 : Checking image 2 crop y2 3396
1609118817569580044 : Checking image 1 dpi 300
1609118817569692345 : Checking image 1 border top 137
1609118817569728646 : Checking image 1 border bottom 142
1609118817569760846 : Checking image 1 border left 173
1609118817569791647 : Checking image 1 border right 173
1609118817571591869 : Checking image 2 dpi 300
1609118817571675770 : Checking image 2 border top 171
1609118817571708270 : Checking image 2 border bottom 116
1609118817571739071 : Checking image 2 border left 169
1609118817571769871 : Checking image 2 border right 169

</system-out><system-err>--------------------------------- Captured Err ---------------------------------

</system-err></testcase><testcase classname="tests.test_images" name="test_crop_too_much_3_png" time="75.133"><system-out>--------------------------------- Captured Log ---------------------------------

--------------------------------- Captured Out ---------------------------------
/home/runner/work/ocr-book/ocr-book/tests/crop_too_much_3.png
1609118782694096333 : Checking separation double page angle 89.49330634783144
1609118782694200034 : Checking separation double page y=0 2498
1609118793649662177 : Checking page rotation 1 -0.8999999999999949
1609118808929261841 : Checking page rotation 2 -0.14999999999999067
1609118811817592161 : Checking image 1 crop x1 374
1609118811817720263 : Checking image 1 crop y1 258
1609118811817756963 : Checking image 1 crop x2 2385
1609118811817790264 : Checking image 1 crop y2 3459
1609118814734462877 : Checking image 2 crop x1 168
1609118814734599579 : Checking image 2 crop y1 228
1609118814734637579 : Checking image 2 crop x2 2181
1609118814734672480 : Checking image 2 crop y2 3417
1609118814777405010 : Checking image 1 dpi 300
1609118814777513411 : Checking image 1 border top 239
1609118814777549511 : Checking image 1 border bottom 47
1609118814777582112 : Checking image 1 border left 224
1609118814777613912 : Checking image 1 border right 224
1609118814780270545 : Checking image 2 dpi 300
1609118814780406847 : Checking image 2 border top 209
1609118814780441347 : Checking image 2 border bottom 89
1609118814780473548 : Checking image 2 border left 223
1609118814780505348 : Checking image 2 border right 223

</system-out><system-err>--------------------------------- Captured Err ---------------------------------

</system-err></testcase><testcase classname="tests.test_images" name="test_no_split_line_wave_algo_png" time="77.830"><system-out>--------------------------------- Captured Log ---------------------------------

--------------------------------- Captured Out ---------------------------------
/home/runner/work/ocr-book/ocr-book/tests/no_split_line_wave_algo.png
1609118854369746450 : Checking separation double page angle 89.72500000000001
1609118854369859251 : Checking separation double page y=0 2484
1609118860825887748 : Checking page rotation 1 0.0
1609118873269406513 : Checking page rotation 2 -0.49999999999999434
1609118886357560009 : Checking image 1 crop x1 97
1609118886357642810 : Checking image 1 crop y1 79
1609118886357678311 : Checking image 1 crop x2 2494
1609118886357711011 : Checking image 1 crop y2 3505
1609118892537071073 : Checking image 2 crop x1 163
1609118892537202275 : Checking image 2 crop y1 266
1609118892537241375 : Checking image 2 crop x2 2238
1609118892537274176 : Checking image 2 crop y2 3381
1609118892575151148 : Checking image 1 dpi 300
1609118892575262649 : Checking image 1 border top 41
1609118892575298350 : Checking image 1 border bottom 41
1609118892575331050 : Checking image 1 border left 42
1609118892575362651 : Checking image 1 border right 42
1609118892577801381 : Checking image 2 dpi 300
1609118892577895482 : Checking image 2 border top 257
1609118892577929483 : Checking image 2 border bottom 115
1609118892577961283 : Checking image 2 border left 192
1609118892577992683 : Checking image 2 border right 192

</system-out><system-err>--------------------------------- Captured Err ---------------------------------

</system-err></testcase><testcase classname="tests.test_images" name="test_wrong_wave_split_line_3_png" time="65.274"><system-out>--------------------------------- Captured Log ---------------------------------

--------------------------------- Captured Out ---------------------------------
/home/runner/work/ocr-book/ocr-book/tests/wrong_wave_split_line_3.png
1609118857724051417 : Checking separation double page angle 90.05826063695574
1609118857724160818 : Checking separation double page y=0 2514
1609118870176210460 : Checking page rotation 1 0.05
1609118878155570530 : Checking page rotation 2 0.30000000000000004
1609118880593800492 : Checking image 1 crop x1 273
1609118880593928293 : Checking image 1 crop y1 220
1609118880593979194 : Checking image 1 crop x2 2383
1609118880594012694 : Checking image 1 crop y2 3423
1609118882821414139 : Checking image 2 crop x1 114
1609118882821545341 : Checking image 2 crop y1 226
1609118882821582541 : Checking image 2 crop x2 2237
1609118882821618442 : Checking image 2 crop y2 3414
1609118882857058481 : Checking image 1 dpi 300
1609118882857174083 : Checking image 1 border top 202
1609118882857210283 : Checking image 1 border bottom 82
1609118882857241884 : Checking image 1 border left 175
1609118882857272684 : Checking image 1 border right 175
1609118882859145007 : Checking image 2 dpi 300
1609118882859231008 : Checking image 2 border top 207
1609118882859264609 : Checking image 2 border bottom 92
1609118882859295509 : Checking image 2 border left 168
1609118882859326310 : Checking image 2 border right 168

</system-out><system-err>--------------------------------- Captured Err ---------------------------------

</system-err></testcase><testcase classname="tests.test_images" name="test_crop_too_few_2_png" time="52.308"><system-out>--------------------------------- Captured Log ---------------------------------

--------------------------------- Captured Out ---------------------------------
/home/runner/work/ocr-book/ocr-book/tests/crop_too_few_2.png
1609118915335604181 : Checking separation double page angle 90.30476192320097
1609118915335713083 : Checking separation double page y=0 2531
1609118923136408322 : Checking page rotation 1 1.2000000000000002
1609118929955675545 : Checking page rotation 2 -0.04999999999999689
1609118932576984883 : Checking image 1 crop x1 287
1609118932577122485 : Checking image 1 crop y1 165
1609118932577159386 : Checking image 1 crop x2 2398
1609118932577192186 : Checking image 1 crop y2 3368
1609118935130142676 : Checking image 2 crop x1 149
1609118935130265577 : Checking image 2 crop y1 189
1609118935130318378 : Checking image 2 crop x2 2273
1609118935130351778 : Checking image 2 crop y2 3386
1609118935163941895 : Checking image 1 dpi 300
1609118935164050697 : Checking image 1 border top 157
1609118935164085997 : Checking image 1 border bottom 127
1609118935164117198 : Checking image 1 border left 174
1609118935164148198 : Checking image 1 border right 174
1609118935165963821 : Checking image 2 dpi 300
1609118935166047322 : Checking image 2 border top 176
1609118935166080922 : Checking image 2 border bottom 114
1609118935166113022 : Checking image 2 border left 168
1609118935166143923 : Checking image 2 border right 168

</system-out><system-err>--------------------------------- Captured Err ---------------------------------

</system-err></testcase><testcase classname="tests.test_images" name="test_no_split_line_wave_algo_2_png" time="57.069"><system-out>--------------------------------- Captured Log ---------------------------------

--------------------------------- Captured Out ---------------------------------
/home/runner/work/ocr-book/ocr-book/tests/no_split_line_wave_algo_2.png
1609118924769847477 : Checking separation double page angle 90.54999999999998
1609118924769967678 : Checking separation double page y=0 2478
1609118934824342680 : Checking page rotation 1 1.1500000000000001
1609118945186796211 : Checking page rotation 2 0.2
1609118947532626730 : Checking image 1 crop x1 266
1609118947532761232 : Checking image 1 crop y1 209
1609118947532799532 : Checking image 1 crop x2 2342
1609118947532833133 : Checking image 1 crop y2 3413
1609118949657426106 : Checking image 2 crop x1 168
1609118949657561108 : Checking image 2 crop y1 241
1609118949657598108 : Checking image 2 crop x2 2251
1609118949657633209 : Checking image 2 crop y2 3433
1609118949693796458 : Checking image 1 dpi 300
1609118949693913059 : Checking image 1 border top 191
1609118949693949059 : Checking image 1 border bottom 92
1609118949693981160 : Checking image 1 border left 192
1609118949694012860 : Checking image 1 border right 192
1609118949696230988 : Checking image 2 dpi 300
1609118949696345389 : Checking image 2 border top 224
1609118949696380490 : Checking image 2 border bottom 71
1609118949696414390 : Checking image 2 border left 188
1609118949696445990 : Checking image 2 border right 188

</system-out><system-err>--------------------------------- Captured Err ---------------------------------

</system-err></testcase><testcase classname="tests.test_images" name="test_failed_detect_rectangle_png" time="72.735"><system-out>--------------------------------- Captured Log ---------------------------------

--------------------------------- Captured Out ---------------------------------
/home/runner/work/ocr-book/ocr-book/tests/failed_detect_rectangle.png
1609118975903595442 : Checking separation double page angle 90.19837516213148
1609118975903712544 : Checking separation double page y=0 2474
1609118988789412725 : Checking page rotation 1 0.2
1609119003679946888 : Checking page rotation 2 0.2
1609119005817069416 : Checking image 1 crop x1 257
1609119005817198717 : Checking image 1 crop y1 201
1609119005817236118 : Checking image 1 crop x2 2333
1609119005817269018 : Checking image 1 crop y2 3402
1609119007854455113 : Checking image 2 crop x1 136
1609119007854585615 : Checking image 2 crop y1 215
1609119007854623115 : Checking image 2 crop x2 2219
1609119007854657816 : Checking image 2 crop y2 3406
1609119007897725350 : Checking image 1 dpi 300
1609119007897842152 : Checking image 1 border top 188
1609119007897878152 : Checking image 1 border bottom 97
1609119007897909853 : Checking image 1 border left 192
1609119007897940653 : Checking image 1 border right 192
1609119007899845677 : Checking image 2 dpi 300
1609119007899929878 : Checking image 2 border top 200
1609119007899962978 : Checking image 2 border bottom 95
1609119007899993979 : Checking image 2 border left 188
1609119007900024579 : Checking image 2 border right 188

</system-out><system-err>--------------------------------- Captured Err ---------------------------------

</system-err></testcase><testcase classname="tests.test_images" name="test_single_page_png" time="23.395"><system-out>--------------------------------- Captured Log ---------------------------------

--------------------------------- Captured Out ---------------------------------
/home/runner/work/ocr-book/ocr-book/tests/single_page.png
1609118959619702367 : Checking separation double page angle 90.04999999999998
1609118959619841468 : Checking separation double page y=0 2476
1609118965035422781 : Checking page rotation 1 0.0
1609118965536612609 : Checking page rotation 2 0.0
1609118972291919768 : Checking image 1 crop x1 1
1609118972292013369 : Checking image 1 crop y1 8
1609118972292049569 : Checking image 1 crop x2 2470
1609118972292082570 : Checking image 1 crop y2 3505
1609118972803400925 : Checking image 2 crop x1 0
1609118972803477626 : Checking image 2 crop y1 0
1609118972803508926 : Checking image 2 crop x2 0
1609118972803538826 : Checking image 2 crop y2 0
1609118972803609127 : Checking image 1 dpi 300
1609118972803672828 : Checking image 1 border top 5
1609118972803706729 : Checking image 1 border bottom 5
1609118972803738729 : Checking image 1 border left 6
1609118972803769529 : Checking image 1 border right 6
1609118972809560701 : Checking image 2 border top 0
1609118972809627202 : Checking image 2 border bottom 0
1609118972809658502 : Checking image 2 border left 0
1609118972809689303 : Checking image 2 border right 0

</system-out><system-err>--------------------------------- Captured Err ---------------------------------

</system-err></testcase><testcase classname="tests.test_images" name="test_wrong_split_line_4_png" time="35.472"><system-out>--------------------------------- Captured Log ---------------------------------

--------------------------------- Captured Out ---------------------------------
/home/runner/work/ocr-book/ocr-book/tests/wrong_split_line_4.png
1609118993225669466 : Checking separation double page angle 91.04999999999998
1609118993225780167 : Checking separation double page y=0 60
1609118993511144514 : Checking page rotation 1 1.05
1609119005030395449 : Checking page rotation 2 1.1500000000000001
1609119005575881721 : Checking image 1 crop x1 0
1609119005575950722 : Checking image 1 crop y1 0
1609119005575981922 : Checking image 1 crop x2 0
1609119005576011523 : Checking image 1 crop y2 0
1609119008567710969 : Checking image 2 crop x1 292
1609119008567831071 : Checking image 2 crop y1 330
1609119008567865871 : Checking image 2 crop x2 2314
1609119008567896872 : Checking image 2 crop y2 3218
1609119008608161372 : Checking image 1 border top 0
1609119008608228072 : Checking image 1 border bottom 0
1609119008608259773 : Checking image 1 border left 0
1609119008608290173 : Checking image 1 border right 0
1609119008608370974 : Checking image 2 dpi 300
1609119008608442975 : Checking image 2 border top 322
1609119008608475075 : Checking image 2 border bottom 277
1609119008608506076 : Checking image 2 border left 219
1609119008608536476 : Checking image 2 border right 219

</system-out><system-err>--------------------------------- Captured Err ---------------------------------

</system-err></testcase><testcase classname="tests.test_images" name="test_no_split_line_wave_algo_3_png" time="17.271"><system-out>--------------------------------- Captured Log ---------------------------------

--------------------------------- Captured Out ---------------------------------
/home/runner/work/ocr-book/ocr-book/tests/no_split_line_wave_algo_3.png
1609119017588292180 : Checking separation double page angle 90.14999999999998
1609119017588441182 : Checking separation double page y=0 2408
1609119020251957798 : Checking page rotation 1 0.0
1609119020611777058 : Checking page rotation 2 0.35
1609119024595039296 : Checking image 1 crop x1 184
1609119024595150797 : Checking image 1 crop y1 2957
1609119024595185598 : Checking image 1 crop x2 2201
1609119024595215098 : Checking image 1 crop y2 3202
1609119025168596116 : Checking image 2 crop x1 0
1609119025168667117 : Checking image 2 crop y1 0
1609119025168696017 : Checking image 2 crop x2 0
1609119025168723518 : Checking image 2 crop y2 0
1609119025168799618 : Checking image 1 dpi 300
1609119025168872819 : Checking image 1 border top 2950
1609119025168902620 : Checking image 1 border bottom 292
1609119025168931520 : Checking image 1 border left 221
1609119025168960120 : Checking image 1 border right 221
1609119025174052384 : Checking image 2 border top 0
1609119025174122985 : Checking image 2 border bottom 0
1609119025174151485 : Checking image 2 border left 0
1609119025174179385 : Checking image 2 border right 0

</system-out><system-err>--------------------------------- Captured Err ---------------------------------

</system-err></testcase><testcase classname="tests.test_images" name="test_failed_split_line_line_algo_3_png" time="26.336"><system-out>--------------------------------- Captured Log ---------------------------------

--------------------------------- Captured Out ---------------------------------
/home/runner/work/ocr-book/ocr-book/tests/failed_split_line_line_algo_3.png
1609119022752194519 : Checking separation double page angle 90.0
1609119022752344421 : Checking separation double page y=0 40
1609119022909111567 : Checking page rotation 1 0.0
1609119028267735988 : Checking page rotation 2 0.0
1609119028658019033 : Checking image 1 crop x1 0
1609119028658086934 : Checking image 1 crop y1 0
1609119028658115134 : Checking image 1 crop x2 0
1609119028658142535 : Checking image 1 crop y2 0
1609119034923278090 : Checking image 2 crop x1 246
1609119034923392092 : Checking image 2 crop y1 154
1609119034923424192 : Checking image 2 crop x2 2259
1609119034923455392 : Checking image 2 crop y2 3361
1609119034957015306 : Checking image 1 border top 0
1609119034957086507 : Checking image 1 border bottom 0
1609119034957116008 : Checking image 1 border left 0
1609119034957145308 : Checking image 1 border right 0
1609119034957197709 : Checking image 2 dpi 300
1609119034957274010 : Checking image 2 border top 146
1609119034957304410 : Checking image 2 border bottom 134
1609119034957333810 : Checking image 2 border left 223
1609119034957362411 : Checking image 2 border right 223

</system-out><system-err>--------------------------------- Captured Err ---------------------------------

</system-err></testcase></testsuite></testsuites>