<?xml version="1.0" encoding="utf-8"?><testsuites><testsuite name="pytest" errors="0" failures="0" skipped="0" tests="28" time="794.146" timestamp="2020-11-30T23:07:21.493293" hostname="fv-az70-777"><testcase classname="tests.test_features" name="test_mock_stop_at_0" time="0.050"><system-out>--------------------------------- Captured Log ---------------------------------

--------------------------------- Captured Out ---------------------------------
/home/runner/work/ocr-book/ocr-book/tests/0001_0.png

</system-out><system-err>--------------------------------- Captured Err ---------------------------------

</system-err></testcase><testcase classname="tests.test_features" name="test_disabled_enable_debug" time="38.957"><system-out>--------------------------------- Captured Log ---------------------------------

--------------------------------- Captured Out ---------------------------------
/home/runner/work/ocr-book/ocr-book/tests/0001_debug.png
separation double page angle 90.57780420099763
separation double page y=0 2487
page rotation 1 0.75
page rotation 2 0.2
image 1 crop x1 330
image 1 crop y1 336
image 1 crop x2 2343
image 1 crop y2 3223
image 2 crop x1 169
image 2 crop y1 648
image 2 crop x2 2186
image 2 crop y2 3361
image 1 dpi 300
image 1 border top 340
image 1 border bottom 260
image 1 border left 223
image 1 border right 223
image 2 dpi 300
image 2 border top 646
image 2 border bottom 128
image 2 border left 221
image 2 border right 221

</system-out><system-err>--------------------------------- Captured Err ---------------------------------

</system-err></testcase><testcase classname="tests.test_features" name="test_mock_stop_at_2" time="45.724"><system-out>--------------------------------- Captured Log ---------------------------------

--------------------------------- Captured Out ---------------------------------
/home/runner/work/ocr-book/ocr-book/tests/0001_2.png
separation double page angle 90.57780420099763
separation double page y=0 2487
page rotation 1 0.75
page rotation 2 0.2

</system-out><system-err>--------------------------------- Captured Err ---------------------------------

</system-err></testcase><testcase classname="tests.test_features" name="test_mock_stop_at_1" time="28.134"><system-out>--------------------------------- Captured Log ---------------------------------

--------------------------------- Captured Out ---------------------------------
/home/runner/work/ocr-book/ocr-book/tests/0001_1.png
separation double page angle 90.57780420099763
separation double page y=0 2487

</system-out><system-err>--------------------------------- Captured Err ---------------------------------

</system-err></testcase><testcase classname="tests.test_features" name="test_mock_stop_at_4" time="51.711"><system-out>--------------------------------- Captured Log ---------------------------------

--------------------------------- Captured Out ---------------------------------
/home/runner/work/ocr-book/ocr-book/tests/0001_4.png
separation double page angle 90.57780420099763
separation double page y=0 2487
page rotation 1 0.75
page rotation 2 0.2
image 1 crop x1 330
image 1 crop y1 336
image 1 crop x2 2343
image 1 crop y2 3223
image 2 crop x1 169
image 2 crop y1 648
image 2 crop x2 2186
image 2 crop y2 3361
image 1 dpi 300
image 1 border top 340
image 1 border bottom 260
image 1 border left 223
image 1 border right 223
image 2 dpi 300
image 2 border top 646
image 2 border bottom 128
image 2 border left 221
image 2 border right 221

</system-out><system-err>--------------------------------- Captured Err ---------------------------------

</system-err></testcase><testcase classname="tests.test_features" name="test_mock_stop_at_3" time="51.892"><system-out>--------------------------------- Captured Log ---------------------------------

--------------------------------- Captured Out ---------------------------------
/home/runner/work/ocr-book/ocr-book/tests/0001_3.png
separation double page angle 90.57780420099763
separation double page y=0 2487
page rotation 1 0.75
page rotation 2 0.2
image 1 crop x1 330
image 1 crop y1 336
image 1 crop x2 2343
image 1 crop y2 3223
image 2 crop x1 169
image 2 crop y1 648
image 2 crop x2 2186
image 2 crop y2 3361

</system-out><system-err>--------------------------------- Captured Err ---------------------------------

</system-err></testcase><testcase classname="tests.test_images" name="test_0001_png" time="52.979"><system-out>--------------------------------- Captured Log ---------------------------------

--------------------------------- Captured Out ---------------------------------
/home/runner/work/ocr-book/ocr-book/tests/0001.png
1606777769003840273 : Checking separation double page angle 90.57780420099763
1606777769003946773 : Checking separation double page y=0 2487
1606777777241296155 : Checking page rotation 1 0.75
1606777786331020163 : Checking page rotation 2 0.2
1606777789536099578 : Checking image 1 crop x1 330
1606777789536220178 : Checking image 1 crop y1 336
1606777789536269479 : Checking image 1 crop x2 2343
1606777789536314679 : Checking image 1 crop y2 3223
1606777793046227060 : Checking image 2 crop x1 169
1606777793046342361 : Checking image 2 crop y1 648
1606777793046388961 : Checking image 2 crop x2 2186
1606777793046448661 : Checking image 2 crop y2 3361
1606777793081440013 : Checking image 1 dpi 300
1606777793081589714 : Checking image 1 border top 340
1606777793081628414 : Checking image 1 border bottom 260
1606777793081660114 : Checking image 1 border left 223
1606777793081709414 : Checking image 1 border right 223
1606777793084096124 : Checking image 2 dpi 300
1606777793084168425 : Checking image 2 border top 646
1606777793084202025 : Checking image 2 border bottom 128
1606777793084232525 : Checking image 2 border left 221
1606777793084263325 : Checking image 2 border right 221

</system-out><system-err>--------------------------------- Captured Err ---------------------------------

</system-err></testcase><testcase classname="tests.test_features" name="test_mock_stop_at_5" time="51.662"><system-out>--------------------------------- Captured Log ---------------------------------

--------------------------------- Captured Out ---------------------------------
/home/runner/work/ocr-book/ocr-book/tests/0001_5.png
separation double page angle 90.57780420099763
separation double page y=0 2487
page rotation 1 0.75
page rotation 2 0.2
image 1 crop x1 330
image 1 crop y1 336
image 1 crop x2 2343
image 1 crop y2 3223
image 2 crop x1 169
image 2 crop y1 648
image 2 crop x2 2186
image 2 crop y2 3361
image 1 dpi 300
image 1 border top 340
image 1 border bottom 260
image 1 border left 223
image 1 border right 223
image 2 dpi 300
image 2 border top 646
image 2 border bottom 128
image 2 border left 221
image 2 border right 221

</system-out><system-err>--------------------------------- Captured Err ---------------------------------

</system-err></testcase><testcase classname="tests.test_images" name="test_2_pages_2_contours_png" time="33.416"><system-out>--------------------------------- Captured Log ---------------------------------

--------------------------------- Captured Out ---------------------------------
/home/runner/work/ocr-book/ocr-book/tests/2-pages-2-contours.png
1606777811716394509 : Checking separation double page angle 89.91958537671144
1606777811716491110 : Checking separation double page y=0 2492
1606777814229918309 : Checking page rotation 1 0.05
1606777821268581070 : Checking page rotation 2 0.35000000000000003
1606777822365698055 : Checking image 1 crop x1 1191
1606777822365805755 : Checking image 1 crop y1 1733
1606777822365846955 : Checking image 1 crop x2 1192
1606777822365883356 : Checking image 1 crop y2 1734
1606777826470196154 : Checking image 2 crop x1 89
1606777826470387455 : Checking image 2 crop y1 240
1606777826470435355 : Checking image 2 crop x2 2136
1606777826470480355 : Checking image 2 crop y2 3239
1606777826504353765 : Checking image 1 dpi 300
1606777826504455465 : Checking image 1 border top 1752
1606777826504492265 : Checking image 1 border bottom 1753
1606777826504540565 : Checking image 1 border left 1239
1606777826504572065 : Checking image 1 border right 1239
1606777826512741992 : Checking image 2 dpi 300
1606777826512864792 : Checking image 2 border top 231
1606777826512904092 : Checking image 2 border bottom 257
1606777826512940292 : Checking image 2 border left 206
1606777826512976493 : Checking image 2 border right 206

</system-out><system-err>--------------------------------- Captured Err ---------------------------------

</system-err></testcase><testcase classname="tests.test_images" name="test_image_failed_to_crop_data_png" time="59.431"><system-out>--------------------------------- Captured Log ---------------------------------

--------------------------------- Captured Out ---------------------------------
/home/runner/work/ocr-book/ocr-book/tests/image_failed_to_crop_data.png
1606777843497955347 : Checking separation double page angle 89.89865840161842
1606777843498069647 : Checking separation double page y=0 2477
1606777850174505377 : Checking page rotation 1 -0.14999999999999147
1606777856317796621 : Checking page rotation 2 0.05
1606777868205563779 : Checking image 1 crop x1 43
1606777868205705880 : Checking image 1 crop y1 6
1606777868205758380 : Checking image 1 crop x2 2481
1606777868205791280 : Checking image 1 crop y2 3504
1606777872575976375 : Checking image 2 crop x1 160
1606777872576176776 : Checking image 2 crop y1 217
1606777872576226076 : Checking image 2 crop x2 2241
1606777872576288676 : Checking image 2 crop y2 3350
1606777872613128664 : Checking image 1 dpi 300
1606777872613297465 : Checking image 1 border top 5
1606777872613342065 : Checking image 1 border bottom 5
1606777872613378165 : Checking image 1 border left 21
1606777872613429465 : Checking image 1 border right 21
1606777872617069874 : Checking image 2 dpi 300
1606777872617152074 : Checking image 2 border top 224
1606777872617184674 : Checking image 2 border bottom 130
1606777872617214274 : Checking image 2 border left 189
1606777872617246874 : Checking image 2 border right 189

</system-out><system-err>--------------------------------- Captured Err ---------------------------------

</system-err></testcase><testcase classname="tests.test_images" name="test_black_border_not_removed_png" time="59.907"><system-out>--------------------------------- Captured Log ---------------------------------

--------------------------------- Captured Out ---------------------------------
/home/runner/work/ocr-book/ocr-book/tests/black-border-not-removed.png
1606777859032994195 : Checking separation double page angle 90.02895758682553
1606777859033088496 : Checking separation double page y=0 2456
1606777866326150745 : Checking page rotation 1 0.0
1606777877295443653 : Checking page rotation 2 0.0
1606777880760427296 : Checking image 1 crop x1 297
1606777880760523896 : Checking image 1 crop y1 143
1606777880760563696 : Checking image 1 crop x2 2309
1606777880760601996 : Checking image 1 crop y2 3346
1606777886370179743 : Checking image 2 crop x1 157
1606777886370388743 : Checking image 2 crop y1 145
1606777886370490443 : Checking image 2 crop x2 2169
1606777886370557443 : Checking image 2 crop y2 3352
1606777886410424833 : Checking image 1 dpi 300
1606777886410563833 : Checking image 1 border top 130
1606777886410614333 : Checking image 1 border bottom 154
1606777886410651433 : Checking image 1 border left 224
1606777886410687833 : Checking image 1 border right 224
1606777886413398440 : Checking image 2 dpi 300
1606777886413478540 : Checking image 2 border top 139
1606777886413516740 : Checking image 2 border bottom 141
1606777886413552340 : Checking image 2 border left 224
1606777886413591040 : Checking image 2 border right 224

</system-out><system-err>--------------------------------- Captured Err ---------------------------------

</system-err></testcase><testcase classname="tests.test_images" name="test_wrong_angle_split_line_png" time="65.379"><system-out>--------------------------------- Captured Log ---------------------------------

--------------------------------- Captured Out ---------------------------------
/home/runner/work/ocr-book/ocr-book/tests/wrong_angle_split_line.png
1606777904180986860 : Checking separation double page angle 90.00846714570578
1606777904181113960 : Checking separation double page y=0 2478
1606777912301179384 : Checking page rotation 1 0.1
1606777920384276397 : Checking page rotation 2 0.2
1606777932086299707 : Checking image 1 crop x1 58
1606777932086428607 : Checking image 1 crop y1 6
1606777932086473107 : Checking image 1 crop x2 2476
1606777932086515407 : Checking image 1 crop y2 3501
1606777937168162198 : Checking image 2 crop x1 162
1606777937168294298 : Checking image 2 crop y1 219
1606777937168340398 : Checking image 2 crop x2 2238
1606777937168384498 : Checking image 2 crop y2 3348
1606777937320029885 : Checking image 1 dpi 300
1606777937320218186 : Checking image 1 border top 6
1606777937320255686 : Checking image 1 border bottom 6
1606777937320284886 : Checking image 1 border left 31
1606777937320313886 : Checking image 1 border right 31
1606777937328231201 : Checking image 2 dpi 300
1606777937328338101 : Checking image 2 border top 211
1606777937328370701 : Checking image 2 border bottom 147
1606777937328399101 : Checking image 2 border left 192
1606777937328427201 : Checking image 2 border right 192

</system-out><system-err>--------------------------------- Captured Err ---------------------------------

</system-err></testcase><testcase classname="tests.test_images" name="test_image_failed_to_rotate_png" time="58.121"><system-out>--------------------------------- Captured Log ---------------------------------

--------------------------------- Captured Out ---------------------------------
/home/runner/work/ocr-book/ocr-book/tests/image_failed_to_rotate.png
1606777914615705068 : Checking separation double page angle 90.18772783206224
1606777914615806868 : Checking separation double page y=0 2482
1606777920093802222 : Checking page rotation 1 0.35000000000000003
1606777927746773832 : Checking page rotation 2 0.45
1606777939672286130 : Checking image 1 crop x1 34
1606777939672385130 : Checking image 1 crop y1 1
1606777939672422330 : Checking image 1 crop x2 2480
1606777939672456230 : Checking image 1 crop y2 3500
1606777944400883793 : Checking image 2 crop x1 168
1606777944400992693 : Checking image 2 crop y1 234
1606777944401035793 : Checking image 2 crop x2 2247
1606777944401075193 : Checking image 2 crop y2 3355
1606777944438509763 : Checking image 1 dpi 300
1606777944438631563 : Checking image 1 border top 4
1606777944438665864 : Checking image 1 border bottom 4
1606777944438693864 : Checking image 1 border left 17
1606777944438752764 : Checking image 1 border right 17
1606777944441320368 : Checking image 2 dpi 300
1606777944441374569 : Checking image 2 border top 220
1606777944441404669 : Checking image 2 border bottom 146
1606777944441430969 : Checking image 2 border left 190
1606777944441494369 : Checking image 2 border right 190

</system-out><system-err>--------------------------------- Captured Err ---------------------------------

</system-err></testcase><testcase classname="tests.test_images" name="test_angle_page_lower_split_line_png" time="56.396"><system-out>--------------------------------- Captured Log ---------------------------------

--------------------------------- Captured Out ---------------------------------
/home/runner/work/ocr-book/ocr-book/tests/angle_page_lower_split_line.png
1606777971119528809 : Checking separation double page angle 89.75201324945476
1606777971119642410 : Checking separation double page y=0 2473
1606777981224648787 : Checking page rotation 1 -0.44999999999998863
1606777988271007597 : Checking page rotation 2 0.2
1606777991421073970 : Checking image 1 crop x1 245
1606777991421242171 : Checking image 1 crop y1 161
1606777991421293472 : Checking image 1 crop x2 2351
1606777991421359272 : Checking image 1 crop y2 3364
1606777994435545240 : Checking image 2 crop x1 151
1606777994435670741 : Checking image 2 crop y1 147
1606777994435715041 : Checking image 2 crop x2 2258
1606777994435757841 : Checking image 2 crop y2 3350
1606777994473719286 : Checking image 1 dpi 300
1606777994473855787 : Checking image 1 border top 132
1606777994473894187 : Checking image 1 border bottom 152
1606777994473927887 : Checking image 1 border left 177
1606777994473960887 : Checking image 1 border right 177
1606777994477406110 : Checking image 2 dpi 300
1606777994477508010 : Checking image 2 border top 116
1606777994477543310 : Checking image 2 border bottom 168
1606777994477575011 : Checking image 2 border left 176
1606777994477606011 : Checking image 2 border right 176

</system-out><system-err>--------------------------------- Captured Err ---------------------------------

</system-err></testcase><testcase classname="tests.test_images" name="test_wrong_split_line_png" time="42.702"><system-out>--------------------------------- Captured Log ---------------------------------

--------------------------------- Captured Out ---------------------------------
/home/runner/work/ocr-book/ocr-book/tests/wrong_split_line.png
1606777968639860643 : Checking separation double page angle 89.85895720607971
1606777968639970144 : Checking separation double page y=0 2463
1606777974530389898 : Checking page rotation 1 -0.14999999999999147
1606777981971737331 : Checking page rotation 2 0.65
1606777984495301148 : Checking image 1 crop x1 213
1606777984495454949 : Checking image 1 crop y1 157
1606777984495507549 : Checking image 1 crop x2 2323
1606777984495573750 : Checking image 1 crop y2 3362
1606777987212739142 : Checking image 2 crop x1 126
1606777987212871143 : Checking image 2 crop y1 167
1606777987212924144 : Checking image 2 crop x2 2237
1606777987212973444 : Checking image 2 crop y2 3372
1606777987248690782 : Checking image 1 dpi 300
1606777987248810683 : Checking image 1 border top 115
1606777987248869784 : Checking image 1 border bottom 167
1606777987248918884 : Checking image 1 border left 175
1606777987248950584 : Checking image 1 border right 175
1606777987251917804 : Checking image 2 dpi 300
1606777987251986104 : Checking image 2 border top 142
1606777987252018705 : Checking image 2 border bottom 140
1606777987252086305 : Checking image 2 border left 174
1606777987252121505 : Checking image 2 border right 174

</system-out><system-err>--------------------------------- Captured Err ---------------------------------

</system-err></testcase><testcase classname="tests.test_images" name="test_crop_too_much_png" time="82.001"><system-out>--------------------------------- Captured Log ---------------------------------

--------------------------------- Captured Out ---------------------------------
/home/runner/work/ocr-book/ocr-book/tests/crop_too_much.png
1606778031370593671 : Checking separation double page angle 90.13239409272953
1606778031370685571 : Checking separation double page y=0 2453
1606778044304746915 : Checking page rotation 1 0.0
1606778058726148526 : Checking page rotation 2 0.45
1606778064376684424 : Checking image 1 crop x1 303
1606778064376818925 : Checking image 1 crop y1 148
1606778064376873625 : Checking image 1 crop x2 2313
1606778064376922025 : Checking image 1 crop y2 3351
1606778069183447948 : Checking image 2 crop x1 170
1606778069183572048 : Checking image 2 crop y1 155
1606778069183641249 : Checking image 2 crop x2 2181
1606778069183695649 : Checking image 2 crop y2 3359
1606778069232108071 : Checking image 1 dpi 300
1606778069232230172 : Checking image 1 border top 131
1606778069232271772 : Checking image 1 border bottom 153
1606778069232307972 : Checking image 1 border left 225
1606778069232343972 : Checking image 1 border right 225
1606778069235780388 : Checking image 2 dpi 300
1606778069235897189 : Checking image 2 border top 139
1606778069235930589 : Checking image 2 border bottom 144
1606778069235963489 : Checking image 2 border left 224
1606778069235996589 : Checking image 2 border right 224

</system-out><system-err>--------------------------------- Captured Err ---------------------------------

</system-err></testcase><testcase classname="tests.test_images" name="test_crop_too_few_png" time="46.804"><system-out>--------------------------------- Captured Log ---------------------------------

--------------------------------- Captured Out ---------------------------------
/home/runner/work/ocr-book/ocr-book/tests/crop_too_few.png
1606778022108184304 : Checking separation double page angle 89.39669496435833
1606778022108302505 : Checking separation double page y=0 2510
1606778028911595125 : Checking page rotation 1 -0.75
1606778036127986779 : Checking page rotation 2 0.05
1606778038785916440 : Checking image 1 crop x1 265
1606778038786081441 : Checking image 1 crop y1 152
1606778038786130341 : Checking image 1 crop x2 2375
1606778038786177242 : Checking image 1 crop y2 3356
1606778041249377435 : Checking image 2 crop x1 135
1606778041249520236 : Checking image 2 crop y1 141
1606778041249570136 : Checking image 2 crop x2 2261
1606778041249639437 : Checking image 2 crop y2 3345
1606778041288027635 : Checking image 1 dpi 300
1606778041288191436 : Checking image 1 border top 116
1606778041288235136 : Checking image 1 border bottom 167
1606778041288271936 : Checking image 1 border left 175
1606778041288307936 : Checking image 1 border right 175
1606778041291588553 : Checking image 2 dpi 300
1606778041291687554 : Checking image 2 border top 143
1606778041291727054 : Checking image 2 border bottom 140
1606778041291762954 : Checking image 2 border left 167
1606778041291798454 : Checking image 2 border right 167

</system-out><system-err>--------------------------------- Captured Err ---------------------------------

</system-err></testcase><testcase classname="tests.test_images" name="test_crop_too_much_2_png" time="85.744"><system-out>--------------------------------- Captured Log ---------------------------------

--------------------------------- Captured Out ---------------------------------
/home/runner/work/ocr-book/ocr-book/tests/crop_too_much_2.png
1606778085978137755 : Checking separation double page angle 90.2021118646249
1606778085978253455 : Checking separation double page y=0 2477
1606778100820343208 : Checking page rotation 1 0.2
1606778117382087320 : Checking page rotation 2 0.2
1606778121546146239 : Checking image 1 crop x1 332
1606778121546237639 : Checking image 1 crop y1 131
1606778121546284739 : Checking image 1 crop x2 2342
1606778121546327839 : Checking image 1 crop y2 3336
1606778126933653156 : Checking image 2 crop x1 168
1606778126933794656 : Checking image 2 crop y1 139
1606778126933846856 : Checking image 2 crop x2 2181
1606778126933898357 : Checking image 2 crop y2 3345
1606778126996211391 : Checking image 1 dpi 300
1606778126996341192 : Checking image 1 border top 116
1606778126996384492 : Checking image 1 border bottom 166
1606778126996421492 : Checking image 1 border left 225
1606778126996458392 : Checking image 1 border right 225
1606778126999512104 : Checking image 2 dpi 300
1606778126999600704 : Checking image 2 border top 133
1606778126999636304 : Checking image 2 border bottom 148
1606778126999669504 : Checking image 2 border left 223
1606778126999705304 : Checking image 2 border right 223

</system-out><system-err>--------------------------------- Captured Err ---------------------------------

</system-err></testcase><testcase classname="tests.test_images" name="test_wrong_split_line_2_png" time="99.736"><system-out>--------------------------------- Captured Log ---------------------------------

--------------------------------- Captured Out ---------------------------------
/home/runner/work/ocr-book/ocr-book/tests/wrong_split_line_2.png
1606778123906897528 : Checking separation double page angle 90.39217497633973
1606778123906999628 : Checking separation double page y=0 2442
1606778136647063128 : Checking page rotation 1 0.2
1606778151569307855 : Checking page rotation 2 0.35000000000000003
1606778159403515388 : Checking image 1 crop x1 294
1606778159403678188 : Checking image 1 crop y1 136
1606778159403726889 : Checking image 1 crop x2 2325
1606778159403770089 : Checking image 1 crop y2 3376
1606778168922136521 : Checking image 2 crop x1 146
1606778168922252421 : Checking image 2 crop y1 193
1606778168922297221 : Checking image 2 crop x2 2175
1606778168922340321 : Checking image 2 crop y2 3387
1606778168970376082 : Checking image 1 dpi 300
1606778168970483283 : Checking image 1 border top 128
1606778168970523983 : Checking image 1 border bottom 119
1606778168970559983 : Checking image 1 border left 214
1606778168970595783 : Checking image 1 border right 214
1606778168972612890 : Checking image 2 dpi 300
1606778168972665990 : Checking image 2 border top 184
1606778168972695990 : Checking image 2 border bottom 109
1606778168972724290 : Checking image 2 border left 215
1606778168972753090 : Checking image 2 border right 215

</system-out><system-err>--------------------------------- Captured Err ---------------------------------

</system-err></testcase><testcase classname="tests.test_images" name="test_small_wave_png" time="72.985"><system-out>--------------------------------- Captured Log ---------------------------------

--------------------------------- Captured Out ---------------------------------
/home/runner/work/ocr-book/ocr-book/tests/small_wave.png
1606778170402725265 : Checking separation double page angle 90.61316928841566
1606778170402823165 : Checking separation double page y=0 2495
1606778183016032582 : Checking page rotation 1 0.7000000000000001
1606778194183723861 : Checking page rotation 2 0.7000000000000001
1606778196968208922 : Checking image 1 crop x1 322
1606778196968354923 : Checking image 1 crop y1 199
1606778196968408023 : Checking image 1 crop x2 2351
1606778196968459123 : Checking image 1 crop y2 3394
1606778199961826284 : Checking image 2 crop x1 135
1606778199961977884 : Checking image 2 crop y1 223
1606778199962028985 : Checking image 2 crop x2 2164
1606778199962087085 : Checking image 2 crop y2 3419
1606778200003130113 : Checking image 1 dpi 300
1606778200003241513 : Checking image 1 border top 177
1606778200003279713 : Checking image 1 border bottom 115
1606778200003313913 : Checking image 1 border left 215
1606778200003347414 : Checking image 1 border right 215
1606778200005847721 : Checking image 2 dpi 300
1606778200005914322 : Checking image 2 border top 191
1606778200005952122 : Checking image 2 border bottom 100
1606778200005989222 : Checking image 2 border left 215
1606778200006024122 : Checking image 2 border right 215

</system-out><system-err>--------------------------------- Captured Err ---------------------------------

</system-err></testcase><testcase classname="tests.test_images" name="test_wrong_split_line_3_png" time="63.722"><system-out>--------------------------------- Captured Log ---------------------------------

--------------------------------- Captured Out ---------------------------------
/home/runner/work/ocr-book/ocr-book/tests/wrong_split_line_3.png
1606778206442844853 : Checking separation double page angle 90.43729500214693
1606778206442989053 : Checking separation double page y=0 2498
1606778218238015922 : Checking page rotation 1 0.30000000000000004
1606778227202014153 : Checking page rotation 2 0.9
1606778229785616978 : Checking image 1 crop x1 331
1606778229785732478 : Checking image 1 crop y1 165
1606778229785780278 : Checking image 1 crop x2 2375
1606778229785854078 : Checking image 1 crop y2 3376
1606778232662926129 : Checking image 2 crop x1 102
1606778232663048029 : Checking image 2 crop y1 208
1606778232663097529 : Checking image 2 crop x2 2133
1606778232663143329 : Checking image 2 crop y2 3413
1606778232701486142 : Checking image 1 dpi 300
1606778232701869343 : Checking image 1 border top 150
1606778232701920043 : Checking image 1 border bottom 126
1606778232701956643 : Checking image 1 border left 208
1606778232701992543 : Checking image 1 border right 208
1606778232705289353 : Checking image 2 dpi 300
1606778232705353753 : Checking image 2 border top 190
1606778232705403853 : Checking image 2 border bottom 92
1606778232705435253 : Checking image 2 border left 214
1606778232705485853 : Checking image 2 border right 214

</system-out><system-err>--------------------------------- Captured Err ---------------------------------

</system-err></testcase><testcase classname="tests.test_images" name="test_wrong_wave_split_line_png" time="82.904"><system-out>--------------------------------- Captured Log ---------------------------------

--------------------------------- Captured Out ---------------------------------
/home/runner/work/ocr-book/ocr-book/tests/wrong_wave_split_line.png
1606778243918947799 : Checking separation double page angle 90.5287860410772
1606778243919037899 : Checking separation double page y=0 2502
1606778256121367457 : Checking page rotation 1 -0.14999999999999147
1606778266366620057 : Checking page rotation 2 0.8500000000000001
1606778276344546818 : Checking image 1 crop x1 385
1606778276344686018 : Checking image 1 crop y1 179
1606778276344736318 : Checking image 1 crop x2 2411
1606778276344789118 : Checking image 1 crop y2 3374
1606778282858600817 : Checking image 2 crop x1 124
1606778282858760018 : Checking image 2 crop y1 58
1606778282858808018 : Checking image 2 crop x2 2410
1606778282858853518 : Checking image 2 crop y2 3392
1606778282907970452 : Checking image 1 dpi 300
1606778282908120752 : Checking image 1 border top 167
1606778282908166952 : Checking image 1 border bottom 124
1606778282908203952 : Checking image 1 border left 217
1606778282908241052 : Checking image 1 border right 217
1606778282911152460 : Checking image 2 dpi 300
1606778282911229361 : Checking image 2 border top 0
1606778282911271161 : Checking image 2 border bottom 163
1606778282911306461 : Checking image 2 border left 92
1606778282911341861 : Checking image 2 border right 92

</system-out><system-err>--------------------------------- Captured Err ---------------------------------

</system-err></testcase><testcase classname="tests.test_images" name="test_no_split_line_line_algo_png" time="52.229"><system-out>--------------------------------- Captured Log ---------------------------------

--------------------------------- Captured Out ---------------------------------
/home/runner/work/ocr-book/ocr-book/tests/no_split_line_line_algo.png
1606778261987137540 : Checking separation double page angle 89.47691469185418
1606778261987240341 : Checking separation double page y=0 2476
1606778267752571907 : Checking page rotation 1 -0.14999999999999147
1606778278643120815 : Checking page rotation 2 -0.44999999999998863
1606778280741409948 : Checking image 1 crop x1 205
1606778280741539649 : Checking image 1 crop y1 158
1606778280741624349 : Checking image 1 crop x2 2320
1606778280741671149 : Checking image 1 crop y2 3366
1606778284904231477 : Checking image 2 crop x1 185
1606778284904347477 : Checking image 2 crop y1 221
1606778284904395777 : Checking image 2 crop x2 2201
1606778284904439978 : Checking image 2 crop y2 3366
1606778284948158496 : Checking image 1 dpi 300
1606778284948252196 : Checking image 1 border top 137
1606778284948285997 : Checking image 1 border bottom 142
1606778284948315897 : Checking image 1 border left 172
1606778284948345397 : Checking image 1 border right 172
1606778284950852704 : Checking image 2 dpi 300
1606778284950905004 : Checking image 2 border top 225
1606778284950936104 : Checking image 2 border bottom 117
1606778284950964104 : Checking image 2 border left 222
1606778284950992104 : Checking image 2 border right 222

</system-out><system-err>--------------------------------- Captured Err ---------------------------------

</system-err></testcase><testcase classname="tests.test_images" name="test_failed_split_line_line_algo_png" time="20.531"><system-out>--------------------------------- Captured Log ---------------------------------

--------------------------------- Captured Out ---------------------------------
/home/runner/work/ocr-book/ocr-book/tests/failed_split_line_line_algo.png
1606778294984819474 : Checking separation double page angle 90.01634220573249
1606778294984915174 : Checking separation double page y=0 2575
1606778298865996660 : Checking page rotation 1 -0.14999999999999147
1606778301295127238 : Checking page rotation 2 0.05
1606778302733172864 : Checking image 1 crop x1 407
1606778302733321464 : Checking image 1 crop y1 2925
1606778302733362565 : Checking image 1 crop x2 2419
1606778302733423765 : Checking image 1 crop y2 3174
1606778303493798586 : Checking image 2 crop x1 1180
1606778303494043286 : Checking image 2 crop y1 1724
1606778303494280087 : Checking image 2 crop x2 1181
1606778303494328987 : Checking image 2 crop y2 1725
1606778303494574288 : Checking image 1 dpi 300
1606778303494648288 : Checking image 1 border top 2930
1606778303494681188 : Checking image 1 border bottom 308
1606778303494711488 : Checking image 1 border left 224
1606778303494741388 : Checking image 1 border right 224
1606778303496280592 : Checking image 2 dpi 300
1606778303496379792 : Checking image 2 border top 1753
1606778303496407892 : Checking image 2 border bottom 1753
1606778303496434493 : Checking image 2 border left 1239
1606778303496461193 : Checking image 2 border right 1239

</system-out><system-err>--------------------------------- Captured Err ---------------------------------

</system-err></testcase><testcase classname="tests.test_images" name="test_failed_split_line_line_algo_2_png" time="69.840"><system-out>--------------------------------- Captured Log ---------------------------------

--------------------------------- Captured Out ---------------------------------
/home/runner/work/ocr-book/ocr-book/tests/failed_split_line_line_algo_2.png
1606778326144135560 : Checking separation double page angle 89.9913422057325
1606778326144238261 : Checking separation double page y=0 2498
1606778338732687464 : Checking page rotation 1 0.0
1606778348767753224 : Checking page rotation 2 0.6000000000000001
1606778352048413368 : Checking image 1 crop x1 272
1606778352048583269 : Checking image 1 crop y1 149
1606778352048636769 : Checking image 1 crop x2 2383
1606778352048683969 : Checking image 1 crop y2 3353
1606778354727620167 : Checking image 2 crop x1 121
1606778354727742267 : Checking image 2 crop y1 155
1606778354727790367 : Checking image 2 crop x2 2244
1606778354727838067 : Checking image 2 crop y2 3350
1606778354773328983 : Checking image 1 dpi 300
1606778354773453383 : Checking image 1 border top 137
1606778354773494283 : Checking image 1 border bottom 146
1606778354773530183 : Checking image 1 border left 174
1606778354773567783 : Checking image 1 border right 174
1606778354776456591 : Checking image 2 dpi 300
1606778354776530391 : Checking image 2 border top 138
1606778354776581891 : Checking image 2 border bottom 154
1606778354776614291 : Checking image 2 border left 168
1606778354776664991 : Checking image 2 border right 168

</system-out><system-err>--------------------------------- Captured Err ---------------------------------

</system-err></testcase><testcase classname="tests.test_images" name="test_crop_too_much_3_png" time="70.177"><system-out>--------------------------------- Captured Log ---------------------------------

--------------------------------- Captured Out ---------------------------------
/home/runner/work/ocr-book/ocr-book/tests/crop_too_much_3.png
1606778342205196268 : Checking separation double page angle 89.55580634783144
1606778342205298068 : Checking separation double page y=0 2499
1606778351590090304 : Checking page rotation 1 -0.9499999999999886
1606778364854099840 : Checking page rotation 2 -0.14999999999999147
1606778369226846425 : Checking image 1 crop x1 373
1606778369227010725 : Checking image 1 crop y1 258
1606778369227063625 : Checking image 1 crop x2 2386
1606778369227113126 : Checking image 1 crop y2 3458
1606778373587658847 : Checking image 2 crop x1 167
1606778373587798848 : Checking image 2 crop y1 228
1606778373587851748 : Checking image 2 crop x2 2180
1606778373587902448 : Checking image 2 crop y2 3417
1606778373633867063 : Checking image 1 dpi 300
1606778373633981363 : Checking image 1 border top 237
1606778373634022563 : Checking image 1 border bottom 50
1606778373634057963 : Checking image 1 border left 223
1606778373634093063 : Checking image 1 border right 223
1606778373636936471 : Checking image 2 dpi 300
1606778373637005371 : Checking image 2 border top 192
1606778373637041471 : Checking image 2 border bottom 106
1606778373637075371 : Checking image 2 border left 223
1606778373637109571 : Checking image 2 border right 223

</system-out><system-err>--------------------------------- Captured Err ---------------------------------

</system-err></testcase><testcase classname="tests.test_images" name="test_wrong_wave_split_line_2_png" time="70.520"><system-out>--------------------------------- Captured Log ---------------------------------

--------------------------------- Captured Out ---------------------------------
/home/runner/work/ocr-book/ocr-book/tests/wrong_wave_split_line_2.png
1606778396079476303 : Checking separation double page angle 90.7708958311329
1606778396079595203 : Checking separation double page y=0 2490
1606778406076491794 : Checking page rotation 1 0.4
1606778418439271228 : Checking page rotation 2 1.8
1606778421545586095 : Checking image 1 crop x1 224
1606778421545759296 : Checking image 1 crop y1 147
1606778421545813696 : Checking image 1 crop x2 2337
1606778421545877396 : Checking image 1 crop y2 3355
1606778425250676708 : Checking image 2 crop x1 107
1606778425250795208 : Checking image 2 crop y1 197
1606778425250842108 : Checking image 2 crop x2 2229
1606778425250884908 : Checking image 2 crop y2 3396
1606778425299821627 : Checking image 1 dpi 300
1606778425299929727 : Checking image 1 border top 126
1606778425299964327 : Checking image 1 border bottom 153
1606778425299994827 : Checking image 1 border left 173
1606778425300025127 : Checking image 1 border right 173
1606778425302861034 : Checking image 2 dpi 300
1606778425302919834 : Checking image 2 border top 170
1606778425302950035 : Checking image 2 border bottom 118
1606778425302981035 : Checking image 2 border left 169
1606778425303009635 : Checking image 2 border right 169

</system-out><system-err>--------------------------------- Captured Err ---------------------------------

</system-err></testcase><testcase classname="tests.test_images" name="test_wrong_wave_split_line_3_png" time="59.682"><system-out>--------------------------------- Captured Log ---------------------------------

--------------------------------- Captured Out ---------------------------------
/home/runner/work/ocr-book/ocr-book/tests/wrong_wave_split_line_3.png
1606778409407478359 : Checking separation double page angle 90.0586735161512
1606778409407588859 : Checking separation double page y=0 2510
1606778420106112190 : Checking page rotation 1 0.1
1606778427420522878 : Checking page rotation 2 0.35000000000000003
1606778430623422649 : Checking image 1 crop x1 272
1606778430623544549 : Checking image 1 crop y1 219
1606778430623589349 : Checking image 1 crop x2 2383
1606778430623632050 : Checking image 1 crop y2 3423
1606778433291427814 : Checking image 2 crop x1 119
1606778433291597714 : Checking image 2 crop y1 226
1606778433291667614 : Checking image 2 crop x2 2240
1606778433291712114 : Checking image 2 crop y2 3413
1606778433332451513 : Checking image 1 dpi 300
1606778433332540213 : Checking image 1 border top 190
1606778433332576313 : Checking image 1 border bottom 93
1606778433332607813 : Checking image 1 border left 174
1606778433332639014 : Checking image 1 border right 174
1606778433335328920 : Checking image 2 dpi 300
1606778433335382020 : Checking image 2 border top 190
1606778433335414020 : Checking image 2 border bottom 110
1606778433335444520 : Checking image 2 border left 169
1606778433335475220 : Checking image 2 border right 169

</system-out><system-err>--------------------------------- Captured Err ---------------------------------

</system-err></testcase></testsuite></testsuites>