<?xml version="1.0" encoding="utf-8"?><testsuites><testsuite name="pytest" errors="0" failures="0" skipped="0" tests="36" time="422.233" timestamp="2021-05-17T10:17:45.033765" hostname="fv-az91-360"><testcase classname="tests.test_features" name="test_disabled_enable_debug" time="25.135"><system-out>--------------------------------- Captured Log ---------------------------------

--------------------------------- Captured Out ---------------------------------
/home/runner/work/diptych/diptych/tests/0001_debug.png
separation double page angle 90.55756528497216
separation double page y=0 2484
page rotation 1 0.65
page rotation 2 0.2
image 1 crop x1 329
image 1 crop y1 335
image 1 crop x2 2344
image 1 crop y2 3222
image 2 crop x1 171
image 2 crop y1 648
image 2 crop x2 2188
image 2 crop y2 3361
image 1 dpi 300
image 1 border top 327
image 1 border bottom 273
image 1 border left 222
image 1 border right 222
image 2 dpi 300
image 2 border top 643
image 2 border bottom 131
image 2 border left 221
image 2 border right 221

</system-out><system-err>--------------------------------- Captured Err ---------------------------------

</system-err></testcase><testcase classname="tests.test_features" name="test_mock_stop_at_0" time="0.045"><system-out>--------------------------------- Captured Log ---------------------------------

--------------------------------- Captured Out ---------------------------------
/home/runner/work/diptych/diptych/tests/0001_0.png

</system-out><system-err>--------------------------------- Captured Err ---------------------------------

</system-err></testcase><testcase classname="tests.test_features" name="test_mock_stop_at_2" time="18.391"><system-out>--------------------------------- Captured Log ---------------------------------

--------------------------------- Captured Out ---------------------------------
/home/runner/work/diptych/diptych/tests/0001_2.png
separation double page angle 90.55756528497216
separation double page y=0 2484
page rotation 1 0.65
page rotation 2 0.2

</system-out><system-err>--------------------------------- Captured Err ---------------------------------

</system-err></testcase><testcase classname="tests.test_features" name="test_mock_stop_at_4" time="24.444"><system-out>--------------------------------- Captured Log ---------------------------------

--------------------------------- Captured Out ---------------------------------
/home/runner/work/diptych/diptych/tests/0001_4.png
separation double page angle 90.55756528497216
separation double page y=0 2484
page rotation 1 0.65
page rotation 2 0.2
image 1 crop x1 329
image 1 crop y1 335
image 1 crop x2 2344
image 1 crop y2 3222
image 2 crop x1 171
image 2 crop y1 648
image 2 crop x2 2188
image 2 crop y2 3361
image 1 dpi 300
image 1 border top 326
image 1 border bottom 274
image 1 border left 222
image 1 border right 222
image 2 dpi 300
image 2 border top 643
image 2 border bottom 131
image 2 border left 221
image 2 border right 221

</system-out><system-err>--------------------------------- Captured Err ---------------------------------

</system-err></testcase><testcase classname="tests.test_features" name="test_mock_stop_at_1" time="14.674"><system-out>--------------------------------- Captured Log ---------------------------------

--------------------------------- Captured Out ---------------------------------
/home/runner/work/diptych/diptych/tests/0001_1.png
separation double page angle 90.55756528497216
separation double page y=0 2484

</system-out><system-err>--------------------------------- Captured Err ---------------------------------

</system-err></testcase><testcase classname="tests.test_features" name="test_mock_stop_at_3" time="23.360"><system-out>--------------------------------- Captured Log ---------------------------------

--------------------------------- Captured Out ---------------------------------
/home/runner/work/diptych/diptych/tests/0001_3.png
separation double page angle 90.55756528497216
separation double page y=0 2484
page rotation 1 0.65
page rotation 2 0.2
image 1 crop x1 329
image 1 crop y1 335
image 1 crop x2 2344
image 1 crop y2 3222
image 2 crop x1 171
image 2 crop y1 648
image 2 crop x2 2188
image 2 crop y2 3361

</system-out><system-err>--------------------------------- Captured Err ---------------------------------

</system-err></testcase><testcase classname="tests.test_images" name="test_0001_png" time="22.237"><system-out>--------------------------------- Captured Log ---------------------------------

--------------------------------- Captured Out ---------------------------------
/home/runner/work/diptych/diptych/tests/0001.png
1621246722368448858 : Checking separation double page angle 90.55756528497216
1621246722368574363 : Checking separation double page y=0 2484
1621246723630760662 : Checking page rotation 1 0.65
1621246725334282360 : Checking page rotation 2 0.2
1621246728513800346 : Checking image 1 crop x1 329
1621246728513925552 : Checking image 1 crop y1 335
1621246728513968354 : Checking image 1 crop x2 2344
1621246728514006856 : Checking image 1 crop y2 3222
1621246731319364827 : Checking image 2 crop x1 171
1621246731319472732 : Checking image 2 crop y1 648
1621246731319514234 : Checking image 2 crop x2 2188
1621246731319549935 : Checking image 2 crop y2 3361
1621246731319724143 : Checking image 1 dpi 300
1621246731319791846 : Checking image 1 border top 326
1621246731319825148 : Checking image 1 border bottom 274
1621246731319854849 : Checking image 1 border left 222
1621246731319883950 : Checking image 1 border right 222
1621246731323714222 : Checking image 2 dpi 300
1621246731323820927 : Checking image 2 border top 643
1621246731323854628 : Checking image 2 border bottom 131
1621246731323883630 : Checking image 2 border left 221
1621246731323912731 : Checking image 2 border right 221

</system-out><system-err>--------------------------------- Captured Err ---------------------------------

</system-err></testcase><testcase classname="tests.test_features" name="test_mock_stop_at_5" time="23.642"><system-out>--------------------------------- Captured Log ---------------------------------

--------------------------------- Captured Out ---------------------------------
/home/runner/work/diptych/diptych/tests/0001_5.png
separation double page angle 90.55756528497216
separation double page y=0 2484
page rotation 1 0.65
page rotation 2 0.2
image 1 crop x1 329
image 1 crop y1 335
image 1 crop x2 2344
image 1 crop y2 3222
image 2 crop x1 171
image 2 crop y1 648
image 2 crop x2 2188
image 2 crop y2 3361
image 1 dpi 300
image 1 border top 326
image 1 border bottom 274
image 1 border left 222
image 1 border right 222
image 2 dpi 300
image 2 border top 643
image 2 border bottom 131
image 2 border left 221
image 2 border right 221

</system-out><system-err>--------------------------------- Captured Err ---------------------------------

</system-err></testcase><testcase classname="tests.test_images" name="test_black_border_not_removed_png" time="24.039"><system-out>--------------------------------- Captured Log ---------------------------------

--------------------------------- Captured Out ---------------------------------
/home/runner/work/diptych/diptych/tests/black-border-not-removed.png
1621246743969622664 : Checking separation double page angle 90.01516396500199
1621246743969726869 : Checking separation double page y=0 2455
1621246745167310294 : Checking page rotation 1 0.0
1621246746802244569 : Checking page rotation 2 0.1
1621246750153308351 : Checking image 1 crop x1 297
1621246750153428856 : Checking image 1 crop y1 143
1621246750153472858 : Checking image 1 crop x2 2309
1621246750153513160 : Checking image 1 crop y2 3346
1621246755355562470 : Checking image 2 crop x1 154
1621246755355681176 : Checking image 2 crop y1 144
1621246755355726578 : Checking image 2 crop x2 2168
1621246755355769180 : Checking image 2 crop y2 3351
1621246755355960888 : Checking image 1 dpi 300
1621246755356037092 : Checking image 1 border top 131
1621246755356075593 : Checking image 1 border bottom 153
1621246755356110795 : Checking image 1 border left 224
1621246755356145197 : Checking image 1 border right 224
1621246755358964624 : Checking image 2 dpi 300
1621246755359052928 : Checking image 2 border top 133
1621246755359090530 : Checking image 2 border bottom 147
1621246755359125032 : Checking image 2 border left 223
1621246755359158833 : Checking image 2 border right 223

</system-out><system-err>--------------------------------- Captured Err ---------------------------------

</system-err></testcase><testcase classname="tests.test_images" name="test_2_pages_2_contours_png" time="16.808"><system-out>--------------------------------- Captured Log ---------------------------------

--------------------------------- Captured Out ---------------------------------
/home/runner/work/diptych/diptych/tests/2-pages-2-contours.png
1621246764362619168 : Checking separation double page angle 90.14230271514262
1621246764362730473 : Checking separation double page y=0 2488
1621246764986453876 : Checking page rotation 1 0.0
1621246766159236205 : Checking page rotation 2 0.2
1621246767109031352 : Checking image 1 crop x1 1189
1621246767109130656 : Checking image 1 crop y1 1751
1621246767109166958 : Checking image 1 crop x2 1190
1621246767109200359 : Checking image 1 crop y2 1752
1621246769835788209 : Checking image 2 crop x1 100
1621246769835898414 : Checking image 2 crop y1 240
1621246769835937316 : Checking image 2 crop x2 2148
1621246769835972717 : Checking image 2 crop y2 3240
1621246769836134025 : Checking image 1 dpi 300
1621246769836202128 : Checking image 1 border top 1752
1621246769836238929 : Checking image 1 border bottom 1753
1621246769836271131 : Checking image 1 border left 1239
1621246769836302832 : Checking image 1 border right 1239
1621246769837922205 : Checking image 2 dpi 300
1621246769837979908 : Checking image 2 border top 230
1621246769838013109 : Checking image 2 border bottom 256
1621246769838043811 : Checking image 2 border left 206
1621246769838074512 : Checking image 2 border right 206

</system-out><system-err>--------------------------------- Captured Err ---------------------------------

</system-err></testcase><testcase classname="tests.test_images" name="test_image_failed_to_rotate_png" time="30.212"><system-out>--------------------------------- Captured Log ---------------------------------

--------------------------------- Captured Out ---------------------------------
/home/runner/work/diptych/diptych/tests/image_failed_to_rotate.png
1621246771652744243 : Checking separation double page angle 90.35651650869968
1621246771652858448 : Checking separation double page y=0 2483
1621246773698486181 : Checking page rotation 1 0.45
1621246774950775382 : Checking page rotation 2 0.2
1621246781279394438 : Checking image 1 crop x1 31
1621246781279532244 : Checking image 1 crop y1 1
1621246781279590347 : Checking image 1 crop x2 2481
1621246781279634449 : Checking image 1 crop y2 3504
1621246785455415237 : Checking image 2 crop x1 171
1621246785455546243 : Checking image 2 crop y1 231
1621246785455592545 : Checking image 2 crop x2 2259
1621246785455635547 : Checking image 2 crop y2 3358
1621246785455849357 : Checking image 1 dpi 300
1621246785455939861 : Checking image 1 border top 2
1621246785455981063 : Checking image 1 border bottom 2
1621246785456016965 : Checking image 1 border left 15
1621246785456052866 : Checking image 1 border right 15
1621246785459386118 : Checking image 2 dpi 300
1621246785459509023 : Checking image 2 border top 217
1621246785459550025 : Checking image 2 border bottom 143
1621246785459586927 : Checking image 2 border left 186
1621246785459622928 : Checking image 2 border right 186

</system-out><system-err>--------------------------------- Captured Err ---------------------------------

</system-err></testcase><testcase classname="tests.test_images" name="test_wrong_split_line_png" time="20.385"><system-out>--------------------------------- Captured Log ---------------------------------

--------------------------------- Captured Out ---------------------------------
/home/runner/work/diptych/diptych/tests/wrong_split_line.png
1621246783548422056 : Checking separation double page angle 89.95895720607972
1621246783548565163 : Checking separation double page y=0 2466
1621246784837494083 : Checking page rotation 1 -0.04999999999999689
1621246785931160339 : Checking page rotation 2 0.45
1621246787553169419 : Checking image 1 crop x1 211
1621246787553305625 : Checking image 1 crop y1 156
1621246787553354527 : Checking image 1 crop x2 2323
1621246787553395829 : Checking image 1 crop y2 3363
1621246790213333373 : Checking image 2 crop x1 123
1621246790213449078 : Checking image 2 crop y1 164
1621246790213493080 : Checking image 2 crop x2 2237
1621246790213534982 : Checking image 2 crop y2 3375
1621246790213700989 : Checking image 1 dpi 300
1621246790213837096 : Checking image 1 border top 135
1621246790213887998 : Checking image 1 border bottom 145
1621246790213925200 : Checking image 1 border left 174
1621246790213961101 : Checking image 1 border right 174
1621246790216690024 : Checking image 2 dpi 300
1621246790216769528 : Checking image 2 border top 141
1621246790216810130 : Checking image 2 border bottom 135
1621246790216846531 : Checking image 2 border left 173
1621246790216882233 : Checking image 2 border right 173

</system-out><system-err>--------------------------------- Captured Err ---------------------------------

</system-err></testcase><testcase classname="tests.test_images" name="test_image_failed_to_crop_data_png" time="42.980"><system-out>--------------------------------- Captured Log ---------------------------------

--------------------------------- Captured Out ---------------------------------
/home/runner/work/diptych/diptych/tests/image_failed_to_crop_data.png
1621246806759484815 : Checking separation double page angle 90.09350257645173
1621246806759613421 : Checking separation double page y=0 2479
1621246811868880717 : Checking page rotation 1 0.15000000000000002
1621246813259327446 : Checking page rotation 2 0.05
1621246824876293425 : Checking image 1 crop x1 46
1621246824876432432 : Checking image 1 crop y1 1
1621246824876477634 : Checking image 1 crop x2 2477
1621246824876520236 : Checking image 1 crop y2 3505
1621246828491036892 : Checking image 2 crop x1 164
1621246828491152797 : Checking image 2 crop y1 217
1621246828491196999 : Checking image 2 crop x2 2245
1621246828491237201 : Checking image 2 crop y2 3350
1621246828491413909 : Checking image 1 dpi 300
1621246828491493713 : Checking image 1 border top 2
1621246828491531715 : Checking image 1 border bottom 2
1621246828491566416 : Checking image 1 border left 25
1621246828491600118 : Checking image 1 border right 25
1621246828495085874 : Checking image 2 dpi 300
1621246828495164678 : Checking image 2 border top 206
1621246828495202080 : Checking image 2 border bottom 148
1621246828495236481 : Checking image 2 border left 189
1621246828495270083 : Checking image 2 border right 189

</system-out><system-err>--------------------------------- Captured Err ---------------------------------

</system-err></testcase><testcase classname="tests.test_images" name="test_crop_too_much_png" time="28.383"><system-out>--------------------------------- Captured Log ---------------------------------

--------------------------------- Captured Out ---------------------------------
/home/runner/work/diptych/diptych/tests/crop_too_much.png
1621246806206951732 : Checking separation double page angle 90.16929865985193
1621246806207053137 : Checking separation double page y=0 2456
1621246807813592576 : Checking page rotation 1 -0.04999999999999689
1621246809614102186 : Checking page rotation 2 0.2
1621246813290617658 : Checking image 1 crop x1 302
1621246813290736963 : Checking image 1 crop y1 148
1621246813290779465 : Checking image 1 crop x2 2314
1621246813290816067 : Checking image 1 crop y2 3351
1621246818577244559 : Checking image 2 crop x1 163
1621246818577375665 : Checking image 2 crop y1 151
1621246818577415267 : Checking image 2 crop x2 2187
1621246818577451268 : Checking image 2 crop y2 3363
1621246818577604775 : Checking image 1 dpi 300
1621246818577675479 : Checking image 1 border top 133
1621246818577712380 : Checking image 1 border bottom 151
1621246818577745182 : Checking image 1 border left 224
1621246818577776783 : Checking image 1 border right 224
1621246818581042831 : Checking image 2 dpi 300
1621246818581126935 : Checking image 2 border top 132
1621246818581162736 : Checking image 2 border bottom 143
1621246818581195138 : Checking image 2 border left 218
1621246818581226639 : Checking image 2 border right 218

</system-out><system-err>--------------------------------- Captured Err ---------------------------------

</system-err></testcase><testcase classname="tests.test_images" name="test_crop_too_few_png" time="19.638"><system-out>--------------------------------- Captured Log ---------------------------------

--------------------------------- Captured Out ---------------------------------
/home/runner/work/diptych/diptych/tests/crop_too_few.png
1621246832028606179 : Checking separation double page angle 89.49492328400886
1621246832028720185 : Checking separation double page y=0 2510
1621246833140682090 : Checking page rotation 1 -0.6499999999999977
1621246834365034893 : Checking page rotation 2 0.0
1621246836618796341 : Checking image 1 crop x1 263
1621246836618913846 : Checking image 1 crop y1 150
1621246836618956048 : Checking image 1 crop x2 2377
1621246836618992049 : Checking image 1 crop y2 3357
1621246838245730462 : Checking image 2 crop x1 139
1621246838245847067 : Checking image 2 crop y1 141
1621246838245888169 : Checking image 2 crop x2 2261
1621246838245925570 : Checking image 2 crop y2 3345
1621246838246084078 : Checking image 1 dpi 300
1621246838246158081 : Checking image 1 border top 129
1621246838246196783 : Checking image 1 border bottom 150
1621246838246230084 : Checking image 1 border left 173
1621246838246262886 : Checking image 1 border right 173
1621246838249618537 : Checking image 2 dpi 300
1621246838249695041 : Checking image 2 border top 130
1621246838249731142 : Checking image 2 border bottom 153
1621246838249763444 : Checking image 2 border left 169
1621246838249795445 : Checking image 2 border right 169

</system-out><system-err>--------------------------------- Captured Err ---------------------------------

</system-err></testcase><testcase classname="tests.test_images" name="test_wrong_angle_split_line_png" time="26.573"><system-out>--------------------------------- Captured Log ---------------------------------

--------------------------------- Captured Out ---------------------------------
/home/runner/work/diptych/diptych/tests/wrong_angle_split_line.png
1621246840378047021 : Checking separation double page angle 90.08791528895468
1621246840378164126 : Checking separation double page y=0 2478
1621246841674271897 : Checking page rotation 1 0.1
1621246842982601806 : Checking page rotation 2 0.1
1621246849373016819 : Checking image 1 crop x1 58
1621246849373142625 : Checking image 1 crop y1 6
1621246849373187527 : Checking image 1 crop x2 2476
1621246849373228429 : Checking image 1 crop y2 3501
1621246854408181494 : Checking image 2 crop x1 166
1621246854408294099 : Checking image 2 crop y1 218
1621246854408337201 : Checking image 2 crop x2 2244
1621246854408376703 : Checking image 2 crop y2 3349
1621246854408554211 : Checking image 1 dpi 300
1621246854408636014 : Checking image 1 border top 6
1621246854408674916 : Checking image 1 border bottom 6
1621246854408710618 : Checking image 1 border left 31
1621246854408745319 : Checking image 1 border right 31
1621246854416727379 : Checking image 2 dpi 300
1621246854416843684 : Checking image 2 border top 209
1621246854416880486 : Checking image 2 border bottom 147
1621246854416913388 : Checking image 2 border left 191
1621246854416944689 : Checking image 2 border right 191

</system-out><system-err>--------------------------------- Captured Err ---------------------------------

</system-err></testcase><testcase classname="tests.test_images" name="test_crop_too_much_2_png" time="27.325"><system-out>--------------------------------- Captured Log ---------------------------------

--------------------------------- Captured Out ---------------------------------
/home/runner/work/diptych/diptych/tests/crop_too_much_2.png
1621246854700250762 : Checking separation double page angle 90.15285326123045
1621246854700348766 : Checking separation double page y=0 2477
1621246856317123459 : Checking page rotation 1 0.15000000000000002
1621246858372255415 : Checking page rotation 2 0.2
1621246861503474883 : Checking image 1 crop x1 330
1621246861503588388 : Checking image 1 crop y1 132
1621246861503628290 : Checking image 1 crop x2 2342
1621246861503662492 : Checking image 1 crop y2 3335
1621246865547683913 : Checking image 2 crop x1 165
1621246865547786018 : Checking image 2 crop y1 139
1621246865547834120 : Checking image 2 crop x2 2178
1621246865547868422 : Checking image 2 crop y2 3345
1621246865548020929 : Checking image 1 dpi 300
1621246865548092432 : Checking image 1 border top 121
1621246865548130233 : Checking image 1 border bottom 163
1621246865548163035 : Checking image 1 border left 224
1621246865548194936 : Checking image 1 border right 224
1621246865550654547 : Checking image 2 dpi 300
1621246865550720850 : Checking image 2 border top 129
1621246865550755752 : Checking image 2 border bottom 152
1621246865550786653 : Checking image 2 border left 223
1621246865550817355 : Checking image 2 border right 223

</system-out><system-err>--------------------------------- Captured Err ---------------------------------

</system-err></testcase><testcase classname="tests.test_images" name="test_angle_page_lower_split_line_png" time="27.541"><system-out>--------------------------------- Captured Log ---------------------------------

--------------------------------- Captured Out ---------------------------------
/home/runner/work/diptych/diptych/tests/angle_page_lower_split_line.png
1621246874262188666 : Checking separation double page angle 89.74412725181848
1621246874262305171 : Checking separation double page y=0 2472
1621246875874097250 : Checking page rotation 1 -0.14999999999999067
1621246877236963105 : Checking page rotation 2 0.1
1621246878997566694 : Checking image 1 crop x1 241
1621246878997681699 : Checking image 1 crop y1 156
1621246878997725401 : Checking image 1 crop x2 2357
1621246878997765903 : Checking image 1 crop y2 3368
1621246882684330541 : Checking image 2 crop x1 151
1621246882684442046 : Checking image 2 crop y1 146
1621246882684484248 : Checking image 2 crop x2 2261
1621246882684523650 : Checking image 2 crop y2 3351
1621246882684695557 : Checking image 1 dpi 300
1621246882684773861 : Checking image 1 border top 140
1621246882684810463 : Checking image 1 border bottom 135
1621246882684844164 : Checking image 1 border left 172
1621246882684877666 : Checking image 1 border right 172
1621246882687654991 : Checking image 2 dpi 300
1621246882687717994 : Checking image 2 border top 131
1621246882687752495 : Checking image 2 border bottom 151
1621246882687784897 : Checking image 2 border left 175
1621246882687817098 : Checking image 2 border right 175

</system-out><system-err>--------------------------------- Captured Err ---------------------------------

</system-err></testcase><testcase classname="tests.test_images" name="test_wrong_split_line_2_png" time="34.777"><system-out>--------------------------------- Captured Log ---------------------------------

--------------------------------- Captured Out ---------------------------------
/home/runner/work/diptych/diptych/tests/wrong_split_line_2.png
1621246883040190389 : Checking separation double page angle 90.23635161124103
1621246883040298894 : Checking separation double page y=0 2437
1621246885129252296 : Checking page rotation 1 0.2
1621246887150793459 : Checking page rotation 2 0.2
1621246892764187596 : Checking image 1 crop x1 294
1621246892764306902 : Checking image 1 crop y1 136
1621246892764346804 : Checking image 1 crop x2 2325
1621246892764385505 : Checking image 1 crop y2 3376
1621246900332909163 : Checking image 2 crop x1 138
1621246900333021768 : Checking image 2 crop y1 190
1621246900333062870 : Checking image 2 crop x2 2174
1621246900333100572 : Checking image 2 crop y2 3389
1621246900333251579 : Checking image 1 dpi 300
1621246900333348583 : Checking image 1 border top 131
1621246900333388085 : Checking image 1 border bottom 116
1621246900333422586 : Checking image 1 border left 214
1621246900333456088 : Checking image 1 border right 214
1621246900336768537 : Checking image 2 dpi 300
1621246900336873342 : Checking image 2 border top 181
1621246900336924844 : Checking image 2 border bottom 107
1621246900336959946 : Checking image 2 border left 212
1621246900336995047 : Checking image 2 border right 212

</system-out><system-err>--------------------------------- Captured Err ---------------------------------

</system-err></testcase><testcase classname="tests.test_images" name="test_wrong_wave_split_line_png" time="35.389"><system-out>--------------------------------- Captured Log ---------------------------------

--------------------------------- Captured Out ---------------------------------
/home/runner/work/diptych/diptych/tests/wrong_wave_split_line.png
1621246901852765835 : Checking separation double page angle 90.42461655762611
1621246901852875740 : Checking separation double page y=0 2502
1621246903371237944 : Checking page rotation 1 -0.09999999999999377
1621246905068660027 : Checking page rotation 2 0.85
1621246911333284101 : Checking image 1 crop x1 384
1621246911333413006 : Checking image 1 crop y1 178
1621246911333458208 : Checking image 1 crop x2 2412
1621246911333498410 : Checking image 1 crop y2 3374
1621246918056800922 : Checking image 2 crop x1 7
1621246918056947729 : Checking image 2 crop y1 0
1621246918056990031 : Checking image 2 crop x2 2411
1621246918057034633 : Checking image 2 crop y2 3505
1621246918057208040 : Checking image 1 dpi 300
1621246918057307545 : Checking image 1 border top 173
1621246918057350147 : Checking image 1 border bottom 118
1621246918057388349 : Checking image 1 border left 216
1621246918057424150 : Checking image 1 border right 216
1621246918060922708 : Checking image 2 dpi 300
1621246918061065615 : Checking image 2 border top 1
1621246918061106917 : Checking image 2 border bottom 1
1621246918061143218 : Checking image 2 border left 38
1621246918061178820 : Checking image 2 border right 38

</system-out><system-err>--------------------------------- Captured Err ---------------------------------

</system-err></testcase><testcase classname="tests.test_images" name="test_small_wave_png" time="25.570"><system-out>--------------------------------- Captured Log ---------------------------------

--------------------------------- Captured Out ---------------------------------
/home/runner/work/diptych/diptych/tests/small_wave.png
1621246918025021286 : Checking separation double page angle 90.56494929955075
1621246918025134991 : Checking separation double page y=0 2495
1621246920275928303 : Checking page rotation 1 0.7
1621246921992942286 : Checking page rotation 2 0.65
1621246923560489956 : Checking image 1 crop x1 322
1621246923560606961 : Checking image 1 crop y1 199
1621246923560650163 : Checking image 1 crop x2 2351
1621246923560687465 : Checking image 1 crop y2 3394
1621246925903465634 : Checking image 2 crop x1 130
1621246925903583339 : Checking image 2 crop y1 222
1621246925903627741 : Checking image 2 crop x2 2163
1621246925903670043 : Checking image 2 crop y2 3420
1621246925903835951 : Checking image 1 dpi 300
1621246925903915654 : Checking image 1 border top 181
1621246925903957756 : Checking image 1 border bottom 111
1621246925903993958 : Checking image 1 border left 215
1621246925904029959 : Checking image 1 border right 215
1621246925907297607 : Checking image 2 dpi 300
1621246925907391611 : Checking image 2 border top 197
1621246925907431113 : Checking image 2 border bottom 92
1621246925907467015 : Checking image 2 border left 213
1621246925907502216 : Checking image 2 border right 213

</system-out><system-err>--------------------------------- Captured Err ---------------------------------

</system-err></testcase><testcase classname="tests.test_images" name="test_no_split_line_line_algo_png" time="23.448"><system-out>--------------------------------- Captured Log ---------------------------------

--------------------------------- Captured Out ---------------------------------
/home/runner/work/diptych/diptych/tests/no_split_line_line_algo.png
1621246932530133415 : Checking separation double page angle 89.47691469185418
1621246932530236619 : Checking separation double page y=0 2476
1621246933538580409 : Checking page rotation 1 -0.14999999999999067
1621246935106571145 : Checking page rotation 2 -0.14999999999999067
1621246937025676721 : Checking image 1 crop x1 205
1621246937025792126 : Checking image 1 crop y1 158
1621246937025846129 : Checking image 1 crop x2 2320
1621246937025905431 : Checking image 1 crop y2 3366
1621246941531826427 : Checking image 2 crop x1 185
1621246941531935132 : Checking image 2 crop y1 225
1621246941531975834 : Checking image 2 crop x2 2204
1621246941532012336 : Checking image 2 crop y2 3362
1621246941532187744 : Checking image 1 dpi 300
1621246941532261647 : Checking image 1 border top 144
1621246941532296449 : Checking image 1 border bottom 134
1621246941532328350 : Checking image 1 border left 172
1621246941532359651 : Checking image 1 border right 172
1621246941535379588 : Checking image 2 dpi 300
1621246941535451492 : Checking image 2 border top 223
1621246941535485093 : Checking image 2 border bottom 127
1621246941535515795 : Checking image 2 border left 220
1621246941535546296 : Checking image 2 border right 220

</system-out><system-err>--------------------------------- Captured Err ---------------------------------

</system-err></testcase><testcase classname="tests.test_images" name="test_wrong_split_line_3_png" time="25.619"><system-out>--------------------------------- Captured Log ---------------------------------

--------------------------------- Captured Out ---------------------------------
/home/runner/work/diptych/diptych/tests/wrong_split_line_3.png
1621246940302261585 : Checking separation double page angle 90.40515247895009
1621246940302390590 : Checking separation double page y=0 2495
1621246941850761686 : Checking page rotation 1 0.2
1621246943112694696 : Checking page rotation 2 0.85
1621246945217134702 : Checking image 1 crop x1 331
1621246945217236007 : Checking image 1 crop y1 166
1621246945217287709 : Checking image 1 crop x2 2377
1621246945217326211 : Checking image 1 crop y2 3375
1621246951544935721 : Checking image 2 crop x1 103
1621246951545032526 : Checking image 2 crop y1 207
1621246951545069127 : Checking image 2 crop x2 2136
1621246951545102929 : Checking image 2 crop y2 3414
1621246951545285637 : Checking image 1 dpi 300
1621246951545363441 : Checking image 1 border top 158
1621246951545403742 : Checking image 1 border bottom 120
1621246951545437044 : Checking image 1 border left 207
1621246951545469645 : Checking image 1 border right 207
1621246951547983159 : Checking image 2 dpi 300
1621246951548044362 : Checking image 2 border top 199
1621246951548671590 : Checking image 2 border bottom 81
1621246951548707191 : Checking image 2 border left 213
1621246951548740193 : Checking image 2 border right 213

</system-out><system-err>--------------------------------- Captured Err ---------------------------------

</system-err></testcase><testcase classname="tests.test_images" name="test_failed_split_line_line_algo_png" time="17.131"><system-out>--------------------------------- Captured Log ---------------------------------

--------------------------------- Captured Out ---------------------------------
/home/runner/work/diptych/diptych/tests/failed_split_line_line_algo.png
1621246952980330379 : Checking separation double page angle 90.0093502548779
1621246952980442684 : Checking separation double page y=0 2574
1621246953778819203 : Checking page rotation 1 0.0
1621246954404245562 : Checking page rotation 2 0.0
1621246956954054699 : Checking image 1 crop x1 411
1621246956954175504 : Checking image 1 crop y1 2927
1621246956954220706 : Checking image 1 crop x2 2422
1621246956954260808 : Checking image 1 crop y2 3172
1621246958693401807 : Checking image 2 crop x1 1191
1621246958693500611 : Checking image 2 crop y1 1745
1621246958693538213 : Checking image 2 crop x2 1192
1621246958693573714 : Checking image 2 crop y2 1746
1621246958693714621 : Checking image 1 dpi 300
1621246958693794124 : Checking image 1 border top 2920
1621246958693831026 : Checking image 1 border bottom 322
1621246958693866528 : Checking image 1 border left 224
1621246958693899929 : Checking image 1 border right 224
1621246958696586851 : Checking image 2 dpi 300
1621246958696654054 : Checking image 2 border top 1752
1621246958696714056 : Checking image 2 border bottom 1753
1621246958696746758 : Checking image 2 border left 1239
1621246958696778759 : Checking image 2 border right 1239

</system-out><system-err>--------------------------------- Captured Err ---------------------------------

</system-err></testcase><testcase classname="tests.test_images" name="test_crop_too_much_3_png" time="21.488"><system-out>--------------------------------- Captured Log ---------------------------------

--------------------------------- Captured Out ---------------------------------
/home/runner/work/diptych/diptych/tests/crop_too_much_3.png
1621246964584047464 : Checking separation double page angle 89.5934556679346
1621246964584157369 : Checking separation double page y=0 2499
1621246965682763893 : Checking page rotation 1 -0.8999999999999949
1621246967416096688 : Checking page rotation 2 -0.04999999999999689
1621246970523840338 : Checking image 1 crop x1 374
1621246970523952743 : Checking image 1 crop y1 258
1621246970523995445 : Checking image 1 crop x2 2385
1621246970524033247 : Checking image 1 crop y2 3459
1621246973036524976 : Checking image 2 crop x1 164
1621246973036640181 : Checking image 2 crop y1 229
1621246973036681483 : Checking image 2 crop x2 2183
1621246973036720385 : Checking image 2 crop y2 3416
1621246973036881692 : Checking image 1 dpi 300
1621246973036956795 : Checking image 1 border top 239
1621246973036996597 : Checking image 1 border bottom 46
1621246973037030999 : Checking image 1 border left 224
1621246973037064400 : Checking image 1 border right 224
1621246973040093239 : Checking image 2 dpi 300
1621246973040186944 : Checking image 2 border top 210
1621246973040224846 : Checking image 2 border bottom 90
1621246973040258847 : Checking image 2 border left 220
1621246973040295249 : Checking image 2 border right 220

</system-out><system-err>--------------------------------- Captured Err ---------------------------------

</system-err></testcase><testcase classname="tests.test_images" name="test_failed_split_line_line_algo_2_png" time="23.445"><system-out>--------------------------------- Captured Log ---------------------------------

--------------------------------- Captured Out ---------------------------------
/home/runner/work/diptych/diptych/tests/failed_split_line_line_algo_2.png
1621246973597996248 : Checking separation double page angle 90.03732329462368
1621246973598108654 : Checking separation double page y=0 2499
1621246975225761167 : Checking page rotation 1 -0.09999999999999377
1621246976710415315 : Checking page rotation 2 0.5499999999999999
1621246979618706759 : Checking image 1 crop x1 273
1621246979618810064 : Checking image 1 crop y1 147
1621246979618847266 : Checking image 1 crop x2 2386
1621246979618882567 : Checking image 1 crop y2 3352
1621246982095431019 : Checking image 2 crop x1 122
1621246982095536124 : Checking image 2 crop y1 155
1621246982095575726 : Checking image 2 crop x2 2246
1621246982095613628 : Checking image 2 crop y2 3350
1621246982095788536 : Checking image 1 dpi 300
1621246982095862540 : Checking image 1 border top 137
1621246982095896841 : Checking image 1 border bottom 145
1621246982095930343 : Checking image 1 border left 173
1621246982095961444 : Checking image 1 border right 173
1621246982098731376 : Checking image 2 dpi 300
1621246982098800779 : Checking image 2 border top 133
1621246982098833581 : Checking image 2 border bottom 159
1621246982098864182 : Checking image 2 border left 168
1621246982098896884 : Checking image 2 border right 168

</system-out><system-err>--------------------------------- Captured Err ---------------------------------

</system-err></testcase><testcase classname="tests.test_images" name="test_wrong_wave_split_line_2_png" time="28.014"><system-out>--------------------------------- Captured Log ---------------------------------

--------------------------------- Captured Out ---------------------------------
/home/runner/work/diptych/diptych/tests/wrong_wave_split_line_2.png
1621246991952300484 : Checking separation double page angle 90.7708958311329
1621246991952415689 : Checking separation double page y=0 2490
1621246993349789185 : Checking page rotation 1 0.2
1621246994742083571 : Checking page rotation 2 1.65
1621246996665840682 : Checking image 1 crop x1 227
1621246996665958187 : Checking image 1 crop y1 147
1621246996666002389 : Checking image 1 crop x2 2342
1621246996666044491 : Checking image 1 crop y2 3353
1621247001044956336 : Checking image 2 crop x1 106
1621247001045076242 : Checking image 2 crop y1 195
1621247001045119944 : Checking image 2 crop x2 2231
1621247001045160246 : Checking image 2 crop y2 3398
1621247001045360055 : Checking image 1 dpi 300
1621247001045438858 : Checking image 1 border top 136
1621247001045491861 : Checking image 1 border bottom 145
1621247001045526462 : Checking image 1 border left 172
1621247001045560064 : Checking image 1 border right 172
1621247001048177082 : Checking image 2 dpi 300
1621247001048240185 : Checking image 2 border top 166
1621247001048275287 : Checking image 2 border bottom 117
1621247001048308388 : Checking image 2 border left 167
1621247001048341390 : Checking image 2 border right 167

</system-out><system-err>--------------------------------- Captured Err ---------------------------------

</system-err></testcase><testcase classname="tests.test_images" name="test_wrong_wave_split_line_3_png" time="26.473"><system-out>--------------------------------- Captured Log ---------------------------------

--------------------------------- Captured Out ---------------------------------
/home/runner/work/diptych/diptych/tests/wrong_wave_split_line_3.png
1621247001276950134 : Checking separation double page angle 90.12715931778824
1621247001277068439 : Checking separation double page y=0 2514
1621247002947369560 : Checking page rotation 1 0.05
1621247004171213523 : Checking page rotation 2 0.2
1621247006479264899 : Checking image 1 crop x1 273
1621247006479373804 : Checking image 1 crop y1 220
1621247006479431407 : Checking image 1 crop x2 2383
1621247006479468409 : Checking image 1 crop y2 3423
1621247008583695814 : Checking image 2 crop x1 116
1621247008583816220 : Checking image 2 crop y1 225
1621247008583860822 : Checking image 2 crop x2 2242
1621247008583904024 : Checking image 2 crop y2 3415
1621247008584093032 : Checking image 1 dpi 300
1621247008584176536 : Checking image 1 border top 202
1621247008584215738 : Checking image 1 border bottom 82
1621247008584251440 : Checking image 1 border left 175
1621247008584286441 : Checking image 1 border right 175
1621247008587406483 : Checking image 2 dpi 300
1621247008587509788 : Checking image 2 border top 204
1621247008587550490 : Checking image 2 border bottom 93
1621247008587585991 : Checking image 2 border left 167
1621247008587625493 : Checking image 2 border right 167

</system-out><system-err>--------------------------------- Captured Err ---------------------------------

</system-err></testcase><testcase classname="tests.test_images" name="test_no_split_line_wave_algo_png" time="37.332"><system-out>--------------------------------- Captured Log ---------------------------------

--------------------------------- Captured Out ---------------------------------
/home/runner/work/diptych/diptych/tests/no_split_line_wave_algo.png
1621247016030771415 : Checking separation double page angle 89.79018091440821
1621247016030889720 : Checking separation double page y=0 2483
1621247019142548830 : Checking page rotation 1 0.0
1621247020498212005 : Checking page rotation 2 -0.44999999999999746
1621247031026084971 : Checking image 1 crop x1 97
1621247031026189376 : Checking image 1 crop y1 74
1621247031026241978 : Checking image 1 crop x2 2489
1621247031026280080 : Checking image 1 crop y2 3505
1621247038350671548 : Checking image 2 crop x1 164
1621247038350812156 : Checking image 2 crop y1 267
1621247038350852558 : Checking image 2 crop x2 2239
1621247038350886560 : Checking image 2 crop y2 3380
1621247038351047669 : Checking image 1 dpi 300
1621247038351116772 : Checking image 1 border top 38
1621247038351153674 : Checking image 1 border bottom 38
1621247038351185776 : Checking image 1 border left 44
1621247038351217478 : Checking image 1 border right 44
1621247038353709517 : Checking image 2 dpi 300
1621247038353774520 : Checking image 2 border top 257
1621247038353810822 : Checking image 2 border bottom 117
1621247038353842124 : Checking image 2 border left 192
1621247038353872826 : Checking image 2 border right 192

</system-out><system-err>--------------------------------- Captured Err ---------------------------------

</system-err></testcase><testcase classname="tests.test_images" name="test_no_split_line_wave_algo_2_png" time="22.374"><system-out>--------------------------------- Captured Log ---------------------------------

--------------------------------- Captured Out ---------------------------------
/home/runner/work/diptych/diptych/tests/no_split_line_wave_algo_2.png
1621247023783393219 : Checking separation double page angle 90.43362571535843
1621247023783501824 : Checking separation double page y=0 2473
1621247025213322268 : Checking page rotation 1 1.05
1621247026631761195 : Checking page rotation 2 0.15000000000000002
1621247028952255820 : Checking image 1 crop x1 267
1621247028952377726 : Checking image 1 crop y1 210
1621247028952419128 : Checking image 1 crop x2 2343
1621247028952470030 : Checking image 1 crop y2 3412
1621247030953817651 : Checking image 2 crop x1 165
1621247030953927056 : Checking image 2 crop y1 241
1621247030953964558 : Checking image 2 crop x2 2250
1621247030953999959 : Checking image 2 crop y2 3433
1621247030954176568 : Checking image 1 dpi 300
1621247030954249371 : Checking image 1 border top 192
1621247030954282273 : Checking image 1 border bottom 93
1621247030954313474 : Checking image 1 border left 192
1621247030954343075 : Checking image 1 border right 192
1621247030960697976 : Checking image 2 dpi 300
1621247030960816382 : Checking image 2 border top 224
1621247030960851083 : Checking image 2 border bottom 71
1621247030960881485 : Checking image 2 border left 187
1621247030960911086 : Checking image 2 border right 187

</system-out><system-err>--------------------------------- Captured Err ---------------------------------

</system-err></testcase><testcase classname="tests.test_images" name="test_failed_detect_rectangle_png" time="22.334"><system-out>--------------------------------- Captured Log ---------------------------------

--------------------------------- Captured Out ---------------------------------
/home/runner/work/diptych/diptych/tests/failed_detect_rectangle.png
1621247047474465245 : Checking separation double page angle 90.242273842964
1621247047474574650 : Checking separation double page y=0 2475
1621247048842707685 : Checking page rotation 1 0.2
1621247050377235087 : Checking page rotation 2 0.2
1621247051712945729 : Checking image 1 crop x1 257
1621247051713083336 : Checking image 1 crop y1 201
1621247051713127938 : Checking image 1 crop x2 2333
1621247051713166940 : Checking image 1 crop y2 3402
1621247053290238188 : Checking image 2 crop x1 137
1621247053290350094 : Checking image 2 crop y1 215
1621247053290396196 : Checking image 2 crop x2 2220
1621247053290438598 : Checking image 2 crop y2 3406
1621247053290618807 : Checking image 1 dpi 300
1621247053290700211 : Checking image 1 border top 188
1621247053290739213 : Checking image 1 border bottom 98
1621247053290776515 : Checking image 1 border left 192
1621247053290811917 : Checking image 1 border right 192
1621247053293648058 : Checking image 2 dpi 300
1621247053293729762 : Checking image 2 border top 201
1621247053293768564 : Checking image 2 border bottom 95
1621247053293804266 : Checking image 2 border left 188
1621247053293839167 : Checking image 2 border right 188

</system-out><system-err>--------------------------------- Captured Err ---------------------------------

</system-err></testcase><testcase classname="tests.test_images" name="test_crop_too_few_2_png" time="21.657"><system-out>--------------------------------- Captured Log ---------------------------------

--------------------------------- Captured Out ---------------------------------
/home/runner/work/diptych/diptych/tests/crop_too_few_2.png
1621247051682119196 : Checking separation double page angle 90.35461351371423
1621247051682217800 : Checking separation double page y=0 2533
1621247053110911768 : Checking page rotation 1 1.0999999999999999
1621247054380302911 : Checking page rotation 2 0.0
1621247057085783090 : Checking image 1 crop x1 289
1621247057085896196 : Checking image 1 crop y1 165
1621247057085932998 : Checking image 1 crop x2 2400
1621247057085967699 : Checking image 1 crop y2 3367
1621247060071195973 : Checking image 2 crop x1 152
1621247060071329070 : Checking image 2 crop y1 190
1621247060071371269 : Checking image 2 crop x2 2273
1621247060071410469 : Checking image 2 crop y2 3385
1621247060071581765 : Checking image 1 dpi 300
1621247060071659064 : Checking image 1 border top 157
1621247060071698463 : Checking image 1 border bottom 128
1621247060071732562 : Checking image 1 border left 174
1621247060071767362 : Checking image 1 border right 174
1621247060074282712 : Checking image 2 dpi 300
1621247060074358910 : Checking image 2 border top 175
1621247060074394509 : Checking image 2 border bottom 116
1621247060074427709 : Checking image 2 border left 169
1621247060074460408 : Checking image 2 border right 169

</system-out><system-err>--------------------------------- Captured Err ---------------------------------

</system-err></testcase><testcase classname="tests.test_images" name="test_single_page_png" time="6.824"><system-out>--------------------------------- Captured Log ---------------------------------

--------------------------------- Captured Out ---------------------------------
/home/runner/work/diptych/diptych/tests/single_page.png
1621247056858944806 : Checking separation double page angle 89.93006318861008
1621247056859075513 : Checking separation double page y=0 2472
1621247057772870568 : Checking page rotation 1 0.0
1621247057920725023 : Checking page rotation 2 0.0
1621247059624981926 : Checking image 1 crop x1 1
1621247059625089623 : Checking image 1 crop y1 8
1621247059625136223 : Checking image 1 crop x2 2470
1621247059625172722 : Checking image 1 crop y2 3505
1621247059769903450 : Checking image 2 crop x1 0
1621247059770065947 : Checking image 2 crop y1 0
1621247059770100146 : Checking image 2 crop x2 0
1621247059770131346 : Checking image 2 crop y2 0
1621247059770201544 : Checking image 1 dpi 300
1621247059770295343 : Checking image 1 border top 5
1621247059770338242 : Checking image 1 border bottom 5
1621247059770367441 : Checking image 1 border left 6
1621247059770396541 : Checking image 1 border right 6
1621247059776291424 : Checking image 2 border top 0
1621247059776357922 : Checking image 2 border bottom 0
1621247059776386422 : Checking image 2 border left 0
1621247059776413721 : Checking image 2 border right 0

</system-out><system-err>--------------------------------- Captured Err ---------------------------------

</system-err></testcase><testcase classname="tests.test_images" name="test_no_split_line_wave_algo_3_png" time="11.350"><system-out>--------------------------------- Captured Log ---------------------------------

--------------------------------- Captured Out ---------------------------------
/home/runner/work/diptych/diptych/tests/no_split_line_wave_algo_3.png
1621247067727373186 : Checking separation double page angle 90.18184445198425
1621247067727487491 : Checking separation double page y=0 2405
1621247068535713096 : Checking page rotation 1 0.0
1621247068718061226 : Checking page rotation 2 0.0
1621247070871894712 : Checking image 1 crop x1 184
1621247070871992617 : Checking image 1 crop y1 2957
1621247070872031618 : Checking image 1 crop x2 2201
1621247070872064820 : Checking image 1 crop y2 3202
1621247071401885770 : Checking image 2 crop x1 0
1621247071401960074 : Checking image 2 crop y1 0
1621247071401990975 : Checking image 2 crop x2 0
1621247071402019876 : Checking image 2 crop y2 0
1621247071402088179 : Checking image 1 dpi 300
1621247071402153382 : Checking image 1 border top 2950
1621247071402190983 : Checking image 1 border bottom 292
1621247071402223285 : Checking image 1 border left 221
1621247071402254386 : Checking image 1 border right 221
1621247071408704763 : Checking image 2 border top 0
1621247071408778166 : Checking image 2 border bottom 0
1621247071408808868 : Checking image 2 border left 0
1621247071408838669 : Checking image 2 border right 0

</system-out><system-err>--------------------------------- Captured Err ---------------------------------

</system-err></testcase><testcase classname="tests.test_images" name="test_wrong_split_line_4_png" time="12.813"><system-out>--------------------------------- Captured Log ---------------------------------

--------------------------------- Captured Out ---------------------------------
/home/runner/work/diptych/diptych/tests/wrong_split_line_4.png
1621247068555990567 : Checking separation double page angle 90.92587744884125
1621247068556116672 : Checking separation double page y=0 58
1621247068655636846 : Checking page rotation 1 0.5499999999999999
1621247069997709975 : Checking page rotation 2 1.0999999999999999
1621247070796065956 : Checking image 1 crop x1 0
1621247070796140459 : Checking image 1 crop y1 0
1621247070796173161 : Checking image 1 crop x2 0
1621247070796203462 : Checking image 1 crop y2 0
1621247072998893946 : Checking image 2 crop x1 290
1621247072999006651 : Checking image 2 crop y1 330
1621247072999046053 : Checking image 2 crop x2 2314
1621247072999083054 : Checking image 2 crop y2 3217
1621247072999265362 : Checking image 1 border top 0
1621247072999305364 : Checking image 1 border bottom 0
1621247072999339465 : Checking image 1 border left 0
1621247072999372067 : Checking image 1 border right 0
1621247072999431369 : Checking image 2 dpi 300
1621247072999511073 : Checking image 2 border top 322
1621247072999547174 : Checking image 2 border bottom 278
1621247072999579676 : Checking image 2 border left 218
1621247072999611377 : Checking image 2 border right 218

</system-out><system-err>--------------------------------- Captured Err ---------------------------------

</system-err></testcase><testcase classname="tests.test_images" name="test_failed_split_line_line_algo_3_png" time="13.737"><system-out>--------------------------------- Captured Log ---------------------------------

--------------------------------- Captured Out ---------------------------------
/home/runner/work/diptych/diptych/tests/failed_split_line_line_algo_3.png
1621247079401841635 : Checking separation double page angle 90.02403976140027
1621247079401956240 : Checking separation double page y=0 39
1621247079472603286 : Checking page rotation 1 0.0
1621247080385870175 : Checking page rotation 2 0.0
1621247080709735534 : Checking image 1 crop x1 0
1621247080709811737 : Checking image 1 crop y1 0
1621247080709844739 : Checking image 1 crop x2 0
1621247080709875540 : Checking image 1 crop y2 0
1621247085212909297 : Checking image 2 crop x1 249
1621247085213002002 : Checking image 2 crop y1 154
1621247085213034603 : Checking image 2 crop x2 2264
1621247085213065905 : Checking image 2 crop y2 3361
1621247085213219411 : Checking image 1 border top 0
1621247085213273914 : Checking image 1 border bottom 0
1621247085213309116 : Checking image 1 border left 0
1621247085213337317 : Checking image 1 border right 0
1621247085213382619 : Checking image 2 dpi 300
1621247085213443622 : Checking image 2 border top 146
1621247085213476623 : Checking image 2 border bottom 134
1621247085213506325 : Checking image 2 border left 222
1621247085213535026 : Checking image 2 border right 222

</system-out><system-err>--------------------------------- Captured Err ---------------------------------

</system-err></testcase></testsuite></testsuites>