<?xml version="1.0" encoding="utf-8"?><testsuites><testsuite errors="0" failures="0" hostname="fv-az18-86" name="pytest" skipped="1" tests="34" time="938.905" timestamp="2020-12-15T22:25:00.143018"><testcase classname="tests.test_features" name="test_disabled_enable_debug" time="47.647"><system-out>--------------------------------- Captured Log ---------------------------------

--------------------------------- Captured Out ---------------------------------
/home/runner/work/ocr-book/ocr-book/tests/0001_debug.png
separation double page angle 90.5778088189967
separation double page y=0 2485
page rotation 1 0.7
page rotation 2 0.2
image 1 crop x1 330
image 1 crop y1 335
image 1 crop x2 2343
image 1 crop y2 3223
image 2 crop x1 171
image 2 crop y1 648
image 2 crop x2 2188
image 2 crop y2 3361
image 1 dpi 300
image 1 border top 317
image 1 border bottom 282
image 1 border left 223
image 1 border right 223
image 2 dpi 300
image 2 border top 643
image 2 border bottom 131
image 2 border left 221
image 2 border right 221

</system-out><system-err>--------------------------------- Captured Err ---------------------------------

</system-err></testcase><testcase classname="tests.test_features" name="test_mock_stop_at_0" time="0.050"><system-out>--------------------------------- Captured Log ---------------------------------

--------------------------------- Captured Out ---------------------------------
/home/runner/work/ocr-book/ocr-book/tests/0001_0.png

</system-out><system-err>--------------------------------- Captured Err ---------------------------------

</system-err></testcase><testcase classname="tests.test_features" name="test_mock_stop_at_2" time="42.876"><system-out>--------------------------------- Captured Log ---------------------------------

--------------------------------- Captured Out ---------------------------------
/home/runner/work/ocr-book/ocr-book/tests/0001_2.png
separation double page angle 90.5778088189967
separation double page y=0 2485
page rotation 1 0.7
page rotation 2 0.2

</system-out><system-err>--------------------------------- Captured Err ---------------------------------

</system-err></testcase><testcase classname="tests.test_features" name="test_mock_stop_at_4" time="47.663"><system-out>--------------------------------- Captured Log ---------------------------------

--------------------------------- Captured Out ---------------------------------
/home/runner/work/ocr-book/ocr-book/tests/0001_4.png
separation double page angle 90.5778088189967
separation double page y=0 2485
page rotation 1 0.7
page rotation 2 0.2
image 1 crop x1 330
image 1 crop y1 335
image 1 crop x2 2343
image 1 crop y2 3223
image 2 crop x1 171
image 2 crop y1 648
image 2 crop x2 2188
image 2 crop y2 3361
image 1 dpi 300
image 1 border top 317
image 1 border bottom 282
image 1 border left 223
image 1 border right 223
image 2 dpi 300
image 2 border top 643
image 2 border bottom 131
image 2 border left 221
image 2 border right 221

</system-out><system-err>--------------------------------- Captured Err ---------------------------------

</system-err></testcase><testcase classname="tests.test_features" name="test_mock_stop_at_1" time="28.150"><system-out>--------------------------------- Captured Log ---------------------------------

--------------------------------- Captured Out ---------------------------------
/home/runner/work/ocr-book/ocr-book/tests/0001_1.png
separation double page angle 90.5778088189967
separation double page y=0 2485

</system-out><system-err>--------------------------------- Captured Err ---------------------------------

</system-err></testcase><testcase classname="tests.test_features" name="test_mock_stop_at_3" time="45.082"><system-out>--------------------------------- Captured Log ---------------------------------

--------------------------------- Captured Out ---------------------------------
/home/runner/work/ocr-book/ocr-book/tests/0001_3.png
separation double page angle 90.5778088189967
separation double page y=0 2485
page rotation 1 0.7
page rotation 2 0.2
image 1 crop x1 330
image 1 crop y1 335
image 1 crop x2 2343
image 1 crop y2 3223
image 2 crop x1 171
image 2 crop y1 648
image 2 crop x2 2188
image 2 crop y2 3361

</system-out><system-err>--------------------------------- Captured Err ---------------------------------

</system-err></testcase><testcase classname="tests.test_images" name="test_0001_png" time="56.210"><system-out>--------------------------------- Captured Log ---------------------------------

--------------------------------- Captured Out ---------------------------------
/home/runner/work/ocr-book/ocr-book/tests/0001.png
1608071225325135027 : Checking separation double page angle 90.5778088189967
1608071225325252329 : Checking separation double page y=0 2485
1608071232231518443 : Checking page rotation 1 0.7
1608071241184461856 : Checking page rotation 2 0.2
1608071244488169138 : Checking image 1 crop x1 330
1608071244488299139 : Checking image 1 crop y1 335
1608071244488336840 : Checking image 1 crop x2 2343
1608071244488369140 : Checking image 1 crop y2 3223
1608071247770857177 : Checking image 2 crop x1 171
1608071247770982778 : Checking image 2 crop y1 648
1608071247771020279 : Checking image 2 crop x2 2188
1608071247771052279 : Checking image 2 crop y2 3361
1608071247801778151 : Checking image 1 dpi 300
1608071247801880752 : Checking image 1 border top 317
1608071247801915253 : Checking image 1 border bottom 282
1608071247801946553 : Checking image 1 border left 223
1608071247801977454 : Checking image 1 border right 223
1608071247804567285 : Checking image 2 dpi 300
1608071247804652586 : Checking image 2 border top 643
1608071247804685486 : Checking image 2 border bottom 131
1608071247804716087 : Checking image 2 border left 221
1608071247804770387 : Checking image 2 border right 221

</system-out><system-err>--------------------------------- Captured Err ---------------------------------

</system-err></testcase><testcase classname="tests.test_features" name="test_mock_stop_at_5" time="45.830"><system-out>--------------------------------- Captured Log ---------------------------------

--------------------------------- Captured Out ---------------------------------
/home/runner/work/ocr-book/ocr-book/tests/0001_5.png
separation double page angle 90.5778088189967
separation double page y=0 2485
page rotation 1 0.7
page rotation 2 0.2
image 1 crop x1 330
image 1 crop y1 335
image 1 crop x2 2343
image 1 crop y2 3223
image 2 crop x1 171
image 2 crop y1 648
image 2 crop x2 2188
image 2 crop y2 3361
image 1 dpi 300
image 1 border top 317
image 1 border bottom 282
image 1 border left 223
image 1 border right 223
image 2 dpi 300
image 2 border top 643
image 2 border bottom 131
image 2 border left 221
image 2 border right 221

</system-out><system-err>--------------------------------- Captured Err ---------------------------------

</system-err></testcase><testcase classname="tests.test_images" name="test_2_pages_2_contours_png" time="36.522"><system-out>--------------------------------- Captured Log ---------------------------------

--------------------------------- Captured Out ---------------------------------
/home/runner/work/ocr-book/ocr-book/tests/2-pages-2-contours.png
1608071270398669506 : Checking separation double page angle 90.14036871655934
1608071270398773007 : Checking separation double page y=0 2489
1608071272441174882 : Checking page rotation 1 0.05
1608071279119851433 : Checking page rotation 2 0.4
1608071280517638551 : Checking image 1 crop x1 1188
1608071280517752153 : Checking image 1 crop y1 1747
1608071280517786353 : Checking image 1 crop x2 1189
1608071280517816053 : Checking image 1 crop y2 1748
1608071284308051606 : Checking image 2 crop x1 101
1608071284308180607 : Checking image 2 crop y1 240
1608071284308217108 : Checking image 2 crop x2 2148
1608071284308250308 : Checking image 2 crop y2 3239
1608071284338732888 : Checking image 1 dpi 300
1608071284338840289 : Checking image 1 border top 1753
1608071284338875289 : Checking image 1 border bottom 1753
1608071284338906989 : Checking image 1 border left 1239
1608071284338939990 : Checking image 1 border right 1239
1608071284340785207 : Checking image 2 dpi 300
1608071284340876007 : Checking image 2 border top 229
1608071284340909108 : Checking image 2 border bottom 259
1608071284340939308 : Checking image 2 border left 206
1608071284340970308 : Checking image 2 border right 206

</system-out><system-err>--------------------------------- Captured Err ---------------------------------

</system-err></testcase><testcase classname="tests.test_images" name="test_angle_page_lower_split_line_png" time="59.355"><system-out>--------------------------------- Captured Log ---------------------------------

--------------------------------- Captured Out ---------------------------------
/home/runner/work/ocr-book/ocr-book/tests/angle_page_lower_split_line.png
1608071308490701623 : Checking separation double page angle 89.77701324945475
1608071308490811424 : Checking separation double page y=0 2475
1608071316018928325 : Checking page rotation 1 -0.34999999999999093
1608071321751692135 : Checking page rotation 2 0.2
1608071324607584206 : Checking image 1 crop x1 243
1608071324607726207 : Checking image 1 crop y1 159
1608071324607762607 : Checking image 1 crop x2 2351
1608071324607797207 : Checking image 1 crop y2 3365
1608071327027469019 : Checking image 2 crop x1 149
1608071327027610120 : Checking image 2 crop y1 147
1608071327027647220 : Checking image 2 crop x2 2256
1608071327027680821 : Checking image 2 crop y2 3350
1608071327061931972 : Checking image 1 dpi 300
1608071327062051473 : Checking image 1 border top 140
1608071327062086673 : Checking image 1 border bottom 140
1608071327062120574 : Checking image 1 border left 176
1608071327062152274 : Checking image 1 border right 176
1608071327064951195 : Checking image 2 dpi 300
1608071327065049895 : Checking image 2 border top 130
1608071327065082495 : Checking image 2 border bottom 154
1608071327065113296 : Checking image 2 border left 176
1608071327065144496 : Checking image 2 border right 176

</system-out><system-err>--------------------------------- Captured Err ---------------------------------

</system-err></testcase><testcase classname="tests.test_images" name="test_black_border_not_removed_png" time="62.934"><system-out>--------------------------------- Captured Log ---------------------------------

--------------------------------- Captured Out ---------------------------------
/home/runner/work/ocr-book/ocr-book/tests/black-border-not-removed.png
1608071321377664416 : Checking separation double page angle 90.008171103531
1608071321377771917 : Checking separation double page y=0 2455
1608071327599516624 : Checking page rotation 1 0.05
1608071338768912845 : Checking page rotation 2 0.0
1608071342544456265 : Checking image 1 crop x1 298
1608071342544584766 : Checking image 1 crop y1 142
1608071342544620466 : Checking image 1 crop x2 2308
1608071342544652766 : Checking image 1 crop y2 3347
1608071347230809297 : Checking image 2 crop x1 157
1608071347230933498 : Checking image 2 crop y1 145
1608071347230968898 : Checking image 2 crop x2 2169
1608071347231003098 : Checking image 2 crop y2 3352
1608071347263688522 : Checking image 1 dpi 300
1608071347263807023 : Checking image 1 border top 128
1608071347263841023 : Checking image 1 border bottom 154
1608071347263872923 : Checking image 1 border left 225
1608071347263906223 : Checking image 1 border right 225
1608071347266470241 : Checking image 2 dpi 300
1608071347266556241 : Checking image 2 border top 133
1608071347266588742 : Checking image 2 border bottom 147
1608071347266619942 : Checking image 2 border left 224
1608071347266650642 : Checking image 2 border right 224

</system-out><system-err>--------------------------------- Captured Err ---------------------------------

</system-err></testcase><testcase classname="tests.test_images" name="test_wrong_split_line_png" time="45.451"><system-out>--------------------------------- Captured Log ---------------------------------

--------------------------------- Captured Out ---------------------------------
/home/runner/work/ocr-book/ocr-book/tests/wrong_split_line.png
1608071355697310918 : Checking separation double page angle 89.93395720607973
1608071355697418419 : Checking separation double page y=0 2465
1608071361733831471 : Checking page rotation 1 -0.14999999999999067
1608071367653327536 : Checking page rotation 2 0.5
1608071370046684970 : Checking image 1 crop x1 213
1608071370046820471 : Checking image 1 crop y1 157
1608071370046857771 : Checking image 1 crop x2 2323
1608071370046892271 : Checking image 1 crop y2 3362
1608071372492571950 : Checking image 2 crop x1 125
1608071372492703551 : Checking image 2 crop y1 165
1608071372492761751 : Checking image 2 crop x2 2237
1608071372492797651 : Checking image 2 crop y2 3374
1608071372525168458 : Checking image 1 dpi 300
1608071372525281759 : Checking image 1 border top 132
1608071372525316959 : Checking image 1 border bottom 149
1608071372525347859 : Checking image 1 border left 175
1608071372525379160 : Checking image 1 border right 175
1608071372528078377 : Checking image 2 dpi 300
1608071372528157677 : Checking image 2 border top 141
1608071372528189778 : Checking image 2 border bottom 137
1608071372528219978 : Checking image 2 border left 174
1608071372528250778 : Checking image 2 border right 174

</system-out><system-err>--------------------------------- Captured Err ---------------------------------

</system-err></testcase><testcase classname="tests.test_images" name="test_image_failed_to_rotate_png" time="60.480"><system-out>--------------------------------- Captured Log ---------------------------------

--------------------------------- Captured Out ---------------------------------
/home/runner/work/ocr-book/ocr-book/tests/image_failed_to_rotate.png
1608071378517802713 : Checking separation double page angle 90.38781598189921
1608071378517911814 : Checking separation double page y=0 2485
1608071383427761535 : Checking page rotation 1 0.35
1608071391731161695 : Checking page rotation 2 0.45
1608071402463315416 : Checking image 1 crop x1 34
1608071402463430516 : Checking image 1 crop y1 1
1608071402463467417 : Checking image 1 crop x2 2483
1608071402463501117 : Checking image 1 crop y2 3500
1608071407618707657 : Checking image 2 crop x1 177
1608071407618836258 : Checking image 2 crop y1 234
1608071407618872858 : Checking image 2 crop x2 2256
1608071407618907358 : Checking image 2 crop y2 3355
1608071407657235488 : Checking image 1 dpi 300
1608071407657352889 : Checking image 1 border top 4
1608071407657388589 : Checking image 1 border bottom 4
1608071407657419789 : Checking image 1 border left 16
1608071407657452289 : Checking image 1 border right 16
1608071407660175606 : Checking image 2 dpi 300
1608071407660270006 : Checking image 2 border top 218
1608071407660303706 : Checking image 2 border bottom 148
1608071407660334607 : Checking image 2 border left 190
1608071407660364807 : Checking image 2 border right 190

</system-out><system-err>--------------------------------- Captured Err ---------------------------------

</system-err></testcase><testcase classname="tests.test_images" name="test_crop_too_much_png" time="85.097"><system-out>--------------------------------- Captured Log ---------------------------------

--------------------------------- Captured Out ---------------------------------
/home/runner/work/ocr-book/ocr-book/tests/crop_too_much.png
1608071424408787090 : Checking separation double page angle 90.18239409272952
1608071424408899691 : Checking separation double page y=0 2455
1608071436450848051 : Checking page rotation 1 0.0
1608071448870851467 : Checking page rotation 2 0.45
1608071453605079456 : Checking image 1 crop x1 303
1608071453605216659 : Checking image 1 crop y1 148
1608071453605253060 : Checking image 1 crop x2 2313
1608071453605285961 : Checking image 1 crop y2 3351
1608071457566093839 : Checking image 2 crop x1 171
1608071457566231443 : Checking image 2 crop y1 155
1608071457566268843 : Checking image 2 crop x2 2182
1608071457566302844 : Checking image 2 crop y2 3359
1608071457609281166 : Checking image 1 dpi 300
1608071457609396668 : Checking image 1 border top 133
1608071457609431669 : Checking image 1 border bottom 151
1608071457609463870 : Checking image 1 border left 225
1608071457609493871 : Checking image 1 border right 225
1608071457612118133 : Checking image 2 dpi 300
1608071457612200235 : Checking image 2 border top 138
1608071457612232736 : Checking image 2 border bottom 145
1608071457612262636 : Checking image 2 border left 224
1608071457612292637 : Checking image 2 border right 224

</system-out><system-err>--------------------------------- Captured Err ---------------------------------

</system-err></testcase><testcase classname="tests.test_images" name="test_image_failed_to_crop_data_png" time="58.090"><system-out>--------------------------------- Captured Log ---------------------------------

--------------------------------- Captured Out ---------------------------------
/home/runner/work/ocr-book/ocr-book/tests/image_failed_to_crop_data.png
1608071439293529829 : Checking separation double page angle 89.96358807166011
1608071439293640232 : Checking separation double page y=0 2477
1608071444705403066 : Checking page rotation 1 0.2
1608071450775026293 : Checking page rotation 2 0.05
1608071461533084906 : Checking image 1 crop x1 50
1608071461533214510 : Checking image 1 crop y1 7
1608071461533252910 : Checking image 1 crop x2 2477
1608071461533286811 : Checking image 1 crop y2 3502
1608071465745691471 : Checking image 2 crop x1 160
1608071465745821974 : Checking image 2 crop y1 217
1608071465745858375 : Checking image 2 crop x2 2241
1608071465745891876 : Checking image 2 crop y2 3350
1608071465779428241 : Checking image 1 dpi 300
1608071465779550343 : Checking image 1 border top 6
1608071465779586044 : Checking image 1 border bottom 6
1608071465779617045 : Checking image 1 border left 22
1608071465779648646 : Checking image 1 border right 22
1608071465782324907 : Checking image 2 dpi 300
1608071465782416009 : Checking image 2 border top 205
1608071465782449609 : Checking image 2 border bottom 149
1608071465782479710 : Checking image 2 border left 189
1608071465782509711 : Checking image 2 border right 189

</system-out><system-err>--------------------------------- Captured Err ---------------------------------

</system-err></testcase><testcase classname="tests.test_images" name="test_crop_too_few_png" time="48.974"><system-out>--------------------------------- Captured Log ---------------------------------

--------------------------------- Captured Out ---------------------------------
/home/runner/work/ocr-book/ocr-book/tests/crop_too_few.png
1608071489161570637 : Checking separation double page angle 89.54670238452755
1608071489161676239 : Checking separation double page y=0 2512
1608071495306784373 : Checking page rotation 1 -0.6499999999999977
1608071501114506857 : Checking page rotation 2 0.0
1608071504104626448 : Checking image 1 crop x1 263
1608071504104783951 : Checking image 1 crop y1 150
1608071504104821351 : Checking image 1 crop x2 2377
1608071504104853052 : Checking image 1 crop y2 3357
1608071506576630089 : Checking image 2 crop x1 137
1608071506576784392 : Checking image 2 crop y1 141
1608071506576822292 : Checking image 2 crop x2 2259
1608071506576856393 : Checking image 2 crop y2 3345
1608071506606964156 : Checking image 1 dpi 300
1608071506607073758 : Checking image 1 border top 129
1608071506607109558 : Checking image 1 border bottom 150
1608071506607141659 : Checking image 1 border left 173
1608071506607172260 : Checking image 1 border right 173
1608071506609504103 : Checking image 2 dpi 300
1608071506609585305 : Checking image 2 border top 130
1608071506609618005 : Checking image 2 border bottom 153
1608071506609648506 : Checking image 2 border left 169
1608071506609678806 : Checking image 2 border right 169

</system-out><system-err>--------------------------------- Captured Err ---------------------------------

</system-err></testcase><testcase classname="tests.test_images" name="test_wrong_angle_split_line_png" time="67.242"><system-out>--------------------------------- Captured Log ---------------------------------

--------------------------------- Captured Out ---------------------------------
/home/runner/work/ocr-book/ocr-book/tests/wrong_angle_split_line.png
1608071499926992746 : Checking separation double page angle 90.09193420006348
1608071499927101848 : Checking separation double page y=0 2478
1608071506906963963 : Checking page rotation 1 0.05
1608071515495329828 : Checking page rotation 2 0.0
1608071527121682172 : Checking image 1 crop x1 58
1608071527121813874 : Checking image 1 crop y1 7
1608071527121849774 : Checking image 1 crop x2 2472
1608071527121883475 : Checking image 1 crop y2 3505
1608071532285755788 : Checking image 2 crop x1 163
1608071532285890890 : Checking image 2 crop y1 217
1608071532285926990 : Checking image 2 crop x2 2246
1608071532285961091 : Checking image 2 crop y2 3350
1608071532432060430 : Checking image 1 dpi 300
1608071532432184532 : Checking image 1 border top 5
1608071532432221732 : Checking image 1 border bottom 5
1608071532432252633 : Checking image 1 border left 33
1608071532432284434 : Checking image 1 border right 33
1608071532439713458 : Checking image 2 dpi 300
1608071532439826259 : Checking image 2 border top 204
1608071532439860060 : Checking image 2 border bottom 150
1608071532439890360 : Checking image 2 border left 188
1608071532439920461 : Checking image 2 border right 188

</system-out><system-err>--------------------------------- Captured Err ---------------------------------

</system-err></testcase><testcase classname="tests.test_images" name="test_crop_too_much_2_png" time="86.962"><system-out>--------------------------------- Captured Log ---------------------------------

--------------------------------- Captured Out ---------------------------------
/home/runner/work/ocr-book/ocr-book/tests/crop_too_much_2.png
1608071557683454578 : Checking separation double page angle 90.1149074900817
1608071557683560179 : Checking separation double page y=0 2478
1608071568775658293 : Checking page rotation 1 0.2
1608071583958051874 : Checking page rotation 2 0.2
1608071588361744926 : Checking image 1 crop x1 332
1608071588361881428 : Checking image 1 crop y1 131
1608071588361918329 : Checking image 1 crop x2 2342
1608071588361950329 : Checking image 1 crop y2 3336
1608071593488963877 : Checking image 2 crop x1 162
1608071593489098178 : Checking image 2 crop y1 139
1608071593489135379 : Checking image 2 crop x2 2175
1608071593489168679 : Checking image 2 crop y2 3345
1608071593536690713 : Checking image 1 dpi 300
1608071593536826715 : Checking image 1 border top 112
1608071593536861615 : Checking image 1 border bottom 170
1608071593536892816 : Checking image 1 border left 225
1608071593536924416 : Checking image 1 border right 225
1608071593539073945 : Checking image 2 dpi 300
1608071593539151646 : Checking image 2 border top 123
1608071593539184146 : Checking image 2 border bottom 157
1608071593539218947 : Checking image 2 border left 223
1608071593539249247 : Checking image 2 border right 223

</system-out><system-err>--------------------------------- Captured Err ---------------------------------

</system-err></testcase><testcase classname="tests.test_images" name="test_wrong_split_line_3_png" time="63.901"><system-out>--------------------------------- Captured Log ---------------------------------

--------------------------------- Captured Out ---------------------------------
/home/runner/work/ocr-book/ocr-book/tests/wrong_split_line_3.png
1608071573036718044 : Checking separation double page angle 90.41229500214693
1608071573036866946 : Checking separation double page y=0 2495
1608071584159168138 : Checking page rotation 1 0.35
1608071591578424618 : Checking page rotation 2 0.9
1608071594327542546 : Checking image 1 crop x1 331
1608071594327678248 : Checking image 1 crop y1 164
1608071594327714148 : Checking image 1 crop x2 2375
1608071594327746649 : Checking image 1 crop y2 3377
1608071596911128171 : Checking image 2 crop x1 104
1608071596911259072 : Checking image 2 crop y1 208
1608071596911295573 : Checking image 2 crop x2 2135
1608071596911328973 : Checking image 2 crop y2 3413
1608071596945644227 : Checking image 1 dpi 300
1608071596945761928 : Checking image 1 border top 149
1608071596945797029 : Checking image 1 border bottom 125
1608071596945828329 : Checking image 1 border left 208
1608071596945860729 : Checking image 1 border right 208
1608071596948538065 : Checking image 2 dpi 300
1608071596948624866 : Checking image 2 border top 187
1608071596948657066 : Checking image 2 border bottom 95
1608071596948686967 : Checking image 2 border left 214
1608071596948717067 : Checking image 2 border right 214

</system-out><system-err>--------------------------------- Captured Err ---------------------------------

</system-err></testcase><testcase classname="tests.test_images" name="test_wrong_split_line_2_png" time="101.410"><system-out>--------------------------------- Captured Log ---------------------------------

--------------------------------- Captured Out ---------------------------------
/home/runner/work/ocr-book/ocr-book/tests/wrong_split_line_2.png
1608071655694783443 : Checking separation double page angle 90.17444704411862
1608071655694888844 : Checking separation double page y=0 2437
1608071666081316535 : Checking page rotation 1 0.2
1608071678998170855 : Checking page rotation 2 0.4
1608071685565275308 : Checking image 1 crop x1 294
1608071685565409709 : Checking image 1 crop y1 136
1608071685565447310 : Checking image 1 crop x2 2325
1608071685565479210 : Checking image 1 crop y2 3376
1608071694918829037 : Checking image 2 crop x1 138
1608071694918971639 : Checking image 2 crop y1 192
1608071694919009439 : Checking image 2 crop x2 2165
1608071694919042440 : Checking image 2 crop y2 3386
1608071694962523589 : Checking image 1 dpi 300
1608071694962651091 : Checking image 1 border top 121
1608071694962687691 : Checking image 1 border bottom 126
1608071694962719791 : Checking image 1 border left 214
1608071694962750292 : Checking image 1 border right 214
1608071694965188617 : Checking image 2 dpi 300
1608071694965281418 : Checking image 2 border top 185
1608071694965313418 : Checking image 2 border bottom 108
1608071694965343419 : Checking image 2 border left 216
1608071694965373519 : Checking image 2 border right 216

</system-out><system-err>--------------------------------- Captured Err ---------------------------------

</system-err></testcase><testcase classname="tests.test_images" name="test_wrong_wave_split_line_png" time="0.001"><skipped message="Need to work on crop data" type="pytest.skip">/home/runner/work/ocr-book/ocr-book/tests/test_images.py:660: Need to work on crop data</skipped><system-out>--------------------------------- Captured Log ---------------------------------

--------------------------------- Captured Out ---------------------------------

</system-out><system-err>--------------------------------- Captured Err ---------------------------------

</system-err><system-out>--------------------------------- Captured Log ---------------------------------

--------------------------------- Captured Out ---------------------------------

</system-out><system-err>--------------------------------- Captured Err ---------------------------------

</system-err></testcase><testcase classname="tests.test_images" name="test_no_split_line_line_algo_png" time="55.280"><system-out>--------------------------------- Captured Log ---------------------------------

--------------------------------- Captured Out ---------------------------------
/home/runner/work/ocr-book/ocr-book/tests/no_split_line_line_algo.png
1608071633157721194 : Checking separation double page angle 89.47691469185418
1608071633157826195 : Checking separation double page y=0 2476
1608071638378716659 : Checking page rotation 1 -0.14999999999999067
1608071646462172869 : Checking page rotation 2 -0.44999999999999746
1608071648821315265 : Checking image 1 crop x1 205
1608071648821438767 : Checking image 1 crop y1 158
1608071648821475067 : Checking image 1 crop x2 2320
1608071648821508668 : Checking image 1 crop y2 3366
1608071652241463826 : Checking image 2 crop x1 185
1608071652241587728 : Checking image 2 crop y1 221
1608071652241624828 : Checking image 2 crop x2 2201
1608071652241659229 : Checking image 2 crop y2 3366
1608071652279889361 : Checking image 1 dpi 300
1608071652280002262 : Checking image 1 border top 141
1608071652280036963 : Checking image 1 border bottom 138
1608071652280069163 : Checking image 1 border left 172
1608071652280102163 : Checking image 1 border right 172
1608071652282710193 : Checking image 2 dpi 300
1608071652282797094 : Checking image 2 border top 215
1608071652282829294 : Checking image 2 border bottom 127
1608071652282859995 : Checking image 2 border left 222
1608071652282890395 : Checking image 2 border right 222

</system-out><system-err>--------------------------------- Captured Err ---------------------------------

</system-err></testcase><testcase classname="tests.test_images" name="test_failed_split_line_line_algo_png" time="25.403"><system-out>--------------------------------- Captured Log ---------------------------------

--------------------------------- Captured Out ---------------------------------
/home/runner/work/ocr-book/ocr-book/tests/failed_split_line_line_algo.png
1608071668676441797 : Checking separation double page angle 90.0163422057325
1608071668676547098 : Checking separation double page y=0 2576
1608071672034382062 : Checking page rotation 1 -0.14999999999999067
1608071674104775713 : Checking page rotation 2 0.0
1608071676208248620 : Checking image 1 crop x1 407
1608071676208378921 : Checking image 1 crop y1 2925
1608071676208414222 : Checking image 1 crop x2 2419
1608071676208445922 : Checking image 1 crop y2 3174
1608071677707417972 : Checking image 2 crop x1 1183
1608071677707532273 : Checking image 2 crop y1 1746
1608071677707568873 : Checking image 2 crop x2 1184
1608071677707599374 : Checking image 2 crop y2 1747
1608071677707897577 : Checking image 1 dpi 300
1608071677707975478 : Checking image 1 border top 2917
1608071677708007378 : Checking image 1 border bottom 321
1608071677708038178 : Checking image 1 border left 224
1608071677708069679 : Checking image 1 border right 224
1608071677709844298 : Checking image 2 dpi 300
1608071677709933599 : Checking image 2 border top 1753
1608071677709964899 : Checking image 2 border bottom 1753
1608071677709994999 : Checking image 2 border left 1239
1608071677710025700 : Checking image 2 border right 1239

</system-out><system-err>--------------------------------- Captured Err ---------------------------------

</system-err></testcase><testcase classname="tests.test_images" name="test_failed_split_line_line_algo_2_png" time="73.977"><system-out>--------------------------------- Captured Log ---------------------------------

--------------------------------- Captured Out ---------------------------------
/home/runner/work/ocr-book/ocr-book/tests/failed_split_line_line_algo_2.png
1608071726833628252 : Checking separation double page angle 90.04134220573248
1608071726833743853 : Checking separation double page y=0 2498
1608071736999811190 : Checking page rotation 1 0.0
1608071745679006740 : Checking page rotation 2 0.6000000000000001
1608071748604477143 : Checking image 1 crop x1 272
1608071748604609045 : Checking image 1 crop y1 149
1608071748604645145 : Checking image 1 crop x2 2383
1608071748604677145 : Checking image 1 crop y2 3353
1608071751623738624 : Checking image 2 crop x1 124
1608071751623869625 : Checking image 2 crop y1 155
1608071751623904926 : Checking image 2 crop x2 2247
1608071751623938326 : Checking image 2 crop y2 3350
1608071751662729593 : Checking image 1 dpi 300
1608071751662850694 : Checking image 1 border top 138
1608071751662885494 : Checking image 1 border bottom 145
1608071751662916894 : Checking image 1 border left 174
1608071751662948895 : Checking image 1 border right 174
1608071751665667820 : Checking image 2 dpi 300
1608071751665764321 : Checking image 2 border top 136
1608071751665796022 : Checking image 2 border bottom 156
1608071751665826322 : Checking image 2 border left 168
1608071751665856822 : Checking image 2 border right 168

</system-out><system-err>--------------------------------- Captured Err ---------------------------------

</system-err></testcase><testcase classname="tests.test_images" name="test_small_wave_png" time="74.460"><system-out>--------------------------------- Captured Log ---------------------------------

--------------------------------- Captured Out ---------------------------------
/home/runner/work/ocr-book/ocr-book/tests/small_wave.png
1608071742030443210 : Checking separation double page angle 90.63816928841567
1608071742030543910 : Checking separation double page y=0 2497
1608071753183635446 : Checking page rotation 1 0.75
1608071763838797726 : Checking page rotation 2 0.7
1608071766445705638 : Checking image 1 crop x1 323
1608071766445844739 : Checking image 1 crop y1 198
1608071766445882340 : Checking image 1 crop x2 2352
1608071766445915040 : Checking image 1 crop y2 3395
1608071769387036067 : Checking image 2 crop x1 135
1608071769387172568 : Checking image 2 crop y1 223
1608071769387209869 : Checking image 2 crop x2 2164
1608071769387243869 : Checking image 2 crop y2 3419
1608071769424200710 : Checking image 1 dpi 300
1608071769424316711 : Checking image 1 border top 175
1608071769424351912 : Checking image 1 border bottom 115
1608071769424383412 : Checking image 1 border left 215
1608071769424414412 : Checking image 1 border right 215
1608071769426771534 : Checking image 2 dpi 300
1608071769426944036 : Checking image 2 border top 196
1608071769426991736 : Checking image 2 border bottom 95
1608071769427027536 : Checking image 2 border left 215
1608071769427058037 : Checking image 2 border right 215

</system-out><system-err>--------------------------------- Captured Err ---------------------------------

</system-err></testcase><testcase classname="tests.test_images" name="test_crop_too_much_3_png" time="72.292"><system-out>--------------------------------- Captured Log ---------------------------------

--------------------------------- Captured Out ---------------------------------
/home/runner/work/ocr-book/ocr-book/tests/crop_too_much_3.png
1608071796365243114 : Checking separation double page angle 89.52945237729824
1608071796365351215 : Checking separation double page y=0 2497
1608071805080289439 : Checking page rotation 1 -0.8999999999999949
1608071816389047936 : Checking page rotation 2 -0.14999999999999067
1608071819959345068 : Checking image 1 crop x1 374
1608071819959475469 : Checking image 1 crop y1 258
1608071819959511169 : Checking image 1 crop x2 2385
1608071819959543170 : Checking image 1 crop y2 3459
1608071823909512435 : Checking image 2 crop x1 169
1608071823909639336 : Checking image 2 crop y1 228
1608071823909675837 : Checking image 2 crop x2 2182
1608071823909710037 : Checking image 2 crop y2 3417
1608071823952624313 : Checking image 1 dpi 300
1608071823952763214 : Checking image 1 border top 238
1608071823952800014 : Checking image 1 border bottom 48
1608071823952831115 : Checking image 1 border left 224
1608071823952863215 : Checking image 1 border right 224
1608071823955508938 : Checking image 2 dpi 300
1608071823955599539 : Checking image 2 border top 207
1608071823955631839 : Checking image 2 border bottom 90
1608071823955662740 : Checking image 2 border left 223
1608071823955692940 : Checking image 2 border right 223

</system-out><system-err>--------------------------------- Captured Err ---------------------------------

</system-err></testcase><testcase classname="tests.test_images" name="test_wrong_wave_split_line_2_png" time="77.317"><system-out>--------------------------------- Captured Log ---------------------------------

--------------------------------- Captured Out ---------------------------------
/home/runner/work/ocr-book/ocr-book/tests/wrong_wave_split_line_2.png
1608071819077197011 : Checking separation double page angle 90.7708958311329
1608071819077308212 : Checking separation double page y=0 2490
1608071828158499802 : Checking page rotation 1 0.4
1608071840568088462 : Checking page rotation 2 1.8
1608071843571240518 : Checking image 1 crop x1 224
1608071843571380420 : Checking image 1 crop y1 147
1608071843571416920 : Checking image 1 crop x2 2337
1608071843571450620 : Checking image 1 crop y2 3355
1608071846705833852 : Checking image 2 crop x1 107
1608071846705961254 : Checking image 2 crop y1 197
1608071846706006554 : Checking image 2 crop x2 2229
1608071846706039054 : Checking image 2 crop y2 3396
1608071846750132234 : Checking image 1 dpi 300
1608071846750253835 : Checking image 1 border top 133
1608071846750289035 : Checking image 1 border bottom 146
1608071846750320736 : Checking image 1 border left 173
1608071846750351336 : Checking image 1 border right 173
1608071846752705256 : Checking image 2 dpi 300
1608071846752830857 : Checking image 2 border top 167
1608071846752863858 : Checking image 2 border bottom 121
1608071846752894158 : Checking image 2 border left 169
1608071846752924058 : Checking image 2 border right 169

</system-out><system-err>--------------------------------- Captured Err ---------------------------------

</system-err></testcase><testcase classname="tests.test_images" name="test_wrong_wave_split_line_3_png" time="66.860"><system-out>--------------------------------- Captured Log ---------------------------------

--------------------------------- Captured Out ---------------------------------
/home/runner/work/ocr-book/ocr-book/tests/wrong_wave_split_line_3.png
1608071868413969157 : Checking separation double page angle 90.03326063695573
1608071868414078758 : Checking separation double page y=0 2514
1608071877684598926 : Checking page rotation 1 0.05
1608071885072683054 : Checking page rotation 2 0.35
1608071887970266833 : Checking image 1 crop x1 273
1608071887970396034 : Checking image 1 crop y1 220
1608071887970431335 : Checking image 1 crop x2 2383
1608071887970463235 : Checking image 1 crop y2 3423
1608071890788267208 : Checking image 2 crop x1 114
1608071890788397209 : Checking image 2 crop y1 226
1608071890788433910 : Checking image 2 crop x2 2235
1608071890788466910 : Checking image 2 crop y2 3413
1608071890824452112 : Checking image 1 dpi 300
1608071890824578713 : Checking image 1 border top 202
1608071890824613814 : Checking image 1 border bottom 82
1608071890824645014 : Checking image 1 border left 175
1608071890824677314 : Checking image 1 border right 175
1608071890827406537 : Checking image 2 dpi 300
1608071890827499938 : Checking image 2 border top 204
1608071890827532338 : Checking image 2 border bottom 96
1608071890827566438 : Checking image 2 border left 169
1608071890827597039 : Checking image 2 border right 169

</system-out><system-err>--------------------------------- Captured Err ---------------------------------

</system-err></testcase><testcase classname="tests.test_images" name="test_no_split_line_wave_algo_png" time="64.709"><system-out>--------------------------------- Captured Log ---------------------------------

--------------------------------- Captured Out ---------------------------------
/home/runner/work/ocr-book/ocr-book/tests/no_split_line_wave_algo.png
1608071879069571029 : Checking separation double page angle 89.93095154476828
1608071879069677130 : Checking separation double page y=0 2484
1608071885244334199 : Checking page rotation 1 0.0
1608071894503523071 : Checking page rotation 2 -0.49999999999999434
1608071904381796661 : Checking image 1 crop x1 97
1608071904381883062 : Checking image 1 crop y1 27
1608071904381916962 : Checking image 1 crop x2 2486
1608071904381950663 : Checking image 1 crop y2 3505
1608071911390975340 : Checking image 2 crop x1 163
1608071911391112141 : Checking image 2 crop y1 266
1608071911391150041 : Checking image 2 crop x2 2238
1608071911391181842 : Checking image 2 crop y2 3381
1608071911429092057 : Checking image 1 dpi 300
1608071911429210358 : Checking image 1 border top 15
1608071911429245458 : Checking image 1 border bottom 15
1608071911429275958 : Checking image 1 border left 46
1608071911429306059 : Checking image 1 border right 46
1608071911431854380 : Checking image 2 dpi 300
1608071911431942481 : Checking image 2 border top 254
1608071911431974981 : Checking image 2 border bottom 118
1608071911432004981 : Checking image 2 border left 192
1608071911432034681 : Checking image 2 border right 192

</system-out><system-err>--------------------------------- Captured Err ---------------------------------

</system-err></testcase><testcase classname="tests.test_images" name="test_no_split_line_wave_algo_2_png" time="58.213"><system-out>--------------------------------- Captured Log ---------------------------------

--------------------------------- Captured Out ---------------------------------
/home/runner/work/ocr-book/ocr-book/tests/no_split_line_wave_algo_2.png
1608071927614747813 : Checking separation double page angle 90.5
1608071927614861214 : Checking separation double page y=0 2478
1608071935810942729 : Checking page rotation 1 1.1500000000000001
1608071943696264094 : Checking page rotation 2 0.2
1608071946490655678 : Checking image 1 crop x1 266
1608071946490784680 : Checking image 1 crop y1 209
1608071946490820081 : Checking image 1 crop x2 2342
1608071946490852482 : Checking image 1 crop y2 3413
1608071949007246839 : Checking image 2 crop x1 165
1608071949007371941 : Checking image 2 crop y1 241
1608071949007408942 : Checking image 2 crop x2 2248
1608071949007442842 : Checking image 2 crop y2 3433
1608071949043735722 : Checking image 1 dpi 300
1608071949043857724 : Checking image 1 border top 191
1608071949043892224 : Checking image 1 border bottom 92
1608071949043923625 : Checking image 1 border left 192
1608071949043956026 : Checking image 1 border right 192
1608071949046312970 : Checking image 2 dpi 300
1608071949046402271 : Checking image 2 border top 224
1608071949046434672 : Checking image 2 border bottom 71
1608071949046464673 : Checking image 2 border left 188
1608071949046494973 : Checking image 2 border right 188

</system-out><system-err>--------------------------------- Captured Err ---------------------------------

</system-err></testcase><testcase classname="tests.test_images" name="test_crop_too_few_2_png" time="53.559"><system-out>--------------------------------- Captured Log ---------------------------------

--------------------------------- Captured Out ---------------------------------
/home/runner/work/ocr-book/ocr-book/tests/crop_too_few_2.png
1608071945595990677 : Checking separation double page angle 90.3480629671595
1608071945596089278 : Checking separation double page y=0 2534
1608071952400792080 : Checking page rotation 1 1.2000000000000002
1608071959543511913 : Checking page rotation 2 -0.09999999999999377
1608071962520350150 : Checking image 1 crop x1 287
1608071962520488452 : Checking image 1 crop y1 165
1608071962520523753 : Checking image 1 crop x2 2398
1608071962520555353 : Checking image 1 crop y2 3368
1608071965009084521 : Checking image 2 crop x1 148
1608071965009224024 : Checking image 2 crop y1 188
1608071965009261124 : Checking image 2 crop x2 2274
1608071965009294125 : Checking image 2 crop y2 3386
1608071965043264941 : Checking image 1 dpi 300
1608071965043387443 : Checking image 1 border top 140
1608071965043422343 : Checking image 1 border bottom 144
1608071965043453544 : Checking image 1 border left 174
1608071965043484445 : Checking image 1 border right 174
1608071965045839787 : Checking image 2 dpi 300
1608071965045922989 : Checking image 2 border top 175
1608071965045955389 : Checking image 2 border bottom 114
1608071965045985590 : Checking image 2 border left 167
1608071965046015390 : Checking image 2 border right 167

</system-out><system-err>--------------------------------- Captured Err ---------------------------------

</system-err></testcase><testcase classname="tests.test_images" name="test_failed_detect_rectangle_png" time="71.505"><system-out>--------------------------------- Captured Log ---------------------------------

--------------------------------- Captured Out ---------------------------------
/home/runner/work/ocr-book/ocr-book/tests/failed_detect_rectangle.png
1608071994471216973 : Checking separation double page angle 90.22337516213149
1608071994471328575 : Checking separation double page y=0 2474
1608072003483539232 : Checking page rotation 1 0.2
1608072014851136148 : Checking page rotation 2 0.2
1608072017577368225 : Checking image 1 crop x1 257
1608072017577497027 : Checking image 1 crop y1 201
1608072017577532728 : Checking image 1 crop x2 2333
1608072017577564528 : Checking image 1 crop y2 3402
1608072020500436713 : Checking image 2 crop x1 137
1608072020500559615 : Checking image 2 crop y1 215
1608072020500595616 : Checking image 2 crop x2 2220
1608072020500629116 : Checking image 2 crop y2 3406
1608072020543541019 : Checking image 1 dpi 300
1608072020543651121 : Checking image 1 border top 188
1608072020543684821 : Checking image 1 border bottom 97
1608072020543716022 : Checking image 1 border left 192
1608072020543748222 : Checking image 1 border right 192
1608072020546035960 : Checking image 2 dpi 300
1608072020546118661 : Checking image 2 border top 201
1608072020546150962 : Checking image 2 border bottom 95
1608072020546181562 : Checking image 2 border left 188
1608072020546211663 : Checking image 2 border right 188

</system-out><system-err>--------------------------------- Captured Err ---------------------------------

</system-err></testcase><testcase classname="tests.test_images" name="test_single_page_png" time="22.668"><system-out>--------------------------------- Captured Log ---------------------------------

--------------------------------- Captured Out ---------------------------------
/home/runner/work/ocr-book/ocr-book/tests/single_page.png
1608071974875315232 : Checking separation double page angle 90.0
1608071974875439234 : Checking separation double page y=0 2476
1608071979747575061 : Checking page rotation 1 0.0
1608071980261797025 : Checking page rotation 2 0.0
1608071986924731688 : Checking image 1 crop x1 1
1608071986924843390 : Checking image 1 crop y1 8
1608071986924881191 : Checking image 1 crop x2 2470
1608071986924913191 : Checking image 1 crop y2 3505
1608071987421454224 : Checking image 2 crop x1 0
1608071987421525925 : Checking image 2 crop y1 0
1608071987421555626 : Checking image 2 crop x2 0
1608071987421583726 : Checking image 2 crop y2 0
1608071987421650027 : Checking image 1 dpi 300
1608071987421712128 : Checking image 1 border top 5
1608071987421743029 : Checking image 1 border bottom 5
1608071987421773230 : Checking image 1 border left 6
1608071987421802930 : Checking image 1 border right 6
1608071987427612331 : Checking image 2 border top 0
1608071987427682532 : Checking image 2 border bottom 0
1608071987427711933 : Checking image 2 border left 0
1608071987427741533 : Checking image 2 border right 0

</system-out><system-err>--------------------------------- Captured Err ---------------------------------

</system-err></testcase><testcase classname="tests.test_images" name="test_no_split_line_wave_algo_3_png" time="16.582"><system-out>--------------------------------- Captured Log ---------------------------------

--------------------------------- Captured Out ---------------------------------
/home/runner/work/ocr-book/ocr-book/tests/no_split_line_wave_algo_3.png
1608072029956878806 : Checking separation double page angle 90.19999999999999
1608072029957002308 : Checking separation double page y=0 2408
1608072032466356945 : Checking page rotation 1 0.0
1608072032786551581 : Checking page rotation 2 0.15000000000000002
1608072036675975034 : Checking image 1 crop x1 184
1608072036676086336 : Checking image 1 crop y1 2957
1608072036676120636 : Checking image 1 crop x2 2201
1608072036676151137 : Checking image 1 crop y2 3202
1608072037122931652 : Checking image 2 crop x1 0
1608072037123004753 : Checking image 2 crop y1 0
1608072037123034954 : Checking image 2 crop x2 0
1608072037123063554 : Checking image 2 crop y2 0
1608072037123138055 : Checking image 1 dpi 300
1608072037123202256 : Checking image 1 border top 2950
1608072037123234257 : Checking image 1 border bottom 292
1608072037123264557 : Checking image 1 border left 221
1608072037123295458 : Checking image 1 border right 221
1608072037131091682 : Checking image 2 border top 0
1608072037131148883 : Checking image 2 border bottom 0
1608072037131178683 : Checking image 2 border left 0
1608072037131208284 : Checking image 2 border right 0

</system-out><system-err>--------------------------------- Captured Err ---------------------------------

</system-err></testcase></testsuite></testsuites>