<?xml version="1.0" encoding="utf-8"?><testsuites><testsuite errors="0" failures="0" hostname="fv-az71-140" name="pytest" skipped="0" tests="30" time="857.855" timestamp="2020-12-02T22:42:25.693782"><testcase classname="tests.test_features" name="test_mock_stop_at_0" time="0.049"><system-out>--------------------------------- Captured Log ---------------------------------

--------------------------------- Captured Out ---------------------------------
/home/runner/work/ocr-book/ocr-book/tests/0001_0.png

</system-out><system-err>--------------------------------- Captured Err ---------------------------------

</system-err></testcase><testcase classname="tests.test_features" name="test_disabled_enable_debug" time="40.228"><system-out>--------------------------------- Captured Log ---------------------------------

--------------------------------- Captured Out ---------------------------------
/home/runner/work/ocr-book/ocr-book/tests/0001_debug.png
separation double page angle 90.57780420099763
separation double page y=0 2487
page rotation 1 0.75
page rotation 2 0.2
image 1 crop x1 330
image 1 crop y1 336
image 1 crop x2 2343
image 1 crop y2 3223
image 2 crop x1 169
image 2 crop y1 648
image 2 crop x2 2186
image 2 crop y2 3361
image 1 dpi 300
image 1 border top 340
image 1 border bottom 260
image 1 border left 223
image 1 border right 223
image 2 dpi 300
image 2 border top 646
image 2 border bottom 128
image 2 border left 221
image 2 border right 221

</system-out><system-err>--------------------------------- Captured Err ---------------------------------

</system-err></testcase><testcase classname="tests.test_features" name="test_mock_stop_at_2" time="46.075"><system-out>--------------------------------- Captured Log ---------------------------------

--------------------------------- Captured Out ---------------------------------
/home/runner/work/ocr-book/ocr-book/tests/0001_2.png
separation double page angle 90.57780420099763
separation double page y=0 2487
page rotation 1 0.75
page rotation 2 0.2

</system-out><system-err>--------------------------------- Captured Err ---------------------------------

</system-err></testcase><testcase classname="tests.test_features" name="test_mock_stop_at_1" time="31.520"><system-out>--------------------------------- Captured Log ---------------------------------

--------------------------------- Captured Out ---------------------------------
/home/runner/work/ocr-book/ocr-book/tests/0001_1.png
separation double page angle 90.57780420099763
separation double page y=0 2487

</system-out><system-err>--------------------------------- Captured Err ---------------------------------

</system-err></testcase><testcase classname="tests.test_features" name="test_mock_stop_at_4" time="51.870"><system-out>--------------------------------- Captured Log ---------------------------------

--------------------------------- Captured Out ---------------------------------
/home/runner/work/ocr-book/ocr-book/tests/0001_4.png
separation double page angle 90.57780420099763
separation double page y=0 2487
page rotation 1 0.75
page rotation 2 0.2
image 1 crop x1 330
image 1 crop y1 336
image 1 crop x2 2343
image 1 crop y2 3223
image 2 crop x1 169
image 2 crop y1 648
image 2 crop x2 2186
image 2 crop y2 3361
image 1 dpi 300
image 1 border top 340
image 1 border bottom 260
image 1 border left 223
image 1 border right 223
image 2 dpi 300
image 2 border top 646
image 2 border bottom 128
image 2 border left 221
image 2 border right 221

</system-out><system-err>--------------------------------- Captured Err ---------------------------------

</system-err></testcase><testcase classname="tests.test_features" name="test_mock_stop_at_3" time="52.093"><system-out>--------------------------------- Captured Log ---------------------------------

--------------------------------- Captured Out ---------------------------------
/home/runner/work/ocr-book/ocr-book/tests/0001_3.png
separation double page angle 90.57780420099763
separation double page y=0 2487
page rotation 1 0.75
page rotation 2 0.2
image 1 crop x1 330
image 1 crop y1 336
image 1 crop x2 2343
image 1 crop y2 3223
image 2 crop x1 169
image 2 crop y1 648
image 2 crop x2 2186
image 2 crop y2 3361

</system-out><system-err>--------------------------------- Captured Err ---------------------------------

</system-err></testcase><testcase classname="tests.test_images" name="test_0001_png" time="51.944"><system-out>--------------------------------- Captured Log ---------------------------------

--------------------------------- Captured Out ---------------------------------
/home/runner/work/ocr-book/ocr-book/tests/0001.png
1606949075759582633 : Checking separation double page angle 90.57780420099763
1606949075759681139 : Checking separation double page y=0 2487
1606949082600129004 : Checking page rotation 1 0.75
1606949090455225700 : Checking page rotation 2 0.2
1606949093547821416 : Checking image 1 crop x1 330
1606949093547934922 : Checking image 1 crop y1 336
1606949093547973924 : Checking image 1 crop x2 2343
1606949093548007426 : Checking image 1 crop y2 3223
1606949096580905853 : Checking image 2 crop x1 169
1606949096581033759 : Checking image 2 crop y1 648
1606949096581080262 : Checking image 2 crop x2 2186
1606949096581119164 : Checking image 2 crop y2 3361
1606949096615525889 : Checking image 1 dpi 300
1606949096615636494 : Checking image 1 border top 340
1606949096615667596 : Checking image 1 border bottom 260
1606949096615696498 : Checking image 1 border left 223
1606949096615725099 : Checking image 1 border right 223
1606949096617890214 : Checking image 2 dpi 300
1606949096617976119 : Checking image 2 border top 646
1606949096618011620 : Checking image 2 border bottom 128
1606949096618046122 : Checking image 2 border left 221
1606949096618080924 : Checking image 2 border right 221

</system-out><system-err>--------------------------------- Captured Err ---------------------------------

</system-err></testcase><testcase classname="tests.test_features" name="test_mock_stop_at_5" time="51.139"><system-out>--------------------------------- Captured Log ---------------------------------

--------------------------------- Captured Out ---------------------------------
/home/runner/work/ocr-book/ocr-book/tests/0001_5.png
separation double page angle 90.57780420099763
separation double page y=0 2487
page rotation 1 0.75
page rotation 2 0.2
image 1 crop x1 330
image 1 crop y1 336
image 1 crop x2 2343
image 1 crop y2 3223
image 2 crop x1 169
image 2 crop y1 648
image 2 crop x2 2186
image 2 crop y2 3361
image 1 dpi 300
image 1 border top 340
image 1 border bottom 260
image 1 border left 223
image 1 border right 223
image 2 dpi 300
image 2 border top 646
image 2 border bottom 128
image 2 border left 221
image 2 border right 221

</system-out><system-err>--------------------------------- Captured Err ---------------------------------

</system-err></testcase><testcase classname="tests.test_images" name="test_2_pages_2_contours_png" time="34.713"><system-out>--------------------------------- Captured Log ---------------------------------

--------------------------------- Captured Out ---------------------------------
/home/runner/work/ocr-book/ocr-book/tests/2-pages-2-contours.png
1606949118295445866 : Checking separation double page angle 89.91958537671144
1606949118295531670 : Checking separation double page y=0 2492
1606949120568403493 : Checking page rotation 1 0.05
1606949126380602994 : Checking page rotation 2 0.35000000000000003
1606949127372424677 : Checking image 1 crop x1 1191
1606949127372595985 : Checking image 1 crop y1 1733
1606949127372635787 : Checking image 1 crop x2 1192
1606949127372667188 : Checking image 1 crop y2 1734
1606949131308880137 : Checking image 2 crop x1 89
1606949131309015544 : Checking image 2 crop y1 240
1606949131309063346 : Checking image 2 crop x2 2136
1606949131309106048 : Checking image 2 crop y2 3239
1606949131343377361 : Checking image 1 dpi 300
1606949131343487266 : Checking image 1 border top 1752
1606949131343525068 : Checking image 1 border bottom 1753
1606949131343560269 : Checking image 1 border left 1239
1606949131343594871 : Checking image 1 border right 1239
1606949131344909133 : Checking image 2 dpi 300
1606949131344996937 : Checking image 2 border top 231
1606949131345033039 : Checking image 2 border bottom 257
1606949131345068040 : Checking image 2 border left 206
1606949131345102042 : Checking image 2 border right 206

</system-out><system-err>--------------------------------- Captured Err ---------------------------------

</system-err></testcase><testcase classname="tests.test_images" name="test_image_failed_to_crop_data_png" time="58.270"><system-out>--------------------------------- Captured Log ---------------------------------

--------------------------------- Captured Out ---------------------------------
/home/runner/work/ocr-book/ocr-book/tests/image_failed_to_crop_data.png
1606949153116839540 : Checking separation double page angle 89.91538216173362
1606949153116938444 : Checking separation double page y=0 2477
1606949158723092031 : Checking page rotation 1 0.2
1606949164259461447 : Checking page rotation 2 0.0
1606949174924591913 : Checking image 1 crop x1 58
1606949174924728619 : Checking image 1 crop y1 8
1606949174924772321 : Checking image 1 crop x2 2480
1606949174924811923 : Checking image 1 crop y2 3504
1606949179815909957 : Checking image 2 crop x1 159
1606949179816044662 : Checking image 2 crop y1 217
1606949179816090064 : Checking image 2 crop x2 2241
1606949179816134066 : Checking image 2 crop y2 3350
1606949179861337299 : Checking image 1 dpi 300
1606949179861456204 : Checking image 1 border top 6
1606949179861496105 : Checking image 1 border bottom 6
1606949179861529007 : Checking image 1 border left 29
1606949179861561408 : Checking image 1 border right 29
1606949179863846506 : Checking image 2 dpi 300
1606949179863934310 : Checking image 2 border top 225
1606949179863970511 : Checking image 2 border bottom 129
1606949179864004813 : Checking image 2 border left 189
1606949179864038914 : Checking image 2 border right 189

</system-out><system-err>--------------------------------- Captured Err ---------------------------------

</system-err></testcase><testcase classname="tests.test_images" name="test_black_border_not_removed_png" time="59.833"><system-out>--------------------------------- Captured Log ---------------------------------

--------------------------------- Captured Out ---------------------------------
/home/runner/work/ocr-book/ocr-book/tests/black-border-not-removed.png
1606949165615090431 : Checking separation double page angle 90.02895758682553
1606949165615180535 : Checking separation double page y=0 2456
1606949172527100143 : Checking page rotation 1 0.0
1606949182304904230 : Checking page rotation 2 0.0
1606949185633310358 : Checking image 1 crop x1 297
1606949185633394361 : Checking image 1 crop y1 143
1606949185633434563 : Checking image 1 crop x2 2309
1606949185633472865 : Checking image 1 crop y2 3346
1606949191134553706 : Checking image 2 crop x1 157
1606949191134685311 : Checking image 2 crop y1 145
1606949191134732413 : Checking image 2 crop x2 2169
1606949191134775415 : Checking image 2 crop y2 3352
1606949191170917636 : Checking image 1 dpi 300
1606949191171039241 : Checking image 1 border top 130
1606949191171076943 : Checking image 1 border bottom 154
1606949191171112344 : Checking image 1 border left 224
1606949191171146846 : Checking image 1 border right 224
1606949191173167831 : Checking image 2 dpi 300
1606949191173273735 : Checking image 2 border top 139
1606949191173318437 : Checking image 2 border bottom 141
1606949191173367039 : Checking image 2 border left 224
1606949191173401041 : Checking image 2 border right 224

</system-out><system-err>--------------------------------- Captured Err ---------------------------------

</system-err></testcase><testcase classname="tests.test_images" name="test_wrong_angle_split_line_png" time="67.135"><system-out>--------------------------------- Captured Log ---------------------------------

--------------------------------- Captured Out ---------------------------------
/home/runner/work/ocr-book/ocr-book/tests/wrong_angle_split_line.png
1606949213523121020 : Checking separation double page angle 90.04193420006348
1606949213523225336 : Checking separation double page y=0 2477
1606949221150132235 : Checking page rotation 1 0.2
1606949229118168037 : Checking page rotation 2 0.05
1606949240533451365 : Checking image 1 crop x1 61
1606949240533588682 : Checking image 1 crop y1 7
1606949240533631988 : Checking image 1 crop x2 2475
1606949240533671193 : Checking image 1 crop y2 3500
1606949246135242866 : Checking image 2 crop x1 163
1606949246135381784 : Checking image 2 crop y1 218
1606949246135428089 : Checking image 2 crop x2 2243
1606949246135471995 : Checking image 2 crop y2 3350
1606949246307433024 : Checking image 1 dpi 300
1606949246307557140 : Checking image 1 border top 7
1606949246307595745 : Checking image 1 border bottom 7
1606949246307630349 : Checking image 1 border left 33
1606949246307665354 : Checking image 1 border right 33
1606949246314483515 : Checking image 2 dpi 300
1606949246314631534 : Checking image 2 border top 219
1606949246314665638 : Checking image 2 border bottom 136
1606949246314697942 : Checking image 2 border left 190
1606949246314729646 : Checking image 2 border right 190

</system-out><system-err>--------------------------------- Captured Err ---------------------------------

</system-err></testcase><testcase classname="tests.test_images" name="test_image_failed_to_rotate_png" time="58.624"><system-out>--------------------------------- Captured Log ---------------------------------

--------------------------------- Captured Out ---------------------------------
/home/runner/work/ocr-book/ocr-book/tests/image_failed_to_rotate.png
1606949221235628227 : Checking separation double page angle 90.19634423290287
1606949221235727741 : Checking separation double page y=0 2482
1606949226268330817 : Checking page rotation 1 0.35000000000000003
1606949233585741814 : Checking page rotation 2 0.45
1606949244577635048 : Checking image 1 crop x1 34
1606949244577756064 : Checking image 1 crop y1 1
1606949244577797669 : Checking image 1 crop x2 2480
1606949244577833874 : Checking image 1 crop y2 3500
1606949249652874568 : Checking image 2 crop x1 169
1606949249653024086 : Checking image 2 crop y1 234
1606949249653071792 : Checking image 2 crop x2 2248
1606949249653114598 : Checking image 2 crop y2 3355
1606949249694798892 : Checking image 1 dpi 300
1606949249694909406 : Checking image 1 border top 4
1606949249694946911 : Checking image 1 border bottom 4
1606949249694979215 : Checking image 1 border left 17
1606949249695011519 : Checking image 1 border right 17
1606949249697109280 : Checking image 2 dpi 300
1606949249697193391 : Checking image 2 border top 220
1606949249697227095 : Checking image 2 border bottom 146
1606949249697259399 : Checking image 2 border left 190
1606949249697291003 : Checking image 2 border right 190

</system-out><system-err>--------------------------------- Captured Err ---------------------------------

</system-err></testcase><testcase classname="tests.test_images" name="test_angle_page_lower_split_line_png" time="56.110"><system-out>--------------------------------- Captured Log ---------------------------------

--------------------------------- Captured Out ---------------------------------
/home/runner/work/ocr-book/ocr-book/tests/angle_page_lower_split_line.png
1606949283017326820 : Checking separation double page angle 89.75201324945476
1606949283017424930 : Checking separation double page y=0 2473
1606949291621497842 : Checking page rotation 1 -0.44999999999998863
1606949297807938752 : Checking page rotation 2 0.2
1606949300542675203 : Checking image 1 crop x1 245
1606949300542807016 : Checking image 1 crop y1 161
1606949300542852521 : Checking image 1 crop x2 2351
1606949300542895925 : Checking image 1 crop y2 3364
1606949303139629416 : Checking image 2 crop x1 151
1606949303139756429 : Checking image 2 crop y1 147
1606949303139797933 : Checking image 2 crop x2 2258
1606949303139837337 : Checking image 2 crop y2 3350
1606949303177873815 : Checking image 1 dpi 300
1606949303178004628 : Checking image 1 border top 132
1606949303178036231 : Checking image 1 border bottom 152
1606949303178064634 : Checking image 1 border left 177
1606949303178092337 : Checking image 1 border right 177
1606949303180360262 : Checking image 2 dpi 300
1606949303180438470 : Checking image 2 border top 116
1606949303180472773 : Checking image 2 border bottom 168
1606949303180504276 : Checking image 2 border left 176
1606949303180535380 : Checking image 2 border right 176

</system-out><system-err>--------------------------------- Captured Err ---------------------------------

</system-err></testcase><testcase classname="tests.test_images" name="test_wrong_split_line_png" time="43.299"><system-out>--------------------------------- Captured Log ---------------------------------

--------------------------------- Captured Out ---------------------------------
/home/runner/work/ocr-book/ocr-book/tests/wrong_split_line.png
1606949277099443869 : Checking separation double page angle 89.85895720607971
1606949277099529979 : Checking separation double page y=0 2463
1606949282099853219 : Checking page rotation 1 -0.14999999999999147
1606949288449695437 : Checking page rotation 2 0.65
1606949290679610293 : Checking image 1 crop x1 213
1606949290679756809 : Checking image 1 crop y1 157
1606949290679805114 : Checking image 1 crop x2 2323
1606949290679848718 : Checking image 1 crop y2 3362
1606949293069018008 : Checking image 2 crop x1 126
1606949293069177724 : Checking image 2 crop y1 167
1606949293069222229 : Checking image 2 crop x2 2237
1606949293069261833 : Checking image 2 crop y2 3372
1606949293105539278 : Checking image 1 dpi 300
1606949293105659590 : Checking image 1 border top 115
1606949293105700395 : Checking image 1 border bottom 167
1606949293105735698 : Checking image 1 border left 175
1606949293105770502 : Checking image 1 border right 175
1606949293107973329 : Checking image 2 dpi 300
1606949293108064239 : Checking image 2 border top 142
1606949293108100242 : Checking image 2 border bottom 140
1606949293108134246 : Checking image 2 border left 174
1606949293108168349 : Checking image 2 border right 174

</system-out><system-err>--------------------------------- Captured Err ---------------------------------

</system-err></testcase><testcase classname="tests.test_images" name="test_crop_too_much_png" time="80.071"><system-out>--------------------------------- Captured Log ---------------------------------

--------------------------------- Captured Out ---------------------------------
/home/runner/work/ocr-book/ocr-book/tests/crop_too_much.png
1606949340706902787 : Checking separation double page angle 90.13239409272953
1606949340706996095 : Checking separation double page y=0 2453
1606949351499292076 : Checking page rotation 1 0.0
1606949363584361287 : Checking page rotation 2 0.45
1606949368858945841 : Checking image 1 crop x1 303
1606949368859091253 : Checking image 1 crop y1 148
1606949368859139257 : Checking image 1 crop x2 2313
1606949368859180660 : Checking image 1 crop y2 3351
1606949373109115642 : Checking image 2 crop x1 170
1606949373109256253 : Checking image 2 crop y1 155
1606949373109303657 : Checking image 2 crop x2 2181
1606949373109346560 : Checking image 2 crop y2 3359
1606949373158856875 : Checking image 1 dpi 300
1606949373158975484 : Checking image 1 border top 131
1606949373159014487 : Checking image 1 border bottom 153
1606949373159050090 : Checking image 1 border left 225
1606949373159084693 : Checking image 1 border right 225
1606949373161302868 : Checking image 2 dpi 300
1606949373161393375 : Checking image 2 border top 139
1606949373161429478 : Checking image 2 border bottom 144
1606949373161463781 : Checking image 2 border left 224
1606949373161497584 : Checking image 2 border right 224

</system-out><system-err>--------------------------------- Captured Err ---------------------------------

</system-err></testcase><testcase classname="tests.test_images" name="test_crop_too_much_2_png" time="80.346"><system-out>--------------------------------- Captured Log ---------------------------------

--------------------------------- Captured Out ---------------------------------
/home/runner/work/ocr-book/ocr-book/tests/crop_too_much_2.png
1606949349562902483 : Checking separation double page angle 90.2021118646249
1606949349563004692 : Checking separation double page y=0 2477
1606949361387515797 : Checking page rotation 1 0.2
1606949374188065810 : Checking page rotation 2 0.2
1606949378258137039 : Checking image 1 crop x1 332
1606949378258227746 : Checking image 1 crop y1 131
1606949378258271449 : Checking image 1 crop x2 2342
1606949378258312553 : Checking image 1 crop y2 3336
1606949383449675365 : Checking image 2 crop x1 168
1606949383449811376 : Checking image 2 crop y1 139
1606949383449856979 : Checking image 2 crop x2 2181
1606949383449899582 : Checking image 2 crop y2 3345
1606949383503859336 : Checking image 1 dpi 300
1606949383503977445 : Checking image 1 border top 116
1606949383504014148 : Checking image 1 border bottom 166
1606949383504046951 : Checking image 1 border left 225
1606949383504079053 : Checking image 1 border right 225
1606949383506171814 : Checking image 2 dpi 300
1606949383506252920 : Checking image 2 border top 133
1606949383506286623 : Checking image 2 border bottom 148
1606949383506318225 : Checking image 2 border left 223
1606949383506349828 : Checking image 2 border right 223

</system-out><system-err>--------------------------------- Captured Err ---------------------------------

</system-err></testcase><testcase classname="tests.test_images" name="test_crop_too_few_png" time="48.145"><system-out>--------------------------------- Captured Log ---------------------------------

--------------------------------- Captured Out ---------------------------------
/home/runner/work/ocr-book/ocr-book/tests/crop_too_few.png
1606949403314691076 : Checking separation double page angle 89.39669496435833
1606949403314792083 : Checking separation double page y=0 2510
1606949409894674087 : Checking page rotation 1 -0.75
1606949416713125469 : Checking page rotation 2 0.05
1606949419097796103 : Checking image 1 crop x1 265
1606949419097935813 : Checking image 1 crop y1 152
1606949419097984016 : Checking image 1 crop x2 2375
1606949419098025219 : Checking image 1 crop y2 3356
1606949421284781138 : Checking image 2 crop x1 135
1606949421284924748 : Checking image 2 crop y1 141
1606949421284972052 : Checking image 2 crop x2 2261
1606949421285015555 : Checking image 2 crop y2 3345
1606949421327754663 : Checking image 1 dpi 300
1606949421327875271 : Checking image 1 border top 116
1606949421327913974 : Checking image 1 border bottom 167
1606949421327949476 : Checking image 1 border left 175
1606949421327984379 : Checking image 1 border right 175
1606949421330534158 : Checking image 2 dpi 300
1606949421330622464 : Checking image 2 border top 143
1606949421330655667 : Checking image 2 border bottom 140
1606949421330687369 : Checking image 2 border left 167
1606949421330718971 : Checking image 2 border right 167

</system-out><system-err>--------------------------------- Captured Err ---------------------------------

</system-err></testcase><testcase classname="tests.test_images" name="test_wrong_split_line_2_png" time="98.094"><system-out>--------------------------------- Captured Log ---------------------------------

--------------------------------- Captured Out ---------------------------------
/home/runner/work/ocr-book/ocr-book/tests/wrong_split_line_2.png
1606949439491122026 : Checking separation double page angle 90.3838786217729
1606949439491217733 : Checking separation double page y=0 2442
1606949451369720146 : Checking page rotation 1 0.05
1606949462491362022 : Checking page rotation 2 0.4
1606949470462450687 : Checking image 1 crop x1 294
1606949470462584696 : Checking image 1 crop y1 137
1606949470462630198 : Checking image 1 crop x2 2326
1606949470462671501 : Checking image 1 crop y2 3375
1606949481560163775 : Checking image 2 crop x1 146
1606949481560289382 : Checking image 2 crop y1 192
1606949481560330285 : Checking image 2 crop x2 2173
1606949481560369788 : Checking image 2 crop y2 3386
1606949481610319947 : Checking image 1 dpi 300
1606949481610443554 : Checking image 1 border top 125
1606949481610482057 : Checking image 1 border bottom 124
1606949481610517359 : Checking image 1 border left 214
1606949481610551661 : Checking image 1 border right 214
1606949481612634793 : Checking image 2 dpi 300
1606949481612723599 : Checking image 2 border top 184
1606949481612759601 : Checking image 2 border bottom 109
1606949481612793403 : Checking image 2 border left 216
1606949481612829205 : Checking image 2 border right 216

</system-out><system-err>--------------------------------- Captured Err ---------------------------------

</system-err></testcase><testcase classname="tests.test_images" name="test_small_wave_png" time="67.745"><system-out>--------------------------------- Captured Log ---------------------------------

--------------------------------- Captured Out ---------------------------------
/home/runner/work/ocr-book/ocr-book/tests/small_wave.png
1606949464289805021 : Checking separation double page angle 90.61316928841566
1606949464289900328 : Checking separation double page y=0 2495
1606949474560440311 : Checking page rotation 1 0.7000000000000001
1606949483951290126 : Checking page rotation 2 0.7000000000000001
1606949486388598937 : Checking image 1 crop x1 322
1606949486388739446 : Checking image 1 crop y1 199
1606949486388786549 : Checking image 1 crop x2 2351
1606949486388828152 : Checking image 1 crop y2 3394
1606949489004998641 : Checking image 2 crop x1 135
1606949489005125949 : Checking image 2 crop y1 223
1606949489005169952 : Checking image 2 crop x2 2164
1606949489005209854 : Checking image 2 crop y2 3419
1606949489048092735 : Checking image 1 dpi 300
1606949489048220743 : Checking image 1 border top 177
1606949489048259446 : Checking image 1 border bottom 115
1606949489048293948 : Checking image 1 border left 215
1606949489048328250 : Checking image 1 border right 215
1606949489050966215 : Checking image 2 dpi 300
1606949489051067321 : Checking image 2 border top 191
1606949489051102924 : Checking image 2 border bottom 100
1606949489051137326 : Checking image 2 border left 215
1606949489051171528 : Checking image 2 border right 215

</system-out><system-err>--------------------------------- Captured Err ---------------------------------

</system-err></testcase><testcase classname="tests.test_images" name="test_wrong_split_line_3_png" time="59.768"><system-out>--------------------------------- Captured Log ---------------------------------

--------------------------------- Captured Out ---------------------------------
/home/runner/work/ocr-book/ocr-book/tests/wrong_split_line_3.png
1606949521115950924 : Checking separation double page angle 90.43729500214693
1606949521116046929 : Checking separation double page y=0 2498
1606949529831154522 : Checking page rotation 1 0.30000000000000004
1606949536455486467 : Checking page rotation 2 0.9
1606949538754041920 : Checking image 1 crop x1 331
1606949538754162027 : Checking image 1 crop y1 165
1606949538754203330 : Checking image 1 crop x2 2375
1606949538754241132 : Checking image 1 crop y2 3376
1606949541360515962 : Checking image 2 crop x1 102
1606949541360693873 : Checking image 2 crop y1 208
1606949541360736775 : Checking image 2 crop x2 2133
1606949541360775377 : Checking image 2 crop y2 3413
1606949541399228838 : Checking image 1 dpi 300
1606949541399380847 : Checking image 1 border top 150
1606949541399433650 : Checking image 1 border bottom 126
1606949541399479353 : Checking image 1 border left 208
1606949541399511454 : Checking image 1 border right 208
1606949541401629679 : Checking image 2 dpi 300
1606949541401715384 : Checking image 2 border top 190
1606949541401750886 : Checking image 2 border bottom 92
1606949541401785088 : Checking image 2 border left 214
1606949541401818890 : Checking image 2 border right 214

</system-out><system-err>--------------------------------- Captured Err ---------------------------------

</system-err></testcase><testcase classname="tests.test_images" name="test_wrong_wave_split_line_png" time="84.798"><system-out>--------------------------------- Captured Log ---------------------------------

--------------------------------- Captured Out ---------------------------------
/home/runner/work/ocr-book/ocr-book/tests/wrong_wave_split_line.png
1606949536543167448 : Checking separation double page angle 90.5287860410772
1606949536543263453 : Checking separation double page y=0 2502
1606949546286242467 : Checking page rotation 1 -0.14999999999999147
1606949556677153616 : Checking page rotation 2 0.8500000000000001
1606949567078742505 : Checking image 1 crop x1 385
1606949567078883913 : Checking image 1 crop y1 179
1606949567078946117 : Checking image 1 crop x2 2411
1606949567078986819 : Checking image 1 crop y2 3374
1606949573810497697 : Checking image 2 crop x1 124
1606949573810627105 : Checking image 2 crop y1 58
1606949573810674407 : Checking image 2 crop x2 2410
1606949573810716910 : Checking image 2 crop y2 3392
1606949573861780327 : Checking image 1 dpi 300
1606949573861914335 : Checking image 1 border top 167
1606949573861950037 : Checking image 1 border bottom 124
1606949573861982839 : Checking image 1 border left 217
1606949573862015241 : Checking image 1 border right 217
1606949573864351474 : Checking image 2 dpi 300
1606949573864428479 : Checking image 2 border top 0
1606949573864466481 : Checking image 2 border bottom 163
1606949573864499983 : Checking image 2 border left 92
1606949573864533885 : Checking image 2 border right 92

</system-out><system-err>--------------------------------- Captured Err ---------------------------------

</system-err></testcase><testcase classname="tests.test_images" name="test_no_split_line_line_algo_png" time="52.097"><system-out>--------------------------------- Captured Log ---------------------------------

--------------------------------- Captured Out ---------------------------------
/home/runner/work/ocr-book/ocr-book/tests/no_split_line_line_algo.png
1606949573980280498 : Checking separation double page angle 89.47691469185418
1606949573980367203 : Checking separation double page y=0 2476
1606949579139719599 : Checking page rotation 1 -0.14999999999999147
1606949587657536435 : Checking page rotation 2 -0.44999999999998863
1606949589545966321 : Checking image 1 crop x1 205
1606949589546100128 : Checking image 1 crop y1 158
1606949589546145231 : Checking image 1 crop x2 2320
1606949589546186233 : Checking image 1 crop y2 3366
1606949593457371844 : Checking image 2 crop x1 185
1606949593457504752 : Checking image 2 crop y1 221
1606949593457550154 : Checking image 2 crop x2 2201
1606949593457591357 : Checking image 2 crop y2 3366
1606949593502104463 : Checking image 1 dpi 300
1606949593502225670 : Checking image 1 border top 137
1606949593502264372 : Checking image 1 border bottom 142
1606949593502299674 : Checking image 1 border left 172
1606949593502334176 : Checking image 1 border right 172
1606949593504364290 : Checking image 2 dpi 300
1606949593504443495 : Checking image 2 border top 225
1606949593504479597 : Checking image 2 border bottom 117
1606949593504513698 : Checking image 2 border left 222
1606949593504547800 : Checking image 2 border right 222

</system-out><system-err>--------------------------------- Captured Err ---------------------------------

</system-err></testcase><testcase classname="tests.test_images" name="test_failed_split_line_line_algo_png" time="24.133"><system-out>--------------------------------- Captured Log ---------------------------------

--------------------------------- Captured Out ---------------------------------
/home/runner/work/ocr-book/ocr-book/tests/failed_split_line_line_algo.png
1606949590264236663 : Checking separation double page angle 90.01634220573249
1606949590264325468 : Checking separation double page y=0 2575
1606949593679265837 : Checking page rotation 1 -0.14999999999999147
1606949595887894580 : Checking page rotation 2 0.05
1606949597279162444 : Checking image 1 crop x1 407
1606949597279285351 : Checking image 1 crop y1 2925
1606949597279326853 : Checking image 1 crop x2 2419
1606949597279362455 : Checking image 1 crop y2 3174
1606949598036957992 : Checking image 2 crop x1 1180
1606949598037030496 : Checking image 2 crop y1 1724
1606949598037063098 : Checking image 2 crop x2 1181
1606949598037093600 : Checking image 2 crop y2 1725
1606949598037484622 : Checking image 1 dpi 300
1606949598037568327 : Checking image 1 border top 2930
1606949598037601729 : Checking image 1 border bottom 308
1606949598037633530 : Checking image 1 border left 224
1606949598037665232 : Checking image 1 border right 224
1606949598038849199 : Checking image 2 dpi 300
1606949598038917502 : Checking image 2 border top 1753
1606949598038950004 : Checking image 2 border bottom 1753
1606949598038981406 : Checking image 2 border left 1239
1606949598039012808 : Checking image 2 border right 1239

</system-out><system-err>--------------------------------- Captured Err ---------------------------------

</system-err></testcase><testcase classname="tests.test_images" name="test_failed_split_line_line_algo_2_png" time="71.377"><system-out>--------------------------------- Captured Log ---------------------------------

--------------------------------- Captured Out ---------------------------------
/home/runner/work/ocr-book/ocr-book/tests/failed_split_line_line_algo_2.png
1606949639022064993 : Checking separation double page angle 89.9913422057325
1606949639022164399 : Checking separation double page y=0 2498
1606949650217739794 : Checking page rotation 1 0.0
1606949659524819662 : Checking page rotation 2 0.6000000000000001
1606949662428402153 : Checking image 1 crop x1 272
1606949662428539460 : Checking image 1 crop y1 149
1606949662428610464 : Checking image 1 crop x2 2383
1606949662428651766 : Checking image 1 crop y2 3353
1606949664832167573 : Checking image 2 crop x1 121
1606949664832297980 : Checking image 2 crop y1 155
1606949664832343182 : Checking image 2 crop x2 2244
1606949664832383984 : Checking image 2 crop y2 3350
1606949664876754189 : Checking image 1 dpi 300
1606949664876878596 : Checking image 1 border top 137
1606949664876926598 : Checking image 1 border bottom 146
1606949664876958700 : Checking image 1 border left 174
1606949664876990402 : Checking image 1 border right 174
1606949664879058914 : Checking image 2 dpi 300
1606949664879137818 : Checking image 2 border top 138
1606949664879173520 : Checking image 2 border bottom 154
1606949664879207722 : Checking image 2 border left 168
1606949664879241224 : Checking image 2 border right 168

</system-out><system-err>--------------------------------- Captured Err ---------------------------------

</system-err></testcase><testcase classname="tests.test_images" name="test_crop_too_much_3_png" time="69.302"><system-out>--------------------------------- Captured Log ---------------------------------

--------------------------------- Captured Out ---------------------------------
/home/runner/work/ocr-book/ocr-book/tests/crop_too_much_3.png
1606949638724189260 : Checking separation double page angle 89.55580634783144
1606949638724277565 : Checking separation double page y=0 2499
1606949647361652049 : Checking page rotation 1 -0.9499999999999886
1606949659072263185 : Checking page rotation 2 -0.14999999999999147
1606949663173634670 : Checking image 1 crop x1 373
1606949663173770377 : Checking image 1 crop y1 258
1606949663173817080 : Checking image 1 crop x2 2386
1606949663173859282 : Checking image 1 crop y2 3458
1606949667253708726 : Checking image 2 crop x1 167
1606949667253837533 : Checking image 2 crop y1 228
1606949667253884835 : Checking image 2 crop x2 2180
1606949667253927038 : Checking image 2 crop y2 3417
1606949667305323320 : Checking image 1 dpi 300
1606949667305446226 : Checking image 1 border top 237
1606949667305484928 : Checking image 1 border bottom 50
1606949667305520330 : Checking image 1 border left 223
1606949667305555232 : Checking image 1 border right 223
1606949667307548040 : Checking image 2 dpi 300
1606949667307628845 : Checking image 2 border top 192
1606949667307664146 : Checking image 2 border bottom 106
1606949667307698648 : Checking image 2 border left 223
1606949667307732750 : Checking image 2 border right 223

</system-out><system-err>--------------------------------- Captured Err ---------------------------------

</system-err></testcase><testcase classname="tests.test_images" name="test_wrong_wave_split_line_2_png" time="70.952"><system-out>--------------------------------- Captured Log ---------------------------------

--------------------------------- Captured Out ---------------------------------
/home/runner/work/ocr-book/ocr-book/tests/wrong_wave_split_line_2.png
1606949711104469818 : Checking separation double page angle 90.7708958311329
1606949711104594724 : Checking separation double page y=0 2490
1606949719955644260 : Checking page rotation 1 0.4
1606949729868843687 : Checking page rotation 2 1.8
1606949732551075397 : Checking image 1 crop x1 224
1606949732551207915 : Checking image 1 crop y1 147
1606949732551253621 : Checking image 1 crop x2 2337
1606949732551294526 : Checking image 1 crop y2 3355
1606949735773937028 : Checking image 2 crop x1 107
1606949735774073045 : Checking image 2 crop y1 197
1606949735774118751 : Checking image 2 crop x2 2229
1606949735774160157 : Checking image 2 crop y2 3396
1606949735824748442 : Checking image 1 dpi 300
1606949735824871858 : Checking image 1 border top 126
1606949735824907263 : Checking image 1 border bottom 153
1606949735824939467 : Checking image 1 border left 173
1606949735824970971 : Checking image 1 border right 173
1606949735828025869 : Checking image 2 dpi 300
1606949735828116380 : Checking image 2 border top 170
1606949735828152185 : Checking image 2 border bottom 118
1606949735828186690 : Checking image 2 border left 169
1606949735828220394 : Checking image 2 border right 169

</system-out><system-err>--------------------------------- Captured Err ---------------------------------

</system-err></testcase><testcase classname="tests.test_images" name="test_wrong_wave_split_line_3_png" time="61.362"><system-out>--------------------------------- Captured Log ---------------------------------

--------------------------------- Captured Out ---------------------------------
/home/runner/work/ocr-book/ocr-book/tests/wrong_wave_split_line_3.png
1606949707173015334 : Checking separation double page angle 90.0586735161512
1606949707173111139 : Checking separation double page y=0 2510
1606949715886815085 : Checking page rotation 1 0.1
1606949723134108850 : Checking page rotation 2 0.35000000000000003
1606949726132714076 : Checking image 1 crop x1 272
1606949726132835192 : Checking image 1 crop y1 219
1606949726132877598 : Checking image 1 crop x2 2383
1606949726132914903 : Checking image 1 crop y2 3423
1606949728637803196 : Checking image 2 crop x1 119
1606949728637921011 : Checking image 2 crop y1 226
1606949728637963117 : Checking image 2 crop x2 2240
1606949728638002722 : Checking image 2 crop y2 3413
1606949728678783810 : Checking image 1 dpi 300
1606949728678899625 : Checking image 1 border top 190
1606949728678937230 : Checking image 1 border bottom 93
1606949728678972234 : Checking image 1 border left 174
1606949728679006439 : Checking image 1 border right 174
1606949728680917591 : Checking image 2 dpi 300
1606949728681004103 : Checking image 2 border top 190
1606949728681039708 : Checking image 2 border bottom 110
1606949728681073612 : Checking image 2 border left 169
1606949728681107016 : Checking image 2 border right 169

</system-out><system-err>--------------------------------- Captured Err ---------------------------------

</system-err></testcase><testcase classname="tests.test_images" name="test_no_split_line_wave_algo_2_png" time="52.353"><system-out>--------------------------------- Captured Log ---------------------------------

--------------------------------- Captured Out ---------------------------------
/home/runner/work/ocr-book/ocr-book/tests/no_split_line_wave_algo_2.png
1606949761792597244 : Checking separation double page angle 91.21822795596304
1606949761792695056 : Checking separation double page y=0 2488
1606949768980431578 : Checking page rotation 1 1.1
1606949776091720944 : Checking page rotation 2 0.2
1606949778622646747 : Checking image 1 crop x1 266
1606949778622776062 : Checking image 1 crop y1 210
1606949778622821968 : Checking image 1 crop x2 2342
1606949778622862772 : Checking image 1 crop y2 3413
1606949780997122133 : Checking image 2 crop x1 199
1606949780997251648 : Checking image 2 crop y1 241
1606949780997296653 : Checking image 2 crop x2 2282
1606949780997339459 : Checking image 2 crop y2 3433
1606949781038062994 : Checking image 1 dpi 300
1606949781038175407 : Checking image 1 border top 180
1606949781038213812 : Checking image 1 border bottom 103
1606949781038248816 : Checking image 1 border left 192
1606949781038285420 : Checking image 1 border right 192
1606949781040306960 : Checking image 2 dpi 300
1606949781040387570 : Checking image 2 border top 209
1606949781040423574 : Checking image 2 border bottom 86
1606949781040457878 : Checking image 2 border left 188
1606949781040491982 : Checking image 2 border right 188

</system-out><system-err>--------------------------------- Captured Err ---------------------------------

</system-err></testcase><testcase classname="tests.test_images" name="test_no_split_line_wave_algo_png" time="65.871"><system-out>--------------------------------- Captured Log ---------------------------------

--------------------------------- Captured Out ---------------------------------
/home/runner/work/ocr-book/ocr-book/tests/no_split_line_wave_algo.png
1606949772538246743 : Checking separation double page angle 89.93575909193099
1606949772538353456 : Checking separation double page y=0 2482
1606949778432953401 : Checking page rotation 1 0.0
1606949785933756591 : Checking page rotation 2 -0.5499999999999972
1606949794692280324 : Checking image 1 crop x1 97
1606949794692368734 : Checking image 1 crop y1 77
1606949794692406938 : Checking image 1 crop x2 2483
1606949794692443143 : Checking image 1 crop y2 3505
1606949801623216354 : Checking image 2 crop x1 164
1606949801623300163 : Checking image 2 crop y1 266
1606949801623340068 : Checking image 2 crop x2 2241
1606949801623377372 : Checking image 2 crop y2 3382
1606949801666399690 : Checking image 1 dpi 300
1606949801666502702 : Checking image 1 border top 40
1606949801666540906 : Checking image 1 border bottom 40
1606949801666575510 : Checking image 1 border left 47
1606949801666609914 : Checking image 1 border right 47
1606949801668656448 : Checking image 2 dpi 300
1606949801668743658 : Checking image 2 border top 255
1606949801668779362 : Checking image 2 border bottom 116
1606949801668813266 : Checking image 2 border left 191
1606949801668846870 : Checking image 2 border right 191

</system-out><system-err>--------------------------------- Captured Err ---------------------------------

</system-err></testcase></testsuite></testsuites>