<?xml version="1.0" encoding="utf-8"?><testsuites><testsuite errors="0" failures="0" hostname="fv-az18-192" name="pytest" skipped="0" tests="32" time="880.772" timestamp="2020-12-06T21:43:34.145667"><testcase classname="tests.test_features" name="test_mock_stop_at_0" time="0.041"><system-out>--------------------------------- Captured Log ---------------------------------

--------------------------------- Captured Out ---------------------------------
/home/runner/work/ocr-book/ocr-book/tests/0001_0.png

</system-out><system-err>--------------------------------- Captured Err ---------------------------------

</system-err></testcase><testcase classname="tests.test_features" name="test_disabled_enable_debug" time="40.224"><system-out>--------------------------------- Captured Log ---------------------------------

--------------------------------- Captured Out ---------------------------------
/home/runner/work/ocr-book/ocr-book/tests/0001_debug.png
separation double page angle 90.57780420099763
separation double page y=0 2487
page rotation 1 0.75
page rotation 2 0.2
image 1 crop x1 330
image 1 crop y1 336
image 1 crop x2 2343
image 1 crop y2 3223
image 2 crop x1 169
image 2 crop y1 648
image 2 crop x2 2186
image 2 crop y2 3361
image 1 dpi 300
image 1 border top 318
image 1 border bottom 282
image 1 border left 223
image 1 border right 223
image 2 dpi 300
image 2 border top 643
image 2 border bottom 131
image 2 border left 221
image 2 border right 221

</system-out><system-err>--------------------------------- Captured Err ---------------------------------

</system-err></testcase><testcase classname="tests.test_features" name="test_mock_stop_at_2" time="43.354"><system-out>--------------------------------- Captured Log ---------------------------------

--------------------------------- Captured Out ---------------------------------
/home/runner/work/ocr-book/ocr-book/tests/0001_2.png
separation double page angle 90.57780420099763
separation double page y=0 2487
page rotation 1 0.75
page rotation 2 0.2

</system-out><system-err>--------------------------------- Captured Err ---------------------------------

</system-err></testcase><testcase classname="tests.test_features" name="test_mock_stop_at_1" time="30.400"><system-out>--------------------------------- Captured Log ---------------------------------

--------------------------------- Captured Out ---------------------------------
/home/runner/work/ocr-book/ocr-book/tests/0001_1.png
separation double page angle 90.57780420099763
separation double page y=0 2487

</system-out><system-err>--------------------------------- Captured Err ---------------------------------

</system-err></testcase><testcase classname="tests.test_features" name="test_mock_stop_at_4" time="52.121"><system-out>--------------------------------- Captured Log ---------------------------------

--------------------------------- Captured Out ---------------------------------
/home/runner/work/ocr-book/ocr-book/tests/0001_4.png
separation double page angle 90.57780420099763
separation double page y=0 2487
page rotation 1 0.75
page rotation 2 0.2
image 1 crop x1 330
image 1 crop y1 336
image 1 crop x2 2343
image 1 crop y2 3223
image 2 crop x1 169
image 2 crop y1 648
image 2 crop x2 2186
image 2 crop y2 3361
image 1 dpi 300
image 1 border top 318
image 1 border bottom 282
image 1 border left 223
image 1 border right 223
image 2 dpi 300
image 2 border top 643
image 2 border bottom 131
image 2 border left 221
image 2 border right 221

</system-out><system-err>--------------------------------- Captured Err ---------------------------------

</system-err></testcase><testcase classname="tests.test_features" name="test_mock_stop_at_3" time="51.691"><system-out>--------------------------------- Captured Log ---------------------------------

--------------------------------- Captured Out ---------------------------------
/home/runner/work/ocr-book/ocr-book/tests/0001_3.png
separation double page angle 90.57780420099763
separation double page y=0 2487
page rotation 1 0.75
page rotation 2 0.2
image 1 crop x1 330
image 1 crop y1 336
image 1 crop x2 2343
image 1 crop y2 3223
image 2 crop x1 169
image 2 crop y1 648
image 2 crop x2 2186
image 2 crop y2 3361

</system-out><system-err>--------------------------------- Captured Err ---------------------------------

</system-err></testcase><testcase classname="tests.test_images" name="test_0001_png" time="51.981"><system-out>--------------------------------- Captured Log ---------------------------------

--------------------------------- Captured Out ---------------------------------
/home/runner/work/ocr-book/ocr-book/tests/0001.png
1607291140571732241 : Checking separation double page angle 90.57780420099763
1607291140571825841 : Checking separation double page y=0 2487
1607291147240915123 : Checking page rotation 1 0.75
1607291155656017652 : Checking page rotation 2 0.2
1607291159236524742 : Checking image 1 crop x1 330
1607291159236642543 : Checking image 1 crop y1 336
1607291159236700043 : Checking image 1 crop x2 2343
1607291159236776143 : Checking image 1 crop y2 3223
1607291162595452041 : Checking image 2 crop x1 169
1607291162595553841 : Checking image 2 crop y1 648
1607291162595588741 : Checking image 2 crop x2 2186
1607291162595617442 : Checking image 2 crop y2 3361
1607291162623094399 : Checking image 1 dpi 300
1607291162623168199 : Checking image 1 border top 318
1607291162623200899 : Checking image 1 border bottom 282
1607291162623227899 : Checking image 1 border left 223
1607291162623254799 : Checking image 1 border right 223
1607291162625597704 : Checking image 2 dpi 300
1607291162625650004 : Checking image 2 border top 643
1607291162625679304 : Checking image 2 border bottom 131
1607291162625724204 : Checking image 2 border left 221
1607291162625750304 : Checking image 2 border right 221

</system-out><system-err>--------------------------------- Captured Err ---------------------------------

</system-err></testcase><testcase classname="tests.test_features" name="test_mock_stop_at_5" time="48.767"><system-out>--------------------------------- Captured Log ---------------------------------

--------------------------------- Captured Out ---------------------------------
/home/runner/work/ocr-book/ocr-book/tests/0001_5.png
separation double page angle 90.57780420099763
separation double page y=0 2487
page rotation 1 0.75
page rotation 2 0.2
image 1 crop x1 330
image 1 crop y1 336
image 1 crop x2 2343
image 1 crop y2 3223
image 2 crop x1 169
image 2 crop y1 648
image 2 crop x2 2186
image 2 crop y2 3361
image 1 dpi 300
image 1 border top 318
image 1 border bottom 282
image 1 border left 223
image 1 border right 223
image 2 dpi 300
image 2 border top 643
image 2 border bottom 131
image 2 border left 221
image 2 border right 221

</system-out><system-err>--------------------------------- Captured Err ---------------------------------

</system-err></testcase><testcase classname="tests.test_images" name="test_2_pages_2_contours_png" time="32.010"><system-out>--------------------------------- Captured Log ---------------------------------

--------------------------------- Captured Out ---------------------------------
/home/runner/work/ocr-book/ocr-book/tests/2-pages-2-contours.png
1607291182345097084 : Checking separation double page angle 89.91958537671144
1607291182345288185 : Checking separation double page y=0 2492
1607291184369816105 : Checking page rotation 1 0.05
1607291189504734720 : Checking page rotation 2 0.35000000000000003
1607291191020135484 : Checking image 1 crop x1 1189
1607291191020236984 : Checking image 1 crop y1 1748
1607291191020270684 : Checking image 1 crop x2 1190
1607291191020299184 : Checking image 1 crop y2 1749
1607291194616023237 : Checking image 2 crop x1 89
1607291194616133938 : Checking image 2 crop y1 240
1607291194616167538 : Checking image 2 crop x2 2136
1607291194616197538 : Checking image 2 crop y2 3239
1607291194644629495 : Checking image 1 dpi 300
1607291194644788795 : Checking image 1 border top 1753
1607291194644827495 : Checking image 1 border bottom 1753
1607291194644859995 : Checking image 1 border left 1239
1607291194644891795 : Checking image 1 border right 1239
1607291194646408598 : Checking image 2 dpi 300
1607291194646460099 : Checking image 2 border top 227
1607291194646488299 : Checking image 2 border bottom 261
1607291194646516799 : Checking image 2 border left 206
1607291194646543099 : Checking image 2 border right 206

</system-out><system-err>--------------------------------- Captured Err ---------------------------------

</system-err></testcase><testcase classname="tests.test_images" name="test_angle_page_lower_split_line_png" time="54.382"><system-out>--------------------------------- Captured Log ---------------------------------

--------------------------------- Captured Out ---------------------------------
/home/runner/work/ocr-book/ocr-book/tests/angle_page_lower_split_line.png
1607291221293488863 : Checking separation double page angle 89.75201324945476
1607291221293581263 : Checking separation double page y=0 2473
1607291227818269989 : Checking page rotation 1 -0.44999999999998863
1607291234722543296 : Checking page rotation 2 0.2
1607291237682066966 : Checking image 1 crop x1 245
1607291237682303067 : Checking image 1 crop y1 161
1607291237682343767 : Checking image 1 crop x2 2351
1607291237682379167 : Checking image 1 crop y2 3364
1607291240557157161 : Checking image 2 crop x1 151
1607291240557271462 : Checking image 2 crop y1 147
1607291240557304262 : Checking image 2 crop x2 2258
1607291240557335262 : Checking image 2 crop y2 3350
1607291240589457424 : Checking image 1 dpi 300
1607291240589574524 : Checking image 1 border top 141
1607291240589611024 : Checking image 1 border bottom 143
1607291240589641224 : Checking image 1 border left 177
1607291240589670325 : Checking image 1 border right 177
1607291240592240530 : Checking image 2 dpi 300
1607291240592290730 : Checking image 2 border top 129
1607291240592320930 : Checking image 2 border bottom 155
1607291240592382230 : Checking image 2 border left 176
1607291240592432130 : Checking image 2 border right 176

</system-out><system-err>--------------------------------- Captured Err ---------------------------------

</system-err></testcase><testcase classname="tests.test_images" name="test_black_border_not_removed_png" time="57.285"><system-out>--------------------------------- Captured Log ---------------------------------

--------------------------------- Captured Out ---------------------------------
/home/runner/work/ocr-book/ocr-book/tests/black-border-not-removed.png
1607291227951424950 : Checking separation double page angle 90.02895758682553
1607291227951508150 : Checking separation double page y=0 2456
1607291234854381053 : Checking page rotation 1 0.0
1607291242924741461 : Checking page rotation 2 0.0
1607291246528614749 : Checking image 1 crop x1 297
1607291246528775349 : Checking image 1 crop y1 143
1607291246528854149 : Checking image 1 crop x2 2309
1607291246528887649 : Checking image 1 crop y2 3346
1607291251883880704 : Checking image 2 crop x1 157
1607291251883996604 : Checking image 2 crop y1 145
1607291251884033405 : Checking image 2 crop x2 2169
1607291251884066405 : Checking image 2 crop y2 3352
1607291251916291167 : Checking image 1 dpi 300
1607291251916421267 : Checking image 1 border top 127
1607291251916461267 : Checking image 1 border bottom 157
1607291251916491667 : Checking image 1 border left 224
1607291251916521267 : Checking image 1 border right 224
1607291251919514373 : Checking image 2 dpi 300
1607291251919582973 : Checking image 2 border top 133
1607291251919611173 : Checking image 2 border bottom 147
1607291251919656473 : Checking image 2 border left 224
1607291251919702273 : Checking image 2 border right 224

</system-out><system-err>--------------------------------- Captured Err ---------------------------------

</system-err></testcase><testcase classname="tests.test_images" name="test_wrong_split_line_png" time="39.604"><system-out>--------------------------------- Captured Log ---------------------------------

--------------------------------- Captured Out ---------------------------------
/home/runner/work/ocr-book/ocr-book/tests/wrong_split_line.png
1607291266174930580 : Checking separation double page angle 89.85895720607971
1607291266175039980 : Checking separation double page y=0 2463
1607291270453810564 : Checking page rotation 1 -0.14999999999999147
1607291275521385634 : Checking page rotation 2 0.65
1607291277735368751 : Checking image 1 crop x1 213
1607291277735474251 : Checking image 1 crop y1 157
1607291277735506351 : Checking image 1 crop x2 2323
1607291277735536551 : Checking image 1 crop y2 3362
1607291280180962403 : Checking image 2 crop x1 126
1607291280181077403 : Checking image 2 crop y1 167
1607291280181111904 : Checking image 2 crop x2 2237
1607291280181144004 : Checking image 2 crop y2 3372
1607291280210655760 : Checking image 1 dpi 300
1607291280210767060 : Checking image 1 border top 135
1607291280210799560 : Checking image 1 border bottom 147
1607291280210826560 : Checking image 1 border left 175
1607291280210853160 : Checking image 1 border right 175
1607291280213233865 : Checking image 2 dpi 300
1607291280213284665 : Checking image 2 border top 139
1607291280213312765 : Checking image 2 border bottom 143
1607291280213338765 : Checking image 2 border left 174
1607291280213364565 : Checking image 2 border right 174

</system-out><system-err>--------------------------------- Captured Err ---------------------------------

</system-err></testcase><testcase classname="tests.test_images" name="test_image_failed_to_rotate_png" time="55.793"><system-out>--------------------------------- Captured Log ---------------------------------

--------------------------------- Captured Out ---------------------------------
/home/runner/work/ocr-book/ocr-book/tests/image_failed_to_rotate.png
1607291279090140329 : Checking separation double page angle 90.19634423290287
1607291279090239829 : Checking separation double page y=0 2482
1607291283523922054 : Checking page rotation 1 0.35000000000000003
1607291291547369656 : Checking page rotation 2 0.45
1607291302065579103 : Checking image 1 crop x1 34
1607291302065712003 : Checking image 1 crop y1 1
1607291302065749903 : Checking image 1 crop x2 2480
1607291302065783103 : Checking image 1 crop y2 3500
1607291307597244305 : Checking image 2 crop x1 169
1607291307597375905 : Checking image 2 crop y1 234
1607291307597411606 : Checking image 2 crop x2 2248
1607291307597444506 : Checking image 2 crop y2 3355
1607291307632030371 : Checking image 1 dpi 300
1607291307632219971 : Checking image 1 border top 4
1607291307632270671 : Checking image 1 border bottom 4
1607291307632308171 : Checking image 1 border left 17
1607291307632374271 : Checking image 1 border right 17
1607291307635170776 : Checking image 2 dpi 300
1607291307635224277 : Checking image 2 border top 221
1607291307635252577 : Checking image 2 border bottom 145
1607291307635278977 : Checking image 2 border left 190
1607291307635304977 : Checking image 2 border right 190

</system-out><system-err>--------------------------------- Captured Err ---------------------------------

</system-err></testcase><testcase classname="tests.test_images" name="test_crop_too_much_png" time="73.343"><system-out>--------------------------------- Captured Log ---------------------------------

--------------------------------- Captured Out ---------------------------------
/home/runner/work/ocr-book/ocr-book/tests/crop_too_much.png
1607291326147858830 : Checking separation double page angle 90.13239409272953
1607291326147959330 : Checking separation double page y=0 2453
1607291334818662283 : Checking page rotation 1 0.0
1607291345131403935 : Checking page rotation 2 0.45
1607291349431923704 : Checking image 1 crop x1 303
1607291349432030805 : Checking image 1 crop y1 148
1607291349432064505 : Checking image 1 crop x2 2313
1607291349432094505 : Checking image 1 crop y2 3351
1607291353498401731 : Checking image 2 crop x1 170
1607291353498513631 : Checking image 2 crop y1 155
1607291353498547831 : Checking image 2 crop x2 2181
1607291353498579131 : Checking image 2 crop y2 3359
1607291353535731100 : Checking image 1 dpi 300
1607291353535806000 : Checking image 1 border top 131
1607291353535837200 : Checking image 1 border bottom 153
1607291353535864600 : Checking image 1 border left 225
1607291353535890900 : Checking image 1 border right 225
1607291353538166604 : Checking image 2 dpi 300
1607291353538216604 : Checking image 2 border top 133
1607291353538264405 : Checking image 2 border bottom 150
1607291353538292105 : Checking image 2 border left 224
1607291353538319505 : Checking image 2 border right 224

</system-out><system-err>--------------------------------- Captured Err ---------------------------------

</system-err></testcase><testcase classname="tests.test_images" name="test_image_failed_to_crop_data_png" time="53.909"><system-out>--------------------------------- Captured Log ---------------------------------

--------------------------------- Captured Out ---------------------------------
/home/runner/work/ocr-book/ocr-book/tests/image_failed_to_crop_data.png
1607291335663560654 : Checking separation double page angle 89.91538216173362
1607291335663666954 : Checking separation double page y=0 2477
1607291341229324296 : Checking page rotation 1 0.2
1607291346656536963 : Checking page rotation 2 0.0
1607291356810369954 : Checking image 1 crop x1 58
1607291356810480755 : Checking image 1 crop y1 8
1607291356810516555 : Checking image 1 crop x2 2480
1607291356810548155 : Checking image 1 crop y2 3504
1607291361544099497 : Checking image 2 crop x1 159
1607291361544209397 : Checking image 2 crop y1 217
1607291361544243097 : Checking image 2 crop x2 2241
1607291361544274097 : Checking image 2 crop y2 3350
1607291361574592453 : Checking image 1 dpi 300
1607291361574706753 : Checking image 1 border top 6
1607291361574744653 : Checking image 1 border bottom 6
1607291361574775453 : Checking image 1 border left 29
1607291361574805154 : Checking image 1 border right 29
1607291361577474058 : Checking image 2 dpi 300
1607291361577568459 : Checking image 2 border top 206
1607291361577600859 : Checking image 2 border bottom 148
1607291361577630659 : Checking image 2 border left 189
1607291361577660459 : Checking image 2 border right 189

</system-out><system-err>--------------------------------- Captured Err ---------------------------------

</system-err></testcase><testcase classname="tests.test_images" name="test_crop_too_few_png" time="42.904"><system-out>--------------------------------- Captured Log ---------------------------------

--------------------------------- Captured Out ---------------------------------
/home/runner/work/ocr-book/ocr-book/tests/crop_too_few.png
1607291381238678757 : Checking separation double page angle 89.39669496435833
1607291381238762657 : Checking separation double page y=0 2510
1607291386241024140 : Checking page rotation 1 -0.75
1607291390893757273 : Checking page rotation 2 0.05
1607291393702907720 : Checking image 1 crop x1 265
1607291393703028120 : Checking image 1 crop y1 152
1607291393703064620 : Checking image 1 crop x2 2375
1607291393703096520 : Checking image 1 crop y2 3356
1607291396402570064 : Checking image 2 crop x1 135
1607291396402714264 : Checking image 2 crop y1 141
1607291396402754164 : Checking image 2 crop x2 2261
1607291396402791264 : Checking image 2 crop y2 3345
1607291396463728976 : Checking image 1 dpi 300
1607291396463837576 : Checking image 1 border top 134
1607291396463870976 : Checking image 1 border bottom 149
1607291396463898076 : Checking image 1 border left 175
1607291396463925076 : Checking image 1 border right 175
1607291396466264381 : Checking image 2 dpi 300
1607291396466314281 : Checking image 2 border top 129
1607291396466342181 : Checking image 2 border bottom 154
1607291396466368381 : Checking image 2 border left 167
1607291396466394181 : Checking image 2 border right 167

</system-out><system-err>--------------------------------- Captured Err ---------------------------------

</system-err></testcase><testcase classname="tests.test_images" name="test_wrong_angle_split_line_png" time="61.963"><system-out>--------------------------------- Captured Log ---------------------------------

--------------------------------- Captured Out ---------------------------------
/home/runner/work/ocr-book/ocr-book/tests/wrong_angle_split_line.png
1607291391752851747 : Checking separation double page angle 90.04193420006348
1607291391752941147 : Checking separation double page y=0 2477
1607291398361707350 : Checking page rotation 1 0.2
1607291406524604577 : Checking page rotation 2 0.2
1607291417733610100 : Checking image 1 crop x1 61
1607291417733758101 : Checking image 1 crop y1 7
1607291417733832801 : Checking image 1 crop x2 2475
1607291417733884201 : Checking image 1 crop y2 3500
1607291422781861107 : Checking image 2 crop x1 165
1607291422781997608 : Checking image 2 crop y1 219
1607291422782034408 : Checking image 2 crop x2 2241
1607291422782067408 : Checking image 2 crop y2 3348
1607291422930975678 : Checking image 1 dpi 300
1607291422931112878 : Checking image 1 border top 7
1607291422931151878 : Checking image 1 border bottom 7
1607291422931183579 : Checking image 1 border left 33
1607291422931214879 : Checking image 1 border right 33
1607291422939284415 : Checking image 2 dpi 300
1607291422939419316 : Checking image 2 border top 207
1607291422939473416 : Checking image 2 border bottom 151
1607291422939538516 : Checking image 2 border left 192
1607291422939577816 : Checking image 2 border right 192

</system-out><system-err>--------------------------------- Captured Err ---------------------------------

</system-err></testcase><testcase classname="tests.test_images" name="test_crop_too_much_2_png" time="76.962"><system-out>--------------------------------- Captured Log ---------------------------------

--------------------------------- Captured Out ---------------------------------
/home/runner/work/ocr-book/ocr-book/tests/crop_too_much_2.png
1607291441432580025 : Checking separation double page angle 90.2021118646249
1607291441432669825 : Checking separation double page y=0 2477
1607291453858743402 : Checking page rotation 1 0.2
1607291463753140241 : Checking page rotation 2 0.2
1607291467926516642 : Checking image 1 crop x1 332
1607291467926630142 : Checking image 1 crop y1 131
1607291467926663842 : Checking image 1 crop x2 2342
1607291467926694742 : Checking image 1 crop y2 3336
1607291473347674679 : Checking image 2 crop x1 168
1607291473347843679 : Checking image 2 crop y1 139
1607291473347879479 : Checking image 2 crop x2 2181
1607291473347913080 : Checking image 2 crop y2 3345
1607291473392636361 : Checking image 1 dpi 300
1607291473392760862 : Checking image 1 border top 118
1607291473392821062 : Checking image 1 border bottom 164
1607291473392851962 : Checking image 1 border left 225
1607291473392881662 : Checking image 1 border right 225
1607291473395390372 : Checking image 2 dpi 300
1607291473395441073 : Checking image 2 border top 127
1607291473395469973 : Checking image 2 border bottom 154
1607291473395496773 : Checking image 2 border left 223
1607291473395523373 : Checking image 2 border right 223

</system-out><system-err>--------------------------------- Captured Err ---------------------------------

</system-err></testcase><testcase classname="tests.test_images" name="test_small_wave_png" time="65.295"><system-out>--------------------------------- Captured Log ---------------------------------

--------------------------------- Captured Out ---------------------------------
/home/runner/work/ocr-book/ocr-book/tests/small_wave.png
1607291464915854948 : Checking separation double page angle 90.61316928841566
1607291464915940948 : Checking separation double page y=0 2495
1607291473939386582 : Checking page rotation 1 0.7000000000000001
1607291483051399742 : Checking page rotation 2 0.7000000000000001
1607291485773863874 : Checking image 1 crop x1 322
1607291485774013075 : Checking image 1 crop y1 199
1607291485774047375 : Checking image 1 crop x2 2351
1607291485774076775 : Checking image 1 crop y2 3394
1607291488833911085 : Checking image 2 crop x1 135
1607291488834040886 : Checking image 2 crop y1 223
1607291488834101886 : Checking image 2 crop x2 2164
1607291488834135286 : Checking image 2 crop y2 3419
1607291488870024328 : Checking image 1 dpi 300
1607291488870220729 : Checking image 1 border top 178
1607291488870262729 : Checking image 1 border bottom 114
1607291488870296129 : Checking image 1 border left 215
1607291488870327629 : Checking image 1 border right 215
1607291488873326941 : Checking image 2 dpi 300
1607291488873388041 : Checking image 2 border top 196
1607291488873421441 : Checking image 2 border bottom 95
1607291488873450241 : Checking image 2 border left 215
1607291488873494641 : Checking image 2 border right 215

</system-out><system-err>--------------------------------- Captured Err ---------------------------------

</system-err></testcase><testcase classname="tests.test_images" name="test_wrong_split_line_2_png" time="94.605"><system-out>--------------------------------- Captured Log ---------------------------------

--------------------------------- Captured Out ---------------------------------
/home/runner/work/ocr-book/ocr-book/tests/wrong_split_line_2.png
1607291529505830200 : Checking separation double page angle 90.3838786217729
1607291529505921101 : Checking separation double page y=0 2442
1607291540495600203 : Checking page rotation 1 0.05
1607291550622264729 : Checking page rotation 2 0.4
1607291557716196257 : Checking image 1 crop x1 294
1607291557716321357 : Checking image 1 crop y1 137
1607291557716391857 : Checking image 1 crop x2 2326
1607291557716426657 : Checking image 1 crop y2 3375
1607291567972601750 : Checking image 2 crop x1 146
1607291567972784951 : Checking image 2 crop y1 192
1607291567972819251 : Checking image 2 crop x2 2173
1607291567972851651 : Checking image 2 crop y2 3386
1607291568015177697 : Checking image 1 dpi 300
1607291568015257397 : Checking image 1 border top 124
1607291568015290798 : Checking image 1 border bottom 124
1607291568015354598 : Checking image 1 border left 214
1607291568015383398 : Checking image 1 border right 214
1607291568017593606 : Checking image 2 dpi 300
1607291568017645606 : Checking image 2 border top 185
1607291568017675906 : Checking image 2 border bottom 108
1607291568017703706 : Checking image 2 border left 216
1607291568017731406 : Checking image 2 border right 216

</system-out><system-err>--------------------------------- Captured Err ---------------------------------

</system-err></testcase><testcase classname="tests.test_images" name="test_wrong_split_line_3_png" time="59.459"><system-out>--------------------------------- Captured Log ---------------------------------

--------------------------------- Captured Out ---------------------------------
/home/runner/work/ocr-book/ocr-book/tests/wrong_split_line_3.png
1607291527379878076 : Checking separation double page angle 90.43729500214693
1607291527379962877 : Checking separation double page y=0 2498
1607291535911780007 : Checking page rotation 1 0.30000000000000004
1607291542567807865 : Checking page rotation 2 0.9
1607291545495202863 : Checking image 1 crop x1 331
1607291545495393763 : Checking image 1 crop y1 165
1607291545495458763 : Checking image 1 crop x2 2375
1607291545495510364 : Checking image 1 crop y2 3376
1607291548325256864 : Checking image 2 crop x1 102
1607291548325367465 : Checking image 2 crop y1 208
1607291548325401565 : Checking image 2 crop x2 2133
1607291548325433865 : Checking image 2 crop y2 3413
1607291548355843373 : Checking image 1 dpi 300
1607291548355941673 : Checking image 1 border top 148
1607291548355975574 : Checking image 1 border bottom 128
1607291548356003574 : Checking image 1 border left 208
1607291548356030674 : Checking image 1 border right 208
1607291548358647283 : Checking image 2 dpi 300
1607291548358716983 : Checking image 2 border top 191
1607291548358746583 : Checking image 2 border bottom 91
1607291548358773283 : Checking image 2 border left 214
1607291548358799884 : Checking image 2 border right 214

</system-out><system-err>--------------------------------- Captured Err ---------------------------------

</system-err></testcase><testcase classname="tests.test_images" name="test_no_split_line_line_algo_png" time="52.517"><system-out>--------------------------------- Captured Log ---------------------------------

--------------------------------- Captured Out ---------------------------------
/home/runner/work/ocr-book/ocr-book/tests/no_split_line_line_algo.png
1607291579443644507 : Checking separation double page angle 89.47691469185418
1607291579443731307 : Checking separation double page y=0 2476
1607291584708481899 : Checking page rotation 1 -0.14999999999999147
1607291594591761826 : Checking page rotation 2 -0.44999999999998863
1607291597073727146 : Checking image 1 crop x1 205
1607291597073846847 : Checking image 1 crop y1 158
1607291597073917447 : Checking image 1 crop x2 2320
1607291597073948647 : Checking image 1 crop y2 3366
1607291600836377151 : Checking image 2 crop x1 185
1607291600836543652 : Checking image 2 crop y1 221
1607291600836578152 : Checking image 2 crop x2 2201
1607291600836609752 : Checking image 2 crop y2 3366
1607291600876694384 : Checking image 1 dpi 300
1607291600876776584 : Checking image 1 border top 141
1607291600876812384 : Checking image 1 border bottom 138
1607291600876842984 : Checking image 1 border left 172
1607291600876872985 : Checking image 1 border right 172
1607291600879671094 : Checking image 2 dpi 300
1607291600879743194 : Checking image 2 border top 215
1607291600879775994 : Checking image 2 border bottom 127
1607291600879806894 : Checking image 2 border left 222
1607291600879837594 : Checking image 2 border right 222

</system-out><system-err>--------------------------------- Captured Err ---------------------------------

</system-err></testcase><testcase classname="tests.test_images" name="test_wrong_wave_split_line_png" time="84.945"><system-out>--------------------------------- Captured Log ---------------------------------

--------------------------------- Captured Out ---------------------------------
/home/runner/work/ocr-book/ocr-book/tests/wrong_wave_split_line.png
1607291613278655106 : Checking separation double page angle 90.5287860410772
1607291613278735406 : Checking separation double page y=0 2502
1607291621515451471 : Checking page rotation 1 -0.14999999999999147
1607291629074614701 : Checking page rotation 2 0.8500000000000001
1607291637993082545 : Checking image 1 crop x1 385
1607291637993209545 : Checking image 1 crop y1 179
1607291637993244845 : Checking image 1 crop x2 2411
1607291637993282945 : Checking image 1 crop y2 3374
1607291652914088747 : Checking image 2 crop x1 27
1607291652914196848 : Checking image 2 crop y1 1
1607291652914249448 : Checking image 2 crop x2 2489
1607291652914298748 : Checking image 2 crop y2 3505
1607291652959151385 : Checking image 1 dpi 300
1607291652959273186 : Checking image 1 border top 169
1607291652959307386 : Checking image 1 border bottom 123
1607291652959343286 : Checking image 1 border left 217
1607291652959371786 : Checking image 1 border right 217
1607291652961757993 : Checking image 2 dpi 300
1607291652961825694 : Checking image 2 border top 2
1607291652961862594 : Checking image 2 border bottom 2
1607291652961892194 : Checking image 2 border left 9
1607291652961923394 : Checking image 2 border right 9

</system-out><system-err>--------------------------------- Captured Err ---------------------------------

</system-err></testcase><testcase classname="tests.test_images" name="test_failed_split_line_line_algo_png" time="24.415"><system-out>--------------------------------- Captured Log ---------------------------------

--------------------------------- Captured Out ---------------------------------
/home/runner/work/ocr-book/ocr-book/tests/failed_split_line_line_algo.png
1607291615879164894 : Checking separation double page angle 90.01634220573249
1607291615879256194 : Checking separation double page y=0 2575
1607291619207744687 : Checking page rotation 1 -0.14999999999999147
1607291621279677918 : Checking page rotation 2 0.0
1607291623852973528 : Checking image 1 crop x1 407
1607291623853090129 : Checking image 1 crop y1 2925
1607291623853125729 : Checking image 1 crop x2 2419
1607291623853155429 : Checking image 1 crop y2 3174
1607291625322570804 : Checking image 2 crop x1 1184
1607291625322733105 : Checking image 2 crop y1 1744
1607291625322786505 : Checking image 2 crop x2 1185
1607291625322816905 : Checking image 2 crop y2 1745
1607291625323359207 : Checking image 1 dpi 300
1607291625323482807 : Checking image 1 border top 2917
1607291625323561407 : Checking image 1 border bottom 321
1607291625323617807 : Checking image 1 border left 224
1607291625323650807 : Checking image 1 border right 224
1607291625325747214 : Checking image 2 dpi 300
1607291625325810814 : Checking image 2 border top 1752
1607291625325844814 : Checking image 2 border bottom 1753
1607291625325890715 : Checking image 2 border left 1239
1607291625325920215 : Checking image 2 border right 1239

</system-out><system-err>--------------------------------- Captured Err ---------------------------------

</system-err></testcase><testcase classname="tests.test_images" name="test_crop_too_much_3_png" time="66.066"><system-out>--------------------------------- Captured Log ---------------------------------

--------------------------------- Captured Out ---------------------------------
/home/runner/work/ocr-book/ocr-book/tests/crop_too_much_3.png
1607291664976477474 : Checking separation double page angle 89.55580634783144
1607291664976565974 : Checking separation double page y=0 2499
1607291673492166381 : Checking page rotation 1 -0.9499999999999886
1607291683610973877 : Checking page rotation 2 -0.14999999999999147
1607291687480234293 : Checking image 1 crop x1 373
1607291687480360993 : Checking image 1 crop y1 258
1607291687480422194 : Checking image 1 crop x2 2386
1607291687480475694 : Checking image 1 crop y2 3458
1607291691328334097 : Checking image 2 crop x1 167
1607291691328454797 : Checking image 2 crop y1 228
1607291691328488597 : Checking image 2 crop x2 2180
1607291691328519297 : Checking image 2 crop y2 3417
1607291691369833618 : Checking image 1 dpi 300
1607291691369911519 : Checking image 1 border top 239
1607291691369946019 : Checking image 1 border bottom 48
1607291691369975719 : Checking image 1 border left 223
1607291691370004519 : Checking image 1 border right 223
1607291691372427926 : Checking image 2 dpi 300
1607291691372481126 : Checking image 2 border top 207
1607291691372510926 : Checking image 2 border bottom 91
1607291691372538726 : Checking image 2 border left 223
1607291691372566326 : Checking image 2 border right 223

</system-out><system-err>--------------------------------- Captured Err ---------------------------------

</system-err></testcase><testcase classname="tests.test_images" name="test_failed_split_line_line_algo_2_png" time="67.650"><system-out>--------------------------------- Captured Log ---------------------------------

--------------------------------- Captured Out ---------------------------------
/home/runner/work/ocr-book/ocr-book/tests/failed_split_line_line_algo_2.png
1607291694148452250 : Checking separation double page angle 89.9913422057325
1607291694148559051 : Checking separation double page y=0 2498
1607291705597956495 : Checking page rotation 1 0.0
1607291714665627534 : Checking page rotation 2 0.6000000000000001
1607291717633918403 : Checking image 1 crop x1 272
1607291717634103304 : Checking image 1 crop y1 149
1607291717634176204 : Checking image 1 crop x2 2383
1607291717634301905 : Checking image 1 crop y2 3353
1607291720593194021 : Checking image 2 crop x1 107
1607291720593312622 : Checking image 2 crop y1 155
1607291720593364622 : Checking image 2 crop x2 2230
1607291720593413722 : Checking image 2 crop y2 3350
1607291720629202824 : Checking image 1 dpi 300
1607291720629282324 : Checking image 1 border top 139
1607291720629314324 : Checking image 1 border bottom 144
1607291720629342124 : Checking image 1 border left 174
1607291720629369224 : Checking image 1 border right 174
1607291720631140529 : Checking image 2 dpi 300
1607291720631187229 : Checking image 2 border top 136
1607291720631215829 : Checking image 2 border bottom 156
1607291720631241829 : Checking image 2 border left 168
1607291720631267930 : Checking image 2 border right 168

</system-out><system-err>--------------------------------- Captured Err ---------------------------------

</system-err></testcase><testcase classname="tests.test_images" name="test_wrong_wave_split_line_2_png" time="66.201"><system-out>--------------------------------- Captured Log ---------------------------------

--------------------------------- Captured Out ---------------------------------
/home/runner/work/ocr-book/ocr-book/tests/wrong_wave_split_line_2.png
1607291734730956989 : Checking separation double page angle 90.7708958311329
1607291734731050289 : Checking separation double page y=0 2490
1607291743749417229 : Checking page rotation 1 0.4
1607291751740331622 : Checking page rotation 2 1.8
1607291754567778999 : Checking image 1 crop x1 224
1607291754567891199 : Checking image 1 crop y1 147
1607291754567928299 : Checking image 1 crop x2 2337
1607291754567961599 : Checking image 1 crop y2 3355
1607291757532189231 : Checking image 2 crop x1 107
1607291757532302131 : Checking image 2 crop y1 197
1607291757532338531 : Checking image 2 crop x2 2229
1607291757532415132 : Checking image 2 crop y2 3396
1607291757571846340 : Checking image 1 dpi 300
1607291757571919840 : Checking image 1 border top 133
1607291757571952740 : Checking image 1 border bottom 146
1607291757571980540 : Checking image 1 border left 173
1607291757572007540 : Checking image 1 border right 173
1607291757574552147 : Checking image 2 dpi 300
1607291757574604547 : Checking image 2 border top 167
1607291757574671347 : Checking image 2 border bottom 121
1607291757574701247 : Checking image 2 border left 169
1607291757574731048 : Checking image 2 border right 169

</system-out><system-err>--------------------------------- Captured Err ---------------------------------

</system-err></testcase><testcase classname="tests.test_images" name="test_wrong_wave_split_line_3_png" time="61.417"><system-out>--------------------------------- Captured Log ---------------------------------

--------------------------------- Captured Out ---------------------------------
/home/runner/work/ocr-book/ocr-book/tests/wrong_wave_split_line_3.png
1607291759569548907 : Checking separation double page angle 90.0586735161512
1607291759569638207 : Checking separation double page y=0 2510
1607291768514725466 : Checking page rotation 1 0.1
1607291776103598379 : Checking page rotation 2 0.35000000000000003
1607291779141433452 : Checking image 1 crop x1 272
1607291779141554153 : Checking image 1 crop y1 219
1607291779141589953 : Checking image 1 crop x2 2383
1607291779141621453 : Checking image 1 crop y2 3423
1607291782016665468 : Checking image 2 crop x1 119
1607291782016783269 : Checking image 2 crop y1 226
1607291782016816869 : Checking image 2 crop x2 2240
1607291782016847369 : Checking image 2 crop y2 3413
1607291782061766089 : Checking image 1 dpi 300
1607291782061869190 : Checking image 1 border top 202
1607291782061920790 : Checking image 1 border bottom 81
1607291782061949590 : Checking image 1 border left 174
1607291782061978090 : Checking image 1 border right 174
1607291782064562797 : Checking image 2 dpi 300
1607291782064617297 : Checking image 2 border top 203
1607291782064648397 : Checking image 2 border bottom 97
1607291782064677997 : Checking image 2 border left 169
1607291782064706697 : Checking image 2 border right 169

</system-out><system-err>--------------------------------- Captured Err ---------------------------------

</system-err></testcase><testcase classname="tests.test_images" name="test_no_split_line_wave_algo_png" time="59.934"><system-out>--------------------------------- Captured Log ---------------------------------

--------------------------------- Captured Out ---------------------------------
/home/runner/work/ocr-book/ocr-book/tests/no_split_line_wave_algo.png
1607291787446776388 : Checking separation double page angle 89.93575909193099
1607291787446893589 : Checking separation double page y=0 2482
1607291793309402890 : Checking page rotation 1 0.0
1607291802515836139 : Checking page rotation 2 -0.5499999999999972
1607291810655930517 : Checking image 1 crop x1 97
1607291810656008817 : Checking image 1 crop y1 77
1607291810656039917 : Checking image 1 crop x2 2483
1607291810656069017 : Checking image 1 crop y2 3505
1607291817442303735 : Checking image 2 crop x1 164
1607291817442412335 : Checking image 2 crop y1 266
1607291817442447235 : Checking image 2 crop x2 2241
1607291817442475935 : Checking image 2 crop y2 3382
1607291817478104728 : Checking image 1 dpi 300
1607291817478211028 : Checking image 1 border top 40
1607291817478246328 : Checking image 1 border bottom 40
1607291817478275128 : Checking image 1 border left 47
1607291817478303428 : Checking image 1 border right 47
1607291817480563834 : Checking image 2 dpi 300
1607291817480637034 : Checking image 2 border top 254
1607291817480669535 : Checking image 2 border bottom 117
1607291817480698235 : Checking image 2 border left 191
1607291817480726835 : Checking image 2 border right 191

</system-out><system-err>--------------------------------- Captured Err ---------------------------------

</system-err></testcase><testcase classname="tests.test_images" name="test_no_split_line_wave_algo_2_png" time="52.076"><system-out>--------------------------------- Captured Log ---------------------------------

--------------------------------- Captured Out ---------------------------------
/home/runner/work/ocr-book/ocr-book/tests/no_split_line_wave_algo_2.png
1607291814035044351 : Checking separation double page angle 91.21822795596304
1607291814035148651 : Checking separation double page y=0 2488
1607291820611523577 : Checking page rotation 1 1.1
1607291828670889949 : Checking page rotation 2 0.2
1607291831570926528 : Checking image 1 crop x1 266
1607291831571083329 : Checking image 1 crop y1 210
1607291831571139729 : Checking image 1 crop x2 2342
1607291831571172529 : Checking image 1 crop y2 3413
1607291834099658538 : Checking image 2 crop x1 199
1607291834099810738 : Checking image 2 crop y1 241
1607291834099843438 : Checking image 2 crop x2 2282
1607291834099873738 : Checking image 2 crop y2 3433
1607291834131850120 : Checking image 1 dpi 300
1607291834131991721 : Checking image 1 border top 194
1607291834132024621 : Checking image 1 border bottom 90
1607291834132052121 : Checking image 1 border left 192
1607291834132078421 : Checking image 1 border right 192
1607291834134085926 : Checking image 2 dpi 300
1607291834134190526 : Checking image 2 border top 226
1607291834134221326 : Checking image 2 border bottom 69
1607291834134249126 : Checking image 2 border left 188
1607291834134276527 : Checking image 2 border right 188

</system-out><system-err>--------------------------------- Captured Err ---------------------------------

</system-err></testcase><testcase classname="tests.test_images" name="test_crop_too_few_2_png" time="49.652"><system-out>--------------------------------- Captured Log ---------------------------------

--------------------------------- Captured Out ---------------------------------
/home/runner/work/ocr-book/ocr-book/tests/crop_too_few_2.png
1607291846454447668 : Checking separation double page angle 90.25476192320097
1607291846454563468 : Checking separation double page y=0 2531
1607291854121523859 : Checking page rotation 1 1.2000000000000002
1607291861066859126 : Checking page rotation 2 -0.09999999999999432
1607291864345870992 : Checking image 1 crop x1 287
1607291864346006792 : Checking image 1 crop y1 165
1607291864346046192 : Checking image 1 crop x2 2398
1607291864346079892 : Checking image 1 crop y2 3368
1607291867131396999 : Checking image 2 crop x1 145
1607291867131520100 : Checking image 2 crop y1 175
1607291867131595300 : Checking image 2 crop x2 2271
1607291867131635100 : Checking image 2 crop y2 3373
1607291867167604790 : Checking image 1 dpi 300
1607291867167697391 : Checking image 1 border top 139
1607291867167733491 : Checking image 1 border bottom 145
1607291867167780791 : Checking image 1 border left 174
1607291867167809891 : Checking image 1 border right 174
1607291867170231397 : Checking image 2 dpi 300
1607291867170300897 : Checking image 2 border top 180
1607291867170349297 : Checking image 2 border bottom 109
1607291867170378097 : Checking image 2 border left 167
1607291867170406697 : Checking image 2 border right 167

</system-out><system-err>--------------------------------- Captured Err ---------------------------------

</system-err></testcase><testcase classname="tests.test_images" name="test_failed_detect_rectangle_png" time="58.925"><system-out>--------------------------------- Captured Log ---------------------------------

--------------------------------- Captured Out ---------------------------------
/home/runner/work/ocr-book/ocr-book/tests/failed_detect_rectangle.png
1607291873426250988 : Checking separation double page angle 90.19837516213147
1607291873426343588 : Checking separation double page y=0 2471
1607291879764478121 : Checking page rotation 1 0.2
1607291887487832829 : Checking page rotation 2 0.2
1607291890079423854 : Checking image 1 crop x1 257
1607291890079543154 : Checking image 1 crop y1 201
1607291890079629154 : Checking image 1 crop x2 2333
1607291890079660954 : Checking image 1 crop y2 3402
1607291893000956984 : Checking image 2 crop x1 139
1607291893001154585 : Checking image 2 crop y1 215
1607291893001194385 : Checking image 2 crop x2 2222
1607291893001251385 : Checking image 2 crop y2 3406
1607291893049074603 : Checking image 1 dpi 300
1607291893049192203 : Checking image 1 border top 188
1607291893049227304 : Checking image 1 border bottom 98
1607291893049257404 : Checking image 1 border left 192
1607291893049303304 : Checking image 1 border right 192
1607291893051363809 : Checking image 2 dpi 300
1607291893051414509 : Checking image 2 border top 200
1607291893051444009 : Checking image 2 border bottom 95
1607291893051471709 : Checking image 2 border left 188
1607291893051515209 : Checking image 2 border right 188

</system-out><system-err>--------------------------------- Captured Err ---------------------------------

</system-err></testcase></testsuite></testsuites>