<?xml version="1.0" encoding="utf-8"?><testsuites><testsuite name="pytest" errors="0" failures="0" skipped="1" tests="34" time="1065.169" timestamp="2020-12-15T07:58:29.387137" hostname="fv-az139-724"><testcase classname="tests.test_features" name="test_mock_stop_at_0" time="0.053"><system-out>--------------------------------- Captured Log ---------------------------------

--------------------------------- Captured Out ---------------------------------
/home/runner/work/ocr-book/ocr-book/tests/0001_0.png

</system-out><system-err>--------------------------------- Captured Err ---------------------------------

</system-err></testcase><testcase classname="tests.test_features" name="test_disabled_enable_debug" time="51.190"><system-out>--------------------------------- Captured Log ---------------------------------

--------------------------------- Captured Out ---------------------------------
/home/runner/work/ocr-book/ocr-book/tests/0001_debug.png
separation double page angle 90.5778088189967
separation double page y=0 2485
page rotation 1 0.7
page rotation 2 0.2
image 1 crop x1 330
image 1 crop y1 335
image 1 crop x2 2343
image 1 crop y2 3223
image 2 crop x1 171
image 2 crop y1 648
image 2 crop x2 2188
image 2 crop y2 3361
image 1 dpi 300
image 1 border top 317
image 1 border bottom 282
image 1 border left 223
image 1 border right 223
image 2 dpi 300
image 2 border top 643
image 2 border bottom 131
image 2 border left 221
image 2 border right 221

</system-out><system-err>--------------------------------- Captured Err ---------------------------------

</system-err></testcase><testcase classname="tests.test_features" name="test_mock_stop_at_2" time="46.123"><system-out>--------------------------------- Captured Log ---------------------------------

--------------------------------- Captured Out ---------------------------------
/home/runner/work/ocr-book/ocr-book/tests/0001_2.png
separation double page angle 90.5778088189967
separation double page y=0 2485
page rotation 1 0.7
page rotation 2 0.2

</system-out><system-err>--------------------------------- Captured Err ---------------------------------

</system-err></testcase><testcase classname="tests.test_features" name="test_mock_stop_at_4" time="51.435"><system-out>--------------------------------- Captured Log ---------------------------------

--------------------------------- Captured Out ---------------------------------
/home/runner/work/ocr-book/ocr-book/tests/0001_4.png
separation double page angle 90.5778088189967
separation double page y=0 2485
page rotation 1 0.7
page rotation 2 0.2
image 1 crop x1 330
image 1 crop y1 335
image 1 crop x2 2343
image 1 crop y2 3223
image 2 crop x1 171
image 2 crop y1 648
image 2 crop x2 2188
image 2 crop y2 3361
image 1 dpi 300
image 1 border top 317
image 1 border bottom 282
image 1 border left 223
image 1 border right 223
image 2 dpi 300
image 2 border top 643
image 2 border bottom 131
image 2 border left 221
image 2 border right 221

</system-out><system-err>--------------------------------- Captured Err ---------------------------------

</system-err></testcase><testcase classname="tests.test_features" name="test_mock_stop_at_1" time="31.138"><system-out>--------------------------------- Captured Log ---------------------------------

--------------------------------- Captured Out ---------------------------------
/home/runner/work/ocr-book/ocr-book/tests/0001_1.png
separation double page angle 90.5778088189967
separation double page y=0 2485

</system-out><system-err>--------------------------------- Captured Err ---------------------------------

</system-err></testcase><testcase classname="tests.test_features" name="test_mock_stop_at_3" time="50.990"><system-out>--------------------------------- Captured Log ---------------------------------

--------------------------------- Captured Out ---------------------------------
/home/runner/work/ocr-book/ocr-book/tests/0001_3.png
separation double page angle 90.5778088189967
separation double page y=0 2485
page rotation 1 0.7
page rotation 2 0.2
image 1 crop x1 330
image 1 crop y1 335
image 1 crop x2 2343
image 1 crop y2 3223
image 2 crop x1 171
image 2 crop y1 648
image 2 crop x2 2188
image 2 crop y2 3361

</system-out><system-err>--------------------------------- Captured Err ---------------------------------

</system-err></testcase><testcase classname="tests.test_images" name="test_0001_png" time="62.722"><system-out>--------------------------------- Captured Log ---------------------------------

--------------------------------- Captured Out ---------------------------------
/home/runner/work/ocr-book/ocr-book/tests/0001.png
1608019245777164578 : Checking separation double page angle 90.5778088189967
1608019245777281485 : Checking separation double page y=0 2485
1608019253934215368 : Checking page rotation 1 0.7
1608019263261361265 : Checking page rotation 2 0.2
1608019266994543561 : Checking image 1 crop x1 330
1608019266994671168 : Checking image 1 crop y1 335
1608019266994712570 : Checking image 1 crop x2 2343
1608019266994749272 : Checking image 1 crop y2 3223
1608019270773596682 : Checking image 2 crop x1 171
1608019270773729189 : Checking image 2 crop y1 648
1608019270773769991 : Checking image 2 crop x2 2188
1608019270773805193 : Checking image 2 crop y2 3361
1608019270810205788 : Checking image 1 dpi 300
1608019270810317994 : Checking image 1 border top 317
1608019270810354396 : Checking image 1 border bottom 282
1608019270810387997 : Checking image 1 border left 223
1608019270810421299 : Checking image 1 border right 223
1608019270812834525 : Checking image 2 dpi 300
1608019270812926529 : Checking image 2 border top 643
1608019270812960431 : Checking image 2 border bottom 131
1608019270812993033 : Checking image 2 border left 221
1608019270813025435 : Checking image 2 border right 221

</system-out><system-err>--------------------------------- Captured Err ---------------------------------

</system-err></testcase><testcase classname="tests.test_features" name="test_mock_stop_at_5" time="51.651"><system-out>--------------------------------- Captured Log ---------------------------------

--------------------------------- Captured Out ---------------------------------
/home/runner/work/ocr-book/ocr-book/tests/0001_5.png
separation double page angle 90.5778088189967
separation double page y=0 2485
page rotation 1 0.7
page rotation 2 0.2
image 1 crop x1 330
image 1 crop y1 335
image 1 crop x2 2343
image 1 crop y2 3223
image 2 crop x1 171
image 2 crop y1 648
image 2 crop x2 2188
image 2 crop y2 3361
image 1 dpi 300
image 1 border top 317
image 1 border bottom 282
image 1 border left 223
image 1 border right 223
image 2 dpi 300
image 2 border top 643
image 2 border bottom 131
image 2 border left 221
image 2 border right 221

</system-out><system-err>--------------------------------- Captured Err ---------------------------------

</system-err></testcase><testcase classname="tests.test_images" name="test_2_pages_2_contours_png" time="42.475"><system-out>--------------------------------- Captured Log ---------------------------------

--------------------------------- Captured Out ---------------------------------
/home/runner/work/ocr-book/ocr-book/tests/2-pages-2-contours.png
1608019298008565878 : Checking separation double page angle 90.14036871655934
1608019298008668183 : Checking separation double page y=0 2489
1608019300347401629 : Checking page rotation 1 0.05
1608019307640294737 : Checking page rotation 2 0.4
1608019309148038147 : Checking image 1 crop x1 1188
1608019309148154952 : Checking image 1 crop y1 1747
1608019309148191254 : Checking image 1 crop x2 1189
1608019309148223655 : Checking image 1 crop y2 1748
1608019313267789570 : Checking image 2 crop x1 101
1608019313267925676 : Checking image 2 crop y1 240
1608019313267965177 : Checking image 2 crop x2 2148
1608019313268001779 : Checking image 2 crop y2 3239
1608019313303796455 : Checking image 1 dpi 300
1608019313303902060 : Checking image 1 border top 1753
1608019313303939461 : Checking image 1 border bottom 1753
1608019313303974263 : Checking image 1 border left 1239
1608019313304007764 : Checking image 1 border right 1239
1608019313305554328 : Checking image 2 dpi 300
1608019313305638031 : Checking image 2 border top 229
1608019313305673133 : Checking image 2 border bottom 259
1608019313305705834 : Checking image 2 border left 206
1608019313305738435 : Checking image 2 border right 206

</system-out><system-err>--------------------------------- Captured Err ---------------------------------

</system-err></testcase><testcase classname="tests.test_images" name="test_angle_page_lower_split_line_png" time="69.542"><system-out>--------------------------------- Captured Log ---------------------------------

--------------------------------- Captured Out ---------------------------------
/home/runner/work/ocr-book/ocr-book/tests/angle_page_lower_split_line.png
1608019340372061323 : Checking separation double page angle 89.77701324945475
1608019340372174227 : Checking separation double page y=0 2475
1608019350903718557 : Checking page rotation 1 -0.34999999999999093
1608019358863194778 : Checking page rotation 2 0.2
1608019362233056604 : Checking image 1 crop x1 243
1608019362233200309 : Checking image 1 crop y1 159
1608019362233240511 : Checking image 1 crop x2 2351
1608019362233277512 : Checking image 1 crop y2 3365
1608019364957061988 : Checking image 2 crop x1 149
1608019364957203993 : Checking image 2 crop y1 147
1608019364957243394 : Checking image 2 crop x2 2256
1608019364957280796 : Checking image 2 crop y2 3350
1608019364997200696 : Checking image 1 dpi 300
1608019364997317600 : Checking image 1 border top 140
1608019364997356502 : Checking image 1 border bottom 140
1608019364997392303 : Checking image 1 border left 176
1608019364997426804 : Checking image 1 border right 176
1608019364999860290 : Checking image 2 dpi 300
1608019364999955993 : Checking image 2 border top 130
1608019364999991694 : Checking image 2 border bottom 154
1608019365000025895 : Checking image 2 border left 176
1608019365000059797 : Checking image 2 border right 176

</system-out><system-err>--------------------------------- Captured Err ---------------------------------

</system-err></testcase><testcase classname="tests.test_images" name="test_black_border_not_removed_png" time="73.847"><system-out>--------------------------------- Captured Log ---------------------------------

--------------------------------- Captured Out ---------------------------------
/home/runner/work/ocr-book/ocr-book/tests/black-border-not-removed.png
1608019356238769870 : Checking separation double page angle 90.008171103531
1608019356238878074 : Checking separation double page y=0 2455
1608019364744662135 : Checking page rotation 1 0.05
1608019377271573784 : Checking page rotation 2 0.0
1608019381553001239 : Checking image 1 crop x1 298
1608019381553135743 : Checking image 1 crop y1 142
1608019381553175945 : Checking image 1 crop x2 2308
1608019381553211546 : Checking image 1 crop y2 3347
1608019387102246030 : Checking image 2 crop x1 157
1608019387102379234 : Checking image 2 crop y1 145
1608019387102419835 : Checking image 2 crop x2 2169
1608019387102457037 : Checking image 2 crop y2 3352
1608019387140890927 : Checking image 1 dpi 300
1608019387141008631 : Checking image 1 border top 128
1608019387141046732 : Checking image 1 border bottom 154
1608019387141083633 : Checking image 1 border left 225
1608019387141116935 : Checking image 1 border right 225
1608019387143705921 : Checking image 2 dpi 300
1608019387143814825 : Checking image 2 border top 133
1608019387143849426 : Checking image 2 border bottom 147
1608019387143883927 : Checking image 2 border left 224
1608019387143916529 : Checking image 2 border right 224

</system-out><system-err>--------------------------------- Captured Err ---------------------------------

</system-err></testcase><testcase classname="tests.test_images" name="test_wrong_split_line_png" time="51.930"><system-out>--------------------------------- Captured Log ---------------------------------

--------------------------------- Captured Out ---------------------------------
/home/runner/work/ocr-book/ocr-book/tests/wrong_split_line.png
1608019397790660997 : Checking separation double page angle 89.93395720607973
1608019397790762801 : Checking separation double page y=0 2465
1608019404442950159 : Checking page rotation 1 -0.14999999999999067
1608019411359186138 : Checking page rotation 2 0.5
1608019414112044716 : Checking image 1 crop x1 213
1608019414112184420 : Checking image 1 crop y1 157
1608019414112224622 : Checking image 1 crop x2 2323
1608019414112262123 : Checking image 1 crop y2 3362
1608019416899945849 : Checking image 2 crop x1 125
1608019416900085454 : Checking image 2 crop y1 165
1608019416900127355 : Checking image 2 crop x2 2237
1608019416900166456 : Checking image 2 crop y2 3374
1608019416937924876 : Checking image 1 dpi 300
1608019416938042779 : Checking image 1 border top 132
1608019416938081481 : Checking image 1 border bottom 149
1608019416938119082 : Checking image 1 border left 175
1608019416938153483 : Checking image 1 border right 175
1608019416940489158 : Checking image 2 dpi 300
1608019416940589762 : Checking image 2 border top 141
1608019416940625563 : Checking image 2 border bottom 137
1608019416940659764 : Checking image 2 border left 174
1608019416940693165 : Checking image 2 border right 174

</system-out><system-err>--------------------------------- Captured Err ---------------------------------

</system-err></testcase><testcase classname="tests.test_images" name="test_image_failed_to_rotate_png" time="70.151"><system-out>--------------------------------- Captured Log ---------------------------------

--------------------------------- Captured Out ---------------------------------
/home/runner/work/ocr-book/ocr-book/tests/image_failed_to_rotate.png
1608019424818602435 : Checking separation double page angle 90.38781598189921
1608019424818710839 : Checking separation double page y=0 2485
1608019430405606119 : Checking page rotation 1 0.35
1608019439368302405 : Checking page rotation 2 0.45
1608019451413033721 : Checking image 1 crop x1 34
1608019451413159034 : Checking image 1 crop y1 1
1608019451413201238 : Checking image 1 crop x2 2483
1608019451413238842 : Checking image 1 crop y2 3500
1608019457141523549 : Checking image 2 crop x1 177
1608019457141652962 : Checking image 2 crop y1 234
1608019457141692666 : Checking image 2 crop x2 2256
1608019457141730269 : Checking image 2 crop y2 3355
1608019457186723900 : Checking image 1 dpi 300
1608019457186839411 : Checking image 1 border top 4
1608019457186879615 : Checking image 1 border bottom 4
1608019457186915319 : Checking image 1 border left 16
1608019457186948422 : Checking image 1 border right 16
1608019457190001830 : Checking image 2 dpi 300
1608019457190106140 : Checking image 2 border top 218
1608019457190141344 : Checking image 2 border bottom 148
1608019457190174847 : Checking image 2 border left 190
1608019457190207650 : Checking image 2 border right 190

</system-out><system-err>--------------------------------- Captured Err ---------------------------------

</system-err></testcase><testcase classname="tests.test_images" name="test_crop_too_much_png" time="94.285"><system-out>--------------------------------- Captured Log ---------------------------------

--------------------------------- Captured Out ---------------------------------
/home/runner/work/ocr-book/ocr-book/tests/crop_too_much.png
1608019474659324789 : Checking separation double page angle 90.18239409272952
1608019474659469402 : Checking separation double page y=0 2455
1608019487840318258 : Checking page rotation 1 0.0
1608019501048394864 : Checking page rotation 2 0.45
1608019506487045740 : Checking image 1 crop x1 303
1608019506487191552 : Checking image 1 crop y1 148
1608019506487231856 : Checking image 1 crop x2 2313
1608019506487267558 : Checking image 1 crop y2 3351
1608019511154649769 : Checking image 2 crop x1 171
1608019511154801882 : Checking image 2 crop y1 155
1608019511154842485 : Checking image 2 crop x2 2182
1608019511154880188 : Checking image 2 crop y2 3359
1608019511205441110 : Checking image 1 dpi 300
1608019511205564020 : Checking image 1 border top 133
1608019511205602623 : Checking image 1 border bottom 151
1608019511205638526 : Checking image 1 border left 225
1608019511205673028 : Checking image 1 border right 225
1608019511208164727 : Checking image 2 dpi 300
1608019511208264735 : Checking image 2 border top 138
1608019511208300538 : Checking image 2 border bottom 145
1608019511208334440 : Checking image 2 border left 224
1608019511208371543 : Checking image 2 border right 224

</system-out><system-err>--------------------------------- Captured Err ---------------------------------

</system-err></testcase><testcase classname="tests.test_images" name="test_image_failed_to_crop_data_png" time="68.833"><system-out>--------------------------------- Captured Log ---------------------------------

--------------------------------- Captured Out ---------------------------------
/home/runner/work/ocr-book/ocr-book/tests/image_failed_to_crop_data.png
1608019495101666983 : Checking separation double page angle 89.96358807166011
1608019495119238275 : Checking separation double page y=0 2477
1608019501768035566 : Checking page rotation 1 0.2
1608019508591115491 : Checking page rotation 2 0.05
1608019521324221325 : Checking image 1 crop x1 50
1608019521324851773 : Checking image 1 crop y1 7
1608019521325009885 : Checking image 1 crop x2 2477
1608019521325146395 : Checking image 1 crop y2 3502
1608019526021188687 : Checking image 2 crop x1 160
1608019526021318697 : Checking image 2 crop y1 217
1608019526021358700 : Checking image 2 crop x2 2241
1608019526021396203 : Checking image 2 crop y2 3350
1608019526060710056 : Checking image 1 dpi 300
1608019526060823464 : Checking image 1 border top 6
1608019526060862667 : Checking image 1 border bottom 6
1608019526060897270 : Checking image 1 border left 22
1608019526060930772 : Checking image 1 border right 22
1608019526063548769 : Checking image 2 dpi 300
1608019526063649076 : Checking image 2 border top 205
1608019526063683479 : Checking image 2 border bottom 149
1608019526063715981 : Checking image 2 border left 189
1608019526063749084 : Checking image 2 border right 189

</system-out><system-err>--------------------------------- Captured Err ---------------------------------

</system-err></testcase><testcase classname="tests.test_images" name="test_crop_too_few_png" time="56.290"><system-out>--------------------------------- Captured Log ---------------------------------

--------------------------------- Captured Out ---------------------------------
/home/runner/work/ocr-book/ocr-book/tests/crop_too_few.png
1608019546594543097 : Checking separation double page angle 89.54670238452755
1608019546594651004 : Checking separation double page y=0 2512
1608019553503906837 : Checking page rotation 1 -0.6499999999999977
1608019561282191736 : Checking page rotation 2 0.0
1608019564670882406 : Checking image 1 crop x1 263
1608019564671030016 : Checking image 1 crop y1 150
1608019564671071619 : Checking image 1 crop x2 2377
1608019564671108021 : Checking image 1 crop y2 3357
1608019567488296620 : Checking image 2 crop x1 137
1608019567488436529 : Checking image 2 crop y1 141
1608019567488477531 : Checking image 2 crop x2 2259
1608019567488516034 : Checking image 2 crop y2 3345
1608019567523442515 : Checking image 1 dpi 300
1608019567523563423 : Checking image 1 border top 129
1608019567523602725 : Checking image 1 border bottom 150
1608019567523637428 : Checking image 1 border left 173
1608019567523671930 : Checking image 1 border right 173
1608019567525768167 : Checking image 2 dpi 300
1608019567525846672 : Checking image 2 border top 130
1608019567525881874 : Checking image 2 border bottom 153
1608019567525915476 : Checking image 2 border left 169
1608019567525948979 : Checking image 2 border right 169

</system-out><system-err>--------------------------------- Captured Err ---------------------------------

</system-err></testcase><testcase classname="tests.test_images" name="test_wrong_angle_split_line_png" time="77.217"><system-out>--------------------------------- Captured Log ---------------------------------

--------------------------------- Captured Out ---------------------------------
/home/runner/work/ocr-book/ocr-book/tests/wrong_angle_split_line.png
1608019565405100524 : Checking separation double page angle 90.09193420006348
1608019565405204631 : Checking separation double page y=0 2478
1608019573796098027 : Checking page rotation 1 0.05
1608019583408781456 : Checking page rotation 2 0.0
1608019596501634730 : Checking image 1 crop x1 58
1608019596501772238 : Checking image 1 crop y1 7
1608019596501814040 : Checking image 1 crop x2 2472
1608019596501851043 : Checking image 1 crop y2 3505
1608019602380313712 : Checking image 2 crop x1 163
1608019602380450721 : Checking image 2 crop y1 217
1608019602380491023 : Checking image 2 crop x2 2246
1608019602380528025 : Checking image 2 crop y2 3350
1608019602555637475 : Checking image 1 dpi 300
1608019602555759282 : Checking image 1 border top 5
1608019602555799185 : Checking image 1 border bottom 5
1608019602555835987 : Checking image 1 border left 33
1608019602555869789 : Checking image 1 border right 33
1608019602563508440 : Checking image 2 dpi 300
1608019602563622347 : Checking image 2 border top 204
1608019602563657349 : Checking image 2 border bottom 150
1608019602563692051 : Checking image 2 border left 188
1608019602563724853 : Checking image 2 border right 188

</system-out><system-err>--------------------------------- Captured Err ---------------------------------

</system-err></testcase><testcase classname="tests.test_images" name="test_crop_too_much_2_png" time="95.773"><system-out>--------------------------------- Captured Log ---------------------------------

--------------------------------- Captured Out ---------------------------------
/home/runner/work/ocr-book/ocr-book/tests/crop_too_much_2.png
1608019622811874718 : Checking separation double page angle 90.1149074900817
1608019622811978924 : Checking separation double page y=0 2478
1608019636485771350 : Checking page rotation 1 0.2
1608019652031906045 : Checking page rotation 2 0.2
1608019657158500202 : Checking image 1 crop x1 332
1608019657158641310 : Checking image 1 crop y1 131
1608019657158681712 : Checking image 1 crop x2 2342
1608019657158718214 : Checking image 1 crop y2 3336
1608019663208213866 : Checking image 2 crop x1 162
1608019663208349573 : Checking image 2 crop y1 139
1608019663208389275 : Checking image 2 crop x2 2175
1608019663208426176 : Checking image 2 crop y2 3345
1608019663264629979 : Checking image 1 dpi 300
1608019663264743085 : Checking image 1 border top 112
1608019663264780987 : Checking image 1 border bottom 170
1608019663264816989 : Checking image 1 border left 225
1608019663264851490 : Checking image 1 border right 225
1608019663266957299 : Checking image 2 dpi 300
1608019663267040203 : Checking image 2 border top 123
1608019663267075305 : Checking image 2 border bottom 157
1608019663267108507 : Checking image 2 border left 223
1608019663267144309 : Checking image 2 border right 223

</system-out><system-err>--------------------------------- Captured Err ---------------------------------

</system-err></testcase><testcase classname="tests.test_images" name="test_wrong_split_line_3_png" time="70.937"><system-out>--------------------------------- Captured Log ---------------------------------

--------------------------------- Captured Out ---------------------------------
/home/runner/work/ocr-book/ocr-book/tests/wrong_split_line_3.png
1608019649174397569 : Checking separation double page angle 90.41229500214693
1608019649174500475 : Checking separation double page y=0 2495
1608019659600176907 : Checking page rotation 1 0.35
1608019668163221831 : Checking page rotation 2 0.9
1608019671312277822 : Checking image 1 crop x1 331
1608019671312405029 : Checking image 1 crop y1 164
1608019671312444431 : Checking image 1 crop x2 2375
1608019671312481132 : Checking image 1 crop y2 3377
1608019674249870417 : Checking image 2 crop x1 104
1608019674249997124 : Checking image 2 crop y1 208
1608019674250036926 : Checking image 2 crop x2 2135
1608019674250073728 : Checking image 2 crop y2 3413
1608019674290775689 : Checking image 1 dpi 300
1608019674290891294 : Checking image 1 border top 149
1608019674290927496 : Checking image 1 border bottom 125
1608019674290964198 : Checking image 1 border left 208
1608019674290997400 : Checking image 1 border right 208
1608019674293524228 : Checking image 2 dpi 300
1608019674293618833 : Checking image 2 border top 187
1608019674293652334 : Checking image 2 border bottom 95
1608019674293684836 : Checking image 2 border left 214
1608019674293717138 : Checking image 2 border right 214

</system-out><system-err>--------------------------------- Captured Err ---------------------------------

</system-err></testcase><testcase classname="tests.test_images" name="test_wrong_split_line_2_png" time="112.918"><system-out>--------------------------------- Captured Log ---------------------------------

--------------------------------- Captured Out ---------------------------------
/home/runner/work/ocr-book/ocr-book/tests/wrong_split_line_2.png
1608019730384516128 : Checking separation double page angle 90.17444704411862
1608019730384616932 : Checking separation double page y=0 2437
1608019744218903940 : Checking page rotation 1 0.2
1608019758306820518 : Checking page rotation 2 0.4
1608019765768379784 : Checking image 1 crop x1 294
1608019765768523591 : Checking image 1 crop y1 136
1608019765768563192 : Checking image 1 crop x2 2325
1608019765768599294 : Checking image 1 crop y2 3376
1608019776145919109 : Checking image 2 crop x1 138
1608019776146061615 : Checking image 2 crop y1 192
1608019776146101517 : Checking image 2 crop x2 2165
1608019776146138419 : Checking image 2 crop y2 3386
1608019776197394299 : Checking image 1 dpi 300
1608019776197512004 : Checking image 1 border top 121
1608019776197549806 : Checking image 1 border bottom 126
1608019776197585707 : Checking image 1 border left 214
1608019776197619409 : Checking image 1 border right 214
1608019776199826807 : Checking image 2 dpi 300
1608019776199919111 : Checking image 2 border top 185
1608019776199954813 : Checking image 2 border bottom 108
1608019776199988114 : Checking image 2 border left 216
1608019776200021116 : Checking image 2 border right 216

</system-out><system-err>--------------------------------- Captured Err ---------------------------------

</system-err></testcase><testcase classname="tests.test_images" name="test_wrong_wave_split_line_png" time="0.001"><skipped type="pytest.skip" message="Need to work on crop data">/home/runner/work/ocr-book/ocr-book/tests/test_images.py:660: Need to work on crop data</skipped><system-out>--------------------------------- Captured Log ---------------------------------

--------------------------------- Captured Out ---------------------------------

</system-out><system-err>--------------------------------- Captured Err ---------------------------------

</system-err><system-out>--------------------------------- Captured Log ---------------------------------

--------------------------------- Captured Out ---------------------------------

</system-out><system-err>--------------------------------- Captured Err ---------------------------------

</system-err></testcase><testcase classname="tests.test_images" name="test_no_split_line_line_algo_png" time="63.200"><system-out>--------------------------------- Captured Log ---------------------------------

--------------------------------- Captured Out ---------------------------------
/home/runner/work/ocr-book/ocr-book/tests/no_split_line_line_algo.png
1608019713725264161 : Checking separation double page angle 89.47691469185418
1608019713725371966 : Checking separation double page y=0 2476
1608019719619441696 : Checking page rotation 1 -0.14999999999999067
1608019730675543209 : Checking page rotation 2 -0.44999999999999746
1608019733402912557 : Checking image 1 crop x1 205
1608019733403040063 : Checking image 1 crop y1 158
1608019733403080265 : Checking image 1 crop x2 2320
1608019733403117367 : Checking image 1 crop y2 3366
1608019737456778141 : Checking image 2 crop x1 185
1608019737456908647 : Checking image 2 crop y1 221
1608019737456947949 : Checking image 2 crop x2 2201
1608019737456984851 : Checking image 2 crop y2 3366
1608019737502510558 : Checking image 1 dpi 300
1608019737502621363 : Checking image 1 border top 141
1608019737502657765 : Checking image 1 border bottom 138
1608019737502691266 : Checking image 1 border left 172
1608019737502724668 : Checking image 1 border right 172
1608019737505277586 : Checking image 2 dpi 300
1608019737505370390 : Checking image 2 border top 215
1608019737505404292 : Checking image 2 border bottom 127
1608019737505436893 : Checking image 2 border left 222
1608019737505469295 : Checking image 2 border right 222

</system-out><system-err>--------------------------------- Captured Err ---------------------------------

</system-err></testcase><testcase classname="tests.test_images" name="test_failed_split_line_line_algo_png" time="30.933"><system-out>--------------------------------- Captured Log ---------------------------------

--------------------------------- Captured Out ---------------------------------
/home/runner/work/ocr-book/ocr-book/tests/failed_split_line_line_algo.png
1608019758483558216 : Checking separation double page angle 90.0163422057325
1608019758483659920 : Checking separation double page y=0 2576
1608019762267156308 : Checking page rotation 1 -0.14999999999999067
1608019764629063265 : Checking page rotation 2 0.0
1608019766906199881 : Checking image 1 crop x1 407
1608019766906329787 : Checking image 1 crop y1 2925
1608019766906370589 : Checking image 1 crop x2 2419
1608019766906405590 : Checking image 1 crop y2 3174
1608019768462119759 : Checking image 2 crop x1 1183
1608019768462233564 : Checking image 2 crop y1 1746
1608019768462270066 : Checking image 2 crop x2 1184
1608019768462304267 : Checking image 2 crop y2 1747
1608019768462597280 : Checking image 1 dpi 300
1608019768462681084 : Checking image 1 border top 2917
1608019768462715686 : Checking image 1 border bottom 321
1608019768462751187 : Checking image 1 border left 224
1608019768462784089 : Checking image 1 border right 224
1608019768464409862 : Checking image 2 dpi 300
1608019768464487865 : Checking image 2 border top 1753
1608019768464521967 : Checking image 2 border bottom 1753
1608019768464553968 : Checking image 2 border left 1239
1608019768464586270 : Checking image 2 border right 1239

</system-out><system-err>--------------------------------- Captured Err ---------------------------------

</system-err></testcase><testcase classname="tests.test_images" name="test_failed_split_line_line_algo_2_png" time="84.115"><system-out>--------------------------------- Captured Log ---------------------------------

--------------------------------- Captured Out ---------------------------------
/home/runner/work/ocr-book/ocr-book/tests/failed_split_line_line_algo_2.png
1608019821898207807 : Checking separation double page angle 90.04134220573248
1608019821898311612 : Checking separation double page y=0 2498
1608019834896372017 : Checking page rotation 1 0.0
1608019845766363560 : Checking page rotation 2 0.6000000000000001
1608019849071218124 : Checking image 1 crop x1 272
1608019849071377331 : Checking image 1 crop y1 149
1608019849071419132 : Checking image 1 crop x2 2383
1608019849071454334 : Checking image 1 crop y2 3353
1608019852502914298 : Checking image 2 crop x1 124
1608019852503046904 : Checking image 2 crop y1 155
1608019852503086706 : Checking image 2 crop x2 2247
1608019852503123307 : Checking image 2 crop y2 3350
1608019852549722775 : Checking image 1 dpi 300
1608019852549842980 : Checking image 1 border top 138
1608019852549880182 : Checking image 1 border bottom 145
1608019852549917084 : Checking image 1 border left 174
1608019852549952185 : Checking image 1 border right 174
1608019852552523794 : Checking image 2 dpi 300
1608019852552616998 : Checking image 2 border top 136
1608019852552651799 : Checking image 2 border bottom 156
1608019852552684201 : Checking image 2 border left 168
1608019852552716802 : Checking image 2 border right 168

</system-out><system-err>--------------------------------- Captured Err ---------------------------------

</system-err></testcase><testcase classname="tests.test_images" name="test_small_wave_png" time="82.972"><system-out>--------------------------------- Captured Log ---------------------------------

--------------------------------- Captured Out ---------------------------------
/home/runner/work/ocr-book/ocr-book/tests/small_wave.png
1608019828952801495 : Checking separation double page angle 90.63816928841567
1608019828952914200 : Checking separation double page y=0 2497
1608019841412588493 : Checking page rotation 1 0.75
1608019852845238657 : Checking page rotation 2 0.7
1608019855712282245 : Checking image 1 crop x1 323
1608019855712423851 : Checking image 1 crop y1 198
1608019855712463853 : Checking image 1 crop x2 2352
1608019855712501054 : Checking image 1 crop y2 3395
1608019859126996220 : Checking image 2 crop x1 135
1608019859127140026 : Checking image 2 crop y1 223
1608019859127181428 : Checking image 2 crop x2 2164
1608019859127220030 : Checking image 2 crop y2 3419
1608019859170762962 : Checking image 1 dpi 300
1608019859170874967 : Checking image 1 border top 175
1608019859170913169 : Checking image 1 border bottom 115
1608019859170949070 : Checking image 1 border left 215
1608019859170982872 : Checking image 1 border right 215
1608019859173152263 : Checking image 2 dpi 300
1608019859173243267 : Checking image 2 border top 196
1608019859173278268 : Checking image 2 border bottom 95
1608019859173311570 : Checking image 2 border left 215
1608019859173345171 : Checking image 2 border right 215

</system-out><system-err>--------------------------------- Captured Err ---------------------------------

</system-err></testcase><testcase classname="tests.test_images" name="test_crop_too_much_3_png" time="80.739"><system-out>--------------------------------- Captured Log ---------------------------------

--------------------------------- Captured Out ---------------------------------
/home/runner/work/ocr-book/ocr-book/tests/crop_too_much_3.png
1608019901260369647 : Checking separation double page angle 89.52945237729824
1608019901260475151 : Checking separation double page y=0 2497
1608019910588261220 : Checking page rotation 1 -0.8999999999999949
1608019924486878637 : Checking page rotation 2 -0.14999999999999067
1608019928647629613 : Checking image 1 crop x1 374
1608019928647763219 : Checking image 1 crop y1 258
1608019928647803421 : Checking image 1 crop x2 2385
1608019928647838622 : Checking image 1 crop y2 3459
1608019933238811507 : Checking image 2 crop x1 169
1608019933238945513 : Checking image 2 crop y1 228
1608019933238986715 : Checking image 2 crop x2 2182
1608019933239025016 : Checking image 2 crop y2 3417
1608019933289494082 : Checking image 1 dpi 300
1608019933289607287 : Checking image 1 border top 238
1608019933289643688 : Checking image 1 border bottom 48
1608019933289679890 : Checking image 1 border left 224
1608019933289714491 : Checking image 1 border right 224
1608019933291898481 : Checking image 2 dpi 300
1608019933291989584 : Checking image 2 border top 207
1608019933292023986 : Checking image 2 border bottom 90
1608019933292056387 : Checking image 2 border left 223
1608019933292089388 : Checking image 2 border right 223

</system-out><system-err>--------------------------------- Captured Err ---------------------------------

</system-err></testcase><testcase classname="tests.test_images" name="test_wrong_wave_split_line_2_png" time="83.564"><system-out>--------------------------------- Captured Log ---------------------------------

--------------------------------- Captured Out ---------------------------------
/home/runner/work/ocr-book/ocr-book/tests/wrong_wave_split_line_2.png
1608019912578700052 : Checking separation double page angle 90.7708958311329
1608019912578807957 : Checking separation double page y=0 2490
1608019923134880532 : Checking page rotation 1 0.4
1608019935799381604 : Checking page rotation 2 1.8
1608019939174617730 : Checking image 1 crop x1 224
1608019939174764236 : Checking image 1 crop y1 147
1608019939174804738 : Checking image 1 crop x2 2337
1608019939174842339 : Checking image 1 crop y2 3355
1608019942693126762 : Checking image 2 crop x1 107
1608019942693258169 : Checking image 2 crop y1 197
1608019942693312571 : Checking image 2 crop x2 2229
1608019942693348273 : Checking image 2 crop y2 3396
1608019942745310450 : Checking image 1 dpi 300
1608019942745429156 : Checking image 1 border top 133
1608019942745467257 : Checking image 1 border bottom 146
1608019942745503359 : Checking image 1 border left 173
1608019942745536861 : Checking image 1 border right 173
1608019942747716565 : Checking image 2 dpi 300
1608019942747807369 : Checking image 2 border top 167
1608019942747842571 : Checking image 2 border bottom 121
1608019942747875872 : Checking image 2 border left 169
1608019942747909074 : Checking image 2 border right 169

</system-out><system-err>--------------------------------- Captured Err ---------------------------------

</system-err></testcase><testcase classname="tests.test_images" name="test_wrong_wave_split_line_3_png" time="74.515"><system-out>--------------------------------- Captured Log ---------------------------------

--------------------------------- Captured Out ---------------------------------
/home/runner/work/ocr-book/ocr-book/tests/wrong_wave_split_line_3.png
1608019982448021105 : Checking separation double page angle 90.03326063695573
1608019982448125115 : Checking separation double page y=0 2514
1608019993458067082 : Checking page rotation 1 0.05
1608020001349299164 : Checking page rotation 2 0.35
1608020004658653059 : Checking image 1 crop x1 273
1608020004658783570 : Checking image 1 crop y1 220
1608020004658823374 : Checking image 1 crop x2 2383
1608020004658860577 : Checking image 1 crop y2 3423
1608020007777867235 : Checking image 2 crop x1 114
1608020007777996546 : Checking image 2 crop y1 226
1608020007778036350 : Checking image 2 crop x2 2235
1608020007778075153 : Checking image 2 crop y2 3413
1608020007819811061 : Checking image 1 dpi 300
1608020007819928171 : Checking image 1 border top 202
1608020007819965475 : Checking image 1 border bottom 82
1608020007820001278 : Checking image 1 border left 175
1608020007820036381 : Checking image 1 border right 175
1608020007822147169 : Checking image 2 dpi 300
1608020007822230876 : Checking image 2 border top 204
1608020007822264879 : Checking image 2 border bottom 96
1608020007822297782 : Checking image 2 border left 169
1608020007822331085 : Checking image 2 border right 169

</system-out><system-err>--------------------------------- Captured Err ---------------------------------

</system-err></testcase><testcase classname="tests.test_images" name="test_no_split_line_wave_algo_png" time="74.739"><system-out>--------------------------------- Captured Log ---------------------------------

--------------------------------- Captured Out ---------------------------------
/home/runner/work/ocr-book/ocr-book/tests/no_split_line_wave_algo.png
1608019980887401915 : Checking separation double page angle 89.93095154476828
1608019980887515226 : Checking separation double page y=0 2484
1608019987903710581 : Checking page rotation 1 0.0
1608019998548439666 : Checking page rotation 2 -0.49999999999999434
1608020009569216719 : Checking image 1 crop x1 97
1608020009569300427 : Checking image 1 crop y1 27
1608020009569337630 : Checking image 1 crop x2 2486
1608020009569373933 : Checking image 1 crop y2 3505
1608020017401983868 : Checking image 2 crop x1 163
1608020017402126181 : Checking image 2 crop y1 266
1608020017402168484 : Checking image 2 crop x2 2238
1608020017402203987 : Checking image 2 crop y2 3381
1608020017446958790 : Checking image 1 dpi 300
1608020017447077701 : Checking image 1 border top 15
1608020017447115404 : Checking image 1 border bottom 15
1608020017447149307 : Checking image 1 border left 46
1608020017447182810 : Checking image 1 border right 46
1608020017449403903 : Checking image 2 dpi 300
1608020017449499412 : Checking image 2 border top 254
1608020017449534815 : Checking image 2 border bottom 118
1608020017449568218 : Checking image 2 border left 192
1608020017449601821 : Checking image 2 border right 192

</system-out><system-err>--------------------------------- Captured Err ---------------------------------

</system-err></testcase><testcase classname="tests.test_images" name="test_no_split_line_wave_algo_2_png" time="63.989"><system-out>--------------------------------- Captured Log ---------------------------------

--------------------------------- Captured Out ---------------------------------
/home/runner/work/ocr-book/ocr-book/tests/no_split_line_wave_algo_2.png
1608020048028815393 : Checking separation double page angle 90.5
1608020048028920102 : Checking separation double page y=0 2478
1608020056505963934 : Checking page rotation 1 1.1500000000000001
1608020065727448432 : Checking page rotation 2 0.2
1608020068903552902 : Checking image 1 crop x1 266
1608020068903686813 : Checking image 1 crop y1 209
1608020068903726216 : Checking image 1 crop x2 2342
1608020068903763019 : Checking image 1 crop y2 3413
1608020071771551488 : Checking image 2 crop x1 165
1608020071771682399 : Checking image 2 crop y1 241
1608020071771721602 : Checking image 2 crop x2 2248
1608020071771759305 : Checking image 2 crop y2 3433
1608020071813990858 : Checking image 1 dpi 300
1608020071814103267 : Checking image 1 border top 191
1608020071814139270 : Checking image 1 border bottom 92
1608020071814175473 : Checking image 1 border left 192
1608020071814208576 : Checking image 1 border right 192
1608020071816304742 : Checking image 2 dpi 300
1608020071816385349 : Checking image 2 border top 224
1608020071816420251 : Checking image 2 border bottom 71
1608020071816452454 : Checking image 2 border left 188
1608020071816484757 : Checking image 2 border right 188

</system-out><system-err>--------------------------------- Captured Err ---------------------------------

</system-err></testcase><testcase classname="tests.test_images" name="test_crop_too_few_2_png" time="58.941"><system-out>--------------------------------- Captured Log ---------------------------------

--------------------------------- Captured Out ---------------------------------
/home/runner/work/ocr-book/ocr-book/tests/crop_too_few_2.png
1608020055096223735 : Checking separation double page angle 90.3480629671595
1608020055096327343 : Checking separation double page y=0 2534
1608020063551537371 : Checking page rotation 1 1.2000000000000002
1608020070368777007 : Checking page rotation 2 -0.09999999999999377
1608020073640524115 : Checking image 1 crop x1 287
1608020073640668927 : Checking image 1 crop y1 165
1608020073640709330 : Checking image 1 crop x2 2398
1608020073640744433 : Checking image 1 crop y2 3368
1608020076414726465 : Checking image 2 crop x1 148
1608020076414870276 : Checking image 2 crop y1 188
1608020076414910180 : Checking image 2 crop x2 2274
1608020076414946882 : Checking image 2 crop y2 3386
1608020076454366888 : Checking image 1 dpi 300
1608020076454479096 : Checking image 1 border top 140
1608020076454516299 : Checking image 1 border bottom 144
1608020076454552002 : Checking image 1 border left 174
1608020076454586105 : Checking image 1 border right 174
1608020076456767777 : Checking image 2 dpi 300
1608020076456857284 : Checking image 2 border top 175
1608020076456892187 : Checking image 2 border bottom 114
1608020076456925689 : Checking image 2 border left 167
1608020076456958992 : Checking image 2 border right 167

</system-out><system-err>--------------------------------- Captured Err ---------------------------------

</system-err></testcase><testcase classname="tests.test_images" name="test_failed_detect_rectangle_png" time="79.062"><system-out>--------------------------------- Captured Log ---------------------------------

--------------------------------- Captured Out ---------------------------------
/home/runner/work/ocr-book/ocr-book/tests/failed_detect_rectangle.png
1608020120699198687 : Checking separation double page angle 90.22337516213149
1608020120699303295 : Checking separation double page y=0 2474
1608020131362253250 : Checking page rotation 1 0.2
1608020144099590013 : Checking page rotation 2 0.2
1608020147298450348 : Checking image 1 crop x1 257
1608020147298581557 : Checking image 1 crop y1 201
1608020147298620560 : Checking image 1 crop x2 2333
1608020147298778371 : Checking image 1 crop y2 3402
1608020150807049071 : Checking image 2 crop x1 137
1608020150807180480 : Checking image 2 crop y1 215
1608020150807219283 : Checking image 2 crop x2 2220
1608020150807256085 : Checking image 2 crop y2 3406
1608020150861895543 : Checking image 1 dpi 300
1608020150862010751 : Checking image 1 border top 188
1608020150862053554 : Checking image 1 border bottom 97
1608020150862089957 : Checking image 1 border left 192
1608020150862123159 : Checking image 1 border right 192
1608020150864398320 : Checking image 2 dpi 300
1608020150864546430 : Checking image 2 border top 201
1608020150864619336 : Checking image 2 border bottom 95
1608020150864659638 : Checking image 2 border left 188
1608020150864692441 : Checking image 2 border right 188

</system-out><system-err>--------------------------------- Captured Err ---------------------------------

</system-err></testcase><testcase classname="tests.test_images" name="test_single_page_png" time="27.267"><system-out>--------------------------------- Captured Log ---------------------------------

--------------------------------- Captured Out ---------------------------------
/home/runner/work/ocr-book/ocr-book/tests/single_page.png
1608020088438636797 : Checking separation double page angle 90.0
1608020088438752906 : Checking separation double page y=0 2476
1608020094176080468 : Checking page rotation 1 0.0
1608020094757602591 : Checking page rotation 2 0.0
1608020102755397041 : Checking image 1 crop x1 1
1608020102755484548 : Checking image 1 crop y1 8
1608020102755524751 : Checking image 1 crop x2 2470
1608020102755560554 : Checking image 1 crop y2 3505
1608020103368773489 : Checking image 2 crop x1 0
1608020103368848295 : Checking image 2 crop y1 0
1608020103368881698 : Checking image 2 crop x2 0
1608020103368913200 : Checking image 2 crop y2 0
1608020103368991506 : Checking image 1 dpi 300
1608020103369060011 : Checking image 1 border top 5
1608020103369094214 : Checking image 1 border bottom 5
1608020103369127416 : Checking image 1 border left 6
1608020103369161319 : Checking image 1 border right 6
1608020103375143170 : Checking image 2 border top 0
1608020103375214776 : Checking image 2 border bottom 0
1608020103375246978 : Checking image 2 border left 0
1608020103375279381 : Checking image 2 border right 0

</system-out><system-err>--------------------------------- Captured Err ---------------------------------

</system-err></testcase><testcase classname="tests.test_images" name="test_no_split_line_wave_algo_3_png" time="21.488"><system-out>--------------------------------- Captured Log ---------------------------------

--------------------------------- Captured Out ---------------------------------
/home/runner/work/ocr-book/ocr-book/tests/no_split_line_wave_algo_3.png
1608020163602477105 : Checking separation double page angle 90.19999999999999
1608020163602583313 : Checking separation double page y=0 2408
1608020166795788745 : Checking page rotation 1 0.0
1608020167193121597 : Checking page rotation 2 0.15000000000000002
1608020171850312416 : Checking image 1 crop x1 184
1608020171850425424 : Checking image 1 crop y1 2957
1608020171850461026 : Checking image 1 crop x2 2201
1608020171850493329 : Checking image 1 crop y2 3202
1608020172348155983 : Checking image 2 crop x1 0
1608020172348224588 : Checking image 2 crop y1 0
1608020172348253490 : Checking image 2 crop x2 0
1608020172348280992 : Checking image 2 crop y2 0
1608020172348360997 : Checking image 1 dpi 300
1608020172348427602 : Checking image 1 border top 2950
1608020172348460704 : Checking image 1 border bottom 292
1608020172348491006 : Checking image 1 border left 221
1608020172348522608 : Checking image 1 border right 221
1608020172357091896 : Checking image 2 border top 0
1608020172357152200 : Checking image 2 border bottom 0
1608020172357180802 : Checking image 2 border left 0
1608020172357209904 : Checking image 2 border right 0

</system-out><system-err>--------------------------------- Captured Err ---------------------------------

</system-err></testcase></testsuite></testsuites>