<?xml version="1.0" encoding="utf-8"?><testsuites><testsuite name="pytest" errors="0" failures="0" skipped="0" tests="36" time="601.387" timestamp="2021-01-02T20:20:57.712318" hostname="fv-az102-78"><testcase classname="tests.test_features" name="test_disabled_enable_debug" time="35.376"><system-out>--------------------------------- Captured Log ---------------------------------

--------------------------------- Captured Out ---------------------------------
/home/runner/work/ocr-book/ocr-book/tests/0001_debug.png
separation double page angle 90.5528088189967
separation double page y=0 2485
page rotation 1 0.5499999999999999
page rotation 2 0.2
image 1 crop x1 327
image 1 crop y1 334
image 1 crop x2 2346
image 1 crop y2 3221
image 2 crop x1 169
image 2 crop y1 648
image 2 crop x2 2186
image 2 crop y2 3361
image 1 dpi 300
image 1 border top 332
image 1 border bottom 268
image 1 border left 220
image 1 border right 220
image 2 dpi 300
image 2 border top 643
image 2 border bottom 131
image 2 border left 221
image 2 border right 221

</system-out><system-err>--------------------------------- Captured Err ---------------------------------

</system-err></testcase><testcase classname="tests.test_features" name="test_mock_stop_at_0" time="0.066"><system-out>--------------------------------- Captured Log ---------------------------------

--------------------------------- Captured Out ---------------------------------
/home/runner/work/ocr-book/ocr-book/tests/0001_0.png

</system-out><system-err>--------------------------------- Captured Err ---------------------------------

</system-err></testcase><testcase classname="tests.test_features" name="test_mock_stop_at_2" time="30.925"><system-out>--------------------------------- Captured Log ---------------------------------

--------------------------------- Captured Out ---------------------------------
/home/runner/work/ocr-book/ocr-book/tests/0001_2.png
separation double page angle 90.5528088189967
separation double page y=0 2485
page rotation 1 0.5499999999999999
page rotation 2 0.2

</system-out><system-err>--------------------------------- Captured Err ---------------------------------

</system-err></testcase><testcase classname="tests.test_features" name="test_mock_stop_at_4" time="34.970"><system-out>--------------------------------- Captured Log ---------------------------------

--------------------------------- Captured Out ---------------------------------
/home/runner/work/ocr-book/ocr-book/tests/0001_4.png
separation double page angle 90.5528088189967
separation double page y=0 2485
page rotation 1 0.5499999999999999
page rotation 2 0.2
image 1 crop x1 327
image 1 crop y1 334
image 1 crop x2 2346
image 1 crop y2 3221
image 2 crop x1 169
image 2 crop y1 648
image 2 crop x2 2186
image 2 crop y2 3361
image 1 dpi 300
image 1 border top 332
image 1 border bottom 268
image 1 border left 220
image 1 border right 220
image 2 dpi 300
image 2 border top 643
image 2 border bottom 131
image 2 border left 221
image 2 border right 221

</system-out><system-err>--------------------------------- Captured Err ---------------------------------

</system-err></testcase><testcase classname="tests.test_features" name="test_mock_stop_at_1" time="28.128"><system-out>--------------------------------- Captured Log ---------------------------------

--------------------------------- Captured Out ---------------------------------
/home/runner/work/ocr-book/ocr-book/tests/0001_1.png
separation double page angle 90.5528088189967
separation double page y=0 2485

</system-out><system-err>--------------------------------- Captured Err ---------------------------------

</system-err></testcase><testcase classname="tests.test_features" name="test_mock_stop_at_3" time="34.438"><system-out>--------------------------------- Captured Log ---------------------------------

--------------------------------- Captured Out ---------------------------------
/home/runner/work/ocr-book/ocr-book/tests/0001_3.png
separation double page angle 90.5528088189967
separation double page y=0 2485
page rotation 1 0.5499999999999999
page rotation 2 0.2
image 1 crop x1 327
image 1 crop y1 334
image 1 crop x2 2346
image 1 crop y2 3221
image 2 crop x1 169
image 2 crop y1 648
image 2 crop x2 2186
image 2 crop y2 3361

</system-out><system-err>--------------------------------- Captured Err ---------------------------------

</system-err></testcase><testcase classname="tests.test_images" name="test_0001_png" time="33.923"><system-out>--------------------------------- Captured Log ---------------------------------

--------------------------------- Captured Out ---------------------------------
/home/runner/work/ocr-book/ocr-book/tests/0001.png
1609618952901441739 : Checking separation double page angle 90.5528088189967
1609618952901565439 : Checking separation double page y=0 2485
1609618954033947779 : Checking page rotation 1 0.5499999999999999
1609618955338052010 : Checking page rotation 2 0.2
1609618957497707912 : Checking image 1 crop x1 327
1609618957497825512 : Checking image 1 crop y1 334
1609618957497871612 : Checking image 1 crop x2 2346
1609618957497907812 : Checking image 1 crop y2 3221
1609618959169320557 : Checking image 2 crop x1 169
1609618959169441257 : Checking image 2 crop y1 648
1609618959169483557 : Checking image 2 crop x2 2186
1609618959169519557 : Checking image 2 crop y2 3361
1609618959169704557 : Checking image 1 dpi 300
1609618959169778957 : Checking image 1 border top 332
1609618959169815857 : Checking image 1 border bottom 268
1609618959169853657 : Checking image 1 border left 220
1609618959169887957 : Checking image 1 border right 220
1609618959171981058 : Checking image 2 dpi 300
1609618959172069658 : Checking image 2 border top 643
1609618959172104858 : Checking image 2 border bottom 131
1609618959172139058 : Checking image 2 border left 221
1609618959172172858 : Checking image 2 border right 221

</system-out><system-err>--------------------------------- Captured Err ---------------------------------

</system-err></testcase><testcase classname="tests.test_features" name="test_mock_stop_at_5" time="34.695"><system-out>--------------------------------- Captured Log ---------------------------------

--------------------------------- Captured Out ---------------------------------
/home/runner/work/ocr-book/ocr-book/tests/0001_5.png
separation double page angle 90.5528088189967
separation double page y=0 2485
page rotation 1 0.5499999999999999
page rotation 2 0.2
image 1 crop x1 327
image 1 crop y1 334
image 1 crop x2 2346
image 1 crop y2 3221
image 2 crop x1 169
image 2 crop y1 648
image 2 crop x2 2186
image 2 crop y2 3361
image 1 dpi 300
image 1 border top 332
image 1 border bottom 268
image 1 border left 220
image 1 border right 220
image 2 dpi 300
image 2 border top 643
image 2 border bottom 131
image 2 border left 221
image 2 border right 221

</system-out><system-err>--------------------------------- Captured Err ---------------------------------

</system-err></testcase><testcase classname="tests.test_images" name="test_black_border_not_removed_png" time="36.816"><system-out>--------------------------------- Captured Log ---------------------------------

--------------------------------- Captured Out ---------------------------------
/home/runner/work/ocr-book/ocr-book/tests/black-border-not-removed.png
1609618987939170714 : Checking separation double page angle 90.033171103531
1609618987939278614 : Checking separation double page y=0 2455
1609618989181735461 : Checking page rotation 1 0.0
1609618990740662324 : Checking page rotation 2 0.05
1609618993709250348 : Checking image 1 crop x1 297
1609618993709373548 : Checking image 1 crop y1 143
1609618993709413348 : Checking image 1 crop x2 2309
1609618993709448948 : Checking image 1 crop y2 3346
1609618995988247050 : Checking image 2 crop x1 157
1609618995988366150 : Checking image 2 crop y1 145
1609618995988406451 : Checking image 2 crop x2 2170
1609618995988444351 : Checking image 2 crop y2 3351
1609618995988620751 : Checking image 1 dpi 300
1609618995988693852 : Checking image 1 border top 132
1609618995988728752 : Checking image 1 border bottom 152
1609618995988764252 : Checking image 1 border left 224
1609618995988798052 : Checking image 1 border right 224
1609618995990647760 : Checking image 2 dpi 300
1609618995990735660 : Checking image 2 border top 134
1609618995990771360 : Checking image 2 border bottom 147
1609618995990805561 : Checking image 2 border left 223
1609618995990839161 : Checking image 2 border right 223

</system-out><system-err>--------------------------------- Captured Err ---------------------------------

</system-err></testcase><testcase classname="tests.test_images" name="test_2_pages_2_contours_png" time="21.592"><system-out>--------------------------------- Captured Log ---------------------------------

--------------------------------- Captured Out ---------------------------------
/home/runner/work/ocr-book/ocr-book/tests/2-pages-2-contours.png
1609619008952263947 : Checking separation double page angle 90.09036871657068
1609619008952388348 : Checking separation double page y=0 2486
1609619009534184116 : Checking page rotation 1 0.0
1609619010702396575 : Checking page rotation 2 0.2
1609619011588088444 : Checking image 1 crop x1 1191
1609619011588188944 : Checking image 1 crop y1 1750
1609619011588225044 : Checking image 1 crop x2 1192
1609619011588255444 : Checking image 1 crop y2 1751
1609619013535903735 : Checking image 2 crop x1 99
1609619013536013136 : Checking image 2 crop y1 240
1609619013536050236 : Checking image 2 crop x2 2147
1609619013536085236 : Checking image 2 crop y2 3240
1609619013536250836 : Checking image 1 dpi 300
1609619013536317536 : Checking image 1 border top 1752
1609619013536353636 : Checking image 1 border bottom 1753
1609619013536385136 : Checking image 1 border left 1239
1609619013536419136 : Checking image 1 border right 1239
1609619013538023438 : Checking image 2 dpi 300
1609619013538105138 : Checking image 2 border top 229
1609619013538138338 : Checking image 2 border bottom 258
1609619013538170238 : Checking image 2 border left 206
1609619013538201638 : Checking image 2 border right 206

</system-out><system-err>--------------------------------- Captured Err ---------------------------------

</system-err></testcase><testcase classname="tests.test_images" name="test_image_failed_to_rotate_png" time="39.205"><system-out>--------------------------------- Captured Log ---------------------------------

--------------------------------- Captured Out ---------------------------------
/home/runner/work/ocr-book/ocr-book/tests/image_failed_to_rotate.png
1609619023285898128 : Checking separation double page angle 90.26767669076624
1609619023286014829 : Checking separation double page y=0 2480
1609619025346213752 : Checking page rotation 1 0.45
1609619026541404512 : Checking page rotation 2 0.2
1609619032565620567 : Checking image 1 crop x1 31
1609619032565749868 : Checking image 1 crop y1 1
1609619032565789868 : Checking image 1 crop x2 2478
1609619032565827368 : Checking image 1 crop y2 3504
1609619035092082121 : Checking image 2 crop x1 169
1609619035092207922 : Checking image 2 crop y1 231
1609619035092247922 : Checking image 2 crop x2 2257
1609619035092286123 : Checking image 2 crop y2 3358
1609619035092473124 : Checking image 1 dpi 300
1609619035092552724 : Checking image 1 border top 2
1609619035092590325 : Checking image 1 border bottom 2
1609619035092626525 : Checking image 1 border left 17
1609619035092662025 : Checking image 1 border right 17
1609619035095388943 : Checking image 2 dpi 300
1609619035095480144 : Checking image 2 border top 218
1609619035095515144 : Checking image 2 border bottom 142
1609619035095549145 : Checking image 2 border left 186
1609619035095582745 : Checking image 2 border right 186

</system-out><system-err>--------------------------------- Captured Err ---------------------------------

</system-err></testcase><testcase classname="tests.test_images" name="test_wrong_split_line_png" time="26.883"><system-out>--------------------------------- Captured Log ---------------------------------

--------------------------------- Captured Out ---------------------------------
/home/runner/work/ocr-book/ocr-book/tests/wrong_split_line.png
1609619034855479633 : Checking separation double page angle 89.93395720607973
1609619034855595334 : Checking separation double page y=0 2465
1609619035859378070 : Checking page rotation 1 -0.04999999999999689
1609619036896485693 : Checking page rotation 2 0.5499999999999999
1609619038242564072 : Checking image 1 crop x1 211
1609619038242681073 : Checking image 1 crop y1 156
1609619038242722073 : Checking image 1 crop x2 2323
1609619038242758873 : Checking image 1 crop y2 3363
1609619040416902175 : Checking image 2 crop x1 125
1609619040417016676 : Checking image 2 crop y1 166
1609619040417056077 : Checking image 2 crop x2 2236
1609619040417094977 : Checking image 2 crop y2 3373
1609619040417284178 : Checking image 1 dpi 300
1609619040417359079 : Checking image 1 border top 134
1609619040417393979 : Checking image 1 border bottom 146
1609619040417427879 : Checking image 1 border left 174
1609619040417463879 : Checking image 1 border right 174
1609619040419375792 : Checking image 2 dpi 300
1609619040419459793 : Checking image 2 border top 146
1609619040419494993 : Checking image 2 border bottom 134
1609619040419529293 : Checking image 2 border left 174
1609619040419563193 : Checking image 2 border right 174

</system-out><system-err>--------------------------------- Captured Err ---------------------------------

</system-err></testcase><testcase classname="tests.test_images" name="test_image_failed_to_crop_data_png" time="51.478"><system-out>--------------------------------- Captured Log ---------------------------------

--------------------------------- Captured Out ---------------------------------
/home/runner/work/ocr-book/ocr-book/tests/image_failed_to_crop_data.png
1609619066959222763 : Checking separation double page angle 90.053197600644
1609619066959339064 : Checking separation double page y=0 2480
1609619072035637948 : Checking page rotation 1 0.15000000000000002
1609619073128968019 : Checking page rotation 2 0.0
1609619083940121627 : Checking image 1 crop x1 51
1609619083940247028 : Checking image 1 crop y1 7
1609619083940290229 : Checking image 1 crop x2 2478
1609619083940328129 : Checking image 1 crop y2 3505
1609619086613669848 : Checking image 2 crop x1 160
1609619086613796749 : Checking image 2 crop y1 217
1609619086613837049 : Checking image 2 crop x2 2242
1609619086613875149 : Checking image 2 crop y2 3350
1609619086614069051 : Checking image 1 dpi 300
1609619086614147251 : Checking image 1 border top 5
1609619086614183852 : Checking image 1 border bottom 5
1609619086614219352 : Checking image 1 border left 27
1609619086614255052 : Checking image 1 border right 27
1609619086616112565 : Checking image 2 dpi 300
1609619086616209265 : Checking image 2 border top 206
1609619086616248166 : Checking image 2 border bottom 148
1609619086616282866 : Checking image 2 border left 189
1609619086616317166 : Checking image 2 border right 189

</system-out><system-err>--------------------------------- Captured Err ---------------------------------

</system-err></testcase><testcase classname="tests.test_images" name="test_crop_too_much_png" time="44.147"><system-out>--------------------------------- Captured Log ---------------------------------

--------------------------------- Captured Out ---------------------------------
/home/runner/work/ocr-book/ocr-book/tests/crop_too_much.png
1609619077257478119 : Checking separation double page angle 90.13239409272954
1609619077257592520 : Checking separation double page y=0 2455
1609619079016985175 : Checking page rotation 1 0.0
1609619080620245269 : Checking page rotation 2 0.2
1609619082862194003 : Checking image 1 crop x1 303
1609619082862312404 : Checking image 1 crop y1 148
1609619082862352404 : Checking image 1 crop x2 2313
1609619082862387704 : Checking image 1 crop y2 3351
1609619084548112269 : Checking image 2 crop x1 162
1609619084548235270 : Checking image 2 crop y1 151
1609619084548274370 : Checking image 2 crop x2 2186
1609619084548311171 : Checking image 2 crop y2 3363
1609619084548489372 : Checking image 1 dpi 300
1609619084548561072 : Checking image 1 border top 132
1609619084548596373 : Checking image 1 border bottom 152
1609619084548630773 : Checking image 1 border left 225
1609619084548666373 : Checking image 1 border right 225
1609619084550621986 : Checking image 2 dpi 300
1609619084550706287 : Checking image 2 border top 132
1609619084550740787 : Checking image 2 border bottom 143
1609619084550774787 : Checking image 2 border left 218
1609619084550808788 : Checking image 2 border right 218

</system-out><system-err>--------------------------------- Captured Err ---------------------------------

</system-err></testcase><testcase classname="tests.test_images" name="test_crop_too_few_png" time="28.411"><system-out>--------------------------------- Captured Log ---------------------------------

--------------------------------- Captured Out ---------------------------------
/home/runner/work/ocr-book/ocr-book/tests/crop_too_few.png
1609619107044396521 : Checking separation double page angle 89.54670238452755
1609619107044501222 : Checking separation double page y=0 2512
1609619108045046538 : Checking page rotation 1 -0.6000000000000009
1609619109356689156 : Checking page rotation 2 0.0
1609619111103873036 : Checking image 1 crop x1 263
1609619111103988337 : Checking image 1 crop y1 150
1609619111104029037 : Checking image 1 crop x2 2379
1609619111104065037 : Checking image 1 crop y2 3358
1609619112986331135 : Checking image 2 crop x1 137
1609619112986449936 : Checking image 2 crop y1 141
1609619112986489436 : Checking image 2 crop x2 2259
1609619112986526637 : Checking image 2 crop y2 3345
1609619112986700938 : Checking image 1 dpi 300
1609619112986778038 : Checking image 1 border top 130
1609619112986812739 : Checking image 1 border bottom 149
1609619112986846839 : Checking image 1 border left 172
1609619112986882239 : Checking image 1 border right 172
1609619112988889053 : Checking image 2 dpi 300
1609619112988978853 : Checking image 2 border top 130
1609619112989014554 : Checking image 2 border bottom 153
1609619112989048754 : Checking image 2 border left 169
1609619112989082654 : Checking image 2 border right 169

</system-out><system-err>--------------------------------- Captured Err ---------------------------------

</system-err></testcase><testcase classname="tests.test_images" name="test_wrong_angle_split_line_png" time="33.340"><system-out>--------------------------------- Captured Log ---------------------------------

--------------------------------- Captured Out ---------------------------------
/home/runner/work/ocr-book/ocr-book/tests/wrong_angle_split_line.png
1609619106114713488 : Checking separation double page angle 90.09193420006348
1609619106114828389 : Checking separation double page y=0 2478
1609619107474998555 : Checking page rotation 1 0.1
1609619108648439141 : Checking page rotation 2 0.1
1609619114775324999 : Checking image 1 crop x1 58
1609619114775456800 : Checking image 1 crop y1 6
1609619114775498800 : Checking image 1 crop x2 2476
1609619114775536900 : Checking image 1 crop y2 3501
1609619119236206089 : Checking image 2 crop x1 166
1609619119236337090 : Checking image 2 crop y1 218
1609619119236377391 : Checking image 2 crop x2 2244
1609619119236417291 : Checking image 2 crop y2 3349
1609619119236612192 : Checking image 1 dpi 300
1609619119236695393 : Checking image 1 border top 6
1609619119236732493 : Checking image 1 border bottom 6
1609619119236767893 : Checking image 1 border left 31
1609619119236803193 : Checking image 1 border right 31
1609619119244199544 : Checking image 2 dpi 300
1609619119244307944 : Checking image 2 border top 207
1609619119244344345 : Checking image 2 border bottom 149
1609619119244378245 : Checking image 2 border left 191
1609619119244412145 : Checking image 2 border right 191

</system-out><system-err>--------------------------------- Captured Err ---------------------------------

</system-err></testcase><testcase classname="tests.test_images" name="test_crop_too_much_2_png" time="51.469"><system-out>--------------------------------- Captured Log ---------------------------------

--------------------------------- Captured Out ---------------------------------
/home/runner/work/ocr-book/ocr-book/tests/crop_too_much_2.png
1609619155855263815 : Checking separation double page angle 90.1149074900787
1609619155855382716 : Checking separation double page y=0 2478
1609619157550280761 : Checking page rotation 1 0.15000000000000002
1609619159503738274 : Checking page rotation 2 0.2
1609619161511994760 : Checking image 1 crop x1 330
1609619161512111561 : Checking image 1 crop y1 132
1609619161512151961 : Checking image 1 crop x2 2342
1609619161512187161 : Checking image 1 crop y2 3335
1609619164420353378 : Checking image 2 crop x1 162
1609619164420470879 : Checking image 2 crop y1 139
1609619164420511579 : Checking image 2 crop x2 2175
1609619164420548979 : Checking image 2 crop y2 3345
1609619164420734681 : Checking image 1 dpi 300
1609619164420809881 : Checking image 1 border top 122
1609619164420845181 : Checking image 1 border bottom 162
1609619164420879282 : Checking image 1 border left 224
1609619164420914982 : Checking image 1 border right 224
1609619164422914096 : Checking image 2 dpi 300
1609619164423004496 : Checking image 2 border top 130
1609619164423039696 : Checking image 2 border bottom 151
1609619164423073797 : Checking image 2 border left 223
1609619164423107497 : Checking image 2 border right 223

</system-out><system-err>--------------------------------- Captured Err ---------------------------------

</system-err></testcase><testcase classname="tests.test_images" name="test_angle_page_lower_split_line_png" time="33.594"><system-out>--------------------------------- Captured Log ---------------------------------

--------------------------------- Captured Out ---------------------------------
/home/runner/work/ocr-book/ocr-book/tests/angle_page_lower_split_line.png
1609619146527279214 : Checking separation double page angle 89.74927707086691
1609619146527484816 : Checking separation double page y=0 2474
1609619148004187252 : Checking page rotation 1 -0.14999999999999067
1609619149386581455 : Checking page rotation 2 0.1
1609619151643099390 : Checking image 1 crop x1 241
1609619151643226391 : Checking image 1 crop y1 156
1609619151643266691 : Checking image 1 crop x2 2357
1609619151643304491 : Checking image 1 crop y2 3368
1609619153624975859 : Checking image 2 crop x1 149
1609619153625101659 : Checking image 2 crop y1 146
1609619153625144260 : Checking image 2 crop x2 2259
1609619153625182660 : Checking image 2 crop y2 3351
1609619153625368161 : Checking image 1 dpi 300
1609619153625448062 : Checking image 1 border top 140
1609619153625483162 : Checking image 1 border bottom 135
1609619153625519462 : Checking image 1 border left 172
1609619153625554963 : Checking image 1 border right 172
1609619153627964379 : Checking image 2 dpi 300
1609619153628057380 : Checking image 2 border top 129
1609619153628092880 : Checking image 2 border bottom 152
1609619153628127180 : Checking image 2 border left 175
1609619153628161480 : Checking image 2 border right 175

</system-out><system-err>--------------------------------- Captured Err ---------------------------------

</system-err></testcase><testcase classname="tests.test_images" name="test_wrong_wave_split_line_png" time="48.656"><system-out>--------------------------------- Captured Log ---------------------------------

--------------------------------- Captured Out ---------------------------------
/home/runner/work/ocr-book/ocr-book/tests/wrong_wave_split_line.png
1609619189935517939 : Checking separation double page angle 90.37878604107719
1609619189935630740 : Checking separation double page y=0 2500
1609619191187671557 : Checking page rotation 1 -0.14999999999999067
1609619192546534900 : Checking page rotation 2 0.9
1609619197288266451 : Checking image 1 crop x1 385
1609619197288389952 : Checking image 1 crop y1 179
1609619197288429952 : Checking image 1 crop x2 2411
1609619197288465352 : Checking image 1 crop y2 3374
1609619202270499923 : Checking image 2 crop x1 17
1609619202270640324 : Checking image 2 crop y1 8
1609619202270683824 : Checking image 2 crop x2 2399
1609619202270722524 : Checking image 2 crop y2 3391
1609619202270885125 : Checking image 1 dpi 300
1609619202270963526 : Checking image 1 border top 173
1609619202270999226 : Checking image 1 border bottom 119
1609619202271034626 : Checking image 1 border left 217
1609619202271069727 : Checking image 1 border right 217
1609619202273416043 : Checking image 2 dpi 300
1609619202273514643 : Checking image 2 border top 0
1609619202273553944 : Checking image 2 border bottom 114
1609619202273587344 : Checking image 2 border left 49
1609619202273621544 : Checking image 2 border right 49

</system-out><system-err>--------------------------------- Captured Err ---------------------------------

</system-err></testcase><testcase classname="tests.test_images" name="test_wrong_split_line_2_png" time="49.916"><system-out>--------------------------------- Captured Log ---------------------------------

--------------------------------- Captured Out ---------------------------------
/home/runner/work/ocr-book/ocr-book/tests/wrong_split_line_2.png
1609619201030310791 : Checking separation double page angle 90.19944704411863
1609619201030416492 : Checking separation double page y=0 2437
1609619202936295049 : Checking page rotation 1 0.2
1609619204670537162 : Checking page rotation 2 0.2
1609619208351518259 : Checking image 1 crop x1 294
1609619208351638460 : Checking image 1 crop y1 136
1609619208351675960 : Checking image 1 crop x2 2325
1609619208351714560 : Checking image 1 crop y2 3376
1609619214351775708 : Checking image 2 crop x1 136
1609619214351922409 : Checking image 2 crop y1 190
1609619214351968309 : Checking image 2 crop x2 2172
1609619214352007109 : Checking image 2 crop y2 3389
1609619214352191710 : Checking image 1 dpi 300
1609619214352270111 : Checking image 1 border top 131
1609619214352305011 : Checking image 1 border bottom 116
1609619214352338811 : Checking image 1 border left 214
1609619214352378112 : Checking image 1 border right 214
1609619214354338725 : Checking image 2 dpi 300
1609619214354424126 : Checking image 2 border top 181
1609619214354459426 : Checking image 2 border bottom 107
1609619214354493126 : Checking image 2 border left 212
1609619214354526726 : Checking image 2 border right 212

</system-out><system-err>--------------------------------- Captured Err ---------------------------------

</system-err></testcase><testcase classname="tests.test_images" name="test_no_split_line_line_algo_png" time="32.701"><system-out>--------------------------------- Captured Log ---------------------------------

--------------------------------- Captured Out ---------------------------------
/home/runner/work/ocr-book/ocr-book/tests/no_split_line_line_algo.png
1609619227350431009 : Checking separation double page angle 89.47691469185418
1609619227350546410 : Checking separation double page y=0 2476
1609619228347444386 : Checking page rotation 1 -0.14999999999999067
1609619229915119732 : Checking page rotation 2 -0.14999999999999067
1609619231286902647 : Checking image 1 crop x1 205
1609619231287035748 : Checking image 1 crop y1 158
1609619231287076348 : Checking image 1 crop x2 2320
1609619231287115049 : Checking image 1 crop y2 3366
1609619235001172770 : Checking image 2 crop x1 185
1609619235001300371 : Checking image 2 crop y1 225
1609619235001341671 : Checking image 2 crop x2 2204
1609619235001379671 : Checking image 2 crop y2 3362
1609619235001567573 : Checking image 1 dpi 300
1609619235001646173 : Checking image 1 border top 144
1609619235001681273 : Checking image 1 border bottom 134
1609619235001716474 : Checking image 1 border left 172
1609619235001750574 : Checking image 1 border right 172
1609619235004199991 : Checking image 2 dpi 300
1609619235004294991 : Checking image 2 border top 223
1609619235004330891 : Checking image 2 border bottom 127
1609619235004364892 : Checking image 2 border left 220
1609619235004398592 : Checking image 2 border right 220

</system-out><system-err>--------------------------------- Captured Err ---------------------------------

</system-err></testcase><testcase classname="tests.test_images" name="test_small_wave_png" time="46.327"><system-out>--------------------------------- Captured Log ---------------------------------

--------------------------------- Captured Out ---------------------------------
/home/runner/work/ocr-book/ocr-book/tests/small_wave.png
1609619254889692912 : Checking separation double page angle 90.58816928841564
1609619254889806413 : Checking separation double page y=0 2497
1609619256715250699 : Checking page rotation 1 0.65
1609619258235983317 : Checking page rotation 2 0.65
1609619259411766896 : Checking image 1 crop x1 320
1609619259411897796 : Checking image 1 crop y1 199
1609619259411939197 : Checking image 1 crop x2 2353
1609619259411974597 : Checking image 1 crop y2 3394
1609619260681813716 : Checking image 2 crop x1 130
1609619260681921017 : Checking image 2 crop y1 222
1609619260681961117 : Checking image 2 crop x2 2163
1609619260682000117 : Checking image 2 crop y2 3420
1609619260682167118 : Checking image 1 dpi 300
1609619260682241319 : Checking image 1 border top 179
1609619260682276819 : Checking image 1 border bottom 112
1609619260682311219 : Checking image 1 border left 213
1609619260682346819 : Checking image 1 border right 213
1609619260684342533 : Checking image 2 dpi 300
1609619260684429234 : Checking image 2 border top 197
1609619260684463934 : Checking image 2 border bottom 92
1609619260684498334 : Checking image 2 border left 213
1609619260684532234 : Checking image 2 border right 213

</system-out><system-err>--------------------------------- Captured Err ---------------------------------

</system-err></testcase><testcase classname="tests.test_images" name="test_failed_split_line_line_algo_png" time="17.241"><system-out>--------------------------------- Captured Log ---------------------------------

--------------------------------- Captured Out ---------------------------------
/home/runner/work/ocr-book/ocr-book/tests/failed_split_line_line_algo.png
1609619248429975659 : Checking separation double page angle 90.04134220573248
1609619248430082959 : Checking separation double page y=0 2573
1609619249148505938 : Checking page rotation 1 -0.09999999999999377
1609619249741193363 : Checking page rotation 2 0.1
1609619251399028022 : Checking image 1 crop x1 408
1609619251399150622 : Checking image 1 crop y1 2926
1609619251399187823 : Checking image 1 crop x2 2420
1609619251399220923 : Checking image 1 crop y2 3173
1609619252271595347 : Checking image 2 crop x1 1184
1609619252271699048 : Checking image 2 crop y1 1745
1609619252271733648 : Checking image 2 crop x2 1185
1609619252271766948 : Checking image 2 crop y2 1746
1609619252271924549 : Checking image 1 dpi 300
1609619252272003950 : Checking image 1 border top 2922
1609619252272036250 : Checking image 1 border bottom 318
1609619252272068550 : Checking image 1 border left 224
1609619252272100750 : Checking image 1 border right 224
1609619252273288859 : Checking image 2 dpi 300
1609619252273363059 : Checking image 2 border top 1753
1609619252273395159 : Checking image 2 border bottom 1753
1609619252273425559 : Checking image 2 border left 1239
1609619252273456060 : Checking image 2 border right 1239

</system-out><system-err>--------------------------------- Captured Err ---------------------------------

</system-err></testcase><testcase classname="tests.test_images" name="test_failed_split_line_line_algo_2_png" time="38.004"><system-out>--------------------------------- Captured Log ---------------------------------

--------------------------------- Captured Out ---------------------------------
/home/runner/work/ocr-book/ocr-book/tests/failed_split_line_line_algo_2.png
1609619284960361281 : Checking separation double page angle 90.03068774449687
1609619284960478382 : Checking separation double page y=0 2500
1609619286339100543 : Checking page rotation 1 0.05
1609619287513842819 : Checking page rotation 2 0.5499999999999999
1609619288882422812 : Checking image 1 crop x1 271
1609619288882548913 : Checking image 1 crop y1 149
1609619288882588613 : Checking image 1 crop x2 2382
1609619288882625913 : Checking image 1 crop y2 3354
1609619290238888422 : Checking image 2 crop x1 120
1609619290239011123 : Checking image 2 crop y1 155
1609619290239051523 : Checking image 2 crop x2 2244
1609619290239088824 : Checking image 2 crop y2 3350
1609619290239270525 : Checking image 1 dpi 300
1609619290239347925 : Checking image 1 border top 141
1609619290239382826 : Checking image 1 border bottom 141
1609619290239418126 : Checking image 1 border left 174
1609619290239456926 : Checking image 1 border right 174
1609619290241274539 : Checking image 2 dpi 300
1609619290241361339 : Checking image 2 border top 140
1609619290241396739 : Checking image 2 border bottom 152
1609619290241430240 : Checking image 2 border left 168
1609619290241463740 : Checking image 2 border right 168

</system-out><system-err>--------------------------------- Captured Err ---------------------------------

</system-err></testcase><testcase classname="tests.test_images" name="test_wrong_split_line_3_png" time="34.276"><system-out>--------------------------------- Captured Log ---------------------------------

--------------------------------- Captured Out ---------------------------------
/home/runner/work/ocr-book/ocr-book/tests/wrong_split_line_3.png
1609619289245385076 : Checking separation double page angle 90.43729500214694
1609619289245502177 : Checking separation double page y=0 2498
1609619290657488665 : Checking page rotation 1 0.2
1609619291851766074 : Checking page rotation 2 0.85
1609619293344796007 : Checking image 1 crop x1 331
1609619293344907008 : Checking image 1 crop y1 166
1609619293344946208 : Checking image 1 crop x2 2377
1609619293344982708 : Checking image 1 crop y2 3375
1609619294981022210 : Checking image 2 crop x1 102
1609619294981129510 : Checking image 2 crop y1 207
1609619294981168711 : Checking image 2 crop x2 2135
1609619294981207211 : Checking image 2 crop y2 3414
1609619294981381512 : Checking image 1 dpi 300
1609619294981456913 : Checking image 1 border top 158
1609619294981491913 : Checking image 1 border bottom 120
1609619294981525713 : Checking image 1 border left 207
1609619294981561013 : Checking image 1 border right 207
1609619294983490126 : Checking image 2 dpi 300
1609619294983573227 : Checking image 2 border top 186
1609619294983610327 : Checking image 2 border bottom 94
1609619294983645828 : Checking image 2 border left 213
1609619294983679628 : Checking image 2 border right 213

</system-out><system-err>--------------------------------- Captured Err ---------------------------------

</system-err></testcase><testcase classname="tests.test_images" name="test_crop_too_much_3_png" time="38.845"><system-out>--------------------------------- Captured Log ---------------------------------

--------------------------------- Captured Out ---------------------------------
/home/runner/work/ocr-book/ocr-book/tests/crop_too_much_3.png
1609619322635930645 : Checking separation double page angle 89.49330634783144
1609619322636493449 : Checking separation double page y=0 2498
1609619323761294290 : Checking page rotation 1 -0.8999999999999949
1609619325307778605 : Checking page rotation 2 -0.14999999999999067
1609619327191710521 : Checking image 1 crop x1 374
1609619327191842922 : Checking image 1 crop y1 258
1609619327191917923 : Checking image 1 crop x2 2385
1609619327191954223 : Checking image 1 crop y2 3459
1609619329091514345 : Checking image 2 crop x1 168
1609619329091640246 : Checking image 2 crop y1 228
1609619329091679846 : Checking image 2 crop x2 2181
1609619329091719146 : Checking image 2 crop y2 3417
1609619329091921248 : Checking image 1 dpi 300
1609619329092003048 : Checking image 1 border top 239
1609619329092038249 : Checking image 1 border bottom 47
1609619329092073749 : Checking image 1 border left 224
1609619329092109149 : Checking image 1 border right 224
1609619329094517466 : Checking image 2 dpi 300
1609619329094606066 : Checking image 2 border top 209
1609619329094641166 : Checking image 2 border bottom 89
1609619329094674667 : Checking image 2 border left 223
1609619329094712567 : Checking image 2 border right 223

</system-out><system-err>--------------------------------- Captured Err ---------------------------------

</system-err></testcase><testcase classname="tests.test_images" name="test_wrong_wave_split_line_2_png" time="41.060"><system-out>--------------------------------- Captured Log ---------------------------------

--------------------------------- Captured Out ---------------------------------
/home/runner/work/ocr-book/ocr-book/tests/wrong_wave_split_line_2.png
1609619329198385972 : Checking separation double page angle 90.7708958311329
1609619329198492473 : Checking separation double page y=0 2490
1609619330583678096 : Checking page rotation 1 0.2
1609619331983297717 : Checking page rotation 2 1.65
1609619333391432797 : Checking image 1 crop x1 227
1609619333391545398 : Checking image 1 crop y1 147
1609619333391584498 : Checking image 1 crop x2 2342
1609619333391622598 : Checking image 1 crop y2 3353
1609619336033657573 : Checking image 2 crop x1 106
1609619336033767574 : Checking image 2 crop y1 195
1609619336033806674 : Checking image 2 crop x2 2231
1609619336033843074 : Checking image 2 crop y2 3398
1609619336034017875 : Checking image 1 dpi 300
1609619336034095476 : Checking image 1 border top 136
1609619336034130676 : Checking image 1 border bottom 145
1609619336034164876 : Checking image 1 border left 172
1609619336034200577 : Checking image 1 border right 172
1609619336036225090 : Checking image 2 dpi 300
1609619336036311591 : Checking image 2 border top 165
1609619336036346591 : Checking image 2 border bottom 118
1609619336036384992 : Checking image 2 border left 167
1609619336036421392 : Checking image 2 border right 167

</system-out><system-err>--------------------------------- Captured Err ---------------------------------

</system-err></testcase><testcase classname="tests.test_images" name="test_wrong_wave_split_line_3_png" time="37.161"><system-out>--------------------------------- Captured Log ---------------------------------

--------------------------------- Captured Out ---------------------------------
/home/runner/work/ocr-book/ocr-book/tests/wrong_wave_split_line_3.png
1609619360582087786 : Checking separation double page angle 90.05826063695574
1609619360582206587 : Checking separation double page y=0 2514
1609619361982099207 : Checking page rotation 1 0.0
1609619363176361230 : Checking page rotation 2 0.2
1609619364947876774 : Checking image 1 crop x1 274
1609619364948000775 : Checking image 1 crop y1 221
1609619364948041875 : Checking image 1 crop x2 2383
1609619364948077675 : Checking image 1 crop y2 3422
1609619366275135292 : Checking image 2 crop x1 112
1609619366275254593 : Checking image 2 crop y1 225
1609619366275294294 : Checking image 2 crop x2 2238
1609619366275333394 : Checking image 2 crop y2 3415
1609619366275518495 : Checking image 1 dpi 300
1609619366275596596 : Checking image 1 border top 201
1609619366275631296 : Checking image 1 border bottom 85
1609619366275666596 : Checking image 1 border left 175
1609619366275701696 : Checking image 1 border right 175
1609619366277532309 : Checking image 2 dpi 300
1609619366277612609 : Checking image 2 border top 207
1609619366277647010 : Checking image 2 border bottom 90
1609619366277681210 : Checking image 2 border left 167
1609619366277715110 : Checking image 2 border right 167

</system-out><system-err>--------------------------------- Captured Err ---------------------------------

</system-err></testcase><testcase classname="tests.test_images" name="test_no_split_line_wave_algo_png" time="50.894"><system-out>--------------------------------- Captured Log ---------------------------------

--------------------------------- Captured Out ---------------------------------
/home/runner/work/ocr-book/ocr-book/tests/no_split_line_wave_algo.png
1609619366532584942 : Checking separation double page angle 89.72500000000001
1609619366532696243 : Checking separation double page y=0 2484
1609619369981190475 : Checking page rotation 1 0.0
1609619371488258715 : Checking page rotation 2 -0.44999999999999746
1609619380818001306 : Checking image 1 crop x1 97
1609619380818092306 : Checking image 1 crop y1 79
1609619380818129507 : Checking image 1 crop x2 2494
1609619380818164807 : Checking image 1 crop y2 3505
1609619386893897399 : Checking image 2 crop x1 163
1609619386894002999 : Checking image 2 crop y1 267
1609619386894043200 : Checking image 2 crop x2 2238
1609619386894081000 : Checking image 2 crop y2 3380
1609619386894253401 : Checking image 1 dpi 300
1609619386894327702 : Checking image 1 border top 41
1609619386894362002 : Checking image 1 border bottom 41
1609619386894395702 : Checking image 1 border left 42
1609619386894429102 : Checking image 1 border right 42
1609619386896422616 : Checking image 2 dpi 300
1609619386896509416 : Checking image 2 border top 255
1609619386896544117 : Checking image 2 border bottom 119
1609619386896577517 : Checking image 2 border left 192
1609619386896610717 : Checking image 2 border right 192

</system-out><system-err>--------------------------------- Captured Err ---------------------------------

</system-err></testcase><testcase classname="tests.test_images" name="test_no_split_line_wave_algo_2_png" time="30.175"><system-out>--------------------------------- Captured Log ---------------------------------

--------------------------------- Captured Out ---------------------------------
/home/runner/work/ocr-book/ocr-book/tests/no_split_line_wave_algo_2.png
1609619391425898190 : Checking separation double page angle 90.54999999999998
1609619391426015391 : Checking separation double page y=0 2478
1609619392569692660 : Checking page rotation 1 1.0999999999999999
1609619393783342805 : Checking page rotation 2 0.2
1609619395219090158 : Checking image 1 crop x1 266
1609619395219222459 : Checking image 1 crop y1 210
1609619395219263459 : Checking image 1 crop x2 2342
1609619395219304159 : Checking image 1 crop y2 3413
1609619396449341615 : Checking image 2 crop x1 168
1609619396449466816 : Checking image 2 crop y1 241
1609619396449509217 : Checking image 2 crop x2 2251
1609619396449546517 : Checking image 2 crop y2 3433
1609619396449723318 : Checking image 1 dpi 300
1609619396449799219 : Checking image 1 border top 192
1609619396449833719 : Checking image 1 border bottom 91
1609619396449869119 : Checking image 1 border left 192
1609619396449903819 : Checking image 1 border right 192
1609619396452633538 : Checking image 2 dpi 300
1609619396452727638 : Checking image 2 border top 224
1609619396452763039 : Checking image 2 border bottom 71
1609619396452796739 : Checking image 2 border left 188
1609619396452829839 : Checking image 2 border right 188

</system-out><system-err>--------------------------------- Captured Err ---------------------------------

</system-err></testcase><testcase classname="tests.test_images" name="test_crop_too_few_2_png" time="30.760"><system-out>--------------------------------- Captured Log ---------------------------------

--------------------------------- Captured Out ---------------------------------
/home/runner/work/ocr-book/ocr-book/tests/crop_too_few_2.png
1609619411262814277 : Checking separation double page angle 90.30476192320097
1609619411262929277 : Checking separation double page y=0 2531
1609619412442333905 : Checking page rotation 1 1.0999999999999999
1609619413744808757 : Checking page rotation 2 -0.04999999999999689
1609619415529804489 : Checking image 1 crop x1 289
1609619415529920990 : Checking image 1 crop y1 165
1609619415529959190 : Checking image 1 crop x2 2400
1609619415529994691 : Checking image 1 crop y2 3367
1609619417719505772 : Checking image 2 crop x1 149
1609619417719623973 : Checking image 2 crop y1 189
1609619417719662073 : Checking image 2 crop x2 2273
1609619417719698974 : Checking image 2 crop y2 3386
1609619417719882575 : Checking image 1 dpi 300
1609619417719956675 : Checking image 1 border top 157
1609619417719991076 : Checking image 1 border bottom 128
1609619417720024576 : Checking image 1 border left 174
1609619417720058176 : Checking image 1 border right 174
1609619417722019489 : Checking image 2 dpi 300
1609619417722101890 : Checking image 2 border top 181
1609619417722136090 : Checking image 2 border bottom 109
1609619417722169690 : Checking image 2 border left 168
1609619417722202591 : Checking image 2 border right 168

</system-out><system-err>--------------------------------- Captured Err ---------------------------------

</system-err></testcase><testcase classname="tests.test_images" name="test_failed_detect_rectangle_png" time="36.496"><system-out>--------------------------------- Captured Log ---------------------------------

--------------------------------- Captured Out ---------------------------------
/home/runner/work/ocr-book/ocr-book/tests/failed_detect_rectangle.png
1609619426510678671 : Checking separation double page angle 90.19837516213148
1609619426510792372 : Checking separation double page y=0 2474
1609619428115990674 : Checking page rotation 1 0.2
1609619429889877445 : Checking page rotation 2 0.15000000000000002
1609619431148487895 : Checking image 1 crop x1 257
1609619431148616396 : Checking image 1 crop y1 201
1609619431148661296 : Checking image 1 crop x2 2333
1609619431148699197 : Checking image 1 crop y2 3402
1609619432938164054 : Checking image 2 crop x1 135
1609619432938289454 : Checking image 2 crop y1 214
1609619432938330855 : Checking image 2 crop x2 2219
1609619432938368455 : Checking image 2 crop y2 3406
1609619432938544056 : Checking image 1 dpi 300
1609619432938620757 : Checking image 1 border top 188
1609619432938655157 : Checking image 1 border bottom 97
1609619432938690957 : Checking image 1 border left 192
1609619432938726057 : Checking image 1 border right 192
1609619432941474176 : Checking image 2 dpi 300
1609619432941564377 : Checking image 2 border top 202
1609619432941599777 : Checking image 2 border bottom 93
1609619432941633077 : Checking image 2 border left 188
1609619432941666477 : Checking image 2 border right 188

</system-out><system-err>--------------------------------- Captured Err ---------------------------------

</system-err></testcase><testcase classname="tests.test_images" name="test_single_page_png" time="6.982"><system-out>--------------------------------- Captured Log ---------------------------------

--------------------------------- Captured Out ---------------------------------
/home/runner/work/ocr-book/ocr-book/tests/single_page.png
1609619421868540454 : Checking separation double page angle 90.04999999999998
1609619421868666655 : Checking separation double page y=0 2476
1609619422708019308 : Checking page rotation 1 0.0
1609619422804650770 : Checking page rotation 2 0.0
1609619424228639730 : Checking image 1 crop x1 1
1609619424228728331 : Checking image 1 crop y1 8
1609619424228765931 : Checking image 1 crop x2 2470
1609619424228798331 : Checking image 1 crop y2 3505
1609619424350960069 : Checking image 2 crop x1 0
1609619424351043069 : Checking image 2 crop y1 0
1609619424351073469 : Checking image 2 crop x2 0
1609619424351101869 : Checking image 2 crop y2 0
1609619424351163170 : Checking image 1 dpi 300
1609619424351224370 : Checking image 1 border top 5
1609619424351256071 : Checking image 1 border bottom 5
1609619424351287371 : Checking image 1 border left 6
1609619424351319371 : Checking image 1 border right 6
1609619424357181111 : Checking image 2 border top 0
1609619424357250212 : Checking image 2 border bottom 0
1609619424357280112 : Checking image 2 border left 0
1609619424357309812 : Checking image 2 border right 0

</system-out><system-err>--------------------------------- Captured Err ---------------------------------

</system-err></testcase><testcase classname="tests.test_images" name="test_wrong_split_line_4_png" time="18.555"><system-out>--------------------------------- Captured Log ---------------------------------

--------------------------------- Captured Out ---------------------------------
/home/runner/work/ocr-book/ocr-book/tests/wrong_split_line_4.png
1609619439795299682 : Checking separation double page angle 91.04999999999998
1609619439795405283 : Checking separation double page y=0 60
1609619439887642611 : Checking page rotation 1 1.0
1609619440975571816 : Checking page rotation 2 1.05
1609619441428167297 : Checking image 1 crop x1 0
1609619441428242798 : Checking image 1 crop y1 0
1609619441428272298 : Checking image 1 crop x2 0
1609619441428300798 : Checking image 1 crop y2 0
1609619443302076752 : Checking image 2 crop x1 291
1609619443302188153 : Checking image 2 crop y1 330
1609619443302225053 : Checking image 2 crop x2 2316
1609619443302259254 : Checking image 2 crop y2 3217
1609619443302412255 : Checking image 1 border top 0
1609619443302448555 : Checking image 1 border bottom 0
1609619443302480055 : Checking image 1 border left 0
1609619443302509955 : Checking image 1 border right 0
1609619443302559556 : Checking image 2 dpi 300
1609619443302625656 : Checking image 2 border top 322
1609619443302659856 : Checking image 2 border bottom 278
1609619443302689957 : Checking image 2 border left 217
1609619443302720557 : Checking image 2 border right 217

</system-out><system-err>--------------------------------- Captured Err ---------------------------------

</system-err></testcase><testcase classname="tests.test_images" name="test_no_split_line_wave_algo_3_png" time="10.795"><system-out>--------------------------------- Captured Log ---------------------------------

--------------------------------- Captured Out ---------------------------------
/home/runner/work/ocr-book/ocr-book/tests/no_split_line_wave_algo_3.png
1609619441445029212 : Checking separation double page angle 90.14999999999998
1609619441445156413 : Checking separation double page y=0 2408
1609619442390664749 : Checking page rotation 1 -0.09999999999999377
1609619442557667485 : Checking page rotation 2 0.0
1609619443328943935 : Checking image 1 crop x1 182
1609619443329029036 : Checking image 1 crop y1 2955
1609619443329063836 : Checking image 1 crop x2 2199
1609619443329095936 : Checking image 1 crop y2 3203
1609619443731920978 : Checking image 2 crop x1 0
1609619443731996379 : Checking image 2 crop y1 0
1609619443732026779 : Checking image 2 crop x2 0
1609619443732055279 : Checking image 2 crop y2 0
1609619443732120580 : Checking image 1 dpi 300
1609619443732185380 : Checking image 1 border top 2951
1609619443732217880 : Checking image 1 border bottom 288
1609619443732248981 : Checking image 1 border left 221
1609619443732279981 : Checking image 1 border right 221
1609619443737298115 : Checking image 2 border top 0
1609619443737360615 : Checking image 2 border bottom 0
1609619443737390416 : Checking image 2 border left 0
1609619443737420216 : Checking image 2 border right 0

</system-out><system-err>--------------------------------- Captured Err ---------------------------------

</system-err></testcase><testcase classname="tests.test_images" name="test_failed_split_line_line_algo_3_png" time="13.618"><system-out>--------------------------------- Captured Log ---------------------------------

--------------------------------- Captured Out ---------------------------------
/home/runner/work/ocr-book/ocr-book/tests/failed_split_line_line_algo_3.png
1609619454450633755 : Checking separation double page angle 90.0
1609619454450755456 : Checking separation double page y=0 40
1609619454520115028 : Checking page rotation 1 0.0
1609619455191873999 : Checking page rotation 2 -0.04999999999999689
1609619455517593315 : Checking image 1 crop x1 0
1609619455517670015 : Checking image 1 crop y1 0
1609619455517702716 : Checking image 1 crop x2 0
1609619455517734516 : Checking image 1 crop y2 0
1609619456936776971 : Checking image 2 crop x1 247
1609619456936867872 : Checking image 2 crop y1 153
1609619456936904972 : Checking image 2 crop x2 2260
1609619456936940472 : Checking image 2 crop y2 3360
1609619456937047773 : Checking image 1 border top 0
1609619456937082673 : Checking image 1 border bottom 0
1609619456937115073 : Checking image 1 border left 0
1609619456937147173 : Checking image 1 border right 0
1609619456937191474 : Checking image 2 dpi 300
1609619456937251274 : Checking image 2 border top 144
1609619456937284474 : Checking image 2 border bottom 136
1609619456937317875 : Checking image 2 border left 223
1609619456937350875 : Checking image 2 border right 223

</system-out><system-err>--------------------------------- Captured Err ---------------------------------

</system-err></testcase></testsuite></testsuites>