<?xml version="1.0" encoding="utf-8"?><testsuites><testsuite errors="0" failures="0" hostname="travis-job-d3aca963-ddca-4d0b-ad06-0170454f0e48" name="pytest" skipped="0" tests="4" time="294.135" timestamp="2020-10-21T09:06:57.357971"><testcase classname="tests.test_images" name="test_0001_png" time="66.490"><system-out>--------------------------------- Captured Log ---------------------------------

--------------------------------- Captured Out ---------------------------------
0001.png
1603271259600994304 : Checking separation double page angle 90.5270406818651
1603271259601131264 : Checking separation double page y=0 2485
1603271269898488064 : Checking page rotation 1 0.6983970852378407
1603271282721483008 : Checking page rotation 2 0.17555636658758608
1603271283360458496 : Checking image 1 crop x1 332
1603271283360544512 : Checking image 1 crop y1 336
1603271283360578816 : Checking image 1 crop x2 2343
1603271283360611072 : Checking image 1 crop y2 3223
1603271283991313920 : Checking image 2 crop x1 168
1603271283991399424 : Checking image 2 crop y1 649
1603271283991434496 : Checking image 2 crop x2 2180
1603271283991466752 : Checking image 2 crop y2 3360
1603271284044592128 : Checking image 1 dpi 300
1603271284044739840 : Checking image 1 border top 325
1603271284044772096 : Checking image 1 border bottom 275
1603271284044800000 : Checking image 1 border left 224
1603271284044827136 : Checking image 1 border right 224
1603271284046692608 : Checking image 2 dpi 300
1603271284046867456 : Checking image 2 border top 672
1603271284046899712 : Checking image 2 border bottom 104
1603271284046927616 : Checking image 2 border left 224
1603271284046954496 : Checking image 2 border right 224

</system-out><system-err>--------------------------------- Captured Err ---------------------------------

</system-err></testcase><testcase classname="tests.test_images" name="test_2_pages_2_contours_png" time="32.225"><system-out>--------------------------------- Captured Log ---------------------------------

--------------------------------- Captured Out ---------------------------------
2-pages-2-contours.png
1603271305442225152 : Checking separation double page angle 90.2210765693812
1603271305442322432 : Checking separation double page y=0 2487
1603271306369789184 : Checking page rotation 1 0.08368996715487577
1603271315208554496 : Checking page rotation 2 0.2596174801002939
1603271315691591168 : Checking image 1 crop x1 1185
1603271315691670016 : Checking image 1 crop y1 1720
1603271315691698688 : Checking image 1 crop x2 1186
1603271315691725824 : Checking image 1 crop y2 1721
1603271316255416832 : Checking image 2 crop x1 108
1603271316255502848 : Checking image 2 crop y1 241
1603271316255536896 : Checking image 2 crop x2 2154
1603271316255568896 : Checking image 2 crop y2 3240
1603271316282354688 : Checking image 1 dpi 300
1603271316282461184 : Checking image 1 border top 1752
1603271316282491392 : Checking image 1 border bottom 1753
1603271316282519296 : Checking image 1 border left 1239
1603271316282546944 : Checking image 1 border right 1239
1603271316283693056 : Checking image 2 dpi 300
1603271316283816960 : Checking image 2 border top 240
1603271316283847424 : Checking image 2 border bottom 248
1603271316283874560 : Checking image 2 border left 207
1603271316283902208 : Checking image 2 border right 207

</system-out><system-err>--------------------------------- Captured Err ---------------------------------

</system-err></testcase><testcase classname="tests.test_images" name="test_black_border_not_removed_png" time="80.422"><system-out>--------------------------------- Captured Log ---------------------------------

--------------------------------- Captured Out ---------------------------------
black-border-not-removed.png
1603271368302002688 : Checking separation double page angle 89.96520148719509
1603271368302099968 : Checking separation double page y=0 2454
1603271378984998656 : Checking page rotation 1 0.012926055410434633
1603271395225701888 : Checking page rotation 2 -0.10329084947001053
1603271395916524032 : Checking image 1 crop x1 298
1603271395916613888 : Checking image 1 crop y1 143
1603271395916648448 : Checking image 1 crop x2 2308
1603271395916680960 : Checking image 1 crop y2 3346
1603271396627560448 : Checking image 2 crop x1 158
1603271396627649280 : Checking image 2 crop y1 144
1603271396627683584 : Checking image 2 crop x2 2172
1603271396627715328 : Checking image 2 crop y2 3353
1603271396690998784 : Checking image 1 dpi 300
1603271396691134464 : Checking image 1 border top 127
1603271396691166208 : Checking image 1 border bottom 157
1603271396691194624 : Checking image 1 border left 225
1603271396691222784 : Checking image 1 border right 225
1603271396692879872 : Checking image 2 dpi 300
1603271396692984832 : Checking image 2 border top 132
1603271396693020416 : Checking image 2 border bottom 146
1603271396693048576 : Checking image 2 border left 223
1603271396693076480 : Checking image 2 border right 223

</system-out><system-err>--------------------------------- Captured Err ---------------------------------

</system-err></testcase><testcase classname="tests.test_images" name="test_image_failed_to_rotate_png" time="113.871"><system-out>--------------------------------- Captured Log ---------------------------------

--------------------------------- Captured Out ---------------------------------
image_failed_to_rotate.png
1603271428815938816 : Checking separation double page angle 90.32101699455094
1603271428816033024 : Checking separation double page y=0 2487
1603271431714182144 : Checking page rotation 1 0.39911195306652303
1603271441801364736 : Checking page rotation 2 0.3618490436721508
1603271509670908160 : Checking image 1 crop x1 77
1603271509671021568 : Checking image 1 crop y1 8
1603271509671056896 : Checking image 1 crop x2 2481
1603271509671090176 : Checking image 1 crop y2 3486
1603271510338780672 : Checking image 2 crop x1 170
1603271510338875648 : Checking image 2 crop y1 234
1603271510338910208 : Checking image 2 crop x2 2251
1603271510338941952 : Checking image 2 crop y2 3356
1603271510486906368 : Checking image 1 dpi 300
1603271510487055616 : Checking image 1 border top 15
1603271510487087872 : Checking image 1 border bottom 15
1603271510487116032 : Checking image 1 border left 38
1603271510487146240 : Checking image 1 border right 38
1603271510488934400 : Checking image 2 dpi 300
1603271510489063424 : Checking image 2 border top 206
1603271510489093376 : Checking image 2 border bottom 159
1603271510489123072 : Checking image 2 border left 189
1603271510489151744 : Checking image 2 border right 189

</system-out><system-err>--------------------------------- Captured Err ---------------------------------

</system-err></testcase></testsuite></testsuites>