<?xml version="1.0" encoding="utf-8"?><testsuites><testsuite errors="0" failures="0" hostname="travis-job-aa2292eb-d81e-4d36-8d3e-784e0fef16e1" name="pytest" skipped="0" tests="4" time="617.390" timestamp="2020-10-19T21:37:38.137999"><testcase classname="tests.test_images" name="test_0001_png" time="72.293"><system-out>--------------------------------- Captured Log ---------------------------------

--------------------------------- Captured Out ---------------------------------
0001.png
1603143503707835648 : Checking separation double page angle 90.55285531542692
1603143503708020224 : Checking separation double page y=0 2485
1603143515203869184 : Checking page rotation 1 0.7373305530706303
1603143529289960192 : Checking page rotation 2 0.16366951180068876
1603143529960101120 : Checking image 1 crop x1 331
1603143529960200192 : Checking image 1 crop y1 336
1603143529960234240 : Checking image 1 crop x2 2342
1603143529960266240 : Checking image 1 crop y2 3223
1603143530609289472 : Checking image 2 crop x1 170
1603143530609395200 : Checking image 2 crop y1 649
1603143530609430016 : Checking image 2 crop x2 2184
1603143530609462784 : Checking image 2 crop y2 3361
1603143530663260672 : Checking image 1 dpi 300
1603143530663425024 : Checking image 1 recadre haut 324
1603143530663456768 : Checking image 1 recadre bas 276
1603143530663482880 : Checking image 1 recadre gauche 224
1603143530663508992 : Checking image 1 recadre droite 224
1603143530665431808 : Checking image 2 dpi 300
1603143530665555968 : Checking image 2 recadre haut 674
1603143530665585408 : Checking image 2 recadre bas 101
1603143530665611520 : Checking image 2 recadre gauche 223
1603143530665636864 : Checking image 2 recadre droite 223

</system-out><system-err>--------------------------------- Captured Err ---------------------------------

</system-err></testcase><testcase classname="tests.test_images" name="test_2_pages_2_contours_png" time="35.152"><system-out>--------------------------------- Captured Log ---------------------------------

--------------------------------- Captured Out ---------------------------------
2-pages-2-contours.png
1603143553830695680 : Checking separation double page angle 90.2210765693812
1603143553830793984 : Checking separation double page y=0 2487
1603143554734367744 : Checking page rotation 1 0.08368996715487577
1603143564725634304 : Checking page rotation 2 0.2596174801002939
1603143565219049472 : Checking image 1 crop x1 1185
1603143565219125504 : Checking image 1 crop y1 1720
1603143565219164928 : Checking image 1 crop x2 1186
1603143565219192064 : Checking image 1 crop y2 1721
1603143565800538112 : Checking image 2 crop x1 108
1603143565800626176 : Checking image 2 crop y1 241
1603143565800658944 : Checking image 2 crop x2 2154
1603143565800690688 : Checking image 2 crop y2 3240
1603143565827854848 : Checking image 1 dpi 300
1603143565827978240 : Checking image 1 recadre haut 1752
1603143565828008704 : Checking image 1 recadre bas 1753
1603143565828034816 : Checking image 1 recadre gauche 1239
1603143565828060928 : Checking image 1 recadre droite 1239
1603143565829209344 : Checking image 2 dpi 300
1603143565829350144 : Checking image 2 recadre haut 240
1603143565829379584 : Checking image 2 recadre bas 248
1603143565829405696 : Checking image 2 recadre gauche 207
1603143565829431552 : Checking image 2 recadre droite 207

</system-out><system-err>--------------------------------- Captured Err ---------------------------------

</system-err></testcase><testcase classname="tests.test_images" name="test_black_border_not_removed_png" time="84.809"><system-out>--------------------------------- Captured Log ---------------------------------

--------------------------------- Captured Out ---------------------------------
black-border-not-removed.png
1603143620115102720 : Checking separation double page angle 89.96520148719509
1603143620115203072 : Checking separation double page y=0 2454
1603143631632621824 : Checking page rotation 1 0.012926055410434633
1603143649123765504 : Checking page rotation 2 -0.10329084947001053
1603143649831893760 : Checking image 1 crop x1 298
1603143649831981312 : Checking image 1 crop y1 143
1603143649832014848 : Checking image 1 crop x2 2308
1603143649832046848 : Checking image 1 crop y2 3346
1603143650558306048 : Checking image 2 crop x1 158
1603143650558402304 : Checking image 2 crop y1 144
1603143650558435840 : Checking image 2 crop x2 2172
1603143650558468608 : Checking image 2 crop y2 3353
1603143650622896640 : Checking image 1 dpi 300
1603143650623046400 : Checking image 1 recadre haut 127
1603143650623076864 : Checking image 1 recadre bas 157
1603143650623103232 : Checking image 1 recadre gauche 225
1603143650623129600 : Checking image 1 recadre droite 225
1603143650625104384 : Checking image 2 dpi 300
1603143650625280256 : Checking image 2 recadre haut 132
1603143650625311488 : Checking image 2 recadre bas 146
1603143650625338112 : Checking image 2 recadre gauche 223
1603143650625363968 : Checking image 2 recadre droite 223

</system-out><system-err>--------------------------------- Captured Err ---------------------------------

</system-err></testcase><testcase classname="tests.test_images" name="test_image_failed_to_rotate_png" time="423.964"><system-out>--------------------------------- Captured Log ---------------------------------

--------------------------------- Captured Out ---------------------------------
image_failed_to_rotate.png
1603143682325975040 : Checking separation double page angle 90.44047961375287
1603143682326081536 : Checking separation double page y=0 2495
1603143685337055744 : Checking page rotation 1 0.40194312869130805
1603143696856154880 : Checking page rotation 2 0.3482554401679422
1603144073696481792 : Checking image 1 crop x1 194
1603144073696602368 : Checking image 1 crop y1 9
1603144073696637184 : Checking image 1 crop x2 2439
1603144073696669952 : Checking image 1 crop y2 3453
1603144074376694272 : Checking image 2 crop x1 169
1603144074376801280 : Checking image 2 crop y1 234
1603144074376835328 : Checking image 2 crop x2 2250
1603144074376868096 : Checking image 2 crop y2 3356
1603144074515473152 : Checking image 1 dpi 300
1603144074515622912 : Checking image 1 recadre haut 32
1603144074515653632 : Checking image 1 recadre bas 32
1603144074515693056 : Checking image 1 recadre gauche 118
1603144074515732480 : Checking image 1 recadre droite 118
1603144074518372352 : Checking image 2 dpi 300
1603144074518532864 : Checking image 2 recadre haut 205
1603144074518563072 : Checking image 2 recadre bas 160
1603144074518589952 : Checking image 2 recadre gauche 189
1603144074518616064 : Checking image 2 recadre droite 189

</system-out><system-err>--------------------------------- Captured Err ---------------------------------

</system-err></testcase></testsuite></testsuites>