<?xml version="1.0" encoding="utf-8"?><testsuites><testsuite errors="0" failures="0" hostname="travis-job-cfa20d4f-bc18-468f-ab34-53b06a7ce6bc" name="pytest" skipped="0" tests="4" time="295.546" timestamp="2020-10-21T09:06:53.800493"><testcase classname="tests.test_images" name="test_0001_png" time="66.936"><system-out>--------------------------------- Captured Log ---------------------------------

--------------------------------- Captured Out ---------------------------------
0001.png
1603271256508294665 : Checking separation double page angle 90.5270406818651
1603271256508391548 : Checking separation double page y=0 2485
1603271266820134918 : Checking page rotation 1 0.6983970852378407
1603271279602861173 : Checking page rotation 2 0.17555636658758608
1603271280245294356 : Checking image 1 crop x1 332
1603271280245382161 : Checking image 1 crop y1 336
1603271280245416521 : Checking image 1 crop x2 2343
1603271280245448262 : Checking image 1 crop y2 3223
1603271280878294053 : Checking image 2 crop x1 168
1603271280878381737 : Checking image 2 crop y1 649
1603271280878416310 : Checking image 2 crop x2 2180
1603271280878448197 : Checking image 2 crop y2 3360
1603271280931907616 : Checking image 1 dpi 300
1603271280932044911 : Checking image 1 border top 325
1603271280932075882 : Checking image 1 border bottom 275
1603271280932102518 : Checking image 1 border left 224
1603271280932128184 : Checking image 1 border right 224
1603271280934052735 : Checking image 2 dpi 300
1603271280934240784 : Checking image 2 border top 672
1603271280934270627 : Checking image 2 border bottom 104
1603271280934296726 : Checking image 2 border left 224
1603271280934322727 : Checking image 2 border right 224

</system-out><system-err>--------------------------------- Captured Err ---------------------------------

</system-err></testcase><testcase classname="tests.test_images" name="test_2_pages_2_contours_png" time="32.628"><system-out>--------------------------------- Captured Log ---------------------------------

--------------------------------- Captured Out ---------------------------------
2-pages-2-contours.png
1603271302535332305 : Checking separation double page angle 90.2210765693812
1603271302535415449 : Checking separation double page y=0 2487
1603271303489263242 : Checking page rotation 1 0.08368996715487577
1603271312508561741 : Checking page rotation 2 0.2596174801002939
1603271312985186992 : Checking image 1 crop x1 1185
1603271312985248083 : Checking image 1 crop y1 1720
1603271312985274966 : Checking image 1 crop x2 1186
1603271312985300549 : Checking image 1 crop y2 1721
1603271313546697315 : Checking image 2 crop x1 108
1603271313546783519 : Checking image 2 crop y1 241
1603271313546816780 : Checking image 2 crop x2 2154
1603271313546849116 : Checking image 2 crop y2 3240
1603271313573885081 : Checking image 1 dpi 300
1603271313573975874 : Checking image 1 border top 1752
1603271313574004411 : Checking image 1 border bottom 1753
1603271313574030833 : Checking image 1 border left 1239
1603271313574086643 : Checking image 1 border right 1239
1603271313575415520 : Checking image 2 dpi 300
1603271313575536655 : Checking image 2 border top 240
1603271313575566280 : Checking image 2 border bottom 248
1603271313575593131 : Checking image 2 border left 207
1603271313575619601 : Checking image 2 border right 207

</system-out><system-err>--------------------------------- Captured Err ---------------------------------

</system-err></testcase><testcase classname="tests.test_images" name="test_black_border_not_removed_png" time="81.302"><system-out>--------------------------------- Captured Log ---------------------------------

--------------------------------- Captured Out ---------------------------------
black-border-not-removed.png
1603271366589864287 : Checking separation double page angle 89.96520148719509
1603271366589956220 : Checking separation double page y=0 2454
1603271377277676420 : Checking page rotation 1 0.012926055410434633
1603271393400326288 : Checking page rotation 2 -0.10329084947001053
1603271394088921883 : Checking image 1 crop x1 298
1603271394089008613 : Checking image 1 crop y1 143
1603271394089042761 : Checking image 1 crop x2 2308
1603271394089074306 : Checking image 1 crop y2 3346
1603271394798533460 : Checking image 2 crop x1 158
1603271394798618067 : Checking image 2 crop y1 144
1603271394798651249 : Checking image 2 crop x2 2172
1603271394798683052 : Checking image 2 crop y2 3353
1603271394862354314 : Checking image 1 dpi 300
1603271394862488946 : Checking image 1 border top 127
1603271394862519298 : Checking image 1 border bottom 157
1603271394862546122 : Checking image 1 border left 225
1603271394862572492 : Checking image 1 border right 225
1603271394864211161 : Checking image 2 dpi 300
1603271394864311334 : Checking image 2 border top 132
1603271394864339693 : Checking image 2 border bottom 146
1603271394864366196 : Checking image 2 border left 223
1603271394864392423 : Checking image 2 border right 223

</system-out><system-err>--------------------------------- Captured Err ---------------------------------

</system-err></testcase><testcase classname="tests.test_images" name="test_image_failed_to_rotate_png" time="113.568"><system-out>--------------------------------- Captured Log ---------------------------------

--------------------------------- Captured Out ---------------------------------
image_failed_to_rotate.png
1603271426808546776 : Checking separation double page angle 90.32101699455094
1603271426808633729 : Checking separation double page y=0 2487
1603271429680779044 : Checking page rotation 1 0.39911195306652303
1603271439602256283 : Checking page rotation 2 0.3618490436721508
1603271507545479606 : Checking image 1 crop x1 77
1603271507545613656 : Checking image 1 crop y1 8
1603271507545649766 : Checking image 1 crop x2 2481
1603271507545682363 : Checking image 1 crop y2 3486
1603271508212800415 : Checking image 2 crop x1 170
1603271508212889374 : Checking image 2 crop y1 234
1603271508212922760 : Checking image 2 crop x2 2251
1603271508212954905 : Checking image 2 crop y2 3356
1603271508357362991 : Checking image 1 dpi 300
1603271508357499415 : Checking image 1 border top 15
1603271508357529320 : Checking image 1 border bottom 15
1603271508357555671 : Checking image 1 border left 38
1603271508357581710 : Checking image 1 border right 38
1603271508359338227 : Checking image 2 dpi 300
1603271508359454244 : Checking image 2 border top 206
1603271508359484000 : Checking image 2 border bottom 159
1603271508359510648 : Checking image 2 border left 189
1603271508359536564 : Checking image 2 border right 189

</system-out><system-err>--------------------------------- Captured Err ---------------------------------

</system-err></testcase></testsuite></testsuites>