<?xml version="1.0" encoding="utf-8"?><testsuites><testsuite errors="0" failures="0" hostname="travis-job-43cf7bb7-5137-4e08-ae51-08635f9865a9" name="pytest" skipped="0" tests="12" time="926.680" timestamp="2020-10-27T13:33:41.782844"><testcase classname="tests.test_features" name="test_disabled_enable_debug" time="79.540"><system-out>--------------------------------- Captured Log ---------------------------------

--------------------------------- Captured Out ---------------------------------
/home/travis/build/bansan85/ocr-book/tests/0001_debug.png
separation double page angle 90.51612386503231
separation double page y=0 2483
page rotation 1 0.7000000000000001
page rotation 2 0.2
image 1 crop x1 332
image 1 crop y1 336
image 1 crop x2 2343
image 1 crop y2 3223
image 2 crop x1 170
image 2 crop y1 649
image 2 crop x2 2184
image 2 crop y2 3360
image 1 dpi 300
image 1 border top 325
image 1 border bottom 275
image 1 border left 224
image 1 border right 224
image 2 dpi 300
image 2 border top 672
image 2 border bottom 104
image 2 border left 223
image 2 border right 223

</system-out><system-err>--------------------------------- Captured Err ---------------------------------

</system-err></testcase><testcase classname="tests.test_features" name="test_mock_stop_at_0" time="0.035"><system-out>--------------------------------- Captured Log ---------------------------------

--------------------------------- Captured Out ---------------------------------
/home/travis/build/bansan85/ocr-book/tests/0001_0.png

</system-out><system-err>--------------------------------- Captured Err ---------------------------------

</system-err></testcase><testcase classname="tests.test_features" name="test_mock_stop_at_1" time="57.322"><system-out>--------------------------------- Captured Log ---------------------------------

--------------------------------- Captured Out ---------------------------------
/home/travis/build/bansan85/ocr-book/tests/0001_1.png
separation double page angle 90.51612386503231
separation double page y=0 2483

</system-out><system-err>--------------------------------- Captured Err ---------------------------------

</system-err></testcase><testcase classname="tests.test_features" name="test_mock_stop_at_2" time="81.834"><system-out>--------------------------------- Captured Log ---------------------------------

--------------------------------- Captured Out ---------------------------------
/home/travis/build/bansan85/ocr-book/tests/0001_2.png
separation double page angle 90.51612386503231
separation double page y=0 2483
page rotation 1 0.7000000000000001
page rotation 2 0.2

</system-out><system-err>--------------------------------- Captured Err ---------------------------------

</system-err></testcase><testcase classname="tests.test_features" name="test_mock_stop_at_3" time="83.348"><system-out>--------------------------------- Captured Log ---------------------------------

--------------------------------- Captured Out ---------------------------------
/home/travis/build/bansan85/ocr-book/tests/0001_3.png
separation double page angle 90.51612386503231
separation double page y=0 2483
page rotation 1 0.7000000000000001
page rotation 2 0.2
image 1 crop x1 332
image 1 crop y1 336
image 1 crop x2 2343
image 1 crop y2 3223
image 2 crop x1 170
image 2 crop y1 649
image 2 crop x2 2184
image 2 crop y2 3360

</system-out><system-err>--------------------------------- Captured Err ---------------------------------

</system-err></testcase><testcase classname="tests.test_features" name="test_mock_stop_at_4" time="83.430"><system-out>--------------------------------- Captured Log ---------------------------------

--------------------------------- Captured Out ---------------------------------
/home/travis/build/bansan85/ocr-book/tests/0001_4.png
separation double page angle 90.51612386503231
separation double page y=0 2483
page rotation 1 0.7000000000000001
page rotation 2 0.2
image 1 crop x1 332
image 1 crop y1 336
image 1 crop x2 2343
image 1 crop y2 3223
image 2 crop x1 170
image 2 crop y1 649
image 2 crop x2 2184
image 2 crop y2 3360
image 1 dpi 300
image 1 border top 325
image 1 border bottom 275
image 1 border left 224
image 1 border right 224
image 2 dpi 300
image 2 border top 672
image 2 border bottom 104
image 2 border left 223
image 2 border right 223

</system-out><system-err>--------------------------------- Captured Err ---------------------------------

</system-err></testcase><testcase classname="tests.test_features" name="test_mock_stop_at_5" time="82.731"><system-out>--------------------------------- Captured Log ---------------------------------

--------------------------------- Captured Out ---------------------------------
/home/travis/build/bansan85/ocr-book/tests/0001_5.png
separation double page angle 90.51612386503231
separation double page y=0 2483
page rotation 1 0.7000000000000001
page rotation 2 0.2
image 1 crop x1 332
image 1 crop y1 336
image 1 crop x2 2343
image 1 crop y2 3223
image 2 crop x1 170
image 2 crop y1 649
image 2 crop x2 2184
image 2 crop y2 3360
image 1 dpi 300
image 1 border top 325
image 1 border bottom 275
image 1 border left 224
image 1 border right 224
image 2 dpi 300
image 2 border top 672
image 2 border bottom 104
image 2 border left 223
image 2 border right 223

</system-out><system-err>--------------------------------- Captured Err ---------------------------------

</system-err></testcase><testcase classname="tests.test_images" name="test_0001_png" time="82.429"><system-out>--------------------------------- Captured Log ---------------------------------

--------------------------------- Captured Out ---------------------------------
/home/travis/build/bansan85/ocr-book/tests/0001.png
1603806146018195832 : Checking separation double page angle 90.51612386503231
1603806146018294343 : Checking separation double page y=0 2483
1603806157345216197 : Checking page rotation 1 0.7000000000000001
1603806171025487785 : Checking page rotation 2 0.2
1603806171837383454 : Checking image 1 crop x1 332
1603806171837476975 : Checking image 1 crop y1 336
1603806171837510270 : Checking image 1 crop x2 2343
1603806171837541159 : Checking image 1 crop y2 3223
1603806172674480334 : Checking image 2 crop x1 170
1603806172674567904 : Checking image 2 crop y1 649
1603806172674600221 : Checking image 2 crop x2 2184
1603806172674630961 : Checking image 2 crop y2 3360
1603806172701789289 : Checking image 1 dpi 300
1603806172701907751 : Checking image 1 border top 325
1603806172701945717 : Checking image 1 border bottom 275
1603806172701974762 : Checking image 1 border left 224
1603806172702003621 : Checking image 1 border right 224
1603806172703595232 : Checking image 2 dpi 300
1603806172703701403 : Checking image 2 border top 672
1603806172703728770 : Checking image 2 border bottom 104
1603806172703753256 : Checking image 2 border left 223
1603806172703777641 : Checking image 2 border right 223

</system-out><system-err>--------------------------------- Captured Err ---------------------------------

</system-err></testcase><testcase classname="tests.test_images" name="test_2_pages_2_contours_png" time="58.457"><system-out>--------------------------------- Captured Log ---------------------------------

--------------------------------- Captured Out ---------------------------------
/home/travis/build/bansan85/ocr-book/tests/2-pages-2-contours.png
1603806217917386359 : Checking separation double page angle 90.21964922976053
1603806217917471859 : Checking separation double page y=0 2487
1603806219752791107 : Checking page rotation 1 0.0
1603806229786204553 : Checking page rotation 2 0.4
1603806230402997371 : Checking image 1 crop x1 1183
1603806230403062861 : Checking image 1 crop y1 1720
1603806230403089027 : Checking image 1 crop x2 1184
1603806230403113975 : Checking image 1 crop y2 1721
1603806231142500445 : Checking image 2 crop x1 109
1603806231142591378 : Checking image 2 crop y1 241
1603806231142634737 : Checking image 2 crop x2 2154
1603806231142665962 : Checking image 2 crop y2 3239
1603806231169977101 : Checking image 1 dpi 300
1603806231170060359 : Checking image 1 border top 1752
1603806231170087645 : Checking image 1 border bottom 1753
1603806231170112305 : Checking image 1 border left 1239
1603806231170137040 : Checking image 1 border right 1239
1603806231171307201 : Checking image 2 dpi 300
1603806231171417622 : Checking image 2 border top 231
1603806231171444226 : Checking image 2 border bottom 258
1603806231171468441 : Checking image 2 border left 207
1603806231171492470 : Checking image 2 border right 207

</system-out><system-err>--------------------------------- Captured Err ---------------------------------

</system-err></testcase><testcase classname="tests.test_images" name="test_black_border_not_removed_png" time="99.366"><system-out>--------------------------------- Captured Log ---------------------------------

--------------------------------- Captured Out ---------------------------------
/home/travis/build/bansan85/ocr-book/tests/black-border-not-removed.png
1603806298390724086 : Checking separation double page angle 89.99132670636354
1603806298390807331 : Checking separation double page y=0 2454
1603806310485809975 : Checking page rotation 1 0.0
1603806328818815145 : Checking page rotation 2 0.0
1603806329639713692 : Checking image 1 crop x1 298
1603806329639809878 : Checking image 1 crop y1 144
1603806329639850155 : Checking image 1 crop x2 2308
1603806329639889139 : Checking image 1 crop y2 3346
1603806330503780521 : Checking image 2 crop x1 158
1603806330503860636 : Checking image 2 crop y1 146
1603806330503891894 : Checking image 2 crop x2 2169
1603806330503922401 : Checking image 2 crop y2 3351
1603806330532783789 : Checking image 1 dpi 300
1603806330532894123 : Checking image 1 border top 129
1603806330532922697 : Checking image 1 border bottom 156
1603806330532948027 : Checking image 1 border left 225
1603806330532972903 : Checking image 1 border right 225
1603806330534584898 : Checking image 2 dpi 300
1603806330534694244 : Checking image 2 border top 131
1603806330534721001 : Checking image 2 border bottom 151
1603806330534745469 : Checking image 2 border left 224
1603806330534770085 : Checking image 2 border right 224

</system-out><system-err>--------------------------------- Captured Err ---------------------------------

</system-err></testcase><testcase classname="tests.test_images" name="test_image_failed_to_rotate_png" time="128.779"><system-out>--------------------------------- Captured Log ---------------------------------

--------------------------------- Captured Out ---------------------------------
/home/travis/build/bansan85/ocr-book/tests/image_failed_to_rotate.png
1603806391668150009 : Checking separation double page angle 90.35589849303614
1603806391668248318 : Checking separation double page y=0 2482
1603806396837567490 : Checking page rotation 1 0.30000000000000004
1603806409421697925 : Checking page rotation 2 0.45
1603806458226311094 : Checking image 1 crop x1 83
1603806458226450590 : Checking image 1 crop y1 6
1603806458226482917 : Checking image 1 crop x2 2467
1603806458226520386 : Checking image 1 crop y2 3484
1603806459197483400 : Checking image 2 crop x1 179
1603806459197572888 : Checking image 2 crop y1 235
1603806459197606577 : Checking image 2 crop x2 2257
1603806459197638036 : Checking image 2 crop y2 3355
1603806459231448001 : Checking image 1 dpi 300
1603806459231567552 : Checking image 1 border top 15
1603806459231596660 : Checking image 1 border bottom 15
1603806459231621881 : Checking image 1 border left 48
1603806459231647302 : Checking image 1 border right 48
1603806459233334182 : Checking image 2 dpi 300
1603806459233427959 : Checking image 2 border top 207
1603806459233454720 : Checking image 2 border bottom 160
1603806459233479389 : Checking image 2 border left 191
1603806459233504668 : Checking image 2 border right 191

</system-out><system-err>--------------------------------- Captured Err ---------------------------------

</system-err></testcase><testcase classname="tests.test_images" name="test_image_failed_to_crop_data_png" time="88.205"><system-out>--------------------------------- Captured Log ---------------------------------

--------------------------------- Captured Out ---------------------------------
/home/travis/build/bansan85/ocr-book/tests/image_failed_to_crop_data.png
1603806513904611874 : Checking separation double page angle 90.16303976362025
1603806513904745048 : Checking separation double page y=0 2485
1603806520132886324 : Checking page rotation 1 0.0
1603806530395083423 : Checking page rotation 2 0.15000000000000002
1603806546623972896 : Checking image 1 crop x1 116
1603806546624131343 : Checking image 1 crop y1 7
1603806546624164168 : Checking image 1 crop x2 2476
1603806546624195982 : Checking image 1 crop y2 3503
1603806547452992909 : Checking image 2 crop x1 164
1603806547453071581 : Checking image 2 crop y1 220
1603806547453103779 : Checking image 2 crop x2 2241
1603806547453134681 : Checking image 2 crop y2 3348
1603806547482699449 : Checking image 1 dpi 300
1603806547482810216 : Checking image 1 border top 5
1603806547482838192 : Checking image 1 border bottom 5
1603806547482862839 : Checking image 1 border left 55
1603806547482887570 : Checking image 1 border right 55
1603806547484604139 : Checking image 2 dpi 300
1603806547484706134 : Checking image 2 border top 212
1603806547484732792 : Checking image 2 border bottom 147
1603806547484757680 : Checking image 2 border left 191
1603806547484782537 : Checking image 2 border right 191

</system-out><system-err>--------------------------------- Captured Err ---------------------------------

</system-err></testcase></testsuite></testsuites>