<?xml version="1.0" encoding="utf-8"?><testsuites><testsuite name="pytest" errors="0" failures="0" skipped="0" tests="36" time="566.026" timestamp="2021-01-02T19:21:52.899524" hostname="fv-az108-19"><testcase classname="tests.test_features" name="test_mock_stop_at_0" time="0.046"><system-out>--------------------------------- Captured Log ---------------------------------

--------------------------------- Captured Out ---------------------------------
/home/runner/work/ocr-book/ocr-book/tests/0001_0.png

</system-out><system-err>--------------------------------- Captured Err ---------------------------------

</system-err></testcase><testcase classname="tests.test_features" name="test_disabled_enable_debug" time="35.084"><system-out>--------------------------------- Captured Log ---------------------------------

--------------------------------- Captured Out ---------------------------------
/home/runner/work/ocr-book/ocr-book/tests/0001_debug.png
separation double page angle 90.5528088189967
separation double page y=0 2485
page rotation 1 0.5499999999999999
page rotation 2 0.2
image 1 crop x1 327
image 1 crop y1 334
image 1 crop x2 2346
image 1 crop y2 3221
image 2 crop x1 169
image 2 crop y1 648
image 2 crop x2 2186
image 2 crop y2 3361
image 1 dpi 300
image 1 border top 332
image 1 border bottom 268
image 1 border left 220
image 1 border right 220
image 2 dpi 300
image 2 border top 643
image 2 border bottom 131
image 2 border left 221
image 2 border right 221

</system-out><system-err>--------------------------------- Captured Err ---------------------------------

</system-err></testcase><testcase classname="tests.test_features" name="test_mock_stop_at_2" time="31.063"><system-out>--------------------------------- Captured Log ---------------------------------

--------------------------------- Captured Out ---------------------------------
/home/runner/work/ocr-book/ocr-book/tests/0001_2.png
separation double page angle 90.5528088189967
separation double page y=0 2485
page rotation 1 0.5499999999999999
page rotation 2 0.2

</system-out><system-err>--------------------------------- Captured Err ---------------------------------

</system-err></testcase><testcase classname="tests.test_features" name="test_mock_stop_at_4" time="33.539"><system-out>--------------------------------- Captured Log ---------------------------------

--------------------------------- Captured Out ---------------------------------
/home/runner/work/ocr-book/ocr-book/tests/0001_4.png
separation double page angle 90.5528088189967
separation double page y=0 2485
page rotation 1 0.5499999999999999
page rotation 2 0.2
image 1 crop x1 327
image 1 crop y1 334
image 1 crop x2 2346
image 1 crop y2 3221
image 2 crop x1 169
image 2 crop y1 648
image 2 crop x2 2186
image 2 crop y2 3361
image 1 dpi 300
image 1 border top 332
image 1 border bottom 268
image 1 border left 220
image 1 border right 220
image 2 dpi 300
image 2 border top 643
image 2 border bottom 131
image 2 border left 221
image 2 border right 221

</system-out><system-err>--------------------------------- Captured Err ---------------------------------

</system-err></testcase><testcase classname="tests.test_features" name="test_mock_stop_at_1" time="27.944"><system-out>--------------------------------- Captured Log ---------------------------------

--------------------------------- Captured Out ---------------------------------
/home/runner/work/ocr-book/ocr-book/tests/0001_1.png
separation double page angle 90.5528088189967
separation double page y=0 2485

</system-out><system-err>--------------------------------- Captured Err ---------------------------------

</system-err></testcase><testcase classname="tests.test_features" name="test_mock_stop_at_3" time="34.251"><system-out>--------------------------------- Captured Log ---------------------------------

--------------------------------- Captured Out ---------------------------------
/home/runner/work/ocr-book/ocr-book/tests/0001_3.png
separation double page angle 90.5528088189967
separation double page y=0 2485
page rotation 1 0.5499999999999999
page rotation 2 0.2
image 1 crop x1 327
image 1 crop y1 334
image 1 crop x2 2346
image 1 crop y2 3221
image 2 crop x1 169
image 2 crop y1 648
image 2 crop x2 2186
image 2 crop y2 3361

</system-out><system-err>--------------------------------- Captured Err ---------------------------------

</system-err></testcase><testcase classname="tests.test_images" name="test_0001_png" time="33.244"><system-out>--------------------------------- Captured Log ---------------------------------

--------------------------------- Captured Out ---------------------------------
/home/runner/work/ocr-book/ocr-book/tests/0001.png
1609615406867177645 : Checking separation double page angle 90.5528088189967
1609615406867291345 : Checking separation double page y=0 2485
1609615407736413454 : Checking page rotation 1 0.5499999999999999
1609615408755379212 : Checking page rotation 2 0.2
1609615410755424089 : Checking image 1 crop x1 327
1609615410755533889 : Checking image 1 crop y1 334
1609615410755570489 : Checking image 1 crop x2 2346
1609615410755601990 : Checking image 1 crop y2 3221
1609615412286519516 : Checking image 2 crop x1 169
1609615412286626917 : Checking image 2 crop y1 648
1609615412286665117 : Checking image 2 crop x2 2186
1609615412286697017 : Checking image 2 crop y2 3361
1609615412286861718 : Checking image 1 dpi 300
1609615412286924619 : Checking image 1 border top 332
1609615412286956819 : Checking image 1 border bottom 268
1609615412286988419 : Checking image 1 border left 220
1609615412287018919 : Checking image 1 border right 220
1609615412289568736 : Checking image 2 dpi 300
1609615412289662336 : Checking image 2 border top 643
1609615412289698036 : Checking image 2 border bottom 131
1609615412289729137 : Checking image 2 border left 221
1609615412289760337 : Checking image 2 border right 221

</system-out><system-err>--------------------------------- Captured Err ---------------------------------

</system-err></testcase><testcase classname="tests.test_features" name="test_mock_stop_at_5" time="34.762"><system-out>--------------------------------- Captured Log ---------------------------------

--------------------------------- Captured Out ---------------------------------
/home/runner/work/ocr-book/ocr-book/tests/0001_5.png
separation double page angle 90.5528088189967
separation double page y=0 2485
page rotation 1 0.5499999999999999
page rotation 2 0.2
image 1 crop x1 327
image 1 crop y1 334
image 1 crop x2 2346
image 1 crop y2 3221
image 2 crop x1 169
image 2 crop y1 648
image 2 crop x2 2186
image 2 crop y2 3361
image 1 dpi 300
image 1 border top 332
image 1 border bottom 268
image 1 border left 220
image 1 border right 220
image 2 dpi 300
image 2 border top 643
image 2 border bottom 131
image 2 border left 221
image 2 border right 221

</system-out><system-err>--------------------------------- Captured Err ---------------------------------

</system-err></testcase><testcase classname="tests.test_images" name="test_black_border_not_removed_png" time="36.188"><system-out>--------------------------------- Captured Log ---------------------------------

--------------------------------- Captured Out ---------------------------------
/home/runner/work/ocr-book/ocr-book/tests/black-border-not-removed.png
1609615441544843312 : Checking separation double page angle 90.033171103531
1609615441544945112 : Checking separation double page y=0 2455
1609615442439426107 : Checking page rotation 1 0.0
1609615443630690906 : Checking page rotation 2 0.05
1609615446302444074 : Checking image 1 crop x1 297
1609615446302556475 : Checking image 1 crop y1 143
1609615446302593875 : Checking image 1 crop x2 2309
1609615446302626975 : Checking image 1 crop y2 3346
1609615448475019453 : Checking image 2 crop x1 157
1609615448475134054 : Checking image 2 crop y1 145
1609615448475171254 : Checking image 2 crop x2 2170
1609615448475204855 : Checking image 2 crop y2 3351
1609615448475361356 : Checking image 1 dpi 300
1609615448475425856 : Checking image 1 border top 132
1609615448475457156 : Checking image 1 border bottom 152
1609615448475487256 : Checking image 1 border left 224
1609615448475517557 : Checking image 1 border right 224
1609615448478085373 : Checking image 2 dpi 300
1609615448478171974 : Checking image 2 border top 134
1609615448478207074 : Checking image 2 border bottom 147
1609615448478237774 : Checking image 2 border left 223
1609615448478268774 : Checking image 2 border right 223

</system-out><system-err>--------------------------------- Captured Err ---------------------------------

</system-err></testcase><testcase classname="tests.test_images" name="test_2_pages_2_contours_png" time="18.985"><system-out>--------------------------------- Captured Log ---------------------------------

--------------------------------- Captured Out ---------------------------------
/home/runner/work/ocr-book/ocr-book/tests/2-pages-2-contours.png
1609615461401127069 : Checking separation double page angle 90.09036871657068
1609615461401236270 : Checking separation double page y=0 2486
1609615461904688276 : Checking page rotation 1 0.0
1609615462828869862 : Checking page rotation 2 0.2
1609615463642740746 : Checking image 1 crop x1 1191
1609615463642825646 : Checking image 1 crop y1 1750
1609615463642855946 : Checking image 1 crop x2 1192
1609615463642882546 : Checking image 1 crop y2 1751
1609615465438930385 : Checking image 2 crop x1 99
1609615465439028386 : Checking image 2 crop y1 240
1609615465439061586 : Checking image 2 crop x2 2147
1609615465439092086 : Checking image 2 crop y2 3240
1609615465439240987 : Checking image 1 dpi 300
1609615465439297787 : Checking image 1 border top 1752
1609615465439326287 : Checking image 1 border bottom 1753
1609615465439354788 : Checking image 1 border left 1239
1609615465439382988 : Checking image 1 border right 1239
1609615465441542802 : Checking image 2 dpi 300
1609615465441625402 : Checking image 2 border top 229
1609615465441654102 : Checking image 2 border bottom 258
1609615465441682202 : Checking image 2 border left 206
1609615465441710003 : Checking image 2 border right 206

</system-out><system-err>--------------------------------- Captured Err ---------------------------------

</system-err></testcase><testcase classname="tests.test_images" name="test_image_failed_to_rotate_png" time="34.918"><system-out>--------------------------------- Captured Log ---------------------------------

--------------------------------- Captured Out ---------------------------------
/home/runner/work/ocr-book/ocr-book/tests/image_failed_to_rotate.png
1609615473145720850 : Checking separation double page angle 90.26767669076624
1609615473145822551 : Checking separation double page y=0 2480
1609615474730641869 : Checking page rotation 1 0.45
1609615475794643462 : Checking page rotation 2 0.2
1609615480907454789 : Checking image 1 crop x1 31
1609615480907581490 : Checking image 1 crop y1 1
1609615480907619990 : Checking image 1 crop x2 2478
1609615480907652891 : Checking image 1 crop y2 3504
1609615483311500373 : Checking image 2 crop x1 169
1609615483311608374 : Checking image 2 crop y1 231
1609615483311644674 : Checking image 2 crop x2 2257
1609615483311677774 : Checking image 2 crop y2 3358
1609615483311839775 : Checking image 1 dpi 300
1609615483311907275 : Checking image 1 border top 2
1609615483311940376 : Checking image 1 border bottom 2
1609615483311970976 : Checking image 1 border left 17
1609615483312003376 : Checking image 1 border right 17
1609615483314622993 : Checking image 2 dpi 300
1609615483314716593 : Checking image 2 border top 218
1609615483314749993 : Checking image 2 border bottom 142
1609615483314780094 : Checking image 2 border left 186
1609615483314810094 : Checking image 2 border right 186

</system-out><system-err>--------------------------------- Captured Err ---------------------------------

</system-err></testcase><testcase classname="tests.test_images" name="test_wrong_split_line_png" time="25.126"><system-out>--------------------------------- Captured Log ---------------------------------

--------------------------------- Captured Out ---------------------------------
/home/runner/work/ocr-book/ocr-book/tests/wrong_split_line.png
1609615485590713289 : Checking separation double page angle 89.93395720607973
1609615485590818989 : Checking separation double page y=0 2465
1609615486402586124 : Checking page rotation 1 -0.04999999999999689
1609615487233689580 : Checking page rotation 2 0.5499999999999999
1609615488556905450 : Checking image 1 crop x1 211
1609615488557007550 : Checking image 1 crop y1 156
1609615488557042650 : Checking image 1 crop x2 2323
1609615488557075851 : Checking image 1 crop y2 3363
1609615490562958138 : Checking image 2 crop x1 125
1609615490563061538 : Checking image 2 crop y1 166
1609615490563098339 : Checking image 2 crop x2 2236
1609615490563132539 : Checking image 2 crop y2 3373
1609615490563299540 : Checking image 1 dpi 300
1609615490563365740 : Checking image 1 border top 134
1609615490563396540 : Checking image 1 border bottom 146
1609615490563426941 : Checking image 1 border left 174
1609615490563457041 : Checking image 1 border right 174
1609615490566040657 : Checking image 2 dpi 300
1609615490566128958 : Checking image 2 border top 146
1609615490566160258 : Checking image 2 border bottom 134
1609615490566193258 : Checking image 2 border left 174
1609615490566222958 : Checking image 2 border right 174

</system-out><system-err>--------------------------------- Captured Err ---------------------------------

</system-err></testcase><testcase classname="tests.test_images" name="test_image_failed_to_crop_data_png" time="44.176"><system-out>--------------------------------- Captured Log ---------------------------------

--------------------------------- Captured Out ---------------------------------
/home/runner/work/ocr-book/ocr-book/tests/image_failed_to_crop_data.png
1609615511748463918 : Checking separation double page angle 90.053197600644
1609615511748589719 : Checking separation double page y=0 2480
1609615515505901493 : Checking page rotation 1 0.15000000000000002
1609615516413741859 : Checking page rotation 2 0.0
1609615525240983326 : Checking image 1 crop x1 51
1609615525241094427 : Checking image 1 crop y1 7
1609615525241134527 : Checking image 1 crop x2 2478
1609615525241167728 : Checking image 1 crop y2 3505
1609615527522805718 : Checking image 2 crop x1 160
1609615527522909719 : Checking image 2 crop y1 217
1609615527522946819 : Checking image 2 crop x2 2242
1609615527522979919 : Checking image 2 crop y2 3350
1609615527523145220 : Checking image 1 dpi 300
1609615527523210521 : Checking image 1 border top 5
1609615527523243521 : Checking image 1 border bottom 5
1609615527523272921 : Checking image 1 border left 27
1609615527523303821 : Checking image 1 border right 27
1609615527525824937 : Checking image 2 dpi 300
1609615527525911438 : Checking image 2 border top 206
1609615527525943738 : Checking image 2 border bottom 148
1609615527525976638 : Checking image 2 border left 189
1609615527526006438 : Checking image 2 border right 189

</system-out><system-err>--------------------------------- Captured Err ---------------------------------

</system-err></testcase><testcase classname="tests.test_images" name="test_crop_too_much_png" time="43.810"><system-out>--------------------------------- Captured Log ---------------------------------

--------------------------------- Captured Out ---------------------------------
/home/runner/work/ocr-book/ocr-book/tests/crop_too_much.png
1609615527939308463 : Checking separation double page angle 90.13239409272954
1609615527939413064 : Checking separation double page y=0 2455
1609615529265850988 : Checking page rotation 1 0.0
1609615530578013922 : Checking page rotation 2 0.2
1609615532775955785 : Checking image 1 crop x1 303
1609615532776066886 : Checking image 1 crop y1 148
1609615532776102286 : Checking image 1 crop x2 2313
1609615532776134886 : Checking image 1 crop y2 3351
1609615534359185344 : Checking image 2 crop x1 162
1609615534359294045 : Checking image 2 crop y1 151
1609615534359329845 : Checking image 2 crop x2 2186
1609615534359363145 : Checking image 2 crop y2 3363
1609615534359525847 : Checking image 1 dpi 300
1609615534359593347 : Checking image 1 border top 132
1609615534359625047 : Checking image 1 border bottom 152
1609615534359656247 : Checking image 1 border left 225
1609615534359686648 : Checking image 1 border right 225
1609615534362350464 : Checking image 2 dpi 300
1609615534362439165 : Checking image 2 border top 132
1609615534362471165 : Checking image 2 border bottom 143
1609615534362502065 : Checking image 2 border left 218
1609615534362532266 : Checking image 2 border right 218

</system-out><system-err>--------------------------------- Captured Err ---------------------------------

</system-err></testcase><testcase classname="tests.test_images" name="test_wrong_angle_split_line_png" time="30.272"><system-out>--------------------------------- Captured Log ---------------------------------

--------------------------------- Captured Out ---------------------------------
/home/runner/work/ocr-book/ocr-book/tests/wrong_angle_split_line.png
1609615546302176135 : Checking separation double page angle 90.09193420006348
1609615546302286036 : Checking separation double page y=0 2478
1609615547468108000 : Checking page rotation 1 0.1
1609615548333620399 : Checking page rotation 2 0.1
1609615553151827714 : Checking image 1 crop x1 58
1609615553151939715 : Checking image 1 crop y1 6
1609615553151977715 : Checking image 1 crop x2 2476
1609615553152011515 : Checking image 1 crop y2 3501
1609615557186866256 : Checking image 2 crop x1 166
1609615557186982456 : Checking image 2 crop y1 218
1609615557187019357 : Checking image 2 crop x2 2244
1609615557187053057 : Checking image 2 crop y2 3349
1609615557187226058 : Checking image 1 dpi 300
1609615557187296058 : Checking image 1 border top 6
1609615557187331059 : Checking image 1 border bottom 6
1609615557187361059 : Checking image 1 border left 31
1609615557187391659 : Checking image 1 border right 31
1609615557194529604 : Checking image 2 dpi 300
1609615557194635105 : Checking image 2 border top 207
1609615557194671205 : Checking image 2 border bottom 149
1609615557194701905 : Checking image 2 border left 191
1609615557194732206 : Checking image 2 border right 191

</system-out><system-err>--------------------------------- Captured Err ---------------------------------

</system-err></testcase><testcase classname="tests.test_images" name="test_crop_too_few_png" time="25.638"><system-out>--------------------------------- Captured Log ---------------------------------

--------------------------------- Captured Out ---------------------------------
/home/runner/work/ocr-book/ocr-book/tests/crop_too_few.png
1609615554816053288 : Checking separation double page angle 89.54670238452755
1609615554816161489 : Checking separation double page y=0 2512
1609615555729986196 : Checking page rotation 1 -0.6000000000000009
1609615556891407378 : Checking page rotation 2 0.0
1609615558383354860 : Checking image 1 crop x1 263
1609615558383455461 : Checking image 1 crop y1 150
1609615558383488061 : Checking image 1 crop x2 2379
1609615558383517861 : Checking image 1 crop y2 3358
1609615560021425071 : Checking image 2 crop x1 137
1609615560021522971 : Checking image 2 crop y1 141
1609615560021556071 : Checking image 2 crop x2 2259
1609615560021586272 : Checking image 2 crop y2 3345
1609615560021747373 : Checking image 1 dpi 300
1609615560021812973 : Checking image 1 border top 130
1609615560021841373 : Checking image 1 border bottom 149
1609615560021869473 : Checking image 1 border left 172
1609615560021897374 : Checking image 1 border right 172
1609615560024477790 : Checking image 2 dpi 300
1609615560024596691 : Checking image 2 border top 130
1609615560024626991 : Checking image 2 border bottom 153
1609615560024654691 : Checking image 2 border left 169
1609615560024682691 : Checking image 2 border right 169

</system-out><system-err>--------------------------------- Captured Err ---------------------------------

</system-err></testcase><testcase classname="tests.test_images" name="test_angle_page_lower_split_line_png" time="32.214"><system-out>--------------------------------- Captured Log ---------------------------------

--------------------------------- Captured Out ---------------------------------
/home/runner/work/ocr-book/ocr-book/tests/angle_page_lower_split_line.png
1609615583752681650 : Checking separation double page angle 89.74927707086691
1609615583752790050 : Checking separation double page y=0 2474
1609615585003185097 : Checking page rotation 1 -0.14999999999999067
1609615586153111105 : Checking page rotation 2 0.1
1609615588213521813 : Checking image 1 crop x1 241
1609615588213642914 : Checking image 1 crop y1 156
1609615588213680714 : Checking image 1 crop x2 2357
1609615588213715915 : Checking image 1 crop y2 3368
1609615590073190357 : Checking image 2 crop x1 149
1609615590073308858 : Checking image 2 crop y1 146
1609615590073345958 : Checking image 2 crop x2 2259
1609615590073380658 : Checking image 2 crop y2 3351
1609615590073551859 : Checking image 1 dpi 300
1609615590073619760 : Checking image 1 border top 140
1609615590073651160 : Checking image 1 border bottom 135
1609615590073680960 : Checking image 1 border left 172
1609615590073711560 : Checking image 1 border right 172
1609615590076209976 : Checking image 2 dpi 300
1609615590076294277 : Checking image 2 border top 129
1609615590076328577 : Checking image 2 border bottom 152
1609615590076359177 : Checking image 2 border left 175
1609615590076389077 : Checking image 2 border right 175

</system-out><system-err>--------------------------------- Captured Err ---------------------------------

</system-err></testcase><testcase classname="tests.test_images" name="test_crop_too_much_2_png" time="51.969"><system-out>--------------------------------- Captured Log ---------------------------------

--------------------------------- Captured Out ---------------------------------
/home/runner/work/ocr-book/ocr-book/tests/crop_too_much_2.png
1609615604629747543 : Checking separation double page angle 90.1149074900787
1609615604629865444 : Checking separation double page y=0 2478
1609615605903401126 : Checking page rotation 1 0.15000000000000002
1609615607311707164 : Checking page rotation 2 0.2
1609615609226948118 : Checking image 1 crop x1 330
1609615609227058319 : Checking image 1 crop y1 132
1609615609227094619 : Checking image 1 crop x2 2342
1609615609227126720 : Checking image 1 crop y2 3335
1609615611961902376 : Checking image 2 crop x1 162
1609615611962007077 : Checking image 2 crop y1 139
1609615611962043977 : Checking image 2 crop x2 2175
1609615611962077978 : Checking image 2 crop y2 3345
1609615611962249679 : Checking image 1 dpi 300
1609615611962317879 : Checking image 1 border top 122
1609615611962348979 : Checking image 1 border bottom 162
1609615611962378680 : Checking image 1 border left 224
1609615611962409380 : Checking image 1 border right 224
1609615611965049696 : Checking image 2 dpi 300
1609615611965140397 : Checking image 2 border top 130
1609615611965172597 : Checking image 2 border bottom 151
1609615611965202797 : Checking image 2 border left 223
1609615611965232898 : Checking image 2 border right 223

</system-out><system-err>--------------------------------- Captured Err ---------------------------------

</system-err></testcase><testcase classname="tests.test_images" name="test_wrong_split_line_2_png" time="48.014"><system-out>--------------------------------- Captured Log ---------------------------------

--------------------------------- Captured Out ---------------------------------
/home/runner/work/ocr-book/ocr-book/tests/wrong_split_line_2.png
1609615626382785283 : Checking separation double page angle 90.19944704411863
1609615626382893183 : Checking separation double page y=0 2437
1609615627837136846 : Checking page rotation 1 0.2
1609615629102409383 : Checking page rotation 2 0.2
1609615632605539334 : Checking image 1 crop x1 294
1609615632605652135 : Checking image 1 crop y1 136
1609615632605687435 : Checking image 1 crop x2 2325
1609615632605722735 : Checking image 1 crop y2 3376
1609615638076536984 : Checking image 2 crop x1 136
1609615638076645885 : Checking image 2 crop y1 190
1609615638076680985 : Checking image 2 crop x2 2172
1609615638076713585 : Checking image 2 crop y2 3389
1609615638076875586 : Checking image 1 dpi 300
1609615638076941387 : Checking image 1 border top 131
1609615638076971887 : Checking image 1 border bottom 116
1609615638077001287 : Checking image 1 border left 214
1609615638077031187 : Checking image 1 border right 214
1609615638079491003 : Checking image 2 dpi 300
1609615638079578704 : Checking image 2 border top 181
1609615638079611304 : Checking image 2 border bottom 107
1609615638079641804 : Checking image 2 border left 212
1609615638079672204 : Checking image 2 border right 212

</system-out><system-err>--------------------------------- Captured Err ---------------------------------

</system-err></testcase><testcase classname="tests.test_images" name="test_wrong_wave_split_line_png" time="47.873"><system-out>--------------------------------- Captured Log ---------------------------------

--------------------------------- Captured Out ---------------------------------
/home/runner/work/ocr-book/ocr-book/tests/wrong_wave_split_line.png
1609615647888069596 : Checking separation double page angle 90.37878604107719
1609615647888177296 : Checking separation double page y=0 2500
1609615648930503315 : Checking page rotation 1 -0.14999999999999067
1609615650015425505 : Checking page rotation 2 0.9
1609615655128700977 : Checking image 1 crop x1 385
1609615655128810978 : Checking image 1 crop y1 179
1609615655128846978 : Checking image 1 crop x2 2411
1609615655128878678 : Checking image 1 crop y2 3374
1609615659852034753 : Checking image 2 crop x1 117
1609615659852144753 : Checking image 2 crop y1 19
1609615659852180854 : Checking image 2 crop x2 2406
1609615659852215554 : Checking image 2 crop y2 3391
1609615659852394355 : Checking image 1 dpi 300
1609615659852463955 : Checking image 1 border top 173
1609615659852507956 : Checking image 1 border bottom 119
1609615659852539056 : Checking image 1 border left 217
1609615659852569456 : Checking image 1 border right 217
1609615659855177173 : Checking image 2 dpi 300
1609615659855267373 : Checking image 2 border top 0
1609615659855301873 : Checking image 2 border bottom 125
1609615659855332874 : Checking image 2 border left 91
1609615659855363074 : Checking image 2 border right 91

</system-out><system-err>--------------------------------- Captured Err ---------------------------------

</system-err></testcase><testcase classname="tests.test_images" name="test_small_wave_png" time="45.613"><system-out>--------------------------------- Captured Log ---------------------------------

--------------------------------- Captured Out ---------------------------------
/home/runner/work/ocr-book/ocr-book/tests/small_wave.png
1609615679212341435 : Checking separation double page angle 90.58816928841564
1609615679212447236 : Checking separation double page y=0 2497
1609615680513661998 : Checking page rotation 1 0.65
1609615681600395398 : Checking page rotation 2 0.65
1609615682592228996 : Checking image 1 crop x1 320
1609615682592339597 : Checking image 1 crop y1 199
1609615682592376397 : Checking image 1 crop x2 2353
1609615682592407897 : Checking image 1 crop y2 3394
1609615683676637182 : Checking image 2 crop x1 130
1609615683676748282 : Checking image 2 crop y1 222
1609615683676785883 : Checking image 2 crop x2 2163
1609615683676820083 : Checking image 2 crop y2 3420
1609615683676976184 : Checking image 1 dpi 300
1609615683677039984 : Checking image 1 border top 179
1609615683677070784 : Checking image 1 border bottom 112
1609615683677101085 : Checking image 1 border left 213
1609615683677132985 : Checking image 1 border right 213
1609615683679642701 : Checking image 2 dpi 300
1609615683679728901 : Checking image 2 border top 197
1609615683679760201 : Checking image 2 border bottom 92
1609615683679791102 : Checking image 2 border left 213
1609615683679822402 : Checking image 2 border right 213

</system-out><system-err>--------------------------------- Captured Err ---------------------------------

</system-err></testcase><testcase classname="tests.test_images" name="test_no_split_line_line_algo_png" time="29.046"><system-out>--------------------------------- Captured Log ---------------------------------

--------------------------------- Captured Out ---------------------------------
/home/runner/work/ocr-book/ocr-book/tests/no_split_line_line_algo.png
1609615682979346854 : Checking separation double page angle 89.47691469185418
1609615682979455955 : Checking separation double page y=0 2476
1609615683770031475 : Checking page rotation 1 -0.14999999999999067
1609615685003005704 : Checking page rotation 2 -0.14999999999999067
1609615686273750374 : Checking image 1 crop x1 205
1609615686273859475 : Checking image 1 crop y1 158
1609615686273894675 : Checking image 1 crop x2 2320
1609615686273928875 : Checking image 1 crop y2 3366
1609615688915173747 : Checking image 2 crop x1 185
1609615688915274548 : Checking image 2 crop y1 225
1609615688915311148 : Checking image 2 crop x2 2204
1609615688915344649 : Checking image 2 crop y2 3362
1609615688915508850 : Checking image 1 dpi 300
1609615688915575850 : Checking image 1 border top 144
1609615688915607550 : Checking image 1 border bottom 134
1609615688915637750 : Checking image 1 border left 172
1609615688915668051 : Checking image 1 border right 172
1609615688918290067 : Checking image 2 dpi 300
1609615688918376668 : Checking image 2 border top 218
1609615688918409968 : Checking image 2 border bottom 132
1609615688918441268 : Checking image 2 border left 220
1609615688918471368 : Checking image 2 border right 220

</system-out><system-err>--------------------------------- Captured Err ---------------------------------

</system-err></testcase><testcase classname="tests.test_images" name="test_wrong_split_line_3_png" time="31.827"><system-out>--------------------------------- Captured Log ---------------------------------

--------------------------------- Captured Out ---------------------------------
/home/runner/work/ocr-book/ocr-book/tests/wrong_split_line_3.png
1609615710814714941 : Checking separation double page angle 90.43729500214694
1609615710814827242 : Checking separation double page y=0 2498
1609615711955569791 : Checking page rotation 1 0.2
1609615712907689741 : Checking page rotation 2 0.85
1609615714307105434 : Checking image 1 crop x1 331
1609615714307220934 : Checking image 1 crop y1 166
1609615714307258635 : Checking image 1 crop x2 2377
1609615714307291335 : Checking image 1 crop y2 3375
1609615715540533661 : Checking image 2 crop x1 102
1609615715540647662 : Checking image 2 crop y1 207
1609615715540684362 : Checking image 2 crop x2 2135
1609615715540719262 : Checking image 2 crop y2 3414
1609615715540882163 : Checking image 1 dpi 300
1609615715540948064 : Checking image 1 border top 158
1609615715540979564 : Checking image 1 border bottom 120
1609615715541009264 : Checking image 1 border left 207
1609615715541038964 : Checking image 1 border right 207
1609615715543640981 : Checking image 2 dpi 300
1609615715543731581 : Checking image 2 border top 186
1609615715543767182 : Checking image 2 border bottom 94
1609615715543798082 : Checking image 2 border left 213
1609615715543827682 : Checking image 2 border right 213

</system-out><system-err>--------------------------------- Captured Err ---------------------------------

</system-err></testcase><testcase classname="tests.test_images" name="test_failed_split_line_line_algo_png" time="15.125"><system-out>--------------------------------- Captured Log ---------------------------------

--------------------------------- Captured Out ---------------------------------
/home/runner/work/ocr-book/ocr-book/tests/failed_split_line_line_algo.png
1609615700614558850 : Checking separation double page angle 90.04134220573248
1609615700614666151 : Checking separation double page y=0 2573
1609615701263687173 : Checking page rotation 1 -0.09999999999999377
1609615701757119206 : Checking page rotation 2 0.1
1609615703290112541 : Checking image 1 crop x1 408
1609615703290216442 : Checking image 1 crop y1 2926
1609615703290252142 : Checking image 1 crop x2 2420
1609615703290284043 : Checking image 1 crop y2 3173
1609615704061334239 : Checking image 2 crop x1 1184
1609615704061422640 : Checking image 2 crop y1 1745
1609615704061455240 : Checking image 2 crop x2 1185
1609615704061487540 : Checking image 2 crop y2 1746
1609615704061610641 : Checking image 1 dpi 300
1609615704061677841 : Checking image 1 border top 2922
1609615704061708941 : Checking image 1 border bottom 318
1609615704061738742 : Checking image 1 border left 224
1609615704061768442 : Checking image 1 border right 224
1609615704063677354 : Checking image 2 dpi 300
1609615704063758554 : Checking image 2 border top 1753
1609615704063791255 : Checking image 2 border bottom 1753
1609615704063820855 : Checking image 2 border left 1239
1609615704063850955 : Checking image 2 border right 1239

</system-out><system-err>--------------------------------- Captured Err ---------------------------------

</system-err></testcase><testcase classname="tests.test_images" name="test_failed_split_line_line_algo_2_png" time="36.589"><system-out>--------------------------------- Captured Log ---------------------------------

--------------------------------- Captured Out ---------------------------------
/home/runner/work/ocr-book/ocr-book/tests/failed_split_line_line_algo_2.png
1609615735747638754 : Checking separation double page angle 90.03068774449687
1609615735747751755 : Checking separation double page y=0 2500
1609615736955824808 : Checking page rotation 1 0.05
1609615737982117910 : Checking page rotation 2 0.5499999999999999
1609615739297926346 : Checking image 1 crop x1 271
1609615739298038247 : Checking image 1 crop y1 149
1609615739298074447 : Checking image 1 crop x2 2382
1609615739298107247 : Checking image 1 crop y2 3354
1609615740625419203 : Checking image 2 crop x1 120
1609615740625519504 : Checking image 2 crop y1 155
1609615740625555204 : Checking image 2 crop x2 2244
1609615740625588404 : Checking image 2 crop y2 3350
1609615740625753105 : Checking image 1 dpi 300
1609615740625821606 : Checking image 1 border top 141
1609615740625852306 : Checking image 1 border bottom 141
1609615740625882606 : Checking image 1 border left 174
1609615740625914106 : Checking image 1 border right 174
1609615740628444022 : Checking image 2 dpi 300
1609615740628553823 : Checking image 2 border top 140
1609615740628588023 : Checking image 2 border bottom 152
1609615740628618623 : Checking image 2 border left 168
1609615740628649024 : Checking image 2 border right 168

</system-out><system-err>--------------------------------- Captured Err ---------------------------------

</system-err></testcase><testcase classname="tests.test_images" name="test_crop_too_much_3_png" time="37.350"><system-out>--------------------------------- Captured Log ---------------------------------

--------------------------------- Captured Out ---------------------------------
/home/runner/work/ocr-book/ocr-book/tests/crop_too_much_3.png
1609615747009787393 : Checking separation double page angle 89.49330634783144
1609615747009899394 : Checking separation double page y=0 2498
1609615747945694415 : Checking page rotation 1 -0.8999999999999949
1609615749200186775 : Checking page rotation 2 -0.14999999999999067
1609615751062802994 : Checking image 1 crop x1 374
1609615751062922694 : Checking image 1 crop y1 258
1609615751062958695 : Checking image 1 crop x2 2385
1609615751062989995 : Checking image 1 crop y2 3459
1609615752886380165 : Checking image 2 crop x1 168
1609615752886494065 : Checking image 2 crop y1 228
1609615752886530565 : Checking image 2 crop x2 2181
1609615752886565166 : Checking image 2 crop y2 3417
1609615752886729767 : Checking image 1 dpi 300
1609615752886794867 : Checking image 1 border top 239
1609615752886825267 : Checking image 1 border bottom 47
1609615752886854968 : Checking image 1 border left 224
1609615752886885568 : Checking image 1 border right 224
1609615752889507484 : Checking image 2 dpi 300
1609615752889598485 : Checking image 2 border top 209
1609615752889629885 : Checking image 2 border bottom 89
1609615752889659285 : Checking image 2 border left 223
1609615752889693486 : Checking image 2 border right 223

</system-out><system-err>--------------------------------- Captured Err ---------------------------------

</system-err></testcase><testcase classname="tests.test_images" name="test_wrong_wave_split_line_2_png" time="39.038"><system-out>--------------------------------- Captured Log ---------------------------------

--------------------------------- Captured Out ---------------------------------
/home/runner/work/ocr-book/ocr-book/tests/wrong_wave_split_line_2.png
1609615774328197950 : Checking separation double page angle 90.7708958311329
1609615774328296351 : Checking separation double page y=0 2490
1609615775359165087 : Checking page rotation 1 0.2
1609615776345348141 : Checking page rotation 2 1.65
1609615777512310640 : Checking image 1 crop x1 227
1609615777512406241 : Checking image 1 crop y1 147
1609615777512441341 : Checking image 1 crop x2 2342
1609615777512475641 : Checking image 1 crop y2 3353
1609615779668783507 : Checking image 2 crop x1 106
1609615779668883808 : Checking image 2 crop y1 195
1609615779668919508 : Checking image 2 crop x2 2231
1609615779668952408 : Checking image 2 crop y2 3398
1609615779669113609 : Checking image 1 dpi 300
1609615779669179109 : Checking image 1 border top 136
1609615779669210710 : Checking image 1 border bottom 145
1609615779669241810 : Checking image 1 border left 172
1609615779669273010 : Checking image 1 border right 172
1609615779671897027 : Checking image 2 dpi 300
1609615779671985027 : Checking image 2 border top 165
1609615779672020427 : Checking image 2 border bottom 118
1609615779672051228 : Checking image 2 border left 167
1609615779672081128 : Checking image 2 border right 167

</system-out><system-err>--------------------------------- Captured Err ---------------------------------

</system-err></testcase><testcase classname="tests.test_images" name="test_wrong_wave_split_line_3_png" time="34.711"><system-out>--------------------------------- Captured Log ---------------------------------

--------------------------------- Captured Out ---------------------------------
/home/runner/work/ocr-book/ocr-book/tests/wrong_wave_split_line_3.png
1609615782474340734 : Checking separation double page angle 90.05826063695574
1609615782474444935 : Checking separation double page y=0 2514
1609615783749865694 : Checking page rotation 1 0.0
1609615784748351203 : Checking page rotation 2 0.2
1609615786410661706 : Checking image 1 crop x1 274
1609615786410773907 : Checking image 1 crop y1 221
1609615786410809107 : Checking image 1 crop x2 2383
1609615786410840507 : Checking image 1 crop y2 3422
1609615787616147529 : Checking image 2 crop x1 112
1609615787616259130 : Checking image 2 crop y1 225
1609615787616296130 : Checking image 2 crop x2 2238
1609615787616331031 : Checking image 2 crop y2 3415
1609615787616513132 : Checking image 1 dpi 300
1609615787616582732 : Checking image 1 border top 201
1609615787616613132 : Checking image 1 border bottom 85
1609615787616643933 : Checking image 1 border left 175
1609615787616673533 : Checking image 1 border right 175
1609615787619212249 : Checking image 2 dpi 300
1609615787619297649 : Checking image 2 border top 207
1609615787619329450 : Checking image 2 border bottom 90
1609615787619359650 : Checking image 2 border left 167
1609615787619389450 : Checking image 2 border right 167

</system-out><system-err>--------------------------------- Captured Err ---------------------------------

</system-err></testcase><testcase classname="tests.test_images" name="test_no_split_line_wave_algo_png" time="48.975"><system-out>--------------------------------- Captured Log ---------------------------------

--------------------------------- Captured Out ---------------------------------
/home/runner/work/ocr-book/ocr-book/tests/no_split_line_wave_algo.png
1609615810104890708 : Checking separation double page angle 89.72500000000001
1609615810104994309 : Checking separation double page y=0 2484
1609615812520290781 : Checking page rotation 1 0.0
1609615813627954668 : Checking page rotation 2 -0.44999999999999746
1609615822295645679 : Checking image 1 crop x1 97
1609615822295735879 : Checking image 1 crop y1 79
1609615822295768880 : Checking image 1 crop x2 2494
1609615822295800480 : Checking image 1 crop y2 3505
1609615828612727219 : Checking image 2 crop x1 163
1609615828612831220 : Checking image 2 crop y1 267
1609615828612868720 : Checking image 2 crop x2 2238
1609615828612902821 : Checking image 2 crop y2 3380
1609615828613065622 : Checking image 1 dpi 300
1609615828613137422 : Checking image 1 border top 41
1609615828613168122 : Checking image 1 border bottom 41
1609615828613198222 : Checking image 1 border left 42
1609615828613228223 : Checking image 1 border right 42
1609615828615872439 : Checking image 2 dpi 300
1609615828615958840 : Checking image 2 border top 255
1609615828615995240 : Checking image 2 border bottom 119
1609615828616025940 : Checking image 2 border left 192
1609615828616056740 : Checking image 2 border right 192

</system-out><system-err>--------------------------------- Captured Err ---------------------------------

</system-err></testcase><testcase classname="tests.test_images" name="test_no_split_line_wave_algo_2_png" time="29.542"><system-out>--------------------------------- Captured Log ---------------------------------

--------------------------------- Captured Out ---------------------------------
/home/runner/work/ocr-book/ocr-book/tests/no_split_line_wave_algo_2.png
1609615812852035174 : Checking separation double page angle 90.54999999999998
1609615812852135875 : Checking separation double page y=0 2478
1609615813814337244 : Checking page rotation 1 1.0999999999999999
1609615814775868409 : Checking page rotation 2 0.2
1609615816044322410 : Checking image 1 crop x1 266
1609615816044430811 : Checking image 1 crop y1 210
1609615816044464211 : Checking image 1 crop x2 2342
1609615816044510611 : Checking image 1 crop y2 3413
1609615817155160817 : Checking image 2 crop x1 168
1609615817155275418 : Checking image 2 crop y1 241
1609615817155313418 : Checking image 2 crop x2 2251
1609615817155346718 : Checking image 2 crop y2 3433
1609615817155502819 : Checking image 1 dpi 300
1609615817155567819 : Checking image 1 border top 192
1609615817155598420 : Checking image 1 border bottom 91
1609615817155630220 : Checking image 1 border left 192
1609615817155660020 : Checking image 1 border right 192
1609615817158177736 : Checking image 2 dpi 300
1609615817158268036 : Checking image 2 border top 224
1609615817158300337 : Checking image 2 border bottom 71
1609615817158330337 : Checking image 2 border left 188
1609615817158360037 : Checking image 2 border right 188

</system-out><system-err>--------------------------------- Captured Err ---------------------------------

</system-err></testcase><testcase classname="tests.test_images" name="test_failed_detect_rectangle_png" time="37.405"><system-out>--------------------------------- Captured Log ---------------------------------

--------------------------------- Captured Out ---------------------------------
/home/runner/work/ocr-book/ocr-book/tests/failed_detect_rectangle.png
1609615849010586705 : Checking separation double page angle 90.19837516213148
1609615849010687906 : Checking separation double page y=0 2474
1609615850002299880 : Checking page rotation 1 0.2
1609615851107149972 : Checking page rotation 2 0.15000000000000002
1609615852141935664 : Checking image 1 crop x1 257
1609615852142040066 : Checking image 1 crop y1 201
1609615852142078066 : Checking image 1 crop x2 2333
1609615852142111167 : Checking image 1 crop y2 3402
1609615854557681296 : Checking image 2 crop x1 135
1609615854557790497 : Checking image 2 crop y1 214
1609615854557827098 : Checking image 2 crop x2 2219
1609615854557861198 : Checking image 2 crop y2 3406
1609615854558020700 : Checking image 1 dpi 300
1609615854558085301 : Checking image 1 border top 188
1609615854558116702 : Checking image 1 border bottom 97
1609615854558146702 : Checking image 1 border left 192
1609615854558177203 : Checking image 1 border right 192
1609615854560720539 : Checking image 2 dpi 300
1609615854560815241 : Checking image 2 border top 202
1609615854560848041 : Checking image 2 border bottom 93
1609615854560878642 : Checking image 2 border left 188
1609615854560908742 : Checking image 2 border right 188

</system-out><system-err>--------------------------------- Captured Err ---------------------------------

</system-err></testcase><testcase classname="tests.test_images" name="test_crop_too_few_2_png" time="28.617"><system-out>--------------------------------- Captured Log ---------------------------------

--------------------------------- Captured Out ---------------------------------
/home/runner/work/ocr-book/ocr-book/tests/crop_too_few_2.png
1609615852539985220 : Checking separation double page angle 90.30476192320097
1609615852540093421 : Checking separation double page y=0 2531
1609615853499681497 : Checking page rotation 1 1.0999999999999999
1609615854487745084 : Checking page rotation 2 -0.04999999999999689
1609615856080276412 : Checking image 1 crop x1 289
1609615856080379914 : Checking image 1 crop y1 165
1609615856080413614 : Checking image 1 crop x2 2400
1609615856080445315 : Checking image 1 crop y2 3367
1609615857286089854 : Checking image 2 crop x1 149
1609615857286191255 : Checking image 2 crop y1 189
1609615857286227755 : Checking image 2 crop x2 2273
1609615857286261655 : Checking image 2 crop y2 3386
1609615857286422156 : Checking image 1 dpi 300
1609615857286490657 : Checking image 1 border top 157
1609615857286521757 : Checking image 1 border bottom 128
1609615857286551757 : Checking image 1 border left 174
1609615857286583757 : Checking image 1 border right 174
1609615857289186674 : Checking image 2 dpi 300
1609615857289270975 : Checking image 2 border top 176
1609615857289302575 : Checking image 2 border bottom 114
1609615857289332775 : Checking image 2 border left 168
1609615857289363275 : Checking image 2 border right 168

</system-out><system-err>--------------------------------- Captured Err ---------------------------------

</system-err></testcase><testcase classname="tests.test_images" name="test_single_page_png" time="5.951"><system-out>--------------------------------- Captured Log ---------------------------------

--------------------------------- Captured Out ---------------------------------
/home/runner/work/ocr-book/ocr-book/tests/single_page.png
1609615858068571919 : Checking separation double page angle 90.04999999999998
1609615858068695020 : Checking separation double page y=0 2476
1609615858807262706 : Checking page rotation 1 0.0
1609615858915982696 : Checking page rotation 2 0.0
1609615860126072065 : Checking image 1 crop x1 1
1609615860126165265 : Checking image 1 crop y1 8
1609615860126195965 : Checking image 1 crop x2 2470
1609615860126224966 : Checking image 1 crop y2 3505
1609615860235731828 : Checking image 2 crop x1 0
1609615860235806828 : Checking image 2 crop y1 0
1609615860235834828 : Checking image 2 crop x2 0
1609615860235860129 : Checking image 2 crop y2 0
1609615860235914829 : Checking image 1 dpi 300
1609615860235972429 : Checking image 1 border top 5
1609615860236004329 : Checking image 1 border bottom 5
1609615860236031929 : Checking image 1 border left 6
1609615860236059330 : Checking image 1 border right 6
1609615860241798059 : Checking image 2 border top 0
1609615860241853959 : Checking image 2 border bottom 0
1609615860241880159 : Checking image 2 border left 0
1609615860241906460 : Checking image 2 border right 0

</system-out><system-err>--------------------------------- Captured Err ---------------------------------

</system-err></testcase><testcase classname="tests.test_images" name="test_no_split_line_wave_algo_3_png" time="8.932"><system-out>--------------------------------- Captured Log ---------------------------------

--------------------------------- Captured Out ---------------------------------
/home/runner/work/ocr-book/ocr-book/tests/no_split_line_wave_algo_3.png
1609615864313302267 : Checking separation double page angle 90.14999999999998
1609615864313421268 : Checking separation double page y=0 2408
1609615865074995979 : Checking page rotation 1 -0.09999999999999377
1609615865198865615 : Checking page rotation 2 0.0
1609615865833809675 : Checking image 1 crop x1 182
1609615865833898076 : Checking image 1 crop y1 2955
1609615865833930076 : Checking image 1 crop x2 2199
1609615865833959176 : Checking image 1 crop y2 3203
1609615866203013471 : Checking image 2 crop x1 0
1609615866203085272 : Checking image 2 crop y1 0
1609615866203111972 : Checking image 2 crop x2 0
1609615866203137472 : Checking image 2 crop y2 0
1609615866203199672 : Checking image 1 dpi 300
1609615866203254073 : Checking image 1 border top 2951
1609615866203283273 : Checking image 1 border bottom 288
1609615866203310973 : Checking image 1 border left 221
1609615866203338873 : Checking image 1 border right 221
1609615866207781696 : Checking image 2 border top 0
1609615866207843696 : Checking image 2 border bottom 0
1609615866207870096 : Checking image 2 border left 0
1609615866207896796 : Checking image 2 border right 0

</system-out><system-err>--------------------------------- Captured Err ---------------------------------

</system-err></testcase><testcase classname="tests.test_images" name="test_wrong_split_line_4_png" time="14.390"><system-out>--------------------------------- Captured Log ---------------------------------

--------------------------------- Captured Out ---------------------------------
/home/runner/work/ocr-book/ocr-book/tests/wrong_split_line_4.png
1609615871969456545 : Checking separation double page angle 91.04999999999998
1609615871969547845 : Checking separation double page y=0 60
1609615872051959728 : Checking page rotation 1 1.0
1609615872902581154 : Checking page rotation 2 1.05
1609615873299692319 : Checking image 1 crop x1 0
1609615873299763020 : Checking image 1 crop y1 0
1609615873299789320 : Checking image 1 crop x2 0
1609615873299814620 : Checking image 1 crop y2 0
1609615874956542217 : Checking image 2 crop x1 291
1609615874956650017 : Checking image 2 crop y1 330
1609615874956683018 : Checking image 2 crop x2 2316
1609615874956713618 : Checking image 2 crop y2 3217
1609615874956858418 : Checking image 1 border top 0
1609615874956890718 : Checking image 1 border bottom 0
1609615874956917318 : Checking image 1 border left 0
1609615874956943718 : Checking image 1 border right 0
1609615874956986019 : Checking image 2 dpi 300
1609615874957046019 : Checking image 2 border top 322
1609615874957075219 : Checking image 2 border bottom 278
1609615874957102219 : Checking image 2 border left 217
1609615874957130219 : Checking image 2 border right 217

</system-out><system-err>--------------------------------- Captured Err ---------------------------------

</system-err></testcase><testcase classname="tests.test_images" name="test_failed_split_line_line_algo_3_png" time="10.873"><system-out>--------------------------------- Captured Log ---------------------------------

--------------------------------- Captured Out ---------------------------------
/home/runner/work/ocr-book/ocr-book/tests/failed_split_line_line_algo_3.png
1609615874917033881 : Checking separation double page angle 90.0
1609615874917132782 : Checking separation double page y=0 40
1609615874981744904 : Checking page rotation 1 0.0
1609615875543718244 : Checking page rotation 2 -0.04999999999999689
1609615875826033331 : Checking image 1 crop x1 0
1609615875826104331 : Checking image 1 crop y1 0
1609615875826131132 : Checking image 1 crop x2 0
1609615875826156632 : Checking image 1 crop y2 0
1609615877141272970 : Checking image 2 crop x1 247
1609615877141358370 : Checking image 2 crop y1 153
1609615877141388770 : Checking image 2 crop x2 2260
1609615877141418070 : Checking image 2 crop y2 3360
1609615877141515070 : Checking image 1 border top 0
1609615877141545370 : Checking image 1 border bottom 0
1609615877141572070 : Checking image 1 border left 0
1609615877141598970 : Checking image 1 border right 0
1609615877141637070 : Checking image 2 dpi 300
1609615877141689670 : Checking image 2 border top 144
1609615877141716971 : Checking image 2 border bottom 136
1609615877141743671 : Checking image 2 border left 223
1609615877141770571 : Checking image 2 border right 223

</system-out><system-err>--------------------------------- Captured Err ---------------------------------

</system-err></testcase></testsuite></testsuites>