<?xml version="1.0" encoding="utf-8"?><testsuites><testsuite errors="0" failures="0" hostname="fv-az108-19" name="pytest" skipped="0" tests="36" time="840.058" timestamp="2020-12-28T07:18:56.585457"><testcase classname="tests.test_features" name="test_mock_stop_at_0" time="0.052"><system-out>--------------------------------- Captured Log ---------------------------------

--------------------------------- Captured Out ---------------------------------
/home/runner/work/ocr-book/ocr-book/tests/0001_0.png

</system-out><system-err>--------------------------------- Captured Err ---------------------------------

</system-err></testcase><testcase classname="tests.test_features" name="test_disabled_enable_debug" time="38.712"><system-out>--------------------------------- Captured Log ---------------------------------

--------------------------------- Captured Out ---------------------------------
/home/runner/work/ocr-book/ocr-book/tests/0001_debug.png
separation double page angle 90.5528088189967
separation double page y=0 2485
page rotation 1 0.5499999999999999
page rotation 2 0.2
image 1 crop x1 327
image 1 crop y1 334
image 1 crop x2 2346
image 1 crop y2 3221
image 2 crop x1 169
image 2 crop y1 648
image 2 crop x2 2186
image 2 crop y2 3361
image 1 dpi 300
image 1 border top 332
image 1 border bottom 268
image 1 border left 220
image 1 border right 220
image 2 dpi 300
image 2 border top 643
image 2 border bottom 131
image 2 border left 221
image 2 border right 221

</system-out><system-err>--------------------------------- Captured Err ---------------------------------

</system-err></testcase><testcase classname="tests.test_features" name="test_mock_stop_at_2" time="33.795"><system-out>--------------------------------- Captured Log ---------------------------------

--------------------------------- Captured Out ---------------------------------
/home/runner/work/ocr-book/ocr-book/tests/0001_2.png
separation double page angle 90.5528088189967
separation double page y=0 2485
page rotation 1 0.5499999999999999
page rotation 2 0.2

</system-out><system-err>--------------------------------- Captured Err ---------------------------------

</system-err></testcase><testcase classname="tests.test_features" name="test_mock_stop_at_4" time="37.868"><system-out>--------------------------------- Captured Log ---------------------------------

--------------------------------- Captured Out ---------------------------------
/home/runner/work/ocr-book/ocr-book/tests/0001_4.png
separation double page angle 90.5528088189967
separation double page y=0 2485
page rotation 1 0.5499999999999999
page rotation 2 0.2
image 1 crop x1 327
image 1 crop y1 334
image 1 crop x2 2346
image 1 crop y2 3221
image 2 crop x1 169
image 2 crop y1 648
image 2 crop x2 2186
image 2 crop y2 3361
image 1 dpi 300
image 1 border top 332
image 1 border bottom 268
image 1 border left 220
image 1 border right 220
image 2 dpi 300
image 2 border top 643
image 2 border bottom 131
image 2 border left 221
image 2 border right 221

</system-out><system-err>--------------------------------- Captured Err ---------------------------------

</system-err></testcase><testcase classname="tests.test_features" name="test_mock_stop_at_1" time="30.027"><system-out>--------------------------------- Captured Log ---------------------------------

--------------------------------- Captured Out ---------------------------------
/home/runner/work/ocr-book/ocr-book/tests/0001_1.png
separation double page angle 90.5528088189967
separation double page y=0 2485

</system-out><system-err>--------------------------------- Captured Err ---------------------------------

</system-err></testcase><testcase classname="tests.test_features" name="test_mock_stop_at_3" time="37.359"><system-out>--------------------------------- Captured Log ---------------------------------

--------------------------------- Captured Out ---------------------------------
/home/runner/work/ocr-book/ocr-book/tests/0001_3.png
separation double page angle 90.5528088189967
separation double page y=0 2485
page rotation 1 0.5499999999999999
page rotation 2 0.2
image 1 crop x1 327
image 1 crop y1 334
image 1 crop x2 2346
image 1 crop y2 3221
image 2 crop x1 169
image 2 crop y1 648
image 2 crop x2 2186
image 2 crop y2 3361

</system-out><system-err>--------------------------------- Captured Err ---------------------------------

</system-err></testcase><testcase classname="tests.test_images" name="test_0001_png" time="49.690"><system-out>--------------------------------- Captured Log ---------------------------------

--------------------------------- Captured Out ---------------------------------
/home/runner/work/ocr-book/ocr-book/tests/0001.png
1609140046558821399 : Checking separation double page angle 90.5528088189967
1609140046558956799 : Checking separation double page y=0 2485
1609140049190432598 : Checking page rotation 1 0.5499999999999999
1609140052033028705 : Checking page rotation 2 0.2
1609140055869654809 : Checking image 1 crop x1 327
1609140055869796809 : Checking image 1 crop y1 334
1609140055869843409 : Checking image 1 crop x2 2346
1609140055869884609 : Checking image 1 crop y2 3221
1609140059116972987 : Checking image 2 crop x1 169
1609140059117112487 : Checking image 2 crop y1 648
1609140059117160087 : Checking image 2 crop x2 2186
1609140059117199487 : Checking image 2 crop y2 3361
1609140059155021092 : Checking image 1 dpi 300
1609140059155143692 : Checking image 1 border top 332
1609140059155188992 : Checking image 1 border bottom 268
1609140059155264092 : Checking image 1 border left 220
1609140059155298692 : Checking image 1 border right 220
1609140059158381693 : Checking image 2 dpi 300
1609140059158448893 : Checking image 2 border top 643
1609140059158484993 : Checking image 2 border bottom 131
1609140059158518293 : Checking image 2 border left 221
1609140059158567793 : Checking image 2 border right 221

</system-out><system-err>--------------------------------- Captured Err ---------------------------------

</system-err></testcase><testcase classname="tests.test_features" name="test_mock_stop_at_5" time="37.691"><system-out>--------------------------------- Captured Log ---------------------------------

--------------------------------- Captured Out ---------------------------------
/home/runner/work/ocr-book/ocr-book/tests/0001_5.png
separation double page angle 90.5528088189967
separation double page y=0 2485
page rotation 1 0.5499999999999999
page rotation 2 0.2
image 1 crop x1 327
image 1 crop y1 334
image 1 crop x2 2346
image 1 crop y2 3221
image 2 crop x1 169
image 2 crop y1 648
image 2 crop x2 2186
image 2 crop y2 3361
image 1 dpi 300
image 1 border top 332
image 1 border bottom 268
image 1 border left 220
image 1 border right 220
image 2 dpi 300
image 2 border top 643
image 2 border bottom 131
image 2 border left 221
image 2 border right 221

</system-out><system-err>--------------------------------- Captured Err ---------------------------------

</system-err></testcase><testcase classname="tests.test_images" name="test_black_border_not_removed_png" time="51.481"><system-out>--------------------------------- Captured Log ---------------------------------

--------------------------------- Captured Out ---------------------------------
/home/runner/work/ocr-book/ocr-book/tests/black-border-not-removed.png
1609140096716744477 : Checking separation double page angle 90.033171103531
1609140096716882277 : Checking separation double page y=0 2455
1609140099245198830 : Checking page rotation 1 0.0
1609140102157682207 : Checking page rotation 2 0.05
1609140106521755644 : Checking image 1 crop x1 297
1609140106521988644 : Checking image 1 crop y1 143
1609140106522034744 : Checking image 1 crop x2 2309
1609140106522074744 : Checking image 1 crop y2 3346
1609140110598258162 : Checking image 2 crop x1 157
1609140110598410662 : Checking image 2 crop y1 145
1609140110598451962 : Checking image 2 crop x2 2170
1609140110598509062 : Checking image 2 crop y2 3351
1609140110642248365 : Checking image 1 dpi 300
1609140110642358065 : Checking image 1 border top 132
1609140110642397365 : Checking image 1 border bottom 152
1609140110642429665 : Checking image 1 border left 224
1609140110642461265 : Checking image 1 border right 224
1609140110645076565 : Checking image 2 dpi 300
1609140110645147265 : Checking image 2 border top 134
1609140110645182865 : Checking image 2 border bottom 147
1609140110645212765 : Checking image 2 border left 223
1609140110645242065 : Checking image 2 border right 223

</system-out><system-err>--------------------------------- Captured Err ---------------------------------

</system-err></testcase><testcase classname="tests.test_images" name="test_2_pages_2_contours_png" time="34.026"><system-out>--------------------------------- Captured Log ---------------------------------

--------------------------------- Captured Out ---------------------------------
/home/runner/work/ocr-book/ocr-book/tests/2-pages-2-contours.png
1609140105627677196 : Checking separation double page angle 90.09036871657068
1609140105627812596 : Checking separation double page y=0 2486
1609140107421317792 : Checking page rotation 1 0.0
1609140110105906336 : Checking page rotation 2 0.2
1609140112040242434 : Checking image 1 crop x1 1191
1609140112040359234 : Checking image 1 crop y1 1750
1609140112040402934 : Checking image 1 crop x2 1192
1609140112040442234 : Checking image 1 crop y2 1751
1609140115551943409 : Checking image 2 crop x1 99
1609140115552134509 : Checking image 2 crop y1 240
1609140115552187909 : Checking image 2 crop x2 2147
1609140115552235709 : Checking image 2 crop y2 3240
1609140115589927610 : Checking image 1 dpi 300
1609140115590053510 : Checking image 1 border top 1752
1609140115590099610 : Checking image 1 border bottom 1753
1609140115590139310 : Checking image 1 border left 1239
1609140115590178510 : Checking image 1 border right 1239
1609140115591708410 : Checking image 2 dpi 300
1609140115591786310 : Checking image 2 border top 229
1609140115591827811 : Checking image 2 border bottom 258
1609140115591866511 : Checking image 2 border left 206
1609140115591904911 : Checking image 2 border right 206

</system-out><system-err>--------------------------------- Captured Err ---------------------------------

</system-err></testcase><testcase classname="tests.test_images" name="test_image_failed_to_rotate_png" time="63.156"><system-out>--------------------------------- Captured Log ---------------------------------

--------------------------------- Captured Out ---------------------------------
/home/runner/work/ocr-book/ocr-book/tests/image_failed_to_rotate.png
1609140148918182623 : Checking separation double page angle 90.13063640287984
1609140148918294123 : Checking separation double page y=0 2479
1609140152917432461 : Checking page rotation 1 0.45
1609140155815709649 : Checking page rotation 2 0.2
1609140168587212823 : Checking image 1 crop x1 31
1609140168587341423 : Checking image 1 crop y1 1
1609140168587385723 : Checking image 1 crop x2 2477
1609140168587425423 : Checking image 1 crop y2 3504
1609140173639745089 : Checking image 2 crop x1 161
1609140173639880889 : Checking image 2 crop y1 231
1609140173639926089 : Checking image 2 crop x2 2249
1609140173639967889 : Checking image 2 crop y2 3359
1609140173687046793 : Checking image 1 dpi 300
1609140173687176993 : Checking image 1 border top 2
1609140173687365193 : Checking image 1 border bottom 2
1609140173687406293 : Checking image 1 border left 17
1609140173687444393 : Checking image 1 border right 17
1609140173690204493 : Checking image 2 dpi 300
1609140173690293693 : Checking image 2 border top 216
1609140173690336393 : Checking image 2 border bottom 143
1609140173690373393 : Checking image 2 border left 186
1609140173690410193 : Checking image 2 border right 186

</system-out><system-err>--------------------------------- Captured Err ---------------------------------

</system-err></testcase><testcase classname="tests.test_images" name="test_wrong_split_line_png" time="42.185"><system-out>--------------------------------- Captured Log ---------------------------------

--------------------------------- Captured Out ---------------------------------
/home/runner/work/ocr-book/ocr-book/tests/wrong_split_line.png
1609140146549472629 : Checking separation double page angle 89.93395720607973
1609140146549598629 : Checking separation double page y=0 2465
1609140148955468228 : Checking page rotation 1 -0.04999999999999689
1609140151420869712 : Checking page rotation 2 0.5499999999999999
1609140154106620079 : Checking image 1 crop x1 211
1609140154106760479 : Checking image 1 crop y1 156
1609140154106811279 : Checking image 1 crop x2 2323
1609140154106858379 : Checking image 1 crop y2 3363
1609140157732880940 : Checking image 2 crop x1 125
1609140157733020040 : Checking image 2 crop y1 166
1609140157733071540 : Checking image 2 crop x2 2236
1609140157733119840 : Checking image 2 crop y2 3373
1609140157774569344 : Checking image 1 dpi 300
1609140157774695844 : Checking image 1 border top 134
1609140157774742344 : Checking image 1 border bottom 146
1609140157774782744 : Checking image 1 border left 174
1609140157774822644 : Checking image 1 border right 174
1609140157777594144 : Checking image 2 dpi 300
1609140157777660544 : Checking image 2 border top 146
1609140157777701044 : Checking image 2 border bottom 134
1609140157777739444 : Checking image 2 border left 174
1609140157777777344 : Checking image 2 border right 174

</system-out><system-err>--------------------------------- Captured Err ---------------------------------

</system-err></testcase><testcase classname="tests.test_images" name="test_crop_too_much_png" time="60.981"><system-out>--------------------------------- Captured Log ---------------------------------

--------------------------------- Captured Out ---------------------------------
/home/runner/work/ocr-book/ocr-book/tests/crop_too_much.png
1609140205281744620 : Checking separation double page angle 90.13239409272954
1609140205281878920 : Checking separation double page y=0 2455
1609140208476000327 : Checking page rotation 1 0.0
1609140211501446627 : Checking page rotation 2 0.2
1609140215393127283 : Checking image 1 crop x1 303
1609140215393290988 : Checking image 1 crop y1 148
1609140215393342389 : Checking image 1 crop x2 2313
1609140215393388690 : Checking image 1 crop y2 3351
1609140218680261856 : Checking image 2 crop x1 162
1609140218680398656 : Checking image 2 crop y1 151
1609140218680465456 : Checking image 2 crop x2 2186
1609140218680526556 : Checking image 2 crop y2 3363
1609140218732221358 : Checking image 1 dpi 300
1609140218732354458 : Checking image 1 border top 132
1609140218732454258 : Checking image 1 border bottom 152
1609140218732500658 : Checking image 1 border left 225
1609140218732541158 : Checking image 1 border right 225
1609140218735312258 : Checking image 2 dpi 300
1609140218735398158 : Checking image 2 border top 132
1609140218735440458 : Checking image 2 border bottom 143
1609140218735479258 : Checking image 2 border left 218
1609140218735517758 : Checking image 2 border right 218

</system-out><system-err>--------------------------------- Captured Err ---------------------------------

</system-err></testcase><testcase classname="tests.test_images" name="test_image_failed_to_crop_data_png" time="63.818"><system-out>--------------------------------- Captured Log ---------------------------------

--------------------------------- Captured Out ---------------------------------
/home/runner/work/ocr-book/ocr-book/tests/image_failed_to_crop_data.png
1609140210602990309 : Checking separation double page angle 90.053197600644
1609140210603114309 : Checking separation double page y=0 2480
1609140215815292297 : Checking page rotation 1 0.15000000000000002
1609140218378978646 : Checking page rotation 2 0.0
1609140233017410527 : Checking image 1 crop x1 51
1609140233017549827 : Checking image 1 crop y1 7
1609140233017597627 : Checking image 1 crop x2 2478
1609140233017639627 : Checking image 1 crop y2 3505
1609140237514048947 : Checking image 2 crop x1 160
1609140237514264547 : Checking image 2 crop y1 217
1609140237514310447 : Checking image 2 crop x2 2242
1609140237514352347 : Checking image 2 crop y2 3350
1609140237549755160 : Checking image 1 dpi 300
1609140237549863660 : Checking image 1 border top 5
1609140237549908660 : Checking image 1 border bottom 5
1609140237549943860 : Checking image 1 border left 27
1609140237549978260 : Checking image 1 border right 27
1609140237552881361 : Checking image 2 dpi 300
1609140237552955061 : Checking image 2 border top 206
1609140237552991161 : Checking image 2 border bottom 148
1609140237553023961 : Checking image 2 border left 189
1609140237553056261 : Checking image 2 border right 189

</system-out><system-err>--------------------------------- Captured Err ---------------------------------

</system-err></testcase><testcase classname="tests.test_images" name="test_crop_too_few_png" time="41.997"><system-out>--------------------------------- Captured Log ---------------------------------

--------------------------------- Captured Out ---------------------------------
/home/runner/work/ocr-book/ocr-book/tests/crop_too_few.png
1609140249150171108 : Checking separation double page angle 89.54670238452755
1609140249150293308 : Checking separation double page y=0 2512
1609140251724719129 : Checking page rotation 1 -0.6000000000000009
1609140254443289329 : Checking page rotation 2 0.0
1609140257665325592 : Checking image 1 crop x1 263
1609140257665542594 : Checking image 1 crop y1 150
1609140257665670296 : Checking image 1 crop x2 2379
1609140257665719296 : Checking image 1 crop y2 3358
1609140260723686085 : Checking image 2 crop x1 137
1609140260723961986 : Checking image 2 crop y1 141
1609140260724048987 : Checking image 2 crop x2 2259
1609140260724093587 : Checking image 2 crop y2 3345
1609140260758522346 : Checking image 1 dpi 300
1609140260758642647 : Checking image 1 border top 130
1609140260758689547 : Checking image 1 border bottom 149
1609140260758764847 : Checking image 1 border left 172
1609140260758816747 : Checking image 1 border right 172
1609140260761908262 : Checking image 2 dpi 300
1609140260761974662 : Checking image 2 border top 130
1609140260762012762 : Checking image 2 border bottom 153
1609140260762048462 : Checking image 2 border left 169
1609140260762084062 : Checking image 2 border right 169

</system-out><system-err>--------------------------------- Captured Err ---------------------------------

</system-err></testcase><testcase classname="tests.test_images" name="test_wrong_angle_split_line_png" time="71.961"><system-out>--------------------------------- Captured Log ---------------------------------

--------------------------------- Captured Out ---------------------------------
/home/runner/work/ocr-book/ocr-book/tests/wrong_angle_split_line.png
1609140275318240995 : Checking separation double page angle 90.09193420006348
1609140275318361696 : Checking separation double page y=0 2478
1609140281559916237 : Checking page rotation 1 0.1
1609140285714315768 : Checking page rotation 2 0.1
1609140301061476121 : Checking image 1 crop x1 58
1609140301061608422 : Checking image 1 crop y1 6
1609140301061669122 : Checking image 1 crop x2 2476
1609140301061707023 : Checking image 1 crop y2 3501
1609140308603675188 : Checking image 2 crop x1 166
1609140308603857889 : Checking image 2 crop y1 218
1609140308603917289 : Checking image 2 crop x2 2244
1609140308603959889 : Checking image 2 crop y2 3349
1609140308789173961 : Checking image 1 dpi 300
1609140308789296161 : Checking image 1 border top 6
1609140308789340662 : Checking image 1 border bottom 6
1609140308789377362 : Checking image 1 border left 31
1609140308789458562 : Checking image 1 border right 31
1609140308797540709 : Checking image 2 dpi 300
1609140308797655810 : Checking image 2 border top 207
1609140308797696710 : Checking image 2 border bottom 149
1609140308797733110 : Checking image 2 border left 191
1609140308797769010 : Checking image 2 border right 191

</system-out><system-err>--------------------------------- Captured Err ---------------------------------

</system-err></testcase><testcase classname="tests.test_images" name="test_crop_too_much_2_png" time="69.273"><system-out>--------------------------------- Captured Log ---------------------------------

--------------------------------- Captured Out ---------------------------------
/home/runner/work/ocr-book/ocr-book/tests/crop_too_much_2.png
1609140314087155257 : Checking separation double page angle 90.1149074900787
1609140314087277657 : Checking separation double page y=0 2478
1609140317457753185 : Checking page rotation 1 0.15000000000000002
1609140321076138742 : Checking page rotation 2 0.2
1609140324918601513 : Checking image 1 crop x1 330
1609140324918739813 : Checking image 1 crop y1 132
1609140324918803014 : Checking image 1 crop x2 2342
1609140324918844414 : Checking image 1 crop y2 3335
1609140329932288159 : Checking image 2 crop x1 162
1609140329932424660 : Checking image 2 crop y1 139
1609140329932475760 : Checking image 2 crop x2 2175
1609140329932523661 : Checking image 2 crop y2 3345
1609140329997795590 : Checking image 1 dpi 300
1609140329997922891 : Checking image 1 border top 122
1609140329997970791 : Checking image 1 border bottom 162
1609140329998011991 : Checking image 1 border left 224
1609140329998051791 : Checking image 1 border right 224
1609140330001912211 : Checking image 2 dpi 300
1609140330002062212 : Checking image 2 border top 130
1609140330002112112 : Checking image 2 border bottom 151
1609140330002148512 : Checking image 2 border left 223
1609140330002183512 : Checking image 2 border right 223

</system-out><system-err>--------------------------------- Captured Err ---------------------------------

</system-err></testcase><testcase classname="tests.test_images" name="test_angle_page_lower_split_line_png" time="50.098"><system-out>--------------------------------- Captured Log ---------------------------------

--------------------------------- Captured Out ---------------------------------
/home/runner/work/ocr-book/ocr-book/tests/angle_page_lower_split_line.png
1609140345044856306 : Checking separation double page angle 89.74927707086691
1609140345044977906 : Checking separation double page y=0 2474
1609140348335808214 : Checking page rotation 1 -0.14999999999999067
1609140351512486895 : Checking page rotation 2 0.1
1609140355532978130 : Checking image 1 crop x1 241
1609140355533198731 : Checking image 1 crop y1 156
1609140355533267831 : Checking image 1 crop x2 2357
1609140355533312731 : Checking image 1 crop y2 3368
1609140359656416192 : Checking image 2 crop x1 149
1609140359656550492 : Checking image 2 crop y1 146
1609140359656595193 : Checking image 2 crop x2 2259
1609140359656637993 : Checking image 2 crop y2 3351
1609140359697171984 : Checking image 1 dpi 300
1609140359697341984 : Checking image 1 border top 140
1609140359697393585 : Checking image 1 border bottom 135
1609140359697423585 : Checking image 1 border left 172
1609140359697453185 : Checking image 1 border right 172
1609140359700331798 : Checking image 2 dpi 300
1609140359700397199 : Checking image 2 border top 131
1609140359700435299 : Checking image 2 border bottom 151
1609140359700470999 : Checking image 2 border left 175
1609140359700506399 : Checking image 2 border right 175

</system-out><system-err>--------------------------------- Captured Err ---------------------------------

</system-err></testcase><testcase classname="tests.test_images" name="test_wrong_split_line_2_png" time="69.855"><system-out>--------------------------------- Captured Log ---------------------------------

--------------------------------- Captured Out ---------------------------------
/home/runner/work/ocr-book/ocr-book/tests/wrong_split_line_2.png
1609140378218103956 : Checking separation double page angle 90.19944704411863
1609140378218226757 : Checking separation double page y=0 2437
1609140381906176018 : Checking page rotation 1 0.2
1609140385421781498 : Checking page rotation 2 0.2
1609140391225703491 : Checking image 1 crop x1 294
1609140391225847792 : Checking image 1 crop y1 136
1609140391225897592 : Checking image 1 crop x2 2325
1609140391225944592 : Checking image 1 crop y2 3376
1609140399832887541 : Checking image 2 crop x1 136
1609140399833062542 : Checking image 2 crop y1 190
1609140399833107842 : Checking image 2 crop x2 2172
1609140399833149443 : Checking image 2 crop y2 3389
1609140399881788481 : Checking image 1 dpi 300
1609140399881892282 : Checking image 1 border top 131
1609140399881928582 : Checking image 1 border bottom 116
1609140399881961682 : Checking image 1 border left 214
1609140399881993082 : Checking image 1 border right 214
1609140399885741001 : Checking image 2 dpi 300
1609140399885847601 : Checking image 2 border top 181
1609140399885921102 : Checking image 2 border bottom 107
1609140399885956602 : Checking image 2 border left 212
1609140399885991802 : Checking image 2 border right 212

</system-out><system-err>--------------------------------- Captured Err ---------------------------------

</system-err></testcase><testcase classname="tests.test_images" name="test_wrong_wave_split_line_png" time="67.578"><system-out>--------------------------------- Captured Log ---------------------------------

--------------------------------- Captured Out ---------------------------------
/home/runner/work/ocr-book/ocr-book/tests/wrong_wave_split_line.png
1609140405618002837 : Checking separation double page angle 90.37878604107719
1609140405618117038 : Checking separation double page y=0 2500
1609140408702500487 : Checking page rotation 1 -0.14999999999999067
1609140411753546542 : Checking page rotation 2 0.9
1609140419839442501 : Checking image 1 crop x1 385
1609140419839677702 : Checking image 1 crop y1 179
1609140419839722602 : Checking image 1 crop x2 2411
1609140419839761902 : Checking image 1 crop y2 3374
1609140427210496275 : Checking image 2 crop x1 17
1609140427210635576 : Checking image 2 crop y1 8
1609140427210683676 : Checking image 2 crop x2 2399
1609140427210725176 : Checking image 2 crop y2 3391
1609140427264259834 : Checking image 1 dpi 300
1609140427264385635 : Checking image 1 border top 173
1609140427264430635 : Checking image 1 border bottom 119
1609140427264468035 : Checking image 1 border left 217
1609140427264503935 : Checking image 1 border right 217
1609140427267283948 : Checking image 2 dpi 300
1609140427267343449 : Checking image 2 border top 0
1609140427267382949 : Checking image 2 border bottom 114
1609140427267418049 : Checking image 2 border left 49
1609140427267453049 : Checking image 2 border right 49

</system-out><system-err>--------------------------------- Captured Err ---------------------------------

</system-err></testcase><testcase classname="tests.test_images" name="test_small_wave_png" time="64.992"><system-out>--------------------------------- Captured Log ---------------------------------

--------------------------------- Captured Out ---------------------------------
/home/runner/work/ocr-book/ocr-book/tests/small_wave.png
1609140453091590455 : Checking separation double page angle 90.58816928841564
1609140453091723956 : Checking separation double page y=0 2497
1609140456346379330 : Checking page rotation 1 0.65
1609140459271785670 : Checking page rotation 2 0.65
1609140462078195343 : Checking image 1 crop x1 320
1609140462078355544 : Checking image 1 crop y1 199
1609140462078406744 : Checking image 1 crop x2 2353
1609140462078452045 : Checking image 1 crop y2 3394
1609140464820884385 : Checking image 2 crop x1 130
1609140464821019486 : Checking image 2 crop y1 222
1609140464821070186 : Checking image 2 crop x2 2163
1609140464821116586 : Checking image 2 crop y2 3420
1609140464866353703 : Checking image 1 dpi 300
1609140464866506804 : Checking image 1 border top 179
1609140464866550504 : Checking image 1 border bottom 112
1609140464866588304 : Checking image 1 border left 213
1609140464866641105 : Checking image 1 border right 213
1609140464869406618 : Checking image 2 dpi 300
1609140464869482018 : Checking image 2 border top 197
1609140464869518118 : Checking image 2 border bottom 92
1609140464869550919 : Checking image 2 border left 213
1609140464869583319 : Checking image 2 border right 213

</system-out><system-err>--------------------------------- Captured Err ---------------------------------

</system-err></testcase><testcase classname="tests.test_images" name="test_no_split_line_line_algo_png" time="46.331"><system-out>--------------------------------- Captured Log ---------------------------------

--------------------------------- Captured Out ---------------------------------
/home/runner/work/ocr-book/ocr-book/tests/no_split_line_line_algo.png
1609140459783731310 : Checking separation double page angle 89.47691469185418
1609140459783859710 : Checking separation double page y=0 2476
1609140462189639775 : Checking page rotation 1 -0.14999999999999067
1609140465198343898 : Checking page rotation 2 -0.14999999999999067
1609140467911583929 : Checking image 1 crop x1 205
1609140467911723230 : Checking image 1 crop y1 158
1609140467911768230 : Checking image 1 crop x2 2320
1609140467911809830 : Checking image 1 crop y2 3366
1609140473571701967 : Checking image 2 crop x1 185
1609140473571841167 : Checking image 2 crop y1 225
1609140473572043368 : Checking image 2 crop x2 2204
1609140473572088368 : Checking image 2 crop y2 3362
1609140473619264596 : Checking image 1 dpi 300
1609140473619426597 : Checking image 1 border top 144
1609140473619472897 : Checking image 1 border bottom 134
1609140473619510497 : Checking image 1 border left 172
1609140473619600798 : Checking image 1 border right 172
1609140473622446311 : Checking image 2 dpi 300
1609140473622511112 : Checking image 2 border top 224
1609140473622547512 : Checking image 2 border bottom 126
1609140473622581312 : Checking image 2 border left 220
1609140473622614612 : Checking image 2 border right 220

</system-out><system-err>--------------------------------- Captured Err ---------------------------------

</system-err></testcase><testcase classname="tests.test_images" name="test_wrong_split_line_3_png" time="49.012"><system-out>--------------------------------- Captured Log ---------------------------------

--------------------------------- Captured Out ---------------------------------
/home/runner/work/ocr-book/ocr-book/tests/wrong_split_line_3.png
1609140502260011055 : Checking separation double page angle 90.43729500214694
1609140502260212056 : Checking separation double page y=0 2498
1609140505193986221 : Checking page rotation 1 0.2
1609140507766291147 : Checking page rotation 2 0.85
1609140510759452506 : Checking image 1 crop x1 331
1609140510759831607 : Checking image 1 crop y1 166
1609140510759886708 : Checking image 1 crop x2 2377
1609140510759934008 : Checking image 1 crop y2 3375
1609140513865396434 : Checking image 2 crop x1 102
1609140513865530935 : Checking image 2 crop y1 207
1609140513865579035 : Checking image 2 crop x2 2135
1609140513865623135 : Checking image 2 crop y2 3414
1609140513903190617 : Checking image 1 dpi 300
1609140513903308217 : Checking image 1 border top 158
1609140513903351118 : Checking image 1 border bottom 120
1609140513903387918 : Checking image 1 border left 207
1609140513903424118 : Checking image 1 border right 207
1609140513906056031 : Checking image 2 dpi 300
1609140513906138331 : Checking image 2 border top 186
1609140513906176231 : Checking image 2 border bottom 94
1609140513906211131 : Checking image 2 border left 213
1609140513906245932 : Checking image 2 border right 213

</system-out><system-err>--------------------------------- Captured Err ---------------------------------

</system-err></testcase><testcase classname="tests.test_images" name="test_failed_split_line_line_algo_png" time="29.632"><system-out>--------------------------------- Captured Log ---------------------------------

--------------------------------- Captured Out ---------------------------------
/home/runner/work/ocr-book/ocr-book/tests/failed_split_line_line_algo.png
1609140494537499338 : Checking separation double page angle 90.04134220573248
1609140494537771340 : Checking separation double page y=0 2573
1609140496634097838 : Checking page rotation 1 -0.09999999999999377
1609140498389414098 : Checking page rotation 2 0.1
1609140501422388718 : Checking image 1 crop x1 408
1609140501422533718 : Checking image 1 crop y1 2926
1609140501422573319 : Checking image 1 crop x2 2420
1609140501422607819 : Checking image 1 crop y2 3173
1609140503278045166 : Checking image 2 crop x1 1184
1609140503278165366 : Checking image 2 crop y1 1745
1609140503278206166 : Checking image 2 crop x2 1185
1609140503278242067 : Checking image 2 crop y2 1746
1609140503278629068 : Checking image 1 dpi 300
1609140503278722669 : Checking image 1 border top 2922
1609140503278765769 : Checking image 1 border bottom 318
1609140503278804269 : Checking image 1 border left 224
1609140503278841269 : Checking image 1 border right 224
1609140503280356077 : Checking image 2 dpi 300
1609140503280416377 : Checking image 2 border top 1753
1609140503280453877 : Checking image 2 border bottom 1753
1609140503280489677 : Checking image 2 border left 1239
1609140503280527578 : Checking image 2 border right 1239

</system-out><system-err>--------------------------------- Captured Err ---------------------------------

</system-err></testcase><testcase classname="tests.test_images" name="test_failed_split_line_line_algo_2_png" time="55.013"><system-out>--------------------------------- Captured Log ---------------------------------

--------------------------------- Captured Out ---------------------------------
/home/runner/work/ocr-book/ocr-book/tests/failed_split_line_line_algo_2.png
1609140546217779394 : Checking separation double page angle 90.03068774449687
1609140546217894995 : Checking separation double page y=0 2500
1609140549243412045 : Checking page rotation 1 0.05
1609140551943174028 : Checking page rotation 2 0.5499999999999999
1609140554983191579 : Checking image 1 crop x1 271
1609140554983333779 : Checking image 1 crop y1 149
1609140554983377779 : Checking image 1 crop x2 2382
1609140554983417180 : Checking image 1 crop y2 3354
1609140558205925716 : Checking image 2 crop x1 120
1609140558206052617 : Checking image 2 crop y1 155
1609140558206093717 : Checking image 2 crop x2 2244
1609140558206149717 : Checking image 2 crop y2 3350
1609140558257984069 : Checking image 1 dpi 300
1609140558258119169 : Checking image 1 border top 141
1609140558258164670 : Checking image 1 border bottom 141
1609140558258202770 : Checking image 1 border left 174
1609140558258239870 : Checking image 1 border right 174
1609140558261279785 : Checking image 2 dpi 300
1609140558261370285 : Checking image 2 border top 140
1609140558261410685 : Checking image 2 border bottom 152
1609140558261447786 : Checking image 2 border left 168
1609140558261484586 : Checking image 2 border right 168

</system-out><system-err>--------------------------------- Captured Err ---------------------------------

</system-err></testcase><testcase classname="tests.test_images" name="test_crop_too_much_3_png" time="54.837"><system-out>--------------------------------- Captured Log ---------------------------------

--------------------------------- Captured Out ---------------------------------
/home/runner/work/ocr-book/ocr-book/tests/crop_too_much_3.png
1609140555125148667 : Checking separation double page angle 89.49330634783144
1609140555125271568 : Checking separation double page y=0 2498
1609140557879349632 : Checking page rotation 1 -0.8999999999999949
1609140561140124285 : Checking page rotation 2 -0.14999999999999067
1609140564874946762 : Checking image 1 crop x1 374
1609140564875086162 : Checking image 1 crop y1 258
1609140564875175163 : Checking image 1 crop x2 2385
1609140564875219963 : Checking image 1 crop y2 3459
1609140568681264600 : Checking image 2 crop x1 168
1609140568681406800 : Checking image 2 crop y1 228
1609140568681457901 : Checking image 2 crop x2 2181
1609140568681646402 : Checking image 2 crop y2 3417
1609140568733904356 : Checking image 1 dpi 300
1609140568734028757 : Checking image 1 border top 239
1609140568734075057 : Checking image 1 border bottom 47
1609140568734115057 : Checking image 1 border left 224
1609140568734154557 : Checking image 1 border right 224
1609140568736672770 : Checking image 2 dpi 300
1609140568736752170 : Checking image 2 border top 209
1609140568736792770 : Checking image 2 border bottom 89
1609140568736850471 : Checking image 2 border left 223
1609140568736889471 : Checking image 2 border right 223

</system-out><system-err>--------------------------------- Captured Err ---------------------------------

</system-err></testcase><testcase classname="tests.test_images" name="test_wrong_wave_split_line_2_png" time="58.195"><system-out>--------------------------------- Captured Log ---------------------------------

--------------------------------- Captured Out ---------------------------------
/home/runner/work/ocr-book/ocr-book/tests/wrong_wave_split_line_2.png
1609140603749597971 : Checking separation double page angle 90.7708958311329
1609140603749775172 : Checking separation double page y=0 2490
1609140606512415621 : Checking page rotation 1 0.2
1609140609378783099 : Checking page rotation 2 1.65
1609140612293768198 : Checking image 1 crop x1 227
1609140612293900799 : Checking image 1 crop y1 147
1609140612293944099 : Checking image 1 crop x2 2342
1609140612293984299 : Checking image 1 crop y2 3353
1609140616391628763 : Checking image 2 crop x1 106
1609140616391777964 : Checking image 2 crop y1 195
1609140616391821764 : Checking image 2 crop x2 2231
1609140616391862165 : Checking image 2 crop y2 3398
1609140616447923747 : Checking image 1 dpi 300
1609140616448063348 : Checking image 1 border top 136
1609140616448110348 : Checking image 1 border bottom 145
1609140616448148348 : Checking image 1 border left 172
1609140616448185248 : Checking image 1 border right 172
1609140616450994763 : Checking image 2 dpi 300
1609140616451066463 : Checking image 2 border top 165
1609140616451105763 : Checking image 2 border bottom 118
1609140616451202364 : Checking image 2 border left 167
1609140616451240864 : Checking image 2 border right 167

</system-out><system-err>--------------------------------- Captured Err ---------------------------------

</system-err></testcase><testcase classname="tests.test_images" name="test_wrong_wave_split_line_3_png" time="52.547"><system-out>--------------------------------- Captured Log ---------------------------------

--------------------------------- Captured Out ---------------------------------
/home/runner/work/ocr-book/ocr-book/tests/wrong_wave_split_line_3.png
1609140609681610516 : Checking separation double page angle 90.05826063695574
1609140609681729717 : Checking separation double page y=0 2514
1609140612787609071 : Checking page rotation 1 0.0
1609140615438538859 : Checking page rotation 2 0.2
1609140618523670811 : Checking image 1 crop x1 274
1609140618523880112 : Checking image 1 crop y1 221
1609140618523931812 : Checking image 1 crop x2 2383
1609140618523977013 : Checking image 1 crop y2 3422
1609140621262854119 : Checking image 2 crop x1 112
1609140621263061920 : Checking image 2 crop y1 225
1609140621263112921 : Checking image 2 crop x2 2238
1609140621263160021 : Checking image 2 crop y2 3415
1609140621304007827 : Checking image 1 dpi 300
1609140621304113927 : Checking image 1 border top 201
1609140621304156427 : Checking image 1 border bottom 85
1609140621304193228 : Checking image 1 border left 175
1609140621304229328 : Checking image 1 border right 175
1609140621306579440 : Checking image 2 dpi 300
1609140621306646140 : Checking image 2 border top 207
1609140621306683940 : Checking image 2 border bottom 90
1609140621306718640 : Checking image 2 border left 167
1609140621306753241 : Checking image 2 border right 167

</system-out><system-err>--------------------------------- Captured Err ---------------------------------

</system-err></testcase><testcase classname="tests.test_images" name="test_no_split_line_wave_algo_png" time="68.386"><system-out>--------------------------------- Captured Log ---------------------------------

--------------------------------- Captured Out ---------------------------------
/home/runner/work/ocr-book/ocr-book/tests/no_split_line_wave_algo.png
1609140656021018123 : Checking separation double page angle 89.72500000000001
1609140656021141023 : Checking separation double page y=0 2484
1609140660656315375 : Checking page rotation 1 0.0
1609140663643160458 : Checking page rotation 2 -0.44999999999999746
1609140675199127776 : Checking image 1 crop x1 97
1609140675199224476 : Checking image 1 crop y1 79
1609140675199266876 : Checking image 1 crop x2 2494
1609140675199306676 : Checking image 1 crop y2 3505
1609140684756299773 : Checking image 2 crop x1 163
1609140684756490373 : Checking image 2 crop y1 267
1609140684756533274 : Checking image 2 crop x2 2238
1609140684756569774 : Checking image 2 crop y2 3380
1609140684799496487 : Checking image 1 dpi 300
1609140684799656888 : Checking image 1 border top 41
1609140684799699088 : Checking image 1 border bottom 41
1609140684799734088 : Checking image 1 border left 42
1609140684799767889 : Checking image 1 border right 42
1609140684802236301 : Checking image 2 dpi 300
1609140684802295601 : Checking image 2 border top 255
1609140684802330201 : Checking image 2 border bottom 119
1609140684802362601 : Checking image 2 border left 192
1609140684802395002 : Checking image 2 border right 192

</system-out><system-err>--------------------------------- Captured Err ---------------------------------

</system-err></testcase><testcase classname="tests.test_images" name="test_no_split_line_wave_algo_2_png" time="45.306"><system-out>--------------------------------- Captured Log ---------------------------------

--------------------------------- Captured Out ---------------------------------
/home/runner/work/ocr-book/ocr-book/tests/no_split_line_wave_algo_2.png
1609140655895150402 : Checking separation double page angle 90.54999999999998
1609140655895284803 : Checking separation double page y=0 2478
1609140658473952216 : Checking page rotation 1 1.0999999999999999
1609140661128862704 : Checking page rotation 2 0.2
1609140663991305272 : Checking image 1 crop x1 266
1609140663991437373 : Checking image 1 crop y1 210
1609140663991483073 : Checking image 1 crop x2 2342
1609140663991524473 : Checking image 1 crop y2 3413
1609140666561729592 : Checking image 2 crop x1 168
1609140666561855093 : Checking image 2 crop y1 241
1609140666561901393 : Checking image 2 crop x2 2251
1609140666561944193 : Checking image 2 crop y2 3433
1609140666604125789 : Checking image 1 dpi 300
1609140666604313989 : Checking image 1 border top 192
1609140666604370790 : Checking image 1 border bottom 91
1609140666604411690 : Checking image 1 border left 192
1609140666604451490 : Checking image 1 border right 192
1609140666607436504 : Checking image 2 dpi 300
1609140666607526804 : Checking image 2 border top 224
1609140666607609005 : Checking image 2 border bottom 71
1609140666607648205 : Checking image 2 border left 188
1609140666607687005 : Checking image 2 border right 188

</system-out><system-err>--------------------------------- Captured Err ---------------------------------

</system-err></testcase><testcase classname="tests.test_images" name="test_failed_detect_rectangle_png" time="52.765"><system-out>--------------------------------- Captured Log ---------------------------------

--------------------------------- Captured Out ---------------------------------
/home/runner/work/ocr-book/ocr-book/tests/failed_detect_rectangle.png
1609140707106812501 : Checking separation double page angle 90.19837516213148
1609140707107107802 : Checking separation double page y=0 2474
1609140710035674331 : Checking page rotation 1 0.2
1609140713257770567 : Checking page rotation 2 0.15000000000000002
1609140715887520326 : Checking image 1 crop x1 257
1609140715887798927 : Checking image 1 crop y1 201
1609140715887864827 : Checking image 1 crop x2 2333
1609140715887912228 : Checking image 1 crop y2 3402
1609140719327089208 : Checking image 2 crop x1 135
1609140719327231109 : Checking image 2 crop y1 214
1609140719327295709 : Checking image 2 crop x2 2219
1609140719327340109 : Checking image 2 crop y2 3406
1609140719374507445 : Checking image 1 dpi 300
1609140719374592145 : Checking image 1 border top 188
1609140719374632445 : Checking image 1 border bottom 97
1609140719374667445 : Checking image 1 border left 192
1609140719374702146 : Checking image 1 border right 192
1609140719377181258 : Checking image 2 dpi 300
1609140719377242758 : Checking image 2 border top 202
1609140719377280258 : Checking image 2 border bottom 93
1609140719377315859 : Checking image 2 border left 188
1609140719377350759 : Checking image 2 border right 188

</system-out><system-err>--------------------------------- Captured Err ---------------------------------

</system-err></testcase><testcase classname="tests.test_images" name="test_crop_too_few_2_png" time="44.859"><system-out>--------------------------------- Captured Log ---------------------------------

--------------------------------- Captured Out ---------------------------------
/home/runner/work/ocr-book/ocr-book/tests/crop_too_few_2.png
1609140717790504076 : Checking separation double page angle 90.30476192320097
1609140717790621976 : Checking separation double page y=0 2531
1609140720312230319 : Checking page rotation 1 1.0999999999999999
1609140722944999643 : Checking page rotation 2 -0.04999999999999689
1609140726197233255 : Checking image 1 crop x1 289
1609140726197389456 : Checking image 1 crop y1 165
1609140726197462556 : Checking image 1 crop x2 2400
1609140726197496756 : Checking image 1 crop y2 3367
1609140729690490831 : Checking image 2 crop x1 149
1609140729690643832 : Checking image 2 crop y1 189
1609140729690680232 : Checking image 2 crop x2 2273
1609140729690731232 : Checking image 2 crop y2 3386
1609140729731786734 : Checking image 1 dpi 300
1609140729731911135 : Checking image 1 border top 157
1609140729731956035 : Checking image 1 border bottom 128
1609140729731993435 : Checking image 1 border left 174
1609140729732045136 : Checking image 1 border right 174
1609140729734877850 : Checking image 2 dpi 300
1609140729734955850 : Checking image 2 border top 181
1609140729734995650 : Checking image 2 border bottom 109
1609140729735031950 : Checking image 2 border left 168
1609140729735068051 : Checking image 2 border right 168

</system-out><system-err>--------------------------------- Captured Err ---------------------------------

</system-err></testcase><testcase classname="tests.test_images" name="test_single_page_png" time="27.875"><system-out>--------------------------------- Captured Log ---------------------------------

--------------------------------- Captured Out ---------------------------------
/home/runner/work/ocr-book/ocr-book/tests/single_page.png
1609140731779691228 : Checking separation double page angle 90.04999999999998
1609140731779926430 : Checking separation double page y=0 2476
1609140736950620246 : Checking page rotation 1 0.0
1609140737583935105 : Checking page rotation 2 0.0
1609140746200925829 : Checking image 1 crop x1 1
1609140746201024230 : Checking image 1 crop y1 8
1609140746201073030 : Checking image 1 crop x2 2470
1609140746201186930 : Checking image 1 crop y2 3505
1609140746860222660 : Checking image 2 crop x1 0
1609140746860308060 : Checking image 2 crop y1 0
1609140746860347260 : Checking image 2 crop x2 0
1609140746860384560 : Checking image 2 crop y2 0
1609140746860467361 : Checking image 1 dpi 300
1609140746860546261 : Checking image 1 border top 5
1609140746860588561 : Checking image 1 border bottom 5
1609140746860627662 : Checking image 1 border left 6
1609140746860666462 : Checking image 1 border right 6
1609140746867475295 : Checking image 2 border top 0
1609140746867589596 : Checking image 2 border bottom 0
1609140746867628996 : Checking image 2 border left 0
1609140746867667196 : Checking image 2 border right 0

</system-out><system-err>--------------------------------- Captured Err ---------------------------------

</system-err></testcase><testcase classname="tests.test_images" name="test_no_split_line_wave_algo_3_png" time="18.048"><system-out>--------------------------------- Captured Log ---------------------------------

--------------------------------- Captured Out ---------------------------------
/home/runner/work/ocr-book/ocr-book/tests/no_split_line_wave_algo_3.png
1609140742421507669 : Checking separation double page angle 90.14999999999998
1609140742421622370 : Checking separation double page y=0 2408
1609140744950789204 : Checking page rotation 1 -0.09999999999999377
1609140745312644377 : Checking page rotation 2 0.0
1609140747156046709 : Checking image 1 crop x1 182
1609140747156172510 : Checking image 1 crop y1 2955
1609140747156214210 : Checking image 1 crop x2 2199
1609140747156253010 : Checking image 1 crop y2 3203
1609140747755666647 : Checking image 2 crop x1 0
1609140747755750148 : Checking image 2 crop y1 0
1609140747755786948 : Checking image 2 crop x2 0
1609140747755822048 : Checking image 2 crop y2 0
1609140747755902348 : Checking image 1 dpi 300
1609140747756029949 : Checking image 1 border top 2951
1609140747756081649 : Checking image 1 border bottom 288
1609140747756119249 : Checking image 1 border left 221
1609140747756156050 : Checking image 1 border right 221
1609140747766000698 : Checking image 2 border top 0
1609140747766127698 : Checking image 2 border bottom 0
1609140747766164699 : Checking image 2 border left 0
1609140747766200199 : Checking image 2 border right 0

</system-out><system-err>--------------------------------- Captured Err ---------------------------------

</system-err></testcase><testcase classname="tests.test_images" name="test_wrong_split_line_4_png" time="26.943"><system-out>--------------------------------- Captured Log ---------------------------------

--------------------------------- Captured Out ---------------------------------
/home/runner/work/ocr-book/ocr-book/tests/wrong_split_line_4.png
1609140767034234093 : Checking separation double page angle 91.04999999999998
1609140767034375394 : Checking separation double page y=0 60
1609140767252022860 : Checking page rotation 1 1.0
1609140769908114473 : Checking page rotation 2 1.05
1609140770568594910 : Checking image 1 crop x1 0
1609140770568673310 : Checking image 1 crop y1 0
1609140770568712710 : Checking image 1 crop x2 0
1609140770568750310 : Checking image 1 crop y2 0
1609140774200528505 : Checking image 2 crop x1 291
1609140774200679705 : Checking image 2 crop y1 330
1609140774200744806 : Checking image 2 crop x2 2316
1609140774200790706 : Checking image 2 crop y2 3217
1609140774249155843 : Checking image 1 border top 0
1609140774249244743 : Checking image 1 border bottom 0
1609140774249285043 : Checking image 1 border left 0
1609140774249322944 : Checking image 1 border right 0
1609140774249387344 : Checking image 2 dpi 300
1609140774249471744 : Checking image 2 border top 322
1609140774249513845 : Checking image 2 border bottom 278
1609140774249552245 : Checking image 2 border left 217
1609140774249596845 : Checking image 2 border right 217

</system-out><system-err>--------------------------------- Captured Err ---------------------------------

</system-err></testcase><testcase classname="tests.test_images" name="test_failed_split_line_line_algo_3_png" time="24.102"><system-out>--------------------------------- Captured Log ---------------------------------

--------------------------------- Captured Out ---------------------------------
/home/runner/work/ocr-book/ocr-book/tests/failed_split_line_line_algo_3.png
1609140765993078092 : Checking separation double page angle 90.0
1609140765993191493 : Checking separation double page y=0 40
1609140766178271000 : Checking page rotation 1 0.0
1609140768349168835 : Checking page rotation 2 -0.04999999999999689
1609140768864418360 : Checking image 1 crop x1 0
1609140768864503260 : Checking image 1 crop y1 0
1609140768864540860 : Checking image 1 crop x2 0
1609140768864576161 : Checking image 1 crop y2 0
1609140771891950593 : Checking image 2 crop x1 247
1609140771892040294 : Checking image 2 crop y1 153
1609140771892079894 : Checking image 2 crop x2 2260
1609140771892117394 : Checking image 2 crop y2 3360
1609140771939465826 : Checking image 1 border top 0
1609140771939566227 : Checking image 1 border bottom 0
1609140771939609227 : Checking image 1 border left 0
1609140771939645827 : Checking image 1 border right 0
1609140771939711527 : Checking image 2 dpi 300
1609140771939789028 : Checking image 2 border top 144
1609140771939828928 : Checking image 2 border bottom 136
1609140771939865528 : Checking image 2 border left 223
1609140771939917928 : Checking image 2 border right 223

</system-out><system-err>--------------------------------- Captured Err ---------------------------------

</system-err></testcase></testsuite></testsuites>