<?xml version="1.0" encoding="utf-8"?><testsuites><testsuite errors="0" failures="0" hostname="fv-az137-914" name="pytest" skipped="0" tests="36" time="652.145" timestamp="2021-01-03T12:49:49.094197"><testcase classname="tests.test_features" name="test_disabled_enable_debug" time="39.106"><system-out>--------------------------------- Captured Log ---------------------------------

--------------------------------- Captured Out ---------------------------------
/home/runner/work/ocr-book/ocr-book/tests/0001_debug.png
separation double page angle 90.5528088189967
separation double page y=0 2485
page rotation 1 0.5499999999999999
page rotation 2 0.2
image 1 crop x1 327
image 1 crop y1 334
image 1 crop x2 2346
image 1 crop y2 3221
image 2 crop x1 169
image 2 crop y1 648
image 2 crop x2 2186
image 2 crop y2 3361
image 1 dpi 300
image 1 border top 332
image 1 border bottom 268
image 1 border left 220
image 1 border right 220
image 2 dpi 300
image 2 border top 643
image 2 border bottom 131
image 2 border left 221
image 2 border right 221

</system-out><system-err>--------------------------------- Captured Err ---------------------------------

</system-err></testcase><testcase classname="tests.test_features" name="test_mock_stop_at_0" time="0.048"><system-out>--------------------------------- Captured Log ---------------------------------

--------------------------------- Captured Out ---------------------------------
/home/runner/work/ocr-book/ocr-book/tests/0001_0.png

</system-out><system-err>--------------------------------- Captured Err ---------------------------------

</system-err></testcase><testcase classname="tests.test_features" name="test_mock_stop_at_2" time="34.510"><system-out>--------------------------------- Captured Log ---------------------------------

--------------------------------- Captured Out ---------------------------------
/home/runner/work/ocr-book/ocr-book/tests/0001_2.png
separation double page angle 90.5528088189967
separation double page y=0 2485
page rotation 1 0.5499999999999999
page rotation 2 0.2

</system-out><system-err>--------------------------------- Captured Err ---------------------------------

</system-err></testcase><testcase classname="tests.test_features" name="test_mock_stop_at_4" time="38.419"><system-out>--------------------------------- Captured Log ---------------------------------

--------------------------------- Captured Out ---------------------------------
/home/runner/work/ocr-book/ocr-book/tests/0001_4.png
separation double page angle 90.5528088189967
separation double page y=0 2485
page rotation 1 0.5499999999999999
page rotation 2 0.2
image 1 crop x1 327
image 1 crop y1 334
image 1 crop x2 2346
image 1 crop y2 3221
image 2 crop x1 169
image 2 crop y1 648
image 2 crop x2 2186
image 2 crop y2 3361
image 1 dpi 300
image 1 border top 332
image 1 border bottom 268
image 1 border left 220
image 1 border right 220
image 2 dpi 300
image 2 border top 643
image 2 border bottom 131
image 2 border left 221
image 2 border right 221

</system-out><system-err>--------------------------------- Captured Err ---------------------------------

</system-err></testcase><testcase classname="tests.test_features" name="test_mock_stop_at_1" time="30.072"><system-out>--------------------------------- Captured Log ---------------------------------

--------------------------------- Captured Out ---------------------------------
/home/runner/work/ocr-book/ocr-book/tests/0001_1.png
separation double page angle 90.5528088189967
separation double page y=0 2485

</system-out><system-err>--------------------------------- Captured Err ---------------------------------

</system-err></testcase><testcase classname="tests.test_features" name="test_mock_stop_at_3" time="37.695"><system-out>--------------------------------- Captured Log ---------------------------------

--------------------------------- Captured Out ---------------------------------
/home/runner/work/ocr-book/ocr-book/tests/0001_3.png
separation double page angle 90.5528088189967
separation double page y=0 2485
page rotation 1 0.5499999999999999
page rotation 2 0.2
image 1 crop x1 327
image 1 crop y1 334
image 1 crop x2 2346
image 1 crop y2 3221
image 2 crop x1 169
image 2 crop y1 648
image 2 crop x2 2186
image 2 crop y2 3361

</system-out><system-err>--------------------------------- Captured Err ---------------------------------

</system-err></testcase><testcase classname="tests.test_images" name="test_0001_png" time="37.445"><system-out>--------------------------------- Captured Log ---------------------------------

--------------------------------- Captured Out ---------------------------------
/home/runner/work/ocr-book/ocr-book/tests/0001.png
1609678293130504634 : Checking separation double page angle 90.5528088189967
1609678293130645934 : Checking separation double page y=0 2485
1609678294444029144 : Checking page rotation 1 0.5499999999999999
1609678295994244825 : Checking page rotation 2 0.2
1609678298553612645 : Checking image 1 crop x1 327
1609678298553744146 : Checking image 1 crop y1 334
1609678298553794346 : Checking image 1 crop x2 2346
1609678298553836746 : Checking image 1 crop y2 3221
1609678300763586342 : Checking image 2 crop x1 169
1609678300763732742 : Checking image 2 crop y1 648
1609678300763812643 : Checking image 2 crop x2 2186
1609678300763862043 : Checking image 2 crop y2 3361
1609678300764038844 : Checking image 1 dpi 300
1609678300764117745 : Checking image 1 border top 332
1609678300764158745 : Checking image 1 border bottom 268
1609678300764196345 : Checking image 1 border left 220
1609678300764235745 : Checking image 1 border right 220
1609678300767197663 : Checking image 2 dpi 300
1609678300767270663 : Checking image 2 border top 643
1609678300767312463 : Checking image 2 border bottom 131
1609678300767367264 : Checking image 2 border left 221
1609678300767403864 : Checking image 2 border right 221

</system-out><system-err>--------------------------------- Captured Err ---------------------------------

</system-err></testcase><testcase classname="tests.test_features" name="test_mock_stop_at_5" time="37.318"><system-out>--------------------------------- Captured Log ---------------------------------

--------------------------------- Captured Out ---------------------------------
/home/runner/work/ocr-book/ocr-book/tests/0001_5.png
separation double page angle 90.5528088189967
separation double page y=0 2485
page rotation 1 0.5499999999999999
page rotation 2 0.2
image 1 crop x1 327
image 1 crop y1 334
image 1 crop x2 2346
image 1 crop y2 3221
image 2 crop x1 169
image 2 crop y1 648
image 2 crop x2 2186
image 2 crop y2 3361
image 1 dpi 300
image 1 border top 332
image 1 border bottom 268
image 1 border left 220
image 1 border right 220
image 2 dpi 300
image 2 border top 643
image 2 border bottom 131
image 2 border left 221
image 2 border right 221

</system-out><system-err>--------------------------------- Captured Err ---------------------------------

</system-err></testcase><testcase classname="tests.test_images" name="test_black_border_not_removed_png" time="39.590"><system-out>--------------------------------- Captured Log ---------------------------------

--------------------------------- Captured Out ---------------------------------
/home/runner/work/ocr-book/ocr-book/tests/black-border-not-removed.png
1609678331029270503 : Checking separation double page angle 90.033171103531
1609678331029409603 : Checking separation double page y=0 2455
1609678332264585178 : Checking page rotation 1 0.0
1609678334073574686 : Checking page rotation 2 0.05
1609678337521657750 : Checking image 1 crop x1 297
1609678337521773651 : Checking image 1 crop y1 143
1609678337521815351 : Checking image 1 crop x2 2309
1609678337521850851 : Checking image 1 crop y2 3346
1609678340361186937 : Checking image 2 crop x1 157
1609678340361320538 : Checking image 2 crop y1 145
1609678340361368238 : Checking image 2 crop x2 2170
1609678340361410938 : Checking image 2 crop y2 3351
1609678340361586939 : Checking image 1 dpi 300
1609678340361681040 : Checking image 1 border top 132
1609678340361721740 : Checking image 1 border bottom 152
1609678340361761840 : Checking image 1 border left 224
1609678340361800041 : Checking image 1 border right 224
1609678340364556657 : Checking image 2 dpi 300
1609678340364635957 : Checking image 2 border top 134
1609678340364676357 : Checking image 2 border bottom 147
1609678340364714657 : Checking image 2 border left 223
1609678340364752258 : Checking image 2 border right 223

</system-out><system-err>--------------------------------- Captured Err ---------------------------------

</system-err></testcase><testcase classname="tests.test_images" name="test_2_pages_2_contours_png" time="23.366"><system-out>--------------------------------- Captured Log ---------------------------------

--------------------------------- Captured Out ---------------------------------
/home/runner/work/ocr-book/ocr-book/tests/2-pages-2-contours.png
1609678352302201088 : Checking separation double page angle 90.09036871657068
1609678352302353389 : Checking separation double page y=0 2486
1609678352988975241 : Checking page rotation 1 0.0
1609678354329764759 : Checking page rotation 2 0.2
1609678355408785370 : Checking image 1 crop x1 1191
1609678355408896471 : Checking image 1 crop y1 1750
1609678355408935171 : Checking image 1 crop x2 1192
1609678355408968971 : Checking image 1 crop y2 1751
1609678357910302869 : Checking image 2 crop x1 99
1609678357910426670 : Checking image 2 crop y1 240
1609678357910469970 : Checking image 2 crop x2 2147
1609678357910508370 : Checking image 2 crop y2 3240
1609678357910690271 : Checking image 1 dpi 300
1609678357910758272 : Checking image 1 border top 1752
1609678357910796772 : Checking image 1 border bottom 1753
1609678357910833472 : Checking image 1 border left 1239
1609678357910867772 : Checking image 1 border right 1239
1609678357912490382 : Checking image 2 dpi 300
1609678357912554382 : Checking image 2 border top 229
1609678357912590682 : Checking image 2 border bottom 258
1609678357912623882 : Checking image 2 border left 206
1609678357912657083 : Checking image 2 border right 206

</system-out><system-err>--------------------------------- Captured Err ---------------------------------

</system-err></testcase><testcase classname="tests.test_images" name="test_image_failed_to_rotate_png" time="41.397"><system-out>--------------------------------- Captured Log ---------------------------------

--------------------------------- Captured Out ---------------------------------
/home/runner/work/ocr-book/ocr-book/tests/image_failed_to_rotate.png
1609678368466634098 : Checking separation double page angle 90.26767669076624
1609678368466774698 : Checking separation double page y=0 2480
1609678370609648824 : Checking page rotation 1 0.45
1609678372001127127 : Checking page rotation 2 0.2
1609678378255740298 : Checking image 1 crop x1 31
1609678378255934699 : Checking image 1 crop y1 1
1609678378255984700 : Checking image 1 crop x2 2478
1609678378256028400 : Checking image 1 crop y2 3504
1609678381653204835 : Checking image 2 crop x1 169
1609678381653371836 : Checking image 2 crop y1 231
1609678381653439336 : Checking image 2 crop x2 2257
1609678381653483636 : Checking image 2 crop y2 3358
1609678381653673237 : Checking image 1 dpi 300
1609678381653753638 : Checking image 1 border top 2
1609678381653797538 : Checking image 1 border bottom 2
1609678381653883438 : Checking image 1 border left 17
1609678381653922939 : Checking image 1 border right 17
1609678381656804255 : Checking image 2 dpi 300
1609678381656885356 : Checking image 2 border top 218
1609678381656933156 : Checking image 2 border bottom 142
1609678381656969956 : Checking image 2 border left 186
1609678381657012356 : Checking image 2 border right 186

</system-out><system-err>--------------------------------- Captured Err ---------------------------------

</system-err></testcase><testcase classname="tests.test_images" name="test_wrong_split_line_png" time="28.702"><system-out>--------------------------------- Captured Log ---------------------------------

--------------------------------- Captured Out ---------------------------------
/home/runner/work/ocr-book/ocr-book/tests/wrong_split_line.png
1609678379815467867 : Checking separation double page angle 89.93395720607973
1609678379815649368 : Checking separation double page y=0 2465
1609678381153356660 : Checking page rotation 1 -0.04999999999999689
1609678382367755243 : Checking page rotation 2 0.5499999999999999
1609678384022605559 : Checking image 1 crop x1 211
1609678384022724060 : Checking image 1 crop y1 156
1609678384022769460 : Checking image 1 crop x2 2323
1609678384022810360 : Checking image 1 crop y2 3363
1609678386610349039 : Checking image 2 crop x1 125
1609678386610467940 : Checking image 2 crop y1 166
1609678386610514340 : Checking image 2 crop x2 2236
1609678386610556540 : Checking image 2 crop y2 3373
1609678386610734341 : Checking image 1 dpi 300
1609678386610814142 : Checking image 1 border top 134
1609678386610855942 : Checking image 1 border bottom 146
1609678386610893842 : Checking image 1 border left 174
1609678386610931042 : Checking image 1 border right 174
1609678386613336756 : Checking image 2 dpi 300
1609678386613424657 : Checking image 2 border top 146
1609678386613464657 : Checking image 2 border bottom 134
1609678386613501657 : Checking image 2 border left 174
1609678386613541357 : Checking image 2 border right 174

</system-out><system-err>--------------------------------- Captured Err ---------------------------------

</system-err></testcase><testcase classname="tests.test_images" name="test_image_failed_to_crop_data_png" time="54.137"><system-out>--------------------------------- Captured Log ---------------------------------

--------------------------------- Captured Out ---------------------------------
/home/runner/work/ocr-book/ocr-book/tests/image_failed_to_crop_data.png
1609678414785122837 : Checking separation double page angle 90.053197600644
1609678414785247338 : Checking separation double page y=0 2480
1609678419930910323 : Checking page rotation 1 0.15000000000000002
1609678421168230837 : Checking page rotation 2 0.0
1609678432463582380 : Checking image 1 crop x1 51
1609678432463696381 : Checking image 1 crop y1 7
1609678432463738381 : Checking image 1 crop x2 2478
1609678432463774681 : Checking image 1 crop y2 3505
1609678435833976358 : Checking image 2 crop x1 160
1609678435834107659 : Checking image 2 crop y1 217
1609678435834154759 : Checking image 2 crop x2 2242
1609678435834197059 : Checking image 2 crop y2 3350
1609678435834392561 : Checking image 1 dpi 300
1609678435834510561 : Checking image 1 border top 5
1609678435834553161 : Checking image 1 border bottom 5
1609678435834590462 : Checking image 1 border left 27
1609678435834627462 : Checking image 1 border right 27
1609678435837186777 : Checking image 2 dpi 300
1609678435837254577 : Checking image 2 border top 206
1609678435837290977 : Checking image 2 border bottom 148
1609678435837324977 : Checking image 2 border left 189
1609678435837359578 : Checking image 2 border right 189

</system-out><system-err>--------------------------------- Captured Err ---------------------------------

</system-err></testcase><testcase classname="tests.test_images" name="test_crop_too_much_png" time="47.429"><system-out>--------------------------------- Captured Log ---------------------------------

--------------------------------- Captured Out ---------------------------------
/home/runner/work/ocr-book/ocr-book/tests/crop_too_much.png
1609678425524683285 : Checking separation double page angle 90.13239409272954
1609678425524836386 : Checking separation double page y=0 2455
1609678427477750814 : Checking page rotation 1 0.0
1609678429243100664 : Checking page rotation 2 0.2
1609678432025682162 : Checking image 1 crop x1 303
1609678432025790063 : Checking image 1 crop y1 148
1609678432025830563 : Checking image 1 crop x2 2313
1609678432025865063 : Checking image 1 crop y2 3351
1609678434021534638 : Checking image 2 crop x1 162
1609678434021638738 : Checking image 2 crop y1 151
1609678434021683838 : Checking image 2 crop x2 2186
1609678434021718939 : Checking image 2 crop y2 3363
1609678434021878239 : Checking image 1 dpi 300
1609678434021945140 : Checking image 1 border top 132
1609678434021980840 : Checking image 1 border bottom 152
1609678434022012840 : Checking image 1 border left 225
1609678434022044040 : Checking image 1 border right 225
1609678434024637655 : Checking image 2 dpi 300
1609678434024712856 : Checking image 2 border top 132
1609678434024748856 : Checking image 2 border bottom 143
1609678434024782256 : Checking image 2 border left 218
1609678434024831156 : Checking image 2 border right 218

</system-out><system-err>--------------------------------- Captured Err ---------------------------------

</system-err></testcase><testcase classname="tests.test_images" name="test_crop_too_few_png" time="30.500"><system-out>--------------------------------- Captured Log ---------------------------------

--------------------------------- Captured Out ---------------------------------
/home/runner/work/ocr-book/ocr-book/tests/crop_too_few.png
1609678457514829290 : Checking separation double page angle 89.54670238452755
1609678457514969091 : Checking separation double page y=0 2512
1609678458633582920 : Checking page rotation 1 -0.6000000000000009
1609678460079215828 : Checking page rotation 2 0.0
1609678462233581810 : Checking image 1 crop x1 263
1609678462233712911 : Checking image 1 crop y1 150
1609678462233760011 : Checking image 1 crop x2 2379
1609678462233799211 : Checking image 1 crop y2 3358
1609678464543776287 : Checking image 2 crop x1 137
1609678464543951788 : Checking image 2 crop y1 141
1609678464544000988 : Checking image 2 crop x2 2259
1609678464544044988 : Checking image 2 crop y2 3345
1609678464544240389 : Checking image 1 dpi 300
1609678464544323490 : Checking image 1 border top 130
1609678464544366190 : Checking image 1 border bottom 149
1609678464544404590 : Checking image 1 border left 172
1609678464544442391 : Checking image 1 border right 172
1609678464547151906 : Checking image 2 dpi 300
1609678464547236807 : Checking image 2 border top 130
1609678464547276907 : Checking image 2 border bottom 153
1609678464547314707 : Checking image 2 border left 169
1609678464547352207 : Checking image 2 border right 169

</system-out><system-err>--------------------------------- Captured Err ---------------------------------

</system-err></testcase><testcase classname="tests.test_images" name="test_wrong_angle_split_line_png" time="36.478"><system-out>--------------------------------- Captured Log ---------------------------------

--------------------------------- Captured Out ---------------------------------
/home/runner/work/ocr-book/ocr-book/tests/wrong_angle_split_line.png
1609678456598534524 : Checking separation double page angle 90.09193420006348
1609678456598682825 : Checking separation double page y=0 2478
1609678458056579204 : Checking page rotation 1 0.1
1609678459389593265 : Checking page rotation 2 0.1
1609678466294071246 : Checking image 1 crop x1 58
1609678466294208147 : Checking image 1 crop y1 6
1609678466294258047 : Checking image 1 crop x2 2476
1609678466294300747 : Checking image 1 crop y2 3501
1609678471599722638 : Checking image 2 crop x1 166
1609678471599879439 : Checking image 2 crop y1 218
1609678471599926839 : Checking image 2 crop x2 2244
1609678471599969739 : Checking image 2 crop y2 3349
1609678471600161740 : Checking image 1 dpi 300
1609678471600246741 : Checking image 1 border top 6
1609678471600288041 : Checking image 1 border bottom 6
1609678471600376641 : Checking image 1 border left 31
1609678471600414242 : Checking image 1 border right 31
1609678471608973891 : Checking image 2 dpi 300
1609678471609108792 : Checking image 2 border top 207
1609678471609151592 : Checking image 2 border bottom 149
1609678471609189792 : Checking image 2 border left 191
1609678471609228092 : Checking image 2 border right 191

</system-out><system-err>--------------------------------- Captured Err ---------------------------------

</system-err></testcase><testcase classname="tests.test_images" name="test_crop_too_much_2_png" time="55.612"><system-out>--------------------------------- Captured Log ---------------------------------

--------------------------------- Captured Out ---------------------------------
/home/runner/work/ocr-book/ocr-book/tests/crop_too_much_2.png
1609678510000979232 : Checking separation double page angle 90.1149074900787
1609678510001102933 : Checking separation double page y=0 2478
1609678511989338859 : Checking page rotation 1 0.15000000000000002
1609678514101131279 : Checking page rotation 2 0.2
1609678516578107195 : Checking image 1 crop x1 330
1609678516578215795 : Checking image 1 crop y1 132
1609678516578272396 : Checking image 1 crop x2 2342
1609678516578306196 : Checking image 1 crop y2 3335
1609678520118448013 : Checking image 2 crop x1 162
1609678520118566414 : Checking image 2 crop y1 139
1609678520118610714 : Checking image 2 crop x2 2175
1609678520118650114 : Checking image 2 crop y2 3345
1609678520118846615 : Checking image 1 dpi 300
1609678520118927516 : Checking image 1 border top 122
1609678520118970916 : Checking image 1 border bottom 162
1609678520119008716 : Checking image 1 border left 224
1609678520119045816 : Checking image 1 border right 224
1609678520121671732 : Checking image 2 dpi 300
1609678520121751132 : Checking image 2 border top 130
1609678520121789932 : Checking image 2 border bottom 151
1609678520121825232 : Checking image 2 border left 223
1609678520121879633 : Checking image 2 border right 223

</system-out><system-err>--------------------------------- Captured Err ---------------------------------

</system-err></testcase><testcase classname="tests.test_images" name="test_angle_page_lower_split_line_png" time="37.330"><system-out>--------------------------------- Captured Log ---------------------------------

--------------------------------- Captured Out ---------------------------------
/home/runner/work/ocr-book/ocr-book/tests/angle_page_lower_split_line.png
1609678501184496765 : Checking separation double page angle 89.74927707086691
1609678501184622365 : Checking separation double page y=0 2474
1609678502984970212 : Checking page rotation 1 -0.14999999999999067
1609678504825382489 : Checking page rotation 2 0.1
1609678507413779164 : Checking image 1 crop x1 241
1609678507414012466 : Checking image 1 crop y1 156
1609678507414076366 : Checking image 1 crop x2 2357
1609678507414120466 : Checking image 1 crop y2 3368
1609678509721991929 : Checking image 2 crop x1 149
1609678509722115330 : Checking image 2 crop y1 146
1609678509722161730 : Checking image 2 crop x2 2259
1609678509722203430 : Checking image 2 crop y2 3351
1609678509722386831 : Checking image 1 dpi 300
1609678509722470032 : Checking image 1 border top 140
1609678509722510932 : Checking image 1 border bottom 135
1609678509722549432 : Checking image 1 border left 172
1609678509722587233 : Checking image 1 border right 172
1609678509725134747 : Checking image 2 dpi 300
1609678509725199948 : Checking image 2 border top 129
1609678509725238848 : Checking image 2 border bottom 152
1609678509725275148 : Checking image 2 border left 175
1609678509725311448 : Checking image 2 border right 175

</system-out><system-err>--------------------------------- Captured Err ---------------------------------

</system-err></testcase><testcase classname="tests.test_images" name="test_wrong_wave_split_line_png" time="55.636"><system-out>--------------------------------- Captured Log ---------------------------------

--------------------------------- Captured Out ---------------------------------
/home/runner/work/ocr-book/ocr-book/tests/wrong_wave_split_line.png
1609678549614953896 : Checking separation double page angle 90.37878604107719
1609678549615092997 : Checking separation double page y=0 2500
1609678551166089960 : Checking page rotation 1 -0.14999999999999067
1609678552610503621 : Checking page rotation 2 0.9
1609678558933076824 : Checking image 1 crop x1 385
1609678558933207424 : Checking image 1 crop y1 179
1609678558933254625 : Checking image 1 crop x2 2411
1609678558933294725 : Checking image 1 crop y2 3374
1609678565341072093 : Checking image 2 crop x1 17
1609678565341309794 : Checking image 2 crop y1 8
1609678565341364595 : Checking image 2 crop x2 2399
1609678565341407895 : Checking image 2 crop y2 3391
1609678565341587796 : Checking image 1 dpi 300
1609678565341671196 : Checking image 1 border top 173
1609678565341712497 : Checking image 1 border bottom 119
1609678565341752797 : Checking image 1 border left 217
1609678565341801497 : Checking image 1 border right 217
1609678565345254817 : Checking image 2 dpi 300
1609678565345418917 : Checking image 2 border top 0
1609678565345469018 : Checking image 2 border bottom 114
1609678565345507518 : Checking image 2 border left 49
1609678565345545618 : Checking image 2 border right 49

</system-out><system-err>--------------------------------- Captured Err ---------------------------------

</system-err></testcase><testcase classname="tests.test_images" name="test_wrong_split_line_2_png" time="56.815"><system-out>--------------------------------- Captured Log ---------------------------------

--------------------------------- Captured Out ---------------------------------
/home/runner/work/ocr-book/ocr-book/tests/wrong_split_line_2.png
1609678559658789579 : Checking separation double page angle 90.19944704411863
1609678559658912980 : Checking separation double page y=0 2437
1609678561815099153 : Checking page rotation 1 0.2
1609678564109643564 : Checking page rotation 2 0.2
1609678568990816167 : Checking image 1 crop x1 294
1609678568990937368 : Checking image 1 crop y1 136
1609678568990980968 : Checking image 1 crop x2 2325
1609678568991028168 : Checking image 1 crop y2 3376
1609678576944128361 : Checking image 2 crop x1 136
1609678576944249861 : Checking image 2 crop y1 190
1609678576944306462 : Checking image 2 crop x2 2172
1609678576944347562 : Checking image 2 crop y2 3389
1609678576944545163 : Checking image 1 dpi 300
1609678576944622963 : Checking image 1 border top 131
1609678576944663864 : Checking image 1 border bottom 116
1609678576944700264 : Checking image 1 border left 214
1609678576944735964 : Checking image 1 border right 214
1609678576947149678 : Checking image 2 dpi 300
1609678576947212678 : Checking image 2 border top 181
1609678576947251778 : Checking image 2 border bottom 107
1609678576947287978 : Checking image 2 border left 212
1609678576947324279 : Checking image 2 border right 212

</system-out><system-err>--------------------------------- Captured Err ---------------------------------

</system-err></testcase><testcase classname="tests.test_images" name="test_no_split_line_line_algo_png" time="36.497"><system-out>--------------------------------- Captured Log ---------------------------------

--------------------------------- Captured Out ---------------------------------
/home/runner/work/ocr-book/ocr-book/tests/no_split_line_line_algo.png
1609678592706701559 : Checking separation double page angle 89.47691469185418
1609678592706827960 : Checking separation double page y=0 2476
1609678593863651565 : Checking page rotation 1 -0.14999999999999067
1609678595651353371 : Checking page rotation 2 -0.14999999999999067
1609678597392322211 : Checking image 1 crop x1 205
1609678597392452612 : Checking image 1 crop y1 158
1609678597392498112 : Checking image 1 crop x2 2320
1609678597392538113 : Checking image 1 crop y2 3366
1609678601862623746 : Checking image 2 crop x1 185
1609678601862757547 : Checking image 2 crop y1 225
1609678601862804547 : Checking image 2 crop x2 2204
1609678601862846948 : Checking image 2 crop y2 3362
1609678601863030849 : Checking image 1 dpi 300
1609678601863111549 : Checking image 1 border top 144
1609678601863151549 : Checking image 1 border bottom 134
1609678601863190949 : Checking image 1 border left 172
1609678601863228450 : Checking image 1 border right 172
1609678601865973265 : Checking image 2 dpi 300
1609678601866052066 : Checking image 2 border top 223
1609678601866093366 : Checking image 2 border bottom 127
1609678601866130266 : Checking image 2 border left 220
1609678601866166566 : Checking image 2 border right 220

</system-out><system-err>--------------------------------- Captured Err ---------------------------------

</system-err></testcase><testcase classname="tests.test_images" name="test_small_wave_png" time="51.055"><system-out>--------------------------------- Captured Log ---------------------------------

--------------------------------- Captured Out ---------------------------------
/home/runner/work/ocr-book/ocr-book/tests/small_wave.png
1609678621064910784 : Checking separation double page angle 90.58816928841564
1609678621065112686 : Checking separation double page y=0 2497
1609678623143125280 : Checking page rotation 1 0.65
1609678624985005235 : Checking page rotation 2 0.65
1609678626469070351 : Checking image 1 crop x1 320
1609678626469203851 : Checking image 1 crop y1 199
1609678626469250352 : Checking image 1 crop x2 2353
1609678626469289952 : Checking image 1 crop y2 3394
1609678628014987221 : Checking image 2 crop x1 130
1609678628015105422 : Checking image 2 crop y1 222
1609678628015153922 : Checking image 2 crop x2 2163
1609678628015197023 : Checking image 2 crop y2 3420
1609678628015379224 : Checking image 1 dpi 300
1609678628015460124 : Checking image 1 border top 179
1609678628015503824 : Checking image 1 border bottom 112
1609678628015542225 : Checking image 1 border left 213
1609678628015583125 : Checking image 1 border right 213
1609678628018125939 : Checking image 2 dpi 300
1609678628018201140 : Checking image 2 border top 197
1609678628018241440 : Checking image 2 border bottom 92
1609678628018284540 : Checking image 2 border left 213
1609678628018321341 : Checking image 2 border right 213

</system-out><system-err>--------------------------------- Captured Err ---------------------------------

</system-err></testcase><testcase classname="tests.test_images" name="test_failed_split_line_line_algo_png" time="18.943"><system-out>--------------------------------- Captured Log ---------------------------------

--------------------------------- Captured Out ---------------------------------
/home/runner/work/ocr-book/ocr-book/tests/failed_split_line_line_algo.png
1609678616298819104 : Checking separation double page angle 90.04134220573248
1609678616298939005 : Checking separation double page y=0 2573
1609678617099927489 : Checking page rotation 1 -0.09999999999999377
1609678617761035573 : Checking page rotation 2 0.1
1609678619803415564 : Checking image 1 crop x1 408
1609678619803542565 : Checking image 1 crop y1 2926
1609678619803586265 : Checking image 1 crop x2 2420
1609678619803623665 : Checking image 1 crop y2 3173
1609678620835471871 : Checking image 2 crop x1 1184
1609678620835586872 : Checking image 2 crop y1 1745
1609678620835626472 : Checking image 2 crop x2 1185
1609678620835660172 : Checking image 2 crop y2 1746
1609678620835860373 : Checking image 1 dpi 300
1609678620835939974 : Checking image 1 border top 2922
1609678620835976674 : Checking image 1 border bottom 318
1609678620836010974 : Checking image 1 border left 224
1609678620836043574 : Checking image 1 border right 224
1609678620837586183 : Checking image 2 dpi 300
1609678620837636084 : Checking image 2 border top 1753
1609678620837668884 : Checking image 2 border bottom 1753
1609678620837700384 : Checking image 2 border left 1239
1609678620837732084 : Checking image 2 border right 1239

</system-out><system-err>--------------------------------- Captured Err ---------------------------------

</system-err></testcase><testcase classname="tests.test_images" name="test_failed_split_line_line_algo_2_png" time="41.544"><system-out>--------------------------------- Captured Log ---------------------------------

--------------------------------- Captured Out ---------------------------------
/home/runner/work/ocr-book/ocr-book/tests/failed_split_line_line_algo_2.png
1609678656018190661 : Checking separation double page angle 90.03068774449687
1609678656018319862 : Checking separation double page y=0 2500
1609678657600859684 : Checking page rotation 1 0.05
1609678659024505990 : Checking page rotation 2 0.5499999999999999
1609678660720851528 : Checking image 1 crop x1 271
1609678660720991129 : Checking image 1 crop y1 149
1609678660721035229 : Checking image 1 crop x2 2382
1609678660721072830 : Checking image 1 crop y2 3354
1609678662349805288 : Checking image 2 crop x1 120
1609678662349951889 : Checking image 2 crop y1 155
1609678662349998389 : Checking image 2 crop x2 2244
1609678662350039990 : Checking image 2 crop y2 3350
1609678662350223091 : Checking image 1 dpi 300
1609678662350305891 : Checking image 1 border top 141
1609678662350346791 : Checking image 1 border bottom 141
1609678662350386492 : Checking image 1 border left 174
1609678662350424092 : Checking image 1 border right 174
1609678662353148807 : Checking image 2 dpi 300
1609678662353224308 : Checking image 2 border top 140
1609678662353264508 : Checking image 2 border bottom 152
1609678662353302008 : Checking image 2 border left 168
1609678662353339008 : Checking image 2 border right 168

</system-out><system-err>--------------------------------- Captured Err ---------------------------------

</system-err></testcase><testcase classname="tests.test_images" name="test_wrong_split_line_3_png" time="37.290"><system-out>--------------------------------- Captured Log ---------------------------------

--------------------------------- Captured Out ---------------------------------
/home/runner/work/ocr-book/ocr-book/tests/wrong_split_line_3.png
1609678658527078793 : Checking separation double page angle 90.43729500214694
1609678658527243593 : Checking separation double page y=0 2498
1609678660213987778 : Checking page rotation 1 0.2
1609678661606327108 : Checking page rotation 2 0.85
1609678663313159805 : Checking image 1 crop x1 331
1609678663313294106 : Checking image 1 crop y1 166
1609678663313347806 : Checking image 1 crop x2 2377
1609678663313391707 : Checking image 1 crop y2 3375
1609678665330091278 : Checking image 2 crop x1 102
1609678665330204779 : Checking image 2 crop y1 207
1609678665330285280 : Checking image 2 crop x2 2135
1609678665330326280 : Checking image 2 crop y2 3414
1609678665330506081 : Checking image 1 dpi 300
1609678665330586381 : Checking image 1 border top 158
1609678665330628681 : Checking image 1 border bottom 120
1609678665330666182 : Checking image 1 border left 207
1609678665330703182 : Checking image 1 border right 207
1609678665333251896 : Checking image 2 dpi 300
1609678665333327497 : Checking image 2 border top 186
1609678665333366897 : Checking image 2 border bottom 94
1609678665333402897 : Checking image 2 border left 213
1609678665333439397 : Checking image 2 border right 213

</system-out><system-err>--------------------------------- Captured Err ---------------------------------

</system-err></testcase><testcase classname="tests.test_images" name="test_crop_too_much_3_png" time="42.808"><system-out>--------------------------------- Captured Log ---------------------------------

--------------------------------- Captured Out ---------------------------------
/home/runner/work/ocr-book/ocr-book/tests/crop_too_much_3.png
1609678697335158675 : Checking separation double page angle 89.49330634783144
1609678697335291276 : Checking separation double page y=0 2498
1609678698616082316 : Checking page rotation 1 -0.8999999999999949
1609678700455322314 : Checking page rotation 2 -0.14999999999999067
1609678702863193125 : Checking image 1 crop x1 374
1609678702863330126 : Checking image 1 crop y1 258
1609678702863378126 : Checking image 1 crop x2 2385
1609678702863418526 : Checking image 1 crop y2 3459
1609678705165543081 : Checking image 2 crop x1 168
1609678705165678582 : Checking image 2 crop y1 228
1609678705165719682 : Checking image 2 crop x2 2181
1609678705165758682 : Checking image 2 crop y2 3417
1609678705165926883 : Checking image 1 dpi 300
1609678705165999784 : Checking image 1 border top 239
1609678705166035784 : Checking image 1 border bottom 47
1609678705166069384 : Checking image 1 border left 224
1609678705166102684 : Checking image 1 border right 224
1609678705168917500 : Checking image 2 dpi 300
1609678705169001801 : Checking image 2 border top 209
1609678705169042101 : Checking image 2 border bottom 89
1609678705169079601 : Checking image 2 border left 223
1609678705169116401 : Checking image 2 border right 223

</system-out><system-err>--------------------------------- Captured Err ---------------------------------

</system-err></testcase><testcase classname="tests.test_images" name="test_wrong_wave_split_line_2_png" time="45.072"><system-out>--------------------------------- Captured Log ---------------------------------

--------------------------------- Captured Out ---------------------------------
/home/runner/work/ocr-book/ocr-book/tests/wrong_wave_split_line_2.png
1609678702259200611 : Checking separation double page angle 90.7708958311329
1609678702259329812 : Checking separation double page y=0 2490
1609678703863297479 : Checking page rotation 1 0.2
1609678705503619507 : Checking page rotation 2 1.65
1609678707241546609 : Checking image 1 crop x1 227
1609678707241684210 : Checking image 1 crop y1 147
1609678707241728010 : Checking image 1 crop x2 2342
1609678707241767010 : Checking image 1 crop y2 3353
1609678710398131193 : Checking image 2 crop x1 106
1609678710398252494 : Checking image 2 crop y1 195
1609678710398298994 : Checking image 2 crop x2 2231
1609678710398339994 : Checking image 2 crop y2 3398
1609678710398507995 : Checking image 1 dpi 300
1609678710398600496 : Checking image 1 border top 136
1609678710398642896 : Checking image 1 border bottom 145
1609678710398681096 : Checking image 1 border left 172
1609678710398718796 : Checking image 1 border right 172
1609678710401478812 : Checking image 2 dpi 300
1609678710401570513 : Checking image 2 border top 165
1609678710401610713 : Checking image 2 border bottom 118
1609678710401647913 : Checking image 2 border left 167
1609678710401685013 : Checking image 2 border right 167

</system-out><system-err>--------------------------------- Captured Err ---------------------------------

</system-err></testcase><testcase classname="tests.test_images" name="test_wrong_wave_split_line_3_png" time="40.798"><system-out>--------------------------------- Captured Log ---------------------------------

--------------------------------- Captured Out ---------------------------------
/home/runner/work/ocr-book/ocr-book/tests/wrong_wave_split_line_3.png
1609678739336530273 : Checking separation double page angle 90.05826063695574
1609678739336657773 : Checking separation double page y=0 2514
1609678741032713753 : Checking page rotation 1 0.0
1609678742297770398 : Checking page rotation 2 0.2
1609678744371914915 : Checking image 1 crop x1 274
1609678744372044116 : Checking image 1 crop y1 221
1609678744372090816 : Checking image 1 crop x2 2383
1609678744372183417 : Checking image 1 crop y2 3422
1609678745977919032 : Checking image 2 crop x1 112
1609678745978034332 : Checking image 2 crop y1 225
1609678745978077133 : Checking image 2 crop x2 2238
1609678745978116233 : Checking image 2 crop y2 3415
1609678745978291334 : Checking image 1 dpi 300
1609678745978368634 : Checking image 1 border top 201
1609678745978405934 : Checking image 1 border bottom 85
1609678745978440035 : Checking image 1 border left 175
1609678745978474235 : Checking image 1 border right 175
1609678745981018449 : Checking image 2 dpi 300
1609678745981101650 : Checking image 2 border top 207
1609678745981160350 : Checking image 2 border bottom 90
1609678745981199350 : Checking image 2 border left 167
1609678745981237950 : Checking image 2 border right 167

</system-out><system-err>--------------------------------- Captured Err ---------------------------------

</system-err></testcase><testcase classname="tests.test_images" name="test_no_split_line_wave_algo_png" time="55.018"><system-out>--------------------------------- Captured Log ---------------------------------

--------------------------------- Captured Out ---------------------------------
/home/runner/work/ocr-book/ocr-book/tests/no_split_line_wave_algo.png
1609678742423266807 : Checking separation double page angle 89.72500000000001
1609678742423402608 : Checking separation double page y=0 2484
1609678745812698494 : Checking page rotation 1 0.0
1609678747367743921 : Checking page rotation 2 -0.44999999999999746
1609678757695319298 : Checking image 1 crop x1 97
1609678757695435298 : Checking image 1 crop y1 79
1609678757695474899 : Checking image 1 crop x2 2494
1609678757695527499 : Checking image 1 crop y2 3505
1609678765379449411 : Checking image 2 crop x1 163
1609678765379566011 : Checking image 2 crop y1 267
1609678765379613612 : Checking image 2 crop x2 2238
1609678765379653012 : Checking image 2 crop y2 3380
1609678765379858213 : Checking image 1 dpi 300
1609678765379944214 : Checking image 1 border top 41
1609678765379985214 : Checking image 1 border bottom 41
1609678765380022514 : Checking image 1 border left 42
1609678765380059514 : Checking image 1 border right 42
1609678765382323727 : Checking image 2 dpi 300
1609678765382390128 : Checking image 2 border top 255
1609678765382429028 : Checking image 2 border bottom 119
1609678765382465528 : Checking image 2 border left 192
1609678765382502128 : Checking image 2 border right 192

</system-out><system-err>--------------------------------- Captured Err ---------------------------------

</system-err></testcase><testcase classname="tests.test_images" name="test_no_split_line_wave_algo_2_png" time="33.345"><system-out>--------------------------------- Captured Log ---------------------------------

--------------------------------- Captured Out ---------------------------------
/home/runner/work/ocr-book/ocr-book/tests/no_split_line_wave_algo_2.png
1609678772951596059 : Checking separation double page angle 90.54999999999998
1609678772951731160 : Checking separation double page y=0 2478
1609678774439867484 : Checking page rotation 1 1.0999999999999999
1609678775906146983 : Checking page rotation 2 0.2
1609678777780376733 : Checking image 1 crop x1 266
1609678777780496134 : Checking image 1 crop y1 210
1609678777780538934 : Checking image 1 crop x2 2342
1609678777780575234 : Checking image 1 crop y2 3413
1609678779323432988 : Checking image 2 crop x1 168
1609678779323564189 : Checking image 2 crop y1 241
1609678779323611489 : Checking image 2 crop x2 2251
1609678779323653289 : Checking image 2 crop y2 3433
1609678779323865891 : Checking image 1 dpi 300
1609678779323950191 : Checking image 1 border top 192
1609678779323991191 : Checking image 1 border bottom 91
1609678779324030991 : Checking image 1 border left 192
1609678779324069192 : Checking image 1 border right 192
1609678779327482211 : Checking image 2 dpi 300
1609678779327581912 : Checking image 2 border top 224
1609678779327623212 : Checking image 2 border bottom 71
1609678779327661412 : Checking image 2 border left 188
1609678779327699113 : Checking image 2 border right 188

</system-out><system-err>--------------------------------- Captured Err ---------------------------------

</system-err></testcase><testcase classname="tests.test_images" name="test_crop_too_few_2_png" time="33.179"><system-out>--------------------------------- Captured Log ---------------------------------

--------------------------------- Captured Out ---------------------------------
/home/runner/work/ocr-book/ocr-book/tests/crop_too_few_2.png
1609678791062447304 : Checking separation double page angle 90.30476192320097
1609678791062588705 : Checking separation double page y=0 2531
1609678792464433329 : Checking page rotation 1 1.0999999999999999
1609678793966938694 : Checking page rotation 2 -0.04999999999999689
1609678796122037137 : Checking image 1 crop x1 289
1609678796122193238 : Checking image 1 crop y1 165
1609678796122242338 : Checking image 1 crop x2 2400
1609678796122282738 : Checking image 1 crop y2 3367
1609678798626385547 : Checking image 2 crop x1 149
1609678798626513548 : Checking image 2 crop y1 189
1609678798626555248 : Checking image 2 crop x2 2273
1609678798626595348 : Checking image 2 crop y2 3386
1609678798626765249 : Checking image 1 dpi 300
1609678798626843550 : Checking image 1 border top 157
1609678798626882050 : Checking image 1 border bottom 128
1609678798626941850 : Checking image 1 border left 174
1609678798626978451 : Checking image 1 border right 174
1609678798629179063 : Checking image 2 dpi 300
1609678798629250063 : Checking image 2 border top 181
1609678798629291364 : Checking image 2 border bottom 109
1609678798629327864 : Checking image 2 border left 168
1609678798629364464 : Checking image 2 border right 168

</system-out><system-err>--------------------------------- Captured Err ---------------------------------

</system-err></testcase><testcase classname="tests.test_images" name="test_failed_detect_rectangle_png" time="38.781"><system-out>--------------------------------- Captured Log ---------------------------------

--------------------------------- Captured Out ---------------------------------
/home/runner/work/ocr-book/ocr-book/tests/failed_detect_rectangle.png
1609678811022195594 : Checking separation double page angle 90.19837516213148
1609678811022328195 : Checking separation double page y=0 2474
1609678812837777061 : Checking page rotation 1 0.2
1609678814571289778 : Checking page rotation 2 0.15000000000000002
1609678816083515779 : Checking image 1 crop x1 257
1609678816083653780 : Checking image 1 crop y1 201
1609678816083715881 : Checking image 1 crop x2 2333
1609678816083753481 : Checking image 1 crop y2 3402
1609678818105376126 : Checking image 2 crop x1 135
1609678818105564124 : Checking image 2 crop y1 214
1609678818105613724 : Checking image 2 crop x2 2219
1609678818105656423 : Checking image 2 crop y2 3406
1609678818105831522 : Checking image 1 dpi 300
1609678818105914421 : Checking image 1 border top 188
1609678818105954821 : Checking image 1 border bottom 97
1609678818105992621 : Checking image 1 border left 192
1609678818106030020 : Checking image 1 border right 192
1609678818108751898 : Checking image 2 dpi 300
1609678818108827897 : Checking image 2 border top 202
1609678818108867397 : Checking image 2 border bottom 93
1609678818108904797 : Checking image 2 border left 188
1609678818108941796 : Checking image 2 border right 188

</system-out><system-err>--------------------------------- Captured Err ---------------------------------

</system-err></testcase><testcase classname="tests.test_images" name="test_single_page_png" time="7.264"><system-out>--------------------------------- Captured Log ---------------------------------

--------------------------------- Captured Out ---------------------------------
/home/runner/work/ocr-book/ocr-book/tests/single_page.png
1609678802612526115 : Checking separation double page angle 90.04999999999998
1609678802612682015 : Checking separation double page y=0 2476
1609678803535133439 : Checking page rotation 1 0.0
1609678803651109767 : Checking page rotation 2 0.0
1609678805374675685 : Checking image 1 crop x1 1
1609678805374773685 : Checking image 1 crop y1 8
1609678805374809785 : Checking image 1 crop x2 2470
1609678805374840985 : Checking image 1 crop y2 3505
1609678805503171116 : Checking image 2 crop x1 0
1609678805503276116 : Checking image 2 crop y1 0
1609678805503305216 : Checking image 2 crop x2 0
1609678805503347716 : Checking image 2 crop y2 0
1609678805503420817 : Checking image 1 dpi 300
1609678805503497917 : Checking image 1 border top 5
1609678805503528717 : Checking image 1 border bottom 5
1609678805503557017 : Checking image 1 border left 6
1609678805503585217 : Checking image 1 border right 6
1609678805510546818 : Checking image 2 border top 0
1609678805510608418 : Checking image 2 border bottom 0
1609678805510636718 : Checking image 2 border left 0
1609678805510664618 : Checking image 2 border right 0

</system-out><system-err>--------------------------------- Captured Err ---------------------------------

</system-err></testcase><testcase classname="tests.test_images" name="test_wrong_split_line_4_png" time="18.541"><system-out>--------------------------------- Captured Log ---------------------------------

--------------------------------- Captured Out ---------------------------------
/home/runner/work/ocr-book/ocr-book/tests/wrong_split_line_4.png
1609678820199719449 : Checking separation double page angle 91.04999999999998
1609678820199855049 : Checking separation double page y=0 60
1609678820313971011 : Checking page rotation 1 1.0
1609678821581620141 : Checking page rotation 2 1.05
1609678822141433907 : Checking image 1 crop x1 0
1609678822141529207 : Checking image 1 crop y1 0
1609678822141567107 : Checking image 1 crop x2 0
1609678822141602207 : Checking image 1 crop y2 0
1609678824481676518 : Checking image 2 crop x1 291
1609678824481889618 : Checking image 2 crop y1 330
1609678824481935618 : Checking image 2 crop x2 2316
1609678824481976618 : Checking image 2 crop y2 3217
1609678824482144718 : Checking image 1 border top 0
1609678824482190518 : Checking image 1 border bottom 0
1609678824482228518 : Checking image 1 border left 0
1609678824482264718 : Checking image 1 border right 0
1609678824482330918 : Checking image 2 dpi 300
1609678824482408618 : Checking image 2 border top 322
1609678824482448118 : Checking image 2 border bottom 278
1609678824482484918 : Checking image 2 border left 217
1609678824482521618 : Checking image 2 border right 217

</system-out><system-err>--------------------------------- Captured Err ---------------------------------

</system-err></testcase><testcase classname="tests.test_images" name="test_no_split_line_wave_algo_3_png" time="11.644"><system-out>--------------------------------- Captured Log ---------------------------------

--------------------------------- Captured Out ---------------------------------
/home/runner/work/ocr-book/ocr-book/tests/no_split_line_wave_algo_3.png
1609678827228110427 : Checking separation double page angle 90.14999999999998
1609678827228259427 : Checking separation double page y=0 2408
1609678828233299218 : Checking page rotation 1 -0.09999999999999377
1609678828419523624 : Checking page rotation 2 0.0
1609678829249852604 : Checking image 1 crop x1 182
1609678829249952804 : Checking image 1 crop y1 2955
1609678829249993104 : Checking image 1 crop x2 2199
1609678829250031404 : Checking image 1 crop y2 3203
1609678829740033455 : Checking image 2 crop x1 0
1609678829740136655 : Checking image 2 crop y1 0
1609678829740201955 : Checking image 2 crop x2 0
1609678829740246955 : Checking image 2 crop y2 0
1609678829740340655 : Checking image 1 dpi 300
1609678829740404255 : Checking image 1 border top 2951
1609678829740438155 : Checking image 1 border bottom 288
1609678829740469155 : Checking image 1 border left 221
1609678829740499855 : Checking image 1 border right 221
1609678829752067149 : Checking image 2 border top 0
1609678829752172649 : Checking image 2 border bottom 0
1609678829752209449 : Checking image 2 border left 0
1609678829752244549 : Checking image 2 border right 0

</system-out><system-err>--------------------------------- Captured Err ---------------------------------

</system-err></testcase><testcase classname="tests.test_images" name="test_failed_split_line_line_algo_3_png" time="14.302"><system-out>--------------------------------- Captured Log ---------------------------------

--------------------------------- Captured Out ---------------------------------
/home/runner/work/ocr-book/ocr-book/tests/failed_split_line_line_algo_3.png
1609678835734786372 : Checking separation double page angle 90.0
1609678835734909572 : Checking separation double page y=0 40
1609678835812426795 : Checking page rotation 1 0.0
1609678836603039525 : Checking page rotation 2 -0.04999999999999689
1609678836981156436 : Checking image 1 crop x1 0
1609678836981242136 : Checking image 1 crop y1 0
1609678836981275936 : Checking image 1 crop x2 0
1609678836981307736 : Checking image 1 crop y2 0
1609678838800388167 : Checking image 2 crop x1 247
1609678838800492467 : Checking image 2 crop y1 153
1609678838800530667 : Checking image 2 crop x2 2260
1609678838800566767 : Checking image 2 crop y2 3360
1609678838800673567 : Checking image 1 border top 0
1609678838800712567 : Checking image 1 border bottom 0
1609678838800746567 : Checking image 1 border left 0
1609678838800780067 : Checking image 1 border right 0
1609678838800824867 : Checking image 2 dpi 300
1609678838800888467 : Checking image 2 border top 144
1609678838800925067 : Checking image 2 border bottom 136
1609678838800959567 : Checking image 2 border left 223
1609678838800993867 : Checking image 2 border right 223

</system-out><system-err>--------------------------------- Captured Err ---------------------------------

</system-err></testcase></testsuite></testsuites>