<?xml version="1.0" encoding="utf-8"?><testsuites><testsuite errors="0" failures="0" hostname="fv-az108-19" name="pytest" skipped="0" tests="36" time="531.659" timestamp="2021-01-03T11:13:21.366719"><testcase classname="tests.test_features" name="test_mock_stop_at_0" time="0.052"><system-out>--------------------------------- Captured Log ---------------------------------

--------------------------------- Captured Out ---------------------------------
/home/runner/work/ocr-book/ocr-book/tests/0001_0.png

</system-out><system-err>--------------------------------- Captured Err ---------------------------------

</system-err></testcase><testcase classname="tests.test_features" name="test_disabled_enable_debug" time="33.033"><system-out>--------------------------------- Captured Log ---------------------------------

--------------------------------- Captured Out ---------------------------------
/home/runner/work/ocr-book/ocr-book/tests/0001_debug.png
separation double page angle 90.5528088189967
separation double page y=0 2485
page rotation 1 0.5499999999999999
page rotation 2 0.2
image 1 crop x1 327
image 1 crop y1 334
image 1 crop x2 2346
image 1 crop y2 3221
image 2 crop x1 169
image 2 crop y1 648
image 2 crop x2 2186
image 2 crop y2 3361
image 1 dpi 300
image 1 border top 332
image 1 border bottom 268
image 1 border left 220
image 1 border right 220
image 2 dpi 300
image 2 border top 643
image 2 border bottom 131
image 2 border left 221
image 2 border right 221

</system-out><system-err>--------------------------------- Captured Err ---------------------------------

</system-err></testcase><testcase classname="tests.test_features" name="test_mock_stop_at_2" time="28.851"><system-out>--------------------------------- Captured Log ---------------------------------

--------------------------------- Captured Out ---------------------------------
/home/runner/work/ocr-book/ocr-book/tests/0001_2.png
separation double page angle 90.5528088189967
separation double page y=0 2485
page rotation 1 0.5499999999999999
page rotation 2 0.2

</system-out><system-err>--------------------------------- Captured Err ---------------------------------

</system-err></testcase><testcase classname="tests.test_features" name="test_mock_stop_at_4" time="31.678"><system-out>--------------------------------- Captured Log ---------------------------------

--------------------------------- Captured Out ---------------------------------
/home/runner/work/ocr-book/ocr-book/tests/0001_4.png
separation double page angle 90.5528088189967
separation double page y=0 2485
page rotation 1 0.5499999999999999
page rotation 2 0.2
image 1 crop x1 327
image 1 crop y1 334
image 1 crop x2 2346
image 1 crop y2 3221
image 2 crop x1 169
image 2 crop y1 648
image 2 crop x2 2186
image 2 crop y2 3361
image 1 dpi 300
image 1 border top 332
image 1 border bottom 268
image 1 border left 220
image 1 border right 220
image 2 dpi 300
image 2 border top 643
image 2 border bottom 131
image 2 border left 221
image 2 border right 221

</system-out><system-err>--------------------------------- Captured Err ---------------------------------

</system-err></testcase><testcase classname="tests.test_features" name="test_mock_stop_at_1" time="25.597"><system-out>--------------------------------- Captured Log ---------------------------------

--------------------------------- Captured Out ---------------------------------
/home/runner/work/ocr-book/ocr-book/tests/0001_1.png
separation double page angle 90.5528088189967
separation double page y=0 2485

</system-out><system-err>--------------------------------- Captured Err ---------------------------------

</system-err></testcase><testcase classname="tests.test_features" name="test_mock_stop_at_3" time="31.993"><system-out>--------------------------------- Captured Log ---------------------------------

--------------------------------- Captured Out ---------------------------------
/home/runner/work/ocr-book/ocr-book/tests/0001_3.png
separation double page angle 90.5528088189967
separation double page y=0 2485
page rotation 1 0.5499999999999999
page rotation 2 0.2
image 1 crop x1 327
image 1 crop y1 334
image 1 crop x2 2346
image 1 crop y2 3221
image 2 crop x1 169
image 2 crop y1 648
image 2 crop x2 2186
image 2 crop y2 3361

</system-out><system-err>--------------------------------- Captured Err ---------------------------------

</system-err></testcase><testcase classname="tests.test_images" name="test_0001_png" time="31.238"><system-out>--------------------------------- Captured Log ---------------------------------

--------------------------------- Captured Out ---------------------------------
/home/runner/work/ocr-book/ocr-book/tests/0001.png
1609672488643705791 : Checking separation double page angle 90.5528088189967
1609672488643841292 : Checking separation double page y=0 2485
1609672489505330627 : Checking page rotation 1 0.5499999999999999
1609672490643362272 : Checking page rotation 2 0.2
1609672492584133606 : Checking image 1 crop x1 327
1609672492584251408 : Checking image 1 crop y1 334
1609672492584289108 : Checking image 1 crop x2 2346
1609672492584322809 : Checking image 1 crop y2 3221
1609672494115847948 : Checking image 2 crop x1 169
1609672494115961750 : Checking image 2 crop y1 648
1609672494116000350 : Checking image 2 crop x2 2186
1609672494116033351 : Checking image 2 crop y2 3361
1609672494116205553 : Checking image 1 dpi 300
1609672494116268954 : Checking image 1 border top 332
1609672494116301954 : Checking image 1 border bottom 268
1609672494116334054 : Checking image 1 border left 220
1609672494116366755 : Checking image 1 border right 220
1609672494118572783 : Checking image 2 dpi 300
1609672494118653084 : Checking image 2 border top 643
1609672494118687684 : Checking image 2 border bottom 131
1609672494118718685 : Checking image 2 border left 221
1609672494118749685 : Checking image 2 border right 221

</system-out><system-err>--------------------------------- Captured Err ---------------------------------

</system-err></testcase><testcase classname="tests.test_features" name="test_mock_stop_at_5" time="32.395"><system-out>--------------------------------- Captured Log ---------------------------------

--------------------------------- Captured Out ---------------------------------
/home/runner/work/ocr-book/ocr-book/tests/0001_5.png
separation double page angle 90.5528088189967
separation double page y=0 2485
page rotation 1 0.5499999999999999
page rotation 2 0.2
image 1 crop x1 327
image 1 crop y1 334
image 1 crop x2 2346
image 1 crop y2 3221
image 2 crop x1 169
image 2 crop y1 648
image 2 crop x2 2186
image 2 crop y2 3361
image 1 dpi 300
image 1 border top 332
image 1 border bottom 268
image 1 border left 220
image 1 border right 220
image 2 dpi 300
image 2 border top 643
image 2 border bottom 131
image 2 border left 221
image 2 border right 221

</system-out><system-err>--------------------------------- Captured Err ---------------------------------

</system-err></testcase><testcase classname="tests.test_images" name="test_black_border_not_removed_png" time="34.091"><system-out>--------------------------------- Captured Log ---------------------------------

--------------------------------- Captured Out ---------------------------------
/home/runner/work/ocr-book/ocr-book/tests/black-border-not-removed.png
1609672521272435868 : Checking separation double page angle 90.033171103531
1609672521273068376 : Checking separation double page y=0 2455
1609672522189168102 : Checking page rotation 1 0.0
1609672523429525874 : Checking page rotation 2 0.05
1609672526012887396 : Checking image 1 crop x1 297
1609672526013003098 : Checking image 1 crop y1 143
1609672526013037698 : Checking image 1 crop x2 2309
1609672526013067399 : Checking image 1 crop y2 3346
1609672528213236686 : Checking image 2 crop x1 157
1609672528213355688 : Checking image 2 crop y1 145
1609672528213392788 : Checking image 2 crop x2 2170
1609672528213427089 : Checking image 2 crop y2 3351
1609672528213592091 : Checking image 1 dpi 300
1609672528213657292 : Checking image 1 border top 132
1609672528213691892 : Checking image 1 border bottom 152
1609672528213723592 : Checking image 1 border left 224
1609672528213753993 : Checking image 1 border right 224
1609672528216120622 : Checking image 2 dpi 300
1609672528216205623 : Checking image 2 border top 134
1609672528216238924 : Checking image 2 border bottom 147
1609672528216269724 : Checking image 2 border left 223
1609672528216300424 : Checking image 2 border right 223

</system-out><system-err>--------------------------------- Captured Err ---------------------------------

</system-err></testcase><testcase classname="tests.test_images" name="test_2_pages_2_contours_png" time="18.080"><system-out>--------------------------------- Captured Log ---------------------------------

--------------------------------- Captured Out ---------------------------------
/home/runner/work/ocr-book/ocr-book/tests/2-pages-2-contours.png
1609672539266485223 : Checking separation double page angle 90.09036871657068
1609672539266603525 : Checking separation double page y=0 2486
1609672539776546178 : Checking page rotation 1 0.0
1609672540691215173 : Checking page rotation 2 0.2
1609672541503400791 : Checking image 1 crop x1 1191
1609672541503498493 : Checking image 1 crop y1 1750
1609672541503529493 : Checking image 1 crop x2 1192
1609672541503557493 : Checking image 1 crop y2 1751
1609672543419534679 : Checking image 2 crop x1 99
1609672543419645280 : Checking image 2 crop y1 240
1609672543419678981 : Checking image 2 crop x2 2147
1609672543419711281 : Checking image 2 crop y2 3240
1609672543419854583 : Checking image 1 dpi 300
1609672543419909883 : Checking image 1 border top 1752
1609672543419941484 : Checking image 1 border bottom 1753
1609672543419969784 : Checking image 1 border left 1239
1609672543419998285 : Checking image 1 border right 1239
1609672543421299401 : Checking image 2 dpi 300
1609672543421374301 : Checking image 2 border top 229
1609672543421405202 : Checking image 2 border bottom 258
1609672543421433802 : Checking image 2 border left 206
1609672543421462503 : Checking image 2 border right 206

</system-out><system-err>--------------------------------- Captured Err ---------------------------------

</system-err></testcase><testcase classname="tests.test_images" name="test_image_failed_to_rotate_png" time="32.996"><system-out>--------------------------------- Captured Log ---------------------------------

--------------------------------- Captured Out ---------------------------------
/home/runner/work/ocr-book/ocr-book/tests/image_failed_to_rotate.png
1609672551193812466 : Checking separation double page angle 90.26767669076624
1609672551193924668 : Checking separation double page y=0 2480
1609672552769198343 : Checking page rotation 1 0.45
1609672553857397404 : Checking page rotation 2 0.2
1609672558709807220 : Checking image 1 crop x1 31
1609672558709933322 : Checking image 1 crop y1 1
1609672558709969222 : Checking image 1 crop x2 2478
1609672558710000722 : Checking image 1 crop y2 3504
1609672561126997168 : Checking image 2 crop x1 169
1609672561127114669 : Checking image 2 crop y1 231
1609672561127148070 : Checking image 2 crop x2 2257
1609672561127179170 : Checking image 2 crop y2 3358
1609672561127339472 : Checking image 1 dpi 300
1609672561127406173 : Checking image 1 border top 2
1609672561127438473 : Checking image 1 border bottom 2
1609672561127466374 : Checking image 1 border left 17
1609672561127494174 : Checking image 1 border right 17
1609672561129457899 : Checking image 2 dpi 300
1609672561129536100 : Checking image 2 border top 218
1609672561129566900 : Checking image 2 border bottom 142
1609672561129595000 : Checking image 2 border left 186
1609672561129622901 : Checking image 2 border right 186

</system-out><system-err>--------------------------------- Captured Err ---------------------------------

</system-err></testcase><testcase classname="tests.test_images" name="test_wrong_split_line_png" time="23.234"><system-out>--------------------------------- Captured Log ---------------------------------

--------------------------------- Captured Out ---------------------------------
/home/runner/work/ocr-book/ocr-book/tests/wrong_split_line.png
1609672561828227810 : Checking separation double page angle 89.93395720607973
1609672561828330011 : Checking separation double page y=0 2465
1609672562640125931 : Checking page rotation 1 -0.04999999999999689
1609672563460947564 : Checking page rotation 2 0.5499999999999999
1609672564699565806 : Checking image 1 crop x1 211
1609672564699681007 : Checking image 1 crop y1 156
1609672564699717708 : Checking image 1 crop x2 2323
1609672564699752008 : Checking image 1 crop y2 3363
1609672566651953345 : Checking image 2 crop x1 125
1609672566652072847 : Checking image 2 crop y1 166
1609672566652109747 : Checking image 2 crop x2 2236
1609672566652143448 : Checking image 2 crop y2 3373
1609672566652307550 : Checking image 1 dpi 300
1609672566652372551 : Checking image 1 border top 134
1609672566652406851 : Checking image 1 border bottom 146
1609672566652438151 : Checking image 1 border left 174
1609672566652469252 : Checking image 1 border right 174
1609672566654510477 : Checking image 2 dpi 300
1609672566654595978 : Checking image 2 border top 146
1609672566654628679 : Checking image 2 border bottom 134
1609672566654659579 : Checking image 2 border left 174
1609672566654690480 : Checking image 2 border right 174

</system-out><system-err>--------------------------------- Captured Err ---------------------------------

</system-err></testcase><testcase classname="tests.test_images" name="test_image_failed_to_crop_data_png" time="42.631"><system-out>--------------------------------- Captured Log ---------------------------------

--------------------------------- Captured Out ---------------------------------
/home/runner/work/ocr-book/ocr-book/tests/image_failed_to_crop_data.png
1609672587814444825 : Checking separation double page angle 90.053197600644
1609672587814558927 : Checking separation double page y=0 2480
1609672591640109036 : Checking page rotation 1 0.15000000000000002
1609672592590172185 : Checking page rotation 2 0.0
1609672601189797891 : Checking image 1 crop x1 51
1609672601189915792 : Checking image 1 crop y1 7
1609672601189953593 : Checking image 1 crop x2 2478
1609672601189988393 : Checking image 1 crop y2 3505
1609672603792774541 : Checking image 2 crop x1 160
1609672603792889343 : Checking image 2 crop y1 217
1609672603792925943 : Checking image 2 crop x2 2242
1609672603792960444 : Checking image 2 crop y2 3350
1609672603793129446 : Checking image 1 dpi 300
1609672603793199147 : Checking image 1 border top 5
1609672603793233447 : Checking image 1 border bottom 5
1609672603793264747 : Checking image 1 border left 27
1609672603793295348 : Checking image 1 border right 27
1609672603795319473 : Checking image 2 dpi 300
1609672603795398574 : Checking image 2 border top 206
1609672603795431174 : Checking image 2 border bottom 148
1609672603795461975 : Checking image 2 border left 189
1609672603795492175 : Checking image 2 border right 189

</system-out><system-err>--------------------------------- Captured Err ---------------------------------

</system-err></testcase><testcase classname="tests.test_images" name="test_crop_too_much_png" time="41.431"><system-out>--------------------------------- Captured Log ---------------------------------

--------------------------------- Captured Out ---------------------------------
/home/runner/work/ocr-book/ocr-book/tests/crop_too_much.png
1609672601326875900 : Checking separation double page angle 90.13239409272954
1609672601326985601 : Checking separation double page y=0 2455
1609672602917383328 : Checking page rotation 1 0.0
1609672604207502912 : Checking page rotation 2 0.2
1609672606488619150 : Checking image 1 crop x1 303
1609672606488741851 : Checking image 1 crop y1 148
1609672606488778652 : Checking image 1 crop x2 2313
1609672606488811152 : Checking image 1 crop y2 3351
1609672608070171543 : Checking image 2 crop x1 162
1609672608070289744 : Checking image 2 crop y1 151
1609672608070326344 : Checking image 2 crop x2 2186
1609672608070360445 : Checking image 2 crop y2 3363
1609672608070550747 : Checking image 1 dpi 300
1609672608070615548 : Checking image 1 border top 132
1609672608070650348 : Checking image 1 border bottom 152
1609672608070682249 : Checking image 1 border left 225
1609672608070713349 : Checking image 1 border right 225
1609672608072803575 : Checking image 2 dpi 300
1609672608072880976 : Checking image 2 border top 132
1609672608072913477 : Checking image 2 border bottom 143
1609672608072944477 : Checking image 2 border left 218
1609672608072975677 : Checking image 2 border right 218

</system-out><system-err>--------------------------------- Captured Err ---------------------------------

</system-err></testcase><testcase classname="tests.test_images" name="test_wrong_angle_split_line_png" time="29.366"><system-out>--------------------------------- Captured Log ---------------------------------

--------------------------------- Captured Out ---------------------------------
/home/runner/work/ocr-book/ocr-book/tests/wrong_angle_split_line.png
1609672621620190921 : Checking separation double page angle 90.09193420006348
1609672621620290722 : Checking separation double page y=0 2478
1609672622758618495 : Checking page rotation 1 0.1
1609672623639714465 : Checking page rotation 2 0.1
1609672628420893391 : Checking image 1 crop x1 58
1609672628421013192 : Checking image 1 crop y1 6
1609672628421050993 : Checking image 1 crop x2 2476
1609672628421086193 : Checking image 1 crop y2 3501
1609672632563161986 : Checking image 2 crop x1 166
1609672632563285888 : Checking image 2 crop y1 218
1609672632563322688 : Checking image 2 crop x2 2244
1609672632563356789 : Checking image 2 crop y2 3349
1609672632563536191 : Checking image 1 dpi 300
1609672632563611392 : Checking image 1 border top 6
1609672632563644392 : Checking image 1 border bottom 6
1609672632563675593 : Checking image 1 border left 31
1609672632563706193 : Checking image 1 border right 31
1609672632571042886 : Checking image 2 dpi 300
1609672632571145788 : Checking image 2 border top 207
1609672632571178988 : Checking image 2 border bottom 149
1609672632571210188 : Checking image 2 border left 191
1609672632571240889 : Checking image 2 border right 191

</system-out><system-err>--------------------------------- Captured Err ---------------------------------

</system-err></testcase><testcase classname="tests.test_images" name="test_crop_too_few_png" time="24.706"><system-out>--------------------------------- Captured Log ---------------------------------

--------------------------------- Captured Out ---------------------------------
/home/runner/work/ocr-book/ocr-book/tests/crop_too_few.png
1609672627531167114 : Checking separation double page angle 89.54670238452755
1609672627531272615 : Checking separation double page y=0 2512
1609672628405369898 : Checking page rotation 1 -0.6000000000000009
1609672629375420375 : Checking page rotation 2 0.0
1609672631042069048 : Checking image 1 crop x1 263
1609672631042187050 : Checking image 1 crop y1 150
1609672631042221950 : Checking image 1 crop x2 2379
1609672631042252251 : Checking image 1 crop y2 3358
1609672632800118199 : Checking image 2 crop x1 137
1609672632800231000 : Checking image 2 crop y1 141
1609672632800264700 : Checking image 2 crop x2 2259
1609672632800296501 : Checking image 2 crop y2 3345
1609672632800461903 : Checking image 1 dpi 300
1609672632800521604 : Checking image 1 border top 130
1609672632800553204 : Checking image 1 border bottom 149
1609672632800581804 : Checking image 1 border left 172
1609672632800610005 : Checking image 1 border right 172
1609672632802656431 : Checking image 2 dpi 300
1609672632802738032 : Checking image 2 border top 130
1609672632802768132 : Checking image 2 border bottom 153
1609672632802797633 : Checking image 2 border left 169
1609672632802826233 : Checking image 2 border right 169

</system-out><system-err>--------------------------------- Captured Err ---------------------------------

</system-err></testcase><testcase classname="tests.test_images" name="test_crop_too_much_2_png" time="48.390"><system-out>--------------------------------- Captured Log ---------------------------------

--------------------------------- Captured Out ---------------------------------
/home/runner/work/ocr-book/ocr-book/tests/crop_too_much_2.png
1609672673711258800 : Checking separation double page angle 90.1149074900787
1609672673711370102 : Checking separation double page y=0 2478
1609672675008169905 : Checking page rotation 1 0.15000000000000002
1609672676412295549 : Checking page rotation 2 0.2
1609672678351068673 : Checking image 1 crop x1 330
1609672678351191774 : Checking image 1 crop y1 132
1609672678351228775 : Checking image 1 crop x2 2342
1609672678351261475 : Checking image 1 crop y2 3335
1609672681161225044 : Checking image 2 crop x1 162
1609672681161344845 : Checking image 2 crop y1 139
1609672681161381346 : Checking image 2 crop x2 2175
1609672681161415446 : Checking image 2 crop y2 3345
1609672681161594749 : Checking image 1 dpi 300
1609672681161660749 : Checking image 1 border top 122
1609672681161694150 : Checking image 1 border bottom 162
1609672681161726150 : Checking image 1 border left 224
1609672681161756951 : Checking image 1 border right 224
1609672681163912477 : Checking image 2 dpi 300
1609672681163998579 : Checking image 2 border top 130
1609672681164032279 : Checking image 2 border bottom 151
1609672681164064079 : Checking image 2 border left 223
1609672681164094680 : Checking image 2 border right 223

</system-out><system-err>--------------------------------- Captured Err ---------------------------------

</system-err></testcase><testcase classname="tests.test_images" name="test_angle_page_lower_split_line_png" time="30.440"><system-out>--------------------------------- Captured Log ---------------------------------

--------------------------------- Captured Out ---------------------------------
/home/runner/work/ocr-book/ocr-book/tests/angle_page_lower_split_line.png
1609672657363026735 : Checking separation double page angle 89.74927707086691
1609672657363141336 : Checking separation double page y=0 2474
1609672658601877578 : Checking page rotation 1 -0.14999999999999067
1609672659747080254 : Checking page rotation 2 0.1
1609672661788390000 : Checking image 1 crop x1 241
1609672661788508702 : Checking image 1 crop y1 156
1609672661788545502 : Checking image 1 crop x2 2357
1609672661788579803 : Checking image 1 crop y2 3368
1609672663664587763 : Checking image 2 crop x1 149
1609672663664706864 : Checking image 2 crop y1 146
1609672663664743665 : Checking image 2 crop x2 2259
1609672663664778265 : Checking image 2 crop y2 3351
1609672663664951967 : Checking image 1 dpi 300
1609672663665017168 : Checking image 1 border top 140
1609672663665050569 : Checking image 1 border bottom 135
1609672663665081469 : Checking image 1 border left 172
1609672663665112669 : Checking image 1 border right 172
1609672663667151195 : Checking image 2 dpi 300
1609672663667233996 : Checking image 2 border top 129
1609672663667266196 : Checking image 2 border bottom 152
1609672663667297397 : Checking image 2 border left 175
1609672663667328697 : Checking image 2 border right 175

</system-out><system-err>--------------------------------- Captured Err ---------------------------------

</system-err></testcase><testcase classname="tests.test_images" name="test_wrong_wave_split_line_png" time="44.848"><system-out>--------------------------------- Captured Log ---------------------------------

--------------------------------- Captured Out ---------------------------------
/home/runner/work/ocr-book/ocr-book/tests/wrong_wave_split_line.png
1609672696496006475 : Checking separation double page angle 90.37878604107719
1609672696496119877 : Checking separation double page y=0 2500
1609672697598307958 : Checking page rotation 1 -0.14999999999999067
1609672698753200903 : Checking page rotation 2 0.9
1609672703924073509 : Checking image 1 crop x1 385
1609672703924197210 : Checking image 1 crop y1 179
1609672703924232911 : Checking image 1 crop x2 2411
1609672703924265311 : Checking image 1 crop y2 3374
1609672708502808364 : Checking image 2 crop x1 17
1609672708502944266 : Checking image 2 crop y1 8
1609672708502983466 : Checking image 2 crop x2 2399
1609672708503017767 : Checking image 2 crop y2 3391
1609672708503180669 : Checking image 1 dpi 300
1609672708503251369 : Checking image 1 border top 173
1609672708503284070 : Checking image 1 border bottom 119
1609672708503315070 : Checking image 1 border left 217
1609672708503346271 : Checking image 1 border right 217
1609672708505318595 : Checking image 2 dpi 300
1609672708505403096 : Checking image 2 border top 0
1609672708505438397 : Checking image 2 border bottom 114
1609672708505469497 : Checking image 2 border left 49
1609672708505500597 : Checking image 2 border right 49

</system-out><system-err>--------------------------------- Captured Err ---------------------------------

</system-err></testcase><testcase classname="tests.test_images" name="test_wrong_split_line_2_png" time="45.835"><system-out>--------------------------------- Captured Log ---------------------------------

--------------------------------- Captured Out ---------------------------------
/home/runner/work/ocr-book/ocr-book/tests/wrong_split_line_2.png
1609672715315086645 : Checking separation double page angle 90.19944704411863
1609672715315204247 : Checking separation double page y=0 2437
1609672716760636890 : Checking page rotation 1 0.2
1609672718045889934 : Checking page rotation 2 0.2
1609672721636324998 : Checking image 1 crop x1 294
1609672721636444799 : Checking image 1 crop y1 136
1609672721636480100 : Checking image 1 crop x2 2325
1609672721636513400 : Checking image 1 crop y2 3376
1609672727010735270 : Checking image 2 crop x1 136
1609672727010848172 : Checking image 2 crop y1 190
1609672727010884772 : Checking image 2 crop x2 2172
1609672727010919073 : Checking image 2 crop y2 3389
1609672727011081575 : Checking image 1 dpi 300
1609672727011150276 : Checking image 1 border top 131
1609672727011183976 : Checking image 1 border bottom 116
1609672727011215076 : Checking image 1 border left 214
1609672727011246177 : Checking image 1 border right 214
1609672727013195501 : Checking image 2 dpi 300
1609672727013273202 : Checking image 2 border top 181
1609672727013306203 : Checking image 2 border bottom 107
1609672727013336303 : Checking image 2 border left 212
1609672727013367303 : Checking image 2 border right 212

</system-out><system-err>--------------------------------- Captured Err ---------------------------------

</system-err></testcase><testcase classname="tests.test_images" name="test_no_split_line_line_algo_png" time="28.136"><system-out>--------------------------------- Captured Log ---------------------------------

--------------------------------- Captured Out ---------------------------------
/home/runner/work/ocr-book/ocr-book/tests/no_split_line_line_algo.png
1609672729897361321 : Checking separation double page angle 89.47691469185418
1609672729897478722 : Checking separation double page y=0 2476
1609672730741396733 : Checking page rotation 1 -0.14999999999999067
1609672732013996982 : Checking page rotation 2 -0.14999999999999067
1609672733299262588 : Checking image 1 crop x1 205
1609672733299382090 : Checking image 1 crop y1 158
1609672733299418590 : Checking image 1 crop x2 2320
1609672733299452991 : Checking image 1 crop y2 3366
1609672736656136147 : Checking image 2 crop x1 185
1609672736656261248 : Checking image 2 crop y1 225
1609672736656297449 : Checking image 2 crop x2 2204
1609672736656331449 : Checking image 2 crop y2 3362
1609672736656508151 : Checking image 1 dpi 300
1609672736656576852 : Checking image 1 border top 144
1609672736656609153 : Checking image 1 border bottom 134
1609672736656640853 : Checking image 1 border left 172
1609672736656671553 : Checking image 1 border right 172
1609672736658756879 : Checking image 2 dpi 300
1609672736658838980 : Checking image 2 border top 223
1609672736658874481 : Checking image 2 border bottom 127
1609672736658905181 : Checking image 2 border left 220
1609672736658935482 : Checking image 2 border right 220

</system-out><system-err>--------------------------------- Captured Err ---------------------------------

</system-err></testcase><testcase classname="tests.test_images" name="test_small_wave_png" time="41.311"><system-out>--------------------------------- Captured Log ---------------------------------

--------------------------------- Captured Out ---------------------------------
/home/runner/work/ocr-book/ocr-book/tests/small_wave.png
1609672763419181684 : Checking separation double page angle 90.58816928841564
1609672763419293885 : Checking separation double page y=0 2497
1609672764831446906 : Checking page rotation 1 0.65
1609672766010934324 : Checking page rotation 2 0.65
1609672767123065101 : Checking image 1 crop x1 320
1609672767123183503 : Checking image 1 crop y1 199
1609672767123220903 : Checking image 1 crop x2 2353
1609672767123253004 : Checking image 1 crop y2 3394
1609672768322707673 : Checking image 2 crop x1 130
1609672768322827075 : Checking image 2 crop y1 222
1609672768322864975 : Checking image 2 crop x2 2163
1609672768322899576 : Checking image 2 crop y2 3420
1609672768323061278 : Checking image 1 dpi 300
1609672768323127778 : Checking image 1 border top 179
1609672768323162279 : Checking image 1 border bottom 112
1609672768323194079 : Checking image 1 border left 213
1609672768323224880 : Checking image 1 border right 213
1609672768325284305 : Checking image 2 dpi 300
1609672768325365106 : Checking image 2 border top 197
1609672768325397407 : Checking image 2 border bottom 92
1609672768325428207 : Checking image 2 border left 213
1609672768325459608 : Checking image 2 border right 213

</system-out><system-err>--------------------------------- Captured Err ---------------------------------

</system-err></testcase><testcase classname="tests.test_images" name="test_failed_split_line_line_algo_png" time="14.215"><system-out>--------------------------------- Captured Log ---------------------------------

--------------------------------- Captured Out ---------------------------------
/home/runner/work/ocr-book/ocr-book/tests/failed_split_line_line_algo.png
1609672747331985683 : Checking separation double page angle 90.04134220573248
1609672747332097884 : Checking separation double page y=0 2573
1609672747954277729 : Checking page rotation 1 -0.09999999999999377
1609672748469608343 : Checking page rotation 2 0.1
1609672750049963314 : Checking image 1 crop x1 408
1609672750050081015 : Checking image 1 crop y1 2926
1609672750050115215 : Checking image 1 crop x2 2420
1609672750050146316 : Checking image 1 crop y2 3173
1609672750896215447 : Checking image 2 crop x1 1184
1609672750896317748 : Checking image 2 crop y1 1745
1609672750896348148 : Checking image 2 crop x2 1185
1609672750896375849 : Checking image 2 crop y2 1746
1609672750896506750 : Checking image 1 dpi 300
1609672750896576651 : Checking image 1 border top 2922
1609672750896606352 : Checking image 1 border bottom 318
1609672750896635152 : Checking image 1 border left 224
1609672750896663552 : Checking image 1 border right 224
1609672750898133871 : Checking image 2 dpi 300
1609672750898198971 : Checking image 2 border top 1753
1609672750898228972 : Checking image 2 border bottom 1753
1609672750898257372 : Checking image 2 border left 1239
1609672750898285873 : Checking image 2 border right 1239

</system-out><system-err>--------------------------------- Captured Err ---------------------------------

</system-err></testcase><testcase classname="tests.test_images" name="test_failed_split_line_line_algo_2_png" time="33.626"><system-out>--------------------------------- Captured Log ---------------------------------

--------------------------------- Captured Out ---------------------------------
/home/runner/work/ocr-book/ocr-book/tests/failed_split_line_line_algo_2.png
1609672779587582766 : Checking separation double page angle 90.03068774449687
1609672779587697267 : Checking separation double page y=0 2500
1609672780798382278 : Checking page rotation 1 0.05
1609672781842864414 : Checking page rotation 2 0.5499999999999999
1609672783178035178 : Checking image 1 crop x1 271
1609672783178158979 : Checking image 1 crop y1 149
1609672783178195880 : Checking image 1 crop x2 2382
1609672783178228280 : Checking image 1 crop y2 3354
1609672784491923349 : Checking image 2 crop x1 120
1609672784492041750 : Checking image 2 crop y1 155
1609672784492077651 : Checking image 2 crop x2 2244
1609672784492111851 : Checking image 2 crop y2 3350
1609672784492287254 : Checking image 1 dpi 300
1609672784492359254 : Checking image 1 border top 141
1609672784492391655 : Checking image 1 border bottom 141
1609672784492423355 : Checking image 1 border left 174
1609672784492454256 : Checking image 1 border right 174
1609672784494570482 : Checking image 2 dpi 300
1609672784494656583 : Checking image 2 border top 140
1609672784494690283 : Checking image 2 border bottom 152
1609672784494721284 : Checking image 2 border left 168
1609672784494751484 : Checking image 2 border right 168

</system-out><system-err>--------------------------------- Captured Err ---------------------------------

</system-err></testcase><testcase classname="tests.test_images" name="test_wrong_split_line_3_png" time="30.802"><system-out>--------------------------------- Captured Log ---------------------------------

--------------------------------- Captured Out ---------------------------------
/home/runner/work/ocr-book/ocr-book/tests/wrong_split_line_3.png
1609672794058978586 : Checking separation double page angle 90.43729500214694
1609672794059084587 : Checking separation double page y=0 2498
1609672795219664860 : Checking page rotation 1 0.2
1609672796184220088 : Checking page rotation 2 0.85
1609672797613607013 : Checking image 1 crop x1 331
1609672797613723314 : Checking image 1 crop y1 166
1609672797613758514 : Checking image 1 crop x2 2377
1609672797613789115 : Checking image 1 crop y2 3375
1609672799144105198 : Checking image 2 crop x1 102
1609672799144217799 : Checking image 2 crop y1 207
1609672799144254200 : Checking image 2 crop x2 2135
1609672799144288400 : Checking image 2 crop y2 3414
1609672799144449002 : Checking image 1 dpi 300
1609672799144513503 : Checking image 1 border top 158
1609672799144547604 : Checking image 1 border bottom 120
1609672799144579304 : Checking image 1 border left 207
1609672799144610104 : Checking image 1 border right 207
1609672799146811732 : Checking image 2 dpi 300
1609672799146903733 : Checking image 2 border top 186
1609672799146936833 : Checking image 2 border bottom 94
1609672799146967834 : Checking image 2 border left 213
1609672799146999534 : Checking image 2 border right 213

</system-out><system-err>--------------------------------- Captured Err ---------------------------------

</system-err></testcase><testcase classname="tests.test_images" name="test_crop_too_much_3_png" time="35.356"><system-out>--------------------------------- Captured Log ---------------------------------

--------------------------------- Captured Out ---------------------------------
/home/runner/work/ocr-book/ocr-book/tests/crop_too_much_3.png
1609672813776392197 : Checking separation double page angle 89.49330634783144
1609672813776507698 : Checking separation double page y=0 2498
1609672814747528895 : Checking page rotation 1 -0.8999999999999949
1609672816054618577 : Checking page rotation 2 -0.14999999999999067
1609672817960770378 : Checking image 1 crop x1 374
1609672817960892577 : Checking image 1 crop y1 258
1609672817960928476 : Checking image 1 crop x2 2385
1609672817960961076 : Checking image 1 crop y2 3459
1609672819855031329 : Checking image 2 crop x1 168
1609672819855153330 : Checking image 2 crop y1 228
1609672819855191431 : Checking image 2 crop x2 2181
1609672819855226231 : Checking image 2 crop y2 3417
1609672819855399933 : Checking image 1 dpi 300
1609672819855470834 : Checking image 1 border top 239
1609672819855503735 : Checking image 1 border bottom 47
1609672819855536135 : Checking image 1 border left 224
1609672819855567136 : Checking image 1 border right 224
1609672819857626561 : Checking image 2 dpi 300
1609672819857707462 : Checking image 2 border top 209
1609672819857741263 : Checking image 2 border bottom 89
1609672819857772363 : Checking image 2 border left 223
1609672819857803263 : Checking image 2 border right 223

</system-out><system-err>--------------------------------- Captured Err ---------------------------------

</system-err></testcase><testcase classname="tests.test_images" name="test_wrong_wave_split_line_2_png" time="36.973"><system-out>--------------------------------- Captured Log ---------------------------------

--------------------------------- Captured Out ---------------------------------
/home/runner/work/ocr-book/ocr-book/tests/wrong_wave_split_line_2.png
1609672830100960093 : Checking separation double page angle 90.7708958311329
1609672830101068795 : Checking separation double page y=0 2490
1609672831220233062 : Checking page rotation 1 0.2
1609672832362354964 : Checking page rotation 2 1.65
1609672833703205198 : Checking image 1 crop x1 227
1609672833703318200 : Checking image 1 crop y1 147
1609672833703353300 : Checking image 1 crop x2 2342
1609672833703385600 : Checking image 1 crop y2 3353
1609672836112476678 : Checking image 2 crop x1 106
1609672836112598779 : Checking image 2 crop y1 195
1609672836112635480 : Checking image 2 crop x2 2231
1609672836112670280 : Checking image 2 crop y2 3398
1609672836112826382 : Checking image 1 dpi 300
1609672836112889783 : Checking image 1 border top 136
1609672836112923783 : Checking image 1 border bottom 145
1609672836112954784 : Checking image 1 border left 172
1609672836112985584 : Checking image 1 border right 172
1609672836115119910 : Checking image 2 dpi 300
1609672836115203412 : Checking image 2 border top 165
1609672836115235712 : Checking image 2 border bottom 118
1609672836115266712 : Checking image 2 border left 167
1609672836115297213 : Checking image 2 border right 167

</system-out><system-err>--------------------------------- Captured Err ---------------------------------

</system-err></testcase><testcase classname="tests.test_images" name="test_wrong_wave_split_line_3_png" time="31.505"><system-out>--------------------------------- Captured Log ---------------------------------

--------------------------------- Captured Out ---------------------------------
/home/runner/work/ocr-book/ocr-book/tests/wrong_wave_split_line_3.png
1609672846347447132 : Checking separation double page angle 90.05826063695574
1609672846347558933 : Checking separation double page y=0 2514
1609672847570020341 : Checking page rotation 1 0.0
1609672848536275963 : Checking page rotation 2 0.2
1609672850139363916 : Checking image 1 crop x1 274
1609672850139484116 : Checking image 1 crop y1 221
1609672850139521217 : Checking image 1 crop x2 2383
1609672850139554317 : Checking image 1 crop y2 3422
1609672851378920726 : Checking image 2 crop x1 112
1609672851379041127 : Checking image 2 crop y1 225
1609672851379077927 : Checking image 2 crop x2 2238
1609672851379112027 : Checking image 2 crop y2 3415
1609672851379288529 : Checking image 1 dpi 300
1609672851379359629 : Checking image 1 border top 201
1609672851379397729 : Checking image 1 border bottom 85
1609672851379428830 : Checking image 1 border left 175
1609672851379459930 : Checking image 1 border right 175
1609672851381525545 : Checking image 2 dpi 300
1609672851381603345 : Checking image 2 border top 207
1609672851381636546 : Checking image 2 border bottom 90
1609672851381666946 : Checking image 2 border left 167
1609672851381697746 : Checking image 2 border right 167

</system-out><system-err>--------------------------------- Captured Err ---------------------------------

</system-err></testcase><testcase classname="tests.test_images" name="test_no_split_line_wave_algo_png" time="43.084"><system-out>--------------------------------- Captured Log ---------------------------------

--------------------------------- Captured Out ---------------------------------
/home/runner/work/ocr-book/ocr-book/tests/no_split_line_wave_algo.png
1609672862203390363 : Checking separation double page angle 89.72500000000001
1609672862203493764 : Checking separation double page y=0 2484
1609672864693358778 : Checking page rotation 1 0.0
1609672865815161052 : Checking page rotation 2 -0.44999999999999746
1609672873247047303 : Checking image 1 crop x1 97
1609672873247147704 : Checking image 1 crop y1 79
1609672873247182304 : Checking image 1 crop x2 2494
1609672873247215805 : Checking image 1 crop y2 3505
1609672879163430573 : Checking image 2 crop x1 163
1609672879163544874 : Checking image 2 crop y1 267
1609672879163583074 : Checking image 2 crop x2 2238
1609672879163616275 : Checking image 2 crop y2 3380
1609672879163780576 : Checking image 1 dpi 300
1609672879163853177 : Checking image 1 border top 41
1609672879163888177 : Checking image 1 border bottom 41
1609672879163919677 : Checking image 1 border left 42
1609672879163950778 : Checking image 1 border right 42
1609672879165965695 : Checking image 2 dpi 300
1609672879166045096 : Checking image 2 border top 255
1609672879166078096 : Checking image 2 border bottom 119
1609672879166108597 : Checking image 2 border left 192
1609672879166139397 : Checking image 2 border right 192

</system-out><system-err>--------------------------------- Captured Err ---------------------------------

</system-err></testcase><testcase classname="tests.test_images" name="test_no_split_line_wave_algo_2_png" time="27.503"><system-out>--------------------------------- Captured Log ---------------------------------

--------------------------------- Captured Out ---------------------------------
/home/runner/work/ocr-book/ocr-book/tests/no_split_line_wave_algo_2.png
1609672874316602380 : Checking separation double page angle 90.54999999999998
1609672874316716381 : Checking separation double page y=0 2478
1609672875230316810 : Checking page rotation 1 1.0999999999999999
1609672876310385011 : Checking page rotation 2 0.2
1609672877711188414 : Checking image 1 crop x1 266
1609672877711304816 : Checking image 1 crop y1 210
1609672877711338916 : Checking image 1 crop x2 2342
1609672877711369417 : Checking image 1 crop y2 3413
1609672878882721109 : Checking image 2 crop x1 168
1609672878882839210 : Checking image 2 crop y1 241
1609672878882873110 : Checking image 2 crop x2 2251
1609672878882904911 : Checking image 2 crop y2 3433
1609672878883071412 : Checking image 1 dpi 300
1609672878883137213 : Checking image 1 border top 192
1609672878883167413 : Checking image 1 border bottom 91
1609672878883195713 : Checking image 1 border left 192
1609672878883224113 : Checking image 1 border right 192
1609672878885158030 : Checking image 2 dpi 300
1609672878885235931 : Checking image 2 border top 224
1609672878885267431 : Checking image 2 border bottom 71
1609672878885296132 : Checking image 2 border left 188
1609672878885324432 : Checking image 2 border right 188

</system-out><system-err>--------------------------------- Captured Err ---------------------------------

</system-err></testcase><testcase classname="tests.test_images" name="test_failed_detect_rectangle_png" time="33.852"><system-out>--------------------------------- Captured Log ---------------------------------

--------------------------------- Captured Out ---------------------------------
/home/runner/work/ocr-book/ocr-book/tests/failed_detect_rectangle.png
1609672907804615271 : Checking separation double page angle 90.19837516213148
1609672907804730372 : Checking separation double page y=0 2474
1609672908956305608 : Checking page rotation 1 0.2
1609672910155927021 : Checking page rotation 2 0.15000000000000002
1609672911287622118 : Checking image 1 crop x1 257
1609672911287741120 : Checking image 1 crop y1 201
1609672911287778121 : Checking image 1 crop x2 2333
1609672911287811421 : Checking image 1 crop y2 3402
1609672912729072329 : Checking image 2 crop x1 135
1609672912729188831 : Checking image 2 crop y1 214
1609672912729224331 : Checking image 2 crop x2 2219
1609672912729258032 : Checking image 2 crop y2 3406
1609672912729424035 : Checking image 1 dpi 300
1609672912729489836 : Checking image 1 border top 188
1609672912729522236 : Checking image 1 border bottom 97
1609672912729553237 : Checking image 1 border left 192
1609672912729583337 : Checking image 1 border right 192
1609672912731568571 : Checking image 2 dpi 300
1609672912731651172 : Checking image 2 border top 202
1609672912731685073 : Checking image 2 border bottom 93
1609672912731716673 : Checking image 2 border left 188
1609672912731746974 : Checking image 2 border right 188

</system-out><system-err>--------------------------------- Captured Err ---------------------------------

</system-err></testcase><testcase classname="tests.test_images" name="test_crop_too_few_2_png" time="28.181"><system-out>--------------------------------- Captured Log ---------------------------------

--------------------------------- Captured Out ---------------------------------
/home/runner/work/ocr-book/ocr-book/tests/crop_too_few_2.png
1609672902254319519 : Checking separation double page angle 90.30476192320097
1609672902254433320 : Checking separation double page y=0 2531
1609672903121051877 : Checking page rotation 1 1.0999999999999999
1609672904093176648 : Checking page rotation 2 -0.04999999999999689
1609672905589092386 : Checking image 1 crop x1 289
1609672905589200187 : Checking image 1 crop y1 165
1609672905589232287 : Checking image 1 crop x2 2400
1609672905589262987 : Checking image 1 crop y2 3367
1609672907402753218 : Checking image 2 crop x1 149
1609672907402866918 : Checking image 2 crop y1 189
1609672907402902519 : Checking image 2 crop x2 2273
1609672907402936919 : Checking image 2 crop y2 3386
1609672907403094520 : Checking image 1 dpi 300
1609672907403157821 : Checking image 1 border top 157
1609672907403191321 : Checking image 1 border bottom 128
1609672907403222521 : Checking image 1 border left 174
1609672907403252821 : Checking image 1 border right 174
1609672907405206037 : Checking image 2 dpi 300
1609672907405281437 : Checking image 2 border top 181
1609672907405316738 : Checking image 2 border bottom 109
1609672907405347338 : Checking image 2 border left 168
1609672907405378438 : Checking image 2 border right 168

</system-out><system-err>--------------------------------- Captured Err ---------------------------------

</system-err></testcase><testcase classname="tests.test_images" name="test_no_split_line_wave_algo_3_png" time="8.060"><system-out>--------------------------------- Captured Log ---------------------------------

--------------------------------- Captured Out ---------------------------------
/home/runner/work/ocr-book/ocr-book/tests/no_split_line_wave_algo_3.png
1609672913698070137 : Checking separation double page angle 90.14999999999998
1609672913698192039 : Checking separation double page y=0 2408
1609672914398996261 : Checking page rotation 1 -0.09999999999999377
1609672914493171836 : Checking page rotation 2 0.0
1609672915113147306 : Checking image 1 crop x1 182
1609672915113235008 : Checking image 1 crop y1 2955
1609672915113267608 : Checking image 1 crop x2 2199
1609672915113297809 : Checking image 1 crop y2 3203
1609672915439238061 : Checking image 2 crop x1 0
1609672915439317162 : Checking image 2 crop y1 0
1609672915439345062 : Checking image 2 crop x2 0
1609672915439372163 : Checking image 2 crop y2 0
1609672915439431264 : Checking image 1 dpi 300
1609672915439485365 : Checking image 1 border top 2951
1609672915439515365 : Checking image 1 border bottom 288
1609672915439544266 : Checking image 1 border left 221
1609672915439572366 : Checking image 1 border right 221
1609672915443969340 : Checking image 2 border top 0
1609672915444030841 : Checking image 2 border bottom 0
1609672915444058041 : Checking image 2 border left 0
1609672915444085842 : Checking image 2 border right 0

</system-out><system-err>--------------------------------- Captured Err ---------------------------------

</system-err></testcase><testcase classname="tests.test_images" name="test_single_page_png" time="5.682"><system-out>--------------------------------- Captured Log ---------------------------------

--------------------------------- Captured Out ---------------------------------
/home/runner/work/ocr-book/ocr-book/tests/single_page.png
1609672915843430021 : Checking separation double page angle 90.04999999999998
1609672915843560824 : Checking separation double page y=0 2476
1609672916632487820 : Checking page rotation 1 0.0
1609672916714912098 : Checking page rotation 2 0.0
1609672918024547321 : Checking image 1 crop x1 1
1609672918024642422 : Checking image 1 crop y1 8
1609672918024675022 : Checking image 1 crop x2 2470
1609672918024705623 : Checking image 1 crop y2 3505
1609672918136792789 : Checking image 2 crop x1 0
1609672918136877990 : Checking image 2 crop y1 0
1609672918136906190 : Checking image 2 crop x2 0
1609672918136933090 : Checking image 2 crop y2 0
1609672918136991191 : Checking image 1 dpi 300
1609672918137049691 : Checking image 1 border top 5
1609672918137079791 : Checking image 1 border bottom 5
1609672918137107992 : Checking image 1 border left 6
1609672918137135592 : Checking image 1 border right 6
1609672918143257145 : Checking image 2 border top 0
1609672918143330345 : Checking image 2 border bottom 0
1609672918143359046 : Checking image 2 border left 0
1609672918143386946 : Checking image 2 border right 0

</system-out><system-err>--------------------------------- Captured Err ---------------------------------

</system-err></testcase><testcase classname="tests.test_images" name="test_wrong_split_line_4_png" time="15.662"><system-out>--------------------------------- Captured Log ---------------------------------

--------------------------------- Captured Out ---------------------------------
/home/runner/work/ocr-book/ocr-book/tests/wrong_split_line_4.png
1609672927923600787 : Checking separation double page angle 91.04999999999998
1609672927923700490 : Checking separation double page y=0 60
1609672928002752063 : Checking page rotation 1 1.0
1609672928875415652 : Checking page rotation 2 1.05
1609672929287400438 : Checking image 1 crop x1 0
1609672929287490341 : Checking image 1 crop y1 0
1609672929287518041 : Checking image 1 crop x2 0
1609672929287544342 : Checking image 1 crop y2 0
1609672931164509726 : Checking image 2 crop x1 291
1609672931164627727 : Checking image 2 crop y1 330
1609672931164664528 : Checking image 2 crop x2 2316
1609672931164699728 : Checking image 2 crop y2 3217
1609672931164862230 : Checking image 1 border top 0
1609672931164902230 : Checking image 1 border bottom 0
1609672931164936131 : Checking image 1 border left 0
1609672931164967931 : Checking image 1 border right 0
1609672931165016432 : Checking image 2 dpi 300
1609672931165081333 : Checking image 2 border top 322
1609672931165114333 : Checking image 2 border bottom 278
1609672931165146933 : Checking image 2 border left 217
1609672931165179234 : Checking image 2 border right 217

</system-out><system-err>--------------------------------- Captured Err ---------------------------------

</system-err></testcase><testcase classname="tests.test_images" name="test_failed_split_line_line_algo_3_png" time="12.454"><system-out>--------------------------------- Captured Log ---------------------------------

--------------------------------- Captured Out ---------------------------------
/home/runner/work/ocr-book/ocr-book/tests/failed_split_line_line_algo_3.png
1609672928307182564 : Checking separation double page angle 90.0
1609672928307290667 : Checking separation double page y=0 40
1609672928385648324 : Checking page rotation 1 0.0
1609672929028925285 : Checking page rotation 2 -0.04999999999999689
1609672929355230232 : Checking image 1 crop x1 0
1609672929355309234 : Checking image 1 crop y1 0
1609672929355337235 : Checking image 1 crop x2 0
1609672929355364235 : Checking image 1 crop y2 0
1609672930932538638 : Checking image 2 crop x1 247
1609672930932623639 : Checking image 2 crop y1 153
1609672930932654740 : Checking image 2 crop x2 2260
1609672930932684840 : Checking image 2 crop y2 3360
1609672930932775741 : Checking image 1 border top 0
1609672930932806141 : Checking image 1 border bottom 0
1609672930932834142 : Checking image 1 border left 0
1609672930932862142 : Checking image 1 border right 0
1609672930932899443 : Checking image 2 dpi 300
1609672930932952343 : Checking image 2 border top 144
1609672930932981244 : Checking image 2 border bottom 136
1609672930933009544 : Checking image 2 border left 223
1609672930933037144 : Checking image 2 border right 223

</system-out><system-err>--------------------------------- Captured Err ---------------------------------

</system-err></testcase></testsuite></testsuites>