<?xml version="1.0" encoding="utf-8"?><testsuites><testsuite errors="0" failures="0" hostname="travis-job-da3a2f22-8a2b-4eb8-aa84-0d018c379bfe" name="pytest" skipped="0" tests="14" time="643.405" timestamp="2020-11-18T21:12:19.294605"><testcase classname="tests.test_features" name="test_disabled_enable_debug" time="45.518"><system-out>--------------------------------- Captured Log ---------------------------------

--------------------------------- Captured Out ---------------------------------
/home/travis/build/bansan85/ocr-book/tests/0001_debug.png
separation double page angle 90.55142384066187
separation double page y=0 2485
page rotation 1 0.75
page rotation 2 0.2
image 1 crop x1 330
image 1 crop y1 336
image 1 crop x2 2343
image 1 crop y2 3223
image 2 crop x1 169
image 2 crop y1 648
image 2 crop x2 2186
image 2 crop y2 3361
image 1 dpi 300
image 1 border top 324
image 1 border bottom 276
image 1 border left 223
image 1 border right 223
image 2 dpi 300
image 2 border top 671
image 2 border bottom 103
image 2 border left 221
image 2 border right 221

</system-out><system-err>--------------------------------- Captured Err ---------------------------------

</system-err></testcase><testcase classname="tests.test_features" name="test_mock_stop_at_0" time="0.035"><system-out>--------------------------------- Captured Log ---------------------------------

--------------------------------- Captured Out ---------------------------------
/home/travis/build/bansan85/ocr-book/tests/0001_0.png

</system-out><system-err>--------------------------------- Captured Err ---------------------------------

</system-err></testcase><testcase classname="tests.test_features" name="test_mock_stop_at_1" time="25.930"><system-out>--------------------------------- Captured Log ---------------------------------

--------------------------------- Captured Out ---------------------------------
/home/travis/build/bansan85/ocr-book/tests/0001_1.png
separation double page angle 90.55142384066187
separation double page y=0 2485

</system-out><system-err>--------------------------------- Captured Err ---------------------------------

</system-err></testcase><testcase classname="tests.test_features" name="test_mock_stop_at_2" time="49.904"><system-out>--------------------------------- Captured Log ---------------------------------

--------------------------------- Captured Out ---------------------------------
/home/travis/build/bansan85/ocr-book/tests/0001_2.png
separation double page angle 90.55142384066187
separation double page y=0 2485
page rotation 1 0.75
page rotation 2 0.2

</system-out><system-err>--------------------------------- Captured Err ---------------------------------

</system-err></testcase><testcase classname="tests.test_features" name="test_mock_stop_at_3" time="52.355"><system-out>--------------------------------- Captured Log ---------------------------------

--------------------------------- Captured Out ---------------------------------
/home/travis/build/bansan85/ocr-book/tests/0001_3.png
separation double page angle 90.55142384066187
separation double page y=0 2485
page rotation 1 0.75
page rotation 2 0.2
image 1 crop x1 330
image 1 crop y1 336
image 1 crop x2 2343
image 1 crop y2 3223
image 2 crop x1 169
image 2 crop y1 648
image 2 crop x2 2186
image 2 crop y2 3361

</system-out><system-err>--------------------------------- Captured Err ---------------------------------

</system-err></testcase><testcase classname="tests.test_features" name="test_mock_stop_at_4" time="52.028"><system-out>--------------------------------- Captured Log ---------------------------------

--------------------------------- Captured Out ---------------------------------
/home/travis/build/bansan85/ocr-book/tests/0001_4.png
separation double page angle 90.55142384066187
separation double page y=0 2485
page rotation 1 0.75
page rotation 2 0.2
image 1 crop x1 330
image 1 crop y1 336
image 1 crop x2 2343
image 1 crop y2 3223
image 2 crop x1 169
image 2 crop y1 648
image 2 crop x2 2186
image 2 crop y2 3361
image 1 dpi 300
image 1 border top 324
image 1 border bottom 276
image 1 border left 223
image 1 border right 223
image 2 dpi 300
image 2 border top 671
image 2 border bottom 103
image 2 border left 221
image 2 border right 221

</system-out><system-err>--------------------------------- Captured Err ---------------------------------

</system-err></testcase><testcase classname="tests.test_features" name="test_mock_stop_at_5" time="52.195"><system-out>--------------------------------- Captured Log ---------------------------------

--------------------------------- Captured Out ---------------------------------
/home/travis/build/bansan85/ocr-book/tests/0001_5.png
separation double page angle 90.55142384066187
separation double page y=0 2485
page rotation 1 0.75
page rotation 2 0.2
image 1 crop x1 330
image 1 crop y1 336
image 1 crop x2 2343
image 1 crop y2 3223
image 2 crop x1 169
image 2 crop y1 648
image 2 crop x2 2186
image 2 crop y2 3361
image 1 dpi 300
image 1 border top 324
image 1 border bottom 276
image 1 border left 223
image 1 border right 223
image 2 dpi 300
image 2 border top 671
image 2 border bottom 103
image 2 border left 221
image 2 border right 221

</system-out><system-err>--------------------------------- Captured Err ---------------------------------

</system-err></testcase><testcase classname="tests.test_images" name="test_0001_png" time="52.416"><system-out>--------------------------------- Captured Log ---------------------------------

--------------------------------- Captured Out ---------------------------------
/home/travis/build/bansan85/ocr-book/tests/0001.png
1605734243647263927 : Checking separation double page angle 90.55142384066187
1605734243647371879 : Checking separation double page y=0 2485
1605734254635024333 : Checking page rotation 1 0.75
1605734267554751364 : Checking page rotation 2 0.2
1605734268816375061 : Checking image 1 crop x1 330
1605734268816466211 : Checking image 1 crop y1 336
1605734268816498460 : Checking image 1 crop x2 2343
1605734268816529107 : Checking image 1 crop y2 3223
1605734270259707144 : Checking image 2 crop x1 169
1605734270259787938 : Checking image 2 crop y1 648
1605734270259820632 : Checking image 2 crop x2 2186
1605734270259850551 : Checking image 2 crop y2 3361
1605734270286825613 : Checking image 1 dpi 300
1605734270286942888 : Checking image 1 border top 324
1605734270286971584 : Checking image 1 border bottom 276
1605734270286997156 : Checking image 1 border left 223
1605734270287021479 : Checking image 1 border right 223
1605734270288927974 : Checking image 2 dpi 300
1605734270289042251 : Checking image 2 border top 671
1605734270289068875 : Checking image 2 border bottom 103
1605734270289093381 : Checking image 2 border left 221
1605734270289117451 : Checking image 2 border right 221

</system-out><system-err>--------------------------------- Captured Err ---------------------------------

</system-err></testcase><testcase classname="tests.test_images" name="test_2_pages_2_contours_png" time="30.173"><system-out>--------------------------------- Captured Log ---------------------------------

--------------------------------- Captured Out ---------------------------------
/home/travis/build/bansan85/ocr-book/tests/2-pages-2-contours.png
1605734286920167664 : Checking separation double page angle 90.14451498942671
1605734286920258786 : Checking separation double page y=0 2489
1605734289051632875 : Checking page rotation 1 0.05
1605734298626518547 : Checking page rotation 2 0.4
1605734299283356920 : Checking image 1 crop x1 1186
1605734299283417057 : Checking image 1 crop y1 1720
1605734299283442918 : Checking image 1 crop x2 1187
1605734299283467228 : Checking image 1 crop y2 1721
1605734300444176559 : Checking image 2 crop x1 101
1605734300444252592 : Checking image 2 crop y1 240
1605734300444285609 : Checking image 2 crop x2 2148
1605734300444316096 : Checking image 2 crop y2 3239
1605734300471137656 : Checking image 1 dpi 300
1605734300471225771 : Checking image 1 border top 1753
1605734300471252363 : Checking image 1 border bottom 1753
1605734300471277342 : Checking image 1 border left 1239
1605734300471301956 : Checking image 1 border right 1239
1605734300472741269 : Checking image 2 dpi 300
1605734300472860124 : Checking image 2 border top 226
1605734300472886889 : Checking image 2 border bottom 262
1605734300472911667 : Checking image 2 border left 206
1605734300472935355 : Checking image 2 border right 206

</system-out><system-err>--------------------------------- Captured Err ---------------------------------

</system-err></testcase><testcase classname="tests.test_images" name="test_black_border_not_removed_png" time="67.956"><system-out>--------------------------------- Captured Log ---------------------------------

--------------------------------- Captured Out ---------------------------------
/home/travis/build/bansan85/ocr-book/tests/black-border-not-removed.png
1605734337477332867 : Checking separation double page angle 90.00393370592924
1605734337477472614 : Checking separation double page y=0 2455
1605734348633793607 : Checking page rotation 1 0.0
1605734365216469849 : Checking page rotation 2 0.0
1605734366730058339 : Checking image 1 crop x1 297
1605734366730136630 : Checking image 1 crop y1 143
1605734366730169035 : Checking image 1 crop x2 2309
1605734366730199301 : Checking image 1 crop y2 3346
1605734368393605658 : Checking image 2 crop x1 157
1605734368393683725 : Checking image 2 crop y1 145
1605734368393716221 : Checking image 2 crop x2 2169
1605734368393746345 : Checking image 2 crop y2 3352
1605734368422627632 : Checking image 1 dpi 300
1605734368422746357 : Checking image 1 border top 128
1605734368422774227 : Checking image 1 border bottom 156
1605734368422799564 : Checking image 1 border left 224
1605734368422824226 : Checking image 1 border right 224
1605734368424798489 : Checking image 2 dpi 300
1605734368424920452 : Checking image 2 border top 130
1605734368424947432 : Checking image 2 border bottom 150
1605734368424972078 : Checking image 2 border left 224
1605734368424996869 : Checking image 2 border right 224

</system-out><system-err>--------------------------------- Captured Err ---------------------------------

</system-err></testcase><testcase classname="tests.test_images" name="test_image_failed_to_rotate_png" time="50.895"><system-out>--------------------------------- Captured Log ---------------------------------

--------------------------------- Captured Out ---------------------------------
/home/travis/build/bansan85/ocr-book/tests/image_failed_to_rotate.png
1605734389144864674 : Checking separation double page angle 90.14336291526413
1605734389144952170 : Checking separation double page y=0 2476
1605734394456639666 : Checking page rotation 1 0.35000000000000003
1605734406066596802 : Checking page rotation 2 0.45
1605734417834900564 : Checking image 1 crop x1 34
1605734417834976724 : Checking image 1 crop y1 1
1605734417835005576 : Checking image 1 crop x2 2474
1605734417835032541 : Checking image 1 crop y2 3500
1605734419202020987 : Checking image 2 crop x1 171
1605734419202098706 : Checking image 2 crop y1 234
1605734419202130714 : Checking image 2 crop x2 2250
1605734419202161237 : Checking image 2 crop y2 3355
1605734419235838191 : Checking image 1 dpi 300
1605734419235958211 : Checking image 1 border top 4
1605734419235986620 : Checking image 1 border bottom 4
1605734419236012016 : Checking image 1 border left 20
1605734419236037098 : Checking image 1 border right 20
1605734419238023998 : Checking image 2 dpi 300
1605734419238127717 : Checking image 2 border top 206
1605734419238154293 : Checking image 2 border bottom 160
1605734419238178983 : Checking image 2 border left 190
1605734419238203484 : Checking image 2 border right 190

</system-out><system-err>--------------------------------- Captured Err ---------------------------------

</system-err></testcase><testcase classname="tests.test_images" name="test_image_failed_to_crop_data_png" time="53.486"><system-out>--------------------------------- Captured Log ---------------------------------

--------------------------------- Captured Out ---------------------------------
/home/travis/build/bansan85/ocr-book/tests/image_failed_to_crop_data.png
1605734444392813736 : Checking separation double page angle 90.062288741015
1605734444392924766 : Checking separation double page y=0 2482
1605734450457521357 : Checking page rotation 1 0.2
1605734459870527323 : Checking page rotation 2 0.05
1605734471460978576 : Checking image 1 crop x1 58
1605734471461107351 : Checking image 1 crop y1 8
1605734471461136644 : Checking image 1 crop x2 2480
1605734471461164281 : Checking image 1 crop y2 3504
1605734472720306313 : Checking image 2 crop x1 159
1605734472720380450 : Checking image 2 crop y1 217
1605734472720412174 : Checking image 2 crop x2 2240
1605734472720442880 : Checking image 2 crop y2 3350
1605734472750007884 : Checking image 1 dpi 300
1605734472750135284 : Checking image 1 border top 6
1605734472750164129 : Checking image 1 border bottom 6
1605734472750189514 : Checking image 1 border left 29
1605734472750214394 : Checking image 1 border right 29
1605734472752297018 : Checking image 2 dpi 300
1605734472752414898 : Checking image 2 border top 209
1605734472752441413 : Checking image 2 border bottom 145
1605734472752466366 : Checking image 2 border left 189
1605734472752490633 : Checking image 2 border right 189

</system-out><system-err>--------------------------------- Captured Err ---------------------------------

</system-err></testcase><testcase classname="tests.test_images" name="test_wrong_angle_split_line_png" time="62.953"><system-out>--------------------------------- Captured Log ---------------------------------

--------------------------------- Captured Out ---------------------------------
/home/travis/build/bansan85/ocr-book/tests/wrong_angle_split_line.png
1605734500670143387 : Checking separation double page angle 90.16760446809923
1605734500670237046 : Checking separation double page y=0 2487
1605734508985781146 : Checking page rotation 1 0.0
1605734521098450259 : Checking page rotation 2 0.2
1605734533028421602 : Checking image 1 crop x1 53
1605734533028509256 : Checking image 1 crop y1 8
1605734533028544641 : Checking image 1 crop x2 2481
1605734533028578720 : Checking image 1 crop y2 3505
1605734535019658330 : Checking image 2 crop x1 163
1605734535019744657 : Checking image 2 crop y1 219
1605734535019776965 : Checking image 2 crop x2 2239
1605734535019807663 : Checking image 2 crop y2 3348
1605734535156226197 : Checking image 1 dpi 300
1605734535156373266 : Checking image 1 border top 5
1605734535156403041 : Checking image 1 border bottom 5
1605734535156428159 : Checking image 1 border left 26
1605734535156452651 : Checking image 1 border right 26
1605734535162218020 : Checking image 2 dpi 300
1605734535162369556 : Checking image 2 border top 208
1605734535162396595 : Checking image 2 border bottom 150
1605734535162421551 : Checking image 2 border left 192
1605734535162448835 : Checking image 2 border right 192

</system-out><system-err>--------------------------------- Captured Err ---------------------------------

</system-err></testcase><testcase classname="tests.test_images" name="test_angle_page_lower_split_line_png" time="45.763"><system-out>--------------------------------- Captured Log ---------------------------------

--------------------------------- Captured Out ---------------------------------
/home/travis/build/bansan85/ocr-book/tests/angle_page_lower_split_line.png
1605734551918322186 : Checking separation double page angle 89.732216133555
1605734551918406647 : Checking separation double page y=0 2471
1605734567288793104 : Checking page rotation 1 -0.44999999999998863
1605734578551168470 : Checking page rotation 2 0.2
1605734580167362469 : Checking image 1 crop x1 245
1605734580167451248 : Checking image 1 crop y1 161
1605734580167491737 : Checking image 1 crop x2 2351
1605734580167530227 : Checking image 1 crop y2 3364
1605734581490871950 : Checking image 2 crop x1 153
1605734581490948713 : Checking image 2 crop y1 147
1605734581490981092 : Checking image 2 crop x2 2260
1605734581491011355 : Checking image 2 crop y2 3350
1605734581521249811 : Checking image 1 dpi 300
1605734581521369021 : Checking image 1 border top 131
1605734581521396616 : Checking image 1 border bottom 152
1605734581521421571 : Checking image 1 border left 177
1605734581521455541 : Checking image 1 border right 177
1605734581523500469 : Checking image 2 dpi 300
1605734581523689568 : Checking image 2 border top 118
1605734581523719180 : Checking image 2 border bottom 166
1605734581523744063 : Checking image 2 border left 176
1605734581523768679 : Checking image 2 border right 176

</system-out><system-err>--------------------------------- Captured Err ---------------------------------

</system-err></testcase></testsuite></testsuites>