<?xml version="1.0" encoding="utf-8"?><testsuites><testsuite errors="0" failures="0" hostname="fv-az92-153" name="pytest" skipped="0" tests="23" time="647.233" timestamp="2020-11-29T10:02:19.770980"><testcase classname="tests.test_features" name="test_mock_stop_at_0" time="0.051"><system-out>--------------------------------- Captured Log ---------------------------------

--------------------------------- Captured Out ---------------------------------
/home/runner/work/ocr-book/ocr-book/tests/0001_0.png

</system-out><system-err>--------------------------------- Captured Err ---------------------------------

</system-err></testcase><testcase classname="tests.test_features" name="test_disabled_enable_debug" time="37.859"><system-out>--------------------------------- Captured Log ---------------------------------

--------------------------------- Captured Out ---------------------------------
/home/runner/work/ocr-book/ocr-book/tests/0001_debug.png
separation double page angle 90.58479420011354
separation double page y=0 2488
page rotation 1 0.75
page rotation 2 0.2
image 1 crop x1 330
image 1 crop y1 336
image 1 crop x2 2343
image 1 crop y2 3223
image 2 crop x1 168
image 2 crop y1 648
image 2 crop x2 2185
image 2 crop y2 3361
image 1 dpi 300
image 1 border top 340
image 1 border bottom 260
image 1 border left 223
image 1 border right 223
image 2 dpi 300
image 2 border top 646
image 2 border bottom 128
image 2 border left 221
image 2 border right 221

</system-out><system-err>--------------------------------- Captured Err ---------------------------------

</system-err></testcase><testcase classname="tests.test_features" name="test_mock_stop_at_2" time="48.041"><system-out>--------------------------------- Captured Log ---------------------------------

--------------------------------- Captured Out ---------------------------------
/home/runner/work/ocr-book/ocr-book/tests/0001_2.png
separation double page angle 90.58479420011354
separation double page y=0 2488
page rotation 1 0.75
page rotation 2 0.2

</system-out><system-err>--------------------------------- Captured Err ---------------------------------

</system-err></testcase><testcase classname="tests.test_features" name="test_mock_stop_at_1" time="29.856"><system-out>--------------------------------- Captured Log ---------------------------------

--------------------------------- Captured Out ---------------------------------
/home/runner/work/ocr-book/ocr-book/tests/0001_1.png
separation double page angle 90.58479420011354
separation double page y=0 2488

</system-out><system-err>--------------------------------- Captured Err ---------------------------------

</system-err></testcase><testcase classname="tests.test_features" name="test_mock_stop_at_4" time="50.675"><system-out>--------------------------------- Captured Log ---------------------------------

--------------------------------- Captured Out ---------------------------------
/home/runner/work/ocr-book/ocr-book/tests/0001_4.png
separation double page angle 90.58479420011354
separation double page y=0 2488
page rotation 1 0.75
page rotation 2 0.2
image 1 crop x1 330
image 1 crop y1 336
image 1 crop x2 2343
image 1 crop y2 3223
image 2 crop x1 168
image 2 crop y1 648
image 2 crop x2 2185
image 2 crop y2 3361
image 1 dpi 300
image 1 border top 340
image 1 border bottom 260
image 1 border left 223
image 1 border right 223
image 2 dpi 300
image 2 border top 646
image 2 border bottom 128
image 2 border left 221
image 2 border right 221

</system-out><system-err>--------------------------------- Captured Err ---------------------------------

</system-err></testcase><testcase classname="tests.test_features" name="test_mock_stop_at_3" time="50.574"><system-out>--------------------------------- Captured Log ---------------------------------

--------------------------------- Captured Out ---------------------------------
/home/runner/work/ocr-book/ocr-book/tests/0001_3.png
separation double page angle 90.58479420011354
separation double page y=0 2488
page rotation 1 0.75
page rotation 2 0.2
image 1 crop x1 330
image 1 crop y1 336
image 1 crop x2 2343
image 1 crop y2 3223
image 2 crop x1 168
image 2 crop y1 648
image 2 crop x2 2185
image 2 crop y2 3361

</system-out><system-err>--------------------------------- Captured Err ---------------------------------

</system-err></testcase><testcase classname="tests.test_features" name="test_mock_stop_at_5" time="50.654"><system-out>--------------------------------- Captured Log ---------------------------------

--------------------------------- Captured Out ---------------------------------
/home/runner/work/ocr-book/ocr-book/tests/0001_5.png
separation double page angle 90.58479420011354
separation double page y=0 2488
page rotation 1 0.75
page rotation 2 0.2
image 1 crop x1 330
image 1 crop y1 336
image 1 crop x2 2343
image 1 crop y2 3223
image 2 crop x1 168
image 2 crop y1 648
image 2 crop x2 2185
image 2 crop y2 3361
image 1 dpi 300
image 1 border top 340
image 1 border bottom 260
image 1 border left 223
image 1 border right 223
image 2 dpi 300
image 2 border top 646
image 2 border bottom 128
image 2 border left 221
image 2 border right 221

</system-out><system-err>--------------------------------- Captured Err ---------------------------------

</system-err></testcase><testcase classname="tests.test_images" name="test_2_pages_2_contours_png" time="30.960"><system-out>--------------------------------- Captured Log ---------------------------------

--------------------------------- Captured Out ---------------------------------
/home/runner/work/ocr-book/ocr-book/tests/2-pages-2-contours.png
1606644277537372160 : Checking separation double page angle 90.11593763056553
1606644277537521920 : Checking separation double page y=0 2489
1606644279992590080 : Checking page rotation 1 0.05
1606644287539485696 : Checking page rotation 2 0.35000000000000003
1606644288460836608 : Checking image 1 crop x1 1190
1606644288460971776 : Checking image 1 crop y1 1733
1606644288461073152 : Checking image 1 crop x2 1191
1606644288461143296 : Checking image 1 crop y2 1734
1606644290354832128 : Checking image 2 crop x1 100
1606644290354942464 : Checking image 2 crop y1 240
1606644290354994432 : Checking image 2 crop x2 2147
1606644290355041792 : Checking image 2 crop y2 3239
1606644290390423296 : Checking image 1 dpi 300
1606644290390564864 : Checking image 1 border top 1752
1606644290390620928 : Checking image 1 border bottom 1753
1606644290390661888 : Checking image 1 border left 1239
1606644290390701312 : Checking image 1 border right 1239
1606644290392190208 : Checking image 2 dpi 300
1606644290392275456 : Checking image 2 border top 231
1606644290392316672 : Checking image 2 border bottom 257
1606644290392356096 : Checking image 2 border left 206
1606644290392394752 : Checking image 2 border right 206

</system-out><system-err>--------------------------------- Captured Err ---------------------------------

</system-err></testcase><testcase classname="tests.test_images" name="test_black_border_not_removed_png" time="59.194"><system-out>--------------------------------- Captured Log ---------------------------------

--------------------------------- Captured Out ---------------------------------
/home/runner/work/ocr-book/ocr-book/tests/black-border-not-removed.png
1606644325146862592 : Checking separation double page angle 90.03334238820571
1606644325146974720 : Checking separation double page y=0 2458
1606644333533985792 : Checking page rotation 1 0.0
1606644344758482176 : Checking page rotation 2 0.0
1606644346906253568 : Checking image 1 crop x1 297
1606644346906356736 : Checking image 1 crop y1 143
1606644346906406656 : Checking image 1 crop x2 2309
1606644346906452480 : Checking image 1 crop y2 3346
1606644349546685696 : Checking image 2 crop x1 156
1606644349546800640 : Checking image 2 crop y1 145
1606644349546850304 : Checking image 2 crop x2 2168
1606644349546961408 : Checking image 2 crop y2 3352
1606644349583929856 : Checking image 1 dpi 300
1606644349584023296 : Checking image 1 border top 130
1606644349584065280 : Checking image 1 border bottom 154
1606644349584102144 : Checking image 1 border left 224
1606644349584137984 : Checking image 1 border right 224
1606644349586954752 : Checking image 2 dpi 300
1606644349587020288 : Checking image 2 border top 139
1606644349587057152 : Checking image 2 border bottom 141
1606644349587090944 : Checking image 2 border left 224
1606644349587124736 : Checking image 2 border right 224

</system-out><system-err>--------------------------------- Captured Err ---------------------------------

</system-err></testcase><testcase classname="tests.test_images" name="test_0001_png" time="51.767"><system-out>--------------------------------- Captured Log ---------------------------------

--------------------------------- Captured Out ---------------------------------
/home/runner/work/ocr-book/ocr-book/tests/0001.png
1606644320794542592 : Checking separation double page angle 90.58479420011354
1606644320794659584 : Checking separation double page y=0 2488
1606644328526208000 : Checking page rotation 1 0.75
1606644338325124608 : Checking page rotation 2 0.2
1606644340235329280 : Checking image 1 crop x1 330
1606644340235427072 : Checking image 1 crop y1 336
1606644340235473408 : Checking image 1 crop x2 2343
1606644340235515904 : Checking image 1 crop y2 3223
1606644342305348608 : Checking image 2 crop x1 168
1606644342305450240 : Checking image 2 crop y1 648
1606644342305499904 : Checking image 2 crop x2 2185
1606644342305545728 : Checking image 2 crop y2 3361
1606644342341868800 : Checking image 1 dpi 300
1606644342342073088 : Checking image 1 border top 340
1606644342342123264 : Checking image 1 border bottom 260
1606644342342163200 : Checking image 1 border left 223
1606644342342201600 : Checking image 1 border right 223
1606644342344742144 : Checking image 2 dpi 300
1606644342344816384 : Checking image 2 border top 646
1606644342344857088 : Checking image 2 border bottom 128
1606644342344894720 : Checking image 2 border left 221
1606644342344932608 : Checking image 2 border right 221

</system-out><system-err>--------------------------------- Captured Err ---------------------------------

</system-err></testcase><testcase classname="tests.test_images" name="test_wrong_angle_split_line_png" time="68.627"><system-out>--------------------------------- Captured Log ---------------------------------

--------------------------------- Captured Out ---------------------------------
/home/runner/work/ocr-book/ocr-book/tests/wrong_angle_split_line.png
1606644375957556736 : Checking separation double page angle 90.00846714570578
1606644375957706240 : Checking separation double page y=0 2478
1606644384727600896 : Checking page rotation 1 0.1
1606644394354477568 : Checking page rotation 2 0.2
1606644406901931520 : Checking image 1 crop x1 58
1606644406902054656 : Checking image 1 crop y1 6
1606644406902114560 : Checking image 1 crop x2 2476
1606644406902169600 : Checking image 1 crop y2 3501
1606644410005374976 : Checking image 2 crop x1 162
1606644410005506304 : Checking image 2 crop y1 219
1606644410005597952 : Checking image 2 crop x2 2238
1606644410005645824 : Checking image 2 crop y2 3348
1606644410195111168 : Checking image 1 dpi 300
1606644410195240192 : Checking image 1 border top 6
1606644410195293184 : Checking image 1 border bottom 6
1606644410195333888 : Checking image 1 border left 31
1606644410195372800 : Checking image 1 border right 31
1606644410202847744 : Checking image 2 dpi 300
1606644410202996480 : Checking image 2 border top 211
1606644410203040000 : Checking image 2 border bottom 147
1606644410203079424 : Checking image 2 border left 192
1606644410203118592 : Checking image 2 border right 192

</system-out><system-err>--------------------------------- Captured Err ---------------------------------

</system-err></testcase><testcase classname="tests.test_images" name="test_image_failed_to_rotate_png" time="61.236"><system-out>--------------------------------- Captured Log ---------------------------------

--------------------------------- Captured Out ---------------------------------
/home/runner/work/ocr-book/ocr-book/tests/image_failed_to_rotate.png
1606644380652724736 : Checking separation double page angle 90.18772783206224
1606644380652824576 : Checking separation double page y=0 2482
1606644386857979136 : Checking page rotation 1 0.35000000000000003
1606644396143520768 : Checking page rotation 2 0.45
1606644408346314240 : Checking image 1 crop x1 34
1606644408346450432 : Checking image 1 crop y1 1
1606644408346516992 : Checking image 1 crop x2 2480
1606644408346558720 : Checking image 1 crop y2 3500
1606644410639759104 : Checking image 2 crop x1 168
1606644410639854080 : Checking image 2 crop y1 234
1606644410639911680 : Checking image 2 crop x2 2247
1606644410639985152 : Checking image 2 crop y2 3355
1606644410684520704 : Checking image 1 dpi 300
1606644410684702976 : Checking image 1 border top 4
1606644410684765952 : Checking image 1 border bottom 4
1606644410684821504 : Checking image 1 border left 17
1606644410684878336 : Checking image 1 border right 17
1606644410687992832 : Checking image 2 dpi 300
1606644410688096512 : Checking image 2 border top 220
1606644410688137728 : Checking image 2 border bottom 146
1606644410688175616 : Checking image 2 border left 190
1606644410688213760 : Checking image 2 border right 190

</system-out><system-err>--------------------------------- Captured Err ---------------------------------

</system-err></testcase><testcase classname="tests.test_images" name="test_image_failed_to_crop_data_png" time="60.346"><system-out>--------------------------------- Captured Log ---------------------------------

--------------------------------- Captured Out ---------------------------------
/home/runner/work/ocr-book/ocr-book/tests/image_failed_to_crop_data.png
1606644442638122496 : Checking separation double page angle 89.89865840161842
1606644442638219520 : Checking separation double page y=0 2477
1606644449261270016 : Checking page rotation 1 -0.14999999999999147
1606644456644705280 : Checking page rotation 2 0.05
1606644468992341504 : Checking image 1 crop x1 43
1606644468992453888 : Checking image 1 crop y1 6
1606644468992494080 : Checking image 1 crop x2 2481
1606644468992530688 : Checking image 1 crop y2 3504
1606644471043607040 : Checking image 2 crop x1 160
1606644471043714048 : Checking image 2 crop y1 217
1606644471043763968 : Checking image 2 crop x2 2241
1606644471043810304 : Checking image 2 crop y2 3350
1606644471082363136 : Checking image 1 dpi 300
1606644471082536704 : Checking image 1 border top 5
1606644471082610432 : Checking image 1 border bottom 5
1606644471082649600 : Checking image 1 border left 21
1606644471082689024 : Checking image 1 border right 21
1606644471085442048 : Checking image 2 dpi 300
1606644471085511680 : Checking image 2 border top 224
1606644471085549568 : Checking image 2 border bottom 130
1606644471085585664 : Checking image 2 border left 189
1606644471085621504 : Checking image 2 border right 189

</system-out><system-err>--------------------------------- Captured Err ---------------------------------

</system-err></testcase><testcase classname="tests.test_images" name="test_angle_page_lower_split_line_png" time="56.933"><system-out>--------------------------------- Captured Log ---------------------------------

--------------------------------- Captured Out ---------------------------------
/home/runner/work/ocr-book/ocr-book/tests/angle_page_lower_split_line.png
1606644445206079232 : Checking separation double page angle 89.73507328913124
1606644445206180352 : Checking separation double page y=0 2473
1606644455718665984 : Checking page rotation 1 -0.3999999999999915
1606644463882469888 : Checking page rotation 2 0.2
1606644466040443904 : Checking image 1 crop x1 244
1606644466040550656 : Checking image 1 crop y1 160
1606644466040601344 : Checking image 1 crop x2 2350
1606644466040648960 : Checking image 1 crop y2 3365
1606644467870398464 : Checking image 2 crop x1 151
1606644467870576384 : Checking image 2 crop y1 147
1606644467870631424 : Checking image 2 crop x2 2258
1606644467870679552 : Checking image 2 crop y2 3350
1606644467912036608 : Checking image 1 dpi 300
1606644467912161280 : Checking image 1 border top 130
1606644467912223488 : Checking image 1 border bottom 151
1606644467912293632 : Checking image 1 border left 177
1606644467912329472 : Checking image 1 border right 177
1606644467915049984 : Checking image 2 dpi 300
1606644467915167744 : Checking image 2 border top 116
1606644467915209984 : Checking image 2 border bottom 168
1606644467915246336 : Checking image 2 border left 176
1606644467915282432 : Checking image 2 border right 176

</system-out><system-err>--------------------------------- Captured Err ---------------------------------

</system-err></testcase><testcase classname="tests.test_images" name="test_crop_too_much_png" time="83.148"><system-out>--------------------------------- Captured Log ---------------------------------

--------------------------------- Captured Out ---------------------------------
/home/runner/work/ocr-book/ocr-book/tests/crop_too_much.png
1606644514663370496 : Checking separation double page angle 90.1368362370825
1606644514663469312 : Checking separation double page y=0 2453
1606644529534116864 : Checking page rotation 1 0.0
1606644544428642304 : Checking page rotation 2 0.45
1606644548020817152 : Checking image 1 crop x1 303
1606644548020944128 : Checking image 1 crop y1 148
1606644548020996096 : Checking image 1 crop x2 2313
1606644548021044992 : Checking image 1 crop y2 3351
1606644551003944704 : Checking image 2 crop x1 170
1606644551004051712 : Checking image 2 crop y1 155
1606644551004103936 : Checking image 2 crop x2 2181
1606644551004153600 : Checking image 2 crop y2 3359
1606644551054008320 : Checking image 1 dpi 300
1606644551054136576 : Checking image 1 border top 131
1606644551054178304 : Checking image 1 border bottom 153
1606644551054214912 : Checking image 1 border left 225
1606644551054250240 : Checking image 1 border right 225
1606644551056964352 : Checking image 2 dpi 300
1606644551057027072 : Checking image 2 border top 139
1606644551057063936 : Checking image 2 border bottom 144
1606644551057097728 : Checking image 2 border left 224
1606644551057131008 : Checking image 2 border right 224

</system-out><system-err>--------------------------------- Captured Err ---------------------------------

</system-err></testcase><testcase classname="tests.test_images" name="test_wrong_split_line_png" time="42.836"><system-out>--------------------------------- Captured Log ---------------------------------

--------------------------------- Captured Out ---------------------------------
/home/runner/work/ocr-book/ocr-book/tests/wrong_split_line.png
1606644496342298880 : Checking separation double page angle 89.85811715007924
1606644496342397952 : Checking separation double page y=0 2463
1606644503492635392 : Checking page rotation 1 -0.14999999999999147
1606644510882123520 : Checking page rotation 2 0.65
1606644512415438592 : Checking image 1 crop x1 213
1606644512415536896 : Checking image 1 crop y1 157
1606644512415585792 : Checking image 1 crop x2 2323
1606644512415631104 : Checking image 1 crop y2 3362
1606644513971744000 : Checking image 2 crop x1 126
1606644513971897856 : Checking image 2 crop y1 167
1606644513972029696 : Checking image 2 crop x2 2237
1606644513972081408 : Checking image 2 crop y2 3372
1606644514010293504 : Checking image 1 dpi 300
1606644514010424320 : Checking image 1 border top 115
1606644514010479872 : Checking image 1 border bottom 167
1606644514010520320 : Checking image 1 border left 175
1606644514010559744 : Checking image 1 border right 175
1606644514013520384 : Checking image 2 dpi 300
1606644514013697280 : Checking image 2 border top 142
1606644514013756160 : Checking image 2 border bottom 140
1606644514013796352 : Checking image 2 border left 174
1606644514013835008 : Checking image 2 border right 174

</system-out><system-err>--------------------------------- Captured Err ---------------------------------

</system-err></testcase><testcase classname="tests.test_images" name="test_crop_too_much_2_png" time="83.801"><system-out>--------------------------------- Captured Log ---------------------------------

--------------------------------- Captured Out ---------------------------------
/home/runner/work/ocr-book/ocr-book/tests/crop_too_much_2.png
1606644560861436416 : Checking separation double page angle 90.17716787328943
1606644560861530112 : Checking separation double page y=0 2478
1606644575382793216 : Checking page rotation 1 0.2
1606644591164014592 : Checking page rotation 2 0.2
1606644594342756096 : Checking image 1 crop x1 332
1606644594342863104 : Checking image 1 crop y1 131
1606644594342917632 : Checking image 1 crop x2 2342
1606644594342968832 : Checking image 1 crop y2 3336
1606644597726436864 : Checking image 2 crop x1 165
1606644597726534400 : Checking image 2 crop y1 139
1606644597726583040 : Checking image 2 crop x2 2178
1606644597726629120 : Checking image 2 crop y2 3345
1606644597782822656 : Checking image 1 dpi 300
1606644597782946816 : Checking image 1 border top 116
1606644597782992640 : Checking image 1 border bottom 166
1606644597783032320 : Checking image 1 border left 225
1606644597783078144 : Checking image 1 border right 225
1606644597786221056 : Checking image 2 dpi 300
1606644597786305280 : Checking image 2 border top 133
1606644597786346240 : Checking image 2 border bottom 148
1606644597786384896 : Checking image 2 border left 223
1606644597786423040 : Checking image 2 border right 223

</system-out><system-err>--------------------------------- Captured Err ---------------------------------

</system-err></testcase><testcase classname="tests.test_images" name="test_crop_too_few_png" time="46.613"><system-out>--------------------------------- Captured Log ---------------------------------

--------------------------------- Captured Out ---------------------------------
/home/runner/work/ocr-book/ocr-book/tests/crop_too_few.png
1606644578846264064 : Checking separation double page angle 89.39071231172886
1606644578846406144 : Checking separation double page y=0 2509
1606644586907472896 : Checking page rotation 1 -0.6999999999999886
1606644594356998912 : Checking page rotation 2 0.0
1606644596086166272 : Checking image 1 crop x1 264
1606644596086266368 : Checking image 1 crop y1 151
1606644596086317824 : Checking image 1 crop x2 2376
1606644596086365696 : Checking image 1 crop y2 3357
1606644597659868672 : Checking image 2 crop x1 140
1606644597659984896 : Checking image 2 crop y1 141
1606644597660034048 : Checking image 2 crop x2 2262
1606644597660098816 : Checking image 2 crop y2 3345
1606644597693559296 : Checking image 1 dpi 300
1606644597693710592 : Checking image 1 border top 111
1606644597693761792 : Checking image 1 border bottom 170
1606644597693801472 : Checking image 1 border left 174
1606644597693840128 : Checking image 1 border right 174
1606644597696498688 : Checking image 2 dpi 300
1606644597696571648 : Checking image 2 border top 140
1606644597696612608 : Checking image 2 border bottom 143
1606644597696650496 : Checking image 2 border left 169
1606644597696687872 : Checking image 2 border right 169

</system-out><system-err>--------------------------------- Captured Err ---------------------------------

</system-err></testcase><testcase classname="tests.test_images" name="test_small_wave_png" time="73.996"><system-out>--------------------------------- Captured Log ---------------------------------

--------------------------------- Captured Out ---------------------------------
/home/runner/work/ocr-book/ocr-book/tests/small_wave.png
1606644643785795328 : Checking separation double page angle 90.61699923686102
1606644643785888512 : Checking separation double page y=0 2495
1606644655492435200 : Checking page rotation 1 0.7000000000000001
1606644667292601856 : Checking page rotation 2 0.7000000000000001
1606644669454724864 : Checking image 1 crop x1 322
1606644669454827264 : Checking image 1 crop y1 199
1606644669454878464 : Checking image 1 crop x2 2351
1606644669454926336 : Checking image 1 crop y2 3394
1606644671617582592 : Checking image 2 crop x1 135
1606644671617713152 : Checking image 2 crop y1 223
1606644671617775104 : Checking image 2 crop x2 2164
1606644671617823488 : Checking image 2 crop y2 3419
1606644671661743104 : Checking image 1 dpi 300
1606644671661897984 : Checking image 1 border top 177
1606644671661940992 : Checking image 1 border bottom 115
1606644671661978112 : Checking image 1 border left 215
1606644671662014976 : Checking image 1 border right 215
1606644671664939520 : Checking image 2 dpi 300
1606644671665015552 : Checking image 2 border top 191
1606644671665071872 : Checking image 2 border bottom 100
1606644671665107712 : Checking image 2 border left 215
1606644671665143296 : Checking image 2 border right 215

</system-out><system-err>--------------------------------- Captured Err ---------------------------------

</system-err></testcase><testcase classname="tests.test_images" name="test_wrong_split_line_2_png" time="93.677"><system-out>--------------------------------- Captured Log ---------------------------------

--------------------------------- Captured Out ---------------------------------
/home/runner/work/ocr-book/ocr-book/tests/wrong_split_line_2.png
1606644654749758464 : Checking separation double page angle 90.39217497633973
1606644654749858560 : Checking separation double page y=0 2442
1606644668706017024 : Checking page rotation 1 0.2
1606644683700670976 : Checking page rotation 2 0.35000000000000003
1606644687243240192 : Checking image 1 crop x1 294
1606644687243372800 : Checking image 1 crop y1 136
1606644687243417088 : Checking image 1 crop x2 2325
1606644687243458304 : Checking image 1 crop y2 3376
1606644691422766336 : Checking image 2 crop x1 146
1606644691422873344 : Checking image 2 crop y1 193
1606644691422923520 : Checking image 2 crop x2 2175
1606644691422969856 : Checking image 2 crop y2 3387
1606644691475228416 : Checking image 1 dpi 300
1606644691475361024 : Checking image 1 border top 128
1606644691475414272 : Checking image 1 border bottom 119
1606644691475453952 : Checking image 1 border left 214
1606644691475492608 : Checking image 1 border right 214
1606644691478449408 : Checking image 2 dpi 300
1606644691478529792 : Checking image 2 border top 184
1606644691478571008 : Checking image 2 border bottom 109
1606644691478609408 : Checking image 2 border left 215
1606644691478647552 : Checking image 2 border right 215

</system-out><system-err>--------------------------------- Captured Err ---------------------------------

</system-err></testcase><testcase classname="tests.test_images" name="test_wrong_split_line_3_png" time="63.485"><system-out>--------------------------------- Captured Log ---------------------------------

--------------------------------- Captured Out ---------------------------------
/home/runner/work/ocr-book/ocr-book/tests/wrong_split_line_3.png
1606644709914492416 : Checking separation double page angle 90.4401067484302
1606644709914590464 : Checking separation double page y=0 2498
1606644722062755328 : Checking page rotation 1 0.30000000000000004
1606644731064847872 : Checking page rotation 2 0.9
1606644733258890496 : Checking image 1 crop x1 331
1606644733258997248 : Checking image 1 crop y1 165
1606644733259048704 : Checking image 1 crop x2 2375
1606644733259096576 : Checking image 1 crop y2 3376
1606644735124072448 : Checking image 2 crop x1 102
1606644735124191232 : Checking image 2 crop y1 208
1606644735124240128 : Checking image 2 crop x2 2133
1606644735124284928 : Checking image 2 crop y2 3413
1606644735169412352 : Checking image 1 dpi 300
1606644735169540096 : Checking image 1 border top 150
1606644735169586432 : Checking image 1 border bottom 126
1606644735169626112 : Checking image 1 border left 208
1606644735169703168 : Checking image 1 border right 208
1606644735172559616 : Checking image 2 dpi 300
1606644735172641536 : Checking image 2 border top 190
1606644735172683264 : Checking image 2 border bottom 92
1606644735172736512 : Checking image 2 border left 214
1606644735172849920 : Checking image 2 border right 214

</system-out><system-err>--------------------------------- Captured Err ---------------------------------

</system-err></testcase><testcase classname="tests.test_images" name="test_wrong_wave_split_line_png" time="77.510"><system-out>--------------------------------- Captured Log ---------------------------------

--------------------------------- Captured Out ---------------------------------
/home/runner/work/ocr-book/ocr-book/tests/wrong_wave_split_line.png
1606644737841185024 : Checking separation double page angle 90.53209588050643
1606644737841278976 : Checking separation double page y=0 2502
1606644750944114944 : Checking page rotation 1 -0.14999999999999147
1606644762451982080 : Checking page rotation 2 0.8500000000000001
1606644765856853760 : Checking image 1 crop x1 385
1606644765857035264 : Checking image 1 crop y1 179
1606644765857098240 : Checking image 1 crop x2 2411
1606644765857158912 : Checking image 1 crop y2 3374
1606644768919718656 : Checking image 2 crop x1 124
1606644768919818496 : Checking image 2 crop y1 58
1606644768919868160 : Checking image 2 crop x2 2410
1606644768919927040 : Checking image 2 crop y2 3392
1606644768977648384 : Checking image 1 dpi 300
1606644768977811456 : Checking image 1 border top 167
1606644768977856512 : Checking image 1 border bottom 124
1606644768977932800 : Checking image 1 border left 217
1606644768977972224 : Checking image 1 border right 217
1606644768980962048 : Checking image 2 dpi 300
1606644768981049344 : Checking image 2 border top 0
1606644768981091840 : Checking image 2 border bottom 163
1606644768981131008 : Checking image 2 border left 92
1606644768981169408 : Checking image 2 border right 92

</system-out><system-err>--------------------------------- Captured Err ---------------------------------

</system-err></testcase><testcase classname="tests.test_images" name="test_no_split_line_line_algo_png" time="50.087"><system-out>--------------------------------- Captured Log ---------------------------------

--------------------------------- Captured Out ---------------------------------
/home/runner/work/ocr-book/ocr-book/tests/no_split_line_line_algo.png
1606644766336512000 : Checking separation double page angle 89.46795930182432
1606644766336609024 : Checking separation double page y=0 2476
1606644771963739904 : Checking page rotation 1 -0.14999999999999147
1606644781310747136 : Checking page rotation 2 -0.44999999999998863
1606644782742267904 : Checking image 1 crop x1 205
1606644782742377216 : Checking image 1 crop y1 158
1606644782742430464 : Checking image 1 crop x2 2320
1606644782742479616 : Checking image 1 crop y2 3366
1606644785219285248 : Checking image 2 crop x1 185
1606644785219389952 : Checking image 2 crop y1 221
1606644785219451904 : Checking image 2 crop x2 2201
1606644785219500032 : Checking image 2 crop y2 3366
1606644785269552896 : Checking image 1 dpi 300
1606644785269703680 : Checking image 1 border top 137
1606644785269754368 : Checking image 1 border bottom 142
1606644785269792256 : Checking image 1 border left 172
1606644785269829120 : Checking image 1 border right 172
1606644785272644608 : Checking image 2 dpi 300
1606644785272744704 : Checking image 2 border top 225
1606644785272780544 : Checking image 2 border bottom 117
1606644785272814080 : Checking image 2 border left 222
1606644785272847616 : Checking image 2 border right 222

</system-out><system-err>--------------------------------- Captured Err ---------------------------------

</system-err></testcase></testsuite></testsuites>