<?xml version="1.0" encoding="utf-8"?><testsuites><testsuite errors="0" failures="0" hostname="fv-az67-871" name="pytest" skipped="0" tests="18" time="355.214" timestamp="2020-11-25T15:11:10.238219"><testcase classname="tests.test_features" name="test_disabled_enable_debug" time="28.743"><system-out>--------------------------------- Captured Log ---------------------------------

--------------------------------- Captured Out ---------------------------------
/home/runner/work/ocr-book/ocr-book/tests/0001_debug.png
separation double page angle 90.53945493634917
separation double page y=0 2485
page rotation 1 0.75
page rotation 2 0.2
image 1 crop x1 330
image 1 crop y1 336
image 1 crop x2 2343
image 1 crop y2 3223
image 2 crop x1 169
image 2 crop y1 648
image 2 crop x2 2186
image 2 crop y2 3361
image 1 dpi 300
image 1 border top 340
image 1 border bottom 260
image 1 border left 223
image 1 border right 223
image 2 dpi 300
image 2 border top 646
image 2 border bottom 128
image 2 border left 221
image 2 border right 221

</system-out><system-err>--------------------------------- Captured Err ---------------------------------

</system-err></testcase><testcase classname="tests.test_features" name="test_mock_stop_at_0" time="0.053"><system-out>--------------------------------- Captured Log ---------------------------------

--------------------------------- Captured Out ---------------------------------
/home/runner/work/ocr-book/ocr-book/tests/0001_0.png

</system-out><system-err>--------------------------------- Captured Err ---------------------------------

</system-err></testcase><testcase classname="tests.test_features" name="test_mock_stop_at_2" time="36.936"><system-out>--------------------------------- Captured Log ---------------------------------

--------------------------------- Captured Out ---------------------------------
/home/runner/work/ocr-book/ocr-book/tests/0001_2.png
separation double page angle 90.53945493634917
separation double page y=0 2485
page rotation 1 0.75
page rotation 2 0.2

</system-out><system-err>--------------------------------- Captured Err ---------------------------------

</system-err></testcase><testcase classname="tests.test_features" name="test_mock_stop_at_1" time="20.772"><system-out>--------------------------------- Captured Log ---------------------------------

--------------------------------- Captured Out ---------------------------------
/home/runner/work/ocr-book/ocr-book/tests/0001_1.png
separation double page angle 90.53945493634917
separation double page y=0 2485

</system-out><system-err>--------------------------------- Captured Err ---------------------------------

</system-err></testcase><testcase classname="tests.test_features" name="test_mock_stop_at_3" time="38.634"><system-out>--------------------------------- Captured Log ---------------------------------

--------------------------------- Captured Out ---------------------------------
/home/runner/work/ocr-book/ocr-book/tests/0001_3.png
separation double page angle 90.53945493634917
separation double page y=0 2485
page rotation 1 0.75
page rotation 2 0.2
image 1 crop x1 330
image 1 crop y1 336
image 1 crop x2 2343
image 1 crop y2 3223
image 2 crop x1 169
image 2 crop y1 648
image 2 crop x2 2186
image 2 crop y2 3361

</system-out><system-err>--------------------------------- Captured Err ---------------------------------

</system-err></testcase><testcase classname="tests.test_features" name="test_mock_stop_at_5" time="39.517"><system-out>--------------------------------- Captured Log ---------------------------------

--------------------------------- Captured Out ---------------------------------
/home/runner/work/ocr-book/ocr-book/tests/0001_5.png
separation double page angle 90.53945493634917
separation double page y=0 2485
page rotation 1 0.75
page rotation 2 0.2
image 1 crop x1 330
image 1 crop y1 336
image 1 crop x2 2343
image 1 crop y2 3223
image 2 crop x1 169
image 2 crop y1 648
image 2 crop x2 2186
image 2 crop y2 3361
image 1 dpi 300
image 1 border top 340
image 1 border bottom 260
image 1 border left 223
image 1 border right 223
image 2 dpi 300
image 2 border top 646
image 2 border bottom 128
image 2 border left 221
image 2 border right 221

</system-out><system-err>--------------------------------- Captured Err ---------------------------------

</system-err></testcase><testcase classname="tests.test_features" name="test_mock_stop_at_4" time="39.389"><system-out>--------------------------------- Captured Log ---------------------------------

--------------------------------- Captured Out ---------------------------------
/home/runner/work/ocr-book/ocr-book/tests/0001_4.png
separation double page angle 90.53945493634917
separation double page y=0 2485
page rotation 1 0.75
page rotation 2 0.2
image 1 crop x1 330
image 1 crop y1 336
image 1 crop x2 2343
image 1 crop y2 3223
image 2 crop x1 169
image 2 crop y1 648
image 2 crop x2 2186
image 2 crop y2 3361
image 1 dpi 300
image 1 border top 340
image 1 border bottom 260
image 1 border left 223
image 1 border right 223
image 2 dpi 300
image 2 border top 646
image 2 border bottom 128
image 2 border left 221
image 2 border right 221

</system-out><system-err>--------------------------------- Captured Err ---------------------------------

</system-err></testcase><testcase classname="tests.test_images" name="test_0001_png" time="39.547"><system-out>--------------------------------- Captured Log ---------------------------------

--------------------------------- Captured Out ---------------------------------
/home/runner/work/ocr-book/ocr-book/tests/0001.png
1606317181531562240 : Checking separation double page angle 90.53945493634917
1606317181531664640 : Checking separation double page y=0 2485
1606317188107922688 : Checking page rotation 1 0.75
1606317196286428160 : Checking page rotation 2 0.2
1606317197987750912 : Checking image 1 crop x1 330
1606317197987844096 : Checking image 1 crop y1 336
1606317197987889152 : Checking image 1 crop x2 2343
1606317197987930880 : Checking image 1 crop y2 3223
1606317199848099840 : Checking image 2 crop x1 169
1606317199848187904 : Checking image 2 crop y1 648
1606317199848228608 : Checking image 2 crop x2 2186
1606317199848268032 : Checking image 2 crop y2 3361
1606317199883019264 : Checking image 1 dpi 300
1606317199883125504 : Checking image 1 border top 340
1606317199883165440 : Checking image 1 border bottom 260
1606317199883201792 : Checking image 1 border left 223
1606317199883236608 : Checking image 1 border right 223
1606317199885142528 : Checking image 2 dpi 300
1606317199885227520 : Checking image 2 border top 646
1606317199885264128 : Checking image 2 border bottom 128
1606317199885299712 : Checking image 2 border left 221
1606317199885334528 : Checking image 2 border right 221

</system-out><system-err>--------------------------------- Captured Err ---------------------------------

</system-err></testcase><testcase classname="tests.test_images" name="test_2_pages_2_contours_png" time="25.615"><system-out>--------------------------------- Captured Log ---------------------------------

--------------------------------- Captured Out ---------------------------------
/home/runner/work/ocr-book/ocr-book/tests/2-pages-2-contours.png
1606317200997761280 : Checking separation double page angle 90.15647898380502
1606317200997849600 : Checking separation double page y=0 2489
1606317203076162816 : Checking page rotation 1 0.05
1606317209448498688 : Checking page rotation 2 0.35000000000000003
1606317210274077952 : Checking image 1 crop x1 1190
1606317210274172928 : Checking image 1 crop y1 1733
1606317210274210048 : Checking image 1 crop x2 1191
1606317210274245376 : Checking image 1 crop y2 1734
1606317211941451264 : Checking image 2 crop x1 102
1606317211941590272 : Checking image 2 crop y1 240
1606317211941635328 : Checking image 2 crop x2 2149
1606317211941678080 : Checking image 2 crop y2 3239
1606317211975969024 : Checking image 1 dpi 300
1606317211976087040 : Checking image 1 border top 1752
1606317211976124416 : Checking image 1 border bottom 1753
1606317211976158720 : Checking image 1 border left 1239
1606317211976192256 : Checking image 1 border right 1239
1606317211977651968 : Checking image 2 dpi 300
1606317211977754624 : Checking image 2 border top 231
1606317211977793024 : Checking image 2 border bottom 257
1606317211977829888 : Checking image 2 border left 206
1606317211977865728 : Checking image 2 border right 206

</system-out><system-err>--------------------------------- Captured Err ---------------------------------

</system-err></testcase><testcase classname="tests.test_images" name="test_black_border_not_removed_png" time="45.671"><system-out>--------------------------------- Captured Log ---------------------------------

--------------------------------- Captured Out ---------------------------------
/home/runner/work/ocr-book/ocr-book/tests/black-border-not-removed.png
1606317226255355136 : Checking separation double page angle 89.9903688802698
1606317226255437568 : Checking separation double page y=0 2455
1606317231944207616 : Checking page rotation 1 0.0
1606317241216555776 : Checking page rotation 2 0.0
1606317243159336448 : Checking image 1 crop x1 297
1606317243159431680 : Checking image 1 crop y1 143
1606317243159476224 : Checking image 1 crop x2 2309
1606317243159518208 : Checking image 1 crop y2 3346
1606317245524158208 : Checking image 2 crop x1 156
1606317245524250112 : Checking image 2 crop y1 145
1606317245524293120 : Checking image 2 crop x2 2168
1606317245524332544 : Checking image 2 crop y2 3352
1606317245561586176 : Checking image 1 dpi 300
1606317245561705472 : Checking image 1 border top 130
1606317245561745408 : Checking image 1 border bottom 154
1606317245561782528 : Checking image 1 border left 224
1606317245561817600 : Checking image 1 border right 224
1606317245563866880 : Checking image 2 dpi 300
1606317245563952128 : Checking image 2 border top 139
1606317245563988992 : Checking image 2 border bottom 141
1606317245564023808 : Checking image 2 border left 224
1606317245564058880 : Checking image 2 border right 224

</system-out><system-err>--------------------------------- Captured Err ---------------------------------

</system-err></testcase><testcase classname="tests.test_images" name="test_image_failed_to_rotate_png" time="43.944"><system-out>--------------------------------- Captured Log ---------------------------------

--------------------------------- Captured Out ---------------------------------
/home/runner/work/ocr-book/ocr-book/tests/image_failed_to_rotate.png
1606317231160737024 : Checking separation double page angle 90.14353130056523
1606317231160830720 : Checking separation double page y=0 2477
1606317236171848960 : Checking page rotation 1 0.35000000000000003
1606317243282838528 : Checking page rotation 2 0.45
1606317253744541184 : Checking image 1 crop x1 34
1606317253744640256 : Checking image 1 crop y1 1
1606317253744678144 : Checking image 1 crop x2 2475
1606317253744713728 : Checking image 1 crop y2 3501
1606317255766126848 : Checking image 2 crop x1 170
1606317255766225664 : Checking image 2 crop y1 234
1606317255766270464 : Checking image 2 crop x2 2249
1606317255766312448 : Checking image 2 crop y2 3355
1606317255808164096 : Checking image 1 dpi 300
1606317255808264448 : Checking image 1 border top 4
1606317255808301824 : Checking image 1 border bottom 4
1606317255808335360 : Checking image 1 border left 20
1606317255808368640 : Checking image 1 border right 20
1606317255810366720 : Checking image 2 dpi 300
1606317255810452224 : Checking image 2 border top 220
1606317255810487296 : Checking image 2 border bottom 146
1606317255810520576 : Checking image 2 border left 190
1606317255810553856 : Checking image 2 border right 190

</system-out><system-err>--------------------------------- Captured Err ---------------------------------

</system-err></testcase><testcase classname="tests.test_images" name="test_image_failed_to_crop_data_png" time="42.845"><system-out>--------------------------------- Captured Log ---------------------------------

--------------------------------- Captured Out ---------------------------------
/home/runner/work/ocr-book/ocr-book/tests/image_failed_to_crop_data.png
1606317266434582016 : Checking separation double page angle 90.06229002284861
1606317266434679296 : Checking separation double page y=0 2482
1606317271741195008 : Checking page rotation 1 0.2
1606317276637600256 : Checking page rotation 2 0.05
1606317286468083968 : Checking image 1 crop x1 58
1606317286468179200 : Checking image 1 crop y1 8
1606317286468216064 : Checking image 1 crop x2 2480
1606317286468250880 : Checking image 1 crop y2 3504
1606317288291094272 : Checking image 2 crop x1 159
1606317288291186688 : Checking image 2 crop y1 217
1606317288291231488 : Checking image 2 crop x2 2240
1606317288291273984 : Checking image 2 crop y2 3350
1606317288339559936 : Checking image 1 dpi 300
1606317288339673088 : Checking image 1 border top 6
1606317288339710464 : Checking image 1 border bottom 6
1606317288339744256 : Checking image 1 border left 29
1606317288339777280 : Checking image 1 border right 29
1606317288341803264 : Checking image 2 dpi 300
1606317288341894400 : Checking image 2 border top 224
1606317288341930240 : Checking image 2 border bottom 130
1606317288341963264 : Checking image 2 border left 189
1606317288341995776 : Checking image 2 border right 189

</system-out><system-err>--------------------------------- Captured Err ---------------------------------

</system-err></testcase><testcase classname="tests.test_images" name="test_wrong_angle_split_line_png" time="54.630"><system-out>--------------------------------- Captured Log ---------------------------------

--------------------------------- Captured Out ---------------------------------
/home/runner/work/ocr-book/ocr-book/tests/wrong_angle_split_line.png
1606317281192416000 : Checking separation double page angle 90.08422009258813
1606317281192508672 : Checking separation double page y=0 2487
1606317288377645312 : Checking page rotation 1 0.0
1606317296186601984 : Checking page rotation 2 0.0
1606317306871514624 : Checking image 1 crop x1 53
1606317306871614208 : Checking image 1 crop y1 8
1606317306871651840 : Checking image 1 crop x2 2485
1606317306871687424 : Checking image 1 crop y2 3505
1606317309597103360 : Checking image 2 crop x1 154
1606317309597197568 : Checking image 2 crop y1 217
1606317309597238784 : Checking image 2 crop x2 2237
1606317309597278208 : Checking image 2 crop y2 3350
1606317309766078208 : Checking image 1 dpi 300
1606317309766199552 : Checking image 1 border top 5
1606317309766240512 : Checking image 1 border bottom 5
1606317309766277632 : Checking image 1 border left 24
1606317309766313984 : Checking image 1 border right 24
1606317309773757440 : Checking image 2 dpi 300
1606317309773891584 : Checking image 2 border top 213
1606317309773932544 : Checking image 2 border bottom 141
1606317309773970176 : Checking image 2 border left 188
1606317309774006528 : Checking image 2 border right 188

</system-out><system-err>--------------------------------- Captured Err ---------------------------------

</system-err></testcase><testcase classname="tests.test_images" name="test_angle_page_lower_split_line_png" time="30.232"><system-out>--------------------------------- Captured Log ---------------------------------

--------------------------------- Captured Out ---------------------------------
/home/runner/work/ocr-book/ocr-book/tests/angle_page_lower_split_line.png
1606317302259401984 : Checking separation double page angle 89.74710364870903
1606317302259487744 : Checking separation double page y=0 2471
1606317308941863424 : Checking page rotation 1 -0.44999999999998863
1606317314876687360 : Checking page rotation 2 0.2
1606317316764685568 : Checking image 1 crop x1 245
1606317316764777472 : Checking image 1 crop y1 161
1606317316764816384 : Checking image 1 crop x2 2351
1606317316764852992 : Checking image 1 crop y2 3364
1606317318395873280 : Checking image 2 crop x1 153
1606317318395971072 : Checking image 2 crop y1 147
1606317318396012800 : Checking image 2 crop x2 2260
1606317318396052224 : Checking image 2 crop y2 3350
1606317318433877248 : Checking image 1 dpi 300
1606317318433993728 : Checking image 1 border top 132
1606317318434032128 : Checking image 1 border bottom 152
1606317318434065664 : Checking image 1 border left 177
1606317318434098176 : Checking image 1 border right 177
1606317318436117504 : Checking image 2 dpi 300
1606317318436206848 : Checking image 2 border top 116
1606317318436242432 : Checking image 2 border bottom 168
1606317318436274688 : Checking image 2 border left 176
1606317318436306688 : Checking image 2 border right 176

</system-out><system-err>--------------------------------- Captured Err ---------------------------------

</system-err></testcase><testcase classname="tests.test_images" name="test_wrong_split_line_png" time="31.317"><system-out>--------------------------------- Captured Log ---------------------------------

--------------------------------- Captured Out ---------------------------------
/home/runner/work/ocr-book/ocr-book/tests/wrong_split_line.png
1606317328697669632 : Checking separation double page angle 89.81531182790899
1606317328697772032 : Checking separation double page y=0 2465
1606317334007838208 : Checking page rotation 1 -0.04999999999999716
1606317339135532288 : Checking page rotation 2 0.6000000000000001
1606317340497481728 : Checking image 1 crop x1 211
1606317340497606656 : Checking image 1 crop y1 156
1606317340497648384 : Checking image 1 crop x2 2323
1606317340497687296 : Checking image 1 crop y2 3363
1606317341837100800 : Checking image 2 crop x1 124
1606317341837192448 : Checking image 2 crop y1 167
1606317341837233408 : Checking image 2 crop x2 2236
1606317341837272832 : Checking image 2 crop y2 3373
1606317341871928832 : Checking image 1 dpi 300
1606317341872041216 : Checking image 1 border top 116
1606317341872079360 : Checking image 1 border bottom 164
1606317341872113408 : Checking image 1 border left 174
1606317341872146688 : Checking image 1 border right 174
1606317341874197760 : Checking image 2 dpi 300
1606317341874284800 : Checking image 2 border top 142
1606317341874319616 : Checking image 2 border bottom 139
1606317341874353408 : Checking image 2 border left 174
1606317341874386688 : Checking image 2 border right 174

</system-out><system-err>--------------------------------- Captured Err ---------------------------------

</system-err></testcase><testcase classname="tests.test_images" name="test_crop_too_much_png" time="54.223"><system-out>--------------------------------- Captured Log ---------------------------------

--------------------------------- Captured Out ---------------------------------
/home/runner/work/ocr-book/ocr-book/tests/crop_too_much.png
1606317342975610880 : Checking separation double page angle 90.14985593620918
1606317342975694848 : Checking separation double page y=0 2457
1606317354690388992 : Checking page rotation 1 0.0
1606317367004606976 : Checking page rotation 2 0.4
1606317369999513088 : Checking image 1 crop x1 303
1606317369999617024 : Checking image 1 crop y1 148
1606317369999661568 : Checking image 1 crop x2 2313
1606317369999703296 : Checking image 1 crop y2 3351
1606317372802501632 : Checking image 2 crop x1 166
1606317372802604288 : Checking image 2 crop y1 154
1606317372802649088 : Checking image 2 crop x2 2180
1606317372802691328 : Checking image 2 crop y2 3360
1606317372853143040 : Checking image 1 dpi 300
1606317372853268480 : Checking image 1 border top 131
1606317372853309184 : Checking image 1 border bottom 153
1606317372853345792 : Checking image 1 border left 225
1606317372853381120 : Checking image 1 border right 225
1606317372855200768 : Checking image 2 dpi 300
1606317372855302912 : Checking image 2 border top 138
1606317372855340544 : Checking image 2 border bottom 143
1606317372855375616 : Checking image 2 border left 223
1606317372855410944 : Checking image 2 border right 223

</system-out><system-err>--------------------------------- Captured Err ---------------------------------

</system-err></testcase><testcase classname="tests.test_images" name="test_crop_too_few_png" time="40.643"><system-out>--------------------------------- Captured Log ---------------------------------

--------------------------------- Captured Out ---------------------------------
/home/runner/work/ocr-book/ocr-book/tests/crop_too_few.png
1606317364518047488 : Checking separation double page angle 89.22405802376838
1606317364518150400 : Checking separation double page y=0 2508
1606317371742679296 : Checking page rotation 1 -0.75
1606317379370512128 : Checking page rotation 2 0.0
1606317380974453248 : Checking image 1 crop x1 265
1606317380974557440 : Checking image 1 crop y1 152
1606317380974601728 : Checking image 1 crop x2 2375
1606317380974643456 : Checking image 1 crop y2 3356
1606317382481916416 : Checking image 2 crop x1 141
1606317382482019840 : Checking image 2 crop y1 141
1606317382482064128 : Checking image 2 crop x2 2263
1606317382482106112 : Checking image 2 crop y2 3345
1606317382516471040 : Checking image 1 dpi 300
1606317382516589056 : Checking image 1 border top 116
1606317382516630016 : Checking image 1 border bottom 167
1606317382516666624 : Checking image 1 border left 175
1606317382516702208 : Checking image 1 border right 175
1606317382518499840 : Checking image 2 dpi 300
1606317382518606592 : Checking image 2 border top 140
1606317382518644992 : Checking image 2 border bottom 143
1606317382518681856 : Checking image 2 border left 169
1606317382518717952 : Checking image 2 border right 169

</system-out><system-err>--------------------------------- Captured Err ---------------------------------

</system-err></testcase><testcase classname="tests.test_images" name="test_crop_too_much_2_png" time="50.989"><system-out>--------------------------------- Captured Log ---------------------------------

--------------------------------- Captured Out ---------------------------------
/home/runner/work/ocr-book/ocr-book/tests/crop_too_much_2.png
1606317395739481344 : Checking separation double page angle 90.15230317635223
1606317395739592960 : Checking separation double page y=0 2476
1606317407126849024 : Checking page rotation 1 0.2
1606317417837764864 : Checking page rotation 2 0.2
1606317420638845696 : Checking image 1 crop x1 332
1606317420638934272 : Checking image 1 crop y1 131
1606317420638975232 : Checking image 1 crop x2 2342
1606317420639013888 : Checking image 1 crop y2 3336
1606317423777692928 : Checking image 2 crop x1 166
1606317423777793280 : Checking image 2 crop y1 139
1606317423777838336 : Checking image 2 crop x2 2179
1606317423777880320 : Checking image 2 crop y2 3345
1606317423833702656 : Checking image 1 dpi 300
1606317423833815808 : Checking image 1 border top 116
1606317423833855488 : Checking image 1 border bottom 166
1606317423833891840 : Checking image 1 border left 225
1606317423833926912 : Checking image 1 border right 225
1606317423835905024 : Checking image 2 dpi 300
1606317423835992320 : Checking image 2 border top 133
1606317423836029696 : Checking image 2 border bottom 148
1606317423836065024 : Checking image 2 border left 223
1606317423836100352 : Checking image 2 border right 223

</system-out><system-err>--------------------------------- Captured Err ---------------------------------

</system-err></testcase></testsuite></testsuites>