<?xml version="1.0" encoding="utf-8"?><testsuites><testsuite name="pytest" errors="0" failures="0" skipped="0" tests="34" time="1002.394" timestamp="2020-12-19T21:06:46.711271" hostname="fv-az67-942"><testcase classname="tests.test_features" name="test_mock_stop_at_0" time="0.054"><system-out>--------------------------------- Captured Log ---------------------------------

--------------------------------- Captured Out ---------------------------------
/home/runner/work/ocr-book/ocr-book/tests/0001_0.png

</system-out><system-err>--------------------------------- Captured Err ---------------------------------

</system-err></testcase><testcase classname="tests.test_features" name="test_disabled_enable_debug" time="47.707"><system-out>--------------------------------- Captured Log ---------------------------------

--------------------------------- Captured Out ---------------------------------
/home/runner/work/ocr-book/ocr-book/tests/0001_debug.png
separation double page angle 90.5778088189967
separation double page y=0 2485
page rotation 1 0.7
page rotation 2 0.2
image 1 crop x1 330
image 1 crop y1 335
image 1 crop x2 2343
image 1 crop y2 3223
image 2 crop x1 171
image 2 crop y1 648
image 2 crop x2 2188
image 2 crop y2 3361
image 1 dpi 300
image 1 border top 332
image 1 border bottom 267
image 1 border left 223
image 1 border right 223
image 2 dpi 300
image 2 border top 643
image 2 border bottom 131
image 2 border left 221
image 2 border right 221

</system-out><system-err>--------------------------------- Captured Err ---------------------------------

</system-err></testcase><testcase classname="tests.test_features" name="test_mock_stop_at_2" time="42.042"><system-out>--------------------------------- Captured Log ---------------------------------

--------------------------------- Captured Out ---------------------------------
/home/runner/work/ocr-book/ocr-book/tests/0001_2.png
separation double page angle 90.5778088189967
separation double page y=0 2485
page rotation 1 0.7
page rotation 2 0.2

</system-out><system-err>--------------------------------- Captured Err ---------------------------------

</system-err></testcase><testcase classname="tests.test_features" name="test_mock_stop_at_4" time="46.190"><system-out>--------------------------------- Captured Log ---------------------------------

--------------------------------- Captured Out ---------------------------------
/home/runner/work/ocr-book/ocr-book/tests/0001_4.png
separation double page angle 90.5778088189967
separation double page y=0 2485
page rotation 1 0.7
page rotation 2 0.2
image 1 crop x1 330
image 1 crop y1 335
image 1 crop x2 2343
image 1 crop y2 3223
image 2 crop x1 171
image 2 crop y1 648
image 2 crop x2 2188
image 2 crop y2 3361
image 1 dpi 300
image 1 border top 332
image 1 border bottom 267
image 1 border left 223
image 1 border right 223
image 2 dpi 300
image 2 border top 643
image 2 border bottom 131
image 2 border left 221
image 2 border right 221

</system-out><system-err>--------------------------------- Captured Err ---------------------------------

</system-err></testcase><testcase classname="tests.test_features" name="test_mock_stop_at_1" time="27.964"><system-out>--------------------------------- Captured Log ---------------------------------

--------------------------------- Captured Out ---------------------------------
/home/runner/work/ocr-book/ocr-book/tests/0001_1.png
separation double page angle 90.5778088189967
separation double page y=0 2485

</system-out><system-err>--------------------------------- Captured Err ---------------------------------

</system-err></testcase><testcase classname="tests.test_features" name="test_mock_stop_at_3" time="45.610"><system-out>--------------------------------- Captured Log ---------------------------------

--------------------------------- Captured Out ---------------------------------
/home/runner/work/ocr-book/ocr-book/tests/0001_3.png
separation double page angle 90.5778088189967
separation double page y=0 2485
page rotation 1 0.7
page rotation 2 0.2
image 1 crop x1 330
image 1 crop y1 335
image 1 crop x2 2343
image 1 crop y2 3223
image 2 crop x1 171
image 2 crop y1 648
image 2 crop x2 2188
image 2 crop y2 3361

</system-out><system-err>--------------------------------- Captured Err ---------------------------------

</system-err></testcase><testcase classname="tests.test_images" name="test_0001_png" time="58.549"><system-out>--------------------------------- Captured Log ---------------------------------

--------------------------------- Captured Out ---------------------------------
/home/runner/work/ocr-book/ocr-book/tests/0001.png
1608412129907551932 : Checking separation double page angle 90.5778088189967
1608412129907666337 : Checking separation double page y=0 2485
1608412137259569562 : Checking page rotation 1 0.7
1608412146286482810 : Checking page rotation 2 0.2
1608412150690530160 : Checking image 1 crop x1 330
1608412150690651465 : Checking image 1 crop y1 335
1608412150690694767 : Checking image 1 crop x2 2343
1608412150690731168 : Checking image 1 crop y2 3223
1608412154614143305 : Checking image 2 crop x1 171
1608412154614263109 : Checking image 2 crop y1 648
1608412154614306611 : Checking image 2 crop x2 2188
1608412154614344813 : Checking image 2 crop y2 3361
1608412154650055440 : Checking image 1 dpi 300
1608412154650171644 : Checking image 1 border top 332
1608412154650211946 : Checking image 1 border bottom 267
1608412154650248747 : Checking image 1 border left 223
1608412154650283749 : Checking image 1 border right 223
1608412154652747747 : Checking image 2 dpi 300
1608412154652838851 : Checking image 2 border top 643
1608412154652875152 : Checking image 2 border bottom 131
1608412154652909854 : Checking image 2 border left 221
1608412154652944255 : Checking image 2 border right 221

</system-out><system-err>--------------------------------- Captured Err ---------------------------------

</system-err></testcase><testcase classname="tests.test_features" name="test_mock_stop_at_5" time="47.727"><system-out>--------------------------------- Captured Log ---------------------------------

--------------------------------- Captured Out ---------------------------------
/home/runner/work/ocr-book/ocr-book/tests/0001_5.png
separation double page angle 90.5778088189967
separation double page y=0 2485
page rotation 1 0.7
page rotation 2 0.2
image 1 crop x1 330
image 1 crop y1 335
image 1 crop x2 2343
image 1 crop y2 3223
image 2 crop x1 171
image 2 crop y1 648
image 2 crop x2 2188
image 2 crop y2 3361
image 1 dpi 300
image 1 border top 332
image 1 border bottom 267
image 1 border left 223
image 1 border right 223
image 2 dpi 300
image 2 border top 643
image 2 border bottom 131
image 2 border left 221
image 2 border right 221

</system-out><system-err>--------------------------------- Captured Err ---------------------------------

</system-err></testcase><testcase classname="tests.test_images" name="test_2_pages_2_contours_png" time="41.125"><system-out>--------------------------------- Captured Log ---------------------------------

--------------------------------- Captured Out ---------------------------------
/home/runner/work/ocr-book/ocr-book/tests/2-pages-2-contours.png
1608412179230063438 : Checking separation double page angle 90.14036871655934
1608412179230164241 : Checking separation double page y=0 2489
1608412181489956723 : Checking page rotation 1 0.05
1608412188117970854 : Checking page rotation 2 0.4
1608412189847375862 : Checking image 1 crop x1 1188
1608412189847480766 : Checking image 1 crop y1 1751
1608412189847518267 : Checking image 1 crop x2 1189
1608412189847551368 : Checking image 1 crop y2 1752
1608412195755883968 : Checking image 2 crop x1 101
1608412195756007172 : Checking image 2 crop y1 240
1608412195756047773 : Checking image 2 crop x2 2148
1608412195756085574 : Checking image 2 crop y2 3239
1608412195791471463 : Checking image 1 dpi 300
1608412195791588167 : Checking image 1 border top 1752
1608412195791626568 : Checking image 1 border bottom 1753
1608412195791662070 : Checking image 1 border left 1239
1608412195791696171 : Checking image 1 border right 1239
1608412195793610135 : Checking image 2 dpi 300
1608412195793701038 : Checking image 2 border top 230
1608412195793736839 : Checking image 2 border bottom 258
1608412195793771440 : Checking image 2 border left 206
1608412195793805442 : Checking image 2 border right 206

</system-out><system-err>--------------------------------- Captured Err ---------------------------------

</system-err></testcase><testcase classname="tests.test_images" name="test_angle_page_lower_split_line_png" time="62.467"><system-out>--------------------------------- Captured Log ---------------------------------

--------------------------------- Captured Out ---------------------------------
/home/runner/work/ocr-book/ocr-book/tests/angle_page_lower_split_line.png
1608412218118046535 : Checking separation double page angle 89.77701324945475
1608412218118154738 : Checking separation double page y=0 2475
1608412226210779359 : Checking page rotation 1 -0.34999999999999093
1608412232779871649 : Checking page rotation 2 0.2
1608412236202599217 : Checking image 1 crop x1 243
1608412236202731121 : Checking image 1 crop y1 159
1608412236202771422 : Checking image 1 crop x2 2351
1608412236202808123 : Checking image 1 crop y2 3365
1608412239253346708 : Checking image 2 crop x1 149
1608412239253478312 : Checking image 2 crop y1 147
1608412239253517513 : Checking image 2 crop x2 2256
1608412239253554815 : Checking image 2 crop y2 3350
1608412239292989501 : Checking image 1 dpi 300
1608412239293108605 : Checking image 1 border top 143
1608412239293147006 : Checking image 1 border bottom 138
1608412239293181807 : Checking image 1 border left 176
1608412239293216008 : Checking image 1 border right 176
1608412239295453975 : Checking image 2 dpi 300
1608412239295535578 : Checking image 2 border top 130
1608412239295570279 : Checking image 2 border bottom 154
1608412239295603880 : Checking image 2 border left 176
1608412239295637181 : Checking image 2 border right 176

</system-out><system-err>--------------------------------- Captured Err ---------------------------------

</system-err></testcase><testcase classname="tests.test_images" name="test_black_border_not_removed_png" time="65.572"><system-out>--------------------------------- Captured Log ---------------------------------

--------------------------------- Captured Out ---------------------------------
/home/runner/work/ocr-book/ocr-book/tests/black-border-not-removed.png
1608412233298253339 : Checking separation double page angle 90.008171103531
1608412233298361742 : Checking separation double page y=0 2455
1608412240472299157 : Checking page rotation 1 0.05
1608412251497111551 : Checking page rotation 2 0.0
1608412255681604932 : Checking image 1 crop x1 298
1608412255681727136 : Checking image 1 crop y1 142
1608412255681767737 : Checking image 1 crop x2 2308
1608412255681803738 : Checking image 1 crop y2 3347
1608412261315047520 : Checking image 2 crop x1 157
1608412261315160523 : Checking image 2 crop y1 145
1608412261315197925 : Checking image 2 crop x2 2169
1608412261315233826 : Checking image 2 crop y2 3352
1608412261353190329 : Checking image 1 dpi 300
1608412261353313032 : Checking image 1 border top 134
1608412261353352033 : Checking image 1 border bottom 148
1608412261353387134 : Checking image 1 border left 225
1608412261353421535 : Checking image 1 border right 225
1608412261355849906 : Checking image 2 dpi 300
1608412261355937408 : Checking image 2 border top 132
1608412261355973209 : Checking image 2 border bottom 148
1608412261356007110 : Checking image 2 border left 224
1608412261356041011 : Checking image 2 border right 224

</system-out><system-err>--------------------------------- Captured Err ---------------------------------

</system-err></testcase><testcase classname="tests.test_images" name="test_wrong_split_line_png" time="50.075"><system-out>--------------------------------- Captured Log ---------------------------------

--------------------------------- Captured Out ---------------------------------
/home/runner/work/ocr-book/ocr-book/tests/wrong_split_line.png
1608412270465798839 : Checking separation double page angle 89.93395720607973
1608412270465911743 : Checking separation double page y=0 2465
1608412276622825627 : Checking page rotation 1 -0.14999999999999067
1608412282468641020 : Checking page rotation 2 0.5
1608412285200794907 : Checking image 1 crop x1 213
1608412285200915110 : Checking image 1 crop y1 157
1608412285200952611 : Checking image 1 crop x2 2323
1608412285200986412 : Checking image 1 crop y2 3362
1608412289329638173 : Checking image 2 crop x1 125
1608412289329764077 : Checking image 2 crop y1 165
1608412289329802478 : Checking image 2 crop x2 2237
1608412289329838879 : Checking image 2 crop y2 3374
1608412289366949324 : Checking image 1 dpi 300
1608412289367076128 : Checking image 1 border top 134
1608412289367111329 : Checking image 1 border bottom 148
1608412289367161230 : Checking image 1 border left 175
1608412289367194631 : Checking image 1 border right 175
1608412289376572295 : Checking image 2 dpi 300
1608412289376670198 : Checking image 2 border top 143
1608412289376705499 : Checking image 2 border bottom 135
1608412289376739000 : Checking image 2 border left 174
1608412289376772101 : Checking image 2 border right 174

</system-out><system-err>--------------------------------- Captured Err ---------------------------------

</system-err></testcase><testcase classname="tests.test_images" name="test_image_failed_to_rotate_png" time="67.641"><system-out>--------------------------------- Captured Log ---------------------------------

--------------------------------- Captured Out ---------------------------------
/home/runner/work/ocr-book/ocr-book/tests/image_failed_to_rotate.png
1608412296327505372 : Checking separation double page angle 90.38781598189921
1608412296327626076 : Checking separation double page y=0 2485
1608412301880384283 : Checking page rotation 1 0.35
1608412310339863726 : Checking page rotation 2 0.45
1608412322308515477 : Checking image 1 crop x1 34
1608412322308628880 : Checking image 1 crop y1 1
1608412322308669381 : Checking image 1 crop x2 2483
1608412322308705182 : Checking image 1 crop y2 3500
1608412328809873957 : Checking image 2 crop x1 177
1608412328809991061 : Checking image 2 crop y1 234
1608412328810028762 : Checking image 2 crop x2 2256
1608412328810065163 : Checking image 2 crop y2 3355
1608412328853819763 : Checking image 1 dpi 300
1608412328853938667 : Checking image 1 border top 4
1608412328853976768 : Checking image 1 border bottom 4
1608412328854009168 : Checking image 1 border left 16
1608412328854041369 : Checking image 1 border right 16
1608412328856595339 : Checking image 2 dpi 300
1608412328856688142 : Checking image 2 border top 221
1608412328856729343 : Checking image 2 border bottom 145
1608412328856763444 : Checking image 2 border left 190
1608412328856797245 : Checking image 2 border right 190

</system-out><system-err>--------------------------------- Captured Err ---------------------------------

</system-err></testcase><testcase classname="tests.test_images" name="test_crop_too_much_png" time="83.265"><system-out>--------------------------------- Captured Log ---------------------------------

--------------------------------- Captured Out ---------------------------------
/home/runner/work/ocr-book/ocr-book/tests/crop_too_much.png
1608412340524622712 : Checking separation double page angle 90.18239409272952
1608412340524731115 : Checking separation double page y=0 2455
1608412352064062554 : Checking page rotation 1 0.0
1608412363016306643 : Checking page rotation 2 0.45
1608412368058616713 : Checking image 1 crop x1 303
1608412368058740633 : Checking image 1 crop y1 148
1608412368058779340 : Checking image 1 crop x2 2313
1608412368058811445 : Checking image 1 crop y2 3351
1608412372590212870 : Checking image 2 crop x1 171
1608412372590325988 : Checking image 2 crop y1 155
1608412372590357993 : Checking image 2 crop x2 2182
1608412372590388098 : Checking image 2 crop y2 3359
1608412372636703445 : Checking image 1 dpi 300
1608412372636820864 : Checking image 1 border top 132
1608412372636859270 : Checking image 1 border bottom 152
1608412372636893376 : Checking image 1 border left 225
1608412372636928481 : Checking image 1 border right 225
1608412372639160640 : Checking image 2 dpi 300
1608412372639245354 : Checking image 2 border top 138
1608412372639280159 : Checking image 2 border bottom 145
1608412372639312765 : Checking image 2 border left 224
1608412372639349671 : Checking image 2 border right 224

</system-out><system-err>--------------------------------- Captured Err ---------------------------------

</system-err></testcase><testcase classname="tests.test_images" name="test_image_failed_to_crop_data_png" time="65.180"><system-out>--------------------------------- Captured Log ---------------------------------

--------------------------------- Captured Out ---------------------------------
/home/runner/work/ocr-book/ocr-book/tests/image_failed_to_crop_data.png
1608412363982310298 : Checking separation double page angle 89.96358807166011
1608412363982409501 : Checking separation double page y=0 2477
1608412370050686612 : Checking page rotation 1 0.2
1608412375727491741 : Checking page rotation 2 0.05
1608412389033572389 : Checking image 1 crop x1 50
1608412389033694007 : Checking image 1 crop y1 7
1608412389033737313 : Checking image 1 crop x2 2477
1608412389033775419 : Checking image 1 crop y2 3502
1608412394082211449 : Checking image 2 crop x1 160
1608412394082327765 : Checking image 2 crop y1 217
1608412394082365671 : Checking image 2 crop x2 2241
1608412394082402076 : Checking image 2 crop y2 3350
1608412394120037519 : Checking image 1 dpi 300
1608412394120190641 : Checking image 1 border top 6
1608412394120233547 : Checking image 1 border bottom 6
1608412394120267652 : Checking image 1 border left 22
1608412394120301557 : Checking image 1 border right 22
1608412394122766607 : Checking image 2 dpi 300
1608412394122853119 : Checking image 2 border top 206
1608412394122890624 : Checking image 2 border bottom 148
1608412394122922129 : Checking image 2 border left 189
1608412394122953433 : Checking image 2 border right 189

</system-out><system-err>--------------------------------- Captured Err ---------------------------------

</system-err></testcase><testcase classname="tests.test_images" name="test_crop_too_few_png" time="51.688"><system-out>--------------------------------- Captured Log ---------------------------------

--------------------------------- Captured Out ---------------------------------
/home/runner/work/ocr-book/ocr-book/tests/crop_too_few.png
1608412406011695490 : Checking separation double page angle 89.54670238452755
1608412406011801604 : Checking separation double page y=0 2512
1608412412516793225 : Checking page rotation 1 -0.6499999999999977
1608412418286502435 : Checking page rotation 2 0.0
1608412421313754969 : Checking image 1 crop x1 263
1608412421313886585 : Checking image 1 crop y1 150
1608412421313926190 : Checking image 1 crop x2 2377
1608412421313960794 : Checking image 1 crop y2 3357
1608412424315314371 : Checking image 2 crop x1 137
1608412424315438986 : Checking image 2 crop y1 141
1608412424315471190 : Checking image 2 crop x2 2259
1608412424315501894 : Checking image 2 crop y2 3345
1608412424349143265 : Checking image 1 dpi 300
1608412424349251878 : Checking image 1 border top 129
1608412424349289382 : Checking image 1 border bottom 150
1608412424349321286 : Checking image 1 border left 173
1608412424349353090 : Checking image 1 border right 173
1608412424351412539 : Checking image 2 dpi 300
1608412424351488049 : Checking image 2 border top 130
1608412424351527153 : Checking image 2 border bottom 153
1608412424351571859 : Checking image 2 border left 169
1608412424351603162 : Checking image 2 border right 169

</system-out><system-err>--------------------------------- Captured Err ---------------------------------

</system-err></testcase><testcase classname="tests.test_images" name="test_wrong_angle_split_line_png" time="72.380"><system-out>--------------------------------- Captured Log ---------------------------------

--------------------------------- Captured Out ---------------------------------
/home/runner/work/ocr-book/ocr-book/tests/wrong_angle_split_line.png
1608412430532905115 : Checking separation double page angle 90.09193420006348
1608412430533042231 : Checking separation double page y=0 2478
1608412438254961985 : Checking page rotation 1 0.05
1608412446816749826 : Checking page rotation 2 0.0
1608412460131133203 : Checking image 1 crop x1 58
1608412460131250315 : Checking image 1 crop y1 7
1608412460131291019 : Checking image 1 crop x2 2472
1608412460131326523 : Checking image 1 crop y2 3505
1608412465659120143 : Checking image 2 crop x1 163
1608412465659246355 : Checking image 2 crop y1 217
1608412465659288560 : Checking image 2 crop x2 2246
1608412465659328264 : Checking image 2 crop y2 3350
1608412465828762487 : Checking image 1 dpi 300
1608412465828884299 : Checking image 1 border top 5
1608412465828947506 : Checking image 1 border bottom 5
1608412465828981809 : Checking image 1 border left 33
1608412465829016713 : Checking image 1 border right 33
1608412465836320338 : Checking image 2 dpi 300
1608412465836423648 : Checking image 2 border top 206
1608412465836457851 : Checking image 2 border bottom 148
1608412465836491355 : Checking image 2 border left 188
1608412465836522858 : Checking image 2 border right 188

</system-out><system-err>--------------------------------- Captured Err ---------------------------------

</system-err></testcase><testcase classname="tests.test_images" name="test_crop_too_much_2_png" time="87.464"><system-out>--------------------------------- Captured Log ---------------------------------

--------------------------------- Captured Out ---------------------------------
/home/runner/work/ocr-book/ocr-book/tests/crop_too_much_2.png
1608412474104339093 : Checking separation double page angle 90.1149074900817
1608412474104457104 : Checking separation double page y=0 2478
1608412486652489347 : Checking page rotation 1 0.2
1608412500691481887 : Checking page rotation 2 0.2
1608412505520020908 : Checking image 1 crop x1 332
1608412505520184321 : Checking image 1 crop y1 131
1608412505520221824 : Checking image 1 crop x2 2342
1608412505520254927 : Checking image 1 crop y2 3336
1608412511722295769 : Checking image 2 crop x1 162
1608412511722432480 : Checking image 2 crop y1 139
1608412511722471383 : Checking image 2 crop x2 2175
1608412511722507986 : Checking image 2 crop y2 3345
1608412511777334979 : Checking image 1 dpi 300
1608412511777453389 : Checking image 1 border top 119
1608412511777490092 : Checking image 1 border bottom 163
1608412511777525395 : Checking image 1 border left 225
1608412511777560797 : Checking image 1 border right 225
1608412511779566062 : Checking image 2 dpi 300
1608412511779642568 : Checking image 2 border top 130
1608412511779674171 : Checking image 2 border bottom 151
1608412511779708173 : Checking image 2 border left 223
1608412511779741276 : Checking image 2 border right 223

</system-out><system-err>--------------------------------- Captured Err ---------------------------------

</system-err></testcase><testcase classname="tests.test_images" name="test_wrong_split_line_3_png" time="68.512"><system-out>--------------------------------- Captured Log ---------------------------------

--------------------------------- Captured Out ---------------------------------
/home/runner/work/ocr-book/ocr-book/tests/wrong_split_line_3.png
1608412509105948683 : Checking separation double page angle 90.41229500214693
1608412509106049991 : Checking separation double page y=0 2495
1608412518552407848 : Checking page rotation 1 0.35
1608412526787762113 : Checking page rotation 2 0.9
1608412531940453902 : Checking image 1 crop x1 331
1608412531940577212 : Checking image 1 crop y1 164
1608412531940618015 : Checking image 1 crop x2 2375
1608412531940655818 : Checking image 1 crop y2 3377
1608412535044320433 : Checking image 2 crop x1 104
1608412535044442742 : Checking image 2 crop y1 208
1608412535044483245 : Checking image 2 crop x2 2135
1608412535044521348 : Checking image 2 crop y2 3413
1608412535084579556 : Checking image 1 dpi 300
1608412535084700265 : Checking image 1 border top 157
1608412535084735968 : Checking image 1 border bottom 116
1608412535084768570 : Checking image 1 border left 208
1608412535084800673 : Checking image 1 border right 208
1608412535087338363 : Checking image 2 dpi 300
1608412535087446471 : Checking image 2 border top 188
1608412535087483274 : Checking image 2 border bottom 94
1608412535087518177 : Checking image 2 border left 214
1608412535087551979 : Checking image 2 border right 214

</system-out><system-err>--------------------------------- Captured Err ---------------------------------

</system-err></testcase><testcase classname="tests.test_images" name="test_wrong_split_line_2_png" time="105.178"><system-out>--------------------------------- Captured Log ---------------------------------

--------------------------------- Captured Out ---------------------------------
/home/runner/work/ocr-book/ocr-book/tests/wrong_split_line_2.png
1608412574689797969 : Checking separation double page angle 90.17444704411862
1608412574689898876 : Checking separation double page y=0 2437
1608412585342444095 : Checking page rotation 1 0.2
1608412598753754088 : Checking page rotation 2 0.4
1608412606010503412 : Checking image 1 crop x1 294
1608412606010631820 : Checking image 1 crop y1 136
1608412606010670323 : Checking image 1 crop x2 2325
1608412606010705525 : Checking image 1 crop y2 3376
1608412616922859842 : Checking image 2 crop x1 138
1608412616922983449 : Checking image 2 crop y1 192
1608412616923020351 : Checking image 2 crop x2 2165
1608412616923055753 : Checking image 2 crop y2 3386
1608412616970653587 : Checking image 1 dpi 300
1608412616970767694 : Checking image 1 border top 131
1608412616970805396 : Checking image 1 border bottom 116
1608412616970839599 : Checking image 1 border left 214
1608412616970872500 : Checking image 1 border right 214
1608412616973037729 : Checking image 2 dpi 300
1608412616973120734 : Checking image 2 border top 184
1608412616973154336 : Checking image 2 border bottom 109
1608412616973185538 : Checking image 2 border left 216
1608412616973216240 : Checking image 2 border right 216

</system-out><system-err>--------------------------------- Captured Err ---------------------------------

</system-err></testcase><testcase classname="tests.test_images" name="test_wrong_wave_split_line_png" time="91.928"><system-out>--------------------------------- Captured Log ---------------------------------

--------------------------------- Captured Out ---------------------------------
/home/runner/work/ocr-book/ocr-book/tests/wrong_wave_split_line.png
1608412586840469473 : Checking separation double page angle 90.42038324745616
1608412586840571980 : Checking separation double page y=0 2503
1608412598137564960 : Checking page rotation 1 -0.14999999999999067
1608412608625661037 : Checking page rotation 2 0.85
1608412617454012006 : Checking image 1 crop x1 385
1608412617454124713 : Checking image 1 crop y1 179
1608412617454161815 : Checking image 1 crop x2 2411
1608412617454194817 : Checking image 1 crop y2 3374
1608412626950202726 : Checking image 2 crop x1 6
1608412626950323933 : Checking image 2 crop y1 5
1608412626950362535 : Checking image 2 crop x2 2405
1608412626950401037 : Checking image 2 crop y2 3392
1608412627002964298 : Checking image 1 dpi 300
1608412627003084605 : Checking image 1 border top 172
1608412627003132608 : Checking image 1 border bottom 120
1608412627003164609 : Checking image 1 border left 217
1608412627003196411 : Checking image 1 border right 217
1608412627005772561 : Checking image 2 dpi 300
1608412627005871567 : Checking image 2 border top 0
1608412627005912869 : Checking image 2 border bottom 110
1608412627005947971 : Checking image 2 border left 41
1608412627005982173 : Checking image 2 border right 41

</system-out><system-err>--------------------------------- Captured Err ---------------------------------

</system-err></testcase><testcase classname="tests.test_images" name="test_small_wave_png" time="75.057"><system-out>--------------------------------- Captured Log ---------------------------------

--------------------------------- Captured Out ---------------------------------
/home/runner/work/ocr-book/ocr-book/tests/small_wave.png
1608412664582974294 : Checking separation double page angle 90.63816928841567
1608412664583079999 : Checking separation double page y=0 2497
1608412675499591960 : Checking page rotation 1 0.75
1608412684910857223 : Checking page rotation 2 0.7
1608412688035879175 : Checking image 1 crop x1 323
1608412688035994681 : Checking image 1 crop y1 198
1608412688036031483 : Checking image 1 crop x2 2352
1608412688036065184 : Checking image 1 crop y2 3395
1608412691987837549 : Checking image 2 crop x1 135
1608412691987969456 : Checking image 2 crop y1 223
1608412691988010158 : Checking image 2 crop x2 2164
1608412691988048260 : Checking image 2 crop y2 3419
1608412692029779018 : Checking image 1 dpi 300
1608412692029887223 : Checking image 1 border top 178
1608412692029922025 : Checking image 1 border bottom 112
1608412692029953427 : Checking image 1 border left 215
1608412692029984628 : Checking image 1 border right 215
1608412692031988232 : Checking image 2 dpi 300
1608412692032068436 : Checking image 2 border top 196
1608412692032127839 : Checking image 2 border bottom 95
1608412692032163141 : Checking image 2 border left 215
1608412692032196243 : Checking image 2 border right 215

</system-out><system-err>--------------------------------- Captured Err ---------------------------------

</system-err></testcase><testcase classname="tests.test_images" name="test_no_split_line_line_algo_png" time="58.370"><system-out>--------------------------------- Captured Log ---------------------------------

--------------------------------- Captured Out ---------------------------------
/home/runner/work/ocr-book/ocr-book/tests/no_split_line_line_algo.png
1608412662603369032 : Checking separation double page angle 89.47691469185418
1608412662603485738 : Checking separation double page y=0 2476
1608412667927733827 : Checking page rotation 1 -0.14999999999999067
1608412678266908548 : Checking page rotation 2 -0.44999999999999746
1608412680947650338 : Checking image 1 crop x1 205
1608412680947769244 : Checking image 1 crop y1 158
1608412680947810246 : Checking image 1 crop x2 2320
1608412680947848348 : Checking image 1 crop y2 3366
1608412685346750493 : Checking image 2 crop x1 185
1608412685346873500 : Checking image 2 crop y1 221
1608412685346914302 : Checking image 2 crop x2 2201
1608412685346951904 : Checking image 2 crop y2 3366
1608412685391172413 : Checking image 1 dpi 300
1608412685391294519 : Checking image 1 border top 144
1608412685391330521 : Checking image 1 border bottom 134
1608412685391362723 : Checking image 1 border left 172
1608412685391395225 : Checking image 1 border right 172
1608412685393962159 : Checking image 2 dpi 300
1608412685394059064 : Checking image 2 border top 219
1608412685394095166 : Checking image 2 border bottom 123
1608412685394129367 : Checking image 2 border left 222
1608412685394163069 : Checking image 2 border right 222

</system-out><system-err>--------------------------------- Captured Err ---------------------------------

</system-err></testcase><testcase classname="tests.test_images" name="test_failed_split_line_line_algo_png" time="28.721"><system-out>--------------------------------- Captured Log ---------------------------------

--------------------------------- Captured Out ---------------------------------
/home/runner/work/ocr-book/ocr-book/tests/failed_split_line_line_algo.png
1608412704094905159 : Checking separation double page angle 90.0163422057325
1608412704095011965 : Checking separation double page y=0 2576
1608412707649292614 : Checking page rotation 1 -0.14999999999999067
1608412709836941440 : Checking page rotation 2 0.0
1608412712532230470 : Checking image 1 crop x1 407
1608412712532356977 : Checking image 1 crop y1 2925
1608412712532398579 : Checking image 1 crop x2 2419
1608412712532435081 : Checking image 1 crop y2 3174
1608412714143613298 : Checking image 2 crop x1 1183
1608412714143716903 : Checking image 2 crop y1 1745
1608412714143753205 : Checking image 2 crop x2 1184
1608412714143785707 : Checking image 2 crop y2 1746
1608412714144122024 : Checking image 1 dpi 300
1608412714144213228 : Checking image 1 border top 2919
1608412714144247230 : Checking image 1 border bottom 319
1608412714144279432 : Checking image 1 border left 224
1608412714144311333 : Checking image 1 border right 224
1608412714145902913 : Checking image 2 dpi 300
1608412714145991017 : Checking image 2 border top 1752
1608412714146029019 : Checking image 2 border bottom 1753
1608412714146063921 : Checking image 2 border left 1239
1608412714146098123 : Checking image 2 border right 1239

</system-out><system-err>--------------------------------- Captured Err ---------------------------------

</system-err></testcase><testcase classname="tests.test_images" name="test_failed_split_line_line_algo_2_png" time="72.460"><system-out>--------------------------------- Captured Log ---------------------------------

--------------------------------- Captured Out ---------------------------------
/home/runner/work/ocr-book/ocr-book/tests/failed_split_line_line_algo_2.png
1608412739145208758 : Checking separation double page angle 90.04134220573248
1608412739145313063 : Checking separation double page y=0 2498
1608412748776260982 : Checking page rotation 1 0.0
1608412756824572610 : Checking page rotation 2 0.6000000000000001
1608412760923298058 : Checking image 1 crop x1 272
1608412760923412063 : Checking image 1 crop y1 149
1608412760923447565 : Checking image 1 crop x2 2383
1608412760923478866 : Checking image 1 crop y2 3353
1608412764463945047 : Checking image 2 crop x1 124
1608412764464053852 : Checking image 2 crop y1 155
1608412764464085654 : Checking image 2 crop x2 2247
1608412764464137556 : Checking image 2 crop y2 3350
1608412764505205708 : Checking image 1 dpi 300
1608412764505310813 : Checking image 1 border top 137
1608412764505345014 : Checking image 1 border bottom 146
1608412764505377416 : Checking image 1 border left 174
1608412764505409617 : Checking image 1 border right 174
1608412764507471115 : Checking image 2 dpi 300
1608412764507549619 : Checking image 2 border top 135
1608412764507583421 : Checking image 2 border bottom 157
1608412764507616122 : Checking image 2 border left 168
1608412764507648724 : Checking image 2 border right 168

</system-out><system-err>--------------------------------- Captured Err ---------------------------------

</system-err></testcase><testcase classname="tests.test_images" name="test_crop_too_much_3_png" time="71.021"><system-out>--------------------------------- Captured Log ---------------------------------

--------------------------------- Captured Out ---------------------------------
/home/runner/work/ocr-book/ocr-book/tests/crop_too_much_3.png
1608412756341692597 : Checking separation double page angle 89.52945237729824
1608412756341804703 : Checking separation double page y=0 2497
1608412764177822754 : Checking page rotation 1 -0.8999999999999949
1608412776245105789 : Checking page rotation 2 -0.14999999999999067
1608412780435980630 : Checking image 1 crop x1 374
1608412780436128236 : Checking image 1 crop y1 258
1608412780436168738 : Checking image 1 crop x2 2385
1608412780436201640 : Checking image 1 crop y2 3459
1608412785088655273 : Checking image 2 crop x1 169
1608412785088773479 : Checking image 2 crop y1 228
1608412785088813681 : Checking image 2 crop x2 2182
1608412785088851282 : Checking image 2 crop y2 3417
1608412785136168991 : Checking image 1 dpi 300
1608412785136274996 : Checking image 1 border top 239
1608412785136306597 : Checking image 1 border bottom 46
1608412785136335599 : Checking image 1 border left 224
1608412785136364400 : Checking image 1 border right 224
1608412785138449097 : Checking image 2 dpi 300
1608412785138535401 : Checking image 2 border top 210
1608412785138571203 : Checking image 2 border bottom 88
1608412785138605405 : Checking image 2 border left 223
1608412785138639406 : Checking image 2 border right 223

</system-out><system-err>--------------------------------- Captured Err ---------------------------------

</system-err></testcase><testcase classname="tests.test_images" name="test_wrong_wave_split_line_2_png" time="77.578"><system-out>--------------------------------- Captured Log ---------------------------------

--------------------------------- Captured Out ---------------------------------
/home/runner/work/ocr-book/ocr-book/tests/wrong_wave_split_line_2.png
1608412813637401973 : Checking separation double page angle 90.7708958311329
1608412813637512778 : Checking separation double page y=0 2490
1608412821667516460 : Checking page rotation 1 0.4
1608412831727333891 : Checking page rotation 2 1.8
1608412835482425370 : Checking image 1 crop x1 224
1608412835482538075 : Checking image 1 crop y1 147
1608412835482576077 : Checking image 1 crop x2 2337
1608412835482609278 : Checking image 1 crop y2 3355
1608412842035078011 : Checking image 2 crop x1 107
1608412842035199117 : Checking image 2 crop y1 197
1608412842035231018 : Checking image 2 crop x2 2229
1608412842035261119 : Checking image 2 crop y2 3396
1608412842083605595 : Checking image 1 dpi 300
1608412842083714900 : Checking image 1 border top 134
1608412842083750001 : Checking image 1 border bottom 145
1608412842083781203 : Checking image 1 border left 173
1608412842083812504 : Checking image 1 border right 173
1608412842086011403 : Checking image 2 dpi 300
1608412842086099607 : Checking image 2 border top 171
1608412842086134509 : Checking image 2 border bottom 116
1608412842086167510 : Checking image 2 border left 169
1608412842086200111 : Checking image 2 border right 169

</system-out><system-err>--------------------------------- Captured Err ---------------------------------

</system-err></testcase><testcase classname="tests.test_images" name="test_wrong_wave_split_line_3_png" time="65.269"><system-out>--------------------------------- Captured Log ---------------------------------

--------------------------------- Captured Out ---------------------------------
/home/runner/work/ocr-book/ocr-book/tests/wrong_wave_split_line_3.png
1608412828012720892 : Checking separation double page angle 90.03326063695573
1608412828012817397 : Checking separation double page y=0 2514
1608412836772816933 : Checking page rotation 1 0.05
1608412843245439569 : Checking page rotation 2 0.35
1608412846758727056 : Checking image 1 crop x1 273
1608412846758823661 : Checking image 1 crop y1 220
1608412846758865663 : Checking image 1 crop x2 2383
1608412846758895364 : Checking image 1 crop y2 3423
1608412850376213035 : Checking image 2 crop x1 114
1608412850376336740 : Checking image 2 crop y1 226
1608412850376378342 : Checking image 2 crop x2 2235
1608412850376418744 : Checking image 2 crop y2 3413
1608412850416461538 : Checking image 1 dpi 300
1608412850416578644 : Checking image 1 border top 202
1608412850416614445 : Checking image 1 border bottom 82
1608412850416647047 : Checking image 1 border left 175
1608412850416679248 : Checking image 1 border right 175
1608412850418794243 : Checking image 2 dpi 300
1608412850418871646 : Checking image 2 border top 206
1608412850418900948 : Checking image 2 border bottom 94
1608412850418928849 : Checking image 2 border left 169
1608412850418956750 : Checking image 2 border right 169

</system-out><system-err>--------------------------------- Captured Err ---------------------------------

</system-err></testcase><testcase classname="tests.test_images" name="test_no_split_line_wave_algo_png" time="70.348"><system-out>--------------------------------- Captured Log ---------------------------------

--------------------------------- Captured Out ---------------------------------
/home/runner/work/ocr-book/ocr-book/tests/no_split_line_wave_algo.png
1608412877411396152 : Checking separation double page angle 89.93095154476828
1608412877411503857 : Checking separation double page y=0 2484
1608412883645696287 : Checking page rotation 1 0.0
1608412892787678790 : Checking page rotation 2 -0.49999999999999434
1608412903788818516 : Checking image 1 crop x1 97
1608412903788902225 : Checking image 1 crop y1 27
1608412903788939529 : Checking image 1 crop x2 2486
1608412903788975133 : Checking image 1 crop y2 3505
1608412912356165404 : Checking image 2 crop x1 163
1608412912356281616 : Checking image 2 crop y1 266
1608412912356319520 : Checking image 2 crop x2 2238
1608412912356352424 : Checking image 2 crop y2 3381
1608412912396919259 : Checking image 1 dpi 300
1608412912397034771 : Checking image 1 border top 15
1608412912397071575 : Checking image 1 border bottom 15
1608412912397105279 : Checking image 1 border left 46
1608412912397138283 : Checking image 1 border right 46
1608412912399169105 : Checking image 2 dpi 300
1608412912399255814 : Checking image 2 border top 258
1608412912399291418 : Checking image 2 border bottom 114
1608412912399321721 : Checking image 2 border left 192
1608412912399351825 : Checking image 2 border right 192

</system-out><system-err>--------------------------------- Captured Err ---------------------------------

</system-err></testcase><testcase classname="tests.test_images" name="test_no_split_line_wave_algo_2_png" time="59.084"><system-out>--------------------------------- Captured Log ---------------------------------

--------------------------------- Captured Out ---------------------------------
/home/runner/work/ocr-book/ocr-book/tests/no_split_line_wave_algo_2.png
1608412887431408147 : Checking separation double page angle 90.5
1608412887431518460 : Checking separation double page y=0 2478
1608412895490899452 : Checking page rotation 1 1.1500000000000001
1608412903301814750 : Checking page rotation 2 0.2
1608412906558876466 : Checking image 1 crop x1 266
1608412906558994079 : Checking image 1 crop y1 209
1608412906559034683 : Checking image 1 crop x2 2342
1608412906559073787 : Checking image 1 crop y2 3413
1608412909465311521 : Checking image 2 crop x1 165
1608412909465421833 : Checking image 2 crop y1 241
1608412909465459637 : Checking image 2 crop x2 2248
1608412909465496441 : Checking image 2 crop y2 3433
1608412909505888685 : Checking image 1 dpi 300
1608412909506004797 : Checking image 1 border top 191
1608412909506040401 : Checking image 1 border bottom 92
1608412909506072905 : Checking image 1 border left 192
1608412909506105108 : Checking image 1 border right 192
1608412909508265846 : Checking image 2 dpi 300
1608412909508355556 : Checking image 2 border top 224
1608412909508391060 : Checking image 2 border bottom 71
1608412909508425864 : Checking image 2 border left 188
1608412909508460168 : Checking image 2 border right 188

</system-out><system-err>--------------------------------- Captured Err ---------------------------------

</system-err></testcase><testcase classname="tests.test_images" name="test_failed_detect_rectangle_png" time="72.562"><system-out>--------------------------------- Captured Log ---------------------------------

--------------------------------- Captured Out ---------------------------------
/home/runner/work/ocr-book/ocr-book/tests/failed_detect_rectangle.png
1608412954485488078 : Checking separation double page angle 90.22337516213149
1608412954485595489 : Checking separation double page y=0 2474
1608412964472381020 : Checking page rotation 1 0.2
1608412975370269351 : Checking page rotation 2 0.2
1608412978687490062 : Checking image 1 crop x1 257
1608412978687601772 : Checking image 1 crop y1 201
1608412978687639276 : Checking image 1 crop x2 2333
1608412978687672379 : Checking image 1 crop y2 3402
1608412982013752492 : Checking image 2 crop x1 137
1608412982013866503 : Checking image 2 crop y1 215
1608412982013907607 : Checking image 2 crop x2 2220
1608412982013945711 : Checking image 2 crop y2 3406
1608412982061952081 : Checking image 1 dpi 300
1608412982062066092 : Checking image 1 border top 188
1608412982062119397 : Checking image 1 border bottom 97
1608412982062154200 : Checking image 1 border left 192
1608412982062188603 : Checking image 1 border right 192
1608412982064259701 : Checking image 2 dpi 300
1608412982064341308 : Checking image 2 border top 201
1608412982064374212 : Checking image 2 border bottom 95
1608412982064405614 : Checking image 2 border left 188
1608412982064436917 : Checking image 2 border right 188

</system-out><system-err>--------------------------------- Captured Err ---------------------------------

</system-err></testcase><testcase classname="tests.test_images" name="test_crop_too_few_2_png" time="57.279"><system-out>--------------------------------- Captured Log ---------------------------------

--------------------------------- Captured Out ---------------------------------
/home/runner/work/ocr-book/ocr-book/tests/crop_too_few_2.png
1608412949843882804 : Checking separation double page angle 90.3480629671595
1608412949843982114 : Checking separation double page y=0 2534
1608412956230076926 : Checking page rotation 1 1.2000000000000002
1608412962592436764 : Checking page rotation 2 -0.09999999999999377
1608412966049369096 : Checking image 1 crop x1 287
1608412966049486508 : Checking image 1 crop y1 165
1608412966049521711 : Checking image 1 crop x2 2398
1608412966049554514 : Checking image 1 crop y2 3368
1608412969698562908 : Checking image 2 crop x1 148
1608412969698679419 : Checking image 2 crop y1 188
1608412969698734824 : Checking image 2 crop x2 2274
1608412969698771528 : Checking image 2 crop y2 3386
1608412969737320488 : Checking image 1 dpi 300
1608412969737437399 : Checking image 1 border top 157
1608412969737474703 : Checking image 1 border bottom 127
1608412969737508606 : Checking image 1 border left 174
1608412969737543310 : Checking image 1 border right 174
1608412969739615112 : Checking image 2 dpi 300
1608412969739694319 : Checking image 2 border top 175
1608412969739729523 : Checking image 2 border bottom 114
1608412969739762826 : Checking image 2 border left 167
1608412969739795529 : Checking image 2 border right 167

</system-out><system-err>--------------------------------- Captured Err ---------------------------------

</system-err></testcase><testcase classname="tests.test_images" name="test_no_split_line_wave_algo_3_png" time="19.935"><system-out>--------------------------------- Captured Log ---------------------------------

--------------------------------- Captured Out ---------------------------------
/home/runner/work/ocr-book/ocr-book/tests/no_split_line_wave_algo_3.png
1608412981540131324 : Checking separation double page angle 90.19999999999999
1608412981540249235 : Checking separation double page y=0 2408
1608412984363908919 : Checking page rotation 1 0.0
1608412984763278498 : Checking page rotation 2 0.15000000000000002
1608412989012960534 : Checking image 1 crop x1 184
1608412989013048143 : Checking image 1 crop y1 2957
1608412989013079145 : Checking image 1 crop x2 2201
1608412989013106548 : Checking image 1 crop y2 3202
1608412989648896904 : Checking image 2 crop x1 0
1608412989648968310 : Checking image 2 crop y1 0
1608412989649000313 : Checking image 2 crop x2 0
1608412989649031116 : Checking image 2 crop y2 0
1608412989649112324 : Checking image 1 dpi 300
1608412989649182431 : Checking image 1 border top 2950
1608412989649218134 : Checking image 1 border bottom 292
1608412989649251137 : Checking image 1 border left 221
1608412989649284340 : Checking image 1 border right 221
1608412989654982276 : Checking image 2 border top 0
1608412989655038781 : Checking image 2 border bottom 0
1608412989655067584 : Checking image 2 border left 0
1608412989655096786 : Checking image 2 border right 0

</system-out><system-err>--------------------------------- Captured Err ---------------------------------

</system-err></testcase><testcase classname="tests.test_images" name="test_single_page_png" time="24.972"><system-out>--------------------------------- Captured Log ---------------------------------

--------------------------------- Captured Out ---------------------------------
/home/runner/work/ocr-book/ocr-book/tests/single_page.png
1608412993500024303 : Checking separation double page angle 90.0
1608412993500161016 : Checking separation double page y=0 2476
1608412998544910919 : Checking page rotation 1 0.0
1608412999078462449 : Checking page rotation 2 0.0
1608413006199962522 : Checking image 1 crop x1 1
1608413006200050230 : Checking image 1 crop y1 8
1608413006200115136 : Checking image 1 crop x2 2470
1608413006200166841 : Checking image 1 crop y2 3505
1608413006729784332 : Checking image 2 crop x1 0
1608413006729866740 : Checking image 2 crop y1 0
1608413006729897342 : Checking image 2 crop x2 0
1608413006729926345 : Checking image 2 crop y2 0
1608413006729996351 : Checking image 1 dpi 300
1608413006730056057 : Checking image 1 border top 5
1608413006730090660 : Checking image 1 border bottom 5
1608413006730121663 : Checking image 1 border left 6
1608413006730153366 : Checking image 1 border right 6
1608413006735856886 : Checking image 2 border top 0
1608413006735908190 : Checking image 2 border bottom 0
1608413006735938393 : Checking image 2 border left 0
1608413006735968196 : Checking image 2 border right 0

</system-out><system-err>--------------------------------- Captured Err ---------------------------------

</system-err></testcase></testsuite></testsuites>