<?xml version="1.0" encoding="utf-8"?><testsuites><testsuite errors="0" failures="0" hostname="fv-az200-778" name="pytest" skipped="0" tests="36" time="472.382" timestamp="2021-08-28T07:33:47.845431"><testcase classname="tests.test_features" name="test_disabled_enable_debug" time="25.716"><system-out>--------------------------------- Captured Log ---------------------------------

--------------------------------- Captured Out ---------------------------------
/home/runner/work/diptych/diptych/tests/0001_debug.png
separation double page angle 90.55756528497216
separation double page y=0 2484
page rotation 1 0.65
page rotation 2 0.2
image 1 crop x1 329
image 1 crop y1 335
image 1 crop x2 2344
image 1 crop y2 3222
image 2 crop x1 171
image 2 crop y1 648
image 2 crop x2 2188
image 2 crop y2 3361
image 1 dpi 300
image 1 border top 327
image 1 border bottom 273
image 1 border left 222
image 1 border right 222
image 2 dpi 300
image 2 border top 643
image 2 border bottom 131
image 2 border left 221
image 2 border right 221

</system-out><system-err>--------------------------------- Captured Err ---------------------------------

</system-err></testcase><testcase classname="tests.test_features" name="test_mock_stop_at_0" time="0.047"><system-out>--------------------------------- Captured Log ---------------------------------

--------------------------------- Captured Out ---------------------------------
/home/runner/work/diptych/diptych/tests/0001_0.png

</system-out><system-err>--------------------------------- Captured Err ---------------------------------

</system-err></testcase><testcase classname="tests.test_features" name="test_mock_stop_at_2" time="19.164"><system-out>--------------------------------- Captured Log ---------------------------------

--------------------------------- Captured Out ---------------------------------
/home/runner/work/diptych/diptych/tests/0001_2.png
separation double page angle 90.55756528497216
separation double page y=0 2484
page rotation 1 0.65
page rotation 2 0.2

</system-out><system-err>--------------------------------- Captured Err ---------------------------------

</system-err></testcase><testcase classname="tests.test_features" name="test_mock_stop_at_4" time="27.363"><system-out>--------------------------------- Captured Log ---------------------------------

--------------------------------- Captured Out ---------------------------------
/home/runner/work/diptych/diptych/tests/0001_4.png
separation double page angle 90.55756528497216
separation double page y=0 2484
page rotation 1 0.65
page rotation 2 0.2
image 1 crop x1 329
image 1 crop y1 335
image 1 crop x2 2344
image 1 crop y2 3222
image 2 crop x1 171
image 2 crop y1 648
image 2 crop x2 2188
image 2 crop y2 3361
image 1 dpi 300
image 1 border top 326
image 1 border bottom 274
image 1 border left 222
image 1 border right 222
image 2 dpi 300
image 2 border top 643
image 2 border bottom 131
image 2 border left 221
image 2 border right 221

</system-out><system-err>--------------------------------- Captured Err ---------------------------------

</system-err></testcase><testcase classname="tests.test_features" name="test_mock_stop_at_1" time="15.450"><system-out>--------------------------------- Captured Log ---------------------------------

--------------------------------- Captured Out ---------------------------------
/home/runner/work/diptych/diptych/tests/0001_1.png
separation double page angle 90.55756528497216
separation double page y=0 2484

</system-out><system-err>--------------------------------- Captured Err ---------------------------------

</system-err></testcase><testcase classname="tests.test_features" name="test_mock_stop_at_3" time="26.811"><system-out>--------------------------------- Captured Log ---------------------------------

--------------------------------- Captured Out ---------------------------------
/home/runner/work/diptych/diptych/tests/0001_3.png
separation double page angle 90.55756528497216
separation double page y=0 2484
page rotation 1 0.65
page rotation 2 0.2
image 1 crop x1 329
image 1 crop y1 335
image 1 crop x2 2344
image 1 crop y2 3222
image 2 crop x1 171
image 2 crop y1 648
image 2 crop x2 2188
image 2 crop y2 3361

</system-out><system-err>--------------------------------- Captured Err ---------------------------------

</system-err></testcase><testcase classname="tests.test_images" name="test_0001_png" time="25.412"><system-out>--------------------------------- Captured Log ---------------------------------

--------------------------------- Captured Out ---------------------------------
/home/runner/work/diptych/diptych/tests/0001.png
1630136090591540162 : Checking separation double page angle 90.55756528497216
1630136090591680865 : Checking separation double page y=0 2484
1630136092724083546 : Checking page rotation 1 0.65
1630136095201242070 : Checking page rotation 2 0.2
1630136098278308233 : Checking image 1 crop x1 329
1630136098278421835 : Checking image 1 crop y1 335
1630136098278466036 : Checking image 1 crop x2 2344
1630136098278506237 : Checking image 1 crop y2 3222
1630136101011674765 : Checking image 2 crop x1 171
1630136101011784267 : Checking image 2 crop y1 648
1630136101011829868 : Checking image 2 crop x2 2188
1630136101011870469 : Checking image 2 crop y2 3361
1630136101012062973 : Checking image 1 dpi 300
1630136101012142774 : Checking image 1 border top 326
1630136101012182175 : Checking image 1 border bottom 274
1630136101012217576 : Checking image 1 border left 222
1630136101012252977 : Checking image 1 border right 222
1630136101014946232 : Checking image 2 dpi 300
1630136101015044734 : Checking image 2 border top 643
1630136101015084035 : Checking image 2 border bottom 131
1630136101015119635 : Checking image 2 border left 221
1630136101015154936 : Checking image 2 border right 221

</system-out><system-err>--------------------------------- Captured Err ---------------------------------

</system-err></testcase><testcase classname="tests.test_features" name="test_mock_stop_at_5" time="26.854"><system-out>--------------------------------- Captured Log ---------------------------------

--------------------------------- Captured Out ---------------------------------
/home/runner/work/diptych/diptych/tests/0001_5.png
separation double page angle 90.55756528497216
separation double page y=0 2484
page rotation 1 0.65
page rotation 2 0.2
image 1 crop x1 329
image 1 crop y1 335
image 1 crop x2 2344
image 1 crop y2 3222
image 2 crop x1 171
image 2 crop y1 648
image 2 crop x2 2188
image 2 crop y2 3361
image 1 dpi 300
image 1 border top 326
image 1 border bottom 274
image 1 border left 222
image 1 border right 222
image 2 dpi 300
image 2 border top 643
image 2 border bottom 131
image 2 border left 221
image 2 border right 221

</system-out><system-err>--------------------------------- Captured Err ---------------------------------

</system-err></testcase><testcase classname="tests.test_images" name="test_black_border_not_removed_png" time="27.313"><system-out>--------------------------------- Captured Log ---------------------------------

--------------------------------- Captured Out ---------------------------------
/home/runner/work/diptych/diptych/tests/black-border-not-removed.png
1630136114515545802 : Checking separation double page angle 90.01516396500199
1630136114515657604 : Checking separation double page y=0 2455
1630136116715189824 : Checking page rotation 1 0.0
1630136120031705359 : Checking page rotation 2 0.1
1630136123119334206 : Checking image 1 crop x1 297
1630136123119445308 : Checking image 1 crop y1 143
1630136123119486209 : Checking image 1 crop x2 2309
1630136123119525010 : Checking image 1 crop y2 3346
1630136128328596235 : Checking image 2 crop x1 154
1630136128328707737 : Checking image 2 crop y1 144
1630136128328751438 : Checking image 2 crop x2 2168
1630136128328793839 : Checking image 2 crop y2 3351
1630136128328971043 : Checking image 1 dpi 300
1630136128329048444 : Checking image 1 border top 131
1630136128329087545 : Checking image 1 border bottom 153
1630136128329123446 : Checking image 1 border left 224
1630136128329159247 : Checking image 1 border right 224
1630136128331642498 : Checking image 2 dpi 300
1630136128331720600 : Checking image 2 border top 133
1630136128331758901 : Checking image 2 border bottom 147
1630136128331794301 : Checking image 2 border left 223
1630136128331829702 : Checking image 2 border right 223

</system-out><system-err>--------------------------------- Captured Err ---------------------------------

</system-err></testcase><testcase classname="tests.test_images" name="test_2_pages_2_contours_png" time="18.537"><system-out>--------------------------------- Captured Log ---------------------------------

--------------------------------- Captured Out ---------------------------------
/home/runner/work/diptych/diptych/tests/2-pages-2-contours.png
1630136136109988154 : Checking separation double page angle 90.14230271514262
1630136136110150558 : Checking separation double page y=0 2488
1630136136836787984 : Checking page rotation 1 0.0
1630136138695057251 : Checking page rotation 2 0.2
1630136139663968583 : Checking image 1 crop x1 1189
1630136139664079986 : Checking image 1 crop y1 1751
1630136139664119586 : Checking image 1 crop x2 1190
1630136139664156087 : Checking image 1 crop y2 1752
1630136142407757745 : Checking image 2 crop x1 100
1630136142407971349 : Checking image 2 crop y1 240
1630136142408015850 : Checking image 2 crop x2 2148
1630136142408058051 : Checking image 2 crop y2 3240
1630136142408233554 : Checking image 1 dpi 300
1630136142408307356 : Checking image 1 border top 1752
1630136142408344757 : Checking image 1 border bottom 1753
1630136142408380657 : Checking image 1 border left 1239
1630136142408417458 : Checking image 1 border right 1239
1630136142410020891 : Checking image 2 dpi 300
1630136142410080392 : Checking image 2 border top 230
1630136142410154194 : Checking image 2 border bottom 256
1630136142410189194 : Checking image 2 border left 206
1630136142410223095 : Checking image 2 border right 206

</system-out><system-err>--------------------------------- Captured Err ---------------------------------

</system-err></testcase><testcase classname="tests.test_images" name="test_image_failed_to_rotate_png" time="30.325"><system-out>--------------------------------- Captured Log ---------------------------------

--------------------------------- Captured Out ---------------------------------
/home/runner/work/diptych/diptych/tests/image_failed_to_rotate.png
1630136144485326469 : Checking separation double page angle 90.35651650869968
1630136144485437471 : Checking separation double page y=0 2483
1630136146599954724 : Checking page rotation 1 0.45
1630136147940719443 : Checking page rotation 2 0.2
1630136154441069795 : Checking image 1 crop x1 31
1630136154441198498 : Checking image 1 crop y1 1
1630136154441243699 : Checking image 1 crop x2 2481
1630136154441283799 : Checking image 1 crop y2 3504
1630136158541545295 : Checking image 2 crop x1 171
1630136158541723399 : Checking image 2 crop y1 231
1630136158541784200 : Checking image 2 crop x2 2259
1630136158541826301 : Checking image 2 crop y2 3358
1630136158542023405 : Checking image 1 dpi 300
1630136158542144007 : Checking image 1 border top 2
1630136158542189308 : Checking image 1 border bottom 2
1630136158542223709 : Checking image 1 border left 15
1630136158542257610 : Checking image 1 border right 15
1630136158545072367 : Checking image 2 dpi 300
1630136158545169369 : Checking image 2 border top 217
1630136158545206470 : Checking image 2 border bottom 143
1630136158545240471 : Checking image 2 border left 186
1630136158545278572 : Checking image 2 border right 186

</system-out><system-err>--------------------------------- Captured Err ---------------------------------

</system-err></testcase><testcase classname="tests.test_images" name="test_wrong_split_line_png" time="21.511"><system-out>--------------------------------- Captured Log ---------------------------------

--------------------------------- Captured Out ---------------------------------
/home/runner/work/diptych/diptych/tests/wrong_split_line.png
1630136156508473648 : Checking separation double page angle 89.95895720607972
1630136156508600451 : Checking separation double page y=0 2466
1630136158468842198 : Checking page rotation 1 -0.04999999999999689
1630136160115670395 : Checking page rotation 2 0.45
1630136161645575689 : Checking image 1 crop x1 211
1630136161645703592 : Checking image 1 crop y1 156
1630136161645809494 : Checking image 1 crop x2 2323
1630136161645957097 : Checking image 1 crop y2 3363
1630136163915089361 : Checking image 2 crop x1 123
1630136163915212064 : Checking image 2 crop y1 164
1630136163915258065 : Checking image 2 crop x2 2237
1630136163915301666 : Checking image 2 crop y2 3375
1630136163915480169 : Checking image 1 dpi 300
1630136163915559871 : Checking image 1 border top 135
1630136163915599972 : Checking image 1 border bottom 145
1630136163915638373 : Checking image 1 border left 174
1630136163915677073 : Checking image 1 border right 174
1630136163918304428 : Checking image 2 dpi 300
1630136163918379129 : Checking image 2 border top 141
1630136163918417630 : Checking image 2 border bottom 135
1630136163918453531 : Checking image 2 border left 173
1630136163918489431 : Checking image 2 border right 173

</system-out><system-err>--------------------------------- Captured Err ---------------------------------

</system-err></testcase><testcase classname="tests.test_images" name="test_image_failed_to_crop_data_png" time="43.834"><system-out>--------------------------------- Captured Log ---------------------------------

--------------------------------- Captured Out ---------------------------------
/home/runner/work/diptych/diptych/tests/image_failed_to_crop_data.png
1630136179525696535 : Checking separation double page angle 90.09350257645173
1630136179525810538 : Checking separation double page y=0 2479
1630136184956341238 : Checking page rotation 1 0.15000000000000002
1630136187219181406 : Checking page rotation 2 0.05
1630136198937087849 : Checking image 1 crop x1 46
1630136198937273153 : Checking image 1 crop y1 1
1630136198937451157 : Checking image 1 crop x2 2477
1630136198937657761 : Checking image 1 crop y2 3505
1630136202424464062 : Checking image 2 crop x1 164
1630136202424583864 : Checking image 2 crop y1 217
1630136202424627565 : Checking image 2 crop x2 2245
1630136202424669466 : Checking image 2 crop y2 3350
1630136202424864370 : Checking image 1 dpi 300
1630136202424945972 : Checking image 1 border top 2
1630136202424986973 : Checking image 1 border bottom 2
1630136202425022773 : Checking image 1 border left 25
1630136202425060274 : Checking image 1 border right 25
1630136202427917433 : Checking image 2 dpi 300
1630136202428003835 : Checking image 2 border top 206
1630136202428043436 : Checking image 2 border bottom 148
1630136202428079837 : Checking image 2 border left 189
1630136202428115437 : Checking image 2 border right 189

</system-out><system-err>--------------------------------- Captured Err ---------------------------------

</system-err></testcase><testcase classname="tests.test_images" name="test_crop_too_much_png" time="27.423"><system-out>--------------------------------- Captured Log ---------------------------------

--------------------------------- Captured Out ---------------------------------
/home/runner/work/diptych/diptych/tests/crop_too_much.png
1630136178911209318 : Checking separation double page angle 90.16929865985193
1630136178911325321 : Checking separation double page y=0 2456
1630136180870547448 : Checking page rotation 1 -0.04999999999999689
1630136182779827050 : Checking page rotation 2 0.2
1630136186211296812 : Checking image 1 crop x1 302
1630136186211420714 : Checking image 1 crop y1 148
1630136186211463915 : Checking image 1 crop x2 2314
1630136186211503116 : Checking image 1 crop y2 3351
1630136191316903860 : Checking image 2 crop x1 163
1630136191317025363 : Checking image 2 crop y1 151
1630136191317069964 : Checking image 2 crop x2 2187
1630136191317112865 : Checking image 2 crop y2 3363
1630136191317271268 : Checking image 1 dpi 300
1630136191317350070 : Checking image 1 border top 133
1630136191317389971 : Checking image 1 border bottom 151
1630136191317428171 : Checking image 1 border left 224
1630136191317467072 : Checking image 1 border right 224
1630136191320376433 : Checking image 2 dpi 300
1630136191320456334 : Checking image 2 border top 132
1630136191320494935 : Checking image 2 border bottom 143
1630136191320530936 : Checking image 2 border left 218
1630136191320566837 : Checking image 2 border right 218

</system-out><system-err>--------------------------------- Captured Err ---------------------------------

</system-err></testcase><testcase classname="tests.test_images" name="test_crop_too_few_png" time="21.140"><system-out>--------------------------------- Captured Log ---------------------------------

--------------------------------- Captured Out ---------------------------------
/home/runner/work/diptych/diptych/tests/crop_too_few.png
1630136204931860166 : Checking separation double page angle 89.49492328400886
1630136204931977669 : Checking separation double page y=0 2510
1630136206488276961 : Checking page rotation 1 -0.6499999999999977
1630136208601994447 : Checking page rotation 2 0.0
1630136210927044492 : Checking image 1 crop x1 263
1630136210927261696 : Checking image 1 crop y1 150
1630136210927315997 : Checking image 1 crop x2 2377
1630136210927356198 : Checking image 1 crop y2 3357
1630136212488481890 : Checking image 2 crop x1 139
1630136212488603393 : Checking image 2 crop y1 141
1630136212488645794 : Checking image 2 crop x2 2261
1630136212488686794 : Checking image 2 crop y2 3345
1630136212488862598 : Checking image 1 dpi 300
1630136212488939700 : Checking image 1 border top 129
1630136212488977100 : Checking image 1 border bottom 150
1630136212489013301 : Checking image 1 border left 173
1630136212489049802 : Checking image 1 border right 173
1630136212491475252 : Checking image 2 dpi 300
1630136212491553954 : Checking image 2 border top 130
1630136212491592254 : Checking image 2 border bottom 153
1630136212491626055 : Checking image 2 border left 169
1630136212491659756 : Checking image 2 border right 169

</system-out><system-err>--------------------------------- Captured Err ---------------------------------

</system-err></testcase><testcase classname="tests.test_images" name="test_wrong_angle_split_line_png" time="26.620"><system-out>--------------------------------- Captured Log ---------------------------------

--------------------------------- Captured Out ---------------------------------
/home/runner/work/diptych/diptych/tests/wrong_angle_split_line.png
1630136213940954642 : Checking separation double page angle 90.08791528895468
1630136213941068644 : Checking separation double page y=0 2478
1630136215355615414 : Checking page rotation 1 0.1
1630136216592767225 : Checking page rotation 2 0.1
1630136223288024313 : Checking image 1 crop x1 58
1630136223288146615 : Checking image 1 crop y1 6
1630136223288192116 : Checking image 1 crop x2 2476
1630136223288233517 : Checking image 1 crop y2 3501
1630136228345024380 : Checking image 2 crop x1 166
1630136228345137882 : Checking image 2 crop y1 218
1630136228345181283 : Checking image 2 crop x2 2244
1630136228345222684 : Checking image 2 crop y2 3349
1630136228345423288 : Checking image 1 dpi 300
1630136228345507490 : Checking image 1 border top 6
1630136228345546390 : Checking image 1 border bottom 6
1630136228345581691 : Checking image 1 border left 31
1630136228345617292 : Checking image 1 border right 31
1630136228352909641 : Checking image 2 dpi 300
1630136228353026844 : Checking image 2 border top 209
1630136228353066745 : Checking image 2 border bottom 147
1630136228353103045 : Checking image 2 border left 191
1630136228353138546 : Checking image 2 border right 191

</system-out><system-err>--------------------------------- Captured Err ---------------------------------

</system-err></testcase><testcase classname="tests.test_images" name="test_crop_too_much_2_png" time="32.495"><system-out>--------------------------------- Captured Log ---------------------------------

--------------------------------- Captured Out ---------------------------------
/home/runner/work/diptych/diptych/tests/crop_too_much_2.png
1630136230918297460 : Checking separation double page angle 90.15285326123045
1630136230918419462 : Checking separation double page y=0 2477
1630136234171964431 : Checking page rotation 1 0.15000000000000002
1630136237886186532 : Checking page rotation 2 0.2
1630136240941511580 : Checking image 1 crop x1 330
1630136240941628283 : Checking image 1 crop y1 132
1630136240941672583 : Checking image 1 crop x2 2342
1630136240941714284 : Checking image 1 crop y2 3335
1630136244951402514 : Checking image 2 crop x1 165
1630136244951510917 : Checking image 2 crop y1 139
1630136244951568918 : Checking image 2 crop x2 2178
1630136244951611419 : Checking image 2 crop y2 3345
1630136244951775922 : Checking image 1 dpi 300
1630136244951852524 : Checking image 1 border top 121
1630136244951892725 : Checking image 1 border bottom 163
1630136244951931525 : Checking image 1 border left 224
1630136244951970426 : Checking image 1 border right 224
1630136244954369976 : Checking image 2 dpi 300
1630136244954442277 : Checking image 2 border top 129
1630136244954481378 : Checking image 2 border bottom 152
1630136244954518179 : Checking image 2 border left 223
1630136244954554479 : Checking image 2 border right 223

</system-out><system-err>--------------------------------- Captured Err ---------------------------------

</system-err></testcase><testcase classname="tests.test_images" name="test_angle_page_lower_split_line_png" time="37.821"><system-out>--------------------------------- Captured Log ---------------------------------

--------------------------------- Captured Out ---------------------------------
/home/runner/work/diptych/diptych/tests/angle_page_lower_split_line.png
1630136253047051592 : Checking separation double page angle 89.74412725181848
1630136253047161094 : Checking separation double page y=0 2472
1630136257360395216 : Checking page rotation 1 -0.14999999999999067
1630136261307226163 : Checking page rotation 2 0.1
1630136263049236834 : Checking image 1 crop x1 241
1630136263049349937 : Checking image 1 crop y1 156
1630136263049395038 : Checking image 1 crop x2 2357
1630136263049436838 : Checking image 1 crop y2 3368
1630136266946563755 : Checking image 2 crop x1 151
1630136266946678858 : Checking image 2 crop y1 146
1630136266946723459 : Checking image 2 crop x2 2261
1630136266946765760 : Checking image 2 crop y2 3351
1630136266946950963 : Checking image 1 dpi 300
1630136266947032965 : Checking image 1 border top 140
1630136266947073866 : Checking image 1 border bottom 135
1630136266947109867 : Checking image 1 border left 172
1630136266947146768 : Checking image 1 border right 172
1630136266949485616 : Checking image 2 dpi 300
1630136266949551717 : Checking image 2 border top 131
1630136266949589118 : Checking image 2 border bottom 151
1630136266949624719 : Checking image 2 border left 175
1630136266949659619 : Checking image 2 border right 175

</system-out><system-err>--------------------------------- Captured Err ---------------------------------

</system-err></testcase><testcase classname="tests.test_images" name="test_wrong_split_line_2_png" time="45.257"><system-out>--------------------------------- Captured Log ---------------------------------

--------------------------------- Captured Out ---------------------------------
/home/runner/work/diptych/diptych/tests/wrong_split_line_2.png
1630136268275798190 : Checking separation double page angle 90.23635161124103
1630136268275973894 : Checking separation double page y=0 2437
1630136273082280394 : Checking page rotation 1 0.2
1630136277292943072 : Checking page rotation 2 0.2
1630136282698066743 : Checking image 1 crop x1 294
1630136282698217746 : Checking image 1 crop y1 136
1630136282698261147 : Checking image 1 crop x2 2325
1630136282698304148 : Checking image 1 crop y2 3376
1630136290226940367 : Checking image 2 crop x1 138
1630136290227059069 : Checking image 2 crop y1 190
1630136290227105070 : Checking image 2 crop x2 2174
1630136290227148171 : Checking image 2 crop y2 3389
1630136290227321275 : Checking image 1 dpi 300
1630136290227401576 : Checking image 1 border top 131
1630136290227442377 : Checking image 1 border bottom 116
1630136290227481178 : Checking image 1 border left 214
1630136290227519879 : Checking image 1 border right 214
1630136290229988729 : Checking image 2 dpi 300
1630136290230060731 : Checking image 2 border top 181
1630136290230133532 : Checking image 2 border bottom 107
1630136290230176233 : Checking image 2 border left 212
1630136290230213334 : Checking image 2 border right 212

</system-out><system-err>--------------------------------- Captured Err ---------------------------------

</system-err></testcase><testcase classname="tests.test_images" name="test_wrong_wave_split_line_png" time="41.095"><system-out>--------------------------------- Captured Log ---------------------------------

--------------------------------- Captured Out ---------------------------------
/home/runner/work/diptych/diptych/tests/wrong_wave_split_line.png
1630136289113450125 : Checking separation double page angle 90.42461655762611
1630136289113568727 : Checking separation double page y=0 2502
1630136292366984760 : Checking page rotation 1 -0.09999999999999377
1630136295740461366 : Checking page rotation 2 0.85
1630136301459842490 : Checking image 1 crop x1 384
1630136301459961692 : Checking image 1 crop y1 178
1630136301460006093 : Checking image 1 crop x2 2412
1630136301460046594 : Checking image 1 crop y2 3374
1630136308031793805 : Checking image 2 crop x1 7
1630136308031928108 : Checking image 2 crop y1 0
1630136308031971509 : Checking image 2 crop x2 2411
1630136308032014709 : Checking image 2 crop y2 3505
1630136308032185613 : Checking image 1 dpi 300
1630136308032264315 : Checking image 1 border top 173
1630136308032303915 : Checking image 1 border bottom 118
1630136308032340716 : Checking image 1 border left 216
1630136308032378717 : Checking image 1 border right 216
1630136308034920669 : Checking image 2 dpi 300
1630136308035013171 : Checking image 2 border top 1
1630136308035052372 : Checking image 2 border bottom 1
1630136308035088573 : Checking image 2 border left 38
1630136308035124773 : Checking image 2 border right 38

</system-out><system-err>--------------------------------- Captured Err ---------------------------------

</system-err></testcase><testcase classname="tests.test_images" name="test_small_wave_png" time="23.581"><system-out>--------------------------------- Captured Log ---------------------------------

--------------------------------- Captured Out ---------------------------------
/home/runner/work/diptych/diptych/tests/small_wave.png
1630136305846946898 : Checking separation double page angle 90.56494929955075
1630136305847076900 : Checking separation double page y=0 2495
1630136308189889062 : Checking page rotation 1 0.7
1630136309852116803 : Checking page rotation 2 0.65
1630136311454023202 : Checking image 1 crop x1 322
1630136311454174505 : Checking image 1 crop y1 199
1630136311454221506 : Checking image 1 crop x2 2351
1630136311454263807 : Checking image 1 crop y2 3394
1630136313809830226 : Checking image 2 crop x1 130
1630136313809953529 : Checking image 2 crop y1 222
1630136313809998730 : Checking image 2 crop x2 2163
1630136313810041631 : Checking image 2 crop y2 3420
1630136313810243435 : Checking image 1 dpi 300
1630136313810325336 : Checking image 1 border top 181
1630136313810365837 : Checking image 1 border bottom 111
1630136313810404438 : Checking image 1 border left 215
1630136313810444139 : Checking image 1 border right 215
1630136313813333298 : Checking image 2 dpi 300
1630136313813429400 : Checking image 2 border top 197
1630136313813469601 : Checking image 2 border bottom 92
1630136313813506602 : Checking image 2 border left 213
1630136313813543003 : Checking image 2 border right 213

</system-out><system-err>--------------------------------- Captured Err ---------------------------------

</system-err></testcase><testcase classname="tests.test_images" name="test_no_split_line_line_algo_png" time="28.800"><system-out>--------------------------------- Captured Log ---------------------------------

--------------------------------- Captured Out ---------------------------------
/home/runner/work/diptych/diptych/tests/no_split_line_line_algo.png
1630136324702595696 : Checking separation double page angle 89.47691469185418
1630136324702704398 : Checking separation double page y=0 2476
1630136326611942598 : Checking page rotation 1 -0.14999999999999067
1630136329934236285 : Checking page rotation 2 -0.14999999999999067
1630136331910456971 : Checking image 1 crop x1 205
1630136331910574173 : Checking image 1 crop y1 158
1630136331910617574 : Checking image 1 crop x2 2320
1630136331910659775 : Checking image 1 crop y2 3366
1630136336854520558 : Checking image 2 crop x1 185
1630136336854635260 : Checking image 2 crop y1 225
1630136336854678761 : Checking image 2 crop x2 2204
1630136336854721762 : Checking image 2 crop y2 3362
1630136336854915166 : Checking image 1 dpi 300
1630136336854999168 : Checking image 1 border top 144
1630136336855038368 : Checking image 1 border bottom 134
1630136336855074469 : Checking image 1 border left 172
1630136336855109970 : Checking image 1 border right 172
1630136336857658422 : Checking image 2 dpi 300
1630136336857737624 : Checking image 2 border top 223
1630136336857775125 : Checking image 2 border bottom 127
1630136336857810626 : Checking image 2 border left 220
1630136336857845726 : Checking image 2 border right 220

</system-out><system-err>--------------------------------- Captured Err ---------------------------------

</system-err></testcase><testcase classname="tests.test_images" name="test_wrong_split_line_3_png" time="33.261"><system-out>--------------------------------- Captured Log ---------------------------------

--------------------------------- Captured Out ---------------------------------
/home/runner/work/diptych/diptych/tests/wrong_split_line_3.png
1630136331675905242 : Checking separation double page angle 90.40515247895009
1630136331676023844 : Checking separation double page y=0 2495
1630136335173816056 : Checking page rotation 1 0.2
1630136337722772032 : Checking page rotation 2 0.85
1630136339988734596 : Checking image 1 crop x1 331
1630136339988860799 : Checking image 1 crop y1 166
1630136339988903900 : Checking image 1 crop x2 2377
1630136339988946201 : Checking image 1 crop y2 3375
1630136347089530198 : Checking image 2 crop x1 103
1630136347089638000 : Checking image 2 crop y1 207
1630136347089679601 : Checking image 2 crop x2 2136
1630136347089720602 : Checking image 2 crop y2 3414
1630136347089908006 : Checking image 1 dpi 300
1630136347089987708 : Checking image 1 border top 158
1630136347090027808 : Checking image 1 border bottom 120
1630136347090066009 : Checking image 1 border left 207
1630136347090122810 : Checking image 1 border right 207
1630136347093162573 : Checking image 2 dpi 300
1630136347093250475 : Checking image 2 border top 199
1630136347093291076 : Checking image 2 border bottom 81
1630136347093327976 : Checking image 2 border left 213
1630136347093364177 : Checking image 2 border right 213

</system-out><system-err>--------------------------------- Captured Err ---------------------------------

</system-err></testcase><testcase classname="tests.test_images" name="test_failed_split_line_line_algo_png" time="18.014"><system-out>--------------------------------- Captured Log ---------------------------------

--------------------------------- Captured Out ---------------------------------
/home/runner/work/diptych/diptych/tests/failed_split_line_line_algo.png
1630136348518357747 : Checking separation double page angle 90.0093502548779
1630136348518471650 : Checking separation double page y=0 2574
1630136349715438520 : Checking page rotation 1 0.0
1630136350385534132 : Checking page rotation 2 0.0
1630136353062292302 : Checking image 1 crop x1 411
1630136353062412104 : Checking image 1 crop y1 2927
1630136353062454005 : Checking image 1 crop x2 2422
1630136353062492006 : Checking image 1 crop y2 3172
1630136354900402674 : Checking image 2 crop x1 1191
1630136354900505376 : Checking image 2 crop y1 1745
1630136354900543977 : Checking image 2 crop x2 1192
1630136354900579878 : Checking image 2 crop y2 1746
1630136354900724481 : Checking image 1 dpi 300
1630136354900808283 : Checking image 1 border top 2920
1630136354900845683 : Checking image 1 border bottom 322
1630136354900879184 : Checking image 1 border left 224
1630136354900914285 : Checking image 1 border right 224
1630136354902650221 : Checking image 2 dpi 300
1630136354902711922 : Checking image 2 border top 1752
1630136354902747423 : Checking image 2 border bottom 1753
1630136354902780523 : Checking image 2 border left 1239
1630136354902813424 : Checking image 2 border right 1239

</system-out><system-err>--------------------------------- Captured Err ---------------------------------

</system-err></testcase><testcase classname="tests.test_images" name="test_crop_too_much_3_png" time="25.719"><system-out>--------------------------------- Captured Log ---------------------------------

--------------------------------- Captured Out ---------------------------------
/home/runner/work/diptych/diptych/tests/crop_too_much_3.png
1630136361770357597 : Checking separation double page angle 89.5934556679346
1630136361770470299 : Checking separation double page y=0 2499
1630136363749998671 : Checking page rotation 1 -0.8999999999999949
1630136367137333238 : Checking page rotation 2 -0.04999999999999689
1630136370220102233 : Checking image 1 crop x1 374
1630136370220226135 : Checking image 1 crop y1 258
1630136370220270936 : Checking image 1 crop x2 2385
1630136370220312737 : Checking image 1 crop y2 3459
1630136372808670047 : Checking image 2 crop x1 164
1630136372808791349 : Checking image 2 crop y1 229
1630136372808836650 : Checking image 2 crop x2 2183
1630136372808880451 : Checking image 2 crop y2 3416
1630136372809053855 : Checking image 1 dpi 300
1630136372809134456 : Checking image 1 border top 239
1630136372809174957 : Checking image 1 border bottom 46
1630136372809213558 : Checking image 1 border left 224
1630136372809252459 : Checking image 1 border right 224
1630136372811746310 : Checking image 2 dpi 300
1630136372811818612 : Checking image 2 border top 210
1630136372811858113 : Checking image 2 border bottom 90
1630136372811894613 : Checking image 2 border left 220
1630136372811931214 : Checking image 2 border right 220

</system-out><system-err>--------------------------------- Captured Err ---------------------------------

</system-err></testcase><testcase classname="tests.test_images" name="test_failed_split_line_line_algo_2_png" time="27.571"><system-out>--------------------------------- Captured Log ---------------------------------

--------------------------------- Captured Out ---------------------------------
/home/runner/work/diptych/diptych/tests/failed_split_line_line_algo_2.png
1630136371563484201 : Checking separation double page angle 90.03732329462368
1630136371563643504 : Checking separation double page y=0 2499
1630136374465667374 : Checking page rotation 1 -0.09999999999999377
1630136376815423270 : Checking page rotation 2 0.5499999999999999
1630136379749249745 : Checking image 1 crop x1 273
1630136379749359047 : Checking image 1 crop y1 147
1630136379749402048 : Checking image 1 crop x2 2386
1630136379749440849 : Checking image 1 crop y2 3352
1630136382433431526 : Checking image 2 crop x1 122
1630136382433540128 : Checking image 2 crop y1 155
1630136382433584229 : Checking image 2 crop x2 2246
1630136382433625930 : Checking image 2 crop y2 3350
1630136382433815634 : Checking image 1 dpi 300
1630136382433894135 : Checking image 1 border top 137
1630136382433933436 : Checking image 1 border bottom 145
1630136382433969037 : Checking image 1 border left 173
1630136382434004638 : Checking image 1 border right 173
1630136382437000899 : Checking image 2 dpi 300
1630136382437095701 : Checking image 2 border top 133
1630136382437135802 : Checking image 2 border bottom 159
1630136382437183603 : Checking image 2 border left 168
1630136382437218104 : Checking image 2 border right 168

</system-out><system-err>--------------------------------- Captured Err ---------------------------------

</system-err></testcase><testcase classname="tests.test_images" name="test_wrong_wave_split_line_2_png" time="34.682"><system-out>--------------------------------- Captured Log ---------------------------------

--------------------------------- Captured Out ---------------------------------
/home/runner/work/diptych/diptych/tests/wrong_wave_split_line_2.png
1630136395363585785 : Checking separation double page angle 90.7708958311329
1630136395363697187 : Checking separation double page y=0 2490
1630136398468506592 : Checking page rotation 1 0.2
1630136401456365294 : Checking page rotation 2 1.65
1630136403165754262 : Checking image 1 crop x1 227
1630136403165881165 : Checking image 1 crop y1 147
1630136403165926765 : Checking image 1 crop x2 2342
1630136403165970266 : Checking image 1 crop y2 3353
1630136407482956905 : Checking image 2 crop x1 106
1630136407483080207 : Checking image 2 crop y1 195
1630136407483125708 : Checking image 2 crop x2 2231
1630136407483168909 : Checking image 2 crop y2 3398
1630136407483340112 : Checking image 1 dpi 300
1630136407483420414 : Checking image 1 border top 136
1630136407483460815 : Checking image 1 border bottom 145
1630136407483499916 : Checking image 1 border left 172
1630136407483538917 : Checking image 1 border right 172
1630136407487008288 : Checking image 2 dpi 300
1630136407487113490 : Checking image 2 border top 166
1630136407487155191 : Checking image 2 border bottom 117
1630136407487192592 : Checking image 2 border left 167
1630136407487228892 : Checking image 2 border right 167

</system-out><system-err>--------------------------------- Captured Err ---------------------------------

</system-err></testcase><testcase classname="tests.test_images" name="test_wrong_wave_split_line_3_png" time="29.763"><system-out>--------------------------------- Captured Log ---------------------------------

--------------------------------- Captured Out ---------------------------------
/home/runner/work/diptych/diptych/tests/wrong_wave_split_line_3.png
1630136402422875974 : Checking separation double page angle 90.12715931778824
1630136402423054678 : Checking separation double page y=0 2514
1630136405736092256 : Checking page rotation 1 0.05
1630136408061937019 : Checking page rotation 2 0.2
1630136410255736967 : Checking image 1 crop x1 273
1630136410255873870 : Checking image 1 crop y1 220
1630136410255935371 : Checking image 1 crop x2 2383
1630136410255974572 : Checking image 1 crop y2 3423
1630136412212526744 : Checking image 2 crop x1 116
1630136412212650446 : Checking image 2 crop y1 225
1630136412212694547 : Checking image 2 crop x2 2242
1630136412212737248 : Checking image 2 crop y2 3415
1630136412212943352 : Checking image 1 dpi 300
1630136412213027354 : Checking image 1 border top 202
1630136412213067355 : Checking image 1 border bottom 82
1630136412213103956 : Checking image 1 border left 175
1630136412213142256 : Checking image 1 border right 175
1630136412215805511 : Checking image 2 dpi 300
1630136412215906213 : Checking image 2 border top 204
1630136412215945414 : Checking image 2 border bottom 93
1630136412215981115 : Checking image 2 border left 167
1630136412216016716 : Checking image 2 border right 167

</system-out><system-err>--------------------------------- Captured Err ---------------------------------

</system-err></testcase><testcase classname="tests.test_images" name="test_no_split_line_wave_algo_png" time="38.505"><system-out>--------------------------------- Captured Log ---------------------------------

--------------------------------- Captured Out ---------------------------------
/home/runner/work/diptych/diptych/tests/no_split_line_wave_algo.png
1630136422611888140 : Checking separation double page angle 89.79018091440821
1630136422612002142 : Checking separation double page y=0 2483
1630136425872706322 : Checking page rotation 1 0.0
1630136428258592381 : Checking page rotation 2 -0.44999999999999746
1630136439027342816 : Checking image 1 crop x1 97
1630136439027441118 : Checking image 1 crop y1 74
1630136439027482919 : Checking image 1 crop x2 2489
1630136439027522219 : Checking image 1 crop y2 3505
1630136445960367165 : Checking image 2 crop x1 164
1630136445960495167 : Checking image 2 crop y1 267
1630136445960541968 : Checking image 2 crop x2 2239
1630136445960584369 : Checking image 2 crop y2 3380
1630136445960846374 : Checking image 1 dpi 300
1630136445960936676 : Checking image 1 border top 38
1630136445960977577 : Checking image 1 border bottom 38
1630136445961018278 : Checking image 1 border left 44
1630136445961057279 : Checking image 1 border right 44
1630136445963628332 : Checking image 2 dpi 300
1630136445963718834 : Checking image 2 border top 257
1630136445963759034 : Checking image 2 border bottom 117
1630136445963795235 : Checking image 2 border left 192
1630136445963831836 : Checking image 2 border right 192

</system-out><system-err>--------------------------------- Captured Err ---------------------------------

</system-err></testcase><testcase classname="tests.test_images" name="test_no_split_line_wave_algo_2_png" time="23.969"><system-out>--------------------------------- Captured Log ---------------------------------

--------------------------------- Captured Out ---------------------------------
/home/runner/work/diptych/diptych/tests/no_split_line_wave_algo_2.png
1630136427472513185 : Checking separation double page angle 90.43362571535843
1630136427472627387 : Checking separation double page y=0 2473
1630136429545326294 : Checking page rotation 1 1.05
1630136431734286795 : Checking page rotation 2 0.15000000000000002
1630136434124473106 : Checking image 1 crop x1 267
1630136434124594108 : Checking image 1 crop y1 210
1630136434124637809 : Checking image 1 crop x2 2343
1630136434124678210 : Checking image 1 crop y2 3412
1630136436189391595 : Checking image 2 crop x1 165
1630136436189503497 : Checking image 2 crop y1 241
1630136436189548798 : Checking image 2 crop x2 2250
1630136436189590299 : Checking image 2 crop y2 3433
1630136436189775803 : Checking image 1 dpi 300
1630136436189855705 : Checking image 1 border top 192
1630136436189894005 : Checking image 1 border bottom 93
1630136436189930006 : Checking image 1 border left 192
1630136436189965107 : Checking image 1 border right 192
1630136436192992169 : Checking image 2 dpi 300
1630136436193101871 : Checking image 2 border top 224
1630136436193142372 : Checking image 2 border bottom 71
1630136436193178273 : Checking image 2 border left 187
1630136436193214073 : Checking image 2 border right 187

</system-out><system-err>--------------------------------- Captured Err ---------------------------------

</system-err></testcase><testcase classname="tests.test_images" name="test_failed_detect_rectangle_png" time="32.205"><system-out>--------------------------------- Captured Log ---------------------------------

--------------------------------- Captured Out ---------------------------------
/home/runner/work/diptych/diptych/tests/failed_detect_rectangle.png
1630136457719221159 : Checking separation double page angle 90.242273842964
1630136457719328761 : Checking separation double page y=0 2475
1630136461080654758 : Checking page rotation 1 0.2
1630136465419092569 : Checking page rotation 2 0.2
1630136466795544861 : Checking image 1 crop x1 257
1630136466795661863 : Checking image 1 crop y1 201
1630136466795705864 : Checking image 1 crop x2 2333
1630136466795746465 : Checking image 1 crop y2 3402
1630136468372986429 : Checking image 2 crop x1 137
1630136468373099432 : Checking image 2 crop y1 215
1630136468373143933 : Checking image 2 crop x2 2220
1630136468373186133 : Checking image 2 crop y2 3406
1630136468373368337 : Checking image 1 dpi 300
1630136468373446339 : Checking image 1 border top 188
1630136468373485440 : Checking image 1 border bottom 98
1630136468373521040 : Checking image 1 border left 192
1630136468373556641 : Checking image 1 border right 192
1630136468376496102 : Checking image 2 dpi 300
1630136468376585003 : Checking image 2 border top 201
1630136468376624004 : Checking image 2 border bottom 95
1630136468376660005 : Checking image 2 border left 188
1630136468376695506 : Checking image 2 border right 188

</system-out><system-err>--------------------------------- Captured Err ---------------------------------

</system-err></testcase><testcase classname="tests.test_images" name="test_crop_too_few_2_png" time="27.384"><system-out>--------------------------------- Captured Log ---------------------------------

--------------------------------- Captured Out ---------------------------------
/home/runner/work/diptych/diptych/tests/crop_too_few_2.png
1630136461934526757 : Checking separation double page angle 90.35461351371423
1630136461934644159 : Checking separation double page y=0 2533
1630136464511148561 : Checking page rotation 1 1.0999999999999999
1630136467476297973 : Checking page rotation 2 0.0
1630136470436232697 : Checking image 1 crop x1 289
1630136470436364900 : Checking image 1 crop y1 165
1630136470436407501 : Checking image 1 crop x2 2400
1630136470436450002 : Checking image 1 crop y2 3367
1630136473410567618 : Checking image 2 crop x1 152
1630136473410687021 : Checking image 2 crop y1 190
1630136473410732422 : Checking image 2 crop x2 2273
1630136473410775622 : Checking image 2 crop y2 3385
1630136473410952126 : Checking image 1 dpi 300
1630136473411031228 : Checking image 1 border top 157
1630136473411071729 : Checking image 1 border bottom 128
1630136473411110329 : Checking image 1 border left 174
1630136473411149530 : Checking image 1 border right 174
1630136473413880986 : Checking image 2 dpi 300
1630136473413967188 : Checking image 2 border top 175
1630136473414006089 : Checking image 2 border bottom 116
1630136473414042090 : Checking image 2 border left 169
1630136473414078190 : Checking image 2 border right 169

</system-out><system-err>--------------------------------- Captured Err ---------------------------------

</system-err></testcase><testcase classname="tests.test_images" name="test_single_page_png" time="6.551"><system-out>--------------------------------- Captured Log ---------------------------------

--------------------------------- Captured Out ---------------------------------
/home/runner/work/diptych/diptych/tests/single_page.png
1630136471649837977 : Checking separation double page angle 89.93006318861008
1630136471649960580 : Checking separation double page y=0 2472
1630136472602538886 : Checking page rotation 1 0.0
1630136472747845477 : Checking page rotation 2 0.0
1630136474453726671 : Checking image 1 crop x1 1
1630136474453824673 : Checking image 1 crop y1 8
1630136474453866674 : Checking image 1 crop x2 2470
1630136474453903074 : Checking image 1 crop y2 3505
1630136474595657687 : Checking image 2 crop x1 0
1630136474595739289 : Checking image 2 crop y1 0
1630136474595772990 : Checking image 2 crop x2 0
1630136474595805190 : Checking image 2 crop y2 0
1630136474595868192 : Checking image 1 dpi 300
1630136474595934193 : Checking image 1 border top 5
1630136474595969994 : Checking image 1 border bottom 5
1630136474596003395 : Checking image 1 border left 6
1630136474596353402 : Checking image 1 border right 6
1630136474602188022 : Checking image 2 border top 0
1630136474602263523 : Checking image 2 border bottom 0
1630136474602296924 : Checking image 2 border left 0
1630136474602329725 : Checking image 2 border right 0

</system-out><system-err>--------------------------------- Captured Err ---------------------------------

</system-err></testcase><testcase classname="tests.test_images" name="test_no_split_line_wave_algo_3_png" time="11.135"><system-out>--------------------------------- Captured Log ---------------------------------

--------------------------------- Captured Out ---------------------------------
/home/runner/work/diptych/diptych/tests/no_split_line_wave_algo_3.png
1630136481067326284 : Checking separation double page angle 90.18184445198425
1630136481067445786 : Checking separation double page y=0 2405
1630136481917632959 : Checking page rotation 1 0.0
1630136482058827164 : Checking page rotation 2 0.0
1630136484057897503 : Checking image 1 crop x1 184
1630136484058001105 : Checking image 1 crop y1 2957
1630136484058041206 : Checking image 1 crop x2 2201
1630136484058077607 : Checking image 1 crop y2 3202
1630136484525043817 : Checking image 2 crop x1 0
1630136484525363023 : Checking image 2 crop y1 0
1630136484525398924 : Checking image 2 crop x2 0
1630136484525432125 : Checking image 2 crop y2 0
1630136484525514026 : Checking image 1 dpi 300
1630136484525586028 : Checking image 1 border top 2950
1630136484525623029 : Checking image 1 border bottom 292
1630136484525657729 : Checking image 1 border left 221
1630136484525693430 : Checking image 1 border right 221
1630136484530984339 : Checking image 2 border top 0
1630136484531058740 : Checking image 2 border bottom 0
1630136484531092241 : Checking image 2 border left 0
1630136484531126042 : Checking image 2 border right 0

</system-out><system-err>--------------------------------- Captured Err ---------------------------------

</system-err></testcase><testcase classname="tests.test_images" name="test_wrong_split_line_4_png" time="13.023"><system-out>--------------------------------- Captured Log ---------------------------------

--------------------------------- Captured Out ---------------------------------
/home/runner/work/diptych/diptych/tests/wrong_split_line_4.png
1630136483586044793 : Checking separation double page angle 90.92587744884125
1630136483586185796 : Checking separation double page y=0 58
1630136483694517825 : Checking page rotation 1 0.5499999999999999
1630136485126568695 : Checking page rotation 2 1.0999999999999999
1630136485927520978 : Checking image 1 crop x1 0
1630136485927602780 : Checking image 1 crop y1 0
1630136485927637181 : Checking image 1 crop x2 0
1630136485927669681 : Checking image 1 crop y2 0
1630136488027220988 : Checking image 2 crop x1 290
1630136488027335590 : Checking image 2 crop y1 330
1630136488027375091 : Checking image 2 crop x2 2314
1630136488027414192 : Checking image 2 crop y2 3217
1630136488027584395 : Checking image 1 border top 0
1630136488027626896 : Checking image 1 border bottom 0
1630136488027660097 : Checking image 1 border left 0
1630136488027692698 : Checking image 1 border right 0
1630136488027749999 : Checking image 2 dpi 300
1630136488027817300 : Checking image 2 border top 322
1630136488027853301 : Checking image 2 border bottom 278
1630136488027886402 : Checking image 2 border left 218
1630136488027919402 : Checking image 2 border right 218

</system-out><system-err>--------------------------------- Captured Err ---------------------------------

</system-err></testcase><testcase classname="tests.test_images" name="test_failed_split_line_line_algo_3_png" time="13.383"><system-out>--------------------------------- Captured Log ---------------------------------

--------------------------------- Captured Out ---------------------------------
/home/runner/work/diptych/diptych/tests/failed_split_line_line_algo_3.png
1630136492269652596 : Checking separation double page angle 90.02403976140027
1630136492269768099 : Checking separation double page y=0 39
1630136492341366672 : Checking page rotation 1 0.0
1630136493240242172 : Checking page rotation 2 0.0
1630136493536926877 : Checking image 1 crop x1 0
1630136493537009679 : Checking image 1 crop y1 0
1630136493537046280 : Checking image 1 crop x2 0
1630136493537081081 : Checking image 1 crop y2 0
1630136497983666691 : Checking image 2 crop x1 249
1630136497983769393 : Checking image 2 crop y1 154
1630136497983810294 : Checking image 2 crop x2 2264
1630136497983850895 : Checking image 2 crop y2 3361
1630136497984043699 : Checking image 1 border top 0
1630136497984089900 : Checking image 1 border bottom 0
1630136497984127401 : Checking image 1 border left 0
1630136497984164902 : Checking image 1 border right 0
1630136497984223003 : Checking image 2 dpi 300
1630136497984293104 : Checking image 2 border top 146
1630136497984332005 : Checking image 2 border bottom 134
1630136497984368206 : Checking image 2 border left 222
1630136497984405506 : Checking image 2 border right 222

</system-out><system-err>--------------------------------- Captured Err ---------------------------------

</system-err></testcase></testsuite></testsuites>