<?xml version="1.0" encoding="utf-8"?><testsuites><testsuite name="pytest" errors="0" failures="0" skipped="0" tests="36" time="1079.885" timestamp="2020-12-21T22:03:36.375690" hostname="fv-az71-309"><testcase classname="tests.test_features" name="test_mock_stop_at_0" time="0.053"><system-out>--------------------------------- Captured Log ---------------------------------

--------------------------------- Captured Out ---------------------------------
/home/runner/work/ocr-book/ocr-book/tests/0001_0.png

</system-out><system-err>--------------------------------- Captured Err ---------------------------------

</system-err></testcase><testcase classname="tests.test_features" name="test_disabled_enable_debug" time="49.739"><system-out>--------------------------------- Captured Log ---------------------------------

--------------------------------- Captured Out ---------------------------------
/home/runner/work/ocr-book/ocr-book/tests/0001_debug.png
separation double page angle 90.52780881899669
separation double page y=0 2485
page rotation 1 0.7
page rotation 2 0.2
image 1 crop x1 330
image 1 crop y1 335
image 1 crop x2 2343
image 1 crop y2 3223
image 2 crop x1 168
image 2 crop y1 648
image 2 crop x2 2185
image 2 crop y2 3361
image 1 dpi 300
image 1 border top 331
image 1 border bottom 268
image 1 border left 223
image 1 border right 223
image 2 dpi 300
image 2 border top 639
image 2 border bottom 134
image 2 border left 221
image 2 border right 221

</system-out><system-err>--------------------------------- Captured Err ---------------------------------

</system-err></testcase><testcase classname="tests.test_features" name="test_mock_stop_at_2" time="44.719"><system-out>--------------------------------- Captured Log ---------------------------------

--------------------------------- Captured Out ---------------------------------
/home/runner/work/ocr-book/ocr-book/tests/0001_2.png
separation double page angle 90.52780881899669
separation double page y=0 2485
page rotation 1 0.7
page rotation 2 0.2

</system-out><system-err>--------------------------------- Captured Err ---------------------------------

</system-err></testcase><testcase classname="tests.test_features" name="test_mock_stop_at_4" time="49.086"><system-out>--------------------------------- Captured Log ---------------------------------

--------------------------------- Captured Out ---------------------------------
/home/runner/work/ocr-book/ocr-book/tests/0001_4.png
separation double page angle 90.52780881899669
separation double page y=0 2485
page rotation 1 0.7
page rotation 2 0.2
image 1 crop x1 330
image 1 crop y1 335
image 1 crop x2 2343
image 1 crop y2 3223
image 2 crop x1 168
image 2 crop y1 648
image 2 crop x2 2185
image 2 crop y2 3361
image 1 dpi 300
image 1 border top 331
image 1 border bottom 268
image 1 border left 223
image 1 border right 223
image 2 dpi 300
image 2 border top 639
image 2 border bottom 134
image 2 border left 221
image 2 border right 221

</system-out><system-err>--------------------------------- Captured Err ---------------------------------

</system-err></testcase><testcase classname="tests.test_features" name="test_mock_stop_at_1" time="30.518"><system-out>--------------------------------- Captured Log ---------------------------------

--------------------------------- Captured Out ---------------------------------
/home/runner/work/ocr-book/ocr-book/tests/0001_1.png
separation double page angle 90.52780881899669
separation double page y=0 2485

</system-out><system-err>--------------------------------- Captured Err ---------------------------------

</system-err></testcase><testcase classname="tests.test_features" name="test_mock_stop_at_3" time="48.396"><system-out>--------------------------------- Captured Log ---------------------------------

--------------------------------- Captured Out ---------------------------------
/home/runner/work/ocr-book/ocr-book/tests/0001_3.png
separation double page angle 90.52780881899669
separation double page y=0 2485
page rotation 1 0.7
page rotation 2 0.2
image 1 crop x1 330
image 1 crop y1 335
image 1 crop x2 2343
image 1 crop y2 3223
image 2 crop x1 168
image 2 crop y1 648
image 2 crop x2 2185
image 2 crop y2 3361

</system-out><system-err>--------------------------------- Captured Err ---------------------------------

</system-err></testcase><testcase classname="tests.test_images" name="test_0001_png" time="61.876"><system-out>--------------------------------- Captured Log ---------------------------------

--------------------------------- Captured Out ---------------------------------
/home/runner/work/ocr-book/ocr-book/tests/0001.png
1608588348162483695 : Checking separation double page angle 90.52780881899669
1608588348162597299 : Checking separation double page y=0 2485
1608588355572864905 : Checking page rotation 1 0.7
1608588364920392420 : Checking page rotation 2 0.2
1608588369139940561 : Checking image 1 crop x1 330
1608588369140058466 : Checking image 1 crop y1 335
1608588369140101067 : Checking image 1 crop x2 2343
1608588369140138168 : Checking image 1 crop y2 3223
1608588373164396505 : Checking image 2 crop x1 168
1608588373164517209 : Checking image 2 crop y1 648
1608588373164561410 : Checking image 2 crop x2 2185
1608588373164598512 : Checking image 2 crop y2 3361
1608588373200847501 : Checking image 1 dpi 300
1608588373200956305 : Checking image 1 border top 331
1608588373200994306 : Checking image 1 border bottom 268
1608588373201029608 : Checking image 1 border left 223
1608588373201065509 : Checking image 1 border right 223
1608588373203691702 : Checking image 2 dpi 300
1608588373203778005 : Checking image 2 border top 639
1608588373203813507 : Checking image 2 border bottom 134
1608588373203846008 : Checking image 2 border left 221
1608588373203878809 : Checking image 2 border right 221

</system-out><system-err>--------------------------------- Captured Err ---------------------------------

</system-err></testcase><testcase classname="tests.test_features" name="test_mock_stop_at_5" time="51.231"><system-out>--------------------------------- Captured Log ---------------------------------

--------------------------------- Captured Out ---------------------------------
/home/runner/work/ocr-book/ocr-book/tests/0001_5.png
separation double page angle 90.52780881899669
separation double page y=0 2485
page rotation 1 0.7
page rotation 2 0.2
image 1 crop x1 330
image 1 crop y1 335
image 1 crop x2 2343
image 1 crop y2 3223
image 2 crop x1 168
image 2 crop y1 648
image 2 crop x2 2185
image 2 crop y2 3361
image 1 dpi 300
image 1 border top 331
image 1 border bottom 268
image 1 border left 223
image 1 border right 223
image 2 dpi 300
image 2 border top 639
image 2 border bottom 134
image 2 border left 221
image 2 border right 221

</system-out><system-err>--------------------------------- Captured Err ---------------------------------

</system-err></testcase><testcase classname="tests.test_images" name="test_black_border_not_removed_png" time="70.580"><system-out>--------------------------------- Captured Log ---------------------------------

--------------------------------- Captured Out ---------------------------------
/home/runner/work/ocr-book/ocr-book/tests/black-border-not-removed.png
1608588415787999260 : Checking separation double page angle 90.008171103531
1608588415788103072 : Checking separation double page y=0 2455
1608588422464016163 : Checking page rotation 1 0.05
1608588433146760968 : Checking page rotation 2 0.0
1608588437395840311 : Checking image 1 crop x1 298
1608588437395961023 : Checking image 1 crop y1 142
1608588437396002727 : Checking image 1 crop x2 2308
1608588437396039631 : Checking image 1 crop y2 3347
1608588443745021433 : Checking image 2 crop x1 157
1608588443745142844 : Checking image 2 crop y1 145
1608588443745185349 : Checking image 2 crop x2 2169
1608588443745225152 : Checking image 2 crop y2 3352
1608588443783493583 : Checking image 1 dpi 300
1608588443783610195 : Checking image 1 border top 134
1608588443783649698 : Checking image 1 border bottom 148
1608588443783683301 : Checking image 1 border left 225
1608588443783719205 : Checking image 1 border right 225
1608588443785852407 : Checking image 2 dpi 300
1608588443785940016 : Checking image 2 border top 132
1608588443785974519 : Checking image 2 border bottom 148
1608588443786007422 : Checking image 2 border left 224
1608588443786040525 : Checking image 2 border right 224

</system-out><system-err>--------------------------------- Captured Err ---------------------------------

</system-err></testcase><testcase classname="tests.test_images" name="test_2_pages_2_contours_png" time="39.162"><system-out>--------------------------------- Captured Log ---------------------------------

--------------------------------- Captured Out ---------------------------------
/home/runner/work/ocr-book/ocr-book/tests/2-pages-2-contours.png
1608588421570973033 : Checking separation double page angle 90.09036871657068
1608588421571081644 : Checking separation double page y=0 2486
1608588423896634368 : Checking page rotation 1 0.05
1608588430614081809 : Checking page rotation 2 0.30000000000000004
1608588432582822867 : Checking image 1 crop x1 1189
1608588432582944479 : Checking image 1 crop y1 1751
1608588432582981483 : Checking image 1 crop x2 1190
1608588432583013686 : Checking image 1 crop y2 1752
1608588436500426382 : Checking image 2 crop x1 101
1608588436500550394 : Checking image 2 crop y1 240
1608588436500588498 : Checking image 2 crop x2 2148
1608588436500643503 : Checking image 2 crop y2 3239
1608588436535875554 : Checking image 1 dpi 300
1608588436535978864 : Checking image 1 border top 1752
1608588436536016568 : Checking image 1 border bottom 1753
1608588436536050371 : Checking image 1 border left 1239
1608588436536084175 : Checking image 1 border right 1239
1608588436537596323 : Checking image 2 dpi 300
1608588436537678431 : Checking image 2 border top 230
1608588436537713434 : Checking image 2 border bottom 258
1608588436537747038 : Checking image 2 border left 206
1608588436537779941 : Checking image 2 border right 206

</system-out><system-err>--------------------------------- Captured Err ---------------------------------

</system-err></testcase><testcase classname="tests.test_images" name="test_wrong_split_line_png" time="48.120"><system-out>--------------------------------- Captured Log ---------------------------------

--------------------------------- Captured Out ---------------------------------
/home/runner/work/ocr-book/ocr-book/tests/wrong_split_line.png
1608588467651504904 : Checking separation double page angle 89.93395720607973
1608588467651608113 : Checking separation double page y=0 2465
1608588473107413697 : Checking page rotation 1 -0.14999999999999067
1608588479052189803 : Checking page rotation 2 0.5
1608588481761107997 : Checking image 1 crop x1 213
1608588481761242808 : Checking image 1 crop y1 157
1608588481761283611 : Checking image 1 crop x2 2323
1608588481761321514 : Checking image 1 crop y2 3362
1608588484595408617 : Checking image 2 crop x1 125
1608588484595538427 : Checking image 2 crop y1 165
1608588484595579231 : Checking image 2 crop x2 2237
1608588484595617034 : Checking image 2 crop y2 3374
1608588484633226641 : Checking image 1 dpi 300
1608588484633339650 : Checking image 1 border top 134
1608588484633377253 : Checking image 1 border bottom 148
1608588484633411056 : Checking image 1 border left 175
1608588484633444259 : Checking image 1 border right 175
1608588484636056368 : Checking image 2 dpi 300
1608588484636141775 : Checking image 2 border top 143
1608588484636178577 : Checking image 2 border bottom 135
1608588484636229982 : Checking image 2 border left 174
1608588484636263184 : Checking image 2 border right 174

</system-out><system-err>--------------------------------- Captured Err ---------------------------------

</system-err></testcase><testcase classname="tests.test_images" name="test_image_failed_to_rotate_png" time="69.017"><system-out>--------------------------------- Captured Log ---------------------------------

--------------------------------- Captured Out ---------------------------------
/home/runner/work/ocr-book/ocr-book/tests/image_failed_to_rotate.png
1608588481037617561 : Checking separation double page angle 90.24267669076625
1608588481037721870 : Checking separation double page y=0 2483
1608588486374925692 : Checking page rotation 1 0.35
1608588494694719276 : Checking page rotation 2 0.4
1608588506914985943 : Checking image 1 crop x1 34
1608588506915099152 : Checking image 1 crop y1 1
1608588506915143755 : Checking image 1 crop x2 2481
1608588506915182058 : Checking image 1 crop y2 3500
1608588512653321050 : Checking image 2 crop x1 169
1608588512653439359 : Checking image 2 crop y1 234
1608588512653482762 : Checking image 2 crop x2 2249
1608588512653520965 : Checking image 2 crop y2 3356
1608588512698211692 : Checking image 1 dpi 300
1608588512698342602 : Checking image 1 border top 4
1608588512698379804 : Checking image 1 border bottom 4
1608588512698411007 : Checking image 1 border left 17
1608588512698461410 : Checking image 1 border right 17
1608588512700784978 : Checking image 2 dpi 300
1608588512700872084 : Checking image 2 border top 220
1608588512700908887 : Checking image 2 border bottom 145
1608588512700941989 : Checking image 2 border left 190
1608588512700975292 : Checking image 2 border right 190

</system-out><system-err>--------------------------------- Captured Err ---------------------------------

</system-err></testcase><testcase classname="tests.test_images" name="test_crop_too_much_png" time="89.206"><system-out>--------------------------------- Captured Log ---------------------------------

--------------------------------- Captured Out ---------------------------------
/home/runner/work/ocr-book/ocr-book/tests/crop_too_much.png
1608588539890022950 : Checking separation double page angle 90.10739409272954
1608588539890130457 : Checking separation double page y=0 2455
1608588551697299554 : Checking page rotation 1 0.0
1608588563718687394 : Checking page rotation 2 0.45
1608588569218004528 : Checking image 1 crop x1 303
1608588569218145536 : Checking image 1 crop y1 148
1608588569218186439 : Checking image 1 crop x2 2313
1608588569218223241 : Checking image 1 crop y2 3351
1608588573793447337 : Checking image 2 crop x1 166
1608588573793583945 : Checking image 2 crop y1 155
1608588573793625347 : Checking image 2 crop x2 2177
1608588573793663750 : Checking image 2 crop y2 3359
1608588573843670661 : Checking image 1 dpi 300
1608588573843782767 : Checking image 1 border top 132
1608588573843821270 : Checking image 1 border bottom 152
1608588573843855172 : Checking image 1 border left 225
1608588573843889074 : Checking image 1 border right 225
1608588573846494331 : Checking image 2 dpi 300
1608588573846583136 : Checking image 2 border top 141
1608588573846619938 : Checking image 2 border bottom 142
1608588573846653440 : Checking image 2 border left 224
1608588573846686642 : Checking image 2 border right 224

</system-out><system-err>--------------------------------- Captured Err ---------------------------------

</system-err></testcase><testcase classname="tests.test_images" name="test_image_failed_to_crop_data_png" time="70.444"><system-out>--------------------------------- Captured Log ---------------------------------

--------------------------------- Captured Out ---------------------------------
/home/runner/work/ocr-book/ocr-book/tests/image_failed_to_crop_data.png
1608588551295733996 : Checking separation double page angle 90.08353326014034
1608588551295842703 : Checking separation double page y=0 2479
1608588557835967803 : Checking page rotation 1 0.2
1608588564353755888 : Checking page rotation 2 0.1
1608588577977623467 : Checking image 1 crop x1 50
1608588577977742474 : Checking image 1 crop y1 7
1608588577977786376 : Checking image 1 crop x2 2477
1608588577977825379 : Checking image 1 crop y2 3502
1608588583142871426 : Checking image 2 crop x1 165
1608588583142994133 : Checking image 2 crop y1 218
1608588583143036136 : Checking image 2 crop x2 2244
1608588583143074338 : Checking image 2 crop y2 3349
1608588583182223738 : Checking image 1 dpi 300
1608588583182344045 : Checking image 1 border top 6
1608588583182384147 : Checking image 1 border bottom 6
1608588583182418049 : Checking image 1 border left 22
1608588583182455051 : Checking image 1 border right 22
1608588583185288518 : Checking image 2 dpi 300
1608588583185386823 : Checking image 2 border top 206
1608588583185423225 : Checking image 2 border bottom 149
1608588583185457127 : Checking image 2 border left 190
1608588583185492330 : Checking image 2 border right 190

</system-out><system-err>--------------------------------- Captured Err ---------------------------------

</system-err></testcase><testcase classname="tests.test_images" name="test_crop_too_few_png" time="52.455"><system-out>--------------------------------- Captured Log ---------------------------------

--------------------------------- Captured Out ---------------------------------
/home/runner/work/ocr-book/ocr-book/tests/crop_too_few.png
1608588607216096823 : Checking separation double page angle 89.47170238452755
1608588607216226630 : Checking separation double page y=0 2512
1608588613594626814 : Checking page rotation 1 -0.7499999999999916
1608588619909014379 : Checking page rotation 2 0.0
1608588623277541283 : Checking image 1 crop x1 265
1608588623277679891 : Checking image 1 crop y1 152
1608588623277720993 : Checking image 1 crop x2 2375
1608588623277760095 : Checking image 1 crop y2 3356
1608588626291291413 : Checking image 2 crop x1 137
1608588626291419520 : Checking image 2 crop y1 141
1608588626291459922 : Checking image 2 crop x2 2259
1608588626291499824 : Checking image 2 crop y2 3345
1608588626325956270 : Checking image 1 dpi 300
1608588626326068476 : Checking image 1 border top 132
1608588626326106078 : Checking image 1 border bottom 151
1608588626326139880 : Checking image 1 border left 175
1608588626326173481 : Checking image 1 border right 175
1608588626328340097 : Checking image 2 dpi 300
1608588626328423902 : Checking image 2 border top 130
1608588626328460704 : Checking image 2 border bottom 153
1608588626328495206 : Checking image 2 border left 169
1608588626328527707 : Checking image 2 border right 169

</system-out><system-err>--------------------------------- Captured Err ---------------------------------

</system-err></testcase><testcase classname="tests.test_images" name="test_wrong_angle_split_line_png" time="76.987"><system-out>--------------------------------- Captured Log ---------------------------------

--------------------------------- Captured Out ---------------------------------
/home/runner/work/ocr-book/ocr-book/tests/wrong_angle_split_line.png
1608588622736835132 : Checking separation double page angle 90.09193420006348
1608588622736937638 : Checking separation double page y=0 2481
1608588630577864249 : Checking page rotation 1 0.2
1608588639486336719 : Checking page rotation 2 0.0
1608588653363428660 : Checking image 1 crop x1 58
1608588653363553966 : Checking image 1 crop y1 7
1608588653363598468 : Checking image 1 crop x2 2479
1608588653363637070 : Checking image 1 crop y2 3500
1608588659292309317 : Checking image 2 crop x1 160
1608588659292436824 : Checking image 2 crop y1 217
1608588659292479626 : Checking image 2 crop x2 2243
1608588659292520028 : Checking image 2 crop y2 3350
1608588659466233620 : Checking image 1 dpi 300
1608588659466352226 : Checking image 1 border top 7
1608588659466391328 : Checking image 1 border bottom 7
1608588659466424729 : Checking image 1 border left 30
1608588659466460431 : Checking image 1 border right 30
1608588659473728899 : Checking image 2 dpi 300
1608588659473833704 : Checking image 2 border top 206
1608588659473869806 : Checking image 2 border bottom 148
1608588659473904808 : Checking image 2 border left 188
1608588659473938310 : Checking image 2 border right 188

</system-out><system-err>--------------------------------- Captured Err ---------------------------------

</system-err></testcase><testcase classname="tests.test_images" name="test_crop_too_much_2_png" time="97.025"><system-out>--------------------------------- Captured Log ---------------------------------

--------------------------------- Captured Out ---------------------------------
/home/runner/work/ocr-book/ocr-book/tests/crop_too_much_2.png
1608588686642826573 : Checking separation double page angle 90.16490749368565
1608588686642934378 : Checking separation double page y=0 2478
1608588697733054678 : Checking page rotation 1 0.2
1608588711877762529 : Checking page rotation 2 0.2
1608588717075487641 : Checking image 1 crop x1 332
1608588717075629948 : Checking image 1 crop y1 131
1608588717075670550 : Checking image 1 crop x2 2342
1608588717075708552 : Checking image 1 crop y2 3336
1608588723258996852 : Checking image 2 crop x1 165
1608588723259130058 : Checking image 2 crop y1 139
1608588723259171360 : Checking image 2 crop x2 2178
1608588723259210962 : Checking image 2 crop y2 3345
1608588723315063769 : Checking image 1 dpi 300
1608588723315179174 : Checking image 1 border top 120
1608588723315216776 : Checking image 1 border bottom 162
1608588723315252277 : Checking image 1 border left 225
1608588723315287379 : Checking image 1 border right 225
1608588723317435979 : Checking image 2 dpi 300
1608588723317517383 : Checking image 2 border top 126
1608588723317551785 : Checking image 2 border bottom 154
1608588723317588386 : Checking image 2 border left 223
1608588723317622688 : Checking image 2 border right 223

</system-out><system-err>--------------------------------- Captured Err ---------------------------------

</system-err></testcase><testcase classname="tests.test_images" name="test_angle_page_lower_split_line_png" time="64.198"><system-out>--------------------------------- Captured Log ---------------------------------

--------------------------------- Captured Out ---------------------------------
/home/runner/work/ocr-book/ocr-book/tests/angle_page_lower_split_line.png
1608588700528233998 : Checking separation double page angle 89.80201324959413
1608588700528342203 : Checking separation double page y=0 2475
1608588710181630408 : Checking page rotation 1 -0.44999999999999746
1608588717155060979 : Checking page rotation 2 0.1
1608588720575267782 : Checking image 1 crop x1 245
1608588720575393888 : Checking image 1 crop y1 161
1608588720575435990 : Checking image 1 crop x2 2351
1608588720575474692 : Checking image 1 crop y2 3364
1608588724408279676 : Checking image 2 crop x1 148
1608588724408404982 : Checking image 2 crop y1 146
1608588724408446984 : Checking image 2 crop x2 2258
1608588724408485586 : Checking image 2 crop y2 3351
1608588724447846621 : Checking image 1 dpi 300
1608588724447964227 : Checking image 1 border top 145
1608588724448002928 : Checking image 1 border bottom 139
1608588724448037230 : Checking image 1 border left 177
1608588724448071932 : Checking image 1 border right 177
1608588724450371639 : Checking image 2 dpi 300
1608588724450455143 : Checking image 2 border top 129
1608588724450489944 : Checking image 2 border bottom 153
1608588724450525246 : Checking image 2 border left 175
1608588724450558148 : Checking image 2 border right 175

</system-out><system-err>--------------------------------- Captured Err ---------------------------------

</system-err></testcase><testcase classname="tests.test_images" name="test_wrong_split_line_2_png" time="100.079"><system-out>--------------------------------- Captured Log ---------------------------------

--------------------------------- Captured Out ---------------------------------
/home/runner/work/ocr-book/ocr-book/tests/wrong_split_line_2.png
1608588780204722185 : Checking separation double page angle 90.24944704411861
1608588780204833590 : Checking separation double page y=0 2440
1608588792487990188 : Checking page rotation 1 0.1
1608588805707660166 : Checking page rotation 2 0.4
1608588813068425269 : Checking image 1 crop x1 294
1608588813068564375 : Checking image 1 crop y1 137
1608588813068603977 : Checking image 1 crop x2 2325
1608588813068642579 : Checking image 1 crop y2 3375
1608588823358111203 : Checking image 2 crop x1 140
1608588823358241509 : Checking image 2 crop y1 192
1608588823358281711 : Checking image 2 crop x2 2167
1608588823358321913 : Checking image 2 crop y2 3386
1608588823409233622 : Checking image 1 dpi 300
1608588823409352927 : Checking image 1 border top 131
1608588823409391329 : Checking image 1 border bottom 118
1608588823409424730 : Checking image 1 border left 214
1608588823409458532 : Checking image 1 border right 214
1608588823412098846 : Checking image 2 dpi 300
1608588823412190550 : Checking image 2 border top 183
1608588823412261753 : Checking image 2 border bottom 110
1608588823412295555 : Checking image 2 border left 216
1608588823412327956 : Checking image 2 border right 216

</system-out><system-err>--------------------------------- Captured Err ---------------------------------

</system-err></testcase><testcase classname="tests.test_images" name="test_wrong_wave_split_line_png" time="89.239"><system-out>--------------------------------- Captured Log ---------------------------------

--------------------------------- Captured Out ---------------------------------
/home/runner/work/ocr-book/ocr-book/tests/wrong_wave_split_line.png
1608588774401356061 : Checking separation double page angle 90.45378604107718
1608588774401459765 : Checking separation double page y=0 2503
1608588784433277026 : Checking page rotation 1 -0.14999999999999067
1608588794855701558 : Checking page rotation 2 0.85
1608588804085205658 : Checking image 1 crop x1 385
1608588804085345364 : Checking image 1 crop y1 179
1608588804085387666 : Checking image 1 crop x2 2411
1608588804085423868 : Checking image 1 crop y2 3374
1608588813620617656 : Checking image 2 crop x1 13
1608588813620738761 : Checking image 2 crop y1 16
1608588813620781063 : Checking image 2 crop x2 2413
1608588813620820665 : Checking image 2 crop y2 3505
1608588813676847909 : Checking image 1 dpi 300
1608588813676955714 : Checking image 1 border top 172
1608588813676992615 : Checking image 1 border bottom 120
1608588813677026417 : Checking image 1 border left 217
1608588813677061618 : Checking image 1 border right 217
1608588813679186811 : Checking image 2 dpi 300
1608588813679265614 : Checking image 2 border top 9
1608588813679300416 : Checking image 2 border bottom 9
1608588813679333117 : Checking image 2 border left 40
1608588813679365619 : Checking image 2 border right 40

</system-out><system-err>--------------------------------- Captured Err ---------------------------------

</system-err></testcase><testcase classname="tests.test_images" name="test_no_split_line_line_algo_png" time="57.963"><system-out>--------------------------------- Captured Log ---------------------------------

--------------------------------- Captured Out ---------------------------------
/home/runner/work/ocr-book/ocr-book/tests/no_split_line_line_algo.png
1608588850770688102 : Checking separation double page angle 89.47691469185418
1608588850770795606 : Checking separation double page y=0 2476
1608588855708010131 : Checking page rotation 1 -0.14999999999999067
1608588864711999365 : Checking page rotation 2 -0.44999999999999746
1608588867456033798 : Checking image 1 crop x1 205
1608588867456158703 : Checking image 1 crop y1 158
1608588867456224606 : Checking image 1 crop x2 2320
1608588867456265408 : Checking image 1 crop y2 3366
1608588871612127686 : Checking image 2 crop x1 185
1608588871612280792 : Checking image 2 crop y1 221
1608588871612323094 : Checking image 2 crop x2 2201
1608588871612361296 : Checking image 2 crop y2 3366
1608588871657574819 : Checking image 1 dpi 300
1608588871657703124 : Checking image 1 border top 144
1608588871657741526 : Checking image 1 border bottom 134
1608588871657775027 : Checking image 1 border left 172
1608588871657809729 : Checking image 1 border right 172
1608588871661457984 : Checking image 2 dpi 300
1608588871661558788 : Checking image 2 border top 218
1608588871661594890 : Checking image 2 border bottom 124
1608588871661628091 : Checking image 2 border left 222
1608588871661661392 : Checking image 2 border right 222

</system-out><system-err>--------------------------------- Captured Err ---------------------------------

</system-err></testcase><testcase classname="tests.test_images" name="test_small_wave_png" time="71.450"><system-out>--------------------------------- Captured Log ---------------------------------

--------------------------------- Captured Out ---------------------------------
/home/runner/work/ocr-book/ocr-book/tests/small_wave.png
1608588868572898859 : Checking separation double page angle 90.61316928841565
1608588868573010263 : Checking separation double page y=0 2500
1608588879400572087 : Checking page rotation 1 0.7
1608588888202910138 : Checking page rotation 2 0.7
1608588891538121743 : Checking image 1 crop x1 322
1608588891538263349 : Checking image 1 crop y1 199
1608588891538304651 : Checking image 1 crop x2 2351
1608588891538343852 : Checking image 1 crop y2 3394
1608588894792301088 : Checking image 2 crop x1 130
1608588894792437394 : Checking image 2 crop y1 223
1608588894792477295 : Checking image 2 crop x2 2160
1608588894792519397 : Checking image 2 crop y2 3419
1608588894838486438 : Checking image 1 dpi 300
1608588894838602143 : Checking image 1 border top 180
1608588894838640244 : Checking image 1 border bottom 112
1608588894838674046 : Checking image 1 border left 215
1608588894838707847 : Checking image 1 border right 215
1608588894840796435 : Checking image 2 dpi 300
1608588894840879539 : Checking image 2 border top 195
1608588894840914640 : Checking image 2 border bottom 96
1608588894840947842 : Checking image 2 border left 215
1608588894840980443 : Checking image 2 border right 215

</system-out><system-err>--------------------------------- Captured Err ---------------------------------

</system-err></testcase><testcase classname="tests.test_images" name="test_failed_split_line_line_algo_png" time="30.009"><system-out>--------------------------------- Captured Log ---------------------------------

--------------------------------- Captured Out ---------------------------------
/home/runner/work/ocr-book/ocr-book/tests/failed_split_line_line_algo.png
1608588891381973045 : Checking separation double page angle 90.0038422057325
1608588891382072049 : Checking separation double page y=0 2576
1608588894939666009 : Checking page rotation 1 -0.14999999999999067
1608588897167583128 : Checking page rotation 2 0.0
1608588899983652982 : Checking image 1 crop x1 407
1608588899983776087 : Checking image 1 crop y1 2925
1608588899983818589 : Checking image 1 crop x2 2419
1608588899983855191 : Checking image 1 crop y2 3174
1608588901696581569 : Checking image 2 crop x1 1183
1608588901696688974 : Checking image 2 crop y1 1747
1608588901696726075 : Checking image 2 crop x2 1184
1608588901696760177 : Checking image 2 crop y2 1748
1608588901697061289 : Checking image 1 dpi 300
1608588901697143793 : Checking image 1 border top 2919
1608588901697179894 : Checking image 1 border bottom 319
1608588901697213496 : Checking image 1 border left 224
1608588901697248397 : Checking image 1 border right 224
1608588901698488049 : Checking image 2 dpi 300
1608588901698565453 : Checking image 2 border top 1752
1608588901698602654 : Checking image 2 border bottom 1753
1608588901698635656 : Checking image 2 border left 1239
1608588901698668657 : Checking image 2 border right 1239

</system-out><system-err>--------------------------------- Captured Err ---------------------------------

</system-err></testcase><testcase classname="tests.test_images" name="test_wrong_split_line_3_png" time="69.946"><system-out>--------------------------------- Captured Log ---------------------------------

--------------------------------- Captured Out ---------------------------------
/home/runner/work/ocr-book/ocr-book/tests/wrong_split_line_3.png
1608588941422915086 : Checking separation double page angle 90.41229500214693
1608588941423023196 : Checking separation double page y=0 2495
1608588950254559591 : Checking page rotation 1 0.35
1608588957269917115 : Checking page rotation 2 0.9
1608588961558979843 : Checking image 1 crop x1 331
1608588961559119956 : Checking image 1 crop y1 164
1608588961559160460 : Checking image 1 crop x2 2375
1608588961559198964 : Checking image 1 crop y2 3377
1608588964789232276 : Checking image 2 crop x1 104
1608588964789366588 : Checking image 2 crop y1 208
1608588964789406492 : Checking image 2 crop x2 2135
1608588964789445996 : Checking image 2 crop y2 3413
1608588964829915211 : Checking image 1 dpi 300
1608588964830029322 : Checking image 1 border top 157
1608588964830066925 : Checking image 1 border bottom 117
1608588964830100528 : Checking image 1 border left 208
1608588964830134231 : Checking image 1 border right 208
1608588964832246325 : Checking image 2 dpi 300
1608588964832337033 : Checking image 2 border top 188
1608588964832373037 : Checking image 2 border bottom 94
1608588964832406440 : Checking image 2 border left 214
1608588964832439543 : Checking image 2 border right 214

</system-out><system-err>--------------------------------- Captured Err ---------------------------------

</system-err></testcase><testcase classname="tests.test_images" name="test_failed_split_line_line_algo_2_png" time="84.708"><system-out>--------------------------------- Captured Log ---------------------------------

--------------------------------- Captured Out ---------------------------------
/home/runner/work/ocr-book/ocr-book/tests/failed_split_line_line_algo_2.png
1608588956851820184 : Checking separation double page angle 90.04134220573248
1608588956851927194 : Checking separation double page y=0 2498
1608588967635109609 : Checking page rotation 1 0.0
1608588977600002839 : Checking page rotation 2 0.6000000000000001
1608588982650133652 : Checking image 1 crop x1 272
1608588982650253262 : Checking image 1 crop y1 149
1608588982650292166 : Checking image 1 crop x2 2383
1608588982650326169 : Checking image 1 crop y2 3353
1608588986333654987 : Checking image 2 crop x1 124
1608588986333779398 : Checking image 2 crop y1 155
1608588986333821102 : Checking image 2 crop x2 2247
1608588986333858905 : Checking image 2 crop y2 3350
1608588986378860671 : Checking image 1 dpi 300
1608588986378973781 : Checking image 1 border top 137
1608588986379010484 : Checking image 1 border bottom 146
1608588986379046287 : Checking image 1 border left 174
1608588986379082891 : Checking image 1 border right 174
1608588986381244781 : Checking image 2 dpi 300
1608588986381325688 : Checking image 2 border top 135
1608588986381359891 : Checking image 2 border bottom 157
1608588986381392694 : Checking image 2 border left 168
1608588986381425297 : Checking image 2 border right 168

</system-out><system-err>--------------------------------- Captured Err ---------------------------------

</system-err></testcase><testcase classname="tests.test_images" name="test_crop_too_much_3_png" time="76.347"><system-out>--------------------------------- Captured Log ---------------------------------

--------------------------------- Captured Out ---------------------------------
/home/runner/work/ocr-book/ocr-book/tests/crop_too_much_3.png
1608589012877269683 : Checking separation double page angle 89.51495085266092
1608589012877379092 : Checking separation double page y=0 2494
1608589021294762017 : Checking page rotation 1 -0.9499999999999917
1608589032337276947 : Checking page rotation 2 -0.14999999999999067
1608589036678156217 : Checking image 1 crop x1 373
1608589036678300929 : Checking image 1 crop y1 258
1608589036678340932 : Checking image 1 crop x2 2386
1608589036678378435 : Checking image 1 crop y2 3458
1608589041120798886 : Checking image 2 crop x1 172
1608589041120928996 : Checking image 2 crop y1 228
1608589041120966899 : Checking image 2 crop x2 2185
1608589041121004302 : Checking image 2 crop y2 3417
1608589041171303037 : Checking image 1 dpi 300
1608589041171420346 : Checking image 1 border top 239
1608589041171458049 : Checking image 1 border bottom 47
1608589041171491652 : Checking image 1 border left 223
1608589041171527455 : Checking image 1 border right 223
1608589041173705029 : Checking image 2 dpi 300
1608589041173794737 : Checking image 2 border top 214
1608589041173830039 : Checking image 2 border bottom 84
1608589041173863342 : Checking image 2 border left 223
1608589041173897945 : Checking image 2 border right 223

</system-out><system-err>--------------------------------- Captured Err ---------------------------------

</system-err></testcase><testcase classname="tests.test_images" name="test_wrong_wave_split_line_2_png" time="82.389"><system-out>--------------------------------- Captured Log ---------------------------------

--------------------------------- Captured Out ---------------------------------
/home/runner/work/ocr-book/ocr-book/tests/wrong_wave_split_line_2.png
1608589037841709098 : Checking separation double page angle 90.7708958311329
1608589037841815506 : Checking separation double page y=0 2490
1608589046768378623 : Checking page rotation 1 0.4
1608589058439395156 : Checking page rotation 2 1.8
1608589062215999048 : Checking image 1 crop x1 224
1608589062216120158 : Checking image 1 crop y1 147
1608589062216163761 : Checking image 1 crop x2 2337
1608589062216229666 : Checking image 1 crop y2 3355
1608589068712010739 : Checking image 2 crop x1 107
1608589068712132748 : Checking image 2 crop y1 197
1608589068712175151 : Checking image 2 crop x2 2229
1608589068712243656 : Checking image 2 crop y2 3396
1608589068763815423 : Checking image 1 dpi 300
1608589068763929031 : Checking image 1 border top 137
1608589068763966134 : Checking image 1 border bottom 142
1608589068764000237 : Checking image 1 border left 173
1608589068764046340 : Checking image 1 border right 173
1608589068767702322 : Checking image 2 dpi 300
1608589068767792629 : Checking image 2 border top 171
1608589068767828531 : Checking image 2 border bottom 117
1608589068767861234 : Checking image 2 border left 169
1608589068767894536 : Checking image 2 border right 169

</system-out><system-err>--------------------------------- Captured Err ---------------------------------

</system-err></testcase><testcase classname="tests.test_images" name="test_wrong_wave_split_line_3_png" time="68.723"><system-out>--------------------------------- Captured Log ---------------------------------

--------------------------------- Captured Out ---------------------------------
/home/runner/work/ocr-book/ocr-book/tests/wrong_wave_split_line_3.png
1608589086579372514 : Checking separation double page angle 90.05826063695574
1608589086579483323 : Checking separation double page y=0 2514
1608589096013566998 : Checking page rotation 1 0.05
1608589102950283475 : Checking page rotation 2 0.30000000000000004
1608589106632089756 : Checking image 1 crop x1 273
1608589106632244867 : Checking image 1 crop y1 220
1608589106632300671 : Checking image 1 crop x2 2383
1608589106632337474 : Checking image 1 crop y2 3423
1608589109866633892 : Checking image 2 crop x1 114
1608589109866765202 : Checking image 2 crop y1 226
1608589109866805405 : Checking image 2 crop x2 2237
1608589109866846308 : Checking image 2 crop y2 3414
1608589109908021393 : Checking image 1 dpi 300
1608589109908131001 : Checking image 1 border top 202
1608589109908170204 : Checking image 1 border bottom 82
1608589109908227008 : Checking image 1 border left 175
1608589109908262511 : Checking image 1 border right 175
1608589109910505873 : Checking image 2 dpi 300
1608589109910592179 : Checking image 2 border top 207
1608589109910627782 : Checking image 2 border bottom 92
1608589109910661985 : Checking image 2 border left 168
1608589109910695487 : Checking image 2 border right 168

</system-out><system-err>--------------------------------- Captured Err ---------------------------------

</system-err></testcase><testcase classname="tests.test_images" name="test_no_split_line_wave_algo_png" time="77.912"><system-out>--------------------------------- Captured Log ---------------------------------

--------------------------------- Captured Out ---------------------------------
/home/runner/work/ocr-book/ocr-book/tests/no_split_line_wave_algo.png
1608589106569344888 : Checking separation double page angle 89.92907061939218
1608589106569448695 : Checking separation double page y=0 2475
1608589112991584286 : Checking page rotation 1 -0.04999999999999689
1608589122782350906 : Checking page rotation 2 -0.5499999999999912
1608589137250024954 : Checking image 1 crop x1 101
1608589137250105359 : Checking image 1 crop y1 79
1608589137250140162 : Checking image 1 crop x2 2477
1608589137250173164 : Checking image 1 crop y2 3505
1608589146565713175 : Checking image 2 crop x1 171
1608589146565829783 : Checking image 2 crop y1 266
1608589146565872486 : Checking image 2 crop x2 2248
1608589146565910588 : Checking image 2 crop y2 3382
1608589146610218750 : Checking image 1 dpi 300
1608589146610325457 : Checking image 1 border top 41
1608589146610362360 : Checking image 1 border bottom 41
1608589146610396062 : Checking image 1 border left 52
1608589146610431265 : Checking image 1 border right 52
1608589146612560512 : Checking image 2 dpi 300
1608589146612641017 : Checking image 2 border top 257
1608589146612677620 : Checking image 2 border bottom 114
1608589146612710922 : Checking image 2 border left 191
1608589146612743624 : Checking image 2 border right 191

</system-out><system-err>--------------------------------- Captured Err ---------------------------------

</system-err></testcase><testcase classname="tests.test_images" name="test_no_split_line_wave_algo_2_png" time="60.707"><system-out>--------------------------------- Captured Log ---------------------------------

--------------------------------- Captured Out ---------------------------------
/home/runner/work/ocr-book/ocr-book/tests/no_split_line_wave_algo_2.png
1608589148144534662 : Checking separation double page angle 90.47115835000895
1608589148144645869 : Checking separation double page y=0 2478
1608589156236674840 : Checking page rotation 1 1.1500000000000001
1608589164188827958 : Checking page rotation 2 0.2
1608589167559855612 : Checking image 1 crop x1 266
1608589167559996821 : Checking image 1 crop y1 209
1608589167560037924 : Checking image 1 crop x2 2342
1608589167560078527 : Checking image 1 crop y2 3413
1608589170574276438 : Checking image 2 crop x1 163
1608589170574409247 : Checking image 2 crop y1 241
1608589170574449350 : Checking image 2 crop x2 2246
1608589170574488152 : Checking image 2 crop y2 3433
1608589170620739958 : Checking image 1 dpi 300
1608589170620854165 : Checking image 1 border top 191
1608589170620891968 : Checking image 1 border bottom 92
1608589170620925570 : Checking image 1 border left 192
1608589170620958672 : Checking image 1 border right 192
1608589170623037812 : Checking image 2 dpi 300
1608589170623116117 : Checking image 2 border top 225
1608589170623150420 : Checking image 2 border bottom 70
1608589170623183322 : Checking image 2 border left 188
1608589170623215824 : Checking image 2 border right 188

</system-out><system-err>--------------------------------- Captured Err ---------------------------------

</system-err></testcase><testcase classname="tests.test_images" name="test_crop_too_few_2_png" time="55.282"><system-out>--------------------------------- Captured Log ---------------------------------

--------------------------------- Captured Out ---------------------------------
/home/runner/work/ocr-book/ocr-book/tests/crop_too_few_2.png
1608589180775168271 : Checking separation double page angle 90.30476192320097
1608589180775273678 : Checking separation double page y=0 2531
1608589188163061076 : Checking page rotation 1 1.2000000000000002
1608589194715654256 : Checking page rotation 2 -0.04999999999999689
1608589198297418136 : Checking image 1 crop x1 287
1608589198297540144 : Checking image 1 crop y1 165
1608589198297580147 : Checking image 1 crop x2 2398
1608589198297616949 : Checking image 1 crop y2 3368
1608589201947654765 : Checking image 2 crop x1 149
1608589201947775873 : Checking image 2 crop y1 189
1608589201947816076 : Checking image 2 crop x2 2273
1608589201947854578 : Checking image 2 crop y2 3386
1608589201986903711 : Checking image 1 dpi 300
1608589201987009518 : Checking image 1 border top 157
1608589201987043720 : Checking image 1 border bottom 127
1608589201987074222 : Checking image 1 border left 174
1608589201987107925 : Checking image 1 border right 174
1608589201990671656 : Checking image 2 dpi 300
1608589201990762262 : Checking image 2 border top 181
1608589201990799064 : Checking image 2 border bottom 109
1608589201990831666 : Checking image 2 border left 168
1608589201990864368 : Checking image 2 border right 168

</system-out><system-err>--------------------------------- Captured Err ---------------------------------

</system-err></testcase><testcase classname="tests.test_images" name="test_failed_detect_rectangle_png" time="77.317"><system-out>--------------------------------- Captured Log ---------------------------------

--------------------------------- Captured Out ---------------------------------
/home/runner/work/ocr-book/ocr-book/tests/failed_detect_rectangle.png
1608589216297833891 : Checking separation double page angle 90.19837516213148
1608589216297942298 : Checking separation double page y=0 2474
1608589228845640124 : Checking page rotation 1 0.2
1608589240915237884 : Checking page rotation 2 0.2
1608589244402657346 : Checking image 1 crop x1 257
1608589244402797554 : Checking image 1 crop y1 201
1608589244402838057 : Checking image 1 crop x2 2333
1608589244402875859 : Checking image 1 crop y2 3402
1608589247878975518 : Checking image 2 crop x1 136
1608589247879102726 : Checking image 2 crop y1 215
1608589247879144929 : Checking image 2 crop x2 2219
1608589247879185832 : Checking image 2 crop y2 3406
1608589247929482748 : Checking image 1 dpi 300
1608589247929597855 : Checking image 1 border top 188
1608589247929636858 : Checking image 1 border bottom 97
1608589247929671160 : Checking image 1 border left 192
1608589247929704662 : Checking image 1 border right 192
1608589247931768190 : Checking image 2 dpi 300
1608589247931854795 : Checking image 2 border top 200
1608589247931889897 : Checking image 2 border bottom 95
1608589247931922799 : Checking image 2 border left 188
1608589247931955201 : Checking image 2 border right 188

</system-out><system-err>--------------------------------- Captured Err ---------------------------------

</system-err></testcase><testcase classname="tests.test_images" name="test_single_page_png" time="27.177"><system-out>--------------------------------- Captured Log ---------------------------------

--------------------------------- Captured Out ---------------------------------
/home/runner/work/ocr-book/ocr-book/tests/single_page.png
1608589213995666477 : Checking separation double page angle 90.04999999999998
1608589213995782884 : Checking separation double page y=0 2476
1608589219808490632 : Checking page rotation 1 0.0
1608589220397337796 : Checking page rotation 2 0.0
1608589228190520687 : Checking image 1 crop x1 1
1608589228190608793 : Checking image 1 crop y1 8
1608589228190645895 : Checking image 1 crop x2 2470
1608589228190680797 : Checking image 1 crop y2 3505
1608589228790416139 : Checking image 2 crop x1 0
1608589228790498744 : Checking image 2 crop y1 0
1608589228790529046 : Checking image 2 crop x2 0
1608589228790557648 : Checking image 2 crop y2 0
1608589228790630453 : Checking image 1 dpi 300
1608589228790690056 : Checking image 1 border top 5
1608589228790724259 : Checking image 1 border bottom 5
1608589228790754461 : Checking image 1 border left 6
1608589228790785263 : Checking image 1 border right 6
1608589228796612430 : Checking image 2 border top 0
1608589228796663333 : Checking image 2 border bottom 0
1608589228796693435 : Checking image 2 border left 0
1608589228796722437 : Checking image 2 border right 0

</system-out><system-err>--------------------------------- Captured Err ---------------------------------

</system-err></testcase><testcase classname="tests.test_images" name="test_wrong_split_line_4_png" time="37.743"><system-out>--------------------------------- Captured Log ---------------------------------

--------------------------------- Captured Out ---------------------------------
/home/runner/work/ocr-book/ocr-book/tests/wrong_split_line_4.png
1608589254056289048 : Checking separation double page angle 91.04999999999998
1608589254056401155 : Checking separation double page y=0 60
1608589254323864821 : Checking page rotation 1 1.05
1608589261833337635 : Checking page rotation 2 1.1500000000000001
1608589262400595116 : Checking image 1 crop x1 0
1608589262400659820 : Checking image 1 crop y1 0
1608589262400691922 : Checking image 1 crop x2 0
1608589262400722524 : Checking image 1 crop y2 0
1608589266914695401 : Checking image 2 crop x1 292
1608589266914805508 : Checking image 2 crop y1 330
1608589266914847010 : Checking image 2 crop x2 2314
1608589266914882213 : Checking image 2 crop y2 3218
1608589266962085987 : Checking image 1 border top 0
1608589266962153292 : Checking image 1 border bottom 0
1608589266962189094 : Checking image 1 border left 0
1608589266962224396 : Checking image 1 border right 0
1608589266962282999 : Checking image 2 dpi 300
1608589266962361404 : Checking image 2 border top 322
1608589266962396306 : Checking image 2 border bottom 277
1608589266962430208 : Checking image 2 border left 219
1608589266962462610 : Checking image 2 border right 219

</system-out><system-err>--------------------------------- Captured Err ---------------------------------

</system-err></testcase><testcase classname="tests.test_images" name="test_no_split_line_wave_algo_3_png" time="20.586"><system-out>--------------------------------- Captured Log ---------------------------------

--------------------------------- Captured Out ---------------------------------
/home/runner/work/ocr-book/ocr-book/tests/no_split_line_wave_algo_3.png
1608589260092851110 : Checking separation double page angle 90.19999999999999
1608589260092972818 : Checking separation double page y=0 2408
1608589263083510052 : Checking page rotation 1 0.0
1608589263467191782 : Checking page rotation 2 0.15000000000000002
1608589267915641415 : Checking image 1 crop x1 184
1608589267915756922 : Checking image 1 crop y1 2957
1608589267915794925 : Checking image 1 crop x2 2201
1608589267915830827 : Checking image 1 crop y2 3202
1608589268505335573 : Checking image 2 crop x1 0
1608589268505402977 : Checking image 2 crop y1 0
1608589268505432579 : Checking image 2 crop x2 0
1608589268505460880 : Checking image 2 crop y2 0
1608589268505545686 : Checking image 1 dpi 300
1608589268505616290 : Checking image 1 border top 2950
1608589268505648792 : Checking image 1 border bottom 292
1608589268505679694 : Checking image 1 border left 221
1608589268505710796 : Checking image 1 border right 221
1608589268512570913 : Checking image 2 border top 0
1608589268512629516 : Checking image 2 border bottom 0
1608589268512659318 : Checking image 2 border left 0
1608589268512688720 : Checking image 2 border right 0

</system-out><system-err>--------------------------------- Captured Err ---------------------------------

</system-err></testcase><testcase classname="tests.test_images" name="test_failed_split_line_line_algo_3_png" time="27.131"><system-out>--------------------------------- Captured Log ---------------------------------

--------------------------------- Captured Out ---------------------------------
/home/runner/work/ocr-book/ocr-book/tests/failed_split_line_line_algo_3.png
1608589282161827809 : Checking separation double page angle 90.0
1608589282161942716 : Checking separation double page y=0 40
1608589282319712194 : Checking page rotation 1 0.0
1608589286681274482 : Checking page rotation 2 0.0
1608589287044703941 : Checking image 1 crop x1 0
1608589287044763144 : Checking image 1 crop y1 0
1608589287044792646 : Checking image 1 crop x2 0
1608589287044821648 : Checking image 1 crop y2 0
1608589294070209705 : Checking image 2 crop x1 246
1608589294070316911 : Checking image 2 crop y1 154
1608589294070356313 : Checking image 2 crop x2 2259
1608589294070399216 : Checking image 2 crop y2 3361
1608589294109402436 : Checking image 1 border top 0
1608589294109465440 : Checking image 1 border bottom 0
1608589294109498142 : Checking image 1 border left 0
1608589294109548345 : Checking image 1 border right 0
1608589294109606048 : Checking image 2 dpi 300
1608589294109683953 : Checking image 2 border top 146
1608589294109716955 : Checking image 2 border bottom 134
1608589294109749157 : Checking image 2 border left 223
1608589294109783159 : Checking image 2 border right 223

</system-out><system-err>--------------------------------- Captured Err ---------------------------------

</system-err></testcase></testsuite></testsuites>