<?xml version="1.0" encoding="utf-8"?><testsuites><testsuite name="pytest" errors="0" failures="0" skipped="0" tests="32" time="958.311" timestamp="2020-12-06T23:15:22.464419" hostname="fv-az121-270"><testcase classname="tests.test_features" name="test_disabled_enable_debug" time="40.969"><system-out>--------------------------------- Captured Log ---------------------------------

--------------------------------- Captured Out ---------------------------------
/home/runner/work/ocr-book/ocr-book/tests/0001_debug.png
separation double page angle 90.57780420099763
separation double page y=0 2487
page rotation 1 0.75
page rotation 2 0.2
image 1 crop x1 330
image 1 crop y1 336
image 1 crop x2 2343
image 1 crop y2 3223
image 2 crop x1 169
image 2 crop y1 648
image 2 crop x2 2186
image 2 crop y2 3361
image 1 dpi 300
image 1 border top 318
image 1 border bottom 282
image 1 border left 223
image 1 border right 223
image 2 dpi 300
image 2 border top 643
image 2 border bottom 131
image 2 border left 221
image 2 border right 221

</system-out><system-err>--------------------------------- Captured Err ---------------------------------

</system-err></testcase><testcase classname="tests.test_features" name="test_mock_stop_at_0" time="0.054"><system-out>--------------------------------- Captured Log ---------------------------------

--------------------------------- Captured Out ---------------------------------
/home/runner/work/ocr-book/ocr-book/tests/0001_0.png

</system-out><system-err>--------------------------------- Captured Err ---------------------------------

</system-err></testcase><testcase classname="tests.test_features" name="test_mock_stop_at_2" time="47.831"><system-out>--------------------------------- Captured Log ---------------------------------

--------------------------------- Captured Out ---------------------------------
/home/runner/work/ocr-book/ocr-book/tests/0001_2.png
separation double page angle 90.57780420099763
separation double page y=0 2487
page rotation 1 0.75
page rotation 2 0.2

</system-out><system-err>--------------------------------- Captured Err ---------------------------------

</system-err></testcase><testcase classname="tests.test_features" name="test_mock_stop_at_1" time="33.069"><system-out>--------------------------------- Captured Log ---------------------------------

--------------------------------- Captured Out ---------------------------------
/home/runner/work/ocr-book/ocr-book/tests/0001_1.png
separation double page angle 90.57780420099763
separation double page y=0 2487

</system-out><system-err>--------------------------------- Captured Err ---------------------------------

</system-err></testcase><testcase classname="tests.test_features" name="test_mock_stop_at_4" time="55.333"><system-out>--------------------------------- Captured Log ---------------------------------

--------------------------------- Captured Out ---------------------------------
/home/runner/work/ocr-book/ocr-book/tests/0001_4.png
separation double page angle 90.57780420099763
separation double page y=0 2487
page rotation 1 0.75
page rotation 2 0.2
image 1 crop x1 330
image 1 crop y1 336
image 1 crop x2 2343
image 1 crop y2 3223
image 2 crop x1 169
image 2 crop y1 648
image 2 crop x2 2186
image 2 crop y2 3361
image 1 dpi 300
image 1 border top 318
image 1 border bottom 282
image 1 border left 223
image 1 border right 223
image 2 dpi 300
image 2 border top 643
image 2 border bottom 131
image 2 border left 221
image 2 border right 221

</system-out><system-err>--------------------------------- Captured Err ---------------------------------

</system-err></testcase><testcase classname="tests.test_features" name="test_mock_stop_at_3" time="56.249"><system-out>--------------------------------- Captured Log ---------------------------------

--------------------------------- Captured Out ---------------------------------
/home/runner/work/ocr-book/ocr-book/tests/0001_3.png
separation double page angle 90.57780420099763
separation double page y=0 2487
page rotation 1 0.75
page rotation 2 0.2
image 1 crop x1 330
image 1 crop y1 336
image 1 crop x2 2343
image 1 crop y2 3223
image 2 crop x1 169
image 2 crop y1 648
image 2 crop x2 2186
image 2 crop y2 3361

</system-out><system-err>--------------------------------- Captured Err ---------------------------------

</system-err></testcase><testcase classname="tests.test_images" name="test_0001_png" time="55.959"><system-out>--------------------------------- Captured Log ---------------------------------

--------------------------------- Captured Out ---------------------------------
/home/runner/work/ocr-book/ocr-book/tests/0001.png
1607296659773437917 : Checking separation double page angle 90.57780420099763
1607296659773555124 : Checking separation double page y=0 2487
1607296666868008988 : Checking page rotation 1 0.75
1607296675078579695 : Checking page rotation 2 0.2
1607296679045253002 : Checking image 1 crop x1 330
1607296679045374008 : Checking image 1 crop y1 336
1607296679045413010 : Checking image 1 crop x2 2343
1607296679045447512 : Checking image 1 crop y2 3223
1607296682679218969 : Checking image 2 crop x1 169
1607296682679337675 : Checking image 2 crop y1 648
1607296682679377578 : Checking image 2 crop x2 2186
1607296682679411479 : Checking image 2 crop y2 3361
1607296682715735377 : Checking image 1 dpi 300
1607296682715837183 : Checking image 1 border top 318
1607296682715895786 : Checking image 1 border bottom 282
1607296682715930888 : Checking image 1 border left 223
1607296682715963790 : Checking image 1 border right 223
1607296682718351121 : Checking image 2 dpi 300
1607296682718432125 : Checking image 2 border top 643
1607296682718466527 : Checking image 2 border bottom 131
1607296682718498729 : Checking image 2 border left 221
1607296682718531131 : Checking image 2 border right 221

</system-out><system-err>--------------------------------- Captured Err ---------------------------------

</system-err></testcase><testcase classname="tests.test_features" name="test_mock_stop_at_5" time="55.564"><system-out>--------------------------------- Captured Log ---------------------------------

--------------------------------- Captured Out ---------------------------------
/home/runner/work/ocr-book/ocr-book/tests/0001_5.png
separation double page angle 90.57780420099763
separation double page y=0 2487
page rotation 1 0.75
page rotation 2 0.2
image 1 crop x1 330
image 1 crop y1 336
image 1 crop x2 2343
image 1 crop y2 3223
image 2 crop x1 169
image 2 crop y1 648
image 2 crop x2 2186
image 2 crop y2 3361
image 1 dpi 300
image 1 border top 318
image 1 border bottom 282
image 1 border left 223
image 1 border right 223
image 2 dpi 300
image 2 border top 643
image 2 border bottom 131
image 2 border left 221
image 2 border right 221

</system-out><system-err>--------------------------------- Captured Err ---------------------------------

</system-err></testcase><testcase classname="tests.test_images" name="test_2_pages_2_contours_png" time="37.216"><system-out>--------------------------------- Captured Log ---------------------------------

--------------------------------- Captured Out ---------------------------------
/home/runner/work/ocr-book/ocr-book/tests/2-pages-2-contours.png
1607296706020557232 : Checking separation double page angle 89.91958537671144
1607296706020649238 : Checking separation double page y=0 2492
1607296708483325531 : Checking page rotation 1 0.05
1607296714608726985 : Checking page rotation 2 0.35000000000000003
1607296716192408325 : Checking image 1 crop x1 1189
1607296716192520232 : Checking image 1 crop y1 1748
1607296716192556134 : Checking image 1 crop x2 1190
1607296716192587436 : Checking image 1 crop y2 1749
1607296719912167155 : Checking image 2 crop x1 89
1607296719912291562 : Checking image 2 crop y1 240
1607296719912330765 : Checking image 2 crop x2 2136
1607296719912366467 : Checking image 2 crop y2 3239
1607296719947845180 : Checking image 1 dpi 300
1607296719947971488 : Checking image 1 border top 1753
1607296719948008390 : Checking image 1 border bottom 1753
1607296719948041592 : Checking image 1 border left 1239
1607296719948074194 : Checking image 1 border right 1239
1607296719949591684 : Checking image 2 dpi 300
1607296719949688690 : Checking image 2 border top 227
1607296719949724492 : Checking image 2 border bottom 261
1607296719949757394 : Checking image 2 border left 206
1607296719949789996 : Checking image 2 border right 206

</system-out><system-err>--------------------------------- Captured Err ---------------------------------

</system-err></testcase><testcase classname="tests.test_images" name="test_angle_page_lower_split_line_png" time="58.908"><system-out>--------------------------------- Captured Log ---------------------------------

--------------------------------- Captured Out ---------------------------------
/home/runner/work/ocr-book/ocr-book/tests/angle_page_lower_split_line.png
1607296747551991971 : Checking separation double page angle 89.75201324945476
1607296747552093077 : Checking separation double page y=0 2473
1607296755314763097 : Checking page rotation 1 -0.44999999999998863
1607296761856165347 : Checking page rotation 2 0.2
1607296765112215994 : Checking image 1 crop x1 245
1607296765112343402 : Checking image 1 crop y1 161
1607296765112381404 : Checking image 1 crop x2 2351
1607296765112419006 : Checking image 1 crop y2 3364
1607296768252781274 : Checking image 2 crop x1 151
1607296768252906182 : Checking image 2 crop y1 147
1607296768252944584 : Checking image 2 crop x2 2258
1607296768252980386 : Checking image 2 crop y2 3350
1607296768292215872 : Checking image 1 dpi 300
1607296768292329078 : Checking image 1 border top 141
1607296768292365380 : Checking image 1 border bottom 143
1607296768292398182 : Checking image 1 border left 177
1607296768292430784 : Checking image 1 border right 177
1607296768295156743 : Checking image 2 dpi 300
1607296768295243248 : Checking image 2 border top 129
1607296768295277250 : Checking image 2 border bottom 155
1607296768295309252 : Checking image 2 border left 176
1607296768295343454 : Checking image 2 border right 176

</system-out><system-err>--------------------------------- Captured Err ---------------------------------

</system-err></testcase><testcase classname="tests.test_images" name="test_black_border_not_removed_png" time="63.803"><system-out>--------------------------------- Captured Log ---------------------------------

--------------------------------- Captured Out ---------------------------------
/home/runner/work/ocr-book/ocr-book/tests/black-border-not-removed.png
1607296757086219596 : Checking separation double page angle 90.02895758682553
1607296757086307001 : Checking separation double page y=0 2456
1607296764309951989 : Checking page rotation 1 0.0
1607296774552632981 : Checking page rotation 2 0.0
1607296778389304640 : Checking image 1 crop x1 297
1607296778389428348 : Checking image 1 crop y1 143
1607296778389467150 : Checking image 1 crop x2 2309
1607296778389501352 : Checking image 1 crop y2 3346
1607296783706777724 : Checking image 2 crop x1 157
1607296783706899431 : Checking image 2 crop y1 145
1607296783706938334 : Checking image 2 crop x2 2169
1607296783706974836 : Checking image 2 crop y2 3352
1607296783745062843 : Checking image 1 dpi 300
1607296783745171349 : Checking image 1 border top 127
1607296783745208451 : Checking image 1 border bottom 157
1607296783745241353 : Checking image 1 border left 224
1607296783745274455 : Checking image 1 border right 224
1607296783747711496 : Checking image 2 dpi 300
1607296783747799201 : Checking image 2 border top 133
1607296783747833403 : Checking image 2 border bottom 147
1607296783747902607 : Checking image 2 border left 224
1607296783747939409 : Checking image 2 border right 224

</system-out><system-err>--------------------------------- Captured Err ---------------------------------

</system-err></testcase><testcase classname="tests.test_images" name="test_wrong_split_line_png" time="45.182"><system-out>--------------------------------- Captured Log ---------------------------------

--------------------------------- Captured Out ---------------------------------
/home/runner/work/ocr-book/ocr-book/tests/wrong_split_line.png
1607296796542427402 : Checking separation double page angle 89.85895720607971
1607296796542516507 : Checking separation double page y=0 2463
1607296802085566806 : Checking page rotation 1 -0.14999999999999147
1607296808299033844 : Checking page rotation 2 0.65
1607296810793695658 : Checking image 1 crop x1 213
1607296810793818465 : Checking image 1 crop y1 157
1607296810793856967 : Checking image 1 crop x2 2323
1607296810793892769 : Checking image 1 crop y2 3362
1607296813449634335 : Checking image 2 crop x1 126
1607296813449757442 : Checking image 2 crop y1 167
1607296813449796045 : Checking image 2 crop x2 2237
1607296813449833347 : Checking image 2 crop y2 3372
1607296813486809470 : Checking image 1 dpi 300
1607296813486916976 : Checking image 1 border top 135
1607296813486953178 : Checking image 1 border bottom 147
1607296813486985980 : Checking image 1 border left 175
1607296813487018082 : Checking image 1 border right 175
1607296813489715337 : Checking image 2 dpi 300
1607296813489798642 : Checking image 2 border top 139
1607296813489832244 : Checking image 2 border bottom 143
1607296813489864246 : Checking image 2 border left 174
1607296813489896748 : Checking image 2 border right 174

</system-out><system-err>--------------------------------- Captured Err ---------------------------------

</system-err></testcase><testcase classname="tests.test_images" name="test_image_failed_to_rotate_png" time="63.091"><system-out>--------------------------------- Captured Log ---------------------------------

--------------------------------- Captured Out ---------------------------------
/home/runner/work/ocr-book/ocr-book/tests/image_failed_to_rotate.png
1607296815185971126 : Checking separation double page angle 90.19634423290287
1607296815186057231 : Checking separation double page y=0 2482
1607296820702228137 : Checking page rotation 1 0.35000000000000003
1607296829204217650 : Checking page rotation 2 0.45
1607296841126294153 : Checking image 1 crop x1 34
1607296841126411260 : Checking image 1 crop y1 1
1607296841126451762 : Checking image 1 crop x2 2480
1607296841126487864 : Checking image 1 crop y2 3500
1607296846683053351 : Checking image 2 crop x1 169
1607296846683176758 : Checking image 2 crop y1 234
1607296846683215060 : Checking image 2 crop x2 2248
1607296846683250762 : Checking image 2 crop y2 3355
1607296846728093117 : Checking image 1 dpi 300
1607296846728208323 : Checking image 1 border top 4
1607296846728246426 : Checking image 1 border bottom 4
1607296846728279028 : Checking image 1 border left 17
1607296846728313629 : Checking image 1 border right 17
1607296846730761669 : Checking image 2 dpi 300
1607296846730847274 : Checking image 2 border top 221
1607296846730881876 : Checking image 2 border bottom 145
1607296846730915078 : Checking image 2 border left 190
1607296846730947680 : Checking image 2 border right 190

</system-out><system-err>--------------------------------- Captured Err ---------------------------------

</system-err></testcase><testcase classname="tests.test_images" name="test_crop_too_much_png" time="82.712"><system-out>--------------------------------- Captured Log ---------------------------------

--------------------------------- Captured Out ---------------------------------
/home/runner/work/ocr-book/ocr-book/tests/crop_too_much.png
1607296864080665617 : Checking separation double page angle 90.13239409272953
1607296864080756022 : Checking separation double page y=0 2453
1607296875450097785 : Checking page rotation 1 0.0
1607296886987228820 : Checking page rotation 2 0.45
1607296891761260083 : Checking image 1 crop x1 303
1607296891761383490 : Checking image 1 crop y1 148
1607296891761422292 : Checking image 1 crop x2 2313
1607296891761456394 : Checking image 1 crop y2 3351
1607296896132531205 : Checking image 2 crop x1 170
1607296896132663113 : Checking image 2 crop y1 155
1607296896132702115 : Checking image 2 crop x2 2181
1607296896132737917 : Checking image 2 crop y2 3359
1607296896182982955 : Checking image 1 dpi 300
1607296896183094862 : Checking image 1 border top 131
1607296896183132464 : Checking image 1 border bottom 153
1607296896183174566 : Checking image 1 border left 225
1607296896183204468 : Checking image 1 border right 225
1607296896185387591 : Checking image 2 dpi 300
1607296896185472296 : Checking image 2 border top 133
1607296896185508598 : Checking image 2 border bottom 150
1607296896185540900 : Checking image 2 border left 224
1607296896185575002 : Checking image 2 border right 224

</system-out><system-err>--------------------------------- Captured Err ---------------------------------

</system-err></testcase><testcase classname="tests.test_images" name="test_image_failed_to_crop_data_png" time="61.753"><system-out>--------------------------------- Captured Log ---------------------------------

--------------------------------- Captured Out ---------------------------------
/home/runner/work/ocr-book/ocr-book/tests/image_failed_to_crop_data.png
1607296879077830119 : Checking separation double page angle 89.91538216173362
1607296879077921624 : Checking separation double page y=0 2477
1607296885593096046 : Checking page rotation 1 0.2
1607296891811242708 : Checking page rotation 2 0.0
1607296903642721453 : Checking image 1 crop x1 58
1607296903642848760 : Checking image 1 crop y1 8
1607296903642888962 : Checking image 1 crop x2 2480
1607296903642926264 : Checking image 1 crop y2 3504
1607296908489546491 : Checking image 2 crop x1 159
1607296908489677698 : Checking image 2 crop y1 217
1607296908489716700 : Checking image 2 crop x2 2241
1607296908489752702 : Checking image 2 crop y2 3350
1607296908524495162 : Checking image 1 dpi 300
1607296908524607868 : Checking image 1 border top 6
1607296908524647070 : Checking image 1 border bottom 6
1607296908524680172 : Checking image 1 border left 29
1607296908524714874 : Checking image 1 border right 29
1607296908527183513 : Checking image 2 dpi 300
1607296908527271318 : Checking image 2 border top 206
1607296908527305920 : Checking image 2 border bottom 148
1607296908527339022 : Checking image 2 border left 189
1607296908527375524 : Checking image 2 border right 189

</system-out><system-err>--------------------------------- Captured Err ---------------------------------

</system-err></testcase><testcase classname="tests.test_images" name="test_crop_too_few_png" time="48.276"><system-out>--------------------------------- Captured Log ---------------------------------

--------------------------------- Captured Out ---------------------------------
/home/runner/work/ocr-book/ocr-book/tests/crop_too_few.png
1607296926567759228 : Checking separation double page angle 89.39669496435833
1607296926567870135 : Checking separation double page y=0 2510
1607296932572537036 : Checking page rotation 1 -0.75
1607296938583144053 : Checking page rotation 2 0.05
1607296941530475275 : Checking image 1 crop x1 265
1607296941530605883 : Checking image 1 crop y1 152
1607296941530644385 : Checking image 1 crop x2 2375
1607296941530680587 : Checking image 1 crop y2 3356
1607296944442366158 : Checking image 2 crop x1 135
1607296944442492965 : Checking image 2 crop y1 141
1607296944442531468 : Checking image 2 crop x2 2261
1607296944442568670 : Checking image 2 crop y2 3345
1607296944481158937 : Checking image 1 dpi 300
1607296944481272344 : Checking image 1 border top 134
1607296944481309546 : Checking image 1 border bottom 149
1607296944481342348 : Checking image 1 border left 175
1607296944481375249 : Checking image 1 border right 175
1607296944483486668 : Checking image 2 dpi 300
1607296944483560972 : Checking image 2 border top 129
1607296944483594874 : Checking image 2 border bottom 154
1607296944483627176 : Checking image 2 border left 167
1607296944483659278 : Checking image 2 border right 167

</system-out><system-err>--------------------------------- Captured Err ---------------------------------

</system-err></testcase><testcase classname="tests.test_images" name="test_wrong_angle_split_line_png" time="70.075"><system-out>--------------------------------- Captured Log ---------------------------------

--------------------------------- Captured Out ---------------------------------
/home/runner/work/ocr-book/ocr-book/tests/wrong_angle_split_line.png
1607296942597255010 : Checking separation double page angle 90.04193420006348
1607296942597349315 : Checking separation double page y=0 2477
1607296950652326065 : Checking page rotation 1 0.2
1607296959760551654 : Checking page rotation 2 0.2
1607296972239574737 : Checking image 1 crop x1 61
1607296972239700444 : Checking image 1 crop y1 7
1607296972239741647 : Checking image 1 crop x2 2475
1607296972239777349 : Checking image 1 crop y2 3500
1607296977701565920 : Checking image 2 crop x1 165
1607296977701692527 : Checking image 2 crop y1 219
1607296977701730629 : Checking image 2 crop x2 2241
1607296977701767431 : Checking image 2 crop y2 3348
1607296977880631549 : Checking image 1 dpi 300
1607296977880745655 : Checking image 1 border top 7
1607296977880784357 : Checking image 1 border bottom 7
1607296977880817359 : Checking image 1 border left 33
1607296977880850861 : Checking image 1 border right 33
1607296977887645042 : Checking image 2 dpi 300
1607296977887737947 : Checking image 2 border top 207
1607296977887773449 : Checking image 2 border bottom 151
1607296977887808351 : Checking image 2 border left 192
1607296977887840953 : Checking image 2 border right 192

</system-out><system-err>--------------------------------- Captured Err ---------------------------------

</system-err></testcase><testcase classname="tests.test_images" name="test_crop_too_much_2_png" time="84.283"><system-out>--------------------------------- Captured Log ---------------------------------

--------------------------------- Captured Out ---------------------------------
/home/runner/work/ocr-book/ocr-book/tests/crop_too_much_2.png
1607296993095172511 : Checking separation double page angle 90.2021118646249
1607296993095262916 : Checking separation double page y=0 2477
1607297005936276935 : Checking page rotation 1 0.2
1607297018426209181 : Checking page rotation 2 0.2
1607297022896095042 : Checking image 1 crop x1 332
1607297022896223549 : Checking image 1 crop y1 131
1607297022896261651 : Checking image 1 crop x2 2342
1607297022896295953 : Checking image 1 crop y2 3336
1607297028676283501 : Checking image 2 crop x1 168
1607297028676411808 : Checking image 2 crop y1 139
1607297028676450110 : Checking image 2 crop x2 2181
1607297028676486012 : Checking image 2 crop y2 3345
1607297028732581344 : Checking image 1 dpi 300
1607297028732695751 : Checking image 1 border top 118
1607297028732731953 : Checking image 1 border bottom 164
1607297028732764355 : Checking image 1 border left 225
1607297028732798056 : Checking image 1 border right 225
1607297028735362100 : Checking image 2 dpi 300
1607297028735450504 : Checking image 2 border top 127
1607297028735484506 : Checking image 2 border bottom 154
1607297028735516308 : Checking image 2 border left 223
1607297028735551010 : Checking image 2 border right 223

</system-out><system-err>--------------------------------- Captured Err ---------------------------------

</system-err></testcase><testcase classname="tests.test_images" name="test_small_wave_png" time="71.070"><system-out>--------------------------------- Captured Log ---------------------------------

--------------------------------- Captured Out ---------------------------------
/home/runner/work/ocr-book/ocr-book/tests/small_wave.png
1607297023500757610 : Checking separation double page angle 90.61316928841566
1607297023500847215 : Checking separation double page y=0 2495
1607297033157919885 : Checking page rotation 1 0.7000000000000001
1607297043503292100 : Checking page rotation 2 0.7000000000000001
1607297046462483585 : Checking image 1 crop x1 322
1607297046462611192 : Checking image 1 crop y1 199
1607297046462649994 : Checking image 1 crop x2 2351
1607297046462685396 : Checking image 1 crop y2 3394
1607297049677927441 : Checking image 2 crop x1 135
1607297049678051248 : Checking image 2 crop y1 223
1607297049678091350 : Checking image 2 crop x2 2164
1607297049678128252 : Checking image 2 crop y2 3419
1607297049721557474 : Checking image 1 dpi 300
1607297049721668180 : Checking image 1 border top 178
1607297049721704482 : Checking image 1 border bottom 114
1607297049721737184 : Checking image 1 border left 215
1607297049721769686 : Checking image 1 border right 215
1607297049724645146 : Checking image 2 dpi 300
1607297049724737052 : Checking image 2 border top 196
1607297049724938263 : Checking image 2 border bottom 95
1607297049724970965 : Checking image 2 border left 215
1607297049725003366 : Checking image 2 border right 215

</system-out><system-err>--------------------------------- Captured Err ---------------------------------

</system-err></testcase><testcase classname="tests.test_images" name="test_wrong_split_line_2_png" time="101.076"><system-out>--------------------------------- Captured Log ---------------------------------

--------------------------------- Captured Out ---------------------------------
/home/runner/work/ocr-book/ocr-book/tests/wrong_split_line_2.png
1607297089104154966 : Checking separation double page angle 90.3838786217729
1607297089104243171 : Checking separation double page y=0 2442
1607297100523195524 : Checking page rotation 1 0.05
1607297112300845830 : Checking page rotation 2 0.4
1607297119184464513 : Checking image 1 crop x1 294
1607297119184587720 : Checking image 1 crop y1 137
1607297119184626322 : Checking image 1 crop x2 2326
1607297119184660424 : Checking image 1 crop y2 3375
1607297129774186817 : Checking image 2 crop x1 146
1607297129774314124 : Checking image 2 crop y1 192
1607297129774351926 : Checking image 2 crop x2 2173
1607297129774388128 : Checking image 2 crop y2 3386
1607297129825544674 : Checking image 1 dpi 300
1607297129825655480 : Checking image 1 border top 124
1607297129825691382 : Checking image 1 border bottom 124
1607297129825723884 : Checking image 1 border left 214
1607297129825756186 : Checking image 1 border right 214
1607297129827879204 : Checking image 2 dpi 300
1607297129827961509 : Checking image 2 border top 185
1607297129827994111 : Checking image 2 border bottom 108
1607297129828025912 : Checking image 2 border left 216
1607297129828057914 : Checking image 2 border right 216

</system-out><system-err>--------------------------------- Captured Err ---------------------------------

</system-err></testcase><testcase classname="tests.test_images" name="test_wrong_split_line_3_png" time="65.562"><system-out>--------------------------------- Captured Log ---------------------------------

--------------------------------- Captured Out ---------------------------------
/home/runner/work/ocr-book/ocr-book/tests/wrong_split_line_3.png
1607297090945236500 : Checking separation double page angle 90.43729500214693
1607297090945321505 : Checking separation double page y=0 2498
1607297101149324083 : Checking page rotation 1 0.30000000000000004
1607297109079410229 : Checking page rotation 2 0.9
1607297112283100843 : Checking image 1 crop x1 331
1607297112283222550 : Checking image 1 crop y1 165
1607297112283260852 : Checking image 1 crop x2 2375
1607297112283296154 : Checking image 1 crop y2 3376
1607297115264967196 : Checking image 2 crop x1 102
1607297115265091903 : Checking image 2 crop y1 208
1607297115265130305 : Checking image 2 crop x2 2133
1607297115265165807 : Checking image 2 crop y2 3413
1607297115306025081 : Checking image 1 dpi 300
1607297115306130387 : Checking image 1 border top 148
1607297115306166689 : Checking image 1 border bottom 128
1607297115306200091 : Checking image 1 border left 208
1607297115306232793 : Checking image 1 border right 208
1607297115308411614 : Checking image 2 dpi 300
1607297115308491518 : Checking image 2 border top 191
1607297115308525220 : Checking image 2 border bottom 91
1607297115308558022 : Checking image 2 border left 214
1607297115308590524 : Checking image 2 border right 214

</system-out><system-err>--------------------------------- Captured Err ---------------------------------

</system-err></testcase><testcase classname="tests.test_images" name="test_no_split_line_line_algo_png" time="54.909"><system-out>--------------------------------- Captured Log ---------------------------------

--------------------------------- Captured Out ---------------------------------
/home/runner/work/ocr-book/ocr-book/tests/no_split_line_line_algo.png
1607297148271768370 : Checking separation double page angle 89.47691469185418
1607297148271889976 : Checking separation double page y=0 2476
1607297153804421524 : Checking page rotation 1 -0.14999999999999147
1607297163723421610 : Checking page rotation 2 -0.44999999999998863
1607297166294054419 : Checking image 1 crop x1 205
1607297166294171925 : Checking image 1 crop y1 158
1607297166294209727 : Checking image 1 crop x2 2320
1607297166294245429 : Checking image 1 crop y2 3366
1607297170177457195 : Checking image 2 crop x1 185
1607297170177574002 : Checking image 2 crop y1 221
1607297170177612304 : Checking image 2 crop x2 2201
1607297170177647806 : Checking image 2 crop y2 3366
1607297170222713611 : Checking image 1 dpi 300
1607297170222817017 : Checking image 1 border top 141
1607297170222852619 : Checking image 1 border bottom 138
1607297170222885321 : Checking image 1 border left 172
1607297170222917822 : Checking image 1 border right 172
1607297170225119345 : Checking image 2 dpi 300
1607297170225198349 : Checking image 2 border top 215
1607297170225232151 : Checking image 2 border bottom 127
1607297170225264353 : Checking image 2 border left 222
1607297170225296555 : Checking image 2 border right 222

</system-out><system-err>--------------------------------- Captured Err ---------------------------------

</system-err></testcase><testcase classname="tests.test_images" name="test_wrong_wave_split_line_png" time="91.094"><system-out>--------------------------------- Captured Log ---------------------------------

--------------------------------- Captured Out ---------------------------------
/home/runner/work/ocr-book/ocr-book/tests/wrong_wave_split_line.png
1607297178318458705 : Checking separation double page angle 90.5287860410772
1607297178318545010 : Checking separation double page y=0 2502
1607297187266732819 : Checking page rotation 1 -0.14999999999999147
1607297196414434448 : Checking page rotation 2 0.8500000000000001
1607297205048583994 : Checking image 1 crop x1 385
1607297205048708601 : Checking image 1 crop y1 179
1607297205048746304 : Checking image 1 crop x2 2411
1607297205048779905 : Checking image 1 crop y2 3374
1607297220867908471 : Checking image 2 crop x1 27
1607297220868037278 : Checking image 2 crop y1 1
1607297220868077780 : Checking image 2 crop x2 2489
1607297220868114882 : Checking image 2 crop y2 3505
1607297220926105696 : Checking image 1 dpi 300
1607297220926217902 : Checking image 1 border top 169
1607297220926255004 : Checking image 1 border bottom 123
1607297220926287606 : Checking image 1 border left 217
1607297220926320008 : Checking image 1 border right 217
1607297220928481532 : Checking image 2 dpi 300
1607297220928572337 : Checking image 2 border top 2
1607297220928608339 : Checking image 2 border bottom 2
1607297220928640041 : Checking image 2 border left 9
1607297220928673943 : Checking image 2 border right 9

</system-out><system-err>--------------------------------- Captured Err ---------------------------------

</system-err></testcase><testcase classname="tests.test_images" name="test_failed_split_line_line_algo_png" time="26.857"><system-out>--------------------------------- Captured Log ---------------------------------

--------------------------------- Captured Out ---------------------------------
/home/runner/work/ocr-book/ocr-book/tests/failed_split_line_line_algo.png
1607297187038711347 : Checking separation double page angle 90.01634220573249
1607297187038795552 : Checking separation double page y=0 2575
1607297190531274834 : Checking page rotation 1 -0.14999999999999147
1607297192846714001 : Checking page rotation 2 0.0
1607297195559276531 : Checking image 1 crop x1 407
1607297195559401538 : Checking image 1 crop y1 2925
1607297195559440340 : Checking image 1 crop x2 2419
1607297195559473542 : Checking image 1 crop y2 3174
1607297197109370863 : Checking image 2 crop x1 1184
1607297197109485669 : Checking image 2 crop y1 1744
1607297197109522071 : Checking image 2 crop x2 1185
1607297197109555473 : Checking image 2 crop y2 1745
1607297197109831788 : Checking image 1 dpi 300
1607297197109904192 : Checking image 1 border top 2917
1607297197109954695 : Checking image 1 border bottom 321
1607297197109987197 : Checking image 1 border left 224
1607297197110019799 : Checking image 1 border right 224
1607297197111400275 : Checking image 2 dpi 300
1607297197111475279 : Checking image 2 border top 1752
1607297197111509881 : Checking image 2 border bottom 1753
1607297197111542683 : Checking image 2 border left 1239
1607297197111575085 : Checking image 2 border right 1239

</system-out><system-err>--------------------------------- Captured Err ---------------------------------

</system-err></testcase><testcase classname="tests.test_images" name="test_crop_too_much_3_png" time="69.212"><system-out>--------------------------------- Captured Log ---------------------------------

--------------------------------- Captured Out ---------------------------------
/home/runner/work/ocr-book/ocr-book/tests/crop_too_much_3.png
1607297238995992600 : Checking separation double page angle 89.55580634783144
1607297238996083705 : Checking separation double page y=0 2499
1607297247789122206 : Checking page rotation 1 -0.9499999999999886
1607297257855121490 : Checking page rotation 2 -0.14999999999999147
1607297261934160197 : Checking image 1 crop x1 373
1607297261934280504 : Checking image 1 crop y1 258
1607297261934319206 : Checking image 1 crop x2 2386
1607297261934352908 : Checking image 1 crop y2 3458
1607297266239226583 : Checking image 2 crop x1 167
1607297266239347389 : Checking image 2 crop y1 228
1607297266239386092 : Checking image 2 crop x2 2180
1607297266239421894 : Checking image 2 crop y2 3417
1607297266289469441 : Checking image 1 dpi 300
1607297266289570547 : Checking image 1 border top 239
1607297266289607449 : Checking image 1 border bottom 48
1607297266289640251 : Checking image 1 border left 223
1607297266289674053 : Checking image 1 border right 223
1607297266291759371 : Checking image 2 dpi 300
1607297266291834876 : Checking image 2 border top 207
1607297266291914280 : Checking image 2 border bottom 91
1607297266291960883 : Checking image 2 border left 223
1607297266291993585 : Checking image 2 border right 223

</system-out><system-err>--------------------------------- Captured Err ---------------------------------

</system-err></testcase><testcase classname="tests.test_images" name="test_failed_split_line_line_algo_2_png" time="71.688"><system-out>--------------------------------- Captured Log ---------------------------------

--------------------------------- Captured Out ---------------------------------
/home/runner/work/ocr-book/ocr-book/tests/failed_split_line_line_algo_2.png
1607297265478168480 : Checking separation double page angle 89.9913422057325
1607297265478258585 : Checking separation double page y=0 2498
1607297276516847886 : Checking page rotation 1 0.0
1607297286000337493 : Checking page rotation 2 0.6000000000000001
1607297289256383226 : Checking image 1 crop x1 272
1607297289256506533 : Checking image 1 crop y1 149
1607297289256542235 : Checking image 1 crop x2 2383
1607297289256573737 : Checking image 1 crop y2 3353
1607297292583845168 : Checking image 2 crop x1 107
1607297292583998876 : Checking image 2 crop y1 155
1607297292584038579 : Checking image 2 crop x2 2230
1607297292584075881 : Checking image 2 crop y2 3350
1607297292629114938 : Checking image 1 dpi 300
1607297292629229044 : Checking image 1 border top 139
1607297292629265246 : Checking image 1 border bottom 144
1607297292629298948 : Checking image 1 border left 174
1607297292629331150 : Checking image 1 border right 174
1607297292631603079 : Checking image 2 dpi 300
1607297292631695584 : Checking image 2 border top 136
1607297292631726086 : Checking image 2 border bottom 156
1607297292631755588 : Checking image 2 border left 168
1607297292631785289 : Checking image 2 border right 168

</system-out><system-err>--------------------------------- Captured Err ---------------------------------

</system-err></testcase><testcase classname="tests.test_images" name="test_wrong_wave_split_line_2_png" time="69.630"><system-out>--------------------------------- Captured Log ---------------------------------

--------------------------------- Captured Out ---------------------------------
/home/runner/work/ocr-book/ocr-book/tests/wrong_wave_split_line_2.png
1607297312140221476 : Checking separation double page angle 90.7708958311329
1607297312140313681 : Checking separation double page y=0 2490
1607297320020124791 : Checking page rotation 1 0.4
1607297329354545731 : Checking page rotation 2 1.8
1607297332545433500 : Checking image 1 crop x1 224
1607297332545551707 : Checking image 1 crop y1 147
1607297332545591209 : Checking image 1 crop x2 2337
1607297332545628511 : Checking image 1 crop y2 3355
1607297335868343005 : Checking image 2 crop x1 107
1607297335868467512 : Checking image 2 crop y1 197
1607297335868505414 : Checking image 2 crop x2 2229
1607297335868541016 : Checking image 2 crop y2 3396
1607297335920034631 : Checking image 1 dpi 300
1607297335920144337 : Checking image 1 border top 133
1607297335920180739 : Checking image 1 border bottom 146
1607297335920213241 : Checking image 1 border left 173
1607297335920245543 : Checking image 1 border right 173
1607297335922375463 : Checking image 2 dpi 300
1607297335922457168 : Checking image 2 border top 167
1607297335922490770 : Checking image 2 border bottom 121
1607297335922522672 : Checking image 2 border left 169
1607297335922554973 : Checking image 2 border right 169

</system-out><system-err>--------------------------------- Captured Err ---------------------------------

</system-err></testcase><testcase classname="tests.test_images" name="test_wrong_wave_split_line_3_png" time="63.603"><system-out>--------------------------------- Captured Log ---------------------------------

--------------------------------- Captured Out ---------------------------------
/home/runner/work/ocr-book/ocr-book/tests/wrong_wave_split_line_3.png
1607297333904707752 : Checking separation double page angle 90.0586735161512
1607297333904794057 : Checking separation double page y=0 2510
1607297341934703707 : Checking page rotation 1 0.1
1607297349890406630 : Checking page rotation 2 0.35000000000000003
1607297353098652245 : Checking image 1 crop x1 272
1607297353098775052 : Checking image 1 crop y1 219
1607297353098812154 : Checking image 1 crop x2 2383
1607297353098845356 : Checking image 1 crop y2 3423
1607297356198121875 : Checking image 2 crop x1 119
1607297356198242482 : Checking image 2 crop y1 226
1607297356198280584 : Checking image 2 crop x2 2240
1607297356198315986 : Checking image 2 crop y2 3413
1607297356239473313 : Checking image 1 dpi 300
1607297356239579719 : Checking image 1 border top 202
1607297356239614721 : Checking image 1 border bottom 81
1607297356239646823 : Checking image 1 border left 174
1607297356239678924 : Checking image 1 border right 174
1607297356242010956 : Checking image 2 dpi 300
1607297356242097961 : Checking image 2 border top 203
1607297356242131163 : Checking image 2 border bottom 97
1607297356242162865 : Checking image 2 border left 169
1607297356242194767 : Checking image 2 border right 169

</system-out><system-err>--------------------------------- Captured Err ---------------------------------

</system-err></testcase><testcase classname="tests.test_images" name="test_no_split_line_wave_algo_png" time="64.016"><system-out>--------------------------------- Captured Log ---------------------------------

--------------------------------- Captured Out ---------------------------------
/home/runner/work/ocr-book/ocr-book/tests/no_split_line_wave_algo.png
1607297368196120687 : Checking separation double page angle 89.93575909193099
1607297368196219493 : Checking separation double page y=0 2482
1607297375073023993 : Checking page rotation 1 0.0
1607297382648104258 : Checking page rotation 2 -0.5499999999999972
1607297392595195275 : Checking image 1 crop x1 97
1607297392595272579 : Checking image 1 crop y1 77
1607297392595308381 : Checking image 1 crop x2 2483
1607297392595341983 : Checking image 1 crop y2 3505
1607297399853092356 : Checking image 2 crop x1 164
1607297399853216463 : Checking image 2 crop y1 266
1607297399853256565 : Checking image 2 crop x2 2241
1607297399853290167 : Checking image 2 crop y2 3382
1607297399897762175 : Checking image 1 dpi 300
1607297399897870981 : Checking image 1 border top 40
1607297399897907883 : Checking image 1 border bottom 40
1607297399897940485 : Checking image 1 border left 47
1607297399897973187 : Checking image 1 border right 47
1607297399901087063 : Checking image 2 dpi 300
1607297399901180068 : Checking image 2 border top 254
1607297399901215670 : Checking image 2 border bottom 117
1607297399901247872 : Checking image 2 border left 191
1607297399901279974 : Checking image 2 border right 191

</system-out><system-err>--------------------------------- Captured Err ---------------------------------

</system-err></testcase><testcase classname="tests.test_images" name="test_no_split_line_wave_algo_2_png" time="54.566"><system-out>--------------------------------- Captured Log ---------------------------------

--------------------------------- Captured Out ---------------------------------
/home/runner/work/ocr-book/ocr-book/tests/no_split_line_wave_algo_2.png
1607297389870223734 : Checking separation double page angle 91.21822795596304
1607297389870311639 : Checking separation double page y=0 2488
1607297397671692830 : Checking page rotation 1 1.1
1607297404839989054 : Checking page rotation 2 0.2
1607297408015401271 : Checking image 1 crop x1 266
1607297408015523678 : Checking image 1 crop y1 210
1607297408015561180 : Checking image 1 crop x2 2342
1607297408015597682 : Checking image 1 crop y2 3413
1607297410769017985 : Checking image 2 crop x1 199
1607297410769136092 : Checking image 2 crop y1 241
1607297410769174094 : Checking image 2 crop x2 2282
1607297410769208996 : Checking image 2 crop y2 3433
1607297410811368172 : Checking image 1 dpi 300
1607297410811480579 : Checking image 1 border top 194
1607297410811516181 : Checking image 1 border bottom 90
1607297410811548683 : Checking image 1 border left 192
1607297410811580984 : Checking image 1 border right 192
1607297410813762107 : Checking image 2 dpi 300
1607297410813843512 : Checking image 2 border top 226
1607297410813876514 : Checking image 2 border bottom 69
1607297410813908416 : Checking image 2 border left 188
1607297410813940817 : Checking image 2 border right 188

</system-out><system-err>--------------------------------- Captured Err ---------------------------------

</system-err></testcase><testcase classname="tests.test_images" name="test_crop_too_few_2_png" time="50.326"><system-out>--------------------------------- Captured Log ---------------------------------

--------------------------------- Captured Out ---------------------------------
/home/runner/work/ocr-book/ocr-book/tests/crop_too_few_2.png
1607297431473259085 : Checking separation double page angle 90.25476192320097
1607297431473352590 : Checking separation double page y=0 2531
1607297438847236842 : Checking page rotation 1 1.2000000000000002
1607297444345497608 : Checking page rotation 2 -0.09999999999999432
1607297447500249338 : Checking image 1 crop x1 287
1607297447500372245 : Checking image 1 crop y1 165
1607297447500410347 : Checking image 1 crop x2 2398
1607297447500444149 : Checking image 1 crop y2 3368
1607297450244063224 : Checking image 2 crop x1 145
1607297450244180531 : Checking image 2 crop y1 175
1607297450244217733 : Checking image 2 crop x2 2271
1607297450244252635 : Checking image 2 crop y2 3373
1607297450283399338 : Checking image 1 dpi 300
1607297450283491543 : Checking image 1 border top 139
1607297450283524945 : Checking image 1 border bottom 145
1607297450283555046 : Checking image 1 border left 174
1607297450283586348 : Checking image 1 border right 174
1607297450286829031 : Checking image 2 dpi 300
1607297450286913235 : Checking image 2 border top 180
1607297450286947137 : Checking image 2 border bottom 109
1607297450286979439 : Checking image 2 border left 167
1607297450287013341 : Checking image 2 border right 167

</system-out><system-err>--------------------------------- Captured Err ---------------------------------

</system-err></testcase><testcase classname="tests.test_images" name="test_failed_detect_rectangle_png" time="67.975"><system-out>--------------------------------- Captured Log ---------------------------------

--------------------------------- Captured Out ---------------------------------
/home/runner/work/ocr-book/ocr-book/tests/failed_detect_rectangle.png
1607297453694264632 : Checking separation double page angle 90.19837516213147
1607297453694358737 : Checking separation double page y=0 2471
1607297461711059849 : Checking page rotation 1 0.2
1607297472196090578 : Checking page rotation 2 0.2
1607297475264663466 : Checking image 1 crop x1 257
1607297475264779572 : Checking image 1 crop y1 201
1607297475264817775 : Checking image 1 crop x2 2333
1607297475264851777 : Checking image 1 crop y2 3402
1607297478729678814 : Checking image 2 crop x1 139
1607297478729795321 : Checking image 2 crop y1 215
1607297478729833723 : Checking image 2 crop x2 2222
1607297478729867725 : Checking image 2 crop y2 3406
1607297478779605620 : Checking image 1 dpi 300
1607297478779710726 : Checking image 1 border top 188
1607297478779745928 : Checking image 1 border bottom 98
1607297478779778030 : Checking image 1 border left 192
1607297478779810132 : Checking image 1 border right 192
1607297478781974953 : Checking image 2 dpi 300
1607297478782051158 : Checking image 2 border top 200
1607297478782083559 : Checking image 2 border bottom 95
1607297478782115261 : Checking image 2 border left 188
1607297478782147163 : Checking image 2 border right 188

</system-out><system-err>--------------------------------- Captured Err ---------------------------------

</system-err></testcase></testsuite></testsuites>