<?xml version="1.0" encoding="utf-8"?><testsuites><testsuite name="pytest" errors="0" failures="0" skipped="0" tests="36" time="973.402" timestamp="2020-12-26T09:48:41.052796" hostname="fv-az108-19"><testcase classname="tests.test_features" name="test_mock_stop_at_0" time="0.052"><system-out>--------------------------------- Captured Log ---------------------------------

--------------------------------- Captured Out ---------------------------------
/home/runner/work/ocr-book/ocr-book/tests/0001_0.png

</system-out><system-err>--------------------------------- Captured Err ---------------------------------

</system-err></testcase><testcase classname="tests.test_features" name="test_disabled_enable_debug" time="47.035"><system-out>--------------------------------- Captured Log ---------------------------------

--------------------------------- Captured Out ---------------------------------
/home/runner/work/ocr-book/ocr-book/tests/0001_debug.png
separation double page angle 90.5528088189967
separation double page y=0 2485
page rotation 1 0.75
page rotation 2 0.2
image 1 crop x1 330
image 1 crop y1 336
image 1 crop x2 2343
image 1 crop y2 3223
image 2 crop x1 169
image 2 crop y1 648
image 2 crop x2 2186
image 2 crop y2 3361
image 1 dpi 300
image 1 border top 333
image 1 border bottom 266
image 1 border left 223
image 1 border right 223
image 2 dpi 300
image 2 border top 643
image 2 border bottom 131
image 2 border left 221
image 2 border right 221

</system-out><system-err>--------------------------------- Captured Err ---------------------------------

</system-err></testcase><testcase classname="tests.test_features" name="test_mock_stop_at_2" time="41.244"><system-out>--------------------------------- Captured Log ---------------------------------

--------------------------------- Captured Out ---------------------------------
/home/runner/work/ocr-book/ocr-book/tests/0001_2.png
separation double page angle 90.5528088189967
separation double page y=0 2485
page rotation 1 0.75
page rotation 2 0.2

</system-out><system-err>--------------------------------- Captured Err ---------------------------------

</system-err></testcase><testcase classname="tests.test_features" name="test_mock_stop_at_4" time="44.986"><system-out>--------------------------------- Captured Log ---------------------------------

--------------------------------- Captured Out ---------------------------------
/home/runner/work/ocr-book/ocr-book/tests/0001_4.png
separation double page angle 90.5528088189967
separation double page y=0 2485
page rotation 1 0.75
page rotation 2 0.2
image 1 crop x1 330
image 1 crop y1 336
image 1 crop x2 2343
image 1 crop y2 3223
image 2 crop x1 169
image 2 crop y1 648
image 2 crop x2 2186
image 2 crop y2 3361
image 1 dpi 300
image 1 border top 333
image 1 border bottom 266
image 1 border left 223
image 1 border right 223
image 2 dpi 300
image 2 border top 643
image 2 border bottom 131
image 2 border left 221
image 2 border right 221

</system-out><system-err>--------------------------------- Captured Err ---------------------------------

</system-err></testcase><testcase classname="tests.test_features" name="test_mock_stop_at_1" time="27.991"><system-out>--------------------------------- Captured Log ---------------------------------

--------------------------------- Captured Out ---------------------------------
/home/runner/work/ocr-book/ocr-book/tests/0001_1.png
separation double page angle 90.5528088189967
separation double page y=0 2485

</system-out><system-err>--------------------------------- Captured Err ---------------------------------

</system-err></testcase><testcase classname="tests.test_features" name="test_mock_stop_at_3" time="44.384"><system-out>--------------------------------- Captured Log ---------------------------------

--------------------------------- Captured Out ---------------------------------
/home/runner/work/ocr-book/ocr-book/tests/0001_3.png
separation double page angle 90.5528088189967
separation double page y=0 2485
page rotation 1 0.75
page rotation 2 0.2
image 1 crop x1 330
image 1 crop y1 336
image 1 crop x2 2343
image 1 crop y2 3223
image 2 crop x1 169
image 2 crop y1 648
image 2 crop x2 2186
image 2 crop y2 3361

</system-out><system-err>--------------------------------- Captured Err ---------------------------------

</system-err></testcase><testcase classname="tests.test_images" name="test_0001_png" time="55.994"><system-out>--------------------------------- Captured Log ---------------------------------

--------------------------------- Captured Out ---------------------------------
/home/runner/work/ocr-book/ocr-book/tests/0001.png
1608976241433623796 : Checking separation double page angle 90.5528088189967
1608976241433732799 : Checking separation double page y=0 2485
1608976248298962660 : Checking page rotation 1 0.75
1608976256930732789 : Checking page rotation 2 0.2
1608976260823446529 : Checking image 1 crop x1 330
1608976260823575331 : Checking image 1 crop y1 336
1608976260823616232 : Checking image 1 crop x2 2343
1608976260823652033 : Checking image 1 crop y2 3223
1608976264455846812 : Checking image 2 crop x1 169
1608976264455976215 : Checking image 2 crop y1 648
1608976264456017616 : Checking image 2 crop x2 2186
1608976264456062917 : Checking image 2 crop y2 3361
1608976264491828240 : Checking image 1 dpi 300
1608976264491941842 : Checking image 1 border top 333
1608976264491980343 : Checking image 1 border bottom 266
1608976264492014444 : Checking image 1 border left 223
1608976264492048645 : Checking image 1 border right 223
1608976264493776480 : Checking image 2 dpi 300
1608976264493863281 : Checking image 2 border top 643
1608976264493898382 : Checking image 2 border bottom 131
1608976264493932483 : Checking image 2 border left 221
1608976264493965583 : Checking image 2 border right 221

</system-out><system-err>--------------------------------- Captured Err ---------------------------------

</system-err></testcase><testcase classname="tests.test_features" name="test_mock_stop_at_5" time="46.923"><system-out>--------------------------------- Captured Log ---------------------------------

--------------------------------- Captured Out ---------------------------------
/home/runner/work/ocr-book/ocr-book/tests/0001_5.png
separation double page angle 90.5528088189967
separation double page y=0 2485
page rotation 1 0.75
page rotation 2 0.2
image 1 crop x1 330
image 1 crop y1 336
image 1 crop x2 2343
image 1 crop y2 3223
image 2 crop x1 169
image 2 crop y1 648
image 2 crop x2 2186
image 2 crop y2 3361
image 1 dpi 300
image 1 border top 333
image 1 border bottom 266
image 1 border left 223
image 1 border right 223
image 2 dpi 300
image 2 border top 643
image 2 border bottom 131
image 2 border left 221
image 2 border right 221

</system-out><system-err>--------------------------------- Captured Err ---------------------------------

</system-err></testcase><testcase classname="tests.test_images" name="test_black_border_not_removed_png" time="63.575"><system-out>--------------------------------- Captured Log ---------------------------------

--------------------------------- Captured Out ---------------------------------
/home/runner/work/ocr-book/ocr-book/tests/black-border-not-removed.png
1608976300449028714 : Checking separation double page angle 90.033171103531
1608976300449139816 : Checking separation double page y=0 2455
1608976307115440640 : Checking page rotation 1 0.0
1608976317053730565 : Checking page rotation 2 0.0
1608976321937863141 : Checking image 1 crop x1 297
1608976321937973743 : Checking image 1 crop y1 143
1608976321938005744 : Checking image 1 crop x2 2309
1608976321938035045 : Checking image 1 crop y2 3346
1608976328041205265 : Checking image 2 crop x1 159
1608976328041325167 : Checking image 2 crop y1 145
1608976328041386769 : Checking image 2 crop x2 2171
1608976328041425469 : Checking image 2 crop y2 3352
1608976328077654704 : Checking image 1 dpi 300
1608976328077758106 : Checking image 1 border top 132
1608976328077794107 : Checking image 1 border bottom 152
1608976328077826307 : Checking image 1 border left 224
1608976328077857908 : Checking image 1 border right 224
1608976328079557742 : Checking image 2 dpi 300
1608976328079632244 : Checking image 2 border top 132
1608976328079664645 : Checking image 2 border bottom 148
1608976328079695345 : Checking image 2 border left 224
1608976328079726046 : Checking image 2 border right 224

</system-out><system-err>--------------------------------- Captured Err ---------------------------------

</system-err></testcase><testcase classname="tests.test_images" name="test_2_pages_2_contours_png" time="37.380"><system-out>--------------------------------- Captured Log ---------------------------------

--------------------------------- Captured Out ---------------------------------
/home/runner/work/ocr-book/ocr-book/tests/2-pages-2-contours.png
1608976311688177714 : Checking separation double page angle 90.09036871657068
1608976311688295916 : Checking separation double page y=0 2486
1608976313931870834 : Checking page rotation 1 0.05
1608976320153466244 : Checking page rotation 2 0.30000000000000004
1608976322043001674 : Checking image 1 crop x1 1189
1608976322043105576 : Checking image 1 crop y1 1751
1608976322043140377 : Checking image 1 crop x2 1190
1608976322043170677 : Checking image 1 crop y2 1752
1608976325920868587 : Checking image 2 crop x1 101
1608976325920994690 : Checking image 2 crop y1 240
1608976325921035990 : Checking image 2 crop x2 2148
1608976325921073891 : Checking image 2 crop y2 3239
1608976325955542590 : Checking image 1 dpi 300
1608976325955634792 : Checking image 1 border top 1752
1608976325955666192 : Checking image 1 border bottom 1753
1608976325955710993 : Checking image 1 border left 1239
1608976325955742194 : Checking image 1 border right 1239
1608976325957173623 : Checking image 2 dpi 300
1608976325957254225 : Checking image 2 border top 230
1608976325957289425 : Checking image 2 border bottom 258
1608976325957323026 : Checking image 2 border left 206
1608976325957355927 : Checking image 2 border right 206

</system-out><system-err>--------------------------------- Captured Err ---------------------------------

</system-err></testcase><testcase classname="tests.test_images" name="test_wrong_split_line_png" time="44.426"><system-out>--------------------------------- Captured Log ---------------------------------

--------------------------------- Captured Out ---------------------------------
/home/runner/work/ocr-book/ocr-book/tests/wrong_split_line.png
1608976353647973157 : Checking separation double page angle 89.93395720607973
1608976353648085559 : Checking separation double page y=0 2465
1608976358949410234 : Checking page rotation 1 -0.14999999999999067
1608976364833690279 : Checking page rotation 2 0.5
1608976367530822304 : Checking image 1 crop x1 213
1608976367530944006 : Checking image 1 crop y1 157
1608976367530983807 : Checking image 1 crop x2 2323
1608976367531020708 : Checking image 1 crop y2 3362
1608976370338204162 : Checking image 2 crop x1 125
1608976370338329364 : Checking image 2 crop y1 165
1608976370338369565 : Checking image 2 crop x2 2237
1608976370338406666 : Checking image 2 crop y2 3374
1608976370375378415 : Checking image 1 dpi 300
1608976370375498417 : Checking image 1 border top 134
1608976370375536018 : Checking image 1 border bottom 148
1608976370375569418 : Checking image 1 border left 175
1608976370375602219 : Checking image 1 border right 175
1608976370377767063 : Checking image 2 dpi 300
1608976370377855865 : Checking image 2 border top 143
1608976370377890965 : Checking image 2 border bottom 135
1608976370377924166 : Checking image 2 border left 174
1608976370377956667 : Checking image 2 border right 174

</system-out><system-err>--------------------------------- Captured Err ---------------------------------

</system-err></testcase><testcase classname="tests.test_images" name="test_image_failed_to_rotate_png" time="64.894"><system-out>--------------------------------- Captured Log ---------------------------------

--------------------------------- Captured Out ---------------------------------
/home/runner/work/ocr-book/ocr-book/tests/image_failed_to_rotate.png
1608976362717526619 : Checking separation double page angle 90.13063640287984
1608976362717634522 : Checking separation double page y=0 2479
1608976367924573179 : Checking page rotation 1 0.35
1608976375490332052 : Checking page rotation 2 0.45
1608976387346667537 : Checking image 1 crop x1 34
1608976387346782639 : Checking image 1 crop y1 1
1608976387346819840 : Checking image 1 crop x2 2477
1608976387346856140 : Checking image 1 crop y2 3500
1608976392823795137 : Checking image 2 crop x1 167
1608976392823926740 : Checking image 2 crop y1 234
1608976392823967540 : Checking image 2 crop x2 2246
1608976392824005741 : Checking image 2 crop y2 3355
1608976392868139836 : Checking image 1 dpi 300
1608976392868268238 : Checking image 1 border top 4
1608976392868305139 : Checking image 1 border bottom 4
1608976392868336240 : Checking image 1 border left 19
1608976392868367940 : Checking image 1 border right 19
1608976392870222278 : Checking image 2 dpi 300
1608976392870310280 : Checking image 2 border top 218
1608976392870345780 : Checking image 2 border bottom 148
1608976392870379881 : Checking image 2 border left 190
1608976392870413082 : Checking image 2 border right 190

</system-out><system-err>--------------------------------- Captured Err ---------------------------------

</system-err></testcase><testcase classname="tests.test_images" name="test_crop_too_much_png" time="79.232"><system-out>--------------------------------- Captured Log ---------------------------------

--------------------------------- Captured Out ---------------------------------
/home/runner/work/ocr-book/ocr-book/tests/crop_too_much.png
1608976415708303880 : Checking separation double page angle 90.13239409272954
1608976415708415482 : Checking separation double page y=0 2455
1608976426822132554 : Checking page rotation 1 0.0
1608976438962266859 : Checking page rotation 2 0.45
1608976444436290303 : Checking image 1 crop x1 303
1608976444436421705 : Checking image 1 crop y1 148
1608976444436461606 : Checking image 1 crop x2 2313
1608976444436496707 : Checking image 1 crop y2 3351
1608976449547523855 : Checking image 2 crop x1 168
1608976449547644157 : Checking image 2 crop y1 155
1608976449547681458 : Checking image 2 crop x2 2179
1608976449547715859 : Checking image 2 crop y2 3359
1608976449596706751 : Checking image 1 dpi 300
1608976449596817854 : Checking image 1 border top 132
1608976449596852754 : Checking image 1 border bottom 152
1608976449596884155 : Checking image 1 border left 225
1608976449596914456 : Checking image 1 border right 225
1608976449598967497 : Checking image 2 dpi 300
1608976449599048899 : Checking image 2 border top 140
1608976449599084000 : Checking image 2 border bottom 143
1608976449599115300 : Checking image 2 border left 224
1608976449599148701 : Checking image 2 border right 224

</system-out><system-err>--------------------------------- Captured Err ---------------------------------

</system-err></testcase><testcase classname="tests.test_images" name="test_image_failed_to_crop_data_png" time="65.036"><system-out>--------------------------------- Captured Log ---------------------------------

--------------------------------- Captured Out ---------------------------------
/home/runner/work/ocr-book/ocr-book/tests/image_failed_to_crop_data.png
1608976426957206788 : Checking separation double page angle 90.053197600644
1608976426957313990 : Checking separation double page y=0 2480
1608976433256856503 : Checking page rotation 1 0.2
1608976439704318801 : Checking page rotation 2 0.0
1608976452837197315 : Checking image 1 crop x1 47
1608976452837331617 : Checking image 1 crop y1 7
1608976452837400719 : Checking image 1 crop x2 2478
1608976452837441920 : Checking image 1 crop y2 3502
1608976457909937818 : Checking image 2 crop x1 160
1608976457910061320 : Checking image 2 crop y1 217
1608976457910098321 : Checking image 2 crop x2 2242
1608976457910133722 : Checking image 2 crop y2 3350
1608976457943520898 : Checking image 1 dpi 300
1608976457943634501 : Checking image 1 border top 6
1608976457943671801 : Checking image 1 border bottom 6
1608976457943703402 : Checking image 1 border left 25
1608976457943734603 : Checking image 1 border right 25
1608976457945563740 : Checking image 2 dpi 300
1608976457945649341 : Checking image 2 border top 206
1608976457945682742 : Checking image 2 border bottom 148
1608976457945713743 : Checking image 2 border left 189
1608976457945744443 : Checking image 2 border right 189

</system-out><system-err>--------------------------------- Captured Err ---------------------------------

</system-err></testcase><testcase classname="tests.test_images" name="test_crop_too_few_png" time="46.794"><system-out>--------------------------------- Captured Log ---------------------------------

--------------------------------- Captured Out ---------------------------------
/home/runner/work/ocr-book/ocr-book/tests/crop_too_few.png
1608976478384529996 : Checking separation double page angle 89.54670238452755
1608976478384637598 : Checking separation double page y=0 2512
1608976484369852333 : Checking page rotation 1 -0.6499999999999977
1608976490340231326 : Checking page rotation 2 0.0
1608976493437737141 : Checking image 1 crop x1 263
1608976493437864744 : Checking image 1 crop y1 150
1608976493437905544 : Checking image 1 crop x2 2377
1608976493437941545 : Checking image 1 crop y2 3357
1608976496377936352 : Checking image 2 crop x1 137
1608976496378058055 : Checking image 2 crop y1 141
1608976496378098756 : Checking image 2 crop x2 2259
1608976496378136357 : Checking image 2 crop y2 3345
1608976496412776059 : Checking image 1 dpi 300
1608976496412898961 : Checking image 1 border top 129
1608976496412937262 : Checking image 1 border bottom 150
1608976496412971363 : Checking image 1 border left 173
1608976496413004063 : Checking image 1 border right 173
1608976496415134507 : Checking image 2 dpi 300
1608976496415218108 : Checking image 2 border top 130
1608976496415253509 : Checking image 2 border bottom 153
1608976496415287210 : Checking image 2 border left 169
1608976496415320610 : Checking image 2 border right 169

</system-out><system-err>--------------------------------- Captured Err ---------------------------------

</system-err></testcase><testcase classname="tests.test_images" name="test_wrong_angle_split_line_png" time="69.743"><system-out>--------------------------------- Captured Log ---------------------------------

--------------------------------- Captured Out ---------------------------------
/home/runner/work/ocr-book/ocr-book/tests/wrong_angle_split_line.png
1608976492157333581 : Checking separation double page angle 90.09193420006348
1608976492157471884 : Checking separation double page y=0 2478
1608976499810092816 : Checking page rotation 1 0.05
1608976508180878038 : Checking page rotation 2 0.0
1608976521051029117 : Checking image 1 crop x1 58
1608976521051165320 : Checking image 1 crop y1 7
1608976521051205621 : Checking image 1 crop x2 2472
1608976521051255722 : Checking image 1 crop y2 3505
1608976526852748188 : Checking image 2 crop x1 163
1608976526852875491 : Checking image 2 crop y1 217
1608976526852912492 : Checking image 2 crop x2 2246
1608976526852947392 : Checking image 2 crop y2 3350
1608976527016927815 : Checking image 1 dpi 300
1608976527017053117 : Checking image 1 border top 5
1608976527017087418 : Checking image 1 border bottom 5
1608976527017115019 : Checking image 1 border left 33
1608976527017142319 : Checking image 1 border right 33
1608976527024733973 : Checking image 2 dpi 300
1608976527024845675 : Checking image 2 border top 206
1608976527024881576 : Checking image 2 border bottom 148
1608976527024915077 : Checking image 2 border left 188
1608976527024948877 : Checking image 2 border right 188

</system-out><system-err>--------------------------------- Captured Err ---------------------------------

</system-err></testcase><testcase classname="tests.test_images" name="test_crop_too_much_2_png" time="85.182"><system-out>--------------------------------- Captured Log ---------------------------------

--------------------------------- Captured Out ---------------------------------
/home/runner/work/ocr-book/ocr-book/tests/crop_too_much_2.png
1608976545563944276 : Checking separation double page angle 90.1149074900787
1608976545564046178 : Checking separation double page y=0 2478
1608976556356543866 : Checking page rotation 1 0.2
1608976570174186718 : Checking page rotation 2 0.2
1608976575137980695 : Checking image 1 crop x1 332
1608976575138113398 : Checking image 1 crop y1 131
1608976575138153899 : Checking image 1 crop x2 2342
1608976575138189099 : Checking image 1 crop y2 3336
1608976581513916612 : Checking image 2 crop x1 162
1608976581514051514 : Checking image 2 crop y1 139
1608976581514093015 : Checking image 2 crop x2 2175
1608976581514131116 : Checking image 2 crop y2 3345
1608976581567245593 : Checking image 1 dpi 300
1608976581567359495 : Checking image 1 border top 119
1608976581567394896 : Checking image 1 border bottom 163
1608976581567426596 : Checking image 1 border left 225
1608976581567457197 : Checking image 1 border right 225
1608976581569567140 : Checking image 2 dpi 300
1608976581569652041 : Checking image 2 border top 130
1608976581569681042 : Checking image 2 border bottom 151
1608976581569712243 : Checking image 2 border left 223
1608976581569741343 : Checking image 2 border right 223

</system-out><system-err>--------------------------------- Captured Err ---------------------------------

</system-err></testcase><testcase classname="tests.test_images" name="test_angle_page_lower_split_line_png" time="55.641"><system-out>--------------------------------- Captured Log ---------------------------------

--------------------------------- Captured Out ---------------------------------
/home/runner/work/ocr-book/ocr-book/tests/angle_page_lower_split_line.png
1608976561007855999 : Checking separation double page angle 89.74927707086691
1608976561007957201 : Checking separation double page y=0 2474
1608976570177647088 : Checking page rotation 1 -0.4000000000000005
1608976576498245457 : Checking page rotation 2 0.2
1608976579917741853 : Checking image 1 crop x1 244
1608976579917872356 : Checking image 1 crop y1 160
1608976579917912656 : Checking image 1 crop x2 2350
1608976579917951357 : Checking image 1 crop y2 3365
1608976583363617010 : Checking image 2 crop x1 150
1608976583363740012 : Checking image 2 crop y1 147
1608976583363777613 : Checking image 2 crop x2 2257
1608976583363812514 : Checking image 2 crop y2 3350
1608976583402230793 : Checking image 1 dpi 300
1608976583402344595 : Checking image 1 border top 144
1608976583402381796 : Checking image 1 border bottom 138
1608976583402415796 : Checking image 1 border left 177
1608976583402449597 : Checking image 1 border right 177
1608976583404174632 : Checking image 2 dpi 300
1608976583404253934 : Checking image 2 border top 130
1608976583404288934 : Checking image 2 border bottom 154
1608976583404324235 : Checking image 2 border left 176
1608976583404357836 : Checking image 2 border right 176

</system-out><system-err>--------------------------------- Captured Err ---------------------------------

</system-err></testcase><testcase classname="tests.test_images" name="test_wrong_split_line_2_png" time="88.820"><system-out>--------------------------------- Captured Log ---------------------------------

--------------------------------- Captured Out ---------------------------------
/home/runner/work/ocr-book/ocr-book/tests/wrong_split_line_2.png
1608976628537837873 : Checking separation double page angle 90.19944704411863
1608976628537944175 : Checking separation double page y=0 2437
1608976640434424828 : Checking page rotation 1 0.2
1608976653138453410 : Checking page rotation 2 0.4
1608976660417639175 : Checking image 1 crop x1 294
1608976660417756877 : Checking image 1 crop y1 136
1608976660417792378 : Checking image 1 crop x2 2325
1608976660417825378 : Checking image 1 crop y2 3376
1608976670345238050 : Checking image 2 crop x1 140
1608976670345394751 : Checking image 2 crop y1 192
1608976670345437752 : Checking image 2 crop x2 2167
1608976670345475252 : Checking image 2 crop y2 3386
1608976670396330183 : Checking image 1 dpi 300
1608976670396457384 : Checking image 1 border top 131
1608976670396495684 : Checking image 1 border bottom 116
1608976670396529585 : Checking image 1 border left 214
1608976670396562785 : Checking image 1 border right 214
1608976670398697599 : Checking image 2 dpi 300
1608976670398784699 : Checking image 2 border top 183
1608976670398823800 : Checking image 2 border bottom 110
1608976670398857200 : Checking image 2 border left 216
1608976670398890100 : Checking image 2 border right 216

</system-out><system-err>--------------------------------- Captured Err ---------------------------------

</system-err></testcase><testcase classname="tests.test_images" name="test_wrong_wave_split_line_png" time="83.168"><system-out>--------------------------------- Captured Log ---------------------------------

--------------------------------- Captured Out ---------------------------------
/home/runner/work/ocr-book/ocr-book/tests/wrong_wave_split_line.png
1608976627176373169 : Checking separation double page angle 90.37878604107719
1608976627176514472 : Checking separation double page y=0 2500
1608976638116631364 : Checking page rotation 1 -0.14999999999999067
1608976648326882119 : Checking page rotation 2 0.85
1608976657266782107 : Checking image 1 crop x1 385
1608976657266921110 : Checking image 1 crop y1 179
1608976657266961710 : Checking image 1 crop x2 2411
1608976657266997211 : Checking image 1 crop y2 3374
1608976666504538266 : Checking image 2 crop x1 8
1608976666504674069 : Checking image 2 crop y1 0
1608976666504714870 : Checking image 2 crop x2 2415
1608976666504754871 : Checking image 2 crop y2 3505
1608976666559845082 : Checking image 1 dpi 300
1608976666559951984 : Checking image 1 border top 173
1608976666559987585 : Checking image 1 border bottom 119
1608976666560018885 : Checking image 1 border left 217
1608976666560050286 : Checking image 1 border right 217
1608976666561870923 : Checking image 2 dpi 300
1608976666561966825 : Checking image 2 border top 1
1608976666562002725 : Checking image 2 border bottom 1
1608976666562035426 : Checking image 2 border left 37
1608976666562069027 : Checking image 2 border right 37

</system-out><system-err>--------------------------------- Captured Err ---------------------------------

</system-err></testcase><testcase classname="tests.test_images" name="test_no_split_line_line_algo_png" time="52.455"><system-out>--------------------------------- Captured Log ---------------------------------

--------------------------------- Captured Out ---------------------------------
/home/runner/work/ocr-book/ocr-book/tests/no_split_line_line_algo.png
1608976697808780759 : Checking separation double page angle 89.47691469185418
1608976697808885660 : Checking separation double page y=0 2476
1608976703000252454 : Checking page rotation 1 -0.14999999999999067
1608976711784775098 : Checking page rotation 2 -0.44999999999999746
1608976714443172668 : Checking image 1 crop x1 205
1608976714443294570 : Checking image 1 crop y1 158
1608976714443332570 : Checking image 1 crop x2 2320
1608976714443366971 : Checking image 1 crop y2 3366
1608976718991751066 : Checking image 2 crop x1 185
1608976718991865967 : Checking image 2 crop y1 221
1608976718991898567 : Checking image 2 crop x2 2201
1608976718991929168 : Checking image 2 crop y2 3366
1608976719034766107 : Checking image 1 dpi 300
1608976719034877008 : Checking image 1 border top 144
1608976719034912309 : Checking image 1 border bottom 134
1608976719034944709 : Checking image 1 border left 172
1608976719034976110 : Checking image 1 border right 172
1608976719036742832 : Checking image 2 dpi 300
1608976719036821833 : Checking image 2 border top 219
1608976719036854533 : Checking image 2 border bottom 123
1608976719036885134 : Checking image 2 border left 222
1608976719036915834 : Checking image 2 border right 222

</system-out><system-err>--------------------------------- Captured Err ---------------------------------

</system-err></testcase><testcase classname="tests.test_images" name="test_small_wave_png" time="70.848"><system-out>--------------------------------- Captured Log ---------------------------------

--------------------------------- Captured Out ---------------------------------
/home/runner/work/ocr-book/ocr-book/tests/small_wave.png
1608976716021046377 : Checking separation double page angle 90.58816928841564
1608976716021153978 : Checking separation double page y=0 2497
1608976726061507631 : Checking page rotation 1 0.65
1608976734877892986 : Checking page rotation 2 0.75
1608976738055193598 : Checking image 1 crop x1 320
1608976738055328100 : Checking image 1 crop y1 199
1608976738055365500 : Checking image 1 crop x2 2353
1608976738055399701 : Checking image 1 crop y2 3394
1608976741204219908 : Checking image 2 crop x1 132
1608976741204335910 : Checking image 2 crop y1 224
1608976741204373210 : Checking image 2 crop x2 2160
1608976741204410511 : Checking image 2 crop y2 3419
1608976741246962838 : Checking image 1 dpi 300
1608976741247080539 : Checking image 1 border top 179
1608976741247119240 : Checking image 1 border bottom 112
1608976741247153540 : Checking image 1 border left 213
1608976741247186841 : Checking image 1 border right 213
1608976741249292167 : Checking image 2 dpi 300
1608976741249409068 : Checking image 2 border top 197
1608976741249446869 : Checking image 2 border bottom 95
1608976741249480369 : Checking image 2 border left 216
1608976741249513169 : Checking image 2 border right 216

</system-out><system-err>--------------------------------- Captured Err ---------------------------------

</system-err></testcase><testcase classname="tests.test_images" name="test_failed_split_line_line_algo_png" time="28.952"><system-out>--------------------------------- Captured Log ---------------------------------

--------------------------------- Captured Out ---------------------------------
/home/runner/work/ocr-book/ocr-book/tests/failed_split_line_line_algo.png
1608976738380940703 : Checking separation double page angle 90.04134220573248
1608976738381045304 : Checking separation double page y=0 2573
1608976741691956550 : Checking page rotation 1 -0.14999999999999067
1608976744003152079 : Checking page rotation 2 0.0
1608976746406547750 : Checking image 1 crop x1 407
1608976746406683452 : Checking image 1 crop y1 2925
1608976746406723352 : Checking image 1 crop x2 2419
1608976746406758653 : Checking image 1 crop y2 3174
1608976748018278970 : Checking image 2 crop x1 1184
1608976748018379772 : Checking image 2 crop y1 1748
1608976748018410272 : Checking image 2 crop x2 1185
1608976748018438273 : Checking image 2 crop y2 1749
1608976748018706176 : Checking image 1 dpi 300
1608976748018769677 : Checking image 1 border top 2922
1608976748018794977 : Checking image 1 border bottom 316
1608976748018818378 : Checking image 1 border left 224
1608976748018841678 : Checking image 1 border right 224
1608976748020105495 : Checking image 2 dpi 300
1608976748020189696 : Checking image 2 border top 1752
1608976748020227296 : Checking image 2 border bottom 1753
1608976748020260397 : Checking image 2 border left 1239
1608976748020293597 : Checking image 2 border right 1239

</system-out><system-err>--------------------------------- Captured Err ---------------------------------

</system-err></testcase><testcase classname="tests.test_images" name="test_wrong_split_line_3_png" time="59.503"><system-out>--------------------------------- Captured Log ---------------------------------

--------------------------------- Captured Out ---------------------------------
/home/runner/work/ocr-book/ocr-book/tests/wrong_split_line_3.png
1608976777500308253 : Checking separation double page angle 90.43729500214694
1608976777500415154 : Checking separation double page y=0 2498
1608976786206278965 : Checking page rotation 1 0.30000000000000004
1608976793736032563 : Checking page rotation 2 0.9
1608976797532217756 : Checking image 1 crop x1 331
1608976797532343158 : Checking image 1 crop y1 165
1608976797532381258 : Checking image 1 crop x2 2375
1608976797532417059 : Checking image 1 crop y2 3376
1608976800731921899 : Checking image 2 crop x1 102
1608976800732048900 : Checking image 2 crop y1 208
1608976800732088601 : Checking image 2 crop x2 2133
1608976800732126101 : Checking image 2 crop y2 3413
1608976800772724225 : Checking image 1 dpi 300
1608976800772845426 : Checking image 1 border top 157
1608976800772883327 : Checking image 1 border bottom 119
1608976800772917327 : Checking image 1 border left 208
1608976800772950528 : Checking image 1 border right 208
1608976800775078055 : Checking image 2 dpi 300
1608976800775162256 : Checking image 2 border top 187
1608976800775197257 : Checking image 2 border bottom 95
1608976800775231057 : Checking image 2 border left 214
1608976800775264157 : Checking image 2 border right 214

</system-out><system-err>--------------------------------- Captured Err ---------------------------------

</system-err></testcase><testcase classname="tests.test_images" name="test_failed_split_line_line_algo_2_png" time="65.490"><system-out>--------------------------------- Captured Log ---------------------------------

--------------------------------- Captured Out ---------------------------------
/home/runner/work/ocr-book/ocr-book/tests/failed_split_line_line_algo_2.png
1608976787411878412 : Checking separation double page angle 90.03068774449687
1608976787411986013 : Checking separation double page y=0 2500
1608976798376195535 : Checking page rotation 1 0.0
1608976806869310942 : Checking page rotation 2 0.6000000000000001
1608976810140256143 : Checking image 1 crop x1 272
1608976810140389245 : Checking image 1 crop y1 149
1608976810140429046 : Checking image 1 crop x2 2383
1608976810140465046 : Checking image 1 crop y2 3353
1608976813446166558 : Checking image 2 crop x1 121
1608976813446277365 : Checking image 2 crop y1 155
1608976813446309667 : Checking image 2 crop x2 2244
1608976813446340169 : Checking image 2 crop y2 3350
1608976813487414031 : Checking image 1 dpi 300
1608976813487523338 : Checking image 1 border top 138
1608976813487559340 : Checking image 1 border bottom 145
1608976813487592642 : Checking image 1 border left 174
1608976813487625244 : Checking image 1 border right 174
1608976813489729776 : Checking image 2 dpi 300
1608976813489811981 : Checking image 2 border top 136
1608976813489845083 : Checking image 2 border bottom 156
1608976813489876385 : Checking image 2 border left 168
1608976813489907287 : Checking image 2 border right 168

</system-out><system-err>--------------------------------- Captured Err ---------------------------------

</system-err></testcase><testcase classname="tests.test_images" name="test_crop_too_much_3_png" time="66.988"><system-out>--------------------------------- Captured Log ---------------------------------

--------------------------------- Captured Out ---------------------------------
/home/runner/work/ocr-book/ocr-book/tests/crop_too_much_3.png
1608976839348162196 : Checking separation double page angle 89.49330634783144
1608976839348273198 : Checking separation double page y=0 2498
1608976847338472056 : Checking page rotation 1 -0.8999999999999949
1608976858366480174 : Checking page rotation 2 -0.14999999999999067
1608976862773616900 : Checking image 1 crop x1 374
1608976862773731902 : Checking image 1 crop y1 258
1608976862773769203 : Checking image 1 crop x2 2385
1608976862773802004 : Checking image 1 crop y2 3459
1608976867710445535 : Checking image 2 crop x1 168
1608976867710549337 : Checking image 2 crop y1 228
1608976867710582338 : Checking image 2 crop x2 2181
1608976867710613139 : Checking image 2 crop y2 3417
1608976867758846918 : Checking image 1 dpi 300
1608976867758961520 : Checking image 1 border top 239
1608976867758997221 : Checking image 1 border bottom 47
1608976867759028622 : Checking image 1 border left 224
1608976867759060622 : Checking image 1 border right 224
1608976867761140765 : Checking image 2 dpi 300
1608976867761217966 : Checking image 2 border top 209
1608976867761250267 : Checking image 2 border bottom 89
1608976867761280467 : Checking image 2 border left 223
1608976867761313268 : Checking image 2 border right 223

</system-out><system-err>--------------------------------- Captured Err ---------------------------------

</system-err></testcase><testcase classname="tests.test_images" name="test_wrong_wave_split_line_2_png" time="71.579"><system-out>--------------------------------- Captured Log ---------------------------------

--------------------------------- Captured Out ---------------------------------
/home/runner/work/ocr-book/ocr-book/tests/wrong_wave_split_line_2.png
1608976854642084023 : Checking separation double page angle 90.7708958311329
1608976854642197125 : Checking separation double page y=0 2490
1608976863577167064 : Checking page rotation 1 0.4
1608976874357917222 : Checking page rotation 2 1.8
1608976878133138489 : Checking image 1 crop x1 224
1608976878133268992 : Checking image 1 crop y1 147
1608976878133309592 : Checking image 1 crop x2 2337
1608976878133347393 : Checking image 1 crop y2 3355
1608976885003855550 : Checking image 2 crop x1 107
1608976885003987552 : Checking image 2 crop y1 197
1608976885004019953 : Checking image 2 crop x2 2229
1608976885004050254 : Checking image 2 crop y2 3396
1608976885054435168 : Checking image 1 dpi 300
1608976885054547271 : Checking image 1 border top 137
1608976885054583171 : Checking image 1 border bottom 142
1608976885054614972 : Checking image 1 border left 173
1608976885054646473 : Checking image 1 border right 173
1608976885056730315 : Checking image 2 dpi 300
1608976885056810616 : Checking image 2 border top 171
1608976885056844317 : Checking image 2 border bottom 116
1608976885056875317 : Checking image 2 border left 169
1608976885056906018 : Checking image 2 border right 169

</system-out><system-err>--------------------------------- Captured Err ---------------------------------

</system-err></testcase><testcase classname="tests.test_images" name="test_wrong_wave_split_line_3_png" time="61.567"><system-out>--------------------------------- Captured Log ---------------------------------

--------------------------------- Captured Out ---------------------------------
/home/runner/work/ocr-book/ocr-book/tests/wrong_wave_split_line_3.png
1608976906960191304 : Checking separation double page angle 90.05826063695574
1608976906960294606 : Checking separation double page y=0 2514
1608976915762986735 : Checking page rotation 1 0.05
1608976922399095726 : Checking page rotation 2 0.30000000000000004
1608976926087229286 : Checking image 1 crop x1 273
1608976926087337188 : Checking image 1 crop y1 220
1608976926087388389 : Checking image 1 crop x2 2383
1608976926087423689 : Checking image 1 crop y2 3423
1608976929296879226 : Checking image 2 crop x1 114
1608976929296989428 : Checking image 2 crop y1 226
1608976929297026229 : Checking image 2 crop x2 2237
1608976929297058830 : Checking image 2 crop y2 3414
1608976929336767229 : Checking image 1 dpi 300
1608976929336878032 : Checking image 1 border top 202
1608976929336913732 : Checking image 1 border bottom 82
1608976929336945233 : Checking image 1 border left 175
1608976929336975334 : Checking image 1 border right 175
1608976929339097076 : Checking image 2 dpi 300
1608976929339178678 : Checking image 2 border top 207
1608976929339210679 : Checking image 2 border bottom 92
1608976929339241179 : Checking image 2 border left 168
1608976929339271480 : Checking image 2 border right 168

</system-out><system-err>--------------------------------- Captured Err ---------------------------------

</system-err></testcase><testcase classname="tests.test_images" name="test_no_split_line_wave_algo_png" time="70.254"><system-out>--------------------------------- Captured Log ---------------------------------

--------------------------------- Captured Out ---------------------------------
/home/runner/work/ocr-book/ocr-book/tests/no_split_line_wave_algo.png
1608976920128770161 : Checking separation double page angle 89.72500000000001
1608976920128884864 : Checking separation double page y=0 2484
1608976926605896831 : Checking page rotation 1 0.0
1608976935438701723 : Checking page rotation 2 -0.49999999999999434
1608976946189712247 : Checking image 1 crop x1 97
1608976946189790249 : Checking image 1 crop y1 79
1608976946189825750 : Checking image 1 crop x2 2494
1608976946189859250 : Checking image 1 crop y2 3505
1608976955226790165 : Checking image 2 crop x1 163
1608976955226916767 : Checking image 2 crop y1 266
1608976955226958068 : Checking image 2 crop x2 2238
1608976955226995369 : Checking image 2 crop y2 3381
1608976955270832652 : Checking image 1 dpi 300
1608976955270947054 : Checking image 1 border top 41
1608976955270984555 : Checking image 1 border bottom 41
1608976955271018156 : Checking image 1 border left 42
1608976955271051956 : Checking image 1 border right 42
1608976955273157399 : Checking image 2 dpi 300
1608976955273237400 : Checking image 2 border top 258
1608976955273277701 : Checking image 2 border bottom 114
1608976955273310902 : Checking image 2 border left 192
1608976955273344303 : Checking image 2 border right 192

</system-out><system-err>--------------------------------- Captured Err ---------------------------------

</system-err></testcase><testcase classname="tests.test_images" name="test_no_split_line_wave_algo_2_png" time="54.595"><system-out>--------------------------------- Captured Log ---------------------------------

--------------------------------- Captured Out ---------------------------------
/home/runner/work/ocr-book/ocr-book/tests/no_split_line_wave_algo_2.png
1608976962045526077 : Checking separation double page angle 90.54999999999998
1608976962046536898 : Checking separation double page y=0 2478
1608976970093995849 : Checking page rotation 1 1.1500000000000001
1608976977482632305 : Checking page rotation 2 0.2
1608976980850870075 : Checking image 1 crop x1 266
1608976980850979778 : Checking image 1 crop y1 209
1608976980851017878 : Checking image 1 crop x2 2342
1608976980851053779 : Checking image 1 crop y2 3413
1608976983897296654 : Checking image 2 crop x1 168
1608976983897420557 : Checking image 2 crop y1 241
1608976983897458258 : Checking image 2 crop x2 2251
1608976983897491358 : Checking image 2 crop y2 3433
1608976983936110530 : Checking image 1 dpi 300
1608976983936220932 : Checking image 1 border top 191
1608976983936258533 : Checking image 1 border bottom 92
1608976983936292734 : Checking image 1 border left 192
1608976983936331134 : Checking image 1 border right 192
1608976983938408176 : Checking image 2 dpi 300
1608976983938489078 : Checking image 2 border top 224
1608976983938523478 : Checking image 2 border bottom 71
1608976983938556079 : Checking image 2 border left 188
1608976983938588580 : Checking image 2 border right 188

</system-out><system-err>--------------------------------- Captured Err ---------------------------------

</system-err></testcase><testcase classname="tests.test_images" name="test_crop_too_few_2_png" time="51.792"><system-out>--------------------------------- Captured Log ---------------------------------

--------------------------------- Captured Out ---------------------------------
/home/runner/work/ocr-book/ocr-book/tests/crop_too_few_2.png
1608976985726646912 : Checking separation double page angle 90.30476192320097
1608976985726751614 : Checking separation double page y=0 2531
1608976993353777604 : Checking page rotation 1 1.2000000000000002
1608976999761981379 : Checking page rotation 2 -0.04999999999999689
1608977003315686281 : Checking image 1 crop x1 287
1608977003315822284 : Checking image 1 crop y1 165
1608977003315860385 : Checking image 1 crop x2 2398
1608977003315896385 : Checking image 1 crop y2 3368
1608977007091508041 : Checking image 2 crop x1 149
1608977007091636143 : Checking image 2 crop y1 189
1608977007091674544 : Checking image 2 crop x2 2273
1608977007091712545 : Checking image 2 crop y2 3386
1608977007129213995 : Checking image 1 dpi 300
1608977007129324098 : Checking image 1 border top 157
1608977007129384899 : Checking image 1 border bottom 127
1608977007129421299 : Checking image 1 border left 174
1608977007129456900 : Checking image 1 border right 174
1608977007131817747 : Checking image 2 dpi 300
1608977007131918549 : Checking image 2 border top 181
1608977007131953850 : Checking image 2 border bottom 109
1608977007131987651 : Checking image 2 border left 168
1608977007132021052 : Checking image 2 border right 168

</system-out><system-err>--------------------------------- Captured Err ---------------------------------

</system-err></testcase><testcase classname="tests.test_images" name="test_failed_detect_rectangle_png" time="66.797"><system-out>--------------------------------- Captured Log ---------------------------------

--------------------------------- Captured Out ---------------------------------
/home/runner/work/ocr-book/ocr-book/tests/failed_detect_rectangle.png
1608977021979753708 : Checking separation double page angle 90.19837516213148
1608977021979855710 : Checking separation double page y=0 2474
1608977031180493270 : Checking page rotation 1 0.2
1608977043593896031 : Checking page rotation 2 0.2
1608977047094067004 : Checking image 1 crop x1 257
1608977047094174006 : Checking image 1 crop y1 201
1608977047094211107 : Checking image 1 crop x2 2333
1608977047094244008 : Checking image 1 crop y2 3402
1608977050676968834 : Checking image 2 crop x1 136
1608977050677081436 : Checking image 2 crop y1 215
1608977050677121437 : Checking image 2 crop x2 2219
1608977050677156637 : Checking image 2 crop y2 3406
1608977050726775831 : Checking image 1 dpi 300
1608977050726890633 : Checking image 1 border top 188
1608977050726927234 : Checking image 1 border bottom 97
1608977050726960634 : Checking image 1 border left 192
1608977050726993735 : Checking image 1 border right 192
1608977050729067477 : Checking image 2 dpi 300
1608977050729142278 : Checking image 2 border top 200
1608977050729174379 : Checking image 2 border bottom 95
1608977050729204379 : Checking image 2 border left 188
1608977050729234680 : Checking image 2 border right 188

</system-out><system-err>--------------------------------- Captured Err ---------------------------------

</system-err></testcase><testcase classname="tests.test_images" name="test_single_page_png" time="26.704"><system-out>--------------------------------- Captured Log ---------------------------------

--------------------------------- Captured Out ---------------------------------
/home/runner/work/ocr-book/ocr-book/tests/single_page.png
1608977018826293665 : Checking separation double page angle 90.04999999999998
1608977018826404668 : Checking separation double page y=0 2476
1608977024270994107 : Checking page rotation 1 0.0
1608977024894879651 : Checking page rotation 2 0.0
1608977032834633622 : Checking image 1 crop x1 1
1608977032834715724 : Checking image 1 crop y1 8
1608977032834752724 : Checking image 1 crop x2 2470
1608977032834787825 : Checking image 1 crop y2 3505
1608977033491968796 : Checking image 2 crop x1 0
1608977033492043298 : Checking image 2 crop y1 0
1608977033492076298 : Checking image 2 crop x2 0
1608977033492107799 : Checking image 2 crop y2 0
1608977033492183001 : Checking image 1 dpi 300
1608977033492252802 : Checking image 1 border top 5
1608977033492289903 : Checking image 1 border bottom 5
1608977033492323803 : Checking image 1 border left 6
1608977033492357304 : Checking image 1 border right 6
1608977033498369525 : Checking image 2 border top 0
1608977033498427926 : Checking image 2 border bottom 0
1608977033498457926 : Checking image 2 border left 0
1608977033498487527 : Checking image 2 border right 0

</system-out><system-err>--------------------------------- Captured Err ---------------------------------

</system-err></testcase><testcase classname="tests.test_images" name="test_wrong_split_line_4_png" time="32.194"><system-out>--------------------------------- Captured Log ---------------------------------

--------------------------------- Captured Out ---------------------------------
/home/runner/work/ocr-book/ocr-book/tests/wrong_split_line_4.png
1608977053247277492 : Checking separation double page angle 91.04999999999998
1608977053247388294 : Checking separation double page y=0 60
1608977053520415461 : Checking page rotation 1 1.05
1608977061195049977 : Checking page rotation 2 1.1500000000000001
1608977061753745451 : Checking image 1 crop x1 0
1608977061753805452 : Checking image 1 crop y1 0
1608977061753835753 : Checking image 1 crop x2 0
1608977061753864753 : Checking image 1 crop y2 0
1608977066028526944 : Checking image 2 crop x1 292
1608977066028640246 : Checking image 2 crop y1 330
1608977066028678847 : Checking image 2 crop x2 2314
1608977066028712248 : Checking image 2 crop y2 3218
1608977066074003754 : Checking image 1 border top 0
1608977066074068355 : Checking image 1 border bottom 0
1608977066074099756 : Checking image 1 border left 0
1608977066074129956 : Checking image 1 border right 0
1608977066074188757 : Checking image 2 dpi 300
1608977066074252559 : Checking image 2 border top 322
1608977066074280159 : Checking image 2 border bottom 277
1608977066074306560 : Checking image 2 border left 219
1608977066074333360 : Checking image 2 border right 219

</system-out><system-err>--------------------------------- Captured Err ---------------------------------

</system-err></testcase><testcase classname="tests.test_images" name="test_no_split_line_wave_algo_3_png" time="20.348"><system-out>--------------------------------- Captured Log ---------------------------------

--------------------------------- Captured Out ---------------------------------
/home/runner/work/ocr-book/ocr-book/tests/no_split_line_wave_algo_3.png
1608977062871278301 : Checking separation double page angle 90.14999999999998
1608977062871389703 : Checking separation double page y=0 2408
1608977065823280539 : Checking page rotation 1 0.0
1608977066210408182 : Checking page rotation 2 0.35
1608977070499631242 : Checking image 1 crop x1 184
1608977070499730744 : Checking image 1 crop y1 2957
1608977070499766545 : Checking image 1 crop x2 2201
1608977070499797145 : Checking image 1 crop y2 3202
1608977071070882682 : Checking image 2 crop x1 0
1608977071070946884 : Checking image 2 crop y1 0
1608977071070974684 : Checking image 2 crop x2 0
1608977071071000585 : Checking image 2 crop y2 0
1608977071071079686 : Checking image 1 dpi 300
1608977071071153988 : Checking image 1 border top 2950
1608977071071194188 : Checking image 1 border bottom 292
1608977071071219489 : Checking image 1 border left 221
1608977071071244289 : Checking image 1 border right 221
1608977071075936383 : Checking image 2 border top 0
1608977071075986884 : Checking image 2 border bottom 0
1608977071076013885 : Checking image 2 border left 0
1608977071076040886 : Checking image 2 border right 0

</system-out><system-err>--------------------------------- Captured Err ---------------------------------

</system-err></testcase><testcase classname="tests.test_images" name="test_failed_split_line_line_algo_3_png" time="26.294"><system-out>--------------------------------- Captured Log ---------------------------------

--------------------------------- Captured Out ---------------------------------
/home/runner/work/ocr-book/ocr-book/tests/failed_split_line_line_algo_3.png
1608977080743960770 : Checking separation double page angle 90.0
1608977080744073972 : Checking separation double page y=0 40
1608977080917943253 : Checking page rotation 1 0.0
1608977085220694918 : Checking page rotation 2 0.0
1608977085635328025 : Checking image 1 crop x1 0
1608977085635390026 : Checking image 1 crop y1 0
1608977085635417226 : Checking image 1 crop x2 0
1608977085635443627 : Checking image 1 crop y2 0
1608977092339899142 : Checking image 2 crop x1 246
1608977092340012744 : Checking image 2 crop y1 154
1608977092340060345 : Checking image 2 crop x2 2259
1608977092340093746 : Checking image 2 crop y2 3361
1608977092383597317 : Checking image 1 border top 0
1608977092383667018 : Checking image 1 border bottom 0
1608977092383700319 : Checking image 1 border left 0
1608977092383734120 : Checking image 1 border right 0
1608977092383793121 : Checking image 2 dpi 300
1608977092383871423 : Checking image 2 border top 146
1608977092383904923 : Checking image 2 border bottom 134
1608977092383937524 : Checking image 2 border left 223
1608977092383972225 : Checking image 2 border right 223

</system-out><system-err>--------------------------------- Captured Err ---------------------------------

</system-err></testcase></testsuite></testsuites>