<?xml version="1.0" encoding="utf-8"?><testsuites><testsuite name="pytest" errors="0" failures="0" skipped="0" tests="34" time="904.736" timestamp="2020-12-12T14:53:12.574911" hostname="fv-az18-192"><testcase classname="tests.test_features" name="test_disabled_enable_debug" time="44.114"><system-out>--------------------------------- Captured Log ---------------------------------

--------------------------------- Captured Out ---------------------------------
/home/runner/work/ocr-book/ocr-book/tests/0001_debug.png
separation double page angle 90.57780420099766
separation double page y=0 2487
page rotation 1 0.75
page rotation 2 0.2
image 1 crop x1 330
image 1 crop y1 336
image 1 crop x2 2343
image 1 crop y2 3223
image 2 crop x1 169
image 2 crop y1 648
image 2 crop x2 2186
image 2 crop y2 3361
image 1 dpi 300
image 1 border top 318
image 1 border bottom 282
image 1 border left 223
image 1 border right 223
image 2 dpi 300
image 2 border top 643
image 2 border bottom 131
image 2 border left 221
image 2 border right 221

</system-out><system-err>--------------------------------- Captured Err ---------------------------------

</system-err></testcase><testcase classname="tests.test_features" name="test_mock_stop_at_0" time="0.053"><system-out>--------------------------------- Captured Log ---------------------------------

--------------------------------- Captured Out ---------------------------------
/home/runner/work/ocr-book/ocr-book/tests/0001_0.png

</system-out><system-err>--------------------------------- Captured Err ---------------------------------

</system-err></testcase><testcase classname="tests.test_features" name="test_mock_stop_at_2" time="38.789"><system-out>--------------------------------- Captured Log ---------------------------------

--------------------------------- Captured Out ---------------------------------
/home/runner/work/ocr-book/ocr-book/tests/0001_2.png
separation double page angle 90.57780420099766
separation double page y=0 2487
page rotation 1 0.75
page rotation 2 0.2

</system-out><system-err>--------------------------------- Captured Err ---------------------------------

</system-err></testcase><testcase classname="tests.test_features" name="test_mock_stop_at_4" time="41.238"><system-out>--------------------------------- Captured Log ---------------------------------

--------------------------------- Captured Out ---------------------------------
/home/runner/work/ocr-book/ocr-book/tests/0001_4.png
separation double page angle 90.57780420099766
separation double page y=0 2487
page rotation 1 0.75
page rotation 2 0.2
image 1 crop x1 330
image 1 crop y1 336
image 1 crop x2 2343
image 1 crop y2 3223
image 2 crop x1 169
image 2 crop y1 648
image 2 crop x2 2186
image 2 crop y2 3361
image 1 dpi 300
image 1 border top 318
image 1 border bottom 282
image 1 border left 223
image 1 border right 223
image 2 dpi 300
image 2 border top 643
image 2 border bottom 131
image 2 border left 221
image 2 border right 221

</system-out><system-err>--------------------------------- Captured Err ---------------------------------

</system-err></testcase><testcase classname="tests.test_features" name="test_mock_stop_at_1" time="25.117"><system-out>--------------------------------- Captured Log ---------------------------------

--------------------------------- Captured Out ---------------------------------
/home/runner/work/ocr-book/ocr-book/tests/0001_1.png
separation double page angle 90.57780420099766
separation double page y=0 2487

</system-out><system-err>--------------------------------- Captured Err ---------------------------------

</system-err></testcase><testcase classname="tests.test_features" name="test_mock_stop_at_3" time="40.573"><system-out>--------------------------------- Captured Log ---------------------------------

--------------------------------- Captured Out ---------------------------------
/home/runner/work/ocr-book/ocr-book/tests/0001_3.png
separation double page angle 90.57780420099766
separation double page y=0 2487
page rotation 1 0.75
page rotation 2 0.2
image 1 crop x1 330
image 1 crop y1 336
image 1 crop x2 2343
image 1 crop y2 3223
image 2 crop x1 169
image 2 crop y1 648
image 2 crop x2 2186
image 2 crop y2 3361

</system-out><system-err>--------------------------------- Captured Err ---------------------------------

</system-err></testcase><testcase classname="tests.test_images" name="test_0001_png" time="51.711"><system-out>--------------------------------- Captured Log ---------------------------------

--------------------------------- Captured Out ---------------------------------
/home/runner/work/ocr-book/ocr-book/tests/0001.png
1607784903086232538 : Checking separation double page angle 90.57780420099766
1607784903086329138 : Checking separation double page y=0 2487
1607784910092512278 : Checking page rotation 1 0.75
1607784918609474550 : Checking page rotation 2 0.2
1607784922120748717 : Checking image 1 crop x1 330
1607784922120868118 : Checking image 1 crop y1 336
1607784922120905318 : Checking image 1 crop x2 2343
1607784922120936019 : Checking image 1 crop y2 3223
1607784925247230701 : Checking image 2 crop x1 169
1607784925247347102 : Checking image 2 crop y1 648
1607784925247382803 : Checking image 2 crop x2 2186
1607784925247414103 : Checking image 2 crop y2 3361
1607784925277825750 : Checking image 1 dpi 300
1607784925277919651 : Checking image 1 border top 318
1607784925277954451 : Checking image 1 border bottom 282
1607784925277985551 : Checking image 1 border left 223
1607784925278015452 : Checking image 1 border right 223
1607784925280126469 : Checking image 2 dpi 300
1607784925280224870 : Checking image 2 border top 643
1607784925280255170 : Checking image 2 border bottom 131
1607784925280284070 : Checking image 2 border left 221
1607784925280313070 : Checking image 2 border right 221

</system-out><system-err>--------------------------------- Captured Err ---------------------------------

</system-err></testcase><testcase classname="tests.test_features" name="test_mock_stop_at_5" time="41.512"><system-out>--------------------------------- Captured Log ---------------------------------

--------------------------------- Captured Out ---------------------------------
/home/runner/work/ocr-book/ocr-book/tests/0001_5.png
separation double page angle 90.57780420099766
separation double page y=0 2487
page rotation 1 0.75
page rotation 2 0.2
image 1 crop x1 330
image 1 crop y1 336
image 1 crop x2 2343
image 1 crop y2 3223
image 2 crop x1 169
image 2 crop y1 648
image 2 crop x2 2186
image 2 crop y2 3361
image 1 dpi 300
image 1 border top 318
image 1 border bottom 282
image 1 border left 223
image 1 border right 223
image 2 dpi 300
image 2 border top 643
image 2 border bottom 131
image 2 border left 221
image 2 border right 221

</system-out><system-err>--------------------------------- Captured Err ---------------------------------

</system-err></testcase><testcase classname="tests.test_images" name="test_2_pages_2_contours_png" time="34.457"><system-out>--------------------------------- Captured Log ---------------------------------

--------------------------------- Captured Out ---------------------------------
/home/runner/work/ocr-book/ocr-book/tests/2-pages-2-contours.png
1607784946337756808 : Checking separation double page angle 89.91958537671144
1607784946337855909 : Checking separation double page y=0 2492
1607784948417460490 : Checking page rotation 1 0.05
1607784955038245429 : Checking page rotation 2 0.35
1607784956453044421 : Checking image 1 crop x1 1189
1607784956453151421 : Checking image 1 crop y1 1748
1607784956453184422 : Checking image 1 crop x2 1190
1607784956453213522 : Checking image 1 crop y2 1749
1607784959718992351 : Checking image 2 crop x1 89
1607784959719110352 : Checking image 2 crop y1 240
1607784959719145252 : Checking image 2 crop x2 2136
1607784959719177252 : Checking image 2 crop y2 3239
1607784959749311676 : Checking image 1 dpi 300
1607784959749410977 : Checking image 1 border top 1753
1607784959749445877 : Checking image 1 border bottom 1753
1607784959749475177 : Checking image 1 border left 1239
1607784959749504177 : Checking image 1 border right 1239
1607784959751347391 : Checking image 2 dpi 300
1607784959751428692 : Checking image 2 border top 227
1607784959751461192 : Checking image 2 border bottom 261
1607784959751490392 : Checking image 2 border left 206
1607784959751518992 : Checking image 2 border right 206

</system-out><system-err>--------------------------------- Captured Err ---------------------------------

</system-err></testcase><testcase classname="tests.test_images" name="test_angle_page_lower_split_line_png" time="54.457"><system-out>--------------------------------- Captured Log ---------------------------------

--------------------------------- Captured Out ---------------------------------
/home/runner/work/ocr-book/ocr-book/tests/angle_page_lower_split_line.png
1607784980799248816 : Checking separation double page angle 89.75201324945476
1607784980799352217 : Checking separation double page y=0 2473
1607784988296216760 : Checking page rotation 1 -0.44999999999999746
1607784993653975563 : Checking page rotation 2 0.2
1607784996487061891 : Checking image 1 crop x1 245
1607784996487186692 : Checking image 1 crop y1 161
1607784996487220992 : Checking image 1 crop x2 2351
1607784996487253793 : Checking image 1 crop y2 3364
1607784999220115453 : Checking image 2 crop x1 151
1607784999220274255 : Checking image 2 crop y1 147
1607784999220308355 : Checking image 2 crop x2 2258
1607784999220341455 : Checking image 2 crop y2 3350
1607784999254309391 : Checking image 1 dpi 300
1607784999254421092 : Checking image 1 border top 141
1607784999254455192 : Checking image 1 border bottom 143
1607784999254484293 : Checking image 1 border left 177
1607784999254513493 : Checking image 1 border right 177
1607784999256875809 : Checking image 2 dpi 300
1607784999256968510 : Checking image 2 border top 129
1607784999257000010 : Checking image 2 border bottom 155
1607784999257028810 : Checking image 2 border left 176
1607784999257057711 : Checking image 2 border right 176

</system-out><system-err>--------------------------------- Captured Err ---------------------------------

</system-err></testcase><testcase classname="tests.test_images" name="test_black_border_not_removed_png" time="59.364"><system-out>--------------------------------- Captured Log ---------------------------------

--------------------------------- Captured Out ---------------------------------
/home/runner/work/ocr-book/ocr-book/tests/black-border-not-removed.png
1607784993727314777 : Checking separation double page angle 90.02895758682554
1607784993727421678 : Checking separation double page y=0 2456
1607785000333048797 : Checking page rotation 1 0.0
1607785011106337557 : Checking page rotation 2 0.0
1607785014455469301 : Checking image 1 crop x1 297
1607785014455589502 : Checking image 1 crop y1 143
1607785014455624402 : Checking image 1 crop x2 2309
1607785014455655103 : Checking image 1 crop y2 3346
1607785019076745037 : Checking image 2 crop x1 157
1607785019076865040 : Checking image 2 crop y1 145
1607785019076899641 : Checking image 2 crop x2 2169
1607785019076931542 : Checking image 2 crop y2 3352
1607785019109511776 : Checking image 1 dpi 300
1607785019109622479 : Checking image 1 border top 127
1607785019109656880 : Checking image 1 border bottom 157
1607785019109686480 : Checking image 1 border left 224
1607785019109715881 : Checking image 1 border right 224
1607785019111869236 : Checking image 2 dpi 300
1607785019111953738 : Checking image 2 border top 133
1607785019111986139 : Checking image 2 border bottom 147
1607785019112015040 : Checking image 2 border left 224
1607785019112043841 : Checking image 2 border right 224

</system-out><system-err>--------------------------------- Captured Err ---------------------------------

</system-err></testcase><testcase classname="tests.test_images" name="test_wrong_split_line_png" time="42.991"><system-out>--------------------------------- Captured Log ---------------------------------

--------------------------------- Captured Out ---------------------------------
/home/runner/work/ocr-book/ocr-book/tests/wrong_split_line.png
1607785025524220774 : Checking separation double page angle 89.85895720607971
1607785025524319176 : Checking separation double page y=0 2463
1607785031318694839 : Checking page rotation 1 -0.14999999999999067
1607785037678147930 : Checking page rotation 2 0.65
1607785039843812308 : Checking image 1 crop x1 213
1607785039843930811 : Checking image 1 crop y1 157
1607785039843964512 : Checking image 1 crop x2 2323
1607785039843997513 : Checking image 1 crop y2 3362
1607785042224567359 : Checking image 2 crop x1 126
1607785042224695162 : Checking image 2 crop y1 167
1607785042224729462 : Checking image 2 crop x2 2237
1607785042224763163 : Checking image 2 crop y2 3372
1607785042256726892 : Checking image 1 dpi 300
1607785042256827994 : Checking image 1 border top 135
1607785042256861995 : Checking image 1 border bottom 147
1607785042256891995 : Checking image 1 border left 175
1607785042256921596 : Checking image 1 border right 175
1607785042259153247 : Checking image 2 dpi 300
1607785042259235949 : Checking image 2 border top 139
1607785042259267250 : Checking image 2 border bottom 143
1607785042259296050 : Checking image 2 border left 174
1607785042259325451 : Checking image 2 border right 174

</system-out><system-err>--------------------------------- Captured Err ---------------------------------

</system-err></testcase><testcase classname="tests.test_images" name="test_image_failed_to_rotate_png" time="57.328"><system-out>--------------------------------- Captured Log ---------------------------------

--------------------------------- Captured Out ---------------------------------
/home/runner/work/ocr-book/ocr-book/tests/image_failed_to_rotate.png
1607785048159058069 : Checking separation double page angle 90.19634423290289
1607785048159161771 : Checking separation double page y=0 2482
1607785052955259128 : Checking page rotation 1 0.35
1607785061088061797 : Checking page rotation 2 0.45
1607785071381037039 : Checking image 1 crop x1 34
1607785071381153541 : Checking image 1 crop y1 1
1607785071381190642 : Checking image 1 crop x2 2480
1607785071381222643 : Checking image 1 crop y2 3500
1607785076309320744 : Checking image 2 crop x1 169
1607785076309435146 : Checking image 2 crop y1 234
1607785076309469747 : Checking image 2 crop x2 2248
1607785076309502347 : Checking image 2 crop y2 3355
1607785076347482387 : Checking image 1 dpi 300
1607785076347590689 : Checking image 1 border top 4
1607785076347626490 : Checking image 1 border bottom 4
1607785076347655490 : Checking image 1 border left 17
1607785076347685591 : Checking image 1 border right 17
1607785076350036237 : Checking image 2 dpi 300
1607785076350120038 : Checking image 2 border top 221
1607785076350151839 : Checking image 2 border bottom 145
1607785076350181140 : Checking image 2 border left 190
1607785076350210340 : Checking image 2 border right 190

</system-out><system-err>--------------------------------- Captured Err ---------------------------------

</system-err></testcase><testcase classname="tests.test_images" name="test_crop_too_much_png" time="76.802"><system-out>--------------------------------- Captured Log ---------------------------------

--------------------------------- Captured Out ---------------------------------
/home/runner/work/ocr-book/ocr-book/tests/crop_too_much.png
1607785089693298227 : Checking separation double page angle 90.13239409272954
1607785089693403129 : Checking separation double page y=0 2453
1607785100428127321 : Checking page rotation 1 0.0
1607785111034817921 : Checking page rotation 2 0.45
1607785115131146701 : Checking image 1 crop x1 303
1607785115131262603 : Checking image 1 crop y1 148
1607785115131297003 : Checking image 1 crop x2 2313
1607785115131328304 : Checking image 1 crop y2 3351
1607785119002463443 : Checking image 2 crop x1 170
1607785119002572945 : Checking image 2 crop y1 155
1607785119002606446 : Checking image 2 crop x2 2181
1607785119002639246 : Checking image 2 crop y2 3359
1607785119045286744 : Checking image 1 dpi 300
1607785119045384346 : Checking image 1 border top 131
1607785119045417746 : Checking image 1 border bottom 153
1607785119045447247 : Checking image 1 border left 225
1607785119045476047 : Checking image 1 border right 225
1607785119047680483 : Checking image 2 dpi 300
1607785119047761085 : Checking image 2 border top 133
1607785119047791885 : Checking image 2 border bottom 150
1607785119047819886 : Checking image 2 border left 224
1607785119047848486 : Checking image 2 border right 224

</system-out><system-err>--------------------------------- Captured Err ---------------------------------

</system-err></testcase><testcase classname="tests.test_images" name="test_image_failed_to_crop_data_png" time="54.814"><system-out>--------------------------------- Captured Log ---------------------------------

--------------------------------- Captured Out ---------------------------------
/home/runner/work/ocr-book/ocr-book/tests/image_failed_to_crop_data.png
1607785104902640955 : Checking separation double page angle 89.91538216173362
1607785104902744156 : Checking separation double page y=0 2477
1607785110556084417 : Checking page rotation 1 0.2
1607785116360764206 : Checking page rotation 2 0.0
1607785126835909448 : Checking image 1 crop x1 58
1607785126836038751 : Checking image 1 crop y1 8
1607785126836075351 : Checking image 1 crop x2 2480
1607785126836108652 : Checking image 1 crop y2 3504
1607785131155015137 : Checking image 2 crop x1 159
1607785131155389443 : Checking image 2 crop y1 217
1607785131155424344 : Checking image 2 crop x2 2241
1607785131155458744 : Checking image 2 crop y2 3350
1607785131187882952 : Checking image 1 dpi 300
1607785131188250858 : Checking image 1 border top 6
1607785131188370360 : Checking image 1 border bottom 6
1607785131188449561 : Checking image 1 border left 29
1607785131188501362 : Checking image 1 border right 29
1607785131194077749 : Checking image 2 dpi 300
1607785131194230352 : Checking image 2 border top 206
1607785131194264652 : Checking image 2 border bottom 148
1607785131194345554 : Checking image 2 border left 189
1607785131194398354 : Checking image 2 border right 189

</system-out><system-err>--------------------------------- Captured Err ---------------------------------

</system-err></testcase><testcase classname="tests.test_images" name="test_crop_too_few_png" time="45.185"><system-out>--------------------------------- Captured Log ---------------------------------

--------------------------------- Captured Out ---------------------------------
/home/runner/work/ocr-book/ocr-book/tests/crop_too_few.png
1607785147661960783 : Checking separation double page angle 89.39669496435833
1607785147662064784 : Checking separation double page y=0 2510
1607785153409859236 : Checking page rotation 1 -0.7499999999999916
1607785159060335463 : Checking page rotation 2 0.05
1607785161675595905 : Checking image 1 crop x1 265
1607785161675713406 : Checking image 1 crop y1 152
1607785161675748007 : Checking image 1 crop x2 2375
1607785161675779807 : Checking image 1 crop y2 3356
1607785164217006114 : Checking image 2 crop x1 135
1607785164217121416 : Checking image 2 crop y1 141
1607785164217155316 : Checking image 2 crop x2 2261
1607785164217191417 : Checking image 2 crop y2 3345
1607785164250349683 : Checking image 1 dpi 300
1607785164250447084 : Checking image 1 border top 134
1607785164250481185 : Checking image 1 border bottom 149
1607785164250510385 : Checking image 1 border left 175
1607785164250539386 : Checking image 1 border right 175
1607785164253154922 : Checking image 2 dpi 300
1607785164253242924 : Checking image 2 border top 129
1607785164253274724 : Checking image 2 border bottom 154
1607785164253303125 : Checking image 2 border left 167
1607785164253331525 : Checking image 2 border right 167

</system-out><system-err>--------------------------------- Captured Err ---------------------------------

</system-err></testcase><testcase classname="tests.test_images" name="test_wrong_angle_split_line_png" time="63.796"><system-out>--------------------------------- Captured Log ---------------------------------

--------------------------------- Captured Out ---------------------------------
/home/runner/work/ocr-book/ocr-book/tests/wrong_angle_split_line.png
1607785161610470881 : Checking separation double page angle 90.0419342000635
1607785161610565882 : Checking separation double page y=0 2477
1607785168457790319 : Checking page rotation 1 0.2
1607785178064756158 : Checking page rotation 2 0.2
1607785189160573997 : Checking image 1 crop x1 61
1607785189160695599 : Checking image 1 crop y1 7
1607785189160732499 : Checking image 1 crop x2 2475
1607785189160765899 : Checking image 1 crop y2 3500
1607785194245044879 : Checking image 2 crop x1 165
1607785194245165781 : Checking image 2 crop y1 219
1607785194245200381 : Checking image 2 crop x2 2241
1607785194245232782 : Checking image 2 crop y2 3348
1607785194401461300 : Checking image 1 dpi 300
1607785194401571102 : Checking image 1 border top 7
1607785194401608302 : Checking image 1 border bottom 7
1607785194401637802 : Checking image 1 border left 33
1607785194401667603 : Checking image 1 border right 33
1607785194408942297 : Checking image 2 dpi 300
1607785194409052398 : Checking image 2 border top 207
1607785194409085299 : Checking image 2 border bottom 151
1607785194409118299 : Checking image 2 border left 192
1607785194409147399 : Checking image 2 border right 192

</system-out><system-err>--------------------------------- Captured Err ---------------------------------

</system-err></testcase><testcase classname="tests.test_images" name="test_crop_too_much_2_png" time="79.197"><system-out>--------------------------------- Captured Log ---------------------------------

--------------------------------- Captured Out ---------------------------------
/home/runner/work/ocr-book/ocr-book/tests/crop_too_much_2.png
1607785210722215422 : Checking separation double page angle 90.20211186462491
1607785210722319123 : Checking separation double page y=0 2477
1607785222931007352 : Checking page rotation 1 0.2
1607785234362889217 : Checking page rotation 2 0.2
1607785238389115290 : Checking image 1 crop x1 332
1607785238389237392 : Checking image 1 crop y1 131
1607785238389271492 : Checking image 1 crop x2 2342
1607785238389303692 : Checking image 1 crop y2 3336
1607785243370444419 : Checking image 2 crop x1 168
1607785243370559420 : Checking image 2 crop y1 139
1607785243370593221 : Checking image 2 crop x2 2181
1607785243370626121 : Checking image 2 crop y2 3345
1607785243419061381 : Checking image 1 dpi 300
1607785243419171782 : Checking image 1 border top 118
1607785243419205282 : Checking image 1 border bottom 164
1607785243419234783 : Checking image 1 border left 225
1607785243419265283 : Checking image 1 border right 225
1607785243422426419 : Checking image 2 dpi 300
1607785243422524421 : Checking image 2 border top 127
1607785243422557821 : Checking image 2 border bottom 154
1607785243422586821 : Checking image 2 border left 223
1607785243422617922 : Checking image 2 border right 223

</system-out><system-err>--------------------------------- Captured Err ---------------------------------

</system-err></testcase><testcase classname="tests.test_images" name="test_wrong_split_line_3_png" time="57.884"><system-out>--------------------------------- Captured Log ---------------------------------

--------------------------------- Captured Out ---------------------------------
/home/runner/work/ocr-book/ocr-book/tests/wrong_split_line_3.png
1607785232629931290 : Checking separation double page angle 90.43729500214694
1607785232630030891 : Checking separation double page y=0 2498
1607785241280557629 : Checking page rotation 1 0.30000000000000004
1607785247552250824 : Checking page rotation 2 0.9
1607785250295597871 : Checking image 1 crop x1 331
1607785250295719072 : Checking image 1 crop y1 165
1607785250295754072 : Checking image 1 crop x2 2375
1607785250295785873 : Checking image 1 crop y2 3376
1607785252907243561 : Checking image 2 crop x1 102
1607785252907366862 : Checking image 2 crop y1 208
1607785252907401862 : Checking image 2 crop x2 2133
1607785252907434163 : Checking image 2 crop y2 3413
1607785252941961655 : Checking image 1 dpi 300
1607785252942069256 : Checking image 1 border top 148
1607785252942103756 : Checking image 1 border bottom 128
1607785252942133256 : Checking image 1 border left 208
1607785252942163057 : Checking image 1 border right 208
1607785252944564784 : Checking image 2 dpi 300
1607785252944650785 : Checking image 2 border top 191
1607785252944681685 : Checking image 2 border bottom 91
1607785252944710686 : Checking image 2 border left 214
1607785252944739686 : Checking image 2 border right 214

</system-out><system-err>--------------------------------- Captured Err ---------------------------------

</system-err></testcase><testcase classname="tests.test_images" name="test_wrong_split_line_2_png" time="99.852"><system-out>--------------------------------- Captured Log ---------------------------------

--------------------------------- Captured Out ---------------------------------
/home/runner/work/ocr-book/ocr-book/tests/wrong_split_line_2.png
1607785301929630807 : Checking separation double page angle 90.38387862177287
1607785301929726408 : Checking separation double page y=0 2442
1607785314258512433 : Checking page rotation 1 0.05
1607785327630153226 : Checking page rotation 2 0.4
1607785334031262649 : Checking image 1 crop x1 294
1607785334031383850 : Checking image 1 crop y1 137
1607785334031418251 : Checking image 1 crop x2 2326
1607785334031449851 : Checking image 1 crop y2 3375
1607785343243444143 : Checking image 2 crop x1 146
1607785343243555544 : Checking image 2 crop y1 192
1607785343243589144 : Checking image 2 crop x2 2173
1607785343243621044 : Checking image 2 crop y2 3386
1607785343286755774 : Checking image 1 dpi 300
1607785343286856875 : Checking image 1 border top 124
1607785343286889075 : Checking image 1 border bottom 124
1607785343286917875 : Checking image 1 border left 214
1607785343286946576 : Checking image 1 border right 214
1607785343288837295 : Checking image 2 dpi 300
1607785343288917995 : Checking image 2 border top 185
1607785343288948296 : Checking image 2 border bottom 108
1607785343288976396 : Checking image 2 border left 216
1607785343289004996 : Checking image 2 border right 216

</system-out><system-err>--------------------------------- Captured Err ---------------------------------

</system-err></testcase><testcase classname="tests.test_images" name="test_wrong_wave_split_line_png" time="91.958"><system-out>--------------------------------- Captured Log ---------------------------------

--------------------------------- Captured Out ---------------------------------
/home/runner/work/ocr-book/ocr-book/tests/wrong_wave_split_line.png
1607785302324097436 : Checking separation double page angle 90.52878604107717
1607785302324216237 : Checking separation double page y=0 2502
1607785313180813825 : Checking page rotation 1 -0.14999999999999067
1607785323488702858 : Checking page rotation 2 0.85
1607785331164940870 : Checking image 1 crop x1 385
1607785331165063972 : Checking image 1 crop y1 179
1607785331165098472 : Checking image 1 crop x2 2411
1607785331165129372 : Checking image 1 crop y2 3374
1607785344843852267 : Checking image 2 crop x1 27
1607785344843965168 : Checking image 2 crop y1 1
1607785344844001668 : Checking image 2 crop x2 2489
1607785344844035069 : Checking image 2 crop y2 3505
1607785344894142067 : Checking image 1 dpi 300
1607785344894244868 : Checking image 1 border top 169
1607785344894280168 : Checking image 1 border bottom 123
1607785344894309669 : Checking image 1 border left 217
1607785344894338869 : Checking image 1 border right 217
1607785344896659992 : Checking image 2 dpi 300
1607785344896745593 : Checking image 2 border top 2
1607785344896782493 : Checking image 2 border bottom 2
1607785344896811293 : Checking image 2 border left 9
1607785344896841494 : Checking image 2 border right 9

</system-out><system-err>--------------------------------- Captured Err ---------------------------------

</system-err></testcase><testcase classname="tests.test_images" name="test_small_wave_png" time="67.484"><system-out>--------------------------------- Captured Log ---------------------------------

--------------------------------- Captured Out ---------------------------------
/home/runner/work/ocr-book/ocr-book/tests/small_wave.png
1607785386503135525 : Checking separation double page angle 90.61316928841565
1607785386503235726 : Checking separation double page y=0 2495
1607785396702263080 : Checking page rotation 1 0.7
1607785405488580684 : Checking page rotation 2 0.7
1607785407998178257 : Checking image 1 crop x1 322
1607785407998286658 : Checking image 1 crop y1 199
1607785407998320958 : Checking image 1 crop x2 2351
1607785407998352759 : Checking image 1 crop y2 3394
1607785410735167728 : Checking image 2 crop x1 135
1607785410735274829 : Checking image 2 crop y1 223
1607785410735309830 : Checking image 2 crop x2 2164
1607785410735341930 : Checking image 2 crop y2 3419
1607785410771852473 : Checking image 1 dpi 300
1607785410771943574 : Checking image 1 border top 178
1607785410771976075 : Checking image 1 border bottom 114
1607785410772005275 : Checking image 1 border left 215
1607785410772034275 : Checking image 1 border right 215
1607785410774703500 : Checking image 2 dpi 300
1607785410774787301 : Checking image 2 border top 196
1607785410774818701 : Checking image 2 border bottom 95
1607785410774847202 : Checking image 2 border left 215
1607785410774875502 : Checking image 2 border right 215

</system-out><system-err>--------------------------------- Captured Err ---------------------------------

</system-err></testcase><testcase classname="tests.test_images" name="test_no_split_line_line_algo_png" time="51.078"><system-out>--------------------------------- Captured Log ---------------------------------

--------------------------------- Captured Out ---------------------------------
/home/runner/work/ocr-book/ocr-book/tests/no_split_line_line_algo.png
1607785377106786838 : Checking separation double page angle 89.47691469185418
1607785377106883939 : Checking separation double page y=0 2476
1607785381697790938 : Checking page rotation 1 -0.14999999999999067
1607785390144466834 : Checking page rotation 2 -0.44999999999999746
1607785392463387751 : Checking image 1 crop x1 205
1607785392463509152 : Checking image 1 crop y1 158
1607785392463544352 : Checking image 1 crop x2 2320
1607785392463576352 : Checking image 1 crop y2 3366
1607785395951927751 : Checking image 2 crop x1 185
1607785395952049652 : Checking image 2 crop y1 221
1607785395952085053 : Checking image 2 crop x2 2201
1607785395952117353 : Checking image 2 crop y2 3366
1607785395990626719 : Checking image 1 dpi 300
1607785395990736520 : Checking image 1 border top 141
1607785395990771220 : Checking image 1 border bottom 138
1607785395990801521 : Checking image 1 border left 172
1607785395990830721 : Checking image 1 border right 172
1607785395993291944 : Checking image 2 dpi 300
1607785395993379545 : Checking image 2 border top 215
1607785395993411145 : Checking image 2 border bottom 127
1607785395993439846 : Checking image 2 border left 222
1607785395993469246 : Checking image 2 border right 222

</system-out><system-err>--------------------------------- Captured Err ---------------------------------

</system-err></testcase><testcase classname="tests.test_images" name="test_failed_split_line_line_algo_png" time="23.815"><system-out>--------------------------------- Captured Log ---------------------------------

--------------------------------- Captured Out ---------------------------------
/home/runner/work/ocr-book/ocr-book/tests/failed_split_line_line_algo.png
1607785411022282130 : Checking separation double page angle 90.0163422057325
1607785411022375930 : Checking separation double page y=0 2575
1607785414071166178 : Checking page rotation 1 -0.14999999999999067
1607785416095661470 : Checking page rotation 2 0.0
1607785418455014272 : Checking image 1 crop x1 407
1607785418455136873 : Checking image 1 crop y1 2925
1607785418455172274 : Checking image 1 crop x2 2419
1607785418455202674 : Checking image 1 crop y2 3174
1607785419829714036 : Checking image 2 crop x1 1184
1607785419829822837 : Checking image 2 crop y1 1744
1607785419829856337 : Checking image 2 crop x2 1185
1607785419829888938 : Checking image 2 crop y2 1745
1607785419830173740 : Checking image 1 dpi 300
1607785419830250541 : Checking image 1 border top 2917
1607785419830283941 : Checking image 1 border bottom 321
1607785419830313742 : Checking image 1 border left 224
1607785419830342742 : Checking image 1 border right 224
1607785419832121558 : Checking image 2 dpi 300
1607785419832233460 : Checking image 2 border top 1752
1607785419832265460 : Checking image 2 border bottom 1753
1607785419832294060 : Checking image 2 border left 1239
1607785419832322760 : Checking image 2 border right 1239

</system-out><system-err>--------------------------------- Captured Err ---------------------------------

</system-err></testcase><testcase classname="tests.test_images" name="test_failed_split_line_line_algo_2_png" time="68.570"><system-out>--------------------------------- Captured Log ---------------------------------

--------------------------------- Captured Out ---------------------------------
/home/runner/work/ocr-book/ocr-book/tests/failed_split_line_line_algo_2.png
1607785455603115067 : Checking separation double page angle 89.99134220573251
1607785455603204668 : Checking separation double page y=0 2498
1607785465004584324 : Checking page rotation 1 0.0
1607785473605612739 : Checking page rotation 2 0.6000000000000001
1607785476459278893 : Checking image 1 crop x1 272
1607785476459390094 : Checking image 1 crop y1 149
1607785476459423894 : Checking image 1 crop x2 2383
1607785476459455794 : Checking image 1 crop y2 3353
1607785479319905580 : Checking image 2 crop x1 121
1607785479320004581 : Checking image 2 crop y1 155
1607785479320050881 : Checking image 2 crop x2 2244
1607785479320081682 : Checking image 2 crop y2 3350
1607785479358677132 : Checking image 1 dpi 300
1607785479358780033 : Checking image 1 border top 139
1607785479358813433 : Checking image 1 border bottom 144
1607785479358842134 : Checking image 1 border left 174
1607785479358870734 : Checking image 1 border right 174
1607785479361068754 : Checking image 2 dpi 300
1607785479361150255 : Checking image 2 border top 136
1607785479361182855 : Checking image 2 border bottom 156
1607785479361211155 : Checking image 2 border left 168
1607785479361240955 : Checking image 2 border right 168

</system-out><system-err>--------------------------------- Captured Err ---------------------------------

</system-err></testcase><testcase classname="tests.test_images" name="test_crop_too_much_3_png" time="66.720"><system-out>--------------------------------- Captured Log ---------------------------------

--------------------------------- Captured Out ---------------------------------
/home/runner/work/ocr-book/ocr-book/tests/crop_too_much_3.png
1607785460362785381 : Checking separation double page angle 89.55580634783144
1607785460362889682 : Checking separation double page y=0 2499
1607785468204952235 : Checking page rotation 1 -0.9499999999999917
1607785478968999494 : Checking page rotation 2 -0.14999999999999067
1607785482566552038 : Checking image 1 crop x1 373
1607785482566674539 : Checking image 1 crop y1 258
1607785482566711040 : Checking image 1 crop x2 2386
1607785482566741940 : Checking image 1 crop y2 3458
1607785486479584994 : Checking image 2 crop x1 167
1607785486479706895 : Checking image 2 crop y1 228
1607785486479741595 : Checking image 2 crop x2 2180
1607785486479773295 : Checking image 2 crop y2 3417
1607785486522419281 : Checking image 1 dpi 300
1607785486522527782 : Checking image 1 border top 239
1607785486522562283 : Checking image 1 border bottom 48
1607785486522592083 : Checking image 1 border left 223
1607785486522623083 : Checking image 1 border right 223
1607785486524955604 : Checking image 2 dpi 300
1607785486525045905 : Checking image 2 border top 207
1607785486525078605 : Checking image 2 border bottom 91
1607785486525107306 : Checking image 2 border left 223
1607785486525136406 : Checking image 2 border right 223

</system-out><system-err>--------------------------------- Captured Err ---------------------------------

</system-err></testcase><testcase classname="tests.test_images" name="test_wrong_wave_split_line_2_png" time="69.496"><system-out>--------------------------------- Captured Log ---------------------------------

--------------------------------- Captured Out ---------------------------------
/home/runner/work/ocr-book/ocr-book/tests/wrong_wave_split_line_2.png
1607785524551647953 : Checking separation double page angle 90.7708958311329
1607785524551744054 : Checking separation double page y=0 2490
1607785532076537726 : Checking page rotation 1 0.4
1607785543006351164 : Checking page rotation 2 1.8
1607785545877083929 : Checking image 1 crop x1 224
1607785545877191231 : Checking image 1 crop y1 147
1607785545877225332 : Checking image 1 crop x2 2337
1607785545877256832 : Checking image 1 crop y2 3355
1607785548807433080 : Checking image 2 crop x1 107
1607785548807532182 : Checking image 2 crop y1 197
1607785548807579283 : Checking image 2 crop x2 2229
1607785548807611883 : Checking image 2 crop y2 3396
1607785548851387144 : Checking image 1 dpi 300
1607785548851484346 : Checking image 1 border top 133
1607785548851516546 : Checking image 1 border bottom 146
1607785548851545647 : Checking image 1 border left 173
1607785548851575248 : Checking image 1 border right 173
1607785548854275594 : Checking image 2 dpi 300
1607785548854358296 : Checking image 2 border top 167
1607785548854391096 : Checking image 2 border bottom 121
1607785548854419097 : Checking image 2 border left 169
1607785548854447697 : Checking image 2 border right 169

</system-out><system-err>--------------------------------- Captured Err ---------------------------------

</system-err></testcase><testcase classname="tests.test_images" name="test_wrong_wave_split_line_3_png" time="63.055"><system-out>--------------------------------- Captured Log ---------------------------------

--------------------------------- Captured Out ---------------------------------
/home/runner/work/ocr-book/ocr-book/tests/wrong_wave_split_line_3.png
1607785528086264746 : Checking separation double page angle 90.05867351615122
1607785528086367948 : Checking separation double page y=0 2510
1607785536973745299 : Checking page rotation 1 0.1
1607785544266840363 : Checking page rotation 2 0.35
1607785546911218476 : Checking image 1 crop x1 272
1607785546911338378 : Checking image 1 crop y1 219
1607785546911374678 : Checking image 1 crop x2 2383
1607785546911405579 : Checking image 1 crop y2 3423
1607785549539546893 : Checking image 2 crop x1 119
1607785549539666995 : Checking image 2 crop y1 226
1607785549539702095 : Checking image 2 crop x2 2240
1607785549539734596 : Checking image 2 crop y2 3413
1607785549575325014 : Checking image 1 dpi 300
1607785549575425515 : Checking image 1 border top 202
1607785549575459616 : Checking image 1 border bottom 81
1607785549575490317 : Checking image 1 border left 174
1607785549575519717 : Checking image 1 border right 174
1607785549577783656 : Checking image 2 dpi 300
1607785549577863358 : Checking image 2 border top 203
1607785549577894558 : Checking image 2 border bottom 97
1607785549577922859 : Checking image 2 border left 169
1607785549577951759 : Checking image 2 border right 169

</system-out><system-err>--------------------------------- Captured Err ---------------------------------

</system-err></testcase><testcase classname="tests.test_images" name="test_no_split_line_wave_algo_png" time="60.972"><system-out>--------------------------------- Captured Log ---------------------------------

--------------------------------- Captured Out ---------------------------------
/home/runner/work/ocr-book/ocr-book/tests/no_split_line_wave_algo.png
1607785580057812273 : Checking separation double page angle 89.93575909193096
1607785580057911474 : Checking separation double page y=0 2482
1607785585396765329 : Checking page rotation 1 0.0
1607785593893387103 : Checking page rotation 2 -0.5499999999999912
1607785603360745389 : Checking image 1 crop x1 97
1607785603360818990 : Checking image 1 crop y1 77
1607785603360850290 : Checking image 1 crop x2 2483
1607785603360880491 : Checking image 1 crop y2 3505
1607785609754370520 : Checking image 2 crop x1 164
1607785609754480422 : Checking image 2 crop y1 266
1607785609754514122 : Checking image 2 crop x2 2241
1607785609754545623 : Checking image 2 crop y2 3382
1607785609792268017 : Checking image 1 dpi 300
1607785609792375719 : Checking image 1 border top 40
1607785609792408019 : Checking image 1 border bottom 40
1607785609792437020 : Checking image 1 border left 47
1607785609792467520 : Checking image 1 border right 47
1607785609794785357 : Checking image 2 dpi 300
1607785609794870058 : Checking image 2 border top 254
1607785609794901158 : Checking image 2 border bottom 117
1607785609794929859 : Checking image 2 border left 191
1607785609794958359 : Checking image 2 border right 191

</system-out><system-err>--------------------------------- Captured Err ---------------------------------

</system-err></testcase><testcase classname="tests.test_images" name="test_no_split_line_wave_algo_2_png" time="54.563"><system-out>--------------------------------- Captured Log ---------------------------------

--------------------------------- Captured Out ---------------------------------
/home/runner/work/ocr-book/ocr-book/tests/no_split_line_wave_algo_2.png
1607785583493068759 : Checking separation double page angle 91.21822795596304
1607785583493172561 : Checking separation double page y=0 2488
1607785591153216109 : Checking page rotation 1 1.0999999999999999
1607785599086381027 : Checking page rotation 2 0.2
1607785601736852146 : Checking image 1 crop x1 266
1607785601736966148 : Checking image 1 crop y1 210
1607785601737003248 : Checking image 1 crop x2 2342
1607785601737035949 : Checking image 1 crop y2 3413
1607785604119383942 : Checking image 2 crop x1 199
1607785604119504344 : Checking image 2 crop y1 241
1607785604119538944 : Checking image 2 crop x2 2282
1607785604119570545 : Checking image 2 crop y2 3433
1607785604155512915 : Checking image 1 dpi 300
1607785604155609717 : Checking image 1 border top 194
1607785604155644117 : Checking image 1 border bottom 90
1607785604155673918 : Checking image 1 border left 192
1607785604155703618 : Checking image 1 border right 192
1607785604157842852 : Checking image 2 dpi 300
1607785604157920653 : Checking image 2 border top 226
1607785604157951054 : Checking image 2 border bottom 69
1607785604157979754 : Checking image 2 border left 188
1607785604158008755 : Checking image 2 border right 188

</system-out><system-err>--------------------------------- Captured Err ---------------------------------

</system-err></testcase><testcase classname="tests.test_images" name="test_failed_detect_rectangle_png" time="66.298"><system-out>--------------------------------- Captured Log ---------------------------------

--------------------------------- Captured Out ---------------------------------
/home/runner/work/ocr-book/ocr-book/tests/failed_detect_rectangle.png
1607785646097160803 : Checking separation double page angle 90.19837516213148
1607785646097261504 : Checking separation double page y=0 2471
1607785655194623633 : Checking page rotation 1 0.2
1607785664828788935 : Checking page rotation 2 0.2
1607785667466543680 : Checking image 1 crop x1 257
1607785667466658982 : Checking image 1 crop y1 201
1607785667466693883 : Checking image 1 crop x2 2333
1607785667466724283 : Checking image 1 crop y2 3402
1607785670401993100 : Checking image 2 crop x1 139
1607785670402114402 : Checking image 2 crop y1 215
1607785670402149902 : Checking image 2 crop x2 2222
1607785670402182803 : Checking image 2 crop y2 3406
1607785670444828519 : Checking image 1 dpi 300
1607785670444932321 : Checking image 1 border top 188
1607785670444967321 : Checking image 1 border bottom 98
1607785670444997222 : Checking image 1 border left 192
1607785670445026522 : Checking image 1 border right 192
1607785670447182653 : Checking image 2 dpi 300
1607785670447256554 : Checking image 2 border top 200
1607785670447287955 : Checking image 2 border bottom 95
1607785670447316655 : Checking image 2 border left 188
1607785670447345456 : Checking image 2 border right 188

</system-out><system-err>--------------------------------- Captured Err ---------------------------------

</system-err></testcase><testcase classname="tests.test_images" name="test_crop_too_few_2_png" time="48.659"><system-out>--------------------------------- Captured Log ---------------------------------

--------------------------------- Captured Out ---------------------------------
/home/runner/work/ocr-book/ocr-book/tests/crop_too_few_2.png
1607785641357403878 : Checking separation double page angle 90.25476192320097
1607785641357499080 : Checking separation double page y=0 2531
1607785646749492040 : Checking page rotation 1 1.2000000000000002
1607785653187591387 : Checking page rotation 2 -0.09999999999999377
1607785656037652562 : Checking image 1 crop x1 287
1607785656037764164 : Checking image 1 crop y1 165
1607785656037798564 : Checking image 1 crop x2 2398
1607785656037830465 : Checking image 1 crop y2 3368
1607785658472436576 : Checking image 2 crop x1 145
1607785658472551978 : Checking image 2 crop y1 188
1607785658472584679 : Checking image 2 crop x2 2271
1607785658472616479 : Checking image 2 crop y2 3386
1607785658506335874 : Checking image 1 dpi 300
1607785658506438076 : Checking image 1 border top 139
1607785658506470976 : Checking image 1 border bottom 145
1607785658506500277 : Checking image 1 border left 174
1607785658506529177 : Checking image 1 border right 174
1607785658508865011 : Checking image 2 dpi 300
1607785658508951413 : Checking image 2 border top 180
1607785658508982813 : Checking image 2 border bottom 109
1607785658509012014 : Checking image 2 border left 167
1607785658509040814 : Checking image 2 border right 167

</system-out><system-err>--------------------------------- Captured Err ---------------------------------

</system-err></testcase><testcase classname="tests.test_images" name="test_no_split_line_wave_algo_3_png" time="15.519"><system-out>--------------------------------- Captured Log ---------------------------------

--------------------------------- Captured Out ---------------------------------
/home/runner/work/ocr-book/ocr-book/tests/no_split_line_wave_algo_3.png
1607785666996946366 : Checking separation double page angle 90.16080821751345
1607785666997050267 : Checking separation double page y=0 2403
1607785669477089620 : Checking page rotation 1 0.0
1607785669857229523 : Checking page rotation 2 0.0
1607785673571517829 : Checking image 1 crop x1 184
1607785673571608330 : Checking image 1 crop y1 2957
1607785673571638030 : Checking image 1 crop x2 2201
1607785673571666031 : Checking image 1 crop y2 3202
1607785674010043543 : Checking image 2 crop x1 0
1607785674010104644 : Checking image 2 crop y1 0
1607785674010130044 : Checking image 2 crop x2 0
1607785674010154345 : Checking image 2 crop y2 0
1607785674010223846 : Checking image 1 dpi 300
1607785674010277746 : Checking image 1 border top 2950
1607785674010304747 : Checking image 1 border bottom 292
1607785674010330447 : Checking image 1 border left 221
1607785674010356648 : Checking image 1 border right 221
1607785674015045415 : Checking image 2 border top 0
1607785674015096016 : Checking image 2 border bottom 0
1607785674015121816 : Checking image 2 border left 0
1607785674015146817 : Checking image 2 border right 0

</system-out><system-err>--------------------------------- Captured Err ---------------------------------

</system-err></testcase><testcase classname="tests.test_images" name="test_single_page_png" time="20.515"><system-out>--------------------------------- Captured Log ---------------------------------

--------------------------------- Captured Out ---------------------------------
/home/runner/work/ocr-book/ocr-book/tests/single_page.png
1607785678779073059 : Checking separation double page angle 89.97500000000001
1607785678779187461 : Checking separation double page y=0 2469
1607785683342311237 : Checking page rotation 1 0.0
1607785683832738110 : Checking page rotation 2 0.0
1607785690182020390 : Checking image 1 crop x1 1
1607785690182106891 : Checking image 1 crop y1 9
1607785690182140391 : Checking image 1 crop x2 2464
1607785690182171092 : Checking image 1 crop y2 3505
1607785690693706902 : Checking image 2 crop x1 0
1607785690693773303 : Checking image 2 crop y1 0
1607785690693801503 : Checking image 2 crop x2 0
1607785690693828403 : Checking image 2 crop y2 0
1607785690693896304 : Checking image 1 dpi 300
1607785690693950805 : Checking image 1 border top 6
1607785690693983606 : Checking image 1 border bottom 6
1607785690694012206 : Checking image 1 border left 9
1607785690694041006 : Checking image 1 border right 9
1607785690699747187 : Checking image 2 border top 0
1607785690699803088 : Checking image 2 border bottom 0
1607785690699830688 : Checking image 2 border left 0
1607785690699859488 : Checking image 2 border right 0

</system-out><system-err>--------------------------------- Captured Err ---------------------------------

</system-err></testcase></testsuite></testsuites>