<?xml version="1.0" encoding="utf-8"?><testsuites><testsuite name="pytest" errors="0" failures="0" skipped="0" tests="36" time="541.675" timestamp="2021-01-06T19:14:53.751394" hostname="fv-az213-969"><testcase classname="tests.test_features" name="test_mock_stop_at_0" time="0.062"><system-out>--------------------------------- Captured Log ---------------------------------

--------------------------------- Captured Out ---------------------------------
/home/runner/work/ocr-book/ocr-book/tests/0001_0.png

</system-out><system-err>--------------------------------- Captured Err ---------------------------------

</system-err></testcase><testcase classname="tests.test_features" name="test_disabled_enable_debug" time="31.825"><system-out>--------------------------------- Captured Log ---------------------------------

--------------------------------- Captured Out ---------------------------------
/home/runner/work/ocr-book/ocr-book/tests/0001_debug.png
separation double page angle 90.5528088189967
separation double page y=0 2485
page rotation 1 0.5499999999999999
page rotation 2 0.2
image 1 crop x1 327
image 1 crop y1 334
image 1 crop x2 2346
image 1 crop y2 3221
image 2 crop x1 169
image 2 crop y1 648
image 2 crop x2 2186
image 2 crop y2 3361
image 1 dpi 300
image 1 border top 332
image 1 border bottom 268
image 1 border left 220
image 1 border right 220
image 2 dpi 300
image 2 border top 643
image 2 border bottom 131
image 2 border left 221
image 2 border right 221

</system-out><system-err>--------------------------------- Captured Err ---------------------------------

</system-err></testcase><testcase classname="tests.test_features" name="test_mock_stop_at_2" time="27.932"><system-out>--------------------------------- Captured Log ---------------------------------

--------------------------------- Captured Out ---------------------------------
/home/runner/work/ocr-book/ocr-book/tests/0001_2.png
separation double page angle 90.5528088189967
separation double page y=0 2485
page rotation 1 0.5499999999999999
page rotation 2 0.2

</system-out><system-err>--------------------------------- Captured Err ---------------------------------

</system-err></testcase><testcase classname="tests.test_features" name="test_mock_stop_at_4" time="31.255"><system-out>--------------------------------- Captured Log ---------------------------------

--------------------------------- Captured Out ---------------------------------
/home/runner/work/ocr-book/ocr-book/tests/0001_4.png
separation double page angle 90.5528088189967
separation double page y=0 2485
page rotation 1 0.5499999999999999
page rotation 2 0.2
image 1 crop x1 327
image 1 crop y1 334
image 1 crop x2 2346
image 1 crop y2 3221
image 2 crop x1 169
image 2 crop y1 648
image 2 crop x2 2186
image 2 crop y2 3361
image 1 dpi 300
image 1 border top 332
image 1 border bottom 268
image 1 border left 220
image 1 border right 220
image 2 dpi 300
image 2 border top 643
image 2 border bottom 131
image 2 border left 221
image 2 border right 221

</system-out><system-err>--------------------------------- Captured Err ---------------------------------

</system-err></testcase><testcase classname="tests.test_features" name="test_mock_stop_at_1" time="25.160"><system-out>--------------------------------- Captured Log ---------------------------------

--------------------------------- Captured Out ---------------------------------
/home/runner/work/ocr-book/ocr-book/tests/0001_1.png
separation double page angle 90.5528088189967
separation double page y=0 2485

</system-out><system-err>--------------------------------- Captured Err ---------------------------------

</system-err></testcase><testcase classname="tests.test_features" name="test_mock_stop_at_3" time="31.338"><system-out>--------------------------------- Captured Log ---------------------------------

--------------------------------- Captured Out ---------------------------------
/home/runner/work/ocr-book/ocr-book/tests/0001_3.png
separation double page angle 90.5528088189967
separation double page y=0 2485
page rotation 1 0.5499999999999999
page rotation 2 0.2
image 1 crop x1 327
image 1 crop y1 334
image 1 crop x2 2346
image 1 crop y2 3221
image 2 crop x1 169
image 2 crop y1 648
image 2 crop x2 2186
image 2 crop y2 3361

</system-out><system-err>--------------------------------- Captured Err ---------------------------------

</system-err></testcase><testcase classname="tests.test_images" name="test_0001_png" time="30.055"><system-out>--------------------------------- Captured Log ---------------------------------

--------------------------------- Captured Out ---------------------------------
/home/runner/work/ocr-book/ocr-book/tests/0001.png
1609960578715114515 : Checking separation double page angle 90.5528088189967
1609960578715221116 : Checking separation double page y=0 2485
1609960579666052065 : Checking page rotation 1 0.5499999999999999
1609960580876672248 : Checking page rotation 2 0.2
1609960582736919745 : Checking image 1 crop x1 327
1609960582737022046 : Checking image 1 crop y1 334
1609960582737052246 : Checking image 1 crop x2 2346
1609960582737080746 : Checking image 1 crop y2 3221
1609960584156330718 : Checking image 2 crop x1 169
1609960584156433919 : Checking image 2 crop y1 648
1609960584156467619 : Checking image 2 crop x2 2186
1609960584156496719 : Checking image 2 crop y2 3361
1609960584156647620 : Checking image 1 dpi 300
1609960584156710221 : Checking image 1 border top 332
1609960584156739121 : Checking image 1 border bottom 268
1609960584156767021 : Checking image 1 border left 220
1609960584156794821 : Checking image 1 border right 220
1609960584158782233 : Checking image 2 dpi 300
1609960584158867334 : Checking image 2 border top 643
1609960584158904234 : Checking image 2 border bottom 131
1609960584158936034 : Checking image 2 border left 221
1609960584158976835 : Checking image 2 border right 221

</system-out><system-err>--------------------------------- Captured Err ---------------------------------

</system-err></testcase><testcase classname="tests.test_features" name="test_mock_stop_at_5" time="32.932"><system-out>--------------------------------- Captured Log ---------------------------------

--------------------------------- Captured Out ---------------------------------
/home/runner/work/ocr-book/ocr-book/tests/0001_5.png
separation double page angle 90.5528088189967
separation double page y=0 2485
page rotation 1 0.5499999999999999
page rotation 2 0.2
image 1 crop x1 327
image 1 crop y1 334
image 1 crop x2 2346
image 1 crop y2 3221
image 2 crop x1 169
image 2 crop y1 648
image 2 crop x2 2186
image 2 crop y2 3361
image 1 dpi 300
image 1 border top 332
image 1 border bottom 268
image 1 border left 220
image 1 border right 220
image 2 dpi 300
image 2 border top 643
image 2 border bottom 131
image 2 border left 221
image 2 border right 221

</system-out><system-err>--------------------------------- Captured Err ---------------------------------

</system-err></testcase><testcase classname="tests.test_images" name="test_black_border_not_removed_png" time="34.130"><system-out>--------------------------------- Captured Log ---------------------------------

--------------------------------- Captured Out ---------------------------------
/home/runner/work/ocr-book/ocr-book/tests/black-border-not-removed.png
1609960611053533911 : Checking separation double page angle 90.033171103531
1609960611053634211 : Checking separation double page y=0 2455
1609960612147402811 : Checking page rotation 1 0.0
1609960613553773954 : Checking page rotation 2 0.05
1609960616240070153 : Checking image 1 crop x1 297
1609960616240198454 : Checking image 1 crop y1 143
1609960616240237754 : Checking image 1 crop x2 2309
1609960616240272854 : Checking image 1 crop y2 3346
1609960618282918053 : Checking image 2 crop x1 157
1609960618283032553 : Checking image 2 crop y1 145
1609960618283070054 : Checking image 2 crop x2 2170
1609960618283104954 : Checking image 2 crop y2 3351
1609960618283267055 : Checking image 1 dpi 300
1609960618283338355 : Checking image 1 border top 132
1609960618283370755 : Checking image 1 border bottom 152
1609960618283401756 : Checking image 1 border left 224
1609960618283432856 : Checking image 1 border right 224
1609960618285577769 : Checking image 2 dpi 300
1609960618285666270 : Checking image 2 border top 134
1609960618285702170 : Checking image 2 border bottom 147
1609960618285733470 : Checking image 2 border left 223
1609960618285764470 : Checking image 2 border right 223

</system-out><system-err>--------------------------------- Captured Err ---------------------------------

</system-err></testcase><testcase classname="tests.test_images" name="test_2_pages_2_contours_png" time="19.996"><system-out>--------------------------------- Captured Log ---------------------------------

--------------------------------- Captured Out ---------------------------------
/home/runner/work/ocr-book/ocr-book/tests/2-pages-2-contours.png
1609960631864567348 : Checking separation double page angle 90.09036871657068
1609960631864679048 : Checking separation double page y=0 2486
1609960632442235150 : Checking page rotation 1 0.0
1609960633475040310 : Checking page rotation 2 0.2
1609960634306591751 : Checking image 1 crop x1 1191
1609960634306683452 : Checking image 1 crop y1 1750
1609960634306717752 : Checking image 1 crop x2 1192
1609960634306749652 : Checking image 1 crop y2 1751
1609960636121939713 : Checking image 2 crop x1 99
1609960636122051414 : Checking image 2 crop y1 240
1609960636122088614 : Checking image 2 crop x2 2147
1609960636122123214 : Checking image 2 crop y2 3240
1609960636122305815 : Checking image 1 dpi 300
1609960636122371216 : Checking image 1 border top 1752
1609960636122404516 : Checking image 1 border bottom 1753
1609960636122437716 : Checking image 1 border left 1239
1609960636122469116 : Checking image 1 border right 1239
1609960636123652224 : Checking image 2 dpi 300
1609960636123729624 : Checking image 2 border top 229
1609960636123761824 : Checking image 2 border bottom 258
1609960636123793924 : Checking image 2 border left 206
1609960636123825025 : Checking image 2 border right 206

</system-out><system-err>--------------------------------- Captured Err ---------------------------------

</system-err></testcase><testcase classname="tests.test_images" name="test_image_failed_to_rotate_png" time="37.343"><system-out>--------------------------------- Captured Log ---------------------------------

--------------------------------- Captured Out ---------------------------------
/home/runner/work/ocr-book/ocr-book/tests/image_failed_to_rotate.png
1609960643930491908 : Checking separation double page angle 90.26767669076624
1609960643930613809 : Checking separation double page y=0 2480
1609960646125391606 : Checking page rotation 1 0.45
1609960647284791737 : Checking page rotation 2 0.2
1609960653108039724 : Checking image 1 crop x1 31
1609960653108150924 : Checking image 1 crop y1 1
1609960653108213125 : Checking image 1 crop x2 2478
1609960653108245525 : Checking image 1 crop y2 3504
1609960655527054987 : Checking image 2 crop x1 169
1609960655527175088 : Checking image 2 crop y1 231
1609960655527216388 : Checking image 2 crop x2 2257
1609960655527254088 : Checking image 2 crop y2 3358
1609960655527430489 : Checking image 1 dpi 300
1609960655527513190 : Checking image 1 border top 2
1609960655527550990 : Checking image 1 border bottom 2
1609960655527585190 : Checking image 1 border left 17
1609960655527619190 : Checking image 1 border right 17
1609960655529710703 : Checking image 2 dpi 300
1609960655529802404 : Checking image 2 border top 218
1609960655529841404 : Checking image 2 border bottom 142
1609960655529875304 : Checking image 2 border left 186
1609960655529909105 : Checking image 2 border right 186

</system-out><system-err>--------------------------------- Captured Err ---------------------------------

</system-err></testcase><testcase classname="tests.test_images" name="test_wrong_split_line_png" time="24.841"><system-out>--------------------------------- Captured Log ---------------------------------

--------------------------------- Captured Out ---------------------------------
/home/runner/work/ocr-book/ocr-book/tests/wrong_split_line.png
1609960655796952756 : Checking separation double page angle 89.93395720607973
1609960655797064957 : Checking separation double page y=0 2465
1609960656674985988 : Checking page rotation 1 -0.04999999999999689
1609960657612648788 : Checking page rotation 2 0.5499999999999999
1609960658925752710 : Checking image 1 crop x1 211
1609960658925868011 : Checking image 1 crop y1 156
1609960658925907611 : Checking image 1 crop x2 2323
1609960658925951711 : Checking image 1 crop y2 3363
1609960660959859678 : Checking image 2 crop x1 125
1609960660959976779 : Checking image 2 crop y1 166
1609960660960016779 : Checking image 2 crop x2 2236
1609960660960055880 : Checking image 2 crop y2 3373
1609960660960271081 : Checking image 1 dpi 300
1609960660960340781 : Checking image 1 border top 134
1609960660960375282 : Checking image 1 border bottom 146
1609960660960410882 : Checking image 1 border left 174
1609960660960444782 : Checking image 1 border right 174
1609960660962594495 : Checking image 2 dpi 300
1609960660962674296 : Checking image 2 border top 146
1609960660962709796 : Checking image 2 border bottom 134
1609960660962743896 : Checking image 2 border left 174
1609960660962777396 : Checking image 2 border right 174

</system-out><system-err>--------------------------------- Captured Err ---------------------------------

</system-err></testcase><testcase classname="tests.test_images" name="test_image_failed_to_crop_data_png" time="49.569"><system-out>--------------------------------- Captured Log ---------------------------------

--------------------------------- Captured Out ---------------------------------
/home/runner/work/ocr-book/ocr-book/tests/image_failed_to_crop_data.png
1609960686732868408 : Checking separation double page angle 90.053197600644
1609960686732984609 : Checking separation double page y=0 2480
1609960691906537828 : Checking page rotation 1 0.15000000000000002
1609960692756920984 : Checking page rotation 2 0.0
1609960702682297986 : Checking image 1 crop x1 51
1609960702682422986 : Checking image 1 crop y1 7
1609960702682481687 : Checking image 1 crop x2 2478
1609960702682518987 : Checking image 1 crop y2 3505
1609960705140341545 : Checking image 2 crop x1 160
1609960705140459246 : Checking image 2 crop y1 217
1609960705140503846 : Checking image 2 crop x2 2242
1609960705140534546 : Checking image 2 crop y2 3350
1609960705140687647 : Checking image 1 dpi 300
1609960705140756648 : Checking image 1 border top 5
1609960705140787448 : Checking image 1 border bottom 5
1609960705140815048 : Checking image 1 border left 27
1609960705140843048 : Checking image 1 border right 27
1609960705142871161 : Checking image 2 dpi 300
1609960705142953861 : Checking image 2 border top 206
1609960705142987262 : Checking image 2 border bottom 148
1609960705143020662 : Checking image 2 border left 189
1609960705143051862 : Checking image 2 border right 189

</system-out><system-err>--------------------------------- Captured Err ---------------------------------

</system-err></testcase><testcase classname="tests.test_images" name="test_crop_too_much_png" time="39.730"><system-out>--------------------------------- Captured Log ---------------------------------

--------------------------------- Captured Out ---------------------------------
/home/runner/work/ocr-book/ocr-book/tests/crop_too_much.png
1609960694292683477 : Checking separation double page angle 90.13239409272954
1609960694292791278 : Checking separation double page y=0 2455
1609960695765154679 : Checking page rotation 1 0.0
1609960697242963114 : Checking page rotation 2 0.2
1609960699191447056 : Checking image 1 crop x1 303
1609960699191547057 : Checking image 1 crop y1 148
1609960699191579457 : Checking image 1 crop x2 2313
1609960699191609457 : Checking image 1 crop y2 3351
1609960700685454070 : Checking image 2 crop x1 162
1609960700685556071 : Checking image 2 crop y1 151
1609960700685589971 : Checking image 2 crop x2 2186
1609960700685620171 : Checking image 2 crop y2 3363
1609960700685784672 : Checking image 1 dpi 300
1609960700685841273 : Checking image 1 border top 132
1609960700685869673 : Checking image 1 border bottom 152
1609960700685897973 : Checking image 1 border left 225
1609960700685926373 : Checking image 1 border right 225
1609960700688032786 : Checking image 2 dpi 300
1609960700688106987 : Checking image 2 border top 132
1609960700688135887 : Checking image 2 border bottom 143
1609960700688163487 : Checking image 2 border left 218
1609960700688208987 : Checking image 2 border right 218

</system-out><system-err>--------------------------------- Captured Err ---------------------------------

</system-err></testcase><testcase classname="tests.test_images" name="test_crop_too_few_png" time="24.829"><system-out>--------------------------------- Captured Log ---------------------------------

--------------------------------- Captured Out ---------------------------------
/home/runner/work/ocr-book/ocr-book/tests/crop_too_few.png
1609960720429804654 : Checking separation double page angle 89.54670238452755
1609960720429900754 : Checking separation double page y=0 2512
1609960721255064338 : Checking page rotation 1 -0.6000000000000009
1609960722238999199 : Checking page rotation 2 0.0
1609960723839238343 : Checking image 1 crop x1 263
1609960723839350644 : Checking image 1 crop y1 150
1609960723839387544 : Checking image 1 crop x2 2379
1609960723839422044 : Checking image 1 crop y2 3358
1609960725536793968 : Checking image 2 crop x1 137
1609960725536900268 : Checking image 2 crop y1 141
1609960725536934769 : Checking image 2 crop x2 2259
1609960725536966869 : Checking image 2 crop y2 3345
1609960725537149270 : Checking image 1 dpi 300
1609960725537214370 : Checking image 1 border top 130
1609960725537243671 : Checking image 1 border bottom 149
1609960725537272771 : Checking image 1 border left 172
1609960725537302071 : Checking image 1 border right 172
1609960725539463384 : Checking image 2 dpi 300
1609960725539540185 : Checking image 2 border top 130
1609960725539570385 : Checking image 2 border bottom 153
1609960725539599385 : Checking image 2 border left 169
1609960725539627885 : Checking image 2 border right 169

</system-out><system-err>--------------------------------- Captured Err ---------------------------------

</system-err></testcase><testcase classname="tests.test_images" name="test_wrong_angle_split_line_png" time="29.353"><system-out>--------------------------------- Captured Log ---------------------------------

--------------------------------- Captured Out ---------------------------------
/home/runner/work/ocr-book/ocr-book/tests/wrong_angle_split_line.png
1609960722035480245 : Checking separation double page angle 90.09193420006348
1609960722035591046 : Checking separation double page y=0 2478
1609960723294300096 : Checking page rotation 1 0.1
1609960724323271015 : Checking page rotation 2 0.1
1609960729639793764 : Checking image 1 crop x1 58
1609960729639908065 : Checking image 1 crop y1 6
1609960729639943165 : Checking image 1 crop x2 2476
1609960729639974166 : Checking image 1 crop y2 3501
1609960733839356847 : Checking image 2 crop x1 166
1609960733839484248 : Checking image 2 crop y1 218
1609960733839523948 : Checking image 2 crop x2 2244
1609960733839562148 : Checking image 2 crop y2 3349
1609960733839749049 : Checking image 1 dpi 300
1609960733839834750 : Checking image 1 border top 6
1609960733839874550 : Checking image 1 border bottom 6
1609960733839908850 : Checking image 1 border left 31
1609960733839943050 : Checking image 1 border right 31
1609960733847275795 : Checking image 2 dpi 300
1609960733847384496 : Checking image 2 border top 207
1609960733847415096 : Checking image 2 border bottom 149
1609960733847443196 : Checking image 2 border left 191
1609960733847471097 : Checking image 2 border right 191

</system-out><system-err>--------------------------------- Captured Err ---------------------------------

</system-err></testcase><testcase classname="tests.test_images" name="test_crop_too_much_2_png" time="47.285"><system-out>--------------------------------- Captured Log ---------------------------------

--------------------------------- Captured Out ---------------------------------
/home/runner/work/ocr-book/ocr-book/tests/crop_too_much_2.png
1609960764690669488 : Checking separation double page angle 90.1149074900787
1609960764690782288 : Checking separation double page y=0 2478
1609960766043468709 : Checking page rotation 1 0.15000000000000002
1609960767884399733 : Checking page rotation 2 0.2
1609960769922537170 : Checking image 1 crop x1 330
1609960769922658871 : Checking image 1 crop y1 132
1609960769922698971 : Checking image 1 crop x2 2342
1609960769922734471 : Checking image 1 crop y2 3335
1609960772759748726 : Checking image 2 crop x1 162
1609960772759872227 : Checking image 2 crop y1 139
1609960772759911727 : Checking image 2 crop x2 2175
1609960772759948927 : Checking image 2 crop y2 3345
1609960772760151429 : Checking image 1 dpi 300
1609960772760243029 : Checking image 1 border top 122
1609960772760278329 : Checking image 1 border bottom 162
1609960772760312430 : Checking image 1 border left 224
1609960772760346530 : Checking image 1 border right 224
1609960772762525343 : Checking image 2 dpi 300
1609960772762601544 : Checking image 2 border top 130
1609960772762630844 : Checking image 2 border bottom 151
1609960772762659444 : Checking image 2 border left 223
1609960772762687144 : Checking image 2 border right 223

</system-out><system-err>--------------------------------- Captured Err ---------------------------------

</system-err></testcase><testcase classname="tests.test_images" name="test_angle_page_lower_split_line_png" time="30.957"><system-out>--------------------------------- Captured Log ---------------------------------

--------------------------------- Captured Out ---------------------------------
/home/runner/work/ocr-book/ocr-book/tests/angle_page_lower_split_line.png
1609960759001235248 : Checking separation double page angle 89.74927707086691
1609960759001347749 : Checking separation double page y=0 2474
1609960760388585963 : Checking page rotation 1 -0.14999999999999067
1609960761608604350 : Checking page rotation 2 0.1
1609960763657770134 : Checking image 1 crop x1 241
1609960763657892135 : Checking image 1 crop y1 156
1609960763657932235 : Checking image 1 crop x2 2357
1609960763657969535 : Checking image 1 crop y2 3368
1609960765532255264 : Checking image 2 crop x1 149
1609960765532370865 : Checking image 2 crop y1 146
1609960765532407665 : Checking image 2 crop x2 2259
1609960765532443565 : Checking image 2 crop y2 3351
1609960765532621467 : Checking image 1 dpi 300
1609960765532690367 : Checking image 1 border top 140
1609960765532719167 : Checking image 1 border bottom 135
1609960765532747167 : Checking image 1 border left 172
1609960765532774868 : Checking image 1 border right 172
1609960765534771580 : Checking image 2 dpi 300
1609960765534854380 : Checking image 2 border top 129
1609960765534891081 : Checking image 2 border bottom 152
1609960765534922781 : Checking image 2 border left 175
1609960765534954181 : Checking image 2 border right 175

</system-out><system-err>--------------------------------- Captured Err ---------------------------------

</system-err></testcase><testcase classname="tests.test_images" name="test_wrong_wave_split_line_png" time="45.202"><system-out>--------------------------------- Captured Log ---------------------------------

--------------------------------- Captured Out ---------------------------------
/home/runner/work/ocr-book/ocr-book/tests/wrong_wave_split_line.png
1609960799424958755 : Checking separation double page angle 90.37878604107719
1609960799425070655 : Checking separation double page y=0 2500
1609960800653920422 : Checking page rotation 1 -0.14999999999999067
1609960801879073665 : Checking page rotation 2 0.9
1609960806028746417 : Checking image 1 crop x1 385
1609960806028870618 : Checking image 1 crop y1 179
1609960806028910418 : Checking image 1 crop x2 2411
1609960806028945918 : Checking image 1 crop y2 3374
1609960810716370782 : Checking image 2 crop x1 17
1609960810716496183 : Checking image 2 crop y1 8
1609960810716537483 : Checking image 2 crop x2 2399
1609960810716576283 : Checking image 2 crop y2 3391
1609960810716740084 : Checking image 1 dpi 300
1609960810716820185 : Checking image 1 border top 173
1609960810716855885 : Checking image 1 border bottom 119
1609960810716889985 : Checking image 1 border left 217
1609960810716924185 : Checking image 1 border right 217
1609960810719039399 : Checking image 2 dpi 300
1609960810719138499 : Checking image 2 border top 0
1609960810719178599 : Checking image 2 border bottom 114
1609960810719212900 : Checking image 2 border left 49
1609960810719246500 : Checking image 2 border right 49

</system-out><system-err>--------------------------------- Captured Err ---------------------------------

</system-err></testcase><testcase classname="tests.test_images" name="test_wrong_split_line_2_png" time="46.330"><system-out>--------------------------------- Captured Log ---------------------------------

--------------------------------- Captured Out ---------------------------------
/home/runner/work/ocr-book/ocr-book/tests/wrong_split_line_2.png
1609960806865960172 : Checking separation double page angle 90.19944704411863
1609960806866068273 : Checking separation double page y=0 2437
1609960808400304020 : Checking page rotation 1 0.2
1609960810014579961 : Checking page rotation 2 0.2
1609960813412154083 : Checking image 1 crop x1 294
1609960813412303784 : Checking image 1 crop y1 136
1609960813412339084 : Checking image 1 crop x2 2325
1609960813412375384 : Checking image 1 crop y2 3376
1609960819130061195 : Checking image 2 crop x1 136
1609960819130166995 : Checking image 2 crop y1 190
1609960819130217196 : Checking image 2 crop x2 2172
1609960819130251596 : Checking image 2 crop y2 3389
1609960819130445297 : Checking image 1 dpi 300
1609960819130512497 : Checking image 1 border top 131
1609960819130544598 : Checking image 1 border bottom 116
1609960819130575798 : Checking image 1 border left 214
1609960819130607398 : Checking image 1 border right 214
1609960819132698511 : Checking image 2 dpi 300
1609960819132776311 : Checking image 2 border top 181
1609960819132805712 : Checking image 2 border bottom 107
1609960819132834012 : Checking image 2 border left 212
1609960819132861412 : Checking image 2 border right 212

</system-out><system-err>--------------------------------- Captured Err ---------------------------------

</system-err></testcase><testcase classname="tests.test_images" name="test_no_split_line_line_algo_png" time="29.465"><system-out>--------------------------------- Captured Log ---------------------------------

--------------------------------- Captured Out ---------------------------------
/home/runner/work/ocr-book/ocr-book/tests/no_split_line_line_algo.png
1609960833217439850 : Checking separation double page angle 89.47691469185418
1609960833217546751 : Checking separation double page y=0 2476
1609960834111822758 : Checking page rotation 1 -0.14999999999999067
1609960835464282487 : Checking page rotation 2 -0.14999999999999067
1609960836775879065 : Checking image 1 crop x1 205
1609960836775994665 : Checking image 1 crop y1 158
1609960836776031966 : Checking image 1 crop x2 2320
1609960836776068266 : Checking image 1 crop y2 3366
1609960840197681338 : Checking image 2 crop x1 185
1609960840197805838 : Checking image 2 crop y1 225
1609960840197857839 : Checking image 2 crop x2 2204
1609960840197892739 : Checking image 2 crop y2 3362
1609960840198087340 : Checking image 1 dpi 300
1609960840198193141 : Checking image 1 border top 144
1609960840198228141 : Checking image 1 border bottom 134
1609960840198262441 : Checking image 1 border left 172
1609960840198296541 : Checking image 1 border right 172
1609960840200517655 : Checking image 2 dpi 300
1609960840200609856 : Checking image 2 border top 223
1609960840200646156 : Checking image 2 border bottom 127
1609960840200680156 : Checking image 2 border left 220
1609960840200714356 : Checking image 2 border right 220

</system-out><system-err>--------------------------------- Captured Err ---------------------------------

</system-err></testcase><testcase classname="tests.test_images" name="test_small_wave_png" time="39.296"><system-out>--------------------------------- Captured Log ---------------------------------

--------------------------------- Captured Out ---------------------------------
/home/runner/work/ocr-book/ocr-book/tests/small_wave.png
1609960853413377405 : Checking separation double page angle 90.58816928841564
1609960853413482105 : Checking separation double page y=0 2497
1609960854893433816 : Checking page rotation 1 0.65
1609960856156843993 : Checking page rotation 2 0.65
1609960857258011772 : Checking image 1 crop x1 320
1609960857258130173 : Checking image 1 crop y1 199
1609960857258170473 : Checking image 1 crop x2 2353
1609960857258205773 : Checking image 1 crop y2 3394
1609960858439495545 : Checking image 2 crop x1 130
1609960858439592945 : Checking image 2 crop y1 222
1609960858439625646 : Checking image 2 crop x2 2163
1609960858439657046 : Checking image 2 crop y2 3420
1609960858439817847 : Checking image 1 dpi 300
1609960858439879147 : Checking image 1 border top 179
1609960858439907547 : Checking image 1 border bottom 112
1609960858439935448 : Checking image 1 border left 213
1609960858439963148 : Checking image 1 border right 213
1609960858441987860 : Checking image 2 dpi 300
1609960858442062661 : Checking image 2 border top 197
1609960858442091361 : Checking image 2 border bottom 92
1609960858442119761 : Checking image 2 border left 213
1609960858442147561 : Checking image 2 border right 213

</system-out><system-err>--------------------------------- Captured Err ---------------------------------

</system-err></testcase><testcase classname="tests.test_images" name="test_failed_split_line_line_algo_png" time="15.775"><system-out>--------------------------------- Captured Log ---------------------------------

--------------------------------- Captured Out ---------------------------------
/home/runner/work/ocr-book/ocr-book/tests/failed_split_line_line_algo.png
1609960852439245808 : Checking separation double page angle 90.04134220573248
1609960852439351409 : Checking separation double page y=0 2573
1609960853085512086 : Checking page rotation 1 -0.09999999999999377
1609960853585360163 : Checking page rotation 2 0.1
1609960855161562766 : Checking image 1 crop x1 408
1609960855161674567 : Checking image 1 crop y1 2926
1609960855161710467 : Checking image 1 crop x2 2420
1609960855161741667 : Checking image 1 crop y2 3173
1609960856003348748 : Checking image 2 crop x1 1184
1609960856003452749 : Checking image 2 crop y1 1745
1609960856003487049 : Checking image 2 crop x2 1185
1609960856003520549 : Checking image 2 crop y2 1746
1609960856003653450 : Checking image 1 dpi 300
1609960856003730251 : Checking image 1 border top 2922
1609960856003763051 : Checking image 1 border bottom 318
1609960856003794751 : Checking image 1 border left 224
1609960856003825851 : Checking image 1 border right 224
1609960856005572062 : Checking image 2 dpi 300
1609960856005650062 : Checking image 2 border top 1753
1609960856005683663 : Checking image 2 border bottom 1753
1609960856005712563 : Checking image 2 border left 1239
1609960856005741263 : Checking image 2 border right 1239

</system-out><system-err>--------------------------------- Captured Err ---------------------------------

</system-err></testcase><testcase classname="tests.test_images" name="test_failed_split_line_line_algo_2_png" time="34.214"><system-out>--------------------------------- Captured Log ---------------------------------

--------------------------------- Captured Out ---------------------------------
/home/runner/work/ocr-book/ocr-book/tests/failed_split_line_line_algo_2.png
1609960885210045960 : Checking separation double page angle 90.03068774449687
1609960885210153160 : Checking separation double page y=0 2500
1609960886471101542 : Checking page rotation 1 0.05
1609960887606728749 : Checking page rotation 2 0.5499999999999999
1609960888880304608 : Checking image 1 crop x1 271
1609960888880434409 : Checking image 1 crop y1 149
1609960888880474709 : Checking image 1 crop x2 2382
1609960888880511910 : Checking image 1 crop y2 3354
1609960890185604263 : Checking image 2 crop x1 120
1609960890185728164 : Checking image 2 crop y1 155
1609960890185767364 : Checking image 2 crop x2 2244
1609960890185804864 : Checking image 2 crop y2 3350
1609960890185979065 : Checking image 1 dpi 300
1609960890186058166 : Checking image 1 border top 141
1609960890186093766 : Checking image 1 border bottom 141
1609960890186127966 : Checking image 1 border left 174
1609960890186161767 : Checking image 1 border right 174
1609960890188277880 : Checking image 2 dpi 300
1609960890188366480 : Checking image 2 border top 140
1609960890188402680 : Checking image 2 border bottom 152
1609960890188436681 : Checking image 2 border left 168
1609960890188470281 : Checking image 2 border right 168

</system-out><system-err>--------------------------------- Captured Err ---------------------------------

</system-err></testcase><testcase classname="tests.test_images" name="test_wrong_split_line_3_png" time="31.652"><system-out>--------------------------------- Captured Log ---------------------------------

--------------------------------- Captured Out ---------------------------------
/home/runner/work/ocr-book/ocr-book/tests/wrong_split_line_3.png
1609960884846796018 : Checking separation double page angle 90.43729500214694
1609960884846895619 : Checking separation double page y=0 2498
1609960886142644515 : Checking page rotation 1 0.2
1609960887187032759 : Checking page rotation 2 0.85
1609960888582271569 : Checking image 1 crop x1 331
1609960888582386370 : Checking image 1 crop y1 166
1609960888582425970 : Checking image 1 crop x2 2377
1609960888582462270 : Checking image 1 crop y2 3375
1609960890099286330 : Checking image 2 crop x1 102
1609960890099403131 : Checking image 2 crop y1 207
1609960890099442531 : Checking image 2 crop x2 2135
1609960890099480832 : Checking image 2 crop y2 3414
1609960890099666433 : Checking image 1 dpi 300
1609960890099737233 : Checking image 1 border top 158
1609960890099771533 : Checking image 1 border bottom 120
1609960890099805434 : Checking image 1 border left 207
1609960890099839534 : Checking image 1 border right 207
1609960890101874346 : Checking image 2 dpi 300
1609960890101956847 : Checking image 2 border top 186
1609960890102020447 : Checking image 2 border bottom 94
1609960890102054948 : Checking image 2 border left 213
1609960890102088648 : Checking image 2 border right 213

</system-out><system-err>--------------------------------- Captured Err ---------------------------------

</system-err></testcase><testcase classname="tests.test_images" name="test_wrong_wave_split_line_2_png" time="37.575"><system-out>--------------------------------- Captured Log ---------------------------------

--------------------------------- Captured Out ---------------------------------
/home/runner/work/ocr-book/ocr-book/tests/wrong_wave_split_line_2.png
1609960921471092712 : Checking separation double page angle 90.7708958311329
1609960921471200613 : Checking separation double page y=0 2490
1609960922625332022 : Checking page rotation 1 0.2
1609960924024858039 : Checking page rotation 2 1.65
1609960925352687911 : Checking image 1 crop x1 227
1609960925352809812 : Checking image 1 crop y1 147
1609960925352842812 : Checking image 1 crop x2 2342
1609960925352874513 : Checking image 1 crop y2 3353
1609960927669368970 : Checking image 2 crop x1 106
1609960927669499871 : Checking image 2 crop y1 195
1609960927669536171 : Checking image 2 crop x2 2231
1609960927669578271 : Checking image 2 crop y2 3398
1609960927669738072 : Checking image 1 dpi 300
1609960927669796573 : Checking image 1 border top 136
1609960927669825173 : Checking image 1 border bottom 145
1609960927669852973 : Checking image 1 border left 172
1609960927669880573 : Checking image 1 border right 172
1609960927671996586 : Checking image 2 dpi 300
1609960927672070487 : Checking image 2 border top 165
1609960927672099087 : Checking image 2 border bottom 118
1609960927672126987 : Checking image 2 border left 167
1609960927672155587 : Checking image 2 border right 167

</system-out><system-err>--------------------------------- Captured Err ---------------------------------

</system-err></testcase><testcase classname="tests.test_images" name="test_crop_too_much_3_png" time="35.879"><system-out>--------------------------------- Captured Log ---------------------------------

--------------------------------- Captured Out ---------------------------------
/home/runner/work/ocr-book/ocr-book/tests/crop_too_much_3.png
1609960919859549486 : Checking separation double page angle 89.49330634783144
1609960919859653386 : Checking separation double page y=0 2498
1609960920840656929 : Checking page rotation 1 -0.8999999999999949
1609960922343931888 : Checking page rotation 2 -0.14999999999999067
1609960924300438035 : Checking image 1 crop x1 374
1609960924300565436 : Checking image 1 crop y1 258
1609960924300605136 : Checking image 1 crop x2 2385
1609960924300640536 : Checking image 1 crop y2 3459
1609960926076960269 : Checking image 2 crop x1 168
1609960926077077070 : Checking image 2 crop y1 228
1609960926077113870 : Checking image 2 crop x2 2181
1609960926077150270 : Checking image 2 crop y2 3417
1609960926077321171 : Checking image 1 dpi 300
1609960926077393572 : Checking image 1 border top 239
1609960926077426172 : Checking image 1 border bottom 47
1609960926077458072 : Checking image 1 border left 224
1609960926077489372 : Checking image 1 border right 224
1609960926079533385 : Checking image 2 dpi 300
1609960926079618686 : Checking image 2 border top 209
1609960926079652586 : Checking image 2 border bottom 89
1609960926079684586 : Checking image 2 border left 223
1609960926079718286 : Checking image 2 border right 223

</system-out><system-err>--------------------------------- Captured Err ---------------------------------

</system-err></testcase><testcase classname="tests.test_images" name="test_no_split_line_wave_algo_png" time="47.260"><system-out>--------------------------------- Captured Log ---------------------------------

--------------------------------- Captured Out ---------------------------------
/home/runner/work/ocr-book/ocr-book/tests/no_split_line_wave_algo.png
1609960954144457701 : Checking separation double page angle 89.72500000000001
1609960954144552001 : Checking separation double page y=0 2484
1609960957461340160 : Checking page rotation 1 0.0
1609960958585305698 : Checking page rotation 2 -0.44999999999999746
1609960967880953226 : Checking image 1 crop x1 97
1609960967881037526 : Checking image 1 crop y1 79
1609960967881068127 : Checking image 1 crop x2 2494
1609960967881097427 : Checking image 1 crop y2 3505
1609960973299637518 : Checking image 2 crop x1 163
1609960973299744619 : Checking image 2 crop y1 267
1609960973299777819 : Checking image 2 crop x2 2238
1609960973299809420 : Checking image 2 crop y2 3380
1609960973299964120 : Checking image 1 dpi 300
1609960973300031821 : Checking image 1 border top 41
1609960973300060621 : Checking image 1 border bottom 41
1609960973300087921 : Checking image 1 border left 42
1609960973300115521 : Checking image 1 border right 42
1609960973302219334 : Checking image 2 dpi 300
1609960973302310735 : Checking image 2 border top 256
1609960973302347335 : Checking image 2 border bottom 118
1609960973302378435 : Checking image 2 border left 192
1609960973302409736 : Checking image 2 border right 192

</system-out><system-err>--------------------------------- Captured Err ---------------------------------

</system-err></testcase><testcase classname="tests.test_images" name="test_wrong_wave_split_line_3_png" time="33.092"><system-out>--------------------------------- Captured Log ---------------------------------

--------------------------------- Captured Out ---------------------------------
/home/runner/work/ocr-book/ocr-book/tests/wrong_wave_split_line_3.png
1609960955710335451 : Checking separation double page angle 90.05826063695574
1609960955710440852 : Checking separation double page y=0 2514
1609960956942798459 : Checking page rotation 1 0.0
1609960957919583689 : Checking page rotation 2 0.2
1609960959583715661 : Checking image 1 crop x1 274
1609960959583819362 : Checking image 1 crop y1 221
1609960959583852062 : Checking image 1 crop x2 2383
1609960959583881062 : Checking image 1 crop y2 3422
1609960960788540398 : Checking image 2 crop x1 112
1609960960788652799 : Checking image 2 crop y1 225
1609960960788689799 : Checking image 2 crop x2 2238
1609960960788725700 : Checking image 2 crop y2 3415
1609960960788915801 : Checking image 1 dpi 300
1609960960788982901 : Checking image 1 border top 201
1609960960789015101 : Checking image 1 border bottom 85
1609960960789046802 : Checking image 1 border left 175
1609960960789078502 : Checking image 1 border right 175
1609960960791111714 : Checking image 2 dpi 300
1609960960791184015 : Checking image 2 border top 207
1609960960791213015 : Checking image 2 border bottom 90
1609960960791240915 : Checking image 2 border left 167
1609960960791268215 : Checking image 2 border right 167

</system-out><system-err>--------------------------------- Captured Err ---------------------------------

</system-err></testcase><testcase classname="tests.test_images" name="test_crop_too_few_2_png" time="27.611"><system-out>--------------------------------- Captured Log ---------------------------------

--------------------------------- Captured Out ---------------------------------
/home/runner/work/ocr-book/ocr-book/tests/crop_too_few_2.png
1609960982670876583 : Checking separation double page angle 90.30476192320097
1609960982670973284 : Checking separation double page y=0 2531
1609960983737684547 : Checking page rotation 1 1.0999999999999999
1609960984854425817 : Checking page rotation 2 -0.04999999999999689
1609960986496086317 : Checking image 1 crop x1 289
1609960986496234418 : Checking image 1 crop y1 165
1609960986496272918 : Checking image 1 crop x2 2400
1609960986496306518 : Checking image 1 crop y2 3367
1609960988404491363 : Checking image 2 crop x1 149
1609960988404616164 : Checking image 2 crop y1 189
1609960988404654764 : Checking image 2 crop x2 2273
1609960988404692164 : Checking image 2 crop y2 3386
1609960988404896466 : Checking image 1 dpi 300
1609960988404970266 : Checking image 1 border top 157
1609960988405004866 : Checking image 1 border bottom 128
1609960988405039466 : Checking image 1 border left 174
1609960988405074867 : Checking image 1 border right 174
1609960988407178780 : Checking image 2 dpi 300
1609960988407262580 : Checking image 2 border top 181
1609960988407301180 : Checking image 2 border bottom 109
1609960988407334981 : Checking image 2 border left 168
1609960988407368381 : Checking image 2 border right 168

</system-out><system-err>--------------------------------- Captured Err ---------------------------------

</system-err></testcase><testcase classname="tests.test_images" name="test_no_split_line_wave_algo_2_png" time="26.628"><system-out>--------------------------------- Captured Log ---------------------------------

--------------------------------- Captured Out ---------------------------------
/home/runner/work/ocr-book/ocr-book/tests/no_split_line_wave_algo_2.png
1609960995221671240 : Checking separation double page angle 90.54999999999998
1609960995221785640 : Checking separation double page y=0 2478
1609960996300018581 : Checking page rotation 1 1.0999999999999999
1609960997422473694 : Checking page rotation 2 0.2
1609960998803110298 : Checking image 1 crop x1 266
1609960998803231099 : Checking image 1 crop y1 210
1609960998803268099 : Checking image 1 crop x2 2342
1609960998803305499 : Checking image 1 crop y2 3413
1609960999975790221 : Checking image 2 crop x1 168
1609960999975909121 : Checking image 2 crop y1 241
1609960999975948421 : Checking image 2 crop x2 2251
1609960999975983322 : Checking image 2 crop y2 3433
1609960999976150123 : Checking image 1 dpi 300
1609960999976242223 : Checking image 1 border top 192
1609960999976276224 : Checking image 1 border bottom 91
1609960999976308124 : Checking image 1 border left 192
1609960999976339624 : Checking image 1 border right 192
1609960999978428437 : Checking image 2 dpi 300
1609960999978514837 : Checking image 2 border top 224
1609960999978548938 : Checking image 2 border bottom 71
1609960999978581338 : Checking image 2 border left 188
1609960999978613038 : Checking image 2 border right 188

</system-out><system-err>--------------------------------- Captured Err ---------------------------------

</system-err></testcase><testcase classname="tests.test_images" name="test_failed_detect_rectangle_png" time="32.804"><system-out>--------------------------------- Captured Log ---------------------------------

--------------------------------- Captured Out ---------------------------------
/home/runner/work/ocr-book/ocr-book/tests/failed_detect_rectangle.png
1609961015026152612 : Checking separation double page angle 90.19837516213148
1609961015026267613 : Checking separation double page y=0 2474
1609961016166521736 : Checking page rotation 1 0.2
1609961017661699345 : Checking page rotation 2 0.15000000000000002
1609961018859163120 : Checking image 1 crop x1 257
1609961018859279221 : Checking image 1 crop y1 201
1609961018859320221 : Checking image 1 crop x2 2333
1609961018859356921 : Checking image 1 crop y2 3402
1609961021190647679 : Checking image 2 crop x1 135
1609961021190778980 : Checking image 2 crop y1 214
1609961021190820581 : Checking image 2 crop x2 2219
1609961021190857281 : Checking image 2 crop y2 3406
1609961021191040782 : Checking image 1 dpi 300
1609961021191112182 : Checking image 1 border top 188
1609961021191146883 : Checking image 1 border bottom 97
1609961021191180683 : Checking image 1 border left 192
1609961021191214683 : Checking image 1 border right 192
1609961021193373396 : Checking image 2 dpi 300
1609961021193464597 : Checking image 2 border top 202
1609961021193500497 : Checking image 2 border bottom 93
1609961021193535397 : Checking image 2 border left 188
1609961021193568897 : Checking image 2 border right 188

</system-out><system-err>--------------------------------- Captured Err ---------------------------------

</system-err></testcase><testcase classname="tests.test_images" name="test_single_page_png" time="6.673"><system-out>--------------------------------- Captured Log ---------------------------------

--------------------------------- Captured Out ---------------------------------
/home/runner/work/ocr-book/ocr-book/tests/single_page.png
1609961003841857432 : Checking separation double page angle 90.04999999999998
1609961003841989533 : Checking separation double page y=0 2476
1609961004656589749 : Checking page rotation 1 0.0
1609961004778437300 : Checking page rotation 2 0.0
1609961006198789947 : Checking image 1 crop x1 1
1609961006198887047 : Checking image 1 crop y1 8
1609961006198919648 : Checking image 1 crop x2 2470
1609961006198950248 : Checking image 1 crop y2 3505
1609961006323223713 : Checking image 2 crop x1 0
1609961006323322414 : Checking image 2 crop y1 0
1609961006323350514 : Checking image 2 crop x2 0
1609961006323377214 : Checking image 2 crop y2 0
1609961006323436614 : Checking image 1 dpi 300
1609961006323501115 : Checking image 1 border top 5
1609961006323534515 : Checking image 1 border bottom 5
1609961006323563115 : Checking image 1 border left 6
1609961006323592315 : Checking image 1 border right 6
1609961006329519852 : Checking image 2 border top 0
1609961006329585952 : Checking image 2 border bottom 0
1609961006329613252 : Checking image 2 border left 0
1609961006329640953 : Checking image 2 border right 0

</system-out><system-err>--------------------------------- Captured Err ---------------------------------

</system-err></testcase><testcase classname="tests.test_images" name="test_wrong_split_line_4_png" time="15.395"><system-out>--------------------------------- Captured Log ---------------------------------

--------------------------------- Captured Out ---------------------------------
/home/runner/work/ocr-book/ocr-book/tests/wrong_split_line_4.png
1609961018763891233 : Checking separation double page angle 91.04999999999998
1609961018763990734 : Checking separation double page y=0 60
1609961018847838850 : Checking page rotation 1 1.0
1609961019887041151 : Checking page rotation 2 1.05
1609961020284663300 : Checking image 1 crop x1 0
1609961020284739100 : Checking image 1 crop y1 0
1609961020284767900 : Checking image 1 crop x2 0
1609961020284794500 : Checking image 1 crop y2 0
1609961022098310570 : Checking image 2 crop x1 291
1609961022098432070 : Checking image 2 crop y1 330
1609961022098469571 : Checking image 2 crop x2 2316
1609961022098504671 : Checking image 2 crop y2 3217
1609961022098674072 : Checking image 1 border top 0
1609961022098710672 : Checking image 1 border bottom 0
1609961022098742572 : Checking image 1 border left 0
1609961022098772472 : Checking image 1 border right 0
1609961022098821373 : Checking image 2 dpi 300
1609961022098890173 : Checking image 2 border top 322
1609961022098923473 : Checking image 2 border bottom 278
1609961022098954074 : Checking image 2 border left 217
1609961022098986074 : Checking image 2 border right 217

</system-out><system-err>--------------------------------- Captured Err ---------------------------------

</system-err></testcase><testcase classname="tests.test_images" name="test_no_split_line_wave_algo_3_png" time="9.351"><system-out>--------------------------------- Captured Log ---------------------------------

--------------------------------- Captured Out ---------------------------------
/home/runner/work/ocr-book/ocr-book/tests/no_split_line_wave_algo_3.png
1609961028709110995 : Checking separation double page angle 90.14999999999998
1609961028709220396 : Checking separation double page y=0 2408
1609961029519143291 : Checking page rotation 1 -0.09999999999999377
1609961029654504426 : Checking page rotation 2 0.0
1609961030197580075 : Checking image 1 crop x1 182
1609961030197655676 : Checking image 1 crop y1 2955
1609961030197683976 : Checking image 1 crop x2 2199
1609961030197710176 : Checking image 1 crop y2 3203
1609961030559249606 : Checking image 2 crop x1 0
1609961030559330106 : Checking image 2 crop y1 0
1609961030559354506 : Checking image 2 crop x2 0
1609961030559377507 : Checking image 2 crop y2 0
1609961030559448707 : Checking image 1 dpi 300
1609961030559524207 : Checking image 1 border top 2951
1609961030559556008 : Checking image 1 border bottom 288
1609961030559587408 : Checking image 1 border left 221
1609961030559618308 : Checking image 1 border right 221
1609961030564182936 : Checking image 2 border top 0
1609961030564235236 : Checking image 2 border bottom 0
1609961030564259137 : Checking image 2 border left 0
1609961030564283537 : Checking image 2 border right 0

</system-out><system-err>--------------------------------- Captured Err ---------------------------------

</system-err></testcase><testcase classname="tests.test_images" name="test_failed_split_line_line_algo_3_png" time="11.405"><system-out>--------------------------------- Captured Log ---------------------------------

--------------------------------- Captured Out ---------------------------------
/home/runner/work/ocr-book/ocr-book/tests/failed_split_line_line_algo_3.png
1609961031447496084 : Checking separation double page angle 90.0
1609961031447630385 : Checking separation double page y=0 40
1609961031513485691 : Checking page rotation 1 0.0
1609961032093254567 : Checking page rotation 2 -0.04999999999999689
1609961032332685643 : Checking image 1 crop x1 0
1609961032332754144 : Checking image 1 crop y1 0
1609961032332780844 : Checking image 1 crop x2 0
1609961032332806244 : Checking image 1 crop y2 0
1609961033524512394 : Checking image 2 crop x1 247
1609961033524594295 : Checking image 2 crop y1 153
1609961033524629295 : Checking image 2 crop x2 2260
1609961033524662795 : Checking image 2 crop y2 3360
1609961033524760696 : Checking image 1 border top 0
1609961033524793896 : Checking image 1 border bottom 0
1609961033524833196 : Checking image 1 border left 0
1609961033524859796 : Checking image 1 border right 0
1609961033524897096 : Checking image 2 dpi 300
1609961033524947797 : Checking image 2 border top 144
1609961033524975897 : Checking image 2 border bottom 136
1609961033525002797 : Checking image 2 border left 223
1609961033525029897 : Checking image 2 border right 223

</system-out><system-err>--------------------------------- Captured Err ---------------------------------

</system-err></testcase></testsuite></testsuites>