<?xml version="1.0" encoding="utf-8"?><testsuites><testsuite errors="0" failures="0" hostname="travis-job-e0f21eb8-91b5-49b9-bf46-865db99abb53" name="pytest" skipped="0" tests="4" time="545.716" timestamp="2020-10-19T13:46:58.435755"><testcase classname="tests.test_images" name="test_0001_png" time="61.343"><system-out>--------------------------------- Captured Log ---------------------------------

--------------------------------- Captured Out ---------------------------------
0001.png
1603115258013238431 : Checking separation double page angle 90.55285531542692
1603115258013383196 : Checking separation double page y=0 2485
1603115267268495757 : Checking page rotation 1 0.7373305530706303
1603115278640933448 : Checking page rotation 2 0.16366951180068876
1603115279278925776 : Checking image 1 crop x1 331
1603115279279015542 : Checking image 1 crop y1 336
1603115279279050626 : Checking image 1 crop x2 2342
1603115279279083417 : Checking image 1 crop y2 3223
1603115279914093425 : Checking image 2 crop x1 170
1603115279914197716 : Checking image 2 crop y1 649
1603115279914242507 : Checking image 2 crop x2 2184
1603115279914285412 : Checking image 2 crop y2 3361
1603115279967463183 : Checking image 1 dpi 300
1603115279967622911 : Checking image 1 recadre haut 324
1603115279967660822 : Checking image 1 recadre bas 276
1603115279967694164 : Checking image 1 recadre gauche 224
1603115279967727162 : Checking image 1 recadre droite 224
1603115279969728129 : Checking image 2 dpi 300
1603115279969895411 : Checking image 2 recadre haut 674
1603115279969930476 : Checking image 2 recadre bas 101
1603115279969963985 : Checking image 2 recadre gauche 223
1603115279969996405 : Checking image 2 recadre droite 223

</system-out><system-err>--------------------------------- Captured Err ---------------------------------

</system-err></testcase><testcase classname="tests.test_images" name="test_2_pages_2_contours_png" time="29.707"><system-out>--------------------------------- Captured Log ---------------------------------

--------------------------------- Captured Out ---------------------------------
2-pages-2-contours.png
1603115299485545902 : Checking separation double page angle 90.2210765693812
1603115299485637486 : Checking separation double page y=0 2487
1603115300333275695 : Checking page rotation 1 0.08368996715487577
1603115308617864746 : Checking page rotation 2 0.2596174801002939
1603115309095215280 : Checking image 1 crop x1 1185
1603115309095285424 : Checking image 1 crop y1 1720
1603115309095320511 : Checking image 1 crop x2 1186
1603115309095362910 : Checking image 1 crop y2 1721
1603115309661795414 : Checking image 2 crop x1 108
1603115309661876010 : Checking image 2 crop y1 241
1603115309661910106 : Checking image 2 crop x2 2154
1603115309661943499 : Checking image 2 crop y2 3240
1603115309688575069 : Checking image 1 dpi 300
1603115309688700432 : Checking image 1 recadre haut 1752
1603115309688736055 : Checking image 1 recadre bas 1753
1603115309688761961 : Checking image 1 recadre gauche 1239
1603115309688787052 : Checking image 1 recadre droite 1239
1603115309690182768 : Checking image 2 dpi 300
1603115309690303125 : Checking image 2 recadre haut 240
1603115309690331523 : Checking image 2 recadre bas 248
1603115309690357099 : Checking image 2 recadre gauche 207
1603115309690381741 : Checking image 2 recadre droite 207

</system-out><system-err>--------------------------------- Captured Err ---------------------------------

</system-err></testcase><testcase classname="tests.test_images" name="test_black_border_not_removed_png" time="74.678"><system-out>--------------------------------- Captured Log ---------------------------------

--------------------------------- Captured Out ---------------------------------
black-border-not-removed.png
1603115358094269055 : Checking separation double page angle 89.96520148719509
1603115358094395449 : Checking separation double page y=0 2454
1603115367819042242 : Checking page rotation 1 0.012926055410434633
1603115382879137981 : Checking page rotation 2 -0.10329084947001053
1603115383576964071 : Checking image 1 crop x1 298
1603115383577054393 : Checking image 1 crop y1 143
1603115383577088692 : Checking image 1 crop x2 2308
1603115383577121716 : Checking image 1 crop y2 3346
1603115384289799819 : Checking image 2 crop x1 158
1603115384289896972 : Checking image 2 crop y1 144
1603115384289931079 : Checking image 2 crop x2 2172
1603115384289964297 : Checking image 2 crop y2 3353
1603115384352881727 : Checking image 1 dpi 300
1603115384353016597 : Checking image 1 recadre haut 127
1603115384353047725 : Checking image 1 recadre bas 157
1603115384353073518 : Checking image 1 recadre gauche 225
1603115384353098977 : Checking image 1 recadre droite 225
1603115384354745752 : Checking image 2 dpi 300
1603115384354880284 : Checking image 2 recadre haut 132
1603115384354908728 : Checking image 2 recadre bas 146
1603115384354934121 : Checking image 2 recadre gauche 223
1603115384354959039 : Checking image 2 recadre droite 223

</system-out><system-err>--------------------------------- Captured Err ---------------------------------

</system-err></testcase><testcase classname="tests.test_images" name="test_image_failed_to_rotate_png" time="378.925"><system-out>--------------------------------- Captured Log ---------------------------------

--------------------------------- Captured Out ---------------------------------
image_failed_to_rotate.png
1603115412641182888 : Checking separation double page angle 90.44047961375287
1603115412641280135 : Checking separation double page y=0 2495
1603115415208990899 : Checking page rotation 1 0.40194312869130805
1603115424905492302 : Checking page rotation 2 0.3482554401679422
1603115762415582460 : Checking image 1 crop x1 194
1603115762415687842 : Checking image 1 crop y1 9
1603115762415723380 : Checking image 1 crop x2 2439
1603115762415757522 : Checking image 1 crop y2 3453
1603115763077950031 : Checking image 2 crop x1 169
1603115763078044671 : Checking image 2 crop y1 234
1603115763078078792 : Checking image 2 crop x2 2250
1603115763078112304 : Checking image 2 crop y2 3356
1603115763212247748 : Checking image 1 dpi 300
1603115763212376938 : Checking image 1 recadre haut 32
1603115763212406607 : Checking image 1 recadre bas 32
1603115763212432009 : Checking image 1 recadre gauche 118
1603115763212457391 : Checking image 1 recadre droite 118
1603115763214509561 : Checking image 2 dpi 300
1603115763214632992 : Checking image 2 recadre haut 205
1603115763214660910 : Checking image 2 recadre bas 160
1603115763214686475 : Checking image 2 recadre gauche 189
1603115763214711549 : Checking image 2 recadre droite 189

</system-out><system-err>--------------------------------- Captured Err ---------------------------------

</system-err></testcase></testsuite></testsuites>