<?xml version="1.0" encoding="utf-8"?><testsuites><testsuite errors="0" failures="0" hostname="travis-job-1278b020-0f46-4984-8c7c-37fc32569513" name="pytest" skipped="1" tests="13" time="665.723" timestamp="2020-11-08T13:15:41.051838"><testcase classname="tests.test_features" name="test_disabled_enable_debug" time="54.998"><system-out>--------------------------------- Captured Log ---------------------------------

--------------------------------- Captured Out ---------------------------------
/home/travis/build/bansan85/ocr-book/tests/0001_debug.png
separation double page angle 90.62846302565308
separation double page y=0 2485
page rotation 1 0.75
page rotation 2 0.2
image 1 crop x1 332
image 1 crop y1 337
image 1 crop x2 2342
image 1 crop y2 3223
image 2 crop x1 175
image 2 crop y1 649
image 2 crop x2 2189
image 2 crop y2 3360
image 1 dpi 300
image 1 border top 325
image 1 border bottom 276
image 1 border left 225
image 1 border right 225
image 2 dpi 300
image 2 border top 672
image 2 border bottom 104
image 2 border left 223
image 2 border right 223

</system-out><system-err>--------------------------------- Captured Err ---------------------------------

</system-err></testcase><testcase classname="tests.test_features" name="test_mock_stop_at_0" time="0.034"><system-out>--------------------------------- Captured Log ---------------------------------

--------------------------------- Captured Out ---------------------------------
/home/travis/build/bansan85/ocr-book/tests/0001_0.png

</system-out><system-err>--------------------------------- Captured Err ---------------------------------

</system-err></testcase><testcase classname="tests.test_features" name="test_mock_stop_at_1" time="34.548"><system-out>--------------------------------- Captured Log ---------------------------------

--------------------------------- Captured Out ---------------------------------
/home/travis/build/bansan85/ocr-book/tests/0001_1.png
separation double page angle 90.62846302565308
separation double page y=0 2485

</system-out><system-err>--------------------------------- Captured Err ---------------------------------

</system-err></testcase><testcase classname="tests.test_features" name="test_mock_stop_at_2" time="58.081"><system-out>--------------------------------- Captured Log ---------------------------------

--------------------------------- Captured Out ---------------------------------
/home/travis/build/bansan85/ocr-book/tests/0001_2.png
separation double page angle 90.62846302565308
separation double page y=0 2485
page rotation 1 0.75
page rotation 2 0.2

</system-out><system-err>--------------------------------- Captured Err ---------------------------------

</system-err></testcase><testcase classname="tests.test_features" name="test_mock_stop_at_3" time="58.914"><system-out>--------------------------------- Captured Log ---------------------------------

--------------------------------- Captured Out ---------------------------------
/home/travis/build/bansan85/ocr-book/tests/0001_3.png
separation double page angle 90.62846302565308
separation double page y=0 2485
page rotation 1 0.75
page rotation 2 0.2
image 1 crop x1 332
image 1 crop y1 337
image 1 crop x2 2342
image 1 crop y2 3223
image 2 crop x1 175
image 2 crop y1 649
image 2 crop x2 2189
image 2 crop y2 3360

</system-out><system-err>--------------------------------- Captured Err ---------------------------------

</system-err></testcase><testcase classname="tests.test_features" name="test_mock_stop_at_4" time="59.414"><system-out>--------------------------------- Captured Log ---------------------------------

--------------------------------- Captured Out ---------------------------------
/home/travis/build/bansan85/ocr-book/tests/0001_4.png
separation double page angle 90.62846302565308
separation double page y=0 2485
page rotation 1 0.75
page rotation 2 0.2
image 1 crop x1 332
image 1 crop y1 337
image 1 crop x2 2342
image 1 crop y2 3223
image 2 crop x1 175
image 2 crop y1 649
image 2 crop x2 2189
image 2 crop y2 3360
image 1 dpi 300
image 1 border top 325
image 1 border bottom 276
image 1 border left 225
image 1 border right 225
image 2 dpi 300
image 2 border top 672
image 2 border bottom 104
image 2 border left 223
image 2 border right 223

</system-out><system-err>--------------------------------- Captured Err ---------------------------------

</system-err></testcase><testcase classname="tests.test_features" name="test_mock_stop_at_5" time="59.550"><system-out>--------------------------------- Captured Log ---------------------------------

--------------------------------- Captured Out ---------------------------------
/home/travis/build/bansan85/ocr-book/tests/0001_5.png
separation double page angle 90.62846302565308
separation double page y=0 2485
page rotation 1 0.75
page rotation 2 0.2
image 1 crop x1 332
image 1 crop y1 337
image 1 crop x2 2342
image 1 crop y2 3223
image 2 crop x1 175
image 2 crop y1 649
image 2 crop x2 2189
image 2 crop y2 3360
image 1 dpi 300
image 1 border top 325
image 1 border bottom 276
image 1 border left 225
image 1 border right 225
image 2 dpi 300
image 2 border top 672
image 2 border bottom 104
image 2 border left 223
image 2 border right 223

</system-out><system-err>--------------------------------- Captured Err ---------------------------------

</system-err></testcase><testcase classname="tests.test_images" name="test_0001_png" time="58.695"><system-out>--------------------------------- Captured Log ---------------------------------

--------------------------------- Captured Out ---------------------------------
/home/travis/build/bansan85/ocr-book/tests/0001.png
1604841700727761453 : Checking separation double page angle 90.62846302565308
1604841700727849310 : Checking separation double page y=0 2485
1604841711123529100 : Checking page rotation 1 0.75
1604841724187829789 : Checking page rotation 2 0.2
1604841724992307184 : Checking image 1 crop x1 332
1604841724992381279 : Checking image 1 crop y1 337
1604841724992413544 : Checking image 1 crop x2 2342
1604841724992443804 : Checking image 1 crop y2 3223
1604841725821697181 : Checking image 2 crop x1 175
1604841725821770244 : Checking image 2 crop y1 649
1604841725821803694 : Checking image 2 crop x2 2189
1604841725821834192 : Checking image 2 crop y2 3360
1604841725848591923 : Checking image 1 dpi 300
1604841725848696075 : Checking image 1 border top 325
1604841725848725560 : Checking image 1 border bottom 276
1604841725848750831 : Checking image 1 border left 225
1604841725848774943 : Checking image 1 border right 225
1604841725850316689 : Checking image 2 dpi 300
1604841725850408234 : Checking image 2 border top 672
1604841725850434868 : Checking image 2 border bottom 104
1604841725850459411 : Checking image 2 border left 223
1604841725850483786 : Checking image 2 border right 223

</system-out><system-err>--------------------------------- Captured Err ---------------------------------

</system-err></testcase><testcase classname="tests.test_images" name="test_2_pages_2_contours_png" time="34.658"><system-out>--------------------------------- Captured Log ---------------------------------

--------------------------------- Captured Out ---------------------------------
/home/travis/build/bansan85/ocr-book/tests/2-pages-2-contours.png
1604841746876783105 : Checking separation double page angle 90.11489621132014
1604841746876867585 : Checking separation double page y=0 2487
1604841748956476271 : Checking page rotation 1 0.05
1604841759145857010 : Checking page rotation 2 0.35000000000000003
1604841759763399919 : Checking image 1 crop x1 1186
1604841759763458280 : Checking image 1 crop y1 1720
1604841759763484164 : Checking image 1 crop x2 1187
1604841759763508403 : Checking image 1 crop y2 1721
1604841760490836415 : Checking image 2 crop x1 103
1604841760490915311 : Checking image 2 crop y1 241
1604841760490947735 : Checking image 2 crop x2 2148
1604841760490977952 : Checking image 2 crop y2 3239
1604841760517502556 : Checking image 1 dpi 300
1604841760517584176 : Checking image 1 border top 1752
1604841760517612540 : Checking image 1 border bottom 1753
1604841760517637216 : Checking image 1 border left 1239
1604841760517661140 : Checking image 1 border right 1239
1604841760518960128 : Checking image 2 dpi 300
1604841760519071355 : Checking image 2 border top 230
1604841760519099034 : Checking image 2 border bottom 259
1604841760519123896 : Checking image 2 border left 207
1604841760519148032 : Checking image 2 border right 207

</system-out><system-err>--------------------------------- Captured Err ---------------------------------

</system-err></testcase><testcase classname="tests.test_images" name="test_black_border_not_removed_png" time="73.763"><system-out>--------------------------------- Captured Log ---------------------------------

--------------------------------- Captured Out ---------------------------------
/home/travis/build/bansan85/ocr-book/tests/black-border-not-removed.png
1604841804599749781 : Checking separation double page angle 89.96841710309258
1604841804599830641 : Checking separation double page y=0 2453
1604841816456920452 : Checking page rotation 1 0.0
1604841832586082693 : Checking page rotation 2 0.0
1604841833391442966 : Checking image 1 crop x1 298
1604841833391520756 : Checking image 1 crop y1 144
1604841833391553137 : Checking image 1 crop x2 2308
1604841833391583161 : Checking image 1 crop y2 3346
1604841834247706929 : Checking image 2 crop x1 159
1604841834247783205 : Checking image 2 crop y1 146
1604841834247815298 : Checking image 2 crop x2 2170
1604841834247845778 : Checking image 2 crop y2 3351
1604841834276370159 : Checking image 1 dpi 300
1604841834276472093 : Checking image 1 border top 129
1604841834276500117 : Checking image 1 border bottom 156
1604841834276525148 : Checking image 1 border left 225
1604841834276549234 : Checking image 1 border right 225
1604841834278090138 : Checking image 2 dpi 300
1604841834278182442 : Checking image 2 border top 131
1604841834278208982 : Checking image 2 border bottom 151
1604841834278233413 : Checking image 2 border left 224
1604841834278263493 : Checking image 2 border right 224

</system-out><system-err>--------------------------------- Captured Err ---------------------------------

</system-err></testcase><testcase classname="tests.test_images" name="test_image_failed_to_rotate_png" time="110.386"><system-out>--------------------------------- Captured Log ---------------------------------

--------------------------------- Captured Out ---------------------------------
/home/travis/build/bansan85/ocr-book/tests/image_failed_to_rotate.png
1604841875957814874 : Checking separation double page angle 90.35280950547336
1604841875957908066 : Checking separation double page y=0 2478
1604841890093500739 : Checking page rotation 1 0.4
1604841901764722756 : Checking page rotation 2 0.45
1604841943577106927 : Checking image 1 crop x1 82
1604841943577197339 : Checking image 1 crop y1 1
1604841943577226324 : Checking image 1 crop x2 2470
1604841943577253228 : Checking image 1 crop y2 3501
1604841944546405898 : Checking image 2 crop x1 183
1604841944546489056 : Checking image 2 crop y1 235
1604841944546522045 : Checking image 2 crop x2 2261
1604841944546552736 : Checking image 2 crop y2 3355
1604841944580247006 : Checking image 1 dpi 300
1604841944580375161 : Checking image 1 border top 4
1604841944580404495 : Checking image 1 border bottom 4
1604841944580429716 : Checking image 1 border left 43
1604841944580453880 : Checking image 1 border right 43
1604841944582129429 : Checking image 2 dpi 300
1604841944582247085 : Checking image 2 border top 207
1604841944582284391 : Checking image 2 border bottom 160
1604841944582309456 : Checking image 2 border left 191
1604841944582333532 : Checking image 2 border right 191

</system-out><system-err>--------------------------------- Captured Err ---------------------------------

</system-err></testcase><testcase classname="tests.test_images" name="test_image_failed_to_crop_data_png" time="61.052"><system-out>--------------------------------- Captured Log ---------------------------------

--------------------------------- Captured Out ---------------------------------
/home/travis/build/bansan85/ocr-book/tests/image_failed_to_crop_data.png
1604841973886415930 : Checking separation double page angle 90.07123175968051
1604841973886505947 : Checking separation double page y=0 2485
1604841981053878793 : Checking page rotation 1 0.2
1604841991081449192 : Checking page rotation 2 0.2
1604842004790199685 : Checking image 1 crop x1 52
1604842004790290426 : Checking image 1 crop y1 3
1604842004790323143 : Checking image 1 crop x2 2483
1604842004790350589 : Checking image 1 crop y2 3500
1604842005630119692 : Checking image 2 crop x1 159
1604842005630194093 : Checking image 2 crop y1 220
1604842005630226445 : Checking image 2 crop x2 2235
1604842005630256430 : Checking image 2 crop y2 3348
1604842005659664304 : Checking image 1 dpi 300
1604842005659766405 : Checking image 1 border top 5
1604842005659795507 : Checking image 1 border bottom 5
1604842005659820647 : Checking image 1 border left 25
1604842005659844987 : Checking image 1 border right 25
1604842005661486712 : Checking image 2 dpi 300
1604842005661580283 : Checking image 2 border top 212
1604842005661607643 : Checking image 2 border bottom 146
1604842005661632234 : Checking image 2 border left 192
1604842005661656106 : Checking image 2 border right 192

</system-out><system-err>--------------------------------- Captured Err ---------------------------------

</system-err></testcase><testcase classname="tests.test_images" name="test_wrong_angle_split_line_png" time="0.001"><skipped message="Value for brightness and constrast are hardcoded." type="pytest.skip">tests/test_images.py:205: Value for brightness and constrast are hardcoded.</skipped><system-out>--------------------------------- Captured Log ---------------------------------

--------------------------------- Captured Out ---------------------------------

</system-out><system-err>--------------------------------- Captured Err ---------------------------------

</system-err><system-out>--------------------------------- Captured Log ---------------------------------

--------------------------------- Captured Out ---------------------------------

</system-out><system-err>--------------------------------- Captured Err ---------------------------------

</system-err></testcase></testsuite></testsuites>