<?xml version="1.0" encoding="utf-8"?><testsuites><testsuite name="pytest" errors="0" failures="0" skipped="0" tests="25" time="658.421" timestamp="2020-11-29T20:10:32.941953" hostname="fv-az92-153"><testcase classname="tests.test_features" name="test_mock_stop_at_0" time="0.051"><system-out>--------------------------------- Captured Log ---------------------------------

--------------------------------- Captured Out ---------------------------------
/home/runner/work/ocr-book/ocr-book/tests/0001_0.png

</system-out><system-err>--------------------------------- Captured Err ---------------------------------

</system-err></testcase><testcase classname="tests.test_features" name="test_disabled_enable_debug" time="34.486"><system-out>--------------------------------- Captured Log ---------------------------------

--------------------------------- Captured Out ---------------------------------
/home/runner/work/ocr-book/ocr-book/tests/0001_debug.png
separation double page angle 90.5847895821894
separation double page y=0 2487
page rotation 1 0.75
page rotation 2 0.2
image 1 crop x1 330
image 1 crop y1 336
image 1 crop x2 2343
image 1 crop y2 3223
image 2 crop x1 169
image 2 crop y1 648
image 2 crop x2 2186
image 2 crop y2 3361
image 1 dpi 300
image 1 border top 340
image 1 border bottom 260
image 1 border left 223
image 1 border right 223
image 2 dpi 300
image 2 border top 646
image 2 border bottom 128
image 2 border left 221
image 2 border right 221

</system-out><system-err>--------------------------------- Captured Err ---------------------------------

</system-err></testcase><testcase classname="tests.test_features" name="test_mock_stop_at_2" time="43.691"><system-out>--------------------------------- Captured Log ---------------------------------

--------------------------------- Captured Out ---------------------------------
/home/runner/work/ocr-book/ocr-book/tests/0001_2.png
separation double page angle 90.5847895821894
separation double page y=0 2487
page rotation 1 0.75
page rotation 2 0.2

</system-out><system-err>--------------------------------- Captured Err ---------------------------------

</system-err></testcase><testcase classname="tests.test_features" name="test_mock_stop_at_1" time="27.419"><system-out>--------------------------------- Captured Log ---------------------------------

--------------------------------- Captured Out ---------------------------------
/home/runner/work/ocr-book/ocr-book/tests/0001_1.png
separation double page angle 90.5847895821894
separation double page y=0 2487

</system-out><system-err>--------------------------------- Captured Err ---------------------------------

</system-err></testcase><testcase classname="tests.test_features" name="test_mock_stop_at_4" time="47.381"><system-out>--------------------------------- Captured Log ---------------------------------

--------------------------------- Captured Out ---------------------------------
/home/runner/work/ocr-book/ocr-book/tests/0001_4.png
separation double page angle 90.5847895821894
separation double page y=0 2487
page rotation 1 0.75
page rotation 2 0.2
image 1 crop x1 330
image 1 crop y1 336
image 1 crop x2 2343
image 1 crop y2 3223
image 2 crop x1 169
image 2 crop y1 648
image 2 crop x2 2186
image 2 crop y2 3361
image 1 dpi 300
image 1 border top 340
image 1 border bottom 260
image 1 border left 223
image 1 border right 223
image 2 dpi 300
image 2 border top 646
image 2 border bottom 128
image 2 border left 221
image 2 border right 221

</system-out><system-err>--------------------------------- Captured Err ---------------------------------

</system-err></testcase><testcase classname="tests.test_features" name="test_mock_stop_at_3" time="46.685"><system-out>--------------------------------- Captured Log ---------------------------------

--------------------------------- Captured Out ---------------------------------
/home/runner/work/ocr-book/ocr-book/tests/0001_3.png
separation double page angle 90.5847895821894
separation double page y=0 2487
page rotation 1 0.75
page rotation 2 0.2
image 1 crop x1 330
image 1 crop y1 336
image 1 crop x2 2343
image 1 crop y2 3223
image 2 crop x1 169
image 2 crop y1 648
image 2 crop x2 2186
image 2 crop y2 3361

</system-out><system-err>--------------------------------- Captured Err ---------------------------------

</system-err></testcase><testcase classname="tests.test_features" name="test_mock_stop_at_5" time="47.094"><system-out>--------------------------------- Captured Log ---------------------------------

--------------------------------- Captured Out ---------------------------------
/home/runner/work/ocr-book/ocr-book/tests/0001_5.png
separation double page angle 90.5847895821894
separation double page y=0 2487
page rotation 1 0.75
page rotation 2 0.2
image 1 crop x1 330
image 1 crop y1 336
image 1 crop x2 2343
image 1 crop y2 3223
image 2 crop x1 169
image 2 crop y1 648
image 2 crop x2 2186
image 2 crop y2 3361
image 1 dpi 300
image 1 border top 340
image 1 border bottom 260
image 1 border left 223
image 1 border right 223
image 2 dpi 300
image 2 border top 646
image 2 border bottom 128
image 2 border left 221
image 2 border right 221

</system-out><system-err>--------------------------------- Captured Err ---------------------------------

</system-err></testcase><testcase classname="tests.test_images" name="test_black_border_not_removed_png" time="57.662"><system-out>--------------------------------- Captured Log ---------------------------------

--------------------------------- Captured Out ---------------------------------
/home/runner/work/ocr-book/ocr-book/tests/black-border-not-removed.png
1606680774993758682 : Checking separation double page angle 90.02912890873039
1606680774993884683 : Checking separation double page y=0 2456
1606680783568797029 : Checking page rotation 1 0.0
1606680795354980230 : Checking page rotation 2 0.0
1606680797508937909 : Checking image 1 crop x1 297
1606680797509025808 : Checking image 1 crop y1 143
1606680797509069708 : Checking image 1 crop x2 2309
1606680797509110908 : Checking image 1 crop y2 3346
1606680800182475783 : Checking image 2 crop x1 157
1606680800182563482 : Checking image 2 crop y1 145
1606680800182606682 : Checking image 2 crop x2 2169
1606680800182647782 : Checking image 2 crop y2 3352
1606680800220814179 : Checking image 1 dpi 300
1606680800220919479 : Checking image 1 border top 130
1606680800220958479 : Checking image 1 border bottom 154
1606680800220992778 : Checking image 1 border left 224
1606680800221027078 : Checking image 1 border right 224
1606680800223072367 : Checking image 2 dpi 300
1606680800223159867 : Checking image 2 border top 139
1606680800223196167 : Checking image 2 border bottom 141
1606680800223230766 : Checking image 2 border left 224
1606680800223264566 : Checking image 2 border right 224

</system-out><system-err>--------------------------------- Captured Err ---------------------------------

</system-err></testcase><testcase classname="tests.test_images" name="test_0001_png" time="47.656"><system-out>--------------------------------- Captured Log ---------------------------------

--------------------------------- Captured Out ---------------------------------
/home/runner/work/ocr-book/ocr-book/tests/0001.png
1606680799709656572 : Checking separation double page angle 90.5847895821894
1606680799709740771 : Checking separation double page y=0 2487
1606680806870778741 : Checking page rotation 1 0.75
1606680815965499183 : Checking page rotation 2 0.2
1606680817793070628 : Checking image 1 crop x1 330
1606680817793149827 : Checking image 1 crop y1 336
1606680817793192027 : Checking image 1 crop x2 2343
1606680817793232126 : Checking image 1 crop y2 3223
1606680819803984829 : Checking image 2 crop x1 169
1606680819804065828 : Checking image 2 crop y1 648
1606680819804109027 : Checking image 2 crop x2 2186
1606680819804149327 : Checking image 2 crop y2 3361
1606680819839570200 : Checking image 1 dpi 300
1606680819839673899 : Checking image 1 border top 340
1606680819839709798 : Checking image 1 border bottom 260
1606680819839741498 : Checking image 1 border left 223
1606680819839772097 : Checking image 1 border right 223
1606680819841419778 : Checking image 2 dpi 300
1606680819841493777 : Checking image 2 border top 646
1606680819841525376 : Checking image 2 border bottom 128
1606680819841556076 : Checking image 2 border left 221
1606680819841586976 : Checking image 2 border right 221

</system-out><system-err>--------------------------------- Captured Err ---------------------------------

</system-err></testcase><testcase classname="tests.test_images" name="test_image_failed_to_rotate_png" time="58.160"><system-out>--------------------------------- Captured Log ---------------------------------

--------------------------------- Captured Out ---------------------------------
/home/runner/work/ocr-book/ocr-book/tests/image_failed_to_rotate.png
1606680829481533507 : Checking separation double page angle 90.18772783206224
1606680829481616906 : Checking separation double page y=0 2482
1606680835058457613 : Checking page rotation 1 0.35000000000000003
1606680843856880297 : Checking page rotation 2 0.45
1606680856030799484 : Checking image 1 crop x1 34
1606680856030884983 : Checking image 1 crop y1 1
1606680856030925782 : Checking image 1 crop x2 2480
1606680856030963081 : Checking image 1 crop y2 3500
1606680858227320618 : Checking image 2 crop x1 168
1606680858227404216 : Checking image 2 crop y1 234
1606680858227447015 : Checking image 2 crop x2 2247
1606680858227487814 : Checking image 2 crop y2 3355
1606680858272140880 : Checking image 1 dpi 300
1606680858272242378 : Checking image 1 border top 4
1606680858272281377 : Checking image 1 border bottom 4
1606680858272315476 : Checking image 1 border left 17
1606680858272350176 : Checking image 1 border right 17
1606680858274494631 : Checking image 2 dpi 300
1606680858274581329 : Checking image 2 border top 220
1606680858274618228 : Checking image 2 border bottom 146
1606680858274652628 : Checking image 2 border left 190
1606680858274686727 : Checking image 2 border right 190

</system-out><system-err>--------------------------------- Captured Err ---------------------------------

</system-err></testcase><testcase classname="tests.test_images" name="test_2_pages_2_contours_png" time="29.628"><system-out>--------------------------------- Captured Log ---------------------------------

--------------------------------- Captured Out ---------------------------------
/home/runner/work/ocr-book/ocr-book/tests/2-pages-2-contours.png
1606680837348819151 : Checking separation double page angle 89.9226294011526
1606680837348900049 : Checking separation double page y=0 2492
1606680839767928879 : Checking page rotation 1 0.05
1606680846724502430 : Checking page rotation 2 0.35000000000000003
1606680847582195336 : Checking image 1 crop x1 1191
1606680847582265034 : Checking image 1 crop y1 1733
1606680847582300134 : Checking image 1 crop x2 1192
1606680847582332633 : Checking image 1 crop y2 1734
1606680849448172519 : Checking image 2 crop x1 89
1606680849448258817 : Checking image 2 crop y1 240
1606680849448301616 : Checking image 2 crop x2 2136
1606680849448342415 : Checking image 2 crop y2 3239
1606680849483704832 : Checking image 1 dpi 300
1606680849483799730 : Checking image 1 border top 1752
1606680849483837229 : Checking image 1 border bottom 1753
1606680849483871629 : Checking image 1 border left 1239
1606680849483905328 : Checking image 1 border right 1239
1606680849485133304 : Checking image 2 dpi 300
1606680849485213303 : Checking image 2 border top 231
1606680849485248402 : Checking image 2 border bottom 257
1606680849485281701 : Checking image 2 border left 206
1606680849485315301 : Checking image 2 border right 206

</system-out><system-err>--------------------------------- Captured Err ---------------------------------

</system-err></testcase><testcase classname="tests.test_images" name="test_wrong_angle_split_line_png" time="62.478"><system-out>--------------------------------- Captured Log ---------------------------------

--------------------------------- Captured Out ---------------------------------
/home/runner/work/ocr-book/ocr-book/tests/wrong_angle_split_line.png
1606680880432305116 : Checking separation double page angle 90.00846714570578
1606680880432385915 : Checking separation double page y=0 2478
1606680888055448691 : Checking page rotation 1 0.1
1606680896327587124 : Checking page rotation 2 0.2
1606680908038256785 : Checking image 1 crop x1 58
1606680908038336083 : Checking image 1 crop y1 6
1606680908038373782 : Checking image 1 crop x2 2476
1606680908038409381 : Checking image 1 crop y2 3501
1606680910985388106 : Checking image 2 crop x1 162
1606680910985473103 : Checking image 2 crop y1 219
1606680910985517202 : Checking image 2 crop x2 2238
1606680910985557901 : Checking image 2 crop y2 3348
1606680911160336911 : Checking image 1 dpi 300
1606680911160436808 : Checking image 1 border top 6
1606680911160474307 : Checking image 1 border bottom 6
1606680911160508006 : Checking image 1 border left 31
1606680911160541705 : Checking image 1 border right 31
1606680911166468046 : Checking image 2 dpi 300
1606680911166566844 : Checking image 2 border top 211
1606680911166602343 : Checking image 2 border bottom 147
1606680911166635342 : Checking image 2 border left 192
1606680911166668341 : Checking image 2 border right 192

</system-out><system-err>--------------------------------- Captured Err ---------------------------------

</system-err></testcase><testcase classname="tests.test_images" name="test_image_failed_to_crop_data_png" time="54.745"><system-out>--------------------------------- Captured Log ---------------------------------

--------------------------------- Captured Out ---------------------------------
/home/runner/work/ocr-book/ocr-book/tests/image_failed_to_crop_data.png
1606680886626215841 : Checking separation double page angle 89.89865840161842
1606680886626296539 : Checking separation double page y=0 2477
1606680892965305340 : Checking page rotation 1 -0.14999999999999147
1606680899208229463 : Checking page rotation 2 0.05
1606680911013943540 : Checking image 1 crop x1 43
1606680911014030438 : Checking image 1 crop y1 6
1606680911014069937 : Checking image 1 crop x2 2481
1606680911014106736 : Checking image 1 crop y2 3504
1606680913017167097 : Checking image 2 crop x1 160
1606680913017257895 : Checking image 2 crop y1 217
1606680913017300793 : Checking image 2 crop x2 2241
1606680913017341692 : Checking image 2 crop y2 3350
1606680913058065693 : Checking image 1 dpi 300
1606680913058168891 : Checking image 1 border top 5
1606680913058208290 : Checking image 1 border bottom 5
1606680913058242289 : Checking image 1 border left 21
1606680913058276588 : Checking image 1 border right 21
1606680913060399030 : Checking image 2 dpi 300
1606680913060481128 : Checking image 2 border top 224
1606680913060517527 : Checking image 2 border bottom 130
1606680913060551926 : Checking image 2 border left 189
1606680913060586325 : Checking image 2 border right 189

</system-out><system-err>--------------------------------- Captured Err ---------------------------------

</system-err></testcase><testcase classname="tests.test_images" name="test_angle_page_lower_split_line_png" time="51.489"><system-out>--------------------------------- Captured Log ---------------------------------

--------------------------------- Captured Out ---------------------------------
/home/runner/work/ocr-book/ocr-book/tests/angle_page_lower_split_line.png
1606680943544214545 : Checking separation double page angle 89.73507328913124
1606680943544295343 : Checking separation double page y=0 2473
1606680952367054452 : Checking page rotation 1 -0.3999999999999915
1606680959577575835 : Checking page rotation 2 0.2
1606680961665056901 : Checking image 1 crop x1 244
1606680961665138898 : Checking image 1 crop y1 160
1606680961665180397 : Checking image 1 crop x2 2350
1606680961665220296 : Checking image 1 crop y2 3365
1606680963405571619 : Checking image 2 crop x1 151
1606680963405658716 : Checking image 2 crop y1 147
1606680963405700815 : Checking image 2 crop x2 2258
1606680963405740814 : Checking image 2 crop y2 3350
1606680963444113086 : Checking image 1 dpi 300
1606680963444215883 : Checking image 1 border top 130
1606680963444253082 : Checking image 1 border bottom 151
1606680963444287681 : Checking image 1 border left 177
1606680963444321380 : Checking image 1 border right 177
1606680963446116827 : Checking image 2 dpi 300
1606680963446205325 : Checking image 2 border top 116
1606680963446240624 : Checking image 2 border bottom 168
1606680963446274023 : Checking image 2 border left 176
1606680963446307222 : Checking image 2 border right 176

</system-out><system-err>--------------------------------- Captured Err ---------------------------------

</system-err></testcase><testcase classname="tests.test_images" name="test_wrong_split_line_png" time="39.066"><system-out>--------------------------------- Captured Log ---------------------------------

--------------------------------- Captured Out ---------------------------------
/home/runner/work/ocr-book/ocr-book/tests/wrong_split_line.png
1606680936449973399 : Checking separation double page angle 89.85811715007924
1606680936450049797 : Checking separation double page y=0 2463
1606680942212344753 : Checking page rotation 1 -0.14999999999999147
1606680949195901011 : Checking page rotation 2 0.65
1606680950689353945 : Checking image 1 crop x1 213
1606680950689435142 : Checking image 1 crop y1 157
1606680950689474641 : Checking image 1 crop x2 2323
1606680950689512040 : Checking image 1 crop y2 3362
1606680952170216460 : Checking image 2 crop x1 126
1606680952170299258 : Checking image 2 crop y1 167
1606680952170338756 : Checking image 2 crop x2 2237
1606680952170376755 : Checking image 2 crop y2 3372
1606680952206852598 : Checking image 1 dpi 300
1606680952206954195 : Checking image 1 border top 115
1606680952206993893 : Checking image 1 border bottom 167
1606680952207028392 : Checking image 1 border left 175
1606680952207062791 : Checking image 1 border right 175
1606680952209178330 : Checking image 2 dpi 300
1606680952209254628 : Checking image 2 border top 142
1606680952209289027 : Checking image 2 border bottom 140
1606680952209320926 : Checking image 2 border left 174
1606680952209353225 : Checking image 2 border right 174

</system-out><system-err>--------------------------------- Captured Err ---------------------------------

</system-err></testcase><testcase classname="tests.test_images" name="test_crop_too_few_png" time="43.046"><system-out>--------------------------------- Captured Log ---------------------------------

--------------------------------- Captured Out ---------------------------------
/home/runner/work/ocr-book/ocr-book/tests/crop_too_few.png
1606680978222335080 : Checking separation double page angle 89.39070489155964
1606680978222412597 : Checking separation double page y=0 2510
1606680985110991689 : Checking page rotation 1 -0.75
1606680992090190474 : Checking page rotation 2 0.0
1606680993704622502 : Checking image 1 crop x1 265
1606680993704710619 : Checking image 1 crop y1 152
1606680993704753928 : Checking image 1 crop x2 2375
1606680993704795036 : Checking image 1 crop y2 3356
1606680995223080331 : Checking image 2 crop x1 139
1606680995223167248 : Checking image 2 crop y1 141
1606680995223210156 : Checking image 2 crop x2 2261
1606680995223251064 : Checking image 2 crop y2 3345
1606680995257720304 : Checking image 1 dpi 300
1606680995257855329 : Checking image 1 border top 116
1606680995257896137 : Checking image 1 border bottom 167
1606680995257931644 : Checking image 1 border left 175
1606680995257966250 : Checking image 1 border right 175
1606680995260036843 : Checking image 2 dpi 300
1606680995260118359 : Checking image 2 border top 140
1606680995260155366 : Checking image 2 border bottom 143
1606680995260190072 : Checking image 2 border left 169
1606680995260224079 : Checking image 2 border right 169

</system-out><system-err>--------------------------------- Captured Err ---------------------------------

</system-err></testcase><testcase classname="tests.test_images" name="test_crop_too_much_png" time="75.523"><system-out>--------------------------------- Captured Log ---------------------------------

--------------------------------- Captured Out ---------------------------------
/home/runner/work/ocr-book/ocr-book/tests/crop_too_much.png
1606681006346147867 : Checking separation double page angle 90.1368362370825
1606681006346231682 : Checking separation double page y=0 2453
1606681019656218795 : Checking page rotation 1 0.0
1606681033049345499 : Checking page rotation 2 0.45
1606681036100845412 : Checking image 1 crop x1 303
1606681036100931024 : Checking image 1 crop y1 148
1606681036100972929 : Checking image 1 crop x2 2313
1606681036101012735 : Checking image 1 crop y2 3351
1606681038911753580 : Checking image 2 crop x1 170
1606681038911840291 : Checking image 2 crop y1 155
1606681038911882697 : Checking image 2 crop x2 2181
1606681038911922602 : Checking image 2 crop y2 3359
1606681038959479805 : Checking image 1 dpi 300
1606681038959584319 : Checking image 1 border top 131
1606681038959621924 : Checking image 1 border bottom 153
1606681038959656829 : Checking image 1 border left 225
1606681038959691533 : Checking image 1 border right 225
1606681038961419566 : Checking image 2 dpi 300
1606681038961497877 : Checking image 2 border top 139
1606681038961532981 : Checking image 2 border bottom 144
1606681038961566286 : Checking image 2 border left 224
1606681038961599890 : Checking image 2 border right 224

</system-out><system-err>--------------------------------- Captured Err ---------------------------------

</system-err></testcase><testcase classname="tests.test_images" name="test_crop_too_much_2_png" time="77.124"><system-out>--------------------------------- Captured Log ---------------------------------

--------------------------------- Captured Out ---------------------------------
/home/runner/work/ocr-book/ocr-book/tests/crop_too_much_2.png
1606681038010057387 : Checking separation double page angle 90.2140878077005
1606681038010137198 : Checking separation double page y=0 2477
1606681050881513299 : Checking page rotation 1 0.2
1606681065929456711 : Checking page rotation 2 0.2
1606681068962784161 : Checking image 1 crop x1 332
1606681068962864270 : Checking image 1 crop y1 131
1606681068962903674 : Checking image 1 crop x2 2342
1606681068962941378 : Checking image 1 crop y2 3336
1606681072288487970 : Checking image 2 crop x1 169
1606681072288574279 : Checking image 2 crop y1 139
1606681072288617283 : Checking image 2 crop x2 2182
1606681072288658287 : Checking image 2 crop y2 3345
1606681072344564316 : Checking image 1 dpi 300
1606681072344664526 : Checking image 1 border top 116
1606681072344703430 : Checking image 1 border bottom 166
1606681072344737434 : Checking image 1 border left 225
1606681072344771537 : Checking image 1 border right 225
1606681072346882853 : Checking image 2 dpi 300
1606681072346965862 : Checking image 2 border top 133
1606681072347002066 : Checking image 2 border bottom 148
1606681072347036169 : Checking image 2 border left 223
1606681072347069973 : Checking image 2 border right 223

</system-out><system-err>--------------------------------- Captured Err ---------------------------------

</system-err></testcase><testcase classname="tests.test_images" name="test_wrong_split_line_2_png" time="83.799"><system-out>--------------------------------- Captured Log ---------------------------------

--------------------------------- Captured Out ---------------------------------
/home/runner/work/ocr-book/ocr-book/tests/wrong_split_line_2.png
1606681091107232846 : Checking separation double page angle 90.39217497633973
1606681091107311753 : Checking separation double page y=0 2442
1606681103911455552 : Checking page rotation 1 0.2
1606681115919733183 : Checking page rotation 2 0.35000000000000003
1606681119067289329 : Checking image 1 crop x1 294
1606681119067387435 : Checking image 1 crop y1 136
1606681119067426438 : Checking image 1 crop x2 2325
1606681119067463041 : Checking image 1 crop y2 3376
1606681122685411019 : Checking image 2 crop x1 146
1606681122685500425 : Checking image 2 crop y1 193
1606681122685542628 : Checking image 2 crop x2 2175
1606681122685582431 : Checking image 2 crop y2 3387
1606681122736301896 : Checking image 1 dpi 300
1606681122736406203 : Checking image 1 border top 128
1606681122736443106 : Checking image 1 border bottom 119
1606681122736476708 : Checking image 1 border left 214
1606681122736510010 : Checking image 1 border right 214
1606681122738317234 : Checking image 2 dpi 300
1606681122738405940 : Checking image 2 border top 184
1606681122738440542 : Checking image 2 border bottom 109
1606681122738473845 : Checking image 2 border left 215
1606681122738506747 : Checking image 2 border right 215

</system-out><system-err>--------------------------------- Captured Err ---------------------------------

</system-err></testcase><testcase classname="tests.test_images" name="test_small_wave_png" time="66.724"><system-out>--------------------------------- Captured Log ---------------------------------

--------------------------------- Captured Out ---------------------------------
/home/runner/work/ocr-book/ocr-book/tests/small_wave.png
1606681113476792845 : Checking separation double page angle 90.61699923686102
1606681113476872451 : Checking separation double page y=0 2495
1606681124291251471 : Checking page rotation 1 0.7000000000000001
1606681134952090804 : Checking page rotation 2 0.7000000000000001
1606681137028764388 : Checking image 1 crop x1 322
1606681137028860894 : Checking image 1 crop y1 199
1606681137028903496 : Checking image 1 crop x2 2351
1606681137028943299 : Checking image 1 crop y2 3394
1606681139037982791 : Checking image 2 crop x1 135
1606681139038071797 : Checking image 2 crop y1 223
1606681139038115599 : Checking image 2 crop x2 2164
1606681139038156902 : Checking image 2 crop y2 3419
1606681139081364170 : Checking image 1 dpi 300
1606681139081466877 : Checking image 1 border top 177
1606681139081505079 : Checking image 1 border bottom 115
1606681139081539081 : Checking image 1 border left 215
1606681139081573183 : Checking image 1 border right 215
1606681139083710010 : Checking image 2 dpi 300
1606681139083792515 : Checking image 2 border top 191
1606681139083829817 : Checking image 2 border bottom 100
1606681139083863419 : Checking image 2 border left 215
1606681139083897521 : Checking image 2 border right 215

</system-out><system-err>--------------------------------- Captured Err ---------------------------------

</system-err></testcase><testcase classname="tests.test_images" name="test_wrong_split_line_3_png" time="57.586"><system-out>--------------------------------- Captured Log ---------------------------------

--------------------------------- Captured Out ---------------------------------
/home/runner/work/ocr-book/ocr-book/tests/wrong_split_line_3.png
1606681157733355932 : Checking separation double page angle 90.4401067484302
1606681157733435736 : Checking separation double page y=0 2498
1606681168363699732 : Checking page rotation 1 0.30000000000000004
1606681176450209393 : Checking page rotation 2 0.9
1606681178545704071 : Checking image 1 crop x1 331
1606681178545788575 : Checking image 1 crop y1 165
1606681178545859478 : Checking image 1 crop x2 2375
1606681178545899880 : Checking image 1 crop y2 3376
1606681180319306246 : Checking image 2 crop x1 102
1606681180319387049 : Checking image 2 crop y1 208
1606681180319428351 : Checking image 2 crop x2 2133
1606681180319468053 : Checking image 2 crop y2 3413
1606681180359593652 : Checking image 1 dpi 300
1606681180359694956 : Checking image 1 border top 150
1606681180359733258 : Checking image 1 border bottom 126
1606681180359767659 : Checking image 1 border left 208
1606681180359800960 : Checking image 1 border right 208
1606681180361890549 : Checking image 2 dpi 300
1606681180361975552 : Checking image 2 border top 190
1606681180362010554 : Checking image 2 border bottom 92
1606681180362043855 : Checking image 2 border left 214
1606681180362077357 : Checking image 2 border right 214

</system-out><system-err>--------------------------------- Captured Err ---------------------------------

</system-err></testcase><testcase classname="tests.test_images" name="test_wrong_wave_split_line_png" time="71.893"><system-out>--------------------------------- Captured Log ---------------------------------

--------------------------------- Captured Out ---------------------------------
/home/runner/work/ocr-book/ocr-book/tests/wrong_wave_split_line.png
1606681182255986814 : Checking separation double page angle 90.53209588050643
1606681182256064217 : Checking separation double page y=0 2502
1606681194274380231 : Checking page rotation 1 -0.14999999999999147
1606681204789739604 : Checking page rotation 2 0.8500000000000001
1606681208145445102 : Checking image 1 crop x1 385
1606681208145531105 : Checking image 1 crop y1 179
1606681208145574107 : Checking image 1 crop x2 2411
1606681208145615308 : Checking image 1 crop y2 3374
1606681210934717981 : Checking image 2 crop x1 124
1606681210934804584 : Checking image 2 crop y1 58
1606681210934847085 : Checking image 2 crop x2 2410
1606681210934887186 : Checking image 2 crop y2 3392
1606681210986476883 : Checking image 1 dpi 300
1606681210986578586 : Checking image 1 border top 167
1606681210986618687 : Checking image 1 border bottom 124
1606681210986652988 : Checking image 1 border left 217
1606681210986687589 : Checking image 1 border right 217
1606681210988773858 : Checking image 2 dpi 300
1606681210988851961 : Checking image 2 border top 0
1606681210988888662 : Checking image 2 border bottom 163
1606681210988923063 : Checking image 2 border left 92
1606681210988957264 : Checking image 2 border right 92

</system-out><system-err>--------------------------------- Captured Err ---------------------------------

</system-err></testcase><testcase classname="tests.test_images" name="test_no_split_line_line_algo_png" time="47.803"><system-out>--------------------------------- Captured Log ---------------------------------

--------------------------------- Captured Out ---------------------------------
/home/runner/work/ocr-book/ocr-book/tests/no_split_line_line_algo.png
1606681209224329023 : Checking separation double page angle 89.46795930182432
1606681209224411726 : Checking separation double page y=0 2476
1606681214641462997 : Checking page rotation 1 -0.14999999999999147
1606681224463559243 : Checking page rotation 2 -0.44999999999998863
1606681225852564252 : Checking image 1 crop x1 205
1606681225852640854 : Checking image 1 crop y1 158
1606681225852679655 : Checking image 1 crop x2 2320
1606681225852716056 : Checking image 1 crop y2 3366
1606681228126338886 : Checking image 2 crop x1 185
1606681228126435588 : Checking image 2 crop y1 221
1606681228126476690 : Checking image 2 crop x2 2201
1606681228126516891 : Checking image 2 crop y2 3366
1606681228171101547 : Checking image 1 dpi 300
1606681228171203050 : Checking image 1 border top 137
1606681228171241451 : Checking image 1 border bottom 142
1606681228171275552 : Checking image 1 border left 172
1606681228171308953 : Checking image 1 border right 172
1606681228173067703 : Checking image 2 dpi 300
1606681228173147205 : Checking image 2 border top 225
1606681228173181906 : Checking image 2 border bottom 117
1606681228173214707 : Checking image 2 border left 222
1606681228173258308 : Checking image 2 border right 222

</system-out><system-err>--------------------------------- Captured Err ---------------------------------

</system-err></testcase><testcase classname="tests.test_images" name="test_failed_split_line_line_algo_png" time="19.012"><system-out>--------------------------------- Captured Log ---------------------------------

--------------------------------- Captured Out ---------------------------------
/home/runner/work/ocr-book/ocr-book/tests/failed_split_line_line_algo.png
1606681222667016411 : Checking separation double page angle 90.01651175019265
1606681222667096613 : Checking separation double page y=0 2575
1606681226009548291 : Checking page rotation 1 -0.14999999999999147
1606681228276244311 : Checking page rotation 2 0.05
1606681229287014632 : Checking image 1 crop x1 407
1606681229287096334 : Checking image 1 crop y1 2925
1606681229287139035 : Checking image 1 crop x2 2419
1606681229287180236 : Checking image 1 crop y2 3174
1606681230041906318 : Checking image 2 crop x1 1180
1606681230041977820 : Checking image 2 crop y1 1724
1606681230042022721 : Checking image 2 crop x2 1181
1606681230042049922 : Checking image 2 crop y2 1725
1606681230042224526 : Checking image 1 dpi 300
1606681230042281128 : Checking image 1 border top 2930
1606681230042310629 : Checking image 1 border bottom 308
1606681230042338330 : Checking image 1 border left 224
1606681230042384031 : Checking image 1 border right 224
1606681230043847171 : Checking image 2 dpi 300
1606681230043920873 : Checking image 2 border top 1753
1606681230043957274 : Checking image 2 border bottom 1753
1606681230043990675 : Checking image 2 border left 1239
1606681230044024776 : Checking image 2 border right 1239

</system-out><system-err>--------------------------------- Captured Err ---------------------------------

</system-err></testcase><testcase classname="tests.test_images" name="test_failed_split_line_line_algo_2_png" time="61.539"><system-out>--------------------------------- Captured Log ---------------------------------

--------------------------------- Captured Out ---------------------------------
/home/runner/work/ocr-book/ocr-book/tests/failed_split_line_line_algo_2.png
1606681265729348352 : Checking separation double page angle 89.97500000000001
1606681265729428354 : Checking separation double page y=0 2497
1606681276071945946 : Checking page rotation 1 0.0
1606681285479701860 : Checking page rotation 2 0.6000000000000001
1606681287559873144 : Checking image 1 crop x1 272
1606681287559957746 : Checking image 1 crop y1 149
1606681287559999946 : Checking image 1 crop x2 2383
1606681287560039647 : Checking image 1 crop y2 3353
1606681289660354401 : Checking image 2 crop x1 122
1606681289660437503 : Checking image 2 crop y1 155
1606681289660480104 : Checking image 2 crop x2 2245
1606681289660520104 : Checking image 2 crop y2 3350
1606681289705380340 : Checking image 1 dpi 300
1606681289705482942 : Checking image 1 border top 137
1606681289705521543 : Checking image 1 border bottom 146
1606681289705555843 : Checking image 1 border left 174
1606681289705589444 : Checking image 1 border right 174
1606681289707846881 : Checking image 2 dpi 300
1606681289707941282 : Checking image 2 border top 138
1606681289707976883 : Checking image 2 border bottom 154
1606681289708010184 : Checking image 2 border left 168
1606681289708043484 : Checking image 2 border right 168

</system-out><system-err>--------------------------------- Captured Err ---------------------------------

</system-err></testcase></testsuite></testsuites>