<?xml version="1.0" encoding="utf-8"?><testsuites><testsuite name="pytest" errors="0" failures="0" skipped="0" tests="33" time="1058.395" timestamp="2020-12-10T12:50:08.236518" hostname="fv-az92-143"><testcase classname="tests.test_features" name="test_mock_stop_at_0" time="0.055"><system-out>--------------------------------- Captured Log ---------------------------------

--------------------------------- Captured Out ---------------------------------
/home/runner/work/ocr-book/ocr-book/tests/0001_0.png

</system-out><system-err>--------------------------------- Captured Err ---------------------------------

</system-err></testcase><testcase classname="tests.test_features" name="test_disabled_enable_debug" time="49.281"><system-out>--------------------------------- Captured Log ---------------------------------

--------------------------------- Captured Out ---------------------------------
/home/runner/work/ocr-book/ocr-book/tests/0001_debug.png
separation double page angle 90.57780420099766
separation double page y=0 2487
page rotation 1 0.75
page rotation 2 0.2
image 1 crop x1 330
image 1 crop y1 336
image 1 crop x2 2343
image 1 crop y2 3223
image 2 crop x1 169
image 2 crop y1 648
image 2 crop x2 2186
image 2 crop y2 3361
image 1 dpi 300
image 1 border top 318
image 1 border bottom 282
image 1 border left 223
image 1 border right 223
image 2 dpi 300
image 2 border top 643
image 2 border bottom 131
image 2 border left 221
image 2 border right 221

</system-out><system-err>--------------------------------- Captured Err ---------------------------------

</system-err></testcase><testcase classname="tests.test_features" name="test_mock_stop_at_2" time="43.963"><system-out>--------------------------------- Captured Log ---------------------------------

--------------------------------- Captured Out ---------------------------------
/home/runner/work/ocr-book/ocr-book/tests/0001_2.png
separation double page angle 90.57780420099766
separation double page y=0 2487
page rotation 1 0.75
page rotation 2 0.2

</system-out><system-err>--------------------------------- Captured Err ---------------------------------

</system-err></testcase><testcase classname="tests.test_features" name="test_mock_stop_at_4" time="49.642"><system-out>--------------------------------- Captured Log ---------------------------------

--------------------------------- Captured Out ---------------------------------
/home/runner/work/ocr-book/ocr-book/tests/0001_4.png
separation double page angle 90.57780420099766
separation double page y=0 2487
page rotation 1 0.75
page rotation 2 0.2
image 1 crop x1 330
image 1 crop y1 336
image 1 crop x2 2343
image 1 crop y2 3223
image 2 crop x1 169
image 2 crop y1 648
image 2 crop x2 2186
image 2 crop y2 3361
image 1 dpi 300
image 1 border top 318
image 1 border bottom 282
image 1 border left 223
image 1 border right 223
image 2 dpi 300
image 2 border top 643
image 2 border bottom 131
image 2 border left 221
image 2 border right 221

</system-out><system-err>--------------------------------- Captured Err ---------------------------------

</system-err></testcase><testcase classname="tests.test_features" name="test_mock_stop_at_1" time="28.185"><system-out>--------------------------------- Captured Log ---------------------------------

--------------------------------- Captured Out ---------------------------------
/home/runner/work/ocr-book/ocr-book/tests/0001_1.png
separation double page angle 90.57780420099766
separation double page y=0 2487

</system-out><system-err>--------------------------------- Captured Err ---------------------------------

</system-err></testcase><testcase classname="tests.test_features" name="test_mock_stop_at_3" time="49.254"><system-out>--------------------------------- Captured Log ---------------------------------

--------------------------------- Captured Out ---------------------------------
/home/runner/work/ocr-book/ocr-book/tests/0001_3.png
separation double page angle 90.57780420099766
separation double page y=0 2487
page rotation 1 0.75
page rotation 2 0.2
image 1 crop x1 330
image 1 crop y1 336
image 1 crop x2 2343
image 1 crop y2 3223
image 2 crop x1 169
image 2 crop y1 648
image 2 crop x2 2186
image 2 crop y2 3361

</system-out><system-err>--------------------------------- Captured Err ---------------------------------

</system-err></testcase><testcase classname="tests.test_images" name="test_0001_png" time="61.608"><system-out>--------------------------------- Captured Log ---------------------------------

--------------------------------- Captured Out ---------------------------------
/home/runner/work/ocr-book/ocr-book/tests/0001.png
1607604738521230149 : Checking separation double page angle 90.57780420099766
1607604738521354449 : Checking separation double page y=0 2487
1607604746605541355 : Checking page rotation 1 0.75
1607604756381197831 : Checking page rotation 2 0.2
1607604760664809666 : Checking image 1 crop x1 330
1607604760664942166 : Checking image 1 crop y1 336
1607604760664986266 : Checking image 1 crop x2 2343
1607604760665022966 : Checking image 1 crop y2 3223
1607604764623459361 : Checking image 2 crop x1 169
1607604764623591961 : Checking image 2 crop y1 648
1607604764623635061 : Checking image 2 crop x2 2186
1607604764623672061 : Checking image 2 crop y2 3361
1607604764669769293 : Checking image 1 dpi 300
1607604764669884194 : Checking image 1 border top 318
1607604764669923994 : Checking image 1 border bottom 282
1607604764669959694 : Checking image 1 border left 223
1607604764669995394 : Checking image 1 border right 223
1607604764671987300 : Checking image 2 dpi 300
1607604764672084800 : Checking image 2 border top 643
1607604764672121600 : Checking image 2 border bottom 131
1607604764672157100 : Checking image 2 border left 221
1607604764672194700 : Checking image 2 border right 221

</system-out><system-err>--------------------------------- Captured Err ---------------------------------

</system-err></testcase><testcase classname="tests.test_features" name="test_mock_stop_at_5" time="49.817"><system-out>--------------------------------- Captured Log ---------------------------------

--------------------------------- Captured Out ---------------------------------
/home/runner/work/ocr-book/ocr-book/tests/0001_5.png
separation double page angle 90.57780420099766
separation double page y=0 2487
page rotation 1 0.75
page rotation 2 0.2
image 1 crop x1 330
image 1 crop y1 336
image 1 crop x2 2343
image 1 crop y2 3223
image 2 crop x1 169
image 2 crop y1 648
image 2 crop x2 2186
image 2 crop y2 3361
image 1 dpi 300
image 1 border top 318
image 1 border bottom 282
image 1 border left 223
image 1 border right 223
image 2 dpi 300
image 2 border top 643
image 2 border bottom 131
image 2 border left 221
image 2 border right 221

</system-out><system-err>--------------------------------- Captured Err ---------------------------------

</system-err></testcase><testcase classname="tests.test_images" name="test_2_pages_2_contours_png" time="40.889"><system-out>--------------------------------- Captured Log ---------------------------------

--------------------------------- Captured Out ---------------------------------
/home/runner/work/ocr-book/ocr-book/tests/2-pages-2-contours.png
1607604789851509303 : Checking separation double page angle 89.91958537671144
1607604789851614403 : Checking separation double page y=0 2492
1607604792363176589 : Checking page rotation 1 0.05
1607604799853507578 : Checking page rotation 2 0.35
1607604801575929785 : Checking image 1 crop x1 1189
1607604801576055386 : Checking image 1 crop y1 1748
1607604801576094886 : Checking image 1 crop x2 1190
1607604801576129486 : Checking image 1 crop y2 1749
1607604805538881159 : Checking image 2 crop x1 89
1607604805539007359 : Checking image 2 crop y1 240
1607604805539048660 : Checking image 2 crop x2 2136
1607604805539087060 : Checking image 2 crop y2 3239
1607604805576212854 : Checking image 1 dpi 300
1607604805576328854 : Checking image 1 border top 1753
1607604805576368054 : Checking image 1 border bottom 1753
1607604805576403254 : Checking image 1 border left 1239
1607604805576438754 : Checking image 1 border right 1239
1607604805578209459 : Checking image 2 dpi 300
1607604805578310359 : Checking image 2 border top 227
1607604805578347859 : Checking image 2 border bottom 261
1607604805578383159 : Checking image 2 border left 206
1607604805578418159 : Checking image 2 border right 206

</system-out><system-err>--------------------------------- Captured Err ---------------------------------

</system-err></testcase><testcase classname="tests.test_images" name="test_angle_page_lower_split_line_png" time="65.784"><system-out>--------------------------------- Captured Log ---------------------------------

--------------------------------- Captured Out ---------------------------------
/home/runner/work/ocr-book/ocr-book/tests/angle_page_lower_split_line.png
1607604826740077564 : Checking separation double page angle 89.75201324945476
1607604826740195664 : Checking separation double page y=0 2473
1607604837215262188 : Checking page rotation 1 -0.44999999999999746
1607604845016285424 : Checking page rotation 2 0.2
1607604848409571426 : Checking image 1 crop x1 245
1607604848409705727 : Checking image 1 crop y1 161
1607604848409747927 : Checking image 1 crop x2 2351
1607604848409786927 : Checking image 1 crop y2 3364
1607604851688969029 : Checking image 2 crop x1 151
1607604851689100929 : Checking image 2 crop y1 147
1607604851689142930 : Checking image 2 crop x2 2258
1607604851689182230 : Checking image 2 crop y2 3350
1607604851730319426 : Checking image 1 dpi 300
1607604851730440126 : Checking image 1 border top 141
1607604851730480326 : Checking image 1 border bottom 143
1607604851730516327 : Checking image 1 border left 177
1607604851730551227 : Checking image 1 border right 177
1607604851732943432 : Checking image 2 dpi 300
1607604851733047933 : Checking image 2 border top 129
1607604851733085233 : Checking image 2 border bottom 155
1607604851733120633 : Checking image 2 border left 176
1607604851733155433 : Checking image 2 border right 176

</system-out><system-err>--------------------------------- Captured Err ---------------------------------

</system-err></testcase><testcase classname="tests.test_images" name="test_black_border_not_removed_png" time="70.723"><system-out>--------------------------------- Captured Log ---------------------------------

--------------------------------- Captured Out ---------------------------------
/home/runner/work/ocr-book/ocr-book/tests/black-border-not-removed.png
1607604845591507782 : Checking separation double page angle 90.02895758682554
1607604845591623083 : Checking separation double page y=0 2456
1607604854122158425 : Checking page rotation 1 0.0
1607604866385153106 : Checking page rotation 2 0.0
1607604870471301020 : Checking image 1 crop x1 297
1607604870471500521 : Checking image 1 crop y1 143
1607604870471541921 : Checking image 1 crop x2 2309
1607604870471578321 : Checking image 1 crop y2 3346
1607604876253145181 : Checking image 2 crop x1 157
1607604876253280282 : Checking image 2 crop y1 145
1607604876253322282 : Checking image 2 crop x2 2169
1607604876253361083 : Checking image 2 crop y2 3352
1607604876293686680 : Checking image 1 dpi 300
1607604876293798681 : Checking image 1 border top 127
1607604876293837681 : Checking image 1 border bottom 157
1607604876293874681 : Checking image 1 border left 224
1607604876293910381 : Checking image 1 border right 224
1607604876295923096 : Checking image 2 dpi 300
1607604876296608701 : Checking image 2 border top 133
1607604876296648202 : Checking image 2 border bottom 147
1607604876296683602 : Checking image 2 border left 224
1607604876296720602 : Checking image 2 border right 224

</system-out><system-err>--------------------------------- Captured Err ---------------------------------

</system-err></testcase><testcase classname="tests.test_images" name="test_wrong_split_line_png" time="49.638"><system-out>--------------------------------- Captured Log ---------------------------------

--------------------------------- Captured Out ---------------------------------
/home/runner/work/ocr-book/ocr-book/tests/wrong_split_line.png
1607604881486252617 : Checking separation double page angle 89.85895720607971
1607604881486362717 : Checking separation double page y=0 2463
1607604888206476698 : Checking page rotation 1 -0.14999999999999067
1607604895755236366 : Checking page rotation 2 0.65
1607604898430930648 : Checking image 1 crop x1 213
1607604898431062249 : Checking image 1 crop y1 157
1607604898431103849 : Checking image 1 crop x2 2323
1607604898431174550 : Checking image 1 crop y2 3362
1607604901340079144 : Checking image 2 crop x1 126
1607604901340211344 : Checking image 2 crop y1 167
1607604901340253745 : Checking image 2 crop x2 2237
1607604901340292845 : Checking image 2 crop y2 3372
1607604901379205600 : Checking image 1 dpi 300
1607604901379330301 : Checking image 1 border top 135
1607604901379369901 : Checking image 1 border bottom 147
1607604901379405501 : Checking image 1 border left 175
1607604901379440601 : Checking image 1 border right 175
1607604901381706216 : Checking image 2 dpi 300
1607604901381800417 : Checking image 2 border top 139
1607604901381837617 : Checking image 2 border bottom 143
1607604901381872217 : Checking image 2 border left 174
1607604901381907017 : Checking image 2 border right 174

</system-out><system-err>--------------------------------- Captured Err ---------------------------------

</system-err></testcase><testcase classname="tests.test_images" name="test_image_failed_to_rotate_png" time="69.074"><system-out>--------------------------------- Captured Log ---------------------------------

--------------------------------- Captured Out ---------------------------------
/home/runner/work/ocr-book/ocr-book/tests/image_failed_to_rotate.png
1607604911550158051 : Checking separation double page angle 90.19634423290289
1607604911550272452 : Checking separation double page y=0 2482
1607604917356153951 : Checking page rotation 1 0.35
1607604926654741514 : Checking page rotation 2 0.45
1607604939270604983 : Checking image 1 crop x1 34
1607604939270726784 : Checking image 1 crop y1 1
1607604939270770184 : Checking image 1 crop x2 2480
1607604939270808684 : Checking image 1 crop y2 3500
1607604945205671193 : Checking image 2 crop x1 169
1607604945205805794 : Checking image 2 crop y1 234
1607604945205847594 : Checking image 2 crop x2 2248
1607604945205885695 : Checking image 2 crop y2 3355
1607604945253309653 : Checking image 1 dpi 300
1607604945253437753 : Checking image 1 border top 4
1607604945253477753 : Checking image 1 border bottom 4
1607604945253513254 : Checking image 1 border left 17
1607604945253549154 : Checking image 1 border right 17
1607604945255615165 : Checking image 2 dpi 300
1607604945255718266 : Checking image 2 border top 221
1607604945255758366 : Checking image 2 border bottom 145
1607604945255793166 : Checking image 2 border left 190
1607604945255827966 : Checking image 2 border right 190

</system-out><system-err>--------------------------------- Captured Err ---------------------------------

</system-err></testcase><testcase classname="tests.test_images" name="test_crop_too_much_png" time="93.597"><system-out>--------------------------------- Captured Log ---------------------------------

--------------------------------- Captured Out ---------------------------------
/home/runner/work/ocr-book/ocr-book/tests/crop_too_much.png
1607604956014347975 : Checking separation double page angle 90.13239409272954
1607604956014469976 : Checking separation double page y=0 2453
1607604970670535494 : Checking page rotation 1 0.0
1607604985255685457 : Checking page rotation 2 0.45
1607604990261544599 : Checking image 1 crop x1 303
1607604990261668299 : Checking image 1 crop y1 148
1607604990261709499 : Checking image 1 crop x2 2313
1607604990261751700 : Checking image 1 crop y2 3351
1607604994910365635 : Checking image 2 crop x1 170
1607604994910492836 : Checking image 2 crop y1 155
1607604994910534336 : Checking image 2 crop x2 2181
1607604994910572536 : Checking image 2 crop y2 3359
1607604994962922976 : Checking image 1 dpi 300
1607604994963038877 : Checking image 1 border top 131
1607604994963077777 : Checking image 1 border bottom 153
1607604994963144977 : Checking image 1 border left 225
1607604994963182577 : Checking image 1 border right 225
1607604994965012086 : Checking image 2 dpi 300
1607604994965104486 : Checking image 2 border top 133
1607604994965141086 : Checking image 2 border bottom 150
1607604994965175387 : Checking image 2 border left 224
1607604994965209887 : Checking image 2 border right 224

</system-out><system-err>--------------------------------- Captured Err ---------------------------------

</system-err></testcase><testcase classname="tests.test_images" name="test_image_failed_to_crop_data_png" time="68.865"><system-out>--------------------------------- Captured Log ---------------------------------

--------------------------------- Captured Out ---------------------------------
/home/runner/work/ocr-book/ocr-book/tests/image_failed_to_crop_data.png
1607604981309037404 : Checking separation double page angle 89.91538216173362
1607604981309154304 : Checking separation double page y=0 2477
1607604988193680762 : Checking page rotation 1 0.2
1607604995580043496 : Checking page rotation 2 0.0
1607605008826877999 : Checking image 1 crop x1 58
1607605008827017199 : Checking image 1 crop y1 8
1607605008827061199 : Checking image 1 crop x2 2480
1607605008827100500 : Checking image 1 crop y2 3504
1607605014130289995 : Checking image 2 crop x1 159
1607605014130424696 : Checking image 2 crop y1 217
1607605014130466196 : Checking image 2 crop x2 2241
1607605014130504796 : Checking image 2 crop y2 3350
1607605014166817853 : Checking image 1 dpi 300
1607605014166937654 : Checking image 1 border top 6
1607605014166978954 : Checking image 1 border bottom 6
1607605014167014554 : Checking image 1 border left 29
1607605014167049954 : Checking image 1 border right 29
1607605014169114563 : Checking image 2 dpi 300
1607605014169219563 : Checking image 2 border top 206
1607605014169257364 : Checking image 2 border bottom 148
1607605014169292064 : Checking image 2 border left 189
1607605014169326764 : Checking image 2 border right 189

</system-out><system-err>--------------------------------- Captured Err ---------------------------------

</system-err></testcase><testcase classname="tests.test_images" name="test_crop_too_few_png" time="55.675"><system-out>--------------------------------- Captured Log ---------------------------------

--------------------------------- Captured Out ---------------------------------
/home/runner/work/ocr-book/ocr-book/tests/crop_too_few.png
1607605029016485520 : Checking separation double page angle 89.39669496435833
1607605029016595721 : Checking separation double page y=0 2510
1607605036550452672 : Checking page rotation 1 -0.7499999999999916
1607605044343210072 : Checking page rotation 2 0.05
1607605047546227705 : Checking image 1 crop x1 265
1607605047546362406 : Checking image 1 crop y1 152
1607605047546409606 : Checking image 1 crop x2 2375
1607605047546446306 : Checking image 1 crop y2 3356
1607605050620893436 : Checking image 2 crop x1 135
1607605050621022637 : Checking image 2 crop y1 141
1607605050621064537 : Checking image 2 crop x2 2261
1607605050621103437 : Checking image 2 crop y2 3345
1607605050661817897 : Checking image 1 dpi 300
1607605050661938498 : Checking image 1 border top 134
1607605050661979498 : Checking image 1 border bottom 149
1607605050662016298 : Checking image 1 border left 175
1607605050662051998 : Checking image 1 border right 175
1607605050663954506 : Checking image 2 dpi 300
1607605050664049106 : Checking image 2 border top 129
1607605050664086006 : Checking image 2 border bottom 154
1607605050664120706 : Checking image 2 border left 167
1607605050664155406 : Checking image 2 border right 167

</system-out><system-err>--------------------------------- Captured Err ---------------------------------

</system-err></testcase><testcase classname="tests.test_images" name="test_wrong_angle_split_line_png" time="76.914"><system-out>--------------------------------- Captured Log ---------------------------------

--------------------------------- Captured Out ---------------------------------
/home/runner/work/ocr-book/ocr-book/tests/wrong_angle_split_line.png
1607605051688227827 : Checking separation double page angle 90.0419342000635
1607605051688341428 : Checking separation double page y=0 2477
1607605060468877114 : Checking page rotation 1 0.2
1607605070243976186 : Checking page rotation 2 0.2
1607605083938576002 : Checking image 1 crop x1 61
1607605083938716703 : Checking image 1 crop y1 7
1607605083938760703 : Checking image 1 crop x2 2475
1607605083938799103 : Checking image 1 crop y2 3500
1607605090152502010 : Checking image 2 crop x1 165
1607605090152639810 : Checking image 2 crop y1 219
1607605090152681011 : Checking image 2 crop x2 2241
1607605090152719511 : Checking image 2 crop y2 3348
1607605090338794683 : Checking image 1 dpi 300
1607605090338909984 : Checking image 1 border top 7
1607605090338948884 : Checking image 1 border bottom 7
1607605090338984184 : Checking image 1 border left 33
1607605090339020684 : Checking image 1 border right 33
1607605090346728012 : Checking image 2 dpi 300
1607605090346845012 : Checking image 2 border top 207
1607605090346882612 : Checking image 2 border bottom 151
1607605090346919813 : Checking image 2 border left 192
1607605090346955013 : Checking image 2 border right 192

</system-out><system-err>--------------------------------- Captured Err ---------------------------------

</system-err></testcase><testcase classname="tests.test_images" name="test_crop_too_much_2_png" time="94.554"><system-out>--------------------------------- Captured Log ---------------------------------

--------------------------------- Captured Out ---------------------------------
/home/runner/work/ocr-book/ocr-book/tests/crop_too_much_2.png
1607605103369340840 : Checking separation double page angle 90.20211186462491
1607605103369447541 : Checking separation double page y=0 2477
1607605117959369142 : Checking page rotation 1 0.2
1607605134073447414 : Checking page rotation 2 0.2
1607605138982291175 : Checking image 1 crop x1 332
1607605138982421375 : Checking image 1 crop y1 131
1607605138982463075 : Checking image 1 crop x2 2342
1607605138982499975 : Checking image 1 crop y2 3336
1607605145117962792 : Checking image 2 crop x1 168
1607605145118088893 : Checking image 2 crop y1 139
1607605145118130293 : Checking image 2 crop x2 2181
1607605145118168693 : Checking image 2 crop y2 3345
1607605145176618787 : Checking image 1 dpi 300
1607605145176744387 : Checking image 1 border top 118
1607605145176784487 : Checking image 1 border bottom 164
1607605145176819687 : Checking image 1 border left 225
1607605145176855488 : Checking image 1 border right 225
1607605145179007695 : Checking image 2 dpi 300
1607605145179096295 : Checking image 2 border top 127
1607605145179167895 : Checking image 2 border bottom 154
1607605145179202695 : Checking image 2 border left 223
1607605145179239895 : Checking image 2 border right 223

</system-out><system-err>--------------------------------- Captured Err ---------------------------------

</system-err></testcase><testcase classname="tests.test_images" name="test_wrong_split_line_3_png" time="71.243"><system-out>--------------------------------- Captured Log ---------------------------------

--------------------------------- Captured Out ---------------------------------
/home/runner/work/ocr-book/ocr-book/tests/wrong_split_line_3.png
1607605135126687255 : Checking separation double page angle 90.43729500214694
1607605135126797356 : Checking separation double page y=0 2498
1607605146667585922 : Checking page rotation 1 0.30000000000000004
1607605155727216710 : Checking page rotation 2 0.9
1607605159128069005 : Checking image 1 crop x1 331
1607605159128204405 : Checking image 1 crop y1 165
1607605159128245906 : Checking image 1 crop x2 2375
1607605159128284506 : Checking image 1 crop y2 3376
1607605162355957393 : Checking image 2 crop x1 102
1607605162356095593 : Checking image 2 crop y1 208
1607605162356137193 : Checking image 2 crop x2 2133
1607605162356175293 : Checking image 2 crop y2 3413
1607605162398532731 : Checking image 1 dpi 300
1607605162398655331 : Checking image 1 border top 148
1607605162398695531 : Checking image 1 border bottom 128
1607605162398731231 : Checking image 1 border left 208
1607605162398766532 : Checking image 1 border right 208
1607605162400955139 : Checking image 2 dpi 300
1607605162401058739 : Checking image 2 border top 191
1607605162401099839 : Checking image 2 border bottom 91
1607605162401134439 : Checking image 2 border left 214
1607605162401169439 : Checking image 2 border right 214

</system-out><system-err>--------------------------------- Captured Err ---------------------------------

</system-err></testcase><testcase classname="tests.test_images" name="test_wrong_split_line_2_png" time="112.811"><system-out>--------------------------------- Captured Log ---------------------------------

--------------------------------- Captured Out ---------------------------------
/home/runner/work/ocr-book/ocr-book/tests/wrong_split_line_2.png
1607605210892298383 : Checking separation double page angle 90.38387862177287
1607605210892406184 : Checking separation double page y=0 2442
1607605224637366081 : Checking page rotation 1 0.05
1607605238961100682 : Checking page rotation 2 0.4
1607605246742714029 : Checking image 1 crop x1 294
1607605246742842830 : Checking image 1 crop y1 137
1607605246742884730 : Checking image 1 crop x2 2326
1607605246742921530 : Checking image 1 crop y2 3375
1607605257931635335 : Checking image 2 crop x1 146
1607605257931757935 : Checking image 2 crop y1 192
1607605257931799035 : Checking image 2 crop x2 2173
1607605257931837435 : Checking image 2 crop y2 3386
1607605258010887971 : Checking image 1 dpi 300
1607605258011001072 : Checking image 1 border top 124
1607605258011038972 : Checking image 1 border bottom 124
1607605258011073172 : Checking image 1 border left 214
1607605258011107672 : Checking image 1 border right 214
1607605258012976877 : Checking image 2 dpi 300
1607605258013064978 : Checking image 2 border top 185
1607605258013101678 : Checking image 2 border bottom 108
1607605258013135678 : Checking image 2 border left 216
1607605258013174078 : Checking image 2 border right 216

</system-out><system-err>--------------------------------- Captured Err ---------------------------------

</system-err></testcase><testcase classname="tests.test_images" name="test_wrong_wave_split_line_png" time="107.520"><system-out>--------------------------------- Captured Log ---------------------------------

--------------------------------- Captured Out ---------------------------------
/home/runner/work/ocr-book/ocr-book/tests/wrong_wave_split_line.png
1607605217321512380 : Checking separation double page angle 90.52878604107717
1607605217321625480 : Checking separation double page y=0 2502
1607605230445235275 : Checking page rotation 1 -0.14999999999999067
1607605242500733563 : Checking page rotation 2 0.85
1607605252034774506 : Checking image 1 crop x1 385
1607605252034912807 : Checking image 1 crop y1 179
1607605252034953507 : Checking image 1 crop x2 2411
1607605252034989807 : Checking image 1 crop y2 3374
1607605269849799273 : Checking image 2 crop x1 27
1607605269849932274 : Checking image 2 crop y1 1
1607605269849974374 : Checking image 2 crop x2 2489
1607605269850014174 : Checking image 2 crop y2 3505
1607605269910529653 : Checking image 1 dpi 300
1607605269910653354 : Checking image 1 border top 169
1607605269910694654 : Checking image 1 border bottom 123
1607605269910730854 : Checking image 1 border left 217
1607605269910765954 : Checking image 1 border right 217
1607605269912888260 : Checking image 2 dpi 300
1607605269912991361 : Checking image 2 border top 2
1607605269913032261 : Checking image 2 border bottom 2
1607605269913066361 : Checking image 2 border left 9
1607605269913103561 : Checking image 2 border right 9

</system-out><system-err>--------------------------------- Captured Err ---------------------------------

</system-err></testcase><testcase classname="tests.test_images" name="test_small_wave_png" time="81.060"><system-out>--------------------------------- Captured Log ---------------------------------

--------------------------------- Captured Out ---------------------------------
/home/runner/work/ocr-book/ocr-book/tests/small_wave.png
1607605308482811935 : Checking separation double page angle 90.61316928841565
1607605308482926735 : Checking separation double page y=0 2495
1607605320939321768 : Checking page rotation 1 0.7
1607605332503648058 : Checking page rotation 2 0.7
1607605335618212327 : Checking image 1 crop x1 322
1607605335618336427 : Checking image 1 crop y1 199
1607605335618377627 : Checking image 1 crop x2 2351
1607605335618415727 : Checking image 1 crop y2 3394
1607605339026114030 : Checking image 2 crop x1 135
1607605339026242430 : Checking image 2 crop y1 223
1607605339026284530 : Checking image 2 crop x2 2164
1607605339026324430 : Checking image 2 crop y2 3419
1607605339071369260 : Checking image 1 dpi 300
1607605339071481260 : Checking image 1 border top 178
1607605339071520360 : Checking image 1 border bottom 114
1607605339071555060 : Checking image 1 border left 215
1607605339071590160 : Checking image 1 border right 215
1607605339073712066 : Checking image 2 dpi 300
1607605339073801067 : Checking image 2 border top 196
1607605339073839167 : Checking image 2 border bottom 95
1607605339073873267 : Checking image 2 border left 215
1607605339073907967 : Checking image 2 border right 215

</system-out><system-err>--------------------------------- Captured Err ---------------------------------

</system-err></testcase><testcase classname="tests.test_images" name="test_no_split_line_line_algo_png" time="62.834"><system-out>--------------------------------- Captured Log ---------------------------------

--------------------------------- Captured Out ---------------------------------
/home/runner/work/ocr-book/ocr-book/tests/no_split_line_line_algo.png
1607605306911214863 : Checking separation double page angle 89.47691469185418
1607605306911332863 : Checking separation double page y=0 2476
1607605313238813052 : Checking page rotation 1 -0.14999999999999067
1607605325654700600 : Checking page rotation 2 -0.44999999999999746
1607605328450125870 : Checking image 1 crop x1 205
1607605328450268270 : Checking image 1 crop y1 158
1607605328450309770 : Checking image 1 crop x2 2320
1607605328450348070 : Checking image 1 crop y2 3366
1607605332712429559 : Checking image 2 crop x1 185
1607605332712567160 : Checking image 2 crop y1 221
1607605332712609260 : Checking image 2 crop x2 2201
1607605332712647060 : Checking image 2 crop y2 3366
1607605332762197603 : Checking image 1 dpi 300
1607605332762320003 : Checking image 1 border top 141
1607605332762359303 : Checking image 1 border bottom 138
1607605332762394203 : Checking image 1 border left 172
1607605332762429103 : Checking image 1 border right 172
1607605332764514409 : Checking image 2 dpi 300
1607605332764607109 : Checking image 2 border top 215
1607605332764644410 : Checking image 2 border bottom 127
1607605332764679110 : Checking image 2 border left 222
1607605332764713310 : Checking image 2 border right 222

</system-out><system-err>--------------------------------- Captured Err ---------------------------------

</system-err></testcase><testcase classname="tests.test_images" name="test_failed_split_line_line_algo_2_png" time="81.562"><system-out>--------------------------------- Captured Log ---------------------------------

--------------------------------- Captured Out ---------------------------------
/home/runner/work/ocr-book/ocr-book/tests/failed_split_line_line_algo_2.png
1607605383392274829 : Checking separation double page angle 89.99134220573251
1607605383392391629 : Checking separation double page y=0 2498
1607605396820489856 : Checking page rotation 1 0.0
1607605407366780312 : Checking page rotation 2 0.6000000000000001
1607605410826649773 : Checking image 1 crop x1 272
1607605410826791874 : Checking image 1 crop y1 149
1607605410826833274 : Checking image 1 crop x2 2383
1607605410826869775 : Checking image 1 crop y2 3353
1607605414280630550 : Checking image 2 crop x1 121
1607605414280756151 : Checking image 2 crop y1 155
1607605414280807152 : Checking image 2 crop x2 2244
1607605414280845552 : Checking image 2 crop y2 3350
1607605414327939546 : Checking image 1 dpi 300
1607605414328054647 : Checking image 1 border top 139
1607605414328093647 : Checking image 1 border bottom 144
1607605414328128547 : Checking image 1 border left 174
1607605414328164648 : Checking image 1 border right 174
1607605414330261861 : Checking image 2 dpi 300
1607605414330350661 : Checking image 2 border top 136
1607605414330386662 : Checking image 2 border bottom 156
1607605414330420862 : Checking image 2 border left 168
1607605414330455162 : Checking image 2 border right 168

</system-out><system-err>--------------------------------- Captured Err ---------------------------------

</system-err></testcase><testcase classname="tests.test_images" name="test_failed_split_line_line_algo_png" time="28.735"><system-out>--------------------------------- Captured Log ---------------------------------

--------------------------------- Captured Out ---------------------------------
/home/runner/work/ocr-book/ocr-book/tests/failed_split_line_line_algo.png
1607605357116767387 : Checking separation double page angle 90.0163422057325
1607605357116876587 : Checking separation double page y=0 2575
1607605360961218471 : Checking page rotation 1 -0.14999999999999067
1607605363382955484 : Checking page rotation 2 0.0
1607605366220918878 : Checking image 1 crop x1 407
1607605366221047979 : Checking image 1 crop y1 2925
1607605366221089979 : Checking image 1 crop x2 2419
1607605366221125579 : Checking image 1 crop y2 3174
1607605367858096245 : Checking image 2 crop x1 1184
1607605367858210646 : Checking image 2 crop y1 1744
1607605367858249446 : Checking image 2 crop x2 1185
1607605367858286346 : Checking image 2 crop y2 1745
1607605367858611947 : Checking image 1 dpi 300
1607605367858700347 : Checking image 1 border top 2917
1607605367858739347 : Checking image 1 border bottom 321
1607605367858774647 : Checking image 1 border left 224
1607605367858809748 : Checking image 1 border right 224
1607605367860516452 : Checking image 2 dpi 300
1607605367860613053 : Checking image 2 border top 1752
1607605367860653653 : Checking image 2 border bottom 1753
1607605367860688053 : Checking image 2 border left 1239
1607605367860722853 : Checking image 2 border right 1239

</system-out><system-err>--------------------------------- Captured Err ---------------------------------

</system-err></testcase><testcase classname="tests.test_images" name="test_wrong_wave_split_line_2_png" time="81.663"><system-out>--------------------------------- Captured Log ---------------------------------

--------------------------------- Captured Out ---------------------------------
/home/runner/work/ocr-book/ocr-book/tests/wrong_wave_split_line_2.png
1607605418606813499 : Checking separation double page angle 90.7708958311329
1607605418606926200 : Checking separation double page y=0 2490
1607605429413619859 : Checking page rotation 1 0.4
1607605442421890483 : Checking page rotation 2 1.8
1607605445873121501 : Checking image 1 crop x1 224
1607605445873245902 : Checking image 1 crop y1 147
1607605445873287702 : Checking image 1 crop x2 2337
1607605445873326802 : Checking image 1 crop y2 3355
1607605449431684719 : Checking image 2 crop x1 107
1607605449431802620 : Checking image 2 crop y1 197
1607605449431854220 : Checking image 2 crop x2 2229
1607605449431890921 : Checking image 2 crop y2 3396
1607605449485759836 : Checking image 1 dpi 300
1607605449485875137 : Checking image 1 border top 133
1607605449485913837 : Checking image 1 border bottom 146
1607605449485948737 : Checking image 1 border left 173
1607605449485983238 : Checking image 1 border right 173
1607605449488133450 : Checking image 2 dpi 300
1607605449488220851 : Checking image 2 border top 167
1607605449488257751 : Checking image 2 border bottom 121
1607605449488291651 : Checking image 2 border left 169
1607605449488326351 : Checking image 2 border right 169

</system-out><system-err>--------------------------------- Captured Err ---------------------------------

</system-err></testcase><testcase classname="tests.test_images" name="test_crop_too_much_3_png" time="78.992"><system-out>--------------------------------- Captured Log ---------------------------------

--------------------------------- Captured Out ---------------------------------
/home/runner/work/ocr-book/ocr-book/tests/crop_too_much_3.png
1607605460280064681 : Checking separation double page angle 89.55580634783144
1607605460280178881 : Checking separation double page y=0 2499
1607605470180353705 : Checking page rotation 1 -0.9499999999999917
1607605483971244731 : Checking page rotation 2 -0.14999999999999067
1607605488512668508 : Checking image 1 crop x1 373
1607605488512805909 : Checking image 1 crop y1 258
1607605488512847609 : Checking image 1 crop x2 2386
1607605488512883810 : Checking image 1 crop y2 3458
1607605493265109849 : Checking image 2 crop x1 167
1607605493265243250 : Checking image 2 crop y1 228
1607605493265283650 : Checking image 2 crop x2 2180
1607605493265321350 : Checking image 2 crop y2 3417
1607605493317696235 : Checking image 1 dpi 300
1607605493317808235 : Checking image 1 border top 239
1607605493317847636 : Checking image 1 border bottom 48
1607605493317882436 : Checking image 1 border left 223
1607605493317918836 : Checking image 1 border right 223
1607605493320012847 : Checking image 2 dpi 300
1607605493320105648 : Checking image 2 border top 207
1607605493320141648 : Checking image 2 border bottom 91
1607605493320176148 : Checking image 2 border left 223
1607605493320211049 : Checking image 2 border right 223

</system-out><system-err>--------------------------------- Captured Err ---------------------------------

</system-err></testcase><testcase classname="tests.test_images" name="test_wrong_wave_split_line_3_png" time="72.479"><system-out>--------------------------------- Captured Log ---------------------------------

--------------------------------- Captured Out ---------------------------------
/home/runner/work/ocr-book/ocr-book/tests/wrong_wave_split_line_3.png
1607605495681632262 : Checking separation double page angle 90.05867351615122
1607605495681739563 : Checking separation double page y=0 2510
1607605506466895473 : Checking page rotation 1 0.1
1607605515254009331 : Checking page rotation 2 0.35
1607605518635636841 : Checking image 1 crop x1 272
1607605518635765242 : Checking image 1 crop y1 219
1607605518635805942 : Checking image 1 crop x2 2383
1607605518635841842 : Checking image 1 crop y2 3423
1607605521937508747 : Checking image 2 crop x1 119
1607605521937638847 : Checking image 2 crop y1 226
1607605521937679848 : Checking image 2 crop x2 2240
1607605521937718048 : Checking image 2 crop y2 3413
1607605521980709471 : Checking image 1 dpi 300
1607605521980829572 : Checking image 1 border top 202
1607605521980869672 : Checking image 1 border bottom 81
1607605521980905272 : Checking image 1 border left 174
1607605521980942273 : Checking image 1 border right 174
1607605521983186184 : Checking image 2 dpi 300
1607605521983281885 : Checking image 2 border top 203
1607605521983318885 : Checking image 2 border bottom 97
1607605521983353385 : Checking image 2 border left 169
1607605521983390485 : Checking image 2 border right 169

</system-out><system-err>--------------------------------- Captured Err ---------------------------------

</system-err></testcase><testcase classname="tests.test_images" name="test_no_split_line_wave_algo_png" time="73.331"><system-out>--------------------------------- Captured Log ---------------------------------

--------------------------------- Captured Out ---------------------------------
/home/runner/work/ocr-book/ocr-book/tests/no_split_line_wave_algo.png
1607605528915680225 : Checking separation double page angle 89.93575909193096
1607605528915797526 : Checking separation double page y=0 2482
1607605536384018623 : Checking page rotation 1 0.0
1607605547096291989 : Checking page rotation 2 -0.5499999999999912
1607605558493305509 : Checking image 1 crop x1 97
1607605558493392310 : Checking image 1 crop y1 77
1607605558493430110 : Checking image 1 crop x2 2483
1607605558493466210 : Checking image 1 crop y2 3505
1607605566559708543 : Checking image 2 crop x1 164
1607605566559844044 : Checking image 2 crop y1 266
1607605566559886844 : Checking image 2 crop x2 2241
1607605566559923245 : Checking image 2 crop y2 3382
1607605566606264470 : Checking image 1 dpi 300
1607605566606387371 : Checking image 1 border top 40
1607605566606426271 : Checking image 1 border bottom 40
1607605566606461671 : Checking image 1 border left 47
1607605566606496772 : Checking image 1 border right 47
1607605566608724982 : Checking image 2 dpi 300
1607605566608819083 : Checking image 2 border top 254
1607605566608855383 : Checking image 2 border bottom 117
1607605566608889883 : Checking image 2 border left 191
1607605566608924383 : Checking image 2 border right 191

</system-out><system-err>--------------------------------- Captured Err ---------------------------------

</system-err></testcase><testcase classname="tests.test_images" name="test_no_split_line_wave_algo_2_png" time="62.250"><system-out>--------------------------------- Captured Log ---------------------------------

--------------------------------- Captured Out ---------------------------------
/home/runner/work/ocr-book/ocr-book/tests/no_split_line_wave_algo_2.png
1607605559425590001 : Checking separation double page angle 91.21822795596304
1607605559425708502 : Checking separation double page y=0 2488
1607605568807177981 : Checking page rotation 1 1.0999999999999999
1607605577981566689 : Checking page rotation 2 0.2
1607605581298045272 : Checking image 1 crop x1 266
1607605581298175573 : Checking image 1 crop y1 210
1607605581298217973 : Checking image 1 crop x2 2342
1607605581298257273 : Checking image 1 crop y2 3413
1607605584193087282 : Checking image 2 crop x1 199
1607605584193211182 : Checking image 2 crop y1 241
1607605584193253283 : Checking image 2 crop x2 2282
1607605584193291083 : Checking image 2 crop y2 3433
1607605584237201992 : Checking image 1 dpi 300
1607605584237316692 : Checking image 1 border top 194
1607605584237355792 : Checking image 1 border bottom 90
1607605584237390193 : Checking image 1 border left 192
1607605584237424693 : Checking image 1 border right 192
1607605584239651303 : Checking image 2 dpi 300
1607605584239751704 : Checking image 2 border top 226
1607605584239789304 : Checking image 2 border bottom 69
1607605584239823504 : Checking image 2 border left 188
1607605584239857904 : Checking image 2 border right 188

</system-out><system-err>--------------------------------- Captured Err ---------------------------------

</system-err></testcase><testcase classname="tests.test_images" name="test_crop_too_few_2_png" time="57.767"><system-out>--------------------------------- Captured Log ---------------------------------

--------------------------------- Captured Out ---------------------------------
/home/runner/work/ocr-book/ocr-book/tests/crop_too_few_2.png
1607605602087917811 : Checking separation double page angle 90.25476192320097
1607605602088037111 : Checking separation double page y=0 2531
1607605610684561208 : Checking page rotation 1 1.2000000000000002
1607605618055827105 : Checking page rotation 2 -0.09999999999999377
1607605621444232040 : Checking image 1 crop x1 287
1607605621444360541 : Checking image 1 crop y1 165
1607605621444401341 : Checking image 1 crop x2 2398
1607605621444437741 : Checking image 1 crop y2 3368
1607605624402227465 : Checking image 2 crop x1 145
1607605624402354766 : Checking image 2 crop y1 188
1607605624402394066 : Checking image 2 crop x2 2271
1607605624402432066 : Checking image 2 crop y2 3386
1607605624443322751 : Checking image 1 dpi 300
1607605624443440652 : Checking image 1 border top 139
1607605624443478652 : Checking image 1 border bottom 145
1607605624443513352 : Checking image 1 border left 174
1607605624443547952 : Checking image 1 border right 174
1607605624445611962 : Checking image 2 dpi 300
1607605624445701462 : Checking image 2 border top 180
1607605624445737462 : Checking image 2 border bottom 109
1607605624445771663 : Checking image 2 border left 167
1607605624445805963 : Checking image 2 border right 167

</system-out><system-err>--------------------------------- Captured Err ---------------------------------

</system-err></testcase><testcase classname="tests.test_images" name="test_failed_detect_rectangle_png" time="80.137"><system-out>--------------------------------- Captured Log ---------------------------------

--------------------------------- Captured Out ---------------------------------
/home/runner/work/ocr-book/ocr-book/tests/failed_detect_rectangle.png
1607605632274969572 : Checking separation double page angle 90.19837516213148
1607605632275079672 : Checking separation double page y=0 2471
1607605643670723006 : Checking page rotation 1 0.2
1607605657412584262 : Checking page rotation 2 0.2
1607605660658577312 : Checking image 1 crop x1 257
1607605660658696713 : Checking image 1 crop y1 201
1607605660658736813 : Checking image 1 crop x2 2333
1607605660658772813 : Checking image 1 crop y2 3402
1607605664312462083 : Checking image 2 crop x1 139
1607605664312581784 : Checking image 2 crop y1 215
1607605664312621784 : Checking image 2 crop x2 2222
1607605664312658984 : Checking image 2 crop y2 3406
1607605664366777918 : Checking image 1 dpi 300
1607605664366896919 : Checking image 1 border top 188
1607605664366936619 : Checking image 1 border bottom 98
1607605664366971519 : Checking image 1 border left 192
1607605664367006319 : Checking image 1 border right 192
1607605664369171429 : Checking image 2 dpi 300
1607605664369261529 : Checking image 2 border top 200
1607605664369298429 : Checking image 2 border bottom 95
1607605664369332030 : Checking image 2 border left 188
1607605664369366830 : Checking image 2 border right 188

</system-out><system-err>--------------------------------- Captured Err ---------------------------------

</system-err></testcase><testcase classname="tests.test_images" name="test_single_page_png" time="26.225"><system-out>--------------------------------- Captured Log ---------------------------------

--------------------------------- Captured Out ---------------------------------
/home/runner/work/ocr-book/ocr-book/tests/single_page.png
1607605634767618747 : Checking separation double page angle 89.97500000000001
1607605634767748448 : Checking separation double page y=0 2469
1607605640816349135 : Checking page rotation 1 0.0
1607605641457997287 : Checking page rotation 2 0.0
1607605649630568537 : Checking image 1 crop x1 1
1607605649630655637 : Checking image 1 crop y1 9
1607605649630693237 : Checking image 1 crop x2 2464
1607605649630729138 : Checking image 1 crop y2 3505
1607605650295559064 : Checking image 2 crop x1 0
1607605650295631265 : Checking image 2 crop y1 0
1607605650295665365 : Checking image 2 crop x2 0
1607605650295698065 : Checking image 2 crop y2 0
1607605650295776665 : Checking image 1 dpi 300
1607605650295847366 : Checking image 1 border top 6
1607605650295883366 : Checking image 1 border bottom 6
1607605650295917866 : Checking image 1 border left 9
1607605650295952466 : Checking image 1 border right 9
1607605650302069593 : Checking image 2 border top 0
1607605650302144393 : Checking image 2 border bottom 0
1607605650302177493 : Checking image 2 border left 0
1607605650302211194 : Checking image 2 border right 0

</system-out><system-err>--------------------------------- Captured Err ---------------------------------

</system-err></testcase></testsuite></testsuites>