<?xml version="1.0" encoding="utf-8"?><testsuites><testsuite name="pytest" errors="0" failures="0" skipped="0" tests="36" time="724.579" timestamp="2021-01-07T09:23:13.871814" hostname="fv-az119-109"><testcase classname="tests.test_features" name="test_disabled_enable_debug" time="43.205"><system-out>--------------------------------- Captured Log ---------------------------------

--------------------------------- Captured Out ---------------------------------
/home/runner/work/ocr-book/ocr-book/tests/0001_debug.png
separation double page angle 90.5528088189967
separation double page y=0 2485
page rotation 1 0.5499999999999999
page rotation 2 0.2
image 1 crop x1 327
image 1 crop y1 334
image 1 crop x2 2346
image 1 crop y2 3221
image 2 crop x1 169
image 2 crop y1 648
image 2 crop x2 2186
image 2 crop y2 3361
image 1 dpi 300
image 1 border top 332
image 1 border bottom 268
image 1 border left 220
image 1 border right 220
image 2 dpi 300
image 2 border top 643
image 2 border bottom 131
image 2 border left 221
image 2 border right 221

</system-out><system-err>--------------------------------- Captured Err ---------------------------------

</system-err></testcase><testcase classname="tests.test_features" name="test_mock_stop_at_0" time="0.057"><system-out>--------------------------------- Captured Log ---------------------------------

--------------------------------- Captured Out ---------------------------------
/home/runner/work/ocr-book/ocr-book/tests/0001_0.png

</system-out><system-err>--------------------------------- Captured Err ---------------------------------

</system-err></testcase><testcase classname="tests.test_features" name="test_mock_stop_at_2" time="39.166"><system-out>--------------------------------- Captured Log ---------------------------------

--------------------------------- Captured Out ---------------------------------
/home/runner/work/ocr-book/ocr-book/tests/0001_2.png
separation double page angle 90.5528088189967
separation double page y=0 2485
page rotation 1 0.5499999999999999
page rotation 2 0.2

</system-out><system-err>--------------------------------- Captured Err ---------------------------------

</system-err></testcase><testcase classname="tests.test_features" name="test_mock_stop_at_4" time="42.589"><system-out>--------------------------------- Captured Log ---------------------------------

--------------------------------- Captured Out ---------------------------------
/home/runner/work/ocr-book/ocr-book/tests/0001_4.png
separation double page angle 90.5528088189967
separation double page y=0 2485
page rotation 1 0.5499999999999999
page rotation 2 0.2
image 1 crop x1 327
image 1 crop y1 334
image 1 crop x2 2346
image 1 crop y2 3221
image 2 crop x1 169
image 2 crop y1 648
image 2 crop x2 2186
image 2 crop y2 3361
image 1 dpi 300
image 1 border top 332
image 1 border bottom 268
image 1 border left 220
image 1 border right 220
image 2 dpi 300
image 2 border top 643
image 2 border bottom 131
image 2 border left 221
image 2 border right 221

</system-out><system-err>--------------------------------- Captured Err ---------------------------------

</system-err></testcase><testcase classname="tests.test_features" name="test_mock_stop_at_1" time="36.012"><system-out>--------------------------------- Captured Log ---------------------------------

--------------------------------- Captured Out ---------------------------------
/home/runner/work/ocr-book/ocr-book/tests/0001_1.png
separation double page angle 90.5528088189967
separation double page y=0 2485

</system-out><system-err>--------------------------------- Captured Err ---------------------------------

</system-err></testcase><testcase classname="tests.test_features" name="test_mock_stop_at_3" time="42.569"><system-out>--------------------------------- Captured Log ---------------------------------

--------------------------------- Captured Out ---------------------------------
/home/runner/work/ocr-book/ocr-book/tests/0001_3.png
separation double page angle 90.5528088189967
separation double page y=0 2485
page rotation 1 0.5499999999999999
page rotation 2 0.2
image 1 crop x1 327
image 1 crop y1 334
image 1 crop x2 2346
image 1 crop y2 3221
image 2 crop x1 169
image 2 crop y1 648
image 2 crop x2 2186
image 2 crop y2 3361

</system-out><system-err>--------------------------------- Captured Err ---------------------------------

</system-err></testcase><testcase classname="tests.test_images" name="test_0001_png" time="41.609"><system-out>--------------------------------- Captured Log ---------------------------------

--------------------------------- Captured Out ---------------------------------
/home/runner/work/ocr-book/ocr-book/tests/0001.png
1610011512709767489 : Checking separation double page angle 90.5528088189967
1610011512709883190 : Checking separation double page y=0 2485
1610011513626946104 : Checking page rotation 1 0.5499999999999999
1610011514813939188 : Checking page rotation 2 0.2
1610011516950954203 : Checking image 1 crop x1 327
1610011516951079804 : Checking image 1 crop y1 334
1610011516951115404 : Checking image 1 crop x2 2346
1610011516951149304 : Checking image 1 crop y2 3221
1610011518663298732 : Checking image 2 crop x1 169
1610011518663420633 : Checking image 2 crop y1 648
1610011518663458433 : Checking image 2 crop x2 2186
1610011518663490733 : Checking image 2 crop y2 3361
1610011518663661834 : Checking image 1 dpi 300
1610011518663728835 : Checking image 1 border top 332
1610011518663762435 : Checking image 1 border bottom 268
1610011518663793435 : Checking image 1 border left 220
1610011518663824036 : Checking image 1 border right 220
1610011518666725254 : Checking image 2 dpi 300
1610011518666815755 : Checking image 2 border top 643
1610011518666847655 : Checking image 2 border bottom 131
1610011518666878055 : Checking image 2 border left 221
1610011518666909055 : Checking image 2 border right 221

</system-out><system-err>--------------------------------- Captured Err ---------------------------------

</system-err></testcase><testcase classname="tests.test_features" name="test_mock_stop_at_5" time="42.562"><system-out>--------------------------------- Captured Log ---------------------------------

--------------------------------- Captured Out ---------------------------------
/home/runner/work/ocr-book/ocr-book/tests/0001_5.png
separation double page angle 90.5528088189967
separation double page y=0 2485
page rotation 1 0.5499999999999999
page rotation 2 0.2
image 1 crop x1 327
image 1 crop y1 334
image 1 crop x2 2346
image 1 crop y2 3221
image 2 crop x1 169
image 2 crop y1 648
image 2 crop x2 2186
image 2 crop y2 3361
image 1 dpi 300
image 1 border top 332
image 1 border bottom 268
image 1 border left 220
image 1 border right 220
image 2 dpi 300
image 2 border top 643
image 2 border bottom 131
image 2 border left 221
image 2 border right 221

</system-out><system-err>--------------------------------- Captured Err ---------------------------------

</system-err></testcase><testcase classname="tests.test_images" name="test_black_border_not_removed_png" time="46.179"><system-out>--------------------------------- Captured Log ---------------------------------

--------------------------------- Captured Out ---------------------------------
/home/runner/work/ocr-book/ocr-book/tests/black-border-not-removed.png
1610011557169150763 : Checking separation double page angle 90.033171103531
1610011557169252863 : Checking separation double page y=0 2455
1610011558122221491 : Checking page rotation 1 0.0
1610011559504778467 : Checking page rotation 2 0.05
1610011562406596304 : Checking image 1 crop x1 297
1610011562406744505 : Checking image 1 crop y1 143
1610011562406780606 : Checking image 1 crop x2 2309
1610011562406813506 : Checking image 1 crop y2 3346
1610011564845241436 : Checking image 2 crop x1 157
1610011564845366436 : Checking image 2 crop y1 145
1610011564845402137 : Checking image 2 crop x2 2170
1610011564845435937 : Checking image 2 crop y2 3351
1610011564845593338 : Checking image 1 dpi 300
1610011564845658638 : Checking image 1 border top 132
1610011564845691238 : Checking image 1 border bottom 152
1610011564845722239 : Checking image 1 border left 224
1610011564845754139 : Checking image 1 border right 224
1610011564848362056 : Checking image 2 dpi 300
1610011564848456356 : Checking image 2 border top 134
1610011564848489357 : Checking image 2 border bottom 147
1610011564848520857 : Checking image 2 border left 223
1610011564848552157 : Checking image 2 border right 223

</system-out><system-err>--------------------------------- Captured Err ---------------------------------

</system-err></testcase><testcase classname="tests.test_images" name="test_2_pages_2_contours_png" time="23.566"><system-out>--------------------------------- Captured Log ---------------------------------

--------------------------------- Captured Out ---------------------------------
/home/runner/work/ocr-book/ocr-book/tests/2-pages-2-contours.png
1610011578792682736 : Checking separation double page angle 90.09036871657068
1610011578792805736 : Checking separation double page y=0 2486
1610011579292480933 : Checking page rotation 1 0.0
1610011580265205257 : Checking page rotation 2 0.2
1610011581123325748 : Checking image 1 crop x1 1191
1610011581123411649 : Checking image 1 crop y1 1750
1610011581123441749 : Checking image 1 crop x2 1192
1610011581123469149 : Checking image 1 crop y2 1751
1610011583178229001 : Checking image 2 crop x1 99
1610011583178332602 : Checking image 2 crop y1 240
1610011583178366402 : Checking image 2 crop x2 2147
1610011583178397302 : Checking image 2 crop y2 3240
1610011583178558803 : Checking image 1 dpi 300
1610011583178619604 : Checking image 1 border top 1752
1610011583178669404 : Checking image 1 border bottom 1753
1610011583178698004 : Checking image 1 border left 1239
1610011583178726005 : Checking image 1 border right 1239
1610011583180051113 : Checking image 2 dpi 300
1610011583180127113 : Checking image 2 border top 229
1610011583180156214 : Checking image 2 border bottom 258
1610011583180184114 : Checking image 2 border left 206
1610011583180211814 : Checking image 2 border right 206

</system-out><system-err>--------------------------------- Captured Err ---------------------------------

</system-err></testcase><testcase classname="tests.test_images" name="test_image_failed_to_rotate_png" time="44.230"><system-out>--------------------------------- Captured Log ---------------------------------

--------------------------------- Captured Out ---------------------------------
/home/runner/work/ocr-book/ocr-book/tests/image_failed_to_rotate.png
1610011597049817627 : Checking separation double page angle 90.26767669076624
1610011597049931927 : Checking separation double page y=0 2480
1610011598672888073 : Checking page rotation 1 0.45
1610011599917564874 : Checking page rotation 2 0.2
1610011606382547745 : Checking image 1 crop x1 31
1610011606382719046 : Checking image 1 crop y1 1
1610011606382756546 : Checking image 1 crop x2 2478
1610011606382790846 : Checking image 1 crop y2 3504
1610011608991824904 : Checking image 2 crop x1 169
1610011608991939905 : Checking image 2 crop y1 231
1610011608991974805 : Checking image 2 crop x2 2257
1610011608992008606 : Checking image 2 crop y2 3358
1610011608992170707 : Checking image 1 dpi 300
1610011608992235107 : Checking image 1 border top 2
1610011608992270007 : Checking image 1 border bottom 2
1610011608992300308 : Checking image 1 border left 17
1610011608992331108 : Checking image 1 border right 17
1610011608995273428 : Checking image 2 dpi 300
1610011608995366428 : Checking image 2 border top 218
1610011608995398528 : Checking image 2 border bottom 142
1610011608995433529 : Checking image 2 border left 186
1610011608995464329 : Checking image 2 border right 186

</system-out><system-err>--------------------------------- Captured Err ---------------------------------

</system-err></testcase><testcase classname="tests.test_images" name="test_wrong_split_line_png" time="31.068"><system-out>--------------------------------- Captured Log ---------------------------------

--------------------------------- Captured Out ---------------------------------
/home/runner/work/ocr-book/ocr-book/tests/wrong_split_line.png
1610011609038315216 : Checking separation double page angle 89.93395720607973
1610011609038417116 : Checking separation double page y=0 2465
1610011609860746719 : Checking page rotation 1 -0.04999999999999689
1610011610765046170 : Checking page rotation 2 0.5499999999999999
1610011612137895456 : Checking image 1 crop x1 211
1610011612138001757 : Checking image 1 crop y1 156
1610011612138038157 : Checking image 1 crop x2 2323
1610011612138072157 : Checking image 1 crop y2 3363
1610011614242691864 : Checking image 2 crop x1 125
1610011614242804795 : Checking image 2 crop y1 166
1610011614242841806 : Checking image 2 crop x2 2236
1610011614242876216 : Checking image 2 crop y2 3373
1610011614243052465 : Checking image 1 dpi 300
1610011614243118584 : Checking image 1 border top 134
1610011614243150493 : Checking image 1 border bottom 146
1610011614243181201 : Checking image 1 border left 174
1610011614243211510 : Checking image 1 border right 174
1610011614245375920 : Checking image 2 dpi 300
1610011614245457343 : Checking image 2 border top 146
1610011614245489252 : Checking image 2 border bottom 134
1610011614245519961 : Checking image 2 border left 174
1610011614245549969 : Checking image 2 border right 174

</system-out><system-err>--------------------------------- Captured Err ---------------------------------

</system-err></testcase><testcase classname="tests.test_images" name="test_image_failed_to_crop_data_png" time="52.910"><system-out>--------------------------------- Captured Log ---------------------------------

--------------------------------- Captured Out ---------------------------------
/home/runner/work/ocr-book/ocr-book/tests/image_failed_to_crop_data.png
1610011643451903631 : Checking separation double page angle 90.053197600644
1610011643452018833 : Checking separation double page y=0 2480
1610011647286982994 : Checking page rotation 1 0.15000000000000002
1610011648320242404 : Checking page rotation 2 0.0
1610011659214110207 : Checking image 1 crop x1 51
1610011659214233308 : Checking image 1 crop y1 7
1610011659214270309 : Checking image 1 crop x2 2478
1610011659214304109 : Checking image 1 crop y2 3505
1610011661937720991 : Checking image 2 crop x1 160
1610011661937842992 : Checking image 2 crop y1 217
1610011661937878893 : Checking image 2 crop x2 2242
1610011661937912493 : Checking image 2 crop y2 3350
1610011661938078495 : Checking image 1 dpi 300
1610011661938148496 : Checking image 1 border top 5
1610011661938183296 : Checking image 1 border bottom 5
1610011661938214896 : Checking image 1 border left 27
1610011661938247597 : Checking image 1 border right 27
1610011661941006230 : Checking image 2 dpi 300
1610011661941091631 : Checking image 2 border top 206
1610011661941123731 : Checking image 2 border bottom 148
1610011661941154631 : Checking image 2 border left 189
1610011661941184832 : Checking image 2 border right 189

</system-out><system-err>--------------------------------- Captured Err ---------------------------------

</system-err></testcase><testcase classname="tests.test_images" name="test_crop_too_much_png" time="59.044"><system-out>--------------------------------- Captured Log ---------------------------------

--------------------------------- Captured Out ---------------------------------
/home/runner/work/ocr-book/ocr-book/tests/crop_too_much.png
1610011666369124870 : Checking separation double page angle 90.13239409272954
1610011666369247672 : Checking separation double page y=0 2455
1610011667863857105 : Checking page rotation 1 0.0
1610011669189409133 : Checking page rotation 2 0.2
1610011671533962225 : Checking image 1 crop x1 303
1610011671534084726 : Checking image 1 crop y1 148
1610011671534121527 : Checking image 1 crop x2 2313
1610011671534153827 : Checking image 1 crop y2 3351
1610011673275741007 : Checking image 2 crop x1 162
1610011673275856408 : Checking image 2 crop y1 151
1610011673275893209 : Checking image 2 crop x2 2186
1610011673275927409 : Checking image 2 crop y2 3363
1610011673276108111 : Checking image 1 dpi 300
1610011673276172812 : Checking image 1 border top 132
1610011673276204213 : Checking image 1 border bottom 152
1610011673276234813 : Checking image 1 border left 225
1610011673276265013 : Checking image 1 border right 225
1610011673278426840 : Checking image 2 dpi 300
1610011673278512041 : Checking image 2 border top 132
1610011673278543841 : Checking image 2 border bottom 143
1610011673278574541 : Checking image 2 border left 218
1610011673278605142 : Checking image 2 border right 218

</system-out><system-err>--------------------------------- Captured Err ---------------------------------

</system-err></testcase><testcase classname="tests.test_images" name="test_wrong_angle_split_line_png" time="37.670"><system-out>--------------------------------- Captured Log ---------------------------------

--------------------------------- Captured Out ---------------------------------
/home/runner/work/ocr-book/ocr-book/tests/wrong_angle_split_line.png
1610011685900605901 : Checking separation double page angle 90.09193420006348
1610011685900720502 : Checking separation double page y=0 2478
1610011687164835273 : Checking page rotation 1 0.1
1610011688233449210 : Checking page rotation 2 0.1
1610011694647536779 : Checking image 1 crop x1 58
1610011694647668881 : Checking image 1 crop y1 6
1610011694647706481 : Checking image 1 crop x2 2476
1610011694647740082 : Checking image 1 crop y2 3501
1610011698980738780 : Checking image 2 crop x1 166
1610011698980859681 : Checking image 2 crop y1 218
1610011698980895481 : Checking image 2 crop x2 2244
1610011698980930382 : Checking image 2 crop y2 3349
1610011698981106184 : Checking image 1 dpi 300
1610011698981174285 : Checking image 1 border top 6
1610011698981209185 : Checking image 1 border bottom 6
1610011698981240886 : Checking image 1 border left 31
1610011698981271486 : Checking image 1 border right 31
1610011698988696276 : Checking image 2 dpi 300
1610011698988799677 : Checking image 2 border top 207
1610011698988832477 : Checking image 2 border bottom 149
1610011698988863878 : Checking image 2 border left 191
1610011698988894778 : Checking image 2 border right 191

</system-out><system-err>--------------------------------- Captured Err ---------------------------------

</system-err></testcase><testcase classname="tests.test_images" name="test_crop_too_few_png" time="32.505"><system-out>--------------------------------- Captured Log ---------------------------------

--------------------------------- Captured Out ---------------------------------
/home/runner/work/ocr-book/ocr-book/tests/crop_too_few.png
1610011700254350081 : Checking separation double page angle 89.54670238452755
1610011700254460582 : Checking separation double page y=0 2512
1610011701202239643 : Checking page rotation 1 -0.6000000000000009
1610011702313756025 : Checking page rotation 2 0.0
1610011704043817544 : Checking image 1 crop x1 263
1610011704043927745 : Checking image 1 crop y1 150
1610011704043965346 : Checking image 1 crop x2 2379
1610011704043997446 : Checking image 1 crop y2 3358
1610011705803191112 : Checking image 2 crop x1 137
1610011705803305514 : Checking image 2 crop y1 141
1610011705803342214 : Checking image 2 crop x2 2259
1610011705803375014 : Checking image 2 crop y2 3345
1610011705803548717 : Checking image 1 dpi 300
1610011705803618717 : Checking image 1 border top 130
1610011705803650418 : Checking image 1 border bottom 149
1610011705803680918 : Checking image 1 border left 172
1610011705803711818 : Checking image 1 border right 172
1610011705805857144 : Checking image 2 dpi 300
1610011705805937045 : Checking image 2 border top 130
1610011705805968545 : Checking image 2 border bottom 153
1610011705805999746 : Checking image 2 border left 169
1610011705806029846 : Checking image 2 border right 169

</system-out><system-err>--------------------------------- Captured Err ---------------------------------

</system-err></testcase><testcase classname="tests.test_images" name="test_angle_page_lower_split_line_png" time="39.580"><system-out>--------------------------------- Captured Log ---------------------------------

--------------------------------- Captured Out ---------------------------------
/home/runner/work/ocr-book/ocr-book/tests/angle_page_lower_split_line.png
1610011732476259273 : Checking separation double page angle 89.74927707086691
1610011732476369675 : Checking separation double page y=0 2474
1610011733850893666 : Checking page rotation 1 -0.14999999999999067
1610011735112124404 : Checking page rotation 2 0.1
1610011737272977560 : Checking image 1 crop x1 241
1610011737273102962 : Checking image 1 crop y1 156
1610011737273138862 : Checking image 1 crop x2 2357
1610011737273173263 : Checking image 1 crop y2 3368
1610011739252233018 : Checking image 2 crop x1 149
1610011739252356320 : Checking image 2 crop y1 146
1610011739252392320 : Checking image 2 crop x2 2259
1610011739252426820 : Checking image 2 crop y2 3351
1610011739252610723 : Checking image 1 dpi 300
1610011739252682524 : Checking image 1 border top 140
1610011739252716024 : Checking image 1 border bottom 135
1610011739252747124 : Checking image 1 border left 172
1610011739252779025 : Checking image 1 border right 172
1610011739255680760 : Checking image 2 dpi 300
1610011739255774161 : Checking image 2 border top 129
1610011739255806961 : Checking image 2 border bottom 152
1610011739255838362 : Checking image 2 border left 175
1610011739255869162 : Checking image 2 border right 175

</system-out><system-err>--------------------------------- Captured Err ---------------------------------

</system-err></testcase><testcase classname="tests.test_images" name="test_crop_too_much_2_png" time="68.738"><system-out>--------------------------------- Captured Log ---------------------------------

--------------------------------- Captured Out ---------------------------------
/home/runner/work/ocr-book/ocr-book/tests/crop_too_much_2.png
1610011766671257460 : Checking separation double page angle 90.1149074900787
1610011766671380461 : Checking separation double page y=0 2478
1610011768025798529 : Checking page rotation 1 0.15000000000000002
1610011769553187262 : Checking page rotation 2 0.2
1610011771621053446 : Checking image 1 crop x1 330
1610011771621164947 : Checking image 1 crop y1 132
1610011771621201548 : Checking image 1 crop x2 2342
1610011771621233948 : Checking image 1 crop y2 3335
1610011774512948707 : Checking image 2 crop x1 162
1610011774513065108 : Checking image 2 crop y1 139
1610011774513101609 : Checking image 2 crop x2 2175
1610011774513135509 : Checking image 2 crop y2 3345
1610011774513307811 : Checking image 1 dpi 300
1610011774513377012 : Checking image 1 border top 122
1610011774513408512 : Checking image 1 border bottom 162
1610011774513439013 : Checking image 1 border left 224
1610011774513469713 : Checking image 1 border right 224
1610011774515868542 : Checking image 2 dpi 300
1610011774515965443 : Checking image 2 border top 130
1610011774515998143 : Checking image 2 border bottom 151
1610011774516029444 : Checking image 2 border left 223
1610011774516059344 : Checking image 2 border right 223

</system-out><system-err>--------------------------------- Captured Err ---------------------------------

</system-err></testcase><testcase classname="tests.test_images" name="test_wrong_split_line_2_png" time="62.562"><system-out>--------------------------------- Captured Log ---------------------------------

--------------------------------- Captured Out ---------------------------------
/home/runner/work/ocr-book/ocr-book/tests/wrong_split_line_2.png
1610011789030929667 : Checking separation double page angle 90.19944704411863
1610011789031047068 : Checking separation double page y=0 2437
1610011790518567458 : Checking page rotation 1 0.2
1610011791859840668 : Checking page rotation 2 0.2
1610011795725232794 : Checking image 1 crop x1 294
1610011795725359496 : Checking image 1 crop y1 136
1610011795725393896 : Checking image 1 crop x2 2325
1610011795725429697 : Checking image 1 crop y2 3376
1610011801805864168 : Checking image 2 crop x1 136
1610011801805987570 : Checking image 2 crop y1 190
1610011801806023370 : Checking image 2 crop x2 2172
1610011801806058271 : Checking image 2 crop y2 3389
1610011801806237873 : Checking image 1 dpi 300
1610011801806304774 : Checking image 1 border top 131
1610011801806337474 : Checking image 1 border bottom 116
1610011801806368174 : Checking image 1 border left 214
1610011801806401475 : Checking image 1 border right 214
1610011801809355910 : Checking image 2 dpi 300
1610011801809452511 : Checking image 2 border top 181
1610011801809485512 : Checking image 2 border bottom 107
1610011801809515712 : Checking image 2 border left 212
1610011801809546613 : Checking image 2 border right 212

</system-out><system-err>--------------------------------- Captured Err ---------------------------------

</system-err></testcase><testcase classname="tests.test_images" name="test_wrong_wave_split_line_png" time="61.744"><system-out>--------------------------------- Captured Log ---------------------------------

--------------------------------- Captured Out ---------------------------------
/home/runner/work/ocr-book/ocr-book/tests/wrong_wave_split_line.png
1610011822566773802 : Checking separation double page angle 90.37878604107719
1610011822566888104 : Checking separation double page y=0 2500
1610011823918921094 : Checking page rotation 1 -0.14999999999999067
1610011825162118381 : Checking page rotation 2 0.9
1610011830953369389 : Checking image 1 crop x1 385
1610011830953480391 : Checking image 1 crop y1 179
1610011830953516491 : Checking image 1 crop x2 2411
1610011830953548692 : Checking image 1 crop y2 3374
1610011836274598083 : Checking image 2 crop x1 117
1610011836274728585 : Checking image 2 crop y1 19
1610011836274764885 : Checking image 2 crop x2 2406
1610011836274800085 : Checking image 2 crop y2 3391
1610011836274974288 : Checking image 1 dpi 300
1610011836275047988 : Checking image 1 border top 173
1610011836275078889 : Checking image 1 border bottom 119
1610011836275108989 : Checking image 1 border left 217
1610011836275138790 : Checking image 1 border right 217
1610011836277351816 : Checking image 2 dpi 300
1610011836277431417 : Checking image 2 border top 0
1610011836277466618 : Checking image 2 border bottom 125
1610011836277496618 : Checking image 2 border left 91
1610011836277527118 : Checking image 2 border right 91

</system-out><system-err>--------------------------------- Captured Err ---------------------------------

</system-err></testcase><testcase classname="tests.test_images" name="test_small_wave_png" time="62.091"><system-out>--------------------------------- Captured Log ---------------------------------

--------------------------------- Captured Out ---------------------------------
/home/runner/work/ocr-book/ocr-book/tests/small_wave.png
1610011858609140335 : Checking separation double page angle 90.58816928841564
1610011858609251636 : Checking separation double page y=0 2497
1610011860146476941 : Checking page rotation 1 0.65
1610011861397566201 : Checking page rotation 2 0.65
1610011862557345732 : Checking image 1 crop x1 320
1610011862557468833 : Checking image 1 crop y1 199
1610011862557505334 : Checking image 1 crop x2 2353
1610011862557537734 : Checking image 1 crop y2 3394
1610011863910979923 : Checking image 2 crop x1 130
1610011863911097924 : Checking image 2 crop y1 222
1610011863911133725 : Checking image 2 crop x2 2163
1610011863911169625 : Checking image 2 crop y2 3420
1610011863911323627 : Checking image 1 dpi 300
1610011863911389628 : Checking image 1 border top 179
1610011863911421928 : Checking image 1 border bottom 112
1610011863911452628 : Checking image 1 border left 213
1610011863911484429 : Checking image 1 border right 213
1610011863914353263 : Checking image 2 dpi 300
1610011863914435564 : Checking image 2 border top 197
1610011863914467765 : Checking image 2 border bottom 92
1610011863914498465 : Checking image 2 border left 213
1610011863914529465 : Checking image 2 border right 213

</system-out><system-err>--------------------------------- Captured Err ---------------------------------

</system-err></testcase><testcase classname="tests.test_images" name="test_no_split_line_line_algo_png" time="37.743"><system-out>--------------------------------- Captured Log ---------------------------------

--------------------------------- Captured Out ---------------------------------
/home/runner/work/ocr-book/ocr-book/tests/no_split_line_line_algo.png
1610011867550705958 : Checking separation double page angle 89.47691469185418
1610011867550821559 : Checking separation double page y=0 2476
1610011868434064023 : Checking page rotation 1 -0.14999999999999067
1610011869786362198 : Checking page rotation 2 -0.14999999999999067
1610011871191535412 : Checking image 1 crop x1 205
1610011871191641313 : Checking image 1 crop y1 158
1610011871191676813 : Checking image 1 crop x2 2320
1610011871191712714 : Checking image 1 crop y2 3366
1610011874034662335 : Checking image 2 crop x1 185
1610011874034772436 : Checking image 2 crop y1 225
1610011874034809637 : Checking image 2 crop x2 2204
1610011874034842637 : Checking image 2 crop y2 3362
1610011874035003039 : Checking image 1 dpi 300
1610011874035074940 : Checking image 1 border top 144
1610011874035106540 : Checking image 1 border bottom 134
1610011874035137041 : Checking image 1 border left 172
1610011874035167141 : Checking image 1 border right 172
1610011874037250466 : Checking image 2 dpi 300
1610011874037327267 : Checking image 2 border top 218
1610011874037359167 : Checking image 2 border bottom 132
1610011874037389468 : Checking image 2 border left 220
1610011874037419368 : Checking image 2 border right 220

</system-out><system-err>--------------------------------- Captured Err ---------------------------------

</system-err></testcase><testcase classname="tests.test_images" name="test_wrong_split_line_3_png" time="42.542"><system-out>--------------------------------- Captured Log ---------------------------------

--------------------------------- Captured Out ---------------------------------
/home/runner/work/ocr-book/ocr-book/tests/wrong_split_line_3.png
1610011901435254531 : Checking separation double page angle 90.43729500214694
1610011901435369133 : Checking separation double page y=0 2498
1610011902671352236 : Checking page rotation 1 0.2
1610011903676889481 : Checking page rotation 2 0.85
1610011905164121996 : Checking image 1 crop x1 331
1610011905164247097 : Checking image 1 crop y1 166
1610011905164282098 : Checking image 1 crop x2 2377
1610011905164316298 : Checking image 1 crop y2 3375
1610011906472501568 : Checking image 2 crop x1 102
1610011906472622669 : Checking image 2 crop y1 207
1610011906472659370 : Checking image 2 crop x2 2135
1610011906472695270 : Checking image 2 crop y2 3414
1610011906472855072 : Checking image 1 dpi 300
1610011906472920773 : Checking image 1 border top 158
1610011906472953373 : Checking image 1 border bottom 120
1610011906472984674 : Checking image 1 border left 207
1610011906473015874 : Checking image 1 border right 207
1610011906476011010 : Checking image 2 dpi 300
1610011906476105611 : Checking image 2 border top 186
1610011906476143412 : Checking image 2 border bottom 94
1610011906476175512 : Checking image 2 border left 213
1610011906476207412 : Checking image 2 border right 213

</system-out><system-err>--------------------------------- Captured Err ---------------------------------

</system-err></testcase><testcase classname="tests.test_images" name="test_failed_split_line_line_algo_png" time="16.903"><system-out>--------------------------------- Captured Log ---------------------------------

--------------------------------- Captured Out ---------------------------------
/home/runner/work/ocr-book/ocr-book/tests/failed_split_line_line_algo.png
1610011887102772200 : Checking separation double page angle 90.04134220573248
1610011887102885901 : Checking separation double page y=0 2573
1610011887771186493 : Checking page rotation 1 -0.09999999999999377
1610011888294125647 : Checking page rotation 2 0.1
1610011889955276114 : Checking image 1 crop x1 408
1610011889955376915 : Checking image 1 crop y1 2926
1610011889955410515 : Checking image 1 crop x2 2420
1610011889955439616 : Checking image 1 crop y2 3173
1610011890963218668 : Checking image 2 crop x1 1184
1610011890963307569 : Checking image 2 crop y1 1745
1610011890963337269 : Checking image 2 crop x2 1185
1610011890963366370 : Checking image 2 crop y2 1746
1610011890963485071 : Checking image 1 dpi 300
1610011890963555772 : Checking image 1 border top 2922
1610011890963585972 : Checking image 1 border bottom 318
1610011890963614173 : Checking image 1 border left 224
1610011890963641973 : Checking image 1 border right 224
1610011890965040290 : Checking image 2 dpi 300
1610011890965117891 : Checking image 2 border top 1753
1610011890965147491 : Checking image 2 border bottom 1753
1610011890965175391 : Checking image 2 border left 1239
1610011890965203292 : Checking image 2 border right 1239

</system-out><system-err>--------------------------------- Captured Err ---------------------------------

</system-err></testcase><testcase classname="tests.test_images" name="test_failed_split_line_line_algo_2_png" time="49.201"><system-out>--------------------------------- Captured Log ---------------------------------

--------------------------------- Captured Out ---------------------------------
/home/runner/work/ocr-book/ocr-book/tests/failed_split_line_line_algo_2.png
1610011934791778661 : Checking separation double page angle 90.03068774449687
1610011934791898863 : Checking separation double page y=0 2500
1610011936029553302 : Checking page rotation 1 0.05
1610011937131652216 : Checking page rotation 2 0.5499999999999999
1610011938562104367 : Checking image 1 crop x1 271
1610011938562212968 : Checking image 1 crop y1 149
1610011938562249369 : Checking image 1 crop x2 2382
1610011938562282869 : Checking image 1 crop y2 3354
1610011940133718810 : Checking image 2 crop x1 120
1610011940133826711 : Checking image 2 crop y1 155
1610011940133863512 : Checking image 2 crop x2 2244
1610011940133896512 : Checking image 2 crop y2 3350
1610011940134051314 : Checking image 1 dpi 300
1610011940134122915 : Checking image 1 border top 141
1610011940134154015 : Checking image 1 border bottom 141
1610011940134184216 : Checking image 1 border left 174
1610011940134215616 : Checking image 1 border right 174
1610011940136439443 : Checking image 2 dpi 300
1610011940136520344 : Checking image 2 border top 140
1610011940136552744 : Checking image 2 border bottom 152
1610011940136583044 : Checking image 2 border left 168
1610011940136613145 : Checking image 2 border right 168

</system-out><system-err>--------------------------------- Captured Err ---------------------------------

</system-err></testcase><testcase classname="tests.test_images" name="test_crop_too_much_3_png" time="50.779"><system-out>--------------------------------- Captured Log ---------------------------------

--------------------------------- Captured Out ---------------------------------
/home/runner/work/ocr-book/ocr-book/tests/crop_too_much_3.png
1610011950662892322 : Checking separation double page angle 89.49330634783144
1610011950663003524 : Checking separation double page y=0 2498
1610011951637252580 : Checking page rotation 1 -0.8999999999999949
1610011953220576323 : Checking page rotation 2 -0.14999999999999067
1610011955252775937 : Checking image 1 crop x1 374
1610011955252904139 : Checking image 1 crop y1 258
1610011955252940039 : Checking image 1 crop x2 2385
1610011955252972540 : Checking image 1 crop y2 3459
1610011957247761106 : Checking image 2 crop x1 168
1610011957247885708 : Checking image 2 crop y1 228
1610011957247922608 : Checking image 2 crop x2 2181
1610011957247958008 : Checking image 2 crop y2 3417
1610011957248128510 : Checking image 1 dpi 300
1610011957248197311 : Checking image 1 border top 239
1610011957248229912 : Checking image 1 border bottom 47
1610011957248260412 : Checking image 1 border left 224
1610011957248291112 : Checking image 1 border right 224
1610011957251221748 : Checking image 2 dpi 300
1610011957251318349 : Checking image 2 border top 209
1610011957251351549 : Checking image 2 border bottom 89
1610011957251381849 : Checking image 2 border left 223
1610011957251416950 : Checking image 2 border right 223

</system-out><system-err>--------------------------------- Captured Err ---------------------------------

</system-err></testcase><testcase classname="tests.test_images" name="test_wrong_wave_split_line_2_png" time="50.792"><system-out>--------------------------------- Captured Log ---------------------------------

--------------------------------- Captured Out ---------------------------------
/home/runner/work/ocr-book/ocr-book/tests/wrong_wave_split_line_2.png
1610011985031021059 : Checking separation double page angle 90.7708958311329
1610011985031127061 : Checking separation double page y=0 2490
1610011986070083777 : Checking page rotation 1 0.2
1610011987127005607 : Checking page rotation 2 1.65
1610011988500751024 : Checking image 1 crop x1 227
1610011988500854825 : Checking image 1 crop y1 147
1610011988500890426 : Checking image 1 crop x2 2342
1610011988500924426 : Checking image 1 crop y2 3353
1610011990929643958 : Checking image 2 crop x1 106
1610011990929745159 : Checking image 2 crop y1 195
1610011990929781960 : Checking image 2 crop x2 2231
1610011990929815760 : Checking image 2 crop y2 3398
1610011990929967962 : Checking image 1 dpi 300
1610011990930038863 : Checking image 1 border top 136
1610011990930070363 : Checking image 1 border bottom 145
1610011990930100763 : Checking image 1 border left 172
1610011990930130664 : Checking image 1 border right 172
1610011990932337290 : Checking image 2 dpi 300
1610011990932419391 : Checking image 2 border top 165
1610011990932450191 : Checking image 2 border bottom 118
1610011990932480592 : Checking image 2 border left 167
1610011990932512692 : Checking image 2 border right 167

</system-out><system-err>--------------------------------- Captured Err ---------------------------------

</system-err></testcase><testcase classname="tests.test_images" name="test_wrong_wave_split_line_3_png" time="44.070"><system-out>--------------------------------- Captured Log ---------------------------------

--------------------------------- Captured Out ---------------------------------
/home/runner/work/ocr-book/ocr-book/tests/wrong_wave_split_line_3.png
1610011995730651288 : Checking separation double page angle 90.05826063695574
1610011995730764989 : Checking separation double page y=0 2514
1610011997159249477 : Checking page rotation 1 0.0
1610011998245789074 : Checking page rotation 2 0.2
1610012000049245247 : Checking image 1 crop x1 274
1610012000049368149 : Checking image 1 crop y1 221
1610012000049404549 : Checking image 1 crop x2 2383
1610012000049437049 : Checking image 1 crop y2 3422
1610012001336036140 : Checking image 2 crop x1 112
1610012001336159041 : Checking image 2 crop y1 225
1610012001336194642 : Checking image 2 crop x2 2238
1610012001336230042 : Checking image 2 crop y2 3415
1610012001336396744 : Checking image 1 dpi 300
1610012001336459745 : Checking image 1 border top 201
1610012001336493345 : Checking image 1 border bottom 85
1610012001336524346 : Checking image 1 border left 175
1610012001336556246 : Checking image 1 border right 175
1610012001339246278 : Checking image 2 dpi 300
1610012001339333979 : Checking image 2 border top 207
1610012001339365880 : Checking image 2 border bottom 90
1610012001339396580 : Checking image 2 border left 167
1610012001339427581 : Checking image 2 border right 167

</system-out><system-err>--------------------------------- Captured Err ---------------------------------

</system-err></testcase><testcase classname="tests.test_images" name="test_no_split_line_wave_algo_png" time="60.094"><system-out>--------------------------------- Captured Log ---------------------------------

--------------------------------- Captured Out ---------------------------------
/home/runner/work/ocr-book/ocr-book/tests/no_split_line_wave_algo.png
1610012030411911871 : Checking separation double page angle 89.72500000000001
1610012030412026272 : Checking separation double page y=0 2484
1610012032849664340 : Checking page rotation 1 0.0
1610012033920989860 : Checking page rotation 2 -0.44999999999999746
1610012044152071175 : Checking image 1 crop x1 97
1610012044152165676 : Checking image 1 crop y1 79
1610012044152199077 : Checking image 1 crop x2 2494
1610012044152230977 : Checking image 1 crop y2 3505
1610012050994214718 : Checking image 2 crop x1 163
1610012050994321419 : Checking image 2 crop y1 267
1610012050994360120 : Checking image 2 crop x2 2238
1610012050994395320 : Checking image 2 crop y2 3380
1610012050994559022 : Checking image 1 dpi 300
1610012050994651723 : Checking image 1 border top 41
1610012050994685123 : Checking image 1 border bottom 41
1610012050994716124 : Checking image 1 border left 42
1610012050994746324 : Checking image 1 border right 42
1610012050997011451 : Checking image 2 dpi 300
1610012050997089652 : Checking image 2 border top 255
1610012050997121153 : Checking image 2 border bottom 119
1610012050997151553 : Checking image 2 border left 192
1610012050997181753 : Checking image 2 border right 192

</system-out><system-err>--------------------------------- Captured Err ---------------------------------

</system-err></testcase><testcase classname="tests.test_images" name="test_no_split_line_wave_algo_2_png" time="37.562"><system-out>--------------------------------- Captured Log ---------------------------------

--------------------------------- Captured Out ---------------------------------
/home/runner/work/ocr-book/ocr-book/tests/no_split_line_wave_algo_2.png
1610012034008867311 : Checking separation double page angle 90.54999999999998
1610012034008975212 : Checking separation double page y=0 2478
1610012035090528254 : Checking page rotation 1 1.0999999999999999
1610012036199232621 : Checking page rotation 2 0.2
1610012037607824676 : Checking image 1 crop x1 266
1610012037607948177 : Checking image 1 crop y1 210
1610012037607983677 : Checking image 1 crop x2 2342
1610012037608019678 : Checking image 1 crop y2 3413
1610012038897880811 : Checking image 2 crop x1 168
1610012038897999313 : Checking image 2 crop y1 241
1610012038898036313 : Checking image 2 crop x2 2251
1610012038898071314 : Checking image 2 crop y2 3433
1610012038898242316 : Checking image 1 dpi 300
1610012038898308917 : Checking image 1 border top 192
1610012038898341317 : Checking image 1 border bottom 91
1610012038898372417 : Checking image 1 border left 192
1610012038898403918 : Checking image 1 border right 192
1610012038901408054 : Checking image 2 dpi 300
1610012038901497555 : Checking image 2 border top 224
1610012038901531155 : Checking image 2 border bottom 71
1610012038901562155 : Checking image 2 border left 188
1610012038901593256 : Checking image 2 border right 188

</system-out><system-err>--------------------------------- Captured Err ---------------------------------

</system-err></testcase><testcase classname="tests.test_images" name="test_failed_detect_rectangle_png" time="50.052"><system-out>--------------------------------- Captured Log ---------------------------------

--------------------------------- Captured Out ---------------------------------
/home/runner/work/ocr-book/ocr-book/tests/failed_detect_rectangle.png
1610012082310344578 : Checking separation double page angle 90.19837516213148
1610012082310453079 : Checking separation double page y=0 2474
1610012083636794029 : Checking page rotation 1 0.2
1610012085137253860 : Checking page rotation 2 0.15000000000000002
1610012086346883016 : Checking image 1 crop x1 257
1610012086347010317 : Checking image 1 crop y1 201
1610012086347047417 : Checking image 1 crop x2 2333
1610012086347080918 : Checking image 1 crop y2 3402
1610012088945149091 : Checking image 2 crop x1 135
1610012088945269692 : Checking image 2 crop y1 214
1610012088945306193 : Checking image 2 crop x2 2219
1610012088945339493 : Checking image 2 crop y2 3406
1610012088945499495 : Checking image 1 dpi 300
1610012088945565096 : Checking image 1 border top 188
1610012088945597796 : Checking image 1 border bottom 97
1610012088945629196 : Checking image 1 border left 192
1610012088945661797 : Checking image 1 border right 192
1610012088948537431 : Checking image 2 dpi 300
1610012088948624832 : Checking image 2 border top 202
1610012088948657933 : Checking image 2 border bottom 93
1610012088948688633 : Checking image 2 border left 188
1610012088948718933 : Checking image 2 border right 188

</system-out><system-err>--------------------------------- Captured Err ---------------------------------

</system-err></testcase><testcase classname="tests.test_images" name="test_crop_too_few_2_png" time="36.729"><system-out>--------------------------------- Captured Log ---------------------------------

--------------------------------- Captured Out ---------------------------------
/home/runner/work/ocr-book/ocr-book/tests/crop_too_few_2.png
1610012082414174519 : Checking separation double page angle 90.30476192320097
1610012082414286920 : Checking separation double page y=0 2531
1610012083468581919 : Checking page rotation 1 1.0999999999999999
1610012084665990628 : Checking page rotation 2 -0.04999999999999689
1610012086442426758 : Checking image 1 crop x1 289
1610012086442531059 : Checking image 1 crop y1 165
1610012086442565959 : Checking image 1 crop x2 2400
1610012086442597760 : Checking image 1 crop y2 3367
1610012087778816341 : Checking image 2 crop x1 149
1610012087778923742 : Checking image 2 crop y1 189
1610012087778960043 : Checking image 2 crop x2 2273
1610012087778993343 : Checking image 2 crop y2 3386
1610012087779153645 : Checking image 1 dpi 300
1610012087779220946 : Checking image 1 border top 157
1610012087779252246 : Checking image 1 border bottom 128
1610012087779283147 : Checking image 1 border left 174
1610012087779314747 : Checking image 1 border right 174
1610012087781446173 : Checking image 2 dpi 300
1610012087781523573 : Checking image 2 border top 176
1610012087781559774 : Checking image 2 border bottom 114
1610012087781590674 : Checking image 2 border left 168
1610012087781620475 : Checking image 2 border right 168

</system-out><system-err>--------------------------------- Captured Err ---------------------------------

</system-err></testcase><testcase classname="tests.test_images" name="test_no_split_line_wave_algo_3_png" time="9.620"><system-out>--------------------------------- Captured Log ---------------------------------

--------------------------------- Captured Out ---------------------------------
/home/runner/work/ocr-book/ocr-book/tests/no_split_line_wave_algo_3.png
1610012095221744064 : Checking separation double page angle 90.14999999999998
1610012095221859166 : Checking separation double page y=0 2408
1610012096070105216 : Checking page rotation 1 -0.09999999999999377
1610012096209344082 : Checking page rotation 2 0.0
1610012096979230794 : Checking image 1 crop x1 182
1610012096979313495 : Checking image 1 crop y1 2955
1610012096979345396 : Checking image 1 crop x2 2199
1610012096979374796 : Checking image 1 crop y2 3203
1610012097384073338 : Checking image 2 crop x1 0
1610012097384151439 : Checking image 2 crop y1 0
1610012097384177840 : Checking image 2 crop x2 0
1610012097384203240 : Checking image 2 crop y2 0
1610012097384262741 : Checking image 1 dpi 300
1610012097384320841 : Checking image 1 border top 2951
1610012097384349542 : Checking image 1 border bottom 288
1610012097384377142 : Checking image 1 border left 221
1610012097384404842 : Checking image 1 border right 221
1610012097388843696 : Checking image 2 border top 0
1610012097388902996 : Checking image 2 border bottom 0
1610012097388929297 : Checking image 2 border left 0
1610012097388955897 : Checking image 2 border right 0

</system-out><system-err>--------------------------------- Captured Err ---------------------------------

</system-err></testcase><testcase classname="tests.test_images" name="test_single_page_png" time="6.198"><system-out>--------------------------------- Captured Log ---------------------------------

--------------------------------- Captured Out ---------------------------------
/home/runner/work/ocr-book/ocr-book/tests/single_page.png
1610012092479802366 : Checking separation double page angle 90.04999999999998
1610012092479925867 : Checking separation double page y=0 2476
1610012093265655465 : Checking page rotation 1 0.0
1610012093380892443 : Checking page rotation 2 0.0
1610012094763394280 : Checking image 1 crop x1 1
1610012094763479581 : Checking image 1 crop y1 8
1610012094763516381 : Checking image 1 crop x2 2470
1610012094763546882 : Checking image 1 crop y2 3505
1610012094870817365 : Checking image 2 crop x1 0
1610012094870896366 : Checking image 2 crop y1 0
1610012094870923467 : Checking image 2 crop x2 0
1610012094870949867 : Checking image 2 crop y2 0
1610012094871005568 : Checking image 1 dpi 300
1610012094871062968 : Checking image 1 border top 5
1610012094871092669 : Checking image 1 border bottom 5
1610012094871120469 : Checking image 1 border left 6
1610012094871149169 : Checking image 1 border right 6
1610012094877015339 : Checking image 2 border top 0
1610012094877085040 : Checking image 2 border bottom 0
1610012094877112341 : Checking image 2 border left 0
1610012094877139341 : Checking image 2 border right 0

</system-out><system-err>--------------------------------- Captured Err ---------------------------------

</system-err></testcase><testcase classname="tests.test_images" name="test_failed_split_line_line_algo_3_png" time="14.924"><system-out>--------------------------------- Captured Log ---------------------------------

--------------------------------- Captured Out ---------------------------------
/home/runner/work/ocr-book/ocr-book/tests/failed_split_line_line_algo_3.png
1610012107458070564 : Checking separation double page angle 90.0
1610012107458208266 : Checking separation double page y=0 40
1610012107527964500 : Checking page rotation 1 0.0
1610012108138443403 : Checking page rotation 2 -0.04999999999999689
1610012108482711821 : Checking image 1 crop x1 0
1610012108482790922 : Checking image 1 crop y1 0
1610012108482818622 : Checking image 1 crop x2 0
1610012108482844623 : Checking image 1 crop y2 0
1610012110135909297 : Checking image 2 crop x1 247
1610012110135998998 : Checking image 2 crop y1 153
1610012110136030598 : Checking image 2 crop x2 2260
1610012110136059899 : Checking image 2 crop y2 3360
1610012110136163900 : Checking image 1 border top 0
1610012110136193400 : Checking image 1 border bottom 0
1610012110136221001 : Checking image 1 border left 0
1610012110136248501 : Checking image 1 border right 0
1610012110136288401 : Checking image 2 dpi 300
1610012110136340602 : Checking image 2 border top 144
1610012110136368802 : Checking image 2 border bottom 136
1610012110136396503 : Checking image 2 border left 223
1610012110136424103 : Checking image 2 border right 223

</system-out><system-err>--------------------------------- Captured Err ---------------------------------

</system-err></testcase><testcase classname="tests.test_images" name="test_wrong_split_line_4_png" time="19.154"><system-out>--------------------------------- Captured Log ---------------------------------

--------------------------------- Captured Out ---------------------------------
/home/runner/work/ocr-book/ocr-book/tests/wrong_split_line_4.png
1610012113405329924 : Checking separation double page angle 91.04999999999998
1610012113405440725 : Checking separation double page y=0 60
1610012113490213539 : Checking page rotation 1 1.0
1610012114368988257 : Checking page rotation 2 1.05
1610012114760013036 : Checking image 1 crop x1 0
1610012114760085537 : Checking image 1 crop y1 0
1610012114760112138 : Checking image 1 crop x2 0
1610012114760137338 : Checking image 1 crop y2 0
1610012116594414591 : Checking image 2 crop x1 291
1610012116594517392 : Checking image 2 crop y1 330
1610012116594551492 : Checking image 2 crop x2 2316
1610012116594582793 : Checking image 2 crop y2 3217
1610012116594752895 : Checking image 1 border top 0
1610012116594788195 : Checking image 1 border bottom 0
1610012116594815095 : Checking image 1 border left 0
1610012116594842496 : Checking image 1 border right 0
1610012116594890596 : Checking image 2 dpi 300
1610012116594952797 : Checking image 2 border top 322
1610012116594983097 : Checking image 2 border bottom 278
1610012116595010298 : Checking image 2 border left 217
1610012116595037398 : Checking image 2 border right 217

</system-out><system-err>--------------------------------- Captured Err ---------------------------------

</system-err></testcase></testsuite></testsuites>