<?xml version="1.0" encoding="utf-8"?><testsuites><testsuite errors="0" failures="0" hostname="fv-az108-691" name="pytest" skipped="0" tests="36" time="386.516" timestamp="2021-05-17T10:57:59.050906"><testcase classname="tests.test_features" name="test_mock_stop_at_0" time="0.055"><system-out>--------------------------------- Captured Log ---------------------------------

--------------------------------- Captured Out ---------------------------------
/home/runner/work/diptych/diptych/tests/0001_0.png

</system-out><system-err>--------------------------------- Captured Err ---------------------------------

</system-err></testcase><testcase classname="tests.test_features" name="test_disabled_enable_debug" time="23.017"><system-out>--------------------------------- Captured Log ---------------------------------

--------------------------------- Captured Out ---------------------------------
/home/runner/work/diptych/diptych/tests/0001_debug.png
separation double page angle 90.55756528497216
separation double page y=0 2484
page rotation 1 0.65
page rotation 2 0.2
image 1 crop x1 329
image 1 crop y1 335
image 1 crop x2 2344
image 1 crop y2 3222
image 2 crop x1 171
image 2 crop y1 648
image 2 crop x2 2188
image 2 crop y2 3361
image 1 dpi 300
image 1 border top 327
image 1 border bottom 273
image 1 border left 222
image 1 border right 222
image 2 dpi 300
image 2 border top 643
image 2 border bottom 131
image 2 border left 221
image 2 border right 221

</system-out><system-err>--------------------------------- Captured Err ---------------------------------

</system-err></testcase><testcase classname="tests.test_features" name="test_mock_stop_at_2" time="16.300"><system-out>--------------------------------- Captured Log ---------------------------------

--------------------------------- Captured Out ---------------------------------
/home/runner/work/diptych/diptych/tests/0001_2.png
separation double page angle 90.55756528497216
separation double page y=0 2484
page rotation 1 0.65
page rotation 2 0.2

</system-out><system-err>--------------------------------- Captured Err ---------------------------------

</system-err></testcase><testcase classname="tests.test_features" name="test_mock_stop_at_4" time="21.918"><system-out>--------------------------------- Captured Log ---------------------------------

--------------------------------- Captured Out ---------------------------------
/home/runner/work/diptych/diptych/tests/0001_4.png
separation double page angle 90.55756528497216
separation double page y=0 2484
page rotation 1 0.65
page rotation 2 0.2
image 1 crop x1 329
image 1 crop y1 335
image 1 crop x2 2344
image 1 crop y2 3222
image 2 crop x1 171
image 2 crop y1 648
image 2 crop x2 2188
image 2 crop y2 3361
image 1 dpi 300
image 1 border top 326
image 1 border bottom 274
image 1 border left 222
image 1 border right 222
image 2 dpi 300
image 2 border top 643
image 2 border bottom 131
image 2 border left 221
image 2 border right 221

</system-out><system-err>--------------------------------- Captured Err ---------------------------------

</system-err></testcase><testcase classname="tests.test_features" name="test_mock_stop_at_1" time="12.403"><system-out>--------------------------------- Captured Log ---------------------------------

--------------------------------- Captured Out ---------------------------------
/home/runner/work/diptych/diptych/tests/0001_1.png
separation double page angle 90.55756528497216
separation double page y=0 2484

</system-out><system-err>--------------------------------- Captured Err ---------------------------------

</system-err></testcase><testcase classname="tests.test_features" name="test_mock_stop_at_3" time="21.316"><system-out>--------------------------------- Captured Log ---------------------------------

--------------------------------- Captured Out ---------------------------------
/home/runner/work/diptych/diptych/tests/0001_3.png
separation double page angle 90.55756528497216
separation double page y=0 2484
page rotation 1 0.65
page rotation 2 0.2
image 1 crop x1 329
image 1 crop y1 335
image 1 crop x2 2344
image 1 crop y2 3222
image 2 crop x1 171
image 2 crop y1 648
image 2 crop x2 2188
image 2 crop y2 3361

</system-out><system-err>--------------------------------- Captured Err ---------------------------------

</system-err></testcase><testcase classname="tests.test_images" name="test_0001_png" time="20.112"><system-out>--------------------------------- Captured Log ---------------------------------

--------------------------------- Captured Out ---------------------------------
/home/runner/work/diptych/diptych/tests/0001.png
1621249130565651160 : Checking separation double page angle 90.55756528497216
1621249130565797361 : Checking separation double page y=0 2484
1621249131692045833 : Checking page rotation 1 0.65
1621249133145637505 : Checking page rotation 2 0.2
1621249135969062012 : Checking image 1 crop x1 329
1621249135969183412 : Checking image 1 crop y1 335
1621249135969224013 : Checking image 1 crop x2 2344
1621249135969259413 : Checking image 1 crop y2 3222
1621249138532484606 : Checking image 2 crop x1 171
1621249138532611007 : Checking image 2 crop y1 648
1621249138532651508 : Checking image 2 crop x2 2188
1621249138532687108 : Checking image 2 crop y2 3361
1621249138532876609 : Checking image 1 dpi 300
1621249138532945610 : Checking image 1 border top 326
1621249138532979510 : Checking image 1 border bottom 274
1621249138533013510 : Checking image 1 border left 222
1621249138533044910 : Checking image 1 border right 222
1621249138535453226 : Checking image 2 dpi 300
1621249138535547627 : Checking image 2 border top 643
1621249138535581227 : Checking image 2 border bottom 131
1621249138535612628 : Checking image 2 border left 221
1621249138535644028 : Checking image 2 border right 221

</system-out><system-err>--------------------------------- Captured Err ---------------------------------

</system-err></testcase><testcase classname="tests.test_features" name="test_mock_stop_at_5" time="22.202"><system-out>--------------------------------- Captured Log ---------------------------------

--------------------------------- Captured Out ---------------------------------
/home/runner/work/diptych/diptych/tests/0001_5.png
separation double page angle 90.55756528497216
separation double page y=0 2484
page rotation 1 0.65
page rotation 2 0.2
image 1 crop x1 329
image 1 crop y1 335
image 1 crop x2 2344
image 1 crop y2 3222
image 2 crop x1 171
image 2 crop y1 648
image 2 crop x2 2188
image 2 crop y2 3361
image 1 dpi 300
image 1 border top 326
image 1 border bottom 274
image 1 border left 222
image 1 border right 222
image 2 dpi 300
image 2 border top 643
image 2 border bottom 131
image 2 border left 221
image 2 border right 221

</system-out><system-err>--------------------------------- Captured Err ---------------------------------

</system-err></testcase><testcase classname="tests.test_images" name="test_black_border_not_removed_png" time="22.441"><system-out>--------------------------------- Captured Log ---------------------------------

--------------------------------- Captured Out ---------------------------------
/home/runner/work/diptych/diptych/tests/black-border-not-removed.png
1621249150311100423 : Checking separation double page angle 90.01516396500199
1621249150311220824 : Checking separation double page y=0 2455
1621249151732789105 : Checking page rotation 1 0.0
1621249153651100515 : Checking page rotation 2 0.1
1621249156359595243 : Checking image 1 crop x1 297
1621249156359725944 : Checking image 1 crop y1 143
1621249156359766744 : Checking image 1 crop x2 2309
1621249156359804544 : Checking image 1 crop y2 3346
1621249160974498601 : Checking image 2 crop x1 154
1621249160974624502 : Checking image 2 crop y1 144
1621249160974665202 : Checking image 2 crop x2 2168
1621249160974704402 : Checking image 2 crop y2 3351
1621249160974902304 : Checking image 1 dpi 300
1621249160974973404 : Checking image 1 border top 131
1621249160975009004 : Checking image 1 border bottom 153
1621249160975043005 : Checking image 1 border left 224
1621249160975076705 : Checking image 1 border right 224
1621249160977938724 : Checking image 2 dpi 300
1621249160978041325 : Checking image 2 border top 133
1621249160978077625 : Checking image 2 border bottom 147
1621249160978111425 : Checking image 2 border left 223
1621249160978145226 : Checking image 2 border right 223

</system-out><system-err>--------------------------------- Captured Err ---------------------------------

</system-err></testcase><testcase classname="tests.test_images" name="test_2_pages_2_contours_png" time="14.949"><system-out>--------------------------------- Captured Log ---------------------------------

--------------------------------- Captured Out ---------------------------------
/home/runner/work/diptych/diptych/tests/2-pages-2-contours.png
1621249168909820055 : Checking separation double page angle 90.14230271514262
1621249168909971056 : Checking separation double page y=0 2488
1621249169502637729 : Checking page rotation 1 0.0
1621249170651369928 : Checking page rotation 2 0.2
1621249171553295374 : Checking image 1 crop x1 1189
1621249171553431275 : Checking image 1 crop y1 1751
1621249171553469075 : Checking image 1 crop x2 1190
1621249171553501475 : Checking image 1 crop y2 1752
1621249174055868549 : Checking image 2 crop x1 100
1621249174055990550 : Checking image 2 crop y1 240
1621249174056030750 : Checking image 2 crop x2 2148
1621249174056068050 : Checking image 2 crop y2 3240
1621249174056247351 : Checking image 1 dpi 300
1621249174056312952 : Checking image 1 border top 1752
1621249174056347452 : Checking image 1 border bottom 1753
1621249174056381752 : Checking image 1 border left 1239
1621249174056414352 : Checking image 1 border right 1239
1621249174058435666 : Checking image 2 dpi 300
1621249174058528767 : Checking image 2 border top 230
1621249174058561867 : Checking image 2 border bottom 256
1621249174058593867 : Checking image 2 border left 206
1621249174058625367 : Checking image 2 border right 206

</system-out><system-err>--------------------------------- Captured Err ---------------------------------

</system-err></testcase><testcase classname="tests.test_images" name="test_image_failed_to_rotate_png" time="28.173"><system-out>--------------------------------- Captured Log ---------------------------------

--------------------------------- Captured Out ---------------------------------
/home/runner/work/diptych/diptych/tests/image_failed_to_rotate.png
1621249175654929187 : Checking separation double page angle 90.35651650869968
1621249175655043888 : Checking separation double page y=0 2483
1621249177549206239 : Checking page rotation 1 0.45
1621249178840429931 : Checking page rotation 2 0.2
1621249185254724704 : Checking image 1 crop x1 31
1621249185254864205 : Checking image 1 crop y1 1
1621249185254907205 : Checking image 1 crop x2 2481
1621249185254948406 : Checking image 1 crop y2 3504
1621249189048237831 : Checking image 2 crop x1 171
1621249189048362332 : Checking image 2 crop y1 231
1621249189048403932 : Checking image 2 crop x2 2259
1621249189048444633 : Checking image 2 crop y2 3358
1621249189048637034 : Checking image 1 dpi 300
1621249189048712434 : Checking image 1 border top 2
1621249189048751635 : Checking image 1 border bottom 2
1621249189048786235 : Checking image 1 border left 15
1621249189048819935 : Checking image 1 border right 15
1621249189051265452 : Checking image 2 dpi 300
1621249189051362852 : Checking image 2 border top 217
1621249189051399553 : Checking image 2 border bottom 143
1621249189051433853 : Checking image 2 border left 186
1621249189051467153 : Checking image 2 border right 186

</system-out><system-err>--------------------------------- Captured Err ---------------------------------

</system-err></testcase><testcase classname="tests.test_images" name="test_wrong_split_line_png" time="18.358"><system-out>--------------------------------- Captured Log ---------------------------------

--------------------------------- Captured Out ---------------------------------
/home/runner/work/diptych/diptych/tests/wrong_split_line.png
1621249186489076110 : Checking separation double page angle 89.95895720607972
1621249186489208311 : Checking separation double page y=0 2466
1621249187722315509 : Checking page rotation 1 -0.04999999999999689
1621249188896436510 : Checking page rotation 2 0.45
1621249190308999215 : Checking image 1 crop x1 211
1621249190309127616 : Checking image 1 crop y1 156
1621249190309168116 : Checking image 1 crop x2 2323
1621249190309207417 : Checking image 1 crop y2 3363
1621249192410137621 : Checking image 2 crop x1 123
1621249192410266321 : Checking image 2 crop y1 164
1621249192410308422 : Checking image 2 crop x2 2237
1621249192410354422 : Checking image 2 crop y2 3375
1621249192410536923 : Checking image 1 dpi 300
1621249192410606424 : Checking image 1 border top 135
1621249192410642724 : Checking image 1 border bottom 145
1621249192410678524 : Checking image 1 border left 174
1621249192410714124 : Checking image 1 border right 174
1621249192413172141 : Checking image 2 dpi 300
1621249192413259742 : Checking image 2 border top 141
1621249192413295642 : Checking image 2 border bottom 135
1621249192413329842 : Checking image 2 border left 173
1621249192413363642 : Checking image 2 border right 173

</system-out><system-err>--------------------------------- Captured Err ---------------------------------

</system-err></testcase><testcase classname="tests.test_images" name="test_image_failed_to_crop_data_png" time="38.048"><system-out>--------------------------------- Captured Log ---------------------------------

--------------------------------- Captured Out ---------------------------------
/home/runner/work/diptych/diptych/tests/image_failed_to_crop_data.png
1621249207750999044 : Checking separation double page angle 90.09350257645173
1621249207751112445 : Checking separation double page y=0 2479
1621249212374173201 : Checking page rotation 1 0.15000000000000002
1621249213604441053 : Checking page rotation 2 0.05
1621249223847862754 : Checking image 1 crop x1 46
1621249223848005655 : Checking image 1 crop y1 1
1621249223848049056 : Checking image 1 crop x2 2477
1621249223848088956 : Checking image 1 crop y2 3505
1621249227134380184 : Checking image 2 crop x1 164
1621249227134506184 : Checking image 2 crop y1 217
1621249227134547985 : Checking image 2 crop x2 2245
1621249227134587985 : Checking image 2 crop y2 3350
1621249227134792186 : Checking image 1 dpi 300
1621249227134871687 : Checking image 1 border top 2
1621249227134912387 : Checking image 1 border bottom 2
1621249227134946987 : Checking image 1 border left 25
1621249227134981788 : Checking image 1 border right 25
1621249227137214303 : Checking image 2 dpi 300
1621249227137304403 : Checking image 2 border top 206
1621249227137340903 : Checking image 2 border bottom 148
1621249227137407804 : Checking image 2 border left 189
1621249227137444104 : Checking image 2 border right 189

</system-out><system-err>--------------------------------- Captured Err ---------------------------------

</system-err></testcase><testcase classname="tests.test_images" name="test_crop_too_much_png" time="26.243"><system-out>--------------------------------- Captured Log ---------------------------------

--------------------------------- Captured Out ---------------------------------
/home/runner/work/diptych/diptych/tests/crop_too_much.png
1621249207361036892 : Checking separation double page angle 90.16929865985193
1621249207361155193 : Checking separation double page y=0 2456
1621249209429463229 : Checking page rotation 1 -0.04999999999999689
1621249211243619002 : Checking page rotation 2 0.2
1621249214380599832 : Checking image 1 crop x1 302
1621249214380728333 : Checking image 1 crop y1 148
1621249214380767134 : Checking image 1 crop x2 2314
1621249214380803134 : Checking image 1 crop y2 3351
1621249218628614691 : Checking image 2 crop x1 163
1621249218628748692 : Checking image 2 crop y1 151
1621249218628789693 : Checking image 2 crop x2 2187
1621249218628829093 : Checking image 2 crop y2 3363
1621249218629005394 : Checking image 1 dpi 300
1621249218629077294 : Checking image 1 border top 133
1621249218629112695 : Checking image 1 border bottom 151
1621249218629149095 : Checking image 1 border left 224
1621249218629183195 : Checking image 1 border right 224
1621249218631809313 : Checking image 2 dpi 300
1621249218631907413 : Checking image 2 border top 132
1621249218631945814 : Checking image 2 border bottom 143
1621249218631980214 : Checking image 2 border left 218
1621249218632014514 : Checking image 2 border right 218

</system-out><system-err>--------------------------------- Captured Err ---------------------------------

</system-err></testcase><testcase classname="tests.test_images" name="test_crop_too_few_png" time="18.194"><system-out>--------------------------------- Captured Log ---------------------------------

--------------------------------- Captured Out ---------------------------------
/home/runner/work/diptych/diptych/tests/crop_too_few.png
1621249231059933712 : Checking separation double page angle 89.49492328400886
1621249231060056217 : Checking separation double page y=0 2510
1621249232081356680 : Checking page rotation 1 -0.6499999999999977
1621249233348737134 : Checking page rotation 2 0.0
1621249235360412206 : Checking image 1 crop x1 263
1621249235360540711 : Checking image 1 crop y1 150
1621249235360587613 : Checking image 1 crop x2 2377
1621249235360622815 : Checking image 1 crop y2 3357
1621249236859940109 : Checking image 2 crop x1 139
1621249236860066710 : Checking image 2 crop y1 141
1621249236860105210 : Checking image 2 crop x2 2261
1621249236860142011 : Checking image 2 crop y2 3345
1621249236860318212 : Checking image 1 dpi 300
1621249236860386312 : Checking image 1 border top 129
1621249236860419313 : Checking image 1 border bottom 150
1621249236860452213 : Checking image 1 border left 173
1621249236860483913 : Checking image 1 border right 173
1621249236863222331 : Checking image 2 dpi 300
1621249236863317732 : Checking image 2 border top 130
1621249236863350632 : Checking image 2 border bottom 153
1621249236863382532 : Checking image 2 border left 169
1621249236863414233 : Checking image 2 border right 169

</system-out><system-err>--------------------------------- Captured Err ---------------------------------

</system-err></testcase><testcase classname="tests.test_images" name="test_wrong_angle_split_line_png" time="24.112"><system-out>--------------------------------- Captured Log ---------------------------------

--------------------------------- Captured Out ---------------------------------
/home/runner/work/diptych/diptych/tests/wrong_angle_split_line.png
1621249237811144393 : Checking separation double page angle 90.08791528895468
1621249237811256593 : Checking separation double page y=0 2478
1621249239208380226 : Checking page rotation 1 0.1
1621249240531865780 : Checking page rotation 2 0.1
1621249246950231243 : Checking image 1 crop x1 58
1621249246950359744 : Checking image 1 crop y1 6
1621249246950400444 : Checking image 1 crop x2 2476
1621249246950437744 : Checking image 1 crop y2 3501
1621249250512438206 : Checking image 2 crop x1 166
1621249250512567807 : Checking image 2 crop y1 218
1621249250512606207 : Checking image 2 crop x2 2244
1621249250512642708 : Checking image 2 crop y2 3349
1621249250512840909 : Checking image 1 dpi 300
1621249250512917510 : Checking image 1 border top 6
1621249250512951811 : Checking image 1 border bottom 6
1621249250512983111 : Checking image 1 border left 31
1621249250513014011 : Checking image 1 border right 31
1621249250524117721 : Checking image 2 dpi 300
1621249250524228722 : Checking image 2 border top 209
1621249250524263122 : Checking image 2 border bottom 147
1621249250524294022 : Checking image 2 border left 191
1621249250524325023 : Checking image 2 border right 191

</system-out><system-err>--------------------------------- Captured Err ---------------------------------

</system-err></testcase><testcase classname="tests.test_images" name="test_crop_too_much_2_png" time="26.838"><system-out>--------------------------------- Captured Log ---------------------------------

--------------------------------- Captured Out ---------------------------------
/home/runner/work/diptych/diptych/tests/crop_too_much_2.png
1621249252752988198 : Checking separation double page angle 90.15285326123045
1621249252753100399 : Checking separation double page y=0 2477
1621249254720868302 : Checking page rotation 1 0.15000000000000002
1621249256970076401 : Checking page rotation 2 0.2
1621249259835060037 : Checking image 1 crop x1 330
1621249259835194538 : Checking image 1 crop y1 132
1621249259835235438 : Checking image 1 crop x2 2342
1621249259835273938 : Checking image 1 crop y2 3335
1621249263663457272 : Checking image 2 crop x1 165
1621249263663579273 : Checking image 2 crop y1 139
1621249263663637673 : Checking image 2 crop x2 2178
1621249263663676673 : Checking image 2 crop y2 3345
1621249263663858574 : Checking image 1 dpi 300
1621249263663929174 : Checking image 1 border top 121
1621249263663965575 : Checking image 1 border bottom 163
1621249263664002275 : Checking image 1 border left 224
1621249263664038575 : Checking image 1 border right 224
1621249263666811789 : Checking image 2 dpi 300
1621249263666915290 : Checking image 2 border top 129
1621249263666952290 : Checking image 2 border bottom 152
1621249263666986690 : Checking image 2 border left 223
1621249263667020990 : Checking image 2 border right 223

</system-out><system-err>--------------------------------- Captured Err ---------------------------------

</system-err></testcase><testcase classname="tests.test_images" name="test_angle_page_lower_split_line_png" time="26.197"><system-out>--------------------------------- Captured Log ---------------------------------

--------------------------------- Captured Out ---------------------------------
/home/runner/work/diptych/diptych/tests/angle_page_lower_split_line.png
1621249268719187362 : Checking separation double page angle 89.74412725181848
1621249268719308063 : Checking separation double page y=0 2472
1621249270561599170 : Checking page rotation 1 -0.14999999999999067
1621249272088107382 : Checking page rotation 2 0.1
1621249273779454014 : Checking image 1 crop x1 241
1621249273779592715 : Checking image 1 crop y1 156
1621249273779633515 : Checking image 1 crop x2 2357
1621249273779674515 : Checking image 1 crop y2 3368
1621249277526994221 : Checking image 2 crop x1 151
1621249277527127121 : Checking image 2 crop y1 146
1621249277527168821 : Checking image 2 crop x2 2261
1621249277527208621 : Checking image 2 crop y2 3351
1621249277527406422 : Checking image 1 dpi 300
1621249277527481022 : Checking image 1 border top 140
1621249277527520222 : Checking image 1 border bottom 135
1621249277527555422 : Checking image 1 border left 172
1621249277527589622 : Checking image 1 border right 172
1621249277529844429 : Checking image 2 dpi 300
1621249277529934829 : Checking image 2 border top 131
1621249277529971729 : Checking image 2 border bottom 151
1621249277530005729 : Checking image 2 border left 175
1621249277530039229 : Checking image 2 border right 175

</system-out><system-err>--------------------------------- Captured Err ---------------------------------

</system-err></testcase><testcase classname="tests.test_images" name="test_wrong_split_line_2_png" time="33.970"><system-out>--------------------------------- Captured Log ---------------------------------

--------------------------------- Captured Out ---------------------------------
/home/runner/work/diptych/diptych/tests/wrong_split_line_2.png
1621249281385324639 : Checking separation double page angle 90.23635161124103
1621249281385468640 : Checking separation double page y=0 2437
1621249283613162610 : Checking page rotation 1 0.2
1621249285547466694 : Checking page rotation 2 0.2
1621249290533918251 : Checking image 1 crop x1 294
1621249290534044352 : Checking image 1 crop y1 136
1621249290534083052 : Checking image 1 crop x2 2325
1621249290534120853 : Checking image 1 crop y2 3376
1621249297649793327 : Checking image 2 crop x1 138
1621249297649920327 : Checking image 2 crop y1 190
1621249297649960627 : Checking image 2 crop x2 2174
1621249297650001127 : Checking image 2 crop y2 3389
1621249297650178026 : Checking image 1 dpi 300
1621249297650250926 : Checking image 1 border top 131
1621249297650286626 : Checking image 1 border bottom 116
1621249297650322626 : Checking image 1 border left 214
1621249297650358626 : Checking image 1 border right 214
1621249297652973417 : Checking image 2 dpi 300
1621249297653069117 : Checking image 2 border top 181
1621249297653105417 : Checking image 2 border bottom 107
1621249297653139917 : Checking image 2 border left 212
1621249297653173817 : Checking image 2 border right 212

</system-out><system-err>--------------------------------- Captured Err ---------------------------------

</system-err></testcase><testcase classname="tests.test_images" name="test_wrong_wave_split_line_png" time="31.195"><system-out>--------------------------------- Captured Log ---------------------------------

--------------------------------- Captured Out ---------------------------------
/home/runner/work/diptych/diptych/tests/wrong_wave_split_line.png
1621249294022458591 : Checking separation double page angle 90.42461655762611
1621249294022567792 : Checking separation double page y=0 2502
1621249295649056657 : Checking page rotation 1 -0.09999999999999377
1621249297170361844 : Checking page rotation 2 0.85
1621249302544556447 : Checking image 1 crop x1 384
1621249302544686848 : Checking image 1 crop y1 178
1621249302544727849 : Checking image 1 crop x2 2412
1621249302544765649 : Checking image 1 crop y2 3374
1621249308705805748 : Checking image 2 crop x1 7
1621249308705948549 : Checking image 2 crop y1 0
1621249308705990249 : Checking image 2 crop x2 2411
1621249308706030549 : Checking image 2 crop y2 3505
1621249308706204550 : Checking image 1 dpi 300
1621249308706276251 : Checking image 1 border top 173
1621249308706313651 : Checking image 1 border bottom 118
1621249308706347751 : Checking image 1 border left 216
1621249308706381351 : Checking image 1 border right 216
1621249308708739164 : Checking image 2 dpi 300
1621249308708836864 : Checking image 2 border top 1
1621249308708873365 : Checking image 2 border bottom 1
1621249308708907265 : Checking image 2 border left 38
1621249308708940365 : Checking image 2 border right 38

</system-out><system-err>--------------------------------- Captured Err ---------------------------------

</system-err></testcase><testcase classname="tests.test_images" name="test_small_wave_png" time="22.438"><system-out>--------------------------------- Captured Log ---------------------------------

--------------------------------- Captured Out ---------------------------------
/home/runner/work/diptych/diptych/tests/small_wave.png
1621249313151643034 : Checking separation double page angle 90.56494929955075
1621249313151762228 : Checking separation double page y=0 2495
1621249314926325234 : Checking page rotation 1 0.7
1621249316467463617 : Checking page rotation 2 0.65
1621249317944692571 : Checking image 1 crop x1 322
1621249317944814071 : Checking image 1 crop y1 199
1621249317944852471 : Checking image 1 crop x2 2351
1621249317944887871 : Checking image 1 crop y2 3394
1621249320090767358 : Checking image 2 crop x1 130
1621249320090890349 : Checking image 2 crop y1 222
1621249320090928446 : Checking image 2 crop x2 2163
1621249320090964943 : Checking image 2 crop y2 3420
1621249320091127530 : Checking image 1 dpi 300
1621249320091193125 : Checking image 1 border top 181
1621249320091225723 : Checking image 1 border bottom 111
1621249320091259220 : Checking image 1 border left 215
1621249320091292217 : Checking image 1 border right 215
1621249320093548440 : Checking image 2 dpi 300
1621249320093637933 : Checking image 2 border top 197
1621249320093671631 : Checking image 2 border bottom 92
1621249320093702928 : Checking image 2 border left 213
1621249320093734726 : Checking image 2 border right 213

</system-out><system-err>--------------------------------- Captured Err ---------------------------------

</system-err></testcase><testcase classname="tests.test_images" name="test_no_split_line_line_algo_png" time="21.180"><system-out>--------------------------------- Captured Log ---------------------------------

--------------------------------- Captured Out ---------------------------------
/home/runner/work/diptych/diptych/tests/no_split_line_line_algo.png
1621249320948073739 : Checking separation double page angle 89.47691469185418
1621249320948185338 : Checking separation double page y=0 2476
1621249322020322298 : Checking page rotation 1 -0.14999999999999067
1621249323697344926 : Checking page rotation 2 -0.14999999999999067
1621249325566906597 : Checking image 1 crop x1 205
1621249325567032496 : Checking image 1 crop y1 158
1621249325567070896 : Checking image 1 crop x2 2320
1621249325567107995 : Checking image 1 crop y2 3366
1621249329911590310 : Checking image 2 crop x1 185
1621249329911716709 : Checking image 2 crop y1 225
1621249329911755309 : Checking image 2 crop x2 2204
1621249329911792409 : Checking image 2 crop y2 3362
1621249329911984208 : Checking image 1 dpi 300
1621249329912056307 : Checking image 1 border top 144
1621249329912091407 : Checking image 1 border bottom 134
1621249329912122507 : Checking image 1 border left 172
1621249329912153807 : Checking image 1 border right 172
1621249329914565092 : Checking image 2 dpi 300
1621249329914651091 : Checking image 2 border top 223
1621249329914684891 : Checking image 2 border bottom 127
1621249329914716491 : Checking image 2 border left 220
1621249329914747090 : Checking image 2 border right 220

</system-out><system-err>--------------------------------- Captured Err ---------------------------------

</system-err></testcase><testcase classname="tests.test_images" name="test_wrong_split_line_3_png" time="25.596"><system-out>--------------------------------- Captured Log ---------------------------------

--------------------------------- Captured Out ---------------------------------
/home/runner/work/diptych/diptych/tests/wrong_split_line_3.png
1621249334056610234 : Checking separation double page angle 90.40515247895009
1621249334056732834 : Checking separation double page y=0 2495
1621249335525333182 : Checking page rotation 1 0.2
1621249336716746840 : Checking page rotation 2 0.85
1621249338706510330 : Checking image 1 crop x1 331
1621249338706641529 : Checking image 1 crop y1 166
1621249338706682929 : Checking image 1 crop x2 2377
1621249338706721928 : Checking image 1 crop y2 3375
1621249345710040737 : Checking image 2 crop x1 103
1621249345710153136 : Checking image 2 crop y1 207
1621249345710191236 : Checking image 2 crop x2 2136
1621249345710228236 : Checking image 2 crop y2 3414
1621249345710418935 : Checking image 1 dpi 300
1621249345710491334 : Checking image 1 border top 158
1621249345710526934 : Checking image 1 border bottom 120
1621249345710562934 : Checking image 1 border left 207
1621249345710599933 : Checking image 1 border right 207
1621249345712892819 : Checking image 2 dpi 300
1621249345712977919 : Checking image 2 border top 199
1621249345713015118 : Checking image 2 border bottom 81
1621249345713049618 : Checking image 2 border left 213
1621249345713083818 : Checking image 2 border right 213

</system-out><system-err>--------------------------------- Captured Err ---------------------------------

</system-err></testcase><testcase classname="tests.test_images" name="test_failed_split_line_line_algo_png" time="15.062"><system-out>--------------------------------- Captured Log ---------------------------------

--------------------------------- Captured Out ---------------------------------
/home/runner/work/diptych/diptych/tests/failed_split_line_line_algo.png
1621249339483986191 : Checking separation double page angle 90.0093502548779
1621249339484099691 : Checking separation double page y=0 2574
1621249340255676190 : Checking page rotation 1 0.0
1621249340805183200 : Checking page rotation 2 0.0
1621249343242109032 : Checking image 1 crop x1 411
1621249343242240031 : Checking image 1 crop y1 2927
1621249343242281431 : Checking image 1 crop x2 2422
1621249343242319531 : Checking image 1 crop y2 3172
1621249345002758449 : Checking image 2 crop x1 1191
1621249345002872148 : Checking image 2 crop y1 1745
1621249345002909948 : Checking image 2 crop x2 1192
1621249345002945048 : Checking image 2 crop y2 1746
1621249345003097047 : Checking image 1 dpi 300
1621249345003180346 : Checking image 1 border top 2920
1621249345003216546 : Checking image 1 border bottom 322
1621249345003251346 : Checking image 1 border left 224
1621249345003285646 : Checking image 1 border right 224
1621249345005515532 : Checking image 2 dpi 300
1621249345005604331 : Checking image 2 border top 1752
1621249345005640631 : Checking image 2 border bottom 1753
1621249345005674831 : Checking image 2 border left 1239
1621249345005708531 : Checking image 2 border right 1239

</system-out><system-err>--------------------------------- Captured Err ---------------------------------

</system-err></testcase><testcase classname="tests.test_images" name="test_failed_split_line_line_algo_2_png" time="23.577"><system-out>--------------------------------- Captured Log ---------------------------------

--------------------------------- Captured Out ---------------------------------
/home/runner/work/diptych/diptych/tests/failed_split_line_line_algo_2.png
1621249359868349927 : Checking separation double page angle 90.03732329462368
1621249359868462727 : Checking separation double page y=0 2499
1621249361687681483 : Checking page rotation 1 -0.09999999999999377
1621249363170708995 : Checking page rotation 2 0.5499999999999999
1621249365995562269 : Checking image 1 crop x1 273
1621249365995693468 : Checking image 1 crop y1 147
1621249365995731268 : Checking image 1 crop x2 2386
1621249365995766367 : Checking image 1 crop y2 3352
1621249368545647126 : Checking image 2 crop x1 122
1621249368545775927 : Checking image 2 crop y1 155
1621249368545814628 : Checking image 2 crop x2 2246
1621249368545851628 : Checking image 2 crop y2 3350
1621249368546040829 : Checking image 1 dpi 300
1621249368546111330 : Checking image 1 border top 137
1621249368546145830 : Checking image 1 border bottom 145
1621249368546177330 : Checking image 1 border left 173
1621249368546208630 : Checking image 1 border right 173
1621249368549063650 : Checking image 2 dpi 300
1621249368549159351 : Checking image 2 border top 133
1621249368549192551 : Checking image 2 border bottom 159
1621249368549224051 : Checking image 2 border left 168
1621249368549254752 : Checking image 2 border right 168

</system-out><system-err>--------------------------------- Captured Err ---------------------------------

</system-err></testcase><testcase classname="tests.test_images" name="test_crop_too_much_3_png" time="21.915"><system-out>--------------------------------- Captured Log ---------------------------------

--------------------------------- Captured Out ---------------------------------
/home/runner/work/diptych/diptych/tests/crop_too_much_3.png
1621249358736944517 : Checking separation double page angle 89.5934556679346
1621249358737065616 : Checking separation double page y=0 2499
1621249360102518618 : Checking page rotation 1 -0.8999999999999949
1621249362290527803 : Checking page rotation 2 -0.04999999999999689
1621249365192257935 : Checking image 1 crop x1 374
1621249365192390134 : Checking image 1 crop y1 258
1621249365192429434 : Checking image 1 crop x2 2385
1621249365192464033 : Checking image 1 crop y2 3459
1621249367619921001 : Checking image 2 crop x1 164
1621249367620055602 : Checking image 2 crop y1 229
1621249367620096102 : Checking image 2 crop x2 2183
1621249367620135102 : Checking image 2 crop y2 3416
1621249367620308803 : Checking image 1 dpi 300
1621249367620380504 : Checking image 1 border top 239
1621249367620416204 : Checking image 1 border bottom 46
1621249367620452204 : Checking image 1 border left 224
1621249367620489505 : Checking image 1 border right 224
1621249367623645827 : Checking image 2 dpi 300
1621249367623745227 : Checking image 2 border top 210
1621249367623781128 : Checking image 2 border bottom 90
1621249367623815228 : Checking image 2 border left 220
1621249367623849428 : Checking image 2 border right 220

</system-out><system-err>--------------------------------- Captured Err ---------------------------------

</system-err></testcase><testcase classname="tests.test_images" name="test_wrong_wave_split_line_3_png" time="24.258"><system-out>--------------------------------- Captured Log ---------------------------------

--------------------------------- Captured Out ---------------------------------
/home/runner/work/diptych/diptych/tests/wrong_wave_split_line_3.png
1621249384934947447 : Checking separation double page angle 90.12715931778824
1621249384935065450 : Checking separation double page y=0 2514
1621249386690963444 : Checking page rotation 1 0.05
1621249388108851902 : Checking page rotation 2 0.2
1621249390076460512 : Checking image 1 crop x1 273
1621249390076575012 : Checking image 1 crop y1 220
1621249390076626411 : Checking image 1 crop x2 2383
1621249390076660211 : Checking image 1 crop y2 3423
1621249391892402019 : Checking image 2 crop x1 116
1621249391892525120 : Checking image 2 crop y1 225
1621249391892563321 : Checking image 2 crop x2 2242
1621249391892600121 : Checking image 2 crop y2 3415
1621249391892776723 : Checking image 1 dpi 300
1621249391892843924 : Checking image 1 border top 202
1621249391892877424 : Checking image 1 border bottom 82
1621249391892911024 : Checking image 1 border left 175
1621249391892945825 : Checking image 1 border right 175
1621249391896007657 : Checking image 2 dpi 300
1621249391896097658 : Checking image 2 border top 204
1621249391896130458 : Checking image 2 border bottom 93
1621249391896161958 : Checking image 2 border left 167
1621249391896193859 : Checking image 2 border right 167

</system-out><system-err>--------------------------------- Captured Err ---------------------------------

</system-err></testcase><testcase classname="tests.test_images" name="test_wrong_wave_split_line_2_png" time="25.037"><system-out>--------------------------------- Captured Log ---------------------------------

--------------------------------- Captured Out ---------------------------------
/home/runner/work/diptych/diptych/tests/wrong_wave_split_line_2.png
1621249385924589265 : Checking separation double page angle 90.7708958311329
1621249385924707065 : Checking separation double page y=0 2490
1621249387472375798 : Checking page rotation 1 0.2
1621249388999208468 : Checking page rotation 2 1.65
1621249390597554814 : Checking image 1 crop x1 227
1621249390597683614 : Checking image 1 crop y1 147
1621249390597725114 : Checking image 1 crop x2 2342
1621249390597764614 : Checking image 1 crop y2 3353
1621249393590088651 : Checking image 2 crop x1 106
1621249393590218151 : Checking image 2 crop y1 195
1621249393590258951 : Checking image 2 crop x2 2231
1621249393590298251 : Checking image 2 crop y2 3398
1621249393590486451 : Checking image 1 dpi 300
1621249393590559851 : Checking image 1 border top 136
1621249393590597251 : Checking image 1 border bottom 145
1621249393590631551 : Checking image 1 border left 172
1621249393590665551 : Checking image 1 border right 172
1621249393593150950 : Checking image 2 dpi 300
1621249393593235050 : Checking image 2 border top 165
1621249393593270750 : Checking image 2 border bottom 118
1621249393593304350 : Checking image 2 border left 167
1621249393593337650 : Checking image 2 border right 167

</system-out><system-err>--------------------------------- Captured Err ---------------------------------

</system-err></testcase><testcase classname="tests.test_images" name="test_no_split_line_wave_algo_png" time="31.765"><system-out>--------------------------------- Captured Log ---------------------------------

--------------------------------- Captured Out ---------------------------------
/home/runner/work/diptych/diptych/tests/no_split_line_wave_algo.png
1621249405276191453 : Checking separation double page angle 89.79018091440821
1621249405276317053 : Checking separation double page y=0 2483
1621249408203665937 : Checking page rotation 1 0.0
1621249409712349270 : Checking page rotation 2 -0.44999999999999746
1621249418403564864 : Checking image 1 crop x1 97
1621249418403677264 : Checking image 1 crop y1 74
1621249418403714564 : Checking image 1 crop x2 2489
1621249418403750264 : Checking image 1 crop y2 3505
1621249423609443207 : Checking image 2 crop x1 164
1621249423609571707 : Checking image 2 crop y1 267
1621249423609614707 : Checking image 2 crop x2 2239
1621249423609652707 : Checking image 2 crop y2 3380
1621249423609826407 : Checking image 1 dpi 300
1621249423609899307 : Checking image 1 border top 38
1621249423609936207 : Checking image 1 border bottom 38
1621249423609973707 : Checking image 1 border left 44
1621249423610009807 : Checking image 1 border right 44
1621249423613089307 : Checking image 2 dpi 300
1621249423613187507 : Checking image 2 border top 257
1621249423613224107 : Checking image 2 border bottom 117
1621249423613258907 : Checking image 2 border left 192
1621249423613295407 : Checking image 2 border right 192

</system-out><system-err>--------------------------------- Captured Err ---------------------------------

</system-err></testcase><testcase classname="tests.test_images" name="test_no_split_line_wave_algo_2_png" time="19.777"><system-out>--------------------------------- Captured Log ---------------------------------

--------------------------------- Captured Out ---------------------------------
/home/runner/work/diptych/diptych/tests/no_split_line_wave_algo_2.png
1621249406902042009 : Checking separation double page angle 90.43362571535843
1621249406902162209 : Checking separation double page y=0 2473
1621249408107051141 : Checking page rotation 1 1.05
1621249409469858781 : Checking page rotation 2 0.15000000000000002
1621249411595557587 : Checking image 1 crop x1 267
1621249411595682687 : Checking image 1 crop y1 210
1621249411595720687 : Checking image 1 crop x2 2343
1621249411595755987 : Checking image 1 crop y2 3412
1621249413384695208 : Checking image 2 crop x1 165
1621249413384815208 : Checking image 2 crop y1 241
1621249413384853408 : Checking image 2 crop x2 2250
1621249413384891308 : Checking image 2 crop y2 3433
1621249413385080407 : Checking image 1 dpi 300
1621249413385150907 : Checking image 1 border top 192
1621249413385184907 : Checking image 1 border bottom 93
1621249413385216507 : Checking image 1 border left 192
1621249413385247407 : Checking image 1 border right 192
1621249413387912807 : Checking image 2 dpi 300
1621249413388008607 : Checking image 2 border top 224
1621249413388042007 : Checking image 2 border bottom 71
1621249413388073407 : Checking image 2 border left 187
1621249413388104707 : Checking image 2 border right 187

</system-out><system-err>--------------------------------- Captured Err ---------------------------------

</system-err></testcase><testcase classname="tests.test_images" name="test_failed_detect_rectangle_png" time="19.570"><system-out>--------------------------------- Captured Log ---------------------------------

--------------------------------- Captured Out ---------------------------------
/home/runner/work/diptych/diptych/tests/failed_detect_rectangle.png
1621249427157224247 : Checking separation double page angle 90.242273842964
1621249427157340647 : Checking separation double page y=0 2475
1621249428608825823 : Checking page rotation 1 0.2
1621249430316772294 : Checking page rotation 2 0.2
1621249431550959798 : Checking image 1 crop x1 257
1621249431551084498 : Checking image 1 crop y1 201
1621249431551124798 : Checking image 1 crop x2 2333
1621249431551162298 : Checking image 1 crop y2 3402
1621249432940079688 : Checking image 2 crop x1 137
1621249432940202988 : Checking image 2 crop y1 215
1621249432940243988 : Checking image 2 crop x2 2220
1621249432940283088 : Checking image 2 crop y2 3406
1621249432940472188 : Checking image 1 dpi 300
1621249432940546588 : Checking image 1 border top 188
1621249432940584288 : Checking image 1 border bottom 98
1621249432940618288 : Checking image 1 border left 192
1621249432940651988 : Checking image 1 border right 192
1621249432942806188 : Checking image 2 dpi 300
1621249432942890988 : Checking image 2 border top 201
1621249432942927188 : Checking image 2 border bottom 95
1621249432942962388 : Checking image 2 border left 188
1621249432942996288 : Checking image 2 border right 188

</system-out><system-err>--------------------------------- Captured Err ---------------------------------

</system-err></testcase><testcase classname="tests.test_images" name="test_crop_too_few_2_png" time="19.653"><system-out>--------------------------------- Captured Log ---------------------------------

--------------------------------- Captured Out ---------------------------------
/home/runner/work/diptych/diptych/tests/crop_too_few_2.png
1621249436043530090 : Checking separation double page angle 90.35461351371423
1621249436043646090 : Checking separation double page y=0 2533
1621249437347085674 : Checking page rotation 1 1.0999999999999999
1621249438703612462 : Checking page rotation 2 0.0
1621249441375471586 : Checking image 1 crop x1 289
1621249441375597786 : Checking image 1 crop y1 165
1621249441375637886 : Checking image 1 crop x2 2400
1621249441375676586 : Checking image 1 crop y2 3367
1621249443333401844 : Checking image 2 crop x1 152
1621249443333519344 : Checking image 2 crop y1 190
1621249443333573244 : Checking image 2 crop x2 2273
1621249443333611444 : Checking image 2 crop y2 3385
1621249443333790344 : Checking image 1 dpi 300
1621249443333863244 : Checking image 1 border top 157
1621249443333899544 : Checking image 1 border bottom 128
1621249443333936044 : Checking image 1 border left 174
1621249443333972744 : Checking image 1 border right 174
1621249443336998744 : Checking image 2 dpi 300
1621249443337087544 : Checking image 2 border top 182
1621249443337125244 : Checking image 2 border bottom 110
1621249443337159444 : Checking image 2 border left 169
1621249443337193244 : Checking image 2 border right 169

</system-out><system-err>--------------------------------- Captured Err ---------------------------------

</system-err></testcase><testcase classname="tests.test_images" name="test_single_page_png" time="5.949"><system-out>--------------------------------- Captured Log ---------------------------------

--------------------------------- Captured Out ---------------------------------
/home/runner/work/diptych/diptych/tests/single_page.png
1621249435933935382 : Checking separation double page angle 89.93006318861008
1621249435934062182 : Checking separation double page y=0 2472
1621249436788520938 : Checking page rotation 1 0.0
1621249436882928644 : Checking page rotation 2 0.0
1621249438423031644 : Checking image 1 crop x1 1
1621249438423133344 : Checking image 1 crop y1 8
1621249438423170844 : Checking image 1 crop x2 2470
1621249438423204044 : Checking image 1 crop y2 3505
1621249438548221352 : Checking image 2 crop x1 0
1621249438548302352 : Checking image 2 crop y1 0
1621249438548333052 : Checking image 2 crop x2 0
1621249438548362752 : Checking image 2 crop y2 0
1621249438548424152 : Checking image 1 dpi 300
1621249438548485652 : Checking image 1 border top 5
1621249438548517852 : Checking image 1 border bottom 5
1621249438548548752 : Checking image 1 border left 6
1621249438548579552 : Checking image 1 border right 6
1621249438554584952 : Checking image 2 border top 0
1621249438554655452 : Checking image 2 border bottom 0
1621249438554685852 : Checking image 2 border left 0
1621249438554716752 : Checking image 2 border right 0

</system-out><system-err>--------------------------------- Captured Err ---------------------------------

</system-err></testcase><testcase classname="tests.test_images" name="test_wrong_split_line_4_png" time="11.445"><system-out>--------------------------------- Captured Log ---------------------------------

--------------------------------- Captured Out ---------------------------------
/home/runner/work/diptych/diptych/tests/wrong_split_line_4.png
1621249446424102709 : Checking separation double page angle 90.92587744884125
1621249446424222109 : Checking separation double page y=0 58
1621249446515018725 : Checking page rotation 1 0.5499999999999999
1621249447735075037 : Checking page rotation 2 1.0999999999999999
1621249448423047793 : Checking image 1 crop x1 0
1621249448423129193 : Checking image 1 crop y1 0
1621249448423160293 : Checking image 1 crop x2 0
1621249448423190293 : Checking image 1 crop y2 0
1621249450419122834 : Checking image 2 crop x1 290
1621249450419248734 : Checking image 2 crop y1 330
1621249450419284834 : Checking image 2 crop x2 2314
1621249450419320734 : Checking image 2 crop y2 3217
1621249450419497734 : Checking image 1 border top 0
1621249450419533634 : Checking image 1 border bottom 0
1621249450419567934 : Checking image 1 border left 0
1621249450419599934 : Checking image 1 border right 0
1621249450419649434 : Checking image 2 dpi 300
1621249450419716334 : Checking image 2 border top 322
1621249450419747934 : Checking image 2 border bottom 278
1621249450419778434 : Checking image 2 border left 218
1621249450419810834 : Checking image 2 border right 218

</system-out><system-err>--------------------------------- Captured Err ---------------------------------

</system-err></testcase><testcase classname="tests.test_images" name="test_no_split_line_wave_algo_3_png" time="10.211"><system-out>--------------------------------- Captured Log ---------------------------------

--------------------------------- Captured Out ---------------------------------
/home/runner/work/diptych/diptych/tests/no_split_line_wave_algo_3.png
1621249450163877439 : Checking separation double page angle 90.18184445198425
1621249450164006639 : Checking separation double page y=0 2405
1621249451024614259 : Checking page rotation 1 0.0
1621249451191020521 : Checking page rotation 2 0.0
1621249453068141218 : Checking image 1 crop x1 184
1621249453068249718 : Checking image 1 crop y1 2957
1621249453068287518 : Checking image 1 crop x2 2201
1621249453068320418 : Checking image 1 crop y2 3202
1621249453516088184 : Checking image 2 crop x1 0
1621249453516172984 : Checking image 2 crop y1 0
1621249453516204684 : Checking image 2 crop x2 0
1621249453516234884 : Checking image 2 crop y2 0
1621249453516307684 : Checking image 1 dpi 300
1621249453516376384 : Checking image 1 border top 2950
1621249453516408884 : Checking image 1 border bottom 292
1621249453516442184 : Checking image 1 border left 221
1621249453516477084 : Checking image 1 border right 221
1621249453521698686 : Checking image 2 border top 0
1621249453521764686 : Checking image 2 border bottom 0
1621249453521795686 : Checking image 2 border left 0
1621249453521826686 : Checking image 2 border right 0

</system-out><system-err>--------------------------------- Captured Err ---------------------------------

</system-err></testcase><testcase classname="tests.test_images" name="test_failed_split_line_line_algo_3_png" time="12.861"><system-out>--------------------------------- Captured Log ---------------------------------

--------------------------------- Captured Out ---------------------------------
/home/runner/work/diptych/diptych/tests/failed_split_line_line_algo_3.png
1621249457479711796 : Checking separation double page angle 90.02403976140027
1621249457479849696 : Checking separation double page y=0 39
1621249457547477900 : Checking page rotation 1 0.0
1621249458323118451 : Checking page rotation 2 0.0
1621249458640175072 : Checking image 1 crop x1 0
1621249458640261272 : Checking image 1 crop y1 0
1621249458640295572 : Checking image 1 crop x2 0
1621249458640328272 : Checking image 1 crop y2 0
1621249463296070672 : Checking image 2 crop x1 249
1621249463296180472 : Checking image 2 crop y1 154
1621249463296218771 : Checking image 2 crop x2 2264
1621249463296255971 : Checking image 2 crop y2 3361
1621249463296437771 : Checking image 1 border top 0
1621249463296476071 : Checking image 1 border bottom 0
1621249463296512371 : Checking image 1 border left 0
1621249463296547071 : Checking image 1 border right 0
1621249463296603271 : Checking image 2 dpi 300
1621249463296672171 : Checking image 2 border top 146
1621249463296706271 : Checking image 2 border bottom 134
1621249463296739171 : Checking image 2 border left 222
1621249463296771871 : Checking image 2 border right 222

</system-out><system-err>--------------------------------- Captured Err ---------------------------------

</system-err></testcase></testsuite></testsuites>