<?xml version="1.0" encoding="utf-8"?><testsuites><testsuite errors="0" failures="0" hostname="travis-job-9a7ee43d-f273-4a2d-bbbb-b33ab43aa798" name="pytest" skipped="0" tests="15" time="718.246" timestamp="2020-11-19T21:37:52.978678"><testcase classname="tests.test_features" name="test_disabled_enable_debug" time="49.524"><system-out>--------------------------------- Captured Log ---------------------------------

--------------------------------- Captured Out ---------------------------------
/home/travis/build/bansan85/ocr-book/tests/0001_debug.png
separation double page angle 90.53945493634917
separation double page y=0 2485
page rotation 1 0.75
page rotation 2 0.2
image 1 crop x1 330
image 1 crop y1 336
image 1 crop x2 2343
image 1 crop y2 3223
image 2 crop x1 169
image 2 crop y1 648
image 2 crop x2 2186
image 2 crop y2 3361
image 1 dpi 300
image 1 border top 324
image 1 border bottom 276
image 1 border left 223
image 1 border right 223
image 2 dpi 300
image 2 border top 671
image 2 border bottom 103
image 2 border left 221
image 2 border right 221

</system-out><system-err>--------------------------------- Captured Err ---------------------------------

</system-err></testcase><testcase classname="tests.test_features" name="test_mock_stop_at_0" time="0.037"><system-out>--------------------------------- Captured Log ---------------------------------

--------------------------------- Captured Out ---------------------------------
/home/travis/build/bansan85/ocr-book/tests/0001_0.png

</system-out><system-err>--------------------------------- Captured Err ---------------------------------

</system-err></testcase><testcase classname="tests.test_features" name="test_mock_stop_at_1" time="27.410"><system-out>--------------------------------- Captured Log ---------------------------------

--------------------------------- Captured Out ---------------------------------
/home/travis/build/bansan85/ocr-book/tests/0001_1.png
separation double page angle 90.53945493634917
separation double page y=0 2485

</system-out><system-err>--------------------------------- Captured Err ---------------------------------

</system-err></testcase><testcase classname="tests.test_features" name="test_mock_stop_at_2" time="52.104"><system-out>--------------------------------- Captured Log ---------------------------------

--------------------------------- Captured Out ---------------------------------
/home/travis/build/bansan85/ocr-book/tests/0001_2.png
separation double page angle 90.53945493634917
separation double page y=0 2485
page rotation 1 0.75
page rotation 2 0.2

</system-out><system-err>--------------------------------- Captured Err ---------------------------------

</system-err></testcase><testcase classname="tests.test_features" name="test_mock_stop_at_3" time="54.512"><system-out>--------------------------------- Captured Log ---------------------------------

--------------------------------- Captured Out ---------------------------------
/home/travis/build/bansan85/ocr-book/tests/0001_3.png
separation double page angle 90.53945493634917
separation double page y=0 2485
page rotation 1 0.75
page rotation 2 0.2
image 1 crop x1 330
image 1 crop y1 336
image 1 crop x2 2343
image 1 crop y2 3223
image 2 crop x1 169
image 2 crop y1 648
image 2 crop x2 2186
image 2 crop y2 3361

</system-out><system-err>--------------------------------- Captured Err ---------------------------------

</system-err></testcase><testcase classname="tests.test_features" name="test_mock_stop_at_4" time="54.666"><system-out>--------------------------------- Captured Log ---------------------------------

--------------------------------- Captured Out ---------------------------------
/home/travis/build/bansan85/ocr-book/tests/0001_4.png
separation double page angle 90.53945493634917
separation double page y=0 2485
page rotation 1 0.75
page rotation 2 0.2
image 1 crop x1 330
image 1 crop y1 336
image 1 crop x2 2343
image 1 crop y2 3223
image 2 crop x1 169
image 2 crop y1 648
image 2 crop x2 2186
image 2 crop y2 3361
image 1 dpi 300
image 1 border top 324
image 1 border bottom 276
image 1 border left 223
image 1 border right 223
image 2 dpi 300
image 2 border top 671
image 2 border bottom 103
image 2 border left 221
image 2 border right 221

</system-out><system-err>--------------------------------- Captured Err ---------------------------------

</system-err></testcase><testcase classname="tests.test_features" name="test_mock_stop_at_5" time="54.885"><system-out>--------------------------------- Captured Log ---------------------------------

--------------------------------- Captured Out ---------------------------------
/home/travis/build/bansan85/ocr-book/tests/0001_5.png
separation double page angle 90.53945493634917
separation double page y=0 2485
page rotation 1 0.75
page rotation 2 0.2
image 1 crop x1 330
image 1 crop y1 336
image 1 crop x2 2343
image 1 crop y2 3223
image 2 crop x1 169
image 2 crop y1 648
image 2 crop x2 2186
image 2 crop y2 3361
image 1 dpi 300
image 1 border top 324
image 1 border bottom 276
image 1 border left 223
image 1 border right 223
image 2 dpi 300
image 2 border top 671
image 2 border bottom 103
image 2 border left 221
image 2 border right 221

</system-out><system-err>--------------------------------- Captured Err ---------------------------------

</system-err></testcase><testcase classname="tests.test_images" name="test_0001_png" time="54.721"><system-out>--------------------------------- Captured Log ---------------------------------

--------------------------------- Captured Out ---------------------------------
/home/travis/build/bansan85/ocr-book/tests/0001.png
1605822193937825024 : Checking separation double page angle 90.53945493634917
1605822193937922560 : Checking separation double page y=0 2485
1605822205236138752 : Checking page rotation 1 0.75
1605822218775491328 : Checking page rotation 2 0.2
1605822220011436800 : Checking image 1 crop x1 330
1605822220011532544 : Checking image 1 crop y1 336
1605822220011567616 : Checking image 1 crop x2 2343
1605822220011600128 : Checking image 1 crop y2 3223
1605822221421936640 : Checking image 2 crop x1 169
1605822221422018560 : Checking image 2 crop y1 648
1605822221422052864 : Checking image 2 crop x2 2186
1605822221422085120 : Checking image 2 crop y2 3361
1605822221449279488 : Checking image 1 dpi 300
1605822221449419264 : Checking image 1 border top 324
1605822221449452544 : Checking image 1 border bottom 276
1605822221449481472 : Checking image 1 border left 223
1605822221449508608 : Checking image 1 border right 223
1605822221451492608 : Checking image 2 dpi 300
1605822221451622912 : Checking image 2 border top 671
1605822221451652864 : Checking image 2 border bottom 103
1605822221451680768 : Checking image 2 border left 221
1605822221451707648 : Checking image 2 border right 221

</system-out><system-err>--------------------------------- Captured Err ---------------------------------

</system-err></testcase><testcase classname="tests.test_images" name="test_2_pages_2_contours_png" time="31.277"><system-out>--------------------------------- Captured Log ---------------------------------

--------------------------------- Captured Out ---------------------------------
/home/travis/build/bansan85/ocr-book/tests/2-pages-2-contours.png
1605822238469476096 : Checking separation double page angle 90.15647898380502
1605822238469580544 : Checking separation double page y=0 2489
1605822240675575552 : Checking page rotation 1 0.05
1605822250895764480 : Checking page rotation 2 0.35000000000000003
1605822251559089920 : Checking image 1 crop x1 1186
1605822251559167232 : Checking image 1 crop y1 1720
1605822251559195648 : Checking image 1 crop x2 1187
1605822251559222528 : Checking image 1 crop y2 1721
1605822252711085824 : Checking image 2 crop x1 102
1605822252711179776 : Checking image 2 crop y1 240
1605822252711214592 : Checking image 2 crop x2 2149
1605822252711247360 : Checking image 2 crop y2 3239
1605822252738176000 : Checking image 1 dpi 300
1605822252738279424 : Checking image 1 border top 1753
1605822252738310400 : Checking image 1 border bottom 1753
1605822252738338048 : Checking image 1 border left 1239
1605822252738364928 : Checking image 1 border right 1239
1605822252739843584 : Checking image 2 dpi 300
1605822252739974656 : Checking image 2 border top 229
1605822252740004608 : Checking image 2 border bottom 259
1605822252740032768 : Checking image 2 border left 206
1605822252740059392 : Checking image 2 border right 206

</system-out><system-err>--------------------------------- Captured Err ---------------------------------

</system-err></testcase><testcase classname="tests.test_images" name="test_black_border_not_removed_png" time="71.234"><system-out>--------------------------------- Captured Log ---------------------------------

--------------------------------- Captured Out ---------------------------------
/home/travis/build/bansan85/ocr-book/tests/black-border-not-removed.png
1605822291673747968 : Checking separation double page angle 89.9903688802698
1605822291673847808 : Checking separation double page y=0 2455
1605822303247792384 : Checking page rotation 1 0.0
1605822320815891200 : Checking page rotation 2 0.0
1605822322269240576 : Checking image 1 crop x1 297
1605822322269345024 : Checking image 1 crop y1 143
1605822322269379840 : Checking image 1 crop x2 2309
1605822322269422848 : Checking image 1 crop y2 3346
1605822323935885824 : Checking image 2 crop x1 156
1605822323935995904 : Checking image 2 crop y1 145
1605822323936031488 : Checking image 2 crop x2 2168
1605822323936064768 : Checking image 2 crop y2 3352
1605822323965880064 : Checking image 1 dpi 300
1605822323966052608 : Checking image 1 border top 128
1605822323966085120 : Checking image 1 border bottom 156
1605822323966113536 : Checking image 1 border left 224
1605822323966141184 : Checking image 1 border right 224
1605822323969505536 : Checking image 2 dpi 300
1605822323969704704 : Checking image 2 border top 130
1605822323969735424 : Checking image 2 border bottom 150
1605822323969763840 : Checking image 2 border left 224
1605822323969791488 : Checking image 2 border right 224

</system-out><system-err>--------------------------------- Captured Err ---------------------------------

</system-err></testcase><testcase classname="tests.test_images" name="test_image_failed_to_rotate_png" time="52.455"><system-out>--------------------------------- Captured Log ---------------------------------

--------------------------------- Captured Out ---------------------------------
/home/travis/build/bansan85/ocr-book/tests/image_failed_to_rotate.png
1605822345270125056 : Checking separation double page angle 90.14353501543772
1605822345270215424 : Checking separation double page y=0 2476
1605822350709456896 : Checking page rotation 1 0.35000000000000003
1605822362925815808 : Checking page rotation 2 0.45
1605822374946288896 : Checking image 1 crop x1 34
1605822374946381056 : Checking image 1 crop y1 1
1605822374946412032 : Checking image 1 crop x2 2474
1605822374946441216 : Checking image 1 crop y2 3500
1605822376302220544 : Checking image 2 crop x1 171
1605822376302306560 : Checking image 2 crop y1 234
1605822376302340608 : Checking image 2 crop x2 2250
1605822376302375680 : Checking image 2 crop y2 3355
1605822376336400384 : Checking image 1 dpi 300
1605822376336536320 : Checking image 1 border top 4
1605822376336567808 : Checking image 1 border bottom 4
1605822376336595200 : Checking image 1 border left 20
1605822376336622848 : Checking image 1 border right 20
1605822376338874112 : Checking image 2 dpi 300
1605822376339016448 : Checking image 2 border top 206
1605822376339050240 : Checking image 2 border bottom 160
1605822376339077888 : Checking image 2 border left 190
1605822376339104512 : Checking image 2 border right 190

</system-out><system-err>--------------------------------- Captured Err ---------------------------------

</system-err></testcase><testcase classname="tests.test_images" name="test_image_failed_to_crop_data_png" time="54.783"><system-out>--------------------------------- Captured Log ---------------------------------

--------------------------------- Captured Out ---------------------------------
/home/travis/build/bansan85/ocr-book/tests/image_failed_to_crop_data.png
1605822402337384704 : Checking separation double page angle 90.06228874101497
1605822402337496832 : Checking separation double page y=0 2482
1605822408352522752 : Checking page rotation 1 0.2
1605822418395028224 : Checking page rotation 2 0.05
1605822429913201664 : Checking image 1 crop x1 58
1605822429913297920 : Checking image 1 crop y1 8
1605822429913329664 : Checking image 1 crop x2 2480
1605822429913359104 : Checking image 1 crop y2 3504
1605822431119646720 : Checking image 2 crop x1 159
1605822431119727104 : Checking image 2 crop y1 217
1605822431119761408 : Checking image 2 crop x2 2240
1605822431119793920 : Checking image 2 crop y2 3350
1605822431149835520 : Checking image 1 dpi 300
1605822431150024960 : Checking image 1 border top 6
1605822431150058496 : Checking image 1 border bottom 6
1605822431150087936 : Checking image 1 border left 29
1605822431150115328 : Checking image 1 border right 29
1605822431153127424 : Checking image 2 dpi 300
1605822431153283584 : Checking image 2 border top 209
1605822431153314304 : Checking image 2 border bottom 145
1605822431153342720 : Checking image 2 border left 189
1605822431153369600 : Checking image 2 border right 189

</system-out><system-err>--------------------------------- Captured Err ---------------------------------

</system-err></testcase><testcase classname="tests.test_images" name="test_wrong_angle_split_line_png" time="63.670"><system-out>--------------------------------- Captured Log ---------------------------------

--------------------------------- Captured Out ---------------------------------
/home/travis/build/bansan85/ocr-book/tests/wrong_angle_split_line.png
1605822459662539264 : Checking separation double page angle 90.08422009258813
1605822459662632448 : Checking separation double page y=0 2487
1605822467965944576 : Checking page rotation 1 0.0
1605822480437161728 : Checking page rotation 2 0.0
1605822492241902848 : Checking image 1 crop x1 53
1605822492241998336 : Checking image 1 crop y1 8
1605822492242028800 : Checking image 1 crop x2 2485
1605822492242057984 : Checking image 1 crop y2 3505
1605822494156822784 : Checking image 2 crop x1 154
1605822494157003776 : Checking image 2 crop y1 217
1605822494157043968 : Checking image 2 crop x2 2237
1605822494157077760 : Checking image 2 crop y2 3350
1605822494287992064 : Checking image 1 dpi 300
1605822494288173824 : Checking image 1 border top 5
1605822494288206592 : Checking image 1 border bottom 5
1605822494288235008 : Checking image 1 border left 24
1605822494288262144 : Checking image 1 border right 24
1605822494295363328 : Checking image 2 dpi 300
1605822494295620096 : Checking image 2 border top 195
1605822494295651584 : Checking image 2 border bottom 159
1605822494295679488 : Checking image 2 border left 188
1605822494295706624 : Checking image 2 border right 188

</system-out><system-err>--------------------------------- Captured Err ---------------------------------

</system-err></testcase><testcase classname="tests.test_images" name="test_angle_page_lower_split_line_png" time="47.041"><system-out>--------------------------------- Captured Log ---------------------------------

--------------------------------- Captured Out ---------------------------------
/home/travis/build/bansan85/ocr-book/tests/angle_page_lower_split_line.png
1605822511614126848 : Checking separation double page angle 89.74710364870903
1605822511614220288 : Checking separation double page y=0 2471
1605822527286799872 : Checking page rotation 1 -0.44999999999998863
1605822539111024896 : Checking page rotation 2 0.2
1605822540623136000 : Checking image 1 crop x1 245
1605822540623237120 : Checking image 1 crop y1 161
1605822540623271424 : Checking image 1 crop x2 2351
1605822540623304960 : Checking image 1 crop y2 3364
1605822541889436416 : Checking image 2 crop x1 153
1605822541889529344 : Checking image 2 crop y1 147
1605822541889570560 : Checking image 2 crop x2 2260
1605822541889603840 : Checking image 2 crop y2 3350
1605822541919863808 : Checking image 1 dpi 300
1605822541919995904 : Checking image 1 border top 131
1605822541920027392 : Checking image 1 border bottom 152
1605822541920055552 : Checking image 1 border left 177
1605822541920082176 : Checking image 1 border right 177
1605822541922158848 : Checking image 2 dpi 300
1605822541922286080 : Checking image 2 border top 118
1605822541922315008 : Checking image 2 border bottom 166
1605822541922342144 : Checking image 2 border left 176
1605822541922368768 : Checking image 2 border right 176

</system-out><system-err>--------------------------------- Captured Err ---------------------------------

</system-err></testcase><testcase classname="tests.test_images" name="test_wrong_split_line_png" time="48.080"><system-out>--------------------------------- Captured Log ---------------------------------

--------------------------------- Captured Out ---------------------------------
/home/travis/build/bansan85/ocr-book/tests/wrong_split_line.png
1605822569324759296 : Checking separation double page angle 89.81531182790899
1605822569324854272 : Checking separation double page y=0 2465
1605822578132142592 : Checking page rotation 1 -0.04999999999999716
1605822587813631744 : Checking page rotation 2 0.6000000000000001
1605822588909555712 : Checking image 1 crop x1 211
1605822588909644800 : Checking image 1 crop y1 156
1605822588909678336 : Checking image 1 crop x2 2323
1605822588909711360 : Checking image 1 crop y2 3363
1605822589979180032 : Checking image 2 crop x1 124
1605822589979260416 : Checking image 2 crop y1 167
1605822589979294208 : Checking image 2 crop x2 2236
1605822589979326464 : Checking image 2 crop y2 3373
1605822590007917056 : Checking image 1 dpi 300
1605822590008044544 : Checking image 1 border top 180
1605822590008074496 : Checking image 1 border bottom 100
1605822590008102912 : Checking image 1 border left 174
1605822590008129792 : Checking image 1 border right 174
1605822590010249728 : Checking image 2 dpi 300
1605822590010375936 : Checking image 2 border top 129
1605822590010405632 : Checking image 2 border bottom 152
1605822590010442752 : Checking image 2 border left 174
1605822590010469632 : Checking image 2 border right 174

</system-out><system-err>--------------------------------- Captured Err ---------------------------------

</system-err></testcase></testsuite></testsuites>