<?xml version="1.0" encoding="utf-8"?><testsuites><testsuite errors="0" failures="0" hostname="travis-job-ab7d51d3-93a4-4806-b023-445671732457" name="pytest" skipped="1" tests="12" time="613.093" timestamp="2020-10-29T12:59:26.135827"><testcase classname="tests.test_features" name="test_disabled_enable_debug" time="62.848"><system-out>--------------------------------- Captured Log ---------------------------------

--------------------------------- Captured Out ---------------------------------
/home/travis/build/bansan85/ocr-book/tests/0001_debug.png
separation double page angle 90.62846302565308
separation double page y=0 2489
page rotation 1 0.75
page rotation 2 0.2
image 1 crop x1 332
image 1 crop y1 337
image 1 crop x2 2342
image 1 crop y2 3223
image 2 crop x1 171
image 2 crop y1 649
image 2 crop x2 2185
image 2 crop y2 3360
image 1 dpi 300
image 1 border top 325
image 1 border bottom 276
image 1 border left 225
image 1 border right 225
image 2 dpi 300
image 2 border top 672
image 2 border bottom 104
image 2 border left 223
image 2 border right 223

</system-out><system-err>--------------------------------- Captured Err ---------------------------------

</system-err></testcase><testcase classname="tests.test_features" name="test_mock_stop_at_0" time="0.035"><system-out>--------------------------------- Captured Log ---------------------------------

--------------------------------- Captured Out ---------------------------------
/home/travis/build/bansan85/ocr-book/tests/0001_0.png

</system-out><system-err>--------------------------------- Captured Err ---------------------------------

</system-err></testcase><testcase classname="tests.test_features" name="test_mock_stop_at_1" time="37.241"><system-out>--------------------------------- Captured Log ---------------------------------

--------------------------------- Captured Out ---------------------------------
/home/travis/build/bansan85/ocr-book/tests/0001_1.png
separation double page angle 90.62846302565308
separation double page y=0 2489

</system-out><system-err>--------------------------------- Captured Err ---------------------------------

</system-err></testcase><testcase classname="tests.test_features" name="test_mock_stop_at_2" time="65.900"><system-out>--------------------------------- Captured Log ---------------------------------

--------------------------------- Captured Out ---------------------------------
/home/travis/build/bansan85/ocr-book/tests/0001_2.png
separation double page angle 90.62846302565308
separation double page y=0 2489
page rotation 1 0.75
page rotation 2 0.2

</system-out><system-err>--------------------------------- Captured Err ---------------------------------

</system-err></testcase><testcase classname="tests.test_features" name="test_mock_stop_at_3" time="64.882"><system-out>--------------------------------- Captured Log ---------------------------------

--------------------------------- Captured Out ---------------------------------
/home/travis/build/bansan85/ocr-book/tests/0001_3.png
separation double page angle 90.62846302565308
separation double page y=0 2489
page rotation 1 0.75
page rotation 2 0.2
image 1 crop x1 332
image 1 crop y1 337
image 1 crop x2 2342
image 1 crop y2 3223
image 2 crop x1 171
image 2 crop y1 649
image 2 crop x2 2185
image 2 crop y2 3360

</system-out><system-err>--------------------------------- Captured Err ---------------------------------

</system-err></testcase><testcase classname="tests.test_features" name="test_mock_stop_at_4" time="64.908"><system-out>--------------------------------- Captured Log ---------------------------------

--------------------------------- Captured Out ---------------------------------
/home/travis/build/bansan85/ocr-book/tests/0001_4.png
separation double page angle 90.62846302565308
separation double page y=0 2489
page rotation 1 0.75
page rotation 2 0.2
image 1 crop x1 332
image 1 crop y1 337
image 1 crop x2 2342
image 1 crop y2 3223
image 2 crop x1 171
image 2 crop y1 649
image 2 crop x2 2185
image 2 crop y2 3360
image 1 dpi 300
image 1 border top 325
image 1 border bottom 276
image 1 border left 225
image 1 border right 225
image 2 dpi 300
image 2 border top 672
image 2 border bottom 104
image 2 border left 223
image 2 border right 223

</system-out><system-err>--------------------------------- Captured Err ---------------------------------

</system-err></testcase><testcase classname="tests.test_features" name="test_mock_stop_at_5" time="65.182"><system-out>--------------------------------- Captured Log ---------------------------------

--------------------------------- Captured Out ---------------------------------
/home/travis/build/bansan85/ocr-book/tests/0001_5.png
separation double page angle 90.62846302565308
separation double page y=0 2489
page rotation 1 0.75
page rotation 2 0.2
image 1 crop x1 332
image 1 crop y1 337
image 1 crop x2 2342
image 1 crop y2 3223
image 2 crop x1 171
image 2 crop y1 649
image 2 crop x2 2185
image 2 crop y2 3360
image 1 dpi 300
image 1 border top 325
image 1 border bottom 276
image 1 border left 225
image 1 border right 225
image 2 dpi 300
image 2 border top 672
image 2 border bottom 104
image 2 border left 223
image 2 border right 223

</system-out><system-err>--------------------------------- Captured Err ---------------------------------

</system-err></testcase><testcase classname="tests.test_images" name="test_0001_png" time="64.959"><system-out>--------------------------------- Captured Log ---------------------------------

--------------------------------- Captured Out ---------------------------------
/home/travis/build/bansan85/ocr-book/tests/0001.png
1603976762691617792 : Checking separation double page angle 90.62846302565308
1603976762691734528 : Checking separation double page y=0 2489
1603976775337464832 : Checking page rotation 1 0.75
1603976790601711360 : Checking page rotation 2 0.2
1603976791434067712 : Checking image 1 crop x1 332
1603976791434156288 : Checking image 1 crop y1 337
1603976791434192640 : Checking image 1 crop x2 2342
1603976791434224896 : Checking image 1 crop y2 3223
1603976792294618112 : Checking image 2 crop x1 171
1603976792294731776 : Checking image 2 crop y1 649
1603976792294769152 : Checking image 2 crop x2 2185
1603976792294804224 : Checking image 2 crop y2 3360
1603976792322845696 : Checking image 1 dpi 300
1603976792322982656 : Checking image 1 border top 325
1603976792323015168 : Checking image 1 border bottom 276
1603976792323043840 : Checking image 1 border left 225
1603976792323071488 : Checking image 1 border right 225
1603976792324720896 : Checking image 2 dpi 300
1603976792324838912 : Checking image 2 border top 672
1603976792324872960 : Checking image 2 border bottom 104
1603976792324949504 : Checking image 2 border left 223
1603976792324993792 : Checking image 2 border right 223

</system-out><system-err>--------------------------------- Captured Err ---------------------------------

</system-err></testcase><testcase classname="tests.test_images" name="test_2_pages_2_contours_png" time="36.260"><system-out>--------------------------------- Captured Log ---------------------------------

--------------------------------- Captured Out ---------------------------------
/home/travis/build/bansan85/ocr-book/tests/2-pages-2-contours.png
1603976814118892032 : Checking separation double page angle 90.08740368421233
1603976814119008768 : Checking separation double page y=0 2489
1603976816083414784 : Checking page rotation 1 0.05
1603976827188473088 : Checking page rotation 2 0.35000000000000003
1603976827822611712 : Checking image 1 crop x1 1186
1603976827822690304 : Checking image 1 crop y1 1720
1603976827822720256 : Checking image 1 crop x2 1187
1603976827822748672 : Checking image 1 crop y2 1721
1603976828566524416 : Checking image 2 crop x1 99
1603976828566622976 : Checking image 2 crop y1 241
1603976828566659840 : Checking image 2 crop x2 2144
1603976828566698752 : Checking image 2 crop y2 3239
1603976828594438400 : Checking image 1 dpi 300
1603976828594535680 : Checking image 1 border top 1753
1603976828594580480 : Checking image 1 border bottom 1753
1603976828594610176 : Checking image 1 border left 1239
1603976828594638336 : Checking image 1 border right 1239
1603976828596132352 : Checking image 2 dpi 300
1603976828596259840 : Checking image 2 border top 228
1603976828596297728 : Checking image 2 border bottom 261
1603976828596325632 : Checking image 2 border left 207
1603976828596353792 : Checking image 2 border right 207

</system-out><system-err>--------------------------------- Captured Err ---------------------------------

</system-err></testcase><testcase classname="tests.test_images" name="test_black_border_not_removed_png" time="83.079"><system-out>--------------------------------- Captured Log ---------------------------------

--------------------------------- Captured Out ---------------------------------
/home/travis/build/bansan85/ocr-book/tests/black-border-not-removed.png
1603976875989777920 : Checking separation double page angle 89.96841710309258
1603976875989878272 : Checking separation double page y=0 2453
1603976889342012928 : Checking page rotation 1 0.0
1603976909923994624 : Checking page rotation 2 0.0
1603976910761397760 : Checking image 1 crop x1 298
1603976910761486336 : Checking image 1 crop y1 144
1603976910761520384 : Checking image 1 crop x2 2308
1603976910761552896 : Checking image 1 crop y2 3346
1603976911641528064 : Checking image 2 crop x1 159
1603976911641615360 : Checking image 2 crop y1 146
1603976911641650176 : Checking image 2 crop x2 2170
1603976911641682944 : Checking image 2 crop y2 3351
1603976911670469120 : Checking image 1 dpi 300
1603976911670594560 : Checking image 1 border top 129
1603976911670625536 : Checking image 1 border bottom 156
1603976911670654720 : Checking image 1 border left 225
1603976911670682368 : Checking image 1 border right 225
1603976911672833280 : Checking image 2 dpi 300
1603976911673019648 : Checking image 2 border top 131
1603976911673054208 : Checking image 2 border bottom 151
1603976911673082880 : Checking image 2 border left 224
1603976911673111296 : Checking image 2 border right 224

</system-out><system-err>--------------------------------- Captured Err ---------------------------------

</system-err></testcase><testcase classname="tests.test_images" name="test_image_failed_to_rotate_png" time="0.001"><skipped message="wait next commit. Rotation fails with new threshold." type="pytest.skip">tests/test_images.py:129: wait next commit. Rotation fails with new threshold.</skipped><system-out>--------------------------------- Captured Log ---------------------------------

--------------------------------- Captured Out ---------------------------------

</system-out><system-err>--------------------------------- Captured Err ---------------------------------

</system-err><system-out>--------------------------------- Captured Log ---------------------------------

--------------------------------- Captured Out ---------------------------------

</system-out><system-err>--------------------------------- Captured Err ---------------------------------

</system-err></testcase><testcase classname="tests.test_images" name="test_image_failed_to_crop_data_png" time="66.497"><system-out>--------------------------------- Captured Log ---------------------------------

--------------------------------- Captured Out ---------------------------------
/home/travis/build/bansan85/ocr-book/tests/image_failed_to_crop_data.png
1603976943432011520 : Checking separation double page angle 90.1003611125701
1603976943432132608 : Checking separation double page y=0 2479
1603976950458249728 : Checking page rotation 1 0.2
1603976961910563072 : Checking page rotation 2 0.2
1603976977201090048 : Checking image 1 crop x1 81
1603976977201198848 : Checking image 1 crop y1 13
1603976977201237760 : Checking image 1 crop x2 2477
1603976977201277184 : Checking image 1 crop y2 3499
1603976978083307264 : Checking image 2 crop x1 167
1603976978083396096 : Checking image 2 crop y1 220
1603976978083430656 : Checking image 2 crop x2 2243
1603976978083463936 : Checking image 2 crop y2 3348
1603976978113632256 : Checking image 1 dpi 300
1603976978113769728 : Checking image 1 border top 11
1603976978113805824 : Checking image 1 border bottom 11
1603976978113835008 : Checking image 1 border left 42
1603976978113863680 : Checking image 1 border right 42
1603976978115909888 : Checking image 2 dpi 300
1603976978116029184 : Checking image 2 border top 212
1603976978116058624 : Checking image 2 border bottom 146
1603976978116086272 : Checking image 2 border left 192
1603976978116114944 : Checking image 2 border right 192

</system-out><system-err>--------------------------------- Captured Err ---------------------------------

</system-err></testcase></testsuite></testsuites>