<?xml version="1.0" encoding="utf-8"?><testsuites><testsuite errors="0" failures="0" hostname="fv-az99-111" name="pytest" skipped="0" tests="36" time="375.074" timestamp="2021-05-17T10:17:44.217456"><testcase classname="tests.test_features" name="test_mock_stop_at_0" time="0.063"><system-out>--------------------------------- Captured Log ---------------------------------

--------------------------------- Captured Out ---------------------------------
/home/runner/work/diptych/diptych/tests/0001_0.png

</system-out><system-err>--------------------------------- Captured Err ---------------------------------

</system-err></testcase><testcase classname="tests.test_features" name="test_disabled_enable_debug" time="22.144"><system-out>--------------------------------- Captured Log ---------------------------------

--------------------------------- Captured Out ---------------------------------
/home/runner/work/diptych/diptych/tests/0001_debug.png
separation double page angle 90.55756528497216
separation double page y=0 2484
page rotation 1 0.65
page rotation 2 0.2
image 1 crop x1 329
image 1 crop y1 335
image 1 crop x2 2344
image 1 crop y2 3222
image 2 crop x1 171
image 2 crop y1 648
image 2 crop x2 2188
image 2 crop y2 3361
image 1 dpi 300
image 1 border top 327
image 1 border bottom 273
image 1 border left 222
image 1 border right 222
image 2 dpi 300
image 2 border top 643
image 2 border bottom 131
image 2 border left 221
image 2 border right 221

</system-out><system-err>--------------------------------- Captured Err ---------------------------------

</system-err></testcase><testcase classname="tests.test_features" name="test_mock_stop_at_2" time="15.694"><system-out>--------------------------------- Captured Log ---------------------------------

--------------------------------- Captured Out ---------------------------------
/home/runner/work/diptych/diptych/tests/0001_2.png
separation double page angle 90.55756528497216
separation double page y=0 2484
page rotation 1 0.65
page rotation 2 0.2

</system-out><system-err>--------------------------------- Captured Err ---------------------------------

</system-err></testcase><testcase classname="tests.test_features" name="test_mock_stop_at_4" time="21.080"><system-out>--------------------------------- Captured Log ---------------------------------

--------------------------------- Captured Out ---------------------------------
/home/runner/work/diptych/diptych/tests/0001_4.png
separation double page angle 90.55756528497216
separation double page y=0 2484
page rotation 1 0.65
page rotation 2 0.2
image 1 crop x1 329
image 1 crop y1 335
image 1 crop x2 2344
image 1 crop y2 3222
image 2 crop x1 171
image 2 crop y1 648
image 2 crop x2 2188
image 2 crop y2 3361
image 1 dpi 300
image 1 border top 326
image 1 border bottom 274
image 1 border left 222
image 1 border right 222
image 2 dpi 300
image 2 border top 643
image 2 border bottom 131
image 2 border left 221
image 2 border right 221

</system-out><system-err>--------------------------------- Captured Err ---------------------------------

</system-err></testcase><testcase classname="tests.test_features" name="test_mock_stop_at_1" time="12.624"><system-out>--------------------------------- Captured Log ---------------------------------

--------------------------------- Captured Out ---------------------------------
/home/runner/work/diptych/diptych/tests/0001_1.png
separation double page angle 90.55756528497216
separation double page y=0 2484

</system-out><system-err>--------------------------------- Captured Err ---------------------------------

</system-err></testcase><testcase classname="tests.test_features" name="test_mock_stop_at_3" time="20.943"><system-out>--------------------------------- Captured Log ---------------------------------

--------------------------------- Captured Out ---------------------------------
/home/runner/work/diptych/diptych/tests/0001_3.png
separation double page angle 90.55756528497216
separation double page y=0 2484
page rotation 1 0.65
page rotation 2 0.2
image 1 crop x1 329
image 1 crop y1 335
image 1 crop x2 2344
image 1 crop y2 3222
image 2 crop x1 171
image 2 crop y1 648
image 2 crop x2 2188
image 2 crop y2 3361

</system-out><system-err>--------------------------------- Captured Err ---------------------------------

</system-err></testcase><testcase classname="tests.test_images" name="test_0001_png" time="19.409"><system-out>--------------------------------- Captured Log ---------------------------------

--------------------------------- Captured Out ---------------------------------
/home/runner/work/diptych/diptych/tests/0001.png
1621246713957989957 : Checking separation double page angle 90.55756528497216
1621246713958129566 : Checking separation double page y=0 2484
1621246715065054370 : Checking page rotation 1 0.65
1621246716399070411 : Checking page rotation 2 0.2
1621246719086659159 : Checking image 1 crop x1 329
1621246719086792068 : Checking image 1 crop y1 335
1621246719086831871 : Checking image 1 crop x2 2344
1621246719086868974 : Checking image 1 crop y2 3222
1621246721527538591 : Checking image 2 crop x1 171
1621246721527667300 : Checking image 2 crop y1 648
1621246721527709203 : Checking image 2 crop x2 2188
1621246721527746305 : Checking image 2 crop y2 3361
1621246721527931018 : Checking image 1 dpi 300
1621246721528000623 : Checking image 1 border top 326
1621246721528035925 : Checking image 1 border bottom 274
1621246721528069028 : Checking image 1 border left 222
1621246721528101530 : Checking image 1 border right 222
1621246721530667107 : Checking image 2 dpi 300
1621246721530758413 : Checking image 2 border top 643
1621246721530793516 : Checking image 2 border bottom 131
1621246721530826318 : Checking image 2 border left 221
1621246721530859120 : Checking image 2 border right 221

</system-out><system-err>--------------------------------- Captured Err ---------------------------------

</system-err></testcase><testcase classname="tests.test_features" name="test_mock_stop_at_5" time="21.681"><system-out>--------------------------------- Captured Log ---------------------------------

--------------------------------- Captured Out ---------------------------------
/home/runner/work/diptych/diptych/tests/0001_5.png
separation double page angle 90.55756528497216
separation double page y=0 2484
page rotation 1 0.65
page rotation 2 0.2
image 1 crop x1 329
image 1 crop y1 335
image 1 crop x2 2344
image 1 crop y2 3222
image 2 crop x1 171
image 2 crop y1 648
image 2 crop x2 2188
image 2 crop y2 3361
image 1 dpi 300
image 1 border top 326
image 1 border bottom 274
image 1 border left 222
image 1 border right 222
image 2 dpi 300
image 2 border top 643
image 2 border bottom 131
image 2 border left 221
image 2 border right 221

</system-out><system-err>--------------------------------- Captured Err ---------------------------------

</system-err></testcase><testcase classname="tests.test_images" name="test_black_border_not_removed_png" time="21.156"><system-out>--------------------------------- Captured Log ---------------------------------

--------------------------------- Captured Out ---------------------------------
/home/runner/work/diptych/diptych/tests/black-border-not-removed.png
1621246733238508170 : Checking separation double page angle 90.01516396500199
1621246733238628978 : Checking separation double page y=0 2455
1621246734348606385 : Checking page rotation 1 0.0
1621246735839833982 : Checking page rotation 2 0.1
1621246738315549340 : Checking image 1 crop x1 297
1621246738315685149 : Checking image 1 crop y1 143
1621246738315727752 : Checking image 1 crop x2 2309
1621246738315766954 : Checking image 1 crop y2 3346
1621246742683367845 : Checking image 2 crop x1 154
1621246742683499454 : Checking image 2 crop y1 144
1621246742683541957 : Checking image 2 crop x2 2168
1621246742683583959 : Checking image 2 crop y2 3351
1621246742683777473 : Checking image 1 dpi 300
1621246742683852078 : Checking image 1 border top 131
1621246742683889680 : Checking image 1 border bottom 153
1621246742683925883 : Checking image 1 border left 224
1621246742683961985 : Checking image 1 border right 224
1621246742686386148 : Checking image 2 dpi 300
1621246742686477154 : Checking image 2 border top 133
1621246742686514457 : Checking image 2 border bottom 147
1621246742686550759 : Checking image 2 border left 223
1621246742686586462 : Checking image 2 border right 223

</system-out><system-err>--------------------------------- Captured Err ---------------------------------

</system-err></testcase><testcase classname="tests.test_images" name="test_2_pages_2_contours_png" time="14.852"><system-out>--------------------------------- Captured Log ---------------------------------

--------------------------------- Captured Out ---------------------------------
/home/runner/work/diptych/diptych/tests/2-pages-2-contours.png
1621246752728157040 : Checking separation double page angle 90.14230271514262
1621246752728305050 : Checking separation double page y=0 2488
1621246753307358233 : Checking page rotation 1 0.0
1621246754371903090 : Checking page rotation 2 0.2
1621246755248402365 : Checking image 1 crop x1 1189
1621246755248509673 : Checking image 1 crop y1 1751
1621246755248547475 : Checking image 1 crop x2 1190
1621246755248599579 : Checking image 1 crop y2 1752
1621246757550429110 : Checking image 2 crop x1 100
1621246757550552018 : Checking image 2 crop y1 240
1621246757550592821 : Checking image 2 crop x2 2148
1621246757550630824 : Checking image 2 crop y2 3240
1621246757550797936 : Checking image 1 dpi 300
1621246757550863040 : Checking image 1 border top 1752
1621246757550896942 : Checking image 1 border bottom 1753
1621246757550931545 : Checking image 1 border left 1239
1621246757550968547 : Checking image 1 border right 1239
1621246757552710669 : Checking image 2 dpi 300
1621246757552794374 : Checking image 2 border top 230
1621246757552828777 : Checking image 2 border bottom 256
1621246757552861479 : Checking image 2 border left 206
1621246757552893981 : Checking image 2 border right 206

</system-out><system-err>--------------------------------- Captured Err ---------------------------------

</system-err></testcase><testcase classname="tests.test_images" name="test_image_failed_to_rotate_png" time="26.928"><system-out>--------------------------------- Captured Log ---------------------------------

--------------------------------- Captured Out ---------------------------------
/home/runner/work/diptych/diptych/tests/image_failed_to_rotate.png
1621246757165277716 : Checking separation double page angle 90.35651650869968
1621246757165396724 : Checking separation double page y=0 2483
1621246759111528010 : Checking page rotation 1 0.45
1621246760413598933 : Checking page rotation 2 0.2
1621246766095294002 : Checking image 1 crop x1 31
1621246766095439212 : Checking image 1 crop y1 1
1621246766095483215 : Checking image 1 crop x2 2481
1621246766095524618 : Checking image 1 crop y2 3504
1621246769510187531 : Checking image 2 crop x1 171
1621246769510317840 : Checking image 2 crop y1 231
1621246769510359343 : Checking image 2 crop x2 2259
1621246769510400146 : Checking image 2 crop y2 3358
1621246769510590259 : Checking image 1 dpi 300
1621246769510662864 : Checking image 1 border top 2
1621246769510702067 : Checking image 1 border bottom 2
1621246769510737269 : Checking image 1 border left 15
1621246769510772172 : Checking image 1 border right 15
1621246769513042129 : Checking image 2 dpi 300
1621246769513134536 : Checking image 2 border top 217
1621246769513176739 : Checking image 2 border bottom 143
1621246769513212141 : Checking image 2 border left 186
1621246769513247144 : Checking image 2 border right 186

</system-out><system-err>--------------------------------- Captured Err ---------------------------------

</system-err></testcase><testcase classname="tests.test_images" name="test_wrong_split_line_png" time="17.767"><system-out>--------------------------------- Captured Log ---------------------------------

--------------------------------- Captured Out ---------------------------------
/home/runner/work/diptych/diptych/tests/wrong_split_line.png
1621246769779726253 : Checking separation double page angle 89.95895720607972
1621246769779836661 : Checking separation double page y=0 2466
1621246770817718951 : Checking page rotation 1 -0.04999999999999689
1621246771831126441 : Checking page rotation 2 0.45
1621246773217622046 : Checking image 1 crop x1 211
1621246773217746455 : Checking image 1 crop y1 156
1621246773217788457 : Checking image 1 crop x2 2323
1621246773217829360 : Checking image 1 crop y2 3363
1621246775313845447 : Checking image 2 crop x1 123
1621246775313970256 : Checking image 2 crop y1 164
1621246775314013959 : Checking image 2 crop x2 2237
1621246775314054862 : Checking image 2 crop y2 3375
1621246775314226174 : Checking image 1 dpi 300
1621246775314300179 : Checking image 1 border top 135
1621246775314337282 : Checking image 1 border bottom 145
1621246775314374584 : Checking image 1 border left 174
1621246775314411887 : Checking image 1 border right 174
1621246775317064871 : Checking image 2 dpi 300
1621246775317163878 : Checking image 2 border top 141
1621246775317200981 : Checking image 2 border bottom 135
1621246775317237283 : Checking image 2 border left 173
1621246775317273686 : Checking image 2 border right 173

</system-out><system-err>--------------------------------- Captured Err ---------------------------------

</system-err></testcase><testcase classname="tests.test_images" name="test_image_failed_to_crop_data_png" time="38.076"><system-out>--------------------------------- Captured Log ---------------------------------

--------------------------------- Captured Out ---------------------------------
/home/runner/work/diptych/diptych/tests/image_failed_to_crop_data.png
1621246788234248591 : Checking separation double page angle 90.09350257645173
1621246788235041046 : Checking separation double page y=0 2479
1621246792868690980 : Checking page rotation 1 0.15000000000000002
1621246793999948613 : Checking page rotation 2 0.05
1621246804436767996 : Checking image 1 crop x1 46
1621246804436918807 : Checking image 1 crop y1 1
1621246804436964110 : Checking image 1 crop x2 2477
1621246804437006213 : Checking image 1 crop y2 3505
1621246807613535502 : Checking image 2 crop x1 164
1621246807613664711 : Checking image 2 crop y1 217
1621246807613706114 : Checking image 2 crop x2 2245
1621246807613748317 : Checking image 2 crop y2 3350
1621246807613938330 : Checking image 1 dpi 300
1621246807614015036 : Checking image 1 border top 2
1621246807614054938 : Checking image 1 border bottom 2
1621246807614090641 : Checking image 1 border left 25
1621246807614126743 : Checking image 1 border right 25
1621246807616450204 : Checking image 2 dpi 300
1621246807616544511 : Checking image 2 border top 206
1621246807616617116 : Checking image 2 border bottom 148
1621246807616652718 : Checking image 2 border left 189
1621246807616687921 : Checking image 2 border right 189

</system-out><system-err>--------------------------------- Captured Err ---------------------------------

</system-err></testcase><testcase classname="tests.test_images" name="test_crop_too_much_png" time="24.159"><system-out>--------------------------------- Captured Log ---------------------------------

--------------------------------- Captured Out ---------------------------------
/home/runner/work/diptych/diptych/tests/crop_too_much.png
1621246789106166736 : Checking separation double page angle 90.16929865985193
1621246789106283844 : Checking separation double page y=0 2456
1621246790755789182 : Checking page rotation 1 -0.04999999999999689
1621246792284549328 : Checking page rotation 2 0.2
1621246795346563396 : Checking image 1 crop x1 302
1621246795346690005 : Checking image 1 crop y1 148
1621246795346730207 : Checking image 1 crop x2 2314
1621246795346766610 : Checking image 1 crop y2 3351
1621246799447361977 : Checking image 2 crop x1 163
1621246799447489085 : Checking image 2 crop y1 151
1621246799447528488 : Checking image 2 crop x2 2187
1621246799447566591 : Checking image 2 crop y2 3363
1621246799447738903 : Checking image 1 dpi 300
1621246799447811108 : Checking image 1 border top 133
1621246799447845910 : Checking image 1 border bottom 151
1621246799447880513 : Checking image 1 border left 224
1621246799447915415 : Checking image 1 border right 224
1621246799450523896 : Checking image 2 dpi 300
1621246799450623503 : Checking image 2 border top 132
1621246799450661606 : Checking image 2 border bottom 143
1621246799450694908 : Checking image 2 border left 218
1621246799450728310 : Checking image 2 border right 218

</system-out><system-err>--------------------------------- Captured Err ---------------------------------

</system-err></testcase><testcase classname="tests.test_images" name="test_crop_too_few_png" time="17.750"><system-out>--------------------------------- Captured Log ---------------------------------

--------------------------------- Captured Out ---------------------------------
/home/runner/work/diptych/diptych/tests/crop_too_few.png
1621246811698013377 : Checking separation double page angle 89.49492328400886
1621246811698136385 : Checking separation double page y=0 2510
1621246812641336585 : Checking page rotation 1 -0.6499999999999977
1621246813733942245 : Checking page rotation 2 0.0
1621246815769189265 : Checking image 1 crop x1 263
1621246815769312874 : Checking image 1 crop y1 150
1621246815769354877 : Checking image 1 crop x2 2377
1621246815769393979 : Checking image 1 crop y2 3357
1621246817235558313 : Checking image 2 crop x1 139
1621246817235683922 : Checking image 2 crop y1 141
1621246817235726325 : Checking image 2 crop x2 2261
1621246817235767428 : Checking image 2 crop y2 3345
1621246817235942340 : Checking image 1 dpi 300
1621246817236013644 : Checking image 1 border top 129
1621246817236051047 : Checking image 1 border bottom 150
1621246817236088150 : Checking image 1 border left 173
1621246817236127852 : Checking image 1 border right 173
1621246817238522616 : Checking image 2 dpi 300
1621246817238622823 : Checking image 2 border top 130
1621246817238660326 : Checking image 2 border bottom 153
1621246817238695928 : Checking image 2 border left 169
1621246817238731330 : Checking image 2 border right 169

</system-out><system-err>--------------------------------- Captured Err ---------------------------------

</system-err></testcase><testcase classname="tests.test_images" name="test_wrong_angle_split_line_png" time="24.693"><system-out>--------------------------------- Captured Log ---------------------------------

--------------------------------- Captured Out ---------------------------------
/home/runner/work/diptych/diptych/tests/wrong_angle_split_line.png
1621246818198551017 : Checking separation double page angle 90.08791528895468
1621246818198669125 : Checking separation double page y=0 2478
1621246819557928749 : Checking page rotation 1 0.1
1621246820727948921 : Checking page rotation 2 0.1
1621246826783676348 : Checking image 1 crop x1 58
1621246826783819658 : Checking image 1 crop y1 6
1621246826783862461 : Checking image 1 crop x2 2476
1621246826783901064 : Checking image 1 crop y2 3501
1621246831574260713 : Checking image 2 crop x1 166
1621246831574398323 : Checking image 2 crop y1 218
1621246831574438725 : Checking image 2 crop x2 2244
1621246831574477128 : Checking image 2 crop y2 3349
1621246831574676742 : Checking image 1 dpi 300
1621246831574752747 : Checking image 1 border top 6
1621246831574789150 : Checking image 1 border bottom 6
1621246831574822052 : Checking image 1 border left 31
1621246831574854354 : Checking image 1 border right 31
1621246831581714130 : Checking image 2 dpi 300
1621246831581815837 : Checking image 2 border top 209
1621246831581851640 : Checking image 2 border bottom 147
1621246831581885442 : Checking image 2 border left 191
1621246831581918745 : Checking image 2 border right 191

</system-out><system-err>--------------------------------- Captured Err ---------------------------------

</system-err></testcase><testcase classname="tests.test_images" name="test_crop_too_much_2_png" time="25.037"><system-out>--------------------------------- Captured Log ---------------------------------

--------------------------------- Captured Out ---------------------------------
/home/runner/work/diptych/diptych/tests/crop_too_much_2.png
1621246832337932995 : Checking separation double page angle 90.15285326123045
1621246832338050603 : Checking separation double page y=0 2477
1621246833999813365 : Checking page rotation 1 0.15000000000000002
1621246835884286374 : Checking page rotation 2 0.2
1621246838645742012 : Checking image 1 crop x1 330
1621246838645865520 : Checking image 1 crop y1 132
1621246838645905123 : Checking image 1 crop x2 2342
1621246838645943526 : Checking image 1 crop y2 3335
1621246842236936372 : Checking image 2 crop x1 165
1621246842237050379 : Checking image 2 crop y1 139
1621246842237101583 : Checking image 2 crop x2 2178
1621246842237138486 : Checking image 2 crop y2 3345
1621246842237307397 : Checking image 1 dpi 300
1621246842237379802 : Checking image 1 border top 121
1621246842237414405 : Checking image 1 border bottom 163
1621246842237448707 : Checking image 1 border left 224
1621246842237484709 : Checking image 1 border right 224
1621246842240054687 : Checking image 2 dpi 300
1621246842240140293 : Checking image 2 border top 129
1621246842240175896 : Checking image 2 border bottom 152
1621246842240208998 : Checking image 2 border left 223
1621246842240241900 : Checking image 2 border right 223

</system-out><system-err>--------------------------------- Captured Err ---------------------------------

</system-err></testcase><testcase classname="tests.test_images" name="test_angle_page_lower_split_line_png" time="25.265"><system-out>--------------------------------- Captured Log ---------------------------------

--------------------------------- Captured Out ---------------------------------
/home/runner/work/diptych/diptych/tests/angle_page_lower_split_line.png
1621246849542084078 : Checking separation double page angle 89.74412725181848
1621246849542205586 : Checking separation double page y=0 2472
1621246851012344380 : Checking page rotation 1 -0.14999999999999067
1621246852386599827 : Checking page rotation 2 0.1
1621246854038579623 : Checking image 1 crop x1 241
1621246854038713332 : Checking image 1 crop y1 156
1621246854038754735 : Checking image 1 crop x2 2357
1621246854038796138 : Checking image 1 crop y2 3368
1621246857674863172 : Checking image 2 crop x1 151
1621246857674994981 : Checking image 2 crop y1 146
1621246857675037384 : Checking image 2 crop x2 2261
1621246857675080086 : Checking image 2 crop y2 3351
1621246857675274600 : Checking image 1 dpi 300
1621246857675349805 : Checking image 1 border top 140
1621246857675388508 : Checking image 1 border bottom 135
1621246857675424810 : Checking image 1 border left 172
1621246857675460313 : Checking image 1 border right 172
1621246857677711967 : Checking image 2 dpi 300
1621246857677801873 : Checking image 2 border top 131
1621246857677840576 : Checking image 2 border bottom 151
1621246857677877079 : Checking image 2 border left 175
1621246857677912581 : Checking image 2 border right 175

</system-out><system-err>--------------------------------- Captured Err ---------------------------------

</system-err></testcase><testcase classname="tests.test_images" name="test_wrong_split_line_2_png" time="31.235"><system-out>--------------------------------- Captured Log ---------------------------------

--------------------------------- Captured Out ---------------------------------
/home/runner/work/diptych/diptych/tests/wrong_split_line_2.png
1621246858647390779 : Checking separation double page angle 90.23635161124103
1621246858647518188 : Checking separation double page y=0 2437
1621246860660207749 : Checking page rotation 1 0.2
1621246862514626638 : Checking page rotation 2 0.2
1621246867093984955 : Checking image 1 crop x1 294
1621246867094110664 : Checking image 1 crop y1 136
1621246867094150866 : Checking image 1 crop x2 2325
1621246867094190769 : Checking image 1 crop y2 3376
1621246873489422248 : Checking image 2 crop x1 138
1621246873489545257 : Checking image 2 crop y1 190
1621246873489587660 : Checking image 2 crop x2 2174
1621246873489628162 : Checking image 2 crop y2 3389
1621246873489792074 : Checking image 1 dpi 300
1621246873489868679 : Checking image 1 border top 131
1621246873489905982 : Checking image 1 border bottom 116
1621246873489943184 : Checking image 1 border left 214
1621246873489983387 : Checking image 1 border right 214
1621246873492207041 : Checking image 2 dpi 300
1621246873492292647 : Checking image 2 border top 181
1621246873492330150 : Checking image 2 border bottom 107
1621246873492365752 : Checking image 2 border left 212
1621246873492401455 : Checking image 2 border right 212

</system-out><system-err>--------------------------------- Captured Err ---------------------------------

</system-err></testcase><testcase classname="tests.test_images" name="test_wrong_wave_split_line_png" time="29.920"><system-out>--------------------------------- Captured Log ---------------------------------

--------------------------------- Captured Out ---------------------------------
/home/runner/work/diptych/diptych/tests/wrong_wave_split_line.png
1621246874198196867 : Checking separation double page angle 90.42461655762611
1621246874198313375 : Checking separation double page y=0 2502
1621246875555581134 : Checking page rotation 1 -0.09999999999999377
1621246876959344215 : Checking page rotation 2 0.85
1621246881908846959 : Checking image 1 crop x1 384
1621246881908983568 : Checking image 1 crop y1 178
1621246881909025171 : Checking image 1 crop x2 2412
1621246881909064074 : Checking image 1 crop y2 3374
1621246887582657938 : Checking image 2 crop x1 7
1621246887582803948 : Checking image 2 crop y1 0
1621246887582846651 : Checking image 2 crop x2 2411
1621246887582888454 : Checking image 2 crop y2 3505
1621246887583053666 : Checking image 1 dpi 300
1621246887583130571 : Checking image 1 border top 173
1621246887583170174 : Checking image 1 border bottom 118
1621246887583206476 : Checking image 1 border left 216
1621246887583242179 : Checking image 1 border right 216
1621246887585473833 : Checking image 2 dpi 300
1621246887585571639 : Checking image 2 border top 1
1621246887585609842 : Checking image 2 border bottom 1
1621246887585645945 : Checking image 2 border left 38
1621246887585681247 : Checking image 2 border right 38

</system-out><system-err>--------------------------------- Captured Err ---------------------------------

</system-err></testcase><testcase classname="tests.test_images" name="test_small_wave_png" time="21.735"><system-out>--------------------------------- Captured Log ---------------------------------

--------------------------------- Captured Out ---------------------------------
/home/runner/work/diptych/diptych/tests/small_wave.png
1621246888410672053 : Checking separation double page angle 90.56494929955075
1621246888410791061 : Checking separation double page y=0 2495
1621246890135121630 : Checking page rotation 1 0.7
1621246891659526469 : Checking page rotation 2 0.65
1621246893088784528 : Checking image 1 crop x1 322
1621246893088915537 : Checking image 1 crop y1 199
1621246893088958940 : Checking image 1 crop x2 2351
1621246893088998343 : Checking image 1 crop y2 3394
1621246895225294006 : Checking image 2 crop x1 130
1621246895225419514 : Checking image 2 crop y1 222
1621246895225461817 : Checking image 2 crop x2 2163
1621246895225503220 : Checking image 2 crop y2 3420
1621246895225679232 : Checking image 1 dpi 300
1621246895225752937 : Checking image 1 border top 181
1621246895225789840 : Checking image 1 border bottom 111
1621246895225827242 : Checking image 1 border left 215
1621246895225867345 : Checking image 1 border right 215
1621246895228492527 : Checking image 2 dpi 300
1621246895228612835 : Checking image 2 border top 197
1621246895228652738 : Checking image 2 border bottom 92
1621246895228688340 : Checking image 2 border left 213
1621246895228724443 : Checking image 2 border right 213

</system-out><system-err>--------------------------------- Captured Err ---------------------------------

</system-err></testcase><testcase classname="tests.test_images" name="test_no_split_line_line_algo_png" time="20.900"><system-out>--------------------------------- Captured Log ---------------------------------

--------------------------------- Captured Out ---------------------------------
/home/runner/work/diptych/diptych/tests/no_split_line_line_algo.png
1621246900155646979 : Checking separation double page angle 89.47691469185418
1621246900155761287 : Checking separation double page y=0 2476
1621246901104339014 : Checking page rotation 1 -0.14999999999999067
1621246902532148091 : Checking page rotation 2 -0.14999999999999067
1621246904345465563 : Checking image 1 crop x1 205
1621246904345594872 : Checking image 1 crop y1 158
1621246904345634375 : Checking image 1 crop x2 2320
1621246904345672778 : Checking image 1 crop y2 3366
1621246908499744626 : Checking image 2 crop x1 185
1621246908499877235 : Checking image 2 crop y1 225
1621246908499916238 : Checking image 2 crop x2 2204
1621246908499954541 : Checking image 2 crop y2 3362
1621246908500143054 : Checking image 1 dpi 300
1621246908500218359 : Checking image 1 border top 144
1621246908500255161 : Checking image 1 border bottom 134
1621246908500289264 : Checking image 1 border left 172
1621246908500321766 : Checking image 1 border right 172
1621246908503023953 : Checking image 2 dpi 300
1621246908503116260 : Checking image 2 border top 223
1621246908503151462 : Checking image 2 border bottom 127
1621246908503184864 : Checking image 2 border left 220
1621246908503217367 : Checking image 2 border right 220

</system-out><system-err>--------------------------------- Captured Err ---------------------------------

</system-err></testcase><testcase classname="tests.test_images" name="test_wrong_split_line_3_png" time="23.678"><system-out>--------------------------------- Captured Log ---------------------------------

--------------------------------- Captured Out ---------------------------------
/home/runner/work/diptych/diptych/tests/wrong_split_line_3.png
1621246908288380780 : Checking separation double page angle 90.40515247895009
1621246908288497588 : Checking separation double page y=0 2495
1621246909650087737 : Checking page rotation 1 0.2
1621246910734412873 : Checking page rotation 2 0.85
1621246912733090234 : Checking image 1 crop x1 331
1621246912733215543 : Checking image 1 crop y1 166
1621246912733253845 : Checking image 1 crop x2 2377
1621246912733290948 : Checking image 1 crop y2 3375
1621246918927350576 : Checking image 2 crop x1 103
1621246918927465784 : Checking image 2 crop y1 207
1621246918927503486 : Checking image 2 crop x2 2136
1621246918927539989 : Checking image 2 crop y2 3414
1621246918927721601 : Checking image 1 dpi 300
1621246918927791006 : Checking image 1 border top 158
1621246918927825609 : Checking image 1 border bottom 120
1621246918927860011 : Checking image 1 border left 207
1621246918927897713 : Checking image 1 border right 207
1621246918930251276 : Checking image 2 dpi 300
1621246918930335682 : Checking image 2 border top 199
1621246918930370385 : Checking image 2 border bottom 81
1621246918930403287 : Checking image 2 border left 213
1621246918930435989 : Checking image 2 border right 213

</system-out><system-err>--------------------------------- Captured Err ---------------------------------

</system-err></testcase><testcase classname="tests.test_images" name="test_failed_split_line_line_algo_png" time="15.341"><system-out>--------------------------------- Captured Log ---------------------------------

--------------------------------- Captured Out ---------------------------------
/home/runner/work/diptych/diptych/tests/failed_split_line_line_algo.png
1621246918445457605 : Checking separation double page angle 90.0093502548779
1621246918445573313 : Checking separation double page y=0 2574
1621246919161638600 : Checking page rotation 1 0.0
1621246919705126135 : Checking page rotation 2 0.0
1621246922098461743 : Checking image 1 crop x1 411
1621246922098602153 : Checking image 1 crop y1 2927
1621246922098645956 : Checking image 1 crop x2 2422
1621246922098685358 : Checking image 1 crop y2 3172
1621246923876844117 : Checking image 2 crop x1 1191
1621246923876966426 : Checking image 2 crop y1 1745
1621246923877005628 : Checking image 2 crop x2 1192
1621246923877042031 : Checking image 2 crop y2 1746
1621246923877191941 : Checking image 1 dpi 300
1621246923877273347 : Checking image 1 border top 2920
1621246923877311849 : Checking image 1 border bottom 322
1621246923877346952 : Checking image 1 border left 224
1621246923877381954 : Checking image 1 border right 224
1621246923879217081 : Checking image 2 dpi 300
1621246923879299187 : Checking image 2 border top 1752
1621246923879336089 : Checking image 2 border bottom 1753
1621246923879371192 : Checking image 2 border left 1239
1621246923879408294 : Checking image 2 border right 1239

</system-out><system-err>--------------------------------- Captured Err ---------------------------------

</system-err></testcase><testcase classname="tests.test_images" name="test_crop_too_much_3_png" time="19.774"><system-out>--------------------------------- Captured Log ---------------------------------

--------------------------------- Captured Out ---------------------------------
/home/runner/work/diptych/diptych/tests/crop_too_much_3.png
1621246931037893359 : Checking separation double page angle 89.5934556679346
1621246931038021868 : Checking separation double page y=0 2499
1621246932181342424 : Checking page rotation 1 -0.8999999999999949
1621246933744495011 : Checking page rotation 2 -0.04999999999999689
1621246936437024160 : Checking image 1 crop x1 374
1621246936437153869 : Checking image 1 crop y1 258
1621246936437196272 : Checking image 1 crop x2 2385
1621246936437235174 : Checking image 1 crop y2 3459
1621246938697405034 : Checking image 2 crop x1 164
1621246938697533843 : Checking image 2 crop y1 229
1621246938697576046 : Checking image 2 crop x2 2183
1621246938697617049 : Checking image 2 crop y2 3416
1621246938697797461 : Checking image 1 dpi 300
1621246938697872666 : Checking image 1 border top 239
1621246938697909869 : Checking image 1 border bottom 46
1621246938697947171 : Checking image 1 border left 224
1621246938697987274 : Checking image 1 border right 224
1621246938700301733 : Checking image 2 dpi 300
1621246938700386739 : Checking image 2 border top 210
1621246938700423941 : Checking image 2 border bottom 90
1621246938700459744 : Checking image 2 border left 220
1621246938700494846 : Checking image 2 border right 220

</system-out><system-err>--------------------------------- Captured Err ---------------------------------

</system-err></testcase><testcase classname="tests.test_images" name="test_failed_split_line_line_algo_2_png" time="21.593"><system-out>--------------------------------- Captured Log ---------------------------------

--------------------------------- Captured Out ---------------------------------
/home/runner/work/diptych/diptych/tests/failed_split_line_line_algo_2.png
1621246937612782323 : Checking separation double page angle 90.03732329462368
1621246937612903232 : Checking separation double page y=0 2499
1621246939037246249 : Checking page rotation 1 -0.09999999999999377
1621246940352543085 : Checking page rotation 2 0.5499999999999999
1621246943054404647 : Checking image 1 crop x1 273
1621246943054544857 : Checking image 1 crop y1 147
1621246943054584860 : Checking image 1 crop x2 2386
1621246943054621762 : Checking image 1 crop y2 3352
1621246945431192088 : Checking image 2 crop x1 122
1621246945431325297 : Checking image 2 crop y1 155
1621246945431364600 : Checking image 2 crop x2 2246
1621246945431403003 : Checking image 2 crop y2 3350
1621246945431589816 : Checking image 1 dpi 300
1621246945431663121 : Checking image 1 border top 137
1621246945431697923 : Checking image 1 border bottom 145
1621246945431731025 : Checking image 1 border left 173
1621246945431763328 : Checking image 1 border right 173
1621246945434207697 : Checking image 2 dpi 300
1621246945434293603 : Checking image 2 border top 133
1621246945434328805 : Checking image 2 border bottom 159
1621246945434361708 : Checking image 2 border left 168
1621246945434394310 : Checking image 2 border right 168

</system-out><system-err>--------------------------------- Captured Err ---------------------------------

</system-err></testcase><testcase classname="tests.test_images" name="test_wrong_wave_split_line_2_png" time="24.789"><system-out>--------------------------------- Captured Log ---------------------------------

--------------------------------- Captured Out ---------------------------------
/home/runner/work/diptych/diptych/tests/wrong_wave_split_line_2.png
1621246955693162253 : Checking separation double page angle 90.7708958311329
1621246955693277561 : Checking separation double page y=0 2490
1621246956981014086 : Checking page rotation 1 0.2
1621246958237509750 : Checking page rotation 2 1.65
1621246959757202130 : Checking image 1 crop x1 227
1621246959757326738 : Checking image 1 crop y1 147
1621246959757366741 : Checking image 1 crop x2 2342
1621246959757405344 : Checking image 1 crop y2 3353
1621246963489093053 : Checking image 2 crop x1 106
1621246963489222262 : Checking image 2 crop y1 195
1621246963489266565 : Checking image 2 crop x2 2231
1621246963489308067 : Checking image 2 crop y2 3398
1621246963489484280 : Checking image 1 dpi 300
1621246963489559585 : Checking image 1 border top 136
1621246963489596987 : Checking image 1 border bottom 145
1621246963489634290 : Checking image 1 border left 172
1621246963489673493 : Checking image 1 border right 172
1621246963492166065 : Checking image 2 dpi 300
1621246963492260172 : Checking image 2 border top 166
1621246963492298074 : Checking image 2 border bottom 117
1621246963492333577 : Checking image 2 border left 167
1621246963492369679 : Checking image 2 border right 167

</system-out><system-err>--------------------------------- Captured Err ---------------------------------

</system-err></testcase><testcase classname="tests.test_images" name="test_wrong_wave_split_line_3_png" time="22.522"><system-out>--------------------------------- Captured Log ---------------------------------

--------------------------------- Captured Out ---------------------------------
/home/runner/work/diptych/diptych/tests/wrong_wave_split_line_3.png
1621246961794890327 : Checking separation double page angle 90.12715931778824
1621246961795009435 : Checking separation double page y=0 2514
1621246963169170216 : Checking page rotation 1 0.05
1621246964302305421 : Checking page rotation 2 0.2
1621246966207285130 : Checking image 1 crop x1 273
1621246966207408539 : Checking image 1 crop y1 220
1621246966207466843 : Checking image 1 crop x2 2383
1621246966207504945 : Checking image 1 crop y2 3423
1621246967971932030 : Checking image 2 crop x1 116
1621246967972068239 : Checking image 2 crop y1 225
1621246967972110842 : Checking image 2 crop x2 2242
1621246967972152045 : Checking image 2 crop y2 3415
1621246967972352059 : Checking image 1 dpi 300
1621246967972428464 : Checking image 1 border top 202
1621246967972467567 : Checking image 1 border bottom 82
1621246967972503469 : Checking image 1 border left 175
1621246967972539072 : Checking image 1 border right 175
1621246967975184055 : Checking image 2 dpi 300
1621246967975279362 : Checking image 2 border top 204
1621246967975317164 : Checking image 2 border bottom 93
1621246967975353267 : Checking image 2 border left 167
1621246967975388569 : Checking image 2 border right 167

</system-out><system-err>--------------------------------- Captured Err ---------------------------------

</system-err></testcase><testcase classname="tests.test_images" name="test_no_split_line_wave_algo_png" time="32.585"><system-out>--------------------------------- Captured Log ---------------------------------

--------------------------------- Captured Out ---------------------------------
/home/runner/work/diptych/diptych/tests/no_split_line_wave_algo.png
1621246976474821421 : Checking separation double page angle 89.79018091440821
1621246976474935329 : Checking separation double page y=0 2483
1621246979283853996 : Checking page rotation 1 0.0
1621246980538723382 : Checking page rotation 2 -0.44999999999999746
1621246990193404887 : Checking image 1 crop x1 97
1621246990193498993 : Checking image 1 crop y1 74
1621246990193536696 : Checking image 1 crop x2 2489
1621246990193572498 : Checking image 1 crop y2 3505
1621246996038136209 : Checking image 2 crop x1 164
1621246996038259717 : Checking image 2 crop y1 267
1621246996038304620 : Checking image 2 crop x2 2239
1621246996038343923 : Checking image 2 crop y2 3380
1621246996038520735 : Checking image 1 dpi 300
1621246996038592140 : Checking image 1 border top 38
1621246996038629843 : Checking image 1 border bottom 38
1621246996038667746 : Checking image 1 border left 44
1621246996038709048 : Checking image 1 border right 44
1621246996041092913 : Checking image 2 dpi 300
1621246996041185820 : Checking image 2 border top 257
1621246996041224122 : Checking image 2 border bottom 117
1621246996041259925 : Checking image 2 border left 192
1621246996041295327 : Checking image 2 border right 192

</system-out><system-err>--------------------------------- Captured Err ---------------------------------

</system-err></testcase><testcase classname="tests.test_images" name="test_no_split_line_wave_algo_2_png" time="19.196"><system-out>--------------------------------- Captured Log ---------------------------------

--------------------------------- Captured Out ---------------------------------
/home/runner/work/diptych/diptych/tests/no_split_line_wave_algo_2.png
1621246980793264604 : Checking separation double page angle 90.43362571535843
1621246980793388013 : Checking separation double page y=0 2473
1621246982002550452 : Checking page rotation 1 1.05
1621246983175586904 : Checking page rotation 2 0.15000000000000002
1621246985329253653 : Checking image 1 crop x1 267
1621246985329391462 : Checking image 1 crop y1 210
1621246985329430165 : Checking image 1 crop x2 2343
1621246985329468467 : Checking image 1 crop y2 3412
1621246987174520696 : Checking image 2 crop x1 165
1621246987174659206 : Checking image 2 crop y1 241
1621246987174699509 : Checking image 2 crop x2 2250
1621246987174738311 : Checking image 2 crop y2 3433
1621246987174925024 : Checking image 1 dpi 300
1621246987174999329 : Checking image 1 border top 192
1621246987175034832 : Checking image 1 border bottom 93
1621246987175068334 : Checking image 1 border left 192
1621246987175101036 : Checking image 1 border right 192
1621246987177496202 : Checking image 2 dpi 300
1621246987177594609 : Checking image 2 border top 224
1621246987177629411 : Checking image 2 border bottom 71
1621246987177662414 : Checking image 2 border left 187
1621246987177694916 : Checking image 2 border right 187

</system-out><system-err>--------------------------------- Captured Err ---------------------------------

</system-err></testcase><testcase classname="tests.test_images" name="test_failed_detect_rectangle_png" time="19.497"><system-out>--------------------------------- Captured Log ---------------------------------

--------------------------------- Captured Out ---------------------------------
/home/runner/work/diptych/diptych/tests/failed_detect_rectangle.png
1621247001122282020 : Checking separation double page angle 90.242273842964
1621247001122410729 : Checking separation double page y=0 2475
1621247002479581410 : Checking page rotation 1 0.2
1621247004074146313 : Checking page rotation 2 0.2
1621247005302503584 : Checking image 1 crop x1 257
1621247005302645994 : Checking image 1 crop y1 201
1621247005302689197 : Checking image 1 crop x2 2333
1621247005302728499 : Checking image 1 crop y2 3402
1621247006664366190 : Checking image 2 crop x1 137
1621247006664502799 : Checking image 2 crop y1 215
1621247006664545702 : Checking image 2 crop x2 2220
1621247006664611307 : Checking image 2 crop y2 3406
1621247006664807520 : Checking image 1 dpi 300
1621247006664884426 : Checking image 1 border top 188
1621247006664923428 : Checking image 1 border bottom 98
1621247006664959931 : Checking image 1 border left 192
1621247006664995733 : Checking image 1 border right 192
1621247006667238688 : Checking image 2 dpi 300
1621247006667324794 : Checking image 2 border top 201
1621247006667365797 : Checking image 2 border bottom 95
1621247006667401400 : Checking image 2 border left 188
1621247006667436702 : Checking image 2 border right 188

</system-out><system-err>--------------------------------- Captured Err ---------------------------------

</system-err></testcase><testcase classname="tests.test_images" name="test_crop_too_few_2_png" time="20.258"><system-out>--------------------------------- Captured Log ---------------------------------

--------------------------------- Captured Out ---------------------------------
/home/runner/work/diptych/diptych/tests/crop_too_few_2.png
1621247008593501237 : Checking separation double page angle 90.35461351371423
1621247008593616045 : Checking separation double page y=0 2533
1621247009717726506 : Checking page rotation 1 1.0999999999999999
1621247010881660622 : Checking page rotation 2 0.0
1621247013656620382 : Checking image 1 crop x1 289
1621247013656749691 : Checking image 1 crop y1 165
1621247013656787194 : Checking image 1 crop x2 2400
1621247013656823596 : Checking image 1 crop y2 3367
1621247016360846152 : Checking image 2 crop x1 152
1621247016360972760 : Checking image 2 crop y1 190
1621247016361012663 : Checking image 2 crop x2 2273
1621247016361050866 : Checking image 2 crop y2 3385
1621247016361219577 : Checking image 1 dpi 300
1621247016361292982 : Checking image 1 border top 157
1621247016361327485 : Checking image 1 border bottom 128
1621247016361361987 : Checking image 1 border left 174
1621247016361396489 : Checking image 1 border right 174
1621247016363723950 : Checking image 2 dpi 300
1621247016363806255 : Checking image 2 border top 175
1621247016363841358 : Checking image 2 border bottom 116
1621247016363874060 : Checking image 2 border left 169
1621247016363906862 : Checking image 2 border right 169

</system-out><system-err>--------------------------------- Captured Err ---------------------------------

</system-err></testcase><testcase classname="tests.test_images" name="test_single_page_png" time="6.318"><system-out>--------------------------------- Captured Log ---------------------------------

--------------------------------- Captured Out ---------------------------------
/home/runner/work/diptych/diptych/tests/single_page.png
1621247009891878853 : Checking separation double page angle 89.93006318861008
1621247009892016563 : Checking separation double page y=0 2472
1621247010816530717 : Checking page rotation 1 0.0
1621247010965932552 : Checking page rotation 2 0.0
1621247012511843391 : Checking image 1 crop x1 1
1621247012511954499 : Checking image 1 crop y1 8
1621247012511996002 : Checking image 1 crop x2 2470
1621247012512031804 : Checking image 1 crop y2 3505
1621247012637684797 : Checking image 2 crop x1 0
1621247012637761602 : Checking image 2 crop y1 0
1621247012637794004 : Checking image 2 crop x2 0
1621247012637825806 : Checking image 2 crop y2 0
1621247012637888911 : Checking image 1 dpi 300
1621247012637954315 : Checking image 1 border top 5
1621247012637989418 : Checking image 1 border bottom 5
1621247012638022320 : Checking image 1 border left 6
1621247012638055322 : Checking image 1 border right 6
1621247012643987132 : Checking image 2 border top 0
1621247012644049337 : Checking image 2 border bottom 0
1621247012644081239 : Checking image 2 border left 0
1621247012644113541 : Checking image 2 border right 0

</system-out><system-err>--------------------------------- Captured Err ---------------------------------

</system-err></testcase><testcase classname="tests.test_images" name="test_wrong_split_line_4_png" time="11.509"><system-out>--------------------------------- Captured Log ---------------------------------

--------------------------------- Captured Out ---------------------------------
/home/runner/work/diptych/diptych/tests/wrong_split_line_4.png
1621247020586581460 : Checking separation double page angle 90.92587744884125
1621247020586697468 : Checking separation double page y=0 58
1621247020681052359 : Checking page rotation 1 0.5499999999999999
1621247021804298732 : Checking page rotation 2 1.0999999999999999
1621247022549179776 : Checking image 1 crop x1 0
1621247022549260182 : Checking image 1 crop y1 0
1621247022549292784 : Checking image 1 crop x2 0
1621247022549324186 : Checking image 1 crop y2 0
1621247024559437463 : Checking image 2 crop x1 290
1621247024559569772 : Checking image 2 crop y1 330
1621247024559610075 : Checking image 2 crop x2 2314
1621247024559647477 : Checking image 2 crop y2 3217
1621247024559826390 : Checking image 1 border top 0
1621247024559863692 : Checking image 1 border bottom 0
1621247024559898095 : Checking image 1 border left 0
1621247024559932397 : Checking image 1 border right 0
1621247024559983401 : Checking image 2 dpi 300
1621247024560053706 : Checking image 2 border top 322
1621247024560086608 : Checking image 2 border bottom 278
1621247024560118610 : Checking image 2 border left 218
1621247024560150512 : Checking image 2 border right 218

</system-out><system-err>--------------------------------- Captured Err ---------------------------------

</system-err></testcase><testcase classname="tests.test_images" name="test_no_split_line_wave_algo_3_png" time="10.479"><system-out>--------------------------------- Captured Log ---------------------------------

--------------------------------- Captured Out ---------------------------------
/home/runner/work/diptych/diptych/tests/no_split_line_wave_algo_3.png
1621247023385671922 : Checking separation double page angle 90.18184445198425
1621247023385810032 : Checking separation double page y=0 2405
1621247024250322764 : Checking page rotation 1 0.0
1621247024380735292 : Checking page rotation 2 0.0
1621247026384502605 : Checking image 1 crop x1 184
1621247026384652915 : Checking image 1 crop y1 2957
1621247026384692018 : Checking image 1 crop x2 2201
1621247026384726720 : Checking image 1 crop y2 3202
1621247026819465315 : Checking image 2 crop x1 0
1621247026819551321 : Checking image 2 crop y1 0
1621247026819584124 : Checking image 2 crop x2 0
1621247026819615426 : Checking image 2 crop y2 0
1621247026819681230 : Checking image 1 dpi 300
1621247026819747935 : Checking image 1 border top 2950
1621247026819782537 : Checking image 1 border bottom 292
1621247026819817040 : Checking image 1 border left 221
1621247026819851142 : Checking image 1 border right 221
1621247026825302119 : Checking image 2 border top 0
1621247026825369324 : Checking image 2 border bottom 0
1621247026825401826 : Checking image 2 border left 0
1621247026825433729 : Checking image 2 border right 0

</system-out><system-err>--------------------------------- Captured Err ---------------------------------

</system-err></testcase><testcase classname="tests.test_images" name="test_failed_split_line_line_algo_3_png" time="12.421"><system-out>--------------------------------- Captured Log ---------------------------------

--------------------------------- Captured Out ---------------------------------
/home/runner/work/diptych/diptych/tests/failed_split_line_line_algo_3.png
1621247031734184241 : Checking separation double page angle 90.02403976140027
1621247031734318451 : Checking separation double page y=0 39
1621247031803162116 : Checking page rotation 1 0.0
1621247032526006446 : Checking page rotation 2 0.0
1621247032847464691 : Checking image 1 crop x1 0
1621247032847548397 : Checking image 1 crop y1 0
1621247032847581199 : Checking image 1 crop x2 0
1621247032847613101 : Checking image 1 crop y2 0
1621247036995644447 : Checking image 2 crop x1 249
1621247036995827060 : Checking image 2 crop y1 154
1621247036995892664 : Checking image 2 crop x2 2264
1621247036995957669 : Checking image 2 crop y2 3361
1621247036996230787 : Checking image 1 border top 0
1621247036996297892 : Checking image 1 border bottom 0
1621247036996362097 : Checking image 1 border left 0
1621247036996424701 : Checking image 1 border right 0
1621247036996513307 : Checking image 2 dpi 300
1621247036996678518 : Checking image 2 border top 146
1621247036996750623 : Checking image 2 border bottom 134
1621247036996810228 : Checking image 2 border left 222
1621247036996869332 : Checking image 2 border right 222

</system-out><system-err>--------------------------------- Captured Err ---------------------------------

</system-err></testcase></testsuite></testsuites>