<?xml version="1.0" encoding="utf-8"?><testsuites><testsuite errors="0" failures="0" hostname="travis-job-8a5750df-fa2b-433f-ba62-0fcfad978d3b" name="pytest" skipped="1" tests="13" time="1275.872" timestamp="2020-11-08T21:47:32.240037"><testcase classname="tests.test_features" name="test_disabled_enable_debug" time="119.556"><system-out>--------------------------------- Captured Log ---------------------------------

--------------------------------- Captured Out ---------------------------------
/home/travis/build/bansan85/ocr-book/tests/0001_debug.png
separation double page angle 90.46984724993149
separation double page y=0 2481
page rotation 1 0.7000000000000001
page rotation 2 0.2
image 1 crop x1 332
image 1 crop y1 336
image 1 crop x2 2343
image 1 crop y2 3223
image 2 crop x1 169
image 2 crop y1 649
image 2 crop x2 2183
image 2 crop y2 3360
image 1 dpi 300
image 1 border top 325
image 1 border bottom 275
image 1 border left 224
image 1 border right 224
image 2 dpi 300
image 2 border top 672
image 2 border bottom 104
image 2 border left 223
image 2 border right 223

</system-out><system-err>--------------------------------- Captured Err ---------------------------------

</system-err></testcase><testcase classname="tests.test_features" name="test_mock_stop_at_0" time="0.035"><system-out>--------------------------------- Captured Log ---------------------------------

--------------------------------- Captured Out ---------------------------------
/home/travis/build/bansan85/ocr-book/tests/0001_0.png

</system-out><system-err>--------------------------------- Captured Err ---------------------------------

</system-err></testcase><testcase classname="tests.test_features" name="test_mock_stop_at_1" time="90.791"><system-out>--------------------------------- Captured Log ---------------------------------

--------------------------------- Captured Out ---------------------------------
/home/travis/build/bansan85/ocr-book/tests/0001_1.png
separation double page angle 90.46984724993149
separation double page y=0 2481

</system-out><system-err>--------------------------------- Captured Err ---------------------------------

</system-err></testcase><testcase classname="tests.test_features" name="test_mock_stop_at_2" time="122.309"><system-out>--------------------------------- Captured Log ---------------------------------

--------------------------------- Captured Out ---------------------------------
/home/travis/build/bansan85/ocr-book/tests/0001_2.png
separation double page angle 90.46984724993149
separation double page y=0 2481
page rotation 1 0.7000000000000001
page rotation 2 0.2

</system-out><system-err>--------------------------------- Captured Err ---------------------------------

</system-err></testcase><testcase classname="tests.test_features" name="test_mock_stop_at_3" time="117.433"><system-out>--------------------------------- Captured Log ---------------------------------

--------------------------------- Captured Out ---------------------------------
/home/travis/build/bansan85/ocr-book/tests/0001_3.png
separation double page angle 90.46984724993149
separation double page y=0 2481
page rotation 1 0.7000000000000001
page rotation 2 0.2
image 1 crop x1 332
image 1 crop y1 336
image 1 crop x2 2343
image 1 crop y2 3223
image 2 crop x1 169
image 2 crop y1 649
image 2 crop x2 2183
image 2 crop y2 3360

</system-out><system-err>--------------------------------- Captured Err ---------------------------------

</system-err></testcase><testcase classname="tests.test_features" name="test_mock_stop_at_4" time="119.510"><system-out>--------------------------------- Captured Log ---------------------------------

--------------------------------- Captured Out ---------------------------------
/home/travis/build/bansan85/ocr-book/tests/0001_4.png
separation double page angle 90.46984724993149
separation double page y=0 2481
page rotation 1 0.7000000000000001
page rotation 2 0.2
image 1 crop x1 332
image 1 crop y1 336
image 1 crop x2 2343
image 1 crop y2 3223
image 2 crop x1 169
image 2 crop y1 649
image 2 crop x2 2183
image 2 crop y2 3360
image 1 dpi 300
image 1 border top 325
image 1 border bottom 275
image 1 border left 224
image 1 border right 224
image 2 dpi 300
image 2 border top 672
image 2 border bottom 104
image 2 border left 223
image 2 border right 223

</system-out><system-err>--------------------------------- Captured Err ---------------------------------

</system-err></testcase><testcase classname="tests.test_features" name="test_mock_stop_at_5" time="118.375"><system-out>--------------------------------- Captured Log ---------------------------------

--------------------------------- Captured Out ---------------------------------
/home/travis/build/bansan85/ocr-book/tests/0001_5.png
separation double page angle 90.46984724993149
separation double page y=0 2481
page rotation 1 0.7000000000000001
page rotation 2 0.2
image 1 crop x1 332
image 1 crop y1 336
image 1 crop x2 2343
image 1 crop y2 3223
image 2 crop x1 169
image 2 crop y1 649
image 2 crop x2 2183
image 2 crop y2 3360
image 1 dpi 300
image 1 border top 325
image 1 border bottom 275
image 1 border left 224
image 1 border right 224
image 2 dpi 300
image 2 border top 672
image 2 border bottom 104
image 2 border left 223
image 2 border right 223

</system-out><system-err>--------------------------------- Captured Err ---------------------------------

</system-err></testcase><testcase classname="tests.test_images" name="test_0001_png" time="114.818"><system-out>--------------------------------- Captured Log ---------------------------------

--------------------------------- Captured Out ---------------------------------
/home/travis/build/bansan85/ocr-book/tests/0001.png
1604872825839485184 : Checking separation double page angle 90.46984724993149
1604872825839630336 : Checking separation double page y=0 2481
1604872838542571008 : Checking page rotation 1 0.7000000000000001
1604872853959700992 : Checking page rotation 2 0.2
1604872854785592832 : Checking image 1 crop x1 332
1604872854785682944 : Checking image 1 crop y1 336
1604872854785728256 : Checking image 1 crop x2 2343
1604872854785763328 : Checking image 1 crop y2 3223
1604872855627535616 : Checking image 2 crop x1 169
1604872855627631360 : Checking image 2 crop y1 649
1604872855627666176 : Checking image 2 crop x2 2183
1604872855627698944 : Checking image 2 crop y2 3360
1604872855655154944 : Checking image 1 dpi 300
1604872855655286528 : Checking image 1 border top 325
1604872855655325696 : Checking image 1 border bottom 275
1604872855655356416 : Checking image 1 border left 224
1604872855655387392 : Checking image 1 border right 224
1604872855657453312 : Checking image 2 dpi 300
1604872855657609472 : Checking image 2 border top 672
1604872855657640960 : Checking image 2 border bottom 104
1604872855657669120 : Checking image 2 border left 223
1604872855657696512 : Checking image 2 border right 223

</system-out><system-err>--------------------------------- Captured Err ---------------------------------

</system-err></testcase><testcase classname="tests.test_images" name="test_2_pages_2_contours_png" time="57.226"><system-out>--------------------------------- Captured Log ---------------------------------

--------------------------------- Captured Out ---------------------------------
/home/travis/build/bansan85/ocr-book/tests/2-pages-2-contours.png
1604872897332286208 : Checking separation double page angle 90.10760157487184
1604872897332389888 : Checking separation double page y=0 2486
1604872899521356800 : Checking page rotation 1 0.05
1604872911495062272 : Checking page rotation 2 0.35000000000000003
1604872912130147840 : Checking image 1 crop x1 1186
1604872912130223872 : Checking image 1 crop y1 1720
1604872912130253056 : Checking image 1 crop x2 1187
1604872912130280960 : Checking image 1 crop y2 1721
1604872912867361536 : Checking image 2 crop x1 103
1604872912867453696 : Checking image 2 crop y1 241
1604872912867489024 : Checking image 2 crop x2 2148
1604872912867522048 : Checking image 2 crop y2 3239
1604872912894393856 : Checking image 1 dpi 300
1604872912894496256 : Checking image 1 border top 1752
1604872912894526976 : Checking image 1 border bottom 1753
1604872912894555392 : Checking image 1 border left 1239
1604872912894583296 : Checking image 1 border right 1239
1604872912895713536 : Checking image 2 dpi 300
1604872912895887104 : Checking image 2 border top 230
1604872912895921408 : Checking image 2 border bottom 259
1604872912895949056 : Checking image 2 border left 207
1604872912895975936 : Checking image 2 border right 207

</system-out><system-err>--------------------------------- Captured Err ---------------------------------

</system-err></testcase><testcase classname="tests.test_images" name="test_black_border_not_removed_png" time="153.689"><system-out>--------------------------------- Captured Log ---------------------------------

--------------------------------- Captured Out ---------------------------------
/home/travis/build/bansan85/ocr-book/tests/black-border-not-removed.png
1604873029624301312 : Checking separation double page angle 89.95512641330986
1604873029624408832 : Checking separation double page y=0 2453
1604873043277723392 : Checking page rotation 1 0.05
1604873064773904896 : Checking page rotation 2 0.0
1604873065646531840 : Checking image 1 crop x1 299
1604873065646623744 : Checking image 1 crop y1 143
1604873065646667776 : Checking image 1 crop x2 2307
1604873065646701568 : Checking image 1 crop y2 3347
1604873066539729408 : Checking image 2 crop x1 159
1604873066539899648 : Checking image 2 crop y1 146
1604873066539937024 : Checking image 2 crop x2 2170
1604873066539970304 : Checking image 2 crop y2 3351
1604873066569801472 : Checking image 1 dpi 300
1604873066569944320 : Checking image 1 border top 128
1604873066569975808 : Checking image 1 border bottom 155
1604873066570005248 : Checking image 1 border left 226
1604873066570033152 : Checking image 1 border right 226
1604873066572364288 : Checking image 2 dpi 300
1604873066572517632 : Checking image 2 border top 131
1604873066572547840 : Checking image 2 border bottom 151
1604873066572576000 : Checking image 2 border left 224
1604873066572603904 : Checking image 2 border right 224

</system-out><system-err>--------------------------------- Captured Err ---------------------------------

</system-err></testcase><testcase classname="tests.test_images" name="test_image_failed_to_rotate_png" time="170.745"><system-out>--------------------------------- Captured Log ---------------------------------

--------------------------------- Captured Out ---------------------------------
/home/travis/build/bansan85/ocr-book/tests/image_failed_to_rotate.png
1604873134795745024 : Checking separation double page angle 90.22029479023824
1604873134795920640 : Checking separation double page y=0 2481
1604873149688108800 : Checking page rotation 1 0.4
1604873164430504192 : Checking page rotation 2 0.5
1604873236233944576 : Checking image 1 crop x1 82
1604873236234097152 : Checking image 1 crop y1 3
1604873236234128896 : Checking image 1 crop x2 2479
1604873236234158336 : Checking image 1 crop y2 3501
1604873237209102080 : Checking image 2 crop x1 173
1604873237209192448 : Checking image 2 crop y1 236
1604873237209226752 : Checking image 2 crop x2 2249
1604873237209259264 : Checking image 2 crop y2 3354
1604873237243108096 : Checking image 1 dpi 300
1604873237243241728 : Checking image 1 border top 5
1604873237243272960 : Checking image 1 border bottom 5
1604873237243302144 : Checking image 1 border left 42
1604873237243330560 : Checking image 1 border right 42
1604873237245535488 : Checking image 2 dpi 300
1604873237245665536 : Checking image 2 border top 228
1604873237245695488 : Checking image 2 border bottom 141
1604873237245723648 : Checking image 2 border left 192
1604873237245773824 : Checking image 2 border right 192

</system-out><system-err>--------------------------------- Captured Err ---------------------------------

</system-err></testcase><testcase classname="tests.test_images" name="test_image_failed_to_crop_data_png" time="89.632"><system-out>--------------------------------- Captured Log ---------------------------------

--------------------------------- Captured Out ---------------------------------
/home/travis/build/bansan85/ocr-book/tests/image_failed_to_crop_data.png
1604873291583100672 : Checking separation double page angle 90.07196620834475
1604873291583207680 : Checking separation double page y=0 2483
1604873299383578112 : Checking page rotation 1 0.2
1604873310967050496 : Checking page rotation 2 0.05
1604873326016944896 : Checking image 1 crop x1 52
1604873326017051136 : Checking image 1 crop y1 3
1604873326017082624 : Checking image 1 crop x2 2481
1604873326017113344 : Checking image 1 crop y2 3500
1604873326872192512 : Checking image 2 crop x1 160
1604873326872286208 : Checking image 2 crop y1 218
1604873326872320256 : Checking image 2 crop x2 2239
1604873326872354304 : Checking image 2 crop y2 3350
1604873326902119424 : Checking image 1 dpi 300
1604873326902248704 : Checking image 1 border top 5
1604873326902281216 : Checking image 1 border bottom 5
1604873326902310144 : Checking image 1 border left 26
1604873326902338304 : Checking image 1 border right 26
1604873326904422656 : Checking image 2 dpi 300
1604873326904547840 : Checking image 2 border top 210
1604873326904578816 : Checking image 2 border bottom 145
1604873326904606208 : Checking image 2 border left 190
1604873326904633600 : Checking image 2 border right 190

</system-out><system-err>--------------------------------- Captured Err ---------------------------------

</system-err></testcase><testcase classname="tests.test_images" name="test_wrong_angle_split_line_png" time="0.001"><skipped message="Value for brightness and constrast are hardcoded." type="pytest.skip">tests/test_images.py:205: Value for brightness and constrast are hardcoded.</skipped><system-out>--------------------------------- Captured Log ---------------------------------

--------------------------------- Captured Out ---------------------------------

</system-out><system-err>--------------------------------- Captured Err ---------------------------------

</system-err><system-out>--------------------------------- Captured Log ---------------------------------

--------------------------------- Captured Out ---------------------------------

</system-out><system-err>--------------------------------- Captured Err ---------------------------------

</system-err></testcase></testsuite></testsuites>