<?xml version="1.0" encoding="utf-8"?><testsuites><testsuite errors="0" failures="0" hostname="fv-az92-143" name="pytest" skipped="0" tests="32" time="975.020" timestamp="2020-12-06T11:03:17.807709"><testcase classname="tests.test_features" name="test_mock_stop_at_0" time="0.053"><system-out>--------------------------------- Captured Log ---------------------------------

--------------------------------- Captured Out ---------------------------------
/home/runner/work/ocr-book/ocr-book/tests/0001_0.png

</system-out><system-err>--------------------------------- Captured Err ---------------------------------

</system-err></testcase><testcase classname="tests.test_features" name="test_disabled_enable_debug" time="42.877"><system-out>--------------------------------- Captured Log ---------------------------------

--------------------------------- Captured Out ---------------------------------
/home/runner/work/ocr-book/ocr-book/tests/0001_debug.png
separation double page angle 90.57780420099763
separation double page y=0 2487
page rotation 1 0.75
page rotation 2 0.2
image 1 crop x1 330
image 1 crop y1 336
image 1 crop x2 2343
image 1 crop y2 3223
image 2 crop x1 169
image 2 crop y1 648
image 2 crop x2 2186
image 2 crop y2 3361
image 1 dpi 300
image 1 border top 318
image 1 border bottom 282
image 1 border left 223
image 1 border right 223
image 2 dpi 300
image 2 border top 643
image 2 border bottom 131
image 2 border left 221
image 2 border right 221

</system-out><system-err>--------------------------------- Captured Err ---------------------------------

</system-err></testcase><testcase classname="tests.test_features" name="test_mock_stop_at_2" time="47.412"><system-out>--------------------------------- Captured Log ---------------------------------

--------------------------------- Captured Out ---------------------------------
/home/runner/work/ocr-book/ocr-book/tests/0001_2.png
separation double page angle 90.57780420099763
separation double page y=0 2487
page rotation 1 0.75
page rotation 2 0.2

</system-out><system-err>--------------------------------- Captured Err ---------------------------------

</system-err></testcase><testcase classname="tests.test_features" name="test_mock_stop_at_1" time="32.590"><system-out>--------------------------------- Captured Log ---------------------------------

--------------------------------- Captured Out ---------------------------------
/home/runner/work/ocr-book/ocr-book/tests/0001_1.png
separation double page angle 90.57780420099763
separation double page y=0 2487

</system-out><system-err>--------------------------------- Captured Err ---------------------------------

</system-err></testcase><testcase classname="tests.test_features" name="test_mock_stop_at_4" time="55.828"><system-out>--------------------------------- Captured Log ---------------------------------

--------------------------------- Captured Out ---------------------------------
/home/runner/work/ocr-book/ocr-book/tests/0001_4.png
separation double page angle 90.57780420099763
separation double page y=0 2487
page rotation 1 0.75
page rotation 2 0.2
image 1 crop x1 330
image 1 crop y1 336
image 1 crop x2 2343
image 1 crop y2 3223
image 2 crop x1 169
image 2 crop y1 648
image 2 crop x2 2186
image 2 crop y2 3361
image 1 dpi 300
image 1 border top 318
image 1 border bottom 282
image 1 border left 223
image 1 border right 223
image 2 dpi 300
image 2 border top 643
image 2 border bottom 131
image 2 border left 221
image 2 border right 221

</system-out><system-err>--------------------------------- Captured Err ---------------------------------

</system-err></testcase><testcase classname="tests.test_features" name="test_mock_stop_at_3" time="55.955"><system-out>--------------------------------- Captured Log ---------------------------------

--------------------------------- Captured Out ---------------------------------
/home/runner/work/ocr-book/ocr-book/tests/0001_3.png
separation double page angle 90.57780420099763
separation double page y=0 2487
page rotation 1 0.75
page rotation 2 0.2
image 1 crop x1 330
image 1 crop y1 336
image 1 crop x2 2343
image 1 crop y2 3223
image 2 crop x1 169
image 2 crop y1 648
image 2 crop x2 2186
image 2 crop y2 3361

</system-out><system-err>--------------------------------- Captured Err ---------------------------------

</system-err></testcase><testcase classname="tests.test_images" name="test_0001_png" time="56.142"><system-out>--------------------------------- Captured Log ---------------------------------

--------------------------------- Captured Out ---------------------------------
/home/runner/work/ocr-book/ocr-book/tests/0001.png
1607252734352629494 : Checking separation double page angle 90.57780420099763
1607252734352737095 : Checking separation double page y=0 2487
1607252741443174300 : Checking page rotation 1 0.75
1607252749931555255 : Checking page rotation 2 0.2
1607252754345017428 : Checking image 1 crop x1 330
1607252754345149729 : Checking image 1 crop y1 336
1607252754345191230 : Checking image 1 crop x2 2343
1607252754345227730 : Checking image 1 crop y2 3223
1607252758258435264 : Checking image 2 crop x1 169
1607252758258560965 : Checking image 2 crop y1 648
1607252758258603065 : Checking image 2 crop x2 2186
1607252758258639266 : Checking image 2 crop y2 3361
1607252758295838306 : Checking image 1 dpi 300
1607252758295956507 : Checking image 1 border top 318
1607252758295995507 : Checking image 1 border bottom 282
1607252758296029908 : Checking image 1 border left 223
1607252758296063608 : Checking image 1 border right 223
1607252758298485724 : Checking image 2 dpi 300
1607252758298570624 : Checking image 2 border top 643
1607252758298606324 : Checking image 2 border bottom 131
1607252758298640025 : Checking image 2 border left 221
1607252758298673625 : Checking image 2 border right 221

</system-out><system-err>--------------------------------- Captured Err ---------------------------------

</system-err></testcase><testcase classname="tests.test_features" name="test_mock_stop_at_5" time="54.681"><system-out>--------------------------------- Captured Log ---------------------------------

--------------------------------- Captured Out ---------------------------------
/home/runner/work/ocr-book/ocr-book/tests/0001_5.png
separation double page angle 90.57780420099763
separation double page y=0 2487
page rotation 1 0.75
page rotation 2 0.2
image 1 crop x1 330
image 1 crop y1 336
image 1 crop x2 2343
image 1 crop y2 3223
image 2 crop x1 169
image 2 crop y1 648
image 2 crop x2 2186
image 2 crop y2 3361
image 1 dpi 300
image 1 border top 318
image 1 border bottom 282
image 1 border left 223
image 1 border right 223
image 2 dpi 300
image 2 border top 643
image 2 border bottom 131
image 2 border left 221
image 2 border right 221

</system-out><system-err>--------------------------------- Captured Err ---------------------------------

</system-err></testcase><testcase classname="tests.test_images" name="test_2_pages_2_contours_png" time="37.067"><system-out>--------------------------------- Captured Log ---------------------------------

--------------------------------- Captured Out ---------------------------------
/home/runner/work/ocr-book/ocr-book/tests/2-pages-2-contours.png
1607252781176696137 : Checking separation double page angle 89.91958537671144
1607252781176790737 : Checking separation double page y=0 2492
1607252783498697069 : Checking page rotation 1 0.05
1607252789486631734 : Checking page rotation 2 0.35000000000000003
1607252791131533883 : Checking image 1 crop x1 1189
1607252791131656684 : Checking image 1 crop y1 1748
1607252791131692884 : Checking image 1 crop x2 1190
1607252791131726085 : Checking image 1 crop y2 1749
1607252795334041590 : Checking image 2 crop x1 89
1607252795334177491 : Checking image 2 crop y1 240
1607252795334217791 : Checking image 2 crop x2 2136
1607252795334255991 : Checking image 2 crop y2 3239
1607252795370041423 : Checking image 1 dpi 300
1607252795370156224 : Checking image 1 border top 1753
1607252795370193124 : Checking image 1 border bottom 1753
1607252795370227324 : Checking image 1 border left 1239
1607252795370260624 : Checking image 1 border right 1239
1607252795371626533 : Checking image 2 dpi 300
1607252795371717434 : Checking image 2 border top 227
1607252795371753234 : Checking image 2 border bottom 261
1607252795371786834 : Checking image 2 border left 206
1607252795371819934 : Checking image 2 border right 206

</system-out><system-err>--------------------------------- Captured Err ---------------------------------

</system-err></testcase><testcase classname="tests.test_images" name="test_angle_page_lower_split_line_png" time="58.444"><system-out>--------------------------------- Captured Log ---------------------------------

--------------------------------- Captured Out ---------------------------------
/home/runner/work/ocr-book/ocr-book/tests/angle_page_lower_split_line.png
1607252821927103098 : Checking separation double page angle 89.75201324945476
1607252821927199698 : Checking separation double page y=0 2473
1607252829838236575 : Checking page rotation 1 -0.44999999999998863
1607252836768391525 : Checking page rotation 2 0.2
1607252840120105247 : Checking image 1 crop x1 245
1607252840120241147 : Checking image 1 crop y1 161
1607252840120280647 : Checking image 1 crop x2 2351
1607252840120318048 : Checking image 1 crop y2 3364
1607252843344409800 : Checking image 2 crop x1 151
1607252843344544800 : Checking image 2 crop y1 147
1607252843344584800 : Checking image 2 crop x2 2258
1607252843344623001 : Checking image 2 crop y2 3350
1607252843384089172 : Checking image 1 dpi 300
1607252843384206772 : Checking image 1 border top 141
1607252843384244172 : Checking image 1 border bottom 143
1607252843384278173 : Checking image 1 border left 177
1607252843384311073 : Checking image 1 border right 177
1607252843386361282 : Checking image 2 dpi 300
1607252843386440382 : Checking image 2 border top 129
1607252843386474482 : Checking image 2 border bottom 155
1607252843386507382 : Checking image 2 border left 176
1607252843386539682 : Checking image 2 border right 176

</system-out><system-err>--------------------------------- Captured Err ---------------------------------

</system-err></testcase><testcase classname="tests.test_images" name="test_black_border_not_removed_png" time="62.698"><system-out>--------------------------------- Captured Log ---------------------------------

--------------------------------- Captured Out ---------------------------------
/home/runner/work/ocr-book/ocr-book/tests/black-border-not-removed.png
1607252830671491509 : Checking separation double page angle 90.02895758682553
1607252830671591709 : Checking separation double page y=0 2456
1607252837906560613 : Checking page rotation 1 0.0
1607252847490821354 : Checking page rotation 2 0.0
1607252851778034053 : Checking image 1 crop x1 297
1607252851778172053 : Checking image 1 crop y1 143
1607252851778211753 : Checking image 1 crop x2 2309
1607252851778247154 : Checking image 1 crop y2 3346
1607252858035001021 : Checking image 2 crop x1 157
1607252858035140522 : Checking image 2 crop y1 145
1607252858035180822 : Checking image 2 crop x2 2169
1607252858035220322 : Checking image 2 crop y2 3352
1607252858073489393 : Checking image 1 dpi 300
1607252858073611093 : Checking image 1 border top 127
1607252858073649993 : Checking image 1 border bottom 157
1607252858073684893 : Checking image 1 border left 224
1607252858073719394 : Checking image 1 border right 224
1607252858076304405 : Checking image 2 dpi 300
1607252858076401705 : Checking image 2 border top 133
1607252858076437406 : Checking image 2 border bottom 147
1607252858076470906 : Checking image 2 border left 224
1607252858076504606 : Checking image 2 border right 224

</system-out><system-err>--------------------------------- Captured Err ---------------------------------

</system-err></testcase><testcase classname="tests.test_images" name="test_wrong_split_line_png" time="44.213"><system-out>--------------------------------- Captured Log ---------------------------------

--------------------------------- Captured Out ---------------------------------
/home/runner/work/ocr-book/ocr-book/tests/wrong_split_line.png
1607252870844172005 : Checking separation double page angle 89.85895720607971
1607252870844264805 : Checking separation double page y=0 2463
1607252876212637722 : Checking page rotation 1 -0.14999999999999147
1607252882237168344 : Checking page rotation 2 0.65
1607252884789962318 : Checking image 1 crop x1 213
1607252884790096018 : Checking image 1 crop y1 157
1607252884790135318 : Checking image 1 crop x2 2323
1607252884790172819 : Checking image 1 crop y2 3362
1607252887571340192 : Checking image 2 crop x1 126
1607252887571472593 : Checking image 2 crop y1 167
1607252887571511393 : Checking image 2 crop x2 2237
1607252887571548493 : Checking image 2 crop y2 3372
1607252887608648365 : Checking image 1 dpi 300
1607252887608766466 : Checking image 1 border top 135
1607252887608804166 : Checking image 1 border bottom 147
1607252887608838166 : Checking image 1 border left 175
1607252887608871566 : Checking image 1 border right 175
1607252887610884175 : Checking image 2 dpi 300
1607252887610964776 : Checking image 2 border top 139
1607252887610999876 : Checking image 2 border bottom 143
1607252887611032976 : Checking image 2 border left 174
1607252887611065876 : Checking image 2 border right 174

</system-out><system-err>--------------------------------- Captured Err ---------------------------------

</system-err></testcase><testcase classname="tests.test_images" name="test_image_failed_to_rotate_png" time="61.625"><system-out>--------------------------------- Captured Log ---------------------------------

--------------------------------- Captured Out ---------------------------------
/home/runner/work/ocr-book/ocr-book/tests/image_failed_to_rotate.png
1607252888634068024 : Checking separation double page angle 90.19634423290287
1607252888634168624 : Checking separation double page y=0 2482
1607252893866056104 : Checking page rotation 1 0.35000000000000003
1607252901791666750 : Checking page rotation 2 0.45
1607252913070814784 : Checking image 1 crop x1 34
1607252913070942985 : Checking image 1 crop y1 1
1607252913070984885 : Checking image 1 crop x2 2480
1607252913071022885 : Checking image 1 crop y2 3500
1607252919538777664 : Checking image 2 crop x1 169
1607252919538909965 : Checking image 2 crop y1 234
1607252919538950065 : Checking image 2 crop x2 2248
1607252919538987965 : Checking image 2 crop y2 3355
1607252919583897982 : Checking image 1 dpi 300
1607252919584016482 : Checking image 1 border top 4
1607252919584055783 : Checking image 1 border bottom 4
1607252919584089483 : Checking image 1 border left 17
1607252919584122483 : Checking image 1 border right 17
1607252919586392094 : Checking image 2 dpi 300
1607252919586480694 : Checking image 2 border top 221
1607252919586514994 : Checking image 2 border bottom 145
1607252919586547295 : Checking image 2 border left 190
1607252919586579995 : Checking image 2 border right 190

</system-out><system-err>--------------------------------- Captured Err ---------------------------------

</system-err></testcase><testcase classname="tests.test_images" name="test_crop_too_much_png" time="80.120"><system-out>--------------------------------- Captured Log ---------------------------------

--------------------------------- Captured Out ---------------------------------
/home/runner/work/ocr-book/ocr-book/tests/crop_too_much.png
1607252935363647055 : Checking separation double page angle 90.13239409272953
1607252935363746555 : Checking separation double page y=0 2453
1607252946718651993 : Checking page rotation 1 0.0
1607252957620833093 : Checking page rotation 2 0.45
1607252962909194382 : Checking image 1 crop x1 303
1607252962909320683 : Checking image 1 crop y1 148
1607252962909360583 : Checking image 1 crop x2 2313
1607252962909397183 : Checking image 1 crop y2 3351
1607252967662232591 : Checking image 2 crop x1 170
1607252967662365192 : Checking image 2 crop y1 155
1607252967662404592 : Checking image 2 crop x2 2181
1607252967662442392 : Checking image 2 crop y2 3359
1607252967712425145 : Checking image 1 dpi 300
1607252967712539145 : Checking image 1 border top 131
1607252967712577646 : Checking image 1 border bottom 153
1607252967712612746 : Checking image 1 border left 225
1607252967712646446 : Checking image 1 border right 225
1607252967714653556 : Checking image 2 dpi 300
1607252967714730457 : Checking image 2 border top 133
1607252967714765457 : Checking image 2 border bottom 150
1607252967714799157 : Checking image 2 border left 224
1607252967714832257 : Checking image 2 border right 224

</system-out><system-err>--------------------------------- Captured Err ---------------------------------

</system-err></testcase><testcase classname="tests.test_images" name="test_image_failed_to_crop_data_png" time="60.379"><system-out>--------------------------------- Captured Log ---------------------------------

--------------------------------- Captured Out ---------------------------------
/home/runner/work/ocr-book/ocr-book/tests/image_failed_to_crop_data.png
1607252951009094533 : Checking separation double page angle 89.91538216173362
1607252951009191934 : Checking separation double page y=0 2477
1607252957058115871 : Checking page rotation 1 0.2
1607252962809642681 : Checking page rotation 2 0.0
1607252974147350112 : Checking image 1 crop x1 58
1607252974147486913 : Checking image 1 crop y1 8
1607252974147529913 : Checking image 1 crop x2 2480
1607252974147567813 : Checking image 1 crop y2 3504
1607252979979471776 : Checking image 2 crop x1 159
1607252979979609077 : Checking image 2 crop y1 217
1607252979979649477 : Checking image 2 crop x2 2241
1607252979979686977 : Checking image 2 crop y2 3350
1607252980014281654 : Checking image 1 dpi 300
1607252980014403055 : Checking image 1 border top 6
1607252980014443555 : Checking image 1 border bottom 6
1607252980014477655 : Checking image 1 border left 29
1607252980014511156 : Checking image 1 border right 29
1607252980016647067 : Checking image 2 dpi 300
1607252980016733167 : Checking image 2 border top 206
1607252980016768167 : Checking image 2 border bottom 148
1607252980016800867 : Checking image 2 border left 189
1607252980016833767 : Checking image 2 border right 189

</system-out><system-err>--------------------------------- Captured Err ---------------------------------

</system-err></testcase><testcase classname="tests.test_images" name="test_crop_too_few_png" time="48.535"><system-out>--------------------------------- Captured Log ---------------------------------

--------------------------------- Captured Out ---------------------------------
/home/runner/work/ocr-book/ocr-book/tests/crop_too_few.png
1607252997926307773 : Checking separation double page angle 89.39669496435833
1607252997926406373 : Checking separation double page y=0 2510
1607253003988835515 : Checking page rotation 1 -0.75
1607253010123007576 : Checking page rotation 2 0.05
1607253013231667580 : Checking image 1 crop x1 265
1607253013231807180 : Checking image 1 crop y1 152
1607253013231847381 : Checking image 1 crop x2 2375
1607253013231883081 : Checking image 1 crop y2 3356
1607253016232503352 : Checking image 2 crop x1 135
1607253016232637553 : Checking image 2 crop y1 141
1607253016232677253 : Checking image 2 crop x2 2261
1607253016232714353 : Checking image 2 crop y2 3345
1607253016271256356 : Checking image 1 dpi 300
1607253016271367156 : Checking image 1 border top 134
1607253016271404557 : Checking image 1 border bottom 149
1607253016271439357 : Checking image 1 border left 175
1607253016271473057 : Checking image 1 border right 175
1607253016273556268 : Checking image 2 dpi 300
1607253016273634268 : Checking image 2 border top 129
1607253016273669869 : Checking image 2 border bottom 154
1607253016273703169 : Checking image 2 border left 167
1607253016273735969 : Checking image 2 border right 167

</system-out><system-err>--------------------------------- Captured Err ---------------------------------

</system-err></testcase><testcase classname="tests.test_images" name="test_wrong_angle_split_line_png" time="70.038"><system-out>--------------------------------- Captured Log ---------------------------------

--------------------------------- Captured Out ---------------------------------
/home/runner/work/ocr-book/ocr-book/tests/wrong_angle_split_line.png
1607253014189714911 : Checking separation double page angle 90.04193420006348
1607253014189812312 : Checking separation double page y=0 2477
1607253022016831848 : Checking page rotation 1 0.2
1607253030586255053 : Checking page rotation 2 0.2
1607253042926459289 : Checking image 1 crop x1 61
1607253042926588089 : Checking image 1 crop y1 7
1607253042926626889 : Checking image 1 crop x2 2475
1607253042926661590 : Checking image 1 crop y2 3500
1607253049164431165 : Checking image 2 crop x1 165
1607253049164580866 : Checking image 2 crop y1 219
1607253049164621866 : Checking image 2 crop x2 2241
1607253049164659666 : Checking image 2 crop y2 3348
1607253049342226121 : Checking image 1 dpi 300
1607253049342346522 : Checking image 1 border top 7
1607253049342386722 : Checking image 1 border bottom 7
1607253049342420422 : Checking image 1 border left 33
1607253049342454223 : Checking image 1 border right 33
1607253049349479260 : Checking image 2 dpi 300
1607253049349588561 : Checking image 2 border top 207
1607253049349623461 : Checking image 2 border bottom 151
1607253049349657061 : Checking image 2 border left 192
1607253049349690261 : Checking image 2 border right 192

</system-out><system-err>--------------------------------- Captured Err ---------------------------------

</system-err></testcase><testcase classname="tests.test_images" name="test_crop_too_much_2_png" time="84.231"><system-out>--------------------------------- Captured Log ---------------------------------

--------------------------------- Captured Out ---------------------------------
/home/runner/work/ocr-book/ocr-book/tests/crop_too_much_2.png
1607253063861166535 : Checking separation double page angle 90.2021118646249
1607253063861266836 : Checking separation double page y=0 2477
1607253076488132664 : Checking page rotation 1 0.2
1607253089196544710 : Checking page rotation 2 0.2
1607253094081852805 : Checking image 1 crop x1 332
1607253094081994005 : Checking image 1 crop y1 131
1607253094082033806 : Checking image 1 crop x2 2342
1607253094082070406 : Checking image 1 crop y2 3336
1607253100409400237 : Checking image 2 crop x1 168
1607253100409537038 : Checking image 2 crop y1 139
1607253100409576938 : Checking image 2 crop x2 2181
1607253100409614838 : Checking image 2 crop y2 3345
1607253100465523547 : Checking image 1 dpi 300
1607253100465643048 : Checking image 1 border top 118
1607253100465681548 : Checking image 1 border bottom 164
1607253100465716248 : Checking image 1 border left 225
1607253100465750249 : Checking image 1 border right 225
1607253100467859060 : Checking image 2 dpi 300
1607253100467946261 : Checking image 2 border top 127
1607253100467981361 : Checking image 2 border bottom 154
1607253100468015161 : Checking image 2 border left 223
1607253100468048161 : Checking image 2 border right 223

</system-out><system-err>--------------------------------- Captured Err ---------------------------------

</system-err></testcase><testcase classname="tests.test_images" name="test_small_wave_png" time="70.377"><system-out>--------------------------------- Captured Log ---------------------------------

--------------------------------- Captured Out ---------------------------------
/home/runner/work/ocr-book/ocr-book/tests/small_wave.png
1607253094194460425 : Checking separation double page angle 90.61316928841566
1607253094194559326 : Checking separation double page y=0 2495
1607253104177679591 : Checking page rotation 1 0.7000000000000001
1607253114182072839 : Checking page rotation 2 0.7000000000000001
1607253117172188591 : Checking image 1 crop x1 322
1607253117172323692 : Checking image 1 crop y1 199
1607253117172363592 : Checking image 1 crop x2 2351
1607253117172398992 : Checking image 1 crop y2 3394
1607253120439565813 : Checking image 2 crop x1 135
1607253120439695614 : Checking image 2 crop y1 223
1607253120439735414 : Checking image 2 crop x2 2164
1607253120439772814 : Checking image 2 crop y2 3419
1607253120482955055 : Checking image 1 dpi 300
1607253120483070656 : Checking image 1 border top 178
1607253120483109056 : Checking image 1 border bottom 114
1607253120483144256 : Checking image 1 border left 215
1607253120483177756 : Checking image 1 border right 215
1607253120485238168 : Checking image 2 dpi 300
1607253120485323968 : Checking image 2 border top 196
1607253120485359268 : Checking image 2 border bottom 95
1607253120485397169 : Checking image 2 border left 215
1607253120485430769 : Checking image 2 border right 215

</system-out><system-err>--------------------------------- Captured Err ---------------------------------

</system-err></testcase><testcase classname="tests.test_images" name="test_wrong_split_line_2_png" time="104.387"><system-out>--------------------------------- Captured Log ---------------------------------

--------------------------------- Captured Out ---------------------------------
/home/runner/work/ocr-book/ocr-book/tests/wrong_split_line_2.png
1607253159662674530 : Checking separation double page angle 90.3838786217729
1607253159662809531 : Checking separation double page y=0 2442
1607253171278637748 : Checking page rotation 1 0.05
1607253183193956952 : Checking page rotation 2 0.4
1607253191864534312 : Checking image 1 crop x1 294
1607253191864666112 : Checking image 1 crop y1 137
1607253191864702513 : Checking image 1 crop x2 2326
1607253191864735613 : Checking image 1 crop y2 3375
1607253204823676295 : Checking image 2 crop x1 146
1607253204823809696 : Checking image 2 crop y1 192
1607253204823848996 : Checking image 2 crop x2 2173
1607253204823886096 : Checking image 2 crop y2 3386
1607253204874643189 : Checking image 1 dpi 300
1607253204874760489 : Checking image 1 border top 124
1607253204874799090 : Checking image 1 border bottom 124
1607253204874832890 : Checking image 1 border left 214
1607253204874866190 : Checking image 1 border right 214
1607253204876961702 : Checking image 2 dpi 300
1607253204877046503 : Checking image 2 border top 185
1607253204877081903 : Checking image 2 border bottom 108
1607253204877115003 : Checking image 2 border left 216
1607253204877147903 : Checking image 2 border right 216

</system-out><system-err>--------------------------------- Captured Err ---------------------------------

</system-err></testcase><testcase classname="tests.test_images" name="test_wrong_split_line_3_png" time="64.079"><system-out>--------------------------------- Captured Log ---------------------------------

--------------------------------- Captured Out ---------------------------------
/home/runner/work/ocr-book/ocr-book/tests/wrong_split_line_3.png
1607253160396180790 : Checking separation double page angle 90.43729500214693
1607253160396275091 : Checking separation double page y=0 2498
1607253170613364559 : Checking page rotation 1 0.30000000000000004
1607253178251814412 : Checking page rotation 2 0.9
1607253181475885629 : Checking image 1 crop x1 331
1607253181476018330 : Checking image 1 crop y1 165
1607253181476058030 : Checking image 1 crop x2 2375
1607253181476092930 : Checking image 1 crop y2 3376
1607253184544714379 : Checking image 2 crop x1 102
1607253184544848580 : Checking image 2 crop y1 208
1607253184544887980 : Checking image 2 crop x2 2133
1607253184544925180 : Checking image 2 crop y2 3413
1607253184585351111 : Checking image 1 dpi 300
1607253184585463112 : Checking image 1 border top 148
1607253184585500912 : Checking image 1 border bottom 128
1607253184585535112 : Checking image 1 border left 208
1607253184585568613 : Checking image 1 border right 208
1607253184587570324 : Checking image 2 dpi 300
1607253184587654225 : Checking image 2 border top 191
1607253184587689425 : Checking image 2 border bottom 91
1607253184587722625 : Checking image 2 border left 214
1607253184587755425 : Checking image 2 border right 214

</system-out><system-err>--------------------------------- Captured Err ---------------------------------

</system-err></testcase><testcase classname="tests.test_images" name="test_no_split_line_line_algo_png" time="55.626"><system-out>--------------------------------- Captured Log ---------------------------------

--------------------------------- Captured Out ---------------------------------
/home/runner/work/ocr-book/ocr-book/tests/no_split_line_line_algo.png
1607253217707683644 : Checking separation double page angle 89.47691469185418
1607253217707781345 : Checking separation double page y=0 2476
1607253223138761370 : Checking page rotation 1 -0.14999999999999147
1607253233214988703 : Checking page rotation 2 -0.44999999999998863
1607253235940758738 : Checking image 1 crop x1 205
1607253235940891739 : Checking image 1 crop y1 158
1607253235940933039 : Checking image 1 crop x2 2320
1607253235940970640 : Checking image 1 crop y2 3366
1607253240174612258 : Checking image 2 crop x1 185
1607253240174743759 : Checking image 2 crop y1 221
1607253240174782859 : Checking image 2 crop x2 2201
1607253240174820159 : Checking image 2 crop y2 3366
1607253240220443625 : Checking image 1 dpi 300
1607253240220555425 : Checking image 1 border top 141
1607253240220590525 : Checking image 1 border bottom 138
1607253240220622826 : Checking image 1 border left 172
1607253240220654226 : Checking image 1 border right 172
1607253240222678538 : Checking image 2 dpi 300
1607253240222758138 : Checking image 2 border top 215
1607253240222793038 : Checking image 2 border bottom 127
1607253240222826138 : Checking image 2 border left 222
1607253240222859439 : Checking image 2 border right 222

</system-out><system-err>--------------------------------- Captured Err ---------------------------------

</system-err></testcase><testcase classname="tests.test_images" name="test_wrong_wave_split_line_png" time="95.783"><system-out>--------------------------------- Captured Log ---------------------------------

--------------------------------- Captured Out ---------------------------------
/home/runner/work/ocr-book/ocr-book/tests/wrong_wave_split_line.png
1607253253812881750 : Checking separation double page angle 90.5287860410772
1607253253812975351 : Checking separation double page y=0 2502
1607253263466920587 : Checking page rotation 1 -0.14999999999999147
1607253272725440035 : Checking page rotation 2 0.8500000000000001
1607253283857428316 : Checking image 1 crop x1 385
1607253283857569116 : Checking image 1 crop y1 179
1607253283857609617 : Checking image 1 crop x2 2411
1607253283857645617 : Checking image 1 crop y2 3374
1607253300604603679 : Checking image 2 crop x1 27
1607253300604737580 : Checking image 2 crop y1 1
1607253300604779080 : Checking image 2 crop x2 2489
1607253300604816480 : Checking image 2 crop y2 3505
1607253300662477020 : Checking image 1 dpi 300
1607253300662591921 : Checking image 1 border top 169
1607253300662629821 : Checking image 1 border bottom 123
1607253300662663721 : Checking image 1 border left 217
1607253300662697322 : Checking image 1 border right 217
1607253300664803734 : Checking image 2 dpi 300
1607253300664895935 : Checking image 2 border top 2
1607253300664934835 : Checking image 2 border bottom 2
1607253300664968235 : Checking image 2 border left 9
1607253300665004635 : Checking image 2 border right 9

</system-out><system-err>--------------------------------- Captured Err ---------------------------------

</system-err></testcase><testcase classname="tests.test_images" name="test_failed_split_line_line_algo_png" time="27.047"><system-out>--------------------------------- Captured Log ---------------------------------

--------------------------------- Captured Out ---------------------------------
/home/runner/work/ocr-book/ocr-book/tests/failed_split_line_line_algo.png
1607253257113162428 : Checking separation double page angle 90.01634220573249
1607253257113255929 : Checking separation double page y=0 2575
1607253260634944017 : Checking page rotation 1 -0.14999999999999147
1607253262920045486 : Checking page rotation 2 0.0
1607253265730363338 : Checking image 1 crop x1 407
1607253265730500639 : Checking image 1 crop y1 2925
1607253265730540539 : Checking image 1 crop x2 2419
1607253265730576339 : Checking image 1 crop y2 3174
1607253267304915060 : Checking image 2 crop x1 1184
1607253267305036761 : Checking image 2 crop y1 1744
1607253267305073161 : Checking image 2 crop x2 1185
1607253267305105561 : Checking image 2 crop y2 1745
1607253267305379163 : Checking image 1 dpi 300
1607253267305463263 : Checking image 1 border top 2917
1607253267305498264 : Checking image 1 border bottom 321
1607253267305532264 : Checking image 1 border left 224
1607253267305566064 : Checking image 1 border right 224
1607253267306831371 : Checking image 2 dpi 300
1607253267306907872 : Checking image 2 border top 1752
1607253267306942672 : Checking image 2 border bottom 1753
1607253267306975672 : Checking image 2 border left 1239
1607253267307008872 : Checking image 2 border right 1239

</system-out><system-err>--------------------------------- Captured Err ---------------------------------

</system-err></testcase><testcase classname="tests.test_images" name="test_crop_too_much_3_png" time="72.310"><system-out>--------------------------------- Captured Log ---------------------------------

--------------------------------- Captured Out ---------------------------------
/home/runner/work/ocr-book/ocr-book/tests/crop_too_much_3.png
1607253309181310942 : Checking separation double page angle 89.55580634783144
1607253309181412942 : Checking separation double page y=0 2499
1607253317920535454 : Checking page rotation 1 -0.9499999999999886
1607253330220108682 : Checking page rotation 2 -0.14999999999999147
1607253334761809253 : Checking image 1 crop x1 373
1607253334761943754 : Checking image 1 crop y1 258
1607253334761983354 : Checking image 1 crop x2 2386
1607253334762018354 : Checking image 1 crop y2 3458
1607253339532326007 : Checking image 2 crop x1 167
1607253339532459708 : Checking image 2 crop y1 228
1607253339532499608 : Checking image 2 crop x2 2180
1607253339532537008 : Checking image 2 crop y2 3417
1607253339582617106 : Checking image 1 dpi 300
1607253339582734407 : Checking image 1 border top 239
1607253339582772407 : Checking image 1 border bottom 48
1607253339582807707 : Checking image 1 border left 223
1607253339582841308 : Checking image 1 border right 223
1607253339584850820 : Checking image 2 dpi 300
1607253339584933920 : Checking image 2 border top 207
1607253339584969520 : Checking image 2 border bottom 91
1607253339585003620 : Checking image 2 border left 223
1607253339585037221 : Checking image 2 border right 223

</system-out><system-err>--------------------------------- Captured Err ---------------------------------

</system-err></testcase><testcase classname="tests.test_images" name="test_failed_split_line_line_algo_2_png" time="74.120"><system-out>--------------------------------- Captured Log ---------------------------------

--------------------------------- Captured Out ---------------------------------
/home/runner/work/ocr-book/ocr-book/tests/failed_split_line_line_algo_2.png
1607253347129592911 : Checking separation double page angle 89.9913422057325
1607253347129692312 : Checking separation double page y=0 2498
1607253358698737061 : Checking page rotation 1 0.0
1607253368190456728 : Checking page rotation 2 0.6000000000000001
1607253371435678722 : Checking image 1 crop x1 272
1607253371435819723 : Checking image 1 crop y1 149
1607253371435859223 : Checking image 1 crop x2 2383
1607253371435894523 : Checking image 1 crop y2 3353
1607253374753516860 : Checking image 2 crop x1 107
1607253374753656661 : Checking image 2 crop y1 155
1607253374753696661 : Checking image 2 crop x2 2230
1607253374753735161 : Checking image 2 crop y2 3350
1607253374798670330 : Checking image 1 dpi 300
1607253374798791131 : Checking image 1 border top 139
1607253374798829331 : Checking image 1 border bottom 144
1607253374798863131 : Checking image 1 border left 174
1607253374798896232 : Checking image 1 border right 174
1607253374800937544 : Checking image 2 dpi 300
1607253374801025444 : Checking image 2 border top 136
1607253374801060645 : Checking image 2 border bottom 156
1607253374801094345 : Checking image 2 border left 168
1607253374801127545 : Checking image 2 border right 168

</system-out><system-err>--------------------------------- Captured Err ---------------------------------

</system-err></testcase><testcase classname="tests.test_images" name="test_wrong_wave_split_line_2_png" time="72.349"><system-out>--------------------------------- Captured Log ---------------------------------

--------------------------------- Captured Out ---------------------------------
/home/runner/work/ocr-book/ocr-book/tests/wrong_wave_split_line_2.png
1607253385871592510 : Checking separation double page angle 90.7708958311329
1607253385871694011 : Checking separation double page y=0 2490
1607253395100183933 : Checking page rotation 1 0.4
1607253405204592289 : Checking page rotation 2 1.8
1607253408478972563 : Checking image 1 crop x1 224
1607253408479103964 : Checking image 1 crop y1 147
1607253408479143164 : Checking image 1 crop x2 2337
1607253408479180164 : Checking image 1 crop y2 3355
1607253411882037819 : Checking image 2 crop x1 107
1607253411882167220 : Checking image 2 crop y1 197
1607253411882206720 : Checking image 2 crop x2 2229
1607253411882244321 : Checking image 2 crop y2 3396
1607253411933596029 : Checking image 1 dpi 300
1607253411933708230 : Checking image 1 border top 133
1607253411933745830 : Checking image 1 border bottom 146
1607253411933780330 : Checking image 1 border left 173
1607253411933813831 : Checking image 1 border right 173
1607253411935954243 : Checking image 2 dpi 300
1607253411936038644 : Checking image 2 border top 167
1607253411936073444 : Checking image 2 border bottom 121
1607253411936106544 : Checking image 2 border left 169
1607253411936139545 : Checking image 2 border right 169

</system-out><system-err>--------------------------------- Captured Err ---------------------------------

</system-err></testcase><testcase classname="tests.test_images" name="test_wrong_wave_split_line_3_png" time="66.322"><system-out>--------------------------------- Captured Log ---------------------------------

--------------------------------- Captured Out ---------------------------------
/home/runner/work/ocr-book/ocr-book/tests/wrong_wave_split_line_3.png
1607253417299962406 : Checking separation double page angle 90.0586735161512
1607253417300059306 : Checking separation double page y=0 2510
1607253427008072453 : Checking page rotation 1 0.1
1607253434625986465 : Checking page rotation 2 0.35000000000000003
1607253437909521968 : Checking image 1 crop x1 272
1607253437909660269 : Checking image 1 crop y1 219
1607253437909700269 : Checking image 1 crop x2 2383
1607253437909736469 : Checking image 1 crop y2 3423
1607253441083338816 : Checking image 2 crop x1 119
1607253441083482617 : Checking image 2 crop y1 226
1607253441083522317 : Checking image 2 crop x2 2240
1607253441083560118 : Checking image 2 crop y2 3413
1607253441126201175 : Checking image 1 dpi 300
1607253441126325876 : Checking image 1 border top 202
1607253441126364176 : Checking image 1 border bottom 81
1607253441126399076 : Checking image 1 border left 174
1607253441126432376 : Checking image 1 border right 174
1607253441128511089 : Checking image 2 dpi 300
1607253441128594389 : Checking image 2 border top 203
1607253441128629690 : Checking image 2 border bottom 97
1607253441128663090 : Checking image 2 border left 169
1607253441128695790 : Checking image 2 border right 169

</system-out><system-err>--------------------------------- Captured Err ---------------------------------

</system-err></testcase><testcase classname="tests.test_images" name="test_no_split_line_wave_algo_png" time="65.938"><system-out>--------------------------------- Captured Log ---------------------------------

--------------------------------- Captured Out ---------------------------------
/home/runner/work/ocr-book/ocr-book/tests/no_split_line_wave_algo.png
1607253443803509433 : Checking separation double page angle 89.93575909193099
1607253443803606234 : Checking separation double page y=0 2482
1607253450294970632 : Checking page rotation 1 0.0
1607253459313125536 : Checking page rotation 2 -0.5499999999999972
1607253469150092350 : Checking image 1 crop x1 97
1607253469150174950 : Checking image 1 crop y1 77
1607253469150212650 : Checking image 1 crop x2 2483
1607253469150248050 : Checking image 1 crop y2 3505
1607253477788993566 : Checking image 2 crop x1 164
1607253477789127866 : Checking image 2 crop y1 266
1607253477789169067 : Checking image 2 crop x2 2241
1607253477789204967 : Checking image 2 crop y2 3382
1607253477833559536 : Checking image 1 dpi 300
1607253477833677736 : Checking image 1 border top 40
1607253477833715236 : Checking image 1 border bottom 40
1607253477833748537 : Checking image 1 border left 47
1607253477833781737 : Checking image 1 border right 47
1607253477835998150 : Checking image 2 dpi 300
1607253477836090751 : Checking image 2 border top 254
1607253477836125751 : Checking image 2 border bottom 117
1607253477836158751 : Checking image 2 border left 191
1607253477836191551 : Checking image 2 border right 191

</system-out><system-err>--------------------------------- Captured Err ---------------------------------

</system-err></testcase><testcase classname="tests.test_images" name="test_no_split_line_wave_algo_2_png" time="57.222"><system-out>--------------------------------- Captured Log ---------------------------------

--------------------------------- Captured Out ---------------------------------
/home/runner/work/ocr-book/ocr-book/tests/no_split_line_wave_algo_2.png
1607253475829016492 : Checking separation double page angle 91.21822795596304
1607253475829119593 : Checking separation double page y=0 2488
1607253483840648441 : Checking page rotation 1 1.1
1607253492275468295 : Checking page rotation 2 0.2
1607253495504506690 : Checking image 1 crop x1 266
1607253495504642690 : Checking image 1 crop y1 210
1607253495504682291 : Checking image 1 crop x2 2342
1607253495504717791 : Checking image 1 crop y2 3413
1607253498307665304 : Checking image 2 crop x1 199
1607253498307801205 : Checking image 2 crop y1 241
1607253498307840905 : Checking image 2 crop x2 2282
1607253498307878706 : Checking image 2 crop y2 3433
1607253498349667059 : Checking image 1 dpi 300
1607253498349780960 : Checking image 1 border top 194
1607253498349819360 : Checking image 1 border bottom 90
1607253498349854360 : Checking image 1 border left 192
1607253498349888361 : Checking image 1 border right 192
1607253498352926879 : Checking image 2 dpi 300
1607253498353019980 : Checking image 2 border top 226
1607253498353055580 : Checking image 2 border bottom 69
1607253498353089080 : Checking image 2 border left 188
1607253498353122580 : Checking image 2 border right 188

</system-out><system-err>--------------------------------- Captured Err ---------------------------------

</system-err></testcase><testcase classname="tests.test_images" name="test_crop_too_few_2_png" time="52.907"><system-out>--------------------------------- Captured Log ---------------------------------

--------------------------------- Captured Out ---------------------------------
/home/runner/work/ocr-book/ocr-book/tests/crop_too_few_2.png
1607253510564961556 : Checking separation double page angle 90.25476192320097
1607253510565059456 : Checking separation double page y=0 2531
1607253518081018649 : Checking page rotation 1 1.2000000000000002
1607253524592628959 : Checking page rotation 2 -0.09999999999999432
1607253527887105408 : Checking image 1 crop x1 287
1607253527887278909 : Checking image 1 crop y1 165
1607253527887321409 : Checking image 1 crop x2 2398
1607253527887357110 : Checking image 1 crop y2 3368
1607253530766534736 : Checking image 2 crop x1 145
1607253530766669236 : Checking image 2 crop y1 175
1607253530766709537 : Checking image 2 crop x2 2271
1607253530766747437 : Checking image 2 crop y2 3373
1607253530806086576 : Checking image 1 dpi 300
1607253530806210277 : Checking image 1 border top 139
1607253530806248477 : Checking image 1 border bottom 145
1607253530806282677 : Checking image 1 border left 174
1607253530806316278 : Checking image 1 border right 174
1607253530808098589 : Checking image 2 dpi 300
1607253530808182789 : Checking image 2 border top 180
1607253530808218189 : Checking image 2 border bottom 109
1607253530808251489 : Checking image 2 border left 167
1607253530808284990 : Checking image 2 border right 167

</system-out><system-err>--------------------------------- Captured Err ---------------------------------

</system-err></testcase><testcase classname="tests.test_images" name="test_failed_detect_rectangle_png" time="72.145"><system-out>--------------------------------- Captured Log ---------------------------------

--------------------------------- Captured Out ---------------------------------
/home/runner/work/ocr-book/ocr-book/tests/failed_detect_rectangle.png
1607253543563228880 : Checking separation double page angle 90.19837516213147
1607253543563354381 : Checking separation double page y=0 2471
1607253552749013879 : Checking page rotation 1 0.2
1607253563711737560 : Checking page rotation 2 0.2
1607253566896846402 : Checking image 1 crop x1 257
1607253566896988903 : Checking image 1 crop y1 201
1607253566897029103 : Checking image 1 crop x2 2333
1607253566897065004 : Checking image 1 crop y2 3402
1607253570440779939 : Checking image 2 crop x1 139
1607253570440920440 : Checking image 2 crop y1 215
1607253570440960441 : Checking image 2 crop x2 2222
1607253570440997941 : Checking image 2 crop y2 3406
1607253570491275648 : Checking image 1 dpi 300
1607253570491394448 : Checking image 1 border top 188
1607253570491432949 : Checking image 1 border bottom 98
1607253570491466649 : Checking image 1 border left 192
1607253570491500249 : Checking image 1 border right 192
1607253570494070865 : Checking image 2 dpi 300
1607253570494151865 : Checking image 2 border top 200
1607253570494186766 : Checking image 2 border bottom 95
1607253570494220066 : Checking image 2 border left 188
1607253570494253066 : Checking image 2 border right 188

</system-out><system-err>--------------------------------- Captured Err ---------------------------------

</system-err></testcase></testsuite></testsuites>