<?xml version="1.0" encoding="utf-8"?><testsuites><testsuite name="pytest" errors="0" failures="0" skipped="0" tests="21" time="500.810" timestamp="2020-11-28T18:25:04.648357" hostname="fv-az92-153"><testcase classname="tests.test_features" name="test_disabled_enable_debug" time="34.123"><system-out>--------------------------------- Captured Log ---------------------------------

--------------------------------- Captured Out ---------------------------------
/home/runner/work/ocr-book/ocr-book/tests/0001_debug.png
separation double page angle 90.59083152867777
separation double page y=0 2488
page rotation 1 0.7000000000000001
page rotation 2 0.2
image 1 crop x1 330
image 1 crop y1 335
image 1 crop x2 2343
image 1 crop y2 3223
image 2 crop x1 169
image 2 crop y1 648
image 2 crop x2 2186
image 2 crop y2 3361
image 1 dpi 300
image 1 border top 339
image 1 border bottom 260
image 1 border left 223
image 1 border right 223
image 2 dpi 300
image 2 border top 646
image 2 border bottom 128
image 2 border left 221
image 2 border right 221

</system-out><system-err>--------------------------------- Captured Err ---------------------------------

</system-err></testcase><testcase classname="tests.test_features" name="test_mock_stop_at_0" time="0.045"><system-out>--------------------------------- Captured Log ---------------------------------

--------------------------------- Captured Out ---------------------------------
/home/runner/work/ocr-book/ocr-book/tests/0001_0.png

</system-out><system-err>--------------------------------- Captured Err ---------------------------------

</system-err></testcase><testcase classname="tests.test_features" name="test_mock_stop_at_2" time="42.303"><system-out>--------------------------------- Captured Log ---------------------------------

--------------------------------- Captured Out ---------------------------------
/home/runner/work/ocr-book/ocr-book/tests/0001_2.png
separation double page angle 90.59083152867777
separation double page y=0 2488
page rotation 1 0.7000000000000001
page rotation 2 0.2

</system-out><system-err>--------------------------------- Captured Err ---------------------------------

</system-err></testcase><testcase classname="tests.test_features" name="test_mock_stop_at_1" time="25.681"><system-out>--------------------------------- Captured Log ---------------------------------

--------------------------------- Captured Out ---------------------------------
/home/runner/work/ocr-book/ocr-book/tests/0001_1.png
separation double page angle 90.59083152867777
separation double page y=0 2488

</system-out><system-err>--------------------------------- Captured Err ---------------------------------

</system-err></testcase><testcase classname="tests.test_features" name="test_mock_stop_at_4" time="45.194"><system-out>--------------------------------- Captured Log ---------------------------------

--------------------------------- Captured Out ---------------------------------
/home/runner/work/ocr-book/ocr-book/tests/0001_4.png
separation double page angle 90.59083152867777
separation double page y=0 2488
page rotation 1 0.7000000000000001
page rotation 2 0.2
image 1 crop x1 330
image 1 crop y1 335
image 1 crop x2 2343
image 1 crop y2 3223
image 2 crop x1 169
image 2 crop y1 648
image 2 crop x2 2186
image 2 crop y2 3361
image 1 dpi 300
image 1 border top 339
image 1 border bottom 260
image 1 border left 223
image 1 border right 223
image 2 dpi 300
image 2 border top 646
image 2 border bottom 128
image 2 border left 221
image 2 border right 221

</system-out><system-err>--------------------------------- Captured Err ---------------------------------

</system-err></testcase><testcase classname="tests.test_features" name="test_mock_stop_at_3" time="44.013"><system-out>--------------------------------- Captured Log ---------------------------------

--------------------------------- Captured Out ---------------------------------
/home/runner/work/ocr-book/ocr-book/tests/0001_3.png
separation double page angle 90.59083152867777
separation double page y=0 2488
page rotation 1 0.7000000000000001
page rotation 2 0.2
image 1 crop x1 330
image 1 crop y1 335
image 1 crop x2 2343
image 1 crop y2 3223
image 2 crop x1 169
image 2 crop y1 648
image 2 crop x2 2186
image 2 crop y2 3361

</system-out><system-err>--------------------------------- Captured Err ---------------------------------

</system-err></testcase><testcase classname="tests.test_features" name="test_mock_stop_at_5" time="43.123"><system-out>--------------------------------- Captured Log ---------------------------------

--------------------------------- Captured Out ---------------------------------
/home/runner/work/ocr-book/ocr-book/tests/0001_5.png
separation double page angle 90.59083152867777
separation double page y=0 2488
page rotation 1 0.7000000000000001
page rotation 2 0.2
image 1 crop x1 330
image 1 crop y1 335
image 1 crop x2 2343
image 1 crop y2 3223
image 2 crop x1 169
image 2 crop y1 648
image 2 crop x2 2186
image 2 crop y2 3361
image 1 dpi 300
image 1 border top 339
image 1 border bottom 260
image 1 border left 223
image 1 border right 223
image 2 dpi 300
image 2 border top 646
image 2 border bottom 128
image 2 border left 221
image 2 border right 221

</system-out><system-err>--------------------------------- Captured Err ---------------------------------

</system-err></testcase><testcase classname="tests.test_images" name="test_2_pages_2_contours_png" time="26.691"><system-out>--------------------------------- Captured Log ---------------------------------

--------------------------------- Captured Out ---------------------------------
/home/runner/work/ocr-book/ocr-book/tests/2-pages-2-contours.png
1606588025123561126 : Checking separation double page angle 90.11678529194918
1606588025123637526 : Checking separation double page y=0 2489
1606588027123482163 : Checking page rotation 1 0.05
1606588033696534959 : Checking page rotation 2 0.35000000000000003
1606588034454908666 : Checking image 1 crop x1 1190
1606588034454974266 : Checking image 1 crop y1 1733
1606588034455005666 : Checking image 1 crop x2 1191
1606588034455035866 : Checking image 1 crop y2 1734
1606588036015857369 : Checking image 2 crop x1 100
1606588036015936669 : Checking image 2 crop y1 240
1606588036015974669 : Checking image 2 crop x2 2147
1606588036016010569 : Checking image 2 crop y2 3239
1606588036046167612 : Checking image 1 dpi 300
1606588036046259012 : Checking image 1 border top 1752
1606588036046292513 : Checking image 1 border bottom 1753
1606588036046324113 : Checking image 1 border left 1239
1606588036046354313 : Checking image 1 border right 1239
1606588036047661719 : Checking image 2 dpi 300
1606588036047740919 : Checking image 2 border top 231
1606588036047771720 : Checking image 2 border bottom 257
1606588036047802720 : Checking image 2 border left 206
1606588036047832720 : Checking image 2 border right 206

</system-out><system-err>--------------------------------- Captured Err ---------------------------------

</system-err></testcase><testcase classname="tests.test_images" name="test_black_border_not_removed_png" time="51.644"><system-out>--------------------------------- Captured Log ---------------------------------

--------------------------------- Captured Out ---------------------------------
/home/runner/work/ocr-book/ocr-book/tests/black-border-not-removed.png
1606588066661787122 : Checking separation double page angle 90.03349577798832
1606588066661862023 : Checking separation double page y=0 2458
1606588073787914430 : Checking page rotation 1 0.0
1606588083636635117 : Checking page rotation 2 0.0
1606588085410151639 : Checking image 1 crop x1 297
1606588085410234939 : Checking image 1 crop y1 143
1606588085410273639 : Checking image 1 crop x2 2309
1606588085410310640 : Checking image 1 crop y2 3346
1606588087652285248 : Checking image 2 crop x1 156
1606588087652358349 : Checking image 2 crop y1 145
1606588087652396049 : Checking image 2 crop x2 2168
1606588087652431849 : Checking image 2 crop y2 3352
1606588087685062388 : Checking image 1 dpi 300
1606588087685160589 : Checking image 1 border top 130
1606588087685194189 : Checking image 1 border bottom 154
1606588087685225089 : Checking image 1 border left 224
1606588087685254989 : Checking image 1 border right 224
1606588087687542999 : Checking image 2 dpi 300
1606588087687622999 : Checking image 2 border top 139
1606588087687654500 : Checking image 2 border bottom 141
1606588087687685000 : Checking image 2 border left 224
1606588087687715100 : Checking image 2 border right 224

</system-out><system-err>--------------------------------- Captured Err ---------------------------------

</system-err></testcase><testcase classname="tests.test_images" name="test_0001_png" time="44.106"><system-out>--------------------------------- Captured Log ---------------------------------

--------------------------------- Captured Out ---------------------------------
/home/runner/work/ocr-book/ocr-book/tests/0001.png
1606588062181852038 : Checking separation double page angle 90.59083152867777
1606588062181938339 : Checking separation double page y=0 2488
1606588068287980901 : Checking page rotation 1 0.7000000000000001
1606588076954209424 : Checking page rotation 2 0.2
1606588078569025932 : Checking image 1 crop x1 330
1606588078569103932 : Checking image 1 crop y1 335
1606588078569142233 : Checking image 1 crop x2 2343
1606588078569178033 : Checking image 1 crop y2 3223
1606588080302121635 : Checking image 2 crop x1 169
1606588080302199635 : Checking image 2 crop y1 648
1606588080302239035 : Checking image 2 crop x2 2186
1606588080302275536 : Checking image 2 crop y2 3361
1606588080333018768 : Checking image 1 dpi 300
1606588080333207369 : Checking image 1 border top 339
1606588080333258170 : Checking image 1 border bottom 260
1606588080333291370 : Checking image 1 border left 223
1606588080333322770 : Checking image 1 border right 223
1606588080335195978 : Checking image 2 dpi 300
1606588080335279978 : Checking image 2 border top 646
1606588080335313578 : Checking image 2 border bottom 128
1606588080335344479 : Checking image 2 border left 221
1606588080335374979 : Checking image 2 border right 221

</system-out><system-err>--------------------------------- Captured Err ---------------------------------

</system-err></testcase><testcase classname="tests.test_images" name="test_image_failed_to_crop_data_png" time="48.990"><system-out>--------------------------------- Captured Log ---------------------------------

--------------------------------- Captured Out ---------------------------------
/home/runner/work/ocr-book/ocr-book/tests/image_failed_to_crop_data.png
1606588106188692792 : Checking separation double page angle 89.89865840161842
1606588106188779894 : Checking separation double page y=0 2477
1606588111359011981 : Checking page rotation 1 -0.14999999999999147
1606588117186064768 : Checking page rotation 2 0.05
1606588127493033224 : Checking image 1 crop x1 43
1606588127493113325 : Checking image 1 crop y1 6
1606588127493149926 : Checking image 1 crop x2 2481
1606588127493183126 : Checking image 1 crop y2 3504
1606588129232670951 : Checking image 2 crop x1 160
1606588129232757453 : Checking image 2 crop y1 217
1606588129232795953 : Checking image 2 crop x2 2241
1606588129232833054 : Checking image 2 crop y2 3350
1606588129266122679 : Checking image 1 dpi 300
1606588129266216481 : Checking image 1 border top 5
1606588129266250881 : Checking image 1 border bottom 5
1606588129266282382 : Checking image 1 border left 21
1606588129266313082 : Checking image 1 border right 21
1606588129268267613 : Checking image 2 dpi 300
1606588129268350514 : Checking image 2 border top 224
1606588129268383115 : Checking image 2 border bottom 130
1606588129268413715 : Checking image 2 border left 189
1606588129268444716 : Checking image 2 border right 189

</system-out><system-err>--------------------------------- Captured Err ---------------------------------

</system-err></testcase><testcase classname="tests.test_images" name="test_image_failed_to_rotate_png" time="50.068"><system-out>--------------------------------- Captured Log ---------------------------------

--------------------------------- Captured Out ---------------------------------
/home/runner/work/ocr-book/ocr-book/tests/image_failed_to_rotate.png
1606588112477883642 : Checking separation double page angle 90.18772783206224
1606588112477956743 : Checking separation double page y=0 2482
1606588117358180560 : Checking page rotation 1 0.35000000000000003
1606588125251487067 : Checking page rotation 2 0.45
1606588135586805800 : Checking image 1 crop x1 34
1606588135586889101 : Checking image 1 crop y1 1
1606588135586923602 : Checking image 1 crop x2 2480
1606588135586956202 : Checking image 1 crop y2 3500
1606588137619190557 : Checking image 2 crop x1 168
1606588137619270558 : Checking image 2 crop y1 234
1606588137619308259 : Checking image 2 crop x2 2247
1606588137619344659 : Checking image 2 crop y2 3355
1606588137657452137 : Checking image 1 dpi 300
1606588137657549639 : Checking image 1 border top 4
1606588137657582939 : Checking image 1 border bottom 4
1606588137657613440 : Checking image 1 border left 17
1606588137657643940 : Checking image 1 border right 17
1606588137660030876 : Checking image 2 dpi 300
1606588137660115678 : Checking image 2 border top 220
1606588137660148278 : Checking image 2 border bottom 146
1606588137660179379 : Checking image 2 border left 190
1606588137660210679 : Checking image 2 border right 190

</system-out><system-err>--------------------------------- Captured Err ---------------------------------

</system-err></testcase><testcase classname="tests.test_images" name="test_wrong_angle_split_line_png" time="56.665"><system-out>--------------------------------- Captured Log ---------------------------------

--------------------------------- Captured Out ---------------------------------
/home/runner/work/ocr-book/ocr-book/tests/wrong_angle_split_line.png
1606588157409269820 : Checking separation double page angle 90.00846714570578
1606588157409349921 : Checking separation double page y=0 2478
1606588164186887496 : Checking page rotation 1 0.1
1606588171985462637 : Checking page rotation 2 0.2
1606588182648008480 : Checking image 1 crop x1 58
1606588182648091381 : Checking image 1 crop y1 6
1606588182648127181 : Checking image 1 crop x2 2476
1606588182648160682 : Checking image 1 crop y2 3501
1606588185193428596 : Checking image 2 crop x1 162
1606588185193505997 : Checking image 2 crop y1 219
1606588185193543897 : Checking image 2 crop x2 2238
1606588185193579798 : Checking image 2 crop y2 3348
1606588185341875598 : Checking image 1 dpi 300
1606588185341974099 : Checking image 1 border top 6
1606588185342010700 : Checking image 1 border bottom 6
1606588185342041500 : Checking image 1 border left 31
1606588185342072400 : Checking image 1 border right 31
1606588185348067973 : Checking image 2 dpi 300
1606588185348179775 : Checking image 2 border top 211
1606588185348212275 : Checking image 2 border bottom 147
1606588185348243475 : Checking image 2 border left 192
1606588185348274776 : Checking image 2 border right 192

</system-out><system-err>--------------------------------- Captured Err ---------------------------------

</system-err></testcase><testcase classname="tests.test_images" name="test_angle_page_lower_split_line_png" time="49.016"><system-out>--------------------------------- Captured Log ---------------------------------

--------------------------------- Captured Out ---------------------------------
/home/runner/work/ocr-book/ocr-book/tests/angle_page_lower_split_line.png
1606588168477615590 : Checking separation double page angle 89.73366430920049
1606588168477691791 : Checking separation double page y=0 2473
1606588177170242151 : Checking page rotation 1 -0.3999999999999915
1606588183491314625 : Checking page rotation 2 0.2
1606588185264128154 : Checking image 1 crop x1 244
1606588185264205455 : Checking image 1 crop y1 160
1606588185264243056 : Checking image 1 crop x2 2350
1606588185264278856 : Checking image 1 crop y2 3365
1606588186736264889 : Checking image 2 crop x1 151
1606588186736341290 : Checking image 2 crop y1 147
1606588186736378890 : Checking image 2 crop x2 2258
1606588186736414591 : Checking image 2 crop y2 3350
1606588186770231100 : Checking image 1 dpi 300
1606588186770320201 : Checking image 1 border top 130
1606588186770353101 : Checking image 1 border bottom 151
1606588186770383702 : Checking image 1 border left 177
1606588186770414002 : Checking image 1 border right 177
1606588186772653029 : Checking image 2 dpi 300
1606588186772731430 : Checking image 2 border top 116
1606588186772762830 : Checking image 2 border bottom 168
1606588186772793031 : Checking image 2 border left 176
1606588186772823831 : Checking image 2 border right 176

</system-out><system-err>--------------------------------- Captured Err ---------------------------------

</system-err></testcase><testcase classname="tests.test_images" name="test_wrong_split_line_png" time="37.847"><system-out>--------------------------------- Captured Log ---------------------------------

--------------------------------- Captured Out ---------------------------------
/home/runner/work/ocr-book/ocr-book/tests/wrong_split_line.png
1606588207988539976 : Checking separation double page angle 89.85731843182374
1606588207988622277 : Checking separation double page y=0 2463
1606588214190030510 : Checking page rotation 1 -0.14999999999999147
1606588221282371744 : Checking page rotation 2 0.65
1606588222563422191 : Checking image 1 crop x1 213
1606588222563499792 : Checking image 1 crop y1 157
1606588222563537892 : Checking image 1 crop x2 2323
1606588222563573893 : Checking image 1 crop y2 3362
1606588223819912922 : Checking image 2 crop x1 126
1606588223819993322 : Checking image 2 crop y1 167
1606588223820031423 : Checking image 2 crop x2 2237
1606588223820067923 : Checking image 2 crop y2 3372
1606588223852335560 : Checking image 1 dpi 300
1606588223852431961 : Checking image 1 border top 115
1606588223852466861 : Checking image 1 border bottom 167
1606588223852497962 : Checking image 1 border left 175
1606588223852528762 : Checking image 1 border right 175
1606588223854369781 : Checking image 2 dpi 300
1606588223854441082 : Checking image 2 border top 142
1606588223854472682 : Checking image 2 border bottom 140
1606588223854503183 : Checking image 2 border left 174
1606588223854533983 : Checking image 2 border right 174

</system-out><system-err>--------------------------------- Captured Err ---------------------------------

</system-err></testcase><testcase classname="tests.test_images" name="test_crop_too_much_png" time="75.262"><system-out>--------------------------------- Captured Log ---------------------------------

--------------------------------- Captured Out ---------------------------------
/home/runner/work/ocr-book/ocr-book/tests/crop_too_much.png
1606588228078513472 : Checking separation double page angle 90.1393358649891
1606588228078620773 : Checking separation double page y=0 2453
1606588242875786630 : Checking page rotation 1 0.0
1606588257034870513 : Checking page rotation 2 0.45
1606588259598554959 : Checking image 1 crop x1 303
1606588259598673260 : Checking image 1 crop y1 148
1606588259598711361 : Checking image 1 crop x2 2313
1606588259598746661 : Checking image 1 crop y2 3351
1606588261982479576 : Checking image 2 crop x1 170
1606588261982559776 : Checking image 2 crop y1 155
1606588261982628677 : Checking image 2 crop x2 2181
1606588261982664577 : Checking image 2 crop y2 3359
1606588262025207667 : Checking image 1 dpi 300
1606588262025301068 : Checking image 1 border top 131
1606588262025334168 : Checking image 1 border bottom 153
1606588262025365468 : Checking image 1 border left 225
1606588262025396269 : Checking image 1 border right 225
1606588262027712990 : Checking image 2 dpi 300
1606588262027793791 : Checking image 2 border top 139
1606588262027825491 : Checking image 2 border bottom 144
1606588262027855091 : Checking image 2 border left 224
1606588262027885491 : Checking image 2 border right 224

</system-out><system-err>--------------------------------- Captured Err ---------------------------------

</system-err></testcase><testcase classname="tests.test_images" name="test_crop_too_few_png" time="42.155"><system-out>--------------------------------- Captured Log ---------------------------------

--------------------------------- Captured Out ---------------------------------
/home/runner/work/ocr-book/ocr-book/tests/crop_too_few.png
1606588249288182347 : Checking separation double page angle 89.39384089783883
1606588249288270748 : Checking separation double page y=0 2509
1606588256562384511 : Checking page rotation 1 -0.6999999999999886
1606588263264849994 : Checking page rotation 2 0.0
1606588264669404178 : Checking image 1 crop x1 264
1606588264669485178 : Checking image 1 crop y1 151
1606588264669523979 : Checking image 1 crop x2 2376
1606588264669560079 : Checking image 1 crop y2 3357
1606588265982960187 : Checking image 2 crop x1 140
1606588265983045687 : Checking image 2 crop y1 141
1606588265983083188 : Checking image 2 crop x2 2262
1606588265983119388 : Checking image 2 crop y2 3345
1606588266013075359 : Checking image 1 dpi 300
1606588266013172160 : Checking image 1 border top 111
1606588266013207260 : Checking image 1 border bottom 170
1606588266013238661 : Checking image 1 border left 174
1606588266013269861 : Checking image 1 border right 174
1606588266015274379 : Checking image 2 dpi 300
1606588266015364580 : Checking image 2 border top 140
1606588266015397280 : Checking image 2 border bottom 143
1606588266015427880 : Checking image 2 border left 169
1606588266015458981 : Checking image 2 border right 169

</system-out><system-err>--------------------------------- Captured Err ---------------------------------

</system-err></testcase><testcase classname="tests.test_images" name="test_crop_too_much_2_png" time="74.900"><system-out>--------------------------------- Captured Log ---------------------------------

--------------------------------- Captured Out ---------------------------------
/home/runner/work/ocr-book/ocr-book/tests/crop_too_much_2.png
1606588304392575483 : Checking separation double page angle 90.18474093679988
1606588304392650683 : Checking separation double page y=0 2478
1606588316074297018 : Checking page rotation 1 0.2
1606588331391195069 : Checking page rotation 2 0.2
1606588334043514462 : Checking image 1 crop x1 332
1606588334043596563 : Checking image 1 crop y1 131
1606588334043634063 : Checking image 1 crop x2 2342
1606588334043670164 : Checking image 1 crop y2 3336
1606588336865846122 : Checking image 2 crop x1 166
1606588336865921323 : Checking image 2 crop y1 139
1606588336865959923 : Checking image 2 crop x2 2179
1606588336865996223 : Checking image 2 crop y2 3345
1606588336913574983 : Checking image 1 dpi 300
1606588336913673083 : Checking image 1 border top 116
1606588336913706984 : Checking image 1 border bottom 166
1606588336913737284 : Checking image 1 border left 225
1606588336913767284 : Checking image 1 border right 225
1606588336916094002 : Checking image 2 dpi 300
1606588336916176302 : Checking image 2 border top 133
1606588336916209303 : Checking image 2 border bottom 148
1606588336916240003 : Checking image 2 border left 223
1606588336916270003 : Checking image 2 border right 223

</system-out><system-err>--------------------------------- Captured Err ---------------------------------

</system-err></testcase><testcase classname="tests.test_images" name="test_wrong_split_line_2_png" time="80.741"><system-out>--------------------------------- Captured Log ---------------------------------

--------------------------------- Captured Out ---------------------------------
/home/runner/work/ocr-book/ocr-book/tests/wrong_split_line_2.png
1606588316292952644 : Checking separation double page angle 90.39217497633973
1606588316293026645 : Checking separation double page y=0 2442
1606588329472253589 : Checking page rotation 1 0.2
1606588340651146273 : Checking page rotation 2 0.35000000000000003
1606588343487721849 : Checking image 1 crop x1 294
1606588343487799549 : Checking image 1 crop y1 136
1606588343487837449 : Checking image 1 crop x2 2325
1606588343487872850 : Checking image 1 crop y2 3376
1606588346689949809 : Checking image 2 crop x1 146
1606588346690034610 : Checking image 2 crop y1 193
1606588346690072110 : Checking image 2 crop x2 2175
1606588346690107811 : Checking image 2 crop y2 3387
1606588346733271530 : Checking image 1 dpi 300
1606588346733371131 : Checking image 1 border top 128
1606588346733405631 : Checking image 1 border bottom 119
1606588346733437031 : Checking image 1 border left 214
1606588346733467931 : Checking image 1 border right 214
1606588346735429446 : Checking image 2 dpi 300
1606588346735510846 : Checking image 2 border top 184
1606588346735543047 : Checking image 2 border bottom 109
1606588346735573647 : Checking image 2 border left 215
1606588346735604247 : Checking image 2 border right 215

</system-out><system-err>--------------------------------- Captured Err ---------------------------------

</system-err></testcase><testcase classname="tests.test_images" name="test_small_wave_png" time="66.629"><system-out>--------------------------------- Captured Log ---------------------------------

--------------------------------- Captured Out ---------------------------------
/home/runner/work/ocr-book/ocr-book/tests/small_wave.png
1606588378277227200 : Checking separation double page angle 90.61755403259053
1606588378277308501 : Checking separation double page y=0 2495
1606588389873272971 : Checking page rotation 1 0.7000000000000001
1606588400091764137 : Checking page rotation 2 0.7000000000000001
1606588401843761561 : Checking image 1 crop x1 322
1606588401843843861 : Checking image 1 crop y1 199
1606588401843881461 : Checking image 1 crop x2 2351
1606588401843916762 : Checking image 1 crop y2 3394
1606588403515864018 : Checking image 2 crop x1 135
1606588403515942418 : Checking image 2 crop y1 223
1606588403515980019 : Checking image 2 crop x2 2164
1606588403516015719 : Checking image 2 crop y2 3419
1606588403553089968 : Checking image 1 dpi 300
1606588403553189869 : Checking image 1 border top 177
1606588403553223469 : Checking image 1 border bottom 115
1606588403553254569 : Checking image 1 border left 215
1606588403553284669 : Checking image 1 border right 215
1606588403555479184 : Checking image 2 dpi 300
1606588403555556185 : Checking image 2 border top 191
1606588403555587685 : Checking image 2 border bottom 100
1606588403555617885 : Checking image 2 border left 215
1606588403555647885 : Checking image 2 border right 215

</system-out><system-err>--------------------------------- Captured Err ---------------------------------

</system-err></testcase><testcase classname="tests.test_images" name="test_wrong_split_line_3_png" time="57.308"><system-out>--------------------------------- Captured Log ---------------------------------

--------------------------------- Captured Out ---------------------------------
/home/runner/work/ocr-book/ocr-book/tests/wrong_split_line_3.png
1606588381393045614 : Checking separation double page angle 90.4449921999043
1606588381393125514 : Checking separation double page y=0 2498
1606588392271321991 : Checking page rotation 1 0.35000000000000003
1606588400678786401 : Checking page rotation 2 0.9
1606588402502438498 : Checking image 1 crop x1 331
1606588402502518298 : Checking image 1 crop y1 164
1606588402502556499 : Checking image 1 crop x2 2375
1606588402502617899 : Checking image 1 crop y2 3377
1606588404023668532 : Checking image 2 crop x1 103
1606588404023746033 : Checking image 2 crop y1 208
1606588404023784933 : Checking image 2 crop x2 2134
1606588404023821433 : Checking image 2 crop y2 3413
1606588404057837662 : Checking image 1 dpi 300
1606588404057932463 : Checking image 1 border top 149
1606588404057965263 : Checking image 1 border bottom 125
1606588404057995963 : Checking image 1 border left 208
1606588404058026663 : Checking image 1 border right 208
1606588404060188678 : Checking image 2 dpi 300
1606588404060266578 : Checking image 2 border top 190
1606588404060298278 : Checking image 2 border bottom 92
1606588404060328679 : Checking image 2 border left 214
1606588404060358879 : Checking image 2 border right 214

</system-out><system-err>--------------------------------- Captured Err ---------------------------------

</system-err></testcase></testsuite></testsuites>