<?xml version="1.0" encoding="utf-8"?><testsuites><testsuite name="pytest" errors="0" failures="0" skipped="0" tests="36" time="1307.452" timestamp="2020-12-27T22:51:58.199171" hostname="fv-az96-831"><testcase classname="tests.test_features" name="test_mock_stop_at_0" time="0.052"><system-out>--------------------------------- Captured Log ---------------------------------

--------------------------------- Captured Out ---------------------------------
/home/runner/work/ocr-book/ocr-book/tests/0001_0.png

</system-out><system-err>--------------------------------- Captured Err ---------------------------------

</system-err></testcase><testcase classname="tests.test_features" name="test_disabled_enable_debug" time="66.071"><system-out>--------------------------------- Captured Log ---------------------------------

--------------------------------- Captured Out ---------------------------------
/home/runner/work/ocr-book/ocr-book/tests/0001_debug.png
separation double page angle 90.5528088189967
separation double page y=0 2485
page rotation 1 0.75
page rotation 2 0.2
image 1 crop x1 330
image 1 crop y1 336
image 1 crop x2 2343
image 1 crop y2 3223
image 2 crop x1 169
image 2 crop y1 648
image 2 crop x2 2186
image 2 crop y2 3361
image 1 dpi 300
image 1 border top 333
image 1 border bottom 266
image 1 border left 223
image 1 border right 223
image 2 dpi 300
image 2 border top 643
image 2 border bottom 131
image 2 border left 221
image 2 border right 221

</system-out><system-err>--------------------------------- Captured Err ---------------------------------

</system-err></testcase><testcase classname="tests.test_features" name="test_mock_stop_at_2" time="60.551"><system-out>--------------------------------- Captured Log ---------------------------------

--------------------------------- Captured Out ---------------------------------
/home/runner/work/ocr-book/ocr-book/tests/0001_2.png
separation double page angle 90.5528088189967
separation double page y=0 2485
page rotation 1 0.75
page rotation 2 0.2

</system-out><system-err>--------------------------------- Captured Err ---------------------------------

</system-err></testcase><testcase classname="tests.test_features" name="test_mock_stop_at_4" time="65.587"><system-out>--------------------------------- Captured Log ---------------------------------

--------------------------------- Captured Out ---------------------------------
/home/runner/work/ocr-book/ocr-book/tests/0001_4.png
separation double page angle 90.5528088189967
separation double page y=0 2485
page rotation 1 0.75
page rotation 2 0.2
image 1 crop x1 330
image 1 crop y1 336
image 1 crop x2 2343
image 1 crop y2 3223
image 2 crop x1 169
image 2 crop y1 648
image 2 crop x2 2186
image 2 crop y2 3361
image 1 dpi 300
image 1 border top 333
image 1 border bottom 266
image 1 border left 223
image 1 border right 223
image 2 dpi 300
image 2 border top 643
image 2 border bottom 131
image 2 border left 221
image 2 border right 221

</system-out><system-err>--------------------------------- Captured Err ---------------------------------

</system-err></testcase><testcase classname="tests.test_features" name="test_mock_stop_at_1" time="38.222"><system-out>--------------------------------- Captured Log ---------------------------------

--------------------------------- Captured Out ---------------------------------
/home/runner/work/ocr-book/ocr-book/tests/0001_1.png
separation double page angle 90.5528088189967
separation double page y=0 2485

</system-out><system-err>--------------------------------- Captured Err ---------------------------------

</system-err></testcase><testcase classname="tests.test_features" name="test_mock_stop_at_3" time="64.846"><system-out>--------------------------------- Captured Log ---------------------------------

--------------------------------- Captured Out ---------------------------------
/home/runner/work/ocr-book/ocr-book/tests/0001_3.png
separation double page angle 90.5528088189967
separation double page y=0 2485
page rotation 1 0.75
page rotation 2 0.2
image 1 crop x1 330
image 1 crop y1 336
image 1 crop x2 2343
image 1 crop y2 3223
image 2 crop x1 169
image 2 crop y1 648
image 2 crop x2 2186
image 2 crop y2 3361

</system-out><system-err>--------------------------------- Captured Err ---------------------------------

</system-err></testcase><testcase classname="tests.test_images" name="test_0001_png" time="76.017"><system-out>--------------------------------- Captured Log ---------------------------------

--------------------------------- Captured Out ---------------------------------
/home/runner/work/ocr-book/ocr-book/tests/0001.png
1609109689262720513 : Checking separation double page angle 90.5528088189967
1609109689262855423 : Checking separation double page y=0 2485
1609109700970841092 : Checking page rotation 1 0.75
1609109715238288192 : Checking page rotation 2 0.2
1609109718465807900 : Checking image 1 crop x1 330
1609109718465953211 : Checking image 1 crop y1 336
1609109718465998615 : Checking image 1 crop x2 2343
1609109718466036617 : Checking image 1 crop y2 3223
1609109721519115606 : Checking image 2 crop x1 169
1609109721519262417 : Checking image 2 crop y1 648
1609109721519306320 : Checking image 2 crop x2 2186
1609109721519343323 : Checking image 2 crop y2 3361
1609109721555650633 : Checking image 1 dpi 300
1609109721555772542 : Checking image 1 border top 333
1609109721555812045 : Checking image 1 border bottom 266
1609109721555848347 : Checking image 1 border left 223
1609109721555886150 : Checking image 1 border right 223
1609109721558495045 : Checking image 2 dpi 300
1609109721558610054 : Checking image 2 border top 643
1609109721558647756 : Checking image 2 border bottom 131
1609109721558683759 : Checking image 2 border left 221
1609109721558719562 : Checking image 2 border right 221

</system-out><system-err>--------------------------------- Captured Err ---------------------------------

</system-err></testcase><testcase classname="tests.test_features" name="test_mock_stop_at_5" time="65.923"><system-out>--------------------------------- Captured Log ---------------------------------

--------------------------------- Captured Out ---------------------------------
/home/runner/work/ocr-book/ocr-book/tests/0001_5.png
separation double page angle 90.5528088189967
separation double page y=0 2485
page rotation 1 0.75
page rotation 2 0.2
image 1 crop x1 330
image 1 crop y1 336
image 1 crop x2 2343
image 1 crop y2 3223
image 2 crop x1 169
image 2 crop y1 648
image 2 crop x2 2186
image 2 crop y2 3361
image 1 dpi 300
image 1 border top 333
image 1 border bottom 266
image 1 border left 223
image 1 border right 223
image 2 dpi 300
image 2 border top 643
image 2 border bottom 131
image 2 border left 221
image 2 border right 221

</system-out><system-err>--------------------------------- Captured Err ---------------------------------

</system-err></testcase><testcase classname="tests.test_images" name="test_black_border_not_removed_png" time="83.049"><system-out>--------------------------------- Captured Log ---------------------------------

--------------------------------- Captured Out ---------------------------------
/home/runner/work/ocr-book/ocr-book/tests/black-border-not-removed.png
1609109768008051588 : Checking separation double page angle 90.033171103531
1609109768008182298 : Checking separation double page y=0 2455
1609109779005011156 : Checking page rotation 1 0.0
1609109796313236186 : Checking page rotation 2 0.0
1609109800167664934 : Checking image 1 crop x1 297
1609109800167811445 : Checking image 1 crop y1 143
1609109800167854048 : Checking image 1 crop x2 2309
1609109800167891751 : Checking image 1 crop y2 3346
1609109804585143384 : Checking image 2 crop x1 159
1609109804585280194 : Checking image 2 crop y1 145
1609109804585319997 : Checking image 2 crop x2 2171
1609109804585356300 : Checking image 2 crop y2 3352
1609109804622190057 : Checking image 1 dpi 300
1609109804622309666 : Checking image 1 border top 132
1609109804622348469 : Checking image 1 border bottom 152
1609109804622382172 : Checking image 1 border left 224
1609109804622415774 : Checking image 1 border right 224
1609109804624602238 : Checking image 2 dpi 300
1609109804624707546 : Checking image 2 border top 132
1609109804624742048 : Checking image 2 border bottom 148
1609109804624775051 : Checking image 2 border left 224
1609109804624807953 : Checking image 2 border right 224

</system-out><system-err>--------------------------------- Captured Err ---------------------------------

</system-err></testcase><testcase classname="tests.test_images" name="test_2_pages_2_contours_png" time="45.331"><system-out>--------------------------------- Captured Log ---------------------------------

--------------------------------- Captured Out ---------------------------------
/home/runner/work/ocr-book/ocr-book/tests/2-pages-2-contours.png
1609109781364418944 : Checking separation double page angle 90.09036871657068
1609109781364538453 : Checking separation double page y=0 2486
1609109783833236594 : Checking page rotation 1 0.05
1609109794401128871 : Checking page rotation 2 0.30000000000000004
1609109796588472855 : Checking image 1 crop x1 1189
1609109796588589464 : Checking image 1 crop y1 1751
1609109796588625567 : Checking image 1 crop x2 1190
1609109796588657269 : Checking image 1 crop y2 1752
1609109799733263170 : Checking image 2 crop x1 101
1609109799733416082 : Checking image 2 crop y1 240
1609109799733457885 : Checking image 2 crop x2 2148
1609109799733496888 : Checking image 2 crop y2 3239
1609109799768743322 : Checking image 1 dpi 300
1609109799768854230 : Checking image 1 border top 1752
1609109799768890733 : Checking image 1 border bottom 1753
1609109799768923935 : Checking image 1 border left 1239
1609109799768956938 : Checking image 1 border right 1239
1609109799770390445 : Checking image 2 dpi 300
1609109799770496853 : Checking image 2 border top 230
1609109799770532055 : Checking image 2 border bottom 258
1609109799770575359 : Checking image 2 border left 206
1609109799770603961 : Checking image 2 border right 206

</system-out><system-err>--------------------------------- Captured Err ---------------------------------

</system-err></testcase><testcase classname="tests.test_images" name="test_wrong_split_line_png" time="58.208"><system-out>--------------------------------- Captured Log ---------------------------------

--------------------------------- Captured Out ---------------------------------
/home/runner/work/ocr-book/ocr-book/tests/wrong_split_line.png
1609109833433416778 : Checking separation double page angle 89.93395720607973
1609109833433529086 : Checking separation double page y=0 2465
1609109842509444506 : Checking page rotation 1 -0.14999999999999067
1609109852808865710 : Checking page rotation 2 0.5
1609109855272656287 : Checking image 1 crop x1 213
1609109855272815699 : Checking image 1 crop y1 157
1609109855272854702 : Checking image 1 crop x2 2323
1609109855272890504 : Checking image 1 crop y2 3362
1609109857933230990 : Checking image 2 crop x1 125
1609109857933380301 : Checking image 2 crop y1 165
1609109857933422704 : Checking image 2 crop x2 2237
1609109857933461807 : Checking image 2 crop y2 3374
1609109857969757123 : Checking image 1 dpi 300
1609109857969880133 : Checking image 1 border top 134
1609109857969916835 : Checking image 1 border bottom 148
1609109857969950338 : Checking image 1 border left 175
1609109857969982740 : Checking image 1 border right 175
1609109857971846680 : Checking image 2 dpi 300
1609109857971957688 : Checking image 2 border top 143
1609109857971995591 : Checking image 2 border bottom 135
1609109857972030794 : Checking image 2 border left 174
1609109857972073197 : Checking image 2 border right 174

</system-out><system-err>--------------------------------- Captured Err ---------------------------------

</system-err></testcase><testcase classname="tests.test_images" name="test_image_failed_to_rotate_png" time="77.798"><system-out>--------------------------------- Captured Log ---------------------------------

--------------------------------- Captured Out ---------------------------------
/home/runner/work/ocr-book/ocr-book/tests/image_failed_to_rotate.png
1609109845838374242 : Checking separation double page angle 90.13063640287984
1609109845838500451 : Checking separation double page y=0 2479
1609109852062921687 : Checking page rotation 1 0.35
1609109864200440905 : Checking page rotation 2 0.45
1609109878076466763 : Checking image 1 crop x1 34
1609109878076581172 : Checking image 1 crop y1 1
1609109878076611874 : Checking image 1 crop x2 2477
1609109878076639576 : Checking image 1 crop y2 3500
1609109882270132708 : Checking image 2 crop x1 167
1609109882270279119 : Checking image 2 crop y1 234
1609109882270319122 : Checking image 2 crop x2 2246
1609109882270356225 : Checking image 2 crop y2 3355
1609109882314205503 : Checking image 1 dpi 300
1609109882314336613 : Checking image 1 border top 4
1609109882314376416 : Checking image 1 border bottom 4
1609109882314409418 : Checking image 1 border left 19
1609109882314443121 : Checking image 1 border right 19
1609109882317143923 : Checking image 2 dpi 300
1609109882317257231 : Checking image 2 border top 218
1609109882317294034 : Checking image 2 border bottom 148
1609109882317329337 : Checking image 2 border left 190
1609109882317364539 : Checking image 2 border right 190

</system-out><system-err>--------------------------------- Captured Err ---------------------------------

</system-err></testcase><testcase classname="tests.test_images" name="test_crop_too_much_png" time="106.032"><system-out>--------------------------------- Captured Log ---------------------------------

--------------------------------- Captured Out ---------------------------------
/home/runner/work/ocr-book/ocr-book/tests/crop_too_much.png
1609109916521107280 : Checking separation double page angle 90.13239409272954
1609109916521216588 : Checking separation double page y=0 2455
1609109936274389550 : Checking page rotation 1 0.0
1609109956994229655 : Checking page rotation 2 0.45
1609109960356901899 : Checking image 1 crop x1 303
1609109960357043209 : Checking image 1 crop y1 148
1609109960357082212 : Checking image 1 crop x2 2313
1609109960357117015 : Checking image 1 crop y2 3351
1609109963941664035 : Checking image 2 crop x1 168
1609109963941811946 : Checking image 2 crop y1 155
1609109963941854149 : Checking image 2 crop x2 2179
1609109963941891452 : Checking image 2 crop y2 3359
1609109963991528462 : Checking image 1 dpi 300
1609109963991645771 : Checking image 1 border top 132
1609109963991682273 : Checking image 1 border bottom 152
1609109963991715376 : Checking image 1 border left 225
1609109963991747578 : Checking image 1 border right 225
1609109963993527411 : Checking image 2 dpi 300
1609109963993632519 : Checking image 2 border top 140
1609109963993667322 : Checking image 2 border bottom 143
1609109963993700524 : Checking image 2 border left 224
1609109963993739427 : Checking image 2 border right 224

</system-out><system-err>--------------------------------- Captured Err ---------------------------------

</system-err></testcase><testcase classname="tests.test_images" name="test_image_failed_to_crop_data_png" time="76.592"><system-out>--------------------------------- Captured Log ---------------------------------

--------------------------------- Captured Out ---------------------------------
/home/runner/work/ocr-book/ocr-book/tests/image_failed_to_crop_data.png
1609109922646724822 : Checking separation double page angle 90.053197600644
1609109922646846631 : Checking separation double page y=0 2480
1609109929631648897 : Checking page rotation 1 0.2
1609109939649384265 : Checking page rotation 2 0.0
1609109955073063857 : Checking image 1 crop x1 47
1609109955073215368 : Checking image 1 crop y1 7
1609109955073260672 : Checking image 1 crop x2 2478
1609109955073300575 : Checking image 1 crop y2 3502
1609109958909287896 : Checking image 2 crop x1 160
1609109958909446508 : Checking image 2 crop y1 217
1609109958909487311 : Checking image 2 crop x2 2242
1609109958909523814 : Checking image 2 crop y2 3350
1609109958943647865 : Checking image 1 dpi 300
1609109958943787675 : Checking image 1 border top 6
1609109958943837879 : Checking image 1 border bottom 6
1609109958943874682 : Checking image 1 border left 25
1609109958943910984 : Checking image 1 border right 25
1609109958946185554 : Checking image 2 dpi 300
1609109958946305463 : Checking image 2 border top 206
1609109958946342866 : Checking image 2 border bottom 148
1609109958946378369 : Checking image 2 border left 189
1609109958946415171 : Checking image 2 border right 189

</system-out><system-err>--------------------------------- Captured Err ---------------------------------

</system-err></testcase><testcase classname="tests.test_images" name="test_wrong_angle_split_line_png" time="85.174"><system-out>--------------------------------- Captured Log ---------------------------------

--------------------------------- Captured Out ---------------------------------
/home/runner/work/ocr-book/ocr-book/tests/wrong_angle_split_line.png
1609109999170742783 : Checking separation double page angle 90.09193420006348
1609109999170861692 : Checking separation double page y=0 2478
1609110008822552817 : Checking page rotation 1 0.05
1609110021852463503 : Checking page rotation 2 0.0
1609110037412621943 : Checking image 1 crop x1 58
1609110037412773454 : Checking image 1 crop y1 7
1609110037412816357 : Checking image 1 crop x2 2472
1609110037412855960 : Checking image 1 crop y2 3505
1609110043268689066 : Checking image 2 crop x1 163
1609110043268838478 : Checking image 2 crop y1 217
1609110043268881481 : Checking image 2 crop x2 2246
1609110043268921184 : Checking image 2 crop y2 3350
1609110043432074677 : Checking image 1 dpi 300
1609110043432206487 : Checking image 1 border top 5
1609110043432259991 : Checking image 1 border bottom 5
1609110043432293493 : Checking image 1 border left 33
1609110043432327196 : Checking image 1 border right 33
1609110043440149380 : Checking image 2 dpi 300
1609110043440267689 : Checking image 2 border top 206
1609110043440305092 : Checking image 2 border bottom 148
1609110043440358996 : Checking image 2 border left 188
1609110043440396099 : Checking image 2 border right 188

</system-out><system-err>--------------------------------- Captured Err ---------------------------------

</system-err></testcase><testcase classname="tests.test_images" name="test_crop_too_few_png" time="62.129"><system-out>--------------------------------- Captured Log ---------------------------------

--------------------------------- Captured Out ---------------------------------
/home/runner/work/ocr-book/ocr-book/tests/crop_too_few.png
1609109998575444723 : Checking separation double page angle 89.54670238452755
1609109998575568132 : Checking separation double page y=0 2512
1609110009064291881 : Checking page rotation 1 -0.6499999999999977
1609110020557582853 : Checking page rotation 2 0.0
1609110023429883819 : Checking image 1 crop x1 263
1609110023430036030 : Checking image 1 crop y1 150
1609110023430078434 : Checking image 1 crop x2 2377
1609110023430115536 : Checking image 1 crop y2 3357
1609110026106313280 : Checking image 2 crop x1 137
1609110026106461791 : Checking image 2 crop y1 141
1609110026106503995 : Checking image 2 crop x2 2259
1609110026106541097 : Checking image 2 crop y2 3345
1609110026141296989 : Checking image 1 dpi 300
1609110026141425398 : Checking image 1 border top 129
1609110026141464501 : Checking image 1 border bottom 150
1609110026141500804 : Checking image 1 border left 173
1609110026141535507 : Checking image 1 border right 173
1609110026143404746 : Checking image 2 dpi 300
1609110026143516054 : Checking image 2 border top 130
1609110026143560858 : Checking image 2 border bottom 153
1609110026143597060 : Checking image 2 border left 169
1609110026143631363 : Checking image 2 border right 169

</system-out><system-err>--------------------------------- Captured Err ---------------------------------

</system-err></testcase><testcase classname="tests.test_images" name="test_crop_too_much_2_png" time="127.897"><system-out>--------------------------------- Captured Log ---------------------------------

--------------------------------- Captured Out ---------------------------------
/home/runner/work/ocr-book/ocr-book/tests/crop_too_much_2.png
1609110098337120291 : Checking separation double page angle 90.1149074900787
1609110098337246001 : Checking separation double page y=0 2478
1609110120955246331 : Checking page rotation 1 0.2
1609110146103337967 : Checking page rotation 2 0.2
1609110149427196858 : Checking image 1 crop x1 332
1609110149427335668 : Checking image 1 crop y1 131
1609110149427375071 : Checking image 1 crop x2 2342
1609110149427409274 : Checking image 1 crop y2 3336
1609110153947918132 : Checking image 2 crop x1 162
1609110153948062342 : Checking image 2 crop y1 139
1609110153948104345 : Checking image 2 crop x2 2175
1609110153948141648 : Checking image 2 crop y2 3345
1609110154004444756 : Checking image 1 dpi 300
1609110154004574466 : Checking image 1 border top 119
1609110154004613969 : Checking image 1 border bottom 163
1609110154004649772 : Checking image 1 border left 225
1609110154004684974 : Checking image 1 border right 225
1609110154006487709 : Checking image 2 dpi 300
1609110154006595517 : Checking image 2 border top 130
1609110154006633220 : Checking image 2 border bottom 151
1609110154006677523 : Checking image 2 border left 223
1609110154006713026 : Checking image 2 border right 223

</system-out><system-err>--------------------------------- Captured Err ---------------------------------

</system-err></testcase><testcase classname="tests.test_images" name="test_angle_page_lower_split_line_png" time="80.510"><system-out>--------------------------------- Captured Log ---------------------------------

--------------------------------- Captured Out ---------------------------------
/home/runner/work/ocr-book/ocr-book/tests/angle_page_lower_split_line.png
1609110088675414204 : Checking separation double page angle 89.74927707086691
1609110088675542514 : Checking separation double page y=0 2474
1609110105313004927 : Checking page rotation 1 -0.4000000000000005
1609110118534641544 : Checking page rotation 2 0.2
1609110121548427733 : Checking image 1 crop x1 244
1609110121548579645 : Checking image 1 crop y1 160
1609110121548623048 : Checking image 1 crop x2 2350
1609110121548663151 : Checking image 1 crop y2 3365
1609110124665385199 : Checking image 2 crop x1 150
1609110124665535211 : Checking image 2 crop y1 147
1609110124665577714 : Checking image 2 crop x2 2257
1609110124665616817 : Checking image 2 crop y2 3350
1609110124704219502 : Checking image 1 dpi 300
1609110124704376913 : Checking image 1 border top 144
1609110124704416316 : Checking image 1 border bottom 138
1609110124704449619 : Checking image 1 border left 177
1609110124704483121 : Checking image 1 border right 177
1609110124707038812 : Checking image 2 dpi 300
1609110124707144320 : Checking image 2 border top 130
1609110124707181123 : Checking image 2 border bottom 154
1609110124707214626 : Checking image 2 border left 176
1609110124707247328 : Checking image 2 border right 176

</system-out><system-err>--------------------------------- Captured Err ---------------------------------

</system-err></testcase><testcase classname="tests.test_images" name="test_wrong_wave_split_line_png" time="108.577"><system-out>--------------------------------- Captured Log ---------------------------------

--------------------------------- Captured Out ---------------------------------
/home/runner/work/ocr-book/ocr-book/tests/wrong_wave_split_line.png
1609110183108512706 : Checking separation double page angle 90.37878604107719
1609110183108641316 : Checking separation double page y=0 2500
1609110201583201626 : Checking page rotation 1 -0.14999999999999067
1609110219081414214 : Checking page rotation 2 0.85
1609110225410557606 : Checking image 1 crop x1 385
1609110225410704917 : Checking image 1 crop y1 179
1609110225410747521 : Checking image 1 crop x2 2411
1609110225410784523 : Checking image 1 crop y2 3374
1609110233209854598 : Checking image 2 crop x1 8
1609110233210003309 : Checking image 2 crop y1 0
1609110233210047112 : Checking image 2 crop x2 2415
1609110233210088115 : Checking image 2 crop y2 3505
1609110233268027047 : Checking image 1 dpi 300
1609110233268159157 : Checking image 1 border top 173
1609110233268199660 : Checking image 1 border bottom 119
1609110233268235763 : Checking image 1 border left 217
1609110233268271865 : Checking image 1 border right 217
1609110233270869760 : Checking image 2 dpi 300
1609110233270996069 : Checking image 2 border top 1
1609110233271033572 : Checking image 2 border bottom 1
1609110233271068875 : Checking image 2 border left 37
1609110233271104477 : Checking image 2 border right 37

</system-out><system-err>--------------------------------- Captured Err ---------------------------------

</system-err></testcase><testcase classname="tests.test_images" name="test_wrong_split_line_2_png" time="116.811"><system-out>--------------------------------- Captured Log ---------------------------------

--------------------------------- Captured Out ---------------------------------
/home/runner/work/ocr-book/ocr-book/tests/wrong_split_line_2.png
1609110215212443879 : Checking separation double page angle 90.19944704411863
1609110215212566888 : Checking separation double page y=0 2437
1609110236882821366 : Checking page rotation 1 0.2
1609110259321154132 : Checking page rotation 2 0.4
1609110264102550462 : Checking image 1 crop x1 294
1609110264102691973 : Checking image 1 crop y1 136
1609110264102732476 : Checking image 1 crop x2 2325
1609110264102770379 : Checking image 1 crop y2 3376
1609110270779555387 : Checking image 2 crop x1 140
1609110270779696997 : Checking image 2 crop y1 192
1609110270779738901 : Checking image 2 crop x2 2167
1609110270779776303 : Checking image 2 crop y2 3386
1609110270830848222 : Checking image 1 dpi 300
1609110270830976732 : Checking image 1 border top 131
1609110270831016235 : Checking image 1 border bottom 116
1609110270831051637 : Checking image 1 border left 214
1609110270831086540 : Checking image 1 border right 214
1609110270833019884 : Checking image 2 dpi 300
1609110270833134993 : Checking image 2 border top 183
1609110270833172396 : Checking image 2 border bottom 110
1609110270833207598 : Checking image 2 border left 216
1609110270833242001 : Checking image 2 border right 216

</system-out><system-err>--------------------------------- Captured Err ---------------------------------

</system-err></testcase><testcase classname="tests.test_images" name="test_no_split_line_line_algo_png" time="73.566"><system-out>--------------------------------- Captured Log ---------------------------------

--------------------------------- Captured Out ---------------------------------
/home/runner/work/ocr-book/ocr-book/tests/no_split_line_line_algo.png
1609110274253490434 : Checking separation double page angle 89.47691469185418
1609110274253615544 : Checking separation double page y=0 2476
1609110283106251567 : Checking page rotation 1 -0.14999999999999067
1609110300598321080 : Checking page rotation 2 -0.44999999999999746
1609110303202580339 : Checking image 1 crop x1 205
1609110303202732350 : Checking image 1 crop y1 158
1609110303202774454 : Checking image 1 crop x2 2320
1609110303202813557 : Checking image 1 crop y2 3366
1609110306811331180 : Checking image 2 crop x1 185
1609110306811483992 : Checking image 2 crop y1 221
1609110306811526895 : Checking image 2 crop x2 2201
1609110306811566198 : Checking image 2 crop y2 3366
1609110306856981992 : Checking image 1 dpi 300
1609110306857116903 : Checking image 1 border top 144
1609110306857157506 : Checking image 1 border bottom 134
1609110306857193908 : Checking image 1 border left 172
1609110306857229911 : Checking image 1 border right 172
1609110306859786402 : Checking image 2 dpi 300
1609110306859893410 : Checking image 2 border top 219
1609110306859931813 : Checking image 2 border bottom 123
1609110306859967016 : Checking image 2 border left 222
1609110306860002318 : Checking image 2 border right 222

</system-out><system-err>--------------------------------- Captured Err ---------------------------------

</system-err></testcase><testcase classname="tests.test_images" name="test_small_wave_png" time="110.626"><system-out>--------------------------------- Captured Log ---------------------------------

--------------------------------- Captured Out ---------------------------------
/home/runner/work/ocr-book/ocr-book/tests/small_wave.png
1609110341396667003 : Checking separation double page angle 90.58816928841564
1609110341396794713 : Checking separation double page y=0 2497
1609110359593981999 : Checking page rotation 1 0.65
1609110376012548202 : Checking page rotation 2 0.75
1609110378725620070 : Checking image 1 crop x1 320
1609110378725765981 : Checking image 1 crop y1 199
1609110378725808684 : Checking image 1 crop x2 2353
1609110378725846487 : Checking image 1 crop y2 3394
1609110381414386257 : Checking image 2 crop x1 132
1609110381414533368 : Checking image 2 crop y1 224
1609110381414576171 : Checking image 2 crop x2 2160
1609110381414614874 : Checking image 2 crop y2 3419
1609110381457863006 : Checking image 1 dpi 300
1609110381457987015 : Checking image 1 border top 179
1609110381458027618 : Checking image 1 border bottom 112
1609110381458063921 : Checking image 1 border left 213
1609110381458098923 : Checking image 1 border right 213
1609110381459916359 : Checking image 2 dpi 300
1609110381460028968 : Checking image 2 border top 197
1609110381460066970 : Checking image 2 border bottom 95
1609110381460103173 : Checking image 2 border left 216
1609110381460138376 : Checking image 2 border right 216

</system-out><system-err>--------------------------------- Captured Err ---------------------------------

</system-err></testcase><testcase classname="tests.test_images" name="test_failed_split_line_line_algo_png" time="34.154"><system-out>--------------------------------- Captured Log ---------------------------------

--------------------------------- Captured Out ---------------------------------
/home/runner/work/ocr-book/ocr-book/tests/failed_split_line_line_algo.png
1609110328846820745 : Checking separation double page angle 90.04134220573248
1609110328846939254 : Checking separation double page y=0 2573
1609110333771265112 : Checking page rotation 1 -0.14999999999999067
1609110336490177215 : Checking page rotation 2 0.0
1609110339136879223 : Checking image 1 crop x1 407
1609110339137031334 : Checking image 1 crop y1 2925
1609110339137074137 : Checking image 1 crop x2 2419
1609110339137111340 : Checking image 1 crop y2 3174
1609110341042951969 : Checking image 2 crop x1 1184
1609110341043089080 : Checking image 2 crop y1 1748
1609110341043128583 : Checking image 2 crop x2 1185
1609110341043164785 : Checking image 2 crop y2 1749
1609110341043476409 : Checking image 1 dpi 300
1609110341043567715 : Checking image 1 border top 2922
1609110341043605118 : Checking image 1 border bottom 316
1609110341043641321 : Checking image 1 border left 224
1609110341043677024 : Checking image 1 border right 224
1609110341044997522 : Checking image 2 dpi 300
1609110341045102830 : Checking image 2 border top 1752
1609110341045139633 : Checking image 2 border bottom 1753
1609110341045172635 : Checking image 2 border left 1239
1609110341045205938 : Checking image 2 border right 1239

</system-out><system-err>--------------------------------- Captured Err ---------------------------------

</system-err></testcase><testcase classname="tests.test_images" name="test_failed_split_line_line_algo_2_png" time="94.890"><system-out>--------------------------------- Captured Log ---------------------------------

--------------------------------- Captured Out ---------------------------------
/home/runner/work/ocr-book/ocr-book/tests/failed_split_line_line_algo_2.png
1609110394761469338 : Checking separation double page angle 90.03068774449687
1609110394761597948 : Checking separation double page y=0 2500
1609110415182248805 : Checking page rotation 1 0.0
1609110430179786461 : Checking page rotation 2 0.6000000000000001
1609110433081116504 : Checking image 1 crop x1 272
1609110433081271116 : Checking image 1 crop y1 149
1609110433081313819 : Checking image 1 crop x2 2383
1609110433081350822 : Checking image 1 crop y2 3353
1609110435859227224 : Checking image 2 crop x1 121
1609110435859369634 : Checking image 2 crop y1 155
1609110435859408737 : Checking image 2 crop x2 2244
1609110435859444940 : Checking image 2 crop y2 3350
1609110435904506106 : Checking image 1 dpi 300
1609110435904630315 : Checking image 1 border top 138
1609110435904666918 : Checking image 1 border bottom 145
1609110435904701221 : Checking image 1 border left 174
1609110435904734423 : Checking image 1 border right 174
1609110435906885184 : Checking image 2 dpi 300
1609110435906993792 : Checking image 2 border top 136
1609110435907031295 : Checking image 2 border bottom 156
1609110435907066397 : Checking image 2 border left 168
1609110435907101700 : Checking image 2 border right 168

</system-out><system-err>--------------------------------- Captured Err ---------------------------------

</system-err></testcase><testcase classname="tests.test_images" name="test_wrong_split_line_3_png" time="82.335"><system-out>--------------------------------- Captured Log ---------------------------------

--------------------------------- Captured Out ---------------------------------
/home/runner/work/ocr-book/ocr-book/tests/wrong_split_line_3.png
1609110428841753858 : Checking separation double page angle 90.43729500214694
1609110428841879968 : Checking separation double page y=0 2498
1609110445424579767 : Checking page rotation 1 0.30000000000000004
1609110457988083994 : Checking page rotation 2 0.9
1609110461049217670 : Checking image 1 crop x1 331
1609110461049366281 : Checking image 1 crop y1 165
1609110461049406785 : Checking image 1 crop x2 2375
1609110461049443887 : Checking image 1 crop y2 3376
1609110463778026816 : Checking image 2 crop x1 102
1609110463778164326 : Checking image 2 crop y1 208
1609110463778203029 : Checking image 2 crop x2 2133
1609110463778237832 : Checking image 2 crop y2 3413
1609110463816148965 : Checking image 1 dpi 300
1609110463816276275 : Checking image 1 border top 157
1609110463816316578 : Checking image 1 border bottom 119
1609110463816382283 : Checking image 1 border left 208
1609110463816417785 : Checking image 1 border right 208
1609110463818238221 : Checking image 2 dpi 300
1609110463818345129 : Checking image 2 border top 187
1609110463818380332 : Checking image 2 border bottom 95
1609110463818413534 : Checking image 2 border left 214
1609110463818445837 : Checking image 2 border right 214

</system-out><system-err>--------------------------------- Captured Err ---------------------------------

</system-err></testcase><testcase classname="tests.test_images" name="test_crop_too_much_3_png" time="94.723"><system-out>--------------------------------- Captured Log ---------------------------------

--------------------------------- Captured Out ---------------------------------
/home/runner/work/ocr-book/ocr-book/tests/crop_too_much_3.png
1609110489079588693 : Checking separation double page angle 89.49330634783144
1609110489079722403 : Checking separation double page y=0 2498
1609110503553161773 : Checking page rotation 1 -0.8999999999999949
1609110523725036682 : Checking page rotation 2 -0.14999999999999067
1609110527099468127 : Checking image 1 crop x1 374
1609110527099613037 : Checking image 1 crop y1 258
1609110527099653240 : Checking image 1 crop x2 2385
1609110527099687743 : Checking image 1 crop y2 3459
1609110530577624924 : Checking image 2 crop x1 168
1609110530577779236 : Checking image 2 crop y1 228
1609110530577821839 : Checking image 2 crop x2 2181
1609110530577863342 : Checking image 2 crop y2 3417
1609110530626692992 : Checking image 1 dpi 300
1609110530626816202 : Checking image 1 border top 239
1609110530626852604 : Checking image 1 border bottom 47
1609110530626885507 : Checking image 1 border left 224
1609110530626918809 : Checking image 1 border right 224
1609110530629530805 : Checking image 2 dpi 300
1609110530629638413 : Checking image 2 border top 209
1609110530629673315 : Checking image 2 border bottom 89
1609110530629706118 : Checking image 2 border left 223
1609110530629739420 : Checking image 2 border right 223

</system-out><system-err>--------------------------------- Captured Err ---------------------------------

</system-err></testcase><testcase classname="tests.test_images" name="test_wrong_wave_split_line_2_png" time="98.668"><system-out>--------------------------------- Captured Log ---------------------------------

--------------------------------- Captured Out ---------------------------------
/home/runner/work/ocr-book/ocr-book/tests/wrong_wave_split_line_2.png
1609110518485891110 : Checking separation double page angle 90.7708958311329
1609110518486016619 : Checking separation double page y=0 2490
1609110533744938227 : Checking page rotation 1 0.4
1609110552945399665 : Checking page rotation 2 1.8
1609110556127222472 : Checking image 1 crop x1 224
1609110556127368383 : Checking image 1 crop y1 147
1609110556127412886 : Checking image 1 crop x2 2337
1609110556127449789 : Checking image 1 crop y2 3355
1609110562426261144 : Checking image 2 crop x1 107
1609110562426399154 : Checking image 2 crop y1 197
1609110562426437957 : Checking image 2 crop x2 2229
1609110562426471960 : Checking image 2 crop y2 3396
1609110562476885024 : Checking image 1 dpi 300
1609110562477016734 : Checking image 1 border top 137
1609110562477057037 : Checking image 1 border bottom 142
1609110562477092640 : Checking image 1 border left 173
1609110562477127442 : Checking image 1 border right 173
1609110562478938578 : Checking image 2 dpi 300
1609110562479050786 : Checking image 2 border top 171
1609110562479087889 : Checking image 2 border bottom 116
1609110562479123092 : Checking image 2 border left 169
1609110562479157494 : Checking image 2 border right 169

</system-out><system-err>--------------------------------- Captured Err ---------------------------------

</system-err></testcase><testcase classname="tests.test_images" name="test_wrong_wave_split_line_3_png" time="84.010"><system-out>--------------------------------- Captured Log ---------------------------------

--------------------------------- Captured Out ---------------------------------
/home/runner/work/ocr-book/ocr-book/tests/wrong_wave_split_line_3.png
1609110580585061689 : Checking separation double page angle 90.05826063695574
1609110580585189798 : Checking separation double page y=0 2514
1609110597210191893 : Checking page rotation 1 0.05
1609110608846391586 : Checking page rotation 2 0.30000000000000004
1609110611899558549 : Checking image 1 crop x1 273
1609110611899679558 : Checking image 1 crop y1 220
1609110611899729462 : Checking image 1 crop x2 2383
1609110611899758464 : Checking image 1 crop y2 3423
1609110614609759522 : Checking image 2 crop x1 114
1609110614609910933 : Checking image 2 crop y1 226
1609110614609954137 : Checking image 2 crop x2 2237
1609110614609996440 : Checking image 2 crop y2 3414
1609110614650875995 : Checking image 1 dpi 300
1609110614651004705 : Checking image 1 border top 202
1609110614651043908 : Checking image 1 border bottom 82
1609110614651080111 : Checking image 1 border left 175
1609110614651115713 : Checking image 1 border right 175
1609110614653312478 : Checking image 2 dpi 300
1609110614653424586 : Checking image 2 border top 207
1609110614653462489 : Checking image 2 border bottom 92
1609110614653497991 : Checking image 2 border left 168
1609110614653533694 : Checking image 2 border right 168

</system-out><system-err>--------------------------------- Captured Err ---------------------------------

</system-err></testcase><testcase classname="tests.test_images" name="test_no_split_line_wave_algo_png" time="93.398"><system-out>--------------------------------- Captured Log ---------------------------------

--------------------------------- Captured Out ---------------------------------
/home/runner/work/ocr-book/ocr-book/tests/no_split_line_wave_algo.png
1609110611086240082 : Checking separation double page angle 89.72500000000001
1609110611086368292 : Checking separation double page y=0 2484
1609110619106885959 : Checking page rotation 1 0.0
1609110634506328338 : Checking page rotation 2 -0.49999999999999434
1609110649432477450 : Checking image 1 crop x1 97
1609110649432571857 : Checking image 1 crop y1 79
1609110649432608460 : Checking image 1 crop x2 2494
1609110649432643362 : Checking image 1 crop y2 3505
1609110655809749243 : Checking image 2 crop x1 163
1609110655809900054 : Checking image 2 crop y1 266
1609110655809942458 : Checking image 2 crop x2 2238
1609110655809979260 : Checking image 2 crop y2 3381
1609110655851391450 : Checking image 1 dpi 300
1609110655851505759 : Checking image 1 border top 41
1609110655851538661 : Checking image 1 border bottom 41
1609110655851568063 : Checking image 1 border left 42
1609110655851596565 : Checking image 1 border right 42
1609110655853462405 : Checking image 2 dpi 300
1609110655853571213 : Checking image 2 border top 252
1609110655853606215 : Checking image 2 border bottom 120
1609110655853639318 : Checking image 2 border left 192
1609110655853689822 : Checking image 2 border right 192

</system-out><system-err>--------------------------------- Captured Err ---------------------------------

</system-err></testcase><testcase classname="tests.test_images" name="test_no_split_line_wave_algo_2_png" time="68.661"><system-out>--------------------------------- Captured Log ---------------------------------

--------------------------------- Captured Out ---------------------------------
/home/runner/work/ocr-book/ocr-book/tests/no_split_line_wave_algo_2.png
1609110653424215157 : Checking separation double page angle 90.54999999999998
1609110653424375169 : Checking separation double page y=0 2478
1609110665667721535 : Checking page rotation 1 1.1500000000000001
1609110678009121549 : Checking page rotation 2 0.2
1609110680800861138 : Checking image 1 crop x1 266
1609110680801016750 : Checking image 1 crop y1 209
1609110680801059953 : Checking image 1 crop x2 2342
1609110680801100756 : Checking image 1 crop y2 3413
1609110683279847282 : Checking image 2 crop x1 168
1609110683279997593 : Checking image 2 crop y1 241
1609110683280040197 : Checking image 2 crop x2 2251
1609110683280079300 : Checking image 2 crop y2 3433
1609110683321870206 : Checking image 1 dpi 300
1609110683322011916 : Checking image 1 border top 191
1609110683322051019 : Checking image 1 border bottom 92
1609110683322086422 : Checking image 1 border left 192
1609110683322133125 : Checking image 1 border right 192
1609110683324233281 : Checking image 2 dpi 300
1609110683324364591 : Checking image 2 border top 224
1609110683324402294 : Checking image 2 border bottom 71
1609110683324435296 : Checking image 2 border left 188
1609110683324468299 : Checking image 2 border right 188

</system-out><system-err>--------------------------------- Captured Err ---------------------------------

</system-err></testcase><testcase classname="tests.test_images" name="test_crop_too_few_2_png" time="68.447"><system-out>--------------------------------- Captured Log ---------------------------------

--------------------------------- Captured Out ---------------------------------
/home/runner/work/ocr-book/ocr-book/tests/crop_too_few_2.png
1609110695313783794 : Checking separation double page angle 90.30476192320097
1609110695313890402 : Checking separation double page y=0 2531
1609110707089828758 : Checking page rotation 1 1.2000000000000002
1609110718033914513 : Checking page rotation 2 -0.04999999999999689
1609110721086250660 : Checking image 1 crop x1 287
1609110721086388870 : Checking image 1 crop y1 165
1609110721086426973 : Checking image 1 crop x2 2398
1609110721086462076 : Checking image 1 crop y2 3368
1609110724329488458 : Checking image 2 crop x1 149
1609110724329611867 : Checking image 2 crop y1 189
1609110724329646470 : Checking image 2 crop x2 2273
1609110724329677272 : Checking image 2 crop y2 3386
1609110724364860900 : Checking image 1 dpi 300
1609110724364985609 : Checking image 1 border top 157
1609110724365022612 : Checking image 1 border bottom 127
1609110724365055714 : Checking image 1 border left 174
1609110724365089717 : Checking image 1 border right 174
1609110724366911553 : Checking image 2 dpi 300
1609110724367037062 : Checking image 2 border top 181
1609110724367072465 : Checking image 2 border bottom 109
1609110724367105367 : Checking image 2 border left 168
1609110724367137270 : Checking image 2 border right 168

</system-out><system-err>--------------------------------- Captured Err ---------------------------------

</system-err></testcase><testcase classname="tests.test_images" name="test_failed_detect_rectangle_png" time="87.068"><system-out>--------------------------------- Captured Log ---------------------------------

--------------------------------- Captured Out ---------------------------------
/home/runner/work/ocr-book/ocr-book/tests/failed_detect_rectangle.png
1609110730477996332 : Checking separation double page angle 90.19837516213148
1609110730478131542 : Checking separation double page y=0 2474
1609110745746326637 : Checking page rotation 1 0.2
1609110765243343875 : Checking page rotation 2 0.2
1609110767740277349 : Checking image 1 crop x1 257
1609110767740454362 : Checking image 1 crop y1 201
1609110767740496365 : Checking image 1 crop x2 2333
1609110767740533468 : Checking image 1 crop y2 3402
1609110770333161288 : Checking image 2 crop x1 136
1609110770333307499 : Checking image 2 crop y1 215
1609110770333350402 : Checking image 2 crop x2 2219
1609110770333389505 : Checking image 2 crop y2 3406
1609110770383146121 : Checking image 1 dpi 300
1609110770383269030 : Checking image 1 border top 188
1609110770383318334 : Checking image 1 border bottom 97
1609110770383352136 : Checking image 1 border left 192
1609110770383385239 : Checking image 1 border right 192
1609110770385591004 : Checking image 2 dpi 300
1609110770385693611 : Checking image 2 border top 200
1609110770385730614 : Checking image 2 border bottom 95
1609110770385765417 : Checking image 2 border left 188
1609110770385800519 : Checking image 2 border right 188

</system-out><system-err>--------------------------------- Captured Err ---------------------------------

</system-err></testcase><testcase classname="tests.test_images" name="test_single_page_png" time="26.562"><system-out>--------------------------------- Captured Log ---------------------------------

--------------------------------- Captured Out ---------------------------------
/home/runner/work/ocr-book/ocr-book/tests/single_page.png
1609110735828111789 : Checking separation double page angle 90.04999999999998
1609110735828257900 : Checking separation double page y=0 2476
1609110741337390716 : Checking page rotation 1 0.0
1609110741935303522 : Checking page rotation 2 0.0
1609110749978410524 : Checking image 1 crop x1 1
1609110749978507531 : Checking image 1 crop y1 8
1609110749978556034 : Checking image 1 crop x2 2470
1609110749978593437 : Checking image 1 crop y2 3505
1609110750596670936 : Checking image 2 crop x1 0
1609110750596746542 : Checking image 2 crop y1 0
1609110750596774844 : Checking image 2 crop x2 0
1609110750596801446 : Checking image 2 crop y2 0
1609110750596870051 : Checking image 1 dpi 300
1609110750596931555 : Checking image 1 border top 5
1609110750596961158 : Checking image 1 border bottom 5
1609110750596989860 : Checking image 1 border left 6
1609110750597018562 : Checking image 1 border right 6
1609110750603324832 : Checking image 2 border top 0
1609110750603407938 : Checking image 2 border bottom 0
1609110750603442641 : Checking image 2 border left 0
1609110750603475643 : Checking image 2 border right 0

</system-out><system-err>--------------------------------- Captured Err ---------------------------------

</system-err></testcase><testcase classname="tests.test_images" name="test_wrong_split_line_4_png" time="42.030"><system-out>--------------------------------- Captured Log ---------------------------------

--------------------------------- Captured Out ---------------------------------
/home/runner/work/ocr-book/ocr-book/tests/wrong_split_line_4.png
1609110774256048921 : Checking separation double page angle 91.04999999999998
1609110774256171731 : Checking separation double page y=0 60
1609110774642114048 : Checking page rotation 1 1.05
1609110788861475589 : Checking page rotation 2 1.1500000000000001
1609110789734400452 : Checking image 1 crop x1 0
1609110789734465457 : Checking image 1 crop y1 0
1609110789734493159 : Checking image 1 crop x2 0
1609110789734519461 : Checking image 1 crop y2 0
1609110792947946941 : Checking image 2 crop x1 292
1609110792948062350 : Checking image 2 crop y1 330
1609110792948100153 : Checking image 2 crop x2 2314
1609110792948132355 : Checking image 2 crop y2 3218
1609110792992636577 : Checking image 1 border top 0
1609110792992708083 : Checking image 1 border bottom 0
1609110792992740785 : Checking image 1 border left 0
1609110792992773988 : Checking image 1 border right 0
1609110792992831992 : Checking image 2 dpi 300
1609110792992907198 : Checking image 2 border top 322
1609110792992941800 : Checking image 2 border bottom 277
1609110792992973602 : Checking image 2 border left 219
1609110792993005305 : Checking image 2 border right 219

</system-out><system-err>--------------------------------- Captured Err ---------------------------------

</system-err></testcase><testcase classname="tests.test_images" name="test_no_split_line_wave_algo_3_png" time="21.788"><system-out>--------------------------------- Captured Log ---------------------------------

--------------------------------- Captured Out ---------------------------------
/home/runner/work/ocr-book/ocr-book/tests/no_split_line_wave_algo_3.png
1609110782689196816 : Checking separation double page angle 90.14999999999998
1609110782689344527 : Checking separation double page y=0 2408
1609110786193213767 : Checking page rotation 1 0.0
1609110786631776815 : Checking page rotation 2 0.35
1609110791271970231 : Checking image 1 crop x1 184
1609110791272092940 : Checking image 1 crop y1 2957
1609110791272127042 : Checking image 1 crop x2 2201
1609110791272157645 : Checking image 1 crop y2 3202
1609110792181612135 : Checking image 2 crop x1 0
1609110792181688941 : Checking image 2 crop y1 0
1609110792181717643 : Checking image 2 crop x2 0
1609110792181744245 : Checking image 2 crop y2 0
1609110792181822951 : Checking image 1 dpi 300
1609110792181891056 : Checking image 1 border top 2950
1609110792181920958 : Checking image 1 border bottom 292
1609110792181950460 : Checking image 1 border left 221
1609110792181979262 : Checking image 1 border right 221
1609110792191486272 : Checking image 2 border top 0
1609110792191561778 : Checking image 2 border bottom 0
1609110792191589680 : Checking image 2 border left 0
1609110792191617582 : Checking image 2 border right 0

</system-out><system-err>--------------------------------- Captured Err ---------------------------------

</system-err></testcase><testcase classname="tests.test_images" name="test_failed_split_line_line_algo_3_png" time="30.750"><system-out>--------------------------------- Captured Log ---------------------------------

--------------------------------- Captured Out ---------------------------------
/home/runner/work/ocr-book/ocr-book/tests/failed_split_line_line_algo_3.png
1609110808812972691 : Checking separation double page angle 90.0
1609110808813098000 : Checking separation double page y=0 40
1609110808964283796 : Checking page rotation 1 0.0
1609110816071234034 : Checking page rotation 2 0.0
1609110816674331172 : Checking image 1 crop x1 0
1609110816674393477 : Checking image 1 crop y1 0
1609110816674418879 : Checking image 1 crop x2 0
1609110816674443580 : Checking image 1 crop y2 0
1609110823729620957 : Checking image 2 crop x1 246
1609110823729738465 : Checking image 2 crop y1 154
1609110823729775268 : Checking image 2 crop x2 2259
1609110823729808170 : Checking image 2 crop y2 3361
1609110823762530014 : Checking image 1 border top 0
1609110823762587618 : Checking image 1 border bottom 0
1609110823762613220 : Checking image 1 border left 0
1609110823762638822 : Checking image 1 border right 0
1609110823762683626 : Checking image 2 dpi 300
1609110823762746630 : Checking image 2 border top 146
1609110823762771632 : Checking image 2 border bottom 134
1609110823762795734 : Checking image 2 border left 223
1609110823762821136 : Checking image 2 border right 223

</system-out><system-err>--------------------------------- Captured Err ---------------------------------

</system-err></testcase></testsuite></testsuites>