<?xml version="1.0" encoding="utf-8"?><testsuites><testsuite errors="0" failures="0" hostname="fv-az121-732" name="pytest" skipped="0" tests="28" time="811.106" timestamp="2020-12-02T18:40:39.126112"><testcase classname="tests.test_features" name="test_mock_stop_at_0" time="0.052"><system-out>--------------------------------- Captured Log ---------------------------------

--------------------------------- Captured Out ---------------------------------
/home/runner/work/ocr-book/ocr-book/tests/0001_0.png

</system-out><system-err>--------------------------------- Captured Err ---------------------------------

</system-err></testcase><testcase classname="tests.test_features" name="test_disabled_enable_debug" time="38.994"><system-out>--------------------------------- Captured Log ---------------------------------

--------------------------------- Captured Out ---------------------------------
/home/runner/work/ocr-book/ocr-book/tests/0001_debug.png
separation double page angle 90.57780420099763
separation double page y=0 2487
page rotation 1 0.75
page rotation 2 0.2
image 1 crop x1 330
image 1 crop y1 336
image 1 crop x2 2343
image 1 crop y2 3223
image 2 crop x1 169
image 2 crop y1 648
image 2 crop x2 2186
image 2 crop y2 3361
image 1 dpi 300
image 1 border top 340
image 1 border bottom 260
image 1 border left 223
image 1 border right 223
image 2 dpi 300
image 2 border top 646
image 2 border bottom 128
image 2 border left 221
image 2 border right 221

</system-out><system-err>--------------------------------- Captured Err ---------------------------------

</system-err></testcase><testcase classname="tests.test_features" name="test_mock_stop_at_2" time="45.890"><system-out>--------------------------------- Captured Log ---------------------------------

--------------------------------- Captured Out ---------------------------------
/home/runner/work/ocr-book/ocr-book/tests/0001_2.png
separation double page angle 90.57780420099763
separation double page y=0 2487
page rotation 1 0.75
page rotation 2 0.2

</system-out><system-err>--------------------------------- Captured Err ---------------------------------

</system-err></testcase><testcase classname="tests.test_features" name="test_mock_stop_at_1" time="31.883"><system-out>--------------------------------- Captured Log ---------------------------------

--------------------------------- Captured Out ---------------------------------
/home/runner/work/ocr-book/ocr-book/tests/0001_1.png
separation double page angle 90.57780420099763
separation double page y=0 2487

</system-out><system-err>--------------------------------- Captured Err ---------------------------------

</system-err></testcase><testcase classname="tests.test_features" name="test_mock_stop_at_4" time="52.793"><system-out>--------------------------------- Captured Log ---------------------------------

--------------------------------- Captured Out ---------------------------------
/home/runner/work/ocr-book/ocr-book/tests/0001_4.png
separation double page angle 90.57780420099763
separation double page y=0 2487
page rotation 1 0.75
page rotation 2 0.2
image 1 crop x1 330
image 1 crop y1 336
image 1 crop x2 2343
image 1 crop y2 3223
image 2 crop x1 169
image 2 crop y1 648
image 2 crop x2 2186
image 2 crop y2 3361
image 1 dpi 300
image 1 border top 340
image 1 border bottom 260
image 1 border left 223
image 1 border right 223
image 2 dpi 300
image 2 border top 646
image 2 border bottom 128
image 2 border left 221
image 2 border right 221

</system-out><system-err>--------------------------------- Captured Err ---------------------------------

</system-err></testcase><testcase classname="tests.test_features" name="test_mock_stop_at_3" time="52.810"><system-out>--------------------------------- Captured Log ---------------------------------

--------------------------------- Captured Out ---------------------------------
/home/runner/work/ocr-book/ocr-book/tests/0001_3.png
separation double page angle 90.57780420099763
separation double page y=0 2487
page rotation 1 0.75
page rotation 2 0.2
image 1 crop x1 330
image 1 crop y1 336
image 1 crop x2 2343
image 1 crop y2 3223
image 2 crop x1 169
image 2 crop y1 648
image 2 crop x2 2186
image 2 crop y2 3361

</system-out><system-err>--------------------------------- Captured Err ---------------------------------

</system-err></testcase><testcase classname="tests.test_images" name="test_0001_png" time="53.642"><system-out>--------------------------------- Captured Log ---------------------------------

--------------------------------- Captured Out ---------------------------------
/home/runner/work/ocr-book/ocr-book/tests/0001.png
1606934570969768448 : Checking separation double page angle 90.57780420099763
1606934570969875200 : Checking separation double page y=0 2487
1606934578322735616 : Checking page rotation 1 0.75
1606934586458788864 : Checking page rotation 2 0.2
1606934589584113920 : Checking image 1 crop x1 330
1606934589584244736 : Checking image 1 crop y1 336
1606934589584286720 : Checking image 1 crop x2 2343
1606934589584323840 : Checking image 1 crop y2 3223
1606934592612024064 : Checking image 2 crop x1 169
1606934592612170240 : Checking image 2 crop y1 648
1606934592612217856 : Checking image 2 crop x2 2186
1606934592612258560 : Checking image 2 crop y2 3361
1606934592648339968 : Checking image 1 dpi 300
1606934592648462592 : Checking image 1 border top 340
1606934592648504832 : Checking image 1 border bottom 260
1606934592648540160 : Checking image 1 border left 223
1606934592648574720 : Checking image 1 border right 223
1606934592650979584 : Checking image 2 dpi 300
1606934592651071744 : Checking image 2 border top 646
1606934592651109120 : Checking image 2 border bottom 128
1606934592651143424 : Checking image 2 border left 221
1606934592651177728 : Checking image 2 border right 221

</system-out><system-err>--------------------------------- Captured Err ---------------------------------

</system-err></testcase><testcase classname="tests.test_features" name="test_mock_stop_at_5" time="52.354"><system-out>--------------------------------- Captured Log ---------------------------------

--------------------------------- Captured Out ---------------------------------
/home/runner/work/ocr-book/ocr-book/tests/0001_5.png
separation double page angle 90.57780420099763
separation double page y=0 2487
page rotation 1 0.75
page rotation 2 0.2
image 1 crop x1 330
image 1 crop y1 336
image 1 crop x2 2343
image 1 crop y2 3223
image 2 crop x1 169
image 2 crop y1 648
image 2 crop x2 2186
image 2 crop y2 3361
image 1 dpi 300
image 1 border top 340
image 1 border bottom 260
image 1 border left 223
image 1 border right 223
image 2 dpi 300
image 2 border top 646
image 2 border bottom 128
image 2 border left 221
image 2 border right 221

</system-out><system-err>--------------------------------- Captured Err ---------------------------------

</system-err></testcase><testcase classname="tests.test_images" name="test_2_pages_2_contours_png" time="35.068"><system-out>--------------------------------- Captured Log ---------------------------------

--------------------------------- Captured Out ---------------------------------
/home/runner/work/ocr-book/ocr-book/tests/2-pages-2-contours.png
1606934614614449152 : Checking separation double page angle 89.91958537671144
1606934614614551296 : Checking separation double page y=0 2492
1606934616912277504 : Checking page rotation 1 0.05
1606934622716731392 : Checking page rotation 2 0.35000000000000003
1606934623682546688 : Checking image 1 crop x1 1191
1606934623682681856 : Checking image 1 crop y1 1733
1606934623682720512 : Checking image 1 crop x2 1192
1606934623682755328 : Checking image 1 crop y2 1734
1606934627699198976 : Checking image 2 crop x1 89
1606934627699342848 : Checking image 2 crop y1 240
1606934627699387904 : Checking image 2 crop x2 2136
1606934627699430656 : Checking image 2 crop y2 3239
1606934627735540480 : Checking image 1 dpi 300
1606934627735662592 : Checking image 1 border top 1752
1606934627735704064 : Checking image 1 border bottom 1753
1606934627735739648 : Checking image 1 border left 1239
1606934627735774208 : Checking image 1 border right 1239
1606934627737224192 : Checking image 2 dpi 300
1606934627737315840 : Checking image 2 border top 231
1606934627737353216 : Checking image 2 border bottom 257
1606934627737387264 : Checking image 2 border left 206
1606934627737421824 : Checking image 2 border right 206

</system-out><system-err>--------------------------------- Captured Err ---------------------------------

</system-err></testcase><testcase classname="tests.test_images" name="test_image_failed_to_crop_data_png" time="58.477"><system-out>--------------------------------- Captured Log ---------------------------------

--------------------------------- Captured Out ---------------------------------
/home/runner/work/ocr-book/ocr-book/tests/image_failed_to_crop_data.png
1606934647507493632 : Checking separation double page angle 89.91538216173362
1606934647507590656 : Checking separation double page y=0 2477
1606934653187187200 : Checking page rotation 1 0.2
1606934658810968832 : Checking page rotation 2 0.0
1606934669753679360 : Checking image 1 crop x1 58
1606934669753814784 : Checking image 1 crop y1 8
1606934669753858304 : Checking image 1 crop x2 2480
1606934669753896704 : Checking image 1 crop y2 3504
1606934674669617152 : Checking image 2 crop x1 159
1606934674669759232 : Checking image 2 crop y1 217
1606934674669804032 : Checking image 2 crop x2 2241
1606934674669846528 : Checking image 2 crop y2 3350
1606934674704295680 : Checking image 1 dpi 300
1606934674704427008 : Checking image 1 border top 6
1606934674704469760 : Checking image 1 border bottom 6
1606934674704506112 : Checking image 1 border left 29
1606934674704541184 : Checking image 1 border right 29
1606934674706529536 : Checking image 2 dpi 300
1606934674706628096 : Checking image 2 border top 225
1606934674706664704 : Checking image 2 border bottom 129
1606934674706699264 : Checking image 2 border left 189
1606934674706733056 : Checking image 2 border right 189

</system-out><system-err>--------------------------------- Captured Err ---------------------------------

</system-err></testcase><testcase classname="tests.test_images" name="test_black_border_not_removed_png" time="61.359"><system-out>--------------------------------- Captured Log ---------------------------------

--------------------------------- Captured Out ---------------------------------
/home/runner/work/ocr-book/ocr-book/tests/black-border-not-removed.png
1606934662527143168 : Checking separation double page angle 90.02895758682553
1606934662527252992 : Checking separation double page y=0 2456
1606934669795151360 : Checking page rotation 1 0.0
1606934679934279424 : Checking page rotation 2 0.0
1606934683385922816 : Checking image 1 crop x1 297
1606934683386013952 : Checking image 1 crop y1 143
1606934683386057984 : Checking image 1 crop x2 2309
1606934683386098688 : Checking image 1 crop y2 3346
1606934689062957056 : Checking image 2 crop x1 157
1606934689063096832 : Checking image 2 crop y1 145
1606934689063141888 : Checking image 2 crop x2 2169
1606934689063184640 : Checking image 2 crop y2 3352
1606934689097590016 : Checking image 1 dpi 300
1606934689097710848 : Checking image 1 border top 130
1606934689097750016 : Checking image 1 border bottom 154
1606934689097782784 : Checking image 1 border left 224
1606934689097816832 : Checking image 1 border right 224
1606934689100459520 : Checking image 2 dpi 300
1606934689100560384 : Checking image 2 border top 139
1606934689100596224 : Checking image 2 border bottom 141
1606934689100630016 : Checking image 2 border left 224
1606934689100664064 : Checking image 2 border right 224

</system-out><system-err>--------------------------------- Captured Err ---------------------------------

</system-err></testcase><testcase classname="tests.test_images" name="test_wrong_angle_split_line_png" time="68.763"><system-out>--------------------------------- Captured Log ---------------------------------

--------------------------------- Captured Out ---------------------------------
/home/runner/work/ocr-book/ocr-book/tests/wrong_angle_split_line.png
1606934708947833344 : Checking separation double page angle 90.04193420006348
1606934708947935488 : Checking separation double page y=0 2477
1606934716655384832 : Checking page rotation 1 0.2
1606934725067266560 : Checking page rotation 2 0.05
1606934737016812544 : Checking image 1 crop x1 61
1606934737016962816 : Checking image 1 crop y1 7
1606934737017039104 : Checking image 1 crop x2 2475
1606934737017077504 : Checking image 1 crop y2 3500
1606934742558291968 : Checking image 2 crop x1 163
1606934742558425344 : Checking image 2 crop y1 218
1606934742558469632 : Checking image 2 crop x2 2243
1606934742558511872 : Checking image 2 crop y2 3350
1606934742736651264 : Checking image 1 dpi 300
1606934742736775936 : Checking image 1 border top 7
1606934742736815360 : Checking image 1 border bottom 7
1606934742736851968 : Checking image 1 border left 33
1606934742736887040 : Checking image 1 border right 33
1606934742743598080 : Checking image 2 dpi 300
1606934742743710720 : Checking image 2 border top 219
1606934742743747328 : Checking image 2 border bottom 136
1606934742743781376 : Checking image 2 border left 190
1606934742743815936 : Checking image 2 border right 190

</system-out><system-err>--------------------------------- Captured Err ---------------------------------

</system-err></testcase><testcase classname="tests.test_images" name="test_image_failed_to_rotate_png" time="60.471"><system-out>--------------------------------- Captured Log ---------------------------------

--------------------------------- Captured Out ---------------------------------
/home/runner/work/ocr-book/ocr-book/tests/image_failed_to_rotate.png
1606934719587923968 : Checking separation double page angle 90.19634423290287
1606934719588033024 : Checking separation double page y=0 2482
1606934724970282496 : Checking page rotation 1 0.35000000000000003
1606934732538278400 : Checking page rotation 2 0.45
1606934744067780608 : Checking image 1 crop x1 34
1606934744067917312 : Checking image 1 crop y1 1
1606934744067960064 : Checking image 1 crop x2 2480
1606934744068045568 : Checking image 1 crop y2 3500
1606934749408413952 : Checking image 2 crop x1 169
1606934749408553472 : Checking image 2 crop y1 234
1606934749408598528 : Checking image 2 crop x2 2248
1606934749408640768 : Checking image 2 crop y2 3355
1606934749453301248 : Checking image 1 dpi 300
1606934749453426688 : Checking image 1 border top 4
1606934749453469952 : Checking image 1 border bottom 4
1606934749453505024 : Checking image 1 border left 17
1606934749453539840 : Checking image 1 border right 17
1606934749455915520 : Checking image 2 dpi 300
1606934749456004352 : Checking image 2 border top 220
1606934749456041472 : Checking image 2 border bottom 146
1606934749456075520 : Checking image 2 border left 190
1606934749456109056 : Checking image 2 border right 190

</system-out><system-err>--------------------------------- Captured Err ---------------------------------

</system-err></testcase><testcase classname="tests.test_images" name="test_angle_page_lower_split_line_png" time="58.255"><system-out>--------------------------------- Captured Log ---------------------------------

--------------------------------- Captured Out ---------------------------------
/home/runner/work/ocr-book/ocr-book/tests/angle_page_lower_split_line.png
1606934780731720448 : Checking separation double page angle 89.75201324945476
1606934780731824384 : Checking separation double page y=0 2473
1606934789701391872 : Checking page rotation 1 -0.44999999999998863
1606934796232850688 : Checking page rotation 2 0.2
1606934799051986688 : Checking image 1 crop x1 245
1606934799052124416 : Checking image 1 crop y1 161
1606934799052169472 : Checking image 1 crop x2 2351
1606934799052211712 : Checking image 1 crop y2 3364
1606934801759781376 : Checking image 2 crop x1 151
1606934801759928832 : Checking image 2 crop y1 147
1606934801759970816 : Checking image 2 crop x2 2258
1606934801760009472 : Checking image 2 crop y2 3350
1606934801799151360 : Checking image 1 dpi 300
1606934801799271168 : Checking image 1 border top 132
1606934801799308544 : Checking image 1 border bottom 152
1606934801799342336 : Checking image 1 border left 177
1606934801799374848 : Checking image 1 border right 177
1606934801801223936 : Checking image 2 dpi 300
1606934801801321984 : Checking image 2 border top 116
1606934801801358848 : Checking image 2 border bottom 168
1606934801801394176 : Checking image 2 border left 176
1606934801801428224 : Checking image 2 border right 176

</system-out><system-err>--------------------------------- Captured Err ---------------------------------

</system-err></testcase><testcase classname="tests.test_images" name="test_wrong_split_line_png" time="45.636"><system-out>--------------------------------- Captured Log ---------------------------------

--------------------------------- Captured Out ---------------------------------
/home/runner/work/ocr-book/ocr-book/tests/wrong_split_line.png
1606934777724400640 : Checking separation double page angle 89.85895720607971
1606934777724497152 : Checking separation double page y=0 2463
1606934783373171456 : Checking page rotation 1 -0.14999999999999147
1606934790401355264 : Checking page rotation 2 0.65
1606934792699622400 : Checking image 1 crop x1 213
1606934792699758592 : Checking image 1 crop y1 157
1606934792699803904 : Checking image 1 crop x2 2323
1606934792699846400 : Checking image 1 crop y2 3362
1606934795170276864 : Checking image 2 crop x1 126
1606934795170414592 : Checking image 2 crop y1 167
1606934795170460928 : Checking image 2 crop x2 2237
1606934795170505728 : Checking image 2 crop y2 3372
1606934795207592448 : Checking image 1 dpi 300
1606934795207717376 : Checking image 1 border top 115
1606934795207759360 : Checking image 1 border bottom 167
1606934795207794944 : Checking image 1 border left 175
1606934795207829504 : Checking image 1 border right 175
1606934795210516224 : Checking image 2 dpi 300
1606934795210621184 : Checking image 2 border top 142
1606934795210657280 : Checking image 2 border bottom 140
1606934795210691328 : Checking image 2 border left 174
1606934795210725376 : Checking image 2 border right 174

</system-out><system-err>--------------------------------- Captured Err ---------------------------------

</system-err></testcase><testcase classname="tests.test_images" name="test_crop_too_much_png" time="83.397"><system-out>--------------------------------- Captured Log ---------------------------------

--------------------------------- Captured Out ---------------------------------
/home/runner/work/ocr-book/ocr-book/tests/crop_too_much.png
1606934844300355584 : Checking separation double page angle 90.13239409272953
1606934844300462592 : Checking separation double page y=0 2453
1606934855945918208 : Checking page rotation 1 0.0
1606934868822244608 : Checking page rotation 2 0.45
1606934874166080768 : Checking image 1 crop x1 303
1606934874166223872 : Checking image 1 crop y1 148
1606934874166268672 : Checking image 1 crop x2 2313
1606934874166309120 : Checking image 1 crop y2 3351
1606934878539492352 : Checking image 2 crop x1 170
1606934878539634688 : Checking image 2 crop y1 155
1606934878539679744 : Checking image 2 crop x2 2181
1606934878539721984 : Checking image 2 crop y2 3359
1606934878589804288 : Checking image 1 dpi 300
1606934878589928704 : Checking image 1 border top 131
1606934878589970432 : Checking image 1 border bottom 153
1606934878590005760 : Checking image 1 border left 225
1606934878590040576 : Checking image 1 border right 225
1606934878592621824 : Checking image 2 dpi 300
1606934878592714752 : Checking image 2 border top 139
1606934878592751104 : Checking image 2 border bottom 144
1606934878592785408 : Checking image 2 border left 224
1606934878592820224 : Checking image 2 border right 224

</system-out><system-err>--------------------------------- Captured Err ---------------------------------

</system-err></testcase><testcase classname="tests.test_images" name="test_crop_too_few_png" time="47.545"><system-out>--------------------------------- Captured Log ---------------------------------

--------------------------------- Captured Out ---------------------------------
/home/runner/work/ocr-book/ocr-book/tests/crop_too_few.png
1606934832963425280 : Checking separation double page angle 89.39669496435833
1606934832963525120 : Checking separation double page y=0 2510
1606934838881059840 : Checking page rotation 1 -0.75
1606934844641569024 : Checking page rotation 2 0.05
1606934847107861504 : Checking image 1 crop x1 265
1606934847108000000 : Checking image 1 crop y1 152
1606934847108045824 : Checking image 1 crop x2 2375
1606934847108086528 : Checking image 1 crop y2 3356
1606934849313634816 : Checking image 2 crop x1 135
1606934849313778944 : Checking image 2 crop y1 141
1606934849313824256 : Checking image 2 crop x2 2261
1606934849313866496 : Checking image 2 crop y2 3345
1606934849352519680 : Checking image 1 dpi 300
1606934849352647936 : Checking image 1 border top 116
1606934849352688640 : Checking image 1 border bottom 167
1606934849352725760 : Checking image 1 border left 175
1606934849352760832 : Checking image 1 border right 175
1606934849354675456 : Checking image 2 dpi 300
1606934849354769920 : Checking image 2 border top 143
1606934849354806784 : Checking image 2 border bottom 140
1606934849354841600 : Checking image 2 border left 167
1606934849354875648 : Checking image 2 border right 167

</system-out><system-err>--------------------------------- Captured Err ---------------------------------

</system-err></testcase><testcase classname="tests.test_images" name="test_crop_too_much_2_png" time="84.233"><system-out>--------------------------------- Captured Log ---------------------------------

--------------------------------- Captured Out ---------------------------------
/home/runner/work/ocr-book/ocr-book/tests/crop_too_much_2.png
1606934897962893824 : Checking separation double page angle 90.2021118646249
1606934897962995712 : Checking separation double page y=0 2477
1606934910671078144 : Checking page rotation 1 0.2
1606934924460081152 : Checking page rotation 2 0.2
1606934928498457344 : Checking image 1 crop x1 332
1606934928498548992 : Checking image 1 crop y1 131
1606934928498590976 : Checking image 1 crop x2 2342
1606934928498630912 : Checking image 1 crop y2 3336
1606934933503982848 : Checking image 2 crop x1 168
1606934933504123136 : Checking image 2 crop y1 139
1606934933504167680 : Checking image 2 crop x2 2181
1606934933504209664 : Checking image 2 crop y2 3345
1606934933558437120 : Checking image 1 dpi 300
1606934933558558976 : Checking image 1 border top 116
1606934933558598144 : Checking image 1 border bottom 166
1606934933558634752 : Checking image 1 border left 225
1606934933558669568 : Checking image 1 border right 225
1606934933560451328 : Checking image 2 dpi 300
1606934933560537344 : Checking image 2 border top 133
1606934933560573440 : Checking image 2 border bottom 148
1606934933560608512 : Checking image 2 border left 223
1606934933560642304 : Checking image 2 border right 223

</system-out><system-err>--------------------------------- Captured Err ---------------------------------

</system-err></testcase><testcase classname="tests.test_images" name="test_wrong_split_line_2_png" time="102.009"><system-out>--------------------------------- Captured Log ---------------------------------

--------------------------------- Captured Out ---------------------------------
/home/runner/work/ocr-book/ocr-book/tests/wrong_split_line_2.png
1606934937435220224 : Checking separation double page angle 90.3838786217729
1606934937435330048 : Checking separation double page y=0 2442
1606934949470996736 : Checking page rotation 1 0.05
1606934961929929728 : Checking page rotation 2 0.4
1606934969819414016 : Checking image 1 crop x1 294
1606934969819556352 : Checking image 1 crop y1 137
1606934969819601664 : Checking image 1 crop x2 2326
1606934969819642368 : Checking image 1 crop y2 3375
1606934980546295808 : Checking image 2 crop x1 146
1606934980546432256 : Checking image 2 crop y1 192
1606934980546477568 : Checking image 2 crop x2 2173
1606934980546519808 : Checking image 2 crop y2 3386
1606934980597300480 : Checking image 1 dpi 300
1606934980597427968 : Checking image 1 border top 125
1606934980597468672 : Checking image 1 border bottom 124
1606934980597503744 : Checking image 1 border left 214
1606934980597538560 : Checking image 1 border right 214
1606934980599925504 : Checking image 2 dpi 300
1606934980600008192 : Checking image 2 border top 184
1606934980600044544 : Checking image 2 border bottom 109
1606934980600078336 : Checking image 2 border left 216
1606934980600111872 : Checking image 2 border right 216

</system-out><system-err>--------------------------------- Captured Err ---------------------------------

</system-err></testcase><testcase classname="tests.test_images" name="test_small_wave_png" time="72.762"><system-out>--------------------------------- Captured Log ---------------------------------

--------------------------------- Captured Out ---------------------------------
/home/runner/work/ocr-book/ocr-book/tests/small_wave.png
1606934980088561664 : Checking separation double page angle 90.61316928841566
1606934980088658432 : Checking separation double page y=0 2495
1606934991012999680 : Checking page rotation 1 0.7000000000000001
1606935001198267904 : Checking page rotation 2 0.7000000000000001
1606935003670391552 : Checking image 1 crop x1 322
1606935003670526720 : Checking image 1 crop y1 199
1606935003670571008 : Checking image 1 crop x2 2351
1606935003670610944 : Checking image 1 crop y2 3394
1606935006286562816 : Checking image 2 crop x1 135
1606935006286700544 : Checking image 2 crop y1 223
1606935006286745600 : Checking image 2 crop x2 2164
1606935006286788096 : Checking image 2 crop y2 3419
1606935006329878016 : Checking image 1 dpi 300
1606935006330002688 : Checking image 1 border top 177
1606935006330041344 : Checking image 1 border bottom 115
1606935006330121472 : Checking image 1 border left 215
1606935006330167040 : Checking image 1 border right 215
1606935006332090880 : Checking image 2 dpi 300
1606935006332186624 : Checking image 2 border top 191
1606935006332222208 : Checking image 2 border bottom 100
1606935006332256768 : Checking image 2 border left 215
1606935006332290560 : Checking image 2 border right 215

</system-out><system-err>--------------------------------- Captured Err ---------------------------------

</system-err></testcase><testcase classname="tests.test_images" name="test_wrong_split_line_3_png" time="64.061"><system-out>--------------------------------- Captured Log ---------------------------------

--------------------------------- Captured Out ---------------------------------
/home/runner/work/ocr-book/ocr-book/tests/wrong_split_line_3.png
1606935021366237952 : Checking separation double page angle 90.43729500214693
1606935021366343424 : Checking separation double page y=0 2498
1606935031723027712 : Checking page rotation 1 0.30000000000000004
1606935039744189440 : Checking page rotation 2 0.9
1606935042044713728 : Checking image 1 crop x1 331
1606935042044847616 : Checking image 1 crop y1 165
1606935042044893184 : Checking image 1 crop x2 2375
1606935042044933120 : Checking image 1 crop y2 3376
1606935044635856384 : Checking image 2 crop x1 102
1606935044635993856 : Checking image 2 crop y1 208
1606935044636039936 : Checking image 2 crop x2 2133
1606935044636081920 : Checking image 2 crop y2 3413
1606935044676450560 : Checking image 1 dpi 300
1606935044676574208 : Checking image 1 border top 150
1606935044676615680 : Checking image 1 border bottom 126
1606935044676651008 : Checking image 1 border left 208
1606935044676686080 : Checking image 1 border right 208
1606935044679162880 : Checking image 2 dpi 300
1606935044679259904 : Checking image 2 border top 190
1606935044679296512 : Checking image 2 border bottom 92
1606935044679331072 : Checking image 2 border left 214
1606935044679365120 : Checking image 2 border right 214

</system-out><system-err>--------------------------------- Captured Err ---------------------------------

</system-err></testcase><testcase classname="tests.test_images" name="test_wrong_wave_split_line_png" time="85.946"><system-out>--------------------------------- Captured Log ---------------------------------

--------------------------------- Captured Out ---------------------------------
/home/runner/work/ocr-book/ocr-book/tests/wrong_wave_split_line.png
1606935055578173952 : Checking separation double page angle 90.5287860410772
1606935055578278656 : Checking separation double page y=0 2502
1606935066575724544 : Checking page rotation 1 -0.14999999999999147
1606935074849392896 : Checking page rotation 2 0.8500000000000001
1606935085083605248 : Checking image 1 crop x1 385
1606935085083738624 : Checking image 1 crop y1 179
1606935085083782912 : Checking image 1 crop x2 2411
1606935085083823360 : Checking image 1 crop y2 3374
1606935092235875328 : Checking image 2 crop x1 124
1606935092236006400 : Checking image 2 crop y1 58
1606935092236050432 : Checking image 2 crop x2 2410
1606935092236092416 : Checking image 2 crop y2 3392
1606935092287642112 : Checking image 1 dpi 300
1606935092287748864 : Checking image 1 border top 167
1606935092287787520 : Checking image 1 border bottom 124
1606935092287824384 : Checking image 1 border left 217
1606935092287858944 : Checking image 1 border right 217
1606935092289814272 : Checking image 2 dpi 300
1606935092289901824 : Checking image 2 border top 0
1606935092289939968 : Checking image 2 border bottom 163
1606935092289974016 : Checking image 2 border left 92
1606935092290007808 : Checking image 2 border right 92

</system-out><system-err>--------------------------------- Captured Err ---------------------------------

</system-err></testcase><testcase classname="tests.test_images" name="test_no_split_line_line_algo_png" time="53.585"><system-out>--------------------------------- Captured Log ---------------------------------

--------------------------------- Captured Out ---------------------------------
/home/runner/work/ocr-book/ocr-book/tests/no_split_line_line_algo.png
1606935077504368128 : Checking separation double page angle 89.47691469185418
1606935077504477440 : Checking separation double page y=0 2476
1606935082971481600 : Checking page rotation 1 -0.14999999999999147
1606935092449575680 : Checking page rotation 2 -0.44999999999998863
1606935094315755264 : Checking image 1 crop x1 205
1606935094315955968 : Checking image 1 crop y1 158
1606935094316000768 : Checking image 1 crop x2 2320
1606935094316042240 : Checking image 1 crop y2 3366
1606935098224249344 : Checking image 2 crop x1 185
1606935098224379136 : Checking image 2 crop y1 221
1606935098224420864 : Checking image 2 crop x2 2201
1606935098224460032 : Checking image 2 crop y2 3366
1606935098267756544 : Checking image 1 dpi 300
1606935098267877120 : Checking image 1 border top 137
1606935098267919104 : Checking image 1 border bottom 142
1606935098267954432 : Checking image 1 border left 172
1606935098267989248 : Checking image 1 border right 172
1606935098270539776 : Checking image 2 dpi 300
1606935098270632960 : Checking image 2 border top 225
1606935098270669056 : Checking image 2 border bottom 117
1606935098270702848 : Checking image 2 border left 222
1606935098270736640 : Checking image 2 border right 222

</system-out><system-err>--------------------------------- Captured Err ---------------------------------

</system-err></testcase><testcase classname="tests.test_images" name="test_failed_split_line_line_algo_png" time="24.322"><system-out>--------------------------------- Captured Log ---------------------------------

--------------------------------- Captured Out ---------------------------------
/home/runner/work/ocr-book/ocr-book/tests/failed_split_line_line_algo.png
1606935108898247936 : Checking separation double page angle 90.01634220573249
1606935108898343680 : Checking separation double page y=0 2575
1606935112364913920 : Checking page rotation 1 -0.14999999999999147
1606935114554098176 : Checking page rotation 2 0.05
1606935115923632640 : Checking image 1 crop x1 407
1606935115923771392 : Checking image 1 crop y1 2925
1606935115923813632 : Checking image 1 crop x2 2419
1606935115923851520 : Checking image 1 crop y2 3174
1606935116653647616 : Checking image 2 crop x1 1180
1606935116653737216 : Checking image 2 crop y1 1724
1606935116653770752 : Checking image 2 crop x2 1181
1606935116653801728 : Checking image 2 crop y2 1725
1606935116654027776 : Checking image 1 dpi 300
1606935116654104320 : Checking image 1 border top 2930
1606935116654138112 : Checking image 1 border bottom 308
1606935116654171392 : Checking image 1 border left 224
1606935116654203648 : Checking image 1 border right 224
1606935116655492608 : Checking image 2 dpi 300
1606935116655567616 : Checking image 2 border top 1753
1606935116655601664 : Checking image 2 border bottom 1753
1606935116655633408 : Checking image 2 border left 1239
1606935116655665152 : Checking image 2 border right 1239

</system-out><system-err>--------------------------------- Captured Err ---------------------------------

</system-err></testcase><testcase classname="tests.test_images" name="test_failed_split_line_line_algo_2_png" time="66.266"><system-out>--------------------------------- Captured Log ---------------------------------

--------------------------------- Captured Out ---------------------------------
/home/runner/work/ocr-book/ocr-book/tests/failed_split_line_line_algo_2.png
1606935141783751168 : Checking separation double page angle 89.9913422057325
1606935141783855616 : Checking separation double page y=0 2498
1606935151318602240 : Checking page rotation 1 0.0
1606935159387045120 : Checking page rotation 2 0.6000000000000001
1606935162231169792 : Checking image 1 crop x1 272
1606935162231288576 : Checking image 1 crop y1 149
1606935162231325696 : Checking image 1 crop x2 2383
1606935162231359488 : Checking image 1 crop y2 3353
1606935164490472704 : Checking image 2 crop x1 121
1606935164490604544 : Checking image 2 crop y1 155
1606935164490649600 : Checking image 2 crop x2 2244
1606935164490692608 : Checking image 2 crop y2 3350
1606935164534720256 : Checking image 1 dpi 300
1606935164534835200 : Checking image 1 border top 137
1606935164534874368 : Checking image 1 border bottom 146
1606935164534907136 : Checking image 1 border left 174
1606935164534938624 : Checking image 1 border right 174
1606935164537306112 : Checking image 2 dpi 300
1606935164537402624 : Checking image 2 border top 138
1606935164537436672 : Checking image 2 border bottom 154
1606935164537467904 : Checking image 2 border left 168
1606935164537499136 : Checking image 2 border right 168

</system-out><system-err>--------------------------------- Captured Err ---------------------------------

</system-err></testcase><testcase classname="tests.test_images" name="test_crop_too_much_3_png" time="67.998"><system-out>--------------------------------- Captured Log ---------------------------------

--------------------------------- Captured Out ---------------------------------
/home/runner/work/ocr-book/ocr-book/tests/crop_too_much_3.png
1606935156106548480 : Checking separation double page angle 89.55580634783144
1606935156106652928 : Checking separation double page y=0 2499
1606935164090984448 : Checking page rotation 1 -0.9499999999999886
1606935176415590656 : Checking page rotation 2 -0.14999999999999147
1606935180493032704 : Checking image 1 crop x1 373
1606935180493188608 : Checking image 1 crop y1 258
1606935180493229568 : Checking image 1 crop x2 2386
1606935180493267200 : Checking image 1 crop y2 3458
1606935184568561920 : Checking image 2 crop x1 167
1606935184568700160 : Checking image 2 crop y1 228
1606935184568744704 : Checking image 2 crop x2 2180
1606935184568786432 : Checking image 2 crop y2 3417
1606935184618922240 : Checking image 1 dpi 300
1606935184619047936 : Checking image 1 border top 237
1606935184619087616 : Checking image 1 border bottom 50
1606935184619124224 : Checking image 1 border left 223
1606935184619159552 : Checking image 1 border right 223
1606935184621174272 : Checking image 2 dpi 300
1606935184621270528 : Checking image 2 border top 192
1606935184621307648 : Checking image 2 border bottom 106
1606935184621342464 : Checking image 2 border left 223
1606935184621376768 : Checking image 2 border right 223

</system-out><system-err>--------------------------------- Captured Err ---------------------------------

</system-err></testcase><testcase classname="tests.test_images" name="test_wrong_wave_split_line_2_png" time="69.054"><system-out>--------------------------------- Captured Log ---------------------------------

--------------------------------- Captured Out ---------------------------------
/home/runner/work/ocr-book/ocr-book/tests/wrong_wave_split_line_2.png
1606935210452902144 : Checking separation double page angle 90.7708958311329
1606935210453025792 : Checking separation double page y=0 2490
1606935218020614144 : Checking page rotation 1 0.4
1606935227553122304 : Checking page rotation 2 1.8
1606935230268912384 : Checking image 1 crop x1 224
1606935230269082624 : Checking image 1 crop y1 147
1606935230269128704 : Checking image 1 crop x2 2337
1606935230269170688 : Checking image 1 crop y2 3355
1606935233532665600 : Checking image 2 crop x1 107
1606935233532805120 : Checking image 2 crop y1 197
1606935233532850688 : Checking image 2 crop x2 2229
1606935233532892672 : Checking image 2 crop y2 3396
1606935233584345088 : Checking image 1 dpi 300
1606935233584467712 : Checking image 1 border top 126
1606935233584509440 : Checking image 1 border bottom 153
1606935233584544256 : Checking image 1 border left 173
1606935233584578816 : Checking image 1 border right 173
1606935233587148544 : Checking image 2 dpi 300
1606935233587250688 : Checking image 2 border top 170
1606935233587287296 : Checking image 2 border bottom 118
1606935233587326976 : Checking image 2 border left 169
1606935233587361792 : Checking image 2 border right 169

</system-out><system-err>--------------------------------- Captured Err ---------------------------------

</system-err></testcase><testcase classname="tests.test_images" name="test_wrong_wave_split_line_3_png" time="63.656"><system-out>--------------------------------- Captured Log ---------------------------------

--------------------------------- Captured Out ---------------------------------
/home/runner/work/ocr-book/ocr-book/tests/wrong_wave_split_line_3.png
1606935227143120640 : Checking separation double page angle 90.0586735161512
1606935227143223296 : Checking separation double page y=0 2510
1606935235867341568 : Checking page rotation 1 0.1
1606935242876222464 : Checking page rotation 2 0.35000000000000003
1606935245768163328 : Checking image 1 crop x1 272
1606935245768292864 : Checking image 1 crop y1 219
1606935245768334336 : Checking image 1 crop x2 2383
1606935245768371712 : Checking image 1 crop y2 3423
1606935248249214976 : Checking image 2 crop x1 119
1606935248249351936 : Checking image 2 crop y1 226
1606935248249398272 : Checking image 2 crop x2 2240
1606935248249440256 : Checking image 2 crop y2 3413
1606935248290617600 : Checking image 1 dpi 300
1606935248290734592 : Checking image 1 border top 190
1606935248290774784 : Checking image 1 border bottom 93
1606935248290811136 : Checking image 1 border left 174
1606935248290845696 : Checking image 1 border right 174
1606935248292773376 : Checking image 2 dpi 300
1606935248292863488 : Checking image 2 border top 190
1606935248292900352 : Checking image 2 border bottom 110
1606935248292934912 : Checking image 2 border left 169
1606935248292995328 : Checking image 2 border right 169

</system-out><system-err>--------------------------------- Captured Err ---------------------------------

</system-err></testcase></testsuite></testsuites>