<?xml version="1.0" encoding="utf-8"?><testsuites><testsuite errors="0" failures="0" hostname="fv-az137-914" name="pytest" skipped="0" tests="36" time="963.974" timestamp="2020-12-27T09:26:45.757504"><testcase classname="tests.test_features" name="test_disabled_enable_debug" time="46.080"><system-out>--------------------------------- Captured Log ---------------------------------

--------------------------------- Captured Out ---------------------------------
/home/runner/work/ocr-book/ocr-book/tests/0001_debug.png
separation double page angle 90.5528088189967
separation double page y=0 2485
page rotation 1 0.75
page rotation 2 0.2
image 1 crop x1 330
image 1 crop y1 336
image 1 crop x2 2343
image 1 crop y2 3223
image 2 crop x1 169
image 2 crop y1 648
image 2 crop x2 2186
image 2 crop y2 3361
image 1 dpi 300
image 1 border top 333
image 1 border bottom 266
image 1 border left 223
image 1 border right 223
image 2 dpi 300
image 2 border top 643
image 2 border bottom 131
image 2 border left 221
image 2 border right 221

</system-out><system-err>--------------------------------- Captured Err ---------------------------------

</system-err></testcase><testcase classname="tests.test_features" name="test_mock_stop_at_0" time="0.054"><system-out>--------------------------------- Captured Log ---------------------------------

--------------------------------- Captured Out ---------------------------------
/home/runner/work/ocr-book/ocr-book/tests/0001_0.png

</system-out><system-err>--------------------------------- Captured Err ---------------------------------

</system-err></testcase><testcase classname="tests.test_features" name="test_mock_stop_at_2" time="40.567"><system-out>--------------------------------- Captured Log ---------------------------------

--------------------------------- Captured Out ---------------------------------
/home/runner/work/ocr-book/ocr-book/tests/0001_2.png
separation double page angle 90.5528088189967
separation double page y=0 2485
page rotation 1 0.75
page rotation 2 0.2

</system-out><system-err>--------------------------------- Captured Err ---------------------------------

</system-err></testcase><testcase classname="tests.test_features" name="test_mock_stop_at_4" time="44.274"><system-out>--------------------------------- Captured Log ---------------------------------

--------------------------------- Captured Out ---------------------------------
/home/runner/work/ocr-book/ocr-book/tests/0001_4.png
separation double page angle 90.5528088189967
separation double page y=0 2485
page rotation 1 0.75
page rotation 2 0.2
image 1 crop x1 330
image 1 crop y1 336
image 1 crop x2 2343
image 1 crop y2 3223
image 2 crop x1 169
image 2 crop y1 648
image 2 crop x2 2186
image 2 crop y2 3361
image 1 dpi 300
image 1 border top 333
image 1 border bottom 266
image 1 border left 223
image 1 border right 223
image 2 dpi 300
image 2 border top 643
image 2 border bottom 131
image 2 border left 221
image 2 border right 221

</system-out><system-err>--------------------------------- Captured Err ---------------------------------

</system-err></testcase><testcase classname="tests.test_features" name="test_mock_stop_at_1" time="26.897"><system-out>--------------------------------- Captured Log ---------------------------------

--------------------------------- Captured Out ---------------------------------
/home/runner/work/ocr-book/ocr-book/tests/0001_1.png
separation double page angle 90.5528088189967
separation double page y=0 2485

</system-out><system-err>--------------------------------- Captured Err ---------------------------------

</system-err></testcase><testcase classname="tests.test_features" name="test_mock_stop_at_3" time="43.937"><system-out>--------------------------------- Captured Log ---------------------------------

--------------------------------- Captured Out ---------------------------------
/home/runner/work/ocr-book/ocr-book/tests/0001_3.png
separation double page angle 90.5528088189967
separation double page y=0 2485
page rotation 1 0.75
page rotation 2 0.2
image 1 crop x1 330
image 1 crop y1 336
image 1 crop x2 2343
image 1 crop y2 3223
image 2 crop x1 169
image 2 crop y1 648
image 2 crop x2 2186
image 2 crop y2 3361

</system-out><system-err>--------------------------------- Captured Err ---------------------------------

</system-err></testcase><testcase classname="tests.test_images" name="test_0001_png" time="55.602"><system-out>--------------------------------- Captured Log ---------------------------------

--------------------------------- Captured Out ---------------------------------
/home/runner/work/ocr-book/ocr-book/tests/0001.png
1609061324360225641 : Checking separation double page angle 90.5528088189967
1609061324360344449 : Checking separation double page y=0 2485
1609061331233725685 : Checking page rotation 1 0.75
1609061339884922740 : Checking page rotation 2 0.2
1609061343703326747 : Checking image 1 crop x1 330
1609061343703466656 : Checking image 1 crop y1 336
1609061343703508559 : Checking image 1 crop x2 2343
1609061343703546961 : Checking image 1 crop y2 3223
1609061347296579578 : Checking image 2 crop x1 169
1609061347296719386 : Checking image 2 crop y1 648
1609061347296762489 : Checking image 2 crop x2 2186
1609061347296799892 : Checking image 2 crop y2 3361
1609061347332973217 : Checking image 1 dpi 300
1609061347333080224 : Checking image 1 border top 333
1609061347333120327 : Checking image 1 border bottom 266
1609061347333156329 : Checking image 1 border left 223
1609061347333191331 : Checking image 1 border right 223
1609061347335132856 : Checking image 2 dpi 300
1609061347335215862 : Checking image 2 border top 643
1609061347335252464 : Checking image 2 border bottom 131
1609061347335287566 : Checking image 2 border left 221
1609061347335321868 : Checking image 2 border right 221

</system-out><system-err>--------------------------------- Captured Err ---------------------------------

</system-err></testcase><testcase classname="tests.test_features" name="test_mock_stop_at_5" time="45.316"><system-out>--------------------------------- Captured Log ---------------------------------

--------------------------------- Captured Out ---------------------------------
/home/runner/work/ocr-book/ocr-book/tests/0001_5.png
separation double page angle 90.5528088189967
separation double page y=0 2485
page rotation 1 0.75
page rotation 2 0.2
image 1 crop x1 330
image 1 crop y1 336
image 1 crop x2 2343
image 1 crop y2 3223
image 2 crop x1 169
image 2 crop y1 648
image 2 crop x2 2186
image 2 crop y2 3361
image 1 dpi 300
image 1 border top 333
image 1 border bottom 266
image 1 border left 223
image 1 border right 223
image 2 dpi 300
image 2 border top 643
image 2 border bottom 131
image 2 border left 221
image 2 border right 221

</system-out><system-err>--------------------------------- Captured Err ---------------------------------

</system-err></testcase><testcase classname="tests.test_images" name="test_black_border_not_removed_png" time="63.636"><system-out>--------------------------------- Captured Log ---------------------------------

--------------------------------- Captured Out ---------------------------------
/home/runner/work/ocr-book/ocr-book/tests/black-border-not-removed.png
1609061382646296089 : Checking separation double page angle 90.033171103531
1609061382646406896 : Checking separation double page y=0 2455
1609061389469443944 : Checking page rotation 1 0.0
1609061400090210240 : Checking page rotation 2 0.0
1609061404837902896 : Checking image 1 crop x1 297
1609061404838047505 : Checking image 1 crop y1 143
1609061404838088408 : Checking image 1 crop x2 2309
1609061404838125510 : Checking image 1 crop y2 3346
1609061410939484041 : Checking image 2 crop x1 159
1609061410939627450 : Checking image 2 crop y1 145
1609061410939668453 : Checking image 2 crop x2 2171
1609061410939707055 : Checking image 2 crop y2 3352
1609061410977919310 : Checking image 1 dpi 300
1609061410978035618 : Checking image 1 border top 132
1609061410978075420 : Checking image 1 border bottom 152
1609061410978111423 : Checking image 1 border left 224
1609061410978146325 : Checking image 1 border right 224
1609061410980223258 : Checking image 2 dpi 300
1609061410980310864 : Checking image 2 border top 132
1609061410980348266 : Checking image 2 border bottom 148
1609061410980383969 : Checking image 2 border left 224
1609061410980418571 : Checking image 2 border right 224

</system-out><system-err>--------------------------------- Captured Err ---------------------------------

</system-err></testcase><testcase classname="tests.test_images" name="test_2_pages_2_contours_png" time="36.536"><system-out>--------------------------------- Captured Log ---------------------------------

--------------------------------- Captured Out ---------------------------------
/home/runner/work/ocr-book/ocr-book/tests/2-pages-2-contours.png
1609061390760931585 : Checking separation double page angle 90.09036871657068
1609061390761054193 : Checking separation double page y=0 2486
1609061393048501918 : Checking page rotation 1 0.05
1609061399857890900 : Checking page rotation 2 0.30000000000000004
1609061401746401350 : Checking image 1 crop x1 1189
1609061401746513857 : Checking image 1 crop y1 1751
1609061401746552559 : Checking image 1 crop x2 1190
1609061401746586062 : Checking image 1 crop y2 1752
1609061405575376881 : Checking image 2 crop x1 101
1609061405575509789 : Checking image 2 crop y1 240
1609061405575551092 : Checking image 2 crop x2 2148
1609061405575591895 : Checking image 2 crop y2 3239
1609061405613975061 : Checking image 1 dpi 300
1609061405614088468 : Checking image 1 border top 1752
1609061405614127371 : Checking image 1 border bottom 1753
1609061405614162873 : Checking image 1 border left 1239
1609061405614196875 : Checking image 1 border right 1239
1609061405615312747 : Checking image 2 dpi 300
1609061405615392952 : Checking image 2 border top 230
1609061405615428054 : Checking image 2 border bottom 258
1609061405615462056 : Checking image 2 border left 206
1609061405615495459 : Checking image 2 border right 206

</system-out><system-err>--------------------------------- Captured Err ---------------------------------

</system-err></testcase><testcase classname="tests.test_images" name="test_wrong_split_line_png" time="43.765"><system-out>--------------------------------- Captured Log ---------------------------------

--------------------------------- Captured Out ---------------------------------
/home/runner/work/ocr-book/ocr-book/tests/wrong_split_line.png
1609061432222456948 : Checking separation double page angle 89.93395720607973
1609061432222564055 : Checking separation double page y=0 2465
1609061437728422317 : Checking page rotation 1 -0.14999999999999067
1609061443906770245 : Checking page rotation 2 0.5
1609061446551120440 : Checking image 1 crop x1 213
1609061446551252148 : Checking image 1 crop y1 157
1609061446551293851 : Checking image 1 crop x2 2323
1609061446551334954 : Checking image 1 crop y2 3362
1609061449337728669 : Checking image 2 crop x1 125
1609061449337861978 : Checking image 2 crop y1 165
1609061449337903780 : Checking image 2 crop x2 2237
1609061449337945083 : Checking image 2 crop y2 3374
1609061449375875219 : Checking image 1 dpi 300
1609061449375993426 : Checking image 1 border top 134
1609061449376032929 : Checking image 1 border bottom 148
1609061449376067731 : Checking image 1 border left 175
1609061449376102033 : Checking image 1 border right 175
1609061449377831244 : Checking image 2 dpi 300
1609061449377916350 : Checking image 2 border top 143
1609061449377953252 : Checking image 2 border bottom 135
1609061449377987254 : Checking image 2 border left 174
1609061449378020956 : Checking image 2 border right 174

</system-out><system-err>--------------------------------- Captured Err ---------------------------------

</system-err></testcase><testcase classname="tests.test_images" name="test_image_failed_to_rotate_png" time="64.320"><system-out>--------------------------------- Captured Log ---------------------------------

--------------------------------- Captured Out ---------------------------------
/home/runner/work/ocr-book/ocr-book/tests/image_failed_to_rotate.png
1609061444582647744 : Checking separation double page angle 90.13063640287984
1609061444582757151 : Checking separation double page y=0 2479
1609061449793265019 : Checking page rotation 1 0.35
1609061457828767355 : Checking page rotation 2 0.45
1609061469716507286 : Checking image 1 crop x1 34
1609061469716642795 : Checking image 1 crop y1 1
1609061469716685797 : Checking image 1 crop x2 2477
1609061469716726000 : Checking image 1 crop y2 3500
1609061475145841201 : Checking image 2 crop x1 167
1609061475145976910 : Checking image 2 crop y1 234
1609061475146018212 : Checking image 2 crop x2 2246
1609061475146057615 : Checking image 2 crop y2 3355
1609061475190961288 : Checking image 1 dpi 300
1609061475191076196 : Checking image 1 border top 4
1609061475191119298 : Checking image 1 border bottom 4
1609061475191155601 : Checking image 1 border left 19
1609061475191191403 : Checking image 1 border right 19
1609061475193696463 : Checking image 2 dpi 300
1609061475193796170 : Checking image 2 border top 218
1609061475193833172 : Checking image 2 border bottom 148
1609061475193869174 : Checking image 2 border left 190
1609061475193904277 : Checking image 2 border right 190

</system-out><system-err>--------------------------------- Captured Err ---------------------------------

</system-err></testcase><testcase classname="tests.test_images" name="test_crop_too_much_png" time="76.494"><system-out>--------------------------------- Captured Log ---------------------------------

--------------------------------- Captured Out ---------------------------------
/home/runner/work/ocr-book/ocr-book/tests/crop_too_much.png
1609061492838403490 : Checking separation double page angle 90.13239409272954
1609061492838512697 : Checking separation double page y=0 2455
1609061504219082774 : Checking page rotation 1 0.0
1609061515890727018 : Checking page rotation 2 0.45
1609061520981986625 : Checking image 1 crop x1 303
1609061520982120834 : Checking image 1 crop y1 148
1609061520982163236 : Checking image 1 crop x2 2313
1609061520982201639 : Checking image 1 crop y2 3351
1609061525803847868 : Checking image 2 crop x1 168
1609061525803984977 : Checking image 2 crop y1 155
1609061525804026880 : Checking image 2 crop x2 2179
1609061525804067782 : Checking image 2 crop y2 3359
1609061525854341796 : Checking image 1 dpi 300
1609061525854462004 : Checking image 1 border top 132
1609061525854502507 : Checking image 1 border bottom 152
1609061525854537709 : Checking image 1 border left 225
1609061525854572111 : Checking image 1 border right 225
1609061525856292721 : Checking image 2 dpi 300
1609061525856372826 : Checking image 2 border top 140
1609061525856408429 : Checking image 2 border bottom 143
1609061525856442731 : Checking image 2 border left 224
1609061525856476933 : Checking image 2 border right 224

</system-out><system-err>--------------------------------- Captured Err ---------------------------------

</system-err></testcase><testcase classname="tests.test_images" name="test_image_failed_to_crop_data_png" time="63.068"><system-out>--------------------------------- Captured Log ---------------------------------

--------------------------------- Captured Out ---------------------------------
/home/runner/work/ocr-book/ocr-book/tests/image_failed_to_crop_data.png
1609061508187729234 : Checking separation double page angle 90.053197600644
1609061508187841041 : Checking separation double page y=0 2480
1609061514288811452 : Checking page rotation 1 0.2
1609061520531087191 : Checking page rotation 2 0.0
1609061533238160855 : Checking image 1 crop x1 47
1609061533238309564 : Checking image 1 crop y1 7
1609061533238354067 : Checking image 1 crop x2 2478
1609061533238393669 : Checking image 1 crop y2 3502
1609061538268390420 : Checking image 2 crop x1 160
1609061538268535629 : Checking image 2 crop y1 217
1609061538268576532 : Checking image 2 crop x2 2242
1609061538268615134 : Checking image 2 crop y2 3350
1609061538303259756 : Checking image 1 dpi 300
1609061538303379563 : Checking image 1 border top 6
1609061538303421966 : Checking image 1 border bottom 6
1609061538303457668 : Checking image 1 border left 25
1609061538303494471 : Checking image 1 border right 25
1609061538305656609 : Checking image 2 dpi 300
1609061538305749415 : Checking image 2 border top 206
1609061538305787418 : Checking image 2 border bottom 148
1609061538305823020 : Checking image 2 border left 189
1609061538305858222 : Checking image 2 border right 189

</system-out><system-err>--------------------------------- Captured Err ---------------------------------

</system-err></testcase><testcase classname="tests.test_images" name="test_crop_too_few_png" time="46.072"><system-out>--------------------------------- Captured Log ---------------------------------

--------------------------------- Captured Out ---------------------------------
/home/runner/work/ocr-book/ocr-book/tests/crop_too_few.png
1609061553510720552 : Checking separation double page angle 89.54670238452755
1609061553510829159 : Checking separation double page y=0 2512
1609061559512100845 : Checking page rotation 1 -0.6499999999999977
1609061566116600302 : Checking page rotation 2 0.0
1609061569105863275 : Checking image 1 crop x1 263
1609061569105997584 : Checking image 1 crop y1 150
1609061569106038687 : Checking image 1 crop x2 2377
1609061569106077589 : Checking image 1 crop y2 3357
1609061571919182807 : Checking image 2 crop x1 137
1609061571919314016 : Checking image 2 crop y1 141
1609061571919355118 : Checking image 2 crop x2 2259
1609061571919395321 : Checking image 2 crop y2 3345
1609061571953896835 : Checking image 1 dpi 300
1609061571954015643 : Checking image 1 border top 129
1609061571954054746 : Checking image 1 border bottom 150
1609061571954090048 : Checking image 1 border left 173
1609061571954124150 : Checking image 1 border right 173
1609061571955815759 : Checking image 2 dpi 300
1609061571955897564 : Checking image 2 border top 130
1609061571955934066 : Checking image 2 border bottom 153
1609061571955968068 : Checking image 2 border left 169
1609061571956001671 : Checking image 2 border right 169

</system-out><system-err>--------------------------------- Captured Err ---------------------------------

</system-err></testcase><testcase classname="tests.test_images" name="test_wrong_angle_split_line_png" time="70.770"><system-out>--------------------------------- Captured Log ---------------------------------

--------------------------------- Captured Out ---------------------------------
/home/runner/work/ocr-book/ocr-book/tests/wrong_angle_split_line.png
1609061572320078938 : Checking separation double page angle 90.09193420006348
1609061572320191545 : Checking separation double page y=0 2478
1609061580572555797 : Checking page rotation 1 0.05
1609061589036656418 : Checking page rotation 2 0.0
1609061602489413278 : Checking image 1 crop x1 58
1609061602489560487 : Checking image 1 crop y1 7
1609061602489601790 : Checking image 1 crop x2 2472
1609061602489641492 : Checking image 1 crop y2 3505
1609061608185086589 : Checking image 2 crop x1 163
1609061608185232399 : Checking image 2 crop y1 217
1609061608185273001 : Checking image 2 crop x2 2246
1609061608185312304 : Checking image 2 crop y2 3350
1609061608359812386 : Checking image 1 dpi 300
1609061608359934594 : Checking image 1 border top 5
1609061608359977296 : Checking image 1 border bottom 5
1609061608360013199 : Checking image 1 border left 33
1609061608360048501 : Checking image 1 border right 33
1609061608370421065 : Checking image 2 dpi 300
1609061608370539373 : Checking image 2 border top 206
1609061608370576975 : Checking image 2 border bottom 148
1609061608370613178 : Checking image 2 border left 188
1609061608370648580 : Checking image 2 border right 188

</system-out><system-err>--------------------------------- Captured Err ---------------------------------

</system-err></testcase><testcase classname="tests.test_images" name="test_crop_too_much_2_png" time="83.469"><system-out>--------------------------------- Captured Log ---------------------------------

--------------------------------- Captured Out ---------------------------------
/home/runner/work/ocr-book/ocr-book/tests/crop_too_much_2.png
1609061619888448893 : Checking separation double page angle 90.1149074900787
1609061619888566701 : Checking separation double page y=0 2478
1609061631530375829 : Checking page rotation 1 0.2
1609061644542227154 : Checking page rotation 2 0.2
1609061649274493344 : Checking image 1 crop x1 332
1609061649274624152 : Checking image 1 crop y1 131
1609061649274665655 : Checking image 1 crop x2 2342
1609061649274704957 : Checking image 1 crop y2 3336
1609061655331053766 : Checking image 2 crop x1 162
1609061655331186475 : Checking image 2 crop y1 139
1609061655331228177 : Checking image 2 crop x2 2175
1609061655331269080 : Checking image 2 crop y2 3345
1609061655387489788 : Checking image 1 dpi 300
1609061655387609596 : Checking image 1 border top 119
1609061655387648098 : Checking image 1 border bottom 163
1609061655387682701 : Checking image 1 border left 225
1609061655387717103 : Checking image 1 border right 225
1609061655389490817 : Checking image 2 dpi 300
1609061655389580322 : Checking image 2 border top 130
1609061655389615825 : Checking image 2 border bottom 151
1609061655389649627 : Checking image 2 border left 223
1609061655389683029 : Checking image 2 border right 223

</system-out><system-err>--------------------------------- Captured Err ---------------------------------

</system-err></testcase><testcase classname="tests.test_images" name="test_angle_page_lower_split_line_png" time="54.009"><system-out>--------------------------------- Captured Log ---------------------------------

--------------------------------- Captured Out ---------------------------------
/home/runner/work/ocr-book/ocr-book/tests/angle_page_lower_split_line.png
1609061641047857554 : Checking separation double page angle 89.74927707086691
1609061641047967061 : Checking separation double page y=0 2474
1609061649532511486 : Checking page rotation 1 -0.4000000000000005
1609061656199743818 : Checking page rotation 2 0.2
1609061659641197686 : Checking image 1 crop x1 244
1609061659641365096 : Checking image 1 crop y1 160
1609061659641407999 : Checking image 1 crop x2 2350
1609061659641446902 : Checking image 1 crop y2 3365
1609061663117539291 : Checking image 2 crop x1 150
1609061663117684001 : Checking image 2 crop y1 147
1609061663117725103 : Checking image 2 crop x2 2257
1609061663117764106 : Checking image 2 crop y2 3350
1609061663157168135 : Checking image 1 dpi 300
1609061663157287442 : Checking image 1 border top 144
1609061663157327245 : Checking image 1 border bottom 138
1609061663157397049 : Checking image 1 border left 177
1609061663157432251 : Checking image 1 border right 177
1609061663159965514 : Checking image 2 dpi 300
1609061663160061320 : Checking image 2 border top 130
1609061663160098623 : Checking image 2 border bottom 154
1609061663160134225 : Checking image 2 border left 176
1609061663160169327 : Checking image 2 border right 176

</system-out><system-err>--------------------------------- Captured Err ---------------------------------

</system-err></testcase><testcase classname="tests.test_images" name="test_wrong_split_line_2_png" time="86.220"><system-out>--------------------------------- Captured Log ---------------------------------

--------------------------------- Captured Out ---------------------------------
/home/runner/work/ocr-book/ocr-book/tests/wrong_split_line_2.png
1609061699815975481 : Checking separation double page angle 90.19944704411863
1609061699816082688 : Checking separation double page y=0 2437
1609061711265302315 : Checking page rotation 1 0.2
1609061724561142640 : Checking page rotation 2 0.4
1609061731694950218 : Checking image 1 crop x1 294
1609061731695089127 : Checking image 1 crop y1 136
1609061731695128729 : Checking image 1 crop x2 2325
1609061731695169432 : Checking image 1 crop y2 3376
1609061741572622164 : Checking image 2 crop x1 140
1609061741572754173 : Checking image 2 crop y1 192
1609061741572795375 : Checking image 2 crop x2 2167
1609061741572835778 : Checking image 2 crop y2 3386
1609061741623687639 : Checking image 1 dpi 300
1609061741623809447 : Checking image 1 border top 131
1609061741623850049 : Checking image 1 border bottom 116
1609061741623884952 : Checking image 1 border left 214
1609061741623919354 : Checking image 1 border right 214
1609061741625677666 : Checking image 2 dpi 300
1609061741625763872 : Checking image 2 border top 183
1609061741625799074 : Checking image 2 border bottom 110
1609061741625832876 : Checking image 2 border left 216
1609061741625866179 : Checking image 2 border right 216

</system-out><system-err>--------------------------------- Captured Err ---------------------------------

</system-err></testcase><testcase classname="tests.test_images" name="test_wrong_wave_split_line_png" time="82.045"><system-out>--------------------------------- Captured Log ---------------------------------

--------------------------------- Captured Out ---------------------------------
/home/runner/work/ocr-book/ocr-book/tests/wrong_wave_split_line.png
1609061705505132452 : Checking separation double page angle 90.37878604107719
1609061705505246659 : Checking separation double page y=0 2500
1609061716486866584 : Checking page rotation 1 -0.14999999999999067
1609061726923881034 : Checking page rotation 2 0.85
1609061735994765517 : Checking image 1 crop x1 385
1609061735994903526 : Checking image 1 crop y1 179
1609061735994944428 : Checking image 1 crop x2 2411
1609061735994981131 : Checking image 1 crop y2 3374
1609061745135258414 : Checking image 2 crop x1 8
1609061745135401524 : Checking image 2 crop y1 0
1609061745135442726 : Checking image 2 crop x2 2415
1609061745135481729 : Checking image 2 crop y2 3505
1609061745191294108 : Checking image 1 dpi 300
1609061745191409615 : Checking image 1 border top 173
1609061745191449518 : Checking image 1 border bottom 119
1609061745191485220 : Checking image 1 border left 217
1609061745191520022 : Checking image 1 border right 217
1609061745193926676 : Checking image 2 dpi 300
1609061745194027283 : Checking image 2 border top 1
1609061745194067886 : Checking image 2 border bottom 1
1609061745194103188 : Checking image 2 border left 37
1609061745194138490 : Checking image 2 border right 37

</system-out><system-err>--------------------------------- Captured Err ---------------------------------

</system-err></testcase><testcase classname="tests.test_images" name="test_small_wave_png" time="71.668"><system-out>--------------------------------- Captured Log ---------------------------------

--------------------------------- Captured Out ---------------------------------
/home/runner/work/ocr-book/ocr-book/tests/small_wave.png
1609061787211034860 : Checking separation double page angle 90.58816928841564
1609061787211155068 : Checking separation double page y=0 2497
1609061797579600693 : Checking page rotation 1 0.65
1609061807170500260 : Checking page rotation 2 0.75
1609061810269071440 : Checking image 1 crop x1 320
1609061810269199249 : Checking image 1 crop y1 199
1609061810269240551 : Checking image 1 crop x2 2353
1609061810269279954 : Checking image 1 crop y2 3394
1609061813250258752 : Checking image 2 crop x1 132
1609061813250386661 : Checking image 2 crop y1 224
1609061813250428964 : Checking image 2 crop x2 2160
1609061813250470566 : Checking image 2 crop y2 3419
1609061813293546495 : Checking image 1 dpi 300
1609061813293661103 : Checking image 1 border top 179
1609061813293699705 : Checking image 1 border bottom 112
1609061813293734307 : Checking image 1 border left 213
1609061813293768310 : Checking image 1 border right 213
1609061813295441920 : Checking image 2 dpi 300
1609061813295519525 : Checking image 2 border top 197
1609061813295555327 : Checking image 2 border bottom 95
1609061813295588929 : Checking image 2 border left 216
1609061813295623131 : Checking image 2 border right 216

</system-out><system-err>--------------------------------- Captured Err ---------------------------------

</system-err></testcase><testcase classname="tests.test_images" name="test_no_split_line_line_algo_png" time="52.591"><system-out>--------------------------------- Captured Log ---------------------------------

--------------------------------- Captured Out ---------------------------------
/home/runner/work/ocr-book/ocr-book/tests/no_split_line_line_algo.png
1609061775871552966 : Checking separation double page angle 89.47691469185418
1609061775871660573 : Checking separation double page y=0 2476
1609061781104414530 : Checking page rotation 1 -0.14999999999999067
1609061790407439398 : Checking page rotation 2 -0.44999999999999746
1609061793156965757 : Checking image 1 crop x1 205
1609061793157108866 : Checking image 1 crop y1 158
1609061793157150769 : Checking image 1 crop x2 2320
1609061793157189371 : Checking image 1 crop y2 3366
1609061797755950544 : Checking image 2 crop x1 185
1609061797756086653 : Checking image 2 crop y1 221
1609061797756127655 : Checking image 2 crop x2 2201
1609061797756166158 : Checking image 2 crop y2 3366
1609061797801457873 : Checking image 1 dpi 300
1609061797801582981 : Checking image 1 border top 144
1609061797801622384 : Checking image 1 border bottom 134
1609061797801658586 : Checking image 1 border left 172
1609061797801693188 : Checking image 1 border right 172
1609061797804117344 : Checking image 2 dpi 300
1609061797804209350 : Checking image 2 border top 219
1609061797804246753 : Checking image 2 border bottom 123
1609061797804282555 : Checking image 2 border left 222
1609061797804317757 : Checking image 2 border right 222

</system-out><system-err>--------------------------------- Captured Err ---------------------------------

</system-err></testcase><testcase classname="tests.test_images" name="test_failed_split_line_line_algo_png" time="28.513"><system-out>--------------------------------- Captured Log ---------------------------------

--------------------------------- Captured Out ---------------------------------
/home/runner/work/ocr-book/ocr-book/tests/failed_split_line_line_algo.png
1609061816373324640 : Checking separation double page angle 90.04134220573248
1609061816373458249 : Checking separation double page y=0 2573
1609061819887687924 : Checking page rotation 1 -0.14999999999999067
1609061822204169352 : Checking page rotation 2 0.0
1609061824666947697 : Checking image 1 crop x1 407
1609061824667092307 : Checking image 1 crop y1 2925
1609061824667133109 : Checking image 1 crop x2 2419
1609061824667170012 : Checking image 1 crop y2 3174
1609061826345849439 : Checking image 2 crop x1 1184
1609061826345976447 : Checking image 2 crop y1 1748
1609061826346014249 : Checking image 2 crop x2 1185
1609061826346047951 : Checking image 2 crop y2 1749
1609061826346334570 : Checking image 1 dpi 300
1609061826346416075 : Checking image 1 border top 2922
1609061826346453677 : Checking image 1 border bottom 316
1609061826346489380 : Checking image 1 border left 224
1609061826346524482 : Checking image 1 border right 224
1609061826347787263 : Checking image 2 dpi 300
1609061826347868568 : Checking image 2 border top 1752
1609061826347905971 : Checking image 2 border bottom 1753
1609061826347941173 : Checking image 2 border left 1239
1609061826347975975 : Checking image 2 border right 1239

</system-out><system-err>--------------------------------- Captured Err ---------------------------------

</system-err></testcase><testcase classname="tests.test_images" name="test_wrong_split_line_3_png" time="58.049"><system-out>--------------------------------- Captured Log ---------------------------------

--------------------------------- Captured Out ---------------------------------
/home/runner/work/ocr-book/ocr-book/tests/wrong_split_line_3.png
1609061848097795225 : Checking separation double page angle 90.43729500214694
1609061848097912532 : Checking separation double page y=0 2498
1609061857478676595 : Checking page rotation 1 0.30000000000000004
1609061864560905061 : Checking page rotation 2 0.9
1609061868213877850 : Checking image 1 crop x1 331
1609061868214013259 : Checking image 1 crop y1 165
1609061868214052962 : Checking image 1 crop x2 2375
1609061868214091764 : Checking image 1 crop y2 3376
1609061871323783163 : Checking image 2 crop x1 102
1609061871323916972 : Checking image 2 crop y1 208
1609061871323958575 : Checking image 2 crop x2 2133
1609061871323999077 : Checking image 2 crop y2 3413
1609061871364341750 : Checking image 1 dpi 300
1609061871364465458 : Checking image 1 border top 157
1609061871364504560 : Checking image 1 border bottom 119
1609061871364539662 : Checking image 1 border left 208
1609061871364573765 : Checking image 1 border right 208
1609061871366366979 : Checking image 2 dpi 300
1609061871366454385 : Checking image 2 border top 187
1609061871366493087 : Checking image 2 border bottom 95
1609061871366526689 : Checking image 2 border left 214
1609061871366560391 : Checking image 2 border right 214

</system-out><system-err>--------------------------------- Captured Err ---------------------------------

</system-err></testcase><testcase classname="tests.test_images" name="test_failed_split_line_line_algo_2_png" time="65.342"><system-out>--------------------------------- Captured Log ---------------------------------

--------------------------------- Captured Out ---------------------------------
/home/runner/work/ocr-book/ocr-book/tests/failed_split_line_line_algo_2.png
1609061864550079468 : Checking separation double page angle 90.03068774449687
1609061864550184775 : Checking separation double page y=0 2500
1609061875443922197 : Checking page rotation 1 0.0
1609061884963160094 : Checking page rotation 2 0.6000000000000001
1609061888251170095 : Checking image 1 crop x1 272
1609061888251315905 : Checking image 1 crop y1 149
1609061888251356907 : Checking image 1 crop x2 2383
1609061888251393310 : Checking image 1 crop y2 3353
1609061891615954524 : Checking image 2 crop x1 121
1609061891616099833 : Checking image 2 crop y1 155
1609061891616141136 : Checking image 2 crop x2 2244
1609061891616180538 : Checking image 2 crop y2 3350
1609061891661295333 : Checking image 1 dpi 300
1609061891661453143 : Checking image 1 border top 138
1609061891661493246 : Checking image 1 border bottom 145
1609061891661528748 : Checking image 1 border left 174
1609061891661563150 : Checking image 1 border right 174
1609061891663658385 : Checking image 2 dpi 300
1609061891663743590 : Checking image 2 border top 136
1609061891663783393 : Checking image 2 border bottom 156
1609061891663824496 : Checking image 2 border left 168
1609061891663859698 : Checking image 2 border right 168

</system-out><system-err>--------------------------------- Captured Err ---------------------------------

</system-err></testcase><testcase classname="tests.test_images" name="test_crop_too_much_3_png" time="66.471"><system-out>--------------------------------- Captured Log ---------------------------------

--------------------------------- Captured Out ---------------------------------
/home/runner/work/ocr-book/ocr-book/tests/crop_too_much_3.png
1609061909568956221 : Checking separation double page angle 89.49330634783144
1609061909569071028 : Checking separation double page y=0 2498
1609061917792048281 : Checking page rotation 1 -0.8999999999999949
1609061928971614340 : Checking page rotation 2 -0.14999999999999067
1609061933091223157 : Checking image 1 crop x1 374
1609061933091349665 : Checking image 1 crop y1 258
1609061933091391868 : Checking image 1 crop x2 2385
1609061933091431571 : Checking image 1 crop y2 3459
1609061937779814861 : Checking image 2 crop x1 168
1609061937779943469 : Checking image 2 crop y1 228
1609061937779984772 : Checking image 2 crop x2 2181
1609061937780024475 : Checking image 2 crop y2 3417
1609061937830317110 : Checking image 1 dpi 300
1609061937830436217 : Checking image 1 border top 239
1609061937830475020 : Checking image 1 border bottom 47
1609061937830510522 : Checking image 1 border left 224
1609061937830544725 : Checking image 1 border right 224
1609061937832304141 : Checking image 2 dpi 300
1609061937832383847 : Checking image 2 border top 209
1609061937832419149 : Checking image 2 border bottom 89
1609061937832453151 : Checking image 2 border left 223
1609061937832486753 : Checking image 2 border right 223

</system-out><system-err>--------------------------------- Captured Err ---------------------------------

</system-err></testcase><testcase classname="tests.test_images" name="test_wrong_wave_split_line_2_png" time="70.905"><system-out>--------------------------------- Captured Log ---------------------------------

--------------------------------- Captured Out ---------------------------------
/home/runner/work/ocr-book/ocr-book/tests/wrong_wave_split_line_2.png
1609061931665181144 : Checking separation double page angle 90.7708958311329
1609061931665291951 : Checking separation double page y=0 2490
1609061940396806759 : Checking page rotation 1 0.4
1609061952104071403 : Checking page rotation 2 1.8
1609061955804582698 : Checking image 1 crop x1 224
1609061955804723207 : Checking image 1 crop y1 147
1609061955804763910 : Checking image 1 crop x2 2337
1609061955804802612 : Checking image 1 crop y2 3355
1609061962509909525 : Checking image 2 crop x1 107
1609061962510054535 : Checking image 2 crop y1 197
1609061962510095937 : Checking image 2 crop x2 2229
1609061962510134840 : Checking image 2 crop y2 3396
1609061962562447727 : Checking image 1 dpi 300
1609061962562569334 : Checking image 1 border top 137
1609061962562609437 : Checking image 1 border bottom 142
1609061962562645939 : Checking image 1 border left 173
1609061962562680742 : Checking image 1 border right 173
1609061962565154102 : Checking image 2 dpi 300
1609061962565248208 : Checking image 2 border top 171
1609061962565284610 : Checking image 2 border bottom 116
1609061962565319712 : Checking image 2 border left 169
1609061962565381116 : Checking image 2 border right 169

</system-out><system-err>--------------------------------- Captured Err ---------------------------------

</system-err></testcase><testcase classname="tests.test_images" name="test_wrong_wave_split_line_3_png" time="61.650"><system-out>--------------------------------- Captured Log ---------------------------------

--------------------------------- Captured Out ---------------------------------
/home/runner/work/ocr-book/ocr-book/tests/wrong_wave_split_line_3.png
1609061976195082308 : Checking separation double page angle 90.05826063695574
1609061976195198816 : Checking separation double page y=0 2514
1609061985955541305 : Checking page rotation 1 0.05
1609061992820076839 : Checking page rotation 2 0.30000000000000004
1609061996364143783 : Checking image 1 crop x1 273
1609061996364262791 : Checking image 1 crop y1 220
1609061996364315094 : Checking image 1 crop x2 2383
1609061996364352797 : Checking image 1 crop y2 3423
1609061999452536076 : Checking image 2 crop x1 114
1609061999452665384 : Checking image 2 crop y1 226
1609061999452707087 : Checking image 2 crop x2 2237
1609061999452746189 : Checking image 2 crop y2 3414
1609061999494092853 : Checking image 1 dpi 300
1609061999494215361 : Checking image 1 border top 202
1609061999494254264 : Checking image 1 border bottom 82
1609061999494289066 : Checking image 1 border left 175
1609061999494322868 : Checking image 1 border right 175
1609061999496005577 : Checking image 2 dpi 300
1609061999496082081 : Checking image 2 border top 207
1609061999496117184 : Checking image 2 border bottom 92
1609061999496150586 : Checking image 2 border left 168
1609061999496183788 : Checking image 2 border right 168

</system-out><system-err>--------------------------------- Captured Err ---------------------------------

</system-err></testcase><testcase classname="tests.test_images" name="test_no_split_line_wave_algo_png" time="70.514"><system-out>--------------------------------- Captured Log ---------------------------------

--------------------------------- Captured Out ---------------------------------
/home/runner/work/ocr-book/ocr-book/tests/no_split_line_wave_algo.png
1609061997575676245 : Checking separation double page angle 89.72500000000001
1609061997575789452 : Checking separation double page y=0 2484
1609062003955762229 : Checking page rotation 1 0.0
1609062013669810683 : Checking page rotation 2 -0.49999999999999434
1609062024144769420 : Checking image 1 crop x1 97
1609062024144857325 : Checking image 1 crop y1 79
1609062024144895728 : Checking image 1 crop x2 2494
1609062024144932630 : Checking image 1 crop y2 3505
1609062032994834180 : Checking image 2 crop x1 163
1609062032994974589 : Checking image 2 crop y1 266
1609062032995017491 : Checking image 2 crop x2 2238
1609062032995054794 : Checking image 2 crop y2 3381
1609062033039252839 : Checking image 1 dpi 300
1609062033039373447 : Checking image 1 border top 41
1609062033039413350 : Checking image 1 border bottom 41
1609062033039449252 : Checking image 1 border left 42
1609062033039484154 : Checking image 1 border right 42
1609062033042020318 : Checking image 2 dpi 300
1609062033042120824 : Checking image 2 border top 258
1609062033042157926 : Checking image 2 border bottom 114
1609062033042193029 : Checking image 2 border left 192
1609062033042228331 : Checking image 2 border right 192

</system-out><system-err>--------------------------------- Captured Err ---------------------------------

</system-err></testcase><testcase classname="tests.test_images" name="test_no_split_line_wave_algo_2_png" time="53.335"><system-out>--------------------------------- Captured Log ---------------------------------

--------------------------------- Captured Out ---------------------------------
/home/runner/work/ocr-book/ocr-book/tests/no_split_line_wave_algo_2.png
1609062030805068491 : Checking separation double page angle 90.54999999999998
1609062030805189099 : Checking separation double page y=0 2478
1609062038408165329 : Checking page rotation 1 1.1500000000000001
1609062046632716367 : Checking page rotation 2 0.2
1609062049885444759 : Checking image 1 crop x1 266
1609062049885582968 : Checking image 1 crop y1 209
1609062049885624471 : Checking image 1 crop x2 2342
1609062049885663873 : Checking image 1 crop y2 3413
1609062052792560775 : Checking image 2 crop x1 168
1609062052792690284 : Checking image 2 crop y1 241
1609062052792730386 : Checking image 2 crop x2 2251
1609062052792769689 : Checking image 2 crop y2 3433
1609062052834736191 : Checking image 1 dpi 300
1609062052834853998 : Checking image 1 border top 191
1609062052834893501 : Checking image 1 border bottom 92
1609062052834928703 : Checking image 1 border left 192
1609062052834963005 : Checking image 1 border right 192
1609062052836639613 : Checking image 2 dpi 300
1609062052836713818 : Checking image 2 border top 224
1609062052836749020 : Checking image 2 border bottom 71
1609062052836782422 : Checking image 2 border left 188
1609062052836815724 : Checking image 2 border right 188

</system-out><system-err>--------------------------------- Captured Err ---------------------------------

</system-err></testcase><testcase classname="tests.test_images" name="test_crop_too_few_2_png" time="50.724"><system-out>--------------------------------- Captured Log ---------------------------------

--------------------------------- Captured Out ---------------------------------
/home/runner/work/ocr-book/ocr-book/tests/crop_too_few_2.png
1609062062908722663 : Checking separation double page angle 90.30476192320097
1609062062908827870 : Checking separation double page y=0 2531
1609062070374250978 : Checking page rotation 1 1.2000000000000002
1609062076716293487 : Checking page rotation 2 -0.04999999999999689
1609062080127479431 : Checking image 1 crop x1 287
1609062080127619440 : Checking image 1 crop y1 165
1609062080127658743 : Checking image 1 crop x2 2398
1609062080127695445 : Checking image 1 crop y2 3368
1609062083792059462 : Checking image 2 crop x1 149
1609062083792199371 : Checking image 2 crop y1 189
1609062083792238173 : Checking image 2 crop x2 2273
1609062083792277676 : Checking image 2 crop y2 3386
1609062083831191377 : Checking image 1 dpi 300
1609062083831305984 : Checking image 1 border top 157
1609062083831345787 : Checking image 1 border bottom 127
1609062083831381589 : Checking image 1 border left 174
1609062083831416691 : Checking image 1 border right 174
1609062083833424620 : Checking image 2 dpi 300
1609062083833511026 : Checking image 2 border top 181
1609062083833547228 : Checking image 2 border bottom 109
1609062083833581730 : Checking image 2 border left 168
1609062083833616133 : Checking image 2 border right 168

</system-out><system-err>--------------------------------- Captured Err ---------------------------------

</system-err></testcase><testcase classname="tests.test_images" name="test_failed_detect_rectangle_png" time="69.574"><system-out>--------------------------------- Captured Log ---------------------------------

--------------------------------- Captured Out ---------------------------------
/home/runner/work/ocr-book/ocr-book/tests/failed_detect_rectangle.png
1609062088962595911 : Checking separation double page angle 90.19837516213148
1609062088962710318 : Checking separation double page y=0 2474
1609062098202612600 : Checking page rotation 1 0.2
1609062115602264014 : Checking page rotation 2 0.2
1609062119021953293 : Checking image 1 crop x1 257
1609062119022085602 : Checking image 1 crop y1 201
1609062119022126704 : Checking image 1 crop x2 2333
1609062119022165907 : Checking image 1 crop y2 3402
1609062122349296113 : Checking image 2 crop x1 136
1609062122349458623 : Checking image 2 crop y1 215
1609062122349502326 : Checking image 2 crop x2 2219
1609062122349542229 : Checking image 2 crop y2 3406
1609062122399784754 : Checking image 1 dpi 300
1609062122399906762 : Checking image 1 border top 188
1609062122399945765 : Checking image 1 border bottom 97
1609062122399980467 : Checking image 1 border left 192
1609062122400014069 : Checking image 1 border right 192
1609062122401744680 : Checking image 2 dpi 300
1609062122401832186 : Checking image 2 border top 200
1609062122401867688 : Checking image 2 border bottom 95
1609062122401901190 : Checking image 2 border left 188
1609062122401934592 : Checking image 2 border right 188

</system-out><system-err>--------------------------------- Captured Err ---------------------------------

</system-err></testcase><testcase classname="tests.test_images" name="test_single_page_png" time="26.536"><system-out>--------------------------------- Captured Log ---------------------------------

--------------------------------- Captured Out ---------------------------------
/home/runner/work/ocr-book/ocr-book/tests/single_page.png
1609062095390503014 : Checking separation double page angle 90.04999999999998
1609062095390630322 : Checking separation double page y=0 2476
1609062100961217740 : Checking page rotation 1 0.0
1609062101575710039 : Checking page rotation 2 0.0
1609062109393305491 : Checking image 1 crop x1 1
1609062109393439299 : Checking image 1 crop y1 8
1609062109393478302 : Checking image 1 crop x2 2470
1609062109393515804 : Checking image 1 crop y2 3505
1609062110015319875 : Checking image 2 crop x1 0
1609062110015394779 : Checking image 2 crop y1 0
1609062110015429482 : Checking image 2 crop x2 0
1609062110015462084 : Checking image 2 crop y2 0
1609062110015535788 : Checking image 1 dpi 300
1609062110015602693 : Checking image 1 border top 5
1609062110015638595 : Checking image 1 border bottom 5
1609062110015673497 : Checking image 1 border left 6
1609062110015708400 : Checking image 1 border right 6
1609062110021486770 : Checking image 2 border top 0
1609062110021555074 : Checking image 2 border bottom 0
1609062110021589077 : Checking image 2 border left 0
1609062110021622379 : Checking image 2 border right 0

</system-out><system-err>--------------------------------- Captured Err ---------------------------------

</system-err></testcase><testcase classname="tests.test_images" name="test_wrong_split_line_4_png" time="30.864"><system-out>--------------------------------- Captured Log ---------------------------------

--------------------------------- Captured Out ---------------------------------
/home/runner/work/ocr-book/ocr-book/tests/wrong_split_line_4.png
1609062128022173988 : Checking separation double page angle 91.04999999999998
1609062128022282295 : Checking separation double page y=0 60
1609062128329133132 : Checking page rotation 1 1.05
1609062136300719402 : Checking page rotation 2 1.1500000000000001
1609062136901898336 : Checking image 1 crop x1 0
1609062136901968141 : Checking image 1 crop y1 0
1609062136902003743 : Checking image 1 crop x2 0
1609062136902037145 : Checking image 1 crop y2 0
1609062141228286441 : Checking image 2 crop x1 292
1609062141228411850 : Checking image 2 crop y1 330
1609062141228450052 : Checking image 2 crop x2 2314
1609062141228485054 : Checking image 2 crop y2 3218
1609062141275900300 : Checking image 1 border top 0
1609062141275973404 : Checking image 1 border bottom 0
1609062141276013007 : Checking image 1 border left 0
1609062141276047709 : Checking image 1 border right 0
1609062141276107313 : Checking image 2 dpi 300
1609062141276185818 : Checking image 2 border top 322
1609062141276221520 : Checking image 2 border bottom 277
1609062141276255823 : Checking image 2 border left 219
1609062141276290025 : Checking image 2 border right 219

</system-out><system-err>--------------------------------- Captured Err ---------------------------------

</system-err></testcase><testcase classname="tests.test_images" name="test_no_split_line_wave_algo_3_png" time="19.673"><system-out>--------------------------------- Captured Log ---------------------------------

--------------------------------- Captured Out ---------------------------------
/home/runner/work/ocr-book/ocr-book/tests/no_split_line_wave_algo_3.png
1609062133492143012 : Checking separation double page angle 90.14999999999998
1609062133492266120 : Checking separation double page y=0 2408
1609062136689152664 : Checking page rotation 1 0.0
1609062137075674104 : Checking page rotation 2 0.35
1609062141537972433 : Checking image 1 crop x1 184
1609062141538097241 : Checking image 1 crop y1 2957
1609062141538130843 : Checking image 1 crop x2 2201
1609062141538162645 : Checking image 1 crop y2 3202
1609062142068301896 : Checking image 2 crop x1 0
1609062142068372801 : Checking image 2 crop y1 0
1609062142068403603 : Checking image 2 crop x2 0
1609062142068433005 : Checking image 2 crop y2 0
1609062142068516410 : Checking image 1 dpi 300
1609062142068589015 : Checking image 1 border top 2950
1609062142068622517 : Checking image 1 border bottom 292
1609062142068653619 : Checking image 1 border left 221
1609062142068684121 : Checking image 1 border right 221
1609062142074673205 : Checking image 2 border top 0
1609062142074738310 : Checking image 2 border bottom 0
1609062142074768512 : Checking image 2 border left 0
1609062142074798314 : Checking image 2 border right 0

</system-out><system-err>--------------------------------- Captured Err ---------------------------------

</system-err></testcase><testcase classname="tests.test_images" name="test_failed_split_line_line_algo_3_png" time="26.258"><system-out>--------------------------------- Captured Log ---------------------------------

--------------------------------- Captured Out ---------------------------------
/home/runner/work/ocr-book/ocr-book/tests/failed_split_line_line_algo_3.png
1609062155252263925 : Checking separation double page angle 90.0
1609062155252384733 : Checking separation double page y=0 40
1609062155427498163 : Checking page rotation 1 0.0
1609062160109127655 : Checking page rotation 2 0.0
1609062160527656414 : Checking image 1 crop x1 0
1609062160527724418 : Checking image 1 crop y1 0
1609062160527756620 : Checking image 1 crop x2 0
1609062160527788022 : Checking image 1 crop y2 0
1609062167509567623 : Checking image 2 crop x1 246
1609062167509690531 : Checking image 2 crop y1 154
1609062167509726133 : Checking image 2 crop x2 2259
1609062167509760235 : Checking image 2 crop y2 3361
1609062167549045362 : Checking image 1 border top 0
1609062167549115667 : Checking image 1 border bottom 0
1609062167549153269 : Checking image 1 border left 0
1609062167549186872 : Checking image 1 border right 0
1609062167549245675 : Checking image 2 dpi 300
1609062167549318580 : Checking image 2 border top 146
1609062167549375784 : Checking image 2 border bottom 134
1609062167549408086 : Checking image 2 border left 223
1609062167549439988 : Checking image 2 border right 223

</system-out><system-err>--------------------------------- Captured Err ---------------------------------

</system-err></testcase></testsuite></testsuites>