<?xml version="1.0" encoding="utf-8"?><testsuites><testsuite name="pytest" errors="0" failures="0" skipped="0" tests="36" time="392.867" timestamp="2021-05-12T13:49:43.712980" hostname="fv-az137-368"><testcase classname="tests.test_features" name="test_mock_stop_at_0" time="0.055"><system-out>--------------------------------- Captured Log ---------------------------------

--------------------------------- Captured Out ---------------------------------
/home/runner/work/diptych/diptych/tests/0001_0.png

</system-out><system-err>--------------------------------- Captured Err ---------------------------------

</system-err></testcase><testcase classname="tests.test_features" name="test_disabled_enable_debug" time="24.064"><system-out>--------------------------------- Captured Log ---------------------------------

--------------------------------- Captured Out ---------------------------------
/home/runner/work/diptych/diptych/tests/0001_debug.png
separation double page angle 90.55756528497216
separation double page y=0 2484
page rotation 1 0.65
page rotation 2 0.2
image 1 crop x1 329
image 1 crop y1 335
image 1 crop x2 2344
image 1 crop y2 3222
image 2 crop x1 171
image 2 crop y1 648
image 2 crop x2 2188
image 2 crop y2 3361
image 1 dpi 300
image 1 border top 327
image 1 border bottom 273
image 1 border left 222
image 1 border right 222
image 2 dpi 300
image 2 border top 643
image 2 border bottom 131
image 2 border left 221
image 2 border right 221

</system-out><system-err>--------------------------------- Captured Err ---------------------------------

</system-err></testcase><testcase classname="tests.test_features" name="test_mock_stop_at_2" time="17.006"><system-out>--------------------------------- Captured Log ---------------------------------

--------------------------------- Captured Out ---------------------------------
/home/runner/work/diptych/diptych/tests/0001_2.png
separation double page angle 90.55756528497216
separation double page y=0 2484
page rotation 1 0.65
page rotation 2 0.2

</system-out><system-err>--------------------------------- Captured Err ---------------------------------

</system-err></testcase><testcase classname="tests.test_features" name="test_mock_stop_at_4" time="23.754"><system-out>--------------------------------- Captured Log ---------------------------------

--------------------------------- Captured Out ---------------------------------
/home/runner/work/diptych/diptych/tests/0001_4.png
separation double page angle 90.55756528497216
separation double page y=0 2484
page rotation 1 0.65
page rotation 2 0.2
image 1 crop x1 329
image 1 crop y1 335
image 1 crop x2 2344
image 1 crop y2 3222
image 2 crop x1 171
image 2 crop y1 648
image 2 crop x2 2188
image 2 crop y2 3361
image 1 dpi 300
image 1 border top 326
image 1 border bottom 274
image 1 border left 222
image 1 border right 222
image 2 dpi 300
image 2 border top 643
image 2 border bottom 131
image 2 border left 221
image 2 border right 221

</system-out><system-err>--------------------------------- Captured Err ---------------------------------

</system-err></testcase><testcase classname="tests.test_features" name="test_mock_stop_at_1" time="13.916"><system-out>--------------------------------- Captured Log ---------------------------------

--------------------------------- Captured Out ---------------------------------
/home/runner/work/diptych/diptych/tests/0001_1.png
separation double page angle 90.55756528497216
separation double page y=0 2484

</system-out><system-err>--------------------------------- Captured Err ---------------------------------

</system-err></testcase><testcase classname="tests.test_features" name="test_mock_stop_at_3" time="25.238"><system-out>--------------------------------- Captured Log ---------------------------------

--------------------------------- Captured Out ---------------------------------
/home/runner/work/diptych/diptych/tests/0001_3.png
separation double page angle 90.55756528497216
separation double page y=0 2484
page rotation 1 0.65
page rotation 2 0.2
image 1 crop x1 329
image 1 crop y1 335
image 1 crop x2 2344
image 1 crop y2 3222
image 2 crop x1 171
image 2 crop y1 648
image 2 crop x2 2188
image 2 crop y2 3361

</system-out><system-err>--------------------------------- Captured Err ---------------------------------

</system-err></testcase><testcase classname="tests.test_images" name="test_0001_png" time="22.454"><system-out>--------------------------------- Captured Log ---------------------------------

--------------------------------- Captured Out ---------------------------------
/home/runner/work/diptych/diptych/tests/0001.png
1620827440716863814 : Checking separation double page angle 90.55756528497216
1620827440716980516 : Checking separation double page y=0 2484
1620827441858126441 : Checking page rotation 1 0.65
1620827443164568112 : Checking page rotation 2 0.2
1620827445802342811 : Checking image 1 crop x1 329
1620827445802471214 : Checking image 1 crop y1 335
1620827445802508514 : Checking image 1 crop x2 2344
1620827445802541615 : Checking image 1 crop y2 3222
1620827448220839118 : Checking image 2 crop x1 171
1620827448220967120 : Checking image 2 crop y1 648
1620827448221005521 : Checking image 2 crop x2 2188
1620827448221040222 : Checking image 2 crop y2 3361
1620827448221220325 : Checking image 1 dpi 300
1620827448221292526 : Checking image 1 border top 326
1620827448221327727 : Checking image 1 border bottom 274
1620827448221360927 : Checking image 1 border left 222
1620827448221392128 : Checking image 1 border right 222
1620827448223774470 : Checking image 2 dpi 300
1620827448223863572 : Checking image 2 border top 643
1620827448223897773 : Checking image 2 border bottom 131
1620827448223929173 : Checking image 2 border left 221
1620827448223960174 : Checking image 2 border right 221

</system-out><system-err>--------------------------------- Captured Err ---------------------------------

</system-err></testcase><testcase classname="tests.test_features" name="test_mock_stop_at_5" time="22.436"><system-out>--------------------------------- Captured Log ---------------------------------

--------------------------------- Captured Out ---------------------------------
/home/runner/work/diptych/diptych/tests/0001_5.png
separation double page angle 90.55756528497216
separation double page y=0 2484
page rotation 1 0.65
page rotation 2 0.2
image 1 crop x1 329
image 1 crop y1 335
image 1 crop x2 2344
image 1 crop y2 3222
image 2 crop x1 171
image 2 crop y1 648
image 2 crop x2 2188
image 2 crop y2 3361
image 1 dpi 300
image 1 border top 326
image 1 border bottom 274
image 1 border left 222
image 1 border right 222
image 2 dpi 300
image 2 border top 643
image 2 border bottom 131
image 2 border left 221
image 2 border right 221

</system-out><system-err>--------------------------------- Captured Err ---------------------------------

</system-err></testcase><testcase classname="tests.test_images" name="test_black_border_not_removed_png" time="22.190"><system-out>--------------------------------- Captured Log ---------------------------------

--------------------------------- Captured Out ---------------------------------
/home/runner/work/diptych/diptych/tests/black-border-not-removed.png
1620827460996958017 : Checking separation double page angle 90.01516396500199
1620827460997067419 : Checking separation double page y=0 2455
1620827462066095513 : Checking page rotation 1 0.0
1620827463528583655 : Checking page rotation 2 0.1
1620827466040461280 : Checking image 1 crop x1 297
1620827466040597483 : Checking image 1 crop y1 143
1620827466040637784 : Checking image 1 crop x2 2309
1620827466040675184 : Checking image 1 crop y2 3346
1620827470411273895 : Checking image 2 crop x1 154
1620827470411428098 : Checking image 2 crop y1 144
1620827470411468399 : Checking image 2 crop x2 2168
1620827470411508600 : Checking image 2 crop y2 3351
1620827470411691603 : Checking image 1 dpi 300
1620827470411768705 : Checking image 1 border top 131
1620827470411804905 : Checking image 1 border bottom 153
1620827470411839206 : Checking image 1 border left 224
1620827470411873306 : Checking image 1 border right 224
1620827470414300051 : Checking image 2 dpi 300
1620827470414388453 : Checking image 2 border top 133
1620827470414425554 : Checking image 2 border bottom 147
1620827470414460354 : Checking image 2 border left 223
1620827470414495055 : Checking image 2 border right 223

</system-out><system-err>--------------------------------- Captured Err ---------------------------------

</system-err></testcase><testcase classname="tests.test_images" name="test_image_failed_to_rotate_png" time="27.790"><system-out>--------------------------------- Captured Log ---------------------------------

--------------------------------- Captured Out ---------------------------------
/home/runner/work/diptych/diptych/tests/image_failed_to_rotate.png
1620827485857521217 : Checking separation double page angle 90.35651650869968
1620827485857634519 : Checking separation double page y=0 2483
1620827487755821807 : Checking page rotation 1 0.45
1620827489021809995 : Checking page rotation 2 0.2
1620827494678697554 : Checking image 1 crop x1 31
1620827494678838156 : Checking image 1 crop y1 1
1620827494678880057 : Checking image 1 crop x2 2481
1620827494678919358 : Checking image 1 crop y2 3504
1620827498094952526 : Checking image 2 crop x1 171
1620827498095089629 : Checking image 2 crop y1 231
1620827498095129730 : Checking image 2 crop x2 2259
1620827498095168830 : Checking image 2 crop y2 3358
1620827498095366534 : Checking image 1 dpi 300
1620827498095446335 : Checking image 1 border top 2
1620827498095484636 : Checking image 1 border bottom 2
1620827498095519037 : Checking image 1 border left 15
1620827498095553237 : Checking image 1 border right 15
1620827498098105984 : Checking image 2 dpi 300
1620827498098199686 : Checking image 2 border top 217
1620827498098235787 : Checking image 2 border bottom 143
1620827498098269587 : Checking image 2 border left 186
1620827498098303188 : Checking image 2 border right 186

</system-out><system-err>--------------------------------- Captured Err ---------------------------------

</system-err></testcase><testcase classname="tests.test_images" name="test_2_pages_2_contours_png" time="15.694"><system-out>--------------------------------- Captured Log ---------------------------------

--------------------------------- Captured Out ---------------------------------
/home/runner/work/diptych/diptych/tests/2-pages-2-contours.png
1620827481524966752 : Checking separation double page angle 90.14230271514262
1620827481525089754 : Checking separation double page y=0 2488
1620827482094967359 : Checking page rotation 1 0.0
1620827483101672617 : Checking page rotation 2 0.2
1620827483956219869 : Checking image 1 crop x1 1189
1620827483956323271 : Checking image 1 crop y1 1751
1620827483956362872 : Checking image 1 crop x2 1190
1620827483956397572 : Checking image 1 crop y2 1752
1620827486312999413 : Checking image 2 crop x1 100
1620827486313123015 : Checking image 2 crop y1 240
1620827486313166116 : Checking image 2 crop x2 2148
1620827486313205217 : Checking image 2 crop y2 3240
1620827486313388820 : Checking image 1 dpi 300
1620827486313462121 : Checking image 1 border top 1752
1620827486313498822 : Checking image 1 border bottom 1753
1620827486313533923 : Checking image 1 border left 1239
1620827486313569023 : Checking image 1 border right 1239
1620827486315680362 : Checking image 2 dpi 300
1620827486315771764 : Checking image 2 border top 230
1620827486315808765 : Checking image 2 border bottom 256
1620827486315843965 : Checking image 2 border left 206
1620827486315879166 : Checking image 2 border right 206

</system-out><system-err>--------------------------------- Captured Err ---------------------------------

</system-err></testcase><testcase classname="tests.test_images" name="test_wrong_split_line_png" time="18.793"><system-out>--------------------------------- Captured Log ---------------------------------

--------------------------------- Captured Out ---------------------------------
/home/runner/work/diptych/diptych/tests/wrong_split_line.png
1620827499652956075 : Checking separation double page angle 89.95895720607972
1620827499653066577 : Checking separation double page y=0 2466
1620827500620457403 : Checking page rotation 1 -0.04999999999999689
1620827501592869521 : Checking page rotation 2 0.45
1620827502978368709 : Checking image 1 crop x1 211
1620827502978491111 : Checking image 1 crop y1 156
1620827502978529212 : Checking image 1 crop x2 2323
1620827502978565413 : Checking image 1 crop y2 3363
1620827505103685972 : Checking image 2 crop x1 123
1620827505103805974 : Checking image 2 crop y1 164
1620827505103844575 : Checking image 2 crop x2 2237
1620827505103882276 : Checking image 2 crop y2 3375
1620827505104074779 : Checking image 1 dpi 300
1620827505104152581 : Checking image 1 border top 135
1620827505104187381 : Checking image 1 border bottom 145
1620827505104220182 : Checking image 1 border left 174
1620827505104254383 : Checking image 1 border right 174
1620827505106964532 : Checking image 2 dpi 300
1620827505107049934 : Checking image 2 border top 141
1620827505107084435 : Checking image 2 border bottom 135
1620827505107116935 : Checking image 2 border left 173
1620827505107149036 : Checking image 2 border right 173

</system-out><system-err>--------------------------------- Captured Err ---------------------------------

</system-err></testcase><testcase classname="tests.test_images" name="test_image_failed_to_crop_data_png" time="38.485"><system-out>--------------------------------- Captured Log ---------------------------------

--------------------------------- Captured Out ---------------------------------
/home/runner/work/diptych/diptych/tests/image_failed_to_crop_data.png
1620827517683999560 : Checking separation double page angle 90.09350257645173
1620827517684104262 : Checking separation double page y=0 2479
1620827522322545623 : Checking page rotation 1 0.15000000000000002
1620827523423727823 : Checking page rotation 2 0.05
1620827533554711970 : Checking image 1 crop x1 46
1620827533554851572 : Checking image 1 crop y1 1
1620827533554895973 : Checking image 1 crop x2 2477
1620827533554933874 : Checking image 1 crop y2 3505
1620827536619517135 : Checking image 2 crop x1 164
1620827536619650038 : Checking image 2 crop y1 217
1620827536619689739 : Checking image 2 crop x2 2245
1620827536619727739 : Checking image 2 crop y2 3350
1620827536619919743 : Checking image 1 dpi 300
1620827536619996544 : Checking image 1 border top 2
1620827536620034245 : Checking image 1 border bottom 2
1620827536620068845 : Checking image 1 border left 25
1620827536620102846 : Checking image 1 border right 25
1620827536622652392 : Checking image 2 dpi 300
1620827536622739694 : Checking image 2 border top 206
1620827536622776195 : Checking image 2 border bottom 148
1620827536622810995 : Checking image 2 border left 189
1620827536622844796 : Checking image 2 border right 189

</system-out><system-err>--------------------------------- Captured Err ---------------------------------

</system-err></testcase><testcase classname="tests.test_images" name="test_crop_too_much_png" time="24.886"><system-out>--------------------------------- Captured Log ---------------------------------

--------------------------------- Captured Out ---------------------------------
/home/runner/work/diptych/diptych/tests/crop_too_much.png
1620827519556249039 : Checking separation double page angle 90.16929865985193
1620827519556362641 : Checking separation double page y=0 2456
1620827521396517920 : Checking page rotation 1 -0.04999999999999689
1620827522944138169 : Checking page rotation 2 0.2
1620827525977184632 : Checking image 1 crop x1 302
1620827525977312634 : Checking image 1 crop y1 148
1620827525977354135 : Checking image 1 crop x2 2314
1620827525977391835 : Checking image 1 crop y2 3351
1620827529962579487 : Checking image 2 crop x1 163
1620827529962704589 : Checking image 2 crop y1 151
1620827529962745890 : Checking image 2 crop x2 2187
1620827529962784491 : Checking image 2 crop y2 3363
1620827529962965594 : Checking image 1 dpi 300
1620827529963041595 : Checking image 1 border top 133
1620827529963078396 : Checking image 1 border bottom 151
1620827529963113097 : Checking image 1 border left 224
1620827529963150597 : Checking image 1 border right 224
1620827529965985249 : Checking image 2 dpi 300
1620827529966079051 : Checking image 2 border top 132
1620827529966115852 : Checking image 2 border bottom 143
1620827529966151352 : Checking image 2 border left 218
1620827529966185953 : Checking image 2 border right 218

</system-out><system-err>--------------------------------- Captured Err ---------------------------------

</system-err></testcase><testcase classname="tests.test_images" name="test_crop_too_few_png" time="18.352"><system-out>--------------------------------- Captured Log ---------------------------------

--------------------------------- Captured Out ---------------------------------
/home/runner/work/diptych/diptych/tests/crop_too_few.png
1620827542934146864 : Checking separation double page angle 89.49492328400886
1620827542934256066 : Checking separation double page y=0 2510
1620827543864191059 : Checking page rotation 1 -0.6499999999999977
1620827544938974515 : Checking page rotation 2 0.0
1620827546895907603 : Checking image 1 crop x1 263
1620827546896032205 : Checking image 1 crop y1 150
1620827546896071806 : Checking image 1 crop x2 2377
1620827546896106706 : Checking image 1 crop y2 3357
1620827548351493722 : Checking image 2 crop x1 139
1620827548351616425 : Checking image 2 crop y1 141
1620827548351655425 : Checking image 2 crop x2 2261
1620827548351691826 : Checking image 2 crop y2 3345
1620827548351874129 : Checking image 1 dpi 300
1620827548351948531 : Checking image 1 border top 129
1620827548351983531 : Checking image 1 border bottom 150
1620827548352016132 : Checking image 1 border left 173
1620827548352049833 : Checking image 1 border right 173
1620827548355092188 : Checking image 2 dpi 300
1620827548355179190 : Checking image 2 border top 130
1620827548355213590 : Checking image 2 border bottom 153
1620827548355245891 : Checking image 2 border left 169
1620827548355278092 : Checking image 2 border right 169

</system-out><system-err>--------------------------------- Captured Err ---------------------------------

</system-err></testcase><testcase classname="tests.test_images" name="test_wrong_angle_split_line_png" time="25.467"><system-out>--------------------------------- Captured Log ---------------------------------

--------------------------------- Captured Out ---------------------------------
/home/runner/work/diptych/diptych/tests/wrong_angle_split_line.png
1620827548029818540 : Checking separation double page angle 90.08791528895468
1620827548029923442 : Checking separation double page y=0 2478
1620827549359027448 : Checking page rotation 1 0.1
1620827550552682777 : Checking page rotation 2 0.1
1620827556496761681 : Checking image 1 crop x1 58
1620827556496894083 : Checking image 1 crop y1 6
1620827556496933084 : Checking image 1 crop x2 2476
1620827556496968485 : Checking image 1 crop y2 3501
1620827561344073926 : Checking image 2 crop x1 166
1620827561344204328 : Checking image 2 crop y1 218
1620827561344241729 : Checking image 2 crop x2 2244
1620827561344276929 : Checking image 2 crop y2 3349
1620827561344456833 : Checking image 1 dpi 300
1620827561344535134 : Checking image 1 border top 6
1620827561344570135 : Checking image 1 border bottom 6
1620827561344601835 : Checking image 1 border left 31
1620827561344632736 : Checking image 1 border right 31
1620827561351962769 : Checking image 2 dpi 300
1620827561352060071 : Checking image 2 border top 209
1620827561352093972 : Checking image 2 border bottom 147
1620827561352125372 : Checking image 2 border left 191
1620827561352156573 : Checking image 2 border right 191

</system-out><system-err>--------------------------------- Captured Err ---------------------------------

</system-err></testcase><testcase classname="tests.test_images" name="test_crop_too_much_2_png" time="25.093"><system-out>--------------------------------- Captured Log ---------------------------------

--------------------------------- Captured Out ---------------------------------
/home/runner/work/diptych/diptych/tests/crop_too_much_2.png
1620827563905638550 : Checking separation double page angle 90.15285326123045
1620827563905751952 : Checking separation double page y=0 2477
1620827565553180201 : Checking page rotation 1 0.15000000000000002
1620827567170475702 : Checking page rotation 2 0.2
1620827569843337775 : Checking image 1 crop x1 330
1620827569843473977 : Checking image 1 crop y1 132
1620827569843516378 : Checking image 1 crop x2 2342
1620827569843553479 : Checking image 1 crop y2 3335
1620827573408349987 : Checking image 2 crop x1 165
1620827573408466889 : Checking image 2 crop y1 139
1620827573408521190 : Checking image 2 crop x2 2178
1620827573408558991 : Checking image 2 crop y2 3345
1620827573408744794 : Checking image 1 dpi 300
1620827573408819496 : Checking image 1 border top 121
1620827573408855896 : Checking image 1 border bottom 163
1620827573408890897 : Checking image 1 border left 224
1620827573408928398 : Checking image 1 border right 224
1620827573411288541 : Checking image 2 dpi 300
1620827573411415943 : Checking image 2 border top 129
1620827573411452744 : Checking image 2 border bottom 152
1620827573411487744 : Checking image 2 border left 223
1620827573411522445 : Checking image 2 border right 223

</system-out><system-err>--------------------------------- Captured Err ---------------------------------

</system-err></testcase><testcase classname="tests.test_images" name="test_angle_page_lower_split_line_png" time="26.462"><system-out>--------------------------------- Captured Log ---------------------------------

--------------------------------- Captured Out ---------------------------------
/home/runner/work/diptych/diptych/tests/angle_page_lower_split_line.png
1620827580413606580 : Checking separation double page angle 89.74412725181848
1620827580413726182 : Checking separation double page y=0 2472
1620827581940974650 : Checking page rotation 1 -0.14999999999999067
1620827583344879291 : Checking page rotation 2 0.1
1620827584992007628 : Checking image 1 crop x1 241
1620827584992142530 : Checking image 1 crop y1 156
1620827584992181631 : Checking image 1 crop x2 2357
1620827584992219032 : Checking image 1 crop y2 3368
1620827588632906195 : Checking image 2 crop x1 151
1620827588633039897 : Checking image 2 crop y1 146
1620827588633080198 : Checking image 2 crop x2 2261
1620827588633118398 : Checking image 2 crop y2 3351
1620827588633297402 : Checking image 1 dpi 300
1620827588633372903 : Checking image 1 border top 140
1620827588633408904 : Checking image 1 border bottom 135
1620827588633445204 : Checking image 1 border left 172
1620827588633479005 : Checking image 1 border right 172
1620827588636157254 : Checking image 2 dpi 300
1620827588636245656 : Checking image 2 border top 131
1620827588636282456 : Checking image 2 border bottom 151
1620827588636316757 : Checking image 2 border left 175
1620827588636351358 : Checking image 2 border right 175

</system-out><system-err>--------------------------------- Captured Err ---------------------------------

</system-err></testcase><testcase classname="tests.test_images" name="test_wrong_split_line_2_png" time="31.694"><system-out>--------------------------------- Captured Log ---------------------------------

--------------------------------- Captured Out ---------------------------------
/home/runner/work/diptych/diptych/tests/wrong_split_line_2.png
1620827590858137240 : Checking separation double page angle 90.23635161124103
1620827590858250742 : Checking separation double page y=0 2437
1620827592789279688 : Checking page rotation 1 0.2
1620827594230902068 : Checking page rotation 2 0.2
1620827598826607507 : Checking image 1 crop x1 294
1620827598826743709 : Checking image 1 crop y1 136
1620827598826783510 : Checking image 1 crop x2 2325
1620827598826824211 : Checking image 1 crop y2 3376
1620827605119545633 : Checking image 2 crop x1 138
1620827605119677835 : Checking image 2 crop y1 190
1620827605119719536 : Checking image 2 crop x2 2174
1620827605119758036 : Checking image 2 crop y2 3389
1620827605119948040 : Checking image 1 dpi 300
1620827605120027541 : Checking image 1 border top 131
1620827605120063742 : Checking image 1 border bottom 116
1620827605120099043 : Checking image 1 border left 214
1620827605120135543 : Checking image 1 border right 214
1620827605122246482 : Checking image 2 dpi 300
1620827605122329583 : Checking image 2 border top 181
1620827605122365984 : Checking image 2 border bottom 107
1620827605122400885 : Checking image 2 border left 212
1620827605122435385 : Checking image 2 border right 212

</system-out><system-err>--------------------------------- Captured Err ---------------------------------

</system-err></testcase><testcase classname="tests.test_images" name="test_wrong_wave_split_line_png" time="30.798"><system-out>--------------------------------- Captured Log ---------------------------------

--------------------------------- Captured Out ---------------------------------
/home/runner/work/diptych/diptych/tests/wrong_wave_split_line.png
1620827606036270087 : Checking separation double page angle 90.42461655762611
1620827606036377289 : Checking separation double page y=0 2502
1620827607459692103 : Checking page rotation 1 -0.09999999999999377
1620827608874196339 : Checking page rotation 2 0.85
1620827613600719949 : Checking image 1 crop x1 384
1620827613600852452 : Checking image 1 crop y1 178
1620827613600889352 : Checking image 1 crop x2 2412
1620827613600922653 : Checking image 1 crop y2 3374
1620827619418787787 : Checking image 2 crop x1 7
1620827619418934990 : Checking image 2 crop y1 0
1620827619418974890 : Checking image 2 crop x2 2411
1620827619419013991 : Checking image 2 crop y2 3505
1620827619419180894 : Checking image 1 dpi 300
1620827619419255795 : Checking image 1 border top 173
1620827619419291096 : Checking image 1 border bottom 118
1620827619419372498 : Checking image 1 border left 216
1620827619419405998 : Checking image 1 border right 216
1620827619422027146 : Checking image 2 dpi 300
1620827619422120847 : Checking image 2 border top 1
1620827619422156948 : Checking image 2 border bottom 1
1620827619422190349 : Checking image 2 border left 38
1620827619422223349 : Checking image 2 border right 38

</system-out><system-err>--------------------------------- Captured Err ---------------------------------

</system-err></testcase><testcase classname="tests.test_images" name="test_small_wave_png" time="22.526"><system-out>--------------------------------- Captured Log ---------------------------------

--------------------------------- Captured Out ---------------------------------
/home/runner/work/diptych/diptych/tests/small_wave.png
1620827620910563117 : Checking separation double page angle 90.56494929955075
1620827620910675519 : Checking separation double page y=0 2495
1620827622706426056 : Checking page rotation 1 0.7
1620827624085607082 : Checking page rotation 2 0.65
1620827625513138686 : Checking image 1 crop x1 322
1620827625513265589 : Checking image 1 crop y1 199
1620827625513304689 : Checking image 1 crop x2 2351
1620827625513340590 : Checking image 1 crop y2 3394
1620827627647257011 : Checking image 2 crop x1 130
1620827627647401613 : Checking image 2 crop y1 222
1620827627647440514 : Checking image 2 crop x2 2163
1620827627647478215 : Checking image 2 crop y2 3420
1620827627647679618 : Checking image 1 dpi 300
1620827627647759020 : Checking image 1 border top 181
1620827627647793520 : Checking image 1 border bottom 111
1620827627647826821 : Checking image 1 border left 215
1620827627647861522 : Checking image 1 border right 215
1620827627650998379 : Checking image 2 dpi 300
1620827627651084281 : Checking image 2 border top 197
1620827627651118081 : Checking image 2 border bottom 92
1620827627651150782 : Checking image 2 border left 213
1620827627651182782 : Checking image 2 border right 213

</system-out><system-err>--------------------------------- Captured Err ---------------------------------

</system-err></testcase><testcase classname="tests.test_images" name="test_no_split_line_line_algo_png" time="21.580"><system-out>--------------------------------- Captured Log ---------------------------------

--------------------------------- Captured Out ---------------------------------
/home/runner/work/diptych/diptych/tests/no_split_line_line_algo.png
1620827632814402915 : Checking separation double page angle 89.47691469185418
1620827632814502717 : Checking separation double page y=0 2476
1620827633739273848 : Checking page rotation 1 -0.14999999999999067
1620827635102934720 : Checking page rotation 2 -0.14999999999999067
1620827636871822824 : Checking image 1 crop x1 205
1620827636871951127 : Checking image 1 crop y1 158
1620827636871987927 : Checking image 1 crop x2 2320
1620827636872023328 : Checking image 1 crop y2 3366
1620827641019405218 : Checking image 2 crop x1 185
1620827641019537520 : Checking image 2 crop y1 225
1620827641019575721 : Checking image 2 crop x2 2204
1620827641019610721 : Checking image 2 crop y2 3362
1620827641019795725 : Checking image 1 dpi 300
1620827641019871126 : Checking image 1 border top 144
1620827641019904727 : Checking image 1 border bottom 134
1620827641019936327 : Checking image 1 border left 172
1620827641019967128 : Checking image 1 border right 172
1620827641022639777 : Checking image 2 dpi 300
1620827641022723278 : Checking image 2 border top 223
1620827641022756279 : Checking image 2 border bottom 127
1620827641022787580 : Checking image 2 border left 220
1620827641022818280 : Checking image 2 border right 220

</system-out><system-err>--------------------------------- Captured Err ---------------------------------

</system-err></testcase><testcase classname="tests.test_images" name="test_wrong_split_line_3_png" time="24.741"><system-out>--------------------------------- Captured Log ---------------------------------

--------------------------------- Captured Out ---------------------------------
/home/runner/work/diptych/diptych/tests/wrong_split_line_3.png
1620827642082896295 : Checking separation double page angle 90.40515247895009
1620827642083010798 : Checking separation double page y=0 2495
1620827643416760725 : Checking page rotation 1 0.2
1620827644456487468 : Checking page rotation 2 0.85
1620827646453583045 : Checking image 1 crop x1 331
1620827646453706947 : Checking image 1 crop y1 166
1620827646453747048 : Checking image 1 crop x2 2377
1620827646453786548 : Checking image 1 crop y2 3375
1620827652411456805 : Checking image 2 crop x1 103
1620827652411571207 : Checking image 2 crop y1 207
1620827652411611608 : Checking image 2 crop x2 2136
1620827652411648508 : Checking image 2 crop y2 3414
1620827652411842912 : Checking image 1 dpi 300
1620827652411924813 : Checking image 1 border top 158
1620827652411962914 : Checking image 1 border bottom 120
1620827652411998215 : Checking image 1 border left 207
1620827652412034515 : Checking image 1 border right 207
1620827652415110772 : Checking image 2 dpi 300
1620827652415200973 : Checking image 2 border top 199
1620827652415238174 : Checking image 2 border bottom 81
1620827652415273575 : Checking image 2 border left 213
1620827652415344876 : Checking image 2 border right 213

</system-out><system-err>--------------------------------- Captured Err ---------------------------------

</system-err></testcase><testcase classname="tests.test_images" name="test_failed_split_line_line_algo_png" time="16.192"><system-out>--------------------------------- Captured Log ---------------------------------

--------------------------------- Captured Out ---------------------------------
/home/runner/work/diptych/diptych/tests/failed_split_line_line_algo.png
1620827651952920423 : Checking separation double page angle 90.0093502548779
1620827651953028625 : Checking separation double page y=0 2574
1620827652664717334 : Checking page rotation 1 0.0
1620827653194703923 : Checking page rotation 2 0.0
1620827655519178414 : Checking image 1 crop x1 411
1620827655519346717 : Checking image 1 crop y1 2927
1620827655519390318 : Checking image 1 crop x2 2422
1620827655519426719 : Checking image 1 crop y2 3172
1620827657243000881 : Checking image 2 crop x1 1191
1620827657243116383 : Checking image 2 crop y1 1745
1620827657243152884 : Checking image 2 crop x2 1192
1620827657243187684 : Checking image 2 crop y2 1746
1620827657243359688 : Checking image 1 dpi 300
1620827657243445789 : Checking image 1 border top 2920
1620827657243482290 : Checking image 1 border bottom 322
1620827657243517390 : Checking image 1 border left 224
1620827657243551091 : Checking image 1 border right 224
1620827657245393025 : Checking image 2 dpi 300
1620827657245470226 : Checking image 2 border top 1752
1620827657245508527 : Checking image 2 border bottom 1753
1620827657245542827 : Checking image 2 border left 1239
1620827657245576328 : Checking image 2 border right 1239

</system-out><system-err>--------------------------------- Captured Err ---------------------------------

</system-err></testcase><testcase classname="tests.test_images" name="test_crop_too_much_3_png" time="20.523"><system-out>--------------------------------- Captured Log ---------------------------------

--------------------------------- Captured Out ---------------------------------
/home/runner/work/diptych/diptych/tests/crop_too_much_3.png
1620827665207681256 : Checking separation double page angle 89.5934556679346
1620827665207794858 : Checking separation double page y=0 2499
1620827666524405724 : Checking page rotation 1 -0.8999999999999949
1620827668024883650 : Checking page rotation 2 -0.04999999999999689
1620827670683994355 : Checking image 1 crop x1 374
1620827670684116557 : Checking image 1 crop y1 258
1620827670684155558 : Checking image 1 crop x2 2385
1620827670684190458 : Checking image 1 crop y2 3459
1620827672930945737 : Checking image 2 crop x1 164
1620827672931072239 : Checking image 2 crop y1 229
1620827672931111140 : Checking image 2 crop x2 2183
1620827672931149140 : Checking image 2 crop y2 3416
1620827672931353844 : Checking image 1 dpi 300
1620827672931435446 : Checking image 1 border top 239
1620827672931469846 : Checking image 1 border bottom 46
1620827672931502447 : Checking image 1 border left 224
1620827672931536347 : Checking image 1 border right 224
1620827672934608402 : Checking image 2 dpi 300
1620827672934690903 : Checking image 2 border top 210
1620827672934725004 : Checking image 2 border bottom 90
1620827672934757604 : Checking image 2 border left 220
1620827672934791705 : Checking image 2 border right 220

</system-out><system-err>--------------------------------- Captured Err ---------------------------------

</system-err></testcase><testcase classname="tests.test_images" name="test_failed_split_line_line_algo_2_png" time="22.274"><system-out>--------------------------------- Captured Log ---------------------------------

--------------------------------- Captured Out ---------------------------------
/home/runner/work/diptych/diptych/tests/failed_split_line_line_algo_2.png
1620827671782579635 : Checking separation double page angle 90.03732329462368
1620827671782693137 : Checking separation double page y=0 2499
1620827673150735726 : Checking page rotation 1 -0.09999999999999377
1620827674398208502 : Checking page rotation 2 0.5499999999999999
1620827677113745458 : Checking image 1 crop x1 273
1620827677113880461 : Checking image 1 crop y1 147
1620827677113917461 : Checking image 1 crop x2 2386
1620827677113952562 : Checking image 1 crop y2 3352
1620827679478402505 : Checking image 2 crop x1 122
1620827679478527107 : Checking image 2 crop y1 155
1620827679478563308 : Checking image 2 crop x2 2246
1620827679478600308 : Checking image 2 crop y2 3350
1620827679478779611 : Checking image 1 dpi 300
1620827679478852513 : Checking image 1 border top 137
1620827679478885713 : Checking image 1 border bottom 145
1620827679478918514 : Checking image 1 border left 173
1620827679478949614 : Checking image 1 border right 173
1620827679481445159 : Checking image 2 dpi 300
1620827679481525860 : Checking image 2 border top 133
1620827679481559161 : Checking image 2 border bottom 159
1620827679481590961 : Checking image 2 border left 168
1620827679481624962 : Checking image 2 border right 168

</system-out><system-err>--------------------------------- Captured Err ---------------------------------

</system-err></testcase><testcase classname="tests.test_images" name="test_wrong_wave_split_line_2_png" time="25.247"><system-out>--------------------------------- Captured Log ---------------------------------

--------------------------------- Captured Out ---------------------------------
/home/runner/work/diptych/diptych/tests/wrong_wave_split_line_2.png
1620827690571206573 : Checking separation double page angle 90.7708958311329
1620827690571351776 : Checking separation double page y=0 2490
1620827691742554131 : Checking page rotation 1 0.2
1620827692963387195 : Checking page rotation 2 1.65
1620827694479298665 : Checking image 1 crop x1 227
1620827694479455868 : Checking image 1 crop y1 147
1620827694479497369 : Checking image 1 crop x2 2342
1620827694479537869 : Checking image 1 crop y2 3353
1620827698150103052 : Checking image 2 crop x1 106
1620827698150232455 : Checking image 2 crop y1 195
1620827698150273455 : Checking image 2 crop x2 2231
1620827698150312356 : Checking image 2 crop y2 3398
1620827698150497259 : Checking image 1 dpi 300
1620827698150575861 : Checking image 1 border top 136
1620827698150612461 : Checking image 1 border bottom 145
1620827698150647262 : Checking image 1 border left 172
1620827698150683263 : Checking image 1 border right 172
1620827698152880503 : Checking image 2 dpi 300
1620827698152969005 : Checking image 2 border top 166
1620827698153006205 : Checking image 2 border bottom 117
1620827698153040606 : Checking image 2 border left 167
1620827698153075007 : Checking image 2 border right 167

</system-out><system-err>--------------------------------- Captured Err ---------------------------------

</system-err></testcase><testcase classname="tests.test_images" name="test_wrong_wave_split_line_3_png" time="23.573"><system-out>--------------------------------- Captured Log ---------------------------------

--------------------------------- Captured Out ---------------------------------
/home/runner/work/diptych/diptych/tests/wrong_wave_split_line_3.png
1620827696970848681 : Checking separation double page angle 90.12715931778824
1620827696970955783 : Checking separation double page y=0 2514
1620827698328992625 : Checking page rotation 1 0.05
1620827699459193699 : Checking page rotation 2 0.2
1620827701312740905 : Checking image 1 crop x1 273
1620827701312867807 : Checking image 1 crop y1 220
1620827701312921708 : Checking image 1 crop x2 2383
1620827701312956509 : Checking image 1 crop y2 3423
1620827703071120770 : Checking image 2 crop x1 116
1620827703071253973 : Checking image 2 crop y1 225
1620827703071293873 : Checking image 2 crop x2 2242
1620827703071355474 : Checking image 2 crop y2 3415
1620827703071548178 : Checking image 1 dpi 300
1620827703071627379 : Checking image 1 border top 202
1620827703071663080 : Checking image 1 border bottom 82
1620827703071697781 : Checking image 1 border left 175
1620827703071731681 : Checking image 1 border right 175
1620827703074491132 : Checking image 2 dpi 300
1620827703074583034 : Checking image 2 border top 204
1620827703074620034 : Checking image 2 border bottom 93
1620827703074654135 : Checking image 2 border left 167
1620827703074687635 : Checking image 2 border right 167

</system-out><system-err>--------------------------------- Captured Err ---------------------------------

</system-err></testcase><testcase classname="tests.test_images" name="test_no_split_line_wave_algo_png" time="33.235"><system-out>--------------------------------- Captured Log ---------------------------------

--------------------------------- Captured Out ---------------------------------
/home/runner/work/diptych/diptych/tests/no_split_line_wave_algo.png
1620827711865508830 : Checking separation double page angle 89.79018091440821
1620827711865615232 : Checking separation double page y=0 2483
1620827714707290397 : Checking page rotation 1 0.0
1620827715912002883 : Checking page rotation 2 -0.44999999999999746
1620827725485541139 : Checking image 1 crop x1 97
1620827725485635741 : Checking image 1 crop y1 74
1620827725485675342 : Checking image 1 crop x2 2489
1620827725485712243 : Checking image 1 crop y2 3505
1620827731376356587 : Checking image 2 crop x1 164
1620827731376483089 : Checking image 2 crop y1 267
1620827731376525790 : Checking image 2 crop x2 2239
1620827731376563390 : Checking image 2 crop y2 3380
1620827731376743994 : Checking image 1 dpi 300
1620827731376830195 : Checking image 1 border top 38
1620827731376867896 : Checking image 1 border bottom 38
1620827731376903196 : Checking image 1 border left 44
1620827731376940197 : Checking image 1 border right 44
1620827731380093654 : Checking image 2 dpi 300
1620827731380182855 : Checking image 2 border top 257
1620827731380223856 : Checking image 2 border bottom 117
1620827731380258757 : Checking image 2 border left 192
1620827731380293657 : Checking image 2 border right 192

</system-out><system-err>--------------------------------- Captured Err ---------------------------------

</system-err></testcase><testcase classname="tests.test_images" name="test_no_split_line_wave_algo_2_png" time="19.870"><system-out>--------------------------------- Captured Log ---------------------------------

--------------------------------- Captured Out ---------------------------------
/home/runner/work/diptych/diptych/tests/no_split_line_wave_algo_2.png
1620827716764481440 : Checking separation double page angle 90.43362571535843
1620827716764591142 : Checking separation double page y=0 2473
1620827717903772532 : Checking page rotation 1 1.05
1620827719085782104 : Checking page rotation 2 0.15000000000000002
1620827721178134741 : Checking image 1 crop x1 267
1620827721178266244 : Checking image 1 crop y1 210
1620827721178302645 : Checking image 1 crop x2 2343
1620827721178337245 : Checking image 1 crop y2 3412
1620827722948205022 : Checking image 2 crop x1 165
1620827722948331525 : Checking image 2 crop y1 241
1620827722948368425 : Checking image 2 crop x2 2250
1620827722948403726 : Checking image 2 crop y2 3433
1620827722948584329 : Checking image 1 dpi 300
1620827722948660531 : Checking image 1 border top 192
1620827722948692931 : Checking image 1 border bottom 93
1620827722948724632 : Checking image 1 border left 192
1620827722948755332 : Checking image 1 border right 192
1620827722951220278 : Checking image 2 dpi 300
1620827722951304679 : Checking image 2 border top 224
1620827722951356080 : Checking image 2 border bottom 71
1620827722951387681 : Checking image 2 border left 187
1620827722951418581 : Checking image 2 border right 187

</system-out><system-err>--------------------------------- Captured Err ---------------------------------

</system-err></testcase><testcase classname="tests.test_images" name="test_failed_detect_rectangle_png" time="19.968"><system-out>--------------------------------- Captured Log ---------------------------------

--------------------------------- Captured Out ---------------------------------
/home/runner/work/diptych/diptych/tests/failed_detect_rectangle.png
1620827737696873239 : Checking separation double page angle 90.242273842964
1620827737696983541 : Checking separation double page y=0 2475
1620827738941364655 : Checking page rotation 1 0.2
1620827740426454358 : Checking page rotation 2 0.2
1620827741624147738 : Checking image 1 crop x1 257
1620827741624282140 : Checking image 1 crop y1 201
1620827741624322841 : Checking image 1 crop x2 2333
1620827741624359541 : Checking image 1 crop y2 3402
1620827742908269596 : Checking image 2 crop x1 137
1620827742908400799 : Checking image 2 crop y1 215
1620827742908442199 : Checking image 2 crop x2 2220
1620827742908479700 : Checking image 2 crop y2 3406
1620827742908656103 : Checking image 1 dpi 300
1620827742908731005 : Checking image 1 border top 188
1620827742908766305 : Checking image 1 border bottom 98
1620827742908800806 : Checking image 1 border left 192
1620827742908834407 : Checking image 1 border right 192
1620827742911278651 : Checking image 2 dpi 300
1620827742911397953 : Checking image 2 border top 201
1620827742911434754 : Checking image 2 border bottom 95
1620827742911468855 : Checking image 2 border left 188
1620827742911502355 : Checking image 2 border right 188

</system-out><system-err>--------------------------------- Captured Err ---------------------------------

</system-err></testcase><testcase classname="tests.test_images" name="test_crop_too_few_2_png" time="20.613"><system-out>--------------------------------- Captured Log ---------------------------------

--------------------------------- Captured Out ---------------------------------
/home/runner/work/diptych/diptych/tests/crop_too_few_2.png
1620827744514674866 : Checking separation double page angle 90.35461351371423
1620827744514784063 : Checking separation double page y=0 2533
1620827745612281936 : Checking page rotation 1 1.0999999999999999
1620827746757805828 : Checking page rotation 2 0.0
1620827749441722552 : Checking image 1 crop x1 289
1620827749441847854 : Checking image 1 crop y1 165
1620827749441885155 : Checking image 1 crop x2 2400
1620827749441919756 : Checking image 1 crop y2 3367
1620827752063153836 : Checking image 2 crop x1 152
1620827752063274335 : Checking image 2 crop y1 190
1620827752063330935 : Checking image 2 crop x2 2273
1620827752063369835 : Checking image 2 crop y2 3385
1620827752063553333 : Checking image 1 dpi 300
1620827752063627333 : Checking image 1 border top 157
1620827752063660732 : Checking image 1 border bottom 128
1620827752063693132 : Checking image 1 border left 174
1620827752063726532 : Checking image 1 border right 174
1620827752066751207 : Checking image 2 dpi 300
1620827752066835706 : Checking image 2 border top 175
1620827752066869406 : Checking image 2 border bottom 116
1620827752066901506 : Checking image 2 border left 169
1620827752066932905 : Checking image 2 border right 169

</system-out><system-err>--------------------------------- Captured Err ---------------------------------

</system-err></testcase><testcase classname="tests.test_images" name="test_single_page_png" time="6.525"><system-out>--------------------------------- Captured Log ---------------------------------

--------------------------------- Captured Out ---------------------------------
/home/runner/work/diptych/diptych/tests/single_page.png
1620827746463083144 : Checking separation double page angle 89.93006318861008
1620827746463208446 : Checking separation double page y=0 2472
1620827747353601610 : Checking page rotation 1 0.0
1620827747479955718 : Checking page rotation 2 0.0
1620827748952767121 : Checking image 1 crop x1 1
1620827748952862123 : Checking image 1 crop y1 8
1620827748952897023 : Checking image 1 crop x2 2470
1620827748952930224 : Checking image 1 crop y2 3505
1620827749083415907 : Checking image 2 crop x1 0
1620827749083491409 : Checking image 2 crop y1 0
1620827749083522209 : Checking image 2 crop x2 0
1620827749083551210 : Checking image 2 crop y2 0
1620827749083613511 : Checking image 1 dpi 300
1620827749083675512 : Checking image 1 border top 5
1620827749083713913 : Checking image 1 border bottom 5
1620827749083744913 : Checking image 1 border left 6
1620827749083775814 : Checking image 1 border right 6
1620827749089589820 : Checking image 2 border top 0
1620827749089652321 : Checking image 2 border bottom 0
1620827749089683422 : Checking image 2 border left 0
1620827749089713522 : Checking image 2 border right 0

</system-out><system-err>--------------------------------- Captured Err ---------------------------------

</system-err></testcase><testcase classname="tests.test_images" name="test_wrong_split_line_4_png" time="12.092"><system-out>--------------------------------- Captured Log ---------------------------------

--------------------------------- Captured Out ---------------------------------
/home/runner/work/diptych/diptych/tests/wrong_split_line_4.png
1620827757714396124 : Checking separation double page angle 90.92587744884125
1620827757714502026 : Checking separation double page y=0 58
1620827757808924149 : Checking page rotation 1 0.5499999999999999
1620827758841870999 : Checking page rotation 2 1.0999999999999999
1620827759548615497 : Checking image 1 crop x1 0
1620827759548692898 : Checking image 1 crop y1 0
1620827759548723799 : Checking image 1 crop x2 0
1620827759548752599 : Checking image 1 crop y2 0
1620827761593341064 : Checking image 2 crop x1 290
1620827761593477166 : Checking image 2 crop y1 330
1620827761593513467 : Checking image 2 crop x2 2314
1620827761593547468 : Checking image 2 crop y2 3217
1620827761593713671 : Checking image 1 border top 0
1620827761593749571 : Checking image 1 border bottom 0
1620827761593779472 : Checking image 1 border left 0
1620827761593809072 : Checking image 1 border right 0
1620827761593857373 : Checking image 2 dpi 300
1620827761593925074 : Checking image 2 border top 322
1620827761593957975 : Checking image 2 border bottom 278
1620827761593988475 : Checking image 2 border left 218
1620827761594018776 : Checking image 2 border right 218

</system-out><system-err>--------------------------------- Captured Err ---------------------------------

</system-err></testcase><testcase classname="tests.test_images" name="test_no_split_line_wave_algo_3_png" time="10.873"><system-out>--------------------------------- Captured Log ---------------------------------

--------------------------------- Captured Out ---------------------------------
/home/runner/work/diptych/diptych/tests/no_split_line_wave_algo_3.png
1620827759550149825 : Checking separation double page angle 90.18184445198425
1620827759550272827 : Checking separation double page y=0 2405
1620827760419177726 : Checking page rotation 1 0.0
1620827760550358396 : Checking page rotation 2 0.0
1620827762489275453 : Checking image 1 crop x1 184
1620827762489389355 : Checking image 1 crop y1 2957
1620827762489429055 : Checking image 1 crop x2 2201
1620827762489463156 : Checking image 1 crop y2 3202
1620827762908569301 : Checking image 2 crop x1 0
1620827762908651003 : Checking image 2 crop y1 0
1620827762908685103 : Checking image 2 crop x2 0
1620827762908717804 : Checking image 2 crop y2 0
1620827762908793305 : Checking image 1 dpi 300
1620827762908865706 : Checking image 1 border top 2950
1620827762908904207 : Checking image 1 border bottom 292
1620827762908939408 : Checking image 1 border left 221
1620827762908974208 : Checking image 1 border right 221
1620827762914985912 : Checking image 2 border top 0
1620827762915056313 : Checking image 2 border bottom 0
1620827762915090314 : Checking image 2 border left 0
1620827762915123815 : Checking image 2 border right 0

</system-out><system-err>--------------------------------- Captured Err ---------------------------------

</system-err></testcase><testcase classname="tests.test_images" name="test_failed_split_line_line_algo_3_png" time="12.749"><system-out>--------------------------------- Captured Log ---------------------------------

--------------------------------- Captured Out ---------------------------------
/home/runner/work/diptych/diptych/tests/failed_split_line_line_algo_3.png
1620827769457028522 : Checking separation double page angle 90.02403976140027
1620827769457151924 : Checking separation double page y=0 39
1620827769525708329 : Checking page rotation 1 0.0
1620827770207606737 : Checking page rotation 2 0.0
1620827770472173032 : Checking image 1 crop x1 0
1620827770472251633 : Checking image 1 crop y1 0
1620827770472284934 : Checking image 1 crop x2 0
1620827770472316234 : Checking image 1 crop y2 0
1620827774353863711 : Checking image 2 crop x1 249
1620827774353986013 : Checking image 2 crop y1 154
1620827774354023113 : Checking image 2 crop x2 2264
1620827774354059014 : Checking image 2 crop y2 3361
1620827774354242616 : Checking image 1 border top 0
1620827774354286017 : Checking image 1 border bottom 0
1620827774354320517 : Checking image 1 border left 0
1620827774354354318 : Checking image 1 border right 0
1620827774354410118 : Checking image 2 dpi 300
1620827774354481919 : Checking image 2 border top 146
1620827774354517620 : Checking image 2 border bottom 134
1620827774354551320 : Checking image 2 border left 222
1620827774354584421 : Checking image 2 border right 222

</system-out><system-err>--------------------------------- Captured Err ---------------------------------

</system-err></testcase></testsuite></testsuites>