<?xml version="1.0" encoding="utf-8"?><testsuites><testsuite errors="0" failures="0" hostname="fv-az105-423" name="pytest" skipped="0" tests="36" time="1048.243" timestamp="2020-12-26T20:15:37.644609"><testcase classname="tests.test_features" name="test_disabled_enable_debug" time="51.135"><system-out>--------------------------------- Captured Log ---------------------------------

--------------------------------- Captured Out ---------------------------------
/home/runner/work/ocr-book/ocr-book/tests/0001_debug.png
separation double page angle 90.5528088189967
separation double page y=0 2485
page rotation 1 0.75
page rotation 2 0.2
image 1 crop x1 330
image 1 crop y1 336
image 1 crop x2 2343
image 1 crop y2 3223
image 2 crop x1 169
image 2 crop y1 648
image 2 crop x2 2186
image 2 crop y2 3361
image 1 dpi 300
image 1 border top 333
image 1 border bottom 266
image 1 border left 223
image 1 border right 223
image 2 dpi 300
image 2 border top 643
image 2 border bottom 131
image 2 border left 221
image 2 border right 221

</system-out><system-err>--------------------------------- Captured Err ---------------------------------

</system-err></testcase><testcase classname="tests.test_features" name="test_mock_stop_at_0" time="0.049"><system-out>--------------------------------- Captured Log ---------------------------------

--------------------------------- Captured Out ---------------------------------
/home/runner/work/ocr-book/ocr-book/tests/0001_0.png

</system-out><system-err>--------------------------------- Captured Err ---------------------------------

</system-err></testcase><testcase classname="tests.test_features" name="test_mock_stop_at_2" time="45.206"><system-out>--------------------------------- Captured Log ---------------------------------

--------------------------------- Captured Out ---------------------------------
/home/runner/work/ocr-book/ocr-book/tests/0001_2.png
separation double page angle 90.5528088189967
separation double page y=0 2485
page rotation 1 0.75
page rotation 2 0.2

</system-out><system-err>--------------------------------- Captured Err ---------------------------------

</system-err></testcase><testcase classname="tests.test_features" name="test_mock_stop_at_4" time="49.336"><system-out>--------------------------------- Captured Log ---------------------------------

--------------------------------- Captured Out ---------------------------------
/home/runner/work/ocr-book/ocr-book/tests/0001_4.png
separation double page angle 90.5528088189967
separation double page y=0 2485
page rotation 1 0.75
page rotation 2 0.2
image 1 crop x1 330
image 1 crop y1 336
image 1 crop x2 2343
image 1 crop y2 3223
image 2 crop x1 169
image 2 crop y1 648
image 2 crop x2 2186
image 2 crop y2 3361
image 1 dpi 300
image 1 border top 333
image 1 border bottom 266
image 1 border left 223
image 1 border right 223
image 2 dpi 300
image 2 border top 643
image 2 border bottom 131
image 2 border left 221
image 2 border right 221

</system-out><system-err>--------------------------------- Captured Err ---------------------------------

</system-err></testcase><testcase classname="tests.test_features" name="test_mock_stop_at_1" time="29.353"><system-out>--------------------------------- Captured Log ---------------------------------

--------------------------------- Captured Out ---------------------------------
/home/runner/work/ocr-book/ocr-book/tests/0001_1.png
separation double page angle 90.5528088189967
separation double page y=0 2485

</system-out><system-err>--------------------------------- Captured Err ---------------------------------

</system-err></testcase><testcase classname="tests.test_features" name="test_mock_stop_at_3" time="48.409"><system-out>--------------------------------- Captured Log ---------------------------------

--------------------------------- Captured Out ---------------------------------
/home/runner/work/ocr-book/ocr-book/tests/0001_3.png
separation double page angle 90.5528088189967
separation double page y=0 2485
page rotation 1 0.75
page rotation 2 0.2
image 1 crop x1 330
image 1 crop y1 336
image 1 crop x2 2343
image 1 crop y2 3223
image 2 crop x1 169
image 2 crop y1 648
image 2 crop x2 2186
image 2 crop y2 3361

</system-out><system-err>--------------------------------- Captured Err ---------------------------------

</system-err></testcase><testcase classname="tests.test_images" name="test_0001_png" time="60.705"><system-out>--------------------------------- Captured Log ---------------------------------

--------------------------------- Captured Out ---------------------------------
/home/runner/work/ocr-book/ocr-book/tests/0001.png
1609013868728170034 : Checking separation double page angle 90.5528088189967
1609013868728296734 : Checking separation double page y=0 2485
1609013876425008627 : Checking page rotation 1 0.75
1609013886090819421 : Checking page rotation 2 0.2
1609013890201806032 : Checking image 1 crop x1 330
1609013890201922633 : Checking image 1 crop y1 336
1609013890201961833 : Checking image 1 crop x2 2343
1609013890201996833 : Checking image 1 crop y2 3223
1609013894073400616 : Checking image 2 crop x1 169
1609013894073522417 : Checking image 2 crop y1 648
1609013894073564717 : Checking image 2 crop x2 2186
1609013894073601917 : Checking image 2 crop y2 3361
1609013894108592044 : Checking image 1 dpi 300
1609013894108677745 : Checking image 1 border top 333
1609013894108715345 : Checking image 1 border bottom 266
1609013894108748745 : Checking image 1 border left 223
1609013894108781645 : Checking image 1 border right 223
1609013894111602464 : Checking image 2 dpi 300
1609013894111664064 : Checking image 2 border top 643
1609013894111699664 : Checking image 2 border bottom 131
1609013894111732665 : Checking image 2 border left 221
1609013894111765465 : Checking image 2 border right 221

</system-out><system-err>--------------------------------- Captured Err ---------------------------------

</system-err></testcase><testcase classname="tests.test_features" name="test_mock_stop_at_5" time="49.669"><system-out>--------------------------------- Captured Log ---------------------------------

--------------------------------- Captured Out ---------------------------------
/home/runner/work/ocr-book/ocr-book/tests/0001_5.png
separation double page angle 90.5528088189967
separation double page y=0 2485
page rotation 1 0.75
page rotation 2 0.2
image 1 crop x1 330
image 1 crop y1 336
image 1 crop x2 2343
image 1 crop y2 3223
image 2 crop x1 169
image 2 crop y1 648
image 2 crop x2 2186
image 2 crop y2 3361
image 1 dpi 300
image 1 border top 333
image 1 border bottom 266
image 1 border left 223
image 1 border right 223
image 2 dpi 300
image 2 border top 643
image 2 border bottom 131
image 2 border left 221
image 2 border right 221

</system-out><system-err>--------------------------------- Captured Err ---------------------------------

</system-err></testcase><testcase classname="tests.test_images" name="test_black_border_not_removed_png" time="67.617"><system-out>--------------------------------- Captured Log ---------------------------------

--------------------------------- Captured Out ---------------------------------
/home/runner/work/ocr-book/ocr-book/tests/black-border-not-removed.png
1609013931145257726 : Checking separation double page angle 90.033171103531
1609013931145368827 : Checking separation double page y=0 2455
1609013937842494650 : Checking page rotation 1 0.0
1609013949366158191 : Checking page rotation 2 0.0
1609013954651830565 : Checking image 1 crop x1 297
1609013954651953266 : Checking image 1 crop y1 143
1609013954652017866 : Checking image 1 crop x2 2309
1609013954652072667 : Checking image 1 crop y2 3346
1609013961700745318 : Checking image 2 crop x1 159
1609013961700869219 : Checking image 2 crop y1 145
1609013961700909919 : Checking image 2 crop x2 2171
1609013961700948619 : Checking image 2 crop y2 3352
1609013961737173527 : Checking image 1 dpi 300
1609013961737298028 : Checking image 1 border top 132
1609013961737340728 : Checking image 1 border bottom 152
1609013961737377029 : Checking image 1 border left 224
1609013961737412029 : Checking image 1 border right 224
1609013961740393746 : Checking image 2 dpi 300
1609013961740481046 : Checking image 2 border top 132
1609013961740518447 : Checking image 2 border bottom 148
1609013961740551947 : Checking image 2 border left 224
1609013961740585747 : Checking image 2 border right 224

</system-out><system-err>--------------------------------- Captured Err ---------------------------------

</system-err></testcase><testcase classname="tests.test_images" name="test_2_pages_2_contours_png" time="38.723"><system-out>--------------------------------- Captured Log ---------------------------------

--------------------------------- Captured Out ---------------------------------
/home/runner/work/ocr-book/ocr-book/tests/2-pages-2-contours.png
1609013939954897406 : Checking separation double page angle 90.09036871657068
1609013939955030807 : Checking separation double page y=0 2486
1609013942364216712 : Checking page rotation 1 0.05
1609013949748818828 : Checking page rotation 2 0.30000000000000004
1609013951815030129 : Checking image 1 crop x1 1189
1609013951815220731 : Checking image 1 crop y1 1751
1609013951815280431 : Checking image 1 crop x2 1190
1609013951815320131 : Checking image 1 crop y2 1752
1609013956080123295 : Checking image 2 crop x1 101
1609013956080256396 : Checking image 2 crop y1 240
1609013956080302697 : Checking image 2 crop x2 2148
1609013956080344997 : Checking image 2 crop y2 3239
1609013956112752702 : Checking image 1 dpi 300
1609013956112857502 : Checking image 1 border top 1752
1609013956112896603 : Checking image 1 border bottom 1753
1609013956112931103 : Checking image 1 border left 1239
1609013956112964703 : Checking image 1 border right 1239
1609013956114737214 : Checking image 2 dpi 300
1609013956114811915 : Checking image 2 border top 230
1609013956114848515 : Checking image 2 border bottom 258
1609013956114902115 : Checking image 2 border left 206
1609013956114969416 : Checking image 2 border right 206

</system-out><system-err>--------------------------------- Captured Err ---------------------------------

</system-err></testcase><testcase classname="tests.test_images" name="test_wrong_split_line_png" time="46.027"><system-out>--------------------------------- Captured Log ---------------------------------

--------------------------------- Captured Out ---------------------------------
/home/runner/work/ocr-book/ocr-book/tests/wrong_split_line.png
1609013984345784895 : Checking separation double page angle 89.93395720607973
1609013984345910896 : Checking separation double page y=0 2465
1609013990254435582 : Checking page rotation 1 -0.14999999999999067
1609013996365726475 : Checking page rotation 2 0.5
1609013999129352178 : Checking image 1 crop x1 213
1609013999129480379 : Checking image 1 crop y1 157
1609013999129563180 : Checking image 1 crop x2 2323
1609013999129601680 : Checking image 1 crop y2 3362
1609014002103284110 : Checking image 2 crop x1 125
1609014002103429411 : Checking image 2 crop y1 165
1609014002103471811 : Checking image 2 crop x2 2237
1609014002103511211 : Checking image 2 crop y2 3374
1609014002139168832 : Checking image 1 dpi 300
1609014002139289533 : Checking image 1 border top 134
1609014002139330333 : Checking image 1 border bottom 148
1609014002139365233 : Checking image 1 border left 175
1609014002139417434 : Checking image 1 border right 175
1609014002141922749 : Checking image 2 dpi 300
1609014002141988050 : Checking image 2 border top 143
1609014002142024950 : Checking image 2 border bottom 135
1609014002142060450 : Checking image 2 border left 174
1609014002142095250 : Checking image 2 border right 174

</system-out><system-err>--------------------------------- Captured Err ---------------------------------

</system-err></testcase><testcase classname="tests.test_images" name="test_image_failed_to_rotate_png" time="68.353"><system-out>--------------------------------- Captured Log ---------------------------------

--------------------------------- Captured Out ---------------------------------
/home/runner/work/ocr-book/ocr-book/tests/image_failed_to_rotate.png
1609013997207730084 : Checking separation double page angle 90.13063640287984
1609013997207868785 : Checking separation double page y=0 2479
1609014002492374821 : Checking page rotation 1 0.35
1609014011201968092 : Checking page rotation 2 0.45
1609014023698313703 : Checking image 1 crop x1 34
1609014023698460204 : Checking image 1 crop y1 1
1609014023698503804 : Checking image 1 crop x2 2477
1609014023698543504 : Checking image 1 crop y2 3500
1609014029943663347 : Checking image 2 crop x1 167
1609014029943787447 : Checking image 2 crop y1 234
1609014029943825948 : Checking image 2 crop x2 2246
1609014029943861748 : Checking image 2 crop y2 3355
1609014029985559207 : Checking image 1 dpi 300
1609014029985715908 : Checking image 1 border top 4
1609014029985799109 : Checking image 1 border bottom 4
1609014029985832209 : Checking image 1 border left 19
1609014029985865209 : Checking image 1 border right 19
1609014029988840127 : Checking image 2 dpi 300
1609014029988907628 : Checking image 2 border top 218
1609014029988940628 : Checking image 2 border bottom 148
1609014029988971128 : Checking image 2 border left 190
1609014029989001329 : Checking image 2 border right 190

</system-out><system-err>--------------------------------- Captured Err ---------------------------------

</system-err></testcase><testcase classname="tests.test_images" name="test_crop_too_much_png" time="80.144"><system-out>--------------------------------- Captured Log ---------------------------------

--------------------------------- Captured Out ---------------------------------
/home/runner/work/ocr-book/ocr-book/tests/crop_too_much.png
1609014048070413810 : Checking separation double page angle 90.13239409272954
1609014048070520310 : Checking separation double page y=0 2455
1609014059513025271 : Checking page rotation 1 0.0
1609014071427836540 : Checking page rotation 2 0.45
1609014077059163657 : Checking image 1 crop x1 303
1609014077059298858 : Checking image 1 crop y1 148
1609014077059340259 : Checking image 1 crop x2 2313
1609014077059376159 : Checking image 1 crop y2 3351
1609014082218900064 : Checking image 2 crop x1 168
1609014082219106366 : Checking image 2 crop y1 155
1609014082219150666 : Checking image 2 crop x2 2179
1609014082219190266 : Checking image 2 crop y2 3359
1609014082267947068 : Checking image 1 dpi 300
1609014082268075969 : Checking image 1 border top 132
1609014082268121569 : Checking image 1 border bottom 152
1609014082268176669 : Checking image 1 border left 225
1609014082268213969 : Checking image 1 border right 225
1609014082270860686 : Checking image 2 dpi 300
1609014082270944086 : Checking image 2 border top 140
1609014082270986087 : Checking image 2 border bottom 143
1609014082271024787 : Checking image 2 border left 224
1609014082271062887 : Checking image 2 border right 224

</system-out><system-err>--------------------------------- Captured Err ---------------------------------

</system-err></testcase><testcase classname="tests.test_images" name="test_image_failed_to_crop_data_png" time="66.419"><system-out>--------------------------------- Captured Log ---------------------------------

--------------------------------- Captured Out ---------------------------------
/home/runner/work/ocr-book/ocr-book/tests/image_failed_to_crop_data.png
1609014063971432998 : Checking separation double page angle 90.053197600644
1609014063971565099 : Checking separation double page y=0 2480
1609014070535946127 : Checking page rotation 1 0.2
1609014077223480573 : Checking page rotation 2 0.0
1609014090738313456 : Checking image 1 crop x1 47
1609014090738510658 : Checking image 1 crop y1 7
1609014090738557058 : Checking image 1 crop x2 2478
1609014090738599258 : Checking image 1 crop y2 3502
1609014096411251647 : Checking image 2 crop x1 160
1609014096411394948 : Checking image 2 crop y1 217
1609014096411435648 : Checking image 2 crop x2 2242
1609014096411489848 : Checking image 2 crop y2 3350
1609014096445889661 : Checking image 1 dpi 300
1609014096446008962 : Checking image 1 border top 6
1609014096446050462 : Checking image 1 border bottom 6
1609014096446084062 : Checking image 1 border left 25
1609014096446145263 : Checking image 1 border right 25
1609014096448730279 : Checking image 2 dpi 300
1609014096448794979 : Checking image 2 border top 206
1609014096448829679 : Checking image 2 border bottom 148
1609014096448860880 : Checking image 2 border left 189
1609014096448907880 : Checking image 2 border right 189

</system-out><system-err>--------------------------------- Captured Err ---------------------------------

</system-err></testcase><testcase classname="tests.test_images" name="test_crop_too_few_png" time="48.036"><system-out>--------------------------------- Captured Log ---------------------------------

--------------------------------- Captured Out ---------------------------------
/home/runner/work/ocr-book/ocr-book/tests/crop_too_few.png
1609014111523547035 : Checking separation double page angle 89.54670238452755
1609014111523676935 : Checking separation double page y=0 2512
1609014117666505938 : Checking page rotation 1 -0.6499999999999977
1609014124097264927 : Checking page rotation 2 0.0
1609014127306148383 : Checking image 1 crop x1 263
1609014127306281484 : Checking image 1 crop y1 150
1609014127306322885 : Checking image 1 crop x2 2377
1609014127306358185 : Checking image 1 crop y2 3357
1609014130287537838 : Checking image 2 crop x1 137
1609014130287714039 : Checking image 2 crop y1 141
1609014130287754439 : Checking image 2 crop x2 2259
1609014130287790839 : Checking image 2 crop y2 3345
1609014130320148940 : Checking image 1 dpi 300
1609014130320268340 : Checking image 1 border top 129
1609014130320371441 : Checking image 1 border bottom 150
1609014130320425841 : Checking image 1 border left 173
1609014130320459942 : Checking image 1 border right 173
1609014130323087658 : Checking image 2 dpi 300
1609014130323153458 : Checking image 2 border top 130
1609014130323187758 : Checking image 2 border bottom 153
1609014130323219859 : Checking image 2 border left 169
1609014130323251759 : Checking image 2 border right 169

</system-out><system-err>--------------------------------- Captured Err ---------------------------------

</system-err></testcase><testcase classname="tests.test_images" name="test_wrong_angle_split_line_png" time="73.850"><system-out>--------------------------------- Captured Log ---------------------------------

--------------------------------- Captured Out ---------------------------------
/home/runner/work/ocr-book/ocr-book/tests/wrong_angle_split_line.png
1609014131439603369 : Checking separation double page angle 90.09193420006348
1609014131439733770 : Checking separation double page y=0 2478
1609014139744691971 : Checking page rotation 1 0.05
1609014148999698254 : Checking page rotation 2 0.0
1609014163216143990 : Checking image 1 crop x1 58
1609014163216285191 : Checking image 1 crop y1 7
1609014163216327691 : Checking image 1 crop x2 2472
1609014163216368191 : Checking image 1 crop y2 3505
1609014169451520916 : Checking image 2 crop x1 163
1609014169451640917 : Checking image 2 crop y1 217
1609014169451677817 : Checking image 2 crop x2 2246
1609014169451713117 : Checking image 2 crop y2 3350
1609014169615313428 : Checking image 1 dpi 300
1609014169615425029 : Checking image 1 border top 5
1609014169615463429 : Checking image 1 border bottom 5
1609014169615494329 : Checking image 1 border left 33
1609014169615525029 : Checking image 1 border right 33
1609014169628569410 : Checking image 2 dpi 300
1609014169628692811 : Checking image 2 border top 206
1609014169628733411 : Checking image 2 border bottom 148
1609014169628788411 : Checking image 2 border left 188
1609014169628820411 : Checking image 2 border right 188

</system-out><system-err>--------------------------------- Captured Err ---------------------------------

</system-err></testcase><testcase classname="tests.test_images" name="test_crop_too_much_2_png" time="91.973"><system-out>--------------------------------- Captured Log ---------------------------------

--------------------------------- Captured Out ---------------------------------
/home/runner/work/ocr-book/ocr-book/tests/crop_too_much_2.png
1609014183115760470 : Checking separation double page angle 90.1149074900787
1609014183115884771 : Checking separation double page y=0 2478
1609014195544758841 : Checking page rotation 1 0.2
1609014209792317357 : Checking page rotation 2 0.2
1609014215210571678 : Checking image 1 crop x1 332
1609014215210717979 : Checking image 1 crop y1 131
1609014215210765479 : Checking image 1 crop x2 2342
1609014215210807679 : Checking image 1 crop y2 3336
1609014222193524187 : Checking image 2 crop x1 162
1609014222193706588 : Checking image 2 crop y1 139
1609014222193753489 : Checking image 2 crop x2 2175
1609014222193796489 : Checking image 2 crop y2 3345
1609014222253571859 : Checking image 1 dpi 300
1609014222253695160 : Checking image 1 border top 119
1609014222253746860 : Checking image 1 border bottom 163
1609014222253807660 : Checking image 1 border left 225
1609014222253842460 : Checking image 1 border right 225
1609014222256471577 : Checking image 2 dpi 300
1609014222256558077 : Checking image 2 border top 130
1609014222256618478 : Checking image 2 border bottom 151
1609014222256655978 : Checking image 2 border left 223
1609014222256692978 : Checking image 2 border right 223

</system-out><system-err>--------------------------------- Captured Err ---------------------------------

</system-err></testcase><testcase classname="tests.test_images" name="test_angle_page_lower_split_line_png" time="60.795"><system-out>--------------------------------- Captured Log ---------------------------------

--------------------------------- Captured Out ---------------------------------
/home/runner/work/ocr-book/ocr-book/tests/angle_page_lower_split_line.png
1609014205536522532 : Checking separation double page angle 89.74927707086691
1609014205536643533 : Checking separation double page y=0 2474
1609014215589620323 : Checking page rotation 1 -0.4000000000000005
1609014223241899974 : Checking page rotation 2 0.2
1609014227136344873 : Checking image 1 crop x1 244
1609014227136506574 : Checking image 1 crop y1 160
1609014227136552274 : Checking image 1 crop x2 2350
1609014227136595374 : Checking image 1 crop y2 3365
1609014231120341125 : Checking image 2 crop x1 150
1609014231120480126 : Checking image 2 crop y1 147
1609014231120525126 : Checking image 2 crop x2 2257
1609014231120568127 : Checking image 2 crop y2 3350
1609014231160225172 : Checking image 1 dpi 300
1609014231160370773 : Checking image 1 border top 144
1609014231160415373 : Checking image 1 border bottom 138
1609014231160452473 : Checking image 1 border left 177
1609014231160489073 : Checking image 1 border right 177
1609014231163703193 : Checking image 2 dpi 300
1609014231163786794 : Checking image 2 border top 130
1609014231163834394 : Checking image 2 border bottom 154
1609014231163871594 : Checking image 2 border left 176
1609014231163908095 : Checking image 2 border right 176

</system-out><system-err>--------------------------------- Captured Err ---------------------------------

</system-err></testcase><testcase classname="tests.test_images" name="test_wrong_split_line_2_png" time="96.260"><system-out>--------------------------------- Captured Log ---------------------------------

--------------------------------- Captured Out ---------------------------------
/home/runner/work/ocr-book/ocr-book/tests/wrong_split_line_2.png
1609014272002407661 : Checking separation double page angle 90.19944704411863
1609014272002522262 : Checking separation double page y=0 2437
1609014284257709648 : Checking page rotation 1 0.2
1609014298845759285 : Checking page rotation 2 0.4
1609014307077138927 : Checking image 1 crop x1 294
1609014307077272028 : Checking image 1 crop y1 136
1609014307077332828 : Checking image 1 crop x2 2325
1609014307077371529 : Checking image 1 crop y2 3376
1609014318484851848 : Checking image 2 crop x1 140
1609014318484993248 : Checking image 2 crop y1 192
1609014318485040949 : Checking image 2 crop x2 2167
1609014318485085149 : Checking image 2 crop y2 3386
1609014318536468967 : Checking image 1 dpi 300
1609014318536589367 : Checking image 1 border top 131
1609014318536631768 : Checking image 1 border bottom 116
1609014318536687068 : Checking image 1 border left 214
1609014318536724068 : Checking image 1 border right 214
1609014318538673580 : Checking image 2 dpi 300
1609014318538740681 : Checking image 2 border top 183
1609014318538780481 : Checking image 2 border bottom 110
1609014318538817781 : Checking image 2 border left 216
1609014318538854881 : Checking image 2 border right 216

</system-out><system-err>--------------------------------- Captured Err ---------------------------------

</system-err></testcase><testcase classname="tests.test_images" name="test_wrong_wave_split_line_png" time="92.751"><system-out>--------------------------------- Captured Log ---------------------------------

--------------------------------- Captured Out ---------------------------------
/home/runner/work/ocr-book/ocr-book/tests/wrong_wave_split_line.png
1609014278535820822 : Checking separation double page angle 90.37878604107719
1609014278535974123 : Checking separation double page y=0 2500
1609014290946295487 : Checking page rotation 1 -0.14999999999999067
1609014302860550553 : Checking page rotation 2 0.85
1609014313353009430 : Checking image 1 crop x1 385
1609014313353185931 : Checking image 1 crop y1 179
1609014313353227231 : Checking image 1 crop x2 2411
1609014313353263631 : Checking image 1 crop y2 3374
1609014323853014320 : Checking image 2 crop x1 8
1609014323853162020 : Checking image 2 crop y1 0
1609014323853205221 : Checking image 2 crop x2 2415
1609014323853248021 : Checking image 2 crop y2 3505
1609014323907898559 : Checking image 1 dpi 300
1609014323908043660 : Checking image 1 border top 173
1609014323908100960 : Checking image 1 border bottom 119
1609014323908135760 : Checking image 1 border left 217
1609014323908169760 : Checking image 1 border right 217
1609014323911660882 : Checking image 2 dpi 300
1609014323911733982 : Checking image 2 border top 1
1609014323911791483 : Checking image 2 border bottom 1
1609014323911825083 : Checking image 2 border left 37
1609014323911859083 : Checking image 2 border right 37

</system-out><system-err>--------------------------------- Captured Err ---------------------------------

</system-err></testcase><testcase classname="tests.test_images" name="test_small_wave_png" time="77.580"><system-out>--------------------------------- Captured Log ---------------------------------

--------------------------------- Captured Out ---------------------------------
/home/runner/work/ocr-book/ocr-book/tests/small_wave.png
1609014368386978946 : Checking separation double page angle 90.58816928841564
1609014368387103747 : Checking separation double page y=0 2497
1609014379576822796 : Checking page rotation 1 0.65
1609014389499937934 : Checking page rotation 2 0.75
1609014392878671994 : Checking image 1 crop x1 320
1609014392878825895 : Checking image 1 crop y1 199
1609014392878869795 : Checking image 1 crop x2 2353
1609014392878949396 : Checking image 1 crop y2 3394
1609014396076638949 : Checking image 2 crop x1 132
1609014396076769949 : Checking image 2 crop y1 224
1609014396076813650 : Checking image 2 crop x2 2160
1609014396076852950 : Checking image 2 crop y2 3419
1609014396118486507 : Checking image 1 dpi 300
1609014396118602308 : Checking image 1 border top 179
1609014396118646408 : Checking image 1 border bottom 112
1609014396118685608 : Checking image 1 border left 213
1609014396118771409 : Checking image 1 border right 213
1609014396120915122 : Checking image 2 dpi 300
1609014396120973323 : Checking image 2 border top 197
1609014396121008123 : Checking image 2 border bottom 95
1609014396121040823 : Checking image 2 border left 216
1609014396121073523 : Checking image 2 border right 216

</system-out><system-err>--------------------------------- Captured Err ---------------------------------

</system-err></testcase><testcase classname="tests.test_images" name="test_no_split_line_line_algo_png" time="56.964"><system-out>--------------------------------- Captured Log ---------------------------------

--------------------------------- Captured Out ---------------------------------
/home/runner/work/ocr-book/ocr-book/tests/no_split_line_line_algo.png
1609014357355423828 : Checking separation double page angle 89.47691469185418
1609014357355554528 : Checking separation double page y=0 2476
1609014362980776714 : Checking page rotation 1 -0.14999999999999067
1609014372693932882 : Checking page rotation 2 -0.44999999999999746
1609014375771134805 : Checking image 1 crop x1 205
1609014375771270005 : Checking image 1 crop y1 158
1609014375771315206 : Checking image 1 crop x2 2320
1609014375771358206 : Checking image 1 crop y2 3366
1609014380845758529 : Checking image 2 crop x1 185
1609014380845875330 : Checking image 2 crop y1 221
1609014380845916130 : Checking image 2 crop x2 2201
1609014380845954030 : Checking image 2 crop y2 3366
1609014380893689525 : Checking image 1 dpi 300
1609014380893807726 : Checking image 1 border top 144
1609014380893847526 : Checking image 1 border bottom 134
1609014380893881126 : Checking image 1 border left 172
1609014380893914126 : Checking image 1 border right 172
1609014380897325347 : Checking image 2 dpi 300
1609014380897388448 : Checking image 2 border top 219
1609014380897425548 : Checking image 2 border bottom 123
1609014380897459748 : Checking image 2 border left 222
1609014380897494348 : Checking image 2 border right 222

</system-out><system-err>--------------------------------- Captured Err ---------------------------------

</system-err></testcase><testcase classname="tests.test_images" name="test_failed_split_line_line_algo_png" time="31.119"><system-out>--------------------------------- Captured Log ---------------------------------

--------------------------------- Captured Out ---------------------------------
/home/runner/work/ocr-book/ocr-book/tests/failed_split_line_line_algo.png
1609014401020133265 : Checking separation double page angle 90.04134220573248
1609014401020268965 : Checking separation double page y=0 2573
1609014404918953305 : Checking page rotation 1 -0.14999999999999067
1609014407427195271 : Checking page rotation 2 0.0
1609014410197791757 : Checking image 1 crop x1 407
1609014410197928757 : Checking image 1 crop y1 2925
1609014410197973058 : Checking image 1 crop x2 2419
1609014410198055158 : Checking image 1 crop y2 3174
1609014412040326919 : Checking image 2 crop x1 1184
1609014412040662021 : Checking image 2 crop y1 1748
1609014412040705921 : Checking image 2 crop x2 1185
1609014412040742221 : Checking image 2 crop y2 1749
1609014412041066823 : Checking image 1 dpi 300
1609014412041179724 : Checking image 1 border top 2922
1609014412041219324 : Checking image 1 border bottom 316
1609014412041255225 : Checking image 1 border left 224
1609014412041290525 : Checking image 1 border right 224
1609014412043468138 : Checking image 2 dpi 300
1609014412043537539 : Checking image 2 border top 1752
1609014412043573339 : Checking image 2 border bottom 1753
1609014412043606939 : Checking image 2 border left 1239
1609014412043640339 : Checking image 2 border right 1239

</system-out><system-err>--------------------------------- Captured Err ---------------------------------

</system-err></testcase><testcase classname="tests.test_images" name="test_wrong_split_line_3_png" time="62.123"><system-out>--------------------------------- Captured Log ---------------------------------

--------------------------------- Captured Out ---------------------------------
/home/runner/work/ocr-book/ocr-book/tests/wrong_split_line_3.png
1609014433542910436 : Checking separation double page angle 90.43729500214694
1609014433543048737 : Checking separation double page y=0 2498
1609014443259077051 : Checking page rotation 1 0.30000000000000004
1609014450889526570 : Checking page rotation 2 0.9
1609014454768171602 : Checking image 1 crop x1 331
1609014454768320003 : Checking image 1 crop y1 165
1609014454768365103 : Checking image 1 crop x2 2375
1609014454768416903 : Checking image 1 crop y2 3376
1609014458228562751 : Checking image 2 crop x1 102
1609014458228742752 : Checking image 2 crop y1 208
1609014458228806253 : Checking image 2 crop x2 2133
1609014458228849253 : Checking image 2 crop y2 3413
1609014458267947095 : Checking image 1 dpi 300
1609014458268070096 : Checking image 1 border top 157
1609014458268114696 : Checking image 1 border bottom 119
1609014458268152997 : Checking image 1 border left 208
1609014458268207697 : Checking image 1 border right 208
1609014458270468111 : Checking image 2 dpi 300
1609014458270546111 : Checking image 2 border top 187
1609014458270588012 : Checking image 2 border bottom 95
1609014458270624912 : Checking image 2 border left 214
1609014458270660312 : Checking image 2 border right 214

</system-out><system-err>--------------------------------- Captured Err ---------------------------------

</system-err></testcase><testcase classname="tests.test_images" name="test_failed_split_line_line_algo_2_png" time="71.449"><system-out>--------------------------------- Captured Log ---------------------------------

--------------------------------- Captured Out ---------------------------------
/home/runner/work/ocr-book/ocr-book/tests/failed_split_line_line_algo_2.png
1609014453310297207 : Checking separation double page angle 90.03068774449687
1609014453310424607 : Checking separation double page y=0 2500
1609014465497139218 : Checking page rotation 1 0.0
1609014476007183977 : Checking page rotation 2 0.6000000000000001
1609014479674745162 : Checking image 1 crop x1 272
1609014479674881063 : Checking image 1 crop y1 149
1609014479674923763 : Checking image 1 crop x2 2383
1609014479674961963 : Checking image 1 crop y2 3353
1609014483410414485 : Checking image 2 crop x1 121
1609014483410539985 : Checking image 2 crop y1 155
1609014483410578086 : Checking image 2 crop x2 2244
1609014483410636986 : Checking image 2 crop y2 3350
1609014483453765353 : Checking image 1 dpi 300
1609014483453883954 : Checking image 1 border top 138
1609014483453923054 : Checking image 1 border bottom 145
1609014483453956754 : Checking image 1 border left 174
1609014483453989254 : Checking image 1 border right 174
1609014483456869972 : Checking image 2 dpi 300
1609014483456941273 : Checking image 2 border top 136
1609014483456993273 : Checking image 2 border bottom 156
1609014483457024373 : Checking image 2 border left 168
1609014483457055173 : Checking image 2 border right 168

</system-out><system-err>--------------------------------- Captured Err ---------------------------------

</system-err></testcase><testcase classname="tests.test_images" name="test_crop_too_much_3_png" time="73.519"><system-out>--------------------------------- Captured Log ---------------------------------

--------------------------------- Captured Out ---------------------------------
/home/runner/work/ocr-book/ocr-book/tests/crop_too_much_3.png
1609014499884921175 : Checking separation double page angle 89.49330634783144
1609014499885051176 : Checking separation double page y=0 2498
1609014509591586552 : Checking page rotation 1 -0.8999999999999949
1609014521990047526 : Checking page rotation 2 -0.14999999999999067
1609014526604741430 : Checking image 1 crop x1 374
1609014526604883731 : Checking image 1 crop y1 258
1609014526604947932 : Checking image 1 crop x2 2385
1609014526604988232 : Checking image 1 crop y2 3459
1609014531725697228 : Checking image 2 crop x1 168
1609014531725868529 : Checking image 2 crop y1 228
1609014531725912830 : Checking image 2 crop x2 2181
1609014531725953630 : Checking image 2 crop y2 3417
1609014531780402360 : Checking image 1 dpi 300
1609014531780569061 : Checking image 1 border top 239
1609014531780615461 : Checking image 1 border bottom 47
1609014531780655261 : Checking image 1 border left 224
1609014531780693862 : Checking image 1 border right 224
1609014531783013076 : Checking image 2 dpi 300
1609014531783082576 : Checking image 2 border top 209
1609014531783122776 : Checking image 2 border bottom 89
1609014531783174977 : Checking image 2 border left 223
1609014531783210677 : Checking image 2 border right 223

</system-out><system-err>--------------------------------- Captured Err ---------------------------------

</system-err></testcase><testcase classname="tests.test_images" name="test_wrong_wave_split_line_2_png" time="79.717"><system-out>--------------------------------- Captured Log ---------------------------------

--------------------------------- Captured Out ---------------------------------
/home/runner/work/ocr-book/ocr-book/tests/wrong_wave_split_line_2.png
1609014528381290060 : Checking separation double page angle 90.7708958311329
1609014528381404261 : Checking separation double page y=0 2490
1609014538792943566 : Checking page rotation 1 0.4
1609014551819527984 : Checking page rotation 2 1.8
1609014555886059760 : Checking image 1 crop x1 224
1609014555886285961 : Checking image 1 crop y1 147
1609014555886382062 : Checking image 1 crop x2 2337
1609014555886424162 : Checking image 1 crop y2 3355
1609014563128005627 : Checking image 2 crop x1 107
1609014563128163328 : Checking image 2 crop y1 197
1609014563128238628 : Checking image 2 crop x2 2229
1609014563128297429 : Checking image 2 crop y2 3396
1609014563176887032 : Checking image 1 dpi 300
1609014563177048433 : Checking image 1 border top 137
1609014563177090834 : Checking image 1 border bottom 142
1609014563177127434 : Checking image 1 border left 173
1609014563177163734 : Checking image 1 border right 173
1609014563180554255 : Checking image 2 dpi 300
1609014563180617856 : Checking image 2 border top 171
1609014563180651756 : Checking image 2 border bottom 116
1609014563180683656 : Checking image 2 border left 169
1609014563180715356 : Checking image 2 border right 169

</system-out><system-err>--------------------------------- Captured Err ---------------------------------

</system-err></testcase><testcase classname="tests.test_images" name="test_wrong_wave_split_line_3_png" time="67.594"><system-out>--------------------------------- Captured Log ---------------------------------

--------------------------------- Captured Out ---------------------------------
/home/runner/work/ocr-book/ocr-book/tests/wrong_wave_split_line_3.png
1609014573390385263 : Checking separation double page angle 90.05826063695574
1609014573390499464 : Checking separation double page y=0 2514
1609014584222661739 : Checking page rotation 1 0.05
1609014591987558094 : Checking page rotation 2 0.30000000000000004
1609014595891946912 : Checking image 1 crop x1 273
1609014595892067313 : Checking image 1 crop y1 220
1609014595892122813 : Checking image 1 crop x2 2383
1609014595892158414 : Checking image 1 crop y2 3423
1609014599352803957 : Checking image 2 crop x1 114
1609014599352946058 : Checking image 2 crop y1 226
1609014599352993658 : Checking image 2 crop x2 2237
1609014599353038158 : Checking image 2 crop y2 3414
1609014599393366409 : Checking image 1 dpi 300
1609014599393484610 : Checking image 1 border top 202
1609014599393528010 : Checking image 1 border bottom 82
1609014599393565410 : Checking image 1 border left 175
1609014599393601211 : Checking image 1 border right 175
1609014599395650723 : Checking image 2 dpi 300
1609014599395710724 : Checking image 2 border top 207
1609014599395747224 : Checking image 2 border bottom 92
1609014599395781324 : Checking image 2 border left 168
1609014599395815224 : Checking image 2 border right 168

</system-out><system-err>--------------------------------- Captured Err ---------------------------------

</system-err></testcase><testcase classname="tests.test_images" name="test_no_split_line_wave_algo_png" time="77.047"><system-out>--------------------------------- Captured Log ---------------------------------

--------------------------------- Captured Out ---------------------------------
/home/runner/work/ocr-book/ocr-book/tests/no_split_line_wave_algo.png
1609014601198486606 : Checking separation double page angle 89.72500000000001
1609014601198619507 : Checking separation double page y=0 2484
1609014608305451066 : Checking page rotation 1 0.0
1609014618735286405 : Checking page rotation 2 -0.49999999999999434
1609014629781501925 : Checking image 1 crop x1 97
1609014629781584424 : Checking image 1 crop y1 79
1609014629781621124 : Checking image 1 crop x2 2494
1609014629781655523 : Checking image 1 crop y2 3505
1609014640138896267 : Checking image 2 crop x1 163
1609014640139065586 : Checking image 2 crop y1 266
1609014640139112292 : Checking image 2 crop x2 2238
1609014640139152696 : Checking image 2 crop y2 3381
1609014640181906195 : Checking image 1 dpi 300
1609014640182031709 : Checking image 1 border top 41
1609014640182072914 : Checking image 1 border bottom 41
1609014640182108318 : Checking image 1 border left 42
1609014640182178826 : Checking image 1 border right 42
1609014640186220889 : Checking image 2 dpi 300
1609014640186337003 : Checking image 2 border top 258
1609014640186378607 : Checking image 2 border bottom 114
1609014640186415211 : Checking image 2 border left 192
1609014640186451516 : Checking image 2 border right 192

</system-out><system-err>--------------------------------- Captured Err ---------------------------------

</system-err></testcase><testcase classname="tests.test_images" name="test_no_split_line_wave_algo_2_png" time="58.463"><system-out>--------------------------------- Captured Log ---------------------------------

--------------------------------- Captured Out ---------------------------------
/home/runner/work/ocr-book/ocr-book/tests/no_split_line_wave_algo_2.png
1609014633028871092 : Checking separation double page angle 90.54999999999998
1609014633029004392 : Checking separation double page y=0 2478
1609014641938369938 : Checking page rotation 1 1.1500000000000001
1609014650929930459 : Checking page rotation 2 0.2
1609014654563764726 : Checking image 1 crop x1 266
1609014654563895127 : Checking image 1 crop y1 209
1609014654563940827 : Checking image 1 crop x2 2342
1609014654563998427 : Checking image 1 crop y2 3413
1609014657813774040 : Checking image 2 crop x1 168
1609014657813898939 : Checking image 2 crop y1 241
1609014657813943139 : Checking image 2 crop x2 2251
1609014657813984539 : Checking image 2 crop y2 3433
1609014657855428483 : Checking image 1 dpi 300
1609014657855584982 : Checking image 1 border top 191
1609014657855678482 : Checking image 1 border bottom 92
1609014657855729681 : Checking image 1 border left 192
1609014657855781181 : Checking image 1 border right 192
1609014657858055267 : Checking image 2 dpi 300
1609014657858167966 : Checking image 2 border top 224
1609014657858210966 : Checking image 2 border bottom 71
1609014657858247066 : Checking image 2 border left 188
1609014657858282866 : Checking image 2 border right 188

</system-out><system-err>--------------------------------- Captured Err ---------------------------------

</system-err></testcase><testcase classname="tests.test_images" name="test_crop_too_few_2_png" time="55.428"><system-out>--------------------------------- Captured Log ---------------------------------

--------------------------------- Captured Out ---------------------------------
/home/runner/work/ocr-book/ocr-book/tests/crop_too_few_2.png
1609014672666314134 : Checking separation double page angle 90.30476192320097
1609014672666426435 : Checking separation double page y=0 2531
1609014681338853984 : Checking page rotation 1 1.2000000000000002
1609014687987106390 : Checking page rotation 2 -0.04999999999999689
1609014691742658100 : Checking image 1 crop x1 287
1609014691742805201 : Checking image 1 crop y1 165
1609014691742864501 : Checking image 1 crop x2 2398
1609014691742905301 : Checking image 1 crop y2 3368
1609014695629154333 : Checking image 2 crop x1 149
1609014695629298534 : Checking image 2 crop y1 189
1609014695629337734 : Checking image 2 crop x2 2273
1609014695629379035 : Checking image 2 crop y2 3386
1609014695672995409 : Checking image 1 dpi 300
1609014695673119510 : Checking image 1 border top 157
1609014695673163210 : Checking image 1 border bottom 127
1609014695673215410 : Checking image 1 border left 174
1609014695673287011 : Checking image 1 border right 174
1609014695675875327 : Checking image 2 dpi 300
1609014695675934027 : Checking image 2 border top 181
1609014695675966827 : Checking image 2 border bottom 109
1609014695675997628 : Checking image 2 border left 168
1609014695676028728 : Checking image 2 border right 168

</system-out><system-err>--------------------------------- Captured Err ---------------------------------

</system-err></testcase><testcase classname="tests.test_images" name="test_failed_detect_rectangle_png" time="67.826"><system-out>--------------------------------- Captured Log ---------------------------------

--------------------------------- Captured Out ---------------------------------
/home/runner/work/ocr-book/ocr-book/tests/failed_detect_rectangle.png
1609014696738106702 : Checking separation double page angle 90.19837516213148
1609014696738288704 : Checking separation double page y=0 2474
1609014706264025642 : Checking page rotation 1 0.2
1609014718398481329 : Checking page rotation 2 0.2
1609014722010193636 : Checking image 1 crop x1 257
1609014722010313737 : Checking image 1 crop y1 201
1609014722010354937 : Checking image 1 crop x2 2333
1609014722010391837 : Checking image 1 crop y2 3402
1609014725628526898 : Checking image 2 crop x1 136
1609014725628654599 : Checking image 2 crop y1 215
1609014725628700799 : Checking image 2 crop x2 2219
1609014725628744199 : Checking image 2 crop y2 3406
1609014725680122513 : Checking image 1 dpi 300
1609014725680237213 : Checking image 1 border top 188
1609014725680277614 : Checking image 1 border bottom 97
1609014725680313414 : Checking image 1 border left 192
1609014725680347514 : Checking image 1 border right 192
1609014725682343626 : Checking image 2 dpi 300
1609014725682419527 : Checking image 2 border top 200
1609014725682455127 : Checking image 2 border bottom 95
1609014725682488427 : Checking image 2 border left 188
1609014725682521527 : Checking image 2 border right 188

</system-out><system-err>--------------------------------- Captured Err ---------------------------------

</system-err></testcase><testcase classname="tests.test_images" name="test_single_page_png" time="28.098"><system-out>--------------------------------- Captured Log ---------------------------------

--------------------------------- Captured Out ---------------------------------
/home/runner/work/ocr-book/ocr-book/tests/single_page.png
1609014707820117206 : Checking separation double page angle 90.04999999999998
1609014707820262507 : Checking separation double page y=0 2476
1609014713835325303 : Checking page rotation 1 0.0
1609014714473306304 : Checking page rotation 2 0.0
1609014722782558145 : Checking image 1 crop x1 1
1609014722782651146 : Checking image 1 crop y1 8
1609014722782704146 : Checking image 1 crop x2 2470
1609014722782738047 : Checking image 1 crop y2 3505
1609014723413169290 : Checking image 2 crop x1 0
1609014723413263991 : Checking image 2 crop y1 0
1609014723413297691 : Checking image 2 crop x2 0
1609014723413329991 : Checking image 2 crop y2 0
1609014723413420992 : Checking image 1 dpi 300
1609014723413494492 : Checking image 1 border top 5
1609014723413531993 : Checking image 1 border bottom 5
1609014723413566793 : Checking image 1 border left 6
1609014723413601993 : Checking image 1 border right 6
1609014723422034845 : Checking image 2 border top 0
1609014723422133545 : Checking image 2 border bottom 0
1609014723422174845 : Checking image 2 border left 0
1609014723422210346 : Checking image 2 border right 0

</system-out><system-err>--------------------------------- Captured Err ---------------------------------

</system-err></testcase><testcase classname="tests.test_images" name="test_wrong_split_line_4_png" time="32.827"><system-out>--------------------------------- Captured Log ---------------------------------

--------------------------------- Captured Out ---------------------------------
/home/runner/work/ocr-book/ocr-book/tests/wrong_split_line_4.png
1609014742500421666 : Checking separation double page angle 91.04999999999998
1609014742500517367 : Checking separation double page y=0 60
1609014742833342989 : Checking page rotation 1 1.05
1609014751385578504 : Checking page rotation 2 1.1500000000000001
1609014752009774954 : Checking image 1 crop x1 0
1609014752009834954 : Checking image 1 crop y1 0
1609014752009864054 : Checking image 1 crop x2 0
1609014752009890554 : Checking image 1 crop y2 0
1609014756604163068 : Checking image 2 crop x1 292
1609014756604285869 : Checking image 2 crop y1 330
1609014756604320769 : Checking image 2 crop x2 2314
1609014756604352169 : Checking image 2 crop y2 3218
1609014756648105713 : Checking image 1 border top 0
1609014756648171513 : Checking image 1 border bottom 0
1609014756648222114 : Checking image 1 border left 0
1609014756648269114 : Checking image 1 border right 0
1609014756648354314 : Checking image 2 dpi 300
1609014756648423115 : Checking image 2 border top 322
1609014756648472115 : Checking image 2 border bottom 277
1609014756648500015 : Checking image 2 border left 219
1609014756648528015 : Checking image 2 border right 219

</system-out><system-err>--------------------------------- Captured Err ---------------------------------

</system-err></testcase><testcase classname="tests.test_images" name="test_no_split_line_wave_algo_3_png" time="21.251"><system-out>--------------------------------- Captured Log ---------------------------------

--------------------------------- Captured Out ---------------------------------
/home/runner/work/ocr-book/ocr-book/tests/no_split_line_wave_algo_3.png
1609014737816728261 : Checking separation double page angle 90.14999999999998
1609014738121694599 : Checking separation double page y=0 2408
1609014741155818059 : Checking page rotation 1 0.0
1609014741564212689 : Checking page rotation 2 0.35
1609014746249535801 : Checking image 1 crop x1 184
1609014746249649202 : Checking image 1 crop y1 2957
1609014746249694302 : Checking image 1 crop x2 2201
1609014746249732802 : Checking image 1 crop y2 3202
1609014746923190808 : Checking image 2 crop x1 0
1609014746923259609 : Checking image 2 crop y1 0
1609014746923292509 : Checking image 2 crop x2 0
1609014746923339109 : Checking image 2 crop y2 0
1609014746923410510 : Checking image 1 dpi 300
1609014746923480310 : Checking image 1 border top 2950
1609014746923514910 : Checking image 1 border bottom 292
1609014746923546611 : Checking image 1 border left 221
1609014746923577511 : Checking image 1 border right 221
1609014746930032753 : Checking image 2 border top 0
1609014746930094853 : Checking image 2 border bottom 0
1609014746930141454 : Checking image 2 border left 0
1609014746930173954 : Checking image 2 border right 0

</system-out><system-err>--------------------------------- Captured Err ---------------------------------

</system-err></testcase><testcase classname="tests.test_images" name="test_failed_split_line_line_algo_3_png" time="26.986"><system-out>--------------------------------- Captured Log ---------------------------------

--------------------------------- Captured Out ---------------------------------
/home/runner/work/ocr-book/ocr-book/tests/failed_split_line_line_algo_3.png
1609014771008472808 : Checking separation double page angle 90.0
1609014771008585807 : Checking separation double page y=0 40
1609014771190047147 : Checking page rotation 1 0.0
1609014775784434416 : Checking page rotation 2 0.0
1609014776263863794 : Checking image 1 crop x1 0
1609014776263929492 : Checking image 1 crop y1 0
1609014776263959891 : Checking image 1 crop x2 0
1609014776263989091 : Checking image 1 crop y2 0
1609014783616419449 : Checking image 2 crop x1 246
1609014783616524547 : Checking image 2 crop y1 154
1609014783616558946 : Checking image 2 crop x2 2259
1609014783616592446 : Checking image 2 crop y2 3361
1609014783655624370 : Checking image 1 border top 0
1609014783655753267 : Checking image 1 border bottom 0
1609014783655789466 : Checking image 1 border left 0
1609014783655823766 : Checking image 1 border right 0
1609014783655911464 : Checking image 2 dpi 300
1609014783655997762 : Checking image 2 border top 146
1609014783656059061 : Checking image 2 border bottom 134
1609014783656092260 : Checking image 2 border left 223
1609014783656149859 : Checking image 2 border right 223

</system-out><system-err>--------------------------------- Captured Err ---------------------------------

</system-err></testcase></testsuite></testsuites>