<?xml version="1.0" encoding="utf-8"?><testsuites><testsuite name="pytest" errors="0" failures="0" skipped="0" tests="36" time="485.068" timestamp="2021-05-17T10:57:52.863105" hostname="fv-az105-942"><testcase classname="tests.test_features" name="test_mock_stop_at_0" time="0.055"><system-out>--------------------------------- Captured Log ---------------------------------

--------------------------------- Captured Out ---------------------------------
/home/runner/work/diptych/diptych/tests/0001_0.png

</system-out><system-err>--------------------------------- Captured Err ---------------------------------

</system-err></testcase><testcase classname="tests.test_features" name="test_disabled_enable_debug" time="27.530"><system-out>--------------------------------- Captured Log ---------------------------------

--------------------------------- Captured Out ---------------------------------
/home/runner/work/diptych/diptych/tests/0001_debug.png
separation double page angle 90.55756528497216
separation double page y=0 2484
page rotation 1 0.65
page rotation 2 0.2
image 1 crop x1 329
image 1 crop y1 335
image 1 crop x2 2344
image 1 crop y2 3222
image 2 crop x1 171
image 2 crop y1 648
image 2 crop x2 2188
image 2 crop y2 3361
image 1 dpi 300
image 1 border top 327
image 1 border bottom 273
image 1 border left 222
image 1 border right 222
image 2 dpi 300
image 2 border top 643
image 2 border bottom 131
image 2 border left 221
image 2 border right 221

</system-out><system-err>--------------------------------- Captured Err ---------------------------------

</system-err></testcase><testcase classname="tests.test_features" name="test_mock_stop_at_2" time="20.480"><system-out>--------------------------------- Captured Log ---------------------------------

--------------------------------- Captured Out ---------------------------------
/home/runner/work/diptych/diptych/tests/0001_2.png
separation double page angle 90.55756528497216
separation double page y=0 2484
page rotation 1 0.65
page rotation 2 0.2

</system-out><system-err>--------------------------------- Captured Err ---------------------------------

</system-err></testcase><testcase classname="tests.test_features" name="test_mock_stop_at_4" time="26.737"><system-out>--------------------------------- Captured Log ---------------------------------

--------------------------------- Captured Out ---------------------------------
/home/runner/work/diptych/diptych/tests/0001_4.png
separation double page angle 90.55756528497216
separation double page y=0 2484
page rotation 1 0.65
page rotation 2 0.2
image 1 crop x1 329
image 1 crop y1 335
image 1 crop x2 2344
image 1 crop y2 3222
image 2 crop x1 171
image 2 crop y1 648
image 2 crop x2 2188
image 2 crop y2 3361
image 1 dpi 300
image 1 border top 326
image 1 border bottom 274
image 1 border left 222
image 1 border right 222
image 2 dpi 300
image 2 border top 643
image 2 border bottom 131
image 2 border left 221
image 2 border right 221

</system-out><system-err>--------------------------------- Captured Err ---------------------------------

</system-err></testcase><testcase classname="tests.test_features" name="test_mock_stop_at_1" time="15.766"><system-out>--------------------------------- Captured Log ---------------------------------

--------------------------------- Captured Out ---------------------------------
/home/runner/work/diptych/diptych/tests/0001_1.png
separation double page angle 90.55756528497216
separation double page y=0 2484

</system-out><system-err>--------------------------------- Captured Err ---------------------------------

</system-err></testcase><testcase classname="tests.test_features" name="test_mock_stop_at_3" time="26.249"><system-out>--------------------------------- Captured Log ---------------------------------

--------------------------------- Captured Out ---------------------------------
/home/runner/work/diptych/diptych/tests/0001_3.png
separation double page angle 90.55756528497216
separation double page y=0 2484
page rotation 1 0.65
page rotation 2 0.2
image 1 crop x1 329
image 1 crop y1 335
image 1 crop x2 2344
image 1 crop y2 3222
image 2 crop x1 171
image 2 crop y1 648
image 2 crop x2 2188
image 2 crop y2 3361

</system-out><system-err>--------------------------------- Captured Err ---------------------------------

</system-err></testcase><testcase classname="tests.test_images" name="test_0001_png" time="25.206"><system-out>--------------------------------- Captured Log ---------------------------------

--------------------------------- Captured Out ---------------------------------
/home/runner/work/diptych/diptych/tests/0001.png
1621249136567888638 : Checking separation double page angle 90.55756528497216
1621249136568002846 : Checking separation double page y=0 2484
1621249138424150145 : Checking page rotation 1 0.65
1621249140858979404 : Checking page rotation 2 0.2
1621249143709502384 : Checking image 1 crop x1 329
1621249143709646195 : Checking image 1 crop y1 335
1621249143709685598 : Checking image 1 crop x2 2344
1621249143709720400 : Checking image 1 crop y2 3222
1621249146457649980 : Checking image 2 crop x1 171
1621249146457795691 : Checking image 2 crop y1 648
1621249146457839994 : Checking image 2 crop x2 2188
1621249146457877697 : Checking image 2 crop y2 3361
1621249146458074112 : Checking image 1 dpi 300
1621249146458148217 : Checking image 1 border top 326
1621249146458185820 : Checking image 1 border bottom 274
1621249146458221823 : Checking image 1 border left 222
1621249146458256826 : Checking image 1 border right 222
1621249146461375660 : Checking image 2 dpi 300
1621249146461476568 : Checking image 2 border top 643
1621249146461514071 : Checking image 2 border bottom 131
1621249146461549373 : Checking image 2 border left 221
1621249146461584176 : Checking image 2 border right 221

</system-out><system-err>--------------------------------- Captured Err ---------------------------------

</system-err></testcase><testcase classname="tests.test_features" name="test_mock_stop_at_5" time="27.035"><system-out>--------------------------------- Captured Log ---------------------------------

--------------------------------- Captured Out ---------------------------------
/home/runner/work/diptych/diptych/tests/0001_5.png
separation double page angle 90.55756528497216
separation double page y=0 2484
page rotation 1 0.65
page rotation 2 0.2
image 1 crop x1 329
image 1 crop y1 335
image 1 crop x2 2344
image 1 crop y2 3222
image 2 crop x1 171
image 2 crop y1 648
image 2 crop x2 2188
image 2 crop y2 3361
image 1 dpi 300
image 1 border top 326
image 1 border bottom 274
image 1 border left 222
image 1 border right 222
image 2 dpi 300
image 2 border top 643
image 2 border bottom 131
image 2 border left 221
image 2 border right 221

</system-out><system-err>--------------------------------- Captured Err ---------------------------------

</system-err></testcase><testcase classname="tests.test_images" name="test_black_border_not_removed_png" time="27.768"><system-out>--------------------------------- Captured Log ---------------------------------

--------------------------------- Captured Out ---------------------------------
/home/runner/work/diptych/diptych/tests/black-border-not-removed.png
1621249161541317229 : Checking separation double page angle 90.01516396500199
1621249161541437938 : Checking separation double page y=0 2455
1621249163726462517 : Checking page rotation 1 0.0
1621249166790134596 : Checking page rotation 2 0.1
1621249169598931476 : Checking image 1 crop x1 297
1621249169599063986 : Checking image 1 crop y1 143
1621249169599100388 : Checking image 1 crop x2 2309
1621249169599133991 : Checking image 1 crop y2 3346
1621249174227721318 : Checking image 2 crop x1 154
1621249174227860728 : Checking image 2 crop y1 144
1621249174227901031 : Checking image 2 crop x2 2168
1621249174227938434 : Checking image 2 crop y2 3351
1621249174228131048 : Checking image 1 dpi 300
1621249174228205054 : Checking image 1 border top 131
1621249174228239057 : Checking image 1 border bottom 153
1621249174228271859 : Checking image 1 border left 224
1621249174228304161 : Checking image 1 border right 224
1621249174230741544 : Checking image 2 dpi 300
1621249174230838852 : Checking image 2 border top 133
1621249174230873654 : Checking image 2 border bottom 147
1621249174230905457 : Checking image 2 border left 223
1621249174230937559 : Checking image 2 border right 223

</system-out><system-err>--------------------------------- Captured Err ---------------------------------

</system-err></testcase><testcase classname="tests.test_images" name="test_2_pages_2_contours_png" time="18.123"><system-out>--------------------------------- Captured Log ---------------------------------

--------------------------------- Captured Out ---------------------------------
/home/runner/work/diptych/diptych/tests/2-pages-2-contours.png
1621249182424845104 : Checking separation double page angle 90.14230271514262
1621249182424962513 : Checking separation double page y=0 2488
1621249183073562885 : Checking page rotation 1 0.0
1621249184880186638 : Checking page rotation 2 0.2
1621249186048405981 : Checking image 1 crop x1 1189
1621249186048538791 : Checking image 1 crop y1 1751
1621249186048574794 : Checking image 1 crop x2 1190
1621249186048608396 : Checking image 1 crop y2 1752
1621249188707273607 : Checking image 2 crop x1 100
1621249188707409117 : Checking image 2 crop y1 240
1621249188707447720 : Checking image 2 crop x2 2148
1621249188707484023 : Checking image 2 crop y2 3240
1621249188707663837 : Checking image 1 dpi 300
1621249188707729941 : Checking image 1 border top 1752
1621249188707764844 : Checking image 1 border bottom 1753
1621249188707798447 : Checking image 1 border left 1239
1621249188707833449 : Checking image 1 border right 1239
1621249188709370565 : Checking image 2 dpi 300
1621249188709468572 : Checking image 2 border top 230
1621249188709503875 : Checking image 2 border bottom 256
1621249188709537677 : Checking image 2 border left 206
1621249188709570480 : Checking image 2 border right 206

</system-out><system-err>--------------------------------- Captured Err ---------------------------------

</system-err></testcase><testcase classname="tests.test_images" name="test_image_failed_to_rotate_png" time="32.846"><system-out>--------------------------------- Captured Log ---------------------------------

--------------------------------- Captured Out ---------------------------------
/home/runner/work/diptych/diptych/tests/image_failed_to_rotate.png
1621249190964863460 : Checking separation double page angle 90.35651650869968
1621249190964987470 : Checking separation double page y=0 2483
1621249192920887438 : Checking page rotation 1 0.45
1621249194839749460 : Checking page rotation 2 0.2
1621249203078011972 : Checking image 1 crop x1 31
1621249203078165583 : Checking image 1 crop y1 1
1621249203078210687 : Checking image 1 crop x2 2481
1621249203078251990 : Checking image 1 crop y2 3504
1621249206971944925 : Checking image 2 crop x1 171
1621249206972090636 : Checking image 2 crop y1 231
1621249206972132739 : Checking image 2 crop x2 2259
1621249206972172042 : Checking image 2 crop y2 3358
1621249206972402959 : Checking image 1 dpi 300
1621249206972488266 : Checking image 1 border top 2
1621249206972530169 : Checking image 1 border bottom 2
1621249206972565571 : Checking image 1 border left 15
1621249206972600474 : Checking image 1 border right 15
1621249206975350881 : Checking image 2 dpi 300
1621249206975447488 : Checking image 2 border top 217
1621249206975485191 : Checking image 2 border bottom 143
1621249206975520393 : Checking image 2 border left 186
1621249206975554696 : Checking image 2 border right 186

</system-out><system-err>--------------------------------- Captured Err ---------------------------------

</system-err></testcase><testcase classname="tests.test_images" name="test_wrong_split_line_png" time="22.613"><system-out>--------------------------------- Captured Log ---------------------------------

--------------------------------- Captured Out ---------------------------------
/home/runner/work/diptych/diptych/tests/wrong_split_line.png
1621249203494416567 : Checking separation double page angle 89.95895720607972
1621249203494542976 : Checking separation double page y=0 2466
1621249205520132412 : Checking page rotation 1 -0.04999999999999689
1621249207281094659 : Checking page rotation 2 0.45
1621249208929669060 : Checking image 1 crop x1 211
1621249208929809870 : Checking image 1 crop y1 156
1621249208929851573 : Checking image 1 crop x2 2323
1621249208929890376 : Checking image 1 crop y2 3363
1621249211315860962 : Checking image 2 crop x1 123
1621249211316000973 : Checking image 2 crop y1 164
1621249211316042276 : Checking image 2 crop x2 2237
1621249211316082579 : Checking image 2 crop y2 3375
1621249211316267093 : Checking image 1 dpi 300
1621249211316342399 : Checking image 1 border top 135
1621249211316406203 : Checking image 1 border bottom 145
1621249211316442606 : Checking image 1 border left 174
1621249211316481409 : Checking image 1 border right 174
1621249211318712776 : Checking image 2 dpi 300
1621249211318808483 : Checking image 2 border top 141
1621249211318846186 : Checking image 2 border bottom 135
1621249211318882089 : Checking image 2 border left 173
1621249211318917491 : Checking image 2 border right 173

</system-out><system-err>--------------------------------- Captured Err ---------------------------------

</system-err></testcase><testcase classname="tests.test_images" name="test_image_failed_to_crop_data_png" time="43.335"><system-out>--------------------------------- Captured Log ---------------------------------

--------------------------------- Captured Out ---------------------------------
/home/runner/work/diptych/diptych/tests/image_failed_to_crop_data.png
1621249227956696986 : Checking separation double page angle 90.09350257645173
1621249227956831097 : Checking separation double page y=0 2479
1621249232611400554 : Checking page rotation 1 0.15000000000000002
1621249234631547518 : Checking page rotation 2 0.05
1621249246931891954 : Checking image 1 crop x1 46
1621249246932038965 : Checking image 1 crop y1 1
1621249246932081669 : Checking image 1 crop x2 2477
1621249246932118271 : Checking image 1 crop y2 3505
1621249250341138817 : Checking image 2 crop x1 164
1621249250341293128 : Checking image 2 crop y1 217
1621249250341332631 : Checking image 2 crop x2 2245
1621249250341368434 : Checking image 2 crop y2 3350
1621249250341553148 : Checking image 1 dpi 300
1621249250341630754 : Checking image 1 border top 2
1621249250341687358 : Checking image 1 border bottom 2
1621249250341723061 : Checking image 1 border left 25
1621249250341758163 : Checking image 1 border right 25
1621249250344573474 : Checking image 2 dpi 300
1621249250344676882 : Checking image 2 border top 206
1621249250344714285 : Checking image 2 border bottom 148
1621249250344749187 : Checking image 2 border left 189
1621249250344783990 : Checking image 2 border right 189

</system-out><system-err>--------------------------------- Captured Err ---------------------------------

</system-err></testcase><testcase classname="tests.test_images" name="test_crop_too_much_png" time="33.926"><system-out>--------------------------------- Captured Log ---------------------------------

--------------------------------- Captured Out ---------------------------------
/home/runner/work/diptych/diptych/tests/crop_too_much.png
1621249230757966982 : Checking separation double page angle 90.16929865985193
1621249230758079190 : Checking separation double page y=0 2456
1621249234433451075 : Checking page rotation 1 -0.04999999999999689
1621249237685623451 : Checking page rotation 2 0.2
1621249240967425147 : Checking image 1 crop x1 302
1621249240967569158 : Checking image 1 crop y1 148
1621249240967612261 : Checking image 1 crop x2 2314
1621249240967649564 : Checking image 1 crop y2 3351
1621249245217035613 : Checking image 2 crop x1 163
1621249245217177223 : Checking image 2 crop y1 151
1621249245217218726 : Checking image 2 crop x2 2187
1621249245217257729 : Checking image 2 crop y2 3363
1621249245217442043 : Checking image 1 dpi 300
1621249245217520849 : Checking image 1 border top 133
1621249245217559652 : Checking image 1 border bottom 151
1621249245217595655 : Checking image 1 border left 224
1621249245217630757 : Checking image 1 border right 224
1621249245219877326 : Checking image 2 dpi 300
1621249245219968833 : Checking image 2 border top 132
1621249245220006336 : Checking image 2 border bottom 143
1621249245220042339 : Checking image 2 border left 218
1621249245220082142 : Checking image 2 border right 218

</system-out><system-err>--------------------------------- Captured Err ---------------------------------

</system-err></testcase><testcase classname="tests.test_images" name="test_crop_too_few_png" time="23.076"><system-out>--------------------------------- Captured Log ---------------------------------

--------------------------------- Captured Out ---------------------------------
/home/runner/work/diptych/diptych/tests/crop_too_few.png
1621249260218610624 : Checking separation double page angle 89.49492328400886
1621249260218726233 : Checking separation double page y=0 2510
1621249261892760890 : Checking page rotation 1 -0.6499999999999977
1621249264178083168 : Checking page rotation 2 0.0
1621249266556425635 : Checking image 1 crop x1 263
1621249266556571746 : Checking image 1 crop y1 150
1621249266556609949 : Checking image 1 crop x2 2377
1621249266556644051 : Checking image 1 crop y2 3357
1621249268330150182 : Checking image 2 crop x1 139
1621249268330287992 : Checking image 2 crop y1 141
1621249268330326495 : Checking image 2 crop x2 2261
1621249268330362998 : Checking image 2 crop y2 3345
1621249268330545211 : Checking image 1 dpi 300
1621249268330619117 : Checking image 1 border top 129
1621249268330656420 : Checking image 1 border bottom 150
1621249268330689822 : Checking image 1 border left 173
1621249268330721925 : Checking image 1 border right 173
1621249268333056500 : Checking image 2 dpi 300
1621249268333154507 : Checking image 2 border top 130
1621249268333190110 : Checking image 2 border bottom 153
1621249268333223312 : Checking image 2 border left 169
1621249268333255615 : Checking image 2 border right 169

</system-out><system-err>--------------------------------- Captured Err ---------------------------------

</system-err></testcase><testcase classname="tests.test_images" name="test_wrong_angle_split_line_png" time="31.010"><system-out>--------------------------------- Captured Log ---------------------------------

--------------------------------- Captured Out ---------------------------------
/home/runner/work/diptych/diptych/tests/wrong_angle_split_line.png
1621249263545648458 : Checking separation double page angle 90.08791528895468
1621249263545782868 : Checking separation double page y=0 2478
1621249265228782199 : Checking page rotation 1 0.1
1621249267269618512 : Checking page rotation 2 0.1
1621249275462870650 : Checking image 1 crop x1 58
1621249275463019461 : Checking image 1 crop y1 6
1621249275463064365 : Checking image 1 crop x2 2476
1621249275463104068 : Checking image 1 crop y2 3501
1621249280641573792 : Checking image 2 crop x1 166
1621249280641712803 : Checking image 2 crop y1 218
1621249280641751606 : Checking image 2 crop x2 2244
1621249280641788008 : Checking image 2 crop y2 3349
1621249280641978323 : Checking image 1 dpi 300
1621249280642054028 : Checking image 1 border top 6
1621249280642091331 : Checking image 1 border bottom 6
1621249280642123834 : Checking image 1 border left 31
1621249280642155536 : Checking image 1 border right 31
1621249280649924016 : Checking image 2 dpi 300
1621249280650035725 : Checking image 2 border top 209
1621249280650078628 : Checking image 2 border bottom 147
1621249280650113531 : Checking image 2 border left 191
1621249280650148033 : Checking image 2 border right 191

</system-out><system-err>--------------------------------- Captured Err ---------------------------------

</system-err></testcase><testcase classname="tests.test_images" name="test_crop_too_much_2_png" time="35.876"><system-out>--------------------------------- Captured Log ---------------------------------

--------------------------------- Captured Out ---------------------------------
/home/runner/work/diptych/diptych/tests/crop_too_much_2.png
1621249290090354254 : Checking separation double page angle 90.15285326123045
1621249290090486063 : Checking separation double page y=0 2477
1621249293468624629 : Checking page rotation 1 0.15000000000000002
1621249297327526789 : Checking page rotation 2 0.2
1621249300319665458 : Checking image 1 crop x1 330
1621249300319807168 : Checking image 1 crop y1 132
1621249300319848771 : Checking image 1 crop x2 2342
1621249300319886474 : Checking image 1 crop y2 3335
1621249304171954799 : Checking image 2 crop x1 165
1621249304172083308 : Checking image 2 crop y1 139
1621249304172137712 : Checking image 2 crop x2 2178
1621249304172175815 : Checking image 2 crop y2 3345
1621249304172392631 : Checking image 1 dpi 300
1621249304172471736 : Checking image 1 border top 121
1621249304172510839 : Checking image 1 border bottom 163
1621249304172547242 : Checking image 1 border left 224
1621249304172585945 : Checking image 1 border right 224
1621249304174873810 : Checking image 2 dpi 300
1621249304174968717 : Checking image 2 border top 129
1621249304175006920 : Checking image 2 border bottom 152
1621249304175042622 : Checking image 2 border left 223
1621249304175078025 : Checking image 2 border right 223

</system-out><system-err>--------------------------------- Captured Err ---------------------------------

</system-err></testcase><testcase classname="tests.test_images" name="test_angle_page_lower_split_line_png" time="35.282"><system-out>--------------------------------- Captured Log ---------------------------------

--------------------------------- Captured Out ---------------------------------
/home/runner/work/diptych/diptych/tests/angle_page_lower_split_line.png
1621249304297685584 : Checking separation double page angle 89.74412725181848
1621249304297805692 : Checking separation double page y=0 2472
1621249307816606426 : Checking page rotation 1 -0.14999999999999067
1621249310917247816 : Checking page rotation 2 0.1
1621249312864186449 : Checking image 1 crop x1 241
1621249312864333460 : Checking image 1 crop y1 156
1621249312864396165 : Checking image 1 crop x2 2357
1621249312864436968 : Checking image 1 crop y2 3368
1621249316718811813 : Checking image 2 crop x1 151
1621249316718954823 : Checking image 2 crop y1 146
1621249316718997225 : Checking image 2 crop x2 2261
1621249316719036728 : Checking image 2 crop y2 3351
1621249316719235841 : Checking image 1 dpi 300
1621249316719311946 : Checking image 1 border top 140
1621249316719350548 : Checking image 1 border bottom 135
1621249316719387551 : Checking image 1 border left 172
1621249316719422353 : Checking image 1 border right 172
1621249316722580058 : Checking image 2 dpi 300
1621249316722682165 : Checking image 2 border top 131
1621249316722720667 : Checking image 2 border bottom 151
1621249316722755570 : Checking image 2 border left 175
1621249316722789872 : Checking image 2 border right 175

</system-out><system-err>--------------------------------- Captured Err ---------------------------------

</system-err></testcase><testcase classname="tests.test_images" name="test_wrong_split_line_2_png" time="42.010"><system-out>--------------------------------- Captured Log ---------------------------------

--------------------------------- Captured Out ---------------------------------
/home/runner/work/diptych/diptych/tests/wrong_split_line_2.png
1621249327249045652 : Checking separation double page angle 90.23635161124103
1621249327249170860 : Checking separation double page y=0 2437
1621249331131842193 : Checking page rotation 1 0.2
1621249334382272167 : Checking page rotation 2 0.2
1621249339241681188 : Checking image 1 crop x1 294
1621249339241816898 : Checking image 1 crop y1 136
1621249339241856801 : Checking image 1 crop x2 2325
1621249339241897404 : Checking image 1 crop y2 3376
1621249346199572982 : Checking image 2 crop x1 138
1621249346199714392 : Checking image 2 crop y1 190
1621249346199756095 : Checking image 2 crop x2 2174
1621249346199795298 : Checking image 2 crop y2 3389
1621249346199983611 : Checking image 1 dpi 300
1621249346200062517 : Checking image 1 border top 131
1621249346200101320 : Checking image 1 border bottom 116
1621249346200137422 : Checking image 1 border left 214
1621249346200174825 : Checking image 1 border right 214
1621249346202626398 : Checking image 2 dpi 300
1621249346202731005 : Checking image 2 border top 181
1621249346202766608 : Checking image 2 border bottom 107
1621249346202800010 : Checking image 2 border left 212
1621249346202833312 : Checking image 2 border right 212

</system-out><system-err>--------------------------------- Captured Err ---------------------------------

</system-err></testcase><testcase classname="tests.test_images" name="test_wrong_wave_split_line_png" time="37.679"><system-out>--------------------------------- Captured Log ---------------------------------

--------------------------------- Captured Out ---------------------------------
/home/runner/work/diptych/diptych/tests/wrong_wave_split_line.png
1621249337403407801 : Checking separation double page angle 90.42461655762611
1621249337403523609 : Checking separation double page y=0 2502
1621249340071878590 : Checking page rotation 1 -0.09999999999999377
1621249342831055124 : Checking page rotation 2 0.85
1621249348023787322 : Checking image 1 crop x1 384
1621249348023926632 : Checking image 1 crop y1 178
1621249348023965735 : Checking image 1 crop x2 2412
1621249348024001137 : Checking image 1 crop y2 3374
1621249354387615841 : Checking image 2 crop x1 7
1621249354387776953 : Checking image 2 crop y1 0
1621249354387819556 : Checking image 2 crop x2 2411
1621249354387860758 : Checking image 2 crop y2 3505
1621249354388025170 : Checking image 1 dpi 300
1621249354388102075 : Checking image 1 border top 173
1621249354388140378 : Checking image 1 border bottom 118
1621249354388175981 : Checking image 1 border left 216
1621249354388210483 : Checking image 1 border right 216
1621249354391379105 : Checking image 2 dpi 300
1621249354391496813 : Checking image 2 border top 1
1621249354391534516 : Checking image 2 border bottom 1
1621249354391568718 : Checking image 2 border left 38
1621249354391603120 : Checking image 2 border right 38

</system-out><system-err>--------------------------------- Captured Err ---------------------------------

</system-err></testcase><testcase classname="tests.test_images" name="test_small_wave_png" time="30.244"><system-out>--------------------------------- Captured Log ---------------------------------

--------------------------------- Captured Out ---------------------------------
/home/runner/work/diptych/diptych/tests/small_wave.png
1621249366533111413 : Checking separation double page angle 90.56494929955075
1621249366533899869 : Checking separation double page y=0 2495
1621249369486530386 : Checking page rotation 1 0.7
1621249372215555277 : Checking page rotation 2 0.65
1621249373961009021 : Checking image 1 crop x1 322
1621249373961151031 : Checking image 1 crop y1 199
1621249373961192334 : Checking image 1 crop x2 2351
1621249373961229236 : Checking image 1 crop y2 3394
1621249376446752103 : Checking image 2 crop x1 130
1621249376446889112 : Checking image 2 crop y1 222
1621249376446930015 : Checking image 2 crop x2 2163
1621249376446970918 : Checking image 2 crop y2 3420
1621249376447174632 : Checking image 1 dpi 300
1621249376447246037 : Checking image 1 border top 181
1621249376447283440 : Checking image 1 border bottom 111
1621249376447317042 : Checking image 1 border left 215
1621249376447351544 : Checking image 1 border right 215
1621249376449704307 : Checking image 2 dpi 300
1621249376449815315 : Checking image 2 border top 197
1621249376449851918 : Checking image 2 border bottom 92
1621249376449884820 : Checking image 2 border left 213
1621249376449917522 : Checking image 2 border right 213

</system-out><system-err>--------------------------------- Captured Err ---------------------------------

</system-err></testcase><testcase classname="tests.test_images" name="test_no_split_line_line_algo_png" time="27.410"><system-out>--------------------------------- Captured Log ---------------------------------

--------------------------------- Captured Out ---------------------------------
/home/runner/work/diptych/diptych/tests/no_split_line_line_algo.png
1621249370633926894 : Checking separation double page angle 89.47691469185418
1621249370634045703 : Checking separation double page y=0 2476
1621249372293342172 : Checking page rotation 1 -0.14999999999999067
1621249375259148945 : Checking page rotation 2 -0.14999999999999067
1621249377321174942 : Checking image 1 crop x1 205
1621249377321317252 : Checking image 1 crop y1 158
1621249377321358855 : Checking image 1 crop x2 2320
1621249377321397958 : Checking image 1 crop y2 3366
1621249381817874496 : Checking image 2 crop x1 185
1621249381818019406 : Checking image 2 crop y1 225
1621249381818062909 : Checking image 2 crop x2 2204
1621249381818102212 : Checking image 2 crop y2 3362
1621249381818305626 : Checking image 1 dpi 300
1621249381818379032 : Checking image 1 border top 144
1621249381818418434 : Checking image 1 border bottom 134
1621249381818454137 : Checking image 1 border left 172
1621249381818489039 : Checking image 1 border right 172
1621249381822104296 : Checking image 2 dpi 300
1621249381822213104 : Checking image 2 border top 223
1621249381822251606 : Checking image 2 border bottom 127
1621249381822286609 : Checking image 2 border left 220
1621249381822321311 : Checking image 2 border right 220

</system-out><system-err>--------------------------------- Captured Err ---------------------------------

</system-err></testcase><testcase classname="tests.test_images" name="test_wrong_split_line_3_png" time="35.050"><system-out>--------------------------------- Captured Log ---------------------------------

--------------------------------- Captured Out ---------------------------------
/home/runner/work/diptych/diptych/tests/wrong_split_line_3.png
1621249394525793030 : Checking separation double page angle 90.40515247895009
1621249394525916139 : Checking separation double page y=0 2495
1621249397326534509 : Checking page rotation 1 0.2
1621249399360504178 : Checking page rotation 2 0.85
1621249401664123041 : Checking image 1 crop x1 331
1621249401664262150 : Checking image 1 crop y1 166
1621249401664304453 : Checking image 1 crop x2 2377
1621249401664343856 : Checking image 1 crop y2 3375
1621249411519027684 : Checking image 2 crop x1 103
1621249411519149793 : Checking image 2 crop y1 207
1621249411519188996 : Checking image 2 crop x2 2136
1621249411519225698 : Checking image 2 crop y2 3414
1621249411519428912 : Checking image 1 dpi 300
1621249411519506918 : Checking image 1 border top 158
1621249411519547521 : Checking image 1 border bottom 120
1621249411519583723 : Checking image 1 border left 207
1621249411519620526 : Checking image 1 border right 207
1621249411521954989 : Checking image 2 dpi 300
1621249411522056096 : Checking image 2 border top 199
1621249411522094099 : Checking image 2 border bottom 81
1621249411522130202 : Checking image 2 border left 213
1621249411522165104 : Checking image 2 border right 213

</system-out><system-err>--------------------------------- Captured Err ---------------------------------

</system-err></testcase><testcase classname="tests.test_images" name="test_failed_split_line_line_algo_png" time="17.521"><system-out>--------------------------------- Captured Log ---------------------------------

--------------------------------- Captured Out ---------------------------------
/home/runner/work/diptych/diptych/tests/failed_split_line_line_algo.png
1621249393016171390 : Checking separation double page angle 90.0093502548779
1621249393016290898 : Checking separation double page y=0 2574
1621249394025574295 : Checking page rotation 1 0.0
1621249394634534490 : Checking page rotation 2 0.0
1621249397337849306 : Checking image 1 crop x1 411
1621249397337987916 : Checking image 1 crop y1 2927
1621249397338028119 : Checking image 1 crop x2 2422
1621249397338063021 : Checking image 1 crop y2 3172
1621249399369997447 : Checking image 2 crop x1 1191
1621249399370116355 : Checking image 2 crop y1 1745
1621249399370152758 : Checking image 2 crop x2 1192
1621249399370186360 : Checking image 2 crop y2 1746
1621249399370330270 : Checking image 1 dpi 300
1621249399370412276 : Checking image 1 border top 2920
1621249399370448578 : Checking image 1 border bottom 322
1621249399370481381 : Checking image 1 border left 224
1621249399370514883 : Checking image 1 border right 224
1621249399372271607 : Checking image 2 dpi 300
1621249399372386915 : Checking image 2 border top 1752
1621249399372427018 : Checking image 2 border bottom 1753
1621249399372459520 : Checking image 2 border left 1239
1621249399372490822 : Checking image 2 border right 1239

</system-out><system-err>--------------------------------- Captured Err ---------------------------------

</system-err></testcase><testcase classname="tests.test_images" name="test_failed_split_line_line_algo_2_png" time="30.656"><system-out>--------------------------------- Captured Log ---------------------------------

--------------------------------- Captured Out ---------------------------------
/home/runner/work/diptych/diptych/tests/failed_split_line_line_algo_2.png
1621249418973119559 : Checking separation double page angle 90.03732329462368
1621249418973251569 : Checking separation double page y=0 2499
1621249421848338843 : Checking page rotation 1 -0.09999999999999377
1621249424309487393 : Checking page rotation 2 0.5499999999999999
1621249427255991624 : Checking image 1 crop x1 273
1621249427256145735 : Checking image 1 crop y1 147
1621249427256188538 : Checking image 1 crop x2 2386
1621249427256227741 : Checking image 1 crop y2 3352
1621249429973711319 : Checking image 2 crop x1 122
1621249429973855530 : Checking image 2 crop y1 155
1621249429973897833 : Checking image 2 crop x2 2246
1621249429973938135 : Checking image 2 crop y2 3350
1621249429974135149 : Checking image 1 dpi 300
1621249429974210155 : Checking image 1 border top 137
1621249429974249757 : Checking image 1 border bottom 145
1621249429974284960 : Checking image 1 border left 173
1621249429974319262 : Checking image 1 border right 173
1621249429976832540 : Checking image 2 dpi 300
1621249429976936647 : Checking image 2 border top 133
1621249429976974750 : Checking image 2 border bottom 159
1621249429977009652 : Checking image 2 border left 168
1621249429977046955 : Checking image 2 border right 168

</system-out><system-err>--------------------------------- Captured Err ---------------------------------

</system-err></testcase><testcase classname="tests.test_images" name="test_crop_too_much_3_png" time="27.764"><system-out>--------------------------------- Captured Log ---------------------------------

--------------------------------- Captured Out ---------------------------------
/home/runner/work/diptych/diptych/tests/crop_too_much_3.png
1621249427748011647 : Checking separation double page angle 89.5934556679346
1621249427748131256 : Checking separation double page y=0 2499
1621249429999317527 : Checking page rotation 1 -0.8999999999999949
1621249433709839386 : Checking page rotation 2 -0.04999999999999689
1621249436744991647 : Checking image 1 crop x1 374
1621249436745135357 : Checking image 1 crop y1 258
1621249436745176960 : Checking image 1 crop x2 2385
1621249436745213762 : Checking image 1 crop y2 3459
1621249439278674782 : Checking image 2 crop x1 164
1621249439278811592 : Checking image 2 crop y1 229
1621249439278852195 : Checking image 2 crop x2 2183
1621249439278892198 : Checking image 2 crop y2 3416
1621249439279077911 : Checking image 1 dpi 300
1621249439279153916 : Checking image 1 border top 239
1621249439279192719 : Checking image 1 border bottom 46
1621249439279228922 : Checking image 1 border left 224
1621249439279266024 : Checking image 1 border right 224
1621249439281545685 : Checking image 2 dpi 300
1621249439281644992 : Checking image 2 border top 210
1621249439281682594 : Checking image 2 border bottom 90
1621249439281717897 : Checking image 2 border left 220
1621249439281756300 : Checking image 2 border right 220

</system-out><system-err>--------------------------------- Captured Err ---------------------------------

</system-err></testcase><testcase classname="tests.test_images" name="test_wrong_wave_split_line_2_png" time="31.940"><system-out>--------------------------------- Captured Log ---------------------------------

--------------------------------- Captured Out ---------------------------------
/home/runner/work/diptych/diptych/tests/wrong_wave_split_line_2.png
1621249451688061781 : Checking separation double page angle 90.7708958311329
1621249451688192991 : Checking separation double page y=0 2490
1621249454334246189 : Checking page rotation 1 0.2
1621249456817674792 : Checking page rotation 2 1.65
1621249458740951749 : Checking image 1 crop x1 227
1621249458741092759 : Checking image 1 crop y1 147
1621249458741135062 : Checking image 1 crop x2 2342
1621249458741175965 : Checking image 1 crop y2 3353
1621249461938493023 : Checking image 2 crop x1 106
1621249461938646234 : Checking image 2 crop y1 195
1621249461938686436 : Checking image 2 crop x2 2231
1621249461938729139 : Checking image 2 crop y2 3398
1621249461938942055 : Checking image 1 dpi 300
1621249461939017160 : Checking image 1 border top 136
1621249461939056363 : Checking image 1 border bottom 145
1621249461939091765 : Checking image 1 border left 172
1621249461939126468 : Checking image 1 border right 172
1621249461941449032 : Checking image 2 dpi 300
1621249461941546139 : Checking image 2 border top 165
1621249461941583641 : Checking image 2 border bottom 118
1621249461941618344 : Checking image 2 border left 167
1621249461941652246 : Checking image 2 border right 167

</system-out><system-err>--------------------------------- Captured Err ---------------------------------

</system-err></testcase><testcase classname="tests.test_images" name="test_wrong_wave_split_line_3_png" time="30.578"><system-out>--------------------------------- Captured Log ---------------------------------

--------------------------------- Captured Out ---------------------------------
/home/runner/work/diptych/diptych/tests/wrong_wave_split_line_3.png
1621249460201641423 : Checking separation double page angle 90.12715931778824
1621249460201760832 : Checking separation double page y=0 2514
1621249463310862553 : Checking page rotation 1 0.05
1621249465518675050 : Checking page rotation 2 0.2
1621249467807063024 : Checking image 1 crop x1 273
1621249467807198634 : Checking image 1 crop y1 220
1621249467807252638 : Checking image 1 crop x2 2383
1621249467807288840 : Checking image 1 crop y2 3423
1621249469870885211 : Checking image 2 crop x1 116
1621249469871024721 : Checking image 2 crop y1 225
1621249469871066024 : Checking image 2 crop x2 2242
1621249469871106727 : Checking image 2 crop y2 3415
1621249469871301640 : Checking image 1 dpi 300
1621249469871381846 : Checking image 1 border top 202
1621249469871422349 : Checking image 1 border bottom 82
1621249469871458451 : Checking image 1 border left 175
1621249469871494254 : Checking image 1 border right 175
1621249469873808817 : Checking image 2 dpi 300
1621249469873909724 : Checking image 2 border top 204
1621249469873947627 : Checking image 2 border bottom 93
1621249469873983329 : Checking image 2 border left 167
1621249469874017832 : Checking image 2 border right 167

</system-out><system-err>--------------------------------- Captured Err ---------------------------------

</system-err></testcase><testcase classname="tests.test_images" name="test_no_split_line_wave_algo_png" time="37.922"><system-out>--------------------------------- Captured Log ---------------------------------

--------------------------------- Captured Out ---------------------------------
/home/runner/work/diptych/diptych/tests/no_split_line_wave_algo.png
1621249478452793848 : Checking separation double page angle 89.79018091440821
1621249478452912556 : Checking separation double page y=0 2483
1621249481557654871 : Checking page rotation 1 0.0
1621249484085118059 : Checking page rotation 2 -0.44999999999999746
1621249493778277948 : Checking image 1 crop x1 97
1621249493778379455 : Checking image 1 crop y1 74
1621249493778418457 : Checking image 1 crop x2 2489
1621249493778456060 : Checking image 1 crop y2 3505
1621249499824066322 : Checking image 2 crop x1 164
1621249499824212633 : Checking image 2 crop y1 267
1621249499824256936 : Checking image 2 crop x2 2239
1621249499824293939 : Checking image 2 crop y2 3380
1621249499824507755 : Checking image 1 dpi 300
1621249499824593561 : Checking image 1 border top 38
1621249499824630564 : Checking image 1 border bottom 38
1621249499824665666 : Checking image 1 border left 44
1621249499824699769 : Checking image 1 border right 44
1621249499827105046 : Checking image 2 dpi 300
1621249499827201653 : Checking image 2 border top 257
1621249499827241256 : Checking image 2 border bottom 117
1621249499827276259 : Checking image 2 border left 192
1621249499827310261 : Checking image 2 border right 192

</system-out><system-err>--------------------------------- Captured Err ---------------------------------

</system-err></testcase><testcase classname="tests.test_images" name="test_no_split_line_wave_algo_2_png" time="25.163"><system-out>--------------------------------- Captured Log ---------------------------------

--------------------------------- Captured Out ---------------------------------
/home/runner/work/diptych/diptych/tests/no_split_line_wave_algo_2.png
1621249486254872483 : Checking separation double page angle 90.43362571535843
1621249486254997292 : Checking separation double page y=0 2473
1621249488303897436 : Checking page rotation 1 1.05
1621249490560157862 : Checking page rotation 2 0.15000000000000002
1621249492923147026 : Checking image 1 crop x1 267
1621249492923282235 : Checking image 1 crop y1 210
1621249492923320138 : Checking image 1 crop x2 2343
1621249492923356041 : Checking image 1 crop y2 3412
1621249495040347823 : Checking image 2 crop x1 165
1621249495040511934 : Checking image 2 crop y1 241
1621249495040550137 : Checking image 2 crop x2 2250
1621249495040586340 : Checking image 2 crop y2 3433
1621249495040769953 : Checking image 1 dpi 300
1621249495040845058 : Checking image 1 border top 192
1621249495040881560 : Checking image 1 border bottom 93
1621249495040914963 : Checking image 1 border left 192
1621249495040949465 : Checking image 1 border right 192
1621249495043244127 : Checking image 2 dpi 300
1621249495043337334 : Checking image 2 border top 224
1621249495043372836 : Checking image 2 border bottom 71
1621249495043406639 : Checking image 2 border left 187
1621249495043438941 : Checking image 2 border right 187

</system-out><system-err>--------------------------------- Captured Err ---------------------------------

</system-err></testcase><testcase classname="tests.test_images" name="test_failed_detect_rectangle_png" time="29.527"><system-out>--------------------------------- Captured Log ---------------------------------

--------------------------------- Captured Out ---------------------------------
/home/runner/work/diptych/diptych/tests/failed_detect_rectangle.png
1621249514944294594 : Checking separation double page angle 90.242273842964
1621249514944446105 : Checking separation double page y=0 2475
1621249517803971572 : Checking page rotation 1 0.2
1621249521287826735 : Checking page rotation 2 0.2
1621249522792494414 : Checking image 1 crop x1 257
1621249522792639824 : Checking image 1 crop y1 201
1621249522792681427 : Checking image 1 crop x2 2333
1621249522792718030 : Checking image 1 crop y2 3402
1621249524560457286 : Checking image 2 crop x1 137
1621249524560602796 : Checking image 2 crop y1 215
1621249524560647099 : Checking image 2 crop x2 2220
1621249524560686602 : Checking image 2 crop y2 3406
1621249524560878415 : Checking image 1 dpi 300
1621249524560955521 : Checking image 1 border top 188
1621249524560994724 : Checking image 1 border bottom 98
1621249524561031326 : Checking image 1 border left 192
1621249524561068629 : Checking image 1 border right 192
1621249524563352890 : Checking image 2 dpi 300
1621249524563447097 : Checking image 2 border top 201
1621249524563485300 : Checking image 2 border bottom 95
1621249524563520902 : Checking image 2 border left 188
1621249524563555905 : Checking image 2 border right 188

</system-out><system-err>--------------------------------- Captured Err ---------------------------------

</system-err></testcase><testcase classname="tests.test_images" name="test_crop_too_few_2_png" time="27.026"><system-out>--------------------------------- Captured Log ---------------------------------

--------------------------------- Captured Out ---------------------------------
/home/runner/work/diptych/diptych/tests/crop_too_few_2.png
1621249516046940873 : Checking separation double page angle 90.35461351371423
1621249516047071583 : Checking separation double page y=0 2533
1621249518239453230 : Checking page rotation 1 1.0999999999999999
1621249520608488054 : Checking page rotation 2 0.0
1621249523659183526 : Checking image 1 crop x1 289
1621249523659330537 : Checking image 1 crop y1 165
1621249523659371040 : Checking image 1 crop x2 2400
1621249523659408642 : Checking image 1 crop y2 3367
1621249526921598721 : Checking image 2 crop x1 152
1621249526921731030 : Checking image 2 crop y1 190
1621249526921785034 : Checking image 2 crop x2 2273
1621249526921822636 : Checking image 2 crop y2 3385
1621249526922019850 : Checking image 1 dpi 300
1621249526922097356 : Checking image 1 border top 157
1621249526922134958 : Checking image 1 border bottom 128
1621249526922170161 : Checking image 1 border left 174
1621249526922205063 : Checking image 1 border right 174
1621249526924587132 : Checking image 2 dpi 300
1621249526924691939 : Checking image 2 border top 176
1621249526924730542 : Checking image 2 border bottom 116
1621249526924765745 : Checking image 2 border left 169
1621249526924800447 : Checking image 2 border right 169

</system-out><system-err>--------------------------------- Captured Err ---------------------------------

</system-err></testcase><testcase classname="tests.test_images" name="test_single_page_png" time="6.878"><system-out>--------------------------------- Captured Log ---------------------------------

--------------------------------- Captured Out ---------------------------------
/home/runner/work/diptych/diptych/tests/single_page.png
1621249528116334440 : Checking separation double page angle 89.93006318861008
1621249528116504852 : Checking separation double page y=0 2472
1621249529040828342 : Checking page rotation 1 0.0
1621249529140886220 : Checking page rotation 2 0.0
1621249530977335240 : Checking image 1 crop x1 1
1621249530977441148 : Checking image 1 crop y1 8
1621249530977481651 : Checking image 1 crop x2 2470
1621249530977515953 : Checking image 1 crop y2 3505
1621249531106521168 : Checking image 2 crop x1 0
1621249531106609774 : Checking image 2 crop y1 0
1621249531106642177 : Checking image 2 crop x2 0
1621249531106671979 : Checking image 2 crop y2 0
1621249531106736683 : Checking image 1 dpi 300
1621249531106801388 : Checking image 1 border top 5
1621249531106843791 : Checking image 1 border bottom 5
1621249531106876693 : Checking image 1 border left 6
1621249531106909395 : Checking image 1 border right 6
1621249531113102633 : Checking image 2 border top 0
1621249531113180739 : Checking image 2 border bottom 0
1621249531113211941 : Checking image 2 border left 0
1621249531113243043 : Checking image 2 border right 0

</system-out><system-err>--------------------------------- Captured Err ---------------------------------

</system-err></testcase><testcase classname="tests.test_images" name="test_no_split_line_wave_algo_3_png" time="12.249"><system-out>--------------------------------- Captured Log ---------------------------------

--------------------------------- Captured Out ---------------------------------
/home/runner/work/diptych/diptych/tests/no_split_line_wave_algo_3.png
1621249534676488005 : Checking separation double page angle 90.18184445198425
1621249534676629015 : Checking separation double page y=0 2405
1621249535642596666 : Checking page rotation 1 0.0
1621249535829935703 : Checking page rotation 2 0.0
1621249538352936697 : Checking image 1 crop x1 184
1621249538353053205 : Checking image 1 crop y1 2957
1621249538353090908 : Checking image 1 crop x2 2201
1621249538353122610 : Checking image 1 crop y2 3202
1621249539143267454 : Checking image 2 crop x1 0
1621249539143352461 : Checking image 2 crop y1 0
1621249539143382563 : Checking image 2 crop x2 0
1621249539143410365 : Checking image 2 crop y2 0
1621249539143481770 : Checking image 1 dpi 300
1621249539143569276 : Checking image 1 border top 2950
1621249539143605279 : Checking image 1 border bottom 292
1621249539143639881 : Checking image 1 border left 221
1621249539143672084 : Checking image 1 border right 221
1621249539149311192 : Checking image 2 border top 0
1621249539149385198 : Checking image 2 border bottom 0
1621249539149416100 : Checking image 2 border left 0
1621249539149446502 : Checking image 2 border right 0

</system-out><system-err>--------------------------------- Captured Err ---------------------------------

</system-err></testcase><testcase classname="tests.test_images" name="test_wrong_split_line_4_png" time="15.142"><system-out>--------------------------------- Captured Log ---------------------------------

--------------------------------- Captured Out ---------------------------------
/home/runner/work/diptych/diptych/tests/wrong_split_line_4.png
1621249541043752740 : Checking separation double page angle 90.92587744884125
1621249541043876949 : Checking separation double page y=0 58
1621249541157624490 : Checking page rotation 1 0.5499999999999999
1621249543405216223 : Checking page rotation 2 1.0999999999999999
1621249544451100595 : Checking image 1 crop x1 0
1621249544451187001 : Checking image 1 crop y1 0
1621249544451219203 : Checking image 1 crop x2 0
1621249544451249206 : Checking image 1 crop y2 0
1621249546645645689 : Checking image 2 crop x1 290
1621249546645781399 : Checking image 2 crop y1 330
1621249546645819702 : Checking image 2 crop x2 2314
1621249546645854204 : Checking image 2 crop y2 3217
1621249546646023616 : Checking image 1 border top 0
1621249546646066319 : Checking image 1 border bottom 0
1621249546646098121 : Checking image 1 border left 0
1621249546646129123 : Checking image 1 border right 0
1621249546646182327 : Checking image 2 dpi 300
1621249546646250132 : Checking image 2 border top 322
1621249546646284534 : Checking image 2 border bottom 278
1621249546646317137 : Checking image 2 border left 218
1621249546646348739 : Checking image 2 border right 218

</system-out><system-err>--------------------------------- Captured Err ---------------------------------

</system-err></testcase><testcase classname="tests.test_images" name="test_failed_split_line_line_algo_3_png" time="16.428"><system-out>--------------------------------- Captured Log ---------------------------------

--------------------------------- Captured Out ---------------------------------
/home/runner/work/diptych/diptych/tests/failed_split_line_line_algo_3.png
1621249547715250625 : Checking separation double page angle 90.02403976140027
1621249547715386534 : Checking separation double page y=0 39
1621249547782156656 : Checking page rotation 1 0.0
1621249549090645984 : Checking page rotation 2 0.0
1621249549598863421 : Checking image 1 crop x1 0
1621249549598951228 : Checking image 1 crop y1 0
1621249549598986030 : Checking image 1 crop x2 0
1621249549599018632 : Checking image 1 crop y2 0
1621249555651652713 : Checking image 2 crop x1 249
1621249555651843727 : Checking image 2 crop y1 154
1621249555651913632 : Checking image 2 crop x2 2264
1621249555651978636 : Checking image 2 crop y2 3361
1621249555652293759 : Checking image 1 border top 0
1621249555652432469 : Checking image 1 border bottom 0
1621249555652497473 : Checking image 1 border left 0
1621249555652557678 : Checking image 1 border right 0
1621249555652647684 : Checking image 2 dpi 300
1621249555652767193 : Checking image 2 border top 146
1621249555652826397 : Checking image 2 border bottom 134
1621249555652860899 : Checking image 2 border left 222
1621249555652894602 : Checking image 2 border right 222

</system-out><system-err>--------------------------------- Captured Err ---------------------------------

</system-err></testcase></testsuite></testsuites>