<?xml version="1.0" encoding="utf-8"?><testsuites><testsuite errors="0" failures="0" hostname="fv-az139-325" name="pytest" skipped="0" tests="17" time="339.079" timestamp="2020-11-21T22:53:19.349017"><testcase classname="tests.test_features" name="test_mock_stop_at_0" time="0.065"><system-out>--------------------------------- Captured Log ---------------------------------

--------------------------------- Captured Out ---------------------------------
/home/runner/work/ocr-book/ocr-book/tests/0001_0.png

</system-out><system-err>--------------------------------- Captured Err ---------------------------------

</system-err></testcase><testcase classname="tests.test_features" name="test_disabled_enable_debug" time="30.069"><system-out>--------------------------------- Captured Log ---------------------------------

--------------------------------- Captured Out ---------------------------------
/home/runner/work/ocr-book/ocr-book/tests/0001_debug.png
separation double page angle 90.53945493634917
separation double page y=0 2485
page rotation 1 0.75
page rotation 2 0.2
image 1 crop x1 330
image 1 crop y1 336
image 1 crop x2 2343
image 1 crop y2 3223
image 2 crop x1 169
image 2 crop y1 648
image 2 crop x2 2186
image 2 crop y2 3361
image 1 dpi 300
image 1 border top 324
image 1 border bottom 276
image 1 border left 223
image 1 border right 223
image 2 dpi 300
image 2 border top 671
image 2 border bottom 103
image 2 border left 221
image 2 border right 221

</system-out><system-err>--------------------------------- Captured Err ---------------------------------

</system-err></testcase><testcase classname="tests.test_features" name="test_mock_stop_at_2" time="38.998"><system-out>--------------------------------- Captured Log ---------------------------------

--------------------------------- Captured Out ---------------------------------
/home/runner/work/ocr-book/ocr-book/tests/0001_2.png
separation double page angle 90.53945493634917
separation double page y=0 2485
page rotation 1 0.75
page rotation 2 0.2

</system-out><system-err>--------------------------------- Captured Err ---------------------------------

</system-err></testcase><testcase classname="tests.test_features" name="test_mock_stop_at_1" time="22.000"><system-out>--------------------------------- Captured Log ---------------------------------

--------------------------------- Captured Out ---------------------------------
/home/runner/work/ocr-book/ocr-book/tests/0001_1.png
separation double page angle 90.53945493634917
separation double page y=0 2485

</system-out><system-err>--------------------------------- Captured Err ---------------------------------

</system-err></testcase><testcase classname="tests.test_features" name="test_mock_stop_at_3" time="41.654"><system-out>--------------------------------- Captured Log ---------------------------------

--------------------------------- Captured Out ---------------------------------
/home/runner/work/ocr-book/ocr-book/tests/0001_3.png
separation double page angle 90.53945493634917
separation double page y=0 2485
page rotation 1 0.75
page rotation 2 0.2
image 1 crop x1 330
image 1 crop y1 336
image 1 crop x2 2343
image 1 crop y2 3223
image 2 crop x1 169
image 2 crop y1 648
image 2 crop x2 2186
image 2 crop y2 3361

</system-out><system-err>--------------------------------- Captured Err ---------------------------------

</system-err></testcase><testcase classname="tests.test_features" name="test_mock_stop_at_5" time="41.692"><system-out>--------------------------------- Captured Log ---------------------------------

--------------------------------- Captured Out ---------------------------------
/home/runner/work/ocr-book/ocr-book/tests/0001_5.png
separation double page angle 90.53945493634917
separation double page y=0 2485
page rotation 1 0.75
page rotation 2 0.2
image 1 crop x1 330
image 1 crop y1 336
image 1 crop x2 2343
image 1 crop y2 3223
image 2 crop x1 169
image 2 crop y1 648
image 2 crop x2 2186
image 2 crop y2 3361
image 1 dpi 300
image 1 border top 324
image 1 border bottom 276
image 1 border left 223
image 1 border right 223
image 2 dpi 300
image 2 border top 671
image 2 border bottom 103
image 2 border left 221
image 2 border right 221

</system-out><system-err>--------------------------------- Captured Err ---------------------------------

</system-err></testcase><testcase classname="tests.test_features" name="test_mock_stop_at_4" time="41.311"><system-out>--------------------------------- Captured Log ---------------------------------

--------------------------------- Captured Out ---------------------------------
/home/runner/work/ocr-book/ocr-book/tests/0001_4.png
separation double page angle 90.53945493634917
separation double page y=0 2485
page rotation 1 0.75
page rotation 2 0.2
image 1 crop x1 330
image 1 crop y1 336
image 1 crop x2 2343
image 1 crop y2 3223
image 2 crop x1 169
image 2 crop y1 648
image 2 crop x2 2186
image 2 crop y2 3361
image 1 dpi 300
image 1 border top 324
image 1 border bottom 276
image 1 border left 223
image 1 border right 223
image 2 dpi 300
image 2 border top 671
image 2 border bottom 103
image 2 border left 221
image 2 border right 221

</system-out><system-err>--------------------------------- Captured Err ---------------------------------

</system-err></testcase><testcase classname="tests.test_images" name="test_0001_png" time="41.566"><system-out>--------------------------------- Captured Log ---------------------------------

--------------------------------- Captured Out ---------------------------------
/home/runner/work/ocr-book/ocr-book/tests/0001.png
1605999315954940416 : Checking separation double page angle 90.53945493634917
1605999315955027712 : Checking separation double page y=0 2485
1605999323124306944 : Checking page rotation 1 0.75
1605999332391723776 : Checking page rotation 2 0.2
1605999333941240320 : Checking image 1 crop x1 330
1605999333941328896 : Checking image 1 crop y1 336
1605999333941371904 : Checking image 1 crop x2 2343
1605999333941411840 : Checking image 1 crop y2 3223
1605999335741004544 : Checking image 2 crop x1 169
1605999335741096704 : Checking image 2 crop y1 648
1605999335741139968 : Checking image 2 crop x2 2186
1605999335741180928 : Checking image 2 crop y2 3361
1605999335779095808 : Checking image 1 dpi 300
1605999335779241472 : Checking image 1 border top 324
1605999335779281152 : Checking image 1 border bottom 276
1605999335779316736 : Checking image 1 border left 223
1605999335779351808 : Checking image 1 border right 223
1605999335781342720 : Checking image 2 dpi 300
1605999335781451520 : Checking image 2 border top 671
1605999335781488384 : Checking image 2 border bottom 103
1605999335781523200 : Checking image 2 border left 221
1605999335781556736 : Checking image 2 border right 221

</system-out><system-err>--------------------------------- Captured Err ---------------------------------

</system-err></testcase><testcase classname="tests.test_images" name="test_2_pages_2_contours_png" time="27.304"><system-out>--------------------------------- Captured Log ---------------------------------

--------------------------------- Captured Out ---------------------------------
/home/runner/work/ocr-book/ocr-book/tests/2-pages-2-contours.png
1605999338066276096 : Checking separation double page angle 90.15647898380502
1605999338066361600 : Checking separation double page y=0 2489
1605999340371619072 : Checking page rotation 1 0.05
1605999347517216768 : Checking page rotation 2 0.35000000000000003
1605999348370443776 : Checking image 1 crop x1 1186
1605999348370525952 : Checking image 1 crop y1 1720
1605999348370559232 : Checking image 1 crop x2 1187
1605999348370589952 : Checking image 1 crop y2 1721
1605999349795620352 : Checking image 2 crop x1 102
1605999349795705088 : Checking image 2 crop y1 240
1605999349795744768 : Checking image 2 crop x2 2149
1605999349795781888 : Checking image 2 crop y2 3239
1605999349830985216 : Checking image 1 dpi 300
1605999349831096576 : Checking image 1 border top 1753
1605999349831131904 : Checking image 1 border bottom 1753
1605999349831164160 : Checking image 1 border left 1239
1605999349831196160 : Checking image 1 border right 1239
1605999349832396288 : Checking image 2 dpi 300
1605999349832508928 : Checking image 2 border top 229
1605999349832542720 : Checking image 2 border bottom 259
1605999349832574464 : Checking image 2 border left 206
1605999349832605952 : Checking image 2 border right 206

</system-out><system-err>--------------------------------- Captured Err ---------------------------------

</system-err></testcase><testcase classname="tests.test_images" name="test_black_border_not_removed_png" time="52.477"><system-out>--------------------------------- Captured Log ---------------------------------

--------------------------------- Captured Out ---------------------------------
/home/runner/work/ocr-book/ocr-book/tests/black-border-not-removed.png
1605999365553906944 : Checking separation double page angle 89.9903688802698
1605999365553993728 : Checking separation double page y=0 2455
1605999372984512768 : Checking page rotation 1 0.0
1605999384361548800 : Checking page rotation 2 0.0
1605999386179899904 : Checking image 1 crop x1 297
1605999386179987968 : Checking image 1 crop y1 143
1605999386180030720 : Checking image 1 crop x2 2309
1605999386180071168 : Checking image 1 crop y2 3346
1605999388237394176 : Checking image 2 crop x1 156
1605999388237484800 : Checking image 2 crop y1 145
1605999388237527808 : Checking image 2 crop x2 2168
1605999388237568256 : Checking image 2 crop y2 3352
1605999388275574784 : Checking image 1 dpi 300
1605999388275717632 : Checking image 1 border top 128
1605999388275757056 : Checking image 1 border bottom 156
1605999388275792128 : Checking image 1 border left 224
1605999388275826432 : Checking image 1 border right 224
1605999388277925888 : Checking image 2 dpi 300
1605999388278028288 : Checking image 2 border top 130
1605999388278064640 : Checking image 2 border bottom 150
1605999388278098688 : Checking image 2 border left 224
1605999388278132736 : Checking image 2 border right 224

</system-out><system-err>--------------------------------- Captured Err ---------------------------------

</system-err></testcase><testcase classname="tests.test_images" name="test_image_failed_to_rotate_png" time="47.834"><system-out>--------------------------------- Captured Log ---------------------------------

--------------------------------- Captured Out ---------------------------------
/home/runner/work/ocr-book/ocr-book/tests/image_failed_to_rotate.png
1605999370535261184 : Checking separation double page angle 90.14353501543772
1605999370535354368 : Checking separation double page y=0 2476
1605999375969294592 : Checking page rotation 1 0.35000000000000003
1605999384267146240 : Checking page rotation 2 0.45
1605999395797153536 : Checking image 1 crop x1 34
1605999395797248256 : Checking image 1 crop y1 1
1605999395797287936 : Checking image 1 crop x2 2474
1605999395797324800 : Checking image 1 crop y2 3500
1605999397502720512 : Checking image 2 crop x1 171
1605999397502808832 : Checking image 2 crop y1 234
1605999397502851840 : Checking image 2 crop x2 2250
1605999397502891776 : Checking image 2 crop y2 3355
1605999397547401472 : Checking image 1 dpi 300
1605999397547543040 : Checking image 1 border top 4
1605999397547582720 : Checking image 1 border bottom 4
1605999397547617792 : Checking image 1 border left 20
1605999397547651584 : Checking image 1 border right 20
1605999397549851136 : Checking image 2 dpi 300
1605999397549968384 : Checking image 2 border top 206
1605999397550005504 : Checking image 2 border bottom 160
1605999397550040064 : Checking image 2 border left 190
1605999397550073856 : Checking image 2 border right 190

</system-out><system-err>--------------------------------- Captured Err ---------------------------------

</system-err></testcase><testcase classname="tests.test_images" name="test_image_failed_to_crop_data_png" time="48.594"><system-out>--------------------------------- Captured Log ---------------------------------

--------------------------------- Captured Out ---------------------------------
/home/runner/work/ocr-book/ocr-book/tests/image_failed_to_crop_data.png
1605999411950941184 : Checking separation double page angle 90.06228874101497
1605999411951030272 : Checking separation double page y=0 2482
1605999417812884480 : Checking page rotation 1 0.2
1605999423788157184 : Checking page rotation 2 0.05
1605999435186267904 : Checking image 1 crop x1 58
1605999435186360576 : Checking image 1 crop y1 8
1605999435186400000 : Checking image 1 crop x2 2480
1605999435186436608 : Checking image 1 crop y2 3504
1605999436756073472 : Checking image 2 crop x1 159
1605999436756191232 : Checking image 2 crop y1 217
1605999436756238080 : Checking image 2 crop x2 2240
1605999436756278016 : Checking image 2 crop y2 3350
1605999436795074560 : Checking image 1 dpi 300
1605999436795201536 : Checking image 1 border top 6
1605999436795238912 : Checking image 1 border bottom 6
1605999436795271424 : Checking image 1 border left 29
1605999436795302656 : Checking image 1 border right 29
1605999436797370624 : Checking image 2 dpi 300
1605999436797476352 : Checking image 2 border top 209
1605999436797512448 : Checking image 2 border bottom 145
1605999436797545984 : Checking image 2 border left 189
1605999436797579264 : Checking image 2 border right 189

</system-out><system-err>--------------------------------- Captured Err ---------------------------------

</system-err></testcase><testcase classname="tests.test_images" name="test_wrong_angle_split_line_png" time="60.329"><system-out>--------------------------------- Captured Log ---------------------------------

--------------------------------- Captured Out ---------------------------------
/home/runner/work/ocr-book/ocr-book/tests/wrong_angle_split_line.png
1605999425750800128 : Checking separation double page angle 90.08422009258813
1605999425750903296 : Checking separation double page y=0 2487
1605999433676159488 : Checking page rotation 1 0.0
1605999442691167232 : Checking page rotation 2 0.0
1605999454594876160 : Checking image 1 crop x1 53
1605999454594966528 : Checking image 1 crop y1 8
1605999454595005184 : Checking image 1 crop x2 2485
1605999454595041280 : Checking image 1 crop y2 3505
1605999457049324800 : Checking image 2 crop x1 154
1605999457049410560 : Checking image 2 crop y1 217
1605999457049453056 : Checking image 2 crop x2 2237
1605999457049493248 : Checking image 2 crop y2 3350
1605999457223771648 : Checking image 1 dpi 300
1605999457223909632 : Checking image 1 border top 5
1605999457223949824 : Checking image 1 border bottom 5
1605999457223985152 : Checking image 1 border left 24
1605999457224019200 : Checking image 1 border right 24
1605999457229998336 : Checking image 2 dpi 300
1605999457230133248 : Checking image 2 border top 195
1605999457230169856 : Checking image 2 border bottom 159
1605999457230204672 : Checking image 2 border left 188
1605999457230238208 : Checking image 2 border right 188

</system-out><system-err>--------------------------------- Captured Err ---------------------------------

</system-err></testcase><testcase classname="tests.test_images" name="test_angle_page_lower_split_line_png" time="35.749"><system-out>--------------------------------- Captured Log ---------------------------------

--------------------------------- Captured Out ---------------------------------
/home/runner/work/ocr-book/ocr-book/tests/angle_page_lower_split_line.png
1605999452153487360 : Checking separation double page angle 89.74710364870903
1605999452153567744 : Checking separation double page y=0 2471
1605999461554065664 : Checking page rotation 1 -0.44999999999998863
1605999469072212224 : Checking page rotation 2 0.2
1605999470977653504 : Checking image 1 crop x1 245
1605999470977747456 : Checking image 1 crop y1 161
1605999470977789952 : Checking image 1 crop x2 2351
1605999470977830400 : Checking image 1 crop y2 3364
1605999472578781184 : Checking image 2 crop x1 153
1605999472578874112 : Checking image 2 crop y1 147
1605999472578917120 : Checking image 2 crop x2 2260
1605999472578957312 : Checking image 2 crop y2 3350
1605999472618547456 : Checking image 1 dpi 300
1605999472618696192 : Checking image 1 border top 131
1605999472618735104 : Checking image 1 border bottom 152
1605999472618770432 : Checking image 1 border left 177
1605999472618805248 : Checking image 1 border right 177
1605999472620987648 : Checking image 2 dpi 300
1605999472621090048 : Checking image 2 border top 118
1605999472621125888 : Checking image 2 border bottom 166
1605999472621159936 : Checking image 2 border left 176
1605999472621193472 : Checking image 2 border right 176

</system-out><system-err>--------------------------------- Captured Err ---------------------------------

</system-err></testcase><testcase classname="tests.test_images" name="test_wrong_split_line_png" time="36.999"><system-out>--------------------------------- Captured Log ---------------------------------

--------------------------------- Captured Out ---------------------------------
/home/runner/work/ocr-book/ocr-book/tests/wrong_split_line.png
1605999479182450176 : Checking separation double page angle 89.81531182790899
1605999479182541056 : Checking separation double page y=0 2465
1605999485506565120 : Checking page rotation 1 -0.04999999999999716
1605999492317363968 : Checking page rotation 2 0.6000000000000001
1605999493654724096 : Checking image 1 crop x1 211
1605999493654809088 : Checking image 1 crop y1 156
1605999493654851072 : Checking image 1 crop x2 2323
1605999493654890752 : Checking image 1 crop y2 3363
1605999494961128704 : Checking image 2 crop x1 124
1605999494961215744 : Checking image 2 crop y1 167
1605999494961258752 : Checking image 2 crop x2 2236
1605999494961298944 : Checking image 2 crop y2 3373
1605999494998214912 : Checking image 1 dpi 300
1605999494998346240 : Checking image 1 border top 180
1605999494998385664 : Checking image 1 border bottom 100
1605999494998420736 : Checking image 1 border left 174
1605999494998454784 : Checking image 1 border right 174
1605999495000270336 : Checking image 2 dpi 300
1605999495000374528 : Checking image 2 border top 129
1605999495000411648 : Checking image 2 border bottom 152
1605999495000446464 : Checking image 2 border left 174
1605999495000480768 : Checking image 2 border right 174

</system-out><system-err>--------------------------------- Captured Err ---------------------------------

</system-err></testcase><testcase classname="tests.test_images" name="test_crop_too_much_png" time="59.126"><system-out>--------------------------------- Captured Log ---------------------------------

--------------------------------- Captured Out ---------------------------------
/home/runner/work/ocr-book/ocr-book/tests/crop_too_much.png
1605999500481505792 : Checking separation double page angle 90.14985593620918
1605999500481594624 : Checking separation double page y=0 2457
1605999513775560704 : Checking page rotation 1 0.0
1605999526611688960 : Checking page rotation 2 0.4
1605999529171869952 : Checking image 1 crop x1 303
1605999529171959808 : Checking image 1 crop y1 148
1605999529172002304 : Checking image 1 crop x2 2313
1605999529172042752 : Checking image 1 crop y2 3351
1605999531686137856 : Checking image 2 crop x1 166
1605999531686234880 : Checking image 2 crop y1 154
1605999531686277632 : Checking image 2 crop x2 2180
1605999531686317568 : Checking image 2 crop y2 3360
1605999531736610816 : Checking image 1 dpi 300
1605999531736754176 : Checking image 1 border top 116
1605999531736793856 : Checking image 1 border bottom 168
1605999531736829184 : Checking image 1 border left 225
1605999531736863744 : Checking image 1 border right 225
1605999531738956288 : Checking image 2 dpi 300
1605999531739058432 : Checking image 2 border top 95
1605999531739092224 : Checking image 2 border bottom 186
1605999531739123968 : Checking image 2 border left 223
1605999531739155200 : Checking image 2 border right 223

</system-out><system-err>--------------------------------- Captured Err ---------------------------------

</system-err></testcase><testcase classname="tests.test_images" name="test_crop_too_few_png" time="41.894"><system-out>--------------------------------- Captured Log ---------------------------------

--------------------------------- Captured Out ---------------------------------
/home/runner/work/ocr-book/ocr-book/tests/crop_too_few.png
1605999519781023232 : Checking separation double page angle 89.22405802376838
1605999519781112320 : Checking separation double page y=0 2508
1605999527153090304 : Checking page rotation 1 -0.75
1605999534070958592 : Checking page rotation 2 0.0
1605999535498031872 : Checking image 1 crop x1 265
1605999535498116096 : Checking image 1 crop y1 161
1605999535498173440 : Checking image 1 crop x2 2375
1605999535498213376 : Checking image 1 crop y2 3356
1605999536864382976 : Checking image 2 crop x1 141
1605999536864473088 : Checking image 2 crop y1 141
1605999536864515328 : Checking image 2 crop x2 2263
1605999536864555264 : Checking image 2 crop y2 3345
1605999536898818304 : Checking image 1 dpi 300
1605999536898953216 : Checking image 1 border top 84
1605999536898992128 : Checking image 1 border bottom 208
1605999536899027712 : Checking image 1 border left 175
1605999536899062016 : Checking image 1 border right 175
1605999536901134848 : Checking image 2 dpi 300
1605999536901233408 : Checking image 2 border top 130
1605999536901269504 : Checking image 2 border bottom 153
1605999536901304064 : Checking image 2 border left 169
1605999536901338112 : Checking image 2 border right 169

</system-out><system-err>--------------------------------- Captured Err ---------------------------------

</system-err></testcase></testsuite></testsuites>