<?xml version="1.0" encoding="utf-8"?><testsuites><testsuite errors="0" failures="0" hostname="travis-job-5b74dedc-c3e9-4c71-b51c-9d21e156ea58" name="pytest" skipped="0" tests="4" time="338.085" timestamp="2020-10-21T21:24:01.135807"><testcase classname="tests.test_images" name="test_0001_png" time="77.661"><system-out>--------------------------------- Captured Log ---------------------------------

--------------------------------- Captured Out ---------------------------------
0001.png
1603315485214346666 : Checking separation double page angle 90.5270406818651
1603315485214439981 : Checking separation double page y=0 2485
1603315499283418362 : Checking page rotation 1 0.7000000000000001
1603315517687441366 : Checking page rotation 2 0.2
1603315518335455482 : Checking image 1 crop x1 332
1603315518335537250 : Checking image 1 crop y1 336
1603315518335569158 : Checking image 1 crop x2 2343
1603315518335610005 : Checking image 1 crop y2 3223
1603315518986917148 : Checking image 2 crop x1 169
1603315518986999102 : Checking image 2 crop y1 649
1603315518987031196 : Checking image 2 crop x2 2183
1603315518987062164 : Checking image 2 crop y2 3360
1603315519040737342 : Checking image 1 dpi 300
1603315519040882404 : Checking image 1 border top 325
1603315519040913725 : Checking image 1 border bottom 275
1603315519040939036 : Checking image 1 border left 224
1603315519040963325 : Checking image 1 border right 224
1603315519042932368 : Checking image 2 dpi 300
1603315519043055726 : Checking image 2 border top 672
1603315519043083299 : Checking image 2 border bottom 104
1603315519043107934 : Checking image 2 border left 223
1603315519043132313 : Checking image 2 border right 223

</system-out><system-err>--------------------------------- Captured Err ---------------------------------

</system-err></testcase><testcase classname="tests.test_images" name="test_2_pages_2_contours_png" time="38.593"><system-out>--------------------------------- Captured Log ---------------------------------

--------------------------------- Captured Out ---------------------------------
2-pages-2-contours.png
1603315541657596319 : Checking separation double page angle 90.2210765693812
1603315541657683226 : Checking separation double page y=0 2487
1603315543628619004 : Checking page rotation 1 0.0
1603315556571252900 : Checking page rotation 2 0.35000000000000003
1603315557052343976 : Checking image 1 crop x1 1183
1603315557052401901 : Checking image 1 crop y1 1720
1603315557052427466 : Checking image 1 crop x2 1184
1603315557052451564 : Checking image 1 crop y2 1721
1603315557620246438 : Checking image 2 crop x1 109
1603315557620325910 : Checking image 2 crop y1 241
1603315557620357943 : Checking image 2 crop x2 2154
1603315557620387860 : Checking image 2 crop y2 3239
1603315557647330247 : Checking image 1 dpi 300
1603315557647420680 : Checking image 1 border top 1752
1603315557647447920 : Checking image 1 border bottom 1753
1603315557647472799 : Checking image 1 border left 1239
1603315557647497199 : Checking image 1 border right 1239
1603315557648840062 : Checking image 2 dpi 300
1603315557648962776 : Checking image 2 border top 230
1603315557648991537 : Checking image 2 border bottom 259
1603315557649016409 : Checking image 2 border left 207
1603315557649040755 : Checking image 2 border right 207

</system-out><system-err>--------------------------------- Captured Err ---------------------------------

</system-err></testcase><testcase classname="tests.test_images" name="test_black_border_not_removed_png" time="92.782"><system-out>--------------------------------- Captured Log ---------------------------------

--------------------------------- Captured Out ---------------------------------
black-border-not-removed.png
1603315611553589006 : Checking separation double page angle 89.96520148719509
1603315611553683752 : Checking separation double page y=0 2454
1603315626907771700 : Checking page rotation 1 0.0
1603315649021908461 : Checking page rotation 2 0.0
1603315649687372072 : Checking image 1 crop x1 298
1603315649687456276 : Checking image 1 crop y1 144
1603315649687488304 : Checking image 1 crop x2 2308
1603315649687517944 : Checking image 1 crop y2 3346
1603315650367053186 : Checking image 2 crop x1 158
1603315650367139305 : Checking image 2 crop y1 146
1603315650367171194 : Checking image 2 crop x2 2169
1603315650367201704 : Checking image 2 crop y2 3351
1603315650423210520 : Checking image 1 dpi 300
1603315650423338914 : Checking image 1 border top 129
1603315650423367448 : Checking image 1 border bottom 156
1603315650423392603 : Checking image 1 border left 225
1603315650423417023 : Checking image 1 border right 225
1603315650425431866 : Checking image 2 dpi 300
1603315650425563461 : Checking image 2 border top 131
1603315650425592630 : Checking image 2 border bottom 151
1603315650425618097 : Checking image 2 border left 224
1603315650425643667 : Checking image 2 border right 224

</system-out><system-err>--------------------------------- Captured Err ---------------------------------

</system-err></testcase><testcase classname="tests.test_images" name="test_image_failed_to_rotate_png" time="127.875"><system-out>--------------------------------- Captured Log ---------------------------------

--------------------------------- Captured Out ---------------------------------
image_failed_to_rotate.png
1603315683552688995 : Checking separation double page angle 90.32101699455094
1603315683552776958 : Checking separation double page y=0 2487
1603315689255724689 : Checking page rotation 1 0.30000000000000004
1603315703528752748 : Checking page rotation 2 0.4
1603315777393213918 : Checking image 1 crop x1 86
1603315777393316678 : Checking image 1 crop y1 6
1603315777393349465 : Checking image 1 crop x2 2480
1603315777393380111 : Checking image 1 crop y2 3483
1603315778071068122 : Checking image 2 crop x1 171
1603315778071150355 : Checking image 2 crop y1 235
1603315778071182087 : Checking image 2 crop x2 2250
1603315778071212251 : Checking image 2 crop y2 3355
1603315778216822845 : Checking image 1 dpi 300
1603315778216955500 : Checking image 1 border top 15
1603315778216984828 : Checking image 1 border bottom 15
1603315778217010077 : Checking image 1 border left 43
1603315778217034943 : Checking image 1 border right 43
1603315778219120857 : Checking image 2 dpi 300
1603315778219259194 : Checking image 2 border top 207
1603315778219286286 : Checking image 2 border bottom 160
1603315778219311629 : Checking image 2 border left 190
1603315778219337308 : Checking image 2 border right 190

</system-out><system-err>--------------------------------- Captured Err ---------------------------------

</system-err></testcase></testsuite></testsuites>