<?xml version="1.0" encoding="utf-8"?><testsuites><testsuite name="pytest" errors="0" failures="0" skipped="0" tests="34" time="1040.826" timestamp="2020-12-12T13:21:39.728286" hostname="fv-az16-325"><testcase classname="tests.test_features" name="test_disabled_enable_debug" time="52.507"><system-out>--------------------------------- Captured Log ---------------------------------

--------------------------------- Captured Out ---------------------------------
/home/runner/work/ocr-book/ocr-book/tests/0001_debug.png
separation double page angle 90.57780420099766
separation double page y=0 2487
page rotation 1 0.75
page rotation 2 0.2
image 1 crop x1 330
image 1 crop y1 336
image 1 crop x2 2343
image 1 crop y2 3223
image 2 crop x1 169
image 2 crop y1 648
image 2 crop x2 2186
image 2 crop y2 3361
image 1 dpi 300
image 1 border top 318
image 1 border bottom 282
image 1 border left 223
image 1 border right 223
image 2 dpi 300
image 2 border top 643
image 2 border bottom 131
image 2 border left 221
image 2 border right 221

</system-out><system-err>--------------------------------- Captured Err ---------------------------------

</system-err></testcase><testcase classname="tests.test_features" name="test_mock_stop_at_0" time="0.045"><system-out>--------------------------------- Captured Log ---------------------------------

--------------------------------- Captured Out ---------------------------------
/home/runner/work/ocr-book/ocr-book/tests/0001_0.png

</system-out><system-err>--------------------------------- Captured Err ---------------------------------

</system-err></testcase><testcase classname="tests.test_features" name="test_mock_stop_at_2" time="45.739"><system-out>--------------------------------- Captured Log ---------------------------------

--------------------------------- Captured Out ---------------------------------
/home/runner/work/ocr-book/ocr-book/tests/0001_2.png
separation double page angle 90.57780420099766
separation double page y=0 2487
page rotation 1 0.75
page rotation 2 0.2

</system-out><system-err>--------------------------------- Captured Err ---------------------------------

</system-err></testcase><testcase classname="tests.test_features" name="test_mock_stop_at_4" time="50.096"><system-out>--------------------------------- Captured Log ---------------------------------

--------------------------------- Captured Out ---------------------------------
/home/runner/work/ocr-book/ocr-book/tests/0001_4.png
separation double page angle 90.57780420099766
separation double page y=0 2487
page rotation 1 0.75
page rotation 2 0.2
image 1 crop x1 330
image 1 crop y1 336
image 1 crop x2 2343
image 1 crop y2 3223
image 2 crop x1 169
image 2 crop y1 648
image 2 crop x2 2186
image 2 crop y2 3361
image 1 dpi 300
image 1 border top 318
image 1 border bottom 282
image 1 border left 223
image 1 border right 223
image 2 dpi 300
image 2 border top 643
image 2 border bottom 131
image 2 border left 221
image 2 border right 221

</system-out><system-err>--------------------------------- Captured Err ---------------------------------

</system-err></testcase><testcase classname="tests.test_features" name="test_mock_stop_at_1" time="28.930"><system-out>--------------------------------- Captured Log ---------------------------------

--------------------------------- Captured Out ---------------------------------
/home/runner/work/ocr-book/ocr-book/tests/0001_1.png
separation double page angle 90.57780420099766
separation double page y=0 2487

</system-out><system-err>--------------------------------- Captured Err ---------------------------------

</system-err></testcase><testcase classname="tests.test_features" name="test_mock_stop_at_3" time="48.562"><system-out>--------------------------------- Captured Log ---------------------------------

--------------------------------- Captured Out ---------------------------------
/home/runner/work/ocr-book/ocr-book/tests/0001_3.png
separation double page angle 90.57780420099766
separation double page y=0 2487
page rotation 1 0.75
page rotation 2 0.2
image 1 crop x1 330
image 1 crop y1 336
image 1 crop x2 2343
image 1 crop y2 3223
image 2 crop x1 169
image 2 crop y1 648
image 2 crop x2 2186
image 2 crop y2 3361

</system-out><system-err>--------------------------------- Captured Err ---------------------------------

</system-err></testcase><testcase classname="tests.test_images" name="test_0001_png" time="59.745"><system-out>--------------------------------- Captured Log ---------------------------------

--------------------------------- Captured Out ---------------------------------
/home/runner/work/ocr-book/ocr-book/tests/0001.png
1607779430067610153 : Checking separation double page angle 90.57780420099766
1607779430067720957 : Checking separation double page y=0 2487
1607779438171367301 : Checking page rotation 1 0.75
1607779448500218975 : Checking page rotation 2 0.2
1607779452578024877 : Checking image 1 crop x1 330
1607779452578178081 : Checking image 1 crop y1 336
1607779452578232683 : Checking image 1 crop x2 2343
1607779452578751797 : Checking image 1 crop y2 3223
1607779456370115741 : Checking image 2 crop x1 169
1607779456370249845 : Checking image 2 crop y1 648
1607779456370294446 : Checking image 2 crop x2 2186
1607779456370331547 : Checking image 2 crop y2 3361
1607779456405295113 : Checking image 1 dpi 300
1607779456405434817 : Checking image 1 border top 318
1607779456405473418 : Checking image 1 border bottom 282
1607779456405508119 : Checking image 1 border left 223
1607779456405540820 : Checking image 1 border right 223
1607779456408015688 : Checking image 2 dpi 300
1607779456408083990 : Checking image 2 border top 643
1607779456408118591 : Checking image 2 border bottom 131
1607779456408149792 : Checking image 2 border left 221
1607779456408181193 : Checking image 2 border right 221

</system-out><system-err>--------------------------------- Captured Err ---------------------------------

</system-err></testcase><testcase classname="tests.test_features" name="test_mock_stop_at_5" time="50.018"><system-out>--------------------------------- Captured Log ---------------------------------

--------------------------------- Captured Out ---------------------------------
/home/runner/work/ocr-book/ocr-book/tests/0001_5.png
separation double page angle 90.57780420099766
separation double page y=0 2487
page rotation 1 0.75
page rotation 2 0.2
image 1 crop x1 330
image 1 crop y1 336
image 1 crop x2 2343
image 1 crop y2 3223
image 2 crop x1 169
image 2 crop y1 648
image 2 crop x2 2186
image 2 crop y2 3361
image 1 dpi 300
image 1 border top 318
image 1 border bottom 282
image 1 border left 223
image 1 border right 223
image 2 dpi 300
image 2 border top 643
image 2 border bottom 131
image 2 border left 221
image 2 border right 221

</system-out><system-err>--------------------------------- Captured Err ---------------------------------

</system-err></testcase><testcase classname="tests.test_images" name="test_2_pages_2_contours_png" time="39.755"><system-out>--------------------------------- Captured Log ---------------------------------

--------------------------------- Captured Out ---------------------------------
/home/runner/work/ocr-book/ocr-book/tests/2-pages-2-contours.png
1607779480669197859 : Checking separation double page angle 89.91958537671144
1607779480669303862 : Checking separation double page y=0 2492
1607779482909342391 : Checking page rotation 1 0.05
1607779490456678583 : Checking page rotation 2 0.35
1607779492112391872 : Checking image 1 crop x1 1189
1607779492112504475 : Checking image 1 crop y1 1748
1607779492112541076 : Checking image 1 crop x2 1190
1607779492112601178 : Checking image 1 crop y2 1749
1607779496142251304 : Checking image 2 crop x1 89
1607779496142380608 : Checking image 2 crop y1 240
1607779496142422809 : Checking image 2 crop x2 2136
1607779496142460910 : Checking image 2 crop y2 3239
1607779496177264768 : Checking image 1 dpi 300
1607779496177374671 : Checking image 1 border top 1753
1607779496177411972 : Checking image 1 border bottom 1753
1607779496177446973 : Checking image 1 border left 1239
1607779496177478374 : Checking image 1 border right 1239
1607779496179420027 : Checking image 2 dpi 300
1607779496179484329 : Checking image 2 border top 227
1607779496179517030 : Checking image 2 border bottom 261
1607779496179547531 : Checking image 2 border left 206
1607779496179577732 : Checking image 2 border right 206

</system-out><system-err>--------------------------------- Captured Err ---------------------------------

</system-err></testcase><testcase classname="tests.test_images" name="test_angle_page_lower_split_line_png" time="63.895"><system-out>--------------------------------- Captured Log ---------------------------------

--------------------------------- Captured Out ---------------------------------
/home/runner/work/ocr-book/ocr-book/tests/angle_page_lower_split_line.png
1607779522394760484 : Checking separation double page angle 89.75201324945476
1607779522394867387 : Checking separation double page y=0 2473
1607779531024932840 : Checking page rotation 1 -0.44999999999999746
1607779537892142984 : Checking page rotation 2 0.2
1607779541416858670 : Checking image 1 crop x1 245
1607779541416985573 : Checking image 1 crop y1 161
1607779541417028275 : Checking image 1 crop x2 2351
1607779541417067276 : Checking image 1 crop y2 3364
1607779544658128760 : Checking image 2 crop x1 151
1607779544658258563 : Checking image 2 crop y1 147
1607779544658298664 : Checking image 2 crop x2 2258
1607779544658336565 : Checking image 2 crop y2 3350
1607779544695764492 : Checking image 1 dpi 300
1607779544695910696 : Checking image 1 border top 141
1607779544695952297 : Checking image 1 border bottom 143
1607779544695987798 : Checking image 1 border left 177
1607779544696023199 : Checking image 1 border right 177
1607779544698756374 : Checking image 2 dpi 300
1607779544698900078 : Checking image 2 border top 129
1607779544698940179 : Checking image 2 border bottom 155
1607779544698976180 : Checking image 2 border left 176
1607779544699011981 : Checking image 2 border right 176

</system-out><system-err>--------------------------------- Captured Err ---------------------------------

</system-err></testcase><testcase classname="tests.test_images" name="test_black_border_not_removed_png" time="67.617"><system-out>--------------------------------- Captured Log ---------------------------------

--------------------------------- Captured Out ---------------------------------
/home/runner/work/ocr-book/ocr-book/tests/black-border-not-removed.png
1607779534666491980 : Checking separation double page angle 90.02895758682554
1607779534666605983 : Checking separation double page y=0 2456
1607779542330324723 : Checking page rotation 1 0.0
1607779553841819109 : Checking page rotation 2 0.0
1607779558011239453 : Checking image 1 crop x1 297
1607779558011366756 : Checking image 1 crop y1 143
1607779558011404557 : Checking image 1 crop x2 2309
1607779558011436858 : Checking image 1 crop y2 3346
1607779563757829960 : Checking image 2 crop x1 157
1607779563757949163 : Checking image 2 crop y1 145
1607779563757986564 : Checking image 2 crop x2 2169
1607779563758020565 : Checking image 2 crop y2 3352
1607779563792699815 : Checking image 1 dpi 300
1607779563792789717 : Checking image 1 border top 127
1607779563792824118 : Checking image 1 border bottom 157
1607779563792855519 : Checking image 1 border left 224
1607779563792884820 : Checking image 1 border right 224
1607779563795160082 : Checking image 2 dpi 300
1607779563795226684 : Checking image 2 border top 133
1607779563795260185 : Checking image 2 border bottom 147
1607779563795290986 : Checking image 2 border left 224
1607779563795323086 : Checking image 2 border right 224

</system-out><system-err>--------------------------------- Captured Err ---------------------------------

</system-err></testcase><testcase classname="tests.test_images" name="test_wrong_split_line_png" time="48.132"><system-out>--------------------------------- Captured Log ---------------------------------

--------------------------------- Captured Out ---------------------------------
/home/runner/work/ocr-book/ocr-book/tests/wrong_split_line.png
1607779574335361341 : Checking separation double page angle 89.85895720607971
1607779574335470544 : Checking separation double page y=0 2463
1607779580839545812 : Checking page rotation 1 -0.14999999999999067
1607779587391811328 : Checking page rotation 2 0.65
1607779590005747305 : Checking image 1 crop x1 213
1607779590005880808 : Checking image 1 crop y1 157
1607779590005924509 : Checking image 1 crop x2 2323
1607779590005964110 : Checking image 1 crop y2 3362
1607779592808379828 : Checking image 2 crop x1 126
1607779592808494632 : Checking image 2 crop y1 167
1607779592808533933 : Checking image 2 crop x2 2237
1607779592808570834 : Checking image 2 crop y2 3372
1607779592840973919 : Checking image 1 dpi 300
1607779592841072322 : Checking image 1 border top 135
1607779592841135124 : Checking image 1 border bottom 147
1607779592841167325 : Checking image 1 border left 175
1607779592841199026 : Checking image 1 border right 175
1607779592843461487 : Checking image 2 dpi 300
1607779592843525989 : Checking image 2 border top 139
1607779592843572290 : Checking image 2 border bottom 143
1607779592843603491 : Checking image 2 border left 174
1607779592843634692 : Checking image 2 border right 174

</system-out><system-err>--------------------------------- Captured Err ---------------------------------

</system-err></testcase><testcase classname="tests.test_images" name="test_image_failed_to_rotate_png" time="65.358"><system-out>--------------------------------- Captured Log ---------------------------------

--------------------------------- Captured Out ---------------------------------
/home/runner/work/ocr-book/ocr-book/tests/image_failed_to_rotate.png
1607779596370901110 : Checking separation double page angle 90.19634423290289
1607779596371014213 : Checking separation double page y=0 2482
1607779601867029368 : Checking page rotation 1 0.35
1607779610942324852 : Checking page rotation 2 0.45
1607779622972782828 : Checking image 1 crop x1 34
1607779622972900233 : Checking image 1 crop y1 1
1607779622972939635 : Checking image 1 crop x2 2480
1607779622972973536 : Checking image 1 crop y2 3500
1607779629007360770 : Checking image 2 crop x1 169
1607779629007511676 : Checking image 2 crop y1 234
1607779629007552078 : Checking image 2 crop x2 2248
1607779629007588279 : Checking image 2 crop y2 3355
1607779629050506011 : Checking image 1 dpi 300
1607779629050639016 : Checking image 1 border top 4
1607779629050714419 : Checking image 1 border bottom 4
1607779629050752821 : Checking image 1 border left 17
1607779629050789322 : Checking image 1 border right 17
1607779629053227820 : Checking image 2 dpi 300
1607779629053313224 : Checking image 2 border top 221
1607779629053349825 : Checking image 2 border bottom 145
1607779629053395427 : Checking image 2 border left 190
1607779629053429028 : Checking image 2 border right 190

</system-out><system-err>--------------------------------- Captured Err ---------------------------------

</system-err></testcase><testcase classname="tests.test_images" name="test_crop_too_much_png" time="87.929"><system-out>--------------------------------- Captured Log ---------------------------------

--------------------------------- Captured Out ---------------------------------
/home/runner/work/ocr-book/ocr-book/tests/crop_too_much.png
1607779646216513028 : Checking separation double page angle 90.13239409272954
1607779646216638733 : Checking separation double page y=0 2453
1607779658354028022 : Checking page rotation 1 0.0
1607779670798098680 : Checking page rotation 2 0.45
1607779675864678650 : Checking image 1 crop x1 303
1607779675864806355 : Checking image 1 crop y1 148
1607779675864863757 : Checking image 1 crop x2 2313
1607779675864902259 : Checking image 1 crop y2 3351
1607779680704073267 : Checking image 2 crop x1 170
1607779680704217173 : Checking image 2 crop y1 155
1607779680704262475 : Checking image 2 crop x2 2181
1607779680704303876 : Checking image 2 crop y2 3359
1607779680751162514 : Checking image 1 dpi 300
1607779680751314320 : Checking image 1 border top 131
1607779680751355922 : Checking image 1 border bottom 153
1607779680751390623 : Checking image 1 border left 225
1607779680751424324 : Checking image 1 border right 225
1607779680754072828 : Checking image 2 dpi 300
1607779680754134331 : Checking image 2 border top 133
1607779680754167132 : Checking image 2 border bottom 150
1607779680754198333 : Checking image 2 border left 224
1607779680754229334 : Checking image 2 border right 224

</system-out><system-err>--------------------------------- Captured Err ---------------------------------

</system-err></testcase><testcase classname="tests.test_images" name="test_image_failed_to_crop_data_png" time="61.828"><system-out>--------------------------------- Captured Log ---------------------------------

--------------------------------- Captured Out ---------------------------------
/home/runner/work/ocr-book/ocr-book/tests/image_failed_to_crop_data.png
1607779661622563242 : Checking separation double page angle 89.91538216173362
1607779661622668146 : Checking separation double page y=0 2477
1607779667928373958 : Checking page rotation 1 0.2
1607779674006180946 : Checking page rotation 2 0.0
1607779685697909636 : Checking image 1 crop x1 58
1607779685698045041 : Checking image 1 crop y1 8
1607779685698086342 : Checking image 1 crop x2 2480
1607779685698123044 : Checking image 1 crop y2 3504
1607779690885745754 : Checking image 2 crop x1 159
1607779690885876260 : Checking image 2 crop y1 217
1607779690885916061 : Checking image 2 crop x2 2241
1607779690885951763 : Checking image 2 crop y2 3350
1607779690918812044 : Checking image 1 dpi 300
1607779690918944950 : Checking image 1 border top 6
1607779690918987351 : Checking image 1 border bottom 6
1607779690919021553 : Checking image 1 border left 29
1607779690919054154 : Checking image 1 border right 29
1607779690921704257 : Checking image 2 dpi 300
1607779690921785860 : Checking image 2 border top 206
1607779690921821362 : Checking image 2 border bottom 148
1607779690921854263 : Checking image 2 border left 189
1607779690921886964 : Checking image 2 border right 189

</system-out><system-err>--------------------------------- Captured Err ---------------------------------

</system-err></testcase><testcase classname="tests.test_images" name="test_crop_too_few_png" time="52.188"><system-out>--------------------------------- Captured Log ---------------------------------

--------------------------------- Captured Out ---------------------------------
/home/runner/work/ocr-book/ocr-book/tests/crop_too_few.png
1607779713909689493 : Checking separation double page angle 89.39669496435833
1607779713909804897 : Checking separation double page y=0 2510
1607779720384400620 : Checking page rotation 1 -0.7499999999999916
1607779726584343116 : Checking page rotation 2 0.05
1607779729803597998 : Checking image 1 crop x1 265
1607779729803718203 : Checking image 1 crop y1 152
1607779729803758704 : Checking image 1 crop x2 2375
1607779729803793006 : Checking image 1 crop y2 3356
1607779732932782546 : Checking image 2 crop x1 135
1607779732932923051 : Checking image 2 crop y1 141
1607779732932968453 : Checking image 2 crop x2 2261
1607779732933022855 : Checking image 2 crop y2 3345
1607779732969035930 : Checking image 1 dpi 300
1607779732969148634 : Checking image 1 border top 134
1607779732969187736 : Checking image 1 border bottom 149
1607779732969221737 : Checking image 1 border left 175
1607779732969257538 : Checking image 1 border right 175
1607779732972318255 : Checking image 2 dpi 300
1607779732972400858 : Checking image 2 border top 129
1607779732972437060 : Checking image 2 border bottom 154
1607779732972470461 : Checking image 2 border left 167
1607779732972506962 : Checking image 2 border right 167

</system-out><system-err>--------------------------------- Captured Err ---------------------------------

</system-err></testcase><testcase classname="tests.test_images" name="test_wrong_angle_split_line_png" time="72.084"><system-out>--------------------------------- Captured Log ---------------------------------

--------------------------------- Captured Out ---------------------------------
/home/runner/work/ocr-book/ocr-book/tests/wrong_angle_split_line.png
1607779725866707830 : Checking separation double page angle 90.0419342000635
1607779725866817834 : Checking separation double page y=0 2477
1607779733504569368 : Checking page rotation 1 0.2
1607779743140394332 : Checking page rotation 2 0.2
1607779756037734982 : Checking image 1 crop x1 61
1607779756037860486 : Checking image 1 crop y1 7
1607779756037900888 : Checking image 1 crop x2 2475
1607779756037934489 : Checking image 1 crop y2 3500
1607779762143526118 : Checking image 2 crop x1 165
1607779762143658323 : Checking image 2 crop y1 219
1607779762143698725 : Checking image 2 crop x2 2241
1607779762143734026 : Checking image 2 crop y2 3348
1607779762308044209 : Checking image 1 dpi 300
1607779762308169714 : Checking image 1 border top 7
1607779762308209015 : Checking image 1 border bottom 7
1607779762308241917 : Checking image 1 border left 33
1607779762308273418 : Checking image 1 border right 33
1607779762315706298 : Checking image 2 dpi 300
1607779762315828502 : Checking image 2 border top 207
1607779762315864404 : Checking image 2 border bottom 151
1607779762315898805 : Checking image 2 border left 192
1607779762315930106 : Checking image 2 border right 192

</system-out><system-err>--------------------------------- Captured Err ---------------------------------

</system-err></testcase><testcase classname="tests.test_images" name="test_crop_too_much_2_png" time="91.063"><system-out>--------------------------------- Captured Log ---------------------------------

--------------------------------- Captured Out ---------------------------------
/home/runner/work/ocr-book/ocr-book/tests/crop_too_much_2.png
1607779785289896762 : Checking separation double page angle 90.20211186462491
1607779785290017966 : Checking separation double page y=0 2477
1607779797912282278 : Checking page rotation 1 0.2
1607779812703006021 : Checking page rotation 2 0.2
1607779817670656517 : Checking image 1 crop x1 332
1607779817670801922 : Checking image 1 crop y1 131
1607779817670855324 : Checking image 1 crop x2 2342
1607779817670893026 : Checking image 1 crop y2 3336
1607779823944921950 : Checking image 2 crop x1 168
1607779823945047155 : Checking image 2 crop y1 139
1607779823945087056 : Checking image 2 crop x2 2181
1607779823945123658 : Checking image 2 crop y2 3345
1607779823994023047 : Checking image 1 dpi 300
1607779823994141352 : Checking image 1 border top 118
1607779823994184353 : Checking image 1 border bottom 164
1607779823994220655 : Checking image 1 border left 225
1607779823994258556 : Checking image 1 border right 225
1607779823997796586 : Checking image 2 dpi 300
1607779823997883089 : Checking image 2 border top 127
1607779823997922190 : Checking image 2 border bottom 154
1607779823997958091 : Checking image 2 border left 223
1607779823997995893 : Checking image 2 border right 223

</system-out><system-err>--------------------------------- Captured Err ---------------------------------

</system-err></testcase><testcase classname="tests.test_images" name="test_wrong_split_line_3_png" time="66.053"><system-out>--------------------------------- Captured Log ---------------------------------

--------------------------------- Captured Out ---------------------------------
/home/runner/work/ocr-book/ocr-book/tests/wrong_split_line_3.png
1607779804780538047 : Checking separation double page angle 90.43729500214694
1607779804780646651 : Checking separation double page y=0 2498
1607779815428898911 : Checking page rotation 1 0.30000000000000004
1607779822703511105 : Checking page rotation 2 0.9
1607779825938339072 : Checking image 1 crop x1 331
1607779825938453376 : Checking image 1 crop y1 165
1607779825938491077 : Checking image 1 crop x2 2375
1607779825938524078 : Checking image 1 crop y2 3376
1607779829074756679 : Checking image 2 crop x1 102
1607779829074889084 : Checking image 2 crop y1 208
1607779829074930885 : Checking image 2 crop x2 2133
1607779829074968686 : Checking image 2 crop y2 3413
1607779829114042913 : Checking image 1 dpi 300
1607779829114163817 : Checking image 1 border top 148
1607779829114201319 : Checking image 1 border bottom 128
1607779829114236320 : Checking image 1 border left 208
1607779829114268721 : Checking image 1 border right 208
1607779829117669445 : Checking image 2 dpi 300
1607779829117782250 : Checking image 2 border top 191
1607779829117819251 : Checking image 2 border bottom 91
1607779829117851852 : Checking image 2 border left 214
1607779829117884553 : Checking image 2 border right 214

</system-out><system-err>--------------------------------- Captured Err ---------------------------------

</system-err></testcase><testcase classname="tests.test_images" name="test_wrong_split_line_2_png" time="113.008"><system-out>--------------------------------- Captured Log ---------------------------------

--------------------------------- Captured Out ---------------------------------
/home/runner/work/ocr-book/ocr-book/tests/wrong_split_line_2.png
1607779889573808485 : Checking separation double page angle 90.38387862177287
1607779889573918489 : Checking separation double page y=0 2442
1607779902845210921 : Checking page rotation 1 0.05
1607779917637750989 : Checking page rotation 2 0.4
1607779925664466540 : Checking image 1 crop x1 294
1607779925664605845 : Checking image 1 crop y1 137
1607779925664648347 : Checking image 1 crop x2 2326
1607779925664684748 : Checking image 1 crop y2 3375
1607779936980062508 : Checking image 2 crop x1 146
1607779936980212013 : Checking image 2 crop y1 192
1607779936980264115 : Checking image 2 crop x2 2173
1607779936980300116 : Checking image 2 crop y2 3386
1607779937027550070 : Checking image 1 dpi 300
1607779937027664774 : Checking image 1 border top 124
1607779937027704975 : Checking image 1 border bottom 124
1607779937027737776 : Checking image 1 border left 214
1607779937027768877 : Checking image 1 border right 214
1607779937030533074 : Checking image 2 dpi 300
1607779937030596576 : Checking image 2 border top 185
1607779937030631778 : Checking image 2 border bottom 108
1607779937030664679 : Checking image 2 border left 216
1607779937030737681 : Checking image 2 border right 216

</system-out><system-err>--------------------------------- Captured Err ---------------------------------

</system-err></testcase><testcase classname="tests.test_images" name="test_wrong_wave_split_line_png" time="103.891"><system-out>--------------------------------- Captured Log ---------------------------------

--------------------------------- Captured Out ---------------------------------
/home/runner/work/ocr-book/ocr-book/tests/wrong_wave_split_line.png
1607779884822660484 : Checking separation double page angle 90.52878604107717
1607779884822786488 : Checking separation double page y=0 2502
1607779895858739193 : Checking page rotation 1 -0.14999999999999067
1607779907184734284 : Checking page rotation 2 0.85
1607779916716361912 : Checking image 1 crop x1 385
1607779916716490917 : Checking image 1 crop y1 179
1607779916716528518 : Checking image 1 crop x2 2411
1607779916716560619 : Checking image 1 crop y2 3374
1607779932959133907 : Checking image 2 crop x1 27
1607779932959260512 : Checking image 2 crop y1 1
1607779932959302813 : Checking image 2 crop x2 2489
1607779932959353515 : Checking image 2 crop y2 3505
1607779933011631947 : Checking image 1 dpi 300
1607779933011747951 : Checking image 1 border top 169
1607779933011784553 : Checking image 1 border bottom 123
1607779933011816254 : Checking image 1 border left 217
1607779933011845655 : Checking image 1 border right 217
1607779933014444846 : Checking image 2 dpi 300
1607779933014543649 : Checking image 2 border top 2
1607779933014582651 : Checking image 2 border bottom 2
1607779933014613752 : Checking image 2 border left 9
1607779933014646253 : Checking image 2 border right 9

</system-out><system-err>--------------------------------- Captured Err ---------------------------------

</system-err></testcase><testcase classname="tests.test_images" name="test_no_split_line_line_algo_png" time="58.537"><system-out>--------------------------------- Captured Log ---------------------------------

--------------------------------- Captured Out ---------------------------------
/home/runner/work/ocr-book/ocr-book/tests/no_split_line_line_algo.png
1607779970119481780 : Checking separation double page angle 89.47691469185418
1607779970119585683 : Checking separation double page y=0 2476
1607779975376184513 : Checking page rotation 1 -0.14999999999999067
1607779984699752672 : Checking page rotation 2 -0.44999999999999746
1607779987377369475 : Checking image 1 crop x1 205
1607779987377486279 : Checking image 1 crop y1 158
1607779987377523180 : Checking image 1 crop x2 2320
1607779987377556381 : Checking image 1 crop y2 3366
1607779991520347621 : Checking image 2 crop x1 185
1607779991520478225 : Checking image 2 crop y1 221
1607779991520518027 : Checking image 2 crop x2 2201
1607779991520553328 : Checking image 2 crop y2 3366
1607779991561091520 : Checking image 1 dpi 300
1607779991561215224 : Checking image 1 border top 141
1607779991561250225 : Checking image 1 border bottom 138
1607779991561281726 : Checking image 1 border left 172
1607779991561311127 : Checking image 1 border right 172
1607779991564114324 : Checking image 2 dpi 300
1607779991564204327 : Checking image 2 border top 215
1607779991564236328 : Checking image 2 border bottom 127
1607779991564265029 : Checking image 2 border left 222
1607779991564294230 : Checking image 2 border right 222

</system-out><system-err>--------------------------------- Captured Err ---------------------------------

</system-err></testcase><testcase classname="tests.test_images" name="test_small_wave_png" time="75.311"><system-out>--------------------------------- Captured Log ---------------------------------

--------------------------------- Captured Out ---------------------------------
/home/runner/work/ocr-book/ocr-book/tests/small_wave.png
1607779985427074998 : Checking separation double page angle 90.61316928841565
1607779985427182101 : Checking separation double page y=0 2495
1607779996659207212 : Checking page rotation 1 0.7
1607780005808934462 : Checking page rotation 2 0.7
1607780008808333613 : Checking image 1 crop x1 322
1607780008808457918 : Checking image 1 crop y1 199
1607780008808497819 : Checking image 1 crop x2 2351
1607780008808534720 : Checking image 1 crop y2 3394
1607780012291169453 : Checking image 2 crop x1 135
1607780012291295957 : Checking image 2 crop y1 223
1607780012291336059 : Checking image 2 crop x2 2164
1607780012291373760 : Checking image 2 crop y2 3419
1607780012335264857 : Checking image 1 dpi 300
1607780012335385161 : Checking image 1 border top 178
1607780012335423762 : Checking image 1 border bottom 114
1607780012335456163 : Checking image 1 border left 215
1607780012335488564 : Checking image 1 border right 215
1607780012338507167 : Checking image 2 dpi 300
1607780012338577070 : Checking image 2 border top 196
1607780012338610871 : Checking image 2 border bottom 95
1607780012338641772 : Checking image 2 border left 215
1607780012338699074 : Checking image 2 border right 215

</system-out><system-err>--------------------------------- Captured Err ---------------------------------

</system-err></testcase><testcase classname="tests.test_images" name="test_failed_split_line_line_algo_png" time="27.060"><system-out>--------------------------------- Captured Log ---------------------------------

--------------------------------- Captured Out ---------------------------------
/home/runner/work/ocr-book/ocr-book/tests/failed_split_line_line_algo.png
1607780008680766458 : Checking separation double page angle 90.0163422057325
1607780008680873161 : Checking separation double page y=0 2575
1607780012093919327 : Checking page rotation 1 -0.14999999999999067
1607780014254908800 : Checking page rotation 2 0.0
1607780017019869092 : Checking image 1 crop x1 407
1607780017019997297 : Checking image 1 crop y1 2925
1607780017020034898 : Checking image 1 crop x2 2419
1607780017020066999 : Checking image 1 crop y2 3174
1607780018653125590 : Checking image 2 crop x1 1184
1607780018653240694 : Checking image 2 crop y1 1744
1607780018653276096 : Checking image 2 crop x2 1185
1607780018653309197 : Checking image 2 crop y2 1745
1607780018653812114 : Checking image 1 dpi 300
1607780018653905517 : Checking image 1 border top 2917
1607780018653941918 : Checking image 1 border bottom 321
1607780018653976719 : Checking image 1 border left 224
1607780018654023021 : Checking image 1 border right 224
1607780018655934286 : Checking image 2 dpi 300
1607780018655994788 : Checking image 2 border top 1752
1607780018656026689 : Checking image 2 border bottom 1753
1607780018656058690 : Checking image 2 border left 1239
1607780018656089091 : Checking image 2 border right 1239

</system-out><system-err>--------------------------------- Captured Err ---------------------------------

</system-err></testcase><testcase classname="tests.test_images" name="test_failed_split_line_line_algo_2_png" time="83.143"><system-out>--------------------------------- Captured Log ---------------------------------

--------------------------------- Captured Out ---------------------------------
/home/runner/work/ocr-book/ocr-book/tests/failed_split_line_line_algo_2.png
1607780064571910481 : Checking separation double page angle 89.99134220573251
1607780064572019485 : Checking separation double page y=0 2498
1607780077636535068 : Checking page rotation 1 0.0
1607780088574165445 : Checking page rotation 2 0.6000000000000001
1607780092019287903 : Checking image 1 crop x1 272
1607780092019419608 : Checking image 1 crop y1 149
1607780092019461009 : Checking image 1 crop x2 2383
1607780092019497710 : Checking image 1 crop y2 3353
1607780095462003668 : Checking image 2 crop x1 121
1607780095462118071 : Checking image 2 crop y1 155
1607780095462167973 : Checking image 2 crop x2 2244
1607780095462203774 : Checking image 2 crop y2 3350
1607780095500998065 : Checking image 1 dpi 300
1607780095501087367 : Checking image 1 border top 139
1607780095501123169 : Checking image 1 border bottom 144
1607780095501156370 : Checking image 1 border left 174
1607780095501189271 : Checking image 1 border right 174
1607780095503800258 : Checking image 2 dpi 300
1607780095503887061 : Checking image 2 border top 136
1607780095503920062 : Checking image 2 border bottom 156
1607780095503950863 : Checking image 2 border left 168
1607780095503981664 : Checking image 2 border right 168

</system-out><system-err>--------------------------------- Captured Err ---------------------------------

</system-err></testcase><testcase classname="tests.test_images" name="test_crop_too_much_3_png" time="79.131"><system-out>--------------------------------- Captured Log ---------------------------------

--------------------------------- Captured Out ---------------------------------
/home/runner/work/ocr-book/ocr-book/tests/crop_too_much_3.png
1607780065282295218 : Checking separation double page angle 89.55580634783144
1607780065282393021 : Checking separation double page y=0 2499
1607780075154395159 : Checking page rotation 1 -0.9499999999999917
1607780088835349850 : Checking page rotation 2 -0.14999999999999067
1607780093180357553 : Checking image 1 crop x1 373
1607780093180480257 : Checking image 1 crop y1 258
1607780093180519558 : Checking image 1 crop x2 2386
1607780093180553059 : Checking image 1 crop y2 3458
1607780097707568635 : Checking image 2 crop x1 167
1607780097707682839 : Checking image 2 crop y1 228
1607780097707719740 : Checking image 2 crop x2 2180
1607780097707752741 : Checking image 2 crop y2 3417
1607780097756323556 : Checking image 1 dpi 300
1607780097756433660 : Checking image 1 border top 239
1607780097756476561 : Checking image 1 border bottom 48
1607780097756510362 : Checking image 1 border left 223
1607780097756541563 : Checking image 1 border right 223
1607780097758860640 : Checking image 2 dpi 300
1607780097758919542 : Checking image 2 border top 207
1607780097758951443 : Checking image 2 border bottom 91
1607780097758981644 : Checking image 2 border left 223
1607780097759011645 : Checking image 2 border right 223

</system-out><system-err>--------------------------------- Captured Err ---------------------------------

</system-err></testcase><testcase classname="tests.test_images" name="test_wrong_wave_split_line_2_png" time="82.559"><system-out>--------------------------------- Captured Log ---------------------------------

--------------------------------- Captured Out ---------------------------------
/home/runner/work/ocr-book/ocr-book/tests/wrong_wave_split_line_2.png
1607780147997005244 : Checking separation double page angle 90.7708958311329
1607780147997107447 : Checking separation double page y=0 2490
1607780158604725071 : Checking page rotation 1 0.4
1607780170776771196 : Checking page rotation 2 1.8
1607780174337803468 : Checking image 1 crop x1 224
1607780174337945773 : Checking image 1 crop y1 147
1607780174337989074 : Checking image 1 crop x2 2337
1607780174338028475 : Checking image 1 crop y2 3355
1607780178001798492 : Checking image 2 crop x1 107
1607780178001915296 : Checking image 2 crop y1 197
1607780178001967797 : Checking image 2 crop x2 2229
1607780178002002799 : Checking image 2 crop y2 3396
1607780178046861659 : Checking image 1 dpi 300
1607780178046984363 : Checking image 1 border top 133
1607780178047022664 : Checking image 1 border bottom 146
1607780178047054565 : Checking image 1 border left 173
1607780178047086266 : Checking image 1 border right 173
1607780178050484477 : Checking image 2 dpi 300
1607780178050585680 : Checking image 2 border top 167
1607780178050620981 : Checking image 2 border bottom 121
1607780178050652882 : Checking image 2 border left 169
1607780178050706684 : Checking image 2 border right 169

</system-out><system-err>--------------------------------- Captured Err ---------------------------------

</system-err></testcase><testcase classname="tests.test_images" name="test_wrong_wave_split_line_3_png" time="74.334"><system-out>--------------------------------- Captured Log ---------------------------------

--------------------------------- Captured Out ---------------------------------
/home/runner/work/ocr-book/ocr-book/tests/wrong_wave_split_line_3.png
1607780146375394448 : Checking separation double page angle 90.05867351615122
1607780146375502352 : Checking separation double page y=0 2510
1607780157183972693 : Checking page rotation 1 0.1
1607780165477438874 : Checking page rotation 2 0.35
1607780168818647527 : Checking image 1 crop x1 272
1607780168818810332 : Checking image 1 crop y1 219
1607780168818852134 : Checking image 1 crop x2 2383
1607780168818886035 : Checking image 1 crop y2 3423
1607780172062823927 : Checking image 2 crop x1 119
1607780172062942831 : Checking image 2 crop y1 226
1607780172062982132 : Checking image 2 crop x2 2240
1607780172063017033 : Checking image 2 crop y2 3413
1607780172100302949 : Checking image 1 dpi 300
1607780172100390252 : Checking image 1 border top 202
1607780172100423953 : Checking image 1 border bottom 81
1607780172100454654 : Checking image 1 border left 174
1607780172100485455 : Checking image 1 border right 174
1607780172102299314 : Checking image 2 dpi 300
1607780172102353316 : Checking image 2 border top 203
1607780172102383317 : Checking image 2 border bottom 97
1607780172102411517 : Checking image 2 border left 169
1607780172102439818 : Checking image 2 border right 169

</system-out><system-err>--------------------------------- Captured Err ---------------------------------

</system-err></testcase><testcase classname="tests.test_images" name="test_no_split_line_wave_algo_2_png" time="60.388"><system-out>--------------------------------- Captured Log ---------------------------------

--------------------------------- Captured Out ---------------------------------
/home/runner/work/ocr-book/ocr-book/tests/no_split_line_wave_algo_2.png
1607780209903772510 : Checking separation double page angle 91.21822795596304
1607780209903872914 : Checking separation double page y=0 2488
1607780217459258892 : Checking page rotation 1 1.0999999999999999
1607780226360226668 : Checking page rotation 2 0.2
1607780229700142527 : Checking image 1 crop x1 266
1607780229700254830 : Checking image 1 crop y1 210
1607780229700297032 : Checking image 1 crop x2 2342
1607780229700330633 : Checking image 1 crop y2 3413
1607780232452622025 : Checking image 2 crop x1 199
1607780232452743729 : Checking image 2 crop y1 241
1607780232452782730 : Checking image 2 crop x2 2282
1607780232452818332 : Checking image 2 crop y2 3433
1607780232490459041 : Checking image 1 dpi 300
1607780232490572245 : Checking image 1 border top 194
1607780232490606646 : Checking image 1 border bottom 90
1607780232490638147 : Checking image 1 border left 192
1607780232490667548 : Checking image 1 border right 192
1607780232493152828 : Checking image 2 dpi 300
1607780232493217430 : Checking image 2 border top 226
1607780232493247831 : Checking image 2 border bottom 69
1607780232493289832 : Checking image 2 border left 188
1607780232493320133 : Checking image 2 border right 188

</system-out><system-err>--------------------------------- Captured Err ---------------------------------

</system-err></testcase><testcase classname="tests.test_images" name="test_no_split_line_wave_algo_png" time="69.880"><system-out>--------------------------------- Captured Log ---------------------------------

--------------------------------- Captured Out ---------------------------------
/home/runner/work/ocr-book/ocr-book/tests/no_split_line_wave_algo.png
1607780213155677130 : Checking separation double page angle 89.93575909193096
1607780213155799133 : Checking separation double page y=0 2482
1607780219462252376 : Checking page rotation 1 0.0
1607780229454634330 : Checking page rotation 2 -0.5499999999999912
1607780239559912193 : Checking image 1 crop x1 97
1607780239560001296 : Checking image 1 crop y1 77
1607780239560042797 : Checking image 1 crop x2 2483
1607780239560081998 : Checking image 1 crop y2 3505
1607780247854848756 : Checking image 2 crop x1 164
1607780247854979160 : Checking image 2 crop y1 266
1607780247855020462 : Checking image 2 crop x2 2241
1607780247855055163 : Checking image 2 crop y2 3382
1607780247897406119 : Checking image 1 dpi 300
1607780247897541924 : Checking image 1 border top 40
1607780247897584925 : Checking image 1 border bottom 40
1607780247897620226 : Checking image 1 border left 47
1607780247897655127 : Checking image 1 border right 47
1607780247900407816 : Checking image 2 dpi 300
1607780247900477718 : Checking image 2 border top 254
1607780247900511219 : Checking image 2 border bottom 117
1607780247900542420 : Checking image 2 border left 191
1607780247900573421 : Checking image 2 border right 191

</system-out><system-err>--------------------------------- Captured Err ---------------------------------

</system-err></testcase><testcase classname="tests.test_images" name="test_crop_too_few_2_png" time="56.078"><system-out>--------------------------------- Captured Log ---------------------------------

--------------------------------- Captured Out ---------------------------------
/home/runner/work/ocr-book/ocr-book/tests/crop_too_few_2.png
1607780266464531124 : Checking separation double page angle 90.25476192320097
1607780266464636028 : Checking separation double page y=0 2531
1607780275100337430 : Checking page rotation 1 1.2000000000000002
1607780282394069570 : Checking page rotation 2 -0.09999999999999377
1607780285689654846 : Checking image 1 crop x1 287
1607780285689777250 : Checking image 1 crop y1 165
1607780285689816551 : Checking image 1 crop x2 2398
1607780285689850152 : Checking image 1 crop y2 3368
1607780288544205844 : Checking image 2 crop x1 145
1607780288544314548 : Checking image 2 crop y1 188
1607780288544349149 : Checking image 2 crop x2 2271
1607780288544382550 : Checking image 2 crop y2 3386
1607780288580497597 : Checking image 1 dpi 300
1607780288580595000 : Checking image 1 border top 139
1607780288580632701 : Checking image 1 border bottom 145
1607780288580668003 : Checking image 1 border left 174
1607780288580702504 : Checking image 1 border right 174
1607780288582564963 : Checking image 2 dpi 300
1607780288582621965 : Checking image 2 border top 180
1607780288582653566 : Checking image 2 border bottom 109
1607780288582713668 : Checking image 2 border left 167
1607780288582746769 : Checking image 2 border right 167

</system-out><system-err>--------------------------------- Captured Err ---------------------------------

</system-err></testcase><testcase classname="tests.test_images" name="test_failed_detect_rectangle_png" time="74.042"><system-out>--------------------------------- Captured Log ---------------------------------

--------------------------------- Captured Out ---------------------------------
/home/runner/work/ocr-book/ocr-book/tests/failed_detect_rectangle.png
1607780294748268089 : Checking separation double page angle 90.19837516213148
1607780294748377592 : Checking separation double page y=0 2471
1607780303996093606 : Checking page rotation 1 0.2
1607780315183709399 : Checking page rotation 2 0.2
1607780318334603332 : Checking image 1 crop x1 257
1607780318334750537 : Checking image 1 crop y1 201
1607780318334791038 : Checking image 1 crop x2 2333
1607780318334825839 : Checking image 1 crop y2 3402
1607780321939481733 : Checking image 2 crop x1 139
1607780321939628638 : Checking image 2 crop y1 215
1607780321939672340 : Checking image 2 crop x2 2222
1607780321939711341 : Checking image 2 crop y2 3406
1607780321981965774 : Checking image 1 dpi 300
1607780321982058777 : Checking image 1 border top 188
1607780321982094978 : Checking image 1 border bottom 98
1607780321982126779 : Checking image 1 border left 192
1607780321982158280 : Checking image 1 border right 192
1607780321984690560 : Checking image 2 dpi 300
1607780321984752462 : Checking image 2 border top 200
1607780321984787163 : Checking image 2 border bottom 95
1607780321984829665 : Checking image 2 border left 188
1607780321984859966 : Checking image 2 border right 188

</system-out><system-err>--------------------------------- Captured Err ---------------------------------

</system-err></testcase><testcase classname="tests.test_images" name="test_single_page_png" time="24.761"><system-out>--------------------------------- Captured Log ---------------------------------

--------------------------------- Captured Out ---------------------------------
/home/runner/work/ocr-book/ocr-book/tests/single_page.png
1607780297967100373 : Checking separation double page angle 89.97500000000001
1607780297967210177 : Checking separation double page y=0 2469
1607780303745675576 : Checking page rotation 1 0.0
1607780304371530294 : Checking page rotation 2 0.0
1607780312360514766 : Checking image 1 crop x1 1
1607780312360606569 : Checking image 1 crop y1 9
1607780312360641370 : Checking image 1 crop x2 2464
1607780312360672671 : Checking image 1 crop y2 3505
1607780312997965819 : Checking image 2 crop x1 0
1607780312998036921 : Checking image 2 crop y1 0
1607780312998065322 : Checking image 2 crop x2 0
1607780312998091823 : Checking image 2 crop y2 0
1607780312998166925 : Checking image 1 dpi 300
1607780312998230227 : Checking image 1 border top 6
1607780312998263728 : Checking image 1 border bottom 6
1607780312998292529 : Checking image 1 border left 9
1607780312998321830 : Checking image 1 border right 9
1607780313004852337 : Checking image 2 border top 0
1607780313004927239 : Checking image 2 border bottom 0
1607780313004955040 : Checking image 2 border left 0
1607780313004983141 : Checking image 2 border right 0

</system-out><system-err>--------------------------------- Captured Err ---------------------------------

</system-err></testcase><testcase classname="tests.test_images" name="test_no_split_line_wave_algo_3_png" time="16.612"><system-out>--------------------------------- Captured Log ---------------------------------

--------------------------------- Captured Out ---------------------------------
/home/runner/work/ocr-book/ocr-book/tests/no_split_line_wave_algo_3.png
1607780331422270921 : Checking separation double page angle 90.16080821751345
1607780331422380725 : Checking separation double page y=0 2403
1607780333923569298 : Checking page rotation 1 0.0
1607780334303700867 : Checking page rotation 2 0.0
1607780338090987067 : Checking image 1 crop x1 184
1607780338091119471 : Checking image 1 crop y1 2957
1607780338091157572 : Checking image 1 crop x2 2201
1607780338091192474 : Checking image 1 crop y2 3202
1607780338598916047 : Checking image 2 crop x1 0
1607780338598983949 : Checking image 2 crop y1 0
1607780338599024150 : Checking image 2 crop x2 0
1607780338599051051 : Checking image 2 crop y2 0
1607780338599125853 : Checking image 1 dpi 300
1607780338599189555 : Checking image 1 border top 2950
1607780338599220956 : Checking image 1 border bottom 292
1607780338599250057 : Checking image 1 border left 221
1607780338599278858 : Checking image 1 border right 221
1607780338605378450 : Checking image 2 border top 0
1607780338605450652 : Checking image 2 border bottom 0
1607780338605479353 : Checking image 2 border left 0
1607780338605507754 : Checking image 2 border right 0

</system-out><system-err>--------------------------------- Captured Err ---------------------------------

</system-err></testcase></testsuite></testsuites>