<?xml version="1.0" encoding="utf-8"?><testsuites><testsuite name="pytest" errors="0" failures="0" skipped="1" tests="34" time="932.726" timestamp="2020-12-15T07:58:58.867001" hostname="fv-az121-270"><testcase classname="tests.test_features" name="test_disabled_enable_debug" time="47.571"><system-out>--------------------------------- Captured Log ---------------------------------

--------------------------------- Captured Out ---------------------------------
/home/runner/work/ocr-book/ocr-book/tests/0001_debug.png
separation double page angle 90.5778088189967
separation double page y=0 2485
page rotation 1 0.7
page rotation 2 0.2
image 1 crop x1 330
image 1 crop y1 335
image 1 crop x2 2343
image 1 crop y2 3223
image 2 crop x1 171
image 2 crop y1 648
image 2 crop x2 2188
image 2 crop y2 3361
image 1 dpi 300
image 1 border top 317
image 1 border bottom 282
image 1 border left 223
image 1 border right 223
image 2 dpi 300
image 2 border top 643
image 2 border bottom 131
image 2 border left 221
image 2 border right 221

</system-out><system-err>--------------------------------- Captured Err ---------------------------------

</system-err></testcase><testcase classname="tests.test_features" name="test_mock_stop_at_0" time="0.046"><system-out>--------------------------------- Captured Log ---------------------------------

--------------------------------- Captured Out ---------------------------------
/home/runner/work/ocr-book/ocr-book/tests/0001_0.png

</system-out><system-err>--------------------------------- Captured Err ---------------------------------

</system-err></testcase><testcase classname="tests.test_features" name="test_mock_stop_at_2" time="42.146"><system-out>--------------------------------- Captured Log ---------------------------------

--------------------------------- Captured Out ---------------------------------
/home/runner/work/ocr-book/ocr-book/tests/0001_2.png
separation double page angle 90.5778088189967
separation double page y=0 2485
page rotation 1 0.7
page rotation 2 0.2

</system-out><system-err>--------------------------------- Captured Err ---------------------------------

</system-err></testcase><testcase classname="tests.test_features" name="test_mock_stop_at_4" time="46.237"><system-out>--------------------------------- Captured Log ---------------------------------

--------------------------------- Captured Out ---------------------------------
/home/runner/work/ocr-book/ocr-book/tests/0001_4.png
separation double page angle 90.5778088189967
separation double page y=0 2485
page rotation 1 0.7
page rotation 2 0.2
image 1 crop x1 330
image 1 crop y1 335
image 1 crop x2 2343
image 1 crop y2 3223
image 2 crop x1 171
image 2 crop y1 648
image 2 crop x2 2188
image 2 crop y2 3361
image 1 dpi 300
image 1 border top 317
image 1 border bottom 282
image 1 border left 223
image 1 border right 223
image 2 dpi 300
image 2 border top 643
image 2 border bottom 131
image 2 border left 221
image 2 border right 221

</system-out><system-err>--------------------------------- Captured Err ---------------------------------

</system-err></testcase><testcase classname="tests.test_features" name="test_mock_stop_at_1" time="28.234"><system-out>--------------------------------- Captured Log ---------------------------------

--------------------------------- Captured Out ---------------------------------
/home/runner/work/ocr-book/ocr-book/tests/0001_1.png
separation double page angle 90.5778088189967
separation double page y=0 2485

</system-out><system-err>--------------------------------- Captured Err ---------------------------------

</system-err></testcase><testcase classname="tests.test_features" name="test_mock_stop_at_3" time="45.439"><system-out>--------------------------------- Captured Log ---------------------------------

--------------------------------- Captured Out ---------------------------------
/home/runner/work/ocr-book/ocr-book/tests/0001_3.png
separation double page angle 90.5778088189967
separation double page y=0 2485
page rotation 1 0.7
page rotation 2 0.2
image 1 crop x1 330
image 1 crop y1 335
image 1 crop x2 2343
image 1 crop y2 3223
image 2 crop x1 171
image 2 crop y1 648
image 2 crop x2 2188
image 2 crop y2 3361

</system-out><system-err>--------------------------------- Captured Err ---------------------------------

</system-err></testcase><testcase classname="tests.test_images" name="test_0001_png" time="56.023"><system-out>--------------------------------- Captured Log ---------------------------------

--------------------------------- Captured Out ---------------------------------
/home/runner/work/ocr-book/ocr-book/tests/0001.png
1608019261306334216 : Checking separation double page angle 90.5778088189967
1608019261306437618 : Checking separation double page y=0 2485
1608019268462503776 : Checking page rotation 1 0.7
1608019277678200142 : Checking page rotation 2 0.2
1608019280915817257 : Checking image 1 crop x1 330
1608019280915933259 : Checking image 1 crop y1 335
1608019280915970260 : Checking image 1 crop x2 2343
1608019280916001060 : Checking image 1 crop y2 3223
1608019284192185856 : Checking image 2 crop x1 171
1608019284192306958 : Checking image 2 crop y1 648
1608019284192343658 : Checking image 2 crop x2 2188
1608019284192374759 : Checking image 2 crop y2 3361
1608019284223024051 : Checking image 1 dpi 300
1608019284223127952 : Checking image 1 border top 317
1608019284223161853 : Checking image 1 border bottom 282
1608019284223193353 : Checking image 1 border left 223
1608019284223222954 : Checking image 1 border right 223
1608019284225589292 : Checking image 2 dpi 300
1608019284225668793 : Checking image 2 border top 643
1608019284225699294 : Checking image 2 border bottom 131
1608019284225728394 : Checking image 2 border left 221
1608019284225757795 : Checking image 2 border right 221

</system-out><system-err>--------------------------------- Captured Err ---------------------------------

</system-err></testcase><testcase classname="tests.test_features" name="test_mock_stop_at_5" time="45.289"><system-out>--------------------------------- Captured Log ---------------------------------

--------------------------------- Captured Out ---------------------------------
/home/runner/work/ocr-book/ocr-book/tests/0001_5.png
separation double page angle 90.5778088189967
separation double page y=0 2485
page rotation 1 0.7
page rotation 2 0.2
image 1 crop x1 330
image 1 crop y1 335
image 1 crop x2 2343
image 1 crop y2 3223
image 2 crop x1 171
image 2 crop y1 648
image 2 crop x2 2188
image 2 crop y2 3361
image 1 dpi 300
image 1 border top 317
image 1 border bottom 282
image 1 border left 223
image 1 border right 223
image 2 dpi 300
image 2 border top 643
image 2 border bottom 131
image 2 border left 221
image 2 border right 221

</system-out><system-err>--------------------------------- Captured Err ---------------------------------

</system-err></testcase><testcase classname="tests.test_images" name="test_2_pages_2_contours_png" time="36.501"><system-out>--------------------------------- Captured Log ---------------------------------

--------------------------------- Captured Out ---------------------------------
/home/runner/work/ocr-book/ocr-book/tests/2-pages-2-contours.png
1608019307128540617 : Checking separation double page angle 90.14036871655934
1608019307128643718 : Checking separation double page y=0 2489
1608019309136859905 : Checking page rotation 1 0.05
1608019315790569330 : Checking page rotation 2 0.4
1608019317097585381 : Checking image 1 crop x1 1188
1608019317097692482 : Checking image 1 crop y1 1747
1608019317097725483 : Checking image 1 crop x2 1189
1608019317097755383 : Checking image 1 crop y2 1748
1608019320708531846 : Checking image 2 crop x1 101
1608019320708653448 : Checking image 2 crop y1 240
1608019320708688048 : Checking image 2 crop x2 2148
1608019320708720249 : Checking image 2 crop y2 3239
1608019320739056388 : Checking image 1 dpi 300
1608019320739158090 : Checking image 1 border top 1753
1608019320739190090 : Checking image 1 border bottom 1753
1608019320739220991 : Checking image 1 border left 1239
1608019320739252091 : Checking image 1 border right 1239
1608019320740795014 : Checking image 2 dpi 300
1608019320740881415 : Checking image 2 border top 229
1608019320740912515 : Checking image 2 border bottom 259
1608019320740942216 : Checking image 2 border left 206
1608019320740971616 : Checking image 2 border right 206

</system-out><system-err>--------------------------------- Captured Err ---------------------------------

</system-err></testcase><testcase classname="tests.test_images" name="test_angle_page_lower_split_line_png" time="59.207"><system-out>--------------------------------- Captured Log ---------------------------------

--------------------------------- Captured Out ---------------------------------
/home/runner/work/ocr-book/ocr-book/tests/angle_page_lower_split_line.png
1608019346824822997 : Checking separation double page angle 89.77701324945475
1608019346824923998 : Checking separation double page y=0 2475
1608019354318802859 : Checking page rotation 1 -0.34999999999999093
1608019360165549266 : Checking page rotation 2 0.2
1608019363076541854 : Checking image 1 crop x1 243
1608019363076661856 : Checking image 1 crop y1 159
1608019363076696156 : Checking image 1 crop x2 2351
1608019363076728657 : Checking image 1 crop y2 3365
1608019365479769972 : Checking image 2 crop x1 149
1608019365479887274 : Checking image 2 crop y1 147
1608019365479922174 : Checking image 2 crop x2 2256
1608019365479954575 : Checking image 2 crop y2 3350
1608019365514178822 : Checking image 1 dpi 300
1608019365514290024 : Checking image 1 border top 140
1608019365514324324 : Checking image 1 border bottom 140
1608019365514357525 : Checking image 1 border left 176
1608019365514387425 : Checking image 1 border right 176
1608019365516911858 : Checking image 2 dpi 300
1608019365516998659 : Checking image 2 border top 130
1608019365517031660 : Checking image 2 border bottom 154
1608019365517060860 : Checking image 2 border left 176
1608019365517090261 : Checking image 2 border right 176

</system-out><system-err>--------------------------------- Captured Err ---------------------------------

</system-err></testcase><testcase classname="tests.test_images" name="test_black_border_not_removed_png" time="65.372"><system-out>--------------------------------- Captured Log ---------------------------------

--------------------------------- Captured Out ---------------------------------
/home/runner/work/ocr-book/ocr-book/tests/black-border-not-removed.png
1608019358922909310 : Checking separation double page angle 90.008171103531
1608019358923015411 : Checking separation double page y=0 2455
1608019365964488514 : Checking page rotation 1 0.05
1608019377575426777 : Checking page rotation 2 0.0
1608019381348223333 : Checking image 1 crop x1 298
1608019381348343434 : Checking image 1 crop y1 142
1608019381348377834 : Checking image 1 crop x2 2308
1608019381348408735 : Checking image 1 crop y2 3347
1608019386070362419 : Checking image 2 crop x1 157
1608019386070489020 : Checking image 2 crop y1 145
1608019386070524121 : Checking image 2 crop x2 2169
1608019386070556921 : Checking image 2 crop y2 3352
1608019386103170731 : Checking image 1 dpi 300
1608019386103273833 : Checking image 1 border top 128
1608019386103307833 : Checking image 1 border bottom 154
1608019386103339233 : Checking image 1 border left 225
1608019386103370534 : Checking image 1 border right 225
1608019386106151669 : Checking image 2 dpi 300
1608019386106243470 : Checking image 2 border top 133
1608019386106274770 : Checking image 2 border bottom 147
1608019386106303971 : Checking image 2 border left 224
1608019386106333871 : Checking image 2 border right 224

</system-out><system-err>--------------------------------- Captured Err ---------------------------------

</system-err></testcase><testcase classname="tests.test_images" name="test_wrong_split_line_png" time="46.172"><system-out>--------------------------------- Captured Log ---------------------------------

--------------------------------- Captured Out ---------------------------------
/home/runner/work/ocr-book/ocr-book/tests/wrong_split_line.png
1608019395401225508 : Checking separation double page angle 89.93395720607973
1608019395401323809 : Checking separation double page y=0 2465
1608019401348237603 : Checking page rotation 1 -0.14999999999999067
1608019407011236049 : Checking page rotation 2 0.5
1608019409318047837 : Checking image 1 crop x1 213
1608019409318161539 : Checking image 1 crop y1 157
1608019409318195939 : Checking image 1 crop x2 2323
1608019409318228340 : Checking image 1 crop y2 3362
1608019411665378118 : Checking image 2 crop x1 125
1608019411665489619 : Checking image 2 crop y1 165
1608019411665526220 : Checking image 2 crop x2 2237
1608019411665561020 : Checking image 2 crop y2 3374
1608019411697765109 : Checking image 1 dpi 300
1608019411697866010 : Checking image 1 border top 132
1608019411697899010 : Checking image 1 border bottom 149
1608019411697930211 : Checking image 1 border left 175
1608019411697978911 : Checking image 1 border right 175
1608019411700355440 : Checking image 2 dpi 300
1608019411700433841 : Checking image 2 border top 141
1608019411700465141 : Checking image 2 border bottom 137
1608019411700497142 : Checking image 2 border left 174
1608019411700526542 : Checking image 2 border right 174

</system-out><system-err>--------------------------------- Captured Err ---------------------------------

</system-err></testcase><testcase classname="tests.test_images" name="test_image_failed_to_rotate_png" time="60.772"><system-out>--------------------------------- Captured Log ---------------------------------

--------------------------------- Captured Out ---------------------------------
/home/runner/work/ocr-book/ocr-book/tests/image_failed_to_rotate.png
1608019418118352726 : Checking separation double page angle 90.38781598189921
1608019418118455227 : Checking separation double page y=0 2485
1608019422936066419 : Checking page rotation 1 0.35
1608019431270414197 : Checking page rotation 2 0.45
1608019441658924609 : Checking image 1 crop x1 34
1608019441659044711 : Checking image 1 crop y1 1
1608019441659080911 : Checking image 1 crop x2 2483
1608019441659114612 : Checking image 1 crop y2 3500
1608019446746268344 : Checking image 2 crop x1 177
1608019446746388245 : Checking image 2 crop y1 234
1608019446746425246 : Checking image 2 crop x2 2256
1608019446746458346 : Checking image 2 crop y2 3355
1608019446784773087 : Checking image 1 dpi 300
1608019446784891189 : Checking image 1 border top 4
1608019446784926789 : Checking image 1 border bottom 4
1608019446784957889 : Checking image 1 border left 16
1608019446784988190 : Checking image 1 border right 16
1608019446787560319 : Checking image 2 dpi 300
1608019446787654820 : Checking image 2 border top 218
1608019446787685921 : Checking image 2 border bottom 148
1608019446787714821 : Checking image 2 border left 190
1608019446787744821 : Checking image 2 border right 190

</system-out><system-err>--------------------------------- Captured Err ---------------------------------

</system-err></testcase><testcase classname="tests.test_images" name="test_crop_too_much_png" time="83.490"><system-out>--------------------------------- Captured Log ---------------------------------

--------------------------------- Captured Out ---------------------------------
/home/runner/work/ocr-book/ocr-book/tests/crop_too_much.png
1608019464097538054 : Checking separation double page angle 90.18239409272952
1608019464097643755 : Checking separation double page y=0 2455
1608019475392810568 : Checking page rotation 1 0.0
1608019486565114212 : Checking page rotation 2 0.45
1608019491205229911 : Checking image 1 crop x1 303
1608019491205351512 : Checking image 1 crop y1 148
1608019491205386313 : Checking image 1 crop x2 2313
1608019491205417013 : Checking image 1 crop y2 3351
1608019495130838277 : Checking image 2 crop x1 171
1608019495130957578 : Checking image 2 crop y1 155
1608019495130992579 : Checking image 2 crop x2 2182
1608019495131027779 : Checking image 2 crop y2 3359
1608019495174241152 : Checking image 1 dpi 300
1608019495174349153 : Checking image 1 border top 133
1608019495174383354 : Checking image 1 border bottom 151
1608019495174414654 : Checking image 1 border left 225
1608019495174447754 : Checking image 1 border right 225
1608019495176878681 : Checking image 2 dpi 300
1608019495176959682 : Checking image 2 border top 138
1608019495176991382 : Checking image 2 border bottom 145
1608019495177019982 : Checking image 2 border left 224
1608019495177054583 : Checking image 2 border right 224

</system-out><system-err>--------------------------------- Captured Err ---------------------------------

</system-err></testcase><testcase classname="tests.test_images" name="test_image_failed_to_crop_data_png" time="58.547"><system-out>--------------------------------- Captured Log ---------------------------------

--------------------------------- Captured Out ---------------------------------
/home/runner/work/ocr-book/ocr-book/tests/image_failed_to_crop_data.png
1608019479101258657 : Checking separation double page angle 89.96358807166011
1608019479101367158 : Checking separation double page y=0 2477
1608019484602276631 : Checking page rotation 1 0.2
1608019490596112015 : Checking page rotation 2 0.05
1608019501176624117 : Checking image 1 crop x1 50
1608019501176743719 : Checking image 1 crop y1 7
1608019501176780919 : Checking image 1 crop x2 2477
1608019501176813919 : Checking image 1 crop y2 3502
1608019505336946369 : Checking image 2 crop x1 160
1608019505337071070 : Checking image 2 crop y1 217
1608019505337106171 : Checking image 2 crop x2 2241
1608019505337138771 : Checking image 2 crop y2 3350
1608019505370541534 : Checking image 1 dpi 300
1608019505370659735 : Checking image 1 border top 6
1608019505370694835 : Checking image 1 border bottom 6
1608019505370727036 : Checking image 1 border left 22
1608019505370758436 : Checking image 1 border right 22
1608019505373607067 : Checking image 2 dpi 300
1608019505373699268 : Checking image 2 border top 205
1608019505373729868 : Checking image 2 border bottom 149
1608019505373759068 : Checking image 2 border left 189
1608019505373792969 : Checking image 2 border right 189

</system-out><system-err>--------------------------------- Captured Err ---------------------------------

</system-err></testcase><testcase classname="tests.test_images" name="test_crop_too_few_png" time="48.975"><system-out>--------------------------------- Captured Log ---------------------------------

--------------------------------- Captured Out ---------------------------------
/home/runner/work/ocr-book/ocr-book/tests/crop_too_few.png
1608019526882041898 : Checking separation double page angle 89.54670238452755
1608019526882143299 : Checking separation double page y=0 2512
1608019532981177033 : Checking page rotation 1 -0.6499999999999977
1608019538757698686 : Checking page rotation 2 0.0
1608019541698922538 : Checking image 1 crop x1 263
1608019541699043439 : Checking image 1 crop y1 150
1608019541699079039 : Checking image 1 crop x2 2377
1608019541699110040 : Checking image 1 crop y2 3357
1608019544134714994 : Checking image 2 crop x1 137
1608019544134829195 : Checking image 2 crop y1 141
1608019544134863595 : Checking image 2 crop x2 2259
1608019544134895896 : Checking image 2 crop y2 3345
1608019544165050414 : Checking image 1 dpi 300
1608019544165161815 : Checking image 1 border top 129
1608019544165197116 : Checking image 1 border bottom 150
1608019544165228716 : Checking image 1 border left 173
1608019544165258216 : Checking image 1 border right 173
1608019544168057146 : Checking image 2 dpi 300
1608019544168149447 : Checking image 2 border top 130
1608019544168184347 : Checking image 2 border bottom 153
1608019544168215848 : Checking image 2 border left 169
1608019544168245148 : Checking image 2 border right 169

</system-out><system-err>--------------------------------- Captured Err ---------------------------------

</system-err></testcase><testcase classname="tests.test_images" name="test_wrong_angle_split_line_png" time="66.597"><system-out>--------------------------------- Captured Log ---------------------------------

--------------------------------- Captured Out ---------------------------------
/home/runner/work/ocr-book/ocr-book/tests/wrong_angle_split_line.png
1608019539225901549 : Checking separation double page angle 90.09193420006348
1608019539226035250 : Checking separation double page y=0 2478
1608019546078423519 : Checking page rotation 1 0.05
1608019554737405868 : Checking page rotation 2 0.0
1608019566143490659 : Checking image 1 crop x1 58
1608019566143612161 : Checking image 1 crop y1 7
1608019566143649961 : Checking image 1 crop x2 2472
1608019566143682861 : Checking image 1 crop y2 3505
1608019571234295414 : Checking image 2 crop x1 163
1608019571234417516 : Checking image 2 crop y1 217
1608019571234452616 : Checking image 2 crop x2 2246
1608019571234485716 : Checking image 2 crop y2 3350
1608019571380775939 : Checking image 1 dpi 300
1608019571380897840 : Checking image 1 border top 5
1608019571380933240 : Checking image 1 border bottom 5
1608019571380964941 : Checking image 1 border left 33
1608019571380996441 : Checking image 1 border right 33
1608019571388187716 : Checking image 2 dpi 300
1608019571388295417 : Checking image 2 border top 204
1608019571388327317 : Checking image 2 border bottom 150
1608019571388359918 : Checking image 2 border left 188
1608019571388390618 : Checking image 2 border right 188

</system-out><system-err>--------------------------------- Captured Err ---------------------------------

</system-err></testcase><testcase classname="tests.test_images" name="test_crop_too_much_2_png" time="84.746"><system-out>--------------------------------- Captured Log ---------------------------------

--------------------------------- Captured Out ---------------------------------
/home/runner/work/ocr-book/ocr-book/tests/crop_too_much_2.png
1608019595396722773 : Checking separation double page angle 90.1149074900817
1608019595396829574 : Checking separation double page y=0 2478
1608019605947189740 : Checking page rotation 1 0.2
1608019619419447778 : Checking page rotation 2 0.2
1608019623679535194 : Checking image 1 crop x1 332
1608019623679650595 : Checking image 1 crop y1 131
1608019623679686396 : Checking image 1 crop x2 2342
1608019623679716696 : Checking image 1 crop y2 3336
1608019628842706130 : Checking image 2 crop x1 162
1608019628842825231 : Checking image 2 crop y1 139
1608019628842859232 : Checking image 2 crop x2 2175
1608019628842891232 : Checking image 2 crop y2 3345
1608019628890427515 : Checking image 1 dpi 300
1608019628890537617 : Checking image 1 border top 112
1608019628890571417 : Checking image 1 border bottom 170
1608019628890603117 : Checking image 1 border left 225
1608019628890634418 : Checking image 1 border right 225
1608019628893115043 : Checking image 2 dpi 300
1608019628893205544 : Checking image 2 border top 123
1608019628893238344 : Checking image 2 border bottom 157
1608019628893267044 : Checking image 2 border left 223
1608019628893299545 : Checking image 2 border right 223

</system-out><system-err>--------------------------------- Captured Err ---------------------------------

</system-err></testcase><testcase classname="tests.test_images" name="test_wrong_split_line_3_png" time="62.574"><system-out>--------------------------------- Captured Log ---------------------------------

--------------------------------- Captured Out ---------------------------------
/home/runner/work/ocr-book/ocr-book/tests/wrong_split_line_3.png
1608019612670154360 : Checking separation double page angle 90.41229500214693
1608019612670257661 : Checking separation double page y=0 2495
1608019622357091724 : Checking page rotation 1 0.35
1608019629402478220 : Checking page rotation 2 0.9
1608019632048617106 : Checking image 1 crop x1 331
1608019632048736707 : Checking image 1 crop y1 164
1608019632048772208 : Checking image 1 crop x2 2375
1608019632048805908 : Checking image 1 crop y2 3377
1608019634571425317 : Checking image 2 crop x1 104
1608019634571545018 : Checking image 2 crop y1 208
1608019634571579418 : Checking image 2 crop x2 2135
1608019634571611919 : Checking image 2 crop y2 3413
1608019634606089769 : Checking image 1 dpi 300
1608019634606201870 : Checking image 1 border top 149
1608019634606234270 : Checking image 1 border bottom 125
1608019634606266070 : Checking image 1 border left 208
1608019634606297071 : Checking image 1 border right 208
1608019634608838397 : Checking image 2 dpi 300
1608019634608930098 : Checking image 2 border top 187
1608019634608961398 : Checking image 2 border bottom 95
1608019634608990198 : Checking image 2 border left 214
1608019634609019098 : Checking image 2 border right 214

</system-out><system-err>--------------------------------- Captured Err ---------------------------------

</system-err></testcase><testcase classname="tests.test_images" name="test_wrong_split_line_2_png" time="100.958"><system-out>--------------------------------- Captured Log ---------------------------------

--------------------------------- Captured Out ---------------------------------
/home/runner/work/ocr-book/ocr-book/tests/wrong_split_line_2.png
1608019691248161306 : Checking separation double page angle 90.17444704411862
1608019691248263409 : Checking separation double page y=0 2437
1608019701968670380 : Checking page rotation 1 0.2
1608019714163853664 : Checking page rotation 2 0.4
1608019720432125789 : Checking image 1 crop x1 294
1608019720432245991 : Checking image 1 crop y1 136
1608019720432281292 : Checking image 1 crop x2 2325
1608019720432311693 : Checking image 1 crop y2 3376
1608019729817936431 : Checking image 2 crop x1 138
1608019729818087734 : Checking image 2 crop y1 192
1608019729818122735 : Checking image 2 crop x2 2165
1608019729818156336 : Checking image 2 crop y2 3386
1608019729861428902 : Checking image 1 dpi 300
1608019729861537205 : Checking image 1 border top 121
1608019729861571006 : Checking image 1 border bottom 126
1608019729861602206 : Checking image 1 border left 214
1608019729861632607 : Checking image 1 border right 214
1608019729864015560 : Checking image 2 dpi 300
1608019729864104062 : Checking image 2 border top 185
1608019729864136063 : Checking image 2 border bottom 108
1608019729864165264 : Checking image 2 border left 216
1608019729864194464 : Checking image 2 border right 216

</system-out><system-err>--------------------------------- Captured Err ---------------------------------

</system-err></testcase><testcase classname="tests.test_images" name="test_wrong_wave_split_line_png" time="0.001"><skipped type="pytest.skip" message="Need to work on crop data">/home/runner/work/ocr-book/ocr-book/tests/test_images.py:660: Need to work on crop data</skipped><system-out>--------------------------------- Captured Log ---------------------------------

--------------------------------- Captured Out ---------------------------------

</system-out><system-err>--------------------------------- Captured Err ---------------------------------

</system-err><system-out>--------------------------------- Captured Log ---------------------------------

--------------------------------- Captured Out ---------------------------------

</system-out><system-err>--------------------------------- Captured Err ---------------------------------

</system-err></testcase><testcase classname="tests.test_images" name="test_no_split_line_line_algo_png" time="54.645"><system-out>--------------------------------- Captured Log ---------------------------------

--------------------------------- Captured Out ---------------------------------
/home/runner/work/ocr-book/ocr-book/tests/no_split_line_line_algo.png
1608019670616777528 : Checking separation double page angle 89.47691469185418
1608019670616876631 : Checking separation double page y=0 2476
1608019675198485735 : Checking page rotation 1 -0.14999999999999067
1608019683549684764 : Checking page rotation 2 -0.44999999999999746
1608019685831737627 : Checking image 1 crop x1 205
1608019685831855530 : Checking image 1 crop y1 158
1608019685831890531 : Checking image 1 crop x2 2320
1608019685831923031 : Checking image 1 crop y2 3366
1608019689223944788 : Checking image 2 crop x1 185
1608019689224059991 : Checking image 2 crop y1 221
1608019689224094391 : Checking image 2 crop x2 2201
1608019689224126192 : Checking image 2 crop y2 3366
1608019689262445218 : Checking image 1 dpi 300
1608019689262552920 : Checking image 1 border top 141
1608019689262585321 : Checking image 1 border bottom 138
1608019689262615122 : Checking image 1 border left 172
1608019689262645023 : Checking image 1 border right 172
1608019689265047081 : Checking image 2 dpi 300
1608019689265126682 : Checking image 2 border top 215
1608019689265157883 : Checking image 2 border bottom 127
1608019689265187184 : Checking image 2 border left 222
1608019689265216785 : Checking image 2 border right 222

</system-out><system-err>--------------------------------- Captured Err ---------------------------------

</system-err></testcase><testcase classname="tests.test_images" name="test_failed_split_line_line_algo_png" time="26.570"><system-out>--------------------------------- Captured Log ---------------------------------

--------------------------------- Captured Out ---------------------------------
/home/runner/work/ocr-book/ocr-book/tests/failed_split_line_line_algo.png
1608019706965568019 : Checking separation double page angle 90.0163422057325
1608019706965669022 : Checking separation double page y=0 2576
1608019710362655699 : Checking page rotation 1 -0.14999999999999067
1608019712436500060 : Checking page rotation 2 0.0
1608019714458619340 : Checking image 1 crop x1 407
1608019714458746043 : Checking image 1 crop y1 2925
1608019714458780644 : Checking image 1 crop x2 2419
1608019714458811245 : Checking image 1 crop y2 3174
1608019715856931448 : Checking image 2 crop x1 1183
1608019715857041950 : Checking image 2 crop y1 1746
1608019715857074551 : Checking image 2 crop x2 1184
1608019715857106652 : Checking image 2 crop y2 1747
1608019715857392958 : Checking image 1 dpi 300
1608019715857468660 : Checking image 1 border top 2917
1608019715857500661 : Checking image 1 border bottom 321
1608019715857531761 : Checking image 1 border left 224
1608019715857560962 : Checking image 1 border right 224
1608019715859518107 : Checking image 2 dpi 300
1608019715859608209 : Checking image 2 border top 1753
1608019715859639410 : Checking image 2 border bottom 1753
1608019715859668210 : Checking image 2 border left 1239
1608019715859699111 : Checking image 2 border right 1239

</system-out><system-err>--------------------------------- Captured Err ---------------------------------

</system-err></testcase><testcase classname="tests.test_images" name="test_failed_split_line_line_algo_2_png" time="74.972"><system-out>--------------------------------- Captured Log ---------------------------------

--------------------------------- Captured Out ---------------------------------
/home/runner/work/ocr-book/ocr-book/tests/failed_split_line_line_algo_2.png
1608019766323172611 : Checking separation double page angle 90.04134220573248
1608019766323275913 : Checking separation double page y=0 2498
1608019775523847768 : Checking page rotation 1 0.0
1608019784971084366 : Checking page rotation 2 0.6000000000000001
1608019787818738613 : Checking image 1 crop x1 272
1608019787818858916 : Checking image 1 crop y1 149
1608019787818893517 : Checking image 1 crop x2 2383
1608019787818924017 : Checking image 1 crop y2 3353
1608019790767470121 : Checking image 2 crop x1 124
1608019790767589323 : Checking image 2 crop y1 155
1608019790767623824 : Checking image 2 crop x2 2247
1608019790767656624 : Checking image 2 crop y2 3350
1608019790806322800 : Checking image 1 dpi 300
1608019790806428903 : Checking image 1 border top 138
1608019790806462503 : Checking image 1 border bottom 145
1608019790806495504 : Checking image 1 border left 174
1608019790806525605 : Checking image 1 border right 174
1608019790809384162 : Checking image 2 dpi 300
1608019790809476164 : Checking image 2 border top 136
1608019790809506564 : Checking image 2 border bottom 156
1608019790809536465 : Checking image 2 border left 168
1608019790809565666 : Checking image 2 border right 168

</system-out><system-err>--------------------------------- Captured Err ---------------------------------

</system-err></testcase><testcase classname="tests.test_images" name="test_small_wave_png" time="72.694"><system-out>--------------------------------- Captured Log ---------------------------------

--------------------------------- Captured Out ---------------------------------
/home/runner/work/ocr-book/ocr-book/tests/small_wave.png
1608019776747156720 : Checking separation double page angle 90.63816928841567
1608019776747258922 : Checking separation double page y=0 2497
1608019787882825106 : Checking page rotation 1 0.75
1608019797114459212 : Checking page rotation 2 0.7
1608019799618126527 : Checking image 1 crop x1 323
1608019799618244430 : Checking image 1 crop y1 198
1608019799618279630 : Checking image 1 crop x2 2352
1608019799618312431 : Checking image 1 crop y2 3395
1608019802520737101 : Checking image 2 crop x1 135
1608019802520850504 : Checking image 2 crop y1 223
1608019802520885104 : Checking image 2 crop x2 2164
1608019802520919105 : Checking image 2 crop y2 3419
1608019802557619527 : Checking image 1 dpi 300
1608019802557724530 : Checking image 1 border top 175
1608019802557758930 : Checking image 1 border bottom 115
1608019802557791131 : Checking image 1 border left 215
1608019802557821031 : Checking image 1 border right 215
1608019802560113177 : Checking image 2 dpi 300
1608019802560198278 : Checking image 2 border top 196
1608019802560231079 : Checking image 2 border bottom 95
1608019802560259879 : Checking image 2 border left 215
1608019802560289180 : Checking image 2 border right 215

</system-out><system-err>--------------------------------- Captured Err ---------------------------------

</system-err></testcase><testcase classname="tests.test_images" name="test_crop_too_much_3_png" time="71.740"><system-out>--------------------------------- Captured Log ---------------------------------

--------------------------------- Captured Out ---------------------------------
/home/runner/work/ocr-book/ocr-book/tests/crop_too_much_3.png
1608019835617482862 : Checking separation double page angle 89.52945237729824
1608019835617589264 : Checking separation double page y=0 2497
1608019843794837354 : Checking page rotation 1 -0.8999999999999949
1608019854866886846 : Checking page rotation 2 -0.14999999999999067
1608019858544051793 : Checking image 1 crop x1 374
1608019858544177595 : Checking image 1 crop y1 258
1608019858544214096 : Checking image 1 crop x2 2385
1608019858544244596 : Checking image 1 crop y2 3459
1608019862501931555 : Checking image 2 crop x1 169
1608019862502091358 : Checking image 2 crop y1 228
1608019862502128459 : Checking image 2 crop x2 2182
1608019862502163159 : Checking image 2 crop y2 3417
1608019862544876728 : Checking image 1 dpi 300
1608019862544993831 : Checking image 1 border top 238
1608019862545026431 : Checking image 1 border bottom 48
1608019862545057132 : Checking image 1 border left 224
1608019862545087132 : Checking image 1 border right 224
1608019862547615478 : Checking image 2 dpi 300
1608019862547708179 : Checking image 2 border top 207
1608019862547739180 : Checking image 2 border bottom 90
1608019862547768481 : Checking image 2 border left 223
1608019862547798481 : Checking image 2 border right 223

</system-out><system-err>--------------------------------- Captured Err ---------------------------------

</system-err></testcase><testcase classname="tests.test_images" name="test_wrong_wave_split_line_2_png" time="74.082"><system-out>--------------------------------- Captured Log ---------------------------------

--------------------------------- Captured Out ---------------------------------
/home/runner/work/ocr-book/ocr-book/tests/wrong_wave_split_line_2.png
1608019851511507536 : Checking separation double page angle 90.7708958311329
1608019851511611037 : Checking separation double page y=0 2490
1608019860042766602 : Checking page rotation 1 0.4
1608019870671604841 : Checking page rotation 2 1.8
1608019873572803000 : Checking image 1 crop x1 224
1608019873572918702 : Checking image 1 crop y1 147
1608019873572953703 : Checking image 1 crop x2 2337
1608019873572985903 : Checking image 1 crop y2 3355
1608019876598075051 : Checking image 2 crop x1 107
1608019876598183853 : Checking image 2 crop y1 197
1608019876598231154 : Checking image 2 crop x2 2229
1608019876598262454 : Checking image 2 crop y2 3396
1608019876642134830 : Checking image 1 dpi 300
1608019876642240131 : Checking image 1 border top 133
1608019876642273332 : Checking image 1 border bottom 146
1608019876642305433 : Checking image 1 border left 173
1608019876642335033 : Checking image 1 border right 173
1608019876644690875 : Checking image 2 dpi 300
1608019876644777776 : Checking image 2 border top 167
1608019876644813177 : Checking image 2 border bottom 121
1608019876644842077 : Checking image 2 border left 169
1608019876644871278 : Checking image 2 border right 169

</system-out><system-err>--------------------------------- Captured Err ---------------------------------

</system-err></testcase><testcase classname="tests.test_images" name="test_wrong_wave_split_line_3_png" time="66.917"><system-out>--------------------------------- Captured Log ---------------------------------

--------------------------------- Captured Out ---------------------------------
/home/runner/work/ocr-book/ocr-book/tests/wrong_wave_split_line_3.png
1608019906960581003 : Checking separation double page angle 90.03326063695573
1608019906960691905 : Checking separation double page y=0 2514
1608019916049434893 : Checking page rotation 1 0.05
1608019923789697177 : Checking page rotation 2 0.35
1608019926665884991 : Checking image 1 crop x1 273
1608019926666028394 : Checking image 1 crop y1 220
1608019926666063794 : Checking image 1 crop x2 2383
1608019926666096095 : Checking image 1 crop y2 3423
1608019929437476616 : Checking image 2 crop x1 114
1608019929437600418 : Checking image 2 crop y1 226
1608019929437635718 : Checking image 2 crop x2 2235
1608019929437669719 : Checking image 2 crop y2 3413
1608019929473389010 : Checking image 1 dpi 300
1608019929473507112 : Checking image 1 border top 202
1608019929473540012 : Checking image 1 border bottom 82
1608019929473570913 : Checking image 1 border left 175
1608019929473601913 : Checking image 1 border right 175
1608019929476489561 : Checking image 2 dpi 300
1608019929476588863 : Checking image 2 border top 204
1608019929476619563 : Checking image 2 border bottom 96
1608019929476648664 : Checking image 2 border left 169
1608019929476678164 : Checking image 2 border right 169

</system-out><system-err>--------------------------------- Captured Err ---------------------------------

</system-err></testcase><testcase classname="tests.test_images" name="test_no_split_line_wave_algo_png" time="64.620"><system-out>--------------------------------- Captured Log ---------------------------------

--------------------------------- Captured Out ---------------------------------
/home/runner/work/ocr-book/ocr-book/tests/no_split_line_wave_algo.png
1608019910039854929 : Checking separation double page angle 89.93095154476828
1608019910039965331 : Checking separation double page y=0 2484
1608019916025724995 : Checking page rotation 1 0.0
1608019925357649963 : Checking page rotation 2 -0.49999999999999434
1608019934233508539 : Checking image 1 crop x1 97
1608019934233586941 : Checking image 1 crop y1 27
1608019934233619741 : Checking image 1 crop x2 2486
1608019934233650242 : Checking image 1 crop y2 3505
1608019941200239907 : Checking image 2 crop x1 163
1608019941200351909 : Checking image 2 crop y1 266
1608019941200388509 : Checking image 2 crop x2 2238
1608019941200418510 : Checking image 2 crop y2 3381
1608019941238189326 : Checking image 1 dpi 300
1608019941238304728 : Checking image 1 border top 15
1608019941238338929 : Checking image 1 border bottom 15
1608019941238370229 : Checking image 1 border left 46
1608019941238399530 : Checking image 1 border right 46
1608019941240741768 : Checking image 2 dpi 300
1608019941240819769 : Checking image 2 border top 254
1608019941240851570 : Checking image 2 border bottom 118
1608019941240880470 : Checking image 2 border left 192
1608019941240909271 : Checking image 2 border right 192

</system-out><system-err>--------------------------------- Captured Err ---------------------------------

</system-err></testcase><testcase classname="tests.test_images" name="test_no_split_line_wave_algo_2_png" time="57.008"><system-out>--------------------------------- Captured Log ---------------------------------

--------------------------------- Captured Out ---------------------------------
/home/runner/work/ocr-book/ocr-book/tests/no_split_line_wave_algo_2.png
1608019966254211023 : Checking separation double page angle 90.5
1608019966254319524 : Checking separation double page y=0 2478
1608019973334302296 : Checking page rotation 1 1.1500000000000001
1608019981202804105 : Checking page rotation 2 0.2
1608019983983293452 : Checking image 1 crop x1 266
1608019983983415454 : Checking image 1 crop y1 209
1608019983983450355 : Checking image 1 crop x2 2342
1608019983983483955 : Checking image 1 crop y2 3413
1608019986451082311 : Checking image 2 crop x1 165
1608019986451203313 : Checking image 2 crop y1 241
1608019986451238313 : Checking image 2 crop x2 2248
1608019986451271914 : Checking image 2 crop y2 3433
1608019986487436777 : Checking image 1 dpi 300
1608019986487546278 : Checking image 1 border top 191
1608019986487579079 : Checking image 1 border bottom 92
1608019986487610779 : Checking image 1 border left 192
1608019986487640780 : Checking image 1 border right 192
1608019986490020717 : Checking image 2 dpi 300
1608019986490108718 : Checking image 2 border top 224
1608019986490139119 : Checking image 2 border bottom 71
1608019986490168219 : Checking image 2 border left 188
1608019986490197420 : Checking image 2 border right 188

</system-out><system-err>--------------------------------- Captured Err ---------------------------------

</system-err></testcase><testcase classname="tests.test_images" name="test_crop_too_few_2_png" time="51.353"><system-out>--------------------------------- Captured Log ---------------------------------

--------------------------------- Captured Out ---------------------------------
/home/runner/work/ocr-book/ocr-book/tests/crop_too_few_2.png
1608019974576338073 : Checking separation double page angle 90.3480629671595
1608019974576439475 : Checking separation double page y=0 2534
1608019981824114323 : Checking page rotation 1 1.2000000000000002
1608019987376724413 : Checking page rotation 2 -0.09999999999999377
1608019990200858074 : Checking image 1 crop x1 287
1608019990200977176 : Checking image 1 crop y1 165
1608019990201012676 : Checking image 1 crop x2 2398
1608019990201043277 : Checking image 1 crop y2 3368
1608019992612114726 : Checking image 2 crop x1 148
1608019992612233328 : Checking image 2 crop y1 188
1608019992612267428 : Checking image 2 crop x2 2274
1608019992612299929 : Checking image 2 crop y2 3386
1608019992646145352 : Checking image 1 dpi 300
1608019992646255354 : Checking image 1 border top 140
1608019992646288355 : Checking image 1 border bottom 144
1608019992646320755 : Checking image 1 border left 174
1608019992646351456 : Checking image 1 border right 174
1608019992648642091 : Checking image 2 dpi 300
1608019992648722092 : Checking image 2 border top 175
1608019992648753993 : Checking image 2 border bottom 114
1608019992648783193 : Checking image 2 border left 167
1608019992648812894 : Checking image 2 border right 167

</system-out><system-err>--------------------------------- Captured Err ---------------------------------

</system-err></testcase><testcase classname="tests.test_images" name="test_failed_detect_rectangle_png" time="66.301"><system-out>--------------------------------- Captured Log ---------------------------------

--------------------------------- Captured Out ---------------------------------
/home/runner/work/ocr-book/ocr-book/tests/failed_detect_rectangle.png
1608020029614148207 : Checking separation double page angle 90.22337516213149
1608020029614254508 : Checking separation double page y=0 2474
1608020037420855893 : Checking page rotation 1 0.2
1608020047279047976 : Checking page rotation 2 0.2
1608020049923259305 : Checking image 1 crop x1 257
1608020049923380807 : Checking image 1 crop y1 201
1608020049923415307 : Checking image 1 crop x2 2333
1608020049923446508 : Checking image 1 crop y2 3402
1608020052740295785 : Checking image 2 crop x1 137
1608020052740416487 : Checking image 2 crop y1 215
1608020052740452687 : Checking image 2 crop x2 2220
1608020052740485488 : Checking image 2 crop y2 3406
1608020052783212615 : Checking image 1 dpi 300
1608020052783319816 : Checking image 1 border top 188
1608020052783352817 : Checking image 1 border bottom 97
1608020052783383917 : Checking image 1 border left 192
1608020052783413418 : Checking image 1 border right 192
1608020052785762952 : Checking image 2 dpi 300
1608020052785838153 : Checking image 2 border top 201
1608020052785868454 : Checking image 2 border bottom 95
1608020052785897354 : Checking image 2 border left 188
1608020052785927055 : Checking image 2 border right 188

</system-out><system-err>--------------------------------- Captured Err ---------------------------------

</system-err></testcase><testcase classname="tests.test_images" name="test_single_page_png" time="23.164"><system-out>--------------------------------- Captured Log ---------------------------------

--------------------------------- Captured Out ---------------------------------
/home/runner/work/ocr-book/ocr-book/tests/single_page.png
1608020002894036639 : Checking separation double page angle 90.0
1608020002894151641 : Checking separation double page y=0 2476
1608020007775502664 : Checking page rotation 1 0.0
1608020008270105707 : Checking page rotation 2 0.0
1608020014984415861 : Checking image 1 crop x1 1
1608020014984502262 : Checking image 1 crop y1 8
1608020014984538463 : Checking image 1 crop x2 2470
1608020014984569163 : Checking image 1 crop y2 3505
1608020015510626731 : Checking image 2 crop x1 0
1608020015510695332 : Checking image 2 crop y1 0
1608020015510723632 : Checking image 2 crop x2 0
1608020015510750733 : Checking image 2 crop y2 0
1608020015510821334 : Checking image 1 dpi 300
1608020015510880835 : Checking image 1 border top 5
1608020015510913735 : Checking image 1 border bottom 5
1608020015510943136 : Checking image 1 border left 6
1608020015510972036 : Checking image 1 border right 6
1608020015516800925 : Checking image 2 border top 0
1608020015516867726 : Checking image 2 border bottom 0
1608020015516897026 : Checking image 2 border left 0
1608020015516925326 : Checking image 2 border right 0

</system-out><system-err>--------------------------------- Captured Err ---------------------------------

</system-err></testcase><testcase classname="tests.test_images" name="test_no_split_line_wave_algo_3_png" time="16.990"><system-out>--------------------------------- Captured Log ---------------------------------

--------------------------------- Captured Out ---------------------------------
/home/runner/work/ocr-book/ocr-book/tests/no_split_line_wave_algo_3.png
1608020062809693541 : Checking separation double page angle 90.19999999999999
1608020062809803042 : Checking separation double page y=0 2408
1608020065304655023 : Checking page rotation 1 0.0
1608020065625094977 : Checking page rotation 2 0.15000000000000002
1608020069348514681 : Checking image 1 crop x1 184
1608020069348620482 : Checking image 1 crop y1 2957
1608020069348655783 : Checking image 1 crop x2 2201
1608020069348687983 : Checking image 1 crop y2 3202
1608020069772559621 : Checking image 2 crop x1 0
1608020069772624622 : Checking image 2 crop y1 0
1608020069772653123 : Checking image 2 crop x2 0
1608020069772680723 : Checking image 2 crop y2 0
1608020069772760024 : Checking image 1 dpi 300
1608020069772824125 : Checking image 1 border top 2950
1608020069772855426 : Checking image 1 border bottom 292
1608020069772884926 : Checking image 1 border left 221
1608020069772916127 : Checking image 1 border right 221
1608020069778179503 : Checking image 2 border top 0
1608020069778237404 : Checking image 2 border bottom 0
1608020069778265404 : Checking image 2 border left 0
1608020069778294004 : Checking image 2 border right 0

</system-out><system-err>--------------------------------- Captured Err ---------------------------------

</system-err></testcase></testsuite></testsuites>