<?xml version="1.0" encoding="utf-8"?><testsuites><testsuite errors="0" failures="0" hostname="travis-job-e9b6b01c-eeba-4ae0-8341-3d072e18d231" name="pytest" skipped="1" tests="13" time="1251.973" timestamp="2020-11-08T21:47:32.196671"><testcase classname="tests.test_features" name="test_disabled_enable_debug" time="120.773"><system-out>--------------------------------- Captured Log ---------------------------------

--------------------------------- Captured Out ---------------------------------
/home/travis/build/bansan85/ocr-book/tests/0001_debug.png
separation double page angle 90.46984724993149
separation double page y=0 2481
page rotation 1 0.7000000000000001
page rotation 2 0.2
image 1 crop x1 332
image 1 crop y1 336
image 1 crop x2 2343
image 1 crop y2 3223
image 2 crop x1 169
image 2 crop y1 649
image 2 crop x2 2183
image 2 crop y2 3360
image 1 dpi 300
image 1 border top 325
image 1 border bottom 275
image 1 border left 224
image 1 border right 224
image 2 dpi 300
image 2 border top 672
image 2 border bottom 104
image 2 border left 223
image 2 border right 223

</system-out><system-err>--------------------------------- Captured Err ---------------------------------

</system-err></testcase><testcase classname="tests.test_features" name="test_mock_stop_at_0" time="0.035"><system-out>--------------------------------- Captured Log ---------------------------------

--------------------------------- Captured Out ---------------------------------
/home/travis/build/bansan85/ocr-book/tests/0001_0.png

</system-out><system-err>--------------------------------- Captured Err ---------------------------------

</system-err></testcase><testcase classname="tests.test_features" name="test_mock_stop_at_1" time="91.909"><system-out>--------------------------------- Captured Log ---------------------------------

--------------------------------- Captured Out ---------------------------------
/home/travis/build/bansan85/ocr-book/tests/0001_1.png
separation double page angle 90.46984724993149
separation double page y=0 2481

</system-out><system-err>--------------------------------- Captured Err ---------------------------------

</system-err></testcase><testcase classname="tests.test_features" name="test_mock_stop_at_2" time="119.688"><system-out>--------------------------------- Captured Log ---------------------------------

--------------------------------- Captured Out ---------------------------------
/home/travis/build/bansan85/ocr-book/tests/0001_2.png
separation double page angle 90.46984724993149
separation double page y=0 2481
page rotation 1 0.7000000000000001
page rotation 2 0.2

</system-out><system-err>--------------------------------- Captured Err ---------------------------------

</system-err></testcase><testcase classname="tests.test_features" name="test_mock_stop_at_3" time="117.398"><system-out>--------------------------------- Captured Log ---------------------------------

--------------------------------- Captured Out ---------------------------------
/home/travis/build/bansan85/ocr-book/tests/0001_3.png
separation double page angle 90.46984724993149
separation double page y=0 2481
page rotation 1 0.7000000000000001
page rotation 2 0.2
image 1 crop x1 332
image 1 crop y1 336
image 1 crop x2 2343
image 1 crop y2 3223
image 2 crop x1 169
image 2 crop y1 649
image 2 crop x2 2183
image 2 crop y2 3360

</system-out><system-err>--------------------------------- Captured Err ---------------------------------

</system-err></testcase><testcase classname="tests.test_features" name="test_mock_stop_at_4" time="115.411"><system-out>--------------------------------- Captured Log ---------------------------------

--------------------------------- Captured Out ---------------------------------
/home/travis/build/bansan85/ocr-book/tests/0001_4.png
separation double page angle 90.46984724993149
separation double page y=0 2481
page rotation 1 0.7000000000000001
page rotation 2 0.2
image 1 crop x1 332
image 1 crop y1 336
image 1 crop x2 2343
image 1 crop y2 3223
image 2 crop x1 169
image 2 crop y1 649
image 2 crop x2 2183
image 2 crop y2 3360
image 1 dpi 300
image 1 border top 325
image 1 border bottom 275
image 1 border left 224
image 1 border right 224
image 2 dpi 300
image 2 border top 672
image 2 border bottom 104
image 2 border left 223
image 2 border right 223

</system-out><system-err>--------------------------------- Captured Err ---------------------------------

</system-err></testcase><testcase classname="tests.test_features" name="test_mock_stop_at_5" time="114.118"><system-out>--------------------------------- Captured Log ---------------------------------

--------------------------------- Captured Out ---------------------------------
/home/travis/build/bansan85/ocr-book/tests/0001_5.png
separation double page angle 90.46984724993149
separation double page y=0 2481
page rotation 1 0.7000000000000001
page rotation 2 0.2
image 1 crop x1 332
image 1 crop y1 336
image 1 crop x2 2343
image 1 crop y2 3223
image 2 crop x1 169
image 2 crop y1 649
image 2 crop x2 2183
image 2 crop y2 3360
image 1 dpi 300
image 1 border top 325
image 1 border bottom 275
image 1 border left 224
image 1 border right 224
image 2 dpi 300
image 2 border top 672
image 2 border bottom 104
image 2 border left 223
image 2 border right 223

</system-out><system-err>--------------------------------- Captured Err ---------------------------------

</system-err></testcase><testcase classname="tests.test_images" name="test_0001_png" time="115.103"><system-out>--------------------------------- Captured Log ---------------------------------

--------------------------------- Captured Out ---------------------------------
/home/travis/build/bansan85/ocr-book/tests/0001.png
1604872818561669324 : Checking separation double page angle 90.46984724993149
1604872818561773890 : Checking separation double page y=0 2481
1604872830604379660 : Checking page rotation 1 0.7000000000000001
1604872845526724231 : Checking page rotation 2 0.2
1604872846352504989 : Checking image 1 crop x1 332
1604872846352601598 : Checking image 1 crop y1 336
1604872846352636006 : Checking image 1 crop x2 2343
1604872846352668537 : Checking image 1 crop y2 3223
1604872847195665900 : Checking image 2 crop x1 169
1604872847195765282 : Checking image 2 crop y1 649
1604872847195799551 : Checking image 2 crop x2 2183
1604872847195831813 : Checking image 2 crop y2 3360
1604872847223088839 : Checking image 1 dpi 300
1604872847223217150 : Checking image 1 border top 325
1604872847223250855 : Checking image 1 border bottom 275
1604872847223278005 : Checking image 1 border left 224
1604872847223303807 : Checking image 1 border right 224
1604872847225345451 : Checking image 2 dpi 300
1604872847225479018 : Checking image 2 border top 672
1604872847225507780 : Checking image 2 border bottom 104
1604872847225536248 : Checking image 2 border left 223
1604872847225575290 : Checking image 2 border right 223

</system-out><system-err>--------------------------------- Captured Err ---------------------------------

</system-err></testcase><testcase classname="tests.test_images" name="test_2_pages_2_contours_png" time="56.363"><system-out>--------------------------------- Captured Log ---------------------------------

--------------------------------- Captured Out ---------------------------------
/home/travis/build/bansan85/ocr-book/tests/2-pages-2-contours.png
1604872888272171749 : Checking separation double page angle 90.10760157487184
1604872888272275030 : Checking separation double page y=0 2486
1604872890447235392 : Checking page rotation 1 0.05
1604872902206122441 : Checking page rotation 2 0.35000000000000003
1604872902839093807 : Checking image 1 crop x1 1186
1604872902839159404 : Checking image 1 crop y1 1720
1604872902839187242 : Checking image 1 crop x2 1187
1604872902839213117 : Checking image 1 crop y2 1721
1604872903572778331 : Checking image 2 crop x1 103
1604872903572869362 : Checking image 2 crop y1 241
1604872903572902849 : Checking image 2 crop x2 2148
1604872903572935373 : Checking image 2 crop y2 3239
1604872903599705457 : Checking image 1 dpi 300
1604872903599795475 : Checking image 1 border top 1752
1604872903599824623 : Checking image 1 border bottom 1753
1604872903599851063 : Checking image 1 border left 1239
1604872903599876875 : Checking image 1 border right 1239
1604872903601023196 : Checking image 2 dpi 300
1604872903601131681 : Checking image 2 border top 230
1604872903601160650 : Checking image 2 border bottom 259
1604872903601186889 : Checking image 2 border left 207
1604872903601212240 : Checking image 2 border right 207

</system-out><system-err>--------------------------------- Captured Err ---------------------------------

</system-err></testcase><testcase classname="tests.test_images" name="test_black_border_not_removed_png" time="152.528"><system-out>--------------------------------- Captured Log ---------------------------------

--------------------------------- Captured Out ---------------------------------
/home/travis/build/bansan85/ocr-book/tests/black-border-not-removed.png
1604873021415305856 : Checking separation double page angle 89.95512641330986
1604873021415406484 : Checking separation double page y=0 2453
1604873034604392616 : Checking page rotation 1 0.05
1604873054344260307 : Checking page rotation 2 0.0
1604873055210968146 : Checking image 1 crop x1 299
1604873055211064988 : Checking image 1 crop y1 143
1604873055211098484 : Checking image 1 crop x2 2307
1604873055211130755 : Checking image 1 crop y2 3347
1604873056089392871 : Checking image 2 crop x1 159
1604873056089483183 : Checking image 2 crop y1 146
1604873056089517271 : Checking image 2 crop x2 2170
1604873056089550474 : Checking image 2 crop y2 3351
1604873056118402012 : Checking image 1 dpi 300
1604873056118529300 : Checking image 1 border top 128
1604873056118559853 : Checking image 1 border bottom 155
1604873056118586843 : Checking image 1 border left 226
1604873056118612226 : Checking image 1 border right 226
1604873056120781533 : Checking image 2 dpi 300
1604873056120911743 : Checking image 2 border top 131
1604873056120940094 : Checking image 2 border bottom 151
1604873056120966238 : Checking image 2 border left 224
1604873056120991771 : Checking image 2 border right 224

</system-out><system-err>--------------------------------- Captured Err ---------------------------------

</system-err></testcase><testcase classname="tests.test_images" name="test_image_failed_to_rotate_png" time="159.820"><system-out>--------------------------------- Captured Log ---------------------------------

--------------------------------- Captured Out ---------------------------------
/home/travis/build/bansan85/ocr-book/tests/image_failed_to_rotate.png
1604873123230834493 : Checking separation double page angle 90.22029479023824
1604873123231013230 : Checking separation double page y=0 2481
1604873137854876910 : Checking page rotation 1 0.4
1604873151793450637 : Checking page rotation 2 0.5
1604873214853300521 : Checking image 1 crop x1 82
1604873214853529968 : Checking image 1 crop y1 3
1604873214853562565 : Checking image 1 crop x2 2479
1604873214853591460 : Checking image 1 crop y2 3501
1604873215828231341 : Checking image 2 crop x1 173
1604873215828327185 : Checking image 2 crop y1 236
1604873215828360871 : Checking image 2 crop x2 2249
1604873215828392774 : Checking image 2 crop y2 3354
1604873215862113668 : Checking image 1 dpi 300
1604873215862236843 : Checking image 1 border top 5
1604873215862266759 : Checking image 1 border bottom 5
1604873215862293423 : Checking image 1 border left 42
1604873215862319497 : Checking image 1 border right 42
1604873215864492695 : Checking image 2 dpi 300
1604873215864610517 : Checking image 2 border top 228
1604873215864639028 : Checking image 2 border bottom 141
1604873215864684681 : Checking image 2 border left 192
1604873215864710688 : Checking image 2 border right 192

</system-out><system-err>--------------------------------- Captured Err ---------------------------------

</system-err></testcase><testcase classname="tests.test_images" name="test_image_failed_to_crop_data_png" time="87.078"><system-out>--------------------------------- Captured Log ---------------------------------

--------------------------------- Captured Out ---------------------------------
/home/travis/build/bansan85/ocr-book/tests/image_failed_to_crop_data.png
1604873269185720366 : Checking separation double page angle 90.07196620834475
1604873269185819962 : Checking separation double page y=0 2483
1604873276730174571 : Checking page rotation 1 0.2
1604873287790359212 : Checking page rotation 2 0.05
1604873302086927424 : Checking image 1 crop x1 52
1604873302087026746 : Checking image 1 crop y1 3
1604873302087056487 : Checking image 1 crop x2 2481
1604873302087085023 : Checking image 1 crop y2 3500
1604873302939334371 : Checking image 2 crop x1 160
1604873302939423594 : Checking image 2 crop y1 218
1604873302939456727 : Checking image 2 crop x2 2239
1604873302939488856 : Checking image 2 crop y2 3350
1604873302969078774 : Checking image 1 dpi 300
1604873302969206888 : Checking image 1 border top 5
1604873302969237789 : Checking image 1 border bottom 5
1604873302969264511 : Checking image 1 border left 26
1604873302969290864 : Checking image 1 border right 26
1604873302971109024 : Checking image 2 dpi 300
1604873302971239403 : Checking image 2 border top 210
1604873302971269375 : Checking image 2 border bottom 145
1604873302971296161 : Checking image 2 border left 190
1604873302971321838 : Checking image 2 border right 190

</system-out><system-err>--------------------------------- Captured Err ---------------------------------

</system-err></testcase><testcase classname="tests.test_images" name="test_wrong_angle_split_line_png" time="0.001"><skipped message="Value for brightness and constrast are hardcoded." type="pytest.skip">tests/test_images.py:205: Value for brightness and constrast are hardcoded.</skipped><system-out>--------------------------------- Captured Log ---------------------------------

--------------------------------- Captured Out ---------------------------------

</system-out><system-err>--------------------------------- Captured Err ---------------------------------

</system-err><system-out>--------------------------------- Captured Log ---------------------------------

--------------------------------- Captured Out ---------------------------------

</system-out><system-err>--------------------------------- Captured Err ---------------------------------

</system-err></testcase></testsuite></testsuites>