<?xml version="1.0" encoding="utf-8"?><testsuites><testsuite name="pytest" errors="0" failures="0" skipped="0" tests="36" time="987.859" timestamp="2020-12-27T21:27:50.497908" hostname="fv-az137-914"><testcase classname="tests.test_features" name="test_mock_stop_at_0" time="0.058"><system-out>--------------------------------- Captured Log ---------------------------------

--------------------------------- Captured Out ---------------------------------
/home/runner/work/ocr-book/ocr-book/tests/0001_0.png

</system-out><system-err>--------------------------------- Captured Err ---------------------------------

</system-err></testcase><testcase classname="tests.test_features" name="test_disabled_enable_debug" time="45.254"><system-out>--------------------------------- Captured Log ---------------------------------

--------------------------------- Captured Out ---------------------------------
/home/runner/work/ocr-book/ocr-book/tests/0001_debug.png
separation double page angle 90.5528088189967
separation double page y=0 2485
page rotation 1 0.75
page rotation 2 0.2
image 1 crop x1 330
image 1 crop y1 336
image 1 crop x2 2343
image 1 crop y2 3223
image 2 crop x1 169
image 2 crop y1 648
image 2 crop x2 2186
image 2 crop y2 3361
image 1 dpi 300
image 1 border top 333
image 1 border bottom 266
image 1 border left 223
image 1 border right 223
image 2 dpi 300
image 2 border top 643
image 2 border bottom 131
image 2 border left 221
image 2 border right 221

</system-out><system-err>--------------------------------- Captured Err ---------------------------------

</system-err></testcase><testcase classname="tests.test_features" name="test_mock_stop_at_2" time="40.038"><system-out>--------------------------------- Captured Log ---------------------------------

--------------------------------- Captured Out ---------------------------------
/home/runner/work/ocr-book/ocr-book/tests/0001_2.png
separation double page angle 90.5528088189967
separation double page y=0 2485
page rotation 1 0.75
page rotation 2 0.2

</system-out><system-err>--------------------------------- Captured Err ---------------------------------

</system-err></testcase><testcase classname="tests.test_features" name="test_mock_stop_at_4" time="42.986"><system-out>--------------------------------- Captured Log ---------------------------------

--------------------------------- Captured Out ---------------------------------
/home/runner/work/ocr-book/ocr-book/tests/0001_4.png
separation double page angle 90.5528088189967
separation double page y=0 2485
page rotation 1 0.75
page rotation 2 0.2
image 1 crop x1 330
image 1 crop y1 336
image 1 crop x2 2343
image 1 crop y2 3223
image 2 crop x1 169
image 2 crop y1 648
image 2 crop x2 2186
image 2 crop y2 3361
image 1 dpi 300
image 1 border top 333
image 1 border bottom 266
image 1 border left 223
image 1 border right 223
image 2 dpi 300
image 2 border top 643
image 2 border bottom 131
image 2 border left 221
image 2 border right 221

</system-out><system-err>--------------------------------- Captured Err ---------------------------------

</system-err></testcase><testcase classname="tests.test_features" name="test_mock_stop_at_1" time="27.192"><system-out>--------------------------------- Captured Log ---------------------------------

--------------------------------- Captured Out ---------------------------------
/home/runner/work/ocr-book/ocr-book/tests/0001_1.png
separation double page angle 90.5528088189967
separation double page y=0 2485

</system-out><system-err>--------------------------------- Captured Err ---------------------------------

</system-err></testcase><testcase classname="tests.test_features" name="test_mock_stop_at_3" time="42.926"><system-out>--------------------------------- Captured Log ---------------------------------

--------------------------------- Captured Out ---------------------------------
/home/runner/work/ocr-book/ocr-book/tests/0001_3.png
separation double page angle 90.5528088189967
separation double page y=0 2485
page rotation 1 0.75
page rotation 2 0.2
image 1 crop x1 330
image 1 crop y1 336
image 1 crop x2 2343
image 1 crop y2 3223
image 2 crop x1 169
image 2 crop y1 648
image 2 crop x2 2186
image 2 crop y2 3361

</system-out><system-err>--------------------------------- Captured Err ---------------------------------

</system-err></testcase><testcase classname="tests.test_images" name="test_0001_png" time="54.846"><system-out>--------------------------------- Captured Log ---------------------------------

--------------------------------- Captured Out ---------------------------------
/home/runner/work/ocr-book/ocr-book/tests/0001.png
1609104588053012469 : Checking separation double page angle 90.5528088189967
1609104588053133671 : Checking separation double page y=0 2485
1609104594646957712 : Checking page rotation 1 0.75
1609104602780010074 : Checking page rotation 2 0.2
1609104606155990391 : Checking image 1 crop x1 330
1609104606156120793 : Checking image 1 crop y1 336
1609104606156160093 : Checking image 1 crop x2 2343
1609104606156193694 : Checking image 1 crop y2 3223
1609104609521829336 : Checking image 2 crop x1 169
1609104609521959638 : Checking image 2 crop y1 648
1609104609521999039 : Checking image 2 crop x2 2186
1609104609522032539 : Checking image 2 crop y2 3361
1609104609557361454 : Checking image 1 dpi 300
1609104609557483656 : Checking image 1 border top 333
1609104609557520857 : Checking image 1 border bottom 266
1609104609557556457 : Checking image 1 border left 223
1609104609557590958 : Checking image 1 border right 223
1609104609559705495 : Checking image 2 dpi 300
1609104609559785496 : Checking image 2 border top 643
1609104609559818297 : Checking image 2 border bottom 131
1609104609559849997 : Checking image 2 border left 221
1609104609559882098 : Checking image 2 border right 221

</system-out><system-err>--------------------------------- Captured Err ---------------------------------

</system-err></testcase><testcase classname="tests.test_features" name="test_mock_stop_at_5" time="44.642"><system-out>--------------------------------- Captured Log ---------------------------------

--------------------------------- Captured Out ---------------------------------
/home/runner/work/ocr-book/ocr-book/tests/0001_5.png
separation double page angle 90.5528088189967
separation double page y=0 2485
page rotation 1 0.75
page rotation 2 0.2
image 1 crop x1 330
image 1 crop y1 336
image 1 crop x2 2343
image 1 crop y2 3223
image 2 crop x1 169
image 2 crop y1 648
image 2 crop x2 2186
image 2 crop y2 3361
image 1 dpi 300
image 1 border top 333
image 1 border bottom 266
image 1 border left 223
image 1 border right 223
image 2 dpi 300
image 2 border top 643
image 2 border bottom 131
image 2 border left 221
image 2 border right 221

</system-out><system-err>--------------------------------- Captured Err ---------------------------------

</system-err></testcase><testcase classname="tests.test_images" name="test_black_border_not_removed_png" time="62.448"><system-out>--------------------------------- Captured Log ---------------------------------

--------------------------------- Captured Out ---------------------------------
/home/runner/work/ocr-book/ocr-book/tests/black-border-not-removed.png
1609104644963610231 : Checking separation double page angle 90.033171103531
1609104644963729433 : Checking separation double page y=0 2455
1609104651791336725 : Checking page rotation 1 0.0
1609104662273041685 : Checking page rotation 2 0.0
1609104666743264490 : Checking image 1 crop x1 297
1609104666743395192 : Checking image 1 crop y1 143
1609104666743433993 : Checking image 1 crop x2 2309
1609104666743466793 : Checking image 1 crop y2 3346
1609104671981855565 : Checking image 2 crop x1 159
1609104671981992167 : Checking image 2 crop y1 145
1609104671982033168 : Checking image 2 crop x2 2171
1609104671982072568 : Checking image 2 crop y2 3352
1609104672019844926 : Checking image 1 dpi 300
1609104672019967828 : Checking image 1 border top 132
1609104672020006129 : Checking image 1 border bottom 152
1609104672020052329 : Checking image 1 border left 224
1609104672020083830 : Checking image 1 border right 224
1609104672021839960 : Checking image 2 dpi 300
1609104672021918362 : Checking image 2 border top 132
1609104672021951262 : Checking image 2 border bottom 148
1609104672021982863 : Checking image 2 border left 224
1609104672022014064 : Checking image 2 border right 224

</system-out><system-err>--------------------------------- Captured Err ---------------------------------

</system-err></testcase><testcase classname="tests.test_images" name="test_2_pages_2_contours_png" time="36.678"><system-out>--------------------------------- Captured Log ---------------------------------

--------------------------------- Captured Out ---------------------------------
/home/runner/work/ocr-book/ocr-book/tests/2-pages-2-contours.png
1609104654312463472 : Checking separation double page angle 90.09036871657068
1609104654312593175 : Checking separation double page y=0 2486
1609104656585381481 : Checking page rotation 1 0.05
1609104663097550121 : Checking page rotation 2 0.30000000000000004
1609104664955595676 : Checking image 1 crop x1 1189
1609104664955712178 : Checking image 1 crop y1 1751
1609104664955746579 : Checking image 1 crop x2 1190
1609104664955776980 : Checking image 1 crop y2 1752
1609104668315230049 : Checking image 2 crop x1 101
1609104668315385352 : Checking image 2 crop y1 240
1609104668315427352 : Checking image 2 crop x2 2148
1609104668315464253 : Checking image 2 crop y2 3239
1609104668349273441 : Checking image 1 dpi 300
1609104668349376443 : Checking image 1 border top 1752
1609104668349409844 : Checking image 1 border bottom 1753
1609104668349440844 : Checking image 1 border left 1239
1609104668349471245 : Checking image 1 border right 1239
1609104668350743967 : Checking image 2 dpi 300
1609104668350846169 : Checking image 2 border top 230
1609104668350880869 : Checking image 2 border bottom 258
1609104668350914270 : Checking image 2 border left 206
1609104668350946871 : Checking image 2 border right 206

</system-out><system-err>--------------------------------- Captured Err ---------------------------------

</system-err></testcase><testcase classname="tests.test_images" name="test_wrong_split_line_png" time="44.639"><system-out>--------------------------------- Captured Log ---------------------------------

--------------------------------- Captured Out ---------------------------------
/home/runner/work/ocr-book/ocr-book/tests/wrong_split_line.png
1609104696211032253 : Checking separation double page angle 89.93395720607973
1609104696211143055 : Checking separation double page y=0 2465
1609104701733072958 : Checking page rotation 1 -0.14999999999999067
1609104707617891239 : Checking page rotation 2 0.5
1609104710227028821 : Checking image 1 crop x1 213
1609104710227167123 : Checking image 1 crop y1 157
1609104710227207324 : Checking image 1 crop x2 2323
1609104710227242825 : Checking image 1 crop y2 3362
1609104712947370839 : Checking image 2 crop x1 125
1609104712947505642 : Checking image 2 crop y1 165
1609104712947544842 : Checking image 2 crop x2 2237
1609104712947579743 : Checking image 2 crop y2 3374
1609104712983427466 : Checking image 1 dpi 300
1609104712983535968 : Checking image 1 border top 134
1609104712983570569 : Checking image 1 border bottom 148
1609104712983602270 : Checking image 1 border left 175
1609104712983632670 : Checking image 1 border right 175
1609104712985450602 : Checking image 2 dpi 300
1609104712985528403 : Checking image 2 border top 143
1609104712985561304 : Checking image 2 border bottom 135
1609104712985592104 : Checking image 2 border left 174
1609104712985622405 : Checking image 2 border right 174

</system-out><system-err>--------------------------------- Captured Err ---------------------------------

</system-err></testcase><testcase classname="tests.test_images" name="test_image_failed_to_rotate_png" time="65.310"><system-out>--------------------------------- Captured Log ---------------------------------

--------------------------------- Captured Out ---------------------------------
/home/runner/work/ocr-book/ocr-book/tests/image_failed_to_rotate.png
1609104707945882444 : Checking separation double page angle 90.13063640287984
1609104707946003746 : Checking separation double page y=0 2479
1609104713156177772 : Checking page rotation 1 0.35
1609104720835601565 : Checking page rotation 2 0.45
1609104732591634524 : Checking image 1 crop x1 34
1609104732591769727 : Checking image 1 crop y1 1
1609104732591810728 : Checking image 1 crop x2 2477
1609104732591848428 : Checking image 1 crop y2 3500
1609104737176899868 : Checking image 2 crop x1 167
1609104737177036270 : Checking image 2 crop y1 234
1609104737177076771 : Checking image 2 crop x2 2246
1609104737177114171 : Checking image 2 crop y2 3355
1609104737220706223 : Checking image 1 dpi 300
1609104737220826625 : Checking image 1 border top 4
1609104737220864326 : Checking image 1 border bottom 4
1609104737220897026 : Checking image 1 border left 19
1609104737220928427 : Checking image 1 border right 19
1609104737223237867 : Checking image 2 dpi 300
1609104737223333868 : Checking image 2 border top 218
1609104737223369169 : Checking image 2 border bottom 148
1609104737223403269 : Checking image 2 border left 190
1609104737223437570 : Checking image 2 border right 190

</system-out><system-err>--------------------------------- Captured Err ---------------------------------

</system-err></testcase><testcase classname="tests.test_images" name="test_crop_too_much_png" time="76.314"><system-out>--------------------------------- Captured Log ---------------------------------

--------------------------------- Captured Out ---------------------------------
/home/runner/work/ocr-book/ocr-book/tests/crop_too_much.png
1609104757467490573 : Checking separation double page angle 90.13239409272954
1609104757467594675 : Checking separation double page y=0 2455
1609104767761413822 : Checking page rotation 1 0.0
1609104779299089345 : Checking page rotation 2 0.45
1609104784224967356 : Checking image 1 crop x1 303
1609104784225115558 : Checking image 1 crop y1 148
1609104784225160059 : Checking image 1 crop x2 2313
1609104784225195660 : Checking image 1 crop y2 3351
1609104789230749392 : Checking image 2 crop x1 168
1609104789230890094 : Checking image 2 crop y1 155
1609104789230929695 : Checking image 2 crop x2 2179
1609104789230964395 : Checking image 2 crop y2 3359
1609104789280514857 : Checking image 1 dpi 300
1609104789280640659 : Checking image 1 border top 132
1609104789280678660 : Checking image 1 border bottom 152
1609104789280712661 : Checking image 1 border left 225
1609104789280745361 : Checking image 1 border right 225
1609104789282677095 : Checking image 2 dpi 300
1609104789282771997 : Checking image 2 border top 140
1609104789282807297 : Checking image 2 border bottom 143
1609104789282840598 : Checking image 2 border left 224
1609104789282876598 : Checking image 2 border right 224

</system-out><system-err>--------------------------------- Captured Err ---------------------------------

</system-err></testcase><testcase classname="tests.test_images" name="test_image_failed_to_crop_data_png" time="63.374"><system-out>--------------------------------- Captured Log ---------------------------------

--------------------------------- Captured Out ---------------------------------
/home/runner/work/ocr-book/ocr-book/tests/image_failed_to_crop_data.png
1609104770610726803 : Checking separation double page angle 90.053197600644
1609104770610843705 : Checking separation double page y=0 2480
1609104776984282202 : Checking page rotation 1 0.2
1609104783086723666 : Checking page rotation 2 0.0
1609104796407501921 : Checking image 1 crop x1 47
1609104796407646724 : Checking image 1 crop y1 7
1609104796407690324 : Checking image 1 crop x2 2478
1609104796407727725 : Checking image 1 crop y2 3502
1609104800603052597 : Checking image 2 crop x1 160
1609104800603199100 : Checking image 2 crop y1 217
1609104800603239800 : Checking image 2 crop x2 2242
1609104800603277401 : Checking image 2 crop y2 3350
1609104800637929003 : Checking image 1 dpi 300
1609104800638054005 : Checking image 1 border top 6
1609104800638095706 : Checking image 1 border bottom 6
1609104800638130407 : Checking image 1 border left 25
1609104800638164607 : Checking image 1 border right 25
1609104800640463047 : Checking image 2 dpi 300
1609104800640560249 : Checking image 2 border top 206
1609104800640596850 : Checking image 2 border bottom 148
1609104800640630750 : Checking image 2 border left 189
1609104800640664551 : Checking image 2 border right 189

</system-out><system-err>--------------------------------- Captured Err ---------------------------------

</system-err></testcase><testcase classname="tests.test_images" name="test_crop_too_few_png" time="52.689"><system-out>--------------------------------- Captured Log ---------------------------------

--------------------------------- Captured Out ---------------------------------
/home/runner/work/ocr-book/ocr-book/tests/crop_too_few.png
1609104820291313170 : Checking separation double page angle 89.54670238452755
1609104820291432372 : Checking separation double page y=0 2512
1609104828046423474 : Checking page rotation 1 -0.6499999999999977
1609104835139592410 : Checking page rotation 2 0.0
1609104839035009744 : Checking image 1 crop x1 263
1609104839035170446 : Checking image 1 crop y1 150
1609104839035213747 : Checking image 1 crop x2 2377
1609104839035249548 : Checking image 1 crop y2 3357
1609104841960599111 : Checking image 2 crop x1 137
1609104841960747013 : Checking image 2 crop y1 141
1609104841960789014 : Checking image 2 crop x2 2259
1609104841960826014 : Checking image 2 crop y2 3345
1609104841995582416 : Checking image 1 dpi 300
1609104841995705318 : Checking image 1 border top 129
1609104841995743119 : Checking image 1 border bottom 150
1609104841995777220 : Checking image 1 border left 173
1609104841995810120 : Checking image 1 border right 173
1609104841997581751 : Checking image 2 dpi 300
1609104841997669352 : Checking image 2 border top 130
1609104841997706453 : Checking image 2 border bottom 153
1609104841997740254 : Checking image 2 border left 169
1609104841997772954 : Checking image 2 border right 169

</system-out><system-err>--------------------------------- Captured Err ---------------------------------

</system-err></testcase><testcase classname="tests.test_images" name="test_wrong_angle_split_line_png" time="77.332"><system-out>--------------------------------- Captured Log ---------------------------------

--------------------------------- Captured Out ---------------------------------
/home/runner/work/ocr-book/ocr-book/tests/wrong_angle_split_line.png
1609104839839221227 : Checking separation double page angle 90.09193420006348
1609104839839338729 : Checking separation double page y=0 2478
1609104848562223990 : Checking page rotation 1 0.05
1609104857933489293 : Checking page rotation 2 0.0
1609104871950948413 : Checking image 1 crop x1 58
1609104871951100915 : Checking image 1 crop y1 7
1609104871951142716 : Checking image 1 crop x2 2472
1609104871951180117 : Checking image 1 crop y2 3505
1609104877081224458 : Checking image 2 crop x1 163
1609104877081368860 : Checking image 2 crop y1 217
1609104877081409761 : Checking image 2 crop x2 2246
1609104877081447562 : Checking image 2 crop y2 3350
1609104877255866480 : Checking image 1 dpi 300
1609104877255997882 : Checking image 1 border top 5
1609104877256038783 : Checking image 1 border bottom 5
1609104877256073983 : Checking image 1 border left 33
1609104877256108384 : Checking image 1 border right 33
1609104877267375779 : Checking image 2 dpi 300
1609104877267502181 : Checking image 2 border top 206
1609104877267538982 : Checking image 2 border bottom 148
1609104877267573482 : Checking image 2 border left 188
1609104877267607883 : Checking image 2 border right 188

</system-out><system-err>--------------------------------- Captured Err ---------------------------------

</system-err></testcase><testcase classname="tests.test_images" name="test_crop_too_much_2_png" time="96.061"><system-out>--------------------------------- Captured Log ---------------------------------

--------------------------------- Captured Out ---------------------------------
/home/runner/work/ocr-book/ocr-book/tests/crop_too_much_2.png
1609104898736718434 : Checking separation double page angle 90.1149074900787
1609104898736834936 : Checking separation double page y=0 2478
1609104911822210326 : Checking page rotation 1 0.2
1609104927114762993 : Checking page rotation 2 0.2
1609104931900160265 : Checking image 1 crop x1 332
1609104931900309767 : Checking image 1 crop y1 131
1609104931900351368 : Checking image 1 crop x2 2342
1609104931900386768 : Checking image 1 crop y2 3336
1609104937969354635 : Checking image 2 crop x1 162
1609104937969491037 : Checking image 2 crop y1 139
1609104937969530237 : Checking image 2 crop x2 2175
1609104937969564538 : Checking image 2 crop y2 3345
1609104938024204517 : Checking image 1 dpi 300
1609104938024324418 : Checking image 1 border top 119
1609104938024358219 : Checking image 1 border bottom 163
1609104938024389819 : Checking image 1 border left 225
1609104938024420119 : Checking image 1 border right 225
1609104938026155241 : Checking image 2 dpi 300
1609104938026236642 : Checking image 2 border top 130
1609104938026271042 : Checking image 2 border bottom 151
1609104938026312243 : Checking image 2 border left 223
1609104938026346543 : Checking image 2 border right 223

</system-out><system-err>--------------------------------- Captured Err ---------------------------------

</system-err></testcase><testcase classname="tests.test_images" name="test_angle_page_lower_split_line_png" time="59.044"><system-out>--------------------------------- Captured Log ---------------------------------

--------------------------------- Captured Out ---------------------------------
/home/runner/work/ocr-book/ocr-book/tests/angle_page_lower_split_line.png
1609104913276119651 : Checking separation double page angle 89.74927707086691
1609104913276234752 : Checking separation double page y=0 2474
1609104922911558368 : Checking page rotation 1 -0.4000000000000005
1609104930164716029 : Checking page rotation 2 0.2
1609104933662828152 : Checking image 1 crop x1 244
1609104933662965954 : Checking image 1 crop y1 160
1609104933663006454 : Checking image 1 crop x2 2350
1609104933663044655 : Checking image 1 crop y2 3365
1609104937052131834 : Checking image 2 crop x1 150
1609104937052272236 : Checking image 2 crop y1 147
1609104937052313137 : Checking image 2 crop x2 2257
1609104937052350937 : Checking image 2 crop y2 3350
1609104937091208420 : Checking image 1 dpi 300
1609104937091330722 : Checking image 1 border top 144
1609104937091368422 : Checking image 1 border bottom 138
1609104937091403023 : Checking image 1 border left 177
1609104937091437323 : Checking image 1 border right 177
1609104937093952254 : Checking image 2 dpi 300
1609104937094047455 : Checking image 2 border top 130
1609104937094089156 : Checking image 2 border bottom 154
1609104937094123656 : Checking image 2 border left 176
1609104937094157557 : Checking image 2 border right 176

</system-out><system-err>--------------------------------- Captured Err ---------------------------------

</system-err></testcase><testcase classname="tests.test_images" name="test_wrong_wave_split_line_png" time="85.312"><system-out>--------------------------------- Captured Log ---------------------------------

--------------------------------- Captured Out ---------------------------------
/home/runner/work/ocr-book/ocr-book/tests/wrong_wave_split_line.png
1609104983658253537 : Checking separation double page angle 90.37878604107719
1609104983658371239 : Checking separation double page y=0 2500
1609104994574697375 : Checking page rotation 1 -0.14999999999999067
1609105006172041167 : Checking page rotation 2 0.85
1609105013633968551 : Checking image 1 crop x1 385
1609105013634112053 : Checking image 1 crop y1 179
1609105013634152954 : Checking image 1 crop x2 2411
1609105013634188354 : Checking image 1 crop y2 3374
1609105022335139848 : Checking image 2 crop x1 8
1609105022335282150 : Checking image 2 crop y1 0
1609105022335330250 : Checking image 2 crop x2 2415
1609105022335370651 : Checking image 2 crop y2 3505
1609105022391486063 : Checking image 1 dpi 300
1609105022391615464 : Checking image 1 border top 173
1609105022391653365 : Checking image 1 border bottom 119
1609105022391687765 : Checking image 1 border left 217
1609105022391722066 : Checking image 1 border right 217
1609105022394192497 : Checking image 2 dpi 300
1609105022394299598 : Checking image 2 border top 1
1609105022394335599 : Checking image 2 border bottom 1
1609105022394369699 : Checking image 2 border left 37
1609105022394403600 : Checking image 2 border right 37

</system-out><system-err>--------------------------------- Captured Err ---------------------------------

</system-err></testcase><testcase classname="tests.test_images" name="test_wrong_split_line_2_png" time="93.376"><system-out>--------------------------------- Captured Log ---------------------------------

--------------------------------- Captured Out ---------------------------------
/home/runner/work/ocr-book/ocr-book/tests/wrong_split_line_2.png
1609104987759438592 : Checking separation double page angle 90.19944704411863
1609104987759549293 : Checking separation double page y=0 2437
1609105000487465058 : Checking page rotation 1 0.2
1609105016421712465 : Checking page rotation 2 0.4
1609105022839162042 : Checking image 1 crop x1 294
1609105022839317044 : Checking image 1 crop y1 136
1609105022839356644 : Checking image 1 crop x2 2325
1609105022839392345 : Checking image 1 crop y2 3376
1609105031362572579 : Checking image 2 crop x1 140
1609105031362753282 : Checking image 2 crop y1 192
1609105031362794582 : Checking image 2 crop x2 2167
1609105031362833583 : Checking image 2 crop y2 3386
1609105031413896157 : Checking image 1 dpi 300
1609105031414018259 : Checking image 1 border top 131
1609105031414054559 : Checking image 1 border bottom 116
1609105031414088260 : Checking image 1 border left 214
1609105031414120960 : Checking image 1 border right 214
1609105031416189188 : Checking image 2 dpi 300
1609105031416301989 : Checking image 2 border top 183
1609105031416338190 : Checking image 2 border bottom 110
1609105031416371390 : Checking image 2 border left 216
1609105031416403690 : Checking image 2 border right 216

</system-out><system-err>--------------------------------- Captured Err ---------------------------------

</system-err></testcase><testcase classname="tests.test_images" name="test_no_split_line_line_algo_png" time="56.595"><system-out>--------------------------------- Captured Log ---------------------------------

--------------------------------- Captured Out ---------------------------------
/home/runner/work/ocr-book/ocr-book/tests/no_split_line_line_algo.png
1609105057093422477 : Checking separation double page angle 89.47691469185418
1609105057093538579 : Checking separation double page y=0 2476
1609105063276102516 : Checking page rotation 1 -0.14999999999999067
1609105072203802927 : Checking page rotation 2 -0.44999999999999746
1609105074844285907 : Checking image 1 crop x1 205
1609105074844430509 : Checking image 1 crop y1 158
1609105074844471510 : Checking image 1 crop x2 2320
1609105074844509310 : Checking image 1 crop y2 3366
1609105078965870201 : Checking image 2 crop x1 185
1609105078966001103 : Checking image 2 crop y1 221
1609105078966038903 : Checking image 2 crop x2 2201
1609105078966073804 : Checking image 2 crop y2 3366
1609105079009443858 : Checking image 1 dpi 300
1609105079009562160 : Checking image 1 border top 144
1609105079009600460 : Checking image 1 border bottom 134
1609105079009635861 : Checking image 1 border left 172
1609105079009671661 : Checking image 1 border right 172
1609105079012118193 : Checking image 2 dpi 300
1609105079012211194 : Checking image 2 border top 219
1609105079012247394 : Checking image 2 border bottom 123
1609105079012281895 : Checking image 2 border left 222
1609105079012315795 : Checking image 2 border right 222

</system-out><system-err>--------------------------------- Captured Err ---------------------------------

</system-err></testcase><testcase classname="tests.test_images" name="test_small_wave_png" time="76.499"><system-out>--------------------------------- Captured Log ---------------------------------

--------------------------------- Captured Out ---------------------------------
/home/runner/work/ocr-book/ocr-book/tests/small_wave.png
1609105082473711289 : Checking separation double page angle 90.58816928841564
1609105082473824890 : Checking separation double page y=0 2497
1609105092208148231 : Checking page rotation 1 0.65
1609105101465510061 : Checking page rotation 2 0.75
1609105104727569321 : Checking image 1 crop x1 320
1609105104727707223 : Checking image 1 crop y1 199
1609105104727760123 : Checking image 1 crop x2 2353
1609105104727793224 : Checking image 1 crop y2 3394
1609105107874138150 : Checking image 2 crop x1 132
1609105107874271252 : Checking image 2 crop y1 224
1609105107874312953 : Checking image 2 crop x2 2160
1609105107874352353 : Checking image 2 crop y2 3419
1609105107917375506 : Checking image 1 dpi 300
1609105107917492808 : Checking image 1 border top 179
1609105107917529608 : Checking image 1 border bottom 112
1609105107917563409 : Checking image 1 border left 213
1609105107917596509 : Checking image 1 border right 213
1609105107919351432 : Checking image 2 dpi 300
1609105107919434833 : Checking image 2 border top 197
1609105107919469733 : Checking image 2 border bottom 95
1609105107919502934 : Checking image 2 border left 216
1609105107919535534 : Checking image 2 border right 216

</system-out><system-err>--------------------------------- Captured Err ---------------------------------

</system-err></testcase><testcase classname="tests.test_images" name="test_failed_split_line_line_algo_png" time="29.478"><system-out>--------------------------------- Captured Log ---------------------------------

--------------------------------- Captured Out ---------------------------------
/home/runner/work/ocr-book/ocr-book/tests/failed_split_line_line_algo.png
1609105098712335369 : Checking separation double page angle 90.04134220573248
1609105098712456270 : Checking separation double page y=0 2573
1609105102208671306 : Checking page rotation 1 -0.14999999999999067
1609105104563553936 : Checking page rotation 2 0.0
1609105106872336169 : Checking image 1 crop x1 407
1609105106872479671 : Checking image 1 crop y1 2925
1609105106872519971 : Checking image 1 crop x2 2419
1609105106872555072 : Checking image 1 crop y2 3174
1609105108513890876 : Checking image 2 crop x1 1184
1609105108514015478 : Checking image 2 crop y1 1748
1609105108514052778 : Checking image 2 crop x2 1185
1609105108514087279 : Checking image 2 crop y2 1749
1609105108514396783 : Checking image 1 dpi 300
1609105108514482584 : Checking image 1 border top 2922
1609105108514518484 : Checking image 1 border bottom 316
1609105108514552985 : Checking image 1 border left 224
1609105108514586685 : Checking image 1 border right 224
1609105108516462409 : Checking image 2 dpi 300
1609105108516553011 : Checking image 2 border top 1752
1609105108516588411 : Checking image 2 border bottom 1753
1609105108516622311 : Checking image 2 border left 1239
1609105108516655712 : Checking image 2 border right 1239

</system-out><system-err>--------------------------------- Captured Err ---------------------------------

</system-err></testcase><testcase classname="tests.test_images" name="test_wrong_split_line_3_png" time="61.019"><system-out>--------------------------------- Captured Log ---------------------------------

--------------------------------- Captured Out ---------------------------------
/home/runner/work/ocr-book/ocr-book/tests/wrong_split_line_3.png
1609105145711406589 : Checking separation double page angle 90.43729500214694
1609105145711519290 : Checking separation double page y=0 2498
1609105154624532660 : Checking page rotation 1 0.30000000000000004
1609105162007345344 : Checking page rotation 2 0.9
1609105165747509320 : Checking image 1 crop x1 331
1609105165747641022 : Checking image 1 crop y1 165
1609105165747680222 : Checking image 1 crop x2 2375
1609105165747715423 : Checking image 1 crop y2 3376
1609105168921137744 : Checking image 2 crop x1 102
1609105168921270546 : Checking image 2 crop y1 208
1609105168921311547 : Checking image 2 crop x2 2133
1609105168921349147 : Checking image 2 crop y2 3413
1609105168960508148 : Checking image 1 dpi 300
1609105168960619450 : Checking image 1 border top 157
1609105168960655650 : Checking image 1 border bottom 119
1609105168960688651 : Checking image 1 border left 208
1609105168960721351 : Checking image 1 border right 208
1609105168962474173 : Checking image 2 dpi 300
1609105168962566975 : Checking image 2 border top 187
1609105168962599675 : Checking image 2 border bottom 95
1609105168962661076 : Checking image 2 border left 214
1609105168962691776 : Checking image 2 border right 214

</system-out><system-err>--------------------------------- Captured Err ---------------------------------

</system-err></testcase><testcase classname="tests.test_images" name="test_failed_split_line_line_algo_2_png" time="67.414"><system-out>--------------------------------- Captured Log ---------------------------------

--------------------------------- Captured Out ---------------------------------
/home/runner/work/ocr-book/ocr-book/tests/failed_split_line_line_algo_2.png
1609105149488277217 : Checking separation double page angle 90.03068774449687
1609105149488397118 : Checking separation double page y=0 2500
1609105161039564356 : Checking page rotation 1 0.0
1609105169250101555 : Checking page rotation 2 0.6000000000000001
1609105172474055123 : Checking image 1 crop x1 272
1609105172474189625 : Checking image 1 crop y1 149
1609105172474227025 : Checking image 1 crop x2 2383
1609105172474259926 : Checking image 1 crop y2 3353
1609105175861224680 : Checking image 2 crop x1 121
1609105175861375182 : Checking image 2 crop y1 155
1609105175861413082 : Checking image 2 crop x2 2244
1609105175861448183 : Checking image 2 crop y2 3350
1609105175905759550 : Checking image 1 dpi 300
1609105175905874951 : Checking image 1 border top 138
1609105175905909652 : Checking image 1 border bottom 145
1609105175905943052 : Checking image 1 border left 174
1609105175905975953 : Checking image 1 border right 174
1609105175908492585 : Checking image 2 dpi 300
1609105175908593886 : Checking image 2 border top 136
1609105175908629187 : Checking image 2 border bottom 156
1609105175908662987 : Checking image 2 border left 168
1609105175908696588 : Checking image 2 border right 168

</system-out><system-err>--------------------------------- Captured Err ---------------------------------

</system-err></testcase><testcase classname="tests.test_images" name="test_crop_too_much_3_png" time="67.935"><system-out>--------------------------------- Captured Log ---------------------------------

--------------------------------- Captured Out ---------------------------------
/home/runner/work/ocr-book/ocr-book/tests/crop_too_much_3.png
1609105208845983747 : Checking separation double page angle 89.49330634783144
1609105208846095549 : Checking separation double page y=0 2498
1609105216178047225 : Checking page rotation 1 -0.8999999999999949
1609105228251212515 : Checking page rotation 2 -0.14999999999999067
1609105232243376735 : Checking image 1 crop x1 374
1609105232243511737 : Checking image 1 crop y1 258
1609105232243553537 : Checking image 1 crop x2 2385
1609105232243588638 : Checking image 1 crop y2 3459
1609105236837608131 : Checking image 2 crop x1 168
1609105236837741433 : Checking image 2 crop y1 228
1609105236837783234 : Checking image 2 crop x2 2181
1609105236837820434 : Checking image 2 crop y2 3417
1609105236888038678 : Checking image 1 dpi 300
1609105236888153179 : Checking image 1 border top 239
1609105236888189680 : Checking image 1 border bottom 47
1609105236888223480 : Checking image 1 border left 224
1609105236888256581 : Checking image 1 border right 224
1609105236889975403 : Checking image 2 dpi 300
1609105236890059404 : Checking image 2 border top 209
1609105236890093304 : Checking image 2 border bottom 89
1609105236890126505 : Checking image 2 border left 223
1609105236890161505 : Checking image 2 border right 223

</system-out><system-err>--------------------------------- Captured Err ---------------------------------

</system-err></testcase><testcase classname="tests.test_images" name="test_wrong_wave_split_line_2_png" time="73.715"><system-out>--------------------------------- Captured Log ---------------------------------

--------------------------------- Captured Out ---------------------------------
/home/runner/work/ocr-book/ocr-book/tests/wrong_wave_split_line_2.png
1609105218778037763 : Checking separation double page angle 90.7708958311329
1609105218778158465 : Checking separation double page y=0 2490
1609105228411406186 : Checking page rotation 1 0.4
1609105238979268991 : Checking page rotation 2 1.8
1609105242794395450 : Checking image 1 crop x1 224
1609105242794536152 : Checking image 1 crop y1 147
1609105242794576252 : Checking image 1 crop x2 2337
1609105242794638353 : Checking image 1 crop y2 3355
1609105249563240964 : Checking image 2 crop x1 107
1609105249563378066 : Checking image 2 crop y1 197
1609105249563415667 : Checking image 2 crop x2 2229
1609105249563450167 : Checking image 2 crop y2 3396
1609105249615213127 : Checking image 1 dpi 300
1609105249615335229 : Checking image 1 border top 137
1609105249615372829 : Checking image 1 border bottom 142
1609105249615407230 : Checking image 1 border left 173
1609105249615440530 : Checking image 1 border right 173
1609105249617526957 : Checking image 2 dpi 300
1609105249617614458 : Checking image 2 border top 171
1609105249617649258 : Checking image 2 border bottom 116
1609105249617683259 : Checking image 2 border left 169
1609105249617716959 : Checking image 2 border right 169

</system-out><system-err>--------------------------------- Captured Err ---------------------------------

</system-err></testcase><testcase classname="tests.test_images" name="test_wrong_wave_split_line_3_png" time="61.723"><system-out>--------------------------------- Captured Log ---------------------------------

--------------------------------- Captured Out ---------------------------------
/home/runner/work/ocr-book/ocr-book/tests/wrong_wave_split_line_3.png
1609105276563585767 : Checking separation double page angle 90.05826063695574
1609105276563696569 : Checking separation double page y=0 2514
1609105284841269613 : Checking page rotation 1 0.05
1609105291771638818 : Checking page rotation 2 0.30000000000000004
1609105295423146154 : Checking image 1 crop x1 273
1609105295423272756 : Checking image 1 crop y1 220
1609105295423329256 : Checking image 1 crop x2 2383
1609105295423364557 : Checking image 1 crop y2 3423
1609105298586769654 : Checking image 2 crop x1 114
1609105298586901256 : Checking image 2 crop y1 226
1609105298586943556 : Checking image 2 crop x2 2237
1609105298586981257 : Checking image 2 crop y2 3414
1609105298627909081 : Checking image 1 dpi 300
1609105298628020982 : Checking image 1 border top 202
1609105298628055383 : Checking image 1 border bottom 82
1609105298628087083 : Checking image 1 border left 175
1609105298628119284 : Checking image 1 border right 175
1609105298629831906 : Checking image 2 dpi 300
1609105298629908707 : Checking image 2 border top 207
1609105298629941307 : Checking image 2 border bottom 92
1609105298629972407 : Checking image 2 border left 168
1609105298630003008 : Checking image 2 border right 168

</system-out><system-err>--------------------------------- Captured Err ---------------------------------

</system-err></testcase><testcase classname="tests.test_images" name="test_no_split_line_wave_algo_png" time="68.950"><system-out>--------------------------------- Captured Log ---------------------------------

--------------------------------- Captured Out ---------------------------------
/home/runner/work/ocr-book/ocr-book/tests/no_split_line_wave_algo.png
1609105285316110291 : Checking separation double page angle 89.72500000000001
1609105285316225392 : Checking separation double page y=0 2484
1609105292105655793 : Checking page rotation 1 0.0
1609105300297266557 : Checking page rotation 2 -0.49999999999999434
1609105311187102994 : Checking image 1 crop x1 97
1609105311187197395 : Checking image 1 crop y1 79
1609105311187235196 : Checking image 1 crop x2 2494
1609105311187270496 : Checking image 1 crop y2 3505
1609105318489586311 : Checking image 2 crop x1 163
1609105318489722812 : Checking image 2 crop y1 266
1609105318489764613 : Checking image 2 crop x2 2238
1609105318489801713 : Checking image 2 crop y2 3381
1609105318532516963 : Checking image 1 dpi 300
1609105318532626465 : Checking image 1 border top 41
1609105318532661265 : Checking image 1 border bottom 41
1609105318532693566 : Checking image 1 border left 42
1609105318532725066 : Checking image 1 border right 42
1609105318534473089 : Checking image 2 dpi 300
1609105318534553890 : Checking image 2 border top 258
1609105318534587090 : Checking image 2 border bottom 114
1609105318534642691 : Checking image 2 border left 192
1609105318534675791 : Checking image 2 border right 192

</system-out><system-err>--------------------------------- Captured Err ---------------------------------

</system-err></testcase><testcase classname="tests.test_images" name="test_no_split_line_wave_algo_2_png" time="52.971"><system-out>--------------------------------- Captured Log ---------------------------------

--------------------------------- Captured Out ---------------------------------
/home/runner/work/ocr-book/ocr-book/tests/no_split_line_wave_algo_2.png
1609105331260668073 : Checking separation double page angle 90.54999999999998
1609105331260792374 : Checking separation double page y=0 2478
1609105338210682755 : Checking page rotation 1 1.1500000000000001
1609105345338797155 : Checking page rotation 2 0.2
1609105348540789363 : Checking image 1 crop x1 266
1609105348540916365 : Checking image 1 crop y1 209
1609105348540955066 : Checking image 1 crop x2 2342
1609105348540989066 : Checking image 1 crop y2 3413
1609105351559890289 : Checking image 2 crop x1 168
1609105351560025891 : Checking image 2 crop y1 241
1609105351560067492 : Checking image 2 crop x2 2251
1609105351560104492 : Checking image 2 crop y2 3433
1609105351602090364 : Checking image 1 dpi 300
1609105351602211566 : Checking image 1 border top 191
1609105351602248366 : Checking image 1 border bottom 92
1609105351602282067 : Checking image 1 border left 192
1609105351602314767 : Checking image 1 border right 192
1609105351604096592 : Checking image 2 dpi 300
1609105351604184893 : Checking image 2 border top 224
1609105351604219293 : Checking image 2 border bottom 71
1609105351604252894 : Checking image 2 border left 188
1609105351604284994 : Checking image 2 border right 188

</system-out><system-err>--------------------------------- Captured Err ---------------------------------

</system-err></testcase><testcase classname="tests.test_images" name="test_crop_too_few_2_png" time="49.652"><system-out>--------------------------------- Captured Log ---------------------------------

--------------------------------- Captured Out ---------------------------------
/home/runner/work/ocr-book/ocr-book/tests/crop_too_few_2.png
1609105348274693639 : Checking separation double page angle 90.30476192320097
1609105348274803340 : Checking separation double page y=0 2531
1609105354664967556 : Checking page rotation 1 1.2000000000000002
1609105361126883552 : Checking page rotation 2 -0.04999999999999689
1609105364541015062 : Checking image 1 crop x1 287
1609105364541147964 : Checking image 1 crop y1 165
1609105364541203065 : Checking image 1 crop x2 2398
1609105364541239166 : Checking image 1 crop y2 3368
1609105368212475527 : Checking image 2 crop x1 149
1609105368212606829 : Checking image 2 crop y1 189
1609105368212642830 : Checking image 2 crop x2 2273
1609105368212677831 : Checking image 2 crop y2 3386
1609105368249638767 : Checking image 1 dpi 300
1609105368249748168 : Checking image 1 border top 157
1609105368249779469 : Checking image 1 border bottom 127
1609105368249807369 : Checking image 1 border left 174
1609105368249836070 : Checking image 1 border right 174
1609105368251599500 : Checking image 2 dpi 300
1609105368251679102 : Checking image 2 border top 181
1609105368251707802 : Checking image 2 border bottom 109
1609105368251735703 : Checking image 2 border left 168
1609105368251763303 : Checking image 2 border right 168

</system-out><system-err>--------------------------------- Captured Err ---------------------------------

</system-err></testcase><testcase classname="tests.test_images" name="test_failed_detect_rectangle_png" time="67.318"><system-out>--------------------------------- Captured Log ---------------------------------

--------------------------------- Captured Out ---------------------------------
/home/runner/work/ocr-book/ocr-book/tests/failed_detect_rectangle.png
1609105389023090483 : Checking separation double page angle 90.19837516213148
1609105389023206585 : Checking separation double page y=0 2474
1609105399111369861 : Checking page rotation 1 0.2
1609105411847836085 : Checking page rotation 2 0.2
1609105415269666400 : Checking image 1 crop x1 257
1609105415269789503 : Checking image 1 crop y1 201
1609105415269847904 : Checking image 1 crop x2 2333
1609105415269882904 : Checking image 1 crop y2 3402
1609105418863961505 : Checking image 2 crop x1 136
1609105418864095607 : Checking image 2 crop y1 215
1609105418864137808 : Checking image 2 crop x2 2219
1609105418864174608 : Checking image 2 crop y2 3406
1609105418913239349 : Checking image 1 dpi 300
1609105418913354651 : Checking image 1 border top 188
1609105418913418352 : Checking image 1 border bottom 97
1609105418913451853 : Checking image 1 border left 192
1609105418913484453 : Checking image 1 border right 192
1609105418915283784 : Checking image 2 dpi 300
1609105418915369586 : Checking image 2 border top 200
1609105418915407486 : Checking image 2 border bottom 95
1609105418915440287 : Checking image 2 border left 188
1609105418915472987 : Checking image 2 border right 188

</system-out><system-err>--------------------------------- Captured Err ---------------------------------

</system-err></testcase><testcase classname="tests.test_images" name="test_single_page_png" time="26.918"><system-out>--------------------------------- Captured Log ---------------------------------

--------------------------------- Captured Out ---------------------------------
/home/runner/work/ocr-book/ocr-book/tests/single_page.png
1609105380055609917 : Checking separation double page angle 90.04999999999998
1609105380055746419 : Checking separation double page y=0 2476
1609105385473414358 : Checking page rotation 1 0.0
1609105386070172401 : Checking page rotation 2 0.0
1609105394155420451 : Checking image 1 crop x1 1
1609105394155508553 : Checking image 1 crop y1 8
1609105394155543153 : Checking image 1 crop x2 2470
1609105394155576054 : Checking image 1 crop y2 3505
1609105394816456343 : Checking image 2 crop x1 0
1609105394816533445 : Checking image 2 crop y1 0
1609105394816566345 : Checking image 2 crop x2 0
1609105394816597546 : Checking image 2 crop y2 0
1609105394816673947 : Checking image 1 dpi 300
1609105394816743348 : Checking image 1 border top 5
1609105394816777749 : Checking image 1 border bottom 5
1609105394816812249 : Checking image 1 border left 6
1609105394816845950 : Checking image 1 border right 6
1609105394822801753 : Checking image 2 border top 0
1609105394822869954 : Checking image 2 border bottom 0
1609105394822899954 : Checking image 2 border left 0
1609105394822930155 : Checking image 2 border right 0

</system-out><system-err>--------------------------------- Captured Err ---------------------------------

</system-err></testcase><testcase classname="tests.test_images" name="test_wrong_split_line_4_png" time="33.291"><system-out>--------------------------------- Captured Log ---------------------------------

--------------------------------- Captured Out ---------------------------------
/home/runner/work/ocr-book/ocr-book/tests/wrong_split_line_4.png
1609105415252510406 : Checking separation double page angle 91.04999999999998
1609105415252620807 : Checking separation double page y=0 60
1609105415546577360 : Checking page rotation 1 1.05
1609105423858502514 : Checking page rotation 2 1.1500000000000001
1609105424494869621 : Checking image 1 crop x1 0
1609105424494936322 : Checking image 1 crop y1 0
1609105424494966223 : Checking image 1 crop x2 0
1609105424494994423 : Checking image 1 crop y2 0
1609105428457563186 : Checking image 2 crop x1 292
1609105428457679288 : Checking image 2 crop y1 330
1609105428457715989 : Checking image 2 crop x2 2314
1609105428457746690 : Checking image 2 crop y2 3218
1609105428504248289 : Checking image 1 border top 0
1609105428504318090 : Checking image 1 border bottom 0
1609105428504351890 : Checking image 1 border left 0
1609105428504384291 : Checking image 1 border right 0
1609105428504443892 : Checking image 2 dpi 300
1609105428504522093 : Checking image 2 border top 322
1609105428504556194 : Checking image 2 border bottom 277
1609105428504589395 : Checking image 2 border left 219
1609105428504622995 : Checking image 2 border right 219

</system-out><system-err>--------------------------------- Captured Err ---------------------------------

</system-err></testcase><testcase classname="tests.test_images" name="test_no_split_line_wave_algo_3_png" time="20.807"><system-out>--------------------------------- Captured Log ---------------------------------

--------------------------------- Captured Out ---------------------------------
/home/runner/work/ocr-book/ocr-book/tests/no_split_line_wave_algo_3.png
1609105431277697552 : Checking separation double page angle 90.14999999999998
1609105431277827554 : Checking separation double page y=0 2408
1609105434284721615 : Checking page rotation 1 0.0
1609105434662380500 : Checking page rotation 2 0.35
1609105439196342451 : Checking image 1 crop x1 184
1609105439196459353 : Checking image 1 crop y1 2957
1609105439196500254 : Checking image 1 crop x2 2201
1609105439196535255 : Checking image 1 crop y2 3202
1609105439713301528 : Checking image 2 crop x1 0
1609105439713377929 : Checking image 2 crop y1 0
1609105439713410030 : Checking image 2 crop x2 0
1609105439713440730 : Checking image 2 crop y2 0
1609105439713526832 : Checking image 1 dpi 300
1609105439713598333 : Checking image 1 border top 2950
1609105439713632334 : Checking image 1 border bottom 292
1609105439713665534 : Checking image 1 border left 221
1609105439713698635 : Checking image 1 border right 221
1609105439719266431 : Checking image 2 border top 0
1609105439719336232 : Checking image 2 border bottom 0
1609105439719368332 : Checking image 2 border left 0
1609105439719400733 : Checking image 2 border right 0

</system-out><system-err>--------------------------------- Captured Err ---------------------------------

</system-err></testcase><testcase classname="tests.test_images" name="test_failed_split_line_line_algo_3_png" time="27.725"><system-out>--------------------------------- Captured Log ---------------------------------

--------------------------------- Captured Out ---------------------------------
/home/runner/work/ocr-book/ocr-book/tests/failed_split_line_line_algo_3.png
1609105444672724964 : Checking separation double page angle 90.0
1609105444672849366 : Checking separation double page y=0 40
1609105444846901259 : Checking page rotation 1 0.0
1609105449432716988 : Checking page rotation 2 0.0
1609105449846036318 : Checking image 1 crop x1 0
1609105449846107319 : Checking image 1 crop y1 0
1609105449846137820 : Checking image 1 crop x2 0
1609105449846166420 : Checking image 1 crop y2 0
1609105456205494475 : Checking image 2 crop x1 246
1609105456205602177 : Checking image 2 crop y1 154
1609105456205635078 : Checking image 2 crop x2 2259
1609105456205666078 : Checking image 2 crop y2 3361
1609105456244697442 : Checking image 1 border top 0
1609105456244765043 : Checking image 1 border bottom 0
1609105456244796644 : Checking image 1 border left 0
1609105456244826544 : Checking image 1 border right 0
1609105456244881445 : Checking image 2 dpi 300
1609105456244960747 : Checking image 2 border top 146
1609105456244991747 : Checking image 2 border bottom 134
1609105456245022648 : Checking image 2 border left 223
1609105456245054948 : Checking image 2 border right 223

</system-out><system-err>--------------------------------- Captured Err ---------------------------------

</system-err></testcase></testsuite></testsuites>