<?xml version="1.0" encoding="utf-8"?><testsuites><testsuite name="pytest" errors="0" failures="0" skipped="0" tests="36" time="964.369" timestamp="2020-12-22T16:25:59.634482" hostname="fv-az135-139"><testcase classname="tests.test_features" name="test_mock_stop_at_0" time="0.047"><system-out>--------------------------------- Captured Log ---------------------------------

--------------------------------- Captured Out ---------------------------------
/home/runner/work/ocr-book/ocr-book/tests/0001_0.png

</system-out><system-err>--------------------------------- Captured Err ---------------------------------

</system-err></testcase><testcase classname="tests.test_features" name="test_disabled_enable_debug" time="48.029"><system-out>--------------------------------- Captured Log ---------------------------------

--------------------------------- Captured Out ---------------------------------
/home/runner/work/ocr-book/ocr-book/tests/0001_debug.png
separation double page angle 90.5528088189967
separation double page y=0 2485
page rotation 1 0.75
page rotation 2 0.2
image 1 crop x1 330
image 1 crop y1 336
image 1 crop x2 2343
image 1 crop y2 3223
image 2 crop x1 169
image 2 crop y1 648
image 2 crop x2 2186
image 2 crop y2 3361
image 1 dpi 300
image 1 border top 333
image 1 border bottom 266
image 1 border left 223
image 1 border right 223
image 2 dpi 300
image 2 border top 643
image 2 border bottom 131
image 2 border left 221
image 2 border right 221

</system-out><system-err>--------------------------------- Captured Err ---------------------------------

</system-err></testcase><testcase classname="tests.test_features" name="test_mock_stop_at_2" time="43.363"><system-out>--------------------------------- Captured Log ---------------------------------

--------------------------------- Captured Out ---------------------------------
/home/runner/work/ocr-book/ocr-book/tests/0001_2.png
separation double page angle 90.5528088189967
separation double page y=0 2485
page rotation 1 0.75
page rotation 2 0.2

</system-out><system-err>--------------------------------- Captured Err ---------------------------------

</system-err></testcase><testcase classname="tests.test_features" name="test_mock_stop_at_4" time="46.850"><system-out>--------------------------------- Captured Log ---------------------------------

--------------------------------- Captured Out ---------------------------------
/home/runner/work/ocr-book/ocr-book/tests/0001_4.png
separation double page angle 90.5528088189967
separation double page y=0 2485
page rotation 1 0.75
page rotation 2 0.2
image 1 crop x1 330
image 1 crop y1 336
image 1 crop x2 2343
image 1 crop y2 3223
image 2 crop x1 169
image 2 crop y1 648
image 2 crop x2 2186
image 2 crop y2 3361
image 1 dpi 300
image 1 border top 333
image 1 border bottom 266
image 1 border left 223
image 1 border right 223
image 2 dpi 300
image 2 border top 643
image 2 border bottom 131
image 2 border left 221
image 2 border right 221

</system-out><system-err>--------------------------------- Captured Err ---------------------------------

</system-err></testcase><testcase classname="tests.test_features" name="test_mock_stop_at_1" time="28.205"><system-out>--------------------------------- Captured Log ---------------------------------

--------------------------------- Captured Out ---------------------------------
/home/runner/work/ocr-book/ocr-book/tests/0001_1.png
separation double page angle 90.5528088189967
separation double page y=0 2485

</system-out><system-err>--------------------------------- Captured Err ---------------------------------

</system-err></testcase><testcase classname="tests.test_features" name="test_mock_stop_at_3" time="43.461"><system-out>--------------------------------- Captured Log ---------------------------------

--------------------------------- Captured Out ---------------------------------
/home/runner/work/ocr-book/ocr-book/tests/0001_3.png
separation double page angle 90.5528088189967
separation double page y=0 2485
page rotation 1 0.75
page rotation 2 0.2
image 1 crop x1 330
image 1 crop y1 336
image 1 crop x2 2343
image 1 crop y2 3223
image 2 crop x1 169
image 2 crop y1 648
image 2 crop x2 2186
image 2 crop y2 3361

</system-out><system-err>--------------------------------- Captured Err ---------------------------------

</system-err></testcase><testcase classname="tests.test_images" name="test_0001_png" time="55.970"><system-out>--------------------------------- Captured Log ---------------------------------

--------------------------------- Captured Out ---------------------------------
/home/runner/work/ocr-book/ocr-book/tests/0001.png
1608654484068457209 : Checking separation double page angle 90.5528088189967
1608654484068610310 : Checking separation double page y=0 2485
1608654491232181952 : Checking page rotation 1 0.75
1608654499074350929 : Checking page rotation 2 0.2
1608654503080714051 : Checking image 1 crop x1 330
1608654503080830151 : Checking image 1 crop y1 336
1608654503080870851 : Checking image 1 crop x2 2343
1608654503080908352 : Checking image 1 crop y2 3223
1608654507011704631 : Checking image 2 crop x1 169
1608654507011813531 : Checking image 2 crop y1 648
1608654507011857332 : Checking image 2 crop x2 2186
1608654507011896132 : Checking image 2 crop y2 3361
1608654507045244767 : Checking image 1 dpi 300
1608654507045324267 : Checking image 1 border top 333
1608654507045363167 : Checking image 1 border bottom 266
1608654507045398068 : Checking image 1 border left 223
1608654507045431568 : Checking image 1 border right 223
1608654507047338776 : Checking image 2 dpi 300
1608654507047411576 : Checking image 2 border top 643
1608654507047448476 : Checking image 2 border bottom 131
1608654507047479476 : Checking image 2 border left 221
1608654507047510376 : Checking image 2 border right 221

</system-out><system-err>--------------------------------- Captured Err ---------------------------------

</system-err></testcase><testcase classname="tests.test_features" name="test_mock_stop_at_5" time="47.282"><system-out>--------------------------------- Captured Log ---------------------------------

--------------------------------- Captured Out ---------------------------------
/home/runner/work/ocr-book/ocr-book/tests/0001_5.png
separation double page angle 90.5528088189967
separation double page y=0 2485
page rotation 1 0.75
page rotation 2 0.2
image 1 crop x1 330
image 1 crop y1 336
image 1 crop x2 2343
image 1 crop y2 3223
image 2 crop x1 169
image 2 crop y1 648
image 2 crop x2 2186
image 2 crop y2 3361
image 1 dpi 300
image 1 border top 333
image 1 border bottom 266
image 1 border left 223
image 1 border right 223
image 2 dpi 300
image 2 border top 643
image 2 border bottom 131
image 2 border left 221
image 2 border right 221

</system-out><system-err>--------------------------------- Captured Err ---------------------------------

</system-err></testcase><testcase classname="tests.test_images" name="test_black_border_not_removed_png" time="62.724"><system-out>--------------------------------- Captured Log ---------------------------------

--------------------------------- Captured Out ---------------------------------
/home/runner/work/ocr-book/ocr-book/tests/black-border-not-removed.png
1608654543176291444 : Checking separation double page angle 90.033171103531
1608654543176390344 : Checking separation double page y=0 2455
1608654548487332897 : Checking page rotation 1 0.0
1608654558330748929 : Checking page rotation 2 0.0
1608654563330048441 : Checking image 1 crop x1 297
1608654563330157842 : Checking image 1 crop y1 143
1608654563330197242 : Checking image 1 crop x2 2309
1608654563330233742 : Checking image 1 crop y2 3346
1608654569741012877 : Checking image 2 crop x1 159
1608654569741136977 : Checking image 2 crop y1 145
1608654569741175977 : Checking image 2 crop x2 2171
1608654569741212078 : Checking image 2 crop y2 3352
1608654569775029396 : Checking image 1 dpi 300
1608654569775206497 : Checking image 1 border top 132
1608654569775248697 : Checking image 1 border bottom 152
1608654569775285197 : Checking image 1 border left 224
1608654569775337698 : Checking image 1 border right 224
1608654569778030007 : Checking image 2 dpi 300
1608654569778106307 : Checking image 2 border top 132
1608654569778141107 : Checking image 2 border bottom 148
1608654569778173508 : Checking image 2 border left 224
1608654569778224108 : Checking image 2 border right 224

</system-out><system-err>--------------------------------- Captured Err ---------------------------------

</system-err></testcase><testcase classname="tests.test_images" name="test_2_pages_2_contours_png" time="36.162"><system-out>--------------------------------- Captured Log ---------------------------------

--------------------------------- Captured Out ---------------------------------
/home/runner/work/ocr-book/ocr-book/tests/2-pages-2-contours.png
1608654549137537165 : Checking separation double page angle 90.09036871657068
1608654549137640465 : Checking separation double page y=0 2486
1608654551284791461 : Checking page rotation 1 0.05
1608654558050546327 : Checking page rotation 2 0.30000000000000004
1608654560010986333 : Checking image 1 crop x1 1189
1608654560011078633 : Checking image 1 crop y1 1751
1608654560011129133 : Checking image 1 crop x2 1190
1608654560011158534 : Checking image 1 crop y2 1752
1608654563940565607 : Checking image 2 crop x1 101
1608654563940683607 : Checking image 2 crop y1 240
1608654563940719108 : Checking image 2 crop x2 2148
1608654563940752008 : Checking image 2 crop y2 3239
1608654563973008122 : Checking image 1 dpi 300
1608654563973110022 : Checking image 1 border top 1752
1608654563973141223 : Checking image 1 border bottom 1753
1608654563973169223 : Checking image 1 border left 1239
1608654563973196523 : Checking image 1 border right 1239
1608654563974654528 : Checking image 2 dpi 300
1608654563974710428 : Checking image 2 border top 230
1608654563974756128 : Checking image 2 border bottom 258
1608654563974783628 : Checking image 2 border left 206
1608654563974811229 : Checking image 2 border right 206

</system-out><system-err>--------------------------------- Captured Err ---------------------------------

</system-err></testcase><testcase classname="tests.test_images" name="test_wrong_split_line_png" time="42.393"><system-out>--------------------------------- Captured Log ---------------------------------

--------------------------------- Captured Out ---------------------------------
/home/runner/work/ocr-book/ocr-book/tests/wrong_split_line.png
1608654590957282404 : Checking separation double page angle 89.93395720607973
1608654590957370306 : Checking separation double page y=0 2465
1608654595821794078 : Checking page rotation 1 -0.14999999999999067
1608654600875491168 : Checking page rotation 2 0.5
1608654603560274348 : Checking image 1 crop x1 213
1608654603560382250 : Checking image 1 crop y1 157
1608654603560420950 : Checking image 1 crop x2 2323
1608654603560457151 : Checking image 1 crop y2 3362
1608654606327100402 : Checking image 2 crop x1 125
1608654606327198803 : Checking image 2 crop y1 165
1608654606327232704 : Checking image 2 crop x2 2237
1608654606327279105 : Checking image 2 crop y2 3374
1608654606359746218 : Checking image 1 dpi 300
1608654606359822019 : Checking image 1 border top 134
1608654606359870120 : Checking image 1 border bottom 148
1608654606359898320 : Checking image 1 border left 175
1608654606359926221 : Checking image 1 border right 175
1608654606362681056 : Checking image 2 dpi 300
1608654606362774457 : Checking image 2 border top 143
1608654606362823058 : Checking image 2 border bottom 135
1608654606362867858 : Checking image 2 border left 174
1608654606362912259 : Checking image 2 border right 174

</system-out><system-err>--------------------------------- Captured Err ---------------------------------

</system-err></testcase><testcase classname="tests.test_images" name="test_image_failed_to_rotate_png" time="63.944"><system-out>--------------------------------- Captured Log ---------------------------------

--------------------------------- Captured Out ---------------------------------
/home/runner/work/ocr-book/ocr-book/tests/image_failed_to_rotate.png
1608654602990373370 : Checking separation double page angle 90.13063640287984
1608654602990487572 : Checking separation double page y=0 2479
1608654607792778035 : Checking page rotation 1 0.35
1608654615958264650 : Checking page rotation 2 0.45
1608654627654705720 : Checking image 1 crop x1 34
1608654627654826221 : Checking image 1 crop y1 1
1608654627654883122 : Checking image 1 crop x2 2477
1608654627654917922 : Checking image 1 crop y2 3500
1608654633583966944 : Checking image 2 crop x1 167
1608654633584076445 : Checking image 2 crop y1 234
1608654633584168446 : Checking image 2 crop x2 2246
1608654633584206447 : Checking image 2 crop y2 3355
1608654633624868401 : Checking image 1 dpi 300
1608654633624994402 : Checking image 1 border top 4
1608654633625034103 : Checking image 1 border bottom 4
1608654633625066603 : Checking image 1 border left 19
1608654633625098403 : Checking image 1 border right 19
1608654633627644032 : Checking image 2 dpi 300
1608654633627719933 : Checking image 2 border top 218
1608654633627752433 : Checking image 2 border bottom 148
1608654633627782633 : Checking image 2 border left 190
1608654633627813334 : Checking image 2 border right 190

</system-out><system-err>--------------------------------- Captured Err ---------------------------------

</system-err></testcase><testcase classname="tests.test_images" name="test_crop_too_much_png" time="72.812"><system-out>--------------------------------- Captured Log ---------------------------------

--------------------------------- Captured Out ---------------------------------
/home/runner/work/ocr-book/ocr-book/tests/crop_too_much.png
1608654650368445724 : Checking separation double page angle 90.13239409272954
1608654650368559025 : Checking separation double page y=0 2455
1608654659843679655 : Checking page rotation 1 0.0
1608654669067816452 : Checking page rotation 2 0.45
1608654674141272128 : Checking image 1 crop x1 303
1608654674141427429 : Checking image 1 crop y1 148
1608654674141463730 : Checking image 1 crop x2 2313
1608654674141495530 : Checking image 1 crop y2 3351
1608654679124951500 : Checking image 2 crop x1 168
1608654679125115101 : Checking image 2 crop y1 155
1608654679125170002 : Checking image 2 crop x2 2179
1608654679125204502 : Checking image 2 crop y2 3359
1608654679168933601 : Checking image 1 dpi 300
1608654679169122903 : Checking image 1 border top 132
1608654679169153903 : Checking image 1 border bottom 152
1608654679169182304 : Checking image 1 border left 225
1608654679169209004 : Checking image 1 border right 225
1608654679171564525 : Checking image 2 dpi 300
1608654679171618426 : Checking image 2 border top 140
1608654679171646226 : Checking image 2 border bottom 143
1608654679171672826 : Checking image 2 border left 224
1608654679171701227 : Checking image 2 border right 224

</system-out><system-err>--------------------------------- Captured Err ---------------------------------

</system-err></testcase><testcase classname="tests.test_images" name="test_image_failed_to_crop_data_png" time="60.464"><system-out>--------------------------------- Captured Log ---------------------------------

--------------------------------- Captured Out ---------------------------------
/home/runner/work/ocr-book/ocr-book/tests/image_failed_to_crop_data.png
1608654666018154285 : Checking separation double page angle 90.053197600644
1608654666018257686 : Checking separation double page y=0 2480
1608654671641355760 : Checking page rotation 1 0.2
1608654676791667444 : Checking page rotation 2 0.0
1608654689088338105 : Checking image 1 crop x1 47
1608654689088458606 : Checking image 1 crop y1 7
1608654689088504606 : Checking image 1 crop x2 2478
1608654689088545407 : Checking image 1 crop y2 3502
1608654694098526171 : Checking image 2 crop x1 160
1608654694098653172 : Checking image 2 crop y1 217
1608654694098731173 : Checking image 2 crop x2 2242
1608654694098784374 : Checking image 2 crop y2 3350
1608654694131150953 : Checking image 1 dpi 300
1608654694131235253 : Checking image 1 border top 6
1608654694131272954 : Checking image 1 border bottom 6
1608654694131305254 : Checking image 1 border left 25
1608654694131354554 : Checking image 1 border right 25
1608654694133584874 : Checking image 2 dpi 300
1608654694133638974 : Checking image 2 border top 206
1608654694133672674 : Checking image 2 border bottom 148
1608654694133736875 : Checking image 2 border left 189
1608654694133766875 : Checking image 2 border right 189

</system-out><system-err>--------------------------------- Captured Err ---------------------------------

</system-err></testcase><testcase classname="tests.test_images" name="test_crop_too_few_png" time="46.017"><system-out>--------------------------------- Captured Log ---------------------------------

--------------------------------- Captured Out ---------------------------------
/home/runner/work/ocr-book/ocr-book/tests/crop_too_few.png
1608654707064246345 : Checking separation double page angle 89.54670238452755
1608654707064360646 : Checking separation double page y=0 2512
1608654712899112669 : Checking page rotation 1 -0.6499999999999977
1608654718785275639 : Checking page rotation 2 0.0
1608654722107475436 : Checking image 1 crop x1 263
1608654722107594637 : Checking image 1 crop y1 150
1608654722107635237 : Checking image 1 crop x2 2377
1608654722107672837 : Checking image 1 crop y2 3357
1608654725168818326 : Checking image 2 crop x1 137
1608654725168942427 : Checking image 2 crop y1 141
1608654725168979127 : Checking image 2 crop x2 2259
1608654725169013527 : Checking image 2 crop y2 3345
1608654725201491478 : Checking image 1 dpi 300
1608654725201582879 : Checking image 1 border top 129
1608654725201617879 : Checking image 1 border bottom 150
1608654725201648579 : Checking image 1 border left 173
1608654725201679280 : Checking image 1 border right 173
1608654725204194099 : Checking image 2 dpi 300
1608654725204251299 : Checking image 2 border top 130
1608654725204284700 : Checking image 2 border bottom 153
1608654725204315200 : Checking image 2 border left 169
1608654725204344300 : Checking image 2 border right 169

</system-out><system-err>--------------------------------- Captured Err ---------------------------------

</system-err></testcase><testcase classname="tests.test_images" name="test_wrong_angle_split_line_png" time="71.211"><system-out>--------------------------------- Captured Log ---------------------------------

--------------------------------- Captured Out ---------------------------------
/home/runner/work/ocr-book/ocr-book/tests/wrong_angle_split_line.png
1608654728740951082 : Checking separation double page angle 90.09193420006348
1608654728741058683 : Checking separation double page y=0 2478
1608654736976063187 : Checking page rotation 1 0.05
1608654745513442696 : Checking page rotation 2 0.0
1608654758883928852 : Checking image 1 crop x1 58
1608654758884041253 : Checking image 1 crop y1 7
1608654758884098953 : Checking image 1 crop x2 2472
1608654758884135554 : Checking image 1 crop y2 3505
1608654764507021755 : Checking image 2 crop x1 163
1608654764507131156 : Checking image 2 crop y1 217
1608654764507171356 : Checking image 2 crop x2 2246
1608654764507209657 : Checking image 2 crop y2 3350
1608654764665707145 : Checking image 1 dpi 300
1608654764665801145 : Checking image 1 border top 5
1608654764665838346 : Checking image 1 border bottom 5
1608654764665869346 : Checking image 1 border left 33
1608654764665900446 : Checking image 1 border right 33
1608654764674247203 : Checking image 2 dpi 300
1608654764674392804 : Checking image 2 border top 206
1608654764674426905 : Checking image 2 border bottom 148
1608654764674458205 : Checking image 2 border left 188
1608654764674507205 : Checking image 2 border right 188

</system-out><system-err>--------------------------------- Captured Err ---------------------------------

</system-err></testcase><testcase classname="tests.test_images" name="test_crop_too_much_2_png" time="82.276"><system-out>--------------------------------- Captured Log ---------------------------------

--------------------------------- Captured Out ---------------------------------
/home/runner/work/ocr-book/ocr-book/tests/crop_too_much_2.png
1608654774051834247 : Checking separation double page angle 90.1149074900787
1608654774051944948 : Checking separation double page y=0 2478
1608654785036613035 : Checking page rotation 1 0.2
1608654795690251788 : Checking page rotation 2 0.2
1608654800478961704 : Checking image 1 crop x1 332
1608654800479087405 : Checking image 1 crop y1 131
1608654800479128905 : Checking image 1 crop x2 2342
1608654800479165806 : Checking image 1 crop y2 3336
1608654807378701373 : Checking image 2 crop x1 162
1608654807378811873 : Checking image 2 crop y1 139
1608654807378848973 : Checking image 2 crop x2 2175
1608654807378883474 : Checking image 2 crop y2 3345
1608654807432971408 : Checking image 1 dpi 300
1608654807433079409 : Checking image 1 border top 119
1608654807433118409 : Checking image 1 border bottom 163
1608654807433152509 : Checking image 1 border left 225
1608654807433188709 : Checking image 1 border right 225
1608654807435712325 : Checking image 2 dpi 300
1608654807435775125 : Checking image 2 border top 130
1608654807435808425 : Checking image 2 border bottom 151
1608654807435840326 : Checking image 2 border left 223
1608654807435874026 : Checking image 2 border right 223

</system-out><system-err>--------------------------------- Captured Err ---------------------------------

</system-err></testcase><testcase classname="tests.test_images" name="test_angle_page_lower_split_line_png" time="57.174"><system-out>--------------------------------- Captured Log ---------------------------------

--------------------------------- Captured Out ---------------------------------
/home/runner/work/ocr-book/ocr-book/tests/angle_page_lower_split_line.png
1608654798658288755 : Checking separation double page angle 89.74927707086691
1608654798658378256 : Checking separation double page y=0 2474
1608654807641630397 : Checking page rotation 1 -0.4000000000000005
1608654815145041474 : Checking page rotation 2 0.2
1608654818862443786 : Checking image 1 crop x1 244
1608654818862572887 : Checking image 1 crop y1 160
1608654818862613687 : Checking image 1 crop x2 2350
1608654818862685588 : Checking image 1 crop y2 3365
1608654822549305045 : Checking image 2 crop x1 150
1608654822549415745 : Checking image 2 crop y1 147
1608654822549454345 : Checking image 2 crop x2 2257
1608654822549489946 : Checking image 2 crop y2 3350
1608654822584904358 : Checking image 1 dpi 300
1608654822585056359 : Checking image 1 border top 144
1608654822585098259 : Checking image 1 border bottom 138
1608654822585134359 : Checking image 1 border left 177
1608654822585189059 : Checking image 1 border right 177
1608654822587618974 : Checking image 2 dpi 300
1608654822587678674 : Checking image 2 border top 130
1608654822587728375 : Checking image 2 border bottom 154
1608654822587764575 : Checking image 2 border left 176
1608654822587796375 : Checking image 2 border right 176

</system-out><system-err>--------------------------------- Captured Err ---------------------------------

</system-err></testcase><testcase classname="tests.test_images" name="test_wrong_split_line_2_png" time="85.944"><system-out>--------------------------------- Captured Log ---------------------------------

--------------------------------- Captured Out ---------------------------------
/home/runner/work/ocr-book/ocr-book/tests/wrong_split_line_2.png
1608654853270185201 : Checking separation double page angle 90.19944704411863
1608654853270295902 : Checking separation double page y=0 2437
1608654862163797099 : Checking page rotation 1 0.2
1608654874531017883 : Checking page rotation 2 0.4
1608654882302189625 : Checking image 1 crop x1 294
1608654882302285826 : Checking image 1 crop y1 136
1608654882302317126 : Checking image 1 crop x2 2325
1608654882302345726 : Checking image 1 crop y2 3376
1608654893357179889 : Checking image 2 crop x1 140
1608654893357351090 : Checking image 2 crop y1 192
1608654893357385990 : Checking image 2 crop x2 2167
1608654893357419190 : Checking image 2 crop y2 3386
1608654893411143677 : Checking image 1 dpi 300
1608654893411300378 : Checking image 1 border top 131
1608654893411335478 : Checking image 1 border bottom 116
1608654893411430079 : Checking image 1 border left 214
1608654893411483679 : Checking image 1 border right 214
1608654893414264194 : Checking image 2 dpi 300
1608654893414324394 : Checking image 2 border top 183
1608654893414378194 : Checking image 2 border bottom 110
1608654893414408195 : Checking image 2 border left 216
1608654893414437995 : Checking image 2 border right 216

</system-out><system-err>--------------------------------- Captured Err ---------------------------------

</system-err></testcase><testcase classname="tests.test_images" name="test_wrong_wave_split_line_png" time="83.424"><system-out>--------------------------------- Captured Log ---------------------------------

--------------------------------- Captured Out ---------------------------------
/home/runner/work/ocr-book/ocr-book/tests/wrong_wave_split_line.png
1608654865232848789 : Checking separation double page angle 90.37878604107719
1608654865232949989 : Checking separation double page y=0 2500
1608654876507248295 : Checking page rotation 1 -0.14999999999999067
1608654886469705945 : Checking page rotation 2 0.85
1608654896178733929 : Checking image 1 crop x1 385
1608654896178874830 : Checking image 1 crop y1 179
1608654896178911430 : Checking image 1 crop x2 2411
1608654896178943530 : Checking image 1 crop y2 3374
1608654905948552701 : Checking image 2 crop x1 8
1608654905948728002 : Checking image 2 crop y1 0
1608654905948784003 : Checking image 2 crop x2 2415
1608654905948856703 : Checking image 2 crop y2 3505
1608654905998502264 : Checking image 1 dpi 300
1608654905998625765 : Checking image 1 border top 173
1608654905998662465 : Checking image 1 border bottom 119
1608654905998712165 : Checking image 1 border left 217
1608654905998743065 : Checking image 1 border right 217
1608654906001218779 : Checking image 2 dpi 300
1608654906001305279 : Checking image 2 border top 1
1608654906001340579 : Checking image 2 border bottom 1
1608654906001371379 : Checking image 2 border left 37
1608654906001402979 : Checking image 2 border right 37

</system-out><system-err>--------------------------------- Captured Err ---------------------------------

</system-err></testcase><testcase classname="tests.test_images" name="test_small_wave_png" time="71.314"><system-out>--------------------------------- Captured Log ---------------------------------

--------------------------------- Captured Out ---------------------------------
/home/runner/work/ocr-book/ocr-book/tests/small_wave.png
1608654940328511209 : Checking separation double page angle 90.58816928841564
1608654940328607109 : Checking separation double page y=0 2497
1608654950457073634 : Checking page rotation 1 0.65
1608654958298538904 : Checking page rotation 2 0.75
1608654961621768869 : Checking image 1 crop x1 320
1608654961621883470 : Checking image 1 crop y1 199
1608654961621916470 : Checking image 1 crop x2 2353
1608654961621947070 : Checking image 1 crop y2 3394
1608654964689769223 : Checking image 2 crop x1 132
1608654964689865324 : Checking image 2 crop y1 224
1608654964689916624 : Checking image 2 crop x2 2160
1608654964689949324 : Checking image 2 crop y2 3419
1608654964727505211 : Checking image 1 dpi 300
1608654964727618811 : Checking image 1 border top 179
1608654964727649912 : Checking image 1 border bottom 112
1608654964727676012 : Checking image 1 border left 213
1608654964727701612 : Checking image 1 border right 213
1608654964730676827 : Checking image 2 dpi 300
1608654964730739727 : Checking image 2 border top 197
1608654964730769127 : Checking image 2 border bottom 95
1608654964730796427 : Checking image 2 border left 216
1608654964730840627 : Checking image 2 border right 216

</system-out><system-err>--------------------------------- Captured Err ---------------------------------

</system-err></testcase><testcase classname="tests.test_images" name="test_no_split_line_line_algo_png" time="53.708"><system-out>--------------------------------- Captured Log ---------------------------------

--------------------------------- Captured Out ---------------------------------
/home/runner/work/ocr-book/ocr-book/tests/no_split_line_line_algo.png
1608654938345166642 : Checking separation double page angle 89.47691469185418
1608654938345261342 : Checking separation double page y=0 2476
1608654942792972492 : Checking page rotation 1 -0.14999999999999067
1608654952133093449 : Checking page rotation 2 -0.44999999999999746
1608654954954772490 : Checking image 1 crop x1 205
1608654954954885891 : Checking image 1 crop y1 158
1608654954954926391 : Checking image 1 crop x2 2320
1608654954954962891 : Checking image 1 crop y2 3366
1608654959685826625 : Checking image 2 crop x1 185
1608654959685949725 : Checking image 2 crop y1 221
1608654959686007126 : Checking image 2 crop x2 2201
1608654959686043526 : Checking image 2 crop y2 3366
1608654959727164331 : Checking image 1 dpi 300
1608654959727245531 : Checking image 1 border top 144
1608654959727280631 : Checking image 1 border bottom 134
1608654959727312732 : Checking image 1 border left 172
1608654959727344732 : Checking image 1 border right 172
1608654959729688943 : Checking image 2 dpi 300
1608654959729898644 : Checking image 2 border top 219
1608654959729949645 : Checking image 2 border bottom 123
1608654959729988645 : Checking image 2 border left 222
1608654959730027345 : Checking image 2 border right 222

</system-out><system-err>--------------------------------- Captured Err ---------------------------------

</system-err></testcase><testcase classname="tests.test_images" name="test_failed_split_line_line_algo_png" time="28.883"><system-out>--------------------------------- Captured Log ---------------------------------

--------------------------------- Captured Out ---------------------------------
/home/runner/work/ocr-book/ocr-book/tests/failed_split_line_line_algo.png
1608654978896177291 : Checking separation double page angle 90.04134220573248
1608654978896303092 : Checking separation double page y=0 2573
1608654982494676349 : Checking page rotation 1 -0.14999999999999067
1608654984595021235 : Checking page rotation 2 0.0
1608654987032850056 : Checking image 1 crop x1 407
1608654987032957956 : Checking image 1 crop y1 2925
1608654987032996157 : Checking image 1 crop x2 2419
1608654987033030257 : Checking image 1 crop y2 3174
1608654988642726317 : Checking image 2 crop x1 1184
1608654988642853317 : Checking image 2 crop y1 1748
1608654988642921318 : Checking image 2 crop x2 1185
1608654988642952018 : Checking image 2 crop y2 1749
1608654988643218019 : Checking image 1 dpi 300
1608654988643293819 : Checking image 1 border top 2922
1608654988643364420 : Checking image 1 border bottom 316
1608654988643441520 : Checking image 1 border left 224
1608654988643473920 : Checking image 1 border right 224
1608654988644742826 : Checking image 2 dpi 300
1608654988644811827 : Checking image 2 border top 1752
1608654988644860627 : Checking image 2 border bottom 1753
1608654988644889527 : Checking image 2 border left 1239
1608654988644918227 : Checking image 2 border right 1239

</system-out><system-err>--------------------------------- Captured Err ---------------------------------

</system-err></testcase><testcase classname="tests.test_images" name="test_wrong_split_line_3_png" time="56.718"><system-out>--------------------------------- Captured Log ---------------------------------

--------------------------------- Captured Out ---------------------------------
/home/runner/work/ocr-book/ocr-book/tests/wrong_split_line_3.png
1608654998590916012 : Checking separation double page angle 90.43729500214694
1608654998591010113 : Checking separation double page y=0 2498
1608655008965852768 : Checking page rotation 1 0.30000000000000004
1608655014521583702 : Checking page rotation 2 0.9
1608655018230767205 : Checking image 1 crop x1 331
1608655018230870105 : Checking image 1 crop y1 165
1608655018230902406 : Checking image 1 crop x2 2375
1608655018230934006 : Checking image 1 crop y2 3376
1608655021431988941 : Checking image 2 crop x1 102
1608655021432129142 : Checking image 2 crop y1 208
1608655021432181142 : Checking image 2 crop x2 2133
1608655021432214042 : Checking image 2 crop y2 3413
1608655021468715717 : Checking image 1 dpi 300
1608655021468808117 : Checking image 1 border top 157
1608655021468840818 : Checking image 1 border bottom 119
1608655021468871818 : Checking image 1 border left 208
1608655021468900618 : Checking image 1 border right 208
1608655021471270329 : Checking image 2 dpi 300
1608655021471319329 : Checking image 2 border top 187
1608655021471350330 : Checking image 2 border bottom 95
1608655021471379830 : Checking image 2 border left 214
1608655021471435830 : Checking image 2 border right 214

</system-out><system-err>--------------------------------- Captured Err ---------------------------------

</system-err></testcase><testcase classname="tests.test_images" name="test_failed_split_line_line_algo_2_png" time="66.889"><system-out>--------------------------------- Captured Log ---------------------------------

--------------------------------- Captured Out ---------------------------------
/home/runner/work/ocr-book/ocr-book/tests/failed_split_line_line_algo_2.png
1608655027373400438 : Checking separation double page angle 90.03068774449687
1608655027373502638 : Checking separation double page y=0 2500
1608655039414088130 : Checking page rotation 1 0.0
1608655048250286072 : Checking page rotation 2 0.6000000000000001
1608655051735752032 : Checking image 1 crop x1 272
1608655051735876533 : Checking image 1 crop y1 149
1608655051735920533 : Checking image 1 crop x2 2383
1608655051735959533 : Checking image 1 crop y2 3353
1608655055454220766 : Checking image 2 crop x1 121
1608655055454347067 : Checking image 2 crop y1 155
1608655055454391667 : Checking image 2 crop x2 2244
1608655055454432667 : Checking image 2 crop y2 3350
1608655055498409875 : Checking image 1 dpi 300
1608655055498553575 : Checking image 1 border top 138
1608655055498598975 : Checking image 1 border bottom 145
1608655055498640476 : Checking image 1 border left 174
1608655055498681876 : Checking image 1 border right 174
1608655055500840786 : Checking image 2 dpi 300
1608655055500915786 : Checking image 2 border top 136
1608655055500955587 : Checking image 2 border bottom 156
1608655055500993587 : Checking image 2 border left 168
1608655055501031887 : Checking image 2 border right 168

</system-out><system-err>--------------------------------- Captured Err ---------------------------------

</system-err></testcase><testcase classname="tests.test_images" name="test_crop_too_much_3_png" time="70.908"><system-out>--------------------------------- Captured Log ---------------------------------

--------------------------------- Captured Out ---------------------------------
/home/runner/work/ocr-book/ocr-book/tests/crop_too_much_3.png
1608655062057440139 : Checking separation double page angle 89.49330634783144
1608655062057557839 : Checking separation double page y=0 2498
1608655071299580696 : Checking page rotation 1 -0.8999999999999949
1608655083343295081 : Checking page rotation 2 -0.14999999999999067
1608655087632575471 : Checking image 1 crop x1 374
1608655087632675971 : Checking image 1 crop y1 258
1608655087632710072 : Checking image 1 crop x2 2385
1608655087632740672 : Checking image 1 crop y2 3459
1608655092319158545 : Checking image 2 crop x1 168
1608655092319262546 : Checking image 2 crop y1 228
1608655092319299047 : Checking image 2 crop x2 2181
1608655092319333847 : Checking image 2 crop y2 3417
1608655092366413278 : Checking image 1 dpi 300
1608655092366495879 : Checking image 1 border top 239
1608655092366529779 : Checking image 1 border bottom 47
1608655092366560380 : Checking image 1 border left 224
1608655092366592180 : Checking image 1 border right 224
1608655092368560302 : Checking image 2 dpi 300
1608655092368631503 : Checking image 2 border top 209
1608655092368663003 : Checking image 2 border bottom 89
1608655092368692504 : Checking image 2 border left 223
1608655092368724004 : Checking image 2 border right 223

</system-out><system-err>--------------------------------- Captured Err ---------------------------------

</system-err></testcase><testcase classname="tests.test_images" name="test_wrong_wave_split_line_2_png" time="74.272"><system-out>--------------------------------- Captured Log ---------------------------------

--------------------------------- Captured Out ---------------------------------
/home/runner/work/ocr-book/ocr-book/tests/wrong_wave_split_line_2.png
1608655100072612397 : Checking separation double page angle 90.7708958311329
1608655100072720298 : Checking separation double page y=0 2490
1608655109765173702 : Checking page rotation 1 0.4
1608655118156605929 : Checking page rotation 2 1.8
1608655122245446489 : Checking image 1 crop x1 224
1608655122245576190 : Checking image 1 crop y1 147
1608655122245624291 : Checking image 1 crop x2 2337
1608655122245667491 : Checking image 1 crop y2 3355
1608655129717219683 : Checking image 2 crop x1 107
1608655129717343684 : Checking image 2 crop y1 197
1608655129717389885 : Checking image 2 crop x2 2229
1608655129717431985 : Checking image 2 crop y2 3396
1608655129767186806 : Checking image 1 dpi 300
1608655129767307007 : Checking image 1 border top 137
1608655129767352008 : Checking image 1 border bottom 142
1608655129767392108 : Checking image 1 border left 173
1608655129767460609 : Checking image 1 border right 173
1608655129769456830 : Checking image 2 dpi 300
1608655129769530530 : Checking image 2 border top 171
1608655129769570731 : Checking image 2 border bottom 116
1608655129769610031 : Checking image 2 border left 169
1608655129769648632 : Checking image 2 border right 169

</system-out><system-err>--------------------------------- Captured Err ---------------------------------

</system-err></testcase><testcase classname="tests.test_images" name="test_wrong_wave_split_line_3_png" time="64.529"><system-out>--------------------------------- Captured Log ---------------------------------

--------------------------------- Captured Out ---------------------------------
/home/runner/work/ocr-book/ocr-book/tests/wrong_wave_split_line_3.png
1608655131606611500 : Checking separation double page angle 90.05826063695574
1608655131606714501 : Checking separation double page y=0 2514
1608655141004876612 : Checking page rotation 1 0.05
1608655149588671499 : Checking page rotation 2 0.30000000000000004
1608655153539569412 : Checking image 1 crop x1 273
1608655153539669113 : Checking image 1 crop y1 220
1608655153539718714 : Checking image 1 crop x2 2383
1608655153539750114 : Checking image 1 crop y2 3423
1608655156859751177 : Checking image 2 crop x1 114
1608655156859892578 : Checking image 2 crop y1 226
1608655156859942279 : Checking image 2 crop x2 2237
1608655156859978079 : Checking image 2 crop y2 3414
1608655156899820175 : Checking image 1 dpi 300
1608655156899911576 : Checking image 1 border top 202
1608655156899948876 : Checking image 1 border bottom 82
1608655156899981877 : Checking image 1 border left 175
1608655156900016277 : Checking image 1 border right 175
1608655156902037797 : Checking image 2 dpi 300
1608655156902093198 : Checking image 2 border top 207
1608655156902126798 : Checking image 2 border bottom 92
1608655156902159198 : Checking image 2 border left 168
1608655156902208899 : Checking image 2 border right 168

</system-out><system-err>--------------------------------- Captured Err ---------------------------------

</system-err></testcase><testcase classname="tests.test_images" name="test_no_split_line_wave_algo_png" time="69.549"><system-out>--------------------------------- Captured Log ---------------------------------

--------------------------------- Captured Out ---------------------------------
/home/runner/work/ocr-book/ocr-book/tests/no_split_line_wave_algo.png
1608655168013232278 : Checking separation double page angle 89.72500000000001
1608655168013361180 : Checking separation double page y=0 2484
1608655173862096969 : Checking page rotation 1 0.0
1608655180648742695 : Checking page rotation 2 -0.49999999999999434
1608655189774970991 : Checking image 1 crop x1 97
1608655189775045192 : Checking image 1 crop y1 79
1608655189775080292 : Checking image 1 crop x2 2494
1608655189775113492 : Checking image 1 crop y2 3505
1608655199251156861 : Checking image 2 crop x1 163
1608655199251272063 : Checking image 2 crop y1 266
1608655199251314663 : Checking image 2 crop x2 2238
1608655199251353663 : Checking image 2 crop y2 3381
1608655199289605615 : Checking image 1 dpi 300
1608655199289743517 : Checking image 1 border top 41
1608655199289779517 : Checking image 1 border bottom 41
1608655199289811117 : Checking image 1 border left 42
1608655199289842118 : Checking image 1 border right 42
1608655199291894536 : Checking image 2 dpi 300
1608655199291973737 : Checking image 2 border top 258
1608655199292009838 : Checking image 2 border bottom 114
1608655199292040938 : Checking image 2 border left 192
1608655199292071938 : Checking image 2 border right 192

</system-out><system-err>--------------------------------- Captured Err ---------------------------------

</system-err></testcase><testcase classname="tests.test_images" name="test_no_split_line_wave_algo_2_png" time="51.394"><system-out>--------------------------------- Captured Log ---------------------------------

--------------------------------- Captured Out ---------------------------------
/home/runner/work/ocr-book/ocr-book/tests/no_split_line_wave_algo_2.png
1608655188341574259 : Checking separation double page angle 90.54999999999998
1608655188341688560 : Checking separation double page y=0 2478
1608655194913379370 : Checking page rotation 1 1.1500000000000001
1608655201897158773 : Checking page rotation 2 0.2
1608655205221103760 : Checking image 1 crop x1 266
1608655205221202961 : Checking image 1 crop y1 209
1608655205221234461 : Checking image 1 crop x2 2342
1608655205221263162 : Checking image 1 crop y2 3413
1608655208272939711 : Checking image 2 crop x1 168
1608655208273042712 : Checking image 2 crop y1 241
1608655208273076012 : Checking image 2 crop x2 2251
1608655208273105413 : Checking image 2 crop y2 3433
1608655208308919137 : Checking image 1 dpi 300
1608655208309017138 : Checking image 1 border top 191
1608655208309050539 : Checking image 1 border bottom 92
1608655208309079439 : Checking image 1 border left 192
1608655208309107339 : Checking image 1 border right 192
1608655208311670762 : Checking image 2 dpi 300
1608655208311742363 : Checking image 2 border top 224
1608655208311774863 : Checking image 2 border bottom 71
1608655208311805264 : Checking image 2 border left 188
1608655208311867464 : Checking image 2 border right 188

</system-out><system-err>--------------------------------- Captured Err ---------------------------------

</system-err></testcase><testcase classname="tests.test_images" name="test_crop_too_few_2_png" time="51.075"><system-out>--------------------------------- Captured Log ---------------------------------

--------------------------------- Captured Out ---------------------------------
/home/runner/work/ocr-book/ocr-book/tests/crop_too_few_2.png
1608655229115462976 : Checking separation double page angle 90.30476192320097
1608655229115564176 : Checking separation double page y=0 2531
1608655236249918986 : Checking page rotation 1 1.2000000000000002
1608655242694688193 : Checking page rotation 2 -0.04999999999999689
1608655246430831977 : Checking image 1 crop x1 287
1608655246430943778 : Checking image 1 crop y1 165
1608655246430983579 : Checking image 1 crop x2 2398
1608655246431021179 : Checking image 1 crop y2 3368
1608655250387793555 : Checking image 2 crop x1 149
1608655250387907356 : Checking image 2 crop y1 189
1608655250387946457 : Checking image 2 crop x2 2273
1608655250387983757 : Checking image 2 crop y2 3386
1608655250423842461 : Checking image 1 dpi 300
1608655250423962762 : Checking image 1 border top 157
1608655250423999063 : Checking image 1 border bottom 127
1608655250424031763 : Checking image 1 border left 174
1608655250424064063 : Checking image 1 border right 174
1608655250426085080 : Checking image 2 dpi 300
1608655250426157481 : Checking image 2 border top 181
1608655250426205581 : Checking image 2 border bottom 109
1608655250426235582 : Checking image 2 border left 168
1608655250426266282 : Checking image 2 border right 168

</system-out><system-err>--------------------------------- Captured Err ---------------------------------

</system-err></testcase><testcase classname="tests.test_images" name="test_failed_detect_rectangle_png" time="65.514"><system-out>--------------------------------- Captured Log ---------------------------------

--------------------------------- Captured Out ---------------------------------
/home/runner/work/ocr-book/ocr-book/tests/failed_detect_rectangle.png
1608655248250818493 : Checking separation double page angle 90.19837516213148
1608655248250961694 : Checking separation double page y=0 2474
1608655256595427787 : Checking page rotation 1 0.2
1608655266405315371 : Checking page rotation 2 0.2
1608655270147658402 : Checking image 1 crop x1 257
1608655270147757303 : Checking image 1 crop y1 201
1608655270147790303 : Checking image 1 crop x2 2333
1608655270147819604 : Checking image 1 crop y2 3402
1608655273774903424 : Checking image 2 crop x1 136
1608655273775016225 : Checking image 2 crop y1 215
1608655273775048625 : Checking image 2 crop x2 2219
1608655273775077225 : Checking image 2 crop y2 3406
1608655273820384897 : Checking image 1 dpi 300
1608655273820456797 : Checking image 1 border top 188
1608655273820506598 : Checking image 1 border bottom 97
1608655273820533998 : Checking image 1 border left 192
1608655273820579298 : Checking image 1 border right 192
1608655273822577215 : Checking image 2 dpi 300
1608655273822621915 : Checking image 2 border top 200
1608655273822649315 : Checking image 2 border bottom 95
1608655273822675116 : Checking image 2 border left 188
1608655273822700916 : Checking image 2 border right 188

</system-out><system-err>--------------------------------- Captured Err ---------------------------------

</system-err></testcase><testcase classname="tests.test_images" name="test_single_page_png" time="26.811"><system-out>--------------------------------- Captured Log ---------------------------------

--------------------------------- Captured Out ---------------------------------
/home/runner/work/ocr-book/ocr-book/tests/single_page.png
1608655262328269482 : Checking separation double page angle 90.04999999999998
1608655262328406884 : Checking separation double page y=0 2476
1608655267807324179 : Checking page rotation 1 0.0
1608655268421409655 : Checking page rotation 2 0.0
1608655275883790692 : Checking image 1 crop x1 1
1608655275883871793 : Checking image 1 crop y1 8
1608655275883907593 : Checking image 1 crop x2 2470
1608655275883945093 : Checking image 1 crop y2 3505
1608655276488473133 : Checking image 2 crop x1 0
1608655276488540233 : Checking image 2 crop y1 0
1608655276488571634 : Checking image 2 crop x2 0
1608655276488601234 : Checking image 2 crop y2 0
1608655276488676234 : Checking image 1 dpi 300
1608655276488742735 : Checking image 1 border top 5
1608655276488797535 : Checking image 1 border bottom 5
1608655276488831436 : Checking image 1 border left 6
1608655276488864336 : Checking image 1 border right 6
1608655276495368389 : Checking image 2 border top 0
1608655276495467890 : Checking image 2 border bottom 0
1608655276495500190 : Checking image 2 border left 0
1608655276495531590 : Checking image 2 border right 0

</system-out><system-err>--------------------------------- Captured Err ---------------------------------

</system-err></testcase><testcase classname="tests.test_images" name="test_no_split_line_wave_algo_3_png" time="20.318"><system-out>--------------------------------- Captured Log ---------------------------------

--------------------------------- Captured Out ---------------------------------
/home/runner/work/ocr-book/ocr-book/tests/no_split_line_wave_algo_3.png
1608655285768177648 : Checking separation double page angle 90.14999999999998
1608655285768274348 : Checking separation double page y=0 2408
1608655288613873550 : Checking page rotation 1 0.0
1608655289046374524 : Checking page rotation 2 0.35
1608655293525701471 : Checking image 1 crop x1 184
1608655293525818772 : Checking image 1 crop y1 2957
1608655293525856073 : Checking image 1 crop x2 2201
1608655293525890773 : Checking image 1 crop y2 3202
1608655294130581497 : Checking image 2 crop x1 0
1608655294130645397 : Checking image 2 crop y1 0
1608655294130677197 : Checking image 2 crop x2 0
1608655294130706798 : Checking image 2 crop y2 0
1608655294130799598 : Checking image 1 dpi 300
1608655294130866299 : Checking image 1 border top 2950
1608655294130902599 : Checking image 1 border bottom 292
1608655294130936499 : Checking image 1 border left 221
1608655294130970100 : Checking image 1 border right 221
1608655294137488352 : Checking image 2 border top 0
1608655294137538552 : Checking image 2 border bottom 0
1608655294137568252 : Checking image 2 border left 0
1608655294137597552 : Checking image 2 border right 0

</system-out><system-err>--------------------------------- Captured Err ---------------------------------

</system-err></testcase><testcase classname="tests.test_images" name="test_wrong_split_line_4_png" time="31.365"><system-out>--------------------------------- Captured Log ---------------------------------

--------------------------------- Captured Out ---------------------------------
/home/runner/work/ocr-book/ocr-book/tests/wrong_split_line_4.png
1608655294694214788 : Checking separation double page angle 91.04999999999998
1608655294694305988 : Checking separation double page y=0 60
1608655294966437157 : Checking page rotation 1 1.05
1608655303525772429 : Checking page rotation 2 1.1500000000000001
1608655304071375324 : Checking image 1 crop x1 0
1608655304071461224 : Checking image 1 crop y1 0
1608655304071493725 : Checking image 1 crop x2 0
1608655304071524825 : Checking image 1 crop y2 0
1608655308590413471 : Checking image 2 crop x1 292
1608655308590515772 : Checking image 2 crop y1 330
1608655308590557172 : Checking image 2 crop x2 2314
1608655308590593973 : Checking image 2 crop y2 3218
1608655308638226645 : Checking image 1 border top 0
1608655308638294446 : Checking image 1 border bottom 0
1608655308638331746 : Checking image 1 border left 0
1608655308638367446 : Checking image 1 border right 0
1608655308638433047 : Checking image 2 dpi 300
1608655308638510347 : Checking image 2 border top 322
1608655308638549048 : Checking image 2 border bottom 277
1608655308638585448 : Checking image 2 border left 219
1608655308638639148 : Checking image 2 border right 219

</system-out><system-err>--------------------------------- Captured Err ---------------------------------

</system-err></testcase><testcase classname="tests.test_images" name="test_failed_split_line_line_algo_3_png" time="27.670"><system-out>--------------------------------- Captured Log ---------------------------------

--------------------------------- Captured Out ---------------------------------
/home/runner/work/ocr-book/ocr-book/tests/failed_split_line_line_algo_3.png
1608655310475301995 : Checking separation double page angle 90.0
1608655310475416896 : Checking separation double page y=0 40
1608655310652326176 : Checking page rotation 1 0.0
1608655314957720967 : Checking page rotation 2 0.0
1608655315404266529 : Checking image 1 crop x1 0
1608655315404823534 : Checking image 1 crop y1 0
1608655315404851534 : Checking image 1 crop x2 0
1608655315404876534 : Checking image 1 crop y2 0
1608655321842409240 : Checking image 2 crop x1 246
1608655321842503541 : Checking image 2 crop y1 154
1608655321842537341 : Checking image 2 crop x2 2259
1608655321842568141 : Checking image 2 crop y2 3361
1608655321879940629 : Checking image 1 border top 0
1608655321879994529 : Checking image 1 border bottom 0
1608655321880021729 : Checking image 1 border left 0
1608655321880047329 : Checking image 1 border right 0
1608655321880092430 : Checking image 2 dpi 300
1608655321880156130 : Checking image 2 border top 146
1608655321880183930 : Checking image 2 border bottom 134
1608655321880210231 : Checking image 2 border left 223
1608655321880237731 : Checking image 2 border right 223

</system-out><system-err>--------------------------------- Captured Err ---------------------------------

</system-err></testcase></testsuite></testsuites>