<?xml version="1.0" encoding="utf-8"?><testsuites><testsuite errors="0" failures="0" hostname="travis-job-47fe019e-a820-4ebf-bdcd-8338927f31c9" name="pytest" skipped="0" tests="12" time="671.750" timestamp="2020-10-27T11:15:18.653468"><testcase classname="tests.test_images" name="test_0001_png" time="60.457"><system-out>--------------------------------- Captured Log ---------------------------------

--------------------------------- Captured Out ---------------------------------
/home/travis/build/bansan85/ocr-book/tests/0001.png
1603797348377611669 : Checking separation double page angle 90.53612386503231
1603797348377695187 : Checking separation double page y=0 2484
1603797361136262526 : Checking page rotation 1 0.7000000000000001
1603797377637776263 : Checking page rotation 2 0.2
1603797378448715843 : Checking image 1 crop x1 332
1603797378448801149 : Checking image 1 crop y1 336
1603797378448835248 : Checking image 1 crop x2 2343
1603797378448867042 : Checking image 1 crop y2 3223
1603797379284934134 : Checking image 2 crop x1 170
1603797379285018718 : Checking image 2 crop y1 649
1603797379285053102 : Checking image 2 crop x2 2184
1603797379285084399 : Checking image 2 crop y2 3360
1603797379312167270 : Checking image 1 dpi 300
1603797379312292084 : Checking image 1 border top 325
1603797379312322405 : Checking image 1 border bottom 275
1603797379312348737 : Checking image 1 border left 224
1603797379312374803 : Checking image 1 border right 224
1603797379314202264 : Checking image 2 dpi 300
1603797379314312460 : Checking image 2 border top 672
1603797379314340486 : Checking image 2 border bottom 104
1603797379314366385 : Checking image 2 border left 223
1603797379314392392 : Checking image 2 border right 223

</system-out><system-err>--------------------------------- Captured Err ---------------------------------

</system-err></testcase><testcase classname="tests.test_images" name="test_2_pages_2_contours_png" time="34.875"><system-out>--------------------------------- Captured Log ---------------------------------

--------------------------------- Captured Out ---------------------------------
/home/travis/build/bansan85/ocr-book/tests/2-pages-2-contours.png
1603797400185990564 : Checking separation double page angle 90.31589922976053
1603797400186115725 : Checking separation double page y=0 2488
1603797402119876269 : Checking page rotation 1 0.0
1603797412820838137 : Checking page rotation 2 0.4
1603797413437226356 : Checking image 1 crop x1 1181
1603797413437288272 : Checking image 1 crop y1 1722
1603797413437315353 : Checking image 1 crop x2 1182
1603797413437341158 : Checking image 1 crop y2 1723
1603797414172784141 : Checking image 2 crop x1 114
1603797414172869786 : Checking image 2 crop y1 241
1603797414172903449 : Checking image 2 crop x2 2159
1603797414172945122 : Checking image 2 crop y2 3239
1603797414200053283 : Checking image 1 dpi 300
1603797414200139733 : Checking image 1 border top 1752
1603797414200168859 : Checking image 1 border bottom 1753
1603797414200195577 : Checking image 1 border left 1239
1603797414200222232 : Checking image 1 border right 1239
1603797414201357847 : Checking image 2 dpi 300
1603797414201460923 : Checking image 2 border top 231
1603797414201490431 : Checking image 2 border bottom 258
1603797414201516615 : Checking image 2 border left 207
1603797414201542765 : Checking image 2 border right 207

</system-out><system-err>--------------------------------- Captured Err ---------------------------------

</system-err></testcase><testcase classname="tests.test_images" name="test_black_border_not_removed_png" time="74.024"><system-out>--------------------------------- Captured Log ---------------------------------

--------------------------------- Captured Out ---------------------------------
/home/travis/build/bansan85/ocr-book/tests/black-border-not-removed.png
1603797453001120300 : Checking separation double page angle 90.01632670636354
1603797453001213033 : Checking separation double page y=0 2455
1603797466089729885 : Checking page rotation 1 0.0
1603797486490631292 : Checking page rotation 2 0.0
1603797487313067507 : Checking image 1 crop x1 298
1603797487313158680 : Checking image 1 crop y1 144
1603797487313192644 : Checking image 1 crop x2 2308
1603797487313224873 : Checking image 1 crop y2 3346
1603797488188758919 : Checking image 2 crop x1 158
1603797488188864440 : Checking image 2 crop y1 146
1603797488188898336 : Checking image 2 crop x2 2169
1603797488188930849 : Checking image 2 crop y2 3351
1603797488218450936 : Checking image 1 dpi 300
1603797488218580475 : Checking image 1 border top 129
1603797488218611179 : Checking image 1 border bottom 156
1603797488218638013 : Checking image 1 border left 225
1603797488218664244 : Checking image 1 border right 225
1603797488220613706 : Checking image 2 dpi 300
1603797488220727945 : Checking image 2 border top 131
1603797488220755817 : Checking image 2 border bottom 151
1603797488220782090 : Checking image 2 border left 224
1603797488220808098 : Checking image 2 border right 224

</system-out><system-err>--------------------------------- Captured Err ---------------------------------

</system-err></testcase><testcase classname="tests.test_images" name="test_image_failed_to_rotate_png" time="121.869"><system-out>--------------------------------- Captured Log ---------------------------------

--------------------------------- Captured Out ---------------------------------
/home/travis/build/bansan85/ocr-book/tests/image_failed_to_rotate.png
1603797529118362843 : Checking separation double page angle 90.49464849303612
1603797529118454296 : Checking separation double page y=0 2487
1603797534595941546 : Checking page rotation 1 0.30000000000000004
1603797548619676166 : Checking page rotation 2 0.45
1603797609000541625 : Checking image 1 crop x1 86
1603797609000645136 : Checking image 1 crop y1 6
1603797609000679932 : Checking image 1 crop x2 2456
1603797609000713236 : Checking image 1 crop y2 3483
1603797609974399064 : Checking image 2 crop x1 183
1603797609974486266 : Checking image 2 crop y1 235
1603797609974535010 : Checking image 2 crop x2 2261
1603797609974568315 : Checking image 2 crop y2 3355
1603797610008543781 : Checking image 1 dpi 300
1603797610008668124 : Checking image 1 border top 15
1603797610008697421 : Checking image 1 border bottom 15
1603797610008723905 : Checking image 1 border left 55
1603797610008750363 : Checking image 1 border right 55
1603797610010834980 : Checking image 2 dpi 300
1603797610010948291 : Checking image 2 border top 207
1603797610010980950 : Checking image 2 border bottom 160
1603797610011009818 : Checking image 2 border left 191
1603797610011036369 : Checking image 2 border right 191

</system-out><system-err>--------------------------------- Captured Err ---------------------------------

</system-err></testcase><testcase classname="tests.test_images" name="test_image_failed_to_crop_data_png" time="73.338"><system-out>--------------------------------- Captured Log ---------------------------------

--------------------------------- Captured Out ---------------------------------
/home/travis/build/bansan85/ocr-book/tests/image_failed_to_crop_data.png
1603797640622935851 : Checking separation double page angle 90.16303976362025
1603797640623027249 : Checking separation double page y=0 2485
1603797647360126144 : Checking page rotation 1 0.0
1603797659155834999 : Checking page rotation 2 0.15000000000000002
1603797682529273443 : Checking image 1 crop x1 116
1603797682529374298 : Checking image 1 crop y1 7
1603797682529408490 : Checking image 1 crop x2 2476
1603797682529440562 : Checking image 1 crop y2 3503
1603797683361369801 : Checking image 2 crop x1 164
1603797683361449328 : Checking image 2 crop y1 220
1603797683361490112 : Checking image 2 crop x2 2241
1603797683361522195 : Checking image 2 crop y2 3348
1603797683391163881 : Checking image 1 dpi 300
1603797683391285544 : Checking image 1 border top 5
1603797683391315116 : Checking image 1 border bottom 5
1603797683391340997 : Checking image 1 border left 55
1603797683391367464 : Checking image 1 border right 55
1603797683393087593 : Checking image 2 dpi 300
1603797683393215340 : Checking image 2 border top 212
1603797683393243817 : Checking image 2 border bottom 147
1603797683393269817 : Checking image 2 border left 191
1603797683393295535 : Checking image 2 border right 191

</system-out><system-err>--------------------------------- Captured Err ---------------------------------

</system-err></testcase><testcase classname="tests.test_images" name="test_disabled_enable_debug" time="50.122"><system-out>--------------------------------- Captured Log ---------------------------------

--------------------------------- Captured Out ---------------------------------
/home/travis/build/bansan85/ocr-book/tests/0001_debug.png
separation double page angle 90.53612386503231
separation double page y=0 2484
page rotation 1 0.7000000000000001
page rotation 2 0.2
image 1 crop x1 332
image 1 crop y1 336
image 1 crop x2 2343
image 1 crop y2 3223
image 2 crop x1 170
image 2 crop y1 649
image 2 crop x2 2184
image 2 crop y2 3360
image 1 dpi 300
image 1 border top 325
image 1 border bottom 275
image 1 border left 224
image 1 border right 224
image 2 dpi 300
image 2 border top 672
image 2 border bottom 104
image 2 border left 223
image 2 border right 223

</system-out><system-err>--------------------------------- Captured Err ---------------------------------

</system-err></testcase><testcase classname="tests.test_images" name="test_mock_stop_at_0" time="0.036"><system-out>--------------------------------- Captured Log ---------------------------------

--------------------------------- Captured Out ---------------------------------
/home/travis/build/bansan85/ocr-book/tests/0001_0.png

</system-out><system-err>--------------------------------- Captured Err ---------------------------------

</system-err></testcase><testcase classname="tests.test_images" name="test_mock_stop_at_1" time="27.034"><system-out>--------------------------------- Captured Log ---------------------------------

--------------------------------- Captured Out ---------------------------------
/home/travis/build/bansan85/ocr-book/tests/0001_1.png
separation double page angle 90.53612386503231
separation double page y=0 2484

</system-out><system-err>--------------------------------- Captured Err ---------------------------------

</system-err></testcase><testcase classname="tests.test_images" name="test_mock_stop_at_2" time="56.789"><system-out>--------------------------------- Captured Log ---------------------------------

--------------------------------- Captured Out ---------------------------------
/home/travis/build/bansan85/ocr-book/tests/0001_2.png
separation double page angle 90.53612386503231
separation double page y=0 2484
page rotation 1 0.7000000000000001
page rotation 2 0.2

</system-out><system-err>--------------------------------- Captured Err ---------------------------------

</system-err></testcase><testcase classname="tests.test_images" name="test_mock_stop_at_3" time="57.521"><system-out>--------------------------------- Captured Log ---------------------------------

--------------------------------- Captured Out ---------------------------------
/home/travis/build/bansan85/ocr-book/tests/0001_3.png
separation double page angle 90.53612386503231
separation double page y=0 2484
page rotation 1 0.7000000000000001
page rotation 2 0.2
image 1 crop x1 332
image 1 crop y1 336
image 1 crop x2 2343
image 1 crop y2 3223
image 2 crop x1 170
image 2 crop y1 649
image 2 crop x2 2184
image 2 crop y2 3360

</system-out><system-err>--------------------------------- Captured Err ---------------------------------

</system-err></testcase><testcase classname="tests.test_images" name="test_mock_stop_at_4" time="57.552"><system-out>--------------------------------- Captured Log ---------------------------------

--------------------------------- Captured Out ---------------------------------
/home/travis/build/bansan85/ocr-book/tests/0001_4.png
separation double page angle 90.53612386503231
separation double page y=0 2484
page rotation 1 0.7000000000000001
page rotation 2 0.2
image 1 crop x1 332
image 1 crop y1 336
image 1 crop x2 2343
image 1 crop y2 3223
image 2 crop x1 170
image 2 crop y1 649
image 2 crop x2 2184
image 2 crop y2 3360
image 1 dpi 300
image 1 border top 325
image 1 border bottom 275
image 1 border left 224
image 1 border right 224
image 2 dpi 300
image 2 border top 672
image 2 border bottom 104
image 2 border left 223
image 2 border right 223

</system-out><system-err>--------------------------------- Captured Err ---------------------------------

</system-err></testcase><testcase classname="tests.test_images" name="test_mock_stop_at_5" time="56.912"><system-out>--------------------------------- Captured Log ---------------------------------

--------------------------------- Captured Out ---------------------------------
/home/travis/build/bansan85/ocr-book/tests/0001_5.png
separation double page angle 90.53612386503231
separation double page y=0 2484
page rotation 1 0.7000000000000001
page rotation 2 0.2
image 1 crop x1 332
image 1 crop y1 336
image 1 crop x2 2343
image 1 crop y2 3223
image 2 crop x1 170
image 2 crop y1 649
image 2 crop x2 2184
image 2 crop y2 3360
image 1 dpi 300
image 1 border top 325
image 1 border bottom 275
image 1 border left 224
image 1 border right 224
image 2 dpi 300
image 2 border top 672
image 2 border bottom 104
image 2 border left 223
image 2 border right 223

</system-out><system-err>--------------------------------- Captured Err ---------------------------------

</system-err></testcase></testsuite></testsuites>