<?xml version="1.0" encoding="utf-8"?><testsuites><testsuite name="pytest" errors="0" failures="0" skipped="0" tests="36" time="649.485" timestamp="2020-12-28T16:29:44.794010" hostname="fv-az136-982"><testcase classname="tests.test_features" name="test_disabled_enable_debug" time="31.089"><system-out>--------------------------------- Captured Log ---------------------------------

--------------------------------- Captured Out ---------------------------------
/home/runner/work/ocr-book/ocr-book/tests/0001_debug.png
separation double page angle 90.5528088189967
separation double page y=0 2485
page rotation 1 0.5499999999999999
page rotation 2 0.2
image 1 crop x1 327
image 1 crop y1 334
image 1 crop x2 2346
image 1 crop y2 3221
image 2 crop x1 169
image 2 crop y1 648
image 2 crop x2 2186
image 2 crop y2 3361
image 1 dpi 300
image 1 border top 332
image 1 border bottom 268
image 1 border left 220
image 1 border right 220
image 2 dpi 300
image 2 border top 643
image 2 border bottom 131
image 2 border left 221
image 2 border right 221

</system-out><system-err>--------------------------------- Captured Err ---------------------------------

</system-err></testcase><testcase classname="tests.test_features" name="test_mock_stop_at_0" time="0.041"><system-out>--------------------------------- Captured Log ---------------------------------

--------------------------------- Captured Out ---------------------------------
/home/runner/work/ocr-book/ocr-book/tests/0001_0.png

</system-out><system-err>--------------------------------- Captured Err ---------------------------------

</system-err></testcase><testcase classname="tests.test_features" name="test_mock_stop_at_2" time="27.612"><system-out>--------------------------------- Captured Log ---------------------------------

--------------------------------- Captured Out ---------------------------------
/home/runner/work/ocr-book/ocr-book/tests/0001_2.png
separation double page angle 90.5528088189967
separation double page y=0 2485
page rotation 1 0.5499999999999999
page rotation 2 0.2

</system-out><system-err>--------------------------------- Captured Err ---------------------------------

</system-err></testcase><testcase classname="tests.test_features" name="test_mock_stop_at_4" time="30.078"><system-out>--------------------------------- Captured Log ---------------------------------

--------------------------------- Captured Out ---------------------------------
/home/runner/work/ocr-book/ocr-book/tests/0001_4.png
separation double page angle 90.5528088189967
separation double page y=0 2485
page rotation 1 0.5499999999999999
page rotation 2 0.2
image 1 crop x1 327
image 1 crop y1 334
image 1 crop x2 2346
image 1 crop y2 3221
image 2 crop x1 169
image 2 crop y1 648
image 2 crop x2 2186
image 2 crop y2 3361
image 1 dpi 300
image 1 border top 332
image 1 border bottom 268
image 1 border left 220
image 1 border right 220
image 2 dpi 300
image 2 border top 643
image 2 border bottom 131
image 2 border left 221
image 2 border right 221

</system-out><system-err>--------------------------------- Captured Err ---------------------------------

</system-err></testcase><testcase classname="tests.test_features" name="test_mock_stop_at_1" time="23.522"><system-out>--------------------------------- Captured Log ---------------------------------

--------------------------------- Captured Out ---------------------------------
/home/runner/work/ocr-book/ocr-book/tests/0001_1.png
separation double page angle 90.5528088189967
separation double page y=0 2485

</system-out><system-err>--------------------------------- Captured Err ---------------------------------

</system-err></testcase><testcase classname="tests.test_features" name="test_mock_stop_at_3" time="29.289"><system-out>--------------------------------- Captured Log ---------------------------------

--------------------------------- Captured Out ---------------------------------
/home/runner/work/ocr-book/ocr-book/tests/0001_3.png
separation double page angle 90.5528088189967
separation double page y=0 2485
page rotation 1 0.5499999999999999
page rotation 2 0.2
image 1 crop x1 327
image 1 crop y1 334
image 1 crop x2 2346
image 1 crop y2 3221
image 2 crop x1 169
image 2 crop y1 648
image 2 crop x2 2186
image 2 crop y2 3361

</system-out><system-err>--------------------------------- Captured Err ---------------------------------

</system-err></testcase><testcase classname="tests.test_images" name="test_0001_png" time="37.800"><system-out>--------------------------------- Captured Log ---------------------------------

--------------------------------- Captured Out ---------------------------------
/home/runner/work/ocr-book/ocr-book/tests/0001.png
1609173071708739284 : Checking separation double page angle 90.5528088189967
1609173071708838583 : Checking separation double page y=0 2485
1609173073669573180 : Checking page rotation 1 0.5499999999999999
1609173075771105368 : Checking page rotation 2 0.2
1609173078657828677 : Checking image 1 crop x1 327
1609173078657948375 : Checking image 1 crop y1 334
1609173078658002675 : Checking image 1 crop x2 2346
1609173078658035274 : Checking image 1 crop y2 3221
1609173081272561006 : Checking image 2 crop x1 169
1609173081272673305 : Checking image 2 crop y1 648
1609173081272708204 : Checking image 2 crop x2 2186
1609173081272737504 : Checking image 2 crop y2 3361
1609173081299500260 : Checking image 1 dpi 300
1609173081299598459 : Checking image 1 border top 332
1609173081299629359 : Checking image 1 border bottom 268
1609173081299656658 : Checking image 1 border left 220
1609173081299682258 : Checking image 1 border right 220
1609173081301770531 : Checking image 2 dpi 300
1609173081301821431 : Checking image 2 border top 643
1609173081301849230 : Checking image 2 border bottom 131
1609173081301875230 : Checking image 2 border left 221
1609173081301901129 : Checking image 2 border right 221

</system-out><system-err>--------------------------------- Captured Err ---------------------------------

</system-err></testcase><testcase classname="tests.test_features" name="test_mock_stop_at_5" time="28.564"><system-out>--------------------------------- Captured Log ---------------------------------

--------------------------------- Captured Out ---------------------------------
/home/runner/work/ocr-book/ocr-book/tests/0001_5.png
separation double page angle 90.5528088189967
separation double page y=0 2485
page rotation 1 0.5499999999999999
page rotation 2 0.2
image 1 crop x1 327
image 1 crop y1 334
image 1 crop x2 2346
image 1 crop y2 3221
image 2 crop x1 169
image 2 crop y1 648
image 2 crop x2 2186
image 2 crop y2 3361
image 1 dpi 300
image 1 border top 332
image 1 border bottom 268
image 1 border left 220
image 1 border right 220
image 2 dpi 300
image 2 border top 643
image 2 border bottom 131
image 2 border left 221
image 2 border right 221

</system-out><system-err>--------------------------------- Captured Err ---------------------------------

</system-err></testcase><testcase classname="tests.test_images" name="test_black_border_not_removed_png" time="38.192"><system-out>--------------------------------- Captured Log ---------------------------------

--------------------------------- Captured Out ---------------------------------
/home/runner/work/ocr-book/ocr-book/tests/black-border-not-removed.png
1609173109013486492 : Checking separation double page angle 90.033171103531
1609173109013572391 : Checking separation double page y=0 2455
1609173110921333024 : Checking page rotation 1 0.0
1609173113239028402 : Checking page rotation 2 0.05
1609173116453624179 : Checking image 1 crop x1 297
1609173116453732177 : Checking image 1 crop y1 143
1609173116453765477 : Checking image 1 crop x2 2309
1609173116453793577 : Checking image 1 crop y2 3346
1609173119459920540 : Checking image 2 crop x1 157
1609173119460040138 : Checking image 2 crop y1 145
1609173119460077638 : Checking image 2 crop x2 2170
1609173119460111037 : Checking image 2 crop y2 3351
1609173119495300086 : Checking image 1 dpi 300
1609173119495381385 : Checking image 1 border top 132
1609173119495413385 : Checking image 1 border bottom 152
1609173119495440284 : Checking image 1 border left 224
1609173119495467784 : Checking image 1 border right 224
1609173119497557657 : Checking image 2 dpi 300
1609173119497612057 : Checking image 2 border top 134
1609173119497659156 : Checking image 2 border bottom 147
1609173119497722655 : Checking image 2 border left 223
1609173119497785754 : Checking image 2 border right 223

</system-out><system-err>--------------------------------- Captured Err ---------------------------------

</system-err></testcase><testcase classname="tests.test_images" name="test_2_pages_2_contours_png" time="25.700"><system-out>--------------------------------- Captured Log ---------------------------------

--------------------------------- Captured Out ---------------------------------
/home/runner/work/ocr-book/ocr-book/tests/2-pages-2-contours.png
1609173116311427502 : Checking separation double page angle 90.09036871657068
1609173116311539801 : Checking separation double page y=0 2486
1609173117626027844 : Checking page rotation 1 0.0
1609173119559648461 : Checking page rotation 2 0.2
1609173121028960330 : Checking image 1 crop x1 1191
1609173121029054729 : Checking image 1 crop y1 1750
1609173121029083229 : Checking image 1 crop x2 1192
1609173121029108128 : Checking image 1 crop y2 1751
1609173123905323566 : Checking image 2 crop x1 99
1609173123905431665 : Checking image 2 crop y1 240
1609173123905464864 : Checking image 2 crop x2 2147
1609173123905495764 : Checking image 2 crop y2 3240
1609173123932440919 : Checking image 1 dpi 300
1609173123932507818 : Checking image 1 border top 1752
1609173123932537517 : Checking image 1 border bottom 1753
1609173123932563717 : Checking image 1 border left 1239
1609173123932590917 : Checking image 1 border right 1239
1609173123933741902 : Checking image 2 dpi 300
1609173123933790901 : Checking image 2 border top 229
1609173123933818201 : Checking image 2 border bottom 258
1609173123933843201 : Checking image 2 border left 206
1609173123933868000 : Checking image 2 border right 206

</system-out><system-err>--------------------------------- Captured Err ---------------------------------

</system-err></testcase><testcase classname="tests.test_images" name="test_image_failed_to_rotate_png" time="48.054"><system-out>--------------------------------- Captured Log ---------------------------------

--------------------------------- Captured Out ---------------------------------
/home/runner/work/ocr-book/ocr-book/tests/image_failed_to_rotate.png
1609173149192645808 : Checking separation double page angle 90.13063640287984
1609173149192732807 : Checking separation double page y=0 2479
1609173152168751837 : Checking page rotation 1 0.45
1609173154308559890 : Checking page rotation 2 0.2
1609173163691915444 : Checking image 1 crop x1 31
1609173163692024443 : Checking image 1 crop y1 1
1609173163692058943 : Checking image 1 crop x2 2477
1609173163692087742 : Checking image 1 crop y2 3504
1609173167447479552 : Checking image 2 crop x1 161
1609173167447591350 : Checking image 2 crop y1 231
1609173167447623750 : Checking image 2 crop x2 2249
1609173167447652849 : Checking image 2 crop y2 3359
1609173167480938006 : Checking image 1 dpi 300
1609173167481079804 : Checking image 1 border top 2
1609173167481114704 : Checking image 1 border bottom 2
1609173167481142603 : Checking image 1 border left 17
1609173167481170603 : Checking image 1 border right 17
1609173167483355674 : Checking image 2 dpi 300
1609173167483427073 : Checking image 2 border top 216
1609173167483455973 : Checking image 2 border bottom 143
1609173167483482372 : Checking image 2 border left 186
1609173167483508272 : Checking image 2 border right 186

</system-out><system-err>--------------------------------- Captured Err ---------------------------------

</system-err></testcase><testcase classname="tests.test_images" name="test_wrong_split_line_png" time="32.771"><system-out>--------------------------------- Captured Log ---------------------------------

--------------------------------- Captured Out ---------------------------------
/home/runner/work/ocr-book/ocr-book/tests/wrong_split_line.png
1609173148233404743 : Checking separation double page angle 89.93395720607973
1609173148233496842 : Checking separation double page y=0 2465
1609173149956145231 : Checking page rotation 1 -0.04999999999999689
1609173151763793807 : Checking page rotation 2 0.5499999999999999
1609173153759422437 : Checking image 1 crop x1 211
1609173153759526735 : Checking image 1 crop y1 156
1609173153759577835 : Checking image 1 crop x2 2323
1609173153759608934 : Checking image 1 crop y2 3363
1609173156669653564 : Checking image 2 crop x1 125
1609173156669763063 : Checking image 2 crop y1 166
1609173156669796762 : Checking image 2 crop x2 2236
1609173156669828762 : Checking image 2 crop y2 3373
1609173156701606848 : Checking image 1 dpi 300
1609173156701713947 : Checking image 1 border top 134
1609173156701750246 : Checking image 1 border bottom 146
1609173156701780646 : Checking image 1 border left 174
1609173156701811346 : Checking image 1 border right 174
1609173156704054416 : Checking image 2 dpi 300
1609173156704124616 : Checking image 2 border top 146
1609173156704157415 : Checking image 2 border bottom 134
1609173156704188015 : Checking image 2 border left 174
1609173156704218114 : Checking image 2 border right 174

</system-out><system-err>--------------------------------- Captured Err ---------------------------------

</system-err></testcase><testcase classname="tests.test_images" name="test_crop_too_much_png" time="48.086"><system-out>--------------------------------- Captured Log ---------------------------------

--------------------------------- Captured Out ---------------------------------
/home/runner/work/ocr-book/ocr-book/tests/crop_too_much.png
1609173193909992448 : Checking separation double page angle 90.13239409272954
1609173193910092647 : Checking separation double page y=0 2455
1609173196397117560 : Checking page rotation 1 0.0
1609173198849334115 : Checking page rotation 2 0.2
1609173202017908961 : Checking image 1 crop x1 303
1609173202018029060 : Checking image 1 crop y1 148
1609173202018065359 : Checking image 1 crop x2 2313
1609173202018096459 : Checking image 1 crop y2 3351
1609173204743615188 : Checking image 2 crop x1 162
1609173204743721586 : Checking image 2 crop y1 151
1609173204743774286 : Checking image 2 crop x2 2186
1609173204743848585 : Checking image 2 crop y2 3363
1609173204783438068 : Checking image 1 dpi 300
1609173204783538867 : Checking image 1 border top 132
1609173204783571766 : Checking image 1 border bottom 152
1609173204783602866 : Checking image 1 border left 225
1609173204783632865 : Checking image 1 border right 225
1609173204785500941 : Checking image 2 dpi 300
1609173204785552140 : Checking image 2 border top 132
1609173204785582540 : Checking image 2 border bottom 143
1609173204785611040 : Checking image 2 border left 218
1609173204785639439 : Checking image 2 border right 218

</system-out><system-err>--------------------------------- Captured Err ---------------------------------

</system-err></testcase><testcase classname="tests.test_images" name="test_image_failed_to_crop_data_png" time="50.802"><system-out>--------------------------------- Captured Log ---------------------------------

--------------------------------- Captured Out ---------------------------------
/home/runner/work/ocr-book/ocr-book/tests/image_failed_to_crop_data.png
1609173196956861315 : Checking separation double page angle 90.053197600644
1609173196956950514 : Checking separation double page y=0 2480
1609173201016447532 : Checking page rotation 1 0.15000000000000002
1609173203218457593 : Checking page rotation 2 0.0
1609173214757781213 : Checking image 1 crop x1 51
1609173214757895811 : Checking image 1 crop y1 7
1609173214757930911 : Checking image 1 crop x2 2478
1609173214757959710 : Checking image 1 crop y2 3505
1609173218296329906 : Checking image 2 crop x1 160
1609173218296441804 : Checking image 2 crop y1 217
1609173218296474704 : Checking image 2 crop x2 2242
1609173218296505104 : Checking image 2 crop y2 3350
1609173218321427580 : Checking image 1 dpi 300
1609173218321505379 : Checking image 1 border top 5
1609173218321536578 : Checking image 1 border bottom 5
1609173218321562778 : Checking image 1 border left 27
1609173218321588777 : Checking image 1 border right 27
1609173218323577552 : Checking image 2 dpi 300
1609173218323628851 : Checking image 2 border top 206
1609173218323656251 : Checking image 2 border bottom 148
1609173218323681250 : Checking image 2 border left 189
1609173218323705950 : Checking image 2 border right 189

</system-out><system-err>--------------------------------- Captured Err ---------------------------------

</system-err></testcase><testcase classname="tests.test_images" name="test_crop_too_few_png" time="33.149"><system-out>--------------------------------- Captured Log ---------------------------------

--------------------------------- Captured Out ---------------------------------
/home/runner/work/ocr-book/ocr-book/tests/crop_too_few.png
1609173229055855377 : Checking separation double page angle 89.54670238452755
1609173229055946776 : Checking separation double page y=0 2512
1609173231113492290 : Checking page rotation 1 -0.6000000000000009
1609173233074642647 : Checking page rotation 2 0.0
1609173235497543914 : Checking image 1 crop x1 263
1609173235497653513 : Checking image 1 crop y1 150
1609173235497686613 : Checking image 1 crop x2 2379
1609173235497715612 : Checking image 1 crop y2 3358
1609173237919295995 : Checking image 2 crop x1 137
1609173237919450193 : Checking image 2 crop y1 141
1609173237919487292 : Checking image 2 crop x2 2259
1609173237919520792 : Checking image 2 crop y2 3345
1609173237953713743 : Checking image 1 dpi 300
1609173237953818842 : Checking image 1 border top 130
1609173237953852642 : Checking image 1 border bottom 149
1609173237953881341 : Checking image 1 border left 172
1609173237953910941 : Checking image 1 border right 172
1609173237955928314 : Checking image 2 dpi 300
1609173237955980414 : Checking image 2 border top 130
1609173237956027913 : Checking image 2 border bottom 153
1609173237956056213 : Checking image 2 border left 169
1609173237956103212 : Checking image 2 border right 169

</system-out><system-err>--------------------------------- Captured Err ---------------------------------

</system-err></testcase><testcase classname="tests.test_images" name="test_wrong_angle_split_line_png" time="55.303"><system-out>--------------------------------- Captured Log ---------------------------------

--------------------------------- Captured Out ---------------------------------
/home/runner/work/ocr-book/ocr-book/tests/wrong_angle_split_line.png
1609173247392889084 : Checking separation double page angle 90.09193420006348
1609173247393043682 : Checking separation double page y=0 2478
1609173252014414481 : Checking page rotation 1 0.1
1609173255087100696 : Checking page rotation 2 0.1
1609173266608166874 : Checking image 1 crop x1 58
1609173266608279873 : Checking image 1 crop y1 6
1609173266608314372 : Checking image 1 crop x2 2476
1609173266608343472 : Checking image 1 crop y2 3501
1609173272865998707 : Checking image 2 crop x1 166
1609173272866107405 : Checking image 2 crop y1 218
1609173272866141405 : Checking image 2 crop x2 2244
1609173272866171904 : Checking image 2 crop y2 3349
1609173273007455181 : Checking image 1 dpi 300
1609173273007565379 : Checking image 1 border top 6
1609173273007598379 : Checking image 1 border bottom 6
1609173273007624678 : Checking image 1 border left 31
1609173273007650578 : Checking image 1 border right 31
1609173273015008983 : Checking image 2 dpi 300
1609173273015128381 : Checking image 2 border top 207
1609173273015198881 : Checking image 2 border bottom 149
1609173273015228480 : Checking image 2 border left 191
1609173273015256780 : Checking image 2 border right 191

</system-out><system-err>--------------------------------- Captured Err ---------------------------------

</system-err></testcase><testcase classname="tests.test_images" name="test_crop_too_much_2_png" time="53.188"><system-out>--------------------------------- Captured Log ---------------------------------

--------------------------------- Captured Out ---------------------------------
/home/runner/work/ocr-book/ocr-book/tests/crop_too_much_2.png
1609173278959609989 : Checking separation double page angle 90.1149074900787
1609173278959741787 : Checking separation double page y=0 2478
1609173281466720281 : Checking page rotation 1 0.15000000000000002
1609173284116874518 : Checking page rotation 2 0.2
1609173287195338325 : Checking image 1 crop x1 330
1609173287195448124 : Checking image 1 crop y1 132
1609173287195480623 : Checking image 1 crop x2 2342
1609173287195509123 : Checking image 1 crop y2 3335
1609173291062575954 : Checking image 2 crop x1 162
1609173291062717452 : Checking image 2 crop y1 139
1609173291062754752 : Checking image 2 crop x2 2175
1609173291062789551 : Checking image 2 crop y2 3345
1609173291108814055 : Checking image 1 dpi 300
1609173291108891854 : Checking image 1 border top 122
1609173291108922754 : Checking image 1 border bottom 162
1609173291108949753 : Checking image 1 border left 224
1609173291108977253 : Checking image 1 border right 224
1609173291110763530 : Checking image 2 dpi 300
1609173291110813729 : Checking image 2 border top 130
1609173291110843229 : Checking image 2 border bottom 151
1609173291110872929 : Checking image 2 border left 223
1609173291110900828 : Checking image 2 border right 223

</system-out><system-err>--------------------------------- Captured Err ---------------------------------

</system-err></testcase><testcase classname="tests.test_images" name="test_angle_page_lower_split_line_png" time="38.745"><system-out>--------------------------------- Captured Log ---------------------------------

--------------------------------- Captured Out ---------------------------------
/home/runner/work/ocr-book/ocr-book/tests/angle_page_lower_split_line.png
1609173300800809498 : Checking separation double page angle 89.74927707086691
1609173300800900297 : Checking separation double page y=0 2474
1609173303549675114 : Checking page rotation 1 -0.14999999999999067
1609173305996915630 : Checking page rotation 2 0.1
1609173309113266484 : Checking image 1 crop x1 241
1609173309113388382 : Checking image 1 crop y1 156
1609173309113424682 : Checking image 1 crop x2 2357
1609173309113457481 : Checking image 1 crop y2 3368
1609173312379331461 : Checking image 2 crop x1 149
1609173312379484259 : Checking image 2 crop y1 146
1609173312379519958 : Checking image 2 crop x2 2259
1609173312379552758 : Checking image 2 crop y2 3351
1609173312414242609 : Checking image 1 dpi 300
1609173312414332708 : Checking image 1 border top 140
1609173312414368408 : Checking image 1 border bottom 135
1609173312414398507 : Checking image 1 border left 172
1609173312414427607 : Checking image 1 border right 172
1609173312416577179 : Checking image 2 dpi 300
1609173312416632979 : Checking image 2 border top 131
1609173312416683778 : Checking image 2 border bottom 151
1609173312416713878 : Checking image 2 border left 175
1609173312416743377 : Checking image 2 border right 175

</system-out><system-err>--------------------------------- Captured Err ---------------------------------

</system-err></testcase><testcase classname="tests.test_images" name="test_wrong_split_line_2_png" time="52.678"><system-out>--------------------------------- Captured Log ---------------------------------

--------------------------------- Captured Out ---------------------------------
/home/runner/work/ocr-book/ocr-book/tests/wrong_split_line_2.png
1609173327503239441 : Checking separation double page angle 90.19944704411863
1609173327503332540 : Checking separation double page y=0 2437
1609173330249715306 : Checking page rotation 1 0.2
1609173332696942742 : Checking page rotation 2 0.2
1609173337201722264 : Checking image 1 crop x1 294
1609173337201838763 : Checking image 1 crop y1 136
1609173337201872562 : Checking image 1 crop x2 2325
1609173337201905662 : Checking image 1 crop y2 3376
1609173343777448986 : Checking image 2 crop x1 136
1609173343777549085 : Checking image 2 crop y1 190
1609173343777581585 : Checking image 2 crop x2 2172
1609173343777612584 : Checking image 2 crop y2 3389
1609173343814542706 : Checking image 1 dpi 300
1609173343814618705 : Checking image 1 border top 131
1609173343814650805 : Checking image 1 border bottom 116
1609173343814679504 : Checking image 1 border left 214
1609173343814710604 : Checking image 1 border right 214
1609173343816442982 : Checking image 2 dpi 300
1609173343816490881 : Checking image 2 border top 181
1609173343816517881 : Checking image 2 border bottom 107
1609173343816542880 : Checking image 2 border left 212
1609173343816567980 : Checking image 2 border right 212

</system-out><system-err>--------------------------------- Captured Err ---------------------------------

</system-err></testcase><testcase classname="tests.test_images" name="test_wrong_wave_split_line_png" time="50.559"><system-out>--------------------------------- Captured Log ---------------------------------

--------------------------------- Captured Out ---------------------------------
/home/runner/work/ocr-book/ocr-book/tests/wrong_wave_split_line.png
1609173346508579336 : Checking separation double page angle 90.37878604107719
1609173346508667435 : Checking separation double page y=0 2500
1609173348767767894 : Checking page rotation 1 -0.14999999999999067
1609173351060813430 : Checking page rotation 2 0.9
1609173357090004790 : Checking image 1 crop x1 385
1609173357090126689 : Checking image 1 crop y1 179
1609173357090162288 : Checking image 1 crop x2 2411
1609173357090192888 : Checking image 1 crop y2 3374
1609173362926266063 : Checking image 2 crop x1 17
1609173362926388662 : Checking image 2 crop y1 8
1609173362926426861 : Checking image 2 crop x2 2399
1609173362926461161 : Checking image 2 crop y2 3391
1609173362972615063 : Checking image 1 dpi 300
1609173362972719462 : Checking image 1 border top 173
1609173362972750361 : Checking image 1 border bottom 119
1609173362972777161 : Checking image 1 border left 217
1609173362972802461 : Checking image 1 border right 217
1609173362975000132 : Checking image 2 dpi 300
1609173362975050132 : Checking image 2 border top 0
1609173362975079731 : Checking image 2 border bottom 114
1609173362975104531 : Checking image 2 border left 49
1609173362975129231 : Checking image 2 border right 49

</system-out><system-err>--------------------------------- Captured Err ---------------------------------

</system-err></testcase><testcase classname="tests.test_images" name="test_small_wave_png" time="49.268"><system-out>--------------------------------- Captured Log ---------------------------------

--------------------------------- Captured Out ---------------------------------
/home/runner/work/ocr-book/ocr-book/tests/small_wave.png
1609173384130201574 : Checking separation double page angle 90.58816928841564
1609173384130296273 : Checking separation double page y=0 2497
1609173386598624803 : Checking page rotation 1 0.65
1609173388837199908 : Checking page rotation 2 0.65
1609173390970971473 : Checking image 1 crop x1 320
1609173390971079871 : Checking image 1 crop y1 199
1609173390971112771 : Checking image 1 crop x2 2353
1609173390971141271 : Checking image 1 crop y2 3394
1609173393041255561 : Checking image 2 crop x1 130
1609173393041357160 : Checking image 2 crop y1 222
1609173393041390960 : Checking image 2 crop x2 2163
1609173393041422059 : Checking image 2 crop y2 3420
1609173393075785114 : Checking image 1 dpi 300
1609173393075864913 : Checking image 1 border top 179
1609173393075897713 : Checking image 1 border bottom 112
1609173393075926512 : Checking image 1 border left 213
1609173393075974712 : Checking image 1 border right 213
1609173393077768988 : Checking image 2 dpi 300
1609173393077814288 : Checking image 2 border top 197
1609173393077841288 : Checking image 2 border bottom 92
1609173393077866587 : Checking image 2 border left 213
1609173393077892187 : Checking image 2 border right 213

</system-out><system-err>--------------------------------- Captured Err ---------------------------------

</system-err></testcase><testcase classname="tests.test_images" name="test_no_split_line_line_algo_png" time="35.107"><system-out>--------------------------------- Captured Log ---------------------------------

--------------------------------- Captured Out ---------------------------------
/home/runner/work/ocr-book/ocr-book/tests/no_split_line_line_algo.png
1609173387630712235 : Checking separation double page angle 89.47691469185418
1609173387630835633 : Checking separation double page y=0 2476
1609173389431071816 : Checking page rotation 1 -0.14999999999999067
1609173391714660542 : Checking page rotation 2 -0.14999999999999067
1609173393821445257 : Checking image 1 crop x1 205
1609173393821555656 : Checking image 1 crop y1 158
1609173393821589056 : Checking image 1 crop x2 2320
1609173393821618855 : Checking image 1 crop y2 3366
1609173398061297449 : Checking image 2 crop x1 185
1609173398061511546 : Checking image 2 crop y1 225
1609173398061548246 : Checking image 2 crop x2 2204
1609173398061596945 : Checking image 2 crop y2 3362
1609173398100042247 : Checking image 1 dpi 300
1609173398100149146 : Checking image 1 border top 144
1609173398100182745 : Checking image 1 border bottom 134
1609173398100212145 : Checking image 1 border left 172
1609173398100240645 : Checking image 1 border right 172
1609173398102776712 : Checking image 2 dpi 300
1609173398102830511 : Checking image 2 border top 224
1609173398102858511 : Checking image 2 border bottom 126
1609173398102884510 : Checking image 2 border left 220
1609173398102910510 : Checking image 2 border right 220

</system-out><system-err>--------------------------------- Captured Err ---------------------------------

</system-err></testcase><testcase classname="tests.test_images" name="test_wrong_split_line_3_png" time="37.816"><system-out>--------------------------------- Captured Log ---------------------------------

--------------------------------- Captured Out ---------------------------------
/home/runner/work/ocr-book/ocr-book/tests/wrong_split_line_3.png
1609173421817000041 : Checking separation double page angle 90.43729500214694
1609173421817086240 : Checking separation double page y=0 2498
1609173424193175174 : Checking page rotation 1 0.2
1609173426300075694 : Checking page rotation 2 0.85
1609173428515830204 : Checking image 1 crop x1 331
1609173428515941602 : Checking image 1 crop y1 166
1609173428515992202 : Checking image 1 crop x2 2377
1609173428516021401 : Checking image 1 crop y2 3375
1609173430879353700 : Checking image 2 crop x1 102
1609173430879460899 : Checking image 2 crop y1 207
1609173430879493499 : Checking image 2 crop x2 2135
1609173430879522898 : Checking image 2 crop y2 3414
1609173430908936817 : Checking image 1 dpi 300
1609173430909052116 : Checking image 1 border top 158
1609173430909084215 : Checking image 1 border bottom 120
1609173430909110815 : Checking image 1 border left 207
1609173430909138215 : Checking image 1 border right 207
1609173430911046890 : Checking image 2 dpi 300
1609173430911094089 : Checking image 2 border top 186
1609173430911123089 : Checking image 2 border bottom 94
1609173430911148689 : Checking image 2 border left 213
1609173430911205588 : Checking image 2 border right 213

</system-out><system-err>--------------------------------- Captured Err ---------------------------------

</system-err></testcase><testcase classname="tests.test_images" name="test_failed_split_line_line_algo_png" time="23.425"><system-out>--------------------------------- Captured Log ---------------------------------

--------------------------------- Captured Out ---------------------------------
/home/runner/work/ocr-book/ocr-book/tests/failed_split_line_line_algo.png
1609173415084290817 : Checking separation double page angle 90.04134220573248
1609173415084373916 : Checking separation double page y=0 2573
1609173416616676375 : Checking page rotation 1 -0.09999999999999377
1609173417904580399 : Checking page rotation 2 0.1
1609173420152053999 : Checking image 1 crop x1 408
1609173420152168097 : Checking image 1 crop y1 2926
1609173420152201597 : Checking image 1 crop x2 2420
1609173420152230397 : Checking image 1 crop y2 3173
1609173421550805888 : Checking image 2 crop x1 1184
1609173421550900387 : Checking image 2 crop y1 1745
1609173421550929286 : Checking image 2 crop x2 1185
1609173421550955986 : Checking image 2 crop y2 1746
1609173421551202183 : Checking image 1 dpi 300
1609173421551276182 : Checking image 1 border top 2922
1609173421551305381 : Checking image 1 border bottom 318
1609173421551331781 : Checking image 1 border left 224
1609173421551357281 : Checking image 1 border right 224
1609173421553127158 : Checking image 2 dpi 300
1609173421553173357 : Checking image 2 border top 1753
1609173421553201257 : Checking image 2 border bottom 1753
1609173421553226256 : Checking image 2 border left 1239
1609173421553251256 : Checking image 2 border right 1239

</system-out><system-err>--------------------------------- Captured Err ---------------------------------

</system-err></testcase><testcase classname="tests.test_images" name="test_failed_split_line_line_algo_2_png" time="41.801"><system-out>--------------------------------- Captured Log ---------------------------------

--------------------------------- Captured Out ---------------------------------
/home/runner/work/ocr-book/ocr-book/tests/failed_split_line_line_algo_2.png
1609173454309146436 : Checking separation double page angle 90.03068774449687
1609173454309240134 : Checking separation double page y=0 2500
1609173456675078203 : Checking page rotation 1 0.05
1609173458700071685 : Checking page rotation 2 0.5499999999999999
1609173460894432474 : Checking image 1 crop x1 271
1609173460894534373 : Checking image 1 crop y1 149
1609173460894566373 : Checking image 1 crop x2 2382
1609173460894594072 : Checking image 1 crop y2 3354
1609173463291336465 : Checking image 2 crop x1 120
1609173463291452464 : Checking image 2 crop y1 155
1609173463291487663 : Checking image 2 crop x2 2244
1609173463291518863 : Checking image 2 crop y2 3350
1609173463325506218 : Checking image 1 dpi 300
1609173463325586016 : Checking image 1 border top 141
1609173463325616016 : Checking image 1 border bottom 141
1609173463325642616 : Checking image 1 border left 174
1609173463325668115 : Checking image 1 border right 174
1609173463327767788 : Checking image 2 dpi 300
1609173463327824487 : Checking image 2 border top 140
1609173463327852387 : Checking image 2 border bottom 152
1609173463327877586 : Checking image 2 border left 168
1609173463327902586 : Checking image 2 border right 168

</system-out><system-err>--------------------------------- Captured Err ---------------------------------

</system-err></testcase><testcase classname="tests.test_images" name="test_crop_too_much_3_png" time="41.183"><system-out>--------------------------------- Captured Log ---------------------------------

--------------------------------- Captured Out ---------------------------------
/home/runner/work/ocr-book/ocr-book/tests/crop_too_much_3.png
1609173461780019508 : Checking separation double page angle 89.49330634783144
1609173461780110107 : Checking separation double page y=0 2498
1609173463744245330 : Checking page rotation 1 -0.8999999999999949
1609173466109717330 : Checking page rotation 2 -0.14999999999999067
1609173469078100629 : Checking image 1 crop x1 374
1609173469078219627 : Checking image 1 crop y1 258
1609173469078256627 : Checking image 1 crop x2 2385
1609173469078288826 : Checking image 1 crop y2 3459
1609173472047349472 : Checking image 2 crop x1 168
1609173472047471171 : Checking image 2 crop y1 228
1609173472047507470 : Checking image 2 crop x2 2181
1609173472047541570 : Checking image 2 crop y2 3417
1609173472090513812 : Checking image 1 dpi 300
1609173472090642011 : Checking image 1 border top 239
1609173472090676510 : Checking image 1 border bottom 47
1609173472090705410 : Checking image 1 border left 224
1609173472090736510 : Checking image 1 border right 224
1609173472092815083 : Checking image 2 dpi 300
1609173472092868282 : Checking image 2 border top 209
1609173472092897082 : Checking image 2 border bottom 89
1609173472092923881 : Checking image 2 border left 223
1609173472092952681 : Checking image 2 border right 223

</system-out><system-err>--------------------------------- Captured Err ---------------------------------

</system-err></testcase><testcase classname="tests.test_images" name="test_wrong_wave_split_line_2_png" time="43.771"><system-out>--------------------------------- Captured Log ---------------------------------

--------------------------------- Captured Out ---------------------------------
/home/runner/work/ocr-book/ocr-book/tests/wrong_wave_split_line_2.png
1609173497532502751 : Checking separation double page angle 90.7708958311329
1609173497532589549 : Checking separation double page y=0 2490
1609173499606415122 : Checking page rotation 1 0.2
1609173501751260273 : Checking page rotation 2 1.65
1609173503903213215 : Checking image 1 crop x1 227
1609173503903330013 : Checking image 1 crop y1 147
1609173503903365813 : Checking image 1 crop x2 2342
1609173503903398413 : Checking image 1 crop y2 3353
1609173507038026994 : Checking image 2 crop x1 106
1609173507038139392 : Checking image 2 crop y1 195
1609173507038172592 : Checking image 2 crop x2 2231
1609173507038202791 : Checking image 2 crop y2 3398
1609173507091603794 : Checking image 1 dpi 300
1609173507091720893 : Checking image 1 border top 136
1609173507091755592 : Checking image 1 border bottom 145
1609173507091785692 : Checking image 1 border left 172
1609173507091815291 : Checking image 1 border right 172
1609173507094290559 : Checking image 2 dpi 300
1609173507094364458 : Checking image 2 border top 165
1609173507094395758 : Checking image 2 border bottom 118
1609173507094424057 : Checking image 2 border left 167
1609173507094454457 : Checking image 2 border right 167

</system-out><system-err>--------------------------------- Captured Err ---------------------------------

</system-err></testcase><testcase classname="tests.test_images" name="test_wrong_wave_split_line_3_png" time="39.989"><system-out>--------------------------------- Captured Log ---------------------------------

--------------------------------- Captured Out ---------------------------------
/home/runner/work/ocr-book/ocr-book/tests/wrong_wave_split_line_3.png
1609173503404747922 : Checking separation double page angle 90.05826063695574
1609173503404838521 : Checking separation double page y=0 2514
1609173505636738186 : Checking page rotation 1 0.0
1609173507536792183 : Checking page rotation 2 0.2
1609173509958097475 : Checking image 1 crop x1 274
1609173509958224374 : Checking image 1 crop y1 221
1609173509958256973 : Checking image 1 crop x2 2383
1609173509958284973 : Checking image 1 crop y2 3422
1609173512061391023 : Checking image 2 crop x1 112
1609173512061508221 : Checking image 2 crop y1 225
1609173512061542921 : Checking image 2 crop x2 2238
1609173512061576320 : Checking image 2 crop y2 3415
1609173512093260108 : Checking image 1 dpi 300
1609173512093335608 : Checking image 1 border top 201
1609173512093367307 : Checking image 1 border bottom 85
1609173512093395707 : Checking image 1 border left 175
1609173512093424506 : Checking image 1 border right 175
1609173512095465680 : Checking image 2 dpi 300
1609173512095532879 : Checking image 2 border top 207
1609173512095561179 : Checking image 2 border bottom 90
1609173512095587478 : Checking image 2 border left 167
1609173512095613878 : Checking image 2 border right 167

</system-out><system-err>--------------------------------- Captured Err ---------------------------------

</system-err></testcase><testcase classname="tests.test_images" name="test_no_split_line_wave_algo_png" time="51.667"><system-out>--------------------------------- Captured Log ---------------------------------

--------------------------------- Captured Out ---------------------------------
/home/runner/work/ocr-book/ocr-book/tests/no_split_line_wave_algo.png
1609173537159906144 : Checking separation double page angle 89.72500000000001
1609173537160034043 : Checking separation double page y=0 2484
1609173540464623083 : Checking page rotation 1 0.0
1609173542664366756 : Checking page rotation 2 -0.44999999999999746
1609173551258389604 : Checking image 1 crop x1 97
1609173551258465701 : Checking image 1 crop y1 79
1609173551258498300 : Checking image 1 crop x2 2494
1609173551258527899 : Checking image 1 crop y2 3505
1609173558685998428 : Checking image 2 crop x1 163
1609173558686116925 : Checking image 2 crop y1 267
1609173558686152725 : Checking image 2 crop x2 2238
1609173558686184424 : Checking image 2 crop y2 3380
1609173558725054535 : Checking image 1 dpi 300
1609173558725165833 : Checking image 1 border top 41
1609173558725198532 : Checking image 1 border bottom 41
1609173558725227432 : Checking image 1 border left 42
1609173558725255131 : Checking image 1 border right 42
1609173558727848178 : Checking image 2 dpi 300
1609173558727906177 : Checking image 2 border top 255
1609173558727938276 : Checking image 2 border bottom 119
1609173558727964676 : Checking image 2 border left 192
1609173558727990675 : Checking image 2 border right 192

</system-out><system-err>--------------------------------- Captured Err ---------------------------------

</system-err></testcase><testcase classname="tests.test_images" name="test_no_split_line_wave_algo_2_png" time="35.807"><system-out>--------------------------------- Captured Log ---------------------------------

--------------------------------- Captured Out ---------------------------------
/home/runner/work/ocr-book/ocr-book/tests/no_split_line_wave_algo_2.png
1609173539388222737 : Checking separation double page angle 90.54999999999998
1609173539388320436 : Checking separation double page y=0 2478
1609173541308582907 : Checking page rotation 1 1.0999999999999999
1609173543482311532 : Checking page rotation 2 0.2
1609173545898879875 : Checking image 1 crop x1 266
1609173545899010070 : Checking image 1 crop y1 210
1609173545899043469 : Checking image 1 crop x2 2342
1609173545899074168 : Checking image 1 crop y2 3413
1609173547874566918 : Checking image 2 crop x1 168
1609173547874678717 : Checking image 2 crop y1 241
1609173547874731516 : Checking image 2 crop x2 2251
1609173547874762515 : Checking image 2 crop y2 3433
1609173547906814200 : Checking image 1 dpi 300
1609173547906887799 : Checking image 1 border top 192
1609173547906918098 : Checking image 1 border bottom 91
1609173547906944798 : Checking image 1 border left 192
1609173547906972598 : Checking image 1 border right 192
1609173547908681076 : Checking image 2 dpi 300
1609173547908749075 : Checking image 2 border top 224
1609173547908778774 : Checking image 2 border bottom 71
1609173547908823074 : Checking image 2 border left 188
1609173547908850273 : Checking image 2 border right 188

</system-out><system-err>--------------------------------- Captured Err ---------------------------------

</system-err></testcase><testcase classname="tests.test_images" name="test_failed_detect_rectangle_png" time="41.119"><system-out>--------------------------------- Captured Log ---------------------------------

--------------------------------- Captured Out ---------------------------------
/home/runner/work/ocr-book/ocr-book/tests/failed_detect_rectangle.png
1609173579547842557 : Checking separation double page angle 90.19837516213148
1609173579547938056 : Checking separation double page y=0 2474
1609173581897950952 : Checking page rotation 1 0.2
1609173584176253070 : Checking page rotation 2 0.15000000000000002
1609173586351423514 : Checking image 1 crop x1 257
1609173586351560113 : Checking image 1 crop y1 201
1609173586351598113 : Checking image 1 crop x2 2333
1609173586351630013 : Checking image 1 crop y2 3402
1609173588974292142 : Checking image 2 crop x1 135
1609173588974402541 : Checking image 2 crop y1 214
1609173588974435541 : Checking image 2 crop x2 2219
1609173588974464840 : Checking image 2 crop y2 3406
1609173589013607823 : Checking image 1 dpi 300
1609173589013704822 : Checking image 1 border top 188
1609173589013736621 : Checking image 1 border bottom 97
1609173589013763321 : Checking image 1 border left 192
1609173589013790620 : Checking image 1 border right 192
1609173589015712895 : Checking image 2 dpi 300
1609173589015765394 : Checking image 2 border top 202
1609173589015793094 : Checking image 2 border bottom 93
1609173589015818494 : Checking image 2 border left 188
1609173589015843693 : Checking image 2 border right 188

</system-out><system-err>--------------------------------- Captured Err ---------------------------------

</system-err></testcase><testcase classname="tests.test_images" name="test_crop_too_few_2_png" time="35.051"><system-out>--------------------------------- Captured Log ---------------------------------

--------------------------------- Captured Out ---------------------------------
/home/runner/work/ocr-book/ocr-book/tests/crop_too_few_2.png
1609173584601907543 : Checking separation double page angle 90.30476192320097
1609173584602023242 : Checking separation double page y=0 2531
1609173586663632277 : Checking page rotation 1 1.0999999999999999
1609173588606654101 : Checking page rotation 2 -0.04999999999999689
1609173591075127168 : Checking image 1 crop x1 289
1609173591075268367 : Checking image 1 crop y1 165
1609173591075300967 : Checking image 1 crop x2 2400
1609173591075330867 : Checking image 1 crop y2 3367
1609173593805242402 : Checking image 2 crop x1 149
1609173593805348501 : Checking image 2 crop y1 189
1609173593805379301 : Checking image 2 crop x2 2273
1609173593805408701 : Checking image 2 crop y2 3386
1609173593838449281 : Checking image 1 dpi 300
1609173593838547980 : Checking image 1 border top 157
1609173593838579680 : Checking image 1 border bottom 128
1609173593838607880 : Checking image 1 border left 174
1609173593838635480 : Checking image 1 border right 174
1609173593840834765 : Checking image 2 dpi 300
1609173593840883765 : Checking image 2 border top 181
1609173593840910365 : Checking image 2 border bottom 109
1609173593840934964 : Checking image 2 border left 168
1609173593840961964 : Checking image 2 border right 168

</system-out><system-err>--------------------------------- Captured Err ---------------------------------

</system-err></testcase><testcase classname="tests.test_images" name="test_single_page_png" time="21.724"><system-out>--------------------------------- Captured Log ---------------------------------

--------------------------------- Captured Out ---------------------------------
/home/runner/work/ocr-book/ocr-book/tests/single_page.png
1609173598730777961 : Checking separation double page angle 90.04999999999998
1609173598730873260 : Checking separation double page y=0 2476
1609173602710982580 : Checking page rotation 1 0.0
1609173603281830641 : Checking page rotation 2 0.0
1609173609998753627 : Checking image 1 crop x1 1
1609173609998832926 : Checking image 1 crop y1 8
1609173609998867626 : Checking image 1 crop x2 2470
1609173609998897626 : Checking image 1 crop y2 3505
1609173610484747771 : Checking image 2 crop x1 0
1609173610484808970 : Checking image 2 crop y1 0
1609173610484833970 : Checking image 2 crop x2 0
1609173610484857770 : Checking image 2 crop y2 0
1609173610484916769 : Checking image 1 dpi 300
1609173610484969668 : Checking image 1 border top 5
1609173610485000368 : Checking image 1 border bottom 5
1609173610485026668 : Checking image 1 border left 6
1609173610485052867 : Checking image 1 border right 6
1609173610490574200 : Checking image 2 border top 0
1609173610490624799 : Checking image 2 border bottom 0
1609173610490650299 : Checking image 2 border left 0
1609173610490674599 : Checking image 2 border right 0

</system-out><system-err>--------------------------------- Captured Err ---------------------------------

</system-err></testcase><testcase classname="tests.test_images" name="test_no_split_line_wave_algo_3_png" time="15.150"><system-out>--------------------------------- Captured Log ---------------------------------

--------------------------------- Captured Out ---------------------------------
/home/runner/work/ocr-book/ocr-book/tests/no_split_line_wave_algo_3.png
1609173604612734964 : Checking separation double page angle 90.14999999999998
1609173604612826963 : Checking separation double page y=0 2408
1609173606608181182 : Checking page rotation 1 -0.09999999999999377
1609173606877887977 : Checking page rotation 2 0.0
1609173608480313037 : Checking image 1 crop x1 182
1609173608480387936 : Checking image 1 crop y1 2955
1609173608480419536 : Checking image 1 crop x2 2199
1609173608480450636 : Checking image 1 crop y2 3203
1609173608971281620 : Checking image 2 crop x1 0
1609173608971337719 : Checking image 2 crop y1 0
1609173608971362719 : Checking image 2 crop x2 0
1609173608971386319 : Checking image 2 crop y2 0
1609173608971446918 : Checking image 1 dpi 300
1609173608971502317 : Checking image 1 border top 2951
1609173608971530317 : Checking image 1 border bottom 288
1609173608971556417 : Checking image 1 border left 221
1609173608971581916 : Checking image 1 border right 221
1609173608980115612 : Checking image 2 border top 0
1609173608980159311 : Checking image 2 border bottom 0
1609173608980184511 : Checking image 2 border left 0
1609173608980208711 : Checking image 2 border right 0

</system-out><system-err>--------------------------------- Captured Err ---------------------------------

</system-err></testcase><testcase classname="tests.test_images" name="test_failed_split_line_line_algo_3_png" time="23.086"><system-out>--------------------------------- Captured Log ---------------------------------

--------------------------------- Captured Out ---------------------------------
/home/runner/work/ocr-book/ocr-book/tests/failed_split_line_line_algo_3.png
1609173627428891338 : Checking separation double page angle 90.0
1609173627428977936 : Checking separation double page y=0 40
1609173627564478233 : Checking page rotation 1 0.0
1609173629238959810 : Checking page rotation 2 -0.04999999999999689
1609173629652396602 : Checking image 1 crop x1 0
1609173629652452301 : Checking image 1 crop y1 0
1609173629652475901 : Checking image 1 crop x2 0
1609173629652497700 : Checking image 1 crop y2 0
1609173632091679213 : Checking image 2 crop x1 247
1609173632091749210 : Checking image 2 crop y1 153
1609173632091778409 : Checking image 2 crop x2 2260
1609173632091805808 : Checking image 2 crop y2 3360
1609173632121784783 : Checking image 1 border top 0
1609173632121843881 : Checking image 1 border bottom 0
1609173632121868980 : Checking image 1 border left 0
1609173632121909879 : Checking image 1 border right 0
1609173632121948877 : Checking image 2 dpi 300
1609173632122005175 : Checking image 2 border top 144
1609173632122032374 : Checking image 2 border bottom 136
1609173632122057973 : Checking image 2 border left 223
1609173632122083372 : Checking image 2 border right 223

</system-out><system-err>--------------------------------- Captured Err ---------------------------------

</system-err></testcase><testcase classname="tests.test_images" name="test_wrong_split_line_4_png" time="21.654"><system-out>--------------------------------- Captured Log ---------------------------------

--------------------------------- Captured Out ---------------------------------
/home/runner/work/ocr-book/ocr-book/tests/wrong_split_line_4.png
1609173625872860926 : Checking separation double page angle 91.04999999999998
1609173625872966422 : Checking separation double page y=0 60
1609173626059209837 : Checking page rotation 1 1.0
1609173628156840411 : Checking page rotation 2 1.05
1609173628686711268 : Checking image 1 crop x1 0
1609173628686762767 : Checking image 1 crop y1 0
1609173628686786467 : Checking image 1 crop x2 0
1609173628686808266 : Checking image 1 crop y2 0
1609173632409276500 : Checking image 2 crop x1 291
1609173632409387595 : Checking image 2 crop y1 330
1609173632409418994 : Checking image 2 crop x2 2316
1609173632409447793 : Checking image 2 crop y2 3217
1609173632446747894 : Checking image 1 border top 0
1609173632446790093 : Checking image 1 border bottom 0
1609173632446816792 : Checking image 1 border left 0
1609173632446841891 : Checking image 1 border right 0
1609173632446887389 : Checking image 2 dpi 300
1609173632446949887 : Checking image 2 border top 322
1609173632446978085 : Checking image 2 border bottom 278
1609173632447005784 : Checking image 2 border left 217
1609173632447034283 : Checking image 2 border right 217

</system-out><system-err>--------------------------------- Captured Err ---------------------------------

</system-err></testcase></testsuite></testsuites>