<?xml version="1.0" encoding="utf-8"?><testsuites><testsuite name="pytest" errors="0" failures="0" skipped="0" tests="16" time="555.003" timestamp="2020-11-21T13:52:16.980199" hostname="fv-az139-325"><testcase classname="tests.test_features" name="test_disabled_enable_debug" time="25.881"><system-out>--------------------------------- Captured Log ---------------------------------

--------------------------------- Captured Out ---------------------------------
/home/runner/work/ocr-book/ocr-book/tests/0001_debug.png
separation double page angle 90.53945493634917
separation double page y=0 2485
page rotation 1 0.75
page rotation 2 0.2
image 1 crop x1 330
image 1 crop y1 336
image 1 crop x2 2343
image 1 crop y2 3223
image 2 crop x1 169
image 2 crop y1 648
image 2 crop x2 2186
image 2 crop y2 3361
image 1 dpi 300
image 1 border top 324
image 1 border bottom 276
image 1 border left 223
image 1 border right 223
image 2 dpi 300
image 2 border top 671
image 2 border bottom 103
image 2 border left 221
image 2 border right 221

</system-out><system-err>--------------------------------- Captured Err ---------------------------------

</system-err></testcase><testcase classname="tests.test_features" name="test_mock_stop_at_0" time="0.039"><system-out>--------------------------------- Captured Log ---------------------------------

--------------------------------- Captured Out ---------------------------------
/home/runner/work/ocr-book/ocr-book/tests/0001_0.png

</system-out><system-err>--------------------------------- Captured Err ---------------------------------

</system-err></testcase><testcase classname="tests.test_features" name="test_mock_stop_at_1" time="19.566"><system-out>--------------------------------- Captured Log ---------------------------------

--------------------------------- Captured Out ---------------------------------
/home/runner/work/ocr-book/ocr-book/tests/0001_1.png
separation double page angle 90.53945493634917
separation double page y=0 2485

</system-out><system-err>--------------------------------- Captured Err ---------------------------------

</system-err></testcase><testcase classname="tests.test_features" name="test_mock_stop_at_2" time="32.785"><system-out>--------------------------------- Captured Log ---------------------------------

--------------------------------- Captured Out ---------------------------------
/home/runner/work/ocr-book/ocr-book/tests/0001_2.png
separation double page angle 90.53945493634917
separation double page y=0 2485
page rotation 1 0.75
page rotation 2 0.2

</system-out><system-err>--------------------------------- Captured Err ---------------------------------

</system-err></testcase><testcase classname="tests.test_features" name="test_mock_stop_at_3" time="36.005"><system-out>--------------------------------- Captured Log ---------------------------------

--------------------------------- Captured Out ---------------------------------
/home/runner/work/ocr-book/ocr-book/tests/0001_3.png
separation double page angle 90.53945493634917
separation double page y=0 2485
page rotation 1 0.75
page rotation 2 0.2
image 1 crop x1 330
image 1 crop y1 336
image 1 crop x2 2343
image 1 crop y2 3223
image 2 crop x1 169
image 2 crop y1 648
image 2 crop x2 2186
image 2 crop y2 3361

</system-out><system-err>--------------------------------- Captured Err ---------------------------------

</system-err></testcase><testcase classname="tests.test_features" name="test_mock_stop_at_4" time="35.906"><system-out>--------------------------------- Captured Log ---------------------------------

--------------------------------- Captured Out ---------------------------------
/home/runner/work/ocr-book/ocr-book/tests/0001_4.png
separation double page angle 90.53945493634917
separation double page y=0 2485
page rotation 1 0.75
page rotation 2 0.2
image 1 crop x1 330
image 1 crop y1 336
image 1 crop x2 2343
image 1 crop y2 3223
image 2 crop x1 169
image 2 crop y1 648
image 2 crop x2 2186
image 2 crop y2 3361
image 1 dpi 300
image 1 border top 324
image 1 border bottom 276
image 1 border left 223
image 1 border right 223
image 2 dpi 300
image 2 border top 671
image 2 border bottom 103
image 2 border left 221
image 2 border right 221

</system-out><system-err>--------------------------------- Captured Err ---------------------------------

</system-err></testcase><testcase classname="tests.test_features" name="test_mock_stop_at_5" time="36.137"><system-out>--------------------------------- Captured Log ---------------------------------

--------------------------------- Captured Out ---------------------------------
/home/runner/work/ocr-book/ocr-book/tests/0001_5.png
separation double page angle 90.53945493634917
separation double page y=0 2485
page rotation 1 0.75
page rotation 2 0.2
image 1 crop x1 330
image 1 crop y1 336
image 1 crop x2 2343
image 1 crop y2 3223
image 2 crop x1 169
image 2 crop y1 648
image 2 crop x2 2186
image 2 crop y2 3361
image 1 dpi 300
image 1 border top 324
image 1 border bottom 276
image 1 border left 223
image 1 border right 223
image 2 dpi 300
image 2 border top 671
image 2 border bottom 103
image 2 border left 221
image 2 border right 221

</system-out><system-err>--------------------------------- Captured Err ---------------------------------

</system-err></testcase><testcase classname="tests.test_images" name="test_0001_png" time="36.221"><system-out>--------------------------------- Captured Log ---------------------------------

--------------------------------- Captured Out ---------------------------------
/home/runner/work/ocr-book/ocr-book/tests/0001.png
1605966943830521428 : Checking separation double page angle 90.53945493634917
1605966943830596428 : Checking separation double page y=0 2485
1605966949798317178 : Checking page rotation 1 0.75
1605966956727801888 : Checking page rotation 2 0.2
1605966958316578546 : Checking image 1 crop x1 330
1605966958316665147 : Checking image 1 crop y1 336
1605966958316711047 : Checking image 1 crop x2 2343
1605966958316753047 : Checking image 1 crop y2 3223
1605966960136750863 : Checking image 2 crop x1 169
1605966960136845363 : Checking image 2 crop y1 648
1605966960136896763 : Checking image 2 crop x2 2186
1605966960136980464 : Checking image 2 crop y2 3361
1605966960171531119 : Checking image 1 dpi 300
1605966960171656219 : Checking image 1 border top 324
1605966960171699019 : Checking image 1 border bottom 276
1605966960171735019 : Checking image 1 border left 223
1605966960171770319 : Checking image 1 border right 223
1605966960174303223 : Checking image 2 dpi 300
1605966960174388323 : Checking image 2 border top 671
1605966960174427823 : Checking image 2 border bottom 103
1605966960174462923 : Checking image 2 border left 221
1605966960174498023 : Checking image 2 border right 221

</system-out><system-err>--------------------------------- Captured Err ---------------------------------

</system-err></testcase><testcase classname="tests.test_images" name="test_2_pages_2_contours_png" time="23.628"><system-out>--------------------------------- Captured Log ---------------------------------

--------------------------------- Captured Out ---------------------------------
/home/runner/work/ocr-book/ocr-book/tests/2-pages-2-contours.png
1605966973804071199 : Checking separation double page angle 90.15647898380502
1605966973804143399 : Checking separation double page y=0 2489
1605966975919312650 : Checking page rotation 1 0.05
1605966981589246084 : Checking page rotation 2 0.35000000000000003
1605966982364867457 : Checking image 1 crop x1 1186
1605966982364932857 : Checking image 1 crop y1 1720
1605966982364962757 : Checking image 1 crop x2 1187
1605966982364990157 : Checking image 1 crop y2 1721
1605966983792286310 : Checking image 2 crop x1 102
1605966983792375510 : Checking image 2 crop y1 240
1605966983792417810 : Checking image 2 crop x2 2149
1605966983792456710 : Checking image 2 crop y2 3239
1605966983824808359 : Checking image 1 dpi 300
1605966983824878259 : Checking image 1 border top 1753
1605966983824911959 : Checking image 1 border bottom 1753
1605966983824942359 : Checking image 1 border left 1239
1605966983824971859 : Checking image 1 border right 1239
1605966983826441661 : Checking image 2 dpi 300
1605966983826514261 : Checking image 2 border top 229
1605966983826546561 : Checking image 2 border bottom 259
1605966983826616662 : Checking image 2 border left 206
1605966983826662562 : Checking image 2 border right 206

</system-out><system-err>--------------------------------- Captured Err ---------------------------------

</system-err></testcase><testcase classname="tests.test_images" name="test_black_border_not_removed_png" time="45.443"><system-out>--------------------------------- Captured Log ---------------------------------

--------------------------------- Captured Out ---------------------------------
/home/runner/work/ocr-book/ocr-book/tests/black-border-not-removed.png
1605967010711834835 : Checking separation double page angle 89.9903688802698
1605967010711926435 : Checking separation double page y=0 2455
1605967016644569915 : Checking page rotation 1 0.0
1605967025346494934 : Checking page rotation 2 0.0
1605967027161547487 : Checking image 1 crop x1 297
1605967027161623287 : Checking image 1 crop y1 143
1605967027161662087 : Checking image 1 crop x2 2309
1605967027161696887 : Checking image 1 crop y2 3346
1605967029222507879 : Checking image 2 crop x1 156
1605967029222590079 : Checking image 2 crop y1 145
1605967029222649979 : Checking image 2 crop x2 2168
1605967029222687779 : Checking image 2 crop y2 3352
1605967029257828829 : Checking image 1 dpi 300
1605967029257920129 : Checking image 1 border top 128
1605967029257958229 : Checking image 1 border bottom 156
1605967029257990429 : Checking image 1 border left 224
1605967029258022329 : Checking image 1 border right 224
1605967029260540632 : Checking image 2 dpi 300
1605967029260609633 : Checking image 2 border top 130
1605967029260643933 : Checking image 2 border bottom 150
1605967029260674533 : Checking image 2 border left 224
1605967029260705033 : Checking image 2 border right 224

</system-out><system-err>--------------------------------- Captured Err ---------------------------------

</system-err></testcase><testcase classname="tests.test_images" name="test_image_failed_to_rotate_png" time="43.881"><system-out>--------------------------------- Captured Log ---------------------------------

--------------------------------- Captured Out ---------------------------------
/home/runner/work/ocr-book/ocr-book/tests/image_failed_to_rotate.png
1605967048560307920 : Checking separation double page angle 90.14353501543772
1605967048560411720 : Checking separation double page y=0 2476
1605967053570811098 : Checking page rotation 1 0.35000000000000003
1605967060634254248 : Checking page rotation 2 0.45
1605967071260994080 : Checking image 1 crop x1 34
1605967071261099080 : Checking image 1 crop y1 1
1605967071261160380 : Checking image 1 crop x2 2474
1605967071261199480 : Checking image 1 crop y2 3500
1605967072999190231 : Checking image 2 crop x1 171
1605967072999277731 : Checking image 2 crop y1 234
1605967072999317931 : Checking image 2 crop x2 2250
1605967072999353831 : Checking image 2 crop y2 3355
1605967073040179286 : Checking image 1 dpi 300
1605967073040264286 : Checking image 1 border top 4
1605967073040298586 : Checking image 1 border bottom 4
1605967073040326887 : Checking image 1 border left 20
1605967073040355287 : Checking image 1 border right 20
1605967073042797690 : Checking image 2 dpi 300
1605967073042891990 : Checking image 2 border top 206
1605967073042927990 : Checking image 2 border bottom 160
1605967073042960190 : Checking image 2 border left 190
1605967073042995890 : Checking image 2 border right 190

</system-out><system-err>--------------------------------- Captured Err ---------------------------------

</system-err></testcase><testcase classname="tests.test_images" name="test_image_failed_to_crop_data_png" time="45.410"><system-out>--------------------------------- Captured Log ---------------------------------

--------------------------------- Captured Out ---------------------------------
/home/runner/work/ocr-book/ocr-book/tests/image_failed_to_crop_data.png
1605967095243527873 : Checking separation double page angle 90.06228874101497
1605967095243605573 : Checking separation double page y=0 2482
1605967101208774086 : Checking page rotation 1 0.2
1605967106522319459 : Checking page rotation 2 0.05
1605967116891945813 : Checking image 1 crop x1 58
1605967116892035114 : Checking image 1 crop y1 8
1605967116892078014 : Checking image 1 crop x2 2480
1605967116892117914 : Checking image 1 crop y2 3504
1605967118439007017 : Checking image 2 crop x1 159
1605967118439097617 : Checking image 2 crop y1 217
1605967118439146417 : Checking image 2 crop x2 2240
1605967118439253118 : Checking image 2 crop y2 3350
1605967118474042941 : Checking image 1 dpi 300
1605967118474136841 : Checking image 1 border top 6
1605967118474172941 : Checking image 1 border bottom 6
1605967118474203542 : Checking image 1 border left 29
1605967118474234142 : Checking image 1 border right 29
1605967118476639050 : Checking image 2 dpi 300
1605967118476734751 : Checking image 2 border top 209
1605967118476788551 : Checking image 2 border bottom 145
1605967118476818151 : Checking image 2 border left 189
1605967118476847851 : Checking image 2 border right 189

</system-out><system-err>--------------------------------- Captured Err ---------------------------------

</system-err></testcase><testcase classname="tests.test_images" name="test_wrong_angle_split_line_png" time="55.631"><system-out>--------------------------------- Captured Log ---------------------------------

--------------------------------- Captured Out ---------------------------------
/home/runner/work/ocr-book/ocr-book/tests/wrong_angle_split_line.png
1605967145253508083 : Checking separation double page angle 90.08422009258813
1605967145253586284 : Checking separation double page y=0 2487
1605967152604191167 : Checking page rotation 1 0.0
1605967160011718803 : Checking page rotation 2 0.0
1605967170793005396 : Checking image 1 crop x1 53
1605967170793098297 : Checking image 1 crop y1 8
1605967170793139097 : Checking image 1 crop x2 2485
1605967170793177097 : Checking image 1 crop y2 3505
1605967173274271169 : Checking image 2 crop x1 154
1605967173274398870 : Checking image 2 crop y1 217
1605967173274461770 : Checking image 2 crop x2 2237
1605967173274538370 : Checking image 2 crop y2 3350
1605967173437795340 : Checking image 1 dpi 300
1605967173437962340 : Checking image 1 border top 5
1605967173438006240 : Checking image 1 border bottom 5
1605967173438042740 : Checking image 1 border left 24
1605967173438079440 : Checking image 1 border right 24
1605967173446329964 : Checking image 2 dpi 300
1605967173446461865 : Checking image 2 border top 195
1605967173446498565 : Checking image 2 border bottom 159
1605967173446530465 : Checking image 2 border left 188
1605967173446562065 : Checking image 2 border right 188

</system-out><system-err>--------------------------------- Captured Err ---------------------------------

</system-err></testcase><testcase classname="tests.test_images" name="test_angle_page_lower_split_line_png" time="31.623"><system-out>--------------------------------- Captured Log ---------------------------------

--------------------------------- Captured Out ---------------------------------
/home/runner/work/ocr-book/ocr-book/tests/angle_page_lower_split_line.png
1605967188195158179 : Checking separation double page angle 89.74710364870903
1605967188195252579 : Checking separation double page y=0 2471
1605967195641129256 : Checking page rotation 1 -0.44999999999998863
1605967202109316916 : Checking page rotation 2 0.2
1605967204088207600 : Checking image 1 crop x1 245
1605967204088292100 : Checking image 1 crop y1 161
1605967204088337200 : Checking image 1 crop x2 2351
1605967204088378900 : Checking image 1 crop y2 3364
1605967205764552067 : Checking image 2 crop x1 153
1605967205764632267 : Checking image 2 crop y1 147
1605967205764673568 : Checking image 2 crop x2 2260
1605967205764711468 : Checking image 2 crop y2 3350
1605967205802195065 : Checking image 1 dpi 300
1605967205802328166 : Checking image 1 border top 131
1605967205802371066 : Checking image 1 border bottom 152
1605967205802404266 : Checking image 1 border left 177
1605967205802436966 : Checking image 1 border right 177
1605967205804593171 : Checking image 2 dpi 300
1605967205804659972 : Checking image 2 border top 118
1605967205804694572 : Checking image 2 border bottom 166
1605967205804725772 : Checking image 2 border left 176
1605967205804757072 : Checking image 2 border right 176

</system-out><system-err>--------------------------------- Captured Err ---------------------------------

</system-err></testcase><testcase classname="tests.test_images" name="test_wrong_split_line_png" time="32.733"><system-out>--------------------------------- Captured Log ---------------------------------

--------------------------------- Captured Out ---------------------------------
/home/runner/work/ocr-book/ocr-book/tests/wrong_split_line.png
1605967225135402069 : Checking separation double page angle 89.81531182790899
1605967225135481470 : Checking separation double page y=0 2465
1605967230150104943 : Checking page rotation 1 -0.04999999999999716
1605967235853416611 : Checking page rotation 2 0.6000000000000001
1605967237160545539 : Checking image 1 crop x1 211
1605967237160629639 : Checking image 1 crop y1 156
1605967237160674639 : Checking image 1 crop x2 2323
1605967237160715539 : Checking image 1 crop y2 3363
1605967238501471037 : Checking image 2 crop x1 124
1605967238501564137 : Checking image 2 crop y1 167
1605967238501614437 : Checking image 2 crop x2 2236
1605967238501675737 : Checking image 2 crop y2 3373
1605967238537475922 : Checking image 1 dpi 300
1605967238537741723 : Checking image 1 border top 180
1605967238537803223 : Checking image 1 border bottom 100
1605967238537840023 : Checking image 1 border left 174
1605967238537876423 : Checking image 1 border right 174
1605967238540555730 : Checking image 2 dpi 300
1605967238540668830 : Checking image 2 border top 129
1605967238540709630 : Checking image 2 border bottom 152
1605967238540745130 : Checking image 2 border left 174
1605967238540780730 : Checking image 2 border right 174

</system-out><system-err>--------------------------------- Captured Err ---------------------------------

</system-err></testcase><testcase classname="tests.test_images" name="test_crop_too_much_png" time="51.906"><system-out>--------------------------------- Captured Log ---------------------------------

--------------------------------- Captured Out ---------------------------------
/home/runner/work/ocr-book/ocr-book/tests/crop_too_much.png
1605967264086675470 : Checking separation double page angle 90.14985593620918
1605967264086753670 : Checking separation double page y=0 2457
1605967274838492848 : Checking page rotation 1 0.0
1605967285166010504 : Checking page rotation 2 0.4
1605967287791110241 : Checking image 1 crop x1 303
1605967287791196441 : Checking image 1 crop y1 148
1605967287791243342 : Checking image 1 crop x2 2313
1605967287791286742 : Checking image 1 crop y2 3351
1605967290386519088 : Checking image 2 crop x1 166
1605967290386605788 : Checking image 2 crop y1 154
1605967290386653488 : Checking image 2 crop x2 2180
1605967290386697289 : Checking image 2 crop y2 3360
1605967290433008087 : Checking image 1 dpi 300
1605967290433104988 : Checking image 1 border top 116
1605967290433143888 : Checking image 1 border bottom 168
1605967290433177488 : Checking image 1 border left 225
1605967290433210188 : Checking image 1 border right 225
1605967290435332292 : Checking image 2 dpi 300
1605967290435403492 : Checking image 2 border top 95
1605967290435458693 : Checking image 2 border bottom 186
1605967290435491193 : Checking image 2 border left 223
1605967290435542793 : Checking image 2 border right 223

</system-out><system-err>--------------------------------- Captured Err ---------------------------------

</system-err></testcase></testsuite></testsuites>