<?xml version="1.0" encoding="utf-8"?><testsuites><testsuite errors="0" failures="0" hostname="fv-az92-153" name="pytest" skipped="0" tests="29" time="901.820" timestamp="2020-12-02T20:51:13.993286"><testcase classname="tests.test_features" name="test_mock_stop_at_0" time="0.076"><system-out>--------------------------------- Captured Log ---------------------------------

--------------------------------- Captured Out ---------------------------------
/home/runner/work/ocr-book/ocr-book/tests/0001_0.png

</system-out><system-err>--------------------------------- Captured Err ---------------------------------

</system-err></testcase><testcase classname="tests.test_features" name="test_disabled_enable_debug" time="42.876"><system-out>--------------------------------- Captured Log ---------------------------------

--------------------------------- Captured Out ---------------------------------
/home/runner/work/ocr-book/ocr-book/tests/0001_debug.png
separation double page angle 90.57780420099763
separation double page y=0 2487
page rotation 1 0.75
page rotation 2 0.2
image 1 crop x1 330
image 1 crop y1 336
image 1 crop x2 2343
image 1 crop y2 3223
image 2 crop x1 169
image 2 crop y1 648
image 2 crop x2 2186
image 2 crop y2 3361
image 1 dpi 300
image 1 border top 340
image 1 border bottom 260
image 1 border left 223
image 1 border right 223
image 2 dpi 300
image 2 border top 646
image 2 border bottom 128
image 2 border left 221
image 2 border right 221

</system-out><system-err>--------------------------------- Captured Err ---------------------------------

</system-err></testcase><testcase classname="tests.test_features" name="test_mock_stop_at_2" time="49.283"><system-out>--------------------------------- Captured Log ---------------------------------

--------------------------------- Captured Out ---------------------------------
/home/runner/work/ocr-book/ocr-book/tests/0001_2.png
separation double page angle 90.57780420099763
separation double page y=0 2487
page rotation 1 0.75
page rotation 2 0.2

</system-out><system-err>--------------------------------- Captured Err ---------------------------------

</system-err></testcase><testcase classname="tests.test_features" name="test_mock_stop_at_1" time="33.467"><system-out>--------------------------------- Captured Log ---------------------------------

--------------------------------- Captured Out ---------------------------------
/home/runner/work/ocr-book/ocr-book/tests/0001_1.png
separation double page angle 90.57780420099763
separation double page y=0 2487

</system-out><system-err>--------------------------------- Captured Err ---------------------------------

</system-err></testcase><testcase classname="tests.test_features" name="test_mock_stop_at_4" time="55.716"><system-out>--------------------------------- Captured Log ---------------------------------

--------------------------------- Captured Out ---------------------------------
/home/runner/work/ocr-book/ocr-book/tests/0001_4.png
separation double page angle 90.57780420099763
separation double page y=0 2487
page rotation 1 0.75
page rotation 2 0.2
image 1 crop x1 330
image 1 crop y1 336
image 1 crop x2 2343
image 1 crop y2 3223
image 2 crop x1 169
image 2 crop y1 648
image 2 crop x2 2186
image 2 crop y2 3361
image 1 dpi 300
image 1 border top 340
image 1 border bottom 260
image 1 border left 223
image 1 border right 223
image 2 dpi 300
image 2 border top 646
image 2 border bottom 128
image 2 border left 221
image 2 border right 221

</system-out><system-err>--------------------------------- Captured Err ---------------------------------

</system-err></testcase><testcase classname="tests.test_features" name="test_mock_stop_at_3" time="56.088"><system-out>--------------------------------- Captured Log ---------------------------------

--------------------------------- Captured Out ---------------------------------
/home/runner/work/ocr-book/ocr-book/tests/0001_3.png
separation double page angle 90.57780420099763
separation double page y=0 2487
page rotation 1 0.75
page rotation 2 0.2
image 1 crop x1 330
image 1 crop y1 336
image 1 crop x2 2343
image 1 crop y2 3223
image 2 crop x1 169
image 2 crop y1 648
image 2 crop x2 2186
image 2 crop y2 3361

</system-out><system-err>--------------------------------- Captured Err ---------------------------------

</system-err></testcase><testcase classname="tests.test_images" name="test_0001_png" time="55.986"><system-out>--------------------------------- Captured Log ---------------------------------

--------------------------------- Captured Out ---------------------------------
/home/runner/work/ocr-book/ocr-book/tests/0001.png
1606942413447445600 : Checking separation double page angle 90.57780420099763
1606942413447555605 : Checking separation double page y=0 2487
1606942420729271161 : Checking page rotation 1 0.75
1606942429263446387 : Checking page rotation 2 0.2
1606942432733123170 : Checking image 1 crop x1 330
1606942432733258676 : Checking image 1 crop y1 336
1606942432733305278 : Checking image 1 crop x2 2343
1606942432733346880 : Checking image 1 crop y2 3223
1606942436072007849 : Checking image 2 crop x1 169
1606942436072140155 : Checking image 2 crop y1 648
1606942436072222258 : Checking image 2 crop x2 2186
1606942436072264460 : Checking image 2 crop y2 3361
1606942436109784691 : Checking image 1 dpi 300
1606942436109904597 : Checking image 1 border top 340
1606942436109944898 : Checking image 1 border bottom 260
1606942436109980800 : Checking image 1 border left 223
1606942436110016001 : Checking image 1 border right 223
1606942436111956286 : Checking image 2 dpi 300
1606942436112037489 : Checking image 2 border top 646
1606942436112073991 : Checking image 2 border bottom 128
1606942436112108492 : Checking image 2 border left 221
1606942436112143494 : Checking image 2 border right 221

</system-out><system-err>--------------------------------- Captured Err ---------------------------------

</system-err></testcase><testcase classname="tests.test_features" name="test_mock_stop_at_5" time="55.489"><system-out>--------------------------------- Captured Log ---------------------------------

--------------------------------- Captured Out ---------------------------------
/home/runner/work/ocr-book/ocr-book/tests/0001_5.png
separation double page angle 90.57780420099763
separation double page y=0 2487
page rotation 1 0.75
page rotation 2 0.2
image 1 crop x1 330
image 1 crop y1 336
image 1 crop x2 2343
image 1 crop y2 3223
image 2 crop x1 169
image 2 crop y1 648
image 2 crop x2 2186
image 2 crop y2 3361
image 1 dpi 300
image 1 border top 340
image 1 border bottom 260
image 1 border left 223
image 1 border right 223
image 2 dpi 300
image 2 border top 646
image 2 border bottom 128
image 2 border left 221
image 2 border right 221

</system-out><system-err>--------------------------------- Captured Err ---------------------------------

</system-err></testcase><testcase classname="tests.test_images" name="test_2_pages_2_contours_png" time="38.101"><system-out>--------------------------------- Captured Log ---------------------------------

--------------------------------- Captured Out ---------------------------------
/home/runner/work/ocr-book/ocr-book/tests/2-pages-2-contours.png
1606942459804451676 : Checking separation double page angle 89.91958537671144
1606942459804554080 : Checking separation double page y=0 2492
1606942462278511658 : Checking page rotation 1 0.05
1606942468820046348 : Checking page rotation 2 0.35000000000000003
1606942469954856703 : Checking image 1 crop x1 1191
1606942469954973508 : Checking image 1 crop y1 1733
1606942469955011710 : Checking image 1 crop x2 1192
1606942469955046011 : Checking image 1 crop y2 1734
1606942474190639429 : Checking image 2 crop x1 89
1606942474190776635 : Checking image 2 crop y1 240
1606942474190822737 : Checking image 2 crop x2 2136
1606942474190866139 : Checking image 2 crop y2 3239
1606942474227758021 : Checking image 1 dpi 300
1606942474227869726 : Checking image 1 border top 1752
1606942474227908528 : Checking image 1 border bottom 1753
1606942474227943929 : Checking image 1 border left 1239
1606942474227978731 : Checking image 1 border right 1239
1606942474229218484 : Checking image 2 dpi 300
1606942474229311688 : Checking image 2 border top 231
1606942474229352290 : Checking image 2 border bottom 257
1606942474229386391 : Checking image 2 border left 206
1606942474229420793 : Checking image 2 border right 206

</system-out><system-err>--------------------------------- Captured Err ---------------------------------

</system-err></testcase><testcase classname="tests.test_images" name="test_image_failed_to_crop_data_png" time="62.544"><system-out>--------------------------------- Captured Log ---------------------------------

--------------------------------- Captured Out ---------------------------------
/home/runner/work/ocr-book/ocr-book/tests/image_failed_to_crop_data.png
1606942496102014629 : Checking separation double page angle 89.91538216173362
1606942496102117240 : Checking separation double page y=0 2477
1606942502277753919 : Checking page rotation 1 0.2
1606942508569375786 : Checking page rotation 2 0.0
1606942520246856639 : Checking image 1 crop x1 58
1606942520246996053 : Checking image 1 crop y1 8
1606942520247040457 : Checking image 1 crop x2 2480
1606942520247079961 : Checking image 1 crop y2 3504
1606942525414441939 : Checking image 2 crop x1 159
1606942525414583654 : Checking image 2 crop y1 217
1606942525414630558 : Checking image 2 crop x2 2241
1606942525414676263 : Checking image 2 crop y2 3350
1606942525450704686 : Checking image 1 dpi 300
1606942525450830999 : Checking image 1 border top 6
1606942525450872803 : Checking image 1 border bottom 6
1606942525450908007 : Checking image 1 border left 29
1606942525450943110 : Checking image 1 border right 29
1606942525452718789 : Checking image 2 dpi 300
1606942525452807198 : Checking image 2 border top 225
1606942525452844101 : Checking image 2 border bottom 129
1606942525452878805 : Checking image 2 border left 189
1606942525452913008 : Checking image 2 border right 189

</system-out><system-err>--------------------------------- Captured Err ---------------------------------

</system-err></testcase><testcase classname="tests.test_images" name="test_black_border_not_removed_png" time="64.654"><system-out>--------------------------------- Captured Log ---------------------------------

--------------------------------- Captured Out ---------------------------------
/home/runner/work/ocr-book/ocr-book/tests/black-border-not-removed.png
1606942510828359766 : Checking separation double page angle 90.02895758682553
1606942510828462577 : Checking separation double page y=0 2456
1606942518537628292 : Checking page rotation 1 0.0
1606942529284749813 : Checking page rotation 2 0.0
1606942532892480579 : Checking image 1 crop x1 297
1606942532892568687 : Checking image 1 crop y1 143
1606942532892612192 : Checking image 1 crop x2 2309
1606942532892653396 : Checking image 1 crop y2 3346
1606942538837252829 : Checking image 2 crop x1 157
1606942538837388342 : Checking image 2 crop y1 145
1606942538837436147 : Checking image 2 crop x2 2169
1606942538837479651 : Checking image 2 crop y2 3352
1606942538877167640 : Checking image 1 dpi 300
1606942538877294352 : Checking image 1 border top 130
1606942538877333656 : Checking image 1 border bottom 154
1606942538877369860 : Checking image 1 border left 224
1606942538877405263 : Checking image 1 border right 224
1606942538879632482 : Checking image 2 dpi 300
1606942538879719090 : Checking image 2 border top 139
1606942538879756094 : Checking image 2 border bottom 141
1606942538879790997 : Checking image 2 border left 224
1606942538879825901 : Checking image 2 border right 224

</system-out><system-err>--------------------------------- Captured Err ---------------------------------

</system-err></testcase><testcase classname="tests.test_images" name="test_wrong_angle_split_line_png" time="72.135"><system-out>--------------------------------- Captured Log ---------------------------------

--------------------------------- Captured Out ---------------------------------
/home/runner/work/ocr-book/ocr-book/tests/wrong_angle_split_line.png
1606942561413991539 : Checking separation double page angle 90.04193420006348
1606942561414095049 : Checking separation double page y=0 2477
1606942569636257337 : Checking page rotation 1 0.2
1606942578344636240 : Checking page rotation 2 0.05
1606942590858551488 : Checking image 1 crop x1 61
1606942590858695301 : Checking image 1 crop y1 7
1606942590858738904 : Checking image 1 crop x2 2475
1606942590858778108 : Checking image 1 crop y2 3500
1606942596646329982 : Checking image 2 crop x1 163
1606942596646472995 : Checking image 2 crop y1 218
1606942596646519499 : Checking image 2 crop x2 2243
1606942596646563503 : Checking image 2 crop y2 3350
1606942596832971997 : Checking image 1 dpi 300
1606942596833100008 : Checking image 1 border top 7
1606942596833139412 : Checking image 1 border bottom 7
1606942596833174515 : Checking image 1 border left 33
1606942596833211818 : Checking image 1 border right 33
1606942596839950811 : Checking image 2 dpi 300
1606942596840058520 : Checking image 2 border top 219
1606942596840096224 : Checking image 2 border bottom 136
1606942596840131427 : Checking image 2 border left 190
1606942596840179031 : Checking image 2 border right 190

</system-out><system-err>--------------------------------- Captured Err ---------------------------------

</system-err></testcase><testcase classname="tests.test_images" name="test_image_failed_to_rotate_png" time="63.571"><system-out>--------------------------------- Captured Log ---------------------------------

--------------------------------- Captured Out ---------------------------------
/home/runner/work/ocr-book/ocr-book/tests/image_failed_to_rotate.png
1606942570934630168 : Checking separation double page angle 90.19634423290287
1606942570934730077 : Checking separation double page y=0 2482
1606942576486106205 : Checking page rotation 1 0.35000000000000003
1606942584772041783 : Checking page rotation 2 0.45
1606942596756809799 : Checking image 1 crop x1 34
1606942596756941010 : Checking image 1 crop y1 1
1606942596756984714 : Checking image 1 crop x2 2480
1606942596757023817 : Checking image 1 crop y2 3500
1606942602289080000 : Checking image 2 crop x1 169
1606942602289217712 : Checking image 2 crop y1 234
1606942602289263716 : Checking image 2 crop x2 2248
1606942602289307620 : Checking image 2 crop y2 3355
1606942602335889174 : Checking image 1 dpi 300
1606942602336011385 : Checking image 1 border top 4
1606942602336052488 : Checking image 1 border bottom 4
1606942602336087391 : Checking image 1 border left 17
1606942602336122695 : Checking image 1 border right 17
1606942602338765625 : Checking image 2 dpi 300
1606942602338869234 : Checking image 2 border top 220
1606942602338906137 : Checking image 2 border bottom 146
1606942602338940740 : Checking image 2 border left 190
1606942602338975443 : Checking image 2 border right 190

</system-out><system-err>--------------------------------- Captured Err ---------------------------------

</system-err></testcase><testcase classname="tests.test_images" name="test_angle_page_lower_split_line_png" time="61.129"><system-out>--------------------------------- Captured Log ---------------------------------

--------------------------------- Captured Out ---------------------------------
/home/runner/work/ocr-book/ocr-book/tests/angle_page_lower_split_line.png
1606942636257597840 : Checking separation double page angle 89.75201324945476
1606942636257698348 : Checking separation double page y=0 2473
1606942645805766272 : Checking page rotation 1 -0.44999999999998863
1606942652974726201 : Checking page rotation 2 0.2
1606942655961674724 : Checking image 1 crop x1 245
1606942655961810635 : Checking image 1 crop y1 161
1606942655961856638 : Checking image 1 crop x2 2351
1606942655961900042 : Checking image 1 crop y2 3364
1606942658751623602 : Checking image 2 crop x1 151
1606942658751756413 : Checking image 2 crop y1 147
1606942658751803116 : Checking image 2 crop x2 2258
1606942658751846920 : Checking image 2 crop y2 3350
1606942658792709967 : Checking image 1 dpi 300
1606942658792821376 : Checking image 1 border top 132
1606942658792860979 : Checking image 1 border bottom 152
1606942658792896982 : Checking image 1 border left 177
1606942658792932285 : Checking image 1 border right 177
1606942658795024351 : Checking image 2 dpi 300
1606942658795106857 : Checking image 2 border top 116
1606942658795142960 : Checking image 2 border bottom 168
1606942658795177763 : Checking image 2 border left 176
1606942658795212366 : Checking image 2 border right 176

</system-out><system-err>--------------------------------- Captured Err ---------------------------------

</system-err></testcase><testcase classname="tests.test_images" name="test_wrong_split_line_png" time="46.547"><system-out>--------------------------------- Captured Log ---------------------------------

--------------------------------- Captured Out ---------------------------------
/home/runner/work/ocr-book/ocr-book/tests/wrong_split_line.png
1606942631340786806 : Checking separation double page angle 89.85895720607971
1606942631340884714 : Checking separation double page y=0 2463
1606942637051452522 : Checking page rotation 1 -0.14999999999999147
1606942644012480552 : Checking page rotation 2 0.65
1606942646401576327 : Checking image 1 crop x1 213
1606942646401721639 : Checking image 1 crop y1 157
1606942646401768343 : Checking image 1 crop x2 2323
1606942646401812346 : Checking image 1 crop y2 3362
1606942648965526008 : Checking image 2 crop x1 126
1606942648965668319 : Checking image 2 crop y1 167
1606942648965714923 : Checking image 2 crop x2 2237
1606942648965758626 : Checking image 2 crop y2 3372
1606942649005410926 : Checking image 1 dpi 300
1606942649005538036 : Checking image 1 border top 115
1606942649005578940 : Checking image 1 border bottom 167
1606942649005614642 : Checking image 1 border left 175
1606942649005649745 : Checking image 1 border right 175
1606942649008207051 : Checking image 2 dpi 300
1606942649008303759 : Checking image 2 border top 142
1606942649008341062 : Checking image 2 border bottom 140
1606942649008375565 : Checking image 2 border left 174
1606942649008410568 : Checking image 2 border right 174

</system-out><system-err>--------------------------------- Captured Err ---------------------------------

</system-err></testcase><testcase classname="tests.test_images" name="test_crop_too_much_png" time="86.165"><system-out>--------------------------------- Captured Log ---------------------------------

--------------------------------- Captured Out ---------------------------------
/home/runner/work/ocr-book/ocr-book/tests/crop_too_much.png
1606942699017853307 : Checking separation double page angle 90.13239409272953
1606942699017953015 : Checking separation double page y=0 2453
1606942711780291058 : Checking page rotation 1 0.0
1606942724897735933 : Checking page rotation 2 0.45
1606942730521712997 : Checking image 1 crop x1 303
1606942730521852307 : Checking image 1 crop y1 148
1606942730521899110 : Checking image 1 crop x2 2313
1606942730521940613 : Checking image 1 crop y2 3351
1606942735101915751 : Checking image 2 crop x1 170
1606942735102055661 : Checking image 2 crop y1 155
1606942735102101464 : Checking image 2 crop x2 2181
1606942735102144467 : Checking image 2 crop y2 3359
1606942735154276491 : Checking image 1 dpi 300
1606942735154398699 : Checking image 1 border top 131
1606942735154438602 : Checking image 1 border bottom 153
1606942735154474205 : Checking image 1 border left 225
1606942735154509207 : Checking image 1 border right 225
1606942735156640360 : Checking image 2 dpi 300
1606942735156730766 : Checking image 2 border top 139
1606942735156767769 : Checking image 2 border bottom 144
1606942735156803171 : Checking image 2 border left 224
1606942735156837374 : Checking image 2 border right 224

</system-out><system-err>--------------------------------- Captured Err ---------------------------------

</system-err></testcase><testcase classname="tests.test_images" name="test_crop_too_few_png" time="50.706"><system-out>--------------------------------- Captured Log ---------------------------------

--------------------------------- Captured Out ---------------------------------
/home/runner/work/ocr-book/ocr-book/tests/crop_too_few.png
1606942690908833243 : Checking separation double page angle 89.39669496435833
1606942690908930650 : Checking separation double page y=0 2510
1606942697505466549 : Checking page rotation 1 -0.75
1606942704612007178 : Checking page rotation 2 0.05
1606942707153835974 : Checking image 1 crop x1 265
1606942707153972984 : Checking image 1 crop y1 152
1606942707154019487 : Checking image 1 crop x2 2375
1606942707154061390 : Checking image 1 crop y2 3356
1606942709468215811 : Checking image 2 crop x1 135
1606942709468356922 : Checking image 2 crop y1 141
1606942709468403125 : Checking image 2 crop x2 2261
1606942709468447028 : Checking image 2 crop y2 3345
1606942709508570992 : Checking image 1 dpi 300
1606942709508687701 : Checking image 1 border top 116
1606942709508728004 : Checking image 1 border bottom 167
1606942709508763507 : Checking image 1 border left 175
1606942709508799009 : Checking image 1 border right 175
1606942709510535738 : Checking image 2 dpi 300
1606942709510615443 : Checking image 2 border top 143
1606942709510652146 : Checking image 2 border bottom 140
1606942709510687049 : Checking image 2 border left 167
1606942709510721251 : Checking image 2 border right 167

</system-out><system-err>--------------------------------- Captured Err ---------------------------------

</system-err></testcase><testcase classname="tests.test_images" name="test_crop_too_much_2_png" time="85.765"><system-out>--------------------------------- Captured Log ---------------------------------

--------------------------------- Captured Out ---------------------------------
/home/runner/work/ocr-book/ocr-book/tests/crop_too_much_2.png
1606942758629526271 : Checking separation double page angle 90.2021118646249
1606942758629629878 : Checking separation double page y=0 2477
1606942772054290036 : Checking page rotation 1 0.2
1606942785684201626 : Checking page rotation 2 0.2
1606942789853147364 : Checking image 1 crop x1 332
1606942789853239670 : Checking image 1 crop y1 131
1606942789853283273 : Checking image 1 crop x2 2342
1606942789853324676 : Checking image 1 crop y2 3336
1606942795183381403 : Checking image 2 crop x1 168
1606942795183516812 : Checking image 2 crop y1 139
1606942795183563215 : Checking image 2 crop x2 2181
1606942795183607718 : Checking image 2 crop y2 3345
1606942795242032211 : Checking image 1 dpi 300
1606942795242152019 : Checking image 1 border top 116
1606942795242191722 : Checking image 1 border bottom 166
1606942795242227324 : Checking image 1 border left 225
1606942795242262527 : Checking image 1 border right 225
1606942795244325464 : Checking image 2 dpi 300
1606942795244411370 : Checking image 2 border top 133
1606942795244448172 : Checking image 2 border bottom 148
1606942795244482974 : Checking image 2 border left 223
1606942795244517977 : Checking image 2 border right 223

</system-out><system-err>--------------------------------- Captured Err ---------------------------------

</system-err></testcase><testcase classname="tests.test_images" name="test_wrong_split_line_2_png" time="105.955"><system-out>--------------------------------- Captured Log ---------------------------------

--------------------------------- Captured Out ---------------------------------
/home/runner/work/ocr-book/ocr-book/tests/wrong_split_line_2.png
1606942795228285695 : Checking separation double page angle 90.3838786217729
1606942795228388302 : Checking separation double page y=0 2442
1606942807557599558 : Checking page rotation 1 0.05
1606942821033417945 : Checking page rotation 2 0.4
1606942829562398946 : Checking image 1 crop x1 294
1606942829562538755 : Checking image 1 crop y1 137
1606942829562584358 : Checking image 1 crop x2 2326
1606942829562625261 : Checking image 1 crop y2 3375
1606942841056294146 : Checking image 2 crop x1 146
1606942841056429355 : Checking image 2 crop y1 192
1606942841056475058 : Checking image 2 crop x2 2173
1606942841056518361 : Checking image 2 crop y2 3386
1606942841109375826 : Checking image 1 dpi 300
1606942841109493833 : Checking image 1 border top 125
1606942841109533536 : Checking image 1 border bottom 124
1606942841109568638 : Checking image 1 border left 214
1606942841109603240 : Checking image 1 border right 214
1606942841111580366 : Checking image 2 dpi 300
1606942841111658771 : Checking image 2 border top 184
1606942841111695373 : Checking image 2 border bottom 109
1606942841111729576 : Checking image 2 border left 216
1606942841111763778 : Checking image 2 border right 216

</system-out><system-err>--------------------------------- Captured Err ---------------------------------

</system-err></testcase><testcase classname="tests.test_images" name="test_small_wave_png" time="74.134"><system-out>--------------------------------- Captured Log ---------------------------------

--------------------------------- Captured Out ---------------------------------
/home/runner/work/ocr-book/ocr-book/tests/small_wave.png
1606942842081100183 : Checking separation double page angle 90.61316928841566
1606942842081195989 : Checking separation double page y=0 2495
1606942853617100822 : Checking page rotation 1 0.7000000000000001
1606942863976311188 : Checking page rotation 2 0.7000000000000001
1606942866585296275 : Checking image 1 crop x1 322
1606942866585501688 : Checking image 1 crop y1 199
1606942866585551991 : Checking image 1 crop x2 2351
1606942866585594294 : Checking image 1 crop y2 3394
1606942869344802452 : Checking image 2 crop x1 135
1606942869344936861 : Checking image 2 crop y1 223
1606942869344983264 : Checking image 2 crop x2 2164
1606942869345027366 : Checking image 2 crop y2 3419
1606942869389948456 : Checking image 1 dpi 300
1606942869390065363 : Checking image 1 border top 177
1606942869390106165 : Checking image 1 border bottom 115
1606942869390141768 : Checking image 1 border left 215
1606942869390176770 : Checking image 1 border right 215
1606942869392246098 : Checking image 2 dpi 300
1606942869392334604 : Checking image 2 border top 191
1606942869392371706 : Checking image 2 border bottom 100
1606942869392406608 : Checking image 2 border left 215
1606942869392441310 : Checking image 2 border right 215

</system-out><system-err>--------------------------------- Captured Err ---------------------------------

</system-err></testcase><testcase classname="tests.test_images" name="test_wrong_split_line_3_png" time="65.079"><system-out>--------------------------------- Captured Log ---------------------------------

--------------------------------- Captured Out ---------------------------------
/home/runner/work/ocr-book/ocr-book/tests/wrong_split_line_3.png
1606942882201811708 : Checking separation double page angle 90.43729500214693
1606942882201911514 : Checking separation double page y=0 2498
1606942892860624250 : Checking page rotation 1 0.30000000000000004
1606942901112742682 : Checking page rotation 2 0.9
1606942903497320762 : Checking image 1 crop x1 331
1606942903497447569 : Checking image 1 crop y1 165
1606942903497493272 : Checking image 1 crop x2 2375
1606942903497534175 : Checking image 1 crop y2 3376
1606942906165394976 : Checking image 2 crop x1 102
1606942906165529985 : Checking image 2 crop y1 208
1606942906165576687 : Checking image 2 crop x2 2133
1606942906165618690 : Checking image 2 crop y2 3413
1606942906207551417 : Checking image 1 dpi 300
1606942906207671224 : Checking image 1 border top 150
1606942906207710827 : Checking image 1 border bottom 126
1606942906207746529 : Checking image 1 border left 208
1606942906207781731 : Checking image 1 border right 208
1606942906209828954 : Checking image 2 dpi 300
1606942906209914860 : Checking image 2 border top 190
1606942906209951862 : Checking image 2 border bottom 92
1606942906209986064 : Checking image 2 border left 214
1606942906210020466 : Checking image 2 border right 214

</system-out><system-err>--------------------------------- Captured Err ---------------------------------

</system-err></testcase><testcase classname="tests.test_images" name="test_wrong_wave_split_line_png" time="90.875"><system-out>--------------------------------- Captured Log ---------------------------------

--------------------------------- Captured Out ---------------------------------
/home/runner/work/ocr-book/ocr-book/tests/wrong_wave_split_line.png
1606942919940051725 : Checking separation double page angle 90.5287860410772
1606942919940153931 : Checking separation double page y=0 2502
1606942931155949893 : Checking page rotation 1 -0.14999999999999147
1606942941458969690 : Checking page rotation 2 0.8500000000000001
1606942952788698557 : Checking image 1 crop x1 385
1606942952788838165 : Checking image 1 crop y1 179
1606942952788883968 : Checking image 1 crop x2 2411
1606942952788925671 : Checking image 1 crop y2 3374
1606942960221188557 : Checking image 2 crop x1 124
1606942960221320965 : Checking image 2 crop y1 58
1606942960221367668 : Checking image 2 crop x2 2410
1606942960221411370 : Checking image 2 crop y2 3392
1606942960275219193 : Checking image 1 dpi 300
1606942960275337400 : Checking image 1 border top 167
1606942960275377303 : Checking image 1 border bottom 124
1606942960275413605 : Checking image 1 border left 217
1606942960275448707 : Checking image 1 border right 217
1606942960277511226 : Checking image 2 dpi 300
1606942960277596631 : Checking image 2 border top 0
1606942960277635734 : Checking image 2 border bottom 163
1606942960277670336 : Checking image 2 border left 92
1606942960277705238 : Checking image 2 border right 92

</system-out><system-err>--------------------------------- Captured Err ---------------------------------

</system-err></testcase><testcase classname="tests.test_images" name="test_no_split_line_line_algo_png" time="56.364"><system-out>--------------------------------- Captured Log ---------------------------------

--------------------------------- Captured Out ---------------------------------
/home/runner/work/ocr-book/ocr-book/tests/no_split_line_line_algo.png
1606942939950389983 : Checking separation double page angle 89.47691469185418
1606942939950494889 : Checking separation double page y=0 2476
1606942945788127561 : Checking page rotation 1 -0.14999999999999147
1606942956408288942 : Checking page rotation 2 -0.44999999999998863
1606942958371388710 : Checking image 1 crop x1 205
1606942958371523617 : Checking image 1 crop y1 158
1606942958371569320 : Checking image 1 crop x2 2320
1606942958371611223 : Checking image 1 crop y2 3366
1606942962531625181 : Checking image 2 crop x1 185
1606942962531759989 : Checking image 2 crop y1 221
1606942962531806391 : Checking image 2 crop x2 2201
1606942962531848394 : Checking image 2 crop y2 3366
1606942962579506556 : Checking image 1 dpi 300
1606942962579632364 : Checking image 1 border top 137
1606942962579671166 : Checking image 1 border bottom 142
1606942962579705768 : Checking image 1 border left 172
1606942962579740370 : Checking image 1 border right 172
1606942962581835891 : Checking image 2 dpi 300
1606942962581922696 : Checking image 2 border top 225
1606942962581958898 : Checking image 2 border bottom 117
1606942962581993000 : Checking image 2 border left 222
1606942962582027402 : Checking image 2 border right 222

</system-out><system-err>--------------------------------- Captured Err ---------------------------------

</system-err></testcase><testcase classname="tests.test_images" name="test_failed_split_line_line_algo_png" time="25.862"><system-out>--------------------------------- Captured Log ---------------------------------

--------------------------------- Captured Out ---------------------------------
/home/runner/work/ocr-book/ocr-book/tests/failed_split_line_line_algo.png
1606942977869442309 : Checking separation double page angle 90.01634220573249
1606942977869541715 : Checking separation double page y=0 2575
1606942981505403448 : Checking page rotation 1 -0.14999999999999147
1606942983850167495 : Checking page rotation 2 0.05
1606942985394435205 : Checking image 1 crop x1 407
1606942985394569413 : Checking image 1 crop y1 2925
1606942985394614916 : Checking image 1 crop x2 2419
1606942985394655518 : Checking image 1 crop y2 3174
1606942986184583362 : Checking image 2 crop x1 1180
1606942986184657466 : Checking image 2 crop y1 1724
1606942986184690168 : Checking image 2 crop x2 1181
1606942986184721770 : Checking image 2 crop y2 1725
1606942986184911481 : Checking image 1 dpi 300
1606942986184983485 : Checking image 1 border top 2930
1606942986185017887 : Checking image 1 border bottom 308
1606942986185049989 : Checking image 1 border left 224
1606942986185082991 : Checking image 1 border right 224
1606942986186497071 : Checking image 2 dpi 300
1606942986186569676 : Checking image 2 border top 1753
1606942986186602777 : Checking image 2 border bottom 1753
1606942986186635279 : Checking image 2 border left 1239
1606942986186667081 : Checking image 2 border right 1239

</system-out><system-err>--------------------------------- Captured Err ---------------------------------

</system-err></testcase><testcase classname="tests.test_images" name="test_failed_split_line_line_algo_2_png" time="72.342"><system-out>--------------------------------- Captured Log ---------------------------------

--------------------------------- Captured Out ---------------------------------
/home/runner/work/ocr-book/ocr-book/tests/failed_split_line_line_algo_2.png
1606943009158720287 : Checking separation double page angle 89.9913422057325
1606943009158822093 : Checking separation double page y=0 2498
1606943020462011635 : Checking page rotation 1 0.0
1606943029384271551 : Checking page rotation 2 0.6000000000000001
1606943032365860803 : Checking image 1 crop x1 272
1606943032365999010 : Checking image 1 crop y1 149
1606943032366045213 : Checking image 1 crop x2 2383
1606943032366086715 : Checking image 1 crop y2 3353
1606943034872625587 : Checking image 2 crop x1 121
1606943034872758095 : Checking image 2 crop y1 155
1606943034872804297 : Checking image 2 crop x2 2244
1606943034872846400 : Checking image 2 crop y2 3350
1606943034919763811 : Checking image 1 dpi 300
1606943034919887418 : Checking image 1 border top 137
1606943034919926620 : Checking image 1 border bottom 146
1606943034919961622 : Checking image 1 border left 174
1606943034919996824 : Checking image 1 border right 174
1606943034922108141 : Checking image 2 dpi 300
1606943034922196446 : Checking image 2 border top 138
1606943034922233048 : Checking image 2 border bottom 154
1606943034922267750 : Checking image 2 border left 168
1606943034922302452 : Checking image 2 border right 168

</system-out><system-err>--------------------------------- Captured Err ---------------------------------

</system-err></testcase><testcase classname="tests.test_images" name="test_crop_too_much_3_png" time="72.597"><system-out>--------------------------------- Captured Log ---------------------------------

--------------------------------- Captured Out ---------------------------------
/home/runner/work/ocr-book/ocr-book/tests/crop_too_much_3.png
1606943028390146463 : Checking separation double page angle 89.55580634783144
1606943028390249669 : Checking separation double page y=0 2499
1606943037194859839 : Checking page rotation 1 -0.9499999999999886
1606943050038246495 : Checking page rotation 2 -0.14999999999999147
1606943054385878407 : Checking image 1 crop x1 373
1606943054386017115 : Checking image 1 crop y1 258
1606943054386063418 : Checking image 1 crop x2 2386
1606943054386105620 : Checking image 1 crop y2 3458
1606943058695401041 : Checking image 2 crop x1 167
1606943058695534749 : Checking image 2 crop y1 228
1606943058695580351 : Checking image 2 crop x2 2180
1606943058695624554 : Checking image 2 crop y2 3417
1606943058747711920 : Checking image 1 dpi 300
1606943058747824726 : Checking image 1 border top 237
1606943058747863828 : Checking image 1 border bottom 50
1606943058747899430 : Checking image 1 border left 223
1606943058747934432 : Checking image 1 border right 223
1606943058750069149 : Checking image 2 dpi 300
1606943058750154854 : Checking image 2 border top 192
1606943058750192156 : Checking image 2 border bottom 106
1606943058750227158 : Checking image 2 border left 223
1606943058750262060 : Checking image 2 border right 223

</system-out><system-err>--------------------------------- Captured Err ---------------------------------

</system-err></testcase><testcase classname="tests.test_images" name="test_wrong_wave_split_line_2_png" time="73.653"><system-out>--------------------------------- Captured Log ---------------------------------

--------------------------------- Captured Out ---------------------------------
/home/runner/work/ocr-book/ocr-book/tests/wrong_wave_split_line_2.png
1606943082225696431 : Checking separation double page angle 90.7708958311329
1606943082225805137 : Checking separation double page y=0 2490
1606943091243101798 : Checking page rotation 1 0.4
1606943102265209366 : Checking page rotation 2 1.8
1606943105136635152 : Checking image 1 crop x1 224
1606943105136761659 : Checking image 1 crop y1 147
1606943105136807162 : Checking image 1 crop x2 2337
1606943105136848464 : Checking image 1 crop y2 3355
1606943108514986876 : Checking image 2 crop x1 107
1606943108515130183 : Checking image 2 crop y1 197
1606943108515176886 : Checking image 2 crop x2 2229
1606943108515217788 : Checking image 2 crop y2 3396
1606943108568994485 : Checking image 1 dpi 300
1606943108569117292 : Checking image 1 border top 126
1606943108569156294 : Checking image 1 border bottom 153
1606943108569191896 : Checking image 1 border left 173
1606943108569226798 : Checking image 1 border right 173
1606943108571276608 : Checking image 2 dpi 300
1606943108571358813 : Checking image 2 border top 170
1606943108571395315 : Checking image 2 border bottom 118
1606943108571429617 : Checking image 2 border left 169
1606943108571464018 : Checking image 2 border right 169

</system-out><system-err>--------------------------------- Captured Err ---------------------------------

</system-err></testcase><testcase classname="tests.test_images" name="test_wrong_wave_split_line_3_png" time="62.593"><system-out>--------------------------------- Captured Log ---------------------------------

--------------------------------- Captured Out ---------------------------------
/home/runner/work/ocr-book/ocr-book/tests/wrong_wave_split_line_3.png
1606943098527509759 : Checking separation double page angle 90.0586735161512
1606943098527609365 : Checking separation double page y=0 2510
1606943107939891492 : Checking page rotation 1 0.1
1606943115443667758 : Checking page rotation 2 0.35000000000000003
1606943118641106360 : Checking image 1 crop x1 272
1606943118641243068 : Checking image 1 crop y1 219
1606943118641288870 : Checking image 1 crop x2 2383
1606943118641331072 : Checking image 1 crop y2 3423
1606943121312784473 : Checking image 2 crop x1 119
1606943121312917880 : Checking image 2 crop y1 226
1606943121312964182 : Checking image 2 crop x2 2240
1606943121313007485 : Checking image 2 crop y2 3413
1606943121355919685 : Checking image 1 dpi 300
1606943121356031591 : Checking image 1 border top 190
1606943121356072393 : Checking image 1 border bottom 93
1606943121356108295 : Checking image 1 border left 174
1606943121356142697 : Checking image 1 border right 174
1606943121358205308 : Checking image 2 dpi 300
1606943121358286812 : Checking image 2 border top 190
1606943121358323514 : Checking image 2 border bottom 110
1606943121358357916 : Checking image 2 border left 169
1606943121358392218 : Checking image 2 border right 169

</system-out><system-err>--------------------------------- Captured Err ---------------------------------

</system-err></testcase><testcase classname="tests.test_images" name="test_no_split_line_wave_algo_png" time="65.340"><system-out>--------------------------------- Captured Log ---------------------------------

--------------------------------- Captured Out ---------------------------------
/home/runner/work/ocr-book/ocr-book/tests/no_split_line_wave_algo.png
1606943141316578118 : Checking separation double page angle 89.93575909193099
1606943141316680323 : Checking separation double page y=0 2482
1606943147697976659 : Checking page rotation 1 0.0
1606943156563084174 : Checking page rotation 2 -0.5499999999999972
1606943166257954055 : Checking image 1 crop x1 97
1606943166258043659 : Checking image 1 crop y1 77
1606943166258081861 : Checking image 1 crop x2 2483
1606943166258119063 : Checking image 1 crop y2 3505
1606943173825611459 : Checking image 2 crop x1 164
1606943173825701663 : Checking image 2 crop y1 266
1606943173825745566 : Checking image 2 crop x2 2241
1606943173825787068 : Checking image 2 crop y2 3382
1606943173871707187 : Checking image 1 dpi 300
1606943173871815493 : Checking image 1 border top 40
1606943173871854495 : Checking image 1 border bottom 40
1606943173871889597 : Checking image 1 border left 47
1606943173871924498 : Checking image 1 border right 47
1606943173873951205 : Checking image 2 dpi 300
1606943173874035610 : Checking image 2 border top 255
1606943173874072312 : Checking image 2 border bottom 116
1606943173874106413 : Checking image 2 border left 191
1606943173874140615 : Checking image 2 border right 191

</system-out><system-err>--------------------------------- Captured Err ---------------------------------

</system-err></testcase></testsuite></testsuites>