<?xml version="1.0" encoding="utf-8"?><testsuites><testsuite name="pytest" errors="0" failures="0" skipped="0" tests="35" time="1157.177" timestamp="2020-12-21T11:24:10.549226" hostname="fv-az70-958"><testcase classname="tests.test_features" name="test_disabled_enable_debug" time="56.403"><system-out>--------------------------------- Captured Log ---------------------------------

--------------------------------- Captured Out ---------------------------------
/home/runner/work/ocr-book/ocr-book/tests/0001_debug.png
separation double page angle 90.52780881899669
separation double page y=0 2485
page rotation 1 0.7
page rotation 2 0.2
image 1 crop x1 330
image 1 crop y1 335
image 1 crop x2 2343
image 1 crop y2 3223
image 2 crop x1 168
image 2 crop y1 648
image 2 crop x2 2185
image 2 crop y2 3361
image 1 dpi 300
image 1 border top 331
image 1 border bottom 268
image 1 border left 223
image 1 border right 223
image 2 dpi 300
image 2 border top 639
image 2 border bottom 134
image 2 border left 221
image 2 border right 221

</system-out><system-err>--------------------------------- Captured Err ---------------------------------

</system-err></testcase><testcase classname="tests.test_features" name="test_mock_stop_at_0" time="0.060"><system-out>--------------------------------- Captured Log ---------------------------------

--------------------------------- Captured Out ---------------------------------
/home/runner/work/ocr-book/ocr-book/tests/0001_0.png

</system-out><system-err>--------------------------------- Captured Err ---------------------------------

</system-err></testcase><testcase classname="tests.test_features" name="test_mock_stop_at_2" time="50.286"><system-out>--------------------------------- Captured Log ---------------------------------

--------------------------------- Captured Out ---------------------------------
/home/runner/work/ocr-book/ocr-book/tests/0001_2.png
separation double page angle 90.52780881899669
separation double page y=0 2485
page rotation 1 0.7
page rotation 2 0.2

</system-out><system-err>--------------------------------- Captured Err ---------------------------------

</system-err></testcase><testcase classname="tests.test_features" name="test_mock_stop_at_4" time="56.552"><system-out>--------------------------------- Captured Log ---------------------------------

--------------------------------- Captured Out ---------------------------------
/home/runner/work/ocr-book/ocr-book/tests/0001_4.png
separation double page angle 90.52780881899669
separation double page y=0 2485
page rotation 1 0.7
page rotation 2 0.2
image 1 crop x1 330
image 1 crop y1 335
image 1 crop x2 2343
image 1 crop y2 3223
image 2 crop x1 168
image 2 crop y1 648
image 2 crop x2 2185
image 2 crop y2 3361
image 1 dpi 300
image 1 border top 331
image 1 border bottom 268
image 1 border left 223
image 1 border right 223
image 2 dpi 300
image 2 border top 639
image 2 border bottom 134
image 2 border left 221
image 2 border right 221

</system-out><system-err>--------------------------------- Captured Err ---------------------------------

</system-err></testcase><testcase classname="tests.test_features" name="test_mock_stop_at_1" time="33.599"><system-out>--------------------------------- Captured Log ---------------------------------

--------------------------------- Captured Out ---------------------------------
/home/runner/work/ocr-book/ocr-book/tests/0001_1.png
separation double page angle 90.52780881899669
separation double page y=0 2485

</system-out><system-err>--------------------------------- Captured Err ---------------------------------

</system-err></testcase><testcase classname="tests.test_features" name="test_mock_stop_at_3" time="55.218"><system-out>--------------------------------- Captured Log ---------------------------------

--------------------------------- Captured Out ---------------------------------
/home/runner/work/ocr-book/ocr-book/tests/0001_3.png
separation double page angle 90.52780881899669
separation double page y=0 2485
page rotation 1 0.7
page rotation 2 0.2
image 1 crop x1 330
image 1 crop y1 335
image 1 crop x2 2343
image 1 crop y2 3223
image 2 crop x1 168
image 2 crop y1 648
image 2 crop x2 2185
image 2 crop y2 3361

</system-out><system-err>--------------------------------- Captured Err ---------------------------------

</system-err></testcase><testcase classname="tests.test_images" name="test_0001_png" time="68.359"><system-out>--------------------------------- Captured Log ---------------------------------

--------------------------------- Captured Out ---------------------------------
/home/runner/work/ocr-book/ocr-book/tests/0001.png
1608549999271600323 : Checking separation double page angle 90.52780881899669
1608549999271716524 : Checking separation double page y=0 2485
1608550008074226133 : Checking page rotation 1 0.7
1608550018677156435 : Checking page rotation 2 0.2
1608550022924447527 : Checking image 1 crop x1 330
1608550022924571628 : Checking image 1 crop y1 335
1608550022924613829 : Checking image 1 crop x2 2343
1608550022924649129 : Checking image 1 crop y2 3223
1608550026923005126 : Checking image 2 crop x1 168
1608550026923127927 : Checking image 2 crop y1 648
1608550026923172927 : Checking image 2 crop x2 2185
1608550026923207628 : Checking image 2 crop y2 3361
1608550026959433276 : Checking image 1 dpi 300
1608550026959570177 : Checking image 1 border top 331
1608550026959610477 : Checking image 1 border bottom 268
1608550026959645678 : Checking image 1 border left 223
1608550026959679078 : Checking image 1 border right 223
1608550026961992700 : Checking image 2 dpi 300
1608550026962071401 : Checking image 2 border top 639
1608550026962105901 : Checking image 2 border bottom 134
1608550026962139002 : Checking image 2 border left 221
1608550026962171702 : Checking image 2 border right 221

</system-out><system-err>--------------------------------- Captured Err ---------------------------------

</system-err></testcase><testcase classname="tests.test_features" name="test_mock_stop_at_5" time="55.421"><system-out>--------------------------------- Captured Log ---------------------------------

--------------------------------- Captured Out ---------------------------------
/home/runner/work/ocr-book/ocr-book/tests/0001_5.png
separation double page angle 90.52780881899669
separation double page y=0 2485
page rotation 1 0.7
page rotation 2 0.2
image 1 crop x1 330
image 1 crop y1 335
image 1 crop x2 2343
image 1 crop y2 3223
image 2 crop x1 168
image 2 crop y1 648
image 2 crop x2 2185
image 2 crop y2 3361
image 1 dpi 300
image 1 border top 331
image 1 border bottom 268
image 1 border left 223
image 1 border right 223
image 2 dpi 300
image 2 border top 639
image 2 border bottom 134
image 2 border left 221
image 2 border right 221

</system-out><system-err>--------------------------------- Captured Err ---------------------------------

</system-err></testcase><testcase classname="tests.test_images" name="test_2_pages_2_contours_png" time="42.553"><system-out>--------------------------------- Captured Log ---------------------------------

--------------------------------- Captured Out ---------------------------------
/home/runner/work/ocr-book/ocr-book/tests/2-pages-2-contours.png
1608550053364795391 : Checking separation double page angle 90.09036871657068
1608550053364903692 : Checking separation double page y=0 2486
1608550055691851592 : Checking page rotation 1 0.05
1608550063464541192 : Checking page rotation 2 0.30000000000000004
1608550065428624525 : Checking image 1 crop x1 1189
1608550065428739129 : Checking image 1 crop y1 1751
1608550065428775831 : Checking image 1 crop x2 1190
1608550065428808032 : Checking image 1 crop y2 1752
1608550069494109789 : Checking image 2 crop x1 101
1608550069494238294 : Checking image 2 crop y1 240
1608550069494280196 : Checking image 2 crop x2 2148
1608550069494317097 : Checking image 2 crop y2 3239
1608550069529884879 : Checking image 1 dpi 300
1608550069529993283 : Checking image 1 border top 1752
1608550069530029985 : Checking image 1 border bottom 1753
1608550069530063786 : Checking image 1 border left 1239
1608550069530097187 : Checking image 1 border right 1239
1608550069531666444 : Checking image 2 dpi 300
1608550069531756447 : Checking image 2 border top 230
1608550069531791148 : Checking image 2 border bottom 258
1608550069531823649 : Checking image 2 border left 206
1608550069531856550 : Checking image 2 border right 206

</system-out><system-err>--------------------------------- Captured Err ---------------------------------

</system-err></testcase><testcase classname="tests.test_images" name="test_angle_page_lower_split_line_png" time="70.237"><system-out>--------------------------------- Captured Log ---------------------------------

--------------------------------- Captured Out ---------------------------------
/home/runner/work/ocr-book/ocr-book/tests/angle_page_lower_split_line.png
1608550097051895323 : Checking separation double page angle 89.80201324959413
1608550097052008026 : Checking separation double page y=0 2475
1608550107048345934 : Checking page rotation 1 -0.44999999999999746
1608550115144487567 : Checking page rotation 2 0.1
1608550118645702818 : Checking image 1 crop x1 245
1608550118645835922 : Checking image 1 crop y1 161
1608550118645874323 : Checking image 1 crop x2 2351
1608550118645911924 : Checking image 1 crop y2 3364
1608550122541144974 : Checking image 2 crop x1 148
1608550122541274377 : Checking image 2 crop y1 146
1608550122541313178 : Checking image 2 crop x2 2258
1608550122541351379 : Checking image 2 crop y2 3351
1608550122580699174 : Checking image 1 dpi 300
1608550122580809177 : Checking image 1 border top 145
1608550122580846279 : Checking image 1 border bottom 139
1608550122580880979 : Checking image 1 border left 177
1608550122580915980 : Checking image 1 border right 177
1608550122583118442 : Checking image 2 dpi 300
1608550122583207644 : Checking image 2 border top 129
1608550122583243745 : Checking image 2 border bottom 153
1608550122583277246 : Checking image 2 border left 175
1608550122583309547 : Checking image 2 border right 175

</system-out><system-err>--------------------------------- Captured Err ---------------------------------

</system-err></testcase><testcase classname="tests.test_images" name="test_black_border_not_removed_png" time="77.685"><system-out>--------------------------------- Captured Log ---------------------------------

--------------------------------- Captured Out ---------------------------------
/home/runner/work/ocr-book/ocr-book/tests/black-border-not-removed.png
1608550114191160969 : Checking separation double page angle 90.008171103531
1608550114191272472 : Checking separation double page y=0 2455
1608550123120199575 : Checking page rotation 1 0.05
1608550135990090706 : Checking page rotation 2 0.0
1608550140355140431 : Checking image 1 crop x1 298
1608550140355269434 : Checking image 1 crop y1 142
1608550140355311935 : Checking image 1 crop x2 2308
1608550140355346636 : Checking image 1 crop y2 3347
1608550147167315553 : Checking image 2 crop x1 157
1608550147167441356 : Checking image 2 crop y1 145
1608550147167483857 : Checking image 2 crop x2 2169
1608550147167521858 : Checking image 2 crop y2 3352
1608550147205774014 : Checking image 1 dpi 300
1608550147205893817 : Checking image 1 border top 134
1608550147205932518 : Checking image 1 border bottom 148
1608550147205965918 : Checking image 1 border left 225
1608550147206000519 : Checking image 1 border right 225
1608550147208521182 : Checking image 2 dpi 300
1608550147208610085 : Checking image 2 border top 132
1608550147208645185 : Checking image 2 border bottom 148
1608550147208678286 : Checking image 2 border left 224
1608550147208711187 : Checking image 2 border right 224

</system-out><system-err>--------------------------------- Captured Err ---------------------------------

</system-err></testcase><testcase classname="tests.test_images" name="test_wrong_split_line_png" time="52.543"><system-out>--------------------------------- Captured Log ---------------------------------

--------------------------------- Captured Out ---------------------------------
/home/runner/work/ocr-book/ocr-book/tests/wrong_split_line.png
1608550155832863731 : Checking separation double page angle 89.93395720607973
1608550155832967534 : Checking separation double page y=0 2465
1608550162410755714 : Checking page rotation 1 -0.14999999999999067
1608550169342811369 : Checking page rotation 2 0.5
1608550172106956720 : Checking image 1 crop x1 213
1608550172107083223 : Checking image 1 crop y1 157
1608550172107121624 : Checking image 1 crop x2 2323
1608550172107158725 : Checking image 1 crop y2 3362
1608550175099768652 : Checking image 2 crop x1 125
1608550175099895254 : Checking image 2 crop y1 165
1608550175099933955 : Checking image 2 crop x2 2237
1608550175099971756 : Checking image 2 crop y2 3374
1608550175137294792 : Checking image 1 dpi 300
1608550175137409795 : Checking image 1 border top 134
1608550175137447696 : Checking image 1 border bottom 148
1608550175137481597 : Checking image 1 border left 175
1608550175137516797 : Checking image 1 border right 175
1608550175139600944 : Checking image 2 dpi 300
1608550175139688746 : Checking image 2 border top 143
1608550175139723247 : Checking image 2 border bottom 135
1608550175139756347 : Checking image 2 border left 174
1608550175139789248 : Checking image 2 border right 174

</system-out><system-err>--------------------------------- Captured Err ---------------------------------

</system-err></testcase><testcase classname="tests.test_images" name="test_image_failed_to_rotate_png" time="73.781"><system-out>--------------------------------- Captured Log ---------------------------------

--------------------------------- Captured Out ---------------------------------
/home/runner/work/ocr-book/ocr-book/tests/image_failed_to_rotate.png
1608550187399995289 : Checking separation double page angle 90.24267669076625
1608550187400105091 : Checking separation double page y=0 2483
1608550193209560466 : Checking page rotation 1 0.35
1608550202157995746 : Checking page rotation 2 0.4
1608550214982225000 : Checking image 1 crop x1 34
1608550214982346502 : Checking image 1 crop y1 1
1608550214982390603 : Checking image 1 crop x2 2481
1608550214982428204 : Checking image 1 crop y2 3500
1608550220837717660 : Checking image 2 crop x1 169
1608550220837843062 : Checking image 2 crop y1 234
1608550220837885663 : Checking image 2 crop x2 2249
1608550220837922464 : Checking image 2 crop y2 3356
1608550220882863330 : Checking image 1 dpi 300
1608550220882982632 : Checking image 1 border top 4
1608550220883023633 : Checking image 1 border bottom 4
1608550220883056534 : Checking image 1 border left 17
1608550220883090134 : Checking image 1 border right 17
1608550220885525681 : Checking image 2 dpi 300
1608550220885616183 : Checking image 2 border top 220
1608550220885651184 : Checking image 2 border bottom 145
1608550220885684084 : Checking image 2 border left 190
1608550220885716885 : Checking image 2 border right 190

</system-out><system-err>--------------------------------- Captured Err ---------------------------------

</system-err></testcase><testcase classname="tests.test_images" name="test_crop_too_much_png" time="99.276"><system-out>--------------------------------- Captured Log ---------------------------------

--------------------------------- Captured Out ---------------------------------
/home/runner/work/ocr-book/ocr-book/tests/crop_too_much.png
1608550235674308731 : Checking separation double page angle 90.10739409272954
1608550235674415632 : Checking separation double page y=0 2455
1608550250522554760 : Checking page rotation 1 0.0
1608550264091380488 : Checking page rotation 2 0.45
1608550269664663849 : Checking image 1 crop x1 303
1608550269664795151 : Checking image 1 crop y1 148
1608550269664833552 : Checking image 1 crop x2 2313
1608550269664870652 : Checking image 1 crop y2 3351
1608550274347946214 : Checking image 2 crop x1 166
1608550274348077816 : Checking image 2 crop y1 155
1608550274348116116 : Checking image 2 crop x2 2177
1608550274348154117 : Checking image 2 crop y2 3359
1608550274398452758 : Checking image 1 dpi 300
1608550274398564860 : Checking image 1 border top 132
1608550274398601661 : Checking image 1 border bottom 152
1608550274398636761 : Checking image 1 border left 225
1608550274398669762 : Checking image 1 border right 225
1608550274400787397 : Checking image 2 dpi 300
1608550274400875699 : Checking image 2 border top 141
1608550274400909599 : Checking image 2 border bottom 142
1608550274400942600 : Checking image 2 border left 224
1608550274400977400 : Checking image 2 border right 224

</system-out><system-err>--------------------------------- Captured Err ---------------------------------

</system-err></testcase><testcase classname="tests.test_images" name="test_image_failed_to_crop_data_png" time="74.809"><system-out>--------------------------------- Captured Log ---------------------------------

--------------------------------- Captured Out ---------------------------------
/home/runner/work/ocr-book/ocr-book/tests/image_failed_to_crop_data.png
1608550262498041031 : Checking separation double page angle 90.08353326014034
1608550262498146133 : Checking separation double page y=0 2479
1608550269527579530 : Checking page rotation 1 0.2
1608550276710646232 : Checking page rotation 2 0.1
1608550290444717857 : Checking image 1 crop x1 50
1608550290444847259 : Checking image 1 crop y1 7
1608550290444890960 : Checking image 1 crop x2 2477
1608550290444927561 : Checking image 1 crop y2 3502
1608550295691764359 : Checking image 2 crop x1 165
1608550295691891261 : Checking image 2 crop y1 218
1608550295691933462 : Checking image 2 crop x2 2244
1608550295691969562 : Checking image 2 crop y2 3349
1608550295731271390 : Checking image 1 dpi 300
1608550295731394792 : Checking image 1 border top 6
1608550295731434093 : Checking image 1 border bottom 6
1608550295731467694 : Checking image 1 border left 22
1608550295731501894 : Checking image 1 border right 22
1608550295733887932 : Checking image 2 dpi 300
1608550295733977034 : Checking image 2 border top 206
1608550295734012834 : Checking image 2 border bottom 149
1608550295734045035 : Checking image 2 border left 190
1608550295734079135 : Checking image 2 border right 190

</system-out><system-err>--------------------------------- Captured Err ---------------------------------

</system-err></testcase><testcase classname="tests.test_images" name="test_crop_too_few_png" time="55.449"><system-out>--------------------------------- Captured Log ---------------------------------

--------------------------------- Captured Out ---------------------------------
/home/runner/work/ocr-book/ocr-book/tests/crop_too_few.png
1608550309590512475 : Checking separation double page angle 89.47170238452755
1608550309590620477 : Checking separation double page y=0 2512
1608550316887057138 : Checking page rotation 1 -0.7499999999999916
1608550323596600844 : Checking page rotation 2 0.0
1608550326785028898 : Checking image 1 crop x1 265
1608550326785160500 : Checking image 1 crop y1 152
1608550326785199800 : Checking image 1 crop x2 2375
1608550326785237601 : Checking image 1 crop y2 3356
1608550329839489484 : Checking image 2 crop x1 137
1608550329839651686 : Checking image 2 crop y1 141
1608550329839691887 : Checking image 2 crop x2 2259
1608550329839730087 : Checking image 2 crop y2 3345
1608550329874428409 : Checking image 1 dpi 300
1608550329874539110 : Checking image 1 border top 132
1608550329874577211 : Checking image 1 border bottom 151
1608550329874610911 : Checking image 1 border left 175
1608550329874645712 : Checking image 1 border right 175
1608550329876817744 : Checking image 2 dpi 300
1608550329876903446 : Checking image 2 border top 130
1608550329876938346 : Checking image 2 border bottom 153
1608550329876973047 : Checking image 2 border left 169
1608550329877005947 : Checking image 2 border right 169

</system-out><system-err>--------------------------------- Captured Err ---------------------------------

</system-err></testcase><testcase classname="tests.test_images" name="test_wrong_angle_split_line_png" time="81.952"><system-out>--------------------------------- Captured Log ---------------------------------

--------------------------------- Captured Out ---------------------------------
/home/runner/work/ocr-book/ocr-book/tests/wrong_angle_split_line.png
1608550337543839565 : Checking separation double page angle 90.09193420006348
1608550337543951266 : Checking separation double page y=0 2481
1608550346030763540 : Checking page rotation 1 0.2
1608550355907177930 : Checking page rotation 2 0.0
1608550370601433587 : Checking image 1 crop x1 58
1608550370601562889 : Checking image 1 crop y1 7
1608550370601608889 : Checking image 1 crop x2 2479
1608550370601645990 : Checking image 1 crop y2 3500
1608550376794572237 : Checking image 2 crop x1 160
1608550376794697139 : Checking image 2 crop y1 217
1608550376794741840 : Checking image 2 crop x2 2243
1608550376794780440 : Checking image 2 crop y2 3350
1608550376969305593 : Checking image 1 dpi 300
1608550376969432495 : Checking image 1 border top 7
1608550376969471696 : Checking image 1 border bottom 7
1608550376969505096 : Checking image 1 border left 30
1608550376969540097 : Checking image 1 border right 30
1608550376977142604 : Checking image 2 dpi 300
1608550376977251205 : Checking image 2 border top 206
1608550376977287106 : Checking image 2 border bottom 148
1608550376977323406 : Checking image 2 border left 188
1608550376977356607 : Checking image 2 border right 188

</system-out><system-err>--------------------------------- Captured Err ---------------------------------

</system-err></testcase><testcase classname="tests.test_images" name="test_crop_too_much_2_png" time="105.715"><system-out>--------------------------------- Captured Log ---------------------------------

--------------------------------- Captured Out ---------------------------------
/home/runner/work/ocr-book/ocr-book/tests/crop_too_much_2.png
1608550394903008110 : Checking separation double page angle 90.16490749368565
1608550394903114611 : Checking separation double page y=0 2478
1608550408893572671 : Checking page rotation 1 0.2
1608550423689877925 : Checking page rotation 2 0.2
1608550428889797457 : Checking image 1 crop x1 332
1608550428889927759 : Checking image 1 crop y1 131
1608550428889966659 : Checking image 1 crop x2 2342
1608550428890000660 : Checking image 1 crop y2 3336
1608550435497650347 : Checking image 2 crop x1 165
1608550435497780449 : Checking image 2 crop y1 139
1608550435497819449 : Checking image 2 crop x2 2178
1608550435497854150 : Checking image 2 crop y2 3345
1608550435554123295 : Checking image 1 dpi 300
1608550435554233097 : Checking image 1 border top 120
1608550435554269997 : Checking image 1 border bottom 162
1608550435554303898 : Checking image 1 border left 225
1608550435554336598 : Checking image 1 border right 225
1608550435556425326 : Checking image 2 dpi 300
1608550435556514327 : Checking image 2 border top 126
1608550435556548627 : Checking image 2 border bottom 154
1608550435556581828 : Checking image 2 border left 223
1608550435556616628 : Checking image 2 border right 223

</system-out><system-err>--------------------------------- Captured Err ---------------------------------

</system-err></testcase><testcase classname="tests.test_images" name="test_wrong_split_line_3_png" time="70.485"><system-out>--------------------------------- Captured Log ---------------------------------

--------------------------------- Captured Out ---------------------------------
/home/runner/work/ocr-book/ocr-book/tests/wrong_split_line_3.png
1608550420884462035 : Checking separation double page angle 90.41229500214693
1608550420884575337 : Checking separation double page y=0 2495
1608550431655567861 : Checking page rotation 1 0.35
1608550440427377135 : Checking page rotation 2 0.9
1608550445008660192 : Checking image 1 crop x1 331
1608550445008787894 : Checking image 1 crop y1 164
1608550445008830694 : Checking image 1 crop x2 2375
1608550445008866595 : Checking image 1 crop y2 3377
1608550448202963950 : Checking image 2 crop x1 104
1608550448203094552 : Checking image 2 crop y1 208
1608550448203137652 : Checking image 2 crop x2 2135
1608550448203174053 : Checking image 2 crop y2 3413
1608550448243820886 : Checking image 1 dpi 300
1608550448243939688 : Checking image 1 border top 157
1608550448243976788 : Checking image 1 border bottom 117
1608550448244009888 : Checking image 1 border left 208
1608550448244042589 : Checking image 1 border right 208
1608550448246429920 : Checking image 2 dpi 300
1608550448246514821 : Checking image 2 border top 188
1608550448246548922 : Checking image 2 border bottom 94
1608550448246581322 : Checking image 2 border left 214
1608550448246613623 : Checking image 2 border right 214

</system-out><system-err>--------------------------------- Captured Err ---------------------------------

</system-err></testcase><testcase classname="tests.test_images" name="test_wrong_split_line_2_png" time="107.433"><system-out>--------------------------------- Captured Log ---------------------------------

--------------------------------- Captured Out ---------------------------------
/home/runner/work/ocr-book/ocr-book/tests/wrong_split_line_2.png
1608550496282269888 : Checking separation double page angle 90.24944704411861
1608550496282373889 : Checking separation double page y=0 2440
1608550509622554839 : Checking page rotation 1 0.1
1608550524683848245 : Checking page rotation 2 0.4
1608550532208106505 : Checking image 1 crop x1 294
1608550532208233407 : Checking image 1 crop y1 137
1608550532208271107 : Checking image 1 crop x2 2325
1608550532208306308 : Checking image 1 crop y2 3375
1608550542951415644 : Checking image 2 crop x1 140
1608550542951572946 : Checking image 2 crop y1 192
1608550542951613447 : Checking image 2 crop x2 2167
1608550542951648047 : Checking image 2 crop y2 3386
1608550543002775085 : Checking image 1 dpi 300
1608550543002885086 : Checking image 1 border top 131
1608550543002922987 : Checking image 1 border bottom 118
1608550543002957387 : Checking image 1 border left 214
1608550543002990587 : Checking image 1 border right 214
1608550543005159115 : Checking image 2 dpi 300
1608550543005247116 : Checking image 2 border top 183
1608550543005281616 : Checking image 2 border bottom 110
1608550543005314716 : Checking image 2 border left 216
1608550543005347217 : Checking image 2 border right 216

</system-out><system-err>--------------------------------- Captured Err ---------------------------------

</system-err></testcase><testcase classname="tests.test_images" name="test_wrong_wave_split_line_png" time="98.302"><system-out>--------------------------------- Captured Log ---------------------------------

--------------------------------- Captured Out ---------------------------------
/home/runner/work/ocr-book/ocr-book/tests/wrong_wave_split_line.png
1608550501375454540 : Checking separation double page angle 90.45378604107718
1608550501375596242 : Checking separation double page y=0 2503
1608550514136831566 : Checking page rotation 1 -0.14999999999999067
1608550526261157851 : Checking page rotation 2 0.85
1608550535490171974 : Checking image 1 crop x1 385
1608550535490301576 : Checking image 1 crop y1 179
1608550535490343376 : Checking image 1 crop x2 2411
1608550535490377777 : Checking image 1 crop y2 3374
1608550546484395370 : Checking image 2 crop x1 20
1608550546484516971 : Checking image 2 crop y1 16
1608550546484559172 : Checking image 2 crop x2 2413
1608550546484598072 : Checking image 2 crop y2 3505
1608550546540499969 : Checking image 1 dpi 300
1608550546540615970 : Checking image 1 border top 172
1608550546540652970 : Checking image 1 border bottom 120
1608550546540686471 : Checking image 1 border left 217
1608550546540719371 : Checking image 1 border right 217
1608550546542743797 : Checking image 2 dpi 300
1608550546542831898 : Checking image 2 border top 9
1608550546542866698 : Checking image 2 border bottom 9
1608550546542899898 : Checking image 2 border left 44
1608550546542933499 : Checking image 2 border right 44

</system-out><system-err>--------------------------------- Captured Err ---------------------------------

</system-err></testcase><testcase classname="tests.test_images" name="test_small_wave_png" time="81.069"><system-out>--------------------------------- Captured Log ---------------------------------

--------------------------------- Captured Out ---------------------------------
/home/runner/work/ocr-book/ocr-book/tests/small_wave.png
1608550593127641221 : Checking separation double page angle 90.61316928841565
1608550593127747125 : Checking separation double page y=0 2500
1608550606362205959 : Checking page rotation 1 0.7
1608550617397489837 : Checking page rotation 2 0.7
1608550620771887719 : Checking image 1 crop x1 322
1608550620772014022 : Checking image 1 crop y1 199
1608550620772052623 : Checking image 1 crop x2 2351
1608550620772087224 : Checking image 1 crop y2 3394
1608550624030135499 : Checking image 2 crop x1 130
1608550624030260203 : Checking image 2 crop y1 223
1608550624030299604 : Checking image 2 crop x2 2160
1608550624030333905 : Checking image 2 crop y2 3419
1608550624074149765 : Checking image 1 dpi 300
1608550624074260268 : Checking image 1 border top 180
1608550624074297169 : Checking image 1 border bottom 112
1608550624074331070 : Checking image 1 border left 215
1608550624074363271 : Checking image 1 border right 215
1608550624076418430 : Checking image 2 dpi 300
1608550624076500533 : Checking image 2 border top 195
1608550624076534533 : Checking image 2 border bottom 96
1608550624076566934 : Checking image 2 border left 215
1608550624076598835 : Checking image 2 border right 215

</system-out><system-err>--------------------------------- Captured Err ---------------------------------

</system-err></testcase><testcase classname="tests.test_images" name="test_no_split_line_line_algo_png" time="66.325"><system-out>--------------------------------- Captured Log ---------------------------------

--------------------------------- Captured Out ---------------------------------
/home/runner/work/ocr-book/ocr-book/tests/no_split_line_line_algo.png
1608550587144075679 : Checking separation double page angle 89.47691469185418
1608550587144179282 : Checking separation double page y=0 2476
1608550592776682954 : Checking page rotation 1 -0.14999999999999067
1608550605272813829 : Checking page rotation 2 -0.44999999999999746
1608550608151334631 : Checking image 1 crop x1 205
1608550608151462435 : Checking image 1 crop y1 158
1608550608151504336 : Checking image 1 crop x2 2320
1608550608151568638 : Checking image 1 crop y2 3366
1608550612840955335 : Checking image 2 crop x1 185
1608550612841079738 : Checking image 2 crop y1 221
1608550612841121039 : Checking image 2 crop x2 2201
1608550612841156640 : Checking image 2 crop y2 3366
1608550612886444074 : Checking image 1 dpi 300
1608550612886561178 : Checking image 1 border top 144
1608550612886603379 : Checking image 1 border bottom 134
1608550612886636280 : Checking image 1 border left 172
1608550612886669181 : Checking image 1 border right 172
1608550612888883846 : Checking image 2 dpi 300
1608550612888977749 : Checking image 2 border top 219
1608550612889011950 : Checking image 2 border bottom 123
1608550612889044151 : Checking image 2 border left 222
1608550612889078252 : Checking image 2 border right 222

</system-out><system-err>--------------------------------- Captured Err ---------------------------------

</system-err></testcase><testcase classname="tests.test_images" name="test_failed_split_line_line_algo_png" time="30.829"><system-out>--------------------------------- Captured Log ---------------------------------

--------------------------------- Captured Out ---------------------------------
/home/runner/work/ocr-book/ocr-book/tests/failed_split_line_line_algo.png
1608550633108375630 : Checking separation double page angle 90.0038422057325
1608550633108485033 : Checking separation double page y=0 2576
1608550636908162145 : Checking page rotation 1 -0.14999999999999067
1608550639221532109 : Checking page rotation 2 0.0
1608550642017709011 : Checking image 1 crop x1 407
1608550642017837715 : Checking image 1 crop y1 2925
1608550642017880616 : Checking image 1 crop x2 2419
1608550642017915917 : Checking image 1 crop y2 3174
1608550643740918304 : Checking image 2 crop x1 1183
1608550643741032307 : Checking image 2 crop y1 1747
1608550643741072108 : Checking image 2 crop x2 1184
1608550643741110310 : Checking image 2 crop y2 1748
1608550643741397317 : Checking image 1 dpi 300
1608550643741481620 : Checking image 1 border top 2919
1608550643741516621 : Checking image 1 border bottom 319
1608550643741550222 : Checking image 1 border left 224
1608550643741584123 : Checking image 1 border right 224
1608550643742849858 : Checking image 2 dpi 300
1608550643742925760 : Checking image 2 border top 1752
1608550643742962161 : Checking image 2 border bottom 1753
1608550643742994762 : Checking image 2 border left 1239
1608550643743027163 : Checking image 2 border right 1239

</system-out><system-err>--------------------------------- Captured Err ---------------------------------

</system-err></testcase><testcase classname="tests.test_images" name="test_failed_split_line_line_algo_2_png" time="83.564"><system-out>--------------------------------- Captured Log ---------------------------------

--------------------------------- Captured Out ---------------------------------
/home/runner/work/ocr-book/ocr-book/tests/failed_split_line_line_algo_2.png
1608550677580375089 : Checking separation double page angle 90.04134220573248
1608550677580482592 : Checking separation double page y=0 2498
1608550689486543916 : Checking page rotation 1 0.0
1608550699600861473 : Checking page rotation 2 0.6000000000000001
1608550703993750115 : Checking image 1 crop x1 272
1608550703993876819 : Checking image 1 crop y1 149
1608550703993915420 : Checking image 1 crop x2 2383
1608550703993949720 : Checking image 1 crop y2 3353
1608550707612874446 : Checking image 2 crop x1 124
1608550707613003049 : Checking image 2 crop y1 155
1608550707613041150 : Checking image 2 crop x2 2247
1608550707613075651 : Checking image 2 crop y2 3350
1608550707658184865 : Checking image 1 dpi 300
1608550707658294568 : Checking image 1 border top 137
1608550707658331568 : Checking image 1 border bottom 146
1608550707658366669 : Checking image 1 border left 174
1608550707658399470 : Checking image 1 border right 174
1608550707660535523 : Checking image 2 dpi 300
1608550707660623625 : Checking image 2 border top 135
1608550707660658126 : Checking image 2 border bottom 157
1608550707660690527 : Checking image 2 border left 168
1608550707660722728 : Checking image 2 border right 168

</system-out><system-err>--------------------------------- Captured Err ---------------------------------

</system-err></testcase><testcase classname="tests.test_images" name="test_crop_too_much_3_png" time="84.626"><system-out>--------------------------------- Captured Log ---------------------------------

--------------------------------- Captured Out ---------------------------------
/home/runner/work/ocr-book/ocr-book/tests/crop_too_much_3.png
1608550695638715970 : Checking separation double page angle 89.51495085266092
1608550695638822473 : Checking separation double page y=0 2494
1608550705168965679 : Checking page rotation 1 -0.9499999999999917
1608550719210167768 : Checking page rotation 2 -0.14999999999999067
1608550723754365937 : Checking image 1 crop x1 373
1608550723754492340 : Checking image 1 crop y1 258
1608550723754531641 : Checking image 1 crop x2 2386
1608550723754567142 : Checking image 1 crop y2 3458
1608550728287141932 : Checking image 2 crop x1 172
1608550728287266635 : Checking image 2 crop y1 228
1608550728287307736 : Checking image 2 crop x2 2185
1608550728287344037 : Checking image 2 crop y2 3417
1608550728337707939 : Checking image 1 dpi 300
1608550728337820242 : Checking image 1 border top 239
1608550728337856443 : Checking image 1 border bottom 47
1608550728337889343 : Checking image 1 border left 223
1608550728337924444 : Checking image 1 border right 223
1608550728340054395 : Checking image 2 dpi 300
1608550728340141097 : Checking image 2 border top 214
1608550728340175798 : Checking image 2 border bottom 84
1608550728340207999 : Checking image 2 border left 223
1608550728340240599 : Checking image 2 border right 223

</system-out><system-err>--------------------------------- Captured Err ---------------------------------

</system-err></testcase><testcase classname="tests.test_images" name="test_wrong_wave_split_line_2_png" time="90.815"><system-out>--------------------------------- Captured Log ---------------------------------

--------------------------------- Captured Out ---------------------------------
/home/runner/work/ocr-book/ocr-book/tests/wrong_wave_split_line_2.png
1608550765342028710 : Checking separation double page angle 90.7708958311329
1608550765342136612 : Checking separation double page y=0 2490
1608550774579235371 : Checking page rotation 1 0.4
1608550787681315394 : Checking page rotation 2 1.8
1608550791648783048 : Checking image 1 crop x1 224
1608550791648913951 : Checking image 1 crop y1 147
1608550791648952651 : Checking image 1 crop x2 2337
1608550791648987152 : Checking image 1 crop y2 3355
1608550798416374641 : Checking image 2 crop x1 107
1608550798416500743 : Checking image 2 crop y1 197
1608550798416539444 : Checking image 2 crop x2 2229
1608550798416574045 : Checking image 2 crop y2 3396
1608550798468294459 : Checking image 1 dpi 300
1608550798468405361 : Checking image 1 border top 137
1608550798468442262 : Checking image 1 border bottom 142
1608550798468476262 : Checking image 1 border left 173
1608550798468508763 : Checking image 1 border right 173
1608550798470559007 : Checking image 2 dpi 300
1608550798470633409 : Checking image 2 border top 171
1608550798470667510 : Checking image 2 border bottom 117
1608550798470700110 : Checking image 2 border left 169
1608550798470732411 : Checking image 2 border right 169

</system-out><system-err>--------------------------------- Captured Err ---------------------------------

</system-err></testcase><testcase classname="tests.test_images" name="test_wrong_wave_split_line_3_png" time="75.062"><system-out>--------------------------------- Captured Log ---------------------------------

--------------------------------- Captured Out ---------------------------------
/home/runner/work/ocr-book/ocr-book/tests/wrong_wave_split_line_3.png
1608550776414382662 : Checking separation double page angle 90.05826063695574
1608550776414488464 : Checking separation double page y=0 2514
1608550787998294422 : Checking page rotation 1 0.05
1608550796312452774 : Checking page rotation 2 0.30000000000000004
1608550800085681547 : Checking image 1 crop x1 273
1608550800085796850 : Checking image 1 crop y1 220
1608550800085847051 : Checking image 1 crop x2 2383
1608550800085882152 : Checking image 1 crop y2 3423
1608550803373295822 : Checking image 2 crop x1 114
1608550803373416925 : Checking image 2 crop y1 226
1608550803373455426 : Checking image 2 crop x2 2237
1608550803373491627 : Checking image 2 crop y2 3414
1608550803414814210 : Checking image 1 dpi 300
1608550803414925913 : Checking image 1 border top 202
1608550803414963014 : Checking image 1 border bottom 82
1608550803414996414 : Checking image 1 border left 175
1608550803415029715 : Checking image 1 border right 175
1608550803417112559 : Checking image 2 dpi 300
1608550803417192061 : Checking image 2 border top 207
1608550803417225362 : Checking image 2 border bottom 92
1608550803417257963 : Checking image 2 border left 168
1608550803417289963 : Checking image 2 border right 168

</system-out><system-err>--------------------------------- Captured Err ---------------------------------

</system-err></testcase><testcase classname="tests.test_images" name="test_no_split_line_wave_algo_png" time="84.648"><system-out>--------------------------------- Captured Log ---------------------------------

--------------------------------- Captured Out ---------------------------------
/home/runner/work/ocr-book/ocr-book/tests/no_split_line_wave_algo.png
1608550839879304835 : Checking separation double page angle 89.92907061939218
1608550839879413737 : Checking separation double page y=0 2475
1608550847097525521 : Checking page rotation 1 -0.04999999999999689
1608550858975339463 : Checking page rotation 2 -0.5499999999999912
1608550872993037995 : Checking image 1 crop x1 101
1608550872993117096 : Checking image 1 crop y1 79
1608550872993153697 : Checking image 1 crop x2 2477
1608550872993187698 : Checking image 1 crop y2 3505
1608550883006264468 : Checking image 2 crop x1 171
1608550883006388270 : Checking image 2 crop y1 266
1608550883006427271 : Checking image 2 crop x2 2248
1608550883006461672 : Checking image 2 crop y2 3382
1608550883050915936 : Checking image 1 dpi 300
1608550883051027238 : Checking image 1 border top 41
1608550883051064439 : Checking image 1 border bottom 41
1608550883051098039 : Checking image 1 border left 52
1608550883051130840 : Checking image 1 border right 52
1608550883053314582 : Checking image 2 dpi 300
1608550883053401984 : Checking image 2 border top 254
1608550883053436385 : Checking image 2 border bottom 116
1608550883053469385 : Checking image 2 border left 191
1608550883053502086 : Checking image 2 border right 191

</system-out><system-err>--------------------------------- Captured Err ---------------------------------

</system-err></testcase><testcase classname="tests.test_images" name="test_no_split_line_wave_algo_2_png" time="66.394"><system-out>--------------------------------- Captured Log ---------------------------------

--------------------------------- Captured Out ---------------------------------
/home/runner/work/ocr-book/ocr-book/tests/no_split_line_wave_algo_2.png
1608550844242790019 : Checking separation double page angle 90.47115835000895
1608550844242898921 : Checking separation double page y=0 2478
1608550853860503116 : Checking page rotation 1 1.1500000000000001
1608550863156751067 : Checking page rotation 2 0.2
1608550866608401935 : Checking image 1 crop x1 266
1608550866608527138 : Checking image 1 crop y1 209
1608550866608565539 : Checking image 1 crop x2 2342
1608550866608602239 : Checking image 1 crop y2 3413
1608550869770994940 : Checking image 2 crop x1 163
1608550869771122442 : Checking image 2 crop y1 241
1608550869771161443 : Checking image 2 crop x2 2246
1608550869771196944 : Checking image 2 crop y2 3433
1608550869813363876 : Checking image 1 dpi 300
1608550869813476778 : Checking image 1 border top 191
1608550869813513479 : Checking image 1 border bottom 92
1608550869813546979 : Checking image 1 border left 192
1608550869813579580 : Checking image 1 border right 192
1608550869815706522 : Checking image 2 dpi 300
1608550869815787024 : Checking image 2 border top 225
1608550869815821724 : Checking image 2 border bottom 70
1608550869815854125 : Checking image 2 border left 188
1608550869815887126 : Checking image 2 border right 188

</system-out><system-err>--------------------------------- Captured Err ---------------------------------

</system-err></testcase><testcase classname="tests.test_images" name="test_failed_detect_rectangle_png" time="86.690"><system-out>--------------------------------- Captured Log ---------------------------------

--------------------------------- Captured Out ---------------------------------
/home/runner/work/ocr-book/ocr-book/tests/failed_detect_rectangle.png
1608550924886214170 : Checking separation double page angle 90.19837516213148
1608550924886316472 : Checking separation double page y=0 2474
1608550936358988600 : Checking page rotation 1 0.2
1608550949346460140 : Checking page rotation 2 0.2
1608550952877961921 : Checking image 1 crop x1 257
1608550952878084523 : Checking image 1 crop y1 201
1608550952878124424 : Checking image 1 crop x2 2333
1608550952878158824 : Checking image 1 crop y2 3402
1608550956443323316 : Checking image 2 crop x1 136
1608550956443445818 : Checking image 2 crop y1 215
1608550956443486619 : Checking image 2 crop x2 2219
1608550956443521519 : Checking image 2 crop y2 3406
1608550956493788630 : Checking image 1 dpi 300
1608550956493898432 : Checking image 1 border top 188
1608550956493935533 : Checking image 1 border bottom 97
1608550956493968933 : Checking image 1 border left 192
1608550956494002034 : Checking image 1 border right 192
1608550956496094572 : Checking image 2 dpi 300
1608550956496177373 : Checking image 2 border top 200
1608550956496211074 : Checking image 2 border bottom 95
1608550956496243174 : Checking image 2 border left 188
1608550956496275075 : Checking image 2 border right 188

</system-out><system-err>--------------------------------- Captured Err ---------------------------------

</system-err></testcase><testcase classname="tests.test_images" name="test_crop_too_few_2_png" time="65.367"><system-out>--------------------------------- Captured Log ---------------------------------

--------------------------------- Captured Out ---------------------------------
/home/runner/work/ocr-book/ocr-book/tests/crop_too_few_2.png
1608550925018744641 : Checking separation double page angle 90.30476192320097
1608550925018848343 : Checking separation double page y=0 2531
1608550933960165509 : Checking page rotation 1 1.2000000000000002
1608550941093774541 : Checking page rotation 2 -0.04999999999999689
1608550944753613642 : Checking image 1 crop x1 287
1608550944753739344 : Checking image 1 crop y1 165
1608550944753776345 : Checking image 1 crop x2 2398
1608550944753810645 : Checking image 1 crop y2 3368
1608550948474086330 : Checking image 2 crop x1 149
1608550948474209632 : Checking image 2 crop y1 189
1608550948474246233 : Checking image 2 crop x2 2273
1608550948474280334 : Checking image 2 crop y2 3386
1608550948513296145 : Checking image 1 dpi 300
1608550948513409347 : Checking image 1 border top 157
1608550948513446548 : Checking image 1 border bottom 127
1608550948513479749 : Checking image 1 border left 174
1608550948513512449 : Checking image 1 border right 174
1608550948515686789 : Checking image 2 dpi 300
1608550948515773191 : Checking image 2 border top 181
1608550948515807491 : Checking image 2 border bottom 109
1608550948515840492 : Checking image 2 border left 168
1608550948515872792 : Checking image 2 border right 168

</system-out><system-err>--------------------------------- Captured Err ---------------------------------

</system-err></testcase><testcase classname="tests.test_images" name="test_no_split_line_wave_algo_3_png" time="21.058"><system-out>--------------------------------- Captured Log ---------------------------------

--------------------------------- Captured Out ---------------------------------
/home/runner/work/ocr-book/ocr-book/tests/no_split_line_wave_algo_3.png
1608550960820497472 : Checking separation double page angle 90.19999999999999
1608550960820612274 : Checking separation double page y=0 2408
1608550963944383785 : Checking page rotation 1 0.0
1608550964364308541 : Checking page rotation 2 0.15000000000000002
1608550968881513181 : Checking image 1 crop x1 184
1608550968881616282 : Checking image 1 crop y1 2957
1608550968881653783 : Checking image 1 crop x2 2201
1608550968881687884 : Checking image 1 crop y2 3202
1608550969547794821 : Checking image 2 crop x1 0
1608550969547864523 : Checking image 2 crop y1 0
1608550969547897223 : Checking image 2 crop x2 0
1608550969547928524 : Checking image 2 crop y2 0
1608550969548014925 : Checking image 1 dpi 300
1608550969548084927 : Checking image 1 border top 2950
1608550969548119627 : Checking image 1 border bottom 292
1608550969548153128 : Checking image 1 border left 221
1608550969548185828 : Checking image 1 border right 221
1608550969553326221 : Checking image 2 border top 0
1608550969553385422 : Checking image 2 border bottom 0
1608550969553417122 : Checking image 2 border left 0
1608550969553448223 : Checking image 2 border right 0

</system-out><system-err>--------------------------------- Captured Err ---------------------------------

</system-err></testcase><testcase classname="tests.test_images" name="test_single_page_png" time="27.865"><system-out>--------------------------------- Captured Log ---------------------------------

--------------------------------- Captured Out ---------------------------------
/home/runner/work/ocr-book/ocr-book/tests/single_page.png
1608550969010514994 : Checking separation double page angle 90.04999999999998
1608550969010638996 : Checking separation double page y=0 2476
1608550974811179929 : Checking page rotation 1 0.0
1608550975435718968 : Checking page rotation 2 0.0
1608550983406868354 : Checking image 1 crop x1 1
1608550983406952856 : Checking image 1 crop y1 8
1608550983406989156 : Checking image 1 crop x2 2470
1608550983407023857 : Checking image 1 crop y2 3505
1608550984017903380 : Checking image 2 crop x1 0
1608550984017975281 : Checking image 2 crop y1 0
1608550984018006781 : Checking image 2 crop x2 0
1608550984018037082 : Checking image 2 crop y2 0
1608550984018109583 : Checking image 1 dpi 300
1608550984018171784 : Checking image 1 border top 5
1608550984018208585 : Checking image 1 border bottom 5
1608550984018241086 : Checking image 1 border left 6
1608550984018273886 : Checking image 1 border right 6
1608550984024220091 : Checking image 2 border top 0
1608550984024286593 : Checking image 2 border bottom 0
1608550984024317993 : Checking image 2 border left 0
1608550984024349794 : Checking image 2 border right 0

</system-out><system-err>--------------------------------- Captured Err ---------------------------------

</system-err></testcase><testcase classname="tests.test_images" name="test_wrong_split_line_4_png" time="35.807"><system-out>--------------------------------- Captured Log ---------------------------------

--------------------------------- Captured Out ---------------------------------
/home/runner/work/ocr-book/ocr-book/tests/wrong_split_line_4.png
1608550991184457640 : Checking separation double page angle 91.04999999999998
1608550991184573642 : Checking separation double page y=0 60
1608550991460279296 : Checking page rotation 1 1.05
1608551000414137706 : Checking page rotation 2 1.1500000000000001
1608551000973319784 : Checking image 1 crop x1 0
1608551000973383185 : Checking image 1 crop y1 0
1608551000973414686 : Checking image 1 crop x2 0
1608551000973444686 : Checking image 1 crop y2 0
1608551005377906948 : Checking image 2 crop x1 292
1608551005378018250 : Checking image 2 crop y1 330
1608551005378056250 : Checking image 2 crop x2 2314
1608551005378088451 : Checking image 2 crop y2 3218
1608551005425498277 : Checking image 1 border top 0
1608551005425562478 : Checking image 1 border bottom 0
1608551005425596278 : Checking image 1 border left 0
1608551005425629979 : Checking image 1 border right 0
1608551005425685680 : Checking image 2 dpi 300
1608551005425764481 : Checking image 2 border top 322
1608551005425797582 : Checking image 2 border bottom 277
1608551005425830083 : Checking image 2 border left 219
1608551005425862683 : Checking image 2 border right 219

</system-out><system-err>--------------------------------- Captured Err ---------------------------------

</system-err></testcase></testsuite></testsuites>