<?xml version="1.0" encoding="utf-8"?><testsuites><testsuite name="pytest" errors="0" failures="0" skipped="0" tests="17" time="296.548" timestamp="2020-11-21T21:15:56.296324" hostname="fv-az70-777"><testcase classname="tests.test_features" name="test_disabled_enable_debug" time="26.087"><system-out>--------------------------------- Captured Log ---------------------------------

--------------------------------- Captured Out ---------------------------------
/home/runner/work/ocr-book/ocr-book/tests/0001_debug.png
separation double page angle 90.53945493634917
separation double page y=0 2485
page rotation 1 0.75
page rotation 2 0.2
image 1 crop x1 330
image 1 crop y1 336
image 1 crop x2 2343
image 1 crop y2 3223
image 2 crop x1 169
image 2 crop y1 648
image 2 crop x2 2186
image 2 crop y2 3361
image 1 dpi 300
image 1 border top 324
image 1 border bottom 276
image 1 border left 223
image 1 border right 223
image 2 dpi 300
image 2 border top 671
image 2 border bottom 103
image 2 border left 221
image 2 border right 221

</system-out><system-err>--------------------------------- Captured Err ---------------------------------

</system-err></testcase><testcase classname="tests.test_features" name="test_mock_stop_at_0" time="0.049"><system-out>--------------------------------- Captured Log ---------------------------------

--------------------------------- Captured Out ---------------------------------
/home/runner/work/ocr-book/ocr-book/tests/0001_0.png

</system-out><system-err>--------------------------------- Captured Err ---------------------------------

</system-err></testcase><testcase classname="tests.test_features" name="test_mock_stop_at_2" time="34.345"><system-out>--------------------------------- Captured Log ---------------------------------

--------------------------------- Captured Out ---------------------------------
/home/runner/work/ocr-book/ocr-book/tests/0001_2.png
separation double page angle 90.53945493634917
separation double page y=0 2485
page rotation 1 0.75
page rotation 2 0.2

</system-out><system-err>--------------------------------- Captured Err ---------------------------------

</system-err></testcase><testcase classname="tests.test_features" name="test_mock_stop_at_1" time="19.617"><system-out>--------------------------------- Captured Log ---------------------------------

--------------------------------- Captured Out ---------------------------------
/home/runner/work/ocr-book/ocr-book/tests/0001_1.png
separation double page angle 90.53945493634917
separation double page y=0 2485

</system-out><system-err>--------------------------------- Captured Err ---------------------------------

</system-err></testcase><testcase classname="tests.test_features" name="test_mock_stop_at_3" time="33.737"><system-out>--------------------------------- Captured Log ---------------------------------

--------------------------------- Captured Out ---------------------------------
/home/runner/work/ocr-book/ocr-book/tests/0001_3.png
separation double page angle 90.53945493634917
separation double page y=0 2485
page rotation 1 0.75
page rotation 2 0.2
image 1 crop x1 330
image 1 crop y1 336
image 1 crop x2 2343
image 1 crop y2 3223
image 2 crop x1 169
image 2 crop y1 648
image 2 crop x2 2186
image 2 crop y2 3361

</system-out><system-err>--------------------------------- Captured Err ---------------------------------

</system-err></testcase><testcase classname="tests.test_features" name="test_mock_stop_at_5" time="35.266"><system-out>--------------------------------- Captured Log ---------------------------------

--------------------------------- Captured Out ---------------------------------
/home/runner/work/ocr-book/ocr-book/tests/0001_5.png
separation double page angle 90.53945493634917
separation double page y=0 2485
page rotation 1 0.75
page rotation 2 0.2
image 1 crop x1 330
image 1 crop y1 336
image 1 crop x2 2343
image 1 crop y2 3223
image 2 crop x1 169
image 2 crop y1 648
image 2 crop x2 2186
image 2 crop y2 3361
image 1 dpi 300
image 1 border top 324
image 1 border bottom 276
image 1 border left 223
image 1 border right 223
image 2 dpi 300
image 2 border top 671
image 2 border bottom 103
image 2 border left 221
image 2 border right 221

</system-out><system-err>--------------------------------- Captured Err ---------------------------------

</system-err></testcase><testcase classname="tests.test_features" name="test_mock_stop_at_4" time="35.266"><system-out>--------------------------------- Captured Log ---------------------------------

--------------------------------- Captured Out ---------------------------------
/home/runner/work/ocr-book/ocr-book/tests/0001_4.png
separation double page angle 90.53945493634917
separation double page y=0 2485
page rotation 1 0.75
page rotation 2 0.2
image 1 crop x1 330
image 1 crop y1 336
image 1 crop x2 2343
image 1 crop y2 3223
image 2 crop x1 169
image 2 crop y1 648
image 2 crop x2 2186
image 2 crop y2 3361
image 1 dpi 300
image 1 border top 324
image 1 border bottom 276
image 1 border left 223
image 1 border right 223
image 2 dpi 300
image 2 border top 671
image 2 border bottom 103
image 2 border left 221
image 2 border right 221

</system-out><system-err>--------------------------------- Captured Err ---------------------------------

</system-err></testcase><testcase classname="tests.test_images" name="test_0001_png" time="35.811"><system-out>--------------------------------- Captured Log ---------------------------------

--------------------------------- Captured Out ---------------------------------
/home/runner/work/ocr-book/ocr-book/tests/0001.png
1605993457208560705 : Checking separation double page angle 90.53945493634917
1605993457208641906 : Checking separation double page y=0 2485
1605993462693225109 : Checking page rotation 1 0.75
1605993470602193480 : Checking page rotation 2 0.2
1605993472169002789 : Checking image 1 crop x1 330
1605993472169110406 : Checking image 1 crop y1 336
1605993472169153712 : Checking image 1 crop x2 2343
1605993472169193419 : Checking image 1 crop y2 3223
1605993473955839382 : Checking image 2 crop x1 169
1605993473955923195 : Checking image 2 crop y1 648
1605993473955966201 : Checking image 2 crop x2 2186
1605993473956006608 : Checking image 2 crop y2 3361
1605993473990626225 : Checking image 1 dpi 300
1605993473990747044 : Checking image 1 border top 324
1605993473990782149 : Checking image 1 border bottom 276
1605993473990814154 : Checking image 1 border left 223
1605993473990845559 : Checking image 1 border right 223
1605993473992816356 : Checking image 2 dpi 300
1605993473992904069 : Checking image 2 border top 671
1605993473992936774 : Checking image 2 border bottom 103
1605993473992967478 : Checking image 2 border left 221
1605993473992998483 : Checking image 2 border right 221

</system-out><system-err>--------------------------------- Captured Err ---------------------------------

</system-err></testcase><testcase classname="tests.test_images" name="test_2_pages_2_contours_png" time="25.071"><system-out>--------------------------------- Captured Log ---------------------------------

--------------------------------- Captured Out ---------------------------------
/home/runner/work/ocr-book/ocr-book/tests/2-pages-2-contours.png
1605993474603424465 : Checking separation double page angle 90.15647898380502
1605993474603510477 : Checking separation double page y=0 2489
1605993476703426271 : Checking page rotation 1 0.05
1605993483405569141 : Checking page rotation 2 0.35000000000000003
1605993484255337543 : Checking image 1 crop x1 1186
1605993484255399151 : Checking image 1 crop y1 1720
1605993484255427755 : Checking image 1 crop x2 1187
1605993484255454458 : Checking image 1 crop y2 1721
1605993485693955783 : Checking image 2 crop x1 102
1605993485694037694 : Checking image 2 crop y1 240
1605993485694080499 : Checking image 2 crop x2 2149
1605993485694120604 : Checking image 2 crop y2 3239
1605993485728868227 : Checking image 1 dpi 300
1605993485728962740 : Checking image 1 border top 1753
1605993485728996844 : Checking image 1 border bottom 1753
1605993485729110959 : Checking image 1 border left 1239
1605993485729146664 : Checking image 1 border right 1239
1605993485730553247 : Checking image 2 dpi 300
1605993485730655460 : Checking image 2 border top 229
1605993485730688064 : Checking image 2 border bottom 259
1605993485730718768 : Checking image 2 border left 206
1605993485730749572 : Checking image 2 border right 206

</system-out><system-err>--------------------------------- Captured Err ---------------------------------

</system-err></testcase><testcase classname="tests.test_images" name="test_black_border_not_removed_png" time="47.186"><system-out>--------------------------------- Captured Log ---------------------------------

--------------------------------- Captured Out ---------------------------------
/home/runner/work/ocr-book/ocr-book/tests/black-border-not-removed.png
1605993501340901228 : Checking separation double page angle 89.9903688802698
1605993501340964135 : Checking separation double page y=0 2455
1605993507237209325 : Checking page rotation 1 0.0
1605993517231111500 : Checking page rotation 2 0.0
1605993519017345488 : Checking image 1 crop x1 297
1605993519017422495 : Checking image 1 crop y1 143
1605993519017461699 : Checking image 1 crop x2 2309
1605993519017498702 : Checking image 1 crop y2 3346
1605993521142023267 : Checking image 2 crop x1 156
1605993521142108775 : Checking image 2 crop y1 145
1605993521142152079 : Checking image 2 crop x2 2168
1605993521142201883 : Checking image 2 crop y2 3352
1605993521178831285 : Checking image 1 dpi 300
1605993521178963496 : Checking image 1 border top 128
1605993521179000900 : Checking image 1 border bottom 156
1605993521179034703 : Checking image 1 border left 224
1605993521179068406 : Checking image 1 border right 224
1605993521181820446 : Checking image 2 dpi 300
1605993521181939957 : Checking image 2 border top 130
1605993521181976260 : Checking image 2 border bottom 150
1605993521182009863 : Checking image 2 border left 224
1605993521182043166 : Checking image 2 border right 224

</system-out><system-err>--------------------------------- Captured Err ---------------------------------

</system-err></testcase><testcase classname="tests.test_images" name="test_image_failed_to_rotate_png" time="43.604"><system-out>--------------------------------- Captured Log ---------------------------------

--------------------------------- Captured Out ---------------------------------
/home/runner/work/ocr-book/ocr-book/tests/image_failed_to_rotate.png
1605993505292089913 : Checking separation double page angle 90.14353501543772
1605993505292164021 : Checking separation double page y=0 2476
1605993510125303546 : Checking page rotation 1 0.35000000000000003
1605993517497598064 : Checking page rotation 2 0.45
1605993527609217543 : Checking image 1 crop x1 34
1605993527609296049 : Checking image 1 crop y1 1
1605993527609332152 : Checking image 1 crop x2 2474
1605993527609365455 : Checking image 1 crop y2 3500
1605993529188271501 : Checking image 2 crop x1 171
1605993529188347207 : Checking image 2 crop y1 234
1605993529188386310 : Checking image 2 crop x2 2250
1605993529188422613 : Checking image 2 crop y2 3355
1605993529227539872 : Checking image 1 dpi 300
1605993529227666183 : Checking image 1 border top 4
1605993529227701586 : Checking image 1 border bottom 4
1605993529227733088 : Checking image 1 border left 20
1605993529227764291 : Checking image 1 border right 20
1605993529229894963 : Checking image 2 dpi 300
1605993529230004372 : Checking image 2 border top 206
1605993529230039874 : Checking image 2 border bottom 160
1605993529230072977 : Checking image 2 border left 190
1605993529230105780 : Checking image 2 border right 190

</system-out><system-err>--------------------------------- Captured Err ---------------------------------

</system-err></testcase><testcase classname="tests.test_images" name="test_image_failed_to_crop_data_png" time="42.249"><system-out>--------------------------------- Captured Log ---------------------------------

--------------------------------- Captured Out ---------------------------------
/home/runner/work/ocr-book/ocr-book/tests/image_failed_to_crop_data.png
1605993542401750373 : Checking separation double page angle 90.06228874101497
1605993542401824778 : Checking separation double page y=0 2482
1605993547679836465 : Checking page rotation 1 0.2
1605993552432450448 : Checking page rotation 2 0.05
1605993561985182974 : Checking image 1 crop x1 58
1605993561985247778 : Checking image 1 crop y1 8
1605993561985274280 : Checking image 1 crop x2 2480
1605993561985299382 : Checking image 1 crop y2 3504
1605993563331636420 : Checking image 2 crop x1 159
1605993563331707824 : Checking image 2 crop y1 217
1605993563331742226 : Checking image 2 crop x2 2240
1605993563331774128 : Checking image 2 crop y2 3350
1605993563367490381 : Checking image 1 dpi 300
1605993563367601688 : Checking image 1 border top 6
1605993563367636090 : Checking image 1 border bottom 6
1605993563367667392 : Checking image 1 border left 29
1605993563367698694 : Checking image 1 border right 29
1605993563369820822 : Checking image 2 dpi 300
1605993563369927328 : Checking image 2 border top 209
1605993563369960030 : Checking image 2 border bottom 145
1605993563369990332 : Checking image 2 border left 189
1605993563370020934 : Checking image 2 border right 189

</system-out><system-err>--------------------------------- Captured Err ---------------------------------

</system-err></testcase><testcase classname="tests.test_images" name="test_wrong_angle_split_line_png" time="51.934"><system-out>--------------------------------- Captured Log ---------------------------------

--------------------------------- Captured Out ---------------------------------
/home/runner/work/ocr-book/ocr-book/tests/wrong_angle_split_line.png
1605993553979432147 : Checking separation double page angle 90.08422009258813
1605993553979519953 : Checking separation double page y=0 2487
1605993560692832722 : Checking page rotation 1 0.0
1605993567587451163 : Checking page rotation 2 0.0
1605993578011509955 : Checking image 1 crop x1 53
1605993578011586459 : Checking image 1 crop y1 8
1605993578011621961 : Checking image 1 crop x2 2485
1605993578011655063 : Checking image 1 crop y2 3505
1605993580400468895 : Checking image 2 crop x1 154
1605993580400543499 : Checking image 2 crop y1 217
1605993580400579101 : Checking image 2 crop x2 2237
1605993580400611803 : Checking image 2 crop y2 3350
1605993580564653577 : Checking image 1 dpi 300
1605993580564771484 : Checking image 1 border top 5
1605993580564802085 : Checking image 1 border bottom 5
1605993580564829787 : Checking image 1 border left 24
1605993580564857288 : Checking image 1 border right 24
1605993580571026118 : Checking image 2 dpi 300
1605993580571159825 : Checking image 2 border top 195
1605993580571196027 : Checking image 2 border bottom 159
1605993580571229629 : Checking image 2 border left 188
1605993580571263331 : Checking image 2 border right 188

</system-out><system-err>--------------------------------- Captured Err ---------------------------------

</system-err></testcase><testcase classname="tests.test_images" name="test_angle_page_lower_split_line_png" time="30.549"><system-out>--------------------------------- Captured Log ---------------------------------

--------------------------------- Captured Out ---------------------------------
/home/runner/work/ocr-book/ocr-book/tests/angle_page_lower_split_line.png
1605993576723835897 : Checking separation double page angle 89.74710364870903
1605993576723902701 : Checking separation double page y=0 2471
1605993583706211170 : Checking page rotation 1 -0.44999999999998863
1605993590752425976 : Checking page rotation 2 0.2
1605993592545322882 : Checking image 1 crop x1 245
1605993592545396686 : Checking image 1 crop y1 161
1605993592545430888 : Checking image 1 crop x2 2351
1605993592545463489 : Checking image 1 crop y2 3364
1605993593963106941 : Checking image 2 crop x1 153
1605993593963190445 : Checking image 2 crop y1 147
1605993593963229947 : Checking image 2 crop x2 2260
1605993593963267249 : Checking image 2 crop y2 3350
1605993593995328832 : Checking image 1 dpi 300
1605993593995437138 : Checking image 1 border top 131
1605993593995464039 : Checking image 1 border bottom 152
1605993593995487740 : Checking image 1 border left 177
1605993593995511741 : Checking image 1 border right 177
1605993593997604945 : Checking image 2 dpi 300
1605993593997694749 : Checking image 2 border top 118
1605993593997723450 : Checking image 2 border bottom 166
1605993593997762052 : Checking image 2 border left 176
1605993593997785754 : Checking image 2 border right 176

</system-out><system-err>--------------------------------- Captured Err ---------------------------------

</system-err></testcase><testcase classname="tests.test_images" name="test_wrong_split_line_png" time="32.760"><system-out>--------------------------------- Captured Log ---------------------------------

--------------------------------- Captured Out ---------------------------------
/home/runner/work/ocr-book/ocr-book/tests/wrong_split_line.png
1605993599659314381 : Checking separation double page angle 89.81531182790899
1605993599659392285 : Checking separation double page y=0 2465
1605993605167166258 : Checking page rotation 1 -0.04999999999999716
1605993611473824306 : Checking page rotation 2 0.6000000000000001
1605993612732925234 : Checking image 1 crop x1 211
1605993612733001638 : Checking image 1 crop y1 156
1605993612733079641 : Checking image 1 crop x2 2323
1605993612733118943 : Checking image 1 crop y2 3363
1605993613994771066 : Checking image 2 crop x1 124
1605993613994848069 : Checking image 2 crop y1 167
1605993613994887171 : Checking image 2 crop x2 2236
1605993613994923873 : Checking image 2 crop y2 3373
1605993614030526153 : Checking image 1 dpi 300
1605993614030637457 : Checking image 1 border top 180
1605993614030672559 : Checking image 1 border bottom 100
1605993614030704360 : Checking image 1 border left 174
1605993614030736062 : Checking image 1 border right 174
1605993614032825254 : Checking image 2 dpi 300
1605993614032919559 : Checking image 2 border top 129
1605993614032954860 : Checking image 2 border bottom 152
1605993614032988462 : Checking image 2 border left 174
1605993614033021663 : Checking image 2 border right 174

</system-out><system-err>--------------------------------- Captured Err ---------------------------------

</system-err></testcase><testcase classname="tests.test_images" name="test_crop_too_much_png" time="53.605"><system-out>--------------------------------- Captured Log ---------------------------------

--------------------------------- Captured Out ---------------------------------
/home/runner/work/ocr-book/ocr-book/tests/crop_too_much.png
1605993619003179010 : Checking separation double page angle 90.14985593620918
1605993619003264713 : Checking separation double page y=0 2457
1605993631696104749 : Checking page rotation 1 0.0
1605993642507494685 : Checking page rotation 2 0.4
1605993644958109775 : Checking image 1 crop x1 303
1605993644958184478 : Checking image 1 crop y1 148
1605993644958219179 : Checking image 1 crop x2 2313
1605993644958251481 : Checking image 1 crop y2 3351
1605993647527366115 : Checking image 2 crop x1 166
1605993647527453718 : Checking image 2 crop y1 154
1605993647527496820 : Checking image 2 crop x2 2180
1605993647527536921 : Checking image 2 crop y2 3360
1605993647577674380 : Checking image 1 dpi 300
1605993647577806885 : Checking image 1 border top 116
1605993647577844486 : Checking image 1 border bottom 168
1605993647577878288 : Checking image 1 border left 225
1605993647577911989 : Checking image 1 border right 225
1605993647579686058 : Checking image 2 dpi 300
1605993647579786062 : Checking image 2 border top 95
1605993647579821764 : Checking image 2 border bottom 186
1605993647579854865 : Checking image 2 border left 223
1605993647579888666 : Checking image 2 border right 223

</system-out><system-err>--------------------------------- Captured Err ---------------------------------

</system-err></testcase><testcase classname="tests.test_images" name="test_crop_too_few_png" time="37.552"><system-out>--------------------------------- Captured Log ---------------------------------

--------------------------------- Captured Out ---------------------------------
/home/runner/work/ocr-book/ocr-book/tests/crop_too_few.png
1605993636401908823 : Checking separation double page angle 89.22405802376838
1605993636401986727 : Checking separation double page y=0 2508
1605993642993653481 : Checking page rotation 1 -0.75
1605993648837627293 : Checking page rotation 2 0.0
1605993650253714156 : Checking image 1 crop x1 265
1605993650253794459 : Checking image 1 crop y1 161
1605993650253837761 : Checking image 1 crop x2 2375
1605993650253877763 : Checking image 1 crop y2 3356
1605993651575703357 : Checking image 2 crop x1 141
1605993651575770459 : Checking image 2 crop y1 141
1605993651575821261 : Checking image 2 crop x2 2263
1605993651575853763 : Checking image 2 crop y2 3345
1605993651603627134 : Checking image 1 dpi 300
1605993651603735939 : Checking image 1 border top 84
1605993651603771240 : Checking image 1 border bottom 208
1605993651603802641 : Checking image 1 border left 175
1605993651603833642 : Checking image 1 border right 175
1605993651605919623 : Checking image 2 dpi 300
1605993651606008226 : Checking image 2 border top 130
1605993651606036927 : Checking image 2 border bottom 153
1605993651606063928 : Checking image 2 border left 169
1605993651606090829 : Checking image 2 border right 169

</system-out><system-err>--------------------------------- Captured Err ---------------------------------

</system-err></testcase></testsuite></testsuites>