<?xml version="1.0" encoding="utf-8"?><testsuites><testsuite name="pytest" errors="0" failures="0" skipped="0" tests="36" time="396.476" timestamp="2021-08-28T07:24:51.635477" hostname="fv-az91-89"><testcase classname="tests.test_features" name="test_mock_stop_at_0" time="0.053"><system-out>--------------------------------- Captured Log ---------------------------------

--------------------------------- Captured Out ---------------------------------
/home/runner/work/diptych/diptych/tests/0001_0.png

</system-out><system-err>--------------------------------- Captured Err ---------------------------------

</system-err></testcase><testcase classname="tests.test_features" name="test_disabled_enable_debug" time="21.588"><system-out>--------------------------------- Captured Log ---------------------------------

--------------------------------- Captured Out ---------------------------------
/home/runner/work/diptych/diptych/tests/0001_debug.png
separation double page angle 90.55756528497216
separation double page y=0 2484
page rotation 1 0.65
page rotation 2 0.2
image 1 crop x1 329
image 1 crop y1 335
image 1 crop x2 2344
image 1 crop y2 3222
image 2 crop x1 171
image 2 crop y1 648
image 2 crop x2 2188
image 2 crop y2 3361
image 1 dpi 300
image 1 border top 327
image 1 border bottom 273
image 1 border left 222
image 1 border right 222
image 2 dpi 300
image 2 border top 643
image 2 border bottom 131
image 2 border left 221
image 2 border right 221

</system-out><system-err>--------------------------------- Captured Err ---------------------------------

</system-err></testcase><testcase classname="tests.test_features" name="test_mock_stop_at_2" time="15.723"><system-out>--------------------------------- Captured Log ---------------------------------

--------------------------------- Captured Out ---------------------------------
/home/runner/work/diptych/diptych/tests/0001_2.png
separation double page angle 90.55756528497216
separation double page y=0 2484
page rotation 1 0.65
page rotation 2 0.2

</system-out><system-err>--------------------------------- Captured Err ---------------------------------

</system-err></testcase><testcase classname="tests.test_features" name="test_mock_stop_at_4" time="21.316"><system-out>--------------------------------- Captured Log ---------------------------------

--------------------------------- Captured Out ---------------------------------
/home/runner/work/diptych/diptych/tests/0001_4.png
separation double page angle 90.55756528497216
separation double page y=0 2484
page rotation 1 0.65
page rotation 2 0.2
image 1 crop x1 329
image 1 crop y1 335
image 1 crop x2 2344
image 1 crop y2 3222
image 2 crop x1 171
image 2 crop y1 648
image 2 crop x2 2188
image 2 crop y2 3361
image 1 dpi 300
image 1 border top 326
image 1 border bottom 274
image 1 border left 222
image 1 border right 222
image 2 dpi 300
image 2 border top 643
image 2 border bottom 131
image 2 border left 221
image 2 border right 221

</system-out><system-err>--------------------------------- Captured Err ---------------------------------

</system-err></testcase><testcase classname="tests.test_features" name="test_mock_stop_at_1" time="12.666"><system-out>--------------------------------- Captured Log ---------------------------------

--------------------------------- Captured Out ---------------------------------
/home/runner/work/diptych/diptych/tests/0001_1.png
separation double page angle 90.55756528497216
separation double page y=0 2484

</system-out><system-err>--------------------------------- Captured Err ---------------------------------

</system-err></testcase><testcase classname="tests.test_features" name="test_mock_stop_at_3" time="21.373"><system-out>--------------------------------- Captured Log ---------------------------------

--------------------------------- Captured Out ---------------------------------
/home/runner/work/diptych/diptych/tests/0001_3.png
separation double page angle 90.55756528497216
separation double page y=0 2484
page rotation 1 0.65
page rotation 2 0.2
image 1 crop x1 329
image 1 crop y1 335
image 1 crop x2 2344
image 1 crop y2 3222
image 2 crop x1 171
image 2 crop y1 648
image 2 crop x2 2188
image 2 crop y2 3361

</system-out><system-err>--------------------------------- Captured Err ---------------------------------

</system-err></testcase><testcase classname="tests.test_images" name="test_0001_png" time="20.127"><system-out>--------------------------------- Captured Log ---------------------------------

--------------------------------- Captured Out ---------------------------------
/home/runner/work/diptych/diptych/tests/0001.png
1630135542511753357 : Checking separation double page angle 90.55756528497216
1630135542511849458 : Checking separation double page y=0 2484
1630135543796844761 : Checking page rotation 1 0.65
1630135545141639880 : Checking page rotation 2 0.2
1630135547744202576 : Checking image 1 crop x1 329
1630135547744335178 : Checking image 1 crop y1 335
1630135547744373178 : Checking image 1 crop x2 2344
1630135547744406079 : Checking image 1 crop y2 3222
1630135550102506764 : Checking image 2 crop x1 171
1630135550102612266 : Checking image 2 crop y1 648
1630135550102644366 : Checking image 2 crop x2 2188
1630135550102671766 : Checking image 2 crop y2 3361
1630135550102833168 : Checking image 1 dpi 300
1630135550102895169 : Checking image 1 border top 326
1630135550102923469 : Checking image 1 border bottom 274
1630135550102960870 : Checking image 1 border left 222
1630135550102983170 : Checking image 1 border right 222
1630135550105409298 : Checking image 2 dpi 300
1630135550105517100 : Checking image 2 border top 643
1630135550105549800 : Checking image 2 border bottom 131
1630135550105581300 : Checking image 2 border left 221
1630135550105611901 : Checking image 2 border right 221

</system-out><system-err>--------------------------------- Captured Err ---------------------------------

</system-err></testcase><testcase classname="tests.test_features" name="test_mock_stop_at_5" time="21.312"><system-out>--------------------------------- Captured Log ---------------------------------

--------------------------------- Captured Out ---------------------------------
/home/runner/work/diptych/diptych/tests/0001_5.png
separation double page angle 90.55756528497216
separation double page y=0 2484
page rotation 1 0.65
page rotation 2 0.2
image 1 crop x1 329
image 1 crop y1 335
image 1 crop x2 2344
image 1 crop y2 3222
image 2 crop x1 171
image 2 crop y1 648
image 2 crop x2 2188
image 2 crop y2 3361
image 1 dpi 300
image 1 border top 326
image 1 border bottom 274
image 1 border left 222
image 1 border right 222
image 2 dpi 300
image 2 border top 643
image 2 border bottom 131
image 2 border left 221
image 2 border right 221

</system-out><system-err>--------------------------------- Captured Err ---------------------------------

</system-err></testcase><testcase classname="tests.test_images" name="test_black_border_not_removed_png" time="21.253"><system-out>--------------------------------- Captured Log ---------------------------------

--------------------------------- Captured Out ---------------------------------
/home/runner/work/diptych/diptych/tests/black-border-not-removed.png
1630135561596472682 : Checking separation double page angle 90.01516396500199
1630135561596593983 : Checking separation double page y=0 2455
1630135562847265854 : Checking page rotation 1 0.0
1630135564471833768 : Checking page rotation 2 0.1
1630135567088653108 : Checking image 1 crop x1 297
1630135567088774909 : Checking image 1 crop y1 143
1630135567088812010 : Checking image 1 crop x2 2309
1630135567088845110 : Checking image 1 crop y2 3346
1630135571358647052 : Checking image 2 crop x1 154
1630135571358765954 : Checking image 2 crop y1 144
1630135571358804354 : Checking image 2 crop x2 2168
1630135571358839454 : Checking image 2 crop y2 3351
1630135571359016057 : Checking image 1 dpi 300
1630135571359096358 : Checking image 1 border top 131
1630135571359129258 : Checking image 1 border bottom 153
1630135571359160858 : Checking image 1 border left 224
1630135571359193759 : Checking image 1 border right 224
1630135571361862892 : Checking image 2 dpi 300
1630135571361955693 : Checking image 2 border top 133
1630135571361992093 : Checking image 2 border bottom 147
1630135571362026094 : Checking image 2 border left 223
1630135571362060494 : Checking image 2 border right 223

</system-out><system-err>--------------------------------- Captured Err ---------------------------------

</system-err></testcase><testcase classname="tests.test_images" name="test_2_pages_2_contours_png" time="15.040"><system-out>--------------------------------- Captured Log ---------------------------------

--------------------------------- Captured Out ---------------------------------
/home/runner/work/diptych/diptych/tests/2-pages-2-contours.png
1630135580206051371 : Checking separation double page angle 90.14230271514262
1630135580206162273 : Checking separation double page y=0 2488
1630135580784394830 : Checking page rotation 1 0.0
1630135581871022717 : Checking page rotation 2 0.2
1630135582716399442 : Checking image 1 crop x1 1189
1630135582716501643 : Checking image 1 crop y1 1751
1630135582716536244 : Checking image 1 crop x2 1190
1630135582716565944 : Checking image 1 crop y2 1752
1630135584873532724 : Checking image 2 crop x1 100
1630135584873667225 : Checking image 2 crop y1 240
1630135584873704326 : Checking image 2 crop x2 2148
1630135584873739026 : Checking image 2 crop y2 3240
1630135584873922328 : Checking image 1 dpi 300
1630135584873989629 : Checking image 1 border top 1752
1630135584874024529 : Checking image 1 border bottom 1753
1630135584874059130 : Checking image 1 border left 1239
1630135584874090530 : Checking image 1 border right 1239
1630135584875737250 : Checking image 2 dpi 300
1630135584875815851 : Checking image 2 border top 230
1630135584875847951 : Checking image 2 border bottom 256
1630135584875879051 : Checking image 2 border left 206
1630135584875910052 : Checking image 2 border right 206

</system-out><system-err>--------------------------------- Captured Err ---------------------------------

</system-err></testcase><testcase classname="tests.test_images" name="test_image_failed_to_rotate_png" time="28.517"><system-out>--------------------------------- Captured Log ---------------------------------

--------------------------------- Captured Out ---------------------------------
/home/runner/work/diptych/diptych/tests/image_failed_to_rotate.png
1630135587359023999 : Checking separation double page angle 90.35651650869968
1630135587359131601 : Checking separation double page y=0 2483
1630135589403393319 : Checking page rotation 1 0.45
1630135590490668682 : Checking page rotation 2 0.2
1630135596293025751 : Checking image 1 crop x1 31
1630135596293138652 : Checking image 1 crop y1 1
1630135596293171553 : Checking image 1 crop x2 2481
1630135596293203253 : Checking image 1 crop y2 3504
1630135599771223277 : Checking image 2 crop x1 171
1630135599771345778 : Checking image 2 crop y1 231
1630135599771386279 : Checking image 2 crop x2 2259
1630135599771424679 : Checking image 2 crop y2 3358
1630135599771611681 : Checking image 1 dpi 300
1630135599771697782 : Checking image 1 border top 2
1630135599771735983 : Checking image 1 border bottom 2
1630135599771770583 : Checking image 1 border left 15
1630135599771804884 : Checking image 1 border right 15
1630135599774282013 : Checking image 2 dpi 300
1630135599774373814 : Checking image 2 border top 217
1630135599774410214 : Checking image 2 border bottom 143
1630135599774444015 : Checking image 2 border left 186
1630135599774477915 : Checking image 2 border right 186

</system-out><system-err>--------------------------------- Captured Err ---------------------------------

</system-err></testcase><testcase classname="tests.test_images" name="test_wrong_split_line_png" time="17.868"><system-out>--------------------------------- Captured Log ---------------------------------

--------------------------------- Captured Out ---------------------------------
/home/runner/work/diptych/diptych/tests/wrong_split_line.png
1630135597377294640 : Checking separation double page angle 89.95895720607972
1630135597377409042 : Checking separation double page y=0 2466
1630135598454210943 : Checking page rotation 1 -0.04999999999999689
1630135599477941018 : Checking page rotation 2 0.45
1630135600784958034 : Checking image 1 crop x1 211
1630135600785087436 : Checking image 1 crop y1 156
1630135600785127136 : Checking image 1 crop x2 2323
1630135600785164636 : Checking image 1 crop y2 3363
1630135602737955170 : Checking image 2 crop x1 123
1630135602738081171 : Checking image 2 crop y1 164
1630135602738121472 : Checking image 2 crop x2 2237
1630135602738159172 : Checking image 2 crop y2 3375
1630135602738337874 : Checking image 1 dpi 300
1630135602738409575 : Checking image 1 border top 135
1630135602738447476 : Checking image 1 border bottom 145
1630135602738485176 : Checking image 1 border left 174
1630135602738519376 : Checking image 1 border right 174
1630135602740805803 : Checking image 2 dpi 300
1630135602740889204 : Checking image 2 border top 141
1630135602740924805 : Checking image 2 border bottom 135
1630135602740959405 : Checking image 2 border left 173
1630135602740993506 : Checking image 2 border right 173

</system-out><system-err>--------------------------------- Captured Err ---------------------------------

</system-err></testcase><testcase classname="tests.test_images" name="test_image_failed_to_crop_data_png" time="42.778"><system-out>--------------------------------- Captured Log ---------------------------------

--------------------------------- Captured Out ---------------------------------
/home/runner/work/diptych/diptych/tests/image_failed_to_crop_data.png
1630135622051845272 : Checking separation double page angle 90.09350257645173
1630135622051964674 : Checking separation double page y=0 2479
1630135627636562157 : Checking page rotation 1 0.15000000000000002
1630135629057073141 : Checking page rotation 2 0.05
1630135639588198250 : Checking image 1 crop x1 46
1630135639588325452 : Checking image 1 crop y1 1
1630135639588366352 : Checking image 1 crop x2 2477
1630135639588404653 : Checking image 1 crop y2 3505
1630135642594023882 : Checking image 2 crop x1 164
1630135642594119183 : Checking image 2 crop y1 217
1630135642594147883 : Checking image 2 crop x2 2245
1630135642594174284 : Checking image 2 crop y2 3350
1630135642594325185 : Checking image 1 dpi 300
1630135642594394386 : Checking image 1 border top 2
1630135642594422086 : Checking image 1 border bottom 2
1630135642594446287 : Checking image 1 border left 25
1630135642594470587 : Checking image 1 border right 25
1630135642596787614 : Checking image 2 dpi 300
1630135642596864715 : Checking image 2 border top 206
1630135642596890915 : Checking image 2 border bottom 148
1630135642596915416 : Checking image 2 border left 189
1630135642596940416 : Checking image 2 border right 189

</system-out><system-err>--------------------------------- Captured Err ---------------------------------

</system-err></testcase><testcase classname="tests.test_images" name="test_crop_too_much_png" time="24.596"><system-out>--------------------------------- Captured Log ---------------------------------

--------------------------------- Captured Out ---------------------------------
/home/runner/work/diptych/diptych/tests/crop_too_much.png
1630135617395711290 : Checking separation double page angle 90.16929865985193
1630135617395840291 : Checking separation double page y=0 2456
1630135618989474251 : Checking page rotation 1 -0.04999999999999689
1630135620447439544 : Checking page rotation 2 0.2
1630135623316339449 : Checking image 1 crop x1 302
1630135623316473650 : Checking image 1 crop y1 148
1630135623316517151 : Checking image 1 crop x2 2314
1630135623316552851 : Checking image 1 crop y2 3351
1630135627305231807 : Checking image 2 crop x1 163
1630135627305351408 : Checking image 2 crop y1 151
1630135627305388509 : Checking image 2 crop x2 2187
1630135627305453710 : Checking image 2 crop y2 3363
1630135627305638012 : Checking image 1 dpi 300
1630135627305711013 : Checking image 1 border top 133
1630135627305743613 : Checking image 1 border bottom 151
1630135627305777913 : Checking image 1 border left 224
1630135627305808714 : Checking image 1 border right 224
1630135627307980940 : Checking image 2 dpi 300
1630135627308060841 : Checking image 2 border top 132
1630135627308092841 : Checking image 2 border bottom 143
1630135627308124041 : Checking image 2 border left 218
1630135627308154642 : Checking image 2 border right 218

</system-out><system-err>--------------------------------- Captured Err ---------------------------------

</system-err></testcase><testcase classname="tests.test_images" name="test_crop_too_few_png" time="18.728"><system-out>--------------------------------- Captured Log ---------------------------------

--------------------------------- Captured Out ---------------------------------
/home/runner/work/diptych/diptych/tests/crop_too_few.png
1630135640393170185 : Checking separation double page angle 89.49492328400886
1630135640393280187 : Checking separation double page y=0 2510
1630135641486395799 : Checking page rotation 1 -0.6499999999999977
1630135642578566501 : Checking page rotation 2 0.0
1630135644566320429 : Checking image 1 crop x1 263
1630135644566450631 : Checking image 1 crop y1 150
1630135644566491931 : Checking image 1 crop x2 2377
1630135644566528032 : Checking image 1 crop y2 3357
1630135646069567608 : Checking image 2 crop x1 139
1630135646069694609 : Checking image 2 crop y1 141
1630135646069734809 : Checking image 2 crop x2 2261
1630135646069772410 : Checking image 2 crop y2 3345
1630135646069957812 : Checking image 1 dpi 300
1630135646070030913 : Checking image 1 border top 129
1630135646070067513 : Checking image 1 border bottom 150
1630135646070103114 : Checking image 1 border left 173
1630135646070136714 : Checking image 1 border right 173
1630135646072567743 : Checking image 2 dpi 300
1630135646072649544 : Checking image 2 border top 130
1630135646072684644 : Checking image 2 border bottom 153
1630135646072718945 : Checking image 2 border left 169
1630135646072755245 : Checking image 2 border right 169

</system-out><system-err>--------------------------------- Captured Err ---------------------------------

</system-err></testcase><testcase classname="tests.test_images" name="test_wrong_angle_split_line_png" time="24.794"><system-out>--------------------------------- Captured Log ---------------------------------

--------------------------------- Captured Out ---------------------------------
/home/runner/work/diptych/diptych/tests/wrong_angle_split_line.png
1630135653958388467 : Checking separation double page angle 90.08791528895468
1630135653958491468 : Checking separation double page y=0 2478
1630135655292502014 : Checking page rotation 1 0.1
1630135656420412628 : Checking page rotation 2 0.1
1630135661905487984 : Checking image 1 crop x1 58
1630135661905617386 : Checking image 1 crop y1 6
1630135661905656986 : Checking image 1 crop x2 2476
1630135661905692087 : Checking image 1 crop y2 3501
1630135666657709097 : Checking image 2 crop x1 166
1630135666657836499 : Checking image 2 crop y1 218
1630135666657876999 : Checking image 2 crop x2 2244
1630135666657915200 : Checking image 2 crop y2 3349
1630135666658108502 : Checking image 1 dpi 300
1630135666658193203 : Checking image 1 border top 6
1630135666658231804 : Checking image 1 border bottom 6
1630135666658265604 : Checking image 1 border left 31
1630135666658299704 : Checking image 1 border right 31
1630135666666113299 : Checking image 2 dpi 300
1630135666666220600 : Checking image 2 border top 209
1630135666666256500 : Checking image 2 border bottom 147
1630135666666290601 : Checking image 2 border left 191
1630135666666324601 : Checking image 2 border right 191

</system-out><system-err>--------------------------------- Captured Err ---------------------------------

</system-err></testcase><testcase classname="tests.test_images" name="test_crop_too_much_2_png" time="26.095"><system-out>--------------------------------- Captured Log ---------------------------------

--------------------------------- Captured Out ---------------------------------
/home/runner/work/diptych/diptych/tests/crop_too_much_2.png
1630135661381989071 : Checking separation double page angle 90.15285326123045
1630135661382097972 : Checking separation double page y=0 2477
1630135663287808656 : Checking page rotation 1 0.15000000000000002
1630135665729091398 : Checking page rotation 2 0.2
1630135668452505409 : Checking image 1 crop x1 330
1630135668452632210 : Checking image 1 crop y1 132
1630135668452669411 : Checking image 1 crop x2 2342
1630135668452702111 : Checking image 1 crop y2 3335
1630135672132614522 : Checking image 2 crop x1 165
1630135672132737323 : Checking image 2 crop y1 139
1630135672132793524 : Checking image 2 crop x2 2178
1630135672132827024 : Checking image 2 crop y2 3345
1630135672133021026 : Checking image 1 dpi 300
1630135672133095227 : Checking image 1 border top 121
1630135672133129328 : Checking image 1 border bottom 163
1630135672133162328 : Checking image 1 border left 224
1630135672133193328 : Checking image 1 border right 224
1630135672135981161 : Checking image 2 dpi 300
1630135672136066162 : Checking image 2 border top 129
1630135672136097963 : Checking image 2 border bottom 152
1630135672136129363 : Checking image 2 border left 223
1630135672136160363 : Checking image 2 border right 223

</system-out><system-err>--------------------------------- Captured Err ---------------------------------

</system-err></testcase><testcase classname="tests.test_images" name="test_angle_page_lower_split_line_png" time="28.495"><system-out>--------------------------------- Captured Log ---------------------------------

--------------------------------- Captured Out ---------------------------------
/home/runner/work/diptych/diptych/tests/angle_page_lower_split_line.png
1630135686575596415 : Checking separation double page angle 89.74412725181848
1630135686575690016 : Checking separation double page y=0 2472
1630135688803276999 : Checking page rotation 1 -0.14999999999999067
1630135690909440943 : Checking page rotation 2 0.1
1630135692366894502 : Checking image 1 crop x1 241
1630135692367014403 : Checking image 1 crop y1 156
1630135692367049304 : Checking image 1 crop x2 2357
1630135692367101704 : Checking image 1 crop y2 3368
1630135695950337970 : Checking image 2 crop x1 151
1630135695950490771 : Checking image 2 crop y1 146
1630135695950528372 : Checking image 2 crop x2 2261
1630135695950564372 : Checking image 2 crop y2 3351
1630135695950762475 : Checking image 1 dpi 300
1630135695950852776 : Checking image 1 border top 140
1630135695950886376 : Checking image 1 border bottom 135
1630135695950929077 : Checking image 1 border left 172
1630135695950967977 : Checking image 1 border right 172
1630135695953831511 : Checking image 2 dpi 300
1630135695953934212 : Checking image 2 border top 131
1630135695953967312 : Checking image 2 border bottom 151
1630135695953998613 : Checking image 2 border left 175
1630135695954029813 : Checking image 2 border right 175

</system-out><system-err>--------------------------------- Captured Err ---------------------------------

</system-err></testcase><testcase classname="tests.test_images" name="test_wrong_split_line_2_png" time="34.533"><system-out>--------------------------------- Captured Log ---------------------------------

--------------------------------- Captured Out ---------------------------------
/home/runner/work/diptych/diptych/tests/wrong_split_line_2.png
1630135690046292020 : Checking separation double page angle 90.23635161124103
1630135690046400722 : Checking separation double page y=0 2437
1630135692905515240 : Checking page rotation 1 0.2
1630135695518617689 : Checking page rotation 2 0.2
1630135700371840100 : Checking image 1 crop x1 294
1630135700371966602 : Checking image 1 crop y1 136
1630135700372004902 : Checking image 1 crop x2 2325
1630135700372042303 : Checking image 1 crop y2 3376
1630135706679002114 : Checking image 2 crop x1 138
1630135706679127815 : Checking image 2 crop y1 190
1630135706679169015 : Checking image 2 crop x2 2174
1630135706679206416 : Checking image 2 crop y2 3389
1630135706679390518 : Checking image 1 dpi 300
1630135706679465219 : Checking image 1 border top 131
1630135706679502219 : Checking image 1 border bottom 116
1630135706679538320 : Checking image 1 border left 214
1630135706679571920 : Checking image 1 border right 214
1630135706682817459 : Checking image 2 dpi 300
1630135706682901160 : Checking image 2 border top 181
1630135706682935960 : Checking image 2 border bottom 107
1630135706682969060 : Checking image 2 border left 212
1630135706683002561 : Checking image 2 border right 212

</system-out><system-err>--------------------------------- Captured Err ---------------------------------

</system-err></testcase><testcase classname="tests.test_images" name="test_wrong_wave_split_line_png" time="33.243"><system-out>--------------------------------- Captured Log ---------------------------------

--------------------------------- Captured Out ---------------------------------
/home/runner/work/diptych/diptych/tests/wrong_wave_split_line.png
1630135714682132364 : Checking separation double page angle 90.42461655762611
1630135714682241465 : Checking separation double page y=0 2502
1630135716764560452 : Checking page rotation 1 -0.09999999999999377
1630135718681795232 : Checking page rotation 2 0.85
1630135723249093624 : Checking image 1 crop x1 384
1630135723249229825 : Checking image 1 crop y1 178
1630135723249288526 : Checking image 1 crop x2 2412
1630135723249324326 : Checking image 1 crop y2 3374
1630135729186034956 : Checking image 2 crop x1 7
1630135729186179858 : Checking image 2 crop y1 0
1630135729186218759 : Checking image 2 crop x2 2411
1630135729186257959 : Checking image 2 crop y2 3505
1630135729186438161 : Checking image 1 dpi 300
1630135729186517062 : Checking image 1 border top 173
1630135729186552463 : Checking image 1 border bottom 118
1630135729186585863 : Checking image 1 border left 216
1630135729186619363 : Checking image 1 border right 216
1630135729189120793 : Checking image 2 dpi 300
1630135729189241695 : Checking image 2 border top 1
1630135729189276895 : Checking image 2 border bottom 1
1630135729189321995 : Checking image 2 border left 38
1630135729189353296 : Checking image 2 border right 38

</system-out><system-err>--------------------------------- Captured Err ---------------------------------

</system-err></testcase><testcase classname="tests.test_images" name="test_small_wave_png" time="20.916"><system-out>--------------------------------- Captured Log ---------------------------------

--------------------------------- Captured Out ---------------------------------
/home/runner/work/diptych/diptych/tests/small_wave.png
1630135721084168226 : Checking separation double page angle 90.56494929955075
1630135721084268727 : Checking separation double page y=0 2495
1630135722831936511 : Checking page rotation 1 0.7
1630135724166170325 : Checking page rotation 2 0.65
1630135725545526470 : Checking image 1 crop x1 322
1630135725545652872 : Checking image 1 crop y1 199
1630135725545692672 : Checking image 1 crop x2 2351
1630135725545728372 : Checking image 1 crop y2 3394
1630135727598573625 : Checking image 2 crop x1 130
1630135727598700426 : Checking image 2 crop y1 222
1630135727598741027 : Checking image 2 crop x2 2163
1630135727598779327 : Checking image 2 crop y2 3420
1630135727598964329 : Checking image 1 dpi 300
1630135727599041730 : Checking image 1 border top 181
1630135727599081231 : Checking image 1 border bottom 111
1630135727599118431 : Checking image 1 border left 215
1630135727599151832 : Checking image 1 border right 215
1630135727602006966 : Checking image 2 dpi 300
1630135727602103267 : Checking image 2 border top 197
1630135727602139267 : Checking image 2 border bottom 92
1630135727602173268 : Checking image 2 border left 213
1630135727602206868 : Checking image 2 border right 213

</system-out><system-err>--------------------------------- Captured Err ---------------------------------

</system-err></testcase><testcase classname="tests.test_images" name="test_wrong_split_line_3_png" time="28.407"><system-out>--------------------------------- Captured Log ---------------------------------

--------------------------------- Captured Out ---------------------------------
/home/runner/work/diptych/diptych/tests/wrong_split_line_3.png
1630135743087689555 : Checking separation double page angle 90.40515247895009
1630135743087796057 : Checking separation double page y=0 2495
1630135745515548481 : Checking page rotation 1 0.2
1630135747292496006 : Checking page rotation 2 0.85
1630135749406182826 : Checking image 1 crop x1 331
1630135749406307628 : Checking image 1 crop y1 166
1630135749406343528 : Checking image 1 crop x2 2377
1630135749406377528 : Checking image 1 crop y2 3375
1630135756025741522 : Checking image 2 crop x1 103
1630135756025856824 : Checking image 2 crop y1 207
1630135756025895524 : Checking image 2 crop x2 2136
1630135756025931824 : Checking image 2 crop y2 3414
1630135756026140527 : Checking image 1 dpi 300
1630135756026215828 : Checking image 1 border top 158
1630135756026254528 : Checking image 1 border bottom 120
1630135756026291629 : Checking image 1 border left 207
1630135756026325429 : Checking image 1 border right 207
1630135756029136162 : Checking image 2 dpi 300
1630135756029232564 : Checking image 2 border top 199
1630135756029274764 : Checking image 2 border bottom 81
1630135756029309264 : Checking image 2 border left 213
1630135756029342565 : Checking image 2 border right 213

</system-out><system-err>--------------------------------- Captured Err ---------------------------------

</system-err></testcase><testcase classname="tests.test_images" name="test_no_split_line_line_algo_png" time="23.197"><system-out>--------------------------------- Captured Log ---------------------------------

--------------------------------- Captured Out ---------------------------------
/home/runner/work/diptych/diptych/tests/no_split_line_line_algo.png
1630135742867927555 : Checking separation double page angle 89.47691469185418
1630135742868030756 : Checking separation double page y=0 2476
1630135744255808976 : Checking page rotation 1 -0.14999999999999067
1630135746455120498 : Checking page rotation 2 -0.14999999999999067
1630135748240415822 : Checking image 1 crop x1 205
1630135748240536023 : Checking image 1 crop y1 158
1630135748240572923 : Checking image 1 crop x2 2320
1630135748240607524 : Checking image 1 crop y2 3366
1630135752402842816 : Checking image 2 crop x1 185
1630135752402973417 : Checking image 2 crop y1 225
1630135752403015518 : Checking image 2 crop x2 2204
1630135752403052718 : Checking image 2 crop y2 3362
1630135752403239721 : Checking image 1 dpi 300
1630135752403319021 : Checking image 1 border top 144
1630135752403354522 : Checking image 1 border bottom 134
1630135752403392022 : Checking image 1 border left 172
1630135752403433123 : Checking image 1 border right 172
1630135752406119155 : Checking image 2 dpi 300
1630135752406216856 : Checking image 2 border top 223
1630135752406252356 : Checking image 2 border bottom 127
1630135752406285857 : Checking image 2 border left 220
1630135752406318957 : Checking image 2 border right 220

</system-out><system-err>--------------------------------- Captured Err ---------------------------------

</system-err></testcase><testcase classname="tests.test_images" name="test_crop_too_much_3_png" time="21.528"><system-out>--------------------------------- Captured Log ---------------------------------

--------------------------------- Captured Out ---------------------------------
/home/runner/work/diptych/diptych/tests/crop_too_much_3.png
1630135765456832128 : Checking separation double page angle 89.5934556679346
1630135765456958530 : Checking separation double page y=0 2499
1630135766764453575 : Checking page rotation 1 -0.8999999999999949
1630135768648374529 : Checking page rotation 2 -0.04999999999999689
1630135771539641783 : Checking image 1 crop x1 374
1630135771539769584 : Checking image 1 crop y1 258
1630135771539806885 : Checking image 1 crop x2 2385
1630135771539839585 : Checking image 1 crop y2 3459
1630135773925990673 : Checking image 2 crop x1 164
1630135773926125275 : Checking image 2 crop y1 229
1630135773926163775 : Checking image 2 crop x2 2183
1630135773926199775 : Checking image 2 crop y2 3416
1630135773926392278 : Checking image 1 dpi 300
1630135773926466879 : Checking image 1 border top 239
1630135773926499479 : Checking image 1 border bottom 46
1630135773926530179 : Checking image 1 border left 224
1630135773926561380 : Checking image 1 border right 224
1630135773929268112 : Checking image 2 dpi 300
1630135773929353413 : Checking image 2 border top 210
1630135773929385913 : Checking image 2 border bottom 90
1630135773929448814 : Checking image 2 border left 220
1630135773929485414 : Checking image 2 border right 220

</system-out><system-err>--------------------------------- Captured Err ---------------------------------

</system-err></testcase><testcase classname="tests.test_images" name="test_failed_split_line_line_algo_png" time="16.994"><system-out>--------------------------------- Captured Log ---------------------------------

--------------------------------- Captured Out ---------------------------------
/home/runner/work/diptych/diptych/tests/failed_split_line_line_algo.png
1630135767117722648 : Checking separation double page angle 90.0093502548779
1630135767117827749 : Checking separation double page y=0 2574
1630135768095017492 : Checking page rotation 1 0.0
1630135768768656050 : Checking page rotation 2 0.0
1630135771201582489 : Checking image 1 crop x1 411
1630135771201715991 : Checking image 1 crop y1 2927
1630135771201754291 : Checking image 1 crop x2 2422
1630135771201788092 : Checking image 1 crop y2 3172
1630135773053129120 : Checking image 2 crop x1 1191
1630135773053239921 : Checking image 2 crop y1 1745
1630135773053275221 : Checking image 2 crop x2 1192
1630135773053308822 : Checking image 2 crop y2 1746
1630135773053481924 : Checking image 1 dpi 300
1630135773053566125 : Checking image 1 border top 2920
1630135773053600625 : Checking image 1 border bottom 322
1630135773053635026 : Checking image 1 border left 224
1630135773053666426 : Checking image 1 border right 224
1630135773055384646 : Checking image 2 dpi 300
1630135773055463747 : Checking image 2 border top 1752
1630135773055499248 : Checking image 2 border bottom 1753
1630135773055530848 : Checking image 2 border left 1239
1630135773055562348 : Checking image 2 border right 1239

</system-out><system-err>--------------------------------- Captured Err ---------------------------------

</system-err></testcase><testcase classname="tests.test_images" name="test_failed_split_line_line_algo_2_png" time="21.235"><system-out>--------------------------------- Captured Log ---------------------------------

--------------------------------- Captured Out ---------------------------------
/home/runner/work/diptych/diptych/tests/failed_split_line_line_algo_2.png
1630135788377093062 : Checking separation double page angle 90.03732329462368
1630135788377198363 : Checking separation double page y=0 2499
1630135789873085221 : Checking page rotation 1 -0.09999999999999377
1630135791182406277 : Checking page rotation 2 0.5499999999999999
1630135792870657606 : Checking image 1 crop x1 273
1630135792870783407 : Checking image 1 crop y1 147
1630135792870823608 : Checking image 1 crop x2 2386
1630135792870862508 : Checking image 1 crop y2 3352
1630135794252664620 : Checking image 2 crop x1 122
1630135794252787321 : Checking image 2 crop y1 155
1630135794252827322 : Checking image 2 crop x2 2246
1630135794252864622 : Checking image 2 crop y2 3350
1630135794253041524 : Checking image 1 dpi 300
1630135794253114725 : Checking image 1 border top 137
1630135794253151625 : Checking image 1 border bottom 145
1630135794253188726 : Checking image 1 border left 173
1630135794253222526 : Checking image 1 border right 173
1630135794255651255 : Checking image 2 dpi 300
1630135794255740356 : Checking image 2 border top 136
1630135794255774756 : Checking image 2 border bottom 156
1630135794255808357 : Checking image 2 border left 168
1630135794255854657 : Checking image 2 border right 168

</system-out><system-err>--------------------------------- Captured Err ---------------------------------

</system-err></testcase><testcase classname="tests.test_images" name="test_wrong_wave_split_line_2_png" time="28.711"><system-out>--------------------------------- Captured Log ---------------------------------

--------------------------------- Captured Out ---------------------------------
/home/runner/work/diptych/diptych/tests/wrong_wave_split_line_2.png
1630135793252239110 : Checking separation double page angle 90.7708958311329
1630135793252345311 : Checking separation double page y=0 2490
1630135795249141782 : Checking page rotation 1 0.2
1630135797423512238 : Checking page rotation 2 1.65
1630135799050841227 : Checking image 1 crop x1 227
1630135799050968729 : Checking image 1 crop y1 147
1630135799051007629 : Checking image 1 crop x2 2342
1630135799051046130 : Checking image 1 crop y2 3353
1630135802638772137 : Checking image 2 crop x1 106
1630135802638898438 : Checking image 2 crop y1 195
1630135802638937939 : Checking image 2 crop x2 2231
1630135802638975239 : Checking image 2 crop y2 3398
1630135802639165141 : Checking image 1 dpi 300
1630135802639246542 : Checking image 1 border top 136
1630135802639281643 : Checking image 1 border bottom 145
1630135802639315443 : Checking image 1 border left 172
1630135802639348943 : Checking image 1 border right 172
1630135802641973474 : Checking image 2 dpi 300
1630135802642064175 : Checking image 2 border top 166
1630135802642100676 : Checking image 2 border bottom 117
1630135802642134376 : Checking image 2 border left 167
1630135802642167977 : Checking image 2 border right 167

</system-out><system-err>--------------------------------- Captured Err ---------------------------------

</system-err></testcase><testcase classname="tests.test_images" name="test_wrong_wave_split_line_3_png" time="23.963"><system-out>--------------------------------- Captured Log ---------------------------------

--------------------------------- Captured Out ---------------------------------
/home/runner/work/diptych/diptych/tests/wrong_wave_split_line_3.png
1630135811656073117 : Checking separation double page angle 90.12715931778824
1630135811656192319 : Checking separation double page y=0 2514
1630135813249910820 : Checking page rotation 1 0.05
1630135814593996074 : Checking page rotation 2 0.2
1630135816445312011 : Checking image 1 crop x1 273
1630135816445445813 : Checking image 1 crop y1 220
1630135816445500214 : Checking image 1 crop x2 2383
1630135816445531914 : Checking image 1 crop y2 3423
1630135818233453703 : Checking image 2 crop x1 116
1630135818233580805 : Checking image 2 crop y1 225
1630135818233618305 : Checking image 2 crop x2 2242
1630135818233654706 : Checking image 2 crop y2 3415
1630135818233850408 : Checking image 1 dpi 300
1630135818233930009 : Checking image 1 border top 202
1630135818233967209 : Checking image 1 border bottom 82
1630135818234000610 : Checking image 1 border left 175
1630135818234031610 : Checking image 1 border right 175
1630135818236560440 : Checking image 2 dpi 300
1630135818236637341 : Checking image 2 border top 204
1630135818236676941 : Checking image 2 border bottom 93
1630135818236708242 : Checking image 2 border left 167
1630135818236739142 : Checking image 2 border right 167

</system-out><system-err>--------------------------------- Captured Err ---------------------------------

</system-err></testcase><testcase classname="tests.test_images" name="test_no_split_line_wave_algo_png" time="33.531"><system-out>--------------------------------- Captured Log ---------------------------------

--------------------------------- Captured Out ---------------------------------
/home/runner/work/diptych/diptych/tests/no_split_line_wave_algo.png
1630135817827081110 : Checking separation double page angle 89.79018091440821
1630135817827217412 : Checking separation double page y=0 2483
1630135821662263264 : Checking page rotation 1 0.0
1630135823045746502 : Checking page rotation 2 -0.44999999999999746
1630135830578683861 : Checking image 1 crop x1 97
1630135830578777062 : Checking image 1 crop y1 74
1630135830578814463 : Checking image 1 crop x2 2489
1630135830578850263 : Checking image 1 crop y2 3505
1630135836133473961 : Checking image 2 crop x1 164
1630135836133610363 : Checking image 2 crop y1 267
1630135836133652163 : Checking image 2 crop x2 2239
1630135836133687764 : Checking image 2 crop y2 3380
1630135836133884166 : Checking image 1 dpi 300
1630135836133965367 : Checking image 1 border top 38
1630135836134000667 : Checking image 1 border bottom 38
1630135836134033668 : Checking image 1 border left 44
1630135836134068268 : Checking image 1 border right 44
1630135836136730199 : Checking image 2 dpi 300
1630135836136817000 : Checking image 2 border top 256
1630135836136853001 : Checking image 2 border bottom 118
1630135836136883901 : Checking image 2 border left 192
1630135836136915002 : Checking image 2 border right 192

</system-out><system-err>--------------------------------- Captured Err ---------------------------------

</system-err></testcase><testcase classname="tests.test_images" name="test_no_split_line_wave_algo_2_png" time="20.551"><system-out>--------------------------------- Captured Log ---------------------------------

--------------------------------- Captured Out ---------------------------------
/home/runner/work/diptych/diptych/tests/no_split_line_wave_algo_2.png
1630135832107696718 : Checking separation double page angle 90.43362571535843
1630135832107809419 : Checking separation double page y=0 2473
1630135833485142985 : Checking page rotation 1 1.05
1630135834886931340 : Checking page rotation 2 0.15000000000000002
1630135836966873502 : Checking image 1 crop x1 267
1630135836967004604 : Checking image 1 crop y1 210
1630135836967046004 : Checking image 1 crop x2 2343
1630135836967083104 : Checking image 1 crop y2 3412
1630135838795178389 : Checking image 2 crop x1 165
1630135838795307191 : Checking image 2 crop y1 241
1630135838795346791 : Checking image 2 crop x2 2250
1630135838795383792 : Checking image 2 crop y2 3433
1630135838795566994 : Checking image 1 dpi 300
1630135838795642995 : Checking image 1 border top 192
1630135838795680195 : Checking image 1 border bottom 93
1630135838795716795 : Checking image 1 border left 192
1630135838795750596 : Checking image 1 border right 192
1630135838798967434 : Checking image 2 dpi 300
1630135838799056135 : Checking image 2 border top 224
1630135838799092235 : Checking image 2 border bottom 71
1630135838799125936 : Checking image 2 border left 187
1630135838799159236 : Checking image 2 border right 187

</system-out><system-err>--------------------------------- Captured Err ---------------------------------

</system-err></testcase><testcase classname="tests.test_images" name="test_crop_too_few_2_png" time="23.105"><system-out>--------------------------------- Captured Log ---------------------------------

--------------------------------- Captured Out ---------------------------------
/home/runner/work/diptych/diptych/tests/crop_too_few_2.png
1630135850474899205 : Checking separation double page angle 90.35461351371423
1630135850474996606 : Checking separation double page y=0 2533
1630135852235523297 : Checking page rotation 1 1.0999999999999999
1630135854129349444 : Checking page rotation 2 0.0
1630135856768386980 : Checking image 1 crop x1 289
1630135856768521182 : Checking image 1 crop y1 165
1630135856768556182 : Checking image 1 crop x2 2400
1630135856768589182 : Checking image 1 crop y2 3367
1630135859308782852 : Checking image 2 crop x1 152
1630135859308910054 : Checking image 2 crop y1 190
1630135859308947354 : Checking image 2 crop x2 2273
1630135859308981655 : Checking image 2 crop y2 3385
1630135859309167657 : Checking image 1 dpi 300
1630135859309242858 : Checking image 1 border top 157
1630135859309275358 : Checking image 1 border bottom 128
1630135859309306259 : Checking image 1 border left 174
1630135859309338459 : Checking image 1 border right 174
1630135859311994090 : Checking image 2 dpi 300
1630135859312083191 : Checking image 2 border top 176
1630135859312115592 : Checking image 2 border bottom 116
1630135859312145992 : Checking image 2 border left 169
1630135859312176392 : Checking image 2 border right 169

</system-out><system-err>--------------------------------- Captured Err ---------------------------------

</system-err></testcase><testcase classname="tests.test_images" name="test_failed_detect_rectangle_png" time="23.784"><system-out>--------------------------------- Captured Log ---------------------------------

--------------------------------- Captured Out ---------------------------------
/home/runner/work/diptych/diptych/tests/failed_detect_rectangle.png
1630135854568379924 : Checking separation double page angle 90.242273842964
1630135854568492725 : Checking separation double page y=0 2475
1630135856997961589 : Checking page rotation 1 0.2
1630135859930963593 : Checking page rotation 2 0.2
1630135861182667678 : Checking image 1 crop x1 257
1630135861182792979 : Checking image 1 crop y1 201
1630135861182830180 : Checking image 1 crop x2 2333
1630135861182862980 : Checking image 1 crop y2 3402
1630135862562540793 : Checking image 2 crop x1 137
1630135862562697895 : Checking image 2 crop y1 215
1630135862562740096 : Checking image 2 crop x2 2220
1630135862562777896 : Checking image 2 crop y2 3406
1630135862562963298 : Checking image 1 dpi 300
1630135862563040099 : Checking image 1 border top 188
1630135862563077900 : Checking image 1 border bottom 98
1630135862563119500 : Checking image 1 border left 192
1630135862563171201 : Checking image 1 border right 192
1630135862566204937 : Checking image 2 dpi 300
1630135862566308538 : Checking image 2 border top 201
1630135862566346438 : Checking image 2 border bottom 95
1630135862566380339 : Checking image 2 border left 188
1630135862566413739 : Checking image 2 border right 188

</system-out><system-err>--------------------------------- Captured Err ---------------------------------

</system-err></testcase><testcase classname="tests.test_images" name="test_single_page_png" time="6.472"><system-out>--------------------------------- Captured Log ---------------------------------

--------------------------------- Captured Out ---------------------------------
/home/runner/work/diptych/diptych/tests/single_page.png
1630135862824575792 : Checking separation double page angle 89.93006318861008
1630135862824716493 : Checking separation double page y=0 2472
1630135863725538745 : Checking page rotation 1 0.0
1630135863841438215 : Checking page rotation 2 0.0
1630135865280872335 : Checking image 1 crop x1 1
1630135865280972036 : Checking image 1 crop y1 8
1630135865281014336 : Checking image 1 crop x2 2470
1630135865281049837 : Checking image 1 crop y2 3505
1630135865405201305 : Checking image 2 crop x1 0
1630135865405284406 : Checking image 2 crop y1 0
1630135865405317406 : Checking image 2 crop x2 0
1630135865405348606 : Checking image 2 crop y2 0
1630135865405415907 : Checking image 1 dpi 300
1630135865405500508 : Checking image 1 border top 5
1630135865405536109 : Checking image 1 border bottom 5
1630135865405569409 : Checking image 1 border left 6
1630135865405603009 : Checking image 1 border right 6
1630135865411591880 : Checking image 2 border top 0
1630135865411659881 : Checking image 2 border bottom 0
1630135865411692181 : Checking image 2 border left 0
1630135865411724582 : Checking image 2 border right 0

</system-out><system-err>--------------------------------- Captured Err ---------------------------------

</system-err></testcase><testcase classname="tests.test_images" name="test_no_split_line_wave_algo_3_png" time="10.788"><system-out>--------------------------------- Captured Log ---------------------------------

--------------------------------- Captured Out ---------------------------------
/home/runner/work/diptych/diptych/tests/no_split_line_wave_algo_3.png
1630135870094367338 : Checking separation double page angle 90.18184445198425
1630135870094478339 : Checking separation double page y=0 2405
1630135870944267281 : Checking page rotation 1 0.0
1630135871106138494 : Checking page rotation 2 0.0
1630135872907228477 : Checking image 1 crop x1 184
1630135872907330378 : Checking image 1 crop y1 2957
1630135872907366379 : Checking image 1 crop x2 2201
1630135872907401979 : Checking image 1 crop y2 3202
1630135873355102369 : Checking image 2 crop x1 0
1630135873355174470 : Checking image 2 crop y1 0
1630135873355204671 : Checking image 2 crop x2 0
1630135873355233271 : Checking image 2 crop y2 0
1630135873355306472 : Checking image 1 dpi 300
1630135873355399473 : Checking image 1 border top 2950
1630135873355434073 : Checking image 1 border bottom 292
1630135873355467074 : Checking image 1 border left 221
1630135873355497974 : Checking image 1 border right 221
1630135873361212942 : Checking image 2 border top 0
1630135873361277842 : Checking image 2 border bottom 0
1630135873361307143 : Checking image 2 border left 0
1630135873361336843 : Checking image 2 border right 0

</system-out><system-err>--------------------------------- Captured Err ---------------------------------

</system-err></testcase><testcase classname="tests.test_images" name="test_wrong_split_line_4_png" time="11.781"><system-out>--------------------------------- Captured Log ---------------------------------

--------------------------------- Captured Out ---------------------------------
/home/runner/work/diptych/diptych/tests/wrong_split_line_4.png
1630135873860706144 : Checking separation double page angle 90.92587744884125
1630135873860801845 : Checking separation double page y=0 58
1630135873953987946 : Checking page rotation 1 0.5499999999999999
1630135875028594245 : Checking page rotation 2 1.0999999999999999
1630135875730028033 : Checking image 1 crop x1 0
1630135875730099934 : Checking image 1 crop y1 0
1630135875730129935 : Checking image 1 crop x2 0
1630135875730164135 : Checking image 1 crop y2 0
1630135877607756715 : Checking image 2 crop x1 290
1630135877607879717 : Checking image 2 crop y1 330
1630135877607916817 : Checking image 2 crop x2 2314
1630135877607950318 : Checking image 2 crop y2 3217
1630135877608123720 : Checking image 1 border top 0
1630135877608157420 : Checking image 1 border bottom 0
1630135877608187721 : Checking image 1 border left 0
1630135877608220521 : Checking image 1 border right 0
1630135877608275822 : Checking image 2 dpi 300
1630135877608343722 : Checking image 2 border top 322
1630135877608376223 : Checking image 2 border bottom 278
1630135877608406723 : Checking image 2 border left 218
1630135877608437424 : Checking image 2 border right 218

</system-out><system-err>--------------------------------- Captured Err ---------------------------------

</system-err></testcase><testcase classname="tests.test_images" name="test_failed_split_line_line_algo_3_png" time="12.418"><system-out>--------------------------------- Captured Log ---------------------------------

--------------------------------- Captured Out ---------------------------------
/home/runner/work/diptych/diptych/tests/failed_split_line_line_algo_3.png
1630135880949043878 : Checking separation double page angle 90.02403976140027
1630135880949161279 : Checking separation double page y=0 39
1630135881013722642 : Checking page rotation 1 0.0
1630135881671951116 : Checking page rotation 2 0.0
1630135881930176566 : Checking image 1 crop x1 0
1630135881930250567 : Checking image 1 crop y1 0
1630135881930283867 : Checking image 1 crop x2 0
1630135881930311967 : Checking image 1 crop y2 0
1630135885853483437 : Checking image 2 crop x1 249
1630135885853586039 : Checking image 2 crop y1 154
1630135885853621039 : Checking image 2 crop x2 2264
1630135885853653539 : Checking image 2 crop y2 3361
1630135885853830441 : Checking image 1 border top 0
1630135885853866042 : Checking image 1 border bottom 0
1630135885853898642 : Checking image 1 border left 0
1630135885853928343 : Checking image 1 border right 0
1630135885853975543 : Checking image 2 dpi 300
1630135885854042644 : Checking image 2 border top 146
1630135885854075344 : Checking image 2 border bottom 134
1630135885854105545 : Checking image 2 border left 222
1630135885854135445 : Checking image 2 border right 222

</system-out><system-err>--------------------------------- Captured Err ---------------------------------

</system-err></testcase></testsuite></testsuites>