<?xml version="1.0" encoding="utf-8"?><testsuites><testsuite name="pytest" errors="0" failures="0" skipped="0" tests="36" time="398.648" timestamp="2021-05-17T09:31:23.567917" hostname="fv-az75-388"><testcase classname="tests.test_features" name="test_disabled_enable_debug" time="22.950"><system-out>--------------------------------- Captured Log ---------------------------------

--------------------------------- Captured Out ---------------------------------
/home/runner/work/diptych/diptych/tests/0001_debug.png
separation double page angle 90.55756528497216
separation double page y=0 2484
page rotation 1 0.65
page rotation 2 0.2
image 1 crop x1 329
image 1 crop y1 335
image 1 crop x2 2344
image 1 crop y2 3222
image 2 crop x1 171
image 2 crop y1 648
image 2 crop x2 2188
image 2 crop y2 3361
image 1 dpi 300
image 1 border top 327
image 1 border bottom 273
image 1 border left 222
image 1 border right 222
image 2 dpi 300
image 2 border top 643
image 2 border bottom 131
image 2 border left 221
image 2 border right 221

</system-out><system-err>--------------------------------- Captured Err ---------------------------------

</system-err></testcase><testcase classname="tests.test_features" name="test_mock_stop_at_0" time="0.052"><system-out>--------------------------------- Captured Log ---------------------------------

--------------------------------- Captured Out ---------------------------------
/home/runner/work/diptych/diptych/tests/0001_0.png

</system-out><system-err>--------------------------------- Captured Err ---------------------------------

</system-err></testcase><testcase classname="tests.test_features" name="test_mock_stop_at_2" time="16.350"><system-out>--------------------------------- Captured Log ---------------------------------

--------------------------------- Captured Out ---------------------------------
/home/runner/work/diptych/diptych/tests/0001_2.png
separation double page angle 90.55756528497216
separation double page y=0 2484
page rotation 1 0.65
page rotation 2 0.2

</system-out><system-err>--------------------------------- Captured Err ---------------------------------

</system-err></testcase><testcase classname="tests.test_features" name="test_mock_stop_at_4" time="22.633"><system-out>--------------------------------- Captured Log ---------------------------------

--------------------------------- Captured Out ---------------------------------
/home/runner/work/diptych/diptych/tests/0001_4.png
separation double page angle 90.55756528497216
separation double page y=0 2484
page rotation 1 0.65
page rotation 2 0.2
image 1 crop x1 329
image 1 crop y1 335
image 1 crop x2 2344
image 1 crop y2 3222
image 2 crop x1 171
image 2 crop y1 648
image 2 crop x2 2188
image 2 crop y2 3361
image 1 dpi 300
image 1 border top 326
image 1 border bottom 274
image 1 border left 222
image 1 border right 222
image 2 dpi 300
image 2 border top 643
image 2 border bottom 131
image 2 border left 221
image 2 border right 221

</system-out><system-err>--------------------------------- Captured Err ---------------------------------

</system-err></testcase><testcase classname="tests.test_features" name="test_mock_stop_at_1" time="13.647"><system-out>--------------------------------- Captured Log ---------------------------------

--------------------------------- Captured Out ---------------------------------
/home/runner/work/diptych/diptych/tests/0001_1.png
separation double page angle 90.55756528497216
separation double page y=0 2484

</system-out><system-err>--------------------------------- Captured Err ---------------------------------

</system-err></testcase><testcase classname="tests.test_features" name="test_mock_stop_at_3" time="22.476"><system-out>--------------------------------- Captured Log ---------------------------------

--------------------------------- Captured Out ---------------------------------
/home/runner/work/diptych/diptych/tests/0001_3.png
separation double page angle 90.55756528497216
separation double page y=0 2484
page rotation 1 0.65
page rotation 2 0.2
image 1 crop x1 329
image 1 crop y1 335
image 1 crop x2 2344
image 1 crop y2 3222
image 2 crop x1 171
image 2 crop y1 648
image 2 crop x2 2188
image 2 crop y2 3361

</system-out><system-err>--------------------------------- Captured Err ---------------------------------

</system-err></testcase><testcase classname="tests.test_images" name="test_0001_png" time="21.104"><system-out>--------------------------------- Captured Log ---------------------------------

--------------------------------- Captured Out ---------------------------------
/home/runner/work/diptych/diptych/tests/0001.png
1621243936816279333 : Checking separation double page angle 90.55756528497216
1621243936816407933 : Checking separation double page y=0 2484
1621243937905919390 : Checking page rotation 1 0.65
1621243939273452133 : Checking page rotation 2 0.2
1621243942306868798 : Checking image 1 crop x1 329
1621243942306979698 : Checking image 1 crop y1 335
1621243942307015798 : Checking image 1 crop x2 2344
1621243942307046598 : Checking image 1 crop y2 3222
1621243945003886300 : Checking image 2 crop x1 171
1621243945003998000 : Checking image 2 crop y1 648
1621243945004032100 : Checking image 2 crop x2 2188
1621243945004060100 : Checking image 2 crop y2 3361
1621243945004203000 : Checking image 1 dpi 300
1621243945004264200 : Checking image 1 border top 326
1621243945004293100 : Checking image 1 border bottom 274
1621243945004319000 : Checking image 1 border left 222
1621243945004380400 : Checking image 1 border right 222
1621243945007005399 : Checking image 2 dpi 300
1621243945007057099 : Checking image 2 border top 643
1621243945007121399 : Checking image 2 border bottom 131
1621243945007149499 : Checking image 2 border left 221
1621243945007179599 : Checking image 2 border right 221

</system-out><system-err>--------------------------------- Captured Err ---------------------------------

</system-err></testcase><testcase classname="tests.test_features" name="test_mock_stop_at_5" time="22.683"><system-out>--------------------------------- Captured Log ---------------------------------

--------------------------------- Captured Out ---------------------------------
/home/runner/work/diptych/diptych/tests/0001_5.png
separation double page angle 90.55756528497216
separation double page y=0 2484
page rotation 1 0.65
page rotation 2 0.2
image 1 crop x1 329
image 1 crop y1 335
image 1 crop x2 2344
image 1 crop y2 3222
image 2 crop x1 171
image 2 crop y1 648
image 2 crop x2 2188
image 2 crop y2 3361
image 1 dpi 300
image 1 border top 326
image 1 border bottom 274
image 1 border left 222
image 1 border right 222
image 2 dpi 300
image 2 border top 643
image 2 border bottom 131
image 2 border left 221
image 2 border right 221

</system-out><system-err>--------------------------------- Captured Err ---------------------------------

</system-err></testcase><testcase classname="tests.test_images" name="test_black_border_not_removed_png" time="22.483"><system-out>--------------------------------- Captured Log ---------------------------------

--------------------------------- Captured Out ---------------------------------
/home/runner/work/diptych/diptych/tests/black-border-not-removed.png
1621243956927619156 : Checking separation double page angle 90.01516396500199
1621243956927763556 : Checking separation double page y=0 2455
1621243957969443535 : Checking page rotation 1 0.0
1621243959391964061 : Checking page rotation 2 0.1
1621243962297520508 : Checking image 1 crop x1 297
1621243962297634508 : Checking image 1 crop y1 143
1621243962297673008 : Checking image 1 crop x2 2309
1621243962297708108 : Checking image 1 crop y2 3346
1621243967492714575 : Checking image 2 crop x1 154
1621243967492826975 : Checking image 2 crop y1 144
1621243967492865075 : Checking image 2 crop x2 2168
1621243967492899875 : Checking image 2 crop y2 3351
1621243967493059175 : Checking image 1 dpi 300
1621243967493134675 : Checking image 1 border top 131
1621243967493168675 : Checking image 1 border bottom 153
1621243967493199775 : Checking image 1 border left 224
1621243967493230875 : Checking image 1 border right 224
1621243967495871674 : Checking image 2 dpi 300
1621243967495930174 : Checking image 2 border top 133
1621243967495961974 : Checking image 2 border bottom 147
1621243967495991974 : Checking image 2 border left 223
1621243967496021974 : Checking image 2 border right 223

</system-out><system-err>--------------------------------- Captured Err ---------------------------------

</system-err></testcase><testcase classname="tests.test_images" name="test_2_pages_2_contours_png" time="16.277"><system-out>--------------------------------- Captured Log ---------------------------------

--------------------------------- Captured Out ---------------------------------
/home/runner/work/diptych/diptych/tests/2-pages-2-contours.png
1621243977621865891 : Checking separation double page angle 90.14230271514262
1621243977621973391 : Checking separation double page y=0 2488
1621243978241847475 : Checking page rotation 1 0.0
1621243979322499299 : Checking page rotation 2 0.2
1621243980295503760 : Checking image 1 crop x1 1189
1621243980295609760 : Checking image 1 crop y1 1751
1621243980295643760 : Checking image 1 crop x2 1190
1621243980295673060 : Checking image 1 crop y2 1752
1621243982906715250 : Checking image 2 crop x1 100
1621243982906805450 : Checking image 2 crop y1 240
1621243982906835650 : Checking image 2 crop x2 2148
1621243982906881450 : Checking image 2 crop y2 3240
1621243982907032250 : Checking image 1 dpi 300
1621243982907124550 : Checking image 1 border top 1752
1621243982907153250 : Checking image 1 border bottom 1753
1621243982907179850 : Checking image 1 border left 1239
1621243982907206050 : Checking image 1 border right 1239
1621243982908984949 : Checking image 2 dpi 300
1621243982909051549 : Checking image 2 border top 230
1621243982909079049 : Checking image 2 border bottom 256
1621243982909104749 : Checking image 2 border left 206
1621243982909130449 : Checking image 2 border right 206

</system-out><system-err>--------------------------------- Captured Err ---------------------------------

</system-err></testcase><testcase classname="tests.test_images" name="test_image_failed_to_rotate_png" time="27.626"><system-out>--------------------------------- Captured Log ---------------------------------

--------------------------------- Captured Out ---------------------------------
/home/runner/work/diptych/diptych/tests/image_failed_to_rotate.png
1621243982803384886 : Checking separation double page angle 90.35651650869968
1621243982803480286 : Checking separation double page y=0 2483
1621243984747528910 : Checking page rotation 1 0.45
1621243985956742640 : Checking page rotation 2 0.2
1621243991116348564 : Checking image 1 crop x1 31
1621243991116515764 : Checking image 1 crop y1 1
1621243991116558964 : Checking image 1 crop x2 2481
1621243991116599264 : Checking image 1 crop y2 3504
1621243995010694729 : Checking image 2 crop x1 171
1621243995010888231 : Checking image 2 crop y1 231
1621243995010958132 : Checking image 2 crop x2 2259
1621243995010999632 : Checking image 2 crop y2 3358
1621243995011196634 : Checking image 1 dpi 300
1621243995011333436 : Checking image 1 border top 2
1621243995011375036 : Checking image 1 border bottom 2
1621243995011413137 : Checking image 1 border left 15
1621243995011449437 : Checking image 1 border right 15
1621243995014086764 : Checking image 2 dpi 300
1621243995014166065 : Checking image 2 border top 217
1621243995014202265 : Checking image 2 border bottom 143
1621243995014236565 : Checking image 2 border left 186
1621243995014270766 : Checking image 2 border right 186

</system-out><system-err>--------------------------------- Captured Err ---------------------------------

</system-err></testcase><testcase classname="tests.test_images" name="test_wrong_split_line_png" time="18.968"><system-out>--------------------------------- Captured Log ---------------------------------

--------------------------------- Captured Out ---------------------------------
/home/runner/work/diptych/diptych/tests/wrong_split_line.png
1621243996031683898 : Checking separation double page angle 89.95895720607972
1621243996031781699 : Checking separation double page y=0 2466
1621243997040511744 : Checking page rotation 1 -0.04999999999999689
1621243998053112229 : Checking page rotation 2 0.45
1621243999561924237 : Checking image 1 crop x1 211
1621243999562046037 : Checking image 1 crop y1 156
1621243999562085137 : Checking image 1 crop x2 2323
1621243999562121037 : Checking image 1 crop y2 3363
1621244001860389276 : Checking image 2 crop x1 123
1621244001860480776 : Checking image 2 crop y1 164
1621244001860513976 : Checking image 2 crop x2 2237
1621244001860545476 : Checking image 2 crop y2 3375
1621244001860695576 : Checking image 1 dpi 300
1621244001860756276 : Checking image 1 border top 135
1621244001860785576 : Checking image 1 border bottom 145
1621244001860812676 : Checking image 1 border left 174
1621244001860839476 : Checking image 1 border right 174
1621244001863763476 : Checking image 2 dpi 300
1621244001863814776 : Checking image 2 border top 141
1621244001863843376 : Checking image 2 border bottom 135
1621244001863869476 : Checking image 2 border left 173
1621244001863895076 : Checking image 2 border right 173

</system-out><system-err>--------------------------------- Captured Err ---------------------------------

</system-err></testcase><testcase classname="tests.test_images" name="test_image_failed_to_crop_data_png" time="39.180"><system-out>--------------------------------- Captured Log ---------------------------------

--------------------------------- Captured Out ---------------------------------
/home/runner/work/diptych/diptych/tests/image_failed_to_crop_data.png
1621244014577979986 : Checking separation double page angle 90.09350257645173
1621244014578089386 : Checking separation double page y=0 2479
1621244019261718187 : Checking page rotation 1 0.15000000000000002
1621244020376284087 : Checking page rotation 2 0.05
1621244030595070841 : Checking image 1 crop x1 46
1621244030595213141 : Checking image 1 crop y1 1
1621244030595257141 : Checking image 1 crop x2 2477
1621244030595297441 : Checking image 1 crop y2 3505
1621244034237712315 : Checking image 2 crop x1 164
1621244034237820215 : Checking image 2 crop y1 217
1621244034237855615 : Checking image 2 crop x2 2245
1621244034237887915 : Checking image 2 crop y2 3350
1621244034238061715 : Checking image 1 dpi 300
1621244034238132615 : Checking image 1 border top 2
1621244034238166415 : Checking image 1 border bottom 2
1621244034238195915 : Checking image 1 border left 25
1621244034238224015 : Checking image 1 border right 25
1621244034241015513 : Checking image 2 dpi 300
1621244034241067613 : Checking image 2 border top 206
1621244034241095813 : Checking image 2 border bottom 148
1621244034241122513 : Checking image 2 border left 189
1621244034241148913 : Checking image 2 border right 189

</system-out><system-err>--------------------------------- Captured Err ---------------------------------

</system-err></testcase><testcase classname="tests.test_images" name="test_crop_too_much_png" time="26.189"><system-out>--------------------------------- Captured Log ---------------------------------

--------------------------------- Captured Out ---------------------------------
/home/runner/work/diptych/diptych/tests/crop_too_much.png
1621244016375784595 : Checking separation double page angle 90.16929865985193
1621244016375901395 : Checking separation double page y=0 2456
1621244018092881909 : Checking page rotation 1 -0.04999999999999689
1621244019594148142 : Checking page rotation 2 0.2
1621244023154741255 : Checking image 1 crop x1 302
1621244023154833154 : Checking image 1 crop y1 148
1621244023154895854 : Checking image 1 crop x2 2314
1621244023154929054 : Checking image 1 crop y2 3351
1621244028025830839 : Checking image 2 crop x1 163
1621244028025965639 : Checking image 2 crop y1 151
1621244028026001139 : Checking image 2 crop x2 2187
1621244028026034239 : Checking image 2 crop y2 3363
1621244028026185939 : Checking image 1 dpi 300
1621244028026280239 : Checking image 1 border top 133
1621244028026310539 : Checking image 1 border bottom 151
1621244028026339139 : Checking image 1 border left 224
1621244028026366539 : Checking image 1 border right 224
1621244028029365538 : Checking image 2 dpi 300
1621244028029431138 : Checking image 2 border top 132
1621244028029461738 : Checking image 2 border bottom 143
1621244028029489638 : Checking image 2 border left 218
1621244028029517338 : Checking image 2 border right 218

</system-out><system-err>--------------------------------- Captured Err ---------------------------------

</system-err></testcase><testcase classname="tests.test_images" name="test_crop_too_few_png" time="19.437"><system-out>--------------------------------- Captured Log ---------------------------------

--------------------------------- Captured Out ---------------------------------
/home/runner/work/diptych/diptych/tests/crop_too_few.png
1621244041358345953 : Checking separation double page angle 89.49492328400886
1621244041358440053 : Checking separation double page y=0 2510
1621244042297232429 : Checking page rotation 1 -0.6499999999999977
1621244043420775740 : Checking page rotation 2 0.0
1621244045711292448 : Checking image 1 crop x1 263
1621244045711387248 : Checking image 1 crop y1 150
1621244045711419848 : Checking image 1 crop x2 2377
1621244045711447448 : Checking image 1 crop y2 3357
1621244047496424430 : Checking image 2 crop x1 139
1621244047496518430 : Checking image 2 crop y1 141
1621244047496549930 : Checking image 2 crop x2 2261
1621244047496579230 : Checking image 2 crop y2 3345
1621244047496745030 : Checking image 1 dpi 300
1621244047496804530 : Checking image 1 border top 129
1621244047496832130 : Checking image 1 border bottom 150
1621244047496857530 : Checking image 1 border left 173
1621244047496882230 : Checking image 1 border right 173
1621244047500302629 : Checking image 2 dpi 300
1621244047500359929 : Checking image 2 border top 130
1621244047500387529 : Checking image 2 border bottom 153
1621244047500412829 : Checking image 2 border left 169
1621244047500437929 : Checking image 2 border right 169

</system-out><system-err>--------------------------------- Captured Err ---------------------------------

</system-err></testcase><testcase classname="tests.test_images" name="test_wrong_angle_split_line_png" time="25.836"><system-out>--------------------------------- Captured Log ---------------------------------

--------------------------------- Captured Out ---------------------------------
/home/runner/work/diptych/diptych/tests/wrong_angle_split_line.png
1621244045751182434 : Checking separation double page angle 90.08791528895468
1621244045751299934 : Checking separation double page y=0 2478
1621244047080146274 : Checking page rotation 1 0.1
1621244048239140573 : Checking page rotation 2 0.1
1621244054319330833 : Checking image 1 crop x1 58
1621244054319431333 : Checking image 1 crop y1 6
1621244054319464433 : Checking image 1 crop x2 2476
1621244054319492533 : Checking image 1 crop y2 3501
1621244059424570883 : Checking image 2 crop x1 166
1621244059424693383 : Checking image 2 crop y1 218
1621244059424727283 : Checking image 2 crop x2 2244
1621244059424757683 : Checking image 2 crop y2 3349
1621244059424907483 : Checking image 1 dpi 300
1621244059424976983 : Checking image 1 border top 6
1621244059425007583 : Checking image 1 border bottom 6
1621244059425035783 : Checking image 1 border left 31
1621244059425062583 : Checking image 1 border right 31
1621244059432933181 : Checking image 2 dpi 300
1621244059433027581 : Checking image 2 border top 209
1621244059433059281 : Checking image 2 border bottom 147
1621244059433086981 : Checking image 2 border left 191
1621244059433130681 : Checking image 2 border right 191

</system-out><system-err>--------------------------------- Captured Err ---------------------------------

</system-err></testcase><testcase classname="tests.test_images" name="test_crop_too_much_2_png" time="26.283"><system-out>--------------------------------- Captured Log ---------------------------------

--------------------------------- Captured Out ---------------------------------
/home/runner/work/diptych/diptych/tests/crop_too_much_2.png
1621244063275305486 : Checking separation double page angle 90.15285326123045
1621244063275428486 : Checking separation double page y=0 2477
1621244064780461279 : Checking page rotation 1 0.15000000000000002
1621244066460700913 : Checking page rotation 2 0.2
1621244069631423561 : Checking image 1 crop x1 330
1621244069631526461 : Checking image 1 crop y1 132
1621244069631561561 : Checking image 1 crop x2 2342
1621244069631592261 : Checking image 1 crop y2 3335
1621244073753057640 : Checking image 2 crop x1 165
1621244073753151140 : Checking image 2 crop y1 139
1621244073753198040 : Checking image 2 crop x2 2178
1621244073753231040 : Checking image 2 crop y2 3345
1621244073753389840 : Checking image 1 dpi 300
1621244073753455840 : Checking image 1 border top 121
1621244073753489440 : Checking image 1 border bottom 163
1621244073753520240 : Checking image 1 border left 224
1621244073753550140 : Checking image 1 border right 224
1621244073756685839 : Checking image 2 dpi 300
1621244073756751239 : Checking image 2 border top 129
1621244073756783139 : Checking image 2 border bottom 152
1621244073756820039 : Checking image 2 border left 223
1621244073756850439 : Checking image 2 border right 223

</system-out><system-err>--------------------------------- Captured Err ---------------------------------

</system-err></testcase><testcase classname="tests.test_images" name="test_angle_page_lower_split_line_png" time="26.136"><system-out>--------------------------------- Captured Log ---------------------------------

--------------------------------- Captured Out ---------------------------------
/home/runner/work/diptych/diptych/tests/angle_page_lower_split_line.png
1621244077723830712 : Checking separation double page angle 89.74412725181848
1621244077723941212 : Checking separation double page y=0 2472
1621244079250896524 : Checking page rotation 1 -0.14999999999999067
1621244080652494085 : Checking page rotation 2 0.1
1621244082455982509 : Checking image 1 crop x1 241
1621244082456220109 : Checking image 1 crop y1 156
1621244082456279809 : Checking image 1 crop x2 2357
1621244082456317709 : Checking image 1 crop y2 3368
1621244086294940937 : Checking image 2 crop x1 151
1621244086295056037 : Checking image 2 crop y1 146
1621244086295094937 : Checking image 2 crop x2 2261
1621244086295162037 : Checking image 2 crop y2 3351
1621244086295344336 : Checking image 1 dpi 300
1621244086295416436 : Checking image 1 border top 140
1621244086295449436 : Checking image 1 border bottom 135
1621244086295481436 : Checking image 1 border left 172
1621244086295529636 : Checking image 1 border right 172
1621244086298541435 : Checking image 2 dpi 300
1621244086298603035 : Checking image 2 border top 131
1621244086298634335 : Checking image 2 border bottom 151
1621244086298663035 : Checking image 2 border left 175
1621244086298728835 : Checking image 2 border right 175

</system-out><system-err>--------------------------------- Captured Err ---------------------------------

</system-err></testcase><testcase classname="tests.test_images" name="test_wrong_split_line_2_png" time="34.634"><system-out>--------------------------------- Captured Log ---------------------------------

--------------------------------- Captured Out ---------------------------------
/home/runner/work/diptych/diptych/tests/wrong_split_line_2.png
1621244091067105714 : Checking separation double page angle 90.23635161124103
1621244091067245114 : Checking separation double page y=0 2437
1621244092760245195 : Checking page rotation 1 0.2
1621244094295898834 : Checking page rotation 2 0.2
1621244100238065590 : Checking image 1 crop x1 294
1621244100238182990 : Checking image 1 crop y1 136
1621244100238223489 : Checking image 1 crop x2 2325
1621244100238263189 : Checking image 1 crop y2 3376
1621244108408992690 : Checking image 2 crop x1 138
1621244108409101190 : Checking image 2 crop y1 190
1621244108409156190 : Checking image 2 crop x2 2174
1621244108409190090 : Checking image 2 crop y2 3389
1621244108409522590 : Checking image 1 dpi 300
1621244108409607090 : Checking image 1 border top 131
1621244108409663690 : Checking image 1 border bottom 116
1621244108409715390 : Checking image 1 border left 214
1621244108409747490 : Checking image 1 border right 214
1621244108412940789 : Checking image 2 dpi 300
1621244108413009889 : Checking image 2 border top 181
1621244108413040989 : Checking image 2 border bottom 107
1621244108413070189 : Checking image 2 border left 212
1621244108413098789 : Checking image 2 border right 212

</system-out><system-err>--------------------------------- Captured Err ---------------------------------

</system-err></testcase><testcase classname="tests.test_images" name="test_wrong_wave_split_line_png" time="32.424"><system-out>--------------------------------- Captured Log ---------------------------------

--------------------------------- Captured Out ---------------------------------
/home/runner/work/diptych/diptych/tests/wrong_wave_split_line.png
1621244102965429934 : Checking separation double page angle 90.42461655762611
1621244102965535834 : Checking separation double page y=0 2502
1621244104647967083 : Checking page rotation 1 -0.09999999999999377
1621244106349070309 : Checking page rotation 2 0.85
1621244112337366629 : Checking image 1 crop x1 384
1621244112337495129 : Checking image 1 crop y1 178
1621244112337530729 : Checking image 1 crop x2 2412
1621244112337561629 : Checking image 1 crop y2 3374
1621244118706983123 : Checking image 2 crop x1 7
1621244118707107623 : Checking image 2 crop y1 0
1621244118707160823 : Checking image 2 crop x2 2411
1621244118707221323 : Checking image 2 crop y2 3505
1621244118707404823 : Checking image 1 dpi 300
1621244118707494323 : Checking image 1 border top 173
1621244118707565523 : Checking image 1 border bottom 118
1621244118707598623 : Checking image 1 border left 216
1621244118707631923 : Checking image 1 border right 216
1621244118710787622 : Checking image 2 dpi 300
1621244118710868222 : Checking image 2 border top 1
1621244118710905122 : Checking image 2 border bottom 1
1621244118710935022 : Checking image 2 border left 38
1621244118710964822 : Checking image 2 border right 38

</system-out><system-err>--------------------------------- Captured Err ---------------------------------

</system-err></testcase><testcase classname="tests.test_images" name="test_small_wave_png" time="23.003"><system-out>--------------------------------- Captured Log ---------------------------------

--------------------------------- Captured Out ---------------------------------
/home/runner/work/diptych/diptych/tests/small_wave.png
1621244124373193143 : Checking separation double page angle 90.56494929955075
1621244124373413943 : Checking separation double page y=0 2495
1621244126054012481 : Checking page rotation 1 0.7
1621244127469382724 : Checking page rotation 2 0.65
1621244129042256361 : Checking image 1 crop x1 322
1621244129042359961 : Checking image 1 crop y1 199
1621244129042395661 : Checking image 1 crop x2 2351
1621244129042426661 : Checking image 1 crop y2 3394
1621244131409332613 : Checking image 2 crop x1 130
1621244131409433313 : Checking image 2 crop y1 222
1621244131409467813 : Checking image 2 crop x2 2163
1621244131409499813 : Checking image 2 crop y2 3420
1621244131409673813 : Checking image 1 dpi 300
1621244131409755113 : Checking image 1 border top 181
1621244131409820913 : Checking image 1 border bottom 111
1621244131409849813 : Checking image 1 border left 215
1621244131410224312 : Checking image 1 border right 215
1621244131413050310 : Checking image 2 dpi 300
1621244131413114110 : Checking image 2 border top 197
1621244131413143310 : Checking image 2 border bottom 92
1621244131413169210 : Checking image 2 border left 213
1621244131413194010 : Checking image 2 border right 213

</system-out><system-err>--------------------------------- Captured Err ---------------------------------

</system-err></testcase><testcase classname="tests.test_images" name="test_no_split_line_line_algo_png" time="21.847"><system-out>--------------------------------- Captured Log ---------------------------------

--------------------------------- Captured Out ---------------------------------
/home/runner/work/diptych/diptych/tests/no_split_line_line_algo.png
1621244131559409708 : Checking separation double page angle 89.47691469185418
1621244131559506708 : Checking separation double page y=0 2476
1621244132608099278 : Checking page rotation 1 -0.14999999999999067
1621244134134212816 : Checking page rotation 2 -0.14999999999999067
1621244136178775548 : Checking image 1 crop x1 205
1621244136178924248 : Checking image 1 crop y1 158
1621244136178977848 : Checking image 1 crop x2 2320
1621244136179007348 : Checking image 1 crop y2 3366
1621244140575565025 : Checking image 2 crop x1 185
1621244140575677525 : Checking image 2 crop y1 225
1621244140575722325 : Checking image 2 crop x2 2204
1621244140575757025 : Checking image 2 crop y2 3362
1621244140575927425 : Checking image 1 dpi 300
1621244140575997825 : Checking image 1 border top 144
1621244140576030325 : Checking image 1 border bottom 134
1621244140576061225 : Checking image 1 border left 172
1621244140576090425 : Checking image 1 border right 172
1621244140578807024 : Checking image 2 dpi 300
1621244140578887024 : Checking image 2 border top 223
1621244140578922024 : Checking image 2 border bottom 127
1621244140578950724 : Checking image 2 border left 220
1621244140578979524 : Checking image 2 border right 220

</system-out><system-err>--------------------------------- Captured Err ---------------------------------

</system-err></testcase><testcase classname="tests.test_images" name="test_wrong_split_line_3_png" time="25.548"><system-out>--------------------------------- Captured Log ---------------------------------

--------------------------------- Captured Out ---------------------------------
/home/runner/work/diptych/diptych/tests/wrong_split_line_3.png
1621244146071847774 : Checking separation double page angle 90.40515247895009
1621244146071963173 : Checking separation double page y=0 2495
1621244147564670213 : Checking page rotation 1 0.2
1621244148674441034 : Checking page rotation 2 0.85
1621244150802882415 : Checking image 1 crop x1 331
1621244150802994115 : Checking image 1 crop y1 166
1621244150803032515 : Checking image 1 crop x2 2377
1621244150803069815 : Checking image 1 crop y2 3375
1621244156971678680 : Checking image 2 crop x1 103
1621244156971769380 : Checking image 2 crop y1 207
1621244156971802480 : Checking image 2 crop x2 2136
1621244156971833880 : Checking image 2 crop y2 3414
1621244156972023180 : Checking image 1 dpi 300
1621244156972110180 : Checking image 1 border top 158
1621244156972144180 : Checking image 1 border bottom 120
1621244156972173580 : Checking image 1 border left 207
1621244156972202180 : Checking image 1 border right 207
1621244156975008980 : Checking image 2 dpi 300
1621244156975079481 : Checking image 2 border top 199
1621244156975107681 : Checking image 2 border bottom 81
1621244156975134281 : Checking image 2 border left 213
1621244156975159981 : Checking image 2 border right 213

</system-out><system-err>--------------------------------- Captured Err ---------------------------------

</system-err></testcase><testcase classname="tests.test_images" name="test_failed_split_line_line_algo_png" time="16.774"><system-out>--------------------------------- Captured Log ---------------------------------

--------------------------------- Captured Out ---------------------------------
/home/runner/work/diptych/diptych/tests/failed_split_line_line_algo.png
1621244151484480585 : Checking separation double page angle 90.0093502548779
1621244151484589185 : Checking separation double page y=0 2574
1621244152267180820 : Checking page rotation 1 0.0
1621244152883979312 : Checking page rotation 2 0.0
1621244155555182406 : Checking image 1 crop x1 411
1621244155555311906 : Checking image 1 crop y1 2927
1621244155555349106 : Checking image 1 crop x2 2422
1621244155555381706 : Checking image 1 crop y2 3172
1621244157372963757 : Checking image 2 crop x1 1191
1621244157373073158 : Checking image 2 crop y1 1745
1621244157373112758 : Checking image 2 crop x2 1192
1621244157373150358 : Checking image 2 crop y2 1746
1621244157373293358 : Checking image 1 dpi 300
1621244157373378458 : Checking image 1 border top 2920
1621244157373416958 : Checking image 1 border bottom 322
1621244157373454258 : Checking image 1 border left 224
1621244157373490258 : Checking image 1 border right 224
1621244157375758058 : Checking image 2 dpi 300
1621244157375985858 : Checking image 2 border top 1752
1621244157376035558 : Checking image 2 border bottom 1753
1621244157376068658 : Checking image 2 border left 1239
1621244157376100458 : Checking image 2 border right 1239

</system-out><system-err>--------------------------------- Captured Err ---------------------------------

</system-err></testcase><testcase classname="tests.test_images" name="test_crop_too_much_3_png" time="22.121"><system-out>--------------------------------- Captured Log ---------------------------------

--------------------------------- Captured Out ---------------------------------
/home/runner/work/diptych/diptych/tests/crop_too_much_3.png
1621244170240689936 : Checking separation double page angle 89.5934556679346
1621244170240790836 : Checking separation double page y=0 2499
1621244171355079027 : Checking page rotation 1 -0.8999999999999949
1621244173026005764 : Checking page rotation 2 -0.04999999999999689
1621244176371116055 : Checking image 1 crop x1 374
1621244176371214355 : Checking image 1 crop y1 258
1621244176371245655 : Checking image 1 crop x2 2385
1621244176371272355 : Checking image 1 crop y2 3459
1621244179095820919 : Checking image 2 crop x1 164
1621244179095938619 : Checking image 2 crop y1 229
1621244179095980019 : Checking image 2 crop x2 2183
1621244179096019619 : Checking image 2 crop y2 3416
1621244179096226619 : Checking image 1 dpi 300
1621244179096293419 : Checking image 1 border top 239
1621244179096327119 : Checking image 1 border bottom 46
1621244179096357819 : Checking image 1 border left 224
1621244179096388119 : Checking image 1 border right 224
1621244179099018020 : Checking image 2 dpi 300
1621244179099138420 : Checking image 2 border top 210
1621244179099171821 : Checking image 2 border bottom 90
1621244179099219421 : Checking image 2 border left 220
1621244179099295521 : Checking image 2 border right 220

</system-out><system-err>--------------------------------- Captured Err ---------------------------------

</system-err></testcase><testcase classname="tests.test_images" name="test_failed_split_line_line_algo_2_png" time="23.225"><system-out>--------------------------------- Captured Log ---------------------------------

--------------------------------- Captured Out ---------------------------------
/home/runner/work/diptych/diptych/tests/failed_split_line_line_algo_2.png
1621244172128506818 : Checking separation double page angle 90.03732329462368
1621244172128601918 : Checking separation double page y=0 2499
1621244173556000141 : Checking page rotation 1 -0.09999999999999377
1621244174988475958 : Checking page rotation 2 0.5499999999999999
1621244177856599886 : Checking image 1 crop x1 273
1621244177856711187 : Checking image 1 crop y1 147
1621244177856745487 : Checking image 1 crop x2 2386
1621244177856776787 : Checking image 1 crop y2 3352
1621244180571395672 : Checking image 2 crop x1 122
1621244180571530272 : Checking image 2 crop y1 155
1621244180571569872 : Checking image 2 crop x2 2246
1621244180571607072 : Checking image 2 crop y2 3350
1621244180571805172 : Checking image 1 dpi 300
1621244180571875672 : Checking image 1 border top 137
1621244180571908072 : Checking image 1 border bottom 145
1621244180571937772 : Checking image 1 border left 173
1621244180571967072 : Checking image 1 border right 173
1621244180575343674 : Checking image 2 dpi 300
1621244180575415274 : Checking image 2 border top 133
1621244180575449574 : Checking image 2 border bottom 159
1621244180575478774 : Checking image 2 border left 168
1621244180575508874 : Checking image 2 border right 168

</system-out><system-err>--------------------------------- Captured Err ---------------------------------

</system-err></testcase><testcase classname="tests.test_images" name="test_wrong_wave_split_line_2_png" time="26.295"><system-out>--------------------------------- Captured Log ---------------------------------

--------------------------------- Captured Out ---------------------------------
/home/runner/work/diptych/diptych/tests/wrong_wave_split_line_2.png
1621244196901926874 : Checking separation double page angle 90.7708958311329
1621244196902054574 : Checking separation double page y=0 2490
1621244198171803987 : Checking page rotation 1 0.2
1621244199441741700 : Checking page rotation 2 1.65
1621244201228026774 : Checking image 1 crop x1 227
1621244201228251474 : Checking image 1 crop y1 147
1621244201228305174 : Checking image 1 crop x2 2342
1621244201228344574 : Checking image 1 crop y2 3353
1621244205401919188 : Checking image 2 crop x1 106
1621244205402028488 : Checking image 2 crop y1 195
1621244205402061688 : Checking image 2 crop x2 2231
1621244205402091688 : Checking image 2 crop y2 3398
1621244205402243488 : Checking image 1 dpi 300
1621244205402305788 : Checking image 1 border top 136
1621244205402352088 : Checking image 1 border bottom 145
1621244205402378688 : Checking image 1 border left 172
1621244205402404188 : Checking image 1 border right 172
1621244205405714588 : Checking image 2 dpi 300
1621244205405772888 : Checking image 2 border top 166
1621244205405801688 : Checking image 2 border bottom 117
1621244205405827388 : Checking image 2 border left 167
1621244205405853288 : Checking image 2 border right 167

</system-out><system-err>--------------------------------- Captured Err ---------------------------------

</system-err></testcase><testcase classname="tests.test_images" name="test_wrong_wave_split_line_3_png" time="24.223"><system-out>--------------------------------- Captured Log ---------------------------------

--------------------------------- Captured Out ---------------------------------
/home/runner/work/diptych/diptych/tests/wrong_wave_split_line_3.png
1621244198039304654 : Checking separation double page angle 90.12715931778824
1621244198039404954 : Checking separation double page y=0 2514
1621244199486618911 : Checking page rotation 1 0.05
1621244200654278298 : Checking page rotation 2 0.2
1621244202841006841 : Checking image 1 crop x1 273
1621244202841111541 : Checking image 1 crop y1 220
1621244202841162141 : Checking image 1 crop x2 2383
1621244202841194541 : Checking image 1 crop y2 3423
1621244204811469800 : Checking image 2 crop x1 116
1621244204811569100 : Checking image 2 crop y1 225
1621244204811602400 : Checking image 2 crop x2 2242
1621244204811633300 : Checking image 2 crop y2 3415
1621244204811778200 : Checking image 1 dpi 300
1621244204811862500 : Checking image 1 border top 202
1621244204811893500 : Checking image 1 border bottom 82
1621244204811923500 : Checking image 1 border left 175
1621244204811951700 : Checking image 1 border right 175
1621244204814576500 : Checking image 2 dpi 300
1621244204814642300 : Checking image 2 border top 204
1621244204814671300 : Checking image 2 border bottom 93
1621244204814699000 : Checking image 2 border left 167
1621244204814726200 : Checking image 2 border right 167

</system-out><system-err>--------------------------------- Captured Err ---------------------------------

</system-err></testcase><testcase classname="tests.test_images" name="test_no_split_line_wave_algo_2_png" time="20.513"><system-out>--------------------------------- Captured Log ---------------------------------

--------------------------------- Captured Out ---------------------------------
/home/runner/work/diptych/diptych/tests/no_split_line_wave_algo_2.png
1621244218718028418 : Checking separation double page angle 90.43362571535843
1621244218718166818 : Checking separation double page y=0 2473
1621244219875908326 : Checking page rotation 1 1.05
1621244221052679827 : Checking page rotation 2 0.15000000000000002
1621244223289284169 : Checking image 1 crop x1 267
1621244223289392969 : Checking image 1 crop y1 210
1621244223289428569 : Checking image 1 crop x2 2343
1621244223289460369 : Checking image 1 crop y2 3412
1621244225319793974 : Checking image 2 crop x1 165
1621244225319926174 : Checking image 2 crop y1 241
1621244225319964374 : Checking image 2 crop x2 2250
1621244225319998474 : Checking image 2 crop y2 3433
1621244225320172974 : Checking image 1 dpi 300
1621244225320245774 : Checking image 1 border top 192
1621244225320285674 : Checking image 1 border bottom 93
1621244225320317674 : Checking image 1 border left 192
1621244225320348474 : Checking image 1 border right 192
1621244225323639973 : Checking image 2 dpi 300
1621244225323734573 : Checking image 2 border top 224
1621244225323767973 : Checking image 2 border bottom 71
1621244225323798873 : Checking image 2 border left 187
1621244225323829173 : Checking image 2 border right 187

</system-out><system-err>--------------------------------- Captured Err ---------------------------------

</system-err></testcase><testcase classname="tests.test_images" name="test_no_split_line_wave_algo_png" time="34.688"><system-out>--------------------------------- Captured Log ---------------------------------

--------------------------------- Captured Out ---------------------------------
/home/runner/work/diptych/diptych/tests/no_split_line_wave_algo.png
1621244219043508208 : Checking separation double page angle 89.79018091440821
1621244219043659808 : Checking separation double page y=0 2483
1621244222014618601 : Checking page rotation 1 0.0
1621244223369811342 : Checking page rotation 2 -0.44999999999999746
1621244233117543864 : Checking image 1 crop x1 97
1621244233117658764 : Checking image 1 crop y1 74
1621244233117697064 : Checking image 1 crop x2 2489
1621244233117733364 : Checking image 1 crop y2 3505
1621244240047112814 : Checking image 2 crop x1 164
1621244240047283814 : Checking image 2 crop y1 267
1621244240047321614 : Checking image 2 crop x2 2239
1621244240047353314 : Checking image 2 crop y2 3380
1621244240047563514 : Checking image 1 dpi 300
1621244240047626314 : Checking image 1 border top 38
1621244240047655214 : Checking image 1 border bottom 38
1621244240047681714 : Checking image 1 border left 44
1621244240047707514 : Checking image 1 border right 44
1621244240050746713 : Checking image 2 dpi 300
1621244240050812013 : Checking image 2 border top 257
1621244240050844713 : Checking image 2 border bottom 117
1621244240050924513 : Checking image 2 border left 192
1621244240050969513 : Checking image 2 border right 192

</system-out><system-err>--------------------------------- Captured Err ---------------------------------

</system-err></testcase><testcase classname="tests.test_images" name="test_crop_too_few_2_png" time="21.992"><system-out>--------------------------------- Captured Log ---------------------------------

--------------------------------- Captured Out ---------------------------------
/home/runner/work/diptych/diptych/tests/crop_too_few_2.png
1621244239099926835 : Checking separation double page angle 90.35461351371423
1621244239100064435 : Checking separation double page y=0 2533
1621244240243349948 : Checking page rotation 1 1.0999999999999999
1621244241529320030 : Checking page rotation 2 0.0
1621244244325144889 : Checking image 1 crop x1 289
1621244244325255289 : Checking image 1 crop y1 165
1621244244325289189 : Checking image 1 crop x2 2400
1621244244325320689 : Checking image 1 crop y2 3367
1621244247329234384 : Checking image 2 crop x1 152
1621244247329361584 : Checking image 2 crop y1 190
1621244247329419084 : Checking image 2 crop x2 2273
1621244247329480584 : Checking image 2 crop y2 3385
1621244247329728484 : Checking image 1 dpi 300
1621244247329819584 : Checking image 1 border top 157
1621244247329885284 : Checking image 1 border bottom 128
1621244247329922584 : Checking image 1 border left 174
1621244247329959484 : Checking image 1 border right 174
1621244247332697083 : Checking image 2 dpi 300
1621244247332753783 : Checking image 2 border top 175
1621244247332786583 : Checking image 2 border bottom 116
1621244247332832783 : Checking image 2 border left 169
1621244247332862283 : Checking image 2 border right 169

</system-out><system-err>--------------------------------- Captured Err ---------------------------------

</system-err></testcase><testcase classname="tests.test_images" name="test_failed_detect_rectangle_png" time="20.331"><system-out>--------------------------------- Captured Log ---------------------------------

--------------------------------- Captured Out ---------------------------------
/home/runner/work/diptych/diptych/tests/failed_detect_rectangle.png
1621244254639262931 : Checking separation double page angle 90.242273842964
1621244254639396131 : Checking separation double page y=0 2475
1621244256073410212 : Checking page rotation 1 0.2
1621244257642967223 : Checking page rotation 2 0.2
1621244259002839656 : Checking image 1 crop x1 257
1621244259003047956 : Checking image 1 crop y1 201
1621244259003088156 : Checking image 1 crop x2 2333
1621244259003141056 : Checking image 1 crop y2 3402
1621244260429970367 : Checking image 2 crop x1 137
1621244260430131267 : Checking image 2 crop y1 215
1621244260430214967 : Checking image 2 crop x2 2220
1621244260430265967 : Checking image 2 crop y2 3406
1621244260430460367 : Checking image 1 dpi 300
1621244260430524167 : Checking image 1 border top 188
1621244260430556967 : Checking image 1 border bottom 98
1621244260430586567 : Checking image 1 border left 192
1621244260430614967 : Checking image 1 border right 192
1621244260433621766 : Checking image 2 dpi 300
1621244260433695866 : Checking image 2 border top 201
1621244260433726866 : Checking image 2 border bottom 95
1621244260433755666 : Checking image 2 border left 188
1621244260433784366 : Checking image 2 border right 188

</system-out><system-err>--------------------------------- Captured Err ---------------------------------

</system-err></testcase><testcase classname="tests.test_images" name="test_single_page_png" time="6.567"><system-out>--------------------------------- Captured Log ---------------------------------

--------------------------------- Captured Out ---------------------------------
/home/runner/work/diptych/diptych/tests/single_page.png
1621244250892930527 : Checking separation double page angle 89.93006318861008
1621244250893047327 : Checking separation double page y=0 2472
1621244251726745083 : Checking page rotation 1 0.0
1621244251865467743 : Checking page rotation 2 0.0
1621244253413146990 : Checking image 1 crop x1 1
1621244253413229890 : Checking image 1 crop y1 8
1621244253413264690 : Checking image 1 crop x2 2470
1621244253413292690 : Checking image 1 crop y2 3505
1621244253550970449 : Checking image 2 crop x1 0
1621244253551058949 : Checking image 2 crop y1 0
1621244253551089849 : Checking image 2 crop x2 0
1621244253551119149 : Checking image 2 crop y2 0
1621244253551181349 : Checking image 1 dpi 300
1621244253551309349 : Checking image 1 border top 5
1621244253551339249 : Checking image 1 border bottom 5
1621244253551382049 : Checking image 1 border left 6
1621244253551408049 : Checking image 1 border right 6
1621244253558163547 : Checking image 2 border top 0
1621244253558232847 : Checking image 2 border bottom 0
1621244253558279247 : Checking image 2 border left 0
1621244253558307547 : Checking image 2 border right 0

</system-out><system-err>--------------------------------- Captured Err ---------------------------------

</system-err></testcase><testcase classname="tests.test_images" name="test_wrong_split_line_4_png" time="12.463"><system-out>--------------------------------- Captured Log ---------------------------------

--------------------------------- Captured Out ---------------------------------
/home/runner/work/diptych/diptych/tests/wrong_split_line_4.png
1621244262148885178 : Checking separation double page angle 90.92587744884125
1621244262148982078 : Checking separation double page y=0 58
1621244262248471244 : Checking page rotation 1 0.5499999999999999
1621244263389385152 : Checking page rotation 2 1.0999999999999999
1621244264203581673 : Checking image 1 crop x1 0
1621244264203664373 : Checking image 1 crop y1 0
1621244264203699773 : Checking image 1 crop x2 0
1621244264203733273 : Checking image 1 crop y2 0
1621244266402789118 : Checking image 2 crop x1 290
1621244266402971818 : Checking image 2 crop y1 330
1621244266403026918 : Checking image 2 crop x2 2314
1621244266403060718 : Checking image 2 crop y2 3217
1621244266403237718 : Checking image 1 border top 0
1621244266403271018 : Checking image 1 border bottom 0
1621244266403319118 : Checking image 1 border left 0
1621244266403380618 : Checking image 1 border right 0
1621244266403483418 : Checking image 2 dpi 300
1621244266403571018 : Checking image 2 border top 322
1621244266403606418 : Checking image 2 border bottom 278
1621244266403639018 : Checking image 2 border left 218
1621244266403671818 : Checking image 2 border right 218

</system-out><system-err>--------------------------------- Captured Err ---------------------------------

</system-err></testcase><testcase classname="tests.test_images" name="test_no_split_line_wave_algo_3_png" time="11.561"><system-out>--------------------------------- Captured Log ---------------------------------

--------------------------------- Captured Out ---------------------------------
/home/runner/work/diptych/diptych/tests/no_split_line_wave_algo_3.png
1621244268449709199 : Checking separation double page angle 90.18184445198425
1621244268449825199 : Checking separation double page y=0 2405
1621244269296534129 : Checking page rotation 1 0.0
1621244269431336522 : Checking page rotation 2 0.0
1621244271465082513 : Checking image 1 crop x1 184
1621244271465173813 : Checking image 1 crop y1 2957
1621244271465209813 : Checking image 1 crop x2 2201
1621244271465240513 : Checking image 1 crop y2 3202
1621244271976305909 : Checking image 2 crop x1 0
1621244271976381609 : Checking image 2 crop y1 0
1621244271976411909 : Checking image 2 crop x2 0
1621244271976440409 : Checking image 2 crop y2 0
1621244271976515209 : Checking image 1 dpi 300
1621244271976582109 : Checking image 1 border top 2950
1621244271976617809 : Checking image 1 border bottom 292
1621244271976649509 : Checking image 1 border left 221
1621244271976680209 : Checking image 1 border right 221
1621244271983445003 : Checking image 2 border top 0
1621244271983494503 : Checking image 2 border bottom 0
1621244271983522803 : Checking image 2 border left 0
1621244271983550703 : Checking image 2 border right 0

</system-out><system-err>--------------------------------- Captured Err ---------------------------------

</system-err></testcase><testcase classname="tests.test_images" name="test_failed_split_line_line_algo_3_png" time="13.722"><system-out>--------------------------------- Captured Log ---------------------------------

--------------------------------- Captured Out ---------------------------------
/home/runner/work/diptych/diptych/tests/failed_split_line_line_algo_3.png
1621244274694692718 : Checking separation double page angle 90.02403976140027
1621244274694814618 : Checking separation double page y=0 39
1621244274761736196 : Checking page rotation 1 0.0
1621244275515559746 : Checking page rotation 2 0.0
1621244275816620846 : Checking image 1 crop x1 0
1621244275816693446 : Checking image 1 crop y1 0
1621244275816721546 : Checking image 1 crop x2 0
1621244275816748346 : Checking image 1 crop y2 0
1621244280132904315 : Checking image 2 crop x1 249
1621244280133037415 : Checking image 2 crop y1 154
1621244280133076715 : Checking image 2 crop x2 2264
1621244280133112915 : Checking image 2 crop y2 3361
1621244280133284315 : Checking image 1 border top 0
1621244280133340915 : Checking image 1 border bottom 0
1621244280133376615 : Checking image 1 border left 0
1621244280133408715 : Checking image 1 border right 0
1621244280133463115 : Checking image 2 dpi 300
1621244280133528815 : Checking image 2 border top 146
1621244280133565615 : Checking image 2 border bottom 134
1621244280133599115 : Checking image 2 border left 222
1621244280133632015 : Checking image 2 border right 222

</system-out><system-err>--------------------------------- Captured Err ---------------------------------

</system-err></testcase></testsuite></testsuites>