<?xml version="1.0" encoding="utf-8"?><testsuites><testsuite errors="0" failures="0" hostname="fv-az92-153" name="pytest" skipped="0" tests="21" time="508.885" timestamp="2020-11-28T18:25:15.842936"><testcase classname="tests.test_features" name="test_mock_stop_at_0" time="0.057"><system-out>--------------------------------- Captured Log ---------------------------------

--------------------------------- Captured Out ---------------------------------
/home/runner/work/ocr-book/ocr-book/tests/0001_0.png

</system-out><system-err>--------------------------------- Captured Err ---------------------------------

</system-err></testcase><testcase classname="tests.test_features" name="test_disabled_enable_debug" time="31.348"><system-out>--------------------------------- Captured Log ---------------------------------

--------------------------------- Captured Out ---------------------------------
/home/runner/work/ocr-book/ocr-book/tests/0001_debug.png
separation double page angle 90.59083152867777
separation double page y=0 2488
page rotation 1 0.7000000000000001
page rotation 2 0.2
image 1 crop x1 330
image 1 crop y1 335
image 1 crop x2 2343
image 1 crop y2 3223
image 2 crop x1 169
image 2 crop y1 648
image 2 crop x2 2186
image 2 crop y2 3361
image 1 dpi 300
image 1 border top 339
image 1 border bottom 260
image 1 border left 223
image 1 border right 223
image 2 dpi 300
image 2 border top 646
image 2 border bottom 128
image 2 border left 221
image 2 border right 221

</system-out><system-err>--------------------------------- Captured Err ---------------------------------

</system-err></testcase><testcase classname="tests.test_features" name="test_mock_stop_at_2" time="40.891"><system-out>--------------------------------- Captured Log ---------------------------------

--------------------------------- Captured Out ---------------------------------
/home/runner/work/ocr-book/ocr-book/tests/0001_2.png
separation double page angle 90.59083152867777
separation double page y=0 2488
page rotation 1 0.7000000000000001
page rotation 2 0.2

</system-out><system-err>--------------------------------- Captured Err ---------------------------------

</system-err></testcase><testcase classname="tests.test_features" name="test_mock_stop_at_1" time="25.507"><system-out>--------------------------------- Captured Log ---------------------------------

--------------------------------- Captured Out ---------------------------------
/home/runner/work/ocr-book/ocr-book/tests/0001_1.png
separation double page angle 90.59083152867777
separation double page y=0 2488

</system-out><system-err>--------------------------------- Captured Err ---------------------------------

</system-err></testcase><testcase classname="tests.test_features" name="test_mock_stop_at_4" time="42.226"><system-out>--------------------------------- Captured Log ---------------------------------

--------------------------------- Captured Out ---------------------------------
/home/runner/work/ocr-book/ocr-book/tests/0001_4.png
separation double page angle 90.59083152867777
separation double page y=0 2488
page rotation 1 0.7000000000000001
page rotation 2 0.2
image 1 crop x1 330
image 1 crop y1 335
image 1 crop x2 2343
image 1 crop y2 3223
image 2 crop x1 169
image 2 crop y1 648
image 2 crop x2 2186
image 2 crop y2 3361
image 1 dpi 300
image 1 border top 339
image 1 border bottom 260
image 1 border left 223
image 1 border right 223
image 2 dpi 300
image 2 border top 646
image 2 border bottom 128
image 2 border left 221
image 2 border right 221

</system-out><system-err>--------------------------------- Captured Err ---------------------------------

</system-err></testcase><testcase classname="tests.test_features" name="test_mock_stop_at_3" time="42.955"><system-out>--------------------------------- Captured Log ---------------------------------

--------------------------------- Captured Out ---------------------------------
/home/runner/work/ocr-book/ocr-book/tests/0001_3.png
separation double page angle 90.59083152867777
separation double page y=0 2488
page rotation 1 0.7000000000000001
page rotation 2 0.2
image 1 crop x1 330
image 1 crop y1 335
image 1 crop x2 2343
image 1 crop y2 3223
image 2 crop x1 169
image 2 crop y1 648
image 2 crop x2 2186
image 2 crop y2 3361

</system-out><system-err>--------------------------------- Captured Err ---------------------------------

</system-err></testcase><testcase classname="tests.test_features" name="test_mock_stop_at_5" time="43.173"><system-out>--------------------------------- Captured Log ---------------------------------

--------------------------------- Captured Out ---------------------------------
/home/runner/work/ocr-book/ocr-book/tests/0001_5.png
separation double page angle 90.59083152867777
separation double page y=0 2488
page rotation 1 0.7000000000000001
page rotation 2 0.2
image 1 crop x1 330
image 1 crop y1 335
image 1 crop x2 2343
image 1 crop y2 3223
image 2 crop x1 169
image 2 crop y1 648
image 2 crop x2 2186
image 2 crop y2 3361
image 1 dpi 300
image 1 border top 339
image 1 border bottom 260
image 1 border left 223
image 1 border right 223
image 2 dpi 300
image 2 border top 646
image 2 border bottom 128
image 2 border left 221
image 2 border right 221

</system-out><system-err>--------------------------------- Captured Err ---------------------------------

</system-err></testcase><testcase classname="tests.test_images" name="test_2_pages_2_contours_png" time="26.855"><system-out>--------------------------------- Captured Log ---------------------------------

--------------------------------- Captured Out ---------------------------------
/home/runner/work/ocr-book/ocr-book/tests/2-pages-2-contours.png
1606588032172662272 : Checking separation double page angle 90.11678529194918
1606588032172740096 : Checking separation double page y=0 2489
1606588034486000896 : Checking page rotation 1 0.05
1606588041006554368 : Checking page rotation 2 0.35000000000000003
1606588041868945664 : Checking image 1 crop x1 1190
1606588041869025536 : Checking image 1 crop y1 1733
1606588041869057536 : Checking image 1 crop x2 1191
1606588041869087232 : Checking image 1 crop y2 1734
1606588043540272640 : Checking image 2 crop x1 100
1606588043540356864 : Checking image 2 crop y1 240
1606588043540397056 : Checking image 2 crop x2 2147
1606588043540435712 : Checking image 2 crop y2 3239
1606588043575299584 : Checking image 1 dpi 300
1606588043575399936 : Checking image 1 border top 1752
1606588043575434240 : Checking image 1 border bottom 1753
1606588043575466240 : Checking image 1 border left 1239
1606588043575496448 : Checking image 1 border right 1239
1606588043576640768 : Checking image 2 dpi 300
1606588043576721152 : Checking image 2 border top 231
1606588043576755456 : Checking image 2 border bottom 257
1606588043576787968 : Checking image 2 border left 206
1606588043576820224 : Checking image 2 border right 206

</system-out><system-err>--------------------------------- Captured Err ---------------------------------

</system-err></testcase><testcase classname="tests.test_images" name="test_0001_png" time="43.874"><system-out>--------------------------------- Captured Log ---------------------------------

--------------------------------- Captured Out ---------------------------------
/home/runner/work/ocr-book/ocr-book/tests/0001.png
1606588069586001152 : Checking separation double page angle 90.59083152867777
1606588069586090240 : Checking separation double page y=0 2488
1606588075635004416 : Checking page rotation 1 0.7000000000000001
1606588083509334784 : Checking page rotation 2 0.2
1606588085245384960 : Checking image 1 crop x1 330
1606588085245473792 : Checking image 1 crop y1 335
1606588085245516032 : Checking image 1 crop x2 2343
1606588085245555968 : Checking image 1 crop y2 3223
1606588087107238400 : Checking image 2 crop x1 169
1606588087107318272 : Checking image 2 crop y1 648
1606588087107352576 : Checking image 2 crop x2 2186
1606588087107384832 : Checking image 2 crop y2 3361
1606588087142287872 : Checking image 1 dpi 300
1606588087142400512 : Checking image 1 border top 339
1606588087142436864 : Checking image 1 border bottom 260
1606588087142469376 : Checking image 1 border left 223
1606588087142501376 : Checking image 1 border right 223
1606588087144517632 : Checking image 2 dpi 300
1606588087144607232 : Checking image 2 border top 646
1606588087144642816 : Checking image 2 border bottom 128
1606588087144676864 : Checking image 2 border left 221
1606588087144710912 : Checking image 2 border right 221

</system-out><system-err>--------------------------------- Captured Err ---------------------------------

</system-err></testcase><testcase classname="tests.test_images" name="test_black_border_not_removed_png" time="51.576"><system-out>--------------------------------- Captured Log ---------------------------------

--------------------------------- Captured Out ---------------------------------
/home/runner/work/ocr-book/ocr-book/tests/black-border-not-removed.png
1606588074243328512 : Checking separation double page angle 90.03349577798832
1606588074243420160 : Checking separation double page y=0 2458
1606588081408047872 : Checking page rotation 1 0.0
1606588090718660864 : Checking page rotation 2 0.0
1606588092670570752 : Checking image 1 crop x1 297
1606588092670658048 : Checking image 1 crop y1 143
1606588092670701056 : Checking image 1 crop x2 2309
1606588092670742272 : Checking image 1 crop y2 3346
1606588095107185408 : Checking image 2 crop x1 156
1606588095107275520 : Checking image 2 crop y1 145
1606588095107319040 : Checking image 2 crop x2 2168
1606588095107361024 : Checking image 2 crop y2 3352
1606588095144051200 : Checking image 1 dpi 300
1606588095144170240 : Checking image 1 border top 130
1606588095144210688 : Checking image 1 border bottom 154
1606588095144247552 : Checking image 1 border left 224
1606588095144284416 : Checking image 1 border right 224
1606588095146405120 : Checking image 2 dpi 300
1606588095146503424 : Checking image 2 border top 139
1606588095146537984 : Checking image 2 border bottom 141
1606588095146571008 : Checking image 2 border left 224
1606588095146603776 : Checking image 2 border right 224

</system-out><system-err>--------------------------------- Captured Err ---------------------------------

</system-err></testcase><testcase classname="tests.test_images" name="test_image_failed_to_rotate_png" time="51.426"><system-out>--------------------------------- Captured Log ---------------------------------

--------------------------------- Captured Out ---------------------------------
/home/runner/work/ocr-book/ocr-book/tests/image_failed_to_rotate.png
1606588112851968768 : Checking separation double page angle 90.18772783206224
1606588112852050944 : Checking separation double page y=0 2482
1606588117876045056 : Checking page rotation 1 0.35000000000000003
1606588125107291136 : Checking page rotation 2 0.45
1606588136411255808 : Checking image 1 crop x1 34
1606588136411335680 : Checking image 1 crop y1 1
1606588136411366656 : Checking image 1 crop x2 2480
1606588136411396352 : Checking image 1 crop y2 3500
1606588138412815360 : Checking image 2 crop x1 168
1606588138412903936 : Checking image 2 crop y1 234
1606588138412946176 : Checking image 2 crop x2 2247
1606588138412986112 : Checking image 2 crop y2 3355
1606588138456455168 : Checking image 1 dpi 300
1606588138456555008 : Checking image 1 border top 4
1606588138456608256 : Checking image 1 border bottom 4
1606588138456643072 : Checking image 1 border left 17
1606588138456677376 : Checking image 1 border right 17
1606588138458754560 : Checking image 2 dpi 300
1606588138458833664 : Checking image 2 border top 220
1606588138458866944 : Checking image 2 border bottom 146
1606588138458898688 : Checking image 2 border left 190
1606588138458929920 : Checking image 2 border right 190

</system-out><system-err>--------------------------------- Captured Err ---------------------------------

</system-err></testcase><testcase classname="tests.test_images" name="test_image_failed_to_crop_data_png" time="50.304"><system-out>--------------------------------- Captured Log ---------------------------------

--------------------------------- Captured Out ---------------------------------
/home/runner/work/ocr-book/ocr-book/tests/image_failed_to_crop_data.png
1606588121178854912 : Checking separation double page angle 89.89865840161842
1606588121178940672 : Checking separation double page y=0 2477
1606588126868809216 : Checking page rotation 1 -0.14999999999999147
1606588132988751104 : Checking page rotation 2 0.05
1606588143556155904 : Checking image 1 crop x1 43
1606588143556246528 : Checking image 1 crop y1 6
1606588143556285440 : Checking image 1 crop x2 2481
1606588143556323072 : Checking image 1 crop y2 3504
1606588145347761408 : Checking image 2 crop x1 160
1606588145347844096 : Checking image 2 crop y1 217
1606588145347874816 : Checking image 2 crop x2 2241
1606588145347920640 : Checking image 2 crop y2 3350
1606588145385161728 : Checking image 1 dpi 300
1606588145385266688 : Checking image 1 border top 5
1606588145385306880 : Checking image 1 border bottom 5
1606588145385342720 : Checking image 1 border left 21
1606588145385378304 : Checking image 1 border right 21
1606588145387521792 : Checking image 2 dpi 300
1606588145387609088 : Checking image 2 border top 224
1606588145387655936 : Checking image 2 border bottom 130
1606588145387689216 : Checking image 2 border left 189
1606588145387721728 : Checking image 2 border right 189

</system-out><system-err>--------------------------------- Captured Err ---------------------------------

</system-err></testcase><testcase classname="tests.test_images" name="test_wrong_angle_split_line_png" time="59.015"><system-out>--------------------------------- Captured Log ---------------------------------

--------------------------------- Captured Out ---------------------------------
/home/runner/work/ocr-book/ocr-book/tests/wrong_angle_split_line.png
1606588167288317952 : Checking separation double page angle 90.00846714570578
1606588167288406016 : Checking separation double page y=0 2478
1606588174456341248 : Checking page rotation 1 0.1
1606588182921064704 : Checking page rotation 2 0.2
1606588193962970880 : Checking image 1 crop x1 58
1606588193963063808 : Checking image 1 crop y1 6
1606588193963101696 : Checking image 1 crop x2 2476
1606588193963138560 : Checking image 1 crop y2 3501
1606588196682536704 : Checking image 2 crop x1 162
1606588196682627072 : Checking image 2 crop y1 219
1606588196682669824 : Checking image 2 crop x2 2238
1606588196682710272 : Checking image 2 crop y2 3348
1606588196848811008 : Checking image 1 dpi 300
1606588196848920064 : Checking image 1 border top 6
1606588196848952064 : Checking image 1 border bottom 6
1606588196848980992 : Checking image 1 border left 31
1606588196849009408 : Checking image 1 border right 31
1606588196855120896 : Checking image 2 dpi 300
1606588196855225856 : Checking image 2 border top 211
1606588196855255808 : Checking image 2 border bottom 147
1606588196855283712 : Checking image 2 border left 192
1606588196855329792 : Checking image 2 border right 192

</system-out><system-err>--------------------------------- Captured Err ---------------------------------

</system-err></testcase><testcase classname="tests.test_images" name="test_angle_page_lower_split_line_png" time="46.983"><system-out>--------------------------------- Captured Log ---------------------------------

--------------------------------- Captured Out ---------------------------------
/home/runner/work/ocr-book/ocr-book/tests/angle_page_lower_split_line.png
1606588173757394432 : Checking separation double page angle 89.73366430920049
1606588173757469952 : Checking separation double page y=0 2473
1606588182134152448 : Checking page rotation 1 -0.3999999999999915
1606588189017414912 : Checking page rotation 2 0.2
1606588190852832000 : Checking image 1 crop x1 244
1606588190852921344 : Checking image 1 crop y1 160
1606588190852964352 : Checking image 1 crop x2 2350
1606588190853006592 : Checking image 1 crop y2 3365
1606588192402988800 : Checking image 2 crop x1 151
1606588192403067136 : Checking image 2 crop y1 147
1606588192403101696 : Checking image 2 crop x2 2258
1606588192403134976 : Checking image 2 crop y2 3350
1606588192438457600 : Checking image 1 dpi 300
1606588192438548736 : Checking image 1 border top 130
1606588192438577408 : Checking image 1 border bottom 151
1606588192438603264 : Checking image 1 border left 177
1606588192438628352 : Checking image 1 border right 177
1606588192440706560 : Checking image 2 dpi 300
1606588192440789760 : Checking image 2 border top 116
1606588192440820480 : Checking image 2 border bottom 168
1606588192440849408 : Checking image 2 border left 176
1606588192440877568 : Checking image 2 border right 176

</system-out><system-err>--------------------------------- Captured Err ---------------------------------

</system-err></testcase><testcase classname="tests.test_images" name="test_crop_too_much_png" time="70.742"><system-out>--------------------------------- Captured Log ---------------------------------

--------------------------------- Captured Out ---------------------------------
/home/runner/work/ocr-book/ocr-book/tests/crop_too_much.png
1606588233338479360 : Checking separation double page angle 90.1393358649891
1606588233338566144 : Checking separation double page y=0 2453
1606588245575449088 : Checking page rotation 1 0.0
1606588257989127168 : Checking page rotation 2 0.45
1606588260614767872 : Checking image 1 crop x1 303
1606588260614847232 : Checking image 1 crop y1 148
1606588260614882560 : Checking image 1 crop x2 2313
1606588260614915584 : Checking image 1 crop y2 3351
1606588263121963520 : Checking image 2 crop x1 170
1606588263122052096 : Checking image 2 crop y1 155
1606588263122092032 : Checking image 2 crop x2 2181
1606588263122130432 : Checking image 2 crop y2 3359
1606588263171054848 : Checking image 1 dpi 300
1606588263171170048 : Checking image 1 border top 131
1606588263171206656 : Checking image 1 border bottom 153
1606588263171240704 : Checking image 1 border left 225
1606588263171273728 : Checking image 1 border right 225
1606588263173377280 : Checking image 2 dpi 300
1606588263173462272 : Checking image 2 border top 139
1606588263173499392 : Checking image 2 border bottom 144
1606588263173535232 : Checking image 2 border left 224
1606588263173570816 : Checking image 2 border right 224

</system-out><system-err>--------------------------------- Captured Err ---------------------------------

</system-err></testcase><testcase classname="tests.test_images" name="test_wrong_split_line_png" time="36.181"><system-out>--------------------------------- Captured Log ---------------------------------

--------------------------------- Captured Out ---------------------------------
/home/runner/work/ocr-book/ocr-book/tests/wrong_split_line.png
1606588219548814336 : Checking separation double page angle 89.85731843182374
1606588219548890368 : Checking separation double page y=0 2463
1606588225329116416 : Checking page rotation 1 -0.14999999999999147
1606588231131364352 : Checking page rotation 2 0.65
1606588232472024320 : Checking image 1 crop x1 213
1606588232472107008 : Checking image 1 crop y1 157
1606588232472146688 : Checking image 1 crop x2 2323
1606588232472183552 : Checking image 1 crop y2 3362
1606588233751305984 : Checking image 2 crop x1 126
1606588233751401984 : Checking image 2 crop y1 167
1606588233751440896 : Checking image 2 crop x2 2237
1606588233751495936 : Checking image 2 crop y2 3372
1606588233785540608 : Checking image 1 dpi 300
1606588233785641216 : Checking image 1 border top 115
1606588233785679616 : Checking image 1 border bottom 167
1606588233785737472 : Checking image 1 border left 175
1606588233785773056 : Checking image 1 border right 175
1606588233787828224 : Checking image 2 dpi 300
1606588233787904768 : Checking image 2 border top 142
1606588233787938048 : Checking image 2 border bottom 140
1606588233787969792 : Checking image 2 border left 174
1606588233788001280 : Checking image 2 border right 174

</system-out><system-err>--------------------------------- Captured Err ---------------------------------

</system-err></testcase><testcase classname="tests.test_images" name="test_crop_too_much_2_png" time="70.290"><system-out>--------------------------------- Captured Log ---------------------------------

--------------------------------- Captured Out ---------------------------------
/home/runner/work/ocr-book/ocr-book/tests/crop_too_much_2.png
1606588273706346496 : Checking separation double page angle 90.18474093679988
1606588273706435584 : Checking separation double page y=0 2478
1606588284921791488 : Checking page rotation 1 0.2
1606588298077140992 : Checking page rotation 2 0.2
1606588300928621056 : Checking image 1 crop x1 332
1606588300928698368 : Checking image 1 crop y1 131
1606588300928732928 : Checking image 1 crop x2 2342
1606588300928765184 : Checking image 1 crop y2 3336
1606588303991940352 : Checking image 2 crop x1 166
1606588303992045056 : Checking image 2 crop y1 139
1606588303992088064 : Checking image 2 crop x2 2179
1606588303992116480 : Checking image 2 crop y2 3345
1606588304044012800 : Checking image 1 dpi 300
1606588304044111104 : Checking image 1 border top 116
1606588304044143104 : Checking image 1 border bottom 166
1606588304044171776 : Checking image 1 border left 225
1606588304044199680 : Checking image 1 border right 225
1606588304046268416 : Checking image 2 dpi 300
1606588304046350336 : Checking image 2 border top 133
1606588304046380032 : Checking image 2 border bottom 148
1606588304046407936 : Checking image 2 border left 223
1606588304046435328 : Checking image 2 border right 223

</system-out><system-err>--------------------------------- Captured Err ---------------------------------

</system-err></testcase><testcase classname="tests.test_images" name="test_crop_too_few_png" time="40.034"><system-out>--------------------------------- Captured Log ---------------------------------

--------------------------------- Captured Out ---------------------------------
/home/runner/work/ocr-book/ocr-book/tests/crop_too_few.png
1606588286843996160 : Checking separation double page angle 89.39384089783883
1606588286844082432 : Checking separation double page y=0 2509
1606588293446640640 : Checking page rotation 1 -0.6999999999999886
1606588300202819328 : Checking page rotation 2 0.0
1606588301742653184 : Checking image 1 crop x1 264
1606588301742734592 : Checking image 1 crop y1 151
1606588301742774784 : Checking image 1 crop x2 2376
1606588301742812672 : Checking image 1 crop y2 3357
1606588303193589760 : Checking image 2 crop x1 140
1606588303193679104 : Checking image 2 crop y1 141
1606588303193752320 : Checking image 2 crop x2 2262
1606588303193794048 : Checking image 2 crop y2 3345
1606588303227789056 : Checking image 1 dpi 300
1606588303227893760 : Checking image 1 border top 111
1606588303227950080 : Checking image 1 border bottom 170
1606588303227987200 : Checking image 1 border left 174
1606588303228023040 : Checking image 1 border right 174
1606588303230154752 : Checking image 2 dpi 300
1606588303230233856 : Checking image 2 border top 140
1606588303230268416 : Checking image 2 border bottom 143
1606588303230301184 : Checking image 2 border left 169
1606588303230333440 : Checking image 2 border right 169

</system-out><system-err>--------------------------------- Captured Err ---------------------------------

</system-err></testcase><testcase classname="tests.test_images" name="test_small_wave_png" time="64.996"><system-out>--------------------------------- Captured Log ---------------------------------

--------------------------------- Captured Out ---------------------------------
/home/runner/work/ocr-book/ocr-book/tests/small_wave.png
1606588343217629440 : Checking separation double page angle 90.61755403259053
1606588343217752832 : Checking separation double page y=0 2495
1606588353915132672 : Checking page rotation 1 0.7000000000000001
1606588364392362496 : Checking page rotation 2 0.7000000000000001
1606588366289968640 : Checking image 1 crop x1 322
1606588366290054912 : Checking image 1 crop y1 199
1606588366290098176 : Checking image 1 crop x2 2351
1606588366290139392 : Checking image 1 crop y2 3394
1606588368155604992 : Checking image 2 crop x1 135
1606588368155691264 : Checking image 2 crop y1 223
1606588368155731712 : Checking image 2 crop x2 2164
1606588368155770112 : Checking image 2 crop y2 3419
1606588368196883456 : Checking image 1 dpi 300
1606588368197003008 : Checking image 1 border top 177
1606588368197040128 : Checking image 1 border bottom 115
1606588368197074432 : Checking image 1 border left 215
1606588368197125376 : Checking image 1 border right 215
1606588368199286528 : Checking image 2 dpi 300
1606588368199377664 : Checking image 2 border top 191
1606588368199412224 : Checking image 2 border bottom 100
1606588368199445248 : Checking image 2 border left 215
1606588368199478016 : Checking image 2 border right 215

</system-out><system-err>--------------------------------- Captured Err ---------------------------------

</system-err></testcase><testcase classname="tests.test_images" name="test_wrong_split_line_2_png" time="80.051"><system-out>--------------------------------- Captured Log ---------------------------------

--------------------------------- Captured Out ---------------------------------
/home/runner/work/ocr-book/ocr-book/tests/wrong_split_line_2.png
1606588353674068992 : Checking separation double page angle 90.39217497633973
1606588353674149632 : Checking separation double page y=0 2442
1606588365585476352 : Checking page rotation 1 0.2
1606588377803566592 : Checking page rotation 2 0.35000000000000003
1606588380762864640 : Checking image 1 crop x1 294
1606588380762958336 : Checking image 1 crop y1 136
1606588380763000320 : Checking image 1 crop x2 2325
1606588380763040000 : Checking image 1 crop y2 3376
1606588384052032512 : Checking image 2 crop x1 146
1606588384052121600 : Checking image 2 crop y1 193
1606588384052163840 : Checking image 2 crop x2 2175
1606588384052203520 : Checking image 2 crop y2 3387
1606588384101564672 : Checking image 1 dpi 300
1606588384101681152 : Checking image 1 border top 128
1606588384101751552 : Checking image 1 border bottom 119
1606588384101804032 : Checking image 1 border left 214
1606588384101838848 : Checking image 1 border right 214
1606588384103942400 : Checking image 2 dpi 300
1606588384104031232 : Checking image 2 border top 184
1606588384104068352 : Checking image 2 border bottom 109
1606588384104102400 : Checking image 2 border left 215
1606588384104136448 : Checking image 2 border right 215

</system-out><system-err>--------------------------------- Captured Err ---------------------------------

</system-err></testcase><testcase classname="tests.test_images" name="test_wrong_split_line_3_png" time="54.844"><system-out>--------------------------------- Captured Log ---------------------------------

--------------------------------- Captured Out ---------------------------------
/home/runner/work/ocr-book/ocr-book/tests/wrong_split_line_3.png
1606588400999749632 : Checking separation double page angle 90.4449921999043
1606588400999834880 : Checking separation double page y=0 2498
1606588411307467520 : Checking page rotation 1 0.35000000000000003
1606588419377934848 : Checking page rotation 2 0.9
1606588421343673856 : Checking image 1 crop x1 331
1606588421343761920 : Checking image 1 crop y1 164
1606588421343804672 : Checking image 1 crop x2 2375
1606588421343844864 : Checking image 1 crop y2 3377
1606588423021725696 : Checking image 2 crop x1 103
1606588423021816832 : Checking image 2 crop y1 208
1606588423021860352 : Checking image 2 crop x2 2134
1606588423021901568 : Checking image 2 crop y2 3413
1606588423061912064 : Checking image 1 dpi 300
1606588423062023936 : Checking image 1 border top 149
1606588423062063360 : Checking image 1 border bottom 125
1606588423062099456 : Checking image 1 border left 208
1606588423062134272 : Checking image 1 border right 208
1606588423064212736 : Checking image 2 dpi 300
1606588423064295424 : Checking image 2 border top 190
1606588423064334336 : Checking image 2 border bottom 92
1606588423064369920 : Checking image 2 border left 214
1606588423064407040 : Checking image 2 border right 214

</system-out><system-err>--------------------------------- Captured Err ---------------------------------

</system-err></testcase></testsuite></testsuites>