<?xml version="1.0" encoding="utf-8"?><testsuites><testsuite errors="0" failures="0" hostname="travis-job-893b1dc6-c7dd-4e51-9b21-537d4bab71bd" name="pytest" skipped="0" tests="16" time="794.875" timestamp="2020-11-20T20:51:55.437624"><testcase classname="tests.test_features" name="test_disabled_enable_debug" time="47.899"><system-out>--------------------------------- Captured Log ---------------------------------

--------------------------------- Captured Out ---------------------------------
/home/travis/build/bansan85/ocr-book/tests/0001_debug.png
separation double page angle 90.53945493634917
separation double page y=0 2485
page rotation 1 0.75
page rotation 2 0.2
image 1 crop x1 330
image 1 crop y1 336
image 1 crop x2 2343
image 1 crop y2 3223
image 2 crop x1 169
image 2 crop y1 648
image 2 crop x2 2186
image 2 crop y2 3361
image 1 dpi 300
image 1 border top 324
image 1 border bottom 276
image 1 border left 223
image 1 border right 223
image 2 dpi 300
image 2 border top 671
image 2 border bottom 103
image 2 border left 221
image 2 border right 221

</system-out><system-err>--------------------------------- Captured Err ---------------------------------

</system-err></testcase><testcase classname="tests.test_features" name="test_mock_stop_at_0" time="0.035"><system-out>--------------------------------- Captured Log ---------------------------------

--------------------------------- Captured Out ---------------------------------
/home/travis/build/bansan85/ocr-book/tests/0001_0.png

</system-out><system-err>--------------------------------- Captured Err ---------------------------------

</system-err></testcase><testcase classname="tests.test_features" name="test_mock_stop_at_1" time="26.743"><system-out>--------------------------------- Captured Log ---------------------------------

--------------------------------- Captured Out ---------------------------------
/home/travis/build/bansan85/ocr-book/tests/0001_1.png
separation double page angle 90.53945493634917
separation double page y=0 2485

</system-out><system-err>--------------------------------- Captured Err ---------------------------------

</system-err></testcase><testcase classname="tests.test_features" name="test_mock_stop_at_2" time="51.853"><system-out>--------------------------------- Captured Log ---------------------------------

--------------------------------- Captured Out ---------------------------------
/home/travis/build/bansan85/ocr-book/tests/0001_2.png
separation double page angle 90.53945493634917
separation double page y=0 2485
page rotation 1 0.75
page rotation 2 0.2

</system-out><system-err>--------------------------------- Captured Err ---------------------------------

</system-err></testcase><testcase classname="tests.test_features" name="test_mock_stop_at_3" time="54.184"><system-out>--------------------------------- Captured Log ---------------------------------

--------------------------------- Captured Out ---------------------------------
/home/travis/build/bansan85/ocr-book/tests/0001_3.png
separation double page angle 90.53945493634917
separation double page y=0 2485
page rotation 1 0.75
page rotation 2 0.2
image 1 crop x1 330
image 1 crop y1 336
image 1 crop x2 2343
image 1 crop y2 3223
image 2 crop x1 169
image 2 crop y1 648
image 2 crop x2 2186
image 2 crop y2 3361

</system-out><system-err>--------------------------------- Captured Err ---------------------------------

</system-err></testcase><testcase classname="tests.test_features" name="test_mock_stop_at_4" time="53.893"><system-out>--------------------------------- Captured Log ---------------------------------

--------------------------------- Captured Out ---------------------------------
/home/travis/build/bansan85/ocr-book/tests/0001_4.png
separation double page angle 90.53945493634917
separation double page y=0 2485
page rotation 1 0.75
page rotation 2 0.2
image 1 crop x1 330
image 1 crop y1 336
image 1 crop x2 2343
image 1 crop y2 3223
image 2 crop x1 169
image 2 crop y1 648
image 2 crop x2 2186
image 2 crop y2 3361
image 1 dpi 300
image 1 border top 324
image 1 border bottom 276
image 1 border left 223
image 1 border right 223
image 2 dpi 300
image 2 border top 671
image 2 border bottom 103
image 2 border left 221
image 2 border right 221

</system-out><system-err>--------------------------------- Captured Err ---------------------------------

</system-err></testcase><testcase classname="tests.test_features" name="test_mock_stop_at_5" time="53.729"><system-out>--------------------------------- Captured Log ---------------------------------

--------------------------------- Captured Out ---------------------------------
/home/travis/build/bansan85/ocr-book/tests/0001_5.png
separation double page angle 90.53945493634917
separation double page y=0 2485
page rotation 1 0.75
page rotation 2 0.2
image 1 crop x1 330
image 1 crop y1 336
image 1 crop x2 2343
image 1 crop y2 3223
image 2 crop x1 169
image 2 crop y1 648
image 2 crop x2 2186
image 2 crop y2 3361
image 1 dpi 300
image 1 border top 324
image 1 border bottom 276
image 1 border left 223
image 1 border right 223
image 2 dpi 300
image 2 border top 671
image 2 border bottom 103
image 2 border left 221
image 2 border right 221

</system-out><system-err>--------------------------------- Captured Err ---------------------------------

</system-err></testcase><testcase classname="tests.test_images" name="test_0001_png" time="54.102"><system-out>--------------------------------- Captured Log ---------------------------------

--------------------------------- Captured Out ---------------------------------
/home/travis/build/bansan85/ocr-book/tests/0001.png
1605905830807791205 : Checking separation double page angle 90.53945493634917
1605905830807884045 : Checking separation double page y=0 2485
1605905842101901749 : Checking page rotation 1 0.75
1605905855750890119 : Checking page rotation 2 0.2
1605905857002317224 : Checking image 1 crop x1 330
1605905857002400763 : Checking image 1 crop y1 336
1605905857002435205 : Checking image 1 crop x2 2343
1605905857002468497 : Checking image 1 crop y2 3223
1605905858429189223 : Checking image 2 crop x1 169
1605905858429294904 : Checking image 2 crop y1 648
1605905858429329429 : Checking image 2 crop x2 2186
1605905858429362171 : Checking image 2 crop y2 3361
1605905858456874455 : Checking image 1 dpi 300
1605905858457062799 : Checking image 1 border top 324
1605905858457106681 : Checking image 1 border bottom 276
1605905858457133949 : Checking image 1 border left 223
1605905858457159881 : Checking image 1 border right 223
1605905858459241604 : Checking image 2 dpi 300
1605905858459389624 : Checking image 2 border top 671
1605905858459421569 : Checking image 2 border bottom 103
1605905858459631902 : Checking image 2 border left 221
1605905858459664105 : Checking image 2 border right 221

</system-out><system-err>--------------------------------- Captured Err ---------------------------------

</system-err></testcase><testcase classname="tests.test_images" name="test_2_pages_2_contours_png" time="31.703"><system-out>--------------------------------- Captured Log ---------------------------------

--------------------------------- Captured Out ---------------------------------
/home/travis/build/bansan85/ocr-book/tests/2-pages-2-contours.png
1605905875587657911 : Checking separation double page angle 90.15647898380502
1605905875587748659 : Checking separation double page y=0 2489
1605905877770973151 : Checking page rotation 1 0.05
1605905888306840401 : Checking page rotation 2 0.35000000000000003
1605905888971423248 : Checking image 1 crop x1 1186
1605905888971487194 : Checking image 1 crop y1 1720
1605905888971514441 : Checking image 1 crop x2 1187
1605905888971540973 : Checking image 1 crop y2 1721
1605905890146082785 : Checking image 2 crop x1 102
1605905890146163816 : Checking image 2 crop y1 240
1605905890146197472 : Checking image 2 crop x2 2149
1605905890146229551 : Checking image 2 crop y2 3239
1605905890173038705 : Checking image 1 dpi 300
1605905890173139419 : Checking image 1 border top 1753
1605905890173168908 : Checking image 1 border bottom 1753
1605905890173195416 : Checking image 1 border left 1239
1605905890173221756 : Checking image 1 border right 1239
1605905890174529142 : Checking image 2 dpi 300
1605905890174640275 : Checking image 2 border top 229
1605905890174668853 : Checking image 2 border bottom 259
1605905890174694689 : Checking image 2 border left 206
1605905890174720825 : Checking image 2 border right 206

</system-out><system-err>--------------------------------- Captured Err ---------------------------------

</system-err></testcase><testcase classname="tests.test_images" name="test_black_border_not_removed_png" time="70.397"><system-out>--------------------------------- Captured Log ---------------------------------

--------------------------------- Captured Out ---------------------------------
/home/travis/build/bansan85/ocr-book/tests/black-border-not-removed.png
1605905928198737334 : Checking separation double page angle 89.9903688802698
1605905928198836703 : Checking separation double page y=0 2455
1605905939895803499 : Checking page rotation 1 0.0
1605905957388533491 : Checking page rotation 2 0.0
1605905958862879149 : Checking image 1 crop x1 297
1605905958862955791 : Checking image 1 crop y1 143
1605905958862989756 : Checking image 1 crop x2 2309
1605905958863021696 : Checking image 1 crop y2 3346
1605905960536391411 : Checking image 2 crop x1 156
1605905960536473689 : Checking image 2 crop y1 145
1605905960536507162 : Checking image 2 crop x2 2168
1605905960536539770 : Checking image 2 crop y2 3352
1605905960565367575 : Checking image 1 dpi 300
1605905960565495784 : Checking image 1 border top 128
1605905960565526625 : Checking image 1 border bottom 156
1605905960565553469 : Checking image 1 border left 224
1605905960565579266 : Checking image 1 border right 224
1605905960567581846 : Checking image 2 dpi 300
1605905960567713993 : Checking image 2 border top 130
1605905960567744706 : Checking image 2 border bottom 150
1605905960567771157 : Checking image 2 border left 224
1605905960567796736 : Checking image 2 border right 224

</system-out><system-err>--------------------------------- Captured Err ---------------------------------

</system-err></testcase><testcase classname="tests.test_images" name="test_image_failed_to_rotate_png" time="52.320"><system-out>--------------------------------- Captured Log ---------------------------------

--------------------------------- Captured Out ---------------------------------
/home/travis/build/bansan85/ocr-book/tests/image_failed_to_rotate.png
1605905981479865332 : Checking separation double page angle 90.14353501543772
1605905981479949866 : Checking separation double page y=0 2476
1605905986943884488 : Checking page rotation 1 0.35000000000000003
1605905999167036199 : Checking page rotation 2 0.45
1605906011401321799 : Checking image 1 crop x1 34
1605906011401419194 : Checking image 1 crop y1 1
1605906011401458119 : Checking image 1 crop x2 2474
1605906011401495818 : Checking image 1 crop y2 3500
1605906012770873223 : Checking image 2 crop x1 171
1605906012770958769 : Checking image 2 crop y1 234
1605906012770992840 : Checking image 2 crop x2 2250
1605906012771026099 : Checking image 2 crop y2 3355
1605906012804759619 : Checking image 1 dpi 300
1605906012804887047 : Checking image 1 border top 4
1605906012804918526 : Checking image 1 border bottom 4
1605906012804945307 : Checking image 1 border left 20
1605906012804971599 : Checking image 1 border right 20
1605906012807032613 : Checking image 2 dpi 300
1605906012807163070 : Checking image 2 border top 206
1605906012807192780 : Checking image 2 border bottom 160
1605906012807219354 : Checking image 2 border left 190
1605906012807245464 : Checking image 2 border right 190

</system-out><system-err>--------------------------------- Captured Err ---------------------------------

</system-err></testcase><testcase classname="tests.test_images" name="test_image_failed_to_crop_data_png" time="54.798"><system-out>--------------------------------- Captured Log ---------------------------------

--------------------------------- Captured Out ---------------------------------
/home/travis/build/bansan85/ocr-book/tests/image_failed_to_crop_data.png
1605906038654503995 : Checking separation double page angle 90.06228874101497
1605906038654614538 : Checking separation double page y=0 2482
1605906044807784151 : Checking page rotation 1 0.2
1605906054572103431 : Checking page rotation 2 0.05
1605906066384239475 : Checking image 1 crop x1 58
1605906066384323455 : Checking image 1 crop y1 8
1605906066384359786 : Checking image 1 crop x2 2480
1605906066384389218 : Checking image 1 crop y2 3504
1605906067599461409 : Checking image 2 crop x1 159
1605906067599547871 : Checking image 2 crop y1 217
1605906067599581931 : Checking image 2 crop x2 2240
1605906067599614296 : Checking image 2 crop y2 3350
1605906067629449997 : Checking image 1 dpi 300
1605906067629580479 : Checking image 1 border top 6
1605906067629611477 : Checking image 1 border bottom 6
1605906067629638274 : Checking image 1 border left 29
1605906067629664835 : Checking image 1 border right 29
1605906067631869641 : Checking image 2 dpi 300
1605906067631994804 : Checking image 2 border top 209
1605906067632024481 : Checking image 2 border bottom 145
1605906067632050748 : Checking image 2 border left 189
1605906067632076685 : Checking image 2 border right 189

</system-out><system-err>--------------------------------- Captured Err ---------------------------------

</system-err></testcase><testcase classname="tests.test_images" name="test_wrong_angle_split_line_png" time="63.511"><system-out>--------------------------------- Captured Log ---------------------------------

--------------------------------- Captured Out ---------------------------------
/home/travis/build/bansan85/ocr-book/tests/wrong_angle_split_line.png
1605906096354070225 : Checking separation double page angle 90.08422009258813
1605906096354164289 : Checking separation double page y=0 2487
1605906104585764736 : Checking page rotation 1 0.0
1605906116556864640 : Checking page rotation 2 0.0
1605906128550954795 : Checking image 1 crop x1 53
1605906128551037296 : Checking image 1 crop y1 8
1605906128551067581 : Checking image 1 crop x2 2485
1605906128551096403 : Checking image 1 crop y2 3505
1605906130468234644 : Checking image 2 crop x1 154
1605906130468319234 : Checking image 2 crop y1 217
1605906130468354806 : Checking image 2 crop x2 2237
1605906130468388201 : Checking image 2 crop y2 3350
1605906130598084132 : Checking image 1 dpi 300
1605906130598213705 : Checking image 1 border top 5
1605906130598244655 : Checking image 1 border bottom 5
1605906130598271859 : Checking image 1 border left 24
1605906130598298876 : Checking image 1 border right 24
1605906130604379908 : Checking image 2 dpi 300
1605906130604530907 : Checking image 2 border top 195
1605906130604560855 : Checking image 2 border bottom 159
1605906130604588000 : Checking image 2 border left 188
1605906130604614273 : Checking image 2 border right 188

</system-out><system-err>--------------------------------- Captured Err ---------------------------------

</system-err></testcase><testcase classname="tests.test_images" name="test_angle_page_lower_split_line_png" time="47.215"><system-out>--------------------------------- Captured Log ---------------------------------

--------------------------------- Captured Out ---------------------------------
/home/travis/build/bansan85/ocr-book/tests/angle_page_lower_split_line.png
1605906147742027851 : Checking separation double page angle 89.74710364870903
1605906147742152427 : Checking separation double page y=0 2471
1605906163654968902 : Checking page rotation 1 -0.44999999999998863
1605906175561923898 : Checking page rotation 2 0.2
1605906177102418391 : Checking image 1 crop x1 245
1605906177102501794 : Checking image 1 crop y1 161
1605906177102536104 : Checking image 1 crop x2 2351
1605906177102568386 : Checking image 1 crop y2 3364
1605906178380714218 : Checking image 2 crop x1 153
1605906178380797593 : Checking image 2 crop y1 147
1605906178380831321 : Checking image 2 crop x2 2260
1605906178380863705 : Checking image 2 crop y2 3350
1605906178411287016 : Checking image 1 dpi 300
1605906178411413796 : Checking image 1 border top 131
1605906178411444732 : Checking image 1 border bottom 152
1605906178411471916 : Checking image 1 border left 177
1605906178411498221 : Checking image 1 border right 177
1605906178413651286 : Checking image 2 dpi 300
1605906178413800482 : Checking image 2 border top 118
1605906178413832753 : Checking image 2 border bottom 166
1605906178413859947 : Checking image 2 border left 176
1605906178413885799 : Checking image 2 border right 176

</system-out><system-err>--------------------------------- Captured Err ---------------------------------

</system-err></testcase><testcase classname="tests.test_images" name="test_wrong_split_line_png" time="48.499"><system-out>--------------------------------- Captured Log ---------------------------------

--------------------------------- Captured Out ---------------------------------
/home/travis/build/bansan85/ocr-book/tests/wrong_split_line.png
1605906205879550046 : Checking separation double page angle 89.81531182790899
1605906205879653465 : Checking separation double page y=0 2465
1605906214963869539 : Checking page rotation 1 -0.04999999999999716
1605906224746535108 : Checking page rotation 2 0.6000000000000001
1605906225838824851 : Checking image 1 crop x1 211
1605906225838908262 : Checking image 1 crop y1 156
1605906225838941984 : Checking image 1 crop x2 2323
1605906225838973538 : Checking image 1 crop y2 3363
1605906226889036120 : Checking image 2 crop x1 124
1605906226889144729 : Checking image 2 crop y1 167
1605906226889179498 : Checking image 2 crop x2 2236
1605906226889212102 : Checking image 2 crop y2 3373
1605906226917910468 : Checking image 1 dpi 300
1605906226918033172 : Checking image 1 border top 180
1605906226918065143 : Checking image 1 border bottom 100
1605906226918092579 : Checking image 1 border left 174
1605906226918118924 : Checking image 1 border right 174
1605906226920183555 : Checking image 2 dpi 300
1605906226920293006 : Checking image 2 border top 129
1605906226920323029 : Checking image 2 border bottom 152
1605906226920349532 : Checking image 2 border left 174
1605906226920375717 : Checking image 2 border right 174

</system-out><system-err>--------------------------------- Captured Err ---------------------------------

</system-err></testcase><testcase classname="tests.test_images" name="test_crop_too_much_png" time="82.126"><system-out>--------------------------------- Captured Log ---------------------------------

--------------------------------- Captured Out ---------------------------------
/home/travis/build/bansan85/ocr-book/tests/crop_too_much.png
1605906262972567282 : Checking separation double page angle 90.14985593620918
1605906262972666277 : Checking separation double page y=0 2457
1605906283959618012 : Checking page rotation 1 0.0
1605906304848824731 : Checking page rotation 2 0.4
1605906306937856691 : Checking image 1 crop x1 303
1605906306937940335 : Checking image 1 crop y1 148
1605906306937974966 : Checking image 1 crop x2 2313
1605906306938007273 : Checking image 1 crop y2 3351
1605906308989993451 : Checking image 2 crop x1 166
1605906308990093195 : Checking image 2 crop y1 154
1605906308990127522 : Checking image 2 crop x2 2180
1605906308990160165 : Checking image 2 crop y2 3360
1605906309028489532 : Checking image 1 dpi 300
1605906309028620807 : Checking image 1 border top 116
1605906309028657877 : Checking image 1 border bottom 168
1605906309028685119 : Checking image 1 border left 225
1605906309028711452 : Checking image 1 border right 225
1605906309031090575 : Checking image 2 dpi 300
1605906309031232208 : Checking image 2 border top 95
1605906309031261233 : Checking image 2 border bottom 186
1605906309031287942 : Checking image 2 border left 223
1605906309031313994 : Checking image 2 border right 223

</system-out><system-err>--------------------------------- Captured Err ---------------------------------

</system-err></testcase></testsuite></testsuites>