<?xml version="1.0" encoding="utf-8"?><testsuites><testsuite errors="0" failures="0" hostname="fv-az121-270" name="pytest" skipped="0" tests="33" time="1046.222" timestamp="2020-12-09T18:38:49.635277"><testcase classname="tests.test_features" name="test_disabled_enable_debug" time="51.734"><system-out>--------------------------------- Captured Log ---------------------------------

--------------------------------- Captured Out ---------------------------------
/home/runner/work/ocr-book/ocr-book/tests/0001_debug.png
separation double page angle 90.57780420099766
separation double page y=0 2487
page rotation 1 0.75
page rotation 2 0.2
image 1 crop x1 330
image 1 crop y1 336
image 1 crop x2 2343
image 1 crop y2 3223
image 2 crop x1 169
image 2 crop y1 648
image 2 crop x2 2186
image 2 crop y2 3361
image 1 dpi 300
image 1 border top 318
image 1 border bottom 282
image 1 border left 223
image 1 border right 223
image 2 dpi 300
image 2 border top 643
image 2 border bottom 131
image 2 border left 221
image 2 border right 221

</system-out><system-err>--------------------------------- Captured Err ---------------------------------

</system-err></testcase><testcase classname="tests.test_features" name="test_mock_stop_at_0" time="0.047"><system-out>--------------------------------- Captured Log ---------------------------------

--------------------------------- Captured Out ---------------------------------
/home/runner/work/ocr-book/ocr-book/tests/0001_0.png

</system-out><system-err>--------------------------------- Captured Err ---------------------------------

</system-err></testcase><testcase classname="tests.test_features" name="test_mock_stop_at_2" time="45.880"><system-out>--------------------------------- Captured Log ---------------------------------

--------------------------------- Captured Out ---------------------------------
/home/runner/work/ocr-book/ocr-book/tests/0001_2.png
separation double page angle 90.57780420099766
separation double page y=0 2487
page rotation 1 0.75
page rotation 2 0.2

</system-out><system-err>--------------------------------- Captured Err ---------------------------------

</system-err></testcase><testcase classname="tests.test_features" name="test_mock_stop_at_4" time="51.107"><system-out>--------------------------------- Captured Log ---------------------------------

--------------------------------- Captured Out ---------------------------------
/home/runner/work/ocr-book/ocr-book/tests/0001_4.png
separation double page angle 90.57780420099766
separation double page y=0 2487
page rotation 1 0.75
page rotation 2 0.2
image 1 crop x1 330
image 1 crop y1 336
image 1 crop x2 2343
image 1 crop y2 3223
image 2 crop x1 169
image 2 crop y1 648
image 2 crop x2 2186
image 2 crop y2 3361
image 1 dpi 300
image 1 border top 318
image 1 border bottom 282
image 1 border left 223
image 1 border right 223
image 2 dpi 300
image 2 border top 643
image 2 border bottom 131
image 2 border left 221
image 2 border right 221

</system-out><system-err>--------------------------------- Captured Err ---------------------------------

</system-err></testcase><testcase classname="tests.test_features" name="test_mock_stop_at_1" time="29.576"><system-out>--------------------------------- Captured Log ---------------------------------

--------------------------------- Captured Out ---------------------------------
/home/runner/work/ocr-book/ocr-book/tests/0001_1.png
separation double page angle 90.57780420099766
separation double page y=0 2487

</system-out><system-err>--------------------------------- Captured Err ---------------------------------

</system-err></testcase><testcase classname="tests.test_features" name="test_mock_stop_at_3" time="49.251"><system-out>--------------------------------- Captured Log ---------------------------------

--------------------------------- Captured Out ---------------------------------
/home/runner/work/ocr-book/ocr-book/tests/0001_3.png
separation double page angle 90.57780420099766
separation double page y=0 2487
page rotation 1 0.75
page rotation 2 0.2
image 1 crop x1 330
image 1 crop y1 336
image 1 crop x2 2343
image 1 crop y2 3223
image 2 crop x1 169
image 2 crop y1 648
image 2 crop x2 2186
image 2 crop y2 3361

</system-out><system-err>--------------------------------- Captured Err ---------------------------------

</system-err></testcase><testcase classname="tests.test_images" name="test_0001_png" time="61.488"><system-out>--------------------------------- Captured Log ---------------------------------

--------------------------------- Captured Out ---------------------------------
/home/runner/work/ocr-book/ocr-book/tests/0001.png
1607539262491759550 : Checking separation double page angle 90.57780420099766
1607539262491887454 : Checking separation double page y=0 2487
1607539270761089343 : Checking page rotation 1 0.75
1607539281233067674 : Checking page rotation 2 0.2
1607539285397586524 : Checking image 1 crop x1 330
1607539285397725527 : Checking image 1 crop y1 336
1607539285397772628 : Checking image 1 crop x2 2343
1607539285397814129 : Checking image 1 crop y2 3223
1607539289231895389 : Checking image 2 crop x1 169
1607539289232040392 : Checking image 2 crop y1 648
1607539289232087193 : Checking image 2 crop x2 2186
1607539289232127094 : Checking image 2 crop y2 3361
1607539289266429397 : Checking image 1 dpi 300
1607539289266549800 : Checking image 1 border top 318
1607539289266593901 : Checking image 1 border bottom 282
1607539289266630302 : Checking image 1 border left 223
1607539289266665603 : Checking image 1 border right 223
1607539289269192562 : Checking image 2 dpi 300
1607539289269258463 : Checking image 2 border top 643
1607539289269296264 : Checking image 2 border bottom 131
1607539289269331365 : Checking image 2 border left 221
1607539289269366366 : Checking image 2 border right 221

</system-out><system-err>--------------------------------- Captured Err ---------------------------------

</system-err></testcase><testcase classname="tests.test_features" name="test_mock_stop_at_5" time="49.989"><system-out>--------------------------------- Captured Log ---------------------------------

--------------------------------- Captured Out ---------------------------------
/home/runner/work/ocr-book/ocr-book/tests/0001_5.png
separation double page angle 90.57780420099766
separation double page y=0 2487
page rotation 1 0.75
page rotation 2 0.2
image 1 crop x1 330
image 1 crop y1 336
image 1 crop x2 2343
image 1 crop y2 3223
image 2 crop x1 169
image 2 crop y1 648
image 2 crop x2 2186
image 2 crop y2 3361
image 1 dpi 300
image 1 border top 318
image 1 border bottom 282
image 1 border left 223
image 1 border right 223
image 2 dpi 300
image 2 border top 643
image 2 border bottom 131
image 2 border left 221
image 2 border right 221

</system-out><system-err>--------------------------------- Captured Err ---------------------------------

</system-err></testcase><testcase classname="tests.test_images" name="test_2_pages_2_contours_png" time="41.240"><system-out>--------------------------------- Captured Log ---------------------------------

--------------------------------- Captured Out ---------------------------------
/home/runner/work/ocr-book/ocr-book/tests/2-pages-2-contours.png
1607539314323121424 : Checking separation double page angle 89.91958537671144
1607539314323234833 : Checking separation double page y=0 2492
1607539316802280716 : Checking page rotation 1 0.05
1607539324677645937 : Checking page rotation 2 0.35
1607539326360612114 : Checking image 1 crop x1 1189
1607539326360743924 : Checking image 1 crop y1 1748
1607539326360784827 : Checking image 1 crop x2 1190
1607539326360821229 : Checking image 1 crop y2 1749
1607539330487274241 : Checking image 2 crop x1 89
1607539330487417652 : Checking image 2 crop y1 240
1607539330487462355 : Checking image 2 crop x2 2136
1607539330487503758 : Checking image 2 crop y2 3239
1607539330521837121 : Checking image 1 dpi 300
1607539330521961731 : Checking image 1 border top 1753
1607539330522004534 : Checking image 1 border bottom 1753
1607539330522041636 : Checking image 1 border left 1239
1607539330522077239 : Checking image 1 border right 1239
1607539330523481744 : Checking image 2 dpi 300
1607539330523547349 : Checking image 2 border top 227
1607539330523585152 : Checking image 2 border bottom 261
1607539330523619554 : Checking image 2 border left 206
1607539330523653857 : Checking image 2 border right 206

</system-out><system-err>--------------------------------- Captured Err ---------------------------------

</system-err></testcase><testcase classname="tests.test_images" name="test_angle_page_lower_split_line_png" time="63.151"><system-out>--------------------------------- Captured Log ---------------------------------

--------------------------------- Captured Out ---------------------------------
/home/runner/work/ocr-book/ocr-book/tests/angle_page_lower_split_line.png
1607539352257415658 : Checking separation double page angle 89.75201324945476
1607539352257569868 : Checking separation double page y=0 2473
1607539360997414477 : Checking page rotation 1 -0.44999999999999746
1607539367726434173 : Checking page rotation 2 0.2
1607539371015661909 : Checking image 1 crop x1 245
1607539371015804118 : Checking image 1 crop y1 161
1607539371015848721 : Checking image 1 crop x2 2351
1607539371015890324 : Checking image 1 crop y2 3364
1607539374383017380 : Checking image 2 crop x1 151
1607539374383159189 : Checking image 2 crop y1 147
1607539374383203891 : Checking image 2 crop x2 2258
1607539374383244594 : Checking image 2 crop y2 3350
1607539374420986310 : Checking image 1 dpi 300
1607539374421111918 : Checking image 1 border top 141
1607539374421155420 : Checking image 1 border bottom 143
1607539374421192523 : Checking image 1 border left 177
1607539374421228725 : Checking image 1 border right 177
1607539374424262011 : Checking image 2 dpi 300
1607539374424368517 : Checking image 2 border top 129
1607539374424408320 : Checking image 2 border bottom 155
1607539374424443822 : Checking image 2 border left 176
1607539374424479124 : Checking image 2 border right 176

</system-out><system-err>--------------------------------- Captured Err ---------------------------------

</system-err></testcase><testcase classname="tests.test_images" name="test_black_border_not_removed_png" time="68.570"><system-out>--------------------------------- Captured Log ---------------------------------

--------------------------------- Captured Out ---------------------------------
/home/runner/work/ocr-book/ocr-book/tests/black-border-not-removed.png
1607539369085324328 : Checking separation double page angle 90.02895758682554
1607539369085438235 : Checking separation double page y=0 2456
1607539376717174814 : Checking page rotation 1 0.0
1607539389219555753 : Checking page rotation 2 0.0
1607539393431915684 : Checking image 1 crop x1 297
1607539393432064892 : Checking image 1 crop y1 143
1607539393432112395 : Checking image 1 crop x2 2309
1607539393432154497 : Checking image 1 crop y2 3346
1607539399048559242 : Checking image 2 crop x1 157
1607539399048699150 : Checking image 2 crop y1 145
1607539399048744353 : Checking image 2 crop x2 2169
1607539399048785355 : Checking image 2 crop y2 3352
1607539399084638750 : Checking image 1 dpi 300
1607539399084736555 : Checking image 1 border top 127
1607539399084778757 : Checking image 1 border bottom 157
1607539399084816159 : Checking image 1 border left 224
1607539399084852061 : Checking image 1 border right 224
1607539399087690819 : Checking image 2 dpi 300
1607539399087770824 : Checking image 2 border top 133
1607539399087809726 : Checking image 2 border bottom 147
1607539399087845728 : Checking image 2 border left 224
1607539399087880730 : Checking image 2 border right 224

</system-out><system-err>--------------------------------- Captured Err ---------------------------------

</system-err></testcase><testcase classname="tests.test_images" name="test_wrong_split_line_png" time="49.668"><system-out>--------------------------------- Captured Log ---------------------------------

--------------------------------- Captured Out ---------------------------------
/home/runner/work/ocr-book/ocr-book/tests/wrong_split_line.png
1607539405131911248 : Checking separation double page angle 89.85895720607971
1607539405132027654 : Checking separation double page y=0 2463
1607539411615276498 : Checking page rotation 1 -0.14999999999999067
1607539418789944358 : Checking page rotation 2 0.65
1607539421290331708 : Checking image 1 crop x1 213
1607539421290468815 : Checking image 1 crop y1 157
1607539421290513317 : Checking image 1 crop x2 2323
1607539421290553019 : Checking image 1 crop y2 3362
1607539424071677311 : Checking image 2 crop x1 126
1607539424071815818 : Checking image 2 crop y1 167
1607539424071859320 : Checking image 2 crop x2 2237
1607539424071899722 : Checking image 2 crop y2 3372
1607539424112481889 : Checking image 1 dpi 300
1607539424112607795 : Checking image 1 border top 135
1607539424112650897 : Checking image 1 border bottom 147
1607539424112689099 : Checking image 1 border left 175
1607539424112725001 : Checking image 1 border right 175
1607539424114751804 : Checking image 2 dpi 300
1607539424114823308 : Checking image 2 border top 139
1607539424114861310 : Checking image 2 border bottom 143
1607539424114896212 : Checking image 2 border left 174
1607539424114930813 : Checking image 2 border right 174

</system-out><system-err>--------------------------------- Captured Err ---------------------------------

</system-err></testcase><testcase classname="tests.test_images" name="test_image_failed_to_rotate_png" time="66.716"><system-out>--------------------------------- Captured Log ---------------------------------

--------------------------------- Captured Out ---------------------------------
/home/runner/work/ocr-book/ocr-book/tests/image_failed_to_rotate.png
1607539432871055716 : Checking separation double page angle 90.19634423290289
1607539432871171622 : Checking separation double page y=0 2482
1607539438468232096 : Checking page rotation 1 0.35
1607539447576312599 : Checking page rotation 2 0.45
1607539459815578372 : Checking image 1 crop x1 34
1607539459815711878 : Checking image 1 crop y1 1
1607539459815758680 : Checking image 1 crop x2 2480
1607539459815800182 : Checking image 1 crop y2 3500
1607539465635546906 : Checking image 2 crop x1 169
1607539465635692213 : Checking image 2 crop y1 234
1607539465635736715 : Checking image 2 crop x2 2248
1607539465635778116 : Checking image 2 crop y2 3355
1607539465696613950 : Checking image 1 dpi 300
1607539465696742556 : Checking image 1 border top 4
1607539465696788258 : Checking image 1 border bottom 4
1607539465696824959 : Checking image 1 border left 17
1607539465696861061 : Checking image 1 border right 17
1607539465699305471 : Checking image 2 dpi 300
1607539465699374874 : Checking image 2 border top 221
1607539465699415176 : Checking image 2 border bottom 145
1607539465699450877 : Checking image 2 border left 190
1607539465699486379 : Checking image 2 border right 190

</system-out><system-err>--------------------------------- Captured Err ---------------------------------

</system-err></testcase><testcase classname="tests.test_images" name="test_crop_too_much_png" time="88.426"><system-out>--------------------------------- Captured Log ---------------------------------

--------------------------------- Captured Out ---------------------------------
/home/runner/work/ocr-book/ocr-book/tests/crop_too_much.png
1607539475894835190 : Checking separation double page angle 90.13239409272954
1607539475894967896 : Checking separation double page y=0 2453
1607539490380025026 : Checking page rotation 1 0.0
1607539503054147950 : Checking page rotation 2 0.45
1607539507784458529 : Checking image 1 crop x1 303
1607539507784584334 : Checking image 1 crop y1 148
1607539507784629035 : Checking image 1 crop x2 2313
1607539507784667437 : Checking image 1 crop y2 3351
1607539512470195235 : Checking image 2 crop x1 170
1607539512470328140 : Checking image 2 crop y1 155
1607539512470372142 : Checking image 2 crop x2 2181
1607539512470411844 : Checking image 2 crop y2 3359
1607539512519040292 : Checking image 1 dpi 300
1607539512519164297 : Checking image 1 border top 131
1607539512519206299 : Checking image 1 border bottom 153
1607539512519242300 : Checking image 1 border left 225
1607539512519277902 : Checking image 1 border right 225
1607539512522537132 : Checking image 2 dpi 300
1607539512522660337 : Checking image 2 border top 133
1607539512522700239 : Checking image 2 border bottom 150
1607539512522735740 : Checking image 2 border left 224
1607539512522770741 : Checking image 2 border right 224

</system-out><system-err>--------------------------------- Captured Err ---------------------------------

</system-err></testcase><testcase classname="tests.test_images" name="test_image_failed_to_crop_data_png" time="65.259"><system-out>--------------------------------- Captured Log ---------------------------------

--------------------------------- Captured Out ---------------------------------
/home/runner/work/ocr-book/ocr-book/tests/image_failed_to_crop_data.png
1607539500177862502 : Checking separation double page angle 89.91538216173362
1607539500177976806 : Checking separation double page y=0 2477
1607539506290421551 : Checking page rotation 1 0.2
1607539512860452472 : Checking page rotation 2 0.0
1607539525681550296 : Checking image 1 crop x1 58
1607539525682131619 : Checking image 1 crop y1 8
1607539525682184221 : Checking image 1 crop x2 2480
1607539525682233623 : Checking image 1 crop y2 3504
1607539530960235789 : Checking image 2 crop x1 159
1607539530960383295 : Checking image 2 crop y1 217
1607539530960428096 : Checking image 2 crop x2 2241
1607539530960469598 : Checking image 2 crop y2 3350
1607539530996249180 : Checking image 1 dpi 300
1607539530996383285 : Checking image 1 border top 6
1607539530996428387 : Checking image 1 border bottom 6
1607539530996465289 : Checking image 1 border left 29
1607539530996500990 : Checking image 1 border right 29
1607539530999112191 : Checking image 2 dpi 300
1607539530999212195 : Checking image 2 border top 206
1607539530999251596 : Checking image 2 border bottom 148
1607539530999287398 : Checking image 2 border left 189
1607539530999322399 : Checking image 2 border right 189

</system-out><system-err>--------------------------------- Captured Err ---------------------------------

</system-err></testcase><testcase classname="tests.test_images" name="test_crop_too_few_png" time="53.706"><system-out>--------------------------------- Captured Log ---------------------------------

--------------------------------- Captured Out ---------------------------------
/home/runner/work/ocr-book/ocr-book/tests/crop_too_few.png
1607539545955486045 : Checking separation double page angle 89.39669496435833
1607539545955601049 : Checking separation double page y=0 2510
1607539553145496448 : Checking page rotation 1 -0.7499999999999916
1607539560137900992 : Checking page rotation 2 0.05
1607539563206955142 : Checking image 1 crop x1 265
1607539563207086646 : Checking image 1 crop y1 152
1607539563207131748 : Checking image 1 crop x2 2375
1607539563207170750 : Checking image 1 crop y2 3356
1607539566213484281 : Checking image 2 crop x1 135
1607539566213620186 : Checking image 2 crop y1 141
1607539566213665187 : Checking image 2 crop x2 2261
1607539566213706389 : Checking image 2 crop y2 3345
1607539566250332318 : Checking image 1 dpi 300
1607539566250443722 : Checking image 1 border top 134
1607539566250485824 : Checking image 1 border bottom 149
1607539566250521625 : Checking image 1 border left 175
1607539566250556726 : Checking image 1 border right 175
1607539566252854210 : Checking image 2 dpi 300
1607539566252916112 : Checking image 2 border top 129
1607539566252953313 : Checking image 2 border bottom 154
1607539566252988415 : Checking image 2 border left 167
1607539566253022916 : Checking image 2 border right 167

</system-out><system-err>--------------------------------- Captured Err ---------------------------------

</system-err></testcase><testcase classname="tests.test_images" name="test_wrong_angle_split_line_png" time="74.854"><system-out>--------------------------------- Captured Log ---------------------------------

--------------------------------- Captured Out ---------------------------------
/home/runner/work/ocr-book/ocr-book/tests/wrong_angle_split_line.png
1607539567030123422 : Checking separation double page angle 90.0419342000635
1607539567030238527 : Checking separation double page y=0 2477
1607539575616675436 : Checking page rotation 1 0.2
1607539585407487569 : Checking page rotation 2 0.2
1607539598767839916 : Checking image 1 crop x1 61
1607539598767990121 : Checking image 1 crop y1 7
1607539598768038722 : Checking image 1 crop x2 2475
1607539598768080324 : Checking image 1 crop y2 3500
1607539604970539736 : Checking image 2 crop x1 165
1607539604970688141 : Checking image 2 crop y1 219
1607539604970734043 : Checking image 2 crop x2 2241
1607539604971182558 : Checking image 2 crop y2 3348
1607539605144223115 : Checking image 1 dpi 300
1607539605144350119 : Checking image 1 border top 7
1607539605144393521 : Checking image 1 border bottom 7
1607539605144430022 : Checking image 1 border left 33
1607539605144466023 : Checking image 1 border right 33
1607539605152002183 : Checking image 2 dpi 300
1607539605152131787 : Checking image 2 border top 207
1607539605152174088 : Checking image 2 border bottom 151
1607539605152210090 : Checking image 2 border left 192
1607539605152245891 : Checking image 2 border right 192

</system-out><system-err>--------------------------------- Captured Err ---------------------------------

</system-err></testcase><testcase classname="tests.test_images" name="test_crop_too_much_2_png" time="92.728"><system-out>--------------------------------- Captured Log ---------------------------------

--------------------------------- Captured Out ---------------------------------
/home/runner/work/ocr-book/ocr-book/tests/crop_too_much_2.png
1607539619138660742 : Checking separation double page angle 90.20211186462491
1607539619138779846 : Checking separation double page y=0 2477
1607539634105411548 : Checking page rotation 1 0.2
1607539648103676789 : Checking page rotation 2 0.2
1607539652753760457 : Checking image 1 crop x1 332
1607539652753899062 : Checking image 1 crop y1 131
1607539652753943463 : Checking image 1 crop x2 2342
1607539652753981965 : Checking image 1 crop y2 3336
1607539658895154482 : Checking image 2 crop x1 168
1607539658895294686 : Checking image 2 crop y1 139
1607539658895339388 : Checking image 2 crop x2 2181
1607539658895379489 : Checking image 2 crop y2 3345
1607539658949685261 : Checking image 1 dpi 300
1607539658949810665 : Checking image 1 border top 118
1607539658949853366 : Checking image 1 border bottom 164
1607539658949889667 : Checking image 1 border left 225
1607539658949925569 : Checking image 1 border right 225
1607539658953034870 : Checking image 2 dpi 300
1607539658953140573 : Checking image 2 border top 127
1607539658953179675 : Checking image 2 border bottom 154
1607539658953215476 : Checking image 2 border left 223
1607539658953250977 : Checking image 2 border right 223

</system-out><system-err>--------------------------------- Captured Err ---------------------------------

</system-err></testcase><testcase classname="tests.test_images" name="test_wrong_split_line_3_png" time="70.812"><system-out>--------------------------------- Captured Log ---------------------------------

--------------------------------- Captured Out ---------------------------------
/home/runner/work/ocr-book/ocr-book/tests/wrong_split_line_3.png
1607539650299543207 : Checking separation double page angle 90.43729500214694
1607539650299660410 : Checking separation double page y=0 2498
1607539660715877719 : Checking page rotation 1 0.30000000000000004
1607539670013165668 : Checking page rotation 2 0.9
1607539673397519427 : Checking image 1 crop x1 331
1607539673397669531 : Checking image 1 crop y1 165
1607539673397715533 : Checking image 1 crop x2 2375
1607539673397754534 : Checking image 1 crop y2 3376
1607539676699100949 : Checking image 2 crop x1 102
1607539676699253954 : Checking image 2 crop y1 208
1607539676699298655 : Checking image 2 crop x2 2133
1607539676699340156 : Checking image 2 crop y2 3413
1607539676738791825 : Checking image 1 dpi 300
1607539676738922430 : Checking image 1 border top 148
1607539676738965431 : Checking image 1 border bottom 128
1607539676739002232 : Checking image 1 border left 208
1607539676739037733 : Checking image 1 border right 208
1607539676741699019 : Checking image 2 dpi 300
1607539676741799222 : Checking image 2 border top 191
1607539676741838823 : Checking image 2 border bottom 91
1607539676741874425 : Checking image 2 border left 214
1607539676741909926 : Checking image 2 border right 214

</system-out><system-err>--------------------------------- Captured Err ---------------------------------

</system-err></testcase><testcase classname="tests.test_images" name="test_wrong_split_line_2_png" time="113.422"><system-out>--------------------------------- Captured Log ---------------------------------

--------------------------------- Captured Out ---------------------------------
/home/runner/work/ocr-book/ocr-book/tests/wrong_split_line_2.png
1607539726162454494 : Checking separation double page angle 90.38387862177287
1607539726162565898 : Checking separation double page y=0 2442
1607539738295250541 : Checking page rotation 1 0.05
1607539752880615745 : Checking page rotation 2 0.4
1607539760722207548 : Checking image 1 crop x1 294
1607539760722342852 : Checking image 1 crop y1 137
1607539760722386453 : Checking image 1 crop x2 2326
1607539760722424755 : Checking image 1 crop y2 3375
1607539772337224653 : Checking image 2 crop x1 146
1607539772337390158 : Checking image 2 crop y1 192
1607539772337484161 : Checking image 2 crop x2 2173
1607539772337543662 : Checking image 2 crop y2 3386
1607539772386910672 : Checking image 1 dpi 300
1607539772387033876 : Checking image 1 border top 124
1607539772387076377 : Checking image 1 border bottom 124
1607539772387112978 : Checking image 1 border left 214
1607539772387148279 : Checking image 1 border right 214
1607539772389865862 : Checking image 2 dpi 300
1607539772389975265 : Checking image 2 border top 185
1607539772390014567 : Checking image 2 border bottom 108
1607539772390049368 : Checking image 2 border left 216
1607539772390084069 : Checking image 2 border right 216

</system-out><system-err>--------------------------------- Captured Err ---------------------------------

</system-err></testcase><testcase classname="tests.test_images" name="test_wrong_wave_split_line_png" time="109.735"><system-out>--------------------------------- Captured Log ---------------------------------

--------------------------------- Captured Out ---------------------------------
/home/runner/work/ocr-book/ocr-book/tests/wrong_wave_split_line.png
1607539733801820251 : Checking separation double page angle 90.52878604107717
1607539733801943354 : Checking separation double page y=0 2502
1607539746272551865 : Checking page rotation 1 -0.14999999999999067
1607539758125400757 : Checking page rotation 2 0.85
1607539768141212361 : Checking image 1 crop x1 385
1607539768141363766 : Checking image 1 crop y1 179
1607539768141408367 : Checking image 1 crop x2 2411
1607539768141490869 : Checking image 1 crop y2 3374
1607539786409552349 : Checking image 2 crop x1 27
1607539786409695554 : Checking image 2 crop y1 1
1607539786409742955 : Checking image 2 crop x2 2489
1607539786409783856 : Checking image 2 crop y2 3505
1607539786466668587 : Checking image 1 dpi 300
1607539786466861693 : Checking image 1 border top 169
1607539786466907194 : Checking image 1 border bottom 123
1607539786466945496 : Checking image 1 border left 217
1607539786466981597 : Checking image 1 border right 217
1607539786469915386 : Checking image 2 dpi 300
1607539786470012989 : Checking image 2 border top 2
1607539786470057190 : Checking image 2 border bottom 2
1607539786470092191 : Checking image 2 border left 9
1607539786470130192 : Checking image 2 border right 9

</system-out><system-err>--------------------------------- Captured Err ---------------------------------

</system-err></testcase><testcase classname="tests.test_images" name="test_small_wave_png" time="80.416"><system-out>--------------------------------- Captured Log ---------------------------------

--------------------------------- Captured Out ---------------------------------
/home/runner/work/ocr-book/ocr-book/tests/small_wave.png
1607539823322937158 : Checking separation double page angle 90.61316928841565
1607539823323053967 : Checking separation double page y=0 2495
1607539835662576372 : Checking page rotation 1 0.7
1607539846451820460 : Checking page rotation 2 0.7
1607539849471167883 : Checking image 1 crop x1 322
1607539849471306493 : Checking image 1 crop y1 199
1607539849471351396 : Checking image 1 crop x2 2351
1607539849471390599 : Checking image 1 crop y2 3394
1607539852765022700 : Checking image 2 crop x1 135
1607539852765159910 : Checking image 2 crop y1 223
1607539852765204613 : Checking image 2 crop x2 2164
1607539852765245116 : Checking image 2 crop y2 3419
1607539852806467995 : Checking image 1 dpi 300
1607539852806586004 : Checking image 1 border top 178
1607539852806628407 : Checking image 1 border bottom 114
1607539852806665109 : Checking image 1 border left 215
1607539852806700312 : Checking image 1 border right 215
1607539852809038875 : Checking image 2 dpi 300
1607539852809112480 : Checking image 2 border top 196
1607539852809149783 : Checking image 2 border bottom 95
1607539852809187385 : Checking image 2 border left 215
1607539852809221988 : Checking image 2 border right 215

</system-out><system-err>--------------------------------- Captured Err ---------------------------------

</system-err></testcase><testcase classname="tests.test_images" name="test_no_split_line_line_algo_png" time="62.980"><system-out>--------------------------------- Captured Log ---------------------------------

--------------------------------- Captured Out ---------------------------------
/home/runner/work/ocr-book/ocr-book/tests/no_split_line_line_algo.png
1607539824203789210 : Checking separation double page angle 89.47691469185418
1607539824203911119 : Checking separation double page y=0 2476
1607539830578863861 : Checking page rotation 1 -0.14999999999999067
1607539842415857854 : Checking page rotation 2 -0.44999999999999746
1607539845258427589 : Checking image 1 crop x1 205
1607539845258572900 : Checking image 1 crop y1 158
1607539845258618503 : Checking image 1 crop x2 2320
1607539845258660306 : Checking image 1 crop y2 3366
1607539849423623142 : Checking image 2 crop x1 185
1607539849423772853 : Checking image 2 crop y1 221
1607539849423817056 : Checking image 2 crop x2 2201
1607539849423857959 : Checking image 2 crop y2 3366
1607539849466486654 : Checking image 1 dpi 300
1607539849466618264 : Checking image 1 border top 141
1607539849466661467 : Checking image 1 border bottom 138
1607539849466698269 : Checking image 1 border left 172
1607539849466733672 : Checking image 1 border right 172
1607539849469183044 : Checking image 2 dpi 300
1607539849469251449 : Checking image 2 border top 215
1607539849469289551 : Checking image 2 border bottom 127
1607539849469324454 : Checking image 2 border left 222
1607539849469358656 : Checking image 2 border right 222

</system-out><system-err>--------------------------------- Captured Err ---------------------------------

</system-err></testcase><testcase classname="tests.test_images" name="test_failed_split_line_line_algo_2_png" time="79.681"><system-out>--------------------------------- Captured Log ---------------------------------

--------------------------------- Captured Out ---------------------------------
/home/runner/work/ocr-book/ocr-book/tests/failed_split_line_line_algo_2.png
1607539899438239267 : Checking separation double page angle 89.99134220573251
1607539899438374976 : Checking separation double page y=0 2498
1607539913709018391 : Checking page rotation 1 0.0
1607539922575713488 : Checking page rotation 2 0.6000000000000001
1607539925832613022 : Checking image 1 crop x1 272
1607539925832758131 : Checking image 1 crop y1 149
1607539925832803034 : Checking image 1 crop x2 2383
1607539925832842236 : Checking image 1 crop y2 3353
1607539929113912827 : Checking image 2 crop x1 30
1607539929114055136 : Checking image 2 crop y1 155
1607539929114099939 : Checking image 2 crop x2 2153
1607539929114141341 : Checking image 2 crop y2 3350
1607539929156662919 : Checking image 1 dpi 300
1607539929156782726 : Checking image 1 border top 139
1607539929156824529 : Checking image 1 border bottom 144
1607539929156860931 : Checking image 1 border left 174
1607539929156896233 : Checking image 1 border right 174
1607539929158653440 : Checking image 2 dpi 300
1607539929158716243 : Checking image 2 border top 136
1607539929158753246 : Checking image 2 border bottom 156
1607539929158787748 : Checking image 2 border left 168
1607539929158822350 : Checking image 2 border right 168

</system-out><system-err>--------------------------------- Captured Err ---------------------------------

</system-err></testcase><testcase classname="tests.test_images" name="test_failed_split_line_line_algo_png" time="28.649"><system-out>--------------------------------- Captured Log ---------------------------------

--------------------------------- Captured Out ---------------------------------
/home/runner/work/ocr-book/ocr-book/tests/failed_split_line_line_algo.png
1607539870570155961 : Checking separation double page angle 90.0163422057325
1607539870570272769 : Checking separation double page y=0 2575
1607539874473133654 : Checking page rotation 1 -0.14999999999999067
1607539876843407641 : Checking page rotation 2 0.0
1607539879861647166 : Checking image 1 crop x1 407
1607539879861790075 : Checking image 1 crop y1 2925
1607539879861834178 : Checking image 1 crop x2 2419
1607539879861873081 : Checking image 1 crop y2 3174
1607539881503684173 : Checking image 2 crop x1 1184
1607539881503810281 : Checking image 2 crop y1 1744
1607539881503850384 : Checking image 2 crop x2 1185
1607539881503884786 : Checking image 2 crop y2 1745
1607539881504198507 : Checking image 1 dpi 300
1607539881504286712 : Checking image 1 border top 2917
1607539881504327215 : Checking image 1 border bottom 321
1607539881504363417 : Checking image 1 border left 224
1607539881504398820 : Checking image 1 border right 224
1607539881505833214 : Checking image 2 dpi 300
1607539881505898119 : Checking image 2 border top 1752
1607539881505934921 : Checking image 2 border bottom 1753
1607539881505969523 : Checking image 2 border left 1239
1607539881506004126 : Checking image 2 border right 1239

</system-out><system-err>--------------------------------- Captured Err ---------------------------------

</system-err></testcase><testcase classname="tests.test_images" name="test_wrong_wave_split_line_2_png" time="82.684"><system-out>--------------------------------- Captured Log ---------------------------------

--------------------------------- Captured Out ---------------------------------
/home/runner/work/ocr-book/ocr-book/tests/wrong_wave_split_line_2.png
1607539931184538411 : Checking separation double page angle 90.7708958311329
1607539931184652018 : Checking separation double page y=0 2490
1607539942831742655 : Checking page rotation 1 0.4
1607539957093846581 : Checking page rotation 2 1.8
1607539960544248325 : Checking image 1 crop x1 224
1607539960544379232 : Checking image 1 crop y1 147
1607539960544422935 : Checking image 1 crop x2 2337
1607539960544463537 : Checking image 1 crop y2 3355
1607539964104229779 : Checking image 2 crop x1 72
1607539964104362187 : Checking image 2 crop y1 197
1607539964104407389 : Checking image 2 crop x2 2194
1607539964104448492 : Checking image 2 crop y2 3396
1607539964154740972 : Checking image 1 dpi 300
1607539964154861779 : Checking image 1 border top 133
1607539964154903881 : Checking image 1 border bottom 146
1607539964154940383 : Checking image 1 border left 173
1607539964154975985 : Checking image 1 border right 173
1607539964157574934 : Checking image 2 dpi 300
1607539964157648438 : Checking image 2 border top 167
1607539964157686740 : Checking image 2 border bottom 121
1607539964157721842 : Checking image 2 border left 169
1607539964157756544 : Checking image 2 border right 169

</system-out><system-err>--------------------------------- Captured Err ---------------------------------

</system-err></testcase><testcase classname="tests.test_images" name="test_crop_too_much_3_png" time="78.866"><system-out>--------------------------------- Captured Log ---------------------------------

--------------------------------- Captured Out ---------------------------------
/home/runner/work/ocr-book/ocr-book/tests/crop_too_much_3.png
1607539976679512125 : Checking separation double page angle 89.55580634783144
1607539976679630131 : Checking separation double page y=0 2499
1607539987061788341 : Checking page rotation 1 -0.9499999999999917
1607539999162409831 : Checking page rotation 2 -0.14999999999999067
1607540003487340498 : Checking image 1 crop x1 373
1607540003487484106 : Checking image 1 crop y1 258
1607540003487529309 : Checking image 1 crop x2 2386
1607540003487568411 : Checking image 1 crop y2 3458
1607540007974185733 : Checking image 2 crop x1 167
1607540007974330541 : Checking image 2 crop y1 228
1607540007974375043 : Checking image 2 crop x2 2180
1607540007974415345 : Checking image 2 crop y2 3417
1607540008021788289 : Checking image 1 dpi 300
1607540008021893594 : Checking image 1 border top 239
1607540008021935597 : Checking image 1 border bottom 48
1607540008021972099 : Checking image 1 border left 223
1607540008022007900 : Checking image 1 border right 223
1607540008023733893 : Checking image 2 dpi 300
1607540008023795996 : Checking image 2 border top 207
1607540008023832898 : Checking image 2 border bottom 91
1607540008023867000 : Checking image 2 border left 223
1607540008023900902 : Checking image 2 border right 223

</system-out><system-err>--------------------------------- Captured Err ---------------------------------

</system-err></testcase><testcase classname="tests.test_images" name="test_wrong_wave_split_line_3_png" time="72.485"><system-out>--------------------------------- Captured Log ---------------------------------

--------------------------------- Captured Out ---------------------------------
/home/runner/work/ocr-book/ocr-book/tests/wrong_wave_split_line_3.png
1607540009915643009 : Checking separation double page angle 90.05867351615122
1607540009915755415 : Checking separation double page y=0 2510
1607540020942525346 : Checking page rotation 1 0.1
1607540030102507538 : Checking page rotation 2 0.35
1607540033420511355 : Checking image 1 crop x1 272
1607540033420642161 : Checking image 1 crop y1 219
1607540033420684764 : Checking image 1 crop x2 2383
1607540033420722565 : Checking image 1 crop y2 3423
1607540036611404961 : Checking image 2 crop x1 119
1607540036611535868 : Checking image 2 crop y1 226
1607540036611578870 : Checking image 2 crop x2 2240
1607540036611618372 : Checking image 2 crop y2 3413
1607540036652426079 : Checking image 1 dpi 300
1607540036652533885 : Checking image 1 border top 202
1607540036652575687 : Checking image 1 border bottom 81
1607540036652611789 : Checking image 1 border left 174
1607540036652647091 : Checking image 1 border right 174
1607540036655192122 : Checking image 2 dpi 300
1607540036655279727 : Checking image 2 border top 203
1607540036655317829 : Checking image 2 border bottom 97
1607540036655352731 : Checking image 2 border left 169
1607540036655386932 : Checking image 2 border right 169

</system-out><system-err>--------------------------------- Captured Err ---------------------------------

</system-err></testcase><testcase classname="tests.test_images" name="test_no_split_line_wave_algo_png" time="72.332"><system-out>--------------------------------- Captured Log ---------------------------------

--------------------------------- Captured Out ---------------------------------
/home/runner/work/ocr-book/ocr-book/tests/no_split_line_wave_algo.png
1607540043231032299 : Checking separation double page angle 89.93575909193096
1607540043231159205 : Checking separation double page y=0 2482
1607540050475084835 : Checking page rotation 1 0.0
1607540061933248803 : Checking page rotation 2 -0.5499999999999912
1607540072083971299 : Checking image 1 crop x1 97
1607540072084063004 : Checking image 1 crop y1 77
1607540072084104306 : Checking image 1 crop x2 2483
1607540072084143508 : Checking image 1 crop y2 3505
1607540080269592902 : Checking image 2 crop x1 164
1607540080269745309 : Checking image 2 crop y1 266
1607540080269793312 : Checking image 2 crop x2 2241
1607540080269833514 : Checking image 2 crop y2 3382
1607540080311973575 : Checking image 1 dpi 300
1607540080312109081 : Checking image 1 border top 40
1607540080312152283 : Checking image 1 border bottom 40
1607540080312188785 : Checking image 1 border left 47
1607540080312224387 : Checking image 1 border right 47
1607540080314766511 : Checking image 2 dpi 300
1607540080314867416 : Checking image 2 border top 254
1607540080314906918 : Checking image 2 border bottom 117
1607540080314942120 : Checking image 2 border left 191
1607540080314976922 : Checking image 2 border right 191

</system-out><system-err>--------------------------------- Captured Err ---------------------------------

</system-err></testcase><testcase classname="tests.test_images" name="test_no_split_line_wave_algo_2_png" time="62.994"><system-out>--------------------------------- Captured Log ---------------------------------

--------------------------------- Captured Out ---------------------------------
/home/runner/work/ocr-book/ocr-book/tests/no_split_line_wave_algo_2.png
1607540073929909585 : Checking separation double page angle 91.21822795596304
1607540073930018991 : Checking separation double page y=0 2488
1607540083341424622 : Checking page rotation 1 1.0999999999999999
1607540093425679814 : Checking page rotation 2 0.2
1607540096744429665 : Checking image 1 crop x1 266
1607540096744563171 : Checking image 1 crop y1 210
1607540096744607073 : Checking image 1 crop x2 2342
1607540096744646075 : Checking image 1 crop y2 3413
1607540099607234207 : Checking image 2 crop x1 199
1607540099607368613 : Checking image 2 crop y1 241
1607540099607413415 : Checking image 2 crop x2 2282
1607540099607454117 : Checking image 2 crop y2 3433
1607540099649166814 : Checking image 1 dpi 300
1607540099649286420 : Checking image 1 border top 194
1607540099649328722 : Checking image 1 border bottom 90
1607540099649365324 : Checking image 1 border left 192
1607540099649406326 : Checking image 1 border right 192
1607540099652159757 : Checking image 2 dpi 300
1607540099652253362 : Checking image 2 border top 226
1607540099652291464 : Checking image 2 border bottom 69
1607540099652326865 : Checking image 2 border left 188
1607540099652362367 : Checking image 2 border right 188

</system-out><system-err>--------------------------------- Captured Err ---------------------------------

</system-err></testcase><testcase classname="tests.test_images" name="test_crop_too_few_2_png" time="57.949"><system-out>--------------------------------- Captured Log ---------------------------------

--------------------------------- Captured Out ---------------------------------
/home/runner/work/ocr-book/ocr-book/tests/crop_too_few_2.png
1607540115598211792 : Checking separation double page angle 90.25476192320097
1607540115598335398 : Checking separation double page y=0 2531
1607540124449868908 : Checking page rotation 1 1.2000000000000002
1607540132105232676 : Checking page rotation 2 -0.09999999999999377
1607540135404990646 : Checking image 1 crop x1 287
1607540135405137153 : Checking image 1 crop y1 165
1607540135405182055 : Checking image 1 crop x2 2398
1607540135405221157 : Checking image 1 crop y2 3368
1607540138289844553 : Checking image 2 crop x1 145
1607540138289989859 : Checking image 2 crop y1 175
1607540138290035061 : Checking image 2 crop x2 2271
1607540138290076663 : Checking image 2 crop y2 3373
1607540138327399179 : Checking image 1 dpi 300
1607540138327506984 : Checking image 1 border top 139
1607540138327548986 : Checking image 1 border bottom 145
1607540138327585387 : Checking image 1 border left 174
1607540138327620489 : Checking image 1 border right 174
1607540138329390770 : Checking image 2 dpi 300
1607540138329477574 : Checking image 2 border top 180
1607540138329519076 : Checking image 2 border bottom 109
1607540138329553778 : Checking image 2 border left 167
1607540138329588479 : Checking image 2 border right 167

</system-out><system-err>--------------------------------- Captured Err ---------------------------------

</system-err></testcase><testcase classname="tests.test_images" name="test_failed_detect_rectangle_png" time="74.041"><system-out>--------------------------------- Captured Log ---------------------------------

--------------------------------- Captured Out ---------------------------------
/home/runner/work/ocr-book/ocr-book/tests/failed_detect_rectangle.png
1607540144775984273 : Checking separation double page angle 90.19837516213148
1607540144776093678 : Checking separation double page y=0 2471
1607540154449237295 : Checking page rotation 1 0.2
1607540166198269557 : Checking page rotation 2 0.2
1607540170188385974 : Checking image 1 crop x1 257
1607540170188515180 : Checking image 1 crop y1 201
1607540170188558082 : Checking image 1 crop x2 2333
1607540170188595984 : Checking image 1 crop y2 3402
1607540173637048778 : Checking image 2 crop x1 139
1607540173637181284 : Checking image 2 crop y1 215
1607540173637225586 : Checking image 2 crop x2 2222
1607540173637265288 : Checking image 2 crop y2 3406
1607540173684818503 : Checking image 1 dpi 300
1607540173684936008 : Checking image 1 border top 188
1607540173684978510 : Checking image 1 border bottom 98
1607540173685015112 : Checking image 1 border left 192
1607540173685051513 : Checking image 1 border right 192
1607540173687418219 : Checking image 2 dpi 300
1607540173687510723 : Checking image 2 border top 200
1607540173687549824 : Checking image 2 border bottom 95
1607540173687584926 : Checking image 2 border left 188
1607540173687620128 : Checking image 2 border right 188

</system-out><system-err>--------------------------------- Captured Err ---------------------------------

</system-err></testcase><testcase classname="tests.test_images" name="test_single_page_png" time="26.539"><system-out>--------------------------------- Captured Log ---------------------------------

--------------------------------- Captured Out ---------------------------------
/home/runner/work/ocr-book/ocr-book/tests/single_page.png
1607540148366338793 : Checking separation double page angle 89.97500000000001
1607540148366474099 : Checking separation double page y=0 2469
1607540154558632546 : Checking page rotation 1 0.0
1607540155205216200 : Checking page rotation 2 0.0
1607540163871020955 : Checking image 1 crop x1 1
1607540163871123660 : Checking image 1 crop y1 9
1607540163871164262 : Checking image 1 crop x2 2464
1607540163871202364 : Checking image 1 crop y2 3505
1607540164498696506 : Checking image 2 crop x1 0
1607540164498780209 : Checking image 2 crop y1 0
1607540164498815711 : Checking image 2 crop x2 0
1607540164498848712 : Checking image 2 crop y2 0
1607540164498927916 : Checking image 1 dpi 300
1607540164498999719 : Checking image 1 border top 6
1607540164499038221 : Checking image 1 border bottom 6
1607540164499073222 : Checking image 1 border left 9
1607540164499108424 : Checking image 1 border right 9
1607540164505827825 : Checking image 2 border top 0
1607540164505913429 : Checking image 2 border bottom 0
1607540164505949031 : Checking image 2 border left 0
1607540164505983832 : Checking image 2 border right 0

</system-out><system-err>--------------------------------- Captured Err ---------------------------------

</system-err></testcase></testsuite></testsuites>