<?xml version="1.0" encoding="utf-8"?><testsuites><testsuite errors="0" failures="0" hostname="fv-az71-140" name="pytest" skipped="0" tests="30" time="879.428" timestamp="2020-12-02T22:42:28.607671"><testcase classname="tests.test_features" name="test_mock_stop_at_0" time="0.052"><system-out>--------------------------------- Captured Log ---------------------------------

--------------------------------- Captured Out ---------------------------------
/home/runner/work/ocr-book/ocr-book/tests/0001_0.png

</system-out><system-err>--------------------------------- Captured Err ---------------------------------

</system-err></testcase><testcase classname="tests.test_features" name="test_disabled_enable_debug" time="41.018"><system-out>--------------------------------- Captured Log ---------------------------------

--------------------------------- Captured Out ---------------------------------
/home/runner/work/ocr-book/ocr-book/tests/0001_debug.png
separation double page angle 90.57780420099763
separation double page y=0 2487
page rotation 1 0.75
page rotation 2 0.2
image 1 crop x1 330
image 1 crop y1 336
image 1 crop x2 2343
image 1 crop y2 3223
image 2 crop x1 169
image 2 crop y1 648
image 2 crop x2 2186
image 2 crop y2 3361
image 1 dpi 300
image 1 border top 340
image 1 border bottom 260
image 1 border left 223
image 1 border right 223
image 2 dpi 300
image 2 border top 646
image 2 border bottom 128
image 2 border left 221
image 2 border right 221

</system-out><system-err>--------------------------------- Captured Err ---------------------------------

</system-err></testcase><testcase classname="tests.test_features" name="test_mock_stop_at_2" time="48.211"><system-out>--------------------------------- Captured Log ---------------------------------

--------------------------------- Captured Out ---------------------------------
/home/runner/work/ocr-book/ocr-book/tests/0001_2.png
separation double page angle 90.57780420099763
separation double page y=0 2487
page rotation 1 0.75
page rotation 2 0.2

</system-out><system-err>--------------------------------- Captured Err ---------------------------------

</system-err></testcase><testcase classname="tests.test_features" name="test_mock_stop_at_1" time="32.642"><system-out>--------------------------------- Captured Log ---------------------------------

--------------------------------- Captured Out ---------------------------------
/home/runner/work/ocr-book/ocr-book/tests/0001_1.png
separation double page angle 90.57780420099763
separation double page y=0 2487

</system-out><system-err>--------------------------------- Captured Err ---------------------------------

</system-err></testcase><testcase classname="tests.test_features" name="test_mock_stop_at_4" time="53.850"><system-out>--------------------------------- Captured Log ---------------------------------

--------------------------------- Captured Out ---------------------------------
/home/runner/work/ocr-book/ocr-book/tests/0001_4.png
separation double page angle 90.57780420099763
separation double page y=0 2487
page rotation 1 0.75
page rotation 2 0.2
image 1 crop x1 330
image 1 crop y1 336
image 1 crop x2 2343
image 1 crop y2 3223
image 2 crop x1 169
image 2 crop y1 648
image 2 crop x2 2186
image 2 crop y2 3361
image 1 dpi 300
image 1 border top 340
image 1 border bottom 260
image 1 border left 223
image 1 border right 223
image 2 dpi 300
image 2 border top 646
image 2 border bottom 128
image 2 border left 221
image 2 border right 221

</system-out><system-err>--------------------------------- Captured Err ---------------------------------

</system-err></testcase><testcase classname="tests.test_features" name="test_mock_stop_at_3" time="53.710"><system-out>--------------------------------- Captured Log ---------------------------------

--------------------------------- Captured Out ---------------------------------
/home/runner/work/ocr-book/ocr-book/tests/0001_3.png
separation double page angle 90.57780420099763
separation double page y=0 2487
page rotation 1 0.75
page rotation 2 0.2
image 1 crop x1 330
image 1 crop y1 336
image 1 crop x2 2343
image 1 crop y2 3223
image 2 crop x1 169
image 2 crop y1 648
image 2 crop x2 2186
image 2 crop y2 3361

</system-out><system-err>--------------------------------- Captured Err ---------------------------------

</system-err></testcase><testcase classname="tests.test_images" name="test_0001_png" time="53.837"><system-out>--------------------------------- Captured Log ---------------------------------

--------------------------------- Captured Out ---------------------------------
/home/runner/work/ocr-book/ocr-book/tests/0001.png
1606949084661328384 : Checking separation double page angle 90.57780420099763
1606949084661426432 : Checking separation double page y=0 2487
1606949091459780864 : Checking page rotation 1 0.75
1606949099152854016 : Checking page rotation 2 0.2
1606949102425469184 : Checking image 1 crop x1 330
1606949102425605120 : Checking image 1 crop y1 336
1606949102425654528 : Checking image 1 crop x2 2343
1606949102425697024 : Checking image 1 crop y2 3223
1606949105615448320 : Checking image 2 crop x1 169
1606949105615587584 : Checking image 2 crop y1 648
1606949105615636736 : Checking image 2 crop x2 2186
1606949105615679488 : Checking image 2 crop y2 3361
1606949105650843136 : Checking image 1 dpi 300
1606949105650969344 : Checking image 1 border top 340
1606949105651010560 : Checking image 1 border bottom 260
1606949105651047424 : Checking image 1 border left 223
1606949105651083776 : Checking image 1 border right 223
1606949105653463296 : Checking image 2 dpi 300
1606949105653549056 : Checking image 2 border top 646
1606949105653593344 : Checking image 2 border bottom 128
1606949105653628928 : Checking image 2 border left 221
1606949105653665024 : Checking image 2 border right 221

</system-out><system-err>--------------------------------- Captured Err ---------------------------------

</system-err></testcase><testcase classname="tests.test_features" name="test_mock_stop_at_5" time="53.355"><system-out>--------------------------------- Captured Log ---------------------------------

--------------------------------- Captured Out ---------------------------------
/home/runner/work/ocr-book/ocr-book/tests/0001_5.png
separation double page angle 90.57780420099763
separation double page y=0 2487
page rotation 1 0.75
page rotation 2 0.2
image 1 crop x1 330
image 1 crop y1 336
image 1 crop x2 2343
image 1 crop y2 3223
image 2 crop x1 169
image 2 crop y1 648
image 2 crop x2 2186
image 2 crop y2 3361
image 1 dpi 300
image 1 border top 340
image 1 border bottom 260
image 1 border left 223
image 1 border right 223
image 2 dpi 300
image 2 border top 646
image 2 border bottom 128
image 2 border left 221
image 2 border right 221

</system-out><system-err>--------------------------------- Captured Err ---------------------------------

</system-err></testcase><testcase classname="tests.test_images" name="test_2_pages_2_contours_png" time="35.942"><system-out>--------------------------------- Captured Log ---------------------------------

--------------------------------- Captured Out ---------------------------------
/home/runner/work/ocr-book/ocr-book/tests/2-pages-2-contours.png
1606949128422938112 : Checking separation double page angle 89.91958537671144
1606949128423051264 : Checking separation double page y=0 2492
1606949130687911168 : Checking page rotation 1 0.05
1606949136581082112 : Checking page rotation 2 0.35000000000000003
1606949137598773504 : Checking image 1 crop x1 1191
1606949137598905600 : Checking image 1 crop y1 1733
1606949137598956288 : Checking image 1 crop x2 1192
1606949137598989312 : Checking image 1 crop y2 1734
1606949141577089280 : Checking image 2 crop x1 89
1606949141577227776 : Checking image 2 crop y1 240
1606949141577275136 : Checking image 2 crop x2 2136
1606949141577319680 : Checking image 2 crop y2 3239
1606949141613071104 : Checking image 1 dpi 300
1606949141613199104 : Checking image 1 border top 1752
1606949141613240576 : Checking image 1 border bottom 1753
1606949141613278208 : Checking image 1 border left 1239
1606949141613314560 : Checking image 1 border right 1239
1606949141615033600 : Checking image 2 dpi 300
1606949141615130368 : Checking image 2 border top 231
1606949141615173120 : Checking image 2 border bottom 257
1606949141615211776 : Checking image 2 border left 206
1606949141615247360 : Checking image 2 border right 206

</system-out><system-err>--------------------------------- Captured Err ---------------------------------

</system-err></testcase><testcase classname="tests.test_images" name="test_image_failed_to_crop_data_png" time="58.480"><system-out>--------------------------------- Captured Log ---------------------------------

--------------------------------- Captured Out ---------------------------------
/home/runner/work/ocr-book/ocr-book/tests/image_failed_to_crop_data.png
1606949162417956864 : Checking separation double page angle 89.91538216173362
1606949162418050048 : Checking separation double page y=0 2477
1606949168022121472 : Checking page rotation 1 0.2
1606949173456958464 : Checking page rotation 2 0.0
1606949183959901696 : Checking image 1 crop x1 58
1606949183960035072 : Checking image 1 crop y1 8
1606949183960074752 : Checking image 1 crop x2 2480
1606949183960111872 : Checking image 1 crop y2 3504
1606949188812035072 : Checking image 2 crop x1 159
1606949188812166912 : Checking image 2 crop y1 217
1606949188812207616 : Checking image 2 crop x2 2241
1606949188812247552 : Checking image 2 crop y2 3350
1606949188846383616 : Checking image 1 dpi 300
1606949188846507008 : Checking image 1 border top 6
1606949188846544896 : Checking image 1 border bottom 6
1606949188846577920 : Checking image 1 border left 29
1606949188846609664 : Checking image 1 border right 29
1606949188848457728 : Checking image 2 dpi 300
1606949188848546304 : Checking image 2 border top 225
1606949188848582656 : Checking image 2 border bottom 129
1606949188848616704 : Checking image 2 border left 189
1606949188848650240 : Checking image 2 border right 189

</system-out><system-err>--------------------------------- Captured Err ---------------------------------

</system-err></testcase><testcase classname="tests.test_images" name="test_black_border_not_removed_png" time="60.638"><system-out>--------------------------------- Captured Log ---------------------------------

--------------------------------- Captured Out ---------------------------------
/home/runner/work/ocr-book/ocr-book/tests/black-border-not-removed.png
1606949176506370560 : Checking separation double page angle 90.02895758682553
1606949176506472960 : Checking separation double page y=0 2456
1606949183224447232 : Checking page rotation 1 0.0
1606949193093388288 : Checking page rotation 2 0.0
1606949196514737920 : Checking image 1 crop x1 297
1606949196514825984 : Checking image 1 crop y1 143
1606949196514885888 : Checking image 1 crop x2 2309
1606949196514928384 : Checking image 1 crop y2 3346
1606949202212499200 : Checking image 2 crop x1 157
1606949202212628224 : Checking image 2 crop y1 145
1606949202212672512 : Checking image 2 crop x2 2169
1606949202212713216 : Checking image 2 crop y2 3352
1606949202250254336 : Checking image 1 dpi 300
1606949202250387712 : Checking image 1 border top 130
1606949202250428672 : Checking image 1 border bottom 154
1606949202250466048 : Checking image 1 border left 224
1606949202250502400 : Checking image 1 border right 224
1606949202252665344 : Checking image 2 dpi 300
1606949202252755200 : Checking image 2 border top 139
1606949202252793856 : Checking image 2 border bottom 141
1606949202252829952 : Checking image 2 border left 224
1606949202252866048 : Checking image 2 border right 224

</system-out><system-err>--------------------------------- Captured Err ---------------------------------

</system-err></testcase><testcase classname="tests.test_images" name="test_wrong_angle_split_line_png" time="67.593"><system-out>--------------------------------- Captured Log ---------------------------------

--------------------------------- Captured Out ---------------------------------
/home/runner/work/ocr-book/ocr-book/tests/wrong_angle_split_line.png
1606949222546015744 : Checking separation double page angle 90.04193420006348
1606949222546131200 : Checking separation double page y=0 2477
1606949230043424000 : Checking page rotation 1 0.2
1606949238350491648 : Checking page rotation 2 0.05
1606949250092729600 : Checking image 1 crop x1 61
1606949250092871168 : Checking image 1 crop y1 7
1606949250092913408 : Checking image 1 crop x2 2475
1606949250092952832 : Checking image 1 crop y2 3500
1606949255540087040 : Checking image 2 crop x1 163
1606949255540235520 : Checking image 2 crop y1 218
1606949255540276736 : Checking image 2 crop x2 2243
1606949255540317696 : Checking image 2 crop y2 3350
1606949255721453312 : Checking image 1 dpi 300
1606949255721581312 : Checking image 1 border top 7
1606949255721620480 : Checking image 1 border bottom 7
1606949255721655296 : Checking image 1 border left 33
1606949255721689344 : Checking image 1 border right 33
1606949255728423680 : Checking image 2 dpi 300
1606949255728531456 : Checking image 2 border top 219
1606949255728564992 : Checking image 2 border bottom 136
1606949255728597248 : Checking image 2 border left 190
1606949255728633856 : Checking image 2 border right 190

</system-out><system-err>--------------------------------- Captured Err ---------------------------------

</system-err></testcase><testcase classname="tests.test_images" name="test_image_failed_to_rotate_png" time="59.340"><system-out>--------------------------------- Captured Log ---------------------------------

--------------------------------- Captured Out ---------------------------------
/home/runner/work/ocr-book/ocr-book/tests/image_failed_to_rotate.png
1606949232710268672 : Checking separation double page angle 90.19634423290287
1606949232710371840 : Checking separation double page y=0 2482
1606949237950984192 : Checking page rotation 1 0.35000000000000003
1606949245355145216 : Checking page rotation 2 0.45
1606949256238192896 : Checking image 1 crop x1 34
1606949256238325504 : Checking image 1 crop y1 1
1606949256238366976 : Checking image 1 crop x2 2480
1606949256238404864 : Checking image 1 crop y2 3500
1606949261435659008 : Checking image 2 crop x1 169
1606949261435800064 : Checking image 2 crop y1 234
1606949261435847168 : Checking image 2 crop x2 2248
1606949261435891200 : Checking image 2 crop y2 3355
1606949261480564992 : Checking image 1 dpi 300
1606949261480695040 : Checking image 1 border top 4
1606949261480737792 : Checking image 1 border bottom 4
1606949261480774400 : Checking image 1 border left 17
1606949261480810496 : Checking image 1 border right 17
1606949261483053312 : Checking image 2 dpi 300
1606949261483150336 : Checking image 2 border top 220
1606949261483190528 : Checking image 2 border bottom 146
1606949261483223808 : Checking image 2 border left 190
1606949261483256576 : Checking image 2 border right 190

</system-out><system-err>--------------------------------- Captured Err ---------------------------------

</system-err></testcase><testcase classname="tests.test_images" name="test_angle_page_lower_split_line_png" time="57.876"><system-out>--------------------------------- Captured Log ---------------------------------

--------------------------------- Captured Out ---------------------------------
/home/runner/work/ocr-book/ocr-book/tests/angle_page_lower_split_line.png
1606949293841981696 : Checking separation double page angle 89.75201324945476
1606949293842097408 : Checking separation double page y=0 2473
1606949302696771328 : Checking page rotation 1 -0.44999999999998863
1606949308982499328 : Checking page rotation 2 0.2
1606949311729278720 : Checking image 1 crop x1 245
1606949311729419264 : Checking image 1 crop y1 161
1606949311729463552 : Checking image 1 crop x2 2351
1606949311729507072 : Checking image 1 crop y2 3364
1606949314355745280 : Checking image 2 crop x1 151
1606949314355883264 : Checking image 2 crop y1 147
1606949314355927808 : Checking image 2 crop x2 2258
1606949314355971328 : Checking image 2 crop y2 3350
1606949314394505472 : Checking image 1 dpi 300
1606949314394628096 : Checking image 1 border top 132
1606949314394664704 : Checking image 1 border bottom 152
1606949314394697984 : Checking image 1 border left 177
1606949314394729728 : Checking image 1 border right 177
1606949314396910336 : Checking image 2 dpi 300
1606949314396995328 : Checking image 2 border top 116
1606949314397042944 : Checking image 2 border bottom 168
1606949314397091840 : Checking image 2 border left 176
1606949314397125632 : Checking image 2 border right 176

</system-out><system-err>--------------------------------- Captured Err ---------------------------------

</system-err></testcase><testcase classname="tests.test_images" name="test_wrong_split_line_png" time="45.518"><system-out>--------------------------------- Captured Log ---------------------------------

--------------------------------- Captured Out ---------------------------------
/home/runner/work/ocr-book/ocr-book/tests/wrong_split_line.png
1606949290247882240 : Checking separation double page angle 89.85895720607971
1606949290247964160 : Checking separation double page y=0 2463
1606949295484121600 : Checking page rotation 1 -0.14999999999999147
1606949302351709696 : Checking page rotation 2 0.65
1606949304673071360 : Checking image 1 crop x1 213
1606949304673192960 : Checking image 1 crop y1 157
1606949304673231872 : Checking image 1 crop x2 2323
1606949304673267712 : Checking image 1 crop y2 3362
1606949307077374720 : Checking image 2 crop x1 126
1606949307077518336 : Checking image 2 crop y1 167
1606949307077566208 : Checking image 2 crop x2 2237
1606949307077611264 : Checking image 2 crop y2 3372
1606949307114670592 : Checking image 1 dpi 300
1606949307114816512 : Checking image 1 border top 115
1606949307114858240 : Checking image 1 border bottom 167
1606949307114896128 : Checking image 1 border left 175
1606949307114932480 : Checking image 1 border right 175
1606949307117070336 : Checking image 2 dpi 300
1606949307117158400 : Checking image 2 border top 142
1606949307117197056 : Checking image 2 border bottom 140
1606949307117233664 : Checking image 2 border left 174
1606949307117270528 : Checking image 2 border right 174

</system-out><system-err>--------------------------------- Captured Err ---------------------------------

</system-err></testcase><testcase classname="tests.test_images" name="test_crop_too_much_png" time="84.570"><system-out>--------------------------------- Captured Log ---------------------------------

--------------------------------- Captured Out ---------------------------------
/home/runner/work/ocr-book/ocr-book/tests/crop_too_much.png
1606949357717405952 : Checking separation double page angle 90.13239409272953
1606949357717501184 : Checking separation double page y=0 2453
1606949369483171840 : Checking page rotation 1 0.0
1606949381984877824 : Checking page rotation 2 0.45
1606949387349114624 : Checking image 1 crop x1 303
1606949387349252352 : Checking image 1 crop y1 148
1606949387349299712 : Checking image 1 crop x2 2313
1606949387349342208 : Checking image 1 crop y2 3351
1606949391622007552 : Checking image 2 crop x1 170
1606949391622184960 : Checking image 2 crop y1 155
1606949391622228736 : Checking image 2 crop x2 2181
1606949391622269184 : Checking image 2 crop y2 3359
1606949391671572992 : Checking image 1 dpi 300
1606949391671704832 : Checking image 1 border top 131
1606949391671745280 : Checking image 1 border bottom 153
1606949391671782656 : Checking image 1 border left 225
1606949391671818240 : Checking image 1 border right 225
1606949391674329600 : Checking image 2 dpi 300
1606949391674422784 : Checking image 2 border top 139
1606949391674461184 : Checking image 2 border bottom 144
1606949391674497536 : Checking image 2 border left 224
1606949391674536704 : Checking image 2 border right 224

</system-out><system-err>--------------------------------- Captured Err ---------------------------------

</system-err></testcase><testcase classname="tests.test_images" name="test_crop_too_much_2_png" time="84.042"><system-out>--------------------------------- Captured Log ---------------------------------

--------------------------------- Captured Out ---------------------------------
/home/runner/work/ocr-book/ocr-book/tests/crop_too_much_2.png
1606949363384955904 : Checking separation double page angle 90.2021118646249
1606949363385060096 : Checking separation double page y=0 2477
1606949375875876096 : Checking page rotation 1 0.2
1606949389410530816 : Checking page rotation 2 0.2
1606949393330554368 : Checking image 1 crop x1 332
1606949393330634752 : Checking image 1 crop y1 131
1606949393330669056 : Checking image 1 crop x2 2342
1606949393330701312 : Checking image 1 crop y2 3336
1606949398360409088 : Checking image 2 crop x1 168
1606949398360550144 : Checking image 2 crop y1 139
1606949398360594688 : Checking image 2 crop x2 2181
1606949398360637184 : Checking image 2 crop y2 3345
1606949398415134976 : Checking image 1 dpi 300
1606949398415278848 : Checking image 1 border top 116
1606949398415315200 : Checking image 1 border bottom 166
1606949398415364608 : Checking image 1 border left 225
1606949398415399168 : Checking image 1 border right 225
1606949398417581056 : Checking image 2 dpi 300
1606949398417667840 : Checking image 2 border top 133
1606949398417703680 : Checking image 2 border bottom 148
1606949398417737728 : Checking image 2 border left 223
1606949398417771776 : Checking image 2 border right 223

</system-out><system-err>--------------------------------- Captured Err ---------------------------------

</system-err></testcase><testcase classname="tests.test_images" name="test_crop_too_few_png" time="49.366"><system-out>--------------------------------- Captured Log ---------------------------------

--------------------------------- Captured Out ---------------------------------
/home/runner/work/ocr-book/ocr-book/tests/crop_too_few.png
1606949423084788480 : Checking separation double page angle 89.39669496435833
1606949423084876544 : Checking separation double page y=0 2510
1606949429667877888 : Checking page rotation 1 -0.75
1606949436456364544 : Checking page rotation 2 0.05
1606949438846892288 : Checking image 1 crop x1 265
1606949438847041792 : Checking image 1 crop y1 152
1606949438847089408 : Checking image 1 crop x2 2375
1606949438847132416 : Checking image 1 crop y2 3356
1606949441023797248 : Checking image 2 crop x1 135
1606949441023938048 : Checking image 2 crop y1 141
1606949441023984896 : Checking image 2 crop x2 2261
1606949441024028672 : Checking image 2 crop y2 3345
1606949441061209088 : Checking image 1 dpi 300
1606949441061333504 : Checking image 1 border top 116
1606949441061372160 : Checking image 1 border bottom 167
1606949441061406720 : Checking image 1 border left 175
1606949441061440512 : Checking image 1 border right 175
1606949441063973888 : Checking image 2 dpi 300
1606949441064071168 : Checking image 2 border top 143
1606949441064118272 : Checking image 2 border bottom 140
1606949441064151296 : Checking image 2 border left 167
1606949441064184576 : Checking image 2 border right 167

</system-out><system-err>--------------------------------- Captured Err ---------------------------------

</system-err></testcase><testcase classname="tests.test_images" name="test_wrong_split_line_2_png" time="101.418"><system-out>--------------------------------- Captured Log ---------------------------------

--------------------------------- Captured Out ---------------------------------
/home/runner/work/ocr-book/ocr-book/tests/wrong_split_line_2.png
1606949457658368512 : Checking separation double page angle 90.3838786217729
1606949457658471168 : Checking separation double page y=0 2442
1606949469936939520 : Checking page rotation 1 0.05
1606949481219307520 : Checking page rotation 2 0.4
1606949488941946112 : Checking image 1 crop x1 294
1606949488942098944 : Checking image 1 crop y1 137
1606949488942145280 : Checking image 1 crop x2 2326
1606949488942186496 : Checking image 1 crop y2 3375
1606949499798062080 : Checking image 2 crop x1 146
1606949499798237952 : Checking image 2 crop y1 192
1606949499798282496 : Checking image 2 crop x2 2173
1606949499798323968 : Checking image 2 crop y2 3386
1606949499848239616 : Checking image 1 dpi 300
1606949499848362240 : Checking image 1 border top 125
1606949499848398848 : Checking image 1 border bottom 124
1606949499848431616 : Checking image 1 border left 214
1606949499848462848 : Checking image 1 border right 214
1606949499850604544 : Checking image 2 dpi 300
1606949499850690560 : Checking image 2 border top 184
1606949499850724864 : Checking image 2 border bottom 109
1606949499850756096 : Checking image 2 border left 216
1606949499850787840 : Checking image 2 border right 216

</system-out><system-err>--------------------------------- Captured Err ---------------------------------

</system-err></testcase><testcase classname="tests.test_images" name="test_small_wave_png" time="70.826"><system-out>--------------------------------- Captured Log ---------------------------------

--------------------------------- Captured Out ---------------------------------
/home/runner/work/ocr-book/ocr-book/tests/small_wave.png
1606949486823629824 : Checking separation double page angle 90.61316928841566
1606949486823729664 : Checking separation double page y=0 2495
1606949497333574912 : Checking page rotation 1 0.7000000000000001
1606949506685334528 : Checking page rotation 2 0.7000000000000001
1606949509147826432 : Checking image 1 crop x1 322
1606949509147964416 : Checking image 1 crop y1 199
1606949509148011776 : Checking image 1 crop x2 2351
1606949509148054016 : Checking image 1 crop y2 3394
1606949511809991424 : Checking image 2 crop x1 135
1606949511810163712 : Checking image 2 crop y1 223
1606949511810211328 : Checking image 2 crop x2 2164
1606949511810255104 : Checking image 2 crop y2 3419
1606949511853232640 : Checking image 1 dpi 300
1606949511853368576 : Checking image 1 border top 177
1606949511853410560 : Checking image 1 border bottom 115
1606949511853447936 : Checking image 1 border left 215
1606949511853484800 : Checking image 1 border right 215
1606949511855885312 : Checking image 2 dpi 300
1606949511855989504 : Checking image 2 border top 191
1606949511856027648 : Checking image 2 border bottom 100
1606949511856063488 : Checking image 2 border left 215
1606949511856099072 : Checking image 2 border right 215

</system-out><system-err>--------------------------------- Captured Err ---------------------------------

</system-err></testcase><testcase classname="tests.test_images" name="test_wrong_split_line_3_png" time="60.980"><system-out>--------------------------------- Captured Log ---------------------------------

--------------------------------- Captured Out ---------------------------------
/home/runner/work/ocr-book/ocr-book/tests/wrong_split_line_3.png
1606949540201294336 : Checking separation double page angle 90.43729500214693
1606949540201406208 : Checking separation double page y=0 2498
1606949549520802560 : Checking page rotation 1 0.30000000000000004
1606949556110522112 : Checking page rotation 2 0.9
1606949558318710528 : Checking image 1 crop x1 331
1606949558318805504 : Checking image 1 crop y1 165
1606949558318834688 : Checking image 1 crop x2 2375
1606949558318863360 : Checking image 1 crop y2 3376
1606949560811528960 : Checking image 2 crop x1 102
1606949560811658496 : Checking image 2 crop y1 208
1606949560811698176 : Checking image 2 crop x2 2133
1606949560811736320 : Checking image 2 crop y2 3413
1606949560848790016 : Checking image 1 dpi 300
1606949560848896000 : Checking image 1 border top 150
1606949560848931840 : Checking image 1 border bottom 126
1606949560848964096 : Checking image 1 border left 208
1606949560848995584 : Checking image 1 border right 208
1606949560851212288 : Checking image 2 dpi 300
1606949560851291648 : Checking image 2 border top 190
1606949560851325952 : Checking image 2 border bottom 92
1606949560851357184 : Checking image 2 border left 214
1606949560851388416 : Checking image 2 border right 214

</system-out><system-err>--------------------------------- Captured Err ---------------------------------

</system-err></testcase><testcase classname="tests.test_images" name="test_wrong_wave_split_line_png" time="88.578"><system-out>--------------------------------- Captured Log ---------------------------------

--------------------------------- Captured Out ---------------------------------
/home/runner/work/ocr-book/ocr-book/tests/wrong_wave_split_line.png
1606949561123675648 : Checking separation double page angle 90.5287860410772
1606949561123776512 : Checking separation double page y=0 2502
1606949572564091392 : Checking page rotation 1 -0.14999999999999147
1606949583049603840 : Checking page rotation 2 0.8500000000000001
1606949593416452096 : Checking image 1 crop x1 385
1606949593416573184 : Checking image 1 crop y1 179
1606949593416611328 : Checking image 1 crop x2 2411
1606949593416645120 : Checking image 1 crop y2 3374
1606949600404288000 : Checking image 2 crop x1 124
1606949600404418816 : Checking image 2 crop y1 58
1606949600404457216 : Checking image 2 crop x2 2410
1606949600404493312 : Checking image 2 crop y2 3392
1606949600455368960 : Checking image 1 dpi 300
1606949600455492352 : Checking image 1 border top 167
1606949600455526400 : Checking image 1 border bottom 124
1606949600455560192 : Checking image 1 border left 217
1606949600455608320 : Checking image 1 border right 217
1606949600457664768 : Checking image 2 dpi 300
1606949600457748992 : Checking image 2 border top 0
1606949600457787392 : Checking image 2 border bottom 163
1606949600457820416 : Checking image 2 border left 92
1606949600457853184 : Checking image 2 border right 92

</system-out><system-err>--------------------------------- Captured Err ---------------------------------

</system-err></testcase><testcase classname="tests.test_images" name="test_no_split_line_line_algo_png" time="54.291"><system-out>--------------------------------- Captured Log ---------------------------------

--------------------------------- Captured Out ---------------------------------
/home/runner/work/ocr-book/ocr-book/tests/no_split_line_line_algo.png
1606949594601397504 : Checking separation double page angle 89.47691469185418
1606949594601508352 : Checking separation double page y=0 2476
1606949600236826112 : Checking page rotation 1 -0.14999999999999147
1606949609446771712 : Checking page rotation 2 -0.44999999999998863
1606949611287464704 : Checking image 1 crop x1 205
1606949611287567616 : Checking image 1 crop y1 158
1606949611287601920 : Checking image 1 crop x2 2320
1606949611287635200 : Checking image 1 crop y2 3366
1606949615100060928 : Checking image 2 crop x1 185
1606949615100180736 : Checking image 2 crop y1 221
1606949615100220160 : Checking image 2 crop x2 2201
1606949615100258560 : Checking image 2 crop y2 3366
1606949615144822016 : Checking image 1 dpi 300
1606949615144941824 : Checking image 1 border top 137
1606949615144980736 : Checking image 1 border bottom 142
1606949615145025280 : Checking image 1 border left 172
1606949615145056512 : Checking image 1 border right 172
1606949615147206656 : Checking image 2 dpi 300
1606949615147288832 : Checking image 2 border top 225
1606949615147322112 : Checking image 2 border bottom 117
1606949615147353344 : Checking image 2 border left 222
1606949615147384576 : Checking image 2 border right 222

</system-out><system-err>--------------------------------- Captured Err ---------------------------------

</system-err></testcase><testcase classname="tests.test_images" name="test_failed_split_line_line_algo_png" time="24.940"><system-out>--------------------------------- Captured Log ---------------------------------

--------------------------------- Captured Out ---------------------------------
/home/runner/work/ocr-book/ocr-book/tests/failed_split_line_line_algo.png
1606949617429171968 : Checking separation double page angle 90.01634220573249
1606949617429262592 : Checking separation double page y=0 2575
1606949620954850304 : Checking page rotation 1 -0.14999999999999147
1606949623240171776 : Checking page rotation 2 0.05
1606949624697183744 : Checking image 1 crop x1 407
1606949624697333248 : Checking image 1 crop y1 2925
1606949624697377536 : Checking image 1 crop x2 2419
1606949624697417472 : Checking image 1 crop y2 3174
1606949625436800768 : Checking image 2 crop x1 1180
1606949625436877824 : Checking image 2 crop y1 1724
1606949625436906752 : Checking image 2 crop x2 1181
1606949625436933376 : Checking image 2 crop y2 1725
1606949625437125632 : Checking image 1 dpi 300
1606949625437206784 : Checking image 1 border top 2930
1606949625437242112 : Checking image 1 border bottom 308
1606949625437275392 : Checking image 1 border left 224
1606949625437308928 : Checking image 1 border right 224
1606949625438575616 : Checking image 2 dpi 300
1606949625438658048 : Checking image 2 border top 1753
1606949625438693376 : Checking image 2 border bottom 1753
1606949625438726400 : Checking image 2 border left 1239
1606949625438759680 : Checking image 2 border right 1239

</system-out><system-err>--------------------------------- Captured Err ---------------------------------

</system-err></testcase><testcase classname="tests.test_images" name="test_failed_split_line_line_algo_2_png" time="71.119"><system-out>--------------------------------- Captured Log ---------------------------------

--------------------------------- Captured Out ---------------------------------
/home/runner/work/ocr-book/ocr-book/tests/failed_split_line_line_algo_2.png
1606949661588601088 : Checking separation double page angle 89.9913422057325
1606949661588713472 : Checking separation double page y=0 2498
1606949671860341760 : Checking page rotation 1 0.0
1606949681111330816 : Checking page rotation 2 0.6000000000000001
1606949683895456256 : Checking image 1 crop x1 272
1606949683895578368 : Checking image 1 crop y1 149
1606949683895617280 : Checking image 1 crop x2 2383
1606949683895655680 : Checking image 1 crop y2 3353
1606949686219498240 : Checking image 2 crop x1 121
1606949686219621632 : Checking image 2 crop y1 155
1606949686219661312 : Checking image 2 crop x2 2244
1606949686219699456 : Checking image 2 crop y2 3350
1606949686263102720 : Checking image 1 dpi 300
1606949686263212800 : Checking image 1 border top 137
1606949686263244032 : Checking image 1 border bottom 146
1606949686263272192 : Checking image 1 border left 174
1606949686263299840 : Checking image 1 border right 174
1606949686265372160 : Checking image 2 dpi 300
1606949686265448192 : Checking image 2 border top 138
1606949686265476864 : Checking image 2 border bottom 154
1606949686265505024 : Checking image 2 border left 168
1606949686265532416 : Checking image 2 border right 168

</system-out><system-err>--------------------------------- Captured Err ---------------------------------

</system-err></testcase><testcase classname="tests.test_images" name="test_crop_too_much_3_png" time="70.554"><system-out>--------------------------------- Captured Log ---------------------------------

--------------------------------- Captured Out ---------------------------------
/home/runner/work/ocr-book/ocr-book/tests/crop_too_much_3.png
1606949667602437376 : Checking separation double page angle 89.55580634783144
1606949667602530048 : Checking separation double page y=0 2499
1606949676031127296 : Checking page rotation 1 -0.9499999999999886
1606949687559637248 : Checking page rotation 2 -0.14999999999999147
1606949691721296128 : Checking image 1 crop x1 373
1606949691721433600 : Checking image 1 crop y1 258
1606949691721480960 : Checking image 1 crop x2 2386
1606949691721523968 : Checking image 1 crop y2 3458
1606949695909860608 : Checking image 2 crop x1 167
1606949695909996032 : Checking image 2 crop y1 228
1606949695910042880 : Checking image 2 crop x2 2180
1606949695910118912 : Checking image 2 crop y2 3417
1606949695959469824 : Checking image 1 dpi 300
1606949695959600384 : Checking image 1 border top 237
1606949695959642112 : Checking image 1 border bottom 50
1606949695959678720 : Checking image 1 border left 223
1606949695959715072 : Checking image 1 border right 223
1606949695961830144 : Checking image 2 dpi 300
1606949695961923328 : Checking image 2 border top 192
1606949695961961728 : Checking image 2 border bottom 106
1606949695961997312 : Checking image 2 border left 223
1606949695962033152 : Checking image 2 border right 223

</system-out><system-err>--------------------------------- Captured Err ---------------------------------

</system-err></testcase><testcase classname="tests.test_images" name="test_wrong_wave_split_line_2_png" time="72.559"><system-out>--------------------------------- Captured Log ---------------------------------

--------------------------------- Captured Out ---------------------------------
/home/runner/work/ocr-book/ocr-book/tests/wrong_wave_split_line_2.png
1606949733024428544 : Checking separation double page angle 90.7708958311329
1606949733024521472 : Checking separation double page y=0 2490
1606949741667752960 : Checking page rotation 1 0.4
1606949752980958720 : Checking page rotation 2 1.8
1606949755657265152 : Checking image 1 crop x1 224
1606949755657386752 : Checking image 1 crop y1 147
1606949755657428992 : Checking image 1 crop x2 2337
1606949755657480192 : Checking image 1 crop y2 3355
1606949758767385088 : Checking image 2 crop x1 107
1606949758767511552 : Checking image 2 crop y1 197
1606949758767563520 : Checking image 2 crop x2 2229
1606949758767601408 : Checking image 2 crop y2 3396
1606949758818356480 : Checking image 1 dpi 300
1606949758818470912 : Checking image 1 border top 126
1606949758818506752 : Checking image 1 border bottom 153
1606949758818539264 : Checking image 1 border left 173
1606949758818570240 : Checking image 1 border right 173
1606949758820848640 : Checking image 2 dpi 300
1606949758820928256 : Checking image 2 border top 170
1606949758820964096 : Checking image 2 border bottom 118
1606949758820997376 : Checking image 2 border left 169
1606949758821031424 : Checking image 2 border right 169

</system-out><system-err>--------------------------------- Captured Err ---------------------------------

</system-err></testcase><testcase classname="tests.test_images" name="test_wrong_wave_split_line_3_png" time="63.252"><system-out>--------------------------------- Captured Log ---------------------------------

--------------------------------- Captured Out ---------------------------------
/home/runner/work/ocr-book/ocr-book/tests/wrong_wave_split_line_3.png
1606949736458327552 : Checking separation double page angle 90.0586735161512
1606949736458426112 : Checking separation double page y=0 2510
1606949745570167296 : Checking page rotation 1 0.1
1606949753576756992 : Checking page rotation 2 0.35000000000000003
1606949756672151296 : Checking image 1 crop x1 272
1606949756672289024 : Checking image 1 crop y1 219
1606949756672335616 : Checking image 1 crop x2 2383
1606949756672377600 : Checking image 1 crop y2 3423
1606949759186692352 : Checking image 2 crop x1 119
1606949759186824704 : Checking image 2 crop y1 226
1606949759186869248 : Checking image 2 crop x2 2240
1606949759186910720 : Checking image 2 crop y2 3413
1606949759226981632 : Checking image 1 dpi 300
1606949759227105792 : Checking image 1 border top 190
1606949759227146752 : Checking image 1 border bottom 93
1606949759227183616 : Checking image 1 border left 174
1606949759227224064 : Checking image 1 border right 174
1606949759229260800 : Checking image 2 dpi 300
1606949759229346816 : Checking image 2 border top 190
1606949759229385216 : Checking image 2 border bottom 110
1606949759229421056 : Checking image 2 border left 169
1606949759229468928 : Checking image 2 border right 169

</system-out><system-err>--------------------------------- Captured Err ---------------------------------

</system-err></testcase><testcase classname="tests.test_images" name="test_no_split_line_wave_algo_png" time="67.487"><system-out>--------------------------------- Captured Log ---------------------------------

--------------------------------- Captured Out ---------------------------------
/home/runner/work/ocr-book/ocr-book/tests/no_split_line_wave_algo.png
1606949794730534912 : Checking separation double page angle 89.93575909193099
1606949794730642432 : Checking separation double page y=0 2482
1606949801111524864 : Checking page rotation 1 0.0
1606949810136650752 : Checking page rotation 2 -0.5499999999999972
1606949819342156032 : Checking image 1 crop x1 97
1606949819342244608 : Checking image 1 crop y1 77
1606949819342297088 : Checking image 1 crop x2 2483
1606949819342332928 : Checking image 1 crop y2 3505
1606949826227611648 : Checking image 2 crop x1 164
1606949826227714560 : Checking image 2 crop y1 266
1606949826227758080 : Checking image 2 crop x2 2241
1606949826227785984 : Checking image 2 crop y2 3382
1606949826269218048 : Checking image 1 dpi 300
1606949826269321216 : Checking image 1 border top 40
1606949826269358336 : Checking image 1 border bottom 40
1606949826269390848 : Checking image 1 border left 47
1606949826269440512 : Checking image 1 border right 47
1606949826271567360 : Checking image 2 dpi 300
1606949826271648768 : Checking image 2 border top 255
1606949826271684352 : Checking image 2 border bottom 116
1606949826271717888 : Checking image 2 border left 191
1606949826271751424 : Checking image 2 border right 191

</system-out><system-err>--------------------------------- Captured Err ---------------------------------

</system-err></testcase><testcase classname="tests.test_images" name="test_no_split_line_wave_algo_2_png" time="56.968"><system-out>--------------------------------- Captured Log ---------------------------------

--------------------------------- Captured Out ---------------------------------
/home/runner/work/ocr-book/ocr-book/tests/no_split_line_wave_algo_2.png
1606949794986626816 : Checking separation double page angle 91.21822795596304
1606949794986729728 : Checking separation double page y=0 2488
1606949802919494656 : Checking page rotation 1 1.1
1606949811109661184 : Checking page rotation 2 0.2
1606949813733051648 : Checking image 1 crop x1 266
1606949813733182208 : Checking image 1 crop y1 210
1606949813733225984 : Checking image 1 crop x2 2342
1606949813733265152 : Checking image 1 crop y2 3413
1606949816159609856 : Checking image 2 crop x1 199
1606949816159747328 : Checking image 2 crop y1 241
1606949816159793408 : Checking image 2 crop x2 2282
1606949816159837440 : Checking image 2 crop y2 3433
1606949816200720640 : Checking image 1 dpi 300
1606949816200836608 : Checking image 1 border top 180
1606949816200874496 : Checking image 1 border bottom 103
1606949816200927744 : Checking image 1 border left 192
1606949816200963584 : Checking image 1 border right 192
1606949816203096576 : Checking image 2 dpi 300
1606949816203185920 : Checking image 2 border top 209
1606949816203223040 : Checking image 2 border bottom 86
1606949816203258624 : Checking image 2 border left 188
1606949816203293952 : Checking image 2 border right 188

</system-out><system-err>--------------------------------- Captured Err ---------------------------------

</system-err></testcase></testsuite></testsuites>