<?xml version="1.0" encoding="utf-8"?><testsuites><testsuite errors="0" failures="0" hostname="travis-job-8761d57e-8665-45ff-a67c-1112b86c6c8f" name="pytest" skipped="0" tests="12" time="715.996" timestamp="2020-10-27T11:15:22.789547"><testcase classname="tests.test_images" name="test_0001_png" time="63.527"><system-out>--------------------------------- Captured Log ---------------------------------

--------------------------------- Captured Out ---------------------------------
/home/travis/build/bansan85/ocr-book/tests/0001.png
1603797353208058829 : Checking separation double page angle 90.53612386503231
1603797353208146619 : Checking separation double page y=0 2484
1603797367237703718 : Checking page rotation 1 0.7000000000000001
1603797384884452617 : Checking page rotation 2 0.2
1603797385703032058 : Checking image 1 crop x1 332
1603797385703132162 : Checking image 1 crop y1 336
1603797385703164828 : Checking image 1 crop x2 2343
1603797385703195491 : Checking image 1 crop y2 3223
1603797386548876717 : Checking image 2 crop x1 170
1603797386548964714 : Checking image 2 crop y1 649
1603797386548997600 : Checking image 2 crop x2 2184
1603797386549027954 : Checking image 2 crop y2 3360
1603797386576186987 : Checking image 1 dpi 300
1603797386576321347 : Checking image 1 border top 325
1603797386576349955 : Checking image 1 border bottom 275
1603797386576374971 : Checking image 1 border left 224
1603797386576399035 : Checking image 1 border right 224
1603797386578297075 : Checking image 2 dpi 300
1603797386578409831 : Checking image 2 border top 672
1603797386578436828 : Checking image 2 border bottom 104
1603797386578460900 : Checking image 2 border left 223
1603797386578484513 : Checking image 2 border right 223

</system-out><system-err>--------------------------------- Captured Err ---------------------------------

</system-err></testcase><testcase classname="tests.test_images" name="test_2_pages_2_contours_png" time="36.260"><system-out>--------------------------------- Captured Log ---------------------------------

--------------------------------- Captured Out ---------------------------------
/home/travis/build/bansan85/ocr-book/tests/2-pages-2-contours.png
1603797408048650510 : Checking separation double page angle 90.31589922976053
1603797408048737749 : Checking separation double page y=0 2488
1603797409991124522 : Checking page rotation 1 0.0
1603797421415425215 : Checking page rotation 2 0.4
1603797422038769686 : Checking image 1 crop x1 1181
1603797422038832591 : Checking image 1 crop y1 1722
1603797422038859225 : Checking image 1 crop x2 1182
1603797422038883925 : Checking image 1 crop y2 1723
1603797422822915270 : Checking image 2 crop x1 114
1603797422823001540 : Checking image 2 crop y1 241
1603797422823034048 : Checking image 2 crop x2 2159
1603797422823064522 : Checking image 2 crop y2 3239
1603797422849806805 : Checking image 1 dpi 300
1603797422849894577 : Checking image 1 border top 1752
1603797422849921163 : Checking image 1 border bottom 1753
1603797422849946033 : Checking image 1 border left 1239
1603797422849970470 : Checking image 1 border right 1239
1603797422851111774 : Checking image 2 dpi 300
1603797422851216385 : Checking image 2 border top 231
1603797422851242716 : Checking image 2 border bottom 258
1603797422851266920 : Checking image 2 border left 207
1603797422851291337 : Checking image 2 border right 207

</system-out><system-err>--------------------------------- Captured Err ---------------------------------

</system-err></testcase><testcase classname="tests.test_images" name="test_black_border_not_removed_png" time="78.508"><system-out>--------------------------------- Captured Log ---------------------------------

--------------------------------- Captured Out ---------------------------------
/home/travis/build/bansan85/ocr-book/tests/black-border-not-removed.png
1603797462509375092 : Checking separation double page angle 90.01632670636354
1603797462509469653 : Checking separation double page y=0 2455
1603797477523299165 : Checking page rotation 1 0.0
1603797499605136975 : Checking page rotation 2 0.0
1603797500446458422 : Checking image 1 crop x1 298
1603797500446553296 : Checking image 1 crop y1 144
1603797500446586365 : Checking image 1 crop x2 2308
1603797500446617599 : Checking image 1 crop y2 3346
1603797501321933570 : Checking image 2 crop x1 158
1603797501322031963 : Checking image 2 crop y1 146
1603797501322064159 : Checking image 2 crop x2 2169
1603797501322094173 : Checking image 2 crop y2 3351
1603797501351004765 : Checking image 1 dpi 300
1603797501351125234 : Checking image 1 border top 129
1603797501351154151 : Checking image 1 border bottom 156
1603797501351179049 : Checking image 1 border left 225
1603797501351203556 : Checking image 1 border right 225
1603797501353172097 : Checking image 2 dpi 300
1603797501353281896 : Checking image 2 border top 131
1603797501353308166 : Checking image 2 border bottom 151
1603797501353332920 : Checking image 2 border left 224
1603797501353357189 : Checking image 2 border right 224

</system-out><system-err>--------------------------------- Captured Err ---------------------------------

</system-err></testcase><testcase classname="tests.test_images" name="test_image_failed_to_rotate_png" time="135.198"><system-out>--------------------------------- Captured Log ---------------------------------

--------------------------------- Captured Out ---------------------------------
/home/travis/build/bansan85/ocr-book/tests/image_failed_to_rotate.png
1603797543208450480 : Checking separation double page angle 90.49464849303612
1603797543208591236 : Checking separation double page y=0 2487
1603797548972099014 : Checking page rotation 1 0.30000000000000004
1603797564178374192 : Checking page rotation 2 0.45
1603797635461239739 : Checking image 1 crop x1 86
1603797635461369492 : Checking image 1 crop y1 6
1603797635461402764 : Checking image 1 crop x2 2456
1603797635461433046 : Checking image 1 crop y2 3483
1603797636435665039 : Checking image 2 crop x1 183
1603797636435767133 : Checking image 2 crop y1 235
1603797636435800325 : Checking image 2 crop x2 2261
1603797636435831673 : Checking image 2 crop y2 3355
1603797636469900587 : Checking image 1 dpi 300
1603797636470026015 : Checking image 1 border top 15
1603797636470054179 : Checking image 1 border bottom 15
1603797636470079045 : Checking image 1 border left 55
1603797636470103135 : Checking image 1 border right 55
1603797636472244073 : Checking image 2 dpi 300
1603797636472372246 : Checking image 2 border top 207
1603797636472399274 : Checking image 2 border bottom 160
1603797636472423936 : Checking image 2 border left 191
1603797636472448572 : Checking image 2 border right 191

</system-out><system-err>--------------------------------- Captured Err ---------------------------------

</system-err></testcase><testcase classname="tests.test_images" name="test_image_failed_to_crop_data_png" time="76.009"><system-out>--------------------------------- Captured Log ---------------------------------

--------------------------------- Captured Out ---------------------------------
/home/travis/build/bansan85/ocr-book/tests/image_failed_to_crop_data.png
1603797667500117822 : Checking separation double page angle 90.16303976362025
1603797667500202238 : Checking separation double page y=0 2485
1603797674474386705 : Checking page rotation 1 0.0
1603797686873496881 : Checking page rotation 2 0.15000000000000002
1603797711657069082 : Checking image 1 crop x1 116
1603797711657168376 : Checking image 1 crop y1 7
1603797711657201219 : Checking image 1 crop x2 2476
1603797711657231123 : Checking image 1 crop y2 3503
1603797712495255845 : Checking image 2 crop x1 164
1603797712495338630 : Checking image 2 crop y1 220
1603797712495372016 : Checking image 2 crop x2 2241
1603797712495403160 : Checking image 2 crop y2 3348
1603797712525303667 : Checking image 1 dpi 300
1603797712525425412 : Checking image 1 border top 5
1603797712525453477 : Checking image 1 border bottom 5
1603797712525477805 : Checking image 1 border left 55
1603797712525502365 : Checking image 1 border right 55
1603797712527678447 : Checking image 2 dpi 300
1603797712527821780 : Checking image 2 border top 212
1603797712527848087 : Checking image 2 border bottom 147
1603797712527872967 : Checking image 2 border left 191
1603797712527897675 : Checking image 2 border right 191

</system-out><system-err>--------------------------------- Captured Err ---------------------------------

</system-err></testcase><testcase classname="tests.test_images" name="test_disabled_enable_debug" time="52.740"><system-out>--------------------------------- Captured Log ---------------------------------

--------------------------------- Captured Out ---------------------------------
/home/travis/build/bansan85/ocr-book/tests/0001_debug.png
separation double page angle 90.53612386503231
separation double page y=0 2484
page rotation 1 0.7000000000000001
page rotation 2 0.2
image 1 crop x1 332
image 1 crop y1 336
image 1 crop x2 2343
image 1 crop y2 3223
image 2 crop x1 170
image 2 crop y1 649
image 2 crop x2 2184
image 2 crop y2 3360
image 1 dpi 300
image 1 border top 325
image 1 border bottom 275
image 1 border left 224
image 1 border right 224
image 2 dpi 300
image 2 border top 672
image 2 border bottom 104
image 2 border left 223
image 2 border right 223

</system-out><system-err>--------------------------------- Captured Err ---------------------------------

</system-err></testcase><testcase classname="tests.test_images" name="test_mock_stop_at_0" time="0.036"><system-out>--------------------------------- Captured Log ---------------------------------

--------------------------------- Captured Out ---------------------------------
/home/travis/build/bansan85/ocr-book/tests/0001_0.png

</system-out><system-err>--------------------------------- Captured Err ---------------------------------

</system-err></testcase><testcase classname="tests.test_images" name="test_mock_stop_at_1" time="27.527"><system-out>--------------------------------- Captured Log ---------------------------------

--------------------------------- Captured Out ---------------------------------
/home/travis/build/bansan85/ocr-book/tests/0001_1.png
separation double page angle 90.53612386503231
separation double page y=0 2484

</system-out><system-err>--------------------------------- Captured Err ---------------------------------

</system-err></testcase><testcase classname="tests.test_images" name="test_mock_stop_at_2" time="59.812"><system-out>--------------------------------- Captured Log ---------------------------------

--------------------------------- Captured Out ---------------------------------
/home/travis/build/bansan85/ocr-book/tests/0001_2.png
separation double page angle 90.53612386503231
separation double page y=0 2484
page rotation 1 0.7000000000000001
page rotation 2 0.2

</system-out><system-err>--------------------------------- Captured Err ---------------------------------

</system-err></testcase><testcase classname="tests.test_images" name="test_mock_stop_at_3" time="61.627"><system-out>--------------------------------- Captured Log ---------------------------------

--------------------------------- Captured Out ---------------------------------
/home/travis/build/bansan85/ocr-book/tests/0001_3.png
separation double page angle 90.53612386503231
separation double page y=0 2484
page rotation 1 0.7000000000000001
page rotation 2 0.2
image 1 crop x1 332
image 1 crop y1 336
image 1 crop x2 2343
image 1 crop y2 3223
image 2 crop x1 170
image 2 crop y1 649
image 2 crop x2 2184
image 2 crop y2 3360

</system-out><system-err>--------------------------------- Captured Err ---------------------------------

</system-err></testcase><testcase classname="tests.test_images" name="test_mock_stop_at_4" time="61.840"><system-out>--------------------------------- Captured Log ---------------------------------

--------------------------------- Captured Out ---------------------------------
/home/travis/build/bansan85/ocr-book/tests/0001_4.png
separation double page angle 90.53612386503231
separation double page y=0 2484
page rotation 1 0.7000000000000001
page rotation 2 0.2
image 1 crop x1 332
image 1 crop y1 336
image 1 crop x2 2343
image 1 crop y2 3223
image 2 crop x1 170
image 2 crop y1 649
image 2 crop x2 2184
image 2 crop y2 3360
image 1 dpi 300
image 1 border top 325
image 1 border bottom 275
image 1 border left 224
image 1 border right 224
image 2 dpi 300
image 2 border top 672
image 2 border bottom 104
image 2 border left 223
image 2 border right 223

</system-out><system-err>--------------------------------- Captured Err ---------------------------------

</system-err></testcase><testcase classname="tests.test_images" name="test_mock_stop_at_5" time="61.625"><system-out>--------------------------------- Captured Log ---------------------------------

--------------------------------- Captured Out ---------------------------------
/home/travis/build/bansan85/ocr-book/tests/0001_5.png
separation double page angle 90.53612386503231
separation double page y=0 2484
page rotation 1 0.7000000000000001
page rotation 2 0.2
image 1 crop x1 332
image 1 crop y1 336
image 1 crop x2 2343
image 1 crop y2 3223
image 2 crop x1 170
image 2 crop y1 649
image 2 crop x2 2184
image 2 crop y2 3360
image 1 dpi 300
image 1 border top 325
image 1 border bottom 275
image 1 border left 224
image 1 border right 224
image 2 dpi 300
image 2 border top 672
image 2 border bottom 104
image 2 border left 223
image 2 border right 223

</system-out><system-err>--------------------------------- Captured Err ---------------------------------

</system-err></testcase></testsuite></testsuites>