<?xml version="1.0" encoding="utf-8"?><testsuites><testsuite errors="0" failures="0" hostname="fv-az18-207" name="pytest" skipped="0" tests="31" time="825.389" timestamp="2020-12-03T08:09:50.346694"><testcase classname="tests.test_features" name="test_mock_stop_at_0" time="0.051"><system-out>--------------------------------- Captured Log ---------------------------------

--------------------------------- Captured Out ---------------------------------
/home/runner/work/ocr-book/ocr-book/tests/0001_0.png

</system-out><system-err>--------------------------------- Captured Err ---------------------------------

</system-err></testcase><testcase classname="tests.test_features" name="test_disabled_enable_debug" time="37.427"><system-out>--------------------------------- Captured Log ---------------------------------

--------------------------------- Captured Out ---------------------------------
/home/runner/work/ocr-book/ocr-book/tests/0001_debug.png
separation double page angle 90.57780420099763
separation double page y=0 2487
page rotation 1 0.75
page rotation 2 0.2
image 1 crop x1 330
image 1 crop y1 336
image 1 crop x2 2343
image 1 crop y2 3223
image 2 crop x1 169
image 2 crop y1 648
image 2 crop x2 2186
image 2 crop y2 3361
image 1 dpi 300
image 1 border top 340
image 1 border bottom 260
image 1 border left 223
image 1 border right 223
image 2 dpi 300
image 2 border top 646
image 2 border bottom 128
image 2 border left 221
image 2 border right 221

</system-out><system-err>--------------------------------- Captured Err ---------------------------------

</system-err></testcase><testcase classname="tests.test_features" name="test_mock_stop_at_2" time="43.547"><system-out>--------------------------------- Captured Log ---------------------------------

--------------------------------- Captured Out ---------------------------------
/home/runner/work/ocr-book/ocr-book/tests/0001_2.png
separation double page angle 90.57780420099763
separation double page y=0 2487
page rotation 1 0.75
page rotation 2 0.2

</system-out><system-err>--------------------------------- Captured Err ---------------------------------

</system-err></testcase><testcase classname="tests.test_features" name="test_mock_stop_at_1" time="29.329"><system-out>--------------------------------- Captured Log ---------------------------------

--------------------------------- Captured Out ---------------------------------
/home/runner/work/ocr-book/ocr-book/tests/0001_1.png
separation double page angle 90.57780420099763
separation double page y=0 2487

</system-out><system-err>--------------------------------- Captured Err ---------------------------------

</system-err></testcase><testcase classname="tests.test_features" name="test_mock_stop_at_4" time="48.232"><system-out>--------------------------------- Captured Log ---------------------------------

--------------------------------- Captured Out ---------------------------------
/home/runner/work/ocr-book/ocr-book/tests/0001_4.png
separation double page angle 90.57780420099763
separation double page y=0 2487
page rotation 1 0.75
page rotation 2 0.2
image 1 crop x1 330
image 1 crop y1 336
image 1 crop x2 2343
image 1 crop y2 3223
image 2 crop x1 169
image 2 crop y1 648
image 2 crop x2 2186
image 2 crop y2 3361
image 1 dpi 300
image 1 border top 340
image 1 border bottom 260
image 1 border left 223
image 1 border right 223
image 2 dpi 300
image 2 border top 646
image 2 border bottom 128
image 2 border left 221
image 2 border right 221

</system-out><system-err>--------------------------------- Captured Err ---------------------------------

</system-err></testcase><testcase classname="tests.test_features" name="test_mock_stop_at_3" time="49.799"><system-out>--------------------------------- Captured Log ---------------------------------

--------------------------------- Captured Out ---------------------------------
/home/runner/work/ocr-book/ocr-book/tests/0001_3.png
separation double page angle 90.57780420099763
separation double page y=0 2487
page rotation 1 0.75
page rotation 2 0.2
image 1 crop x1 330
image 1 crop y1 336
image 1 crop x2 2343
image 1 crop y2 3223
image 2 crop x1 169
image 2 crop y1 648
image 2 crop x2 2186
image 2 crop y2 3361

</system-out><system-err>--------------------------------- Captured Err ---------------------------------

</system-err></testcase><testcase classname="tests.test_images" name="test_0001_png" time="50.822"><system-out>--------------------------------- Captured Log ---------------------------------

--------------------------------- Captured Out ---------------------------------
/home/runner/work/ocr-book/ocr-book/tests/0001.png
1606983113736822016 : Checking separation double page angle 90.57780420099763
1606983113736915968 : Checking separation double page y=0 2487
1606983120374554112 : Checking page rotation 1 0.75
1606983128035953152 : Checking page rotation 2 0.2
1606983131063518208 : Checking image 1 crop x1 330
1606983131063650560 : Checking image 1 crop y1 336
1606983131063694592 : Checking image 1 crop x2 2343
1606983131063733504 : Checking image 1 crop y2 3223
1606983134005049344 : Checking image 2 crop x1 169
1606983134005168128 : Checking image 2 crop y1 648
1606983134005206272 : Checking image 2 crop x2 2186
1606983134005240576 : Checking image 2 crop y2 3361
1606983134037988608 : Checking image 1 dpi 300
1606983134038097920 : Checking image 1 border top 340
1606983134038131456 : Checking image 1 border bottom 260
1606983134038159616 : Checking image 1 border left 223
1606983134038187264 : Checking image 1 border right 223
1606983134040123904 : Checking image 2 dpi 300
1606983134040192000 : Checking image 2 border top 646
1606983134040220928 : Checking image 2 border bottom 128
1606983134040248320 : Checking image 2 border left 221
1606983134040275200 : Checking image 2 border right 221

</system-out><system-err>--------------------------------- Captured Err ---------------------------------

</system-err></testcase><testcase classname="tests.test_features" name="test_mock_stop_at_5" time="49.037"><system-out>--------------------------------- Captured Log ---------------------------------

--------------------------------- Captured Out ---------------------------------
/home/runner/work/ocr-book/ocr-book/tests/0001_5.png
separation double page angle 90.57780420099763
separation double page y=0 2487
page rotation 1 0.75
page rotation 2 0.2
image 1 crop x1 330
image 1 crop y1 336
image 1 crop x2 2343
image 1 crop y2 3223
image 2 crop x1 169
image 2 crop y1 648
image 2 crop x2 2186
image 2 crop y2 3361
image 1 dpi 300
image 1 border top 340
image 1 border bottom 260
image 1 border left 223
image 1 border right 223
image 2 dpi 300
image 2 border top 646
image 2 border bottom 128
image 2 border left 221
image 2 border right 221

</system-out><system-err>--------------------------------- Captured Err ---------------------------------

</system-err></testcase><testcase classname="tests.test_images" name="test_2_pages_2_contours_png" time="32.870"><system-out>--------------------------------- Captured Log ---------------------------------

--------------------------------- Captured Out ---------------------------------
/home/runner/work/ocr-book/ocr-book/tests/2-pages-2-contours.png
1606983154458148096 : Checking separation double page angle 89.91958537671144
1606983154458226944 : Checking separation double page y=0 2492
1606983156639538944 : Checking page rotation 1 0.05
1606983162101365760 : Checking page rotation 2 0.35000000000000003
1606983163065322752 : Checking image 1 crop x1 1191
1606983163065466624 : Checking image 1 crop y1 1733
1606983163065502720 : Checking image 1 crop x2 1192
1606983163065535744 : Checking image 1 crop y2 1734
1606983166890231552 : Checking image 2 crop x1 89
1606983166890358016 : Checking image 2 crop y1 240
1606983166890394368 : Checking image 2 crop x2 2136
1606983166890430464 : Checking image 2 crop y2 3239
1606983166921891584 : Checking image 1 dpi 300
1606983166922006784 : Checking image 1 border top 1752
1606983166922043392 : Checking image 1 border bottom 1753
1606983166922075904 : Checking image 1 border left 1239
1606983166922107136 : Checking image 1 border right 1239
1606983166923469568 : Checking image 2 dpi 300
1606983166923560192 : Checking image 2 border top 231
1606983166923596800 : Checking image 2 border bottom 257
1606983166923630592 : Checking image 2 border left 206
1606983166923664384 : Checking image 2 border right 206

</system-out><system-err>--------------------------------- Captured Err ---------------------------------

</system-err></testcase><testcase classname="tests.test_images" name="test_image_failed_to_crop_data_png" time="55.492"><system-out>--------------------------------- Captured Log ---------------------------------

--------------------------------- Captured Out ---------------------------------
/home/runner/work/ocr-book/ocr-book/tests/image_failed_to_crop_data.png
1606983187043421696 : Checking separation double page angle 89.91538216173362
1606983187043509760 : Checking separation double page y=0 2477
1606983192340822528 : Checking page rotation 1 0.2
1606983197408374528 : Checking page rotation 2 0.0
1606983207686743040 : Checking image 1 crop x1 58
1606983207686877440 : Checking image 1 crop y1 8
1606983207686944000 : Checking image 1 crop x2 2480
1606983207686980864 : Checking image 1 crop y2 3504
1606983212371809280 : Checking image 2 crop x1 159
1606983212371942400 : Checking image 2 crop y1 217
1606983212371984384 : Checking image 2 crop x2 2241
1606983212372023808 : Checking image 2 crop y2 3350
1606983212402243840 : Checking image 1 dpi 300
1606983212402363392 : Checking image 1 border top 6
1606983212402403584 : Checking image 1 border bottom 6
1606983212402436352 : Checking image 1 border left 29
1606983212402468096 : Checking image 1 border right 29
1606983212404713216 : Checking image 2 dpi 300
1606983212404802048 : Checking image 2 border top 225
1606983212404831488 : Checking image 2 border bottom 129
1606983212404859648 : Checking image 2 border left 189
1606983212404887040 : Checking image 2 border right 189

</system-out><system-err>--------------------------------- Captured Err ---------------------------------

</system-err></testcase><testcase classname="tests.test_images" name="test_black_border_not_removed_png" time="57.273"><system-out>--------------------------------- Captured Log ---------------------------------

--------------------------------- Captured Out ---------------------------------
/home/runner/work/ocr-book/ocr-book/tests/black-border-not-removed.png
1606983199970024704 : Checking separation double page angle 90.02895758682553
1606983199970130432 : Checking separation double page y=0 2456
1606983206385853184 : Checking page rotation 1 0.0
1606983215706535424 : Checking page rotation 2 0.0
1606983218832883200 : Checking image 1 crop x1 297
1606983218832977664 : Checking image 1 crop y1 143
1606983218833020160 : Checking image 1 crop x2 2309
1606983218833060352 : Checking image 1 crop y2 3346
1606983224158095616 : Checking image 2 crop x1 157
1606983224158237696 : Checking image 2 crop y1 145
1606983224158283520 : Checking image 2 crop x2 2169
1606983224158327040 : Checking image 2 crop y2 3352
1606983224193547520 : Checking image 1 dpi 300
1606983224193674240 : Checking image 1 border top 130
1606983224193714432 : Checking image 1 border bottom 154
1606983224193749248 : Checking image 1 border left 224
1606983224193783296 : Checking image 1 border right 224
1606983224195932160 : Checking image 2 dpi 300
1606983224196017664 : Checking image 2 border top 139
1606983224196050688 : Checking image 2 border bottom 141
1606983224196082944 : Checking image 2 border left 224
1606983224196113408 : Checking image 2 border right 224

</system-out><system-err>--------------------------------- Captured Err ---------------------------------

</system-err></testcase><testcase classname="tests.test_images" name="test_wrong_angle_split_line_png" time="63.127"><system-out>--------------------------------- Captured Log ---------------------------------

--------------------------------- Captured Out ---------------------------------
/home/runner/work/ocr-book/ocr-book/tests/wrong_angle_split_line.png
1606983243723692544 : Checking separation double page angle 90.04193420006348
1606983243723787776 : Checking separation double page y=0 2477
1606983250908849408 : Checking page rotation 1 0.2
1606983258185485824 : Checking page rotation 2 0.05
1606983269548540672 : Checking image 1 crop x1 61
1606983269548681984 : Checking image 1 crop y1 7
1606983269548721408 : Checking image 1 crop x2 2475
1606983269548756992 : Checking image 1 crop y2 3500
1606983274671506688 : Checking image 2 crop x1 163
1606983274671653888 : Checking image 2 crop y1 218
1606983274671698688 : Checking image 2 crop x2 2243
1606983274671740672 : Checking image 2 crop y2 3350
1606983274840503296 : Checking image 1 dpi 300
1606983274840625664 : Checking image 1 border top 7
1606983274840664064 : Checking image 1 border bottom 7
1606983274840697088 : Checking image 1 border left 33
1606983274840729088 : Checking image 1 border right 33
1606983274847703040 : Checking image 2 dpi 300
1606983274847811840 : Checking image 2 border top 219
1606983274847846144 : Checking image 2 border bottom 136
1606983274847878144 : Checking image 2 border left 190
1606983274847909888 : Checking image 2 border right 190

</system-out><system-err>--------------------------------- Captured Err ---------------------------------

</system-err></testcase><testcase classname="tests.test_images" name="test_image_failed_to_rotate_png" time="55.672"><system-out>--------------------------------- Captured Log ---------------------------------

--------------------------------- Captured Out ---------------------------------
/home/runner/work/ocr-book/ocr-book/tests/image_failed_to_rotate.png
1606983252501641472 : Checking separation double page angle 90.19634423290287
1606983252501752064 : Checking separation double page y=0 2482
1606983257314533120 : Checking page rotation 1 0.35000000000000003
1606983264547898624 : Checking page rotation 2 0.45
1606983274732914688 : Checking image 1 crop x1 34
1606983274733040384 : Checking image 1 crop y1 1
1606983274733079552 : Checking image 1 crop x2 2480
1606983274733116160 : Checking image 1 crop y2 3500
1606983279732971264 : Checking image 2 crop x1 169
1606983279733106432 : Checking image 2 crop y1 234
1606983279733148416 : Checking image 2 crop x2 2248
1606983279733189120 : Checking image 2 crop y2 3355
1606983279771416576 : Checking image 1 dpi 300
1606983279771550208 : Checking image 1 border top 4
1606983279771590144 : Checking image 1 border bottom 4
1606983279771622400 : Checking image 1 border left 17
1606983279771654400 : Checking image 1 border right 17
1606983279773788928 : Checking image 2 dpi 300
1606983279773890304 : Checking image 2 border top 220
1606983279773934080 : Checking image 2 border bottom 146
1606983279773962240 : Checking image 2 border left 190
1606983279773989120 : Checking image 2 border right 190

</system-out><system-err>--------------------------------- Captured Err ---------------------------------

</system-err></testcase><testcase classname="tests.test_images" name="test_angle_page_lower_split_line_png" time="53.029"><system-out>--------------------------------- Captured Log ---------------------------------

--------------------------------- Captured Out ---------------------------------
/home/runner/work/ocr-book/ocr-book/tests/angle_page_lower_split_line.png
1606983310608264192 : Checking separation double page angle 89.75201324945476
1606983310608356352 : Checking separation double page y=0 2473
1606983317941184256 : Checking page rotation 1 -0.44999999999998863
1606983323407345664 : Checking page rotation 2 0.2
1606983325994026752 : Checking image 1 crop x1 245
1606983325994170624 : Checking image 1 crop y1 161
1606983325994215424 : Checking image 1 crop x2 2351
1606983325994257408 : Checking image 1 crop y2 3364
1606983328588687616 : Checking image 2 crop x1 151
1606983328588828160 : Checking image 2 crop y1 147
1606983328588872704 : Checking image 2 crop x2 2258
1606983328588915200 : Checking image 2 crop y2 3350
1606983328627497216 : Checking image 1 dpi 300
1606983328627618560 : Checking image 1 border top 132
1606983328627656448 : Checking image 1 border bottom 152
1606983328627689216 : Checking image 1 border left 177
1606983328627720448 : Checking image 1 border right 177
1606983328629806080 : Checking image 2 dpi 300
1606983328629884160 : Checking image 2 border top 116
1606983328629917184 : Checking image 2 border bottom 168
1606983328629965312 : Checking image 2 border left 176
1606983328629998848 : Checking image 2 border right 176

</system-out><system-err>--------------------------------- Captured Err ---------------------------------

</system-err></testcase><testcase classname="tests.test_images" name="test_crop_too_much_png" time="76.895"><system-out>--------------------------------- Captured Log ---------------------------------

--------------------------------- Captured Out ---------------------------------
/home/runner/work/ocr-book/ocr-book/tests/crop_too_much.png
1606983325658794240 : Checking separation double page angle 90.13239409272953
1606983325658928896 : Checking separation double page y=0 2453
1606983337020417280 : Checking page rotation 1 0.0
1606983348014628864 : Checking page rotation 2 0.45
1606983352835293696 : Checking image 1 crop x1 303
1606983352835416576 : Checking image 1 crop y1 148
1606983352835454208 : Checking image 1 crop x2 2313
1606983352835488512 : Checking image 1 crop y2 3351
1606983356711017216 : Checking image 2 crop x1 170
1606983356711145984 : Checking image 2 crop y1 155
1606983356711182592 : Checking image 2 crop x2 2181
1606983356711218688 : Checking image 2 crop y2 3359
1606983356756603904 : Checking image 1 dpi 300
1606983356756715264 : Checking image 1 border top 131
1606983356756747520 : Checking image 1 border bottom 153
1606983356756775680 : Checking image 1 border left 225
1606983356756804608 : Checking image 1 border right 225
1606983356758861056 : Checking image 2 dpi 300
1606983356758973440 : Checking image 2 border top 139
1606983356759008256 : Checking image 2 border bottom 144
1606983356759040000 : Checking image 2 border left 224
1606983356759071488 : Checking image 2 border right 224

</system-out><system-err>--------------------------------- Captured Err ---------------------------------

</system-err></testcase><testcase classname="tests.test_images" name="test_wrong_split_line_png" time="41.884"><system-out>--------------------------------- Captured Log ---------------------------------

--------------------------------- Captured Out ---------------------------------
/home/runner/work/ocr-book/ocr-book/tests/wrong_split_line.png
1606983354785782272 : Checking separation double page angle 89.85895720607971
1606983354785871872 : Checking separation double page y=0 2463
1606983359507564800 : Checking page rotation 1 -0.14999999999999147
1606983366163688448 : Checking page rotation 2 0.65
1606983368291116800 : Checking image 1 crop x1 213
1606983368291257344 : Checking image 1 crop y1 157
1606983368291299584 : Checking image 1 crop x2 2323
1606983368291339520 : Checking image 1 crop y2 3362
1606983370501683968 : Checking image 2 crop x1 126
1606983370501810944 : Checking image 2 crop y1 167
1606983370501848576 : Checking image 2 crop x2 2237
1606983370501883648 : Checking image 2 crop y2 3372
1606983370533233664 : Checking image 1 dpi 300
1606983370533350400 : Checking image 1 border top 115
1606983370533383936 : Checking image 1 border bottom 167
1606983370533413120 : Checking image 1 border left 175
1606983370533441280 : Checking image 1 border right 175
1606983370535609344 : Checking image 2 dpi 300
1606983370535689472 : Checking image 2 border top 142
1606983370535716096 : Checking image 2 border bottom 140
1606983370535739904 : Checking image 2 border left 174
1606983370535763968 : Checking image 2 border right 174

</system-out><system-err>--------------------------------- Captured Err ---------------------------------

</system-err></testcase><testcase classname="tests.test_images" name="test_crop_too_few_png" time="45.644"><system-out>--------------------------------- Captured Log ---------------------------------

--------------------------------- Captured Out ---------------------------------
/home/runner/work/ocr-book/ocr-book/tests/crop_too_few.png
1606983385252247296 : Checking separation double page angle 89.39669496435833
1606983385252343808 : Checking separation double page y=0 2510
1606983391480889856 : Checking page rotation 1 -0.75
1606983398055220480 : Checking page rotation 2 0.05
1606983400304622592 : Checking image 1 crop x1 265
1606983400304770304 : Checking image 1 crop y1 152
1606983400304811776 : Checking image 1 crop x2 2375
1606983400304851200 : Checking image 1 crop y2 3356
1606983402389509120 : Checking image 2 crop x1 135
1606983402389646336 : Checking image 2 crop y1 141
1606983402389682688 : Checking image 2 crop x2 2261
1606983402389718016 : Checking image 2 crop y2 3345
1606983402422703360 : Checking image 1 dpi 300
1606983402422807808 : Checking image 1 border top 116
1606983402422836224 : Checking image 1 border bottom 167
1606983402422860544 : Checking image 1 border left 175
1606983402422884096 : Checking image 1 border right 175
1606983402424950528 : Checking image 2 dpi 300
1606983402425039616 : Checking image 2 border top 143
1606983402425069056 : Checking image 2 border bottom 140
1606983402425096192 : Checking image 2 border left 167
1606983402425123072 : Checking image 2 border right 167

</system-out><system-err>--------------------------------- Captured Err ---------------------------------

</system-err></testcase><testcase classname="tests.test_images" name="test_wrong_split_line_2_png" time="93.129"><system-out>--------------------------------- Captured Log ---------------------------------

--------------------------------- Captured Out ---------------------------------
/home/runner/work/ocr-book/ocr-book/tests/wrong_split_line_2.png
1606983424361814016 : Checking separation double page angle 90.3838786217729
1606983424361915136 : Checking separation double page y=0 2442
1606983435066449152 : Checking page rotation 1 0.05
1606983445421626624 : Checking page rotation 2 0.4
1606983453090525184 : Checking image 1 crop x1 294
1606983453090654720 : Checking image 1 crop y1 137
1606983453090695936 : Checking image 1 crop x2 2326
1606983453090733056 : Checking image 1 crop y2 3375
1606983463584018944 : Checking image 2 crop x1 146
1606983463584150016 : Checking image 2 crop y1 192
1606983463584192256 : Checking image 2 crop x2 2173
1606983463584230912 : Checking image 2 crop y2 3386
1606983463633097728 : Checking image 1 dpi 300
1606983463633236480 : Checking image 1 border top 125
1606983463633275904 : Checking image 1 border bottom 124
1606983463633311488 : Checking image 1 border left 214
1606983463633346048 : Checking image 1 border right 214
1606983463635618560 : Checking image 2 dpi 300
1606983463635712768 : Checking image 2 border top 184
1606983463635749120 : Checking image 2 border bottom 109
1606983463635783680 : Checking image 2 border left 216
1606983463635817216 : Checking image 2 border right 216

</system-out><system-err>--------------------------------- Captured Err ---------------------------------

</system-err></testcase><testcase classname="tests.test_images" name="test_crop_too_much_2_png" time="76.903"><system-out>--------------------------------- Captured Log ---------------------------------

--------------------------------- Captured Out ---------------------------------
/home/runner/work/ocr-book/ocr-book/tests/crop_too_much_2.png
1606983446226823168 : Checking separation double page angle 90.2021118646249
1606983446226936576 : Checking separation double page y=0 2477
1606983457755528960 : Checking page rotation 1 0.2
1606983470418077184 : Checking page rotation 2 0.2
1606983474324718592 : Checking image 1 crop x1 332
1606983474324823296 : Checking image 1 crop y1 131
1606983474324862464 : Checking image 1 crop x2 2342
1606983474324899584 : Checking image 1 crop y2 3336
1606983479231033088 : Checking image 2 crop x1 168
1606983479231181568 : Checking image 2 crop y1 139
1606983479231227392 : Checking image 2 crop x2 2181
1606983479231271168 : Checking image 2 crop y2 3345
1606983479284153088 : Checking image 1 dpi 300
1606983479284281856 : Checking image 1 border top 116
1606983479284322048 : Checking image 1 border bottom 166
1606983479284356864 : Checking image 1 border left 225
1606983479284390912 : Checking image 1 border right 225
1606983479286514432 : Checking image 2 dpi 300
1606983479286606336 : Checking image 2 border top 133
1606983479286641152 : Checking image 2 border bottom 148
1606983479286674688 : Checking image 2 border left 223
1606983479286708224 : Checking image 2 border right 223

</system-out><system-err>--------------------------------- Captured Err ---------------------------------

</system-err></testcase><testcase classname="tests.test_images" name="test_small_wave_png" time="64.976"><system-out>--------------------------------- Captured Log ---------------------------------

--------------------------------- Captured Out ---------------------------------
/home/runner/work/ocr-book/ocr-book/tests/small_wave.png
1606983506195763456 : Checking separation double page angle 90.61316928841566
1606983506195846656 : Checking separation double page y=0 2495
1606983515124169984 : Checking page rotation 1 0.7000000000000001
1606983524095473920 : Checking page rotation 2 0.7000000000000001
1606983526265845504 : Checking image 1 crop x1 322
1606983526265975808 : Checking image 1 crop y1 199
1606983526266020608 : Checking image 1 crop x2 2351
1606983526266061312 : Checking image 1 crop y2 3394
1606983528570260480 : Checking image 2 crop x1 135
1606983528570381568 : Checking image 2 crop y1 223
1606983528570417664 : Checking image 2 crop x2 2164
1606983528570451968 : Checking image 2 crop y2 3419
1606983528608040192 : Checking image 1 dpi 300
1606983528608160256 : Checking image 1 border top 177
1606983528608196864 : Checking image 1 border bottom 115
1606983528608229632 : Checking image 1 border left 215
1606983528608271872 : Checking image 1 border right 215
1606983528610292224 : Checking image 2 dpi 300
1606983528610391296 : Checking image 2 border top 191
1606983528610425088 : Checking image 2 border bottom 100
1606983528610456576 : Checking image 2 border left 215
1606983528610487808 : Checking image 2 border right 215

</system-out><system-err>--------------------------------- Captured Err ---------------------------------

</system-err></testcase><testcase classname="tests.test_images" name="test_wrong_split_line_3_png" time="56.520"><system-out>--------------------------------- Captured Log ---------------------------------

--------------------------------- Captured Out ---------------------------------
/home/runner/work/ocr-book/ocr-book/tests/wrong_split_line_3.png
1606983516207881216 : Checking separation double page angle 90.43729500214693
1606983516207961856 : Checking separation double page y=0 2498
1606983525223734272 : Checking page rotation 1 0.30000000000000004
1606983531179927040 : Checking page rotation 2 0.9
1606983533280870144 : Checking image 1 crop x1 331
1606983533280990976 : Checking image 1 crop y1 165
1606983533281027584 : Checking image 1 crop x2 2375
1606983533281061888 : Checking image 1 crop y2 3376
1606983535794131456 : Checking image 2 crop x1 102
1606983535794256640 : Checking image 2 crop y1 208
1606983535794293504 : Checking image 2 crop x2 2133
1606983535794328576 : Checking image 2 crop y2 3413
1606983535831763712 : Checking image 1 dpi 300
1606983535831895040 : Checking image 1 border top 150
1606983535831932672 : Checking image 1 border bottom 126
1606983535831965696 : Checking image 1 border left 208
1606983535831997696 : Checking image 1 border right 208
1606983535834472704 : Checking image 2 dpi 300
1606983535834563840 : Checking image 2 border top 190
1606983535834597120 : Checking image 2 border bottom 92
1606983535834629120 : Checking image 2 border left 214
1606983535834660352 : Checking image 2 border right 214

</system-out><system-err>--------------------------------- Captured Err ---------------------------------

</system-err></testcase><testcase classname="tests.test_images" name="test_wrong_wave_split_line_png" time="81.809"><system-out>--------------------------------- Captured Log ---------------------------------

--------------------------------- Captured Out ---------------------------------
/home/runner/work/ocr-book/ocr-book/tests/wrong_wave_split_line.png
1606983575086339840 : Checking separation double page angle 90.5287860410772
1606983575086444032 : Checking separation double page y=0 2502
1606983584850477568 : Checking page rotation 1 -0.14999999999999147
1606983594012986880 : Checking page rotation 2 0.8500000000000001
1606983603872608000 : Checking image 1 crop x1 385
1606983603872725504 : Checking image 1 crop y1 179
1606983603872761856 : Checking image 1 crop x2 2411
1606983603872794112 : Checking image 1 crop y2 3374
1606983610389108480 : Checking image 2 crop x1 124
1606983610389225216 : Checking image 2 crop y1 58
1606983610389261056 : Checking image 2 crop x2 2410
1606983610389295360 : Checking image 2 crop y2 3392
1606983610436695808 : Checking image 1 dpi 300
1606983610436809984 : Checking image 1 border top 167
1606983610436842240 : Checking image 1 border bottom 124
1606983610436870400 : Checking image 1 border left 217
1606983610436897792 : Checking image 1 border right 217
1606983610439924224 : Checking image 2 dpi 300
1606983610440022272 : Checking image 2 border top 0
1606983610440059392 : Checking image 2 border bottom 163
1606983610440090880 : Checking image 2 border left 92
1606983610440121600 : Checking image 2 border right 92

</system-out><system-err>--------------------------------- Captured Err ---------------------------------

</system-err></testcase><testcase classname="tests.test_images" name="test_no_split_line_line_algo_png" time="50.698"><system-out>--------------------------------- Captured Log ---------------------------------

--------------------------------- Captured Out ---------------------------------
/home/runner/work/ocr-book/ocr-book/tests/no_split_line_line_algo.png
1606983567767339264 : Checking separation double page angle 89.47691469185418
1606983567767437056 : Checking separation double page y=0 2476
1606983572197178368 : Checking page rotation 1 -0.14999999999999147
1606983581115369472 : Checking page rotation 2 -0.44999999999998863
1606983582871636992 : Checking image 1 crop x1 205
1606983582871769600 : Checking image 1 crop y1 158
1606983582871811072 : Checking image 1 crop x2 2320
1606983582871852032 : Checking image 1 crop y2 3366
1606983586501698048 : Checking image 2 crop x1 185
1606983586501830144 : Checking image 2 crop y1 221
1606983586501872128 : Checking image 2 crop x2 2201
1606983586501913088 : Checking image 2 crop y2 3366
1606983586543221504 : Checking image 1 dpi 300
1606983586543336960 : Checking image 1 border top 137
1606983586543375872 : Checking image 1 border bottom 142
1606983586543413248 : Checking image 1 border left 172
1606983586543449344 : Checking image 1 border right 172
1606983586545832448 : Checking image 2 dpi 300
1606983586545918464 : Checking image 2 border top 225
1606983586545954816 : Checking image 2 border bottom 117
1606983586545988864 : Checking image 2 border left 222
1606983586546022912 : Checking image 2 border right 222

</system-out><system-err>--------------------------------- Captured Err ---------------------------------

</system-err></testcase><testcase classname="tests.test_images" name="test_failed_split_line_line_algo_2_png" time="64.251"><system-out>--------------------------------- Captured Log ---------------------------------

--------------------------------- Captured Out ---------------------------------
/home/runner/work/ocr-book/ocr-book/tests/failed_split_line_line_algo_2.png
1606983628379937024 : Checking separation double page angle 89.9913422057325
1606983628380045056 : Checking separation double page y=0 2498
1606983637421587200 : Checking page rotation 1 0.0
1606983646116385792 : Checking page rotation 2 0.6000000000000001
1606983648615596288 : Checking image 1 crop x1 272
1606983648633154816 : Checking image 1 crop y1 149
1606983648633204992 : Checking image 1 crop x2 2383
1606983648633247744 : Checking image 1 crop y2 3353
1606983650756332544 : Checking image 2 crop x1 121
1606983650756465664 : Checking image 2 crop y1 155
1606983650756507392 : Checking image 2 crop x2 2244
1606983650756547584 : Checking image 2 crop y2 3350
1606983650795662336 : Checking image 1 dpi 300
1606983650795769856 : Checking image 1 border top 137
1606983650795803648 : Checking image 1 border bottom 146
1606983650795832320 : Checking image 1 border left 174
1606983650795860224 : Checking image 1 border right 174
1606983650798283264 : Checking image 2 dpi 300
1606983650798365184 : Checking image 2 border top 138
1606983650798394624 : Checking image 2 border bottom 154
1606983650798422272 : Checking image 2 border left 168
1606983650798449408 : Checking image 2 border right 168

</system-out><system-err>--------------------------------- Captured Err ---------------------------------

</system-err></testcase><testcase classname="tests.test_images" name="test_failed_split_line_line_algo_png" time="22.217"><system-out>--------------------------------- Captured Log ---------------------------------

--------------------------------- Captured Out ---------------------------------
/home/runner/work/ocr-book/ocr-book/tests/failed_split_line_line_algo.png
1606983625549758464 : Checking separation double page angle 90.01634220573249
1606983625549845248 : Checking separation double page y=0 2575
1606983628547765760 : Checking page rotation 1 -0.14999999999999147
1606983630644204288 : Checking page rotation 2 0.05
1606983631990156288 : Checking image 1 crop x1 407
1606983631990289152 : Checking image 1 crop y1 2925
1606983631990331136 : Checking image 1 crop x2 2419
1606983631990368768 : Checking image 1 crop y2 3174
1606983632696033280 : Checking image 2 crop x1 1180
1606983632696128512 : Checking image 2 crop y1 1724
1606983632696159232 : Checking image 2 crop x2 1181
1606983632696187648 : Checking image 2 crop y2 1725
1606983632696374784 : Checking image 1 dpi 300
1606983632696451072 : Checking image 1 border top 2930
1606983632696482048 : Checking image 1 border bottom 308
1606983632696529664 : Checking image 1 border left 224
1606983632696560640 : Checking image 1 border right 224
1606983632697990400 : Checking image 2 dpi 300
1606983632698060800 : Checking image 2 border top 1753
1606983632698091008 : Checking image 2 border bottom 1753
1606983632698119936 : Checking image 2 border left 1239
1606983632698148352 : Checking image 2 border right 1239

</system-out><system-err>--------------------------------- Captured Err ---------------------------------

</system-err></testcase><testcase classname="tests.test_images" name="test_wrong_wave_split_line_2_png" time="62.052"><system-out>--------------------------------- Captured Log ---------------------------------

--------------------------------- Captured Out ---------------------------------
/home/runner/work/ocr-book/ocr-book/tests/wrong_wave_split_line_2.png
1606983674065701632 : Checking separation double page angle 90.7708958311329
1606983674065795072 : Checking separation double page y=0 2490
1606983680947944192 : Checking page rotation 1 0.4
1606983689444606208 : Checking page rotation 2 1.8
1606983691831190272 : Checking image 1 crop x1 224
1606983691831301376 : Checking image 1 crop y1 147
1606983691831341056 : Checking image 1 crop x2 2337
1606983691831377920 : Checking image 1 crop y2 3355
1606983694666307328 : Checking image 2 crop x1 107
1606983694666418176 : Checking image 2 crop y1 197
1606983694666458112 : Checking image 2 crop x2 2229
1606983694666494976 : Checking image 2 crop y2 3396
1606983694714971392 : Checking image 1 dpi 300
1606983694715083264 : Checking image 1 border top 126
1606983694715133440 : Checking image 1 border bottom 153
1606983694715164928 : Checking image 1 border left 173
1606983694715196160 : Checking image 1 border right 173
1606983694718209280 : Checking image 2 dpi 300
1606983694718296320 : Checking image 2 border top 170
1606983694718329344 : Checking image 2 border bottom 118
1606983694718361600 : Checking image 2 border left 169
1606983694718392320 : Checking image 2 border right 169

</system-out><system-err>--------------------------------- Captured Err ---------------------------------

</system-err></testcase><testcase classname="tests.test_images" name="test_crop_too_much_3_png" time="60.624"><system-out>--------------------------------- Captured Log ---------------------------------

--------------------------------- Captured Out ---------------------------------
/home/runner/work/ocr-book/ocr-book/tests/crop_too_much_3.png
1606983686660392192 : Checking separation double page angle 89.55580634783144
1606983686660491520 : Checking separation double page y=0 2499
1606983693532641536 : Checking page rotation 1 -0.9499999999999886
1606983703973132032 : Checking page rotation 2 -0.14999999999999147
1606983707663255552 : Checking image 1 crop x1 373
1606983707663396096 : Checking image 1 crop y1 258
1606983707663439360 : Checking image 1 crop x2 2386
1606983707663478272 : Checking image 1 crop y2 3458
1606983711360737280 : Checking image 2 crop x1 167
1606983711360870144 : Checking image 2 crop y1 228
1606983711360914432 : Checking image 2 crop x2 2180
1606983711360957952 : Checking image 2 crop y2 3417
1606983711409734400 : Checking image 1 dpi 300
1606983711409861632 : Checking image 1 border top 237
1606983711409902080 : Checking image 1 border bottom 50
1606983711409936640 : Checking image 1 border left 223
1606983711409998336 : Checking image 1 border right 223
1606983711412478720 : Checking image 2 dpi 300
1606983711412580352 : Checking image 2 border top 192
1606983711412616192 : Checking image 2 border bottom 106
1606983711412654336 : Checking image 2 border left 223
1606983711412688128 : Checking image 2 border right 223

</system-out><system-err>--------------------------------- Captured Err ---------------------------------

</system-err></testcase><testcase classname="tests.test_images" name="test_wrong_wave_split_line_3_png" time="55.242"><system-out>--------------------------------- Captured Log ---------------------------------

--------------------------------- Captured Out ---------------------------------
/home/runner/work/ocr-book/ocr-book/tests/wrong_wave_split_line_3.png
1606983730616783616 : Checking separation double page angle 90.0586735161512
1606983730616882176 : Checking separation double page y=0 2510
1606983738327421952 : Checking page rotation 1 0.1
1606983744740634368 : Checking page rotation 2 0.35000000000000003
1606983747517937664 : Checking image 1 crop x1 272
1606983747518076928 : Checking image 1 crop y1 219
1606983747518111232 : Checking image 1 crop x2 2383
1606983747518143744 : Checking image 1 crop y2 3423
1606983749933542144 : Checking image 2 crop x1 119
1606983749933654528 : Checking image 2 crop y1 226
1606983749933693952 : Checking image 2 crop x2 2240
1606983749933731072 : Checking image 2 crop y2 3413
1606983749971422208 : Checking image 1 dpi 300
1606983749971554048 : Checking image 1 border top 190
1606983749971594240 : Checking image 1 border bottom 93
1606983749971638528 : Checking image 1 border left 174
1606983749971670784 : Checking image 1 border right 174
1606983749973761280 : Checking image 2 dpi 300
1606983749973840896 : Checking image 2 border top 190
1606983749973873664 : Checking image 2 border bottom 110
1606983749973908992 : Checking image 2 border left 169
1606983749973939968 : Checking image 2 border right 169

</system-out><system-err>--------------------------------- Captured Err ---------------------------------

</system-err></testcase><testcase classname="tests.test_images" name="test_no_split_line_wave_algo_png" time="59.264"><system-out>--------------------------------- Captured Log ---------------------------------

--------------------------------- Captured Out ---------------------------------
/home/runner/work/ocr-book/ocr-book/tests/no_split_line_wave_algo.png
1606983740884809984 : Checking separation double page angle 89.93575909193099
1606983740884914688 : Checking separation double page y=0 2482
1606983746634235392 : Checking page rotation 1 0.0
1606983754259130880 : Checking page rotation 2 -0.5499999999999972
1606983763542488320 : Checking image 1 crop x1 97
1606983763542576128 : Checking image 1 crop y1 77
1606983763542610944 : Checking image 1 crop x2 2483
1606983763542644224 : Checking image 1 crop y2 3505
1606983770597590272 : Checking image 2 crop x1 164
1606983770597675264 : Checking image 2 crop y1 266
1606983770597714944 : Checking image 2 crop x2 2241
1606983770597751808 : Checking image 2 crop y2 3382
1606983770635129088 : Checking image 1 dpi 300
1606983770635220992 : Checking image 1 border top 40
1606983770635252480 : Checking image 1 border bottom 40
1606983770635280896 : Checking image 1 border left 47
1606983770635308288 : Checking image 1 border right 47
1606983770637395456 : Checking image 2 dpi 300
1606983770637478656 : Checking image 2 border top 255
1606983770637515008 : Checking image 2 border bottom 116
1606983770637558784 : Checking image 2 border left 191
1606983770637589504 : Checking image 2 border right 191

</system-out><system-err>--------------------------------- Captured Err ---------------------------------

</system-err></testcase><testcase classname="tests.test_images" name="test_no_split_line_wave_algo_2_png" time="50.619"><system-out>--------------------------------- Captured Log ---------------------------------

--------------------------------- Captured Out ---------------------------------
/home/runner/work/ocr-book/ocr-book/tests/no_split_line_wave_algo_2.png
1606983782040848640 : Checking separation double page angle 91.21822795596304
1606983782040952832 : Checking separation double page y=0 2488
1606983789582375680 : Checking page rotation 1 1.1
1606983796082192128 : Checking page rotation 2 0.2
1606983798383514624 : Checking image 1 crop x1 266
1606983798383625728 : Checking image 1 crop y1 210
1606983798383665152 : Checking image 1 crop x2 2342
1606983798383702272 : Checking image 1 crop y2 3413
1606983800557190144 : Checking image 2 crop x1 199
1606983800557317888 : Checking image 2 crop y1 241
1606983800557352192 : Checking image 2 crop x2 2282
1606983800557384192 : Checking image 2 crop y2 3433
1606983800594652416 : Checking image 1 dpi 300
1606983800594745088 : Checking image 1 border top 180
1606983800594772224 : Checking image 1 border bottom 103
1606983800594796288 : Checking image 1 border left 192
1606983800594820096 : Checking image 1 border right 192
1606983800597911552 : Checking image 2 dpi 300
1606983800598009088 : Checking image 2 border top 209
1606983800598042624 : Checking image 2 border bottom 86
1606983800598073856 : Checking image 2 border left 188
1606983800598104320 : Checking image 2 border right 188

</system-out><system-err>--------------------------------- Captured Err ---------------------------------

</system-err></testcase><testcase classname="tests.test_images" name="test_crop_too_few_2_png" time="43.339"><system-out>--------------------------------- Captured Log ---------------------------------

--------------------------------- Captured Out ---------------------------------
/home/runner/work/ocr-book/ocr-book/tests/crop_too_few_2.png
1606983799723617024 : Checking separation double page angle 90.25476192320097
1606983799723699712 : Checking separation double page y=0 2531
1606983805067805696 : Checking page rotation 1 1.2000000000000002
1606983809616057088 : Checking page rotation 2 -0.09999999999999432
1606983812332892928 : Checking image 1 crop x1 287
1606983812333027584 : Checking image 1 crop y1 165
1606983812333069312 : Checking image 1 crop x2 2398
1606983812333108480 : Checking image 1 crop y2 3368
1606983814009749248 : Checking image 2 crop x1 145
1606983814009867264 : Checking image 2 crop y1 188
1606983814009903360 : Checking image 2 crop x2 2271
1606983814009938432 : Checking image 2 crop y2 3386
1606983814043729408 : Checking image 1 dpi 300
1606983814043833088 : Checking image 1 border top 157
1606983814043870976 : Checking image 1 border bottom 127
1606983814043904000 : Checking image 1 border left 174
1606983814043935744 : Checking image 1 border right 174
1606983814045957888 : Checking image 2 dpi 300
1606983814046026496 : Checking image 2 border top 177
1606983814046062080 : Checking image 2 border bottom 112
1606983814046089728 : Checking image 2 border left 167
1606983814046117120 : Checking image 2 border right 167

</system-out><system-err>--------------------------------- Captured Err ---------------------------------

</system-err></testcase></testsuite></testsuites>