<?xml version="1.0" encoding="utf-8"?><testsuites><testsuite errors="0" failures="0" hostname="fv-az121-270" name="pytest" skipped="0" tests="32" time="951.687" timestamp="2020-12-06T23:13:06.944316"><testcase classname="tests.test_features" name="test_disabled_enable_debug" time="40.393"><system-out>--------------------------------- Captured Log ---------------------------------

--------------------------------- Captured Out ---------------------------------
/home/runner/work/ocr-book/ocr-book/tests/0001_debug.png
separation double page angle 90.57780420099763
separation double page y=0 2487
page rotation 1 0.75
page rotation 2 0.2
image 1 crop x1 330
image 1 crop y1 336
image 1 crop x2 2343
image 1 crop y2 3223
image 2 crop x1 169
image 2 crop y1 648
image 2 crop x2 2186
image 2 crop y2 3361
image 1 dpi 300
image 1 border top 318
image 1 border bottom 282
image 1 border left 223
image 1 border right 223
image 2 dpi 300
image 2 border top 643
image 2 border bottom 131
image 2 border left 221
image 2 border right 221

</system-out><system-err>--------------------------------- Captured Err ---------------------------------

</system-err></testcase><testcase classname="tests.test_features" name="test_mock_stop_at_0" time="0.052"><system-out>--------------------------------- Captured Log ---------------------------------

--------------------------------- Captured Out ---------------------------------
/home/runner/work/ocr-book/ocr-book/tests/0001_0.png

</system-out><system-err>--------------------------------- Captured Err ---------------------------------

</system-err></testcase><testcase classname="tests.test_features" name="test_mock_stop_at_2" time="46.800"><system-out>--------------------------------- Captured Log ---------------------------------

--------------------------------- Captured Out ---------------------------------
/home/runner/work/ocr-book/ocr-book/tests/0001_2.png
separation double page angle 90.57780420099763
separation double page y=0 2487
page rotation 1 0.75
page rotation 2 0.2

</system-out><system-err>--------------------------------- Captured Err ---------------------------------

</system-err></testcase><testcase classname="tests.test_features" name="test_mock_stop_at_1" time="30.537"><system-out>--------------------------------- Captured Log ---------------------------------

--------------------------------- Captured Out ---------------------------------
/home/runner/work/ocr-book/ocr-book/tests/0001_1.png
separation double page angle 90.57780420099763
separation double page y=0 2487

</system-out><system-err>--------------------------------- Captured Err ---------------------------------

</system-err></testcase><testcase classname="tests.test_features" name="test_mock_stop_at_4" time="51.224"><system-out>--------------------------------- Captured Log ---------------------------------

--------------------------------- Captured Out ---------------------------------
/home/runner/work/ocr-book/ocr-book/tests/0001_4.png
separation double page angle 90.57780420099763
separation double page y=0 2487
page rotation 1 0.75
page rotation 2 0.2
image 1 crop x1 330
image 1 crop y1 336
image 1 crop x2 2343
image 1 crop y2 3223
image 2 crop x1 169
image 2 crop y1 648
image 2 crop x2 2186
image 2 crop y2 3361
image 1 dpi 300
image 1 border top 318
image 1 border bottom 282
image 1 border left 223
image 1 border right 223
image 2 dpi 300
image 2 border top 643
image 2 border bottom 131
image 2 border left 221
image 2 border right 221

</system-out><system-err>--------------------------------- Captured Err ---------------------------------

</system-err></testcase><testcase classname="tests.test_features" name="test_mock_stop_at_3" time="52.010"><system-out>--------------------------------- Captured Log ---------------------------------

--------------------------------- Captured Out ---------------------------------
/home/runner/work/ocr-book/ocr-book/tests/0001_3.png
separation double page angle 90.57780420099763
separation double page y=0 2487
page rotation 1 0.75
page rotation 2 0.2
image 1 crop x1 330
image 1 crop y1 336
image 1 crop x2 2343
image 1 crop y2 3223
image 2 crop x1 169
image 2 crop y1 648
image 2 crop x2 2186
image 2 crop y2 3361

</system-out><system-err>--------------------------------- Captured Err ---------------------------------

</system-err></testcase><testcase classname="tests.test_images" name="test_0001_png" time="51.687"><system-out>--------------------------------- Captured Log ---------------------------------

--------------------------------- Captured Out ---------------------------------
/home/runner/work/ocr-book/ocr-book/tests/0001.png
1607296516419974390 : Checking separation double page angle 90.57780420099763
1607296516420075796 : Checking separation double page y=0 2487
1607296522998565332 : Checking page rotation 1 0.75
1607296530640485982 : Checking page rotation 2 0.2
1607296534327452644 : Checking image 1 crop x1 330
1607296534327571250 : Checking image 1 crop y1 336
1607296534327607652 : Checking image 1 crop x2 2343
1607296534327641453 : Checking image 1 crop y2 3223
1607296537692883987 : Checking image 2 crop x1 169
1607296537693001893 : Checking image 2 crop y1 648
1607296537693042995 : Checking image 2 crop x2 2186
1607296537693089097 : Checking image 2 crop y2 3361
1607296537727135588 : Checking image 1 dpi 300
1607296537727252394 : Checking image 1 border top 318
1607296537727289896 : Checking image 1 border bottom 282
1607296537727324298 : Checking image 1 border left 223
1607296537727357499 : Checking image 1 border right 223
1607296537729751818 : Checking image 2 dpi 300
1607296537729831722 : Checking image 2 border top 643
1607296537729863524 : Checking image 2 border bottom 131
1607296537729893725 : Checking image 2 border left 221
1607296537729923827 : Checking image 2 border right 221

</system-out><system-err>--------------------------------- Captured Err ---------------------------------

</system-err></testcase><testcase classname="tests.test_features" name="test_mock_stop_at_5" time="51.155"><system-out>--------------------------------- Captured Log ---------------------------------

--------------------------------- Captured Out ---------------------------------
/home/runner/work/ocr-book/ocr-book/tests/0001_5.png
separation double page angle 90.57780420099763
separation double page y=0 2487
page rotation 1 0.75
page rotation 2 0.2
image 1 crop x1 330
image 1 crop y1 336
image 1 crop x2 2343
image 1 crop y2 3223
image 2 crop x1 169
image 2 crop y1 648
image 2 crop x2 2186
image 2 crop y2 3361
image 1 dpi 300
image 1 border top 318
image 1 border bottom 282
image 1 border left 223
image 1 border right 223
image 2 dpi 300
image 2 border top 643
image 2 border bottom 131
image 2 border left 221
image 2 border right 221

</system-out><system-err>--------------------------------- Captured Err ---------------------------------

</system-err></testcase><testcase classname="tests.test_images" name="test_2_pages_2_contours_png" time="34.347"><system-out>--------------------------------- Captured Log ---------------------------------

--------------------------------- Captured Out ---------------------------------
/home/runner/work/ocr-book/ocr-book/tests/2-pages-2-contours.png
1607296558938189498 : Checking separation double page angle 89.91958537671144
1607296558938279502 : Checking separation double page y=0 2492
1607296561175121383 : Checking page rotation 1 0.05
1607296566907857076 : Checking page rotation 2 0.35000000000000003
1607296568447807250 : Checking image 1 crop x1 1189
1607296568447917355 : Checking image 1 crop y1 1748
1607296568447953756 : Checking image 1 crop x2 1190
1607296568447986258 : Checking image 1 crop y2 1749
1607296572046707881 : Checking image 2 crop x1 89
1607296572046824986 : Checking image 2 crop y1 240
1607296572046860888 : Checking image 2 crop x2 2136
1607296572046894989 : Checking image 2 crop y2 3239
1607296572082215684 : Checking image 1 dpi 300
1607296572082345390 : Checking image 1 border top 1753
1607296572082382492 : Checking image 1 border bottom 1753
1607296572082415893 : Checking image 1 border left 1239
1607296572082448995 : Checking image 1 border right 1239
1607296572084224675 : Checking image 2 dpi 300
1607296572084311379 : Checking image 2 border top 227
1607296572084343980 : Checking image 2 border bottom 261
1607296572084377782 : Checking image 2 border left 206
1607296572084407683 : Checking image 2 border right 206

</system-out><system-err>--------------------------------- Captured Err ---------------------------------

</system-err></testcase><testcase classname="tests.test_images" name="test_angle_page_lower_split_line_png" time="54.885"><system-out>--------------------------------- Captured Log ---------------------------------

--------------------------------- Captured Out ---------------------------------
/home/runner/work/ocr-book/ocr-book/tests/angle_page_lower_split_line.png
1607296597351269766 : Checking separation double page angle 89.75201324945476
1607296597351372370 : Checking separation double page y=0 2473
1607296604441539420 : Checking page rotation 1 -0.44999999999998863
1607296610890162518 : Checking page rotation 2 0.2
1607296613943794530 : Checking image 1 crop x1 245
1607296613943930436 : Checking image 1 crop y1 161
1607296613943969737 : Checking image 1 crop x2 2351
1607296613944007039 : Checking image 1 crop y2 3364
1607296616892144072 : Checking image 2 crop x1 151
1607296616892263377 : Checking image 2 crop y1 147
1607296616892295678 : Checking image 2 crop x2 2258
1607296616892326080 : Checking image 2 crop y2 3350
1607296616927940539 : Checking image 1 dpi 300
1607296616928059643 : Checking image 1 border top 141
1607296616928096245 : Checking image 1 border bottom 143
1607296616928128646 : Checking image 1 border left 177
1607296616928160548 : Checking image 1 border right 177
1607296616930824457 : Checking image 2 dpi 300
1607296616930912860 : Checking image 2 border top 129
1607296616930947162 : Checking image 2 border bottom 155
1607296616930978463 : Checking image 2 border left 176
1607296616931010064 : Checking image 2 border right 176

</system-out><system-err>--------------------------------- Captured Err ---------------------------------

</system-err></testcase><testcase classname="tests.test_images" name="test_black_border_not_removed_png" time="58.703"><system-out>--------------------------------- Captured Log ---------------------------------

--------------------------------- Captured Out ---------------------------------
/home/runner/work/ocr-book/ocr-book/tests/black-border-not-removed.png
1607296605845712879 : Checking separation double page angle 90.02895758682553
1607296605845801683 : Checking separation double page y=0 2456
1607296612710767394 : Checking page rotation 1 0.0
1607296622147407324 : Checking page rotation 2 0.0
1607296625781850721 : Checking image 1 crop x1 297
1607296625781976026 : Checking image 1 crop y1 143
1607296625782015727 : Checking image 1 crop x2 2309
1607296625782050529 : Checking image 1 crop y2 3346
1607296630745858247 : Checking image 2 crop x1 157
1607296630745968651 : Checking image 2 crop y1 145
1607296630746000653 : Checking image 2 crop x2 2169
1607296630746031954 : Checking image 2 crop y2 3352
1607296630781099254 : Checking image 1 dpi 300
1607296630781219658 : Checking image 1 border top 127
1607296630781254760 : Checking image 1 border bottom 157
1607296630781286661 : Checking image 1 border left 224
1607296630781318162 : Checking image 1 border right 224
1607296630783470848 : Checking image 2 dpi 300
1607296630783553052 : Checking image 2 border top 133
1607296630783585753 : Checking image 2 border bottom 147
1607296630783616354 : Checking image 2 border left 224
1607296630783647555 : Checking image 2 border right 224

</system-out><system-err>--------------------------------- Captured Err ---------------------------------

</system-err></testcase><testcase classname="tests.test_images" name="test_wrong_split_line_png" time="42.063"><system-out>--------------------------------- Captured Log ---------------------------------

--------------------------------- Captured Out ---------------------------------
/home/runner/work/ocr-book/ocr-book/tests/wrong_split_line.png
1607296643249221879 : Checking separation double page angle 89.85895720607971
1607296643249313782 : Checking separation double page y=0 2463
1607296648377087867 : Checking page rotation 1 -0.14999999999999147
1607296654118928404 : Checking page rotation 2 0.65
1607296656458523919 : Checking image 1 crop x1 213
1607296656458646123 : Checking image 1 crop y1 157
1607296656458682325 : Checking image 1 crop x2 2323
1607296656458717326 : Checking image 1 crop y2 3362
1607296658965003984 : Checking image 2 crop x1 126
1607296658965129088 : Checking image 2 crop y1 167
1607296658965165890 : Checking image 2 crop x2 2237
1607296658965200991 : Checking image 2 crop y2 3372
1607296659000690044 : Checking image 1 dpi 300
1607296659000803748 : Checking image 1 border top 135
1607296659000842850 : Checking image 1 border bottom 147
1607296659000878051 : Checking image 1 border left 175
1607296659000911752 : Checking image 1 border right 175
1607296659003546253 : Checking image 2 dpi 300
1607296659003632956 : Checking image 2 border top 139
1607296659003669557 : Checking image 2 border bottom 143
1607296659003703259 : Checking image 2 border left 174
1607296659003737160 : Checking image 2 border right 174

</system-out><system-err>--------------------------------- Captured Err ---------------------------------

</system-err></testcase><testcase classname="tests.test_images" name="test_image_failed_to_rotate_png" time="57.948"><system-out>--------------------------------- Captured Log ---------------------------------

--------------------------------- Captured Out ---------------------------------
/home/runner/work/ocr-book/ocr-book/tests/image_failed_to_rotate.png
1607296659651300508 : Checking separation double page angle 90.19634423290287
1607296659651393111 : Checking separation double page y=0 2482
1607296664630682996 : Checking page rotation 1 0.35000000000000003
1607296672440522792 : Checking page rotation 2 0.45
1607296683197508617 : Checking image 1 crop x1 34
1607296683197624921 : Checking image 1 crop y1 1
1607296683197665823 : Checking image 1 crop x2 2480
1607296683197702524 : Checking image 1 crop y2 3500
1607296688579739286 : Checking image 2 crop x1 169
1607296688579868290 : Checking image 2 crop y1 234
1607296688579907492 : Checking image 2 crop x2 2248
1607296688579944493 : Checking image 2 crop y2 3355
1607296688627801444 : Checking image 1 dpi 300
1607296688627921148 : Checking image 1 border top 4
1607296688627957450 : Checking image 1 border bottom 4
1607296688627988451 : Checking image 1 border left 17
1607296688628018752 : Checking image 1 border right 17
1607296688630190931 : Checking image 2 dpi 300
1607296688630280535 : Checking image 2 border top 221
1607296688630313236 : Checking image 2 border bottom 145
1607296688630343437 : Checking image 2 border left 190
1607296688630373838 : Checking image 2 border right 190

</system-out><system-err>--------------------------------- Captured Err ---------------------------------

</system-err></testcase><testcase classname="tests.test_images" name="test_crop_too_much_png" time="75.135"><system-out>--------------------------------- Captured Log ---------------------------------

--------------------------------- Captured Out ---------------------------------
/home/runner/work/ocr-book/ocr-book/tests/crop_too_much.png
1607296704468026469 : Checking separation double page angle 90.13239409272953
1607296704468122972 : Checking separation double page y=0 2453
1607296714644673384 : Checking page rotation 1 0.0
1607296725461981094 : Checking page rotation 2 0.45
1607296729878037530 : Checking image 1 crop x1 303
1607296729878186236 : Checking image 1 crop y1 148
1607296729878226537 : Checking image 1 crop x2 2313
1607296729878259838 : Checking image 1 crop y2 3351
1607296734071306163 : Checking image 2 crop x1 170
1607296734071435867 : Checking image 2 crop y1 155
1607296734071472668 : Checking image 2 crop x2 2181
1607296734071507470 : Checking image 2 crop y2 3359
1607296734120808087 : Checking image 1 dpi 300
1607296734120918291 : Checking image 1 border top 131
1607296734120954092 : Checking image 1 border bottom 153
1607296734120986493 : Checking image 1 border left 225
1607296734121018195 : Checking image 1 border right 225
1607296734123560983 : Checking image 2 dpi 300
1607296734123648086 : Checking image 2 border top 133
1607296734123681287 : Checking image 2 border bottom 150
1607296734123712788 : Checking image 2 border left 224
1607296734123744089 : Checking image 2 border right 224

</system-out><system-err>--------------------------------- Captured Err ---------------------------------

</system-err></testcase><testcase classname="tests.test_images" name="test_image_failed_to_crop_data_png" time="56.350"><system-out>--------------------------------- Captured Log ---------------------------------

--------------------------------- Captured Out ---------------------------------
/home/runner/work/ocr-book/ocr-book/tests/image_failed_to_crop_data.png
1607296717368555495 : Checking separation double page angle 89.91538216173362
1607296717368648298 : Checking separation double page y=0 2477
1607296723213577111 : Checking page rotation 1 0.2
1607296728758837650 : Checking page rotation 2 0.0
1607296740216940569 : Checking image 1 crop x1 58
1607296740217067874 : Checking image 1 crop y1 8
1607296740217109275 : Checking image 1 crop x2 2480
1607296740217146176 : Checking image 1 crop y2 3504
1607296744982028508 : Checking image 2 crop x1 159
1607296744982146412 : Checking image 2 crop y1 217
1607296744982209614 : Checking image 2 crop x2 2241
1607296744982244415 : Checking image 2 crop y2 3350
1607296745015634868 : Checking image 1 dpi 300
1607296745015748272 : Checking image 1 border top 6
1607296745015782173 : Checking image 1 border bottom 6
1607296745015809474 : Checking image 1 border left 29
1607296745015836275 : Checking image 1 border right 29
1607296745018159055 : Checking image 2 dpi 300
1607296745018282859 : Checking image 2 border top 206
1607296745018312660 : Checking image 2 border bottom 148
1607296745018339361 : Checking image 2 border left 189
1607296745018366262 : Checking image 2 border right 189

</system-out><system-err>--------------------------------- Captured Err ---------------------------------

</system-err></testcase><testcase classname="tests.test_images" name="test_crop_too_few_png" time="45.990"><system-out>--------------------------------- Captured Log ---------------------------------

--------------------------------- Captured Out ---------------------------------
/home/runner/work/ocr-book/ocr-book/tests/crop_too_few.png
1607296763295528183 : Checking separation double page angle 89.39669496435833
1607296763295620486 : Checking separation double page y=0 2510
1607296768957405142 : Checking page rotation 1 -0.75
1607296774571777821 : Checking page rotation 2 0.05
1607296777363303760 : Checking image 1 crop x1 265
1607296777363436464 : Checking image 1 crop y1 152
1607296777363473365 : Checking image 1 crop x2 2375
1607296777363506366 : Checking image 1 crop y2 3356
1607296780091659800 : Checking image 2 crop x1 135
1607296780091787104 : Checking image 2 crop y1 141
1607296780091823405 : Checking image 2 crop x2 2261
1607296780091858406 : Checking image 2 crop y2 3345
1607296780133053391 : Checking image 1 dpi 300
1607296780133175196 : Checking image 1 border top 134
1607296780133213897 : Checking image 1 border bottom 149
1607296780133248498 : Checking image 1 border left 175
1607296780133282699 : Checking image 1 border right 175
1607296780135992890 : Checking image 2 dpi 300
1607296780136087393 : Checking image 2 border top 129
1607296780136125895 : Checking image 2 border bottom 154
1607296780136159996 : Checking image 2 border left 167
1607296780136193997 : Checking image 2 border right 167

</system-out><system-err>--------------------------------- Captured Err ---------------------------------

</system-err></testcase><testcase classname="tests.test_images" name="test_wrong_angle_split_line_png" time="65.941"><system-out>--------------------------------- Captured Log ---------------------------------

--------------------------------- Captured Out ---------------------------------
/home/runner/work/ocr-book/ocr-book/tests/wrong_angle_split_line.png
1607296777379826216 : Checking separation double page angle 90.04193420006348
1607296777379910619 : Checking separation double page y=0 2477
1607296784746232398 : Checking page rotation 1 0.2
1607296793112697494 : Checking page rotation 2 0.2
1607296804936126440 : Checking image 1 crop x1 61
1607296804936254244 : Checking image 1 crop y1 7
1607296804936306846 : Checking image 1 crop x2 2475
1607296804936341147 : Checking image 1 crop y2 3500
1607296810109515806 : Checking image 2 crop x1 165
1607296810109643010 : Checking image 2 crop y1 219
1607296810109682712 : Checking image 2 crop x2 2241
1607296810109719813 : Checking image 2 crop y2 3348
1607296810291136806 : Checking image 1 dpi 300
1607296810291267110 : Checking image 1 border top 7
1607296810291307011 : Checking image 1 border bottom 7
1607296810291340912 : Checking image 1 border left 33
1607296810291374914 : Checking image 1 border right 33
1607296810298541850 : Checking image 2 dpi 300
1607296810298647454 : Checking image 2 border top 207
1607296810298680355 : Checking image 2 border bottom 151
1607296810298711256 : Checking image 2 border left 192
1607296810298741657 : Checking image 2 border right 192

</system-out><system-err>--------------------------------- Captured Err ---------------------------------

</system-err></testcase><testcase classname="tests.test_images" name="test_crop_too_much_2_png" time="78.822"><system-out>--------------------------------- Captured Log ---------------------------------

--------------------------------- Captured Out ---------------------------------
/home/runner/work/ocr-book/ocr-book/tests/crop_too_much_2.png
1607296824947706414 : Checking separation double page angle 90.2021118646249
1607296824947802617 : Checking separation double page y=0 2477
1607296837187083187 : Checking page rotation 1 0.2
1607296849173166026 : Checking page rotation 2 0.2
1607296853406356993 : Checking image 1 crop x1 332
1607296853406493697 : Checking image 1 crop y1 131
1607296853406533699 : Checking image 1 crop x2 2342
1607296853406569400 : Checking image 1 crop y2 3336
1607296858878633311 : Checking image 2 crop x1 168
1607296858878765816 : Checking image 2 crop y1 139
1607296858878802517 : Checking image 2 crop x2 2181
1607296858878837018 : Checking image 2 crop y2 3345
1607296858931118109 : Checking image 1 dpi 300
1607296858931239913 : Checking image 1 border top 118
1607296858931276214 : Checking image 1 border bottom 164
1607296858931309215 : Checking image 1 border left 225
1607296858931341216 : Checking image 1 border right 225
1607296858933402883 : Checking image 2 dpi 300
1607296858933478785 : Checking image 2 border top 127
1607296858933507686 : Checking image 2 border bottom 154
1607296858933535487 : Checking image 2 border left 223
1607296858933563088 : Checking image 2 border right 223

</system-out><system-err>--------------------------------- Captured Err ---------------------------------

</system-err></testcase><testcase classname="tests.test_images" name="test_small_wave_png" time="66.754"><system-out>--------------------------------- Captured Log ---------------------------------

--------------------------------- Captured Out ---------------------------------
/home/runner/work/ocr-book/ocr-book/tests/small_wave.png
1607296853035475977 : Checking separation double page angle 90.61316928841566
1607296853035657283 : Checking separation double page y=0 2495
1607296862459765225 : Checking page rotation 1 0.7000000000000001
1607296872021483371 : Checking page rotation 2 0.7000000000000001
1607296874742822816 : Checking image 1 crop x1 322
1607296874742951320 : Checking image 1 crop y1 199
1607296874742989921 : Checking image 1 crop x2 2351
1607296874743024223 : Checking image 1 crop y2 3394
1607296877729197299 : Checking image 2 crop x1 135
1607296877729317303 : Checking image 2 crop y1 223
1607296877729353404 : Checking image 2 crop x2 2164
1607296877729387205 : Checking image 2 crop y2 3419
1607296877769729801 : Checking image 1 dpi 300
1607296877769844605 : Checking image 1 border top 178
1607296877769879406 : Checking image 1 border bottom 114
1607296877769910607 : Checking image 1 border left 215
1607296877769941108 : Checking image 1 border right 215
1607296877772383487 : Checking image 2 dpi 300
1607296877772482990 : Checking image 2 border top 196
1607296877772523991 : Checking image 2 border bottom 95
1607296877772551092 : Checking image 2 border left 215
1607296877772577993 : Checking image 2 border right 215

</system-out><system-err>--------------------------------- Captured Err ---------------------------------

</system-err></testcase><testcase classname="tests.test_images" name="test_wrong_split_line_2_png" time="95.438"><system-out>--------------------------------- Captured Log ---------------------------------

--------------------------------- Captured Out ---------------------------------
/home/runner/work/ocr-book/ocr-book/tests/wrong_split_line_2.png
1607296914519802576 : Checking separation double page angle 90.3838786217729
1607296914519891183 : Checking separation double page y=0 2442
1607296925660123092 : Checking page rotation 1 0.05
1607296937373198019 : Checking page rotation 2 0.4
1607296944260722653 : Checking image 1 crop x1 294
1607296944260852162 : Checking image 1 crop y1 137
1607296944260888465 : Checking image 1 crop x2 2326
1607296944260921367 : Checking image 1 crop y2 3375
1607296954324987831 : Checking image 2 crop x1 146
1607296954325121941 : Checking image 2 crop y1 192
1607296954325158344 : Checking image 2 crop x2 2173
1607296954325192546 : Checking image 2 crop y2 3386
1607296954374710568 : Checking image 1 dpi 300
1607296954374837577 : Checking image 1 border top 124
1607296954374875780 : Checking image 1 border bottom 124
1607296954374910382 : Checking image 1 border left 214
1607296954374944485 : Checking image 1 border right 214
1607296954377613680 : Checking image 2 dpi 300
1607296954377703587 : Checking image 2 border top 185
1607296954377739489 : Checking image 2 border bottom 108
1607296954377773292 : Checking image 2 border left 216
1607296954377806794 : Checking image 2 border right 216

</system-out><system-err>--------------------------------- Captured Err ---------------------------------

</system-err></testcase><testcase classname="tests.test_images" name="test_wrong_split_line_3_png" time="61.226"><system-out>--------------------------------- Captured Log ---------------------------------

--------------------------------- Captured Out ---------------------------------
/home/runner/work/ocr-book/ocr-book/tests/wrong_split_line_3.png
1607296915656802590 : Checking separation double page angle 90.43729500214693
1607296915656891797 : Checking separation double page y=0 2498
1607296925643828829 : Checking page rotation 1 0.30000000000000004
1607296933144165600 : Checking page rotation 2 0.9
1607296936153718025 : Checking image 1 crop x1 331
1607296936153836333 : Checking image 1 crop y1 165
1607296936153871836 : Checking image 1 crop x2 2375
1607296936153922640 : Checking image 1 crop y2 3376
1607296938970150595 : Checking image 2 crop x1 102
1607296938970297806 : Checking image 2 crop y1 208
1607296938970337409 : Checking image 2 crop x2 2133
1607296938970375112 : Checking image 2 crop y2 3413
1607296939011243196 : Checking image 1 dpi 300
1607296939011350504 : Checking image 1 border top 148
1607296939011385707 : Checking image 1 border bottom 128
1607296939011417009 : Checking image 1 border left 208
1607296939011447612 : Checking image 1 border right 208
1607296939013674279 : Checking image 2 dpi 300
1607296939013756686 : Checking image 2 border top 191
1607296939013791488 : Checking image 2 border bottom 91
1607296939013824491 : Checking image 2 border left 214
1607296939013857293 : Checking image 2 border right 214

</system-out><system-err>--------------------------------- Captured Err ---------------------------------

</system-err></testcase><testcase classname="tests.test_images" name="test_no_split_line_line_algo_png" time="51.906"><system-out>--------------------------------- Captured Log ---------------------------------

--------------------------------- Captured Out ---------------------------------
/home/runner/work/ocr-book/ocr-book/tests/no_split_line_line_algo.png
1607296969971628418 : Checking separation double page angle 89.47691469185418
1607296969971715924 : Checking separation double page y=0 2476
1607296975189661751 : Checking page rotation 1 -0.14999999999999147
1607296984857204079 : Checking page rotation 2 -0.44999999999998863
1607296987307963552 : Checking image 1 crop x1 205
1607296987308071160 : Checking image 1 crop y1 158
1607296987308103162 : Checking image 1 crop x2 2320
1607296987308132964 : Checking image 1 crop y2 3366
1607296990889175228 : Checking image 2 crop x1 185
1607296990889292536 : Checking image 2 crop y1 221
1607296990889328939 : Checking image 2 crop x2 2201
1607296990889363441 : Checking image 2 crop y2 3366
1607296990933315544 : Checking image 1 dpi 300
1607296990933430351 : Checking image 1 border top 141
1607296990933467754 : Checking image 1 border bottom 138
1607296990933501856 : Checking image 1 border left 172
1607296990933535259 : Checking image 1 border right 172
1607296990935908121 : Checking image 2 dpi 300
1607296990936010228 : Checking image 2 border top 215
1607296990936042930 : Checking image 2 border bottom 127
1607296990936073532 : Checking image 2 border left 222
1607296990936103734 : Checking image 2 border right 222

</system-out><system-err>--------------------------------- Captured Err ---------------------------------

</system-err></testcase><testcase classname="tests.test_images" name="test_wrong_wave_split_line_png" time="93.038"><system-out>--------------------------------- Captured Log ---------------------------------

--------------------------------- Captured Out ---------------------------------
/home/runner/work/ocr-book/ocr-book/tests/wrong_wave_split_line.png
1607296999828010004 : Checking separation double page angle 90.5287860410772
1607296999828108111 : Checking separation double page y=0 2502
1607297010183720234 : Checking page rotation 1 -0.14999999999999147
1607297021515452441 : Checking page rotation 2 0.8500000000000001
1607297030642366424 : Checking image 1 crop x1 385
1607297030642504032 : Checking image 1 crop y1 179
1607297030642542835 : Checking image 1 crop x2 2411
1607297030642577737 : Checking image 1 crop y2 3374
1607297047357120215 : Checking image 2 crop x1 27
1607297047357252023 : Checking image 2 crop y1 1
1607297047357292626 : Checking image 2 crop x2 2489
1607297047357329728 : Checking image 2 crop y2 3505
1607297047418812736 : Checking image 1 dpi 300
1607297047418937944 : Checking image 1 border top 169
1607297047418977147 : Checking image 1 border bottom 123
1607297047419011549 : Checking image 1 border left 217
1607297047419046251 : Checking image 1 border right 217
1607297047420845462 : Checking image 2 dpi 300
1607297047420933968 : Checking image 2 border top 2
1607297047420973270 : Checking image 2 border bottom 2
1607297047421007272 : Checking image 2 border left 9
1607297047421044275 : Checking image 2 border right 9

</system-out><system-err>--------------------------------- Captured Err ---------------------------------

</system-err></testcase><testcase classname="tests.test_images" name="test_failed_split_line_line_algo_png" time="26.473"><system-out>--------------------------------- Captured Log ---------------------------------

--------------------------------- Captured Out ---------------------------------
/home/runner/work/ocr-book/ocr-book/tests/failed_split_line_line_algo.png
1607297006985240410 : Checking separation double page angle 90.01634220573249
1607297006985330516 : Checking separation double page y=0 2575
1607297010675998781 : Checking page rotation 1 -0.14999999999999147
1607297013041430135 : Checking page rotation 2 0.0
1607297015834279854 : Checking image 1 crop x1 407
1607297015834411063 : Checking image 1 crop y1 2925
1607297015834450466 : Checking image 1 crop x2 2419
1607297015834485068 : Checking image 1 crop y2 3174
1607297017432644284 : Checking image 2 crop x1 1184
1607297017432762792 : Checking image 2 crop y1 1744
1607297017432802394 : Checking image 2 crop x2 1185
1607297017432835397 : Checking image 2 crop y2 1745
1607297017433166618 : Checking image 1 dpi 300
1607297017433254124 : Checking image 1 border top 2917
1607297017433288726 : Checking image 1 border bottom 321
1607297017433321528 : Checking image 1 border left 224
1607297017433354130 : Checking image 1 border right 224
1607297017434819426 : Checking image 2 dpi 300
1607297017434900331 : Checking image 2 border top 1752
1607297017434934733 : Checking image 2 border bottom 1753
1607297017434967435 : Checking image 2 border left 1239
1607297017434999737 : Checking image 2 border right 1239

</system-out><system-err>--------------------------------- Captured Err ---------------------------------

</system-err></testcase><testcase classname="tests.test_images" name="test_crop_too_much_3_png" time="75.157"><system-out>--------------------------------- Captured Log ---------------------------------

--------------------------------- Captured Out ---------------------------------
/home/runner/work/ocr-book/ocr-book/tests/crop_too_much_3.png
1607297061328827737 : Checking separation double page angle 89.55580634783144
1607297061328925943 : Checking separation double page y=0 2499
1607297070776041433 : Checking page rotation 1 -0.9499999999999886
1607297083867725082 : Checking page rotation 2 -0.14999999999999147
1607297088110428645 : Checking image 1 crop x1 373
1607297088110557852 : Checking image 1 crop y1 258
1607297088110597254 : Checking image 1 crop x2 2386
1607297088110631756 : Checking image 1 crop y2 3458
1607297092507125072 : Checking image 2 crop x1 167
1607297092507250580 : Checking image 2 crop y1 228
1607297092507290482 : Checking image 2 crop x2 2180
1607297092507328884 : Checking image 2 crop y2 3417
1607297092557779101 : Checking image 1 dpi 300
1607297092557898308 : Checking image 1 border top 239
1607297092557935910 : Checking image 1 border bottom 48
1607297092557970212 : Checking image 1 border left 223
1607297092558003014 : Checking image 1 border right 223
1607297092560653967 : Checking image 2 dpi 300
1607297092560745673 : Checking image 2 border top 207
1607297092560780675 : Checking image 2 border bottom 91
1607297092560813177 : Checking image 2 border left 223
1607297092560845779 : Checking image 2 border right 223

</system-out><system-err>--------------------------------- Captured Err ---------------------------------

</system-err></testcase><testcase classname="tests.test_images" name="test_failed_split_line_line_algo_2_png" time="77.597"><system-out>--------------------------------- Captured Log ---------------------------------

--------------------------------- Captured Out ---------------------------------
/home/runner/work/ocr-book/ocr-book/tests/failed_split_line_line_algo_2.png
1607297094650277900 : Checking separation double page angle 89.9913422057325
1607297094650375406 : Checking separation double page y=0 2498
1607297107940888300 : Checking page rotation 1 0.0
1607297118384568425 : Checking page rotation 2 0.6000000000000001
1607297121668336626 : Checking image 1 crop x1 272
1607297121668477734 : Checking image 1 crop y1 149
1607297121668516836 : Checking image 1 crop x2 2383
1607297121668552338 : Checking image 1 crop y2 3353
1607297124977737645 : Checking image 2 crop x1 107
1607297124977875753 : Checking image 2 crop y1 155
1607297124977914755 : Checking image 2 crop x2 2230
1607297124977951857 : Checking image 2 crop y2 3350
1607297125023463972 : Checking image 1 dpi 300
1607297125023589179 : Checking image 1 border top 139
1607297125023627881 : Checking image 1 border bottom 144
1607297125023662283 : Checking image 1 border left 174
1607297125023696285 : Checking image 1 border right 174
1607297125025468183 : Checking image 2 dpi 300
1607297125025553488 : Checking image 2 border top 136
1607297125025589290 : Checking image 2 border bottom 156
1607297125025622992 : Checking image 2 border left 168
1607297125025656894 : Checking image 2 border right 168

</system-out><system-err>--------------------------------- Captured Err ---------------------------------

</system-err></testcase><testcase classname="tests.test_images" name="test_wrong_wave_split_line_2_png" time="78.252"><system-out>--------------------------------- Captured Log ---------------------------------

--------------------------------- Captured Out ---------------------------------
/home/runner/work/ocr-book/ocr-book/tests/wrong_wave_split_line_2.png
1607297140947815589 : Checking separation double page angle 90.7708958311329
1607297140948329317 : Checking separation double page y=0 2490
1607297151695109873 : Checking page rotation 1 0.4
1607297164086713569 : Checking page rotation 2 1.8
1607297167360482715 : Checking image 1 crop x1 224
1607297167360609222 : Checking image 1 crop y1 147
1607297167360648524 : Checking image 1 crop x2 2337
1607297167360684826 : Checking image 1 crop y2 3355
1607297170759597139 : Checking image 2 crop x1 107
1607297170759728146 : Checking image 2 crop y1 197
1607297170759767348 : Checking image 2 crop x2 2229
1607297170759804750 : Checking image 2 crop y2 3396
1607297170811916070 : Checking image 1 dpi 300
1607297170812036476 : Checking image 1 border top 133
1607297170812074778 : Checking image 1 border bottom 146
1607297170812108980 : Checking image 1 border left 173
1607297170812142082 : Checking image 1 border right 173
1607297170814497205 : Checking image 2 dpi 300
1607297170814585309 : Checking image 2 border top 167
1607297170814619711 : Checking image 2 border bottom 121
1607297170814653313 : Checking image 2 border left 169
1607297170814687615 : Checking image 2 border right 169

</system-out><system-err>--------------------------------- Captured Err ---------------------------------

</system-err></testcase><testcase classname="tests.test_images" name="test_wrong_wave_split_line_3_png" time="71.445"><system-out>--------------------------------- Captured Log ---------------------------------

--------------------------------- Captured Out ---------------------------------
/home/runner/work/ocr-book/ocr-book/tests/wrong_wave_split_line_3.png
1607297170677588659 : Checking separation double page angle 90.0586735161512
1607297170677692264 : Checking separation double page y=0 2510
1607297181300793701 : Checking page rotation 1 0.1
1607297190008534219 : Checking page rotation 2 0.35000000000000003
1607297193234516065 : Checking image 1 crop x1 272
1607297193234654472 : Checking image 1 crop y1 219
1607297193234693774 : Checking image 1 crop x2 2383
1607297193234729276 : Checking image 1 crop y2 3423
1607297196440991337 : Checking image 2 crop x1 119
1607297196441130845 : Checking image 2 crop y1 226
1607297196441169747 : Checking image 2 crop x2 2240
1607297196441206648 : Checking image 2 crop y2 3413
1607297196482875460 : Checking image 1 dpi 300
1607297196482999466 : Checking image 1 border top 202
1607297196483038568 : Checking image 1 border bottom 81
1607297196483073370 : Checking image 1 border left 174
1607297196483107672 : Checking image 1 border right 174
1607297196485491292 : Checking image 2 dpi 300
1607297196485583897 : Checking image 2 border top 203
1607297196485620599 : Checking image 2 border bottom 97
1607297196485654901 : Checking image 2 border left 169
1607297196485688802 : Checking image 2 border right 169

</system-out><system-err>--------------------------------- Captured Err ---------------------------------

</system-err></testcase><testcase classname="tests.test_images" name="test_no_split_line_wave_algo_png" time="69.997"><system-out>--------------------------------- Captured Log ---------------------------------

--------------------------------- Captured Out ---------------------------------
/home/runner/work/ocr-book/ocr-book/tests/no_split_line_wave_algo.png
1607297205108402290 : Checking separation double page angle 89.93575909193099
1607297205108505695 : Checking separation double page y=0 2482
1607297212010788120 : Checking page rotation 1 0.0
1607297222151152584 : Checking page rotation 2 -0.5499999999999972
1607297232785222262 : Checking image 1 crop x1 97
1607297232785310566 : Checking image 1 crop y1 77
1607297232785347268 : Checking image 1 crop x2 2483
1607297232785382269 : Checking image 1 crop y2 3505
1607297240724206475 : Checking image 2 crop x1 164
1607297240724335981 : Checking image 2 crop y1 266
1607297240724377883 : Checking image 2 crop x2 2241
1607297240724413185 : Checking image 2 crop y2 3382
1607297240770066296 : Checking image 1 dpi 300
1607297240770225703 : Checking image 1 border top 40
1607297240770266005 : Checking image 1 border bottom 40
1607297240770299507 : Checking image 1 border left 47
1607297240770332409 : Checking image 1 border right 47
1607297240773001738 : Checking image 2 dpi 300
1607297240773105443 : Checking image 2 border top 254
1607297240773140744 : Checking image 2 border bottom 117
1607297240773173746 : Checking image 2 border left 191
1607297240773206548 : Checking image 2 border right 191

</system-out><system-err>--------------------------------- Captured Err ---------------------------------

</system-err></testcase><testcase classname="tests.test_images" name="test_no_split_line_wave_algo_2_png" time="61.425"><system-out>--------------------------------- Captured Log ---------------------------------

--------------------------------- Captured Out ---------------------------------
/home/runner/work/ocr-book/ocr-book/tests/no_split_line_wave_algo_2.png
1607297233027303974 : Checking separation double page angle 91.21822795596304
1607297233027402579 : Checking separation double page y=0 2488
1607297242551536056 : Checking page rotation 1 1.1
1607297251870403989 : Checking page rotation 2 0.2
1607297255064888673 : Checking image 1 crop x1 266
1607297255065031680 : Checking image 1 crop y1 210
1607297255065070882 : Checking image 1 crop x2 2342
1607297255065106184 : Checking image 1 crop y2 3413
1607297257870201469 : Checking image 2 crop x1 199
1607297257870340875 : Checking image 2 crop y1 241
1607297257870380177 : Checking image 2 crop x2 2282
1607297257870417079 : Checking image 2 crop y2 3433
1607297257913508532 : Checking image 1 dpi 300
1607297257913633238 : Checking image 1 border top 194
1607297257913672140 : Checking image 1 border bottom 90
1607297257913707142 : Checking image 1 border left 192
1607297257913741643 : Checking image 1 border right 192
1607297257915619333 : Checking image 2 dpi 300
1607297257915713037 : Checking image 2 border top 226
1607297257915749439 : Checking image 2 border bottom 69
1607297257915783341 : Checking image 2 border left 188
1607297257915816942 : Checking image 2 border right 188

</system-out><system-err>--------------------------------- Captured Err ---------------------------------

</system-err></testcase><testcase classname="tests.test_images" name="test_crop_too_few_2_png" time="55.867"><system-out>--------------------------------- Captured Log ---------------------------------

--------------------------------- Captured Out ---------------------------------
/home/runner/work/ocr-book/ocr-book/tests/crop_too_few_2.png
1607297275096516543 : Checking separation double page angle 90.25476192320097
1607297275096611448 : Checking separation double page y=0 2531
1607297283427387174 : Checking page rotation 1 1.2000000000000002
1607297290595305453 : Checking page rotation 2 -0.09999999999999432
1607297293830303692 : Checking image 1 crop x1 287
1607297293830432298 : Checking image 1 crop y1 165
1607297293830472100 : Checking image 1 crop x2 2398
1607297293830507201 : Checking image 1 crop y2 3368
1607297296666281955 : Checking image 2 crop x1 145
1607297296666409561 : Checking image 2 crop y1 175
1607297296666449363 : Checking image 2 crop x2 2271
1607297296666487264 : Checking image 2 crop y2 3373
1607297296706088389 : Checking image 1 dpi 300
1607297296706235895 : Checking image 1 border top 139
1607297296706275497 : Checking image 1 border bottom 145
1607297296706308899 : Checking image 1 border left 174
1607297296706341500 : Checking image 1 border right 174
1607297296708989422 : Checking image 2 dpi 300
1607297296709083027 : Checking image 2 border top 180
1607297296709118228 : Checking image 2 border bottom 109
1607297296709151330 : Checking image 2 border left 167
1607297296709183631 : Checking image 2 border right 167

</system-out><system-err>--------------------------------- Captured Err ---------------------------------

</system-err></testcase><testcase classname="tests.test_images" name="test_failed_detect_rectangle_png" time="78.576"><system-out>--------------------------------- Captured Log ---------------------------------

--------------------------------- Captured Out ---------------------------------
/home/runner/work/ocr-book/ocr-book/tests/failed_detect_rectangle.png
1607297306261543861 : Checking separation double page angle 90.19837516213147
1607297306261644165 : Checking separation double page y=0 2471
1607297316867218343 : Checking page rotation 1 0.2
1607297329827724500 : Checking page rotation 2 0.2
1607297332931300447 : Checking image 1 crop x1 257
1607297332931439353 : Checking image 1 crop y1 201
1607297332931478355 : Checking image 1 crop x2 2333
1607297332931515457 : Checking image 1 crop y2 3402
1607297336405802447 : Checking image 2 crop x1 139
1607297336406019757 : Checking image 2 crop y1 215
1607297336406060058 : Checking image 2 crop x2 2222
1607297336406097260 : Checking image 2 crop y2 3406
1607297336457238044 : Checking image 1 dpi 300
1607297336457362650 : Checking image 1 border top 188
1607297336457401752 : Checking image 1 border bottom 98
1607297336457436353 : Checking image 1 border left 192
1607297336457470255 : Checking image 1 border right 192
1607297336459262135 : Checking image 2 dpi 300
1607297336459347539 : Checking image 2 border top 200
1607297336459384240 : Checking image 2 border bottom 95
1607297336459418542 : Checking image 2 border left 188
1607297336459452543 : Checking image 2 border right 188

</system-out><system-err>--------------------------------- Captured Err ---------------------------------

</system-err></testcase></testsuite></testsuites>