<?xml version="1.0" encoding="utf-8"?><testsuites><testsuite name="pytest" errors="0" failures="0" skipped="0" tests="36" time="541.800" timestamp="2021-01-02T16:08:45.252727" hostname="fv-az102-78"><testcase classname="tests.test_features" name="test_mock_stop_at_0" time="0.049"><system-out>--------------------------------- Captured Log ---------------------------------

--------------------------------- Captured Out ---------------------------------
/home/runner/work/ocr-book/ocr-book/tests/0001_0.png

</system-out><system-err>--------------------------------- Captured Err ---------------------------------

</system-err></testcase><testcase classname="tests.test_features" name="test_disabled_enable_debug" time="32.551"><system-out>--------------------------------- Captured Log ---------------------------------

--------------------------------- Captured Out ---------------------------------
/home/runner/work/ocr-book/ocr-book/tests/0001_debug.png
separation double page angle 90.5528088189967
separation double page y=0 2485
page rotation 1 0.5499999999999999
page rotation 2 0.2
image 1 crop x1 327
image 1 crop y1 334
image 1 crop x2 2346
image 1 crop y2 3221
image 2 crop x1 169
image 2 crop y1 648
image 2 crop x2 2186
image 2 crop y2 3361
image 1 dpi 300
image 1 border top 332
image 1 border bottom 268
image 1 border left 220
image 1 border right 220
image 2 dpi 300
image 2 border top 643
image 2 border bottom 131
image 2 border left 221
image 2 border right 221

</system-out><system-err>--------------------------------- Captured Err ---------------------------------

</system-err></testcase><testcase classname="tests.test_features" name="test_mock_stop_at_2" time="28.405"><system-out>--------------------------------- Captured Log ---------------------------------

--------------------------------- Captured Out ---------------------------------
/home/runner/work/ocr-book/ocr-book/tests/0001_2.png
separation double page angle 90.5528088189967
separation double page y=0 2485
page rotation 1 0.5499999999999999
page rotation 2 0.2

</system-out><system-err>--------------------------------- Captured Err ---------------------------------

</system-err></testcase><testcase classname="tests.test_features" name="test_mock_stop_at_4" time="30.911"><system-out>--------------------------------- Captured Log ---------------------------------

--------------------------------- Captured Out ---------------------------------
/home/runner/work/ocr-book/ocr-book/tests/0001_4.png
separation double page angle 90.5528088189967
separation double page y=0 2485
page rotation 1 0.5499999999999999
page rotation 2 0.2
image 1 crop x1 327
image 1 crop y1 334
image 1 crop x2 2346
image 1 crop y2 3221
image 2 crop x1 169
image 2 crop y1 648
image 2 crop x2 2186
image 2 crop y2 3361
image 1 dpi 300
image 1 border top 332
image 1 border bottom 268
image 1 border left 220
image 1 border right 220
image 2 dpi 300
image 2 border top 643
image 2 border bottom 131
image 2 border left 221
image 2 border right 221

</system-out><system-err>--------------------------------- Captured Err ---------------------------------

</system-err></testcase><testcase classname="tests.test_features" name="test_mock_stop_at_1" time="24.891"><system-out>--------------------------------- Captured Log ---------------------------------

--------------------------------- Captured Out ---------------------------------
/home/runner/work/ocr-book/ocr-book/tests/0001_1.png
separation double page angle 90.5528088189967
separation double page y=0 2485

</system-out><system-err>--------------------------------- Captured Err ---------------------------------

</system-err></testcase><testcase classname="tests.test_features" name="test_mock_stop_at_3" time="31.668"><system-out>--------------------------------- Captured Log ---------------------------------

--------------------------------- Captured Out ---------------------------------
/home/runner/work/ocr-book/ocr-book/tests/0001_3.png
separation double page angle 90.5528088189967
separation double page y=0 2485
page rotation 1 0.5499999999999999
page rotation 2 0.2
image 1 crop x1 327
image 1 crop y1 334
image 1 crop x2 2346
image 1 crop y2 3221
image 2 crop x1 169
image 2 crop y1 648
image 2 crop x2 2186
image 2 crop y2 3361

</system-out><system-err>--------------------------------- Captured Err ---------------------------------

</system-err></testcase><testcase classname="tests.test_images" name="test_0001_png" time="31.001"><system-out>--------------------------------- Captured Log ---------------------------------

--------------------------------- Captured Out ---------------------------------
/home/runner/work/ocr-book/ocr-book/tests/0001.png
1609603810811003269 : Checking separation double page angle 90.5528088189967
1609603810811103475 : Checking separation double page y=0 2485
1609603811841973531 : Checking page rotation 1 0.5499999999999999
1609603813086927239 : Checking page rotation 2 0.2
1609603815052020548 : Checking image 1 crop x1 327
1609603815052139255 : Checking image 1 crop y1 334
1609603815052176457 : Checking image 1 crop x2 2346
1609603815052209359 : Checking image 1 crop y2 3221
1609603816579634801 : Checking image 2 crop x1 169
1609603816579760408 : Checking image 2 crop y1 648
1609603816579802110 : Checking image 2 crop x2 2186
1609603816579837412 : Checking image 2 crop y2 3361
1609603816580022323 : Checking image 1 dpi 300
1609603816580096427 : Checking image 1 border top 332
1609603816580133430 : Checking image 1 border bottom 268
1609603816580169032 : Checking image 1 border left 220
1609603816580203734 : Checking image 1 border right 220
1609603816581897532 : Checking image 2 dpi 300
1609603816581987738 : Checking image 2 border top 643
1609603816582036941 : Checking image 2 border bottom 131
1609603816582068542 : Checking image 2 border left 221
1609603816582099944 : Checking image 2 border right 221

</system-out><system-err>--------------------------------- Captured Err ---------------------------------

</system-err></testcase><testcase classname="tests.test_features" name="test_mock_stop_at_5" time="32.182"><system-out>--------------------------------- Captured Log ---------------------------------

--------------------------------- Captured Out ---------------------------------
/home/runner/work/ocr-book/ocr-book/tests/0001_5.png
separation double page angle 90.5528088189967
separation double page y=0 2485
page rotation 1 0.5499999999999999
page rotation 2 0.2
image 1 crop x1 327
image 1 crop y1 334
image 1 crop x2 2346
image 1 crop y2 3221
image 2 crop x1 169
image 2 crop y1 648
image 2 crop x2 2186
image 2 crop y2 3361
image 1 dpi 300
image 1 border top 332
image 1 border bottom 268
image 1 border left 220
image 1 border right 220
image 2 dpi 300
image 2 border top 643
image 2 border bottom 131
image 2 border left 221
image 2 border right 221

</system-out><system-err>--------------------------------- Captured Err ---------------------------------

</system-err></testcase><testcase classname="tests.test_images" name="test_black_border_not_removed_png" time="32.954"><system-out>--------------------------------- Captured Log ---------------------------------

--------------------------------- Captured Out ---------------------------------
/home/runner/work/ocr-book/ocr-book/tests/black-border-not-removed.png
1609603842496384511 : Checking separation double page angle 90.033171103531
1609603842496489517 : Checking separation double page y=0 2455
1609603843495045899 : Checking page rotation 1 0.0
1609603844911363321 : Checking page rotation 2 0.05
1609603847556249004 : Checking image 1 crop x1 297
1609603847556367811 : Checking image 1 crop y1 143
1609603847556405213 : Checking image 1 crop x2 2309
1609603847556440515 : Checking image 1 crop y2 3346
1609603849573714538 : Checking image 2 crop x1 157
1609603849573830044 : Checking image 2 crop y1 145
1609603849573867646 : Checking image 2 crop x2 2170
1609603849573902048 : Checking image 2 crop y2 3351
1609603849574068258 : Checking image 1 dpi 300
1609603849574139062 : Checking image 1 border top 132
1609603849574171364 : Checking image 1 border bottom 152
1609603849574202766 : Checking image 1 border left 224
1609603849574234368 : Checking image 1 border right 224
1609603849576008271 : Checking image 2 dpi 300
1609603849576088176 : Checking image 2 border top 134
1609603849576121478 : Checking image 2 border bottom 147
1609603849576152779 : Checking image 2 border left 223
1609603849576184081 : Checking image 2 border right 223

</system-out><system-err>--------------------------------- Captured Err ---------------------------------

</system-err></testcase><testcase classname="tests.test_images" name="test_2_pages_2_contours_png" time="18.983"><system-out>--------------------------------- Captured Log ---------------------------------

--------------------------------- Captured Out ---------------------------------
/home/runner/work/ocr-book/ocr-book/tests/2-pages-2-contours.png
1609603862401408539 : Checking separation double page angle 90.09036871657068
1609603862401516246 : Checking separation double page y=0 2486
1609603862981889940 : Checking page rotation 1 0.0
1609603863986113115 : Checking page rotation 2 0.2
1609603864763152161 : Checking image 1 crop x1 1191
1609603864763244266 : Checking image 1 crop y1 1750
1609603864763275768 : Checking image 1 crop x2 1192
1609603864763303670 : Checking image 1 crop y2 1751
1609603866542116348 : Checking image 2 crop x1 99
1609603866542229155 : Checking image 2 crop y1 240
1609603866542268157 : Checking image 2 crop x2 2147
1609603866542302959 : Checking image 2 crop y2 3240
1609603866542478269 : Checking image 1 dpi 300
1609603866542540973 : Checking image 1 border top 1752
1609603866542573575 : Checking image 1 border bottom 1753
1609603866542604877 : Checking image 1 border left 1239
1609603866542635778 : Checking image 1 border right 1239
1609603866544626994 : Checking image 2 dpi 300
1609603866544714299 : Checking image 2 border top 229
1609603866544757902 : Checking image 2 border bottom 258
1609603866544786904 : Checking image 2 border left 206
1609603866544815605 : Checking image 2 border right 206

</system-out><system-err>--------------------------------- Captured Err ---------------------------------

</system-err></testcase><testcase classname="tests.test_images" name="test_image_failed_to_rotate_png" time="35.429"><system-out>--------------------------------- Captured Log ---------------------------------

--------------------------------- Captured Out ---------------------------------
/home/runner/work/ocr-book/ocr-book/tests/image_failed_to_rotate.png
1609603874042375782 : Checking separation double page angle 90.26767669076624
1609603874042491589 : Checking separation double page y=0 2480
1609603876131953376 : Checking page rotation 1 0.45
1609603877213552052 : Checking page rotation 2 0.2
1609603882536857577 : Checking image 1 crop x1 31
1609603882536986985 : Checking image 1 crop y1 1
1609603882537028787 : Checking image 1 crop x2 2478
1609603882537066190 : Checking image 1 crop y2 3504
1609603884903780501 : Checking image 2 crop x1 169
1609603884903902908 : Checking image 2 crop y1 231
1609603884903942911 : Checking image 2 crop x2 2257
1609603884903979813 : Checking image 2 crop y2 3358
1609603884904158823 : Checking image 1 dpi 300
1609603884904237628 : Checking image 1 border top 2
1609603884904274730 : Checking image 1 border bottom 2
1609603884904309832 : Checking image 1 border left 17
1609603884904344134 : Checking image 1 border right 17
1609603884906172640 : Checking image 2 dpi 300
1609603884906266646 : Checking image 2 border top 218
1609603884906301948 : Checking image 2 border bottom 142
1609603884906335950 : Checking image 2 border left 186
1609603884906370352 : Checking image 2 border right 186

</system-out><system-err>--------------------------------- Captured Err ---------------------------------

</system-err></testcase><testcase classname="tests.test_images" name="test_wrong_split_line_png" time="23.962"><system-out>--------------------------------- Captured Log ---------------------------------

--------------------------------- Captured Out ---------------------------------
/home/runner/work/ocr-book/ocr-book/tests/wrong_split_line.png
1609603885493159746 : Checking separation double page angle 89.93395720607973
1609603885493265452 : Checking separation double page y=0 2465
1609603886369815945 : Checking page rotation 1 -0.04999999999999689
1609603887278418175 : Checking page rotation 2 0.5499999999999999
1609603888531916468 : Checking image 1 crop x1 211
1609603888532020874 : Checking image 1 crop y1 156
1609603888532053376 : Checking image 1 crop x2 2323
1609603888532083377 : Checking image 1 crop y2 3363
1609603890507350139 : Checking image 2 crop x1 125
1609603890507479347 : Checking image 2 crop y1 166
1609603890507511949 : Checking image 2 crop x2 2236
1609603890507542950 : Checking image 2 crop y2 3373
1609603890507694859 : Checking image 1 dpi 300
1609603890507755263 : Checking image 1 border top 134
1609603890507783864 : Checking image 1 border bottom 146
1609603890507812866 : Checking image 1 border left 174
1609603890507840568 : Checking image 1 border right 174
1609603890510079697 : Checking image 2 dpi 300
1609603890510163401 : Checking image 2 border top 146
1609603890510196503 : Checking image 2 border bottom 134
1609603890510227605 : Checking image 2 border left 174
1609603890510259207 : Checking image 2 border right 174

</system-out><system-err>--------------------------------- Captured Err ---------------------------------

</system-err></testcase><testcase classname="tests.test_images" name="test_image_failed_to_crop_data_png" time="48.321"><system-out>--------------------------------- Captured Log ---------------------------------

--------------------------------- Captured Out ---------------------------------
/home/runner/work/ocr-book/ocr-book/tests/image_failed_to_crop_data.png
1609603914750466697 : Checking separation double page angle 90.053197600644
1609603914750562803 : Checking separation double page y=0 2480
1609603919667617022 : Checking page rotation 1 0.15000000000000002
1609603920610541508 : Checking page rotation 2 0.0
1609603930776928052 : Checking image 1 crop x1 51
1609603930777034058 : Checking image 1 crop y1 7
1609603930777068760 : Checking image 1 crop x2 2478
1609603930777098962 : Checking image 1 crop y2 3505
1609603933271487079 : Checking image 2 crop x1 160
1609603933271603385 : Checking image 2 crop y1 217
1609603933271640188 : Checking image 2 crop x2 2242
1609603933271674990 : Checking image 2 crop y2 3350
1609603933271851600 : Checking image 1 dpi 300
1609603933271929704 : Checking image 1 border top 5
1609603933271964306 : Checking image 1 border bottom 5
1609603933271997108 : Checking image 1 border left 27
1609603933272030710 : Checking image 1 border right 27
1609603933273922520 : Checking image 2 dpi 300
1609603933274008325 : Checking image 2 border top 206
1609603933274043627 : Checking image 2 border bottom 148
1609603933274077229 : Checking image 2 border left 189
1609603933274110631 : Checking image 2 border right 189

</system-out><system-err>--------------------------------- Captured Err ---------------------------------

</system-err></testcase><testcase classname="tests.test_images" name="test_crop_too_much_png" time="39.504"><system-out>--------------------------------- Captured Log ---------------------------------

--------------------------------- Captured Out ---------------------------------
/home/runner/work/ocr-book/ocr-book/tests/crop_too_much.png
1609603923406379852 : Checking separation double page angle 90.13239409272954
1609603923406491258 : Checking separation double page y=0 2455
1609603925058945969 : Checking page rotation 1 0.0
1609603926422791738 : Checking page rotation 2 0.2
1609603928464059866 : Checking image 1 crop x1 303
1609603928464181473 : Checking image 1 crop y1 148
1609603928464221876 : Checking image 1 crop x2 2313
1609603928464261378 : Checking image 1 crop y2 3351
1609603929996125152 : Checking image 2 crop x1 162
1609603929996239759 : Checking image 2 crop y1 151
1609603929996273261 : Checking image 2 crop x2 2186
1609603929996324164 : Checking image 2 crop y2 3363
1609603929996490873 : Checking image 1 dpi 300
1609603929996558777 : Checking image 1 border top 132
1609603929996591879 : Checking image 1 border bottom 152
1609603929996623381 : Checking image 1 border left 225
1609603929996656483 : Checking image 1 border right 225
1609603929998997419 : Checking image 2 dpi 300
1609603929999084124 : Checking image 2 border top 132
1609603929999118126 : Checking image 2 border bottom 143
1609603929999149428 : Checking image 2 border left 218
1609603929999181029 : Checking image 2 border right 218

</system-out><system-err>--------------------------------- Captured Err ---------------------------------

</system-err></testcase><testcase classname="tests.test_images" name="test_crop_too_few_png" time="25.518"><system-out>--------------------------------- Captured Log ---------------------------------

--------------------------------- Captured Out ---------------------------------
/home/runner/work/ocr-book/ocr-book/tests/crop_too_few.png
1609603950234483918 : Checking separation double page angle 89.54670238452755
1609603950234586624 : Checking separation double page y=0 2512
1609603951093816310 : Checking page rotation 1 -0.6000000000000009
1609603952193329647 : Checking page rotation 2 0.0
1609603953783055745 : Checking image 1 crop x1 263
1609603953783163052 : Checking image 1 crop y1 150
1609603953783194954 : Checking image 1 crop x2 2379
1609603953783223455 : Checking image 1 crop y2 3358
1609603955535536693 : Checking image 2 crop x1 137
1609603955535659400 : Checking image 2 crop y1 141
1609603955535698503 : Checking image 2 crop x2 2259
1609603955535732805 : Checking image 2 crop y2 3345
1609603955535922616 : Checking image 1 dpi 300
1609603955535992720 : Checking image 1 border top 130
1609603955536023421 : Checking image 1 border bottom 149
1609603955536072824 : Checking image 1 border left 172
1609603955536104426 : Checking image 1 border right 172
1609603955538481664 : Checking image 2 dpi 300
1609603955538571569 : Checking image 2 border top 130
1609603955538608571 : Checking image 2 border bottom 153
1609603955538640173 : Checking image 2 border left 169
1609603955538671975 : Checking image 2 border right 169

</system-out><system-err>--------------------------------- Captured Err ---------------------------------

</system-err></testcase><testcase classname="tests.test_images" name="test_wrong_angle_split_line_png" time="29.988"><system-out>--------------------------------- Captured Log ---------------------------------

--------------------------------- Captured Out ---------------------------------
/home/runner/work/ocr-book/ocr-book/tests/wrong_angle_split_line.png
1609603950527677641 : Checking separation double page angle 90.09193420006348
1609603950527781547 : Checking separation double page y=0 2478
1609603951792963902 : Checking page rotation 1 0.1
1609603952867513990 : Checking page rotation 2 0.1
1609603958194291978 : Checking image 1 crop x1 58
1609603958194412685 : Checking image 1 crop y1 6
1609603958194451688 : Checking image 1 crop x2 2476
1609603958194487490 : Checking image 1 crop y2 3501
1609603962582273588 : Checking image 2 crop x1 166
1609603962582385895 : Checking image 2 crop y1 218
1609603962582418297 : Checking image 2 crop x2 2244
1609603962582448299 : Checking image 2 crop y2 3349
1609603962582612008 : Checking image 1 dpi 300
1609603962582703213 : Checking image 1 border top 6
1609603962582738615 : Checking image 1 border bottom 6
1609603962582770217 : Checking image 1 border left 31
1609603962582802519 : Checking image 1 border right 31
1609603962590061541 : Checking image 2 dpi 300
1609603962590160947 : Checking image 2 border top 207
1609603962590197749 : Checking image 2 border bottom 149
1609603962590229651 : Checking image 2 border left 191
1609603962590261353 : Checking image 2 border right 191

</system-out><system-err>--------------------------------- Captured Err ---------------------------------

</system-err></testcase><testcase classname="tests.test_images" name="test_crop_too_much_2_png" time="46.952"><system-out>--------------------------------- Captured Log ---------------------------------

--------------------------------- Captured Out ---------------------------------
/home/runner/work/ocr-book/ocr-book/tests/crop_too_much_2.png
1609603994438779769 : Checking separation double page angle 90.1149074900787
1609603994438904176 : Checking separation double page y=0 2478
1609603996072332230 : Checking page rotation 1 0.15000000000000002
1609603997833948234 : Checking page rotation 2 0.2
1609603999759555843 : Checking image 1 crop x1 330
1609603999759683051 : Checking image 1 crop y1 132
1609603999759722453 : Checking image 1 crop x2 2342
1609603999759756155 : Checking image 1 crop y2 3335
1609604002456634948 : Checking image 2 crop x1 162
1609604002456760655 : Checking image 2 crop y1 139
1609604002456794157 : Checking image 2 crop x2 2175
1609604002456824259 : Checking image 2 crop y2 3345
1609604002456983368 : Checking image 1 dpi 300
1609604002457045672 : Checking image 1 border top 122
1609604002457074573 : Checking image 1 border bottom 162
1609604002457101975 : Checking image 1 border left 224
1609604002457130177 : Checking image 1 border right 224
1609604002459491414 : Checking image 2 dpi 300
1609604002459582819 : Checking image 2 border top 130
1609604002459616521 : Checking image 2 border bottom 151
1609604002459648123 : Checking image 2 border left 223
1609604002459679425 : Checking image 2 border right 223

</system-out><system-err>--------------------------------- Captured Err ---------------------------------

</system-err></testcase><testcase classname="tests.test_images" name="test_angle_page_lower_split_line_png" time="30.297"><system-out>--------------------------------- Captured Log ---------------------------------

--------------------------------- Captured Out ---------------------------------
/home/runner/work/ocr-book/ocr-book/tests/angle_page_lower_split_line.png
1609603987222733956 : Checking separation double page angle 89.74927707086691
1609603987222836862 : Checking separation double page y=0 2474
1609603988496573262 : Checking page rotation 1 -0.14999999999999067
1609603989780956058 : Checking page rotation 2 0.1
1609603991847492309 : Checking image 1 crop x1 241
1609603991847606316 : Checking image 1 crop y1 156
1609603991847643718 : Checking image 1 crop x2 2357
1609603991847678320 : Checking image 1 crop y2 3368
1609603993626399493 : Checking image 2 crop x1 149
1609603993626500799 : Checking image 2 crop y1 146
1609603993626533201 : Checking image 2 crop x2 2259
1609603993626564303 : Checking image 2 crop y2 3351
1609603993626745513 : Checking image 1 dpi 300
1609603993626819318 : Checking image 1 border top 140
1609603993626868120 : Checking image 1 border bottom 135
1609603993626902822 : Checking image 1 border left 172
1609603993626934724 : Checking image 1 border right 172
1609603993628725428 : Checking image 2 dpi 300
1609603993628803333 : Checking image 2 border top 129
1609603993628839135 : Checking image 2 border bottom 152
1609603993628870536 : Checking image 2 border left 175
1609603993628902338 : Checking image 2 border right 175

</system-out><system-err>--------------------------------- Captured Err ---------------------------------

</system-err></testcase><testcase classname="tests.test_images" name="test_wrong_wave_split_line_png" time="43.841"><system-out>--------------------------------- Captured Log ---------------------------------

--------------------------------- Captured Out ---------------------------------
/home/runner/work/ocr-book/ocr-book/tests/wrong_wave_split_line.png
1609604026424651947 : Checking separation double page angle 90.37878604107719
1609604026424760853 : Checking separation double page y=0 2500
1609604027522904473 : Checking page rotation 1 -0.14999999999999067
1609604028699030125 : Checking page rotation 2 0.9
1609604033001676698 : Checking image 1 crop x1 385
1609604033001778104 : Checking image 1 crop y1 179
1609604033001811006 : Checking image 1 crop x2 2411
1609604033001840107 : Checking image 1 crop y2 3374
1609604037461527212 : Checking image 2 crop x1 17
1609604037461657719 : Checking image 2 crop y1 8
1609604037461695621 : Checking image 2 crop x2 2399
1609604037461731624 : Checking image 2 crop y2 3391
1609604037461888733 : Checking image 1 dpi 300
1609604037461961037 : Checking image 1 border top 173
1609604037461993339 : Checking image 1 border bottom 119
1609604037462025941 : Checking image 1 border left 217
1609604037462057342 : Checking image 1 border right 217
1609604037463864847 : Checking image 2 dpi 300
1609604037463953853 : Checking image 2 border top 0
1609604037463993455 : Checking image 2 border bottom 114
1609604037464031957 : Checking image 2 border left 49
1609604037464077060 : Checking image 2 border right 49

</system-out><system-err>--------------------------------- Captured Err ---------------------------------

</system-err></testcase><testcase classname="tests.test_images" name="test_wrong_split_line_2_png" time="45.470"><system-out>--------------------------------- Captured Log ---------------------------------

--------------------------------- Captured Out ---------------------------------
/home/runner/work/ocr-book/ocr-book/tests/wrong_split_line_2.png
1609604035630253839 : Checking separation double page angle 90.19944704411863
1609604035630363046 : Checking separation double page y=0 2437
1609604037351533729 : Checking page rotation 1 0.2
1609604038726319758 : Checking page rotation 2 0.2
1609604042221092729 : Checking image 1 crop x1 294
1609604042221213436 : Checking image 1 crop y1 136
1609604042221249138 : Checking image 1 crop x2 2325
1609604042221285640 : Checking image 1 crop y2 3376
1609604047944508396 : Checking image 2 crop x1 136
1609604047944626303 : Checking image 2 crop y1 190
1609604047944663305 : Checking image 2 crop x2 2172
1609604047944697807 : Checking image 2 crop y2 3389
1609604047944871817 : Checking image 1 dpi 300
1609604047944946522 : Checking image 1 border top 131
1609604047944980224 : Checking image 1 border bottom 116
1609604047945011526 : Checking image 1 border left 214
1609604047945043127 : Checking image 1 border right 214
1609604047947375262 : Checking image 2 dpi 300
1609604047947456767 : Checking image 2 border top 181
1609604047947486069 : Checking image 2 border bottom 107
1609604047947513770 : Checking image 2 border left 212
1609604047947541172 : Checking image 2 border right 212

</system-out><system-err>--------------------------------- Captured Err ---------------------------------

</system-err></testcase><testcase classname="tests.test_images" name="test_no_split_line_line_algo_png" time="29.566"><system-out>--------------------------------- Captured Log ---------------------------------

--------------------------------- Captured Out ---------------------------------
/home/runner/work/ocr-book/ocr-book/tests/no_split_line_line_algo.png
1609604060011928523 : Checking separation double page angle 89.47691469185418
1609604060012025628 : Checking separation double page y=0 2476
1609604060926678078 : Checking page rotation 1 -0.14999999999999067
1609604062341987920 : Checking page rotation 2 -0.14999999999999067
1609604063645282352 : Checking image 1 crop x1 205
1609604063645397859 : Checking image 1 crop y1 158
1609604063645435161 : Checking image 1 crop x2 2320
1609604063645471363 : Checking image 1 crop y2 3366
1609604067041665010 : Checking image 2 crop x1 185
1609604067041769816 : Checking image 2 crop y1 225
1609604067041803318 : Checking image 2 crop x2 2204
1609604067041839120 : Checking image 2 crop y2 3362
1609604067041995029 : Checking image 1 dpi 300
1609604067042092735 : Checking image 1 border top 144
1609604067042120736 : Checking image 1 border bottom 134
1609604067042148438 : Checking image 1 border left 172
1609604067042176440 : Checking image 1 border right 172
1609604067044078350 : Checking image 2 dpi 300
1609604067044152254 : Checking image 2 border top 223
1609604067044181056 : Checking image 2 border bottom 127
1609604067044208258 : Checking image 2 border left 220
1609604067044235259 : Checking image 2 border right 220

</system-out><system-err>--------------------------------- Captured Err ---------------------------------

</system-err></testcase><testcase classname="tests.test_images" name="test_small_wave_png" time="40.057"><system-out>--------------------------------- Captured Log ---------------------------------

--------------------------------- Captured Out ---------------------------------
/home/runner/work/ocr-book/ocr-book/tests/small_wave.png
1609604082745036723 : Checking separation double page angle 90.58816928841564
1609604082745130929 : Checking separation double page y=0 2497
1609604084276718507 : Checking page rotation 1 0.65
1609604085642449249 : Checking page rotation 2 0.65
1609604086787779363 : Checking image 1 crop x1 320
1609604086787908870 : Checking image 1 crop y1 199
1609604086787950073 : Checking image 1 crop x2 2353
1609604086787986275 : Checking image 1 crop y2 3394
1609604087999857835 : Checking image 2 crop x1 130
1609604087999974141 : Checking image 2 crop y1 222
1609604088000011444 : Checking image 2 crop x2 2163
1609604088000047346 : Checking image 2 crop y2 3420
1609604088000210255 : Checking image 1 dpi 300
1609604088000279259 : Checking image 1 border top 179
1609604088000311461 : Checking image 1 border bottom 112
1609604088000342763 : Checking image 1 border left 213
1609604088000374965 : Checking image 1 border right 213
1609604088002765203 : Checking image 2 dpi 300
1609604088002871609 : Checking image 2 border top 197
1609604088002906611 : Checking image 2 border bottom 92
1609604088002938213 : Checking image 2 border left 213
1609604088002969815 : Checking image 2 border right 213

</system-out><system-err>--------------------------------- Captured Err ---------------------------------

</system-err></testcase><testcase classname="tests.test_images" name="test_failed_split_line_line_algo_png" time="15.562"><system-out>--------------------------------- Captured Log ---------------------------------

--------------------------------- Captured Out ---------------------------------
/home/runner/work/ocr-book/ocr-book/tests/failed_split_line_line_algo.png
1609604079172404170 : Checking separation double page angle 90.04134220573248
1609604079172503576 : Checking separation double page y=0 2573
1609604079779348431 : Checking page rotation 1 -0.09999999999999377
1609604080328160614 : Checking page rotation 2 0.1
1609604081847288268 : Checking image 1 crop x1 408
1609604081847390274 : Checking image 1 crop y1 2926
1609604081847421076 : Checking image 1 crop x2 2420
1609604081847447977 : Checking image 1 crop y2 3173
1609604082631869849 : Checking image 2 crop x1 1184
1609604082631966454 : Checking image 2 crop y1 1745
1609604082631998056 : Checking image 2 crop x2 1185
1609604082632030058 : Checking image 2 crop y2 1746
1609604082632158265 : Checking image 1 dpi 300
1609604082632233670 : Checking image 1 border top 2922
1609604082632264272 : Checking image 1 border bottom 318
1609604082632294973 : Checking image 1 border left 224
1609604082632324275 : Checking image 1 border right 224
1609604082633587148 : Checking image 2 dpi 300
1609604082633656052 : Checking image 2 border top 1753
1609604082633688854 : Checking image 2 border bottom 1753
1609604082633717656 : Checking image 2 border left 1239
1609604082633746458 : Checking image 2 border right 1239

</system-out><system-err>--------------------------------- Captured Err ---------------------------------

</system-err></testcase><testcase classname="tests.test_images" name="test_failed_split_line_line_algo_2_png" time="33.968"><system-out>--------------------------------- Captured Log ---------------------------------

--------------------------------- Captured Out ---------------------------------
/home/runner/work/ocr-book/ocr-book/tests/failed_split_line_line_algo_2.png
1609604111822091057 : Checking separation double page angle 90.03068774449687
1609604111822194163 : Checking separation double page y=0 2500
1609604112959277502 : Checking page rotation 1 0.05
1609604113998113935 : Checking page rotation 2 0.5499999999999999
1609604115272600154 : Checking image 1 crop x1 271
1609604115272719261 : Checking image 1 crop y1 149
1609604115272756163 : Checking image 1 crop x2 2382
1609604115272790965 : Checking image 1 crop y2 3354
1609604116568834536 : Checking image 2 crop x1 120
1609604116568936942 : Checking image 2 crop y1 155
1609604116568968944 : Checking image 2 crop x2 2244
1609604116568999146 : Checking image 2 crop y2 3350
1609604116569161955 : Checking image 1 dpi 300
1609604116569229759 : Checking image 1 border top 141
1609604116569258661 : Checking image 1 border bottom 141
1609604116569287463 : Checking image 1 border left 174
1609604116569316664 : Checking image 1 border right 174
1609604116571162572 : Checking image 2 dpi 300
1609604116571244576 : Checking image 2 border top 140
1609604116571270578 : Checking image 2 border bottom 152
1609604116571294279 : Checking image 2 border left 168
1609604116571318381 : Checking image 2 border right 168

</system-out><system-err>--------------------------------- Captured Err ---------------------------------

</system-err></testcase><testcase classname="tests.test_images" name="test_wrong_split_line_3_png" time="31.177"><system-out>--------------------------------- Captured Log ---------------------------------

--------------------------------- Captured Out ---------------------------------
/home/runner/work/ocr-book/ocr-book/tests/wrong_split_line_3.png
1609604113950790686 : Checking separation double page angle 90.43729500214694
1609604113950919794 : Checking separation double page y=0 2498
1609604115202230067 : Checking page rotation 1 0.2
1609604116211791200 : Checking page rotation 2 0.85
1609604117584524725 : Checking image 1 crop x1 331
1609604117584641732 : Checking image 1 crop y1 166
1609604117584669834 : Checking image 1 crop x2 2377
1609604117584696135 : Checking image 1 crop y2 3375
1609604119202300201 : Checking image 2 crop x1 102
1609604119202404907 : Checking image 2 crop y1 207
1609604119202437509 : Checking image 2 crop x2 2135
1609604119202468811 : Checking image 2 crop y2 3414
1609604119202649921 : Checking image 1 dpi 300
1609604119202718725 : Checking image 1 border top 158
1609604119202750927 : Checking image 1 border bottom 120
1609604119202782529 : Checking image 1 border left 207
1609604119202814031 : Checking image 1 border right 207
1609604119205152067 : Checking image 2 dpi 300
1609604119205241172 : Checking image 2 border top 186
1609604119205277974 : Checking image 2 border bottom 94
1609604119205309876 : Checking image 2 border left 213
1609604119205340977 : Checking image 2 border right 213

</system-out><system-err>--------------------------------- Captured Err ---------------------------------

</system-err></testcase><testcase classname="tests.test_images" name="test_crop_too_much_3_png" time="34.894"><system-out>--------------------------------- Captured Log ---------------------------------

--------------------------------- Captured Out ---------------------------------
/home/runner/work/ocr-book/ocr-book/tests/crop_too_much_3.png
1609604145667901022 : Checking separation double page angle 89.49330634783144
1609604145667991727 : Checking separation double page y=0 2498
1609604146676727635 : Checking page rotation 1 -0.8999999999999949
1609604148004700092 : Checking page rotation 2 -0.14999999999999067
1609604149730431058 : Checking image 1 crop x1 374
1609604149730535464 : Checking image 1 crop y1 258
1609604149730567966 : Checking image 1 crop x2 2385
1609604149730596467 : Checking image 1 crop y2 3459
1609604151466489324 : Checking image 2 crop x1 168
1609604151466603930 : Checking image 2 crop y1 228
1609604151466641133 : Checking image 2 crop x2 2181
1609604151466678535 : Checking image 2 crop y2 3417
1609604151466880646 : Checking image 1 dpi 300
1609604151466957951 : Checking image 1 border top 239
1609604151466991253 : Checking image 1 border bottom 47
1609604151467024055 : Checking image 1 border left 224
1609604151467055857 : Checking image 1 border right 224
1609604151468878462 : Checking image 2 dpi 300
1609604151468954667 : Checking image 2 border top 209
1609604151468993769 : Checking image 2 border bottom 89
1609604151469025271 : Checking image 2 border left 223
1609604151469057173 : Checking image 2 border right 223

</system-out><system-err>--------------------------------- Captured Err ---------------------------------

</system-err></testcase><testcase classname="tests.test_images" name="test_wrong_wave_split_line_2_png" time="37.319"><system-out>--------------------------------- Captured Log ---------------------------------

--------------------------------- Captured Out ---------------------------------
/home/runner/work/ocr-book/ocr-book/tests/wrong_wave_split_line_2.png
1609604150302129074 : Checking separation double page angle 90.7708958311329
1609604150302242580 : Checking separation double page y=0 2490
1609604151478781838 : Checking page rotation 1 0.2
1609604152674658419 : Checking page rotation 2 1.65
1609604154054284476 : Checking image 1 crop x1 227
1609604154054401883 : Checking image 1 crop y1 147
1609604154054441685 : Checking image 1 crop x2 2342
1609604154054480587 : Checking image 1 crop y2 3353
1609604156513820376 : Checking image 2 crop x1 106
1609604156513941483 : Checking image 2 crop y1 195
1609604156513982385 : Checking image 2 crop x2 2231
1609604156514019188 : Checking image 2 crop y2 3398
1609604156514189197 : Checking image 1 dpi 300
1609604156514260302 : Checking image 1 border top 136
1609604156514295404 : Checking image 1 border bottom 145
1609604156514329106 : Checking image 1 border left 172
1609604156514363208 : Checking image 1 border right 172
1609604156516723745 : Checking image 2 dpi 300
1609604156516811850 : Checking image 2 border top 165
1609604156516847452 : Checking image 2 border bottom 118
1609604156516881054 : Checking image 2 border left 167
1609604156516918256 : Checking image 2 border right 167

</system-out><system-err>--------------------------------- Captured Err ---------------------------------

</system-err></testcase><testcase classname="tests.test_images" name="test_wrong_wave_split_line_3_png" time="32.998"><system-out>--------------------------------- Captured Log ---------------------------------

--------------------------------- Captured Out ---------------------------------
/home/runner/work/ocr-book/ocr-book/tests/wrong_wave_split_line_3.png
1609604179366548340 : Checking separation double page angle 90.05826063695574
1609604179366685448 : Checking separation double page y=0 2514
1609604180636666824 : Checking page rotation 1 0.0
1609604181652189218 : Checking page rotation 2 0.2
1609604183230779720 : Checking image 1 crop x1 274
1609604183230942529 : Checking image 1 crop y1 221
1609604183230998633 : Checking image 1 crop x2 2383
1609604183231034235 : Checking image 1 crop y2 3422
1609604184483731605 : Checking image 2 crop x1 112
1609604184483852512 : Checking image 2 crop y1 225
1609604184483892714 : Checking image 2 crop x2 2238
1609604184483931416 : Checking image 2 crop y2 3415
1609604184484121127 : Checking image 1 dpi 300
1609604184484197632 : Checking image 1 border top 201
1609604184484232434 : Checking image 1 border bottom 85
1609604184484267836 : Checking image 1 border left 175
1609604184484302238 : Checking image 1 border right 175
1609604184486184247 : Checking image 2 dpi 300
1609604184486269252 : Checking image 2 border top 207
1609604184486303954 : Checking image 2 border bottom 90
1609604184486337856 : Checking image 2 border left 167
1609604184486371358 : Checking image 2 border right 167

</system-out><system-err>--------------------------------- Captured Err ---------------------------------

</system-err></testcase><testcase classname="tests.test_images" name="test_no_split_line_wave_algo_png" time="47.346"><system-out>--------------------------------- Captured Log ---------------------------------

--------------------------------- Captured Out ---------------------------------
/home/runner/work/ocr-book/ocr-book/tests/no_split_line_wave_algo.png
1609604184631844109 : Checking separation double page angle 89.72500000000001
1609604184631945015 : Checking separation double page y=0 2484
1609604188082050733 : Checking page rotation 1 0.0
1609604189341703107 : Checking page rotation 2 -0.44999999999999746
1609604198127624286 : Checking image 1 crop x1 97
1609604198127713791 : Checking image 1 crop y1 79
1609604198127751494 : Checking image 1 crop x2 2494
1609604198127787596 : Checking image 1 crop y2 3505
1609604203823929184 : Checking image 2 crop x1 163
1609604203824046491 : Checking image 2 crop y1 267
1609604203824089393 : Checking image 2 crop x2 2238
1609604203824127895 : Checking image 2 crop y2 3380
1609604203824294605 : Checking image 1 dpi 300
1609604203824374610 : Checking image 1 border top 41
1609604203824410012 : Checking image 1 border bottom 41
1609604203824443714 : Checking image 1 border left 42
1609604203824488316 : Checking image 1 border right 42
1609604203826320623 : Checking image 2 dpi 300
1609604203826401627 : Checking image 2 border top 255
1609604203826440930 : Checking image 2 border bottom 119
1609604203826474432 : Checking image 2 border left 192
1609604203826507633 : Checking image 2 border right 192

</system-out><system-err>--------------------------------- Captured Err ---------------------------------

</system-err></testcase><testcase classname="tests.test_images" name="test_no_split_line_wave_algo_2_png" time="26.699"><system-out>--------------------------------- Captured Log ---------------------------------

--------------------------------- Captured Out ---------------------------------
/home/runner/work/ocr-book/ocr-book/tests/no_split_line_wave_algo_2.png
1609604206607748785 : Checking separation double page angle 90.54999999999998
1609604206607847791 : Checking separation double page y=0 2478
1609604207653452283 : Checking page rotation 1 1.0999999999999999
1609604208714447567 : Checking page rotation 2 0.2
1609604210030734345 : Checking image 1 crop x1 266
1609604210030875053 : Checking image 1 crop y1 210
1609604210030912655 : Checking image 1 crop x2 2342
1609604210030947757 : Checking image 1 crop y2 3413
1609604211183559551 : Checking image 2 crop x1 168
1609604211183672657 : Checking image 2 crop y1 241
1609604211183708359 : Checking image 2 crop x2 2251
1609604211183740661 : Checking image 2 crop y2 3433
1609604211183905271 : Checking image 1 dpi 300
1609604211183969374 : Checking image 1 border top 192
1609604211183995776 : Checking image 1 border bottom 91
1609604211184022577 : Checking image 1 border left 192
1609604211184048679 : Checking image 1 border right 192
1609604211185870584 : Checking image 2 dpi 300
1609604211185947889 : Checking image 2 border top 224
1609604211185978891 : Checking image 2 border bottom 71
1609604211186007692 : Checking image 2 border left 188
1609604211186036994 : Checking image 2 border right 188

</system-out><system-err>--------------------------------- Captured Err ---------------------------------

</system-err></testcase><testcase classname="tests.test_images" name="test_crop_too_few_2_png" time="27.805"><system-out>--------------------------------- Captured Log ---------------------------------

--------------------------------- Captured Out ---------------------------------
/home/runner/work/ocr-book/ocr-book/tests/crop_too_few_2.png
1609604225836473963 : Checking separation double page angle 90.30476192320097
1609604225836582069 : Checking separation double page y=0 2531
1609604226943183334 : Checking page rotation 1 1.0999999999999999
1609604228094065670 : Checking page rotation 2 -0.04999999999999689
1609604229771266772 : Checking image 1 crop x1 289
1609604229771403880 : Checking image 1 crop y1 165
1609604229771443582 : Checking image 1 crop x2 2400
1609604229771490285 : Checking image 1 crop y2 3367
1609604231694906472 : Checking image 2 crop x1 149
1609604231695026779 : Checking image 2 crop y1 189
1609604231695063781 : Checking image 2 crop x2 2273
1609604231695109284 : Checking image 2 crop y2 3386
1609604231695258593 : Checking image 1 dpi 300
1609604231695319596 : Checking image 1 border top 157
1609604231695347598 : Checking image 1 border bottom 128
1609604231695374399 : Checking image 1 border left 174
1609604231695424502 : Checking image 1 border right 174
1609604231697208506 : Checking image 2 dpi 300
1609604231697290911 : Checking image 2 border top 181
1609604231697329213 : Checking image 2 border bottom 109
1609604231697362815 : Checking image 2 border left 168
1609604231697396817 : Checking image 2 border right 168

</system-out><system-err>--------------------------------- Captured Err ---------------------------------

</system-err></testcase><testcase classname="tests.test_images" name="test_failed_detect_rectangle_png" time="31.982"><system-out>--------------------------------- Captured Log ---------------------------------

--------------------------------- Captured Out ---------------------------------
/home/runner/work/ocr-book/ocr-book/tests/failed_detect_rectangle.png
1609604237686236969 : Checking separation double page angle 90.19837516213148
1609604237686350976 : Checking separation double page y=0 2474
1609604238874923778 : Checking page rotation 1 0.2
1609604240340204141 : Checking page rotation 2 0.15000000000000002
1609604241519871923 : Checking image 1 crop x1 257
1609604241519976729 : Checking image 1 crop y1 201
1609604241520010731 : Checking image 1 crop x2 2333
1609604241520041033 : Checking image 1 crop y2 3402
1609604243151504942 : Checking image 2 crop x1 135
1609604243151620649 : Checking image 2 crop y1 214
1609604243151658851 : Checking image 2 crop x2 2219
1609604243151693253 : Checking image 2 crop y2 3406
1609604243151861463 : Checking image 1 dpi 300
1609604243151933767 : Checking image 1 border top 188
1609604243151966269 : Checking image 1 border bottom 97
1609604243151997771 : Checking image 1 border left 192
1609604243152029173 : Checking image 1 border right 192
1609604243153854779 : Checking image 2 dpi 300
1609604243153937484 : Checking image 2 border top 202
1609604243153970786 : Checking image 2 border bottom 93
1609604243154002187 : Checking image 2 border left 188
1609604243154033389 : Checking image 2 border right 188

</system-out><system-err>--------------------------------- Captured Err ---------------------------------

</system-err></testcase><testcase classname="tests.test_images" name="test_single_page_png" time="6.549"><system-out>--------------------------------- Captured Log ---------------------------------

--------------------------------- Captured Out ---------------------------------
/home/runner/work/ocr-book/ocr-book/tests/single_page.png
1609604235541331821 : Checking separation double page angle 90.04999999999998
1609604235541453028 : Checking separation double page y=0 2476
1609604236334115156 : Checking page rotation 1 0.0
1609604236455083880 : Checking page rotation 2 0.0
1609604237804167917 : Checking image 1 crop x1 1
1609604237804249722 : Checking image 1 crop y1 8
1609604237804294824 : Checking image 1 crop x2 2470
1609604237804321726 : Checking image 1 crop y2 3505
1609604237922220372 : Checking image 2 crop x1 0
1609604237922291476 : Checking image 2 crop y1 0
1609604237922316077 : Checking image 2 crop x2 0
1609604237922339179 : Checking image 2 crop y2 0
1609604237922391982 : Checking image 1 dpi 300
1609604237922444385 : Checking image 1 border top 5
1609604237922473086 : Checking image 1 border bottom 5
1609604237922497988 : Checking image 1 border left 6
1609604237922523089 : Checking image 1 border right 6
1609604237928423432 : Checking image 2 border top 0
1609604237928484335 : Checking image 2 border bottom 0
1609604237928511737 : Checking image 2 border left 0
1609604237928539438 : Checking image 2 border right 0

</system-out><system-err>--------------------------------- Captured Err ---------------------------------

</system-err></testcase><testcase classname="tests.test_images" name="test_wrong_split_line_4_png" time="15.742"><system-out>--------------------------------- Captured Log ---------------------------------

--------------------------------- Captured Out ---------------------------------
/home/runner/work/ocr-book/ocr-book/tests/wrong_split_line_4.png
1609604250815881305 : Checking separation double page angle 91.04999999999998
1609604250815986711 : Checking separation double page y=0 60
1609604250903173966 : Checking page rotation 1 1.0
1609604251890371200 : Checking page rotation 2 1.05
1609604252333960417 : Checking image 1 crop x1 0
1609604252334034121 : Checking image 1 crop y1 0
1609604252334062123 : Checking image 1 crop x2 0
1609604252334089325 : Checking image 1 crop y2 0
1609604254013062673 : Checking image 2 crop x1 291
1609604254013238483 : Checking image 2 crop y1 330
1609604254013301687 : Checking image 2 crop x2 2316
1609604254013357690 : Checking image 2 crop y2 3217
1609604254013586303 : Checking image 1 border top 0
1609604254013645007 : Checking image 1 border bottom 0
1609604254013693809 : Checking image 1 border left 0
1609604254013742712 : Checking image 1 border right 0
1609604254013820717 : Checking image 2 dpi 300
1609604254013919723 : Checking image 2 border top 322
1609604254013973726 : Checking image 2 border bottom 278
1609604254014023829 : Checking image 2 border left 217
1609604254014074532 : Checking image 2 border right 217

</system-out><system-err>--------------------------------- Captured Err ---------------------------------

</system-err></testcase><testcase classname="tests.test_images" name="test_no_split_line_wave_algo_3_png" time="9.648"><system-out>--------------------------------- Captured Log ---------------------------------

--------------------------------- Captured Out ---------------------------------
/home/runner/work/ocr-book/ocr-book/tests/no_split_line_wave_algo_3.png
1609604250756794479 : Checking separation double page angle 90.14999999999998
1609604250756906885 : Checking separation double page y=0 2408
1609604251573434625 : Checking page rotation 1 -0.09999999999999377
1609604251720643359 : Checking page rotation 2 0.0
1609604252434266233 : Checking image 1 crop x1 182
1609604252434346537 : Checking image 1 crop y1 2955
1609604252434391440 : Checking image 1 crop x2 2199
1609604252434418141 : Checking image 1 crop y2 3203
1609604252805976883 : Checking image 2 crop x1 0
1609604252806044587 : Checking image 2 crop y1 0
1609604252806072488 : Checking image 2 crop x2 0
1609604252806098890 : Checking image 2 crop y2 0
1609604252806157593 : Checking image 1 dpi 300
1609604252806214297 : Checking image 1 border top 2951
1609604252806244198 : Checking image 1 border bottom 288
1609604252806278900 : Checking image 1 border left 221
1609604252806308602 : Checking image 1 border right 221
1609604252810923670 : Checking image 2 border top 0
1609604252810978673 : Checking image 2 border bottom 0
1609604252811005674 : Checking image 2 border left 0
1609604252811033176 : Checking image 2 border right 0

</system-out><system-err>--------------------------------- Captured Err ---------------------------------

</system-err></testcase><testcase classname="tests.test_images" name="test_failed_split_line_line_algo_3_png" time="11.118"><system-out>--------------------------------- Captured Log ---------------------------------

--------------------------------- Captured Out ---------------------------------
/home/runner/work/ocr-book/ocr-book/tests/failed_split_line_line_algo_3.png
1609604262934591804 : Checking separation double page angle 90.0
1609604262934703611 : Checking separation double page y=0 40
1609604262996661298 : Checking page rotation 1 0.0
1609604263585865215 : Checking page rotation 2 -0.04999999999999689
1609604263883747563 : Checking image 1 crop x1 0
1609604263883817567 : Checking image 1 crop y1 0
1609604263883843968 : Checking image 1 crop x2 0
1609604263883869170 : Checking image 1 crop y2 0
1609604265167498994 : Checking image 2 crop x1 247
1609604265167592000 : Checking image 2 crop y1 153
1609604265167628702 : Checking image 2 crop x2 2260
1609604265167663504 : Checking image 2 crop y2 3360
1609604265167767310 : Checking image 1 border top 0
1609604265167803012 : Checking image 1 border bottom 0
1609604265167835514 : Checking image 1 border left 0
1609604265167868316 : Checking image 1 border right 0
1609604265167914418 : Checking image 2 dpi 300
1609604265167973422 : Checking image 2 border top 144
1609604265168006624 : Checking image 2 border bottom 136
1609604265168038926 : Checking image 2 border left 223
1609604265168071728 : Checking image 2 border right 223

</system-out><system-err>--------------------------------- Captured Err ---------------------------------

</system-err></testcase></testsuite></testsuites>