<?xml version="1.0" encoding="utf-8"?><testsuites><testsuite errors="0" failures="0" hostname="fv-az67-942" name="pytest" skipped="0" tests="34" time="1075.062" timestamp="2020-12-19T21:06:13.596923"><testcase classname="tests.test_features" name="test_mock_stop_at_0" time="0.043"><system-out>--------------------------------- Captured Log ---------------------------------

--------------------------------- Captured Out ---------------------------------
/home/runner/work/ocr-book/ocr-book/tests/0001_0.png

</system-out><system-err>--------------------------------- Captured Err ---------------------------------

</system-err></testcase><testcase classname="tests.test_features" name="test_disabled_enable_debug" time="49.581"><system-out>--------------------------------- Captured Log ---------------------------------

--------------------------------- Captured Out ---------------------------------
/home/runner/work/ocr-book/ocr-book/tests/0001_debug.png
separation double page angle 90.5778088189967
separation double page y=0 2485
page rotation 1 0.7
page rotation 2 0.2
image 1 crop x1 330
image 1 crop y1 335
image 1 crop x2 2343
image 1 crop y2 3223
image 2 crop x1 171
image 2 crop y1 648
image 2 crop x2 2188
image 2 crop y2 3361
image 1 dpi 300
image 1 border top 332
image 1 border bottom 267
image 1 border left 223
image 1 border right 223
image 2 dpi 300
image 2 border top 643
image 2 border bottom 131
image 2 border left 221
image 2 border right 221

</system-out><system-err>--------------------------------- Captured Err ---------------------------------

</system-err></testcase><testcase classname="tests.test_features" name="test_mock_stop_at_2" time="43.110"><system-out>--------------------------------- Captured Log ---------------------------------

--------------------------------- Captured Out ---------------------------------
/home/runner/work/ocr-book/ocr-book/tests/0001_2.png
separation double page angle 90.5778088189967
separation double page y=0 2485
page rotation 1 0.7
page rotation 2 0.2

</system-out><system-err>--------------------------------- Captured Err ---------------------------------

</system-err></testcase><testcase classname="tests.test_features" name="test_mock_stop_at_4" time="48.830"><system-out>--------------------------------- Captured Log ---------------------------------

--------------------------------- Captured Out ---------------------------------
/home/runner/work/ocr-book/ocr-book/tests/0001_4.png
separation double page angle 90.5778088189967
separation double page y=0 2485
page rotation 1 0.7
page rotation 2 0.2
image 1 crop x1 330
image 1 crop y1 335
image 1 crop x2 2343
image 1 crop y2 3223
image 2 crop x1 171
image 2 crop y1 648
image 2 crop x2 2188
image 2 crop y2 3361
image 1 dpi 300
image 1 border top 332
image 1 border bottom 267
image 1 border left 223
image 1 border right 223
image 2 dpi 300
image 2 border top 643
image 2 border bottom 131
image 2 border left 221
image 2 border right 221

</system-out><system-err>--------------------------------- Captured Err ---------------------------------

</system-err></testcase><testcase classname="tests.test_features" name="test_mock_stop_at_1" time="28.212"><system-out>--------------------------------- Captured Log ---------------------------------

--------------------------------- Captured Out ---------------------------------
/home/runner/work/ocr-book/ocr-book/tests/0001_1.png
separation double page angle 90.5778088189967
separation double page y=0 2485

</system-out><system-err>--------------------------------- Captured Err ---------------------------------

</system-err></testcase><testcase classname="tests.test_features" name="test_mock_stop_at_3" time="48.502"><system-out>--------------------------------- Captured Log ---------------------------------

--------------------------------- Captured Out ---------------------------------
/home/runner/work/ocr-book/ocr-book/tests/0001_3.png
separation double page angle 90.5778088189967
separation double page y=0 2485
page rotation 1 0.7
page rotation 2 0.2
image 1 crop x1 330
image 1 crop y1 335
image 1 crop x2 2343
image 1 crop y2 3223
image 2 crop x1 171
image 2 crop y1 648
image 2 crop x2 2188
image 2 crop y2 3361

</system-out><system-err>--------------------------------- Captured Err ---------------------------------

</system-err></testcase><testcase classname="tests.test_images" name="test_0001_png" time="60.138"><system-out>--------------------------------- Captured Log ---------------------------------

--------------------------------- Captured Out ---------------------------------
/home/runner/work/ocr-book/ocr-book/tests/0001.png
1608412100472767386 : Checking separation double page angle 90.5778088189967
1608412100472908786 : Checking separation double page y=0 2485
1608412108109537451 : Checking page rotation 1 0.7
1608412118090516790 : Checking page rotation 2 0.2
1608412122747638934 : Checking image 1 crop x1 330
1608412122747790134 : Checking image 1 crop y1 335
1608412122747838834 : Checking image 1 crop x2 2343
1608412122747879734 : Checking image 1 crop y2 3223
1608412126750267270 : Checking image 2 crop x1 171
1608412126750387870 : Checking image 2 crop y1 648
1608412126750428170 : Checking image 2 crop x2 2188
1608412126750462270 : Checking image 2 crop y2 3361
1608412126780216728 : Checking image 1 dpi 300
1608412126780329028 : Checking image 1 border top 332
1608412126780367428 : Checking image 1 border bottom 267
1608412126780399628 : Checking image 1 border left 223
1608412126780431028 : Checking image 1 border right 223
1608412126783273034 : Checking image 2 dpi 300
1608412126783335834 : Checking image 2 border top 643
1608412126783369334 : Checking image 2 border bottom 131
1608412126783400634 : Checking image 2 border left 221
1608412126783431434 : Checking image 2 border right 221

</system-out><system-err>--------------------------------- Captured Err ---------------------------------

</system-err></testcase><testcase classname="tests.test_features" name="test_mock_stop_at_5" time="50.604"><system-out>--------------------------------- Captured Log ---------------------------------

--------------------------------- Captured Out ---------------------------------
/home/runner/work/ocr-book/ocr-book/tests/0001_5.png
separation double page angle 90.5778088189967
separation double page y=0 2485
page rotation 1 0.7
page rotation 2 0.2
image 1 crop x1 330
image 1 crop y1 335
image 1 crop x2 2343
image 1 crop y2 3223
image 2 crop x1 171
image 2 crop y1 648
image 2 crop x2 2188
image 2 crop y2 3361
image 1 dpi 300
image 1 border top 332
image 1 border bottom 267
image 1 border left 223
image 1 border right 223
image 2 dpi 300
image 2 border top 643
image 2 border bottom 131
image 2 border left 221
image 2 border right 221

</system-out><system-err>--------------------------------- Captured Err ---------------------------------

</system-err></testcase><testcase classname="tests.test_images" name="test_2_pages_2_contours_png" time="42.873"><system-out>--------------------------------- Captured Log ---------------------------------

--------------------------------- Captured Out ---------------------------------
/home/runner/work/ocr-book/ocr-book/tests/2-pages-2-contours.png
1608412151587076079 : Checking separation double page angle 90.14036871655934
1608412151587187680 : Checking separation double page y=0 2489
1608412153799821265 : Checking page rotation 1 0.05
1608412161297182848 : Checking page rotation 2 0.4
1608412163152347707 : Checking image 1 crop x1 1188
1608412163152467707 : Checking image 1 crop y1 1751
1608412163152508607 : Checking image 1 crop x2 1189
1608412163152545307 : Checking image 1 crop y2 1752
1608412169623010718 : Checking image 2 crop x1 101
1608412169623149518 : Checking image 2 crop y1 240
1608412169623194018 : Checking image 2 crop x2 2148
1608412169623235818 : Checking image 2 crop y2 3239
1608412169660083577 : Checking image 1 dpi 300
1608412169660213477 : Checking image 1 border top 1752
1608412169660258078 : Checking image 1 border bottom 1753
1608412169660299278 : Checking image 1 border left 1239
1608412169660336878 : Checking image 1 border right 1239
1608412169662207681 : Checking image 2 dpi 300
1608412169662284081 : Checking image 2 border top 230
1608412169662323781 : Checking image 2 border bottom 258
1608412169662360481 : Checking image 2 border left 206
1608412169662397081 : Checking image 2 border right 206

</system-out><system-err>--------------------------------- Captured Err ---------------------------------

</system-err></testcase><testcase classname="tests.test_images" name="test_angle_page_lower_split_line_png" time="65.009"><system-out>--------------------------------- Captured Log ---------------------------------

--------------------------------- Captured Out ---------------------------------
/home/runner/work/ocr-book/ocr-book/tests/angle_page_lower_split_line.png
1608412194204327872 : Checking separation double page angle 89.77701324945475
1608412194204454072 : Checking separation double page y=0 2475
1608412203097007844 : Checking page rotation 1 -0.34999999999999093
1608412210025366431 : Checking page rotation 2 0.2
1608412213508674549 : Checking image 1 crop x1 243
1608412213508814049 : Checking image 1 crop y1 159
1608412213508871149 : Checking image 1 crop x2 2351
1608412213508909549 : Checking image 1 crop y2 3365
1608412216533258580 : Checking image 2 crop x1 149
1608412216533426980 : Checking image 2 crop y1 147
1608412216533470780 : Checking image 2 crop x2 2256
1608412216533508980 : Checking image 2 crop y2 3350
1608412216568701730 : Checking image 1 dpi 300
1608412216568817330 : Checking image 1 border top 143
1608412216568854031 : Checking image 1 border bottom 138
1608412216568885531 : Checking image 1 border left 176
1608412216568916131 : Checking image 1 border right 176
1608412216572553536 : Checking image 2 dpi 300
1608412216572628836 : Checking image 2 border top 130
1608412216572662836 : Checking image 2 border bottom 154
1608412216572693136 : Checking image 2 border left 176
1608412216572723336 : Checking image 2 border right 176

</system-out><system-err>--------------------------------- Captured Err ---------------------------------

</system-err></testcase><testcase classname="tests.test_images" name="test_black_border_not_removed_png" time="67.673"><system-out>--------------------------------- Captured Log ---------------------------------

--------------------------------- Captured Out ---------------------------------
/home/runner/work/ocr-book/ocr-book/tests/black-border-not-removed.png
1608412207171560993 : Checking separation double page angle 90.008171103531
1608412207171679393 : Checking separation double page y=0 2455
1608412214648788584 : Checking page rotation 1 0.05
1608412226643058592 : Checking page rotation 2 0.0
1608412231088362712 : Checking image 1 crop x1 298
1608412231088513812 : Checking image 1 crop y1 142
1608412231088558312 : Checking image 1 crop x2 2308
1608412231088606712 : Checking image 1 crop y2 3347
1608412237292903726 : Checking image 2 crop x1 157
1608412237293026726 : Checking image 2 crop y1 145
1608412237293065026 : Checking image 2 crop x2 2169
1608412237293101326 : Checking image 2 crop y2 3352
1608412237327247073 : Checking image 1 dpi 300
1608412237327369173 : Checking image 1 border top 134
1608412237327407573 : Checking image 1 border bottom 148
1608412237327442573 : Checking image 1 border left 225
1608412237327475374 : Checking image 1 border right 225
1608412237330466078 : Checking image 2 dpi 300
1608412237330543278 : Checking image 2 border top 132
1608412237330578378 : Checking image 2 border bottom 148
1608412237330613578 : Checking image 2 border left 224
1608412237330645378 : Checking image 2 border right 224

</system-out><system-err>--------------------------------- Captured Err ---------------------------------

</system-err></testcase><testcase classname="tests.test_images" name="test_wrong_split_line_png" time="52.062"><system-out>--------------------------------- Captured Log ---------------------------------

--------------------------------- Captured Out ---------------------------------
/home/runner/work/ocr-book/ocr-book/tests/wrong_split_line.png
1608412247810873569 : Checking separation double page angle 89.93395720607973
1608412247810992969 : Checking separation double page y=0 2465
1608412254654425172 : Checking page rotation 1 -0.14999999999999067
1608412261527558948 : Checking page rotation 2 0.5
1608412264360018924 : Checking image 1 crop x1 213
1608412264360159724 : Checking image 1 crop y1 157
1608412264360200124 : Checking image 1 crop x2 2323
1608412264360238724 : Checking image 1 crop y2 3362
1608412268606006278 : Checking image 2 crop x1 125
1608412268606144878 : Checking image 2 crop y1 165
1608412268606186678 : Checking image 2 crop x2 2237
1608412268606226678 : Checking image 2 crop y2 3374
1608412268639634967 : Checking image 1 dpi 300
1608412268639758867 : Checking image 1 border top 134
1608412268639801767 : Checking image 1 border bottom 148
1608412268639838567 : Checking image 1 border left 175
1608412268639875267 : Checking image 1 border right 175
1608412268643220466 : Checking image 2 dpi 300
1608412268643293166 : Checking image 2 border top 143
1608412268643329066 : Checking image 2 border bottom 135
1608412268643363066 : Checking image 2 border left 174
1608412268643396666 : Checking image 2 border right 174

</system-out><system-err>--------------------------------- Captured Err ---------------------------------

</system-err></testcase><testcase classname="tests.test_images" name="test_image_failed_to_rotate_png" time="68.703"><system-out>--------------------------------- Captured Log ---------------------------------

--------------------------------- Captured Out ---------------------------------
/home/runner/work/ocr-book/ocr-book/tests/image_failed_to_rotate.png
1608412271703433578 : Checking separation double page angle 90.38781598189921
1608412271703546078 : Checking separation double page y=0 2485
1608412277238180149 : Checking page rotation 1 0.35
1608412286588475784 : Checking page rotation 2 0.45
1608412298729467117 : Checking image 1 crop x1 34
1608412298729600717 : Checking image 1 crop y1 1
1608412298729645117 : Checking image 1 crop x2 2483
1608412298729684517 : Checking image 1 crop y2 3500
1608412305897579045 : Checking image 2 crop x1 177
1608412305897722145 : Checking image 2 crop y1 234
1608412305897761045 : Checking image 2 crop x2 2256
1608412305897797745 : Checking image 2 crop y2 3355
1608412305937495845 : Checking image 1 dpi 300
1608412305937617145 : Checking image 1 border top 4
1608412305937656845 : Checking image 1 border bottom 4
1608412305937691145 : Checking image 1 border left 16
1608412305937723645 : Checking image 1 border right 16
1608412305940537345 : Checking image 2 dpi 300
1608412305940599745 : Checking image 2 border top 221
1608412305940634345 : Checking image 2 border bottom 145
1608412305940666545 : Checking image 2 border left 190
1608412305940698245 : Checking image 2 border right 190

</system-out><system-err>--------------------------------- Captured Err ---------------------------------

</system-err></testcase><testcase classname="tests.test_images" name="test_crop_too_much_png" time="88.928"><system-out>--------------------------------- Captured Log ---------------------------------

--------------------------------- Captured Out ---------------------------------
/home/runner/work/ocr-book/ocr-book/tests/crop_too_much.png
1608412321221948896 : Checking separation double page angle 90.18239409272952
1608412321222063996 : Checking separation double page y=0 2455
1608412334244743832 : Checking page rotation 1 0.0
1608412347047819328 : Checking page rotation 2 0.45
1608412352635699670 : Checking image 1 crop x1 303
1608412352635858770 : Checking image 1 crop y1 148
1608412352635899170 : Checking image 1 crop x2 2313
1608412352635937070 : Checking image 1 crop y2 3351
1608412357498321220 : Checking image 2 crop x1 171
1608412357498468620 : Checking image 2 crop y1 155
1608412357498513420 : Checking image 2 crop x2 2182
1608412357498555720 : Checking image 2 crop y2 3359
1608412357546656938 : Checking image 1 dpi 300
1608412357546773838 : Checking image 1 border top 132
1608412357546814738 : Checking image 1 border bottom 152
1608412357546849938 : Checking image 1 border left 225
1608412357546883738 : Checking image 1 border right 225
1608412357550434640 : Checking image 2 dpi 300
1608412357550524640 : Checking image 2 border top 138
1608412357550561840 : Checking image 2 border bottom 145
1608412357550595740 : Checking image 2 border left 224
1608412357550629340 : Checking image 2 border right 224

</system-out><system-err>--------------------------------- Captured Err ---------------------------------

</system-err></testcase><testcase classname="tests.test_images" name="test_image_failed_to_crop_data_png" time="68.858"><system-out>--------------------------------- Captured Log ---------------------------------

--------------------------------- Captured Out ---------------------------------
/home/runner/work/ocr-book/ocr-book/tests/image_failed_to_crop_data.png
1608412341637252124 : Checking separation double page angle 89.96358807166011
1608412341637363524 : Checking separation double page y=0 2477
1608412347938715609 : Checking page rotation 1 0.2
1608412355152659059 : Checking page rotation 2 0.05
1608412368989806767 : Checking image 1 crop x1 50
1608412368989938467 : Checking image 1 crop y1 7
1608412368989980567 : Checking image 1 crop x2 2477
1608412368990017367 : Checking image 1 crop y2 3502
1608412374791724172 : Checking image 2 crop x1 160
1608412374791881673 : Checking image 2 crop y1 217
1608412374791927073 : Checking image 2 crop x2 2241
1608412374791968373 : Checking image 2 crop y2 3350
1608412374830198190 : Checking image 1 dpi 300
1608412374830334190 : Checking image 1 border top 6
1608412374830380090 : Checking image 1 border bottom 6
1608412374830418690 : Checking image 1 border left 22
1608412374830455990 : Checking image 1 border right 22
1608412374833544592 : Checking image 2 dpi 300
1608412374833633292 : Checking image 2 border top 206
1608412374833673392 : Checking image 2 border bottom 148
1608412374833709892 : Checking image 2 border left 189
1608412374833746692 : Checking image 2 border right 189

</system-out><system-err>--------------------------------- Captured Err ---------------------------------

</system-err></testcase><testcase classname="tests.test_images" name="test_crop_too_few_png" time="53.935"><system-out>--------------------------------- Captured Log ---------------------------------

--------------------------------- Captured Out ---------------------------------
/home/runner/work/ocr-book/ocr-book/tests/crop_too_few.png
1608412392104775887 : Checking separation double page angle 89.54670238452755
1608412392104909287 : Checking separation double page y=0 2512
1608412398717661761 : Checking page rotation 1 -0.6499999999999977
1608412405336977214 : Checking page rotation 2 0.0
1608412408372727537 : Checking image 1 crop x1 263
1608412408372856437 : Checking image 1 crop y1 150
1608412408372894537 : Checking image 1 crop x2 2377
1608412408372929437 : Checking image 1 crop y2 3357
1608412411484599942 : Checking image 2 crop x1 137
1608412411484750242 : Checking image 2 crop y1 141
1608412411484791342 : Checking image 2 crop x2 2259
1608412411484830142 : Checking image 2 crop y2 3345
1608412411516587262 : Checking image 1 dpi 300
1608412411516709662 : Checking image 1 border top 129
1608412411516749162 : Checking image 1 border bottom 150
1608412411516783362 : Checking image 1 border left 173
1608412411516816662 : Checking image 1 border right 173
1608412411519486864 : Checking image 2 dpi 300
1608412411519546764 : Checking image 2 border top 130
1608412411519581964 : Checking image 2 border bottom 153
1608412411519614364 : Checking image 2 border left 169
1608412411519646764 : Checking image 2 border right 169

</system-out><system-err>--------------------------------- Captured Err ---------------------------------

</system-err></testcase><testcase classname="tests.test_images" name="test_wrong_angle_split_line_png" time="76.091"><system-out>--------------------------------- Captured Log ---------------------------------

--------------------------------- Captured Out ---------------------------------
/home/runner/work/ocr-book/ocr-book/tests/wrong_angle_split_line.png
1608412411036799065 : Checking separation double page angle 90.09193420006348
1608412411036914165 : Checking separation double page y=0 2478
1608412419010591992 : Checking page rotation 1 0.05
1608412428462941333 : Checking page rotation 2 0.0
1608412443184857011 : Checking image 1 crop x1 58
1608412443184997111 : Checking image 1 crop y1 7
1608412443185039911 : Checking image 1 crop x2 2472
1608412443185079111 : Checking image 1 crop y2 3505
1608412450161703100 : Checking image 2 crop x1 163
1608412450161823000 : Checking image 2 crop y1 217
1608412450161860700 : Checking image 2 crop x2 2246
1608412450161896301 : Checking image 2 crop y2 3350
1608412450312621012 : Checking image 1 dpi 300
1608412450312743912 : Checking image 1 border top 5
1608412450312783312 : Checking image 1 border bottom 5
1608412450312816812 : Checking image 1 border left 33
1608412450312848812 : Checking image 1 border right 33
1608412450320834618 : Checking image 2 dpi 300
1608412450320947518 : Checking image 2 border top 206
1608412450320982818 : Checking image 2 border bottom 148
1608412450321014718 : Checking image 2 border left 188
1608412450321045718 : Checking image 2 border right 188

</system-out><system-err>--------------------------------- Captured Err ---------------------------------

</system-err></testcase><testcase classname="tests.test_images" name="test_crop_too_much_2_png" time="92.967"><system-out>--------------------------------- Captured Log ---------------------------------

--------------------------------- Captured Out ---------------------------------
/home/runner/work/ocr-book/ocr-book/tests/crop_too_much_2.png
1608412463894273794 : Checking separation double page angle 90.1149074900817
1608412463894387194 : Checking separation double page y=0 2478
1608412479196961110 : Checking page rotation 1 0.2
1608412493371944781 : Checking page rotation 2 0.2
1608412498077278042 : Checking image 1 crop x1 332
1608412498077443942 : Checking image 1 crop y1 131
1608412498077488142 : Checking image 1 crop x2 2342
1608412498077524642 : Checking image 1 crop y2 3336
1608412504399650029 : Checking image 2 crop x1 162
1608412504399789729 : Checking image 2 crop y1 139
1608412504399832029 : Checking image 2 crop x2 2175
1608412504399872929 : Checking image 2 crop y2 3345
1608412504450600973 : Checking image 1 dpi 300
1608412504450721073 : Checking image 1 border top 119
1608412504450760073 : Checking image 1 border bottom 163
1608412504450794273 : Checking image 1 border left 225
1608412504450828273 : Checking image 1 border right 225
1608412504453554375 : Checking image 2 dpi 300
1608412504453633075 : Checking image 2 border top 130
1608412504453671075 : Checking image 2 border bottom 151
1608412504453705175 : Checking image 2 border left 223
1608412504453738975 : Checking image 2 border right 223

</system-out><system-err>--------------------------------- Captured Err ---------------------------------

</system-err></testcase><testcase classname="tests.test_images" name="test_wrong_split_line_3_png" time="70.942"><system-out>--------------------------------- Captured Log ---------------------------------

--------------------------------- Captured Out ---------------------------------
/home/runner/work/ocr-book/ocr-book/tests/wrong_split_line_3.png
1608412494820508096 : Checking separation double page angle 90.41229500214693
1608412494820618296 : Checking separation double page y=0 2495
1608412505028067568 : Checking page rotation 1 0.35
1608412513497333702 : Checking page rotation 2 0.9
1608412518793812149 : Checking image 1 crop x1 331
1608412518793958849 : Checking image 1 crop y1 164
1608412518793999349 : Checking image 1 crop x2 2375
1608412518794034749 : Checking image 1 crop y2 3377
1608412521906567400 : Checking image 2 crop x1 104
1608412521906690801 : Checking image 2 crop y1 208
1608412521906729501 : Checking image 2 crop x2 2135
1608412521906766501 : Checking image 2 crop y2 3413
1608412521940824431 : Checking image 1 dpi 300
1608412521940945331 : Checking image 1 border top 157
1608412521940983231 : Checking image 1 border bottom 116
1608412521941016631 : Checking image 1 border left 208
1608412521941048431 : Checking image 1 border right 208
1608412521943959234 : Checking image 2 dpi 300
1608412521944025034 : Checking image 2 border top 188
1608412521944058634 : Checking image 2 border bottom 94
1608412521944089434 : Checking image 2 border left 214
1608412521944119734 : Checking image 2 border right 214

</system-out><system-err>--------------------------------- Captured Err ---------------------------------

</system-err></testcase><testcase classname="tests.test_images" name="test_wrong_split_line_2_png" time="113.828"><system-out>--------------------------------- Captured Log ---------------------------------

--------------------------------- Captured Out ---------------------------------
/home/runner/work/ocr-book/ocr-book/tests/wrong_split_line_2.png
1608412569933845830 : Checking separation double page angle 90.17444704411862
1608412569933980030 : Checking separation double page y=0 2437
1608412583571849146 : Checking page rotation 1 0.2
1608412598818659205 : Checking page rotation 2 0.4
1608412606520853236 : Checking image 1 crop x1 294
1608412606520987036 : Checking image 1 crop y1 136
1608412606521023436 : Checking image 1 crop x2 2325
1608412606521059336 : Checking image 1 crop y2 3376
1608412618251296095 : Checking image 2 crop x1 138
1608412618251429895 : Checking image 2 crop y1 192
1608412618251468895 : Checking image 2 crop x2 2165
1608412618251505595 : Checking image 2 crop y2 3386
1608412618298515941 : Checking image 1 dpi 300
1608412618298639541 : Checking image 1 border top 131
1608412618298678041 : Checking image 1 border bottom 116
1608412618298711242 : Checking image 1 border left 214
1608412618298743342 : Checking image 1 border right 214
1608412618301474944 : Checking image 2 dpi 300
1608412618301558644 : Checking image 2 border top 184
1608412618301600244 : Checking image 2 border bottom 109
1608412618301649144 : Checking image 2 border left 216
1608412618301680244 : Checking image 2 border right 216

</system-out><system-err>--------------------------------- Captured Err ---------------------------------

</system-err></testcase><testcase classname="tests.test_images" name="test_wrong_wave_split_line_png" time="100.697"><system-out>--------------------------------- Captured Log ---------------------------------

--------------------------------- Captured Out ---------------------------------
/home/runner/work/ocr-book/ocr-book/tests/wrong_wave_split_line.png
1608412578858015826 : Checking separation double page angle 90.42038324745616
1608412578858136926 : Checking separation double page y=0 2503
1608412591608350600 : Checking page rotation 1 -0.14999999999999067
1608412603125624810 : Checking page rotation 2 0.85
1608412612478028293 : Checking image 1 crop x1 385
1608412612478150293 : Checking image 1 crop y1 179
1608412612478187993 : Checking image 1 crop x2 2411
1608412612478221393 : Checking image 1 crop y2 3374
1608412622578147384 : Checking image 2 crop x1 6
1608412622578271584 : Checking image 2 crop y1 5
1608412622578311784 : Checking image 2 crop x2 2405
1608412622578349884 : Checking image 2 crop y2 3392
1608412622635214740 : Checking image 1 dpi 300
1608412622635339740 : Checking image 1 border top 172
1608412622635378340 : Checking image 1 border bottom 120
1608412622635413540 : Checking image 1 border left 217
1608412622635445640 : Checking image 1 border right 217
1608412622638333743 : Checking image 2 dpi 300
1608412622638399343 : Checking image 2 border top 0
1608412622638436243 : Checking image 2 border bottom 110
1608412622638467643 : Checking image 2 border left 41
1608412622638498843 : Checking image 2 border right 41

</system-out><system-err>--------------------------------- Captured Err ---------------------------------

</system-err></testcase><testcase classname="tests.test_images" name="test_small_wave_png" time="77.786"><system-out>--------------------------------- Captured Log ---------------------------------

--------------------------------- Captured Out ---------------------------------
/home/runner/work/ocr-book/ocr-book/tests/small_wave.png
1608412666753997545 : Checking separation double page angle 90.63816928841567
1608412666754128545 : Checking separation double page y=0 2497
1608412678374493714 : Checking page rotation 1 0.75
1608412688876527394 : Checking page rotation 2 0.7
1608412691943314250 : Checking image 1 crop x1 323
1608412691943476351 : Checking image 1 crop y1 198
1608412691943518351 : Checking image 1 crop x2 2352
1608412691943556551 : Checking image 1 crop y2 3395
1608412696031769864 : Checking image 2 crop x1 135
1608412696031917965 : Checking image 2 crop y1 223
1608412696031961365 : Checking image 2 crop x2 2164
1608412696032003165 : Checking image 2 crop y2 3419
1608412696073937708 : Checking image 1 dpi 300
1608412696074061608 : Checking image 1 border top 178
1608412696074103208 : Checking image 1 border bottom 112
1608412696074139608 : Checking image 1 border left 215
1608412696074175808 : Checking image 1 border right 215
1608412696076808511 : Checking image 2 dpi 300
1608412696076869711 : Checking image 2 border top 196
1608412696076906911 : Checking image 2 border bottom 95
1608412696076942211 : Checking image 2 border left 215
1608412696076977211 : Checking image 2 border right 215

</system-out><system-err>--------------------------------- Captured Err ---------------------------------

</system-err></testcase><testcase classname="tests.test_images" name="test_no_split_line_line_algo_png" time="59.526"><system-out>--------------------------------- Captured Log ---------------------------------

--------------------------------- Captured Out ---------------------------------
/home/runner/work/ocr-book/ocr-book/tests/no_split_line_line_algo.png
1608412659203881768 : Checking separation double page angle 89.47691469185418
1608412659203984768 : Checking separation double page y=0 2476
1608412664379801628 : Checking page rotation 1 -0.14999999999999067
1608412674899211958 : Checking page rotation 2 -0.44999999999999746
1608412677614431636 : Checking image 1 crop x1 205
1608412677614556236 : Checking image 1 crop y1 158
1608412677614593836 : Checking image 1 crop x2 2320
1608412677614628836 : Checking image 1 crop y2 3366
1608412682141202275 : Checking image 2 crop x1 185
1608412682141323275 : Checking image 2 crop y1 221
1608412682141361475 : Checking image 2 crop x2 2201
1608412682141424875 : Checking image 2 crop y2 3366
1608412682179113814 : Checking image 1 dpi 300
1608412682179231714 : Checking image 1 border top 144
1608412682179269514 : Checking image 1 border bottom 134
1608412682179303014 : Checking image 1 border left 172
1608412682179334114 : Checking image 1 border right 172
1608412682182356217 : Checking image 2 dpi 300
1608412682182425917 : Checking image 2 border top 219
1608412682182459417 : Checking image 2 border bottom 123
1608412682182489818 : Checking image 2 border left 222
1608412682182520018 : Checking image 2 border right 222

</system-out><system-err>--------------------------------- Captured Err ---------------------------------

</system-err></testcase><testcase classname="tests.test_images" name="test_failed_split_line_line_algo_png" time="29.858"><system-out>--------------------------------- Captured Log ---------------------------------

--------------------------------- Captured Out ---------------------------------
/home/runner/work/ocr-book/ocr-book/tests/failed_split_line_line_algo.png
1608412701131958530 : Checking separation double page angle 90.0163422057325
1608412701132119331 : Checking separation double page y=0 2576
1608412704974497804 : Checking page rotation 1 -0.14999999999999067
1608412707234937444 : Checking page rotation 2 0.0
1608412710290842411 : Checking image 1 crop x1 407
1608412710290982511 : Checking image 1 crop y1 2925
1608412710291024411 : Checking image 1 crop x2 2419
1608412710291060511 : Checking image 1 crop y2 3174
1608412712051639437 : Checking image 2 crop x1 1183
1608412712051749037 : Checking image 2 crop y1 1745
1608412712051786237 : Checking image 2 crop x2 1184
1608412712051818437 : Checking image 2 crop y2 1746
1608412712052135738 : Checking image 1 dpi 300
1608412712052262738 : Checking image 1 border top 2919
1608412712052300438 : Checking image 1 border bottom 319
1608412712052336038 : Checking image 1 border left 224
1608412712052369338 : Checking image 1 border right 224
1608412712054358940 : Checking image 2 dpi 300
1608412712054577240 : Checking image 2 border top 1752
1608412712054631340 : Checking image 2 border bottom 1753
1608412712054668840 : Checking image 2 border left 1239
1608412712054704340 : Checking image 2 border right 1239

</system-out><system-err>--------------------------------- Captured Err ---------------------------------

</system-err></testcase><testcase classname="tests.test_images" name="test_failed_split_line_line_algo_2_png" time="83.748"><system-out>--------------------------------- Captured Log ---------------------------------

--------------------------------- Captured Out ---------------------------------
/home/runner/work/ocr-book/ocr-book/tests/failed_split_line_line_algo_2.png
1608412747250375447 : Checking separation double page angle 90.04134220573248
1608412747250527247 : Checking separation double page y=0 2498
1608412760380936729 : Checking page rotation 1 0.0
1608412771255793875 : Checking page rotation 2 0.6000000000000001
1608412775896131795 : Checking image 1 crop x1 272
1608412775896273495 : Checking image 1 crop y1 149
1608412775896314795 : Checking image 1 crop x2 2383
1608412775896353196 : Checking image 1 crop y2 3353
1608412779789661344 : Checking image 2 crop x1 124
1608412779789828644 : Checking image 2 crop y1 155
1608412779789872244 : Checking image 2 crop x2 2247
1608412779789913644 : Checking image 2 crop y2 3350
1608412779835115936 : Checking image 1 dpi 300
1608412779835274037 : Checking image 1 border top 137
1608412779835315637 : Checking image 1 border bottom 146
1608412779835352037 : Checking image 1 border left 174
1608412779835386737 : Checking image 1 border right 174
1608412779838465143 : Checking image 2 dpi 300
1608412779838563343 : Checking image 2 border top 135
1608412779838599843 : Checking image 2 border bottom 157
1608412779838671444 : Checking image 2 border left 168
1608412779838705744 : Checking image 2 border right 168

</system-out><system-err>--------------------------------- Captured Err ---------------------------------

</system-err></testcase><testcase classname="tests.test_images" name="test_crop_too_much_3_png" time="80.132"><system-out>--------------------------------- Captured Log ---------------------------------

--------------------------------- Captured Out ---------------------------------
/home/runner/work/ocr-book/ocr-book/tests/crop_too_much_3.png
1608412759124744909 : Checking separation double page angle 89.52945237729824
1608412759124877609 : Checking separation double page y=0 2497
1608412769339143655 : Checking page rotation 1 -0.8999999999999949
1608412782235277009 : Checking page rotation 2 -0.14999999999999067
1608412786919859865 : Checking image 1 crop x1 374
1608412786920124666 : Checking image 1 crop y1 258
1608412786920170866 : Checking image 1 crop x2 2385
1608412786920225466 : Checking image 1 crop y2 3459
1608412792089186018 : Checking image 2 crop x1 169
1608412792089326518 : Checking image 2 crop y1 228
1608412792089368118 : Checking image 2 crop x2 2182
1608412792089447718 : Checking image 2 crop y2 3417
1608412792142388824 : Checking image 1 dpi 300
1608412792142582624 : Checking image 1 border top 239
1608412792142662124 : Checking image 1 border bottom 46
1608412792142708524 : Checking image 1 border left 224
1608412792142747324 : Checking image 1 border right 224
1608412792146465332 : Checking image 2 dpi 300
1608412792146615532 : Checking image 2 border top 210
1608412792146789532 : Checking image 2 border bottom 88
1608412792146864633 : Checking image 2 border left 223
1608412792146905733 : Checking image 2 border right 223

</system-out><system-err>--------------------------------- Captured Err ---------------------------------

</system-err></testcase><testcase classname="tests.test_images" name="test_wrong_wave_split_line_2_png" time="89.190"><system-out>--------------------------------- Captured Log ---------------------------------

--------------------------------- Captured Out ---------------------------------
/home/runner/work/ocr-book/ocr-book/tests/wrong_wave_split_line_2.png
1608412834550789513 : Checking separation double page angle 90.7708958311329
1608412834550905913 : Checking separation double page y=0 2490
1608412844116755791 : Checking page rotation 1 0.4
1608412857395085379 : Checking page rotation 2 1.8
1608412861585767954 : Checking image 1 crop x1 224
1608412861585911854 : Checking image 1 crop y1 147
1608412861586056055 : Checking image 1 crop x2 2337
1608412861586121355 : Checking image 1 crop y2 3355
1608412868974669808 : Checking image 2 crop x1 107
1608412868974806108 : Checking image 2 crop y1 197
1608412868974846308 : Checking image 2 crop x2 2229
1608412868974884908 : Checking image 2 crop y2 3396
1608412869025973999 : Checking image 1 dpi 300
1608412869026089400 : Checking image 1 border top 134
1608412869026129700 : Checking image 1 border bottom 145
1608412869026163800 : Checking image 1 border left 173
1608412869026197800 : Checking image 1 border right 173
1608412869029088205 : Checking image 2 dpi 300
1608412869029155905 : Checking image 2 border top 171
1608412869029191805 : Checking image 2 border bottom 116
1608412869029225105 : Checking image 2 border left 169
1608412869029258505 : Checking image 2 border right 169

</system-out><system-err>--------------------------------- Captured Err ---------------------------------

</system-err></testcase><testcase classname="tests.test_images" name="test_wrong_wave_split_line_3_png" time="76.899"><system-out>--------------------------------- Captured Log ---------------------------------

--------------------------------- Captured Out ---------------------------------
/home/runner/work/ocr-book/ocr-book/tests/wrong_wave_split_line_3.png
1608412840932731000 : Checking separation double page angle 90.03326063695573
1608412840932845801 : Checking separation double page y=0 2514
1608412852223693972 : Checking page rotation 1 0.05
1608412860948925606 : Checking page rotation 2 0.35
1608412864978092955 : Checking image 1 crop x1 273
1608412864978214855 : Checking image 1 crop y1 220
1608412864978271456 : Checking image 1 crop x2 2383
1608412864978325656 : Checking image 1 crop y2 3423
1608412869023250195 : Checking image 2 crop x1 114
1608412869023405295 : Checking image 2 crop y1 226
1608412869023449095 : Checking image 2 crop x2 2235
1608412869023575295 : Checking image 2 crop y2 3413
1608412869063438166 : Checking image 1 dpi 300
1608412869063565067 : Checking image 1 border top 202
1608412869063608867 : Checking image 1 border bottom 82
1608412869063664467 : Checking image 1 border left 175
1608412869063700567 : Checking image 1 border right 175
1608412869066518672 : Checking image 2 dpi 300
1608412869066586372 : Checking image 2 border top 206
1608412869066625372 : Checking image 2 border bottom 94
1608412869066661572 : Checking image 2 border left 169
1608412869066697272 : Checking image 2 border right 169

</system-out><system-err>--------------------------------- Captured Err ---------------------------------

</system-err></testcase><testcase classname="tests.test_images" name="test_no_split_line_wave_algo_png" time="79.004"><system-out>--------------------------------- Captured Log ---------------------------------

--------------------------------- Captured Out ---------------------------------
/home/runner/work/ocr-book/ocr-book/tests/no_split_line_wave_algo.png
1608412908467160971 : Checking separation double page angle 89.93095154476828
1608412908467306471 : Checking separation double page y=0 2484
1608412915269750986 : Checking page rotation 1 0.0
1608412925952913790 : Checking page rotation 2 -0.49999999999999434
1608412937385771914 : Checking image 1 crop x1 97
1608412937385865614 : Checking image 1 crop y1 27
1608412937385904014 : Checking image 1 crop x2 2486
1608412937385939714 : Checking image 1 crop y2 3505
1608412947947856089 : Checking image 2 crop x1 163
1608412947947999189 : Checking image 2 crop y1 266
1608412947948044089 : Checking image 2 crop x2 2238
1608412947948081989 : Checking image 2 crop y2 3381
1608412947989849857 : Checking image 1 dpi 300
1608412947989977757 : Checking image 1 border top 15
1608412947990017857 : Checking image 1 border bottom 15
1608412947990052457 : Checking image 1 border left 46
1608412947990086357 : Checking image 1 border right 46
1608412947993332163 : Checking image 2 dpi 300
1608412947993463063 : Checking image 2 border top 258
1608412947993505363 : Checking image 2 border bottom 114
1608412947993541263 : Checking image 2 border left 192
1608412947993576063 : Checking image 2 border right 192

</system-out><system-err>--------------------------------- Captured Err ---------------------------------

</system-err></testcase><testcase classname="tests.test_images" name="test_no_split_line_wave_algo_2_png" time="66.463"><system-out>--------------------------------- Captured Log ---------------------------------

--------------------------------- Captured Out ---------------------------------
/home/runner/work/ocr-book/ocr-book/tests/no_split_line_wave_algo_2.png
1608412910505246031 : Checking separation double page angle 90.5
1608412910505363431 : Checking separation double page y=0 2478
1608412919413451757 : Checking page rotation 1 1.1500000000000001
1608412928688879240 : Checking page rotation 2 0.2
1608412932289588008 : Checking image 1 crop x1 266
1608412932289744008 : Checking image 1 crop y1 209
1608412932289784108 : Checking image 1 crop x2 2342
1608412932289819308 : Checking image 1 crop y2 3413
1608412935492866297 : Checking image 2 crop x1 165
1608412935493022097 : Checking image 2 crop y1 241
1608412935493066397 : Checking image 2 crop x2 2248
1608412935493107697 : Checking image 2 crop y2 3433
1608412935533876565 : Checking image 1 dpi 300
1608412935534005765 : Checking image 1 border top 191
1608412935534048865 : Checking image 1 border bottom 92
1608412935534087865 : Checking image 1 border left 192
1608412935534124965 : Checking image 1 border right 192
1608412935536720569 : Checking image 2 dpi 300
1608412935536791369 : Checking image 2 border top 224
1608412935536829269 : Checking image 2 border bottom 71
1608412935536865369 : Checking image 2 border left 188
1608412935536900970 : Checking image 2 border right 188

</system-out><system-err>--------------------------------- Captured Err ---------------------------------

</system-err></testcase><testcase classname="tests.test_images" name="test_failed_detect_rectangle_png" time="83.745"><system-out>--------------------------------- Captured Log ---------------------------------

--------------------------------- Captured Out ---------------------------------
/home/runner/work/ocr-book/ocr-book/tests/failed_detect_rectangle.png
1608412985868092887 : Checking separation double page angle 90.22337516213149
1608412985868209187 : Checking separation double page y=0 2474
1608412997397034644 : Checking page rotation 1 0.2
1608413011698128258 : Checking page rotation 2 0.2
1608413015514685987 : Checking image 1 crop x1 257
1608413015514821187 : Checking image 1 crop y1 201
1608413015514864187 : Checking image 1 crop x2 2333
1608413015514901287 : Checking image 1 crop y2 3402
1608413019214729819 : Checking image 2 crop x1 137
1608413019214869019 : Checking image 2 crop y1 215
1608413019214912719 : Checking image 2 crop x2 2220
1608413019214953419 : Checking image 2 crop y2 3406
1608413019267628199 : Checking image 1 dpi 300
1608413019267759899 : Checking image 1 border top 188
1608413019267803299 : Checking image 1 border bottom 97
1608413019267842499 : Checking image 1 border left 192
1608413019267880000 : Checking image 1 border right 192
1608413019270629904 : Checking image 2 dpi 300
1608413019270738104 : Checking image 2 border top 201
1608413019270777204 : Checking image 2 border bottom 95
1608413019270813504 : Checking image 2 border left 188
1608413019270849304 : Checking image 2 border right 188

</system-out><system-err>--------------------------------- Captured Err ---------------------------------

</system-err></testcase><testcase classname="tests.test_images" name="test_crop_too_few_2_png" time="65.865"><system-out>--------------------------------- Captured Log ---------------------------------

--------------------------------- Captured Out ---------------------------------
/home/runner/work/ocr-book/ocr-book/tests/crop_too_few_2.png
1608412988772928329 : Checking separation double page angle 90.3480629671595
1608412988773046130 : Checking separation double page y=0 2534
1608412997679159481 : Checking page rotation 1 1.2000000000000002
1608413005722041493 : Checking page rotation 2 -0.09999999999999377
1608413009751864579 : Checking image 1 crop x1 287
1608413009752020879 : Checking image 1 crop y1 165
1608413009752063279 : Checking image 1 crop x2 2398
1608413009752104279 : Checking image 1 crop y2 3368
1608413013880968294 : Checking image 2 crop x1 148
1608413013881120595 : Checking image 2 crop y1 188
1608413013881163995 : Checking image 2 crop x2 2274
1608413013881205995 : Checking image 2 crop y2 3386
1608413013919091553 : Checking image 1 dpi 300
1608413013919213953 : Checking image 1 border top 157
1608413013919255353 : Checking image 1 border bottom 127
1608413013919290753 : Checking image 1 border left 174
1608413013919325653 : Checking image 1 border right 174
1608413013922241857 : Checking image 2 dpi 300
1608413013922312057 : Checking image 2 border top 175
1608413013922348557 : Checking image 2 border bottom 114
1608413013922382758 : Checking image 2 border left 167
1608413013922417358 : Checking image 2 border right 167

</system-out><system-err>--------------------------------- Captured Err ---------------------------------

</system-err></testcase><testcase classname="tests.test_images" name="test_no_split_line_wave_algo_3_png" time="21.282"><system-out>--------------------------------- Captured Log ---------------------------------

--------------------------------- Captured Out ---------------------------------
/home/runner/work/ocr-book/ocr-book/tests/no_split_line_wave_algo_3.png
1608413026134313004 : Checking separation double page angle 90.19999999999999
1608413026134439004 : Checking separation double page y=0 2408
1608413029232763679 : Checking page rotation 1 0.0
1608413029656208817 : Checking page rotation 2 0.15000000000000002
1608413034399004348 : Checking image 1 crop x1 184
1608413034399152249 : Checking image 1 crop y1 2957
1608413034399210149 : Checking image 1 crop x2 2201
1608413034399246949 : Checking image 1 crop y2 3202
1608413035186528230 : Checking image 2 crop x1 0
1608413035186606730 : Checking image 2 crop y1 0
1608413035186642030 : Checking image 2 crop x2 0
1608413035186675630 : Checking image 2 crop y2 0
1608413035186793630 : Checking image 1 dpi 300
1608413035186878630 : Checking image 1 border top 2950
1608413035186918630 : Checking image 1 border bottom 292
1608413035186954031 : Checking image 1 border left 221
1608413035186988031 : Checking image 1 border right 221
1608413035193750741 : Checking image 2 border top 0
1608413035193812641 : Checking image 2 border bottom 0
1608413035193846641 : Checking image 2 border left 0
1608413035193896441 : Checking image 2 border right 0

</system-out><system-err>--------------------------------- Captured Err ---------------------------------

</system-err></testcase><testcase classname="tests.test_images" name="test_single_page_png" time="27.058"><system-out>--------------------------------- Captured Log ---------------------------------

--------------------------------- Captured Out ---------------------------------
/home/runner/work/ocr-book/ocr-book/tests/single_page.png
1608413031402772247 : Checking separation double page angle 90.0
1608413031402891347 : Checking separation double page y=0 2476
1608413037047458219 : Checking page rotation 1 0.0
1608413037638055403 : Checking page rotation 2 0.0
1608413045395863278 : Checking image 1 crop x1 1
1608413045395957178 : Checking image 1 crop y1 8
1608413045395997078 : Checking image 1 crop x2 2470
1608413045396030578 : Checking image 1 crop y2 3505
1608413045996336471 : Checking image 2 crop x1 0
1608413045996411671 : Checking image 2 crop y1 0
1608413045996444571 : Checking image 2 crop x2 0
1608413045996475571 : Checking image 2 crop y2 0
1608413045996581071 : Checking image 1 dpi 300
1608413045996644071 : Checking image 1 border top 5
1608413045996678271 : Checking image 1 border bottom 5
1608413045996709471 : Checking image 1 border left 6
1608413045996739871 : Checking image 1 border right 6
1608413046003657882 : Checking image 2 border top 0
1608413046003740882 : Checking image 2 border bottom 0
1608413046003772182 : Checking image 2 border left 0
1608413046003802682 : Checking image 2 border right 0

</system-out><system-err>--------------------------------- Captured Err ---------------------------------

</system-err></testcase></testsuite></testsuites>