<?xml version="1.0" encoding="utf-8"?><testsuites><testsuite name="pytest" errors="0" failures="0" skipped="0" tests="36" time="355.350" timestamp="2021-05-12T13:42:54.269480" hostname="fv-az213-829"><testcase classname="tests.test_features" name="test_mock_stop_at_0" time="0.038"><system-out>--------------------------------- Captured Log ---------------------------------

--------------------------------- Captured Out ---------------------------------
/home/runner/work/diptych/diptych/tests/0001_0.png

</system-out><system-err>--------------------------------- Captured Err ---------------------------------

</system-err></testcase><testcase classname="tests.test_features" name="test_disabled_enable_debug" time="20.959"><system-out>--------------------------------- Captured Log ---------------------------------

--------------------------------- Captured Out ---------------------------------
/home/runner/work/diptych/diptych/tests/0001_debug.png
separation double page angle 90.55756528497216
separation double page y=0 2484
page rotation 1 0.65
page rotation 2 0.2
image 1 crop x1 329
image 1 crop y1 335
image 1 crop x2 2344
image 1 crop y2 3222
image 2 crop x1 171
image 2 crop y1 648
image 2 crop x2 2188
image 2 crop y2 3361
image 1 dpi 300
image 1 border top 327
image 1 border bottom 273
image 1 border left 222
image 1 border right 222
image 2 dpi 300
image 2 border top 643
image 2 border bottom 131
image 2 border left 221
image 2 border right 221

</system-out><system-err>--------------------------------- Captured Err ---------------------------------

</system-err></testcase><testcase classname="tests.test_features" name="test_mock_stop_at_2" time="14.793"><system-out>--------------------------------- Captured Log ---------------------------------

--------------------------------- Captured Out ---------------------------------
/home/runner/work/diptych/diptych/tests/0001_2.png
separation double page angle 90.55756528497216
separation double page y=0 2484
page rotation 1 0.65
page rotation 2 0.2

</system-out><system-err>--------------------------------- Captured Err ---------------------------------

</system-err></testcase><testcase classname="tests.test_features" name="test_mock_stop_at_4" time="20.580"><system-out>--------------------------------- Captured Log ---------------------------------

--------------------------------- Captured Out ---------------------------------
/home/runner/work/diptych/diptych/tests/0001_4.png
separation double page angle 90.55756528497216
separation double page y=0 2484
page rotation 1 0.65
page rotation 2 0.2
image 1 crop x1 329
image 1 crop y1 335
image 1 crop x2 2344
image 1 crop y2 3222
image 2 crop x1 171
image 2 crop y1 648
image 2 crop x2 2188
image 2 crop y2 3361
image 1 dpi 300
image 1 border top 326
image 1 border bottom 274
image 1 border left 222
image 1 border right 222
image 2 dpi 300
image 2 border top 643
image 2 border bottom 131
image 2 border left 221
image 2 border right 221

</system-out><system-err>--------------------------------- Captured Err ---------------------------------

</system-err></testcase><testcase classname="tests.test_features" name="test_mock_stop_at_1" time="12.305"><system-out>--------------------------------- Captured Log ---------------------------------

--------------------------------- Captured Out ---------------------------------
/home/runner/work/diptych/diptych/tests/0001_1.png
separation double page angle 90.55756528497216
separation double page y=0 2484

</system-out><system-err>--------------------------------- Captured Err ---------------------------------

</system-err></testcase><testcase classname="tests.test_features" name="test_mock_stop_at_3" time="19.618"><system-out>--------------------------------- Captured Log ---------------------------------

--------------------------------- Captured Out ---------------------------------
/home/runner/work/diptych/diptych/tests/0001_3.png
separation double page angle 90.55756528497216
separation double page y=0 2484
page rotation 1 0.65
page rotation 2 0.2
image 1 crop x1 329
image 1 crop y1 335
image 1 crop x2 2344
image 1 crop y2 3222
image 2 crop x1 171
image 2 crop y1 648
image 2 crop x2 2188
image 2 crop y2 3361

</system-out><system-err>--------------------------------- Captured Err ---------------------------------

</system-err></testcase><testcase classname="tests.test_images" name="test_0001_png" time="18.153"><system-out>--------------------------------- Captured Log ---------------------------------

--------------------------------- Captured Out ---------------------------------
/home/runner/work/diptych/diptych/tests/0001.png
1620827021783732496 : Checking separation double page angle 90.55756528497216
1620827021783849097 : Checking separation double page y=0 2484
1620827022706753912 : Checking page rotation 1 0.65
1620827023881878697 : Checking page rotation 2 0.2
1620827026503234341 : Checking image 1 crop x1 329
1620827026503336842 : Checking image 1 crop y1 335
1620827026503370242 : Checking image 1 crop x2 2344
1620827026503416942 : Checking image 1 crop y2 3222
1620827028878025981 : Checking image 2 crop x1 171
1620827028878125582 : Checking image 2 crop y1 648
1620827028878158382 : Checking image 2 crop x2 2188
1620827028878186682 : Checking image 2 crop y2 3361
1620827028878315783 : Checking image 1 dpi 300
1620827028878375583 : Checking image 1 border top 326
1620827028878405483 : Checking image 1 border bottom 274
1620827028878430584 : Checking image 1 border left 222
1620827028878454984 : Checking image 1 border right 222
1620827028880692096 : Checking image 2 dpi 300
1620827028880742396 : Checking image 2 border top 643
1620827028880769096 : Checking image 2 border bottom 131
1620827028880793596 : Checking image 2 border left 221
1620827028880817597 : Checking image 2 border right 221

</system-out><system-err>--------------------------------- Captured Err ---------------------------------

</system-err></testcase><testcase classname="tests.test_features" name="test_mock_stop_at_5" time="20.411"><system-out>--------------------------------- Captured Log ---------------------------------

--------------------------------- Captured Out ---------------------------------
/home/runner/work/diptych/diptych/tests/0001_5.png
separation double page angle 90.55756528497216
separation double page y=0 2484
page rotation 1 0.65
page rotation 2 0.2
image 1 crop x1 329
image 1 crop y1 335
image 1 crop x2 2344
image 1 crop y2 3222
image 2 crop x1 171
image 2 crop y1 648
image 2 crop x2 2188
image 2 crop y2 3361
image 1 dpi 300
image 1 border top 326
image 1 border bottom 274
image 1 border left 222
image 1 border right 222
image 2 dpi 300
image 2 border top 643
image 2 border bottom 131
image 2 border left 221
image 2 border right 221

</system-out><system-err>--------------------------------- Captured Err ---------------------------------

</system-err></testcase><testcase classname="tests.test_images" name="test_black_border_not_removed_png" time="20.447"><system-out>--------------------------------- Captured Log ---------------------------------

--------------------------------- Captured Out ---------------------------------
/home/runner/work/diptych/diptych/tests/black-border-not-removed.png
1620827039236152829 : Checking separation double page angle 90.01516396500199
1620827039236269430 : Checking separation double page y=0 2455
1620827040268065992 : Checking page rotation 1 0.0
1620827041598879666 : Checking page rotation 2 0.1
1620827044362388113 : Checking image 1 crop x1 297
1620827044362488513 : Checking image 1 crop y1 143
1620827044362519014 : Checking image 1 crop x2 2309
1620827044362547514 : Checking image 1 crop y2 3346
1620827049319444616 : Checking image 2 crop x1 154
1620827049319550117 : Checking image 2 crop y1 144
1620827049319583617 : Checking image 2 crop x2 2168
1620827049319614917 : Checking image 2 crop y2 3351
1620827049319758018 : Checking image 1 dpi 300
1620827049319824918 : Checking image 1 border top 131
1620827049319856819 : Checking image 1 border bottom 153
1620827049319885819 : Checking image 1 border left 224
1620827049319913319 : Checking image 1 border right 224
1620827049322632033 : Checking image 2 dpi 300
1620827049322702234 : Checking image 2 border top 133
1620827049322732334 : Checking image 2 border bottom 147
1620827049322760234 : Checking image 2 border left 223
1620827049322787834 : Checking image 2 border right 223

</system-out><system-err>--------------------------------- Captured Err ---------------------------------

</system-err></testcase><testcase classname="tests.test_images" name="test_2_pages_2_contours_png" time="14.909"><system-out>--------------------------------- Captured Log ---------------------------------

--------------------------------- Captured Out ---------------------------------
/home/runner/work/diptych/diptych/tests/2-pages-2-contours.png
1620827058707286941 : Checking separation double page angle 90.14230271514262
1620827058707402741 : Checking separation double page y=0 2488
1620827059290432640 : Checking page rotation 1 0.0
1620827060307782634 : Checking page rotation 2 0.2
1620827061133182430 : Checking image 1 crop x1 1189
1620827061133272430 : Checking image 1 crop y1 1751
1620827061133303830 : Checking image 1 crop x2 1190
1620827061133330131 : Checking image 1 crop y2 1752
1620827063526695886 : Checking image 2 crop x1 100
1620827063526826187 : Checking image 2 crop y1 240
1620827063526931687 : Checking image 2 crop x2 2148
1620827063526986388 : Checking image 2 crop y2 3240
1620827063527198189 : Checking image 1 dpi 300
1620827063527272289 : Checking image 1 border top 1752
1620827063527310689 : Checking image 1 border bottom 1753
1620827063527346190 : Checking image 1 border left 1239
1620827063527380990 : Checking image 1 border right 1239
1620827063529528401 : Checking image 2 dpi 300
1620827063529586101 : Checking image 2 border top 230
1620827063529614401 : Checking image 2 border bottom 256
1620827063529640102 : Checking image 2 border left 206
1620827063529665302 : Checking image 2 border right 206

</system-out><system-err>--------------------------------- Captured Err ---------------------------------

</system-err></testcase><testcase classname="tests.test_images" name="test_image_failed_to_rotate_png" time="24.651"><system-out>--------------------------------- Captured Log ---------------------------------

--------------------------------- Captured Out ---------------------------------
/home/runner/work/diptych/diptych/tests/image_failed_to_rotate.png
1620827063365264646 : Checking separation double page angle 90.35651650869968
1620827063365384947 : Checking separation double page y=0 2483
1620827065068216109 : Checking page rotation 1 0.45
1620827066188309338 : Checking page rotation 2 0.2
1620827070408236593 : Checking image 1 crop x1 31
1620827070408348393 : Checking image 1 crop y1 1
1620827070408379994 : Checking image 1 crop x2 2481
1620827070408433994 : Checking image 1 crop y2 3504
1620827073878662856 : Checking image 2 crop x1 171
1620827073878761057 : Checking image 2 crop y1 231
1620827073878792657 : Checking image 2 crop x2 2259
1620827073878837357 : Checking image 2 crop y2 3358
1620827073878966058 : Checking image 1 dpi 300
1620827073879025658 : Checking image 1 border top 2
1620827073879053959 : Checking image 1 border bottom 2
1620827073879078559 : Checking image 1 border left 15
1620827073879103059 : Checking image 1 border right 15
1620827073881537371 : Checking image 2 dpi 300
1620827073881592472 : Checking image 2 border top 217
1620827073881622572 : Checking image 2 border bottom 143
1620827073881648172 : Checking image 2 border left 186
1620827073881673272 : Checking image 2 border right 186

</system-out><system-err>--------------------------------- Captured Err ---------------------------------

</system-err></testcase><testcase classname="tests.test_images" name="test_wrong_split_line_png" time="17.195"><system-out>--------------------------------- Captured Log ---------------------------------

--------------------------------- Captured Out ---------------------------------
/home/runner/work/diptych/diptych/tests/wrong_split_line.png
1620827075294027449 : Checking separation double page angle 89.95895720607972
1620827075294240650 : Checking separation double page y=0 2466
1620827076339672518 : Checking page rotation 1 -0.04999999999999689
1620827077306843913 : Checking page rotation 2 0.45
1620827078644769371 : Checking image 1 crop x1 211
1620827078644873371 : Checking image 1 crop y1 156
1620827078644904571 : Checking image 1 crop x2 2323
1620827078644951272 : Checking image 1 crop y2 3363
1620827080718037722 : Checking image 2 crop x1 123
1620827080718180623 : Checking image 2 crop y1 164
1620827080718212623 : Checking image 2 crop x2 2237
1620827080718242023 : Checking image 2 crop y2 3375
1620827080718387724 : Checking image 1 dpi 300
1620827080718453824 : Checking image 1 border top 135
1620827080718484424 : Checking image 1 border bottom 145
1620827080718510824 : Checking image 1 border left 174
1620827080718536125 : Checking image 1 border right 174
1620827080721167137 : Checking image 2 dpi 300
1620827080721217837 : Checking image 2 border top 141
1620827080721244237 : Checking image 2 border bottom 135
1620827080721268938 : Checking image 2 border left 173
1620827080721293238 : Checking image 2 border right 173

</system-out><system-err>--------------------------------- Captured Err ---------------------------------

</system-err></testcase><testcase classname="tests.test_images" name="test_image_failed_to_crop_data_png" time="35.081"><system-out>--------------------------------- Captured Log ---------------------------------

--------------------------------- Captured Out ---------------------------------
/home/runner/work/diptych/diptych/tests/image_failed_to_crop_data.png
1620827091582501151 : Checking separation double page angle 90.09350257645173
1620827091582620150 : Checking separation double page y=0 2479
1620827095419731002 : Checking page rotation 1 0.15000000000000002
1620827096374928606 : Checking page rotation 2 0.05
1620827105757605145 : Checking image 1 crop x1 46
1620827105757747945 : Checking image 1 crop y1 1
1620827105757837445 : Checking image 1 crop x2 2477
1620827105757977345 : Checking image 1 crop y2 3505
1620827108998606918 : Checking image 2 crop x1 164
1620827108998711318 : Checking image 2 crop y1 217
1620827108998745818 : Checking image 2 crop x2 2245
1620827108998777518 : Checking image 2 crop y2 3350
1620827108998928717 : Checking image 1 dpi 300
1620827108998999017 : Checking image 1 border top 2
1620827108999033217 : Checking image 1 border bottom 2
1620827108999062117 : Checking image 1 border left 25
1620827108999090717 : Checking image 1 border right 25
1620827109001804810 : Checking image 2 dpi 300
1620827109001909509 : Checking image 2 border top 206
1620827109001956909 : Checking image 2 border bottom 148
1620827109002003909 : Checking image 2 border left 189
1620827109002032209 : Checking image 2 border right 189

</system-out><system-err>--------------------------------- Captured Err ---------------------------------

</system-err></testcase><testcase classname="tests.test_images" name="test_crop_too_much_png" time="23.078"><system-out>--------------------------------- Captured Log ---------------------------------

--------------------------------- Captured Out ---------------------------------
/home/runner/work/diptych/diptych/tests/crop_too_much.png
1620827093309825875 : Checking separation double page angle 90.16929865985193
1620827093309916474 : Checking separation double page y=0 2456
1620827094690905100 : Checking page rotation 1 -0.04999999999999689
1620827096058715283 : Checking page rotation 2 0.2
1620827099335194456 : Checking image 1 crop x1 302
1620827099335297251 : Checking image 1 crop y1 148
1620827099335329650 : Checking image 1 crop x2 2314
1620827099335357148 : Checking image 1 crop y2 3351
1620827103769581568 : Checking image 2 crop x1 163
1620827103769688769 : Checking image 2 crop y1 151
1620827103769723369 : Checking image 2 crop x2 2187
1620827103769754569 : Checking image 2 crop y2 3363
1620827103769895869 : Checking image 1 dpi 300
1620827103769965769 : Checking image 1 border top 133
1620827103769998069 : Checking image 1 border bottom 151
1620827103770027369 : Checking image 1 border left 224
1620827103770056769 : Checking image 1 border right 224
1620827103773007474 : Checking image 2 dpi 300
1620827103773071574 : Checking image 2 border top 132
1620827103773102374 : Checking image 2 border bottom 143
1620827103773130074 : Checking image 2 border left 218
1620827103773160174 : Checking image 2 border right 218

</system-out><system-err>--------------------------------- Captured Err ---------------------------------

</system-err></testcase><testcase classname="tests.test_images" name="test_crop_too_few_png" time="18.009"><system-out>--------------------------------- Captured Log ---------------------------------

--------------------------------- Captured Out ---------------------------------
/home/runner/work/diptych/diptych/tests/crop_too_few.png
1620827116011261999 : Checking separation double page angle 89.49492328400886
1620827116011385200 : Checking separation double page y=0 2510
1620827116954270591 : Checking page rotation 1 -0.6499999999999977
1620827118033490741 : Checking page rotation 2 0.0
1620827120264661024 : Checking image 1 crop x1 263
1620827120264758924 : Checking image 1 crop y1 150
1620827120264788724 : Checking image 1 crop x2 2377
1620827120264814524 : Checking image 1 crop y2 3357
1620827121820329925 : Checking image 2 crop x1 139
1620827121820440725 : Checking image 2 crop y1 141
1620827121820473925 : Checking image 2 crop x2 2261
1620827121820501225 : Checking image 2 crop y2 3345
1620827121820642025 : Checking image 1 dpi 300
1620827121820703425 : Checking image 1 border top 129
1620827121820750825 : Checking image 1 border bottom 150
1620827121820776726 : Checking image 1 border left 173
1620827121820802826 : Checking image 1 border right 173
1620827121823495629 : Checking image 2 dpi 300
1620827121823552429 : Checking image 2 border top 130
1620827121823579029 : Checking image 2 border bottom 153
1620827121823602729 : Checking image 2 border left 169
1620827121823626429 : Checking image 2 border right 169

</system-out><system-err>--------------------------------- Captured Err ---------------------------------

</system-err></testcase><testcase classname="tests.test_images" name="test_wrong_angle_split_line_png" time="23.668"><system-out>--------------------------------- Captured Log ---------------------------------

--------------------------------- Captured Out ---------------------------------
/home/runner/work/diptych/diptych/tests/wrong_angle_split_line.png
1620827119807073794 : Checking separation double page angle 90.08791528895468
1620827119807194994 : Checking separation double page y=0 2478
1620827121026898806 : Checking page rotation 1 0.1
1620827122052110793 : Checking page rotation 2 0.1
1620827127511283687 : Checking image 1 crop x1 58
1620827127511407888 : Checking image 1 crop y1 6
1620827127511444088 : Checking image 1 crop x2 2476
1620827127511475189 : Checking image 1 crop y2 3501
1620827132061233900 : Checking image 2 crop x1 166
1620827132061333100 : Checking image 2 crop y1 218
1620827132061365700 : Checking image 2 crop x2 2244
1620827132061394800 : Checking image 2 crop y2 3349
1620827132061530500 : Checking image 1 dpi 300
1620827132061597101 : Checking image 1 border top 6
1620827132061629001 : Checking image 1 border bottom 6
1620827132061656101 : Checking image 1 border left 31
1620827132061682601 : Checking image 1 border right 31
1620827132069240021 : Checking image 2 dpi 300
1620827132069330422 : Checking image 2 border top 209
1620827132069361122 : Checking image 2 border bottom 147
1620827132069388222 : Checking image 2 border left 191
1620827132069414322 : Checking image 2 border right 191

</system-out><system-err>--------------------------------- Captured Err ---------------------------------

</system-err></testcase><testcase classname="tests.test_images" name="test_crop_too_much_2_png" time="24.074"><system-out>--------------------------------- Captured Log ---------------------------------

--------------------------------- Captured Out ---------------------------------
/home/runner/work/diptych/diptych/tests/crop_too_much_2.png
1620827136251310893 : Checking separation double page angle 90.15285326123045
1620827136251404293 : Checking separation double page y=0 2477
1620827137569734978 : Checking page rotation 1 0.15000000000000002
1620827139096363329 : Checking page rotation 2 0.2
1620827142015590745 : Checking image 1 crop x1 330
1620827142015698845 : Checking image 1 crop y1 132
1620827142015732545 : Checking image 1 crop x2 2342
1620827142015761345 : Checking image 1 crop y2 3335
1620827145863085791 : Checking image 2 crop x1 165
1620827145863182891 : Checking image 2 crop y1 139
1620827145863227791 : Checking image 2 crop x2 2178
1620827145863257991 : Checking image 2 crop y2 3345
1620827145863400492 : Checking image 1 dpi 300
1620827145863469192 : Checking image 1 border top 121
1620827145863500292 : Checking image 1 border bottom 163
1620827145863529492 : Checking image 1 border left 224
1620827145863559192 : Checking image 1 border right 224
1620827145866446700 : Checking image 2 dpi 300
1620827145866512500 : Checking image 2 border top 129
1620827145866561801 : Checking image 2 border bottom 152
1620827145866591801 : Checking image 2 border left 223
1620827145866621201 : Checking image 2 border right 223

</system-out><system-err>--------------------------------- Captured Err ---------------------------------

</system-err></testcase><testcase classname="tests.test_images" name="test_angle_page_lower_split_line_png" time="23.570"><system-out>--------------------------------- Captured Log ---------------------------------

--------------------------------- Captured Out ---------------------------------
/home/runner/work/diptych/diptych/tests/angle_page_lower_split_line.png
1620827148793453949 : Checking separation double page angle 89.74412725181848
1620827148793548250 : Checking separation double page y=0 2472
1620827150176305698 : Checking page rotation 1 -0.14999999999999067
1620827151438008964 : Checking page rotation 2 0.1
1620827152970293230 : Checking image 1 crop x1 241
1620827152970394931 : Checking image 1 crop y1 156
1620827152970428231 : Checking image 1 crop x2 2357
1620827152970458831 : Checking image 1 crop y2 3368
1620827156310040501 : Checking image 2 crop x1 151
1620827156310145802 : Checking image 2 crop y1 146
1620827156310181402 : Checking image 2 crop x2 2261
1620827156310212902 : Checking image 2 crop y2 3351
1620827156310369903 : Checking image 1 dpi 300
1620827156310436704 : Checking image 1 border top 140
1620827156310468704 : Checking image 1 border bottom 135
1620827156310497604 : Checking image 1 border left 172
1620827156310525204 : Checking image 1 border right 172
1620827156313778925 : Checking image 2 dpi 300
1620827156313838325 : Checking image 2 border top 131
1620827156313867725 : Checking image 2 border bottom 151
1620827156313893826 : Checking image 2 border left 175
1620827156313937426 : Checking image 2 border right 175

</system-out><system-err>--------------------------------- Captured Err ---------------------------------

</system-err></testcase><testcase classname="tests.test_images" name="test_wrong_split_line_2_png" time="30.010"><system-out>--------------------------------- Captured Log ---------------------------------

--------------------------------- Captured Out ---------------------------------
/home/runner/work/diptych/diptych/tests/wrong_split_line_2.png
1620827160877905166 : Checking separation double page angle 90.23635161124103
1620827160877997467 : Checking separation double page y=0 2437
1620827162380597625 : Checking page rotation 1 0.2
1620827163801656024 : Checking page rotation 2 0.2
1620827168492513277 : Checking image 1 crop x1 294
1620827168492613378 : Checking image 1 crop y1 136
1620827168492643678 : Checking image 1 crop x2 2325
1620827168492673378 : Checking image 1 crop y2 3376
1620827175880934885 : Checking image 2 crop x1 138
1620827175881036286 : Checking image 2 crop y1 190
1620827175881068286 : Checking image 2 crop x2 2174
1620827175881096786 : Checking image 2 crop y2 3389
1620827175881262487 : Checking image 1 dpi 300
1620827175881330587 : Checking image 1 border top 131
1620827175881360987 : Checking image 1 border bottom 116
1620827175881389188 : Checking image 1 border left 214
1620827175881418488 : Checking image 1 border right 214
1620827175884764105 : Checking image 2 dpi 300
1620827175884850606 : Checking image 2 border top 181
1620827175884880406 : Checking image 2 border bottom 107
1620827175884906506 : Checking image 2 border left 212
1620827175884932406 : Checking image 2 border right 212

</system-out><system-err>--------------------------------- Captured Err ---------------------------------

</system-err></testcase><testcase classname="tests.test_images" name="test_wrong_wave_split_line_png" time="29.272"><system-out>--------------------------------- Captured Log ---------------------------------

--------------------------------- Captured Out ---------------------------------
/home/runner/work/diptych/diptych/tests/wrong_wave_split_line.png
1620827170918928371 : Checking separation double page angle 90.42461655762611
1620827170919025471 : Checking separation double page y=0 2502
1620827172401846735 : Checking page rotation 1 -0.09999999999999377
1620827173885562761 : Checking page rotation 2 0.85
1620827179286744049 : Checking image 1 crop x1 384
1620827179286854950 : Checking image 1 crop y1 178
1620827179286887550 : Checking image 1 crop x2 2412
1620827179286915450 : Checking image 1 crop y2 3374
1620827185569921939 : Checking image 2 crop x1 7
1620827185570048340 : Checking image 2 crop y1 0
1620827185570083940 : Checking image 2 crop x2 2411
1620827185570118740 : Checking image 2 crop y2 3505
1620827185570273341 : Checking image 1 dpi 300
1620827185570381542 : Checking image 1 border top 173
1620827185570417242 : Checking image 1 border bottom 118
1620827185570505142 : Checking image 1 border left 216
1620827185570571243 : Checking image 1 border right 216
1620827185575223965 : Checking image 2 dpi 300
1620827185575310066 : Checking image 2 border top 1
1620827185575349566 : Checking image 2 border bottom 1
1620827185575432666 : Checking image 2 border left 38
1620827185575470867 : Checking image 2 border right 38

</system-out><system-err>--------------------------------- Captured Err ---------------------------------

</system-err></testcase><testcase classname="tests.test_images" name="test_small_wave_png" time="20.977"><system-out>--------------------------------- Captured Log ---------------------------------

--------------------------------- Captured Out ---------------------------------
/home/runner/work/diptych/diptych/tests/small_wave.png
1620827190594817902 : Checking separation double page angle 90.56494929955075
1620827190594916802 : Checking separation double page y=0 2495
1620827192044904102 : Checking page rotation 1 0.7
1620827193338460604 : Checking page rotation 2 0.65
1620827194804015583 : Checking image 1 crop x1 322
1620827194804122684 : Checking image 1 crop y1 199
1620827194804155084 : Checking image 1 crop x2 2351
1620827194804182784 : Checking image 1 crop y2 3394
1620827196864806969 : Checking image 2 crop x1 130
1620827196864906770 : Checking image 2 crop y1 222
1620827196864938670 : Checking image 2 crop x2 2163
1620827196864967670 : Checking image 2 crop y2 3420
1620827196865129771 : Checking image 1 dpi 300
1620827196865667374 : Checking image 1 border top 181
1620827196865733774 : Checking image 1 border bottom 111
1620827196865795474 : Checking image 1 border left 215
1620827196865862075 : Checking image 1 border right 215
1620827196869065691 : Checking image 2 dpi 300
1620827196869125691 : Checking image 2 border top 197
1620827196869153591 : Checking image 2 border bottom 92
1620827196869178891 : Checking image 2 border left 213
1620827196869203591 : Checking image 2 border right 213

</system-out><system-err>--------------------------------- Captured Err ---------------------------------

</system-err></testcase><testcase classname="tests.test_images" name="test_no_split_line_line_algo_png" time="19.819"><system-out>--------------------------------- Captured Log ---------------------------------

--------------------------------- Captured Out ---------------------------------
/home/runner/work/diptych/diptych/tests/no_split_line_line_algo.png
1620827197225748579 : Checking separation double page angle 89.47691469185418
1620827197225865480 : Checking separation double page y=0 2476
1620827198137059648 : Checking page rotation 1 -0.14999999999999067
1620827199513285148 : Checking page rotation 2 -0.14999999999999067
1620827201376168788 : Checking image 1 crop x1 205
1620827201376263089 : Checking image 1 crop y1 158
1620827201376292189 : Checking image 1 crop x2 2320
1620827201376319289 : Checking image 1 crop y2 3366
1620827205413891202 : Checking image 2 crop x1 185
1620827205413986202 : Checking image 2 crop y1 225
1620827205414017103 : Checking image 2 crop x2 2204
1620827205414045103 : Checking image 2 crop y2 3362
1620827205414180303 : Checking image 1 dpi 300
1620827205414240504 : Checking image 1 border top 144
1620827205414267704 : Checking image 1 border bottom 134
1620827205414292604 : Checking image 1 border left 172
1620827205414317104 : Checking image 1 border right 172
1620827205416821217 : Checking image 2 dpi 300
1620827205416872617 : Checking image 2 border top 223
1620827205416899617 : Checking image 2 border bottom 127
1620827205416925217 : Checking image 2 border left 220
1620827205416950517 : Checking image 2 border right 220

</system-out><system-err>--------------------------------- Captured Err ---------------------------------

</system-err></testcase><testcase classname="tests.test_images" name="test_wrong_split_line_3_png" time="21.709"><system-out>--------------------------------- Captured Log ---------------------------------

--------------------------------- Captured Out ---------------------------------
/home/runner/work/diptych/diptych/tests/wrong_split_line_3.png
1620827209382494038 : Checking separation double page angle 90.40515247895009
1620827209382605138 : Checking separation double page y=0 2495
1620827210593481652 : Checking page rotation 1 0.2
1620827211609674283 : Checking page rotation 2 0.85
1620827213479937035 : Checking image 1 crop x1 331
1620827213480064036 : Checking image 1 crop y1 166
1620827213480097436 : Checking image 1 crop x2 2377
1620827213480129136 : Checking image 1 crop y2 3375
1620827218591030267 : Checking image 2 crop x1 103
1620827218591129768 : Checking image 2 crop y1 207
1620827218591163768 : Checking image 2 crop x2 2136
1620827218591194168 : Checking image 2 crop y2 3414
1620827218591371069 : Checking image 1 dpi 300
1620827218591447370 : Checking image 1 border top 158
1620827218591483170 : Checking image 1 border bottom 120
1620827218591513770 : Checking image 1 border left 207
1620827218591543370 : Checking image 1 border right 207
1620827218594718586 : Checking image 2 dpi 300
1620827218594782086 : Checking image 2 border top 199
1620827218594814487 : Checking image 2 border bottom 81
1620827218594843687 : Checking image 2 border left 213
1620827218594872687 : Checking image 2 border right 213

</system-out><system-err>--------------------------------- Captured Err ---------------------------------

</system-err></testcase><testcase classname="tests.test_images" name="test_failed_split_line_line_algo_png" time="14.974"><system-out>--------------------------------- Captured Log ---------------------------------

--------------------------------- Captured Out ---------------------------------
/home/runner/work/diptych/diptych/tests/failed_split_line_line_algo.png
1620827215043644639 : Checking separation double page angle 90.0093502548779
1620827215043759839 : Checking separation double page y=0 2574
1620827215749435406 : Checking page rotation 1 0.0
1620827216295817367 : Checking page rotation 2 0.0
1620827218779424820 : Checking image 1 crop x1 411
1620827218779547520 : Checking image 1 crop y1 2927
1620827218779579720 : Checking image 1 crop x2 2422
1620827218779606621 : Checking image 1 crop y2 3172
1620827220406458772 : Checking image 2 crop x1 1191
1620827220406548572 : Checking image 2 crop y1 1745
1620827220406578172 : Checking image 2 crop x2 1192
1620827220406606472 : Checking image 2 crop y2 1746
1620827220406715373 : Checking image 1 dpi 300
1620827220406786973 : Checking image 1 border top 2920
1620827220406818874 : Checking image 1 border bottom 322
1620827220406846274 : Checking image 1 border left 224
1620827220406873174 : Checking image 1 border right 224
1620827220408815084 : Checking image 2 dpi 300
1620827220408863984 : Checking image 2 border top 1752
1620827220408894184 : Checking image 2 border bottom 1753
1620827220408920984 : Checking image 2 border left 1239
1620827220408946984 : Checking image 2 border right 1239

</system-out><system-err>--------------------------------- Captured Err ---------------------------------

</system-err></testcase><testcase classname="tests.test_images" name="test_crop_too_much_3_png" time="19.081"><system-out>--------------------------------- Captured Log ---------------------------------

--------------------------------- Captured Out ---------------------------------
/home/runner/work/diptych/diptych/tests/crop_too_much_3.png
1620827229959322504 : Checking separation double page angle 89.5934556679346
1620827229959406704 : Checking separation double page y=0 2499
1620827230977304389 : Checking page rotation 1 -0.8999999999999949
1620827232399653754 : Checking page rotation 2 -0.04999999999999689
1620827235271130603 : Checking image 1 crop x1 374
1620827235271237704 : Checking image 1 crop y1 258
1620827235271269204 : Checking image 1 crop x2 2385
1620827235271296004 : Checking image 1 crop y2 3459
1620827237676302949 : Checking image 2 crop x1 164
1620827237676426549 : Checking image 2 crop y1 229
1620827237676463349 : Checking image 2 crop x2 2183
1620827237676493850 : Checking image 2 crop y2 3416
1620827237676676851 : Checking image 1 dpi 300
1620827237676742551 : Checking image 1 border top 239
1620827237676772551 : Checking image 1 border bottom 46
1620827237676799251 : Checking image 1 border left 224
1620827237676826551 : Checking image 1 border right 224
1620827237679464265 : Checking image 2 dpi 300
1620827237679523165 : Checking image 2 border top 210
1620827237679550265 : Checking image 2 border bottom 90
1620827237679575965 : Checking image 2 border left 220
1620827237679603765 : Checking image 2 border right 220

</system-out><system-err>--------------------------------- Captured Err ---------------------------------

</system-err></testcase><testcase classname="tests.test_images" name="test_failed_split_line_line_algo_2_png" time="20.548"><system-out>--------------------------------- Captured Log ---------------------------------

--------------------------------- Captured Out ---------------------------------
/home/runner/work/diptych/diptych/tests/failed_split_line_line_algo_2.png
1620827233256324670 : Checking separation double page angle 90.03732329462368
1620827233256421871 : Checking separation double page y=0 2499
1620827234679672496 : Checking page rotation 1 -0.09999999999999377
1620827235935970587 : Checking page rotation 2 0.5499999999999999
1620827238609898102 : Checking image 1 crop x1 273
1620827238610000703 : Checking image 1 crop y1 147
1620827238610032703 : Checking image 1 crop x2 2386
1620827238610061903 : Checking image 1 crop y2 3352
1620827240934127337 : Checking image 2 crop x1 122
1620827240934244137 : Checking image 2 crop y1 155
1620827240934275638 : Checking image 2 crop x2 2246
1620827240934305038 : Checking image 2 crop y2 3350
1620827240934446538 : Checking image 1 dpi 300
1620827240934513139 : Checking image 1 border top 137
1620827240934542739 : Checking image 1 border bottom 145
1620827240934568939 : Checking image 1 border left 173
1620827240934609839 : Checking image 1 border right 173
1620827240937383853 : Checking image 2 dpi 300
1620827240937441554 : Checking image 2 border top 133
1620827240937487654 : Checking image 2 border bottom 159
1620827240937513454 : Checking image 2 border left 168
1620827240937541054 : Checking image 2 border right 168

</system-out><system-err>--------------------------------- Captured Err ---------------------------------

</system-err></testcase><testcase classname="tests.test_images" name="test_wrong_wave_split_line_2_png" time="22.819"><system-out>--------------------------------- Captured Log ---------------------------------

--------------------------------- Captured Out ---------------------------------
/home/runner/work/diptych/diptych/tests/wrong_wave_split_line_2.png
1620827252940562643 : Checking separation double page angle 90.7708958311329
1620827252940655444 : Checking separation double page y=0 2490
1620827254124337567 : Checking page rotation 1 0.2
1620827255252379208 : Checking page rotation 2 1.65
1620827256770712234 : Checking image 1 crop x1 227
1620827256770826035 : Checking image 1 crop y1 147
1620827256770863035 : Checking image 1 crop x2 2342
1620827256770898035 : Checking image 1 crop y2 3353
1620827260495488088 : Checking image 2 crop x1 106
1620827260495593489 : Checking image 2 crop y1 195
1620827260495625489 : Checking image 2 crop x2 2231
1620827260495654489 : Checking image 2 crop y2 3398
1620827260495794290 : Checking image 1 dpi 300
1620827260495859790 : Checking image 1 border top 136
1620827260495888890 : Checking image 1 border bottom 145
1620827260495915191 : Checking image 1 border left 172
1620827260495942691 : Checking image 1 border right 172
1620827260498718205 : Checking image 2 dpi 300
1620827260498770605 : Checking image 2 border top 166
1620827260498798405 : Checking image 2 border bottom 117
1620827260498824505 : Checking image 2 border left 167
1620827260498852806 : Checking image 2 border right 167

</system-out><system-err>--------------------------------- Captured Err ---------------------------------

</system-err></testcase><testcase classname="tests.test_images" name="test_wrong_wave_split_line_3_png" time="21.355"><system-out>--------------------------------- Captured Log ---------------------------------

--------------------------------- Captured Out ---------------------------------
/home/runner/work/diptych/diptych/tests/wrong_wave_split_line_3.png
1620827256094111591 : Checking separation double page angle 90.12715931778824
1620827256094199191 : Checking separation double page y=0 2514
1620827257483962063 : Checking page rotation 1 0.05
1620827258622774859 : Checking page rotation 2 0.2
1620827260550845970 : Checking image 1 crop x1 273
1620827260550955171 : Checking image 1 crop y1 220
1620827260551000571 : Checking image 1 crop x2 2383
1620827260551027471 : Checking image 1 crop y2 3423
1620827262290940625 : Checking image 2 crop x1 116
1620827262291096426 : Checking image 2 crop y1 225
1620827262291131426 : Checking image 2 crop x2 2242
1620827262291164726 : Checking image 2 crop y2 3415
1620827262291306327 : Checking image 1 dpi 300
1620827262291376527 : Checking image 1 border top 202
1620827262291409128 : Checking image 1 border bottom 82
1620827262291438628 : Checking image 1 border left 175
1620827262291467228 : Checking image 1 border right 175
1620827262293993441 : Checking image 2 dpi 300
1620827262294045541 : Checking image 2 border top 204
1620827262294073741 : Checking image 2 border bottom 93
1620827262294099641 : Checking image 2 border left 167
1620827262294126041 : Checking image 2 border right 167

</system-out><system-err>--------------------------------- Captured Err ---------------------------------

</system-err></testcase><testcase classname="tests.test_images" name="test_no_split_line_wave_algo_png" time="30.690"><system-out>--------------------------------- Captured Log ---------------------------------

--------------------------------- Captured Out ---------------------------------
/home/runner/work/diptych/diptych/tests/no_split_line_wave_algo.png
1620827272918202307 : Checking separation double page angle 89.79018091440821
1620827272918309008 : Checking separation double page y=0 2483
1620827275482735658 : Checking page rotation 1 0.0
1620827276644698172 : Checking page rotation 2 -0.44999999999999746
1620827285119256502 : Checking image 1 crop x1 97
1620827285119337402 : Checking image 1 crop y1 74
1620827285119367103 : Checking image 1 crop x2 2489
1620827285119394303 : Checking image 1 crop y2 3505
1620827291143843065 : Checking image 2 crop x1 164
1620827291143968766 : Checking image 2 crop y1 267
1620827291144011666 : Checking image 2 crop x2 2239
1620827291144048166 : Checking image 2 crop y2 3380
1620827291144289667 : Checking image 1 dpi 300
1620827291144360668 : Checking image 1 border top 38
1620827291144391168 : Checking image 1 border bottom 38
1620827291144437668 : Checking image 1 border left 44
1620827291144465368 : Checking image 1 border right 44
1620827291147783685 : Checking image 2 dpi 300
1620827291147843285 : Checking image 2 border top 257
1620827291147877285 : Checking image 2 border bottom 117
1620827291147906486 : Checking image 2 border left 192
1620827291147935486 : Checking image 2 border right 192

</system-out><system-err>--------------------------------- Captured Err ---------------------------------

</system-err></testcase><testcase classname="tests.test_images" name="test_no_split_line_wave_algo_2_png" time="18.278"><system-out>--------------------------------- Captured Log ---------------------------------

--------------------------------- Captured Out ---------------------------------
/home/runner/work/diptych/diptych/tests/no_split_line_wave_algo_2.png
1620827274838997082 : Checking separation double page angle 90.43362571535843
1620827274839108983 : Checking separation double page y=0 2473
1620827275744155389 : Checking page rotation 1 1.05
1620827276779299757 : Checking page rotation 2 0.15000000000000002
1620827278833140310 : Checking image 1 crop x1 267
1620827278833244610 : Checking image 1 crop y1 210
1620827278833277510 : Checking image 1 crop x2 2343
1620827278833306110 : Checking image 1 crop y2 3412
1620827280579196496 : Checking image 2 crop x1 165
1620827280579322096 : Checking image 2 crop y1 241
1620827280579355797 : Checking image 2 crop x2 2250
1620827280579386597 : Checking image 2 crop y2 3433
1620827280579551698 : Checking image 1 dpi 300
1620827280579616798 : Checking image 1 border top 192
1620827280579647598 : Checking image 1 border bottom 93
1620827280579675098 : Checking image 1 border left 192
1620827280579701698 : Checking image 1 border right 192
1620827280582539013 : Checking image 2 dpi 300
1620827280582596013 : Checking image 2 border top 224
1620827280582625813 : Checking image 2 border bottom 71
1620827280582651613 : Checking image 2 border left 187
1620827280582677013 : Checking image 2 border right 187

</system-out><system-err>--------------------------------- Captured Err ---------------------------------

</system-err></testcase><testcase classname="tests.test_images" name="test_failed_detect_rectangle_png" time="18.023"><system-out>--------------------------------- Captured Log ---------------------------------

--------------------------------- Captured Out ---------------------------------
/home/runner/work/diptych/diptych/tests/failed_detect_rectangle.png
1620827293478396948 : Checking separation double page angle 90.242273842964
1620827293478506048 : Checking separation double page y=0 2475
1620827294668452505 : Checking page rotation 1 0.2
1620827296097876881 : Checking page rotation 2 0.2
1620827297288924543 : Checking image 1 crop x1 257
1620827297289023844 : Checking image 1 crop y1 201
1620827297289056044 : Checking image 1 crop x2 2333
1620827297289083844 : Checking image 1 crop y2 3402
1620827298581883924 : Checking image 2 crop x1 137
1620827298581987825 : Checking image 2 crop y1 215
1620827298582023125 : Checking image 2 crop x2 2220
1620827298582054025 : Checking image 2 crop y2 3406
1620827298582201726 : Checking image 1 dpi 300
1620827298582270426 : Checking image 1 border top 188
1620827298582302627 : Checking image 1 border bottom 98
1620827298582331227 : Checking image 1 border left 192
1620827298582396427 : Checking image 1 border right 192
1620827298585891945 : Checking image 2 dpi 300
1620827298585953945 : Checking image 2 border top 201
1620827298585985545 : Checking image 2 border bottom 95
1620827298586014145 : Checking image 2 border left 188
1620827298586042346 : Checking image 2 border right 188

</system-out><system-err>--------------------------------- Captured Err ---------------------------------

</system-err></testcase><testcase classname="tests.test_images" name="test_crop_too_few_2_png" time="19.323"><system-out>--------------------------------- Captured Log ---------------------------------

--------------------------------- Captured Out ---------------------------------
/home/runner/work/diptych/diptych/tests/crop_too_few_2.png
1620827303270255043 : Checking separation double page angle 90.35461351371423
1620827303270343744 : Checking separation double page y=0 2533
1620827304330573656 : Checking page rotation 1 1.0999999999999999
1620827305428280659 : Checking page rotation 2 0.0
1620827308080749902 : Checking image 1 crop x1 289
1620827308080865603 : Checking image 1 crop y1 165
1620827308080914003 : Checking image 1 crop x2 2400
1620827308080943703 : Checking image 1 crop y2 3367
1620827310543561588 : Checking image 2 crop x1 152
1620827310543655188 : Checking image 2 crop y1 190
1620827310543684988 : Checking image 2 crop x2 2273
1620827310543711888 : Checking image 2 crop y2 3385
1620827310543845889 : Checking image 1 dpi 300
1620827310543908089 : Checking image 1 border top 157
1620827310543935689 : Checking image 1 border bottom 128
1620827310543960290 : Checking image 1 border left 174
1620827310543986590 : Checking image 1 border right 174
1620827310546829204 : Checking image 2 dpi 300
1620827310546924205 : Checking image 2 border top 175
1620827310546952305 : Checking image 2 border bottom 116
1620827310546977205 : Checking image 2 border left 169
1620827310547001705 : Checking image 2 border right 169

</system-out><system-err>--------------------------------- Captured Err ---------------------------------

</system-err></testcase><testcase classname="tests.test_images" name="test_single_page_png" time="6.218"><system-out>--------------------------------- Captured Log ---------------------------------

--------------------------------- Captured Out ---------------------------------
/home/runner/work/diptych/diptych/tests/single_page.png
1620827302031069518 : Checking separation double page angle 89.93006318861008
1620827302031187018 : Checking separation double page y=0 2472
1620827302870336202 : Checking page rotation 1 0.0
1620827302979884361 : Checking page rotation 2 0.0
1620827304383658927 : Checking image 1 crop x1 1
1620827304383745727 : Checking image 1 crop y1 8
1620827304383779027 : Checking image 1 crop x2 2470
1620827304383822528 : Checking image 1 crop y2 3505
1620827304511731780 : Checking image 2 crop x1 0
1620827304511804981 : Checking image 2 crop y1 0
1620827304511830881 : Checking image 2 crop x2 0
1620827304511855181 : Checking image 2 crop y2 0
1620827304511928481 : Checking image 1 dpi 300
1620827304511985482 : Checking image 1 border top 5
1620827304512020682 : Checking image 1 border bottom 5
1620827304512064282 : Checking image 1 border left 6
1620827304512091182 : Checking image 1 border right 6
1620827304518404515 : Checking image 2 border top 0
1620827304518768216 : Checking image 2 border bottom 0
1620827304518816417 : Checking image 2 border left 0
1620827304518849217 : Checking image 2 border right 0

</system-out><system-err>--------------------------------- Captured Err ---------------------------------

</system-err></testcase><testcase classname="tests.test_images" name="test_wrong_split_line_4_png" time="11.274"><system-out>--------------------------------- Captured Log ---------------------------------

--------------------------------- Captured Out ---------------------------------
/home/runner/work/diptych/diptych/tests/wrong_split_line_4.png
1620827312385692801 : Checking separation double page angle 90.92587744884125
1620827312385784302 : Checking separation double page y=0 58
1620827312467524519 : Checking page rotation 1 0.5499999999999999
1620827313507984236 : Checking page rotation 2 1.0999999999999999
1620827314202581986 : Checking image 1 crop x1 0
1620827314202691086 : Checking image 1 crop y1 0
1620827314202736587 : Checking image 1 crop x2 0
1620827314202772487 : Checking image 1 crop y2 0
1620827316144396306 : Checking image 2 crop x1 290
1620827316144516306 : Checking image 2 crop y1 330
1620827316144548407 : Checking image 2 crop x2 2314
1620827316144592507 : Checking image 2 crop y2 3217
1620827316144718308 : Checking image 1 border top 0
1620827316144751008 : Checking image 1 border bottom 0
1620827316144774808 : Checking image 1 border left 0
1620827316144798208 : Checking image 1 border right 0
1620827316144837708 : Checking image 2 dpi 300
1620827316144891808 : Checking image 2 border top 322
1620827316144919909 : Checking image 2 border bottom 278
1620827316144944509 : Checking image 2 border left 218
1620827316144968809 : Checking image 2 border right 218

</system-out><system-err>--------------------------------- Captured Err ---------------------------------

</system-err></testcase><testcase classname="tests.test_images" name="test_no_split_line_wave_algo_3_png" time="10.157"><system-out>--------------------------------- Captured Log ---------------------------------

--------------------------------- Captured Out ---------------------------------
/home/runner/work/diptych/diptych/tests/no_split_line_wave_algo_3.png
1620827317375919993 : Checking separation double page angle 90.18184445198425
1620827317376010793 : Checking separation double page y=0 2405
1620827318189738148 : Checking page rotation 1 0.0
1620827318338957009 : Checking page rotation 2 0.0
1620827320226819647 : Checking image 1 crop x1 184
1620827320226903648 : Checking image 1 crop y1 2957
1620827320226931748 : Checking image 1 crop x2 2201
1620827320226955448 : Checking image 1 crop y2 3202
1620827320671351116 : Checking image 2 crop x1 0
1620827320671421117 : Checking image 2 crop y1 0
1620827320671446217 : Checking image 2 crop x2 0
1620827320671469817 : Checking image 2 crop y2 0
1620827320671529417 : Checking image 1 dpi 300
1620827320671591718 : Checking image 1 border top 2950
1620827320671624718 : Checking image 1 border bottom 292
1620827320671651518 : Checking image 1 border left 221
1620827320671678218 : Checking image 1 border right 221
1620827320679651759 : Checking image 2 border top 0
1620827320679703459 : Checking image 2 border bottom 0
1620827320679731759 : Checking image 2 border left 0
1620827320679758859 : Checking image 2 border right 0

</system-out><system-err>--------------------------------- Captured Err ---------------------------------

</system-err></testcase><testcase classname="tests.test_images" name="test_failed_split_line_line_algo_3_png" time="11.650"><system-out>--------------------------------- Captured Log ---------------------------------

--------------------------------- Captured Out ---------------------------------
/home/runner/work/diptych/diptych/tests/failed_split_line_line_algo_3.png
1620827323321782147 : Checking separation double page angle 90.02403976140027
1620827323321904548 : Checking separation double page y=0 39
1620827323376742228 : Checking page rotation 1 0.0
1620827324039453910 : Checking page rotation 2 0.0
1620827324307758179 : Checking image 1 crop x1 0
1620827324307825679 : Checking image 1 crop y1 0
1620827324307850379 : Checking image 1 crop x2 0
1620827324307891879 : Checking image 1 crop y2 0
1620827327814068070 : Checking image 2 crop x1 249
1620827327814150970 : Checking image 2 crop y1 154
1620827327814180070 : Checking image 2 crop x2 2264
1620827327814207370 : Checking image 2 crop y2 3361
1620827327814351571 : Checking image 1 border top 0
1620827327814386671 : Checking image 1 border bottom 0
1620827327814413271 : Checking image 1 border left 0
1620827327814439671 : Checking image 1 border right 0
1620827327814483172 : Checking image 2 dpi 300
1620827327814540372 : Checking image 2 border top 146
1620827327814569172 : Checking image 2 border bottom 134
1620827327814595772 : Checking image 2 border left 222
1620827327814620872 : Checking image 2 border right 222

</system-out><system-err>--------------------------------- Captured Err ---------------------------------

</system-err></testcase></testsuite></testsuites>