<?xml version="1.0" encoding="utf-8"?><testsuites><testsuite errors="0" failures="0" hostname="fv-az136-829" name="pytest" skipped="0" tests="36" time="334.430" timestamp="2021-05-12T13:43:17.814606"><testcase classname="tests.test_features" name="test_mock_stop_at_0" time="0.047"><system-out>--------------------------------- Captured Log ---------------------------------

--------------------------------- Captured Out ---------------------------------
/home/runner/work/diptych/diptych/tests/0001_0.png

</system-out><system-err>--------------------------------- Captured Err ---------------------------------

</system-err></testcase><testcase classname="tests.test_features" name="test_disabled_enable_debug" time="19.397"><system-out>--------------------------------- Captured Log ---------------------------------

--------------------------------- Captured Out ---------------------------------
/home/runner/work/diptych/diptych/tests/0001_debug.png
separation double page angle 90.55756528497216
separation double page y=0 2484
page rotation 1 0.65
page rotation 2 0.2
image 1 crop x1 329
image 1 crop y1 335
image 1 crop x2 2344
image 1 crop y2 3222
image 2 crop x1 171
image 2 crop y1 648
image 2 crop x2 2188
image 2 crop y2 3361
image 1 dpi 300
image 1 border top 327
image 1 border bottom 273
image 1 border left 222
image 1 border right 222
image 2 dpi 300
image 2 border top 643
image 2 border bottom 131
image 2 border left 221
image 2 border right 221

</system-out><system-err>--------------------------------- Captured Err ---------------------------------

</system-err></testcase><testcase classname="tests.test_features" name="test_mock_stop_at_2" time="13.756"><system-out>--------------------------------- Captured Log ---------------------------------

--------------------------------- Captured Out ---------------------------------
/home/runner/work/diptych/diptych/tests/0001_2.png
separation double page angle 90.55756528497216
separation double page y=0 2484
page rotation 1 0.65
page rotation 2 0.2

</system-out><system-err>--------------------------------- Captured Err ---------------------------------

</system-err></testcase><testcase classname="tests.test_features" name="test_mock_stop_at_4" time="19.055"><system-out>--------------------------------- Captured Log ---------------------------------

--------------------------------- Captured Out ---------------------------------
/home/runner/work/diptych/diptych/tests/0001_4.png
separation double page angle 90.55756528497216
separation double page y=0 2484
page rotation 1 0.65
page rotation 2 0.2
image 1 crop x1 329
image 1 crop y1 335
image 1 crop x2 2344
image 1 crop y2 3222
image 2 crop x1 171
image 2 crop y1 648
image 2 crop x2 2188
image 2 crop y2 3361
image 1 dpi 300
image 1 border top 326
image 1 border bottom 274
image 1 border left 222
image 1 border right 222
image 2 dpi 300
image 2 border top 643
image 2 border bottom 131
image 2 border left 221
image 2 border right 221

</system-out><system-err>--------------------------------- Captured Err ---------------------------------

</system-err></testcase><testcase classname="tests.test_features" name="test_mock_stop_at_1" time="10.676"><system-out>--------------------------------- Captured Log ---------------------------------

--------------------------------- Captured Out ---------------------------------
/home/runner/work/diptych/diptych/tests/0001_1.png
separation double page angle 90.55756528497216
separation double page y=0 2484

</system-out><system-err>--------------------------------- Captured Err ---------------------------------

</system-err></testcase><testcase classname="tests.test_features" name="test_mock_stop_at_3" time="20.757"><system-out>--------------------------------- Captured Log ---------------------------------

--------------------------------- Captured Out ---------------------------------
/home/runner/work/diptych/diptych/tests/0001_3.png
separation double page angle 90.55756528497216
separation double page y=0 2484
page rotation 1 0.65
page rotation 2 0.2
image 1 crop x1 329
image 1 crop y1 335
image 1 crop x2 2344
image 1 crop y2 3222
image 2 crop x1 171
image 2 crop y1 648
image 2 crop x2 2188
image 2 crop y2 3361

</system-out><system-err>--------------------------------- Captured Err ---------------------------------

</system-err></testcase><testcase classname="tests.test_images" name="test_0001_png" time="19.661"><system-out>--------------------------------- Captured Log ---------------------------------

--------------------------------- Captured Out ---------------------------------
/home/runner/work/diptych/diptych/tests/0001.png
1620827044406289996 : Checking separation double page angle 90.55756528497216
1620827044406438998 : Checking separation double page y=0 2484
1620827045439061936 : Checking page rotation 1 0.65
1620827046587853237 : Checking page rotation 2 0.2
1620827049218382091 : Checking image 1 crop x1 329
1620827049218508092 : Checking image 1 crop y1 335
1620827049218545493 : Checking image 1 crop x2 2344
1620827049218579293 : Checking image 1 crop y2 3222
1620827051541934678 : Checking image 2 crop x1 171
1620827051542057279 : Checking image 2 crop y1 648
1620827051542094980 : Checking image 2 crop x2 2188
1620827051542128880 : Checking image 2 crop y2 3361
1620827051542282982 : Checking image 1 dpi 300
1620827051542347682 : Checking image 1 border top 326
1620827051542380783 : Checking image 1 border bottom 274
1620827051542411783 : Checking image 1 border left 222
1620827051542442583 : Checking image 1 border right 222
1620827051544858310 : Checking image 2 dpi 300
1620827051544941511 : Checking image 2 border top 643
1620827051544974311 : Checking image 2 border bottom 131
1620827051545006511 : Checking image 2 border left 221
1620827051545037112 : Checking image 2 border right 221

</system-out><system-err>--------------------------------- Captured Err ---------------------------------

</system-err></testcase><testcase classname="tests.test_features" name="test_mock_stop_at_5" time="18.367"><system-out>--------------------------------- Captured Log ---------------------------------

--------------------------------- Captured Out ---------------------------------
/home/runner/work/diptych/diptych/tests/0001_5.png
separation double page angle 90.55756528497216
separation double page y=0 2484
page rotation 1 0.65
page rotation 2 0.2
image 1 crop x1 329
image 1 crop y1 335
image 1 crop x2 2344
image 1 crop y2 3222
image 2 crop x1 171
image 2 crop y1 648
image 2 crop x2 2188
image 2 crop y2 3361
image 1 dpi 300
image 1 border top 326
image 1 border bottom 274
image 1 border left 222
image 1 border right 222
image 2 dpi 300
image 2 border top 643
image 2 border bottom 131
image 2 border left 221
image 2 border right 221

</system-out><system-err>--------------------------------- Captured Err ---------------------------------

</system-err></testcase><testcase classname="tests.test_images" name="test_black_border_not_removed_png" time="18.992"><system-out>--------------------------------- Captured Log ---------------------------------

--------------------------------- Captured Out ---------------------------------
/home/runner/work/diptych/diptych/tests/black-border-not-removed.png
1620827061217225427 : Checking separation double page angle 90.01516396500199
1620827061217330528 : Checking separation double page y=0 2455
1620827062218628942 : Checking page rotation 1 0.0
1620827063582723210 : Checking page rotation 2 0.1
1620827066176836984 : Checking image 1 crop x1 297
1620827066176963185 : Checking image 1 crop y1 143
1620827066176999286 : Checking image 1 crop x2 2309
1620827066177031086 : Checking image 1 crop y2 3346
1620827070538015717 : Checking image 2 crop x1 154
1620827070538130618 : Checking image 2 crop y1 144
1620827070538164918 : Checking image 2 crop x2 2168
1620827070538197519 : Checking image 2 crop y2 3351
1620827070538352520 : Checking image 1 dpi 300
1620827070538415021 : Checking image 1 border top 131
1620827070538445321 : Checking image 1 border bottom 153
1620827070538473622 : Checking image 1 border left 224
1620827070538501422 : Checking image 1 border right 224
1620827070540791146 : Checking image 2 dpi 300
1620827070540867347 : Checking image 2 border top 133
1620827070540898447 : Checking image 2 border bottom 147
1620827070540926147 : Checking image 2 border left 223
1620827070540953548 : Checking image 2 border right 223

</system-out><system-err>--------------------------------- Captured Err ---------------------------------

</system-err></testcase><testcase classname="tests.test_images" name="test_2_pages_2_contours_png" time="12.792"><system-out>--------------------------------- Captured Log ---------------------------------

--------------------------------- Captured Out ---------------------------------
/home/runner/work/diptych/diptych/tests/2-pages-2-contours.png
1620827076565859519 : Checking separation double page angle 90.14230271514262
1620827076565996321 : Checking separation double page y=0 2488
1620827077057731641 : Checking page rotation 1 0.0
1620827077943760311 : Checking page rotation 2 0.2
1620827078716571959 : Checking image 1 crop x1 1189
1620827078716668860 : Checking image 1 crop y1 1751
1620827078716703360 : Checking image 1 crop x2 1190
1620827078716735761 : Checking image 1 crop y2 1752
1620827081019775837 : Checking image 2 crop x1 100
1620827081019884738 : Checking image 2 crop y1 240
1620827081019923539 : Checking image 2 crop x2 2148
1620827081019960039 : Checking image 2 crop y2 3240
1620827081020115941 : Checking image 1 dpi 300
1620827081020171241 : Checking image 1 border top 1752
1620827081020203342 : Checking image 1 border bottom 1753
1620827081020236042 : Checking image 1 border left 1239
1620827081020266542 : Checking image 1 border right 1239
1620827081022333565 : Checking image 2 dpi 300
1620827081022420365 : Checking image 2 border top 230
1620827081022452866 : Checking image 2 border bottom 256
1620827081022483966 : Checking image 2 border left 206
1620827081022514666 : Checking image 2 border right 206

</system-out><system-err>--------------------------------- Captured Err ---------------------------------

</system-err></testcase><testcase classname="tests.test_images" name="test_image_failed_to_rotate_png" time="24.035"><system-out>--------------------------------- Captured Log ---------------------------------

--------------------------------- Captured Out ---------------------------------
/home/runner/work/diptych/diptych/tests/image_failed_to_rotate.png
1620827082882659059 : Checking separation double page angle 90.35651650869968
1620827082882773860 : Checking separation double page y=0 2483
1620827084423653904 : Checking page rotation 1 0.45
1620827085413785311 : Checking page rotation 2 0.2
1620827090875651037 : Checking image 1 crop x1 31
1620827090875778838 : Checking image 1 crop y1 1
1620827090875818439 : Checking image 1 crop x2 2481
1620827090875854639 : Checking image 1 crop y2 3504
1620827094486845820 : Checking image 2 crop x1 171
1620827094486968221 : Checking image 2 crop y1 231
1620827094487005021 : Checking image 2 crop x2 2259
1620827094487041322 : Checking image 2 crop y2 3358
1620827094487208623 : Checking image 1 dpi 300
1620827094487276724 : Checking image 1 border top 2
1620827094487313425 : Checking image 1 border bottom 2
1620827094487345025 : Checking image 1 border left 15
1620827094487375625 : Checking image 1 border right 15
1620827094490196554 : Checking image 2 dpi 300
1620827094490293555 : Checking image 2 border top 217
1620827094490326956 : Checking image 2 border bottom 143
1620827094490358456 : Checking image 2 border left 186
1620827094490388756 : Checking image 2 border right 186

</system-out><system-err>--------------------------------- Captured Err ---------------------------------

</system-err></testcase><testcase classname="tests.test_images" name="test_wrong_split_line_png" time="15.013"><system-out>--------------------------------- Captured Log ---------------------------------

--------------------------------- Captured Out ---------------------------------
/home/runner/work/diptych/diptych/tests/wrong_split_line.png
1620827091068859893 : Checking separation double page angle 89.95895720607972
1620827091068961994 : Checking separation double page y=0 2466
1620827091968029462 : Checking page rotation 1 -0.04999999999999689
1620827092873325796 : Checking page rotation 2 0.45
1620827094143698884 : Checking image 1 crop x1 211
1620827094143814286 : Checking image 1 crop y1 156
1620827094143848886 : Checking image 1 crop x2 2323
1620827094143881886 : Checking image 1 crop y2 3363
1620827096030818127 : Checking image 2 crop x1 123
1620827096030938428 : Checking image 2 crop y1 164
1620827096030972629 : Checking image 2 crop x2 2237
1620827096031005129 : Checking image 2 crop y2 3375
1620827096031160030 : Checking image 1 dpi 300
1620827096031221031 : Checking image 1 border top 135
1620827096031250631 : Checking image 1 border bottom 145
1620827096031280932 : Checking image 1 border left 174
1620827096031311632 : Checking image 1 border right 174
1620827096033940059 : Checking image 2 dpi 300
1620827096034022060 : Checking image 2 border top 141
1620827096034052160 : Checking image 2 border bottom 135
1620827096034080861 : Checking image 2 border left 173
1620827096034110261 : Checking image 2 border right 173

</system-out><system-err>--------------------------------- Captured Err ---------------------------------

</system-err></testcase><testcase classname="tests.test_images" name="test_image_failed_to_crop_data_png" time="33.517"><system-out>--------------------------------- Captured Log ---------------------------------

--------------------------------- Captured Out ---------------------------------
/home/runner/work/diptych/diptych/tests/image_failed_to_crop_data.png
1620827110527744920 : Checking separation double page angle 90.09350257645173
1620827110527851521 : Checking separation double page y=0 2479
1620827114531941178 : Checking page rotation 1 0.15000000000000002
1620827115545895807 : Checking page rotation 2 0.05
1620827125091913734 : Checking image 1 crop x1 46
1620827125092047936 : Checking image 1 crop y1 1
1620827125092086736 : Checking image 1 crop x2 2477
1620827125092123537 : Checking image 1 crop y2 3505
1620827128037790999 : Checking image 2 crop x1 164
1620827128037910001 : Checking image 2 crop y1 217
1620827128037945701 : Checking image 2 crop x2 2245
1620827128037981101 : Checking image 2 crop y2 3350
1620827128038138903 : Checking image 1 dpi 300
1620827128038207804 : Checking image 1 border top 2
1620827128038243004 : Checking image 1 border bottom 2
1620827128038273505 : Checking image 1 border left 25
1620827128038305105 : Checking image 1 border right 25
1620827128040997334 : Checking image 2 dpi 300
1620827128041081835 : Checking image 2 border top 206
1620827128041114435 : Checking image 2 border bottom 148
1620827128041145235 : Checking image 2 border left 189
1620827128041206236 : Checking image 2 border right 189

</system-out><system-err>--------------------------------- Captured Err ---------------------------------

</system-err></testcase><testcase classname="tests.test_images" name="test_crop_too_much_png" time="23.474"><system-out>--------------------------------- Captured Log ---------------------------------

--------------------------------- Captured Out ---------------------------------
/home/runner/work/diptych/diptych/tests/crop_too_much.png
1620827108267720233 : Checking separation double page angle 90.16929865985193
1620827108267884735 : Checking separation double page y=0 2456
1620827110328256070 : Checking page rotation 1 -0.04999999999999689
1620827112033911354 : Checking page rotation 2 0.2
1620827115204505427 : Checking image 1 crop x1 302
1620827115204631929 : Checking image 1 crop y1 148
1620827115204669029 : Checking image 1 crop x2 2314
1620827115204703130 : Checking image 1 crop y2 3351
1620827119483371258 : Checking image 2 crop x1 163
1620827119483492860 : Checking image 2 crop y1 151
1620827119483529760 : Checking image 2 crop x2 2187
1620827119483565960 : Checking image 2 crop y2 3363
1620827119483726662 : Checking image 1 dpi 300
1620827119483792963 : Checking image 1 border top 133
1620827119483827263 : Checking image 1 border bottom 151
1620827119483860563 : Checking image 1 border left 224
1620827119483891464 : Checking image 1 border right 224
1620827119486683094 : Checking image 2 dpi 300
1620827119486770595 : Checking image 2 border top 132
1620827119486803495 : Checking image 2 border bottom 143
1620827119486835196 : Checking image 2 border left 218
1620827119486867796 : Checking image 2 border right 218

</system-out><system-err>--------------------------------- Captured Err ---------------------------------

</system-err></testcase><testcase classname="tests.test_images" name="test_crop_too_few_png" time="15.066"><system-out>--------------------------------- Captured Log ---------------------------------

--------------------------------- Captured Out ---------------------------------
/home/runner/work/diptych/diptych/tests/crop_too_few.png
1620827129574207566 : Checking separation double page angle 89.49492328400886
1620827129574316367 : Checking separation double page y=0 2510
1620827130474012569 : Checking page rotation 1 -0.6499999999999977
1620827131466069666 : Checking page rotation 2 0.0
1620827133238339771 : Checking image 1 crop x1 263
1620827133238456972 : Checking image 1 crop y1 150
1620827133238491773 : Checking image 1 crop x2 2377
1620827133238522573 : Checking image 1 crop y2 3357
1620827134581199131 : Checking image 2 crop x1 139
1620827134581312532 : Checking image 2 crop y1 141
1620827134581347432 : Checking image 2 crop x2 2261
1620827134581379733 : Checking image 2 crop y2 3345
1620827134581532234 : Checking image 1 dpi 300
1620827134581590435 : Checking image 1 border top 129
1620827134581620635 : Checking image 1 border bottom 150
1620827134581650536 : Checking image 1 border left 173
1620827134581683636 : Checking image 1 border right 173
1620827134584054261 : Checking image 2 dpi 300
1620827134584130862 : Checking image 2 border top 130
1620827134584161163 : Checking image 2 border bottom 153
1620827134584190963 : Checking image 2 border left 169
1620827134584220463 : Checking image 2 border right 169

</system-out><system-err>--------------------------------- Captured Err ---------------------------------

</system-err></testcase><testcase classname="tests.test_images" name="test_wrong_angle_split_line_png" time="22.155"><system-out>--------------------------------- Captured Log ---------------------------------

--------------------------------- Captured Out ---------------------------------
/home/runner/work/diptych/diptych/tests/wrong_angle_split_line.png
1620827137037032574 : Checking separation double page angle 90.08791528895468
1620827137037145976 : Checking separation double page y=0 2478
1620827138282214482 : Checking page rotation 1 0.1
1620827139392884942 : Checking page rotation 2 0.1
1620827144949089680 : Checking image 1 crop x1 58
1620827144949233981 : Checking image 1 crop y1 6
1620827144949270282 : Checking image 1 crop x2 2476
1620827144949303882 : Checking image 1 crop y2 3501
1620827149575891141 : Checking image 2 crop x1 166
1620827149576016942 : Checking image 2 crop y1 218
1620827149576051343 : Checking image 2 crop x2 2244
1620827149576083943 : Checking image 2 crop y2 3349
1620827149576245645 : Checking image 1 dpi 300
1620827149576315046 : Checking image 1 border top 6
1620827149576345446 : Checking image 1 border bottom 6
1620827149576373946 : Checking image 1 border left 31
1620827149576403547 : Checking image 1 border right 31
1620827149583524022 : Checking image 2 dpi 300
1620827149583634324 : Checking image 2 border top 209
1620827149583665724 : Checking image 2 border bottom 147
1620827149583695024 : Checking image 2 border left 191
1620827149583723525 : Checking image 2 border right 191

</system-out><system-err>--------------------------------- Captured Err ---------------------------------

</system-err></testcase><testcase classname="tests.test_images" name="test_crop_too_much_2_png" time="21.763"><system-out>--------------------------------- Captured Log ---------------------------------

--------------------------------- Captured Out ---------------------------------
/home/runner/work/diptych/diptych/tests/crop_too_much_2.png
1620827146751837841 : Checking separation double page angle 90.15285326123045
1620827146751947742 : Checking separation double page y=0 2477
1620827148461533898 : Checking page rotation 1 0.15000000000000002
1620827150105650888 : Checking page rotation 2 0.2
1620827152868681142 : Checking image 1 crop x1 330
1620827152868796343 : Checking image 1 crop y1 132
1620827152868833044 : Checking image 1 crop x2 2342
1620827152868866444 : Checking image 1 crop y2 3335
1620827156315304983 : Checking image 2 crop x1 165
1620827156315413084 : Checking image 2 crop y1 139
1620827156315463285 : Checking image 2 crop x2 2178
1620827156315498185 : Checking image 2 crop y2 3345
1620827156315652287 : Checking image 1 dpi 300
1620827156315712987 : Checking image 1 border top 121
1620827156315745388 : Checking image 1 border bottom 163
1620827156315777788 : Checking image 1 border left 224
1620827156315812388 : Checking image 1 border right 224
1620827156318714719 : Checking image 2 dpi 300
1620827156318799020 : Checking image 2 border top 129
1620827156318831421 : Checking image 2 border bottom 152
1620827156318861921 : Checking image 2 border left 223
1620827156318892521 : Checking image 2 border right 223

</system-out><system-err>--------------------------------- Captured Err ---------------------------------

</system-err></testcase><testcase classname="tests.test_images" name="test_angle_page_lower_split_line_png" time="21.705"><system-out>--------------------------------- Captured Log ---------------------------------

--------------------------------- Captured Out ---------------------------------
/home/runner/work/diptych/diptych/tests/angle_page_lower_split_line.png
1620827164845735534 : Checking separation double page angle 89.74412725181848
1620827164845846136 : Checking separation double page y=0 2472
1620827166083833282 : Checking page rotation 1 -0.14999999999999067
1620827167240613552 : Checking page rotation 2 0.1
1620827168750623830 : Checking image 1 crop x1 241
1620827168750742331 : Checking image 1 crop y1 156
1620827168750778732 : Checking image 1 crop x2 2357
1620827168750814332 : Checking image 1 crop y2 3368
1620827171958525511 : Checking image 2 crop x1 151
1620827171958649513 : Checking image 2 crop y1 146
1620827171958686813 : Checking image 2 crop x2 2261
1620827171958722214 : Checking image 2 crop y2 3351
1620827171958890015 : Checking image 1 dpi 300
1620827171958958416 : Checking image 1 border top 140
1620827171958991917 : Checking image 1 border bottom 135
1620827171959023517 : Checking image 1 border left 172
1620827171959055517 : Checking image 1 border right 172
1620827171961597345 : Checking image 2 dpi 300
1620827171961687246 : Checking image 2 border top 131
1620827171961720246 : Checking image 2 border bottom 151
1620827171961751646 : Checking image 2 border left 175
1620827171961782347 : Checking image 2 border right 175

</system-out><system-err>--------------------------------- Captured Err ---------------------------------

</system-err></testcase><testcase classname="tests.test_images" name="test_wrong_split_line_2_png" time="28.117"><system-out>--------------------------------- Captured Log ---------------------------------

--------------------------------- Captured Out ---------------------------------
/home/runner/work/diptych/diptych/tests/wrong_split_line_2.png
1620827169954484708 : Checking separation double page angle 90.23635161124103
1620827169954589209 : Checking separation double page y=0 2437
1620827171559002805 : Checking page rotation 1 0.2
1620827172930123185 : Checking page rotation 2 0.2
1620827177879321641 : Checking image 1 crop x1 294
1620827177879434442 : Checking image 1 crop y1 136
1620827177879466842 : Checking image 1 crop x2 2325
1620827177879498942 : Checking image 1 crop y2 3376
1620827184441934429 : Checking image 2 crop x1 138
1620827184442052130 : Checking image 2 crop y1 190
1620827184442088631 : Checking image 2 crop x2 2174
1620827184442124331 : Checking image 2 crop y2 3389
1620827184442275433 : Checking image 1 dpi 300
1620827184442345333 : Checking image 1 border top 131
1620827184442379134 : Checking image 1 border bottom 116
1620827184442411734 : Checking image 1 border left 214
1620827184442449935 : Checking image 1 border right 214
1620827184444894061 : Checking image 2 dpi 300
1620827184444976262 : Checking image 2 border top 181
1620827184445009562 : Checking image 2 border bottom 107
1620827184445041362 : Checking image 2 border left 212
1620827184445071963 : Checking image 2 border right 212

</system-out><system-err>--------------------------------- Captured Err ---------------------------------

</system-err></testcase><testcase classname="tests.test_images" name="test_wrong_wave_split_line_png" time="27.587"><system-out>--------------------------------- Captured Log ---------------------------------

--------------------------------- Captured Out ---------------------------------
/home/runner/work/diptych/diptych/tests/wrong_wave_split_line.png
1620827186355242799 : Checking separation double page angle 90.42461655762611
1620827186355348800 : Checking separation double page y=0 2502
1620827187564877203 : Checking page rotation 1 -0.09999999999999377
1620827188883694881 : Checking page rotation 2 0.85
1620827193907498319 : Checking image 1 crop x1 384
1620827193907621921 : Checking image 1 crop y1 178
1620827193907656321 : Checking image 1 crop x2 2412
1620827193907687321 : Checking image 1 crop y2 3374
1620827199544052768 : Checking image 2 crop x1 7
1620827199544192869 : Checking image 2 crop y1 0
1620827199544229869 : Checking image 2 crop x2 2411
1620827199544266270 : Checking image 2 crop y2 3505
1620827199544406071 : Checking image 1 dpi 300
1620827199544477072 : Checking image 1 border top 173
1620827199544509272 : Checking image 1 border bottom 118
1620827199544540273 : Checking image 1 border left 216
1620827199544572673 : Checking image 1 border right 216
1620827199547037299 : Checking image 2 dpi 300
1620827199547130500 : Checking image 2 border top 1
1620827199547164300 : Checking image 2 border bottom 1
1620827199547196501 : Checking image 2 border left 38
1620827199547227301 : Checking image 2 border right 38

</system-out><system-err>--------------------------------- Captured Err ---------------------------------

</system-err></testcase><testcase classname="tests.test_images" name="test_small_wave_png" time="18.772"><system-out>--------------------------------- Captured Log ---------------------------------

--------------------------------- Captured Out ---------------------------------
/home/runner/work/diptych/diptych/tests/small_wave.png
1620827197104639939 : Checking separation double page angle 90.56494929955075
1620827197104755938 : Checking separation double page y=0 2495
1620827198663721907 : Checking page rotation 1 0.7
1620827199890356896 : Checking page rotation 2 0.65
1620827201260599351 : Checking image 1 crop x1 322
1620827201260714553 : Checking image 1 crop y1 199
1620827201260748653 : Checking image 1 crop x2 2351
1620827201260779953 : Checking image 1 crop y2 3394
1620827203219031669 : Checking image 2 crop x1 130
1620827203219145371 : Checking image 2 crop y1 222
1620827203219179671 : Checking image 2 crop x2 2163
1620827203219212771 : Checking image 2 crop y2 3420
1620827203219371873 : Checking image 1 dpi 300
1620827203219429673 : Checking image 1 border top 181
1620827203219459874 : Checking image 1 border bottom 111
1620827203219489874 : Checking image 1 border left 215
1620827203219522474 : Checking image 1 border right 215
1620827203222460405 : Checking image 2 dpi 300
1620827203222555706 : Checking image 2 border top 197
1620827203222586807 : Checking image 2 border bottom 92
1620827203222615607 : Checking image 2 border left 213
1620827203222644307 : Checking image 2 border right 213

</system-out><system-err>--------------------------------- Captured Err ---------------------------------

</system-err></testcase><testcase classname="tests.test_images" name="test_no_split_line_line_algo_png" time="18.114"><system-out>--------------------------------- Captured Log ---------------------------------

--------------------------------- Captured Out ---------------------------------
/home/runner/work/diptych/diptych/tests/no_split_line_line_algo.png
1620827209994073374 : Checking separation double page angle 89.47691469185418
1620827209994657378 : Checking separation double page y=0 2476
1620827210835978942 : Checking page rotation 1 -0.14999999999999067
1620827212063824399 : Checking page rotation 2 -0.14999999999999067
1620827213674700884 : Checking image 1 crop x1 205
1620827213674828685 : Checking image 1 crop y1 158
1620827213674864285 : Checking image 1 crop x2 2320
1620827213674897785 : Checking image 1 crop y2 3366
1620827217675403352 : Checking image 2 crop x1 185
1620827217675521053 : Checking image 2 crop y1 225
1620827217675555653 : Checking image 2 crop x2 2204
1620827217675588153 : Checking image 2 crop y2 3362
1620827217675743854 : Checking image 1 dpi 300
1620827217675808455 : Checking image 1 border top 144
1620827217675839455 : Checking image 1 border bottom 134
1620827217675868555 : Checking image 1 border left 172
1620827217675897455 : Checking image 1 border right 172
1620827217678368971 : Checking image 2 dpi 300
1620827217678450772 : Checking image 2 border top 223
1620827217678481272 : Checking image 2 border bottom 127
1620827217678510572 : Checking image 2 border left 220
1620827217678538472 : Checking image 2 border right 220

</system-out><system-err>--------------------------------- Captured Err ---------------------------------

</system-err></testcase><testcase classname="tests.test_images" name="test_wrong_split_line_3_png" time="21.502"><system-out>--------------------------------- Captured Log ---------------------------------

--------------------------------- Captured Out ---------------------------------
/home/runner/work/diptych/diptych/tests/wrong_split_line_3.png
1620827214434490318 : Checking separation double page angle 90.40515247895009
1620827214434598918 : Checking separation double page y=0 2495
1620827215842350150 : Checking page rotation 1 0.2
1620827216892867757 : Checking page rotation 2 0.85
1620827218710699662 : Checking image 1 crop x1 331
1620827218710817362 : Checking image 1 crop y1 166
1620827218710852063 : Checking image 1 crop x2 2377
1620827218710887163 : Checking image 1 crop y2 3375
1620827224741627697 : Checking image 2 crop x1 103
1620827224741729398 : Checking image 2 crop y1 207
1620827224741763998 : Checking image 2 crop x2 2136
1620827224741797698 : Checking image 2 crop y2 3414
1620827224741964899 : Checking image 1 dpi 300
1620827224742038100 : Checking image 1 border top 158
1620827224742070600 : Checking image 1 border bottom 120
1620827224742102900 : Checking image 1 border left 207
1620827224742137300 : Checking image 1 border right 207
1620827224745093620 : Checking image 2 dpi 300
1620827224745216421 : Checking image 2 border top 199
1620827224745252221 : Checking image 2 border bottom 81
1620827224745283822 : Checking image 2 border left 213
1620827224745315922 : Checking image 2 border right 213

</system-out><system-err>--------------------------------- Captured Err ---------------------------------

</system-err></testcase><testcase classname="tests.test_images" name="test_failed_split_line_line_algo_png" time="13.155"><system-out>--------------------------------- Captured Log ---------------------------------

--------------------------------- Captured Out ---------------------------------
/home/runner/work/diptych/diptych/tests/failed_split_line_line_algo.png
1620827225998604806 : Checking separation double page angle 90.0093502548779
1620827225998719707 : Checking separation double page y=0 2574
1620827226662540300 : Checking page rotation 1 0.0
1620827227176660381 : Checking page rotation 2 0.0
1620827229368491831 : Checking image 1 crop x1 411
1620827229368612632 : Checking image 1 crop y1 2927
1620827229368647332 : Checking image 1 crop x2 2422
1620827229368679132 : Checking image 1 crop y2 3172
1620827230856329688 : Checking image 2 crop x1 1191
1620827230856440789 : Checking image 2 crop y1 1745
1620827230856472089 : Checking image 2 crop x2 1192
1620827230856500789 : Checking image 2 crop y2 1746
1620827230856613790 : Checking image 1 dpi 300
1620827230856684390 : Checking image 1 border top 2920
1620827230856713590 : Checking image 1 border bottom 322
1620827230856743091 : Checking image 1 border left 224
1620827230856772991 : Checking image 1 border right 224
1620827230858454101 : Checking image 2 dpi 300
1620827230858533102 : Checking image 2 border top 1752
1620827230858564002 : Checking image 2 border bottom 1753
1620827230858599402 : Checking image 2 border left 1239
1620827230858627703 : Checking image 2 border right 1239

</system-out><system-err>--------------------------------- Captured Err ---------------------------------

</system-err></testcase><testcase classname="tests.test_images" name="test_crop_too_much_3_png" time="17.575"><system-out>--------------------------------- Captured Log ---------------------------------

--------------------------------- Captured Out ---------------------------------
/home/runner/work/diptych/diptych/tests/crop_too_much_3.png
1620827235110530414 : Checking separation double page angle 89.5934556679346
1620827235110644615 : Checking separation double page y=0 2499
1620827236071654888 : Checking page rotation 1 -0.8999999999999949
1620827237428086801 : Checking page rotation 2 -0.04999999999999689
1620827240136405901 : Checking image 1 crop x1 374
1620827240136525502 : Checking image 1 crop y1 258
1620827240136559402 : Checking image 1 crop x2 2385
1620827240136589803 : Checking image 1 crop y2 3459
1620827242315842504 : Checking image 2 crop x1 164
1620827242315955505 : Checking image 2 crop y1 229
1620827242315990305 : Checking image 2 crop x2 2183
1620827242316023705 : Checking image 2 crop y2 3416
1620827242316174506 : Checking image 1 dpi 300
1620827242316233706 : Checking image 1 border top 239
1620827242316264307 : Checking image 1 border bottom 46
1620827242316294307 : Checking image 1 border left 224
1620827242316325107 : Checking image 1 border right 224
1620827242318712422 : Checking image 2 dpi 300
1620827242318792323 : Checking image 2 border top 210
1620827242318822723 : Checking image 2 border bottom 90
1620827242318851523 : Checking image 2 border left 220
1620827242318880423 : Checking image 2 border right 220

</system-out><system-err>--------------------------------- Captured Err ---------------------------------

</system-err></testcase><testcase classname="tests.test_images" name="test_failed_split_line_line_algo_2_png" time="19.703"><system-out>--------------------------------- Captured Log ---------------------------------

--------------------------------- Captured Out ---------------------------------
/home/runner/work/diptych/diptych/tests/failed_split_line_line_algo_2.png
1620827243172378807 : Checking separation double page angle 90.03732329462368
1620827243172496808 : Checking separation double page y=0 2499
1620827244552569775 : Checking page rotation 1 -0.09999999999999377
1620827245845018167 : Checking page rotation 2 0.5499999999999999
1620827248320505393 : Checking image 1 crop x1 273
1620827248320629293 : Checking image 1 crop y1 147
1620827248320665894 : Checking image 1 crop x2 2386
1620827248320699794 : Checking image 1 crop y2 3352
1620827250528355237 : Checking image 2 crop x1 122
1620827250528478338 : Checking image 2 crop y1 155
1620827250528514438 : Checking image 2 crop x2 2246
1620827250528549638 : Checking image 2 crop y2 3350
1620827250528702139 : Checking image 1 dpi 300
1620827250528769940 : Checking image 1 border top 137
1620827250528802040 : Checking image 1 border bottom 145
1620827250528832940 : Checking image 1 border left 173
1620827250528864740 : Checking image 1 border right 173
1620827250531392755 : Checking image 2 dpi 300
1620827250531479756 : Checking image 2 border top 133
1620827250531512756 : Checking image 2 border bottom 159
1620827250531543956 : Checking image 2 border left 168
1620827250531574756 : Checking image 2 border right 168

</system-out><system-err>--------------------------------- Captured Err ---------------------------------

</system-err></testcase><testcase classname="tests.test_images" name="test_wrong_wave_split_line_2_png" time="21.399"><system-out>--------------------------------- Captured Log ---------------------------------

--------------------------------- Captured Out ---------------------------------
/home/runner/work/diptych/diptych/tests/wrong_wave_split_line_2.png
1620827256788819116 : Checking separation double page angle 90.7708958311329
1620827256788929117 : Checking separation double page y=0 2490
1620827257896649381 : Checking page rotation 1 0.2
1620827258993058574 : Checking page rotation 2 1.65
1620827260403524469 : Checking image 1 crop x1 227
1620827260403641270 : Checking image 1 crop y1 147
1620827260403677970 : Checking image 1 crop x2 2342
1620827260403713570 : Checking image 1 crop y2 3353
1620827263716945875 : Checking image 2 crop x1 106
1620827263717063775 : Checking image 2 crop y1 195
1620827263717102676 : Checking image 2 crop x2 2231
1620827263717138676 : Checking image 2 crop y2 3398
1620827263717315877 : Checking image 1 dpi 300
1620827263717379577 : Checking image 1 border top 136
1620827263717411978 : Checking image 1 border bottom 145
1620827263717444278 : Checking image 1 border left 172
1620827263717478678 : Checking image 1 border right 172
1620827263720426597 : Checking image 2 dpi 300
1620827263720510598 : Checking image 2 border top 166
1620827263720542698 : Checking image 2 border bottom 117
1620827263720572898 : Checking image 2 border left 167
1620827263720603698 : Checking image 2 border right 167

</system-out><system-err>--------------------------------- Captured Err ---------------------------------

</system-err></testcase><testcase classname="tests.test_images" name="test_wrong_wave_split_line_3_png" time="19.532"><system-out>--------------------------------- Captured Log ---------------------------------

--------------------------------- Captured Out ---------------------------------
/home/runner/work/diptych/diptych/tests/wrong_wave_split_line_3.png
1620827264354320730 : Checking separation double page angle 90.12715931778824
1620827264354429130 : Checking separation double page y=0 2514
1620827265671326615 : Checking page rotation 1 0.05
1620827266687568640 : Checking page rotation 2 0.2
1620827268460714099 : Checking image 1 crop x1 273
1620827268460821799 : Checking image 1 crop y1 220
1620827268460867600 : Checking image 1 crop x2 2383
1620827268460897600 : Checking image 1 crop y2 3423
1620827270075352354 : Checking image 2 crop x1 116
1620827270075471755 : Checking image 2 crop y1 225
1620827270075506455 : Checking image 2 crop x2 2242
1620827270075539756 : Checking image 2 crop y2 3415
1620827270075703357 : Checking image 1 dpi 300
1620827270075768157 : Checking image 1 border top 202
1620827270075797757 : Checking image 1 border bottom 82
1620827270075825957 : Checking image 1 border left 175
1620827270075855158 : Checking image 1 border right 175
1620827270078206773 : Checking image 2 dpi 300
1620827270078291973 : Checking image 2 border top 204
1620827270078321973 : Checking image 2 border bottom 93
1620827270078350473 : Checking image 2 border left 167
1620827270078378574 : Checking image 2 border right 167

</system-out><system-err>--------------------------------- Captured Err ---------------------------------

</system-err></testcase><testcase classname="tests.test_images" name="test_no_split_line_wave_algo_png" time="29.482"><system-out>--------------------------------- Captured Log ---------------------------------

--------------------------------- Captured Out ---------------------------------
/home/runner/work/diptych/diptych/tests/no_split_line_wave_algo.png
1620827274897276768 : Checking separation double page angle 89.79018091440821
1620827274897390169 : Checking separation double page y=0 2483
1620827277261166485 : Checking page rotation 1 0.0
1620827278347262433 : Checking page rotation 2 -0.44999999999999746
1620827287210453808 : Checking image 1 crop x1 97
1620827287210544408 : Checking image 1 crop y1 74
1620827287210576708 : Checking image 1 crop x2 2489
1620827287210606909 : Checking image 1 crop y2 3505
1620827293169205846 : Checking image 2 crop x1 164
1620827293169321347 : Checking image 2 crop y1 267
1620827293169360047 : Checking image 2 crop x2 2239
1620827293169394847 : Checking image 2 crop y2 3380
1620827293169550648 : Checking image 1 dpi 300
1620827293169615649 : Checking image 1 border top 38
1620827293169647749 : Checking image 1 border bottom 38
1620827293169679349 : Checking image 1 border left 44
1620827293169712449 : Checking image 1 border right 44
1620827293172574367 : Checking image 2 dpi 300
1620827293172661468 : Checking image 2 border top 257
1620827293172693968 : Checking image 2 border bottom 117
1620827293172724668 : Checking image 2 border left 192
1620827293172755868 : Checking image 2 border right 192

</system-out><system-err>--------------------------------- Captured Err ---------------------------------

</system-err></testcase><testcase classname="tests.test_images" name="test_no_split_line_wave_algo_2_png" time="16.590"><system-out>--------------------------------- Captured Log ---------------------------------

--------------------------------- Captured Out ---------------------------------
/home/runner/work/diptych/diptych/tests/no_split_line_wave_algo_2.png
1620827281039577157 : Checking separation double page angle 90.43362571535843
1620827281039688158 : Checking separation double page y=0 2473
1620827282080571317 : Checking page rotation 1 1.05
1620827283161314731 : Checking page rotation 2 0.15000000000000002
1620827285041866461 : Checking image 1 crop x1 267
1620827285041990962 : Checking image 1 crop y1 210
1620827285042028662 : Checking image 1 crop x2 2343
1620827285042062763 : Checking image 1 crop y2 3412
1620827286670727862 : Checking image 2 crop x1 165
1620827286670854062 : Checking image 2 crop y1 241
1620827286670891563 : Checking image 2 crop x2 2250
1620827286670927963 : Checking image 2 crop y2 3433
1620827286671083564 : Checking image 1 dpi 300
1620827286671149664 : Checking image 1 border top 192
1620827286671183065 : Checking image 1 border bottom 93
1620827286671213965 : Checking image 1 border left 192
1620827286671245965 : Checking image 1 border right 192
1620827286674025683 : Checking image 2 dpi 300
1620827286674117683 : Checking image 2 border top 224
1620827286674150784 : Checking image 2 border bottom 71
1620827286674182284 : Checking image 2 border left 187
1620827286674213084 : Checking image 2 border right 187

</system-out><system-err>--------------------------------- Captured Err ---------------------------------

</system-err></testcase><testcase classname="tests.test_images" name="test_failed_detect_rectangle_png" time="17.528"><system-out>--------------------------------- Captured Log ---------------------------------

--------------------------------- Captured Out ---------------------------------
/home/runner/work/diptych/diptych/tests/failed_detect_rectangle.png
1620827299409694898 : Checking separation double page angle 90.242273842964
1620827299409797599 : Checking separation double page y=0 2475
1620827300574505925 : Checking page rotation 1 0.2
1620827301840387226 : Checking page rotation 2 0.2
1620827302944602630 : Checking image 1 crop x1 257
1620827302944721531 : Checking image 1 crop y1 201
1620827302944755531 : Checking image 1 crop x2 2333
1620827302944786531 : Checking image 1 crop y2 3402
1620827304193770653 : Checking image 2 crop x1 137
1620827304193895754 : Checking image 2 crop y1 215
1620827304193931255 : Checking image 2 crop x2 2220
1620827304193964255 : Checking image 2 crop y2 3406
1620827304194124356 : Checking image 1 dpi 300
1620827304194190556 : Checking image 1 border top 188
1620827304194221756 : Checking image 1 border bottom 98
1620827304194250657 : Checking image 1 border left 192
1620827304194279957 : Checking image 1 border right 192
1620827304196944974 : Checking image 2 dpi 300
1620827304197029374 : Checking image 2 border top 201
1620827304197059774 : Checking image 2 border bottom 95
1620827304197089175 : Checking image 2 border left 188
1620827304197118375 : Checking image 2 border right 188

</system-out><system-err>--------------------------------- Captured Err ---------------------------------

</system-err></testcase><testcase classname="tests.test_images" name="test_crop_too_few_2_png" time="17.061"><system-out>--------------------------------- Captured Log ---------------------------------

--------------------------------- Captured Out ---------------------------------
/home/runner/work/diptych/diptych/tests/crop_too_few_2.png
1620827303497328136 : Checking separation double page angle 90.35461351371423
1620827303497438137 : Checking separation double page y=0 2533
1620827304471903918 : Checking page rotation 1 1.0999999999999999
1620827305467063530 : Checking page rotation 2 0.0
1620827307803048147 : Checking image 1 crop x1 289
1620827307803160148 : Checking image 1 crop y1 165
1620827307803193148 : Checking image 1 crop x2 2400
1620827307803225149 : Checking image 1 crop y2 3367
1620827310290001094 : Checking image 2 crop x1 152
1620827310290119395 : Checking image 2 crop y1 190
1620827310290153195 : Checking image 2 crop x2 2273
1620827310290187696 : Checking image 2 crop y2 3385
1620827310290348597 : Checking image 1 dpi 300
1620827310290409597 : Checking image 1 border top 157
1620827310290439497 : Checking image 1 border bottom 128
1620827310290469597 : Checking image 1 border left 174
1620827310290501198 : Checking image 1 border right 174
1620827310292898313 : Checking image 2 dpi 300
1620827310292977413 : Checking image 2 border top 175
1620827310293007013 : Checking image 2 border bottom 116
1620827310293034914 : Checking image 2 border left 169
1620827310293063514 : Checking image 2 border right 169

</system-out><system-err>--------------------------------- Captured Err ---------------------------------

</system-err></testcase><testcase classname="tests.test_images" name="test_single_page_png" time="5.309"><system-out>--------------------------------- Captured Log ---------------------------------

--------------------------------- Captured Out ---------------------------------
/home/runner/work/diptych/diptych/tests/single_page.png
1620827306816259088 : Checking separation double page angle 89.93006318861008
1620827306816379389 : Checking separation double page y=0 2472
1620827307582462248 : Checking page rotation 1 0.0
1620827307686587209 : Checking page rotation 2 0.0
1620827309109565935 : Checking image 1 crop x1 1
1620827309109664035 : Checking image 1 crop y1 8
1620827309109698436 : Checking image 1 crop x2 2470
1620827309109728336 : Checking image 1 crop y2 3505
1620827309223899258 : Checking image 2 crop x1 0
1620827309223977858 : Checking image 2 crop y1 0
1620827309224006458 : Checking image 2 crop x2 0
1620827309224033858 : Checking image 2 crop y2 0
1620827309224093959 : Checking image 1 dpi 300
1620827309224152659 : Checking image 1 border top 5
1620827309224181759 : Checking image 1 border bottom 5
1620827309224210060 : Checking image 1 border left 6
1620827309224238160 : Checking image 1 border right 6
1620827309230128497 : Checking image 2 border top 0
1620827309230199197 : Checking image 2 border bottom 0
1620827309230226898 : Checking image 2 border left 0
1620827309230254998 : Checking image 2 border right 0

</system-out><system-err>--------------------------------- Captured Err ---------------------------------

</system-err></testcase><testcase classname="tests.test_images" name="test_wrong_split_line_4_png" time="9.896"><system-out>--------------------------------- Captured Log ---------------------------------

--------------------------------- Captured Out ---------------------------------
/home/runner/work/diptych/diptych/tests/wrong_split_line_4.png
1620827315848332519 : Checking separation double page angle 90.92587744884125
1620827315848447720 : Checking separation double page y=0 58
1620827315932176449 : Checking page rotation 1 0.5499999999999999
1620827316883680561 : Checking page rotation 2 1.0999999999999999
1620827317524733632 : Checking image 1 crop x1 0
1620827317524814032 : Checking image 1 crop y1 0
1620827317524844332 : Checking image 1 crop x2 0
1620827317524874333 : Checking image 1 crop y2 0
1620827319454910724 : Checking image 2 crop x1 290
1620827319455048025 : Checking image 2 crop y1 330
1620827319455088625 : Checking image 2 crop x2 2314
1620827319455127425 : Checking image 2 crop y2 3217
1620827319455289127 : Checking image 1 border top 0
1620827319455331027 : Checking image 1 border bottom 0
1620827319455366627 : Checking image 1 border left 0
1620827319455402327 : Checking image 1 border right 0
1620827319455455828 : Checking image 2 dpi 300
1620827319455525428 : Checking image 2 border top 322
1620827319455561428 : Checking image 2 border bottom 278
1620827319455596328 : Checking image 2 border left 218
1620827319455631029 : Checking image 2 border right 218

</system-out><system-err>--------------------------------- Captured Err ---------------------------------

</system-err></testcase><testcase classname="tests.test_images" name="test_no_split_line_wave_algo_3_png" time="8.833"><system-out>--------------------------------- Captured Log ---------------------------------

--------------------------------- Captured Out ---------------------------------
/home/runner/work/diptych/diptych/tests/no_split_line_wave_algo_3.png
1620827316019562501 : Checking separation double page angle 90.18184445198425
1620827316019688202 : Checking separation double page y=0 2405
1620827316781530616 : Checking page rotation 1 0.0
1620827316924295618 : Checking page rotation 2 0.0
1620827318681861301 : Checking image 1 crop x1 184
1620827318681958502 : Checking image 1 crop y1 2957
1620827318681991602 : Checking image 1 crop x2 2201
1620827318682020902 : Checking image 1 crop y2 3202
1620827319101615374 : Checking image 2 crop x1 0
1620827319101695975 : Checking image 2 crop y1 0
1620827319101725075 : Checking image 2 crop x2 0
1620827319101752275 : Checking image 2 crop y2 0
1620827319101812675 : Checking image 1 dpi 300
1620827319101877576 : Checking image 1 border top 2950
1620827319101906976 : Checking image 1 border bottom 292
1620827319101936876 : Checking image 1 border left 221
1620827319101967776 : Checking image 1 border right 221
1620827319107118509 : Checking image 2 border top 0
1620827319107188810 : Checking image 2 border bottom 0
1620827319107216810 : Checking image 2 border left 0
1620827319107246010 : Checking image 2 border right 0

</system-out><system-err>--------------------------------- Captured Err ---------------------------------

</system-err></testcase><testcase classname="tests.test_images" name="test_failed_split_line_line_algo_3_png" time="10.792"><system-out>--------------------------------- Captured Log ---------------------------------

--------------------------------- Captured Out ---------------------------------
/home/runner/work/diptych/diptych/tests/failed_split_line_line_algo_3.png
1620827325300001027 : Checking separation double page angle 90.02403976140027
1620827325300118928 : Checking separation double page y=0 39
1620827325358821893 : Checking page rotation 1 0.0
1620827325940927318 : Checking page rotation 2 0.0
1620827326218459346 : Checking image 1 crop x1 0
1620827326218537347 : Checking image 1 crop y1 0
1620827326218565847 : Checking image 1 crop x2 0
1620827326218592647 : Checking image 1 crop y2 0
1620827330259065409 : Checking image 2 crop x1 249
1620827330259166710 : Checking image 2 crop y1 154
1620827330259200410 : Checking image 2 crop x2 2264
1620827330259232710 : Checking image 2 crop y2 3361
1620827330259383611 : Checking image 1 border top 0
1620827330259417211 : Checking image 1 border bottom 0
1620827330259447112 : Checking image 1 border left 0
1620827330259476812 : Checking image 1 border right 0
1620827330259526312 : Checking image 2 dpi 300
1620827330259586113 : Checking image 2 border top 146
1620827330259616413 : Checking image 2 border bottom 134
1620827330259644813 : Checking image 2 border left 222
1620827330259673413 : Checking image 2 border right 222

</system-out><system-err>--------------------------------- Captured Err ---------------------------------

</system-err></testcase></testsuite></testsuites>