<?xml version="1.0" encoding="utf-8"?><testsuites><testsuite name="pytest" errors="0" failures="0" skipped="0" tests="36" time="505.539" timestamp="2021-05-12T12:18:26.273755" hostname="fv-az75-704"><testcase classname="tests.test_features" name="test_disabled_enable_debug" time="28.865"><system-out>--------------------------------- Captured Log ---------------------------------

--------------------------------- Captured Out ---------------------------------
/home/runner/work/diptych/diptych/tests/0001_debug.png
separation double page angle 90.55756528497216
separation double page y=0 2484
page rotation 1 0.65
page rotation 2 0.2
image 1 crop x1 329
image 1 crop y1 335
image 1 crop x2 2344
image 1 crop y2 3222
image 2 crop x1 171
image 2 crop y1 648
image 2 crop x2 2188
image 2 crop y2 3361
image 1 dpi 300
image 1 border top 327
image 1 border bottom 273
image 1 border left 222
image 1 border right 222
image 2 dpi 300
image 2 border top 643
image 2 border bottom 131
image 2 border left 221
image 2 border right 221

</system-out><system-err>--------------------------------- Captured Err ---------------------------------

</system-err></testcase><testcase classname="tests.test_features" name="test_mock_stop_at_0" time="0.057"><system-out>--------------------------------- Captured Log ---------------------------------

--------------------------------- Captured Out ---------------------------------
/home/runner/work/diptych/diptych/tests/0001_0.png

</system-out><system-err>--------------------------------- Captured Err ---------------------------------

</system-err></testcase><testcase classname="tests.test_features" name="test_mock_stop_at_2" time="21.871"><system-out>--------------------------------- Captured Log ---------------------------------

--------------------------------- Captured Out ---------------------------------
/home/runner/work/diptych/diptych/tests/0001_2.png
separation double page angle 90.55756528497216
separation double page y=0 2484
page rotation 1 0.65
page rotation 2 0.2

</system-out><system-err>--------------------------------- Captured Err ---------------------------------

</system-err></testcase><testcase classname="tests.test_features" name="test_mock_stop_at_4" time="28.164"><system-out>--------------------------------- Captured Log ---------------------------------

--------------------------------- Captured Out ---------------------------------
/home/runner/work/diptych/diptych/tests/0001_4.png
separation double page angle 90.55756528497216
separation double page y=0 2484
page rotation 1 0.65
page rotation 2 0.2
image 1 crop x1 329
image 1 crop y1 335
image 1 crop x2 2344
image 1 crop y2 3222
image 2 crop x1 171
image 2 crop y1 648
image 2 crop x2 2188
image 2 crop y2 3361
image 1 dpi 300
image 1 border top 326
image 1 border bottom 274
image 1 border left 222
image 1 border right 222
image 2 dpi 300
image 2 border top 643
image 2 border bottom 131
image 2 border left 221
image 2 border right 221

</system-out><system-err>--------------------------------- Captured Err ---------------------------------

</system-err></testcase><testcase classname="tests.test_features" name="test_mock_stop_at_1" time="16.705"><system-out>--------------------------------- Captured Log ---------------------------------

--------------------------------- Captured Out ---------------------------------
/home/runner/work/diptych/diptych/tests/0001_1.png
separation double page angle 90.55756528497216
separation double page y=0 2484

</system-out><system-err>--------------------------------- Captured Err ---------------------------------

</system-err></testcase><testcase classname="tests.test_features" name="test_mock_stop_at_3" time="28.115"><system-out>--------------------------------- Captured Log ---------------------------------

--------------------------------- Captured Out ---------------------------------
/home/runner/work/diptych/diptych/tests/0001_3.png
separation double page angle 90.55756528497216
separation double page y=0 2484
page rotation 1 0.65
page rotation 2 0.2
image 1 crop x1 329
image 1 crop y1 335
image 1 crop x2 2344
image 1 crop y2 3222
image 2 crop x1 171
image 2 crop y1 648
image 2 crop x2 2188
image 2 crop y2 3361

</system-out><system-err>--------------------------------- Captured Err ---------------------------------

</system-err></testcase><testcase classname="tests.test_images" name="test_0001_png" time="26.476"><system-out>--------------------------------- Captured Log ---------------------------------

--------------------------------- Captured Out ---------------------------------
/home/runner/work/diptych/diptych/tests/0001.png
1620821973638568235 : Checking separation double page angle 90.55756528497216
1620821973638704244 : Checking separation double page y=0 2484
1620821975611665416 : Checking page rotation 1 0.65
1620821978186236435 : Checking page rotation 2 0.2
1620821981242872575 : Checking image 1 crop x1 329
1620821981243009684 : Checking image 1 crop y1 335
1620821981243052787 : Checking image 1 crop x2 2344
1620821981243090190 : Checking image 1 crop y2 3222
1620821984086228496 : Checking image 2 crop x1 171
1620821984086369906 : Checking image 2 crop y1 648
1620821984086413209 : Checking image 2 crop x2 2188
1620821984086450511 : Checking image 2 crop y2 3361
1620821984086648625 : Checking image 1 dpi 300
1620821984086732631 : Checking image 1 border top 326
1620821984086772934 : Checking image 1 border bottom 274
1620821984086810836 : Checking image 1 border left 222
1620821984086846539 : Checking image 1 border right 222
1620821984089379114 : Checking image 2 dpi 300
1620821984089487721 : Checking image 2 border top 643
1620821984089526524 : Checking image 2 border bottom 131
1620821984089562426 : Checking image 2 border left 221
1620821984089598029 : Checking image 2 border right 221

</system-out><system-err>--------------------------------- Captured Err ---------------------------------

</system-err></testcase><testcase classname="tests.test_features" name="test_mock_stop_at_5" time="28.406"><system-out>--------------------------------- Captured Log ---------------------------------

--------------------------------- Captured Out ---------------------------------
/home/runner/work/diptych/diptych/tests/0001_5.png
separation double page angle 90.55756528497216
separation double page y=0 2484
page rotation 1 0.65
page rotation 2 0.2
image 1 crop x1 329
image 1 crop y1 335
image 1 crop x2 2344
image 1 crop y2 3222
image 2 crop x1 171
image 2 crop y1 648
image 2 crop x2 2188
image 2 crop y2 3361
image 1 dpi 300
image 1 border top 326
image 1 border bottom 274
image 1 border left 222
image 1 border right 222
image 2 dpi 300
image 2 border top 643
image 2 border bottom 131
image 2 border left 221
image 2 border right 221

</system-out><system-err>--------------------------------- Captured Err ---------------------------------

</system-err></testcase><testcase classname="tests.test_images" name="test_black_border_not_removed_png" time="29.491"><system-out>--------------------------------- Captured Log ---------------------------------

--------------------------------- Captured Out ---------------------------------
/home/runner/work/diptych/diptych/tests/black-border-not-removed.png
1620822000119512440 : Checking separation double page angle 90.01516396500199
1620822000119632548 : Checking separation double page y=0 2455
1620822002442257998 : Checking page rotation 1 0.0
1620822005730850995 : Checking page rotation 2 0.1
1620822008660387489 : Checking image 1 crop x1 297
1620822008660530999 : Checking image 1 crop y1 143
1620822008660570302 : Checking image 1 crop x2 2309
1620822008660605404 : Checking image 1 crop y2 3346
1620822013579394107 : Checking image 2 crop x1 154
1620822013579533016 : Checking image 2 crop y1 144
1620822013579574819 : Checking image 2 crop x2 2168
1620822013579615322 : Checking image 2 crop y2 3351
1620822013579806335 : Checking image 1 dpi 300
1620822013579894041 : Checking image 1 border top 131
1620822013579933444 : Checking image 1 border bottom 153
1620822013579969647 : Checking image 1 border left 224
1620822013580004949 : Checking image 1 border right 224
1620822013582523823 : Checking image 2 dpi 300
1620822013582625330 : Checking image 2 border top 133
1620822013582663632 : Checking image 2 border bottom 147
1620822013582699535 : Checking image 2 border left 223
1620822013582735237 : Checking image 2 border right 223

</system-out><system-err>--------------------------------- Captured Err ---------------------------------

</system-err></testcase><testcase classname="tests.test_images" name="test_2_pages_2_contours_png" time="19.091"><system-out>--------------------------------- Captured Log ---------------------------------

--------------------------------- Captured Out ---------------------------------
/home/runner/work/diptych/diptych/tests/2-pages-2-contours.png
1620822021894353534 : Checking separation double page angle 90.14230271514262
1620822021894484143 : Checking separation double page y=0 2488
1620822022574784847 : Checking page rotation 1 0.0
1620822024588204106 : Checking page rotation 2 0.2
1620822025794233825 : Checking image 1 crop x1 1189
1620822025794355234 : Checking image 1 crop y1 1751
1620822025794393136 : Checking image 1 crop x2 1190
1620822025794424838 : Checking image 1 crop y2 1752
1620822028710001371 : Checking image 2 crop x1 100
1620822028710138780 : Checking image 2 crop y1 240
1620822028710178583 : Checking image 2 crop x2 2148
1620822028710215185 : Checking image 2 crop y2 3240
1620822028710401898 : Checking image 1 dpi 300
1620822028710470403 : Checking image 1 border top 1752
1620822028710505305 : Checking image 1 border bottom 1753
1620822028710539707 : Checking image 1 border left 1239
1620822028710572009 : Checking image 1 border right 1239
1620822028712143116 : Checking image 2 dpi 300
1620822028712242422 : Checking image 2 border top 230
1620822028712276525 : Checking image 2 border bottom 256
1620822028712308627 : Checking image 2 border left 206
1620822028712340529 : Checking image 2 border right 206

</system-out><system-err>--------------------------------- Captured Err ---------------------------------

</system-err></testcase><testcase classname="tests.test_images" name="test_image_failed_to_rotate_png" time="34.963"><system-out>--------------------------------- Captured Log ---------------------------------

--------------------------------- Captured Out ---------------------------------
/home/runner/work/diptych/diptych/tests/image_failed_to_rotate.png
1620822031266283760 : Checking separation double page angle 90.35651650869968
1620822031266420669 : Checking separation double page y=0 2483
1620822033352069635 : Checking page rotation 1 0.45
1620822035467914058 : Checking page rotation 2 0.2
1620822044342667232 : Checking image 1 crop x1 31
1620822044342816842 : Checking image 1 crop y1 1
1620822044342858345 : Checking image 1 crop x2 2481
1620822044342897048 : Checking image 1 crop y2 3504
1620822048442930629 : Checking image 2 crop x1 171
1620822048443079639 : Checking image 2 crop y1 231
1620822048443121542 : Checking image 2 crop x2 2259
1620822048443160645 : Checking image 2 crop y2 3358
1620822048443356258 : Checking image 1 dpi 300
1620822048443447264 : Checking image 1 border top 2
1620822048443486767 : Checking image 1 border bottom 2
1620822048443522270 : Checking image 1 border left 15
1620822048443557572 : Checking image 1 border right 15
1620822048445977538 : Checking image 2 dpi 300
1620822048446090746 : Checking image 2 border top 217
1620822048446129249 : Checking image 2 border bottom 143
1620822048446165251 : Checking image 2 border left 186
1620822048446200254 : Checking image 2 border right 186

</system-out><system-err>--------------------------------- Captured Err ---------------------------------

</system-err></testcase><testcase classname="tests.test_images" name="test_wrong_split_line_png" time="23.780"><system-out>--------------------------------- Captured Log ---------------------------------

--------------------------------- Captured Out ---------------------------------
/home/runner/work/diptych/diptych/tests/wrong_split_line.png
1620822044245645764 : Checking separation double page angle 89.95895720607972
1620822044245780273 : Checking separation double page y=0 2466
1620822046358921202 : Checking page rotation 1 -0.04999999999999689
1620822048303947977 : Checking page rotation 2 0.45
1620822050023689260 : Checking image 1 crop x1 211
1620822050023827770 : Checking image 1 crop y1 156
1620822050023869373 : Checking image 1 crop x2 2323
1620822050023908976 : Checking image 1 crop y2 3363
1620822052487968605 : Checking image 2 crop x1 123
1620822052488130017 : Checking image 2 crop y1 164
1620822052488174520 : Checking image 2 crop x2 2237
1620822052488214423 : Checking image 2 crop y2 3375
1620822052488407037 : Checking image 1 dpi 300
1620822052488485243 : Checking image 1 border top 135
1620822052488527446 : Checking image 1 border bottom 145
1620822052488564349 : Checking image 1 border left 174
1620822052488598951 : Checking image 1 border right 174
1620822052490876916 : Checking image 2 dpi 300
1620822052490977824 : Checking image 2 border top 141
1620822052491014926 : Checking image 2 border bottom 135
1620822052491049629 : Checking image 2 border left 173
1620822052491084631 : Checking image 2 border right 173

</system-out><system-err>--------------------------------- Captured Err ---------------------------------

</system-err></testcase><testcase classname="tests.test_images" name="test_image_failed_to_crop_data_png" time="44.797"><system-out>--------------------------------- Captured Log ---------------------------------

--------------------------------- Captured Out ---------------------------------
/home/runner/work/diptych/diptych/tests/image_failed_to_crop_data.png
1620822069753755976 : Checking separation double page angle 90.09350257645173
1620822069753880185 : Checking separation double page y=0 2479
1620822074567159360 : Checking page rotation 1 0.15000000000000002
1620822076715244456 : Checking page rotation 2 0.05
1620822089627051375 : Checking image 1 crop x1 46
1620822089627212486 : Checking image 1 crop y1 1
1620822089627258990 : Checking image 1 crop x2 2477
1620822089627298993 : Checking image 1 crop y2 3505
1620822093278586468 : Checking image 2 crop x1 164
1620822093278734478 : Checking image 2 crop y1 217
1620822093278779081 : Checking image 2 crop x2 2245
1620822093278818984 : Checking image 2 crop y2 3350
1620822093279019498 : Checking image 1 dpi 300
1620822093279109305 : Checking image 1 border top 2
1620822093279150807 : Checking image 1 border bottom 2
1620822093279186610 : Checking image 1 border left 25
1620822093279222613 : Checking image 1 border right 25
1620822093281647483 : Checking image 2 dpi 300
1620822093281754491 : Checking image 2 border top 206
1620822093281792993 : Checking image 2 border bottom 148
1620822093281828896 : Checking image 2 border left 189
1620822093281864398 : Checking image 2 border right 189

</system-out><system-err>--------------------------------- Captured Err ---------------------------------

</system-err></testcase><testcase classname="tests.test_images" name="test_crop_too_much_png" time="36.167"><system-out>--------------------------------- Captured Log ---------------------------------

--------------------------------- Captured Out ---------------------------------
/home/runner/work/diptych/diptych/tests/crop_too_much.png
1620822073118991732 : Checking separation double page angle 90.16929865985193
1620822073119126841 : Checking separation double page y=0 2456
1620822077032772361 : Checking page rotation 1 -0.04999999999999689
1620822080558291816 : Checking page rotation 2 0.2
1620822084074101900 : Checking image 1 crop x1 302
1620822084074248410 : Checking image 1 crop y1 148
1620822084074290413 : Checking image 1 crop x2 2314
1620822084074327415 : Checking image 1 crop y2 3351
1620822088618802409 : Checking image 2 crop x1 163
1620822088618949619 : Checking image 2 crop y1 151
1620822088618992522 : Checking image 2 crop x2 2187
1620822088619031825 : Checking image 2 crop y2 3363
1620822088619222938 : Checking image 1 dpi 300
1620822088619303944 : Checking image 1 border top 133
1620822088619343946 : Checking image 1 border bottom 151
1620822088619381449 : Checking image 1 border left 224
1620822088619416751 : Checking image 1 border right 224
1620822088621788616 : Checking image 2 dpi 300
1620822088621892724 : Checking image 2 border top 132
1620822088621930626 : Checking image 2 border bottom 143
1620822088621966029 : Checking image 2 border left 218
1620822088622003431 : Checking image 2 border right 218

</system-out><system-err>--------------------------------- Captured Err ---------------------------------

</system-err></testcase><testcase classname="tests.test_images" name="test_crop_too_few_png" time="23.898"><system-out>--------------------------------- Captured Log ---------------------------------

--------------------------------- Captured Out ---------------------------------
/home/runner/work/diptych/diptych/tests/crop_too_few.png
1620822104116829086 : Checking separation double page angle 89.49492328400886
1620822104116955795 : Checking separation double page y=0 2510
1620822105871859127 : Checking page rotation 1 -0.6499999999999977
1620822108348707786 : Checking page rotation 2 0.0
1620822110741417084 : Checking image 1 crop x1 263
1620822110741555193 : Checking image 1 crop y1 150
1620822110741595196 : Checking image 1 crop x2 2377
1620822110741630499 : Checking image 1 crop y2 3357
1620822112564530498 : Checking image 2 crop x1 139
1620822112564672208 : Checking image 2 crop y1 141
1620822112564711611 : Checking image 2 crop x2 2261
1620822112564748313 : Checking image 2 crop y2 3345
1620822112564934826 : Checking image 1 dpi 300
1620822112565014232 : Checking image 1 border top 129
1620822112565052434 : Checking image 1 border bottom 150
1620822112565087337 : Checking image 1 border left 173
1620822112565119739 : Checking image 1 border right 173
1620822112567628614 : Checking image 2 dpi 300
1620822112567725021 : Checking image 2 border top 130
1620822112567760823 : Checking image 2 border bottom 153
1620822112567793625 : Checking image 2 border left 169
1620822112567825728 : Checking image 2 border right 169

</system-out><system-err>--------------------------------- Captured Err ---------------------------------

</system-err></testcase><testcase classname="tests.test_images" name="test_wrong_angle_split_line_png" time="32.132"><system-out>--------------------------------- Captured Log ---------------------------------

--------------------------------- Captured Out ---------------------------------
/home/runner/work/diptych/diptych/tests/wrong_angle_split_line.png
1620822106619981148 : Checking separation double page angle 90.08791528895468
1620822106620137959 : Checking separation double page y=0 2478
1620822108267267012 : Checking page rotation 1 0.1
1620822110399455760 : Checking page rotation 2 0.1
1620822119230036293 : Checking image 1 crop x1 58
1620822119230183803 : Checking image 1 crop y1 6
1620822119230225506 : Checking image 1 crop x2 2476
1620822119230262609 : Checking image 1 crop y2 3501
1620822124681669306 : Checking image 2 crop x1 166
1620822124681818016 : Checking image 2 crop y1 218
1620822124681860319 : Checking image 2 crop x2 2244
1620822124681900322 : Checking image 2 crop y2 3349
1620822124682107936 : Checking image 1 dpi 300
1620822124682207843 : Checking image 1 border top 6
1620822124682248546 : Checking image 1 border bottom 6
1620822124682284448 : Checking image 1 border left 31
1620822124682319951 : Checking image 1 border right 31
1620822124690394814 : Checking image 2 dpi 300
1620822124690527623 : Checking image 2 border top 209
1620822124690567326 : Checking image 2 border bottom 147
1620822124690603828 : Checking image 2 border left 191
1620822124690639531 : Checking image 2 border right 191

</system-out><system-err>--------------------------------- Captured Err ---------------------------------

</system-err></testcase><testcase classname="tests.test_images" name="test_crop_too_much_2_png" time="37.580"><system-out>--------------------------------- Captured Log ---------------------------------

--------------------------------- Captured Out ---------------------------------
/home/runner/work/diptych/diptych/tests/crop_too_much_2.png
1620822135089360068 : Checking separation double page angle 90.15285326123045
1620822135089491577 : Checking separation double page y=0 2477
1620822138688268829 : Checking page rotation 1 0.15000000000000002
1620822142828334315 : Checking page rotation 2 0.2
1620822146019760729 : Checking image 1 crop x1 330
1620822146019907139 : Checking image 1 crop y1 132
1620822146019949242 : Checking image 1 crop x2 2342
1620822146019986444 : Checking image 1 crop y2 3335
1620822150112923840 : Checking image 2 crop x1 165
1620822150113060949 : Checking image 2 crop y1 139
1620822150113116653 : Checking image 2 crop x2 2178
1620822150113154756 : Checking image 2 crop y2 3345
1620822150113347769 : Checking image 1 dpi 300
1620822150113429375 : Checking image 1 border top 121
1620822150113470078 : Checking image 1 border bottom 163
1620822150113507080 : Checking image 1 border left 224
1620822150113543683 : Checking image 1 border right 224
1620822150116098961 : Checking image 2 dpi 300
1620822150116248372 : Checking image 2 border top 129
1620822150116286074 : Checking image 2 border bottom 152
1620822150116321177 : Checking image 2 border left 223
1620822150116355979 : Checking image 2 border right 223

</system-out><system-err>--------------------------------- Captured Err ---------------------------------

</system-err></testcase><testcase classname="tests.test_images" name="test_angle_page_lower_split_line_png" time="36.508"><system-out>--------------------------------- Captured Log ---------------------------------

--------------------------------- Captured Out ---------------------------------
/home/runner/work/diptych/diptych/tests/angle_page_lower_split_line.png
1620822148771974737 : Checking separation double page angle 89.74412725181848
1620822148772129948 : Checking separation double page y=0 2472
1620822152597754304 : Checking page rotation 1 -0.14999999999999067
1620822155905980679 : Checking page rotation 2 0.1
1620822157918629452 : Checking image 1 crop x1 241
1620822157918768861 : Checking image 1 crop y1 156
1620822157918811564 : Checking image 1 crop x2 2357
1620822157918851667 : Checking image 1 crop y2 3368
1620822162001041315 : Checking image 2 crop x1 151
1620822162001183025 : Checking image 2 crop y1 146
1620822162001226728 : Checking image 2 crop x2 2261
1620822162001266331 : Checking image 2 crop y2 3351
1620822162001464045 : Checking image 1 dpi 300
1620822162001556851 : Checking image 1 border top 140
1620822162001595554 : Checking image 1 border bottom 135
1620822162001632056 : Checking image 1 border left 172
1620822162001667859 : Checking image 1 border right 172
1620822162004098428 : Checking image 2 dpi 300
1620822162004234638 : Checking image 2 border top 131
1620822162004274641 : Checking image 2 border bottom 151
1620822162004310943 : Checking image 2 border left 175
1620822162004346946 : Checking image 2 border right 175

</system-out><system-err>--------------------------------- Captured Err ---------------------------------

</system-err></testcase><testcase classname="tests.test_images" name="test_wrong_split_line_2_png" time="45.149"><system-out>--------------------------------- Captured Log ---------------------------------

--------------------------------- Captured Out ---------------------------------
/home/runner/work/diptych/diptych/tests/wrong_split_line_2.png
1620822174300676345 : Checking separation double page angle 90.23635161124103
1620822174300802254 : Checking separation double page y=0 2437
1620822178529806692 : Checking page rotation 1 0.2
1620822182119179177 : Checking page rotation 2 0.2
1620822187730251841 : Checking image 1 crop x1 294
1620822187730392451 : Checking image 1 crop y1 136
1620822187730432854 : Checking image 1 crop x2 2325
1620822187730474156 : Checking image 1 crop y2 3376
1620822195279036338 : Checking image 2 crop x1 138
1620822195279175848 : Checking image 2 crop y1 190
1620822195279218551 : Checking image 2 crop x2 2174
1620822195279257754 : Checking image 2 crop y2 3389
1620822195279443367 : Checking image 1 dpi 300
1620822195279526473 : Checking image 1 border top 131
1620822195279565475 : Checking image 1 border bottom 116
1620822195279602778 : Checking image 1 border left 214
1620822195279638580 : Checking image 1 border right 214
1620822195282236962 : Checking image 2 dpi 300
1620822195282336569 : Checking image 2 border top 181
1620822195282373672 : Checking image 2 border bottom 107
1620822195282408374 : Checking image 2 border left 212
1620822195282442676 : Checking image 2 border right 212

</system-out><system-err>--------------------------------- Captured Err ---------------------------------

</system-err></testcase><testcase classname="tests.test_images" name="test_wrong_wave_split_line_png" time="39.694"><system-out>--------------------------------- Captured Log ---------------------------------

--------------------------------- Captured Out ---------------------------------
/home/runner/work/diptych/diptych/tests/wrong_wave_split_line.png
1620822183353398745 : Checking separation double page angle 90.42461655762611
1620822183353526154 : Checking separation double page y=0 2502
1620822186345495030 : Checking page rotation 1 -0.09999999999999377
1620822189220030478 : Checking page rotation 2 0.85
1620822195071166212 : Checking image 1 crop x1 384
1620822195071321123 : Checking image 1 crop y1 178
1620822195071363526 : Checking image 1 crop x2 2412
1620822195071401829 : Checking image 1 crop y2 3374
1620822201683558245 : Checking image 2 crop x1 7
1620822201683717456 : Checking image 2 crop y1 0
1620822201683760759 : Checking image 2 crop x2 2411
1620822201683802462 : Checking image 2 crop y2 3505
1620822201683980474 : Checking image 1 dpi 300
1620822201684065780 : Checking image 1 border top 173
1620822201684129484 : Checking image 1 border bottom 118
1620822201684168487 : Checking image 1 border left 216
1620822201684204390 : Checking image 1 border right 216
1620822201686907978 : Checking image 2 dpi 300
1620822201687025086 : Checking image 2 border top 1
1620822201687064789 : Checking image 2 border bottom 1
1620822201687101392 : Checking image 2 border left 38
1620822201687136794 : Checking image 2 border right 38

</system-out><system-err>--------------------------------- Captured Err ---------------------------------

</system-err></testcase><testcase classname="tests.test_images" name="test_small_wave_png" time="32.177"><system-out>--------------------------------- Captured Log ---------------------------------

--------------------------------- Captured Out ---------------------------------
/home/runner/work/diptych/diptych/tests/small_wave.png
1620822216612852875 : Checking separation double page angle 90.56494929955075
1620822216612984184 : Checking separation double page y=0 2495
1620822219937221055 : Checking page rotation 1 0.7
1620822222949883652 : Checking page rotation 2 0.65
1620822224792445754 : Checking image 1 crop x1 322
1620822224792590764 : Checking image 1 crop y1 199
1620822224792633167 : Checking image 1 crop x2 2351
1620822224792670169 : Checking image 1 crop y2 3394
1620822227458795607 : Checking image 2 crop x1 130
1620822227458933817 : Checking image 2 crop y1 222
1620822227458976720 : Checking image 2 crop x2 2163
1620822227459017423 : Checking image 2 crop y2 3420
1620822227459195435 : Checking image 1 dpi 300
1620822227459277041 : Checking image 1 border top 181
1620822227459317644 : Checking image 1 border bottom 111
1620822227459354546 : Checking image 1 border left 215
1620822227459389349 : Checking image 1 border right 215
1620822227461680609 : Checking image 2 dpi 300
1620822227461780516 : Checking image 2 border top 197
1620822227461822818 : Checking image 2 border bottom 92
1620822227461857721 : Checking image 2 border left 213
1620822227461891823 : Checking image 2 border right 213

</system-out><system-err>--------------------------------- Captured Err ---------------------------------

</system-err></testcase><testcase classname="tests.test_images" name="test_no_split_line_line_algo_png" time="28.715"><system-out>--------------------------------- Captured Log ---------------------------------

--------------------------------- Captured Out ---------------------------------
/home/runner/work/diptych/diptych/tests/no_split_line_line_algo.png
1620822218667623806 : Checking separation double page angle 89.47691469185418
1620822218667739014 : Checking separation double page y=0 2476
1620822220419517270 : Checking page rotation 1 -0.14999999999999067
1620822223634695923 : Checking page rotation 2 -0.14999999999999067
1620822225741536344 : Checking image 1 crop x1 205
1620822225741677854 : Checking image 1 crop y1 158
1620822225741716356 : Checking image 1 crop x2 2320
1620822225741753059 : Checking image 1 crop y2 3366
1620822230419228743 : Checking image 2 crop x1 185
1620822230419372853 : Checking image 2 crop y1 225
1620822230419413956 : Checking image 2 crop x2 2204
1620822230419453359 : Checking image 2 crop y2 3362
1620822230419660873 : Checking image 1 dpi 300
1620822230419751480 : Checking image 1 border top 144
1620822230419788982 : Checking image 1 border bottom 134
1620822230419825285 : Checking image 1 border left 172
1620822230419860687 : Checking image 1 border right 172
1620822230422620480 : Checking image 2 dpi 300
1620822230422720087 : Checking image 2 border top 223
1620822230422758089 : Checking image 2 border bottom 127
1620822230422793492 : Checking image 2 border left 220
1620822230422828794 : Checking image 2 border right 220

</system-out><system-err>--------------------------------- Captured Err ---------------------------------

</system-err></testcase><testcase classname="tests.test_images" name="test_wrong_split_line_3_png" time="36.410"><system-out>--------------------------------- Captured Log ---------------------------------

--------------------------------- Captured Out ---------------------------------
/home/runner/work/diptych/diptych/tests/wrong_split_line_3.png
1620822246076939141 : Checking separation double page angle 90.40515247895009
1620822246077068150 : Checking separation double page y=0 2495
1620822249057142653 : Checking page rotation 1 0.2
1620822251212878079 : Checking page rotation 2 0.85
1620822253539188940 : Checking image 1 crop x1 331
1620822253539329249 : Checking image 1 crop y1 166
1620822253539370052 : Checking image 1 crop x2 2377
1620822253539409555 : Checking image 1 crop y2 3375
1620822263892548047 : Checking image 2 crop x1 103
1620822263892672756 : Checking image 2 crop y1 207
1620822263892712258 : Checking image 2 crop x2 2136
1620822263892750161 : Checking image 2 crop y2 3414
1620822263892942374 : Checking image 1 dpi 300
1620822263893026380 : Checking image 1 border top 158
1620822263893069083 : Checking image 1 border bottom 120
1620822263893105986 : Checking image 1 border left 207
1620822263893140688 : Checking image 1 border right 207
1620822263895665765 : Checking image 2 dpi 300
1620822263895761071 : Checking image 2 border top 199
1620822263895798774 : Checking image 2 border bottom 81
1620822263895833476 : Checking image 2 border left 213
1620822263895867579 : Checking image 2 border right 213

</system-out><system-err>--------------------------------- Captured Err ---------------------------------

</system-err></testcase><testcase classname="tests.test_images" name="test_failed_split_line_line_algo_png" time="17.817"><system-out>--------------------------------- Captured Log ---------------------------------

--------------------------------- Captured Out ---------------------------------
/home/runner/work/diptych/diptych/tests/failed_split_line_line_algo.png
1620822241691767165 : Checking separation double page angle 90.0093502548779
1620822241691893674 : Checking separation double page y=0 2574
1620822242779412080 : Checking page rotation 1 0.0
1620822243401183078 : Checking page rotation 2 0.0
1620822246146888423 : Checking image 1 crop x1 411
1620822246147024832 : Checking image 1 crop y1 2927
1620822246147064535 : Checking image 1 crop x2 2422
1620822246147099138 : Checking image 1 crop y2 3172
1620822248266892095 : Checking image 2 crop x1 1191
1620822248267009003 : Checking image 2 crop y1 1745
1620822248267046305 : Checking image 2 crop x2 1192
1620822248267080408 : Checking image 2 crop y2 1746
1620822248267227518 : Checking image 1 dpi 300
1620822248267320825 : Checking image 1 border top 2920
1620822248267355627 : Checking image 1 border bottom 322
1620822248267389229 : Checking image 1 border left 224
1620822248267421732 : Checking image 1 border right 224
1620822248269352266 : Checking image 2 dpi 300
1620822248269444773 : Checking image 2 border top 1752
1620822248269483476 : Checking image 2 border bottom 1753
1620822248269516378 : Checking image 2 border left 1239
1620822248269549480 : Checking image 2 border right 1239

</system-out><system-err>--------------------------------- Captured Err ---------------------------------

</system-err></testcase><testcase classname="tests.test_images" name="test_failed_split_line_line_algo_2_png" time="31.926"><system-out>--------------------------------- Captured Log ---------------------------------

--------------------------------- Captured Out ---------------------------------
/home/runner/work/diptych/diptych/tests/failed_split_line_line_algo_2.png
1620822268408575593 : Checking separation double page angle 90.03732329462368
1620822268408705202 : Checking separation double page y=0 2499
1620822271606137137 : Checking page rotation 1 -0.09999999999999377
1620822274285150153 : Checking page rotation 2 0.5499999999999999
1620822277425973221 : Checking image 1 crop x1 273
1620822277426121032 : Checking image 1 crop y1 147
1620822277426163335 : Checking image 1 crop x2 2386
1620822277426203137 : Checking image 1 crop y2 3352
1620822280155716678 : Checking image 2 crop x1 122
1620822280155864088 : Checking image 2 crop y1 155
1620822280155906391 : Checking image 2 crop x2 2246
1620822280155948394 : Checking image 2 crop y2 3350
1620822280156164609 : Checking image 1 dpi 300
1620822280156260016 : Checking image 1 border top 137
1620822280156298418 : Checking image 1 border bottom 145
1620822280156334621 : Checking image 1 border left 173
1620822280156369923 : Checking image 1 border right 173
1620822280159005608 : Checking image 2 dpi 300
1620822280159108115 : Checking image 2 border top 133
1620822280159145817 : Checking image 2 border bottom 159
1620822280159181420 : Checking image 2 border left 168
1620822280159219222 : Checking image 2 border right 168

</system-out><system-err>--------------------------------- Captured Err ---------------------------------

</system-err></testcase><testcase classname="tests.test_images" name="test_crop_too_much_3_png" time="29.577"><system-out>--------------------------------- Captured Log ---------------------------------

--------------------------------- Captured Out ---------------------------------
/home/runner/work/diptych/diptych/tests/crop_too_much_3.png
1620822281187726258 : Checking separation double page angle 89.5934556679346
1620822281187854767 : Checking separation double page y=0 2499
1620822283553638170 : Checking page rotation 1 -0.8999999999999949
1620822287650468371 : Checking page rotation 2 -0.04999999999999689
1620822290816514388 : Checking image 1 crop x1 374
1620822290816659598 : Checking image 1 crop y1 258
1620822290816701401 : Checking image 1 crop x2 2385
1620822290816738003 : Checking image 1 crop y2 3459
1620822293465199626 : Checking image 2 crop x1 164
1620822293465336636 : Checking image 2 crop y1 229
1620822293465378039 : Checking image 2 crop x2 2183
1620822293465417742 : Checking image 2 crop y2 3416
1620822293465603955 : Checking image 1 dpi 300
1620822293465685560 : Checking image 1 border top 239
1620822293465725663 : Checking image 1 border bottom 46
1620822293465762966 : Checking image 1 border left 224
1620822293465798268 : Checking image 1 border right 224
1620822293468339646 : Checking image 2 dpi 300
1620822293468440553 : Checking image 2 border top 210
1620822293468477856 : Checking image 2 border bottom 90
1620822293468513658 : Checking image 2 border left 220
1620822293468550861 : Checking image 2 border right 220

</system-out><system-err>--------------------------------- Captured Err ---------------------------------

</system-err></testcase><testcase classname="tests.test_images" name="test_wrong_wave_split_line_2_png" time="33.192"><system-out>--------------------------------- Captured Log ---------------------------------

--------------------------------- Captured Out ---------------------------------
/home/runner/work/diptych/diptych/tests/wrong_wave_split_line_2.png
1620822302423661335 : Checking separation double page angle 90.7708958311329
1620822302423791344 : Checking separation double page y=0 2490
1620822305300369215 : Checking page rotation 1 0.2
1620822308082840255 : Checking page rotation 2 1.65
1620822310072956781 : Checking image 1 crop x1 227
1620822310073100791 : Checking image 1 crop y1 147
1620822310073142394 : Checking image 1 crop x2 2342
1620822310073182797 : Checking image 1 crop y2 3353
1620822313354314047 : Checking image 2 crop x1 106
1620822313354462557 : Checking image 2 crop y1 195
1620822313354504460 : Checking image 2 crop x2 2231
1620822313354543963 : Checking image 2 crop y2 3398
1620822313354741177 : Checking image 1 dpi 300
1620822313354833883 : Checking image 1 border top 136
1620822313354872286 : Checking image 1 border bottom 145
1620822313354908889 : Checking image 1 border left 172
1620822313354944491 : Checking image 1 border right 172
1620822313357814892 : Checking image 2 dpi 300
1620822313357919399 : Checking image 2 border top 165
1620822313357959202 : Checking image 2 border bottom 118
1620822313357995304 : Checking image 2 border left 167
1620822313358031207 : Checking image 2 border right 167

</system-out><system-err>--------------------------------- Captured Err ---------------------------------

</system-err></testcase><testcase classname="tests.test_images" name="test_wrong_wave_split_line_3_png" time="31.893"><system-out>--------------------------------- Captured Log ---------------------------------

--------------------------------- Captured Out ---------------------------------
/home/runner/work/diptych/diptych/tests/wrong_wave_split_line_3.png
1620822315181353650 : Checking separation double page angle 90.12715931778824
1620822315181476458 : Checking separation double page y=0 2514
1620822318529303175 : Checking page rotation 1 0.05
1620822320941853971 : Checking page rotation 2 0.2
1620822323298933597 : Checking image 1 crop x1 273
1620822323299065906 : Checking image 1 crop y1 220
1620822323299121310 : Checking image 1 crop x2 2383
1620822323299157412 : Checking image 1 crop y2 3423
1620822325371560751 : Checking image 2 crop x1 116
1620822325371703761 : Checking image 2 crop y1 225
1620822325371745964 : Checking image 2 crop x2 2242
1620822325371786367 : Checking image 2 crop y2 3415
1620822325371968380 : Checking image 1 dpi 300
1620822325372049986 : Checking image 1 border top 202
1620822325372089988 : Checking image 1 border bottom 82
1620822325372147692 : Checking image 1 border left 175
1620822325372183195 : Checking image 1 border right 175
1620822325374919286 : Checking image 2 dpi 300
1620822325375031694 : Checking image 2 border top 204
1620822325375069596 : Checking image 2 border bottom 93
1620822325375105099 : Checking image 2 border left 167
1620822325375140001 : Checking image 2 border right 167

</system-out><system-err>--------------------------------- Captured Err ---------------------------------

</system-err></testcase><testcase classname="tests.test_images" name="test_no_split_line_wave_algo_png" time="39.736"><system-out>--------------------------------- Captured Log ---------------------------------

--------------------------------- Captured Out ---------------------------------
/home/runner/work/diptych/diptych/tests/no_split_line_wave_algo.png
1620822330616915928 : Checking separation double page angle 89.79018091440821
1620822330617045137 : Checking separation double page y=0 2483
1620822333887131490 : Checking page rotation 1 0.0
1620822336570907383 : Checking page rotation 2 -0.44999999999999746
1620822346753971381 : Checking image 1 crop x1 97
1620822346754086889 : Checking image 1 crop y1 74
1620822346754125791 : Checking image 1 crop x2 2489
1620822346754163594 : Checking image 1 crop y2 3505
1620822353036708738 : Checking image 2 crop x1 164
1620822353036859248 : Checking image 2 crop y1 267
1620822353036903251 : Checking image 2 crop x2 2239
1620822353036941254 : Checking image 2 crop y2 3380
1620822353037142468 : Checking image 1 dpi 300
1620822353037232174 : Checking image 1 border top 38
1620822353037270677 : Checking image 1 border bottom 38
1620822353037307080 : Checking image 1 border left 44
1620822353037342682 : Checking image 1 border right 44
1620822353040231884 : Checking image 2 dpi 300
1620822353040339091 : Checking image 2 border top 257
1620822353040383094 : Checking image 2 border bottom 117
1620822353040418897 : Checking image 2 border left 192
1620822353040453999 : Checking image 2 border right 192

</system-out><system-err>--------------------------------- Captured Err ---------------------------------

</system-err></testcase><testcase classname="tests.test_images" name="test_no_split_line_wave_algo_2_png" time="26.598"><system-out>--------------------------------- Captured Log ---------------------------------

--------------------------------- Captured Out ---------------------------------
/home/runner/work/diptych/diptych/tests/no_split_line_wave_algo_2.png
1620822342683932465 : Checking separation double page angle 90.43362571535843
1620822342684060574 : Checking separation double page y=0 2473
1620822344880805907 : Checking page rotation 1 1.05
1620822347312879794 : Checking page rotation 2 0.15000000000000002
1620822349758439303 : Checking image 1 crop x1 267
1620822349758585913 : Checking image 1 crop y1 210
1620822349758627816 : Checking image 1 crop x2 2343
1620822349758666819 : Checking image 1 crop y2 3412
1620822351976986265 : Checking image 2 crop x1 165
1620822351977125775 : Checking image 2 crop y1 241
1620822351977167978 : Checking image 2 crop x2 2250
1620822351977207081 : Checking image 2 crop y2 3433
1620822351977392394 : Checking image 1 dpi 300
1620822351977472999 : Checking image 1 border top 192
1620822351977512302 : Checking image 1 border bottom 93
1620822351977549205 : Checking image 1 border left 192
1620822351977584207 : Checking image 1 border right 192
1620822351980152086 : Checking image 2 dpi 300
1620822351980253493 : Checking image 2 border top 224
1620822351980293596 : Checking image 2 border bottom 71
1620822351980329199 : Checking image 2 border left 187
1620822351980364001 : Checking image 2 border right 187

</system-out><system-err>--------------------------------- Captured Err ---------------------------------

</system-err></testcase><testcase classname="tests.test_images" name="test_failed_detect_rectangle_png" time="31.059"><system-out>--------------------------------- Captured Log ---------------------------------

--------------------------------- Captured Out ---------------------------------
/home/runner/work/diptych/diptych/tests/failed_detect_rectangle.png
1620822372612286792 : Checking separation double page angle 90.242273842964
1620822372612408401 : Checking separation double page y=0 2475
1620822375771205754 : Checking page rotation 1 0.2
1620822379609043815 : Checking page rotation 2 0.2
1620822381195468514 : Checking image 1 crop x1 257
1620822381195625625 : Checking image 1 crop y1 201
1620822381195667928 : Checking image 1 crop x2 2333
1620822381195704330 : Checking image 1 crop y2 3402
1620822383028640846 : Checking image 2 crop x1 137
1620822383028783356 : Checking image 2 crop y1 215
1620822383028826359 : Checking image 2 crop x2 2220
1620822383028865362 : Checking image 2 crop y2 3406
1620822383029052775 : Checking image 1 dpi 300
1620822383029132681 : Checking image 1 border top 188
1620822383029169283 : Checking image 1 border bottom 98
1620822383029204586 : Checking image 1 border left 192
1620822383029239288 : Checking image 1 border right 192
1620822383031859471 : Checking image 2 dpi 300
1620822383031962178 : Checking image 2 border top 201
1620822383031999381 : Checking image 2 border bottom 95
1620822383032034383 : Checking image 2 border left 188
1620822383032069286 : Checking image 2 border right 188

</system-out><system-err>--------------------------------- Captured Err ---------------------------------

</system-err></testcase><testcase classname="tests.test_images" name="test_crop_too_few_2_png" time="27.707"><system-out>--------------------------------- Captured Log ---------------------------------

--------------------------------- Captured Out ---------------------------------
/home/runner/work/diptych/diptych/tests/crop_too_few_2.png
1620822369486453842 : Checking separation double page angle 90.35461351371423
1620822369486576551 : Checking separation double page y=0 2533
1620822371762205311 : Checking page rotation 1 1.0999999999999999
1620822374296706755 : Checking page rotation 2 0.0
1620822377476195152 : Checking image 1 crop x1 289
1620822377476337262 : Checking image 1 crop y1 165
1620822377476375165 : Checking image 1 crop x2 2400
1620822377476410967 : Checking image 1 crop y2 3367
1620822380832407057 : Checking image 2 crop x1 152
1620822380832547267 : Checking image 2 crop y1 190
1620822380832604771 : Checking image 2 crop x2 2273
1620822380832644074 : Checking image 2 crop y2 3385
1620822380832854188 : Checking image 1 dpi 300
1620822380832946095 : Checking image 1 border top 157
1620822380832983697 : Checking image 1 border bottom 128
1620822380833019900 : Checking image 1 border left 174
1620822380833056902 : Checking image 1 border right 174
1620822380835913302 : Checking image 2 dpi 300
1620822380836020909 : Checking image 2 border top 176
1620822380836059012 : Checking image 2 border bottom 116
1620822380836094715 : Checking image 2 border left 169
1620822380836149518 : Checking image 2 border right 169

</system-out><system-err>--------------------------------- Captured Err ---------------------------------

</system-err></testcase><testcase classname="tests.test_images" name="test_no_split_line_wave_algo_3_png" time="12.638"><system-out>--------------------------------- Captured Log ---------------------------------

--------------------------------- Captured Out ---------------------------------
/home/runner/work/diptych/diptych/tests/no_split_line_wave_algo_3.png
1620822388603557317 : Checking separation double page angle 90.18184445198425
1620822388603697827 : Checking separation double page y=0 2405
1620822389592307045 : Checking page rotation 1 0.0
1620822389786274486 : Checking page rotation 2 0.0
1620822392625333190 : Checking image 1 crop x1 184
1620822392625457899 : Checking image 1 crop y1 2957
1620822392625497301 : Checking image 1 crop x2 2201
1620822392625530704 : Checking image 1 crop y2 3202
1620822393444888507 : Checking image 2 crop x1 0
1620822393444980313 : Checking image 2 crop y1 0
1620822393445013216 : Checking image 2 crop x2 0
1620822393445043818 : Checking image 2 crop y2 0
1620822393445121723 : Checking image 1 dpi 300
1620822393445204029 : Checking image 1 border top 2950
1620822393445241232 : Checking image 1 border bottom 292
1620822393445274934 : Checking image 1 border left 221
1620822393445307736 : Checking image 1 border right 221
1620822393450963731 : Checking image 2 border top 0
1620822393451042637 : Checking image 2 border bottom 0
1620822393451073939 : Checking image 2 border left 0
1620822393451105041 : Checking image 2 border right 0

</system-out><system-err>--------------------------------- Captured Err ---------------------------------

</system-err></testcase><testcase classname="tests.test_images" name="test_single_page_png" time="7.173"><system-out>--------------------------------- Captured Log ---------------------------------

--------------------------------- Captured Out ---------------------------------
/home/runner/work/diptych/diptych/tests/single_page.png
1620822386715366097 : Checking separation double page angle 89.93006318861008
1620822386715514107 : Checking separation double page y=0 2472
1620822387658101012 : Checking page rotation 1 0.0
1620822387760348850 : Checking page rotation 2 0.0
1620822389740507991 : Checking image 1 crop x1 1
1620822389740613299 : Checking image 1 crop y1 8
1620822389740650601 : Checking image 1 crop x2 2470
1620822389740684304 : Checking image 1 crop y2 3505
1620822389869774116 : Checking image 2 crop x1 0
1620822389869867122 : Checking image 2 crop y1 0
1620822389869899625 : Checking image 2 crop x2 0
1620822389869929427 : Checking image 2 crop y2 0
1620822389869996331 : Checking image 1 dpi 300
1620822389870060136 : Checking image 1 border top 5
1620822389870103639 : Checking image 1 border bottom 5
1620822389870135641 : Checking image 1 border left 6
1620822389870168043 : Checking image 1 border right 6
1620822389876813907 : Checking image 2 border top 0
1620822389876901813 : Checking image 2 border bottom 0
1620822389876932516 : Checking image 2 border left 0
1620822389876963218 : Checking image 2 border right 0

</system-out><system-err>--------------------------------- Captured Err ---------------------------------

</system-err></testcase><testcase classname="tests.test_images" name="test_failed_split_line_line_algo_3_png" time="17.706"><system-out>--------------------------------- Captured Log ---------------------------------

--------------------------------- Captured Out ---------------------------------
/home/runner/work/diptych/diptych/tests/failed_split_line_line_algo_3.png
1620822398974194955 : Checking separation double page angle 90.02403976140027
1620822398974320364 : Checking separation double page y=0 39
1620822399042409220 : Checking page rotation 1 0.0
1620822400472848443 : Checking page rotation 2 0.0
1620822401029529830 : Checking image 1 crop x1 0
1620822401029619736 : Checking image 1 crop y1 0
1620822401029651338 : Checking image 1 crop x2 0
1620822401029681240 : Checking image 1 crop y2 0
1620822407985904781 : Checking image 2 crop x1 249
1620822407986023890 : Checking image 2 crop y1 154
1620822407986059392 : Checking image 2 crop x2 2264
1620822407986092995 : Checking image 2 crop y2 3361
1620822407986263807 : Checking image 1 border top 0
1620822407986308210 : Checking image 1 border bottom 0
1620822407986339312 : Checking image 1 border left 0
1620822407986369914 : Checking image 1 border right 0
1620822407986417817 : Checking image 2 dpi 300
1620822407986488522 : Checking image 2 border top 146
1620822407986523425 : Checking image 2 border bottom 134
1620822407986555527 : Checking image 2 border left 222
1620822407986587029 : Checking image 2 border right 222

</system-out><system-err>--------------------------------- Captured Err ---------------------------------

</system-err></testcase><testcase classname="tests.test_images" name="test_wrong_split_line_4_png" time="16.055"><system-out>--------------------------------- Captured Log ---------------------------------

--------------------------------- Captured Out ---------------------------------
/home/runner/work/diptych/diptych/tests/wrong_split_line_4.png
1620822403486817093 : Checking separation double page angle 90.92587744884125
1620822403486973504 : Checking separation double page y=0 58
1620822403613396430 : Checking page rotation 1 0.5499999999999999
1620822406148404903 : Checking page rotation 2 1.0999999999999999
1620822407238214684 : Checking image 1 crop x1 0
1620822407238303990 : Checking image 1 crop y1 0
1620822407238337493 : Checking image 1 crop x2 0
1620822407238368395 : Checking image 1 crop y2 0
1620822409563655934 : Checking image 2 crop x1 290
1620822409563792944 : Checking image 2 crop y1 330
1620822409563831647 : Checking image 2 crop x2 2314
1620822409563866549 : Checking image 2 crop y2 3217
1620822409564054062 : Checking image 1 border top 0
1620822409564092765 : Checking image 1 border bottom 0
1620822409564167170 : Checking image 1 border left 0
1620822409564198072 : Checking image 1 border right 0
1620822409564254076 : Checking image 2 dpi 300
1620822409564325881 : Checking image 2 border top 322
1620822409564360384 : Checking image 2 border bottom 278
1620822409564393186 : Checking image 2 border left 218
1620822409564425488 : Checking image 2 border right 218

</system-out><system-err>--------------------------------- Captured Err ---------------------------------

</system-err></testcase></testsuite></testsuites>