<?xml version="1.0" encoding="utf-8"?><testsuites><testsuite name="pytest" errors="0" failures="0" skipped="0" tests="36" time="967.995" timestamp="2020-12-27T10:40:57.045010" hostname="fv-az102-78"><testcase classname="tests.test_features" name="test_mock_stop_at_0" time="0.057"><system-out>--------------------------------- Captured Log ---------------------------------

--------------------------------- Captured Out ---------------------------------
/home/runner/work/ocr-book/ocr-book/tests/0001_0.png

</system-out><system-err>--------------------------------- Captured Err ---------------------------------

</system-err></testcase><testcase classname="tests.test_features" name="test_disabled_enable_debug" time="45.819"><system-out>--------------------------------- Captured Log ---------------------------------

--------------------------------- Captured Out ---------------------------------
/home/runner/work/ocr-book/ocr-book/tests/0001_debug.png
separation double page angle 90.5528088189967
separation double page y=0 2485
page rotation 1 0.75
page rotation 2 0.2
image 1 crop x1 330
image 1 crop y1 336
image 1 crop x2 2343
image 1 crop y2 3223
image 2 crop x1 169
image 2 crop y1 648
image 2 crop x2 2186
image 2 crop y2 3361
image 1 dpi 300
image 1 border top 333
image 1 border bottom 266
image 1 border left 223
image 1 border right 223
image 2 dpi 300
image 2 border top 643
image 2 border bottom 131
image 2 border left 221
image 2 border right 221

</system-out><system-err>--------------------------------- Captured Err ---------------------------------

</system-err></testcase><testcase classname="tests.test_features" name="test_mock_stop_at_2" time="40.954"><system-out>--------------------------------- Captured Log ---------------------------------

--------------------------------- Captured Out ---------------------------------
/home/runner/work/ocr-book/ocr-book/tests/0001_2.png
separation double page angle 90.5528088189967
separation double page y=0 2485
page rotation 1 0.75
page rotation 2 0.2

</system-out><system-err>--------------------------------- Captured Err ---------------------------------

</system-err></testcase><testcase classname="tests.test_features" name="test_mock_stop_at_4" time="44.949"><system-out>--------------------------------- Captured Log ---------------------------------

--------------------------------- Captured Out ---------------------------------
/home/runner/work/ocr-book/ocr-book/tests/0001_4.png
separation double page angle 90.5528088189967
separation double page y=0 2485
page rotation 1 0.75
page rotation 2 0.2
image 1 crop x1 330
image 1 crop y1 336
image 1 crop x2 2343
image 1 crop y2 3223
image 2 crop x1 169
image 2 crop y1 648
image 2 crop x2 2186
image 2 crop y2 3361
image 1 dpi 300
image 1 border top 333
image 1 border bottom 266
image 1 border left 223
image 1 border right 223
image 2 dpi 300
image 2 border top 643
image 2 border bottom 131
image 2 border left 221
image 2 border right 221

</system-out><system-err>--------------------------------- Captured Err ---------------------------------

</system-err></testcase><testcase classname="tests.test_features" name="test_mock_stop_at_1" time="27.596"><system-out>--------------------------------- Captured Log ---------------------------------

--------------------------------- Captured Out ---------------------------------
/home/runner/work/ocr-book/ocr-book/tests/0001_1.png
separation double page angle 90.5528088189967
separation double page y=0 2485

</system-out><system-err>--------------------------------- Captured Err ---------------------------------

</system-err></testcase><testcase classname="tests.test_features" name="test_mock_stop_at_3" time="43.798"><system-out>--------------------------------- Captured Log ---------------------------------

--------------------------------- Captured Out ---------------------------------
/home/runner/work/ocr-book/ocr-book/tests/0001_3.png
separation double page angle 90.5528088189967
separation double page y=0 2485
page rotation 1 0.75
page rotation 2 0.2
image 1 crop x1 330
image 1 crop y1 336
image 1 crop x2 2343
image 1 crop y2 3223
image 2 crop x1 169
image 2 crop y1 648
image 2 crop x2 2186
image 2 crop y2 3361

</system-out><system-err>--------------------------------- Captured Err ---------------------------------

</system-err></testcase><testcase classname="tests.test_images" name="test_0001_png" time="56.119"><system-out>--------------------------------- Captured Log ---------------------------------

--------------------------------- Captured Out ---------------------------------
/home/runner/work/ocr-book/ocr-book/tests/0001.png
1609065777597454028 : Checking separation double page angle 90.5528088189967
1609065777597573431 : Checking separation double page y=0 2485
1609065784268626078 : Checking page rotation 1 0.75
1609065792586644990 : Checking page rotation 2 0.2
1609065796528993103 : Checking image 1 crop x1 330
1609065796529115707 : Checking image 1 crop y1 336
1609065796529157408 : Checking image 1 crop x2 2343
1609065796529194409 : Checking image 1 crop y2 3223
1609065800245552996 : Checking image 2 crop x1 169
1609065800245675799 : Checking image 2 crop y1 648
1609065800245720200 : Checking image 2 crop x2 2186
1609065800245758801 : Checking image 2 crop y2 3361
1609065800283384999 : Checking image 1 dpi 300
1609065800283487302 : Checking image 1 border top 333
1609065800283525803 : Checking image 1 border bottom 266
1609065800283563204 : Checking image 1 border left 223
1609065800283598105 : Checking image 1 border right 223
1609065800285852965 : Checking image 2 dpi 300
1609065800285965968 : Checking image 2 border top 643
1609065800286003069 : Checking image 2 border bottom 131
1609065800286037670 : Checking image 2 border left 221
1609065800286072171 : Checking image 2 border right 221

</system-out><system-err>--------------------------------- Captured Err ---------------------------------

</system-err></testcase><testcase classname="tests.test_features" name="test_mock_stop_at_5" time="46.045"><system-out>--------------------------------- Captured Log ---------------------------------

--------------------------------- Captured Out ---------------------------------
/home/runner/work/ocr-book/ocr-book/tests/0001_5.png
separation double page angle 90.5528088189967
separation double page y=0 2485
page rotation 1 0.75
page rotation 2 0.2
image 1 crop x1 330
image 1 crop y1 336
image 1 crop x2 2343
image 1 crop y2 3223
image 2 crop x1 169
image 2 crop y1 648
image 2 crop x2 2186
image 2 crop y2 3361
image 1 dpi 300
image 1 border top 333
image 1 border bottom 266
image 1 border left 223
image 1 border right 223
image 2 dpi 300
image 2 border top 643
image 2 border bottom 131
image 2 border left 221
image 2 border right 221

</system-out><system-err>--------------------------------- Captured Err ---------------------------------

</system-err></testcase><testcase classname="tests.test_images" name="test_black_border_not_removed_png" time="63.831"><system-out>--------------------------------- Captured Log ---------------------------------

--------------------------------- Captured Out ---------------------------------
/home/runner/work/ocr-book/ocr-book/tests/black-border-not-removed.png
1609065836561921808 : Checking separation double page angle 90.033171103531
1609065836562029311 : Checking separation double page y=0 2455
1609065842912583029 : Checking page rotation 1 0.0
1609065852837184469 : Checking page rotation 2 0.0
1609065857787588810 : Checking image 1 crop x1 297
1609065857787710514 : Checking image 1 crop y1 143
1609065857787752615 : Checking image 1 crop x2 2309
1609065857787789916 : Checking image 1 crop y2 3346
1609065864083404538 : Checking image 2 crop x1 159
1609065864083524541 : Checking image 2 crop y1 145
1609065864083566542 : Checking image 2 crop x2 2171
1609065864083605443 : Checking image 2 crop y2 3352
1609065864123348097 : Checking image 1 dpi 300
1609065864123465200 : Checking image 1 border top 132
1609065864123506401 : Checking image 1 border bottom 152
1609065864123542502 : Checking image 1 border left 224
1609065864123579003 : Checking image 1 border right 224
1609065864125903065 : Checking image 2 dpi 300
1609065864125997268 : Checking image 2 border top 132
1609065864126034669 : Checking image 2 border bottom 148
1609065864126069769 : Checking image 2 border left 224
1609065864126104770 : Checking image 2 border right 224

</system-out><system-err>--------------------------------- Captured Err ---------------------------------

</system-err></testcase><testcase classname="tests.test_images" name="test_2_pages_2_contours_png" time="38.007"><system-out>--------------------------------- Captured Log ---------------------------------

--------------------------------- Captured Out ---------------------------------
/home/runner/work/ocr-book/ocr-book/tests/2-pages-2-contours.png
1609065844832493488 : Checking separation double page angle 90.09036871657068
1609065844832600591 : Checking separation double page y=0 2486
1609065847178583505 : Checking page rotation 1 0.05
1609065853635138440 : Checking page rotation 2 0.30000000000000004
1609065855559677301 : Checking image 1 crop x1 1189
1609065855559787404 : Checking image 1 crop y1 1751
1609065855559824605 : Checking image 1 crop x2 1190
1609065855559858405 : Checking image 1 crop y2 1752
1609065859459691974 : Checking image 2 crop x1 101
1609065859459816877 : Checking image 2 crop y1 240
1609065859459863778 : Checking image 2 crop x2 2148
1609065859459902379 : Checking image 2 crop y2 3239
1609065859496548852 : Checking image 1 dpi 300
1609065859496648554 : Checking image 1 border top 1752
1609065859496687455 : Checking image 1 border bottom 1753
1609065859496722456 : Checking image 1 border left 1239
1609065859496757057 : Checking image 1 border right 1239
1609065859498353799 : Checking image 2 dpi 300
1609065859498445502 : Checking image 2 border top 230
1609065859498484503 : Checking image 2 border bottom 258
1609065859498519704 : Checking image 2 border left 206
1609065859498553605 : Checking image 2 border right 206

</system-out><system-err>--------------------------------- Captured Err ---------------------------------

</system-err></testcase><testcase classname="tests.test_images" name="test_wrong_split_line_png" time="44.328"><system-out>--------------------------------- Captured Log ---------------------------------

--------------------------------- Captured Out ---------------------------------
/home/runner/work/ocr-book/ocr-book/tests/wrong_split_line.png
1609065887142311336 : Checking separation double page angle 89.93395720607973
1609065887142413738 : Checking separation double page y=0 2465
1609065892323231579 : Checking page rotation 1 -0.14999999999999067
1609065898106713444 : Checking page rotation 2 0.5
1609065900878624393 : Checking image 1 crop x1 213
1609065900878748397 : Checking image 1 crop y1 157
1609065900878789398 : Checking image 1 crop x2 2323
1609065900878827799 : Checking image 1 crop y2 3362
1609065903781094196 : Checking image 2 crop x1 125
1609065903781217699 : Checking image 2 crop y1 165
1609065903781259300 : Checking image 2 crop x2 2237
1609065903781297501 : Checking image 2 crop y2 3374
1609065903820029829 : Checking image 1 dpi 300
1609065903820141432 : Checking image 1 border top 134
1609065903820180033 : Checking image 1 border bottom 148
1609065903820217434 : Checking image 1 border left 175
1609065903820251935 : Checking image 1 border right 175
1609065903822459293 : Checking image 2 dpi 300
1609065903822548796 : Checking image 2 border top 143
1609065903822586197 : Checking image 2 border bottom 135
1609065903822625398 : Checking image 2 border left 174
1609065903822659999 : Checking image 2 border right 174

</system-out><system-err>--------------------------------- Captured Err ---------------------------------

</system-err></testcase><testcase classname="tests.test_images" name="test_image_failed_to_rotate_png" time="66.995"><system-out>--------------------------------- Captured Log ---------------------------------

--------------------------------- Captured Out ---------------------------------
/home/runner/work/ocr-book/ocr-book/tests/image_failed_to_rotate.png
1609065899794361027 : Checking separation double page angle 90.13063640287984
1609065899794467729 : Checking separation double page y=0 2479
1609065905125299258 : Checking page rotation 1 0.35
1609065912966807229 : Checking page rotation 2 0.45
1609065925301984740 : Checking image 1 crop x1 34
1609065925302100743 : Checking image 1 crop y1 1
1609065925302143844 : Checking image 1 crop x2 2477
1609065925302182045 : Checking image 1 crop y2 3500
1609065930959727874 : Checking image 2 crop x1 167
1609065930959854478 : Checking image 2 crop y1 234
1609065930959895879 : Checking image 2 crop x2 2246
1609065930959934180 : Checking image 2 crop y2 3355
1609065931007127326 : Checking image 1 dpi 300
1609065931007248329 : Checking image 1 border top 4
1609065931007290530 : Checking image 1 border bottom 4
1609065931007326631 : Checking image 1 border left 19
1609065931007362532 : Checking image 1 border right 19
1609065931009721794 : Checking image 2 dpi 300
1609065931009815796 : Checking image 2 border top 218
1609065931009853297 : Checking image 2 border bottom 148
1609065931009923999 : Checking image 2 border left 190
1609065931009959600 : Checking image 2 border right 190

</system-out><system-err>--------------------------------- Captured Err ---------------------------------

</system-err></testcase><testcase classname="tests.test_images" name="test_crop_too_much_png" time="76.839"><system-out>--------------------------------- Captured Log ---------------------------------

--------------------------------- Captured Out ---------------------------------
/home/runner/work/ocr-book/ocr-book/tests/crop_too_much.png
1609065948964534396 : Checking separation double page angle 90.13239409272954
1609065948964637999 : Checking separation double page y=0 2455
1609065959552581693 : Checking page rotation 1 0.0
1609065970178878259 : Checking page rotation 2 0.45
1609065975452064097 : Checking image 1 crop x1 303
1609065975452196600 : Checking image 1 crop y1 148
1609065975452238701 : Checking image 1 crop x2 2313
1609065975452275302 : Checking image 1 crop y2 3351
1609065980589305685 : Checking image 2 crop x1 168
1609065980589431288 : Checking image 2 crop y1 155
1609065980589472890 : Checking image 2 crop x2 2179
1609065980589512491 : Checking image 2 crop y2 3359
1609065980641653172 : Checking image 1 dpi 300
1609065980641757075 : Checking image 1 border top 132
1609065980641796276 : Checking image 1 border bottom 152
1609065980641831377 : Checking image 1 border left 225
1609065980641889679 : Checking image 1 border right 225
1609065980644039536 : Checking image 2 dpi 300
1609065980644124938 : Checking image 2 border top 140
1609065980644161139 : Checking image 2 border bottom 143
1609065980644195040 : Checking image 2 border left 224
1609065980644232941 : Checking image 2 border right 224

</system-out><system-err>--------------------------------- Captured Err ---------------------------------

</system-err></testcase><testcase classname="tests.test_images" name="test_image_failed_to_crop_data_png" time="66.005"><system-out>--------------------------------- Captured Log ---------------------------------

--------------------------------- Captured Out ---------------------------------
/home/runner/work/ocr-book/ocr-book/tests/image_failed_to_crop_data.png
1609065966262929266 : Checking separation double page angle 90.053197600644
1609065966263037768 : Checking separation double page y=0 2480
1609065972822574087 : Checking page rotation 1 0.2
1609065978503352189 : Checking page rotation 2 0.0
1609065992065939602 : Checking image 1 crop x1 47
1609065992066065906 : Checking image 1 crop y1 7
1609065992066110207 : Checking image 1 crop x2 2478
1609065992066148508 : Checking image 1 crop y2 3502
1609065997020953146 : Checking image 2 crop x1 160
1609065997021077849 : Checking image 2 crop y1 217
1609065997021118950 : Checking image 2 crop x2 2242
1609065997021157151 : Checking image 2 crop y2 3350
1609065997057136204 : Checking image 1 dpi 300
1609065997057258107 : Checking image 1 border top 6
1609065997057299008 : Checking image 1 border bottom 6
1609065997057334209 : Checking image 1 border left 25
1609065997057369310 : Checking image 1 border right 25
1609065997059696772 : Checking image 2 dpi 300
1609065997059791174 : Checking image 2 border top 206
1609065997059831775 : Checking image 2 border bottom 148
1609065997059867576 : Checking image 2 border left 189
1609065997059903877 : Checking image 2 border right 189

</system-out><system-err>--------------------------------- Captured Err ---------------------------------

</system-err></testcase><testcase classname="tests.test_images" name="test_crop_too_few_png" time="47.327"><system-out>--------------------------------- Captured Log ---------------------------------

--------------------------------- Captured Out ---------------------------------
/home/runner/work/ocr-book/ocr-book/tests/crop_too_few.png
1609066009448560686 : Checking separation double page angle 89.54670238452755
1609066009448665189 : Checking separation double page y=0 2512
1609066015669402564 : Checking page rotation 1 -0.6499999999999977
1609066021847095655 : Checking page rotation 2 0.0
1609066024990320066 : Checking image 1 crop x1 263
1609066024990445870 : Checking image 1 crop y1 150
1609066024990487171 : Checking image 1 crop x2 2377
1609066024990523472 : Checking image 1 crop y2 3357
1609066027961584420 : Checking image 2 crop x1 137
1609066027961704323 : Checking image 2 crop y1 141
1609066027961745224 : Checking image 2 crop x2 2259
1609066027961783125 : Checking image 2 crop y2 3345
1609066027997587774 : Checking image 1 dpi 300
1609066027997686077 : Checking image 1 border top 129
1609066027997725778 : Checking image 1 border bottom 150
1609066027997760479 : Checking image 1 border left 173
1609066027997794480 : Checking image 1 border right 173
1609066027999551326 : Checking image 2 dpi 300
1609066027999630928 : Checking image 2 border top 130
1609066027999671529 : Checking image 2 border bottom 153
1609066027999706230 : Checking image 2 border left 169
1609066027999740431 : Checking image 2 border right 169

</system-out><system-err>--------------------------------- Captured Err ---------------------------------

</system-err></testcase><testcase classname="tests.test_images" name="test_wrong_angle_split_line_png" time="72.840"><system-out>--------------------------------- Captured Log ---------------------------------

--------------------------------- Captured Out ---------------------------------
/home/runner/work/ocr-book/ocr-book/tests/wrong_angle_split_line.png
1609066033093795323 : Checking separation double page angle 90.09193420006348
1609066033093932826 : Checking separation double page y=0 2478
1609066041246214942 : Checking page rotation 1 0.05
1609066049453579061 : Checking page rotation 2 0.0
1609066063161363492 : Checking image 1 crop x1 58
1609066063161492596 : Checking image 1 crop y1 7
1609066063161536897 : Checking image 1 crop x2 2472
1609066063161575598 : Checking image 1 crop y2 3505
1609066068953913139 : Checking image 2 crop x1 163
1609066068954038843 : Checking image 2 crop y1 217
1609066068954081844 : Checking image 2 crop x2 2246
1609066068954121545 : Checking image 2 crop y2 3350
1609066069135389243 : Checking image 1 dpi 300
1609066069135510146 : Checking image 1 border top 5
1609066069135551347 : Checking image 1 border bottom 5
1609066069135586448 : Checking image 1 border left 33
1609066069135622249 : Checking image 1 border right 33
1609066069143125748 : Checking image 2 dpi 300
1609066069143228050 : Checking image 2 border top 206
1609066069143267351 : Checking image 2 border bottom 148
1609066069143302552 : Checking image 2 border left 188
1609066069143337353 : Checking image 2 border right 188

</system-out><system-err>--------------------------------- Captured Err ---------------------------------

</system-err></testcase><testcase classname="tests.test_images" name="test_crop_too_much_2_png" time="84.045"><system-out>--------------------------------- Captured Log ---------------------------------

--------------------------------- Captured Out ---------------------------------
/home/runner/work/ocr-book/ocr-book/tests/crop_too_much_2.png
1609066077170165424 : Checking separation double page angle 90.1149074900787
1609066077170269127 : Checking separation double page y=0 2478
1609066088722779016 : Checking page rotation 1 0.2
1609066100533115294 : Checking page rotation 2 0.2
1609066105452514822 : Checking image 1 crop x1 332
1609066105452640525 : Checking image 1 crop y1 131
1609066105452681426 : Checking image 1 crop x2 2342
1609066105452717927 : Checking image 1 crop y2 3336
1609066111944408285 : Checking image 2 crop x1 162
1609066111944531789 : Checking image 2 crop y1 139
1609066111944574290 : Checking image 2 crop x2 2175
1609066111944612391 : Checking image 2 crop y2 3345
1609066112002759731 : Checking image 1 dpi 300
1609066112002867934 : Checking image 1 border top 119
1609066112002906435 : Checking image 1 border bottom 163
1609066112002941236 : Checking image 1 border left 225
1609066112002977637 : Checking image 1 border right 225
1609066112004721583 : Checking image 2 dpi 300
1609066112004804085 : Checking image 2 border top 130
1609066112004839686 : Checking image 2 border bottom 151
1609066112004878887 : Checking image 2 border left 223
1609066112004913188 : Checking image 2 border right 223

</system-out><system-err>--------------------------------- Captured Err ---------------------------------

</system-err></testcase><testcase classname="tests.test_images" name="test_angle_page_lower_split_line_png" time="55.560"><system-out>--------------------------------- Captured Log ---------------------------------

--------------------------------- Captured Out ---------------------------------
/home/runner/work/ocr-book/ocr-book/tests/angle_page_lower_split_line.png
1609066103757720522 : Checking separation double page angle 89.74927707086691
1609066103757829425 : Checking separation double page y=0 2474
1609066111660851575 : Checking page rotation 1 -0.4000000000000005
1609066118275343448 : Checking page rotation 2 0.2
1609066121905071151 : Checking image 1 crop x1 244
1609066121905199954 : Checking image 1 crop y1 160
1609066121905241555 : Checking image 1 crop x2 2350
1609066121905280056 : Checking image 1 crop y2 3365
1609066125494257137 : Checking image 2 crop x1 150
1609066125494385240 : Checking image 2 crop y1 147
1609066125494427241 : Checking image 2 crop x2 2257
1609066125494465942 : Checking image 2 crop y2 3350
1609066125535373424 : Checking image 1 dpi 300
1609066125535490027 : Checking image 1 border top 144
1609066125535529328 : Checking image 1 border bottom 138
1609066125535565829 : Checking image 1 border left 177
1609066125535601530 : Checking image 1 border right 177
1609066125537964692 : Checking image 2 dpi 300
1609066125538059795 : Checking image 2 border top 130
1609066125538098796 : Checking image 2 border bottom 154
1609066125538138597 : Checking image 2 border left 176
1609066125538173498 : Checking image 2 border right 176

</system-out><system-err>--------------------------------- Captured Err ---------------------------------

</system-err></testcase><testcase classname="tests.test_images" name="test_wrong_split_line_2_png" time="87.493"><system-out>--------------------------------- Captured Log ---------------------------------

--------------------------------- Captured Out ---------------------------------
/home/runner/work/ocr-book/ocr-book/tests/wrong_split_line_2.png
1609066158450306292 : Checking separation double page angle 90.19944704411863
1609066158450409695 : Checking separation double page y=0 2437
1609066168463417370 : Checking page rotation 1 0.2
1609066181348700396 : Checking page rotation 2 0.4
1609066189000878996 : Checking image 1 crop x1 294
1609066189001009000 : Checking image 1 crop y1 136
1609066189001048101 : Checking image 1 crop x2 2325
1609066189001084802 : Checking image 1 crop y2 3376
1609066199458348223 : Checking image 2 crop x1 140
1609066199458479826 : Checking image 2 crop y1 192
1609066199458521327 : Checking image 2 crop x2 2167
1609066199458560228 : Checking image 2 crop y2 3386
1609066199514603612 : Checking image 1 dpi 300
1609066199514719115 : Checking image 1 border top 131
1609066199514757116 : Checking image 1 border bottom 116
1609066199514791517 : Checking image 1 border left 214
1609066199514826117 : Checking image 1 border right 214
1609066199516586864 : Checking image 2 dpi 300
1609066199516670066 : Checking image 2 border top 183
1609066199516706267 : Checking image 2 border bottom 110
1609066199516740868 : Checking image 2 border left 216
1609066199516774969 : Checking image 2 border right 216

</system-out><system-err>--------------------------------- Captured Err ---------------------------------

</system-err></testcase><testcase classname="tests.test_images" name="test_wrong_wave_split_line_png" time="82.628"><system-out>--------------------------------- Captured Log ---------------------------------

--------------------------------- Captured Out ---------------------------------
/home/runner/work/ocr-book/ocr-book/tests/wrong_wave_split_line.png
1609066168823546481 : Checking separation double page angle 90.37878604107719
1609066168823657183 : Checking separation double page y=0 2500
1609066179660712795 : Checking page rotation 1 -0.14999999999999067
1609066189214315547 : Checking page rotation 2 0.85
1609066198574183120 : Checking image 1 crop x1 385
1609066198574316524 : Checking image 1 crop y1 179
1609066198574358425 : Checking image 1 crop x2 2411
1609066198574395226 : Checking image 1 crop y2 3374
1609066208092866843 : Checking image 2 crop x1 8
1609066208092988846 : Checking image 2 crop y1 0
1609066208093030947 : Checking image 2 crop x2 2415
1609066208093071348 : Checking image 2 crop y2 3505
1609066208151495494 : Checking image 1 dpi 300
1609066208151617597 : Checking image 1 border top 173
1609066208151657399 : Checking image 1 border bottom 119
1609066208151693199 : Checking image 1 border left 217
1609066208151729100 : Checking image 1 border right 217
1609066208154045562 : Checking image 2 dpi 300
1609066208154143564 : Checking image 2 border top 1
1609066208154184165 : Checking image 2 border bottom 1
1609066208154219166 : Checking image 2 border left 37
1609066208154254567 : Checking image 2 border right 37

</system-out><system-err>--------------------------------- Captured Err ---------------------------------

</system-err></testcase><testcase classname="tests.test_images" name="test_small_wave_png" time="72.575"><system-out>--------------------------------- Captured Log ---------------------------------

--------------------------------- Captured Out ---------------------------------
/home/runner/work/ocr-book/ocr-book/tests/small_wave.png
1609066246475046541 : Checking separation double page angle 90.58816928841564
1609066246475151644 : Checking separation double page y=0 2497
1609066257011942759 : Checking page rotation 1 0.65
1609066265598945005 : Checking page rotation 2 0.75
1609066268911625161 : Checking image 1 crop x1 320
1609066268911757964 : Checking image 1 crop y1 199
1609066268911799565 : Checking image 1 crop x2 2353
1609066268911838066 : Checking image 1 crop y2 3394
1609066272046255678 : Checking image 2 crop x1 132
1609066272046383181 : Checking image 2 crop y1 224
1609066272046426082 : Checking image 2 crop x2 2160
1609066272046466683 : Checking image 2 crop y2 3419
1609066272091310471 : Checking image 1 dpi 300
1609066272091422474 : Checking image 1 border top 179
1609066272091460975 : Checking image 1 border bottom 112
1609066272091495676 : Checking image 1 border left 213
1609066272091529777 : Checking image 1 border right 213
1609066272093265823 : Checking image 2 dpi 300
1609066272093349025 : Checking image 2 border top 197
1609066272093385726 : Checking image 2 border bottom 95
1609066272093420527 : Checking image 2 border left 216
1609066272093454328 : Checking image 2 border right 216

</system-out><system-err>--------------------------------- Captured Err ---------------------------------

</system-err></testcase><testcase classname="tests.test_images" name="test_no_split_line_line_algo_png" time="54.059"><system-out>--------------------------------- Captured Log ---------------------------------

--------------------------------- Captured Out ---------------------------------
/home/runner/work/ocr-book/ocr-book/tests/no_split_line_line_algo.png
1609066240403745382 : Checking separation double page angle 89.47691469185418
1609066240403852385 : Checking separation double page y=0 2476
1609066245215230788 : Checking page rotation 1 -0.14999999999999067
1609066254655566387 : Checking page rotation 2 -0.44999999999999746
1609066257486911391 : Checking image 1 crop x1 205
1609066257487036295 : Checking image 1 crop y1 158
1609066257487077696 : Checking image 1 crop x2 2320
1609066257487116497 : Checking image 1 crop y2 3366
1609066262183823532 : Checking image 2 crop x1 185
1609066262183949535 : Checking image 2 crop y1 221
1609066262183990936 : Checking image 2 crop x2 2201
1609066262184028837 : Checking image 2 crop y2 3366
1609066262231297290 : Checking image 1 dpi 300
1609066262231418493 : Checking image 1 border top 144
1609066262231457394 : Checking image 1 border bottom 134
1609066262231493095 : Checking image 1 border left 172
1609066262231528496 : Checking image 1 border right 172
1609066262233909559 : Checking image 2 dpi 300
1609066262234006361 : Checking image 2 border top 219
1609066262234047563 : Checking image 2 border bottom 123
1609066262234082664 : Checking image 2 border left 222
1609066262234117864 : Checking image 2 border right 222

</system-out><system-err>--------------------------------- Captured Err ---------------------------------

</system-err></testcase><testcase classname="tests.test_images" name="test_failed_split_line_line_algo_png" time="29.979"><system-out>--------------------------------- Captured Log ---------------------------------

--------------------------------- Captured Out ---------------------------------
/home/runner/work/ocr-book/ocr-book/tests/failed_split_line_line_algo.png
1609066282044512026 : Checking separation double page angle 90.04134220573248
1609066282044620029 : Checking separation double page y=0 2573
1609066285599481749 : Checking page rotation 1 -0.14999999999999067
1609066288009321854 : Checking page rotation 2 0.0
1609066290564170299 : Checking image 1 crop x1 407
1609066290564293602 : Checking image 1 crop y1 2925
1609066290564336003 : Checking image 1 crop x2 2419
1609066290564373104 : Checking image 1 crop y2 3174
1609066292240630486 : Checking image 2 crop x1 1184
1609066292240740589 : Checking image 2 crop y1 1748
1609066292240778790 : Checking image 2 crop x2 1185
1609066292240814991 : Checking image 2 crop y2 1749
1609066292241104899 : Checking image 1 dpi 300
1609066292241194101 : Checking image 1 border top 2922
1609066292241232802 : Checking image 1 border bottom 316
1609066292241268103 : Checking image 1 border left 224
1609066292241303704 : Checking image 1 border right 224
1609066292243087951 : Checking image 2 dpi 300
1609066292243179054 : Checking image 2 border top 1752
1609066292243218255 : Checking image 2 border bottom 1753
1609066292243253356 : Checking image 2 border left 1239
1609066292243288056 : Checking image 2 border right 1239

</system-out><system-err>--------------------------------- Captured Err ---------------------------------

</system-err></testcase><testcase classname="tests.test_images" name="test_wrong_split_line_3_png" time="58.189"><system-out>--------------------------------- Captured Log ---------------------------------

--------------------------------- Captured Out ---------------------------------
/home/runner/work/ocr-book/ocr-book/tests/wrong_split_line_3.png
1609066307592683007 : Checking separation double page angle 90.43729500214694
1609066307592790410 : Checking separation double page y=0 2498
1609066316731223144 : Checking page rotation 1 0.30000000000000004
1609066323288743664 : Checking page rotation 2 0.9
1609066327078718934 : Checking image 1 crop x1 331
1609066327078839037 : Checking image 1 crop y1 165
1609066327078878838 : Checking image 1 crop x2 2375
1609066327078916839 : Checking image 1 crop y2 3376
1609066330261823018 : Checking image 2 crop x1 102
1609066330261968921 : Checking image 2 crop y1 208
1609066330262009923 : Checking image 2 crop x2 2133
1609066330262048324 : Checking image 2 crop y2 3413
1609066330304085935 : Checking image 1 dpi 300
1609066330304192638 : Checking image 1 border top 157
1609066330304230339 : Checking image 1 border bottom 119
1609066330304265040 : Checking image 1 border left 208
1609066330304299341 : Checking image 1 border right 208
1609066330306086388 : Checking image 2 dpi 300
1609066330306167490 : Checking image 2 border top 187
1609066330306203291 : Checking image 2 border bottom 95
1609066330306238192 : Checking image 2 border left 214
1609066330306272193 : Checking image 2 border right 214

</system-out><system-err>--------------------------------- Captured Err ---------------------------------

</system-err></testcase><testcase classname="tests.test_images" name="test_failed_split_line_line_algo_2_png" time="66.417"><system-out>--------------------------------- Captured Log ---------------------------------

--------------------------------- Captured Out ---------------------------------
/home/runner/work/ocr-book/ocr-book/tests/failed_split_line_line_algo_2.png
1609066331087818963 : Checking separation double page angle 90.03068774449687
1609066331087923466 : Checking separation double page y=0 2500
1609066342341316360 : Checking page rotation 1 0.0
1609066351647259720 : Checking page rotation 2 0.6000000000000001
1609066355104460780 : Checking image 1 crop x1 272
1609066355104589483 : Checking image 1 crop y1 149
1609066355104631184 : Checking image 1 crop x2 2383
1609066355104667885 : Checking image 1 crop y2 3353
1609066358582812085 : Checking image 2 crop x1 121
1609066358582934688 : Checking image 2 crop y1 155
1609066358582976790 : Checking image 2 crop x2 2244
1609066358583015091 : Checking image 2 crop y2 3350
1609066358629853831 : Checking image 1 dpi 300
1609066358629993634 : Checking image 1 border top 138
1609066358630032235 : Checking image 1 border bottom 145
1609066358630069036 : Checking image 1 border left 174
1609066358630105637 : Checking image 1 border right 174
1609066358632396598 : Checking image 2 dpi 300
1609066358632486700 : Checking image 2 border top 136
1609066358632522901 : Checking image 2 border bottom 156
1609066358632557402 : Checking image 2 border left 168
1609066358632592103 : Checking image 2 border right 168

</system-out><system-err>--------------------------------- Captured Err ---------------------------------

</system-err></testcase><testcase classname="tests.test_images" name="test_crop_too_much_3_png" time="66.916"><system-out>--------------------------------- Captured Log ---------------------------------

--------------------------------- Captured Out ---------------------------------
/home/runner/work/ocr-book/ocr-book/tests/crop_too_much_3.png
1609066369886023326 : Checking separation double page angle 89.49330634783144
1609066369886127829 : Checking separation double page y=0 2498
1609066378215819691 : Checking page rotation 1 -0.8999999999999949
1609066388156038362 : Checking page rotation 2 -0.14999999999999067
1609066392384241866 : Checking image 1 crop x1 374
1609066392384363470 : Checking image 1 crop y1 258
1609066392384404171 : Checking image 1 crop x2 2385
1609066392384440372 : Checking image 1 crop y2 3459
1609066397162551338 : Checking image 2 crop x1 168
1609066397162671841 : Checking image 2 crop y1 228
1609066397162712642 : Checking image 2 crop x2 2181
1609066397162752043 : Checking image 2 crop y2 3417
1609066397214986726 : Checking image 1 dpi 300
1609066397215096729 : Checking image 1 border top 239
1609066397215135030 : Checking image 1 border bottom 47
1609066397215170231 : Checking image 1 border left 224
1609066397215206432 : Checking image 1 border right 224
1609066397216932778 : Checking image 2 dpi 300
1609066397217015480 : Checking image 2 border top 209
1609066397217051781 : Checking image 2 border bottom 89
1609066397217086082 : Checking image 2 border left 223
1609066397217124783 : Checking image 2 border right 223

</system-out><system-err>--------------------------------- Captured Err ---------------------------------

</system-err></testcase><testcase classname="tests.test_images" name="test_wrong_wave_split_line_2_png" time="71.650"><system-out>--------------------------------- Captured Log ---------------------------------

--------------------------------- Captured Out ---------------------------------
/home/runner/work/ocr-book/ocr-book/tests/wrong_wave_split_line_2.png
1609066400032608940 : Checking separation double page angle 90.7708958311329
1609066400032716543 : Checking separation double page y=0 2490
1609066408850042733 : Checking page rotation 1 0.4
1609066419362612406 : Checking page rotation 2 1.8
1609066423242820922 : Checking image 1 crop x1 224
1609066423242941626 : Checking image 1 crop y1 147
1609066423242985327 : Checking image 1 crop x2 2337
1609066423243024228 : Checking image 1 crop y2 3355
1609066430222143498 : Checking image 2 crop x1 107
1609066430222268501 : Checking image 2 crop y1 197
1609066430222310102 : Checking image 2 crop x2 2229
1609066430222348503 : Checking image 2 crop y2 3396
1609066430275907423 : Checking image 1 dpi 300
1609066430276021626 : Checking image 1 border top 137
1609066430276060827 : Checking image 1 border bottom 142
1609066430276096028 : Checking image 1 border left 173
1609066430276130729 : Checking image 1 border right 173
1609066430277822474 : Checking image 2 dpi 300
1609066430277933977 : Checking image 2 border top 171
1609066430277973678 : Checking image 2 border bottom 116
1609066430278008579 : Checking image 2 border left 169
1609066430278043180 : Checking image 2 border right 169

</system-out><system-err>--------------------------------- Captured Err ---------------------------------

</system-err></testcase><testcase classname="tests.test_images" name="test_wrong_wave_split_line_3_png" time="63.470"><system-out>--------------------------------- Captured Log ---------------------------------

--------------------------------- Captured Out ---------------------------------
/home/runner/work/ocr-book/ocr-book/tests/wrong_wave_split_line_3.png
1609066436858096210 : Checking separation double page angle 90.05826063695574
1609066436858199613 : Checking separation double page y=0 2514
1609066445973722433 : Checking page rotation 1 0.05
1609066453729546706 : Checking page rotation 2 0.30000000000000004
1609066457402026938 : Checking image 1 crop x1 273
1609066457402140041 : Checking image 1 crop y1 220
1609066457402192342 : Checking image 1 crop x2 2383
1609066457402229243 : Checking image 1 crop y2 3423
1609066460656110424 : Checking image 2 crop x1 114
1609066460656228627 : Checking image 2 crop y1 226
1609066460656270128 : Checking image 2 crop x2 2237
1609066460656310029 : Checking image 2 crop y2 3414
1609066460699570079 : Checking image 1 dpi 300
1609066460699679882 : Checking image 1 border top 202
1609066460699718283 : Checking image 1 border bottom 82
1609066460699753684 : Checking image 1 border left 175
1609066460699789685 : Checking image 1 border right 175
1609066460701518331 : Checking image 2 dpi 300
1609066460701597633 : Checking image 2 border top 207
1609066460701633534 : Checking image 2 border bottom 92
1609066460701668235 : Checking image 2 border left 168
1609066460701702336 : Checking image 2 border right 168

</system-out><system-err>--------------------------------- Captured Err ---------------------------------

</system-err></testcase><testcase classname="tests.test_images" name="test_no_split_line_wave_algo_png" time="72.304"><system-out>--------------------------------- Captured Log ---------------------------------

--------------------------------- Captured Out ---------------------------------
/home/runner/work/ocr-book/ocr-book/tests/no_split_line_wave_algo.png
1609066467895802081 : Checking separation double page angle 89.72500000000001
1609066467895918085 : Checking separation double page y=0 2484
1609066474902278191 : Checking page rotation 1 0.0
1609066482622779144 : Checking page rotation 2 -0.49999999999999434
1609066493218774141 : Checking image 1 crop x1 97
1609066493218851643 : Checking image 1 crop y1 79
1609066493218890544 : Checking image 1 crop x2 2494
1609066493218982446 : Checking image 1 crop y2 3505
1609066502495203119 : Checking image 2 crop x1 163
1609066502495325822 : Checking image 2 crop y1 266
1609066502495368823 : Checking image 2 crop x2 2238
1609066502495406924 : Checking image 2 crop y2 3381
1609066502541330343 : Checking image 1 dpi 300
1609066502541454546 : Checking image 1 border top 41
1609066502541492947 : Checking image 1 border bottom 41
1609066502541528448 : Checking image 1 border left 42
1609066502541563449 : Checking image 1 border right 42
1609066502543373097 : Checking image 2 dpi 300
1609066502543460799 : Checking image 2 border top 258
1609066502543502401 : Checking image 2 border bottom 114
1609066502543537702 : Checking image 2 border left 192
1609066502543572202 : Checking image 2 border right 192

</system-out><system-err>--------------------------------- Captured Err ---------------------------------

</system-err></testcase><testcase classname="tests.test_images" name="test_no_split_line_wave_algo_2_png" time="52.843"><system-out>--------------------------------- Captured Log ---------------------------------

--------------------------------- Captured Out ---------------------------------
/home/runner/work/ocr-book/ocr-book/tests/no_split_line_wave_algo_2.png
1609066492513971834 : Checking separation double page angle 90.54999999999998
1609066492514077337 : Checking separation double page y=0 2478
1609066499924593509 : Checking page rotation 1 1.1500000000000001
1609066506988219830 : Checking page rotation 2 0.2
1609066510371889167 : Checking image 1 crop x1 266
1609066510372008870 : Checking image 1 crop y1 209
1609066510372050571 : Checking image 1 crop x2 2342
1609066510372090472 : Checking image 1 crop y2 3413
1609066513504583498 : Checking image 2 crop x1 168
1609066513504703101 : Checking image 2 crop y1 241
1609066513504744103 : Checking image 2 crop x2 2251
1609066513504782504 : Checking image 2 crop y2 3433
1609066513548559267 : Checking image 1 dpi 300
1609066513548671670 : Checking image 1 border top 191
1609066513548711371 : Checking image 1 border bottom 92
1609066513548746472 : Checking image 1 border left 192
1609066513548780973 : Checking image 1 border right 192
1609066513550577720 : Checking image 2 dpi 300
1609066513550663223 : Checking image 2 border top 224
1609066513550699724 : Checking image 2 border bottom 71
1609066513550734324 : Checking image 2 border left 188
1609066513550767925 : Checking image 2 border right 188

</system-out><system-err>--------------------------------- Captured Err ---------------------------------

</system-err></testcase><testcase classname="tests.test_images" name="test_crop_too_few_2_png" time="49.378"><system-out>--------------------------------- Captured Log ---------------------------------

--------------------------------- Captured Out ---------------------------------
/home/runner/work/ocr-book/ocr-book/tests/crop_too_few_2.png
1609066532635168180 : Checking separation double page angle 90.30476192320097
1609066532635272883 : Checking separation double page y=0 2531
1609066538882244162 : Checking page rotation 1 1.2000000000000002
1609066544645370544 : Checking page rotation 2 -0.04999999999999689
1609066548153906826 : Checking image 1 crop x1 287
1609066548154034629 : Checking image 1 crop y1 165
1609066548154075130 : Checking image 1 crop x2 2398
1609066548154112331 : Checking image 1 crop y2 3368
1609066551946781675 : Checking image 2 crop x1 149
1609066551946901078 : Checking image 2 crop y1 189
1609066551946940079 : Checking image 2 crop x2 2273
1609066551946978280 : Checking image 2 crop y2 3386
1609066551987963838 : Checking image 1 dpi 300
1609066551988075041 : Checking image 1 border top 157
1609066551988113742 : Checking image 1 border bottom 127
1609066551988148543 : Checking image 1 border left 174
1609066551988185244 : Checking image 1 border right 174
1609066551989949194 : Checking image 2 dpi 300
1609066551990035297 : Checking image 2 border top 181
1609066551990071398 : Checking image 2 border bottom 109
1609066551990106399 : Checking image 2 border left 168
1609066551990141500 : Checking image 2 border right 168

</system-out><system-err>--------------------------------- Captured Err ---------------------------------

</system-err></testcase><testcase classname="tests.test_images" name="test_failed_detect_rectangle_png" time="61.588"><system-out>--------------------------------- Captured Log ---------------------------------

--------------------------------- Captured Out ---------------------------------
/home/runner/work/ocr-book/ocr-book/tests/failed_detect_rectangle.png
1609066549628857603 : Checking separation double page angle 90.19837516213148
1609066549628958805 : Checking separation double page y=0 2474
1609066557893370688 : Checking page rotation 1 0.2
1609066567949662223 : Checking page rotation 2 0.2
1609066571506469835 : Checking image 1 crop x1 257
1609066571506588638 : Checking image 1 crop y1 201
1609066571506628939 : Checking image 1 crop x2 2333
1609066571506665840 : Checking image 1 crop y2 3402
1609066575075521139 : Checking image 2 crop x1 136
1609066575075638442 : Checking image 2 crop y1 215
1609066575075679543 : Checking image 2 crop x2 2219
1609066575075719144 : Checking image 2 crop y2 3406
1609066575128116466 : Checking image 1 dpi 300
1609066575128226269 : Checking image 1 border top 188
1609066575128264270 : Checking image 1 border bottom 97
1609066575128299271 : Checking image 1 border left 192
1609066575128333772 : Checking image 1 border right 192
1609066575130105220 : Checking image 2 dpi 300
1609066575130189123 : Checking image 2 border top 200
1609066575130224724 : Checking image 2 border bottom 95
1609066575130259225 : Checking image 2 border left 188
1609066575130294125 : Checking image 2 border right 188

</system-out><system-err>--------------------------------- Captured Err ---------------------------------

</system-err></testcase><testcase classname="tests.test_images" name="test_single_page_png" time="27.928"><system-out>--------------------------------- Captured Log ---------------------------------

--------------------------------- Captured Out ---------------------------------
/home/runner/work/ocr-book/ocr-book/tests/single_page.png
1609066564453513633 : Checking separation double page angle 90.04999999999998
1609066564453636036 : Checking separation double page y=0 2476
1609066570228391793 : Checking page rotation 1 0.0
1609066570847179287 : Checking page rotation 2 0.0
1609066578937546275 : Checking image 1 crop x1 1
1609066578937633077 : Checking image 1 crop y1 8
1609066578937672078 : Checking image 1 crop x2 2470
1609066578937709679 : Checking image 1 crop y2 3505
1609066579551727647 : Checking image 2 crop x1 0
1609066579551797349 : Checking image 2 crop y1 0
1609066579551831050 : Checking image 2 crop x2 0
1609066579551864051 : Checking image 2 crop y2 0
1609066579551939653 : Checking image 1 dpi 300
1609066579552005355 : Checking image 1 border top 5
1609066579552043356 : Checking image 1 border bottom 5
1609066579552078257 : Checking image 1 border left 6
1609066579552112358 : Checking image 1 border right 6
1609066579557970417 : Checking image 2 border top 0
1609066579558029418 : Checking image 2 border bottom 0
1609066579558062419 : Checking image 2 border left 0
1609066579558095120 : Checking image 2 border right 0

</system-out><system-err>--------------------------------- Captured Err ---------------------------------

</system-err></testcase><testcase classname="tests.test_images" name="test_no_split_line_wave_algo_3_png" time="20.909"><system-out>--------------------------------- Captured Log ---------------------------------

--------------------------------- Captured Out ---------------------------------
/home/runner/work/ocr-book/ocr-book/tests/no_split_line_wave_algo_3.png
1609066587372675526 : Checking separation double page angle 90.14999999999998
1609066587372791729 : Checking separation double page y=0 2408
1609066590378748951 : Checking page rotation 1 0.0
1609066590784828700 : Checking page rotation 2 0.35
1609066595496900624 : Checking image 1 crop x1 184
1609066595497004527 : Checking image 1 crop y1 2957
1609066595497044828 : Checking image 1 crop x2 2201
1609066595497080629 : Checking image 1 crop y2 3202
1609066596032581103 : Checking image 2 crop x1 0
1609066596032648505 : Checking image 2 crop y1 0
1609066596032681906 : Checking image 2 crop x2 0
1609066596032713307 : Checking image 2 crop y2 0
1609066596032801909 : Checking image 1 dpi 300
1609066596032871711 : Checking image 1 border top 2950
1609066596032907012 : Checking image 1 border bottom 292
1609066596032942113 : Checking image 1 border left 221
1609066596032976114 : Checking image 1 border right 221
1609066596037927245 : Checking image 2 border top 0
1609066596037982346 : Checking image 2 border bottom 0
1609066596038015847 : Checking image 2 border left 0
1609066596038048548 : Checking image 2 border right 0

</system-out><system-err>--------------------------------- Captured Err ---------------------------------

</system-err></testcase><testcase classname="tests.test_images" name="test_wrong_split_line_4_png" time="31.650"><system-out>--------------------------------- Captured Log ---------------------------------

--------------------------------- Captured Out ---------------------------------
/home/runner/work/ocr-book/ocr-book/tests/wrong_split_line_4.png
1609066597460646958 : Checking separation double page angle 91.04999999999998
1609066597460750860 : Checking separation double page y=0 60
1609066597737475509 : Checking page rotation 1 1.05
1609066606481781882 : Checking page rotation 2 1.1500000000000001
1609066607044286096 : Checking image 1 crop x1 0
1609066607044347398 : Checking image 1 crop y1 0
1609066607044378899 : Checking image 1 crop x2 0
1609066607044407999 : Checking image 1 crop y2 0
1609066611565049156 : Checking image 2 crop x1 292
1609066611565159759 : Checking image 2 crop y1 330
1609066611565199960 : Checking image 2 crop x2 2314
1609066611565234161 : Checking image 2 crop y2 3218
1609066611614589752 : Checking image 1 border top 0
1609066611614658254 : Checking image 1 border bottom 0
1609066611614693555 : Checking image 1 border left 0
1609066611614727356 : Checking image 1 border right 0
1609066611614784458 : Checking image 2 dpi 300
1609066611614861960 : Checking image 2 border top 322
1609066611614897760 : Checking image 2 border bottom 277
1609066611614932061 : Checking image 2 border left 219
1609066611614966762 : Checking image 2 border right 219

</system-out><system-err>--------------------------------- Captured Err ---------------------------------

</system-err></testcase><testcase classname="tests.test_images" name="test_failed_split_line_line_algo_3_png" time="26.733"><system-out>--------------------------------- Captured Log ---------------------------------

--------------------------------- Captured Out ---------------------------------
/home/runner/work/ocr-book/ocr-book/tests/failed_split_line_line_algo_3.png
1609066611191446583 : Checking separation double page angle 90.0
1609066611191555786 : Checking separation double page y=0 40
1609066611379716808 : Checking page rotation 1 0.0
1609066615592201612 : Checking page rotation 2 0.0
1609066616011318214 : Checking image 1 crop x1 0
1609066616011380316 : Checking image 1 crop y1 0
1609066616011410817 : Checking image 1 crop x2 0
1609066616011440117 : Checking image 1 crop y2 0
1609066622808389294 : Checking image 2 crop x1 246
1609066622808494896 : Checking image 2 crop y1 154
1609066622808533197 : Checking image 2 crop x2 2259
1609066622808569198 : Checking image 2 crop y2 3361
1609066622849438054 : Checking image 1 border top 0
1609066622849505055 : Checking image 1 border bottom 0
1609066622849539756 : Checking image 1 border left 0
1609066622849573057 : Checking image 1 border right 0
1609066622849641759 : Checking image 2 dpi 300
1609066622849717561 : Checking image 2 border top 146
1609066622849752662 : Checking image 2 border bottom 134
1609066622849786363 : Checking image 2 border left 223
1609066622849821563 : Checking image 2 border right 223

</system-out><system-err>--------------------------------- Captured Err ---------------------------------

</system-err></testcase></testsuite></testsuites>