<?xml version="1.0" encoding="utf-8"?><testsuites><testsuite errors="0" failures="0" hostname="fv-az108-19" name="pytest" skipped="0" tests="36" time="732.487" timestamp="2020-12-28T17:44:31.005637"><testcase classname="tests.test_features" name="test_disabled_enable_debug" time="34.178"><system-out>--------------------------------- Captured Log ---------------------------------

--------------------------------- Captured Out ---------------------------------
/home/runner/work/ocr-book/ocr-book/tests/0001_debug.png
separation double page angle 90.5528088189967
separation double page y=0 2485
page rotation 1 0.5499999999999999
page rotation 2 0.2
image 1 crop x1 327
image 1 crop y1 334
image 1 crop x2 2346
image 1 crop y2 3221
image 2 crop x1 169
image 2 crop y1 648
image 2 crop x2 2186
image 2 crop y2 3361
image 1 dpi 300
image 1 border top 332
image 1 border bottom 268
image 1 border left 220
image 1 border right 220
image 2 dpi 300
image 2 border top 643
image 2 border bottom 131
image 2 border left 221
image 2 border right 221

</system-out><system-err>--------------------------------- Captured Err ---------------------------------

</system-err></testcase><testcase classname="tests.test_features" name="test_mock_stop_at_0" time="0.046"><system-out>--------------------------------- Captured Log ---------------------------------

--------------------------------- Captured Out ---------------------------------
/home/runner/work/ocr-book/ocr-book/tests/0001_0.png

</system-out><system-err>--------------------------------- Captured Err ---------------------------------

</system-err></testcase><testcase classname="tests.test_features" name="test_mock_stop_at_2" time="30.054"><system-out>--------------------------------- Captured Log ---------------------------------

--------------------------------- Captured Out ---------------------------------
/home/runner/work/ocr-book/ocr-book/tests/0001_2.png
separation double page angle 90.5528088189967
separation double page y=0 2485
page rotation 1 0.5499999999999999
page rotation 2 0.2

</system-out><system-err>--------------------------------- Captured Err ---------------------------------

</system-err></testcase><testcase classname="tests.test_features" name="test_mock_stop_at_4" time="33.444"><system-out>--------------------------------- Captured Log ---------------------------------

--------------------------------- Captured Out ---------------------------------
/home/runner/work/ocr-book/ocr-book/tests/0001_4.png
separation double page angle 90.5528088189967
separation double page y=0 2485
page rotation 1 0.5499999999999999
page rotation 2 0.2
image 1 crop x1 327
image 1 crop y1 334
image 1 crop x2 2346
image 1 crop y2 3221
image 2 crop x1 169
image 2 crop y1 648
image 2 crop x2 2186
image 2 crop y2 3361
image 1 dpi 300
image 1 border top 332
image 1 border bottom 268
image 1 border left 220
image 1 border right 220
image 2 dpi 300
image 2 border top 643
image 2 border bottom 131
image 2 border left 221
image 2 border right 221

</system-out><system-err>--------------------------------- Captured Err ---------------------------------

</system-err></testcase><testcase classname="tests.test_features" name="test_mock_stop_at_1" time="27.687"><system-out>--------------------------------- Captured Log ---------------------------------

--------------------------------- Captured Out ---------------------------------
/home/runner/work/ocr-book/ocr-book/tests/0001_1.png
separation double page angle 90.5528088189967
separation double page y=0 2485

</system-out><system-err>--------------------------------- Captured Err ---------------------------------

</system-err></testcase><testcase classname="tests.test_features" name="test_mock_stop_at_3" time="33.100"><system-out>--------------------------------- Captured Log ---------------------------------

--------------------------------- Captured Out ---------------------------------
/home/runner/work/ocr-book/ocr-book/tests/0001_3.png
separation double page angle 90.5528088189967
separation double page y=0 2485
page rotation 1 0.5499999999999999
page rotation 2 0.2
image 1 crop x1 327
image 1 crop y1 334
image 1 crop x2 2346
image 1 crop y2 3221
image 2 crop x1 169
image 2 crop y1 648
image 2 crop x2 2186
image 2 crop y2 3361

</system-out><system-err>--------------------------------- Captured Err ---------------------------------

</system-err></testcase><testcase classname="tests.test_images" name="test_0001_png" time="42.830"><system-out>--------------------------------- Captured Log ---------------------------------

--------------------------------- Captured Out ---------------------------------
/home/runner/work/ocr-book/ocr-book/tests/0001.png
1609177568375022453 : Checking separation double page angle 90.5528088189967
1609177568375147854 : Checking separation double page y=0 2485
1609177570466013573 : Checking page rotation 1 0.5499999999999999
1609177572651817045 : Checking page rotation 2 0.2
1609177575678218096 : Checking image 1 crop x1 327
1609177575678345797 : Checking image 1 crop y1 334
1609177575678384097 : Checking image 1 crop x2 2346
1609177575678418697 : Checking image 1 crop y2 3221
1609177578256622622 : Checking image 2 crop x1 169
1609177578256748525 : Checking image 2 crop y1 648
1609177578256787126 : Checking image 2 crop x2 2186
1609177578256820727 : Checking image 2 crop y2 3361
1609177578288549722 : Checking image 1 dpi 300
1609177578288662125 : Checking image 1 border top 332
1609177578288697225 : Checking image 1 border bottom 268
1609177578288729026 : Checking image 1 border left 220
1609177578288763427 : Checking image 1 border right 220
1609177578290906881 : Checking image 2 dpi 300
1609177578291023684 : Checking image 2 border top 643
1609177578291061385 : Checking image 2 border bottom 131
1609177578291092985 : Checking image 2 border left 221
1609177578291124586 : Checking image 2 border right 221

</system-out><system-err>--------------------------------- Captured Err ---------------------------------

</system-err></testcase><testcase classname="tests.test_features" name="test_mock_stop_at_5" time="32.765"><system-out>--------------------------------- Captured Log ---------------------------------

--------------------------------- Captured Out ---------------------------------
/home/runner/work/ocr-book/ocr-book/tests/0001_5.png
separation double page angle 90.5528088189967
separation double page y=0 2485
page rotation 1 0.5499999999999999
page rotation 2 0.2
image 1 crop x1 327
image 1 crop y1 334
image 1 crop x2 2346
image 1 crop y2 3221
image 2 crop x1 169
image 2 crop y1 648
image 2 crop x2 2186
image 2 crop y2 3361
image 1 dpi 300
image 1 border top 332
image 1 border bottom 268
image 1 border left 220
image 1 border right 220
image 2 dpi 300
image 2 border top 643
image 2 border bottom 131
image 2 border left 221
image 2 border right 221

</system-out><system-err>--------------------------------- Captured Err ---------------------------------

</system-err></testcase><testcase classname="tests.test_images" name="test_black_border_not_removed_png" time="44.998"><system-out>--------------------------------- Captured Log ---------------------------------

--------------------------------- Captured Out ---------------------------------
/home/runner/work/ocr-book/ocr-book/tests/black-border-not-removed.png
1609177611861261527 : Checking separation double page angle 90.033171103531
1609177611861369929 : Checking separation double page y=0 2455
1609177614063407230 : Checking page rotation 1 0.0
1609177616558357523 : Checking page rotation 2 0.05
1609177620039092229 : Checking image 1 crop x1 297
1609177620039218530 : Checking image 1 crop y1 143
1609177620039256030 : Checking image 1 crop x2 2309
1609177620039290131 : Checking image 1 crop y2 3346
1609177623251305126 : Checking image 2 crop x1 157
1609177623251426027 : Checking image 2 crop y1 145
1609177623251463628 : Checking image 2 crop x2 2170
1609177623251498928 : Checking image 2 crop y2 3351
1609177623289832061 : Checking image 1 dpi 300
1609177623289942863 : Checking image 1 border top 132
1609177623289979363 : Checking image 1 border bottom 152
1609177623290011563 : Checking image 1 border left 224
1609177623290046064 : Checking image 1 border right 224
1609177623292173288 : Checking image 2 dpi 300
1609177623292263589 : Checking image 2 border top 134
1609177623292296889 : Checking image 2 border bottom 147
1609177623292328690 : Checking image 2 border left 223
1609177623292359790 : Checking image 2 border right 223

</system-out><system-err>--------------------------------- Captured Err ---------------------------------

</system-err></testcase><testcase classname="tests.test_images" name="test_2_pages_2_contours_png" time="27.983"><system-out>--------------------------------- Captured Log ---------------------------------

--------------------------------- Captured Out ---------------------------------
/home/runner/work/ocr-book/ocr-book/tests/2-pages-2-contours.png
1609177619593109589 : Checking separation double page angle 90.09036871657068
1609177619593233590 : Checking separation double page y=0 2486
1609177621083629732 : Checking page rotation 1 0.0
1609177623149693078 : Checking page rotation 2 0.2
1609177624723225658 : Checking image 1 crop x1 1191
1609177624723333360 : Checking image 1 crop y1 1750
1609177624723366660 : Checking image 1 crop x2 1192
1609177624723396360 : Checking image 1 crop y2 1751
1609177627597516840 : Checking image 2 crop x1 99
1609177627597637441 : Checking image 2 crop y1 240
1609177627597674841 : Checking image 2 crop x2 2147
1609177627597716442 : Checking image 2 crop y2 3240
1609177627637693407 : Checking image 1 dpi 300
1609177627637798508 : Checking image 1 border top 1752
1609177627637834608 : Checking image 1 border bottom 1753
1609177627637866409 : Checking image 1 border left 1239
1609177627637897909 : Checking image 1 border right 1239
1609177627639442627 : Checking image 2 dpi 300
1609177627639526728 : Checking image 2 border top 229
1609177627639559328 : Checking image 2 border bottom 258
1609177627639590329 : Checking image 2 border left 206
1609177627639621129 : Checking image 2 border right 206

</system-out><system-err>--------------------------------- Captured Err ---------------------------------

</system-err></testcase><testcase classname="tests.test_images" name="test_image_failed_to_rotate_png" time="55.898"><system-out>--------------------------------- Captured Log ---------------------------------

--------------------------------- Captured Out ---------------------------------
/home/runner/work/ocr-book/ocr-book/tests/image_failed_to_rotate.png
1609177657764202156 : Checking separation double page angle 90.26767669076624
1609177657764316357 : Checking separation double page y=0 2480
1609177661274726664 : Checking page rotation 1 0.45
1609177663540231552 : Checking page rotation 2 0.2
1609177675128756266 : Checking image 1 crop x1 31
1609177675128880567 : Checking image 1 crop y1 1
1609177675128919768 : Checking image 1 crop x2 2478
1609177675128954668 : Checking image 1 crop y2 3504
1609177679065786048 : Checking image 2 crop x1 169
1609177679065912350 : Checking image 2 crop y1 231
1609177679065950250 : Checking image 2 crop x2 2257
1609177679065985251 : Checking image 2 crop y2 3358
1609177679104322885 : Checking image 1 dpi 300
1609177679104444186 : Checking image 1 border top 2
1609177679104482887 : Checking image 1 border bottom 2
1609177679104515387 : Checking image 1 border left 17
1609177679104550287 : Checking image 1 border right 17
1609177679106748512 : Checking image 2 dpi 300
1609177679106834913 : Checking image 2 border top 218
1609177679106869314 : Checking image 2 border bottom 142
1609177679106900314 : Checking image 2 border left 186
1609177679106932014 : Checking image 2 border right 186

</system-out><system-err>--------------------------------- Captured Err ---------------------------------

</system-err></testcase><testcase classname="tests.test_images" name="test_wrong_split_line_png" time="35.113"><system-out>--------------------------------- Captured Log ---------------------------------

--------------------------------- Captured Out ---------------------------------
/home/runner/work/ocr-book/ocr-book/tests/wrong_split_line.png
1609177653964835644 : Checking separation double page angle 89.93395720607973
1609177653964931445 : Checking separation double page y=0 2465
1609177655812218650 : Checking page rotation 1 -0.04999999999999689
1609177657741606895 : Checking page rotation 2 0.5499999999999999
1609177659859173440 : Checking image 1 crop x1 211
1609177659859300841 : Checking image 1 crop y1 156
1609177659859338041 : Checking image 1 crop x2 2323
1609177659859371941 : Checking image 1 crop y2 3363
1609177662726284378 : Checking image 2 crop x1 125
1609177662726416579 : Checking image 2 crop y1 166
1609177662726453080 : Checking image 2 crop x2 2236
1609177662726487580 : Checking image 2 crop y2 3373
1609177662758793752 : Checking image 1 dpi 300
1609177662758905253 : Checking image 1 border top 134
1609177662758943254 : Checking image 1 border bottom 146
1609177662758998354 : Checking image 1 border left 174
1609177662759029655 : Checking image 1 border right 174
1609177662761133179 : Checking image 2 dpi 300
1609177662761219380 : Checking image 2 border top 146
1609177662761252680 : Checking image 2 border bottom 134
1609177662761284081 : Checking image 2 border left 174
1609177662761315081 : Checking image 2 border right 174

</system-out><system-err>--------------------------------- Captured Err ---------------------------------

</system-err></testcase><testcase classname="tests.test_images" name="test_crop_too_much_png" time="54.905"><system-out>--------------------------------- Captured Log ---------------------------------

--------------------------------- Captured Out ---------------------------------
/home/runner/work/ocr-book/ocr-book/tests/crop_too_much.png
1609177706765276142 : Checking separation double page angle 90.13239409272954
1609177706765380643 : Checking separation double page y=0 2455
1609177709527997363 : Checking page rotation 1 0.0
1609177711951502093 : Checking page rotation 2 0.2
1609177715001779827 : Checking image 1 crop x1 303
1609177715001909228 : Checking image 1 crop y1 148
1609177715001945729 : Checking image 1 crop x2 2313
1609177715001978329 : Checking image 1 crop y2 3351
1609177717607423257 : Checking image 2 crop x1 162
1609177717607553759 : Checking image 2 crop y1 151
1609177717607592059 : Checking image 2 crop x2 2186
1609177717607626860 : Checking image 2 crop y2 3363
1609177717650516774 : Checking image 1 dpi 300
1609177717650626875 : Checking image 1 border top 132
1609177717650662476 : Checking image 1 border bottom 152
1609177717650695776 : Checking image 1 border left 225
1609177717650727276 : Checking image 1 border right 225
1609177717652919003 : Checking image 2 dpi 300
1609177717653005304 : Checking image 2 border top 132
1609177717653038104 : Checking image 2 border bottom 143
1609177717653072004 : Checking image 2 border left 218
1609177717653103705 : Checking image 2 border right 218

</system-out><system-err>--------------------------------- Captured Err ---------------------------------

</system-err></testcase><testcase classname="tests.test_images" name="test_image_failed_to_crop_data_png" time="61.299"><system-out>--------------------------------- Captured Log ---------------------------------

--------------------------------- Captured Out ---------------------------------
/home/runner/work/ocr-book/ocr-book/tests/image_failed_to_crop_data.png
1609177715128082340 : Checking separation double page angle 90.053197600644
1609177715128193842 : Checking separation double page y=0 2480
1609177720668970852 : Checking page rotation 1 0.15000000000000002
1609177722778128835 : Checking page rotation 2 0.0
1609177736880938497 : Checking image 1 crop x1 51
1609177736881064999 : Checking image 1 crop y1 7
1609177736881103699 : Checking image 1 crop x2 2478
1609177736881138599 : Checking image 1 crop y2 3505
1609177740410066141 : Checking image 2 crop x1 160
1609177740410192542 : Checking image 2 crop y1 217
1609177740410229543 : Checking image 2 crop x2 2242
1609177740410265343 : Checking image 2 crop y2 3350
1609177740440018203 : Checking image 1 dpi 300
1609177740440130305 : Checking image 1 border top 5
1609177740440167905 : Checking image 1 border bottom 5
1609177740440199906 : Checking image 1 border left 27
1609177740440234806 : Checking image 1 border right 27
1609177740442349832 : Checking image 2 dpi 300
1609177740442433233 : Checking image 2 border top 206
1609177740442467533 : Checking image 2 border bottom 148
1609177740442499333 : Checking image 2 border left 189
1609177740442530234 : Checking image 2 border right 189

</system-out><system-err>--------------------------------- Captured Err ---------------------------------

</system-err></testcase><testcase classname="tests.test_images" name="test_crop_too_few_png" time="35.569"><system-out>--------------------------------- Captured Log ---------------------------------

--------------------------------- Captured Out ---------------------------------
/home/runner/work/ocr-book/ocr-book/tests/crop_too_few.png
1609177744039960107 : Checking separation double page angle 89.54670238452755
1609177744040065208 : Checking separation double page y=0 2512
1609177745932162844 : Checking page rotation 1 -0.6000000000000009
1609177748097530112 : Checking page rotation 2 0.0
1609177750662134624 : Checking image 1 crop x1 263
1609177750662265626 : Checking image 1 crop y1 150
1609177750662302726 : Checking image 1 crop x2 2379
1609177750662335327 : Checking image 1 crop y2 3358
1609177753212194049 : Checking image 2 crop x1 137
1609177753212316650 : Checking image 2 crop y1 141
1609177753212353450 : Checking image 2 crop x2 2259
1609177753212387451 : Checking image 2 crop y2 3345
1609177753242507815 : Checking image 1 dpi 300
1609177753242621316 : Checking image 1 border top 130
1609177753242656817 : Checking image 1 border bottom 149
1609177753242688717 : Checking image 1 border left 172
1609177753242720317 : Checking image 1 border right 172
1609177753244954144 : Checking image 2 dpi 300
1609177753245042345 : Checking image 2 border top 130
1609177753245075446 : Checking image 2 border bottom 153
1609177753245108246 : Checking image 2 border left 169
1609177753245139347 : Checking image 2 border right 169

</system-out><system-err>--------------------------------- Captured Err ---------------------------------

</system-err></testcase><testcase classname="tests.test_images" name="test_wrong_angle_split_line_png" time="59.505"><system-out>--------------------------------- Captured Log ---------------------------------

--------------------------------- Captured Out ---------------------------------
/home/runner/work/ocr-book/ocr-book/tests/wrong_angle_split_line.png
1609177772376227207 : Checking separation double page angle 90.09193420006348
1609177772376341509 : Checking separation double page y=0 2478
1609177777320737512 : Checking page rotation 1 0.1
1609177780482151652 : Checking page rotation 2 0.1
1609177793178478548 : Checking image 1 crop x1 58
1609177793178603849 : Checking image 1 crop y1 6
1609177793178642850 : Checking image 1 crop x2 2476
1609177793178678050 : Checking image 1 crop y2 3501
1609177799200939784 : Checking image 2 crop x1 166
1609177799201064286 : Checking image 2 crop y1 218
1609177799201101086 : Checking image 2 crop x2 2244
1609177799201136387 : Checking image 2 crop y2 3349
1609177799350351589 : Checking image 1 dpi 300
1609177799350465990 : Checking image 1 border top 6
1609177799350501491 : Checking image 1 border bottom 6
1609177799350533091 : Checking image 1 border left 31
1609177799350568892 : Checking image 1 border right 31
1609177799358060982 : Checking image 2 dpi 300
1609177799358172583 : Checking image 2 border top 207
1609177799358207484 : Checking image 2 border bottom 149
1609177799358240584 : Checking image 2 border left 191
1609177799358271885 : Checking image 2 border right 191

</system-out><system-err>--------------------------------- Captured Err ---------------------------------

</system-err></testcase><testcase classname="tests.test_images" name="test_crop_too_much_2_png" time="61.910"><system-out>--------------------------------- Captured Log ---------------------------------

--------------------------------- Captured Out ---------------------------------
/home/runner/work/ocr-book/ocr-book/tests/crop_too_much_2.png
1609177802591115154 : Checking separation double page angle 90.1149074900787
1609177802591222755 : Checking separation double page y=0 2478
1609177805226179989 : Checking page rotation 1 0.15000000000000002
1609177807955002964 : Checking page rotation 2 0.2
1609177811099436228 : Checking image 1 crop x1 330
1609177811099568730 : Checking image 1 crop y1 132
1609177811099606130 : Checking image 1 crop x2 2342
1609177811099639530 : Checking image 1 crop y2 3335
1609177815075830447 : Checking image 2 crop x1 162
1609177815075958748 : Checking image 2 crop y1 139
1609177815075995349 : Checking image 2 crop x2 2175
1609177815076031949 : Checking image 2 crop y2 3345
1609177815123712527 : Checking image 1 dpi 300
1609177815123825729 : Checking image 1 border top 122
1609177815123861629 : Checking image 1 border bottom 162
1609177815123894030 : Checking image 1 border left 224
1609177815123925530 : Checking image 1 border right 224
1609177815126099256 : Checking image 2 dpi 300
1609177815126182557 : Checking image 2 border top 130
1609177815126216058 : Checking image 2 border bottom 151
1609177815126247058 : Checking image 2 border left 223
1609177815126278558 : Checking image 2 border right 223

</system-out><system-err>--------------------------------- Captured Err ---------------------------------

</system-err></testcase><testcase classname="tests.test_images" name="test_angle_page_lower_split_line_png" time="41.517"><system-out>--------------------------------- Captured Log ---------------------------------

--------------------------------- Captured Out ---------------------------------
/home/runner/work/ocr-book/ocr-book/tests/angle_page_lower_split_line.png
1609177830728206199 : Checking separation double page angle 89.74927707086691
1609177830728317501 : Checking separation double page y=0 2474
1609177833231432799 : Checking page rotation 1 -0.14999999999999067
1609177835594839192 : Checking page rotation 2 0.1
1609177838651757245 : Checking image 1 crop x1 241
1609177838651888147 : Checking image 1 crop y1 156
1609177838651927247 : Checking image 1 crop x2 2357
1609177838651962348 : Checking image 1 crop y2 3368
1609177841492395314 : Checking image 2 crop x1 149
1609177841492523115 : Checking image 2 crop y1 146
1609177841492560716 : Checking image 2 crop x2 2259
1609177841492596116 : Checking image 2 crop y2 3351
1609177841526865531 : Checking image 1 dpi 300
1609177841527001533 : Checking image 1 border top 140
1609177841527038933 : Checking image 1 border bottom 135
1609177841527071533 : Checking image 1 border left 172
1609177841527106134 : Checking image 1 border right 172
1609177841529255760 : Checking image 2 dpi 300
1609177841529338761 : Checking image 2 border top 129
1609177841529372461 : Checking image 2 border bottom 152
1609177841529404762 : Checking image 2 border left 175
1609177841529435862 : Checking image 2 border right 175

</system-out><system-err>--------------------------------- Captured Err ---------------------------------

</system-err></testcase><testcase classname="tests.test_images" name="test_wrong_split_line_2_png" time="60.388"><system-out>--------------------------------- Captured Log ---------------------------------

--------------------------------- Captured Out ---------------------------------
/home/runner/work/ocr-book/ocr-book/tests/wrong_split_line_2.png
1609177857842816507 : Checking separation double page angle 90.19944704411863
1609177857842923408 : Checking separation double page y=0 2437
1609177860665381483 : Checking page rotation 1 0.2
1609177863348197867 : Checking page rotation 2 0.2
1609177868301884749 : Checking image 1 crop x1 294
1609177868302013950 : Checking image 1 crop y1 136
1609177868302049251 : Checking image 1 crop x2 2325
1609177868302084251 : Checking image 1 crop y2 3376
1609177875481652511 : Checking image 2 crop x1 136
1609177875481780613 : Checking image 2 crop y1 190
1609177875481817413 : Checking image 2 crop x2 2172
1609177875481853214 : Checking image 2 crop y2 3389
1609177875525494939 : Checking image 1 dpi 300
1609177875525611740 : Checking image 1 border top 131
1609177875525647241 : Checking image 1 border bottom 116
1609177875525679841 : Checking image 1 border left 214
1609177875525711442 : Checking image 1 border right 214
1609177875527879168 : Checking image 2 dpi 300
1609177875527968369 : Checking image 2 border top 181
1609177875528001469 : Checking image 2 border bottom 107
1609177875528033070 : Checking image 2 border left 212
1609177875528064870 : Checking image 2 border right 212

</system-out><system-err>--------------------------------- Captured Err ---------------------------------

</system-err></testcase><testcase classname="tests.test_images" name="test_wrong_wave_split_line_png" time="59.188"><system-out>--------------------------------- Captured Log ---------------------------------

--------------------------------- Captured Out ---------------------------------
/home/runner/work/ocr-book/ocr-book/tests/wrong_wave_split_line.png
1609177883247216224 : Checking separation double page angle 90.37878604107719
1609177883247322925 : Checking separation double page y=0 2500
1609177885613138671 : Checking page rotation 1 -0.14999999999999067
1609177888026788996 : Checking page rotation 2 0.9
1609177894461193479 : Checking image 1 crop x1 385
1609177894461323481 : Checking image 1 crop y1 179
1609177894461361781 : Checking image 1 crop x2 2411
1609177894461395282 : Checking image 1 crop y2 3374
1609177900659674796 : Checking image 2 crop x1 17
1609177900659805897 : Checking image 2 crop y1 8
1609177900659845098 : Checking image 2 crop x2 2399
1609177900659880298 : Checking image 2 crop y2 3391
1609177900706222259 : Checking image 1 dpi 300
1609177900706339560 : Checking image 1 border top 173
1609177900706375161 : Checking image 1 border bottom 119
1609177900706407261 : Checking image 1 border left 217
1609177900706442462 : Checking image 1 border right 217
1609177900708636488 : Checking image 2 dpi 300
1609177900708723689 : Checking image 2 border top 0
1609177900708759890 : Checking image 2 border bottom 114
1609177900708791790 : Checking image 2 border left 49
1609177900708823390 : Checking image 2 border right 49

</system-out><system-err>--------------------------------- Captured Err ---------------------------------

</system-err></testcase><testcase classname="tests.test_images" name="test_small_wave_png" time="57.916"><system-out>--------------------------------- Captured Log ---------------------------------

--------------------------------- Captured Out ---------------------------------
/home/runner/work/ocr-book/ocr-book/tests/small_wave.png
1609177923931209651 : Checking separation double page angle 90.58816928841564
1609177923931319952 : Checking separation double page y=0 2497
1609177926597117737 : Checking page rotation 1 0.65
1609177929029377893 : Checking page rotation 2 0.65
1609177931241672071 : Checking image 1 crop x1 320
1609177931241802673 : Checking image 1 crop y1 199
1609177931241839473 : Checking image 1 crop x2 2353
1609177931241874674 : Checking image 1 crop y2 3394
1609177933402262323 : Checking image 2 crop x1 130
1609177933402385625 : Checking image 2 crop y1 222
1609177933402422425 : Checking image 2 crop x2 2163
1609177933402458226 : Checking image 2 crop y2 3420
1609177933439360572 : Checking image 1 dpi 300
1609177933439476174 : Checking image 1 border top 179
1609177933439512974 : Checking image 1 border bottom 112
1609177933439546075 : Checking image 1 border left 213
1609177933439577575 : Checking image 1 border right 213
1609177933441740701 : Checking image 2 dpi 300
1609177933441820502 : Checking image 2 border top 197
1609177933441854303 : Checking image 2 border bottom 92
1609177933441885503 : Checking image 2 border left 213
1609177933441916903 : Checking image 2 border right 213

</system-out><system-err>--------------------------------- Captured Err ---------------------------------

</system-err></testcase><testcase classname="tests.test_images" name="test_no_split_line_line_algo_png" time="40.682"><system-out>--------------------------------- Captured Log ---------------------------------

--------------------------------- Captured Out ---------------------------------
/home/runner/work/ocr-book/ocr-book/tests/no_split_line_line_algo.png
1609177930420599133 : Checking separation double page angle 89.47691469185418
1609177930420712934 : Checking separation double page y=0 2476
1609177932344116515 : Checking page rotation 1 -0.14999999999999067
1609177934718349253 : Checking page rotation 2 -0.14999999999999067
1609177936865821647 : Checking image 1 crop x1 205
1609177936865947448 : Checking image 1 crop y1 158
1609177936865984549 : Checking image 1 crop x2 2320
1609177936866019149 : Checking image 1 crop y2 3366
1609177941366074648 : Checking image 2 crop x1 185
1609177941366197550 : Checking image 2 crop y1 225
1609177941366234750 : Checking image 2 crop x2 2204
1609177941366269850 : Checking image 2 crop y2 3362
1609177941404684516 : Checking image 1 dpi 300
1609177941404799717 : Checking image 1 border top 144
1609177941404835518 : Checking image 1 border bottom 134
1609177941404867818 : Checking image 1 border left 172
1609177941404902818 : Checking image 1 border right 172
1609177941407066945 : Checking image 2 dpi 300
1609177941407156246 : Checking image 2 border top 223
1609177941407190546 : Checking image 2 border bottom 127
1609177941407221846 : Checking image 2 border left 220
1609177941407252747 : Checking image 2 border right 220

</system-out><system-err>--------------------------------- Captured Err ---------------------------------

</system-err></testcase><testcase classname="tests.test_images" name="test_wrong_split_line_3_png" time="43.297"><system-out>--------------------------------- Captured Log ---------------------------------

--------------------------------- Captured Out ---------------------------------
/home/runner/work/ocr-book/ocr-book/tests/wrong_split_line_3.png
1609177967395725517 : Checking separation double page angle 90.43729500214694
1609177967395836818 : Checking separation double page y=0 2498
1609177969882940340 : Checking page rotation 1 0.2
1609177971937375016 : Checking page rotation 2 0.85
1609177974303177263 : Checking image 1 crop x1 331
1609177974303310165 : Checking image 1 crop y1 166
1609177974303347565 : Checking image 1 crop x2 2377
1609177974303381365 : Checking image 1 crop y2 3375
1609177976726328004 : Checking image 2 crop x1 102
1609177976726457106 : Checking image 2 crop y1 207
1609177976726494106 : Checking image 2 crop x2 2135
1609177976726529606 : Checking image 2 crop y2 3414
1609177976761190326 : Checking image 1 dpi 300
1609177976761305727 : Checking image 1 border top 158
1609177976761341628 : Checking image 1 border bottom 120
1609177976761374228 : Checking image 1 border left 207
1609177976761405929 : Checking image 1 border right 207
1609177976763458154 : Checking image 2 dpi 300
1609177976763543355 : Checking image 2 border top 186
1609177976763576155 : Checking image 2 border bottom 94
1609177976763607455 : Checking image 2 border left 213
1609177976763638756 : Checking image 2 border right 213

</system-out><system-err>--------------------------------- Captured Err ---------------------------------

</system-err></testcase><testcase classname="tests.test_images" name="test_failed_split_line_line_algo_png" time="23.432"><system-out>--------------------------------- Captured Log ---------------------------------

--------------------------------- Captured Out ---------------------------------
/home/runner/work/ocr-book/ocr-book/tests/failed_split_line_line_algo.png
1609177957925629219 : Checking separation double page angle 90.04134220573248
1609177957925735720 : Checking separation double page y=0 2573
1609177959588154902 : Checking page rotation 1 -0.09999999999999377
1609177961014212029 : Checking page rotation 2 0.1
1609177963347815188 : Checking image 1 crop x1 408
1609177963347945289 : Checking image 1 crop y1 2926
1609177963347983290 : Checking image 1 crop x2 2420
1609177963348016990 : Checking image 1 crop y2 3173
1609177964861447921 : Checking image 2 crop x1 1184
1609177964861560623 : Checking image 2 crop y1 1745
1609177964861595123 : Checking image 2 crop x2 1185
1609177964861625923 : Checking image 2 crop y2 1746
1609177964861897327 : Checking image 1 dpi 300
1609177964861973728 : Checking image 1 border top 2922
1609177964862006728 : Checking image 1 border bottom 318
1609177964862038128 : Checking image 1 border left 224
1609177964862073729 : Checking image 1 border right 224
1609177964863577447 : Checking image 2 dpi 300
1609177964863657348 : Checking image 2 border top 1753
1609177964863691248 : Checking image 2 border bottom 1753
1609177964863722749 : Checking image 2 border left 1239
1609177964863753949 : Checking image 2 border right 1239

</system-out><system-err>--------------------------------- Captured Err ---------------------------------

</system-err></testcase><testcase classname="tests.test_images" name="test_failed_split_line_line_algo_2_png" time="48.184"><system-out>--------------------------------- Captured Log ---------------------------------

--------------------------------- Captured Out ---------------------------------
/home/runner/work/ocr-book/ocr-book/tests/failed_split_line_line_algo_2.png
1609178003941251074 : Checking separation double page angle 90.03068774449687
1609178003941366976 : Checking separation double page y=0 2500
1609178006294126889 : Checking page rotation 1 0.05
1609178008378489639 : Checking page rotation 2 0.5499999999999999
1609178010795982783 : Checking image 1 crop x1 271
1609178010796108985 : Checking image 1 crop y1 149
1609178010796146585 : Checking image 1 crop x2 2382
1609178010796180586 : Checking image 1 crop y2 3354
1609178012981327780 : Checking image 2 crop x1 120
1609178012981453582 : Checking image 2 crop y1 155
1609178012981490182 : Checking image 2 crop x2 2244
1609178012981525083 : Checking image 2 crop y2 3350
1609178013020255652 : Checking image 1 dpi 300
1609178013020371254 : Checking image 1 border top 141
1609178013020407454 : Checking image 1 border bottom 141
1609178013020439854 : Checking image 1 border left 174
1609178013020473755 : Checking image 1 border right 174
1609178013022503379 : Checking image 2 dpi 300
1609178013022583280 : Checking image 2 border top 140
1609178013022615981 : Checking image 2 border bottom 152
1609178013022647881 : Checking image 2 border left 168
1609178013022678782 : Checking image 2 border right 168

</system-out><system-err>--------------------------------- Captured Err ---------------------------------

</system-err></testcase><testcase classname="tests.test_images" name="test_crop_too_much_3_png" time="49.184"><system-out>--------------------------------- Captured Log ---------------------------------

--------------------------------- Captured Out ---------------------------------
/home/runner/work/ocr-book/ocr-book/tests/crop_too_much_3.png
1609178015189808057 : Checking separation double page angle 89.49330634783144
1609178015189917859 : Checking separation double page y=0 2498
1609178017385826283 : Checking page rotation 1 -0.8999999999999949
1609178019994425900 : Checking page rotation 2 -0.14999999999999067
1609178022939855799 : Checking image 1 crop x1 374
1609178022939988801 : Checking image 1 crop y1 258
1609178022940026001 : Checking image 1 crop x2 2385
1609178022940060802 : Checking image 1 crop y2 3459
1609178025899058667 : Checking image 2 crop x1 168
1609178025899189469 : Checking image 2 crop y1 228
1609178025899226269 : Checking image 2 crop x2 2181
1609178025899261970 : Checking image 2 crop y2 3417
1609178025942113089 : Checking image 1 dpi 300
1609178025942226091 : Checking image 1 border top 239
1609178025942262191 : Checking image 1 border bottom 47
1609178025942294091 : Checking image 1 border left 224
1609178025942330092 : Checking image 1 border right 224
1609178025944385717 : Checking image 2 dpi 300
1609178025944474218 : Checking image 2 border top 209
1609178025944507818 : Checking image 2 border bottom 89
1609178025944539019 : Checking image 2 border left 223
1609178025944570419 : Checking image 2 border right 223

</system-out><system-err>--------------------------------- Captured Err ---------------------------------

</system-err></testcase><testcase classname="tests.test_images" name="test_wrong_wave_split_line_2_png" time="50.116"><system-out>--------------------------------- Captured Log ---------------------------------

--------------------------------- Captured Out ---------------------------------
/home/runner/work/ocr-book/ocr-book/tests/wrong_wave_split_line_2.png
1609178053190209418 : Checking separation double page angle 90.7708958311329
1609178053190324020 : Checking separation double page y=0 2490
1609178055432682280 : Checking page rotation 1 0.2
1609178057726000962 : Checking page rotation 2 1.65
1609178059995500377 : Checking image 1 crop x1 227
1609178059995627878 : Checking image 1 crop y1 147
1609178059995665379 : Checking image 1 crop x2 2342
1609178059995700079 : Checking image 1 crop y2 3353
1609178063097408184 : Checking image 2 crop x1 106
1609178063097538785 : Checking image 2 crop y1 195
1609178063097575986 : Checking image 2 crop x2 2231
1609178063097610986 : Checking image 2 crop y2 3398
1609178063141998724 : Checking image 1 dpi 300
1609178063142113126 : Checking image 1 border top 136
1609178063142149526 : Checking image 1 border bottom 145
1609178063142181227 : Checking image 1 border left 172
1609178063142216127 : Checking image 1 border right 172
1609178063144293552 : Checking image 2 dpi 300
1609178063144377153 : Checking image 2 border top 165
1609178063144410954 : Checking image 2 border bottom 118
1609178063144442154 : Checking image 2 border left 167
1609178063144473654 : Checking image 2 border right 167

</system-out><system-err>--------------------------------- Captured Err ---------------------------------

</system-err></testcase><testcase classname="tests.test_images" name="test_wrong_wave_split_line_3_png" time="45.337"><system-out>--------------------------------- Captured Log ---------------------------------

--------------------------------- Captured Out ---------------------------------
/home/runner/work/ocr-book/ocr-book/tests/wrong_wave_split_line_3.png
1609178062184063611 : Checking separation double page angle 90.05826063695574
1609178062184173712 : Checking separation double page y=0 2514
1609178064610407327 : Checking page rotation 1 0.0
1609178066646661516 : Checking page rotation 2 0.2
1609178069116871568 : Checking image 1 crop x1 274
1609178069117001069 : Checking image 1 crop y1 221
1609178069117039270 : Checking image 1 crop x2 2383
1609178069117073370 : Checking image 1 crop y2 3422
1609178071260378058 : Checking image 2 crop x1 112
1609178071260511760 : Checking image 2 crop y1 225
1609178071260549160 : Checking image 2 crop x2 2238
1609178071260584460 : Checking image 2 crop y2 3415
1609178071296207292 : Checking image 1 dpi 300
1609178071296325094 : Checking image 1 border top 201
1609178071296360394 : Checking image 1 border bottom 85
1609178071296392795 : Checking image 1 border left 175
1609178071296424395 : Checking image 1 border right 175
1609178071298493420 : Checking image 2 dpi 300
1609178071298576021 : Checking image 2 border top 207
1609178071298610222 : Checking image 2 border bottom 90
1609178071298642122 : Checking image 2 border left 167
1609178071298673922 : Checking image 2 border right 167

</system-out><system-err>--------------------------------- Captured Err ---------------------------------

</system-err></testcase><testcase classname="tests.test_images" name="test_no_split_line_wave_algo_png" time="61.152"><system-out>--------------------------------- Captured Log ---------------------------------

--------------------------------- Captured Out ---------------------------------
/home/runner/work/ocr-book/ocr-book/tests/no_split_line_wave_algo.png
1609178100127210860 : Checking separation double page angle 89.72500000000001
1609178100127323561 : Checking separation double page y=0 2484
1609178104359777072 : Checking page rotation 1 0.0
1609178106626509850 : Checking page rotation 2 -0.44999999999999746
1609178117233741885 : Checking image 1 crop x1 97
1609178117233828786 : Checking image 1 crop y1 79
1609178117233863787 : Checking image 1 crop x2 2494
1609178117233896887 : Checking image 1 crop y2 3505
1609178124224518813 : Checking image 2 crop x1 163
1609178124224646315 : Checking image 2 crop y1 267
1609178124224684615 : Checking image 2 crop x2 2238
1609178124224718215 : Checking image 2 crop y2 3380
1609178124262739277 : Checking image 1 dpi 300
1609178124262860178 : Checking image 1 border top 41
1609178124262896279 : Checking image 1 border bottom 41
1609178124262928379 : Checking image 1 border left 42
1609178124262995480 : Checking image 1 border right 42
1609178124265183907 : Checking image 2 dpi 300
1609178124265272808 : Checking image 2 border top 256
1609178124265307208 : Checking image 2 border bottom 118
1609178124265339108 : Checking image 2 border left 192
1609178124265372309 : Checking image 2 border right 192

</system-out><system-err>--------------------------------- Captured Err ---------------------------------

</system-err></testcase><testcase classname="tests.test_images" name="test_no_split_line_wave_algo_2_png" time="38.713"><system-out>--------------------------------- Captured Log ---------------------------------

--------------------------------- Captured Out ---------------------------------
/home/runner/work/ocr-book/ocr-book/tests/no_split_line_wave_algo_2.png
1609178101163712525 : Checking separation double page angle 90.54999999999998
1609178101163821327 : Checking separation double page y=0 2478
1609178103324320919 : Checking page rotation 1 1.0999999999999999
1609178105551677321 : Checking page rotation 2 0.2
1609178107861198817 : Checking image 1 crop x1 266
1609178107861323119 : Checking image 1 crop y1 210
1609178107861360519 : Checking image 1 crop x2 2342
1609178107861395120 : Checking image 1 crop y2 3413
1609178109970465986 : Checking image 2 crop x1 168
1609178109970593587 : Checking image 2 crop y1 241
1609178109970630088 : Checking image 2 crop x2 2251
1609178109970666488 : Checking image 2 crop y2 3433
1609178110006950028 : Checking image 1 dpi 300
1609178110007081730 : Checking image 1 border top 192
1609178110007117330 : Checking image 1 border bottom 91
1609178110007149930 : Checking image 1 border left 192
1609178110007181731 : Checking image 1 border right 192
1609178110009147255 : Checking image 2 dpi 300
1609178110009225756 : Checking image 2 border top 224
1609178110009259156 : Checking image 2 border bottom 71
1609178110009291256 : Checking image 2 border left 188
1609178110009323457 : Checking image 2 border right 188

</system-out><system-err>--------------------------------- Captured Err ---------------------------------

</system-err></testcase><testcase classname="tests.test_images" name="test_failed_detect_rectangle_png" time="46.759"><system-out>--------------------------------- Captured Log ---------------------------------

--------------------------------- Captured Out ---------------------------------
/home/runner/work/ocr-book/ocr-book/tests/failed_detect_rectangle.png
1609178147125468940 : Checking separation double page angle 90.19837516213148
1609178147125573141 : Checking separation double page y=0 2474
1609178149380125460 : Checking page rotation 1 0.2
1609178151843690312 : Checking page rotation 2 0.15000000000000002
1609178153934293443 : Checking image 1 crop x1 257
1609178153934419644 : Checking image 1 crop y1 201
1609178153934456445 : Checking image 1 crop x2 2333
1609178153934491645 : Checking image 1 crop y2 3402
1609178156717015849 : Checking image 2 crop x1 135
1609178156717137051 : Checking image 2 crop y1 214
1609178156717174551 : Checking image 2 crop x2 2219
1609178156717210852 : Checking image 2 crop y2 3406
1609178156760062771 : Checking image 1 dpi 300
1609178156760173672 : Checking image 1 border top 188
1609178156760210072 : Checking image 1 border bottom 97
1609178156760241673 : Checking image 1 border left 192
1609178156760274173 : Checking image 1 border right 192
1609178156762235397 : Checking image 2 dpi 300
1609178156762311398 : Checking image 2 border top 202
1609178156762345598 : Checking image 2 border bottom 93
1609178156762376599 : Checking image 2 border left 188
1609178156762408099 : Checking image 2 border right 188

</system-out><system-err>--------------------------------- Captured Err ---------------------------------

</system-err></testcase><testcase classname="tests.test_images" name="test_crop_too_few_2_png" time="38.346"><system-out>--------------------------------- Captured Log ---------------------------------

--------------------------------- Captured Out ---------------------------------
/home/runner/work/ocr-book/ocr-book/tests/crop_too_few_2.png
1609178153104574291 : Checking separation double page angle 90.30476192320097
1609178153104679092 : Checking separation double page y=0 2531
1609178155207068059 : Checking page rotation 1 1.0999999999999999
1609178157233864910 : Checking page rotation 2 -0.04999999999999689
1609178159793260911 : Checking image 1 crop x1 289
1609178159793387313 : Checking image 1 crop y1 165
1609178159793422713 : Checking image 1 crop x2 2400
1609178159793456413 : Checking image 1 crop y2 3367
1609178162631491958 : Checking image 2 crop x1 149
1609178162631618859 : Checking image 2 crop y1 189
1609178162631654660 : Checking image 2 crop x2 2273
1609178162631690260 : Checking image 2 crop y2 3386
1609178162665242768 : Checking image 1 dpi 300
1609178162665345070 : Checking image 1 border top 157
1609178162665380070 : Checking image 1 border bottom 128
1609178162665412370 : Checking image 1 border left 174
1609178162665446871 : Checking image 1 border right 174
1609178162667521396 : Checking image 2 dpi 300
1609178162667598897 : Checking image 2 border top 181
1609178162667632097 : Checking image 2 border bottom 109
1609178162667663298 : Checking image 2 border left 168
1609178162667694798 : Checking image 2 border right 168

</system-out><system-err>--------------------------------- Captured Err ---------------------------------

</system-err></testcase><testcase classname="tests.test_images" name="test_single_page_png" time="22.099"><system-out>--------------------------------- Captured Log ---------------------------------

--------------------------------- Captured Out ---------------------------------
/home/runner/work/ocr-book/ocr-book/tests/single_page.png
1609178166469200363 : Checking separation double page angle 90.04999999999998
1609178166469321964 : Checking separation double page y=0 2476
1609178170462004846 : Checking page rotation 1 0.0
1609178170963216341 : Checking page rotation 2 0.0
1609178177810328497 : Checking image 1 crop x1 1
1609178177810423298 : Checking image 1 crop y1 8
1609178177810460799 : Checking image 1 crop x2 2470
1609178177810495899 : Checking image 1 crop y2 3505
1609178178558064966 : Checking image 2 crop x1 0
1609178178558143867 : Checking image 2 crop y1 0
1609178178558175168 : Checking image 2 crop x2 0
1609178178558205768 : Checking image 2 crop y2 0
1609178178558277069 : Checking image 1 dpi 300
1609178178558340370 : Checking image 1 border top 5
1609178178558373970 : Checking image 1 border bottom 5
1609178178558405571 : Checking image 1 border left 6
1609178178558436871 : Checking image 1 border right 6
1609178178564432044 : Checking image 2 border top 0
1609178178564499044 : Checking image 2 border bottom 0
1609178178564529545 : Checking image 2 border left 0
1609178178564560145 : Checking image 2 border right 0

</system-out><system-err>--------------------------------- Captured Err ---------------------------------

</system-err></testcase><testcase classname="tests.test_images" name="test_no_split_line_wave_algo_3_png" time="13.766"><system-out>--------------------------------- Captured Log ---------------------------------

--------------------------------- Captured Out ---------------------------------
/home/runner/work/ocr-book/ocr-book/tests/no_split_line_wave_algo_3.png
1609178172119250800 : Checking separation double page angle 90.14999999999998
1609178172119367201 : Checking separation double page y=0 2408
1609178174115720278 : Checking page rotation 1 -0.09999999999999377
1609178174399450129 : Checking page rotation 2 0.0
1609178175949612680 : Checking image 1 crop x1 182
1609178175949697481 : Checking image 1 crop y1 2955
1609178175949734181 : Checking image 1 crop x2 2199
1609178175949769082 : Checking image 1 crop y2 3203
1609178176414834738 : Checking image 2 crop x1 0
1609178176414920639 : Checking image 2 crop y1 0
1609178176414952139 : Checking image 2 crop x2 0
1609178176415004240 : Checking image 2 crop y2 0
1609178176415077540 : Checking image 1 dpi 300
1609178176415144941 : Checking image 1 border top 2951
1609178176415178042 : Checking image 1 border bottom 288
1609178176415210242 : Checking image 1 border left 221
1609178176415241942 : Checking image 1 border right 221
1609178176419906799 : Checking image 2 border top 0
1609178176419985900 : Checking image 2 border bottom 0
1609178176420016801 : Checking image 2 border left 0
1609178176420047701 : Checking image 2 border right 0

</system-out><system-err>--------------------------------- Captured Err ---------------------------------

</system-err></testcase><testcase classname="tests.test_images" name="test_failed_split_line_line_algo_3_png" time="18.039"><system-out>--------------------------------- Captured Log ---------------------------------

--------------------------------- Captured Out ---------------------------------
/home/runner/work/ocr-book/ocr-book/tests/failed_split_line_line_algo_3.png
1609178189896773211 : Checking separation double page angle 90.0
1609178189896887112 : Checking separation double page y=0 40
1609178190030036224 : Checking page rotation 1 0.0
1609178191690004827 : Checking page rotation 2 -0.04999999999999689
1609178192119079823 : Checking image 1 crop x1 0
1609178192119146924 : Checking image 1 crop y1 0
1609178192119175924 : Checking image 1 crop x2 0
1609178192119203825 : Checking image 1 crop y2 0
1609178194486540687 : Checking image 2 crop x1 247
1609178194486619388 : Checking image 2 crop y1 153
1609178194486651988 : Checking image 2 crop x2 2260
1609178194486682788 : Checking image 2 crop y2 3360
1609178194520689300 : Checking image 1 border top 0
1609178194520752501 : Checking image 1 border bottom 0
1609178194520782501 : Checking image 1 border left 0
1609178194520810901 : Checking image 1 border right 0
1609178194520852102 : Checking image 2 dpi 300
1609178194520918403 : Checking image 2 border top 144
1609178194520948303 : Checking image 2 border bottom 136
1609178194520976403 : Checking image 2 border left 223
1609178194521004904 : Checking image 2 border right 223

</system-out><system-err>--------------------------------- Captured Err ---------------------------------

</system-err></testcase><testcase classname="tests.test_images" name="test_wrong_split_line_4_png" time="22.685"><system-out>--------------------------------- Captured Log ---------------------------------

--------------------------------- Captured Out ---------------------------------
/home/runner/work/ocr-book/ocr-book/tests/wrong_split_line_4.png
1609178196037002352 : Checking separation double page angle 91.04999999999998
1609178196037108554 : Checking separation double page y=0 60
1609178196205706294 : Checking page rotation 1 1.0
1609178198253395078 : Checking page rotation 2 1.05
1609178198755144651 : Checking image 1 crop x1 0
1609178198755207752 : Checking image 1 crop y1 0
1609178198755236352 : Checking image 1 crop x2 0
1609178198755263753 : Checking image 1 crop y2 0
1609178201562525731 : Checking image 2 crop x1 291
1609178201562647132 : Checking image 2 crop y1 330
1609178201562680333 : Checking image 2 crop x2 2316
1609178201562712133 : Checking image 2 crop y2 3217
1609178201602899520 : Checking image 1 border top 0
1609178201602985621 : Checking image 1 border bottom 0
1609178201603018921 : Checking image 1 border left 0
1609178201603051721 : Checking image 1 border right 0
1609178201603101522 : Checking image 2 dpi 300
1609178201603170623 : Checking image 2 border top 322
1609178201603200523 : Checking image 2 border bottom 278
1609178201603228624 : Checking image 2 border left 217
1609178201603256624 : Checking image 2 border right 217

</system-out><system-err>--------------------------------- Captured Err ---------------------------------

</system-err></testcase></testsuite></testsuites>