<?xml version="1.0" encoding="utf-8"?><testsuites><testsuite name="pytest" errors="0" failures="0" skipped="0" tests="36" time="412.319" timestamp="2021-05-12T12:09:12.745807" hostname="fv-az119-542"><testcase classname="tests.test_features" name="test_disabled_enable_debug" time="23.990"><system-out>--------------------------------- Captured Log ---------------------------------

--------------------------------- Captured Out ---------------------------------
/home/runner/work/diptych/diptych/tests/0001_debug.png
separation double page angle 90.55756528497216
separation double page y=0 2484
page rotation 1 0.65
page rotation 2 0.2
image 1 crop x1 329
image 1 crop y1 335
image 1 crop x2 2344
image 1 crop y2 3222
image 2 crop x1 171
image 2 crop y1 648
image 2 crop x2 2188
image 2 crop y2 3361
image 1 dpi 300
image 1 border top 327
image 1 border bottom 273
image 1 border left 222
image 1 border right 222
image 2 dpi 300
image 2 border top 643
image 2 border bottom 131
image 2 border left 221
image 2 border right 221

</system-out><system-err>--------------------------------- Captured Err ---------------------------------

</system-err></testcase><testcase classname="tests.test_features" name="test_mock_stop_at_0" time="0.050"><system-out>--------------------------------- Captured Log ---------------------------------

--------------------------------- Captured Out ---------------------------------
/home/runner/work/diptych/diptych/tests/0001_0.png

</system-out><system-err>--------------------------------- Captured Err ---------------------------------

</system-err></testcase><testcase classname="tests.test_features" name="test_mock_stop_at_2" time="17.520"><system-out>--------------------------------- Captured Log ---------------------------------

--------------------------------- Captured Out ---------------------------------
/home/runner/work/diptych/diptych/tests/0001_2.png
separation double page angle 90.55756528497216
separation double page y=0 2484
page rotation 1 0.65
page rotation 2 0.2

</system-out><system-err>--------------------------------- Captured Err ---------------------------------

</system-err></testcase><testcase classname="tests.test_features" name="test_mock_stop_at_4" time="23.138"><system-out>--------------------------------- Captured Log ---------------------------------

--------------------------------- Captured Out ---------------------------------
/home/runner/work/diptych/diptych/tests/0001_4.png
separation double page angle 90.55756528497216
separation double page y=0 2484
page rotation 1 0.65
page rotation 2 0.2
image 1 crop x1 329
image 1 crop y1 335
image 1 crop x2 2344
image 1 crop y2 3222
image 2 crop x1 171
image 2 crop y1 648
image 2 crop x2 2188
image 2 crop y2 3361
image 1 dpi 300
image 1 border top 326
image 1 border bottom 274
image 1 border left 222
image 1 border right 222
image 2 dpi 300
image 2 border top 643
image 2 border bottom 131
image 2 border left 221
image 2 border right 221

</system-out><system-err>--------------------------------- Captured Err ---------------------------------

</system-err></testcase><testcase classname="tests.test_features" name="test_mock_stop_at_1" time="14.090"><system-out>--------------------------------- Captured Log ---------------------------------

--------------------------------- Captured Out ---------------------------------
/home/runner/work/diptych/diptych/tests/0001_1.png
separation double page angle 90.55756528497216
separation double page y=0 2484

</system-out><system-err>--------------------------------- Captured Err ---------------------------------

</system-err></testcase><testcase classname="tests.test_features" name="test_mock_stop_at_3" time="23.225"><system-out>--------------------------------- Captured Log ---------------------------------

--------------------------------- Captured Out ---------------------------------
/home/runner/work/diptych/diptych/tests/0001_3.png
separation double page angle 90.55756528497216
separation double page y=0 2484
page rotation 1 0.65
page rotation 2 0.2
image 1 crop x1 329
image 1 crop y1 335
image 1 crop x2 2344
image 1 crop y2 3222
image 2 crop x1 171
image 2 crop y1 648
image 2 crop x2 2188
image 2 crop y2 3361

</system-out><system-err>--------------------------------- Captured Err ---------------------------------

</system-err></testcase><testcase classname="tests.test_images" name="test_0001_png" time="21.678"><system-out>--------------------------------- Captured Log ---------------------------------

--------------------------------- Captured Out ---------------------------------
/home/runner/work/diptych/diptych/tests/0001.png
1620821407752535493 : Checking separation double page angle 90.55756528497216
1620821407752660198 : Checking separation double page y=0 2484
1620821408904011365 : Checking page rotation 1 0.65
1620821410410163874 : Checking page rotation 2 0.2
1620821413566550564 : Checking image 1 crop x1 329
1620821413566660969 : Checking image 1 crop y1 335
1620821413566700471 : Checking image 1 crop x2 2344
1620821413566734772 : Checking image 1 crop y2 3222
1620821416287966406 : Checking image 2 crop x1 171
1620821416288077111 : Checking image 2 crop y1 648
1620821416288118113 : Checking image 2 crop x2 2188
1620821416288152715 : Checking image 2 crop y2 3361
1620821416288357124 : Checking image 1 dpi 300
1620821416288431428 : Checking image 1 border top 326
1620821416288467729 : Checking image 1 border bottom 274
1620821416288499731 : Checking image 1 border left 222
1620821416288530932 : Checking image 1 border right 222
1620821416291302660 : Checking image 2 dpi 300
1620821416291377063 : Checking image 2 border top 643
1620821416291411265 : Checking image 2 border bottom 131
1620821416291442066 : Checking image 2 border left 221
1620821416291472768 : Checking image 2 border right 221

</system-out><system-err>--------------------------------- Captured Err ---------------------------------

</system-err></testcase><testcase classname="tests.test_features" name="test_mock_stop_at_5" time="24.516"><system-out>--------------------------------- Captured Log ---------------------------------

--------------------------------- Captured Out ---------------------------------
/home/runner/work/diptych/diptych/tests/0001_5.png
separation double page angle 90.55756528497216
separation double page y=0 2484
page rotation 1 0.65
page rotation 2 0.2
image 1 crop x1 329
image 1 crop y1 335
image 1 crop x2 2344
image 1 crop y2 3222
image 2 crop x1 171
image 2 crop y1 648
image 2 crop x2 2188
image 2 crop y2 3361
image 1 dpi 300
image 1 border top 326
image 1 border bottom 274
image 1 border left 222
image 1 border right 222
image 2 dpi 300
image 2 border top 643
image 2 border bottom 131
image 2 border left 221
image 2 border right 221

</system-out><system-err>--------------------------------- Captured Err ---------------------------------

</system-err></testcase><testcase classname="tests.test_images" name="test_black_border_not_removed_png" time="23.570"><system-out>--------------------------------- Captured Log ---------------------------------

--------------------------------- Captured Out ---------------------------------
/home/runner/work/diptych/diptych/tests/black-border-not-removed.png
1620821428856897187 : Checking separation double page angle 90.01516396500199
1620821428857011289 : Checking separation double page y=0 2455
1620821429956042849 : Checking page rotation 1 0.0
1620821431566321077 : Checking page rotation 2 0.1
1620821434557407671 : Checking image 1 crop x1 297
1620821434557524370 : Checking image 1 crop y1 143
1620821434557566770 : Checking image 1 crop x2 2309
1620821434557604970 : Checking image 1 crop y2 3346
1620821439866750797 : Checking image 2 crop x1 154
1620821439866867296 : Checking image 2 crop y1 144
1620821439866909696 : Checking image 2 crop x2 2168
1620821439866947796 : Checking image 2 crop y2 3351
1620821439867131395 : Checking image 1 dpi 300
1620821439867211695 : Checking image 1 border top 131
1620821439867249395 : Checking image 1 border bottom 153
1620821439867283294 : Checking image 1 border left 224
1620821439867316594 : Checking image 1 border right 224
1620821439870536481 : Checking image 2 dpi 300
1620821439870633981 : Checking image 2 border top 133
1620821439870672181 : Checking image 2 border bottom 147
1620821439870706281 : Checking image 2 border left 223
1620821439870739680 : Checking image 2 border right 223

</system-out><system-err>--------------------------------- Captured Err ---------------------------------

</system-err></testcase><testcase classname="tests.test_images" name="test_2_pages_2_contours_png" time="16.384"><system-out>--------------------------------- Captured Log ---------------------------------

--------------------------------- Captured Out ---------------------------------
/home/runner/work/diptych/diptych/tests/2-pages-2-contours.png
1620821451092380597 : Checking separation double page angle 90.14230271514262
1620821451092499097 : Checking separation double page y=0 2488
1620821451740222512 : Checking page rotation 1 0.0
1620821452785676461 : Checking page rotation 2 0.2
1620821453677463563 : Checking image 1 crop x1 1189
1620821453677560363 : Checking image 1 crop y1 1751
1620821453677596564 : Checking image 1 crop x2 1190
1620821453677627864 : Checking image 1 crop y2 1752
1620821456119324908 : Checking image 2 crop x1 100
1620821456119436309 : Checking image 2 crop y1 240
1620821456119477409 : Checking image 2 crop x2 2148
1620821456119513709 : Checking image 2 crop y2 3240
1620821456119729711 : Checking image 1 dpi 300
1620821456119803511 : Checking image 1 border top 1752
1620821456119838012 : Checking image 1 border bottom 1753
1620821456119869512 : Checking image 1 border left 1239
1620821456119901212 : Checking image 1 border right 1239
1620821456121591824 : Checking image 2 dpi 300
1620821456121652424 : Checking image 2 border top 230
1620821456121685725 : Checking image 2 border bottom 256
1620821456121716625 : Checking image 2 border left 206
1620821456121747225 : Checking image 2 border right 206

</system-out><system-err>--------------------------------- Captured Err ---------------------------------

</system-err></testcase><testcase classname="tests.test_images" name="test_image_failed_to_rotate_png" time="28.670"><system-out>--------------------------------- Captured Log ---------------------------------

--------------------------------- Captured Out ---------------------------------
/home/runner/work/diptych/diptych/tests/image_failed_to_rotate.png
1620821455798880458 : Checking separation double page angle 90.35651650869968
1620821455799002559 : Checking separation double page y=0 2483
1620821457781751581 : Checking page rotation 1 0.45
1620821459137200598 : Checking page rotation 2 0.2
1620821464639585707 : Checking image 1 crop x1 31
1620821464639714608 : Checking image 1 crop y1 1
1620821464639756608 : Checking image 1 crop x2 2481
1620821464639796908 : Checking image 1 crop y2 3504
1620821468434610705 : Checking image 2 crop x1 171
1620821468434724006 : Checking image 2 crop y1 231
1620821468434765506 : Checking image 2 crop x2 2259
1620821468434803806 : Checking image 2 crop y2 3358
1620821468434982207 : Checking image 1 dpi 300
1620821468435063208 : Checking image 1 border top 2
1620821468435102608 : Checking image 1 border bottom 2
1620821468435136708 : Checking image 1 border left 15
1620821468435170308 : Checking image 1 border right 15
1620821468437648524 : Checking image 2 dpi 300
1620821468437721225 : Checking image 2 border top 217
1620821468437757225 : Checking image 2 border bottom 143
1620821468437790625 : Checking image 2 border left 186
1620821468437823625 : Checking image 2 border right 186

</system-out><system-err>--------------------------------- Captured Err ---------------------------------

</system-err></testcase><testcase classname="tests.test_images" name="test_wrong_split_line_png" time="19.957"><system-out>--------------------------------- Captured Log ---------------------------------

--------------------------------- Captured Out ---------------------------------
/home/runner/work/diptych/diptych/tests/wrong_split_line.png
1620821470130404762 : Checking separation double page angle 89.95895720607972
1620821470130515862 : Checking separation double page y=0 2466
1620821471213545114 : Checking page rotation 1 -0.04999999999999689
1620821472286050093 : Checking page rotation 2 0.45
1620821473769534337 : Checking image 1 crop x1 211
1620821473769651738 : Checking image 1 crop y1 156
1620821473769696638 : Checking image 1 crop x2 2323
1620821473769735638 : Checking image 1 crop y2 3363
1620821476073441202 : Checking image 2 crop x1 123
1620821476073556703 : Checking image 2 crop y1 164
1620821476073602003 : Checking image 2 crop x2 2237
1620821476073643403 : Checking image 2 crop y2 3375
1620821476073823605 : Checking image 1 dpi 300
1620821476073897905 : Checking image 1 border top 135
1620821476073937405 : Checking image 1 border bottom 145
1620821476073972706 : Checking image 1 border left 174
1620821476074008206 : Checking image 1 border right 174
1620821476076509823 : Checking image 2 dpi 300
1620821476076580424 : Checking image 2 border top 141
1620821476076619724 : Checking image 2 border bottom 135
1620821476076654024 : Checking image 2 border left 173
1620821476076688025 : Checking image 2 border right 173

</system-out><system-err>--------------------------------- Captured Err ---------------------------------

</system-err></testcase><testcase classname="tests.test_images" name="test_image_failed_to_crop_data_png" time="40.716"><system-out>--------------------------------- Captured Log ---------------------------------

--------------------------------- Captured Out ---------------------------------
/home/runner/work/diptych/diptych/tests/image_failed_to_crop_data.png
1620821488511388681 : Checking separation double page angle 90.09350257645173
1620821488511499482 : Checking separation double page y=0 2479
1620821493296961410 : Checking page rotation 1 0.15000000000000002
1620821494532408508 : Checking page rotation 2 0.05
1620821505889735541 : Checking image 1 crop x1 46
1620821505889873242 : Checking image 1 crop y1 1
1620821505889917742 : Checking image 1 crop x2 2477
1620821505889956343 : Checking image 1 crop y2 3505
1620821509193072976 : Checking image 2 crop x1 164
1620821509193188277 : Checking image 2 crop y1 217
1620821509193231078 : Checking image 2 crop x2 2245
1620821509193270078 : Checking image 2 crop y2 3350
1620821509193462579 : Checking image 1 dpi 300
1620821509193544280 : Checking image 1 border top 2
1620821509193585680 : Checking image 1 border bottom 2
1620821509193620081 : Checking image 1 border left 25
1620821509193653981 : Checking image 1 border right 25
1620821509196318802 : Checking image 2 dpi 300
1620821509196400903 : Checking image 2 border top 206
1620821509196438403 : Checking image 2 border bottom 148
1620821509196472103 : Checking image 2 border left 189
1620821509196505303 : Checking image 2 border right 189

</system-out><system-err>--------------------------------- Captured Err ---------------------------------

</system-err></testcase><testcase classname="tests.test_images" name="test_crop_too_much_png" time="27.024"><system-out>--------------------------------- Captured Log ---------------------------------

--------------------------------- Captured Out ---------------------------------
/home/runner/work/diptych/diptych/tests/crop_too_much.png
1620821491328399772 : Checking separation double page angle 90.16929865985193
1620821491328508373 : Checking separation double page y=0 2456
1620821493017036398 : Checking page rotation 1 -0.04999999999999689
1620821494788218164 : Checking page rotation 2 0.2
1620821498487887613 : Checking image 1 crop x1 302
1620821498488006414 : Checking image 1 crop y1 148
1620821498488048614 : Checking image 1 crop x2 2314
1620821498488084214 : Checking image 1 crop y2 3351
1620821503070655337 : Checking image 2 crop x1 163
1620821503070771938 : Checking image 2 crop y1 151
1620821503070815838 : Checking image 2 crop x2 2187
1620821503070855638 : Checking image 2 crop y2 3363
1620821503071024840 : Checking image 1 dpi 300
1620821503071099940 : Checking image 1 border top 133
1620821503071137841 : Checking image 1 border bottom 151
1620821503071172741 : Checking image 1 border left 224
1620821503071207341 : Checking image 1 border right 224
1620821503073612660 : Checking image 2 dpi 300
1620821503073682261 : Checking image 2 border top 132
1620821503073718561 : Checking image 2 border bottom 143
1620821503073752361 : Checking image 2 border left 218
1620821503073785562 : Checking image 2 border right 218

</system-out><system-err>--------------------------------- Captured Err ---------------------------------

</system-err></testcase><testcase classname="tests.test_images" name="test_crop_too_few_png" time="20.028"><system-out>--------------------------------- Captured Log ---------------------------------

--------------------------------- Captured Out ---------------------------------
/home/runner/work/diptych/diptych/tests/crop_too_few.png
1620821517215745560 : Checking separation double page angle 89.49492328400886
1620821517215853861 : Checking separation double page y=0 2510
1620821518229079177 : Checking page rotation 1 -0.6499999999999977
1620821519336926712 : Checking page rotation 2 0.0
1620821521485731552 : Checking image 1 crop x1 263
1620821521485847153 : Checking image 1 crop y1 150
1620821521485889254 : Checking image 1 crop x2 2377
1620821521485924054 : Checking image 1 crop y2 3357
1620821523124153885 : Checking image 2 crop x1 139
1620821523124292086 : Checking image 2 crop y1 141
1620821523124335387 : Checking image 2 crop x2 2261
1620821523124372987 : Checking image 2 crop y2 3345
1620821523124552589 : Checking image 1 dpi 300
1620821523124624489 : Checking image 1 border top 129
1620821523124661590 : Checking image 1 border bottom 150
1620821523124694090 : Checking image 1 border left 173
1620821523124726290 : Checking image 1 border right 173
1620821523127205814 : Checking image 2 dpi 300
1620821523127271914 : Checking image 2 border top 130
1620821523127305115 : Checking image 2 border bottom 153
1620821523127336015 : Checking image 2 border left 169
1620821523127367115 : Checking image 2 border right 169

</system-out><system-err>--------------------------------- Captured Err ---------------------------------

</system-err></testcase><testcase classname="tests.test_images" name="test_wrong_angle_split_line_png" time="25.999"><system-out>--------------------------------- Captured Log ---------------------------------

--------------------------------- Captured Out ---------------------------------
/home/runner/work/diptych/diptych/tests/wrong_angle_split_line.png
1620821520545317094 : Checking separation double page angle 90.08791528895468
1620821520545424295 : Checking separation double page y=0 2478
1620821521821654716 : Checking page rotation 1 0.1
1620821523091248275 : Checking page rotation 2 0.1
1620821529541243829 : Checking image 1 crop x1 58
1620821529541360230 : Checking image 1 crop y1 6
1620821529541401530 : Checking image 1 crop x2 2476
1620821529541437030 : Checking image 1 crop y2 3501
1620821534493790377 : Checking image 2 crop x1 166
1620821534493902277 : Checking image 2 crop y1 218
1620821534493941478 : Checking image 2 crop x2 2244
1620821534493976878 : Checking image 2 crop y2 3349
1620821534494163779 : Checking image 1 dpi 300
1620821534494246080 : Checking image 1 border top 6
1620821534494283680 : Checking image 1 border bottom 6
1620821534494314980 : Checking image 1 border left 31
1620821534494346180 : Checking image 1 border right 31
1620821534502153333 : Checking image 2 dpi 300
1620821534502270633 : Checking image 2 border top 209
1620821534502307334 : Checking image 2 border bottom 147
1620821534502339334 : Checking image 2 border left 191
1620821534502370734 : Checking image 2 border right 191

</system-out><system-err>--------------------------------- Captured Err ---------------------------------

</system-err></testcase><testcase classname="tests.test_images" name="test_crop_too_much_2_png" time="27.468"><system-out>--------------------------------- Captured Log ---------------------------------

--------------------------------- Captured Out ---------------------------------
/home/runner/work/diptych/diptych/tests/crop_too_much_2.png
1620821540418365621 : Checking separation double page angle 90.15285326123045
1620821540418504322 : Checking separation double page y=0 2477
1620821541874359766 : Checking page rotation 1 0.15000000000000002
1620821543571528767 : Checking page rotation 2 0.2
1620821546590037977 : Checking image 1 crop x1 330
1620821546590158378 : Checking image 1 crop y1 132
1620821546590202178 : Checking image 1 crop x2 2342
1620821546590239479 : Checking image 1 crop y2 3335
1620821550572111862 : Checking image 2 crop x1 165
1620821550572234363 : Checking image 2 crop y1 139
1620821550572294864 : Checking image 2 crop x2 2178
1620821550572331864 : Checking image 2 crop y2 3345
1620821550572500065 : Checking image 1 dpi 300
1620821550572573966 : Checking image 1 border top 121
1620821550572613166 : Checking image 1 border bottom 163
1620821550572647966 : Checking image 1 border left 224
1620821550572681966 : Checking image 1 border right 224
1620821550575161284 : Checking image 2 dpi 300
1620821550575225185 : Checking image 2 border top 129
1620821550575260685 : Checking image 2 border bottom 152
1620821550575294085 : Checking image 2 border left 223
1620821550575327586 : Checking image 2 border right 223

</system-out><system-err>--------------------------------- Captured Err ---------------------------------

</system-err></testcase><testcase classname="tests.test_images" name="test_angle_page_lower_split_line_png" time="27.377"><system-out>--------------------------------- Captured Log ---------------------------------

--------------------------------- Captured Out ---------------------------------
/home/runner/work/diptych/diptych/tests/angle_page_lower_split_line.png
1620821553963945960 : Checking separation double page angle 89.74412725181848
1620821553964161362 : Checking separation double page y=0 2472
1620821555732916689 : Checking page rotation 1 -0.14999999999999067
1620821557167889196 : Checking page rotation 2 0.1
1620821558885522773 : Checking image 1 crop x1 241
1620821558885640174 : Checking image 1 crop y1 156
1620821558885683074 : Checking image 1 crop x2 2357
1620821558885721575 : Checking image 1 crop y2 3368
1620821562648608612 : Checking image 2 crop x1 151
1620821562648722813 : Checking image 2 crop y1 146
1620821562648765514 : Checking image 2 crop x2 2261
1620821562648804714 : Checking image 2 crop y2 3351
1620821562648983315 : Checking image 1 dpi 300
1620821562649064716 : Checking image 1 border top 140
1620821562649102916 : Checking image 1 border bottom 135
1620821562649137616 : Checking image 1 border left 172
1620821562649171317 : Checking image 1 border right 172
1620821562651741335 : Checking image 2 dpi 300
1620821562651808336 : Checking image 2 border top 131
1620821562651844536 : Checking image 2 border bottom 151
1620821562651878036 : Checking image 2 border left 175
1620821562651910936 : Checking image 2 border right 175

</system-out><system-err>--------------------------------- Captured Err ---------------------------------

</system-err></testcase><testcase classname="tests.test_images" name="test_wrong_split_line_2_png" time="35.211"><system-out>--------------------------------- Captured Log ---------------------------------

--------------------------------- Captured Out ---------------------------------
/home/runner/work/diptych/diptych/tests/wrong_split_line_2.png
1620821569291090285 : Checking separation double page angle 90.23635161124103
1620821569291200886 : Checking separation double page y=0 2437
1620821571181722412 : Checking page rotation 1 0.2
1620821572714682884 : Checking page rotation 2 0.2
1620821578176559824 : Checking image 1 crop x1 294
1620821578176675725 : Checking image 1 crop y1 136
1620821578176718225 : Checking image 1 crop x2 2325
1620821578176757625 : Checking image 1 crop y2 3376
1620821585792211198 : Checking image 2 crop x1 138
1620821585792332699 : Checking image 2 crop y1 190
1620821585792378099 : Checking image 2 crop x2 2174
1620821585792418399 : Checking image 2 crop y2 3389
1620821585792597901 : Checking image 1 dpi 300
1620821585792675701 : Checking image 1 border top 131
1620821585792713902 : Checking image 1 border bottom 116
1620821585792749202 : Checking image 1 border left 214
1620821585792784102 : Checking image 1 border right 214
1620821585796396228 : Checking image 2 dpi 300
1620821585796512728 : Checking image 2 border top 181
1620821585796552729 : Checking image 2 border bottom 107
1620821585796587229 : Checking image 2 border left 212
1620821585796621729 : Checking image 2 border right 212

</system-out><system-err>--------------------------------- Captured Err ---------------------------------

</system-err></testcase><testcase classname="tests.test_images" name="test_wrong_wave_split_line_png" time="33.847"><system-out>--------------------------------- Captured Log ---------------------------------

--------------------------------- Captured Out ---------------------------------
/home/runner/work/diptych/diptych/tests/wrong_wave_split_line.png
1620821580154702438 : Checking separation double page angle 90.42461655762611
1620821580154814939 : Checking separation double page y=0 2502
1620821582216744166 : Checking page rotation 1 -0.09999999999999377
1620821584267386994 : Checking page rotation 2 0.85
1620821590114098276 : Checking image 1 crop x1 384
1620821590114215877 : Checking image 1 crop y1 178
1620821590114257477 : Checking image 1 crop x2 2412
1620821590114293277 : Checking image 1 crop y2 3374
1620821596484625363 : Checking image 2 crop x1 7
1620821596484754064 : Checking image 2 crop y1 0
1620821596484793865 : Checking image 2 crop x2 2411
1620821596484833665 : Checking image 2 crop y2 3505
1620821596485003666 : Checking image 1 dpi 300
1620821596485080167 : Checking image 1 border top 173
1620821596485118267 : Checking image 1 border bottom 118
1620821596485152467 : Checking image 1 border left 216
1620821596485185667 : Checking image 1 border right 216
1620821596487868486 : Checking image 2 dpi 300
1620821596487929286 : Checking image 2 border top 1
1620821596487963787 : Checking image 2 border bottom 1
1620821596487996787 : Checking image 2 border left 38
1620821596488029087 : Checking image 2 border right 38

</system-out><system-err>--------------------------------- Captured Err ---------------------------------

</system-err></testcase><testcase classname="tests.test_images" name="test_small_wave_png" time="24.458"><system-out>--------------------------------- Captured Log ---------------------------------

--------------------------------- Captured Out ---------------------------------
/home/runner/work/diptych/diptych/tests/small_wave.png
1620821603344107860 : Checking separation double page angle 90.56494929955075
1620821603344237361 : Checking separation double page y=0 2495
1620821605033690468 : Checking page rotation 1 0.7
1620821606497839905 : Checking page rotation 2 0.65
1620821607991310435 : Checking image 1 crop x1 322
1620821607991434435 : Checking image 1 crop y1 199
1620821607991479536 : Checking image 1 crop x2 2351
1620821607991517036 : Checking image 1 crop y2 3394
1620821610250741657 : Checking image 2 crop x1 130
1620821610250859057 : Checking image 2 crop y1 222
1620821610250903958 : Checking image 2 crop x2 2163
1620821610250944658 : Checking image 2 crop y2 3420
1620821610251132759 : Checking image 1 dpi 300
1620821610251208460 : Checking image 1 border top 181
1620821610251246060 : Checking image 1 border bottom 111
1620821610251280660 : Checking image 1 border left 215
1620821610251315360 : Checking image 1 border right 215
1620821610254292780 : Checking image 2 dpi 300
1620821610254386581 : Checking image 2 border top 197
1620821610254422881 : Checking image 2 border bottom 92
1620821610254457081 : Checking image 2 border left 213
1620821610254491481 : Checking image 2 border right 213

</system-out><system-err>--------------------------------- Captured Err ---------------------------------

</system-err></testcase><testcase classname="tests.test_images" name="test_no_split_line_line_algo_png" time="22.139"><system-out>--------------------------------- Captured Log ---------------------------------

--------------------------------- Captured Out ---------------------------------
/home/runner/work/diptych/diptych/tests/no_split_line_line_algo.png
1620821609676990242 : Checking separation double page angle 89.47691469185418
1620821609677090443 : Checking separation double page y=0 2476
1620821610666147418 : Checking page rotation 1 -0.14999999999999067
1620821612229534813 : Checking page rotation 2 -0.14999999999999067
1620821614186735736 : Checking image 1 crop x1 205
1620821614186851937 : Checking image 1 crop y1 158
1620821614186890637 : Checking image 1 crop x2 2320
1620821614186925938 : Checking image 1 crop y2 3366
1620821618642760160 : Checking image 2 crop x1 185
1620821618642887961 : Checking image 2 crop y1 225
1620821618642930261 : Checking image 2 crop x2 2204
1620821618642967362 : Checking image 2 crop y2 3362
1620821618643158263 : Checking image 1 dpi 300
1620821618643236963 : Checking image 1 border top 144
1620821618643272964 : Checking image 1 border bottom 134
1620821618643305464 : Checking image 1 border left 172
1620821618643336764 : Checking image 1 border right 172
1620821618646169184 : Checking image 2 dpi 300
1620821618646234885 : Checking image 2 border top 223
1620821618646268485 : Checking image 2 border bottom 127
1620821618646299085 : Checking image 2 border left 220
1620821618646329686 : Checking image 2 border right 220

</system-out><system-err>--------------------------------- Captured Err ---------------------------------

</system-err></testcase><testcase classname="tests.test_images" name="test_wrong_split_line_3_png" time="26.372"><system-out>--------------------------------- Captured Log ---------------------------------

--------------------------------- Captured Out ---------------------------------
/home/runner/work/diptych/diptych/tests/wrong_split_line_3.png
1620821625674585013 : Checking separation double page angle 90.40515247895009
1620821625674693814 : Checking separation double page y=0 2495
1620821626996601197 : Checking page rotation 1 0.2
1620821628058114891 : Checking page rotation 2 0.85
1620821630115186555 : Checking image 1 crop x1 331
1620821630115297056 : Checking image 1 crop y1 166
1620821630115335356 : Checking image 1 crop x2 2377
1620821630115372356 : Checking image 1 crop y2 3375
1620821636653570116 : Checking image 2 crop x1 103
1620821636653672716 : Checking image 2 crop y1 207
1620821636653713517 : Checking image 2 crop x2 2136
1620821636653749817 : Checking image 2 crop y2 3414
1620821636653941018 : Checking image 1 dpi 300
1620821636654016819 : Checking image 1 border top 158
1620821636654056319 : Checking image 1 border bottom 120
1620821636654090919 : Checking image 1 border left 207
1620821636654125420 : Checking image 1 border right 207
1620821636657012840 : Checking image 2 dpi 300
1620821636657087440 : Checking image 2 border top 199
1620821636657124040 : Checking image 2 border bottom 81
1620821636657157541 : Checking image 2 border left 213
1620821636657191441 : Checking image 2 border right 213

</system-out><system-err>--------------------------------- Captured Err ---------------------------------

</system-err></testcase><testcase classname="tests.test_images" name="test_failed_split_line_line_algo_png" time="17.004"><system-out>--------------------------------- Captured Log ---------------------------------

--------------------------------- Captured Out ---------------------------------
/home/runner/work/diptych/diptych/tests/failed_split_line_line_algo.png
1620821629793753287 : Checking separation double page angle 90.0093502548779
1620821629793861688 : Checking separation double page y=0 2574
1620821630590683453 : Checking page rotation 1 0.0
1620821631188697131 : Checking page rotation 2 0.0
1620821633823524180 : Checking image 1 crop x1 411
1620821633823644081 : Checking image 1 crop y1 2927
1620821633823686781 : Checking image 1 crop x2 2422
1620821633823723881 : Checking image 1 crop y2 3172
1620821635675186001 : Checking image 2 crop x1 1191
1620821635675289602 : Checking image 2 crop y1 1745
1620821635675329102 : Checking image 2 crop x2 1192
1620821635675364503 : Checking image 2 crop y2 1746
1620821635675502103 : Checking image 1 dpi 300
1620821635675588304 : Checking image 1 border top 2920
1620821635675625504 : Checking image 1 border bottom 322
1620821635675659205 : Checking image 1 border left 224
1620821635675692405 : Checking image 1 border right 224
1620821635678145422 : Checking image 2 dpi 300
1620821635678228822 : Checking image 2 border top 1752
1620821635678269923 : Checking image 2 border bottom 1753
1620821635678303823 : Checking image 2 border left 1239
1620821635678336623 : Checking image 2 border right 1239

</system-out><system-err>--------------------------------- Captured Err ---------------------------------

</system-err></testcase><testcase classname="tests.test_images" name="test_failed_split_line_line_algo_2_png" time="24.313"><system-out>--------------------------------- Captured Log ---------------------------------

--------------------------------- Captured Out ---------------------------------
/home/runner/work/diptych/diptych/tests/failed_split_line_line_algo_2.png
1620821651222794357 : Checking separation double page angle 90.03732329462368
1620821651222909158 : Checking separation double page y=0 2499
1620821652750085952 : Checking page rotation 1 -0.09999999999999377
1620821654103003862 : Checking page rotation 2 0.5499999999999999
1620821657156161800 : Checking image 1 crop x1 273
1620821657156296502 : Checking image 1 crop y1 147
1620821657156335902 : Checking image 1 crop x2 2386
1620821657156371202 : Checking image 1 crop y2 3352
1620821659950508958 : Checking image 2 crop x1 122
1620821659950620659 : Checking image 2 crop y1 155
1620821659950659259 : Checking image 2 crop x2 2246
1620821659950695460 : Checking image 2 crop y2 3350
1620821659950877461 : Checking image 1 dpi 300
1620821659950954662 : Checking image 1 border top 137
1620821659950991862 : Checking image 1 border bottom 145
1620821659951023962 : Checking image 1 border left 173
1620821659951054963 : Checking image 1 border right 173
1620821659954125987 : Checking image 2 dpi 300
1620821659954192487 : Checking image 2 border top 133
1620821659954225588 : Checking image 2 border bottom 159
1620821659954256688 : Checking image 2 border left 168
1620821659954289788 : Checking image 2 border right 168

</system-out><system-err>--------------------------------- Captured Err ---------------------------------

</system-err></testcase><testcase classname="tests.test_images" name="test_crop_too_much_3_png" time="22.548"><system-out>--------------------------------- Captured Log ---------------------------------

--------------------------------- Captured Out ---------------------------------
/home/runner/work/diptych/diptych/tests/crop_too_much_3.png
1620821650299880888 : Checking separation double page angle 89.5934556679346
1620821650299997890 : Checking separation double page y=0 2499
1620821651550025391 : Checking page rotation 1 -0.8999999999999949
1620821653298810366 : Checking page rotation 2 -0.04999999999999689
1620821656501932328 : Checking image 1 crop x1 374
1620821656502048329 : Checking image 1 crop y1 258
1620821656502089930 : Checking image 1 crop x2 2385
1620821656502123930 : Checking image 1 crop y2 3459
1620821659198918017 : Checking image 2 crop x1 164
1620821659199036018 : Checking image 2 crop y1 229
1620821659199077619 : Checking image 2 crop x2 2183
1620821659199115519 : Checking image 2 crop y2 3416
1620821659199295321 : Checking image 1 dpi 300
1620821659199368522 : Checking image 1 border top 239
1620821659199404823 : Checking image 1 border bottom 46
1620821659199437123 : Checking image 1 border left 224
1620821659199468824 : Checking image 1 border right 224
1620821659201454748 : Checking image 2 dpi 300
1620821659201522249 : Checking image 2 border top 210
1620821659201555250 : Checking image 2 border bottom 90
1620821659201586550 : Checking image 2 border left 220
1620821659201620650 : Checking image 2 border right 220

</system-out><system-err>--------------------------------- Captured Err ---------------------------------

</system-err></testcase><testcase classname="tests.test_images" name="test_wrong_wave_split_line_3_png" time="25.790"><system-out>--------------------------------- Captured Log ---------------------------------

--------------------------------- Captured Out ---------------------------------
/home/runner/work/diptych/diptych/tests/wrong_wave_split_line_3.png
1620821678404808030 : Checking separation double page angle 90.12715931778824
1620821678404917828 : Checking separation double page y=0 2514
1620821679864399696 : Checking page rotation 1 0.05
1620821681055489652 : Checking page rotation 2 0.2
1620821683093901865 : Checking image 1 crop x1 273
1620821683094010066 : Checking image 1 crop y1 220
1620821683094069466 : Checking image 1 crop x2 2383
1620821683094104567 : Checking image 1 crop y2 3423
1620821684999510313 : Checking image 2 crop x1 116
1620821684999626714 : Checking image 2 crop y1 225
1620821684999671115 : Checking image 2 crop x2 2242
1620821684999712115 : Checking image 2 crop y2 3415
1620821684999892216 : Checking image 1 dpi 300
1620821684999970717 : Checking image 1 border top 202
1620821685000010117 : Checking image 1 border bottom 82
1620821685000045317 : Checking image 1 border left 175
1620821685000080017 : Checking image 1 border right 175
1620821685002028632 : Checking image 2 dpi 300
1620821685002094832 : Checking image 2 border top 204
1620821685002130732 : Checking image 2 border bottom 93
1620821685002164233 : Checking image 2 border left 167
1620821685002197733 : Checking image 2 border right 167

</system-out><system-err>--------------------------------- Captured Err ---------------------------------

</system-err></testcase><testcase classname="tests.test_images" name="test_wrong_wave_split_line_2_png" time="26.837"><system-out>--------------------------------- Captured Log ---------------------------------

--------------------------------- Captured Out ---------------------------------
/home/runner/work/diptych/diptych/tests/wrong_wave_split_line_2.png
1620821679167733134 : Checking separation double page angle 90.7708958311329
1620821679167848234 : Checking separation double page y=0 2490
1620821680540174107 : Checking page rotation 1 0.2
1620821681934553940 : Checking page rotation 2 1.65
1620821683645714675 : Checking image 1 crop x1 227
1620821683645830776 : Checking image 1 crop y1 147
1620821683645872176 : Checking image 1 crop x2 2342
1620821683645911077 : Checking image 1 crop y2 3353
1620821686799929931 : Checking image 2 crop x1 106
1620821686800043232 : Checking image 2 crop y1 195
1620821686800085532 : Checking image 2 crop x2 2231
1620821686800123132 : Checking image 2 crop y2 3398
1620821686800326634 : Checking image 1 dpi 300
1620821686800407034 : Checking image 1 border top 136
1620821686800445934 : Checking image 1 border bottom 145
1620821686800479835 : Checking image 1 border left 172
1620821686800513635 : Checking image 1 border right 172
1620821686803118652 : Checking image 2 dpi 300
1620821686803197153 : Checking image 2 border top 165
1620821686803233553 : Checking image 2 border bottom 118
1620821686803267253 : Checking image 2 border left 167
1620821686803300454 : Checking image 2 border right 167

</system-out><system-err>--------------------------------- Captured Err ---------------------------------

</system-err></testcase><testcase classname="tests.test_images" name="test_no_split_line_wave_algo_png" time="33.618"><system-out>--------------------------------- Captured Log ---------------------------------

--------------------------------- Captured Out ---------------------------------
/home/runner/work/diptych/diptych/tests/no_split_line_wave_algo.png
1620821699416373672 : Checking separation double page angle 89.79018091440821
1620821699416484972 : Checking separation double page y=0 2483
1620821702453021318 : Checking page rotation 1 0.0
1620821703837887963 : Checking page rotation 2 -0.44999999999999746
1620821712857525079 : Checking image 1 crop x1 97
1620821712857622879 : Checking image 1 crop y1 74
1620821712857662480 : Checking image 1 crop x2 2489
1620821712857698880 : Checking image 1 crop y2 3505
1620821718573352444 : Checking image 2 crop x1 164
1620821718573465345 : Checking image 2 crop y1 267
1620821718573511845 : Checking image 2 crop x2 2239
1620821718573549445 : Checking image 2 crop y2 3380
1620821718573722347 : Checking image 1 dpi 300
1620821718573795947 : Checking image 1 border top 38
1620821718573834847 : Checking image 1 border bottom 38
1620821718573869248 : Checking image 1 border left 44
1620821718573903448 : Checking image 1 border right 44
1620821718575799961 : Checking image 2 dpi 300
1620821718575865061 : Checking image 2 border top 257
1620821718575904262 : Checking image 2 border bottom 117
1620821718575937362 : Checking image 2 border left 192
1620821718575970362 : Checking image 2 border right 192

</system-out><system-err>--------------------------------- Captured Err ---------------------------------

</system-err></testcase><testcase classname="tests.test_images" name="test_no_split_line_wave_algo_2_png" time="21.526"><system-out>--------------------------------- Captured Log ---------------------------------

--------------------------------- Captured Out ---------------------------------
/home/runner/work/diptych/diptych/tests/no_split_line_wave_algo_2.png
1620821701592147108 : Checking separation double page angle 90.43362571535843
1620821701592299909 : Checking separation double page y=0 2473
1620821702771041664 : Checking page rotation 1 1.05
1620821704076699474 : Checking page rotation 2 0.15000000000000002
1620821706373268772 : Checking image 1 crop x1 267
1620821706373385172 : Checking image 1 crop y1 210
1620821706373425873 : Checking image 1 crop x2 2343
1620821706373462173 : Checking image 1 crop y2 3412
1620821708342138458 : Checking image 2 crop x1 165
1620821708342253058 : Checking image 2 crop y1 241
1620821708342292559 : Checking image 2 crop x2 2250
1620821708342328559 : Checking image 2 crop y2 3433
1620821708342506560 : Checking image 1 dpi 300
1620821708342582761 : Checking image 1 border top 192
1620821708342618761 : Checking image 1 border bottom 93
1620821708342650561 : Checking image 1 border left 192
1620821708342681261 : Checking image 1 border right 192
1620821708345597781 : Checking image 2 dpi 300
1620821708345699182 : Checking image 2 border top 224
1620821708345734282 : Checking image 2 border bottom 71
1620821708345765782 : Checking image 2 border left 187
1620821708345797182 : Checking image 2 border right 187

</system-out><system-err>--------------------------------- Captured Err ---------------------------------

</system-err></testcase><testcase classname="tests.test_images" name="test_failed_detect_rectangle_png" time="20.881"><system-out>--------------------------------- Captured Log ---------------------------------

--------------------------------- Captured Out ---------------------------------
/home/runner/work/diptych/diptych/tests/failed_detect_rectangle.png
1620821723662095178 : Checking separation double page angle 90.242273842964
1620821723662211279 : Checking separation double page y=0 2475
1620821724969764307 : Checking page rotation 1 0.2
1620821726543240595 : Checking page rotation 2 0.2
1620821727842165648 : Checking image 1 crop x1 257
1620821727842285949 : Checking image 1 crop y1 201
1620821727842327749 : Checking image 1 crop x2 2333
1620821727842365049 : Checking image 1 crop y2 3402
1620821729217119413 : Checking image 2 crop x1 137
1620821729217232413 : Checking image 2 crop y1 215
1620821729217275814 : Checking image 2 crop x2 2220
1620821729217314014 : Checking image 2 crop y2 3406
1620821729217490615 : Checking image 1 dpi 300
1620821729217569516 : Checking image 1 border top 188
1620821729217607816 : Checking image 1 border bottom 98
1620821729217641616 : Checking image 1 border left 192
1620821729217675216 : Checking image 1 border right 192
1620821729220086733 : Checking image 2 dpi 300
1620821729220154433 : Checking image 2 border top 201
1620821729220214634 : Checking image 2 border bottom 95
1620821729220253634 : Checking image 2 border left 188
1620821729220286634 : Checking image 2 border right 188

</system-out><system-err>--------------------------------- Captured Err ---------------------------------

</system-err></testcase><testcase classname="tests.test_images" name="test_crop_too_few_2_png" time="21.120"><system-out>--------------------------------- Captured Log ---------------------------------

--------------------------------- Captured Out ---------------------------------
/home/runner/work/diptych/diptych/tests/crop_too_few_2.png
1620821732508272090 : Checking separation double page angle 90.35461351371423
1620821732508378790 : Checking separation double page y=0 2533
1620821733685951672 : Checking page rotation 1 1.0999999999999999
1620821734996708120 : Checking page rotation 2 0.0
1620821737818784917 : Checking image 1 crop x1 289
1620821737818898918 : Checking image 1 crop y1 165
1620821737818937218 : Checking image 1 crop x2 2400
1620821737818975319 : Checking image 1 crop y2 3367
1620821739747733481 : Checking image 2 crop x1 152
1620821739747829881 : Checking image 2 crop y1 190
1620821739747884582 : Checking image 2 crop x2 2273
1620821739747919082 : Checking image 2 crop y2 3385
1620821739748094783 : Checking image 1 dpi 300
1620821739748165484 : Checking image 1 border top 157
1620821739748221284 : Checking image 1 border bottom 128
1620821739748253984 : Checking image 1 border left 174
1620821739748287085 : Checking image 1 border right 174
1620821739750151398 : Checking image 2 dpi 300
1620821739750212698 : Checking image 2 border top 182
1620821739750245098 : Checking image 2 border bottom 110
1620821739750275398 : Checking image 2 border left 169
1620821739750305499 : Checking image 2 border right 169

</system-out><system-err>--------------------------------- Captured Err ---------------------------------

</system-err></testcase><testcase classname="tests.test_images" name="test_single_page_png" time="6.633"><system-out>--------------------------------- Captured Log ---------------------------------

--------------------------------- Captured Out ---------------------------------
/home/runner/work/diptych/diptych/tests/single_page.png
1620821732711416659 : Checking separation double page angle 89.93006318861008
1620821732711543859 : Checking separation double page y=0 2472
1620821733581460142 : Checking page rotation 1 0.0
1620821733727723563 : Checking page rotation 2 0.0
1620821735365082891 : Checking image 1 crop x1 1
1620821735365175192 : Checking image 1 crop y1 8
1620821735365215992 : Checking image 1 crop x2 2470
1620821735365249592 : Checking image 1 crop y2 3505
1620821735507656586 : Checking image 2 crop x1 0
1620821735507734587 : Checking image 2 crop y1 0
1620821735507765287 : Checking image 2 crop x2 0
1620821735507794087 : Checking image 2 crop y2 0
1620821735507860888 : Checking image 1 dpi 300
1620821735507927388 : Checking image 1 border top 5
1620821735507960989 : Checking image 1 border bottom 5
1620821735507991489 : Checking image 1 border left 6
1620821735508022389 : Checking image 1 border right 6
1620821735514413234 : Checking image 2 border top 0
1620821735514487934 : Checking image 2 border bottom 0
1620821735514518834 : Checking image 2 border left 0
1620821735514548435 : Checking image 2 border right 0

</system-out><system-err>--------------------------------- Captured Err ---------------------------------

</system-err></testcase><testcase classname="tests.test_images" name="test_wrong_split_line_4_png" time="13.232"><system-out>--------------------------------- Captured Log ---------------------------------

--------------------------------- Captured Out ---------------------------------
/home/runner/work/diptych/diptych/tests/wrong_split_line_4.png
1620821744984511697 : Checking separation double page angle 90.92587744884125
1620821744984624797 : Checking separation double page y=0 58
1620821745081945176 : Checking page rotation 1 0.5499999999999999
1620821746314746968 : Checking page rotation 2 1.0999999999999999
1620821747010153515 : Checking image 1 crop x1 0
1620821747010235915 : Checking image 1 crop y1 0
1620821747010266915 : Checking image 1 crop x2 0
1620821747010295616 : Checking image 1 crop y2 0
1620821749142483476 : Checking image 2 crop x1 290
1620821749142598277 : Checking image 2 crop y1 330
1620821749142636777 : Checking image 2 crop x2 2314
1620821749142670977 : Checking image 2 crop y2 3217
1620821749142835278 : Checking image 1 border top 0
1620821749142872679 : Checking image 1 border bottom 0
1620821749142905879 : Checking image 1 border left 0
1620821749142935979 : Checking image 1 border right 0
1620821749142986979 : Checking image 2 dpi 300
1620821749143055580 : Checking image 2 border top 322
1620821749143090180 : Checking image 2 border bottom 278
1620821749143121180 : Checking image 2 border left 218
1620821749143152181 : Checking image 2 border right 218

</system-out><system-err>--------------------------------- Captured Err ---------------------------------

</system-err></testcase><testcase classname="tests.test_images" name="test_no_split_line_wave_algo_3_png" time="11.475"><system-out>--------------------------------- Captured Log ---------------------------------

--------------------------------- Captured Out ---------------------------------
/home/runner/work/diptych/diptych/tests/no_split_line_wave_algo_3.png
1620821747740747906 : Checking separation double page angle 90.18184445198425
1620821747740874307 : Checking separation double page y=0 2405
1620821748653698969 : Checking page rotation 1 0.0
1620821748817721913 : Checking page rotation 2 0.0
1620821750745010225 : Checking image 1 crop x1 184
1620821750745103426 : Checking image 1 crop y1 2957
1620821750745145726 : Checking image 1 crop x2 2201
1620821750745180326 : Checking image 1 crop y2 3202
1620821751212296464 : Checking image 2 crop x1 0
1620821751212374565 : Checking image 2 crop y1 0
1620821751212408765 : Checking image 2 crop x2 0
1620821751212440465 : Checking image 2 crop y2 0
1620821751212512266 : Checking image 1 dpi 300
1620821751212582066 : Checking image 1 border top 2950
1620821751212619766 : Checking image 1 border bottom 292
1620821751212654267 : Checking image 1 border left 221
1620821751212688067 : Checking image 1 border right 221
1620821751218136207 : Checking image 2 border top 0
1620821751218207207 : Checking image 2 border bottom 0
1620821751218240208 : Checking image 2 border left 0
1620821751218272908 : Checking image 2 border right 0

</system-out><system-err>--------------------------------- Captured Err ---------------------------------

</system-err></testcase><testcase classname="tests.test_images" name="test_failed_split_line_line_algo_3_png" time="13.741"><system-out>--------------------------------- Captured Log ---------------------------------

--------------------------------- Captured Out ---------------------------------
/home/runner/work/diptych/diptych/tests/failed_split_line_line_algo_3.png
1620821757485841533 : Checking separation double page angle 90.02403976140027
1620821757485968034 : Checking separation double page y=0 39
1620821757556980542 : Checking page rotation 1 0.0
1620821758472034606 : Checking page rotation 2 0.0
1620821758773767305 : Checking image 1 crop x1 0
1620821758773846106 : Checking image 1 crop y1 0
1620821758773879606 : Checking image 1 crop x2 0
1620821758773911006 : Checking image 1 crop y2 0
1620821762902243718 : Checking image 2 crop x1 249
1620821762902343719 : Checking image 2 crop y1 154
1620821762902381519 : Checking image 2 crop x2 2264
1620821762902417220 : Checking image 2 crop y2 3361
1620821762902596721 : Checking image 1 border top 0
1620821762902638621 : Checking image 1 border bottom 0
1620821762902674521 : Checking image 1 border left 0
1620821762902707022 : Checking image 1 border right 0
1620821762902763022 : Checking image 2 dpi 300
1620821762902832222 : Checking image 2 border top 146
1620821762902869623 : Checking image 2 border bottom 134
1620821762902903823 : Checking image 2 border left 222
1620821762902936923 : Checking image 2 border right 222

</system-out><system-err>--------------------------------- Captured Err ---------------------------------

</system-err></testcase></testsuite></testsuites>