<?xml version="1.0" encoding="utf-8"?><testsuites><testsuite name="pytest" errors="0" failures="0" skipped="0" tests="18" time="380.369" timestamp="2020-11-25T11:34:35.328537" hostname="fv-az70-777"><testcase classname="tests.test_features" name="test_mock_stop_at_0" time="0.054"><system-out>--------------------------------- Captured Log ---------------------------------

--------------------------------- Captured Out ---------------------------------
/home/runner/work/ocr-book/ocr-book/tests/0001_0.png

</system-out><system-err>--------------------------------- Captured Err ---------------------------------

</system-err></testcase><testcase classname="tests.test_features" name="test_disabled_enable_debug" time="28.674"><system-out>--------------------------------- Captured Log ---------------------------------

--------------------------------- Captured Out ---------------------------------
/home/runner/work/ocr-book/ocr-book/tests/0001_debug.png
separation double page angle 90.53945493634917
separation double page y=0 2485
page rotation 1 0.75
page rotation 2 0.2
image 1 crop x1 330
image 1 crop y1 336
image 1 crop x2 2343
image 1 crop y2 3223
image 2 crop x1 169
image 2 crop y1 648
image 2 crop x2 2186
image 2 crop y2 3361
image 1 dpi 300
image 1 border top 340
image 1 border bottom 260
image 1 border left 223
image 1 border right 223
image 2 dpi 300
image 2 border top 646
image 2 border bottom 128
image 2 border left 221
image 2 border right 221

</system-out><system-err>--------------------------------- Captured Err ---------------------------------

</system-err></testcase><testcase classname="tests.test_features" name="test_mock_stop_at_2" time="37.684"><system-out>--------------------------------- Captured Log ---------------------------------

--------------------------------- Captured Out ---------------------------------
/home/runner/work/ocr-book/ocr-book/tests/0001_2.png
separation double page angle 90.53945493634917
separation double page y=0 2485
page rotation 1 0.75
page rotation 2 0.2

</system-out><system-err>--------------------------------- Captured Err ---------------------------------

</system-err></testcase><testcase classname="tests.test_features" name="test_mock_stop_at_1" time="21.813"><system-out>--------------------------------- Captured Log ---------------------------------

--------------------------------- Captured Out ---------------------------------
/home/runner/work/ocr-book/ocr-book/tests/0001_1.png
separation double page angle 90.53945493634917
separation double page y=0 2485

</system-out><system-err>--------------------------------- Captured Err ---------------------------------

</system-err></testcase><testcase classname="tests.test_features" name="test_mock_stop_at_3" time="39.885"><system-out>--------------------------------- Captured Log ---------------------------------

--------------------------------- Captured Out ---------------------------------
/home/runner/work/ocr-book/ocr-book/tests/0001_3.png
separation double page angle 90.53945493634917
separation double page y=0 2485
page rotation 1 0.75
page rotation 2 0.2
image 1 crop x1 330
image 1 crop y1 336
image 1 crop x2 2343
image 1 crop y2 3223
image 2 crop x1 169
image 2 crop y1 648
image 2 crop x2 2186
image 2 crop y2 3361

</system-out><system-err>--------------------------------- Captured Err ---------------------------------

</system-err></testcase><testcase classname="tests.test_features" name="test_mock_stop_at_5" time="40.573"><system-out>--------------------------------- Captured Log ---------------------------------

--------------------------------- Captured Out ---------------------------------
/home/runner/work/ocr-book/ocr-book/tests/0001_5.png
separation double page angle 90.53945493634917
separation double page y=0 2485
page rotation 1 0.75
page rotation 2 0.2
image 1 crop x1 330
image 1 crop y1 336
image 1 crop x2 2343
image 1 crop y2 3223
image 2 crop x1 169
image 2 crop y1 648
image 2 crop x2 2186
image 2 crop y2 3361
image 1 dpi 300
image 1 border top 340
image 1 border bottom 260
image 1 border left 223
image 1 border right 223
image 2 dpi 300
image 2 border top 646
image 2 border bottom 128
image 2 border left 221
image 2 border right 221

</system-out><system-err>--------------------------------- Captured Err ---------------------------------

</system-err></testcase><testcase classname="tests.test_features" name="test_mock_stop_at_4" time="40.695"><system-out>--------------------------------- Captured Log ---------------------------------

--------------------------------- Captured Out ---------------------------------
/home/runner/work/ocr-book/ocr-book/tests/0001_4.png
separation double page angle 90.53945493634917
separation double page y=0 2485
page rotation 1 0.75
page rotation 2 0.2
image 1 crop x1 330
image 1 crop y1 336
image 1 crop x2 2343
image 1 crop y2 3223
image 2 crop x1 169
image 2 crop y1 648
image 2 crop x2 2186
image 2 crop y2 3361
image 1 dpi 300
image 1 border top 340
image 1 border bottom 260
image 1 border left 223
image 1 border right 223
image 2 dpi 300
image 2 border top 646
image 2 border bottom 128
image 2 border left 221
image 2 border right 221

</system-out><system-err>--------------------------------- Captured Err ---------------------------------

</system-err></testcase><testcase classname="tests.test_images" name="test_0001_png" time="40.477"><system-out>--------------------------------- Captured Log ---------------------------------

--------------------------------- Captured Out ---------------------------------
/home/runner/work/ocr-book/ocr-book/tests/0001.png
1606304188648429031 : Checking separation double page angle 90.53945493634917
1606304188648518332 : Checking separation double page y=0 2485
1606304195108857518 : Checking page rotation 1 0.75
1606304203899427181 : Checking page rotation 2 0.2
1606304205787274275 : Checking image 1 crop x1 330
1606304205787357276 : Checking image 1 crop y1 336
1606304205787400677 : Checking image 1 crop x2 2343
1606304205787442078 : Checking image 1 crop y2 3223
1606304207887812323 : Checking image 2 crop x1 169
1606304207887898024 : Checking image 2 crop y1 648
1606304207887942825 : Checking image 2 crop x2 2186
1606304207887983825 : Checking image 2 crop y2 3361
1606304207925292404 : Checking image 1 dpi 300
1606304207925393005 : Checking image 1 border top 340
1606304207925431906 : Checking image 1 border bottom 260
1606304207925466906 : Checking image 1 border left 223
1606304207925501707 : Checking image 1 border right 223
1606304207927508933 : Checking image 2 dpi 300
1606304207927586234 : Checking image 2 border top 646
1606304207927622534 : Checking image 2 border bottom 128
1606304207927656634 : Checking image 2 border left 221
1606304207927691035 : Checking image 2 border right 221

</system-out><system-err>--------------------------------- Captured Err ---------------------------------

</system-err></testcase><testcase classname="tests.test_images" name="test_2_pages_2_contours_png" time="28.158"><system-out>--------------------------------- Captured Log ---------------------------------

--------------------------------- Captured Out ---------------------------------
/home/runner/work/ocr-book/ocr-book/tests/2-pages-2-contours.png
1606304210452109776 : Checking separation double page angle 90.15647898380502
1606304210452189177 : Checking separation double page y=0 2489
1606304212891766214 : Checking page rotation 1 0.05
1606304220114932740 : Checking page rotation 2 0.35000000000000003
1606304221030131679 : Checking image 1 crop x1 1190
1606304221030205580 : Checking image 1 crop y1 1733
1606304221030242880 : Checking image 1 crop x2 1191
1606304221030278481 : Checking image 1 crop y2 1734
1606304222876665261 : Checking image 2 crop x1 102
1606304222876751362 : Checking image 2 crop y1 240
1606304222876796462 : Checking image 2 crop x2 2149
1606304222876839463 : Checking image 2 crop y2 3239
1606304222913558270 : Checking image 1 dpi 300
1606304222913653771 : Checking image 1 border top 1752
1606304222913693472 : Checking image 1 border bottom 1753
1606304222913729372 : Checking image 1 border left 1239
1606304222913765372 : Checking image 1 border right 1239
1606304222915213388 : Checking image 2 dpi 300
1606304222915295989 : Checking image 2 border top 231
1606304222915333490 : Checking image 2 border bottom 257
1606304222915369390 : Checking image 2 border left 206
1606304222915405191 : Checking image 2 border right 206

</system-out><system-err>--------------------------------- Captured Err ---------------------------------

</system-err></testcase><testcase classname="tests.test_images" name="test_black_border_not_removed_png" time="51.751"><system-out>--------------------------------- Captured Log ---------------------------------

--------------------------------- Captured Out ---------------------------------
/home/runner/work/ocr-book/ocr-book/tests/black-border-not-removed.png
1606304237465383997 : Checking separation double page angle 89.9903688802698
1606304237465464798 : Checking separation double page y=0 2455
1606304244282705827 : Checking page rotation 1 0.0
1606304254844669858 : Checking page rotation 2 0.0
1606304257012951807 : Checking image 1 crop x1 297
1606304257013033007 : Checking image 1 crop y1 143
1606304257013076708 : Checking image 1 crop x2 2309
1606304257013117608 : Checking image 1 crop y2 3346
1606304259645988579 : Checking image 2 crop x1 156
1606304259646076180 : Checking image 2 crop y1 145
1606304259646119480 : Checking image 2 crop x2 2168
1606304259646160080 : Checking image 2 crop y2 3352
1606304259685739605 : Checking image 1 dpi 300
1606304259685844006 : Checking image 1 border top 130
1606304259685882406 : Checking image 1 border bottom 154
1606304259685918107 : Checking image 1 border left 224
1606304259685952407 : Checking image 1 border right 224
1606304259688081524 : Checking image 2 dpi 300
1606304259688167725 : Checking image 2 border top 139
1606304259688203825 : Checking image 2 border bottom 141
1606304259688275526 : Checking image 2 border left 224
1606304259688310726 : Checking image 2 border right 224

</system-out><system-err>--------------------------------- Captured Err ---------------------------------

</system-err></testcase><testcase classname="tests.test_images" name="test_image_failed_to_rotate_png" time="49.062"><system-out>--------------------------------- Captured Log ---------------------------------

--------------------------------- Captured Out ---------------------------------
/home/runner/work/ocr-book/ocr-book/tests/image_failed_to_rotate.png
1606304244133281256 : Checking separation double page angle 90.0773386736121
1606304244133358257 : Checking separation double page y=0 2477
1606304249682546428 : Checking page rotation 1 0.4
1606304257699023715 : Checking page rotation 2 0.45
1606304269572273537 : Checking image 1 crop x1 34
1606304269572358137 : Checking image 1 crop y1 1
1606304269572398938 : Checking image 1 crop x2 2475
1606304269572436638 : Checking image 1 crop y2 3500
1606304271805875943 : Checking image 2 crop x1 166
1606304271805957244 : Checking image 2 crop y1 234
1606304271806001844 : Checking image 2 crop x2 2245
1606304271806043645 : Checking image 2 crop y2 3355
1606304271852127094 : Checking image 1 dpi 300
1606304271852219194 : Checking image 1 border top 4
1606304271852282495 : Checking image 1 border bottom 4
1606304271852317995 : Checking image 1 border left 20
1606304271852353396 : Checking image 1 border right 20
1606304271854423911 : Checking image 2 dpi 300
1606304271854510212 : Checking image 2 border top 220
1606304271854547312 : Checking image 2 border bottom 146
1606304271854582612 : Checking image 2 border left 190
1606304271854618113 : Checking image 2 border right 190

</system-out><system-err>--------------------------------- Captured Err ---------------------------------

</system-err></testcase><testcase classname="tests.test_images" name="test_image_failed_to_crop_data_png" time="50.430"><system-out>--------------------------------- Captured Log ---------------------------------

--------------------------------- Captured Out ---------------------------------
/home/runner/work/ocr-book/ocr-book/tests/image_failed_to_crop_data.png
1606304283890274547 : Checking separation double page angle 90.11665174770214
1606304283890368148 : Checking separation double page y=0 2482
1606304290216273511 : Checking page rotation 1 0.2
1606304296356480929 : Checking page rotation 2 0.0
1606304308000641067 : Checking image 1 crop x1 58
1606304308000727968 : Checking image 1 crop y1 7
1606304308000767068 : Checking image 1 crop x2 2480
1606304308000803668 : Checking image 1 crop y2 3505
1606304310006640956 : Checking image 2 crop x1 162
1606304310006724356 : Checking image 2 crop y1 217
1606304310006768257 : Checking image 2 crop x2 2244
1606304310006809757 : Checking image 2 crop y2 3350
1606304310042607478 : Checking image 1 dpi 300
1606304310042704379 : Checking image 1 border top 5
1606304310042743479 : Checking image 1 border bottom 5
1606304310042777979 : Checking image 1 border left 29
1606304310042812679 : Checking image 1 border right 29
1606304310044930893 : Checking image 2 dpi 300
1606304310045021393 : Checking image 2 border top 225
1606304310045057893 : Checking image 2 border bottom 129
1606304310045091994 : Checking image 2 border left 189
1606304310045126794 : Checking image 2 border right 189

</system-out><system-err>--------------------------------- Captured Err ---------------------------------

</system-err></testcase><testcase classname="tests.test_images" name="test_wrong_angle_split_line_png" time="61.349"><system-out>--------------------------------- Captured Log ---------------------------------

--------------------------------- Captured Out ---------------------------------
/home/runner/work/ocr-book/ocr-book/tests/wrong_angle_split_line.png
1606304300955819731 : Checking separation double page angle 90.08422009258813
1606304300955912932 : Checking separation double page y=0 2487
1606304309033954213 : Checking page rotation 1 0.0
1606304317466947306 : Checking page rotation 2 0.0
1606304329248900385 : Checking image 1 crop x1 53
1606304329248991585 : Checking image 1 crop y1 8
1606304329249032086 : Checking image 1 crop x2 2485
1606304329249070286 : Checking image 1 crop y2 3505
1606304332305189626 : Checking image 2 crop x1 154
1606304332305277626 : Checking image 2 crop y1 217
1606304332305322627 : Checking image 2 crop x2 2237
1606304332305365127 : Checking image 2 crop y2 3350
1606304332486376660 : Checking image 1 dpi 300
1606304332486478561 : Checking image 1 border top 5
1606304332486517761 : Checking image 1 border bottom 5
1606304332486553561 : Checking image 1 border left 24
1606304332486589561 : Checking image 1 border right 24
1606304332497924626 : Checking image 2 dpi 300
1606304332498036227 : Checking image 2 border top 213
1606304332498074127 : Checking image 2 border bottom 141
1606304332498110427 : Checking image 2 border left 188
1606304332498146227 : Checking image 2 border right 188

</system-out><system-err>--------------------------------- Captured Err ---------------------------------

</system-err></testcase><testcase classname="tests.test_images" name="test_angle_page_lower_split_line_png" time="34.750"><system-out>--------------------------------- Captured Log ---------------------------------

--------------------------------- Captured Out ---------------------------------
/home/runner/work/ocr-book/ocr-book/tests/angle_page_lower_split_line.png
1606304325307677899 : Checking separation double page angle 89.74710364870903
1606304325307761699 : Checking separation double page y=0 2471
1606304333367938185 : Checking page rotation 1 -0.44999999999998863
1606304340417340578 : Checking page rotation 2 0.2
1606304342870487499 : Checking image 1 crop x1 245
1606304342870572600 : Checking image 1 crop y1 161
1606304342870616100 : Checking image 1 crop x2 2351
1606304342870657300 : Checking image 1 crop y2 3364
1606304344825457687 : Checking image 2 crop x1 153
1606304344825544887 : Checking image 2 crop y1 147
1606304344825588587 : Checking image 2 crop x2 2260
1606304344825629888 : Checking image 2 crop y2 3350
1606304344866387612 : Checking image 1 dpi 300
1606304344866492713 : Checking image 1 border top 132
1606304344866531313 : Checking image 1 border bottom 152
1606304344866566513 : Checking image 1 border left 177
1606304344866601413 : Checking image 1 border right 177
1606304344868717325 : Checking image 2 dpi 300
1606304344868800425 : Checking image 2 border top 116
1606304344868837126 : Checking image 2 border bottom 168
1606304344868871426 : Checking image 2 border left 176
1606304344868906126 : Checking image 2 border right 176

</system-out><system-err>--------------------------------- Captured Err ---------------------------------

</system-err></testcase><testcase classname="tests.test_images" name="test_wrong_split_line_png" time="36.540"><system-out>--------------------------------- Captured Log ---------------------------------

--------------------------------- Captured Out ---------------------------------
/home/runner/work/ocr-book/ocr-book/tests/wrong_split_line.png
1606304354465868477 : Checking separation double page angle 89.81531182790899
1606304354465953077 : Checking separation double page y=0 2465
1606304360402561131 : Checking page rotation 1 -0.04999999999999716
1606304366716339543 : Checking page rotation 2 0.6000000000000001
1606304368295343581 : Checking image 1 crop x1 211
1606304368295425881 : Checking image 1 crop y1 156
1606304368295470581 : Checking image 1 crop x2 2323
1606304368295512782 : Checking image 1 crop y2 3363
1606304369829701776 : Checking image 2 crop x1 124
1606304369829787177 : Checking image 2 crop y1 167
1606304369829831177 : Checking image 2 crop x2 2236
1606304369829873078 : Checking image 2 crop y2 3373
1606304369868265682 : Checking image 1 dpi 300
1606304369868365583 : Checking image 1 border top 116
1606304369868405083 : Checking image 1 border bottom 164
1606304369868441283 : Checking image 1 border left 174
1606304369868476883 : Checking image 1 border right 174
1606304369870574500 : Checking image 2 dpi 300
1606304369870653801 : Checking image 2 border top 142
1606304369870690801 : Checking image 2 border bottom 139
1606304369870726701 : Checking image 2 border left 174
1606304369870762202 : Checking image 2 border right 174

</system-out><system-err>--------------------------------- Captured Err ---------------------------------

</system-err></testcase><testcase classname="tests.test_images" name="test_crop_too_much_png" time="56.629"><system-out>--------------------------------- Captured Log ---------------------------------

--------------------------------- Captured Out ---------------------------------
/home/runner/work/ocr-book/ocr-book/tests/crop_too_much.png
1606304371883945330 : Checking separation double page angle 90.14985593620918
1606304371884025033 : Checking separation double page y=0 2457
1606304384567298547 : Checking page rotation 1 0.0
1606304395442406521 : Checking page rotation 2 0.4
1606304398534913148 : Checking image 1 crop x1 303
1606304398534997750 : Checking image 1 crop y1 148
1606304398535040651 : Checking image 1 crop x2 2313
1606304398535081052 : Checking image 1 crop y2 3351
1606304401434880174 : Checking image 2 crop x1 166
1606304401434964076 : Checking image 2 crop y1 154
1606304401435008177 : Checking image 2 crop x2 2180
1606304401435049578 : Checking image 2 crop y2 3360
1606304401487089246 : Checking image 1 dpi 300
1606304401487195248 : Checking image 1 border top 131
1606304401487233749 : Checking image 1 border bottom 153
1606304401487269650 : Checking image 1 border left 225
1606304401487304251 : Checking image 1 border right 225
1606304401489410702 : Checking image 2 dpi 300
1606304401489495104 : Checking image 2 border top 138
1606304401489531205 : Checking image 2 border bottom 143
1606304401489565206 : Checking image 2 border left 223
1606304401489599507 : Checking image 2 border right 223

</system-out><system-err>--------------------------------- Captured Err ---------------------------------

</system-err></testcase><testcase classname="tests.test_images" name="test_crop_too_few_png" time="40.410"><system-out>--------------------------------- Captured Log ---------------------------------

--------------------------------- Captured Out ---------------------------------
/home/runner/work/ocr-book/ocr-book/tests/crop_too_few.png
1606304393938842204 : Checking separation double page angle 89.22405802376838
1606304393938931806 : Checking separation double page y=0 2508
1606304400175890399 : Checking page rotation 1 -0.75
1606304406953557141 : Checking page rotation 2 0.0
1606304408661683227 : Checking image 1 crop x1 265
1606304408661767229 : Checking image 1 crop y1 152
1606304408661812730 : Checking image 1 crop x2 2375
1606304408661854931 : Checking image 1 crop y2 3356
1606304410247596819 : Checking image 2 crop x1 141
1606304410247683021 : Checking image 2 crop y1 141
1606304410247727322 : Checking image 2 crop x2 2263
1606304410247776323 : Checking image 2 crop y2 3345
1606304410283522252 : Checking image 1 dpi 300
1606304410283627155 : Checking image 1 border top 116
1606304410283666656 : Checking image 1 border bottom 167
1606304410283703056 : Checking image 1 border left 175
1606304410283738857 : Checking image 1 border right 175
1606304410285584000 : Checking image 2 dpi 300
1606304410285676302 : Checking image 2 border top 140
1606304410285713903 : Checking image 2 border bottom 143
1606304410285749604 : Checking image 2 border left 169
1606304410285785205 : Checking image 2 border right 169

</system-out><system-err>--------------------------------- Captured Err ---------------------------------

</system-err></testcase><testcase classname="tests.test_images" name="test_crop_too_much_2_png" time="52.586"><system-out>--------------------------------- Captured Log ---------------------------------

--------------------------------- Captured Out ---------------------------------
/home/runner/work/ocr-book/ocr-book/tests/crop_too_much_2.png
1606304424447705245 : Checking separation double page angle 90.11877656502412
1606304424447787447 : Checking separation double page y=0 2476
1606304435268036582 : Checking page rotation 1 0.2
1606304447455945197 : Checking page rotation 2 0.2
1606304450592571024 : Checking image 1 crop x1 332
1606304450592655426 : Checking image 1 crop y1 131
1606304450592699026 : Checking image 1 crop x2 2342
1606304450592741727 : Checking image 1 crop y2 3336
1606304454002284245 : Checking image 2 crop x1 164
1606304454002366746 : Checking image 2 crop y1 139
1606304454002409647 : Checking image 2 crop x2 2177
1606304454002450348 : Checking image 2 crop y2 3345
1606304454060475124 : Checking image 1 dpi 300
1606304454060576026 : Checking image 1 border top 116
1606304454060613527 : Checking image 1 border bottom 166
1606304454060648328 : Checking image 1 border left 225
1606304454060682728 : Checking image 1 border right 225
1606304454062712366 : Checking image 2 dpi 300
1606304454062788667 : Checking image 2 border top 133
1606304454062824568 : Checking image 2 border bottom 148
1606304454062858669 : Checking image 2 border left 223
1606304454062893169 : Checking image 2 border right 223

</system-out><system-err>--------------------------------- Captured Err ---------------------------------

</system-err></testcase></testsuite></testsuites>