<?xml version="1.0" encoding="utf-8"?><testsuites><testsuite errors="0" failures="0" hostname="fv-az70-777" name="pytest" skipped="0" tests="25" time="531.470" timestamp="2020-11-29T20:10:19.967866"><testcase classname="tests.test_features" name="test_disabled_enable_debug" time="28.024"><system-out>--------------------------------- Captured Log ---------------------------------

--------------------------------- Captured Out ---------------------------------
/home/runner/work/ocr-book/ocr-book/tests/0001_debug.png
separation double page angle 90.5847895821894
separation double page y=0 2487
page rotation 1 0.75
page rotation 2 0.2
image 1 crop x1 330
image 1 crop y1 336
image 1 crop x2 2343
image 1 crop y2 3223
image 2 crop x1 169
image 2 crop y1 648
image 2 crop x2 2186
image 2 crop y2 3361
image 1 dpi 300
image 1 border top 340
image 1 border bottom 260
image 1 border left 223
image 1 border right 223
image 2 dpi 300
image 2 border top 646
image 2 border bottom 128
image 2 border left 221
image 2 border right 221

</system-out><system-err>--------------------------------- Captured Err ---------------------------------

</system-err></testcase><testcase classname="tests.test_features" name="test_mock_stop_at_0" time="0.043"><system-out>--------------------------------- Captured Log ---------------------------------

--------------------------------- Captured Out ---------------------------------
/home/runner/work/ocr-book/ocr-book/tests/0001_0.png

</system-out><system-err>--------------------------------- Captured Err ---------------------------------

</system-err></testcase><testcase classname="tests.test_features" name="test_mock_stop_at_2" time="36.676"><system-out>--------------------------------- Captured Log ---------------------------------

--------------------------------- Captured Out ---------------------------------
/home/runner/work/ocr-book/ocr-book/tests/0001_2.png
separation double page angle 90.5847895821894
separation double page y=0 2487
page rotation 1 0.75
page rotation 2 0.2

</system-out><system-err>--------------------------------- Captured Err ---------------------------------

</system-err></testcase><testcase classname="tests.test_features" name="test_mock_stop_at_1" time="23.021"><system-out>--------------------------------- Captured Log ---------------------------------

--------------------------------- Captured Out ---------------------------------
/home/runner/work/ocr-book/ocr-book/tests/0001_1.png
separation double page angle 90.5847895821894
separation double page y=0 2487

</system-out><system-err>--------------------------------- Captured Err ---------------------------------

</system-err></testcase><testcase classname="tests.test_features" name="test_mock_stop_at_4" time="37.789"><system-out>--------------------------------- Captured Log ---------------------------------

--------------------------------- Captured Out ---------------------------------
/home/runner/work/ocr-book/ocr-book/tests/0001_4.png
separation double page angle 90.5847895821894
separation double page y=0 2487
page rotation 1 0.75
page rotation 2 0.2
image 1 crop x1 330
image 1 crop y1 336
image 1 crop x2 2343
image 1 crop y2 3223
image 2 crop x1 169
image 2 crop y1 648
image 2 crop x2 2186
image 2 crop y2 3361
image 1 dpi 300
image 1 border top 340
image 1 border bottom 260
image 1 border left 223
image 1 border right 223
image 2 dpi 300
image 2 border top 646
image 2 border bottom 128
image 2 border left 221
image 2 border right 221

</system-out><system-err>--------------------------------- Captured Err ---------------------------------

</system-err></testcase><testcase classname="tests.test_features" name="test_mock_stop_at_3" time="38.218"><system-out>--------------------------------- Captured Log ---------------------------------

--------------------------------- Captured Out ---------------------------------
/home/runner/work/ocr-book/ocr-book/tests/0001_3.png
separation double page angle 90.5847895821894
separation double page y=0 2487
page rotation 1 0.75
page rotation 2 0.2
image 1 crop x1 330
image 1 crop y1 336
image 1 crop x2 2343
image 1 crop y2 3223
image 2 crop x1 169
image 2 crop y1 648
image 2 crop x2 2186
image 2 crop y2 3361

</system-out><system-err>--------------------------------- Captured Err ---------------------------------

</system-err></testcase><testcase classname="tests.test_features" name="test_mock_stop_at_5" time="39.247"><system-out>--------------------------------- Captured Log ---------------------------------

--------------------------------- Captured Out ---------------------------------
/home/runner/work/ocr-book/ocr-book/tests/0001_5.png
separation double page angle 90.5847895821894
separation double page y=0 2487
page rotation 1 0.75
page rotation 2 0.2
image 1 crop x1 330
image 1 crop y1 336
image 1 crop x2 2343
image 1 crop y2 3223
image 2 crop x1 169
image 2 crop y1 648
image 2 crop x2 2186
image 2 crop y2 3361
image 1 dpi 300
image 1 border top 340
image 1 border bottom 260
image 1 border left 223
image 1 border right 223
image 2 dpi 300
image 2 border top 646
image 2 border bottom 128
image 2 border left 221
image 2 border right 221

</system-out><system-err>--------------------------------- Captured Err ---------------------------------

</system-err></testcase><testcase classname="tests.test_images" name="test_black_border_not_removed_png" time="47.443"><system-out>--------------------------------- Captured Log ---------------------------------

--------------------------------- Captured Out ---------------------------------
/home/runner/work/ocr-book/ocr-book/tests/black-border-not-removed.png
1606680737223987968 : Checking separation double page angle 90.02912890873039
1606680737224058112 : Checking separation double page y=0 2456
1606680744267675136 : Checking page rotation 1 0.0
1606680753820255744 : Checking page rotation 2 0.0
1606680755518827264 : Checking image 1 crop x1 297
1606680755518910720 : Checking image 1 crop y1 143
1606680755518951424 : Checking image 1 crop x2 2309
1606680755518989568 : Checking image 1 crop y2 3346
1606680757605881856 : Checking image 2 crop x1 157
1606680757605964544 : Checking image 2 crop y1 145
1606680757606004224 : Checking image 2 crop x2 2169
1606680757606046720 : Checking image 2 crop y2 3352
1606680757637814016 : Checking image 1 dpi 300
1606680757637915392 : Checking image 1 border top 130
1606680757637954816 : Checking image 1 border bottom 154
1606680757637990144 : Checking image 1 border left 224
1606680757638024192 : Checking image 1 border right 224
1606680757640046848 : Checking image 2 dpi 300
1606680757640145152 : Checking image 2 border top 139
1606680757640178432 : Checking image 2 border bottom 141
1606680757640209664 : Checking image 2 border left 224
1606680757640240640 : Checking image 2 border right 224

</system-out><system-err>--------------------------------- Captured Err ---------------------------------

</system-err></testcase><testcase classname="tests.test_images" name="test_0001_png" time="38.642"><system-out>--------------------------------- Captured Log ---------------------------------

--------------------------------- Captured Out ---------------------------------
/home/runner/work/ocr-book/ocr-book/tests/0001.png
1606680757660250624 : Checking separation double page angle 90.5847895821894
1606680757660325120 : Checking separation double page y=0 2487
1606680762727869184 : Checking page rotation 1 0.75
1606680770254922752 : Checking page rotation 2 0.2
1606680771688946176 : Checking image 1 crop x1 330
1606680771689018368 : Checking image 1 crop y1 336
1606680771689049856 : Checking image 1 crop x2 2343
1606680771689078272 : Checking image 1 crop y2 3223
1606680773301548544 : Checking image 2 crop x1 169
1606680773301626368 : Checking image 2 crop y1 648
1606680773301661696 : Checking image 2 crop x2 2186
1606680773301694976 : Checking image 2 crop y2 3361
1606680773332123648 : Checking image 1 dpi 300
1606680773332218624 : Checking image 1 border top 340
1606680773332254720 : Checking image 1 border bottom 260
1606680773332287488 : Checking image 1 border left 223
1606680773332319488 : Checking image 1 border right 223
1606680773333907968 : Checking image 2 dpi 300
1606680773333973760 : Checking image 2 border top 646
1606680773333999360 : Checking image 2 border bottom 128
1606680773334023680 : Checking image 2 border left 221
1606680773334047488 : Checking image 2 border right 221

</system-out><system-err>--------------------------------- Captured Err ---------------------------------

</system-err></testcase><testcase classname="tests.test_images" name="test_image_failed_to_rotate_png" time="45.728"><system-out>--------------------------------- Captured Log ---------------------------------

--------------------------------- Captured Out ---------------------------------
/home/runner/work/ocr-book/ocr-book/tests/image_failed_to_rotate.png
1606680781161231616 : Checking separation double page angle 90.18772783206224
1606680781161316608 : Checking separation double page y=0 2482
1606680785494998784 : Checking page rotation 1 0.35000000000000003
1606680791957723392 : Checking page rotation 2 0.45
1606680801443200000 : Checking image 1 crop x1 34
1606680801443278592 : Checking image 1 crop y1 1
1606680801443310080 : Checking image 1 crop x2 2480
1606680801443340032 : Checking image 1 crop y2 3500
1606680803238926336 : Checking image 2 crop x1 168
1606680803238997248 : Checking image 2 crop y1 234
1606680803239026944 : Checking image 2 crop x2 2247
1606680803239055104 : Checking image 2 crop y2 3355
1606680803273804288 : Checking image 1 dpi 300
1606680803273902592 : Checking image 1 border top 4
1606680803273952256 : Checking image 1 border bottom 4
1606680803273986816 : Checking image 1 border left 17
1606680803274020864 : Checking image 1 border right 17
1606680803276142336 : Checking image 2 dpi 300
1606680803276222464 : Checking image 2 border top 220
1606680803276247808 : Checking image 2 border bottom 146
1606680803276271616 : Checking image 2 border left 190
1606680803276294656 : Checking image 2 border right 190

</system-out><system-err>--------------------------------- Captured Err ---------------------------------

</system-err></testcase><testcase classname="tests.test_images" name="test_2_pages_2_contours_png" time="23.035"><system-out>--------------------------------- Captured Log ---------------------------------

--------------------------------- Captured Out ---------------------------------
/home/runner/work/ocr-book/ocr-book/tests/2-pages-2-contours.png
1606680786732995584 : Checking separation double page angle 89.9226294011526
1606680786733069824 : Checking separation double page y=0 2492
1606680788721777152 : Checking page rotation 1 0.05
1606680794070722304 : Checking page rotation 2 0.35000000000000003
1606680794825843968 : Checking image 1 crop x1 1191
1606680794825909248 : Checking image 1 crop y1 1733
1606680794825933056 : Checking image 1 crop x2 1192
1606680794825955328 : Checking image 1 crop y2 1734
1606680796361085696 : Checking image 2 crop x1 89
1606680796361163008 : Checking image 2 crop y1 240
1606680796361195008 : Checking image 2 crop x2 2136
1606680796361225728 : Checking image 2 crop y2 3239
1606680796389761792 : Checking image 1 dpi 300
1606680796389848064 : Checking image 1 border top 1752
1606680796389874432 : Checking image 1 border bottom 1753
1606680796389897728 : Checking image 1 border left 1239
1606680796389920512 : Checking image 1 border right 1239
1606680796391070976 : Checking image 2 dpi 300
1606680796391175680 : Checking image 2 border top 231
1606680796391206400 : Checking image 2 border bottom 257
1606680796391232768 : Checking image 2 border left 206
1606680796391258880 : Checking image 2 border right 206

</system-out><system-err>--------------------------------- Captured Err ---------------------------------

</system-err></testcase><testcase classname="tests.test_images" name="test_wrong_angle_split_line_png" time="53.909"><system-out>--------------------------------- Captured Log ---------------------------------

--------------------------------- Captured Out ---------------------------------
/home/runner/work/ocr-book/ocr-book/tests/wrong_angle_split_line.png
1606680822437914624 : Checking separation double page angle 90.00846714570578
1606680822437988864 : Checking separation double page y=0 2478
1606680829052470784 : Checking page rotation 1 0.1
1606680836424212992 : Checking page rotation 2 0.2
1606680846986430976 : Checking image 1 crop x1 58
1606680846986501632 : Checking image 1 crop y1 6
1606680846986528768 : Checking image 1 crop x2 2476
1606680846986554112 : Checking image 1 crop y2 3501
1606680849490043904 : Checking image 2 crop x1 162
1606680849490115072 : Checking image 2 crop y1 219
1606680849490145024 : Checking image 2 crop x2 2238
1606680849490173696 : Checking image 2 crop y2 3348
1606680849631259136 : Checking image 1 dpi 300
1606680849631358720 : Checking image 1 border top 6
1606680849631390976 : Checking image 1 border bottom 6
1606680849631419904 : Checking image 1 border left 31
1606680849631448064 : Checking image 1 border right 31
1606680849637474560 : Checking image 2 dpi 300
1606680849637583872 : Checking image 2 border top 211
1606680849637620736 : Checking image 2 border bottom 147
1606680849637655552 : Checking image 2 border left 192
1606680849637690624 : Checking image 2 border right 192

</system-out><system-err>--------------------------------- Captured Err ---------------------------------

</system-err></testcase><testcase classname="tests.test_images" name="test_image_failed_to_crop_data_png" time="44.824"><system-out>--------------------------------- Captured Log ---------------------------------

--------------------------------- Captured Out ---------------------------------
/home/runner/work/ocr-book/ocr-book/tests/image_failed_to_crop_data.png
1606680826604076032 : Checking separation double page angle 89.89865840161842
1606680826604145920 : Checking separation double page y=0 2477
1606680831535739904 : Checking page rotation 1 -0.14999999999999147
1606680837101177344 : Checking page rotation 2 0.05
1606680846509482240 : Checking image 1 crop x1 43
1606680846509570048 : Checking image 1 crop y1 6
1606680846509608960 : Checking image 1 crop x2 2481
1606680846509645056 : Checking image 1 crop y2 3504
1606680848084528896 : Checking image 2 crop x1 160
1606680848084605952 : Checking image 2 crop y1 217
1606680848084641024 : Checking image 2 crop x2 2241
1606680848084673792 : Checking image 2 crop y2 3350
1606680848119959296 : Checking image 1 dpi 300
1606680848120068864 : Checking image 1 border top 5
1606680848120108288 : Checking image 1 border bottom 5
1606680848120143360 : Checking image 1 border left 21
1606680848120177408 : Checking image 1 border right 21
1606680848122290688 : Checking image 2 dpi 300
1606680848122375680 : Checking image 2 border top 224
1606680848122411520 : Checking image 2 border bottom 130
1606680848122445312 : Checking image 2 border left 189
1606680848122479104 : Checking image 2 border right 189

</system-out><system-err>--------------------------------- Captured Err ---------------------------------

</system-err></testcase><testcase classname="tests.test_images" name="test_wrong_split_line_png" time="32.616"><system-out>--------------------------------- Captured Log ---------------------------------

--------------------------------- Captured Out ---------------------------------
/home/runner/work/ocr-book/ocr-book/tests/wrong_split_line.png
1606680868079269888 : Checking separation double page angle 89.85811715007924
1606680868079339008 : Checking separation double page y=0 2463
1606680872991497728 : Checking page rotation 1 -0.14999999999999147
1606680878320496640 : Checking page rotation 2 0.65
1606680879613006592 : Checking image 1 crop x1 213
1606680879613085184 : Checking image 1 crop y1 157
1606680879613120000 : Checking image 1 crop x2 2323
1606680879613152512 : Checking image 1 crop y2 3362
1606680880774673408 : Checking image 2 crop x1 126
1606680880774762240 : Checking image 2 crop y1 167
1606680880774804224 : Checking image 2 crop x2 2237
1606680880774844416 : Checking image 2 crop y2 3372
1606680880803057408 : Checking image 1 dpi 300
1606680880803172096 : Checking image 1 border top 115
1606680880803201792 : Checking image 1 border bottom 167
1606680880803227136 : Checking image 1 border left 175
1606680880803251200 : Checking image 1 border right 175
1606680880805321984 : Checking image 2 dpi 300
1606680880805401344 : Checking image 2 border top 142
1606680880805430016 : Checking image 2 border bottom 140
1606680880805495040 : Checking image 2 border left 174
1606680880805528576 : Checking image 2 border right 174

</system-out><system-err>--------------------------------- Captured Err ---------------------------------

</system-err></testcase><testcase classname="tests.test_images" name="test_angle_page_lower_split_line_png" time="42.961"><system-out>--------------------------------- Captured Log ---------------------------------

--------------------------------- Captured Out ---------------------------------
/home/runner/work/ocr-book/ocr-book/tests/angle_page_lower_split_line.png
1606680876911421184 : Checking separation double page angle 89.73507328913124
1606680876911500288 : Checking separation double page y=0 2473
1606680883558939136 : Checking page rotation 1 -0.3999999999999915
1606680890166899712 : Checking page rotation 2 0.2
1606680891811013888 : Checking image 1 crop x1 244
1606680891811095040 : Checking image 1 crop y1 160
1606680891811161600 : Checking image 1 crop x2 2350
1606680891811194624 : Checking image 1 crop y2 3365
1606680893218915584 : Checking image 2 crop x1 151
1606680893219000576 : Checking image 2 crop y1 147
1606680893219040000 : Checking image 2 crop x2 2258
1606680893219077376 : Checking image 2 crop y2 3350
1606680893250286080 : Checking image 1 dpi 300
1606680893250391296 : Checking image 1 border top 130
1606680893250423552 : Checking image 1 border bottom 151
1606680893250452224 : Checking image 1 border left 177
1606680893250480896 : Checking image 1 border right 177
1606680893252556288 : Checking image 2 dpi 300
1606680893252636160 : Checking image 2 border top 116
1606680893252666368 : Checking image 2 border bottom 168
1606680893252694272 : Checking image 2 border left 176
1606680893252722688 : Checking image 2 border right 176

</system-out><system-err>--------------------------------- Captured Err ---------------------------------

</system-err></testcase><testcase classname="tests.test_images" name="test_crop_too_much_png" time="63.508"><system-out>--------------------------------- Captured Log ---------------------------------

--------------------------------- Captured Out ---------------------------------
/home/runner/work/ocr-book/ocr-book/tests/crop_too_much.png
1606680917964890624 : Checking separation double page angle 90.1368362370825
1606680917964967936 : Checking separation double page y=0 2453
1606680929016922624 : Checking page rotation 1 0.0
1606680939723031040 : Checking page rotation 2 0.45
1606680942091988992 : Checking image 1 crop x1 303
1606680942092068864 : Checking image 1 crop y1 148
1606680942092104192 : Checking image 1 crop x2 2313
1606680942092136704 : Checking image 1 crop y2 3351
1606680944262794496 : Checking image 2 crop x1 170
1606680944262880768 : Checking image 2 crop y1 155
1606680944262920192 : Checking image 2 crop x2 2181
1606680944262975232 : Checking image 2 crop y2 3359
1606680944307791872 : Checking image 1 dpi 300
1606680944307893248 : Checking image 1 border top 131
1606680944307924736 : Checking image 1 border bottom 153
1606680944307952896 : Checking image 1 border left 225
1606680944307980288 : Checking image 1 border right 225
1606680944309949696 : Checking image 2 dpi 300
1606680944310018048 : Checking image 2 border top 139
1606680944310043648 : Checking image 2 border bottom 144
1606680944310067200 : Checking image 2 border left 224
1606680944310090496 : Checking image 2 border right 224

</system-out><system-err>--------------------------------- Captured Err ---------------------------------

</system-err></testcase><testcase classname="tests.test_images" name="test_crop_too_few_png" time="37.498"><system-out>--------------------------------- Captured Log ---------------------------------

--------------------------------- Captured Out ---------------------------------
/home/runner/work/ocr-book/ocr-book/tests/crop_too_few.png
1606680916136686592 : Checking separation double page angle 89.39070489155964
1606680916136772352 : Checking separation double page y=0 2510
1606680921790169856 : Checking page rotation 1 -0.75
1606680928106754560 : Checking page rotation 2 0.0
1606680929456783616 : Checking image 1 crop x1 265
1606680929456878080 : Checking image 1 crop y1 152
1606680929456912896 : Checking image 1 crop x2 2375
1606680929456945408 : Checking image 1 crop y2 3356
1606680930731879168 : Checking image 2 crop x1 139
1606680930731948544 : Checking image 2 crop y1 141
1606680930731977984 : Checking image 2 crop x2 2261
1606680930732006144 : Checking image 2 crop y2 3345
1606680930758026240 : Checking image 1 dpi 300
1606680930758113280 : Checking image 1 border top 116
1606680930758145280 : Checking image 1 border bottom 167
1606680930758174464 : Checking image 1 border left 175
1606680930758202880 : Checking image 1 border right 175
1606680930760284416 : Checking image 2 dpi 300
1606680930760370432 : Checking image 2 border top 140
1606680930760404736 : Checking image 2 border bottom 143
1606680930760436992 : Checking image 2 border left 169
1606680930760468992 : Checking image 2 border right 169

</system-out><system-err>--------------------------------- Captured Err ---------------------------------

</system-err></testcase><testcase classname="tests.test_images" name="test_wrong_split_line_2_png" time="71.238"><system-out>--------------------------------- Captured Log ---------------------------------

--------------------------------- Captured Out ---------------------------------
/home/runner/work/ocr-book/ocr-book/tests/wrong_split_line_2.png
1606680975695530240 : Checking separation double page angle 90.39217497633973
1606680975695614208 : Checking separation double page y=0 2442
1606680985101917440 : Checking page rotation 1 0.2
1606680996293704704 : Checking page rotation 2 0.35000000000000003
1606680998948116224 : Checking image 1 crop x1 294
1606680998948201472 : Checking image 1 crop y1 136
1606680998948241152 : Checking image 1 crop x2 2325
1606680998948278784 : Checking image 1 crop y2 3376
1606681001933584128 : Checking image 2 crop x1 146
1606681001933693696 : Checking image 2 crop y1 193
1606681001933733632 : Checking image 2 crop x2 2175
1606681001933770752 : Checking image 2 crop y2 3387
1606681001974823936 : Checking image 1 dpi 300
1606681001974921728 : Checking image 1 border top 128
1606681001974949120 : Checking image 1 border bottom 119
1606681001974974464 : Checking image 1 border left 214
1606681001974998784 : Checking image 1 border right 214
1606681001977064960 : Checking image 2 dpi 300
1606681001977143552 : Checking image 2 border top 184
1606681001977169664 : Checking image 2 border bottom 109
1606681001977193728 : Checking image 2 border left 215
1606681001977217792 : Checking image 2 border right 215

</system-out><system-err>--------------------------------- Captured Err ---------------------------------

</system-err></testcase><testcase classname="tests.test_images" name="test_crop_too_much_2_png" time="65.292"><system-out>--------------------------------- Captured Log ---------------------------------

--------------------------------- Captured Out ---------------------------------
/home/runner/work/ocr-book/ocr-book/tests/crop_too_much_2.png
1606680981786840832 : Checking separation double page angle 90.2140878077005
1606680981786918144 : Checking separation double page y=0 2477
1606680992734918656 : Checking page rotation 1 0.2
1606681004367404288 : Checking page rotation 2 0.2
1606681006942102784 : Checking image 1 crop x1 332
1606681006942184192 : Checking image 1 crop y1 131
1606681006942219264 : Checking image 1 crop x2 2342
1606681006942252800 : Checking image 1 crop y2 3336
1606681009550267904 : Checking image 2 crop x1 169
1606681009550342400 : Checking image 2 crop y1 139
1606681009550372352 : Checking image 2 crop x2 2182
1606681009550400512 : Checking image 2 crop y2 3345
1606681009596663040 : Checking image 1 dpi 300
1606681009596765952 : Checking image 1 border top 116
1606681009596797952 : Checking image 1 border bottom 166
1606681009596826368 : Checking image 1 border left 225
1606681009596853760 : Checking image 1 border right 225
1606681009598872064 : Checking image 2 dpi 300
1606681009598951680 : Checking image 2 border top 133
1606681009598977792 : Checking image 2 border bottom 148
1606681009599001344 : Checking image 2 border left 223
1606681009599024896 : Checking image 2 border right 223

</system-out><system-err>--------------------------------- Captured Err ---------------------------------

</system-err></testcase><testcase classname="tests.test_images" name="test_small_wave_png" time="57.133"><system-out>--------------------------------- Captured Log ---------------------------------

--------------------------------- Captured Out ---------------------------------
/home/runner/work/ocr-book/ocr-book/tests/small_wave.png
1606681037532285184 : Checking separation double page angle 90.61699923686102
1606681037532358912 : Checking separation double page y=0 2495
1606681046958748416 : Checking page rotation 1 0.7000000000000001
1606681055780332544 : Checking page rotation 2 0.7000000000000001
1606681057485459200 : Checking image 1 crop x1 322
1606681057485531136 : Checking image 1 crop y1 199
1606681057485561088 : Checking image 1 crop x2 2351
1606681057485589504 : Checking image 1 crop y2 3394
1606681059077051904 : Checking image 2 crop x1 135
1606681059077133056 : Checking image 2 crop y1 223
1606681059077167616 : Checking image 2 crop x2 2164
1606681059077200640 : Checking image 2 crop y2 3419
1606681059113396480 : Checking image 1 dpi 300
1606681059113498112 : Checking image 1 border top 177
1606681059113530112 : Checking image 1 border bottom 115
1606681059113558528 : Checking image 1 border left 215
1606681059113586688 : Checking image 1 border right 215
1606681059115627008 : Checking image 2 dpi 300
1606681059115713024 : Checking image 2 border top 191
1606681059115747328 : Checking image 2 border bottom 100
1606681059115779840 : Checking image 2 border left 215
1606681059115812096 : Checking image 2 border right 215

</system-out><system-err>--------------------------------- Captured Err ---------------------------------

</system-err></testcase><testcase classname="tests.test_images" name="test_wrong_split_line_3_png" time="49.611"><system-out>--------------------------------- Captured Log ---------------------------------

--------------------------------- Captured Out ---------------------------------
/home/runner/work/ocr-book/ocr-book/tests/wrong_split_line_3.png
1606681040354008832 : Checking separation double page angle 90.4401067484302
1606681040354094336 : Checking separation double page y=0 2498
1606681049194200320 : Checking page rotation 1 0.30000000000000004
1606681056127656448 : Checking page rotation 2 0.9
1606681057810277376 : Checking image 1 crop x1 331
1606681057810345984 : Checking image 1 crop y1 165
1606681057810376448 : Checking image 1 crop x2 2375
1606681057810404608 : Checking image 1 crop y2 3376
1606681059200670720 : Checking image 2 crop x1 102
1606681059200742400 : Checking image 2 crop y1 208
1606681059200776192 : Checking image 2 crop x2 2133
1606681059200808448 : Checking image 2 crop y2 3413
1606681059233112832 : Checking image 1 dpi 300
1606681059233192192 : Checking image 1 border top 150
1606681059233219840 : Checking image 1 border bottom 126
1606681059233244160 : Checking image 1 border left 208
1606681059233267968 : Checking image 1 border right 208
1606681059235226368 : Checking image 2 dpi 300
1606681059235321600 : Checking image 2 border top 190
1606681059235350784 : Checking image 2 border bottom 92
1606681059235378176 : Checking image 2 border left 214
1606681059235405056 : Checking image 2 border right 214

</system-out><system-err>--------------------------------- Captured Err ---------------------------------

</system-err></testcase><testcase classname="tests.test_images" name="test_wrong_wave_split_line_png" time="59.790"><system-out>--------------------------------- Captured Log ---------------------------------

--------------------------------- Captured Out ---------------------------------
/home/runner/work/ocr-book/ocr-book/tests/wrong_wave_split_line.png
1606681095702732032 : Checking separation double page angle 90.53209588050643
1606681095702815232 : Checking separation double page y=0 2502
1606681104487800320 : Checking page rotation 1 -0.14999999999999147
1606681113870381312 : Checking page rotation 2 0.8500000000000001
1606681116606634496 : Checking image 1 crop x1 385
1606681116606706944 : Checking image 1 crop y1 179
1606681116606736896 : Checking image 1 crop x2 2411
1606681116606765056 : Checking image 1 crop y2 3374
1606681118859727616 : Checking image 2 crop x1 124
1606681118859806464 : Checking image 2 crop y1 58
1606681118859841280 : Checking image 2 crop x2 2410
1606681118859873536 : Checking image 2 crop y2 3392
1606681118905081856 : Checking image 1 dpi 300
1606681118905186048 : Checking image 1 border top 167
1606681118905219072 : Checking image 1 border bottom 124
1606681118905248512 : Checking image 1 border left 217
1606681118905276672 : Checking image 1 border right 217
1606681118907336448 : Checking image 2 dpi 300
1606681118907431936 : Checking image 2 border top 0
1606681118907465984 : Checking image 2 border bottom 163
1606681118907498752 : Checking image 2 border left 92
1606681118907531008 : Checking image 2 border right 92

</system-out><system-err>--------------------------------- Captured Err ---------------------------------

</system-err></testcase><testcase classname="tests.test_images" name="test_no_split_line_line_algo_png" time="40.320"><system-out>--------------------------------- Captured Log ---------------------------------

--------------------------------- Captured Out ---------------------------------
/home/runner/work/ocr-book/ocr-book/tests/no_split_line_line_algo.png
1606681084172388352 : Checking separation double page angle 89.46795930182432
1606681084172473856 : Checking separation double page y=0 2476
1606681089187645952 : Checking page rotation 1 -0.14999999999999147
1606681096399167744 : Checking page rotation 2 -0.44999999999998863
1606681097614819840 : Checking image 1 crop x1 205
1606681097614903296 : Checking image 1 crop y1 158
1606681097614943232 : Checking image 1 crop x2 2320
1606681097614980352 : Checking image 1 crop y2 3366
1606681099509398784 : Checking image 2 crop x1 185
1606681099509489664 : Checking image 2 crop y1 221
1606681099509531392 : Checking image 2 crop x2 2201
1606681099509571072 : Checking image 2 crop y2 3366
1606681099547768320 : Checking image 1 dpi 300
1606681099547868160 : Checking image 1 border top 137
1606681099547900672 : Checking image 1 border bottom 142
1606681099547928832 : Checking image 1 border left 172
1606681099547956480 : Checking image 1 border right 172
1606681099550016768 : Checking image 2 dpi 300
1606681099550100224 : Checking image 2 border top 225
1606681099550129152 : Checking image 2 border bottom 117
1606681099550156032 : Checking image 2 border left 222
1606681099550182912 : Checking image 2 border right 222

</system-out><system-err>--------------------------------- Captured Err ---------------------------------

</system-err></testcase><testcase classname="tests.test_images" name="test_failed_split_line_line_algo_2_png" time="50.570"><system-out>--------------------------------- Captured Log ---------------------------------

--------------------------------- Captured Out ---------------------------------
/home/runner/work/ocr-book/ocr-book/tests/failed_split_line_line_algo_2.png
1606681132758063616 : Checking separation double page angle 89.97500000000001
1606681132758136320 : Checking separation double page y=0 2497
1606681140521596160 : Checking page rotation 1 0.0
1606681146911723520 : Checking page rotation 2 0.6000000000000001
1606681148547502336 : Checking image 1 crop x1 272
1606681148547587584 : Checking image 1 crop y1 149
1606681148547627520 : Checking image 1 crop x2 2383
1606681148547664384 : Checking image 1 crop y2 3353
1606681150094914816 : Checking image 2 crop x1 122
1606681150094987008 : Checking image 2 crop y1 155
1606681150095016960 : Checking image 2 crop x2 2245
1606681150095044864 : Checking image 2 crop y2 3350
1606681150128689664 : Checking image 1 dpi 300
1606681150128776192 : Checking image 1 border top 137
1606681150128808192 : Checking image 1 border bottom 146
1606681150128837120 : Checking image 1 border left 174
1606681150128864512 : Checking image 1 border right 174
1606681150130856448 : Checking image 2 dpi 300
1606681150130924800 : Checking image 2 border top 138
1606681150130949888 : Checking image 2 border bottom 154
1606681150130973696 : Checking image 2 border left 168
1606681150130997504 : Checking image 2 border right 168

</system-out><system-err>--------------------------------- Captured Err ---------------------------------

</system-err></testcase><testcase classname="tests.test_images" name="test_failed_split_line_line_algo_png" time="16.013"><system-out>--------------------------------- Captured Log ---------------------------------

--------------------------------- Captured Out ---------------------------------
/home/runner/work/ocr-book/ocr-book/tests/failed_split_line_line_algo.png
1606681128845348864 : Checking separation double page angle 90.01651175019265
1606681128845421312 : Checking separation double page y=0 2575
1606681131646341376 : Checking page rotation 1 -0.14999999999999147
1606681133504644096 : Checking page rotation 2 0.05
1606681134342043392 : Checking image 1 crop x1 407
1606681134342119168 : Checking image 1 crop y1 2925
1606681134342154240 : Checking image 1 crop x2 2419
1606681134342186752 : Checking image 1 crop y2 3174
1606681134962500096 : Checking image 2 crop x1 1180
1606681134962586624 : Checking image 2 crop y1 1724
1606681134962623232 : Checking image 2 crop x2 1181
1606681134962657280 : Checking image 2 crop y2 1725
1606681134962847744 : Checking image 1 dpi 300
1606681134962915584 : Checking image 1 border top 2930
1606681134962952192 : Checking image 1 border bottom 308
1606681134962987008 : Checking image 1 border left 224
1606681134963021056 : Checking image 1 border right 224
1606681134964364288 : Checking image 2 dpi 300
1606681134964442368 : Checking image 2 border top 1753
1606681134964467968 : Checking image 2 border bottom 1753
1606681134964492544 : Checking image 2 border left 1239
1606681134964516864 : Checking image 2 border right 1239

</system-out><system-err>--------------------------------- Captured Err ---------------------------------

</system-err></testcase></testsuite></testsuites>