<?xml version="1.0" encoding="utf-8"?><testsuites><testsuite name="pytest" errors="0" failures="0" skipped="0" tests="36" time="368.594" timestamp="2021-01-25T22:46:14.998528" hostname="fv-az108-391"><testcase classname="tests.test_features" name="test_disabled_enable_debug" time="21.962"><system-out>--------------------------------- Captured Log ---------------------------------

--------------------------------- Captured Out ---------------------------------
/home/runner/work/diptych/diptych/tests/0001_debug.png
separation double page angle 90.55756528497216
separation double page y=0 2484
page rotation 1 0.65
page rotation 2 0.2
image 1 crop x1 329
image 1 crop y1 335
image 1 crop x2 2344
image 1 crop y2 3222
image 2 crop x1 171
image 2 crop y1 648
image 2 crop x2 2188
image 2 crop y2 3361
image 1 dpi 300
image 1 border top 327
image 1 border bottom 273
image 1 border left 222
image 1 border right 222
image 2 dpi 300
image 2 border top 643
image 2 border bottom 131
image 2 border left 221
image 2 border right 221

</system-out><system-err>--------------------------------- Captured Err ---------------------------------

</system-err></testcase><testcase classname="tests.test_features" name="test_mock_stop_at_0" time="0.055"><system-out>--------------------------------- Captured Log ---------------------------------

--------------------------------- Captured Out ---------------------------------
/home/runner/work/diptych/diptych/tests/0001_0.png

</system-out><system-err>--------------------------------- Captured Err ---------------------------------

</system-err></testcase><testcase classname="tests.test_features" name="test_mock_stop_at_2" time="15.811"><system-out>--------------------------------- Captured Log ---------------------------------

--------------------------------- Captured Out ---------------------------------
/home/runner/work/diptych/diptych/tests/0001_2.png
separation double page angle 90.55756528497216
separation double page y=0 2484
page rotation 1 0.65
page rotation 2 0.2

</system-out><system-err>--------------------------------- Captured Err ---------------------------------

</system-err></testcase><testcase classname="tests.test_features" name="test_mock_stop_at_4" time="21.167"><system-out>--------------------------------- Captured Log ---------------------------------

--------------------------------- Captured Out ---------------------------------
/home/runner/work/diptych/diptych/tests/0001_4.png
separation double page angle 90.55756528497216
separation double page y=0 2484
page rotation 1 0.65
page rotation 2 0.2
image 1 crop x1 329
image 1 crop y1 335
image 1 crop x2 2344
image 1 crop y2 3222
image 2 crop x1 171
image 2 crop y1 648
image 2 crop x2 2188
image 2 crop y2 3361
image 1 dpi 300
image 1 border top 326
image 1 border bottom 274
image 1 border left 222
image 1 border right 222
image 2 dpi 300
image 2 border top 643
image 2 border bottom 131
image 2 border left 221
image 2 border right 221

</system-out><system-err>--------------------------------- Captured Err ---------------------------------

</system-err></testcase><testcase classname="tests.test_features" name="test_mock_stop_at_1" time="13.018"><system-out>--------------------------------- Captured Log ---------------------------------

--------------------------------- Captured Out ---------------------------------
/home/runner/work/diptych/diptych/tests/0001_1.png
separation double page angle 90.55756528497216
separation double page y=0 2484

</system-out><system-err>--------------------------------- Captured Err ---------------------------------

</system-err></testcase><testcase classname="tests.test_features" name="test_mock_stop_at_3" time="20.816"><system-out>--------------------------------- Captured Log ---------------------------------

--------------------------------- Captured Out ---------------------------------
/home/runner/work/diptych/diptych/tests/0001_3.png
separation double page angle 90.55756528497216
separation double page y=0 2484
page rotation 1 0.65
page rotation 2 0.2
image 1 crop x1 329
image 1 crop y1 335
image 1 crop x2 2344
image 1 crop y2 3222
image 2 crop x1 171
image 2 crop y1 648
image 2 crop x2 2188
image 2 crop y2 3361

</system-out><system-err>--------------------------------- Captured Err ---------------------------------

</system-err></testcase><testcase classname="tests.test_images" name="test_0001_png" time="19.260"><system-out>--------------------------------- Captured Log ---------------------------------

--------------------------------- Captured Out ---------------------------------
/home/runner/work/diptych/diptych/tests/0001.png
1611614825417574631 : Checking separation double page angle 90.55756528497216
1611614825417686331 : Checking separation double page y=0 2484
1611614826445164104 : Checking page rotation 1 0.65
1611614827675691434 : Checking page rotation 2 0.2
1611614830142369532 : Checking image 1 crop x1 329
1611614830142484433 : Checking image 1 crop y1 335
1611614830142522833 : Checking image 1 crop x2 2344
1611614830142555733 : Checking image 1 crop y2 3222
1611614832469050474 : Checking image 2 crop x1 171
1611614832469164774 : Checking image 2 crop y1 648
1611614832469203775 : Checking image 2 crop x2 2188
1611614832469236475 : Checking image 2 crop y2 3361
1611614832469416076 : Checking image 1 dpi 300
1611614832469481877 : Checking image 1 border top 326
1611614832469515077 : Checking image 1 border bottom 274
1611614832469546377 : Checking image 1 border left 222
1611614832469577577 : Checking image 1 border right 222
1611614832471789792 : Checking image 2 dpi 300
1611614832471876393 : Checking image 2 border top 643
1611614832471909593 : Checking image 2 border bottom 131
1611614832471941093 : Checking image 2 border left 221
1611614832471972393 : Checking image 2 border right 221

</system-out><system-err>--------------------------------- Captured Err ---------------------------------

</system-err></testcase><testcase classname="tests.test_features" name="test_mock_stop_at_5" time="21.273"><system-out>--------------------------------- Captured Log ---------------------------------

--------------------------------- Captured Out ---------------------------------
/home/runner/work/diptych/diptych/tests/0001_5.png
separation double page angle 90.55756528497216
separation double page y=0 2484
page rotation 1 0.65
page rotation 2 0.2
image 1 crop x1 329
image 1 crop y1 335
image 1 crop x2 2344
image 1 crop y2 3222
image 2 crop x1 171
image 2 crop y1 648
image 2 crop x2 2188
image 2 crop y2 3361
image 1 dpi 300
image 1 border top 326
image 1 border bottom 274
image 1 border left 222
image 1 border right 222
image 2 dpi 300
image 2 border top 643
image 2 border bottom 131
image 2 border left 221
image 2 border right 221

</system-out><system-err>--------------------------------- Captured Err ---------------------------------

</system-err></testcase><testcase classname="tests.test_images" name="test_black_border_not_removed_png" time="20.589"><system-out>--------------------------------- Captured Log ---------------------------------

--------------------------------- Captured Out ---------------------------------
/home/runner/work/diptych/diptych/tests/black-border-not-removed.png
1611614844221088243 : Checking separation double page angle 90.01516396500199
1611614844221194243 : Checking separation double page y=0 2455
1611614845198135667 : Checking page rotation 1 0.0
1611614846605508567 : Checking page rotation 2 0.1
1611614848937053193 : Checking image 1 crop x1 297
1611614848937177394 : Checking image 1 crop y1 143
1611614848937217494 : Checking image 1 crop x2 2309
1611614848937253495 : Checking image 1 crop y2 3346
1611614853060069125 : Checking image 2 crop x1 154
1611614853060189926 : Checking image 2 crop y1 144
1611614853060229526 : Checking image 2 crop x2 2168
1611614853060266727 : Checking image 2 crop y2 3351
1611614853060448628 : Checking image 1 dpi 300
1611614853060517028 : Checking image 1 border top 131
1611614853060552829 : Checking image 1 border bottom 153
1611614853060587029 : Checking image 1 border left 224
1611614853060621329 : Checking image 1 border right 224
1611614853062923744 : Checking image 2 dpi 300
1611614853063017245 : Checking image 2 border top 133
1611614853063053045 : Checking image 2 border bottom 147
1611614853063086645 : Checking image 2 border left 223
1611614853063119946 : Checking image 2 border right 223

</system-out><system-err>--------------------------------- Captured Err ---------------------------------

</system-err></testcase><testcase classname="tests.test_images" name="test_image_failed_to_rotate_png" time="26.790"><system-out>--------------------------------- Captured Log ---------------------------------

--------------------------------- Captured Out ---------------------------------
/home/runner/work/diptych/diptych/tests/image_failed_to_rotate.png
1611614868250719137 : Checking separation double page angle 90.35651650869968
1611614868250818238 : Checking separation double page y=0 2483
1611614870268185313 : Checking page rotation 1 0.45
1611614871384253457 : Checking page rotation 2 0.2
1611614876614266040 : Checking image 1 crop x1 31
1611614876614395341 : Checking image 1 crop y1 1
1611614876614432641 : Checking image 1 crop x2 2481
1611614876614467941 : Checking image 1 crop y2 3504
1611614879751485983 : Checking image 2 crop x1 171
1611614879751606284 : Checking image 2 crop y1 231
1611614879751643384 : Checking image 2 crop x2 2259
1611614879751678484 : Checking image 2 crop y2 3358
1611614879751844485 : Checking image 1 dpi 300
1611614879751915886 : Checking image 1 border top 2
1611614879751950686 : Checking image 1 border bottom 2
1611614879751981886 : Checking image 1 border left 15
1611614879752013086 : Checking image 1 border right 15
1611614879754323701 : Checking image 2 dpi 300
1611614879754404702 : Checking image 2 border top 217
1611614879754437602 : Checking image 2 border bottom 143
1611614879754468702 : Checking image 2 border left 186
1611614879754500003 : Checking image 2 border right 186

</system-out><system-err>--------------------------------- Captured Err ---------------------------------

</system-err></testcase><testcase classname="tests.test_images" name="test_2_pages_2_contours_png" time="14.962"><system-out>--------------------------------- Captured Log ---------------------------------

--------------------------------- Captured Out ---------------------------------
/home/runner/work/diptych/diptych/tests/2-pages-2-contours.png
1611614863818874275 : Checking separation double page angle 90.14230271514262
1611614863819007776 : Checking separation double page y=0 2488
1611614864373883027 : Checking page rotation 1 0.0
1611614865362369532 : Checking page rotation 2 0.2
1611614866160004780 : Checking image 1 crop x1 1189
1611614866160102081 : Checking image 1 crop y1 1751
1611614866160137381 : Checking image 1 crop x2 1190
1611614866160167281 : Checking image 1 crop y2 1752
1611614868223518858 : Checking image 2 crop x1 100
1611614868223630459 : Checking image 2 crop y1 240
1611614868223666559 : Checking image 2 crop x2 2148
1611614868223700460 : Checking image 2 crop y2 3240
1611614868223878861 : Checking image 1 dpi 300
1611614868223939761 : Checking image 1 border top 1752
1611614868223971461 : Checking image 1 border bottom 1753
1611614868224003262 : Checking image 1 border left 1239
1611614868224033262 : Checking image 1 border right 1239
1611614868225728973 : Checking image 2 dpi 300
1611614868225809074 : Checking image 2 border top 230
1611614868225840974 : Checking image 2 border bottom 256
1611614868225877574 : Checking image 2 border left 206
1611614868225907674 : Checking image 2 border right 206

</system-out><system-err>--------------------------------- Captured Err ---------------------------------

</system-err></testcase><testcase classname="tests.test_images" name="test_wrong_split_line_png" time="17.477"><system-out>--------------------------------- Captured Log ---------------------------------

--------------------------------- Captured Out ---------------------------------
/home/runner/work/diptych/diptych/tests/wrong_split_line.png
1611614880660487634 : Checking separation double page angle 89.95895720607972
1611614880660588135 : Checking separation double page y=0 2466
1611614881562098838 : Checking page rotation 1 -0.04999999999999689
1611614882465347551 : Checking page rotation 2 0.45
1611614883748136950 : Checking image 1 crop x1 211
1611614883748249951 : Checking image 1 crop y1 156
1611614883748287951 : Checking image 1 crop x2 2323
1611614883748324452 : Checking image 1 crop y2 3363
1611614885697615814 : Checking image 2 crop x1 123
1611614885697727815 : Checking image 2 crop y1 164
1611614885697766715 : Checking image 2 crop x2 2237
1611614885697803615 : Checking image 2 crop y2 3375
1611614885697983317 : Checking image 1 dpi 300
1611614885698054317 : Checking image 1 border top 135
1611614885698090417 : Checking image 1 border bottom 145
1611614885698123618 : Checking image 1 border left 174
1611614885698156218 : Checking image 1 border right 174
1611614885700812235 : Checking image 2 dpi 300
1611614885700900136 : Checking image 2 border top 141
1611614885700934636 : Checking image 2 border bottom 135
1611614885700967736 : Checking image 2 border left 173
1611614885701000236 : Checking image 2 border right 173

</system-out><system-err>--------------------------------- Captured Err ---------------------------------

</system-err></testcase><testcase classname="tests.test_images" name="test_image_failed_to_crop_data_png" time="38.750"><system-out>--------------------------------- Captured Log ---------------------------------

--------------------------------- Captured Out ---------------------------------
/home/runner/work/diptych/diptych/tests/image_failed_to_crop_data.png
1611614900017836861 : Checking separation double page angle 90.09350257645173
1611614900017949262 : Checking separation double page y=0 2479
1611614905008616098 : Checking page rotation 1 0.15000000000000002
1611614906075952014 : Checking page rotation 2 0.05
1611614915808309171 : Checking image 1 crop x1 46
1611614915808442072 : Checking image 1 crop y1 1
1611614915808482372 : Checking image 1 crop x2 2477
1611614915808520172 : Checking image 1 crop y2 3505
1611614918539126237 : Checking image 2 crop x1 164
1611614918539247338 : Checking image 2 crop y1 217
1611614918539286738 : Checking image 2 crop x2 2245
1611614918539324338 : Checking image 2 crop y2 3350
1611614918539505539 : Checking image 1 dpi 300
1611614918539583440 : Checking image 1 border top 2
1611614918539621040 : Checking image 1 border bottom 2
1611614918539655140 : Checking image 1 border left 25
1611614918539689741 : Checking image 1 border right 25
1611614918542009656 : Checking image 2 dpi 300
1611614918542094456 : Checking image 2 border top 206
1611614918542129057 : Checking image 2 border bottom 148
1611614918542163057 : Checking image 2 border left 189
1611614918542196757 : Checking image 2 border right 189

</system-out><system-err>--------------------------------- Captured Err ---------------------------------

</system-err></testcase><testcase classname="tests.test_images" name="test_crop_too_much_png" time="23.011"><system-out>--------------------------------- Captured Log ---------------------------------

--------------------------------- Captured Out ---------------------------------
/home/runner/work/diptych/diptych/tests/crop_too_much.png
1611614899232500638 : Checking separation double page angle 90.16929865985193
1611614899232599738 : Checking separation double page y=0 2456
1611614900601077341 : Checking page rotation 1 -0.04999999999999689
1611614901922642931 : Checking page rotation 2 0.2
1611614904705756979 : Checking image 1 crop x1 302
1611614904705869980 : Checking image 1 crop y1 148
1611614904705905480 : Checking image 1 crop x2 2314
1611614904705936981 : Checking image 1 crop y2 3351
1611614908683877401 : Checking image 2 crop x1 163
1611614908683995801 : Checking image 2 crop y1 151
1611614908684031702 : Checking image 2 crop x2 2187
1611614908684065302 : Checking image 2 crop y2 3363
1611614908684245903 : Checking image 1 dpi 300
1611614908684313304 : Checking image 1 border top 133
1611614908684347804 : Checking image 1 border bottom 151
1611614908684378504 : Checking image 1 border left 224
1611614908684410104 : Checking image 1 border right 224
1611614908686663419 : Checking image 2 dpi 300
1611614908686746320 : Checking image 2 border top 132
1611614908686778420 : Checking image 2 border bottom 143
1611614908686808820 : Checking image 2 border left 218
1611614908686838620 : Checking image 2 border right 218

</system-out><system-err>--------------------------------- Captured Err ---------------------------------

</system-err></testcase><testcase classname="tests.test_images" name="test_crop_too_few_png" time="17.574"><system-out>--------------------------------- Captured Log ---------------------------------

--------------------------------- Captured Out ---------------------------------
/home/runner/work/diptych/diptych/tests/crop_too_few.png
1611614921221763089 : Checking separation double page angle 89.49492328400886
1611614921221873589 : Checking separation double page y=0 2510
1611614922055860146 : Checking page rotation 1 -0.6499999999999977
1611614923047762736 : Checking page rotation 2 0.0
1611614924895198923 : Checking image 1 crop x1 263
1611614924895314524 : Checking image 1 crop y1 150
1611614924895353224 : Checking image 1 crop x2 2377
1611614924895387724 : Checking image 1 crop y2 3357
1611614926294710580 : Checking image 2 crop x1 139
1611614926294820281 : Checking image 2 crop y1 141
1611614926294858781 : Checking image 2 crop x2 2261
1611614926294912781 : Checking image 2 crop y2 3345
1611614926295096982 : Checking image 1 dpi 300
1611614926295165783 : Checking image 1 border top 129
1611614926295201683 : Checking image 1 border bottom 150
1611614926295236183 : Checking image 1 border left 173
1611614926295268884 : Checking image 1 border right 173
1611614926297645999 : Checking image 2 dpi 300
1611614926297730600 : Checking image 2 border top 130
1611614926297764900 : Checking image 2 border bottom 153
1611614926297798100 : Checking image 2 border left 169
1611614926297830500 : Checking image 2 border right 169

</system-out><system-err>--------------------------------- Captured Err ---------------------------------

</system-err></testcase><testcase classname="tests.test_images" name="test_wrong_angle_split_line_png" time="23.431"><system-out>--------------------------------- Captured Log ---------------------------------

--------------------------------- Captured Out ---------------------------------
/home/runner/work/diptych/diptych/tests/wrong_angle_split_line.png
1611614929205305851 : Checking separation double page angle 90.08791528895468
1611614929205410852 : Checking separation double page y=0 2478
1611614930507118562 : Checking page rotation 1 0.1
1611614931509218567 : Checking page rotation 2 0.1
1611614936720504588 : Checking image 1 crop x1 58
1611614936720628289 : Checking image 1 crop y1 6
1611614936720669089 : Checking image 1 crop x2 2476
1611614936720706189 : Checking image 1 crop y2 3501
1611614941222319718 : Checking image 2 crop x1 166
1611614941222446119 : Checking image 2 crop y1 218
1611614941222485519 : Checking image 2 crop x2 2244
1611614941222523819 : Checking image 2 crop y2 3349
1611614941222703320 : Checking image 1 dpi 300
1611614941222784721 : Checking image 1 border top 6
1611614941222821921 : Checking image 1 border bottom 6
1611614941222855621 : Checking image 1 border left 31
1611614941222889221 : Checking image 1 border right 31
1611614941230525472 : Checking image 2 dpi 300
1611614941230631473 : Checking image 2 border top 209
1611614941230666773 : Checking image 2 border bottom 147
1611614941230700774 : Checking image 2 border left 191
1611614941230734274 : Checking image 2 border right 191

</system-out><system-err>--------------------------------- Captured Err ---------------------------------

</system-err></testcase><testcase classname="tests.test_images" name="test_crop_too_much_2_png" time="23.393"><system-out>--------------------------------- Captured Log ---------------------------------

--------------------------------- Captured Out ---------------------------------
/home/runner/work/diptych/diptych/tests/crop_too_much_2.png
1611614940628337855 : Checking separation double page angle 90.15285326123045
1611614940628449656 : Checking separation double page y=0 2477
1611614941972657523 : Checking page rotation 1 0.15000000000000002
1611614943585186725 : Checking page rotation 2 0.2
1611614946290213449 : Checking image 1 crop x1 330
1611614946290327850 : Checking image 1 crop y1 132
1611614946290363850 : Checking image 1 crop x2 2342
1611614946290395651 : Checking image 1 crop y2 3335
1611614949653077433 : Checking image 2 crop x1 165
1611614949653181234 : Checking image 2 crop y1 139
1611614949653226434 : Checking image 2 crop x2 2178
1611614949653258735 : Checking image 2 crop y2 3345
1611614949653434736 : Checking image 1 dpi 300
1611614949653499836 : Checking image 1 border top 121
1611614949653531536 : Checking image 1 border bottom 163
1611614949653564237 : Checking image 1 border left 224
1611614949653595037 : Checking image 1 border right 224
1611614949656188554 : Checking image 2 dpi 300
1611614949656280455 : Checking image 2 border top 129
1611614949656312355 : Checking image 2 border bottom 152
1611614949656342855 : Checking image 2 border left 223
1611614949656373255 : Checking image 2 border right 223

</system-out><system-err>--------------------------------- Captured Err ---------------------------------

</system-err></testcase><testcase classname="tests.test_images" name="test_angle_page_lower_split_line_png" time="25.248"><system-out>--------------------------------- Captured Log ---------------------------------

--------------------------------- Captured Out ---------------------------------
/home/runner/work/diptych/diptych/tests/angle_page_lower_split_line.png
1611614959784795705 : Checking separation double page angle 89.74412725181848
1611614959784901605 : Checking separation double page y=0 2472
1611614961118588031 : Checking page rotation 1 -0.14999999999999067
1611614962379974079 : Checking page rotation 2 0.1
1611614963895279307 : Checking image 1 crop x1 241
1611614963895396907 : Checking image 1 crop y1 156
1611614963895433508 : Checking image 1 crop x2 2357
1611614963895467908 : Checking image 1 crop y2 3368
1611614967299513961 : Checking image 2 crop x1 151
1611614967299636762 : Checking image 2 crop y1 146
1611614967299673362 : Checking image 2 crop x2 2261
1611614967299708062 : Checking image 2 crop y2 3351
1611614967299886763 : Checking image 1 dpi 300
1611614967299953964 : Checking image 1 border top 140
1611614967299986664 : Checking image 1 border bottom 135
1611614967300017764 : Checking image 1 border left 172
1611614967300048765 : Checking image 1 border right 172
1611614967302416680 : Checking image 2 dpi 300
1611614967302498181 : Checking image 2 border top 131
1611614967302530581 : Checking image 2 border bottom 151
1611614967302561681 : Checking image 2 border left 175
1611614967302592081 : Checking image 2 border right 175

</system-out><system-err>--------------------------------- Captured Err ---------------------------------

</system-err></testcase><testcase classname="tests.test_images" name="test_wrong_split_line_2_png" time="29.788"><system-out>--------------------------------- Captured Log ---------------------------------

--------------------------------- Captured Out ---------------------------------
/home/runner/work/diptych/diptych/tests/wrong_split_line_2.png
1611614966125369465 : Checking separation double page angle 90.23635161124103
1611614966125480865 : Checking separation double page y=0 2437
1611614967704377852 : Checking page rotation 1 0.2
1611614969205651029 : Checking page rotation 2 0.2
1611614973593559790 : Checking image 1 crop x1 294
1611614973593672591 : Checking image 1 crop y1 136
1611614973593708991 : Checking image 1 crop x2 2325
1611614973593746791 : Checking image 1 crop y2 3376
1611614979457717862 : Checking image 2 crop x1 138
1611614979457832063 : Checking image 2 crop y1 190
1611614979457869963 : Checking image 2 crop x2 2174
1611614979457906363 : Checking image 2 crop y2 3389
1611614979458085864 : Checking image 1 dpi 300
1611614979458156965 : Checking image 1 border top 131
1611614979458194165 : Checking image 1 border bottom 116
1611614979458228465 : Checking image 1 border left 214
1611614979458260865 : Checking image 1 border right 214
1611614979460508380 : Checking image 2 dpi 300
1611614979460593781 : Checking image 2 border top 181
1611614979460628481 : Checking image 2 border bottom 107
1611614979460661081 : Checking image 2 border left 212
1611614979460693481 : Checking image 2 border right 212

</system-out><system-err>--------------------------------- Captured Err ---------------------------------

</system-err></testcase><testcase classname="tests.test_images" name="test_wrong_wave_split_line_png" time="28.869"><system-out>--------------------------------- Captured Log ---------------------------------

--------------------------------- Captured Out ---------------------------------
/home/runner/work/diptych/diptych/tests/wrong_wave_split_line.png
1611614983976057129 : Checking separation double page angle 90.42461655762611
1611614983976164330 : Checking separation double page y=0 2502
1611614985113562549 : Checking page rotation 1 -0.09999999999999377
1611614986298235880 : Checking page rotation 2 0.85
1611614990574934155 : Checking image 1 crop x1 384
1611614990575053856 : Checking image 1 crop y1 178
1611614990575090756 : Checking image 1 crop x2 2412
1611614990575123856 : Checking image 1 crop y2 3374
1611614996156257800 : Checking image 2 crop x1 7
1611614996156397901 : Checking image 2 crop y1 0
1611614996156438501 : Checking image 2 crop x2 2411
1611614996156477601 : Checking image 2 crop y2 3505
1611614996156640303 : Checking image 1 dpi 300
1611614996156710703 : Checking image 1 border top 173
1611614996156746203 : Checking image 1 border bottom 118
1611614996156779803 : Checking image 1 border left 216
1611614996156813604 : Checking image 1 border right 216
1611614996159139519 : Checking image 2 dpi 300
1611614996159238920 : Checking image 2 border top 1
1611614996159275620 : Checking image 2 border bottom 1
1611614996159309120 : Checking image 2 border left 38
1611614996159342920 : Checking image 2 border right 38

</system-out><system-err>--------------------------------- Captured Err ---------------------------------

</system-err></testcase><testcase classname="tests.test_images" name="test_small_wave_png" time="20.839"><system-out>--------------------------------- Captured Log ---------------------------------

--------------------------------- Captured Out ---------------------------------
/home/runner/work/diptych/diptych/tests/small_wave.png
1611614993789265190 : Checking separation double page angle 90.56494929955075
1611614993789377190 : Checking separation double page y=0 2495
1611614995502444760 : Checking page rotation 1 0.7
1611614996844654869 : Checking page rotation 2 0.65
1611614998261107370 : Checking image 1 crop x1 322
1611614998261218871 : Checking image 1 crop y1 199
1611614998261254871 : Checking image 1 crop x2 2351
1611614998261286272 : Checking image 1 crop y2 3394
1611615000308786411 : Checking image 2 crop x1 130
1611615000308903112 : Checking image 2 crop y1 222
1611615000308941612 : Checking image 2 crop x2 2163
1611615000308979312 : Checking image 2 crop y2 3420
1611615000309166513 : Checking image 1 dpi 300
1611615000309235914 : Checking image 1 border top 181
1611615000309272014 : Checking image 1 border bottom 111
1611615000309306514 : Checking image 1 border left 215
1611615000309339014 : Checking image 1 border right 215
1611615000311834031 : Checking image 2 dpi 300
1611615000311919731 : Checking image 2 border top 197
1611615000311954532 : Checking image 2 border bottom 92
1611615000311987832 : Checking image 2 border left 213
1611615000312020532 : Checking image 2 border right 213

</system-out><system-err>--------------------------------- Captured Err ---------------------------------

</system-err></testcase><testcase classname="tests.test_images" name="test_no_split_line_line_algo_png" time="20.501"><system-out>--------------------------------- Captured Log ---------------------------------

--------------------------------- Captured Out ---------------------------------
/home/runner/work/diptych/diptych/tests/no_split_line_line_algo.png
1611615008737042223 : Checking separation double page angle 89.47691469185418
1611615008737144924 : Checking separation double page y=0 2476
1611615009600637938 : Checking page rotation 1 -0.14999999999999067
1611615010921335178 : Checking page rotation 2 -0.14999999999999067
1611615012594881454 : Checking image 1 crop x1 205
1611615012595030755 : Checking image 1 crop y1 158
1611615012595067555 : Checking image 1 crop x2 2320
1611615012595102355 : Checking image 1 crop y2 3366
1611615016678187397 : Checking image 2 crop x1 185
1611615016678315298 : Checking image 2 crop y1 225
1611615016678356198 : Checking image 2 crop x2 2204
1611615016678394698 : Checking image 2 crop y2 3362
1611615016678582600 : Checking image 1 dpi 300
1611615016678656600 : Checking image 1 border top 144
1611615016678692100 : Checking image 1 border bottom 134
1611615016678726101 : Checking image 1 border left 172
1611615016678760001 : Checking image 1 border right 172
1611615016681166617 : Checking image 2 dpi 300
1611615016681261017 : Checking image 2 border top 223
1611615016681295918 : Checking image 2 border bottom 127
1611615016681329718 : Checking image 2 border left 220
1611615016681363318 : Checking image 2 border right 220

</system-out><system-err>--------------------------------- Captured Err ---------------------------------

</system-err></testcase><testcase classname="tests.test_images" name="test_wrong_split_line_3_png" time="22.558"><system-out>--------------------------------- Captured Log ---------------------------------

--------------------------------- Captured Out ---------------------------------
/home/runner/work/diptych/diptych/tests/wrong_split_line_3.png
1611615013489472274 : Checking separation double page angle 90.40515247895009
1611615013489580975 : Checking separation double page y=0 2495
1611615014741444263 : Checking page rotation 1 0.2
1611615015769308174 : Checking page rotation 2 0.85
1611615017697086049 : Checking image 1 crop x1 331
1611615017697197150 : Checking image 1 crop y1 166
1611615017697231250 : Checking image 1 crop x2 2377
1611615017697265150 : Checking image 1 crop y2 3375
1611615022893642182 : Checking image 2 crop x1 103
1611615022893739982 : Checking image 2 crop y1 207
1611615022893773783 : Checking image 2 crop x2 2136
1611615022893806283 : Checking image 2 crop y2 3414
1611615022894001184 : Checking image 1 dpi 300
1611615022894070185 : Checking image 1 border top 158
1611615022894106185 : Checking image 1 border bottom 120
1611615022894138485 : Checking image 1 border left 207
1611615022894168585 : Checking image 1 border right 207
1611615022896626602 : Checking image 2 dpi 300
1611615022896713502 : Checking image 2 border top 199
1611615022896745602 : Checking image 2 border bottom 81
1611615022896776103 : Checking image 2 border left 213
1611615022896806003 : Checking image 2 border right 213

</system-out><system-err>--------------------------------- Captured Err ---------------------------------

</system-err></testcase><testcase classname="tests.test_images" name="test_failed_split_line_line_algo_png" time="15.603"><system-out>--------------------------------- Captured Log ---------------------------------

--------------------------------- Captured Out ---------------------------------
/home/runner/work/diptych/diptych/tests/failed_split_line_line_algo.png
1611615027208492739 : Checking separation double page angle 90.0093502548779
1611615027208600239 : Checking separation double page y=0 2574
1611615027850289086 : Checking page rotation 1 0.0
1611615028370662830 : Checking page rotation 2 0.0
1611615030624138742 : Checking image 1 crop x1 411
1611615030624255843 : Checking image 1 crop y1 2927
1611615030624291543 : Checking image 1 crop x2 2422
1611615030624321443 : Checking image 1 crop y2 3172
1611615032312103596 : Checking image 2 crop x1 1191
1611615032312203497 : Checking image 2 crop y1 1745
1611615032312237197 : Checking image 2 crop x2 1192
1611615032312269397 : Checking image 2 crop y2 1746
1611615032312408498 : Checking image 1 dpi 300
1611615032312486099 : Checking image 1 border top 2920
1611615032312518399 : Checking image 1 border bottom 322
1611615032312548999 : Checking image 1 border left 224
1611615032312579999 : Checking image 1 border right 224
1611615032314449212 : Checking image 2 dpi 300
1611615032314526312 : Checking image 2 border top 1752
1611615032314561312 : Checking image 2 border bottom 1753
1611615032314592013 : Checking image 2 border left 1239
1611615032314622513 : Checking image 2 border right 1239

</system-out><system-err>--------------------------------- Captured Err ---------------------------------

</system-err></testcase><testcase classname="tests.test_images" name="test_crop_too_much_3_png" time="19.088"><system-out>--------------------------------- Captured Log ---------------------------------

--------------------------------- Captured Out ---------------------------------
/home/runner/work/diptych/diptych/tests/crop_too_much_3.png
1611615034814752033 : Checking separation double page angle 89.5934556679346
1611615034814855534 : Checking separation double page y=0 2499
1611615036025705035 : Checking page rotation 1 -0.8999999999999949
1611615037427493598 : Checking page rotation 2 -0.04999999999999689
1611615039886968409 : Checking image 1 crop x1 374
1611615039887087610 : Checking image 1 crop y1 258
1611615039887126010 : Checking image 1 crop x2 2385
1611615039887160411 : Checking image 1 crop y2 3459
1611615041977723866 : Checking image 2 crop x1 164
1611615041977834867 : Checking image 2 crop y1 229
1611615041977873567 : Checking image 2 crop x2 2183
1611615041977911167 : Checking image 2 crop y2 3416
1611615041978093969 : Checking image 1 dpi 300
1611615041978162069 : Checking image 1 border top 239
1611615041978197969 : Checking image 1 border bottom 46
1611615041978234569 : Checking image 1 border left 224
1611615041978267170 : Checking image 1 border right 224
1611615041980240283 : Checking image 2 dpi 300
1611615041980328183 : Checking image 2 border top 210
1611615041980362583 : Checking image 2 border bottom 90
1611615041980395584 : Checking image 2 border left 220
1611615041980431484 : Checking image 2 border right 220

</system-out><system-err>--------------------------------- Captured Err ---------------------------------

</system-err></testcase><testcase classname="tests.test_images" name="test_failed_split_line_line_algo_2_png" time="20.947"><system-out>--------------------------------- Captured Log ---------------------------------

--------------------------------- Captured Out ---------------------------------
/home/runner/work/diptych/diptych/tests/failed_split_line_line_algo_2.png
1611615046191537392 : Checking separation double page angle 90.03732329462368
1611615046191640693 : Checking separation double page y=0 2499
1611615047394263157 : Checking page rotation 1 -0.09999999999999377
1611615048515125493 : Checking page rotation 2 0.5499999999999999
1611615050967807366 : Checking image 1 crop x1 273
1611615050967933667 : Checking image 1 crop y1 147
1611615050967973267 : Checking image 1 crop x2 2386
1611615050968010467 : Checking image 1 crop y2 3352
1611615053222010022 : Checking image 2 crop x1 122
1611615053222131123 : Checking image 2 crop y1 155
1611615053222170223 : Checking image 2 crop x2 2246
1611615053222207323 : Checking image 2 crop y2 3350
1611615053222383624 : Checking image 1 dpi 300
1611615053222457125 : Checking image 1 border top 137
1611615053222492225 : Checking image 1 border bottom 145
1611615053222525525 : Checking image 1 border left 173
1611615053222558826 : Checking image 1 border right 173
1611615053225218943 : Checking image 2 dpi 300
1611615053225310144 : Checking image 2 border top 133
1611615053225345344 : Checking image 2 border bottom 159
1611615053225378844 : Checking image 2 border left 168
1611615053225414245 : Checking image 2 border right 168

</system-out><system-err>--------------------------------- Captured Err ---------------------------------

</system-err></testcase><testcase classname="tests.test_images" name="test_wrong_wave_split_line_2_png" time="23.862"><system-out>--------------------------------- Captured Log ---------------------------------

--------------------------------- Captured Out ---------------------------------
/home/runner/work/diptych/diptych/tests/wrong_wave_split_line_2.png
1611615058565932296 : Checking separation double page angle 90.7708958311329
1611615058566037797 : Checking separation double page y=0 2490
1611615059712790454 : Checking page rotation 1 0.2
1611615060894786244 : Checking page rotation 2 1.65
1611615062355333870 : Checking image 1 crop x1 227
1611615062355444270 : Checking image 1 crop y1 147
1611615062355480570 : Checking image 1 crop x2 2342
1611615062355516471 : Checking image 1 crop y2 3353
1611615065845526713 : Checking image 2 crop x1 106
1611615065845644814 : Checking image 2 crop y1 195
1611615065845680914 : Checking image 2 crop x2 2231
1611615065845714715 : Checking image 2 crop y2 3398
1611615065845893616 : Checking image 1 dpi 300
1611615065845958616 : Checking image 1 border top 136
1611615065845993217 : Checking image 1 border bottom 145
1611615065846025017 : Checking image 1 border left 172
1611615065846054917 : Checking image 1 border right 172
1611615065848580534 : Checking image 2 dpi 300
1611615065848668734 : Checking image 2 border top 166
1611615065848701234 : Checking image 2 border bottom 117
1611615065848731535 : Checking image 2 border left 167
1611615065848761435 : Checking image 2 border right 167

</system-out><system-err>--------------------------------- Captured Err ---------------------------------

</system-err></testcase><testcase classname="tests.test_images" name="test_wrong_wave_split_line_3_png" time="22.209"><system-out>--------------------------------- Captured Log ---------------------------------

--------------------------------- Captured Out ---------------------------------
/home/runner/work/diptych/diptych/tests/wrong_wave_split_line_3.png
1611615069664674731 : Checking separation double page angle 90.12715931778824
1611615069664789832 : Checking separation double page y=0 2514
1611615071050605798 : Checking page rotation 1 0.05
1611615072081197533 : Checking page rotation 2 0.2
1611615073829142824 : Checking image 1 crop x1 273
1611615073829253125 : Checking image 1 crop y1 220
1611615073829300325 : Checking image 1 crop x2 2383
1611615073829331625 : Checking image 1 crop y2 3423
1611615075447928559 : Checking image 2 crop x1 116
1611615075448050360 : Checking image 2 crop y1 225
1611615075448087660 : Checking image 2 crop x2 2242
1611615075448123460 : Checking image 2 crop y2 3415
1611615075448298761 : Checking image 1 dpi 300
1611615075448373162 : Checking image 1 border top 202
1611615075448405662 : Checking image 1 border bottom 82
1611615075448437362 : Checking image 1 border left 175
1611615075448468562 : Checking image 1 border right 175
1611615075451159980 : Checking image 2 dpi 300
1611615075451248281 : Checking image 2 border top 204
1611615075451280781 : Checking image 2 border bottom 93
1611615075451311481 : Checking image 2 border left 167
1611615075451342181 : Checking image 2 border right 167

</system-out><system-err>--------------------------------- Captured Err ---------------------------------

</system-err></testcase><testcase classname="tests.test_images" name="test_no_split_line_wave_algo_png" time="33.283"><system-out>--------------------------------- Captured Log ---------------------------------

--------------------------------- Captured Out ---------------------------------
/home/runner/work/diptych/diptych/tests/no_split_line_wave_algo.png
1611615079928547063 : Checking separation double page angle 89.79018091440821
1611615079928657964 : Checking separation double page y=0 2483
1611615083084663673 : Checking page rotation 1 0.0
1611615084202119276 : Checking page rotation 2 -0.44999999999999746
1611615093480639038 : Checking image 1 crop x1 97
1611615093480723139 : Checking image 1 crop y1 74
1611615093480760039 : Checking image 1 crop x2 2489
1611615093480795039 : Checking image 1 crop y2 3505
1611615099090466778 : Checking image 2 crop x1 164
1611615099090580179 : Checking image 2 crop y1 267
1611615099090620279 : Checking image 2 crop x2 2239
1611615099090654680 : Checking image 2 crop y2 3380
1611615099090844281 : Checking image 1 dpi 300
1611615099090933581 : Checking image 1 border top 38
1611615099090970182 : Checking image 1 border bottom 38
1611615099091004982 : Checking image 1 border left 44
1611615099091037682 : Checking image 1 border right 44
1611615099093538399 : Checking image 2 dpi 300
1611615099093623199 : Checking image 2 border top 257
1611615099093659500 : Checking image 2 border bottom 117
1611615099093692800 : Checking image 2 border left 192
1611615099093727700 : Checking image 2 border right 192

</system-out><system-err>--------------------------------- Captured Err ---------------------------------

</system-err></testcase><testcase classname="tests.test_images" name="test_no_split_line_wave_algo_2_png" time="18.904"><system-out>--------------------------------- Captured Log ---------------------------------

--------------------------------- Captured Out ---------------------------------
/home/runner/work/diptych/diptych/tests/no_split_line_wave_algo_2.png
1611615088500675180 : Checking separation double page angle 90.43362571535843
1611615088500795881 : Checking separation double page y=0 2473
1611615089585912984 : Checking page rotation 1 1.05
1611615090646735426 : Checking page rotation 2 0.15000000000000002
1611615092599430489 : Checking image 1 crop x1 267
1611615092599556090 : Checking image 1 crop y1 210
1611615092599596790 : Checking image 1 crop x2 2343
1611615092599633990 : Checking image 1 crop y2 3412
1611615094357505559 : Checking image 2 crop x1 165
1611615094357630960 : Checking image 2 crop y1 241
1611615094357670060 : Checking image 2 crop x2 2250
1611615094357707461 : Checking image 2 crop y2 3433
1611615094357882662 : Checking image 1 dpi 300
1611615094357957462 : Checking image 1 border top 192
1611615094357992862 : Checking image 1 border bottom 93
1611615094358027263 : Checking image 1 border left 192
1611615094358060863 : Checking image 1 border right 192
1611615094360438979 : Checking image 2 dpi 300
1611615094360531579 : Checking image 2 border top 224
1611615094360566580 : Checking image 2 border bottom 71
1611615094360600280 : Checking image 2 border left 187
1611615094360633380 : Checking image 2 border right 187

</system-out><system-err>--------------------------------- Captured Err ---------------------------------

</system-err></testcase><testcase classname="tests.test_images" name="test_failed_detect_rectangle_png" time="19.180"><system-out>--------------------------------- Captured Log ---------------------------------

--------------------------------- Captured Out ---------------------------------
/home/runner/work/diptych/diptych/tests/failed_detect_rectangle.png
1611615108510411911 : Checking separation double page angle 90.242273842964
1611615108510512111 : Checking separation double page y=0 2475
1611615109683009895 : Checking page rotation 1 0.2
1611615111045017336 : Checking page rotation 2 0.2
1611615112229733300 : Checking image 1 crop x1 257
1611615112229859901 : Checking image 1 crop y1 201
1611615112229897201 : Checking image 1 crop x2 2333
1611615112229929901 : Checking image 1 crop y2 3402
1611615113530879236 : Checking image 2 crop x1 137
1611615113531016737 : Checking image 2 crop y1 215
1611615113531055038 : Checking image 2 crop x2 2220
1611615113531089438 : Checking image 2 crop y2 3406
1611615113531263239 : Checking image 1 dpi 300
1611615113531336539 : Checking image 1 border top 188
1611615113531368640 : Checking image 1 border bottom 98
1611615113531399340 : Checking image 1 border left 192
1611615113531430440 : Checking image 1 border right 192
1611615113533783056 : Checking image 2 dpi 300
1611615113533861456 : Checking image 2 border top 201
1611615113533894056 : Checking image 2 border bottom 95
1611615113533924857 : Checking image 2 border left 188
1611615113533955857 : Checking image 2 border right 188

</system-out><system-err>--------------------------------- Captured Err ---------------------------------

</system-err></testcase><testcase classname="tests.test_images" name="test_crop_too_few_2_png" time="19.876"><system-out>--------------------------------- Captured Log ---------------------------------

--------------------------------- Captured Out ---------------------------------
/home/runner/work/diptych/diptych/tests/crop_too_few_2.png
1611615111741067856 : Checking separation double page angle 90.35461351371423
1611615111741168757 : Checking separation double page y=0 2533
1611615112793270940 : Checking page rotation 1 1.0999999999999999
1611615113857420304 : Checking page rotation 2 0.0
1611615116344206211 : Checking image 1 crop x1 289
1611615116344320111 : Checking image 1 crop y1 165
1611615116344356912 : Checking image 1 crop x2 2400
1611615116344392112 : Checking image 1 crop y2 3367
1611615119037253869 : Checking image 2 crop x1 152
1611615119037366570 : Checking image 2 crop y1 190
1611615119037405770 : Checking image 2 crop x2 2273
1611615119037441970 : Checking image 2 crop y2 3385
1611615119037625371 : Checking image 1 dpi 300
1611615119037698772 : Checking image 1 border top 157
1611615119037735972 : Checking image 1 border bottom 128
1611615119037771172 : Checking image 1 border left 174
1611615119037805373 : Checking image 1 border right 174
1611615119039796186 : Checking image 2 dpi 300
1611615119039886386 : Checking image 2 border top 175
1611615119039920787 : Checking image 2 border bottom 116
1611615119039953387 : Checking image 2 border left 169
1611615119039985787 : Checking image 2 border right 169

</system-out><system-err>--------------------------------- Captured Err ---------------------------------

</system-err></testcase><testcase classname="tests.test_images" name="test_single_page_png" time="6.149"><system-out>--------------------------------- Captured Log ---------------------------------

--------------------------------- Captured Out ---------------------------------
/home/runner/work/diptych/diptych/tests/single_page.png
1611615116928798291 : Checking separation double page angle 89.93006318861008
1611615116928930292 : Checking separation double page y=0 2472
1611615117756544486 : Checking page rotation 1 0.0
1611615117853068826 : Checking page rotation 2 0.0
1611615119227356224 : Checking image 1 crop x1 1
1611615119227442525 : Checking image 1 crop y1 8
1611615119227482125 : Checking image 1 crop x2 2470
1611615119227515325 : Checking image 1 crop y2 3505
1611615119350378336 : Checking image 2 crop x1 0
1611615119350454437 : Checking image 2 crop y1 0
1611615119350484537 : Checking image 2 crop x2 0
1611615119350513337 : Checking image 2 crop y2 0
1611615119350575138 : Checking image 1 dpi 300
1611615119350636538 : Checking image 1 border top 5
1611615119350668738 : Checking image 1 border bottom 5
1611615119350699338 : Checking image 1 border left 6
1611615119350730339 : Checking image 1 border right 6
1611615119356594777 : Checking image 2 border top 0
1611615119356655478 : Checking image 2 border bottom 0
1611615119356685378 : Checking image 2 border left 0
1611615119356714978 : Checking image 2 border right 0

</system-out><system-err>--------------------------------- Captured Err ---------------------------------

</system-err></testcase><testcase classname="tests.test_images" name="test_no_split_line_wave_algo_3_png" time="10.531"><system-out>--------------------------------- Captured Log ---------------------------------

--------------------------------- Captured Out ---------------------------------
/home/runner/work/diptych/diptych/tests/no_split_line_wave_algo_3.png
1611615126434194303 : Checking separation double page angle 90.18184445198425
1611615126434307404 : Checking separation double page y=0 2405
1611615127264431799 : Checking page rotation 1 0.0
1611615127419785528 : Checking page rotation 2 0.0
1611615129143306042 : Checking image 1 crop x1 184
1611615129143401443 : Checking image 1 crop y1 2957
1611615129143437143 : Checking image 1 crop x2 2201
1611615129143467043 : Checking image 1 crop y2 3202
1611615129545402805 : Checking image 2 crop x1 0
1611615129545477906 : Checking image 2 crop y1 0
1611615129545507306 : Checking image 2 crop x2 0
1611615129545535106 : Checking image 2 crop y2 0
1611615129545602806 : Checking image 1 dpi 300
1611615129545665207 : Checking image 1 border top 2950
1611615129545698907 : Checking image 1 border bottom 292
1611615129545729607 : Checking image 1 border left 221
1611615129545759707 : Checking image 1 border right 221
1611615129551467045 : Checking image 2 border top 0
1611615129551528246 : Checking image 2 border bottom 0
1611615129551557146 : Checking image 2 border left 0
1611615129551585946 : Checking image 2 border right 0

</system-out><system-err>--------------------------------- Captured Err ---------------------------------

</system-err></testcase><testcase classname="tests.test_images" name="test_wrong_split_line_4_png" time="11.364"><system-out>--------------------------------- Captured Log ---------------------------------

--------------------------------- Captured Out ---------------------------------
/home/runner/work/diptych/diptych/tests/wrong_split_line_4.png
1611615127422829448 : Checking separation double page angle 90.92587744884125
1611615127422951049 : Checking separation double page y=0 58
1611615127509364221 : Checking page rotation 1 0.5499999999999999
1611615128600231546 : Checking page rotation 2 1.0999999999999999
1611615129289995514 : Checking image 1 crop x1 0
1611615129290072314 : Checking image 1 crop y1 0
1611615129290105114 : Checking image 1 crop x2 0
1611615129290136215 : Checking image 1 crop y2 0
1611615131110746372 : Checking image 2 crop x1 290
1611615131110867872 : Checking image 2 crop y1 330
1611615131110925873 : Checking image 2 crop x2 2314
1611615131110963073 : Checking image 2 crop y2 3217
1611615131111122274 : Checking image 1 border top 0
1611615131111159874 : Checking image 1 border bottom 0
1611615131111192375 : Checking image 1 border left 0
1611615131111226975 : Checking image 1 border right 0
1611615131111278975 : Checking image 2 dpi 300
1611615131111347976 : Checking image 2 border top 322
1611615131111383676 : Checking image 2 border bottom 278
1611615131111416776 : Checking image 2 border left 218
1611615131111449676 : Checking image 2 border right 218

</system-out><system-err>--------------------------------- Captured Err ---------------------------------

</system-err></testcase><testcase classname="tests.test_images" name="test_failed_split_line_line_algo_3_png" time="11.879"><system-out>--------------------------------- Captured Log ---------------------------------

--------------------------------- Captured Out ---------------------------------
/home/runner/work/diptych/diptych/tests/failed_split_line_line_algo_3.png
1611615137172317563 : Checking separation double page angle 90.02403976140027
1611615137172437864 : Checking separation double page y=0 39
1611615137236352386 : Checking page rotation 1 0.0
1611615137883260657 : Checking page rotation 2 0.0
1611615138125820459 : Checking image 1 crop x1 0
1611615138125894459 : Checking image 1 crop y1 0
1611615138125924460 : Checking image 1 crop x2 0
1611615138125952560 : Checking image 1 crop y2 0
1611615141504367167 : Checking image 2 crop x1 249
1611615141504511668 : Checking image 2 crop y1 154
1611615141504571168 : Checking image 2 crop x2 2264
1611615141504627568 : Checking image 2 crop y2 3361
1611615141504894870 : Checking image 1 border top 0
1611615141504958171 : Checking image 1 border bottom 0
1611615141505012971 : Checking image 1 border left 0
1611615141505064371 : Checking image 1 border right 0
1611615141505149772 : Checking image 2 dpi 300
1611615141505247273 : Checking image 2 border top 146
1611615141505305773 : Checking image 2 border bottom 134
1611615141505361173 : Checking image 2 border left 222
1611615141505413974 : Checking image 2 border right 222

</system-out><system-err>--------------------------------- Captured Err ---------------------------------

</system-err></testcase></testsuite></testsuites>