<?xml version="1.0" encoding="utf-8"?><testsuites><testsuite name="pytest" errors="0" failures="0" skipped="0" tests="36" time="1052.455" timestamp="2020-12-27T22:52:42.334012" hostname="fv-az96-831"><testcase classname="tests.test_features" name="test_disabled_enable_debug" time="51.106"><system-out>--------------------------------- Captured Log ---------------------------------

--------------------------------- Captured Out ---------------------------------
/home/runner/work/ocr-book/ocr-book/tests/0001_debug.png
separation double page angle 90.5528088189967
separation double page y=0 2485
page rotation 1 0.75
page rotation 2 0.2
image 1 crop x1 330
image 1 crop y1 336
image 1 crop x2 2343
image 1 crop y2 3223
image 2 crop x1 169
image 2 crop y1 648
image 2 crop x2 2186
image 2 crop y2 3361
image 1 dpi 300
image 1 border top 333
image 1 border bottom 266
image 1 border left 223
image 1 border right 223
image 2 dpi 300
image 2 border top 643
image 2 border bottom 131
image 2 border left 221
image 2 border right 221

</system-out><system-err>--------------------------------- Captured Err ---------------------------------

</system-err></testcase><testcase classname="tests.test_features" name="test_mock_stop_at_0" time="0.050"><system-out>--------------------------------- Captured Log ---------------------------------

--------------------------------- Captured Out ---------------------------------
/home/runner/work/ocr-book/ocr-book/tests/0001_0.png

</system-out><system-err>--------------------------------- Captured Err ---------------------------------

</system-err></testcase><testcase classname="tests.test_features" name="test_mock_stop_at_2" time="46.329"><system-out>--------------------------------- Captured Log ---------------------------------

--------------------------------- Captured Out ---------------------------------
/home/runner/work/ocr-book/ocr-book/tests/0001_2.png
separation double page angle 90.5528088189967
separation double page y=0 2485
page rotation 1 0.75
page rotation 2 0.2

</system-out><system-err>--------------------------------- Captured Err ---------------------------------

</system-err></testcase><testcase classname="tests.test_features" name="test_mock_stop_at_4" time="49.816"><system-out>--------------------------------- Captured Log ---------------------------------

--------------------------------- Captured Out ---------------------------------
/home/runner/work/ocr-book/ocr-book/tests/0001_4.png
separation double page angle 90.5528088189967
separation double page y=0 2485
page rotation 1 0.75
page rotation 2 0.2
image 1 crop x1 330
image 1 crop y1 336
image 1 crop x2 2343
image 1 crop y2 3223
image 2 crop x1 169
image 2 crop y1 648
image 2 crop x2 2186
image 2 crop y2 3361
image 1 dpi 300
image 1 border top 333
image 1 border bottom 266
image 1 border left 223
image 1 border right 223
image 2 dpi 300
image 2 border top 643
image 2 border bottom 131
image 2 border left 221
image 2 border right 221

</system-out><system-err>--------------------------------- Captured Err ---------------------------------

</system-err></testcase><testcase classname="tests.test_features" name="test_mock_stop_at_1" time="30.302"><system-out>--------------------------------- Captured Log ---------------------------------

--------------------------------- Captured Out ---------------------------------
/home/runner/work/ocr-book/ocr-book/tests/0001_1.png
separation double page angle 90.5528088189967
separation double page y=0 2485

</system-out><system-err>--------------------------------- Captured Err ---------------------------------

</system-err></testcase><testcase classname="tests.test_features" name="test_mock_stop_at_3" time="48.730"><system-out>--------------------------------- Captured Log ---------------------------------

--------------------------------- Captured Out ---------------------------------
/home/runner/work/ocr-book/ocr-book/tests/0001_3.png
separation double page angle 90.5528088189967
separation double page y=0 2485
page rotation 1 0.75
page rotation 2 0.2
image 1 crop x1 330
image 1 crop y1 336
image 1 crop x2 2343
image 1 crop y2 3223
image 2 crop x1 169
image 2 crop y1 648
image 2 crop x2 2186
image 2 crop y2 3361

</system-out><system-err>--------------------------------- Captured Err ---------------------------------

</system-err></testcase><testcase classname="tests.test_images" name="test_0001_png" time="60.615"><system-out>--------------------------------- Captured Log ---------------------------------

--------------------------------- Captured Out ---------------------------------
/home/runner/work/ocr-book/ocr-book/tests/0001.png
1609109695617510662 : Checking separation double page angle 90.5528088189967
1609109695617633361 : Checking separation double page y=0 2485
1609109703778636161 : Checking page rotation 1 0.75
1609109713961251052 : Checking page rotation 2 0.2
1609109717265135810 : Checking image 1 crop x1 330
1609109717265257409 : Checking image 1 crop y1 336
1609109717265297909 : Checking image 1 crop x2 2343
1609109717265332909 : Checking image 1 crop y2 3223
1609109720301902742 : Checking image 2 crop x1 169
1609109720302014642 : Checking image 2 crop y1 648
1609109720302057141 : Checking image 2 crop x2 2186
1609109720302113041 : Checking image 2 crop y2 3361
1609109720336848481 : Checking image 1 dpi 300
1609109720336972680 : Checking image 1 border top 333
1609109720337061479 : Checking image 1 border bottom 266
1609109720337094479 : Checking image 1 border left 223
1609109720337126479 : Checking image 1 border right 223
1609109720339474161 : Checking image 2 dpi 300
1609109720339538461 : Checking image 2 border top 643
1609109720339572660 : Checking image 2 border bottom 131
1609109720339604160 : Checking image 2 border left 221
1609109720339635760 : Checking image 2 border right 221

</system-out><system-err>--------------------------------- Captured Err ---------------------------------

</system-err></testcase><testcase classname="tests.test_features" name="test_mock_stop_at_5" time="50.785"><system-out>--------------------------------- Captured Log ---------------------------------

--------------------------------- Captured Out ---------------------------------
/home/runner/work/ocr-book/ocr-book/tests/0001_5.png
separation double page angle 90.5528088189967
separation double page y=0 2485
page rotation 1 0.75
page rotation 2 0.2
image 1 crop x1 330
image 1 crop y1 336
image 1 crop x2 2343
image 1 crop y2 3223
image 2 crop x1 169
image 2 crop y1 648
image 2 crop x2 2186
image 2 crop y2 3361
image 1 dpi 300
image 1 border top 333
image 1 border bottom 266
image 1 border left 223
image 1 border right 223
image 2 dpi 300
image 2 border top 643
image 2 border bottom 131
image 2 border left 221
image 2 border right 221

</system-out><system-err>--------------------------------- Captured Err ---------------------------------

</system-err></testcase><testcase classname="tests.test_images" name="test_black_border_not_removed_png" time="67.494"><system-out>--------------------------------- Captured Log ---------------------------------

--------------------------------- Captured Out ---------------------------------
/home/runner/work/ocr-book/ocr-book/tests/black-border-not-removed.png
1609109758595726339 : Checking separation double page angle 90.033171103531
1609109758595825739 : Checking separation double page y=0 2455
1609109766337246728 : Checking page rotation 1 0.0
1609109778509533211 : Checking page rotation 2 0.0
1609109782633909184 : Checking image 1 crop x1 297
1609109782634025883 : Checking image 1 crop y1 143
1609109782634064683 : Checking image 1 crop x2 2309
1609109782634098583 : Checking image 1 crop y2 3346
1609109787803696369 : Checking image 2 crop x1 159
1609109787803805268 : Checking image 2 crop y1 145
1609109787803870168 : Checking image 2 crop x2 2171
1609109787803909568 : Checking image 2 crop y2 3352
1609109787840170221 : Checking image 1 dpi 300
1609109787840283721 : Checking image 1 border top 132
1609109787840322620 : Checking image 1 border bottom 152
1609109787840355620 : Checking image 1 border left 224
1609109787840387420 : Checking image 1 border right 224
1609109787842751504 : Checking image 2 dpi 300
1609109787842832103 : Checking image 2 border top 132
1609109787842865203 : Checking image 2 border bottom 148
1609109787842973502 : Checking image 2 border left 224
1609109787843004502 : Checking image 2 border right 224

</system-out><system-err>--------------------------------- Captured Err ---------------------------------

</system-err></testcase><testcase classname="tests.test_images" name="test_2_pages_2_contours_png" time="39.662"><system-out>--------------------------------- Captured Log ---------------------------------

--------------------------------- Captured Out ---------------------------------
/home/runner/work/ocr-book/ocr-book/tests/2-pages-2-contours.png
1609109768755249619 : Checking separation double page angle 90.09036871657068
1609109768755353018 : Checking separation double page y=0 2486
1609109771161914948 : Checking page rotation 1 0.05
1609109778762321473 : Checking page rotation 2 0.30000000000000004
1609109780783887071 : Checking image 1 crop x1 1189
1609109780784033770 : Checking image 1 crop y1 1751
1609109780784073469 : Checking image 1 crop x2 1190
1609109780784108369 : Checking image 1 crop y2 1752
1609109784076647321 : Checking image 2 crop x1 101
1609109784076797620 : Checking image 2 crop y1 240
1609109784076841919 : Checking image 2 crop x2 2148
1609109784076881119 : Checking image 2 crop y2 3239
1609109784113043542 : Checking image 1 dpi 300
1609109784113167141 : Checking image 1 border top 1752
1609109784113224040 : Checking image 1 border bottom 1753
1609109784113291740 : Checking image 1 border left 1239
1609109784113324339 : Checking image 1 border right 1239
1609109784115771321 : Checking image 2 dpi 300
1609109784115945219 : Checking image 2 border top 230
1609109784115984119 : Checking image 2 border bottom 258
1609109784116019719 : Checking image 2 border left 206
1609109784116054718 : Checking image 2 border right 206

</system-out><system-err>--------------------------------- Captured Err ---------------------------------

</system-err></testcase><testcase classname="tests.test_images" name="test_wrong_split_line_png" time="47.957"><system-out>--------------------------------- Captured Log ---------------------------------

--------------------------------- Captured Out ---------------------------------
/home/runner/work/ocr-book/ocr-book/tests/wrong_split_line.png
1609109813847914326 : Checking separation double page angle 89.93395720607973
1609109813848020825 : Checking separation double page y=0 2465
1609109820078925808 : Checking page rotation 1 -0.14999999999999067
1609109827049483080 : Checking page rotation 2 0.5
1609109829476806350 : Checking image 1 crop x1 213
1609109829476940349 : Checking image 1 crop y1 157
1609109829476980049 : Checking image 1 crop x2 2323
1609109829477015948 : Checking image 1 crop y2 3362
1609109832030162025 : Checking image 2 crop x1 125
1609109832030314724 : Checking image 2 crop y1 165
1609109832030353724 : Checking image 2 crop x2 2237
1609109832030389324 : Checking image 2 crop y2 3374
1609109832068568153 : Checking image 1 dpi 300
1609109832068679352 : Checking image 1 border top 134
1609109832068721352 : Checking image 1 border bottom 148
1609109832068757951 : Checking image 1 border left 175
1609109832068792151 : Checking image 1 border right 175
1609109832071376633 : Checking image 2 dpi 300
1609109832071436332 : Checking image 2 border top 143
1609109832071471232 : Checking image 2 border bottom 135
1609109832071504632 : Checking image 2 border left 174
1609109832071537432 : Checking image 2 border right 174

</system-out><system-err>--------------------------------- Captured Err ---------------------------------

</system-err></testcase><testcase classname="tests.test_images" name="test_image_failed_to_rotate_png" time="68.974"><system-out>--------------------------------- Captured Log ---------------------------------

--------------------------------- Captured Out ---------------------------------
/home/runner/work/ocr-book/ocr-book/tests/image_failed_to_rotate.png
1609109824429428333 : Checking separation double page angle 90.13063640287984
1609109824429556532 : Checking separation double page y=0 2479
1609109829896885468 : Checking page rotation 1 0.35
1609109838830037562 : Checking page rotation 2 0.45
1609109851674807171 : Checking image 1 crop x1 34
1609109851674919970 : Checking image 1 crop y1 1
1609109851674961070 : Checking image 1 crop x2 2477
1609109851674996469 : Checking image 1 crop y2 3500
1609109856655122386 : Checking image 2 crop x1 167
1609109856655252485 : Checking image 2 crop y1 234
1609109856655293085 : Checking image 2 crop x2 2246
1609109856655330285 : Checking image 2 crop y2 3355
1609109856699883779 : Checking image 1 dpi 300
1609109856700028278 : Checking image 1 border top 4
1609109856700104077 : Checking image 1 border bottom 4
1609109856700137377 : Checking image 1 border left 19
1609109856700170977 : Checking image 1 border right 19
1609109856702931658 : Checking image 2 dpi 300
1609109856702999757 : Checking image 2 border top 218
1609109856703067457 : Checking image 2 border bottom 148
1609109856703099357 : Checking image 2 border left 190
1609109856703131057 : Checking image 2 border right 190

</system-out><system-err>--------------------------------- Captured Err ---------------------------------

</system-err></testcase><testcase classname="tests.test_images" name="test_crop_too_much_png" time="82.427"><system-out>--------------------------------- Captured Log ---------------------------------

--------------------------------- Captured Out ---------------------------------
/home/runner/work/ocr-book/ocr-book/tests/crop_too_much.png
1609109879578542319 : Checking separation double page angle 90.13239409272954
1609109879578647918 : Checking separation double page y=0 2455
1609109892707532109 : Checking page rotation 1 0.0
1609109906741352289 : Checking page rotation 2 0.45
1609109910531787075 : Checking image 1 crop x1 303
1609109910531962673 : Checking image 1 crop y1 148
1609109910532005473 : Checking image 1 crop x2 2313
1609109910532040373 : Checking image 1 crop y2 3351
1609109914425543887 : Checking image 2 crop x1 168
1609109914425681885 : Checking image 2 crop y1 155
1609109914425720185 : Checking image 2 crop x2 2179
1609109914425756085 : Checking image 2 crop y2 3359
1609109914473926027 : Checking image 1 dpi 300
1609109914474039326 : Checking image 1 border top 132
1609109914474082826 : Checking image 1 border bottom 152
1609109914474119725 : Checking image 1 border left 225
1609109914474155325 : Checking image 1 border right 225
1609109914476315309 : Checking image 2 dpi 300
1609109914476375809 : Checking image 2 border top 140
1609109914476411208 : Checking image 2 border bottom 143
1609109914476444808 : Checking image 2 border left 224
1609109914476479908 : Checking image 2 border right 224

</system-out><system-err>--------------------------------- Captured Err ---------------------------------

</system-err></testcase><testcase classname="tests.test_images" name="test_image_failed_to_crop_data_png" time="68.634"><system-out>--------------------------------- Captured Log ---------------------------------

--------------------------------- Captured Out ---------------------------------
/home/runner/work/ocr-book/ocr-book/tests/image_failed_to_crop_data.png
1609109892589452244 : Checking separation double page angle 90.053197600644
1609109892589566243 : Checking separation double page y=0 2480
1609109899069667314 : Checking page rotation 1 0.2
1609109906539753435 : Checking page rotation 2 0.0
1609109920877685524 : Checking image 1 crop x1 47
1609109920877810723 : Checking image 1 crop y1 7
1609109920877877422 : Checking image 1 crop x2 2478
1609109920877914022 : Checking image 1 crop y2 3502
1609109925357182944 : Checking image 2 crop x1 160
1609109925357305443 : Checking image 2 crop y1 217
1609109925357345043 : Checking image 2 crop x2 2242
1609109925357380843 : Checking image 2 crop y2 3350
1609109925391405595 : Checking image 1 dpi 300
1609109925391529595 : Checking image 1 border top 6
1609109925391570294 : Checking image 1 border bottom 6
1609109925391603194 : Checking image 1 border left 25
1609109925391636594 : Checking image 1 border right 25
1609109925394001977 : Checking image 2 dpi 300
1609109925394068676 : Checking image 2 border top 206
1609109925394104776 : Checking image 2 border bottom 148
1609109925394136976 : Checking image 2 border left 189
1609109925394170375 : Checking image 2 border right 189

</system-out><system-err>--------------------------------- Captured Err ---------------------------------

</system-err></testcase><testcase classname="tests.test_images" name="test_crop_too_few_png" time="50.878"><system-out>--------------------------------- Captured Log ---------------------------------

--------------------------------- Captured Out ---------------------------------
/home/runner/work/ocr-book/ocr-book/tests/crop_too_few.png
1609109945203823190 : Checking separation double page angle 89.54670238452755
1609109945203949389 : Checking separation double page y=0 2512
1609109952436499596 : Checking page rotation 1 -0.6499999999999977
1609109959985161667 : Checking page rotation 2 0.0
1609109962742350681 : Checking image 1 crop x1 263
1609109962742472080 : Checking image 1 crop y1 150
1609109962742511180 : Checking image 1 crop x2 2377
1609109962742545180 : Checking image 1 crop y2 3357
1609109965351557218 : Checking image 2 crop x1 137
1609109965351673717 : Checking image 2 crop y1 141
1609109965351713917 : Checking image 2 crop x2 2259
1609109965351749417 : Checking image 2 crop y2 3345
1609109965385563064 : Checking image 1 dpi 300
1609109965385702863 : Checking image 1 border top 129
1609109965385745063 : Checking image 1 border bottom 150
1609109965385781063 : Checking image 1 border left 173
1609109965385815963 : Checking image 1 border right 173
1609109965387866647 : Checking image 2 dpi 300
1609109965387929947 : Checking image 2 border top 130
1609109965387967346 : Checking image 2 border bottom 153
1609109965388000846 : Checking image 2 border left 169
1609109965388034546 : Checking image 2 border right 169

</system-out><system-err>--------------------------------- Captured Err ---------------------------------

</system-err></testcase><testcase classname="tests.test_images" name="test_wrong_angle_split_line_png" time="76.813"><system-out>--------------------------------- Captured Log ---------------------------------

--------------------------------- Captured Out ---------------------------------
/home/runner/work/ocr-book/ocr-book/tests/wrong_angle_split_line.png
1609109962369363363 : Checking separation double page angle 90.09193420006348
1609109962369468163 : Checking separation double page y=0 2478
1609109970632596087 : Checking page rotation 1 0.05
1609109980569316623 : Checking page rotation 2 0.0
1609109994929694624 : Checking image 1 crop x1 58
1609109994929821423 : Checking image 1 crop y1 7
1609109994929864522 : Checking image 1 crop x2 2472
1609109994929900922 : Checking image 1 crop y2 3505
1609110001325426323 : Checking image 2 crop x1 163
1609110001325574022 : Checking image 2 crop y1 217
1609110001325634622 : Checking image 2 crop x2 2246
1609110001325674522 : Checking image 2 crop y2 3350
1609110001493410568 : Checking image 1 dpi 300
1609110001493556367 : Checking image 1 border top 5
1609110001493596867 : Checking image 1 border bottom 5
1609110001493630466 : Checking image 1 border left 33
1609110001493680566 : Checking image 1 border right 33
1609110001501966404 : Checking image 2 dpi 300
1609110001502080803 : Checking image 2 border top 206
1609110001502120903 : Checking image 2 border bottom 148
1609110001502153503 : Checking image 2 border left 188
1609110001502184902 : Checking image 2 border right 188

</system-out><system-err>--------------------------------- Captured Err ---------------------------------

</system-err></testcase><testcase classname="tests.test_images" name="test_crop_too_much_2_png" time="92.414"><system-out>--------------------------------- Captured Log ---------------------------------

--------------------------------- Captured Out ---------------------------------
/home/runner/work/ocr-book/ocr-book/tests/crop_too_much_2.png
1609110019578873666 : Checking separation double page angle 90.1149074900787
1609110019578980265 : Checking separation double page y=0 2478
1609110032907636515 : Checking page rotation 1 0.2
1609110049311497045 : Checking page rotation 2 0.2
1609110052786146198 : Checking image 1 crop x1 332
1609110052786272797 : Checking image 1 crop y1 131
1609110052786313596 : Checking image 1 crop x2 2342
1609110052786348396 : Checking image 1 crop y2 3336
1609110057709854831 : Checking image 2 crop x1 162
1609110057709984430 : Checking image 2 crop y1 139
1609110057710027030 : Checking image 2 crop x2 2175
1609110057710065130 : Checking image 2 crop y2 3345
1609110057764422425 : Checking image 1 dpi 300
1609110057764534225 : Checking image 1 border top 119
1609110057764572924 : Checking image 1 border bottom 163
1609110057764606224 : Checking image 1 border left 225
1609110057764640724 : Checking image 1 border right 225
1609110057766797308 : Checking image 2 dpi 300
1609110057766853207 : Checking image 2 border top 130
1609110057766887407 : Checking image 2 border bottom 151
1609110057766940507 : Checking image 2 border left 223
1609110057766992706 : Checking image 2 border right 223

</system-out><system-err>--------------------------------- Captured Err ---------------------------------

</system-err></testcase><testcase classname="tests.test_images" name="test_angle_page_lower_split_line_png" time="60.569"><system-out>--------------------------------- Captured Log ---------------------------------

--------------------------------- Captured Out ---------------------------------
/home/runner/work/ocr-book/ocr-book/tests/angle_page_lower_split_line.png
1609110037754949664 : Checking separation double page angle 89.74927707086691
1609110037755057663 : Checking separation double page y=0 2474
1609110048652419153 : Checking page rotation 1 -0.4000000000000005
1609110056784195788 : Checking page rotation 2 0.2
1609110059632025139 : Checking image 1 crop x1 244
1609110059632158338 : Checking image 1 crop y1 160
1609110059632194837 : Checking image 1 crop x2 2350
1609110059632229437 : Checking image 1 crop y2 3365
1609110062798941390 : Checking image 2 crop x1 150
1609110062799057790 : Checking image 2 crop y1 147
1609110062799095389 : Checking image 2 crop x2 2257
1609110062799128989 : Checking image 2 crop y2 3350
1609110062836749409 : Checking image 1 dpi 300
1609110062836923108 : Checking image 1 border top 144
1609110062836962508 : Checking image 1 border bottom 138
1609110062836995707 : Checking image 1 border left 177
1609110062837029307 : Checking image 1 border right 177
1609110062839530089 : Checking image 2 dpi 300
1609110062839603688 : Checking image 2 border top 130
1609110062839638888 : Checking image 2 border bottom 154
1609110062839672788 : Checking image 2 border left 176
1609110062839703687 : Checking image 2 border right 176

</system-out><system-err>--------------------------------- Captured Err ---------------------------------

</system-err></testcase><testcase classname="tests.test_images" name="test_wrong_split_line_2_png" time="91.777"><system-out>--------------------------------- Captured Log ---------------------------------

--------------------------------- Captured Out ---------------------------------
/home/runner/work/ocr-book/ocr-book/tests/wrong_split_line_2.png
1609110106608399275 : Checking separation double page angle 90.19944704411863
1609110106608502574 : Checking separation double page y=0 2437
1609110120372294761 : Checking page rotation 1 0.2
1609110135490334087 : Checking page rotation 2 0.4
1609110141245770124 : Checking image 1 crop x1 294
1609110141245928023 : Checking image 1 crop y1 136
1609110141245965523 : Checking image 1 crop x2 2325
1609110141245999722 : Checking image 1 crop y2 3376
1609110149508695603 : Checking image 2 crop x1 140
1609110149508817502 : Checking image 2 crop y1 192
1609110149508856002 : Checking image 2 crop x2 2167
1609110149508892501 : Checking image 2 crop y2 3386
1609110149557171635 : Checking image 1 dpi 300
1609110149557284134 : Checking image 1 border top 131
1609110149557322534 : Checking image 1 border bottom 116
1609110149557357134 : Checking image 1 border left 214
1609110149557388933 : Checking image 1 border right 214
1609110149559745116 : Checking image 2 dpi 300
1609110149559811515 : Checking image 2 border top 183
1609110149559879415 : Checking image 2 border bottom 110
1609110149559912614 : Checking image 2 border left 216
1609110149559945214 : Checking image 2 border right 216

</system-out><system-err>--------------------------------- Captured Err ---------------------------------

</system-err></testcase><testcase classname="tests.test_images" name="test_wrong_wave_split_line_png" time="89.560"><system-out>--------------------------------- Captured Log ---------------------------------

--------------------------------- Captured Out ---------------------------------
/home/runner/work/ocr-book/ocr-book/tests/wrong_wave_split_line.png
1609110110361855227 : Checking separation double page angle 90.37878604107719
1609110110361965626 : Checking separation double page y=0 2500
1609110123213531207 : Checking page rotation 1 -0.14999999999999067
1609110135637138193 : Checking page rotation 2 0.85
1609110143474406114 : Checking image 1 crop x1 385
1609110143474522413 : Checking image 1 crop y1 179
1609110143474561212 : Checking image 1 crop x2 2411
1609110143474594712 : Checking image 1 crop y2 3374
1609110152318612083 : Checking image 2 crop x1 8
1609110152318737582 : Checking image 2 crop y1 0
1609110152318779982 : Checking image 2 crop x2 2415
1609110152318820281 : Checking image 2 crop y2 3505
1609110152389813043 : Checking image 1 dpi 300
1609110152389931042 : Checking image 1 border top 173
1609110152389969042 : Checking image 1 border bottom 119
1609110152390002641 : Checking image 1 border left 217
1609110152390054241 : Checking image 1 border right 217
1609110152392488822 : Checking image 2 dpi 300
1609110152392556522 : Checking image 2 border top 1
1609110152392594122 : Checking image 2 border bottom 1
1609110152392626821 : Checking image 2 border left 37
1609110152392659321 : Checking image 2 border right 37

</system-out><system-err>--------------------------------- Captured Err ---------------------------------

</system-err></testcase><testcase classname="tests.test_images" name="test_small_wave_png" time="80.189"><system-out>--------------------------------- Captured Log ---------------------------------

--------------------------------- Captured Out ---------------------------------
/home/runner/work/ocr-book/ocr-book/tests/small_wave.png
1609110201841892268 : Checking separation double page angle 90.58816928841564
1609110201841990068 : Checking separation double page y=0 2497
1609110214103668047 : Checking page rotation 1 0.65
1609110224711142973 : Checking page rotation 2 0.75
1609110227270069910 : Checking image 1 crop x1 320
1609110227270193509 : Checking image 1 crop y1 199
1609110227270235408 : Checking image 1 crop x2 2353
1609110227270273308 : Checking image 1 crop y2 3394
1609110229690625143 : Checking image 2 crop x1 132
1609110229690764942 : Checking image 2 crop y1 224
1609110229690808542 : Checking image 2 crop x2 2160
1609110229690848242 : Checking image 2 crop y2 3419
1609110229732594432 : Checking image 1 dpi 300
1609110229732706431 : Checking image 1 border top 179
1609110229732747031 : Checking image 1 border bottom 112
1609110229732784130 : Checking image 1 border left 213
1609110229732817930 : Checking image 1 border right 213
1609110229734983014 : Checking image 2 dpi 300
1609110229735040914 : Checking image 2 border top 197
1609110229735076413 : Checking image 2 border bottom 95
1609110229735110113 : Checking image 2 border left 216
1609110229735158813 : Checking image 2 border right 216

</system-out><system-err>--------------------------------- Captured Err ---------------------------------

</system-err></testcase><testcase classname="tests.test_images" name="test_no_split_line_line_algo_png" time="56.385"><system-out>--------------------------------- Captured Log ---------------------------------

--------------------------------- Captured Out ---------------------------------
/home/runner/work/ocr-book/ocr-book/tests/no_split_line_line_algo.png
1609110186296281158 : Checking separation double page angle 89.47691469185418
1609110186296405157 : Checking separation double page y=0 2476
1609110192150186862 : Checking page rotation 1 -0.14999999999999067
1609110202240991205 : Checking page rotation 2 -0.44999999999999746
1609110204827084305 : Checking image 1 crop x1 205
1609110204827227504 : Checking image 1 crop y1 158
1609110204827268704 : Checking image 1 crop x2 2320
1609110204827305704 : Checking image 1 crop y2 3366
1609110208753982951 : Checking image 2 crop x1 185
1609110208754101850 : Checking image 2 crop y1 221
1609110208754140850 : Checking image 2 crop x2 2201
1609110208754175449 : Checking image 2 crop y2 3366
1609110208796009539 : Checking image 1 dpi 300
1609110208796133038 : Checking image 1 border top 144
1609110208796172438 : Checking image 1 border bottom 134
1609110208796222837 : Checking image 1 border left 172
1609110208796255537 : Checking image 1 border right 172
1609110208798877018 : Checking image 2 dpi 300
1609110208798944117 : Checking image 2 border top 219
1609110208798994417 : Checking image 2 border bottom 123
1609110208799025417 : Checking image 2 border left 222
1609110208799056716 : Checking image 2 border right 222

</system-out><system-err>--------------------------------- Captured Err ---------------------------------

</system-err></testcase><testcase classname="tests.test_images" name="test_failed_split_line_line_algo_png" time="31.179"><system-out>--------------------------------- Captured Log ---------------------------------

--------------------------------- Captured Out ---------------------------------
/home/runner/work/ocr-book/ocr-book/tests/failed_split_line_line_algo.png
1609110229325787551 : Checking separation double page angle 90.04134220573248
1609110229325888250 : Checking separation double page y=0 2573
1609110233101161529 : Checking page rotation 1 -0.14999999999999067
1609110235581589393 : Checking page rotation 2 0.0
1609110238219861828 : Checking image 1 crop x1 407
1609110238219987827 : Checking image 1 crop y1 2925
1609110238220028227 : Checking image 1 crop x2 2419
1609110238220062627 : Checking image 1 crop y2 3174
1609110240000967687 : Checking image 2 crop x1 1184
1609110240001073686 : Checking image 2 crop y1 1748
1609110240001108486 : Checking image 2 crop x2 1185
1609110240001140886 : Checking image 2 crop y2 1749
1609110240001447083 : Checking image 1 dpi 300
1609110240001568182 : Checking image 1 border top 2922
1609110240001603682 : Checking image 1 border bottom 316
1609110240001636582 : Checking image 1 border left 224
1609110240001669082 : Checking image 1 border right 224
1609110240003924465 : Checking image 2 dpi 300
1609110240003998864 : Checking image 2 border top 1752
1609110240004036664 : Checking image 2 border bottom 1753
1609110240004071064 : Checking image 2 border left 1239
1609110240004105664 : Checking image 2 border right 1239

</system-out><system-err>--------------------------------- Captured Err ---------------------------------

</system-err></testcase><testcase classname="tests.test_images" name="test_wrong_split_line_3_png" time="63.282"><system-out>--------------------------------- Captured Log ---------------------------------

--------------------------------- Captured Out ---------------------------------
/home/runner/work/ocr-book/ocr-book/tests/wrong_split_line_3.png
1609110267729540615 : Checking separation double page angle 90.43729500214694
1609110267729645814 : Checking separation double page y=0 2498
1609110278449992753 : Checking page rotation 1 0.30000000000000004
1609110287033435191 : Checking page rotation 2 0.9
1609110290167403120 : Checking image 1 crop x1 331
1609110290167533819 : Checking image 1 crop y1 165
1609110290167575719 : Checking image 1 crop x2 2375
1609110290167616318 : Checking image 1 crop y2 3376
1609110293010536830 : Checking image 2 crop x1 102
1609110293010669029 : Checking image 2 crop y1 208
1609110293010711728 : Checking image 2 crop x2 2133
1609110293010751328 : Checking image 2 crop y2 3413
1609110293049480930 : Checking image 1 dpi 300
1609110293049587329 : Checking image 1 border top 157
1609110293049644529 : Checking image 1 border bottom 119
1609110293049680528 : Checking image 1 border left 208
1609110293049729528 : Checking image 1 border right 208
1609110293051988111 : Checking image 2 dpi 300
1609110293052054010 : Checking image 2 border top 187
1609110293052088310 : Checking image 2 border bottom 95
1609110293052121010 : Checking image 2 border left 214
1609110293052153709 : Checking image 2 border right 214

</system-out><system-err>--------------------------------- Captured Err ---------------------------------

</system-err></testcase><testcase classname="tests.test_images" name="test_failed_split_line_line_algo_2_png" time="71.962"><system-out>--------------------------------- Captured Log ---------------------------------

--------------------------------- Captured Out ---------------------------------
/home/runner/work/ocr-book/ocr-book/tests/failed_split_line_line_algo_2.png
1609110282368429114 : Checking separation double page angle 90.03068774449687
1609110282368549713 : Checking separation double page y=0 2500
1609110295297798019 : Checking page rotation 1 0.0
1609110306363536180 : Checking page rotation 2 0.6000000000000001
1609110309138155852 : Checking image 1 crop x1 272
1609110309138280751 : Checking image 1 crop y1 149
1609110309138320451 : Checking image 1 crop x2 2383
1609110309138354650 : Checking image 1 crop y2 3353
1609110311897432494 : Checking image 2 crop x1 121
1609110311897582193 : Checking image 2 crop y1 155
1609110311897640792 : Checking image 2 crop x2 2244
1609110311897694392 : Checking image 2 crop y2 3350
1609110311941933759 : Checking image 1 dpi 300
1609110311942057358 : Checking image 1 border top 138
1609110311942096058 : Checking image 1 border bottom 145
1609110311942130157 : Checking image 1 border left 174
1609110311942165857 : Checking image 1 border right 174
1609110311944447440 : Checking image 2 dpi 300
1609110311944541339 : Checking image 2 border top 136
1609110311944578539 : Checking image 2 border bottom 156
1609110311944613039 : Checking image 2 border left 168
1609110311944647639 : Checking image 2 border right 168

</system-out><system-err>--------------------------------- Captured Err ---------------------------------

</system-err></testcase><testcase classname="tests.test_images" name="test_crop_too_much_3_png" time="70.846"><system-out>--------------------------------- Captured Log ---------------------------------

--------------------------------- Captured Out ---------------------------------
/home/runner/work/ocr-book/ocr-book/tests/crop_too_much_3.png
1609110335275189863 : Checking separation double page angle 89.49330634783144
1609110335275291062 : Checking separation double page y=0 2498
1609110344274116162 : Checking page rotation 1 -0.8999999999999949
1609110356673133180 : Checking page rotation 2 -0.14999999999999067
1609110360158376118 : Checking image 1 crop x1 374
1609110360158571116 : Checking image 1 crop y1 258
1609110360158614315 : Checking image 1 crop x2 2385
1609110360158651915 : Checking image 1 crop y2 3459
1609110363843693880 : Checking image 2 crop x1 168
1609110363843816878 : Checking image 2 crop y1 228
1609110363843903477 : Checking image 2 crop x2 2181
1609110363843945176 : Checking image 2 crop y2 3417
1609110363891256848 : Checking image 1 dpi 300
1609110363891376147 : Checking image 1 border top 239
1609110363891417046 : Checking image 1 border bottom 47
1609110363891452946 : Checking image 1 border left 224
1609110363891487945 : Checking image 1 border right 224
1609110363893604617 : Checking image 2 dpi 300
1609110363893672516 : Checking image 2 border top 209
1609110363893742615 : Checking image 2 border bottom 89
1609110363893776215 : Checking image 2 border left 223
1609110363893812215 : Checking image 2 border right 223

</system-out><system-err>--------------------------------- Captured Err ---------------------------------

</system-err></testcase><testcase classname="tests.test_images" name="test_wrong_wave_split_line_2_png" time="78.227"><system-out>--------------------------------- Captured Log ---------------------------------

--------------------------------- Captured Out ---------------------------------
/home/runner/work/ocr-book/ocr-book/tests/wrong_wave_split_line_2.png
1609110355928726233 : Checking separation double page angle 90.7708958311329
1609110355928832232 : Checking separation double page y=0 2490
1609110366582268638 : Checking page rotation 1 0.4
1609110380089140182 : Checking page rotation 2 1.8
1609110383256095763 : Checking image 1 crop x1 224
1609110383256238061 : Checking image 1 crop y1 147
1609110383256278260 : Checking image 1 crop x2 2337
1609110383256313860 : Checking image 1 crop y2 3355
1609110390111101794 : Checking image 2 crop x1 107
1609110390111231092 : Checking image 2 crop y1 197
1609110390111269891 : Checking image 2 crop x2 2229
1609110390111303491 : Checking image 2 crop y2 3396
1609110390161858948 : Checking image 1 dpi 300
1609110390161985146 : Checking image 1 border top 137
1609110390162060745 : Checking image 1 border bottom 142
1609110390162113744 : Checking image 1 border left 173
1609110390162165844 : Checking image 1 border right 173
1609110390164379316 : Checking image 2 dpi 300
1609110390164437615 : Checking image 2 border top 171
1609110390164471214 : Checking image 2 border bottom 116
1609110390164503014 : Checking image 2 border left 169
1609110390164534814 : Checking image 2 border right 169

</system-out><system-err>--------------------------------- Captured Err ---------------------------------

</system-err></testcase><testcase classname="tests.test_images" name="test_wrong_wave_split_line_3_png" time="67.242"><system-out>--------------------------------- Captured Log ---------------------------------

--------------------------------- Captured Out ---------------------------------
/home/runner/work/ocr-book/ocr-book/tests/wrong_wave_split_line_3.png
1609110405637920584 : Checking separation double page angle 90.05826063695574
1609110405638030282 : Checking separation double page y=0 2514
1609110417069555623 : Checking page rotation 1 0.05
1609110425277714323 : Checking page rotation 2 0.30000000000000004
1609110428321652740 : Checking image 1 crop x1 273
1609110428321769339 : Checking image 1 crop y1 220
1609110428321836038 : Checking image 1 crop x2 2383
1609110428321908737 : Checking image 1 crop y2 3423
1609110431088383065 : Checking image 2 crop x1 114
1609110431088549563 : Checking image 2 crop y1 226
1609110431088592763 : Checking image 2 crop x2 2237
1609110431088633962 : Checking image 2 crop y2 3414
1609110431130663429 : Checking image 1 dpi 300
1609110431130779628 : Checking image 1 border top 202
1609110431130821327 : Checking image 1 border bottom 82
1609110431130858327 : Checking image 1 border left 175
1609110431130894626 : Checking image 1 border right 175
1609110431133235897 : Checking image 2 dpi 300
1609110431133301096 : Checking image 2 border top 207
1609110431133338095 : Checking image 2 border bottom 92
1609110431133372895 : Checking image 2 border left 168
1609110431133407194 : Checking image 2 border right 168

</system-out><system-err>--------------------------------- Captured Err ---------------------------------

</system-err></testcase><testcase classname="tests.test_images" name="test_no_split_line_wave_algo_png" time="75.787"><system-out>--------------------------------- Captured Log ---------------------------------

--------------------------------- Captured Out ---------------------------------
/home/runner/work/ocr-book/ocr-book/tests/no_split_line_wave_algo.png
1609110428736888876 : Checking separation double page angle 89.72500000000001
1609110428737035374 : Checking separation double page y=0 2484
1609110435340317631 : Checking page rotation 1 0.0
1609110446585916820 : Checking page rotation 2 -0.49999999999999434
1609110457880266230 : Checking image 1 crop x1 97
1609110457880348429 : Checking image 1 crop y1 79
1609110457880386028 : Checking image 1 crop x2 2494
1609110457880421328 : Checking image 1 crop y2 3505
1609110465867429821 : Checking image 2 crop x1 163
1609110465867568720 : Checking image 2 crop y1 266
1609110465867610719 : Checking image 2 crop x2 2238
1609110465867647219 : Checking image 2 crop y2 3381
1609110465912055349 : Checking image 1 dpi 300
1609110465912205447 : Checking image 1 border top 41
1609110465912243246 : Checking image 1 border bottom 41
1609110465912300346 : Checking image 1 border left 42
1609110465912334245 : Checking image 1 border right 42
1609110465914670415 : Checking image 2 dpi 300
1609110465914730414 : Checking image 2 border top 258
1609110465914766014 : Checking image 2 border bottom 114
1609110465914797913 : Checking image 2 border left 192
1609110465914830013 : Checking image 2 border right 192

</system-out><system-err>--------------------------------- Captured Err ---------------------------------

</system-err></testcase><testcase classname="tests.test_images" name="test_no_split_line_wave_algo_2_png" time="58.292"><system-out>--------------------------------- Captured Log ---------------------------------

--------------------------------- Captured Out ---------------------------------
/home/runner/work/ocr-book/ocr-book/tests/no_split_line_wave_algo_2.png
1609110465262706084 : Checking separation double page angle 90.54999999999998
1609110465262836782 : Checking separation double page y=0 2478
1609110474649196841 : Checking page rotation 1 1.1500000000000001
1609110484111997830 : Checking page rotation 2 0.2
1609110486967511370 : Checking image 1 crop x1 266
1609110486967644368 : Checking image 1 crop y1 209
1609110486967687667 : Checking image 1 crop x2 2342
1609110486967725267 : Checking image 1 crop y2 3413
1609110489402594878 : Checking image 2 crop x1 168
1609110489402716376 : Checking image 2 crop y1 241
1609110489402757776 : Checking image 2 crop x2 2251
1609110489402795475 : Checking image 2 crop y2 3433
1609110489442353170 : Checking image 1 dpi 300
1609110489442477468 : Checking image 1 border top 191
1609110489442522668 : Checking image 1 border bottom 92
1609110489442561567 : Checking image 1 border left 192
1609110489442598167 : Checking image 1 border right 192
1609110489444795139 : Checking image 2 dpi 300
1609110489444853138 : Checking image 2 border top 224
1609110489444886438 : Checking image 2 border bottom 71
1609110489444917637 : Checking image 2 border left 188
1609110489444948737 : Checking image 2 border right 188

</system-out><system-err>--------------------------------- Captured Err ---------------------------------

</system-err></testcase><testcase classname="tests.test_images" name="test_crop_too_few_2_png" time="56.898"><system-out>--------------------------------- Captured Log ---------------------------------

--------------------------------- Captured Out ---------------------------------
/home/runner/work/ocr-book/ocr-book/tests/crop_too_few_2.png
1609110499694326004 : Checking separation double page angle 90.30476192320097
1609110499694424102 : Checking separation double page y=0 2531
1609110508570346301 : Checking page rotation 1 1.2000000000000002
1609110516236192705 : Checking page rotation 2 -0.04999999999999689
1609110519389569228 : Checking image 1 crop x1 287
1609110519389693327 : Checking image 1 crop y1 165
1609110519389783726 : Checking image 1 crop x2 2398
1609110519389821025 : Checking image 1 crop y2 3368
1609110522841738497 : Checking image 2 crop x1 149
1609110522841856998 : Checking image 2 crop y1 189
1609110522841894099 : Checking image 2 crop x2 2273
1609110522841947600 : Checking image 2 crop y2 3386
1609110522879138264 : Checking image 1 dpi 300
1609110522879253465 : Checking image 1 border top 157
1609110522879335866 : Checking image 1 border bottom 127
1609110522879385067 : Checking image 1 border left 174
1609110522879418767 : Checking image 1 border right 174
1609110522881368891 : Checking image 2 dpi 300
1609110522881426992 : Checking image 2 border top 181
1609110522881475893 : Checking image 2 border bottom 109
1609110522881506493 : Checking image 2 border left 168
1609110522881537094 : Checking image 2 border right 168

</system-out><system-err>--------------------------------- Captured Err ---------------------------------

</system-err></testcase><testcase classname="tests.test_images" name="test_failed_detect_rectangle_png" time="69.138"><system-out>--------------------------------- Captured Log ---------------------------------

--------------------------------- Captured Out ---------------------------------
/home/runner/work/ocr-book/ocr-book/tests/failed_detect_rectangle.png
1609110529400830115 : Checking separation double page angle 90.19837516213148
1609110529401105711 : Checking separation double page y=0 2474
1609110539907351705 : Checking page rotation 1 0.2
1609110553171439575 : Checking page rotation 2 0.2
1609110555742616803 : Checking image 1 crop x1 257
1609110555742765902 : Checking image 1 crop y1 201
1609110555742824402 : Checking image 1 crop x2 2333
1609110555742875802 : Checking image 1 crop y2 3402
1609110558529665091 : Checking image 2 crop x1 136
1609110558529788090 : Checking image 2 crop y1 215
1609110558529827990 : Checking image 2 crop x2 2219
1609110558529864190 : Checking image 2 crop y2 3406
1609110558577650235 : Checking image 1 dpi 300
1609110558577761434 : Checking image 1 border top 188
1609110558577800234 : Checking image 1 border bottom 97
1609110558577835134 : Checking image 1 border left 192
1609110558577867633 : Checking image 1 border right 192
1609110558579783919 : Checking image 2 dpi 300
1609110558579865318 : Checking image 2 border top 200
1609110558579900718 : Checking image 2 border bottom 95
1609110558579930618 : Checking image 2 border left 188
1609110558579960918 : Checking image 2 border right 188

</system-out><system-err>--------------------------------- Captured Err ---------------------------------

</system-err></testcase><testcase classname="tests.test_images" name="test_single_page_png" time="28.400"><system-out>--------------------------------- Captured Log ---------------------------------

--------------------------------- Captured Out ---------------------------------
/home/runner/work/ocr-book/ocr-book/tests/single_page.png
1609110535261122639 : Checking separation double page angle 90.04999999999998
1609110535261242038 : Checking separation double page y=0 2476
1609110541026683169 : Checking page rotation 1 0.0
1609110541652299841 : Checking page rotation 2 0.0
1609110550253802724 : Checking image 1 crop x1 1
1609110550253893223 : Checking image 1 crop y1 8
1609110550253930523 : Checking image 1 crop x2 2470
1609110550253965822 : Checking image 1 crop y2 3505
1609110550912406411 : Checking image 2 crop x1 0
1609110550912482311 : Checking image 2 crop y1 0
1609110550912515311 : Checking image 2 crop x2 0
1609110550912546110 : Checking image 2 crop y2 0
1609110550912623510 : Checking image 1 dpi 300
1609110550912712209 : Checking image 1 border top 5
1609110550912752808 : Checking image 1 border bottom 5
1609110550912787908 : Checking image 1 border left 6
1609110550912823208 : Checking image 1 border right 6
1609110550919935945 : Checking image 2 border top 0
1609110550920004644 : Checking image 2 border bottom 0
1609110550920054544 : Checking image 2 border left 0
1609110550920085944 : Checking image 2 border right 0

</system-out><system-err>--------------------------------- Captured Err ---------------------------------

</system-err></testcase><testcase classname="tests.test_images" name="test_wrong_split_line_4_png" time="33.859"><system-out>--------------------------------- Captured Log ---------------------------------

--------------------------------- Captured Out ---------------------------------
/home/runner/work/ocr-book/ocr-book/tests/wrong_split_line_4.png
1609110571032312972 : Checking separation double page angle 91.04999999999998
1609110571032410372 : Checking separation double page y=0 60
1609110571348444954 : Checking page rotation 1 1.05
1609110580964054182 : Checking page rotation 2 1.1500000000000001
1609110581584100498 : Checking image 1 crop x1 0
1609110581584161697 : Checking image 1 crop y1 0
1609110581584191697 : Checking image 1 crop x2 0
1609110581584219797 : Checking image 1 crop y2 0
1609110585136082537 : Checking image 2 crop x1 292
1609110585136210136 : Checking image 2 crop y1 330
1609110585136263936 : Checking image 2 crop x2 2314
1609110585136294935 : Checking image 2 crop y2 3218
1609110585182392895 : Checking image 1 border top 0
1609110585182478794 : Checking image 1 border bottom 0
1609110585182518294 : Checking image 1 border left 0
1609110585182550493 : Checking image 1 border right 0
1609110585182625193 : Checking image 2 dpi 300
1609110585182704792 : Checking image 2 border top 322
1609110585182741592 : Checking image 2 border bottom 277
1609110585182777992 : Checking image 2 border left 219
1609110585182828691 : Checking image 2 border right 219

</system-out><system-err>--------------------------------- Captured Err ---------------------------------

</system-err></testcase><testcase classname="tests.test_images" name="test_no_split_line_wave_algo_3_png" time="21.674"><system-out>--------------------------------- Captured Log ---------------------------------

--------------------------------- Captured Out ---------------------------------
/home/runner/work/ocr-book/ocr-book/tests/no_split_line_wave_algo_3.png
1609110571205504002 : Checking separation double page angle 90.14999999999998
1609110571205610602 : Checking separation double page y=0 2408
1609110574351008036 : Checking page rotation 1 0.0
1609110574764360605 : Checking page rotation 2 0.35
1609110579578900623 : Checking image 1 crop x1 184
1609110579579015522 : Checking image 1 crop y1 2957
1609110579579071321 : Checking image 1 crop x2 2201
1609110579579122821 : Checking image 1 crop y2 3202
1609110580241320825 : Checking image 2 crop x1 0
1609110580241391425 : Checking image 2 crop y1 0
1609110580241423724 : Checking image 2 crop x2 0
1609110580241454224 : Checking image 2 crop y2 0
1609110580241545424 : Checking image 1 dpi 300
1609110580241621123 : Checking image 1 border top 2950
1609110580241658323 : Checking image 1 border bottom 292
1609110580241692423 : Checking image 1 border left 221
1609110580241725822 : Checking image 1 border right 221
1609110580252876240 : Checking image 2 border top 0
1609110580253223437 : Checking image 2 border bottom 0
1609110580253263237 : Checking image 2 border left 0
1609110580253297537 : Checking image 2 border right 0

</system-out><system-err>--------------------------------- Captured Err ---------------------------------

</system-err></testcase><testcase classname="tests.test_images" name="test_failed_split_line_line_algo_3_png" time="27.168"><system-out>--------------------------------- Captured Log ---------------------------------

--------------------------------- Captured Out ---------------------------------
/home/runner/work/ocr-book/ocr-book/tests/failed_split_line_line_algo_3.png
1609110599912578818 : Checking separation double page angle 90.0
1609110599912679017 : Checking separation double page y=0 40
1609110600097753962 : Checking page rotation 1 0.0
1609110605224494184 : Checking page rotation 2 0.0
1609110605711494815 : Checking image 1 crop x1 0
1609110605711559414 : Checking image 1 crop y1 0
1609110605711590114 : Checking image 1 crop x2 0
1609110605711619914 : Checking image 1 crop y2 0
1609110612325551258 : Checking image 2 crop x1 246
1609110612325666357 : Checking image 2 crop y1 154
1609110612325706057 : Checking image 2 crop x2 2259
1609110612325742556 : Checking image 2 crop y2 3361
1609110612364128630 : Checking image 1 border top 0
1609110612364193729 : Checking image 1 border bottom 0
1609110612364225529 : Checking image 1 border left 0
1609110612364255729 : Checking image 1 border right 0
1609110612364331328 : Checking image 2 dpi 300
1609110612364421927 : Checking image 2 border top 146
1609110612364457027 : Checking image 2 border bottom 134
1609110612364490327 : Checking image 2 border left 223
1609110612364525127 : Checking image 2 border right 223

</system-out><system-err>--------------------------------- Captured Err ---------------------------------

</system-err></testcase></testsuite></testsuites>