<?xml version="1.0" encoding="utf-8"?><testsuites><testsuite errors="0" failures="0" hostname="fv-az40-371" name="pytest" skipped="0" tests="33" time="1210.136" timestamp="2020-12-09T11:36:57.161466"><testcase classname="tests.test_features" name="test_mock_stop_at_0" time="0.054"><system-out>--------------------------------- Captured Log ---------------------------------

--------------------------------- Captured Out ---------------------------------
/home/runner/work/ocr-book/ocr-book/tests/0001_0.png

</system-out><system-err>--------------------------------- Captured Err ---------------------------------

</system-err></testcase><testcase classname="tests.test_features" name="test_disabled_enable_debug" time="66.376"><system-out>--------------------------------- Captured Log ---------------------------------

--------------------------------- Captured Out ---------------------------------
/home/runner/work/ocr-book/ocr-book/tests/0001_debug.png
separation double page angle 90.57780420099763
separation double page y=0 2487
page rotation 1 0.75
page rotation 2 0.2
image 1 crop x1 330
image 1 crop y1 336
image 1 crop x2 2343
image 1 crop y2 3223
image 2 crop x1 169
image 2 crop y1 648
image 2 crop x2 2186
image 2 crop y2 3361
image 1 dpi 300
image 1 border top 318
image 1 border bottom 282
image 1 border left 223
image 1 border right 223
image 2 dpi 300
image 2 border top 643
image 2 border bottom 131
image 2 border left 221
image 2 border right 221

</system-out><system-err>--------------------------------- Captured Err ---------------------------------

</system-err></testcase><testcase classname="tests.test_features" name="test_mock_stop_at_2" time="59.119"><system-out>--------------------------------- Captured Log ---------------------------------

--------------------------------- Captured Out ---------------------------------
/home/runner/work/ocr-book/ocr-book/tests/0001_2.png
separation double page angle 90.57780420099763
separation double page y=0 2487
page rotation 1 0.75
page rotation 2 0.2

</system-out><system-err>--------------------------------- Captured Err ---------------------------------

</system-err></testcase><testcase classname="tests.test_features" name="test_mock_stop_at_4" time="63.380"><system-out>--------------------------------- Captured Log ---------------------------------

--------------------------------- Captured Out ---------------------------------
/home/runner/work/ocr-book/ocr-book/tests/0001_4.png
separation double page angle 90.57780420099763
separation double page y=0 2487
page rotation 1 0.75
page rotation 2 0.2
image 1 crop x1 330
image 1 crop y1 336
image 1 crop x2 2343
image 1 crop y2 3223
image 2 crop x1 169
image 2 crop y1 648
image 2 crop x2 2186
image 2 crop y2 3361
image 1 dpi 300
image 1 border top 318
image 1 border bottom 282
image 1 border left 223
image 1 border right 223
image 2 dpi 300
image 2 border top 643
image 2 border bottom 131
image 2 border left 221
image 2 border right 221

</system-out><system-err>--------------------------------- Captured Err ---------------------------------

</system-err></testcase><testcase classname="tests.test_features" name="test_mock_stop_at_1" time="35.700"><system-out>--------------------------------- Captured Log ---------------------------------

--------------------------------- Captured Out ---------------------------------
/home/runner/work/ocr-book/ocr-book/tests/0001_1.png
separation double page angle 90.57780420099763
separation double page y=0 2487

</system-out><system-err>--------------------------------- Captured Err ---------------------------------

</system-err></testcase><testcase classname="tests.test_features" name="test_mock_stop_at_3" time="63.268"><system-out>--------------------------------- Captured Log ---------------------------------

--------------------------------- Captured Out ---------------------------------
/home/runner/work/ocr-book/ocr-book/tests/0001_3.png
separation double page angle 90.57780420099763
separation double page y=0 2487
page rotation 1 0.75
page rotation 2 0.2
image 1 crop x1 330
image 1 crop y1 336
image 1 crop x2 2343
image 1 crop y2 3223
image 2 crop x1 169
image 2 crop y1 648
image 2 crop x2 2186
image 2 crop y2 3361

</system-out><system-err>--------------------------------- Captured Err ---------------------------------

</system-err></testcase><testcase classname="tests.test_images" name="test_0001_png" time="74.997"><system-out>--------------------------------- Captured Log ---------------------------------

--------------------------------- Captured Out ---------------------------------
/home/runner/work/ocr-book/ocr-book/tests/0001.png
1607513982763630938 : Checking separation double page angle 90.57780420099763
1607513982763770545 : Checking separation double page y=0 2487
1607513993198079672 : Checking page rotation 1 0.75
1607514006486766562 : Checking page rotation 2 0.2
1607514011490260467 : Checking image 1 crop x1 330
1607514011490421975 : Checking image 1 crop y1 336
1607514011490470177 : Checking image 1 crop x2 2343
1607514011490513679 : Checking image 1 crop y2 3223
1607514015864729959 : Checking image 2 crop x1 169
1607514015864892067 : Checking image 2 crop y1 648
1607514015864943569 : Checking image 2 crop x2 2186
1607514015864986671 : Checking image 2 crop y2 3361
1607514015900840200 : Checking image 1 dpi 300
1607514015900996407 : Checking image 1 border top 318
1607514015901044209 : Checking image 1 border bottom 282
1607514015901084211 : Checking image 1 border left 223
1607514015901122913 : Checking image 1 border right 223
1607514015904384561 : Checking image 2 dpi 300
1607514015904460065 : Checking image 2 border top 643
1607514015904501166 : Checking image 2 border bottom 131
1607514015904539868 : Checking image 2 border left 221
1607514015904593671 : Checking image 2 border right 221

</system-out><system-err>--------------------------------- Captured Err ---------------------------------

</system-err></testcase><testcase classname="tests.test_features" name="test_mock_stop_at_5" time="62.587"><system-out>--------------------------------- Captured Log ---------------------------------

--------------------------------- Captured Out ---------------------------------
/home/runner/work/ocr-book/ocr-book/tests/0001_5.png
separation double page angle 90.57780420099763
separation double page y=0 2487
page rotation 1 0.75
page rotation 2 0.2
image 1 crop x1 330
image 1 crop y1 336
image 1 crop x2 2343
image 1 crop y2 3223
image 2 crop x1 169
image 2 crop y1 648
image 2 crop x2 2186
image 2 crop y2 3361
image 1 dpi 300
image 1 border top 318
image 1 border bottom 282
image 1 border left 223
image 1 border right 223
image 2 dpi 300
image 2 border top 643
image 2 border bottom 131
image 2 border left 221
image 2 border right 221

</system-out><system-err>--------------------------------- Captured Err ---------------------------------

</system-err></testcase><testcase classname="tests.test_images" name="test_2_pages_2_contours_png" time="47.681"><system-out>--------------------------------- Captured Log ---------------------------------

--------------------------------- Captured Out ---------------------------------
/home/runner/work/ocr-book/ocr-book/tests/2-pages-2-contours.png
1607514044591161030 : Checking separation double page angle 89.91958537671144
1607514044591284723 : Checking separation double page y=0 2492
1607514047350576404 : Checking page rotation 1 0.05
1607514057031032408 : Checking page rotation 2 0.35000000000000003
1607514058947006064 : Checking image 1 crop x1 1189
1607514058947157557 : Checking image 1 crop y1 1748
1607514058947202755 : Checking image 1 crop x2 1190
1607514058947242353 : Checking image 1 crop y2 1749
1607514063561095468 : Checking image 2 crop x1 89
1607514063561268160 : Checking image 2 crop y1 240
1607514063561316657 : Checking image 2 crop x2 2136
1607514063561361155 : Checking image 2 crop y2 3239
1607514063597578464 : Checking image 1 dpi 300
1607514063597727657 : Checking image 1 border top 1753
1607514063597775455 : Checking image 1 border bottom 1753
1607514063597815553 : Checking image 1 border left 1239
1607514063597854151 : Checking image 1 border right 1239
1607514063600389733 : Checking image 2 dpi 300
1607514063600482429 : Checking image 2 border top 227
1607514063600523227 : Checking image 2 border bottom 261
1607514063600561025 : Checking image 2 border left 206
1607514063600599223 : Checking image 2 border right 206

</system-out><system-err>--------------------------------- Captured Err ---------------------------------

</system-err></testcase><testcase classname="tests.test_images" name="test_angle_page_lower_split_line_png" time="79.372"><system-out>--------------------------------- Captured Log ---------------------------------

--------------------------------- Captured Out ---------------------------------
/home/runner/work/ocr-book/ocr-book/tests/angle_page_lower_split_line.png
1607514096143237385 : Checking separation double page angle 89.75201324945476
1607514096143399080 : Checking separation double page y=0 2473
1607514108282804299 : Checking page rotation 1 -0.44999999999998863
1607514118132169518 : Checking page rotation 2 0.2
1607514121956557498 : Checking image 1 crop x1 245
1607514121956753894 : Checking image 1 crop y1 161
1607514121956796693 : Checking image 1 crop x2 2351
1607514121956857292 : Checking image 1 crop y2 3364
1607514125604459305 : Checking image 2 crop x1 151
1607514125604628602 : Checking image 2 crop y1 147
1607514125604676401 : Checking image 2 crop x2 2258
1607514125604721000 : Checking image 2 crop y2 3350
1607514125649676428 : Checking image 1 dpi 300
1607514125649838125 : Checking image 1 border top 141
1607514125657444794 : Checking image 1 border bottom 143
1607514125657507393 : Checking image 1 border left 177
1607514125657548393 : Checking image 1 border right 177
1607514125660477542 : Checking image 2 dpi 300
1607514125660590040 : Checking image 2 border top 129
1607514125660633240 : Checking image 2 border bottom 155
1607514125660671939 : Checking image 2 border left 176
1607514125660709638 : Checking image 2 border right 176

</system-out><system-err>--------------------------------- Captured Err ---------------------------------

</system-err></testcase><testcase classname="tests.test_images" name="test_black_border_not_removed_png" time="86.198"><system-out>--------------------------------- Captured Log ---------------------------------

--------------------------------- Captured Out ---------------------------------
/home/runner/work/ocr-book/ocr-book/tests/black-border-not-removed.png
1607514111621228428 : Checking separation double page angle 90.02895758682553
1607514111621369725 : Checking separation double page y=0 2456
1607514122203150066 : Checking page rotation 1 0.0
1607514138157007811 : Checking page rotation 2 0.0
1607514142939551987 : Checking image 1 crop x1 297
1607514142939725685 : Checking image 1 crop y1 143
1607514142939775185 : Checking image 1 crop x2 2309
1607514142939818384 : Checking image 1 crop y2 3346
1607514149756400678 : Checking image 2 crop x1 157
1607514149756570577 : Checking image 2 crop y1 145
1607514149756620076 : Checking image 2 crop x2 2169
1607514149756664676 : Checking image 2 crop y2 3352
1607514149794618331 : Checking image 1 dpi 300
1607514149794775529 : Checking image 1 border top 127
1607514149794822129 : Checking image 1 border bottom 157
1607514149794862328 : Checking image 1 border left 224
1607514149794901228 : Checking image 1 border right 224
1607514149798348297 : Checking image 2 dpi 300
1607514149798429196 : Checking image 2 border top 133
1607514149798470495 : Checking image 2 border bottom 147
1607514149798508195 : Checking image 2 border left 224
1607514149798545495 : Checking image 2 border right 224

</system-out><system-err>--------------------------------- Captured Err ---------------------------------

</system-err></testcase><testcase classname="tests.test_images" name="test_wrong_split_line_png" time="59.593"><system-out>--------------------------------- Captured Log ---------------------------------

--------------------------------- Captured Out ---------------------------------
/home/runner/work/ocr-book/ocr-book/tests/wrong_split_line.png
1607514161466203460 : Checking separation double page angle 89.85895720607971
1607514161466324360 : Checking separation double page y=0 2463
1607514169858636318 : Checking page rotation 1 -0.14999999999999147
1607514179008641912 : Checking page rotation 2 0.65
1607514182007970490 : Checking image 1 crop x1 213
1607514182008169490 : Checking image 1 crop y1 157
1607514182008216490 : Checking image 1 crop x2 2323
1607514182008259390 : Checking image 1 crop y2 3362
1607514185224787911 : Checking image 2 crop x1 126
1607514185224993611 : Checking image 2 crop y1 167
1607514185225039811 : Checking image 2 crop x2 2237
1607514185225119811 : Checking image 2 crop y2 3372
1607514185262960530 : Checking image 1 dpi 300
1607514185263117331 : Checking image 1 border top 135
1607514185263173431 : Checking image 1 border bottom 147
1607514185263218031 : Checking image 1 border left 175
1607514185263256731 : Checking image 1 border right 175
1607514185266485832 : Checking image 2 dpi 300
1607514185266607532 : Checking image 2 border top 139
1607514185266650732 : Checking image 2 border bottom 143
1607514185266689232 : Checking image 2 border left 174
1607514185266738032 : Checking image 2 border right 174

</system-out><system-err>--------------------------------- Captured Err ---------------------------------

</system-err></testcase><testcase classname="tests.test_images" name="test_image_failed_to_rotate_png" time="79.372"><system-out>--------------------------------- Captured Log ---------------------------------

--------------------------------- Captured Out ---------------------------------
/home/runner/work/ocr-book/ocr-book/tests/image_failed_to_rotate.png
1607514188907815268 : Checking separation double page angle 90.19634423290287
1607514188907977169 : Checking separation double page y=0 2482
1607514195305141779 : Checking page rotation 1 0.35000000000000003
1607514207460813161 : Checking page rotation 2 0.45
1607514221726919799 : Checking image 1 crop x1 34
1607514221727090501 : Checking image 1 crop y1 1
1607514221727141501 : Checking image 1 crop x2 2480
1607514221727185901 : Checking image 1 crop y2 3500
1607514229013875908 : Checking image 2 crop x1 169
1607514229014047009 : Checking image 2 crop y1 234
1607514229014095810 : Checking image 2 crop x2 2248
1607514229014155810 : Checking image 2 crop y2 3355
1607514229059274621 : Checking image 1 dpi 300
1607514229059433622 : Checking image 1 border top 4
1607514229059483823 : Checking image 1 border bottom 4
1607514229059523123 : Checking image 1 border left 17
1607514229059561523 : Checking image 1 border right 17
1607514229062880153 : Checking image 2 dpi 300
1607514229062994654 : Checking image 2 border top 221
1607514229063037155 : Checking image 2 border bottom 145
1607514229063075155 : Checking image 2 border left 190
1607514229063113056 : Checking image 2 border right 190

</system-out><system-err>--------------------------------- Captured Err ---------------------------------

</system-err></testcase><testcase classname="tests.test_images" name="test_crop_too_much_png" time="113.231"><system-out>--------------------------------- Captured Log ---------------------------------

--------------------------------- Captured Out ---------------------------------
/home/runner/work/ocr-book/ocr-book/tests/crop_too_much.png
1607514251651625583 : Checking separation double page angle 90.13239409272953
1607514251651786885 : Checking separation double page y=0 2453
1607514269009734556 : Checking page rotation 1 0.0
1607514287394608629 : Checking page rotation 2 0.45
1607514293216276564 : Checking image 1 crop x1 303
1607514293216448767 : Checking image 1 crop y1 148
1607514293216496168 : Checking image 1 crop x2 2313
1607514293216539068 : Checking image 1 crop y2 3351
1607514298417756714 : Checking image 2 crop x1 170
1607514298417922417 : Checking image 2 crop y1 155
1607514298417970818 : Checking image 2 crop x2 2181
1607514298418016819 : Checking image 2 crop y2 3359
1607514298473240002 : Checking image 1 dpi 300
1607514298473396504 : Checking image 1 border top 131
1607514298473443805 : Checking image 1 border bottom 153
1607514298473483306 : Checking image 1 border left 225
1607514298473521707 : Checking image 1 border right 225
1607514298477347975 : Checking image 2 dpi 300
1607514298477562779 : Checking image 2 border top 133
1607514298477620180 : Checking image 2 border bottom 150
1607514298477660380 : Checking image 2 border left 224
1607514298477698181 : Checking image 2 border right 224

</system-out><system-err>--------------------------------- Captured Err ---------------------------------

</system-err></testcase><testcase classname="tests.test_images" name="test_image_failed_to_crop_data_png" time="77.306"><system-out>--------------------------------- Captured Log ---------------------------------

--------------------------------- Captured Out ---------------------------------
/home/runner/work/ocr-book/ocr-book/tests/image_failed_to_crop_data.png
1607514268882127995 : Checking separation double page angle 89.91538216173362
1607514268882413599 : Checking separation double page y=0 2477
1607514276151431351 : Checking page rotation 1 0.2
1607514285689572910 : Checking page rotation 2 0.0
1607514300000565885 : Checking image 1 crop x1 58
1607514300000742788 : Checking image 1 crop y1 8
1607514300000795289 : Checking image 1 crop x2 2480
1607514300000840890 : Checking image 1 crop y2 3504
1607514306371954596 : Checking image 2 crop x1 159
1607514306372135099 : Checking image 2 crop y1 217
1607514306372183900 : Checking image 2 crop x2 2241
1607514306372228701 : Checking image 2 crop y2 3350
1607514306406678239 : Checking image 1 dpi 300
1607514306406842742 : Checking image 1 border top 6
1607514306406894543 : Checking image 1 border bottom 6
1607514306406934544 : Checking image 1 border left 29
1607514306406972745 : Checking image 1 border right 29
1607514306410371508 : Checking image 2 dpi 300
1607514306410483110 : Checking image 2 border top 206
1607514306410525811 : Checking image 2 border bottom 148
1607514306410564811 : Checking image 2 border left 189
1607514306410603212 : Checking image 2 border right 189

</system-out><system-err>--------------------------------- Captured Err ---------------------------------

</system-err></testcase><testcase classname="tests.test_images" name="test_crop_too_few_png" time="66.820"><system-out>--------------------------------- Captured Log ---------------------------------

--------------------------------- Captured Out ---------------------------------
/home/runner/work/ocr-book/ocr-book/tests/crop_too_few.png
1607514338826572248 : Checking separation double page angle 89.39669496435833
1607514338826698151 : Checking separation double page y=0 2510
1607514347975042924 : Checking page rotation 1 -0.75
1607514358063091962 : Checking page rotation 2 0.05
1607514361727384681 : Checking image 1 crop x1 265
1607514361727567686 : Checking image 1 crop y1 152
1607514361727647187 : Checking image 1 crop x2 2375
1607514361727709189 : Checking image 1 crop y2 3356
1607514365287309601 : Checking image 2 crop x1 135
1607514365287499305 : Checking image 2 crop y1 141
1607514365287547506 : Checking image 2 crop x2 2261
1607514365287590207 : Checking image 2 crop y2 3345
1607514365325960880 : Checking image 1 dpi 300
1607514365326116784 : Checking image 1 border top 134
1607514365326163385 : Checking image 1 border bottom 149
1607514365326203186 : Checking image 1 border left 175
1607514365326243687 : Checking image 1 border right 175
1607514365330031773 : Checking image 2 dpi 300
1607514365330146175 : Checking image 2 border top 129
1607514365330188276 : Checking image 2 border bottom 154
1607514365330226877 : Checking image 2 border left 167
1607514365330264878 : Checking image 2 border right 167

</system-out><system-err>--------------------------------- Captured Err ---------------------------------

</system-err></testcase><testcase classname="tests.test_images" name="test_wrong_angle_split_line_png" time="85.825"><system-out>--------------------------------- Captured Log ---------------------------------

--------------------------------- Captured Out ---------------------------------
/home/runner/work/ocr-book/ocr-book/tests/wrong_angle_split_line.png
1607514348283262022 : Checking separation double page angle 90.04193420006348
1607514348283503527 : Checking separation double page y=0 2477
1607514357987791179 : Checking page rotation 1 0.2
1607514369292319952 : Checking page rotation 2 0.2
1607514384461771131 : Checking image 1 crop x1 61
1607514384461972135 : Checking image 1 crop y1 7
1607514384462025337 : Checking image 1 crop x2 2475
1607514384462070138 : Checking image 1 crop y2 3500
1607514391292044863 : Checking image 2 crop x1 165
1607514391292234967 : Checking image 2 crop y1 219
1607514391292280568 : Checking image 2 crop x2 2241
1607514391292321569 : Checking image 2 crop y2 3348
1607514391494612341 : Checking image 1 dpi 300
1607514391494791345 : Checking image 1 border top 7
1607514391494838047 : Checking image 1 border bottom 7
1607514391494888548 : Checking image 1 border left 33
1607514391494929549 : Checking image 1 border right 33
1607514391506357324 : Checking image 2 dpi 300
1607514391506519728 : Checking image 2 border top 207
1607514391506560829 : Checking image 2 border bottom 151
1607514391506596230 : Checking image 2 border left 192
1607514391506632031 : Checking image 2 border right 192

</system-out><system-err>--------------------------------- Captured Err ---------------------------------

</system-err></testcase><testcase classname="tests.test_images" name="test_crop_too_much_2_png" time="113.714"><system-out>--------------------------------- Captured Log ---------------------------------

--------------------------------- Captured Out ---------------------------------
/home/runner/work/ocr-book/ocr-book/tests/crop_too_much_2.png
1607514430428337144 : Checking separation double page angle 90.2021118646249
1607514430428479947 : Checking separation double page y=0 2477
1607514446447697647 : Checking page rotation 1 0.2
1607514466687691524 : Checking page rotation 2 0.2
1607514472004140864 : Checking image 1 crop x1 332
1607514472004321569 : Checking image 1 crop y1 131
1607514472004369370 : Checking image 1 crop x2 2342
1607514472004411371 : Checking image 1 crop y2 3336
1607514478948528797 : Checking image 2 crop x1 168
1607514478948695402 : Checking image 2 crop y1 139
1607514478948743603 : Checking image 2 crop x2 2181
1607514478948786204 : Checking image 2 crop y2 3345
1607514479012212515 : Checking image 1 dpi 300
1607514479012371920 : Checking image 1 border top 118
1607514479012418621 : Checking image 1 border bottom 164
1607514479012458522 : Checking image 1 border left 225
1607514479012497323 : Checking image 1 border right 225
1607514479015789612 : Checking image 2 dpi 300
1607514479015891015 : Checking image 2 border top 127
1607514479015937316 : Checking image 2 border bottom 154
1607514479015975017 : Checking image 2 border left 223
1607514479016012718 : Checking image 2 border right 223

</system-out><system-err>--------------------------------- Captured Err ---------------------------------

</system-err></testcase><testcase classname="tests.test_images" name="test_wrong_split_line_3_png" time="85.083"><system-out>--------------------------------- Captured Log ---------------------------------

--------------------------------- Captured Out ---------------------------------
/home/runner/work/ocr-book/ocr-book/tests/wrong_split_line_3.png
1607514443870851610 : Checking separation double page angle 90.43729500214693
1607514443870978613 : Checking separation double page y=0 2498
1607514459142218084 : Checking page rotation 1 0.30000000000000004
1607514470312409528 : Checking page rotation 2 0.9
1607514473889653879 : Checking image 1 crop x1 331
1607514473889824684 : Checking image 1 crop y1 165
1607514473889873685 : Checking image 1 crop x2 2375
1607514473889914986 : Checking image 1 crop y2 3376
1607514477338203973 : Checking image 2 crop x1 102
1607514477338412579 : Checking image 2 crop y1 208
1607514477338469581 : Checking image 2 crop x2 2133
1607514477338514282 : Checking image 2 crop y2 3413
1607514477378609962 : Checking image 1 dpi 300
1607514477378777967 : Checking image 1 border top 148
1607514477378825668 : Checking image 1 border bottom 128
1607514477378877470 : Checking image 1 border left 208
1607514477378915971 : Checking image 1 border right 208
1607514477382237660 : Checking image 2 dpi 300
1607514477382356763 : Checking image 2 border top 191
1607514477382399465 : Checking image 2 border bottom 91
1607514477382438266 : Checking image 2 border left 214
1607514477382476867 : Checking image 2 border right 214

</system-out><system-err>--------------------------------- Captured Err ---------------------------------

</system-err></testcase><testcase classname="tests.test_images" name="test_wrong_wave_split_line_png" time="125.466"><system-out>--------------------------------- Captured Log ---------------------------------

--------------------------------- Captured Out ---------------------------------
/home/runner/work/ocr-book/ocr-book/tests/wrong_wave_split_line.png
1607514542913255996 : Checking separation double page angle 90.5287860410772
1607514542913376996 : Checking separation double page y=0 2502
1607514556816289591 : Checking page rotation 1 -0.14999999999999147
1607514570838889581 : Checking page rotation 2 0.8500000000000001
1607514582509717643 : Checking image 1 crop x1 385
1607514582509902543 : Checking image 1 crop y1 179
1607514582509949843 : Checking image 1 crop x2 2411
1607514582509992043 : Checking image 1 crop y2 3374
1607514602789772988 : Checking image 2 crop x1 27
1607514602789938488 : Checking image 2 crop y1 1
1607514602789989688 : Checking image 2 crop x2 2489
1607514602790034189 : Checking image 2 crop y2 3505
1607514602848118069 : Checking image 1 dpi 300
1607514602848274570 : Checking image 1 border top 169
1607514602848322670 : Checking image 1 border bottom 123
1607514602848362670 : Checking image 1 border left 217
1607514602848400770 : Checking image 1 border right 217
1607514602851646980 : Checking image 2 dpi 300
1607514602851759480 : Checking image 2 border top 2
1607514602851814581 : Checking image 2 border bottom 2
1607514602851915781 : Checking image 2 border left 9
1607514602851960981 : Checking image 2 border right 9

</system-out><system-err>--------------------------------- Captured Err ---------------------------------

</system-err></testcase><testcase classname="tests.test_images" name="test_wrong_split_line_2_png" time="126.009"><system-out>--------------------------------- Captured Log ---------------------------------

--------------------------------- Captured Out ---------------------------------
/home/runner/work/ocr-book/ocr-book/tests/wrong_split_line_2.png
1607514547938071057 : Checking separation double page angle 90.3838786217729
1607514547938235057 : Checking separation double page y=0 2442
1607514564260026725 : Checking page rotation 1 0.05
1607514582002891021 : Checking page rotation 2 0.4
1607514591403415571 : Checking image 1 crop x1 294
1607514591403579171 : Checking image 1 crop y1 137
1607514591403626971 : Checking image 1 crop x2 2326
1607514591403668671 : Checking image 1 crop y2 3375
1607514604981211561 : Checking image 2 crop x1 146
1607514604981391461 : Checking image 2 crop y1 192
1607514604981485861 : Checking image 2 crop x2 2173
1607514604981538662 : Checking image 2 crop y2 3386
1607514605033660436 : Checking image 1 dpi 300
1607514605033841036 : Checking image 1 border top 124
1607514605033895536 : Checking image 1 border bottom 124
1607514605033940337 : Checking image 1 border left 214
1607514605033984237 : Checking image 1 border right 214
1607514605037652149 : Checking image 2 dpi 300
1607514605037787550 : Checking image 2 border top 185
1607514605037838650 : Checking image 2 border bottom 108
1607514605037902450 : Checking image 2 border left 216
1607514605037946250 : Checking image 2 border right 216

</system-out><system-err>--------------------------------- Captured Err ---------------------------------

</system-err></testcase><testcase classname="tests.test_images" name="test_no_split_line_line_algo_png" time="72.635"><system-out>--------------------------------- Captured Log ---------------------------------

--------------------------------- Captured Out ---------------------------------
/home/runner/work/ocr-book/ocr-book/tests/no_split_line_line_algo.png
1607514646342017226 : Checking separation double page angle 89.47691469185418
1607514646342171227 : Checking separation double page y=0 2476
1607514653161511284 : Checking page rotation 1 -0.14999999999999147
1607514667899465057 : Checking page rotation 2 -0.44999999999998863
1607514670974312567 : Checking image 1 crop x1 205
1607514670974496069 : Checking image 1 crop y1 158
1607514670974542169 : Checking image 1 crop x2 2320
1607514670974601970 : Checking image 1 crop y2 3366
1607514675461924664 : Checking image 2 crop x1 185
1607514675462093965 : Checking image 2 crop y1 221
1607514675462141966 : Checking image 2 crop x2 2201
1607514675462185466 : Checking image 2 crop y2 3366
1607514675507155364 : Checking image 1 dpi 300
1607514675507318465 : Checking image 1 border top 141
1607514675507365666 : Checking image 1 border bottom 138
1607514675507421566 : Checking image 1 border left 172
1607514675507458667 : Checking image 1 border right 172
1607514675510888497 : Checking image 2 dpi 300
1607514675510991098 : Checking image 2 border top 215
1607514675511066799 : Checking image 2 border bottom 127
1607514675511104799 : Checking image 2 border left 222
1607514675511146199 : Checking image 2 border right 222

</system-out><system-err>--------------------------------- Captured Err ---------------------------------

</system-err></testcase><testcase classname="tests.test_images" name="test_small_wave_png" time="82.632"><system-out>--------------------------------- Captured Log ---------------------------------

--------------------------------- Captured Out ---------------------------------
/home/runner/work/ocr-book/ocr-book/tests/small_wave.png
1607514654979157296 : Checking separation double page angle 90.61316928841566
1607514654979281897 : Checking separation double page y=0 2495
1607514667600945182 : Checking page rotation 1 0.7000000000000001
1607514680576747069 : Checking page rotation 2 0.7000000000000001
1607514683939443225 : Checking image 1 crop x1 322
1607514683939613126 : Checking image 1 crop y1 199
1607514683939661127 : Checking image 1 crop x2 2351
1607514683939703527 : Checking image 1 crop y2 3394
1607514687627775174 : Checking image 2 crop x1 135
1607514687627988176 : Checking image 2 crop y1 223
1607514687628035877 : Checking image 2 crop x2 2164
1607514687628078277 : Checking image 2 crop y2 3419
1607514687670496086 : Checking image 1 dpi 300
1607514687670644788 : Checking image 1 border top 178
1607514687670691688 : Checking image 1 border bottom 114
1607514687670730988 : Checking image 1 border left 215
1607514687670769489 : Checking image 1 border right 215
1607514687674142321 : Checking image 2 dpi 300
1607514687674221122 : Checking image 2 border top 196
1607514687674261822 : Checking image 2 border bottom 95
1607514687674300123 : Checking image 2 border left 215
1607514687674337823 : Checking image 2 border right 215

</system-out><system-err>--------------------------------- Captured Err ---------------------------------

</system-err></testcase><testcase classname="tests.test_images" name="test_failed_split_line_line_algo_png" time="29.594"><system-out>--------------------------------- Captured Log ---------------------------------

--------------------------------- Captured Out ---------------------------------
/home/runner/work/ocr-book/ocr-book/tests/failed_split_line_line_algo.png
1607514693740250749 : Checking separation double page angle 90.01634220573249
1607514693740416750 : Checking separation double page y=0 2575
1607514697759221205 : Checking page rotation 1 -0.14999999999999147
1607514700218878406 : Checking page rotation 2 0.0
1607514703413399085 : Checking image 1 crop x1 407
1607514703413569287 : Checking image 1 crop y1 2925
1607514703413617188 : Checking image 1 crop x2 2419
1607514703413658988 : Checking image 1 crop y2 3174
1607514705140998753 : Checking image 2 crop x1 1184
1607514705141168255 : Checking image 2 crop y1 1744
1607514705141216656 : Checking image 2 crop x2 1185
1607514705141255956 : Checking image 2 crop y2 1745
1607514705141689961 : Checking image 1 dpi 300
1607514705141792162 : Checking image 1 border top 2917
1607514705141835262 : Checking image 1 border bottom 321
1607514705141873763 : Checking image 1 border left 224
1607514705141911163 : Checking image 1 border right 224
1607514705143709783 : Checking image 2 dpi 300
1607514705143771383 : Checking image 2 border top 1752
1607514705143820484 : Checking image 2 border bottom 1753
1607514705143901785 : Checking image 2 border left 1239
1607514705143950085 : Checking image 2 border right 1239

</system-out><system-err>--------------------------------- Captured Err ---------------------------------

</system-err></testcase><testcase classname="tests.test_images" name="test_failed_split_line_line_algo_2_png" time="80.959"><system-out>--------------------------------- Captured Log ---------------------------------

--------------------------------- Captured Out ---------------------------------
/home/runner/work/ocr-book/ocr-book/tests/failed_split_line_line_algo_2.png
1607514739365868676 : Checking separation double page angle 89.9913422057325
1607514739366009178 : Checking separation double page y=0 2498
1607514750928443287 : Checking page rotation 1 0.0
1607514761361889856 : Checking page rotation 2 0.6000000000000001
1607514764976683938 : Checking image 1 crop x1 272
1607514764976852240 : Checking image 1 crop y1 149
1607514764976899441 : Checking image 1 crop x2 2383
1607514764976941142 : Checking image 1 crop y2 3353
1607514768602188206 : Checking image 2 crop x1 107
1607514768602347208 : Checking image 2 crop y1 155
1607514768602394409 : Checking image 2 crop x2 2230
1607514768602436510 : Checking image 2 crop y2 3350
1607514768647941953 : Checking image 1 dpi 300
1607514768648088055 : Checking image 1 border top 139
1607514768648150256 : Checking image 1 border bottom 144
1607514768648207557 : Checking image 1 border left 174
1607514768648245157 : Checking image 1 border right 174
1607514768651701406 : Checking image 2 dpi 300
1607514768651782307 : Checking image 2 border top 136
1607514768651820508 : Checking image 2 border bottom 156
1607514768651877809 : Checking image 2 border left 168
1607514768651915909 : Checking image 2 border right 168

</system-out><system-err>--------------------------------- Captured Err ---------------------------------

</system-err></testcase><testcase classname="tests.test_images" name="test_crop_too_much_3_png" time="77.810"><system-out>--------------------------------- Captured Log ---------------------------------

--------------------------------- Captured Out ---------------------------------
/home/runner/work/ocr-book/ocr-book/tests/crop_too_much_3.png
1607514750660935940 : Checking separation double page angle 89.55580634783144
1607514750661076142 : Checking separation double page y=0 2499
1607514760502750322 : Checking page rotation 1 -0.9499999999999886
1607514772762999556 : Checking page rotation 2 -0.14999999999999147
1607514777838942325 : Checking image 1 crop x1 373
1607514777839110428 : Checking image 1 crop y1 258
1607514777839173329 : Checking image 1 crop x2 2386
1607514777839215429 : Checking image 1 crop y2 3458
1607514782862804697 : Checking image 2 crop x1 167
1607514782862981399 : Checking image 2 crop y1 228
1607514782863032000 : Checking image 2 crop x2 2180
1607514782863108601 : Checking image 2 crop y2 3417
1607514782916976497 : Checking image 1 dpi 300
1607514782917154400 : Checking image 1 border top 239
1607514782917199701 : Checking image 1 border bottom 48
1607514782917239101 : Checking image 1 border left 223
1607514782917277402 : Checking image 1 border right 223
1607514782919963341 : Checking image 2 dpi 300
1607514782920052843 : Checking image 2 border top 207
1607514782920091643 : Checking image 2 border bottom 91
1607514782920127644 : Checking image 2 border left 223
1607514782920163844 : Checking image 2 border right 223

</system-out><system-err>--------------------------------- Captured Err ---------------------------------

</system-err></testcase><testcase classname="tests.test_images" name="test_wrong_wave_split_line_2_png" time="80.557"><system-out>--------------------------------- Captured Log ---------------------------------

--------------------------------- Captured Out ---------------------------------
/home/runner/work/ocr-book/ocr-book/tests/wrong_wave_split_line_2.png
1607514819789448004 : Checking separation double page angle 90.7708958311329
1607514819789591507 : Checking separation double page y=0 2490
1607514828983994769 : Checking page rotation 1 0.4
1607514841677230441 : Checking page rotation 2 1.8
1607514845305686168 : Checking image 1 crop x1 224
1607514845305872071 : Checking image 1 crop y1 147
1607514845305919572 : Checking image 1 crop x2 2337
1607514845305961472 : Checking image 1 crop y2 3355
1607514849138297804 : Checking image 2 crop x1 72
1607514849138454007 : Checking image 2 crop y1 197
1607514849138501408 : Checking image 2 crop x2 2194
1607514849138543809 : Checking image 2 crop y2 3396
1607514849189330693 : Checking image 1 dpi 300
1607514849189475796 : Checking image 1 border top 133
1607514849189522196 : Checking image 1 border bottom 146
1607514849189577097 : Checking image 1 border left 173
1607514849189612398 : Checking image 1 border right 173
1607514849193025057 : Checking image 2 dpi 300
1607514849193094259 : Checking image 2 border top 167
1607514849193134359 : Checking image 2 border bottom 121
1607514849193171160 : Checking image 2 border left 169
1607514849193208161 : Checking image 2 border right 169

</system-out><system-err>--------------------------------- Captured Err ---------------------------------

</system-err></testcase><testcase classname="tests.test_images" name="test_wrong_wave_split_line_3_png" time="73.171"><system-out>--------------------------------- Captured Log ---------------------------------

--------------------------------- Captured Out ---------------------------------
/home/runner/work/ocr-book/ocr-book/tests/wrong_wave_split_line_3.png
1607514829789533820 : Checking separation double page angle 90.0586735161512
1607514829789663222 : Checking separation double page y=0 2510
1607514840884493762 : Checking page rotation 1 0.1
1607514849037017841 : Checking page rotation 2 0.35000000000000003
1607514852570305230 : Checking image 1 crop x1 272
1607514852570493033 : Checking image 1 crop y1 219
1607514852570539234 : Checking image 1 crop x2 2383
1607514852570579335 : Checking image 1 crop y2 3423
1607514856060876483 : Checking image 2 crop x1 119
1607514856061052686 : Checking image 2 crop y1 226
1607514856061100287 : Checking image 2 crop x2 2240
1607514856061143587 : Checking image 2 crop y2 3413
1607514856103890342 : Checking image 1 dpi 300
1607514856104053845 : Checking image 1 border top 202
1607514856104100246 : Checking image 1 border bottom 81
1607514856104140646 : Checking image 1 border left 174
1607514856104179147 : Checking image 1 border right 174
1607514856106803193 : Checking image 2 dpi 300
1607514856106905795 : Checking image 2 border top 203
1607514856106947796 : Checking image 2 border bottom 97
1607514856106985997 : Checking image 2 border left 169
1607514856107024197 : Checking image 2 border right 169

</system-out><system-err>--------------------------------- Captured Err ---------------------------------

</system-err></testcase><testcase classname="tests.test_images" name="test_no_split_line_wave_algo_png" time="73.222"><system-out>--------------------------------- Captured Log ---------------------------------

--------------------------------- Captured Out ---------------------------------
/home/runner/work/ocr-book/ocr-book/tests/no_split_line_wave_algo.png
1607514884741737488 : Checking separation double page angle 89.93575909193099
1607514884741870690 : Checking separation double page y=0 2482
1607514891496750639 : Checking page rotation 1 0.0
1607514901869156013 : Checking page rotation 2 -0.5499999999999972
1607514913102889457 : Checking image 1 crop x1 97
1607514913103011659 : Checking image 1 crop y1 77
1607514913103055760 : Checking image 1 crop x2 2483
1607514913103097861 : Checking image 1 crop y2 3505
1607514922341034136 : Checking image 2 crop x1 164
1607514922341209439 : Checking image 2 crop y1 266
1607514922341255540 : Checking image 2 crop x2 2241
1607514922341296441 : Checking image 2 crop y2 3382
1607514922385904515 : Checking image 1 dpi 300
1607514922386085419 : Checking image 1 border top 40
1607514922386135720 : Checking image 1 border bottom 40
1607514922386177421 : Checking image 1 border left 47
1607514922386220621 : Checking image 1 border right 47
1607514922389732190 : Checking image 2 dpi 300
1607514922389812992 : Checking image 2 border top 254
1607514922389854393 : Checking image 2 border bottom 117
1607514922389892493 : Checking image 2 border left 191
1607514922389929894 : Checking image 2 border right 191

</system-out><system-err>--------------------------------- Captured Err ---------------------------------

</system-err></testcase><testcase classname="tests.test_images" name="test_no_split_line_wave_algo_2_png" time="62.832"><system-out>--------------------------------- Captured Log ---------------------------------

--------------------------------- Captured Out ---------------------------------
/home/runner/work/ocr-book/ocr-book/tests/no_split_line_wave_algo_2.png
1607514894102054271 : Checking separation double page angle 91.21822795596304
1607514894102172273 : Checking separation double page y=0 2488
1607514903444699649 : Checking page rotation 1 1.1
1607514912512907348 : Checking page rotation 2 0.2
1607514915936139484 : Checking image 1 crop x1 266
1607514915936325188 : Checking image 1 crop y1 210
1607514915936389389 : Checking image 1 crop x2 2342
1607514915936462590 : Checking image 1 crop y2 3413
1607514918902807326 : Checking image 2 crop x1 199
1607514918903010230 : Checking image 2 crop y1 241
1607514918903058131 : Checking image 2 crop x2 2282
1607514918903102832 : Checking image 2 crop y2 3433
1607514918944858446 : Checking image 1 dpi 300
1607514918945011849 : Checking image 1 border top 194
1607514918945058650 : Checking image 1 border bottom 90
1607514918945097651 : Checking image 1 border left 192
1607514918945135651 : Checking image 1 border right 192
1607514918948401615 : Checking image 2 dpi 300
1607514918948535418 : Checking image 2 border top 226
1607514918948577618 : Checking image 2 border bottom 69
1607514918948615319 : Checking image 2 border left 188
1607514918948653020 : Checking image 2 border right 188

</system-out><system-err>--------------------------------- Captured Err ---------------------------------

</system-err></testcase><testcase classname="tests.test_images" name="test_failed_detect_rectangle_png" time="80.256"><system-out>--------------------------------- Captured Log ---------------------------------

--------------------------------- Captured Out ---------------------------------
/home/runner/work/ocr-book/ocr-book/tests/failed_detect_rectangle.png
1607514968349340714 : Checking separation double page angle 90.19837516213147
1607514968349466216 : Checking separation double page y=0 2471
1607514979355192905 : Checking page rotation 1 0.2
1607514991984240832 : Checking page rotation 2 0.2
1607514995377244368 : Checking image 1 crop x1 257
1607514995377544274 : Checking image 1 crop y1 201
1607514995377591475 : Checking image 1 crop x2 2333
1607514995377631876 : Checking image 1 crop y2 3402
1607514999141947843 : Checking image 2 crop x1 139
1607514999142147747 : Checking image 2 crop y1 215
1607514999142196048 : Checking image 2 crop x2 2222
1607514999142257149 : Checking image 2 crop y2 3406
1607514999192707524 : Checking image 1 dpi 300
1607514999192858128 : Checking image 1 border top 188
1607514999192902629 : Checking image 1 border bottom 98
1607514999192940429 : Checking image 1 border left 192
1607514999192977330 : Checking image 1 border right 192
1607514999196170998 : Checking image 2 dpi 300
1607514999196341002 : Checking image 2 border top 200
1607514999196397603 : Checking image 2 border bottom 95
1607514999196437004 : Checking image 2 border left 188
1607514999196475705 : Checking image 2 border right 188

</system-out><system-err>--------------------------------- Captured Err ---------------------------------

</system-err></testcase><testcase classname="tests.test_images" name="test_crop_too_few_2_png" time="68.373"><system-out>--------------------------------- Captured Log ---------------------------------

--------------------------------- Captured Out ---------------------------------
/home/runner/work/ocr-book/ocr-book/tests/crop_too_few_2.png
1607514965120190646 : Checking separation double page angle 90.25476192320097
1607514965120332549 : Checking separation double page y=0 2531
1607514974881731860 : Checking page rotation 1 1.2000000000000002
1607514983852949772 : Checking page rotation 2 -0.09999999999999432
1607514987598195183 : Checking image 1 crop x1 287
1607514987598406788 : Checking image 1 crop y1 165
1607514987598455789 : Checking image 1 crop x2 2398
1607514987598498390 : Checking image 1 crop y2 3368
1607514990786761200 : Checking image 2 crop x1 145
1607514990786948704 : Checking image 2 crop y1 175
1607514990786999405 : Checking image 2 crop x2 2271
1607514990787051406 : Checking image 2 crop y2 3373
1607514990826709744 : Checking image 1 dpi 300
1607514990826863548 : Checking image 1 border top 139
1607514990826910749 : Checking image 1 border bottom 145
1607514990826950450 : Checking image 1 border left 174
1607514990826989150 : Checking image 1 border right 174
1607514990830337521 : Checking image 2 dpi 300
1607514990830434923 : Checking image 2 border top 180
1607514990830476324 : Checking image 2 border bottom 109
1607514990830514225 : Checking image 2 border left 167
1607514990830551626 : Checking image 2 border right 167

</system-out><system-err>--------------------------------- Captured Err ---------------------------------

</system-err></testcase><testcase classname="tests.test_images" name="test_single_page_png" time="25.472"><system-out>--------------------------------- Captured Log ---------------------------------

--------------------------------- Captured Out ---------------------------------
/home/runner/work/ocr-book/ocr-book/tests/single_page.png
1607515009495415750 : Checking separation double page angle 89.97500000000001
1607515009495543253 : Checking separation double page y=0 2469
1607515015155175128 : Checking page rotation 1 0.0
1607515015786126263 : Checking page rotation 2 0.0
1607515023665351721 : Checking image 1 crop x1 1
1607515023665474123 : Checking image 1 crop y1 9
1607515023665589126 : Checking image 1 crop x2 2464
1607515023665636127 : Checking image 1 crop y2 3505
1607515024307719898 : Checking image 2 crop x1 0
1607515024307815100 : Checking image 2 crop y1 0
1607515024307876002 : Checking image 2 crop x2 0
1607515024307917702 : Checking image 2 crop y2 0
1607515024308007104 : Checking image 1 dpi 300
1607515024308084506 : Checking image 1 border top 6
1607515024308126307 : Checking image 1 border bottom 6
1607515024308164308 : Checking image 1 border left 9
1607515024308202809 : Checking image 1 border right 9
1607515024317125003 : Checking image 2 border top 0
1607515024317231105 : Checking image 2 border bottom 0
1607515024317275806 : Checking image 2 border left 0
1607515024317313607 : Checking image 2 border right 0

</system-out><system-err>--------------------------------- Captured Err ---------------------------------

</system-err></testcase></testsuite></testsuites>