<?xml version="1.0" encoding="utf-8"?><testsuites><testsuite errors="0" failures="0" hostname="travis-job-d5354c4e-c6b2-4554-bfa7-e54dfc52be0b" name="pytest" skipped="0" tests="5" time="401.971" timestamp="2020-10-22T07:55:55.514932"><testcase classname="tests.test_images" name="test_0001_png" time="74.974"><system-out>--------------------------------- Captured Log ---------------------------------

--------------------------------- Captured Out ---------------------------------
0001.png
1603353398292665299 : Checking separation double page angle 90.5270406818651
1603353398292753987 : Checking separation double page y=0 2485
1603353411431181537 : Checking page rotation 1 0.7000000000000001
1603353429377688331 : Checking page rotation 2 0.2
1603353430027833463 : Checking image 1 crop x1 332
1603353430027918979 : Checking image 1 crop y1 336
1603353430027951453 : Checking image 1 crop x2 2343
1603353430027982829 : Checking image 1 crop y2 3223
1603353430665246584 : Checking image 2 crop x1 169
1603353430665326351 : Checking image 2 crop y1 649
1603353430665359382 : Checking image 2 crop x2 2183
1603353430665390569 : Checking image 2 crop y2 3360
1603353430718753997 : Checking image 1 dpi 300
1603353430718885543 : Checking image 1 border top 325
1603353430718914676 : Checking image 1 border bottom 275
1603353430718940386 : Checking image 1 border left 224
1603353430718966270 : Checking image 1 border right 224
1603353430720898507 : Checking image 2 dpi 300
1603353430721022222 : Checking image 2 border top 672
1603353430721050411 : Checking image 2 border bottom 104
1603353430721075446 : Checking image 2 border left 223
1603353430721114307 : Checking image 2 border right 223

</system-out><system-err>--------------------------------- Captured Err ---------------------------------

</system-err></testcase><testcase classname="tests.test_images" name="test_2_pages_2_contours_png" time="37.731"><system-out>--------------------------------- Captured Log ---------------------------------

--------------------------------- Captured Out ---------------------------------
2-pages-2-contours.png
1603353452926974960 : Checking separation double page angle 90.2210765693812
1603353452927054587 : Checking separation double page y=0 2487
1603353454846662208 : Checking page rotation 1 0.0
1603353467392938016 : Checking page rotation 2 0.35000000000000003
1603353467872404406 : Checking image 1 crop x1 1183
1603353467872464498 : Checking image 1 crop y1 1720
1603353467872490593 : Checking image 1 crop x2 1184
1603353467872515138 : Checking image 1 crop y2 1721
1603353468435823824 : Checking image 2 crop x1 109
1603353468435906516 : Checking image 2 crop y1 241
1603353468435938948 : Checking image 2 crop x2 2154
1603353468435970578 : Checking image 2 crop y2 3239
1603353468462582687 : Checking image 1 dpi 300
1603353468462670262 : Checking image 1 border top 1752
1603353468462706021 : Checking image 1 border bottom 1753
1603353468462731867 : Checking image 1 border left 1239
1603353468462757492 : Checking image 1 border right 1239
1603353468464143212 : Checking image 2 dpi 300
1603353468464262452 : Checking image 2 border top 230
1603353468464289754 : Checking image 2 border bottom 259
1603353468464315481 : Checking image 2 border left 207
1603353468464341367 : Checking image 2 border right 207

</system-out><system-err>--------------------------------- Captured Err ---------------------------------

</system-err></testcase><testcase classname="tests.test_images" name="test_black_border_not_removed_png" time="89.358"><system-out>--------------------------------- Captured Log ---------------------------------

--------------------------------- Captured Out ---------------------------------
black-border-not-removed.png
1603353520568975329 : Checking separation double page angle 89.96520148719509
1603353520569064394 : Checking separation double page y=0 2454
1603353534429186172 : Checking page rotation 1 0.0
1603353556415315596 : Checking page rotation 2 0.0
1603353557082798923 : Checking image 1 crop x1 298
1603353557082884894 : Checking image 1 crop y1 144
1603353557082917767 : Checking image 1 crop x2 2308
1603353557082948930 : Checking image 1 crop y2 3346
1603353557759705761 : Checking image 2 crop x1 158
1603353557759795319 : Checking image 2 crop y1 146
1603353557759828284 : Checking image 2 crop x2 2169
1603353557759859790 : Checking image 2 crop y2 3351
1603353557814893566 : Checking image 1 dpi 300
1603353557815024453 : Checking image 1 border top 129
1603353557815053536 : Checking image 1 border bottom 156
1603353557815080425 : Checking image 1 border left 225
1603353557815106066 : Checking image 1 border right 225
1603353557817049004 : Checking image 2 dpi 300
1603353557817157585 : Checking image 2 border top 131
1603353557817185977 : Checking image 2 border bottom 151
1603353557817219514 : Checking image 2 border left 224
1603353557817245046 : Checking image 2 border right 224

</system-out><system-err>--------------------------------- Captured Err ---------------------------------

</system-err></testcase><testcase classname="tests.test_images" name="test_image_failed_to_rotate_png" time="122.804"><system-out>--------------------------------- Captured Log ---------------------------------

--------------------------------- Captured Out ---------------------------------
image_failed_to_rotate.png
1603353589931153674 : Checking separation double page angle 90.32101699455094
1603353589931246920 : Checking separation double page y=0 2487
1603353595533918708 : Checking page rotation 1 0.30000000000000004
1603353609117693389 : Checking page rotation 2 0.4
1603353679720418089 : Checking image 1 crop x1 86
1603353679720513676 : Checking image 1 crop y1 6
1603353679720546707 : Checking image 1 crop x2 2480
1603353679720585121 : Checking image 1 crop y2 3483
1603353680392551828 : Checking image 2 crop x1 171
1603353680392640958 : Checking image 2 crop y1 235
1603353680392673768 : Checking image 2 crop x2 2250
1603353680392705717 : Checking image 2 crop y2 3355
1603353680537480810 : Checking image 1 dpi 300
1603353680537617362 : Checking image 1 border top 15
1603353680537648197 : Checking image 1 border bottom 15
1603353680537674204 : Checking image 1 border left 41
1603353680537699748 : Checking image 1 border right 41
1603353680539797204 : Checking image 2 dpi 300
1603353680539921152 : Checking image 2 border top 207
1603353680539949226 : Checking image 2 border bottom 160
1603353680539974788 : Checking image 2 border left 190
1603353680540000882 : Checking image 2 border right 190

</system-out><system-err>--------------------------------- Captured Err ---------------------------------

</system-err></testcase><testcase classname="tests.test_images" name="test_image_failed_to_crop_data_png" time="75.950"><system-out>--------------------------------- Captured Log ---------------------------------

--------------------------------- Captured Out ---------------------------------
image_failed_to_crop_data.png
1603353712475829665 : Checking separation double page angle 90.0674195607512
1603353712475914129 : Checking separation double page y=0 2484
1603353719393072426 : Checking page rotation 1 0.0
1603353731921767656 : Checking page rotation 2 0.1
1603353755842934256 : Checking image 1 crop x1 116
1603353755843033519 : Checking image 1 crop y1 7
1603353755843066516 : Checking image 1 crop x2 2476
1603353755843097850 : Checking image 1 crop y2 3503
1603353756433170603 : Checking image 2 crop x1 160
1603353756433253159 : Checking image 2 crop y1 219
1603353756433285839 : Checking image 2 crop x2 2237
1603353756433318159 : Checking image 2 crop y2 3349
1603353756533504016 : Checking image 1 dpi 300
1603353756533634088 : Checking image 1 border top 5
1603353756533663464 : Checking image 1 border bottom 5
1603353756533697888 : Checking image 1 border left 55
1603353756533723808 : Checking image 1 border right 55
1603353756535767970 : Checking image 2 dpi 300
1603353756535888419 : Checking image 2 border top 211
1603353756535916269 : Checking image 2 border bottom 146
1603353756535941560 : Checking image 2 border left 191
1603353756535967312 : Checking image 2 border right 191

</system-out><system-err>--------------------------------- Captured Err ---------------------------------

</system-err></testcase></testsuite></testsuites>