<?xml version="1.0" encoding="utf-8"?><testsuites><testsuite name="pytest" errors="0" failures="0" skipped="0" tests="36" time="1102.881" timestamp="2020-12-26T09:49:25.185679" hostname="fv-az119-109"><testcase classname="tests.test_features" name="test_disabled_enable_debug" time="58.163"><system-out>--------------------------------- Captured Log ---------------------------------

--------------------------------- Captured Out ---------------------------------
/home/runner/work/ocr-book/ocr-book/tests/0001_debug.png
separation double page angle 90.5528088189967
separation double page y=0 2485
page rotation 1 0.75
page rotation 2 0.2
image 1 crop x1 330
image 1 crop y1 336
image 1 crop x2 2343
image 1 crop y2 3223
image 2 crop x1 169
image 2 crop y1 648
image 2 crop x2 2186
image 2 crop y2 3361
image 1 dpi 300
image 1 border top 333
image 1 border bottom 266
image 1 border left 223
image 1 border right 223
image 2 dpi 300
image 2 border top 643
image 2 border bottom 131
image 2 border left 221
image 2 border right 221

</system-out><system-err>--------------------------------- Captured Err ---------------------------------

</system-err></testcase><testcase classname="tests.test_features" name="test_mock_stop_at_0" time="0.045"><system-out>--------------------------------- Captured Log ---------------------------------

--------------------------------- Captured Out ---------------------------------
/home/runner/work/ocr-book/ocr-book/tests/0001_0.png

</system-out><system-err>--------------------------------- Captured Err ---------------------------------

</system-err></testcase><testcase classname="tests.test_features" name="test_mock_stop_at_2" time="51.339"><system-out>--------------------------------- Captured Log ---------------------------------

--------------------------------- Captured Out ---------------------------------
/home/runner/work/ocr-book/ocr-book/tests/0001_2.png
separation double page angle 90.5528088189967
separation double page y=0 2485
page rotation 1 0.75
page rotation 2 0.2

</system-out><system-err>--------------------------------- Captured Err ---------------------------------

</system-err></testcase><testcase classname="tests.test_features" name="test_mock_stop_at_4" time="53.191"><system-out>--------------------------------- Captured Log ---------------------------------

--------------------------------- Captured Out ---------------------------------
/home/runner/work/ocr-book/ocr-book/tests/0001_4.png
separation double page angle 90.5528088189967
separation double page y=0 2485
page rotation 1 0.75
page rotation 2 0.2
image 1 crop x1 330
image 1 crop y1 336
image 1 crop x2 2343
image 1 crop y2 3223
image 2 crop x1 169
image 2 crop y1 648
image 2 crop x2 2186
image 2 crop y2 3361
image 1 dpi 300
image 1 border top 333
image 1 border bottom 266
image 1 border left 223
image 1 border right 223
image 2 dpi 300
image 2 border top 643
image 2 border bottom 131
image 2 border left 221
image 2 border right 221

</system-out><system-err>--------------------------------- Captured Err ---------------------------------

</system-err></testcase><testcase classname="tests.test_features" name="test_mock_stop_at_1" time="32.061"><system-out>--------------------------------- Captured Log ---------------------------------

--------------------------------- Captured Out ---------------------------------
/home/runner/work/ocr-book/ocr-book/tests/0001_1.png
separation double page angle 90.5528088189967
separation double page y=0 2485

</system-out><system-err>--------------------------------- Captured Err ---------------------------------

</system-err></testcase><testcase classname="tests.test_features" name="test_mock_stop_at_3" time="52.531"><system-out>--------------------------------- Captured Log ---------------------------------

--------------------------------- Captured Out ---------------------------------
/home/runner/work/ocr-book/ocr-book/tests/0001_3.png
separation double page angle 90.5528088189967
separation double page y=0 2485
page rotation 1 0.75
page rotation 2 0.2
image 1 crop x1 330
image 1 crop y1 336
image 1 crop x2 2343
image 1 crop y2 3223
image 2 crop x1 169
image 2 crop y1 648
image 2 crop x2 2186
image 2 crop y2 3361

</system-out><system-err>--------------------------------- Captured Err ---------------------------------

</system-err></testcase><testcase classname="tests.test_images" name="test_0001_png" time="64.879"><system-out>--------------------------------- Captured Log ---------------------------------

--------------------------------- Captured Out ---------------------------------
/home/runner/work/ocr-book/ocr-book/tests/0001.png
1608976307734607687 : Checking separation double page angle 90.5528088189967
1608976307734727587 : Checking separation double page y=0 2485
1608976315836596898 : Checking page rotation 1 0.75
1608976327005731644 : Checking page rotation 2 0.2
1608976331761020944 : Checking image 1 crop x1 330
1608976331761333444 : Checking image 1 crop y1 336
1608976331761384844 : Checking image 1 crop x2 2343
1608976331761487244 : Checking image 1 crop y2 3223
1608976335627643848 : Checking image 2 crop x1 169
1608976335627785948 : Checking image 2 crop y1 648
1608976335627825348 : Checking image 2 crop x2 2186
1608976335627858948 : Checking image 2 crop y2 3361
1608976335660313736 : Checking image 1 dpi 300
1608976335660436336 : Checking image 1 border top 333
1608976335660489536 : Checking image 1 border bottom 266
1608976335660519636 : Checking image 1 border left 223
1608976335660548036 : Checking image 1 border right 223
1608976335663466035 : Checking image 2 dpi 300
1608976335663533535 : Checking image 2 border top 643
1608976335663565335 : Checking image 2 border bottom 131
1608976335663595135 : Checking image 2 border left 221
1608976335663623935 : Checking image 2 border right 221

</system-out><system-err>--------------------------------- Captured Err ---------------------------------

</system-err></testcase><testcase classname="tests.test_features" name="test_mock_stop_at_5" time="56.985"><system-out>--------------------------------- Captured Log ---------------------------------

--------------------------------- Captured Out ---------------------------------
/home/runner/work/ocr-book/ocr-book/tests/0001_5.png
separation double page angle 90.5528088189967
separation double page y=0 2485
page rotation 1 0.75
page rotation 2 0.2
image 1 crop x1 330
image 1 crop y1 336
image 1 crop x2 2343
image 1 crop y2 3223
image 2 crop x1 169
image 2 crop y1 648
image 2 crop x2 2186
image 2 crop y2 3361
image 1 dpi 300
image 1 border top 333
image 1 border bottom 266
image 1 border left 223
image 1 border right 223
image 2 dpi 300
image 2 border top 643
image 2 border bottom 131
image 2 border left 221
image 2 border right 221

</system-out><system-err>--------------------------------- Captured Err ---------------------------------

</system-err></testcase><testcase classname="tests.test_images" name="test_black_border_not_removed_png" time="72.142"><system-out>--------------------------------- Captured Log ---------------------------------

--------------------------------- Captured Out ---------------------------------
/home/runner/work/ocr-book/ocr-book/tests/black-border-not-removed.png
1608976375823495217 : Checking separation double page angle 90.033171103531
1608976375823627817 : Checking separation double page y=0 2455
1608976382747614067 : Checking page rotation 1 0.0
1608976396110102697 : Checking page rotation 2 0.0
1608976401309609038 : Checking image 1 crop x1 297
1608976401309744538 : Checking image 1 crop y1 143
1608976401309802438 : Checking image 1 crop x2 2309
1608976401309836238 : Checking image 1 crop y2 3346
1608976407766611260 : Checking image 2 crop x1 159
1608976407766797860 : Checking image 2 crop y1 145
1608976407766836860 : Checking image 2 crop x2 2171
1608976407766873160 : Checking image 2 crop y2 3352
1608976407806825368 : Checking image 1 dpi 300
1608976407806941068 : Checking image 1 border top 132
1608976407807012568 : Checking image 1 border bottom 152
1608976407807047368 : Checking image 1 border left 224
1608976407807077268 : Checking image 1 border right 224
1608976407810432468 : Checking image 2 dpi 300
1608976407810553268 : Checking image 2 border top 132
1608976407810620268 : Checking image 2 border bottom 148
1608976407810651368 : Checking image 2 border left 224
1608976407810681468 : Checking image 2 border right 224

</system-out><system-err>--------------------------------- Captured Err ---------------------------------

</system-err></testcase><testcase classname="tests.test_images" name="test_2_pages_2_contours_png" time="39.412"><system-out>--------------------------------- Captured Log ---------------------------------

--------------------------------- Captured Out ---------------------------------
/home/runner/work/ocr-book/ocr-book/tests/2-pages-2-contours.png
1608976388619193788 : Checking separation double page angle 90.09036871657068
1608976388619376988 : Checking separation double page y=0 2486
1608976391171896693 : Checking page rotation 1 0.05
1608976399213043757 : Checking page rotation 2 0.30000000000000004
1608976401225040417 : Checking image 1 crop x1 1189
1608976401225198617 : Checking image 1 crop y1 1751
1608976401225271517 : Checking image 1 crop x2 1190
1608976401225337417 : Checking image 1 crop y2 1752
1608976405326881655 : Checking image 2 crop x1 101
1608976405327012855 : Checking image 2 crop y1 240
1608976405327048255 : Checking image 2 crop x2 2148
1608976405327079955 : Checking image 2 crop y2 3239
1608976405356523962 : Checking image 1 dpi 300
1608976405356710862 : Checking image 1 border top 1752
1608976405356751262 : Checking image 1 border bottom 1753
1608976405356801962 : Checking image 1 border left 1239
1608976405356838962 : Checking image 1 border right 1239
1608976405358637863 : Checking image 2 dpi 300
1608976405358696063 : Checking image 2 border top 230
1608976405358726163 : Checking image 2 border bottom 258
1608976405358756863 : Checking image 2 border left 206
1608976405358784563 : Checking image 2 border right 206

</system-out><system-err>--------------------------------- Captured Err ---------------------------------

</system-err></testcase><testcase classname="tests.test_images" name="test_wrong_split_line_png" time="49.779"><system-out>--------------------------------- Captured Log ---------------------------------

--------------------------------- Captured Out ---------------------------------
/home/runner/work/ocr-book/ocr-book/tests/wrong_split_line.png
1608976435165823166 : Checking separation double page angle 89.93395720607973
1608976435165934266 : Checking separation double page y=0 2465
1608976441126598070 : Checking page rotation 1 -0.14999999999999067
1608976448751359523 : Checking page rotation 2 0.5
1608976451960895200 : Checking image 1 crop x1 213
1608976451961051600 : Checking image 1 crop y1 157
1608976451961091900 : Checking image 1 crop x2 2323
1608976451961128300 : Checking image 1 crop y2 3362
1608976455089561513 : Checking image 2 crop x1 125
1608976455089700913 : Checking image 2 crop y1 165
1608976455089740813 : Checking image 2 crop x2 2237
1608976455089777213 : Checking image 2 crop y2 3374
1608976455125933697 : Checking image 1 dpi 300
1608976455126135697 : Checking image 1 border top 134
1608976455126180597 : Checking image 1 border bottom 148
1608976455126313597 : Checking image 1 border left 175
1608976455126364697 : Checking image 1 border right 175
1608976455129742696 : Checking image 2 dpi 300
1608976455129833896 : Checking image 2 border top 143
1608976455129871896 : Checking image 2 border bottom 135
1608976455129903096 : Checking image 2 border left 174
1608976455129933696 : Checking image 2 border right 174

</system-out><system-err>--------------------------------- Captured Err ---------------------------------

</system-err></testcase><testcase classname="tests.test_images" name="test_image_failed_to_rotate_png" time="70.621"><system-out>--------------------------------- Captured Log ---------------------------------

--------------------------------- Captured Out ---------------------------------
/home/runner/work/ocr-book/ocr-book/tests/image_failed_to_rotate.png
1608976444863904013 : Checking separation double page angle 90.13063640287984
1608976444864027913 : Checking separation double page y=0 2479
1608976450602057203 : Checking page rotation 1 0.35
1608976459784767272 : Checking page rotation 2 0.45
1608976472006114064 : Checking image 1 crop x1 34
1608976472006306964 : Checking image 1 crop y1 1
1608976472006367764 : Checking image 1 crop x2 2477
1608976472006420964 : Checking image 1 crop y2 3500
1608976478299371991 : Checking image 2 crop x1 167
1608976478299510091 : Checking image 2 crop y1 234
1608976478299545891 : Checking image 2 crop x2 2246
1608976478299579291 : Checking image 2 crop y2 3355
1608976478336939077 : Checking image 1 dpi 300
1608976478337072977 : Checking image 1 border top 4
1608976478337110877 : Checking image 1 border bottom 4
1608976478337140877 : Checking image 1 border left 19
1608976478337170677 : Checking image 1 border right 19
1608976478340023176 : Checking image 2 dpi 300
1608976478340098376 : Checking image 2 border top 218
1608976478340149276 : Checking image 2 border bottom 148
1608976478340178976 : Checking image 2 border left 190
1608976478340225876 : Checking image 2 border right 190

</system-out><system-err>--------------------------------- Captured Err ---------------------------------

</system-err></testcase><testcase classname="tests.test_images" name="test_crop_too_much_png" time="91.501"><system-out>--------------------------------- Captured Log ---------------------------------

--------------------------------- Captured Out ---------------------------------
/home/runner/work/ocr-book/ocr-book/tests/crop_too_much.png
1608976507219476773 : Checking separation double page angle 90.13239409272954
1608976507219601473 : Checking separation double page y=0 2455
1608976521500131932 : Checking page rotation 1 0.0
1608976535780740247 : Checking page rotation 2 0.45
1608976541310390845 : Checking image 1 crop x1 303
1608976541310523645 : Checking image 1 crop y1 148
1608976541310561245 : Checking image 1 crop x2 2313
1608976541310594145 : Checking image 1 crop y2 3351
1608976546577152348 : Checking image 2 crop x1 168
1608976546577285948 : Checking image 2 crop y1 155
1608976546577323448 : Checking image 2 crop x2 2179
1608976546577357148 : Checking image 2 crop y2 3359
1608976546621898532 : Checking image 1 dpi 300
1608976546622044132 : Checking image 1 border top 132
1608976546622080832 : Checking image 1 border bottom 152
1608976546622111732 : Checking image 1 border left 225
1608976546622141732 : Checking image 1 border right 225
1608976546625025131 : Checking image 2 dpi 300
1608976546625096931 : Checking image 2 border top 140
1608976546625150231 : Checking image 2 border bottom 143
1608976546625179331 : Checking image 2 border left 224
1608976546625209131 : Checking image 2 border right 224

</system-out><system-err>--------------------------------- Captured Err ---------------------------------

</system-err></testcase><testcase classname="tests.test_images" name="test_image_failed_to_crop_data_png" time="68.955"><system-out>--------------------------------- Captured Log ---------------------------------

--------------------------------- Captured Out ---------------------------------
/home/runner/work/ocr-book/ocr-book/tests/image_failed_to_crop_data.png
1608976514999368756 : Checking separation double page angle 90.053197600644
1608976514999513856 : Checking separation double page y=0 2480
1608976521294192608 : Checking page rotation 1 0.2
1608976528661446071 : Checking page rotation 2 0.0
1608976541966412908 : Checking image 1 crop x1 47
1608976541966643008 : Checking image 1 crop y1 7
1608976541966684107 : Checking image 1 crop x2 2478
1608976541966720007 : Checking image 1 crop y2 3502
1608976547300867689 : Checking image 2 crop x1 160
1608976547301007689 : Checking image 2 crop y1 217
1608976547301042689 : Checking image 2 crop x2 2242
1608976547301074789 : Checking image 2 crop y2 3350
1608976547332733377 : Checking image 1 dpi 300
1608976547332840077 : Checking image 1 border top 6
1608976547332876677 : Checking image 1 border bottom 6
1608976547332906777 : Checking image 1 border left 25
1608976547332936277 : Checking image 1 border right 25
1608976547335786076 : Checking image 2 dpi 300
1608976547335855376 : Checking image 2 border top 206
1608976547335889776 : Checking image 2 border bottom 148
1608976547335957076 : Checking image 2 border left 189
1608976547335986476 : Checking image 2 border right 189

</system-out><system-err>--------------------------------- Captured Err ---------------------------------

</system-err></testcase><testcase classname="tests.test_images" name="test_crop_too_few_png" time="51.232"><system-out>--------------------------------- Captured Log ---------------------------------

--------------------------------- Captured Out ---------------------------------
/home/runner/work/ocr-book/ocr-book/tests/crop_too_few.png
1608976578838014089 : Checking separation double page angle 89.54670238452755
1608976578838130489 : Checking separation double page y=0 2512
1608976584845862433 : Checking page rotation 1 -0.6499999999999977
1608976591375523662 : Checking page rotation 2 0.0
1608976594688193481 : Checking image 1 crop x1 263
1608976594688346681 : Checking image 1 crop y1 150
1608976594688386981 : Checking image 1 crop x2 2377
1608976594688421381 : Checking image 1 crop y2 3357
1608976597843537458 : Checking image 2 crop x1 137
1608976597843693658 : Checking image 2 crop y1 141
1608976597843748058 : Checking image 2 crop x2 2259
1608976597843782758 : Checking image 2 crop y2 3345
1608976597874761046 : Checking image 1 dpi 300
1608976597874885346 : Checking image 1 border top 129
1608976597874922246 : Checking image 1 border bottom 150
1608976597874952946 : Checking image 1 border left 173
1608976597874984946 : Checking image 1 border right 173
1608976597877869445 : Checking image 2 dpi 300
1608976597877944745 : Checking image 2 border top 130
1608976597877978045 : Checking image 2 border bottom 153
1608976597878007045 : Checking image 2 border left 169
1608976597878036145 : Checking image 2 border right 169

</system-out><system-err>--------------------------------- Captured Err ---------------------------------

</system-err></testcase><testcase classname="tests.test_images" name="test_wrong_angle_split_line_png" time="74.801"><system-out>--------------------------------- Captured Log ---------------------------------

--------------------------------- Captured Out ---------------------------------
/home/runner/work/ocr-book/ocr-book/tests/wrong_angle_split_line.png
1608976584947605695 : Checking separation double page angle 90.09193420006348
1608976584947716195 : Checking separation double page y=0 2478
1608976592487824334 : Checking page rotation 1 0.05
1608976600736050228 : Checking page rotation 2 0.0
1608976614961630985 : Checking image 1 crop x1 58
1608976614961816785 : Checking image 1 crop y1 7
1608976614961878685 : Checking image 1 crop x2 2472
1608976614961915285 : Checking image 1 crop y2 3505
1608976621221211842 : Checking image 2 crop x1 163
1608976621221375342 : Checking image 2 crop y1 217
1608976621221437442 : Checking image 2 crop x2 2246
1608976621221479742 : Checking image 2 crop y2 3350
1608976621403695062 : Checking image 1 dpi 300
1608976621403867262 : Checking image 1 border top 5
1608976621403914762 : Checking image 1 border bottom 5
1608976621403951862 : Checking image 1 border left 33
1608976621403989162 : Checking image 1 border right 33
1608976621415906256 : Checking image 2 dpi 300
1608976621416090556 : Checking image 2 border top 206
1608976621416134156 : Checking image 2 border bottom 148
1608976621416179056 : Checking image 2 border left 188
1608976621416216056 : Checking image 2 border right 188

</system-out><system-err>--------------------------------- Captured Err ---------------------------------

</system-err></testcase><testcase classname="tests.test_images" name="test_crop_too_much_2_png" time="102.370"><system-out>--------------------------------- Captured Log ---------------------------------

--------------------------------- Captured Out ---------------------------------
/home/runner/work/ocr-book/ocr-book/tests/crop_too_much_2.png
1608976656655112719 : Checking separation double page angle 90.1149074900787
1608976656655231419 : Checking separation double page y=0 2478
1608976670253911101 : Checking page rotation 1 0.2
1608976687120526512 : Checking page rotation 2 0.2
1608976693008555824 : Checking image 1 crop x1 332
1608976693008751524 : Checking image 1 crop y1 131
1608976693008816124 : Checking image 1 crop x2 2342
1608976693008851424 : Checking image 1 crop y2 3336
1608976700153831471 : Checking image 2 crop x1 162
1608976700153983371 : Checking image 2 crop y1 139
1608976700154043771 : Checking image 2 crop x2 2175
1608976700154100371 : Checking image 2 crop y2 3345
1608976700210950642 : Checking image 1 dpi 300
1608976700211093342 : Checking image 1 border top 119
1608976700211137242 : Checking image 1 border bottom 163
1608976700211173942 : Checking image 1 border left 225
1608976700211212142 : Checking image 1 border right 225
1608976700213792741 : Checking image 2 dpi 300
1608976700213858041 : Checking image 2 border top 130
1608976700213893441 : Checking image 2 border bottom 151
1608976700213926441 : Checking image 2 border left 223
1608976700213961341 : Checking image 2 border right 223

</system-out><system-err>--------------------------------- Captured Err ---------------------------------

</system-err></testcase><testcase classname="tests.test_images" name="test_angle_page_lower_split_line_png" time="64.324"><system-out>--------------------------------- Captured Log ---------------------------------

--------------------------------- Captured Out ---------------------------------
/home/runner/work/ocr-book/ocr-book/tests/angle_page_lower_split_line.png
1608976659741305136 : Checking separation double page angle 89.74927707086691
1608976659741421636 : Checking separation double page y=0 2474
1608976670665646069 : Checking page rotation 1 -0.4000000000000005
1608976678821088198 : Checking page rotation 2 0.2
1608976682502351072 : Checking image 1 crop x1 244
1608976682502502671 : Checking image 1 crop y1 160
1608976682502541871 : Checking image 1 crop x2 2350
1608976682502577871 : Checking image 1 crop y2 3365
1608976686474347984 : Checking image 2 crop x1 150
1608976686474647784 : Checking image 2 crop y1 147
1608976686474694484 : Checking image 2 crop x2 2257
1608976686474736084 : Checking image 2 crop y2 3350
1608976686515062260 : Checking image 1 dpi 300
1608976686515213160 : Checking image 1 border top 144
1608976686515288360 : Checking image 1 border bottom 138
1608976686515346660 : Checking image 1 border left 177
1608976686515380760 : Checking image 1 border right 177
1608976686518424558 : Checking image 2 dpi 300
1608976686518495258 : Checking image 2 border top 130
1608976686518527358 : Checking image 2 border bottom 154
1608976686518561958 : Checking image 2 border left 176
1608976686518592958 : Checking image 2 border right 176

</system-out><system-err>--------------------------------- Captured Err ---------------------------------

</system-err></testcase><testcase classname="tests.test_images" name="test_wrong_wave_split_line_png" time="94.793"><system-out>--------------------------------- Captured Log ---------------------------------

--------------------------------- Captured Out ---------------------------------
/home/runner/work/ocr-book/ocr-book/tests/wrong_wave_split_line.png
1608976736282438425 : Checking separation double page angle 90.37878604107719
1608976736282580525 : Checking separation double page y=0 2500
1608976747484704600 : Checking page rotation 1 -0.14999999999999067
1608976760497953108 : Checking page rotation 2 0.85
1608976770793241855 : Checking image 1 crop x1 385
1608976770793388355 : Checking image 1 crop y1 179
1608976770793423755 : Checking image 1 crop x2 2411
1608976770793454755 : Checking image 1 crop y2 3374
1608976781265447770 : Checking image 2 crop x1 8
1608976781265618370 : Checking image 2 crop y1 0
1608976781265654570 : Checking image 2 crop x2 2415
1608976781265690470 : Checking image 2 crop y2 3505
1608976781312203580 : Checking image 1 dpi 300
1608976781312306980 : Checking image 1 border top 173
1608976781312341980 : Checking image 1 border bottom 119
1608976781312372980 : Checking image 1 border left 217
1608976781312402380 : Checking image 1 border right 217
1608976781314914581 : Checking image 2 dpi 300
1608976781314967081 : Checking image 2 border top 1
1608976781314998081 : Checking image 2 border bottom 1
1608976781315024181 : Checking image 2 border left 37
1608976781315049881 : Checking image 2 border right 37

</system-out><system-err>--------------------------------- Captured Err ---------------------------------

</system-err></testcase><testcase classname="tests.test_images" name="test_wrong_split_line_2_png" time="102.347"><system-out>--------------------------------- Captured Log ---------------------------------

--------------------------------- Captured Out ---------------------------------
/home/runner/work/ocr-book/ocr-book/tests/wrong_split_line_2.png
1608976752091472770 : Checking separation double page angle 90.19944704411863
1608976752091597871 : Checking separation double page y=0 2437
1608976766741089967 : Checking page rotation 1 0.2
1608976781526849028 : Checking page rotation 2 0.4
1608976790142466498 : Checking image 1 crop x1 294
1608976790142604998 : Checking image 1 crop y1 136
1608976790142639698 : Checking image 1 crop x2 2325
1608976790142671798 : Checking image 1 crop y2 3376
1608976802499517526 : Checking image 2 crop x1 140
1608976802499692026 : Checking image 2 crop y1 192
1608976802499738526 : Checking image 2 crop x2 2167
1608976802499781426 : Checking image 2 crop y2 3386
1608976802564258357 : Checking image 1 dpi 300
1608976802564405956 : Checking image 1 border top 131
1608976802564450256 : Checking image 1 border bottom 116
1608976802564487156 : Checking image 1 border left 214
1608976802564523956 : Checking image 1 border right 214
1608976802568371052 : Checking image 2 dpi 300
1608976802568462252 : Checking image 2 border top 183
1608976802568501452 : Checking image 2 border bottom 110
1608976802568554352 : Checking image 2 border left 216
1608976802568589952 : Checking image 2 border right 216

</system-out><system-err>--------------------------------- Captured Err ---------------------------------

</system-err></testcase><testcase classname="tests.test_images" name="test_no_split_line_line_algo_png" time="64.689"><system-out>--------------------------------- Captured Log ---------------------------------

--------------------------------- Captured Out ---------------------------------
/home/runner/work/ocr-book/ocr-book/tests/no_split_line_line_algo.png
1608976818129155594 : Checking separation double page angle 89.47691469185418
1608976818129275791 : Checking separation double page y=0 2476
1608976824841343032 : Checking page rotation 1 -0.14999999999999067
1608976838070407475 : Checking page rotation 2 -0.44999999999999746
1608976840996816738 : Checking image 1 crop x1 205
1608976840997012842 : Checking image 1 crop y1 158
1608976840997048243 : Checking image 1 crop x2 2320
1608976840997097244 : Checking image 1 crop y2 3366
1608976845980082192 : Checking image 2 crop x1 185
1608976845980224792 : Checking image 2 crop y1 221
1608976845980262692 : Checking image 2 crop x2 2201
1608976845980296991 : Checking image 2 crop y2 3366
1608976846019535609 : Checking image 1 dpi 300
1608976846019651108 : Checking image 1 border top 144
1608976846019684908 : Checking image 1 border bottom 134
1608976846019714808 : Checking image 1 border left 172
1608976846019743408 : Checking image 1 border right 172
1608976846022435596 : Checking image 2 dpi 300
1608976846022535995 : Checking image 2 border top 219
1608976846022567095 : Checking image 2 border bottom 123
1608976846022596895 : Checking image 2 border left 222
1608976846022625995 : Checking image 2 border right 222

</system-out><system-err>--------------------------------- Captured Err ---------------------------------

</system-err></testcase><testcase classname="tests.test_images" name="test_small_wave_png" time="87.802"><system-out>--------------------------------- Captured Log ---------------------------------

--------------------------------- Captured Out ---------------------------------
/home/runner/work/ocr-book/ocr-book/tests/small_wave.png
1608976858692268323 : Checking separation double page angle 90.58816928841564
1608976858692381224 : Checking separation double page y=0 2497
1608976872267571661 : Checking page rotation 1 0.65
1608976883821886871 : Checking page rotation 2 0.75
1608976887150396783 : Checking image 1 crop x1 320
1608976887150540883 : Checking image 1 crop y1 199
1608976887150578883 : Checking image 1 crop x2 2353
1608976887150614083 : Checking image 1 crop y2 3394
1608976890332740472 : Checking image 2 crop x1 132
1608976890332895272 : Checking image 2 crop y1 224
1608976890332933072 : Checking image 2 crop x2 2160
1608976890332969572 : Checking image 2 crop y2 3419
1608976890374906842 : Checking image 1 dpi 300
1608976890375249242 : Checking image 1 border top 179
1608976890375438142 : Checking image 1 border bottom 112
1608976890375692342 : Checking image 1 border left 213
1608976890375762442 : Checking image 1 border right 213
1608976890378593340 : Checking image 2 dpi 300
1608976890378675439 : Checking image 2 border top 197
1608976890378716139 : Checking image 2 border bottom 95
1608976890378769939 : Checking image 2 border left 216
1608976890378807039 : Checking image 2 border right 216

</system-out><system-err>--------------------------------- Captured Err ---------------------------------

</system-err></testcase><testcase classname="tests.test_images" name="test_failed_split_line_line_algo_png" time="30.359"><system-out>--------------------------------- Captured Log ---------------------------------

--------------------------------- Captured Out ---------------------------------
/home/runner/work/ocr-book/ocr-book/tests/failed_split_line_line_algo.png
1608976864850667182 : Checking separation double page angle 90.04134220573248
1608976864850787583 : Checking separation double page y=0 2573
1608976869164006533 : Checking page rotation 1 -0.14999999999999067
1608976871762931185 : Checking page rotation 2 0.0
1608976874490778763 : Checking image 1 crop x1 407
1608976874490935863 : Checking image 1 crop y1 2925
1608976874490975063 : Checking image 1 crop x2 2419
1608976874491009563 : Checking image 1 crop y2 3174
1608976876397700507 : Checking image 2 crop x1 1184
1608976876397884307 : Checking image 2 crop y1 1748
1608976876397921007 : Checking image 2 crop x2 1185
1608976876397953607 : Checking image 2 crop y2 1749
1608976876398382107 : Checking image 1 dpi 300
1608976876398474207 : Checking image 1 border top 2922
1608976876398508507 : Checking image 1 border bottom 316
1608976876398539507 : Checking image 1 border left 224
1608976876398569307 : Checking image 1 border right 224
1608976876400576106 : Checking image 2 dpi 300
1608976876400630206 : Checking image 2 border top 1752
1608976876400662106 : Checking image 2 border bottom 1753
1608976876400696706 : Checking image 2 border left 1239
1608976876400725506 : Checking image 2 border right 1239

</system-out><system-err>--------------------------------- Captured Err ---------------------------------

</system-err></testcase><testcase classname="tests.test_images" name="test_failed_split_line_line_algo_2_png" time="76.735"><system-out>--------------------------------- Captured Log ---------------------------------

--------------------------------- Captured Out ---------------------------------
/home/runner/work/ocr-book/ocr-book/tests/failed_split_line_line_algo_2.png
1608976921220848351 : Checking separation double page angle 90.03068774449687
1608976921220969151 : Checking separation double page y=0 2500
1608976935392756033 : Checking page rotation 1 0.0
1608976946320184120 : Checking page rotation 2 0.6000000000000001
1608976949706037309 : Checking image 1 crop x1 272
1608976949706213009 : Checking image 1 crop y1 149
1608976949706246809 : Checking image 1 crop x2 2383
1608976949706276909 : Checking image 1 crop y2 3353
1608976953074023165 : Checking image 2 crop x1 121
1608976953074171765 : Checking image 2 crop y1 155
1608976953074225065 : Checking image 2 crop x2 2244
1608976953074275265 : Checking image 2 crop y2 3350
1608976953112245247 : Checking image 1 dpi 300
1608976953112426347 : Checking image 1 border top 138
1608976953112460947 : Checking image 1 border bottom 145
1608976953112490247 : Checking image 1 border left 174
1608976953112518747 : Checking image 1 border right 174
1608976953115931145 : Checking image 2 dpi 300
1608976953116000045 : Checking image 2 border top 136
1608976953116030745 : Checking image 2 border bottom 156
1608976953116059845 : Checking image 2 border left 168
1608976953116088845 : Checking image 2 border right 168

</system-out><system-err>--------------------------------- Captured Err ---------------------------------

</system-err></testcase><testcase classname="tests.test_images" name="test_wrong_split_line_3_png" time="67.437"><system-out>--------------------------------- Captured Log ---------------------------------

--------------------------------- Captured Out ---------------------------------
/home/runner/work/ocr-book/ocr-book/tests/wrong_split_line_3.png
1608976930506080923 : Checking separation double page angle 90.43729500214694
1608976930506213623 : Checking separation double page y=0 2498
1608976943416443432 : Checking page rotation 1 0.30000000000000004
1608976950675183705 : Checking page rotation 2 0.9
1608976954469349018 : Checking image 1 crop x1 331
1608976954469478318 : Checking image 1 crop y1 165
1608976954469511718 : Checking image 1 crop x2 2375
1608976954469545018 : Checking image 1 crop y2 3376
1608976957812958670 : Checking image 2 crop x1 102
1608976957813096769 : Checking image 2 crop y1 208
1608976957813135069 : Checking image 2 crop x2 2133
1608976957813169569 : Checking image 2 crop y2 3413
1608976957845865254 : Checking image 1 dpi 300
1608976957846018654 : Checking image 1 border top 157
1608976957846058254 : Checking image 1 border bottom 119
1608976957846108354 : Checking image 1 border left 208
1608976957846141454 : Checking image 1 border right 208
1608976957849007753 : Checking image 2 dpi 300
1608976957849088353 : Checking image 2 border top 187
1608976957849126753 : Checking image 2 border bottom 95
1608976957849177453 : Checking image 2 border left 214
1608976957849246153 : Checking image 2 border right 214

</system-out><system-err>--------------------------------- Captured Err ---------------------------------

</system-err></testcase><testcase classname="tests.test_images" name="test_crop_too_much_3_png" time="76.281"><system-out>--------------------------------- Captured Log ---------------------------------

--------------------------------- Captured Out ---------------------------------
/home/runner/work/ocr-book/ocr-book/tests/crop_too_much_3.png
1608976998917190599 : Checking separation double page angle 89.49330634783144
1608976998917301699 : Checking separation double page y=0 2498
1608977006365827212 : Checking page rotation 1 -0.8999999999999949
1608977020018225015 : Checking page rotation 2 -0.14999999999999067
1608977024406531070 : Checking image 1 crop x1 374
1608977024406762570 : Checking image 1 crop y1 258
1608977024406801070 : Checking image 1 crop x2 2385
1608977024406834370 : Checking image 1 crop y2 3459
1608977029338935213 : Checking image 2 crop x1 168
1608977029339132013 : Checking image 2 crop y1 228
1608977029339169613 : Checking image 2 crop x2 2181
1608977029339205113 : Checking image 2 crop y2 3417
1608977029383044400 : Checking image 1 dpi 300
1608977029383181000 : Checking image 1 border top 239
1608977029383217800 : Checking image 1 border bottom 47
1608977029383248800 : Checking image 1 border left 224
1608977029383311800 : Checking image 1 border right 224
1608977029385877700 : Checking image 2 dpi 300
1608977029385948400 : Checking image 2 border top 209
1608977029385999600 : Checking image 2 border bottom 89
1608977029386030900 : Checking image 2 border left 223
1608977029386064800 : Checking image 2 border right 223

</system-out><system-err>--------------------------------- Captured Err ---------------------------------

</system-err></testcase><testcase classname="tests.test_images" name="test_wrong_wave_split_line_2_png" time="82.987"><system-out>--------------------------------- Captured Log ---------------------------------

--------------------------------- Captured Out ---------------------------------
/home/runner/work/ocr-book/ocr-book/tests/wrong_wave_split_line_2.png
1608977006919619411 : Checking separation double page angle 90.7708958311329
1608977006919736611 : Checking separation double page y=0 2490
1608977018043280413 : Checking page rotation 1 0.4
1608977029796052778 : Checking page rotation 2 1.8
1608977033772970514 : Checking image 1 crop x1 224
1608977033773119614 : Checking image 1 crop y1 147
1608977033773154514 : Checking image 1 crop x2 2337
1608977033773185914 : Checking image 1 crop y2 3355
1608977040771741418 : Checking image 2 crop x1 107
1608977040771902618 : Checking image 2 crop y1 197
1608977040771966318 : Checking image 2 crop x2 2229
1608977040772022918 : Checking image 2 crop y2 3396
1608977040820012401 : Checking image 1 dpi 300
1608977040820183101 : Checking image 1 border top 137
1608977040820221701 : Checking image 1 border bottom 142
1608977040820254001 : Checking image 1 border left 173
1608977040820285601 : Checking image 1 border right 173
1608977040822989900 : Checking image 2 dpi 300
1608977040823043600 : Checking image 2 border top 171
1608977040823075400 : Checking image 2 border bottom 116
1608977040823105000 : Checking image 2 border left 169
1608977040823134600 : Checking image 2 border right 169

</system-out><system-err>--------------------------------- Captured Err ---------------------------------

</system-err></testcase><testcase classname="tests.test_images" name="test_wrong_wave_split_line_3_png" time="66.371"><system-out>--------------------------------- Captured Log ---------------------------------

--------------------------------- Captured Out ---------------------------------
/home/runner/work/ocr-book/ocr-book/tests/wrong_wave_split_line_3.png
1608977071747545399 : Checking separation double page angle 90.05826063695574
1608977071747695999 : Checking separation double page y=0 2514
1608977080668603768 : Checking page rotation 1 0.05
1608977088695852990 : Checking page rotation 2 0.30000000000000004
1608977092423319083 : Checking image 1 crop x1 273
1608977092423480083 : Checking image 1 crop y1 220
1608977092423564083 : Checking image 1 crop x2 2383
1608977092423595983 : Checking image 1 crop y2 3423
1608977095741430721 : Checking image 2 crop x1 114
1608977095741570821 : Checking image 2 crop y1 226
1608977095741607121 : Checking image 2 crop x2 2237
1608977095741641021 : Checking image 2 crop y2 3414
1608977095775973109 : Checking image 1 dpi 300
1608977095776142909 : Checking image 1 border top 202
1608977095776234609 : Checking image 1 border bottom 82
1608977095776272409 : Checking image 1 border left 175
1608977095776310009 : Checking image 1 border right 175
1608977095779739507 : Checking image 2 dpi 300
1608977095779799907 : Checking image 2 border top 207
1608977095779848207 : Checking image 2 border bottom 92
1608977095779877607 : Checking image 2 border left 168
1608977095779906407 : Checking image 2 border right 168

</system-out><system-err>--------------------------------- Captured Err ---------------------------------

</system-err></testcase><testcase classname="tests.test_images" name="test_no_split_line_wave_algo_png" time="80.068"><system-out>--------------------------------- Captured Log ---------------------------------

--------------------------------- Captured Out ---------------------------------
/home/runner/work/ocr-book/ocr-book/tests/no_split_line_wave_algo.png
1608977080664106770 : Checking separation double page angle 89.72500000000001
1608977080664254470 : Checking separation double page y=0 2484
1608977087405208925 : Checking page rotation 1 0.0
1608977096037710317 : Checking page rotation 2 -0.49999999999999434
1608977110466141924 : Checking image 1 crop x1 97
1608977110466247824 : Checking image 1 crop y1 79
1608977110466289424 : Checking image 1 crop x2 2494
1608977110466329224 : Checking image 1 crop y2 3505
1608977120822495022 : Checking image 2 crop x1 163
1608977120822668722 : Checking image 2 crop y1 266
1608977120822727722 : Checking image 2 crop x2 2238
1608977120822766822 : Checking image 2 crop y2 3381
1608977120864929807 : Checking image 1 dpi 300
1608977120865066507 : Checking image 1 border top 41
1608977120865123907 : Checking image 1 border bottom 41
1608977120865157507 : Checking image 1 border left 42
1608977120865190007 : Checking image 1 border right 42
1608977120867941506 : Checking image 2 dpi 300
1608977120868017106 : Checking image 2 border top 252
1608977120868052506 : Checking image 2 border bottom 120
1608977120868082906 : Checking image 2 border left 192
1608977120868113106 : Checking image 2 border right 192

</system-out><system-err>--------------------------------- Captured Err ---------------------------------

</system-err></testcase><testcase classname="tests.test_images" name="test_no_split_line_wave_algo_2_png" time="59.127"><system-out>--------------------------------- Captured Log ---------------------------------

--------------------------------- Captured Out ---------------------------------
/home/runner/work/ocr-book/ocr-book/tests/no_split_line_wave_algo_2.png
1608977132089967464 : Checking separation double page angle 90.54999999999998
1608977132090104864 : Checking separation double page y=0 2478
1608977141375007330 : Checking page rotation 1 1.1500000000000001
1608977148827916031 : Checking page rotation 2 0.2
1608977151992695323 : Checking image 1 crop x1 266
1608977151992830423 : Checking image 1 crop y1 209
1608977151992864623 : Checking image 1 crop x2 2342
1608977151992896523 : Checking image 1 crop y2 3413
1608977154881730109 : Checking image 2 crop x1 168
1608977154881869709 : Checking image 2 crop y1 241
1608977154881904409 : Checking image 2 crop x2 2251
1608977154881936809 : Checking image 2 crop y2 3433
1608977154915001598 : Checking image 1 dpi 300
1608977154915127298 : Checking image 1 border top 191
1608977154915160298 : Checking image 1 border bottom 92
1608977154915189098 : Checking image 1 border left 192
1608977154915216498 : Checking image 1 border right 192
1608977154917811397 : Checking image 2 dpi 300
1608977154917865197 : Checking image 2 border top 224
1608977154917894197 : Checking image 2 border bottom 71
1608977154917921497 : Checking image 2 border left 188
1608977154917948297 : Checking image 2 border right 188

</system-out><system-err>--------------------------------- Captured Err ---------------------------------

</system-err></testcase><testcase classname="tests.test_images" name="test_crop_too_few_2_png" time="56.710"><system-out>--------------------------------- Captured Log ---------------------------------

--------------------------------- Captured Out ---------------------------------
/home/runner/work/ocr-book/ocr-book/tests/crop_too_few_2.png
1608977153237000687 : Checking separation double page angle 90.30476192320097
1608977153237107887 : Checking separation double page y=0 2531
1608977160673170575 : Checking page rotation 1 1.2000000000000002
1608977169465392280 : Checking page rotation 2 -0.04999999999999689
1608977173686801493 : Checking image 1 crop x1 287
1608977173686947293 : Checking image 1 crop y1 165
1608977173686984093 : Checking image 1 crop x2 2398
1608977173687018393 : Checking image 1 crop y2 3368
1608977177593201016 : Checking image 2 crop x1 149
1608977177593332416 : Checking image 2 crop y1 189
1608977177593366216 : Checking image 2 crop x2 2273
1608977177593399616 : Checking image 2 crop y2 3386
1608977177631892202 : Checking image 1 dpi 300
1608977177632070702 : Checking image 1 border top 157
1608977177632109702 : Checking image 1 border bottom 127
1608977177632142502 : Checking image 1 border left 174
1608977177632176702 : Checking image 1 border right 174
1608977177635857701 : Checking image 2 dpi 300
1608977177635946001 : Checking image 2 border top 181
1608977177636010201 : Checking image 2 border bottom 109
1608977177636078201 : Checking image 2 border left 168
1608977177636128601 : Checking image 2 border right 168

</system-out><system-err>--------------------------------- Captured Err ---------------------------------

</system-err></testcase><testcase classname="tests.test_images" name="test_failed_detect_rectangle_png" time="73.391"><system-out>--------------------------------- Captured Log ---------------------------------

--------------------------------- Captured Out ---------------------------------
/home/runner/work/ocr-book/ocr-book/tests/failed_detect_rectangle.png
1608977197488122194 : Checking separation double page angle 90.19837516213148
1608977197488237694 : Checking separation double page y=0 2474
1608977208000716282 : Checking page rotation 1 0.2
1608977220889425528 : Checking page rotation 2 0.2
1608977224491860355 : Checking image 1 crop x1 257
1608977224492000355 : Checking image 1 crop y1 201
1608977224492035955 : Checking image 1 crop x2 2333
1608977224492066855 : Checking image 1 crop y2 3402
1608977228244907328 : Checking image 2 crop x1 136
1608977228245052028 : Checking image 2 crop y1 215
1608977228245088428 : Checking image 2 crop x2 2219
1608977228245122028 : Checking image 2 crop y2 3406
1608977228287824513 : Checking image 1 dpi 300
1608977228287957613 : Checking image 1 border top 188
1608977228287994513 : Checking image 1 border bottom 97
1608977228288024813 : Checking image 1 border left 192
1608977228288054213 : Checking image 1 border right 192
1608977228291230812 : Checking image 2 dpi 300
1608977228291315812 : Checking image 2 border top 200
1608977228291347712 : Checking image 2 border bottom 95
1608977228291375512 : Checking image 2 border left 188
1608977228291403412 : Checking image 2 border right 188

</system-out><system-err>--------------------------------- Captured Err ---------------------------------

</system-err></testcase><testcase classname="tests.test_images" name="test_single_page_png" time="25.655"><system-out>--------------------------------- Captured Log ---------------------------------

--------------------------------- Captured Out ---------------------------------
/home/runner/work/ocr-book/ocr-book/tests/single_page.png
1608977188946799810 : Checking separation double page angle 90.04999999999998
1608977188946923210 : Checking separation double page y=0 2476
1608977193974354035 : Checking page rotation 1 0.0
1608977194565839026 : Checking page rotation 2 0.0
1608977201655441423 : Checking image 1 crop x1 1
1608977201655539423 : Checking image 1 crop y1 8
1608977201655571823 : Checking image 1 crop x2 2470
1608977201655602223 : Checking image 1 crop y2 3505
1608977202303437294 : Checking image 2 crop x1 0
1608977202303514394 : Checking image 2 crop y1 0
1608977202303543694 : Checking image 2 crop x2 0
1608977202303570394 : Checking image 2 crop y2 0
1608977202303648694 : Checking image 1 dpi 300
1608977202303717694 : Checking image 1 border top 5
1608977202303755294 : Checking image 1 border bottom 5
1608977202303784994 : Checking image 1 border left 6
1608977202303815594 : Checking image 1 border right 6
1608977202312337091 : Checking image 2 border top 0
1608977202312422691 : Checking image 2 border bottom 0
1608977202312453191 : Checking image 2 border left 0
1608977202312483691 : Checking image 2 border right 0

</system-out><system-err>--------------------------------- Captured Err ---------------------------------

</system-err></testcase><testcase classname="tests.test_images" name="test_wrong_split_line_4_png" time="37.950"><system-out>--------------------------------- Captured Log ---------------------------------

--------------------------------- Captured Out ---------------------------------
/home/runner/work/ocr-book/ocr-book/tests/wrong_split_line_4.png
1608977225181047411 : Checking separation double page angle 91.04999999999998
1608977225181188111 : Checking separation double page y=0 60
1608977225521786891 : Checking page rotation 1 1.05
1608977236068995361 : Checking page rotation 2 1.1500000000000001
1608977236733179126 : Checking image 1 crop x1 0
1608977236733288026 : Checking image 1 crop y1 0
1608977236733340526 : Checking image 1 crop x2 0
1608977236733411426 : Checking image 1 crop y2 0
1608977241228846835 : Checking image 2 crop x1 292
1608977241228966135 : Checking image 2 crop y1 330
1608977241229001635 : Checking image 2 crop x2 2314
1608977241229031335 : Checking image 2 crop y2 3218
1608977241278786517 : Checking image 1 border top 0
1608977241278872617 : Checking image 1 border bottom 0
1608977241278905717 : Checking image 1 border left 0
1608977241278954217 : Checking image 1 border right 0
1608977241279088417 : Checking image 2 dpi 300
1608977241279212417 : Checking image 2 border top 322
1608977241279246517 : Checking image 2 border bottom 277
1608977241279305617 : Checking image 2 border left 219
1608977241279337017 : Checking image 2 border right 219

</system-out><system-err>--------------------------------- Captured Err ---------------------------------

</system-err></testcase><testcase classname="tests.test_images" name="test_no_split_line_wave_algo_3_png" time="20.567"><system-out>--------------------------------- Captured Log ---------------------------------

--------------------------------- Captured Out ---------------------------------
/home/runner/work/ocr-book/ocr-book/tests/no_split_line_wave_algo_3.png
1608977240570959168 : Checking separation double page angle 90.14999999999998
1608977240571074868 : Checking separation double page y=0 2408
1608977243472256240 : Checking page rotation 1 0.0
1608977243856582504 : Checking page rotation 2 0.35
1608977248235893053 : Checking image 1 crop x1 184
1608977248236043753 : Checking image 1 crop y1 2957
1608977248236077053 : Checking image 1 crop x2 2201
1608977248236107553 : Checking image 1 crop y2 3202
1608977248857779833 : Checking image 2 crop x1 0
1608977248857855633 : Checking image 2 crop y1 0
1608977248857883033 : Checking image 2 crop x2 0
1608977248857907233 : Checking image 2 crop y2 0
1608977248857979233 : Checking image 1 dpi 300
1608977248858044033 : Checking image 1 border top 2950
1608977248858073333 : Checking image 1 border bottom 292
1608977248858100132 : Checking image 1 border left 221
1608977248858127632 : Checking image 1 border right 221
1608977248870273528 : Checking image 2 border top 0
1608977248870330228 : Checking image 2 border bottom 0
1608977248870356628 : Checking image 2 border left 0
1608977248870381528 : Checking image 2 border right 0

</system-out><system-err>--------------------------------- Captured Err ---------------------------------

</system-err></testcase><testcase classname="tests.test_images" name="test_failed_split_line_line_algo_3_png" time="24.907"><system-out>--------------------------------- Captured Log ---------------------------------

--------------------------------- Captured Out ---------------------------------
/home/runner/work/ocr-book/ocr-book/tests/failed_split_line_line_algo_3.png
1608977255372357525 : Checking separation double page angle 90.0
1608977255372470024 : Checking separation double page y=0 40
1608977255533864867 : Checking page rotation 1 0.0
1608977259373427907 : Checking page rotation 2 0.0
1608977259818131249 : Checking image 1 crop x1 0
1608977259818201349 : Checking image 1 crop y1 0
1608977259818229449 : Checking image 1 crop x2 0
1608977259818256049 : Checking image 1 crop y2 0
1608977266173955597 : Checking image 2 crop x1 246
1608977266174069897 : Checking image 2 crop y1 154
1608977266174101997 : Checking image 2 crop x2 2259
1608977266174132097 : Checking image 2 crop y2 3361
1608977266205843386 : Checking image 1 border top 0
1608977266205887686 : Checking image 1 border bottom 0
1608977266205918486 : Checking image 1 border left 0
1608977266205947486 : Checking image 1 border right 0
1608977266206015186 : Checking image 2 dpi 300
1608977266206112686 : Checking image 2 border top 146
1608977266206145386 : Checking image 2 border bottom 134
1608977266206175586 : Checking image 2 border left 223
1608977266206206686 : Checking image 2 border right 223

</system-out><system-err>--------------------------------- Captured Err ---------------------------------

</system-err></testcase></testsuite></testsuites>