<?xml version="1.0" encoding="utf-8"?><testsuites><testsuite errors="0" failures="0" hostname="fv-az18-207" name="pytest" skipped="0" tests="17" time="342.887" timestamp="2020-11-21T23:01:27.616510"><testcase classname="tests.test_features" name="test_disabled_enable_debug" time="32.017"><system-out>--------------------------------- Captured Log ---------------------------------

--------------------------------- Captured Out ---------------------------------
/home/runner/work/ocr-book/ocr-book/tests/0001_debug.png
separation double page angle 90.53945493634917
separation double page y=0 2485
page rotation 1 0.75
page rotation 2 0.2
image 1 crop x1 330
image 1 crop y1 336
image 1 crop x2 2343
image 1 crop y2 3223
image 2 crop x1 169
image 2 crop y1 648
image 2 crop x2 2186
image 2 crop y2 3361
image 1 dpi 300
image 1 border top 324
image 1 border bottom 276
image 1 border left 223
image 1 border right 223
image 2 dpi 300
image 2 border top 671
image 2 border bottom 103
image 2 border left 221
image 2 border right 221

</system-out><system-err>--------------------------------- Captured Err ---------------------------------

</system-err></testcase><testcase classname="tests.test_features" name="test_mock_stop_at_0" time="0.047"><system-out>--------------------------------- Captured Log ---------------------------------

--------------------------------- Captured Out ---------------------------------
/home/runner/work/ocr-book/ocr-book/tests/0001_0.png

</system-out><system-err>--------------------------------- Captured Err ---------------------------------

</system-err></testcase><testcase classname="tests.test_features" name="test_mock_stop_at_2" time="40.396"><system-out>--------------------------------- Captured Log ---------------------------------

--------------------------------- Captured Out ---------------------------------
/home/runner/work/ocr-book/ocr-book/tests/0001_2.png
separation double page angle 90.53945493634917
separation double page y=0 2485
page rotation 1 0.75
page rotation 2 0.2

</system-out><system-err>--------------------------------- Captured Err ---------------------------------

</system-err></testcase><testcase classname="tests.test_features" name="test_mock_stop_at_1" time="22.198"><system-out>--------------------------------- Captured Log ---------------------------------

--------------------------------- Captured Out ---------------------------------
/home/runner/work/ocr-book/ocr-book/tests/0001_1.png
separation double page angle 90.53945493634917
separation double page y=0 2485

</system-out><system-err>--------------------------------- Captured Err ---------------------------------

</system-err></testcase><testcase classname="tests.test_features" name="test_mock_stop_at_3" time="40.945"><system-out>--------------------------------- Captured Log ---------------------------------

--------------------------------- Captured Out ---------------------------------
/home/runner/work/ocr-book/ocr-book/tests/0001_3.png
separation double page angle 90.53945493634917
separation double page y=0 2485
page rotation 1 0.75
page rotation 2 0.2
image 1 crop x1 330
image 1 crop y1 336
image 1 crop x2 2343
image 1 crop y2 3223
image 2 crop x1 169
image 2 crop y1 648
image 2 crop x2 2186
image 2 crop y2 3361

</system-out><system-err>--------------------------------- Captured Err ---------------------------------

</system-err></testcase><testcase classname="tests.test_features" name="test_mock_stop_at_5" time="41.076"><system-out>--------------------------------- Captured Log ---------------------------------

--------------------------------- Captured Out ---------------------------------
/home/runner/work/ocr-book/ocr-book/tests/0001_5.png
separation double page angle 90.53945493634917
separation double page y=0 2485
page rotation 1 0.75
page rotation 2 0.2
image 1 crop x1 330
image 1 crop y1 336
image 1 crop x2 2343
image 1 crop y2 3223
image 2 crop x1 169
image 2 crop y1 648
image 2 crop x2 2186
image 2 crop y2 3361
image 1 dpi 300
image 1 border top 324
image 1 border bottom 276
image 1 border left 223
image 1 border right 223
image 2 dpi 300
image 2 border top 671
image 2 border bottom 103
image 2 border left 221
image 2 border right 221

</system-out><system-err>--------------------------------- Captured Err ---------------------------------

</system-err></testcase><testcase classname="tests.test_features" name="test_mock_stop_at_4" time="42.215"><system-out>--------------------------------- Captured Log ---------------------------------

--------------------------------- Captured Out ---------------------------------
/home/runner/work/ocr-book/ocr-book/tests/0001_4.png
separation double page angle 90.53945493634917
separation double page y=0 2485
page rotation 1 0.75
page rotation 2 0.2
image 1 crop x1 330
image 1 crop y1 336
image 1 crop x2 2343
image 1 crop y2 3223
image 2 crop x1 169
image 2 crop y1 648
image 2 crop x2 2186
image 2 crop y2 3361
image 1 dpi 300
image 1 border top 324
image 1 border bottom 276
image 1 border left 223
image 1 border right 223
image 2 dpi 300
image 2 border top 671
image 2 border bottom 103
image 2 border left 221
image 2 border right 221

</system-out><system-err>--------------------------------- Captured Err ---------------------------------

</system-err></testcase><testcase classname="tests.test_images" name="test_0001_png" time="42.185"><system-out>--------------------------------- Captured Log ---------------------------------

--------------------------------- Captured Out ---------------------------------
/home/runner/work/ocr-book/ocr-book/tests/0001.png
1605999806505079808 : Checking separation double page angle 90.53945493634917
1605999806505184256 : Checking separation double page y=0 2485
1605999813455156224 : Checking page rotation 1 0.75
1605999822860899072 : Checking page rotation 2 0.2
1605999824462900480 : Checking image 1 crop x1 330
1605999824462985216 : Checking image 1 crop y1 336
1605999824463026432 : Checking image 1 crop x2 2343
1605999824463065344 : Checking image 1 crop y2 3223
1605999826313613824 : Checking image 2 crop x1 169
1605999826313712128 : Checking image 2 crop y1 648
1605999826313761792 : Checking image 2 crop x2 2186
1605999826313808128 : Checking image 2 crop y2 3361
1605999826347745280 : Checking image 1 dpi 300
1605999826347883264 : Checking image 1 border top 324
1605999826347927552 : Checking image 1 border bottom 276
1605999826347963392 : Checking image 1 border left 223
1605999826347998720 : Checking image 1 border right 223
1605999826351572224 : Checking image 2 dpi 300
1605999826351698688 : Checking image 2 border top 671
1605999826351743232 : Checking image 2 border bottom 103
1605999826351782656 : Checking image 2 border left 221
1605999826351820288 : Checking image 2 border right 221

</system-out><system-err>--------------------------------- Captured Err ---------------------------------

</system-err></testcase><testcase classname="tests.test_images" name="test_2_pages_2_contours_png" time="27.886"><system-out>--------------------------------- Captured Log ---------------------------------

--------------------------------- Captured Out ---------------------------------
/home/runner/work/ocr-book/ocr-book/tests/2-pages-2-contours.png
1605999828114878976 : Checking separation double page angle 90.15647898380502
1605999828114971904 : Checking separation double page y=0 2489
1605999830530560768 : Checking page rotation 1 0.05
1605999837989290240 : Checking page rotation 2 0.35000000000000003
1605999838872107264 : Checking image 1 crop x1 1186
1605999838872207616 : Checking image 1 crop y1 1720
1605999838872279808 : Checking image 1 crop x2 1187
1605999838872315392 : Checking image 1 crop y2 1721
1605999840370232576 : Checking image 2 crop x1 102
1605999840370330368 : Checking image 2 crop y1 240
1605999840370380288 : Checking image 2 crop x2 2149
1605999840370458112 : Checking image 2 crop y2 3239
1605999840405166336 : Checking image 1 dpi 300
1605999840405290752 : Checking image 1 border top 1753
1605999840405335552 : Checking image 1 border bottom 1753
1605999840405374976 : Checking image 1 border left 1239
1605999840405413376 : Checking image 1 border right 1239
1605999840407093248 : Checking image 2 dpi 300
1605999840407185664 : Checking image 2 border top 229
1605999840407227904 : Checking image 2 border bottom 259
1605999840407265024 : Checking image 2 border left 206
1605999840407302400 : Checking image 2 border right 206

</system-out><system-err>--------------------------------- Captured Err ---------------------------------

</system-err></testcase><testcase classname="tests.test_images" name="test_black_border_not_removed_png" time="52.306"><system-out>--------------------------------- Captured Log ---------------------------------

--------------------------------- Captured Out ---------------------------------
/home/runner/work/ocr-book/ocr-book/tests/black-border-not-removed.png
1605999855946774272 : Checking separation double page angle 89.9903688802698
1605999855946870784 : Checking separation double page y=0 2455
1605999863294746624 : Checking page rotation 1 0.0
1605999874617033728 : Checking page rotation 2 0.0
1605999876483974912 : Checking image 1 crop x1 297
1605999876484067840 : Checking image 1 crop y1 143
1605999876484116736 : Checking image 1 crop x2 2309
1605999876484183808 : Checking image 1 crop y2 3346
1605999878628421632 : Checking image 2 crop x1 156
1605999878628580096 : Checking image 2 crop y1 145
1605999878628625408 : Checking image 2 crop x2 2168
1605999878628668160 : Checking image 2 crop y2 3352
1605999878667791360 : Checking image 1 dpi 300
1605999878667941888 : Checking image 1 border top 128
1605999878667987712 : Checking image 1 border bottom 156
1605999878668026112 : Checking image 1 border left 224
1605999878668063744 : Checking image 1 border right 224
1605999878670548992 : Checking image 2 dpi 300
1605999878670648064 : Checking image 2 border top 130
1605999878670690560 : Checking image 2 border bottom 150
1605999878670728448 : Checking image 2 border left 224
1605999878670765568 : Checking image 2 border right 224

</system-out><system-err>--------------------------------- Captured Err ---------------------------------

</system-err></testcase><testcase classname="tests.test_images" name="test_image_failed_to_rotate_png" time="48.968"><system-out>--------------------------------- Captured Log ---------------------------------

--------------------------------- Captured Out ---------------------------------
/home/runner/work/ocr-book/ocr-book/tests/image_failed_to_rotate.png
1605999861803938560 : Checking separation double page angle 90.14353501543772
1605999861804045568 : Checking separation double page y=0 2476
1605999867457765376 : Checking page rotation 1 0.35000000000000003
1605999876029025536 : Checking page rotation 2 0.45
1605999887449543680 : Checking image 1 crop x1 34
1605999887449634560 : Checking image 1 crop y1 1
1605999887449671936 : Checking image 1 crop x2 2474
1605999887449724416 : Checking image 1 crop y2 3500
1605999889216268032 : Checking image 2 crop x1 171
1605999889216384256 : Checking image 2 crop y1 234
1605999889216433664 : Checking image 2 crop x2 2250
1605999889216480000 : Checking image 2 crop y2 3355
1605999889259505152 : Checking image 1 dpi 300
1605999889259655168 : Checking image 1 border top 4
1605999889259701504 : Checking image 1 border bottom 4
1605999889259740928 : Checking image 1 border left 20
1605999889259779328 : Checking image 1 border right 20
1605999889262304000 : Checking image 2 dpi 300
1605999889262407680 : Checking image 2 border top 206
1605999889262500864 : Checking image 2 border bottom 160
1605999889262541824 : Checking image 2 border left 190
1605999889262580224 : Checking image 2 border right 190

</system-out><system-err>--------------------------------- Captured Err ---------------------------------

</system-err></testcase><testcase classname="tests.test_images" name="test_image_failed_to_crop_data_png" time="50.389"><system-out>--------------------------------- Captured Log ---------------------------------

--------------------------------- Captured Out ---------------------------------
/home/runner/work/ocr-book/ocr-book/tests/image_failed_to_crop_data.png
1605999902636755712 : Checking separation double page angle 90.06228874101497
1605999902636852736 : Checking separation double page y=0 2482
1605999909222663936 : Checking page rotation 1 0.2
1605999915885502976 : Checking page rotation 2 0.05
1605999927420509952 : Checking image 1 crop x1 58
1605999927420610816 : Checking image 1 crop y1 8
1605999927420654080 : Checking image 1 crop x2 2480
1605999927420694272 : Checking image 1 crop y2 3504
1605999928938065664 : Checking image 2 crop x1 159
1605999928938194688 : Checking image 2 crop y1 217
1605999928938243072 : Checking image 2 crop x2 2240
1605999928938306048 : Checking image 2 crop y2 3350
1605999928977089024 : Checking image 1 dpi 300
1605999928977274624 : Checking image 1 border top 6
1605999928977336064 : Checking image 1 border bottom 6
1605999928977391616 : Checking image 1 border left 29
1605999928977430528 : Checking image 1 border right 29
1605999928980159488 : Checking image 2 dpi 300
1605999928980250368 : Checking image 2 border top 209
1605999928980293632 : Checking image 2 border bottom 145
1605999928980331776 : Checking image 2 border left 189
1605999928980369664 : Checking image 2 border right 189

</system-out><system-err>--------------------------------- Captured Err ---------------------------------

</system-err></testcase><testcase classname="tests.test_images" name="test_wrong_angle_split_line_png" time="60.699"><system-out>--------------------------------- Captured Log ---------------------------------

--------------------------------- Captured Out ---------------------------------
/home/runner/work/ocr-book/ocr-book/tests/wrong_angle_split_line.png
1605999917933790976 : Checking separation double page angle 90.08422009258813
1605999917933906688 : Checking separation double page y=0 2487
1605999925741343232 : Checking page rotation 1 0.0
1605999934732928512 : Checking page rotation 2 0.0
1605999946662049792 : Checking image 1 crop x1 53
1605999946662146048 : Checking image 1 crop y1 8
1605999946662189568 : Checking image 1 crop x2 2485
1605999946662230528 : Checking image 1 crop y2 3505
1605999949125628672 : Checking image 2 crop x1 154
1605999949125725952 : Checking image 2 crop y1 217
1605999949125776384 : Checking image 2 crop x2 2237
1605999949125823232 : Checking image 2 crop y2 3350
1605999949294625792 : Checking image 1 dpi 300
1605999949294775552 : Checking image 1 border top 5
1605999949294822912 : Checking image 1 border bottom 5
1605999949294862848 : Checking image 1 border left 24
1605999949294901504 : Checking image 1 border right 24
1605999949301341952 : Checking image 2 dpi 300
1605999949301489920 : Checking image 2 border top 195
1605999949301532160 : Checking image 2 border bottom 159
1605999949301569024 : Checking image 2 border left 188
1605999949301605632 : Checking image 2 border right 188

</system-out><system-err>--------------------------------- Captured Err ---------------------------------

</system-err></testcase><testcase classname="tests.test_images" name="test_angle_page_lower_split_line_png" time="35.785"><system-out>--------------------------------- Captured Log ---------------------------------

--------------------------------- Captured Out ---------------------------------
/home/runner/work/ocr-book/ocr-book/tests/angle_page_lower_split_line.png
1605999944348935424 : Checking separation double page angle 89.74710364870903
1605999944349027584 : Checking separation double page y=0 2471
1605999952960102656 : Checking page rotation 1 -0.44999999999998863
1605999961110795520 : Checking page rotation 2 0.2
1605999963124640000 : Checking image 1 crop x1 245
1605999963124738560 : Checking image 1 crop y1 161
1605999963124787456 : Checking image 1 crop x2 2351
1605999963124834560 : Checking image 1 crop y2 3364
1605999964793233152 : Checking image 2 crop x1 153
1605999964793328896 : Checking image 2 crop y1 147
1605999964793377024 : Checking image 2 crop x2 2260
1605999964793423616 : Checking image 2 crop y2 3350
1605999964832230144 : Checking image 1 dpi 300
1605999964832463872 : Checking image 1 border top 131
1605999964832519680 : Checking image 1 border bottom 152
1605999964832559616 : Checking image 1 border left 177
1605999964832598272 : Checking image 1 border right 177
1605999964835760128 : Checking image 2 dpi 300
1605999964835879424 : Checking image 2 border top 118
1605999964835922176 : Checking image 2 border bottom 166
1605999964835960320 : Checking image 2 border left 176
1605999964835998720 : Checking image 2 border right 176

</system-out><system-err>--------------------------------- Captured Err ---------------------------------

</system-err></testcase><testcase classname="tests.test_images" name="test_wrong_split_line_png" time="38.335"><system-out>--------------------------------- Captured Log ---------------------------------

--------------------------------- Captured Out ---------------------------------
/home/runner/work/ocr-book/ocr-book/tests/wrong_split_line.png
1605999971681330944 : Checking separation double page angle 89.81531182790899
1605999971681446400 : Checking separation double page y=0 2465
1605999978208130048 : Checking page rotation 1 -0.04999999999999716
1605999985634578176 : Checking page rotation 2 0.6000000000000001
1605999987052679936 : Checking image 1 crop x1 211
1605999987052765952 : Checking image 1 crop y1 156
1605999987052807168 : Checking image 1 crop x2 2323
1605999987052845824 : Checking image 1 crop y2 3363
1605999988387883008 : Checking image 2 crop x1 124
1605999988387974400 : Checking image 2 crop y1 167
1605999988388018944 : Checking image 2 crop x2 2236
1605999988388060672 : Checking image 2 crop y2 3373
1605999988422002944 : Checking image 1 dpi 300
1605999988422131968 : Checking image 1 border top 180
1605999988422172672 : Checking image 1 border bottom 100
1605999988422206720 : Checking image 1 border left 174
1605999988422239232 : Checking image 1 border right 174
1605999988424221952 : Checking image 2 dpi 300
1605999988424317952 : Checking image 2 border top 129
1605999988424357888 : Checking image 2 border bottom 152
1605999988424394240 : Checking image 2 border left 174
1605999988424430080 : Checking image 2 border right 174

</system-out><system-err>--------------------------------- Captured Err ---------------------------------

</system-err></testcase><testcase classname="tests.test_images" name="test_crop_too_much_png" time="59.250"><system-out>--------------------------------- Captured Log ---------------------------------

--------------------------------- Captured Out ---------------------------------
/home/runner/work/ocr-book/ocr-book/tests/crop_too_much.png
1605999993177131264 : Checking separation double page angle 90.14985593620918
1605999993177240576 : Checking separation double page y=0 2457
1606000007086771200 : Checking page rotation 1 0.0
1606000019128991744 : Checking page rotation 2 0.4
1606000021609800448 : Checking image 1 crop x1 303
1606000021609924352 : Checking image 1 crop y1 148
1606000021609967872 : Checking image 1 crop x2 2313
1606000021610008832 : Checking image 1 crop y2 3351
1606000024036866560 : Checking image 2 crop x1 166
1606000024036969472 : Checking image 2 crop y1 154
1606000024037019904 : Checking image 2 crop x2 2180
1606000024037066752 : Checking image 2 crop y2 3360
1606000024085175808 : Checking image 1 dpi 300
1606000024085345792 : Checking image 1 border top 116
1606000024085390592 : Checking image 1 border bottom 168
1606000024085428480 : Checking image 1 border left 225
1606000024085483264 : Checking image 1 border right 225
1606000024088341504 : Checking image 2 dpi 300
1606000024088436480 : Checking image 2 border top 95
1606000024088475392 : Checking image 2 border bottom 186
1606000024088509952 : Checking image 2 border left 223
1606000024088543744 : Checking image 2 border right 223

</system-out><system-err>--------------------------------- Captured Err ---------------------------------

</system-err></testcase><testcase classname="tests.test_images" name="test_crop_too_few_png" time="40.441"><system-out>--------------------------------- Captured Log ---------------------------------

--------------------------------- Captured Out ---------------------------------
/home/runner/work/ocr-book/ocr-book/tests/crop_too_few.png
1606000013016520192 : Checking separation double page angle 89.22405802376838
1606000013016634880 : Checking separation double page y=0 2508
1606000020101079552 : Checking page rotation 1 -0.75
1606000026021772800 : Checking page rotation 2 0.0
1606000027448809472 : Checking image 1 crop x1 265
1606000027448900608 : Checking image 1 crop y1 161
1606000027448943360 : Checking image 1 crop x2 2375
1606000027448982784 : Checking image 1 crop y2 3356
1606000028835275520 : Checking image 2 crop x1 141
1606000028835377664 : Checking image 2 crop y1 141
1606000028835442944 : Checking image 2 crop x2 2263
1606000028835482624 : Checking image 2 crop y2 3345
1606000028865777408 : Checking image 1 dpi 300
1606000028865888256 : Checking image 1 border top 84
1606000028865925632 : Checking image 1 border bottom 208
1606000028865974528 : Checking image 1 border left 175
1606000028866310912 : Checking image 1 border right 175
1606000028869071104 : Checking image 2 dpi 300
1606000028869142272 : Checking image 2 border top 130
1606000028869176576 : Checking image 2 border bottom 153
1606000028869207040 : Checking image 2 border left 169
1606000028869237248 : Checking image 2 border right 169

</system-out><system-err>--------------------------------- Captured Err ---------------------------------

</system-err></testcase></testsuite></testsuites>