<?xml version="1.0" encoding="utf-8"?><testsuites><testsuite errors="0" failures="0" hostname="travis-job-348a7946-4696-47c8-9de5-527c42a42a6a" name="pytest" skipped="0" tests="4" time="276.673" timestamp="2020-10-20T15:17:27.189364"><testcase classname="tests.test_images" name="test_0001_png" time="64.116"><system-out>--------------------------------- Captured Log ---------------------------------

--------------------------------- Captured Out ---------------------------------
0001.png
1603207088250216131 : Checking separation double page angle 90.55285531542692
1603207088250315774 : Checking separation double page y=0 2485
1603207098036187100 : Checking page rotation 1 0.7373305530706303
1603207110206718975 : Checking page rotation 2 0.16366951180068876
1603207110852211610 : Checking image 1 crop x1 331
1603207110852299977 : Checking image 1 crop y1 336
1603207110852333705 : Checking image 1 crop x2 2342
1603207110852365775 : Checking image 1 crop y2 3223
1603207111485945240 : Checking image 2 crop x1 170
1603207111486030246 : Checking image 2 crop y1 649
1603207111486064745 : Checking image 2 crop x2 2184
1603207111486096962 : Checking image 2 crop y2 3361
1603207111539332442 : Checking image 1 dpi 300
1603207111539466774 : Checking image 1 border top 324
1603207111539496529 : Checking image 1 border bottom 276
1603207111539523305 : Checking image 1 border left 224
1603207111539549584 : Checking image 1 border right 224
1603207111541578474 : Checking image 2 dpi 300
1603207111541718240 : Checking image 2 border top 674
1603207111541746863 : Checking image 2 border bottom 101
1603207111541772558 : Checking image 2 border left 223
1603207111541799092 : Checking image 2 border right 223

</system-out><system-err>--------------------------------- Captured Err ---------------------------------

</system-err></testcase><testcase classname="tests.test_images" name="test_2_pages_2_contours_png" time="31.454"><system-out>--------------------------------- Captured Log ---------------------------------

--------------------------------- Captured Out ---------------------------------
2-pages-2-contours.png
1603207132191510148 : Checking separation double page angle 90.2210765693812
1603207132191602545 : Checking separation double page y=0 2487
1603207133083976080 : Checking page rotation 1 0.08368996715487577
1603207141926483852 : Checking page rotation 2 0.2596174801002939
1603207142410379379 : Checking image 1 crop x1 1185
1603207142410445085 : Checking image 1 crop y1 1720
1603207142410472392 : Checking image 1 crop x2 1186
1603207142410497847 : Checking image 1 crop y2 1721
1603207142980380902 : Checking image 2 crop x1 108
1603207142980467613 : Checking image 2 crop y1 241
1603207142980500429 : Checking image 2 crop x2 2154
1603207142980532646 : Checking image 2 crop y2 3240
1603207143007234872 : Checking image 1 dpi 300
1603207143007333058 : Checking image 1 border top 1752
1603207143007361623 : Checking image 1 border bottom 1753
1603207143007388298 : Checking image 1 border left 1239
1603207143007414044 : Checking image 1 border right 1239
1603207143008530802 : Checking image 2 dpi 300
1603207143008648523 : Checking image 2 border top 240
1603207143008677499 : Checking image 2 border bottom 248
1603207143008703582 : Checking image 2 border left 207
1603207143008729568 : Checking image 2 border right 207

</system-out><system-err>--------------------------------- Captured Err ---------------------------------

</system-err></testcase><testcase classname="tests.test_images" name="test_black_border_not_removed_png" time="79.259"><system-out>--------------------------------- Captured Log ---------------------------------

--------------------------------- Captured Out ---------------------------------
black-border-not-removed.png
1603207194156505924 : Checking separation double page angle 89.96520148719509
1603207194156595813 : Checking separation double page y=0 2454
1603207204762552983 : Checking page rotation 1 0.012926055410434633
1603207220771903089 : Checking page rotation 2 -0.10329084947001053
1603207221470876124 : Checking image 1 crop x1 298
1603207221470964006 : Checking image 1 crop y1 143
1603207221470997181 : Checking image 1 crop x2 2308
1603207221471029307 : Checking image 1 crop y2 3346
1603207222187689886 : Checking image 2 crop x1 158
1603207222187777957 : Checking image 2 crop y1 144
1603207222187814535 : Checking image 2 crop x2 2172
1603207222187849563 : Checking image 2 crop y2 3353
1603207222251379756 : Checking image 1 dpi 300
1603207222251526694 : Checking image 1 border top 127
1603207222251557208 : Checking image 1 border bottom 157
1603207222251584276 : Checking image 1 border left 225
1603207222251610161 : Checking image 1 border right 225
1603207222253417137 : Checking image 2 dpi 300
1603207222253557927 : Checking image 2 border top 132
1603207222253586447 : Checking image 2 border bottom 146
1603207222253612784 : Checking image 2 border left 223
1603207222253639127 : Checking image 2 border right 223

</system-out><system-err>--------------------------------- Captured Err ---------------------------------

</system-err></testcase><testcase classname="tests.test_images" name="test_image_failed_to_rotate_png" time="100.713"><system-out>--------------------------------- Captured Log ---------------------------------

--------------------------------- Captured Out ---------------------------------
image_failed_to_rotate.png
1603207251541309847 : Checking separation double page angle 90.44047961375287
1603207251541404545 : Checking separation double page y=0 2495
1603207254244015182 : Checking page rotation 1 0.40194312869130805
1603207264351760193 : Checking page rotation 2 0.3482554401679422
1603207322091441062 : Checking image 1 crop x1 209
1603207322091541433 : Checking image 1 crop y1 8
1603207322091574762 : Checking image 1 crop x2 2485
1603207322091607168 : Checking image 1 crop y2 3487
1603207322760884833 : Checking image 2 crop x1 169
1603207322760972526 : Checking image 2 crop y1 234
1603207322761026492 : Checking image 2 crop x2 2250
1603207322761060185 : Checking image 2 crop y2 3356
1603207322898114779 : Checking image 1 dpi 300
1603207322898250391 : Checking image 1 border top 14
1603207322898292789 : Checking image 1 border bottom 14
1603207322898318983 : Checking image 1 border left 102
1603207322898344991 : Checking image 1 border right 102
1603207322900457190 : Checking image 2 dpi 300
1603207322900571117 : Checking image 2 border top 205
1603207322900599837 : Checking image 2 border bottom 160
1603207322900626310 : Checking image 2 border left 189
1603207322900652130 : Checking image 2 border right 189

</system-out><system-err>--------------------------------- Captured Err ---------------------------------

</system-err></testcase></testsuite></testsuites>