<?xml version="1.0" encoding="utf-8"?><testsuites><testsuite name="pytest" errors="0" failures="0" skipped="0" tests="36" time="609.057" timestamp="2021-01-06T19:50:45.621169" hostname="fv-az137-914"><testcase classname="tests.test_features" name="test_mock_stop_at_0" time="0.047"><system-out>--------------------------------- Captured Log ---------------------------------

--------------------------------- Captured Out ---------------------------------
/home/runner/work/ocr-book/ocr-book/tests/0001_0.png

</system-out><system-err>--------------------------------- Captured Err ---------------------------------

</system-err></testcase><testcase classname="tests.test_features" name="test_disabled_enable_debug" time="36.846"><system-out>--------------------------------- Captured Log ---------------------------------

--------------------------------- Captured Out ---------------------------------
/home/runner/work/ocr-book/ocr-book/tests/0001_debug.png
separation double page angle 90.5528088189967
separation double page y=0 2485
page rotation 1 0.5499999999999999
page rotation 2 0.2
image 1 crop x1 327
image 1 crop y1 334
image 1 crop x2 2346
image 1 crop y2 3221
image 2 crop x1 169
image 2 crop y1 648
image 2 crop x2 2186
image 2 crop y2 3361
image 1 dpi 300
image 1 border top 332
image 1 border bottom 268
image 1 border left 220
image 1 border right 220
image 2 dpi 300
image 2 border top 643
image 2 border bottom 131
image 2 border left 221
image 2 border right 221

</system-out><system-err>--------------------------------- Captured Err ---------------------------------

</system-err></testcase><testcase classname="tests.test_features" name="test_mock_stop_at_2" time="32.304"><system-out>--------------------------------- Captured Log ---------------------------------

--------------------------------- Captured Out ---------------------------------
/home/runner/work/ocr-book/ocr-book/tests/0001_2.png
separation double page angle 90.5528088189967
separation double page y=0 2485
page rotation 1 0.5499999999999999
page rotation 2 0.2

</system-out><system-err>--------------------------------- Captured Err ---------------------------------

</system-err></testcase><testcase classname="tests.test_features" name="test_mock_stop_at_4" time="36.037"><system-out>--------------------------------- Captured Log ---------------------------------

--------------------------------- Captured Out ---------------------------------
/home/runner/work/ocr-book/ocr-book/tests/0001_4.png
separation double page angle 90.5528088189967
separation double page y=0 2485
page rotation 1 0.5499999999999999
page rotation 2 0.2
image 1 crop x1 327
image 1 crop y1 334
image 1 crop x2 2346
image 1 crop y2 3221
image 2 crop x1 169
image 2 crop y1 648
image 2 crop x2 2186
image 2 crop y2 3361
image 1 dpi 300
image 1 border top 332
image 1 border bottom 268
image 1 border left 220
image 1 border right 220
image 2 dpi 300
image 2 border top 643
image 2 border bottom 131
image 2 border left 221
image 2 border right 221

</system-out><system-err>--------------------------------- Captured Err ---------------------------------

</system-err></testcase><testcase classname="tests.test_features" name="test_mock_stop_at_1" time="28.484"><system-out>--------------------------------- Captured Log ---------------------------------

--------------------------------- Captured Out ---------------------------------
/home/runner/work/ocr-book/ocr-book/tests/0001_1.png
separation double page angle 90.5528088189967
separation double page y=0 2485

</system-out><system-err>--------------------------------- Captured Err ---------------------------------

</system-err></testcase><testcase classname="tests.test_features" name="test_mock_stop_at_3" time="35.921"><system-out>--------------------------------- Captured Log ---------------------------------

--------------------------------- Captured Out ---------------------------------
/home/runner/work/ocr-book/ocr-book/tests/0001_3.png
separation double page angle 90.5528088189967
separation double page y=0 2485
page rotation 1 0.5499999999999999
page rotation 2 0.2
image 1 crop x1 327
image 1 crop y1 334
image 1 crop x2 2346
image 1 crop y2 3221
image 2 crop x1 169
image 2 crop y1 648
image 2 crop x2 2186
image 2 crop y2 3361

</system-out><system-err>--------------------------------- Captured Err ---------------------------------

</system-err></testcase><testcase classname="tests.test_images" name="test_0001_png" time="35.154"><system-out>--------------------------------- Captured Log ---------------------------------

--------------------------------- Captured Out ---------------------------------
/home/runner/work/ocr-book/ocr-book/tests/0001.png
1609962743331068484 : Checking separation double page angle 90.5528088189967
1609962743331174684 : Checking separation double page y=0 2485
1609962744543345200 : Checking page rotation 1 0.5499999999999999
1609962745897211841 : Checking page rotation 2 0.2
1609962748353687966 : Checking image 1 crop x1 327
1609962748353798567 : Checking image 1 crop y1 334
1609962748353835667 : Checking image 1 crop x2 2346
1609962748353877368 : Checking image 1 crop y2 3221
1609962750443691884 : Checking image 2 crop x1 169
1609962750443807284 : Checking image 2 crop y1 648
1609962750443848085 : Checking image 2 crop x2 2186
1609962750443883085 : Checking image 2 crop y2 3361
1609962750444057386 : Checking image 1 dpi 300
1609962750444131286 : Checking image 1 border top 332
1609962750444167887 : Checking image 1 border bottom 268
1609962750444201087 : Checking image 1 border left 220
1609962750444234087 : Checking image 1 border right 220
1609962750446839504 : Checking image 2 dpi 300
1609962750446904704 : Checking image 2 border top 643
1609962750446939805 : Checking image 2 border bottom 131
1609962750446972405 : Checking image 2 border left 221
1609962750447005405 : Checking image 2 border right 221

</system-out><system-err>--------------------------------- Captured Err ---------------------------------

</system-err></testcase><testcase classname="tests.test_features" name="test_mock_stop_at_5" time="35.850"><system-out>--------------------------------- Captured Log ---------------------------------

--------------------------------- Captured Out ---------------------------------
/home/runner/work/ocr-book/ocr-book/tests/0001_5.png
separation double page angle 90.5528088189967
separation double page y=0 2485
page rotation 1 0.5499999999999999
page rotation 2 0.2
image 1 crop x1 327
image 1 crop y1 334
image 1 crop x2 2346
image 1 crop y2 3221
image 2 crop x1 169
image 2 crop y1 648
image 2 crop x2 2186
image 2 crop y2 3361
image 1 dpi 300
image 1 border top 332
image 1 border bottom 268
image 1 border left 220
image 1 border right 220
image 2 dpi 300
image 2 border top 643
image 2 border bottom 131
image 2 border left 221
image 2 border right 221

</system-out><system-err>--------------------------------- Captured Err ---------------------------------

</system-err></testcase><testcase classname="tests.test_images" name="test_black_border_not_removed_png" time="37.388"><system-out>--------------------------------- Captured Log ---------------------------------

--------------------------------- Captured Out ---------------------------------
/home/runner/work/ocr-book/ocr-book/tests/black-border-not-removed.png
1609962779020609375 : Checking separation double page angle 90.033171103531
1609962779020716775 : Checking separation double page y=0 2455
1609962780192861521 : Checking page rotation 1 0.0
1609962781859894494 : Checking page rotation 2 0.05
1609962785009193236 : Checking image 1 crop x1 297
1609962785009307737 : Checking image 1 crop y1 143
1609962785009347837 : Checking image 1 crop x2 2309
1609962785009382738 : Checking image 1 crop y2 3346
1609962787835577773 : Checking image 2 crop x1 157
1609962787835700973 : Checking image 2 crop y1 145
1609962787835739574 : Checking image 2 crop x2 2170
1609962787835775074 : Checking image 2 crop y2 3351
1609962787835933175 : Checking image 1 dpi 300
1609962787836003875 : Checking image 1 border top 132
1609962787836038276 : Checking image 1 border bottom 152
1609962787836069976 : Checking image 1 border left 224
1609962787836101576 : Checking image 1 border right 224
1609962787838815594 : Checking image 2 dpi 300
1609962787838879094 : Checking image 2 border top 134
1609962787838913294 : Checking image 2 border bottom 147
1609962787838960395 : Checking image 2 border left 223
1609962787838990895 : Checking image 2 border right 223

</system-out><system-err>--------------------------------- Captured Err ---------------------------------

</system-err></testcase><testcase classname="tests.test_images" name="test_2_pages_2_contours_png" time="22.054"><system-out>--------------------------------- Captured Log ---------------------------------

--------------------------------- Captured Out ---------------------------------
/home/runner/work/ocr-book/ocr-book/tests/2-pages-2-contours.png
1609962801116724417 : Checking separation double page angle 90.09036871657068
1609962801116828317 : Checking separation double page y=0 2486
1609962801755897187 : Checking page rotation 1 0.0
1609962802915976955 : Checking page rotation 2 0.2
1609962803857073995 : Checking image 1 crop x1 1191
1609962803857178396 : Checking image 1 crop y1 1750
1609962803857214896 : Checking image 1 crop x2 1192
1609962803857246797 : Checking image 1 crop y2 1751
1609962806077329981 : Checking image 2 crop x1 99
1609962806077436882 : Checking image 2 crop y1 240
1609962806077477282 : Checking image 2 crop x2 2147
1609962806077550383 : Checking image 2 crop y2 3240
1609962806077714684 : Checking image 1 dpi 300
1609962806077783284 : Checking image 1 border top 1752
1609962806077816585 : Checking image 1 border bottom 1753
1609962806077847085 : Checking image 1 border left 1239
1609962806077877385 : Checking image 1 border right 1239
1609962806079420195 : Checking image 2 dpi 300
1609962806079476895 : Checking image 2 border top 229
1609962806079508796 : Checking image 2 border bottom 258
1609962806079538396 : Checking image 2 border left 206
1609962806079567796 : Checking image 2 border right 206

</system-out><system-err>--------------------------------- Captured Err ---------------------------------

</system-err></testcase><testcase classname="tests.test_images" name="test_image_failed_to_rotate_png" time="38.131"><system-out>--------------------------------- Captured Log ---------------------------------

--------------------------------- Captured Out ---------------------------------
/home/runner/work/ocr-book/ocr-book/tests/image_failed_to_rotate.png
1609962814076596173 : Checking separation double page angle 90.26767669076624
1609962814076786974 : Checking separation double page y=0 2480
1609962816148749992 : Checking page rotation 1 0.45
1609962817412260236 : Checking page rotation 2 0.2
1609962822872380259 : Checking image 1 crop x1 31
1609962822872569960 : Checking image 1 crop y1 1
1609962822872680661 : Checking image 1 crop x2 2478
1609962822872725061 : Checking image 1 crop y2 3504
1609962825863699573 : Checking image 2 crop x1 169
1609962825863807674 : Checking image 2 crop y1 231
1609962825863844574 : Checking image 2 crop x2 2257
1609962825863877675 : Checking image 2 crop y2 3358
1609962825864034776 : Checking image 1 dpi 300
1609962825864108276 : Checking image 1 border top 2
1609962825864142576 : Checking image 1 border bottom 2
1609962825864173077 : Checking image 1 border left 17
1609962825864203477 : Checking image 1 border right 17
1609962825867343797 : Checking image 2 dpi 300
1609962825867402098 : Checking image 2 border top 218
1609962825867433398 : Checking image 2 border bottom 142
1609962825867462798 : Checking image 2 border left 186
1609962825867492298 : Checking image 2 border right 186

</system-out><system-err>--------------------------------- Captured Err ---------------------------------

</system-err></testcase><testcase classname="tests.test_images" name="test_wrong_split_line_png" time="27.285"><system-out>--------------------------------- Captured Log ---------------------------------

--------------------------------- Captured Out ---------------------------------
/home/runner/work/ocr-book/ocr-book/tests/wrong_split_line.png
1609962827230570791 : Checking separation double page angle 89.93395720607973
1609962827230670891 : Checking separation double page y=0 2465
1609962828257327283 : Checking page rotation 1 -0.04999999999999689
1609962829327078753 : Checking page rotation 2 0.5499999999999999
1609962830849120772 : Checking image 1 crop x1 211
1609962830849220872 : Checking image 1 crop y1 156
1609962830849257873 : Checking image 1 crop x2 2323
1609962830849293373 : Checking image 1 crop y2 3363
1609962833362507550 : Checking image 2 crop x1 125
1609962833362605750 : Checking image 2 crop y1 166
1609962833362641851 : Checking image 2 crop x2 2236
1609962833362675351 : Checking image 2 crop y2 3373
1609962833362837952 : Checking image 1 dpi 300
1609962833362909952 : Checking image 1 border top 134
1609962833362942353 : Checking image 1 border bottom 146
1609962833362971453 : Checking image 1 border left 174
1609962833363000753 : Checking image 1 border right 174
1609962833365176367 : Checking image 2 dpi 300
1609962833365226367 : Checking image 2 border top 146
1609962833365256368 : Checking image 2 border bottom 134
1609962833365284368 : Checking image 2 border left 174
1609962833365312368 : Checking image 2 border right 174

</system-out><system-err>--------------------------------- Captured Err ---------------------------------

</system-err></testcase><testcase classname="tests.test_images" name="test_image_failed_to_crop_data_png" time="50.023"><system-out>--------------------------------- Captured Log ---------------------------------

--------------------------------- Captured Out ---------------------------------
/home/runner/work/ocr-book/ocr-book/tests/image_failed_to_crop_data.png
1609962857072909407 : Checking separation double page angle 90.053197600644
1609962857073053308 : Checking separation double page y=0 2480
1609962861906451895 : Checking page rotation 1 0.15000000000000002
1609962862970759594 : Checking page rotation 2 0.0
1609962872711723752 : Checking image 1 crop x1 51
1609962872711847552 : Checking image 1 crop y1 7
1609962872711889453 : Checking image 1 crop x2 2478
1609962872711927253 : Checking image 1 crop y2 3505
1609962875916866758 : Checking image 2 crop x1 160
1609962875916981159 : Checking image 2 crop y1 217
1609962875917020159 : Checking image 2 crop x2 2242
1609962875917055959 : Checking image 2 crop y2 3350
1609962875917230860 : Checking image 1 dpi 300
1609962875917307461 : Checking image 1 border top 5
1609962875917344361 : Checking image 1 border bottom 5
1609962875917376761 : Checking image 1 border left 27
1609962875917410061 : Checking image 1 border right 27
1609962875919339574 : Checking image 2 dpi 300
1609962875919398574 : Checking image 2 border top 206
1609962875919432274 : Checking image 2 border bottom 148
1609962875919463775 : Checking image 2 border left 189
1609962875919495675 : Checking image 2 border right 189

</system-out><system-err>--------------------------------- Captured Err ---------------------------------

</system-err></testcase><testcase classname="tests.test_images" name="test_crop_too_much_png" time="44.396"><system-out>--------------------------------- Captured Log ---------------------------------

--------------------------------- Captured Out ---------------------------------
/home/runner/work/ocr-book/ocr-book/tests/crop_too_much.png
1609962869831157834 : Checking separation double page angle 90.13239409272954
1609962869831283335 : Checking separation double page y=0 2455
1609962871446119560 : Checking page rotation 1 0.0
1609962873076598384 : Checking page rotation 2 0.2
1609962875806193047 : Checking image 1 crop x1 303
1609962875806328548 : Checking image 1 crop y1 148
1609962875806391048 : Checking image 1 crop x2 2313
1609962875806431549 : Checking image 1 crop y2 3351
1609962877676336359 : Checking image 2 crop x1 162
1609962877676435759 : Checking image 2 crop y1 151
1609962877676470960 : Checking image 2 crop x2 2186
1609962877676503860 : Checking image 2 crop y2 3363
1609962877676666661 : Checking image 1 dpi 300
1609962877676736161 : Checking image 1 border top 132
1609962877676767661 : Checking image 1 border bottom 152
1609962877676796662 : Checking image 1 border left 225
1609962877676825462 : Checking image 1 border right 225
1609962877678825475 : Checking image 2 dpi 300
1609962877678879375 : Checking image 2 border top 132
1609962877678916975 : Checking image 2 border bottom 143
1609962877678943875 : Checking image 2 border left 218
1609962877678970976 : Checking image 2 border right 218

</system-out><system-err>--------------------------------- Captured Err ---------------------------------

</system-err></testcase><testcase classname="tests.test_images" name="test_wrong_angle_split_line_png" time="33.141"><system-out>--------------------------------- Captured Log ---------------------------------

--------------------------------- Captured Out ---------------------------------
/home/runner/work/ocr-book/ocr-book/tests/wrong_angle_split_line.png
1609962895945921989 : Checking separation double page angle 90.09193420006348
1609962895946046790 : Checking separation double page y=0 2478
1609962897282598988 : Checking page rotation 1 0.1
1609962898455179831 : Checking page rotation 2 0.1
1609962904543448824 : Checking image 1 crop x1 58
1609962904543562925 : Checking image 1 crop y1 6
1609962904543604025 : Checking image 1 crop x2 2476
1609962904543639425 : Checking image 1 crop y2 3501
1609962908381027390 : Checking image 2 crop x1 166
1609962908381143091 : Checking image 2 crop y1 218
1609962908381180991 : Checking image 2 crop x2 2244
1609962908381216691 : Checking image 2 crop y2 3349
1609962908381388292 : Checking image 1 dpi 300
1609962908381464293 : Checking image 1 border top 6
1609962908381499693 : Checking image 1 border bottom 6
1609962908381530993 : Checking image 1 border left 31
1609962908381561594 : Checking image 1 border right 31
1609962908393369368 : Checking image 2 dpi 300
1609962908393481869 : Checking image 2 border top 207
1609962908393518369 : Checking image 2 border bottom 149
1609962908393551070 : Checking image 2 border left 191
1609962908393605570 : Checking image 2 border right 191

</system-out><system-err>--------------------------------- Captured Err ---------------------------------

</system-err></testcase><testcase classname="tests.test_images" name="test_crop_too_few_png" time="28.877"><system-out>--------------------------------- Captured Log ---------------------------------

--------------------------------- Captured Out ---------------------------------
/home/runner/work/ocr-book/ocr-book/tests/crop_too_few.png
1609962900077463259 : Checking separation double page angle 89.54670238452755
1609962900077577060 : Checking separation double page y=0 2512
1609962901212739946 : Checking page rotation 1 -0.6000000000000009
1609962902518119224 : Checking page rotation 2 0.0
1609962904525637410 : Checking image 1 crop x1 263
1609962904525744010 : Checking image 1 crop y1 150
1609962904525782411 : Checking image 1 crop x2 2379
1609962904525816511 : Checking image 1 crop y2 3358
1609962906640163282 : Checking image 2 crop x1 137
1609962906640266182 : Checking image 2 crop y1 141
1609962906640319383 : Checking image 2 crop x2 2259
1609962906640353383 : Checking image 2 crop y2 3345
1609962906640549484 : Checking image 1 dpi 300
1609962906640630285 : Checking image 1 border top 130
1609962906640664685 : Checking image 1 border bottom 149
1609962906640696785 : Checking image 1 border left 172
1609962906640728885 : Checking image 1 border right 172
1609962906643591704 : Checking image 2 dpi 300
1609962906643784205 : Checking image 2 border top 130
1609962906643823005 : Checking image 2 border bottom 153
1609962906643857805 : Checking image 2 border left 169
1609962906643892306 : Checking image 2 border right 169

</system-out><system-err>--------------------------------- Captured Err ---------------------------------

</system-err></testcase><testcase classname="tests.test_images" name="test_crop_too_much_2_png" time="51.649"><system-out>--------------------------------- Captured Log ---------------------------------

--------------------------------- Captured Out ---------------------------------
/home/runner/work/ocr-book/ocr-book/tests/crop_too_much_2.png
1609962948861809954 : Checking separation double page angle 90.1149074900787
1609962948861933455 : Checking separation double page y=0 2478
1609962950586459665 : Checking page rotation 1 0.15000000000000002
1609962952501120844 : Checking page rotation 2 0.2
1609962954875465851 : Checking image 1 crop x1 330
1609962954875565652 : Checking image 1 crop y1 132
1609962954875600852 : Checking image 1 crop x2 2342
1609962954875631552 : Checking image 1 crop y2 3335
1609962958262476995 : Checking image 2 crop x1 162
1609962958262576695 : Checking image 2 crop y1 139
1609962958262629796 : Checking image 2 crop x2 2175
1609962958262662596 : Checking image 2 crop y2 3345
1609962958262911197 : Checking image 1 dpi 300
1609962958262988897 : Checking image 1 border top 122
1609962958263026298 : Checking image 1 border bottom 162
1609962958263075098 : Checking image 1 border left 224
1609962958263137898 : Checking image 1 border right 224
1609962958265163609 : Checking image 2 dpi 300
1609962958265216009 : Checking image 2 border top 130
1609962958265245109 : Checking image 2 border bottom 151
1609962958265272509 : Checking image 2 border left 223
1609962958265316909 : Checking image 2 border right 223

</system-out><system-err>--------------------------------- Captured Err ---------------------------------

</system-err></testcase><testcase classname="tests.test_images" name="test_angle_page_lower_split_line_png" time="35.625"><system-out>--------------------------------- Captured Log ---------------------------------

--------------------------------- Captured Out ---------------------------------
/home/runner/work/ocr-book/ocr-book/tests/angle_page_lower_split_line.png
1609962936816983002 : Checking separation double page angle 89.74927707086691
1609962936817126603 : Checking separation double page y=0 2474
1609962938619375900 : Checking page rotation 1 -0.14999999999999067
1609962940094978959 : Checking page rotation 2 0.1
1609962942521017249 : Checking image 1 crop x1 241
1609962942521132350 : Checking image 1 crop y1 156
1609962942521170050 : Checking image 1 crop x2 2357
1609962942521203850 : Checking image 1 crop y2 3368
1609962944770945285 : Checking image 2 crop x1 149
1609962944771121486 : Checking image 2 crop y1 146
1609962944771205687 : Checking image 2 crop x2 2259
1609962944771264887 : Checking image 2 crop y2 3351
1609962944771471788 : Checking image 1 dpi 300
1609962944771588889 : Checking image 1 border top 140
1609962944771643389 : Checking image 1 border bottom 135
1609962944771675990 : Checking image 1 border left 172
1609962944771712490 : Checking image 1 border right 172
1609962944775775716 : Checking image 2 dpi 300
1609962944775879317 : Checking image 2 border top 129
1609962944775914117 : Checking image 2 border bottom 152
1609962944775946018 : Checking image 2 border left 175
1609962944775978218 : Checking image 2 border right 175

</system-out><system-err>--------------------------------- Captured Err ---------------------------------

</system-err></testcase><testcase classname="tests.test_images" name="test_wrong_wave_split_line_png" time="50.663"><system-out>--------------------------------- Captured Log ---------------------------------

--------------------------------- Captured Out ---------------------------------
/home/runner/work/ocr-book/ocr-book/tests/wrong_wave_split_line.png
1609962981479425951 : Checking separation double page angle 90.37878604107719
1609962981479569952 : Checking separation double page y=0 2500
1609962982853941328 : Checking page rotation 1 -0.14999999999999067
1609962984180366908 : Checking page rotation 2 0.9
1609962989887737707 : Checking image 1 crop x1 385
1609962989887842007 : Checking image 1 crop y1 179
1609962989887876408 : Checking image 1 crop x2 2411
1609962989887906608 : Checking image 1 crop y2 3374
1609962995432583459 : Checking image 2 crop x1 17
1609962995432710460 : Checking image 2 crop y1 8
1609962995432749060 : Checking image 2 crop x2 2399
1609962995432783960 : Checking image 2 crop y2 3391
1609962995432935361 : Checking image 1 dpi 300
1609962995433007662 : Checking image 1 border top 173
1609962995433040162 : Checking image 1 border bottom 119
1609962995433069962 : Checking image 1 border left 217
1609962995433099662 : Checking image 1 border right 217
1609962995436101882 : Checking image 2 dpi 300
1609962995436172682 : Checking image 2 border top 0
1609962995436230183 : Checking image 2 border bottom 114
1609962995436265183 : Checking image 2 border left 49
1609962995436300483 : Checking image 2 border right 49

</system-out><system-err>--------------------------------- Captured Err ---------------------------------

</system-err></testcase><testcase classname="tests.test_images" name="test_wrong_split_line_2_png" time="51.848"><system-out>--------------------------------- Captured Log ---------------------------------

--------------------------------- Captured Out ---------------------------------
/home/runner/work/ocr-book/ocr-book/tests/wrong_split_line_2.png
1609962994804079918 : Checking separation double page angle 90.19944704411863
1609962994804210019 : Checking separation double page y=0 2437
1609962996611550150 : Checking page rotation 1 0.2
1609962998410907659 : Checking page rotation 2 0.2
1609963002795169758 : Checking image 1 crop x1 294
1609963002795271959 : Checking image 1 crop y1 136
1609963002795306559 : Checking image 1 crop x2 2325
1609963002795341659 : Checking image 1 crop y2 3376
1609963010124286821 : Checking image 2 crop x1 136
1609963010124388222 : Checking image 2 crop y1 190
1609963010124425122 : Checking image 2 crop x2 2172
1609963010124493722 : Checking image 2 crop y2 3389
1609963010124655824 : Checking image 1 dpi 300
1609963010124728224 : Checking image 1 border top 131
1609963010124759024 : Checking image 1 border bottom 116
1609963010124787524 : Checking image 1 border left 214
1609963010124816025 : Checking image 1 border right 214
1609963010126836138 : Checking image 2 dpi 300
1609963010126911939 : Checking image 2 border top 181
1609963010126944539 : Checking image 2 border bottom 107
1609963010126975439 : Checking image 2 border left 212
1609963010127006239 : Checking image 2 border right 212

</system-out><system-err>--------------------------------- Captured Err ---------------------------------

</system-err></testcase><testcase classname="tests.test_images" name="test_no_split_line_line_algo_png" time="34.212"><system-out>--------------------------------- Captured Log ---------------------------------

--------------------------------- Captured Out ---------------------------------
/home/runner/work/ocr-book/ocr-book/tests/no_split_line_line_algo.png
1609963021155142092 : Checking separation double page angle 89.47691469185418
1609963021155273192 : Checking separation double page y=0 2476
1609963022271390610 : Checking page rotation 1 -0.14999999999999067
1609963023880014125 : Checking page rotation 2 -0.14999999999999067
1609963025518333827 : Checking image 1 crop x1 205
1609963025518471228 : Checking image 1 crop y1 158
1609963025518519928 : Checking image 1 crop x2 2320
1609963025518556528 : Checking image 1 crop y2 3366
1609963029669332806 : Checking image 2 crop x1 185
1609963029669445806 : Checking image 2 crop y1 225
1609963029669484307 : Checking image 2 crop x2 2204
1609963029669518507 : Checking image 2 crop y2 3362
1609963029669695108 : Checking image 1 dpi 300
1609963029669769008 : Checking image 1 border top 144
1609963029669802108 : Checking image 1 border bottom 134
1609963029669833109 : Checking image 1 border left 172
1609963029669863509 : Checking image 1 border right 172
1609963029671990721 : Checking image 2 dpi 300
1609963029672044621 : Checking image 2 border top 223
1609963029672074222 : Checking image 2 border bottom 127
1609963029672101922 : Checking image 2 border left 220
1609963029672129922 : Checking image 2 border right 220

</system-out><system-err>--------------------------------- Captured Err ---------------------------------

</system-err></testcase><testcase classname="tests.test_images" name="test_small_wave_png" time="45.264"><system-out>--------------------------------- Captured Log ---------------------------------

--------------------------------- Captured Out ---------------------------------
/home/runner/work/ocr-book/ocr-book/tests/small_wave.png
1609963049187839293 : Checking separation double page angle 90.58816928841564
1609963049187999894 : Checking separation double page y=0 2497
1609963050982759520 : Checking page rotation 1 0.65
1609963052576619182 : Checking page rotation 2 0.65
1609963053955358816 : Checking image 1 crop x1 320
1609963053955458116 : Checking image 1 crop y1 199
1609963053955492316 : Checking image 1 crop x2 2353
1609963053955522617 : Checking image 1 crop y2 3394
1609963055385424463 : Checking image 2 crop x1 130
1609963055385531664 : Checking image 2 crop y1 222
1609963055385573264 : Checking image 2 crop x2 2163
1609963055385613464 : Checking image 2 crop y2 3420
1609963055385794165 : Checking image 1 dpi 300
1609963055385909366 : Checking image 1 border top 179
1609963055385980467 : Checking image 1 border bottom 112
1609963055386050067 : Checking image 1 border left 213
1609963055386098567 : Checking image 1 border right 213
1609963055388323381 : Checking image 2 dpi 300
1609963055388379181 : Checking image 2 border top 197
1609963055388410682 : Checking image 2 border bottom 92
1609963055388440482 : Checking image 2 border left 213
1609963055388470082 : Checking image 2 border right 213

</system-out><system-err>--------------------------------- Captured Err ---------------------------------

</system-err></testcase><testcase classname="tests.test_images" name="test_failed_split_line_line_algo_png" time="18.083"><system-out>--------------------------------- Captured Log ---------------------------------

--------------------------------- Captured Out ---------------------------------
/home/runner/work/ocr-book/ocr-book/tests/failed_split_line_line_algo.png
1609963043491804423 : Checking separation double page angle 90.04134220573248
1609963043491924123 : Checking separation double page y=0 2573
1609963044262142461 : Checking page rotation 1 -0.09999999999999377
1609963044897047238 : Checking page rotation 2 0.1
1609963046826534229 : Checking image 1 crop x1 408
1609963046826643230 : Checking image 1 crop y1 2926
1609963046826677930 : Checking image 1 crop x2 2420
1609963046826707930 : Checking image 1 crop y2 3173
1609963047784992884 : Checking image 2 crop x1 1184
1609963047785084085 : Checking image 2 crop y1 1745
1609963047785235686 : Checking image 2 crop x2 1185
1609963047785283986 : Checking image 2 crop y2 1746
1609963047785429687 : Checking image 1 dpi 300
1609963047785535588 : Checking image 1 border top 2922
1609963047785582388 : Checking image 1 border bottom 318
1609963047785610488 : Checking image 1 border left 224
1609963047785637888 : Checking image 1 border right 224
1609963047786948797 : Checking image 2 dpi 300
1609963047787015097 : Checking image 2 border top 1753
1609963047787044597 : Checking image 2 border bottom 1753
1609963047787088698 : Checking image 2 border left 1239
1609963047787115198 : Checking image 2 border right 1239

</system-out><system-err>--------------------------------- Captured Err ---------------------------------

</system-err></testcase><testcase classname="tests.test_images" name="test_failed_split_line_line_algo_2_png" time="38.541"><system-out>--------------------------------- Captured Log ---------------------------------

--------------------------------- Captured Out ---------------------------------
/home/runner/work/ocr-book/ocr-book/tests/failed_split_line_line_algo_2.png
1609963080568676772 : Checking separation double page angle 90.03068774449687
1609963080568814673 : Checking separation double page y=0 2500
1609963081942689565 : Checking page rotation 1 0.05
1609963083137997589 : Checking page rotation 2 0.5499999999999999
1609963084664626505 : Checking image 1 crop x1 271
1609963084664768706 : Checking image 1 crop y1 149
1609963084664809706 : Checking image 1 crop x2 2382
1609963084664846807 : Checking image 1 crop y2 3354
1609963086291860326 : Checking image 2 crop x1 120
1609963086291997327 : Checking image 2 crop y1 155
1609963086292052627 : Checking image 2 crop x2 2244
1609963086292104528 : Checking image 2 crop y2 3350
1609963086292327829 : Checking image 1 dpi 300
1609963086292413830 : Checking image 1 border top 141
1609963086292452130 : Checking image 1 border bottom 141
1609963086292487930 : Checking image 1 border left 174
1609963086292540331 : Checking image 1 border right 174
1609963086295575250 : Checking image 2 dpi 300
1609963086295635551 : Checking image 2 border top 140
1609963086295667851 : Checking image 2 border bottom 152
1609963086295697651 : Checking image 2 border left 168
1609963086295727251 : Checking image 2 border right 168

</system-out><system-err>--------------------------------- Captured Err ---------------------------------

</system-err></testcase><testcase classname="tests.test_images" name="test_wrong_split_line_3_png" time="35.145"><system-out>--------------------------------- Captured Log ---------------------------------

--------------------------------- Captured Out ---------------------------------
/home/runner/work/ocr-book/ocr-book/tests/wrong_split_line_3.png
1609963084246646403 : Checking separation double page angle 90.43729500214694
1609963084246807304 : Checking separation double page y=0 2498
1609963085807768996 : Checking page rotation 1 0.2
1609963086982731693 : Checking page rotation 2 0.85
1609963088647806059 : Checking image 1 crop x1 331
1609963088647908859 : Checking image 1 crop y1 166
1609963088647945959 : Checking image 1 crop x2 2377
1609963088647980560 : Checking image 1 crop y2 3375
1609963090552842176 : Checking image 2 crop x1 102
1609963090552936776 : Checking image 2 crop y1 207
1609963090552973076 : Checking image 2 crop x2 2135
1609963090553006877 : Checking image 2 crop y2 3414
1609963090553200378 : Checking image 1 dpi 300
1609963090553269578 : Checking image 1 border top 158
1609963090553299378 : Checking image 1 border bottom 120
1609963090553326779 : Checking image 1 border left 207
1609963090553354179 : Checking image 1 border right 207
1609963090555455492 : Checking image 2 dpi 300
1609963090555505393 : Checking image 2 border top 186
1609963090555535593 : Checking image 2 border bottom 94
1609963090555563393 : Checking image 2 border left 213
1609963090555590093 : Checking image 2 border right 213

</system-out><system-err>--------------------------------- Captured Err ---------------------------------

</system-err></testcase><testcase classname="tests.test_images" name="test_crop_too_much_3_png" time="40.048"><system-out>--------------------------------- Captured Log ---------------------------------

--------------------------------- Captured Out ---------------------------------
/home/runner/work/ocr-book/ocr-book/tests/crop_too_much_3.png
1609963119308333247 : Checking separation double page angle 89.49330634783144
1609963119308506648 : Checking separation double page y=0 2498
1609963120451004458 : Checking page rotation 1 -0.8999999999999949
1609963122007745118 : Checking page rotation 2 -0.14999999999999067
1609963124197037726 : Checking image 1 crop x1 374
1609963124197181327 : Checking image 1 crop y1 258
1609963124197253928 : Checking image 1 crop x2 2385
1609963124197312028 : Checking image 1 crop y2 3459
1609963126351627815 : Checking image 2 crop x1 168
1609963126351747616 : Checking image 2 crop y1 228
1609963126351787616 : Checking image 2 crop x2 2181
1609963126351841217 : Checking image 2 crop y2 3417
1609963126352046618 : Checking image 1 dpi 300
1609963126352119619 : Checking image 1 border top 239
1609963126352151519 : Checking image 1 border bottom 47
1609963126352180919 : Checking image 1 border left 224
1609963126352227919 : Checking image 1 border right 224
1609963126354460634 : Checking image 2 dpi 300
1609963126354519234 : Checking image 2 border top 209
1609963126354551534 : Checking image 2 border bottom 89
1609963126354599634 : Checking image 2 border left 223
1609963126354650435 : Checking image 2 border right 223

</system-out><system-err>--------------------------------- Captured Err ---------------------------------

</system-err></testcase><testcase classname="tests.test_images" name="test_wrong_wave_split_line_2_png" time="42.334"><system-out>--------------------------------- Captured Log ---------------------------------

--------------------------------- Captured Out ---------------------------------
/home/runner/work/ocr-book/ocr-book/tests/wrong_wave_split_line_2.png
1609963125614066495 : Checking separation double page angle 90.7708958311329
1609963125614205996 : Checking separation double page y=0 2490
1609963126933102837 : Checking page rotation 1 0.2
1609963128346222881 : Checking page rotation 2 1.65
1609963129959330504 : Checking image 1 crop x1 227
1609963129959438805 : Checking image 1 crop y1 147
1609963129959479005 : Checking image 1 crop x2 2342
1609963129959517105 : Checking image 1 crop y2 3353
1609963132883240826 : Checking image 2 crop x1 106
1609963132883344427 : Checking image 2 crop y1 195
1609963132883436728 : Checking image 2 crop x2 2231
1609963132883484328 : Checking image 2 crop y2 3398
1609963132883654529 : Checking image 1 dpi 300
1609963132883730229 : Checking image 1 border top 136
1609963132883763430 : Checking image 1 border bottom 145
1609963132883794130 : Checking image 1 border left 172
1609963132883824830 : Checking image 1 border right 172
1609963132885959844 : Checking image 2 dpi 300
1609963132886019044 : Checking image 2 border top 165
1609963132886054344 : Checking image 2 border bottom 118
1609963132886087945 : Checking image 2 border left 167
1609963132886139945 : Checking image 2 border right 167

</system-out><system-err>--------------------------------- Captured Err ---------------------------------

</system-err></testcase><testcase classname="tests.test_images" name="test_wrong_wave_split_line_3_png" time="38.007"><system-out>--------------------------------- Captured Log ---------------------------------

--------------------------------- Captured Out ---------------------------------
/home/runner/work/ocr-book/ocr-book/tests/wrong_wave_split_line_3.png
1609963158291788506 : Checking separation double page angle 90.05826063695574
1609963158291902607 : Checking separation double page y=0 2514
1609963159783749017 : Checking page rotation 1 0.0
1609963160906936952 : Checking page rotation 2 0.2
1609963162828999434 : Checking image 1 crop x1 274
1609963162829104434 : Checking image 1 crop y1 221
1609963162829139835 : Checking image 1 crop x2 2383
1609963162829170835 : Checking image 1 crop y2 3422
1609963164375164942 : Checking image 2 crop x1 112
1609963164375272944 : Checking image 2 crop y1 225
1609963164375307545 : Checking image 2 crop x2 2238
1609963164375339646 : Checking image 2 crop y2 3415
1609963164375499049 : Checking image 1 dpi 300
1609963164375571751 : Checking image 1 border top 201
1609963164375603351 : Checking image 1 border bottom 85
1609963164375649552 : Checking image 1 border left 175
1609963164375678353 : Checking image 1 border right 175
1609963164378387413 : Checking image 2 dpi 300
1609963164378443415 : Checking image 2 border top 207
1609963164378472815 : Checking image 2 border bottom 90
1609963164378500616 : Checking image 2 border left 167
1609963164378528116 : Checking image 2 border right 167

</system-out><system-err>--------------------------------- Captured Err ---------------------------------

</system-err></testcase><testcase classname="tests.test_images" name="test_no_split_line_wave_algo_png" time="50.343"><system-out>--------------------------------- Captured Log ---------------------------------

--------------------------------- Captured Out ---------------------------------
/home/runner/work/ocr-book/ocr-book/tests/no_split_line_wave_algo.png
1609963162085339743 : Checking separation double page angle 89.72500000000001
1609963162085456844 : Checking separation double page y=0 2484
1609963165130723146 : Checking page rotation 1 0.0
1609963166602678264 : Checking page rotation 2 -0.44999999999999746
1609963175889955945 : Checking image 1 crop x1 97
1609963175890093746 : Checking image 1 crop y1 79
1609963175890127147 : Checking image 1 crop x2 2494
1609963175890157847 : Checking image 1 crop y2 3505
1609963183198670502 : Checking image 2 crop x1 163
1609963183198771703 : Checking image 2 crop y1 267
1609963183198813004 : Checking image 2 crop x2 2238
1609963183198852104 : Checking image 2 crop y2 3380
1609963183199055906 : Checking image 1 dpi 300
1609963183199137907 : Checking image 1 border top 41
1609963183199176808 : Checking image 1 border bottom 41
1609963183199212108 : Checking image 1 border left 42
1609963183199247408 : Checking image 1 border right 42
1609963183201561733 : Checking image 2 dpi 300
1609963183201637834 : Checking image 2 border top 255
1609963183201672034 : Checking image 2 border bottom 119
1609963183201704834 : Checking image 2 border left 192
1609963183201736735 : Checking image 2 border right 192

</system-out><system-err>--------------------------------- Captured Err ---------------------------------

</system-err></testcase><testcase classname="tests.test_images" name="test_no_split_line_wave_algo_2_png" time="30.943"><system-out>--------------------------------- Captured Log ---------------------------------

--------------------------------- Captured Out ---------------------------------
/home/runner/work/ocr-book/ocr-book/tests/no_split_line_wave_algo_2.png
1609963189573995003 : Checking separation double page angle 90.54999999999998
1609963189574104504 : Checking separation double page y=0 2478
1609963190813415053 : Checking page rotation 1 1.0999999999999999
1609963192185368157 : Checking page rotation 2 0.2
1609963193906269446 : Checking image 1 crop x1 266
1609963193906460347 : Checking image 1 crop y1 210
1609963193906536647 : Checking image 1 crop x2 2342
1609963193906571347 : Checking image 1 crop y2 3413
1609963195316014064 : Checking image 2 crop x1 168
1609963195316126566 : Checking image 2 crop y1 241
1609963195316165066 : Checking image 2 crop x2 2251
1609963195316198766 : Checking image 2 crop y2 3433
1609963195316362968 : Checking image 1 dpi 300
1609963195316435269 : Checking image 1 border top 192
1609963195316467569 : Checking image 1 border bottom 91
1609963195316519070 : Checking image 1 border left 192
1609963195316549070 : Checking image 1 border right 192
1609963195319149297 : Checking image 2 dpi 300
1609963195319215598 : Checking image 2 border top 224
1609963195319248198 : Checking image 2 border bottom 71
1609963195319277999 : Checking image 2 border left 188
1609963195319307899 : Checking image 2 border right 188

</system-out><system-err>--------------------------------- Captured Err ---------------------------------

</system-err></testcase><testcase classname="tests.test_images" name="test_crop_too_few_2_png" time="31.089"><system-out>--------------------------------- Captured Log ---------------------------------

--------------------------------- Captured Out ---------------------------------
/home/runner/work/ocr-book/ocr-book/tests/crop_too_few_2.png
1609963207262207715 : Checking separation double page angle 90.30476192320097
1609963207262349516 : Checking separation double page y=0 2531
1609963208569468693 : Checking page rotation 1 1.0999999999999999
1609963209894446182 : Checking page rotation 2 -0.04999999999999689
1609963211975862174 : Checking image 1 crop x1 289
1609963211975962775 : Checking image 1 crop y1 165
1609963211975998475 : Checking image 1 crop x2 2400
1609963211976032276 : Checking image 1 crop y2 3367
1609963214343606659 : Checking image 2 crop x1 149
1609963214343716061 : Checking image 2 crop y1 189
1609963214343767661 : Checking image 2 crop x2 2273
1609963214343801761 : Checking image 2 crop y2 3386
1609963214343963863 : Checking image 1 dpi 300
1609963214344037464 : Checking image 1 border top 157
1609963214344069764 : Checking image 1 border bottom 128
1609963214344115465 : Checking image 1 border left 174
1609963214344145065 : Checking image 1 border right 174
1609963214346677691 : Checking image 2 dpi 300
1609963214346731292 : Checking image 2 border top 181
1609963214346762592 : Checking image 2 border bottom 109
1609963214346790393 : Checking image 2 border left 168
1609963214346817393 : Checking image 2 border right 168

</system-out><system-err>--------------------------------- Captured Err ---------------------------------

</system-err></testcase><testcase classname="tests.test_images" name="test_failed_detect_rectangle_png" time="35.663"><system-out>--------------------------------- Captured Log ---------------------------------

--------------------------------- Captured Out ---------------------------------
/home/runner/work/ocr-book/ocr-book/tests/failed_detect_rectangle.png
1609963224449323798 : Checking separation double page angle 90.19837516213148
1609963224449430199 : Checking separation double page y=0 2474
1609963225926380087 : Checking page rotation 1 0.2
1609963227721913624 : Checking page rotation 2 0.15000000000000002
1609963229132531934 : Checking image 1 crop x1 257
1609963229132736937 : Checking image 1 crop y1 201
1609963229132779037 : Checking image 1 crop x2 2333
1609963229132850538 : Checking image 1 crop y2 3402
1609963230974771097 : Checking image 2 crop x1 135
1609963230974896298 : Checking image 2 crop y1 214
1609963230974933999 : Checking image 2 crop x2 2219
1609963230974967899 : Checking image 2 crop y2 3406
1609963230975120401 : Checking image 1 dpi 300
1609963230975193401 : Checking image 1 border top 188
1609963230975226102 : Checking image 1 border bottom 97
1609963230975255602 : Checking image 1 border left 192
1609963230975300803 : Checking image 1 border right 192
1609963230977085221 : Checking image 2 dpi 300
1609963230977135922 : Checking image 2 border top 202
1609963230977166422 : Checking image 2 border bottom 93
1609963230977195223 : Checking image 2 border left 188
1609963230977223623 : Checking image 2 border right 188

</system-out><system-err>--------------------------------- Captured Err ---------------------------------

</system-err></testcase><testcase classname="tests.test_images" name="test_single_page_png" time="7.383"><system-out>--------------------------------- Captured Log ---------------------------------

--------------------------------- Captured Out ---------------------------------
/home/runner/work/ocr-book/ocr-book/tests/single_page.png
1609963218636348615 : Checking separation double page angle 90.04999999999998
1609963218636458016 : Checking separation double page y=0 2476
1609963219542576163 : Checking page rotation 1 0.0
1609963219685867557 : Checking page rotation 2 0.0
1609963221247916674 : Checking image 1 crop x1 1
1609963221248024976 : Checking image 1 crop y1 8
1609963221248080576 : Checking image 1 crop x2 2470
1609963221248127877 : Checking image 1 crop y2 3505
1609963221382531677 : Checking image 2 crop x1 0
1609963221382608178 : Checking image 2 crop y1 0
1609963221382636179 : Checking image 2 crop x2 0
1609963221382662179 : Checking image 2 crop y2 0
1609963221382720780 : Checking image 1 dpi 300
1609963221382818081 : Checking image 1 border top 5
1609963221382852781 : Checking image 1 border bottom 5
1609963221382881582 : Checking image 1 border left 6
1609963221382910282 : Checking image 1 border right 6
1609963221389109156 : Checking image 2 border top 0
1609963221389166156 : Checking image 2 border bottom 0
1609963221389193057 : Checking image 2 border left 0
1609963221389219557 : Checking image 2 border right 0

</system-out><system-err>--------------------------------- Captured Err ---------------------------------

</system-err></testcase><testcase classname="tests.test_images" name="test_wrong_split_line_4_png" time="17.069"><system-out>--------------------------------- Captured Log ---------------------------------

--------------------------------- Captured Out ---------------------------------
/home/runner/work/ocr-book/ocr-book/tests/wrong_split_line_4.png
1609963235010988438 : Checking separation double page angle 91.04999999999998
1609963235011384742 : Checking separation double page y=0 60
1609963235119810188 : Checking page rotation 1 1.0
1609963236251791620 : Checking page rotation 2 1.05
1609963236727832314 : Checking image 1 crop x1 0
1609963236727909615 : Checking image 1 crop y1 0
1609963236727941815 : Checking image 1 crop x2 0
1609963236727990315 : Checking image 1 crop y2 0
1609963238846518221 : Checking image 2 crop x1 291
1609963238846617822 : Checking image 2 crop y1 330
1609963238846652322 : Checking image 2 crop x2 2316
1609963238846701123 : Checking image 2 crop y2 3217
1609963238846894325 : Checking image 1 border top 0
1609963238846928525 : Checking image 1 border bottom 0
1609963238846954626 : Checking image 1 border left 0
1609963238846979526 : Checking image 1 border right 0
1609963238847023126 : Checking image 2 dpi 300
1609963238847099227 : Checking image 2 border top 322
1609963238847127728 : Checking image 2 border bottom 278
1609963238847153628 : Checking image 2 border left 217
1609963238847179428 : Checking image 2 border right 217

</system-out><system-err>--------------------------------- Captured Err ---------------------------------

</system-err></testcase><testcase classname="tests.test_images" name="test_no_split_line_wave_algo_3_png" time="11.129"><system-out>--------------------------------- Captured Log ---------------------------------

--------------------------------- Captured Out ---------------------------------
/home/runner/work/ocr-book/ocr-book/tests/no_split_line_wave_algo_3.png
1609963239701115904 : Checking separation double page angle 90.14999999999998
1609963239701225105 : Checking separation double page y=0 2408
1609963240657607142 : Checking page rotation 1 -0.09999999999999377
1609963240821394398 : Checking page rotation 2 0.0
1609963241637362344 : Checking image 1 crop x1 182
1609963241637448845 : Checking image 1 crop y1 2955
1609963241637481445 : Checking image 1 crop x2 2199
1609963241637511546 : Checking image 1 crop y2 3203
1609963242099054475 : Checking image 2 crop x1 0
1609963242099133476 : Checking image 2 crop y1 0
1609963242099162977 : Checking image 2 crop x2 0
1609963242099190577 : Checking image 2 crop y2 0
1609963242099252778 : Checking image 1 dpi 300
1609963242099316778 : Checking image 1 border top 2951
1609963242099365179 : Checking image 1 border bottom 288
1609963242099394579 : Checking image 1 border left 221
1609963242099446080 : Checking image 1 border right 221
1609963242105806552 : Checking image 2 border top 0
1609963242105862553 : Checking image 2 border bottom 0
1609963242105893053 : Checking image 2 border left 0
1609963242105924053 : Checking image 2 border right 0

</system-out><system-err>--------------------------------- Captured Err ---------------------------------

</system-err></testcase><testcase classname="tests.test_images" name="test_failed_split_line_line_algo_3_png" time="13.698"><system-out>--------------------------------- Captured Log ---------------------------------

--------------------------------- Captured Out ---------------------------------
/home/runner/work/ocr-book/ocr-book/tests/failed_split_line_line_algo_3.png
1609963249752957658 : Checking separation double page angle 90.0
1609963249753063859 : Checking separation double page y=0 40
1609963249824051137 : Checking page rotation 1 0.0
1609963250542717917 : Checking page rotation 2 -0.04999999999999689
1609963250911239058 : Checking image 1 crop x1 0
1609963250911383659 : Checking image 1 crop y1 0
1609963250911416060 : Checking image 1 crop x2 0
1609963250911446360 : Checking image 1 crop y2 0
1609963252554847151 : Checking image 2 crop x1 247
1609963252554970852 : Checking image 2 crop y1 153
1609963252555006753 : Checking image 2 crop x2 2260
1609963252555040353 : Checking image 2 crop y2 3360
1609963252555144954 : Checking image 1 border top 0
1609963252555181454 : Checking image 1 border bottom 0
1609963252555212055 : Checking image 1 border left 0
1609963252555242755 : Checking image 1 border right 0
1609963252555286856 : Checking image 2 dpi 300
1609963252555347556 : Checking image 2 border top 144
1609963252555380657 : Checking image 2 border bottom 136
1609963252555411557 : Checking image 2 border left 223
1609963252555442257 : Checking image 2 border right 223

</system-out><system-err>--------------------------------- Captured Err ---------------------------------

</system-err></testcase></testsuite></testsuites>