<?xml version="1.0" encoding="utf-8"?><testsuites><testsuite errors="0" failures="0" hostname="fv-az119-109" name="pytest" skipped="0" tests="36" time="568.193" timestamp="2020-12-30T16:15:52.960338"><testcase classname="tests.test_features" name="test_disabled_enable_debug" time="33.641"><system-out>--------------------------------- Captured Log ---------------------------------

--------------------------------- Captured Out ---------------------------------
/home/runner/work/ocr-book/ocr-book/tests/0001_debug.png
separation double page angle 90.5528088189967
separation double page y=0 2485
page rotation 1 0.5499999999999999
page rotation 2 0.2
image 1 crop x1 327
image 1 crop y1 334
image 1 crop x2 2346
image 1 crop y2 3221
image 2 crop x1 169
image 2 crop y1 648
image 2 crop x2 2186
image 2 crop y2 3361
image 1 dpi 300
image 1 border top 332
image 1 border bottom 268
image 1 border left 220
image 1 border right 220
image 2 dpi 300
image 2 border top 643
image 2 border bottom 131
image 2 border left 221
image 2 border right 221

</system-out><system-err>--------------------------------- Captured Err ---------------------------------

</system-err></testcase><testcase classname="tests.test_features" name="test_mock_stop_at_0" time="0.053"><system-out>--------------------------------- Captured Log ---------------------------------

--------------------------------- Captured Out ---------------------------------
/home/runner/work/ocr-book/ocr-book/tests/0001_0.png

</system-out><system-err>--------------------------------- Captured Err ---------------------------------

</system-err></testcase><testcase classname="tests.test_features" name="test_mock_stop_at_2" time="29.092"><system-out>--------------------------------- Captured Log ---------------------------------

--------------------------------- Captured Out ---------------------------------
/home/runner/work/ocr-book/ocr-book/tests/0001_2.png
separation double page angle 90.5528088189967
separation double page y=0 2485
page rotation 1 0.5499999999999999
page rotation 2 0.2

</system-out><system-err>--------------------------------- Captured Err ---------------------------------

</system-err></testcase><testcase classname="tests.test_features" name="test_mock_stop_at_4" time="32.262"><system-out>--------------------------------- Captured Log ---------------------------------

--------------------------------- Captured Out ---------------------------------
/home/runner/work/ocr-book/ocr-book/tests/0001_4.png
separation double page angle 90.5528088189967
separation double page y=0 2485
page rotation 1 0.5499999999999999
page rotation 2 0.2
image 1 crop x1 327
image 1 crop y1 334
image 1 crop x2 2346
image 1 crop y2 3221
image 2 crop x1 169
image 2 crop y1 648
image 2 crop x2 2186
image 2 crop y2 3361
image 1 dpi 300
image 1 border top 332
image 1 border bottom 268
image 1 border left 220
image 1 border right 220
image 2 dpi 300
image 2 border top 643
image 2 border bottom 131
image 2 border left 221
image 2 border right 221

</system-out><system-err>--------------------------------- Captured Err ---------------------------------

</system-err></testcase><testcase classname="tests.test_features" name="test_mock_stop_at_1" time="26.124"><system-out>--------------------------------- Captured Log ---------------------------------

--------------------------------- Captured Out ---------------------------------
/home/runner/work/ocr-book/ocr-book/tests/0001_1.png
separation double page angle 90.5528088189967
separation double page y=0 2485

</system-out><system-err>--------------------------------- Captured Err ---------------------------------

</system-err></testcase><testcase classname="tests.test_features" name="test_mock_stop_at_3" time="32.832"><system-out>--------------------------------- Captured Log ---------------------------------

--------------------------------- Captured Out ---------------------------------
/home/runner/work/ocr-book/ocr-book/tests/0001_3.png
separation double page angle 90.5528088189967
separation double page y=0 2485
page rotation 1 0.5499999999999999
page rotation 2 0.2
image 1 crop x1 327
image 1 crop y1 334
image 1 crop x2 2346
image 1 crop y2 3221
image 2 crop x1 169
image 2 crop y1 648
image 2 crop x2 2186
image 2 crop y2 3361

</system-out><system-err>--------------------------------- Captured Err ---------------------------------

</system-err></testcase><testcase classname="tests.test_images" name="test_0001_png" time="32.266"><system-out>--------------------------------- Captured Log ---------------------------------

--------------------------------- Captured Out ---------------------------------
/home/runner/work/ocr-book/ocr-book/tests/0001.png
1609345041626199952 : Checking separation double page angle 90.5528088189967
1609345041626342065 : Checking separation double page y=0 2485
1609345042696134612 : Checking page rotation 1 0.5499999999999999
1609345043960121893 : Checking page rotation 2 0.2
1609345046051375949 : Checking image 1 crop x1 327
1609345046051495160 : Checking image 1 crop y1 334
1609345046051532764 : Checking image 1 crop x2 2346
1609345046051585169 : Checking image 1 crop y2 3221
1609345047730803244 : Checking image 2 crop x1 169
1609345047730927855 : Checking image 2 crop y1 648
1609345047730969658 : Checking image 2 crop x2 2186
1609345047731005661 : Checking image 2 crop y2 3361
1609345047731202578 : Checking image 1 dpi 300
1609345047731274484 : Checking image 1 border top 332
1609345047731310687 : Checking image 1 border bottom 268
1609345047731347990 : Checking image 1 border left 220
1609345047731384593 : Checking image 1 border right 220
1609345047733416766 : Checking image 2 dpi 300
1609345047733494973 : Checking image 2 border top 643
1609345047733534576 : Checking image 2 border bottom 131
1609345047733569279 : Checking image 2 border left 221
1609345047733604982 : Checking image 2 border right 221

</system-out><system-err>--------------------------------- Captured Err ---------------------------------

</system-err></testcase><testcase classname="tests.test_features" name="test_mock_stop_at_5" time="32.980"><system-out>--------------------------------- Captured Log ---------------------------------

--------------------------------- Captured Out ---------------------------------
/home/runner/work/ocr-book/ocr-book/tests/0001_5.png
separation double page angle 90.5528088189967
separation double page y=0 2485
page rotation 1 0.5499999999999999
page rotation 2 0.2
image 1 crop x1 327
image 1 crop y1 334
image 1 crop x2 2346
image 1 crop y2 3221
image 2 crop x1 169
image 2 crop y1 648
image 2 crop x2 2186
image 2 crop y2 3361
image 1 dpi 300
image 1 border top 332
image 1 border bottom 268
image 1 border left 220
image 1 border right 220
image 2 dpi 300
image 2 border top 643
image 2 border bottom 131
image 2 border left 221
image 2 border right 221

</system-out><system-err>--------------------------------- Captured Err ---------------------------------

</system-err></testcase><testcase classname="tests.test_images" name="test_black_border_not_removed_png" time="34.859"><system-out>--------------------------------- Captured Log ---------------------------------

--------------------------------- Captured Out ---------------------------------
/home/runner/work/ocr-book/ocr-book/tests/black-border-not-removed.png
1609345075092691729 : Checking separation double page angle 90.033171103531
1609345075092797338 : Checking separation double page y=0 2455
1609345076138363053 : Checking page rotation 1 0.0
1609345077541198398 : Checking page rotation 2 0.05
1609345080330827687 : Checking image 1 crop x1 297
1609345080330956201 : Checking image 1 crop y1 143
1609345080330995905 : Checking image 1 crop x2 2309
1609345080331032609 : Checking image 1 crop y2 3346
1609345082590099795 : Checking image 2 crop x1 157
1609345082590223408 : Checking image 2 crop y1 145
1609345082590260212 : Checking image 2 crop x2 2170
1609345082590295515 : Checking image 2 crop y2 3351
1609345082590518439 : Checking image 1 dpi 300
1609345082590599047 : Checking image 1 border top 132
1609345082590635051 : Checking image 1 border bottom 152
1609345082590672755 : Checking image 1 border left 224
1609345082590707358 : Checking image 1 border right 224
1609345082592951893 : Checking image 2 dpi 300
1609345082593037102 : Checking image 2 border top 134
1609345082593074906 : Checking image 2 border bottom 147
1609345082593113210 : Checking image 2 border left 223
1609345082593147113 : Checking image 2 border right 223

</system-out><system-err>--------------------------------- Captured Err ---------------------------------

</system-err></testcase><testcase classname="tests.test_images" name="test_2_pages_2_contours_png" time="20.022"><system-out>--------------------------------- Captured Log ---------------------------------

--------------------------------- Captured Out ---------------------------------
/home/runner/work/ocr-book/ocr-book/tests/2-pages-2-contours.png
1609345095279386720 : Checking separation double page angle 90.09036871657068
1609345095279535534 : Checking separation double page y=0 2486
1609345095834608182 : Checking page rotation 1 0.0
1609345096912802869 : Checking page rotation 2 0.2
1609345097799091180 : Checking image 1 crop x1 1191
1609345097799202390 : Checking image 1 crop y1 1750
1609345097799236893 : Checking image 1 crop x2 1192
1609345097799267296 : Checking image 1 crop y2 1751
1609345099665342232 : Checking image 2 crop x1 99
1609345099665467443 : Checking image 2 crop y1 240
1609345099665505347 : Checking image 2 crop x2 2147
1609345099665540150 : Checking image 2 crop y2 3240
1609345099665707465 : Checking image 1 dpi 300
1609345099665771071 : Checking image 1 border top 1752
1609345099665827376 : Checking image 1 border bottom 1753
1609345099665860679 : Checking image 1 border left 1239
1609345099665892082 : Checking image 1 border right 1239
1609345099667068689 : Checking image 2 dpi 300
1609345099667147796 : Checking image 2 border top 229
1609345099667180399 : Checking image 2 border bottom 258
1609345099667211402 : Checking image 2 border left 206
1609345099667242105 : Checking image 2 border right 206

</system-out><system-err>--------------------------------- Captured Err ---------------------------------

</system-err></testcase><testcase classname="tests.test_images" name="test_image_failed_to_rotate_png" time="35.977"><system-out>--------------------------------- Captured Log ---------------------------------

--------------------------------- Captured Out ---------------------------------
/home/runner/work/ocr-book/ocr-book/tests/image_failed_to_rotate.png
1609345107358801850 : Checking separation double page angle 90.26767669076624
1609345107358914860 : Checking separation double page y=0 2480
1609345109183093098 : Checking page rotation 1 0.45
1609345110431125126 : Checking page rotation 2 0.2
1609345115951381337 : Checking image 1 crop x1 31
1609345115951520049 : Checking image 1 crop y1 1
1609345115951562153 : Checking image 1 crop x2 2478
1609345115951601156 : Checking image 1 crop y2 3504
1609345118468957629 : Checking image 2 crop x1 169
1609345118469084040 : Checking image 2 crop y1 231
1609345118469124044 : Checking image 2 crop x2 2257
1609345118469162647 : Checking image 2 crop y2 3358
1609345118469365665 : Checking image 1 dpi 300
1609345118469442872 : Checking image 1 border top 2
1609345118469481476 : Checking image 1 border bottom 2
1609345118469519079 : Checking image 1 border left 17
1609345118469555282 : Checking image 1 border right 17
1609345118471684572 : Checking image 2 dpi 300
1609345118471771980 : Checking image 2 border top 218
1609345118471808083 : Checking image 2 border bottom 142
1609345118471841986 : Checking image 2 border left 186
1609345118471875889 : Checking image 2 border right 186

</system-out><system-err>--------------------------------- Captured Err ---------------------------------

</system-err></testcase><testcase classname="tests.test_images" name="test_wrong_split_line_png" time="25.575"><system-out>--------------------------------- Captured Log ---------------------------------

--------------------------------- Captured Out ---------------------------------
/home/runner/work/ocr-book/ocr-book/tests/wrong_split_line.png
1609345119761451421 : Checking separation double page angle 89.93395720607973
1609345119761568433 : Checking separation double page y=0 2465
1609345120708621775 : Checking page rotation 1 -0.04999999999999689
1609345121695553829 : Checking page rotation 2 0.5499999999999999
1609345123044932135 : Checking image 1 crop x1 211
1609345123045049246 : Checking image 1 crop y1 156
1609345123045087050 : Checking image 1 crop x2 2323
1609345123045121953 : Checking image 1 crop y2 3363
1609345125235881098 : Checking image 2 crop x1 125
1609345125236010910 : Checking image 2 crop y1 166
1609345125236051314 : Checking image 2 crop x2 2236
1609345125236088418 : Checking image 2 crop y2 3373
1609345125236268835 : Checking image 1 dpi 300
1609345125236340142 : Checking image 1 border top 134
1609345125236375245 : Checking image 1 border bottom 146
1609345125236411049 : Checking image 1 border left 174
1609345125236444452 : Checking image 1 border right 174
1609345125238601758 : Checking image 2 dpi 300
1609345125238680966 : Checking image 2 border top 146
1609345125238713669 : Checking image 2 border bottom 134
1609345125238744672 : Checking image 2 border left 174
1609345125238775975 : Checking image 2 border right 174

</system-out><system-err>--------------------------------- Captured Err ---------------------------------

</system-err></testcase><testcase classname="tests.test_images" name="test_image_failed_to_crop_data_png" time="46.304"><system-out>--------------------------------- Captured Log ---------------------------------

--------------------------------- Captured Out ---------------------------------
/home/runner/work/ocr-book/ocr-book/tests/image_failed_to_crop_data.png
1609345146867840326 : Checking separation double page angle 90.053197600644
1609345146867962537 : Checking separation double page y=0 2480
1609345151280049804 : Checking page rotation 1 0.15000000000000002
1609345152410056997 : Checking page rotation 2 0.0
1609345162105972160 : Checking image 1 crop x1 51
1609345162106098972 : Checking image 1 crop y1 7
1609345162106140975 : Checking image 1 crop x2 2478
1609345162106178879 : Checking image 1 crop y2 3505
1609345164819728936 : Checking image 2 crop x1 160
1609345164819852847 : Checking image 2 crop y1 217
1609345164819892451 : Checking image 2 crop x2 2242
1609345164819929454 : Checking image 2 crop y2 3350
1609345164820129273 : Checking image 1 dpi 300
1609345164820210880 : Checking image 1 border top 5
1609345164820248584 : Checking image 1 border bottom 5
1609345164820285687 : Checking image 1 border left 27
1609345164820321490 : Checking image 1 border right 27
1609345164822499790 : Checking image 2 dpi 300
1609345164822581497 : Checking image 2 border top 206
1609345164822617300 : Checking image 2 border bottom 148
1609345164822651603 : Checking image 2 border left 189
1609345164822685607 : Checking image 2 border right 189

</system-out><system-err>--------------------------------- Captured Err ---------------------------------

</system-err></testcase><testcase classname="tests.test_images" name="test_crop_too_much_png" time="42.693"><system-out>--------------------------------- Captured Log ---------------------------------

--------------------------------- Captured Out ---------------------------------
/home/runner/work/ocr-book/ocr-book/tests/crop_too_much.png
1609345160531477471 : Checking separation double page angle 90.13239409272954
1609345160531597282 : Checking separation double page y=0 2455
1609345162442761360 : Checking page rotation 1 0.0
1609345164081042082 : Checking page rotation 2 0.2
1609345166250072743 : Checking image 1 crop x1 303
1609345166250212655 : Checking image 1 crop y1 148
1609345166250249559 : Checking image 1 crop x2 2313
1609345166250282062 : Checking image 1 crop y2 3351
1609345167914063222 : Checking image 2 crop x1 162
1609345167914194934 : Checking image 2 crop y1 151
1609345167914235038 : Checking image 2 crop x2 2186
1609345167914272741 : Checking image 2 crop y2 3363
1609345167914455658 : Checking image 1 dpi 300
1609345167914526264 : Checking image 1 border top 132
1609345167914561167 : Checking image 1 border bottom 152
1609345167914596270 : Checking image 1 border left 225
1609345167914629974 : Checking image 1 border right 225
1609345167916791569 : Checking image 2 dpi 300
1609345167916869076 : Checking image 2 border top 132
1609345167916902579 : Checking image 2 border bottom 143
1609345167916934482 : Checking image 2 border left 218
1609345167916965684 : Checking image 2 border right 218

</system-out><system-err>--------------------------------- Captured Err ---------------------------------

</system-err></testcase><testcase classname="tests.test_images" name="test_wrong_angle_split_line_png" time="31.643"><system-out>--------------------------------- Captured Log ---------------------------------

--------------------------------- Captured Out ---------------------------------
/home/runner/work/ocr-book/ocr-book/tests/wrong_angle_split_line.png
1609345183106608702 : Checking separation double page angle 90.09193420006348
1609345183106723913 : Checking separation double page y=0 2478
1609345184420289890 : Checking page rotation 1 0.1
1609345185462565098 : Checking page rotation 2 0.1
1609345191334455708 : Checking image 1 crop x1 58
1609345191334587620 : Checking image 1 crop y1 6
1609345191334629223 : Checking image 1 crop x2 2476
1609345191334667227 : Checking image 1 crop y2 3501
1609345195710832774 : Checking image 2 crop x1 166
1609345195710961085 : Checking image 2 crop y1 218
1609345195711002889 : Checking image 2 crop x2 2244
1609345195711046593 : Checking image 2 crop y2 3349
1609345195711258612 : Checking image 1 dpi 300
1609345195711340319 : Checking image 1 border top 6
1609345195711376923 : Checking image 1 border bottom 6
1609345195711414726 : Checking image 1 border left 31
1609345195711460830 : Checking image 1 border right 31
1609345195718670778 : Checking image 2 dpi 300
1609345195718774688 : Checking image 2 border top 207
1609345195718812391 : Checking image 2 border bottom 149
1609345195718847094 : Checking image 2 border left 191
1609345195718881597 : Checking image 2 border right 191

</system-out><system-err>--------------------------------- Captured Err ---------------------------------

</system-err></testcase><testcase classname="tests.test_images" name="test_crop_too_few_png" time="26.660"><system-out>--------------------------------- Captured Log ---------------------------------

--------------------------------- Captured Out ---------------------------------
/home/runner/work/ocr-book/ocr-book/tests/crop_too_few.png
1609345188479962452 : Checking separation double page angle 89.54670238452755
1609345188480080962 : Checking separation double page y=0 2512
1609345189551822228 : Checking page rotation 1 -0.6000000000000009
1609345190956978579 : Checking page rotation 2 0.0
1609345192653713388 : Checking image 1 crop x1 263
1609345192653866902 : Checking image 1 crop y1 150
1609345192653905505 : Checking image 1 crop x2 2379
1609345192653938708 : Checking image 1 crop y2 3358
1609345194583660459 : Checking image 2 crop x1 137
1609345194583790271 : Checking image 2 crop y1 141
1609345194583830174 : Checking image 2 crop x2 2259
1609345194583867478 : Checking image 2 crop y2 3345
1609345194584055095 : Checking image 1 dpi 300
1609345194584126501 : Checking image 1 border top 130
1609345194584162504 : Checking image 1 border bottom 149
1609345194584197807 : Checking image 1 border left 172
1609345194584231310 : Checking image 1 border right 172
1609345194586389004 : Checking image 2 dpi 300
1609345194586470912 : Checking image 2 border top 130
1609345194586506615 : Checking image 2 border bottom 153
1609345194586540118 : Checking image 2 border left 169
1609345194586573421 : Checking image 2 border right 169

</system-out><system-err>--------------------------------- Captured Err ---------------------------------

</system-err></testcase><testcase classname="tests.test_images" name="test_crop_too_much_2_png" time="50.082"><system-out>--------------------------------- Captured Log ---------------------------------

--------------------------------- Captured Out ---------------------------------
/home/runner/work/ocr-book/ocr-book/tests/crop_too_much_2.png
1609345236481208480 : Checking separation double page angle 90.1149074900787
1609345236481319690 : Checking separation double page y=0 2478
1609345237981634893 : Checking page rotation 1 0.15000000000000002
1609345239738426130 : Checking page rotation 2 0.2
1609345241725547085 : Checking image 1 crop x1 330
1609345241725678898 : Checking image 1 crop y1 132
1609345241725719201 : Checking image 1 crop x2 2342
1609345241725754605 : Checking image 1 crop y2 3335
1609345244628172325 : Checking image 2 crop x1 162
1609345244628305037 : Checking image 2 crop y1 139
1609345244628348541 : Checking image 2 crop x2 2175
1609345244628386144 : Checking image 2 crop y2 3345
1609345244628568461 : Checking image 1 dpi 300
1609345244628639968 : Checking image 1 border top 122
1609345244628675271 : Checking image 1 border bottom 162
1609345244628710574 : Checking image 1 border left 224
1609345244628744577 : Checking image 1 border right 224
1609345244630928779 : Checking image 2 dpi 300
1609345244631019387 : Checking image 2 border top 130
1609345244631057890 : Checking image 2 border bottom 151
1609345244631091894 : Checking image 2 border left 223
1609345244631125497 : Checking image 2 border right 223

</system-out><system-err>--------------------------------- Captured Err ---------------------------------

</system-err></testcase><testcase classname="tests.test_images" name="test_angle_page_lower_split_line_png" time="32.243"><system-out>--------------------------------- Captured Log ---------------------------------

--------------------------------- Captured Out ---------------------------------
/home/runner/work/ocr-book/ocr-book/tests/angle_page_lower_split_line.png
1609345221536787770 : Checking separation double page angle 89.74927707086691
1609345221536908081 : Checking separation double page y=0 2474
1609345223044469066 : Checking page rotation 1 -0.14999999999999067
1609345224525603141 : Checking page rotation 2 0.1
1609345226792858019 : Checking image 1 crop x1 241
1609345226792989831 : Checking image 1 crop y1 156
1609345226793029534 : Checking image 1 crop x2 2357
1609345226793067738 : Checking image 1 crop y2 3368
1609345228781249010 : Checking image 2 crop x1 149
1609345228781374721 : Checking image 2 crop y1 146
1609345228781415125 : Checking image 2 crop x2 2259
1609345228781453328 : Checking image 2 crop y2 3351
1609345228781647346 : Checking image 1 dpi 300
1609345228781725853 : Checking image 1 border top 140
1609345228781761956 : Checking image 1 border bottom 135
1609345228781816761 : Checking image 1 border left 172
1609345228781854564 : Checking image 1 border right 172
1609345228784226979 : Checking image 2 dpi 300
1609345228784316287 : Checking image 2 border top 129
1609345228784352290 : Checking image 2 border bottom 152
1609345228784386793 : Checking image 2 border left 175
1609345228784420996 : Checking image 2 border right 175

</system-out><system-err>--------------------------------- Captured Err ---------------------------------

</system-err></testcase><testcase classname="tests.test_images" name="test_wrong_wave_split_line_png" time="47.103"><system-out>--------------------------------- Captured Log ---------------------------------

--------------------------------- Captured Out ---------------------------------
/home/runner/work/ocr-book/ocr-book/tests/wrong_wave_split_line.png
1609345263636042783 : Checking separation double page angle 90.37878604107719
1609345263636162694 : Checking separation double page y=0 2500
1609345265005672089 : Checking page rotation 1 -0.14999999999999067
1609345266333056777 : Checking page rotation 2 0.9
1609345271124408911 : Checking image 1 crop x1 385
1609345271124534022 : Checking image 1 crop y1 179
1609345271124574226 : Checking image 1 crop x2 2411
1609345271124610229 : Checking image 1 crop y2 3374
1609345275875527686 : Checking image 2 crop x1 17
1609345275875663399 : Checking image 2 crop y1 8
1609345275875703402 : Checking image 2 crop x2 2399
1609345275875738505 : Checking image 2 crop y2 3391
1609345275875930123 : Checking image 1 dpi 300
1609345275876011030 : Checking image 1 border top 173
1609345275876046933 : Checking image 1 border bottom 119
1609345275876083937 : Checking image 1 border left 217
1609345275876119740 : Checking image 1 border right 217
1609345275878554259 : Checking image 2 dpi 300
1609345275878646968 : Checking image 2 border top 0
1609345275878686171 : Checking image 2 border bottom 114
1609345275878720774 : Checking image 2 border left 49
1609345275878754777 : Checking image 2 border right 49

</system-out><system-err>--------------------------------- Captured Err ---------------------------------

</system-err></testcase><testcase classname="tests.test_images" name="test_wrong_split_line_2_png" time="48.389"><system-out>--------------------------------- Captured Log ---------------------------------

--------------------------------- Captured Out ---------------------------------
/home/runner/work/ocr-book/ocr-book/tests/wrong_split_line_2.png
1609345280496688690 : Checking separation double page angle 90.19944704411863
1609345280496811002 : Checking separation double page y=0 2437
1609345282288174483 : Checking page rotation 1 0.2
1609345283868107958 : Checking page rotation 2 0.2
1609345287340243476 : Checking image 1 crop x1 294
1609345287340368588 : Checking image 1 crop y1 136
1609345287340404491 : Checking image 1 crop x2 2325
1609345287340437694 : Checking image 1 crop y2 3376
1609345293052067279 : Checking image 2 crop x1 136
1609345293052193791 : Checking image 2 crop y1 190
1609345293052234495 : Checking image 2 crop x2 2172
1609345293052271898 : Checking image 2 crop y2 3389
1609345293052452914 : Checking image 1 dpi 300
1609345293052522621 : Checking image 1 border top 131
1609345293052557324 : Checking image 1 border bottom 116
1609345293052592927 : Checking image 1 border left 214
1609345293052626430 : Checking image 1 border right 214
1609345293054801727 : Checking image 2 dpi 300
1609345293054888935 : Checking image 2 border top 181
1609345293054925538 : Checking image 2 border bottom 107
1609345293054959541 : Checking image 2 border left 212
1609345293054993444 : Checking image 2 border right 212

</system-out><system-err>--------------------------------- Captured Err ---------------------------------

</system-err></testcase><testcase classname="tests.test_images" name="test_no_split_line_line_algo_png" time="29.977"><system-out>--------------------------------- Captured Log ---------------------------------

--------------------------------- Captured Out ---------------------------------
/home/runner/work/ocr-book/ocr-book/tests/no_split_line_line_algo.png
1609345298621540979 : Checking separation double page angle 89.47691469185418
1609345298621658690 : Checking separation double page y=0 2476
1609345299588435493 : Checking page rotation 1 -0.14999999999999067
1609345301078157127 : Checking page rotation 2 -0.14999999999999067
1609345302390833237 : Checking image 1 crop x1 205
1609345302390958648 : Checking image 1 crop y1 158
1609345302390998952 : Checking image 1 crop x2 2320
1609345302391037455 : Checking image 1 crop y2 3366
1609345305871063533 : Checking image 2 crop x1 185
1609345305871179644 : Checking image 2 crop y1 225
1609345305871216347 : Checking image 2 crop x2 2204
1609345305871251850 : Checking image 2 crop y2 3362
1609345305871437167 : Checking image 1 dpi 300
1609345305871506873 : Checking image 1 border top 144
1609345305871540076 : Checking image 1 border bottom 134
1609345305871575179 : Checking image 1 border left 172
1609345305871608082 : Checking image 1 border right 172
1609345305874037502 : Checking image 2 dpi 300
1609345305874127610 : Checking image 2 border top 223
1609345305874161213 : Checking image 2 border bottom 127
1609345305874195116 : Checking image 2 border left 220
1609345305874226919 : Checking image 2 border right 220

</system-out><system-err>--------------------------------- Captured Err ---------------------------------

</system-err></testcase><testcase classname="tests.test_images" name="test_small_wave_png" time="44.527"><system-out>--------------------------------- Captured Log ---------------------------------

--------------------------------- Captured Out ---------------------------------
/home/runner/work/ocr-book/ocr-book/tests/small_wave.png
1609345331925883015 : Checking separation double page angle 90.58816928841564
1609345331926004026 : Checking separation double page y=0 2497
1609345333617276089 : Checking page rotation 1 0.65
1609345335075272454 : Checking page rotation 2 0.65
1609345336267292902 : Checking image 1 crop x1 320
1609345336267426514 : Checking image 1 crop y1 199
1609345336267466517 : Checking image 1 crop x2 2353
1609345336267501721 : Checking image 1 crop y2 3394
1609345337579160203 : Checking image 2 crop x1 130
1609345337579286714 : Checking image 2 crop y1 222
1609345337579327418 : Checking image 2 crop x2 2163
1609345337579364821 : Checking image 2 crop y2 3420
1609345337579538737 : Checking image 1 dpi 300
1609345337579609843 : Checking image 1 border top 179
1609345337579645247 : Checking image 1 border bottom 112
1609345337579680350 : Checking image 1 border left 213
1609345337579713853 : Checking image 1 border right 213
1609345337581851146 : Checking image 2 dpi 300
1609345337581928153 : Checking image 2 border top 197
1609345337581961356 : Checking image 2 border bottom 92
1609345337581992559 : Checking image 2 border left 213
1609345337582023862 : Checking image 2 border right 213

</system-out><system-err>--------------------------------- Captured Err ---------------------------------

</system-err></testcase><testcase classname="tests.test_images" name="test_failed_split_line_line_algo_png" time="15.752"><system-out>--------------------------------- Captured Log ---------------------------------

--------------------------------- Captured Out ---------------------------------
/home/runner/work/ocr-book/ocr-book/tests/failed_split_line_line_algo.png
1609345317699908506 : Checking separation double page angle 90.04134220573248
1609345317700022316 : Checking separation double page y=0 2573
1609345318449021289 : Checking page rotation 1 -0.09999999999999377
1609345319037549784 : Checking page rotation 2 0.1
1609345320744519760 : Checking image 1 crop x1 408
1609345320744663373 : Checking image 1 crop y1 2926
1609345320744700776 : Checking image 1 crop x2 2420
1609345320744739680 : Checking image 1 crop y2 3173
1609345321651259814 : Checking image 2 crop x1 1184
1609345321651378425 : Checking image 2 crop y1 1745
1609345321651413128 : Checking image 2 crop x2 1185
1609345321651443931 : Checking image 2 crop y2 1746
1609345321651593644 : Checking image 1 dpi 300
1609345321651675152 : Checking image 1 border top 2922
1609345321651708755 : Checking image 1 border bottom 318
1609345321651743558 : Checking image 1 border left 224
1609345321651776761 : Checking image 1 border right 224
1609345321653000973 : Checking image 2 dpi 300
1609345321653073980 : Checking image 2 border top 1753
1609345321653107683 : Checking image 2 border bottom 1753
1609345321653139086 : Checking image 2 border left 1239
1609345321653170788 : Checking image 2 border right 1239

</system-out><system-err>--------------------------------- Captured Err ---------------------------------

</system-err></testcase><testcase classname="tests.test_images" name="test_failed_split_line_line_algo_2_png" time="36.434"><system-out>--------------------------------- Captured Log ---------------------------------

--------------------------------- Captured Out ---------------------------------
/home/runner/work/ocr-book/ocr-book/tests/failed_split_line_line_algo_2.png
1609345352724161780 : Checking separation double page angle 90.03068774449687
1609345352724284091 : Checking separation double page y=0 2500
1609345354106248668 : Checking page rotation 1 0.05
1609345355345359326 : Checking page rotation 2 0.5499999999999999
1609345356738177584 : Checking image 1 crop x1 271
1609345356738306196 : Checking image 1 crop y1 149
1609345356738346099 : Checking image 1 crop x2 2382
1609345356738382202 : Checking image 1 crop y2 3354
1609345358050515064 : Checking image 2 crop x1 120
1609345358050643175 : Checking image 2 crop y1 155
1609345358050683379 : Checking image 2 crop x2 2244
1609345358050721482 : Checking image 2 crop y2 3350
1609345358050913700 : Checking image 1 dpi 300
1609345358050987507 : Checking image 1 border top 141
1609345358051023510 : Checking image 1 border bottom 141
1609345358051062313 : Checking image 1 border left 174
1609345358051102717 : Checking image 1 border right 174
1609345358052924982 : Checking image 2 dpi 300
1609345358053005789 : Checking image 2 border top 140
1609345358053041792 : Checking image 2 border bottom 152
1609345358053076095 : Checking image 2 border left 168
1609345358053110199 : Checking image 2 border right 168

</system-out><system-err>--------------------------------- Captured Err ---------------------------------

</system-err></testcase><testcase classname="tests.test_images" name="test_wrong_split_line_3_png" time="32.981"><system-out>--------------------------------- Captured Log ---------------------------------

--------------------------------- Captured Out ---------------------------------
/home/runner/work/ocr-book/ocr-book/tests/wrong_split_line_3.png
1609345365033501411 : Checking separation double page angle 90.43729500214694
1609345365033620522 : Checking separation double page y=0 2498
1609345366379339989 : Checking page rotation 1 0.2
1609345367482025107 : Checking page rotation 2 0.85
1609345368959477179 : Checking image 1 crop x1 331
1609345368959601890 : Checking image 1 crop y1 166
1609345368959642394 : Checking image 1 crop x2 2377
1609345368959678297 : Checking image 1 crop y2 3375
1609345370584001566 : Checking image 2 crop x1 102
1609345370584130878 : Checking image 2 crop y1 207
1609345370584172182 : Checking image 2 crop x2 2135
1609345370584208985 : Checking image 2 crop y2 3414
1609345370584382001 : Checking image 1 dpi 300
1609345370584453107 : Checking image 1 border top 158
1609345370584487910 : Checking image 1 border bottom 120
1609345370584523213 : Checking image 1 border left 207
1609345370584556516 : Checking image 1 border right 207
1609345370586729013 : Checking image 2 dpi 300
1609345370586811221 : Checking image 2 border top 186
1609345370586846824 : Checking image 2 border bottom 94
1609345370586880527 : Checking image 2 border left 213
1609345370586914030 : Checking image 2 border right 213

</system-out><system-err>--------------------------------- Captured Err ---------------------------------

</system-err></testcase><testcase classname="tests.test_images" name="test_crop_too_much_3_png" time="37.401"><system-out>--------------------------------- Captured Log ---------------------------------

--------------------------------- Captured Out ---------------------------------
/home/runner/work/ocr-book/ocr-book/tests/crop_too_much_3.png
1609345388889511675 : Checking separation double page angle 89.49330634783144
1609345388889628786 : Checking separation double page y=0 2498
1609345390030434652 : Checking page rotation 1 -0.8999999999999949
1609345391625870744 : Checking page rotation 2 -0.14999999999999067
1609345393551593285 : Checking image 1 crop x1 374
1609345393551728897 : Checking image 1 crop y1 258
1609345393551769601 : Checking image 1 crop x2 2385
1609345393551805504 : Checking image 1 crop y2 3459
1609345395443493566 : Checking image 2 crop x1 168
1609345395443643380 : Checking image 2 crop y1 228
1609345395443683683 : Checking image 2 crop x2 2181
1609345395453873705 : Checking image 2 crop y2 3417
1609345395454108527 : Checking image 1 dpi 300
1609345395454187034 : Checking image 1 border top 239
1609345395454220537 : Checking image 1 border bottom 47
1609345395454255140 : Checking image 1 border left 224
1609345395454288743 : Checking image 1 border right 224
1609345395456701361 : Checking image 2 dpi 300
1609345395456796670 : Checking image 2 border top 209
1609345395456832473 : Checking image 2 border bottom 89
1609345395456866676 : Checking image 2 border left 223
1609345395456900479 : Checking image 2 border right 223

</system-out><system-err>--------------------------------- Captured Err ---------------------------------

</system-err></testcase><testcase classname="tests.test_images" name="test_wrong_wave_split_line_2_png" time="38.978"><system-out>--------------------------------- Captured Log ---------------------------------

--------------------------------- Captured Out ---------------------------------
/home/runner/work/ocr-book/ocr-book/tests/wrong_wave_split_line_2.png
1609345403041647002 : Checking separation double page angle 90.7708958311329
1609345403041756412 : Checking separation double page y=0 2490
1609345404333961605 : Checking page rotation 1 0.2
1609345405612538758 : Checking page rotation 2 1.65
1609345407022066290 : Checking image 1 crop x1 227
1609345407022195102 : Checking image 1 crop y1 147
1609345407022234405 : Checking image 1 crop x2 2342
1609345407022271609 : Checking image 1 crop y2 3353
1609345409554792201 : Checking image 2 crop x1 106
1609345409554915612 : Checking image 2 crop y1 195
1609345409554955515 : Checking image 2 crop x2 2231
1609345409554992719 : Checking image 2 crop y2 3398
1609345409555162834 : Checking image 1 dpi 300
1609345409555234041 : Checking image 1 border top 136
1609345409555269244 : Checking image 1 border bottom 145
1609345409555304547 : Checking image 1 border left 172
1609345409555337850 : Checking image 1 border right 172
1609345409557507847 : Checking image 2 dpi 300
1609345409557581753 : Checking image 2 border top 165
1609345409557617457 : Checking image 2 border bottom 118
1609345409557650760 : Checking image 2 border left 167
1609345409557683963 : Checking image 2 border right 167

</system-out><system-err>--------------------------------- Captured Err ---------------------------------

</system-err></testcase><testcase classname="tests.test_images" name="test_wrong_wave_split_line_3_png" time="34.683"><system-out>--------------------------------- Captured Log ---------------------------------

--------------------------------- Captured Out ---------------------------------
/home/runner/work/ocr-book/ocr-book/tests/wrong_wave_split_line_3.png
1609345424483081479 : Checking separation double page angle 90.05826063695574
1609345424483197289 : Checking separation double page y=0 2514
1609345425919094015 : Checking page rotation 1 0.0
1609345427052021405 : Checking page rotation 2 0.2
1609345428814789429 : Checking image 1 crop x1 274
1609345428814918241 : Checking image 1 crop y1 221
1609345428814958845 : Checking image 1 crop x2 2383
1609345428814994648 : Checking image 1 crop y2 3422
1609345430163923698 : Checking image 2 crop x1 112
1609345430164049809 : Checking image 2 crop y1 225
1609345430164089513 : Checking image 2 crop x2 2238
1609345430164128016 : Checking image 2 crop y2 3415
1609345430164321134 : Checking image 1 dpi 300
1609345430164400041 : Checking image 1 border top 201
1609345430164435944 : Checking image 1 border bottom 85
1609345430164473348 : Checking image 1 border left 175
1609345430164509051 : Checking image 1 border right 175
1609345430166332316 : Checking image 2 dpi 300
1609345430166419024 : Checking image 2 border top 207
1609345430166455527 : Checking image 2 border bottom 90
1609345430166489830 : Checking image 2 border left 167
1609345430166523733 : Checking image 2 border right 167

</system-out><system-err>--------------------------------- Captured Err ---------------------------------

</system-err></testcase><testcase classname="tests.test_images" name="test_no_split_line_wave_algo_png" time="46.151"><system-out>--------------------------------- Captured Log ---------------------------------

--------------------------------- Captured Out ---------------------------------
/home/runner/work/ocr-book/ocr-book/tests/no_split_line_wave_algo.png
1609345437270110837 : Checking separation double page angle 89.72500000000001
1609345437270223548 : Checking separation double page y=0 2484
1609345440115221726 : Checking page rotation 1 0.0
1609345441382323858 : Checking page rotation 2 -0.44999999999999746
1609345449689739331 : Checking image 1 crop x1 97
1609345449689850041 : Checking image 1 crop y1 79
1609345449689888045 : Checking image 1 crop x2 2494
1609345449689923248 : Checking image 1 crop y2 3505
1609345455666238513 : Checking image 2 crop x1 163
1609345455666353523 : Checking image 2 crop y1 267
1609345455666393127 : Checking image 2 crop x2 2238
1609345455666425829 : Checking image 2 crop y2 3380
1609345455666590944 : Checking image 1 dpi 300
1609345455666658651 : Checking image 1 border top 41
1609345455666691354 : Checking image 1 border bottom 41
1609345455666724157 : Checking image 1 border left 42
1609345455666755359 : Checking image 1 border right 42
1609345455668911055 : Checking image 2 dpi 300
1609345455668988762 : Checking image 2 border top 255
1609345455669021865 : Checking image 2 border bottom 119
1609345455669052867 : Checking image 2 border left 192
1609345455669083970 : Checking image 2 border right 192

</system-out><system-err>--------------------------------- Captured Err ---------------------------------

</system-err></testcase><testcase classname="tests.test_images" name="test_no_split_line_wave_algo_2_png" time="28.226"><system-out>--------------------------------- Captured Log ---------------------------------

--------------------------------- Captured Out ---------------------------------
/home/runner/work/ocr-book/ocr-book/tests/no_split_line_wave_algo_2.png
1609345453447518638 : Checking separation double page angle 90.54999999999998
1609345453447641749 : Checking separation double page y=0 2478
1609345454610984495 : Checking page rotation 1 1.0999999999999999
1609345455698004490 : Checking page rotation 2 0.2
1609345457162022624 : Checking image 1 crop x1 266
1609345457162151336 : Checking image 1 crop y1 210
1609345457162188839 : Checking image 1 crop x2 2342
1609345457162222642 : Checking image 1 crop y2 3413
1609345458388858370 : Checking image 2 crop x1 168
1609345458388988882 : Checking image 2 crop y1 241
1609345458389028186 : Checking image 2 crop x2 2251
1609345458389065989 : Checking image 2 crop y2 3433
1609345458389264307 : Checking image 1 dpi 300
1609345458389343514 : Checking image 1 border top 192
1609345458389378917 : Checking image 1 border bottom 91
1609345458389416721 : Checking image 1 border left 192
1609345458389453224 : Checking image 1 border right 192
1609345458392246977 : Checking image 2 dpi 300
1609345458392342186 : Checking image 2 border top 224
1609345458392377989 : Checking image 2 border bottom 71
1609345458392412692 : Checking image 2 border left 188
1609345458392446895 : Checking image 2 border right 188

</system-out><system-err>--------------------------------- Captured Err ---------------------------------

</system-err></testcase><testcase classname="tests.test_images" name="test_crop_too_few_2_png" time="28.738"><system-out>--------------------------------- Captured Log ---------------------------------

--------------------------------- Captured Out ---------------------------------
/home/runner/work/ocr-book/ocr-book/tests/crop_too_few_2.png
1609345478529884297 : Checking separation double page angle 90.30476192320097
1609345478530005608 : Checking separation double page y=0 2531
1609345479583240469 : Checking page rotation 1 1.0999999999999999
1609345480644511455 : Checking page rotation 2 -0.04999999999999689
1609345482370267953 : Checking image 1 crop x1 289
1609345482370397765 : Checking image 1 crop y1 165
1609345482370436469 : Checking image 1 crop x2 2400
1609345482370472772 : Checking image 1 crop y2 3367
1609345484474964603 : Checking image 2 crop x1 149
1609345484475088814 : Checking image 2 crop y1 189
1609345484475127118 : Checking image 2 crop x2 2273
1609345484475165221 : Checking image 2 crop y2 3386
1609345484475337837 : Checking image 1 dpi 300
1609345484475411043 : Checking image 1 border top 157
1609345484475446247 : Checking image 1 border bottom 128
1609345484475481650 : Checking image 1 border left 174
1609345484475515453 : Checking image 1 border right 174
1609345484477644747 : Checking image 2 dpi 300
1609345484477721454 : Checking image 2 border top 181
1609345484477758057 : Checking image 2 border bottom 109
1609345484477825563 : Checking image 2 border left 168
1609345484477862966 : Checking image 2 border right 168

</system-out><system-err>--------------------------------- Captured Err ---------------------------------

</system-err></testcase><testcase classname="tests.test_images" name="test_failed_detect_rectangle_png" time="34.516"><system-out>--------------------------------- Captured Log ---------------------------------

--------------------------------- Captured Out ---------------------------------
/home/runner/work/ocr-book/ocr-book/tests/failed_detect_rectangle.png
1609345486999319106 : Checking separation double page angle 90.19837516213148
1609345486999436417 : Checking separation double page y=0 2474
1609345488283329288 : Checking page rotation 1 0.2
1609345489866214453 : Checking page rotation 2 0.15000000000000002
1609345491122090680 : Checking image 1 crop x1 257
1609345491122228292 : Checking image 1 crop y1 201
1609345491122268396 : Checking image 1 crop x2 2333
1609345491122301799 : Checking image 1 crop y2 3402
1609345492899222551 : Checking image 2 crop x1 135
1609345492899349863 : Checking image 2 crop y1 214
1609345492899390066 : Checking image 2 crop x2 2219
1609345492899428070 : Checking image 2 crop y2 3406
1609345492899620687 : Checking image 1 dpi 300
1609345492899698994 : Checking image 1 border top 188
1609345492899735397 : Checking image 1 border bottom 97
1609345492899772601 : Checking image 1 border left 192
1609345492899808504 : Checking image 1 border right 192
1609345492902590856 : Checking image 2 dpi 300
1609345492902685665 : Checking image 2 border top 202
1609345492902721868 : Checking image 2 border bottom 93
1609345492902756071 : Checking image 2 border left 188
1609345492902790074 : Checking image 2 border right 188

</system-out><system-err>--------------------------------- Captured Err ---------------------------------

</system-err></testcase><testcase classname="tests.test_images" name="test_single_page_png" time="6.375"><system-out>--------------------------------- Captured Log ---------------------------------

--------------------------------- Captured Out ---------------------------------
/home/runner/work/ocr-book/ocr-book/tests/single_page.png
1609345487901514982 : Checking separation double page angle 90.04999999999998
1609345487901653195 : Checking separation double page y=0 2476
1609345488712502086 : Checking page rotation 1 0.0
1609345488837915153 : Checking page rotation 2 0.0
1609345490373552336 : Checking image 1 crop x1 1
1609345490373651745 : Checking image 1 crop y1 8
1609345490373692349 : Checking image 1 crop x2 2470
1609345490373725352 : Checking image 1 crop y2 3505
1609345490501058193 : Checking image 2 crop x1 0
1609345490501143400 : Checking image 2 crop y1 0
1609345490501173703 : Checking image 2 crop x2 0
1609345490501202806 : Checking image 2 crop y2 0
1609345490501276012 : Checking image 1 dpi 300
1609345490501338018 : Checking image 1 border top 5
1609345490501370321 : Checking image 1 border bottom 5
1609345490501401024 : Checking image 1 border left 6
1609345490501431726 : Checking image 1 border right 6
1609345490507554881 : Checking image 2 border top 0
1609345490507633989 : Checking image 2 border bottom 0
1609345490507668392 : Checking image 2 border left 0
1609345490507698794 : Checking image 2 border right 0

</system-out><system-err>--------------------------------- Captured Err ---------------------------------

</system-err></testcase><testcase classname="tests.test_images" name="test_wrong_split_line_4_png" time="16.190"><system-out>--------------------------------- Captured Log ---------------------------------

--------------------------------- Captured Out ---------------------------------
/home/runner/work/ocr-book/ocr-book/tests/wrong_split_line_4.png
1609345503911874108 : Checking separation double page angle 91.04999999999998
1609345503911983718 : Checking separation double page y=0 60
1609345504000209007 : Checking page rotation 1 1.0
1609345504956772729 : Checking page rotation 2 1.05
1609345505359252975 : Checking image 1 crop x1 0
1609345505359330782 : Checking image 1 crop y1 0
1609345505359361985 : Checking image 1 crop x2 0
1609345505359391688 : Checking image 1 crop y2 0
1609345507084361292 : Checking image 2 crop x1 291
1609345507084494004 : Checking image 2 crop y1 330
1609345507084534807 : Checking image 2 crop x2 2316
1609345507084572511 : Checking image 2 crop y2 3217
1609345507084744927 : Checking image 1 border top 0
1609345507084784230 : Checking image 1 border bottom 0
1609345507084818833 : Checking image 1 border left 0
1609345507084854336 : Checking image 1 border right 0
1609345507084914242 : Checking image 2 dpi 300
1609345507084983048 : Checking image 2 border top 322
1609345507085018451 : Checking image 2 border bottom 278
1609345507085054755 : Checking image 2 border left 217
1609345507085089358 : Checking image 2 border right 217

</system-out><system-err>--------------------------------- Captured Err ---------------------------------

</system-err></testcase><testcase classname="tests.test_images" name="test_no_split_line_wave_algo_3_png" time="9.666"><system-out>--------------------------------- Captured Log ---------------------------------

--------------------------------- Captured Out ---------------------------------
/home/runner/work/ocr-book/ocr-book/tests/no_split_line_wave_algo_3.png
1609345500472703763 : Checking separation double page angle 90.14999999999998
1609345500472824574 : Checking separation double page y=0 2408
1609345501358250057 : Checking page rotation 1 -0.09999999999999377
1609345501510063906 : Checking page rotation 2 0.0
1609345502175981611 : Checking image 1 crop x1 182
1609345502176076519 : Checking image 1 crop y1 2955
1609345502176111723 : Checking image 1 crop x2 2199
1609345502176145126 : Checking image 1 crop y2 3203
1609345502559173112 : Checking image 2 crop x1 0
1609345502559258620 : Checking image 2 crop y1 0
1609345502559289623 : Checking image 2 crop x2 0
1609345502559318926 : Checking image 2 crop y2 0
1609345502559382831 : Checking image 1 dpi 300
1609345502559445137 : Checking image 1 border top 2951
1609345502559478340 : Checking image 1 border bottom 288
1609345502559510343 : Checking image 1 border left 221
1609345502559542146 : Checking image 1 border right 221
1609345502568999802 : Checking image 2 border top 0
1609345502569062808 : Checking image 2 border bottom 0
1609345502569091911 : Checking image 2 border left 0
1609345502569120413 : Checking image 2 border right 0

</system-out><system-err>--------------------------------- Captured Err ---------------------------------

</system-err></testcase><testcase classname="tests.test_images" name="test_failed_split_line_line_algo_3_png" time="11.906"><system-out>--------------------------------- Captured Log ---------------------------------

--------------------------------- Captured Out ---------------------------------
/home/runner/work/ocr-book/ocr-book/tests/failed_split_line_line_algo_3.png
1609345516574763438 : Checking separation double page angle 90.0
1609345516574899250 : Checking separation double page y=0 40
1609345516640858915 : Checking page rotation 1 0.0
1609345517298006845 : Checking page rotation 2 -0.04999999999999689
1609345517620870743 : Checking image 1 crop x1 0
1609345517620954951 : Checking image 1 crop y1 0
1609345517620988254 : Checking image 1 crop x2 0
1609345517621020457 : Checking image 1 crop y2 0
1609345519007203518 : Checking image 2 crop x1 247
1609345519007290826 : Checking image 2 crop y1 153
1609345519007324929 : Checking image 2 crop x2 2260
1609345519007357832 : Checking image 2 crop y2 3360
1609345519007458541 : Checking image 1 border top 0
1609345519007491744 : Checking image 1 border bottom 0
1609345519007523047 : Checking image 1 border left 0
1609345519007559450 : Checking image 1 border right 0
1609345519007600854 : Checking image 2 dpi 300
1609345519007656859 : Checking image 2 border top 144
1609345519007688562 : Checking image 2 border bottom 136
1609345519007719365 : Checking image 2 border left 223
1609345519007750168 : Checking image 2 border right 223

</system-out><system-err>--------------------------------- Captured Err ---------------------------------

</system-err></testcase></testsuite></testsuites>