<?xml version="1.0" encoding="utf-8"?><testsuites><testsuite name="pytest" errors="0" failures="0" skipped="0" tests="17" time="348.974" timestamp="2020-11-22T20:29:56.602345" hostname="fv-az121-732"><testcase classname="tests.test_features" name="test_mock_stop_at_0" time="0.056"><system-out>--------------------------------- Captured Log ---------------------------------

--------------------------------- Captured Out ---------------------------------
/home/runner/work/ocr-book/ocr-book/tests/0001_0.png

</system-out><system-err>--------------------------------- Captured Err ---------------------------------

</system-err></testcase><testcase classname="tests.test_features" name="test_disabled_enable_debug" time="30.083"><system-out>--------------------------------- Captured Log ---------------------------------

--------------------------------- Captured Out ---------------------------------
/home/runner/work/ocr-book/ocr-book/tests/0001_debug.png
separation double page angle 90.53945493634917
separation double page y=0 2485
page rotation 1 0.75
page rotation 2 0.2
image 1 crop x1 330
image 1 crop y1 336
image 1 crop x2 2343
image 1 crop y2 3223
image 2 crop x1 169
image 2 crop y1 648
image 2 crop x2 2186
image 2 crop y2 3361
image 1 dpi 300
image 1 border top 324
image 1 border bottom 276
image 1 border left 223
image 1 border right 223
image 2 dpi 300
image 2 border top 671
image 2 border bottom 103
image 2 border left 221
image 2 border right 221

</system-out><system-err>--------------------------------- Captured Err ---------------------------------

</system-err></testcase><testcase classname="tests.test_features" name="test_mock_stop_at_2" time="39.618"><system-out>--------------------------------- Captured Log ---------------------------------

--------------------------------- Captured Out ---------------------------------
/home/runner/work/ocr-book/ocr-book/tests/0001_2.png
separation double page angle 90.53945493634917
separation double page y=0 2485
page rotation 1 0.75
page rotation 2 0.2

</system-out><system-err>--------------------------------- Captured Err ---------------------------------

</system-err></testcase><testcase classname="tests.test_features" name="test_mock_stop_at_1" time="22.911"><system-out>--------------------------------- Captured Log ---------------------------------

--------------------------------- Captured Out ---------------------------------
/home/runner/work/ocr-book/ocr-book/tests/0001_1.png
separation double page angle 90.53945493634917
separation double page y=0 2485

</system-out><system-err>--------------------------------- Captured Err ---------------------------------

</system-err></testcase><testcase classname="tests.test_features" name="test_mock_stop_at_3" time="41.451"><system-out>--------------------------------- Captured Log ---------------------------------

--------------------------------- Captured Out ---------------------------------
/home/runner/work/ocr-book/ocr-book/tests/0001_3.png
separation double page angle 90.53945493634917
separation double page y=0 2485
page rotation 1 0.75
page rotation 2 0.2
image 1 crop x1 330
image 1 crop y1 336
image 1 crop x2 2343
image 1 crop y2 3223
image 2 crop x1 169
image 2 crop y1 648
image 2 crop x2 2186
image 2 crop y2 3361

</system-out><system-err>--------------------------------- Captured Err ---------------------------------

</system-err></testcase><testcase classname="tests.test_features" name="test_mock_stop_at_5" time="41.976"><system-out>--------------------------------- Captured Log ---------------------------------

--------------------------------- Captured Out ---------------------------------
/home/runner/work/ocr-book/ocr-book/tests/0001_5.png
separation double page angle 90.53945493634917
separation double page y=0 2485
page rotation 1 0.75
page rotation 2 0.2
image 1 crop x1 330
image 1 crop y1 336
image 1 crop x2 2343
image 1 crop y2 3223
image 2 crop x1 169
image 2 crop y1 648
image 2 crop x2 2186
image 2 crop y2 3361
image 1 dpi 300
image 1 border top 324
image 1 border bottom 276
image 1 border left 223
image 1 border right 223
image 2 dpi 300
image 2 border top 671
image 2 border bottom 103
image 2 border left 221
image 2 border right 221

</system-out><system-err>--------------------------------- Captured Err ---------------------------------

</system-err></testcase><testcase classname="tests.test_features" name="test_mock_stop_at_4" time="41.747"><system-out>--------------------------------- Captured Log ---------------------------------

--------------------------------- Captured Out ---------------------------------
/home/runner/work/ocr-book/ocr-book/tests/0001_4.png
separation double page angle 90.53945493634917
separation double page y=0 2485
page rotation 1 0.75
page rotation 2 0.2
image 1 crop x1 330
image 1 crop y1 336
image 1 crop x2 2343
image 1 crop y2 3223
image 2 crop x1 169
image 2 crop y1 648
image 2 crop x2 2186
image 2 crop y2 3361
image 1 dpi 300
image 1 border top 324
image 1 border bottom 276
image 1 border left 223
image 1 border right 223
image 2 dpi 300
image 2 border top 671
image 2 border bottom 103
image 2 border left 221
image 2 border right 221

</system-out><system-err>--------------------------------- Captured Err ---------------------------------

</system-err></testcase><testcase classname="tests.test_images" name="test_0001_png" time="42.905"><system-out>--------------------------------- Captured Log ---------------------------------

--------------------------------- Captured Out ---------------------------------
/home/runner/work/ocr-book/ocr-book/tests/0001.png
1606077114990182959 : Checking separation double page angle 90.53945493634917
1606077114990282860 : Checking separation double page y=0 2485
1606077122633897942 : Checking page rotation 1 0.75
1606077131950131995 : Checking page rotation 2 0.2
1606077133606871298 : Checking image 1 crop x1 330
1606077133606958498 : Checking image 1 crop y1 336
1606077133607002798 : Checking image 1 crop x2 2343
1606077133607044499 : Checking image 1 crop y2 3223
1606077135559050166 : Checking image 2 crop x1 169
1606077135559138467 : Checking image 2 crop y1 648
1606077135559182667 : Checking image 2 crop x2 2186
1606077135559223467 : Checking image 2 crop y2 3361
1606077135614542816 : Checking image 1 dpi 300
1606077135614686417 : Checking image 1 border top 324
1606077135614725817 : Checking image 1 border bottom 276
1606077135614760317 : Checking image 1 border left 223
1606077135614794418 : Checking image 1 border right 223
1606077135616760630 : Checking image 2 dpi 300
1606077135616884731 : Checking image 2 border top 671
1606077135616921131 : Checking image 2 border bottom 103
1606077135616954831 : Checking image 2 border left 221
1606077135616988931 : Checking image 2 border right 221

</system-out><system-err>--------------------------------- Captured Err ---------------------------------

</system-err></testcase><testcase classname="tests.test_images" name="test_2_pages_2_contours_png" time="28.562"><system-out>--------------------------------- Captured Log ---------------------------------

--------------------------------- Captured Out ---------------------------------
/home/runner/work/ocr-book/ocr-book/tests/2-pages-2-contours.png
1606077136941344945 : Checking separation double page angle 90.15647898380502
1606077136941435246 : Checking separation double page y=0 2489
1606077139361843675 : Checking page rotation 1 0.05
1606077146744666245 : Checking page rotation 2 0.35000000000000003
1606077147619255924 : Checking image 1 crop x1 1186
1606077147619344424 : Checking image 1 crop y1 1720
1606077147619378925 : Checking image 1 crop x2 1187
1606077147619561426 : Checking image 1 crop y2 1721
1606077149189530369 : Checking image 2 crop x1 102
1606077149189622770 : Checking image 2 crop y1 240
1606077149189668770 : Checking image 2 crop x2 2149
1606077149189711570 : Checking image 2 crop y2 3239
1606077149226120684 : Checking image 1 dpi 300
1606077149226233684 : Checking image 1 border top 1753
1606077149226274185 : Checking image 1 border bottom 1753
1606077149226310485 : Checking image 1 border left 1239
1606077149226346485 : Checking image 1 border right 1239
1606077149227861794 : Checking image 2 dpi 300
1606077149227977995 : Checking image 2 border top 229
1606077149228018595 : Checking image 2 border bottom 259
1606077149228054895 : Checking image 2 border left 206
1606077149228090995 : Checking image 2 border right 206

</system-out><system-err>--------------------------------- Captured Err ---------------------------------

</system-err></testcase><testcase classname="tests.test_images" name="test_black_border_not_removed_png" time="53.787"><system-out>--------------------------------- Captured Log ---------------------------------

--------------------------------- Captured Out ---------------------------------
/home/runner/work/ocr-book/ocr-book/tests/black-border-not-removed.png
1606077166290532608 : Checking separation double page angle 89.9903688802698
1606077166290622208 : Checking separation double page y=0 2455
1606077173578588348 : Checking page rotation 1 0.0
1606077185166708930 : Checking page rotation 2 0.0
1606077187141399221 : Checking image 1 crop x1 297
1606077187141492122 : Checking image 1 crop y1 143
1606077187141536722 : Checking image 1 crop x2 2309
1606077187141577922 : Checking image 1 crop y2 3346
1606077189373892642 : Checking image 2 crop x1 156
1606077189373984742 : Checking image 2 crop y1 145
1606077189374028443 : Checking image 2 crop x2 2168
1606077189374069843 : Checking image 2 crop y2 3352
1606077189412651136 : Checking image 1 dpi 300
1606077189412783437 : Checking image 1 border top 128
1606077189412819437 : Checking image 1 border bottom 156
1606077189412852037 : Checking image 1 border left 224
1606077189412883837 : Checking image 1 border right 224
1606077189414966348 : Checking image 2 dpi 300
1606077189415073148 : Checking image 2 border top 130
1606077189415107148 : Checking image 2 border bottom 150
1606077189415138649 : Checking image 2 border left 224
1606077189415169949 : Checking image 2 border right 224

</system-out><system-err>--------------------------------- Captured Err ---------------------------------

</system-err></testcase><testcase classname="tests.test_images" name="test_image_failed_to_rotate_png" time="49.982"><system-out>--------------------------------- Captured Log ---------------------------------

--------------------------------- Captured Out ---------------------------------
/home/runner/work/ocr-book/ocr-book/tests/image_failed_to_rotate.png
1606077171031368230 : Checking separation double page angle 90.14353501543772
1606077171031461930 : Checking separation double page y=0 2476
1606077176778218653 : Checking page rotation 1 0.35000000000000003
1606077185349783258 : Checking page rotation 2 0.45
1606077197212474859 : Checking image 1 crop x1 34
1606077197212568759 : Checking image 1 crop y1 1
1606077197212618259 : Checking image 1 crop x2 2474
1606077197212653459 : Checking image 1 crop y2 3500
1606077199047225321 : Checking image 2 crop x1 171
1606077199047312222 : Checking image 2 crop y1 234
1606077199047354622 : Checking image 2 crop x2 2250
1606077199047394322 : Checking image 2 crop y2 3355
1606077199092183940 : Checking image 1 dpi 300
1606077199092321741 : Checking image 1 border top 4
1606077199092364241 : Checking image 1 border bottom 4
1606077199092400941 : Checking image 1 border left 20
1606077199092437041 : Checking image 1 border right 20
1606077199094633152 : Checking image 2 dpi 300
1606077199094750753 : Checking image 2 border top 206
1606077199094788953 : Checking image 2 border bottom 160
1606077199094824553 : Checking image 2 border left 190
1606077199094860253 : Checking image 2 border right 190

</system-out><system-err>--------------------------------- Captured Err ---------------------------------

</system-err></testcase><testcase classname="tests.test_images" name="test_image_failed_to_crop_data_png" time="50.558"><system-out>--------------------------------- Captured Log ---------------------------------

--------------------------------- Captured Out ---------------------------------
/home/runner/work/ocr-book/ocr-book/tests/image_failed_to_crop_data.png
1606077213891631213 : Checking separation double page angle 90.06228874101497
1606077213891717514 : Checking separation double page y=0 2482
1606077220364728721 : Checking page rotation 1 0.2
1606077226529649525 : Checking page rotation 2 0.05
1606077238217168212 : Checking image 1 crop x1 58
1606077238217254313 : Checking image 1 crop y1 8
1606077238217319213 : Checking image 1 crop x2 2480
1606077238217356913 : Checking image 1 crop y2 3504
1606077239851597041 : Checking image 2 crop x1 159
1606077239851682041 : Checking image 2 crop y1 217
1606077239851722042 : Checking image 2 crop x2 2240
1606077239851760342 : Checking image 2 crop y2 3350
1606077239890920717 : Checking image 1 dpi 300
1606077239891056118 : Checking image 1 border top 6
1606077239891095418 : Checking image 1 border bottom 6
1606077239891129918 : Checking image 1 border left 29
1606077239891163818 : Checking image 1 border right 29
1606077239893411628 : Checking image 2 dpi 300
1606077239893538829 : Checking image 2 border top 209
1606077239893576229 : Checking image 2 border bottom 145
1606077239893610129 : Checking image 2 border left 189
1606077239893644229 : Checking image 2 border right 189

</system-out><system-err>--------------------------------- Captured Err ---------------------------------

</system-err></testcase><testcase classname="tests.test_images" name="test_wrong_angle_split_line_png" time="62.478"><system-out>--------------------------------- Captured Log ---------------------------------

--------------------------------- Captured Out ---------------------------------
/home/runner/work/ocr-book/ocr-book/tests/wrong_angle_split_line.png
1606077228606174918 : Checking separation double page angle 90.08422009258813
1606077228606272318 : Checking separation double page y=0 2487
1606077236743250387 : Checking page rotation 1 0.0
1606077245535581387 : Checking page rotation 2 0.0
1606077258123451021 : Checking image 1 crop x1 53
1606077258123543421 : Checking image 1 crop y1 8
1606077258123584521 : Checking image 1 crop x2 2485
1606077258123622922 : Checking image 1 crop y2 3505
1606077260717304078 : Checking image 2 crop x1 154
1606077260717402579 : Checking image 2 crop y1 217
1606077260717448779 : Checking image 2 crop x2 2237
1606077260717491580 : Checking image 2 crop y2 3350
1606077260894592164 : Checking image 1 dpi 300
1606077260894824366 : Checking image 1 border top 5
1606077260894889967 : Checking image 1 border bottom 5
1606077260894926667 : Checking image 1 border left 24
1606077260894962567 : Checking image 1 border right 24
1606077260901034318 : Checking image 2 dpi 300
1606077260901175519 : Checking image 2 border top 195
1606077260901213420 : Checking image 2 border bottom 159
1606077260901249220 : Checking image 2 border left 188
1606077260901319621 : Checking image 2 border right 188

</system-out><system-err>--------------------------------- Captured Err ---------------------------------

</system-err></testcase><testcase classname="tests.test_images" name="test_angle_page_lower_split_line_png" time="36.622"><system-out>--------------------------------- Captured Log ---------------------------------

--------------------------------- Captured Out ---------------------------------
/home/runner/work/ocr-book/ocr-book/tests/angle_page_lower_split_line.png
1606077256075753564 : Checking separation double page angle 89.74710364870903
1606077256075853764 : Checking separation double page y=0 2471
1606077264888323557 : Checking page rotation 1 -0.44999999999998863
1606077272820302713 : Checking page rotation 2 0.2
1606077274832760513 : Checking image 1 crop x1 245
1606077274832850513 : Checking image 1 crop y1 161
1606077274832894214 : Checking image 1 crop x2 2351
1606077274832936014 : Checking image 1 crop y2 3364
1606077276555261304 : Checking image 2 crop x1 153
1606077276555352305 : Checking image 2 crop y1 147
1606077276555395405 : Checking image 2 crop x2 2260
1606077276555436705 : Checking image 2 crop y2 3350
1606077276594829618 : Checking image 1 dpi 300
1606077276594969819 : Checking image 1 border top 131
1606077276595008919 : Checking image 1 border bottom 152
1606077276595043519 : Checking image 1 border left 177
1606077276595078020 : Checking image 1 border right 177
1606077276597266737 : Checking image 2 dpi 300
1606077276597432238 : Checking image 2 border top 118
1606077276597468639 : Checking image 2 border bottom 166
1606077276597502939 : Checking image 2 border left 176
1606077276597536939 : Checking image 2 border right 176

</system-out><system-err>--------------------------------- Captured Err ---------------------------------

</system-err></testcase><testcase classname="tests.test_images" name="test_wrong_split_line_png" time="38.405"><system-out>--------------------------------- Captured Log ---------------------------------

--------------------------------- Captured Out ---------------------------------
/home/runner/work/ocr-book/ocr-book/tests/wrong_split_line.png
1606077283719875521 : Checking separation double page angle 89.81531182790899
1606077283719971122 : Checking separation double page y=0 2465
1606077290121368363 : Checking page rotation 1 -0.04999999999999716
1606077297091391142 : Checking page rotation 2 0.6000000000000001
1606077298586850511 : Checking image 1 crop x1 211
1606077298586940112 : Checking image 1 crop y1 156
1606077298586985212 : Checking image 1 crop x2 2323
1606077298587027813 : Checking image 1 crop y2 3363
1606077300054792832 : Checking image 2 crop x1 124
1606077300054880432 : Checking image 2 crop y1 167
1606077300054926133 : Checking image 2 crop x2 2236
1606077300054968033 : Checking image 2 crop y2 3373
1606077300093109113 : Checking image 1 dpi 300
1606077300093238414 : Checking image 1 border top 180
1606077300093301715 : Checking image 1 border bottom 100
1606077300093340715 : Checking image 1 border left 174
1606077300093377315 : Checking image 1 border right 174
1606077300095433630 : Checking image 2 dpi 300
1606077300095525131 : Checking image 2 border top 129
1606077300095965334 : Checking image 2 border bottom 152
1606077300096031435 : Checking image 2 border left 174
1606077300096068135 : Checking image 2 border right 174

</system-out><system-err>--------------------------------- Captured Err ---------------------------------

</system-err></testcase><testcase classname="tests.test_images" name="test_crop_too_much_png" time="63.056"><system-out>--------------------------------- Captured Log ---------------------------------

--------------------------------- Captured Out ---------------------------------
/home/runner/work/ocr-book/ocr-book/tests/crop_too_much.png
1606077305811788402 : Checking separation double page angle 90.14985593620918
1606077305811881903 : Checking separation double page y=0 2457
1606077320005039539 : Checking page rotation 1 0.0
1606077333806640225 : Checking page rotation 2 0.4
1606077336729640322 : Checking image 1 crop x1 303
1606077336729729823 : Checking image 1 crop y1 148
1606077336729772523 : Checking image 1 crop x2 2313
1606077336729812923 : Checking image 1 crop y2 3351
1606077339584760129 : Checking image 2 crop x1 166
1606077339585063731 : Checking image 2 crop y1 154
1606077339585110932 : Checking image 2 crop x2 2180
1606077339585152332 : Checking image 2 crop y2 3360
1606077339638631885 : Checking image 1 dpi 300
1606077339638774086 : Checking image 1 border top 116
1606077339638813486 : Checking image 1 border bottom 168
1606077339638848886 : Checking image 1 border left 225
1606077339638883287 : Checking image 1 border right 225
1606077339641448504 : Checking image 2 dpi 300
1606077339641583805 : Checking image 2 border top 95
1606077339641621405 : Checking image 2 border bottom 186
1606077339641655505 : Checking image 2 border left 223
1606077339641689505 : Checking image 2 border right 223

</system-out><system-err>--------------------------------- Captured Err ---------------------------------

</system-err></testcase><testcase classname="tests.test_images" name="test_crop_too_few_png" time="43.851"><system-out>--------------------------------- Captured Log ---------------------------------

--------------------------------- Captured Out ---------------------------------
/home/runner/work/ocr-book/ocr-book/tests/crop_too_few.png
1606077325755572857 : Checking separation double page angle 89.22405802376838
1606077325755665157 : Checking separation double page y=0 2508
1606077333525207039 : Checking page rotation 1 -0.75
1606077340962862010 : Checking page rotation 2 0.0
1606077342473681426 : Checking image 1 crop x1 265
1606077342473863627 : Checking image 1 crop y1 161
1606077342473947728 : Checking image 1 crop x2 2375
1606077342474033228 : Checking image 1 crop y2 3356
1606077343921360897 : Checking image 2 crop x1 141
1606077343921453497 : Checking image 2 crop y1 141
1606077343921498198 : Checking image 2 crop x2 2263
1606077343921540198 : Checking image 2 crop y2 3345
1606077343956724928 : Checking image 1 dpi 300
1606077343956855229 : Checking image 1 border top 84
1606077343956892629 : Checking image 1 border bottom 208
1606077343956927229 : Checking image 1 border left 175
1606077343956980529 : Checking image 1 border right 175
1606077343958772441 : Checking image 2 dpi 300
1606077343958884042 : Checking image 2 border top 130
1606077343958921742 : Checking image 2 border bottom 153
1606077343958957442 : Checking image 2 border left 169
1606077343958992743 : Checking image 2 border right 169

</system-out><system-err>--------------------------------- Captured Err ---------------------------------

</system-err></testcase></testsuite></testsuites>