<?xml version="1.0" encoding="utf-8"?><testsuites><testsuite name="pytest" errors="0" failures="0" skipped="0" tests="36" time="1039.674" timestamp="2020-12-24T09:28:55.850134" hostname="fv-az136-982"><testcase classname="tests.test_features" name="test_mock_stop_at_0" time="0.047"><system-out>--------------------------------- Captured Log ---------------------------------

--------------------------------- Captured Out ---------------------------------
/home/runner/work/ocr-book/ocr-book/tests/0001_0.png

</system-out><system-err>--------------------------------- Captured Err ---------------------------------

</system-err></testcase><testcase classname="tests.test_features" name="test_disabled_enable_debug" time="63.928"><system-out>--------------------------------- Captured Log ---------------------------------

--------------------------------- Captured Out ---------------------------------
/home/runner/work/ocr-book/ocr-book/tests/0001_debug.png
separation double page angle 90.5528088189967
separation double page y=0 2485
page rotation 1 0.75
page rotation 2 0.2
image 1 crop x1 330
image 1 crop y1 336
image 1 crop x2 2343
image 1 crop y2 3223
image 2 crop x1 169
image 2 crop y1 648
image 2 crop x2 2186
image 2 crop y2 3361
image 1 dpi 300
image 1 border top 333
image 1 border bottom 266
image 1 border left 223
image 1 border right 223
image 2 dpi 300
image 2 border top 643
image 2 border bottom 131
image 2 border left 221
image 2 border right 221

</system-out><system-err>--------------------------------- Captured Err ---------------------------------

</system-err></testcase><testcase classname="tests.test_features" name="test_mock_stop_at_2" time="58.705"><system-out>--------------------------------- Captured Log ---------------------------------

--------------------------------- Captured Out ---------------------------------
/home/runner/work/ocr-book/ocr-book/tests/0001_2.png
separation double page angle 90.5528088189967
separation double page y=0 2485
page rotation 1 0.75
page rotation 2 0.2

</system-out><system-err>--------------------------------- Captured Err ---------------------------------

</system-err></testcase><testcase classname="tests.test_features" name="test_mock_stop_at_4" time="59.757"><system-out>--------------------------------- Captured Log ---------------------------------

--------------------------------- Captured Out ---------------------------------
/home/runner/work/ocr-book/ocr-book/tests/0001_4.png
separation double page angle 90.5528088189967
separation double page y=0 2485
page rotation 1 0.75
page rotation 2 0.2
image 1 crop x1 330
image 1 crop y1 336
image 1 crop x2 2343
image 1 crop y2 3223
image 2 crop x1 169
image 2 crop y1 648
image 2 crop x2 2186
image 2 crop y2 3361
image 1 dpi 300
image 1 border top 333
image 1 border bottom 266
image 1 border left 223
image 1 border right 223
image 2 dpi 300
image 2 border top 643
image 2 border bottom 131
image 2 border left 221
image 2 border right 221

</system-out><system-err>--------------------------------- Captured Err ---------------------------------

</system-err></testcase><testcase classname="tests.test_features" name="test_mock_stop_at_1" time="38.357"><system-out>--------------------------------- Captured Log ---------------------------------

--------------------------------- Captured Out ---------------------------------
/home/runner/work/ocr-book/ocr-book/tests/0001_1.png
separation double page angle 90.5528088189967
separation double page y=0 2485

</system-out><system-err>--------------------------------- Captured Err ---------------------------------

</system-err></testcase><testcase classname="tests.test_features" name="test_mock_stop_at_3" time="57.441"><system-out>--------------------------------- Captured Log ---------------------------------

--------------------------------- Captured Out ---------------------------------
/home/runner/work/ocr-book/ocr-book/tests/0001_3.png
separation double page angle 90.5528088189967
separation double page y=0 2485
page rotation 1 0.75
page rotation 2 0.2
image 1 crop x1 330
image 1 crop y1 336
image 1 crop x2 2343
image 1 crop y2 3223
image 2 crop x1 169
image 2 crop y1 648
image 2 crop x2 2186
image 2 crop y2 3361

</system-out><system-err>--------------------------------- Captured Err ---------------------------------

</system-err></testcase><testcase classname="tests.test_images" name="test_0001_png" time="65.128"><system-out>--------------------------------- Captured Log ---------------------------------

--------------------------------- Captured Out ---------------------------------
/home/runner/work/ocr-book/ocr-book/tests/0001.png
1608802294612466285 : Checking separation double page angle 90.5528088189967
1608802294612575486 : Checking separation double page y=0 2485
1608802303002111257 : Checking page rotation 1 0.75
1608802313747596044 : Checking page rotation 2 0.2
1608802317228872133 : Checking image 1 crop x1 330
1608802317229014334 : Checking image 1 crop y1 336
1608802317229048434 : Checking image 1 crop x2 2343
1608802317229077134 : Checking image 1 crop y2 3223
1608802320383184713 : Checking image 2 crop x1 169
1608802320383304114 : Checking image 2 crop y1 648
1608802320383337714 : Checking image 2 crop x2 2186
1608802320383365615 : Checking image 2 crop y2 3361
1608802320410756790 : Checking image 1 dpi 300
1608802320410860591 : Checking image 1 border top 333
1608802320410890891 : Checking image 1 border bottom 266
1608802320410918791 : Checking image 1 border left 223
1608802320410945591 : Checking image 1 border right 223
1608802320413671008 : Checking image 2 dpi 300
1608802320413757709 : Checking image 2 border top 643
1608802320413785809 : Checking image 2 border bottom 131
1608802320413812909 : Checking image 2 border left 221
1608802320413840210 : Checking image 2 border right 221

</system-out><system-err>--------------------------------- Captured Err ---------------------------------

</system-err></testcase><testcase classname="tests.test_features" name="test_mock_stop_at_5" time="58.030"><system-out>--------------------------------- Captured Log ---------------------------------

--------------------------------- Captured Out ---------------------------------
/home/runner/work/ocr-book/ocr-book/tests/0001_5.png
separation double page angle 90.5528088189967
separation double page y=0 2485
page rotation 1 0.75
page rotation 2 0.2
image 1 crop x1 330
image 1 crop y1 336
image 1 crop x2 2343
image 1 crop y2 3223
image 2 crop x1 169
image 2 crop y1 648
image 2 crop x2 2186
image 2 crop y2 3361
image 1 dpi 300
image 1 border top 333
image 1 border bottom 266
image 1 border left 223
image 1 border right 223
image 2 dpi 300
image 2 border top 643
image 2 border bottom 131
image 2 border left 221
image 2 border right 221

</system-out><system-err>--------------------------------- Captured Err ---------------------------------

</system-err></testcase><testcase classname="tests.test_images" name="test_black_border_not_removed_png" time="72.008"><system-out>--------------------------------- Captured Log ---------------------------------

--------------------------------- Captured Out ---------------------------------
/home/runner/work/ocr-book/ocr-book/tests/black-border-not-removed.png
1608802362879561614 : Checking separation double page angle 90.033171103531
1608802362879663415 : Checking separation double page y=0 2455
1608802370672915245 : Checking page rotation 1 0.0
1608802382818211033 : Checking page rotation 2 0.0
1608802387037178455 : Checking image 1 crop x1 297
1608802387037297156 : Checking image 1 crop y1 143
1608802387037329956 : Checking image 1 crop x2 2309
1608802387037357856 : Checking image 1 crop y2 3346
1608802392405332240 : Checking image 2 crop x1 159
1608802392405445241 : Checking image 2 crop y1 145
1608802392405478141 : Checking image 2 crop x2 2171
1608802392405508541 : Checking image 2 crop y2 3352
1608802392434450327 : Checking image 1 dpi 300
1608802392434561227 : Checking image 1 border top 132
1608802392434592528 : Checking image 1 border bottom 152
1608802392434619828 : Checking image 1 border left 224
1608802392434647128 : Checking image 1 border right 224
1608802392437296845 : Checking image 2 dpi 300
1608802392437378645 : Checking image 2 border top 132
1608802392437408646 : Checking image 2 border bottom 148
1608802392437435346 : Checking image 2 border left 224
1608802392437465646 : Checking image 2 border right 224

</system-out><system-err>--------------------------------- Captured Err ---------------------------------

</system-err></testcase><testcase classname="tests.test_images" name="test_2_pages_2_contours_png" time="37.561"><system-out>--------------------------------- Captured Log ---------------------------------

--------------------------------- Captured Out ---------------------------------
/home/runner/work/ocr-book/ocr-book/tests/2-pages-2-contours.png
1608802377084432869 : Checking separation double page angle 90.09036871657068
1608802377084535370 : Checking separation double page y=0 2486
1608802379149635936 : Checking page rotation 1 0.05
1608802386665362073 : Checking page rotation 2 0.30000000000000004
1608802388390746125 : Checking image 1 crop x1 1189
1608802388390840826 : Checking image 1 crop y1 1751
1608802388390874126 : Checking image 1 crop x2 1190
1608802388390903826 : Checking image 1 crop y2 1752
1608802392074928224 : Checking image 2 crop x1 101
1608802392075042224 : Checking image 2 crop y1 240
1608802392075077625 : Checking image 2 crop x2 2148
1608802392075111025 : Checking image 2 crop y2 3239
1608802392105177317 : Checking image 1 dpi 300
1608802392105278518 : Checking image 1 border top 1752
1608802392105312718 : Checking image 1 border bottom 1753
1608802392105343219 : Checking image 1 border left 1239
1608802392105373819 : Checking image 1 border right 1239
1608802392106675827 : Checking image 2 dpi 300
1608802392106757528 : Checking image 2 border top 230
1608802392106789528 : Checking image 2 border bottom 258
1608802392106825928 : Checking image 2 border left 206
1608802392106856228 : Checking image 2 border right 206

</system-out><system-err>--------------------------------- Captured Err ---------------------------------

</system-err></testcase><testcase classname="tests.test_images" name="test_wrong_split_line_png" time="49.586"><system-out>--------------------------------- Captured Log ---------------------------------

--------------------------------- Captured Out ---------------------------------
/home/runner/work/ocr-book/ocr-book/tests/wrong_split_line.png
1608802423929597182 : Checking separation double page angle 89.93395720607973
1608802423929699182 : Checking separation double page y=0 2465
1608802430097565708 : Checking page rotation 1 -0.14999999999999067
1608802436525134738 : Checking page rotation 2 0.5
1608802439014464954 : Checking image 1 crop x1 213
1608802439014579155 : Checking image 1 crop y1 157
1608802439014614355 : Checking image 1 crop x2 2323
1608802439014648055 : Checking image 1 crop y2 3362
1608802441656277351 : Checking image 2 crop x1 125
1608802441656390152 : Checking image 2 crop y1 165
1608802441656425752 : Checking image 2 crop x2 2237
1608802441656458752 : Checking image 2 crop y2 3374
1608802441688666659 : Checking image 1 dpi 300
1608802441688776760 : Checking image 1 border top 134
1608802441688811560 : Checking image 1 border bottom 148
1608802441688841960 : Checking image 1 border left 175
1608802441688873361 : Checking image 1 border right 175
1608802441691133975 : Checking image 2 dpi 300
1608802441691218976 : Checking image 2 border top 143
1608802441691252376 : Checking image 2 border bottom 135
1608802441691283376 : Checking image 2 border left 174
1608802441691312976 : Checking image 2 border right 174

</system-out><system-err>--------------------------------- Captured Err ---------------------------------

</system-err></testcase><testcase classname="tests.test_images" name="test_image_failed_to_rotate_png" time="65.374"><system-out>--------------------------------- Captured Log ---------------------------------

--------------------------------- Captured Out ---------------------------------
/home/runner/work/ocr-book/ocr-book/tests/image_failed_to_rotate.png
1608802429412523320 : Checking separation double page angle 90.13063640287984
1608802429412629821 : Checking separation double page y=0 2479
1608802434215353187 : Checking page rotation 1 0.35
1608802442809480070 : Checking page rotation 2 0.45
1608802452998458948 : Checking image 1 crop x1 34
1608802452998579049 : Checking image 1 crop y1 1
1608802452998612249 : Checking image 1 crop x2 2477
1608802452998641149 : Checking image 1 crop y2 3500
1608802457695679536 : Checking image 2 crop x1 167
1608802457695802037 : Checking image 2 crop y1 234
1608802457695834237 : Checking image 2 crop x2 2246
1608802457695863437 : Checking image 2 crop y2 3355
1608802457729804855 : Checking image 1 dpi 300
1608802457729912855 : Checking image 1 border top 4
1608802457729945856 : Checking image 1 border bottom 4
1608802457729972656 : Checking image 1 border left 19
1608802457729999456 : Checking image 1 border right 19
1608802457732809774 : Checking image 2 dpi 300
1608802457732896075 : Checking image 2 border top 218
1608802457732926075 : Checking image 2 border bottom 148
1608802457732952775 : Checking image 2 border left 190
1608802457733007475 : Checking image 2 border right 190

</system-out><system-err>--------------------------------- Captured Err ---------------------------------

</system-err></testcase><testcase classname="tests.test_images" name="test_crop_too_much_png" time="93.626"><system-out>--------------------------------- Captured Log ---------------------------------

--------------------------------- Captured Out ---------------------------------
/home/runner/work/ocr-book/ocr-book/tests/crop_too_much.png
1608802500556298058 : Checking separation double page angle 90.13239409272954
1608802500556403158 : Checking separation double page y=0 2455
1608802514015680353 : Checking page rotation 1 0.0
1608802526421345444 : Checking page rotation 2 0.45
1608802530930507045 : Checking image 1 crop x1 303
1608802530930619146 : Checking image 1 crop y1 148
1608802530930650746 : Checking image 1 crop x2 2313
1608802530930678447 : Checking image 1 crop y2 3351
1608802535273026399 : Checking image 2 crop x1 168
1608802535273135801 : Checking image 2 crop y1 155
1608802535273168901 : Checking image 2 crop x2 2179
1608802535273198801 : Checking image 2 crop y2 3359
1608802535312229843 : Checking image 1 dpi 300
1608802535312333544 : Checking image 1 border top 132
1608802535312366445 : Checking image 1 border bottom 152
1608802535312395945 : Checking image 1 border left 225
1608802535312423645 : Checking image 1 border right 225
1608802535314568270 : Checking image 2 dpi 300
1608802535314648870 : Checking image 2 border top 140
1608802535314682071 : Checking image 2 border bottom 143
1608802535314708671 : Checking image 2 border left 224
1608802535314739771 : Checking image 2 border right 224

</system-out><system-err>--------------------------------- Captured Err ---------------------------------

</system-err></testcase><testcase classname="tests.test_images" name="test_image_failed_to_crop_data_png" time="59.855"><system-out>--------------------------------- Captured Log ---------------------------------

--------------------------------- Captured Out ---------------------------------
/home/runner/work/ocr-book/ocr-book/tests/image_failed_to_crop_data.png
1608802487902710536 : Checking separation double page angle 90.053197600644
1608802487902807837 : Checking separation double page y=0 2480
1608802492827359141 : Checking page rotation 1 0.2
1608802499544366285 : Checking page rotation 2 0.0
1608802512768029186 : Checking image 1 crop x1 47
1608802512768164187 : Checking image 1 crop y1 7
1608802512768203287 : Checking image 1 crop x2 2478
1608802512768237988 : Checking image 1 crop y2 3502
1608802517571517236 : Checking image 2 crop x1 160
1608802517571645538 : Checking image 2 crop y1 217
1608802517571681538 : Checking image 2 crop x2 2242
1608802517571715739 : Checking image 2 crop y2 3350
1608802517601539545 : Checking image 1 dpi 300
1608802517601661346 : Checking image 1 border top 6
1608802517601698147 : Checking image 1 border bottom 6
1608802517601729447 : Checking image 1 border left 25
1608802517601759947 : Checking image 1 border right 25
1608802517604629077 : Checking image 2 dpi 300
1608802517604731678 : Checking image 2 border top 206
1608802517604766078 : Checking image 2 border bottom 148
1608802517604796779 : Checking image 2 border left 189
1608802517604826579 : Checking image 2 border right 189

</system-out><system-err>--------------------------------- Captured Err ---------------------------------

</system-err></testcase><testcase classname="tests.test_images" name="test_wrong_angle_split_line_png" time="68.866"><system-out>--------------------------------- Captured Log ---------------------------------

--------------------------------- Captured Out ---------------------------------
/home/runner/work/ocr-book/ocr-book/tests/wrong_angle_split_line.png
1608802551628994230 : Checking separation double page angle 90.09193420006348
1608802551629099631 : Checking separation double page y=0 2478
1608802558621138636 : Checking page rotation 1 0.05
1608802567504408162 : Checking page rotation 2 0.0
1608802580205195396 : Checking image 1 crop x1 58
1608802580205323898 : Checking image 1 crop y1 7
1608802580205361598 : Checking image 1 crop x2 2472
1608802580205394598 : Checking image 1 crop y2 3505
1608802585728757707 : Checking image 2 crop x1 163
1608802585728888208 : Checking image 2 crop y1 217
1608802585728924709 : Checking image 2 crop x2 2246
1608802585728958109 : Checking image 2 crop y2 3350
1608802585875133063 : Checking image 1 dpi 300
1608802585875249465 : Checking image 1 border top 5
1608802585875287265 : Checking image 1 border bottom 5
1608802585875317765 : Checking image 1 border left 33
1608802585875348466 : Checking image 1 border right 33
1608802585882535147 : Checking image 2 dpi 300
1608802585882656048 : Checking image 2 border top 206
1608802585882690549 : Checking image 2 border bottom 148
1608802585882721449 : Checking image 2 border left 188
1608802585882751449 : Checking image 2 border right 188

</system-out><system-err>--------------------------------- Captured Err ---------------------------------

</system-err></testcase><testcase classname="tests.test_images" name="test_crop_too_few_png" time="45.546"><system-out>--------------------------------- Captured Log ---------------------------------

--------------------------------- Captured Out ---------------------------------
/home/runner/work/ocr-book/ocr-book/tests/crop_too_few.png
1608802561508068658 : Checking separation double page angle 89.54670238452755
1608802561508163459 : Checking separation double page y=0 2512
1608802568715604345 : Checking page rotation 1 -0.6499999999999977
1608802575855051301 : Checking page rotation 2 0.0
1608802578466214762 : Checking image 1 crop x1 263
1608802578466326063 : Checking image 1 crop y1 150
1608802578466358363 : Checking image 1 crop x2 2377
1608802578466387964 : Checking image 1 crop y2 3357
1608802580851750413 : Checking image 2 crop x1 137
1608802580851861214 : Checking image 2 crop y1 141
1608802580851893115 : Checking image 2 crop x2 2259
1608802580851922415 : Checking image 2 crop y2 3345
1608802580878432015 : Checking image 1 dpi 300
1608802580878536816 : Checking image 1 border top 129
1608802580878567017 : Checking image 1 border bottom 150
1608802580878594017 : Checking image 1 border left 173
1608802580878620717 : Checking image 1 border right 173
1608802580880804142 : Checking image 2 dpi 300
1608802580880879843 : Checking image 2 border top 130
1608802580880910743 : Checking image 2 border bottom 153
1608802580880939244 : Checking image 2 border left 169
1608802580880985444 : Checking image 2 border right 169

</system-out><system-err>--------------------------------- Captured Err ---------------------------------

</system-err></testcase><testcase classname="tests.test_images" name="test_crop_too_much_2_png" time="91.331"><system-out>--------------------------------- Captured Log ---------------------------------

--------------------------------- Captured Out ---------------------------------
/home/runner/work/ocr-book/ocr-book/tests/crop_too_much_2.png
1608802632842614066 : Checking separation double page angle 90.1149074900787
1608802632842711267 : Checking separation double page y=0 2478
1608802646166507066 : Checking page rotation 1 0.2
1608802662821647191 : Checking page rotation 2 0.2
1608802666884583591 : Checking image 1 crop x1 332
1608802666884695893 : Checking image 1 crop y1 131
1608802666884727893 : Checking image 1 crop x2 2342
1608802666884755193 : Checking image 1 crop y2 3336
1608802672142600596 : Checking image 2 crop x1 162
1608802672142709497 : Checking image 2 crop y1 139
1608802672142741897 : Checking image 2 crop x2 2175
1608802672142772198 : Checking image 2 crop y2 3345
1608802672184896172 : Checking image 1 dpi 300
1608802672185033574 : Checking image 1 border top 119
1608802672185066274 : Checking image 1 border bottom 163
1608802672185094474 : Checking image 1 border left 225
1608802672185123675 : Checking image 1 border right 225
1608802672187344100 : Checking image 2 dpi 300
1608802672187424201 : Checking image 2 border top 130
1608802672187453001 : Checking image 2 border bottom 151
1608802672187482201 : Checking image 2 border left 223
1608802672187510002 : Checking image 2 border right 223

</system-out><system-err>--------------------------------- Captured Err ---------------------------------

</system-err></testcase><testcase classname="tests.test_images" name="test_angle_page_lower_split_line_png" time="57.632"><system-out>--------------------------------- Captured Log ---------------------------------

--------------------------------- Captured Out ---------------------------------
/home/runner/work/ocr-book/ocr-book/tests/angle_page_lower_split_line.png
1608802621301301095 : Checking separation double page angle 89.74927707086691
1608802621301404097 : Checking separation double page y=0 2474
1608802630287522675 : Checking page rotation 1 -0.4000000000000005
1608802637755746416 : Checking page rotation 2 0.2
1608802640908349021 : Checking image 1 crop x1 244
1608802640908483923 : Checking image 1 crop y1 160
1608802640908521123 : Checking image 1 crop x2 2350
1608802640908554224 : Checking image 1 crop y2 3365
1608802644128458322 : Checking image 2 crop x1 150
1608802644128589523 : Checking image 2 crop y1 147
1608802644128625624 : Checking image 2 crop x2 2257
1608802644128660024 : Checking image 2 crop y2 3350
1608802644163061311 : Checking image 1 dpi 300
1608802644163180013 : Checking image 1 border top 144
1608802644163214913 : Checking image 1 border bottom 138
1608802644163245913 : Checking image 1 border left 177
1608802644163276014 : Checking image 1 border right 177
1608802644166096445 : Checking image 2 dpi 300
1608802644166186346 : Checking image 2 border top 130
1608802644166218947 : Checking image 2 border bottom 154
1608802644166252947 : Checking image 2 border left 176
1608802644166283448 : Checking image 2 border right 176

</system-out><system-err>--------------------------------- Captured Err ---------------------------------

</system-err></testcase><testcase classname="tests.test_images" name="test_wrong_wave_split_line_png" time="85.808"><system-out>--------------------------------- Captured Log ---------------------------------

--------------------------------- Captured Out ---------------------------------
/home/runner/work/ocr-book/ocr-book/tests/wrong_wave_split_line.png
1608802689409210311 : Checking separation double page angle 90.37878604107719
1608802689409320613 : Checking separation double page y=0 2500
1608802702062983778 : Checking page rotation 1 -0.14999999999999067
1608802712690551322 : Checking page rotation 2 0.85
1608802721149445755 : Checking image 1 crop x1 385
1608802721149573556 : Checking image 1 crop y1 179
1608802721149610757 : Checking image 1 crop x2 2411
1608802721149642157 : Checking image 1 crop y2 3374
1608802729912787970 : Checking image 2 crop x1 8
1608802729912915371 : Checking image 2 crop y1 0
1608802729912952872 : Checking image 2 crop x2 2415
1608802729913017672 : Checking image 2 crop y2 3505
1608802729961295516 : Checking image 1 dpi 300
1608802729961408217 : Checking image 1 border top 173
1608802729961442618 : Checking image 1 border bottom 119
1608802729961473618 : Checking image 1 border left 217
1608802729961503819 : Checking image 1 border right 217
1608802729964209449 : Checking image 2 dpi 300
1608802729964306950 : Checking image 2 border top 1
1608802729964341650 : Checking image 2 border bottom 1
1608802729964371851 : Checking image 2 border left 37
1608802729964402651 : Checking image 2 border right 37

</system-out><system-err>--------------------------------- Captured Err ---------------------------------

</system-err></testcase><testcase classname="tests.test_images" name="test_wrong_split_line_2_png" time="90.775"><system-out>--------------------------------- Captured Log ---------------------------------

--------------------------------- Captured Out ---------------------------------
/home/runner/work/ocr-book/ocr-book/tests/wrong_split_line_2.png
1608802718123251255 : Checking separation double page angle 90.19944704411863
1608802718123352256 : Checking separation double page y=0 2437
1608802731211835778 : Checking page rotation 1 0.2
1608802746588833812 : Checking page rotation 2 0.4
1608802753456559638 : Checking image 1 crop x1 294
1608802753456680639 : Checking image 1 crop y1 136
1608802753456714940 : Checking image 1 crop x2 2325
1608802753456746740 : Checking image 1 crop y2 3376
1608802762915669855 : Checking image 2 crop x1 140
1608802762915785156 : Checking image 2 crop y1 192
1608802762915821057 : Checking image 2 crop x2 2167
1608802762915854757 : Checking image 2 crop y2 3386
1608802762959857053 : Checking image 1 dpi 300
1608802762959977155 : Checking image 1 border top 131
1608802762960011455 : Checking image 1 border bottom 116
1608802762960042455 : Checking image 1 border left 214
1608802762960072356 : Checking image 1 border right 214
1608802762962248680 : Checking image 2 dpi 300
1608802762962335481 : Checking image 2 border top 183
1608802762962368782 : Checking image 2 border bottom 110
1608802762962399382 : Checking image 2 border left 216
1608802762962430082 : Checking image 2 border right 216

</system-out><system-err>--------------------------------- Captured Err ---------------------------------

</system-err></testcase><testcase classname="tests.test_images" name="test_no_split_line_line_algo_png" time="53.668"><system-out>--------------------------------- Captured Log ---------------------------------

--------------------------------- Captured Out ---------------------------------
/home/runner/work/ocr-book/ocr-book/tests/no_split_line_line_algo.png
1608802760707189864 : Checking separation double page angle 89.47691469185418
1608802760707289665 : Checking separation double page y=0 2476
1608802766014545589 : Checking page rotation 1 -0.14999999999999067
1608802777425262933 : Checking page rotation 2 -0.44999999999999746
1608802779695122893 : Checking image 1 crop x1 205
1608802779695241595 : Checking image 1 crop y1 158
1608802779695273395 : Checking image 1 crop x2 2320
1608802779695302296 : Checking image 1 crop y2 3366
1608802783622135925 : Checking image 2 crop x1 185
1608802783622258126 : Checking image 2 crop y1 221
1608802783622290827 : Checking image 2 crop x2 2201
1608802783622320227 : Checking image 2 crop y2 3366
1608802783656393711 : Checking image 1 dpi 300
1608802783656508112 : Checking image 1 border top 144
1608802783656539112 : Checking image 1 border bottom 134
1608802783656566913 : Checking image 1 border left 172
1608802783656598913 : Checking image 1 border right 172
1608802783659302644 : Checking image 2 dpi 300
1608802783659389245 : Checking image 2 border top 219
1608802783659418045 : Checking image 2 border bottom 123
1608802783659444945 : Checking image 2 border left 222
1608802783659471746 : Checking image 2 border right 222

</system-out><system-err>--------------------------------- Captured Err ---------------------------------

</system-err></testcase><testcase classname="tests.test_images" name="test_small_wave_png" time="77.046"><system-out>--------------------------------- Captured Log ---------------------------------

--------------------------------- Captured Out ---------------------------------
/home/runner/work/ocr-book/ocr-book/tests/small_wave.png
1608802811452124404 : Checking separation double page angle 90.58816928841564
1608802811452224005 : Checking separation double page y=0 2497
1608802823631497436 : Checking page rotation 1 0.65
1608802834398092273 : Checking page rotation 2 0.75
1608802837270734046 : Checking image 1 crop x1 320
1608802837270848847 : Checking image 1 crop y1 199
1608802837270884348 : Checking image 1 crop x2 2353
1608802837270917848 : Checking image 1 crop y2 3394
1608802839970836675 : Checking image 2 crop x1 132
1608802839970946176 : Checking image 2 crop y1 224
1608802839970982676 : Checking image 2 crop x2 2160
1608802839971015577 : Checking image 2 crop y2 3419
1608802840007451987 : Checking image 1 dpi 300
1608802840007553788 : Checking image 1 border top 179
1608802840007587989 : Checking image 1 border bottom 112
1608802840007619289 : Checking image 1 border left 213
1608802840007648889 : Checking image 1 border right 213
1608802840009867614 : Checking image 2 dpi 300
1608802840009948415 : Checking image 2 border top 197
1608802840009981816 : Checking image 2 border bottom 95
1608802840010012216 : Checking image 2 border left 216
1608802840010043416 : Checking image 2 border right 216

</system-out><system-err>--------------------------------- Captured Err ---------------------------------

</system-err></testcase><testcase classname="tests.test_images" name="test_failed_split_line_line_algo_png" time="26.179"><system-out>--------------------------------- Captured Log ---------------------------------

--------------------------------- Captured Out ---------------------------------
/home/runner/work/ocr-book/ocr-book/tests/failed_split_line_line_algo.png
1608802800795109268 : Checking separation double page angle 90.04134220573248
1608802800795212470 : Checking separation double page y=0 2573
1608802804059482761 : Checking page rotation 1 -0.14999999999999067
1608802806124951197 : Checking page rotation 2 0.0
1608802808354706782 : Checking image 1 crop x1 407
1608802808354832183 : Checking image 1 crop y1 2925
1608802808354867583 : Checking image 1 crop x2 2419
1608802808354898484 : Checking image 1 crop y2 3174
1608802809850728012 : Checking image 2 crop x1 1184
1608802809850838313 : Checking image 2 crop y1 1748
1608802809850872313 : Checking image 2 crop x2 1185
1608802809850903814 : Checking image 2 crop y2 1749
1608802809851179217 : Checking image 1 dpi 300
1608802809851261918 : Checking image 1 border top 2922
1608802809851293718 : Checking image 1 border bottom 316
1608802809851324818 : Checking image 1 border left 224
1608802809851355119 : Checking image 1 border right 224
1608802809852712534 : Checking image 2 dpi 300
1608802809852789235 : Checking image 2 border top 1752
1608802809852821135 : Checking image 2 border bottom 1753
1608802809852851636 : Checking image 2 border left 1239
1608802809852881236 : Checking image 2 border right 1239

</system-out><system-err>--------------------------------- Captured Err ---------------------------------

</system-err></testcase><testcase classname="tests.test_images" name="test_failed_split_line_line_algo_2_png" time="68.896"><system-out>--------------------------------- Captured Log ---------------------------------

--------------------------------- Captured Out ---------------------------------
/home/runner/work/ocr-book/ocr-book/tests/failed_split_line_line_algo_2.png
1608802850382807022 : Checking separation double page angle 90.03068774449687
1608802850382909923 : Checking separation double page y=0 2500
1608802863474525348 : Checking page rotation 1 0.0
1608802873252071133 : Checking page rotation 2 0.6000000000000001
1608802875940224122 : Checking image 1 crop x1 272
1608802875940342224 : Checking image 1 crop y1 149
1608802875940373824 : Checking image 1 crop x2 2383
1608802875940402324 : Checking image 1 crop y2 3353
1608802878699335203 : Checking image 2 crop x1 121
1608802878699456804 : Checking image 2 crop y1 155
1608802878699489204 : Checking image 2 crop x2 2244
1608802878699518905 : Checking image 2 crop y2 3350
1608802878733790991 : Checking image 1 dpi 300
1608802878733899792 : Checking image 1 border top 138
1608802878733929692 : Checking image 1 border bottom 145
1608802878733956993 : Checking image 1 border left 174
1608802878733984893 : Checking image 1 border right 174
1608802878736332520 : Checking image 2 dpi 300
1608802878736406620 : Checking image 2 border top 136
1608802878736435521 : Checking image 2 border bottom 156
1608802878736463221 : Checking image 2 border left 168
1608802878736489621 : Checking image 2 border right 168

</system-out><system-err>--------------------------------- Captured Err ---------------------------------

</system-err></testcase><testcase classname="tests.test_images" name="test_wrong_split_line_3_png" time="65.595"><system-out>--------------------------------- Captured Log ---------------------------------

--------------------------------- Captured Out ---------------------------------
/home/runner/work/ocr-book/ocr-book/tests/wrong_split_line_3.png
1608802877820463203 : Checking separation double page angle 90.43729500214694
1608802877820559604 : Checking separation double page y=0 2498
1608802890131496693 : Checking page rotation 1 0.30000000000000004
1608802899237031823 : Checking page rotation 2 0.9
1608802902663296733 : Checking image 1 crop x1 331
1608802902663407435 : Checking image 1 crop y1 165
1608802902663442535 : Checking image 1 crop x2 2375
1608802902663475235 : Checking image 1 crop y2 3376
1608802905582012424 : Checking image 2 crop x1 102
1608802905582119926 : Checking image 2 crop y1 208
1608802905582155726 : Checking image 2 crop x2 2133
1608802905582186826 : Checking image 2 crop y2 3413
1608802905616520313 : Checking image 1 dpi 300
1608802905616630115 : Checking image 1 border top 157
1608802905616664315 : Checking image 1 border bottom 119
1608802905616695015 : Checking image 1 border left 208
1608802905616724916 : Checking image 1 border right 208
1608802905618941041 : Checking image 2 dpi 300
1608802905619029042 : Checking image 2 border top 187
1608802905619061642 : Checking image 2 border bottom 95
1608802905619092142 : Checking image 2 border left 214
1608802905619122543 : Checking image 2 border right 214

</system-out><system-err>--------------------------------- Captured Err ---------------------------------

</system-err></testcase><testcase classname="tests.test_images" name="test_crop_too_much_3_png" time="67.840"><system-out>--------------------------------- Captured Log ---------------------------------

--------------------------------- Captured Out ---------------------------------
/home/runner/work/ocr-book/ocr-book/tests/crop_too_much_3.png
1608802917880668773 : Checking separation double page angle 89.49330634783144
1608802917880777074 : Checking separation double page y=0 2498
1608802927177904874 : Checking page rotation 1 -0.8999999999999949
1608802939085632970 : Checking page rotation 2 -0.14999999999999067
1608802942625726755 : Checking image 1 crop x1 374
1608802942625844956 : Checking image 1 crop y1 258
1608802942625876957 : Checking image 1 crop x2 2385
1608802942625905257 : Checking image 1 crop y2 3459
1608802946533588284 : Checking image 2 crop x1 168
1608802946533703085 : Checking image 2 crop y1 228
1608802946533734786 : Checking image 2 crop x2 2181
1608802946533764786 : Checking image 2 crop y2 3417
1608802946571877015 : Checking image 1 dpi 300
1608802946571984217 : Checking image 1 border top 239
1608802946572015617 : Checking image 1 border bottom 47
1608802946572046517 : Checking image 1 border left 224
1608802946572075418 : Checking image 1 border right 224
1608802946574445944 : Checking image 2 dpi 300
1608802946574522245 : Checking image 2 border top 209
1608802946574550446 : Checking image 2 border bottom 89
1608802946574577246 : Checking image 2 border left 223
1608802946574605246 : Checking image 2 border right 223

</system-out><system-err>--------------------------------- Captured Err ---------------------------------

</system-err></testcase><testcase classname="tests.test_images" name="test_wrong_wave_split_line_2_png" time="72.437"><system-out>--------------------------------- Captured Log ---------------------------------

--------------------------------- Captured Out ---------------------------------
/home/runner/work/ocr-book/ocr-book/tests/wrong_wave_split_line_2.png
1608802946834779578 : Checking separation double page angle 90.7708958311329
1608802946834880079 : Checking separation double page y=0 2490
1608802956859163818 : Checking page rotation 1 0.4
1608802969401270510 : Checking page rotation 2 1.8
1608802972482766310 : Checking image 1 crop x1 224
1608802972482868812 : Checking image 1 crop y1 147
1608802972482900512 : Checking image 1 crop x2 2337
1608802972482929312 : Checking image 1 crop y2 3355
1608802978023742271 : Checking image 2 crop x1 107
1608802978023848172 : Checking image 2 crop y1 197
1608802978023880172 : Checking image 2 crop x2 2229
1608802978023909772 : Checking image 2 crop y2 3396
1608802978063100814 : Checking image 1 dpi 300
1608802978063213015 : Checking image 1 border top 137
1608802978063245315 : Checking image 1 border bottom 142
1608802978063272215 : Checking image 1 border left 173
1608802978063299616 : Checking image 1 border right 173
1608802978065444740 : Checking image 2 dpi 300
1608802978065521341 : Checking image 2 border top 171
1608802978065550041 : Checking image 2 border bottom 116
1608802978065576741 : Checking image 2 border left 169
1608802978065603042 : Checking image 2 border right 169

</system-out><system-err>--------------------------------- Captured Err ---------------------------------

</system-err></testcase><testcase classname="tests.test_images" name="test_wrong_wave_split_line_3_png" time="62.792"><system-out>--------------------------------- Captured Log ---------------------------------

--------------------------------- Captured Out ---------------------------------
/home/runner/work/ocr-book/ocr-book/tests/wrong_wave_split_line_3.png
1608802985323162600 : Checking separation double page angle 90.05826063695574
1608802985323273301 : Checking separation double page y=0 2514
1608802995531298604 : Checking page rotation 1 0.05
1608803003598094531 : Checking page rotation 2 0.30000000000000004
1608803006784784617 : Checking image 1 crop x1 273
1608803006784903019 : Checking image 1 crop y1 220
1608803006784943219 : Checking image 1 crop x2 2383
1608803006784996220 : Checking image 1 crop y2 3423
1608803009344619644 : Checking image 2 crop x1 114
1608803009344738345 : Checking image 2 crop y1 226
1608803009344770146 : Checking image 2 crop x2 2237
1608803009344800446 : Checking image 2 crop y2 3414
1608803009376291401 : Checking image 1 dpi 300
1608803009376398802 : Checking image 1 border top 202
1608803009376429002 : Checking image 1 border bottom 82
1608803009376456803 : Checking image 1 border left 175
1608803009376484203 : Checking image 1 border right 175
1608803009379046932 : Checking image 2 dpi 300
1608803009379136333 : Checking image 2 border top 207
1608803009379165733 : Checking image 2 border bottom 92
1608803009379192633 : Checking image 2 border left 168
1608803009379219934 : Checking image 2 border right 168

</system-out><system-err>--------------------------------- Captured Err ---------------------------------

</system-err></testcase><testcase classname="tests.test_images" name="test_no_split_line_wave_algo_png" time="70.331"><system-out>--------------------------------- Captured Log ---------------------------------

--------------------------------- Captured Out ---------------------------------
/home/runner/work/ocr-book/ocr-book/tests/no_split_line_wave_algo.png
1608803013495077492 : Checking separation double page angle 89.72500000000001
1608803013495189393 : Checking separation double page y=0 2484
1608803019623116592 : Checking page rotation 1 0.0
1608803029335683494 : Checking page rotation 2 -0.49999999999999434
1608803040551305954 : Checking image 1 crop x1 97
1608803040551377255 : Checking image 1 crop y1 79
1608803040551407655 : Checking image 1 crop x2 2494
1608803040551435755 : Checking image 1 crop y2 3505
1608803048333442382 : Checking image 2 crop x1 163
1608803048333545884 : Checking image 2 crop y1 266
1608803048333580184 : Checking image 2 crop x2 2238
1608803048333609884 : Checking image 2 crop y2 3381
1608803048366985760 : Checking image 1 dpi 300
1608803048367089061 : Checking image 1 border top 41
1608803048367119561 : Checking image 1 border bottom 41
1608803048367146962 : Checking image 1 border left 42
1608803048367174162 : Checking image 1 border right 42
1608803048369402087 : Checking image 2 dpi 300
1608803048369479888 : Checking image 2 border top 252
1608803048369508188 : Checking image 2 border bottom 120
1608803048369535488 : Checking image 2 border left 192
1608803048369562189 : Checking image 2 border right 192

</system-out><system-err>--------------------------------- Captured Err ---------------------------------

</system-err></testcase><testcase classname="tests.test_images" name="test_no_split_line_wave_algo_2_png" time="53.731"><system-out>--------------------------------- Captured Log ---------------------------------

--------------------------------- Captured Out ---------------------------------
/home/runner/work/ocr-book/ocr-book/tests/no_split_line_wave_algo_2.png
1608803039661061588 : Checking separation double page angle 90.54999999999998
1608803039661181289 : Checking separation double page y=0 2478
1608803048303250243 : Checking page rotation 1 1.1500000000000001
1608803057402925596 : Checking page rotation 2 0.2
1608803060357832959 : Checking image 1 crop x1 266
1608803060357952758 : Checking image 1 crop y1 209
1608803060357987958 : Checking image 1 crop x2 2342
1608803060358022058 : Checking image 1 crop y2 3413
1608803063065184391 : Checking image 2 crop x1 168
1608803063065309393 : Checking image 2 crop y1 241
1608803063065345793 : Checking image 2 crop x2 2251
1608803063065378794 : Checking image 2 crop y2 3433
1608803063101766103 : Checking image 1 dpi 300
1608803063101882404 : Checking image 1 border top 191
1608803063101917405 : Checking image 1 border bottom 92
1608803063101948505 : Checking image 1 border left 192
1608803063101978505 : Checking image 1 border right 192
1608803063104425833 : Checking image 2 dpi 300
1608803063104504534 : Checking image 2 border top 224
1608803063104537234 : Checking image 2 border bottom 71
1608803063104567834 : Checking image 2 border left 188
1608803063104597935 : Checking image 2 border right 188

</system-out><system-err>--------------------------------- Captured Err ---------------------------------

</system-err></testcase><testcase classname="tests.test_images" name="test_crop_too_few_2_png" time="47.341"><system-out>--------------------------------- Captured Log ---------------------------------

--------------------------------- Captured Out ---------------------------------
/home/runner/work/ocr-book/ocr-book/tests/crop_too_few_2.png
1608803076510327743 : Checking separation double page angle 90.30476192320097
1608803076510420844 : Checking separation double page y=0 2531
1608803083850781447 : Checking page rotation 1 1.2000000000000002
1608803089893438959 : Checking page rotation 2 -0.04999999999999689
1608803092757031314 : Checking image 1 crop x1 287
1608803092757134415 : Checking image 1 crop y1 165
1608803092757164215 : Checking image 1 crop x2 2398
1608803092757192215 : Checking image 1 crop y2 3368
1608803095728075409 : Checking image 2 crop x1 149
1608803095728177709 : Checking image 2 crop y1 189
1608803095728208709 : Checking image 2 crop x2 2273
1608803095728236810 : Checking image 2 crop y2 3386
1608803095758070592 : Checking image 1 dpi 300
1608803095758170793 : Checking image 1 border top 157
1608803095758201193 : Checking image 1 border bottom 127
1608803095758228693 : Checking image 1 border left 174
1608803095758256793 : Checking image 1 border right 174
1608803095760372806 : Checking image 2 dpi 300
1608803095760445807 : Checking image 2 border top 181
1608803095760473807 : Checking image 2 border bottom 109
1608803095760500807 : Checking image 2 border left 168
1608803095760527607 : Checking image 2 border right 168

</system-out><system-err>--------------------------------- Captured Err ---------------------------------

</system-err></testcase><testcase classname="tests.test_images" name="test_failed_detect_rectangle_png" time="65.621"><system-out>--------------------------------- Captured Log ---------------------------------

--------------------------------- Captured Out ---------------------------------
/home/runner/work/ocr-book/ocr-book/tests/failed_detect_rectangle.png
1608803100435659233 : Checking separation double page angle 90.19837516213148
1608803100435759834 : Checking separation double page y=0 2474
1608803109899879037 : Checking page rotation 1 0.2
1608803121855619893 : Checking page rotation 2 0.2
1608803125593377833 : Checking image 1 crop x1 257
1608803125593507234 : Checking image 1 crop y1 201
1608803125593543434 : Checking image 1 crop x2 2333
1608803125593575334 : Checking image 1 crop y2 3402
1608803128671994689 : Checking image 2 crop x1 136
1608803128672119490 : Checking image 2 crop y1 215
1608803128672155290 : Checking image 2 crop x2 2219
1608803128672189390 : Checking image 2 crop y2 3406
1608803128715192369 : Checking image 1 dpi 300
1608803128715312470 : Checking image 1 border top 188
1608803128715347470 : Checking image 1 border bottom 97
1608803128715379770 : Checking image 1 border left 192
1608803128715410671 : Checking image 1 border right 192
1608803128718021987 : Checking image 2 dpi 300
1608803128718108988 : Checking image 2 border top 200
1608803128718140788 : Checking image 2 border bottom 95
1608803128718170788 : Checking image 2 border left 188
1608803128718201789 : Checking image 2 border right 188

</system-out><system-err>--------------------------------- Captured Err ---------------------------------

</system-err></testcase><testcase classname="tests.test_images" name="test_single_page_png" time="22.083"><system-out>--------------------------------- Captured Log ---------------------------------

--------------------------------- Captured Out ---------------------------------
/home/runner/work/ocr-book/ocr-book/tests/single_page.png
1608803105682753977 : Checking separation double page angle 90.04999999999998
1608803105682871278 : Checking separation double page y=0 2476
1608803110408488804 : Checking page rotation 1 0.0
1608803110875376827 : Checking page rotation 2 0.0
1608803117113858761 : Checking image 1 crop x1 1
1608803117113937461 : Checking image 1 crop y1 8
1608803117113967461 : Checking image 1 crop x2 2470
1608803117113995162 : Checking image 1 crop y2 3505
1608803117578535512 : Checking image 2 crop x1 0
1608803117578607612 : Checking image 2 crop y1 0
1608803117578633712 : Checking image 2 crop x2 0
1608803117578658112 : Checking image 2 crop y2 0
1608803117578727413 : Checking image 1 dpi 300
1608803117578781213 : Checking image 1 border top 5
1608803117578812513 : Checking image 1 border bottom 5
1608803117578838914 : Checking image 1 border left 6
1608803117578866714 : Checking image 1 border right 6
1608803117585007554 : Checking image 2 border top 0
1608803117585072254 : Checking image 2 border bottom 0
1608803117585098255 : Checking image 2 border left 0
1608803117585123855 : Checking image 2 border right 0

</system-out><system-err>--------------------------------- Captured Err ---------------------------------

</system-err></testcase><testcase classname="tests.test_images" name="test_wrong_split_line_4_png" time="32.186"><system-out>--------------------------------- Captured Log ---------------------------------

--------------------------------- Captured Out ---------------------------------
/home/runner/work/ocr-book/ocr-book/tests/wrong_split_line_4.png
1608803136947494430 : Checking separation double page angle 91.04999999999998
1608803136947589731 : Checking separation double page y=0 60
1608803137190320974 : Checking page rotation 1 1.05
1608803145736625010 : Checking page rotation 2 1.1500000000000001
1608803146257050533 : Checking image 1 crop x1 0
1608803146257113033 : Checking image 1 crop y1 0
1608803146257138733 : Checking image 1 crop x2 0
1608803146257163234 : Checking image 1 crop y2 0
1608803150027353088 : Checking image 2 crop x1 292
1608803150027442388 : Checking image 2 crop y1 330
1608803150027473589 : Checking image 2 crop x2 2314
1608803150027499689 : Checking image 2 crop y2 3218
1608803150062966615 : Checking image 1 border top 0
1608803150063026416 : Checking image 1 border bottom 0
1608803150063053616 : Checking image 1 border left 0
1608803150063080816 : Checking image 1 border right 0
1608803150063128617 : Checking image 2 dpi 300
1608803150063197417 : Checking image 2 border top 322
1608803150063225717 : Checking image 2 border bottom 277
1608803150063252417 : Checking image 2 border left 219
1608803150063278417 : Checking image 2 border right 219

</system-out><system-err>--------------------------------- Captured Err ---------------------------------

</system-err></testcase><testcase classname="tests.test_images" name="test_no_split_line_wave_algo_3_png" time="17.931"><system-out>--------------------------------- Captured Log ---------------------------------

--------------------------------- Captured Out ---------------------------------
/home/runner/work/ocr-book/ocr-book/tests/no_split_line_wave_algo_3.png
1608803139011576151 : Checking separation double page angle 90.14999999999998
1608803139011689052 : Checking separation double page y=0 2408
1608803141736418798 : Checking page rotation 1 0.0
1608803142108751747 : Checking page rotation 2 0.35
1608803146127285579 : Checking image 1 crop x1 184
1608803146127400280 : Checking image 1 crop y1 2957
1608803146127435080 : Checking image 1 crop x2 2201
1608803146127467581 : Checking image 1 crop y2 3202
1608803146646347394 : Checking image 2 crop x1 0
1608803146646418794 : Checking image 2 crop y1 0
1608803146646448994 : Checking image 2 crop x2 0
1608803146646477094 : Checking image 2 crop y2 0
1608803146646563495 : Checking image 1 dpi 300
1608803146646631395 : Checking image 1 border top 2950
1608803146646662396 : Checking image 1 border bottom 292
1608803146646692796 : Checking image 1 border left 221
1608803146646723596 : Checking image 1 border right 221
1608803146652127432 : Checking image 2 border top 0
1608803146652188632 : Checking image 2 border bottom 0
1608803146652217532 : Checking image 2 border left 0
1608803146652246632 : Checking image 2 border right 0

</system-out><system-err>--------------------------------- Captured Err ---------------------------------

</system-err></testcase><testcase classname="tests.test_images" name="test_failed_split_line_line_algo_3_png" time="23.842"><system-out>--------------------------------- Captured Log ---------------------------------

--------------------------------- Captured Out ---------------------------------
/home/runner/work/ocr-book/ocr-book/tests/failed_split_line_line_algo_3.png
1608803162726891555 : Checking separation double page angle 90.0
1608803162726999255 : Checking separation double page y=0 40
1608803162870377370 : Checking page rotation 1 0.0
1608803167407029573 : Checking page rotation 2 0.0
1608803167761818006 : Checking image 1 crop x1 0
1608803167761889807 : Checking image 1 crop y1 0
1608803167761912807 : Checking image 1 crop x2 0
1608803167761935007 : Checking image 1 crop y2 0
1608803173885843719 : Checking image 2 crop x1 246
1608803173885931120 : Checking image 2 crop y1 154
1608803173885958420 : Checking image 2 crop x2 2259
1608803173885984120 : Checking image 2 crop y2 3361
1608803173915600159 : Checking image 1 border top 0
1608803173915656759 : Checking image 1 border bottom 0
1608803173915682659 : Checking image 1 border left 0
1608803173915707859 : Checking image 1 border right 0
1608803173915752659 : Checking image 2 dpi 300
1608803173915822559 : Checking image 2 border top 146
1608803173915847659 : Checking image 2 border bottom 134
1608803173915871459 : Checking image 2 border left 223
1608803173915895560 : Checking image 2 border right 223

</system-out><system-err>--------------------------------- Captured Err ---------------------------------

</system-err></testcase></testsuite></testsuites>