<?xml version="1.0" encoding="utf-8"?><testsuites><testsuite name="pytest" errors="0" failures="0" skipped="0" tests="32" time="944.266" timestamp="2020-12-08T02:54:25.933202" hostname="fv-az67-325"><testcase classname="tests.test_features" name="test_disabled_enable_debug" time="45.416"><system-out>--------------------------------- Captured Log ---------------------------------

--------------------------------- Captured Out ---------------------------------
/home/runner/work/ocr-book/ocr-book/tests/0001_debug.png
separation double page angle 90.57780420099763
separation double page y=0 2487
page rotation 1 0.75
page rotation 2 0.2
image 1 crop x1 330
image 1 crop y1 336
image 1 crop x2 2343
image 1 crop y2 3223
image 2 crop x1 169
image 2 crop y1 648
image 2 crop x2 2186
image 2 crop y2 3361
image 1 dpi 300
image 1 border top 318
image 1 border bottom 282
image 1 border left 223
image 1 border right 223
image 2 dpi 300
image 2 border top 643
image 2 border bottom 131
image 2 border left 221
image 2 border right 221

</system-out><system-err>--------------------------------- Captured Err ---------------------------------

</system-err></testcase><testcase classname="tests.test_features" name="test_mock_stop_at_0" time="0.067"><system-out>--------------------------------- Captured Log ---------------------------------

--------------------------------- Captured Out ---------------------------------
/home/runner/work/ocr-book/ocr-book/tests/0001_0.png

</system-out><system-err>--------------------------------- Captured Err ---------------------------------

</system-err></testcase><testcase classname="tests.test_features" name="test_mock_stop_at_2" time="39.661"><system-out>--------------------------------- Captured Log ---------------------------------

--------------------------------- Captured Out ---------------------------------
/home/runner/work/ocr-book/ocr-book/tests/0001_2.png
separation double page angle 90.57780420099763
separation double page y=0 2487
page rotation 1 0.75
page rotation 2 0.2

</system-out><system-err>--------------------------------- Captured Err ---------------------------------

</system-err></testcase><testcase classname="tests.test_features" name="test_mock_stop_at_4" time="44.103"><system-out>--------------------------------- Captured Log ---------------------------------

--------------------------------- Captured Out ---------------------------------
/home/runner/work/ocr-book/ocr-book/tests/0001_4.png
separation double page angle 90.57780420099763
separation double page y=0 2487
page rotation 1 0.75
page rotation 2 0.2
image 1 crop x1 330
image 1 crop y1 336
image 1 crop x2 2343
image 1 crop y2 3223
image 2 crop x1 169
image 2 crop y1 648
image 2 crop x2 2186
image 2 crop y2 3361
image 1 dpi 300
image 1 border top 318
image 1 border bottom 282
image 1 border left 223
image 1 border right 223
image 2 dpi 300
image 2 border top 643
image 2 border bottom 131
image 2 border left 221
image 2 border right 221

</system-out><system-err>--------------------------------- Captured Err ---------------------------------

</system-err></testcase><testcase classname="tests.test_features" name="test_mock_stop_at_1" time="26.071"><system-out>--------------------------------- Captured Log ---------------------------------

--------------------------------- Captured Out ---------------------------------
/home/runner/work/ocr-book/ocr-book/tests/0001_1.png
separation double page angle 90.57780420099763
separation double page y=0 2487

</system-out><system-err>--------------------------------- Captured Err ---------------------------------

</system-err></testcase><testcase classname="tests.test_features" name="test_mock_stop_at_3" time="42.960"><system-out>--------------------------------- Captured Log ---------------------------------

--------------------------------- Captured Out ---------------------------------
/home/runner/work/ocr-book/ocr-book/tests/0001_3.png
separation double page angle 90.57780420099763
separation double page y=0 2487
page rotation 1 0.75
page rotation 2 0.2
image 1 crop x1 330
image 1 crop y1 336
image 1 crop x2 2343
image 1 crop y2 3223
image 2 crop x1 169
image 2 crop y1 648
image 2 crop x2 2186
image 2 crop y2 3361

</system-out><system-err>--------------------------------- Captured Err ---------------------------------

</system-err></testcase><testcase classname="tests.test_images" name="test_0001_png" time="55.253"><system-out>--------------------------------- Captured Log ---------------------------------

--------------------------------- Captured Out ---------------------------------
/home/runner/work/ocr-book/ocr-book/tests/0001.png
1607396182629545991 : Checking separation double page angle 90.57780420099763
1607396182629676395 : Checking separation double page y=0 2487
1607396189663054994 : Checking page rotation 1 0.75
1607396198464677971 : Checking page rotation 2 0.2
1607396202374560856 : Checking image 1 crop x1 330
1607396202374667159 : Checking image 1 crop y1 336
1607396202374703361 : Checking image 1 crop x2 2343
1607396202374734862 : Checking image 1 crop y2 3223
1607396206036719605 : Checking image 2 crop x1 169
1607396206036837814 : Checking image 2 crop y1 648
1607396206036878817 : Checking image 2 crop x2 2186
1607396206036913420 : Checking image 2 crop y2 3361
1607396206073119066 : Checking image 1 dpi 300
1607396206073222375 : Checking image 1 border top 318
1607396206073260478 : Checking image 1 border bottom 282
1607396206073294180 : Checking image 1 border left 223
1607396206073326883 : Checking image 1 border right 223
1607396206075763674 : Checking image 2 dpi 300
1607396206075850781 : Checking image 2 border top 643
1607396206075885484 : Checking image 2 border bottom 131
1607396206075918287 : Checking image 2 border left 221
1607396206075951089 : Checking image 2 border right 221

</system-out><system-err>--------------------------------- Captured Err ---------------------------------

</system-err></testcase><testcase classname="tests.test_features" name="test_mock_stop_at_5" time="44.019"><system-out>--------------------------------- Captured Log ---------------------------------

--------------------------------- Captured Out ---------------------------------
/home/runner/work/ocr-book/ocr-book/tests/0001_5.png
separation double page angle 90.57780420099763
separation double page y=0 2487
page rotation 1 0.75
page rotation 2 0.2
image 1 crop x1 330
image 1 crop y1 336
image 1 crop x2 2343
image 1 crop y2 3223
image 2 crop x1 169
image 2 crop y1 648
image 2 crop x2 2186
image 2 crop y2 3361
image 1 dpi 300
image 1 border top 318
image 1 border bottom 282
image 1 border left 223
image 1 border right 223
image 2 dpi 300
image 2 border top 643
image 2 border bottom 131
image 2 border left 221
image 2 border right 221

</system-out><system-err>--------------------------------- Captured Err ---------------------------------

</system-err></testcase><testcase classname="tests.test_images" name="test_2_pages_2_contours_png" time="37.530"><system-out>--------------------------------- Captured Log ---------------------------------

--------------------------------- Captured Out ---------------------------------
/home/runner/work/ocr-book/ocr-book/tests/2-pages-2-contours.png
1607396228991316212 : Checking separation double page angle 89.91958537671144
1607396228991404518 : Checking separation double page y=0 2492
1607396231397859012 : Checking page rotation 1 0.05
1607396238260278390 : Checking page rotation 2 0.35000000000000003
1607396239855542571 : Checking image 1 crop x1 1189
1607396239855650479 : Checking image 1 crop y1 1748
1607396239855687381 : Checking image 1 crop x2 1190
1607396239855719384 : Checking image 1 crop y2 1749
1607396243585309158 : Checking image 2 crop x1 89
1607396243585423966 : Checking image 2 crop y1 240
1607396243585462369 : Checking image 2 crop x2 2136
1607396243585498272 : Checking image 2 crop y2 3239
1607396243620906154 : Checking image 1 dpi 300
1607396243621003262 : Checking image 1 border top 1753
1607396243621041964 : Checking image 1 border bottom 1753
1607396243621076167 : Checking image 1 border left 1239
1607396243621109269 : Checking image 1 border right 1239
1607396243622811793 : Checking image 2 dpi 300
1607396243622905000 : Checking image 2 border top 227
1607396243622943203 : Checking image 2 border bottom 261
1607396243622976305 : Checking image 2 border left 206
1607396243623008608 : Checking image 2 border right 206

</system-out><system-err>--------------------------------- Captured Err ---------------------------------

</system-err></testcase><testcase classname="tests.test_images" name="test_angle_page_lower_split_line_png" time="57.477"><system-out>--------------------------------- Captured Log ---------------------------------

--------------------------------- Captured Out ---------------------------------
/home/runner/work/ocr-book/ocr-book/tests/angle_page_lower_split_line.png
1607396262364956265 : Checking separation double page angle 89.75201324945476
1607396262365057472 : Checking separation double page y=0 2473
1607396270535261633 : Checking page rotation 1 -0.44999999999998863
1607396276666367809 : Checking page rotation 2 0.2
1607396279817419652 : Checking image 1 crop x1 245
1607396279817530259 : Checking image 1 crop y1 161
1607396279817581363 : Checking image 1 crop x2 2351
1607396279817614665 : Checking image 1 crop y2 3364
1607396282896595697 : Checking image 2 crop x1 151
1607396282896713305 : Checking image 2 crop y1 147
1607396282896751808 : Checking image 2 crop x2 2258
1607396282896786910 : Checking image 2 crop y2 3350
1607396282936100475 : Checking image 1 dpi 300
1607396282936214783 : Checking image 1 border top 141
1607396282936251385 : Checking image 1 border bottom 143
1607396282936284388 : Checking image 1 border left 177
1607396282936316990 : Checking image 1 border right 177
1607396282938495137 : Checking image 2 dpi 300
1607396282938581143 : Checking image 2 border top 129
1607396282938615746 : Checking image 2 border bottom 155
1607396282938648048 : Checking image 2 border left 176
1607396282938679950 : Checking image 2 border right 176

</system-out><system-err>--------------------------------- Captured Err ---------------------------------

</system-err></testcase><testcase classname="tests.test_images" name="test_black_border_not_removed_png" time="62.184"><system-out>--------------------------------- Captured Log ---------------------------------

--------------------------------- Captured Out ---------------------------------
/home/runner/work/ocr-book/ocr-book/tests/black-border-not-removed.png
1607396279090633521 : Checking separation double page angle 90.02895758682553
1607396279090724027 : Checking separation double page y=0 2456
1607396285930743950 : Checking page rotation 1 0.0
1607396296922141487 : Checking page rotation 2 0.0
1607396300684745941 : Checking image 1 crop x1 297
1607396300684866049 : Checking image 1 crop y1 143
1607396300684904051 : Checking image 1 crop x2 2309
1607396300684938254 : Checking image 1 crop y2 3346
1607396305761990519 : Checking image 2 crop x1 157
1607396305762104226 : Checking image 2 crop y1 145
1607396305762142528 : Checking image 2 crop x2 2169
1607396305762180231 : Checking image 2 crop y2 3352
1607396305799955390 : Checking image 1 dpi 300
1607396305800049696 : Checking image 1 border top 127
1607396305800101099 : Checking image 1 border bottom 157
1607396305800132101 : Checking image 1 border left 224
1607396305800167403 : Checking image 1 border right 224
1607396305802501655 : Checking image 2 dpi 300
1607396305802580660 : Checking image 2 border top 133
1607396305802614763 : Checking image 2 border bottom 147
1607396305802647165 : Checking image 2 border left 224
1607396305802679267 : Checking image 2 border right 224

</system-out><system-err>--------------------------------- Captured Err ---------------------------------

</system-err></testcase><testcase classname="tests.test_images" name="test_wrong_split_line_png" time="45.693"><system-out>--------------------------------- Captured Log ---------------------------------

--------------------------------- Captured Out ---------------------------------
/home/runner/work/ocr-book/ocr-book/tests/wrong_split_line.png
1607396310819890467 : Checking separation double page angle 89.85895720607971
1607396310819980173 : Checking separation double page y=0 2463
1607396316724597225 : Checking page rotation 1 -0.14999999999999147
1607396323473361387 : Checking page rotation 2 0.65
1607396325935756475 : Checking image 1 crop x1 213
1607396325935871883 : Checking image 1 crop y1 157
1607396325935910985 : Checking image 1 crop x2 2323
1607396325935947287 : Checking image 1 crop y2 3362
1607396328603721693 : Checking image 2 crop x1 126
1607396328603837701 : Checking image 2 crop y1 167
1607396328603877603 : Checking image 2 crop x2 2237
1607396328603914605 : Checking image 2 crop y2 3372
1607396328641099934 : Checking image 1 dpi 300
1607396328641214241 : Checking image 1 border top 135
1607396328641251044 : Checking image 1 border bottom 147
1607396328641284246 : Checking image 1 border left 175
1607396328641317148 : Checking image 1 border right 175
1607396328643125361 : Checking image 2 dpi 300
1607396328643204866 : Checking image 2 border top 139
1607396328643238668 : Checking image 2 border bottom 143
1607396328643272770 : Checking image 2 border left 174
1607396328643305272 : Checking image 2 border right 174

</system-out><system-err>--------------------------------- Captured Err ---------------------------------

</system-err></testcase><testcase classname="tests.test_images" name="test_image_failed_to_rotate_png" time="63.325"><system-out>--------------------------------- Captured Log ---------------------------------

--------------------------------- Captured Out ---------------------------------
/home/runner/work/ocr-book/ocr-book/tests/image_failed_to_rotate.png
1607396338080915210 : Checking separation double page angle 90.19634423290287
1607396338081007015 : Checking separation double page y=0 2482
1607396343528762503 : Checking page rotation 1 0.35000000000000003
1607396351682170205 : Checking page rotation 2 0.45
1607396363685152621 : Checking image 1 crop x1 34
1607396363685261027 : Checking image 1 crop y1 1
1607396363685302929 : Checking image 1 crop x2 2480
1607396363685349632 : Checking image 1 crop y2 3500
1607396368971607212 : Checking image 2 crop x1 169
1607396368971720818 : Checking image 2 crop y1 234
1607396368971759521 : Checking image 2 crop x2 2248
1607396368971800223 : Checking image 2 crop y2 3355
1607396369016827872 : Checking image 1 dpi 300
1607396369016931878 : Checking image 1 border top 4
1607396369016969680 : Checking image 1 border bottom 4
1607396369017000482 : Checking image 1 border left 17
1607396369017031184 : Checking image 1 border right 17
1607396369019531331 : Checking image 2 dpi 300
1607396369019615635 : Checking image 2 border top 221
1607396369019653938 : Checking image 2 border bottom 145
1607396369019686540 : Checking image 2 border left 190
1607396369019718942 : Checking image 2 border right 190

</system-out><system-err>--------------------------------- Captured Err ---------------------------------

</system-err></testcase><testcase classname="tests.test_images" name="test_crop_too_much_png" time="81.870"><system-out>--------------------------------- Captured Log ---------------------------------

--------------------------------- Captured Out ---------------------------------
/home/runner/work/ocr-book/ocr-book/tests/crop_too_much.png
1607396377533607404 : Checking separation double page angle 90.13239409272953
1607396377533700710 : Checking separation double page y=0 2453
1607396390083043688 : Checking page rotation 1 0.0
1607396401567563067 : Checking page rotation 2 0.45
1607396406140779775 : Checking image 1 crop x1 303
1607396406140890982 : Checking image 1 crop y1 148
1607396406140928584 : Checking image 1 crop x2 2313
1607396406140962085 : Checking image 1 crop y2 3351
1607396410444601958 : Checking image 2 crop x1 170
1607396410444722164 : Checking image 2 crop y1 155
1607396410444761467 : Checking image 2 crop x2 2181
1607396410444796469 : Checking image 2 crop y2 3359
1607396410495029654 : Checking image 1 dpi 300
1607396410495136260 : Checking image 1 border top 131
1607396410495172162 : Checking image 1 border bottom 153
1607396410495205264 : Checking image 1 border left 225
1607396410495237566 : Checking image 1 border right 225
1607396410496988663 : Checking image 2 dpi 300
1607396410497066567 : Checking image 2 border top 133
1607396410497100869 : Checking image 2 border bottom 150
1607396410497132671 : Checking image 2 border left 224
1607396410497166773 : Checking image 2 border right 224

</system-out><system-err>--------------------------------- Captured Err ---------------------------------

</system-err></testcase><testcase classname="tests.test_images" name="test_image_failed_to_crop_data_png" time="63.019"><system-out>--------------------------------- Captured Log ---------------------------------

--------------------------------- Captured Out ---------------------------------
/home/runner/work/ocr-book/ocr-book/tests/image_failed_to_crop_data.png
1607396402603524276 : Checking separation double page angle 89.91538216173362
1607396402603617182 : Checking separation double page y=0 2477
1607396408854811996 : Checking page rotation 1 0.2
1607396414858199428 : Checking page rotation 2 0.0
1607396427301593064 : Checking image 1 crop x1 58
1607396427301714570 : Checking image 1 crop y1 8
1607396427301754772 : Checking image 1 crop x2 2480
1607396427301790674 : Checking image 1 crop y2 3504
1607396432043292938 : Checking image 2 crop x1 159
1607396432043411845 : Checking image 2 crop y1 217
1607396432043450547 : Checking image 2 crop x2 2241
1607396432043486749 : Checking image 2 crop y2 3350
1607396432077759696 : Checking image 1 dpi 300
1607396432077863701 : Checking image 1 border top 6
1607396432077901903 : Checking image 1 border bottom 6
1607396432077951606 : Checking image 1 border left 29
1607396432077984808 : Checking image 1 border right 29
1607396432080478342 : Checking image 2 dpi 300
1607396432080561347 : Checking image 2 border top 206
1607396432080599349 : Checking image 2 border bottom 148
1607396432080632850 : Checking image 2 border left 189
1607396432080667252 : Checking image 2 border right 189

</system-out><system-err>--------------------------------- Captured Err ---------------------------------

</system-err></testcase><testcase classname="tests.test_images" name="test_crop_too_few_png" time="50.091"><system-out>--------------------------------- Captured Log ---------------------------------

--------------------------------- Captured Out ---------------------------------
/home/runner/work/ocr-book/ocr-book/tests/crop_too_few.png
1607396441510555638 : Checking separation double page angle 89.39669496435833
1607396441510642843 : Checking separation double page y=0 2510
1607396448338805010 : Checking page rotation 1 -0.75
1607396454623791913 : Checking page rotation 2 0.05
1607396457662522613 : Checking image 1 crop x1 265
1607396457662638519 : Checking image 1 crop y1 152
1607396457662677321 : Checking image 1 crop x2 2375
1607396457662710923 : Checking image 1 crop y2 3356
1607396460569808398 : Checking image 2 crop x1 135
1607396460569922604 : Checking image 2 crop y1 141
1607396460569960806 : Checking image 2 crop x2 2261
1607396460569997708 : Checking image 2 crop y2 3345
1607396460608241000 : Checking image 1 dpi 300
1607396460608348206 : Checking image 1 border top 134
1607396460608384907 : Checking image 1 border bottom 149
1607396460608417609 : Checking image 1 border left 175
1607396460608449711 : Checking image 1 border right 175
1607396460610568321 : Checking image 2 dpi 300
1607396460610649325 : Checking image 2 border top 129
1607396460610683527 : Checking image 2 border bottom 154
1607396460610717529 : Checking image 2 border left 167
1607396460610754031 : Checking image 2 border right 167

</system-out><system-err>--------------------------------- Captured Err ---------------------------------

</system-err></testcase><testcase classname="tests.test_images" name="test_wrong_angle_split_line_png" time="70.830"><system-out>--------------------------------- Captured Log ---------------------------------

--------------------------------- Captured Out ---------------------------------
/home/runner/work/ocr-book/ocr-book/tests/wrong_angle_split_line.png
1607396466978731472 : Checking separation double page angle 90.04193420006348
1607396466978825977 : Checking separation double page y=0 2477
1607396475082692205 : Checking page rotation 1 0.2
1607396484117052564 : Checking page rotation 2 0.2
1607396496662462578 : Checking image 1 crop x1 61
1607396496662579984 : Checking image 1 crop y1 7
1607396496662621386 : Checking image 1 crop x2 2475
1607396496662656888 : Checking image 1 crop y2 3500
1607396502018545110 : Checking image 2 crop x1 165
1607396502018656316 : Checking image 2 crop y1 219
1607396502018691318 : Checking image 2 crop x2 2241
1607396502018724719 : Checking image 2 crop y2 3348
1607396502197147092 : Checking image 1 dpi 300
1607396502197261297 : Checking image 1 border top 7
1607396502197302799 : Checking image 1 border bottom 7
1607396502197335601 : Checking image 1 border left 33
1607396502197368603 : Checking image 1 border right 33
1607396502204182842 : Checking image 2 dpi 300
1607396502204284347 : Checking image 2 border top 207
1607396502204319148 : Checking image 2 border bottom 151
1607396502204354250 : Checking image 2 border left 192
1607396502204386952 : Checking image 2 border right 192

</system-out><system-err>--------------------------------- Captured Err ---------------------------------

</system-err></testcase><testcase classname="tests.test_images" name="test_crop_too_much_2_png" time="87.092"><system-out>--------------------------------- Captured Log ---------------------------------

--------------------------------- Captured Out ---------------------------------
/home/runner/work/ocr-book/ocr-book/tests/crop_too_much_2.png
1607396509325835589 : Checking separation double page angle 90.2021118646249
1607396509325930494 : Checking separation double page y=0 2477
1607396522899804100 : Checking page rotation 1 0.2
1607396537243686207 : Checking page rotation 2 0.2
1607396541880555611 : Checking image 1 crop x1 332
1607396541880673917 : Checking image 1 crop y1 131
1607396541880713319 : Checking image 1 crop x2 2342
1607396541880747521 : Checking image 1 crop y2 3336
1607396547612348188 : Checking image 2 crop x1 168
1607396547612466994 : Checking image 2 crop y1 139
1607396547612505496 : Checking image 2 crop x2 2181
1607396547612540697 : Checking image 2 crop y2 3345
1607396547668472859 : Checking image 1 dpi 300
1607396547668579764 : Checking image 1 border top 118
1607396547668614966 : Checking image 1 border bottom 164
1607396547668648068 : Checking image 1 border left 225
1607396547668680969 : Checking image 1 border right 225
1607396547670768268 : Checking image 2 dpi 300
1607396547670850972 : Checking image 2 border top 127
1607396547670884674 : Checking image 2 border bottom 154
1607396547670917176 : Checking image 2 border left 223
1607396547670952077 : Checking image 2 border right 223

</system-out><system-err>--------------------------------- Captured Err ---------------------------------

</system-err></testcase><testcase classname="tests.test_images" name="test_small_wave_png" time="75.210"><system-out>--------------------------------- Captured Log ---------------------------------

--------------------------------- Captured Out ---------------------------------
/home/runner/work/ocr-book/ocr-book/tests/small_wave.png
1607396550821349176 : Checking separation double page angle 90.61316928841566
1607396550821451781 : Checking separation double page y=0 2495
1607396561987683281 : Checking page rotation 1 0.7000000000000001
1607396571970580573 : Checking page rotation 2 0.7000000000000001
1607396574896100074 : Checking image 1 crop x1 322
1607396574896218680 : Checking image 1 crop y1 199
1607396574896256681 : Checking image 1 crop x2 2351
1607396574896291683 : Checking image 1 crop y2 3394
1607396578127304910 : Checking image 2 crop x1 135
1607396578127422116 : Checking image 2 crop y1 223
1607396578127461018 : Checking image 2 crop x2 2164
1607396578127497219 : Checking image 2 crop y2 3419
1607396578170815126 : Checking image 1 dpi 300
1607396578170930031 : Checking image 1 border top 178
1607396578170969033 : Checking image 1 border bottom 114
1607396578171001935 : Checking image 1 border left 215
1607396578171034536 : Checking image 1 border right 215
1607396578174098378 : Checking image 2 dpi 300
1607396578174192783 : Checking image 2 border top 196
1607396578174227784 : Checking image 2 border bottom 95
1607396578174259986 : Checking image 2 border left 215
1607396578174292287 : Checking image 2 border right 215

</system-out><system-err>--------------------------------- Captured Err ---------------------------------

</system-err></testcase><testcase classname="tests.test_images" name="test_wrong_split_line_2_png" time="101.057"><system-out>--------------------------------- Captured Log ---------------------------------

--------------------------------- Captured Out ---------------------------------
/home/runner/work/ocr-book/ocr-book/tests/wrong_split_line_2.png
1607396607766969948 : Checking separation double page angle 90.3838786217729
1607396607767061853 : Checking separation double page y=0 2442
1607396618701351853 : Checking page rotation 1 0.05
1607396631121721392 : Checking page rotation 2 0.4
1607396638461617168 : Checking image 1 crop x1 294
1607396638461736973 : Checking image 1 crop y1 137
1607396638461775675 : Checking image 1 crop x2 2326
1607396638461809776 : Checking image 1 crop y2 3375
1607396648691012974 : Checking image 2 crop x1 146
1607396648691132779 : Checking image 2 crop y1 192
1607396648691171381 : Checking image 2 crop x2 2173
1607396648691206783 : Checking image 2 crop y2 3386
1607396648742085520 : Checking image 1 dpi 300
1607396648742196225 : Checking image 1 border top 124
1607396648742232426 : Checking image 1 border bottom 124
1607396648742265528 : Checking image 1 border left 214
1607396648742297929 : Checking image 1 border right 214
1607396648744056807 : Checking image 2 dpi 300
1607396648744134910 : Checking image 2 border top 185
1607396648744168111 : Checking image 2 border bottom 108
1607396648744200013 : Checking image 2 border left 216
1607396648744231814 : Checking image 2 border right 216

</system-out><system-err>--------------------------------- Captured Err ---------------------------------

</system-err></testcase><testcase classname="tests.test_images" name="test_wrong_split_line_3_png" time="64.305"><system-out>--------------------------------- Captured Log ---------------------------------

--------------------------------- Captured Out ---------------------------------
/home/runner/work/ocr-book/ocr-book/tests/wrong_split_line_3.png
1607396617743115217 : Checking separation double page angle 90.43729500214693
1607396617743210022 : Checking separation double page y=0 2498
1607396628057254683 : Checking page rotation 1 0.30000000000000004
1607396636214659915 : Checking page rotation 2 0.9
1607396639426883888 : Checking image 1 crop x1 331
1607396639427006093 : Checking image 1 crop y1 165
1607396639427044795 : Checking image 1 crop x2 2375
1607396639427080097 : Checking image 1 crop y2 3376
1607396642457920650 : Checking image 2 crop x1 102
1607396642458040156 : Checking image 2 crop y1 208
1607396642458078357 : Checking image 2 crop x2 2133
1607396642458113559 : Checking image 2 crop y2 3413
1607396642498458740 : Checking image 1 dpi 300
1607396642498567445 : Checking image 1 border top 148
1607396642498605447 : Checking image 1 border bottom 128
1607396642498638448 : Checking image 1 border left 208
1607396642498671149 : Checking image 1 border right 208
1607396642501705183 : Checking image 2 dpi 300
1607396642501793887 : Checking image 2 border top 191
1607396642501827989 : Checking image 2 border bottom 91
1607396642501860190 : Checking image 2 border left 214
1607396642501895592 : Checking image 2 border right 214

</system-out><system-err>--------------------------------- Captured Err ---------------------------------

</system-err></testcase><testcase classname="tests.test_images" name="test_no_split_line_line_algo_png" time="54.605"><system-out>--------------------------------- Captured Log ---------------------------------

--------------------------------- Captured Out ---------------------------------
/home/runner/work/ocr-book/ocr-book/tests/no_split_line_line_algo.png
1607396676314701361 : Checking separation double page angle 89.47691469185418
1607396676314790265 : Checking separation double page y=0 2476
1607396681835209967 : Checking page rotation 1 -0.14999999999999147
1607396690630496107 : Checking page rotation 2 -0.44999999999998863
1607396693218831204 : Checking image 1 crop x1 205
1607396693218948109 : Checking image 1 crop y1 158
1607396693218985810 : Checking image 1 crop x2 2320
1607396693219021212 : Checking image 1 crop y2 3366
1607396697065855678 : Checking image 2 crop x1 185
1607396697065967782 : Checking image 2 crop y1 221
1607396697066005384 : Checking image 2 crop x2 2201
1607396697066040086 : Checking image 2 crop y2 3366
1607396697111339618 : Checking image 1 dpi 300
1607396697111447523 : Checking image 1 border top 141
1607396697111484725 : Checking image 1 border bottom 138
1607396697111517426 : Checking image 1 border left 172
1607396697111550027 : Checking image 1 border right 172
1607396697114526654 : Checking image 2 dpi 300
1607396697114610358 : Checking image 2 border top 215
1607396697114644859 : Checking image 2 border bottom 127
1607396697114677661 : Checking image 2 border left 222
1607396697114709462 : Checking image 2 border right 222

</system-out><system-err>--------------------------------- Captured Err ---------------------------------

</system-err></testcase><testcase classname="tests.test_images" name="test_wrong_wave_split_line_png" time="93.017"><system-out>--------------------------------- Captured Log ---------------------------------

--------------------------------- Captured Out ---------------------------------
/home/runner/work/ocr-book/ocr-book/tests/wrong_wave_split_line.png
1607396698066588377 : Checking separation double page angle 90.5287860410772
1607396698066679481 : Checking separation double page y=0 2502
1607396708186847053 : Checking page rotation 1 -0.14999999999999147
1607396717402967306 : Checking page rotation 2 0.8500000000000001
1607396726121828675 : Checking image 1 crop x1 385
1607396726121947480 : Checking image 1 crop y1 179
1607396726121984982 : Checking image 1 crop x2 2411
1607396726122018383 : Checking image 1 crop y2 3374
1607396741706428922 : Checking image 2 crop x1 27
1607396741706543327 : Checking image 2 crop y1 1
1607396741706583228 : Checking image 2 crop x2 2489
1607396741706619630 : Checking image 2 crop y2 3505
1607396741764344437 : Checking image 1 dpi 300
1607396741764458141 : Checking image 1 border top 169
1607396741764494943 : Checking image 1 border bottom 123
1607396741764527444 : Checking image 1 border left 217
1607396741764559446 : Checking image 1 border right 217
1607396741766670734 : Checking image 2 dpi 300
1607396741766764038 : Checking image 2 border top 2
1607396741766800439 : Checking image 2 border bottom 2
1607396741766832240 : Checking image 2 border left 9
1607396741766864942 : Checking image 2 border right 9

</system-out><system-err>--------------------------------- Captured Err ---------------------------------

</system-err></testcase><testcase classname="tests.test_images" name="test_failed_split_line_line_algo_png" time="27.406"><system-out>--------------------------------- Captured Log ---------------------------------

--------------------------------- Captured Out ---------------------------------
/home/runner/work/ocr-book/ocr-book/tests/failed_split_line_line_algo.png
1607396714440985888 : Checking separation double page angle 90.01634220573249
1607396714441076592 : Checking separation double page y=0 2575
1607396717936435521 : Checking page rotation 1 -0.14999999999999147
1607396720240347277 : Checking page rotation 2 0.0
1607396722981749433 : Checking image 1 crop x1 407
1607396722981867038 : Checking image 1 crop y1 2925
1607396722981905140 : Checking image 1 crop x2 2419
1607396722981938941 : Checking image 1 crop y2 3174
1607396724546535458 : Checking image 2 crop x1 1184
1607396724546639962 : Checking image 2 crop y1 1744
1607396724546675564 : Checking image 2 crop x2 1185
1607396724546710165 : Checking image 2 crop y2 1745
1607396724547005878 : Checking image 1 dpi 300
1607396724547086881 : Checking image 1 border top 2917
1607396724547122683 : Checking image 1 border bottom 321
1607396724547155784 : Checking image 1 border left 224
1607396724547187985 : Checking image 1 border right 224
1607396724548471039 : Checking image 2 dpi 300
1607396724548548943 : Checking image 2 border top 1752
1607396724548583444 : Checking image 2 border bottom 1753
1607396724548615945 : Checking image 2 border left 1239
1607396724548647847 : Checking image 2 border right 1239

</system-out><system-err>--------------------------------- Captured Err ---------------------------------

</system-err></testcase><testcase classname="tests.test_images" name="test_crop_too_much_3_png" time="70.404"><system-out>--------------------------------- Captured Log ---------------------------------

--------------------------------- Captured Out ---------------------------------
/home/runner/work/ocr-book/ocr-book/tests/crop_too_much_3.png
1607396766840004257 : Checking separation double page angle 89.55580634783144
1607396766840102361 : Checking separation double page y=0 2499
1607396775193459528 : Checking page rotation 1 -0.9499999999999886
1607396786156116235 : Checking page rotation 2 -0.14999999999999147
1607396790390434609 : Checking image 1 crop x1 373
1607396790390554214 : Checking image 1 crop y1 258
1607396790390604716 : Checking image 1 crop x2 2386
1607396790390635717 : Checking image 1 crop y2 3458
1607396794856971140 : Checking image 2 crop x1 167
1607396794857088245 : Checking image 2 crop y1 228
1607396794857125947 : Checking image 2 crop x2 2180
1607396794857161348 : Checking image 2 crop y2 3417
1607396794907673905 : Checking image 1 dpi 300
1607396794907785710 : Checking image 1 border top 239
1607396794907824211 : Checking image 1 border bottom 48
1607396794907857313 : Checking image 1 border left 223
1607396794907891114 : Checking image 1 border right 223
1607396794911108045 : Checking image 2 dpi 300
1607396794911205249 : Checking image 2 border top 207
1607396794911239550 : Checking image 2 border bottom 91
1607396794911272052 : Checking image 2 border left 223
1607396794911304753 : Checking image 2 border right 223

</system-out><system-err>--------------------------------- Captured Err ---------------------------------

</system-err></testcase><testcase classname="tests.test_images" name="test_failed_split_line_line_algo_2_png" time="72.926"><system-out>--------------------------------- Captured Log ---------------------------------

--------------------------------- Captured Out ---------------------------------
/home/runner/work/ocr-book/ocr-book/tests/failed_split_line_line_algo_2.png
1607396787563956546 : Checking separation double page angle 89.9913422057325
1607396787564048350 : Checking separation double page y=0 2498
1607396798235962029 : Checking page rotation 1 0.0
1607396808055346131 : Checking page rotation 2 0.6000000000000001
1607396811352595601 : Checking image 1 crop x1 272
1607396811352714906 : Checking image 1 crop y1 149
1607396811352753207 : Checking image 1 crop x2 2383
1607396811352786809 : Checking image 1 crop y2 3353
1607396814658909871 : Checking image 2 crop x1 107
1607396814659035976 : Checking image 2 crop y1 155
1607396814659074677 : Checking image 2 crop x2 2230
1607396814659111179 : Checking image 2 crop y2 3350
1607396814704214701 : Checking image 1 dpi 300
1607396814704323206 : Checking image 1 border top 139
1607396814704359007 : Checking image 1 border bottom 144
1607396814704392108 : Checking image 1 border left 174
1607396814704424510 : Checking image 1 border right 174
1607396814706566396 : Checking image 2 dpi 300
1607396814706651900 : Checking image 2 border top 136
1607396814706685801 : Checking image 2 border bottom 156
1607396814706718502 : Checking image 2 border left 168
1607396814706750704 : Checking image 2 border right 168

</system-out><system-err>--------------------------------- Captured Err ---------------------------------

</system-err></testcase><testcase classname="tests.test_images" name="test_wrong_wave_split_line_2_png" time="72.771"><system-out>--------------------------------- Captured Log ---------------------------------

--------------------------------- Captured Out ---------------------------------
/home/runner/work/ocr-book/ocr-book/tests/wrong_wave_split_line_2.png
1607396841574216600 : Checking separation double page angle 90.7708958311329
1607396841574311104 : Checking separation double page y=0 2490
1607396850398218552 : Checking page rotation 1 0.4
1607396860919132457 : Checking page rotation 2 1.8
1607396864223358356 : Checking image 1 crop x1 224
1607396864223475861 : Checking image 1 crop y1 147
1607396864223514663 : Checking image 1 crop x2 2337
1607396864223551664 : Checking image 1 crop y2 3355
1607396867640282390 : Checking image 2 crop x1 107
1607396867640398395 : Checking image 2 crop y1 197
1607396867640436996 : Checking image 2 crop x2 2229
1607396867640472598 : Checking image 2 crop y2 3396
1607396867692275253 : Checking image 1 dpi 300
1607396867692381057 : Checking image 1 border top 133
1607396867692418859 : Checking image 1 border bottom 146
1607396867692452260 : Checking image 1 border left 173
1607396867692485461 : Checking image 1 border right 173
1607396867694260232 : Checking image 2 dpi 300
1607396867694342535 : Checking image 2 border top 167
1607396867694377036 : Checking image 2 border bottom 121
1607396867694409538 : Checking image 2 border left 169
1607396867694441339 : Checking image 2 border right 169

</system-out><system-err>--------------------------------- Captured Err ---------------------------------

</system-err></testcase><testcase classname="tests.test_images" name="test_wrong_wave_split_line_3_png" time="65.985"><system-out>--------------------------------- Captured Log ---------------------------------

--------------------------------- Captured Out ---------------------------------
/home/runner/work/ocr-book/ocr-book/tests/wrong_wave_split_line_3.png
1607396857958164879 : Checking separation double page angle 90.0586735161512
1607396857958261883 : Checking separation double page y=0 2510
1607396866914021474 : Checking page rotation 1 0.1
1607396874293802787 : Checking page rotation 2 0.35000000000000003
1607396877523397091 : Checking image 1 crop x1 272
1607396877523515196 : Checking image 1 crop y1 219
1607396877523553197 : Checking image 1 crop x2 2383
1607396877523586598 : Checking image 1 crop y2 3423
1607396880654214767 : Checking image 2 crop x1 119
1607396880654332272 : Checking image 2 crop y1 226
1607396880654370274 : Checking image 2 crop x2 2240
1607396880654403775 : Checking image 2 crop y2 3413
1607396880695963617 : Checking image 1 dpi 300
1607396880696067221 : Checking image 1 border top 202
1607396880696100623 : Checking image 1 border bottom 81
1607396880696148525 : Checking image 1 border left 174
1607396880696180626 : Checking image 1 border right 174
1607396880698319510 : Checking image 2 dpi 300
1607396880698398913 : Checking image 2 border top 203
1607396880698430415 : Checking image 2 border bottom 97
1607396880698460116 : Checking image 2 border left 169
1607396880698489817 : Checking image 2 border right 169

</system-out><system-err>--------------------------------- Captured Err ---------------------------------

</system-err></testcase><testcase classname="tests.test_images" name="test_no_split_line_wave_algo_png" time="66.296"><system-out>--------------------------------- Captured Log ---------------------------------

--------------------------------- Captured Out ---------------------------------
/home/runner/work/ocr-book/ocr-book/tests/no_split_line_wave_algo.png
1607396900584834072 : Checking separation double page angle 89.93575909193099
1607396900584937676 : Checking separation double page y=0 2482
1607396907428949928 : Checking page rotation 1 0.0
1607396915799328921 : Checking page rotation 2 -0.5499999999999972
1607396926513198669 : Checking image 1 crop x1 97
1607396926513277072 : Checking image 1 crop y1 77
1607396926513312473 : Checking image 1 crop x2 2483
1607396926513351875 : Checking image 1 crop y2 3505
1607396933899119616 : Checking image 2 crop x1 164
1607396933899234420 : Checking image 2 crop y1 266
1607396933899274422 : Checking image 2 crop x2 2241
1607396933899308023 : Checking image 2 crop y2 3382
1607396933944090068 : Checking image 1 dpi 300
1607396933944207672 : Checking image 1 border top 40
1607396933944245674 : Checking image 1 border bottom 40
1607396933944278575 : Checking image 1 border left 47
1607396933944310876 : Checking image 1 border right 47
1607396933946500761 : Checking image 2 dpi 300
1607396933946586465 : Checking image 2 border top 254
1607396933946619666 : Checking image 2 border bottom 117
1607396933946651867 : Checking image 2 border left 191
1607396933946683769 : Checking image 2 border right 191

</system-out><system-err>--------------------------------- Captured Err ---------------------------------

</system-err></testcase><testcase classname="tests.test_images" name="test_no_split_line_wave_algo_2_png" time="56.778"><system-out>--------------------------------- Captured Log ---------------------------------

--------------------------------- Captured Out ---------------------------------
/home/runner/work/ocr-book/ocr-book/tests/no_split_line_wave_algo_2.png
1607396915564378427 : Checking separation double page angle 91.21822795596304
1607396915564470331 : Checking separation double page y=0 2488
1607396923637349407 : Checking page rotation 1 1.1
1607396931537310095 : Checking page rotation 2 0.2
1607396934705946538 : Checking image 1 crop x1 266
1607396934706061443 : Checking image 1 crop y1 210
1607396934706099744 : Checking image 1 crop x2 2342
1607396934706136246 : Checking image 1 crop y2 3413
1607396937437419073 : Checking image 2 crop x1 199
1607396937437534777 : Checking image 2 crop y1 241
1607396937437599780 : Checking image 2 crop x2 2282
1607396937437633281 : Checking image 2 crop y2 3433
1607396937480102634 : Checking image 1 dpi 300
1607396937480212338 : Checking image 1 border top 194
1607396937480247840 : Checking image 1 border bottom 90
1607396937480281241 : Checking image 1 border left 192
1607396937480313942 : Checking image 1 border right 192
1607396937482404723 : Checking image 2 dpi 300
1607396937482486927 : Checking image 2 border top 226
1607396937482520728 : Checking image 2 border bottom 69
1607396937482553129 : Checking image 2 border left 188
1607396937482585030 : Checking image 2 border right 188

</system-out><system-err>--------------------------------- Captured Err ---------------------------------

</system-err></testcase><testcase classname="tests.test_images" name="test_crop_too_few_2_png" time="51.872"><system-out>--------------------------------- Captured Log ---------------------------------

--------------------------------- Captured Out ---------------------------------
/home/runner/work/ocr-book/ocr-book/tests/crop_too_few_2.png
1607396967396783017 : Checking separation double page angle 90.25476192320097
1607396967396877021 : Checking separation double page y=0 2531
1607396974167341809 : Checking page rotation 1 1.2000000000000002
1607396979822790246 : Checking page rotation 2 -0.09999999999999432
1607396983031582099 : Checking image 1 crop x1 287
1607396983031697403 : Checking image 1 crop y1 165
1607396983031735404 : Checking image 1 crop x2 2398
1607396983031769106 : Checking image 1 crop y2 3368
1607396985850703567 : Checking image 2 crop x1 145
1607396985850824472 : Checking image 2 crop y1 175
1607396985850862373 : Checking image 2 crop x2 2271
1607396985850897475 : Checking image 2 crop y2 3373
1607396985890175987 : Checking image 1 dpi 300
1607396985890291892 : Checking image 1 border top 139
1607396985890330193 : Checking image 1 border bottom 145
1607396985890362994 : Checking image 1 border left 174
1607396985890397096 : Checking image 1 border right 174
1607396985893319608 : Checking image 2 dpi 300
1607396985893404811 : Checking image 2 border top 180
1607396985893438913 : Checking image 2 border bottom 109
1607396985893471114 : Checking image 2 border left 167
1607396985893507315 : Checking image 2 border right 167

</system-out><system-err>--------------------------------- Captured Err ---------------------------------

</system-err></testcase><testcase classname="tests.test_images" name="test_failed_detect_rectangle_png" time="70.698"><system-out>--------------------------------- Captured Log ---------------------------------

--------------------------------- Captured Out ---------------------------------
/home/runner/work/ocr-book/ocr-book/tests/failed_detect_rectangle.png
1607396981107222452 : Checking separation double page angle 90.19837516213147
1607396981107312155 : Checking separation double page y=0 2471
1607396990123058685 : Checking page rotation 1 0.2
1607397001627726441 : Checking page rotation 2 0.2
1607397004703575762 : Checking image 1 crop x1 257
1607397004703691766 : Checking image 1 crop y1 201
1607397004703729568 : Checking image 1 crop x2 2333
1607397004703763069 : Checking image 1 crop y2 3402
1607397008121135014 : Checking image 2 crop x1 139
1607397008121248418 : Checking image 2 crop y1 215
1607397008121285720 : Checking image 2 crop x2 2222
1607397008121319221 : Checking image 2 crop y2 3406
1607397008171545546 : Checking image 1 dpi 300
1607397008171650450 : Checking image 1 border top 188
1607397008171686052 : Checking image 1 border bottom 98
1607397008171718853 : Checking image 1 border left 192
1607397008171751054 : Checking image 1 border right 192
1607397008173824234 : Checking image 2 dpi 300
1607397008173904837 : Checking image 2 border top 200
1607397008173938638 : Checking image 2 border bottom 95
1607397008173970639 : Checking image 2 border left 188
1607397008174002740 : Checking image 2 border right 188

</system-out><system-err>--------------------------------- Captured Err ---------------------------------

</system-err></testcase></testsuite></testsuites>