<?xml version="1.0" encoding="utf-8"?><testsuites><testsuite errors="0" failures="0" hostname="fv-az70-777" name="pytest" skipped="0" tests="17" time="289.978" timestamp="2020-11-21T21:16:07.250766"><testcase classname="tests.test_features" name="test_mock_stop_at_0" time="0.047"><system-out>--------------------------------- Captured Log ---------------------------------

--------------------------------- Captured Out ---------------------------------
/home/runner/work/ocr-book/ocr-book/tests/0001_0.png

</system-out><system-err>--------------------------------- Captured Err ---------------------------------

</system-err></testcase><testcase classname="tests.test_features" name="test_disabled_enable_debug" time="24.202"><system-out>--------------------------------- Captured Log ---------------------------------

--------------------------------- Captured Out ---------------------------------
/home/runner/work/ocr-book/ocr-book/tests/0001_debug.png
separation double page angle 90.53945493634917
separation double page y=0 2485
page rotation 1 0.75
page rotation 2 0.2
image 1 crop x1 330
image 1 crop y1 336
image 1 crop x2 2343
image 1 crop y2 3223
image 2 crop x1 169
image 2 crop y1 648
image 2 crop x2 2186
image 2 crop y2 3361
image 1 dpi 300
image 1 border top 324
image 1 border bottom 276
image 1 border left 223
image 1 border right 223
image 2 dpi 300
image 2 border top 671
image 2 border bottom 103
image 2 border left 221
image 2 border right 221

</system-out><system-err>--------------------------------- Captured Err ---------------------------------

</system-err></testcase><testcase classname="tests.test_features" name="test_mock_stop_at_2" time="33.527"><system-out>--------------------------------- Captured Log ---------------------------------

--------------------------------- Captured Out ---------------------------------
/home/runner/work/ocr-book/ocr-book/tests/0001_2.png
separation double page angle 90.53945493634917
separation double page y=0 2485
page rotation 1 0.75
page rotation 2 0.2

</system-out><system-err>--------------------------------- Captured Err ---------------------------------

</system-err></testcase><testcase classname="tests.test_features" name="test_mock_stop_at_1" time="18.849"><system-out>--------------------------------- Captured Log ---------------------------------

--------------------------------- Captured Out ---------------------------------
/home/runner/work/ocr-book/ocr-book/tests/0001_1.png
separation double page angle 90.53945493634917
separation double page y=0 2485

</system-out><system-err>--------------------------------- Captured Err ---------------------------------

</system-err></testcase><testcase classname="tests.test_features" name="test_mock_stop_at_3" time="33.638"><system-out>--------------------------------- Captured Log ---------------------------------

--------------------------------- Captured Out ---------------------------------
/home/runner/work/ocr-book/ocr-book/tests/0001_3.png
separation double page angle 90.53945493634917
separation double page y=0 2485
page rotation 1 0.75
page rotation 2 0.2
image 1 crop x1 330
image 1 crop y1 336
image 1 crop x2 2343
image 1 crop y2 3223
image 2 crop x1 169
image 2 crop y1 648
image 2 crop x2 2186
image 2 crop y2 3361

</system-out><system-err>--------------------------------- Captured Err ---------------------------------

</system-err></testcase><testcase classname="tests.test_features" name="test_mock_stop_at_5" time="34.473"><system-out>--------------------------------- Captured Log ---------------------------------

--------------------------------- Captured Out ---------------------------------
/home/runner/work/ocr-book/ocr-book/tests/0001_5.png
separation double page angle 90.53945493634917
separation double page y=0 2485
page rotation 1 0.75
page rotation 2 0.2
image 1 crop x1 330
image 1 crop y1 336
image 1 crop x2 2343
image 1 crop y2 3223
image 2 crop x1 169
image 2 crop y1 648
image 2 crop x2 2186
image 2 crop y2 3361
image 1 dpi 300
image 1 border top 324
image 1 border bottom 276
image 1 border left 223
image 1 border right 223
image 2 dpi 300
image 2 border top 671
image 2 border bottom 103
image 2 border left 221
image 2 border right 221

</system-out><system-err>--------------------------------- Captured Err ---------------------------------

</system-err></testcase><testcase classname="tests.test_features" name="test_mock_stop_at_4" time="34.066"><system-out>--------------------------------- Captured Log ---------------------------------

--------------------------------- Captured Out ---------------------------------
/home/runner/work/ocr-book/ocr-book/tests/0001_4.png
separation double page angle 90.53945493634917
separation double page y=0 2485
page rotation 1 0.75
page rotation 2 0.2
image 1 crop x1 330
image 1 crop y1 336
image 1 crop x2 2343
image 1 crop y2 3223
image 2 crop x1 169
image 2 crop y1 648
image 2 crop x2 2186
image 2 crop y2 3361
image 1 dpi 300
image 1 border top 324
image 1 border bottom 276
image 1 border left 223
image 1 border right 223
image 2 dpi 300
image 2 border top 671
image 2 border bottom 103
image 2 border left 221
image 2 border right 221

</system-out><system-err>--------------------------------- Captured Err ---------------------------------

</system-err></testcase><testcase classname="tests.test_images" name="test_0001_png" time="34.598"><system-out>--------------------------------- Captured Log ---------------------------------

--------------------------------- Captured Out ---------------------------------
/home/runner/work/ocr-book/ocr-book/tests/0001.png
1605993464074908416 : Checking separation double page angle 90.53945493634917
1605993464074989568 : Checking separation double page y=0 2485
1605993469489674240 : Checking page rotation 1 0.75
1605993477350160896 : Checking page rotation 2 0.2
1605993478728008192 : Checking image 1 crop x1 330
1605993478728092928 : Checking image 1 crop y1 336
1605993478728145664 : Checking image 1 crop x2 2343
1605993478728182528 : Checking image 1 crop y2 3223
1605993480325035520 : Checking image 2 crop x1 169
1605993480325125120 : Checking image 2 crop y1 648
1605993480325168128 : Checking image 2 crop x2 2186
1605993480325208064 : Checking image 2 crop y2 3361
1605993480358763520 : Checking image 1 dpi 300
1605993480358883328 : Checking image 1 border top 324
1605993480358919168 : Checking image 1 border bottom 276
1605993480358951680 : Checking image 1 border left 223
1605993480358983424 : Checking image 1 border right 223
1605993480360885760 : Checking image 2 dpi 300
1605993480360965888 : Checking image 2 border top 671
1605993480360995328 : Checking image 2 border bottom 103
1605993480361028352 : Checking image 2 border left 221
1605993480361056000 : Checking image 2 border right 221

</system-out><system-err>--------------------------------- Captured Err ---------------------------------

</system-err></testcase><testcase classname="tests.test_images" name="test_2_pages_2_contours_png" time="23.891"><system-out>--------------------------------- Captured Log ---------------------------------

--------------------------------- Captured Out ---------------------------------
/home/runner/work/ocr-book/ocr-book/tests/2-pages-2-contours.png
1605993483292239616 : Checking separation double page angle 90.15647898380502
1605993483292317440 : Checking separation double page y=0 2489
1605993485437150720 : Checking page rotation 1 0.05
1605993491402666496 : Checking page rotation 2 0.35000000000000003
1605993492161027584 : Checking image 1 crop x1 1186
1605993492161103616 : Checking image 1 crop y1 1720
1605993492161130240 : Checking image 1 crop x2 1187
1605993492161155072 : Checking image 1 crop y2 1721
1605993493423579392 : Checking image 2 crop x1 102
1605993493423658240 : Checking image 2 crop y1 240
1605993493423690240 : Checking image 2 crop x2 2149
1605993493423720448 : Checking image 2 crop y2 3239
1605993493455603456 : Checking image 1 dpi 300
1605993493455710208 : Checking image 1 border top 1753
1605993493455743744 : Checking image 1 border bottom 1753
1605993493455773952 : Checking image 1 border left 1239
1605993493455803392 : Checking image 1 border right 1239
1605993493457177600 : Checking image 2 dpi 300
1605993493457301760 : Checking image 2 border top 229
1605993493457331712 : Checking image 2 border bottom 259
1605993493457357312 : Checking image 2 border left 206
1605993493457382400 : Checking image 2 border right 206

</system-out><system-err>--------------------------------- Captured Err ---------------------------------

</system-err></testcase><testcase classname="tests.test_images" name="test_black_border_not_removed_png" time="43.558"><system-out>--------------------------------- Captured Log ---------------------------------

--------------------------------- Captured Out ---------------------------------
/home/runner/work/ocr-book/ocr-book/tests/black-border-not-removed.png
1605993505549363456 : Checking separation double page angle 89.9903688802698
1605993505549444096 : Checking separation double page y=0 2455
1605993511371307264 : Checking page rotation 1 0.0
1605993520416832000 : Checking page rotation 2 0.0
1605993522061475840 : Checking image 1 crop x1 297
1605993522061562880 : Checking image 1 crop y1 143
1605993522061605376 : Checking image 1 crop x2 2309
1605993522061644800 : Checking image 1 crop y2 3346
1605993523889217024 : Checking image 2 crop x1 156
1605993523889332736 : Checking image 2 crop y1 145
1605993523889375488 : Checking image 2 crop x2 2168
1605993523889415936 : Checking image 2 crop y2 3352
1605993523923131392 : Checking image 1 dpi 300
1605993523923232768 : Checking image 1 border top 128
1605993523923264512 : Checking image 1 border bottom 156
1605993523923292672 : Checking image 1 border left 224
1605993523923320064 : Checking image 1 border right 224
1605993523925365760 : Checking image 2 dpi 300
1605993523925462016 : Checking image 2 border top 130
1605993523925503488 : Checking image 2 border bottom 150
1605993523925531392 : Checking image 2 border left 224
1605993523925558528 : Checking image 2 border right 224

</system-out><system-err>--------------------------------- Captured Err ---------------------------------

</system-err></testcase><testcase classname="tests.test_images" name="test_image_failed_to_rotate_png" time="41.646"><system-out>--------------------------------- Captured Log ---------------------------------

--------------------------------- Captured Out ---------------------------------
/home/runner/work/ocr-book/ocr-book/tests/image_failed_to_rotate.png
1605993511848847872 : Checking separation double page angle 90.14353501543772
1605993511848929024 : Checking separation double page y=0 2476
1605993516634366464 : Checking page rotation 1 0.35000000000000003
1605993523214671360 : Checking page rotation 2 0.45
1605993533451324160 : Checking image 1 crop x1 34
1605993533451406336 : Checking image 1 crop y1 1
1605993533451437312 : Checking image 1 crop x2 2474
1605993533451484160 : Checking image 1 crop y2 3500
1605993534954721536 : Checking image 2 crop x1 171
1605993534954804736 : Checking image 2 crop y1 234
1605993534954843392 : Checking image 2 crop x2 2250
1605993534954879744 : Checking image 2 crop y2 3355
1605993534993456384 : Checking image 1 dpi 300
1605993534993559552 : Checking image 1 border top 4
1605993534993586688 : Checking image 1 border bottom 4
1605993534993610752 : Checking image 1 border left 20
1605993534993634048 : Checking image 1 border right 20
1605993534995701504 : Checking image 2 dpi 300
1605993534995796992 : Checking image 2 border top 206
1605993534995831296 : Checking image 2 border bottom 160
1605993534995862784 : Checking image 2 border left 190
1605993534995894272 : Checking image 2 border right 190

</system-out><system-err>--------------------------------- Captured Err ---------------------------------

</system-err></testcase><testcase classname="tests.test_images" name="test_image_failed_to_crop_data_png" time="41.761"><system-out>--------------------------------- Captured Log ---------------------------------

--------------------------------- Captured Out ---------------------------------
/home/runner/work/ocr-book/ocr-book/tests/image_failed_to_crop_data.png
1605993544431369472 : Checking separation double page angle 90.06228874101497
1605993544431463168 : Checking separation double page y=0 2482
1605993549844247552 : Checking page rotation 1 0.2
1605993554763193600 : Checking page rotation 2 0.05
1605993564252125696 : Checking image 1 crop x1 58
1605993564252216064 : Checking image 1 crop y1 8
1605993564252254976 : Checking image 1 crop x2 2480
1605993564252291328 : Checking image 1 crop y2 3504
1605993565580651264 : Checking image 2 crop x1 159
1605993565580733696 : Checking image 2 crop y1 217
1605993565580772608 : Checking image 2 crop x2 2240
1605993565580820480 : Checking image 2 crop y2 3350
1605993565615979520 : Checking image 1 dpi 300
1605993565616096000 : Checking image 1 border top 6
1605993565616128256 : Checking image 1 border bottom 6
1605993565616157952 : Checking image 1 border left 29
1605993565616186112 : Checking image 1 border right 29
1605993565618266624 : Checking image 2 dpi 300
1605993565618373120 : Checking image 2 border top 209
1605993565618409728 : Checking image 2 border bottom 145
1605993565618444032 : Checking image 2 border left 189
1605993565618478080 : Checking image 2 border right 189

</system-out><system-err>--------------------------------- Captured Err ---------------------------------

</system-err></testcase><testcase classname="tests.test_images" name="test_wrong_angle_split_line_png" time="53.211"><system-out>--------------------------------- Captured Log ---------------------------------

--------------------------------- Captured Out ---------------------------------
/home/runner/work/ocr-book/ocr-book/tests/wrong_angle_split_line.png
1605993560400213760 : Checking separation double page angle 90.08422009258813
1605993560400297984 : Checking separation double page y=0 2487
1605993567375507712 : Checking page rotation 1 0.0
1605993574799632640 : Checking page rotation 2 0.0
1605993585187173120 : Checking image 1 crop x1 53
1605993585187250432 : Checking image 1 crop y1 8
1605993585187276800 : Checking image 1 crop x2 2485
1605993585187301632 : Checking image 1 crop y2 3505
1605993587400940544 : Checking image 2 crop x1 154
1605993587401022208 : Checking image 2 crop y1 217
1605993587401052160 : Checking image 2 crop x2 2237
1605993587401080064 : Checking image 2 crop y2 3350
1605993587562586880 : Checking image 1 dpi 300
1605993587562717184 : Checking image 1 border top 5
1605993587562760960 : Checking image 1 border bottom 5
1605993587562788608 : Checking image 1 border left 24
1605993587562827264 : Checking image 1 border right 24
1605993587568715008 : Checking image 2 dpi 300
1605993587568840960 : Checking image 2 border top 195
1605993587568870912 : Checking image 2 border bottom 159
1605993587568898560 : Checking image 2 border left 188
1605993587568925952 : Checking image 2 border right 188

</system-out><system-err>--------------------------------- Captured Err ---------------------------------

</system-err></testcase><testcase classname="tests.test_images" name="test_angle_page_lower_split_line_png" time="28.993"><system-out>--------------------------------- Captured Log ---------------------------------

--------------------------------- Captured Out ---------------------------------
/home/runner/work/ocr-book/ocr-book/tests/angle_page_lower_split_line.png
1605993579130631680 : Checking separation double page angle 89.74710364870903
1605993579130716928 : Checking separation double page y=0 2471
1605993586049436160 : Checking page rotation 1 -0.44999999999998863
1605993591520434944 : Checking page rotation 2 0.2
1605993593219176960 : Checking image 1 crop x1 245
1605993593219269376 : Checking image 1 crop y1 161
1605993593219308288 : Checking image 1 crop x2 2351
1605993593219345408 : Checking image 1 crop y2 3364
1605993594641592320 : Checking image 2 crop x1 153
1605993594641682688 : Checking image 2 crop y1 147
1605993594641725184 : Checking image 2 crop x2 2260
1605993594641764864 : Checking image 2 crop y2 3350
1605993594677008128 : Checking image 1 dpi 300
1605993594677129728 : Checking image 1 border top 131
1605993594677162240 : Checking image 1 border bottom 152
1605993594677191168 : Checking image 1 border left 177
1605993594677240832 : Checking image 1 border right 177
1605993594679344128 : Checking image 2 dpi 300
1605993594679442176 : Checking image 2 border top 118
1605993594679475712 : Checking image 2 border bottom 166
1605993594679507200 : Checking image 2 border left 176
1605993594679537920 : Checking image 2 border right 176

</system-out><system-err>--------------------------------- Captured Err ---------------------------------

</system-err></testcase><testcase classname="tests.test_images" name="test_wrong_split_line_png" time="32.138"><system-out>--------------------------------- Captured Log ---------------------------------

--------------------------------- Captured Out ---------------------------------
/home/runner/work/ocr-book/ocr-book/tests/wrong_split_line.png
1605993607219921152 : Checking separation double page angle 89.81531182790899
1605993607220012032 : Checking separation double page y=0 2465
1605993612607718144 : Checking page rotation 1 -0.04999999999999716
1605993617968442624 : Checking page rotation 2 0.6000000000000001
1605993619247014656 : Checking image 1 crop x1 211
1605993619247126272 : Checking image 1 crop y1 156
1605993619247168512 : Checking image 1 crop x2 2323
1605993619247207680 : Checking image 1 crop y2 3363
1605993620416516608 : Checking image 2 crop x1 124
1605993620416594432 : Checking image 2 crop y1 167
1605993620416628480 : Checking image 2 crop x2 2236
1605993620416660224 : Checking image 2 crop y2 3373
1605993620450067712 : Checking image 1 dpi 300
1605993620450193920 : Checking image 1 border top 180
1605993620450230016 : Checking image 1 border bottom 100
1605993620450262528 : Checking image 1 border left 174
1605993620450293248 : Checking image 1 border right 174
1605993620452336640 : Checking image 2 dpi 300
1605993620452425728 : Checking image 2 border top 129
1605993620452459008 : Checking image 2 border bottom 152
1605993620452490240 : Checking image 2 border left 174
1605993620452520960 : Checking image 2 border right 174

</system-out><system-err>--------------------------------- Captured Err ---------------------------------

</system-err></testcase><testcase classname="tests.test_images" name="test_crop_too_much_png" time="51.286"><system-out>--------------------------------- Captured Log ---------------------------------

--------------------------------- Captured Out ---------------------------------
/home/runner/work/ocr-book/ocr-book/tests/crop_too_much.png
1605993619168377600 : Checking separation double page angle 90.14985593620918
1605993619168450304 : Checking separation double page y=0 2457
1605993630734440960 : Checking page rotation 1 0.0
1605993641463457280 : Checking page rotation 2 0.4
1605993643716839168 : Checking image 1 crop x1 303
1605993643716935168 : Checking image 1 crop y1 148
1605993643716974592 : Checking image 1 crop x2 2313
1605993643717010944 : Checking image 1 crop y2 3351
1605993645893751296 : Checking image 2 crop x1 166
1605993645893847552 : Checking image 2 crop y1 154
1605993645893882112 : Checking image 2 crop x2 2180
1605993645893914368 : Checking image 2 crop y2 3360
1605993645938588416 : Checking image 1 dpi 300
1605993645938717184 : Checking image 1 border top 116
1605993645938749184 : Checking image 1 border bottom 168
1605993645938777856 : Checking image 1 border left 225
1605993645938806272 : Checking image 1 border right 225
1605993645940535552 : Checking image 2 dpi 300
1605993645940629504 : Checking image 2 border top 95
1605993645940662784 : Checking image 2 border bottom 186
1605993645940694784 : Checking image 2 border left 223
1605993645940726016 : Checking image 2 border right 223

</system-out><system-err>--------------------------------- Captured Err ---------------------------------

</system-err></testcase><testcase classname="tests.test_images" name="test_crop_too_few_png" time="35.284"><system-out>--------------------------------- Captured Log ---------------------------------

--------------------------------- Captured Out ---------------------------------
/home/runner/work/ocr-book/ocr-book/tests/crop_too_few.png
1605993642765426944 : Checking separation double page angle 89.22405802376838
1605993642765507328 : Checking separation double page y=0 2508
1605993648064026368 : Checking page rotation 1 -0.75
1605993653321202432 : Checking page rotation 2 0.0
1605993654553240576 : Checking image 1 crop x1 265
1605993654553330432 : Checking image 1 crop y1 161
1605993654553372416 : Checking image 1 crop x2 2375
1605993654553411584 : Checking image 1 crop y2 3356
1605993655722243840 : Checking image 2 crop x1 141
1605993655722327040 : Checking image 2 crop y1 141
1605993655722365696 : Checking image 2 crop x2 2263
1605993655722402560 : Checking image 2 crop y2 3345
1605993655751449856 : Checking image 1 dpi 300
1605993655751549184 : Checking image 1 border top 84
1605993655751580160 : Checking image 1 border bottom 208
1605993655751608576 : Checking image 1 border left 175
1605993655751636480 : Checking image 1 border right 175
1605993655753333760 : Checking image 2 dpi 300
1605993655753418752 : Checking image 2 border top 130
1605993655753448192 : Checking image 2 border bottom 153
1605993655753475328 : Checking image 2 border left 169
1605993655753502208 : Checking image 2 border right 169

</system-out><system-err>--------------------------------- Captured Err ---------------------------------

</system-err></testcase></testsuite></testsuites>