<?xml version="1.0" encoding="utf-8"?><testsuites><testsuite errors="0" failures="0" hostname="travis-job-9af1ee67-8e9c-48d3-afdd-3875a9a73e02" name="pytest" skipped="0" tests="13" time="966.710" timestamp="2020-11-16T07:44:11.071007"><testcase classname="tests.test_features" name="test_disabled_enable_debug" time="58.653"><system-out>--------------------------------- Captured Log ---------------------------------

--------------------------------- Captured Out ---------------------------------
/home/travis/build/bansan85/ocr-book/tests/0001_debug.png
separation double page angle 90.58006996929848
separation double page y=0 2485
page rotation 1 0.7000000000000001
page rotation 2 0.2
image 1 crop x1 330
image 1 crop y1 335
image 1 crop x2 2343
image 1 crop y2 3223
image 2 crop x1 171
image 2 crop y1 648
image 2 crop x2 2188
image 2 crop y2 3361
image 1 dpi 300
image 1 border top 324
image 1 border bottom 275
image 1 border left 223
image 1 border right 223
image 2 dpi 300
image 2 border top 671
image 2 border bottom 103
image 2 border left 221
image 2 border right 221

</system-out><system-err>--------------------------------- Captured Err ---------------------------------

</system-err></testcase><testcase classname="tests.test_features" name="test_mock_stop_at_0" time="0.035"><system-out>--------------------------------- Captured Log ---------------------------------

--------------------------------- Captured Out ---------------------------------
/home/travis/build/bansan85/ocr-book/tests/0001_0.png

</system-out><system-err>--------------------------------- Captured Err ---------------------------------

</system-err></testcase><testcase classname="tests.test_features" name="test_mock_stop_at_1" time="33.462"><system-out>--------------------------------- Captured Log ---------------------------------

--------------------------------- Captured Out ---------------------------------
/home/travis/build/bansan85/ocr-book/tests/0001_1.png
separation double page angle 90.58006996929848
separation double page y=0 2485

</system-out><system-err>--------------------------------- Captured Err ---------------------------------

</system-err></testcase><testcase classname="tests.test_features" name="test_mock_stop_at_2" time="63.025"><system-out>--------------------------------- Captured Log ---------------------------------

--------------------------------- Captured Out ---------------------------------
/home/travis/build/bansan85/ocr-book/tests/0001_2.png
separation double page angle 90.58006996929848
separation double page y=0 2485
page rotation 1 0.7000000000000001
page rotation 2 0.2

</system-out><system-err>--------------------------------- Captured Err ---------------------------------

</system-err></testcase><testcase classname="tests.test_features" name="test_mock_stop_at_3" time="63.960"><system-out>--------------------------------- Captured Log ---------------------------------

--------------------------------- Captured Out ---------------------------------
/home/travis/build/bansan85/ocr-book/tests/0001_3.png
separation double page angle 90.58006996929848
separation double page y=0 2485
page rotation 1 0.7000000000000001
page rotation 2 0.2
image 1 crop x1 330
image 1 crop y1 335
image 1 crop x2 2343
image 1 crop y2 3223
image 2 crop x1 171
image 2 crop y1 648
image 2 crop x2 2188
image 2 crop y2 3361

</system-out><system-err>--------------------------------- Captured Err ---------------------------------

</system-err></testcase><testcase classname="tests.test_features" name="test_mock_stop_at_4" time="64.529"><system-out>--------------------------------- Captured Log ---------------------------------

--------------------------------- Captured Out ---------------------------------
/home/travis/build/bansan85/ocr-book/tests/0001_4.png
separation double page angle 90.58006996929848
separation double page y=0 2485
page rotation 1 0.7000000000000001
page rotation 2 0.2
image 1 crop x1 330
image 1 crop y1 335
image 1 crop x2 2343
image 1 crop y2 3223
image 2 crop x1 171
image 2 crop y1 648
image 2 crop x2 2188
image 2 crop y2 3361
image 1 dpi 300
image 1 border top 324
image 1 border bottom 275
image 1 border left 223
image 1 border right 223
image 2 dpi 300
image 2 border top 671
image 2 border bottom 103
image 2 border left 221
image 2 border right 221

</system-out><system-err>--------------------------------- Captured Err ---------------------------------

</system-err></testcase><testcase classname="tests.test_features" name="test_mock_stop_at_5" time="66.426"><system-out>--------------------------------- Captured Log ---------------------------------

--------------------------------- Captured Out ---------------------------------
/home/travis/build/bansan85/ocr-book/tests/0001_5.png
separation double page angle 90.58006996929848
separation double page y=0 2485
page rotation 1 0.7000000000000001
page rotation 2 0.2
image 1 crop x1 330
image 1 crop y1 335
image 1 crop x2 2343
image 1 crop y2 3223
image 2 crop x1 171
image 2 crop y1 648
image 2 crop x2 2188
image 2 crop y2 3361
image 1 dpi 300
image 1 border top 324
image 1 border bottom 275
image 1 border left 223
image 1 border right 223
image 2 dpi 300
image 2 border top 671
image 2 border bottom 103
image 2 border left 221
image 2 border right 221

</system-out><system-err>--------------------------------- Captured Err ---------------------------------

</system-err></testcase><testcase classname="tests.test_images" name="test_0001_png" time="64.652"><system-out>--------------------------------- Captured Log ---------------------------------

--------------------------------- Captured Out ---------------------------------
/home/travis/build/bansan85/ocr-book/tests/0001.png
1605513034793295872 : Checking separation double page angle 90.58006996929848
1605513034793392384 : Checking separation double page y=0 2485
1605513047511613184 : Checking page rotation 1 0.7000000000000001
1605513063707529216 : Checking page rotation 2 0.2
1605513064947234304 : Checking image 1 crop x1 330
1605513064947314944 : Checking image 1 crop y1 335
1605513064947349760 : Checking image 1 crop x2 2343
1605513064947383040 : Checking image 1 crop y2 3223
1605513066386277376 : Checking image 2 crop x1 171
1605513066386374400 : Checking image 2 crop y1 648
1605513066386412288 : Checking image 2 crop x2 2188
1605513066386445312 : Checking image 2 crop y2 3361
1605513066413586688 : Checking image 1 dpi 300
1605513066413715968 : Checking image 1 border top 324
1605513066413796096 : Checking image 1 border bottom 275
1605513066413833216 : Checking image 1 border left 223
1605513066413861632 : Checking image 1 border right 223
1605513066415767552 : Checking image 2 dpi 300
1605513066415876608 : Checking image 2 border top 671
1605513066415906560 : Checking image 2 border bottom 103
1605513066415933696 : Checking image 2 border left 221
1605513066415961088 : Checking image 2 border right 221

</system-out><system-err>--------------------------------- Captured Err ---------------------------------

</system-err></testcase><testcase classname="tests.test_images" name="test_2_pages_2_contours_png" time="35.112"><system-out>--------------------------------- Captured Log ---------------------------------

--------------------------------- Captured Out ---------------------------------
/home/travis/build/bansan85/ocr-book/tests/2-pages-2-contours.png
1605513085995575296 : Checking separation double page angle 90.1075909464779
1605513085995673344 : Checking separation double page y=0 2487
1605513088209954304 : Checking page rotation 1 0.05
1605513099701120768 : Checking page rotation 2 0.30000000000000004
1605513100355386368 : Checking image 1 crop x1 1186
1605513100355462912 : Checking image 1 crop y1 1720
1605513100355492864 : Checking image 1 crop x2 1187
1605513100355520768 : Checking image 1 crop y2 1721
1605513101510883584 : Checking image 2 crop x1 101
1605513101510962688 : Checking image 2 crop y1 240
1605513101510997760 : Checking image 2 crop x2 2148
1605513101511030528 : Checking image 2 crop y2 3239
1605513101538040576 : Checking image 1 dpi 300
1605513101538142976 : Checking image 1 border top 1752
1605513101538173952 : Checking image 1 border bottom 1753
1605513101538201856 : Checking image 1 border left 1239
1605513101538238720 : Checking image 1 border right 1239
1605513101539635968 : Checking image 2 dpi 300
1605513101539746816 : Checking image 2 border top 230
1605513101539777024 : Checking image 2 border bottom 258
1605513101539804672 : Checking image 2 border left 206
1605513101539838720 : Checking image 2 border right 206

</system-out><system-err>--------------------------------- Captured Err ---------------------------------

</system-err></testcase><testcase classname="tests.test_images" name="test_black_border_not_removed_png" time="77.083"><system-out>--------------------------------- Captured Log ---------------------------------

--------------------------------- Captured Out ---------------------------------
/home/travis/build/bansan85/ocr-book/tests/black-border-not-removed.png
1605513141062630144 : Checking separation double page angle 90.00819725488924
1605513141062800640 : Checking separation double page y=0 2455
1605513154801049856 : Checking page rotation 1 0.05
1605513175351843328 : Checking page rotation 2 0.0
1605513176870862080 : Checking image 1 crop x1 298
1605513176870941696 : Checking image 1 crop y1 142
1605513176870977024 : Checking image 1 crop x2 2308
1605513176871010048 : Checking image 1 crop y2 3347
1605513178574568448 : Checking image 2 crop x1 157
1605513178574653952 : Checking image 2 crop y1 145
1605513178574693376 : Checking image 2 crop x2 2169
1605513178574730752 : Checking image 2 crop y2 3352
1605513178608789248 : Checking image 1 dpi 300
1605513178608954112 : Checking image 1 border top 127
1605513178609015552 : Checking image 1 border bottom 155
1605513178609050368 : Checking image 1 border left 225
1605513178609082624 : Checking image 1 border right 225
1605513178611526144 : Checking image 2 dpi 300
1605513178611678464 : Checking image 2 border top 130
1605513178611714304 : Checking image 2 border bottom 150
1605513178611742464 : Checking image 2 border left 224
1605513178611769856 : Checking image 2 border right 224

</system-out><system-err>--------------------------------- Captured Err ---------------------------------

</system-err></testcase><testcase classname="tests.test_images" name="test_image_failed_to_rotate_png" time="90.118"><system-out>--------------------------------- Captured Log ---------------------------------

--------------------------------- Captured Out ---------------------------------
/home/travis/build/bansan85/ocr-book/tests/image_failed_to_rotate.png
1605513234273128960 : Checking separation double page angle 90.29536293754038
1605513234273227776 : Checking separation double page y=0 2476
1605513240342941184 : Checking page rotation 1 0.4
1605513255021996800 : Checking page rotation 2 0.5
1605513267248808960 : Checking image 1 crop x1 34
1605513267248896768 : Checking image 1 crop y1 1
1605513267248928000 : Checking image 1 crop x2 2474
1605513267248958464 : Checking image 1 crop y2 3501
1605513268613838848 : Checking image 2 crop x1 182
1605513268613932288 : Checking image 2 crop y1 235
1605513268613967360 : Checking image 2 crop x2 2259
1605513268614000896 : Checking image 2 crop y2 3355
1605513268648124160 : Checking image 1 dpi 300
1605513268648281600 : Checking image 1 border top 4
1605513268648320256 : Checking image 1 border bottom 4
1605513268648349696 : Checking image 1 border left 20
1605513268648378368 : Checking image 1 border right 20
1605513268650232320 : Checking image 2 dpi 300
1605513268650370816 : Checking image 2 border top 227
1605513268650410496 : Checking image 2 border bottom 140
1605513268650438912 : Checking image 2 border left 191
1605513268650466816 : Checking image 2 border right 191

</system-out><system-err>--------------------------------- Captured Err ---------------------------------

</system-err></testcase><testcase classname="tests.test_images" name="test_image_failed_to_crop_data_png" time="98.275"><system-out>--------------------------------- Captured Log ---------------------------------

--------------------------------- Captured Out ---------------------------------
/home/travis/build/bansan85/ocr-book/tests/image_failed_to_crop_data.png
1605513334128692992 : Checking separation double page angle 89.97850448802879
1605513334128794880 : Checking separation double page y=0 2482
1605513341817646592 : Checking page rotation 1 0.05
1605513353639643648 : Checking page rotation 2 0.05
1605513365717867008 : Checking image 1 crop x1 52
1605513365717959936 : Checking image 1 crop y1 8
1605513365717991680 : Checking image 1 crop x2 2476
1605513365718021888 : Checking image 1 crop y2 3505
1605513366925269760 : Checking image 2 crop x1 155
1605513366925362688 : Checking image 2 crop y1 217
1605513366925398016 : Checking image 2 crop x2 2236
1605513366925431040 : Checking image 2 crop y2 3350
1605513366955095040 : Checking image 1 dpi 300
1605513366955225088 : Checking image 1 border top 5
1605513366955257856 : Checking image 1 border bottom 5
1605513366955286528 : Checking image 1 border left 28
1605513366955448320 : Checking image 1 border right 28
1605513366957230592 : Checking image 2 dpi 300
1605513366957368576 : Checking image 2 border top 209
1605513366957398528 : Checking image 2 border bottom 145
1605513366957426176 : Checking image 2 border left 189
1605513366957453056 : Checking image 2 border right 189

</system-out><system-err>--------------------------------- Captured Err ---------------------------------

</system-err></testcase><testcase classname="tests.test_images" name="test_wrong_angle_split_line_png" time="249.593"><system-out>--------------------------------- Captured Log ---------------------------------

--------------------------------- Captured Out ---------------------------------
/home/travis/build/bansan85/ocr-book/tests/wrong_angle_split_line.png
1605513426466422784 : Checking separation double page angle 90.21914172425146
1605513426466611456 : Checking separation double page y=0 2484
1605513565425451264 : Checking page rotation 1 0.2
1605513604318375680 : Checking page rotation 2 0.0
1605513615024538112 : Checking image 1 crop x1 61
1605513615024628992 : Checking image 1 crop y1 8
1605513615024660992 : Checking image 1 crop x2 2482
1605513615024691712 : Checking image 1 crop y2 3505
1605513616471468032 : Checking image 2 crop x1 165
1605513616471544064 : Checking image 2 crop y1 217
1605513616471578624 : Checking image 2 crop x2 2248
1605513616471612416 : Checking image 2 crop y2 3350
1605513616518882048 : Checking image 1 dpi 300
1605513616519008000 : Checking image 1 border top 5
1605513616519044096 : Checking image 1 border bottom 5
1605513616519077632 : Checking image 1 border left 30
1605513616519109888 : Checking image 1 border right 30
1605513616520836864 : Checking image 2 dpi 300
1605513616520964096 : Checking image 2 border top 196
1605513616520994816 : Checking image 2 border bottom 158
1605513616521022976 : Checking image 2 border left 188
1605513616521050624 : Checking image 2 border right 188

</system-out><system-err>--------------------------------- Captured Err ---------------------------------

</system-err></testcase></testsuite></testsuites>