<?xml version="1.0" encoding="utf-8"?><testsuites><testsuite name="pytest" errors="0" failures="0" skipped="0" tests="36" time="397.565" timestamp="2021-05-12T14:00:43.535633" hostname="fv-az91-878"><testcase classname="tests.test_features" name="test_mock_stop_at_0" time="0.050"><system-out>--------------------------------- Captured Log ---------------------------------

--------------------------------- Captured Out ---------------------------------
/home/runner/work/diptych/diptych/tests/0001_0.png

</system-out><system-err>--------------------------------- Captured Err ---------------------------------

</system-err></testcase><testcase classname="tests.test_features" name="test_disabled_enable_debug" time="24.228"><system-out>--------------------------------- Captured Log ---------------------------------

--------------------------------- Captured Out ---------------------------------
/home/runner/work/diptych/diptych/tests/0001_debug.png
separation double page angle 90.55756528497216
separation double page y=0 2484
page rotation 1 0.65
page rotation 2 0.2
image 1 crop x1 329
image 1 crop y1 335
image 1 crop x2 2344
image 1 crop y2 3222
image 2 crop x1 171
image 2 crop y1 648
image 2 crop x2 2188
image 2 crop y2 3361
image 1 dpi 300
image 1 border top 327
image 1 border bottom 273
image 1 border left 222
image 1 border right 222
image 2 dpi 300
image 2 border top 643
image 2 border bottom 131
image 2 border left 221
image 2 border right 221

</system-out><system-err>--------------------------------- Captured Err ---------------------------------

</system-err></testcase><testcase classname="tests.test_features" name="test_mock_stop_at_2" time="18.102"><system-out>--------------------------------- Captured Log ---------------------------------

--------------------------------- Captured Out ---------------------------------
/home/runner/work/diptych/diptych/tests/0001_2.png
separation double page angle 90.55756528497216
separation double page y=0 2484
page rotation 1 0.65
page rotation 2 0.2

</system-out><system-err>--------------------------------- Captured Err ---------------------------------

</system-err></testcase><testcase classname="tests.test_features" name="test_mock_stop_at_4" time="23.156"><system-out>--------------------------------- Captured Log ---------------------------------

--------------------------------- Captured Out ---------------------------------
/home/runner/work/diptych/diptych/tests/0001_4.png
separation double page angle 90.55756528497216
separation double page y=0 2484
page rotation 1 0.65
page rotation 2 0.2
image 1 crop x1 329
image 1 crop y1 335
image 1 crop x2 2344
image 1 crop y2 3222
image 2 crop x1 171
image 2 crop y1 648
image 2 crop x2 2188
image 2 crop y2 3361
image 1 dpi 300
image 1 border top 326
image 1 border bottom 274
image 1 border left 222
image 1 border right 222
image 2 dpi 300
image 2 border top 643
image 2 border bottom 131
image 2 border left 221
image 2 border right 221

</system-out><system-err>--------------------------------- Captured Err ---------------------------------

</system-err></testcase><testcase classname="tests.test_features" name="test_mock_stop_at_1" time="14.497"><system-out>--------------------------------- Captured Log ---------------------------------

--------------------------------- Captured Out ---------------------------------
/home/runner/work/diptych/diptych/tests/0001_1.png
separation double page angle 90.55756528497216
separation double page y=0 2484

</system-out><system-err>--------------------------------- Captured Err ---------------------------------

</system-err></testcase><testcase classname="tests.test_features" name="test_mock_stop_at_3" time="22.829"><system-out>--------------------------------- Captured Log ---------------------------------

--------------------------------- Captured Out ---------------------------------
/home/runner/work/diptych/diptych/tests/0001_3.png
separation double page angle 90.55756528497216
separation double page y=0 2484
page rotation 1 0.65
page rotation 2 0.2
image 1 crop x1 329
image 1 crop y1 335
image 1 crop x2 2344
image 1 crop y2 3222
image 2 crop x1 171
image 2 crop y1 648
image 2 crop x2 2188
image 2 crop y2 3361

</system-out><system-err>--------------------------------- Captured Err ---------------------------------

</system-err></testcase><testcase classname="tests.test_images" name="test_0001_png" time="20.713"><system-out>--------------------------------- Captured Log ---------------------------------

--------------------------------- Captured Out ---------------------------------
/home/runner/work/diptych/diptych/tests/0001.png
1620828098472492992 : Checking separation double page angle 90.55756528497216
1620828098472599096 : Checking separation double page y=0 2484
1620828099590582099 : Checking page rotation 1 0.65
1620828100991303330 : Checking page rotation 2 0.2
1620828104063552283 : Checking image 1 crop x1 329
1620828104063673085 : Checking image 1 crop y1 335
1620828104063709186 : Checking image 1 crop x2 2344
1620828104063739887 : Checking image 1 crop y2 3222
1620828106773321670 : Checking image 2 crop x1 171
1620828106773435073 : Checking image 2 crop y1 648
1620828106773472474 : Checking image 2 crop x2 2188
1620828106773503174 : Checking image 2 crop y2 3361
1620828106773651878 : Checking image 1 dpi 300
1620828106773719079 : Checking image 1 border top 326
1620828106773750280 : Checking image 1 border bottom 274
1620828106773778681 : Checking image 1 border left 222
1620828106773806781 : Checking image 1 border right 222
1620828106777090758 : Checking image 2 dpi 300
1620828106777145259 : Checking image 2 border top 643
1620828106777174860 : Checking image 2 border bottom 131
1620828106777202561 : Checking image 2 border left 221
1620828106777232261 : Checking image 2 border right 221

</system-out><system-err>--------------------------------- Captured Err ---------------------------------

</system-err></testcase><testcase classname="tests.test_features" name="test_mock_stop_at_5" time="23.845"><system-out>--------------------------------- Captured Log ---------------------------------

--------------------------------- Captured Out ---------------------------------
/home/runner/work/diptych/diptych/tests/0001_5.png
separation double page angle 90.55756528497216
separation double page y=0 2484
page rotation 1 0.65
page rotation 2 0.2
image 1 crop x1 329
image 1 crop y1 335
image 1 crop x2 2344
image 1 crop y2 3222
image 2 crop x1 171
image 2 crop y1 648
image 2 crop x2 2188
image 2 crop y2 3361
image 1 dpi 300
image 1 border top 326
image 1 border bottom 274
image 1 border left 222
image 1 border right 222
image 2 dpi 300
image 2 border top 643
image 2 border bottom 131
image 2 border left 221
image 2 border right 221

</system-out><system-err>--------------------------------- Captured Err ---------------------------------

</system-err></testcase><testcase classname="tests.test_images" name="test_black_border_not_removed_png" time="22.859"><system-out>--------------------------------- Captured Log ---------------------------------

--------------------------------- Captured Out ---------------------------------
/home/runner/work/diptych/diptych/tests/black-border-not-removed.png
1620828118846755993 : Checking separation double page angle 90.01516396500199
1620828118846868996 : Checking separation double page y=0 2455
1620828119846488861 : Checking page rotation 1 0.0
1620828121327918200 : Checking page rotation 2 0.1
1620828124244272931 : Checking image 1 crop x1 297
1620828124244396335 : Checking image 1 crop y1 143
1620828124244434336 : Checking image 1 crop x2 2309
1620828124244468637 : Checking image 1 crop y2 3346
1620828129618642187 : Checking image 2 crop x1 154
1620828129618786292 : Checking image 2 crop y1 144
1620828129618828593 : Checking image 2 crop x2 2168
1620828129618890495 : Checking image 2 crop y2 3351
1620828129619081301 : Checking image 1 dpi 300
1620828129619161603 : Checking image 1 border top 131
1620828129619200204 : Checking image 1 border bottom 153
1620828129619235605 : Checking image 1 border left 224
1620828129619270006 : Checking image 1 border right 224
1620828129623267230 : Checking image 2 dpi 300
1620828129623392434 : Checking image 2 border top 133
1620828129623429035 : Checking image 2 border bottom 147
1620828129623462036 : Checking image 2 border left 223
1620828129623494737 : Checking image 2 border right 223

</system-out><system-err>--------------------------------- Captured Err ---------------------------------

</system-err></testcase><testcase classname="tests.test_images" name="test_image_failed_to_rotate_png" time="28.725"><system-out>--------------------------------- Captured Log ---------------------------------

--------------------------------- Captured Out ---------------------------------
/home/runner/work/diptych/diptych/tests/image_failed_to_rotate.png
1620828145269971168 : Checking separation double page angle 90.35651650869968
1620828145270089272 : Checking separation double page y=0 2483
1620828147237861599 : Checking page rotation 1 0.45
1620828148549439710 : Checking page rotation 2 0.2
1620828154358542151 : Checking image 1 crop x1 31
1620828154358694255 : Checking image 1 crop y1 1
1620828154358738257 : Checking image 1 crop x2 2481
1620828154358790858 : Checking image 1 crop y2 3504
1620828158258523056 : Checking image 2 crop x1 171
1620828158258640360 : Checking image 2 crop y1 231
1620828158258677961 : Checking image 2 crop x2 2259
1620828158258712662 : Checking image 2 crop y2 3358
1620828158258862167 : Checking image 1 dpi 300
1620828158258931469 : Checking image 1 border top 2
1620828158258967170 : Checking image 1 border bottom 2
1620828158258999171 : Checking image 1 border left 15
1620828158259030372 : Checking image 1 border right 15
1620828158261757856 : Checking image 2 dpi 300
1620828158261824358 : Checking image 2 border top 217
1620828158261856559 : Checking image 2 border bottom 143
1620828158261886460 : Checking image 2 border left 186
1620828158261916061 : Checking image 2 border right 186

</system-out><system-err>--------------------------------- Captured Err ---------------------------------

</system-err></testcase><testcase classname="tests.test_images" name="test_2_pages_2_contours_png" time="16.051"><system-out>--------------------------------- Captured Log ---------------------------------

--------------------------------- Captured Out ---------------------------------
/home/runner/work/diptych/diptych/tests/2-pages-2-contours.png
1620828141017877881 : Checking separation double page angle 90.14230271514262
1620828141018000985 : Checking separation double page y=0 2488
1620828141662772767 : Checking page rotation 1 0.0
1620828142710239292 : Checking page rotation 2 0.2
1620828143618081225 : Checking image 1 crop x1 1189
1620828143618177928 : Checking image 1 crop y1 1751
1620828143618214029 : Checking image 1 crop x2 1190
1620828143618243130 : Checking image 1 crop y2 1752
1620828146222125759 : Checking image 2 crop x1 100
1620828146222243863 : Checking image 2 crop y1 240
1620828146222282164 : Checking image 2 crop x2 2148
1620828146222316365 : Checking image 2 crop y2 3240
1620828146222479470 : Checking image 1 dpi 300
1620828146222544372 : Checking image 1 border top 1752
1620828146222577273 : Checking image 1 border bottom 1753
1620828146222607674 : Checking image 1 border left 1239
1620828146222637375 : Checking image 1 border right 1239
1620828146224797741 : Checking image 2 dpi 300
1620828146224860443 : Checking image 2 border top 230
1620828146224892844 : Checking image 2 border bottom 256
1620828146224922045 : Checking image 2 border left 206
1620828146224951146 : Checking image 2 border right 206

</system-out><system-err>--------------------------------- Captured Err ---------------------------------

</system-err></testcase><testcase classname="tests.test_images" name="test_wrong_split_line_png" time="19.757"><system-out>--------------------------------- Captured Log ---------------------------------

--------------------------------- Captured Out ---------------------------------
/home/runner/work/diptych/diptych/tests/wrong_split_line.png
1620828160079503855 : Checking separation double page angle 89.95895720607972
1620828160079635959 : Checking separation double page y=0 2466
1620828161137614851 : Checking page rotation 1 -0.04999999999999689
1620828162156929853 : Checking page rotation 2 0.45
1620828163679393555 : Checking image 1 crop x1 211
1620828163679504959 : Checking image 1 crop y1 156
1620828163679565460 : Checking image 1 crop x2 2323
1620828163679605262 : Checking image 1 crop y2 3363
1620828165979623418 : Checking image 2 crop x1 123
1620828165979739921 : Checking image 2 crop y1 164
1620828165979779922 : Checking image 2 crop x2 2237
1620828165979816723 : Checking image 2 crop y2 3375
1620828165979989529 : Checking image 1 dpi 300
1620828165980063031 : Checking image 1 border top 135
1620828165980098932 : Checking image 1 border bottom 145
1620828165980131633 : Checking image 1 border left 174
1620828165980163434 : Checking image 1 border right 174
1620828165983174927 : Checking image 2 dpi 300
1620828165983236329 : Checking image 2 border top 141
1620828165983270030 : Checking image 2 border bottom 135
1620828165983301331 : Checking image 2 border left 173
1620828165983332332 : Checking image 2 border right 173

</system-out><system-err>--------------------------------- Captured Err ---------------------------------

</system-err></testcase><testcase classname="tests.test_images" name="test_image_failed_to_crop_data_png" time="39.811"><system-out>--------------------------------- Captured Log ---------------------------------

--------------------------------- Captured Out ---------------------------------
/home/runner/work/diptych/diptych/tests/image_failed_to_crop_data.png
1620828177732170163 : Checking separation double page angle 90.09350257645173
1620828177732277766 : Checking separation double page y=0 2479
1620828182231381494 : Checking page rotation 1 0.15000000000000002
1620828183386763888 : Checking page rotation 2 0.05
1620828194577269338 : Checking image 1 crop x1 46
1620828194577419443 : Checking image 1 crop y1 1
1620828194577462244 : Checking image 1 crop x2 2477
1620828194577501445 : Checking image 1 crop y2 3505
1620828198112723426 : Checking image 2 crop x1 164
1620828198112847730 : Checking image 2 crop y1 217
1620828198112887932 : Checking image 2 crop x2 2245
1620828198112925333 : Checking image 2 crop y2 3350
1620828198113098138 : Checking image 1 dpi 300
1620828198113175740 : Checking image 1 border top 2
1620828198113214842 : Checking image 1 border bottom 2
1620828198113249343 : Checking image 1 border left 25
1620828198113282444 : Checking image 1 border right 25
1620828198116140033 : Checking image 2 dpi 300
1620828198116211135 : Checking image 2 border top 206
1620828198116245536 : Checking image 2 border bottom 148
1620828198116277737 : Checking image 2 border left 189
1620828198116309438 : Checking image 2 border right 189

</system-out><system-err>--------------------------------- Captured Err ---------------------------------

</system-err></testcase><testcase classname="tests.test_images" name="test_crop_too_much_png" time="26.896"><system-out>--------------------------------- Captured Log ---------------------------------

--------------------------------- Captured Out ---------------------------------
/home/runner/work/diptych/diptych/tests/crop_too_much.png
1620828181152781024 : Checking separation double page angle 90.16929865985193
1620828181152886727 : Checking separation double page y=0 2456
1620828182824545823 : Checking page rotation 1 -0.04999999999999689
1620828184547508547 : Checking page rotation 2 0.2
1620828188303608531 : Checking image 1 crop x1 302
1620828188303742935 : Checking image 1 crop y1 148
1620828188303784536 : Checking image 1 crop x2 2314
1620828188303820337 : Checking image 1 crop y2 3351
1620828192850728676 : Checking image 2 crop x1 163
1620828192850849180 : Checking image 2 crop y1 151
1620828192850889781 : Checking image 2 crop x2 2187
1620828192850926482 : Checking image 2 crop y2 3363
1620828192851092187 : Checking image 1 dpi 300
1620828192851164990 : Checking image 1 border top 133
1620828192851201191 : Checking image 1 border bottom 151
1620828192851234492 : Checking image 1 border left 224
1620828192851267093 : Checking image 1 border right 224
1620828192854237985 : Checking image 2 dpi 300
1620828192854334988 : Checking image 2 border top 132
1620828192854372590 : Checking image 2 border bottom 143
1620828192854406591 : Checking image 2 border left 218
1620828192854439992 : Checking image 2 border right 218

</system-out><system-err>--------------------------------- Captured Err ---------------------------------

</system-err></testcase><testcase classname="tests.test_images" name="test_crop_too_few_png" time="19.116"><system-out>--------------------------------- Captured Log ---------------------------------

--------------------------------- Captured Out ---------------------------------
/home/runner/work/diptych/diptych/tests/crop_too_few.png
1620828206305276883 : Checking separation double page angle 89.49492328400886
1620828206305377086 : Checking separation double page y=0 2510
1620828207195566054 : Checking page rotation 1 -0.6499999999999977
1620828208205880929 : Checking page rotation 2 0.0
1620828210448234819 : Checking image 1 crop x1 263
1620828210448347623 : Checking image 1 crop y1 150
1620828210448382824 : Checking image 1 crop x2 2377
1620828210448412625 : Checking image 1 crop y2 3357
1620828212001682553 : Checking image 2 crop x1 139
1620828212001802456 : Checking image 2 crop y1 141
1620828212001840258 : Checking image 2 crop x2 2261
1620828212001874959 : Checking image 2 crop y2 3345
1620828212002060664 : Checking image 1 dpi 300
1620828212002136267 : Checking image 1 border top 129
1620828212002170868 : Checking image 1 border bottom 150
1620828212002202869 : Checking image 1 border left 173
1620828212002234270 : Checking image 1 border right 173
1620828212005281864 : Checking image 2 dpi 300
1620828212005363166 : Checking image 2 border top 130
1620828212005396367 : Checking image 2 border bottom 153
1620828212005426468 : Checking image 2 border left 169
1620828212005455869 : Checking image 2 border right 169

</system-out><system-err>--------------------------------- Captured Err ---------------------------------

</system-err></testcase><testcase classname="tests.test_images" name="test_wrong_angle_split_line_png" time="25.408"><system-out>--------------------------------- Captured Log ---------------------------------

--------------------------------- Captured Out ---------------------------------
/home/runner/work/diptych/diptych/tests/wrong_angle_split_line.png
1620828208870404733 : Checking separation double page angle 90.08791528895468
1620828208870513037 : Checking separation double page y=0 2478
1620828210195047907 : Checking page rotation 1 0.1
1620828211371699714 : Checking page rotation 2 0.1
1620828217825686936 : Checking image 1 crop x1 58
1620828217825977745 : Checking image 1 crop y1 6
1620828217826021047 : Checking image 1 crop x2 2476
1620828217826057948 : Checking image 1 crop y2 3501
1620828222856761716 : Checking image 2 crop x1 166
1620828222856884918 : Checking image 2 crop y1 218
1620828222856923319 : Checking image 2 crop x2 2244
1620828222856958720 : Checking image 2 crop y2 3349
1620828222857139124 : Checking image 1 dpi 300
1620828222857215726 : Checking image 1 border top 6
1620828222857250427 : Checking image 1 border bottom 6
1620828222857281827 : Checking image 1 border left 31
1620828222857312328 : Checking image 1 border right 31
1620828222865323810 : Checking image 2 dpi 300
1620828222865437813 : Checking image 2 border top 209
1620828222865471814 : Checking image 2 border bottom 147
1620828222865502114 : Checking image 2 border left 191
1620828222865531915 : Checking image 2 border right 191

</system-out><system-err>--------------------------------- Captured Err ---------------------------------

</system-err></testcase><testcase classname="tests.test_images" name="test_crop_too_much_2_png" time="26.256"><system-out>--------------------------------- Captured Log ---------------------------------

--------------------------------- Captured Out ---------------------------------
/home/runner/work/diptych/diptych/tests/crop_too_much_2.png
1620828228316656218 : Checking separation double page angle 90.15285326123045
1620828228316765521 : Checking separation double page y=0 2477
1620828229652659041 : Checking page rotation 1 0.15000000000000002
1620828231250773843 : Checking page rotation 2 0.2
1620828234208850793 : Checking image 1 crop x1 330
1620828234208972797 : Checking image 1 crop y1 132
1620828234209013198 : Checking image 1 crop x2 2342
1620828234209047699 : Checking image 1 crop y2 3335
1620828238226250781 : Checking image 2 crop x1 165
1620828238226360485 : Checking image 2 crop y1 139
1620828238226413586 : Checking image 2 crop x2 2178
1620828238226449487 : Checking image 2 crop y2 3345
1620828238226618993 : Checking image 1 dpi 300
1620828238226691595 : Checking image 1 border top 121
1620828238226727496 : Checking image 1 border bottom 163
1620828238226761097 : Checking image 1 border left 224
1620828238226793798 : Checking image 1 border right 224
1620828238230018600 : Checking image 2 dpi 300
1620828238230096003 : Checking image 2 border top 129
1620828238230132304 : Checking image 2 border bottom 152
1620828238230165105 : Checking image 2 border left 223
1620828238230197206 : Checking image 2 border right 223

</system-out><system-err>--------------------------------- Captured Err ---------------------------------

</system-err></testcase><testcase classname="tests.test_images" name="test_angle_page_lower_split_line_png" time="25.899"><system-out>--------------------------------- Captured Log ---------------------------------

--------------------------------- Captured Out ---------------------------------
/home/runner/work/diptych/diptych/tests/angle_page_lower_split_line.png
1620828241103722568 : Checking separation double page angle 89.74412725181848
1620828241103840171 : Checking separation double page y=0 2472
1620828242840940773 : Checking page rotation 1 -0.14999999999999067
1620828244178124043 : Checking page rotation 2 0.1
1620828245823409622 : Checking image 1 crop x1 241
1620828245823561027 : Checking image 1 crop y1 156
1620828245823608128 : Checking image 1 crop x2 2357
1620828245823645629 : Checking image 1 crop y2 3368
1620828249496675065 : Checking image 2 crop x1 151
1620828249496797668 : Checking image 2 crop y1 146
1620828249496836270 : Checking image 2 crop x2 2261
1620828249496872471 : Checking image 2 crop y2 3351
1620828249497035676 : Checking image 1 dpi 300
1620828249497110978 : Checking image 1 border top 140
1620828249497145079 : Checking image 1 border bottom 135
1620828249497176380 : Checking image 1 border left 172
1620828249497206681 : Checking image 1 border right 172
1620828249500619188 : Checking image 2 dpi 300
1620828249500684690 : Checking image 2 border top 131
1620828249500717291 : Checking image 2 border bottom 151
1620828249500747092 : Checking image 2 border left 175
1620828249500776493 : Checking image 2 border right 175

</system-out><system-err>--------------------------------- Captured Err ---------------------------------

</system-err></testcase><testcase classname="tests.test_images" name="test_wrong_split_line_2_png" time="34.337"><system-out>--------------------------------- Captured Log ---------------------------------

--------------------------------- Captured Out ---------------------------------
/home/runner/work/diptych/diptych/tests/wrong_split_line_2.png
1620828255939404521 : Checking separation double page angle 90.23635161124103
1620828255939501624 : Checking separation double page y=0 2437
1620828257731161610 : Checking page rotation 1 0.2
1620828259140271386 : Checking page rotation 2 0.2
1620828264373405413 : Checking image 1 crop x1 294
1620828264373515616 : Checking image 1 crop y1 136
1620828264373551118 : Checking image 1 crop x2 2325
1620828264373586119 : Checking image 1 crop y2 3376
1620828272572406970 : Checking image 2 crop x1 138
1620828272572529774 : Checking image 2 crop y1 190
1620828272572570675 : Checking image 2 crop x2 2174
1620828272572607976 : Checking image 2 crop y2 3389
1620828272572789282 : Checking image 1 dpi 300
1620828272572868185 : Checking image 1 border top 131
1620828272572903986 : Checking image 1 border bottom 116
1620828272572937187 : Checking image 1 border left 214
1620828272572969388 : Checking image 1 border right 214
1620828272577212221 : Checking image 2 dpi 300
1620828272577345825 : Checking image 2 border top 181
1620828272577383226 : Checking image 2 border bottom 107
1620828272577416327 : Checking image 2 border left 212
1620828272577448728 : Checking image 2 border right 212

</system-out><system-err>--------------------------------- Captured Err ---------------------------------

</system-err></testcase><testcase classname="tests.test_images" name="test_wrong_wave_split_line_png" time="33.042"><system-out>--------------------------------- Captured Log ---------------------------------

--------------------------------- Captured Out ---------------------------------
/home/runner/work/diptych/diptych/tests/wrong_wave_split_line.png
1620828265541616250 : Checking separation double page angle 90.42461655762611
1620828265541715153 : Checking separation double page y=0 2502
1620828267464116785 : Checking page rotation 1 -0.09999999999999377
1620828269596629633 : Checking page rotation 2 0.85
1620828275978899215 : Checking image 1 crop x1 384
1620828275979025019 : Checking image 1 crop y1 178
1620828275979063120 : Checking image 1 crop x2 2412
1620828275979096121 : Checking image 1 crop y2 3374
1620828282527110008 : Checking image 2 crop x1 7
1620828282527255113 : Checking image 2 crop y1 0
1620828282527292914 : Checking image 2 crop x2 2411
1620828282527401217 : Checking image 2 crop y2 3505
1620828282527597324 : Checking image 1 dpi 300
1620828282527686426 : Checking image 1 border top 173
1620828282527746528 : Checking image 1 border bottom 118
1620828282527778129 : Checking image 1 border left 216
1620828282527808630 : Checking image 1 border right 216
1620828282531121633 : Checking image 2 dpi 300
1620828282531182635 : Checking image 2 border top 1
1620828282531213936 : Checking image 2 border bottom 1
1620828282531243137 : Checking image 2 border left 38
1620828282531272338 : Checking image 2 border right 38

</system-out><system-err>--------------------------------- Captured Err ---------------------------------

</system-err></testcase><testcase classname="tests.test_images" name="test_small_wave_png" time="22.775"><system-out>--------------------------------- Captured Log ---------------------------------

--------------------------------- Captured Out ---------------------------------
/home/runner/work/diptych/diptych/tests/small_wave.png
1620828288845633593 : Checking separation double page angle 90.56494929955075
1620828288845738196 : Checking separation double page y=0 2495
1620828290459320924 : Checking page rotation 1 0.7
1620828291719031503 : Checking page rotation 2 0.65
1620828293156625386 : Checking image 1 crop x1 322
1620828293156736990 : Checking image 1 crop y1 199
1620828293156775891 : Checking image 1 crop x2 2351
1620828293156808792 : Checking image 1 crop y2 3394
1620828295358194469 : Checking image 2 crop x1 130
1620828295358307673 : Checking image 2 crop y1 222
1620828295358345574 : Checking image 2 crop x2 2163
1620828295358380575 : Checking image 2 crop y2 3420
1620828295358551380 : Checking image 1 dpi 300
1620828295358622083 : Checking image 1 border top 181
1620828295358655784 : Checking image 1 border bottom 111
1620828295358686285 : Checking image 1 border left 215
1620828295358716086 : Checking image 1 border right 215
1620828295362018589 : Checking image 2 dpi 300
1620828295362114892 : Checking image 2 border top 197
1620828295362148793 : Checking image 2 border bottom 92
1620828295362179294 : Checking image 2 border left 213
1620828295362209295 : Checking image 2 border right 213

</system-out><system-err>--------------------------------- Captured Err ---------------------------------

</system-err></testcase><testcase classname="tests.test_images" name="test_no_split_line_line_algo_png" time="21.507"><system-out>--------------------------------- Captured Log ---------------------------------

--------------------------------- Captured Out ---------------------------------
/home/runner/work/diptych/diptych/tests/no_split_line_line_algo.png
1620828294823260514 : Checking separation double page angle 89.47691469185418
1620828294823359717 : Checking separation double page y=0 2476
1620828295770145272 : Checking page rotation 1 -0.14999999999999067
1620828297263924659 : Checking page rotation 2 -0.14999999999999067
1620828299306450133 : Checking image 1 crop x1 205
1620828299306585638 : Checking image 1 crop y1 158
1620828299306625839 : Checking image 1 crop x2 2320
1620828299306662540 : Checking image 1 crop y2 3366
1620828304049376429 : Checking image 2 crop x1 185
1620828304049497932 : Checking image 2 crop y1 225
1620828304049536734 : Checking image 2 crop x2 2204
1620828304049583735 : Checking image 2 crop y2 3362
1620828304049758940 : Checking image 1 dpi 300
1620828304049833043 : Checking image 1 border top 144
1620828304049866844 : Checking image 1 border bottom 134
1620828304049898145 : Checking image 1 border left 172
1620828304049941246 : Checking image 1 border right 172
1620828304053320451 : Checking image 2 dpi 300
1620828304053388153 : Checking image 2 border top 223
1620828304053420054 : Checking image 2 border bottom 127
1620828304053449555 : Checking image 2 border left 220
1620828304053478656 : Checking image 2 border right 220

</system-out><system-err>--------------------------------- Captured Err ---------------------------------

</system-err></testcase><testcase classname="tests.test_images" name="test_wrong_split_line_3_png" time="25.698"><system-out>--------------------------------- Captured Log ---------------------------------

--------------------------------- Captured Out ---------------------------------
/home/runner/work/diptych/diptych/tests/wrong_split_line_3.png
1620828310418153828 : Checking separation double page angle 90.40515247895009
1620828310418244331 : Checking separation double page y=0 2495
1620828311626074435 : Checking page rotation 1 0.2
1620828312627278007 : Checking page rotation 2 0.85
1620828314568204537 : Checking image 1 crop x1 331
1620828314568315040 : Checking image 1 crop y1 166
1620828314568348341 : Checking image 1 crop x2 2377
1620828314568380842 : Checking image 1 crop y2 3375
1620828321075991985 : Checking image 2 crop x1 103
1620828321076108089 : Checking image 2 crop y1 207
1620828321076151590 : Checking image 2 crop x2 2136
1620828321076184891 : Checking image 2 crop y2 3414
1620828321076386797 : Checking image 1 dpi 300
1620828321076464300 : Checking image 1 border top 158
1620828321076501401 : Checking image 1 border bottom 120
1620828321076534102 : Checking image 1 border left 207
1620828321076565703 : Checking image 1 border right 207
1620828321079478593 : Checking image 2 dpi 300
1620828321079583496 : Checking image 2 border top 199
1620828321079620998 : Checking image 2 border bottom 81
1620828321079650698 : Checking image 2 border left 213
1620828321079679799 : Checking image 2 border right 213

</system-out><system-err>--------------------------------- Captured Err ---------------------------------

</system-err></testcase><testcase classname="tests.test_images" name="test_failed_split_line_line_algo_png" time="15.885"><system-out>--------------------------------- Captured Log ---------------------------------

--------------------------------- Captured Out ---------------------------------
/home/runner/work/diptych/diptych/tests/failed_split_line_line_algo.png
1620828314308871263 : Checking separation double page angle 90.0093502548779
1620828314308976266 : Checking separation double page y=0 2574
1620828315085848553 : Checking page rotation 1 0.0
1620828315664230661 : Checking page rotation 2 0.0
1620828318187758830 : Checking image 1 crop x1 411
1620828318187896534 : Checking image 1 crop y1 2927
1620828318187939635 : Checking image 1 crop x2 2422
1620828318187976637 : Checking image 1 crop y2 3172
1620828319962989030 : Checking image 2 crop x1 1191
1620828319963094233 : Checking image 2 crop y1 1745
1620828319963129334 : Checking image 2 crop x2 1192
1620828319963161135 : Checking image 2 crop y2 1746
1620828319963286339 : Checking image 1 dpi 300
1620828319963364042 : Checking image 1 border top 2920
1620828319963398243 : Checking image 1 border bottom 322
1620828319963429044 : Checking image 1 border left 224
1620828319963458845 : Checking image 1 border right 224
1620828319966253531 : Checking image 2 dpi 300
1620828319966316133 : Checking image 2 border top 1752
1620828319966351434 : Checking image 2 border bottom 1753
1620828319966381335 : Checking image 2 border left 1239
1620828319966410436 : Checking image 2 border right 1239

</system-out><system-err>--------------------------------- Captured Err ---------------------------------

</system-err></testcase><testcase classname="tests.test_images" name="test_failed_split_line_line_algo_2_png" time="23.089"><system-out>--------------------------------- Captured Log ---------------------------------

--------------------------------- Captured Out ---------------------------------
/home/runner/work/diptych/diptych/tests/failed_split_line_line_algo_2.png
1620828334484667901 : Checking separation double page angle 90.03732329462368
1620828334485984042 : Checking separation double page y=0 2499
1620828335939000243 : Checking page rotation 1 -0.09999999999999377
1620828337248068865 : Checking page rotation 2 0.5499999999999999
1620828340247197062 : Checking image 1 crop x1 273
1620828340247327866 : Checking image 1 crop y1 147
1620828340247364967 : Checking image 1 crop x2 2386
1620828340247399068 : Checking image 1 crop y2 3352
1620828343019477811 : Checking image 2 crop x1 122
1620828343019618515 : Checking image 2 crop y1 155
1620828343019654716 : Checking image 2 crop x2 2246
1620828343019688217 : Checking image 2 crop y2 3350
1620828343019851622 : Checking image 1 dpi 300
1620828343019924525 : Checking image 1 border top 137
1620828343019956126 : Checking image 1 border bottom 145
1620828343019985026 : Checking image 1 border left 173
1620828343020013327 : Checking image 1 border right 173
1620828343023456934 : Checking image 2 dpi 300
1620828343023522636 : Checking image 2 border top 133
1620828343023584638 : Checking image 2 border bottom 159
1620828343023612639 : Checking image 2 border left 168
1620828343023641240 : Checking image 2 border right 168

</system-out><system-err>--------------------------------- Captured Err ---------------------------------

</system-err></testcase><testcase classname="tests.test_images" name="test_crop_too_much_3_png" time="22.142"><system-out>--------------------------------- Captured Log ---------------------------------

--------------------------------- Captured Out ---------------------------------
/home/runner/work/diptych/diptych/tests/crop_too_much_3.png
1620828334185355058 : Checking separation double page angle 89.5934556679346
1620828334185467961 : Checking separation double page y=0 2499
1620828335518947176 : Checking page rotation 1 -0.8999999999999949
1620828337257569161 : Checking page rotation 2 -0.04999999999999689
1620828340465820662 : Checking image 1 crop x1 374
1620828340465938366 : Checking image 1 crop y1 258
1620828340465976567 : Checking image 1 crop x2 2385
1620828340466010168 : Checking image 1 crop y2 3459
1620828343213235106 : Checking image 2 crop x1 164
1620828343213345210 : Checking image 2 crop y1 229
1620828343213382511 : Checking image 2 crop x2 2183
1620828343213416812 : Checking image 2 crop y2 3416
1620828343213576517 : Checking image 1 dpi 300
1620828343214231637 : Checking image 1 border top 239
1620828343214279839 : Checking image 1 border bottom 46
1620828343214404543 : Checking image 1 border left 224
1620828343214449644 : Checking image 1 border right 224
1620828343217383635 : Checking image 2 dpi 300
1620828343217446037 : Checking image 2 border top 210
1620828343217478438 : Checking image 2 border bottom 90
1620828343217507739 : Checking image 2 border left 220
1620828343217539140 : Checking image 2 border right 220

</system-out><system-err>--------------------------------- Captured Err ---------------------------------

</system-err></testcase><testcase classname="tests.test_images" name="test_wrong_wave_split_line_2_png" time="24.964"><system-out>--------------------------------- Captured Log ---------------------------------

--------------------------------- Captured Out ---------------------------------
/home/runner/work/diptych/diptych/tests/wrong_wave_split_line_2.png
1620828360700516377 : Checking separation double page angle 90.7708958311329
1620828360700635181 : Checking separation double page y=0 2490
1620828361945766465 : Checking page rotation 1 0.2
1620828363277409724 : Checking page rotation 2 1.65
1620828364924979048 : Checking image 1 crop x1 227
1620828364925100652 : Checking image 1 crop y1 147
1620828364925138053 : Checking image 1 crop x2 2342
1620828364925173054 : Checking image 1 crop y2 3353
1620828367994554039 : Checking image 2 crop x1 106
1620828367994672843 : Checking image 2 crop y1 195
1620828367994709844 : Checking image 2 crop x2 2231
1620828367994744245 : Checking image 2 crop y2 3398
1620828367994906150 : Checking image 1 dpi 300
1620828367994978353 : Checking image 1 border top 136
1620828367995011554 : Checking image 1 border bottom 145
1620828367995043255 : Checking image 1 border left 172
1620828367995073755 : Checking image 1 border right 172
1620828367998879873 : Checking image 2 dpi 300
1620828367998990976 : Checking image 2 border top 165
1620828367999024777 : Checking image 2 border bottom 118
1620828367999055278 : Checking image 2 border left 167
1620828367999085179 : Checking image 2 border right 167

</system-out><system-err>--------------------------------- Captured Err ---------------------------------

</system-err></testcase><testcase classname="tests.test_images" name="test_wrong_wave_split_line_3_png" time="24.904"><system-out>--------------------------------- Captured Log ---------------------------------

--------------------------------- Captured Out ---------------------------------
/home/runner/work/diptych/diptych/tests/wrong_wave_split_line_3.png
1620828361419307994 : Checking separation double page angle 90.12715931778824
1620828361419532500 : Checking separation double page y=0 2514
1620828362868735293 : Checking page rotation 1 0.05
1620828364073630534 : Checking page rotation 2 0.2
1620828366141262141 : Checking image 1 crop x1 273
1620828366141364944 : Checking image 1 crop y1 220
1620828366141415246 : Checking image 1 crop x2 2383
1620828366141444647 : Checking image 1 crop y2 3423
1620828368130658339 : Checking image 2 crop x1 116
1620828368130773342 : Checking image 2 crop y1 225
1620828368130810943 : Checking image 2 crop x2 2242
1620828368130846044 : Checking image 2 crop y2 3415
1620828368131010349 : Checking image 1 dpi 300
1620828368131082752 : Checking image 1 border top 202
1620828368131116253 : Checking image 1 border bottom 82
1620828368131146954 : Checking image 1 border left 175
1620828368131176855 : Checking image 1 border right 175
1620828368134046743 : Checking image 2 dpi 300
1620828368134114345 : Checking image 2 border top 204
1620828368134146846 : Checking image 2 border bottom 93
1620828368134176047 : Checking image 2 border left 167
1620828368134205048 : Checking image 2 border right 167

</system-out><system-err>--------------------------------- Captured Err ---------------------------------

</system-err></testcase><testcase classname="tests.test_images" name="test_no_split_line_wave_algo_png" time="30.949"><system-out>--------------------------------- Captured Log ---------------------------------

--------------------------------- Captured Out ---------------------------------
/home/runner/work/diptych/diptych/tests/no_split_line_wave_algo.png
1620828380898281599 : Checking separation double page angle 89.79018091440821
1620828380898384902 : Checking separation double page y=0 2483
1620828383763608040 : Checking page rotation 1 0.0
1620828385157671252 : Checking page rotation 2 -0.44999999999999746
1620828392730884025 : Checking image 1 crop x1 97
1620828392730982928 : Checking image 1 crop y1 74
1620828392731017729 : Checking image 1 crop x2 2489
1620828392731049830 : Checking image 1 crop y2 3505
1620828398910017107 : Checking image 2 crop x1 164
1620828398910134810 : Checking image 2 crop y1 267
1620828398910173511 : Checking image 2 crop x2 2239
1620828398910206312 : Checking image 2 crop y2 3380
1620828398910365617 : Checking image 1 dpi 300
1620828398910440420 : Checking image 1 border top 38
1620828398910473521 : Checking image 1 border bottom 38
1620828398910504822 : Checking image 1 border left 44
1620828398910535123 : Checking image 1 border right 44
1620828398914026030 : Checking image 2 dpi 300
1620828398914101333 : Checking image 2 border top 257
1620828398914138834 : Checking image 2 border bottom 117
1620828398914171135 : Checking image 2 border left 192
1620828398914202836 : Checking image 2 border right 192

</system-out><system-err>--------------------------------- Captured Err ---------------------------------

</system-err></testcase><testcase classname="tests.test_images" name="test_no_split_line_wave_algo_2_png" time="19.901"><system-out>--------------------------------- Captured Log ---------------------------------

--------------------------------- Captured Out ---------------------------------
/home/runner/work/diptych/diptych/tests/no_split_line_wave_algo_2.png
1620828381767355432 : Checking separation double page angle 90.43362571535843
1620828381767465835 : Checking separation double page y=0 2473
1620828382770538500 : Checking page rotation 1 1.05
1620828383939954181 : Checking page rotation 2 0.15000000000000002
1620828386129269829 : Checking image 1 crop x1 267
1620828386129381033 : Checking image 1 crop y1 210
1620828386129416334 : Checking image 1 crop x2 2343
1620828386129447835 : Checking image 1 crop y2 3412
1620828388037190696 : Checking image 2 crop x1 165
1620828388037299599 : Checking image 2 crop y1 241
1620828388037334400 : Checking image 2 crop x2 2250
1620828388037365501 : Checking image 2 crop y2 3433
1620828388037524806 : Checking image 1 dpi 300
1620828388037593108 : Checking image 1 border top 192
1620828388037625009 : Checking image 1 border bottom 93
1620828388037654010 : Checking image 1 border left 192
1620828388037681611 : Checking image 1 border right 192
1620828388040897910 : Checking image 2 dpi 300
1620828388040985913 : Checking image 2 border top 224
1620828388041017414 : Checking image 2 border bottom 71
1620828388041045614 : Checking image 2 border left 187
1620828388041072915 : Checking image 2 border right 187

</system-out><system-err>--------------------------------- Captured Err ---------------------------------

</system-err></testcase><testcase classname="tests.test_images" name="test_failed_detect_rectangle_png" time="19.809"><system-out>--------------------------------- Captured Log ---------------------------------

--------------------------------- Captured Out ---------------------------------
/home/runner/work/diptych/diptych/tests/failed_detect_rectangle.png
1620828402616740696 : Checking separation double page angle 90.242273842964
1620828402616841899 : Checking separation double page y=0 2475
1620828403797837445 : Checking page rotation 1 0.2
1620828405140477279 : Checking page rotation 2 0.2
1620828406419796958 : Checking image 1 crop x1 257
1620828406419916962 : Checking image 1 crop y1 201
1620828406419956063 : Checking image 1 crop x2 2333
1620828406419989864 : Checking image 1 crop y2 3402
1620828407843956196 : Checking image 2 crop x1 137
1620828407844064899 : Checking image 2 crop y1 215
1620828407844103200 : Checking image 2 crop x2 2220
1620828407844136601 : Checking image 2 crop y2 3406
1620828407844289806 : Checking image 1 dpi 300
1620828407844359208 : Checking image 1 border top 188
1620828407844393609 : Checking image 1 border bottom 98
1620828407844424710 : Checking image 1 border left 192
1620828407844454211 : Checking image 1 border right 192
1620828407847040390 : Checking image 2 dpi 300
1620828407847098191 : Checking image 2 border top 201
1620828407847128892 : Checking image 2 border bottom 95
1620828407847158093 : Checking image 2 border left 188
1620828407847186794 : Checking image 2 border right 188

</system-out><system-err>--------------------------------- Captured Err ---------------------------------

</system-err></testcase><testcase classname="tests.test_images" name="test_crop_too_few_2_png" time="20.804"><system-out>--------------------------------- Captured Log ---------------------------------

--------------------------------- Captured Out ---------------------------------
/home/runner/work/diptych/diptych/tests/crop_too_few_2.png
1620828411443073770 : Checking separation double page angle 90.35461351371423
1620828411443177073 : Checking separation double page y=0 2533
1620828412824124339 : Checking page rotation 1 1.0999999999999999
1620828414073468906 : Checking page rotation 2 0.0
1620828416858703379 : Checking image 1 crop x1 289
1620828416858823883 : Checking image 1 crop y1 165
1620828416858859184 : Checking image 1 crop x2 2400
1620828416858894085 : Checking image 1 crop y2 3367
1620828419776368051 : Checking image 2 crop x1 152
1620828419776476154 : Checking image 2 crop y1 190
1620828419776522456 : Checking image 2 crop x2 2273
1620828419776553956 : Checking image 2 crop y2 3385
1620828419776708561 : Checking image 1 dpi 300
1620828419776779763 : Checking image 1 border top 157
1620828419776811164 : Checking image 1 border bottom 128
1620828419776841365 : Checking image 1 border left 174
1620828419776870766 : Checking image 1 border right 174
1620828419780304472 : Checking image 2 dpi 300
1620828419780370274 : Checking image 2 border top 176
1620828419780401075 : Checking image 2 border bottom 116
1620828419780428876 : Checking image 2 border left 169
1620828419780456077 : Checking image 2 border right 169

</system-out><system-err>--------------------------------- Captured Err ---------------------------------

</system-err></testcase><testcase classname="tests.test_images" name="test_single_page_png" time="6.239"><system-out>--------------------------------- Captured Log ---------------------------------

--------------------------------- Captured Out ---------------------------------
/home/runner/work/diptych/diptych/tests/single_page.png
1620828411081101470 : Checking separation double page angle 89.93006318861008
1620828411081221774 : Checking separation double page y=0 2472
1620828411889198728 : Checking page rotation 1 0.0
1620828411997757627 : Checking page rotation 2 0.0
1620828413641618082 : Checking image 1 crop x1 1
1620828413641723486 : Checking image 1 crop y1 8
1620828413641769187 : Checking image 1 crop x2 2470
1620828413641804188 : Checking image 1 crop y2 3505
1620828413773487590 : Checking image 2 crop x1 0
1620828413773602693 : Checking image 2 crop y1 0
1620828413773647295 : Checking image 2 crop x2 0
1620828413773687896 : Checking image 2 crop y2 0
1620828413773751398 : Checking image 1 dpi 300
1620828413773813600 : Checking image 1 border top 5
1620828413773856601 : Checking image 1 border bottom 5
1620828413773885202 : Checking image 1 border left 6
1620828413773913003 : Checking image 1 border right 6
1620828413780296997 : Checking image 2 border top 0
1620828413780368299 : Checking image 2 border bottom 0
1620828413780395300 : Checking image 2 border left 0
1620828413780421901 : Checking image 2 border right 0

</system-out><system-err>--------------------------------- Captured Err ---------------------------------

</system-err></testcase><testcase classname="tests.test_images" name="test_wrong_split_line_4_png" time="12.151"><system-out>--------------------------------- Captured Log ---------------------------------

--------------------------------- Captured Out ---------------------------------
/home/runner/work/diptych/diptych/tests/wrong_split_line_4.png
1620828422294779911 : Checking separation double page angle 90.92587744884125
1620828422294887214 : Checking separation double page y=0 58
1620828422396623551 : Checking page rotation 1 0.5499999999999999
1620828423537144016 : Checking page rotation 2 1.0999999999999999
1620828424236203368 : Checking image 1 crop x1 0
1620828424236279571 : Checking image 1 crop y1 0
1620828424236308872 : Checking image 1 crop x2 0
1620828424236336472 : Checking image 1 crop y2 0
1620828426294368224 : Checking image 2 crop x1 290
1620828426294481427 : Checking image 2 crop y1 330
1620828426294516328 : Checking image 2 crop x2 2314
1620828426294547629 : Checking image 2 crop y2 3217
1620828426294692834 : Checking image 1 border top 0
1620828426294729835 : Checking image 1 border bottom 0
1620828426294758636 : Checking image 1 border left 0
1620828426294785837 : Checking image 1 border right 0
1620828426294831438 : Checking image 2 dpi 300
1620828426294892540 : Checking image 2 border top 322
1620828426294923341 : Checking image 2 border bottom 278
1620828426294953142 : Checking image 2 border left 218
1620828426294981043 : Checking image 2 border right 218

</system-out><system-err>--------------------------------- Captured Err ---------------------------------

</system-err></testcase><testcase classname="tests.test_images" name="test_no_split_line_wave_algo_3_png" time="10.682"><system-out>--------------------------------- Captured Log ---------------------------------

--------------------------------- Captured Out ---------------------------------
/home/runner/work/diptych/diptych/tests/no_split_line_wave_algo_3.png
1620828427070804062 : Checking separation double page angle 90.18184445198425
1620828427070921366 : Checking separation double page y=0 2405
1620828427843192776 : Checking page rotation 1 0.0
1620828427982610874 : Checking page rotation 2 0.0
1620828429978811819 : Checking image 1 crop x1 184
1620828429978916822 : Checking image 1 crop y1 2957
1620828429978952423 : Checking image 1 crop x2 2201
1620828429978983224 : Checking image 1 crop y2 3202
1620828430439327917 : Checking image 2 crop x1 0
1620828430439405720 : Checking image 2 crop y1 0
1620828430439435321 : Checking image 2 crop x2 0
1620828430439463321 : Checking image 2 crop y2 0
1620828430439532624 : Checking image 1 dpi 300
1620828430439611026 : Checking image 1 border top 2950
1620828430439644027 : Checking image 1 border bottom 292
1620828430439675728 : Checking image 1 border left 221
1620828430439705529 : Checking image 1 border right 221
1620828430446092226 : Checking image 2 border top 0
1620828430446157828 : Checking image 2 border bottom 0
1620828430446187729 : Checking image 2 border left 0
1620828430446216530 : Checking image 2 border right 0

</system-out><system-err>--------------------------------- Captured Err ---------------------------------

</system-err></testcase><testcase classname="tests.test_images" name="test_failed_split_line_line_algo_3_png" time="12.762"><system-out>--------------------------------- Captured Log ---------------------------------

--------------------------------- Captured Out ---------------------------------
/home/runner/work/diptych/diptych/tests/failed_split_line_line_algo_3.png
1620828434004582053 : Checking separation double page angle 90.02403976140027
1620828434004696457 : Checking separation double page y=0 39
1620828434074090297 : Checking page rotation 1 0.0
1620828434838957982 : Checking page rotation 2 0.0
1620828435132271926 : Checking image 1 crop x1 0
1620828435132346629 : Checking image 1 crop y1 0
1620828435132377630 : Checking image 1 crop x2 0
1620828435132406930 : Checking image 1 crop y2 0
1620828439070618368 : Checking image 2 crop x1 249
1620828439070713571 : Checking image 2 crop y1 154
1620828439070747372 : Checking image 2 crop x2 2264
1620828439070779273 : Checking image 2 crop y2 3361
1620828439070943578 : Checking image 1 border top 0
1620828439070982879 : Checking image 1 border bottom 0
1620828439071013380 : Checking image 1 border left 0
1620828439071042281 : Checking image 1 border right 0
1620828439071089782 : Checking image 2 dpi 300
1620828439071151284 : Checking image 2 border top 146
1620828439071184685 : Checking image 2 border bottom 134
1620828439071214986 : Checking image 2 border left 222
1620828439071243987 : Checking image 2 border right 222

</system-out><system-err>--------------------------------- Captured Err ---------------------------------

</system-err></testcase></testsuite></testsuites>