<?xml version="1.0" encoding="utf-8"?><testsuites><testsuite errors="0" failures="0" hostname="fv-az136-982" name="pytest" skipped="0" tests="36" time="775.507" timestamp="2020-12-28T16:29:22.544651"><testcase classname="tests.test_features" name="test_mock_stop_at_0" time="0.044"><system-out>--------------------------------- Captured Log ---------------------------------

--------------------------------- Captured Out ---------------------------------
/home/runner/work/ocr-book/ocr-book/tests/0001_0.png

</system-out><system-err>--------------------------------- Captured Err ---------------------------------

</system-err></testcase><testcase classname="tests.test_features" name="test_disabled_enable_debug" time="38.371"><system-out>--------------------------------- Captured Log ---------------------------------

--------------------------------- Captured Out ---------------------------------
/home/runner/work/ocr-book/ocr-book/tests/0001_debug.png
separation double page angle 90.5528088189967
separation double page y=0 2485
page rotation 1 0.5499999999999999
page rotation 2 0.2
image 1 crop x1 327
image 1 crop y1 334
image 1 crop x2 2346
image 1 crop y2 3221
image 2 crop x1 169
image 2 crop y1 648
image 2 crop x2 2186
image 2 crop y2 3361
image 1 dpi 300
image 1 border top 332
image 1 border bottom 268
image 1 border left 220
image 1 border right 220
image 2 dpi 300
image 2 border top 643
image 2 border bottom 131
image 2 border left 221
image 2 border right 221

</system-out><system-err>--------------------------------- Captured Err ---------------------------------

</system-err></testcase><testcase classname="tests.test_features" name="test_mock_stop_at_2" time="32.733"><system-out>--------------------------------- Captured Log ---------------------------------

--------------------------------- Captured Out ---------------------------------
/home/runner/work/ocr-book/ocr-book/tests/0001_2.png
separation double page angle 90.5528088189967
separation double page y=0 2485
page rotation 1 0.5499999999999999
page rotation 2 0.2

</system-out><system-err>--------------------------------- Captured Err ---------------------------------

</system-err></testcase><testcase classname="tests.test_features" name="test_mock_stop_at_4" time="35.788"><system-out>--------------------------------- Captured Log ---------------------------------

--------------------------------- Captured Out ---------------------------------
/home/runner/work/ocr-book/ocr-book/tests/0001_4.png
separation double page angle 90.5528088189967
separation double page y=0 2485
page rotation 1 0.5499999999999999
page rotation 2 0.2
image 1 crop x1 327
image 1 crop y1 334
image 1 crop x2 2346
image 1 crop y2 3221
image 2 crop x1 169
image 2 crop y1 648
image 2 crop x2 2186
image 2 crop y2 3361
image 1 dpi 300
image 1 border top 332
image 1 border bottom 268
image 1 border left 220
image 1 border right 220
image 2 dpi 300
image 2 border top 643
image 2 border bottom 131
image 2 border left 221
image 2 border right 221

</system-out><system-err>--------------------------------- Captured Err ---------------------------------

</system-err></testcase><testcase classname="tests.test_features" name="test_mock_stop_at_1" time="29.739"><system-out>--------------------------------- Captured Log ---------------------------------

--------------------------------- Captured Out ---------------------------------
/home/runner/work/ocr-book/ocr-book/tests/0001_1.png
separation double page angle 90.5528088189967
separation double page y=0 2485

</system-out><system-err>--------------------------------- Captured Err ---------------------------------

</system-err></testcase><testcase classname="tests.test_features" name="test_mock_stop_at_3" time="36.555"><system-out>--------------------------------- Captured Log ---------------------------------

--------------------------------- Captured Out ---------------------------------
/home/runner/work/ocr-book/ocr-book/tests/0001_3.png
separation double page angle 90.5528088189967
separation double page y=0 2485
page rotation 1 0.5499999999999999
page rotation 2 0.2
image 1 crop x1 327
image 1 crop y1 334
image 1 crop x2 2346
image 1 crop y2 3221
image 2 crop x1 169
image 2 crop y1 648
image 2 crop x2 2186
image 2 crop y2 3361

</system-out><system-err>--------------------------------- Captured Err ---------------------------------

</system-err></testcase><testcase classname="tests.test_images" name="test_0001_png" time="46.406"><system-out>--------------------------------- Captured Log ---------------------------------

--------------------------------- Captured Out ---------------------------------
/home/runner/work/ocr-book/ocr-book/tests/0001.png
1609173067313740037 : Checking separation double page angle 90.5528088189967
1609173067313861942 : Checking separation double page y=0 2485
1609173069521665072 : Checking page rotation 1 0.5499999999999999
1609173072181373331 : Checking page rotation 2 0.2
1609173075518092337 : Checking image 1 crop x1 327
1609173075518255844 : Checking image 1 crop y1 334
1609173075518303247 : Checking image 1 crop x2 2346
1609173075518342748 : Checking image 1 crop y2 3221
1609173078489696566 : Checking image 2 crop x1 169
1609173078489832571 : Checking image 2 crop y1 648
1609173078489875873 : Checking image 2 crop x2 2186
1609173078489912775 : Checking image 2 crop y2 3361
1609173078524104313 : Checking image 1 dpi 300
1609173078524207917 : Checking image 1 border top 332
1609173078524246518 : Checking image 1 border bottom 268
1609173078524279620 : Checking image 1 border left 220
1609173078524311621 : Checking image 1 border right 220
1609173078526507407 : Checking image 2 dpi 300
1609173078526586810 : Checking image 2 border top 643
1609173078526622411 : Checking image 2 border bottom 131
1609173078526655413 : Checking image 2 border left 221
1609173078526688314 : Checking image 2 border right 221

</system-out><system-err>--------------------------------- Captured Err ---------------------------------

</system-err></testcase><testcase classname="tests.test_features" name="test_mock_stop_at_5" time="36.747"><system-out>--------------------------------- Captured Log ---------------------------------

--------------------------------- Captured Out ---------------------------------
/home/runner/work/ocr-book/ocr-book/tests/0001_5.png
separation double page angle 90.5528088189967
separation double page y=0 2485
page rotation 1 0.5499999999999999
page rotation 2 0.2
image 1 crop x1 327
image 1 crop y1 334
image 1 crop x2 2346
image 1 crop y2 3221
image 2 crop x1 169
image 2 crop y1 648
image 2 crop x2 2186
image 2 crop y2 3361
image 1 dpi 300
image 1 border top 332
image 1 border bottom 268
image 1 border left 220
image 1 border right 220
image 2 dpi 300
image 2 border top 643
image 2 border bottom 131
image 2 border left 221
image 2 border right 221

</system-out><system-err>--------------------------------- Captured Err ---------------------------------

</system-err></testcase><testcase classname="tests.test_images" name="test_black_border_not_removed_png" time="46.769"><system-out>--------------------------------- Captured Log ---------------------------------

--------------------------------- Captured Out ---------------------------------
/home/runner/work/ocr-book/ocr-book/tests/black-border-not-removed.png
1609173113398326813 : Checking separation double page angle 90.033171103531
1609173113398459519 : Checking separation double page y=0 2455
1609173115660410068 : Checking page rotation 1 0.0
1609173118297862088 : Checking page rotation 2 0.05
1609173122003143262 : Checking image 1 crop x1 297
1609173122003277968 : Checking image 1 crop y1 143
1609173122003321371 : Checking image 1 crop x2 2309
1609173122003359272 : Checking image 1 crop y2 3346
1609173125268327586 : Checking image 2 crop x1 157
1609173125268448392 : Checking image 2 crop y1 145
1609173125268488894 : Checking image 2 crop x2 2170
1609173125268525095 : Checking image 2 crop y2 3351
1609173125306194847 : Checking image 1 dpi 300
1609173125306272751 : Checking image 1 border top 132
1609173125306310053 : Checking image 1 border bottom 152
1609173125306342254 : Checking image 1 border left 224
1609173125306373855 : Checking image 1 border right 224
1609173125308465653 : Checking image 2 dpi 300
1609173125308531956 : Checking image 2 border top 134
1609173125308566757 : Checking image 2 border bottom 147
1609173125308597559 : Checking image 2 border left 223
1609173125308628560 : Checking image 2 border right 223

</system-out><system-err>--------------------------------- Captured Err ---------------------------------

</system-err></testcase><testcase classname="tests.test_images" name="test_2_pages_2_contours_png" time="31.260"><system-out>--------------------------------- Captured Log ---------------------------------

--------------------------------- Captured Out ---------------------------------
/home/runner/work/ocr-book/ocr-book/tests/2-pages-2-contours.png
1609173127374061117 : Checking separation double page angle 90.09036871657068
1609173127374209223 : Checking separation double page y=0 2486
1609173129011895387 : Checking page rotation 1 0.0
1609173131170148660 : Checking page rotation 2 0.2
1609173132916315087 : Checking image 1 crop x1 1191
1609173132916423592 : Checking image 1 crop y1 1750
1609173132916461894 : Checking image 1 crop x2 1192
1609173132916495295 : Checking image 1 crop y2 1751
1609173136217502311 : Checking image 2 crop x1 99
1609173136217639317 : Checking image 2 crop y1 240
1609173136217687719 : Checking image 2 crop x2 2147
1609173136217729421 : Checking image 2 crop y2 3240
1609173136249372539 : Checking image 1 dpi 300
1609173136249487044 : Checking image 1 border top 1752
1609173136249529946 : Checking image 1 border bottom 1753
1609173136249581248 : Checking image 1 border left 1239
1609173136249648151 : Checking image 1 border right 1239
1609173136251974155 : Checking image 2 dpi 300
1609173136252045359 : Checking image 2 border top 229
1609173136252079860 : Checking image 2 border bottom 258
1609173136252110861 : Checking image 2 border left 206
1609173136252141563 : Checking image 2 border right 206

</system-out><system-err>--------------------------------- Captured Err ---------------------------------

</system-err></testcase><testcase classname="tests.test_images" name="test_image_failed_to_rotate_png" time="55.874"><system-out>--------------------------------- Captured Log ---------------------------------

--------------------------------- Captured Out ---------------------------------
/home/runner/work/ocr-book/ocr-book/tests/image_failed_to_rotate.png
1609173159592288792 : Checking separation double page angle 90.13063640287984
1609173159592441999 : Checking separation double page y=0 2479
1609173162951530887 : Checking page rotation 1 0.45
1609173165428094242 : Checking page rotation 2 0.2
1609173176708257775 : Checking image 1 crop x1 31
1609173176708391181 : Checking image 1 crop y1 1
1609173176708437283 : Checking image 1 crop x2 2477
1609173176708477685 : Checking image 1 crop y2 3504
1609173181014360514 : Checking image 2 crop x1 161
1609173181014502421 : Checking image 2 crop y1 231
1609173181014547423 : Checking image 2 crop x2 2249
1609173181014596325 : Checking image 2 crop y2 3359
1609173181057324605 : Checking image 1 dpi 300
1609173181057450611 : Checking image 1 border top 2
1609173181057526715 : Checking image 1 border bottom 2
1609173181057563717 : Checking image 1 border left 17
1609173181057600018 : Checking image 1 border right 17
1609173181060665360 : Checking image 2 dpi 300
1609173181060768165 : Checking image 2 border top 216
1609173181060808867 : Checking image 2 border bottom 143
1609173181060844869 : Checking image 2 border left 186
1609173181060880670 : Checking image 2 border right 186

</system-out><system-err>--------------------------------- Captured Err ---------------------------------

</system-err></testcase><testcase classname="tests.test_images" name="test_wrong_split_line_png" time="37.686"><system-out>--------------------------------- Captured Log ---------------------------------

--------------------------------- Captured Out ---------------------------------
/home/runner/work/ocr-book/ocr-book/tests/wrong_split_line.png
1609173164296683832 : Checking separation double page angle 89.93395720607973
1609173164296792537 : Checking separation double page y=0 2465
1609173166321839686 : Checking page rotation 1 -0.04999999999999689
1609173168375433383 : Checking page rotation 2 0.5499999999999999
1609173170738751507 : Checking image 1 crop x1 211
1609173170739395737 : Checking image 1 crop y1 156
1609173170739446540 : Checking image 1 crop x2 2323
1609173170739493542 : Checking image 1 crop y2 3363
1609173173895572439 : Checking image 2 crop x1 125
1609173173895701545 : Checking image 2 crop y1 166
1609173173895748248 : Checking image 2 crop x2 2236
1609173173895792450 : Checking image 2 crop y2 3373
1609173173929599516 : Checking image 1 dpi 300
1609173173929707621 : Checking image 1 border top 134
1609173173929748523 : Checking image 1 border bottom 146
1609173173929784625 : Checking image 1 border left 174
1609173173929818726 : Checking image 1 border right 174
1609173173931808418 : Checking image 2 dpi 300
1609173173931876322 : Checking image 2 border top 146
1609173173931913023 : Checking image 2 border bottom 134
1609173173931946425 : Checking image 2 border left 174
1609173173931979426 : Checking image 2 border right 174

</system-out><system-err>--------------------------------- Captured Err ---------------------------------

</system-err></testcase><testcase classname="tests.test_images" name="test_crop_too_much_png" time="59.381"><system-out>--------------------------------- Captured Log ---------------------------------

--------------------------------- Captured Out ---------------------------------
/home/runner/work/ocr-book/ocr-book/tests/crop_too_much.png
1609173220845868754 : Checking separation double page angle 90.13239409272954
1609173220845982259 : Checking separation double page y=0 2455
1609173223851190217 : Checking page rotation 1 0.0
1609173226835575209 : Checking page rotation 2 0.2
1609173230341492194 : Checking image 1 crop x1 303
1609173230341648901 : Checking image 1 crop y1 148
1609173230341703903 : Checking image 1 crop x2 2313
1609173230341749005 : Checking image 1 crop y2 3351
1609173233248326050 : Checking image 2 crop x1 162
1609173233248459356 : Checking image 2 crop y1 151
1609173233248507758 : Checking image 2 crop x2 2186
1609173233248554160 : Checking image 2 crop y2 3363
1609173233292625399 : Checking image 1 dpi 300
1609173233292733904 : Checking image 1 border top 132
1609173233292772506 : Checking image 1 border bottom 152
1609173233292807207 : Checking image 1 border left 225
1609173233292839209 : Checking image 1 border right 225
1609173233294952706 : Checking image 2 dpi 300
1609173233295040710 : Checking image 2 border top 132
1609173233295082012 : Checking image 2 border bottom 143
1609173233295117614 : Checking image 2 border left 218
1609173233295153216 : Checking image 2 border right 218

</system-out><system-err>--------------------------------- Captured Err ---------------------------------

</system-err></testcase><testcase classname="tests.test_images" name="test_image_failed_to_crop_data_png" time="59.884"><system-out>--------------------------------- Captured Log ---------------------------------

--------------------------------- Captured Out ---------------------------------
/home/runner/work/ocr-book/ocr-book/tests/image_failed_to_crop_data.png
1609173216755201312 : Checking separation double page angle 90.053197600644
1609173216755305017 : Checking separation double page y=0 2480
1609173221198806821 : Checking page rotation 1 0.15000000000000002
1609173223532404934 : Checking page rotation 2 0.0
1609173236924068524 : Checking image 1 crop x1 51
1609173236924218531 : Checking image 1 crop y1 7
1609173236924265934 : Checking image 1 crop x2 2478
1609173236924307436 : Checking image 1 crop y2 3505
1609173240955806709 : Checking image 2 crop x1 160
1609173240955942515 : Checking image 2 crop y1 217
1609173240955998718 : Checking image 2 crop x2 2242
1609173240956041320 : Checking image 2 crop y2 3350
1609173240989393185 : Checking image 1 dpi 300
1609173240989514491 : Checking image 1 border top 5
1609173240989560293 : Checking image 1 border bottom 5
1609173240989596295 : Checking image 1 border left 27
1609173240989668998 : Checking image 1 border right 27
1609173240991949605 : Checking image 2 dpi 300
1609173240992033609 : Checking image 2 border top 206
1609173240992072511 : Checking image 2 border bottom 148
1609173240992108313 : Checking image 2 border left 189
1609173240992144115 : Checking image 2 border right 189

</system-out><system-err>--------------------------------- Captured Err ---------------------------------

</system-err></testcase><testcase classname="tests.test_images" name="test_crop_too_few_png" time="39.250"><system-out>--------------------------------- Captured Log ---------------------------------

--------------------------------- Captured Out ---------------------------------
/home/runner/work/ocr-book/ocr-book/tests/crop_too_few.png
1609173262640480806 : Checking separation double page angle 89.54670238452755
1609173262640593011 : Checking separation double page y=0 2512
1609173264789330571 : Checking page rotation 1 -0.6000000000000009
1609173267060276004 : Checking page rotation 2 0.0
1609173269871359741 : Checking image 1 crop x1 263
1609173269871487847 : Checking image 1 crop y1 150
1609173269871557851 : Checking image 1 crop x2 2379
1609173269871596852 : Checking image 1 crop y2 3358
1609173272552536410 : Checking image 2 crop x1 137
1609173272552676216 : Checking image 2 crop y1 141
1609173272552733819 : Checking image 2 crop x2 2259
1609173272552776221 : Checking image 2 crop y2 3345
1609173272582066776 : Checking image 1 dpi 300
1609173272582150280 : Checking image 1 border top 130
1609173272582200682 : Checking image 1 border bottom 149
1609173272582250985 : Checking image 1 border left 172
1609173272582286786 : Checking image 1 border right 172
1609173272584230976 : Checking image 2 dpi 300
1609173272584286579 : Checking image 2 border top 130
1609173272584320380 : Checking image 2 border bottom 153
1609173272584351382 : Checking image 2 border left 169
1609173272584382283 : Checking image 2 border right 169

</system-out><system-err>--------------------------------- Captured Err ---------------------------------

</system-err></testcase><testcase classname="tests.test_images" name="test_wrong_angle_split_line_png" time="65.403"><system-out>--------------------------------- Captured Log ---------------------------------

--------------------------------- Captured Out ---------------------------------
/home/runner/work/ocr-book/ocr-book/tests/wrong_angle_split_line.png
1609173275361983513 : Checking separation double page angle 90.09193420006348
1609173275362098219 : Checking separation double page y=0 2478
1609173280935755131 : Checking page rotation 1 0.1
1609173284607179808 : Checking page rotation 2 0.1
1609173298559188551 : Checking image 1 crop x1 58
1609173298559320958 : Checking image 1 crop y1 6
1609173298559363059 : Checking image 1 crop x2 2476
1609173298559399661 : Checking image 1 crop y2 3501
1609173305600484983 : Checking image 2 crop x1 166
1609173305600614389 : Checking image 2 crop y1 218
1609173305600654790 : Checking image 2 crop x2 2244
1609173305600691792 : Checking image 2 crop y2 3349
1609173305764319171 : Checking image 1 dpi 300
1609173305764459778 : Checking image 1 border top 6
1609173305764505380 : Checking image 1 border bottom 6
1609173305764543081 : Checking image 1 border left 31
1609173305764579583 : Checking image 1 border right 31
1609173305773169181 : Checking image 2 dpi 300
1609173305773294987 : Checking image 2 border top 207
1609173305773335689 : Checking image 2 border bottom 149
1609173305773370990 : Checking image 2 border left 191
1609173305773404892 : Checking image 2 border right 191

</system-out><system-err>--------------------------------- Captured Err ---------------------------------

</system-err></testcase><testcase classname="tests.test_images" name="test_crop_too_much_2_png" time="65.121"><system-out>--------------------------------- Captured Log ---------------------------------

--------------------------------- Captured Out ---------------------------------
/home/runner/work/ocr-book/ocr-book/tests/crop_too_much_2.png
1609173324329423892 : Checking separation double page angle 90.1149074900787
1609173324329533197 : Checking separation double page y=0 2478
1609173326988509983 : Checking page rotation 1 0.15000000000000002
1609173330022500234 : Checking page rotation 2 0.2
1609173333342322640 : Checking image 1 crop x1 330
1609173333342444345 : Checking image 1 crop y1 132
1609173333342487147 : Checking image 1 crop x2 2342
1609173333342526249 : Checking image 1 crop y2 3335
1609173337610991289 : Checking image 2 crop x1 162
1609173337611122495 : Checking image 2 crop y1 139
1609173337611169798 : Checking image 2 crop x2 2175
1609173337611214100 : Checking image 2 crop y2 3345
1609173337664039248 : Checking image 1 dpi 300
1609173337664150653 : Checking image 1 border top 122
1609173337664193755 : Checking image 1 border bottom 162
1609173337664233257 : Checking image 1 border left 224
1609173337664269059 : Checking image 1 border right 224
1609173337666306053 : Checking image 2 dpi 300
1609173337666380757 : Checking image 2 border top 130
1609173337666418458 : Checking image 2 border bottom 151
1609173337666453760 : Checking image 2 border left 223
1609173337666488762 : Checking image 2 border right 223

</system-out><system-err>--------------------------------- Captured Err ---------------------------------

</system-err></testcase><testcase classname="tests.test_images" name="test_angle_page_lower_split_line_png" time="44.603"><system-out>--------------------------------- Captured Log ---------------------------------

--------------------------------- Captured Out ---------------------------------
/home/runner/work/ocr-book/ocr-book/tests/angle_page_lower_split_line.png
1609173337917102877 : Checking separation double page angle 89.74927707086691
1609173337917215983 : Checking separation double page y=0 2474
1609173340657317184 : Checking page rotation 1 -0.14999999999999067
1609173343679236104 : Checking page rotation 2 0.1
1609173347364531587 : Checking image 1 crop x1 241
1609173347364690194 : Checking image 1 crop y1 156
1609173347364735196 : Checking image 1 crop x2 2357
1609173347364776698 : Checking image 1 crop y2 3368
1609173351036775632 : Checking image 2 crop x1 149
1609173351036917539 : Checking image 2 crop y1 146
1609173351036962441 : Checking image 2 crop x2 2259
1609173351037004243 : Checking image 2 crop y2 3351
1609173351075585831 : Checking image 1 dpi 300
1609173351075705037 : Checking image 1 border top 140
1609173351075747539 : Checking image 1 border bottom 135
1609173351075784840 : Checking image 1 border left 172
1609173351075820342 : Checking image 1 border right 172
1609173351077861137 : Checking image 2 dpi 300
1609173351077942340 : Checking image 2 border top 131
1609173351077980742 : Checking image 2 border bottom 151
1609173351078015944 : Checking image 2 border left 175
1609173351078051245 : Checking image 2 border right 175

</system-out><system-err>--------------------------------- Captured Err ---------------------------------

</system-err></testcase><testcase classname="tests.test_images" name="test_wrong_split_line_2_png" time="65.968"><system-out>--------------------------------- Captured Log ---------------------------------

--------------------------------- Captured Out ---------------------------------
/home/runner/work/ocr-book/ocr-book/tests/wrong_split_line_2.png
1609173385250646952 : Checking separation double page angle 90.19944704411863
1609173385250770658 : Checking separation double page y=0 2437
1609173387946119321 : Checking page rotation 1 0.2
1609173390677681815 : Checking page rotation 2 0.2
1609173395620091771 : Checking image 1 crop x1 294
1609173395620214977 : Checking image 1 crop y1 136
1609173395620254879 : Checking image 1 crop x2 2325
1609173395620294781 : Checking image 1 crop y2 3376
1609173403598046970 : Checking image 2 crop x1 136
1609173403598185476 : Checking image 2 crop y1 190
1609173403598233979 : Checking image 2 crop x2 2172
1609173403598280281 : Checking image 2 crop y2 3389
1609173403646652142 : Checking image 1 dpi 300
1609173403646768148 : Checking image 1 border top 131
1609173403646806750 : Checking image 1 border bottom 116
1609173403646842351 : Checking image 1 border left 214
1609173403646875253 : Checking image 1 border right 214
1609173403649315567 : Checking image 2 dpi 300
1609173403649424972 : Checking image 2 border top 181
1609173403649461374 : Checking image 2 border bottom 107
1609173403649493075 : Checking image 2 border left 212
1609173403649524477 : Checking image 2 border right 212

</system-out><system-err>--------------------------------- Captured Err ---------------------------------

</system-err></testcase><testcase classname="tests.test_images" name="test_wrong_wave_split_line_png" time="62.609"><system-out>--------------------------------- Captured Log ---------------------------------

--------------------------------- Captured Out ---------------------------------
/home/runner/work/ocr-book/ocr-book/tests/wrong_wave_split_line.png
1609173394417772601 : Checking separation double page angle 90.37878604107719
1609173394417892607 : Checking separation double page y=0 2500
1609173397028017624 : Checking page rotation 1 -0.14999999999999067
1609173400217027309 : Checking page rotation 2 0.9
1609173407079069165 : Checking image 1 crop x1 385
1609173407079203671 : Checking image 1 crop y1 179
1609173407079247273 : Checking image 1 crop x2 2411
1609173407079285575 : Checking image 1 crop y2 3374
1609173413630845992 : Checking image 2 crop x1 17
1609173413630976898 : Checking image 2 crop y1 8
1609173413631021401 : Checking image 2 crop x2 2399
1609173413631060402 : Checking image 2 crop y2 3391
1609173413678594513 : Checking image 1 dpi 300
1609173413678724620 : Checking image 1 border top 173
1609173413678780622 : Checking image 1 border bottom 119
1609173413678817424 : Checking image 1 border left 217
1609173413678853326 : Checking image 1 border right 217
1609173413681100430 : Checking image 2 dpi 300
1609173413681197535 : Checking image 2 border top 0
1609173413681235336 : Checking image 2 border bottom 114
1609173413681279338 : Checking image 2 border left 49
1609173413681325641 : Checking image 2 border right 49

</system-out><system-err>--------------------------------- Captured Err ---------------------------------

</system-err></testcase><testcase classname="tests.test_images" name="test_small_wave_png" time="61.136"><system-out>--------------------------------- Captured Log ---------------------------------

--------------------------------- Captured Out ---------------------------------
/home/runner/work/ocr-book/ocr-book/tests/small_wave.png
1609173454364141349 : Checking separation double page angle 90.58816928841564
1609173454364246454 : Checking separation double page y=0 2497
1609173457336862760 : Checking page rotation 1 0.65
1609173459889136309 : Checking page rotation 2 0.65
1609173462464767240 : Checking image 1 crop x1 320
1609173462464889946 : Checking image 1 crop y1 199
1609173462464934148 : Checking image 1 crop x2 2353
1609173462464973650 : Checking image 1 crop y2 3394
1609173464746553543 : Checking image 2 crop x1 130
1609173464746676949 : Checking image 2 crop y1 222
1609173464746721951 : Checking image 2 crop x2 2163
1609173464746764253 : Checking image 2 crop y2 3420
1609173464785205939 : Checking image 1 dpi 300
1609173464785292543 : Checking image 1 border top 179
1609173464785332445 : Checking image 1 border bottom 112
1609173464785370146 : Checking image 1 border left 213
1609173464785404048 : Checking image 1 border right 213
1609173464787359539 : Checking image 2 dpi 300
1609173464787425342 : Checking image 2 border top 197
1609173464787461544 : Checking image 2 border bottom 92
1609173464787494645 : Checking image 2 border left 213
1609173464787527447 : Checking image 2 border right 213

</system-out><system-err>--------------------------------- Captured Err ---------------------------------

</system-err></testcase><testcase classname="tests.test_images" name="test_no_split_line_line_algo_png" time="42.789"><system-out>--------------------------------- Captured Log ---------------------------------

--------------------------------- Captured Out ---------------------------------
/home/runner/work/ocr-book/ocr-book/tests/no_split_line_line_algo.png
1609173445105494457 : Checking separation double page angle 89.47691469185418
1609173445105629964 : Checking separation double page y=0 2476
1609173447153756226 : Checking page rotation 1 -0.14999999999999067
1609173449631147713 : Checking page rotation 2 -0.14999999999999067
1609173451891145810 : Checking image 1 crop x1 205
1609173451891266516 : Checking image 1 crop y1 158
1609173451891306917 : Checking image 1 crop x2 2320
1609173451891343819 : Checking image 1 crop y2 3366
1609173456452087795 : Checking image 2 crop x1 185
1609173456452211600 : Checking image 2 crop y1 225
1609173456452251902 : Checking image 2 crop x2 2204
1609173456452288904 : Checking image 2 crop y2 3362
1609173456491417324 : Checking image 1 dpi 300
1609173456491511729 : Checking image 1 border top 144
1609173456491550531 : Checking image 1 border bottom 134
1609173456491583732 : Checking image 1 border left 172
1609173456491615834 : Checking image 1 border right 172
1609173456493323813 : Checking image 2 dpi 300
1609173456493404417 : Checking image 2 border top 224
1609173456493453719 : Checking image 2 border bottom 126
1609173456493487421 : Checking image 2 border left 220
1609173456493526323 : Checking image 2 border right 220

</system-out><system-err>--------------------------------- Captured Err ---------------------------------

</system-err></testcase><testcase classname="tests.test_images" name="test_failed_split_line_line_algo_png" time="26.012"><system-out>--------------------------------- Captured Log ---------------------------------

--------------------------------- Captured Out ---------------------------------
/home/runner/work/ocr-book/ocr-book/tests/failed_split_line_line_algo.png
1609173474685648302 : Checking separation double page angle 90.04134220573248
1609173474685760507 : Checking separation double page y=0 2573
1609173476564153380 : Checking page rotation 1 -0.09999999999999377
1609173478149729310 : Checking page rotation 2 0.1
1609173480762958043 : Checking image 1 crop x1 408
1609173480763109751 : Checking image 1 crop y1 2926
1609173480763155753 : Checking image 1 crop x2 2420
1609173480763195455 : Checking image 1 crop y2 3173
1609173482522238065 : Checking image 2 crop x1 1184
1609173482522352570 : Checking image 2 crop y1 1745
1609173482522390972 : Checking image 2 crop x2 1185
1609173482522424473 : Checking image 2 crop y2 1746
1609173482522714687 : Checking image 1 dpi 300
1609173482522792790 : Checking image 1 border top 2922
1609173482522830392 : Checking image 1 border bottom 318
1609173482522864894 : Checking image 1 border left 224
1609173482522898395 : Checking image 1 border right 224
1609173482524130053 : Checking image 2 dpi 300
1609173482524181155 : Checking image 2 border top 1753
1609173482524215357 : Checking image 2 border bottom 1753
1609173482524248158 : Checking image 2 border left 1239
1609173482524281160 : Checking image 2 border right 1239

</system-out><system-err>--------------------------------- Captured Err ---------------------------------

</system-err></testcase><testcase classname="tests.test_images" name="test_wrong_split_line_3_png" time="45.892"><system-out>--------------------------------- Captured Log ---------------------------------

--------------------------------- Captured Out ---------------------------------
/home/runner/work/ocr-book/ocr-book/tests/wrong_split_line_3.png
1609173499737750195 : Checking separation double page angle 90.43729500214694
1609173499737864800 : Checking separation double page y=0 2498
1609173502843884912 : Checking page rotation 1 0.2
1609173505349691090 : Checking page rotation 2 0.85
1609173507968071596 : Checking image 1 crop x1 331
1609173507968216302 : Checking image 1 crop y1 166
1609173507968262805 : Checking image 1 crop x2 2377
1609173507968306307 : Checking image 1 crop y2 3375
1609173510651889783 : Checking image 2 crop x1 102
1609173510652025589 : Checking image 2 crop y1 207
1609173510652073891 : Checking image 2 crop x2 2135
1609173510652119794 : Checking image 2 crop y2 3414
1609173510691476520 : Checking image 1 dpi 300
1609173510691589525 : Checking image 1 border top 158
1609173510691630527 : Checking image 1 border bottom 120
1609173510691668329 : Checking image 1 border left 207
1609173510691702130 : Checking image 1 border right 207
1609173510693999437 : Checking image 2 dpi 300
1609173510694083441 : Checking image 2 border top 186
1609173510694120443 : Checking image 2 border bottom 94
1609173510694154044 : Checking image 2 border left 213
1609173510694187146 : Checking image 2 border right 213

</system-out><system-err>--------------------------------- Captured Err ---------------------------------

</system-err></testcase><testcase classname="tests.test_images" name="test_failed_split_line_line_algo_2_png" time="49.032"><system-out>--------------------------------- Captured Log ---------------------------------

--------------------------------- Captured Out ---------------------------------
/home/runner/work/ocr-book/ocr-book/tests/failed_split_line_line_algo_2.png
1609173520345349508 : Checking separation double page angle 90.03068774449687
1609173520345460614 : Checking separation double page y=0 2500
1609173523207641554 : Checking page rotation 1 0.05
1609173525830573661 : Checking page rotation 2 0.5499999999999999
1609173528537397334 : Checking image 1 crop x1 271
1609173528537536840 : Checking image 1 crop y1 149
1609173528537592643 : Checking image 1 crop x2 2382
1609173528537667946 : Checking image 1 crop y2 3354
1609173531489919814 : Checking image 2 crop x1 120
1609173531490048720 : Checking image 2 crop y1 155
1609173531490088322 : Checking image 2 crop x2 2244
1609173531490125824 : Checking image 2 crop y2 3350
1609173531530758110 : Checking image 1 dpi 300
1609173531530866716 : Checking image 1 border top 141
1609173531530905017 : Checking image 1 border bottom 141
1609173531530938019 : Checking image 1 border left 174
1609173531530969820 : Checking image 1 border right 174
1609173531532902910 : Checking image 2 dpi 300
1609173531532963413 : Checking image 2 border top 140
1609173531532996814 : Checking image 2 border bottom 152
1609173531533028416 : Checking image 2 border left 168
1609173531533059617 : Checking image 2 border right 168

</system-out><system-err>--------------------------------- Captured Err ---------------------------------

</system-err></testcase><testcase classname="tests.test_images" name="test_crop_too_much_3_png" time="50.577"><system-out>--------------------------------- Captured Log ---------------------------------

--------------------------------- Captured Out ---------------------------------
/home/runner/work/ocr-book/ocr-book/tests/crop_too_much_3.png
1609173549058191915 : Checking separation double page angle 89.49330634783144
1609173549058308721 : Checking separation double page y=0 2498
1609173552144404572 : Checking page rotation 1 -0.8999999999999949
1609173555107598117 : Checking page rotation 2 -0.14999999999999067
1609173558051309347 : Checking image 1 crop x1 374
1609173558051431653 : Checking image 1 crop y1 258
1609173558051474555 : Checking image 1 crop x2 2385
1609173558051513457 : Checking image 1 crop y2 3459
1609173561214923696 : Checking image 2 crop x1 168
1609173561215062003 : Checking image 2 crop y1 228
1609173561215109805 : Checking image 2 crop x2 2181
1609173561215155107 : Checking image 2 crop y2 3417
1609173561263044134 : Checking image 1 dpi 300
1609173561263159240 : Checking image 1 border top 239
1609173561263202742 : Checking image 1 border bottom 47
1609173561263243144 : Checking image 1 border left 224
1609173561263278945 : Checking image 1 border right 224
1609173561265833064 : Checking image 2 dpi 300
1609173561265914568 : Checking image 2 border top 209
1609173561266018973 : Checking image 2 border bottom 89
1609173561266068975 : Checking image 2 border left 223
1609173561266105577 : Checking image 2 border right 223

</system-out><system-err>--------------------------------- Captured Err ---------------------------------

</system-err></testcase><testcase classname="tests.test_images" name="test_wrong_wave_split_line_2_png" time="52.026"><system-out>--------------------------------- Captured Log ---------------------------------

--------------------------------- Captured Out ---------------------------------
/home/runner/work/ocr-book/ocr-book/tests/wrong_wave_split_line_2.png
1609173571480919112 : Checking separation double page angle 90.7708958311329
1609173571481029617 : Checking separation double page y=0 2490
1609173574300548443 : Checking page rotation 1 0.2
1609173577192278401 : Checking page rotation 2 1.65
1609173579799378724 : Checking image 1 crop x1 227
1609173579799509730 : Checking image 1 crop y1 147
1609173579799551832 : Checking image 1 crop x2 2342
1609173579799591334 : Checking image 1 crop y2 3353
1609173583508402691 : Checking image 2 crop x1 106
1609173583508549798 : Checking image 2 crop y1 195
1609173583508594500 : Checking image 2 crop x2 2231
1609173583508636302 : Checking image 2 crop y2 3398
1609173583557908991 : Checking image 1 dpi 300
1609173583558000696 : Checking image 1 border top 136
1609173583558038597 : Checking image 1 border bottom 145
1609173583558070999 : Checking image 1 border left 172
1609173583558102900 : Checking image 1 border right 172
1609173583559762677 : Checking image 2 dpi 300
1609173583559823380 : Checking image 2 border top 165
1609173583559857182 : Checking image 2 border bottom 118
1609173583559887983 : Checking image 2 border left 167
1609173583559918485 : Checking image 2 border right 167

</system-out><system-err>--------------------------------- Captured Err ---------------------------------

</system-err></testcase><testcase classname="tests.test_images" name="test_wrong_wave_split_line_3_png" time="49.188"><system-out>--------------------------------- Captured Log ---------------------------------

--------------------------------- Captured Out ---------------------------------
/home/runner/work/ocr-book/ocr-book/tests/wrong_wave_split_line_3.png
1609173599346938820 : Checking separation double page angle 90.05826063695574
1609173599347051025 : Checking separation double page y=0 2514
1609173602452245522 : Checking page rotation 1 0.0
1609173605146613288 : Checking page rotation 2 0.2
1609173608103421044 : Checking image 1 crop x1 274
1609173608103664355 : Checking image 1 crop y1 221
1609173608103714958 : Checking image 1 crop x2 2383
1609173608103760560 : Checking image 1 crop y2 3422
1609173610449369622 : Checking image 2 crop x1 112
1609173610449490728 : Checking image 2 crop y1 225
1609173610449533230 : Checking image 2 crop x2 2238
1609173610449573432 : Checking image 2 crop y2 3415
1609173610485359888 : Checking image 1 dpi 300
1609173610485448692 : Checking image 1 border top 201
1609173610485486094 : Checking image 1 border bottom 85
1609173610485521496 : Checking image 1 border left 175
1609173610485689804 : Checking image 1 border right 175
1609173610487773500 : Checking image 2 dpi 300
1609173610487841803 : Checking image 2 border top 207
1609173610487878205 : Checking image 2 border bottom 90
1609173610487911606 : Checking image 2 border left 167
1609173610487944408 : Checking image 2 border right 167

</system-out><system-err>--------------------------------- Captured Err ---------------------------------

</system-err></testcase><testcase classname="tests.test_images" name="test_no_split_line_wave_algo_png" time="59.808"><system-out>--------------------------------- Captured Log ---------------------------------

--------------------------------- Captured Out ---------------------------------
/home/runner/work/ocr-book/ocr-book/tests/no_split_line_wave_algo.png
1609173618193058628 : Checking separation double page angle 89.72500000000001
1609173618193184634 : Checking separation double page y=0 2484
1609173622484845903 : Checking page rotation 1 0.0
1609173625170931008 : Checking page rotation 2 -0.44999999999999746
1609173635516125560 : Checking image 1 crop x1 97
1609173635516214264 : Checking image 1 crop y1 79
1609173635516254366 : Checking image 1 crop x2 2494
1609173635516290768 : Checking image 1 crop y2 3505
1609173643287465700 : Checking image 2 crop x1 163
1609173643287598206 : Checking image 2 crop y1 267
1609173643287643608 : Checking image 2 crop x2 2238
1609173643287682610 : Checking image 2 crop y2 3380
1609173643325931886 : Checking image 1 dpi 300
1609173643326024290 : Checking image 1 border top 41
1609173643326062092 : Checking image 1 border bottom 41
1609173643326094594 : Checking image 1 border left 42
1609173643326126195 : Checking image 1 border right 42
1609173643327804973 : Checking image 2 dpi 300
1609173643327863776 : Checking image 2 border top 255
1609173643327897277 : Checking image 2 border bottom 119
1609173643327928279 : Checking image 2 border left 192
1609173643327959380 : Checking image 2 border right 192

</system-out><system-err>--------------------------------- Captured Err ---------------------------------

</system-err></testcase><testcase classname="tests.test_images" name="test_no_split_line_wave_algo_2_png" time="40.724"><system-out>--------------------------------- Captured Log ---------------------------------

--------------------------------- Captured Out ---------------------------------
/home/runner/work/ocr-book/ocr-book/tests/no_split_line_wave_algo_2.png
1609173641755582470 : Checking separation double page angle 90.54999999999998
1609173641755709476 : Checking separation double page y=0 2478
1609173643993878901 : Checking page rotation 1 1.0999999999999999
1609173646246260981 : Checking page rotation 2 0.2
1609173648779814811 : Checking image 1 crop x1 266
1609173648779940517 : Checking image 1 crop y1 210
1609173648779983119 : Checking image 1 crop x2 2342
1609173648780023420 : Checking image 1 crop y2 3413
1609173651157318295 : Checking image 2 crop x1 168
1609173651157457201 : Checking image 2 crop y1 241
1609173651157505103 : Checking image 2 crop x2 2251
1609173651157550406 : Checking image 2 crop y2 3433
1609173651197788874 : Checking image 1 dpi 300
1609173651197909479 : Checking image 1 border top 192
1609173651197952481 : Checking image 1 border bottom 91
1609173651197991383 : Checking image 1 border left 192
1609173651198027285 : Checking image 1 border right 192
1609173651200779613 : Checking image 2 dpi 300
1609173651200869317 : Checking image 2 border top 224
1609173651200908019 : Checking image 2 border bottom 71
1609173651200943620 : Checking image 2 border left 188
1609173651200978822 : Checking image 2 border right 188

</system-out><system-err>--------------------------------- Captured Err ---------------------------------

</system-err></testcase><testcase classname="tests.test_images" name="test_crop_too_few_2_png" time="41.708"><system-out>--------------------------------- Captured Log ---------------------------------

--------------------------------- Captured Out ---------------------------------
/home/runner/work/ocr-book/ocr-book/tests/crop_too_few_2.png
1609173674603762464 : Checking separation double page angle 90.30476192320097
1609173674603873070 : Checking separation double page y=0 2531
1609173676864390485 : Checking page rotation 1 1.0999999999999999
1609173679116277514 : Checking page rotation 2 -0.04999999999999689
1609173681962380229 : Checking image 1 crop x1 289
1609173681962519735 : Checking image 1 crop y1 165
1609173681962562437 : Checking image 1 crop x2 2400
1609173681962602239 : Checking image 1 crop y2 3367
1609173685063708591 : Checking image 2 crop x1 149
1609173685063834397 : Checking image 2 crop y1 189
1609173685063873698 : Checking image 2 crop x2 2273
1609173685063913900 : Checking image 2 crop y2 3386
1609173685100305290 : Checking image 1 dpi 300
1609173685100396894 : Checking image 1 border top 157
1609173685100438596 : Checking image 1 border bottom 128
1609173685100474297 : Checking image 1 border left 174
1609173685100509199 : Checking image 1 border right 174
1609173685102379286 : Checking image 2 dpi 300
1609173685102446889 : Checking image 2 border top 181
1609173685102483791 : Checking image 2 border bottom 109
1609173685102517992 : Checking image 2 border left 168
1609173685102551694 : Checking image 2 border right 168

</system-out><system-err>--------------------------------- Captured Err ---------------------------------

</system-err></testcase><testcase classname="tests.test_images" name="test_failed_detect_rectangle_png" time="48.101"><system-out>--------------------------------- Captured Log ---------------------------------

--------------------------------- Captured Out ---------------------------------
/home/runner/work/ocr-book/ocr-book/tests/failed_detect_rectangle.png
1609173688912982597 : Checking separation double page angle 90.19837516213148
1609173688913094102 : Checking separation double page y=0 2474
1609173691395934003 : Checking page rotation 1 0.2
1609173693999034106 : Checking page rotation 2 0.15000000000000002
1609173696236709199 : Checking image 1 crop x1 257
1609173696236828305 : Checking image 1 crop y1 201
1609173696236870907 : Checking image 1 crop x2 2333
1609173696236910108 : Checking image 1 crop y2 3402
1609173699257206238 : Checking image 2 crop x1 135
1609173699257325043 : Checking image 2 crop y1 214
1609173699257366045 : Checking image 2 crop x2 2219
1609173699257405047 : Checking image 2 crop y2 3406
1609173699301376689 : Checking image 1 dpi 300
1609173699301479694 : Checking image 1 border top 188
1609173699301517695 : Checking image 1 border bottom 97
1609173699301552497 : Checking image 1 border left 192
1609173699301584398 : Checking image 1 border right 192
1609173699303801401 : Checking image 2 dpi 300
1609173699303880005 : Checking image 2 border top 202
1609173699303921507 : Checking image 2 border bottom 93
1609173699303957109 : Checking image 2 border left 188
1609173699304003711 : Checking image 2 border right 188

</system-out><system-err>--------------------------------- Captured Err ---------------------------------

</system-err></testcase><testcase classname="tests.test_images" name="test_single_page_png" time="24.877"><system-out>--------------------------------- Captured Log ---------------------------------

--------------------------------- Captured Out ---------------------------------
/home/runner/work/ocr-book/ocr-book/tests/single_page.png
1609173696294176767 : Checking separation double page angle 90.04999999999998
1609173696294292273 : Checking separation double page y=0 2476
1609173700917172609 : Checking page rotation 1 0.0
1609173701525255833 : Checking page rotation 2 0.0
1609173708981969188 : Checking image 1 crop x1 1
1609173708982057692 : Checking image 1 crop y1 8
1609173708982096694 : Checking image 1 crop x2 2470
1609173708982132796 : Checking image 1 crop y2 3505
1609173709637507400 : Checking image 2 crop x1 0
1609173709637576803 : Checking image 2 crop y1 0
1609173709637623805 : Checking image 2 crop x2 0
1609173709637658207 : Checking image 2 crop y2 0
1609173709637723610 : Checking image 1 dpi 300
1609173709637784613 : Checking image 1 border top 5
1609173709637818915 : Checking image 1 border bottom 5
1609173709637850616 : Checking image 1 border left 6
1609173709637881217 : Checking image 1 border right 6
1609173709643417374 : Checking image 2 border top 0
1609173709643485777 : Checking image 2 border bottom 0
1609173709643516879 : Checking image 2 border left 0
1609173709643547580 : Checking image 2 border right 0

</system-out><system-err>--------------------------------- Captured Err ---------------------------------

</system-err></testcase><testcase classname="tests.test_images" name="test_no_split_line_wave_algo_3_png" time="17.272"><system-out>--------------------------------- Captured Log ---------------------------------

--------------------------------- Captured Out ---------------------------------
/home/runner/work/ocr-book/ocr-book/tests/no_split_line_wave_algo_3.png
1609173710882354248 : Checking separation double page angle 90.14999999999998
1609173710882466853 : Checking separation double page y=0 2408
1609173713032087673 : Checking page rotation 1 -0.09999999999999377
1609173713456051141 : Checking page rotation 2 0.0
1609173715990953134 : Checking image 1 crop x1 182
1609173715991050338 : Checking image 1 crop y1 2955
1609173715991088540 : Checking image 1 crop x2 2199
1609173715991123642 : Checking image 1 crop y2 3203
1609173716565004264 : Checking image 2 crop x1 0
1609173716565083967 : Checking image 2 crop y1 0
1609173716565119369 : Checking image 2 crop x2 0
1609173716565152971 : Checking image 2 crop y2 0
1609173716565230374 : Checking image 1 dpi 300
1609173716565305278 : Checking image 1 border top 2951
1609173716565344479 : Checking image 1 border bottom 288
1609173716565379781 : Checking image 1 border left 221
1609173716565414583 : Checking image 1 border right 221
1609173716570859535 : Checking image 2 border top 0
1609173716570945039 : Checking image 2 border bottom 0
1609173716570980241 : Checking image 2 border left 0
1609173716571014542 : Checking image 2 border right 0

</system-out><system-err>--------------------------------- Captured Err ---------------------------------

</system-err></testcase><testcase classname="tests.test_images" name="test_wrong_split_line_4_png" time="23.544"><system-out>--------------------------------- Captured Log ---------------------------------

--------------------------------- Captured Out ---------------------------------
/home/runner/work/ocr-book/ocr-book/tests/wrong_split_line_4.png
1609173727194782936 : Checking separation double page angle 91.04999999999998
1609173727194910142 : Checking separation double page y=0 60
1609173727380443418 : Checking page rotation 1 1.0
1609173729642037957 : Checking page rotation 2 1.05
1609173730248677698 : Checking image 1 crop x1 0
1609173730248745301 : Checking image 1 crop y1 0
1609173730248780703 : Checking image 1 crop x2 0
1609173730248813504 : Checking image 1 crop y2 0
1609173733514473172 : Checking image 2 crop x1 291
1609173733514603878 : Checking image 2 crop y1 330
1609173733514643479 : Checking image 2 crop x2 2316
1609173733514680981 : Checking image 2 crop y2 3217
1609173733561113631 : Checking image 1 border top 0
1609173733561176934 : Checking image 1 border bottom 0
1609173733561211936 : Checking image 1 border left 0
1609173733561243637 : Checking image 1 border right 0
1609173733561300140 : Checking image 2 dpi 300
1609173733561370843 : Checking image 2 border top 322
1609173733561405145 : Checking image 2 border bottom 278
1609173733561436046 : Checking image 2 border left 217
1609173733561466948 : Checking image 2 border right 217

</system-out><system-err>--------------------------------- Captured Err ---------------------------------

</system-err></testcase><testcase classname="tests.test_images" name="test_failed_split_line_line_algo_3_png" time="19.407"><system-out>--------------------------------- Captured Log ---------------------------------

--------------------------------- Captured Out ---------------------------------
/home/runner/work/ocr-book/ocr-book/tests/failed_split_line_line_algo_3.png
1609173731098356973 : Checking separation double page angle 90.0
1609173731098459878 : Checking separation double page y=0 40
1609173731264053333 : Checking page rotation 1 0.0
1609173733165735035 : Checking page rotation 2 -0.04999999999999689
1609173733599089590 : Checking image 1 crop x1 0
1609173733599158493 : Checking image 1 crop y1 0
1609173733599191295 : Checking image 1 crop x2 0
1609173733599222096 : Checking image 1 crop y2 0
1609173736015436485 : Checking image 2 crop x1 247
1609173736015519289 : Checking image 2 crop y1 153
1609173736015555590 : Checking image 2 crop x2 2260
1609173736015602993 : Checking image 2 crop y2 3360
1609173736051228542 : Checking image 1 border top 0
1609173736051276144 : Checking image 1 border bottom 0
1609173736051306946 : Checking image 1 border left 0
1609173736051335547 : Checking image 1 border right 0
1609173736051389450 : Checking image 2 dpi 300
1609173736051463953 : Checking image 2 border top 144
1609173736051512255 : Checking image 2 border bottom 136
1609173736051545457 : Checking image 2 border left 223
1609173736051577658 : Checking image 2 border right 223

</system-out><system-err>--------------------------------- Captured Err ---------------------------------

</system-err></testcase></testsuite></testsuites>