<?xml version="1.0" encoding="utf-8"?><testsuites><testsuite name="pytest" errors="0" failures="0" skipped="0" tests="36" time="837.846" timestamp="2020-12-28T16:12:31.649768" hostname="fv-az102-78"><testcase classname="tests.test_features" name="test_disabled_enable_debug" time="38.536"><system-out>--------------------------------- Captured Log ---------------------------------

--------------------------------- Captured Out ---------------------------------
/home/runner/work/ocr-book/ocr-book/tests/0001_debug.png
separation double page angle 90.5528088189967
separation double page y=0 2485
page rotation 1 0.5499999999999999
page rotation 2 0.2
image 1 crop x1 327
image 1 crop y1 334
image 1 crop x2 2346
image 1 crop y2 3221
image 2 crop x1 169
image 2 crop y1 648
image 2 crop x2 2186
image 2 crop y2 3361
image 1 dpi 300
image 1 border top 332
image 1 border bottom 268
image 1 border left 220
image 1 border right 220
image 2 dpi 300
image 2 border top 643
image 2 border bottom 131
image 2 border left 221
image 2 border right 221

</system-out><system-err>--------------------------------- Captured Err ---------------------------------

</system-err></testcase><testcase classname="tests.test_features" name="test_mock_stop_at_0" time="0.048"><system-out>--------------------------------- Captured Log ---------------------------------

--------------------------------- Captured Out ---------------------------------
/home/runner/work/ocr-book/ocr-book/tests/0001_0.png

</system-out><system-err>--------------------------------- Captured Err ---------------------------------

</system-err></testcase><testcase classname="tests.test_features" name="test_mock_stop_at_2" time="33.666"><system-out>--------------------------------- Captured Log ---------------------------------

--------------------------------- Captured Out ---------------------------------
/home/runner/work/ocr-book/ocr-book/tests/0001_2.png
separation double page angle 90.5528088189967
separation double page y=0 2485
page rotation 1 0.5499999999999999
page rotation 2 0.2

</system-out><system-err>--------------------------------- Captured Err ---------------------------------

</system-err></testcase><testcase classname="tests.test_features" name="test_mock_stop_at_4" time="37.673"><system-out>--------------------------------- Captured Log ---------------------------------

--------------------------------- Captured Out ---------------------------------
/home/runner/work/ocr-book/ocr-book/tests/0001_4.png
separation double page angle 90.5528088189967
separation double page y=0 2485
page rotation 1 0.5499999999999999
page rotation 2 0.2
image 1 crop x1 327
image 1 crop y1 334
image 1 crop x2 2346
image 1 crop y2 3221
image 2 crop x1 169
image 2 crop y1 648
image 2 crop x2 2186
image 2 crop y2 3361
image 1 dpi 300
image 1 border top 332
image 1 border bottom 268
image 1 border left 220
image 1 border right 220
image 2 dpi 300
image 2 border top 643
image 2 border bottom 131
image 2 border left 221
image 2 border right 221

</system-out><system-err>--------------------------------- Captured Err ---------------------------------

</system-err></testcase><testcase classname="tests.test_features" name="test_mock_stop_at_1" time="30.546"><system-out>--------------------------------- Captured Log ---------------------------------

--------------------------------- Captured Out ---------------------------------
/home/runner/work/ocr-book/ocr-book/tests/0001_1.png
separation double page angle 90.5528088189967
separation double page y=0 2485

</system-out><system-err>--------------------------------- Captured Err ---------------------------------

</system-err></testcase><testcase classname="tests.test_features" name="test_mock_stop_at_3" time="37.872"><system-out>--------------------------------- Captured Log ---------------------------------

--------------------------------- Captured Out ---------------------------------
/home/runner/work/ocr-book/ocr-book/tests/0001_3.png
separation double page angle 90.5528088189967
separation double page y=0 2485
page rotation 1 0.5499999999999999
page rotation 2 0.2
image 1 crop x1 327
image 1 crop y1 334
image 1 crop x2 2346
image 1 crop y2 3221
image 2 crop x1 169
image 2 crop y1 648
image 2 crop x2 2186
image 2 crop y2 3361

</system-out><system-err>--------------------------------- Captured Err ---------------------------------

</system-err></testcase><testcase classname="tests.test_images" name="test_0001_png" time="48.996"><system-out>--------------------------------- Captured Log ---------------------------------

--------------------------------- Captured Out ---------------------------------
/home/runner/work/ocr-book/ocr-book/tests/0001.png
1609172061124878117 : Checking separation double page angle 90.5528088189967
1609172061124983917 : Checking separation double page y=0 2485
1609172063685272555 : Checking page rotation 1 0.5499999999999999
1609172066489087408 : Checking page rotation 2 0.2
1609172070082090056 : Checking image 1 crop x1 327
1609172070082221057 : Checking image 1 crop y1 334
1609172070082267758 : Checking image 1 crop x2 2346
1609172070082308358 : Checking image 1 crop y2 3221
1609172073213056084 : Checking image 2 crop x1 169
1609172073213175985 : Checking image 2 crop y1 648
1609172073213219286 : Checking image 2 crop x2 2186
1609172073213255886 : Checking image 2 crop y2 3361
1609172073249264433 : Checking image 1 dpi 300
1609172073249428335 : Checking image 1 border top 332
1609172073249470535 : Checking image 1 border bottom 268
1609172073249507835 : Checking image 1 border left 220
1609172073249546235 : Checking image 1 border right 220
1609172073252050153 : Checking image 2 dpi 300
1609172073252113753 : Checking image 2 border top 643
1609172073252149353 : Checking image 2 border bottom 131
1609172073252183154 : Checking image 2 border left 221
1609172073252216754 : Checking image 2 border right 221

</system-out><system-err>--------------------------------- Captured Err ---------------------------------

</system-err></testcase><testcase classname="tests.test_features" name="test_mock_stop_at_5" time="37.780"><system-out>--------------------------------- Captured Log ---------------------------------

--------------------------------- Captured Out ---------------------------------
/home/runner/work/ocr-book/ocr-book/tests/0001_5.png
separation double page angle 90.5528088189967
separation double page y=0 2485
page rotation 1 0.5499999999999999
page rotation 2 0.2
image 1 crop x1 327
image 1 crop y1 334
image 1 crop x2 2346
image 1 crop y2 3221
image 2 crop x1 169
image 2 crop y1 648
image 2 crop x2 2186
image 2 crop y2 3361
image 1 dpi 300
image 1 border top 332
image 1 border bottom 268
image 1 border left 220
image 1 border right 220
image 2 dpi 300
image 2 border top 643
image 2 border bottom 131
image 2 border left 221
image 2 border right 221

</system-out><system-err>--------------------------------- Captured Err ---------------------------------

</system-err></testcase><testcase classname="tests.test_images" name="test_black_border_not_removed_png" time="51.136"><system-out>--------------------------------- Captured Log ---------------------------------

--------------------------------- Captured Out ---------------------------------
/home/runner/work/ocr-book/ocr-book/tests/black-border-not-removed.png
1609172110514825496 : Checking separation double page angle 90.033171103531
1609172110514935297 : Checking separation double page y=0 2455
1609172113015036077 : Checking page rotation 1 0.0
1609172115986237413 : Checking page rotation 2 0.05
1609172120422293320 : Checking image 1 crop x1 297
1609172120422434621 : Checking image 1 crop y1 143
1609172120422480421 : Checking image 1 crop x2 2309
1609172120422520021 : Checking image 1 crop y2 3346
1609172124342408663 : Checking image 2 crop x1 157
1609172124342532564 : Checking image 2 crop y1 145
1609172124342577565 : Checking image 2 crop x2 2170
1609172124342619065 : Checking image 2 crop y2 3351
1609172124385843765 : Checking image 1 dpi 300
1609172124386128467 : Checking image 1 border top 132
1609172124386189268 : Checking image 1 border bottom 152
1609172124386227968 : Checking image 1 border left 224
1609172124386282668 : Checking image 1 border right 224
1609172124388784086 : Checking image 2 dpi 300
1609172124388871186 : Checking image 2 border top 134
1609172124388906187 : Checking image 2 border bottom 147
1609172124388939887 : Checking image 2 border left 223
1609172124388972487 : Checking image 2 border right 223

</system-out><system-err>--------------------------------- Captured Err ---------------------------------

</system-err></testcase><testcase classname="tests.test_images" name="test_2_pages_2_contours_png" time="34.266"><system-out>--------------------------------- Captured Log ---------------------------------

--------------------------------- Captured Out ---------------------------------
/home/runner/work/ocr-book/ocr-book/tests/2-pages-2-contours.png
1609172122232132498 : Checking separation double page angle 90.09036871657068
1609172122232265198 : Checking separation double page y=0 2486
1609172124018213610 : Checking page rotation 1 0.0
1609172126548954003 : Checking page rotation 2 0.2
1609172128404941822 : Checking image 1 crop x1 1191
1609172128405054322 : Checking image 1 crop y1 1750
1609172128405109023 : Checking image 1 crop x2 1192
1609172128405169223 : Checking image 1 crop y2 1751
1609172131832895928 : Checking image 2 crop x1 99
1609172131833028829 : Checking image 2 crop y1 240
1609172131833070429 : Checking image 2 crop x2 2147
1609172131833127929 : Checking image 2 crop y2 3240
1609172131868749172 : Checking image 1 dpi 300
1609172131868860772 : Checking image 1 border top 1752
1609172131868901073 : Checking image 1 border bottom 1753
1609172131868936873 : Checking image 1 border left 1239
1609172131868971673 : Checking image 1 border right 1239
1609172131871140888 : Checking image 2 dpi 300
1609172131871214588 : Checking image 2 border top 229
1609172131871268689 : Checking image 2 border bottom 258
1609172131871302489 : Checking image 2 border left 206
1609172131871335989 : Checking image 2 border right 206

</system-out><system-err>--------------------------------- Captured Err ---------------------------------

</system-err></testcase><testcase classname="tests.test_images" name="test_image_failed_to_rotate_png" time="61.672"><system-out>--------------------------------- Captured Log ---------------------------------

--------------------------------- Captured Out ---------------------------------
/home/runner/work/ocr-book/ocr-book/tests/image_failed_to_rotate.png
1609172161867628421 : Checking separation double page angle 90.13063640287984
1609172161867735722 : Checking separation double page y=0 2479
1609172165690965605 : Checking page rotation 1 0.45
1609172168597685286 : Checking page rotation 2 0.2
1609172181150781653 : Checking image 1 crop x1 31
1609172181150934354 : Checking image 1 crop y1 1
1609172181150975854 : Checking image 1 crop x2 2477
1609172181151012154 : Checking image 1 crop y2 3504
1609172185904872698 : Checking image 2 crop x1 161
1609172185905012399 : Checking image 2 crop y1 231
1609172185905055399 : Checking image 2 crop x2 2249
1609172185905110800 : Checking image 2 crop y2 3359
1609172185949351601 : Checking image 1 dpi 300
1609172185949478301 : Checking image 1 border top 2
1609172185949539302 : Checking image 1 border bottom 2
1609172185949576102 : Checking image 1 border left 17
1609172185949613802 : Checking image 1 border right 17
1609172185952166320 : Checking image 2 dpi 300
1609172185952242920 : Checking image 2 border top 216
1609172185952283721 : Checking image 2 border bottom 143
1609172185952319321 : Checking image 2 border left 186
1609172185952354121 : Checking image 2 border right 186

</system-out><system-err>--------------------------------- Captured Err ---------------------------------

</system-err></testcase><testcase classname="tests.test_images" name="test_wrong_split_line_png" time="41.150"><system-out>--------------------------------- Captured Log ---------------------------------

--------------------------------- Captured Out ---------------------------------
/home/runner/work/ocr-book/ocr-book/tests/wrong_split_line.png
1609172162074491175 : Checking separation double page angle 89.93395720607973
1609172162074615676 : Checking separation double page y=0 2465
1609172164513776921 : Checking page rotation 1 -0.04999999999999689
1609172166851021159 : Checking page rotation 2 0.5499999999999999
1609172169479363208 : Checking image 1 crop x1 211
1609172169479506109 : Checking image 1 crop y1 156
1609172169479550809 : Checking image 1 crop x2 2323
1609172169479590909 : Checking image 1 crop y2 3363
1609172172976120673 : Checking image 2 crop x1 125
1609172172976279474 : Checking image 2 crop y1 166
1609172172976355374 : Checking image 2 crop x2 2236
1609172172976394275 : Checking image 2 crop y2 3373
1609172173014692639 : Checking image 1 dpi 300
1609172173014814840 : Checking image 1 border top 134
1609172173014858540 : Checking image 1 border bottom 146
1609172173014895440 : Checking image 1 border left 174
1609172173014931241 : Checking image 1 border right 174
1609172173017854561 : Checking image 2 dpi 300
1609172173017952461 : Checking image 2 border top 146
1609172173017991462 : Checking image 2 border bottom 134
1609172173018028162 : Checking image 2 border left 174
1609172173018064262 : Checking image 2 border right 174

</system-out><system-err>--------------------------------- Captured Err ---------------------------------

</system-err></testcase><testcase classname="tests.test_images" name="test_crop_too_much_png" time="61.170"><system-out>--------------------------------- Captured Log ---------------------------------

--------------------------------- Captured Out ---------------------------------
/home/runner/work/ocr-book/ocr-book/tests/crop_too_much.png
1609172220496307321 : Checking separation double page angle 90.13239409272954
1609172220496442822 : Checking separation double page y=0 2455
1609172223775604889 : Checking page rotation 1 0.0
1609172227067214547 : Checking page rotation 2 0.2
1609172230862913581 : Checking image 1 crop x1 303
1609172230863056382 : Checking image 1 crop y1 148
1609172230863101482 : Checking image 1 crop x2 2313
1609172230863156383 : Checking image 1 crop y2 3351
1609172234125605702 : Checking image 2 crop x1 162
1609172234125738203 : Checking image 2 crop y1 151
1609172234125779903 : Checking image 2 crop x2 2186
1609172234125817804 : Checking image 2 crop y2 3363
1609172234172629328 : Checking image 1 dpi 300
1609172234172756329 : Checking image 1 border top 132
1609172234172793129 : Checking image 1 border bottom 152
1609172234172827330 : Checking image 1 border left 225
1609172234172859730 : Checking image 1 border right 225
1609172234175293047 : Checking image 2 dpi 300
1609172234175348247 : Checking image 2 border top 132
1609172234175381747 : Checking image 2 border bottom 143
1609172234175413247 : Checking image 2 border left 218
1609172234175459948 : Checking image 2 border right 218

</system-out><system-err>--------------------------------- Captured Err ---------------------------------

</system-err></testcase><testcase classname="tests.test_images" name="test_image_failed_to_crop_data_png" time="63.963"><system-out>--------------------------------- Captured Log ---------------------------------

--------------------------------- Captured Out ---------------------------------
/home/runner/work/ocr-book/ocr-book/tests/image_failed_to_crop_data.png
1609172223372132488 : Checking separation double page angle 90.053197600644
1609172223372249588 : Checking separation double page y=0 2480
1609172228518271823 : Checking page rotation 1 0.15000000000000002
1609172231019969970 : Checking page rotation 2 0.0
1609172245390033713 : Checking image 1 crop x1 51
1609172245390162114 : Checking image 1 crop y1 7
1609172245390205414 : Checking image 1 crop x2 2478
1609172245390242714 : Checking image 1 crop y2 3505
1609172249919317224 : Checking image 2 crop x1 160
1609172249919480126 : Checking image 2 crop y1 217
1609172249919522326 : Checking image 2 crop x2 2242
1609172249919560826 : Checking image 2 crop y2 3350
1609172249954085966 : Checking image 1 dpi 300
1609172249954207366 : Checking image 1 border top 5
1609172249954249267 : Checking image 1 border bottom 5
1609172249954284667 : Checking image 1 border left 27
1609172249954321267 : Checking image 1 border right 27
1609172249956961785 : Checking image 2 dpi 300
1609172249957052486 : Checking image 2 border top 206
1609172249957089786 : Checking image 2 border bottom 148
1609172249957124687 : Checking image 2 border left 189
1609172249957159687 : Checking image 2 border right 189

</system-out><system-err>--------------------------------- Captured Err ---------------------------------

</system-err></testcase><testcase classname="tests.test_images" name="test_crop_too_few_png" time="42.340"><system-out>--------------------------------- Captured Log ---------------------------------

--------------------------------- Captured Out ---------------------------------
/home/runner/work/ocr-book/ocr-book/tests/crop_too_few.png
1609172265361709554 : Checking separation double page angle 89.54670238452755
1609172265361815155 : Checking separation double page y=0 2512
1609172267855748634 : Checking page rotation 1 -0.6000000000000009
1609172270347823699 : Checking page rotation 2 0.0
1609172273453177411 : Checking image 1 crop x1 263
1609172273453327412 : Checking image 1 crop y1 150
1609172273453367712 : Checking image 1 crop x2 2379
1609172273453404813 : Checking image 1 crop y2 3358
1609172276507016266 : Checking image 2 crop x1 137
1609172276507165567 : Checking image 2 crop y1 141
1609172276507210168 : Checking image 2 crop x2 2259
1609172276507250568 : Checking image 2 crop y2 3345
1609172276542329011 : Checking image 1 dpi 300
1609172276542459412 : Checking image 1 border top 130
1609172276542499112 : Checking image 1 border bottom 149
1609172276542534012 : Checking image 1 border left 172
1609172276542568613 : Checking image 1 border right 172
1609172276544613327 : Checking image 2 dpi 300
1609172276544677627 : Checking image 2 border top 130
1609172276544710928 : Checking image 2 border bottom 153
1609172276544742528 : Checking image 2 border left 169
1609172276544773428 : Checking image 2 border right 169

</system-out><system-err>--------------------------------- Captured Err ---------------------------------

</system-err></testcase><testcase classname="tests.test_images" name="test_wrong_angle_split_line_png" time="69.533"><system-out>--------------------------------- Captured Log ---------------------------------

--------------------------------- Captured Out ---------------------------------
/home/runner/work/ocr-book/ocr-book/tests/wrong_angle_split_line.png
1609172286891934499 : Checking separation double page angle 90.09193420006348
1609172286892096600 : Checking separation double page y=0 2478
1609172292786118223 : Checking page rotation 1 0.1
1609172296720479571 : Checking page rotation 2 0.1
1609172311367256209 : Checking image 1 crop x1 58
1609172311367404610 : Checking image 1 crop y1 6
1609172311367449210 : Checking image 1 crop x2 2476
1609172311367504111 : Checking image 1 crop y2 3501
1609172318626112581 : Checking image 2 crop x1 166
1609172318626238982 : Checking image 2 crop y1 218
1609172318626282882 : Checking image 2 crop x2 2244
1609172318626322283 : Checking image 2 crop y2 3349
1609172318798728977 : Checking image 1 dpi 300
1609172318798857678 : Checking image 1 border top 6
1609172318798903478 : Checking image 1 border bottom 6
1609172318798940878 : Checking image 1 border left 31
1609172318798980078 : Checking image 1 border right 31
1609172318807775039 : Checking image 2 dpi 300
1609172318807894640 : Checking image 2 border top 207
1609172318807934540 : Checking image 2 border bottom 149
1609172318807970741 : Checking image 2 border left 191
1609172318808006941 : Checking image 2 border right 191

</system-out><system-err>--------------------------------- Captured Err ---------------------------------

</system-err></testcase><testcase classname="tests.test_images" name="test_crop_too_much_2_png" time="69.500"><system-out>--------------------------------- Captured Log ---------------------------------

--------------------------------- Captured Out ---------------------------------
/home/runner/work/ocr-book/ocr-book/tests/crop_too_much_2.png
1609172330044639265 : Checking separation double page angle 90.1149074900787
1609172330044746866 : Checking separation double page y=0 2478
1609172333474386819 : Checking page rotation 1 0.15000000000000002
1609172337301855827 : Checking page rotation 2 0.2
1609172341015647048 : Checking image 1 crop x1 330
1609172341015776949 : Checking image 1 crop y1 132
1609172341015819149 : Checking image 1 crop x2 2342
1609172341015855450 : Checking image 1 crop y2 3335
1609172345945607195 : Checking image 2 crop x1 162
1609172345945749596 : Checking image 2 crop y1 139
1609172345945792996 : Checking image 2 crop x2 2175
1609172345945832696 : Checking image 2 crop y2 3345
1609172346001680083 : Checking image 1 dpi 300
1609172346001804484 : Checking image 1 border top 122
1609172346001846684 : Checking image 1 border bottom 162
1609172346001883785 : Checking image 1 border left 224
1609172346001920185 : Checking image 1 border right 224
1609172346003953799 : Checking image 2 dpi 300
1609172346004058700 : Checking image 2 border top 130
1609172346004099800 : Checking image 2 border bottom 151
1609172346004137400 : Checking image 2 border left 223
1609172346004171900 : Checking image 2 border right 223

</system-out><system-err>--------------------------------- Captured Err ---------------------------------

</system-err></testcase><testcase classname="tests.test_images" name="test_angle_page_lower_split_line_png" time="49.975"><system-out>--------------------------------- Captured Log ---------------------------------

--------------------------------- Captured Out ---------------------------------
/home/runner/work/ocr-book/ocr-book/tests/angle_page_lower_split_line.png
1609172355053522676 : Checking separation double page angle 89.74927707086691
1609172355053648977 : Checking separation double page y=0 2474
1609172358436906108 : Checking page rotation 1 -0.14999999999999067
1609172361569852006 : Checking page rotation 2 0.1
1609172365528388821 : Checking image 1 crop x1 241
1609172365528531022 : Checking image 1 crop y1 156
1609172365528576523 : Checking image 1 crop x2 2357
1609172365528617523 : Checking image 1 crop y2 3368
1609172369510648696 : Checking image 2 crop x1 149
1609172369510772097 : Checking image 2 crop y1 146
1609172369510814097 : Checking image 2 crop x2 2259
1609172369510852997 : Checking image 2 crop y2 3351
1609172369549757967 : Checking image 1 dpi 300
1609172369549884967 : Checking image 1 border top 140
1609172369549926868 : Checking image 1 border bottom 135
1609172369549963868 : Checking image 1 border left 172
1609172369550001668 : Checking image 1 border right 172
1609172369552514286 : Checking image 2 dpi 300
1609172369552600386 : Checking image 2 border top 131
1609172369552639586 : Checking image 2 border bottom 151
1609172369552676687 : Checking image 2 border left 175
1609172369552711887 : Checking image 2 border right 175

</system-out><system-err>--------------------------------- Captured Err ---------------------------------

</system-err></testcase><testcase classname="tests.test_images" name="test_wrong_split_line_2_png" time="68.340"><system-out>--------------------------------- Captured Log ---------------------------------

--------------------------------- Captured Out ---------------------------------
/home/runner/work/ocr-book/ocr-book/tests/wrong_split_line_2.png
1609172393490165831 : Checking separation double page angle 90.19944704411863
1609172393490269632 : Checking separation double page y=0 2437
1609172396941472595 : Checking page rotation 1 0.2
1609172400146888453 : Checking page rotation 2 0.2
1609172405773194146 : Checking image 1 crop x1 294
1609172405773398147 : Checking image 1 crop y1 136
1609172405773475347 : Checking image 1 crop x2 2325
1609172405773552547 : Checking image 1 crop y2 3376
1609172414314220206 : Checking image 2 crop x1 136
1609172414314373407 : Checking image 2 crop y1 190
1609172414314412508 : Checking image 2 crop x2 2172
1609172414314467508 : Checking image 2 crop y2 3389
1609172414363708539 : Checking image 1 dpi 300
1609172414363843440 : Checking image 1 border top 131
1609172414363882640 : Checking image 1 border bottom 116
1609172414363933640 : Checking image 1 border left 214
1609172414363967140 : Checking image 1 border right 214
1609172414366091555 : Checking image 2 dpi 300
1609172414366171855 : Checking image 2 border top 181
1609172414366206255 : Checking image 2 border bottom 107
1609172414366240456 : Checking image 2 border left 212
1609172414366272656 : Checking image 2 border right 212

</system-out><system-err>--------------------------------- Captured Err ---------------------------------

</system-err></testcase><testcase classname="tests.test_images" name="test_wrong_wave_split_line_png" time="66.080"><system-out>--------------------------------- Captured Log ---------------------------------

--------------------------------- Captured Out ---------------------------------
/home/runner/work/ocr-book/ocr-book/tests/wrong_wave_split_line.png
1609172414853537829 : Checking separation double page angle 90.37878604107719
1609172414853649829 : Checking separation double page y=0 2500
1609172417715873353 : Checking page rotation 1 -0.14999999999999067
1609172420864326399 : Checking page rotation 2 0.9
1609172428429496800 : Checking image 1 crop x1 385
1609172428429640501 : Checking image 1 crop y1 179
1609172428429686101 : Checking image 1 crop x2 2411
1609172428429725102 : Checking image 1 crop y2 3374
1609172435562414242 : Checking image 2 crop x1 17
1609172435562601543 : Checking image 2 crop y1 8
1609172435562682043 : Checking image 2 crop x2 2399
1609172435562724344 : Checking image 2 crop y2 3391
1609172435617810047 : Checking image 1 dpi 300
1609172435617935948 : Checking image 1 border top 173
1609172435617978749 : Checking image 1 border bottom 119
1609172435618016149 : Checking image 1 border left 217
1609172435618054449 : Checking image 1 border right 217
1609172435620530667 : Checking image 2 dpi 300
1609172435620613768 : Checking image 2 border top 0
1609172435620675468 : Checking image 2 border bottom 114
1609172435620712269 : Checking image 2 border left 49
1609172435620748669 : Checking image 2 border right 49

</system-out><system-err>--------------------------------- Captured Err ---------------------------------

</system-err></testcase><testcase classname="tests.test_images" name="test_small_wave_png" time="64.152"><system-out>--------------------------------- Captured Log ---------------------------------

--------------------------------- Captured Out ---------------------------------
/home/runner/work/ocr-book/ocr-book/tests/small_wave.png
1609172466899553351 : Checking separation double page angle 90.58816928841564
1609172466899677152 : Checking separation double page y=0 2497
1609172470250429338 : Checking page rotation 1 0.65
1609172473106247296 : Checking page rotation 2 0.65
1609172475814468677 : Checking image 1 crop x1 320
1609172475814605178 : Checking image 1 crop y1 199
1609172475814647578 : Checking image 1 crop x2 2353
1609172475814684579 : Checking image 1 crop y2 3394
1609172478463291878 : Checking image 2 crop x1 130
1609172478463426979 : Checking image 2 crop y1 222
1609172478463472179 : Checking image 2 crop x2 2163
1609172478463513080 : Checking image 2 crop y2 3420
1609172478507622043 : Checking image 1 dpi 300
1609172478507813645 : Checking image 1 border top 179
1609172478507857345 : Checking image 1 border bottom 112
1609172478507893846 : Checking image 1 border left 213
1609172478507929546 : Checking image 1 border right 213
1609172478509981463 : Checking image 2 dpi 300
1609172478510069263 : Checking image 2 border top 197
1609172478510106864 : Checking image 2 border bottom 92
1609172478510141864 : Checking image 2 border left 213
1609172478510176764 : Checking image 2 border right 213

</system-out><system-err>--------------------------------- Captured Err ---------------------------------

</system-err></testcase><testcase classname="tests.test_images" name="test_no_split_line_line_algo_png" time="46.394"><system-out>--------------------------------- Captured Log ---------------------------------

--------------------------------- Captured Out ---------------------------------
/home/runner/work/ocr-book/ocr-book/tests/no_split_line_line_algo.png
1609172468867616570 : Checking separation double page angle 89.47691469185418
1609172468867749971 : Checking separation double page y=0 2476
1609172471184221958 : Checking page rotation 1 -0.14999999999999067
1609172474033008065 : Checking page rotation 2 -0.14999999999999067
1609172476588421030 : Checking image 1 crop x1 205
1609172476588542431 : Checking image 1 crop y1 158
1609172476588583731 : Checking image 1 crop x2 2320
1609172476588638632 : Checking image 1 crop y2 3366
1609172481986659614 : Checking image 2 crop x1 185
1609172481986849916 : Checking image 2 crop y1 225
1609172481986895216 : Checking image 2 crop x2 2204
1609172481986936116 : Checking image 2 crop y2 3362
1609172482030551976 : Checking image 1 dpi 300
1609172482030705077 : Checking image 1 border top 144
1609172482030762377 : Checking image 1 border bottom 134
1609172482030798678 : Checking image 1 border left 172
1609172482030834978 : Checking image 1 border right 172
1609172482034013904 : Checking image 2 dpi 300
1609172482034102505 : Checking image 2 border top 224
1609172482034142105 : Checking image 2 border bottom 126
1609172482034179106 : Checking image 2 border left 220
1609172482034236706 : Checking image 2 border right 220

</system-out><system-err>--------------------------------- Captured Err ---------------------------------

</system-err></testcase><testcase classname="tests.test_images" name="test_wrong_split_line_3_png" time="49.215"><system-out>--------------------------------- Captured Log ---------------------------------

--------------------------------- Captured Out ---------------------------------
/home/runner/work/ocr-book/ocr-book/tests/wrong_split_line_3.png
1609172515960432485 : Checking separation double page angle 90.43729500214694
1609172515960541386 : Checking separation double page y=0 2498
1609172519118872215 : Checking page rotation 1 0.2
1609172521764587052 : Checking page rotation 2 0.85
1609172524637220854 : Checking image 1 crop x1 331
1609172524637361455 : Checking image 1 crop y1 166
1609172524637420955 : Checking image 1 crop x2 2377
1609172524637458855 : Checking image 1 crop y2 3375
1609172527717175181 : Checking image 2 crop x1 102
1609172527717317582 : Checking image 2 crop y1 207
1609172527717362382 : Checking image 2 crop x2 2135
1609172527717418482 : Checking image 2 crop y2 3414
1609172527757307662 : Checking image 1 dpi 300
1609172527757426963 : Checking image 1 border top 158
1609172527757465263 : Checking image 1 border bottom 120
1609172527757498163 : Checking image 1 border left 207
1609172527757529963 : Checking image 1 border right 207
1609172527759802179 : Checking image 2 dpi 300
1609172527759875780 : Checking image 2 border top 186
1609172527759911080 : Checking image 2 border bottom 94
1609172527759943180 : Checking image 2 border left 213
1609172527759974680 : Checking image 2 border right 213

</system-out><system-err>--------------------------------- Captured Err ---------------------------------

</system-err></testcase><testcase classname="tests.test_images" name="test_failed_split_line_line_algo_png" time="29.227"><system-out>--------------------------------- Captured Log ---------------------------------

--------------------------------- Captured Out ---------------------------------
/home/runner/work/ocr-book/ocr-book/tests/failed_split_line_line_algo.png
1609172502814832583 : Checking separation double page angle 90.04134220573248
1609172502814933884 : Checking separation double page y=0 2573
1609172504905103360 : Checking page rotation 1 -0.09999999999999377
1609172506592375731 : Checking page rotation 2 0.1
1609172509495803496 : Checking image 1 crop x1 408
1609172509495934497 : Checking image 1 crop y1 2926
1609172509495977897 : Checking image 1 crop x2 2420
1609172509496043998 : Checking image 1 crop y2 3173
1609172511288131408 : Checking image 2 crop x1 1184
1609172511288376810 : Checking image 2 crop y1 1745
1609172511288415910 : Checking image 2 crop x2 1185
1609172511288450910 : Checking image 2 crop y2 1746
1609172511288789313 : Checking image 1 dpi 300
1609172511288878113 : Checking image 1 border top 2922
1609172511288916314 : Checking image 1 border bottom 318
1609172511288967514 : Checking image 1 border left 224
1609172511289018014 : Checking image 1 border right 224
1609172511290949028 : Checking image 2 dpi 300
1609172511291010928 : Checking image 2 border top 1753
1609172511291045729 : Checking image 2 border bottom 1753
1609172511291078329 : Checking image 2 border left 1239
1609172511291111129 : Checking image 2 border right 1239

</system-out><system-err>--------------------------------- Captured Err ---------------------------------

</system-err></testcase><testcase classname="tests.test_images" name="test_failed_split_line_line_algo_2_png" time="54.276"><system-out>--------------------------------- Captured Log ---------------------------------

--------------------------------- Captured Out ---------------------------------
/home/runner/work/ocr-book/ocr-book/tests/failed_split_line_line_algo_2.png
1609172553670915177 : Checking separation double page angle 90.03068774449687
1609172553671030878 : Checking separation double page y=0 2500
1609172556713161880 : Checking page rotation 1 0.05
1609172559468053801 : Checking page rotation 2 0.5499999999999999
1609172562415706395 : Checking image 1 crop x1 271
1609172562415834596 : Checking image 1 crop y1 149
1609172562415876296 : Checking image 1 crop x2 2382
1609172562415912796 : Checking image 1 crop y2 3354
1609172565489004374 : Checking image 2 crop x1 120
1609172565489154176 : Checking image 2 crop y1 155
1609172565489198276 : Checking image 2 crop x2 2244
1609172565489238576 : Checking image 2 crop y2 3350
1609172565533843890 : Checking image 1 dpi 300
1609172565533959491 : Checking image 1 border top 141
1609172565533997691 : Checking image 1 border bottom 141
1609172565534031691 : Checking image 1 border left 174
1609172565534065891 : Checking image 1 border right 174
1609172565536263007 : Checking image 2 dpi 300
1609172565536342007 : Checking image 2 border top 140
1609172565536376308 : Checking image 2 border bottom 152
1609172565536408408 : Checking image 2 border left 168
1609172565536440308 : Checking image 2 border right 168

</system-out><system-err>--------------------------------- Captured Err ---------------------------------

</system-err></testcase><testcase classname="tests.test_images" name="test_crop_too_much_3_png" time="54.838"><system-out>--------------------------------- Captured Log ---------------------------------

--------------------------------- Captured Out ---------------------------------
/home/runner/work/ocr-book/ocr-book/tests/crop_too_much_3.png
1609172569012831549 : Checking separation double page angle 89.49330634783144
1609172569012939250 : Checking separation double page y=0 2498
1609172571843999954 : Checking page rotation 1 -0.8999999999999949
1609172575286848970 : Checking page rotation 2 -0.14999999999999067
1609172578923704056 : Checking image 1 crop x1 374
1609172578923833457 : Checking image 1 crop y1 258
1609172578923876458 : Checking image 1 crop x2 2385
1609172578923914258 : Checking image 1 crop y2 3459
1609172582535626272 : Checking image 2 crop x1 168
1609172582535772273 : Checking image 2 crop y1 228
1609172582535849173 : Checking image 2 crop x2 2181
1609172582535886773 : Checking image 2 crop y2 3417
1609172582585007719 : Checking image 1 dpi 300
1609172582585127420 : Checking image 1 border top 239
1609172582585170120 : Checking image 1 border bottom 47
1609172582585207020 : Checking image 1 border left 224
1609172582585242721 : Checking image 1 border right 224
1609172582587662838 : Checking image 2 dpi 300
1609172582587748638 : Checking image 2 border top 209
1609172582587786839 : Checking image 2 border bottom 89
1609172582587821939 : Checking image 2 border left 223
1609172582587859239 : Checking image 2 border right 223

</system-out><system-err>--------------------------------- Captured Err ---------------------------------

</system-err></testcase><testcase classname="tests.test_images" name="test_wrong_wave_split_line_2_png" time="56.601"><system-out>--------------------------------- Captured Log ---------------------------------

--------------------------------- Captured Out ---------------------------------
/home/runner/work/ocr-book/ocr-book/tests/wrong_wave_split_line_2.png
1609172609887178037 : Checking separation double page angle 90.7708958311329
1609172609887285838 : Checking separation double page y=0 2490
1609172612662879120 : Checking page rotation 1 0.2
1609172615402764173 : Checking page rotation 2 1.65
1609172618149456245 : Checking image 1 crop x1 227
1609172618149592446 : Checking image 1 crop y1 147
1609172618149639146 : Checking image 1 crop x2 2342
1609172618149681046 : Checking image 1 crop y2 3353
1609172622086213061 : Checking image 2 crop x1 106
1609172622086329561 : Checking image 2 crop y1 195
1609172622086370962 : Checking image 2 crop x2 2231
1609172622086407262 : Checking image 2 crop y2 3398
1609172622134805993 : Checking image 1 dpi 300
1609172622134920694 : Checking image 1 border top 136
1609172622134975294 : Checking image 1 border bottom 145
1609172622135007695 : Checking image 1 border left 172
1609172622135040495 : Checking image 1 border right 172
1609172622137222410 : Checking image 2 dpi 300
1609172622137294610 : Checking image 2 border top 165
1609172622137329811 : Checking image 2 border bottom 118
1609172622137363111 : Checking image 2 border left 167
1609172622137398611 : Checking image 2 border right 167

</system-out><system-err>--------------------------------- Captured Err ---------------------------------

</system-err></testcase><testcase classname="tests.test_images" name="test_wrong_wave_split_line_3_png" time="51.589"><system-out>--------------------------------- Captured Log ---------------------------------

--------------------------------- Captured Out ---------------------------------
/home/runner/work/ocr-book/ocr-book/tests/wrong_wave_split_line_3.png
1609172622647484203 : Checking separation double page angle 90.05826063695574
1609172622647583504 : Checking separation double page y=0 2514
1609172625611396596 : Checking page rotation 1 0.0
1609172628232173539 : Checking page rotation 2 0.2
1609172631458465697 : Checking image 1 crop x1 274
1609172631458612298 : Checking image 1 crop y1 221
1609172631458654698 : Checking image 1 crop x2 2383
1609172631458708298 : Checking image 1 crop y2 3422
1609172634152825468 : Checking image 2 crop x1 112
1609172634152946569 : Checking image 2 crop y1 225
1609172634152984969 : Checking image 2 crop x2 2238
1609172634153022070 : Checking image 2 crop y2 3415
1609172634193289041 : Checking image 1 dpi 300
1609172634193477842 : Checking image 1 border top 201
1609172634193528043 : Checking image 1 border bottom 85
1609172634193564843 : Checking image 1 border left 175
1609172634193601043 : Checking image 1 border right 175
1609172634195715858 : Checking image 2 dpi 300
1609172634195772358 : Checking image 2 border top 207
1609172634195805558 : Checking image 2 border bottom 90
1609172634195836658 : Checking image 2 border left 167
1609172634195867859 : Checking image 2 border right 167

</system-out><system-err>--------------------------------- Captured Err ---------------------------------

</system-err></testcase><testcase classname="tests.test_images" name="test_no_split_line_wave_algo_png" time="66.874"><system-out>--------------------------------- Captured Log ---------------------------------

--------------------------------- Captured Out ---------------------------------
/home/runner/work/ocr-book/ocr-book/tests/no_split_line_wave_algo.png
1609172661060513639 : Checking separation double page angle 89.72500000000001
1609172661060633540 : Checking separation double page y=0 2484
1609172665569345998 : Checking page rotation 1 0.0
1609172668379262031 : Checking page rotation 2 -0.44999999999999746
1609172679659710704 : Checking image 1 crop x1 97
1609172679659793504 : Checking image 1 crop y1 79
1609172679659833005 : Checking image 1 crop x2 2494
1609172679659870805 : Checking image 1 crop y2 3505
1609172688927225953 : Checking image 2 crop x1 163
1609172688927352454 : Checking image 2 crop y1 267
1609172688927397554 : Checking image 2 crop x2 2238
1609172688927438055 : Checking image 2 crop y2 3380
1609172688973446520 : Checking image 1 dpi 300
1609172688973596021 : Checking image 1 border top 41
1609172688973638121 : Checking image 1 border bottom 41
1609172688973675322 : Checking image 1 border left 42
1609172688973713822 : Checking image 1 border right 42
1609172688976088741 : Checking image 2 dpi 300
1609172688976180542 : Checking image 2 border top 255
1609172688976223442 : Checking image 2 border bottom 119
1609172688976260542 : Checking image 2 border left 192
1609172688976297143 : Checking image 2 border right 192

</system-out><system-err>--------------------------------- Captured Err ---------------------------------

</system-err></testcase><testcase classname="tests.test_images" name="test_no_split_line_wave_algo_2_png" time="44.590"><system-out>--------------------------------- Captured Log ---------------------------------

--------------------------------- Captured Out ---------------------------------
/home/runner/work/ocr-book/ocr-book/tests/no_split_line_wave_algo_2.png
1609172667680349947 : Checking separation double page angle 90.54999999999998
1609172667680471948 : Checking separation double page y=0 2478
1609172670403380204 : Checking page rotation 1 1.0999999999999999
1609172673304853074 : Checking page rotation 2 0.2
1609172676203912826 : Checking image 1 crop x1 266
1609172676204076227 : Checking image 1 crop y1 210
1609172676204157028 : Checking image 1 crop x2 2342
1609172676204198028 : Checking image 1 crop y2 3413
1609172678736905124 : Checking image 2 crop x1 168
1609172678737027425 : Checking image 2 crop y1 241
1609172678737071325 : Checking image 2 crop x2 2251
1609172678737110526 : Checking image 2 crop y2 3433
1609172678779577842 : Checking image 1 dpi 300
1609172678779697043 : Checking image 1 border top 192
1609172678779737443 : Checking image 1 border bottom 91
1609172678779791744 : Checking image 1 border left 192
1609172678779827344 : Checking image 1 border right 192
1609172678782160962 : Checking image 2 dpi 300
1609172678782244262 : Checking image 2 border top 224
1609172678782279062 : Checking image 2 border bottom 71
1609172678782329763 : Checking image 2 border left 188
1609172678782381163 : Checking image 2 border right 188

</system-out><system-err>--------------------------------- Captured Err ---------------------------------

</system-err></testcase><testcase classname="tests.test_images" name="test_failed_detect_rectangle_png" time="52.550"><system-out>--------------------------------- Captured Log ---------------------------------

--------------------------------- Captured Out ---------------------------------
/home/runner/work/ocr-book/ocr-book/tests/failed_detect_rectangle.png
1609172719055738339 : Checking separation double page angle 90.19837516213148
1609172719055845940 : Checking separation double page y=0 2474
1609172721951677958 : Checking page rotation 1 0.2
1609172725188780077 : Checking page rotation 2 0.15000000000000002
1609172727814156996 : Checking image 1 crop x1 257
1609172727814277697 : Checking image 1 crop y1 201
1609172727814318597 : Checking image 1 crop x2 2333
1609172727814354297 : Checking image 1 crop y2 3402
1609172731276731526 : Checking image 2 crop x1 135
1609172731276855226 : Checking image 2 crop y1 214
1609172731276899627 : Checking image 2 crop x2 2219
1609172731276939427 : Checking image 2 crop y2 3406
1609172731331255949 : Checking image 1 dpi 300
1609172731331373250 : Checking image 1 border top 188
1609172731331412550 : Checking image 1 border bottom 97
1609172731331447050 : Checking image 1 border left 192
1609172731331480250 : Checking image 1 border right 192
1609172731333656063 : Checking image 2 dpi 300
1609172731333726664 : Checking image 2 border top 202
1609172731333761464 : Checking image 2 border bottom 93
1609172731333794064 : Checking image 2 border left 188
1609172731333826364 : Checking image 2 border right 188

</system-out><system-err>--------------------------------- Captured Err ---------------------------------

</system-err></testcase><testcase classname="tests.test_images" name="test_crop_too_few_2_png" time="45.514"><system-out>--------------------------------- Captured Log ---------------------------------

--------------------------------- Captured Out ---------------------------------
/home/runner/work/ocr-book/ocr-book/tests/crop_too_few_2.png
1609172722568650193 : Checking separation double page angle 90.30476192320097
1609172722568788993 : Checking separation double page y=0 2531
1609172725232585720 : Checking page rotation 1 1.0999999999999999
1609172727898312095 : Checking page rotation 2 -0.04999999999999689
1609172731111760548 : Checking image 1 crop x1 289
1609172731111884748 : Checking image 1 crop y1 165
1609172731111924048 : Checking image 1 crop x2 2400
1609172731111960449 : Checking image 1 crop y2 3367
1609172734517768242 : Checking image 2 crop x1 149
1609172734517888243 : Checking image 2 crop y1 189
1609172734517945444 : Checking image 2 crop x2 2273
1609172734517982744 : Checking image 2 crop y2 3386
1609172734554600695 : Checking image 1 dpi 300
1609172734554727496 : Checking image 1 border top 157
1609172734554765596 : Checking image 1 border bottom 128
1609172734554799496 : Checking image 1 border left 174
1609172734554835396 : Checking image 1 border right 174
1609172734557244313 : Checking image 2 dpi 300
1609172734557355414 : Checking image 2 border top 181
1609172734557407714 : Checking image 2 border bottom 109
1609172734557441014 : Checking image 2 border left 168
1609172734557476714 : Checking image 2 border right 168

</system-out><system-err>--------------------------------- Captured Err ---------------------------------

</system-err></testcase><testcase classname="tests.test_images" name="test_single_page_png" time="27.475"><system-out>--------------------------------- Captured Log ---------------------------------

--------------------------------- Captured Out ---------------------------------
/home/runner/work/ocr-book/ocr-book/tests/single_page.png
1609172743916336606 : Checking separation double page angle 90.04999999999998
1609172743916446807 : Checking separation double page y=0 2476
1609172748771117289 : Checking page rotation 1 0.0
1609172749393985760 : Checking page rotation 2 0.0
1609172757770046138 : Checking image 1 crop x1 1
1609172757770139839 : Checking image 1 crop y1 8
1609172757770182039 : Checking image 1 crop x2 2470
1609172757770233240 : Checking image 1 crop y2 3505
1609172758442348739 : Checking image 2 crop x1 0
1609172758442443440 : Checking image 2 crop y1 0
1609172758442478040 : Checking image 2 crop x2 0
1609172758442510840 : Checking image 2 crop y2 0
1609172758442591841 : Checking image 1 dpi 300
1609172758442663342 : Checking image 1 border top 5
1609172758442703942 : Checking image 1 border bottom 5
1609172758442739343 : Checking image 1 border left 6
1609172758442774543 : Checking image 1 border right 6
1609172758449603014 : Checking image 2 border top 0
1609172758449688115 : Checking image 2 border bottom 0
1609172758449723415 : Checking image 2 border left 0
1609172758449757716 : Checking image 2 border right 0

</system-out><system-err>--------------------------------- Captured Err ---------------------------------

</system-err></testcase><testcase classname="tests.test_images" name="test_no_split_line_wave_algo_3_png" time="17.917"><system-out>--------------------------------- Captured Log ---------------------------------

--------------------------------- Captured Out ---------------------------------
/home/runner/work/ocr-book/ocr-book/tests/no_split_line_wave_algo_3.png
1609172747383066815 : Checking separation double page angle 90.14999999999998
1609172747383179916 : Checking separation double page y=0 2408
1609172749742938680 : Checking page rotation 1 -0.09999999999999377
1609172750061771322 : Checking page rotation 2 0.0
1609172751808450840 : Checking image 1 crop x1 182
1609172751808539740 : Checking image 1 crop y1 2955
1609172751808578341 : Checking image 1 crop x2 2199
1609172751808634841 : Checking image 1 crop y2 3203
1609172752449900059 : Checking image 2 crop x1 0
1609172752449969459 : Checking image 2 crop y1 0
1609172752450002460 : Checking image 2 crop x2 0
1609172752450034160 : Checking image 2 crop y2 0
1609172752450114161 : Checking image 1 dpi 300
1609172752450186261 : Checking image 1 border top 2951
1609172752450223262 : Checking image 1 border bottom 288
1609172752450257862 : Checking image 1 border left 221
1609172752450292462 : Checking image 1 border right 221
1609172752455608811 : Checking image 2 border top 0
1609172752455661612 : Checking image 2 border bottom 0
1609172752455695612 : Checking image 2 border left 0
1609172752455728312 : Checking image 2 border right 0

</system-out><system-err>--------------------------------- Captured Err ---------------------------------

</system-err></testcase><testcase classname="tests.test_images" name="test_failed_split_line_line_algo_3_png" time="21.702"><system-out>--------------------------------- Captured Log ---------------------------------

--------------------------------- Captured Out ---------------------------------
/home/runner/work/ocr-book/ocr-book/tests/failed_split_line_line_algo_3.png
1609172768686382201 : Checking separation double page angle 90.0
1609172768686510302 : Checking separation double page y=0 40
1609172768853308478 : Checking page rotation 1 0.0
1609172770891857098 : Checking page rotation 2 -0.04999999999999689
1609172771373532431 : Checking image 1 crop x1 0
1609172771373602431 : Checking image 1 crop y1 0
1609172771373637832 : Checking image 1 crop x2 0
1609172771373671232 : Checking image 1 crop y2 0
1609172774187726900 : Checking image 2 crop x1 247
1609172774187807800 : Checking image 2 crop y1 153
1609172774187843800 : Checking image 2 crop x2 2260
1609172774187877101 : Checking image 2 crop y2 3360
1609172774227156053 : Checking image 1 border top 0
1609172774227231353 : Checking image 1 border bottom 0
1609172774227268753 : Checking image 1 border left 0
1609172774227320754 : Checking image 1 border right 0
1609172774227373054 : Checking image 2 dpi 300
1609172774227450755 : Checking image 2 border top 144
1609172774227507155 : Checking image 2 border bottom 136
1609172774227543555 : Checking image 2 border left 223
1609172774227580155 : Checking image 2 border right 223

</system-out><system-err>--------------------------------- Captured Err ---------------------------------

</system-err></testcase><testcase classname="tests.test_images" name="test_wrong_split_line_4_png" time="28.273"><system-out>--------------------------------- Captured Log ---------------------------------

--------------------------------- Captured Out ---------------------------------
/home/runner/work/ocr-book/ocr-book/tests/wrong_split_line_4.png
1609172779539467745 : Checking separation double page angle 91.04999999999998
1609172779539560846 : Checking separation double page y=0 60
1609172779734539597 : Checking page rotation 1 1.0
1609172782313668124 : Checking page rotation 2 1.05
1609172782932523822 : Checking image 1 crop x1 0
1609172782932590122 : Checking image 1 crop y1 0
1609172782932625022 : Checking image 1 crop x2 0
1609172782932657922 : Checking image 1 crop y2 0
1609172787096997355 : Checking image 2 crop x1 291
1609172787097126156 : Checking image 2 crop y1 330
1609172787097168656 : Checking image 2 crop x2 2316
1609172787097207257 : Checking image 2 crop y2 3217
1609172787143395667 : Checking image 1 border top 0
1609172787143467667 : Checking image 1 border bottom 0
1609172787143504867 : Checking image 1 border left 0
1609172787143539468 : Checking image 1 border right 0
1609172787143598668 : Checking image 2 dpi 300
1609172787143687469 : Checking image 2 border top 322
1609172787143742169 : Checking image 2 border bottom 278
1609172787143778369 : Checking image 2 border left 217
1609172787143814569 : Checking image 2 border right 217

</system-out><system-err>--------------------------------- Captured Err ---------------------------------

</system-err></testcase></testsuite></testsuites>