<?xml version="1.0" encoding="utf-8"?><testsuites><testsuite name="pytest" errors="0" failures="0" skipped="0" tests="33" time="914.498" timestamp="2020-12-09T18:40:15.578144" hostname="fv-az121-270"><testcase classname="tests.test_features" name="test_disabled_enable_debug" time="43.418"><system-out>--------------------------------- Captured Log ---------------------------------

--------------------------------- Captured Out ---------------------------------
/home/runner/work/ocr-book/ocr-book/tests/0001_debug.png
separation double page angle 90.57780420099766
separation double page y=0 2487
page rotation 1 0.75
page rotation 2 0.2
image 1 crop x1 330
image 1 crop y1 336
image 1 crop x2 2343
image 1 crop y2 3223
image 2 crop x1 169
image 2 crop y1 648
image 2 crop x2 2186
image 2 crop y2 3361
image 1 dpi 300
image 1 border top 318
image 1 border bottom 282
image 1 border left 223
image 1 border right 223
image 2 dpi 300
image 2 border top 643
image 2 border bottom 131
image 2 border left 221
image 2 border right 221

</system-out><system-err>--------------------------------- Captured Err ---------------------------------

</system-err></testcase><testcase classname="tests.test_features" name="test_mock_stop_at_0" time="0.051"><system-out>--------------------------------- Captured Log ---------------------------------

--------------------------------- Captured Out ---------------------------------
/home/runner/work/ocr-book/ocr-book/tests/0001_0.png

</system-out><system-err>--------------------------------- Captured Err ---------------------------------

</system-err></testcase><testcase classname="tests.test_features" name="test_mock_stop_at_2" time="37.508"><system-out>--------------------------------- Captured Log ---------------------------------

--------------------------------- Captured Out ---------------------------------
/home/runner/work/ocr-book/ocr-book/tests/0001_2.png
separation double page angle 90.57780420099766
separation double page y=0 2487
page rotation 1 0.75
page rotation 2 0.2

</system-out><system-err>--------------------------------- Captured Err ---------------------------------

</system-err></testcase><testcase classname="tests.test_features" name="test_mock_stop_at_4" time="40.487"><system-out>--------------------------------- Captured Log ---------------------------------

--------------------------------- Captured Out ---------------------------------
/home/runner/work/ocr-book/ocr-book/tests/0001_4.png
separation double page angle 90.57780420099766
separation double page y=0 2487
page rotation 1 0.75
page rotation 2 0.2
image 1 crop x1 330
image 1 crop y1 336
image 1 crop x2 2343
image 1 crop y2 3223
image 2 crop x1 169
image 2 crop y1 648
image 2 crop x2 2186
image 2 crop y2 3361
image 1 dpi 300
image 1 border top 318
image 1 border bottom 282
image 1 border left 223
image 1 border right 223
image 2 dpi 300
image 2 border top 643
image 2 border bottom 131
image 2 border left 221
image 2 border right 221

</system-out><system-err>--------------------------------- Captured Err ---------------------------------

</system-err></testcase><testcase classname="tests.test_features" name="test_mock_stop_at_1" time="24.821"><system-out>--------------------------------- Captured Log ---------------------------------

--------------------------------- Captured Out ---------------------------------
/home/runner/work/ocr-book/ocr-book/tests/0001_1.png
separation double page angle 90.57780420099766
separation double page y=0 2487

</system-out><system-err>--------------------------------- Captured Err ---------------------------------

</system-err></testcase><testcase classname="tests.test_features" name="test_mock_stop_at_3" time="38.621"><system-out>--------------------------------- Captured Log ---------------------------------

--------------------------------- Captured Out ---------------------------------
/home/runner/work/ocr-book/ocr-book/tests/0001_3.png
separation double page angle 90.57780420099766
separation double page y=0 2487
page rotation 1 0.75
page rotation 2 0.2
image 1 crop x1 330
image 1 crop y1 336
image 1 crop x2 2343
image 1 crop y2 3223
image 2 crop x1 169
image 2 crop y1 648
image 2 crop x2 2186
image 2 crop y2 3361

</system-out><system-err>--------------------------------- Captured Err ---------------------------------

</system-err></testcase><testcase classname="tests.test_images" name="test_0001_png" time="49.911"><system-out>--------------------------------- Captured Log ---------------------------------

--------------------------------- Captured Out ---------------------------------
/home/runner/work/ocr-book/ocr-book/tests/0001.png
1607539322678509383 : Checking separation double page angle 90.57780420099766
1607539322678617283 : Checking separation double page y=0 2487
1607539329246954518 : Checking page rotation 1 0.75
1607539337518574655 : Checking page rotation 2 0.2
1607539341148885142 : Checking image 1 crop x1 330
1607539341149056542 : Checking image 1 crop y1 336
1607539341149096442 : Checking image 1 crop x2 2343
1607539341149147142 : Checking image 1 crop y2 3223
1607539344546315246 : Checking image 2 crop x1 169
1607539344546429646 : Checking image 2 crop y1 648
1607539344546465646 : Checking image 2 crop x2 2186
1607539344546495446 : Checking image 2 crop y2 3361
1607539344574293056 : Checking image 1 dpi 300
1607539344574393356 : Checking image 1 border top 318
1607539344574444356 : Checking image 1 border bottom 282
1607539344574474256 : Checking image 1 border left 223
1607539344574504456 : Checking image 1 border right 223
1607539344577044857 : Checking image 2 dpi 300
1607539344577121657 : Checking image 2 border top 643
1607539344577154757 : Checking image 2 border bottom 131
1607539344577184257 : Checking image 2 border left 221
1607539344577231557 : Checking image 2 border right 221

</system-out><system-err>--------------------------------- Captured Err ---------------------------------

</system-err></testcase><testcase classname="tests.test_features" name="test_mock_stop_at_5" time="41.007"><system-out>--------------------------------- Captured Log ---------------------------------

--------------------------------- Captured Out ---------------------------------
/home/runner/work/ocr-book/ocr-book/tests/0001_5.png
separation double page angle 90.57780420099766
separation double page y=0 2487
page rotation 1 0.75
page rotation 2 0.2
image 1 crop x1 330
image 1 crop y1 336
image 1 crop x2 2343
image 1 crop y2 3223
image 2 crop x1 169
image 2 crop y1 648
image 2 crop x2 2186
image 2 crop y2 3361
image 1 dpi 300
image 1 border top 318
image 1 border bottom 282
image 1 border left 223
image 1 border right 223
image 2 dpi 300
image 2 border top 643
image 2 border bottom 131
image 2 border left 221
image 2 border right 221

</system-out><system-err>--------------------------------- Captured Err ---------------------------------

</system-err></testcase><testcase classname="tests.test_images" name="test_2_pages_2_contours_png" time="34.225"><system-out>--------------------------------- Captured Log ---------------------------------

--------------------------------- Captured Out ---------------------------------
/home/runner/work/ocr-book/ocr-book/tests/2-pages-2-contours.png
1607539365336654404 : Checking separation double page angle 89.91958537671144
1607539365336758104 : Checking separation double page y=0 2492
1607539367357277618 : Checking page rotation 1 0.05
1607539373548245306 : Checking page rotation 2 0.35
1607539375098498153 : Checking image 1 crop x1 1189
1607539375098585453 : Checking image 1 crop y1 1748
1607539375098614853 : Checking image 1 crop x2 1190
1607539375098640553 : Checking image 1 crop y2 1749
1607539378780943553 : Checking image 2 crop x1 89
1607539378781082853 : Checking image 2 crop y1 240
1607539378781117653 : Checking image 2 crop x2 2136
1607539378781149553 : Checking image 2 crop y2 3239
1607539378808444163 : Checking image 1 dpi 300
1607539378808533763 : Checking image 1 border top 1753
1607539378808565063 : Checking image 1 border bottom 1753
1607539378808593563 : Checking image 1 border left 1239
1607539378808620463 : Checking image 1 border right 1239
1607539378810434364 : Checking image 2 dpi 300
1607539378810494064 : Checking image 2 border top 227
1607539378810523264 : Checking image 2 border bottom 261
1607539378810550564 : Checking image 2 border left 206
1607539378810577364 : Checking image 2 border right 206

</system-out><system-err>--------------------------------- Captured Err ---------------------------------

</system-err></testcase><testcase classname="tests.test_images" name="test_angle_page_lower_split_line_png" time="52.794"><system-out>--------------------------------- Captured Log ---------------------------------

--------------------------------- Captured Out ---------------------------------
/home/runner/work/ocr-book/ocr-book/tests/angle_page_lower_split_line.png
1607539399355497111 : Checking separation double page angle 89.75201324945476
1607539399355598011 : Checking separation double page y=0 2473
1607539405825884591 : Checking page rotation 1 -0.44999999999999746
1607539411031598025 : Checking page rotation 2 0.2
1607539414184035736 : Checking image 1 crop x1 245
1607539414184166236 : Checking image 1 crop y1 161
1607539414184199936 : Checking image 1 crop x2 2351
1607539414184231136 : Checking image 1 crop y2 3364
1607539417237395511 : Checking image 2 crop x1 151
1607539417237509211 : Checking image 2 crop y1 147
1607539417237548511 : Checking image 2 crop x2 2258
1607539417237583211 : Checking image 2 crop y2 3350
1607539417274129024 : Checking image 1 dpi 300
1607539417274233424 : Checking image 1 border top 141
1607539417274272124 : Checking image 1 border bottom 143
1607539417274305724 : Checking image 1 border left 177
1607539417274371224 : Checking image 1 border right 177
1607539417277464225 : Checking image 2 dpi 300
1607539417277531225 : Checking image 2 border top 129
1607539417277564825 : Checking image 2 border bottom 155
1607539417277594325 : Checking image 2 border left 176
1607539417277623825 : Checking image 2 border right 176

</system-out><system-err>--------------------------------- Captured Err ---------------------------------

</system-err></testcase><testcase classname="tests.test_images" name="test_black_border_not_removed_png" time="55.868"><system-out>--------------------------------- Captured Log ---------------------------------

--------------------------------- Captured Out ---------------------------------
/home/runner/work/ocr-book/ocr-book/tests/black-border-not-removed.png
1607539410861287765 : Checking separation double page angle 90.02895758682554
1607539410861385065 : Checking separation double page y=0 2456
1607539416292812578 : Checking page rotation 1 0.0
1607539425920992068 : Checking page rotation 2 0.0
1607539429635102776 : Checking image 1 crop x1 297
1607539429635246776 : Checking image 1 crop y1 143
1607539429635283476 : Checking image 1 crop x2 2309
1607539429635316276 : Checking image 1 crop y2 3346
1607539434650923041 : Checking image 2 crop x1 157
1607539434651024741 : Checking image 2 crop y1 145
1607539434651059841 : Checking image 2 crop x2 2169
1607539434651112741 : Checking image 2 crop y2 3352
1607539434680595051 : Checking image 1 dpi 300
1607539434680671051 : Checking image 1 border top 127
1607539434680702151 : Checking image 1 border bottom 157
1607539434680730151 : Checking image 1 border left 224
1607539434680756651 : Checking image 1 border right 224
1607539434682978952 : Checking image 2 dpi 300
1607539434683032452 : Checking image 2 border top 133
1607539434683061452 : Checking image 2 border bottom 147
1607539434683105652 : Checking image 2 border left 224
1607539434683154752 : Checking image 2 border right 224

</system-out><system-err>--------------------------------- Captured Err ---------------------------------

</system-err></testcase><testcase classname="tests.test_images" name="test_wrong_split_line_png" time="41.426"><system-out>--------------------------------- Captured Log ---------------------------------

--------------------------------- Captured Out ---------------------------------
/home/runner/work/ocr-book/ocr-book/tests/wrong_split_line.png
1607539442958129664 : Checking separation double page angle 89.85895720607971
1607539442958224564 : Checking separation double page y=0 2463
1607539448560140434 : Checking page rotation 1 -0.14999999999999067
1607539453840175192 : Checking page rotation 2 0.65
1607539456134689899 : Checking image 1 crop x1 213
1607539456134798799 : Checking image 1 crop y1 157
1607539456134832799 : Checking image 1 crop x2 2323
1607539456134863699 : Checking image 1 crop y2 3362
1607539458684114195 : Checking image 2 crop x1 126
1607539458684215295 : Checking image 2 crop y1 167
1607539458684250195 : Checking image 2 crop x2 2237
1607539458684283595 : Checking image 2 crop y2 3372
1607539458714611806 : Checking image 1 dpi 300
1607539458714689706 : Checking image 1 border top 135
1607539458714721606 : Checking image 1 border bottom 147
1607539458714748206 : Checking image 1 border left 175
1607539458714776506 : Checking image 1 border right 175
1607539458717359707 : Checking image 2 dpi 300
1607539458717426607 : Checking image 2 border top 139
1607539458717456807 : Checking image 2 border bottom 143
1607539458717484707 : Checking image 2 border left 174
1607539458717512407 : Checking image 2 border right 174

</system-out><system-err>--------------------------------- Captured Err ---------------------------------

</system-err></testcase><testcase classname="tests.test_images" name="test_image_failed_to_rotate_png" time="56.676"><system-out>--------------------------------- Captured Log ---------------------------------

--------------------------------- Captured Out ---------------------------------
/home/runner/work/ocr-book/ocr-book/tests/image_failed_to_rotate.png
1607539463179052276 : Checking separation double page angle 90.19634423290289
1607539463179168976 : Checking separation double page y=0 2482
1607539467961553357 : Checking page rotation 1 0.35
1607539475631401353 : Checking page rotation 2 0.45
1607539486192647566 : Checking image 1 crop x1 34
1607539486192746466 : Checking image 1 crop y1 1
1607539486192782366 : Checking image 1 crop x2 2480
1607539486192813566 : Checking image 1 crop y2 3500
1607539491225866235 : Checking image 2 crop x1 169
1607539491225979335 : Checking image 2 crop y1 234
1607539491226050535 : Checking image 2 crop x2 2248
1607539491226101835 : Checking image 2 crop y2 3355
1607539491265965349 : Checking image 1 dpi 300
1607539491266048049 : Checking image 1 border top 4
1607539491266081549 : Checking image 1 border bottom 4
1607539491266108549 : Checking image 1 border left 17
1607539491266156149 : Checking image 1 border right 17
1607539491267844949 : Checking image 2 dpi 300
1607539491267893249 : Checking image 2 border top 221
1607539491267921549 : Checking image 2 border bottom 145
1607539491267948549 : Checking image 2 border left 190
1607539491267975149 : Checking image 2 border right 190

</system-out><system-err>--------------------------------- Captured Err ---------------------------------

</system-err></testcase><testcase classname="tests.test_images" name="test_crop_too_much_png" time="72.005"><system-out>--------------------------------- Captured Log ---------------------------------

--------------------------------- Captured Out ---------------------------------
/home/runner/work/ocr-book/ocr-book/tests/crop_too_much.png
1607539504319829136 : Checking separation double page angle 90.13239409272954
1607539504319923536 : Checking separation double page y=0 2453
1607539513076389412 : Checking page rotation 1 0.0
1607539522101579483 : Checking page rotation 2 0.45
1607539526427662003 : Checking image 1 crop x1 303
1607539526427775403 : Checking image 1 crop y1 148
1607539526427814303 : Checking image 1 crop x2 2313
1607539526427848303 : Checking image 1 crop y2 3351
1607539530666471792 : Checking image 2 crop x1 170
1607539530666578692 : Checking image 2 crop y1 155
1607539530666615092 : Checking image 2 crop x2 2181
1607539530666648892 : Checking image 2 crop y2 3359
1607539530707735706 : Checking image 1 dpi 300
1607539530707822806 : Checking image 1 border top 131
1607539530707875106 : Checking image 1 border bottom 153
1607539530707902606 : Checking image 1 border left 225
1607539530707929506 : Checking image 1 border right 225
1607539530710655507 : Checking image 2 dpi 300
1607539530710710107 : Checking image 2 border top 133
1607539530710741307 : Checking image 2 border bottom 150
1607539530710767507 : Checking image 2 border left 224
1607539530710793207 : Checking image 2 border right 224

</system-out><system-err>--------------------------------- Captured Err ---------------------------------

</system-err></testcase><testcase classname="tests.test_images" name="test_image_failed_to_crop_data_png" time="53.104"><system-out>--------------------------------- Captured Log ---------------------------------

--------------------------------- Captured Out ---------------------------------
/home/runner/work/ocr-book/ocr-book/tests/image_failed_to_crop_data.png
1607539519318506805 : Checking separation double page angle 89.91538216173362
1607539519318606905 : Checking separation double page y=0 2477
1607539524484259620 : Checking page rotation 1 0.2
1607539529405023849 : Checking page rotation 2 0.0
1607539539452996678 : Checking image 1 crop x1 58
1607539539453104978 : Checking image 1 crop y1 8
1607539539453138878 : Checking image 1 crop x2 2480
1607539539453177878 : Checking image 1 crop y2 3504
1607539544373087607 : Checking image 2 crop x1 159
1607539544373226207 : Checking image 2 crop y1 217
1607539544373263007 : Checking image 2 crop x2 2241
1607539544373295607 : Checking image 2 crop y2 3350
1607539544404012517 : Checking image 1 dpi 300
1607539544404121217 : Checking image 1 border top 6
1607539544404157717 : Checking image 1 border bottom 6
1607539544404187417 : Checking image 1 border left 29
1607539544404216117 : Checking image 1 border right 29
1607539544406168218 : Checking image 2 dpi 300
1607539544406223318 : Checking image 2 border top 206
1607539544406271718 : Checking image 2 border bottom 148
1607539544406300118 : Checking image 2 border left 189
1607539544406329418 : Checking image 2 border right 189

</system-out><system-err>--------------------------------- Captured Err ---------------------------------

</system-err></testcase><testcase classname="tests.test_images" name="test_crop_too_few_png" time="43.429"><system-out>--------------------------------- Captured Log ---------------------------------

--------------------------------- Captured Out ---------------------------------
/home/runner/work/ocr-book/ocr-book/tests/crop_too_few.png
1607539558636479816 : Checking separation double page angle 89.39669496435833
1607539558636579716 : Checking separation double page y=0 2510
1607539563498790924 : Checking page rotation 1 -0.7499999999999916
1607539568448304262 : Checking page rotation 2 0.05
1607539571275133755 : Checking image 1 crop x1 265
1607539571275259555 : Checking image 1 crop y1 152
1607539571275300255 : Checking image 1 crop x2 2375
1607539571275370055 : Checking image 1 crop y2 3356
1607539574120419154 : Checking image 2 crop x1 135
1607539574120559054 : Checking image 2 crop y1 141
1607539574120592754 : Checking image 2 crop x2 2261
1607539574120624954 : Checking image 2 crop y2 3345
1607539574153011466 : Checking image 1 dpi 300
1607539574153119866 : Checking image 1 border top 134
1607539574153154066 : Checking image 1 border bottom 149
1607539574153184366 : Checking image 1 border left 175
1607539574153231966 : Checking image 1 border right 175
1607539574155908867 : Checking image 2 dpi 300
1607539574155964367 : Checking image 2 border top 129
1607539574155994467 : Checking image 2 border bottom 154
1607539574156021567 : Checking image 2 border left 167
1607539574156050567 : Checking image 2 border right 167

</system-out><system-err>--------------------------------- Captured Err ---------------------------------

</system-err></testcase><testcase classname="tests.test_images" name="test_wrong_angle_split_line_png" time="62.091"><system-out>--------------------------------- Captured Log ---------------------------------

--------------------------------- Captured Out ---------------------------------
/home/runner/work/ocr-book/ocr-book/tests/wrong_angle_split_line.png
1607539574011656216 : Checking separation double page angle 90.0419342000635
1607539574011752416 : Checking separation double page y=0 2477
1607539581314216981 : Checking page rotation 1 0.2
1607539589563803778 : Checking page rotation 2 0.2
1607539600503624320 : Checking image 1 crop x1 61
1607539600503745920 : Checking image 1 crop y1 7
1607539600503802520 : Checking image 1 crop x2 2475
1607539600503854020 : Checking image 1 crop y2 3500
1607539605766291768 : Checking image 2 crop x1 165
1607539605766399868 : Checking image 2 crop y1 219
1607539605766433968 : Checking image 2 crop x2 2241
1607539605766464568 : Checking image 2 crop y2 3348
1607539605914094619 : Checking image 1 dpi 300
1607539605914277820 : Checking image 1 border top 7
1607539605914333520 : Checking image 1 border bottom 7
1607539605914371720 : Checking image 1 border left 33
1607539605914408220 : Checking image 1 border right 33
1607539605921884722 : Checking image 2 dpi 300
1607539605921968522 : Checking image 2 border top 207
1607539605921998622 : Checking image 2 border bottom 151
1607539605922026422 : Checking image 2 border left 192
1607539605922052122 : Checking image 2 border right 192

</system-out><system-err>--------------------------------- Captured Err ---------------------------------

</system-err></testcase><testcase classname="tests.test_images" name="test_crop_too_much_2_png" time="75.040"><system-out>--------------------------------- Captured Log ---------------------------------

--------------------------------- Captured Out ---------------------------------
/home/runner/work/ocr-book/ocr-book/tests/crop_too_much_2.png
1607539617408233356 : Checking separation double page angle 90.20211186462491
1607539617408347856 : Checking separation double page y=0 2477
1607539629601793337 : Checking page rotation 1 0.2
1607539639189426204 : Checking page rotation 2 0.2
1607539643336260560 : Checking image 1 crop x1 332
1607539643336389760 : Checking image 1 crop y1 131
1607539643336451460 : Checking image 1 crop x2 2342
1607539643336503960 : Checking image 1 crop y2 3336
1607539649122643892 : Checking image 2 crop x1 168
1607539649122751492 : Checking image 2 crop y1 139
1607539649122786892 : Checking image 2 crop x2 2181
1607539649122819192 : Checking image 2 crop y2 3345
1607539649166785407 : Checking image 1 dpi 300
1607539649166891407 : Checking image 1 border top 118
1607539649166924307 : Checking image 1 border bottom 164
1607539649166951207 : Checking image 1 border left 225
1607539649166979807 : Checking image 1 border right 225
1607539649169713908 : Checking image 2 dpi 300
1607539649169794508 : Checking image 2 border top 127
1607539649169827608 : Checking image 2 border bottom 154
1607539649169854208 : Checking image 2 border left 223
1607539649169882209 : Checking image 2 border right 223

</system-out><system-err>--------------------------------- Captured Err ---------------------------------

</system-err></testcase><testcase classname="tests.test_images" name="test_wrong_split_line_3_png" time="58.886"><system-out>--------------------------------- Captured Log ---------------------------------

--------------------------------- Captured Out ---------------------------------
/home/runner/work/ocr-book/ocr-book/tests/wrong_split_line_3.png
1607539642489076963 : Checking separation double page angle 90.43729500214694
1607539642489167263 : Checking separation double page y=0 2498
1607539650527935085 : Checking page rotation 1 0.30000000000000004
1607539658198549179 : Checking page rotation 2 0.9
1607539661841059458 : Checking image 1 crop x1 331
1607539661841188658 : Checking image 1 crop y1 165
1607539661841230858 : Checking image 1 crop x2 2375
1607539661841267758 : Checking image 1 crop y2 3376
1607539665382929901 : Checking image 2 crop x1 102
1607539665383314402 : Checking image 2 crop y1 208
1607539665383369902 : Checking image 2 crop x2 2133
1607539665383408102 : Checking image 2 crop y2 3413
1607539665424028916 : Checking image 1 dpi 300
1607539665424148516 : Checking image 1 border top 148
1607539665424188316 : Checking image 1 border bottom 128
1607539665424224416 : Checking image 1 border left 208
1607539665424277116 : Checking image 1 border right 208
1607539665426339917 : Checking image 2 dpi 300
1607539665426399917 : Checking image 2 border top 191
1607539665426433617 : Checking image 2 border bottom 91
1607539665426465517 : Checking image 2 border left 214
1607539665426497417 : Checking image 2 border right 214

</system-out><system-err>--------------------------------- Captured Err ---------------------------------

</system-err></testcase><testcase classname="tests.test_images" name="test_wrong_split_line_2_png" time="108.361"><system-out>--------------------------------- Captured Log ---------------------------------

--------------------------------- Captured Out ---------------------------------
/home/runner/work/ocr-book/ocr-book/tests/wrong_split_line_2.png
1607539712771687341 : Checking separation double page angle 90.38387862177287
1607539712771795741 : Checking separation double page y=0 2442
1607539723461176594 : Checking page rotation 1 0.05
1607539738040196913 : Checking page rotation 2 0.4
1607539745979909000 : Checking image 1 crop x1 294
1607539745980024300 : Checking image 1 crop y1 137
1607539745980061600 : Checking image 1 crop x2 2326
1607539745980093800 : Checking image 1 crop y2 3375
1607539757488799841 : Checking image 2 crop x1 146
1607539757488933441 : Checking image 2 crop y1 192
1607539757488985241 : Checking image 2 crop x2 2173
1607539757489023541 : Checking image 2 crop y2 3386
1607539757533171557 : Checking image 1 dpi 300
1607539757533295157 : Checking image 1 border top 124
1607539757533329857 : Checking image 1 border bottom 124
1607539757533360557 : Checking image 1 border left 214
1607539757533389957 : Checking image 1 border right 214
1607539757536515858 : Checking image 2 dpi 300
1607539757536588858 : Checking image 2 border top 185
1607539757536619058 : Checking image 2 border bottom 108
1607539757536652858 : Checking image 2 border left 216
1607539757536681358 : Checking image 2 border right 216

</system-out><system-err>--------------------------------- Captured Err ---------------------------------

</system-err></testcase><testcase classname="tests.test_images" name="test_wrong_wave_split_line_png" time="103.594"><system-out>--------------------------------- Captured Log ---------------------------------

--------------------------------- Captured Out ---------------------------------
/home/runner/work/ocr-book/ocr-book/tests/wrong_wave_split_line.png
1607539719980701372 : Checking separation double page angle 90.52878604107717
1607539719980803572 : Checking separation double page y=0 2502
1607539731600607252 : Checking page rotation 1 -0.14999999999999067
1607539743036088767 : Checking page rotation 2 0.85
1607539752774050386 : Checking image 1 crop x1 385
1607539752774241086 : Checking image 1 crop y1 179
1607539752774301286 : Checking image 1 crop x2 2411
1607539752774336186 : Checking image 1 crop y2 3374
1607539768944888064 : Checking image 2 crop x1 27
1607539768945081264 : Checking image 2 crop y1 1
1607539768945148764 : Checking image 2 crop x2 2489
1607539768945212664 : Checking image 2 crop y2 3505
1607539769002408384 : Checking image 1 dpi 300
1607539769002583684 : Checking image 1 border top 169
1607539769002621784 : Checking image 1 border bottom 123
1607539769002656184 : Checking image 1 border left 217
1607539769002688784 : Checking image 1 border right 217
1607539769004970485 : Checking image 2 dpi 300
1607539769005026585 : Checking image 2 border top 2
1607539769005062485 : Checking image 2 border bottom 2
1607539769005093585 : Checking image 2 border left 9
1607539769005124585 : Checking image 2 border right 9

</system-out><system-err>--------------------------------- Captured Err ---------------------------------

</system-err></testcase><testcase classname="tests.test_images" name="test_small_wave_png" time="76.769"><system-out>--------------------------------- Captured Log ---------------------------------

--------------------------------- Captured Out ---------------------------------
/home/runner/work/ocr-book/ocr-book/tests/small_wave.png
1607539807061178547 : Checking separation double page angle 90.61316928841565
1607539807061335147 : Checking separation double page y=0 2495
1607539818978774631 : Checking page rotation 1 0.7
1607539827810447432 : Checking page rotation 2 0.7
1607539830977120344 : Checking image 1 crop x1 322
1607539830977351444 : Checking image 1 crop y1 199
1607539830977393744 : Checking image 1 crop x2 2351
1607539830977431844 : Checking image 1 crop y2 3394
1607539834268348899 : Checking image 2 crop x1 135
1607539834268461699 : Checking image 2 crop y1 223
1607539834268498399 : Checking image 2 crop x2 2164
1607539834268531899 : Checking image 2 crop y2 3419
1607539834307128513 : Checking image 1 dpi 300
1607539834307252613 : Checking image 1 border top 178
1607539834307286313 : Checking image 1 border bottom 114
1607539834307333313 : Checking image 1 border left 215
1607539834307362613 : Checking image 1 border right 215
1607539834310355514 : Checking image 2 dpi 300
1607539834310437014 : Checking image 2 border top 196
1607539834310465714 : Checking image 2 border bottom 95
1607539834310491914 : Checking image 2 border left 215
1607539834310518614 : Checking image 2 border right 215

</system-out><system-err>--------------------------------- Captured Err ---------------------------------

</system-err></testcase><testcase classname="tests.test_images" name="test_no_split_line_line_algo_png" time="60.595"><system-out>--------------------------------- Captured Log ---------------------------------

--------------------------------- Captured Out ---------------------------------
/home/runner/work/ocr-book/ocr-book/tests/no_split_line_line_algo.png
1607539806285915274 : Checking separation double page angle 89.47691469185418
1607539806286024474 : Checking separation double page y=0 2476
1607539812088461312 : Checking page rotation 1 -0.14999999999999067
1607539822528476477 : Checking page rotation 2 -0.44999999999999746
1607539825342598765 : Checking image 1 crop x1 205
1607539825342708065 : Checking image 1 crop y1 158
1607539825342761265 : Checking image 1 crop x2 2320
1607539825342791865 : Checking image 1 crop y2 3366
1607539829589387856 : Checking image 2 crop x1 185
1607539829589494256 : Checking image 2 crop y1 221
1607539829589530756 : Checking image 2 crop x2 2201
1607539829589562756 : Checking image 2 crop y2 3366
1607539829630197071 : Checking image 1 dpi 300
1607539829630299071 : Checking image 1 border top 141
1607539829630334671 : Checking image 1 border bottom 138
1607539829630366671 : Checking image 1 border left 172
1607539829630397171 : Checking image 1 border right 172
1607539829632320971 : Checking image 2 dpi 300
1607539829632390571 : Checking image 2 border top 215
1607539829632422071 : Checking image 2 border bottom 127
1607539829632451871 : Checking image 2 border left 222
1607539829632499272 : Checking image 2 border right 222

</system-out><system-err>--------------------------------- Captured Err ---------------------------------

</system-err></testcase><testcase classname="tests.test_images" name="test_failed_split_line_line_algo_2_png" time="73.442"><system-out>--------------------------------- Captured Log ---------------------------------

--------------------------------- Captured Out ---------------------------------
/home/runner/work/ocr-book/ocr-book/tests/failed_split_line_line_algo_2.png
1607539876632217873 : Checking separation double page angle 89.99134220573251
1607539876632374173 : Checking separation double page y=0 2498
1607539888825721955 : Checking page rotation 1 0.0
1607539896648761601 : Checking page rotation 2 0.6000000000000001
1607539899808708611 : Checking image 1 crop x1 272
1607539899808908011 : Checking image 1 crop y1 149
1607539899809000811 : Checking image 1 crop x2 2383
1607539899809037111 : Checking image 1 crop y2 3353
1607539903028754341 : Checking image 2 crop x1 30
1607539903028856741 : Checking image 2 crop y1 155
1607539903028892441 : Checking image 2 crop x2 2153
1607539903028923541 : Checking image 2 crop y2 3350
1607539903066888755 : Checking image 1 dpi 300
1607539903066992955 : Checking image 1 border top 139
1607539903067025555 : Checking image 1 border bottom 144
1607539903067056555 : Checking image 1 border left 174
1607539903067084655 : Checking image 1 border right 174
1607539903068953256 : Checking image 2 dpi 300
1607539903069007056 : Checking image 2 border top 136
1607539903069052656 : Checking image 2 border bottom 156
1607539903069080756 : Checking image 2 border left 168
1607539903069108056 : Checking image 2 border right 168

</system-out><system-err>--------------------------------- Captured Err ---------------------------------

</system-err></testcase><testcase classname="tests.test_images" name="test_failed_split_line_line_algo_png" time="28.197"><system-out>--------------------------------- Captured Log ---------------------------------

--------------------------------- Captured Out ---------------------------------
/home/runner/work/ocr-book/ocr-book/tests/failed_split_line_line_algo.png
1607539852266303018 : Checking separation double page angle 90.0163422057325
1607539852266409118 : Checking separation double page y=0 2575
1607539855943708010 : Checking page rotation 1 -0.14999999999999067
1607539858203016703 : Checking page rotation 2 0.0
1607539860965201773 : Checking image 1 crop x1 407
1607539860965309873 : Checking image 1 crop y1 2925
1607539860965346473 : Checking image 1 crop x2 2419
1607539860965377573 : Checking image 1 crop y2 3174
1607539862545557028 : Checking image 2 crop x1 1184
1607539862545668728 : Checking image 2 crop y1 1744
1607539862545706628 : Checking image 2 crop x2 1185
1607539862545740928 : Checking image 2 crop y2 1745
1607539862546176328 : Checking image 1 dpi 300
1607539862546270728 : Checking image 1 border top 2917
1607539862546326128 : Checking image 1 border bottom 321
1607539862546360228 : Checking image 1 border left 224
1607539862546394328 : Checking image 1 border right 224
1607539862548433429 : Checking image 2 dpi 300
1607539862548488729 : Checking image 2 border top 1752
1607539862548526529 : Checking image 2 border bottom 1753
1607539862548560329 : Checking image 2 border left 1239
1607539862548594529 : Checking image 2 border right 1239

</system-out><system-err>--------------------------------- Captured Err ---------------------------------

</system-err></testcase><testcase classname="tests.test_images" name="test_wrong_wave_split_line_2_png" time="75.488"><system-out>--------------------------------- Captured Log ---------------------------------

--------------------------------- Captured Out ---------------------------------
/home/runner/work/ocr-book/ocr-book/tests/wrong_wave_split_line_2.png
1607539908407090430 : Checking separation double page angle 90.7708958311329
1607539908407223430 : Checking separation double page y=0 2490
1607539918427187348 : Checking page rotation 1 0.4
1607539930970867252 : Checking page rotation 2 1.8
1607539934563872214 : Checking image 1 crop x1 224
1607539934564010914 : Checking image 1 crop y1 147
1607539934564053214 : Checking image 1 crop x2 2337
1607539934564091914 : Checking image 1 crop y2 3355
1607539937965614608 : Checking image 2 crop x1 72
1607539937965717108 : Checking image 2 crop y1 197
1607539937965753808 : Checking image 2 crop x2 2194
1607539937965832508 : Checking image 2 crop y2 3396
1607539938010196124 : Checking image 1 dpi 300
1607539938010291824 : Checking image 1 border top 133
1607539938010325424 : Checking image 1 border bottom 146
1607539938010353824 : Checking image 1 border left 173
1607539938010381824 : Checking image 1 border right 173
1607539938013177225 : Checking image 2 dpi 300
1607539938013228525 : Checking image 2 border top 167
1607539938013257525 : Checking image 2 border bottom 121
1607539938013284225 : Checking image 2 border left 169
1607539938013310625 : Checking image 2 border right 169

</system-out><system-err>--------------------------------- Captured Err ---------------------------------

</system-err></testcase><testcase classname="tests.test_images" name="test_crop_too_much_3_png" time="73.205"><system-out>--------------------------------- Captured Log ---------------------------------

--------------------------------- Captured Out ---------------------------------
/home/runner/work/ocr-book/ocr-book/tests/crop_too_much_3.png
1607539946771023900 : Checking separation double page angle 89.55580634783144
1607539946771159000 : Checking separation double page y=0 2499
1607539956075052466 : Checking page rotation 1 -0.9499999999999917
1607539967726916757 : Checking page rotation 2 -0.14999999999999067
1607539971762852774 : Checking image 1 crop x1 373
1607539971762951474 : Checking image 1 crop y1 258
1607539971762984974 : Checking image 1 crop x2 2386
1607539971763014474 : Checking image 1 crop y2 3458
1607539976238487446 : Checking image 2 crop x1 167
1607539976238673046 : Checking image 2 crop y1 228
1607539976238710146 : Checking image 2 crop x2 2180
1607539976238743946 : Checking image 2 crop y2 3417
1607539976279418060 : Checking image 1 dpi 300
1607539976279524060 : Checking image 1 border top 239
1607539976279560260 : Checking image 1 border bottom 48
1607539976279628160 : Checking image 1 border left 223
1607539976279661760 : Checking image 1 border right 223
1607539976281984961 : Checking image 2 dpi 300
1607539976282038861 : Checking image 2 border top 207
1607539976282091761 : Checking image 2 border bottom 91
1607539976282121061 : Checking image 2 border left 223
1607539976282168161 : Checking image 2 border right 223

</system-out><system-err>--------------------------------- Captured Err ---------------------------------

</system-err></testcase><testcase classname="tests.test_images" name="test_wrong_wave_split_line_3_png" time="69.215"><system-out>--------------------------------- Captured Log ---------------------------------

--------------------------------- Captured Out ---------------------------------
/home/runner/work/ocr-book/ocr-book/tests/wrong_wave_split_line_3.png
1607539983418921967 : Checking separation double page angle 90.05867351615122
1607539983419028267 : Checking separation double page y=0 2510
1607539994001881483 : Checking page rotation 1 0.1
1607540000870724594 : Checking page rotation 2 0.35
1607540004037411406 : Checking image 1 crop x1 272
1607540004037517006 : Checking image 1 crop y1 219
1607540004037553506 : Checking image 1 crop x2 2383
1607540004037585006 : Checking image 1 crop y2 3423
1607540007199782516 : Checking image 2 crop x1 119
1607540007199928316 : Checking image 2 crop y1 226
1607540007199969016 : Checking image 2 crop x2 2240
1607540007200006017 : Checking image 2 crop y2 3413
1607540007235088929 : Checking image 1 dpi 300
1607540007235195629 : Checking image 1 border top 202
1607540007235229029 : Checking image 1 border bottom 81
1607540007235266829 : Checking image 1 border left 174
1607540007235298229 : Checking image 1 border right 174
1607540007237359030 : Checking image 2 dpi 300
1607540007237409230 : Checking image 2 border top 203
1607540007237439530 : Checking image 2 border bottom 97
1607540007237467730 : Checking image 2 border left 169
1607540007237495930 : Checking image 2 border right 169

</system-out><system-err>--------------------------------- Captured Err ---------------------------------

</system-err></testcase><testcase classname="tests.test_images" name="test_no_split_line_wave_algo_png" time="65.826"><system-out>--------------------------------- Captured Log ---------------------------------

--------------------------------- Captured Out ---------------------------------
/home/runner/work/ocr-book/ocr-book/tests/no_split_line_wave_algo.png
1607540007613110662 : Checking separation double page angle 89.93575909193096
1607540007613225862 : Checking separation double page y=0 2482
1607540014141025354 : Checking page rotation 1 0.0
1607540023718751216 : Checking page rotation 2 -0.5499999999999912
1607540034228598706 : Checking image 1 crop x1 97
1607540034228692706 : Checking image 1 crop y1 77
1607540034228779606 : Checking image 1 crop x2 2483
1607540034228813906 : Checking image 1 crop y2 3505
1607540042025647544 : Checking image 2 crop x1 164
1607540042025754944 : Checking image 2 crop y1 266
1607540042025828244 : Checking image 2 crop x2 2241
1607540042025862444 : Checking image 2 crop y2 3382
1607540042067338259 : Checking image 1 dpi 300
1607540042067463959 : Checking image 1 border top 40
1607540042067500559 : Checking image 1 border bottom 40
1607540042067534059 : Checking image 1 border left 47
1607540042067565259 : Checking image 1 border right 47
1607540042069538659 : Checking image 2 dpi 300
1607540042069596759 : Checking image 2 border top 254
1607540042069628659 : Checking image 2 border bottom 117
1607540042069658559 : Checking image 2 border left 191
1607540042069688559 : Checking image 2 border right 191

</system-out><system-err>--------------------------------- Captured Err ---------------------------------

</system-err></testcase><testcase classname="tests.test_images" name="test_no_split_line_wave_algo_2_png" time="59.275"><system-out>--------------------------------- Captured Log ---------------------------------

--------------------------------- Captured Out ---------------------------------
/home/runner/work/ocr-book/ocr-book/tests/no_split_line_wave_algo_2.png
1607540043153080940 : Checking separation double page angle 91.21822795596304
1607540043153184240 : Checking separation double page y=0 2488
1607540051693345538 : Checking page rotation 1 1.0999999999999999
1607540060648246282 : Checking page rotation 2 0.2
1607540063738162967 : Checking image 1 crop x1 266
1607540063738291267 : Checking image 1 crop y1 210
1607540063738327667 : Checking image 1 crop x2 2342
1607540063738361167 : Checking image 1 crop y2 3413
1607540066468936126 : Checking image 2 crop x1 199
1607540066469044026 : Checking image 2 crop y1 241
1607540066469078726 : Checking image 2 crop x2 2282
1607540066469110326 : Checking image 2 crop y2 3433
1607540066510628041 : Checking image 1 dpi 300
1607540066510738341 : Checking image 1 border top 194
1607540066510778641 : Checking image 1 border bottom 90
1607540066510812641 : Checking image 1 border left 192
1607540066510845941 : Checking image 1 border right 192
1607540066513428442 : Checking image 2 dpi 300
1607540066513487542 : Checking image 2 border top 226
1607540066513521542 : Checking image 2 border bottom 69
1607540066513552942 : Checking image 2 border left 188
1607540066513584442 : Checking image 2 border right 188

</system-out><system-err>--------------------------------- Captured Err ---------------------------------

</system-err></testcase><testcase classname="tests.test_images" name="test_crop_too_few_2_png" time="52.485"><system-out>--------------------------------- Captured Log ---------------------------------

--------------------------------- Captured Out ---------------------------------
/home/runner/work/ocr-book/ocr-book/tests/crop_too_few_2.png
1607540074661626703 : Checking separation double page angle 90.25476192320097
1607540074661786903 : Checking separation double page y=0 2531
1607540082020882087 : Checking page rotation 1 1.2000000000000002
1607540088478084854 : Checking page rotation 2 -0.09999999999999377
1607540091861211242 : Checking image 1 crop x1 287
1607540091861312242 : Checking image 1 crop y1 165
1607540091861345342 : Checking image 1 crop x2 2398
1607540091861374142 : Checking image 1 crop y2 3368
1607540094562349490 : Checking image 2 crop x1 145
1607540094562442790 : Checking image 2 crop y1 175
1607540094562475190 : Checking image 2 crop x2 2271
1607540094562503490 : Checking image 2 crop y2 3373
1607540094596422502 : Checking image 1 dpi 300
1607540094596501702 : Checking image 1 border top 139
1607540094596531902 : Checking image 1 border bottom 145
1607540094596560602 : Checking image 1 border left 174
1607540094596587502 : Checking image 1 border right 174
1607540094598542903 : Checking image 2 dpi 300
1607540094598591603 : Checking image 2 border top 180
1607540094598618503 : Checking image 2 border bottom 109
1607540094598643503 : Checking image 2 border left 167
1607540094598668703 : Checking image 2 border right 167

</system-out><system-err>--------------------------------- Captured Err ---------------------------------

</system-err></testcase><testcase classname="tests.test_images" name="test_failed_detect_rectangle_png" time="61.612"><system-out>--------------------------------- Captured Log ---------------------------------

--------------------------------- Captured Out ---------------------------------
/home/runner/work/ocr-book/ocr-book/tests/failed_detect_rectangle.png
1607540106311372715 : Checking separation double page angle 90.19837516213148
1607540106311465215 : Checking separation double page y=0 2471
1607540114206058887 : Checking page rotation 1 0.2
1607540122070320148 : Checking page rotation 2 0.2
1607540124819034713 : Checking image 1 crop x1 257
1607540124819138013 : Checking image 1 crop y1 201
1607540124819171613 : Checking image 1 crop x2 2333
1607540124819201013 : Checking image 1 crop y2 3402
1607540128097818564 : Checking image 2 crop x1 139
1607540128097934764 : Checking image 2 crop y1 215
1607540128097974564 : Checking image 2 crop x2 2222
1607540128098011264 : Checking image 2 crop y2 3406
1607540128136014678 : Checking image 1 dpi 300
1607540128136093478 : Checking image 1 border top 188
1607540128136124778 : Checking image 1 border bottom 98
1607540128136152078 : Checking image 1 border left 192
1607540128136178678 : Checking image 1 border right 192
1607540128138647779 : Checking image 2 dpi 300
1607540128138697979 : Checking image 2 border top 200
1607540128138726279 : Checking image 2 border bottom 95
1607540128138751979 : Checking image 2 border left 188
1607540128138778079 : Checking image 2 border right 188

</system-out><system-err>--------------------------------- Captured Err ---------------------------------

</system-err></testcase><testcase classname="tests.test_images" name="test_single_page_png" time="22.375"><system-out>--------------------------------- Captured Log ---------------------------------

--------------------------------- Captured Out ---------------------------------
/home/runner/work/ocr-book/ocr-book/tests/single_page.png
1607540103481352021 : Checking separation double page angle 89.97500000000001
1607540103481448521 : Checking separation double page y=0 2469
1607540108303345714 : Checking page rotation 1 0.0
1607540108858672409 : Checking page rotation 2 0.0
1607540116093270950 : Checking image 1 crop x1 1
1607540116093368150 : Checking image 1 crop y1 9
1607540116093398150 : Checking image 1 crop x2 2464
1607540116093426150 : Checking image 1 crop y2 3505
1607540116696799661 : Checking image 2 crop x1 0
1607540116696865261 : Checking image 2 crop y1 0
1607540116696894061 : Checking image 2 crop x2 0
1607540116696921461 : Checking image 2 crop y2 0
1607540116696992361 : Checking image 1 dpi 300
1607540116697054462 : Checking image 1 border top 6
1607540116697089762 : Checking image 1 border bottom 6
1607540116697119162 : Checking image 1 border left 9
1607540116697149062 : Checking image 1 border right 9
1607540116703382364 : Checking image 2 border top 0
1607540116703450164 : Checking image 2 border bottom 0
1607540116703513164 : Checking image 2 border left 0
1607540116703557564 : Checking image 2 border right 0

</system-out><system-err>--------------------------------- Captured Err ---------------------------------

</system-err></testcase></testsuite></testsuites>