<?xml version="1.0" encoding="utf-8"?><testsuites><testsuite errors="0" failures="0" hostname="fv-az92-153" name="pytest" skipped="0" tests="21" time="559.414" timestamp="2020-11-28T18:25:19.124099"><testcase classname="tests.test_features" name="test_disabled_enable_debug" time="34.913"><system-out>--------------------------------- Captured Log ---------------------------------

--------------------------------- Captured Out ---------------------------------
/home/runner/work/ocr-book/ocr-book/tests/0001_debug.png
separation double page angle 90.59083152867777
separation double page y=0 2488
page rotation 1 0.7000000000000001
page rotation 2 0.2
image 1 crop x1 330
image 1 crop y1 335
image 1 crop x2 2343
image 1 crop y2 3223
image 2 crop x1 169
image 2 crop y1 648
image 2 crop x2 2186
image 2 crop y2 3361
image 1 dpi 300
image 1 border top 339
image 1 border bottom 260
image 1 border left 223
image 1 border right 223
image 2 dpi 300
image 2 border top 646
image 2 border bottom 128
image 2 border left 221
image 2 border right 221

</system-out><system-err>--------------------------------- Captured Err ---------------------------------

</system-err></testcase><testcase classname="tests.test_features" name="test_mock_stop_at_0" time="0.049"><system-out>--------------------------------- Captured Log ---------------------------------

--------------------------------- Captured Out ---------------------------------
/home/runner/work/ocr-book/ocr-book/tests/0001_0.png

</system-out><system-err>--------------------------------- Captured Err ---------------------------------

</system-err></testcase><testcase classname="tests.test_features" name="test_mock_stop_at_2" time="44.325"><system-out>--------------------------------- Captured Log ---------------------------------

--------------------------------- Captured Out ---------------------------------
/home/runner/work/ocr-book/ocr-book/tests/0001_2.png
separation double page angle 90.59083152867777
separation double page y=0 2488
page rotation 1 0.7000000000000001
page rotation 2 0.2

</system-out><system-err>--------------------------------- Captured Err ---------------------------------

</system-err></testcase><testcase classname="tests.test_features" name="test_mock_stop_at_1" time="26.792"><system-out>--------------------------------- Captured Log ---------------------------------

--------------------------------- Captured Out ---------------------------------
/home/runner/work/ocr-book/ocr-book/tests/0001_1.png
separation double page angle 90.59083152867777
separation double page y=0 2488

</system-out><system-err>--------------------------------- Captured Err ---------------------------------

</system-err></testcase><testcase classname="tests.test_features" name="test_mock_stop_at_4" time="46.880"><system-out>--------------------------------- Captured Log ---------------------------------

--------------------------------- Captured Out ---------------------------------
/home/runner/work/ocr-book/ocr-book/tests/0001_4.png
separation double page angle 90.59083152867777
separation double page y=0 2488
page rotation 1 0.7000000000000001
page rotation 2 0.2
image 1 crop x1 330
image 1 crop y1 335
image 1 crop x2 2343
image 1 crop y2 3223
image 2 crop x1 169
image 2 crop y1 648
image 2 crop x2 2186
image 2 crop y2 3361
image 1 dpi 300
image 1 border top 339
image 1 border bottom 260
image 1 border left 223
image 1 border right 223
image 2 dpi 300
image 2 border top 646
image 2 border bottom 128
image 2 border left 221
image 2 border right 221

</system-out><system-err>--------------------------------- Captured Err ---------------------------------

</system-err></testcase><testcase classname="tests.test_features" name="test_mock_stop_at_3" time="47.891"><system-out>--------------------------------- Captured Log ---------------------------------

--------------------------------- Captured Out ---------------------------------
/home/runner/work/ocr-book/ocr-book/tests/0001_3.png
separation double page angle 90.59083152867777
separation double page y=0 2488
page rotation 1 0.7000000000000001
page rotation 2 0.2
image 1 crop x1 330
image 1 crop y1 335
image 1 crop x2 2343
image 1 crop y2 3223
image 2 crop x1 169
image 2 crop y1 648
image 2 crop x2 2186
image 2 crop y2 3361

</system-out><system-err>--------------------------------- Captured Err ---------------------------------

</system-err></testcase><testcase classname="tests.test_features" name="test_mock_stop_at_5" time="47.422"><system-out>--------------------------------- Captured Log ---------------------------------

--------------------------------- Captured Out ---------------------------------
/home/runner/work/ocr-book/ocr-book/tests/0001_5.png
separation double page angle 90.59083152867777
separation double page y=0 2488
page rotation 1 0.7000000000000001
page rotation 2 0.2
image 1 crop x1 330
image 1 crop y1 335
image 1 crop x2 2343
image 1 crop y2 3223
image 2 crop x1 169
image 2 crop y1 648
image 2 crop x2 2186
image 2 crop y2 3361
image 1 dpi 300
image 1 border top 339
image 1 border bottom 260
image 1 border left 223
image 1 border right 223
image 2 dpi 300
image 2 border top 646
image 2 border bottom 128
image 2 border left 221
image 2 border right 221

</system-out><system-err>--------------------------------- Captured Err ---------------------------------

</system-err></testcase><testcase classname="tests.test_images" name="test_2_pages_2_contours_png" time="29.239"><system-out>--------------------------------- Captured Log ---------------------------------

--------------------------------- Captured Out ---------------------------------
/home/runner/work/ocr-book/ocr-book/tests/2-pages-2-contours.png
1606588046844506739 : Checking separation double page angle 90.11678529194918
1606588046844597843 : Checking separation double page y=0 2489
1606588049269448617 : Checking page rotation 1 0.05
1606588056343168359 : Checking page rotation 2 0.35000000000000003
1606588057188026426 : Checking image 1 crop x1 1190
1606588057188117631 : Checking image 1 crop y1 1733
1606588057188170533 : Checking image 1 crop x2 1191
1606588057188204835 : Checking image 1 crop y2 1734
1606588058997396270 : Checking image 2 crop x1 100
1606588058997488675 : Checking image 2 crop y1 240
1606588058997538177 : Checking image 2 crop x2 2147
1606588058997583079 : Checking image 2 crop y2 3239
1606588059033999241 : Checking image 1 dpi 300
1606588059034101046 : Checking image 1 border top 1752
1606588059034143048 : Checking image 1 border bottom 1753
1606588059034180250 : Checking image 1 border left 1239
1606588059034216052 : Checking image 1 border right 1239
1606588059035397309 : Checking image 2 dpi 300
1606588059035459312 : Checking image 2 border top 231
1606588059035528815 : Checking image 2 border bottom 257
1606588059035578618 : Checking image 2 border left 206
1606588059035633421 : Checking image 2 border right 206

</system-out><system-err>--------------------------------- Captured Err ---------------------------------

</system-err></testcase><testcase classname="tests.test_images" name="test_0001_png" time="49.553"><system-out>--------------------------------- Captured Log ---------------------------------

--------------------------------- Captured Out ---------------------------------
/home/runner/work/ocr-book/ocr-book/tests/0001.png
1606588087106077363 : Checking separation double page angle 90.59083152867777
1606588087106170567 : Checking separation double page y=0 2488
1606588094475370366 : Checking page rotation 1 0.7000000000000001
1606588104500668320 : Checking page rotation 2 0.2
1606588106409911429 : Checking image 1 crop x1 330
1606588106410014334 : Checking image 1 crop y1 335
1606588106410056636 : Checking image 1 crop x2 2343
1606588106410096737 : Checking image 1 crop y2 3223
1606588108438127547 : Checking image 2 crop x1 169
1606588108438232051 : Checking image 2 crop y1 648
1606588108438276953 : Checking image 2 crop x2 2186
1606588108438318755 : Checking image 2 crop y2 3361
1606588108472041838 : Checking image 1 dpi 300
1606588108472175344 : Checking image 1 border top 339
1606588108472313950 : Checking image 1 border bottom 260
1606588108472365852 : Checking image 1 border left 223
1606588108472419655 : Checking image 1 border right 223
1606588108475190677 : Checking image 2 dpi 300
1606588108475267480 : Checking image 2 border top 646
1606588108475303182 : Checking image 2 border bottom 128
1606588108475335783 : Checking image 2 border left 221
1606588108475385685 : Checking image 2 border right 221

</system-out><system-err>--------------------------------- Captured Err ---------------------------------

</system-err></testcase><testcase classname="tests.test_images" name="test_black_border_not_removed_png" time="57.791"><system-out>--------------------------------- Captured Log ---------------------------------

--------------------------------- Captured Out ---------------------------------
/home/runner/work/ocr-book/ocr-book/tests/black-border-not-removed.png
1606588091933023466 : Checking separation double page angle 90.03349577798832
1606588091933112070 : Checking separation double page y=0 2458
1606588100501895385 : Checking page rotation 1 0.0
1606588111852024141 : Checking page rotation 2 0.0
1606588113987695115 : Checking image 1 crop x1 297
1606588113987790519 : Checking image 1 crop y1 143
1606588113987840621 : Checking image 1 crop x2 2309
1606588113987887423 : Checking image 1 crop y2 3346
1606588116782623429 : Checking image 2 crop x1 156
1606588116782755135 : Checking image 2 crop y1 145
1606588116782805337 : Checking image 2 crop x2 2168
1606588116782850639 : Checking image 2 crop y2 3352
1606588116820816892 : Checking image 1 dpi 300
1606588116820938997 : Checking image 1 border top 130
1606588116820982399 : Checking image 1 border bottom 154
1606588116821020000 : Checking image 1 border left 224
1606588116821056902 : Checking image 1 border right 224
1606588116823692917 : Checking image 2 dpi 300
1606588116823773620 : Checking image 2 border top 139
1606588116823813522 : Checking image 2 border bottom 141
1606588116823850824 : Checking image 2 border left 224
1606588116823888125 : Checking image 2 border right 224

</system-out><system-err>--------------------------------- Captured Err ---------------------------------

</system-err></testcase><testcase classname="tests.test_images" name="test_image_failed_to_rotate_png" time="56.046"><system-out>--------------------------------- Captured Log ---------------------------------

--------------------------------- Captured Out ---------------------------------
/home/runner/work/ocr-book/ocr-book/tests/image_failed_to_rotate.png
1606588136638023284 : Checking separation double page angle 90.18772783206224
1606588136638143089 : Checking separation double page y=0 2482
1606588142021093991 : Checking page rotation 1 0.35000000000000003
1606588150175367123 : Checking page rotation 2 0.45
1606588162118941769 : Checking image 1 crop x1 34
1606588162119026373 : Checking image 1 crop y1 1
1606588162119064975 : Checking image 1 crop x2 2480
1606588162119100776 : Checking image 1 crop y2 3500
1606588164377797273 : Checking image 2 crop x1 168
1606588164377887377 : Checking image 2 crop y1 234
1606588164377932879 : Checking image 2 crop x2 2247
1606588164377976281 : Checking image 2 crop y2 3355
1606588164420161642 : Checking image 1 dpi 300
1606588164420299948 : Checking image 1 border top 4
1606588164420360551 : Checking image 1 border bottom 4
1606588164420399052 : Checking image 1 border left 17
1606588164420437054 : Checking image 1 border right 17
1606588164422733050 : Checking image 2 dpi 300
1606588164422801253 : Checking image 2 border top 220
1606588164422840354 : Checking image 2 border bottom 146
1606588164422876956 : Checking image 2 border left 190
1606588164422913557 : Checking image 2 border right 190

</system-out><system-err>--------------------------------- Captured Err ---------------------------------

</system-err></testcase><testcase classname="tests.test_images" name="test_image_failed_to_crop_data_png" time="55.128"><system-out>--------------------------------- Captured Log ---------------------------------

--------------------------------- Captured Out ---------------------------------
/home/runner/work/ocr-book/ocr-book/tests/image_failed_to_crop_data.png
1606588144945252902 : Checking separation double page angle 89.89865840161842
1606588144945335105 : Checking separation double page y=0 2477
1606588151212687637 : Checking page rotation 1 -0.14999999999999147
1606588158151674345 : Checking page rotation 2 0.05
1606588169901365203 : Checking image 1 crop x1 43
1606588169901471708 : Checking image 1 crop y1 6
1606588169901511209 : Checking image 1 crop x2 2481
1606588169901547011 : Checking image 1 crop y2 3504
1606588171850440610 : Checking image 2 crop x1 160
1606588171850527214 : Checking image 2 crop y1 217
1606588171850570116 : Checking image 2 crop x2 2241
1606588171850610317 : Checking image 2 crop y2 3350
1606588171886486510 : Checking image 1 dpi 300
1606588171886595314 : Checking image 1 border top 5
1606588171886634116 : Checking image 1 border bottom 5
1606588171886669117 : Checking image 1 border left 21
1606588171886718819 : Checking image 1 border right 21
1606588171889380730 : Checking image 2 dpi 300
1606588171889443633 : Checking image 2 border top 224
1606588171889477034 : Checking image 2 border bottom 130
1606588171889508235 : Checking image 2 border left 189
1606588171889539737 : Checking image 2 border right 189

</system-out><system-err>--------------------------------- Captured Err ---------------------------------

</system-err></testcase><testcase classname="tests.test_images" name="test_wrong_angle_split_line_png" time="65.203"><system-out>--------------------------------- Captured Log ---------------------------------

--------------------------------- Captured Out ---------------------------------
/home/runner/work/ocr-book/ocr-book/tests/wrong_angle_split_line.png
1606588195784686020 : Checking separation double page angle 90.00846714570578
1606588195784781324 : Checking separation double page y=0 2478
1606588203705416345 : Checking page rotation 1 0.1
1606588212899349358 : Checking page rotation 2 0.2
1606588225698487839 : Checking image 1 crop x1 58
1606588225698591044 : Checking image 1 crop y1 6
1606588225698649646 : Checking image 1 crop x2 2476
1606588225698688048 : Checking image 1 crop y2 3501
1606588228768943060 : Checking image 2 crop x1 162
1606588228769035463 : Checking image 2 crop y1 219
1606588228769083465 : Checking image 2 crop x2 2238
1606588228769175869 : Checking image 2 crop y2 3348
1606588228933101453 : Checking image 1 dpi 300
1606588228933249959 : Checking image 1 border top 6
1606588228933287860 : Checking image 1 border bottom 6
1606588228933319461 : Checking image 1 border left 31
1606588228933350663 : Checking image 1 border right 31
1606588228939628819 : Checking image 2 dpi 300
1606588228939725823 : Checking image 2 border top 211
1606588228939760324 : Checking image 2 border bottom 147
1606588228939791525 : Checking image 2 border left 192
1606588228939822127 : Checking image 2 border right 192

</system-out><system-err>--------------------------------- Captured Err ---------------------------------

</system-err></testcase><testcase classname="tests.test_images" name="test_angle_page_lower_split_line_png" time="52.721"><system-out>--------------------------------- Captured Log ---------------------------------

--------------------------------- Captured Out ---------------------------------
/home/runner/work/ocr-book/ocr-book/tests/angle_page_lower_split_line.png
1606588203039832825 : Checking separation double page angle 89.73366430920049
1606588203039925529 : Checking separation double page y=0 2473
1606588213124570575 : Checking page rotation 1 -0.3999999999999915
1606588220773282292 : Checking page rotation 2 0.2
1606588222849578576 : Checking image 1 crop x1 244
1606588222849672779 : Checking image 1 crop y1 160
1606588222849720181 : Checking image 1 crop x2 2350
1606588222849764283 : Checking image 1 crop y2 3365
1606588224628745892 : Checking image 2 crop x1 151
1606588224628839396 : Checking image 2 crop y1 147
1606588224628887298 : Checking image 2 crop x2 2258
1606588224628931000 : Checking image 2 crop y2 3350
1606588224665575095 : Checking image 1 dpi 300
1606588224665684600 : Checking image 1 border top 130
1606588224665761903 : Checking image 1 border bottom 151
1606588224665816005 : Checking image 1 border left 177
1606588224665849606 : Checking image 1 border right 177
1606588224668521515 : Checking image 2 dpi 300
1606588224668615219 : Checking image 2 border top 116
1606588224668668521 : Checking image 2 border bottom 168
1606588224668702023 : Checking image 2 border left 176
1606588224668735624 : Checking image 2 border right 176

</system-out><system-err>--------------------------------- Captured Err ---------------------------------

</system-err></testcase><testcase classname="tests.test_images" name="test_crop_too_much_png" time="77.496"><system-out>--------------------------------- Captured Log ---------------------------------

--------------------------------- Captured Out ---------------------------------
/home/runner/work/ocr-book/ocr-book/tests/crop_too_much.png
1606588268333593701 : Checking separation double page angle 90.1393358649891
1606588268333673805 : Checking separation double page y=0 2453
1606588282036182408 : Checking page rotation 1 0.0
1606588296299272628 : Checking page rotation 2 0.45
1606588299335102752 : Checking image 1 crop x1 303
1606588299335194356 : Checking image 1 crop y1 148
1606588299335241358 : Checking image 1 crop x2 2313
1606588299335284559 : Checking image 1 crop y2 3351
1606588302113373549 : Checking image 2 crop x1 170
1606588302113465352 : Checking image 2 crop y1 155
1606588302113511754 : Checking image 2 crop x2 2181
1606588302113554356 : Checking image 2 crop y2 3359
1606588302162138218 : Checking image 1 dpi 300
1606588302162265623 : Checking image 1 border top 131
1606588302162302524 : Checking image 1 border bottom 153
1606588302162334626 : Checking image 1 border left 225
1606588302162365827 : Checking image 1 border right 225
1606588302164851427 : Checking image 2 dpi 300
1606588302164912830 : Checking image 2 border top 139
1606588302164945931 : Checking image 2 border bottom 144
1606588302164977132 : Checking image 2 border left 224
1606588302165007734 : Checking image 2 border right 224

</system-out><system-err>--------------------------------- Captured Err ---------------------------------

</system-err></testcase><testcase classname="tests.test_images" name="test_wrong_split_line_png" time="39.497"><system-out>--------------------------------- Captured Log ---------------------------------

--------------------------------- Captured Out ---------------------------------
/home/runner/work/ocr-book/ocr-book/tests/wrong_split_line.png
1606588253291558134 : Checking separation double page angle 89.85731843182374
1606588253291655038 : Checking separation double page y=0 2463
1606588259830831015 : Checking page rotation 1 -0.14999999999999147
1606588266388263296 : Checking page rotation 2 0.65
1606588267821477058 : Checking image 1 crop x1 213
1606588267821620063 : Checking image 1 crop y1 157
1606588267821666565 : Checking image 1 crop x2 2323
1606588267821758569 : Checking image 1 crop y2 3362
1606588269208346332 : Checking image 2 crop x1 126
1606588269208437435 : Checking image 2 crop y1 167
1606588269208482237 : Checking image 2 crop x2 2237
1606588269208524839 : Checking image 2 crop y2 3372
1606588269242480114 : Checking image 1 dpi 300
1606588269242585118 : Checking image 1 border top 115
1606588269242639521 : Checking image 1 border bottom 167
1606588269242671922 : Checking image 1 border left 175
1606588269242703423 : Checking image 1 border right 175
1606588269245210025 : Checking image 2 dpi 300
1606588269245270727 : Checking image 2 border top 142
1606588269245304428 : Checking image 2 border bottom 140
1606588269245334830 : Checking image 2 border left 174
1606588269245364731 : Checking image 2 border right 174

</system-out><system-err>--------------------------------- Captured Err ---------------------------------

</system-err></testcase><testcase classname="tests.test_images" name="test_crop_too_much_2_png" time="79.341"><system-out>--------------------------------- Captured Log ---------------------------------

--------------------------------- Captured Out ---------------------------------
/home/runner/work/ocr-book/ocr-book/tests/crop_too_much_2.png
1606588312803213048 : Checking separation double page angle 90.18474093679988
1606588312803313252 : Checking separation double page y=0 2478
1606588326114772097 : Checking page rotation 1 0.2
1606588341921642261 : Checking page rotation 2 0.2
1606588345023102831 : Checking image 1 crop x1 332
1606588345023202035 : Checking image 1 crop y1 131
1606588345023250737 : Checking image 1 crop x2 2342
1606588345023294839 : Checking image 1 crop y2 3336
1606588348483733957 : Checking image 2 crop x1 166
1606588348483829561 : Checking image 2 crop y1 139
1606588348483879463 : Checking image 2 crop x2 2179
1606588348483926565 : Checking image 2 crop y2 3345
1606588348546485285 : Checking image 1 dpi 300
1606588348546598390 : Checking image 1 border top 116
1606588348546641691 : Checking image 1 border bottom 166
1606588348546679993 : Checking image 1 border left 225
1606588348546717895 : Checking image 1 border right 225
1606588348549308799 : Checking image 2 dpi 300
1606588348549373902 : Checking image 2 border top 133
1606588348549413203 : Checking image 2 border bottom 148
1606588348549449705 : Checking image 2 border left 223
1606588348549487106 : Checking image 2 border right 223

</system-out><system-err>--------------------------------- Captured Err ---------------------------------

</system-err></testcase><testcase classname="tests.test_images" name="test_crop_too_few_png" time="44.311"><system-out>--------------------------------- Captured Log ---------------------------------

--------------------------------- Captured Out ---------------------------------
/home/runner/work/ocr-book/ocr-book/tests/crop_too_few.png
1606588328139142423 : Checking separation double page angle 89.39384089783883
1606588328139222226 : Checking separation double page y=0 2509
1606588335845808598 : Checking page rotation 1 -0.6999999999999886
1606588343388992888 : Checking page rotation 2 0.0
1606588344938925739 : Checking image 1 crop x1 264
1606588344939054944 : Checking image 1 crop y1 151
1606588344939104446 : Checking image 1 crop x2 2376
1606588344939150348 : Checking image 1 crop y2 3357
1606588346462599129 : Checking image 2 crop x1 140
1606588346462694233 : Checking image 2 crop y1 141
1606588346462766436 : Checking image 2 crop x2 2262
1606588346462815138 : Checking image 2 crop y2 3345
1606588346499901032 : Checking image 1 dpi 300
1606588346500005436 : Checking image 1 border top 111
1606588346500047038 : Checking image 1 border bottom 170
1606588346500083739 : Checking image 1 border left 174
1606588346500119441 : Checking image 1 border right 174
1606588346503078360 : Checking image 2 dpi 300
1606588346503146163 : Checking image 2 border top 140
1606588346503183464 : Checking image 2 border bottom 143
1606588346503217966 : Checking image 2 border left 169
1606588346503252267 : Checking image 2 border right 169

</system-out><system-err>--------------------------------- Captured Err ---------------------------------

</system-err></testcase><testcase classname="tests.test_images" name="test_small_wave_png" time="71.881"><system-out>--------------------------------- Captured Log ---------------------------------

--------------------------------- Captured Out ---------------------------------
/home/runner/work/ocr-book/ocr-book/tests/small_wave.png
1606588391009750007 : Checking separation double page angle 90.61755403259053
1606588391009842210 : Checking separation double page y=0 2495
1606588403118459072 : Checking page rotation 1 0.7000000000000001
1606588414238834492 : Checking page rotation 2 0.7000000000000001
1606588416321840793 : Checking image 1 crop x1 322
1606588416321948097 : Checking image 1 crop y1 199
1606588416321993999 : Checking image 1 crop x2 2351
1606588416322037001 : Checking image 1 crop y2 3394
1606588418314006037 : Checking image 2 crop x1 135
1606588418314095341 : Checking image 2 crop y1 223
1606588418314140143 : Checking image 2 crop x2 2164
1606588418314182445 : Checking image 2 crop y2 3419
1606588418358108612 : Checking image 1 dpi 300
1606588418358221616 : Checking image 1 border top 177
1606588418358261918 : Checking image 1 border bottom 115
1606588418358384023 : Checking image 1 border left 215
1606588418358423324 : Checking image 1 border right 215
1606588418361279839 : Checking image 2 dpi 300
1606588418361346342 : Checking image 2 border top 191
1606588418361383043 : Checking image 2 border bottom 100
1606588418361417945 : Checking image 2 border left 215
1606588418361452246 : Checking image 2 border right 215

</system-out><system-err>--------------------------------- Captured Err ---------------------------------

</system-err></testcase><testcase classname="tests.test_images" name="test_wrong_split_line_2_png" time="91.654"><system-out>--------------------------------- Captured Log ---------------------------------

--------------------------------- Captured Out ---------------------------------
/home/runner/work/ocr-book/ocr-book/tests/wrong_split_line_2.png
1606588403642855472 : Checking separation double page angle 90.39217497633973
1606588403642937176 : Checking separation double page y=0 2442
1606588417053359422 : Checking page rotation 1 0.2
1606588432316240499 : Checking page rotation 2 0.35000000000000003
1606588435914842246 : Checking image 1 crop x1 294
1606588435914941950 : Checking image 1 crop y1 136
1606588435914991452 : Checking image 1 crop x2 2325
1606588435915037454 : Checking image 1 crop y2 3376
1606588440161669961 : Checking image 2 crop x1 146
1606588440161768465 : Checking image 2 crop y1 193
1606588440161833167 : Checking image 2 crop x2 2175
1606588440161880469 : Checking image 2 crop y2 3387
1606588440212222094 : Checking image 1 dpi 300
1606588440212340899 : Checking image 1 border top 128
1606588440212384801 : Checking image 1 border bottom 119
1606588440212422702 : Checking image 1 border left 214
1606588440212460904 : Checking image 1 border right 214
1606588440215188613 : Checking image 2 dpi 300
1606588440215272117 : Checking image 2 border top 184
1606588440215311818 : Checking image 2 border bottom 109
1606588440215349420 : Checking image 2 border left 215
1606588440215386321 : Checking image 2 border right 215

</system-out><system-err>--------------------------------- Captured Err ---------------------------------

</system-err></testcase><testcase classname="tests.test_images" name="test_wrong_split_line_3_png" time="58.243"><system-out>--------------------------------- Captured Log ---------------------------------

--------------------------------- Captured Out ---------------------------------
/home/runner/work/ocr-book/ocr-book/tests/wrong_split_line_3.png
1606588455448426377 : Checking separation double page angle 90.4449921999043
1606588455448528481 : Checking separation double page y=0 2498
1606588465448950253 : Checking page rotation 1 0.35000000000000003
1606588472881005824 : Checking page rotation 2 0.9
1606588474911206764 : Checking image 1 crop x1 331
1606588474911289767 : Checking image 1 crop y1 164
1606588474911330669 : Checking image 1 crop x2 2375
1606588474911368870 : Checking image 1 crop y2 3377
1606588476584706459 : Checking image 2 crop x1 103
1606588476584791662 : Checking image 2 crop y1 208
1606588476584833364 : Checking image 2 crop x2 2134
1606588476584890066 : Checking image 2 crop y2 3413
1606588476622022760 : Checking image 1 dpi 300
1606588476622126764 : Checking image 1 border top 149
1606588476622163565 : Checking image 1 border bottom 125
1606588476622195167 : Checking image 1 border left 208
1606588476622225968 : Checking image 1 border right 208
1606588476625539201 : Checking image 2 dpi 300
1606588476625627605 : Checking image 2 border top 190
1606588476625666406 : Checking image 2 border bottom 92
1606588476625733809 : Checking image 2 border left 214
1606588476625767210 : Checking image 2 border right 214

</system-out><system-err>--------------------------------- Captured Err ---------------------------------

</system-err></testcase></testsuite></testsuites>