<?xml version="1.0" encoding="utf-8"?><testsuites><testsuite name="pytest" errors="0" failures="0" skipped="0" tests="33" time="836.899" timestamp="2020-12-09T11:35:52.018938" hostname="fv-az139-724"><testcase classname="tests.test_features" name="test_mock_stop_at_0" time="0.047"><system-out>--------------------------------- Captured Log ---------------------------------

--------------------------------- Captured Out ---------------------------------
/home/runner/work/ocr-book/ocr-book/tests/0001_0.png

</system-out><system-err>--------------------------------- Captured Err ---------------------------------

</system-err></testcase><testcase classname="tests.test_features" name="test_disabled_enable_debug" time="39.358"><system-out>--------------------------------- Captured Log ---------------------------------

--------------------------------- Captured Out ---------------------------------
/home/runner/work/ocr-book/ocr-book/tests/0001_debug.png
separation double page angle 90.57780420099763
separation double page y=0 2487
page rotation 1 0.75
page rotation 2 0.2
image 1 crop x1 330
image 1 crop y1 336
image 1 crop x2 2343
image 1 crop y2 3223
image 2 crop x1 169
image 2 crop y1 648
image 2 crop x2 2186
image 2 crop y2 3361
image 1 dpi 300
image 1 border top 318
image 1 border bottom 282
image 1 border left 223
image 1 border right 223
image 2 dpi 300
image 2 border top 643
image 2 border bottom 131
image 2 border left 221
image 2 border right 221

</system-out><system-err>--------------------------------- Captured Err ---------------------------------

</system-err></testcase><testcase classname="tests.test_features" name="test_mock_stop_at_2" time="34.477"><system-out>--------------------------------- Captured Log ---------------------------------

--------------------------------- Captured Out ---------------------------------
/home/runner/work/ocr-book/ocr-book/tests/0001_2.png
separation double page angle 90.57780420099763
separation double page y=0 2487
page rotation 1 0.75
page rotation 2 0.2

</system-out><system-err>--------------------------------- Captured Err ---------------------------------

</system-err></testcase><testcase classname="tests.test_features" name="test_mock_stop_at_4" time="37.854"><system-out>--------------------------------- Captured Log ---------------------------------

--------------------------------- Captured Out ---------------------------------
/home/runner/work/ocr-book/ocr-book/tests/0001_4.png
separation double page angle 90.57780420099763
separation double page y=0 2487
page rotation 1 0.75
page rotation 2 0.2
image 1 crop x1 330
image 1 crop y1 336
image 1 crop x2 2343
image 1 crop y2 3223
image 2 crop x1 169
image 2 crop y1 648
image 2 crop x2 2186
image 2 crop y2 3361
image 1 dpi 300
image 1 border top 318
image 1 border bottom 282
image 1 border left 223
image 1 border right 223
image 2 dpi 300
image 2 border top 643
image 2 border bottom 131
image 2 border left 221
image 2 border right 221

</system-out><system-err>--------------------------------- Captured Err ---------------------------------

</system-err></testcase><testcase classname="tests.test_features" name="test_mock_stop_at_1" time="23.404"><system-out>--------------------------------- Captured Log ---------------------------------

--------------------------------- Captured Out ---------------------------------
/home/runner/work/ocr-book/ocr-book/tests/0001_1.png
separation double page angle 90.57780420099763
separation double page y=0 2487

</system-out><system-err>--------------------------------- Captured Err ---------------------------------

</system-err></testcase><testcase classname="tests.test_features" name="test_mock_stop_at_3" time="37.867"><system-out>--------------------------------- Captured Log ---------------------------------

--------------------------------- Captured Out ---------------------------------
/home/runner/work/ocr-book/ocr-book/tests/0001_3.png
separation double page angle 90.57780420099763
separation double page y=0 2487
page rotation 1 0.75
page rotation 2 0.2
image 1 crop x1 330
image 1 crop y1 336
image 1 crop x2 2343
image 1 crop y2 3223
image 2 crop x1 169
image 2 crop y1 648
image 2 crop x2 2186
image 2 crop y2 3361

</system-out><system-err>--------------------------------- Captured Err ---------------------------------

</system-err></testcase><testcase classname="tests.test_images" name="test_0001_png" time="48.156"><system-out>--------------------------------- Captured Log ---------------------------------

--------------------------------- Captured Out ---------------------------------
/home/runner/work/ocr-book/ocr-book/tests/0001.png
1607513853287869069 : Checking separation double page angle 90.57780420099763
1607513853287958859 : Checking separation double page y=0 2487
1607513859270299318 : Checking page rotation 1 0.75
1607513866812699675 : Checking page rotation 2 0.2
1607513870245403000 : Checking image 1 crop x1 330
1607513870245513890 : Checking image 1 crop y1 336
1607513870245549787 : Checking image 1 crop x2 2343
1607513870245581884 : Checking image 1 crop y2 3223
1607513873427910778 : Checking image 2 crop x1 169
1607513873428016869 : Checking image 2 crop y1 648
1607513873428054265 : Checking image 2 crop x2 2186
1607513873428086263 : Checking image 2 crop y2 3361
1607513873459474940 : Checking image 1 dpi 300
1607513873459567132 : Checking image 1 border top 318
1607513873459600929 : Checking image 1 border bottom 282
1607513873459631127 : Checking image 1 border left 223
1607513873459663224 : Checking image 1 border right 223
1607513873461717846 : Checking image 2 dpi 300
1607513873461796239 : Checking image 2 border top 643
1607513873461828636 : Checking image 2 border bottom 131
1607513873461858733 : Checking image 2 border left 221
1607513873461888831 : Checking image 2 border right 221

</system-out><system-err>--------------------------------- Captured Err ---------------------------------

</system-err></testcase><testcase classname="tests.test_features" name="test_mock_stop_at_5" time="39.071"><system-out>--------------------------------- Captured Log ---------------------------------

--------------------------------- Captured Out ---------------------------------
/home/runner/work/ocr-book/ocr-book/tests/0001_5.png
separation double page angle 90.57780420099763
separation double page y=0 2487
page rotation 1 0.75
page rotation 2 0.2
image 1 crop x1 330
image 1 crop y1 336
image 1 crop x2 2343
image 1 crop y2 3223
image 2 crop x1 169
image 2 crop y1 648
image 2 crop x2 2186
image 2 crop y2 3361
image 1 dpi 300
image 1 border top 318
image 1 border bottom 282
image 1 border left 223
image 1 border right 223
image 2 dpi 300
image 2 border top 643
image 2 border bottom 131
image 2 border left 221
image 2 border right 221

</system-out><system-err>--------------------------------- Captured Err ---------------------------------

</system-err></testcase><testcase classname="tests.test_images" name="test_2_pages_2_contours_png" time="32.364"><system-out>--------------------------------- Captured Log ---------------------------------

--------------------------------- Captured Out ---------------------------------
/home/runner/work/ocr-book/ocr-book/tests/2-pages-2-contours.png
1607513893270375554 : Checking separation double page angle 89.91958537671144
1607513893270455749 : Checking separation double page y=0 2492
1607513895267465278 : Checking page rotation 1 0.05
1607513901214819857 : Checking page rotation 2 0.35000000000000003
1607513902599343389 : Checking image 1 crop x1 1189
1607513902599438483 : Checking image 1 crop y1 1748
1607513902599472881 : Checking image 1 crop x2 1190
1607513902599502679 : Checking image 1 crop y2 1749
1607513905807562488 : Checking image 2 crop x1 89
1607513905807669882 : Checking image 2 crop y1 240
1607513905807705980 : Checking image 2 crop x2 2136
1607513905807739378 : Checking image 2 crop y2 3239
1607513905837751029 : Checking image 1 dpi 300
1607513905837847323 : Checking image 1 border top 1753
1607513905837883221 : Checking image 1 border bottom 1753
1607513905837913719 : Checking image 1 border left 1239
1607513905837945717 : Checking image 1 border right 1239
1607513905839310738 : Checking image 2 dpi 300
1607513905839389633 : Checking image 2 border top 227
1607513905839421131 : Checking image 2 border bottom 261
1607513905839451130 : Checking image 2 border left 206
1607513905839481928 : Checking image 2 border right 206

</system-out><system-err>--------------------------------- Captured Err ---------------------------------

</system-err></testcase><testcase classname="tests.test_images" name="test_angle_page_lower_split_line_png" time="51.141"><system-out>--------------------------------- Captured Log ---------------------------------

--------------------------------- Captured Out ---------------------------------
/home/runner/work/ocr-book/ocr-book/tests/angle_page_lower_split_line.png
1607513925744666577 : Checking separation double page angle 89.75201324945476
1607513925744765273 : Checking separation double page y=0 2473
1607513932598298377 : Checking page rotation 1 -0.44999999999998863
1607513937806473386 : Checking page rotation 2 0.2
1607513940623347423 : Checking image 1 crop x1 245
1607513940623464319 : Checking image 1 crop y1 161
1607513940623499617 : Checking image 1 crop x2 2351
1607513940623533016 : Checking image 1 crop y2 3364
1607513943626724147 : Checking image 2 crop x1 151
1607513943626831843 : Checking image 2 crop y1 147
1607513943626866741 : Checking image 2 crop x2 2258
1607513943626899540 : Checking image 2 crop y2 3350
1607513943691591935 : Checking image 1 dpi 300
1607513943691692531 : Checking image 1 border top 141
1607513943691727130 : Checking image 1 border bottom 143
1607513943691758729 : Checking image 1 border left 177
1607513943691789527 : Checking image 1 border right 177
1607513943701826539 : Checking image 2 dpi 300
1607513943701920935 : Checking image 2 border top 129
1607513943701954934 : Checking image 2 border bottom 155
1607513943701985533 : Checking image 2 border left 176
1607513943702015931 : Checking image 2 border right 176

</system-out><system-err>--------------------------------- Captured Err ---------------------------------

</system-err></testcase><testcase classname="tests.test_images" name="test_black_border_not_removed_png" time="55.500"><system-out>--------------------------------- Captured Log ---------------------------------

--------------------------------- Captured Out ---------------------------------
/home/runner/work/ocr-book/ocr-book/tests/black-border-not-removed.png
1607513937445293426 : Checking separation double page angle 90.02895758682553
1607513937445381822 : Checking separation double page y=0 2456
1607513943847260707 : Checking page rotation 1 0.0
1607513953540599641 : Checking page rotation 2 0.0
1607513956853813924 : Checking image 1 crop x1 297
1607513956853926720 : Checking image 1 crop y1 143
1607513956853963219 : Checking image 1 crop x2 2309
1607513956853995518 : Checking image 1 crop y2 3346
1607513961300893711 : Checking image 2 crop x1 157
1607513961300999907 : Checking image 2 crop y1 145
1607513961301035706 : Checking image 2 crop x2 2169
1607513961301069405 : Checking image 2 crop y2 3352
1607513961333490141 : Checking image 1 dpi 300
1607513961333587938 : Checking image 1 border top 127
1607513961333623736 : Checking image 1 border bottom 157
1607513961333654235 : Checking image 1 border left 224
1607513961333685834 : Checking image 1 border right 224
1607513961335980259 : Checking image 2 dpi 300
1607513961336062056 : Checking image 2 border top 133
1607513961336096755 : Checking image 2 border bottom 147
1607513961336126854 : Checking image 2 border left 224
1607513961336157353 : Checking image 2 border right 224

</system-out><system-err>--------------------------------- Captured Err ---------------------------------

</system-err></testcase><testcase classname="tests.test_images" name="test_wrong_split_line_png" time="39.707"><system-out>--------------------------------- Captured Log ---------------------------------

--------------------------------- Captured Out ---------------------------------
/home/runner/work/ocr-book/ocr-book/tests/wrong_split_line.png
1607513968438524054 : Checking separation double page angle 89.85895720607971
1607513968438604452 : Checking separation double page y=0 2463
1607513973580108690 : Checking page rotation 1 -0.14999999999999147
1607513978992442769 : Checking page rotation 2 0.65
1607513981140325455 : Checking image 1 crop x1 213
1607513981140440051 : Checking image 1 crop y1 157
1607513981140475150 : Checking image 1 crop x2 2323
1607513981140508949 : Checking image 1 crop y2 3362
1607513983451128606 : Checking image 2 crop x1 126
1607513983451238203 : Checking image 2 crop y1 167
1607513983451273102 : Checking image 2 crop x2 2237
1607513983451306401 : Checking image 2 crop y2 3372
1607513983483121224 : Checking image 1 dpi 300
1607513983483216021 : Checking image 1 border top 135
1607513983483251020 : Checking image 1 border bottom 147
1607513983483281919 : Checking image 1 border left 175
1607513983483312219 : Checking image 1 border right 175
1607513983485715652 : Checking image 2 dpi 300
1607513983485789850 : Checking image 2 border top 139
1607513983485822149 : Checking image 2 border bottom 143
1607513983485852449 : Checking image 2 border left 174
1607513983485883448 : Checking image 2 border right 174

</system-out><system-err>--------------------------------- Captured Err ---------------------------------

</system-err></testcase><testcase classname="tests.test_images" name="test_image_failed_to_rotate_png" time="53.408"><system-out>--------------------------------- Captured Log ---------------------------------

--------------------------------- Captured Out ---------------------------------
/home/runner/work/ocr-book/ocr-book/tests/image_failed_to_rotate.png
1607513988660687096 : Checking separation double page angle 90.19634423290287
1607513988660773293 : Checking separation double page y=0 2482
1607513993207734629 : Checking page rotation 1 0.35000000000000003
1607514000159520338 : Checking page rotation 2 0.45
1607514009862457239 : Checking image 1 crop x1 34
1607514009862561837 : Checking image 1 crop y1 1
1607514009862599836 : Checking image 1 crop x2 2480
1607514009862633635 : Checking image 1 crop y2 3500
1607514014613379067 : Checking image 2 crop x1 169
1607514014613486864 : Checking image 2 crop y1 234
1607514014613522664 : Checking image 2 crop x2 2248
1607514014613556363 : Checking image 2 crop y2 3355
1607514014651394506 : Checking image 1 dpi 300
1607514014651493103 : Checking image 1 border top 4
1607514014651529303 : Checking image 1 border bottom 4
1607514014651559802 : Checking image 1 border left 17
1607514014651591701 : Checking image 1 border right 17
1607514014653793251 : Checking image 2 dpi 300
1607514014653876149 : Checking image 2 border top 221
1607514014653907949 : Checking image 2 border bottom 145
1607514014653937648 : Checking image 2 border left 190
1607514014653967547 : Checking image 2 border right 190

</system-out><system-err>--------------------------------- Captured Err ---------------------------------

</system-err></testcase><testcase classname="tests.test_images" name="test_crop_too_much_png" time="72.024"><system-out>--------------------------------- Captured Log ---------------------------------

--------------------------------- Captured Out ---------------------------------
/home/runner/work/ocr-book/ocr-book/tests/crop_too_much.png
1607514027163995872 : Checking separation double page angle 90.13239409272953
1607514027164081770 : Checking separation double page y=0 2453
1607514037261769241 : Checking page rotation 1 0.0
1607514047457421775 : Checking page rotation 2 0.45
1607514051612572991 : Checking image 1 crop x1 303
1607514051612686089 : Checking image 1 crop y1 148
1607514051612721488 : Checking image 1 crop x2 2313
1607514051612753488 : Checking image 1 crop y2 3351
1607514055450740893 : Checking image 2 crop x1 170
1607514055450854791 : Checking image 2 crop y1 155
1607514055450889790 : Checking image 2 crop x2 2181
1607514055450922990 : Checking image 2 crop y2 3359
1607514055493667680 : Checking image 1 dpi 300
1607514055493769978 : Checking image 1 border top 131
1607514055493805878 : Checking image 1 border bottom 153
1607514055493836777 : Checking image 1 border left 225
1607514055493867376 : Checking image 1 border right 225
1607514055496302830 : Checking image 2 dpi 300
1607514055496386929 : Checking image 2 border top 133
1607514055496418828 : Checking image 2 border bottom 150
1607514055496449227 : Checking image 2 border left 224
1607514055496481227 : Checking image 2 border right 224

</system-out><system-err>--------------------------------- Captured Err ---------------------------------

</system-err></testcase><testcase classname="tests.test_images" name="test_image_failed_to_crop_data_png" time="51.469"><system-out>--------------------------------- Captured Log ---------------------------------

--------------------------------- Captured Out ---------------------------------
/home/runner/work/ocr-book/ocr-book/tests/image_failed_to_crop_data.png
1607514041774860265 : Checking separation double page angle 89.91538216173362
1607514041774948064 : Checking separation double page y=0 2477
1607514046899316760 : Checking page rotation 1 0.2
1607514052127694605 : Checking page rotation 2 0.0
1607514061877484524 : Checking image 1 crop x1 58
1607514061877596721 : Checking image 1 crop y1 8
1607514061877635321 : Checking image 1 crop x2 2480
1607514061877668820 : Checking image 1 crop y2 3504
1607514066127748993 : Checking image 2 crop x1 159
1607514066127858091 : Checking image 2 crop y1 217
1607514066127893991 : Checking image 2 crop x2 2241
1607514066127927390 : Checking image 2 crop y2 3350
1607514066157349752 : Checking image 1 dpi 300
1607514066157452550 : Checking image 1 border top 6
1607514066157489049 : Checking image 1 border bottom 6
1607514066157519449 : Checking image 1 border left 29
1607514066157552148 : Checking image 1 border right 29
1607514066159766808 : Checking image 2 dpi 300
1607514066159849406 : Checking image 2 border top 206
1607514066159881305 : Checking image 2 border bottom 148
1607514066159911205 : Checking image 2 border left 189
1607514066159941304 : Checking image 2 border right 189

</system-out><system-err>--------------------------------- Captured Err ---------------------------------

</system-err></testcase><testcase classname="tests.test_images" name="test_crop_too_few_png" time="42.524"><system-out>--------------------------------- Captured Log ---------------------------------

--------------------------------- Captured Out ---------------------------------
/home/runner/work/ocr-book/ocr-book/tests/crop_too_few.png
1607514082238785096 : Checking separation double page angle 89.39669496435833
1607514082238872295 : Checking separation double page y=0 2510
1607514087577748662 : Checking page rotation 1 -0.75
1607514092922824428 : Checking page rotation 2 0.05
1607514095505161440 : Checking image 1 crop x1 265
1607514095505272938 : Checking image 1 crop y1 152
1607514095505307638 : Checking image 1 crop x2 2375
1607514095505339537 : Checking image 1 crop y2 3356
1607514098003853391 : Checking image 2 crop x1 135
1607514098003965689 : Checking image 2 crop y1 141
1607514098004000988 : Checking image 2 crop x2 2261
1607514098004035388 : Checking image 2 crop y2 3345
1607514098037113928 : Checking image 1 dpi 300
1607514098037213726 : Checking image 1 border top 134
1607514098037248726 : Checking image 1 border bottom 149
1607514098037279925 : Checking image 1 border left 175
1607514098037312025 : Checking image 1 border right 175
1607514098039331290 : Checking image 2 dpi 300
1607514098039401289 : Checking image 2 border top 129
1607514098039433589 : Checking image 2 border bottom 154
1607514098039464188 : Checking image 2 border left 167
1607514098039494488 : Checking image 2 border right 167

</system-out><system-err>--------------------------------- Captured Err ---------------------------------

</system-err></testcase><testcase classname="tests.test_images" name="test_wrong_angle_split_line_png" time="59.816"><system-out>--------------------------------- Captured Log ---------------------------------

--------------------------------- Captured Out ---------------------------------
/home/runner/work/ocr-book/ocr-book/tests/wrong_angle_split_line.png
1607514095037611502 : Checking separation double page angle 90.04193420006348
1607514095037694801 : Checking separation double page y=0 2477
1607514101664064089 : Checking page rotation 1 0.2
1607514109707786097 : Checking page rotation 2 0.2
1607514120520118810 : Checking image 1 crop x1 61
1607514120520265108 : Checking image 1 crop y1 7
1607514120520306007 : Checking image 1 crop x2 2475
1607514120520340107 : Checking image 1 crop y2 3500
1607514125228306924 : Checking image 2 crop x1 165
1607514125228421222 : Checking image 2 crop y1 219
1607514125228457021 : Checking image 2 crop x2 2241
1607514125228490721 : Checking image 2 crop y2 3348
1607514125376998114 : Checking image 1 dpi 300
1607514125377102312 : Checking image 1 border top 7
1607514125377138411 : Checking image 1 border bottom 7
1607514125377169511 : Checking image 1 border left 33
1607514125377202710 : Checking image 1 border right 33
1607514125383801403 : Checking image 2 dpi 300
1607514125383904002 : Checking image 2 border top 207
1607514125383936701 : Checking image 2 border bottom 151
1607514125383968101 : Checking image 2 border left 192
1607514125383998300 : Checking image 2 border right 192

</system-out><system-err>--------------------------------- Captured Err ---------------------------------

</system-err></testcase><testcase classname="tests.test_images" name="test_crop_too_much_2_png" time="73.421"><system-out>--------------------------------- Captured Log ---------------------------------

--------------------------------- Captured Out ---------------------------------
/home/runner/work/ocr-book/ocr-book/tests/crop_too_much_2.png
1607514140454216144 : Checking separation double page angle 90.2021118646249
1607514140454303043 : Checking separation double page y=0 2477
1607514151527099201 : Checking page rotation 1 0.2
1607514162425459728 : Checking page rotation 2 0.2
1607514166417570005 : Checking image 1 crop x1 332
1607514166417685804 : Checking image 1 crop y1 131
1607514166417721103 : Checking image 1 crop x2 2342
1607514166417752802 : Checking image 1 crop y2 3336
1607514171384689735 : Checking image 2 crop x1 168
1607514171384804733 : Checking image 2 crop y1 139
1607514171384839932 : Checking image 2 crop x2 2181
1607514171384873432 : Checking image 2 crop y2 3345
1607514171432130399 : Checking image 1 dpi 300
1607514171432274297 : Checking image 1 border top 118
1607514171432311196 : Checking image 1 border bottom 164
1607514171432341396 : Checking image 1 border left 225
1607514171432371495 : Checking image 1 border right 225
1607514171434785958 : Checking image 2 dpi 300
1607514171434873156 : Checking image 2 border top 127
1607514171434906656 : Checking image 2 border bottom 154
1607514171434936656 : Checking image 2 border left 223
1607514171434969755 : Checking image 2 border right 223

</system-out><system-err>--------------------------------- Captured Err ---------------------------------

</system-err></testcase><testcase classname="tests.test_images" name="test_wrong_split_line_3_png" time="54.226"><system-out>--------------------------------- Captured Log ---------------------------------

--------------------------------- Captured Out ---------------------------------
/home/runner/work/ocr-book/ocr-book/tests/wrong_split_line_3.png
1607514160615620399 : Checking separation double page angle 90.43729500214693
1607514160615706997 : Checking separation double page y=0 2498
1607514168711534132 : Checking page rotation 1 0.30000000000000004
1607514174789249990 : Checking page rotation 2 0.9
1607514177611305156 : Checking image 1 crop x1 331
1607514177611417355 : Checking image 1 crop y1 165
1607514177611452854 : Checking image 1 crop x2 2375
1607514177611484554 : Checking image 1 crop y2 3376
1607514180224790114 : Checking image 2 crop x1 102
1607514180224900812 : Checking image 2 crop y1 208
1607514180224935912 : Checking image 2 crop x2 2133
1607514180224969411 : Checking image 2 crop y2 3413
1607514180259206283 : Checking image 1 dpi 300
1607514180259308882 : Checking image 1 border top 148
1607514180259343381 : Checking image 1 border bottom 128
1607514180259373881 : Checking image 1 border left 208
1607514180259405280 : Checking image 1 border right 208
1607514180261612246 : Checking image 2 dpi 300
1607514180261695545 : Checking image 2 border top 191
1607514180261727145 : Checking image 2 border bottom 91
1607514180261756744 : Checking image 2 border left 214
1607514180261786644 : Checking image 2 border right 214

</system-out><system-err>--------------------------------- Captured Err ---------------------------------

</system-err></testcase><testcase classname="tests.test_images" name="test_wrong_split_line_2_png" time="90.674"><system-out>--------------------------------- Captured Log ---------------------------------

--------------------------------- Captured Out ---------------------------------
/home/runner/work/ocr-book/ocr-book/tests/wrong_split_line_2.png
1607514224594687092 : Checking separation double page angle 90.3838786217729
1607514224594765891 : Checking separation double page y=0 2442
1607514235326825900 : Checking page rotation 1 0.05
1607514246849251151 : Checking page rotation 2 0.4
1607514253182891684 : Checking image 1 crop x1 294
1607514253183007182 : Checking image 1 crop y1 137
1607514253183041882 : Checking image 1 crop x2 2326
1607514253183073381 : Checking image 1 crop y2 3375
1607514262076986596 : Checking image 2 crop x1 146
1607514262077097294 : Checking image 2 crop y1 192
1607514262077133393 : Checking image 2 crop x2 2173
1607514262077166693 : Checking image 2 crop y2 3386
1607514262120111048 : Checking image 1 dpi 300
1607514262120233347 : Checking image 1 border top 124
1607514262120270246 : Checking image 1 border bottom 124
1607514262120300546 : Checking image 1 border left 214
1607514262120331145 : Checking image 1 border right 214
1607514262122224117 : Checking image 2 dpi 300
1607514262122294316 : Checking image 2 border top 185
1607514262122326015 : Checking image 2 border bottom 108
1607514262122356015 : Checking image 2 border left 216
1607514262122386014 : Checking image 2 border right 216

</system-out><system-err>--------------------------------- Captured Err ---------------------------------

</system-err></testcase><testcase classname="tests.test_images" name="test_wrong_wave_split_line_png" time="86.688"><system-out>--------------------------------- Captured Log ---------------------------------

--------------------------------- Captured Out ---------------------------------
/home/runner/work/ocr-book/ocr-book/tests/wrong_wave_split_line.png
1607514225784580485 : Checking separation double page angle 90.5287860410772
1607514225784664084 : Checking separation double page y=0 2502
1607514235961703920 : Checking page rotation 1 -0.14999999999999147
1607514245866920838 : Checking page rotation 2 0.8500000000000001
1607514253444598050 : Checking image 1 crop x1 385
1607514253444709249 : Checking image 1 crop y1 179
1607514253444744248 : Checking image 1 crop x2 2411
1607514253444777148 : Checking image 1 crop y2 3374
1607514266889985389 : Checking image 2 crop x1 27
1607514266890088687 : Checking image 2 crop y1 1
1607514266890126387 : Checking image 2 crop x2 2489
1607514266890160886 : Checking image 2 crop y2 3505
1607514266940488631 : Checking image 1 dpi 300
1607514266940591330 : Checking image 1 border top 169
1607514266940626129 : Checking image 1 border bottom 123
1607514266940656529 : Checking image 1 border left 217
1607514266940688328 : Checking image 1 border right 217
1607514266942874196 : Checking image 2 dpi 300
1607514266942960194 : Checking image 2 border top 2
1607514266942995494 : Checking image 2 border bottom 2
1607514266943025593 : Checking image 2 border left 9
1607514266943058793 : Checking image 2 border right 9

</system-out><system-err>--------------------------------- Captured Err ---------------------------------

</system-err></testcase><testcase classname="tests.test_images" name="test_small_wave_png" time="64.008"><system-out>--------------------------------- Captured Log ---------------------------------

--------------------------------- Captured Out ---------------------------------
/home/runner/work/ocr-book/ocr-book/tests/small_wave.png
1607514302935387377 : Checking separation double page angle 90.61316928841566
1607514302935466876 : Checking separation double page y=0 2495
1607514312682394982 : Checking page rotation 1 0.7000000000000001
1607514320681278561 : Checking page rotation 2 0.7000000000000001
1607514323270216756 : Checking image 1 crop x1 322
1607514323270331354 : Checking image 1 crop y1 199
1607514323270366754 : Checking image 1 crop x2 2351
1607514323270399753 : Checking image 1 crop y2 3394
1607514326091799088 : Checking image 2 crop x1 135
1607514326091914187 : Checking image 2 crop y1 223
1607514326091950286 : Checking image 2 crop x2 2164
1607514326091985286 : Checking image 2 crop y2 3419
1607514326128560240 : Checking image 1 dpi 300
1607514326128661439 : Checking image 1 border top 178
1607514326128695038 : Checking image 1 border bottom 114
1607514326128725338 : Checking image 1 border left 215
1607514326128755938 : Checking image 1 border right 215
1607514326130661509 : Checking image 2 dpi 300
1607514326130735708 : Checking image 2 border top 196
1607514326130767308 : Checking image 2 border bottom 95
1607514326130796807 : Checking image 2 border left 215
1607514326130826707 : Checking image 2 border right 215

</system-out><system-err>--------------------------------- Captured Err ---------------------------------

</system-err></testcase><testcase classname="tests.test_images" name="test_no_split_line_line_algo_png" time="49.667"><system-out>--------------------------------- Captured Log ---------------------------------

--------------------------------- Captured Out ---------------------------------
/home/runner/work/ocr-book/ocr-book/tests/no_split_line_line_algo.png
1607514297509940117 : Checking separation double page angle 89.47691469185418
1607514297510021115 : Checking separation double page y=0 2476
1607514301795970893 : Checking page rotation 1 -0.14999999999999147
1607514310976023445 : Checking page rotation 2 -0.44999999999998863
1607514313211616585 : Checking image 1 crop x1 205
1607514313211725184 : Checking image 1 crop y1 158
1607514313211760583 : Checking image 1 crop x2 2320
1607514313211793983 : Checking image 1 crop y2 3366
1607514316587051127 : Checking image 2 crop x1 185
1607514316587158126 : Checking image 2 crop y1 221
1607514316587193425 : Checking image 2 crop x2 2201
1607514316587227125 : Checking image 2 crop y2 3366
1607514316625255357 : Checking image 1 dpi 300
1607514316625359256 : Checking image 1 border top 141
1607514316625393655 : Checking image 1 border bottom 138
1607514316625424355 : Checking image 1 border left 172
1607514316625456054 : Checking image 1 border right 172
1607514316627675321 : Checking image 2 dpi 300
1607514316627754820 : Checking image 2 border top 215
1607514316627786420 : Checking image 2 border bottom 127
1607514316627816419 : Checking image 2 border left 222
1607514316627846419 : Checking image 2 border right 222

</system-out><system-err>--------------------------------- Captured Err ---------------------------------

</system-err></testcase><testcase classname="tests.test_images" name="test_failed_split_line_line_algo_2_png" time="64.415"><system-out>--------------------------------- Captured Log ---------------------------------

--------------------------------- Captured Out ---------------------------------
/home/runner/work/ocr-book/ocr-book/tests/failed_split_line_line_algo_2.png
1607514356098609503 : Checking separation double page angle 89.9913422057325
1607514356098694901 : Checking separation double page y=0 2498
1607514366831971955 : Checking page rotation 1 0.0
1607514375520320985 : Checking page rotation 2 0.6000000000000001
1607514378258240756 : Checking image 1 crop x1 272
1607514378258351354 : Checking image 1 crop y1 149
1607514378258386454 : Checking image 1 crop x2 2383
1607514378258418153 : Checking image 1 crop y2 3353
1607514380999868774 : Checking image 2 crop x1 107
1607514380999976872 : Checking image 2 crop y1 155
1607514381000012672 : Checking image 2 crop x2 2230
1607514381000047871 : Checking image 2 crop y2 3350
1607514381038428900 : Checking image 1 dpi 300
1607514381038522099 : Checking image 1 border top 139
1607514381038556199 : Checking image 1 border bottom 144
1607514381038588598 : Checking image 1 border left 174
1607514381038620998 : Checking image 1 border right 174
1607514381040467070 : Checking image 2 dpi 300
1607514381040541569 : Checking image 2 border top 136
1607514381040574269 : Checking image 2 border bottom 156
1607514381040604668 : Checking image 2 border left 168
1607514381040634668 : Checking image 2 border right 168

</system-out><system-err>--------------------------------- Captured Err ---------------------------------

</system-err></testcase><testcase classname="tests.test_images" name="test_failed_split_line_line_algo_png" time="23.164"><system-out>--------------------------------- Captured Log ---------------------------------

--------------------------------- Captured Out ---------------------------------
/home/runner/work/ocr-book/ocr-book/tests/failed_split_line_line_algo.png
1607514340834255102 : Checking separation double page angle 90.01634220573249
1607514340834342800 : Checking separation double page y=0 2575
1607514343799856029 : Checking page rotation 1 -0.14999999999999147
1607514345724149371 : Checking page rotation 2 0.0
1607514348009600736 : Checking image 1 crop x1 407
1607514348009715334 : Checking image 1 crop y1 2925
1607514348009750434 : Checking image 1 crop x2 2419
1607514348009781633 : Checking image 1 crop y2 3174
1607514349335889487 : Checking image 2 crop x1 1184
1607514349335989685 : Checking image 2 crop y1 1744
1607514349336022985 : Checking image 2 crop x2 1185
1607514349336054084 : Checking image 2 crop y2 1745
1607514349336351780 : Checking image 1 dpi 300
1607514349336429879 : Checking image 1 border top 2917
1607514349336462778 : Checking image 1 border bottom 321
1607514349336492678 : Checking image 1 border left 224
1607514349336523077 : Checking image 1 border right 224
1607514349337624361 : Checking image 2 dpi 300
1607514349337691360 : Checking image 2 border top 1752
1607514349337723360 : Checking image 2 border bottom 1753
1607514349337752859 : Checking image 2 border left 1239
1607514349337783259 : Checking image 2 border right 1239

</system-out><system-err>--------------------------------- Captured Err ---------------------------------

</system-err></testcase><testcase classname="tests.test_images" name="test_wrong_wave_split_line_2_png" time="66.549"><system-out>--------------------------------- Captured Log ---------------------------------

--------------------------------- Captured Out ---------------------------------
/home/runner/work/ocr-book/ocr-book/tests/wrong_wave_split_line_2.png
1607514391551637542 : Checking separation double page angle 90.7708958311329
1607514391551718841 : Checking separation double page y=0 2490
1607514400146559541 : Checking page rotation 1 0.4
1607514410103725110 : Checking page rotation 2 1.8
1607514412943413297 : Checking image 1 crop x1 224
1607514412943522196 : Checking image 1 crop y1 147
1607514412943558095 : Checking image 1 crop x2 2337
1607514412943590995 : Checking image 1 crop y2 3355
1607514415811659162 : Checking image 2 crop x1 72
1607514415811767961 : Checking image 2 crop y1 197
1607514415811802360 : Checking image 2 crop x2 2194
1607514415811834160 : Checking image 2 crop y2 3396
1607514415855357713 : Checking image 1 dpi 300
1607514415855448511 : Checking image 1 border top 133
1607514415855483811 : Checking image 1 border bottom 146
1607514415855513810 : Checking image 1 border left 173
1607514415855544010 : Checking image 1 border right 173
1607514415857470381 : Checking image 2 dpi 300
1607514415857543280 : Checking image 2 border top 167
1607514415857575180 : Checking image 2 border bottom 121
1607514415857604879 : Checking image 2 border left 169
1607514415857634979 : Checking image 2 border right 169

</system-out><system-err>--------------------------------- Captured Err ---------------------------------

</system-err></testcase><testcase classname="tests.test_images" name="test_crop_too_much_3_png" time="64.071"><system-out>--------------------------------- Captured Log ---------------------------------

--------------------------------- Captured Out ---------------------------------
/home/runner/work/ocr-book/ocr-book/tests/crop_too_much_3.png
1607514418328984545 : Checking separation double page angle 89.55580634783144
1607514418329070144 : Checking separation double page y=0 2499
1607514426405284808 : Checking page rotation 1 -0.9499999999999886
1607514437785126192 : Checking page rotation 2 -0.14999999999999147
1607514441344336103 : Checking image 1 crop x1 373
1607514441344444201 : Checking image 1 crop y1 258
1607514441344480100 : Checking image 1 crop x2 2386
1607514441344511300 : Checking image 1 crop y2 3458
1607514445065611907 : Checking image 2 crop x1 167
1607514445065718205 : Checking image 2 crop y1 228
1607514445065754105 : Checking image 2 crop x2 2180
1607514445065787204 : Checking image 2 crop y2 3417
1607514445108116275 : Checking image 1 dpi 300
1607514445108232974 : Checking image 1 border top 239
1607514445108268573 : Checking image 1 border bottom 48
1607514445108298973 : Checking image 1 border left 223
1607514445108331772 : Checking image 1 border right 223
1607514445110163745 : Checking image 2 dpi 300
1607514445110236344 : Checking image 2 border top 207
1607514445110268143 : Checking image 2 border bottom 91
1607514445110297843 : Checking image 2 border left 223
1607514445110327643 : Checking image 2 border right 223

</system-out><system-err>--------------------------------- Captured Err ---------------------------------

</system-err></testcase><testcase classname="tests.test_images" name="test_wrong_wave_split_line_3_png" time="59.046"><system-out>--------------------------------- Captured Log ---------------------------------

--------------------------------- Captured Out ---------------------------------
/home/runner/work/ocr-book/ocr-book/tests/wrong_wave_split_line_3.png
1607514454757146907 : Checking separation double page angle 90.0586735161512
1607514454757232405 : Checking separation double page y=0 2510
1607514463437482840 : Checking page rotation 1 0.1
1607514469513826467 : Checking page rotation 2 0.35000000000000003
1607514472225497183 : Checking image 1 crop x1 272
1607514472225606081 : Checking image 1 crop y1 219
1607514472225642280 : Checking image 1 crop x2 2383
1607514472225674480 : Checking image 1 crop y2 3423
1607514474878838365 : Checking image 2 crop x1 119
1607514474878950263 : Checking image 2 crop y1 226
1607514474878984963 : Checking image 2 crop x2 2240
1607514474879016462 : Checking image 2 crop y2 3413
1607514474914347238 : Checking image 1 dpi 300
1607514474914445036 : Checking image 1 border top 202
1607514474914480036 : Checking image 1 border bottom 81
1607514474914510435 : Checking image 1 border left 174
1607514474914542435 : Checking image 1 border right 174
1607514474916471606 : Checking image 2 dpi 300
1607514474916543605 : Checking image 2 border top 203
1607514474916575904 : Checking image 2 border bottom 97
1607514474916605604 : Checking image 2 border left 169
1607514474916638203 : Checking image 2 border right 169

</system-out><system-err>--------------------------------- Captured Err ---------------------------------

</system-err></testcase><testcase classname="tests.test_images" name="test_no_split_line_wave_algo_png" time="56.910"><system-out>--------------------------------- Captured Log ---------------------------------

--------------------------------- Captured Out ---------------------------------
/home/runner/work/ocr-book/ocr-book/tests/no_split_line_wave_algo.png
1607514473210537049 : Checking separation double page angle 89.93575909193099
1607514473210614548 : Checking separation double page y=0 2482
1607514478525637190 : Checking page rotation 1 0.0
1607514486915855553 : Checking page rotation 2 -0.5499999999999972
1607514495811373515 : Checking image 1 crop x1 97
1607514495811446014 : Checking image 1 crop y1 77
1607514495811479213 : Checking image 1 crop x2 2483
1607514495811510513 : Checking image 1 crop y2 3505
1607514501949246243 : Checking image 2 crop x1 164
1607514501949354441 : Checking image 2 crop y1 266
1607514501949391341 : Checking image 2 crop x2 2241
1607514501949422640 : Checking image 2 crop y2 3382
1607514501987090181 : Checking image 1 dpi 300
1607514501987185079 : Checking image 1 border top 40
1607514501987218679 : Checking image 1 border bottom 40
1607514501987248679 : Checking image 1 border left 47
1607514501987280178 : Checking image 1 border right 47
1607514501989009752 : Checking image 2 dpi 300
1607514501989094151 : Checking image 2 border top 254
1607514501989126651 : Checking image 2 border bottom 117
1607514501989156650 : Checking image 2 border left 191
1607514501989186950 : Checking image 2 border right 191

</system-out><system-err>--------------------------------- Captured Err ---------------------------------

</system-err></testcase><testcase classname="tests.test_images" name="test_no_split_line_wave_algo_2_png" time="51.523"><system-out>--------------------------------- Captured Log ---------------------------------

--------------------------------- Captured Out ---------------------------------
/home/runner/work/ocr-book/ocr-book/tests/no_split_line_wave_algo_2.png
1607514506355313997 : Checking separation double page angle 91.21822795596304
1607514506355403096 : Checking separation double page y=0 2488
1607514514101690737 : Checking page rotation 1 1.1
1607514521356281985 : Checking page rotation 2 0.2
1607514524084855058 : Checking image 1 crop x1 266
1607514524084965256 : Checking image 1 crop y1 210
1607514524084999756 : Checking image 1 crop x2 2342
1607514524085032155 : Checking image 1 crop y2 3413
1607514526406306378 : Checking image 2 crop x1 199
1607514526406415377 : Checking image 2 crop y1 241
1607514526406450276 : Checking image 2 crop x2 2282
1607514526406481876 : Checking image 2 crop y2 3433
1607514526442222245 : Checking image 1 dpi 300
1607514526442308744 : Checking image 1 border top 194
1607514526442343343 : Checking image 1 border bottom 90
1607514526442373243 : Checking image 1 border left 192
1607514526442403342 : Checking image 1 border right 192
1607514526444303114 : Checking image 2 dpi 300
1607514526444376513 : Checking image 2 border top 226
1607514526444408112 : Checking image 2 border bottom 69
1607514526444438112 : Checking image 2 border left 188
1607514526444468112 : Checking image 2 border right 188

</system-out><system-err>--------------------------------- Captured Err ---------------------------------

</system-err></testcase><testcase classname="tests.test_images" name="test_crop_too_few_2_png" time="46.428"><system-out>--------------------------------- Captured Log ---------------------------------

--------------------------------- Captured Out ---------------------------------
/home/runner/work/ocr-book/ocr-book/tests/crop_too_few_2.png
1607514530815189295 : Checking separation double page angle 90.25476192320097
1607514530815273594 : Checking separation double page y=0 2531
1607514537570673261 : Checking page rotation 1 1.2000000000000002
1607514543273353664 : Checking page rotation 2 -0.09999999999999432
1607514546024243807 : Checking image 1 crop x1 287
1607514546024353906 : Checking image 1 crop y1 165
1607514546024388705 : Checking image 1 crop x2 2398
1607514546024420105 : Checking image 1 crop y2 3368
1607514548435395497 : Checking image 2 crop x1 145
1607514548435506895 : Checking image 2 crop y1 175
1607514548435542295 : Checking image 2 crop x2 2271
1607514548435574794 : Checking image 2 crop y2 3373
1607514548469180095 : Checking image 1 dpi 300
1607514548469282994 : Checking image 1 border top 139
1607514548469316893 : Checking image 1 border bottom 145
1607514548469347593 : Checking image 1 border left 174
1607514548469380292 : Checking image 1 border right 174
1607514548471019868 : Checking image 2 dpi 300
1607514548471093467 : Checking image 2 border top 180
1607514548471124666 : Checking image 2 border bottom 109
1607514548471154266 : Checking image 2 border left 167
1607514548471187565 : Checking image 2 border right 167

</system-out><system-err>--------------------------------- Captured Err ---------------------------------

</system-err></testcase><testcase classname="tests.test_images" name="test_failed_detect_rectangle_png" time="60.781"><system-out>--------------------------------- Captured Log ---------------------------------

--------------------------------- Captured Out ---------------------------------
/home/runner/work/ocr-book/ocr-book/tests/failed_detect_rectangle.png
1607514565115805965 : Checking separation double page angle 90.19837516213147
1607514565115893763 : Checking separation double page y=0 2471
1607514572636012179 : Checking page rotation 1 0.2
1607514581610753793 : Checking page rotation 2 0.2
1607514584240497338 : Checking image 1 crop x1 257
1607514584240608936 : Checking image 1 crop y1 201
1607514584240644036 : Checking image 1 crop x2 2333
1607514584240676035 : Checking image 1 crop y2 3402
1607514587173594978 : Checking image 2 crop x1 139
1607514587173703077 : Checking image 2 crop y1 215
1607514587173738776 : Checking image 2 crop x2 2222
1607514587173770676 : Checking image 2 crop y2 3406
1607514587216244245 : Checking image 1 dpi 300
1607514587216336243 : Checking image 1 border top 188
1607514587216370043 : Checking image 1 border bottom 98
1607514587216400542 : Checking image 1 border left 192
1607514587216433042 : Checking image 1 border right 192
1607514587218331114 : Checking image 2 dpi 300
1607514587218400613 : Checking image 2 border top 200
1607514587218432212 : Checking image 2 border bottom 95
1607514587218461612 : Checking image 2 border left 188
1607514587218491511 : Checking image 2 border right 188

</system-out><system-err>--------------------------------- Captured Err ---------------------------------

</system-err></testcase><testcase classname="tests.test_images" name="test_single_page_png" time="21.450"><system-out>--------------------------------- Captured Log ---------------------------------

--------------------------------- Captured Out ---------------------------------
/home/runner/work/ocr-book/ocr-book/tests/single_page.png
1607514556770942699 : Checking separation double page angle 89.97500000000001
1607514556771022398 : Checking separation double page y=0 2469
1607514561361958315 : Checking page rotation 1 0.0
1607514562706349949 : Checking page rotation 2 0.0
1607514569110153043 : Checking image 1 crop x1 1
1607514569110231842 : Checking image 1 crop y1 9
1607514569110265441 : Checking image 1 crop x2 2464
1607514569110296841 : Checking image 1 crop y2 3505
1607514569630544014 : Checking image 2 crop x1 0
1607514569630610113 : Checking image 2 crop y1 0
1607514569630639313 : Checking image 2 crop x2 0
1607514569630666813 : Checking image 2 crop y2 0
1607514569630735811 : Checking image 1 dpi 300
1607514569630792811 : Checking image 1 border top 6
1607514569630824510 : Checking image 1 border bottom 6
1607514569630854410 : Checking image 1 border left 9
1607514569630884609 : Checking image 1 border right 9
1607514569636404727 : Checking image 2 border top 0
1607514569636467026 : Checking image 2 border bottom 0
1607514569636496126 : Checking image 2 border left 0
1607514569636525026 : Checking image 2 border right 0

</system-out><system-err>--------------------------------- Captured Err ---------------------------------

</system-err></testcase></testsuite></testsuites>