<?xml version="1.0" encoding="utf-8"?><testsuites><testsuite errors="0" failures="0" hostname="travis-job-fe028f70-8e11-4fd0-86e8-36336250deef" name="pytest" skipped="0" tests="4" time="320.395" timestamp="2020-10-21T21:23:59.122607"><testcase classname="tests.test_images" name="test_0001_png" time="73.947"><system-out>--------------------------------- Captured Log ---------------------------------

--------------------------------- Captured Out ---------------------------------
0001.png
1603315482340340375 : Checking separation double page angle 90.5270406818651
1603315482340435934 : Checking separation double page y=0 2485
1603315495255217937 : Checking page rotation 1 0.7000000000000001
1603315511934564025 : Checking page rotation 2 0.2
1603315512570103402 : Checking image 1 crop x1 332
1603315512570205435 : Checking image 1 crop y1 336
1603315512570238842 : Checking image 1 crop x2 2343
1603315512570271060 : Checking image 1 crop y2 3223
1603315513204167198 : Checking image 2 crop x1 169
1603315513204252648 : Checking image 2 crop y1 649
1603315513204286896 : Checking image 2 crop x2 2183
1603315513204318909 : Checking image 2 crop y2 3360
1603315513257485875 : Checking image 1 dpi 300
1603315513257620942 : Checking image 1 border top 325
1603315513257651736 : Checking image 1 border bottom 275
1603315513257678443 : Checking image 1 border left 224
1603315513257704702 : Checking image 1 border right 224
1603315513259603075 : Checking image 2 dpi 300
1603315513259734355 : Checking image 2 border top 672
1603315513259762662 : Checking image 2 border bottom 104
1603315513259789218 : Checking image 2 border left 223
1603315513259815565 : Checking image 2 border right 223

</system-out><system-err>--------------------------------- Captured Err ---------------------------------

</system-err></testcase><testcase classname="tests.test_images" name="test_2_pages_2_contours_png" time="35.936"><system-out>--------------------------------- Captured Log ---------------------------------

--------------------------------- Captured Out ---------------------------------
2-pages-2-contours.png
1603315534667463715 : Checking separation double page angle 90.2210765693812
1603315534667606962 : Checking separation double page y=0 2487
1603315536574913387 : Checking page rotation 1 0.0
1603315548145324020 : Checking page rotation 2 0.35000000000000003
1603315548621513206 : Checking image 1 crop x1 1183
1603315548621573891 : Checking image 1 crop y1 1720
1603315548621600917 : Checking image 1 crop x2 1184
1603315548621626303 : Checking image 1 crop y2 1721
1603315549180335752 : Checking image 2 crop x1 109
1603315549180421951 : Checking image 2 crop y1 241
1603315549180455445 : Checking image 2 crop x2 2154
1603315549180487075 : Checking image 2 crop y2 3239
1603315549207125915 : Checking image 1 dpi 300
1603315549207220531 : Checking image 1 border top 1752
1603315549207249397 : Checking image 1 border bottom 1753
1603315549207276363 : Checking image 1 border left 1239
1603315549207302833 : Checking image 1 border right 1239
1603315549208406303 : Checking image 2 dpi 300
1603315549208524369 : Checking image 2 border top 230
1603315549208562728 : Checking image 2 border bottom 259
1603315549208590039 : Checking image 2 border left 207
1603315549208616037 : Checking image 2 border right 207

</system-out><system-err>--------------------------------- Captured Err ---------------------------------

</system-err></testcase><testcase classname="tests.test_images" name="test_black_border_not_removed_png" time="88.429"><system-out>--------------------------------- Captured Log ---------------------------------

--------------------------------- Captured Out ---------------------------------
black-border-not-removed.png
1603315601228584705 : Checking separation double page angle 89.96520148719509
1603315601228670395 : Checking separation double page y=0 2454
1603315615814556046 : Checking page rotation 1 0.0
1603315636248826758 : Checking page rotation 2 0.0
1603315636908054086 : Checking image 1 crop x1 298
1603315636908140283 : Checking image 1 crop y1 144
1603315636908173545 : Checking image 1 crop x2 2308
1603315636908205736 : Checking image 1 crop y2 3346
1603315637574643603 : Checking image 2 crop x1 158
1603315637574730701 : Checking image 2 crop y1 146
1603315637574764192 : Checking image 2 crop x2 2169
1603315637574795849 : Checking image 2 crop y2 3351
1603315637630391746 : Checking image 1 dpi 300
1603315637630528920 : Checking image 1 border top 129
1603315637630559732 : Checking image 1 border bottom 156
1603315637630586482 : Checking image 1 border left 225
1603315637630612952 : Checking image 1 border right 225
1603315637632337858 : Checking image 2 dpi 300
1603315637632459619 : Checking image 2 border top 131
1603315637632487740 : Checking image 2 border bottom 151
1603315637632514306 : Checking image 2 border left 224
1603315637632540777 : Checking image 2 border right 224

</system-out><system-err>--------------------------------- Captured Err ---------------------------------

</system-err></testcase><testcase classname="tests.test_images" name="test_image_failed_to_rotate_png" time="120.965"><system-out>--------------------------------- Captured Log ---------------------------------

--------------------------------- Captured Out ---------------------------------
image_failed_to_rotate.png
1603315669384815669 : Checking separation double page angle 90.32101699455094
1603315669384896987 : Checking separation double page y=0 2487
1603315674830254007 : Checking page rotation 1 0.30000000000000004
1603315688314026212 : Checking page rotation 2 0.4
1603315757698887325 : Checking image 1 crop x1 86
1603315757698994745 : Checking image 1 crop y1 6
1603315757699028792 : Checking image 1 crop x2 2480
1603315757699060215 : Checking image 1 crop y2 3483
1603315758368331823 : Checking image 2 crop x1 171
1603315758368417618 : Checking image 2 crop y1 235
1603315758368450878 : Checking image 2 crop x2 2250
1603315758368482392 : Checking image 2 crop y2 3355
1603315758513062715 : Checking image 1 dpi 300
1603315758513249963 : Checking image 1 border top 15
1603315758513283874 : Checking image 1 border bottom 15
1603315758513310757 : Checking image 1 border left 43
1603315758513337424 : Checking image 1 border right 43
1603315758514987371 : Checking image 2 dpi 300
1603315758515093301 : Checking image 2 border top 207
1603315758515122253 : Checking image 2 border bottom 160
1603315758515148135 : Checking image 2 border left 190
1603315758515181569 : Checking image 2 border right 190

</system-out><system-err>--------------------------------- Captured Err ---------------------------------

</system-err></testcase></testsuite></testsuites>