<?xml version="1.0" encoding="utf-8"?><testsuites><testsuite name="pytest" errors="0" failures="0" skipped="0" tests="36" time="404.169" timestamp="2021-09-08T07:59:49.854326" hostname="fv-az75-893"><testcase classname="tests.test_features" name="test_disabled_enable_debug" time="22.152"><system-out>--------------------------------- Captured Log ---------------------------------

--------------------------------- Captured Out ---------------------------------
/home/runner/work/diptych/diptych/tests/0001_debug.png
separation double page angle 90.55756528497216
separation double page y=0 2484
page rotation 1 0.65
page rotation 2 0.2
image 1 crop x1 329
image 1 crop y1 335
image 1 crop x2 2344
image 1 crop y2 3222
image 2 crop x1 171
image 2 crop y1 648
image 2 crop x2 2188
image 2 crop y2 3361
image 1 dpi 300
image 1 border top 327
image 1 border bottom 273
image 1 border left 222
image 1 border right 222
image 2 dpi 300
image 2 border top 643
image 2 border bottom 131
image 2 border left 221
image 2 border right 221

</system-out><system-err>--------------------------------- Captured Err ---------------------------------

</system-err></testcase><testcase classname="tests.test_features" name="test_mock_stop_at_0" time="0.052"><system-out>--------------------------------- Captured Log ---------------------------------

--------------------------------- Captured Out ---------------------------------
/home/runner/work/diptych/diptych/tests/0001_0.png

</system-out><system-err>--------------------------------- Captured Err ---------------------------------

</system-err></testcase><testcase classname="tests.test_features" name="test_mock_stop_at_2" time="15.694"><system-out>--------------------------------- Captured Log ---------------------------------

--------------------------------- Captured Out ---------------------------------
/home/runner/work/diptych/diptych/tests/0001_2.png
separation double page angle 90.55756528497216
separation double page y=0 2484
page rotation 1 0.65
page rotation 2 0.2

</system-out><system-err>--------------------------------- Captured Err ---------------------------------

</system-err></testcase><testcase classname="tests.test_features" name="test_mock_stop_at_4" time="22.316"><system-out>--------------------------------- Captured Log ---------------------------------

--------------------------------- Captured Out ---------------------------------
/home/runner/work/diptych/diptych/tests/0001_4.png
separation double page angle 90.55756528497216
separation double page y=0 2484
page rotation 1 0.65
page rotation 2 0.2
image 1 crop x1 329
image 1 crop y1 335
image 1 crop x2 2344
image 1 crop y2 3222
image 2 crop x1 171
image 2 crop y1 648
image 2 crop x2 2188
image 2 crop y2 3361
image 1 dpi 300
image 1 border top 326
image 1 border bottom 274
image 1 border left 222
image 1 border right 222
image 2 dpi 300
image 2 border top 643
image 2 border bottom 131
image 2 border left 221
image 2 border right 221

</system-out><system-err>--------------------------------- Captured Err ---------------------------------

</system-err></testcase><testcase classname="tests.test_features" name="test_mock_stop_at_1" time="13.126"><system-out>--------------------------------- Captured Log ---------------------------------

--------------------------------- Captured Out ---------------------------------
/home/runner/work/diptych/diptych/tests/0001_1.png
separation double page angle 90.55756528497216
separation double page y=0 2484

</system-out><system-err>--------------------------------- Captured Err ---------------------------------

</system-err></testcase><testcase classname="tests.test_features" name="test_mock_stop_at_3" time="23.533"><system-out>--------------------------------- Captured Log ---------------------------------

--------------------------------- Captured Out ---------------------------------
/home/runner/work/diptych/diptych/tests/0001_3.png
separation double page angle 90.55756528497216
separation double page y=0 2484
page rotation 1 0.65
page rotation 2 0.2
image 1 crop x1 329
image 1 crop y1 335
image 1 crop x2 2344
image 1 crop y2 3222
image 2 crop x1 171
image 2 crop y1 648
image 2 crop x2 2188
image 2 crop y2 3361

</system-out><system-err>--------------------------------- Captured Err ---------------------------------

</system-err></testcase><testcase classname="tests.test_images" name="test_0001_png" time="22.179"><system-out>--------------------------------- Captured Log ---------------------------------

--------------------------------- Captured Out ---------------------------------
/home/runner/work/diptych/diptych/tests/0001.png
1631088043026136012 : Checking separation double page angle 90.55756528497216
1631088043026251514 : Checking separation double page y=0 2484
1631088044228164045 : Checking page rotation 1 0.65
1631088045930377434 : Checking page rotation 2 0.2
1631088048871953363 : Checking image 1 crop x1 329
1631088048872056264 : Checking image 1 crop y1 335
1631088048872091664 : Checking image 1 crop x2 2344
1631088048872121465 : Checking image 1 crop y2 3222
1631088051528508226 : Checking image 2 crop x1 171
1631088051528628228 : Checking image 2 crop y1 648
1631088051528663528 : Checking image 2 crop x2 2188
1631088051528692529 : Checking image 2 crop y2 3361
1631088051528839731 : Checking image 1 dpi 300
1631088051528902731 : Checking image 1 border top 326
1631088051528933932 : Checking image 1 border bottom 274
1631088051528964132 : Checking image 1 border left 222
1631088051528991132 : Checking image 1 border right 222
1631088051532178672 : Checking image 2 dpi 300
1631088051532235172 : Checking image 2 border top 643
1631088051532281273 : Checking image 2 border bottom 131
1631088051532307973 : Checking image 2 border left 221
1631088051532334174 : Checking image 2 border right 221

</system-out><system-err>--------------------------------- Captured Err ---------------------------------

</system-err></testcase><testcase classname="tests.test_features" name="test_mock_stop_at_5" time="24.089"><system-out>--------------------------------- Captured Log ---------------------------------

--------------------------------- Captured Out ---------------------------------
/home/runner/work/diptych/diptych/tests/0001_5.png
separation double page angle 90.55756528497216
separation double page y=0 2484
page rotation 1 0.65
page rotation 2 0.2
image 1 crop x1 329
image 1 crop y1 335
image 1 crop x2 2344
image 1 crop y2 3222
image 2 crop x1 171
image 2 crop y1 648
image 2 crop x2 2188
image 2 crop y2 3361
image 1 dpi 300
image 1 border top 326
image 1 border bottom 274
image 1 border left 222
image 1 border right 222
image 2 dpi 300
image 2 border top 643
image 2 border bottom 131
image 2 border left 221
image 2 border right 221

</system-out><system-err>--------------------------------- Captured Err ---------------------------------

</system-err></testcase><testcase classname="tests.test_images" name="test_black_border_not_removed_png" time="23.952"><system-out>--------------------------------- Captured Log ---------------------------------

--------------------------------- Captured Out ---------------------------------
/home/runner/work/diptych/diptych/tests/black-border-not-removed.png
1631088064442143891 : Checking separation double page angle 90.01516396500199
1631088064442280993 : Checking separation double page y=0 2455
1631088065751055291 : Checking page rotation 1 0.0
1631088067542181903 : Checking page rotation 2 0.1
1631088070532397971 : Checking image 1 crop x1 297
1631088070532527073 : Checking image 1 crop y1 143
1631088070532571773 : Checking image 1 crop x2 2309
1631088070532610873 : Checking image 1 crop y2 3346
1631088075467107604 : Checking image 2 crop x1 154
1631088075467207905 : Checking image 2 crop y1 144
1631088075467244305 : Checking image 2 crop x2 2168
1631088075467276906 : Checking image 2 crop y2 3351
1631088075467459608 : Checking image 1 dpi 300
1631088075467521109 : Checking image 1 border top 131
1631088075467551809 : Checking image 1 border bottom 153
1631088075467578110 : Checking image 1 border left 224
1631088075467605510 : Checking image 1 border right 224
1631088075470589548 : Checking image 2 dpi 300
1631088075470640249 : Checking image 2 border top 133
1631088075470670649 : Checking image 2 border bottom 147
1631088075470696749 : Checking image 2 border left 223
1631088075470722350 : Checking image 2 border right 223

</system-out><system-err>--------------------------------- Captured Err ---------------------------------

</system-err></testcase><testcase classname="tests.test_images" name="test_2_pages_2_contours_png" time="15.933"><system-out>--------------------------------- Captured Log ---------------------------------

--------------------------------- Captured Out ---------------------------------
/home/runner/work/diptych/diptych/tests/2-pages-2-contours.png
1631088084878590128 : Checking separation double page angle 90.14230271514262
1631088084878695229 : Checking separation double page y=0 2488
1631088085489529390 : Checking page rotation 1 0.0
1631088086608369273 : Checking page rotation 2 0.2
1631088087503638662 : Checking image 1 crop x1 1189
1631088087503718763 : Checking image 1 crop y1 1751
1631088087503750963 : Checking image 1 crop x2 1190
1631088087503777663 : Checking image 1 crop y2 1752
1631088090138863013 : Checking image 2 crop x1 100
1631088090138960014 : Checking image 2 crop y1 240
1631088090138994015 : Checking image 2 crop x2 2148
1631088090139025315 : Checking image 2 crop y2 3240
1631088090139229218 : Checking image 1 dpi 300
1631088090139306919 : Checking image 1 border top 1752
1631088090139340519 : Checking image 1 border bottom 1753
1631088090139370319 : Checking image 1 border left 1239
1631088090139398720 : Checking image 1 border right 1239
1631088090141286542 : Checking image 2 dpi 300
1631088090141361043 : Checking image 2 border top 230
1631088090141390443 : Checking image 2 border bottom 256
1631088090141417444 : Checking image 2 border left 206
1631088090141461944 : Checking image 2 border right 206

</system-out><system-err>--------------------------------- Captured Err ---------------------------------

</system-err></testcase><testcase classname="tests.test_images" name="test_image_failed_to_rotate_png" time="27.069"><system-out>--------------------------------- Captured Log ---------------------------------

--------------------------------- Captured Out ---------------------------------
/home/runner/work/diptych/diptych/tests/image_failed_to_rotate.png
1631088090566094333 : Checking separation double page angle 90.35651650869968
1631088090566228935 : Checking separation double page y=0 2483
1631088092359188720 : Checking page rotation 1 0.45
1631088093500047692 : Checking page rotation 2 0.2
1631088098547783644 : Checking image 1 crop x1 31
1631088098547903146 : Checking image 1 crop y1 1
1631088098547942546 : Checking image 1 crop x2 2481
1631088098547977247 : Checking image 1 crop y2 3504
1631088102460741461 : Checking image 2 crop x1 171
1631088102460868463 : Checking image 2 crop y1 231
1631088102460906163 : Checking image 2 crop x2 2259
1631088102460958964 : Checking image 2 crop y2 3358
1631088102461131666 : Checking image 1 dpi 300
1631088102461242467 : Checking image 1 border top 2
1631088102461280067 : Checking image 1 border bottom 2
1631088102461313668 : Checking image 1 border left 15
1631088102461345568 : Checking image 1 border right 15
1631088102464446705 : Checking image 2 dpi 300
1631088102464515906 : Checking image 2 border top 217
1631088102464584907 : Checking image 2 border bottom 143
1631088102464613907 : Checking image 2 border left 186
1631088102464645108 : Checking image 2 border right 186

</system-out><system-err>--------------------------------- Captured Err ---------------------------------

</system-err></testcase><testcase classname="tests.test_images" name="test_wrong_split_line_png" time="19.561"><system-out>--------------------------------- Captured Log ---------------------------------

--------------------------------- Captured Out ---------------------------------
/home/runner/work/diptych/diptych/tests/wrong_split_line.png
1631088103569542227 : Checking separation double page angle 89.95895720607972
1631088103569640428 : Checking separation double page y=0 2466
1631088104735358973 : Checking page rotation 1 -0.04999999999999689
1631088105833012081 : Checking page rotation 2 0.45
1631088107341849600 : Checking image 1 crop x1 211
1631088107341950301 : Checking image 1 crop y1 156
1631088107341988402 : Checking image 1 crop x2 2323
1631088107342023702 : Checking image 1 crop y2 3363
1631088109689649938 : Checking image 2 crop x1 123
1631088109689784740 : Checking image 2 crop y1 164
1631088109689844641 : Checking image 2 crop x2 2237
1631088109689884541 : Checking image 2 crop y2 3375
1631088109690060243 : Checking image 1 dpi 300
1631088109690154344 : Checking image 1 border top 135
1631088109690193145 : Checking image 1 border bottom 145
1631088109690244445 : Checking image 1 border left 174
1631088109690320146 : Checking image 1 border right 174
1631088109693032579 : Checking image 2 dpi 300
1631088109693094679 : Checking image 2 border top 141
1631088109693130480 : Checking image 2 border bottom 135
1631088109693164680 : Checking image 2 border left 173
1631088109693198281 : Checking image 2 border right 173

</system-out><system-err>--------------------------------- Captured Err ---------------------------------

</system-err></testcase><testcase classname="tests.test_images" name="test_image_failed_to_crop_data_png" time="39.391"><system-out>--------------------------------- Captured Log ---------------------------------

--------------------------------- Captured Out ---------------------------------
/home/runner/work/diptych/diptych/tests/image_failed_to_crop_data.png
1631088122385445834 : Checking separation double page angle 90.09350257645173
1631088122385572336 : Checking separation double page y=0 2479
1631088127024555907 : Checking page rotation 1 0.15000000000000002
1631088128262565477 : Checking page rotation 2 0.05
1631088138418879362 : Checking image 1 crop x1 46
1631088138419000963 : Checking image 1 crop y1 1
1631088138419040163 : Checking image 1 crop x2 2477
1631088138419129964 : Checking image 1 crop y2 3505
1631088141879291211 : Checking image 2 crop x1 164
1631088141879398112 : Checking image 2 crop y1 217
1631088141879468612 : Checking image 2 crop x2 2245
1631088141879518213 : Checking image 2 crop y2 3350
1631088141879715614 : Checking image 1 dpi 300
1631088141879826215 : Checking image 1 border top 2
1631088141879894716 : Checking image 1 border bottom 2
1631088141879925616 : Checking image 1 border left 25
1631088141879954916 : Checking image 1 border right 25
1631088141883217743 : Checking image 2 dpi 300
1631088141883281243 : Checking image 2 border top 206
1631088141883312044 : Checking image 2 border bottom 148
1631088141883343144 : Checking image 2 border left 189
1631088141883370944 : Checking image 2 border right 189

</system-out><system-err>--------------------------------- Captured Err ---------------------------------

</system-err></testcase><testcase classname="tests.test_images" name="test_crop_too_much_png" time="25.879"><system-out>--------------------------------- Captured Log ---------------------------------

--------------------------------- Captured Out ---------------------------------
/home/runner/work/diptych/diptych/tests/crop_too_much.png
1631088124455245961 : Checking separation double page angle 90.16929865985193
1631088124455341162 : Checking separation double page y=0 2456
1631088126058117155 : Checking page rotation 1 -0.04999999999999689
1631088127555952504 : Checking page rotation 2 0.2
1631088130949888759 : Checking image 1 crop x1 302
1631088130949990460 : Checking image 1 crop y1 148
1631088130950024860 : Checking image 1 crop x2 2314
1631088130950055561 : Checking image 1 crop y2 3351
1631088135549049852 : Checking image 2 crop x1 163
1631088135549143654 : Checking image 2 crop y1 151
1631088135549195754 : Checking image 2 crop x2 2187
1631088135549227654 : Checking image 2 crop y2 3363
1631088135549379356 : Checking image 1 dpi 300
1631088135549460857 : Checking image 1 border top 133
1631088135549493357 : Checking image 1 border bottom 151
1631088135549538858 : Checking image 1 border left 224
1631088135549565258 : Checking image 1 border right 224
1631088135552030186 : Checking image 2 dpi 300
1631088135552085187 : Checking image 2 border top 132
1631088135552134287 : Checking image 2 border bottom 143
1631088135552162188 : Checking image 2 border left 218
1631088135552189488 : Checking image 2 border right 218

</system-out><system-err>--------------------------------- Captured Err ---------------------------------

</system-err></testcase><testcase classname="tests.test_images" name="test_crop_too_few_png" time="19.257"><system-out>--------------------------------- Captured Log ---------------------------------

--------------------------------- Captured Out ---------------------------------
/home/runner/work/diptych/diptych/tests/crop_too_few.png
1631088148856011510 : Checking separation double page angle 89.49492328400886
1631088148856156611 : Checking separation double page y=0 2510
1631088149921492022 : Checking page rotation 1 -0.6499999999999977
1631088151066046765 : Checking page rotation 2 0.0
1631088153193607379 : Checking image 1 crop x1 263
1631088153193707067 : Checking image 1 crop y1 150
1631088153193744062 : Checking image 1 crop x2 2377
1631088153193794056 : Checking image 1 crop y2 3357
1631088154817775874 : Checking image 2 crop x1 139
1631088154817927975 : Checking image 2 crop y1 141
1631088154817984076 : Checking image 2 crop x2 2261
1631088154818019676 : Checking image 2 crop y2 3345
1631088154818208478 : Checking image 1 dpi 300
1631088154818276578 : Checking image 1 border top 129
1631088154818309379 : Checking image 1 border bottom 150
1631088154818339779 : Checking image 1 border left 173
1631088154818369079 : Checking image 1 border right 173
1631088154821610306 : Checking image 2 dpi 300
1631088154821683707 : Checking image 2 border top 130
1631088154821716407 : Checking image 2 border bottom 153
1631088154821746008 : Checking image 2 border left 169
1631088154821778108 : Checking image 2 border right 169

</system-out><system-err>--------------------------------- Captured Err ---------------------------------

</system-err></testcase><testcase classname="tests.test_images" name="test_wrong_angle_split_line_png" time="25.178"><system-out>--------------------------------- Captured Log ---------------------------------

--------------------------------- Captured Out ---------------------------------
/home/runner/work/diptych/diptych/tests/wrong_angle_split_line.png
1631088153279009000 : Checking separation double page angle 90.08791528895468
1631088153279113288 : Checking separation double page y=0 2478
1631088154576815848 : Checking page rotation 1 0.1
1631088155703689124 : Checking page rotation 2 0.1
1631088161526088257 : Checking image 1 crop x1 58
1631088161526203757 : Checking image 1 crop y1 6
1631088161526238956 : Checking image 1 crop x2 2476
1631088161526269156 : Checking image 1 crop y2 3501
1631088166448072554 : Checking image 2 crop x1 166
1631088166448197555 : Checking image 2 crop y1 218
1631088166448250955 : Checking image 2 crop x2 2244
1631088166448280655 : Checking image 2 crop y2 3349
1631088166448428756 : Checking image 1 dpi 300
1631088166448512157 : Checking image 1 border top 6
1631088166448576357 : Checking image 1 border bottom 6
1631088166448603558 : Checking image 1 border left 31
1631088166448629158 : Checking image 1 border right 31
1631088166456238213 : Checking image 2 dpi 300
1631088166456345714 : Checking image 2 border top 209
1631088166456393614 : Checking image 2 border bottom 147
1631088166456420014 : Checking image 2 border left 191
1631088166456445315 : Checking image 2 border right 191

</system-out><system-err>--------------------------------- Captured Err ---------------------------------

</system-err></testcase><testcase classname="tests.test_images" name="test_crop_too_much_2_png" time="26.867"><system-out>--------------------------------- Captured Log ---------------------------------

--------------------------------- Captured Out ---------------------------------
/home/runner/work/diptych/diptych/tests/crop_too_much_2.png
1631088170688541617 : Checking separation double page angle 90.15285326123045
1631088170688716318 : Checking separation double page y=0 2477
1631088172419410005 : Checking page rotation 1 0.15000000000000002
1631088174293253449 : Checking page rotation 2 0.2
1631088177440156902 : Checking image 1 crop x1 330
1631088177440272803 : Checking image 1 crop y1 132
1631088177440306703 : Checking image 1 crop x2 2342
1631088177440336503 : Checking image 1 crop y2 3335
1631088181669277494 : Checking image 2 crop x1 165
1631088181669373195 : Checking image 2 crop y1 139
1631088181669473896 : Checking image 2 crop x2 2178
1631088181669525396 : Checking image 2 crop y2 3345
1631088181669723697 : Checking image 1 dpi 300
1631088181669853198 : Checking image 1 border top 121
1631088181669926999 : Checking image 1 border bottom 163
1631088181669960099 : Checking image 1 border left 224
1631088181669994099 : Checking image 1 border right 224
1631088181672506218 : Checking image 2 dpi 300
1631088181672634119 : Checking image 2 border top 129
1631088181672681719 : Checking image 2 border bottom 152
1631088181672715519 : Checking image 2 border left 223
1631088181672748519 : Checking image 2 border right 223

</system-out><system-err>--------------------------------- Captured Err ---------------------------------

</system-err></testcase><testcase classname="tests.test_images" name="test_angle_page_lower_split_line_png" time="28.836"><system-out>--------------------------------- Captured Log ---------------------------------

--------------------------------- Captured Out ---------------------------------
/home/runner/work/diptych/diptych/tests/angle_page_lower_split_line.png
1631088186242761753 : Checking separation double page angle 89.74412725181848
1631088186242870553 : Checking separation double page y=0 2472
1631088188506117943 : Checking page rotation 1 -0.14999999999999067
1631088190613731347 : Checking page rotation 2 0.1
1631088192346566936 : Checking image 1 crop x1 241
1631088192346679437 : Checking image 1 crop y1 156
1631088192346718937 : Checking image 1 crop x2 2357
1631088192346769737 : Checking image 1 crop y2 3368
1631088195972273264 : Checking image 2 crop x1 151
1631088195972373365 : Checking image 2 crop y1 146
1631088195972426265 : Checking image 2 crop x2 2261
1631088195972458065 : Checking image 2 crop y2 3351
1631088195972614466 : Checking image 1 dpi 300
1631088195972677167 : Checking image 1 border top 140
1631088195972707367 : Checking image 1 border bottom 135
1631088195972736167 : Checking image 1 border left 172
1631088195972763067 : Checking image 1 border right 172
1631088195975601486 : Checking image 2 dpi 300
1631088195975652986 : Checking image 2 border top 131
1631088195975681286 : Checking image 2 border bottom 151
1631088195975707486 : Checking image 2 border left 175
1631088195975733186 : Checking image 2 border right 175

</system-out><system-err>--------------------------------- Captured Err ---------------------------------

</system-err></testcase><testcase classname="tests.test_images" name="test_wrong_split_line_2_png" time="35.573"><system-out>--------------------------------- Captured Log ---------------------------------

--------------------------------- Captured Out ---------------------------------
/home/runner/work/diptych/diptych/tests/wrong_split_line_2.png
1631088200209938633 : Checking separation double page angle 90.23635161124103
1631088200210057033 : Checking separation double page y=0 2437
1631088202542713816 : Checking page rotation 1 0.2
1631088204667700825 : Checking page rotation 2 0.2
1631088209814306257 : Checking image 1 crop x1 294
1631088209814421758 : Checking image 1 crop y1 136
1631088209814458258 : Checking image 1 crop x2 2325
1631088209814493458 : Checking image 1 crop y2 3376
1631088217268885969 : Checking image 2 crop x1 138
1631088217269045170 : Checking image 2 crop y1 190
1631088217269084770 : Checking image 2 crop x2 2174
1631088217269121170 : Checking image 2 crop y2 3389
1631088217269307272 : Checking image 1 dpi 300
1631088217269378172 : Checking image 1 border top 131
1631088217269414572 : Checking image 1 border bottom 116
1631088217269464572 : Checking image 1 border left 214
1631088217269496173 : Checking image 1 border right 214
1631088217272140488 : Checking image 2 dpi 300
1631088217272210089 : Checking image 2 border top 181
1631088217272245689 : Checking image 2 border bottom 107
1631088217272278989 : Checking image 2 border left 212
1631088217272312089 : Checking image 2 border right 212

</system-out><system-err>--------------------------------- Captured Err ---------------------------------

</system-err></testcase><testcase classname="tests.test_images" name="test_wrong_wave_split_line_png" time="33.163"><system-out>--------------------------------- Captured Log ---------------------------------

--------------------------------- Captured Out ---------------------------------
/home/runner/work/diptych/diptych/tests/wrong_wave_split_line.png
1631088213085757376 : Checking separation double page angle 90.42461655762611
1631088213085852577 : Checking separation double page y=0 2502
1631088215260398985 : Checking page rotation 1 -0.09999999999999377
1631088217255628791 : Checking page rotation 2 0.85
1631088222967362981 : Checking image 1 crop x1 384
1631088222967469781 : Checking image 1 crop y1 178
1631088222967504181 : Checking image 1 crop x2 2412
1631088222967534282 : Checking image 1 crop y2 3374
1631088229118021128 : Checking image 2 crop x1 7
1631088229118160628 : Checking image 2 crop y1 0
1631088229118203929 : Checking image 2 crop x2 2411
1631088229118264029 : Checking image 2 crop y2 3505
1631088229118495231 : Checking image 1 dpi 300
1631088229118590331 : Checking image 1 border top 173
1631088229118626731 : Checking image 1 border bottom 118
1631088229118680732 : Checking image 1 border left 216
1631088229118713332 : Checking image 1 border right 216
1631088229121535649 : Checking image 2 dpi 300
1631088229121596450 : Checking image 2 border top 1
1631088229121629950 : Checking image 2 border bottom 1
1631088229121661850 : Checking image 2 border left 38
1631088229121692950 : Checking image 2 border right 38

</system-out><system-err>--------------------------------- Captured Err ---------------------------------

</system-err></testcase><testcase classname="tests.test_images" name="test_small_wave_png" time="22.531"><system-out>--------------------------------- Captured Log ---------------------------------

--------------------------------- Captured Out ---------------------------------
/home/runner/work/diptych/diptych/tests/small_wave.png
1631088233202423596 : Checking separation double page angle 90.56494929955075
1631088233202531897 : Checking separation double page y=0 2495
1631088234716036142 : Checking page rotation 1 0.7
1631088236036890085 : Checking page rotation 2 0.65
1631088237588376767 : Checking image 1 crop x1 322
1631088237588477168 : Checking image 1 crop y1 199
1631088237588512968 : Checking image 1 crop x2 2351
1631088237588561768 : Checking image 1 crop y2 3394
1631088239803756392 : Checking image 2 crop x1 130
1631088239803876693 : Checking image 2 crop y1 222
1631088239803917293 : Checking image 2 crop x2 2163
1631088239803951693 : Checking image 2 crop y2 3420
1631088239804123094 : Checking image 1 dpi 300
1631088239804210195 : Checking image 1 border top 181
1631088239804246595 : Checking image 1 border bottom 111
1631088239804297195 : Checking image 1 border left 215
1631088239804346896 : Checking image 1 border right 215
1631088239807322014 : Checking image 2 dpi 300
1631088239807419915 : Checking image 2 border top 197
1631088239807451815 : Checking image 2 border bottom 92
1631088239807499215 : Checking image 2 border left 213
1631088239807563616 : Checking image 2 border right 213

</system-out><system-err>--------------------------------- Captured Err ---------------------------------

</system-err></testcase><testcase classname="tests.test_images" name="test_no_split_line_line_algo_png" time="22.040"><system-out>--------------------------------- Captured Log ---------------------------------

--------------------------------- Captured Out ---------------------------------
/home/runner/work/diptych/diptych/tests/no_split_line_line_algo.png
1631088241975512619 : Checking separation double page angle 89.47691469185418
1631088241975617220 : Checking separation double page y=0 2476
1631088243158503874 : Checking page rotation 1 -0.14999999999999067
1631088244985589889 : Checking page rotation 2 -0.14999999999999067
1631088246851725549 : Checking image 1 crop x1 205
1631088246851819850 : Checking image 1 crop y1 158
1631088246851852250 : Checking image 1 crop x2 2320
1631088246851881650 : Checking image 1 crop y2 3366
1631088251181698057 : Checking image 2 crop x1 185
1631088251181807958 : Checking image 2 crop y1 225
1631088251181840058 : Checking image 2 crop x2 2204
1631088251181867958 : Checking image 2 crop y2 3362
1631088251182024059 : Checking image 1 dpi 300
1631088251182105160 : Checking image 1 border top 144
1631088251182134860 : Checking image 1 border bottom 134
1631088251182163260 : Checking image 1 border left 172
1631088251182189960 : Checking image 1 border right 172
1631088251186149885 : Checking image 2 dpi 300
1631088251186280486 : Checking image 2 border top 223
1631088251186310886 : Checking image 2 border bottom 127
1631088251186338386 : Checking image 2 border left 220
1631088251186365586 : Checking image 2 border right 220

</system-out><system-err>--------------------------------- Captured Err ---------------------------------

</system-err></testcase><testcase classname="tests.test_images" name="test_wrong_split_line_3_png" time="25.681"><system-out>--------------------------------- Captured Log ---------------------------------

--------------------------------- Captured Out ---------------------------------
/home/runner/work/diptych/diptych/tests/wrong_split_line_3.png
1631088254497096703 : Checking separation double page angle 90.40515247895009
1631088254497196003 : Checking separation double page y=0 2495
1631088256306552270 : Checking page rotation 1 0.2
1631088257750913078 : Checking page rotation 2 0.85
1631088259895067382 : Checking image 1 crop x1 331
1631088259895159683 : Checking image 1 crop y1 166
1631088259895189383 : Checking image 1 crop x2 2377
1631088259895220383 : Checking image 1 crop y2 3375
1631088265505028968 : Checking image 2 crop x1 103
1631088265505129068 : Checking image 2 crop y1 207
1631088265505161268 : Checking image 2 crop x2 2136
1631088265505190169 : Checking image 2 crop y2 3414
1631088265505358270 : Checking image 1 dpi 300
1631088265505426670 : Checking image 1 border top 158
1631088265505476570 : Checking image 1 border bottom 120
1631088265505504771 : Checking image 1 border left 207
1631088265505530871 : Checking image 1 border right 207
1631088265509225394 : Checking image 2 dpi 300
1631088265509317695 : Checking image 2 border top 199
1631088265509352895 : Checking image 2 border bottom 81
1631088265509383595 : Checking image 2 border left 213
1631088265509413295 : Checking image 2 border right 213

</system-out><system-err>--------------------------------- Captured Err ---------------------------------

</system-err></testcase><testcase classname="tests.test_images" name="test_failed_split_line_line_algo_png" time="16.351"><system-out>--------------------------------- Captured Log ---------------------------------

--------------------------------- Captured Out ---------------------------------
/home/runner/work/diptych/diptych/tests/failed_split_line_line_algo.png
1631088261806559510 : Checking separation double page angle 90.0093502548779
1631088261806664411 : Checking separation double page y=0 2574
1631088262672031001 : Checking page rotation 1 0.0
1631088263272656512 : Checking page rotation 2 0.0
1631088265731727503 : Checking image 1 crop x1 411
1631088265732050105 : Checking image 1 crop y1 2927
1631088265732097006 : Checking image 1 crop x2 2422
1631088265732135706 : Checking image 1 crop y2 3172
1631088267571069451 : Checking image 2 crop x1 1191
1631088267571161652 : Checking image 2 crop y1 1745
1631088267571211752 : Checking image 2 crop x2 1192
1631088267571241852 : Checking image 2 crop y2 1746
1631088267571390953 : Checking image 1 dpi 300
1631088267571461554 : Checking image 1 border top 2920
1631088267571511454 : Checking image 1 border bottom 322
1631088267571542654 : Checking image 1 border left 224
1631088267571571055 : Checking image 1 border right 224
1631088267573331466 : Checking image 2 dpi 300
1631088267573376966 : Checking image 2 border top 1752
1631088267573424566 : Checking image 2 border bottom 1753
1631088267573450466 : Checking image 2 border left 1239
1631088267573475867 : Checking image 2 border right 1239

</system-out><system-err>--------------------------------- Captured Err ---------------------------------

</system-err></testcase><testcase classname="tests.test_images" name="test_crop_too_much_3_png" time="21.265"><system-out>--------------------------------- Captured Log ---------------------------------

--------------------------------- Captured Out ---------------------------------
/home/runner/work/diptych/diptych/tests/crop_too_much_3.png
1631088278110144885 : Checking separation double page angle 89.5934556679346
1631088278110253185 : Checking separation double page y=0 2499
1631088279301048625 : Checking page rotation 1 -0.8999999999999949
1631088281189957584 : Checking page rotation 2 -0.04999999999999689
1631088284250619160 : Checking image 1 crop x1 374
1631088284250765761 : Checking image 1 crop y1 258
1631088284250841261 : Checking image 1 crop x2 2385
1631088284250896361 : Checking image 1 crop y2 3459
1631088286760485049 : Checking image 2 crop x1 164
1631088286760585349 : Checking image 2 crop y1 229
1631088286760621950 : Checking image 2 crop x2 2183
1631088286760656350 : Checking image 2 crop y2 3416
1631088286760802451 : Checking image 1 dpi 300
1631088286760870651 : Checking image 1 border top 239
1631088286760904651 : Checking image 1 border bottom 46
1631088286760934852 : Checking image 1 border left 224
1631088286760963952 : Checking image 1 border right 224
1631088286763410367 : Checking image 2 dpi 300
1631088286763477868 : Checking image 2 border top 210
1631088286763510968 : Checking image 2 border bottom 90
1631088286763542068 : Checking image 2 border left 220
1631088286763575268 : Checking image 2 border right 220

</system-out><system-err>--------------------------------- Captured Err ---------------------------------

</system-err></testcase><testcase classname="tests.test_images" name="test_failed_split_line_line_algo_2_png" time="23.158"><system-out>--------------------------------- Captured Log ---------------------------------

--------------------------------- Captured Out ---------------------------------
/home/runner/work/diptych/diptych/tests/failed_split_line_line_algo_2.png
1631088282116272448 : Checking separation double page angle 90.03732329462368
1631088282116373048 : Checking separation double page y=0 2499
1631088283767469901 : Checking page rotation 1 -0.09999999999999377
1631088285319697728 : Checking page rotation 2 0.5499999999999999
1631088288127152701 : Checking image 1 crop x1 273
1631088288127276301 : Checking image 1 crop y1 147
1631088288127311202 : Checking image 1 crop x2 2386
1631088288127342602 : Checking image 1 crop y2 3352
1631088290693814950 : Checking image 2 crop x1 122
1631088290693912950 : Checking image 2 crop y1 155
1631088290693945050 : Checking image 2 crop x2 2246
1631088290693994451 : Checking image 2 crop y2 3350
1631088290694164852 : Checking image 1 dpi 300
1631088290694229852 : Checking image 1 border top 137
1631088290694260952 : Checking image 1 border bottom 145
1631088290694288553 : Checking image 1 border left 173
1631088290694315553 : Checking image 1 border right 173
1631088290696831369 : Checking image 2 dpi 300
1631088290696880869 : Checking image 2 border top 133
1631088290696907069 : Checking image 2 border bottom 159
1631088290696931169 : Checking image 2 border left 168
1631088290696993570 : Checking image 2 border right 168

</system-out><system-err>--------------------------------- Captured Err ---------------------------------

</system-err></testcase><testcase classname="tests.test_images" name="test_wrong_wave_split_line_2_png" time="27.920"><system-out>--------------------------------- Captured Log ---------------------------------

--------------------------------- Captured Out ---------------------------------
/home/runner/work/diptych/diptych/tests/wrong_wave_split_line_2.png
1631088305106136691 : Checking separation double page angle 90.7708958311329
1631088305106251191 : Checking separation double page y=0 2490
1631088306931694545 : Checking page rotation 1 0.2
1631088308763776141 : Checking page rotation 2 1.65
1631088310539410479 : Checking image 1 crop x1 227
1631088310539533380 : Checking image 1 crop y1 147
1631088310539569080 : Checking image 1 crop x2 2342
1631088310539603781 : Checking image 1 crop y2 3353
1631088314680739291 : Checking image 2 crop x1 106
1631088314680844592 : Checking image 2 crop y1 195
1631088314680899792 : Checking image 2 crop x2 2231
1631088314680933292 : Checking image 2 crop y2 3398
1631088314681089793 : Checking image 1 dpi 300
1631088314681160094 : Checking image 1 border top 136
1631088314681196094 : Checking image 1 border bottom 145
1631088314681226994 : Checking image 1 border left 172
1631088314681256294 : Checking image 1 border right 172
1631088314683999012 : Checking image 2 dpi 300
1631088314684059012 : Checking image 2 border top 166
1631088314684094612 : Checking image 2 border bottom 117
1631088314684125812 : Checking image 2 border left 167
1631088314684156613 : Checking image 2 border right 167

</system-out><system-err>--------------------------------- Captured Err ---------------------------------

</system-err></testcase><testcase classname="tests.test_images" name="test_wrong_wave_split_line_3_png" time="25.221"><system-out>--------------------------------- Captured Log ---------------------------------

--------------------------------- Captured Out ---------------------------------
/home/runner/work/diptych/diptych/tests/wrong_wave_split_line_3.png
1631088308408359591 : Checking separation double page angle 90.12715931778824
1631088308408492592 : Checking separation double page y=0 2514
1631088310269486271 : Checking page rotation 1 0.05
1631088311706342165 : Checking page rotation 2 0.2
1631088313906235389 : Checking image 1 crop x1 273
1631088313906363990 : Checking image 1 crop y1 220
1631088313906439990 : Checking image 1 crop x2 2383
1631088313906477291 : Checking image 1 crop y2 3423
1631088315916633513 : Checking image 2 crop x1 116
1631088315916756914 : Checking image 2 crop y1 225
1631088315916816714 : Checking image 2 crop x2 2242
1631088315916857115 : Checking image 2 crop y2 3415
1631088315917132716 : Checking image 1 dpi 300
1631088315917210417 : Checking image 1 border top 202
1631088315917246517 : Checking image 1 border bottom 82
1631088315917280817 : Checking image 1 border left 175
1631088315917312917 : Checking image 1 border right 175
1631088315919894034 : Checking image 2 dpi 300
1631088315919953834 : Checking image 2 border top 204
1631088315919986334 : Checking image 2 border bottom 93
1631088315920016335 : Checking image 2 border left 167
1631088315920045535 : Checking image 2 border right 167

</system-out><system-err>--------------------------------- Captured Err ---------------------------------

</system-err></testcase><testcase classname="tests.test_images" name="test_no_split_line_wave_algo_png" time="35.479"><system-out>--------------------------------- Captured Log ---------------------------------

--------------------------------- Captured Out ---------------------------------
/home/runner/work/diptych/diptych/tests/no_split_line_wave_algo.png
1631088329096228232 : Checking separation double page angle 89.79018091440821
1631088329096350833 : Checking separation double page y=0 2483
1631088332165899865 : Checking page rotation 1 0.0
1631088333653556882 : Checking page rotation 2 -0.44999999999999746
1631088343603228671 : Checking image 1 crop x1 97
1631088343603315971 : Checking image 1 crop y1 74
1631088343603366972 : Checking image 1 crop x2 2489
1631088343603399372 : Checking image 1 crop y2 3505
1631088350107838056 : Checking image 2 crop x1 164
1631088350108088958 : Checking image 2 crop y1 267
1631088350108136458 : Checking image 2 crop x2 2239
1631088350108175859 : Checking image 2 crop y2 3380
1631088350108369260 : Checking image 1 dpi 300
1631088350108460460 : Checking image 1 border top 38
1631088350108501861 : Checking image 1 border bottom 38
1631088350108538761 : Checking image 1 border left 44
1631088350108574861 : Checking image 1 border right 44
1631088350112036283 : Checking image 2 dpi 300
1631088350112122884 : Checking image 2 border top 257
1631088350112158584 : Checking image 2 border bottom 117
1631088350112189884 : Checking image 2 border left 192
1631088350112220484 : Checking image 2 border right 192

</system-out><system-err>--------------------------------- Captured Err ---------------------------------

</system-err></testcase><testcase classname="tests.test_images" name="test_no_split_line_wave_algo_2_png" time="21.788"><system-out>--------------------------------- Captured Log ---------------------------------

--------------------------------- Captured Out ---------------------------------
/home/runner/work/diptych/diptych/tests/no_split_line_wave_algo_2.png
1631088330654142194 : Checking separation double page angle 90.43362571535843
1631088330654235595 : Checking separation double page y=0 2473
1631088331958601352 : Checking page rotation 1 1.05
1631088333325596306 : Checking page rotation 2 0.15000000000000002
1631088335671342156 : Checking image 1 crop x1 267
1631088335671447856 : Checking image 1 crop y1 210
1631088335671483356 : Checking image 1 crop x2 2343
1631088335671514757 : Checking image 1 crop y2 3412
1631088337708481852 : Checking image 2 crop x1 165
1631088337708608653 : Checking image 2 crop y1 241
1631088337708644853 : Checking image 2 crop x2 2250
1631088337708678153 : Checking image 2 crop y2 3433
1631088337708854354 : Checking image 1 dpi 300
1631088337708923055 : Checking image 1 border top 192
1631088337708972955 : Checking image 1 border bottom 93
1631088337709003455 : Checking image 1 border left 192
1631088337709031855 : Checking image 1 border right 192
1631088337712738479 : Checking image 2 dpi 300
1631088337712826179 : Checking image 2 border top 224
1631088337712857980 : Checking image 2 border bottom 71
1631088337712886280 : Checking image 2 border left 187
1631088337712913580 : Checking image 2 border right 187

</system-out><system-err>--------------------------------- Captured Err ---------------------------------

</system-err></testcase><testcase classname="tests.test_images" name="test_failed_detect_rectangle_png" time="22.856"><system-out>--------------------------------- Captured Log ---------------------------------

--------------------------------- Captured Out ---------------------------------
/home/runner/work/diptych/diptych/tests/failed_detect_rectangle.png
1631088353731790004 : Checking separation double page angle 90.242273842964
1631088353731930405 : Checking separation double page y=0 2475
1631088355640389793 : Checking page rotation 1 0.2
1631088357831026067 : Checking page rotation 2 0.2
1631088359160506987 : Checking image 1 crop x1 257
1631088359160635288 : Checking image 1 crop y1 201
1631088359160671889 : Checking image 1 crop x2 2333
1631088359160703189 : Checking image 1 crop y2 3402
1631088360575306948 : Checking image 2 crop x1 137
1631088360575409149 : Checking image 2 crop y1 215
1631088360575445949 : Checking image 2 crop x2 2220
1631088360575477949 : Checking image 2 crop y2 3406
1631088360575637250 : Checking image 1 dpi 300
1631088360575706551 : Checking image 1 border top 188
1631088360575758251 : Checking image 1 border bottom 98
1631088360575790051 : Checking image 1 border left 192
1631088360575819851 : Checking image 1 border right 192
1631088360578570569 : Checking image 2 dpi 300
1631088360578624969 : Checking image 2 border top 201
1631088360578655569 : Checking image 2 border bottom 95
1631088360578683470 : Checking image 2 border left 188
1631088360578711070 : Checking image 2 border right 188

</system-out><system-err>--------------------------------- Captured Err ---------------------------------

</system-err></testcase><testcase classname="tests.test_images" name="test_crop_too_few_2_png" time="22.278"><system-out>--------------------------------- Captured Log ---------------------------------

--------------------------------- Captured Out ---------------------------------
/home/runner/work/diptych/diptych/tests/crop_too_few_2.png
1631088363788872104 : Checking separation double page angle 90.35461351371423
1631088363788968905 : Checking separation double page y=0 2533
1631088365413815898 : Checking page rotation 1 1.0999999999999999
1631088367002301060 : Checking page rotation 2 0.0
1631088369779392757 : Checking image 1 crop x1 289
1631088369779491758 : Checking image 1 crop y1 165
1631088369779525358 : Checking image 1 crop x2 2400
1631088369779556558 : Checking image 1 crop y2 3367
1631088372474932249 : Checking image 2 crop x1 152
1631088372475045350 : Checking image 2 crop y1 190
1631088372475079650 : Checking image 2 crop x2 2273
1631088372475110450 : Checking image 2 crop y2 3385
1631088372475261651 : Checking image 1 dpi 300
1631088372475327552 : Checking image 1 border top 157
1631088372475359452 : Checking image 1 border bottom 128
1631088372475387252 : Checking image 1 border left 174
1631088372475415852 : Checking image 1 border right 174
1631088372477882968 : Checking image 2 dpi 300
1631088372477950268 : Checking image 2 border top 175
1631088372477995768 : Checking image 2 border bottom 116
1631088372478022669 : Checking image 2 border left 169
1631088372478048969 : Checking image 2 border right 169

</system-out><system-err>--------------------------------- Captured Err ---------------------------------

</system-err></testcase><testcase classname="tests.test_images" name="test_single_page_png" time="6.230"><system-out>--------------------------------- Captured Log ---------------------------------

--------------------------------- Captured Out ---------------------------------
/home/runner/work/diptych/diptych/tests/single_page.png
1631088363960267590 : Checking separation double page angle 89.93006318861008
1631088363960398491 : Checking separation double page y=0 2472
1631088364770795225 : Checking page rotation 1 0.0
1631088364879035710 : Checking page rotation 2 0.0
1631088366360757796 : Checking image 1 crop x1 1
1631088366360860497 : Checking image 1 crop y1 8
1631088366360901397 : Checking image 1 crop x2 2470
1631088366360936897 : Checking image 1 crop y2 3505
1631088366488379905 : Checking image 2 crop x1 0
1631088366488447505 : Checking image 2 crop y1 0
1631088366488471805 : Checking image 2 crop x2 0
1631088366488494405 : Checking image 2 crop y2 0
1631088366488545906 : Checking image 1 dpi 300
1631088366488597606 : Checking image 1 border top 5
1631088366488628006 : Checking image 1 border bottom 5
1631088366488652706 : Checking image 1 border left 6
1631088366488677207 : Checking image 1 border right 6
1631088366499334974 : Checking image 2 border top 0
1631088366499409875 : Checking image 2 border bottom 0
1631088366499435775 : Checking image 2 border left 0
1631088366499460575 : Checking image 2 border right 0

</system-out><system-err>--------------------------------- Captured Err ---------------------------------

</system-err></testcase><testcase classname="tests.test_images" name="test_wrong_split_line_4_png" time="12.167"><system-out>--------------------------------- Captured Log ---------------------------------

--------------------------------- Captured Out ---------------------------------
/home/runner/work/diptych/diptych/tests/wrong_split_line_4.png
1631088375017377070 : Checking separation double page angle 90.92587744884125
1631088375017508871 : Checking separation double page y=0 58
1631088375116651400 : Checking page rotation 1 0.5499999999999999
1631088376222242110 : Checking page rotation 2 1.0999999999999999
1631088376931593508 : Checking image 1 crop x1 0
1631088376931688208 : Checking image 1 crop y1 0
1631088376931723509 : Checking image 1 crop x2 0
1631088376931756209 : Checking image 1 crop y2 0
1631088379026891923 : Checking image 2 crop x1 290
1631088379027038524 : Checking image 2 crop y1 330
1631088379027074725 : Checking image 2 crop x2 2314
1631088379027128125 : Checking image 2 crop y2 3217
1631088379027287926 : Checking image 1 border top 0
1631088379027327226 : Checking image 1 border bottom 0
1631088379027372327 : Checking image 1 border left 0
1631088379027416827 : Checking image 1 border right 0
1631088379027461927 : Checking image 2 dpi 300
1631088379027521627 : Checking image 2 border top 322
1631088379027553228 : Checking image 2 border bottom 278
1631088379027581028 : Checking image 2 border left 218
1631088379027608128 : Checking image 2 border right 218

</system-out><system-err>--------------------------------- Captured Err ---------------------------------

</system-err></testcase><testcase classname="tests.test_images" name="test_no_split_line_wave_algo_3_png" time="11.209"><system-out>--------------------------------- Captured Log ---------------------------------

--------------------------------- Captured Out ---------------------------------
/home/runner/work/diptych/diptych/tests/no_split_line_wave_algo_3.png
1631088380137984785 : Checking separation double page angle 90.18184445198425
1631088380138087385 : Checking separation double page y=0 2405
1631088380992725117 : Checking page rotation 1 0.0
1631088381168075831 : Checking page rotation 2 0.0
1631088383155339160 : Checking image 1 crop x1 184
1631088383155420661 : Checking image 1 crop y1 2957
1631088383155453261 : Checking image 1 crop x2 2201
1631088383155479961 : Checking image 1 crop y2 3202
1631088383651074011 : Checking image 2 crop x1 0
1631088383651190911 : Checking image 2 crop y1 0
1631088383651242512 : Checking image 2 crop x2 0
1631088383651274712 : Checking image 2 crop y2 0
1631088383651346212 : Checking image 1 dpi 300
1631088383651435713 : Checking image 1 border top 2950
1631088383651475713 : Checking image 1 border bottom 292
1631088383651510013 : Checking image 1 border left 221
1631088383651542414 : Checking image 1 border right 221
1631088383660350670 : Checking image 2 border top 0
1631088383660424970 : Checking image 2 border bottom 0
1631088383660477270 : Checking image 2 border left 0
1631088383660528471 : Checking image 2 border right 0

</system-out><system-err>--------------------------------- Captured Err ---------------------------------

</system-err></testcase><testcase classname="tests.test_images" name="test_failed_split_line_line_algo_3_png" time="12.868"><system-out>--------------------------------- Captured Log ---------------------------------

--------------------------------- Captured Out ---------------------------------
/home/runner/work/diptych/diptych/tests/failed_split_line_line_algo_3.png
1631088386916867590 : Checking separation double page angle 90.02403976140027
1631088386916972691 : Checking separation double page y=0 39
1631088386983301620 : Checking page rotation 1 0.0
1631088387733937176 : Checking page rotation 2 0.0
1631088388053913546 : Checking image 1 crop x1 0
1631088388054060647 : Checking image 1 crop y1 0
1631088388054094347 : Checking image 1 crop x2 0
1631088388054124347 : Checking image 1 crop y2 0
1631088391913584315 : Checking image 2 crop x1 249
1631088391913676915 : Checking image 2 crop y1 154
1631088391913709216 : Checking image 2 crop x2 2264
1631088391913757716 : Checking image 2 crop y2 3361
1631088391913937417 : Checking image 1 border top 0
1631088391913975417 : Checking image 1 border bottom 0
1631088391914006118 : Checking image 1 border left 0
1631088391914035018 : Checking image 1 border right 0
1631088391914100818 : Checking image 2 dpi 300
1631088391914163319 : Checking image 2 border top 146
1631088391914194919 : Checking image 2 border bottom 134
1631088391914223119 : Checking image 2 border left 222
1631088391914250119 : Checking image 2 border right 222

</system-out><system-err>--------------------------------- Captured Err ---------------------------------

</system-err></testcase></testsuite></testsuites>