<?xml version="1.0" encoding="utf-8"?><testsuites><testsuite errors="0" failures="0" hostname="fv-az213-829" name="pytest" skipped="0" tests="36" time="396.616" timestamp="2021-05-12T13:15:48.142461"><testcase classname="tests.test_features" name="test_disabled_enable_debug" time="22.921"><system-out>--------------------------------- Captured Log ---------------------------------

--------------------------------- Captured Out ---------------------------------
/home/runner/work/diptych/diptych/tests/0001_debug.png
separation double page angle 90.55756528497216
separation double page y=0 2484
page rotation 1 0.65
page rotation 2 0.2
image 1 crop x1 329
image 1 crop y1 335
image 1 crop x2 2344
image 1 crop y2 3222
image 2 crop x1 171
image 2 crop y1 648
image 2 crop x2 2188
image 2 crop y2 3361
image 1 dpi 300
image 1 border top 327
image 1 border bottom 273
image 1 border left 222
image 1 border right 222
image 2 dpi 300
image 2 border top 643
image 2 border bottom 131
image 2 border left 221
image 2 border right 221

</system-out><system-err>--------------------------------- Captured Err ---------------------------------

</system-err></testcase><testcase classname="tests.test_features" name="test_mock_stop_at_0" time="0.041"><system-out>--------------------------------- Captured Log ---------------------------------

--------------------------------- Captured Out ---------------------------------
/home/runner/work/diptych/diptych/tests/0001_0.png

</system-out><system-err>--------------------------------- Captured Err ---------------------------------

</system-err></testcase><testcase classname="tests.test_features" name="test_mock_stop_at_2" time="16.939"><system-out>--------------------------------- Captured Log ---------------------------------

--------------------------------- Captured Out ---------------------------------
/home/runner/work/diptych/diptych/tests/0001_2.png
separation double page angle 90.55756528497216
separation double page y=0 2484
page rotation 1 0.65
page rotation 2 0.2

</system-out><system-err>--------------------------------- Captured Err ---------------------------------

</system-err></testcase><testcase classname="tests.test_features" name="test_mock_stop_at_4" time="21.933"><system-out>--------------------------------- Captured Log ---------------------------------

--------------------------------- Captured Out ---------------------------------
/home/runner/work/diptych/diptych/tests/0001_4.png
separation double page angle 90.55756528497216
separation double page y=0 2484
page rotation 1 0.65
page rotation 2 0.2
image 1 crop x1 329
image 1 crop y1 335
image 1 crop x2 2344
image 1 crop y2 3222
image 2 crop x1 171
image 2 crop y1 648
image 2 crop x2 2188
image 2 crop y2 3361
image 1 dpi 300
image 1 border top 326
image 1 border bottom 274
image 1 border left 222
image 1 border right 222
image 2 dpi 300
image 2 border top 643
image 2 border bottom 131
image 2 border left 221
image 2 border right 221

</system-out><system-err>--------------------------------- Captured Err ---------------------------------

</system-err></testcase><testcase classname="tests.test_features" name="test_mock_stop_at_1" time="13.413"><system-out>--------------------------------- Captured Log ---------------------------------

--------------------------------- Captured Out ---------------------------------
/home/runner/work/diptych/diptych/tests/0001_1.png
separation double page angle 90.55756528497216
separation double page y=0 2484

</system-out><system-err>--------------------------------- Captured Err ---------------------------------

</system-err></testcase><testcase classname="tests.test_features" name="test_mock_stop_at_3" time="22.257"><system-out>--------------------------------- Captured Log ---------------------------------

--------------------------------- Captured Out ---------------------------------
/home/runner/work/diptych/diptych/tests/0001_3.png
separation double page angle 90.55756528497216
separation double page y=0 2484
page rotation 1 0.65
page rotation 2 0.2
image 1 crop x1 329
image 1 crop y1 335
image 1 crop x2 2344
image 1 crop y2 3222
image 2 crop x1 171
image 2 crop y1 648
image 2 crop x2 2188
image 2 crop y2 3361

</system-out><system-err>--------------------------------- Captured Err ---------------------------------

</system-err></testcase><testcase classname="tests.test_images" name="test_0001_png" time="20.275"><system-out>--------------------------------- Captured Log ---------------------------------

--------------------------------- Captured Out ---------------------------------
/home/runner/work/diptych/diptych/tests/0001.png
1620825400207155938 : Checking separation double page angle 90.55756528497216
1620825400207296538 : Checking separation double page y=0 2484
1620825401298634677 : Checking page rotation 1 0.65
1620825402710924703 : Checking page rotation 2 0.2
1620825405743904778 : Checking image 1 crop x1 329
1620825405744022778 : Checking image 1 crop y1 335
1620825405744065478 : Checking image 1 crop x2 2344
1620825405744104778 : Checking image 1 crop y2 3222
1620825408434607991 : Checking image 2 crop x1 171
1620825408434715891 : Checking image 2 crop y1 648
1620825408434755391 : Checking image 2 crop x2 2188
1620825408434790191 : Checking image 2 crop y2 3361
1620825408434938791 : Checking image 1 dpi 300
1620825408435006091 : Checking image 1 border top 326
1620825408435039991 : Checking image 1 border bottom 274
1620825408435070491 : Checking image 1 border left 222
1620825408435100091 : Checking image 1 border right 222
1620825408437574093 : Checking image 2 dpi 300
1620825408437631393 : Checking image 2 border top 643
1620825408437662593 : Checking image 2 border bottom 131
1620825408437691893 : Checking image 2 border left 221
1620825408437720893 : Checking image 2 border right 221

</system-out><system-err>--------------------------------- Captured Err ---------------------------------

</system-err></testcase><testcase classname="tests.test_features" name="test_mock_stop_at_5" time="22.207"><system-out>--------------------------------- Captured Log ---------------------------------

--------------------------------- Captured Out ---------------------------------
/home/runner/work/diptych/diptych/tests/0001_5.png
separation double page angle 90.55756528497216
separation double page y=0 2484
page rotation 1 0.65
page rotation 2 0.2
image 1 crop x1 329
image 1 crop y1 335
image 1 crop x2 2344
image 1 crop y2 3222
image 2 crop x1 171
image 2 crop y1 648
image 2 crop x2 2188
image 2 crop y2 3361
image 1 dpi 300
image 1 border top 326
image 1 border bottom 274
image 1 border left 222
image 1 border right 222
image 2 dpi 300
image 2 border top 643
image 2 border bottom 131
image 2 border left 221
image 2 border right 221

</system-out><system-err>--------------------------------- Captured Err ---------------------------------

</system-err></testcase><testcase classname="tests.test_images" name="test_black_border_not_removed_png" time="21.492"><system-out>--------------------------------- Captured Log ---------------------------------

--------------------------------- Captured Out ---------------------------------
/home/runner/work/diptych/diptych/tests/black-border-not-removed.png
1620825419589729438 : Checking separation double page angle 90.01516396500199
1620825419589837339 : Checking separation double page y=0 2455
1620825420562107674 : Checking page rotation 1 0.0
1620825422020134177 : Checking page rotation 2 0.1
1620825424785650147 : Checking image 1 crop x1 297
1620825424785763847 : Checking image 1 crop y1 143
1620825424785804147 : Checking image 1 crop x2 2309
1620825424785841347 : Checking image 1 crop y2 3346
1620825429924399082 : Checking image 2 crop x1 154
1620825429924533083 : Checking image 2 crop y1 144
1620825429924590683 : Checking image 2 crop x2 2168
1620825429924633083 : Checking image 2 crop y2 3351
1620825429924935283 : Checking image 1 dpi 300
1620825429925035183 : Checking image 1 border top 131
1620825429925074083 : Checking image 1 border bottom 153
1620825429925108683 : Checking image 1 border left 224
1620825429925142783 : Checking image 1 border right 224
1620825429927668785 : Checking image 2 dpi 300
1620825429927738385 : Checking image 2 border top 133
1620825429927774985 : Checking image 2 border bottom 147
1620825429927808685 : Checking image 2 border left 223
1620825429927842185 : Checking image 2 border right 223

</system-out><system-err>--------------------------------- Captured Err ---------------------------------

</system-err></testcase><testcase classname="tests.test_images" name="test_image_failed_to_rotate_png" time="26.828"><system-out>--------------------------------- Captured Log ---------------------------------

--------------------------------- Captured Out ---------------------------------
/home/runner/work/diptych/diptych/tests/image_failed_to_rotate.png
1620825443882459437 : Checking separation double page angle 90.35651650869968
1620825443882580437 : Checking separation double page y=0 2483
1620825445736088920 : Checking page rotation 1 0.45
1620825447020199850 : Checking page rotation 2 0.2
1620825452809896888 : Checking image 1 crop x1 31
1620825452810026688 : Checking image 1 crop y1 1
1620825452810070888 : Checking image 1 crop x2 2481
1620825452810112188 : Checking image 1 crop y2 3504
1620825456654554274 : Checking image 2 crop x1 171
1620825456654682274 : Checking image 2 crop y1 231
1620825456654725174 : Checking image 2 crop x2 2259
1620825456654779674 : Checking image 2 crop y2 3358
1620825456654950075 : Checking image 1 dpi 300
1620825456655029875 : Checking image 1 border top 2
1620825456655076075 : Checking image 1 border bottom 2
1620825456655112275 : Checking image 1 border left 15
1620825456655150075 : Checking image 1 border right 15
1620825456657605576 : Checking image 2 dpi 300
1620825456657685076 : Checking image 2 border top 217
1620825456657723076 : Checking image 2 border bottom 143
1620825456657757976 : Checking image 2 border left 186
1620825456657792676 : Checking image 2 border right 186

</system-out><system-err>--------------------------------- Captured Err ---------------------------------

</system-err></testcase><testcase classname="tests.test_images" name="test_2_pages_2_contours_png" time="14.460"><system-out>--------------------------------- Captured Log ---------------------------------

--------------------------------- Captured Out ---------------------------------
/home/runner/work/diptych/diptych/tests/2-pages-2-contours.png
1620825439653842637 : Checking separation double page angle 90.14230271514262
1620825439653968337 : Checking separation double page y=0 2488
1620825440204403488 : Checking page rotation 1 0.0
1620825441207532829 : Checking page rotation 2 0.2
1620825442055590970 : Checking image 1 crop x1 1189
1620825442055683170 : Checking image 1 crop y1 1751
1620825442055716470 : Checking image 1 crop x2 1190
1620825442055746370 : Checking image 1 crop y2 1752
1620825444505271034 : Checking image 2 crop x1 100
1620825444505377534 : Checking image 2 crop y1 240
1620825444505415134 : Checking image 2 crop x2 2148
1620825444505448834 : Checking image 2 crop y2 3240
1620825444505595034 : Checking image 1 dpi 300
1620825444505653934 : Checking image 1 border top 1752
1620825444505685234 : Checking image 1 border bottom 1753
1620825444505716034 : Checking image 1 border left 1239
1620825444505746534 : Checking image 1 border right 1239
1620825444507393535 : Checking image 2 dpi 300
1620825444507454236 : Checking image 2 border top 230
1620825444507485736 : Checking image 2 border bottom 256
1620825444507514336 : Checking image 2 border left 206
1620825444507542836 : Checking image 2 border right 206

</system-out><system-err>--------------------------------- Captured Err ---------------------------------

</system-err></testcase><testcase classname="tests.test_images" name="test_wrong_split_line_png" time="18.242"><system-out>--------------------------------- Captured Log ---------------------------------

--------------------------------- Captured Out ---------------------------------
/home/runner/work/diptych/diptych/tests/wrong_split_line.png
1620825457049342852 : Checking separation double page angle 89.95895720607972
1620825457049456252 : Checking separation double page y=0 2466
1620825458033381696 : Checking page rotation 1 -0.04999999999999689
1620825459113140383 : Checking page rotation 2 0.45
1620825460562515837 : Checking image 1 crop x1 211
1620825460562638537 : Checking image 1 crop y1 156
1620825460562678937 : Checking image 1 crop x2 2323
1620825460562718237 : Checking image 1 crop y2 3363
1620825462743843121 : Checking image 2 crop x1 123
1620825462743981521 : Checking image 2 crop y1 164
1620825462744023021 : Checking image 2 crop x2 2237
1620825462744062821 : Checking image 2 crop y2 3375
1620825462744228421 : Checking image 1 dpi 300
1620825462744298721 : Checking image 1 border top 135
1620825462744348121 : Checking image 1 border bottom 145
1620825462744384021 : Checking image 1 border left 174
1620825462744420321 : Checking image 1 border right 174
1620825462747300922 : Checking image 2 dpi 300
1620825462747383622 : Checking image 2 border top 141
1620825462747420422 : Checking image 2 border bottom 135
1620825462747454722 : Checking image 2 border left 173
1620825462747489122 : Checking image 2 border right 173

</system-out><system-err>--------------------------------- Captured Err ---------------------------------

</system-err></testcase><testcase classname="tests.test_images" name="test_image_failed_to_crop_data_png" time="40.470"><system-out>--------------------------------- Captured Log ---------------------------------

--------------------------------- Captured Out ---------------------------------
/home/runner/work/diptych/diptych/tests/image_failed_to_crop_data.png
1620825476354474725 : Checking separation double page angle 90.09350257645173
1620825476354586425 : Checking separation double page y=0 2479
1620825480972181784 : Checking page rotation 1 0.15000000000000002
1620825482440019525 : Checking page rotation 2 0.05
1620825493670272637 : Checking image 1 crop x1 46
1620825493670410037 : Checking image 1 crop y1 1
1620825493670467437 : Checking image 1 crop x2 2477
1620825493670509937 : Checking image 1 crop y2 3505
1620825497147511674 : Checking image 2 crop x1 164
1620825497147627774 : Checking image 2 crop y1 217
1620825497147672074 : Checking image 2 crop x2 2245
1620825497147714574 : Checking image 2 crop y2 3350
1620825497147903474 : Checking image 1 dpi 300
1620825497148025574 : Checking image 1 border top 2
1620825497148069174 : Checking image 1 border bottom 2
1620825497148106274 : Checking image 1 border left 25
1620825497148142774 : Checking image 1 border right 25
1620825497150670976 : Checking image 2 dpi 300
1620825497150757276 : Checking image 2 border top 206
1620825497150798676 : Checking image 2 border bottom 148
1620825497150835376 : Checking image 2 border left 189
1620825497150883676 : Checking image 2 border right 189

</system-out><system-err>--------------------------------- Captured Err ---------------------------------

</system-err></testcase><testcase classname="tests.test_images" name="test_crop_too_much_png" time="26.649"><system-out>--------------------------------- Captured Log ---------------------------------

--------------------------------- Captured Out ---------------------------------
/home/runner/work/diptych/diptych/tests/crop_too_much.png
1620825477580128110 : Checking separation double page angle 90.16929865985193
1620825477580240710 : Checking separation double page y=0 2456
1620825479275604196 : Checking page rotation 1 -0.04999999999999689
1620825480809800080 : Checking page rotation 2 0.2
1620825484352059251 : Checking image 1 crop x1 302
1620825484352184251 : Checking image 1 crop y1 148
1620825484352226651 : Checking image 1 crop x2 2314
1620825484352264551 : Checking image 1 crop y2 3351
1620825489365075770 : Checking image 2 crop x1 163
1620825489365196770 : Checking image 2 crop y1 151
1620825489365237770 : Checking image 2 crop x2 2187
1620825489365276970 : Checking image 2 crop y2 3363
1620825489365439370 : Checking image 1 dpi 300
1620825489365512970 : Checking image 1 border top 133
1620825489365549970 : Checking image 1 border bottom 151
1620825489365585070 : Checking image 1 border left 224
1620825489365618170 : Checking image 1 border right 224
1620825489368499772 : Checking image 2 dpi 300
1620825489368578972 : Checking image 2 border top 132
1620825489368614472 : Checking image 2 border bottom 143
1620825489368647572 : Checking image 2 border left 218
1620825489368683672 : Checking image 2 border right 218

</system-out><system-err>--------------------------------- Captured Err ---------------------------------

</system-err></testcase><testcase classname="tests.test_images" name="test_crop_too_few_png" time="18.481"><system-out>--------------------------------- Captured Log ---------------------------------

--------------------------------- Captured Out ---------------------------------
/home/runner/work/diptych/diptych/tests/crop_too_few.png
1620825501946309463 : Checking separation double page angle 89.49492328400886
1620825501946421163 : Checking separation double page y=0 2510
1620825503035827864 : Checking page rotation 1 -0.6499999999999977
1620825504256638750 : Checking page rotation 2 0.0
1620825506295967463 : Checking image 1 crop x1 263
1620825506296090463 : Checking image 1 crop y1 150
1620825506296134763 : Checking image 1 crop x2 2377
1620825506296187763 : Checking image 1 crop y2 3357
1620825507881315784 : Checking image 2 crop x1 139
1620825507881425284 : Checking image 2 crop y1 141
1620825507881464084 : Checking image 2 crop x2 2261
1620825507881501284 : Checking image 2 crop y2 3345
1620825507881671784 : Checking image 1 dpi 300
1620825507881743484 : Checking image 1 border top 129
1620825507881779784 : Checking image 1 border bottom 150
1620825507881814784 : Checking image 1 border left 173
1620825507881850084 : Checking image 1 border right 173
1620825507884323386 : Checking image 2 dpi 300
1620825507884389886 : Checking image 2 border top 130
1620825507884424686 : Checking image 2 border bottom 153
1620825507884457586 : Checking image 2 border left 169
1620825507884490286 : Checking image 2 border right 169

</system-out><system-err>--------------------------------- Captured Err ---------------------------------

</system-err></testcase><testcase classname="tests.test_images" name="test_wrong_angle_split_line_png" time="24.310"><system-out>--------------------------------- Captured Log ---------------------------------

--------------------------------- Captured Out ---------------------------------
/home/runner/work/diptych/diptych/tests/wrong_angle_split_line.png
1620825507701073868 : Checking separation double page angle 90.08791528895468
1620825507701174368 : Checking separation double page y=0 2478
1620825508963881081 : Checking page rotation 1 0.1
1620825510219326289 : Checking page rotation 2 0.1
1620825516152949412 : Checking image 1 crop x1 58
1620825516153065012 : Checking image 1 crop y1 6
1620825516153107312 : Checking image 1 crop x2 2476
1620825516153146212 : Checking image 1 crop y2 3501
1620825520789364652 : Checking image 2 crop x1 166
1620825520789474152 : Checking image 2 crop y1 218
1620825520789512652 : Checking image 2 crop x2 2244
1620825520789548652 : Checking image 2 crop y2 3349
1620825520789698152 : Checking image 1 dpi 300
1620825520789772252 : Checking image 1 border top 6
1620825520789806752 : Checking image 1 border bottom 6
1620825520789837352 : Checking image 1 border left 31
1620825520789867852 : Checking image 1 border right 31
1620825520796832856 : Checking image 2 dpi 300
1620825520796949857 : Checking image 2 border top 209
1620825520796984157 : Checking image 2 border bottom 147
1620825520797014757 : Checking image 2 border left 191
1620825520797045457 : Checking image 2 border right 191

</system-out><system-err>--------------------------------- Captured Err ---------------------------------

</system-err></testcase><testcase classname="tests.test_images" name="test_crop_too_much_2_png" time="25.899"><system-out>--------------------------------- Captured Log ---------------------------------

--------------------------------- Captured Out ---------------------------------
/home/runner/work/diptych/diptych/tests/crop_too_much_2.png
1620825522974279107 : Checking separation double page angle 90.15285326123045
1620825522974385907 : Checking separation double page y=0 2477
1620825524741225884 : Checking page rotation 1 0.15000000000000002
1620825526756274026 : Checking page rotation 2 0.2
1620825529729445587 : Checking image 1 crop x1 330
1620825529729565087 : Checking image 1 crop y1 132
1620825529729606387 : Checking image 1 crop x2 2342
1620825529729643787 : Checking image 1 crop y2 3335
1620825533751770573 : Checking image 2 crop x1 165
1620825533751877073 : Checking image 2 crop y1 139
1620825533751930073 : Checking image 2 crop x2 2178
1620825533751968173 : Checking image 2 crop y2 3345
1620825533752132273 : Checking image 1 dpi 300
1620825533752206173 : Checking image 1 border top 121
1620825533752242273 : Checking image 1 border bottom 163
1620825533752276773 : Checking image 1 border left 224
1620825533752311573 : Checking image 1 border right 224
1620825533755439274 : Checking image 2 dpi 300
1620825533755520974 : Checking image 2 border top 129
1620825533755558374 : Checking image 2 border bottom 152
1620825533755591674 : Checking image 2 border left 223
1620825533755624174 : Checking image 2 border right 223

</system-out><system-err>--------------------------------- Captured Err ---------------------------------

</system-err></testcase><testcase classname="tests.test_images" name="test_angle_page_lower_split_line_png" time="25.969"><system-out>--------------------------------- Captured Log ---------------------------------

--------------------------------- Captured Out ---------------------------------
/home/runner/work/diptych/diptych/tests/angle_page_lower_split_line.png
1620825539077541538 : Checking separation double page angle 89.74412725181848
1620825539077659838 : Checking separation double page y=0 2472
1620825540553971409 : Checking page rotation 1 -0.14999999999999067
1620825541983066453 : Checking page rotation 2 0.1
1620825543746781982 : Checking image 1 crop x1 241
1620825543746915282 : Checking image 1 crop y1 156
1620825543746959582 : Checking image 1 crop x2 2357
1620825543747001782 : Checking image 1 crop y2 3368
1620825547505070247 : Checking image 2 crop x1 151
1620825547505192847 : Checking image 2 crop y1 146
1620825547505239047 : Checking image 2 crop x2 2261
1620825547505282647 : Checking image 2 crop y2 3351
1620825547505446647 : Checking image 1 dpi 300
1620825547505528347 : Checking image 1 border top 140
1620825547505570248 : Checking image 1 border bottom 135
1620825547505607348 : Checking image 1 border left 172
1620825547505644248 : Checking image 1 border right 172
1620825547508320349 : Checking image 2 dpi 300
1620825547508394949 : Checking image 2 border top 131
1620825547508433949 : Checking image 2 border bottom 151
1620825547508483749 : Checking image 2 border left 175
1620825547508530649 : Checking image 2 border right 175

</system-out><system-err>--------------------------------- Captured Err ---------------------------------

</system-err></testcase><testcase classname="tests.test_images" name="test_wrong_split_line_2_png" time="33.360"><system-out>--------------------------------- Captured Log ---------------------------------

--------------------------------- Captured Out ---------------------------------
/home/runner/work/diptych/diptych/tests/wrong_split_line_2.png
1620825550801416947 : Checking separation double page angle 90.23635161124103
1620825550801547347 : Checking separation double page y=0 2437
1620825552651034363 : Checking page rotation 1 0.2
1620825554251279386 : Checking page rotation 2 0.2
1620825559577169540 : Checking image 1 crop x1 294
1620825559577287940 : Checking image 1 crop y1 136
1620825559577329340 : Checking image 1 crop x2 2325
1620825559577369640 : Checking image 1 crop y2 3376
1620825567119877235 : Checking image 2 crop x1 138
1620825567119999235 : Checking image 2 crop y1 190
1620825567120043135 : Checking image 2 crop x2 2174
1620825567120084035 : Checking image 2 crop y2 3389
1620825567120252735 : Checking image 1 dpi 300
1620825567120329535 : Checking image 1 border top 131
1620825567120478335 : Checking image 1 border bottom 116
1620825567120520635 : Checking image 1 border left 214
1620825567120558435 : Checking image 1 border right 214
1620825567123490838 : Checking image 2 dpi 300
1620825567123591438 : Checking image 2 border top 181
1620825567123630238 : Checking image 2 border bottom 107
1620825567123665638 : Checking image 2 border left 212
1620825567123700538 : Checking image 2 border right 212

</system-out><system-err>--------------------------------- Captured Err ---------------------------------

</system-err></testcase><testcase classname="tests.test_images" name="test_wrong_wave_split_line_png" time="32.713"><system-out>--------------------------------- Captured Log ---------------------------------

--------------------------------- Captured Out ---------------------------------
/home/runner/work/diptych/diptych/tests/wrong_wave_split_line.png
1620825564376545657 : Checking separation double page angle 90.42461655762611
1620825564376661357 : Checking separation double page y=0 2502
1620825566487778427 : Checking page rotation 1 -0.09999999999999377
1620825567902254490 : Checking page rotation 2 0.85
1620825573847416273 : Checking image 1 crop x1 384
1620825573847543273 : Checking image 1 crop y1 178
1620825573847588973 : Checking image 1 crop x2 2412
1620825573847630973 : Checking image 1 crop y2 3374
1620825580215278062 : Checking image 2 crop x1 7
1620825580215414262 : Checking image 2 crop y1 0
1620825580215457162 : Checking image 2 crop x2 2411
1620825580215500862 : Checking image 2 crop y2 3505
1620825580215650562 : Checking image 1 dpi 300
1620825580215730262 : Checking image 1 border top 173
1620825580215771362 : Checking image 1 border bottom 118
1620825580215808462 : Checking image 1 border left 216
1620825580215851462 : Checking image 1 border right 216
1620825580218287263 : Checking image 2 dpi 300
1620825580218359963 : Checking image 2 border top 1
1620825580218398063 : Checking image 2 border bottom 1
1620825580218433663 : Checking image 2 border left 38
1620825580218469063 : Checking image 2 border right 38

</system-out><system-err>--------------------------------- Captured Err ---------------------------------

</system-err></testcase><testcase classname="tests.test_images" name="test_small_wave_png" time="24.713"><system-out>--------------------------------- Captured Log ---------------------------------

--------------------------------- Captured Out ---------------------------------
/home/runner/work/diptych/diptych/tests/small_wave.png
1620825584715304214 : Checking separation double page angle 90.56494929955075
1620825584715420214 : Checking separation double page y=0 2495
1620825586469663319 : Checking page rotation 1 0.7
1620825588081194918 : Checking page rotation 2 0.65
1620825589580238534 : Checking image 1 crop x1 322
1620825589580373234 : Checking image 1 crop y1 199
1620825589580417134 : Checking image 1 crop x2 2351
1620825589580457334 : Checking image 1 crop y2 3394
1620825591842427708 : Checking image 2 crop x1 130
1620825591842549708 : Checking image 2 crop y1 222
1620825591842594108 : Checking image 2 crop x2 2163
1620825591842635308 : Checking image 2 crop y2 3420
1620825591842808708 : Checking image 1 dpi 300
1620825591842893808 : Checking image 1 border top 181
1620825591842933408 : Checking image 1 border bottom 111
1620825591842970208 : Checking image 1 border left 215
1620825591843007708 : Checking image 1 border right 215
1620825591845844411 : Checking image 2 dpi 300
1620825591845909211 : Checking image 2 border top 197
1620825591845945911 : Checking image 2 border bottom 92
1620825591845980611 : Checking image 2 border left 213
1620825591846015111 : Checking image 2 border right 213

</system-out><system-err>--------------------------------- Captured Err ---------------------------------

</system-err></testcase><testcase classname="tests.test_images" name="test_no_split_line_line_algo_png" time="21.500"><system-out>--------------------------------- Captured Log ---------------------------------

--------------------------------- Captured Out ---------------------------------
/home/runner/work/diptych/diptych/tests/no_split_line_line_algo.png
1620825592566962582 : Checking separation double page angle 89.47691469185418
1620825592567071983 : Checking separation double page y=0 2476
1620825593655073346 : Checking page rotation 1 -0.14999999999999067
1620825595303862309 : Checking page rotation 2 -0.14999999999999067
1620825597278536621 : Checking image 1 crop x1 205
1620825597278658621 : Checking image 1 crop y1 158
1620825597278701921 : Checking image 1 crop x2 2320
1620825597278743321 : Checking image 1 crop y2 3366
1620825601738600085 : Checking image 2 crop x1 185
1620825601738720785 : Checking image 2 crop y1 225
1620825601738776385 : Checking image 2 crop x2 2204
1620825601738816385 : Checking image 2 crop y2 3362
1620825601738976585 : Checking image 1 dpi 300
1620825601739052085 : Checking image 1 border top 144
1620825601739088485 : Checking image 1 border bottom 134
1620825601739121685 : Checking image 1 border left 172
1620825601739154285 : Checking image 1 border right 172
1620825601741783687 : Checking image 2 dpi 300
1620825601741858487 : Checking image 2 border top 223
1620825601741894287 : Checking image 2 border bottom 127
1620825601741926787 : Checking image 2 border left 220
1620825601741959487 : Checking image 2 border right 220

</system-out><system-err>--------------------------------- Captured Err ---------------------------------

</system-err></testcase><testcase classname="tests.test_images" name="test_wrong_split_line_3_png" time="25.783"><system-out>--------------------------------- Captured Log ---------------------------------

--------------------------------- Captured Out ---------------------------------
/home/runner/work/diptych/diptych/tests/wrong_split_line_3.png
1620825606194575891 : Checking separation double page angle 90.40515247895009
1620825606194742592 : Checking separation double page y=0 2495
1620825607664542492 : Checking page rotation 1 0.2
1620825608763180234 : Checking page rotation 2 0.85
1620825610879126855 : Checking image 1 crop x1 331
1620825610879242455 : Checking image 1 crop y1 166
1620825610879280455 : Checking image 1 crop x2 2377
1620825610879317355 : Checking image 1 crop y2 3375
1620825617642052674 : Checking image 2 crop x1 103
1620825617642166474 : Checking image 2 crop y1 207
1620825617642204574 : Checking image 2 crop x2 2136
1620825617642260374 : Checking image 2 crop y2 3414
1620825617642448175 : Checking image 1 dpi 300
1620825617642524075 : Checking image 1 border top 158
1620825617642572775 : Checking image 1 border bottom 120
1620825617642619375 : Checking image 1 border left 207
1620825617642654675 : Checking image 1 border right 207
1620825617645600877 : Checking image 2 dpi 300
1620825617645675677 : Checking image 2 border top 199
1620825617645709877 : Checking image 2 border bottom 81
1620825617645741477 : Checking image 2 border left 213
1620825617645772777 : Checking image 2 border right 213

</system-out><system-err>--------------------------------- Captured Err ---------------------------------

</system-err></testcase><testcase classname="tests.test_images" name="test_failed_split_line_line_algo_png" time="16.346"><system-out>--------------------------------- Captured Log ---------------------------------

--------------------------------- Captured Out ---------------------------------
/home/runner/work/diptych/diptych/tests/failed_split_line_line_algo.png
1620825612086143980 : Checking separation double page angle 90.0093502548779
1620825612086374480 : Checking separation double page y=0 2574
1620825612940729735 : Checking page rotation 1 0.0
1620825613578582924 : Checking page rotation 2 0.0
1620825616282055813 : Checking image 1 crop x1 411
1620825616282187714 : Checking image 1 crop y1 2927
1620825616282274314 : Checking image 1 crop x2 2422
1620825616282327014 : Checking image 1 crop y2 3172
1620825618095451628 : Checking image 2 crop x1 1191
1620825618095671728 : Checking image 2 crop y1 1745
1620825618095731528 : Checking image 2 crop x2 1192
1620825618095771428 : Checking image 2 crop y2 1746
1620825618095908728 : Checking image 1 dpi 300
1620825618095995328 : Checking image 1 border top 2920
1620825618096036528 : Checking image 1 border bottom 322
1620825618096073228 : Checking image 1 border left 224
1620825618096109528 : Checking image 1 border right 224
1620825618097843130 : Checking image 2 dpi 300
1620825618097899630 : Checking image 2 border top 1752
1620825618097937330 : Checking image 2 border bottom 1753
1620825618097972230 : Checking image 2 border left 1239
1620825618098006630 : Checking image 2 border right 1239

</system-out><system-err>--------------------------------- Captured Err ---------------------------------

</system-err></testcase><testcase classname="tests.test_images" name="test_crop_too_much_3_png" time="23.078"><system-out>--------------------------------- Captured Log ---------------------------------

--------------------------------- Captured Out ---------------------------------
/home/runner/work/diptych/diptych/tests/crop_too_much_3.png
1620825631218924694 : Checking separation double page angle 89.5934556679346
1620825631219041694 : Checking separation double page y=0 2499
1620825632444873220 : Checking page rotation 1 -0.8999999999999949
1620825634467010951 : Checking page rotation 2 -0.04999999999999689
1620825637836284165 : Checking image 1 crop x1 374
1620825637836408365 : Checking image 1 crop y1 258
1620825637836452666 : Checking image 1 crop x2 2385
1620825637836492266 : Checking image 1 crop y2 3459
1620825640713301356 : Checking image 2 crop x1 164
1620825640713424456 : Checking image 2 crop y1 229
1620825640713468156 : Checking image 2 crop x2 2183
1620825640713510956 : Checking image 2 crop y2 3416
1620825640713681657 : Checking image 1 dpi 300
1620825640713756857 : Checking image 1 border top 239
1620825640713796757 : Checking image 1 border bottom 46
1620825640713834657 : Checking image 1 border left 224
1620825640713870757 : Checking image 1 border right 224
1620825640716863966 : Checking image 2 dpi 300
1620825640716988866 : Checking image 2 border top 210
1620825640717076866 : Checking image 2 border bottom 90
1620825640717535068 : Checking image 2 border left 220
1620825640717573568 : Checking image 2 border right 220

</system-out><system-err>--------------------------------- Captured Err ---------------------------------

</system-err></testcase><testcase classname="tests.test_images" name="test_failed_split_line_line_algo_2_png" time="24.915"><system-out>--------------------------------- Captured Log ---------------------------------

--------------------------------- Captured Out ---------------------------------
/home/runner/work/diptych/diptych/tests/failed_split_line_line_algo_2.png
1620825633356681861 : Checking separation double page angle 90.03732329462368
1620825633356796061 : Checking separation double page y=0 2499
1620825635118196808 : Checking page rotation 1 -0.09999999999999377
1620825636907200059 : Checking page rotation 2 0.5499999999999999
1620825640166896027 : Checking image 1 crop x1 273
1620825640167026427 : Checking image 1 crop y1 147
1620825640167069727 : Checking image 1 crop x2 2386
1620825640167110027 : Checking image 1 crop y2 3352
1620825642983157107 : Checking image 2 crop x1 122
1620825642983278008 : Checking image 2 crop y1 155
1620825642983320308 : Checking image 2 crop x2 2246
1620825642983361408 : Checking image 2 crop y2 3350
1620825642983528909 : Checking image 1 dpi 300
1620825642983607709 : Checking image 1 border top 137
1620825642983646809 : Checking image 1 border bottom 145
1620825642983681409 : Checking image 1 border left 173
1620825642983715309 : Checking image 1 border right 173
1620825642986404517 : Checking image 2 dpi 300
1620825642986498717 : Checking image 2 border top 133
1620825642986536417 : Checking image 2 border bottom 159
1620825642986570817 : Checking image 2 border left 168
1620825642986604917 : Checking image 2 border right 168

</system-out><system-err>--------------------------------- Captured Err ---------------------------------

</system-err></testcase><testcase classname="tests.test_images" name="test_wrong_wave_split_line_2_png" time="27.913"><system-out>--------------------------------- Captured Log ---------------------------------

--------------------------------- Captured Out ---------------------------------
/home/runner/work/diptych/diptych/tests/wrong_wave_split_line_2.png
1620825659819037647 : Checking separation double page angle 90.7708958311329
1620825659819168147 : Checking separation double page y=0 2490
1620825661221711926 : Checking page rotation 1 0.2
1620825662790090003 : Checking page rotation 2 1.65
1620825664582212004 : Checking image 1 crop x1 227
1620825664582389305 : Checking image 1 crop y1 147
1620825664582529205 : Checking image 1 crop x2 2342
1620825664582580705 : Checking image 1 crop y2 3353
1620825668633430955 : Checking image 2 crop x1 106
1620825668633558055 : Checking image 2 crop y1 195
1620825668633601956 : Checking image 2 crop x2 2231
1620825668633643656 : Checking image 2 crop y2 3398
1620825668633822556 : Checking image 1 dpi 300
1620825668633902356 : Checking image 1 border top 136
1620825668633941656 : Checking image 1 border bottom 145
1620825668633979056 : Checking image 1 border left 172
1620825668634018456 : Checking image 1 border right 172
1620825668638553960 : Checking image 2 dpi 300
1620825668638681460 : Checking image 2 border top 166
1620825668638725561 : Checking image 2 border bottom 117
1620825668638761861 : Checking image 2 border left 167
1620825668638797861 : Checking image 2 border right 167

</system-out><system-err>--------------------------------- Captured Err ---------------------------------

</system-err></testcase><testcase classname="tests.test_images" name="test_wrong_wave_split_line_3_png" time="26.038"><system-out>--------------------------------- Captured Log ---------------------------------

--------------------------------- Captured Out ---------------------------------
/home/runner/work/diptych/diptych/tests/wrong_wave_split_line_3.png
1620825661691774188 : Checking separation double page angle 90.12715931778824
1620825661691883388 : Checking separation double page y=0 2514
1620825663532110080 : Checking page rotation 1 0.05
1620825664978891991 : Checking page rotation 2 0.2
1620825667136873196 : Checking image 1 crop x1 273
1620825667136986196 : Checking image 1 crop y1 220
1620825667137043396 : Checking image 1 crop x2 2383
1620825667137082896 : Checking image 1 crop y2 3423
1620825669045964158 : Checking image 2 crop x1 116
1620825669046090258 : Checking image 2 crop y1 225
1620825669046134858 : Checking image 2 crop x2 2242
1620825669046178358 : Checking image 2 crop y2 3415
1620825669046375458 : Checking image 1 dpi 300
1620825669046461758 : Checking image 1 border top 202
1620825669046504058 : Checking image 1 border bottom 82
1620825669046541058 : Checking image 1 border left 175
1620825669046577058 : Checking image 1 border right 175
1620825669049264261 : Checking image 2 dpi 300
1620825669049340261 : Checking image 2 border top 204
1620825669049379061 : Checking image 2 border bottom 93
1620825669049415061 : Checking image 2 border left 167
1620825669049450861 : Checking image 2 border right 167

</system-out><system-err>--------------------------------- Captured Err ---------------------------------

</system-err></testcase><testcase classname="tests.test_images" name="test_no_split_line_wave_algo_png" time="35.507"><system-out>--------------------------------- Captured Log ---------------------------------

--------------------------------- Captured Out ---------------------------------
/home/runner/work/diptych/diptych/tests/no_split_line_wave_algo.png
1620825682206599203 : Checking separation double page angle 89.79018091440821
1620825682206717803 : Checking separation double page y=0 2483
1620825685337242681 : Checking page rotation 1 0.0
1620825686905868172 : Checking page rotation 2 -0.44999999999999746
1620825697635566456 : Checking image 1 crop x1 97
1620825697635673556 : Checking image 1 crop y1 74
1620825697635712556 : Checking image 1 crop x2 2489
1620825697635749856 : Checking image 1 crop y2 3505
1620825704110644852 : Checking image 2 crop x1 164
1620825704110768452 : Checking image 2 crop y1 267
1620825704110814152 : Checking image 2 crop x2 2239
1620825704110854352 : Checking image 2 crop y2 3380
1620825704111022152 : Checking image 1 dpi 300
1620825704111101352 : Checking image 1 border top 38
1620825704111140252 : Checking image 1 border bottom 38
1620825704111177352 : Checking image 1 border left 44
1620825704111215252 : Checking image 1 border right 44
1620825704113482855 : Checking image 2 dpi 300
1620825704113550355 : Checking image 2 border top 257
1620825704113587755 : Checking image 2 border bottom 117
1620825704113622455 : Checking image 2 border left 192
1620825704113657055 : Checking image 2 border right 192

</system-out><system-err>--------------------------------- Captured Err ---------------------------------

</system-err></testcase><testcase classname="tests.test_images" name="test_no_split_line_wave_algo_2_png" time="21.051"><system-out>--------------------------------- Captured Log ---------------------------------

--------------------------------- Captured Out ---------------------------------
/home/runner/work/diptych/diptych/tests/no_split_line_wave_algo_2.png
1620825683131324946 : Checking separation double page angle 90.43362571535843
1620825683131442246 : Checking separation double page y=0 2473
1620825684365495105 : Checking page rotation 1 1.05
1620825685777331787 : Checking page rotation 2 0.15000000000000002
1620825688088778566 : Checking image 1 crop x1 267
1620825688088898666 : Checking image 1 crop y1 210
1620825688088941666 : Checking image 1 crop x2 2343
1620825688088980966 : Checking image 1 crop y2 3412
1620825690104548111 : Checking image 2 crop x1 165
1620825690104666911 : Checking image 2 crop y1 241
1620825690104708211 : Checking image 2 crop x2 2250
1620825690104748611 : Checking image 2 crop y2 3433
1620825690104914911 : Checking image 1 dpi 300
1620825690104989611 : Checking image 1 border top 192
1620825690105028011 : Checking image 1 border bottom 93
1620825690105062511 : Checking image 1 border left 192
1620825690105096611 : Checking image 1 border right 192
1620825690107618913 : Checking image 2 dpi 300
1620825690107710913 : Checking image 2 border top 224
1620825690107748313 : Checking image 2 border bottom 71
1620825690107782313 : Checking image 2 border left 187
1620825690107816113 : Checking image 2 border right 187

</system-out><system-err>--------------------------------- Captured Err ---------------------------------

</system-err></testcase><testcase classname="tests.test_images" name="test_failed_detect_rectangle_png" time="20.775"><system-out>--------------------------------- Captured Log ---------------------------------

--------------------------------- Captured Out ---------------------------------
/home/runner/work/diptych/diptych/tests/failed_detect_rectangle.png
1620825704953645142 : Checking separation double page angle 90.242273842964
1620825704953765242 : Checking separation double page y=0 2475
1620825706551723718 : Checking page rotation 1 0.2
1620825708284685520 : Checking page rotation 2 0.2
1620825709530093304 : Checking image 1 crop x1 257
1620825709530215404 : Checking image 1 crop y1 201
1620825709530287104 : Checking image 1 crop x2 2333
1620825709530329804 : Checking image 1 crop y2 3402
1620825710869704355 : Checking image 2 crop x1 137
1620825710869826655 : Checking image 2 crop y1 215
1620825710869871656 : Checking image 2 crop x2 2220
1620825710869915156 : Checking image 2 crop y2 3406
1620825710870090956 : Checking image 1 dpi 300
1620825710870169756 : Checking image 1 border top 188
1620825710870210556 : Checking image 1 border bottom 98
1620825710870269456 : Checking image 1 border left 192
1620825710870307156 : Checking image 1 border right 192
1620825710872626057 : Checking image 2 dpi 300
1620825710872691158 : Checking image 2 border top 201
1620825710872730758 : Checking image 2 border bottom 95
1620825710872767158 : Checking image 2 border left 188
1620825710872803058 : Checking image 2 border right 188

</system-out><system-err>--------------------------------- Captured Err ---------------------------------

</system-err></testcase><testcase classname="tests.test_images" name="test_crop_too_few_2_png" time="21.420"><system-out>--------------------------------- Captured Log ---------------------------------

--------------------------------- Captured Out ---------------------------------
/home/runner/work/diptych/diptych/tests/crop_too_few_2.png
1620825717694644153 : Checking separation double page angle 90.35461351371423
1620825717694752454 : Checking separation double page y=0 2533
1620825718946443647 : Checking page rotation 1 1.0999999999999999
1620825720092421655 : Checking page rotation 2 0.0
1620825722831464448 : Checking image 1 crop x1 289
1620825722831581348 : Checking image 1 crop y1 165
1620825722831620148 : Checking image 1 crop x2 2400
1620825722831658048 : Checking image 1 crop y2 3367
1620825725598794061 : Checking image 2 crop x1 152
1620825725598911061 : Checking image 2 crop y1 190
1620825725598951061 : Checking image 2 crop x2 2273
1620825725598990061 : Checking image 2 crop y2 3385
1620825725599154561 : Checking image 1 dpi 300
1620825725599227161 : Checking image 1 border top 157
1620825725599263061 : Checking image 1 border bottom 128
1620825725599297461 : Checking image 1 border left 174
1620825725599333161 : Checking image 1 border right 174
1620825725601868363 : Checking image 2 dpi 300
1620825725601952263 : Checking image 2 border top 175
1620825725601988463 : Checking image 2 border bottom 116
1620825725602021963 : Checking image 2 border left 169
1620825725602054763 : Checking image 2 border right 169

</system-out><system-err>--------------------------------- Captured Err ---------------------------------

</system-err></testcase><testcase classname="tests.test_images" name="test_single_page_png" time="6.121"><system-out>--------------------------------- Captured Log ---------------------------------

--------------------------------- Captured Out ---------------------------------
/home/runner/work/diptych/diptych/tests/single_page.png
1620825713964555493 : Checking separation double page angle 89.93006318861008
1620825713964688493 : Checking separation double page y=0 2472
1620825714838909387 : Checking page rotation 1 0.0
1620825714978371698 : Checking page rotation 2 0.0
1620825716521648423 : Checking image 1 crop x1 1
1620825716521750623 : Checking image 1 crop y1 8
1620825716521794423 : Checking image 1 crop x2 2470
1620825716521832623 : Checking image 1 crop y2 3505
1620825716655166529 : Checking image 2 crop x1 0
1620825716655245729 : Checking image 2 crop y1 0
1620825716655280029 : Checking image 2 crop x2 0
1620825716655312529 : Checking image 2 crop y2 0
1620825716655373329 : Checking image 1 dpi 300
1620825716655438029 : Checking image 1 border top 5
1620825716655474829 : Checking image 1 border bottom 5
1620825716655509229 : Checking image 1 border left 6
1620825716655543229 : Checking image 1 border right 6
1620825716661141533 : Checking image 2 border top 0
1620825716661218533 : Checking image 2 border bottom 0
1620825716661252533 : Checking image 2 border left 0
1620825716661286033 : Checking image 2 border right 0

</system-out><system-err>--------------------------------- Captured Err ---------------------------------

</system-err></testcase><testcase classname="tests.test_images" name="test_wrong_split_line_4_png" time="12.459"><system-out>--------------------------------- Captured Log ---------------------------------

--------------------------------- Captured Out ---------------------------------
/home/runner/work/diptych/diptych/tests/wrong_split_line_4.png
1620825725147446549 : Checking separation double page angle 90.92587744884125
1620825725147565549 : Checking separation double page y=0 58
1620825725261979528 : Checking page rotation 1 0.5499999999999999
1620825726591619247 : Checking page rotation 2 1.0999999999999999
1620825727365153693 : Checking image 1 crop x1 0
1620825727365233193 : Checking image 1 crop y1 0
1620825727365267793 : Checking image 1 crop x2 0
1620825727365301193 : Checking image 1 crop y2 0
1620825729513934622 : Checking image 2 crop x1 290
1620825729514054822 : Checking image 2 crop y1 330
1620825729514094322 : Checking image 2 crop x2 2314
1620825729514134522 : Checking image 2 crop y2 3217
1620825729514310323 : Checking image 1 border top 0
1620825729514356523 : Checking image 1 border bottom 0
1620825729514392023 : Checking image 1 border left 0
1620825729514427623 : Checking image 1 border right 0
1620825729514479723 : Checking image 2 dpi 300
1620825729514546223 : Checking image 2 border top 322
1620825729514583023 : Checking image 2 border bottom 278
1620825729514616623 : Checking image 2 border left 218
1620825729514650123 : Checking image 2 border right 218

</system-out><system-err>--------------------------------- Captured Err ---------------------------------

</system-err></testcase><testcase classname="tests.test_images" name="test_no_split_line_wave_algo_3_png" time="10.967"><system-out>--------------------------------- Captured Log ---------------------------------

--------------------------------- Captured Out ---------------------------------
/home/runner/work/diptych/diptych/tests/no_split_line_wave_algo_3.png
1620825733178266465 : Checking separation double page angle 90.18184445198425
1620825733178389965 : Checking separation double page y=0 2405
1620825733993744724 : Checking page rotation 1 0.0
1620825734137580632 : Checking page rotation 2 0.0
1620825736080554654 : Checking image 1 crop x1 184
1620825736080658454 : Checking image 1 crop y1 2957
1620825736080700254 : Checking image 1 crop x2 2201
1620825736080737054 : Checking image 1 crop y2 3202
1620825736545606884 : Checking image 2 crop x1 0
1620825736545689284 : Checking image 2 crop y1 0
1620825736545724784 : Checking image 2 crop x2 0
1620825736545758484 : Checking image 2 crop y2 0
1620825736545828184 : Checking image 1 dpi 300
1620825736545898184 : Checking image 1 border top 2950
1620825736545936784 : Checking image 1 border bottom 292
1620825736545974084 : Checking image 1 border left 221
1620825736546012684 : Checking image 1 border right 221
1620825736550475687 : Checking image 2 border top 0
1620825736550535987 : Checking image 2 border bottom 0
1620825736550570587 : Checking image 2 border left 0
1620825736550605687 : Checking image 2 border right 0

</system-out><system-err>--------------------------------- Captured Err ---------------------------------

</system-err></testcase><testcase classname="tests.test_images" name="test_failed_split_line_line_algo_3_png" time="13.082"><system-out>--------------------------------- Captured Log ---------------------------------

--------------------------------- Captured Out ---------------------------------
/home/runner/work/diptych/diptych/tests/failed_split_line_line_algo_3.png
1620825737089786270 : Checking separation double page angle 90.02403976140027
1620825737089912070 : Checking separation double page y=0 39
1620825737160154120 : Checking page rotation 1 0.0
1620825738070269866 : Checking page rotation 2 0.0
1620825738365762276 : Checking image 1 crop x1 0
1620825738365845576 : Checking image 1 crop y1 0
1620825738365882476 : Checking image 1 crop x2 0
1620825738365918076 : Checking image 1 crop y2 0
1620825742611782190 : Checking image 2 crop x1 249
1620825742611883590 : Checking image 2 crop y1 154
1620825742611923390 : Checking image 2 crop x2 2264
1620825742611962690 : Checking image 2 crop y2 3361
1620825742612140090 : Checking image 1 border top 0
1620825742612185390 : Checking image 1 border bottom 0
1620825742612223690 : Checking image 1 border left 0
1620825742612261190 : Checking image 1 border right 0
1620825742612318190 : Checking image 2 dpi 300
1620825742612386491 : Checking image 2 border top 146
1620825742612424391 : Checking image 2 border bottom 134
1620825742612460591 : Checking image 2 border left 222
1620825742612496091 : Checking image 2 border right 222

</system-out><system-err>--------------------------------- Captured Err ---------------------------------

</system-err></testcase></testsuite></testsuites>