<?xml version="1.0" encoding="utf-8"?><testsuites><testsuite name="pytest" errors="0" failures="0" skipped="0" tests="18" time="368.837" timestamp="2020-11-25T10:07:52.962363" hostname="fv-az135-393"><testcase classname="tests.test_features" name="test_mock_stop_at_0" time="0.051"><system-out>--------------------------------- Captured Log ---------------------------------

--------------------------------- Captured Out ---------------------------------
/home/runner/work/ocr-book/ocr-book/tests/0001_0.png

</system-out><system-err>--------------------------------- Captured Err ---------------------------------

</system-err></testcase><testcase classname="tests.test_features" name="test_disabled_enable_debug" time="27.374"><system-out>--------------------------------- Captured Log ---------------------------------

--------------------------------- Captured Out ---------------------------------
/home/runner/work/ocr-book/ocr-book/tests/0001_debug.png
separation double page angle 90.53945493634917
separation double page y=0 2485
page rotation 1 0.75
page rotation 2 0.2
image 1 crop x1 330
image 1 crop y1 336
image 1 crop x2 2343
image 1 crop y2 3223
image 2 crop x1 169
image 2 crop y1 648
image 2 crop x2 2186
image 2 crop y2 3361
image 1 dpi 300
image 1 border top 340
image 1 border bottom 260
image 1 border left 223
image 1 border right 223
image 2 dpi 300
image 2 border top 646
image 2 border bottom 128
image 2 border left 221
image 2 border right 221

</system-out><system-err>--------------------------------- Captured Err ---------------------------------

</system-err></testcase><testcase classname="tests.test_features" name="test_mock_stop_at_2" time="36.379"><system-out>--------------------------------- Captured Log ---------------------------------

--------------------------------- Captured Out ---------------------------------
/home/runner/work/ocr-book/ocr-book/tests/0001_2.png
separation double page angle 90.53945493634917
separation double page y=0 2485
page rotation 1 0.75
page rotation 2 0.2

</system-out><system-err>--------------------------------- Captured Err ---------------------------------

</system-err></testcase><testcase classname="tests.test_features" name="test_mock_stop_at_1" time="20.740"><system-out>--------------------------------- Captured Log ---------------------------------

--------------------------------- Captured Out ---------------------------------
/home/runner/work/ocr-book/ocr-book/tests/0001_1.png
separation double page angle 90.53945493634917
separation double page y=0 2485

</system-out><system-err>--------------------------------- Captured Err ---------------------------------

</system-err></testcase><testcase classname="tests.test_features" name="test_mock_stop_at_3" time="38.164"><system-out>--------------------------------- Captured Log ---------------------------------

--------------------------------- Captured Out ---------------------------------
/home/runner/work/ocr-book/ocr-book/tests/0001_3.png
separation double page angle 90.53945493634917
separation double page y=0 2485
page rotation 1 0.75
page rotation 2 0.2
image 1 crop x1 330
image 1 crop y1 336
image 1 crop x2 2343
image 1 crop y2 3223
image 2 crop x1 169
image 2 crop y1 648
image 2 crop x2 2186
image 2 crop y2 3361

</system-out><system-err>--------------------------------- Captured Err ---------------------------------

</system-err></testcase><testcase classname="tests.test_features" name="test_mock_stop_at_5" time="39.526"><system-out>--------------------------------- Captured Log ---------------------------------

--------------------------------- Captured Out ---------------------------------
/home/runner/work/ocr-book/ocr-book/tests/0001_5.png
separation double page angle 90.53945493634917
separation double page y=0 2485
page rotation 1 0.75
page rotation 2 0.2
image 1 crop x1 330
image 1 crop y1 336
image 1 crop x2 2343
image 1 crop y2 3223
image 2 crop x1 169
image 2 crop y1 648
image 2 crop x2 2186
image 2 crop y2 3361
image 1 dpi 300
image 1 border top 340
image 1 border bottom 260
image 1 border left 223
image 1 border right 223
image 2 dpi 300
image 2 border top 646
image 2 border bottom 128
image 2 border left 221
image 2 border right 221

</system-out><system-err>--------------------------------- Captured Err ---------------------------------

</system-err></testcase><testcase classname="tests.test_features" name="test_mock_stop_at_4" time="38.976"><system-out>--------------------------------- Captured Log ---------------------------------

--------------------------------- Captured Out ---------------------------------
/home/runner/work/ocr-book/ocr-book/tests/0001_4.png
separation double page angle 90.53945493634917
separation double page y=0 2485
page rotation 1 0.75
page rotation 2 0.2
image 1 crop x1 330
image 1 crop y1 336
image 1 crop x2 2343
image 1 crop y2 3223
image 2 crop x1 169
image 2 crop y1 648
image 2 crop x2 2186
image 2 crop y2 3361
image 1 dpi 300
image 1 border top 340
image 1 border bottom 260
image 1 border left 223
image 1 border right 223
image 2 dpi 300
image 2 border top 646
image 2 border bottom 128
image 2 border left 221
image 2 border right 221

</system-out><system-err>--------------------------------- Captured Err ---------------------------------

</system-err></testcase><testcase classname="tests.test_images" name="test_0001_png" time="39.087"><system-out>--------------------------------- Captured Log ---------------------------------

--------------------------------- Captured Out ---------------------------------
/home/runner/work/ocr-book/ocr-book/tests/0001.png
1606298981775680067 : Checking separation double page angle 90.53945493634917
1606298981775762877 : Checking separation double page y=0 2485
1606298988231773600 : Checking page rotation 1 0.75
1606298996858909994 : Checking page rotation 2 0.2
1606298998680538005 : Checking image 1 crop x1 330
1606298998680610013 : Checking image 1 crop y1 336
1606298998680644016 : Checking image 1 crop x2 2343
1606298998680675820 : Checking image 1 crop y2 3223
1606299000678686529 : Checking image 2 crop x1 169
1606299000678766637 : Checking image 2 crop y1 648
1606299000678809342 : Checking image 2 crop x2 2186
1606299000678849246 : Checking image 2 crop y2 3361
1606299000714105171 : Checking image 1 dpi 300
1606299000714195881 : Checking image 1 border top 340
1606299000714229584 : Checking image 1 border bottom 260
1606299000714260487 : Checking image 1 border left 223
1606299000714291290 : Checking image 1 border right 223
1606299000716015668 : Checking image 2 dpi 300
1606299000716093976 : Checking image 2 border top 646
1606299000716128579 : Checking image 2 border bottom 128
1606299000716161483 : Checking image 2 border left 221
1606299000716194686 : Checking image 2 border right 221

</system-out><system-err>--------------------------------- Captured Err ---------------------------------

</system-err></testcase><testcase classname="tests.test_images" name="test_2_pages_2_contours_png" time="26.545"><system-out>--------------------------------- Captured Log ---------------------------------

--------------------------------- Captured Out ---------------------------------
/home/runner/work/ocr-book/ocr-book/tests/2-pages-2-contours.png
1606299002359991453 : Checking separation double page angle 90.15647898380502
1606299002360069661 : Checking separation double page y=0 2489
1606299004651934626 : Checking page rotation 1 0.05
1606299011509541664 : Checking page rotation 2 0.35000000000000003
1606299012352479708 : Checking image 1 crop x1 1190
1606299012352546514 : Checking image 1 crop y1 1733
1606299012352578717 : Checking image 1 crop x2 1191
1606299012352608519 : Checking image 1 crop y2 1734
1606299014108183622 : Checking image 2 crop x1 102
1606299014108263529 : Checking image 2 crop y1 240
1606299014108303033 : Checking image 2 crop x2 2149
1606299014108340236 : Checking image 2 crop y2 3239
1606299014143666578 : Checking image 1 dpi 300
1606299014143769287 : Checking image 1 border top 1752
1606299014143804790 : Checking image 1 border bottom 1753
1606299014143835893 : Checking image 1 border left 1239
1606299014143866795 : Checking image 1 border right 1239
1606299014145292522 : Checking image 2 dpi 300
1606299014145365829 : Checking image 2 border top 231
1606299014145395331 : Checking image 2 border bottom 257
1606299014145423734 : Checking image 2 border left 206
1606299014145452136 : Checking image 2 border right 206

</system-out><system-err>--------------------------------- Captured Err ---------------------------------

</system-err></testcase><testcase classname="tests.test_images" name="test_black_border_not_removed_png" time="49.314"><system-out>--------------------------------- Captured Log ---------------------------------

--------------------------------- Captured Out ---------------------------------
/home/runner/work/ocr-book/ocr-book/tests/black-border-not-removed.png
1606299028618988030 : Checking separation double page angle 89.9903688802698
1606299028619065736 : Checking separation double page y=0 2455
1606299035095298262 : Checking page rotation 1 0.0
1606299045269514391 : Checking page rotation 2 0.0
1606299047412997064 : Checking image 1 crop x1 297
1606299047413080170 : Checking image 1 crop y1 143
1606299047413121973 : Checking image 1 crop x2 2309
1606299047413161475 : Checking image 1 crop y2 3346
1606299049997418601 : Checking image 2 crop x1 156
1606299049997501706 : Checking image 2 crop y1 145
1606299049997543309 : Checking image 2 crop x2 2168
1606299049997582612 : Checking image 2 crop y2 3352
1606299050035218243 : Checking image 1 dpi 300
1606299050035306948 : Checking image 1 border top 130
1606299050035336750 : Checking image 1 border bottom 154
1606299050035364152 : Checking image 1 border left 224
1606299050035390954 : Checking image 1 border right 224
1606299050037366081 : Checking image 2 dpi 300
1606299050037441486 : Checking image 2 border top 139
1606299050037475788 : Checking image 2 border bottom 141
1606299050037508391 : Checking image 2 border left 224
1606299050037541293 : Checking image 2 border right 224

</system-out><system-err>--------------------------------- Captured Err ---------------------------------

</system-err></testcase><testcase classname="tests.test_images" name="test_image_failed_to_rotate_png" time="47.346"><system-out>--------------------------------- Captured Log ---------------------------------

--------------------------------- Captured Out ---------------------------------
/home/runner/work/ocr-book/ocr-book/tests/image_failed_to_rotate.png
1606299034632106583 : Checking separation double page angle 90.0773386736121
1606299034632184289 : Checking separation double page y=0 2477
1606299039932337899 : Checking page rotation 1 0.4
1606299047829708603 : Checking page rotation 2 0.45
1606299059218239760 : Checking image 1 crop x1 34
1606299059218320164 : Checking image 1 crop y1 1
1606299059218358267 : Checking image 1 crop x2 2475
1606299059218394469 : Checking image 1 crop y2 3500
1606299061333738837 : Checking image 2 crop x1 166
1606299061333819142 : Checking image 2 crop y1 234
1606299061333861345 : Checking image 2 crop x2 2245
1606299061333901247 : Checking image 2 crop y2 3355
1606299061377391833 : Checking image 1 dpi 300
1606299061377479638 : Checking image 1 border top 4
1606299061377514040 : Checking image 1 border bottom 4
1606299061377545142 : Checking image 1 border left 20
1606299061377576544 : Checking image 1 border right 20
1606299061379772874 : Checking image 2 dpi 300
1606299061379864580 : Checking image 2 border top 220
1606299061379898782 : Checking image 2 border bottom 146
1606299061379932684 : Checking image 2 border left 190
1606299061379965886 : Checking image 2 border right 190

</system-out><system-err>--------------------------------- Captured Err ---------------------------------

</system-err></testcase><testcase classname="tests.test_images" name="test_image_failed_to_crop_data_png" time="47.461"><system-out>--------------------------------- Captured Log ---------------------------------

--------------------------------- Captured Out ---------------------------------
/home/runner/work/ocr-book/ocr-book/tests/image_failed_to_crop_data.png
1606299072698216270 : Checking separation double page angle 90.11665174770214
1606299072698299074 : Checking separation double page y=0 2482
1606299078796796860 : Checking page rotation 1 0.2
1606299084420994518 : Checking page rotation 2 0.0
1606299095441510514 : Checking image 1 crop x1 58
1606299095441592118 : Checking image 1 crop y1 7
1606299095441629320 : Checking image 1 crop x2 2480
1606299095441664522 : Checking image 1 crop y2 3505
1606299097389860793 : Checking image 2 crop x1 162
1606299097389945297 : Checking image 2 crop y1 217
1606299097389987599 : Checking image 2 crop x2 2244
1606299097390027001 : Checking image 2 crop y2 3350
1606299097424328641 : Checking image 1 dpi 300
1606299097424418345 : Checking image 1 border top 5
1606299097424452547 : Checking image 1 border bottom 5
1606299097424483849 : Checking image 1 border left 29
1606299097424514750 : Checking image 1 border right 29
1606299097426303136 : Checking image 2 dpi 300
1606299097426383339 : Checking image 2 border top 225
1606299097426415241 : Checking image 2 border bottom 129
1606299097426445442 : Checking image 2 border left 189
1606299097426476044 : Checking image 2 border right 189

</system-out><system-err>--------------------------------- Captured Err ---------------------------------

</system-err></testcase><testcase classname="tests.test_images" name="test_wrong_angle_split_line_png" time="58.431"><system-out>--------------------------------- Captured Log ---------------------------------

--------------------------------- Captured Out ---------------------------------
/home/runner/work/ocr-book/ocr-book/tests/wrong_angle_split_line.png
1606299088814202049 : Checking separation double page angle 90.08422009258813
1606299088814289353 : Checking separation double page y=0 2487
1606299096538809187 : Checking page rotation 1 0.0
1606299104791091255 : Checking page rotation 2 0.0
1606299116116040785 : Checking image 1 crop x1 53
1606299116116125989 : Checking image 1 crop y1 8
1606299116116163591 : Checking image 1 crop x2 2485
1606299116116199192 : Checking image 1 crop y2 3505
1606299118992366148 : Checking image 2 crop x1 154
1606299118992451752 : Checking image 2 crop y1 217
1606299118992493354 : Checking image 2 crop x2 2237
1606299118992532555 : Checking image 2 crop y2 3350
1606299119165534556 : Checking image 1 dpi 300
1606299119165630161 : Checking image 1 border top 5
1606299119165664862 : Checking image 1 border bottom 5
1606299119165722065 : Checking image 1 border left 24
1606299119165753866 : Checking image 1 border right 24
1606299119171768127 : Checking image 2 dpi 300
1606299119171870731 : Checking image 2 border top 213
1606299119171905733 : Checking image 2 border bottom 141
1606299119171939434 : Checking image 2 border left 188
1606299119171972636 : Checking image 2 border right 188

</system-out><system-err>--------------------------------- Captured Err ---------------------------------

</system-err></testcase><testcase classname="tests.test_images" name="test_angle_page_lower_split_line_png" time="33.996"><system-out>--------------------------------- Captured Log ---------------------------------

--------------------------------- Captured Out ---------------------------------
/home/runner/work/ocr-book/ocr-book/tests/angle_page_lower_split_line.png
1606299112312804139 : Checking separation double page angle 89.74710364870903
1606299112312877542 : Checking separation double page y=0 2471
1606299120248666768 : Checking page rotation 1 -0.44999999999998863
1606299127481996878 : Checking page rotation 2 0.2
1606299129581827603 : Checking image 1 crop x1 245
1606299129581909306 : Checking image 1 crop y1 161
1606299129581949208 : Checking image 1 crop x2 2351
1606299129581986609 : Checking image 1 crop y2 3364
1606299131428569788 : Checking image 2 crop x1 153
1606299131428664292 : Checking image 2 crop y1 147
1606299131428700494 : Checking image 2 crop x2 2260
1606299131428734595 : Checking image 2 crop y2 3350
1606299131467313996 : Checking image 1 dpi 300
1606299131467410100 : Checking image 1 border top 132
1606299131467442201 : Checking image 1 border bottom 152
1606299131467470902 : Checking image 1 border left 177
1606299131467499103 : Checking image 1 border right 177
1606299131469295978 : Checking image 2 dpi 300
1606299131469394982 : Checking image 2 border top 116
1606299131469424583 : Checking image 2 border bottom 168
1606299131469452784 : Checking image 2 border left 176
1606299131469480586 : Checking image 2 border right 176

</system-out><system-err>--------------------------------- Captured Err ---------------------------------

</system-err></testcase><testcase classname="tests.test_images" name="test_wrong_split_line_png" time="34.995"><system-out>--------------------------------- Captured Log ---------------------------------

--------------------------------- Captured Out ---------------------------------
/home/runner/work/ocr-book/ocr-book/tests/wrong_split_line.png
1606299139883643883 : Checking separation double page angle 89.81531182790899
1606299139883725587 : Checking separation double page y=0 2465
1606299145731287606 : Checking page rotation 1 -0.04999999999999716
1606299151997084425 : Checking page rotation 2 0.6000000000000001
1606299153451065053 : Checking image 1 crop x1 211
1606299153451145456 : Checking image 1 crop y1 156
1606299153451187457 : Checking image 1 crop x2 2323
1606299153451227559 : Checking image 1 crop y2 3363
1606299154884925109 : Checking image 2 crop x1 124
1606299154885008112 : Checking image 2 crop y1 167
1606299154885050914 : Checking image 2 crop x2 2236
1606299154885090816 : Checking image 2 crop y2 3373
1606299154921567830 : Checking image 1 dpi 300
1606299154921710836 : Checking image 1 border top 116
1606299154921749437 : Checking image 1 border bottom 164
1606299154921783238 : Checking image 1 border left 174
1606299154921816840 : Checking image 1 border right 174
1606299154923819917 : Checking image 2 dpi 300
1606299154923898320 : Checking image 2 border top 142
1606299154923933122 : Checking image 2 border bottom 139
1606299154923966423 : Checking image 2 border left 174
1606299154923999724 : Checking image 2 border right 174

</system-out><system-err>--------------------------------- Captured Err ---------------------------------

</system-err></testcase><testcase classname="tests.test_images" name="test_crop_too_much_png" time="57.796"><system-out>--------------------------------- Captured Log ---------------------------------

--------------------------------- Captured Out ---------------------------------
/home/runner/work/ocr-book/ocr-book/tests/crop_too_much.png
1606299158552790456 : Checking separation double page angle 90.14985593620918
1606299158552889460 : Checking separation double page y=0 2457
1606299171692494131 : Checking page rotation 1 0.0
1606299183317463232 : Checking page rotation 2 0.4
1606299186381718420 : Checking image 1 crop x1 303
1606299186381802323 : Checking image 1 crop y1 148
1606299186381842024 : Checking image 1 crop x2 2313
1606299186381878526 : Checking image 1 crop y2 3351
1606299189231119186 : Checking image 2 crop x1 166
1606299189231217590 : Checking image 2 crop y1 154
1606299189231252491 : Checking image 2 crop x2 2180
1606299189231285392 : Checking image 2 crop y2 3360
1606299189280653377 : Checking image 1 dpi 300
1606299189280755980 : Checking image 1 border top 131
1606299189280792982 : Checking image 1 border bottom 153
1606299189280826983 : Checking image 1 border left 225
1606299189280859884 : Checking image 1 border right 225
1606299189282691150 : Checking image 2 dpi 300
1606299189282785254 : Checking image 2 border top 138
1606299189282819955 : Checking image 2 border bottom 143
1606299189282853156 : Checking image 2 border left 223
1606299189282885857 : Checking image 2 border right 223

</system-out><system-err>--------------------------------- Captured Err ---------------------------------

</system-err></testcase><testcase classname="tests.test_images" name="test_crop_too_few_png" time="39.870"><system-out>--------------------------------- Captured Log ---------------------------------

--------------------------------- Captured Out ---------------------------------
/home/runner/work/ocr-book/ocr-book/tests/crop_too_few.png
1606299178864045308 : Checking separation double page angle 89.22405802376838
1606299178864132612 : Checking separation double page y=0 2508
1606299185416177620 : Checking page rotation 1 -0.75
1606299191611513498 : Checking page rotation 2 0.0
1606299193258551964 : Checking image 1 crop x1 265
1606299193258629466 : Checking image 1 crop y1 152
1606299193258667768 : Checking image 1 crop x2 2375
1606299193258703769 : Checking image 1 crop y2 3356
1606299194761367512 : Checking image 2 crop x1 141
1606299194761449115 : Checking image 2 crop y1 141
1606299194761491116 : Checking image 2 crop x2 2263
1606299194761530518 : Checking image 2 crop y2 3345
1606299194795931552 : Checking image 1 dpi 300
1606299194796031755 : Checking image 1 border top 116
1606299194796068557 : Checking image 1 border bottom 167
1606299194796103258 : Checking image 1 border left 175
1606299194796136659 : Checking image 1 border right 175
1606299194798208933 : Checking image 2 dpi 300
1606299194798290436 : Checking image 2 border top 140
1606299194798325138 : Checking image 2 border bottom 143
1606299194798358939 : Checking image 2 border left 169
1606299194798392440 : Checking image 2 border right 169

</system-out><system-err>--------------------------------- Captured Err ---------------------------------

</system-err></testcase><testcase classname="tests.test_images" name="test_crop_too_much_2_png" time="51.031"><system-out>--------------------------------- Captured Log ---------------------------------

--------------------------------- Captured Out ---------------------------------
/home/runner/work/ocr-book/ocr-book/tests/crop_too_much_2.png
1606299211438469599 : Checking separation double page angle 90.11877656502412
1606299211438559102 : Checking separation double page y=0 2476
1606299221824633981 : Checking page rotation 1 0.2
1606299233922640651 : Checking page rotation 2 0.2
1606299236943128184 : Checking image 1 crop x1 332
1606299236943208094 : Checking image 1 crop y1 131
1606299236943250199 : Checking image 1 crop x2 2342
1606299236943291104 : Checking image 1 crop y2 3336
1606299240242362275 : Checking image 2 crop x1 164
1606299240242446385 : Checking image 2 crop y1 139
1606299240242487890 : Checking image 2 crop x2 2177
1606299240242527594 : Checking image 2 crop y2 3345
1606299240297754774 : Checking image 1 dpi 300
1606299240297857686 : Checking image 1 border top 116
1606299240297893991 : Checking image 1 border bottom 166
1606299240297927695 : Checking image 1 border left 225
1606299240297960999 : Checking image 1 border right 225
1606299240299683901 : Checking image 2 dpi 300
1606299240299764010 : Checking image 2 border top 133
1606299240299798214 : Checking image 2 border bottom 148
1606299240299830818 : Checking image 2 border left 223
1606299240299863222 : Checking image 2 border right 223

</system-out><system-err>--------------------------------- Captured Err ---------------------------------

</system-err></testcase></testsuite></testsuites>