<?xml version="1.0" encoding="utf-8"?><testsuites><testsuite name="pytest" errors="0" failures="0" skipped="0" tests="16" time="361.181" timestamp="2020-11-21T14:16:50.073236" hostname="fv-az68-621"><testcase classname="tests.test_features" name="test_disabled_enable_debug" time="32.665"><system-out>--------------------------------- Captured Log ---------------------------------

--------------------------------- Captured Out ---------------------------------
/home/runner/work/ocr-book/ocr-book/tests/0001_debug.png
separation double page angle 90.53945493634917
separation double page y=0 2485
page rotation 1 0.75
page rotation 2 0.2
image 1 crop x1 330
image 1 crop y1 336
image 1 crop x2 2343
image 1 crop y2 3223
image 2 crop x1 169
image 2 crop y1 648
image 2 crop x2 2186
image 2 crop y2 3361
image 1 dpi 300
image 1 border top 324
image 1 border bottom 276
image 1 border left 223
image 1 border right 223
image 2 dpi 300
image 2 border top 671
image 2 border bottom 103
image 2 border left 221
image 2 border right 221

</system-out><system-err>--------------------------------- Captured Err ---------------------------------

</system-err></testcase><testcase classname="tests.test_features" name="test_mock_stop_at_0" time="0.055"><system-out>--------------------------------- Captured Log ---------------------------------

--------------------------------- Captured Out ---------------------------------
/home/runner/work/ocr-book/ocr-book/tests/0001_0.png

</system-out><system-err>--------------------------------- Captured Err ---------------------------------

</system-err></testcase><testcase classname="tests.test_features" name="test_mock_stop_at_2" time="41.131"><system-out>--------------------------------- Captured Log ---------------------------------

--------------------------------- Captured Out ---------------------------------
/home/runner/work/ocr-book/ocr-book/tests/0001_2.png
separation double page angle 90.53945493634917
separation double page y=0 2485
page rotation 1 0.75
page rotation 2 0.2

</system-out><system-err>--------------------------------- Captured Err ---------------------------------

</system-err></testcase><testcase classname="tests.test_features" name="test_mock_stop_at_1" time="22.875"><system-out>--------------------------------- Captured Log ---------------------------------

--------------------------------- Captured Out ---------------------------------
/home/runner/work/ocr-book/ocr-book/tests/0001_1.png
separation double page angle 90.53945493634917
separation double page y=0 2485

</system-out><system-err>--------------------------------- Captured Err ---------------------------------

</system-err></testcase><testcase classname="tests.test_features" name="test_mock_stop_at_3" time="44.354"><system-out>--------------------------------- Captured Log ---------------------------------

--------------------------------- Captured Out ---------------------------------
/home/runner/work/ocr-book/ocr-book/tests/0001_3.png
separation double page angle 90.53945493634917
separation double page y=0 2485
page rotation 1 0.75
page rotation 2 0.2
image 1 crop x1 330
image 1 crop y1 336
image 1 crop x2 2343
image 1 crop y2 3223
image 2 crop x1 169
image 2 crop y1 648
image 2 crop x2 2186
image 2 crop y2 3361

</system-out><system-err>--------------------------------- Captured Err ---------------------------------

</system-err></testcase><testcase classname="tests.test_features" name="test_mock_stop_at_5" time="44.157"><system-out>--------------------------------- Captured Log ---------------------------------

--------------------------------- Captured Out ---------------------------------
/home/runner/work/ocr-book/ocr-book/tests/0001_5.png
separation double page angle 90.53945493634917
separation double page y=0 2485
page rotation 1 0.75
page rotation 2 0.2
image 1 crop x1 330
image 1 crop y1 336
image 1 crop x2 2343
image 1 crop y2 3223
image 2 crop x1 169
image 2 crop y1 648
image 2 crop x2 2186
image 2 crop y2 3361
image 1 dpi 300
image 1 border top 324
image 1 border bottom 276
image 1 border left 223
image 1 border right 223
image 2 dpi 300
image 2 border top 671
image 2 border bottom 103
image 2 border left 221
image 2 border right 221

</system-out><system-err>--------------------------------- Captured Err ---------------------------------

</system-err></testcase><testcase classname="tests.test_features" name="test_mock_stop_at_4" time="44.234"><system-out>--------------------------------- Captured Log ---------------------------------

--------------------------------- Captured Out ---------------------------------
/home/runner/work/ocr-book/ocr-book/tests/0001_4.png
separation double page angle 90.53945493634917
separation double page y=0 2485
page rotation 1 0.75
page rotation 2 0.2
image 1 crop x1 330
image 1 crop y1 336
image 1 crop x2 2343
image 1 crop y2 3223
image 2 crop x1 169
image 2 crop y1 648
image 2 crop x2 2186
image 2 crop y2 3361
image 1 dpi 300
image 1 border top 324
image 1 border bottom 276
image 1 border left 223
image 1 border right 223
image 2 dpi 300
image 2 border top 671
image 2 border bottom 103
image 2 border left 221
image 2 border right 221

</system-out><system-err>--------------------------------- Captured Err ---------------------------------

</system-err></testcase><testcase classname="tests.test_images" name="test_0001_png" time="44.209"><system-out>--------------------------------- Captured Log ---------------------------------

--------------------------------- Captured Out ---------------------------------
/home/runner/work/ocr-book/ocr-book/tests/0001.png
1605968333590445434 : Checking separation double page angle 90.53945493634917
1605968333590549829 : Checking separation double page y=0 2485
1605968341746415892 : Checking page rotation 1 0.75
1605968351510259125 : Checking page rotation 2 0.2
1605968353157406854 : Checking image 1 crop x1 330
1605968353157495551 : Checking image 1 crop y1 336
1605968353157540350 : Checking image 1 crop x2 2343
1605968353157581849 : Checking image 1 crop y2 3223
1605968355059015957 : Checking image 2 crop x1 169
1605968355059105955 : Checking image 2 crop y1 648
1605968355059151654 : Checking image 2 crop x2 2186
1605968355059193553 : Checking image 2 crop y2 3361
1605968355096171265 : Checking image 1 dpi 300
1605968355096317861 : Checking image 1 border top 324
1605968355096358160 : Checking image 1 border bottom 276
1605968355096393759 : Checking image 1 border left 223
1605968355096429259 : Checking image 1 border right 223
1605968355098506609 : Checking image 2 dpi 300
1605968355098617706 : Checking image 2 border top 671
1605968355098655605 : Checking image 2 border bottom 103
1605968355098690404 : Checking image 2 border left 221
1605968355098725503 : Checking image 2 border right 221

</system-out><system-err>--------------------------------- Captured Err ---------------------------------

</system-err></testcase><testcase classname="tests.test_images" name="test_2_pages_2_contours_png" time="29.137"><system-out>--------------------------------- Captured Log ---------------------------------

--------------------------------- Captured Out ---------------------------------
/home/runner/work/ocr-book/ocr-book/tests/2-pages-2-contours.png
1605968357522010055 : Checking separation double page angle 90.15647898380502
1605968357522110152 : Checking separation double page y=0 2489
1605968359913246251 : Checking page rotation 1 0.05
1605968367684317389 : Checking page rotation 2 0.35000000000000003
1605968368571848065 : Checking image 1 crop x1 1186
1605968368571921564 : Checking image 1 crop y1 1720
1605968368571958064 : Checking image 1 crop x2 1187
1605968368571992663 : Checking image 1 crop y2 1721
1605968370121064227 : Checking image 2 crop x1 102
1605968370121154926 : Checking image 2 crop y1 240
1605968370121199626 : Checking image 2 crop x2 2149
1605968370121240525 : Checking image 2 crop y2 3239
1605968370157189376 : Checking image 1 dpi 300
1605968370157301575 : Checking image 1 border top 1753
1605968370157340475 : Checking image 1 border bottom 1753
1605968370157376175 : Checking image 1 border left 1239
1605968370157411274 : Checking image 1 border right 1239
1605968370158965259 : Checking image 2 dpi 300
1605968370159090658 : Checking image 2 border top 229
1605968370159127258 : Checking image 2 border bottom 259
1605968370159161957 : Checking image 2 border left 206
1605968370159196357 : Checking image 2 border right 206

</system-out><system-err>--------------------------------- Captured Err ---------------------------------

</system-err></testcase><testcase classname="tests.test_images" name="test_black_border_not_removed_png" time="56.417"><system-out>--------------------------------- Captured Log ---------------------------------

--------------------------------- Captured Out ---------------------------------
/home/runner/work/ocr-book/ocr-book/tests/black-border-not-removed.png
1605968386282598643 : Checking separation double page angle 89.9903688802698
1605968386282696643 : Checking separation double page y=0 2455
1605968394783618234 : Checking page rotation 1 0.0
1605968407364016639 : Checking page rotation 2 0.0
1605968409287074202 : Checking image 1 crop x1 297
1605968409287164403 : Checking image 1 crop y1 143
1605968409287209104 : Checking image 1 crop x2 2309
1605968409287250405 : Checking image 1 crop y2 3346
1605968411481025350 : Checking image 2 crop x1 156
1605968411481114552 : Checking image 2 crop y1 145
1605968411481158753 : Checking image 2 crop x2 2168
1605968411481200853 : Checking image 2 crop y2 3352
1605968411521352989 : Checking image 1 dpi 300
1605968411521495591 : Checking image 1 border top 128
1605968411521535392 : Checking image 1 border bottom 156
1605968411521570992 : Checking image 1 border left 224
1605968411521606293 : Checking image 1 border right 224
1605968411523722727 : Checking image 2 dpi 300
1605968411523839628 : Checking image 2 border top 130
1605968411523877029 : Checking image 2 border bottom 150
1605968411523912130 : Checking image 2 border left 224
1605968411523946730 : Checking image 2 border right 224

</system-out><system-err>--------------------------------- Captured Err ---------------------------------

</system-err></testcase><testcase classname="tests.test_images" name="test_image_failed_to_rotate_png" time="51.535"><system-out>--------------------------------- Captured Log ---------------------------------

--------------------------------- Captured Out ---------------------------------
/home/runner/work/ocr-book/ocr-book/tests/image_failed_to_rotate.png
1605968392307779231 : Checking separation double page angle 90.14353501543772
1605968392307876832 : Checking separation double page y=0 2476
1605968398065501889 : Checking page rotation 1 0.35000000000000003
1605968407160309886 : Checking page rotation 2 0.45
1605968419681039893 : Checking image 1 crop x1 34
1605968419681128795 : Checking image 1 crop y1 1
1605968419681168196 : Checking image 1 crop x2 2474
1605968419681205196 : Checking image 1 crop y2 3500
1605968421499977127 : Checking image 2 crop x1 171
1605968421500065629 : Checking image 2 crop y1 234
1605968421500109330 : Checking image 2 crop x2 2250
1605968421500151231 : Checking image 2 crop y2 3355
1605968421545389233 : Checking image 1 dpi 300
1605968421545529635 : Checking image 1 border top 4
1605968421545569636 : Checking image 1 border bottom 4
1605968421545604837 : Checking image 1 border left 20
1605968421545640038 : Checking image 1 border right 20
1605968421547832081 : Checking image 2 dpi 300
1605968421547959684 : Checking image 2 border top 206
1605968421547997085 : Checking image 2 border bottom 160
1605968421548032185 : Checking image 2 border left 190
1605968421548066486 : Checking image 2 border right 190

</system-out><system-err>--------------------------------- Captured Err ---------------------------------

</system-err></testcase><testcase classname="tests.test_images" name="test_image_failed_to_crop_data_png" time="54.369"><system-out>--------------------------------- Captured Log ---------------------------------

--------------------------------- Captured Out ---------------------------------
/home/runner/work/ocr-book/ocr-book/tests/image_failed_to_crop_data.png
1605968437132932764 : Checking separation double page angle 90.06228874101497
1605968437133032966 : Checking separation double page y=0 2482
1605968444091064611 : Checking page rotation 1 0.2
1605968451547908581 : Checking page rotation 2 0.05
1605968464083627631 : Checking image 1 crop x1 58
1605968464083716134 : Checking image 1 crop y1 8
1605968464083756335 : Checking image 1 crop x2 2480
1605968464083794437 : Checking image 1 crop y2 3504
1605968465754577560 : Checking image 2 crop x1 159
1605968465754671763 : Checking image 2 crop y1 217
1605968465754715465 : Checking image 2 crop x2 2240
1605968465754756666 : Checking image 2 crop y2 3350
1605968465795059954 : Checking image 1 dpi 300
1605968465795206559 : Checking image 1 border top 6
1605968465795246560 : Checking image 1 border bottom 6
1605968465795281461 : Checking image 1 border left 29
1605968465795316062 : Checking image 1 border right 29
1605968465797520033 : Checking image 2 dpi 300
1605968465797634036 : Checking image 2 border top 209
1605968465797671338 : Checking image 2 border bottom 145
1605968465797746940 : Checking image 2 border left 189
1605968465797784541 : Checking image 2 border right 189

</system-out><system-err>--------------------------------- Captured Err ---------------------------------

</system-err></testcase><testcase classname="tests.test_images" name="test_wrong_angle_split_line_png" time="65.541"><system-out>--------------------------------- Captured Log ---------------------------------

--------------------------------- Captured Out ---------------------------------
/home/runner/work/ocr-book/ocr-book/tests/wrong_angle_split_line.png
1605968451954968483 : Checking separation double page angle 90.08422009258813
1605968451955065686 : Checking separation double page y=0 2487
1605968460694895592 : Checking page rotation 1 0.0
1605968470681143285 : Checking page rotation 2 0.0
1605968483594613789 : Checking image 1 crop x1 53
1605968483594704692 : Checking image 1 crop y1 8
1605968483594744894 : Checking image 1 crop x2 2485
1605968483594782295 : Checking image 1 crop y2 3505
1605968486244882286 : Checking image 2 crop x1 154
1605968486244973989 : Checking image 2 crop y1 217
1605968486245018690 : Checking image 2 crop x2 2237
1605968486245060592 : Checking image 2 crop y2 3350
1605968486423299692 : Checking image 1 dpi 300
1605968486423440797 : Checking image 1 border top 5
1605968486423480198 : Checking image 1 border bottom 5
1605968486423515200 : Checking image 1 border left 24
1605968486423550201 : Checking image 1 border right 24
1605968486429984228 : Checking image 2 dpi 300
1605968486430175235 : Checking image 2 border top 195
1605968486430213236 : Checking image 2 border bottom 159
1605968486430247938 : Checking image 2 border left 188
1605968486430282439 : Checking image 2 border right 188

</system-out><system-err>--------------------------------- Captured Err ---------------------------------

</system-err></testcase><testcase classname="tests.test_images" name="test_angle_page_lower_split_line_png" time="39.122"><system-out>--------------------------------- Captured Log ---------------------------------

--------------------------------- Captured Out ---------------------------------
/home/runner/work/ocr-book/ocr-book/tests/angle_page_lower_split_line.png
1605968481770601788 : Checking separation double page angle 89.74710364870903
1605968481770703992 : Checking separation double page y=0 2471
1605968492701255030 : Checking page rotation 1 -0.44999999999998863
1605968501202417520 : Checking page rotation 2 0.2
1605968503272833532 : Checking image 1 crop x1 245
1605968503272927535 : Checking image 1 crop y1 161
1605968503272972137 : Checking image 1 crop x2 2351
1605968503273014039 : Checking image 1 crop y2 3364
1605968504972615064 : Checking image 2 crop x1 153
1605968504972706268 : Checking image 2 crop y1 147
1605968504972751369 : Checking image 2 crop x2 2260
1605968504972793571 : Checking image 2 crop y2 3350
1605968505012667766 : Checking image 1 dpi 300
1605968505012811772 : Checking image 1 border top 131
1605968505012851573 : Checking image 1 border bottom 152
1605968505012887674 : Checking image 1 border left 177
1605968505012923376 : Checking image 1 border right 177
1605968505015120258 : Checking image 2 dpi 300
1605968505015237063 : Checking image 2 border top 118
1605968505015275064 : Checking image 2 border bottom 166
1605968505015310065 : Checking image 2 border left 176
1605968505015345167 : Checking image 2 border right 176

</system-out><system-err>--------------------------------- Captured Err ---------------------------------

</system-err></testcase><testcase classname="tests.test_images" name="test_wrong_split_line_png" time="39.942"><system-out>--------------------------------- Captured Log ---------------------------------

--------------------------------- Captured Out ---------------------------------
/home/runner/work/ocr-book/ocr-book/tests/wrong_split_line.png
1605968510044667883 : Checking separation double page angle 89.81531182790899
1605968510044775387 : Checking separation double page y=0 2465
1605968516849487932 : Checking page rotation 1 -0.04999999999999716
1605968524249786710 : Checking page rotation 2 0.6000000000000001
1605968525726152165 : Checking image 1 crop x1 211
1605968525726241670 : Checking image 1 crop y1 156
1605968525726285272 : Checking image 1 crop x2 2323
1605968525726326074 : Checking image 1 crop y2 3363
1605968527142275236 : Checking image 2 crop x1 124
1605968527142365541 : Checking image 2 crop y1 167
1605968527142409643 : Checking image 2 crop x2 2236
1605968527142451446 : Checking image 2 crop y2 3373
1605968527180230025 : Checking image 1 dpi 300
1605968527180378833 : Checking image 1 border top 180
1605968527180418536 : Checking image 1 border bottom 100
1605968527180454138 : Checking image 1 border left 174
1605968527180489139 : Checking image 1 border right 174
1605968527182789866 : Checking image 2 dpi 300
1605968527182938374 : Checking image 2 border top 129
1605968527182976376 : Checking image 2 border bottom 152
1605968527183011578 : Checking image 2 border left 174
1605968527183045980 : Checking image 2 border right 174

</system-out><system-err>--------------------------------- Captured Err ---------------------------------

</system-err></testcase><testcase classname="tests.test_images" name="test_crop_too_much_png" time="64.601"><system-out>--------------------------------- Captured Log ---------------------------------

--------------------------------- Captured Out ---------------------------------
/home/runner/work/ocr-book/ocr-book/tests/crop_too_much.png
1605968535394375337 : Checking separation double page angle 90.14985593620918
1605968535394476042 : Checking separation double page y=0 2457
1605968549954084677 : Checking page rotation 1 0.0
1605968564109917107 : Checking page rotation 2 0.4
1605968566862970809 : Checking image 1 crop x1 303
1605968566863062914 : Checking image 1 crop y1 148
1605968566863107716 : Checking image 1 crop x2 2313
1605968566863149818 : Checking image 1 crop y2 3351
1605968569555131097 : Checking image 2 crop x1 166
1605968569555221501 : Checking image 2 crop y1 154
1605968569555265904 : Checking image 2 crop x2 2180
1605968569555307706 : Checking image 2 crop y2 3360
1605968569606302373 : Checking image 1 dpi 300
1605968569606446880 : Checking image 1 border top 116
1605968569606486683 : Checking image 1 border bottom 168
1605968569606522484 : Checking image 1 border left 225
1605968569606558486 : Checking image 1 border right 225
1605968569608326079 : Checking image 2 dpi 300
1605968569608427984 : Checking image 2 border top 95
1605968569608464986 : Checking image 2 border bottom 186
1605968569608500188 : Checking image 2 border left 223
1605968569608535190 : Checking image 2 border right 223

</system-out><system-err>--------------------------------- Captured Err ---------------------------------

</system-err></testcase></testsuite></testsuites>