<?xml version="1.0" encoding="utf-8"?><testsuites><testsuite errors="0" failures="0" hostname="fv-az92-153" name="pytest" skipped="0" tests="29" time="893.966" timestamp="2020-12-02T20:51:39.034964"><testcase classname="tests.test_features" name="test_mock_stop_at_0" time="0.053"><system-out>--------------------------------- Captured Log ---------------------------------

--------------------------------- Captured Out ---------------------------------
/home/runner/work/ocr-book/ocr-book/tests/0001_0.png

</system-out><system-err>--------------------------------- Captured Err ---------------------------------

</system-err></testcase><testcase classname="tests.test_features" name="test_disabled_enable_debug" time="44.186"><system-out>--------------------------------- Captured Log ---------------------------------

--------------------------------- Captured Out ---------------------------------
/home/runner/work/ocr-book/ocr-book/tests/0001_debug.png
separation double page angle 90.57780420099763
separation double page y=0 2487
page rotation 1 0.75
page rotation 2 0.2
image 1 crop x1 330
image 1 crop y1 336
image 1 crop x2 2343
image 1 crop y2 3223
image 2 crop x1 169
image 2 crop y1 648
image 2 crop x2 2186
image 2 crop y2 3361
image 1 dpi 300
image 1 border top 340
image 1 border bottom 260
image 1 border left 223
image 1 border right 223
image 2 dpi 300
image 2 border top 646
image 2 border bottom 128
image 2 border left 221
image 2 border right 221

</system-out><system-err>--------------------------------- Captured Err ---------------------------------

</system-err></testcase><testcase classname="tests.test_features" name="test_mock_stop_at_2" time="50.089"><system-out>--------------------------------- Captured Log ---------------------------------

--------------------------------- Captured Out ---------------------------------
/home/runner/work/ocr-book/ocr-book/tests/0001_2.png
separation double page angle 90.57780420099763
separation double page y=0 2487
page rotation 1 0.75
page rotation 2 0.2

</system-out><system-err>--------------------------------- Captured Err ---------------------------------

</system-err></testcase><testcase classname="tests.test_features" name="test_mock_stop_at_1" time="33.444"><system-out>--------------------------------- Captured Log ---------------------------------

--------------------------------- Captured Out ---------------------------------
/home/runner/work/ocr-book/ocr-book/tests/0001_1.png
separation double page angle 90.57780420099763
separation double page y=0 2487

</system-out><system-err>--------------------------------- Captured Err ---------------------------------

</system-err></testcase><testcase classname="tests.test_features" name="test_mock_stop_at_4" time="55.749"><system-out>--------------------------------- Captured Log ---------------------------------

--------------------------------- Captured Out ---------------------------------
/home/runner/work/ocr-book/ocr-book/tests/0001_4.png
separation double page angle 90.57780420099763
separation double page y=0 2487
page rotation 1 0.75
page rotation 2 0.2
image 1 crop x1 330
image 1 crop y1 336
image 1 crop x2 2343
image 1 crop y2 3223
image 2 crop x1 169
image 2 crop y1 648
image 2 crop x2 2186
image 2 crop y2 3361
image 1 dpi 300
image 1 border top 340
image 1 border bottom 260
image 1 border left 223
image 1 border right 223
image 2 dpi 300
image 2 border top 646
image 2 border bottom 128
image 2 border left 221
image 2 border right 221

</system-out><system-err>--------------------------------- Captured Err ---------------------------------

</system-err></testcase><testcase classname="tests.test_features" name="test_mock_stop_at_3" time="55.309"><system-out>--------------------------------- Captured Log ---------------------------------

--------------------------------- Captured Out ---------------------------------
/home/runner/work/ocr-book/ocr-book/tests/0001_3.png
separation double page angle 90.57780420099763
separation double page y=0 2487
page rotation 1 0.75
page rotation 2 0.2
image 1 crop x1 330
image 1 crop y1 336
image 1 crop x2 2343
image 1 crop y2 3223
image 2 crop x1 169
image 2 crop y1 648
image 2 crop x2 2186
image 2 crop y2 3361

</system-out><system-err>--------------------------------- Captured Err ---------------------------------

</system-err></testcase><testcase classname="tests.test_images" name="test_0001_png" time="55.792"><system-out>--------------------------------- Captured Log ---------------------------------

--------------------------------- Captured Out ---------------------------------
/home/runner/work/ocr-book/ocr-book/tests/0001.png
1606942439683520512 : Checking separation double page angle 90.57780420099763
1606942439683627264 : Checking separation double page y=0 2487
1606942446739408896 : Checking page rotation 1 0.75
1606942455255821824 : Checking page rotation 2 0.2
1606942458609089792 : Checking image 1 crop x1 330
1606942458609228032 : Checking image 1 crop y1 336
1606942458609274112 : Checking image 1 crop x2 2343
1606942458609314816 : Checking image 1 crop y2 3223
1606942461856901376 : Checking image 2 crop x1 169
1606942461857040640 : Checking image 2 crop y1 648
1606942461857089280 : Checking image 2 crop x2 2186
1606942461857130752 : Checking image 2 crop y2 3361
1606942461893279232 : Checking image 1 dpi 300
1606942461893405696 : Checking image 1 border top 340
1606942461893445888 : Checking image 1 border bottom 260
1606942461893481984 : Checking image 1 border left 223
1606942461893517568 : Checking image 1 border right 223
1606942461895766784 : Checking image 2 dpi 300
1606942461895857408 : Checking image 2 border top 646
1606942461895894784 : Checking image 2 border bottom 128
1606942461895929856 : Checking image 2 border left 221
1606942461895964672 : Checking image 2 border right 221

</system-out><system-err>--------------------------------- Captured Err ---------------------------------

</system-err></testcase><testcase classname="tests.test_features" name="test_mock_stop_at_5" time="54.807"><system-out>--------------------------------- Captured Log ---------------------------------

--------------------------------- Captured Out ---------------------------------
/home/runner/work/ocr-book/ocr-book/tests/0001_5.png
separation double page angle 90.57780420099763
separation double page y=0 2487
page rotation 1 0.75
page rotation 2 0.2
image 1 crop x1 330
image 1 crop y1 336
image 1 crop x2 2343
image 1 crop y2 3223
image 2 crop x1 169
image 2 crop y1 648
image 2 crop x2 2186
image 2 crop y2 3361
image 1 dpi 300
image 1 border top 340
image 1 border bottom 260
image 1 border left 223
image 1 border right 223
image 2 dpi 300
image 2 border top 646
image 2 border bottom 128
image 2 border left 221
image 2 border right 221

</system-out><system-err>--------------------------------- Captured Err ---------------------------------

</system-err></testcase><testcase classname="tests.test_images" name="test_2_pages_2_contours_png" time="37.357"><system-out>--------------------------------- Captured Log ---------------------------------

--------------------------------- Captured Out ---------------------------------
/home/runner/work/ocr-book/ocr-book/tests/2-pages-2-contours.png
1606942485432348160 : Checking separation double page angle 89.91958537671144
1606942485432452608 : Checking separation double page y=0 2492
1606942487774226432 : Checking page rotation 1 0.05
1606942494118345472 : Checking page rotation 2 0.35000000000000003
1606942495178739968 : Checking image 1 crop x1 1191
1606942495178877696 : Checking image 1 crop y1 1733
1606942495178916864 : Checking image 1 crop x2 1192
1606942495178951168 : Checking image 1 crop y2 1734
1606942499230648576 : Checking image 2 crop x1 89
1606942499230791936 : Checking image 2 crop y1 240
1606942499230838016 : Checking image 2 crop x2 2136
1606942499230880512 : Checking image 2 crop y2 3239
1606942499266335232 : Checking image 1 dpi 300
1606942499266459648 : Checking image 1 border top 1752
1606942499266499328 : Checking image 1 border bottom 1753
1606942499266538240 : Checking image 1 border left 1239
1606942499266573824 : Checking image 1 border right 1239
1606942499268005888 : Checking image 2 dpi 300
1606942499268100352 : Checking image 2 border top 231
1606942499268137728 : Checking image 2 border bottom 257
1606942499268172544 : Checking image 2 border left 206
1606942499268207616 : Checking image 2 border right 206

</system-out><system-err>--------------------------------- Captured Err ---------------------------------

</system-err></testcase><testcase classname="tests.test_images" name="test_image_failed_to_crop_data_png" time="61.075"><system-out>--------------------------------- Captured Log ---------------------------------

--------------------------------- Captured Out ---------------------------------
/home/runner/work/ocr-book/ocr-book/tests/image_failed_to_crop_data.png
1606942520643569920 : Checking separation double page angle 89.91538216173362
1606942520643665152 : Checking separation double page y=0 2477
1606942526579224320 : Checking page rotation 1 0.2
1606942532792274176 : Checking page rotation 2 0.0
1606942543898606080 : Checking image 1 crop x1 58
1606942543898746112 : Checking image 1 crop y1 8
1606942543898790656 : Checking image 1 crop x2 2480
1606942543898830592 : Checking image 1 crop y2 3504
1606942548934381824 : Checking image 2 crop x1 159
1606942548934525184 : Checking image 2 crop y1 217
1606942548934571264 : Checking image 2 crop x2 2241
1606942548934615296 : Checking image 2 crop y2 3350
1606942548969195520 : Checking image 1 dpi 300
1606942548969320192 : Checking image 1 border top 6
1606942548969364480 : Checking image 1 border bottom 6
1606942548969400576 : Checking image 1 border left 29
1606942548969436416 : Checking image 1 border right 29
1606942548971695104 : Checking image 2 dpi 300
1606942548971819520 : Checking image 2 border top 225
1606942548971858176 : Checking image 2 border bottom 129
1606942548971893760 : Checking image 2 border left 189
1606942548971929344 : Checking image 2 border right 189

</system-out><system-err>--------------------------------- Captured Err ---------------------------------

</system-err></testcase><testcase classname="tests.test_images" name="test_black_border_not_removed_png" time="63.630"><system-out>--------------------------------- Captured Log ---------------------------------

--------------------------------- Captured Out ---------------------------------
/home/runner/work/ocr-book/ocr-book/tests/black-border-not-removed.png
1606942535777010176 : Checking separation double page angle 90.02895758682553
1606942535777116416 : Checking separation double page y=0 2456
1606942543278297600 : Checking page rotation 1 0.0
1606942553560253440 : Checking page rotation 2 0.0
1606942557092401664 : Checking image 1 crop x1 297
1606942557092492032 : Checking image 1 crop y1 143
1606942557092534528 : Checking image 1 crop x2 2309
1606942557092574976 : Checking image 1 crop y2 3346
1606942562853481984 : Checking image 2 crop x1 157
1606942562853618688 : Checking image 2 crop y1 145
1606942562853664512 : Checking image 2 crop x2 2169
1606942562853708032 : Checking image 2 crop y2 3352
1606942562891805696 : Checking image 1 dpi 300
1606942562891932672 : Checking image 1 border top 130
1606942562891973120 : Checking image 1 border bottom 154
1606942562892009472 : Checking image 1 border left 224
1606942562892045056 : Checking image 1 border right 224
1606942562894633728 : Checking image 2 dpi 300
1606942562894729728 : Checking image 2 border top 139
1606942562894766848 : Checking image 2 border bottom 141
1606942562894801920 : Checking image 2 border left 224
1606942562894836736 : Checking image 2 border right 224

</system-out><system-err>--------------------------------- Captured Err ---------------------------------

</system-err></testcase><testcase classname="tests.test_images" name="test_wrong_angle_split_line_png" time="70.076"><system-out>--------------------------------- Captured Log ---------------------------------

--------------------------------- Captured Out ---------------------------------
/home/runner/work/ocr-book/ocr-book/tests/wrong_angle_split_line.png
1606942584015132672 : Checking separation double page angle 90.04193420006348
1606942584015231488 : Checking separation double page y=0 2477
1606942591942221312 : Checking page rotation 1 0.2
1606942600274021120 : Checking page rotation 2 0.05
1606942612392739840 : Checking image 1 crop x1 61
1606942612392882688 : Checking image 1 crop y1 7
1606942612392926976 : Checking image 1 crop x2 2475
1606942612392965888 : Checking image 1 crop y2 3500
1606942618132711168 : Checking image 2 crop x1 163
1606942618132862720 : Checking image 2 crop y1 218
1606942618132909056 : Checking image 2 crop x2 2243
1606942618132952832 : Checking image 2 crop y2 3350
1606942618316668416 : Checking image 1 dpi 300
1606942618316796416 : Checking image 1 border top 7
1606942618316836864 : Checking image 1 border bottom 7
1606942618316873728 : Checking image 1 border left 33
1606942618316909824 : Checking image 1 border right 33
1606942618323922944 : Checking image 2 dpi 300
1606942618324041984 : Checking image 2 border top 219
1606942618324079872 : Checking image 2 border bottom 136
1606942618324115456 : Checking image 2 border left 190
1606942618324150272 : Checking image 2 border right 190

</system-out><system-err>--------------------------------- Captured Err ---------------------------------

</system-err></testcase><testcase classname="tests.test_images" name="test_image_failed_to_rotate_png" time="62.264"><system-out>--------------------------------- Captured Log ---------------------------------

--------------------------------- Captured Out ---------------------------------
/home/runner/work/ocr-book/ocr-book/tests/image_failed_to_rotate.png
1606942594318058752 : Checking separation double page angle 90.19634423290287
1606942594318162688 : Checking separation double page y=0 2482
1606942599717970944 : Checking page rotation 1 0.35000000000000003
1606942607794481152 : Checking page rotation 2 0.45
1606942619586996992 : Checking image 1 crop x1 34
1606942619587136000 : Checking image 1 crop y1 1
1606942619587179264 : Checking image 1 crop x2 2480
1606942619587217920 : Checking image 1 crop y2 3500
1606942625004414208 : Checking image 2 crop x1 169
1606942625004551424 : Checking image 2 crop y1 234
1606942625004597504 : Checking image 2 crop x2 2248
1606942625004640768 : Checking image 2 crop y2 3355
1606942625049163264 : Checking image 1 dpi 300
1606942625049297408 : Checking image 1 border top 4
1606942625049338624 : Checking image 1 border bottom 4
1606942625049374976 : Checking image 1 border left 17
1606942625049409792 : Checking image 1 border right 17
1606942625051620864 : Checking image 2 dpi 300
1606942625051713280 : Checking image 2 border top 220
1606942625051779584 : Checking image 2 border bottom 146
1606942625051815936 : Checking image 2 border left 190
1606942625051851008 : Checking image 2 border right 190

</system-out><system-err>--------------------------------- Captured Err ---------------------------------

</system-err></testcase><testcase classname="tests.test_images" name="test_angle_page_lower_split_line_png" time="60.288"><system-out>--------------------------------- Captured Log ---------------------------------

--------------------------------- Captured Out ---------------------------------
/home/runner/work/ocr-book/ocr-book/tests/angle_page_lower_split_line.png
1606942657391471360 : Checking separation double page angle 89.75201324945476
1606942657391574784 : Checking separation double page y=0 2473
1606942666807696640 : Checking page rotation 1 -0.44999999999998863
1606942673782942464 : Checking page rotation 2 0.2
1606942676651400960 : Checking image 1 crop x1 245
1606942676651548160 : Checking image 1 crop y1 161
1606942676651594496 : Checking image 1 crop x2 2351
1606942676651638016 : Checking image 1 crop y2 3364
1606942679370436352 : Checking image 2 crop x1 151
1606942679370581248 : Checking image 2 crop y1 147
1606942679370627840 : Checking image 2 crop x2 2258
1606942679370671360 : Checking image 2 crop y2 3350
1606942679409920768 : Checking image 1 dpi 300
1606942679410049024 : Checking image 1 border top 132
1606942679410089728 : Checking image 1 border bottom 152
1606942679410125824 : Checking image 1 border left 177
1606942679410161920 : Checking image 1 border right 177
1606942679412360960 : Checking image 2 dpi 300
1606942679412452096 : Checking image 2 border top 116
1606942679412489728 : Checking image 2 border bottom 168
1606942679412525312 : Checking image 2 border left 176
1606942679412560384 : Checking image 2 border right 176

</system-out><system-err>--------------------------------- Captured Err ---------------------------------

</system-err></testcase><testcase classname="tests.test_images" name="test_wrong_split_line_png" time="46.260"><system-out>--------------------------------- Captured Log ---------------------------------

--------------------------------- Captured Out ---------------------------------
/home/runner/work/ocr-book/ocr-book/tests/wrong_split_line.png
1606942653866066944 : Checking separation double page angle 89.85895720607971
1606942653866171392 : Checking separation double page y=0 2463
1606942659452748288 : Checking page rotation 1 -0.14999999999999147
1606942666576411648 : Checking page rotation 2 0.65
1606942668910152960 : Checking image 1 crop x1 213
1606942668910290176 : Checking image 1 crop y1 157
1606942668910335488 : Checking image 1 crop x2 2323
1606942668910378240 : Checking image 1 crop y2 3362
1606942671389765120 : Checking image 2 crop x1 126
1606942671389900288 : Checking image 2 crop y1 167
1606942671389946112 : Checking image 2 crop x2 2237
1606942671389989888 : Checking image 2 crop y2 3372
1606942671426971648 : Checking image 1 dpi 300
1606942671427100416 : Checking image 1 border top 115
1606942671427140608 : Checking image 1 border bottom 167
1606942671427176704 : Checking image 1 border left 175
1606942671427211776 : Checking image 1 border right 175
1606942671429364480 : Checking image 2 dpi 300
1606942671429453824 : Checking image 2 border top 142
1606942671429490432 : Checking image 2 border bottom 140
1606942671429524736 : Checking image 2 border left 174
1606942671429559040 : Checking image 2 border right 174

</system-out><system-err>--------------------------------- Captured Err ---------------------------------

</system-err></testcase><testcase classname="tests.test_images" name="test_crop_too_much_png" time="84.891"><system-out>--------------------------------- Captured Log ---------------------------------

--------------------------------- Captured Out ---------------------------------
/home/runner/work/ocr-book/ocr-book/tests/crop_too_much.png
1606942721206759936 : Checking separation double page angle 90.13239409272953
1606942721206865152 : Checking separation double page y=0 2453
1606942733338805504 : Checking page rotation 1 0.0
1606942746443324160 : Checking page rotation 2 0.45
1606942751854160640 : Checking image 1 crop x1 303
1606942751854300416 : Checking image 1 crop y1 148
1606942751854345728 : Checking image 1 crop x2 2313
1606942751854386176 : Checking image 1 crop y2 3351
1606942756250962176 : Checking image 2 crop x1 170
1606942756251104768 : Checking image 2 crop y1 155
1606942756251150848 : Checking image 2 crop x2 2181
1606942756251194112 : Checking image 2 crop y2 3359
1606942756301388288 : Checking image 1 dpi 300
1606942756301522688 : Checking image 1 border top 131
1606942756301562880 : Checking image 1 border bottom 153
1606942756301599488 : Checking image 1 border left 225
1606942756301634560 : Checking image 1 border right 225
1606942756303687680 : Checking image 2 dpi 300
1606942756303797504 : Checking image 2 border top 139
1606942756303834880 : Checking image 2 border bottom 144
1606942756303870208 : Checking image 2 border left 224
1606942756303904768 : Checking image 2 border right 224

</system-out><system-err>--------------------------------- Captured Err ---------------------------------

</system-err></testcase><testcase classname="tests.test_images" name="test_crop_too_few_png" time="49.325"><system-out>--------------------------------- Captured Log ---------------------------------

--------------------------------- Captured Out ---------------------------------
/home/runner/work/ocr-book/ocr-book/tests/crop_too_few.png
1606942711429895936 : Checking separation double page angle 89.39669496435833
1606942711430000640 : Checking separation double page y=0 2510
1606942717694548736 : Checking page rotation 1 -0.75
1606942724051131904 : Checking page rotation 2 0.05
1606942726475621120 : Checking image 1 crop x1 265
1606942726475792640 : Checking image 1 crop y1 152
1606942726475841792 : Checking image 1 crop x2 2375
1606942726475885568 : Checking image 1 crop y2 3356
1606942728706902528 : Checking image 2 crop x1 135
1606942728707047936 : Checking image 2 crop y1 141
1606942728707094528 : Checking image 2 crop x2 2261
1606942728707138304 : Checking image 2 crop y2 3345
1606942728745785344 : Checking image 1 dpi 300
1606942728745916416 : Checking image 1 border top 116
1606942728745956608 : Checking image 1 border bottom 167
1606942728745992960 : Checking image 1 border left 175
1606942728746028800 : Checking image 1 border right 175
1606942728748177920 : Checking image 2 dpi 300
1606942728748272128 : Checking image 2 border top 143
1606942728748309248 : Checking image 2 border bottom 140
1606942728748344320 : Checking image 2 border left 167
1606942728748379904 : Checking image 2 border right 167

</system-out><system-err>--------------------------------- Captured Err ---------------------------------

</system-err></testcase><testcase classname="tests.test_images" name="test_crop_too_much_2_png" time="84.771"><system-out>--------------------------------- Captured Log ---------------------------------

--------------------------------- Captured Out ---------------------------------
/home/runner/work/ocr-book/ocr-book/tests/crop_too_much_2.png
1606942777389300224 : Checking separation double page angle 90.2021118646249
1606942777389402880 : Checking separation double page y=0 2477
1606942790082419200 : Checking page rotation 1 0.2
1606942804167299840 : Checking page rotation 2 0.2
1606942808262493440 : Checking image 1 crop x1 332
1606942808262582784 : Checking image 1 crop y1 131
1606942808262626048 : Checking image 1 crop x2 2342
1606942808262667008 : Checking image 1 crop y2 3336
1606942813429573888 : Checking image 2 crop x1 168
1606942813429716480 : Checking image 2 crop y1 139
1606942813429762048 : Checking image 2 crop x2 2181
1606942813429805568 : Checking image 2 crop y2 3345
1606942813485647104 : Checking image 1 dpi 300
1606942813485770240 : Checking image 1 border top 116
1606942813485810688 : Checking image 1 border bottom 166
1606942813485847296 : Checking image 1 border left 225
1606942813485882880 : Checking image 1 border right 225
1606942813487896576 : Checking image 2 dpi 300
1606942813487980288 : Checking image 2 border top 133
1606942813488019456 : Checking image 2 border bottom 148
1606942813488054784 : Checking image 2 border left 223
1606942813488089856 : Checking image 2 border right 223

</system-out><system-err>--------------------------------- Captured Err ---------------------------------

</system-err></testcase><testcase classname="tests.test_images" name="test_wrong_split_line_2_png" time="104.719"><system-out>--------------------------------- Captured Log ---------------------------------

--------------------------------- Captured Out ---------------------------------
/home/runner/work/ocr-book/ocr-book/tests/wrong_split_line_2.png
1606942815979070720 : Checking separation double page angle 90.3838786217729
1606942815979174400 : Checking separation double page y=0 2442
1606942828498162688 : Checking page rotation 1 0.05
1606942841621737216 : Checking page rotation 2 0.4
1606942849861358592 : Checking image 1 crop x1 294
1606942849861495552 : Checking image 1 crop y1 137
1606942849861541376 : Checking image 1 crop x2 2326
1606942849861582080 : Checking image 1 crop y2 3375
1606942860967379200 : Checking image 2 crop x1 146
1606942860967515392 : Checking image 2 crop y1 192
1606942860967560448 : Checking image 2 crop x2 2173
1606942860967603712 : Checking image 2 crop y2 3386
1606942861018580224 : Checking image 1 dpi 300
1606942861018707200 : Checking image 1 border top 125
1606942861018746880 : Checking image 1 border bottom 124
1606942861018783488 : Checking image 1 border left 214
1606942861018818816 : Checking image 1 border right 214
1606942861020884992 : Checking image 2 dpi 300
1606942861020972288 : Checking image 2 border top 184
1606942861021009408 : Checking image 2 border bottom 109
1606942861021043712 : Checking image 2 border left 216
1606942861021078528 : Checking image 2 border right 216

</system-out><system-err>--------------------------------- Captured Err ---------------------------------

</system-err></testcase><testcase classname="tests.test_images" name="test_small_wave_png" time="73.081"><system-out>--------------------------------- Captured Log ---------------------------------

--------------------------------- Captured Out ---------------------------------
/home/runner/work/ocr-book/ocr-book/tests/small_wave.png
1606942859802789632 : Checking separation double page angle 90.61316928841566
1606942859802891520 : Checking separation double page y=0 2495
1606942870994890496 : Checking page rotation 1 0.7000000000000001
1606942881315105280 : Checking page rotation 2 0.7000000000000001
1606942883842781696 : Checking image 1 crop x1 322
1606942883842932736 : Checking image 1 crop y1 199
1606942883842979840 : Checking image 1 crop x2 2351
1606942883843022080 : Checking image 1 crop y2 3394
1606942886533477120 : Checking image 2 crop x1 135
1606942886533625088 : Checking image 2 crop y1 223
1606942886533671424 : Checking image 2 crop x2 2164
1606942886533714688 : Checking image 2 crop y2 3419
1606942886576910080 : Checking image 1 dpi 300
1606942886577043968 : Checking image 1 border top 177
1606942886577084672 : Checking image 1 border bottom 115
1606942886577121024 : Checking image 1 border left 215
1606942886577156864 : Checking image 1 border right 215
1606942886579275776 : Checking image 2 dpi 300
1606942886579360000 : Checking image 2 border top 191
1606942886579397120 : Checking image 2 border bottom 100
1606942886579433216 : Checking image 2 border left 215
1606942886579468288 : Checking image 2 border right 215

</system-out><system-err>--------------------------------- Captured Err ---------------------------------

</system-err></testcase><testcase classname="tests.test_images" name="test_wrong_split_line_3_png" time="64.733"><system-out>--------------------------------- Captured Log ---------------------------------

--------------------------------- Captured Out ---------------------------------
/home/runner/work/ocr-book/ocr-book/tests/wrong_split_line_3.png
1606942902083399936 : Checking separation double page angle 90.43729500214693
1606942902083505152 : Checking separation double page y=0 2498
1606942912854916608 : Checking page rotation 1 0.30000000000000004
1606942920772897536 : Checking page rotation 2 0.9
1606942923095964672 : Checking image 1 crop x1 331
1606942923096096512 : Checking image 1 crop y1 165
1606942923096142080 : Checking image 1 crop x2 2375
1606942923096183040 : Checking image 1 crop y2 3376
1606942925719207936 : Checking image 2 crop x1 102
1606942925719340800 : Checking image 2 crop y1 208
1606942925719387392 : Checking image 2 crop x2 2133
1606942925719429632 : Checking image 2 crop y2 3413
1606942925759772416 : Checking image 1 dpi 300
1606942925759898624 : Checking image 1 border top 150
1606942925759938816 : Checking image 1 border bottom 126
1606942925759974400 : Checking image 1 border left 208
1606942925760009216 : Checking image 1 border right 208
1606942925761959680 : Checking image 2 dpi 300
1606942925762039808 : Checking image 2 border top 190
1606942925762075904 : Checking image 2 border bottom 92
1606942925762110464 : Checking image 2 border left 214
1606942925762148096 : Checking image 2 border right 214

</system-out><system-err>--------------------------------- Captured Err ---------------------------------

</system-err></testcase><testcase classname="tests.test_images" name="test_wrong_wave_split_line_png" time="90.125"><system-out>--------------------------------- Captured Log ---------------------------------

--------------------------------- Captured Out ---------------------------------
/home/runner/work/ocr-book/ocr-book/tests/wrong_wave_split_line.png
1606942936738609152 : Checking separation double page angle 90.5287860410772
1606942936738712576 : Checking separation double page y=0 2502
1606942948294122752 : Checking page rotation 1 -0.14999999999999147
1606942958343047168 : Checking page rotation 2 0.8500000000000001
1606942969359170816 : Checking image 1 crop x1 385
1606942969359319040 : Checking image 1 crop y1 179
1606942969359365632 : Checking image 1 crop x2 2411
1606942969359407104 : Checking image 1 crop y2 3374
1606942976663592704 : Checking image 2 crop x1 124
1606942976663768576 : Checking image 2 crop y1 58
1606942976663818496 : Checking image 2 crop x2 2410
1606942976663862528 : Checking image 2 crop y2 3392
1606942976715440384 : Checking image 1 dpi 300
1606942976715562240 : Checking image 1 border top 167
1606942976715602944 : Checking image 1 border bottom 124
1606942976715639296 : Checking image 1 border left 217
1606942976715674880 : Checking image 1 border right 217
1606942976717737216 : Checking image 2 dpi 300
1606942976717822208 : Checking image 2 border top 0
1606942976717859072 : Checking image 2 border bottom 163
1606942976717891840 : Checking image 2 border left 92
1606942976717924608 : Checking image 2 border right 92

</system-out><system-err>--------------------------------- Captured Err ---------------------------------

</system-err></testcase><testcase classname="tests.test_images" name="test_no_split_line_line_algo_png" time="56.008"><system-out>--------------------------------- Captured Log ---------------------------------

--------------------------------- Captured Out ---------------------------------
/home/runner/work/ocr-book/ocr-book/tests/no_split_line_line_algo.png
1606942959432980736 : Checking separation double page angle 89.47691469185418
1606942959433084672 : Checking separation double page y=0 2476
1606942965216552192 : Checking page rotation 1 -0.14999999999999147
1606942975768911616 : Checking page rotation 2 -0.44999999999998863
1606942977698437888 : Checking image 1 crop x1 205
1606942977698570752 : Checking image 1 crop y1 158
1606942977698616576 : Checking image 1 crop x2 2320
1606942977698659072 : Checking image 1 crop y2 3366
1606942981742527744 : Checking image 2 crop x1 185
1606942981742662400 : Checking image 2 crop y1 221
1606942981742707968 : Checking image 2 crop x2 2201
1606942981742750720 : Checking image 2 crop y2 3366
1606942981788014592 : Checking image 1 dpi 300
1606942981788140544 : Checking image 1 border top 137
1606942981788180224 : Checking image 1 border bottom 142
1606942981788216320 : Checking image 1 border left 172
1606942981788252160 : Checking image 1 border right 172
1606942981790351104 : Checking image 2 dpi 300
1606942981790436096 : Checking image 2 border top 225
1606942981790472960 : Checking image 2 border bottom 117
1606942981790507008 : Checking image 2 border left 222
1606942981790541568 : Checking image 2 border right 222

</system-out><system-err>--------------------------------- Captured Err ---------------------------------

</system-err></testcase><testcase classname="tests.test_images" name="test_failed_split_line_line_algo_png" time="25.239"><system-out>--------------------------------- Captured Log ---------------------------------

--------------------------------- Captured Out ---------------------------------
/home/runner/work/ocr-book/ocr-book/tests/failed_split_line_line_algo.png
1606942993901232896 : Checking separation double page angle 90.01634220573249
1606942993901328128 : Checking separation double page y=0 2575
1606942997438441728 : Checking page rotation 1 -0.14999999999999147
1606942999749695232 : Checking page rotation 2 0.05
1606943001236812800 : Checking image 1 crop x1 407
1606943001236952832 : Checking image 1 crop y1 2925
1606943001236996608 : Checking image 1 crop x2 2419
1606943001237035264 : Checking image 1 crop y2 3174
1606943001999840256 : Checking image 2 crop x1 1180
1606943001999927040 : Checking image 2 crop y1 1724
1606943001999961600 : Checking image 2 crop x2 1181
1606943001999994112 : Checking image 2 crop y2 1725
1606943002000189952 : Checking image 1 dpi 300
1606943002000267520 : Checking image 1 border top 2930
1606943002000301568 : Checking image 1 border bottom 308
1606943002000334592 : Checking image 1 border left 224
1606943002000367360 : Checking image 1 border right 224
1606943002001787392 : Checking image 2 dpi 300
1606943002001861376 : Checking image 2 border top 1753
1606943002001894912 : Checking image 2 border bottom 1753
1606943002001927168 : Checking image 2 border left 1239
1606943002001959936 : Checking image 2 border right 1239

</system-out><system-err>--------------------------------- Captured Err ---------------------------------

</system-err></testcase><testcase classname="tests.test_images" name="test_failed_split_line_line_algo_2_png" time="71.366"><system-out>--------------------------------- Captured Log ---------------------------------

--------------------------------- Captured Out ---------------------------------
/home/runner/work/ocr-book/ocr-book/tests/failed_split_line_line_algo_2.png
1606943027789882112 : Checking separation double page angle 89.9913422057325
1606943027789988096 : Checking separation double page y=0 2498
1606943038743498240 : Checking page rotation 1 0.0
1606943047753898752 : Checking page rotation 2 0.6000000000000001
1606943050631008000 : Checking image 1 crop x1 272
1606943050631141632 : Checking image 1 crop y1 149
1606943050631186944 : Checking image 1 crop x2 2383
1606943050631227904 : Checking image 1 crop y2 3353
1606943053106724608 : Checking image 2 crop x1 121
1606943053106851840 : Checking image 2 crop y1 155
1606943053106897152 : Checking image 2 crop x2 2244
1606943053106940160 : Checking image 2 crop y2 3350
1606943053152696576 : Checking image 1 dpi 300
1606943053152819712 : Checking image 1 border top 137
1606943053152859136 : Checking image 1 border bottom 146
1606943053152896512 : Checking image 1 border left 174
1606943053152931840 : Checking image 1 border right 174
1606943053155520768 : Checking image 2 dpi 300
1606943053155609600 : Checking image 2 border top 138
1606943053155645952 : Checking image 2 border bottom 154
1606943053155680768 : Checking image 2 border left 168
1606943053155715584 : Checking image 2 border right 168

</system-out><system-err>--------------------------------- Captured Err ---------------------------------

</system-err></testcase><testcase classname="tests.test_images" name="test_crop_too_much_3_png" time="70.686"><system-out>--------------------------------- Captured Log ---------------------------------

--------------------------------- Captured Out ---------------------------------
/home/runner/work/ocr-book/ocr-book/tests/crop_too_much_3.png
1606943043230262016 : Checking separation double page angle 89.55580634783144
1606943043230365952 : Checking separation double page y=0 2499
1606943051991611392 : Checking page rotation 1 -0.9499999999999886
1606943064205385984 : Checking page rotation 2 -0.14999999999999147
1606943068404283904 : Checking image 1 crop x1 373
1606943068404428544 : Checking image 1 crop y1 258
1606943068404475136 : Checking image 1 crop x2 2386
1606943068404516608 : Checking image 1 crop y2 3458
1606943072602795520 : Checking image 2 crop x1 167
1606943072602936576 : Checking image 2 crop y1 228
1606943072602982400 : Checking image 2 crop x2 2180
1606943072603027200 : Checking image 2 crop y2 3417
1606943072653389824 : Checking image 1 dpi 300
1606943072653517056 : Checking image 1 border top 237
1606943072653557504 : Checking image 1 border bottom 50
1606943072653593600 : Checking image 1 border left 223
1606943072653629952 : Checking image 1 border right 223
1606943072655662336 : Checking image 2 dpi 300
1606943072655773696 : Checking image 2 border top 192
1606943072655813888 : Checking image 2 border bottom 106
1606943072655848960 : Checking image 2 border left 223
1606943072655884544 : Checking image 2 border right 223

</system-out><system-err>--------------------------------- Captured Err ---------------------------------

</system-err></testcase><testcase classname="tests.test_images" name="test_wrong_wave_split_line_2_png" time="73.756"><system-out>--------------------------------- Captured Log ---------------------------------

--------------------------------- Captured Out ---------------------------------
/home/runner/work/ocr-book/ocr-book/tests/wrong_wave_split_line_2.png
1606943100352576512 : Checking separation double page angle 90.7708958311329
1606943100352682496 : Checking separation double page y=0 2490
1606943109297803776 : Checking page rotation 1 0.4
1606943120749246976 : Checking page rotation 2 1.8
1606943123533046528 : Checking image 1 crop x1 224
1606943123533177088 : Checking image 1 crop y1 147
1606943123533222912 : Checking image 1 crop x2 2337
1606943123533265664 : Checking image 1 crop y2 3355
1606943126851760384 : Checking image 2 crop x1 107
1606943126851897344 : Checking image 2 crop y1 197
1606943126851943168 : Checking image 2 crop x2 2229
1606943126851986432 : Checking image 2 crop y2 3396
1606943126903560960 : Checking image 1 dpi 300
1606943126903691520 : Checking image 1 border top 126
1606943126903759104 : Checking image 1 border bottom 153
1606943126903797760 : Checking image 1 border left 173
1606943126903832320 : Checking image 1 border right 173
1606943126906478336 : Checking image 2 dpi 300
1606943126906575616 : Checking image 2 border top 170
1606943126906611968 : Checking image 2 border bottom 118
1606943126906646272 : Checking image 2 border left 169
1606943126906680576 : Checking image 2 border right 169

</system-out><system-err>--------------------------------- Captured Err ---------------------------------

</system-err></testcase><testcase classname="tests.test_images" name="test_wrong_wave_split_line_3_png" time="63.383"><system-out>--------------------------------- Captured Log ---------------------------------

--------------------------------- Captured Out ---------------------------------
/home/runner/work/ocr-book/ocr-book/tests/wrong_wave_split_line_3.png
1606943112961354240 : Checking separation double page angle 90.0586735161512
1606943112961456640 : Checking separation double page y=0 2510
1606943122724012032 : Checking page rotation 1 0.1
1606943130265367040 : Checking page rotation 2 0.35000000000000003
1606943133413629696 : Checking image 1 crop x1 272
1606943133413775872 : Checking image 1 crop y1 219
1606943133413821952 : Checking image 1 crop x2 2383
1606943133413863168 : Checking image 1 crop y2 3423
1606943136007991040 : Checking image 2 crop x1 119
1606943136008137216 : Checking image 2 crop y1 226
1606943136008184320 : Checking image 2 crop x2 2240
1606943136008228352 : Checking image 2 crop y2 3413
1606943136049414144 : Checking image 1 dpi 300
1606943136049536768 : Checking image 1 border top 190
1606943136049576960 : Checking image 1 border bottom 93
1606943136049613312 : Checking image 1 border left 174
1606943136049649664 : Checking image 1 border right 174
1606943136051751168 : Checking image 2 dpi 300
1606943136051843072 : Checking image 2 border top 190
1606943136051881216 : Checking image 2 border bottom 110
1606943136051916544 : Checking image 2 border left 169
1606943136051952384 : Checking image 2 border right 169

</system-out><system-err>--------------------------------- Captured Err ---------------------------------

</system-err></testcase><testcase classname="tests.test_images" name="test_no_split_line_wave_algo_png" time="64.244"><system-out>--------------------------------- Captured Log ---------------------------------

--------------------------------- Captured Out ---------------------------------
/home/runner/work/ocr-book/ocr-book/tests/no_split_line_wave_algo.png
1606943159735874048 : Checking separation double page angle 89.93575909193099
1606943159735984640 : Checking separation double page y=0 2482
1606943166033432832 : Checking page rotation 1 0.0
1606943174495284480 : Checking page rotation 2 -0.5499999999999972
1606943183806753536 : Checking image 1 crop x1 97
1606943183806844928 : Checking image 1 crop y1 77
1606943183806882304 : Checking image 1 crop x2 2483
1606943183806918656 : Checking image 1 crop y2 3505
1606943191068890368 : Checking image 2 crop x1 164
1606943191068979968 : Checking image 2 crop y1 266
1606943191069022720 : Checking image 2 crop x2 2241
1606943191069062656 : Checking image 2 crop y2 3382
1606943191113138688 : Checking image 1 dpi 300
1606943191113251072 : Checking image 1 border top 40
1606943191113290240 : Checking image 1 border bottom 40
1606943191113326080 : Checking image 1 border left 47
1606943191113361408 : Checking image 1 border right 47
1606943191115421696 : Checking image 2 dpi 300
1606943191115510016 : Checking image 2 border top 255
1606943191115546624 : Checking image 2 border bottom 116
1606943191115581184 : Checking image 2 border left 191
1606943191115615488 : Checking image 2 border right 191

</system-out><system-err>--------------------------------- Captured Err ---------------------------------

</system-err></testcase></testsuite></testsuites>