<?xml version="1.0" encoding="utf-8"?><testsuites><testsuite name="pytest" errors="0" failures="0" skipped="0" tests="34" time="1015.946" timestamp="2020-12-19T21:06:08.761451" hostname="fv-az67-942"><testcase classname="tests.test_features" name="test_mock_stop_at_0" time="0.052"><system-out>--------------------------------- Captured Log ---------------------------------

--------------------------------- Captured Out ---------------------------------
/home/runner/work/ocr-book/ocr-book/tests/0001_0.png

</system-out><system-err>--------------------------------- Captured Err ---------------------------------

</system-err></testcase><testcase classname="tests.test_features" name="test_disabled_enable_debug" time="48.693"><system-out>--------------------------------- Captured Log ---------------------------------

--------------------------------- Captured Out ---------------------------------
/home/runner/work/ocr-book/ocr-book/tests/0001_debug.png
separation double page angle 90.5778088189967
separation double page y=0 2485
page rotation 1 0.7
page rotation 2 0.2
image 1 crop x1 330
image 1 crop y1 335
image 1 crop x2 2343
image 1 crop y2 3223
image 2 crop x1 171
image 2 crop y1 648
image 2 crop x2 2188
image 2 crop y2 3361
image 1 dpi 300
image 1 border top 332
image 1 border bottom 267
image 1 border left 223
image 1 border right 223
image 2 dpi 300
image 2 border top 643
image 2 border bottom 131
image 2 border left 221
image 2 border right 221

</system-out><system-err>--------------------------------- Captured Err ---------------------------------

</system-err></testcase><testcase classname="tests.test_features" name="test_mock_stop_at_2" time="42.200"><system-out>--------------------------------- Captured Log ---------------------------------

--------------------------------- Captured Out ---------------------------------
/home/runner/work/ocr-book/ocr-book/tests/0001_2.png
separation double page angle 90.5778088189967
separation double page y=0 2485
page rotation 1 0.7
page rotation 2 0.2

</system-out><system-err>--------------------------------- Captured Err ---------------------------------

</system-err></testcase><testcase classname="tests.test_features" name="test_mock_stop_at_4" time="46.909"><system-out>--------------------------------- Captured Log ---------------------------------

--------------------------------- Captured Out ---------------------------------
/home/runner/work/ocr-book/ocr-book/tests/0001_4.png
separation double page angle 90.5778088189967
separation double page y=0 2485
page rotation 1 0.7
page rotation 2 0.2
image 1 crop x1 330
image 1 crop y1 335
image 1 crop x2 2343
image 1 crop y2 3223
image 2 crop x1 171
image 2 crop y1 648
image 2 crop x2 2188
image 2 crop y2 3361
image 1 dpi 300
image 1 border top 332
image 1 border bottom 267
image 1 border left 223
image 1 border right 223
image 2 dpi 300
image 2 border top 643
image 2 border bottom 131
image 2 border left 221
image 2 border right 221

</system-out><system-err>--------------------------------- Captured Err ---------------------------------

</system-err></testcase><testcase classname="tests.test_features" name="test_mock_stop_at_1" time="27.978"><system-out>--------------------------------- Captured Log ---------------------------------

--------------------------------- Captured Out ---------------------------------
/home/runner/work/ocr-book/ocr-book/tests/0001_1.png
separation double page angle 90.5778088189967
separation double page y=0 2485

</system-out><system-err>--------------------------------- Captured Err ---------------------------------

</system-err></testcase><testcase classname="tests.test_features" name="test_mock_stop_at_3" time="46.027"><system-out>--------------------------------- Captured Log ---------------------------------

--------------------------------- Captured Out ---------------------------------
/home/runner/work/ocr-book/ocr-book/tests/0001_3.png
separation double page angle 90.5778088189967
separation double page y=0 2485
page rotation 1 0.7
page rotation 2 0.2
image 1 crop x1 330
image 1 crop y1 335
image 1 crop x2 2343
image 1 crop y2 3223
image 2 crop x1 171
image 2 crop y1 648
image 2 crop x2 2188
image 2 crop y2 3361

</system-out><system-err>--------------------------------- Captured Err ---------------------------------

</system-err></testcase><testcase classname="tests.test_images" name="test_0001_png" time="58.837"><system-out>--------------------------------- Captured Log ---------------------------------

--------------------------------- Captured Out ---------------------------------
/home/runner/work/ocr-book/ocr-book/tests/0001.png
1608412093816141351 : Checking separation double page angle 90.5778088189967
1608412093816249658 : Checking separation double page y=0 2485
1608412100791323443 : Checking page rotation 1 0.7
1608412109339078960 : Checking page rotation 2 0.2
1608412113768400308 : Checking image 1 crop x1 330
1608412113768537015 : Checking image 1 crop y1 335
1608412113768578518 : Checking image 1 crop x2 2343
1608412113768615420 : Checking image 1 crop y2 3223
1608412117821605725 : Checking image 2 crop x1 171
1608412117821739332 : Checking image 2 crop y1 648
1608412117821780834 : Checking image 2 crop x2 2188
1608412117821817536 : Checking image 2 crop y2 3361
1608412117862995620 : Checking image 1 dpi 300
1608412117863103426 : Checking image 1 border top 332
1608412117863141228 : Checking image 1 border bottom 267
1608412117863176729 : Checking image 1 border left 223
1608412117863210931 : Checking image 1 border right 223
1608412117865253735 : Checking image 2 dpi 300
1608412117865335439 : Checking image 2 border top 643
1608412117865370540 : Checking image 2 border bottom 131
1608412117865403842 : Checking image 2 border left 221
1608412117865437244 : Checking image 2 border right 221

</system-out><system-err>--------------------------------- Captured Err ---------------------------------

</system-err></testcase><testcase classname="tests.test_features" name="test_mock_stop_at_5" time="45.836"><system-out>--------------------------------- Captured Log ---------------------------------

--------------------------------- Captured Out ---------------------------------
/home/runner/work/ocr-book/ocr-book/tests/0001_5.png
separation double page angle 90.5778088189967
separation double page y=0 2485
page rotation 1 0.7
page rotation 2 0.2
image 1 crop x1 330
image 1 crop y1 335
image 1 crop x2 2343
image 1 crop y2 3223
image 2 crop x1 171
image 2 crop y1 648
image 2 crop x2 2188
image 2 crop y2 3361
image 1 dpi 300
image 1 border top 332
image 1 border bottom 267
image 1 border left 223
image 1 border right 223
image 2 dpi 300
image 2 border top 643
image 2 border bottom 131
image 2 border left 221
image 2 border right 221

</system-out><system-err>--------------------------------- Captured Err ---------------------------------

</system-err></testcase><testcase classname="tests.test_images" name="test_2_pages_2_contours_png" time="41.738"><system-out>--------------------------------- Captured Log ---------------------------------

--------------------------------- Captured Out ---------------------------------
/home/runner/work/ocr-book/ocr-book/tests/2-pages-2-contours.png
1608412142435500033 : Checking separation double page angle 90.14036871655934
1608412142435606438 : Checking separation double page y=0 2489
1608412145164104695 : Checking page rotation 1 0.05
1608412151798973839 : Checking page rotation 2 0.4
1608412153678988212 : Checking image 1 crop x1 1188
1608412153679105817 : Checking image 1 crop y1 1751
1608412153679143319 : Checking image 1 crop x2 1189
1608412153679176120 : Checking image 1 crop y2 1752
1608412159583776594 : Checking image 2 crop x1 101
1608412159583912499 : Checking image 2 crop y1 240
1608412159583952401 : Checking image 2 crop x2 2148
1608412159583989603 : Checking image 2 crop y2 3239
1608412159620930216 : Checking image 1 dpi 300
1608412159621051621 : Checking image 1 border top 1752
1608412159621085622 : Checking image 1 border bottom 1753
1608412159621117223 : Checking image 1 border left 1239
1608412159621148525 : Checking image 1 border right 1239
1608412159622473779 : Checking image 2 dpi 300
1608412159622568883 : Checking image 2 border top 230
1608412159622604484 : Checking image 2 border bottom 258
1608412159622638586 : Checking image 2 border left 206
1608412159622672287 : Checking image 2 border right 206

</system-out><system-err>--------------------------------- Captured Err ---------------------------------

</system-err></testcase><testcase classname="tests.test_images" name="test_angle_page_lower_split_line_png" time="61.462"><system-out>--------------------------------- Captured Log ---------------------------------

--------------------------------- Captured Out ---------------------------------
/home/runner/work/ocr-book/ocr-book/tests/angle_page_lower_split_line.png
1608412179315687771 : Checking separation double page angle 89.77701324945475
1608412179315803475 : Checking separation double page y=0 2475
1608412186891231339 : Checking page rotation 1 -0.34999999999999093
1608412193065255364 : Checking page rotation 2 0.2
1608412196698096652 : Checking image 1 crop x1 243
1608412196698224557 : Checking image 1 crop y1 159
1608412196698264558 : Checking image 1 crop x2 2351
1608412196698301560 : Checking image 1 crop y2 3365
1608412199827256480 : Checking image 2 crop x1 149
1608412199827389685 : Checking image 2 crop y1 147
1608412199827429186 : Checking image 2 crop x2 2256
1608412199827466387 : Checking image 2 crop y2 3350
1608412199867945350 : Checking image 1 dpi 300
1608412199868063154 : Checking image 1 border top 143
1608412199868102356 : Checking image 1 border bottom 138
1608412199868136657 : Checking image 1 border left 176
1608412199868170358 : Checking image 1 border right 176
1608412199870298635 : Checking image 2 dpi 300
1608412199870387838 : Checking image 2 border top 130
1608412199870423240 : Checking image 2 border bottom 154
1608412199870456841 : Checking image 2 border left 176
1608412199870490542 : Checking image 2 border right 176

</system-out><system-err>--------------------------------- Captured Err ---------------------------------

</system-err></testcase><testcase classname="tests.test_images" name="test_black_border_not_removed_png" time="63.569"><system-out>--------------------------------- Captured Log ---------------------------------

--------------------------------- Captured Out ---------------------------------
/home/runner/work/ocr-book/ocr-book/tests/black-border-not-removed.png
1608412195469574580 : Checking separation double page angle 90.008171103531
1608412195469685984 : Checking separation double page y=0 2455
1608412202107853315 : Checking page rotation 1 0.05
1608412213071543695 : Checking page rotation 2 0.0
1608412217383144115 : Checking image 1 crop x1 298
1608412217383282120 : Checking image 1 crop y1 142
1608412217383322521 : Checking image 1 crop x2 2308
1608412217383358422 : Checking image 1 crop y2 3347
1608412223144141898 : Checking image 2 crop x1 157
1608412223144276903 : Checking image 2 crop y1 145
1608412223144317705 : Checking image 2 crop x2 2169
1608412223144357906 : Checking image 2 crop y2 3352
1608412223181760793 : Checking image 1 dpi 300
1608412223181868397 : Checking image 1 border top 134
1608412223181905098 : Checking image 1 border bottom 148
1608412223181939199 : Checking image 1 border left 225
1608412223181973200 : Checking image 1 border right 225
1608412223184205677 : Checking image 2 dpi 300
1608412223184279080 : Checking image 2 border top 132
1608412223184311481 : Checking image 2 border bottom 148
1608412223184342782 : Checking image 2 border left 224
1608412223184373683 : Checking image 2 border right 224

</system-out><system-err>--------------------------------- Captured Err ---------------------------------

</system-err></testcase><testcase classname="tests.test_images" name="test_wrong_split_line_png" time="50.631"><system-out>--------------------------------- Captured Log ---------------------------------

--------------------------------- Captured Out ---------------------------------
/home/runner/work/ocr-book/ocr-book/tests/wrong_split_line.png
1608412230834840407 : Checking separation double page angle 89.93395720607973
1608412230834942911 : Checking separation double page y=0 2465
1608412236871727129 : Checking page rotation 1 -0.14999999999999067
1608412243403052714 : Checking page rotation 2 0.5
1608412246173580681 : Checking image 1 crop x1 213
1608412246173710986 : Checking image 1 crop y1 157
1608412246173751787 : Checking image 1 crop x2 2323
1608412246173788788 : Checking image 1 crop y2 3362
1608412250465575944 : Checking image 2 crop x1 125
1608412250465708349 : Checking image 2 crop y1 165
1608412250465748350 : Checking image 2 crop x2 2237
1608412250465785151 : Checking image 2 crop y2 3374
1608412250503069086 : Checking image 1 dpi 300
1608412250503178189 : Checking image 1 border top 134
1608412250503213190 : Checking image 1 border bottom 148
1608412250503244891 : Checking image 1 border left 175
1608412250503275892 : Checking image 1 border right 175
1608412250505729374 : Checking image 2 dpi 300
1608412250505818877 : Checking image 2 border top 143
1608412250505853378 : Checking image 2 border bottom 135
1608412250505887179 : Checking image 2 border left 174
1608412250505930680 : Checking image 2 border right 174

</system-out><system-err>--------------------------------- Captured Err ---------------------------------

</system-err></testcase><testcase classname="tests.test_images" name="test_image_failed_to_rotate_png" time="68.328"><system-out>--------------------------------- Captured Log ---------------------------------

--------------------------------- Captured Out ---------------------------------
/home/runner/work/ocr-book/ocr-book/tests/image_failed_to_rotate.png
1608412258270485818 : Checking separation double page angle 90.38781598189921
1608412258270595121 : Checking separation double page y=0 2485
1608412263868948158 : Checking page rotation 1 0.35
1608412272428061607 : Checking page rotation 2 0.45
1608412284773601817 : Checking image 1 crop x1 34
1608412284773727431 : Checking image 1 crop y1 1
1608412284773771136 : Checking image 1 crop x2 2483
1608412284773808840 : Checking image 1 crop y2 3500
1608412291360743259 : Checking image 2 crop x1 177
1608412291360902776 : Checking image 2 crop y1 234
1608412291360944680 : Checking image 2 crop x2 2256
1608412291360982284 : Checking image 2 crop y2 3355
1608412291405602022 : Checking image 1 dpi 300
1608412291405713234 : Checking image 1 border top 4
1608412291405749738 : Checking image 1 border bottom 4
1608412291405782741 : Checking image 1 border left 16
1608412291405816445 : Checking image 1 border right 16
1608412291407906067 : Checking image 2 dpi 300
1608412291407984375 : Checking image 2 border top 221
1608412291408019079 : Checking image 2 border bottom 145
1608412291408051782 : Checking image 2 border left 190
1608412291408084986 : Checking image 2 border right 190

</system-out><system-err>--------------------------------- Captured Err ---------------------------------

</system-err></testcase><testcase classname="tests.test_images" name="test_crop_too_much_png" time="86.667"><system-out>--------------------------------- Captured Log ---------------------------------

--------------------------------- Captured Out ---------------------------------
/home/runner/work/ocr-book/ocr-book/tests/crop_too_much.png
1608412303132981252 : Checking separation double page angle 90.18239409272952
1608412303133093463 : Checking separation double page y=0 2455
1608412315156309071 : Checking page rotation 1 0.0
1608412326746677989 : Checking page rotation 2 0.45
1608412332221902950 : Checking image 1 crop x1 303
1608412332222038962 : Checking image 1 crop y1 148
1608412332222079265 : Checking image 1 crop x2 2313
1608412332222114468 : Checking image 1 crop y2 3351
1608412337110243430 : Checking image 2 crop x1 171
1608412337110377742 : Checking image 2 crop y1 155
1608412337110418045 : Checking image 2 crop x2 2182
1608412337110455248 : Checking image 2 crop y2 3359
1608412337161300636 : Checking image 1 dpi 300
1608412337161422446 : Checking image 1 border top 132
1608412337161460150 : Checking image 1 border bottom 152
1608412337161494153 : Checking image 1 border left 225
1608412337161527955 : Checking image 1 border right 225
1608412337165422592 : Checking image 2 dpi 300
1608412337165536201 : Checking image 2 border top 138
1608412337165572904 : Checking image 2 border bottom 145
1608412337165606807 : Checking image 2 border left 224
1608412337165649711 : Checking image 2 border right 224

</system-out><system-err>--------------------------------- Captured Err ---------------------------------

</system-err></testcase><testcase classname="tests.test_images" name="test_image_failed_to_crop_data_png" time="68.067"><system-out>--------------------------------- Captured Log ---------------------------------

--------------------------------- Captured Out ---------------------------------
/home/runner/work/ocr-book/ocr-book/tests/image_failed_to_crop_data.png
1608412327746235076 : Checking separation double page angle 89.96358807166011
1608412327746345886 : Checking separation double page y=0 2477
1608412334087064177 : Checking page rotation 1 0.2
1608412340146505002 : Checking page rotation 2 0.05
1608412353988163974 : Checking image 1 crop x1 50
1608412353988301485 : Checking image 1 crop y1 7
1608412353988343588 : Checking image 1 crop x2 2477
1608412353988380791 : Checking image 1 crop y2 3502
1608412359473951648 : Checking image 2 crop x1 160
1608412359474083258 : Checking image 2 crop y1 217
1608412359474123462 : Checking image 2 crop x2 2241
1608412359474161465 : Checking image 2 crop y2 3350
1608412359513892605 : Checking image 1 dpi 300
1608412359514015614 : Checking image 1 border top 6
1608412359514052917 : Checking image 1 border bottom 6
1608412359514086320 : Checking image 1 border left 22
1608412359514120223 : Checking image 1 border right 22
1608412359516353199 : Checking image 2 dpi 300
1608412359516433405 : Checking image 2 border top 206
1608412359516465308 : Checking image 2 border bottom 148
1608412359516496210 : Checking image 2 border left 189
1608412359516527313 : Checking image 2 border right 189

</system-out><system-err>--------------------------------- Captured Err ---------------------------------

</system-err></testcase><testcase classname="tests.test_images" name="test_crop_too_few_png" time="53.026"><system-out>--------------------------------- Captured Log ---------------------------------

--------------------------------- Captured Out ---------------------------------
/home/runner/work/ocr-book/ocr-book/tests/crop_too_few.png
1608412371489218974 : Checking separation double page angle 89.54670238452755
1608412371489324782 : Checking separation double page y=0 2512
1608412378029500982 : Checking page rotation 1 -0.6499999999999977
1608412383894840610 : Checking page rotation 2 0.0
1608412387069594962 : Checking image 1 crop x1 263
1608412387069725871 : Checking image 1 crop y1 150
1608412387069765474 : Checking image 1 crop x2 2377
1608412387069800477 : Checking image 1 crop y2 3357
1608412390183507438 : Checking image 2 crop x1 137
1608412390183625947 : Checking image 2 crop y1 141
1608412390183662849 : Checking image 2 crop x2 2259
1608412390183697152 : Checking image 2 crop y2 3345
1608412390218424307 : Checking image 1 dpi 300
1608412390218534515 : Checking image 1 border top 129
1608412390218572218 : Checking image 1 border bottom 150
1608412390218606920 : Checking image 1 border left 173
1608412390218641223 : Checking image 1 border right 173
1608412390220690368 : Checking image 2 dpi 300
1608412390220769473 : Checking image 2 border top 130
1608412390220805076 : Checking image 2 border bottom 153
1608412390220842178 : Checking image 2 border left 169
1608412390220902783 : Checking image 2 border right 169

</system-out><system-err>--------------------------------- Captured Err ---------------------------------

</system-err></testcase><testcase classname="tests.test_images" name="test_wrong_angle_split_line_png" time="74.944"><system-out>--------------------------------- Captured Log ---------------------------------

--------------------------------- Captured Out ---------------------------------
/home/runner/work/ocr-book/ocr-book/tests/wrong_angle_split_line.png
1608412397039583680 : Checking separation double page angle 90.09193420006348
1608412397039692687 : Checking separation double page y=0 2478
1608412405181125955 : Checking page rotation 1 0.05
1608412414010889160 : Checking page rotation 2 0.0
1608412427892516765 : Checking image 1 crop x1 58
1608412427892652273 : Checking image 1 crop y1 7
1608412427892695676 : Checking image 1 crop x2 2472
1608412427892733978 : Checking image 1 crop y2 3505
1608412433591580829 : Checking image 2 crop x1 163
1608412433591711037 : Checking image 2 crop y1 217
1608412433591750739 : Checking image 2 crop x2 2246
1608412433591798742 : Checking image 2 crop y2 3350
1608412433761284560 : Checking image 1 dpi 300
1608412433761400467 : Checking image 1 border top 5
1608412433761438070 : Checking image 1 border bottom 5
1608412433761469271 : Checking image 1 border left 33
1608412433761500973 : Checking image 1 border right 33
1608412433769837391 : Checking image 2 dpi 300
1608412433769942797 : Checking image 2 border top 206
1608412433769976599 : Checking image 2 border bottom 148
1608412433770009901 : Checking image 2 border left 188
1608412433770041103 : Checking image 2 border right 188

</system-out><system-err>--------------------------------- Captured Err ---------------------------------

</system-err></testcase><testcase classname="tests.test_images" name="test_crop_too_much_2_png" time="87.679"><system-out>--------------------------------- Captured Log ---------------------------------

--------------------------------- Captured Out ---------------------------------
/home/runner/work/ocr-book/ocr-book/tests/crop_too_much_2.png
1608412439618884660 : Checking separation double page angle 90.1149074900817
1608412439618987766 : Checking separation double page y=0 2478
1608412452527348099 : Checking page rotation 1 0.2
1608412466422708389 : Checking page rotation 2 0.2
1608412471449383129 : Checking image 1 crop x1 332
1608412471449515437 : Checking image 1 crop y1 131
1608412471449555439 : Checking image 1 crop x2 2342
1608412471449591041 : Checking image 1 crop y2 3336
1608412477804079111 : Checking image 2 crop x1 162
1608412477804211918 : Checking image 2 crop y1 139
1608412477804251720 : Checking image 2 crop x2 2175
1608412477804288523 : Checking image 2 crop y2 3345
1608412477863999652 : Checking image 1 dpi 300
1608412477864117659 : Checking image 1 border top 119
1608412477864156261 : Checking image 1 border bottom 163
1608412477864190863 : Checking image 1 border left 225
1608412477864224865 : Checking image 1 border right 225
1608412477866286680 : Checking image 2 dpi 300
1608412477866371584 : Checking image 2 border top 130
1608412477866406586 : Checking image 2 border bottom 151
1608412477866443788 : Checking image 2 border left 223
1608412477866478990 : Checking image 2 border right 223

</system-out><system-err>--------------------------------- Captured Err ---------------------------------

</system-err></testcase><testcase classname="tests.test_images" name="test_wrong_split_line_3_png" time="70.473"><system-out>--------------------------------- Captured Log ---------------------------------

--------------------------------- Captured Out ---------------------------------
/home/runner/work/ocr-book/ocr-book/tests/wrong_split_line_3.png
1608412478433984684 : Checking separation double page angle 90.41229500214693
1608412478434090290 : Checking separation double page y=0 2495
1608412488350834467 : Checking page rotation 1 0.35
1608412496273315887 : Checking page rotation 2 0.9
1608412501734695382 : Checking image 1 crop x1 331
1608412501734828789 : Checking image 1 crop y1 164
1608412501734865791 : Checking image 1 crop x2 2375
1608412501734898593 : Checking image 1 crop y2 3377
1608412504962760845 : Checking image 2 crop x1 104
1608412504962890552 : Checking image 2 crop y1 208
1608412504962927054 : Checking image 2 crop x2 2135
1608412504962961456 : Checking image 2 crop y2 3413
1608412505003747711 : Checking image 1 dpi 300
1608412505003877618 : Checking image 1 border top 157
1608412505003914220 : Checking image 1 border bottom 116
1608412505003948422 : Checking image 1 border left 208
1608412505003982324 : Checking image 1 border right 208
1608412505006283845 : Checking image 2 dpi 300
1608412505006376150 : Checking image 2 border top 188
1608412505006411252 : Checking image 2 border bottom 94
1608412505006444354 : Checking image 2 border left 214
1608412505006477255 : Checking image 2 border right 214

</system-out><system-err>--------------------------------- Captured Err ---------------------------------

</system-err></testcase><testcase classname="tests.test_images" name="test_wrong_split_line_2_png" time="102.677"><system-out>--------------------------------- Captured Log ---------------------------------

--------------------------------- Captured Out ---------------------------------
/home/runner/work/ocr-book/ocr-book/tests/wrong_split_line_2.png
1608412540026740985 : Checking separation double page angle 90.17444704411862
1608412540026856491 : Checking separation double page y=0 2437
1608412549998749638 : Checking page rotation 1 0.2
1608412561545127488 : Checking page rotation 2 0.4
1608412569076546895 : Checking image 1 crop x1 294
1608412569076679401 : Checking image 1 crop y1 136
1608412569076718303 : Checking image 1 crop x2 2325
1608412569076753705 : Checking image 1 crop y2 3376
1608412580493155438 : Checking image 2 crop x1 138
1608412580493289944 : Checking image 2 crop y1 192
1608412580493329846 : Checking image 2 crop x2 2165
1608412580493366548 : Checking image 2 crop y2 3386
1608412580545350606 : Checking image 1 dpi 300
1608412580545475212 : Checking image 1 border top 131
1608412580545513814 : Checking image 1 border bottom 116
1608412580545548315 : Checking image 1 border left 214
1608412580545581617 : Checking image 1 border right 214
1608412580547699417 : Checking image 2 dpi 300
1608412580547787121 : Checking image 2 border top 184
1608412580547821423 : Checking image 2 border bottom 109
1608412580547854025 : Checking image 2 border left 216
1608412580547887626 : Checking image 2 border right 216

</system-out><system-err>--------------------------------- Captured Err ---------------------------------

</system-err></testcase><testcase classname="tests.test_images" name="test_wrong_wave_split_line_png" time="90.782"><system-out>--------------------------------- Captured Log ---------------------------------

--------------------------------- Captured Out ---------------------------------
/home/runner/work/ocr-book/ocr-book/tests/wrong_wave_split_line.png
1608412555592985664 : Checking separation double page angle 90.42038324745616
1608412555593095370 : Checking separation double page y=0 2503
1608412565970135409 : Checking page rotation 1 -0.14999999999999067
1608412575879642665 : Checking page rotation 2 0.85
1608412585433326544 : Checking image 1 crop x1 385
1608412585433464351 : Checking image 1 crop y1 179
1608412585433504353 : Checking image 1 crop x2 2411
1608412585433539754 : Checking image 1 crop y2 3374
1608412595725635516 : Checking image 2 crop x1 6
1608412595725764822 : Checking image 2 crop y1 5
1608412595725803723 : Checking image 2 crop x2 2405
1608412595725839725 : Checking image 2 crop y2 3392
1608412595778651583 : Checking image 1 dpi 300
1608412595778767288 : Checking image 1 border top 172
1608412595778802090 : Checking image 1 border bottom 120
1608412595778833091 : Checking image 1 border left 217
1608412595778864693 : Checking image 1 border right 217
1608412595780988092 : Checking image 2 dpi 300
1608412595781070596 : Checking image 2 border top 0
1608412595781108097 : Checking image 2 border bottom 110
1608412595781140999 : Checking image 2 border left 41
1608412595781174000 : Checking image 2 border right 41

</system-out><system-err>--------------------------------- Captured Err ---------------------------------

</system-err></testcase><testcase classname="tests.test_images" name="test_small_wave_png" time="78.295"><system-out>--------------------------------- Captured Log ---------------------------------

--------------------------------- Captured Out ---------------------------------
/home/runner/work/ocr-book/ocr-book/tests/small_wave.png
1608412630028329033 : Checking separation double page angle 90.63816928841567
1608412630028437338 : Checking separation double page y=0 2497
1608412641388990261 : Checking page rotation 1 0.75
1608412651343947240 : Checking page rotation 2 0.7
1608412654616240241 : Checking image 1 crop x1 323
1608412654616362347 : Checking image 1 crop y1 198
1608412654616402248 : Checking image 1 crop x2 2352
1608412654616437150 : Checking image 1 crop y2 3395
1608412658805073919 : Checking image 2 crop x1 135
1608412658805199325 : Checking image 2 crop y1 223
1608412658805241426 : Checking image 2 crop x2 2164
1608412658805277428 : Checking image 2 crop y2 3419
1608412658848590442 : Checking image 1 dpi 300
1608412658848702346 : Checking image 1 border top 178
1608412658848739848 : Checking image 1 border bottom 112
1608412658848773450 : Checking image 1 border left 215
1608412658848806951 : Checking image 1 border right 215
1608412658850837341 : Checking image 2 dpi 300
1608412658850914644 : Checking image 2 border top 196
1608412658850948946 : Checking image 2 border bottom 95
1608412658850981447 : Checking image 2 border left 215
1608412658851013949 : Checking image 2 border right 215

</system-out><system-err>--------------------------------- Captured Err ---------------------------------

</system-err></testcase><testcase classname="tests.test_images" name="test_no_split_line_line_algo_png" time="60.926"><system-out>--------------------------------- Captured Log ---------------------------------

--------------------------------- Captured Out ---------------------------------
/home/runner/work/ocr-book/ocr-book/tests/no_split_line_line_algo.png
1608412632874079838 : Checking separation double page angle 89.47691469185418
1608412632874192143 : Checking separation double page y=0 2476
1608412639061790626 : Checking page rotation 1 -0.14999999999999067
1608412649210275353 : Checking page rotation 2 -0.44999999999999746
1608412652053909552 : Checking image 1 crop x1 205
1608412652054049158 : Checking image 1 crop y1 158
1608412652054089060 : Checking image 1 crop x2 2320
1608412652054126462 : Checking image 1 crop y2 3366
1608412656678009500 : Checking image 2 crop x1 185
1608412656678154207 : Checking image 2 crop y1 221
1608412656678232910 : Checking image 2 crop x2 2201
1608412656678280912 : Checking image 2 crop y2 3366
1608412656726533747 : Checking image 1 dpi 300
1608412656726656452 : Checking image 1 border top 144
1608412656726693254 : Checking image 1 border bottom 134
1608412656726726755 : Checking image 1 border left 172
1608412656726760557 : Checking image 1 border right 172
1608412656728886651 : Checking image 2 dpi 300
1608412656728970755 : Checking image 2 border top 219
1608412656729006156 : Checking image 2 border bottom 123
1608412656729039758 : Checking image 2 border left 222
1608412656729072459 : Checking image 2 border right 222

</system-out><system-err>--------------------------------- Captured Err ---------------------------------

</system-err></testcase><testcase classname="tests.test_images" name="test_failed_split_line_line_algo_png" time="29.911"><system-out>--------------------------------- Captured Log ---------------------------------

--------------------------------- Captured Out ---------------------------------
/home/runner/work/ocr-book/ocr-book/tests/failed_split_line_line_algo.png
1608412676188024247 : Checking separation double page angle 90.0163422057325
1608412676188135252 : Checking separation double page y=0 2576
1608412679754618048 : Checking page rotation 1 -0.14999999999999067
1608412682072795883 : Checking page rotation 2 0.0
1608412684931723807 : Checking image 1 crop x1 407
1608412684931865213 : Checking image 1 crop y1 2925
1608412684931905414 : Checking image 1 crop x2 2419
1608412684931940416 : Checking image 1 crop y2 3174
1608412686669306132 : Checking image 2 crop x1 1183
1608412686669428937 : Checking image 2 crop y1 1745
1608412686669469139 : Checking image 2 crop x2 1184
1608412686669508040 : Checking image 2 crop y2 1746
1608412686669827554 : Checking image 1 dpi 300
1608412686669918258 : Checking image 1 border top 2919
1608412686669953260 : Checking image 1 border bottom 319
1608412686669986161 : Checking image 1 border left 224
1608412686670019763 : Checking image 1 border right 224
1608412686671453225 : Checking image 2 dpi 300
1608412686671536329 : Checking image 2 border top 1752
1608412686671573230 : Checking image 2 border bottom 1753
1608412686671606932 : Checking image 2 border left 1239
1608412686671639733 : Checking image 2 border right 1239

</system-out><system-err>--------------------------------- Captured Err ---------------------------------

</system-err></testcase><testcase classname="tests.test_images" name="test_failed_split_line_line_algo_2_png" time="74.184"><system-out>--------------------------------- Captured Log ---------------------------------

--------------------------------- Captured Out ---------------------------------
/home/runner/work/ocr-book/ocr-book/tests/failed_split_line_line_algo_2.png
1608412705187876099 : Checking separation double page angle 90.04134220573248
1608412705187984204 : Checking separation double page y=0 2498
1608412716839605335 : Checking page rotation 1 0.0
1608412724969021162 : Checking page rotation 2 0.6000000000000001
1608412729268884813 : Checking image 1 crop x1 272
1608412729269000118 : Checking image 1 crop y1 149
1608412729269036719 : Checking image 1 crop x2 2383
1608412729269068920 : Checking image 1 crop y2 3353
1608412732998120884 : Checking image 2 crop x1 124
1608412732998420397 : Checking image 2 crop y1 155
1608412732998463399 : Checking image 2 crop x2 2247
1608412732998498800 : Checking image 2 crop y2 3350
1608412733052294088 : Checking image 1 dpi 300
1608412733052413093 : Checking image 1 border top 137
1608412733052450495 : Checking image 1 border bottom 146
1608412733052485697 : Checking image 1 border left 174
1608412733052521298 : Checking image 1 border right 174
1608412733054664689 : Checking image 2 dpi 300
1608412733054749193 : Checking image 2 border top 135
1608412733054783594 : Checking image 2 border bottom 157
1608412733054816396 : Checking image 2 border left 168
1608412733054849197 : Checking image 2 border right 168

</system-out><system-err>--------------------------------- Captured Err ---------------------------------

</system-err></testcase><testcase classname="tests.test_images" name="test_crop_too_much_3_png" time="74.818"><system-out>--------------------------------- Captured Log ---------------------------------

--------------------------------- Captured Out ---------------------------------
/home/runner/work/ocr-book/ocr-book/tests/crop_too_much_3.png
1608412729989345005 : Checking separation double page angle 89.52945237729824
1608412729989452410 : Checking separation double page y=0 2497
1608412738898086914 : Checking page rotation 1 -0.8999999999999949
1608412751941401645 : Checking page rotation 2 -0.14999999999999067
1608412756419844563 : Checking image 1 crop x1 374
1608412756419986369 : Checking image 1 crop y1 258
1608412756420025971 : Checking image 1 crop x2 2385
1608412756420061272 : Checking image 1 crop y2 3459
1608412761403681808 : Checking image 2 crop x1 169
1608412761403822914 : Checking image 2 crop y1 228
1608412761403862816 : Checking image 2 crop x2 2182
1608412761403901817 : Checking image 2 crop y2 3417
1608412761455049272 : Checking image 1 dpi 300
1608412761455172278 : Checking image 1 border top 239
1608412761455209579 : Checking image 1 border bottom 46
1608412761455243280 : Checking image 1 border left 224
1608412761455276382 : Checking image 1 border right 224
1608412761457395171 : Checking image 2 dpi 300
1608412761457480375 : Checking image 2 border top 210
1608412761457514776 : Checking image 2 border bottom 88
1608412761457548278 : Checking image 2 border left 223
1608412761457581179 : Checking image 2 border right 223

</system-out><system-err>--------------------------------- Captured Err ---------------------------------

</system-err></testcase><testcase classname="tests.test_images" name="test_wrong_wave_split_line_2_png" time="79.014"><system-out>--------------------------------- Captured Log ---------------------------------

--------------------------------- Captured Out ---------------------------------
/home/runner/work/ocr-book/ocr-book/tests/wrong_wave_split_line_2.png
1608412783774939498 : Checking separation double page angle 90.7708958311329
1608412783775047710 : Checking separation double page y=0 2490
1608412791539055995 : Checking page rotation 1 0.4
1608412801076976734 : Checking page rotation 2 1.8
1608412805022674016 : Checking image 1 crop x1 224
1608412805022795829 : Checking image 1 crop y1 147
1608412805022835733 : Checking image 1 crop x2 2337
1608412805022870436 : Checking image 1 crop y2 3355
1608412812007775318 : Checking image 2 crop x1 107
1608412812007901330 : Checking image 2 crop y1 197
1608412812007941334 : Checking image 2 crop x2 2229
1608412812007976438 : Checking image 2 crop y2 3396
1608412812060503778 : Checking image 1 dpi 300
1608412812060622390 : Checking image 1 border top 134
1608412812060659794 : Checking image 1 border bottom 145
1608412812060693697 : Checking image 1 border left 173
1608412812060727101 : Checking image 1 border right 173
1608412812062970824 : Checking image 2 dpi 300
1608412812063064934 : Checking image 2 border top 171
1608412812063104738 : Checking image 2 border bottom 116
1608412812063137441 : Checking image 2 border left 169
1608412812063170544 : Checking image 2 border right 169

</system-out><system-err>--------------------------------- Captured Err ---------------------------------

</system-err></testcase><testcase classname="tests.test_images" name="test_wrong_wave_split_line_3_png" time="67.983"><system-out>--------------------------------- Captured Log ---------------------------------

--------------------------------- Captured Out ---------------------------------
/home/runner/work/ocr-book/ocr-book/tests/wrong_wave_split_line_3.png
1608412805194268283 : Checking separation double page angle 90.03326063695573
1608412805194370894 : Checking separation double page y=0 2514
1608412814531175752 : Checking page rotation 1 0.05
1608412821647177212 : Checking page rotation 2 0.35
1608412825503072407 : Checking image 1 crop x1 273
1608412825503203319 : Checking image 1 crop y1 220
1608412825503258225 : Checking image 1 crop x2 2383
1608412825503291928 : Checking image 1 crop y2 3423
1608412829406385002 : Checking image 2 crop x1 114
1608412829406525616 : Checking image 2 crop y1 226
1608412829406565619 : Checking image 2 crop x2 2235
1608412829406604023 : Checking image 2 crop y2 3413
1608412829453711965 : Checking image 1 dpi 300
1608412829453837478 : Checking image 1 border top 202
1608412829453874281 : Checking image 1 border bottom 82
1608412829453907784 : Checking image 1 border left 175
1608412829453942288 : Checking image 1 border right 175
1608412829456052591 : Checking image 2 dpi 300
1608412829456137099 : Checking image 2 border top 206
1608412829456171803 : Checking image 2 border bottom 94
1608412829456204706 : Checking image 2 border left 169
1608412829456237609 : Checking image 2 border right 169

</system-out><system-err>--------------------------------- Captured Err ---------------------------------

</system-err></testcase><testcase classname="tests.test_images" name="test_no_split_line_wave_algo_png" time="70.012"><system-out>--------------------------------- Captured Log ---------------------------------

--------------------------------- Captured Out ---------------------------------
/home/runner/work/ocr-book/ocr-book/tests/no_split_line_wave_algo.png
1608412847573543289 : Checking separation double page angle 89.93095154476828
1608412847573666000 : Checking separation double page y=0 2484
1608412853839709352 : Checking page rotation 1 0.0
1608412861682228546 : Checking page rotation 2 -0.49999999999999434
1608412872496524313 : Checking image 1 crop x1 97
1608412872496608021 : Checking image 1 crop y1 27
1608412872496645324 : Checking image 1 crop x2 2486
1608412872496680927 : Checking image 1 crop y2 3505
1608412881989186425 : Checking image 2 crop x1 163
1608412881989310036 : Checking image 2 crop y1 266
1608412881989349940 : Checking image 2 crop x2 2238
1608412881989384943 : Checking image 2 crop y2 3381
1608412882034235161 : Checking image 1 dpi 300
1608412882034349571 : Checking image 1 border top 15
1608412882034386874 : Checking image 1 border bottom 15
1608412882034420877 : Checking image 1 border left 46
1608412882034454380 : Checking image 1 border right 46
1608412882036546163 : Checking image 2 dpi 300
1608412882036626770 : Checking image 2 border top 258
1608412882036660673 : Checking image 2 border bottom 114
1608412882036693176 : Checking image 2 border left 192
1608412882036725879 : Checking image 2 border right 192

</system-out><system-err>--------------------------------- Captured Err ---------------------------------

</system-err></testcase><testcase classname="tests.test_images" name="test_no_split_line_wave_algo_2_png" time="58.718"><system-out>--------------------------------- Captured Log ---------------------------------

--------------------------------- Captured Out ---------------------------------
/home/runner/work/ocr-book/ocr-book/tests/no_split_line_wave_algo_2.png
1608412866175283659 : Checking separation double page angle 90.5
1608412866175398069 : Checking separation double page y=0 2478
1608412873534444392 : Checking page rotation 1 1.1500000000000001
1608412881654293932 : Checking page rotation 2 0.2
1608412885033021931 : Checking image 1 crop x1 266
1608412885033164144 : Checking image 1 crop y1 209
1608412885033203547 : Checking image 1 crop x2 2342
1608412885033242351 : Checking image 1 crop y2 3413
1608412888133662425 : Checking image 2 crop x1 165
1608412888133811138 : Checking image 2 crop y1 241
1608412888133851942 : Checking image 2 crop x2 2248
1608412888133890745 : Checking image 2 crop y2 3433
1608412888177016771 : Checking image 1 dpi 300
1608412888177148283 : Checking image 1 border top 191
1608412888177185086 : Checking image 1 border bottom 92
1608412888177219089 : Checking image 1 border left 192
1608412888177252992 : Checking image 1 border right 192
1608412888179533389 : Checking image 2 dpi 300
1608412888179622296 : Checking image 2 border top 224
1608412888179656799 : Checking image 2 border bottom 71
1608412888179690102 : Checking image 2 border left 188
1608412888179723005 : Checking image 2 border right 188

</system-out><system-err>--------------------------------- Captured Err ---------------------------------

</system-err></testcase><testcase classname="tests.test_images" name="test_crop_too_few_2_png" time="54.758"><system-out>--------------------------------- Captured Log ---------------------------------

--------------------------------- Captured Out ---------------------------------
/home/runner/work/ocr-book/ocr-book/tests/crop_too_few_2.png
1608412916158985718 : Checking separation double page angle 90.3480629671595
1608412916159094827 : Checking separation double page y=0 2534
1608412923615394201 : Checking page rotation 1 1.2000000000000002
1608412929528518920 : Checking page rotation 2 -0.09999999999999377
1608412933086231847 : Checking image 1 crop x1 287
1608412933086351457 : Checking image 1 crop y1 165
1608412933086389560 : Checking image 1 crop x2 2398
1608412933086425063 : Checking image 1 crop y2 3368
1608412936823706292 : Checking image 2 crop x1 148
1608412936823828201 : Checking image 2 crop y1 188
1608412936823868105 : Checking image 2 crop x2 2274
1608412936823903707 : Checking image 2 crop y2 3386
1608412936861788130 : Checking image 1 dpi 300
1608412936861898239 : Checking image 1 border top 157
1608412936861935542 : Checking image 1 border bottom 127
1608412936861969745 : Checking image 1 border left 174
1608412936862004648 : Checking image 1 border right 174
1608412936864039010 : Checking image 2 dpi 300
1608412936864120716 : Checking image 2 border top 175
1608412936864155619 : Checking image 2 border bottom 114
1608412936864188222 : Checking image 2 border left 167
1608412936864221024 : Checking image 2 border right 167

</system-out><system-err>--------------------------------- Captured Err ---------------------------------

</system-err></testcase><testcase classname="tests.test_images" name="test_failed_detect_rectangle_png" time="73.993"><system-out>--------------------------------- Captured Log ---------------------------------

--------------------------------- Captured Out ---------------------------------
/home/runner/work/ocr-book/ocr-book/tests/failed_detect_rectangle.png
1608412935202563837 : Checking separation double page angle 90.22337516213149
1608412935202670145 : Checking separation double page y=0 2474
1608412944029569568 : Checking page rotation 1 0.2
1608412954953804748 : Checking page rotation 2 0.2
1608412958504034379 : Checking image 1 crop x1 257
1608412958504172089 : Checking image 1 crop y1 201
1608412958504211692 : Checking image 1 crop x2 2333
1608412958504246195 : Checking image 1 crop y2 3402
1608412962112446647 : Checking image 2 crop x1 137
1608412962112585058 : Checking image 2 crop y1 215
1608412962112625761 : Checking image 2 crop x2 2220
1608412962112662864 : Checking image 2 crop y2 3406
1608412962163698578 : Checking image 1 dpi 300
1608412962163821988 : Checking image 1 border top 188
1608412962163860691 : Checking image 1 border bottom 97
1608412962163894193 : Checking image 1 border left 192
1608412962163927896 : Checking image 1 border right 192
1608412962166014556 : Checking image 2 dpi 300
1608412962166108163 : Checking image 2 border top 201
1608412962166140166 : Checking image 2 border bottom 95
1608412962166170768 : Checking image 2 border left 188
1608412962166201170 : Checking image 2 border right 188

</system-out><system-err>--------------------------------- Captured Err ---------------------------------

</system-err></testcase><testcase classname="tests.test_images" name="test_single_page_png" time="27.627"><system-out>--------------------------------- Captured Log ---------------------------------

--------------------------------- Captured Out ---------------------------------
/home/runner/work/ocr-book/ocr-book/tests/single_page.png
1608412949090806269 : Checking separation double page angle 90.0
1608412949090919477 : Checking separation double page y=0 2476
1608412955043876235 : Checking page rotation 1 0.0
1608412955644099752 : Checking page rotation 2 0.0
1608412963538478162 : Checking image 1 crop x1 1
1608412963538563968 : Checking image 1 crop y1 8
1608412963538603871 : Checking image 1 crop x2 2470
1608412963538638774 : Checking image 1 crop y2 3505
1608412964127749577 : Checking image 2 crop x1 0
1608412964127819283 : Checking image 2 crop y1 0
1608412964127851285 : Checking image 2 crop x2 0
1608412964127881888 : Checking image 2 crop y2 0
1608412964127958793 : Checking image 1 dpi 300
1608412964128023398 : Checking image 1 border top 5
1608412964128057101 : Checking image 1 border bottom 5
1608412964128089703 : Checking image 1 border left 6
1608412964128122706 : Checking image 1 border right 6
1608412964133953752 : Checking image 2 border top 0
1608412964134010456 : Checking image 2 border bottom 0
1608412964134041559 : Checking image 2 border left 0
1608412964134072661 : Checking image 2 border right 0

</system-out><system-err>--------------------------------- Captured Err ---------------------------------

</system-err></testcase><testcase classname="tests.test_images" name="test_no_split_line_wave_algo_3_png" time="20.372"><system-out>--------------------------------- Captured Log ---------------------------------

--------------------------------- Captured Out ---------------------------------
/home/runner/work/ocr-book/ocr-book/tests/no_split_line_wave_algo_3.png
1608412974318818086 : Checking separation double page angle 90.19999999999999
1608412974318931494 : Checking separation double page y=0 2408
1608412977212006165 : Checking page rotation 1 0.0
1608412977577973032 : Checking page rotation 2 0.15000000000000002
1608412981913154673 : Checking image 1 crop x1 184
1608412981913286783 : Checking image 1 crop y1 2957
1608412981913326886 : Checking image 1 crop x2 2201
1608412981913362388 : Checking image 1 crop y2 3202
1608412982526786313 : Checking image 2 crop x1 0
1608412982526857118 : Checking image 2 crop y1 0
1608412982527145039 : Checking image 2 crop x2 0
1608412982527177442 : Checking image 2 crop y2 0
1608412982527264348 : Checking image 1 dpi 300
1608412982527338554 : Checking image 1 border top 2950
1608412982527373457 : Checking image 1 border bottom 292
1608412982527407159 : Checking image 1 border left 221
1608412982527442262 : Checking image 1 border right 221
1608412982536995174 : Checking image 2 border top 0
1608412982537073079 : Checking image 2 border bottom 0
1608412982537112982 : Checking image 2 border left 0
1608412982537150985 : Checking image 2 border right 0

</system-out><system-err>--------------------------------- Captured Err ---------------------------------

</system-err></testcase></testsuite></testsuites>