<?xml version="1.0" encoding="utf-8"?><testsuites><testsuite name="pytest" errors="0" failures="0" skipped="0" tests="36" time="415.664" timestamp="2021-05-17T10:17:49.336535" hostname="fv-az214-561"><testcase classname="tests.test_features" name="test_mock_stop_at_0" time="0.048"><system-out>--------------------------------- Captured Log ---------------------------------

--------------------------------- Captured Out ---------------------------------
/home/runner/work/diptych/diptych/tests/0001_0.png

</system-out><system-err>--------------------------------- Captured Err ---------------------------------

</system-err></testcase><testcase classname="tests.test_features" name="test_disabled_enable_debug" time="24.162"><system-out>--------------------------------- Captured Log ---------------------------------

--------------------------------- Captured Out ---------------------------------
/home/runner/work/diptych/diptych/tests/0001_debug.png
separation double page angle 90.55756528497216
separation double page y=0 2484
page rotation 1 0.65
page rotation 2 0.2
image 1 crop x1 329
image 1 crop y1 335
image 1 crop x2 2344
image 1 crop y2 3222
image 2 crop x1 171
image 2 crop y1 648
image 2 crop x2 2188
image 2 crop y2 3361
image 1 dpi 300
image 1 border top 327
image 1 border bottom 273
image 1 border left 222
image 1 border right 222
image 2 dpi 300
image 2 border top 643
image 2 border bottom 131
image 2 border left 221
image 2 border right 221

</system-out><system-err>--------------------------------- Captured Err ---------------------------------

</system-err></testcase><testcase classname="tests.test_features" name="test_mock_stop_at_2" time="16.963"><system-out>--------------------------------- Captured Log ---------------------------------

--------------------------------- Captured Out ---------------------------------
/home/runner/work/diptych/diptych/tests/0001_2.png
separation double page angle 90.55756528497216
separation double page y=0 2484
page rotation 1 0.65
page rotation 2 0.2

</system-out><system-err>--------------------------------- Captured Err ---------------------------------

</system-err></testcase><testcase classname="tests.test_features" name="test_mock_stop_at_4" time="23.401"><system-out>--------------------------------- Captured Log ---------------------------------

--------------------------------- Captured Out ---------------------------------
/home/runner/work/diptych/diptych/tests/0001_4.png
separation double page angle 90.55756528497216
separation double page y=0 2484
page rotation 1 0.65
page rotation 2 0.2
image 1 crop x1 329
image 1 crop y1 335
image 1 crop x2 2344
image 1 crop y2 3222
image 2 crop x1 171
image 2 crop y1 648
image 2 crop x2 2188
image 2 crop y2 3361
image 1 dpi 300
image 1 border top 326
image 1 border bottom 274
image 1 border left 222
image 1 border right 222
image 2 dpi 300
image 2 border top 643
image 2 border bottom 131
image 2 border left 221
image 2 border right 221

</system-out><system-err>--------------------------------- Captured Err ---------------------------------

</system-err></testcase><testcase classname="tests.test_features" name="test_mock_stop_at_1" time="14.094"><system-out>--------------------------------- Captured Log ---------------------------------

--------------------------------- Captured Out ---------------------------------
/home/runner/work/diptych/diptych/tests/0001_1.png
separation double page angle 90.55756528497216
separation double page y=0 2484

</system-out><system-err>--------------------------------- Captured Err ---------------------------------

</system-err></testcase><testcase classname="tests.test_features" name="test_mock_stop_at_3" time="23.899"><system-out>--------------------------------- Captured Log ---------------------------------

--------------------------------- Captured Out ---------------------------------
/home/runner/work/diptych/diptych/tests/0001_3.png
separation double page angle 90.55756528497216
separation double page y=0 2484
page rotation 1 0.65
page rotation 2 0.2
image 1 crop x1 329
image 1 crop y1 335
image 1 crop x2 2344
image 1 crop y2 3222
image 2 crop x1 171
image 2 crop y1 648
image 2 crop x2 2188
image 2 crop y2 3361

</system-out><system-err>--------------------------------- Captured Err ---------------------------------

</system-err></testcase><testcase classname="tests.test_images" name="test_0001_png" time="21.670"><system-out>--------------------------------- Captured Log ---------------------------------

--------------------------------- Captured Out ---------------------------------
/home/runner/work/diptych/diptych/tests/0001.png
1621246723926081609 : Checking separation double page angle 90.55756528497216
1621246723926195511 : Checking separation double page y=0 2484
1621246725042527462 : Checking page rotation 1 0.65
1621246726495229743 : Checking page rotation 2 0.2
1621246729801000574 : Checking image 1 crop x1 329
1621246729801130378 : Checking image 1 crop y1 335
1621246729801169779 : Checking image 1 crop x2 2344
1621246729801203579 : Checking image 1 crop y2 3222
1621246732542518414 : Checking image 2 crop x1 171
1621246732542625216 : Checking image 2 crop y1 648
1621246732542661416 : Checking image 2 crop x2 2188
1621246732542695117 : Checking image 2 crop y2 3361
1621246732542851518 : Checking image 1 dpi 300
1621246732542920819 : Checking image 1 border top 326
1621246732542954820 : Checking image 1 border bottom 274
1621246732542984620 : Checking image 1 border left 222
1621246732543013021 : Checking image 1 border right 222
1621246732546155660 : Checking image 2 dpi 300
1621246732546220161 : Checking image 2 border top 643
1621246732546251761 : Checking image 2 border bottom 131
1621246732546280761 : Checking image 2 border left 221
1621246732546309162 : Checking image 2 border right 221

</system-out><system-err>--------------------------------- Captured Err ---------------------------------

</system-err></testcase><testcase classname="tests.test_images" name="test_black_border_not_removed_png" time="24.317"><system-out>--------------------------------- Captured Log ---------------------------------

--------------------------------- Captured Out ---------------------------------
/home/runner/work/diptych/diptych/tests/black-border-not-removed.png
1621246745646885515 : Checking separation double page angle 90.01516396500199
1621246745646984417 : Checking separation double page y=0 2455
1621246746671701766 : Checking page rotation 1 0.0
1621246748243352279 : Checking page rotation 2 0.1
1621246751247691713 : Checking image 1 crop x1 297
1621246751247814614 : Checking image 1 crop y1 143
1621246751247858515 : Checking image 1 crop x2 2309
1621246751247899215 : Checking image 1 crop y2 3346
1621246756852534135 : Checking image 2 crop x1 154
1621246756852705637 : Checking image 2 crop y1 144
1621246756852770838 : Checking image 2 crop x2 2168
1621246756852817538 : Checking image 2 crop y2 3351
1621246756853023741 : Checking image 1 dpi 300
1621246756853133442 : Checking image 1 border top 131
1621246756853174942 : Checking image 1 border bottom 153
1621246756853210743 : Checking image 1 border left 224
1621246756853246243 : Checking image 1 border right 224
1621246756856220676 : Checking image 2 dpi 300
1621246756856295577 : Checking image 2 border top 133
1621246756856332178 : Checking image 2 border bottom 147
1621246756856365578 : Checking image 2 border left 223
1621246756856398678 : Checking image 2 border right 223

</system-out><system-err>--------------------------------- Captured Err ---------------------------------

</system-err></testcase><testcase classname="tests.test_features" name="test_mock_stop_at_5" time="24.306"><system-out>--------------------------------- Captured Log ---------------------------------

--------------------------------- Captured Out ---------------------------------
/home/runner/work/diptych/diptych/tests/0001_5.png
separation double page angle 90.55756528497216
separation double page y=0 2484
page rotation 1 0.65
page rotation 2 0.2
image 1 crop x1 329
image 1 crop y1 335
image 1 crop x2 2344
image 1 crop y2 3222
image 2 crop x1 171
image 2 crop y1 648
image 2 crop x2 2188
image 2 crop y2 3361
image 1 dpi 300
image 1 border top 326
image 1 border bottom 274
image 1 border left 222
image 1 border right 222
image 2 dpi 300
image 2 border top 643
image 2 border bottom 131
image 2 border left 221
image 2 border right 221

</system-out><system-err>--------------------------------- Captured Err ---------------------------------

</system-err></testcase><testcase classname="tests.test_images" name="test_image_failed_to_rotate_png" time="28.592"><system-out>--------------------------------- Captured Log ---------------------------------

--------------------------------- Captured Out ---------------------------------
/home/runner/work/diptych/diptych/tests/image_failed_to_rotate.png
1621246772537712228 : Checking separation double page angle 90.35651650869968
1621246772537825229 : Checking separation double page y=0 2483
1621246774549624103 : Checking page rotation 1 0.45
1621246775949510112 : Checking page rotation 2 0.2
1621246781617856454 : Checking image 1 crop x1 31
1621246781617990057 : Checking image 1 crop y1 1
1621246781618044958 : Checking image 1 crop x2 2481
1621246781618084659 : Checking image 1 crop y2 3504
1621246785355139159 : Checking image 2 crop x1 171
1621246785355262661 : Checking image 2 crop y1 231
1621246785355307062 : Checking image 2 crop x2 2259
1621246785355348663 : Checking image 2 crop y2 3358
1621246785355524667 : Checking image 1 dpi 300
1621246785355611969 : Checking image 1 border top 2
1621246785355654770 : Checking image 1 border bottom 2
1621246785355690770 : Checking image 1 border left 15
1621246785355726471 : Checking image 1 border right 15
1621246785358385626 : Checking image 2 dpi 300
1621246785358457327 : Checking image 2 border top 217
1621246785358493928 : Checking image 2 border bottom 143
1621246785358528229 : Checking image 2 border left 186
1621246785358562630 : Checking image 2 border right 186

</system-out><system-err>--------------------------------- Captured Err ---------------------------------

</system-err></testcase><testcase classname="tests.test_images" name="test_2_pages_2_contours_png" time="15.995"><system-out>--------------------------------- Captured Log ---------------------------------

--------------------------------- Captured Out ---------------------------------
/home/runner/work/diptych/diptych/tests/2-pages-2-contours.png
1621246767851031324 : Checking separation double page angle 90.14230271514262
1621246767851142326 : Checking separation double page y=0 2488
1621246768452973727 : Checking page rotation 1 0.0
1621246769484090775 : Checking page rotation 2 0.2
1621246770369121982 : Checking image 1 crop x1 1189
1621246770369219284 : Checking image 1 crop y1 1751
1621246770369254685 : Checking image 1 crop x2 1190
1621246770369285385 : Checking image 1 crop y2 1752
1621246772928374197 : Checking image 2 crop x1 100
1621246772928492099 : Checking image 2 crop y1 240
1621246772928528600 : Checking image 2 crop x2 2148
1621246772928562100 : Checking image 2 crop y2 3240
1621246772928738803 : Checking image 1 dpi 300
1621246772928822405 : Checking image 1 border top 1752
1621246772928854605 : Checking image 1 border bottom 1753
1621246772928883405 : Checking image 1 border left 1239
1621246772928913606 : Checking image 1 border right 1239
1621246772931019039 : Checking image 2 dpi 300
1621246772931141041 : Checking image 2 border top 230
1621246772931173242 : Checking image 2 border bottom 256
1621246772931201842 : Checking image 2 border left 206
1621246772931230243 : Checking image 2 border right 206

</system-out><system-err>--------------------------------- Captured Err ---------------------------------

</system-err></testcase><testcase classname="tests.test_images" name="test_wrong_split_line_png" time="19.423"><system-out>--------------------------------- Captured Log ---------------------------------

--------------------------------- Captured Out ---------------------------------
/home/runner/work/diptych/diptych/tests/wrong_split_line.png
1621246786437293014 : Checking separation double page angle 89.95895720607972
1621246786437400116 : Checking separation double page y=0 2466
1621246787557638204 : Checking page rotation 1 -0.04999999999999689
1621246788618970066 : Checking page rotation 2 0.45
1621246790062288899 : Checking image 1 crop x1 211
1621246790062388601 : Checking image 1 crop y1 156
1621246790062423601 : Checking image 1 crop x2 2323
1621246790062455902 : Checking image 1 crop y2 3363
1621246792341211740 : Checking image 2 crop x1 123
1621246792341326642 : Checking image 2 crop y1 164
1621246792341378543 : Checking image 2 crop x2 2237
1621246792341415544 : Checking image 2 crop y2 3375
1621246792341613547 : Checking image 1 dpi 300
1621246792341695149 : Checking image 1 border top 135
1621246792341733050 : Checking image 1 border bottom 145
1621246792341767250 : Checking image 1 border left 174
1621246792341802451 : Checking image 1 border right 174
1621246792344799707 : Checking image 2 dpi 300
1621246792344904009 : Checking image 2 border top 141
1621246792344939710 : Checking image 2 border bottom 135
1621246792344984611 : Checking image 2 border left 173
1621246792345017011 : Checking image 2 border right 173

</system-out><system-err>--------------------------------- Captured Err ---------------------------------

</system-err></testcase><testcase classname="tests.test_images" name="test_image_failed_to_crop_data_png" time="41.533"><system-out>--------------------------------- Captured Log ---------------------------------

--------------------------------- Captured Out ---------------------------------
/home/runner/work/diptych/diptych/tests/image_failed_to_crop_data.png
1621246805569609669 : Checking separation double page angle 90.09350257645173
1621246805569719076 : Checking separation double page y=0 2479
1621246810314078303 : Checking page rotation 1 0.15000000000000002
1621246811829777540 : Checking page rotation 2 0.05
1621246823410407269 : Checking image 1 crop x1 46
1621246823410550573 : Checking image 1 crop y1 1
1621246823410596475 : Checking image 1 crop x2 2477
1621246823410635776 : Checking image 1 crop y2 3505
1621246826918933572 : Checking image 2 crop x1 164
1621246826919048576 : Checking image 2 crop y1 217
1621246826919089177 : Checking image 2 crop x2 2245
1621246826919125778 : Checking image 2 crop y2 3350
1621246826919292283 : Checking image 1 dpi 300
1621246826919368185 : Checking image 1 border top 2
1621246826919408486 : Checking image 1 border bottom 2
1621246826919442187 : Checking image 1 border left 25
1621246826919475788 : Checking image 1 border right 25
1621246826922065467 : Checking image 2 dpi 300
1621246826922142269 : Checking image 2 border top 206
1621246826922178170 : Checking image 2 border bottom 148
1621246826922212071 : Checking image 2 border left 189
1621246826922245672 : Checking image 2 border right 189

</system-out><system-err>--------------------------------- Captured Err ---------------------------------

</system-err></testcase><testcase classname="tests.test_images" name="test_crop_too_much_png" time="26.425"><system-out>--------------------------------- Captured Log ---------------------------------

--------------------------------- Captured Out ---------------------------------
/home/runner/work/diptych/diptych/tests/crop_too_much.png
1621246806881754062 : Checking separation double page angle 90.16929865985193
1621246806881872970 : Checking separation double page y=0 2456
1621246808549782583 : Checking page rotation 1 -0.04999999999999689
1621246810192709909 : Checking page rotation 2 0.2
1621246813773385947 : Checking image 1 crop x1 302
1621246813773496051 : Checking image 1 crop y1 148
1621246813773533952 : Checking image 1 crop x2 2314
1621246813773566153 : Checking image 1 crop y2 3351
1621246818740922137 : Checking image 2 crop x1 163
1621246818741026040 : Checking image 2 crop y1 151
1621246818741062241 : Checking image 2 crop x2 2187
1621246818741095242 : Checking image 2 crop y2 3363
1621246818741261247 : Checking image 1 dpi 300
1621246818741337449 : Checking image 1 border top 133
1621246818741371350 : Checking image 1 border bottom 151
1621246818741401751 : Checking image 1 border left 224
1621246818741433152 : Checking image 1 border right 224
1621246818744262637 : Checking image 2 dpi 300
1621246818744339540 : Checking image 2 border top 132
1621246818744372241 : Checking image 2 border bottom 143
1621246818744402842 : Checking image 2 border left 218
1621246818744435343 : Checking image 2 border right 218

</system-out><system-err>--------------------------------- Captured Err ---------------------------------

</system-err></testcase><testcase classname="tests.test_images" name="test_crop_too_few_png" time="19.878"><system-out>--------------------------------- Captured Log ---------------------------------

--------------------------------- Captured Out ---------------------------------
/home/runner/work/diptych/diptych/tests/crop_too_few.png
1621246832611112487 : Checking separation double page angle 89.49492328400886
1621246832611247391 : Checking separation double page y=0 2510
1621246833746179910 : Checking page rotation 1 -0.6499999999999977
1621246834944064559 : Checking page rotation 2 0.0
1621246837038012019 : Checking image 1 crop x1 263
1621246837038119316 : Checking image 1 crop y1 150
1621246837038158215 : Checking image 1 crop x2 2377
1621246837038191914 : Checking image 1 crop y2 3357
1621246838659382736 : Checking image 2 crop x1 139
1621246838659480639 : Checking image 2 crop y1 141
1621246838659513140 : Checking image 2 crop x2 2261
1621246838659542840 : Checking image 2 crop y2 3345
1621246838659709645 : Checking image 1 dpi 300
1621246838659850549 : Checking image 1 border top 129
1621246838659894750 : Checking image 1 border bottom 150
1621246838659926351 : Checking image 1 border left 173
1621246838659959052 : Checking image 1 border right 173
1621246838662833030 : Checking image 2 dpi 300
1621246838662892532 : Checking image 2 border top 130
1621246838662921033 : Checking image 2 border bottom 153
1621246838662947834 : Checking image 2 border left 169
1621246838662973934 : Checking image 2 border right 169

</system-out><system-err>--------------------------------- Captured Err ---------------------------------

</system-err></testcase><testcase classname="tests.test_images" name="test_wrong_angle_split_line_png" time="25.770"><system-out>--------------------------------- Captured Log ---------------------------------

--------------------------------- Captured Out ---------------------------------
/home/runner/work/diptych/diptych/tests/wrong_angle_split_line.png
1621246838222855389 : Checking separation double page angle 90.08791528895468
1621246838222961392 : Checking separation double page y=0 2478
1621246839539744729 : Checking page rotation 1 0.1
1621246840866753246 : Checking page rotation 2 0.1
1621246847070745777 : Checking image 1 crop x1 58
1621246847070864181 : Checking image 1 crop y1 6
1621246847070903682 : Checking image 1 crop x2 2476
1621246847070939483 : Checking image 1 crop y2 3501
1621246852021224992 : Checking image 2 crop x1 166
1621246852021336895 : Checking image 2 crop y1 218
1621246852021373296 : Checking image 2 crop x2 2244
1621246852021406497 : Checking image 2 crop y2 3349
1621246852021572601 : Checking image 1 dpi 300
1621246852021649203 : Checking image 1 border top 6
1621246852021684304 : Checking image 1 border bottom 6
1621246852021713405 : Checking image 1 border left 31
1621246852021742006 : Checking image 1 border right 31
1621246852030026226 : Checking image 2 dpi 300
1621246852030171230 : Checking image 2 border top 209
1621246852030214031 : Checking image 2 border bottom 147
1621246852030247932 : Checking image 2 border left 191
1621246852030281033 : Checking image 2 border right 191

</system-out><system-err>--------------------------------- Captured Err ---------------------------------

</system-err></testcase><testcase classname="tests.test_images" name="test_crop_too_much_2_png" time="27.349"><system-out>--------------------------------- Captured Log ---------------------------------

--------------------------------- Captured Out ---------------------------------
/home/runner/work/diptych/diptych/tests/crop_too_much_2.png
1621246855625573211 : Checking separation double page angle 90.15285326123045
1621246855625708914 : Checking separation double page y=0 2477
1621246857218369317 : Checking page rotation 1 0.15000000000000002
1621246858850107400 : Checking page rotation 2 0.2
1621246861881059078 : Checking image 1 crop x1 330
1621246861881164582 : Checking image 1 crop y1 132
1621246861881203183 : Checking image 1 crop x2 2342
1621246861881237584 : Checking image 1 crop y2 3335
1621246865983063250 : Checking image 2 crop x1 165
1621246865983153953 : Checking image 2 crop y1 139
1621246865983199554 : Checking image 2 crop x2 2178
1621246865983231455 : Checking image 2 crop y2 3345
1621246865983394559 : Checking image 1 dpi 300
1621246865983470762 : Checking image 1 border top 121
1621246865983503263 : Checking image 1 border bottom 163
1621246865983532863 : Checking image 1 border left 224
1621246865983564764 : Checking image 1 border right 224
1621246865986287942 : Checking image 2 dpi 300
1621246865986363645 : Checking image 2 border top 129
1621246865986395145 : Checking image 2 border bottom 152
1621246865986423846 : Checking image 2 border left 223
1621246865986452447 : Checking image 2 border right 223

</system-out><system-err>--------------------------------- Captured Err ---------------------------------

</system-err></testcase><testcase classname="tests.test_images" name="test_angle_page_lower_split_line_png" time="26.444"><system-out>--------------------------------- Captured Log ---------------------------------

--------------------------------- Captured Out ---------------------------------
/home/runner/work/diptych/diptych/tests/angle_page_lower_split_line.png
1621246870855014023 : Checking separation double page angle 89.74412725181848
1621246870855126326 : Checking separation double page y=0 2472
1621246872305040188 : Checking page rotation 1 -0.14999999999999067
1621246873628426397 : Checking page rotation 2 0.1
1621246875422911160 : Checking image 1 crop x1 241
1621246875423023664 : Checking image 1 crop y1 156
1621246875423061165 : Checking image 1 crop x2 2357
1621246875423096866 : Checking image 1 crop y2 3368
1621246879211302431 : Checking image 2 crop x1 151
1621246879211429935 : Checking image 2 crop y1 146
1621246879211474436 : Checking image 2 crop x2 2261
1621246879211553138 : Checking image 2 crop y2 3351
1621246879211730343 : Checking image 1 dpi 300
1621246879211811145 : Checking image 1 border top 140
1621246879211848546 : Checking image 1 border bottom 135
1621246879211882447 : Checking image 1 border left 172
1621246879211914848 : Checking image 1 border right 172
1621246879214809525 : Checking image 2 dpi 300
1621246879214889328 : Checking image 2 border top 131
1621246879214953129 : Checking image 2 border bottom 151
1621246879214988530 : Checking image 2 border left 175
1621246879215029731 : Checking image 2 border right 175

</system-out><system-err>--------------------------------- Captured Err ---------------------------------

</system-err></testcase><testcase classname="tests.test_images" name="test_wrong_split_line_2_png" time="33.798"><system-out>--------------------------------- Captured Log ---------------------------------

--------------------------------- Captured Out ---------------------------------
/home/runner/work/diptych/diptych/tests/wrong_split_line_2.png
1621246883779433108 : Checking separation double page angle 90.23635161124103
1621246883779534510 : Checking separation double page y=0 2437
1621246885366996937 : Checking page rotation 1 0.2
1621246886967783205 : Checking page rotation 2 0.2
1621246892172764755 : Checking image 1 crop x1 294
1621246892172865658 : Checking image 1 crop y1 136
1621246892172899359 : Checking image 1 crop x2 2325
1621246892172933059 : Checking image 1 crop y2 3376
1621246899788234955 : Checking image 2 crop x1 138
1621246899788346958 : Checking image 2 crop y1 190
1621246899788385659 : Checking image 2 crop x2 2174
1621246899788420660 : Checking image 2 crop y2 3389
1621246899788602065 : Checking image 1 dpi 300
1621246899788680367 : Checking image 1 border top 131
1621246899788714868 : Checking image 1 border bottom 116
1621246899788747269 : Checking image 1 border left 214
1621246899788780570 : Checking image 1 border right 214
1621246899791626945 : Checking image 2 dpi 300
1621246899791705747 : Checking image 2 border top 181
1621246899791739648 : Checking image 2 border bottom 107
1621246899791772049 : Checking image 2 border left 212
1621246899791803650 : Checking image 2 border right 212

</system-out><system-err>--------------------------------- Captured Err ---------------------------------

</system-err></testcase><testcase classname="tests.test_images" name="test_wrong_wave_split_line_png" time="33.449"><system-out>--------------------------------- Captured Log ---------------------------------

--------------------------------- Captured Out ---------------------------------
/home/runner/work/diptych/diptych/tests/wrong_wave_split_line.png
1621246896067884769 : Checking separation double page angle 90.42461655762611
1621246896068015572 : Checking separation double page y=0 2502
1621246898267995811 : Checking page rotation 1 -0.09999999999999377
1621246899968611431 : Checking page rotation 2 0.85
1621246906023245413 : Checking image 1 crop x1 384
1621246906023368417 : Checking image 1 crop y1 178
1621246906023408618 : Checking image 1 crop x2 2412
1621246906023446619 : Checking image 1 crop y2 3374
1621246912645461901 : Checking image 2 crop x1 7
1621246912645632305 : Checking image 2 crop y1 0
1621246912645675906 : Checking image 2 crop x2 2411
1621246912645718508 : Checking image 2 crop y2 3505
1621246912645887512 : Checking image 1 dpi 300
1621246912645965914 : Checking image 1 border top 173
1621246912646006815 : Checking image 1 border bottom 118
1621246912646042616 : Checking image 1 border left 216
1621246912646078017 : Checking image 1 border right 216
1621246912648783189 : Checking image 2 dpi 300
1621246912648856091 : Checking image 2 border top 1
1621246912648893592 : Checking image 2 border bottom 1
1621246912648928993 : Checking image 2 border left 38
1621246912648964394 : Checking image 2 border right 38

</system-out><system-err>--------------------------------- Captured Err ---------------------------------

</system-err></testcase><testcase classname="tests.test_images" name="test_small_wave_png" time="24.992"><system-out>--------------------------------- Captured Log ---------------------------------

--------------------------------- Captured Out ---------------------------------
/home/runner/work/diptych/diptych/tests/small_wave.png
1621246917801353853 : Checking separation double page angle 90.56494929955075
1621246917801456356 : Checking separation double page y=0 2495
1621246919477836920 : Checking page rotation 1 0.7
1621246920983518784 : Checking page rotation 2 0.65
1621246922496744552 : Checking image 1 crop x1 322
1621246922496852955 : Checking image 1 crop y1 199
1621246922496891056 : Checking image 1 crop x2 2351
1621246922496923257 : Checking image 1 crop y2 3394
1621246924776911826 : Checking image 2 crop x1 130
1621246924777026329 : Checking image 2 crop y1 222
1621246924777116132 : Checking image 2 crop x2 2163
1621246924777172633 : Checking image 2 crop y2 3420
1621246924777349138 : Checking image 1 dpi 300
1621246924777428740 : Checking image 1 border top 181
1621246924777462641 : Checking image 1 border bottom 111
1621246924777493442 : Checking image 1 border left 215
1621246924777525543 : Checking image 1 border right 215
1621246924780364120 : Checking image 2 dpi 300
1621246924780429021 : Checking image 2 border top 197
1621246924780460222 : Checking image 2 border bottom 92
1621246924780489623 : Checking image 2 border left 213
1621246924780518424 : Checking image 2 border right 213

</system-out><system-err>--------------------------------- Captured Err ---------------------------------

</system-err></testcase><testcase classname="tests.test_images" name="test_no_split_line_line_algo_png" time="22.998"><system-out>--------------------------------- Captured Log ---------------------------------

--------------------------------- Captured Out ---------------------------------
/home/runner/work/diptych/diptych/tests/no_split_line_line_algo.png
1621246926139628829 : Checking separation double page angle 89.47691469185418
1621246926139733632 : Checking separation double page y=0 2476
1621246927289310379 : Checking page rotation 1 -0.14999999999999067
1621246929076380942 : Checking page rotation 2 -0.14999999999999067
1621246931060225220 : Checking image 1 crop x1 205
1621246931060348023 : Checking image 1 crop y1 158
1621246931060389424 : Checking image 1 crop x2 2320
1621246931060427025 : Checking image 1 crop y2 3366
1621246935665883867 : Checking image 2 crop x1 185
1621246935666000470 : Checking image 2 crop y1 225
1621246935666042071 : Checking image 2 crop x2 2204
1621246935666078772 : Checking image 2 crop y2 3362
1621246935666252677 : Checking image 1 dpi 300
1621246935666332379 : Checking image 1 border top 144
1621246935666370380 : Checking image 1 border bottom 134
1621246935666404181 : Checking image 1 border left 172
1621246935666437182 : Checking image 1 border right 172
1621246935669100853 : Checking image 2 dpi 300
1621246935669184356 : Checking image 2 border top 223
1621246935669221857 : Checking image 2 border bottom 127
1621246935669255058 : Checking image 2 border left 220
1621246935669288158 : Checking image 2 border right 220

</system-out><system-err>--------------------------------- Captured Err ---------------------------------

</system-err></testcase><testcase classname="tests.test_images" name="test_wrong_split_line_3_png" time="27.338"><system-out>--------------------------------- Captured Log ---------------------------------

--------------------------------- Captured Out ---------------------------------
/home/runner/work/diptych/diptych/tests/wrong_split_line_3.png
1621246940714753631 : Checking separation double page angle 90.40515247895009
1621246940714857434 : Checking separation double page y=0 2495
1621246942173854127 : Checking page rotation 1 0.2
1621246943202013258 : Checking page rotation 2 0.85
1621246945277330834 : Checking image 1 crop x1 331
1621246945277434636 : Checking image 1 crop y1 166
1621246945277471137 : Checking image 1 crop x2 2377
1621246945277506638 : Checking image 1 crop y2 3375
1621246952152335395 : Checking image 2 crop x1 103
1621246952152445598 : Checking image 2 crop y1 207
1621246952152499499 : Checking image 2 crop x2 2136
1621246952152533600 : Checking image 2 crop y2 3414
1621246952152739706 : Checking image 1 dpi 300
1621246952152872209 : Checking image 1 border top 158
1621246952152920211 : Checking image 1 border bottom 120
1621246952152954311 : Checking image 1 border left 207
1621246952152989112 : Checking image 1 border right 207
1621246952155856490 : Checking image 2 dpi 300
1621246952155928392 : Checking image 2 border top 199
1621246952155959393 : Checking image 2 border bottom 81
1621246952155988294 : Checking image 2 border left 213
1621246952156017094 : Checking image 2 border right 213

</system-out><system-err>--------------------------------- Captured Err ---------------------------------

</system-err></testcase><testcase classname="tests.test_images" name="test_failed_split_line_line_algo_png" time="16.989"><system-out>--------------------------------- Captured Log ---------------------------------

--------------------------------- Captured Out ---------------------------------
/home/runner/work/diptych/diptych/tests/failed_split_line_line_algo.png
1621246946697065664 : Checking separation double page angle 90.0093502548779
1621246946697186067 : Checking separation double page y=0 2574
1621246947546300551 : Checking page rotation 1 0.0
1621246948179228484 : Checking page rotation 2 0.0
1621246950893210723 : Checking image 1 crop x1 411
1621246950893408928 : Checking image 1 crop y1 2927
1621246950893463730 : Checking image 1 crop x2 2422
1621246950893504231 : Checking image 1 crop y2 3172
1621246952688071592 : Checking image 2 crop x1 1191
1621246952688201195 : Checking image 2 crop y1 1745
1621246952688245196 : Checking image 2 crop x2 1192
1621246952688282397 : Checking image 2 crop y2 1746
1621246952688441002 : Checking image 1 dpi 300
1621246952688526904 : Checking image 1 border top 2920
1621246952688563405 : Checking image 1 border bottom 322
1621246952688596806 : Checking image 1 border left 224
1621246952688630007 : Checking image 1 border right 224
1621246952691162375 : Checking image 2 dpi 300
1621246952691228777 : Checking image 2 border top 1752
1621246952691267178 : Checking image 2 border bottom 1753
1621246952691300879 : Checking image 2 border left 1239
1621246952691343480 : Checking image 2 border right 1239

</system-out><system-err>--------------------------------- Captured Err ---------------------------------

</system-err></testcase><testcase classname="tests.test_images" name="test_crop_too_much_3_png" time="22.332"><system-out>--------------------------------- Captured Log ---------------------------------

--------------------------------- Captured Out ---------------------------------
/home/runner/work/diptych/diptych/tests/crop_too_much_3.png
1621246965769023611 : Checking separation double page angle 89.5934556679346
1621246965769123014 : Checking separation double page y=0 2499
1621246966904874877 : Checking page rotation 1 -0.8999999999999949
1621246968607587097 : Checking page rotation 2 -0.04999999999999689
1621246971785014860 : Checking image 1 crop x1 374
1621246971785123163 : Checking image 1 crop y1 258
1621246971785160764 : Checking image 1 crop x2 2385
1621246971785192865 : Checking image 1 crop y2 3459
1621246974473021811 : Checking image 2 crop x1 164
1621246974473135714 : Checking image 2 crop y1 229
1621246974473175615 : Checking image 2 crop x2 2183
1621246974473213616 : Checking image 2 crop y2 3416
1621246974473405622 : Checking image 1 dpi 300
1621246974473506224 : Checking image 1 border top 239
1621246974473538325 : Checking image 1 border bottom 46
1621246974473568126 : Checking image 1 border left 224
1621246974473598727 : Checking image 1 border right 224
1621246974476669510 : Checking image 2 dpi 300
1621246974476734712 : Checking image 2 border top 210
1621246974476765112 : Checking image 2 border bottom 90
1621246974476793713 : Checking image 2 border left 220
1621246974476823514 : Checking image 2 border right 220

</system-out><system-err>--------------------------------- Captured Err ---------------------------------

</system-err></testcase><testcase classname="tests.test_images" name="test_failed_split_line_line_algo_2_png" time="24.045"><system-out>--------------------------------- Captured Log ---------------------------------

--------------------------------- Captured Out ---------------------------------
/home/runner/work/diptych/diptych/tests/failed_split_line_line_algo_2.png
1621246967658532490 : Checking separation double page angle 90.03732329462368
1621246967658652894 : Checking separation double page y=0 2499
1621246969238534086 : Checking page rotation 1 -0.09999999999999377
1621246970809057026 : Checking page rotation 2 0.5499999999999999
1621246974025016407 : Checking image 1 crop x1 273
1621246974025136310 : Checking image 1 crop y1 147
1621246974025173911 : Checking image 1 crop x2 2386
1621246974025208312 : Checking image 1 crop y2 3352
1621246976697935124 : Checking image 2 crop x1 122
1621246976698045927 : Checking image 2 crop y1 155
1621246976698083928 : Checking image 2 crop x2 2246
1621246976698119829 : Checking image 2 crop y2 3350
1621246976698291434 : Checking image 1 dpi 300
1621246976698366436 : Checking image 1 border top 137
1621246976698402337 : Checking image 1 border bottom 145
1621246976698433637 : Checking image 1 border left 173
1621246976698464438 : Checking image 1 border right 173
1621246976701883631 : Checking image 2 dpi 300
1621246976701964633 : Checking image 2 border top 133
1621246976701998634 : Checking image 2 border bottom 159
1621246976702029735 : Checking image 2 border left 168
1621246976702063435 : Checking image 2 border right 168

</system-out><system-err>--------------------------------- Captured Err ---------------------------------

</system-err></testcase><testcase classname="tests.test_images" name="test_wrong_wave_split_line_2_png" time="28.420"><system-out>--------------------------------- Captured Log ---------------------------------

--------------------------------- Captured Out ---------------------------------
/home/runner/work/diptych/diptych/tests/wrong_wave_split_line_2.png
1621246993797563058 : Checking separation double page angle 90.7708958311329
1621246993798047471 : Checking separation double page y=0 2490
1621246995142676398 : Checking page rotation 1 0.2
1621246996746018361 : Checking page rotation 2 1.65
1621246998594067715 : Checking image 1 crop x1 227
1621246998594177418 : Checking image 1 crop y1 147
1621246998594214819 : Checking image 1 crop x2 2342
1621246998594250220 : Checking image 1 crop y2 3353
1621247002891476542 : Checking image 2 crop x1 106
1621247002891583145 : Checking image 2 crop y1 195
1621247002891620946 : Checking image 2 crop x2 2231
1621247002891655847 : Checking image 2 crop y2 3398
1621247002891832752 : Checking image 1 dpi 300
1621247002891913054 : Checking image 1 border top 136
1621247002891947655 : Checking image 1 border bottom 145
1621247002891978656 : Checking image 1 border left 172
1621247002892010956 : Checking image 1 border right 172
1621247002894840733 : Checking image 2 dpi 300
1621247002894915135 : Checking image 2 border top 166
1621247002894950636 : Checking image 2 border bottom 117
1621247002894980837 : Checking image 2 border left 167
1621247002895011038 : Checking image 2 border right 167

</system-out><system-err>--------------------------------- Captured Err ---------------------------------

</system-err></testcase><testcase classname="tests.test_images" name="test_wrong_wave_split_line_3_png" time="25.551"><system-out>--------------------------------- Captured Log ---------------------------------

--------------------------------- Captured Out ---------------------------------
/home/runner/work/diptych/diptych/tests/wrong_wave_split_line_3.png
1621246994838159749 : Checking separation double page angle 90.12715931778824
1621246994838273652 : Checking separation double page y=0 2514
1621246996613505964 : Checking page rotation 1 0.05
1621246998029697898 : Checking page rotation 2 0.2
1621247000222187000 : Checking image 1 crop x1 273
1621247000222303303 : Checking image 1 crop y1 220
1621247000222358705 : Checking image 1 crop x2 2383
1621247000222395606 : Checking image 1 crop y2 3423
1621247002266920092 : Checking image 2 crop x1 116
1621247002267045196 : Checking image 2 crop y1 225
1621247002267087997 : Checking image 2 crop x2 2242
1621247002267127798 : Checking image 2 crop y2 3415
1621247002267304003 : Checking image 1 dpi 300
1621247002267387905 : Checking image 1 border top 202
1621247002267428806 : Checking image 1 border bottom 82
1621247002267465107 : Checking image 1 border left 175
1621247002267501108 : Checking image 1 border right 175
1621247002270135379 : Checking image 2 dpi 300
1621247002270208481 : Checking image 2 border top 204
1621247002270245782 : Checking image 2 border bottom 93
1621247002270281083 : Checking image 2 border left 167
1621247002270316384 : Checking image 2 border right 167

</system-out><system-err>--------------------------------- Captured Err ---------------------------------

</system-err></testcase><testcase classname="tests.test_images" name="test_no_split_line_wave_algo_2_png" time="21.789"><system-out>--------------------------------- Captured Log ---------------------------------

--------------------------------- Captured Out ---------------------------------
/home/runner/work/diptych/diptych/tests/no_split_line_wave_algo_2.png
1621247017019187553 : Checking separation double page angle 90.43362571535843
1621247017019297256 : Checking separation double page y=0 2473
1621247018341748558 : Checking page rotation 1 1.05
1621247019718102520 : Checking page rotation 2 0.15000000000000002
1621247022042290555 : Checking image 1 crop x1 267
1621247022042431058 : Checking image 1 crop y1 210
1621247022042473460 : Checking image 1 crop x2 2343
1621247022042512261 : Checking image 1 crop y2 3412
1621247024061452055 : Checking image 2 crop x1 165
1621247024061576759 : Checking image 2 crop y1 241
1621247024061619060 : Checking image 2 crop x2 2250
1621247024061658561 : Checking image 2 crop y2 3433
1621247024061843966 : Checking image 1 dpi 300
1621247024061931268 : Checking image 1 border top 192
1621247024061969469 : Checking image 1 border bottom 93
1621247024062004270 : Checking image 1 border left 192
1621247024062038371 : Checking image 1 border right 192
1621247024064819547 : Checking image 2 dpi 300
1621247024064903949 : Checking image 2 border top 224
1621247024064940750 : Checking image 2 border bottom 71
1621247024064974651 : Checking image 2 border left 187
1621247024065008252 : Checking image 2 border right 187

</system-out><system-err>--------------------------------- Captured Err ---------------------------------

</system-err></testcase><testcase classname="tests.test_images" name="test_no_split_line_wave_algo_png" time="37.001"><system-out>--------------------------------- Captured Log ---------------------------------

--------------------------------- Captured Out ---------------------------------
/home/runner/work/diptych/diptych/tests/no_split_line_wave_algo.png
1621247017410566949 : Checking separation double page angle 89.79018091440821
1621247017410682752 : Checking separation double page y=0 2483
1621247020678624477 : Checking page rotation 1 0.0
1621247022176268197 : Checking page rotation 2 -0.44999999999999746
1621247033059837362 : Checking image 1 crop x1 97
1621247033059929764 : Checking image 1 crop y1 74
1621247033059966265 : Checking image 1 crop x2 2489
1621247033060000366 : Checking image 1 crop y2 3505
1621247039854689508 : Checking image 2 crop x1 164
1621247039854805012 : Checking image 2 crop y1 267
1621247039854846413 : Checking image 2 crop x2 2239
1621247039854881214 : Checking image 2 crop y2 3380
1621247039855079519 : Checking image 1 dpi 300
1621247039855164521 : Checking image 1 border top 38
1621247039855199622 : Checking image 1 border bottom 38
1621247039855231523 : Checking image 1 border left 44
1621247039855264824 : Checking image 1 border right 44
1621247039858299906 : Checking image 2 dpi 300
1621247039858397009 : Checking image 2 border top 257
1621247039858435110 : Checking image 2 border bottom 117
1621247039858467311 : Checking image 2 border left 192
1621247039858499312 : Checking image 2 border right 192

</system-out><system-err>--------------------------------- Captured Err ---------------------------------

</system-err></testcase><testcase classname="tests.test_images" name="test_crop_too_few_2_png" time="23.980"><system-out>--------------------------------- Captured Log ---------------------------------

--------------------------------- Captured Out ---------------------------------
/home/runner/work/diptych/diptych/tests/crop_too_few_2.png
1621247039160379762 : Checking separation double page angle 90.35461351371423
1621247039160515466 : Checking separation double page y=0 2533
1621247040482894460 : Checking page rotation 1 1.0999999999999999
1621247041935551490 : Checking page rotation 2 0.0
1621247044906377715 : Checking image 1 crop x1 289
1621247044906502419 : Checking image 1 crop y1 165
1621247044906543720 : Checking image 1 crop x2 2400
1621247044906584321 : Checking image 1 crop y2 3367
1621247048058965324 : Checking image 2 crop x1 152
1621247048059083927 : Checking image 2 crop y1 190
1621247048059124728 : Checking image 2 crop x2 2273
1621247048059164929 : Checking image 2 crop y2 3385
1621247048059336034 : Checking image 1 dpi 300
1621247048059416236 : Checking image 1 border top 157
1621247048059453237 : Checking image 1 border bottom 128
1621247048059487238 : Checking image 1 border left 174
1621247048059522239 : Checking image 1 border right 174
1621247048062271814 : Checking image 2 dpi 300
1621247048062341216 : Checking image 2 border top 175
1621247048062376817 : Checking image 2 border bottom 116
1621247048062410817 : Checking image 2 border left 169
1621247048062444918 : Checking image 2 border right 169

</system-out><system-err>--------------------------------- Captured Err ---------------------------------

</system-err></testcase><testcase classname="tests.test_images" name="test_failed_detect_rectangle_png" time="22.115"><system-out>--------------------------------- Captured Log ---------------------------------

--------------------------------- Captured Out ---------------------------------
/home/runner/work/diptych/diptych/tests/failed_detect_rectangle.png
1621247055986489998 : Checking separation double page angle 90.242273842964
1621247055986606101 : Checking separation double page y=0 2475
1621247057440357775 : Checking page rotation 1 0.2
1621247059228026692 : Checking page rotation 2 0.2
1621247060560096692 : Checking image 1 crop x1 257
1621247060560253796 : Checking image 1 crop y1 201
1621247060560295197 : Checking image 1 crop x2 2333
1621247060560330698 : Checking image 1 crop y2 3402
1621247062021246078 : Checking image 2 crop x1 137
1621247062021355281 : Checking image 2 crop y1 215
1621247062021396182 : Checking image 2 crop x2 2220
1621247062021431683 : Checking image 2 crop y2 3406
1621247062021605787 : Checking image 1 dpi 300
1621247062021684490 : Checking image 1 border top 188
1621247062021719291 : Checking image 1 border bottom 98
1621247062021751591 : Checking image 1 border left 192
1621247062021784592 : Checking image 1 border right 192
1621247062024676171 : Checking image 2 dpi 300
1621247062024747973 : Checking image 2 border top 201
1621247062024781374 : Checking image 2 border bottom 95
1621247062024812675 : Checking image 2 border left 188
1621247062024843875 : Checking image 2 border right 188

</system-out><system-err>--------------------------------- Captured Err ---------------------------------

</system-err></testcase><testcase classname="tests.test_images" name="test_single_page_png" time="6.802"><system-out>--------------------------------- Captured Log ---------------------------------

--------------------------------- Captured Out ---------------------------------
/home/runner/work/diptych/diptych/tests/single_page.png
1621247051717286350 : Checking separation double page angle 89.93006318861008
1621247051717411053 : Checking separation double page y=0 2472
1621247052598357334 : Checking page rotation 1 0.0
1621247052722709002 : Checking page rotation 2 0.0
1621247054354187389 : Checking image 1 crop x1 1
1621247054354286392 : Checking image 1 crop y1 8
1621247054354327793 : Checking image 1 crop x2 2470
1621247054354364294 : Checking image 1 crop y2 3505
1621247054498351094 : Checking image 2 crop x1 0
1621247054498434796 : Checking image 2 crop y1 0
1621247054498468597 : Checking image 2 crop x2 0
1621247054498500298 : Checking image 2 crop y2 0
1621247054498569800 : Checking image 1 dpi 300
1621247054498639401 : Checking image 1 border top 5
1621247054498682703 : Checking image 1 border bottom 5
1621247054498716504 : Checking image 1 border left 6
1621247054498750004 : Checking image 1 border right 6
1621247054505241380 : Checking image 2 border top 0
1621247054505316182 : Checking image 2 border bottom 0
1621247054505348683 : Checking image 2 border left 0
1621247054505380284 : Checking image 2 border right 0

</system-out><system-err>--------------------------------- Captured Err ---------------------------------

</system-err></testcase><testcase classname="tests.test_images" name="test_wrong_split_line_4_png" time="13.607"><system-out>--------------------------------- Captured Log ---------------------------------

--------------------------------- Captured Out ---------------------------------
/home/runner/work/diptych/diptych/tests/wrong_split_line_4.png
1621247063985901339 : Checking separation double page angle 90.92587744884125
1621247063986012542 : Checking separation double page y=0 58
1621247064091576110 : Checking page rotation 1 0.5499999999999999
1621247065545453798 : Checking page rotation 2 1.0999999999999999
1621247066355169291 : Checking image 1 crop x1 0
1621247066355249293 : Checking image 1 crop y1 0
1621247066355283294 : Checking image 1 crop x2 0
1621247066355317195 : Checking image 1 crop y2 0
1621247068507838748 : Checking image 2 crop x1 290
1621247068507958952 : Checking image 2 crop y1 330
1621247068507998853 : Checking image 2 crop x2 2314
1621247068508036954 : Checking image 2 crop y2 3217
1621247068508217059 : Checking image 1 border top 0
1621247068508265060 : Checking image 1 border bottom 0
1621247068508299961 : Checking image 1 border left 0
1621247068508332462 : Checking image 1 border right 0
1621247068508390063 : Checking image 2 dpi 300
1621247068508460465 : Checking image 2 border top 322
1621247068508497166 : Checking image 2 border bottom 278
1621247068508530467 : Checking image 2 border left 218
1621247068508563268 : Checking image 2 border right 218

</system-out><system-err>--------------------------------- Captured Err ---------------------------------

</system-err></testcase><testcase classname="tests.test_images" name="test_no_split_line_wave_algo_3_png" time="11.975"><system-out>--------------------------------- Captured Log ---------------------------------

--------------------------------- Captured Out ---------------------------------
/home/runner/work/diptych/diptych/tests/no_split_line_wave_algo_3.png
1621247070422942873 : Checking separation double page angle 90.18184445198425
1621247070423065977 : Checking separation double page y=0 2405
1621247071288333037 : Checking page rotation 1 0.0
1621247071473908868 : Checking page rotation 2 0.0
1621247073487414961 : Checking image 1 crop x1 184
1621247073487523064 : Checking image 1 crop y1 2957
1621247073487559465 : Checking image 1 crop x2 2201
1621247073487590466 : Checking image 1 crop y2 3202
1621247073989658579 : Checking image 2 crop x1 0
1621247073989734781 : Checking image 2 crop y1 0
1621247073989764782 : Checking image 2 crop x2 0
1621247073989793082 : Checking image 2 crop y2 0
1621247073989862384 : Checking image 1 dpi 300
1621247073989930086 : Checking image 1 border top 2950
1621247073989966987 : Checking image 1 border bottom 292
1621247073989998588 : Checking image 1 border left 221
1621247073990030289 : Checking image 1 border right 221
1621247073996985177 : Checking image 2 border top 0
1621247073997056279 : Checking image 2 border bottom 0
1621247073997086280 : Checking image 2 border left 0
1621247073997115881 : Checking image 2 border right 0

</system-out><system-err>--------------------------------- Captured Err ---------------------------------

</system-err></testcase><testcase classname="tests.test_images" name="test_failed_split_line_line_algo_3_png" time="14.315"><system-out>--------------------------------- Captured Log ---------------------------------

--------------------------------- Captured Out ---------------------------------
/home/runner/work/diptych/diptych/tests/failed_split_line_line_algo_3.png
1621247076790848670 : Checking separation double page angle 90.02403976140027
1621247076790971073 : Checking separation double page y=0 39
1621247076866110717 : Checking page rotation 1 0.0
1621247077854015086 : Checking page rotation 2 0.0
1621247078174216294 : Checking image 1 crop x1 0
1621247078174297897 : Checking image 1 crop y1 0
1621247078174333398 : Checking image 1 crop x2 0
1621247078174367198 : Checking image 1 crop y2 0
1621247082838408949 : Checking image 2 crop x1 249
1621247082838518852 : Checking image 2 crop y1 154
1621247082838558353 : Checking image 2 crop x2 2264
1621247082838596154 : Checking image 2 crop y2 3361
1621247082838767759 : Checking image 1 border top 0
1621247082838814460 : Checking image 1 border bottom 0
1621247082839066467 : Checking image 1 border left 0
1621247082839112368 : Checking image 1 border right 0
1621247082839174670 : Checking image 2 dpi 300
1621247082839249772 : Checking image 2 border top 146
1621247082839289073 : Checking image 2 border bottom 134
1621247082839324274 : Checking image 2 border left 222
1621247082839359275 : Checking image 2 border right 222

</system-out><system-err>--------------------------------- Captured Err ---------------------------------

</system-err></testcase></testsuite></testsuites>