<?xml version="1.0" encoding="utf-8"?><testsuites><testsuite errors="0" failures="0" hostname="fv-az121-732" name="pytest" skipped="0" tests="28" time="779.636" timestamp="2020-12-02T16:34:47.410988"><testcase classname="tests.test_features" name="test_mock_stop_at_0" time="0.040"><system-out>--------------------------------- Captured Log ---------------------------------

--------------------------------- Captured Out ---------------------------------
/home/runner/work/ocr-book/ocr-book/tests/0001_0.png

</system-out><system-err>--------------------------------- Captured Err ---------------------------------

</system-err></testcase><testcase classname="tests.test_features" name="test_disabled_enable_debug" time="38.956"><system-out>--------------------------------- Captured Log ---------------------------------

--------------------------------- Captured Out ---------------------------------
/home/runner/work/ocr-book/ocr-book/tests/0001_debug.png
separation double page angle 90.57780420099763
separation double page y=0 2487
page rotation 1 0.75
page rotation 2 0.2
image 1 crop x1 330
image 1 crop y1 336
image 1 crop x2 2343
image 1 crop y2 3223
image 2 crop x1 169
image 2 crop y1 648
image 2 crop x2 2186
image 2 crop y2 3361
image 1 dpi 300
image 1 border top 340
image 1 border bottom 260
image 1 border left 223
image 1 border right 223
image 2 dpi 300
image 2 border top 646
image 2 border bottom 128
image 2 border left 221
image 2 border right 221

</system-out><system-err>--------------------------------- Captured Err ---------------------------------

</system-err></testcase><testcase classname="tests.test_features" name="test_mock_stop_at_2" time="47.987"><system-out>--------------------------------- Captured Log ---------------------------------

--------------------------------- Captured Out ---------------------------------
/home/runner/work/ocr-book/ocr-book/tests/0001_2.png
separation double page angle 90.57780420099763
separation double page y=0 2487
page rotation 1 0.75
page rotation 2 0.2

</system-out><system-err>--------------------------------- Captured Err ---------------------------------

</system-err></testcase><testcase classname="tests.test_features" name="test_mock_stop_at_1" time="31.777"><system-out>--------------------------------- Captured Log ---------------------------------

--------------------------------- Captured Out ---------------------------------
/home/runner/work/ocr-book/ocr-book/tests/0001_1.png
separation double page angle 90.57780420099763
separation double page y=0 2487

</system-out><system-err>--------------------------------- Captured Err ---------------------------------

</system-err></testcase><testcase classname="tests.test_features" name="test_mock_stop_at_4" time="50.873"><system-out>--------------------------------- Captured Log ---------------------------------

--------------------------------- Captured Out ---------------------------------
/home/runner/work/ocr-book/ocr-book/tests/0001_4.png
separation double page angle 90.57780420099763
separation double page y=0 2487
page rotation 1 0.75
page rotation 2 0.2
image 1 crop x1 330
image 1 crop y1 336
image 1 crop x2 2343
image 1 crop y2 3223
image 2 crop x1 169
image 2 crop y1 648
image 2 crop x2 2186
image 2 crop y2 3361
image 1 dpi 300
image 1 border top 340
image 1 border bottom 260
image 1 border left 223
image 1 border right 223
image 2 dpi 300
image 2 border top 646
image 2 border bottom 128
image 2 border left 221
image 2 border right 221

</system-out><system-err>--------------------------------- Captured Err ---------------------------------

</system-err></testcase><testcase classname="tests.test_features" name="test_mock_stop_at_3" time="51.676"><system-out>--------------------------------- Captured Log ---------------------------------

--------------------------------- Captured Out ---------------------------------
/home/runner/work/ocr-book/ocr-book/tests/0001_3.png
separation double page angle 90.57780420099763
separation double page y=0 2487
page rotation 1 0.75
page rotation 2 0.2
image 1 crop x1 330
image 1 crop y1 336
image 1 crop x2 2343
image 1 crop y2 3223
image 2 crop x1 169
image 2 crop y1 648
image 2 crop x2 2186
image 2 crop y2 3361

</system-out><system-err>--------------------------------- Captured Err ---------------------------------

</system-err></testcase><testcase classname="tests.test_images" name="test_0001_png" time="51.559"><system-out>--------------------------------- Captured Log ---------------------------------

--------------------------------- Captured Out ---------------------------------
/home/runner/work/ocr-book/ocr-book/tests/0001.png
1606927019375502080 : Checking separation double page angle 90.57780420099763
1606927019375601920 : Checking separation double page y=0 2487
1606927026683275264 : Checking page rotation 1 0.75
1606927033297429504 : Checking page rotation 2 0.2
1606927035956341504 : Checking image 1 crop x1 330
1606927035956457472 : Checking image 1 crop y1 336
1606927035956500224 : Checking image 1 crop x2 2343
1606927035956538368 : Checking image 1 crop y2 3223
1606927038956141312 : Checking image 2 crop x1 169
1606927038956266240 : Checking image 2 crop y1 648
1606927038956313088 : Checking image 2 crop x2 2186
1606927038956352768 : Checking image 2 crop y2 3361
1606927038987838208 : Checking image 1 dpi 300
1606927038987927040 : Checking image 1 border top 340
1606927038987963648 : Checking image 1 border bottom 260
1606927038987996928 : Checking image 1 border left 223
1606927038988027648 : Checking image 1 border right 223
1606927038990236160 : Checking image 2 dpi 300
1606927038990294272 : Checking image 2 border top 646
1606927038990327040 : Checking image 2 border bottom 128
1606927038990357504 : Checking image 2 border left 221
1606927038990388224 : Checking image 2 border right 221

</system-out><system-err>--------------------------------- Captured Err ---------------------------------

</system-err></testcase><testcase classname="tests.test_features" name="test_mock_stop_at_5" time="48.864"><system-out>--------------------------------- Captured Log ---------------------------------

--------------------------------- Captured Out ---------------------------------
/home/runner/work/ocr-book/ocr-book/tests/0001_5.png
separation double page angle 90.57780420099763
separation double page y=0 2487
page rotation 1 0.75
page rotation 2 0.2
image 1 crop x1 330
image 1 crop y1 336
image 1 crop x2 2343
image 1 crop y2 3223
image 2 crop x1 169
image 2 crop y1 648
image 2 crop x2 2186
image 2 crop y2 3361
image 1 dpi 300
image 1 border top 340
image 1 border bottom 260
image 1 border left 223
image 1 border right 223
image 2 dpi 300
image 2 border top 646
image 2 border bottom 128
image 2 border left 221
image 2 border right 221

</system-out><system-err>--------------------------------- Captured Err ---------------------------------

</system-err></testcase><testcase classname="tests.test_images" name="test_2_pages_2_contours_png" time="36.663"><system-out>--------------------------------- Captured Log ---------------------------------

--------------------------------- Captured Out ---------------------------------
/home/runner/work/ocr-book/ocr-book/tests/2-pages-2-contours.png
1606927062132787968 : Checking separation double page angle 89.91958537671144
1606927062132899840 : Checking separation double page y=0 2492
1606927064308890880 : Checking page rotation 1 0.05
1606927071064316416 : Checking page rotation 2 0.35000000000000003
1606927072024244480 : Checking image 1 crop x1 1191
1606927072024399872 : Checking image 1 crop y1 1733
1606927072024436992 : Checking image 1 crop x2 1192
1606927072024468480 : Checking image 1 crop y2 1734
1606927075634097920 : Checking image 2 crop x1 89
1606927075634233344 : Checking image 2 crop y1 240
1606927075634297344 : Checking image 2 crop x2 2136
1606927075634339328 : Checking image 2 crop y2 3239
1606927075665942784 : Checking image 1 dpi 300
1606927075666051840 : Checking image 1 border top 1752
1606927075666087680 : Checking image 1 border bottom 1753
1606927075666120192 : Checking image 1 border left 1239
1606927075666150656 : Checking image 1 border right 1239
1606927075668285696 : Checking image 2 dpi 300
1606927075668350976 : Checking image 2 border top 231
1606927075668384256 : Checking image 2 border bottom 257
1606927075668413952 : Checking image 2 border left 206
1606927075668443648 : Checking image 2 border right 206

</system-out><system-err>--------------------------------- Captured Err ---------------------------------

</system-err></testcase><testcase classname="tests.test_images" name="test_image_failed_to_crop_data_png" time="55.776"><system-out>--------------------------------- Captured Log ---------------------------------

--------------------------------- Captured Out ---------------------------------
/home/runner/work/ocr-book/ocr-book/tests/image_failed_to_crop_data.png
1606927090965712128 : Checking separation double page angle 89.90702028595047
1606927090965851136 : Checking separation double page y=0 2477
1606927096688677632 : Checking page rotation 1 0.2
1606927101846725632 : Checking page rotation 2 0.0
1606927111599550464 : Checking image 1 crop x1 58
1606927111599674880 : Checking image 1 crop y1 8
1606927111599718144 : Checking image 1 crop x2 2480
1606927111599756544 : Checking image 1 crop y2 3504
1606927115485357312 : Checking image 2 crop x1 159
1606927115485475072 : Checking image 2 crop y1 217
1606927115485515776 : Checking image 2 crop x2 2241
1606927115485553920 : Checking image 2 crop y2 3350
1606927115514365952 : Checking image 1 dpi 300
1606927115514534144 : Checking image 1 border top 6
1606927115514576896 : Checking image 1 border bottom 6
1606927115514610944 : Checking image 1 border left 29
1606927115514643456 : Checking image 1 border right 29
1606927115517122816 : Checking image 2 dpi 300
1606927115517217792 : Checking image 2 border top 225
1606927115517268992 : Checking image 2 border bottom 129
1606927115517299712 : Checking image 2 border left 189
1606927115517345280 : Checking image 2 border right 189

</system-out><system-err>--------------------------------- Captured Err ---------------------------------

</system-err></testcase><testcase classname="tests.test_images" name="test_black_border_not_removed_png" time="58.745"><system-out>--------------------------------- Captured Log ---------------------------------

--------------------------------- Captured Out ---------------------------------
/home/runner/work/ocr-book/ocr-book/tests/black-border-not-removed.png
1606927110983948032 : Checking separation double page angle 90.02895758682553
1606927110984063744 : Checking separation double page y=0 2456
1606927117522575360 : Checking page rotation 1 0.0
1606927126858409216 : Checking page rotation 2 0.0
1606927129877927424 : Checking image 1 crop x1 297
1606927129878033152 : Checking image 1 crop y1 143
1606927129878072320 : Checking image 1 crop x2 2309
1606927129878108416 : Checking image 1 crop y2 3346
1606927134372646656 : Checking image 2 crop x1 157
1606927134372756480 : Checking image 2 crop y1 145
1606927134372797184 : Checking image 2 crop x2 2169
1606927134372835840 : Checking image 2 crop y2 3352
1606927134404357376 : Checking image 1 dpi 300
1606927134404501248 : Checking image 1 border top 130
1606927134404542208 : Checking image 1 border bottom 154
1606927134404595200 : Checking image 1 border left 224
1606927134404645632 : Checking image 1 border right 224
1606927134407006720 : Checking image 2 dpi 300
1606927134407060736 : Checking image 2 border top 139
1606927134407092480 : Checking image 2 border bottom 141
1606927134407122176 : Checking image 2 border left 224
1606927134407152128 : Checking image 2 border right 224

</system-out><system-err>--------------------------------- Captured Err ---------------------------------

</system-err></testcase><testcase classname="tests.test_images" name="test_wrong_angle_split_line_png" time="62.533"><system-out>--------------------------------- Captured Log ---------------------------------

--------------------------------- Captured Out ---------------------------------
/home/runner/work/ocr-book/ocr-book/tests/wrong_angle_split_line.png
1606927148882109184 : Checking separation double page angle 90.0335674500335
1606927148882203392 : Checking separation double page y=0 2477
1606927155911697664 : Checking page rotation 1 0.2
1606927162507560704 : Checking page rotation 2 0.05
1606927172781571072 : Checking image 1 crop x1 61
1606927172781730304 : Checking image 1 crop y1 7
1606927172781871872 : Checking image 1 crop x2 2475
1606927172781916416 : Checking image 1 crop y2 3500
1606927177297894656 : Checking image 2 crop x1 163
1606927177298052352 : Checking image 2 crop y1 218
1606927177298110208 : Checking image 2 crop x2 2243
1606927177298150144 : Checking image 2 crop y2 3350
1606927177442886144 : Checking image 1 dpi 300
1606927177443006720 : Checking image 1 border top 7
1606927177443040512 : Checking image 1 border bottom 7
1606927177443068928 : Checking image 1 border left 33
1606927177443096576 : Checking image 1 border right 33
1606927177450302464 : Checking image 2 dpi 300
1606927177450432256 : Checking image 2 border top 219
1606927177450464768 : Checking image 2 border bottom 136
1606927177450493184 : Checking image 2 border left 190
1606927177450520832 : Checking image 2 border right 190

</system-out><system-err>--------------------------------- Captured Err ---------------------------------

</system-err></testcase><testcase classname="tests.test_images" name="test_image_failed_to_rotate_png" time="56.246"><system-out>--------------------------------- Captured Log ---------------------------------

--------------------------------- Captured Out ---------------------------------
/home/runner/work/ocr-book/ocr-book/tests/image_failed_to_rotate.png
1606927164609366784 : Checking separation double page angle 90.19634423290287
1606927164609465600 : Checking separation double page y=0 2482
1606927169224876544 : Checking page rotation 1 0.35000000000000003
1606927175655135744 : Checking page rotation 2 0.45
1606927185923604480 : Checking image 1 crop x1 34
1606927185923749120 : Checking image 1 crop y1 1
1606927185923788032 : Checking image 1 crop x2 2480
1606927185923821824 : Checking image 1 crop y2 3500
1606927190527374592 : Checking image 2 crop x1 169
1606927190527586816 : Checking image 2 crop y1 234
1606927190527636224 : Checking image 2 crop x2 2248
1606927190527697152 : Checking image 2 crop y2 3355
1606927190563724544 : Checking image 1 dpi 300
1606927190563842048 : Checking image 1 border top 4
1606927190563878400 : Checking image 1 border bottom 4
1606927190563909120 : Checking image 1 border left 17
1606927190563938560 : Checking image 1 border right 17
1606927190566377216 : Checking image 2 dpi 300
1606927190566444288 : Checking image 2 border top 220
1606927190566475520 : Checking image 2 border bottom 146
1606927190566503680 : Checking image 2 border left 190
1606927190566531840 : Checking image 2 border right 190

</system-out><system-err>--------------------------------- Captured Err ---------------------------------

</system-err></testcase><testcase classname="tests.test_images" name="test_angle_page_lower_split_line_png" time="55.390"><system-out>--------------------------------- Captured Log ---------------------------------

--------------------------------- Captured Out ---------------------------------
/home/runner/work/ocr-book/ocr-book/tests/angle_page_lower_split_line.png
1606927214321115392 : Checking separation double page angle 89.75201324945476
1606927214321213952 : Checking separation double page y=0 2473
1606927221921872128 : Checking page rotation 1 -0.44999999999998863
1606927228563232000 : Checking page rotation 2 0.2
1606927231058996480 : Checking image 1 crop x1 245
1606927231059150336 : Checking image 1 crop y1 161
1606927231059204608 : Checking image 1 crop x2 2351
1606927231059287040 : Checking image 1 crop y2 3364
1606927233473956352 : Checking image 2 crop x1 151
1606927233474067200 : Checking image 2 crop y1 147
1606927233474107904 : Checking image 2 crop x2 2258
1606927233474146560 : Checking image 2 crop y2 3350
1606927233506135040 : Checking image 1 dpi 300
1606927233506248448 : Checking image 1 border top 132
1606927233506283776 : Checking image 1 border bottom 152
1606927233506312448 : Checking image 1 border left 177
1606927233506340352 : Checking image 1 border right 177
1606927233508736512 : Checking image 2 dpi 300
1606927233508795648 : Checking image 2 border top 116
1606927233508826112 : Checking image 2 border bottom 168
1606927233508853504 : Checking image 2 border left 176
1606927233508880640 : Checking image 2 border right 176

</system-out><system-err>--------------------------------- Captured Err ---------------------------------

</system-err></testcase><testcase classname="tests.test_images" name="test_wrong_split_line_png" time="43.123"><system-out>--------------------------------- Captured Log ---------------------------------

--------------------------------- Captured Out ---------------------------------
/home/runner/work/ocr-book/ocr-book/tests/wrong_split_line.png
1606927218320095744 : Checking separation double page angle 89.85895720607971
1606927218320181248 : Checking separation double page y=0 2463
1606927223307318272 : Checking page rotation 1 -0.14999999999999147
1606927229454680832 : Checking page rotation 2 0.65
1606927231524346880 : Checking image 1 crop x1 213
1606927231524495360 : Checking image 1 crop y1 157
1606927231524565504 : Checking image 1 crop x2 2323
1606927231524628736 : Checking image 1 crop y2 3362
1606927233753552128 : Checking image 2 crop x1 126
1606927233753698048 : Checking image 2 crop y1 167
1606927233753771264 : Checking image 2 crop x2 2237
1606927233753824256 : Checking image 2 crop y2 3372
1606927233783226112 : Checking image 1 dpi 300
1606927233783351808 : Checking image 1 border top 115
1606927233783413248 : Checking image 1 border bottom 167
1606927233783447552 : Checking image 1 border left 175
1606927233783479040 : Checking image 1 border right 175
1606927233785848064 : Checking image 2 dpi 300
1606927233785901824 : Checking image 2 border top 142
1606927233785932032 : Checking image 2 border bottom 140
1606927233785960448 : Checking image 2 border left 174
1606927233785988096 : Checking image 2 border right 174

</system-out><system-err>--------------------------------- Captured Err ---------------------------------

</system-err></testcase><testcase classname="tests.test_images" name="test_crop_too_few_png" time="46.927"><system-out>--------------------------------- Captured Log ---------------------------------

--------------------------------- Captured Out ---------------------------------
/home/runner/work/ocr-book/ocr-book/tests/crop_too_few.png
1606927264724369920 : Checking separation double page angle 89.39669496435833
1606927264724469248 : Checking separation double page y=0 2510
1606927270885658624 : Checking page rotation 1 -0.75
1606927276223329792 : Checking page rotation 2 0.05
1606927278488287488 : Checking image 1 crop x1 265
1606927278488402688 : Checking image 1 crop y1 152
1606927278488445440 : Checking image 1 crop x2 2375
1606927278488484096 : Checking image 1 crop y2 3356
1606927280409442048 : Checking image 2 crop x1 135
1606927280409551616 : Checking image 2 crop y1 141
1606927280409591552 : Checking image 2 crop x2 2261
1606927280409629952 : Checking image 2 crop y2 3345
1606927280439510784 : Checking image 1 dpi 300
1606927280439598336 : Checking image 1 border top 116
1606927280439652096 : Checking image 1 border bottom 167
1606927280439683072 : Checking image 1 border left 175
1606927280439712000 : Checking image 1 border right 175
1606927280442401280 : Checking image 2 dpi 300
1606927280442456064 : Checking image 2 border top 143
1606927280442486528 : Checking image 2 border bottom 140
1606927280442514176 : Checking image 2 border left 167
1606927280442540800 : Checking image 2 border right 167

</system-out><system-err>--------------------------------- Captured Err ---------------------------------

</system-err></testcase><testcase classname="tests.test_images" name="test_crop_too_much_png" time="81.237"><system-out>--------------------------------- Captured Log ---------------------------------

--------------------------------- Captured Out ---------------------------------
/home/runner/work/ocr-book/ocr-book/tests/crop_too_much.png
1606927281306869248 : Checking separation double page angle 90.13239409272953
1606927281306977536 : Checking separation double page y=0 2453
1606927293749070336 : Checking page rotation 1 0.0
1606927306289364224 : Checking page rotation 2 0.45
1606927311026811648 : Checking image 1 crop x1 303
1606927311026932736 : Checking image 1 crop y1 148
1606927311026974976 : Checking image 1 crop x2 2313
1606927311027010816 : Checking image 1 crop y2 3351
1606927314958932992 : Checking image 2 crop x1 170
1606927314959097344 : Checking image 2 crop y1 155
1606927314959160064 : Checking image 2 crop x2 2181
1606927314959201792 : Checking image 2 crop y2 3359
1606927315005208064 : Checking image 1 dpi 300
1606927315005303040 : Checking image 1 border top 131
1606927315005340416 : Checking image 1 border bottom 153
1606927315005401600 : Checking image 1 border left 225
1606927315005435648 : Checking image 1 border right 225
1606927315007688448 : Checking image 2 dpi 300
1606927315007744768 : Checking image 2 border top 139
1606927315007777280 : Checking image 2 border bottom 144
1606927315007807744 : Checking image 2 border left 224
1606927315007838208 : Checking image 2 border right 224

</system-out><system-err>--------------------------------- Captured Err ---------------------------------

</system-err></testcase><testcase classname="tests.test_images" name="test_crop_too_much_2_png" time="81.450"><system-out>--------------------------------- Captured Log ---------------------------------

--------------------------------- Captured Out ---------------------------------
/home/runner/work/ocr-book/ocr-book/tests/crop_too_much_2.png
1606927327389316864 : Checking separation double page angle 90.2021118646249
1606927327389439488 : Checking separation double page y=0 2477
1606927339922133760 : Checking page rotation 1 0.2
1606927354496036864 : Checking page rotation 2 0.2
1606927357678085632 : Checking image 1 crop x1 332
1606927357678167296 : Checking image 1 crop y1 131
1606927357678205184 : Checking image 1 crop x2 2342
1606927357678239232 : Checking image 1 crop y2 3336
1606927361828603392 : Checking image 2 crop x1 168
1606927361828778496 : Checking image 2 crop y1 139
1606927361828843776 : Checking image 2 crop x2 2181
1606927361828921600 : Checking image 2 crop y2 3345
1606927361875757568 : Checking image 1 dpi 300
1606927361875864576 : Checking image 1 border top 116
1606927361875902208 : Checking image 1 border bottom 166
1606927361875933184 : Checking image 1 border left 225
1606927361875963392 : Checking image 1 border right 225
1606927361878253824 : Checking image 2 dpi 300
1606927361878304000 : Checking image 2 border top 133
1606927361878334976 : Checking image 2 border bottom 148
1606927361878380800 : Checking image 2 border left 223
1606927361878407680 : Checking image 2 border right 223

</system-out><system-err>--------------------------------- Captured Err ---------------------------------

</system-err></testcase><testcase classname="tests.test_images" name="test_wrong_split_line_2_png" time="97.772"><system-out>--------------------------------- Captured Log ---------------------------------

--------------------------------- Captured Out ---------------------------------
/home/runner/work/ocr-book/ocr-book/tests/wrong_split_line_2.png
1606927373318582272 : Checking separation double page angle 90.3838786217729
1606927373318675712 : Checking separation double page y=0 2442
1606927386014978816 : Checking page rotation 1 0.05
1606927397279887104 : Checking page rotation 2 0.4
1606927403617922304 : Checking image 1 crop x1 294
1606927403618067456 : Checking image 1 crop y1 137
1606927403618148352 : Checking image 1 crop x2 2326
1606927403618205696 : Checking image 1 crop y2 3375
1606927412743323904 : Checking image 2 crop x1 146
1606927412743452928 : Checking image 2 crop y1 192
1606927412743498240 : Checking image 2 crop x2 2173
1606927412743538176 : Checking image 2 crop y2 3386
1606927412784201216 : Checking image 1 dpi 300
1606927412784316416 : Checking image 1 border top 125
1606927412784372480 : Checking image 1 border bottom 124
1606927412784406272 : Checking image 1 border left 214
1606927412784437504 : Checking image 1 border right 214
1606927412786511616 : Checking image 2 dpi 300
1606927412786573824 : Checking image 2 border top 184
1606927412786606336 : Checking image 2 border bottom 109
1606927412786635776 : Checking image 2 border left 216
1606927412786665472 : Checking image 2 border right 216

</system-out><system-err>--------------------------------- Captured Err ---------------------------------

</system-err></testcase><testcase classname="tests.test_images" name="test_small_wave_png" time="68.811"><system-out>--------------------------------- Captured Log ---------------------------------

--------------------------------- Captured Out ---------------------------------
/home/runner/work/ocr-book/ocr-book/tests/small_wave.png
1606927405063423744 : Checking separation double page angle 90.61316928841566
1606927405063516160 : Checking separation double page y=0 2495
1606927415463076096 : Checking page rotation 1 0.7000000000000001
1606927425768749824 : Checking page rotation 2 0.7000000000000001
1606927428101894656 : Checking image 1 crop x1 322
1606927428102031616 : Checking image 1 crop y1 199
1606927428102075136 : Checking image 1 crop x2 2351
1606927428102115072 : Checking image 1 crop y2 3394
1606927430642157056 : Checking image 2 crop x1 135
1606927430642298624 : Checking image 2 crop y1 223
1606927430642341120 : Checking image 2 crop x2 2164
1606927430642381312 : Checking image 2 crop y2 3419
1606927430683727104 : Checking image 1 dpi 300
1606927430683853056 : Checking image 1 border top 177
1606927430683890432 : Checking image 1 border bottom 115
1606927430683940352 : Checking image 1 border left 215
1606927430683969536 : Checking image 1 border right 215
1606927430686433792 : Checking image 2 dpi 300
1606927430686501632 : Checking image 2 border top 191
1606927430686535168 : Checking image 2 border bottom 100
1606927430686565376 : Checking image 2 border left 215
1606927430686597632 : Checking image 2 border right 215

</system-out><system-err>--------------------------------- Captured Err ---------------------------------

</system-err></testcase><testcase classname="tests.test_images" name="test_wrong_split_line_3_png" time="59.921"><system-out>--------------------------------- Captured Log ---------------------------------

--------------------------------- Captured Out ---------------------------------
/home/runner/work/ocr-book/ocr-book/tests/wrong_split_line_3.png
1606927452266758912 : Checking separation double page angle 90.43729500214693
1606927452266947584 : Checking separation double page y=0 2498
1606927462079843072 : Checking page rotation 1 0.30000000000000004
1606927468132674816 : Checking page rotation 2 0.9
1606927470290340352 : Checking image 1 crop x1 331
1606927470290450432 : Checking image 1 crop y1 165
1606927470290491392 : Checking image 1 crop x2 2375
1606927470290527488 : Checking image 1 crop y2 3376
1606927472691815168 : Checking image 2 crop x1 102
1606927472691934720 : Checking image 2 crop y1 208
1606927472691979264 : Checking image 2 crop x2 2133
1606927472692019456 : Checking image 2 crop y2 3413
1606927472724974848 : Checking image 1 dpi 300
1606927472725072384 : Checking image 1 border top 150
1606927472725108736 : Checking image 1 border bottom 126
1606927472725140992 : Checking image 1 border left 208
1606927472725198336 : Checking image 1 border right 208
1606927472727078400 : Checking image 2 dpi 300
1606927472727131136 : Checking image 2 border top 190
1606927472727185664 : Checking image 2 border bottom 92
1606927472727215616 : Checking image 2 border left 214
1606927472727245568 : Checking image 2 border right 214

</system-out><system-err>--------------------------------- Captured Err ---------------------------------

</system-err></testcase><testcase classname="tests.test_images" name="test_wrong_wave_split_line_png" time="79.304"><system-out>--------------------------------- Captured Log ---------------------------------

--------------------------------- Captured Out ---------------------------------
/home/runner/work/ocr-book/ocr-book/tests/wrong_wave_split_line.png
1606927476699422720 : Checking separation double page angle 90.5287860410772
1606927476699519232 : Checking separation double page y=0 2502
1606927487547123456 : Checking page rotation 1 -0.14999999999999147
1606927495913787136 : Checking page rotation 2 0.8500000000000001
1606927504134745344 : Checking image 1 crop x1 385
1606927504134859264 : Checking image 1 crop y1 179
1606927504134901504 : Checking image 1 crop x2 2411
1606927504134956032 : Checking image 1 crop y2 3374
1606927509949146624 : Checking image 2 crop x1 124
1606927509949303040 : Checking image 2 crop y1 58
1606927509949347072 : Checking image 2 crop x2 2410
1606927509949388800 : Checking image 2 crop y2 3392
1606927509996520192 : Checking image 1 dpi 300
1606927509996660736 : Checking image 1 border top 167
1606927509996699136 : Checking image 1 border bottom 124
1606927509996730112 : Checking image 1 border left 217
1606927509996759808 : Checking image 1 border right 217
1606927509999870464 : Checking image 2 dpi 300
1606927509999954944 : Checking image 2 border top 0
1606927510000009472 : Checking image 2 border bottom 163
1606927510000039936 : Checking image 2 border left 92
1606927510000069632 : Checking image 2 border right 92

</system-out><system-err>--------------------------------- Captured Err ---------------------------------

</system-err></testcase><testcase classname="tests.test_images" name="test_no_split_line_line_algo_png" time="52.212"><system-out>--------------------------------- Captured Log ---------------------------------

--------------------------------- Captured Out ---------------------------------
/home/runner/work/ocr-book/ocr-book/tests/no_split_line_line_algo.png
1606927505498659328 : Checking separation double page angle 89.47691469185418
1606927505498765824 : Checking separation double page y=0 2476
1606927510861982464 : Checking page rotation 1 -0.14999999999999147
1606927519578585600 : Checking page rotation 2 -0.44999999999998863
1606927521417185024 : Checking image 1 crop x1 205
1606927521417343488 : Checking image 1 crop y1 158
1606927521417408256 : Checking image 1 crop x2 2320
1606927521417451008 : Checking image 1 crop y2 3366
1606927524910061824 : Checking image 2 crop x1 185
1606927524910179840 : Checking image 2 crop y1 221
1606927524910222080 : Checking image 2 crop x2 2201
1606927524910259968 : Checking image 2 crop y2 3366
1606927524946018816 : Checking image 1 dpi 300
1606927524946112000 : Checking image 1 border top 137
1606927524946164736 : Checking image 1 border bottom 142
1606927524946197248 : Checking image 1 border left 172
1606927524946252800 : Checking image 1 border right 172
1606927524948081152 : Checking image 2 dpi 300
1606927524948128000 : Checking image 2 border top 225
1606927524948158208 : Checking image 2 border bottom 117
1606927524948187136 : Checking image 2 border left 222
1606927524948215552 : Checking image 2 border right 222

</system-out><system-err>--------------------------------- Captured Err ---------------------------------

</system-err></testcase><testcase classname="tests.test_images" name="test_failed_split_line_line_algo_png" time="25.115"><system-out>--------------------------------- Captured Log ---------------------------------

--------------------------------- Captured Out ---------------------------------
/home/runner/work/ocr-book/ocr-book/tests/failed_split_line_line_algo.png
1606927527568851200 : Checking separation double page angle 90.01634220573249
1606927527568953600 : Checking separation double page y=0 2575
1606927531033366272 : Checking page rotation 1 -0.14999999999999147
1606927533172773120 : Checking page rotation 2 0.05
1606927534476559360 : Checking image 1 crop x1 407
1606927534476669952 : Checking image 1 crop y1 2925
1606927534476742656 : Checking image 1 crop x2 2419
1606927534476778752 : Checking image 1 crop y2 3174
1606927535157726720 : Checking image 2 crop x1 1180
1606927535157834496 : Checking image 2 crop y1 1724
1606927535157866240 : Checking image 2 crop x2 1181
1606927535157893376 : Checking image 2 crop y2 1725
1606927535158090240 : Checking image 1 dpi 300
1606927535158162688 : Checking image 1 border top 2930
1606927535158194944 : Checking image 1 border bottom 308
1606927535158222848 : Checking image 1 border left 224
1606927535158267392 : Checking image 1 border right 224
1606927535159671552 : Checking image 2 dpi 300
1606927535159716096 : Checking image 2 border top 1753
1606927535159745280 : Checking image 2 border bottom 1753
1606927535159772160 : Checking image 2 border left 1239
1606927535159799296 : Checking image 2 border right 1239

</system-out><system-err>--------------------------------- Captured Err ---------------------------------

</system-err></testcase><testcase classname="tests.test_images" name="test_failed_split_line_line_algo_2_png" time="68.637"><system-out>--------------------------------- Captured Log ---------------------------------

--------------------------------- Captured Out ---------------------------------
/home/runner/work/ocr-book/ocr-book/tests/failed_split_line_line_algo_2.png
1606927570388279296 : Checking separation double page angle 89.9913422057325
1606927570388382720 : Checking separation double page y=0 2498
1606927580394431744 : Checking page rotation 1 0.0
1606927588402833664 : Checking page rotation 2 0.6000000000000001
1606927591229448448 : Checking image 1 crop x1 272
1606927591229575424 : Checking image 1 crop y1 149
1606927591229642752 : Checking image 1 crop x2 2383
1606927591229701888 : Checking image 1 crop y2 3353
1606927593535638272 : Checking image 2 crop x1 121
1606927593535758080 : Checking image 2 crop y1 155
1606927593535800832 : Checking image 2 crop x2 2244
1606927593535840000 : Checking image 2 crop y2 3350
1606927593574347008 : Checking image 1 dpi 300
1606927593574435072 : Checking image 1 border top 137
1606927593574468864 : Checking image 1 border bottom 146
1606927593574638848 : Checking image 1 border left 174
1606927593574674944 : Checking image 1 border right 174
1606927593577287424 : Checking image 2 dpi 300
1606927593577347584 : Checking image 2 border top 138
1606927593577378816 : Checking image 2 border bottom 154
1606927593577426432 : Checking image 2 border left 168
1606927593577455616 : Checking image 2 border right 168

</system-out><system-err>--------------------------------- Captured Err ---------------------------------

</system-err></testcase><testcase classname="tests.test_images" name="test_crop_too_much_3_png" time="65.544"><system-out>--------------------------------- Captured Log ---------------------------------

--------------------------------- Captured Out ---------------------------------
/home/runner/work/ocr-book/ocr-book/tests/crop_too_much_3.png
1606927576135858432 : Checking separation double page angle 89.55580634783144
1606927576135956480 : Checking separation double page y=0 2499
1606927583830415360 : Checking page rotation 1 -0.9499999999999886
1606927593639120896 : Checking page rotation 2 -0.14999999999999147
1606927597072247296 : Checking image 1 crop x1 373
1606927597072362752 : Checking image 1 crop y1 258
1606927597072421376 : Checking image 1 crop x2 2386
1606927597072458752 : Checking image 1 crop y2 3458
1606927600629647360 : Checking image 2 crop x1 167
1606927600629798400 : Checking image 2 crop y1 228
1606927600629845504 : Checking image 2 crop x2 2180
1606927600629886208 : Checking image 2 crop y2 3417
1606927600670944256 : Checking image 1 dpi 300
1606927600671066880 : Checking image 1 border top 237
1606927600671102464 : Checking image 1 border bottom 50
1606927600671168512 : Checking image 1 border left 223
1606927600671198976 : Checking image 1 border right 223
1606927600674164736 : Checking image 2 dpi 300
1606927600674223616 : Checking image 2 border top 192
1606927600674255104 : Checking image 2 border bottom 106
1606927600674284288 : Checking image 2 border left 223
1606927600674312704 : Checking image 2 border right 223

</system-out><system-err>--------------------------------- Captured Err ---------------------------------

</system-err></testcase><testcase classname="tests.test_images" name="test_wrong_wave_split_line_2_png" time="71.906"><system-out>--------------------------------- Captured Log ---------------------------------

--------------------------------- Captured Out ---------------------------------
/home/runner/work/ocr-book/ocr-book/tests/wrong_wave_split_line_2.png
1606927641193530624 : Checking separation double page angle 90.7708958311329
1606927641193624320 : Checking separation double page y=0 2490
1606927649748764928 : Checking page rotation 1 0.4
1606927659902531584 : Checking page rotation 2 1.8
1606927662394244608 : Checking image 1 crop x1 224
1606927662394362112 : Checking image 1 crop y1 147
1606927662394405632 : Checking image 1 crop x2 2337
1606927662394462720 : Checking image 1 crop y2 3355
1606927665440263936 : Checking image 2 crop x1 107
1606927665440377344 : Checking image 2 crop y1 197
1606927665440421376 : Checking image 2 crop x2 2229
1606927665440461312 : Checking image 2 crop y2 3396
1606927665484033024 : Checking image 1 dpi 300
1606927665484151040 : Checking image 1 border top 126
1606927665484189440 : Checking image 1 border bottom 153
1606927665484221952 : Checking image 1 border left 173
1606927665484254720 : Checking image 1 border right 173
1606927665486388224 : Checking image 2 dpi 300
1606927665486441216 : Checking image 2 border top 170
1606927665486471680 : Checking image 2 border bottom 118
1606927665486500352 : Checking image 2 border left 169
1606927665486529536 : Checking image 2 border right 169

</system-out><system-err>--------------------------------- Captured Err ---------------------------------

</system-err></testcase><testcase classname="tests.test_images" name="test_wrong_wave_split_line_3_png" time="64.563"><system-out>--------------------------------- Captured Log ---------------------------------

--------------------------------- Captured Out ---------------------------------
/home/runner/work/ocr-book/ocr-book/tests/wrong_wave_split_line_3.png
1606927643921313536 : Checking separation double page angle 90.0586735161512
1606927643921408256 : Checking separation double page y=0 2510
1606927652807821824 : Checking page rotation 1 0.1
1606927660169175040 : Checking page rotation 2 0.35000000000000003
1606927662923381504 : Checking image 1 crop x1 272
1606927662923532544 : Checking image 1 crop y1 219
1606927662923574272 : Checking image 1 crop x2 2383
1606927662923612672 : Checking image 1 crop y2 3423
1606927665218474496 : Checking image 2 crop x1 119
1606927665218599168 : Checking image 2 crop y1 226
1606927665218643456 : Checking image 2 crop x2 2240
1606927665218685952 : Checking image 2 crop y2 3413
1606927665255420928 : Checking image 1 dpi 300
1606927665255525888 : Checking image 1 border top 190
1606927665255561472 : Checking image 1 border bottom 93
1606927665255590912 : Checking image 1 border left 174
1606927665255619840 : Checking image 1 border right 174
1606927665257890816 : Checking image 2 dpi 300
1606927665257945856 : Checking image 2 border top 190
1606927665257977600 : Checking image 2 border bottom 110
1606927665258006784 : Checking image 2 border left 169
1606927665258053376 : Checking image 2 border right 169

</system-out><system-err>--------------------------------- Captured Err ---------------------------------

</system-err></testcase></testsuite></testsuites>