<?xml version="1.0" encoding="utf-8"?><testsuites><testsuite name="pytest" errors="0" failures="0" skipped="0" tests="32" time="854.413" timestamp="2020-12-06T22:06:25.129906" hostname="fv-az40-371"><testcase classname="tests.test_features" name="test_disabled_enable_debug" time="37.536"><system-out>--------------------------------- Captured Log ---------------------------------

--------------------------------- Captured Out ---------------------------------
/home/runner/work/ocr-book/ocr-book/tests/0001_debug.png
separation double page angle 90.57780420099763
separation double page y=0 2487
page rotation 1 0.75
page rotation 2 0.2
image 1 crop x1 330
image 1 crop y1 336
image 1 crop x2 2343
image 1 crop y2 3223
image 2 crop x1 169
image 2 crop y1 648
image 2 crop x2 2186
image 2 crop y2 3361
image 1 dpi 300
image 1 border top 318
image 1 border bottom 282
image 1 border left 223
image 1 border right 223
image 2 dpi 300
image 2 border top 643
image 2 border bottom 131
image 2 border left 221
image 2 border right 221

</system-out><system-err>--------------------------------- Captured Err ---------------------------------

</system-err></testcase><testcase classname="tests.test_features" name="test_mock_stop_at_0" time="0.040"><system-out>--------------------------------- Captured Log ---------------------------------

--------------------------------- Captured Out ---------------------------------
/home/runner/work/ocr-book/ocr-book/tests/0001_0.png

</system-out><system-err>--------------------------------- Captured Err ---------------------------------

</system-err></testcase><testcase classname="tests.test_features" name="test_mock_stop_at_2" time="43.339"><system-out>--------------------------------- Captured Log ---------------------------------

--------------------------------- Captured Out ---------------------------------
/home/runner/work/ocr-book/ocr-book/tests/0001_2.png
separation double page angle 90.57780420099763
separation double page y=0 2487
page rotation 1 0.75
page rotation 2 0.2

</system-out><system-err>--------------------------------- Captured Err ---------------------------------

</system-err></testcase><testcase classname="tests.test_features" name="test_mock_stop_at_1" time="29.308"><system-out>--------------------------------- Captured Log ---------------------------------

--------------------------------- Captured Out ---------------------------------
/home/runner/work/ocr-book/ocr-book/tests/0001_1.png
separation double page angle 90.57780420099763
separation double page y=0 2487

</system-out><system-err>--------------------------------- Captured Err ---------------------------------

</system-err></testcase><testcase classname="tests.test_features" name="test_mock_stop_at_4" time="49.961"><system-out>--------------------------------- Captured Log ---------------------------------

--------------------------------- Captured Out ---------------------------------
/home/runner/work/ocr-book/ocr-book/tests/0001_4.png
separation double page angle 90.57780420099763
separation double page y=0 2487
page rotation 1 0.75
page rotation 2 0.2
image 1 crop x1 330
image 1 crop y1 336
image 1 crop x2 2343
image 1 crop y2 3223
image 2 crop x1 169
image 2 crop y1 648
image 2 crop x2 2186
image 2 crop y2 3361
image 1 dpi 300
image 1 border top 318
image 1 border bottom 282
image 1 border left 223
image 1 border right 223
image 2 dpi 300
image 2 border top 643
image 2 border bottom 131
image 2 border left 221
image 2 border right 221

</system-out><system-err>--------------------------------- Captured Err ---------------------------------

</system-err></testcase><testcase classname="tests.test_features" name="test_mock_stop_at_3" time="49.581"><system-out>--------------------------------- Captured Log ---------------------------------

--------------------------------- Captured Out ---------------------------------
/home/runner/work/ocr-book/ocr-book/tests/0001_3.png
separation double page angle 90.57780420099763
separation double page y=0 2487
page rotation 1 0.75
page rotation 2 0.2
image 1 crop x1 330
image 1 crop y1 336
image 1 crop x2 2343
image 1 crop y2 3223
image 2 crop x1 169
image 2 crop y1 648
image 2 crop x2 2186
image 2 crop y2 3361

</system-out><system-err>--------------------------------- Captured Err ---------------------------------

</system-err></testcase><testcase classname="tests.test_images" name="test_0001_png" time="49.742"><system-out>--------------------------------- Captured Log ---------------------------------

--------------------------------- Captured Out ---------------------------------
/home/runner/work/ocr-book/ocr-book/tests/0001.png
1607292509239292472 : Checking separation double page angle 90.57780420099763
1607292509239393273 : Checking separation double page y=0 2487
1607292515703872294 : Checking page rotation 1 0.75
1607292522288714688 : Checking page rotation 2 0.2
1607292525784462526 : Checking image 1 crop x1 330
1607292525784582426 : Checking image 1 crop y1 336
1607292525784614726 : Checking image 1 crop x2 2343
1607292525784641826 : Checking image 1 crop y2 3223
1607292529182488457 : Checking image 2 crop x1 169
1607292529182587757 : Checking image 2 crop y1 648
1607292529182621957 : Checking image 2 crop x2 2186
1607292529182650257 : Checking image 2 crop y2 3361
1607292529209171083 : Checking image 1 dpi 300
1607292529209236283 : Checking image 1 border top 318
1607292529209416383 : Checking image 1 border bottom 282
1607292529209458083 : Checking image 1 border left 223
1607292529209493883 : Checking image 1 border right 223
1607292529211608685 : Checking image 2 dpi 300
1607292529211661285 : Checking image 2 border top 643
1607292529211691885 : Checking image 2 border bottom 131
1607292529211720485 : Checking image 2 border left 221
1607292529211749185 : Checking image 2 border right 221

</system-out><system-err>--------------------------------- Captured Err ---------------------------------

</system-err></testcase><testcase classname="tests.test_features" name="test_mock_stop_at_5" time="47.993"><system-out>--------------------------------- Captured Log ---------------------------------

--------------------------------- Captured Out ---------------------------------
/home/runner/work/ocr-book/ocr-book/tests/0001_5.png
separation double page angle 90.57780420099763
separation double page y=0 2487
page rotation 1 0.75
page rotation 2 0.2
image 1 crop x1 330
image 1 crop y1 336
image 1 crop x2 2343
image 1 crop y2 3223
image 2 crop x1 169
image 2 crop y1 648
image 2 crop x2 2186
image 2 crop y2 3361
image 1 dpi 300
image 1 border top 318
image 1 border bottom 282
image 1 border left 223
image 1 border right 223
image 2 dpi 300
image 2 border top 643
image 2 border bottom 131
image 2 border left 221
image 2 border right 221

</system-out><system-err>--------------------------------- Captured Err ---------------------------------

</system-err></testcase><testcase classname="tests.test_images" name="test_2_pages_2_contours_png" time="34.491"><system-out>--------------------------------- Captured Log ---------------------------------

--------------------------------- Captured Out ---------------------------------
/home/runner/work/ocr-book/ocr-book/tests/2-pages-2-contours.png
1607292550278388270 : Checking separation double page angle 89.91958537671144
1607292550278461170 : Checking separation double page y=0 2492
1607292552325755412 : Checking page rotation 1 0.05
1607292558518976026 : Checking page rotation 2 0.35000000000000003
1607292560015151957 : Checking image 1 crop x1 1189
1607292560015255057 : Checking image 1 crop y1 1748
1607292560015287157 : Checking image 1 crop x2 1190
1607292560015315557 : Checking image 1 crop y2 1749
1607292563675484372 : Checking image 2 crop x1 89
1607292563675595572 : Checking image 2 crop y1 240
1607292563675630272 : Checking image 2 crop x2 2136
1607292563675661572 : Checking image 2 crop y2 3239
1607292563705714594 : Checking image 1 dpi 300
1607292563705827694 : Checking image 1 border top 1753
1607292563705859794 : Checking image 1 border bottom 1753
1607292563705905794 : Checking image 1 border left 1239
1607292563705933694 : Checking image 1 border right 1239
1607292563708279196 : Checking image 2 dpi 300
1607292563708335996 : Checking image 2 border top 227
1607292563708366896 : Checking image 2 border bottom 261
1607292563708394296 : Checking image 2 border left 206
1607292563708421396 : Checking image 2 border right 206

</system-out><system-err>--------------------------------- Captured Err ---------------------------------

</system-err></testcase><testcase classname="tests.test_images" name="test_angle_page_lower_split_line_png" time="50.861"><system-out>--------------------------------- Captured Log ---------------------------------

--------------------------------- Captured Out ---------------------------------
/home/runner/work/ocr-book/ocr-book/tests/angle_page_lower_split_line.png
1607292584125201492 : Checking separation double page angle 89.75201324945476
1607292584125300292 : Checking separation double page y=0 2473
1607292590795743606 : Checking page rotation 1 -0.44999999999998863
1607292595620996461 : Checking page rotation 2 0.2
1607292598478876377 : Checking image 1 crop x1 245
1607292598479004377 : Checking image 1 crop y1 161
1607292598479040077 : Checking image 1 crop x2 2351
1607292598479072577 : Checking image 1 crop y2 3364
1607292601379861795 : Checking image 2 crop x1 151
1607292601379964495 : Checking image 2 crop y1 147
1607292601379999095 : Checking image 2 crop x2 2258
1607292601380030095 : Checking image 2 crop y2 3350
1607292601411128313 : Checking image 1 dpi 300
1607292601411209613 : Checking image 1 border top 141
1607292601411243813 : Checking image 1 border bottom 143
1607292601411273113 : Checking image 1 border left 177
1607292601411319713 : Checking image 1 border right 177
1607292601413757815 : Checking image 2 dpi 300
1607292601413833215 : Checking image 2 border top 129
1607292601413878215 : Checking image 2 border bottom 155
1607292601413903715 : Checking image 2 border left 176
1607292601413930815 : Checking image 2 border right 176

</system-out><system-err>--------------------------------- Captured Err ---------------------------------

</system-err></testcase><testcase classname="tests.test_images" name="test_black_border_not_removed_png" time="55.893"><system-out>--------------------------------- Captured Log ---------------------------------

--------------------------------- Captured Out ---------------------------------
/home/runner/work/ocr-book/ocr-book/tests/black-border-not-removed.png
1607292595753060641 : Checking separation double page angle 90.02895758682553
1607292595753135741 : Checking separation double page y=0 2456
1607292601389945701 : Checking page rotation 1 0.0
1607292610859164148 : Checking page rotation 2 0.0
1607292614565237919 : Checking image 1 crop x1 297
1607292614565341419 : Checking image 1 crop y1 143
1607292614565391219 : Checking image 1 crop x2 2309
1607292614565419919 : Checking image 1 crop y2 3346
1607292619565611964 : Checking image 2 crop x1 157
1607292619565712864 : Checking image 2 crop y1 145
1607292619565744664 : Checking image 2 crop x2 2169
1607292619565773364 : Checking image 2 crop y2 3352
1607292619599287583 : Checking image 1 dpi 300
1607292619599371683 : Checking image 1 border top 127
1607292619599402383 : Checking image 1 border bottom 157
1607292619599428583 : Checking image 1 border left 224
1607292619599491083 : Checking image 1 border right 224
1607292619602138784 : Checking image 2 dpi 300
1607292619602196484 : Checking image 2 border top 133
1607292619602225984 : Checking image 2 border bottom 147
1607292619602251284 : Checking image 2 border left 224
1607292619602295484 : Checking image 2 border right 224

</system-out><system-err>--------------------------------- Captured Err ---------------------------------

</system-err></testcase><testcase classname="tests.test_images" name="test_wrong_split_line_png" time="40.491"><system-out>--------------------------------- Captured Log ---------------------------------

--------------------------------- Captured Out ---------------------------------
/home/runner/work/ocr-book/ocr-book/tests/wrong_split_line.png
1607292626400072732 : Checking separation double page angle 89.85895720607971
1607292626400219932 : Checking separation double page y=0 2463
1607292631911945025 : Checking page rotation 1 -0.14999999999999147
1607292637210024856 : Checking page rotation 2 0.65
1607292639440764992 : Checking image 1 crop x1 213
1607292639440867492 : Checking image 1 crop y1 157
1607292639440899692 : Checking image 1 crop x2 2323
1607292639440928892 : Checking image 1 crop y2 3362
1607292641884610128 : Checking image 2 crop x1 126
1607292641884710728 : Checking image 2 crop y1 167
1607292641884743028 : Checking image 2 crop x2 2237
1607292641884773228 : Checking image 2 crop y2 3372
1607292641912682342 : Checking image 1 dpi 300
1607292641912797242 : Checking image 1 border top 135
1607292641912837142 : Checking image 1 border bottom 147
1607292641912904242 : Checking image 1 border left 175
1607292641912966042 : Checking image 1 border right 175
1607292641914971343 : Checking image 2 dpi 300
1607292641915056343 : Checking image 2 border top 139
1607292641915112843 : Checking image 2 border bottom 143
1607292641915143643 : Checking image 2 border left 174
1607292641915181843 : Checking image 2 border right 174

</system-out><system-err>--------------------------------- Captured Err ---------------------------------

</system-err></testcase><testcase classname="tests.test_images" name="test_image_failed_to_rotate_png" time="56.438"><system-out>--------------------------------- Captured Log ---------------------------------

--------------------------------- Captured Out ---------------------------------
/home/runner/work/ocr-book/ocr-book/tests/image_failed_to_rotate.png
1607292648257393410 : Checking separation double page angle 90.19634423290287
1607292648257488210 : Checking separation double page y=0 2482
1607292653018515152 : Checking page rotation 1 0.35000000000000003
1607292660785834212 : Checking page rotation 2 0.45
1607292670981452649 : Checking image 1 crop x1 34
1607292670981594649 : Checking image 1 crop y1 1
1607292670981654849 : Checking image 1 crop x2 2480
1607292670981705749 : Checking image 1 crop y2 3500
1607292675925102158 : Checking image 2 crop x1 169
1607292675925203258 : Checking image 2 crop y1 234
1607292675925234458 : Checking image 2 crop x2 2248
1607292675925263058 : Checking image 2 crop y2 3355
1607292675958759173 : Checking image 1 dpi 300
1607292675958836073 : Checking image 1 border top 4
1607292675958868373 : Checking image 1 border bottom 4
1607292675958894373 : Checking image 1 border left 17
1607292675958920073 : Checking image 1 border right 17
1607292675961658375 : Checking image 2 dpi 300
1607292675961716575 : Checking image 2 border top 221
1607292675961746975 : Checking image 2 border bottom 145
1607292675961772475 : Checking image 2 border left 190
1607292675961798175 : Checking image 2 border right 190

</system-out><system-err>--------------------------------- Captured Err ---------------------------------

</system-err></testcase><testcase classname="tests.test_images" name="test_crop_too_much_png" time="69.870"><system-out>--------------------------------- Captured Log ---------------------------------

--------------------------------- Captured Out ---------------------------------
/home/runner/work/ocr-book/ocr-book/tests/crop_too_much.png
1607292685322427389 : Checking separation double page angle 90.13239409272953
1607292685322512690 : Checking separation double page y=0 2453
1607292695393929459 : Checking page rotation 1 0.0
1607292703620029743 : Checking page rotation 2 0.45
1607292707729136168 : Checking image 1 crop x1 303
1607292707729238968 : Checking image 1 crop y1 148
1607292707729273068 : Checking image 1 crop x2 2313
1607292707729302968 : Checking image 1 crop y2 3351
1607292711734576239 : Checking image 2 crop x1 170
1607292711734680439 : Checking image 2 crop y1 155
1607292711734713939 : Checking image 2 crop x2 2181
1607292711734743539 : Checking image 2 crop y2 3359
1607292711773280856 : Checking image 1 dpi 300
1607292711773379056 : Checking image 1 border top 131
1607292711773410556 : Checking image 1 border bottom 153
1607292711773436956 : Checking image 1 border left 225
1607292711773463456 : Checking image 1 border right 225
1607292711775673157 : Checking image 2 dpi 300
1607292711775727457 : Checking image 2 border top 133
1607292711775756357 : Checking image 2 border bottom 150
1607292711775781957 : Checking image 2 border left 224
1607292711775808757 : Checking image 2 border right 224

</system-out><system-err>--------------------------------- Captured Err ---------------------------------

</system-err></testcase><testcase classname="tests.test_images" name="test_image_failed_to_crop_data_png" time="53.715"><system-out>--------------------------------- Captured Log ---------------------------------

--------------------------------- Captured Out ---------------------------------
/home/runner/work/ocr-book/ocr-book/tests/image_failed_to_crop_data.png
1607292704574912468 : Checking separation double page angle 89.91538216173362
1607292704574994568 : Checking separation double page y=0 2477
1607292709697622039 : Checking page rotation 1 0.2
1607292714495530755 : Checking page rotation 2 0.0
1607292725140749511 : Checking image 1 crop x1 58
1607292725140861011 : Checking image 1 crop y1 8
1607292725140896811 : Checking image 1 crop x2 2480
1607292725140928511 : Checking image 1 crop y2 3504
1607292729661723275 : Checking image 2 crop x1 159
1607292729661843975 : Checking image 2 crop y1 217
1607292729661876975 : Checking image 2 crop x2 2241
1607292729661906475 : Checking image 2 crop y2 3350
1607292729691054387 : Checking image 1 dpi 300
1607292729691129787 : Checking image 1 border top 6
1607292729691162287 : Checking image 1 border bottom 6
1607292729691189487 : Checking image 1 border left 29
1607292729691217787 : Checking image 1 border right 29
1607292729693727589 : Checking image 2 dpi 300
1607292729693871189 : Checking image 2 border top 206
1607292729693909289 : Checking image 2 border bottom 148
1607292729693943789 : Checking image 2 border left 189
1607292729693980889 : Checking image 2 border right 189

</system-out><system-err>--------------------------------- Captured Err ---------------------------------

</system-err></testcase><testcase classname="tests.test_images" name="test_crop_too_few_png" time="44.113"><system-out>--------------------------------- Captured Log ---------------------------------

--------------------------------- Captured Out ---------------------------------
/home/runner/work/ocr-book/ocr-book/tests/crop_too_few.png
1607292738856196745 : Checking separation double page angle 89.39669496435833
1607292738856283045 : Checking separation double page y=0 2510
1607292745469375683 : Checking page rotation 1 -0.75
1607292750609787880 : Checking page rotation 2 0.05
1607292753277050318 : Checking image 1 crop x1 265
1607292753277162718 : Checking image 1 crop y1 152
1607292753277247118 : Checking image 1 crop x2 2375
1607292753277277718 : Checking image 1 crop y2 3356
1607292755873431423 : Checking image 2 crop x1 135
1607292755873525623 : Checking image 2 crop y1 141
1607292755873557923 : Checking image 2 crop x2 2261
1607292755873587723 : Checking image 2 crop y2 3345
1607292755904706837 : Checking image 1 dpi 300
1607292755904775737 : Checking image 1 border top 134
1607292755904804937 : Checking image 1 border bottom 149
1607292755904831137 : Checking image 1 border left 175
1607292755904857237 : Checking image 1 border right 175
1607292755906814837 : Checking image 2 dpi 300
1607292755906858737 : Checking image 2 border top 129
1607292755906885437 : Checking image 2 border bottom 154
1607292755906910037 : Checking image 2 border left 167
1607292755906934538 : Checking image 2 border right 167

</system-out><system-err>--------------------------------- Captured Err ---------------------------------

</system-err></testcase><testcase classname="tests.test_images" name="test_wrong_angle_split_line_png" time="62.387"><system-out>--------------------------------- Captured Log ---------------------------------

--------------------------------- Captured Out ---------------------------------
/home/runner/work/ocr-book/ocr-book/tests/wrong_angle_split_line.png
1607292760454273469 : Checking separation double page angle 90.04193420006348
1607292760454361470 : Checking separation double page y=0 2477
1607292767537789170 : Checking page rotation 1 0.2
1607292775762868041 : Checking page rotation 2 0.2
1607292786694355935 : Checking image 1 crop x1 61
1607292786694544735 : Checking image 1 crop y1 7
1607292786694620835 : Checking image 1 crop x2 2475
1607292786694651235 : Checking image 1 crop y2 3500
1607292791375022396 : Checking image 2 crop x1 165
1607292791375152797 : Checking image 2 crop y1 219
1607292791375189197 : Checking image 2 crop x2 2241
1607292791375222297 : Checking image 2 crop y2 3348
1607292791512883954 : Checking image 1 dpi 300
1607292791512978854 : Checking image 1 border top 7
1607292791513011654 : Checking image 1 border bottom 7
1607292791513037154 : Checking image 1 border left 33
1607292791513064354 : Checking image 1 border right 33
1607292791520807257 : Checking image 2 dpi 300
1607292791520912958 : Checking image 2 border top 207
1607292791520944358 : Checking image 2 border bottom 151
1607292791520974258 : Checking image 2 border left 192
1607292791521002058 : Checking image 2 border right 192

</system-out><system-err>--------------------------------- Captured Err ---------------------------------

</system-err></testcase><testcase classname="tests.test_images" name="test_crop_too_much_2_png" time="76.299"><system-out>--------------------------------- Captured Log ---------------------------------

--------------------------------- Captured Out ---------------------------------
/home/runner/work/ocr-book/ocr-book/tests/crop_too_much_2.png
1607292797593455898 : Checking separation double page angle 90.2021118646249
1607292797593538998 : Checking separation double page y=0 2477
1607292809565062992 : Checking page rotation 1 0.2
1607292823057934803 : Checking page rotation 2 0.2
1607292827061944864 : Checking image 1 crop x1 332
1607292827062044665 : Checking image 1 crop y1 131
1607292827062076565 : Checking image 1 crop x2 2342
1607292827062104265 : Checking image 1 crop y2 3336
1607292832136105169 : Checking image 2 crop x1 168
1607292832136201569 : Checking image 2 crop y1 139
1607292832136233569 : Checking image 2 crop x2 2181
1607292832136262769 : Checking image 2 crop y2 3345
1607292832178748486 : Checking image 1 dpi 300
1607292832178820486 : Checking image 1 border top 118
1607292832178852086 : Checking image 1 border bottom 164
1607292832178880186 : Checking image 1 border left 225
1607292832178927486 : Checking image 1 border right 225
1607292832181033987 : Checking image 2 dpi 300
1607292832181082687 : Checking image 2 border top 127
1607292832181109587 : Checking image 2 border bottom 154
1607292832181134687 : Checking image 2 border left 223
1607292832181161587 : Checking image 2 border right 223

</system-out><system-err>--------------------------------- Captured Err ---------------------------------

</system-err></testcase><testcase classname="tests.test_images" name="test_small_wave_png" time="68.155"><system-out>--------------------------------- Captured Log ---------------------------------

--------------------------------- Captured Out ---------------------------------
/home/runner/work/ocr-book/ocr-book/tests/small_wave.png
1607292834607048193 : Checking separation double page angle 90.61316928841566
1607292834607130493 : Checking separation double page y=0 2495
1607292845425930971 : Checking page rotation 1 0.7000000000000001
1607292854457639004 : Checking page rotation 2 0.7000000000000001
1607292857214999643 : Checking image 1 crop x1 322
1607292857215128443 : Checking image 1 crop y1 199
1607292857215161643 : Checking image 1 crop x2 2351
1607292857215190843 : Checking image 1 crop y2 3394
1607292860262820201 : Checking image 2 crop x1 135
1607292860262932601 : Checking image 2 crop y1 223
1607292860262985202 : Checking image 2 crop x2 2164
1607292860263017002 : Checking image 2 crop y2 3419
1607292860295699415 : Checking image 1 dpi 300
1607292860295839515 : Checking image 1 border top 178
1607292860295873715 : Checking image 1 border bottom 114
1607292860295903015 : Checking image 1 border left 215
1607292860295933015 : Checking image 1 border right 215
1607292860298654616 : Checking image 2 dpi 300
1607292860298728916 : Checking image 2 border top 196
1607292860298758416 : Checking image 2 border bottom 95
1607292860298785616 : Checking image 2 border left 215
1607292860298812516 : Checking image 2 border right 215

</system-out><system-err>--------------------------------- Captured Err ---------------------------------

</system-err></testcase><testcase classname="tests.test_images" name="test_wrong_split_line_2_png" time="89.115"><system-out>--------------------------------- Captured Log ---------------------------------

--------------------------------- Captured Out ---------------------------------
/home/runner/work/ocr-book/ocr-book/tests/wrong_split_line_2.png
1607292885241636000 : Checking separation double page angle 90.3838786217729
1607292885241717400 : Checking separation double page y=0 2442
1607292893706834285 : Checking page rotation 1 0.05
1607292905182961806 : Checking page rotation 2 0.4
1607292912069730138 : Checking image 1 crop x1 294
1607292912069832838 : Checking image 1 crop y1 137
1607292912069865238 : Checking image 1 crop x2 2326
1607292912069893238 : Checking image 1 crop y2 3375
1607292921256248114 : Checking image 2 crop x1 146
1607292921256406914 : Checking image 2 crop y1 192
1607292921256461214 : Checking image 2 crop x2 2173
1607292921256500314 : Checking image 2 crop y2 3386
1607292921299236732 : Checking image 1 dpi 300
1607292921299316532 : Checking image 1 border top 124
1607292921299349132 : Checking image 1 border bottom 124
1607292921299394932 : Checking image 1 border left 214
1607292921299423832 : Checking image 1 border right 214
1607292921301858633 : Checking image 2 dpi 300
1607292921301917333 : Checking image 2 border top 185
1607292921301951433 : Checking image 2 border bottom 108
1607292921301981833 : Checking image 2 border left 216
1607292921302011633 : Checking image 2 border right 216

</system-out><system-err>--------------------------------- Captured Err ---------------------------------

</system-err></testcase><testcase classname="tests.test_images" name="test_wrong_split_line_3_png" time="57.642"><system-out>--------------------------------- Captured Log ---------------------------------

--------------------------------- Captured Out ---------------------------------
/home/runner/work/ocr-book/ocr-book/tests/wrong_split_line_3.png
1607292895428108293 : Checking separation double page angle 90.43729500214693
1607292895428317393 : Checking separation double page y=0 2498
1607292905038282247 : Checking page rotation 1 0.30000000000000004
1607292912121267259 : Checking page rotation 2 0.9
1607292915055054465 : Checking image 1 crop x1 331
1607292915055193665 : Checking image 1 crop y1 165
1607292915055227565 : Checking image 1 crop x2 2375
1607292915055257565 : Checking image 1 crop y2 3376
1607292917918244542 : Checking image 2 crop x1 102
1607292917918350242 : Checking image 2 crop y1 208
1607292917918381842 : Checking image 2 crop x2 2133
1607292917918410042 : Checking image 2 crop y2 3413
1607292917949003455 : Checking image 1 dpi 300
1607292917949100755 : Checking image 1 border top 148
1607292917949131055 : Checking image 1 border bottom 128
1607292917949156855 : Checking image 1 border left 208
1607292917949182655 : Checking image 1 border right 208
1607292917951556956 : Checking image 2 dpi 300
1607292917951616756 : Checking image 2 border top 191
1607292917951644456 : Checking image 2 border bottom 91
1607292917951669456 : Checking image 2 border left 214
1607292917951696956 : Checking image 2 border right 214

</system-out><system-err>--------------------------------- Captured Err ---------------------------------

</system-err></testcase><testcase classname="tests.test_images" name="test_no_split_line_line_algo_png" time="48.700"><system-out>--------------------------------- Captured Log ---------------------------------

--------------------------------- Captured Out ---------------------------------
/home/runner/work/ocr-book/ocr-book/tests/no_split_line_line_algo.png
1607292949757125220 : Checking separation double page angle 89.47691469185418
1607292949757213920 : Checking separation double page y=0 2476
1607292953885121714 : Checking page rotation 1 -0.14999999999999147
1607292960557374253 : Checking page rotation 2 -0.44999999999998863
1607292962895147312 : Checking image 1 crop x1 205
1607292962895256212 : Checking image 1 crop y1 158
1607292962895290512 : Checking image 1 crop x2 2320
1607292962895320812 : Checking image 1 crop y2 3366
1607292966617640040 : Checking image 2 crop x1 185
1607292966617751040 : Checking image 2 crop y1 221
1607292966617784340 : Checking image 2 crop x2 2201
1607292966617813740 : Checking image 2 crop y2 3366
1607292966653756655 : Checking image 1 dpi 300
1607292966653857655 : Checking image 1 border top 141
1607292966653890955 : Checking image 1 border bottom 138
1607292966653918655 : Checking image 1 border left 172
1607292966653946255 : Checking image 1 border right 172
1607292966656816356 : Checking image 2 dpi 300
1607292966656883756 : Checking image 2 border top 215
1607292966656914956 : Checking image 2 border bottom 127
1607292966656943456 : Checking image 2 border left 222
1607292966656971956 : Checking image 2 border right 222

</system-out><system-err>--------------------------------- Captured Err ---------------------------------

</system-err></testcase><testcase classname="tests.test_images" name="test_wrong_wave_split_line_png" time="80.660"><system-out>--------------------------------- Captured Log ---------------------------------

--------------------------------- Captured Out ---------------------------------
/home/runner/work/ocr-book/ocr-book/tests/wrong_wave_split_line.png
1607292964587228007 : Checking separation double page angle 90.5287860410772
1607292964587317307 : Checking separation double page y=0 2502
1607292973283044775 : Checking page rotation 1 -0.14999999999999147
1607292980135065486 : Checking page rotation 2 0.8500000000000001
1607292988437180992 : Checking image 1 crop x1 385
1607292988437289192 : Checking image 1 crop y1 179
1607292988437321792 : Checking image 1 crop x2 2411
1607292988437349292 : Checking image 1 crop y2 3374
1607293001927727225 : Checking image 2 crop x1 27
1607293001927827125 : Checking image 2 crop y1 1
1607293001927861025 : Checking image 2 crop x2 2489
1607293001927892125 : Checking image 2 crop y2 3505
1607293001972177843 : Checking image 1 dpi 300
1607293001972276143 : Checking image 1 border top 169
1607293001972307743 : Checking image 1 border bottom 123
1607293001972334543 : Checking image 1 border left 217
1607293001972361643 : Checking image 1 border right 217
1607293001974650744 : Checking image 2 dpi 300
1607293001974708444 : Checking image 2 border top 2
1607293001974737144 : Checking image 2 border bottom 2
1607293001974761944 : Checking image 2 border left 9
1607293001974788044 : Checking image 2 border right 9

</system-out><system-err>--------------------------------- Captured Err ---------------------------------

</system-err></testcase><testcase classname="tests.test_images" name="test_failed_split_line_line_algo_png" time="25.260"><system-out>--------------------------------- Captured Log ---------------------------------

--------------------------------- Captured Out ---------------------------------
/home/runner/work/ocr-book/ocr-book/tests/failed_split_line_line_algo.png
1607292982689114734 : Checking separation double page angle 90.01634220573249
1607292982689211834 : Checking separation double page y=0 2575
1607292985984738586 : Checking page rotation 1 -0.14999999999999147
1607292988011041617 : Checking page rotation 2 0.0
1607292990517104945 : Checking image 1 crop x1 407
1607292990517228945 : Checking image 1 crop y1 2925
1607292990517284045 : Checking image 1 crop x2 2419
1607292990517332745 : Checking image 1 crop y2 3174
1607292991943253230 : Checking image 2 crop x1 1184
1607292991943351130 : Checking image 2 crop y1 1744
1607292991943381930 : Checking image 2 crop x2 1185
1607292991943409030 : Checking image 2 crop y2 1745
1607292991943623530 : Checking image 1 dpi 300
1607292991943691030 : Checking image 1 border top 2917
1607292991943721130 : Checking image 1 border bottom 321
1607292991943748030 : Checking image 1 border left 224
1607292991943774830 : Checking image 1 border right 224
1607292991946283531 : Checking image 2 dpi 300
1607292991946355831 : Checking image 2 border top 1752
1607292991946384631 : Checking image 2 border bottom 1753
1607292991946411131 : Checking image 2 border left 1239
1607292991946437931 : Checking image 2 border right 1239

</system-out><system-err>--------------------------------- Captured Err ---------------------------------

</system-err></testcase><testcase classname="tests.test_images" name="test_crop_too_much_3_png" time="62.449"><system-out>--------------------------------- Captured Log ---------------------------------

--------------------------------- Captured Out ---------------------------------
/home/runner/work/ocr-book/ocr-book/tests/crop_too_much_3.png
1607293031165670214 : Checking separation double page angle 89.55580634783144
1607293031165754314 : Checking separation double page y=0 2499
1607293037230967100 : Checking page rotation 1 -0.9499999999999886
1607293045937873970 : Checking page rotation 2 -0.14999999999999147
1607293050011784740 : Checking image 1 crop x1 373
1607293050011938940 : Checking image 1 crop y1 258
1607293050011993640 : Checking image 1 crop x2 2386
1607293050012026240 : Checking image 1 crop y2 3458
1607293054328131409 : Checking image 2 crop x1 167
1607293054328239209 : Checking image 2 crop y1 228
1607293054328271209 : Checking image 2 crop x2 2180
1607293054328299909 : Checking image 2 crop y2 3417
1607293054366358925 : Checking image 1 dpi 300
1607293054366465025 : Checking image 1 border top 239
1607293054366498325 : Checking image 1 border bottom 48
1607293054366526225 : Checking image 1 border left 223
1607293054366556025 : Checking image 1 border right 223
1607293054369324126 : Checking image 2 dpi 300
1607293054369401626 : Checking image 2 border top 207
1607293054369432726 : Checking image 2 border bottom 91
1607293054369459326 : Checking image 2 border left 223
1607293054369485326 : Checking image 2 border right 223

</system-out><system-err>--------------------------------- Captured Err ---------------------------------

</system-err></testcase><testcase classname="tests.test_images" name="test_failed_split_line_line_algo_2_png" time="62.278"><system-out>--------------------------------- Captured Log ---------------------------------

--------------------------------- Captured Out ---------------------------------
/home/runner/work/ocr-book/ocr-book/tests/failed_split_line_line_algo_2.png
1607293042288897574 : Checking separation double page angle 89.9913422057325
1607293042288985974 : Checking separation double page y=0 2498
1607293051478783341 : Checking page rotation 1 0.0
1607293058302426738 : Checking page rotation 2 0.6000000000000001
1607293061286940262 : Checking image 1 crop x1 272
1607293061287042062 : Checking image 1 crop y1 149
1607293061287074162 : Checking image 1 crop x2 2383
1607293061287101962 : Checking image 1 crop y2 3353
1607293064226911967 : Checking image 2 crop x1 107
1607293064227017067 : Checking image 2 crop y1 155
1607293064227050767 : Checking image 2 crop x2 2230
1607293064227082167 : Checking image 2 crop y2 3350
1607293064262560782 : Checking image 1 dpi 300
1607293064262660282 : Checking image 1 border top 139
1607293064262692482 : Checking image 1 border bottom 144
1607293064262719982 : Checking image 1 border left 174
1607293064262763582 : Checking image 1 border right 174
1607293064265088383 : Checking image 2 dpi 300
1607293064265139283 : Checking image 2 border top 136
1607293064265166083 : Checking image 2 border bottom 156
1607293064265190783 : Checking image 2 border left 168
1607293064265215583 : Checking image 2 border right 168

</system-out><system-err>--------------------------------- Captured Err ---------------------------------

</system-err></testcase><testcase classname="tests.test_images" name="test_wrong_wave_split_line_2_png" time="65.483"><system-out>--------------------------------- Captured Log ---------------------------------

--------------------------------- Captured Out ---------------------------------
/home/runner/work/ocr-book/ocr-book/tests/wrong_wave_split_line_2.png
1607293097726862698 : Checking separation double page angle 90.7708958311329
1607293097726945098 : Checking separation double page y=0 2490
1607293103811254192 : Checking page rotation 1 0.4
1607293113564874389 : Checking page rotation 2 1.8
1607293116708774078 : Checking image 1 crop x1 224
1607293116708883078 : Checking image 1 crop y1 147
1607293116708916078 : Checking image 1 crop x2 2337
1607293116708945478 : Checking image 1 crop y2 3355
1607293119798751244 : Checking image 2 crop x1 107
1607293119798889244 : Checking image 2 crop y1 197
1607293119798923544 : Checking image 2 crop x2 2229
1607293119798954644 : Checking image 2 crop y2 3396
1607293119843888462 : Checking image 1 dpi 300
1607293119843983863 : Checking image 1 border top 133
1607293119844016563 : Checking image 1 border bottom 146
1607293119844045163 : Checking image 1 border left 173
1607293119844073363 : Checking image 1 border right 173
1607293119846353464 : Checking image 2 dpi 300
1607293119846442864 : Checking image 2 border top 167
1607293119846472664 : Checking image 2 border bottom 121
1607293119846500364 : Checking image 2 border left 169
1607293119846527864 : Checking image 2 border right 169

</system-out><system-err>--------------------------------- Captured Err ---------------------------------

</system-err></testcase><testcase classname="tests.test_images" name="test_wrong_wave_split_line_3_png" time="59.180"><system-out>--------------------------------- Captured Log ---------------------------------

--------------------------------- Captured Out ---------------------------------
/home/runner/work/ocr-book/ocr-book/tests/wrong_wave_split_line_3.png
1607293103216142448 : Checking separation double page angle 90.0586735161512
1607293103216233048 : Checking separation double page y=0 2510
1607293111974383637 : Checking page rotation 1 0.1
1607293117846376944 : Checking page rotation 2 0.35000000000000003
1607293120607440375 : Checking image 1 crop x1 272
1607293120607536475 : Checking image 1 crop y1 219
1607293120607589475 : Checking image 1 crop x2 2383
1607293120607637876 : Checking image 1 crop y2 3423
1607293123406130322 : Checking image 2 crop x1 119
1607293123406250922 : Checking image 2 crop y1 226
1607293123406287622 : Checking image 2 crop x2 2240
1607293123406320822 : Checking image 2 crop y2 3413
1607293123444641638 : Checking image 1 dpi 300
1607293123444730638 : Checking image 1 border top 202
1607293123444765838 : Checking image 1 border bottom 81
1607293123444796838 : Checking image 1 border left 174
1607293123444850938 : Checking image 1 border right 174
1607293123447063039 : Checking image 2 dpi 300
1607293123447112439 : Checking image 2 border top 203
1607293123447142039 : Checking image 2 border bottom 97
1607293123447170339 : Checking image 2 border left 169
1607293123447198639 : Checking image 2 border right 169

</system-out><system-err>--------------------------------- Captured Err ---------------------------------

</system-err></testcase><testcase classname="tests.test_images" name="test_no_split_line_wave_algo_png" time="58.209"><system-out>--------------------------------- Captured Log ---------------------------------

--------------------------------- Captured Out ---------------------------------
/home/runner/work/ocr-book/ocr-book/tests/no_split_line_wave_algo.png
1607293149278504026 : Checking separation double page angle 89.93575909193099
1607293149278590126 : Checking separation double page y=0 2482
1607293154281354476 : Checking page rotation 1 0.0
1607293162468990180 : Checking page rotation 2 -0.5499999999999972
1607293171184466863 : Checking image 1 crop x1 97
1607293171184566163 : Checking image 1 crop y1 77
1607293171184598563 : Checking image 1 crop x2 2483
1607293171184627663 : Checking image 1 crop y2 3505
1607293177990902381 : Checking image 2 crop x1 164
1607293177991033681 : Checking image 2 crop y1 266
1607293177991082281 : Checking image 2 crop x2 2241
1607293177991119381 : Checking image 2 crop y2 3382
1607293178026653046 : Checking image 1 dpi 300
1607293178026738046 : Checking image 1 border top 40
1607293178026768146 : Checking image 1 border bottom 40
1607293178026793346 : Checking image 1 border left 47
1607293178026819446 : Checking image 1 border right 47
1607293178029014744 : Checking image 2 dpi 300
1607293178029064944 : Checking image 2 border top 254
1607293178029091944 : Checking image 2 border bottom 117
1607293178029116544 : Checking image 2 border left 191
1607293178029141444 : Checking image 2 border right 191

</system-out><system-err>--------------------------------- Captured Err ---------------------------------

</system-err></testcase><testcase classname="tests.test_images" name="test_no_split_line_wave_algo_2_png" time="51.267"><system-out>--------------------------------- Captured Log ---------------------------------

--------------------------------- Captured Out ---------------------------------
/home/runner/work/ocr-book/ocr-book/tests/no_split_line_wave_algo_2.png
1607293155359744218 : Checking separation double page angle 91.21822795596304
1607293155359827918 : Checking separation double page y=0 2488
1607293162916992706 : Checking page rotation 1 1.1
1607293169518489257 : Checking page rotation 2 0.2
1607293172313299023 : Checking image 1 crop x1 266
1607293172313445622 : Checking image 1 crop y1 210
1607293172313481022 : Checking image 1 crop x2 2342
1607293172313514522 : Checking image 1 crop y2 3413
1607293174681640051 : Checking image 2 crop x1 199
1607293174681746751 : Checking image 2 crop y1 241
1607293174681782151 : Checking image 2 crop x2 2282
1607293174681814351 : Checking image 2 crop y2 3433
1607293174713751219 : Checking image 1 dpi 300
1607293174713847619 : Checking image 1 border top 194
1607293174713878119 : Checking image 1 border bottom 90
1607293174713904119 : Checking image 1 border left 192
1607293174713930019 : Checking image 1 border right 192
1607293174716104116 : Checking image 2 dpi 300
1607293174716161216 : Checking image 2 border top 226
1607293174716187916 : Checking image 2 border bottom 69
1607293174716212616 : Checking image 2 border left 188
1607293174716237516 : Checking image 2 border right 188

</system-out><system-err>--------------------------------- Captured Err ---------------------------------

</system-err></testcase><testcase classname="tests.test_images" name="test_failed_detect_rectangle_png" time="63.211"><system-out>--------------------------------- Captured Log ---------------------------------

--------------------------------- Captured Out ---------------------------------
/home/runner/work/ocr-book/ocr-book/tests/failed_detect_rectangle.png
1607293214561830009 : Checking separation double page angle 90.19837516213147
1607293214561907609 : Checking separation double page y=0 2471
1607293222937388215 : Checking page rotation 1 0.2
1607293232334352040 : Checking page rotation 2 0.2
1607293235043360736 : Checking image 1 crop x1 257
1607293235043462536 : Checking image 1 crop y1 201
1607293235043495636 : Checking image 1 crop x2 2333
1607293235043524136 : Checking image 1 crop y2 3402
1607293237892304159 : Checking image 2 crop x1 139
1607293237892400758 : Checking image 2 crop y1 215
1607293237892442158 : Checking image 2 crop x2 2222
1607293237892473458 : Checking image 2 crop y2 3406
1607293237930853731 : Checking image 1 dpi 300
1607293237930924731 : Checking image 1 border top 188
1607293237930955230 : Checking image 1 border bottom 98
1607293237930981530 : Checking image 1 border left 192
1607293237931007730 : Checking image 1 border right 192
1607293237933175929 : Checking image 2 dpi 300
1607293237933225629 : Checking image 2 border top 200
1607293237933252729 : Checking image 2 border bottom 95
1607293237933277729 : Checking image 2 border left 188
1607293237933302629 : Checking image 2 border right 188

</system-out><system-err>--------------------------------- Captured Err ---------------------------------

</system-err></testcase><testcase classname="tests.test_images" name="test_crop_too_few_2_png" time="55.525"><system-out>--------------------------------- Captured Log ---------------------------------

--------------------------------- Captured Out ---------------------------------
/home/runner/work/ocr-book/ocr-book/tests/crop_too_few_2.png
1607293215333313380 : Checking separation double page angle 90.25476192320097
1607293215333393480 : Checking separation double page y=0 2531
1607293222022240232 : Checking page rotation 1 1.2000000000000002
1607293227897938084 : Checking page rotation 2 -0.09999999999999432
1607293230969956960 : Checking image 1 crop x1 287
1607293230970066760 : Checking image 1 crop y1 165
1607293230970098960 : Checking image 1 crop x2 2398
1607293230970126160 : Checking image 1 crop y2 3368
1607293233575595619 : Checking image 2 crop x1 145
1607293233575699319 : Checking image 2 crop y1 175
1607293233575733319 : Checking image 2 crop x2 2271
1607293233575763519 : Checking image 2 crop y2 3373
1607293233610631493 : Checking image 1 dpi 300
1607293233610738493 : Checking image 1 border top 139
1607293233610772293 : Checking image 1 border bottom 145
1607293233610801693 : Checking image 1 border left 174
1607293233610832293 : Checking image 1 border right 174
1607293233613213091 : Checking image 2 dpi 300
1607293233613270191 : Checking image 2 border top 180
1607293233613299391 : Checking image 2 border bottom 109
1607293233613326491 : Checking image 2 border left 167
1607293233613355591 : Checking image 2 border right 167

</system-out><system-err>--------------------------------- Captured Err ---------------------------------

</system-err></testcase></testsuite></testsuites>