<?xml version="1.0" encoding="utf-8"?><testsuites><testsuite name="pytest" errors="0" failures="0" skipped="0" tests="36" time="412.894" timestamp="2021-05-17T09:31:26.827605" hostname="fv-az75-388"><testcase classname="tests.test_features" name="test_disabled_enable_debug" time="24.320"><system-out>--------------------------------- Captured Log ---------------------------------

--------------------------------- Captured Out ---------------------------------
/home/runner/work/diptych/diptych/tests/0001_debug.png
separation double page angle 90.55756528497216
separation double page y=0 2484
page rotation 1 0.65
page rotation 2 0.2
image 1 crop x1 329
image 1 crop y1 335
image 1 crop x2 2344
image 1 crop y2 3222
image 2 crop x1 171
image 2 crop y1 648
image 2 crop x2 2188
image 2 crop y2 3361
image 1 dpi 300
image 1 border top 327
image 1 border bottom 273
image 1 border left 222
image 1 border right 222
image 2 dpi 300
image 2 border top 643
image 2 border bottom 131
image 2 border left 221
image 2 border right 221

</system-out><system-err>--------------------------------- Captured Err ---------------------------------

</system-err></testcase><testcase classname="tests.test_features" name="test_mock_stop_at_0" time="0.050"><system-out>--------------------------------- Captured Log ---------------------------------

--------------------------------- Captured Out ---------------------------------
/home/runner/work/diptych/diptych/tests/0001_0.png

</system-out><system-err>--------------------------------- Captured Err ---------------------------------

</system-err></testcase><testcase classname="tests.test_features" name="test_mock_stop_at_2" time="17.983"><system-out>--------------------------------- Captured Log ---------------------------------

--------------------------------- Captured Out ---------------------------------
/home/runner/work/diptych/diptych/tests/0001_2.png
separation double page angle 90.55756528497216
separation double page y=0 2484
page rotation 1 0.65
page rotation 2 0.2

</system-out><system-err>--------------------------------- Captured Err ---------------------------------

</system-err></testcase><testcase classname="tests.test_features" name="test_mock_stop_at_4" time="23.857"><system-out>--------------------------------- Captured Log ---------------------------------

--------------------------------- Captured Out ---------------------------------
/home/runner/work/diptych/diptych/tests/0001_4.png
separation double page angle 90.55756528497216
separation double page y=0 2484
page rotation 1 0.65
page rotation 2 0.2
image 1 crop x1 329
image 1 crop y1 335
image 1 crop x2 2344
image 1 crop y2 3222
image 2 crop x1 171
image 2 crop y1 648
image 2 crop x2 2188
image 2 crop y2 3361
image 1 dpi 300
image 1 border top 326
image 1 border bottom 274
image 1 border left 222
image 1 border right 222
image 2 dpi 300
image 2 border top 643
image 2 border bottom 131
image 2 border left 221
image 2 border right 221

</system-out><system-err>--------------------------------- Captured Err ---------------------------------

</system-err></testcase><testcase classname="tests.test_features" name="test_mock_stop_at_1" time="13.876"><system-out>--------------------------------- Captured Log ---------------------------------

--------------------------------- Captured Out ---------------------------------
/home/runner/work/diptych/diptych/tests/0001_1.png
separation double page angle 90.55756528497216
separation double page y=0 2484

</system-out><system-err>--------------------------------- Captured Err ---------------------------------

</system-err></testcase><testcase classname="tests.test_features" name="test_mock_stop_at_3" time="23.215"><system-out>--------------------------------- Captured Log ---------------------------------

--------------------------------- Captured Out ---------------------------------
/home/runner/work/diptych/diptych/tests/0001_3.png
separation double page angle 90.55756528497216
separation double page y=0 2484
page rotation 1 0.65
page rotation 2 0.2
image 1 crop x1 329
image 1 crop y1 335
image 1 crop x2 2344
image 1 crop y2 3222
image 2 crop x1 171
image 2 crop y1 648
image 2 crop x2 2188
image 2 crop y2 3361

</system-out><system-err>--------------------------------- Captured Err ---------------------------------

</system-err></testcase><testcase classname="tests.test_images" name="test_0001_png" time="22.003"><system-out>--------------------------------- Captured Log ---------------------------------

--------------------------------- Captured Out ---------------------------------
/home/runner/work/diptych/diptych/tests/0001.png
1621243943601969613 : Checking separation double page angle 90.55756528497216
1621243943602077413 : Checking separation double page y=0 2484
1621243944799207568 : Checking page rotation 1 0.65
1621243946277389448 : Checking page rotation 2 0.2
1621243949243975843 : Checking image 1 crop x1 329
1621243949244091343 : Checking image 1 crop y1 335
1621243949244127944 : Checking image 1 crop x2 2344
1621243949244160844 : Checking image 1 crop y2 3222
1621243951984254835 : Checking image 2 crop x1 171
1621243951984371436 : Checking image 2 crop y1 648
1621243951984409836 : Checking image 2 crop x2 2188
1621243951984464837 : Checking image 2 crop y2 3361
1621243951984644538 : Checking image 1 dpi 300
1621243951984725538 : Checking image 1 border top 326
1621243951984777039 : Checking image 1 border bottom 274
1621243951984808439 : Checking image 1 border left 222
1621243951984839139 : Checking image 1 border right 222
1621243951987352356 : Checking image 2 dpi 300
1621243951987410656 : Checking image 2 border top 643
1621243951987442556 : Checking image 2 border bottom 131
1621243951987471757 : Checking image 2 border left 221
1621243951987519557 : Checking image 2 border right 221

</system-out><system-err>--------------------------------- Captured Err ---------------------------------

</system-err></testcase><testcase classname="tests.test_features" name="test_mock_stop_at_5" time="23.034"><system-out>--------------------------------- Captured Log ---------------------------------

--------------------------------- Captured Out ---------------------------------
/home/runner/work/diptych/diptych/tests/0001_5.png
separation double page angle 90.55756528497216
separation double page y=0 2484
page rotation 1 0.65
page rotation 2 0.2
image 1 crop x1 329
image 1 crop y1 335
image 1 crop x2 2344
image 1 crop y2 3222
image 2 crop x1 171
image 2 crop y1 648
image 2 crop x2 2188
image 2 crop y2 3361
image 1 dpi 300
image 1 border top 326
image 1 border bottom 274
image 1 border left 222
image 1 border right 222
image 2 dpi 300
image 2 border top 643
image 2 border bottom 131
image 2 border left 221
image 2 border right 221

</system-out><system-err>--------------------------------- Captured Err ---------------------------------

</system-err></testcase><testcase classname="tests.test_images" name="test_black_border_not_removed_png" time="23.664"><system-out>--------------------------------- Captured Log ---------------------------------

--------------------------------- Captured Out ---------------------------------
/home/runner/work/diptych/diptych/tests/black-border-not-removed.png
1621243964582515857 : Checking separation double page angle 90.01516396500199
1621243964582617457 : Checking separation double page y=0 2455
1621243965774160943 : Checking page rotation 1 0.0
1621243967516029125 : Checking page rotation 2 0.1
1621243970552044974 : Checking image 1 crop x1 297
1621243970552231276 : Checking image 1 crop y1 143
1621243970552314176 : Checking image 1 crop x2 2309
1621243970552372777 : Checking image 1 crop y2 3346
1621243975647798959 : Checking image 2 crop x1 154
1621243975647927060 : Checking image 2 crop y1 144
1621243975647963861 : Checking image 2 crop x2 2168
1621243975647998561 : Checking image 2 crop y2 3351
1621243975648154262 : Checking image 1 dpi 300
1621243975648229963 : Checking image 1 border top 131
1621243975648263563 : Checking image 1 border bottom 153
1621243975648294163 : Checking image 1 border left 224
1621243975648324263 : Checking image 1 border right 224
1621243975651267385 : Checking image 2 dpi 300
1621243975651343086 : Checking image 2 border top 133
1621243975651375986 : Checking image 2 border bottom 147
1621243975651443687 : Checking image 2 border left 223
1621243975651476687 : Checking image 2 border right 223

</system-out><system-err>--------------------------------- Captured Err ---------------------------------

</system-err></testcase><testcase classname="tests.test_images" name="test_2_pages_2_contours_png" time="17.053"><system-out>--------------------------------- Captured Log ---------------------------------

--------------------------------- Captured Out ---------------------------------
/home/runner/work/diptych/diptych/tests/2-pages-2-contours.png
1621243984072042362 : Checking separation double page angle 90.14230271514262
1621243984072162563 : Checking separation double page y=0 2488
1621243984713614562 : Checking page rotation 1 0.0
1621243985844912726 : Checking page rotation 2 0.2
1621243986850763252 : Checking image 1 crop x1 1189
1621243986850893053 : Checking image 1 crop y1 1751
1621243986850927953 : Checking image 1 crop x2 1190
1621243986850957654 : Checking image 1 crop y2 1752
1621243989603503304 : Checking image 2 crop x1 100
1621243989603608505 : Checking image 2 crop y1 240
1621243989603644005 : Checking image 2 crop x2 2148
1621243989603677306 : Checking image 2 crop y2 3240
1621243989603833307 : Checking image 1 dpi 300
1621243989603896707 : Checking image 1 border top 1752
1621243989603928808 : Checking image 1 border bottom 1753
1621243989603958608 : Checking image 1 border left 1239
1621243989603987708 : Checking image 1 border right 1239
1621243989605932622 : Checking image 2 dpi 300
1621243989605987123 : Checking image 2 border top 230
1621243989606018123 : Checking image 2 border bottom 256
1621243989606063523 : Checking image 2 border left 206
1621243989606091024 : Checking image 2 border right 206

</system-out><system-err>--------------------------------- Captured Err ---------------------------------

</system-err></testcase><testcase classname="tests.test_images" name="test_image_failed_to_rotate_png" time="29.362"><system-out>--------------------------------- Captured Log ---------------------------------

--------------------------------- Captured Out ---------------------------------
/home/runner/work/diptych/diptych/tests/image_failed_to_rotate.png
1621243991971211699 : Checking separation double page angle 90.35651650869968
1621243991971337500 : Checking separation double page y=0 2483
1621243993901103058 : Checking page rotation 1 0.45
1621243995063355546 : Checking page rotation 2 0.2
1621244000743059697 : Checking image 1 crop x1 31
1621244000743212898 : Checking image 1 crop y1 1
1621244000743257198 : Checking image 1 crop x2 2481
1621244000743298898 : Checking image 1 crop y2 3504
1621244004912380665 : Checking image 2 crop x1 171
1621244004912499766 : Checking image 2 crop y1 231
1621244004912540466 : Checking image 2 crop x2 2259
1621244004912578166 : Checking image 2 crop y2 3358
1621244004912754068 : Checking image 1 dpi 300
1621244004912839268 : Checking image 1 border top 2
1621244004912897269 : Checking image 1 border bottom 2
1621244004912930369 : Checking image 1 border left 15
1621244004912963269 : Checking image 1 border right 15
1621244004916150093 : Checking image 2 dpi 300
1621244004916225593 : Checking image 2 border top 217
1621244004916263294 : Checking image 2 border bottom 143
1621244004916295894 : Checking image 2 border left 186
1621244004916327594 : Checking image 2 border right 186

</system-out><system-err>--------------------------------- Captured Err ---------------------------------

</system-err></testcase><testcase classname="tests.test_images" name="test_wrong_split_line_png" time="19.389"><system-out>--------------------------------- Captured Log ---------------------------------

--------------------------------- Captured Out ---------------------------------
/home/runner/work/diptych/diptych/tests/wrong_split_line.png
1621244002922332193 : Checking separation double page angle 89.95895720607972
1621244002922442594 : Checking separation double page y=0 2466
1621244004063674764 : Checking page rotation 1 -0.04999999999999689
1621244005124192337 : Checking page rotation 2 0.45
1621244006646418239 : Checking image 1 crop x1 211
1621244006646531740 : Checking image 1 crop y1 156
1621244006646588541 : Checking image 1 crop x2 2323
1621244006646625241 : Checking image 1 crop y2 3363
1621244008978135451 : Checking image 2 crop x1 123
1621244008978252452 : Checking image 2 crop y1 164
1621244008978292152 : Checking image 2 crop x2 2237
1621244008978372853 : Checking image 2 crop y2 3375
1621244008978549354 : Checking image 1 dpi 300
1621244008978658555 : Checking image 1 border top 135
1621244008978714456 : Checking image 1 border bottom 145
1621244008978748556 : Checking image 1 border left 174
1621244008978782756 : Checking image 1 border right 174
1621244008982035580 : Checking image 2 dpi 300
1621244008982100281 : Checking image 2 border top 141
1621244008982152981 : Checking image 2 border bottom 135
1621244008982272382 : Checking image 2 border left 173
1621244008982338882 : Checking image 2 border right 173

</system-out><system-err>--------------------------------- Captured Err ---------------------------------

</system-err></testcase><testcase classname="tests.test_images" name="test_image_failed_to_crop_data_png" time="41.335"><system-out>--------------------------------- Captured Log ---------------------------------

--------------------------------- Captured Out ---------------------------------
/home/runner/work/diptych/diptych/tests/image_failed_to_crop_data.png
1621244025852349701 : Checking separation double page angle 90.09350257645173
1621244025852474702 : Checking separation double page y=0 2479
1621244030810133990 : Checking page rotation 1 0.15000000000000002
1621244032019175823 : Checking page rotation 2 0.05
1621244042501076551 : Checking image 1 crop x1 46
1621244042501207452 : Checking image 1 crop y1 1
1621244042501248152 : Checking image 1 crop x2 2477
1621244042501284652 : Checking image 1 crop y2 3505
1621244046288264159 : Checking image 2 crop x1 164
1621244046288384259 : Checking image 2 crop y1 217
1621244046288424859 : Checking image 2 crop x2 2245
1621244046288463159 : Checking image 2 crop y2 3350
1621244046288640960 : Checking image 1 dpi 300
1621244046288723560 : Checking image 1 border top 2
1621244046288762160 : Checking image 1 border bottom 2
1621244046288796160 : Checking image 1 border left 25
1621244046288851760 : Checking image 1 border right 25
1621244046292226564 : Checking image 2 dpi 300
1621244046292303164 : Checking image 2 border top 206
1621244046292821365 : Checking image 2 border bottom 148
1621244046292856765 : Checking image 2 border left 189
1621244046292889565 : Checking image 2 border right 189

</system-out><system-err>--------------------------------- Captured Err ---------------------------------

</system-err></testcase><testcase classname="tests.test_images" name="test_crop_too_much_png" time="26.923"><system-out>--------------------------------- Captured Log ---------------------------------

--------------------------------- Captured Out ---------------------------------
/home/runner/work/diptych/diptych/tests/crop_too_much.png
1621244024173189454 : Checking separation double page angle 90.16929865985193
1621244024173310555 : Checking separation double page y=0 2456
1621244025779103119 : Checking page rotation 1 -0.04999999999999689
1621244027378749794 : Checking page rotation 2 0.2
1621244030917856528 : Checking image 1 crop x1 302
1621244030917975329 : Checking image 1 crop y1 148
1621244030918007030 : Checking image 1 crop x2 2314
1621244030918035130 : Checking image 1 crop y2 3351
1621244035872087904 : Checking image 2 crop x1 163
1621244035872216142 : Checking image 2 crop y1 151
1621244035872254884 : Checking image 2 crop x2 2187
1621244035872290522 : Checking image 2 crop y2 3363
1621244035872465811 : Checking image 1 dpi 300
1621244035872538589 : Checking image 1 border top 133
1621244035872575729 : Checking image 1 border bottom 151
1621244035872607964 : Checking image 1 border left 224
1621244035872640799 : Checking image 1 border right 224
1621244035875855960 : Checking image 2 dpi 300
1621244035875929539 : Checking image 2 border top 132
1621244035875963976 : Checking image 2 border bottom 143
1621244035875996211 : Checking image 2 border left 218
1621244035876031448 : Checking image 2 border right 218

</system-out><system-err>--------------------------------- Captured Err ---------------------------------

</system-err></testcase><testcase classname="tests.test_images" name="test_crop_too_few_png" time="19.569"><system-out>--------------------------------- Captured Log ---------------------------------

--------------------------------- Captured Out ---------------------------------
/home/runner/work/diptych/diptych/tests/crop_too_few.png
1621244049396413026 : Checking separation double page angle 89.49492328400886
1621244049396521127 : Checking separation double page y=0 2510
1621244050373627844 : Checking page rotation 1 -0.6499999999999977
1621244051518447575 : Checking page rotation 2 0.0
1621244053821725018 : Checking image 1 crop x1 263
1621244053821841719 : Checking image 1 crop y1 150
1621244053821897620 : Checking image 1 crop x2 2377
1621244053821931920 : Checking image 1 crop y2 3357
1621244055487949910 : Checking image 2 crop x1 139
1621244055488056610 : Checking image 2 crop y1 141
1621244055488093311 : Checking image 2 crop x2 2261
1621244055488127011 : Checking image 2 crop y2 3345
1621244055488280612 : Checking image 1 dpi 300
1621244055488350313 : Checking image 1 border top 129
1621244055488386813 : Checking image 1 border bottom 150
1621244055488418313 : Checking image 1 border left 173
1621244055488450713 : Checking image 1 border right 173
1621244055491154134 : Checking image 2 dpi 300
1621244055491210734 : Checking image 2 border top 130
1621244055491242735 : Checking image 2 border bottom 153
1621244055491272835 : Checking image 2 border left 169
1621244055491302635 : Checking image 2 border right 169

</system-out><system-err>--------------------------------- Captured Err ---------------------------------

</system-err></testcase><testcase classname="tests.test_images" name="test_wrong_angle_split_line_png" time="26.326"><system-out>--------------------------------- Captured Log ---------------------------------

--------------------------------- Captured Out ---------------------------------
/home/runner/work/diptych/diptych/tests/wrong_angle_split_line.png
1621244058339102026 : Checking separation double page angle 90.08791528895468
1621244058339215727 : Checking separation double page y=0 2478
1621244059726164241 : Checking page rotation 1 0.1
1621244061007708507 : Checking page rotation 2 0.1
1621244066808654855 : Checking image 1 crop x1 58
1621244066808854856 : Checking image 1 crop y1 6
1621244066808897757 : Checking image 1 crop x2 2476
1621244066808935757 : Checking image 1 crop y2 3501
1621244071907289089 : Checking image 2 crop x1 166
1621244071907410388 : Checking image 2 crop y1 218
1621244071907449688 : Checking image 2 crop x2 2244
1621244071907486888 : Checking image 2 crop y2 3349
1621244071907666087 : Checking image 1 dpi 300
1621244071907749686 : Checking image 1 border top 6
1621244071907787386 : Checking image 1 border bottom 6
1621244071907820286 : Checking image 1 border left 31
1621244071907852986 : Checking image 1 border right 31
1621244071916435342 : Checking image 2 dpi 300
1621244071916547941 : Checking image 2 border top 209
1621244071916588741 : Checking image 2 border bottom 147
1621244071916620641 : Checking image 2 border left 191
1621244071916651940 : Checking image 2 border right 191

</system-out><system-err>--------------------------------- Captured Err ---------------------------------

</system-err></testcase><testcase classname="tests.test_images" name="test_crop_too_much_2_png" time="27.136"><system-out>--------------------------------- Captured Log ---------------------------------

--------------------------------- Captured Out ---------------------------------
/home/runner/work/diptych/diptych/tests/crop_too_much_2.png
1621244071411266438 : Checking separation double page angle 90.15285326123045
1621244071411389738 : Checking separation double page y=0 2477
1621244073010208098 : Checking page rotation 1 0.15000000000000002
1621244074971505551 : Checking page rotation 2 0.2
1621244078358235066 : Checking image 1 crop x1 330
1621244078358480367 : Checking image 1 crop y1 132
1621244078358520668 : Checking image 1 crop x2 2342
1621244078358555868 : Checking image 1 crop y2 3335
1621244082596815777 : Checking image 2 crop x1 165
1621244082596908078 : Checking image 2 crop y1 139
1621244082596952778 : Checking image 2 crop x2 2178
1621244082596982578 : Checking image 2 crop y2 3345
1621244082597129779 : Checking image 1 dpi 300
1621244082597196380 : Checking image 1 border top 121
1621244082597227580 : Checking image 1 border bottom 163
1621244082597256080 : Checking image 1 border left 224
1621244082597286180 : Checking image 1 border right 224
1621244082599857699 : Checking image 2 dpi 300
1621244082599935099 : Checking image 2 border top 129
1621244082599966099 : Checking image 2 border bottom 152
1621244082599995300 : Checking image 2 border left 223
1621244082600024000 : Checking image 2 border right 223

</system-out><system-err>--------------------------------- Captured Err ---------------------------------

</system-err></testcase><testcase classname="tests.test_images" name="test_angle_page_lower_split_line_png" time="29.239"><system-out>--------------------------------- Captured Log ---------------------------------

--------------------------------- Captured Out ---------------------------------
/home/runner/work/diptych/diptych/tests/angle_page_lower_split_line.png
1621244093076067023 : Checking separation double page angle 89.74412725181848
1621244093076180924 : Checking separation double page y=0 2472
1621244094722414516 : Checking page rotation 1 -0.14999999999999067
1621244096215314753 : Checking page rotation 2 0.1
1621244098010513177 : Checking image 1 crop x1 241
1621244098010622277 : Checking image 1 crop y1 156
1621244098010675378 : Checking image 1 crop x2 2357
1621244098010739078 : Checking image 1 crop y2 3368
1621244101928593889 : Checking image 2 crop x1 151
1621244101928720190 : Checking image 2 crop y1 146
1621244101928761490 : Checking image 2 crop x2 2261
1621244101928800790 : Checking image 2 crop y2 3351
1621244101929042791 : Checking image 1 dpi 300
1621244101929123292 : Checking image 1 border top 140
1621244101929159392 : Checking image 1 border bottom 135
1621244101929192392 : Checking image 1 border left 172
1621244101929224692 : Checking image 1 border right 172
1621244101931941308 : Checking image 2 dpi 300
1621244101932011008 : Checking image 2 border top 131
1621244101932047508 : Checking image 2 border bottom 151
1621244101932081708 : Checking image 2 border left 175
1621244101932116109 : Checking image 2 border right 175

</system-out><system-err>--------------------------------- Captured Err ---------------------------------

</system-err></testcase><testcase classname="tests.test_images" name="test_wrong_split_line_2_png" time="35.224"><system-out>--------------------------------- Captured Log ---------------------------------

--------------------------------- Captured Out ---------------------------------
/home/runner/work/diptych/diptych/tests/wrong_split_line_2.png
1621244100634427001 : Checking separation double page angle 90.23635161124103
1621244100634532301 : Checking separation double page y=0 2437
1621244102559068639 : Checking page rotation 1 0.2
1621244104224248917 : Checking page rotation 2 0.2
1621244110009272121 : Checking image 1 crop x1 294
1621244110009392121 : Checking image 1 crop y1 136
1621244110009429121 : Checking image 1 crop x2 2325
1621244110009467422 : Checking image 1 crop y2 3376
1621244117831410181 : Checking image 2 crop x1 138
1621244117831547682 : Checking image 2 crop y1 190
1621244117831588482 : Checking image 2 crop x2 2174
1621244117831625382 : Checking image 2 crop y2 3389
1621244117831827183 : Checking image 1 dpi 300
1621244117831898983 : Checking image 1 border top 131
1621244117831934683 : Checking image 1 border bottom 116
1621244117831966983 : Checking image 1 border left 214
1621244117832000584 : Checking image 1 border right 214
1621244117834915298 : Checking image 2 dpi 300
1621244117834981098 : Checking image 2 border top 181
1621244117835015098 : Checking image 2 border bottom 107
1621244117835046298 : Checking image 2 border left 212
1621244117835095898 : Checking image 2 border right 212

</system-out><system-err>--------------------------------- Captured Err ---------------------------------

</system-err></testcase><testcase classname="tests.test_images" name="test_wrong_wave_split_line_png" time="34.417"><system-out>--------------------------------- Captured Log ---------------------------------

--------------------------------- Captured Out ---------------------------------
/home/runner/work/diptych/diptych/tests/wrong_wave_split_line.png
1621244120889530812 : Checking separation double page angle 90.42461655762611
1621244120889696313 : Checking separation double page y=0 2502
1621244122310126862 : Checking page rotation 1 -0.09999999999999377
1621244123680709567 : Checking page rotation 2 0.85
1621244129693375625 : Checking image 1 crop x1 384
1621244129693527830 : Checking image 1 crop y1 178
1621244129693565831 : Checking image 1 crop x2 2412
1621244129693599332 : Checking image 1 crop y2 3374
1621244136340180510 : Checking image 2 crop x1 7
1621244136340328112 : Checking image 2 crop y1 0
1621244136340370112 : Checking image 2 crop x2 2411
1621244136340411113 : Checking image 2 crop y2 3505
1621244136340592015 : Checking image 1 dpi 300
1621244136340672616 : Checking image 1 border top 173
1621244136340709916 : Checking image 1 border bottom 118
1621244136340743916 : Checking image 1 border left 216
1621244136340777417 : Checking image 1 border right 216
1621244136343552447 : Checking image 2 dpi 300
1621244136343620547 : Checking image 2 border top 1
1621244136343656448 : Checking image 2 border bottom 1
1621244136343689748 : Checking image 2 border left 38
1621244136343723149 : Checking image 2 border right 38

</system-out><system-err>--------------------------------- Captured Err ---------------------------------

</system-err></testcase><testcase classname="tests.test_images" name="test_small_wave_png" time="23.275"><system-out>--------------------------------- Captured Log ---------------------------------

--------------------------------- Captured Out ---------------------------------
/home/runner/work/diptych/diptych/tests/small_wave.png
1621244133537529662 : Checking separation double page angle 90.56494929955075
1621244133537695063 : Checking separation double page y=0 2495
1621244135559030579 : Checking page rotation 1 0.7
1621244137031789575 : Checking page rotation 2 0.65
1621244138658138828 : Checking image 1 crop x1 322
1621244138658273829 : Checking image 1 crop y1 199
1621244138658342130 : Checking image 1 crop x2 2351
1621244138658382130 : Checking image 1 crop y2 3394
1621244141107823080 : Checking image 2 crop x1 130
1621244141107934881 : Checking image 2 crop y1 222
1621244141107973281 : Checking image 2 crop x2 2163
1621244141108010182 : Checking image 2 crop y2 3420
1621244141108221584 : Checking image 1 dpi 300
1621244141108298285 : Checking image 1 border top 181
1621244141108336985 : Checking image 1 border bottom 111
1621244141108371585 : Checking image 1 border left 215
1621244141108407086 : Checking image 1 border right 215
1621244141110888511 : Checking image 2 dpi 300
1621244141110948912 : Checking image 2 border top 197
1621244141110983112 : Checking image 2 border bottom 92
1621244141111015313 : Checking image 2 border left 213
1621244141111047113 : Checking image 2 border right 213

</system-out><system-err>--------------------------------- Captured Err ---------------------------------

</system-err></testcase><testcase classname="tests.test_images" name="test_no_split_line_line_algo_png" time="23.218"><system-out>--------------------------------- Captured Log ---------------------------------

--------------------------------- Captured Out ---------------------------------
/home/runner/work/diptych/diptych/tests/no_split_line_line_algo.png
1621244150325420893 : Checking separation double page angle 89.47691469185418
1621244150325520594 : Checking separation double page y=0 2476
1621244151277539225 : Checking page rotation 1 -0.14999999999999067
1621244152746760104 : Checking page rotation 2 -0.14999999999999067
1621244154789724048 : Checking image 1 crop x1 205
1621244154789840548 : Checking image 1 crop y1 158
1621244154789876849 : Checking image 1 crop x2 2320
1621244154789910749 : Checking image 1 crop y2 3366
1621244159577838937 : Checking image 2 crop x1 185
1621244159577954138 : Checking image 2 crop y1 225
1621244159578070839 : Checking image 2 crop x2 2204
1621244159578121939 : Checking image 2 crop y2 3362
1621244159578303541 : Checking image 1 dpi 300
1621244159578417442 : Checking image 1 border top 144
1621244159578449442 : Checking image 1 border bottom 134
1621244159578478742 : Checking image 1 border left 172
1621244159578532642 : Checking image 1 border right 172
1621244159581422464 : Checking image 2 dpi 300
1621244159581475464 : Checking image 2 border top 223
1621244159581505664 : Checking image 2 border bottom 127
1621244159581533865 : Checking image 2 border left 220
1621244159581580465 : Checking image 2 border right 220

</system-out><system-err>--------------------------------- Captured Err ---------------------------------

</system-err></testcase><testcase classname="tests.test_images" name="test_wrong_split_line_3_png" time="25.386"><system-out>--------------------------------- Captured Log ---------------------------------

--------------------------------- Captured Out ---------------------------------
/home/runner/work/diptych/diptych/tests/wrong_split_line_3.png
1621244155574437344 : Checking separation double page angle 90.40515247895009
1621244155574552244 : Checking separation double page y=0 2495
1621244157049614385 : Checking page rotation 1 0.2
1621244158260478066 : Checking page rotation 2 0.85
1621244160522456144 : Checking image 1 crop x1 331
1621244160522566444 : Checking image 1 crop y1 166
1621244160522600845 : Checking image 1 crop x2 2377
1621244160522635045 : Checking image 1 crop y2 3375
1621244166518542826 : Checking image 2 crop x1 103
1621244166518639827 : Checking image 2 crop y1 207
1621244166518689827 : Checking image 2 crop x2 2136
1621244166518721927 : Checking image 2 crop y2 3414
1621244166518933029 : Checking image 1 dpi 300
1621244166519011529 : Checking image 1 border top 158
1621244166519079830 : Checking image 1 border bottom 120
1621244166519110130 : Checking image 1 border left 207
1621244166519139330 : Checking image 1 border right 207
1621244166521719249 : Checking image 2 dpi 300
1621244166521774250 : Checking image 2 border top 199
1621244166521821950 : Checking image 2 border bottom 81
1621244166521851750 : Checking image 2 border left 213
1621244166521898950 : Checking image 2 border right 213

</system-out><system-err>--------------------------------- Captured Err ---------------------------------

</system-err></testcase><testcase classname="tests.test_images" name="test_failed_split_line_line_algo_png" time="17.501"><system-out>--------------------------------- Captured Log ---------------------------------

--------------------------------- Captured Out ---------------------------------
/home/runner/work/diptych/diptych/tests/failed_split_line_line_algo.png
1621244171351615110 : Checking separation double page angle 90.0093502548779
1621244171351742311 : Checking separation double page y=0 2574
1621244172066897862 : Checking page rotation 1 0.0
1621244172647124360 : Checking page rotation 2 0.0
1621244175348018935 : Checking image 1 crop x1 411
1621244175348140736 : Checking image 1 crop y1 2927
1621244175348179736 : Checking image 1 crop x2 2422
1621244175348216536 : Checking image 1 crop y2 3172
1621244177112503896 : Checking image 2 crop x1 1191
1621244177112600197 : Checking image 2 crop y1 1745
1621244177112645397 : Checking image 2 crop x2 1192
1621244177112676697 : Checking image 2 crop y2 1746
1621244177112850299 : Checking image 1 dpi 300
1621244177112939899 : Checking image 1 border top 2920
1621244177112978300 : Checking image 1 border bottom 322
1621244177113013400 : Checking image 1 border left 224
1621244177113084100 : Checking image 1 border right 224
1621244177115057314 : Checking image 2 dpi 300
1621244177115113515 : Checking image 2 border top 1752
1621244177115147215 : Checking image 2 border bottom 1753
1621244177115178315 : Checking image 2 border left 1239
1621244177115209015 : Checking image 2 border right 1239

</system-out><system-err>--------------------------------- Captured Err ---------------------------------

</system-err></testcase><testcase classname="tests.test_images" name="test_crop_too_much_3_png" time="21.737"><system-out>--------------------------------- Captured Log ---------------------------------

--------------------------------- Captured Out ---------------------------------
/home/runner/work/diptych/diptych/tests/crop_too_much_3.png
1621244179347984999 : Checking separation double page angle 89.5934556679346
1621244179348093300 : Checking separation double page y=0 2499
1621244180638015208 : Checking page rotation 1 -0.8999999999999949
1621244182379437845 : Checking page rotation 2 -0.04999999999999689
1621244185620400495 : Checking image 1 crop x1 374
1621244185620513996 : Checking image 1 crop y1 258
1621244185620551696 : Checking image 1 crop x2 2385
1621244185620585396 : Checking image 1 crop y2 3459
1621244188254630027 : Checking image 2 crop x1 164
1621244188254754327 : Checking image 2 crop y1 229
1621244188254791128 : Checking image 2 crop x2 2183
1621244188254826528 : Checking image 2 crop y2 3416
1621244188254979329 : Checking image 1 dpi 300
1621244188255048730 : Checking image 1 border top 239
1621244188255125230 : Checking image 1 border bottom 46
1621244188255158831 : Checking image 1 border left 224
1621244188255208931 : Checking image 1 border right 224
1621244188257681049 : Checking image 2 dpi 300
1621244188257750850 : Checking image 2 border top 210
1621244188257788350 : Checking image 2 border bottom 90
1621244188257823150 : Checking image 2 border left 220
1621244188257875951 : Checking image 2 border right 220

</system-out><system-err>--------------------------------- Captured Err ---------------------------------

</system-err></testcase><testcase classname="tests.test_images" name="test_failed_split_line_line_algo_2_png" time="23.810"><system-out>--------------------------------- Captured Log ---------------------------------

--------------------------------- Captured Out ---------------------------------
/home/runner/work/diptych/diptych/tests/failed_split_line_line_algo_2.png
1621244192789629798 : Checking separation double page angle 90.03732329462368
1621244192789750099 : Checking separation double page y=0 2499
1621244194190462561 : Checking page rotation 1 -0.09999999999999377
1621244195468595412 : Checking page rotation 2 0.5499999999999999
1621244198311480796 : Checking image 1 crop x1 273
1621244198311600297 : Checking image 1 crop y1 147
1621244198311636297 : Checking image 1 crop x2 2386
1621244198311670197 : Checking image 1 crop y2 3352
1621244200885957483 : Checking image 2 crop x1 122
1621244200886070184 : Checking image 2 crop y1 155
1621244200886106484 : Checking image 2 crop x2 2246
1621244200886141584 : Checking image 2 crop y2 3350
1621244200886323186 : Checking image 1 dpi 300
1621244200886406286 : Checking image 1 border top 137
1621244200886440086 : Checking image 1 border bottom 145
1621244200886470687 : Checking image 1 border left 173
1621244200886500587 : Checking image 1 border right 173
1621244200889114805 : Checking image 2 dpi 300
1621244200889170906 : Checking image 2 border top 133
1621244200889203206 : Checking image 2 border bottom 159
1621244200889234006 : Checking image 2 border left 168
1621244200889264606 : Checking image 2 border right 168

</system-out><system-err>--------------------------------- Captured Err ---------------------------------

</system-err></testcase><testcase classname="tests.test_images" name="test_wrong_wave_split_line_2_png" time="26.147"><system-out>--------------------------------- Captured Log ---------------------------------

--------------------------------- Captured Out ---------------------------------
/home/runner/work/diptych/diptych/tests/wrong_wave_split_line_2.png
1621244205938668766 : Checking separation double page angle 90.7708958311329
1621244205938782767 : Checking separation double page y=0 2490
1621244207212837939 : Checking page rotation 1 0.2
1621244208530697640 : Checking page rotation 2 1.65
1621244210318422271 : Checking image 1 crop x1 227
1621244210318535371 : Checking image 1 crop y1 147
1621244210318571472 : Checking image 1 crop x2 2342
1621244210318606272 : Checking image 1 crop y2 3353
1621244214400644127 : Checking image 2 crop x1 106
1621244214400768428 : Checking image 2 crop y1 195
1621244214400810628 : Checking image 2 crop x2 2231
1621244214400849528 : Checking image 2 crop y2 3398
1621244214401043430 : Checking image 1 dpi 300
1621244214401117130 : Checking image 1 border top 136
1621244214401155830 : Checking image 1 border bottom 145
1621244214401190031 : Checking image 1 border left 172
1621244214401225031 : Checking image 1 border right 172
1621244214403985452 : Checking image 2 dpi 300
1621244214404048752 : Checking image 2 border top 166
1621244214404119353 : Checking image 2 border bottom 117
1621244214404151553 : Checking image 2 border left 167
1621244214404183653 : Checking image 2 border right 167

</system-out><system-err>--------------------------------- Captured Err ---------------------------------

</system-err></testcase><testcase classname="tests.test_images" name="test_wrong_wave_split_line_3_png" time="25.563"><system-out>--------------------------------- Captured Log ---------------------------------

--------------------------------- Captured Out ---------------------------------
/home/runner/work/diptych/diptych/tests/wrong_wave_split_line_3.png
1621244219681168170 : Checking separation double page angle 90.12715931778824
1621244219681279571 : Checking separation double page y=0 2514
1621244221199107920 : Checking page rotation 1 0.05
1621244222302625962 : Checking page rotation 2 0.2
1621244224433932106 : Checking image 1 crop x1 273
1621244224434074407 : Checking image 1 crop y1 220
1621244224434125507 : Checking image 1 crop x2 2383
1621244224434159707 : Checking image 1 crop y2 3423
1621244226469693640 : Checking image 2 crop x1 116
1621244226469805041 : Checking image 2 crop y1 225
1621244226469840941 : Checking image 2 crop x2 2242
1621244226469876041 : Checking image 2 crop y2 3415
1621244226470034343 : Checking image 1 dpi 300
1621244226470109143 : Checking image 1 border top 202
1621244226470142044 : Checking image 1 border bottom 82
1621244226470172844 : Checking image 1 border left 175
1621244226470203044 : Checking image 1 border right 175
1621244226473003368 : Checking image 2 dpi 300
1621244226473061868 : Checking image 2 border top 204
1621244226473093169 : Checking image 2 border bottom 93
1621244226473123069 : Checking image 2 border left 167
1621244226473152769 : Checking image 2 border right 167

</system-out><system-err>--------------------------------- Captured Err ---------------------------------

</system-err></testcase><testcase classname="tests.test_images" name="test_no_split_line_wave_algo_png" time="35.650"><system-out>--------------------------------- Captured Log ---------------------------------

--------------------------------- Captured Out ---------------------------------
/home/runner/work/diptych/diptych/tests/no_split_line_wave_algo.png
1621244228727074379 : Checking separation double page angle 89.79018091440821
1621244228727186579 : Checking separation double page y=0 2483
1621244231712743781 : Checking page rotation 1 0.0
1621244233061081192 : Checking page rotation 2 -0.44999999999999746
1621244242934115099 : Checking image 1 crop x1 97
1621244242934223899 : Checking image 1 crop y1 74
1621244242934260500 : Checking image 1 crop x2 2489
1621244242934327100 : Checking image 1 crop y2 3505
1621244250007912716 : Checking image 2 crop x1 164
1621244250008036217 : Checking image 2 crop y1 267
1621244250008078717 : Checking image 2 crop x2 2239
1621244250008115018 : Checking image 2 crop y2 3380
1621244250008292919 : Checking image 1 dpi 300
1621244250008370019 : Checking image 1 border top 38
1621244250008409820 : Checking image 1 border bottom 38
1621244250008444520 : Checking image 1 border left 44
1621244250008479720 : Checking image 1 border right 44
1621244250011580641 : Checking image 2 dpi 300
1621244250011665442 : Checking image 2 border top 257
1621244250011721742 : Checking image 2 border bottom 117
1621244250011756142 : Checking image 2 border left 192
1621244250011789742 : Checking image 2 border right 192

</system-out><system-err>--------------------------------- Captured Err ---------------------------------

</system-err></testcase><testcase classname="tests.test_images" name="test_no_split_line_wave_algo_2_png" time="21.629"><system-out>--------------------------------- Captured Log ---------------------------------

--------------------------------- Captured Out ---------------------------------
/home/runner/work/diptych/diptych/tests/no_split_line_wave_algo_2.png
1621244241095158829 : Checking separation double page angle 90.43362571535843
1621244241095268430 : Checking separation double page y=0 2473
1621244242286419914 : Checking page rotation 1 1.05
1621244243556743490 : Checking page rotation 2 0.15000000000000002
1621244245936575921 : Checking image 1 crop x1 267
1621244245936692221 : Checking image 1 crop y1 210
1621244245936728122 : Checking image 1 crop x2 2343
1621244245936761322 : Checking image 1 crop y2 3412
1621244248096978264 : Checking image 2 crop x1 165
1621244248097093165 : Checking image 2 crop y1 241
1621244248097127865 : Checking image 2 crop x2 2250
1621244248097160365 : Checking image 2 crop y2 3433
1621244248097323266 : Checking image 1 dpi 300
1621244248097397367 : Checking image 1 border top 192
1621244248097428867 : Checking image 1 border bottom 93
1621244248097458067 : Checking image 1 border left 192
1621244248097486767 : Checking image 1 border right 192
1621244248101054991 : Checking image 2 dpi 300
1621244248101232793 : Checking image 2 border top 224
1621244248101274493 : Checking image 2 border bottom 71
1621244248101307693 : Checking image 2 border left 187
1621244248101339793 : Checking image 2 border right 187

</system-out><system-err>--------------------------------- Captured Err ---------------------------------

</system-err></testcase><testcase classname="tests.test_images" name="test_failed_detect_rectangle_png" time="21.307"><system-out>--------------------------------- Captured Log ---------------------------------

--------------------------------- Captured Out ---------------------------------
/home/runner/work/diptych/diptych/tests/failed_detect_rectangle.png
1621244263378655397 : Checking separation double page angle 90.242273842964
1621244263378781098 : Checking separation double page y=0 2475
1621244264803612321 : Checking page rotation 1 0.2
1621244266476663648 : Checking page rotation 2 0.2
1621244267890347677 : Checking image 1 crop x1 257
1621244267890505979 : Checking image 1 crop y1 201
1621244267890542879 : Checking image 1 crop x2 2333
1621244267890576179 : Checking image 1 crop y2 3402
1621244269400197199 : Checking image 2 crop x1 137
1621244269400311000 : Checking image 2 crop y1 215
1621244269400349200 : Checking image 2 crop x2 2220
1621244269400383100 : Checking image 2 crop y2 3406
1621244269400539601 : Checking image 1 dpi 300
1621244269400615902 : Checking image 1 border top 188
1621244269400649402 : Checking image 1 border bottom 98
1621244269400680102 : Checking image 1 border left 192
1621244269400710303 : Checking image 1 border right 192
1621244269403601224 : Checking image 2 dpi 300
1621244269403663725 : Checking image 2 border top 201
1621244269403696725 : Checking image 2 border bottom 95
1621244269403728025 : Checking image 2 border left 188
1621244269403758326 : Checking image 2 border right 188

</system-out><system-err>--------------------------------- Captured Err ---------------------------------

</system-err></testcase><testcase classname="tests.test_images" name="test_crop_too_few_2_png" time="22.187"><system-out>--------------------------------- Captured Log ---------------------------------

--------------------------------- Captured Out ---------------------------------
/home/runner/work/diptych/diptych/tests/crop_too_few_2.png
1621244264067340763 : Checking separation double page angle 90.35461351371423
1621244264067444664 : Checking separation double page y=0 2533
1621244265240890218 : Checking page rotation 1 1.0999999999999999
1621244266456350895 : Checking page rotation 2 0.0
1621244269418577437 : Checking image 1 crop x1 289
1621244269418688537 : Checking image 1 crop y1 165
1621244269418722638 : Checking image 1 crop x2 2400
1621244269418754538 : Checking image 1 crop y2 3367
1621244272265141481 : Checking image 2 crop x1 152
1621244272265250282 : Checking image 2 crop y1 190
1621244272265286082 : Checking image 2 crop x2 2273
1621244272265318382 : Checking image 2 crop y2 3385
1621244272265499184 : Checking image 1 dpi 300
1621244272265572484 : Checking image 1 border top 157
1621244272265623185 : Checking image 1 border bottom 128
1621244272265653785 : Checking image 1 border left 174
1621244272265686085 : Checking image 1 border right 174
1621244272268429006 : Checking image 2 dpi 300
1621244272268499806 : Checking image 2 border top 175
1621244272268535207 : Checking image 2 border bottom 116
1621244272268567707 : Checking image 2 border left 169
1621244272268599607 : Checking image 2 border right 169

</system-out><system-err>--------------------------------- Captured Err ---------------------------------

</system-err></testcase><testcase classname="tests.test_images" name="test_single_page_png" time="6.834"><system-out>--------------------------------- Captured Log ---------------------------------

--------------------------------- Captured Out ---------------------------------
/home/runner/work/diptych/diptych/tests/single_page.png
1621244273116641766 : Checking separation double page angle 89.93006318861008
1621244273116764267 : Checking separation double page y=0 2472
1621244274046755340 : Checking page rotation 1 0.0
1621244274190746720 : Checking page rotation 2 0.0
1621244275776324097 : Checking image 1 crop x1 1
1621244275776439098 : Checking image 1 crop y1 8
1621244275776470498 : Checking image 1 crop x2 2470
1621244275776500799 : Checking image 1 crop y2 3505
1621244275910262239 : Checking image 2 crop x1 0
1621244275910352939 : Checking image 2 crop y1 0
1621244275910382639 : Checking image 2 crop x2 0
1621244275910409740 : Checking image 2 crop y2 0
1621244275910471540 : Checking image 1 dpi 300
1621244275910538340 : Checking image 1 border top 5
1621244275910595641 : Checking image 1 border bottom 5
1621244275910626341 : Checking image 1 border left 6
1621244275910675941 : Checking image 1 border right 6
1621244275917487389 : Checking image 2 border top 0
1621244275917565390 : Checking image 2 border bottom 0
1621244275917596690 : Checking image 2 border left 0
1621244275917626990 : Checking image 2 border right 0

</system-out><system-err>--------------------------------- Captured Err ---------------------------------

</system-err></testcase><testcase classname="tests.test_images" name="test_no_split_line_wave_algo_3_png" time="11.719"><system-out>--------------------------------- Captured Log ---------------------------------

--------------------------------- Captured Out ---------------------------------
/home/runner/work/diptych/diptych/tests/no_split_line_wave_algo_3.png
1621244280294276345 : Checking separation double page angle 90.18184445198425
1621244280294402446 : Checking separation double page y=0 2405
1621244281212517798 : Checking page rotation 1 0.0
1621244281377479857 : Checking page rotation 2 0.0
1621244283493314915 : Checking image 1 crop x1 184
1621244283493410616 : Checking image 1 crop y1 2957
1621244283493445616 : Checking image 1 crop x2 2201
1621244283493474916 : Checking image 1 crop y2 3202
1621244283970535578 : Checking image 2 crop x1 0
1621244283970660179 : Checking image 2 crop y1 0
1621244283970689179 : Checking image 2 crop x2 0
1621244283970716280 : Checking image 2 crop y2 0
1621244283970781780 : Checking image 1 dpi 300
1621244283970926881 : Checking image 1 border top 2950
1621244283970969481 : Checking image 1 border bottom 292
1621244283971005682 : Checking image 1 border left 221
1621244283971040482 : Checking image 1 border right 221
1621244283977812634 : Checking image 2 border top 0
1621244283977864734 : Checking image 2 border bottom 0
1621244283977895435 : Checking image 2 border left 0
1621244283977925335 : Checking image 2 border right 0

</system-out><system-err>--------------------------------- Captured Err ---------------------------------

</system-err></testcase><testcase classname="tests.test_images" name="test_wrong_split_line_4_png" time="13.088"><system-out>--------------------------------- Captured Log ---------------------------------

--------------------------------- Captured Out ---------------------------------
/home/runner/work/diptych/diptych/tests/wrong_split_line_4.png
1621244285142874477 : Checking separation double page angle 90.92587744884125
1621244285142971077 : Checking separation double page y=0 58
1621244285239650019 : Checking page rotation 1 0.5499999999999999
1621244286392226066 : Checking page rotation 2 1.0999999999999999
1621244287147379862 : Checking image 1 crop x1 0
1621244287147477063 : Checking image 1 crop y1 0
1621244287147511663 : Checking image 1 crop x2 0
1621244287147555364 : Checking image 1 crop y2 0
1621244289388135162 : Checking image 2 crop x1 290
1621244289388255163 : Checking image 2 crop y1 330
1621244289388291163 : Checking image 2 crop x2 2314
1621244289388324863 : Checking image 2 crop y2 3217
1621244289388483064 : Checking image 1 border top 0
1621244289388523165 : Checking image 1 border bottom 0
1621244289388556665 : Checking image 1 border left 0
1621244289388588265 : Checking image 1 border right 0
1621244289388640766 : Checking image 2 dpi 300
1621244289388712866 : Checking image 2 border top 322
1621244289388748166 : Checking image 2 border bottom 278
1621244289388779367 : Checking image 2 border left 218
1621244289388826267 : Checking image 2 border right 218

</system-out><system-err>--------------------------------- Captured Err ---------------------------------

</system-err></testcase><testcase classname="tests.test_images" name="test_failed_split_line_line_algo_3_png" time="13.456"><system-out>--------------------------------- Captured Log ---------------------------------

--------------------------------- Captured Out ---------------------------------
/home/runner/work/diptych/diptych/tests/failed_split_line_line_algo_3.png
1621244292077507021 : Checking separation double page angle 90.02403976140027
1621244292077633022 : Checking separation double page y=0 39
1621244292149244854 : Checking page rotation 1 0.0
1621244292897841712 : Checking page rotation 2 0.0
1621244293223263928 : Checking image 1 crop x1 0
1621244293223342829 : Checking image 1 crop y1 0
1621244293223392429 : Checking image 1 crop x2 0
1621244293223422829 : Checking image 1 crop y2 0
1621244297504413614 : Checking image 2 crop x1 249
1621244297504505515 : Checking image 2 crop y1 154
1621244297504536815 : Checking image 2 crop x2 2264
1621244297504582816 : Checking image 2 crop y2 3361
1621244297504776817 : Checking image 1 border top 0
1621244297504812717 : Checking image 1 border bottom 0
1621244297504839217 : Checking image 1 border left 0
1621244297504866918 : Checking image 1 border right 0
1621244297504931118 : Checking image 2 dpi 300
1621244297505045819 : Checking image 2 border top 146
1621244297505077419 : Checking image 2 border bottom 134
1621244297505152920 : Checking image 2 border left 222
1621244297505182820 : Checking image 2 border right 222

</system-out><system-err>--------------------------------- Captured Err ---------------------------------

</system-err></testcase></testsuite></testsuites>