<?xml version="1.0" encoding="utf-8"?><testsuites><testsuite errors="0" failures="0" hostname="fv-az18-207" name="pytest" skipped="0" tests="31" time="894.022" timestamp="2020-12-03T08:10:33.333643"><testcase classname="tests.test_features" name="test_mock_stop_at_0" time="0.060"><system-out>--------------------------------- Captured Log ---------------------------------

--------------------------------- Captured Out ---------------------------------
/home/runner/work/ocr-book/ocr-book/tests/0001_0.png

</system-out><system-err>--------------------------------- Captured Err ---------------------------------

</system-err></testcase><testcase classname="tests.test_features" name="test_disabled_enable_debug" time="39.959"><system-out>--------------------------------- Captured Log ---------------------------------

--------------------------------- Captured Out ---------------------------------
/home/runner/work/ocr-book/ocr-book/tests/0001_debug.png
separation double page angle 90.57780420099763
separation double page y=0 2487
page rotation 1 0.75
page rotation 2 0.2
image 1 crop x1 330
image 1 crop y1 336
image 1 crop x2 2343
image 1 crop y2 3223
image 2 crop x1 169
image 2 crop y1 648
image 2 crop x2 2186
image 2 crop y2 3361
image 1 dpi 300
image 1 border top 340
image 1 border bottom 260
image 1 border left 223
image 1 border right 223
image 2 dpi 300
image 2 border top 646
image 2 border bottom 128
image 2 border left 221
image 2 border right 221

</system-out><system-err>--------------------------------- Captured Err ---------------------------------

</system-err></testcase><testcase classname="tests.test_features" name="test_mock_stop_at_2" time="47.058"><system-out>--------------------------------- Captured Log ---------------------------------

--------------------------------- Captured Out ---------------------------------
/home/runner/work/ocr-book/ocr-book/tests/0001_2.png
separation double page angle 90.57780420099763
separation double page y=0 2487
page rotation 1 0.75
page rotation 2 0.2

</system-out><system-err>--------------------------------- Captured Err ---------------------------------

</system-err></testcase><testcase classname="tests.test_features" name="test_mock_stop_at_1" time="32.036"><system-out>--------------------------------- Captured Log ---------------------------------

--------------------------------- Captured Out ---------------------------------
/home/runner/work/ocr-book/ocr-book/tests/0001_1.png
separation double page angle 90.57780420099763
separation double page y=0 2487

</system-out><system-err>--------------------------------- Captured Err ---------------------------------

</system-err></testcase><testcase classname="tests.test_features" name="test_mock_stop_at_4" time="52.509"><system-out>--------------------------------- Captured Log ---------------------------------

--------------------------------- Captured Out ---------------------------------
/home/runner/work/ocr-book/ocr-book/tests/0001_4.png
separation double page angle 90.57780420099763
separation double page y=0 2487
page rotation 1 0.75
page rotation 2 0.2
image 1 crop x1 330
image 1 crop y1 336
image 1 crop x2 2343
image 1 crop y2 3223
image 2 crop x1 169
image 2 crop y1 648
image 2 crop x2 2186
image 2 crop y2 3361
image 1 dpi 300
image 1 border top 340
image 1 border bottom 260
image 1 border left 223
image 1 border right 223
image 2 dpi 300
image 2 border top 646
image 2 border bottom 128
image 2 border left 221
image 2 border right 221

</system-out><system-err>--------------------------------- Captured Err ---------------------------------

</system-err></testcase><testcase classname="tests.test_features" name="test_mock_stop_at_3" time="53.338"><system-out>--------------------------------- Captured Log ---------------------------------

--------------------------------- Captured Out ---------------------------------
/home/runner/work/ocr-book/ocr-book/tests/0001_3.png
separation double page angle 90.57780420099763
separation double page y=0 2487
page rotation 1 0.75
page rotation 2 0.2
image 1 crop x1 330
image 1 crop y1 336
image 1 crop x2 2343
image 1 crop y2 3223
image 2 crop x1 169
image 2 crop y1 648
image 2 crop x2 2186
image 2 crop y2 3361

</system-out><system-err>--------------------------------- Captured Err ---------------------------------

</system-err></testcase><testcase classname="tests.test_images" name="test_0001_png" time="53.085"><system-out>--------------------------------- Captured Log ---------------------------------

--------------------------------- Captured Out ---------------------------------
/home/runner/work/ocr-book/ocr-book/tests/0001.png
1606983165918338053 : Checking separation double page angle 90.57780420099763
1606983165918442957 : Checking separation double page y=0 2487
1606983172708271762 : Checking page rotation 1 0.75
1606983180600673710 : Checking page rotation 2 0.2
1606983183836319114 : Checking image 1 crop x1 330
1606983183836474920 : Checking image 1 crop y1 336
1606983183836523221 : Checking image 1 crop x2 2343
1606983183836566323 : Checking image 1 crop y2 3223
1606983187026996742 : Checking image 2 crop x1 169
1606983187027126946 : Checking image 2 crop y1 648
1606983187027174648 : Checking image 2 crop x2 2186
1606983187027217849 : Checking image 2 crop y2 3361
1606983187063150570 : Checking image 1 dpi 300
1606983187063263474 : Checking image 1 border top 340
1606983187063301375 : Checking image 1 border bottom 260
1606983187063336276 : Checking image 1 border left 223
1606983187063371477 : Checking image 1 border right 223
1606983187065428847 : Checking image 2 dpi 300
1606983187065508950 : Checking image 2 border top 646
1606983187065544451 : Checking image 2 border bottom 128
1606983187065577952 : Checking image 2 border left 221
1606983187065610953 : Checking image 2 border right 221

</system-out><system-err>--------------------------------- Captured Err ---------------------------------

</system-err></testcase><testcase classname="tests.test_features" name="test_mock_stop_at_5" time="52.408"><system-out>--------------------------------- Captured Log ---------------------------------

--------------------------------- Captured Out ---------------------------------
/home/runner/work/ocr-book/ocr-book/tests/0001_5.png
separation double page angle 90.57780420099763
separation double page y=0 2487
page rotation 1 0.75
page rotation 2 0.2
image 1 crop x1 330
image 1 crop y1 336
image 1 crop x2 2343
image 1 crop y2 3223
image 2 crop x1 169
image 2 crop y1 648
image 2 crop x2 2186
image 2 crop y2 3361
image 1 dpi 300
image 1 border top 340
image 1 border bottom 260
image 1 border left 223
image 1 border right 223
image 2 dpi 300
image 2 border top 646
image 2 border bottom 128
image 2 border left 221
image 2 border right 221

</system-out><system-err>--------------------------------- Captured Err ---------------------------------

</system-err></testcase><testcase classname="tests.test_images" name="test_2_pages_2_contours_png" time="36.207"><system-out>--------------------------------- Captured Log ---------------------------------

--------------------------------- Captured Out ---------------------------------
/home/runner/work/ocr-book/ocr-book/tests/2-pages-2-contours.png
1606983209802840603 : Checking separation double page angle 89.91958537671144
1606983209802935206 : Checking separation double page y=0 2492
1606983212164143077 : Checking page rotation 1 0.05
1606983218090869559 : Checking page rotation 2 0.35000000000000003
1606983219185702681 : Checking image 1 crop x1 1191
1606983219185812684 : Checking image 1 crop y1 1733
1606983219185850286 : Checking image 1 crop x2 1192
1606983219185882687 : Checking image 1 crop y2 1734
1606983223251172890 : Checking image 2 crop x1 89
1606983223251304693 : Checking image 2 crop y1 240
1606983223251349795 : Checking image 2 crop x2 2136
1606983223251392896 : Checking image 2 crop y2 3239
1606983223286768619 : Checking image 1 dpi 300
1606983223286884622 : Checking image 1 border top 1752
1606983223286922323 : Checking image 1 border bottom 1753
1606983223286956124 : Checking image 1 border left 1239
1606983223286990025 : Checking image 1 border right 1239
1606983223288231961 : Checking image 2 dpi 300
1606983223288315563 : Checking image 2 border top 231
1606983223288351464 : Checking image 2 border bottom 257
1606983223288385065 : Checking image 2 border left 206
1606983223288447567 : Checking image 2 border right 206

</system-out><system-err>--------------------------------- Captured Err ---------------------------------

</system-err></testcase><testcase classname="tests.test_images" name="test_image_failed_to_crop_data_png" time="59.511"><system-out>--------------------------------- Captured Log ---------------------------------

--------------------------------- Captured Out ---------------------------------
/home/runner/work/ocr-book/ocr-book/tests/image_failed_to_crop_data.png
1606983243665442336 : Checking separation double page angle 89.91538216173362
1606983243665551239 : Checking separation double page y=0 2477
1606983249433180922 : Checking page rotation 1 0.2
1606983255269677306 : Checking page rotation 2 0.0
1606983266538774929 : Checking image 1 crop x1 58
1606983266538907933 : Checking image 1 crop y1 8
1606983266538950634 : Checking image 1 crop x2 2480
1606983266538989635 : Checking image 1 crop y2 3504
1606983271505921053 : Checking image 2 crop x1 159
1606983271506054256 : Checking image 2 crop y1 217
1606983271506099257 : Checking image 2 crop x2 2241
1606983271506142358 : Checking image 2 crop y2 3350
1606983271540599233 : Checking image 1 dpi 300
1606983271540727036 : Checking image 1 border top 6
1606983271540768137 : Checking image 1 border bottom 6
1606983271540803338 : Checking image 1 border left 29
1606983271540837639 : Checking image 1 border right 29
1606983271542846390 : Checking image 2 dpi 300
1606983271542932492 : Checking image 2 border top 225
1606983271542968993 : Checking image 2 border bottom 129
1606983271543003694 : Checking image 2 border left 189
1606983271543038095 : Checking image 2 border right 189

</system-out><system-err>--------------------------------- Captured Err ---------------------------------

</system-err></testcase><testcase classname="tests.test_images" name="test_black_border_not_removed_png" time="61.619"><system-out>--------------------------------- Captured Log ---------------------------------

--------------------------------- Captured Out ---------------------------------
/home/runner/work/ocr-book/ocr-book/tests/black-border-not-removed.png
1606983258331802131 : Checking separation double page angle 90.02895758682553
1606983258331901534 : Checking separation double page y=0 2456
1606983265522942055 : Checking page rotation 1 0.0
1606983275676769522 : Checking page rotation 2 0.0
1606983279128170994 : Checking image 1 crop x1 297
1606983279128258196 : Checking image 1 crop y1 143
1606983279128300697 : Checking image 1 crop x2 2309
1606983279128340598 : Checking image 1 crop y2 3346
1606983284862931568 : Checking image 2 crop x1 157
1606983284863061971 : Checking image 2 crop y1 145
1606983284863107072 : Checking image 2 crop x2 2169
1606983284863149574 : Checking image 2 crop y2 3352
1606983284901188617 : Checking image 1 dpi 300
1606983284901303920 : Checking image 1 border top 130
1606983284901342321 : Checking image 1 border bottom 154
1606983284901377022 : Checking image 1 border left 224
1606983284901410923 : Checking image 1 border right 224
1606983284903720680 : Checking image 2 dpi 300
1606983284903812682 : Checking image 2 border top 139
1606983284903848483 : Checking image 2 border bottom 141
1606983284903882484 : Checking image 2 border left 224
1606983284903915685 : Checking image 2 border right 224

</system-out><system-err>--------------------------------- Captured Err ---------------------------------

</system-err></testcase><testcase classname="tests.test_images" name="test_wrong_angle_split_line_png" time="69.340"><system-out>--------------------------------- Captured Log ---------------------------------

--------------------------------- Captured Out ---------------------------------
/home/runner/work/ocr-book/ocr-book/tests/wrong_angle_split_line.png
1606983306162106320 : Checking separation double page angle 90.04193420006348
1606983306162198922 : Checking separation double page y=0 2477
1606983313989443244 : Checking page rotation 1 0.2
1606983322205975053 : Checking page rotation 2 0.05
1606983334451976479 : Checking image 1 crop x1 61
1606983334452109090 : Checking image 1 crop y1 7
1606983334452151994 : Checking image 1 crop x2 2475
1606983334452190797 : Checking image 1 crop y2 3500
1606983339976959656 : Checking image 2 crop x1 163
1606983339977090166 : Checking image 2 crop y1 218
1606983339977135170 : Checking image 2 crop x2 2243
1606983339977177673 : Checking image 2 crop y2 3350
1606983340154786332 : Checking image 1 dpi 300
1606983340154914242 : Checking image 1 border top 7
1606983340154952845 : Checking image 1 border bottom 7
1606983340154987248 : Checking image 1 border left 33
1606983340155022051 : Checking image 1 border right 33
1606983340161745279 : Checking image 2 dpi 300
1606983340161852187 : Checking image 2 border top 219
1606983340161888190 : Checking image 2 border bottom 136
1606983340161922093 : Checking image 2 border left 190
1606983340161956396 : Checking image 2 border right 190

</system-out><system-err>--------------------------------- Captured Err ---------------------------------

</system-err></testcase><testcase classname="tests.test_images" name="test_image_failed_to_rotate_png" time="60.490"><system-out>--------------------------------- Captured Log ---------------------------------

--------------------------------- Captured Out ---------------------------------
/home/runner/work/ocr-book/ocr-book/tests/image_failed_to_rotate.png
1606983315417757106 : Checking separation double page angle 90.19634423290287
1606983315417855609 : Checking separation double page y=0 2482
1606983320742627271 : Checking page rotation 1 0.35000000000000003
1606983328545230100 : Checking page rotation 2 0.45
1606983339923325423 : Checking image 1 crop x1 34
1606983339923448733 : Checking image 1 crop y1 1
1606983339923491136 : Checking image 1 crop x2 2480
1606983339923528839 : Checking image 1 crop y2 3500
1606983345213358503 : Checking image 2 crop x1 169
1606983345213492513 : Checking image 2 crop y1 234
1606983345213538117 : Checking image 2 crop x2 2248
1606983345213580520 : Checking image 2 crop y2 3355
1606983345258269545 : Checking image 1 dpi 300
1606983345258394055 : Checking image 1 border top 4
1606983345258434658 : Checking image 1 border bottom 4
1606983345258468861 : Checking image 1 border left 17
1606983345258502763 : Checking image 1 border right 17
1606983345261279576 : Checking image 2 dpi 300
1606983345261386084 : Checking image 2 border top 220
1606983345261422387 : Checking image 2 border bottom 146
1606983345261455989 : Checking image 2 border left 190
1606983345261489292 : Checking image 2 border right 190

</system-out><system-err>--------------------------------- Captured Err ---------------------------------

</system-err></testcase><testcase classname="tests.test_images" name="test_angle_page_lower_split_line_png" time="57.383"><system-out>--------------------------------- Captured Log ---------------------------------

--------------------------------- Captured Out ---------------------------------
/home/runner/work/ocr-book/ocr-book/tests/angle_page_lower_split_line.png
1606983378325349881 : Checking separation double page angle 89.75201324945476
1606983378325442787 : Checking separation double page y=0 2473
1606983386402413286 : Checking page rotation 1 -0.44999999999998863
1606983392770952295 : Checking page rotation 2 0.2
1606983395597945433 : Checking image 1 crop x1 245
1606983395598080241 : Checking image 1 crop y1 161
1606983395598125344 : Checking image 1 crop x2 2351
1606983395598168546 : Checking image 1 crop y2 3364
1606983398298913945 : Checking image 2 crop x1 151
1606983398299042953 : Checking image 2 crop y1 147
1606983398299087956 : Checking image 2 crop x2 2258
1606983398299131258 : Checking image 2 crop y2 3350
1606983398338340133 : Checking image 1 dpi 300
1606983398338464940 : Checking image 1 border top 132
1606983398338503643 : Checking image 1 border bottom 152
1606983398338538445 : Checking image 1 border left 177
1606983398338573447 : Checking image 1 border right 177
1606983398340567568 : Checking image 2 dpi 300
1606983398340660073 : Checking image 2 border top 116
1606983398340696375 : Checking image 2 border bottom 168
1606983398340730778 : Checking image 2 border left 176
1606983398340765380 : Checking image 2 border right 176

</system-out><system-err>--------------------------------- Captured Err ---------------------------------

</system-err></testcase><testcase classname="tests.test_images" name="test_crop_too_much_png" time="83.043"><system-out>--------------------------------- Captured Log ---------------------------------

--------------------------------- Captured Out ---------------------------------
/home/runner/work/ocr-book/ocr-book/tests/crop_too_much.png
1606983394534087497 : Checking separation double page angle 90.13239409272953
1606983394534188403 : Checking separation double page y=0 2453
1606983406678270201 : Checking page rotation 1 0.0
1606983418742540450 : Checking page rotation 2 0.45
1606983424051693068 : Checking image 1 crop x1 303
1606983424051830475 : Checking image 1 crop y1 148
1606983424051875978 : Checking image 1 crop x2 2313
1606983424051915980 : Checking image 1 crop y2 3351
1606983428374166076 : Checking image 2 crop x1 170
1606983428374305084 : Checking image 2 crop y1 155
1606983428374350586 : Checking image 2 crop x2 2181
1606983428374392689 : Checking image 2 crop y2 3359
1606983428424495995 : Checking image 1 dpi 300
1606983428424617202 : Checking image 1 border top 131
1606983428424655404 : Checking image 1 border bottom 153
1606983428424689606 : Checking image 1 border left 225
1606983428424723207 : Checking image 1 border right 225
1606983428426974429 : Checking image 2 dpi 300
1606983428427065934 : Checking image 2 border top 139
1606983428427105336 : Checking image 2 border bottom 144
1606983428427138938 : Checking image 2 border left 224
1606983428427172140 : Checking image 2 border right 224

</system-out><system-err>--------------------------------- Captured Err ---------------------------------

</system-err></testcase><testcase classname="tests.test_images" name="test_wrong_split_line_png" time="44.729"><system-out>--------------------------------- Captured Log ---------------------------------

--------------------------------- Captured Out ---------------------------------
/home/runner/work/ocr-book/ocr-book/tests/wrong_split_line.png
1606983426013744392 : Checking separation double page angle 89.85895720607971
1606983426013833497 : Checking separation double page y=0 2463
1606983431325423335 : Checking page rotation 1 -0.14999999999999147
1606983438194988823 : Checking page rotation 2 0.65
1606983440550048984 : Checking image 1 crop x1 213
1606983440550190291 : Checking image 1 crop y1 157
1606983440550234994 : Checking image 1 crop x2 2323
1606983440550277696 : Checking image 1 crop y2 3362
1606983443043558407 : Checking image 2 crop x1 126
1606983443043693414 : Checking image 2 crop y1 167
1606983443043739016 : Checking image 2 crop x2 2237
1606983443043781819 : Checking image 2 crop y2 3372
1606983443081015928 : Checking image 1 dpi 300
1606983443081140534 : Checking image 1 border top 115
1606983443081179836 : Checking image 1 border bottom 167
1606983443081215038 : Checking image 1 border left 175
1606983443081249740 : Checking image 1 border right 175
1606983443083277844 : Checking image 2 dpi 300
1606983443083364848 : Checking image 2 border top 142
1606983443083400650 : Checking image 2 border bottom 140
1606983443083434752 : Checking image 2 border left 174
1606983443083468754 : Checking image 2 border right 174

</system-out><system-err>--------------------------------- Captured Err ---------------------------------

</system-err></testcase><testcase classname="tests.test_images" name="test_crop_too_few_png" time="48.804"><system-out>--------------------------------- Captured Log ---------------------------------

--------------------------------- Captured Out ---------------------------------
/home/runner/work/ocr-book/ocr-book/tests/crop_too_few.png
1606983458876580902 : Checking separation double page angle 89.39669496435833
1606983458876677506 : Checking separation double page y=0 2510
1606983465612532337 : Checking page rotation 1 -0.75
1606983472500990560 : Checking page rotation 2 0.05
1606983474960174600 : Checking image 1 crop x1 265
1606983474960308907 : Checking image 1 crop y1 152
1606983474960354809 : Checking image 1 crop x2 2375
1606983474960395411 : Checking image 1 crop y2 3356
1606983477212322346 : Checking image 2 crop x1 135
1606983477212491354 : Checking image 2 crop y1 141
1606983477212536756 : Checking image 2 crop x2 2261
1606983477212578958 : Checking image 2 crop y2 3345
1606983477251227942 : Checking image 1 dpi 300
1606983477251351447 : Checking image 1 border top 116
1606983477251389449 : Checking image 1 border bottom 167
1606983477251423551 : Checking image 1 border left 175
1606983477251457052 : Checking image 1 border right 175
1606983477254269282 : Checking image 2 dpi 300
1606983477254364486 : Checking image 2 border top 143
1606983477254400288 : Checking image 2 border bottom 140
1606983477254434190 : Checking image 2 border left 167
1606983477254467591 : Checking image 2 border right 167

</system-out><system-err>--------------------------------- Captured Err ---------------------------------

</system-err></testcase><testcase classname="tests.test_images" name="test_wrong_split_line_2_png" time="99.287"><system-out>--------------------------------- Captured Log ---------------------------------

--------------------------------- Captured Out ---------------------------------
/home/runner/work/ocr-book/ocr-book/tests/wrong_split_line_2.png
1606983500351513347 : Checking separation double page angle 90.3838786217729
1606983500351606151 : Checking separation double page y=0 2442
1606983511850457649 : Checking page rotation 1 0.05
1606983522909230447 : Checking page rotation 2 0.4
1606983531136769768 : Checking image 1 crop x1 294
1606983531136916774 : Checking image 1 crop y1 137
1606983531136962176 : Checking image 1 crop x2 2326
1606983531137003678 : Checking image 1 crop y2 3375
1606983542296221554 : Checking image 2 crop x1 146
1606983542296355960 : Checking image 2 crop y1 192
1606983542296401061 : Checking image 2 crop x2 2173
1606983542296477964 : Checking image 2 crop y2 3386
1606983542347287768 : Checking image 1 dpi 300
1606983542347412873 : Checking image 1 border top 125
1606983542347451375 : Checking image 1 border bottom 124
1606983542347486376 : Checking image 1 border left 214
1606983542347521178 : Checking image 1 border right 214
1606983542349622060 : Checking image 2 dpi 300
1606983542349707564 : Checking image 2 border top 184
1606983542349743265 : Checking image 2 border bottom 109
1606983542349781067 : Checking image 2 border left 216
1606983542349815868 : Checking image 2 border right 216

</system-out><system-err>--------------------------------- Captured Err ---------------------------------

</system-err></testcase><testcase classname="tests.test_images" name="test_crop_too_much_2_png" time="82.128"><system-out>--------------------------------- Captured Log ---------------------------------

--------------------------------- Captured Out ---------------------------------
/home/runner/work/ocr-book/ocr-book/tests/crop_too_much_2.png
1606983524153350026 : Checking separation double page angle 90.2021118646249
1606983524153449930 : Checking separation double page y=0 2477
1606983536360514737 : Checking page rotation 1 0.2
1606983550113494525 : Checking page rotation 2 0.2
1606983554161493906 : Checking image 1 crop x1 332
1606983554161584809 : Checking image 1 crop y1 131
1606983554161627411 : Checking image 1 crop x2 2342
1606983554161667213 : Checking image 1 crop y2 3336
1606983559295062007 : Checking image 2 crop x1 168
1606983559295200712 : Checking image 2 crop y1 139
1606983559295246614 : Checking image 2 crop x2 2181
1606983559295291416 : Checking image 2 crop y2 3345
1606983559350305416 : Checking image 1 dpi 300
1606983559350421321 : Checking image 1 border top 116
1606983559350457222 : Checking image 1 border bottom 166
1606983559350488723 : Checking image 1 border left 225
1606983559350519624 : Checking image 1 border right 225
1606983559353263829 : Checking image 2 dpi 300
1606983559353362133 : Checking image 2 border top 133
1606983559353397434 : Checking image 2 border bottom 148
1606983559353430935 : Checking image 2 border left 223
1606983559353463837 : Checking image 2 border right 223

</system-out><system-err>--------------------------------- Captured Err ---------------------------------

</system-err></testcase><testcase classname="tests.test_images" name="test_small_wave_png" time="69.361"><system-out>--------------------------------- Captured Log ---------------------------------

--------------------------------- Captured Out ---------------------------------
/home/runner/work/ocr-book/ocr-book/tests/small_wave.png
1606983586984006734 : Checking separation double page angle 90.61316928841566
1606983586984097137 : Checking separation double page y=0 2495
1606983596706291319 : Checking page rotation 1 0.7000000000000001
1606983606415490953 : Checking page rotation 2 0.7000000000000001
1606983608934741947 : Checking image 1 crop x1 322
1606983608934878452 : Checking image 1 crop y1 199
1606983608934923753 : Checking image 1 crop x2 2351
1606983608934964855 : Checking image 1 crop y2 3394
1606983611663574516 : Checking image 2 crop x1 135
1606983611663707821 : Checking image 2 crop y1 223
1606983611663753522 : Checking image 2 crop x2 2164
1606983611663796324 : Checking image 2 crop y2 3419
1606983611707094049 : Checking image 1 dpi 300
1606983611707216653 : Checking image 1 border top 177
1606983611707255155 : Checking image 1 border bottom 115
1606983611707290056 : Checking image 1 border left 215
1606983611707324457 : Checking image 1 border right 215
1606983611709429831 : Checking image 2 dpi 300
1606983611709517634 : Checking image 2 border top 191
1606983611709553135 : Checking image 2 border bottom 100
1606983611709587137 : Checking image 2 border left 215
1606983611709620838 : Checking image 2 border right 215

</system-out><system-err>--------------------------------- Captured Err ---------------------------------

</system-err></testcase><testcase classname="tests.test_images" name="test_wrong_split_line_3_png" time="61.587"><system-out>--------------------------------- Captured Log ---------------------------------

--------------------------------- Captured Out ---------------------------------
/home/runner/work/ocr-book/ocr-book/tests/wrong_split_line_3.png
1606983598911062051 : Checking separation double page angle 90.43729500214693
1606983598911161155 : Checking separation double page y=0 2498
1606983608862967709 : Checking page rotation 1 0.30000000000000004
1606983616030664681 : Checking page rotation 2 0.9
1606983618339591216 : Checking image 1 crop x1 331
1606983618339722720 : Checking image 1 crop y1 165
1606983618339769022 : Checking image 1 crop x2 2375
1606983618339812923 : Checking image 1 crop y2 3376
1606983620924970949 : Checking image 2 crop x1 102
1606983620925108454 : Checking image 2 crop y1 208
1606983620925153955 : Checking image 2 crop x2 2133
1606983620925197457 : Checking image 2 crop y2 3413
1606983620965642965 : Checking image 1 dpi 300
1606983620965764870 : Checking image 1 border top 150
1606983620965803471 : Checking image 1 border bottom 126
1606983620965837472 : Checking image 1 border left 208
1606983620965871173 : Checking image 1 border right 208
1606983620968507665 : Checking image 2 dpi 300
1606983620968612569 : Checking image 2 border top 190
1606983620968649170 : Checking image 2 border bottom 92
1606983620968682971 : Checking image 2 border left 214
1606983620968716172 : Checking image 2 border right 214

</system-out><system-err>--------------------------------- Captured Err ---------------------------------

</system-err></testcase><testcase classname="tests.test_images" name="test_wrong_wave_split_line_png" time="88.271"><system-out>--------------------------------- Captured Log ---------------------------------

--------------------------------- Captured Out ---------------------------------
/home/runner/work/ocr-book/ocr-book/tests/wrong_wave_split_line.png
1606983661199686332 : Checking separation double page angle 90.5287860410772
1606983661199783135 : Checking separation double page y=0 2502
1606983672167424250 : Checking page rotation 1 -0.14999999999999147
1606983681742330352 : Checking page rotation 2 0.8500000000000001
1606983692696796621 : Checking image 1 crop x1 385
1606983692696929325 : Checking image 1 crop y1 179
1606983692696971626 : Checking image 1 crop x2 2411
1606983692697012028 : Checking image 1 crop y2 3374
1606983699937628922 : Checking image 2 crop x1 124
1606983699937747726 : Checking image 2 crop y1 58
1606983699937790627 : Checking image 2 crop x2 2410
1606983699937833128 : Checking image 2 crop y2 3392
1606983699989607300 : Checking image 1 dpi 300
1606983699989730804 : Checking image 1 border top 167
1606983699989770206 : Checking image 1 border bottom 124
1606983699989805207 : Checking image 1 border left 217
1606983699989839608 : Checking image 1 border right 217
1606983699991995678 : Checking image 2 dpi 300
1606983699992079380 : Checking image 2 border top 0
1606983699992114881 : Checking image 2 border bottom 163
1606983699992149483 : Checking image 2 border left 92
1606983699992183484 : Checking image 2 border right 92

</system-out><system-err>--------------------------------- Captured Err ---------------------------------

</system-err></testcase><testcase classname="tests.test_images" name="test_no_split_line_line_algo_png" time="54.500"><system-out>--------------------------------- Captured Log ---------------------------------

--------------------------------- Captured Out ---------------------------------
/home/runner/work/ocr-book/ocr-book/tests/no_split_line_line_algo.png
1606983654550096207 : Checking separation double page angle 89.47691469185418
1606983654550193110 : Checking separation double page y=0 2476
1606983659338208136 : Checking page rotation 1 -0.14999999999999147
1606983669525058947 : Checking page rotation 2 -0.44999999999998863
1606983671446603654 : Checking image 1 crop x1 205
1606983671446734658 : Checking image 1 crop y1 158
1606983671446780459 : Checking image 1 crop x2 2320
1606983671446824361 : Checking image 1 crop y2 3366
1606983675429392646 : Checking image 2 crop x1 185
1606983675429527951 : Checking image 2 crop y1 221
1606983675429573152 : Checking image 2 crop x2 2201
1606983675429617454 : Checking image 2 crop y2 3366
1606983675474868643 : Checking image 1 dpi 300
1606983675474990147 : Checking image 1 border top 137
1606983675475028148 : Checking image 1 border bottom 142
1606983675475062249 : Checking image 1 border left 172
1606983675475095350 : Checking image 1 border right 172
1606983675477745037 : Checking image 2 dpi 300
1606983675477842741 : Checking image 2 border top 225
1606983675477878642 : Checking image 2 border bottom 117
1606983675477911843 : Checking image 2 border left 222
1606983675477944944 : Checking image 2 border right 222

</system-out><system-err>--------------------------------- Captured Err ---------------------------------

</system-err></testcase><testcase classname="tests.test_images" name="test_failed_split_line_line_algo_2_png" time="70.734"><system-out>--------------------------------- Captured Log ---------------------------------

--------------------------------- Captured Out ---------------------------------
/home/runner/work/ocr-book/ocr-book/tests/failed_split_line_line_algo_2.png
1606983720870910415 : Checking separation double page angle 89.9913422057325
1606983720871007718 : Checking separation double page y=0 2498
1606983731438676859 : Checking page rotation 1 0.0
1606983740866621023 : Checking page rotation 2 0.6000000000000001
1606983743743862133 : Checking image 1 crop x1 272
1606983743743997938 : Checking image 1 crop y1 149
1606983743744043439 : Checking image 1 crop x2 2383
1606983743744083840 : Checking image 1 crop y2 3353
1606983746161464181 : Checking image 2 crop x1 121
1606983746161598085 : Checking image 2 crop y1 155
1606983746161643986 : Checking image 2 crop x2 2244
1606983746161686188 : Checking image 2 crop y2 3350
1606983746206566796 : Checking image 1 dpi 300
1606983746206687700 : Checking image 1 border top 137
1606983746206725601 : Checking image 1 border bottom 146
1606983746206760002 : Checking image 1 border left 174
1606983746206793703 : Checking image 1 border right 174
1606983746209410186 : Checking image 2 dpi 300
1606983746209512589 : Checking image 2 border top 138
1606983746209550490 : Checking image 2 border bottom 154
1606983746209583791 : Checking image 2 border left 168
1606983746209616692 : Checking image 2 border right 168

</system-out><system-err>--------------------------------- Captured Err ---------------------------------

</system-err></testcase><testcase classname="tests.test_images" name="test_failed_split_line_line_algo_png" time="24.668"><system-out>--------------------------------- Captured Log ---------------------------------

--------------------------------- Captured Out ---------------------------------
/home/runner/work/ocr-book/ocr-book/tests/failed_split_line_line_algo.png
1606983716982214141 : Checking separation double page angle 90.01634220573249
1606983716982301443 : Checking separation double page y=0 2575
1606983720251362783 : Checking page rotation 1 -0.14999999999999147
1606983722462712577 : Checking page rotation 2 0.05
1606983723942412329 : Checking image 1 crop x1 407
1606983723942540833 : Checking image 1 crop y1 2925
1606983723942584035 : Checking image 1 crop x2 2419
1606983723942624436 : Checking image 1 crop y2 3174
1606983724702101268 : Checking image 2 crop x1 1180
1606983724702181070 : Checking image 2 crop y1 1724
1606983724702217571 : Checking image 2 crop x2 1181
1606983724702250872 : Checking image 2 crop y2 1725
1606983724702452579 : Checking image 1 dpi 300
1606983724702533481 : Checking image 1 border top 2930
1606983724702568483 : Checking image 1 border bottom 308
1606983724702602484 : Checking image 1 border left 224
1606983724702636485 : Checking image 1 border right 224
1606983724703871024 : Checking image 2 dpi 300
1606983724703944726 : Checking image 2 border top 1753
1606983724703980227 : Checking image 2 border bottom 1753
1606983724704014028 : Checking image 2 border left 1239
1606983724704047830 : Checking image 2 border right 1239

</system-out><system-err>--------------------------------- Captured Err ---------------------------------

</system-err></testcase><testcase classname="tests.test_images" name="test_wrong_wave_split_line_2_png" time="70.351"><system-out>--------------------------------- Captured Log ---------------------------------

--------------------------------- Captured Out ---------------------------------
/home/runner/work/ocr-book/ocr-book/tests/wrong_wave_split_line_2.png
1606983770931652921 : Checking separation double page angle 90.7708958311329
1606983770931746024 : Checking separation double page y=0 2490
1606983778937938975 : Checking page rotation 1 0.4
1606983788990784817 : Checking page rotation 2 1.8
1606983791727743404 : Checking image 1 crop x1 224
1606983791727881908 : Checking image 1 crop y1 147
1606983791727924810 : Checking image 1 crop x2 2337
1606983791727967511 : Checking image 1 crop y2 3355
1606983794967787378 : Checking image 2 crop x1 107
1606983794967911482 : Checking image 2 crop y1 197
1606983794967954783 : Checking image 2 crop x2 2229
1606983794967997685 : Checking image 2 crop y2 3396
1606983795019416966 : Checking image 1 dpi 300
1606983795019542470 : Checking image 1 border top 126
1606983795019580671 : Checking image 1 border bottom 153
1606983795019615372 : Checking image 1 border left 173
1606983795019649973 : Checking image 1 border right 173
1606983795021807539 : Checking image 2 dpi 300
1606983795021897942 : Checking image 2 border top 170
1606983795021932943 : Checking image 2 border bottom 118
1606983795021966744 : Checking image 2 border left 169
1606983795022000545 : Checking image 2 border right 169

</system-out><system-err>--------------------------------- Captured Err ---------------------------------

</system-err></testcase><testcase classname="tests.test_images" name="test_crop_too_much_3_png" time="67.451"><system-out>--------------------------------- Captured Log ---------------------------------

--------------------------------- Captured Out ---------------------------------
/home/runner/work/ocr-book/ocr-book/tests/crop_too_much_3.png
1606983785668959300 : Checking separation double page angle 89.55580634783144
1606983785669056103 : Checking separation double page y=0 2499
1606983793627734967 : Checking page rotation 1 -0.9499999999999886
1606983805313084076 : Checking page rotation 2 -0.14999999999999147
1606983809461045670 : Checking image 1 crop x1 373
1606983809461178974 : Checking image 1 crop y1 258
1606983809461224675 : Checking image 1 crop x2 2386
1606983809461265376 : Checking image 1 crop y2 3458
1606983813605492988 : Checking image 2 crop x1 167
1606983813605617192 : Checking image 2 crop y1 228
1606983813605662194 : Checking image 2 crop x2 2180
1606983813605704295 : Checking image 2 crop y2 3417
1606983813655843227 : Checking image 1 dpi 300
1606983813655965331 : Checking image 1 border top 237
1606983813656003832 : Checking image 1 border bottom 50
1606983813656037533 : Checking image 1 border left 223
1606983813656071434 : Checking image 1 border right 223
1606983813658192599 : Checking image 2 dpi 300
1606983813658274601 : Checking image 2 border top 192
1606983813658310002 : Checking image 2 border bottom 106
1606983813658343403 : Checking image 2 border left 223
1606983813658376604 : Checking image 2 border right 223

</system-out><system-err>--------------------------------- Captured Err ---------------------------------

</system-err></testcase><testcase classname="tests.test_images" name="test_wrong_wave_split_line_3_png" time="59.957"><system-out>--------------------------------- Captured Log ---------------------------------

--------------------------------- Captured Out ---------------------------------
/home/runner/work/ocr-book/ocr-book/tests/wrong_wave_split_line_3.png
1606983834104867877 : Checking separation double page angle 90.0586735161512
1606983834104968185 : Checking separation double page y=0 2510
1606983842481117472 : Checking page rotation 1 0.1
1606983849291008283 : Checking page rotation 2 0.35000000000000003
1606983852355327164 : Checking image 1 crop x1 272
1606983852355456674 : Checking image 1 crop y1 219
1606983852355498877 : Checking image 1 crop x2 2383
1606983852355539480 : Checking image 1 crop y2 3423
1606983854949366417 : Checking image 2 crop x1 119
1606983854949489726 : Checking image 2 crop y1 226
1606983854949532429 : Checking image 2 crop x2 2240
1606983854949574132 : Checking image 2 crop y2 3413
1606983854990806170 : Checking image 1 dpi 300
1606983854990930179 : Checking image 1 border top 190
1606983854990968382 : Checking image 1 border bottom 93
1606983854991003584 : Checking image 1 border left 174
1606983854991038687 : Checking image 1 border right 174
1606983854993202246 : Checking image 2 dpi 300
1606983854993293953 : Checking image 2 border top 190
1606983854993329256 : Checking image 2 border bottom 110
1606983854993363458 : Checking image 2 border left 169
1606983854993398561 : Checking image 2 border right 169

</system-out><system-err>--------------------------------- Captured Err ---------------------------------

</system-err></testcase><testcase classname="tests.test_images" name="test_no_split_line_wave_algo_png" time="63.281"><system-out>--------------------------------- Captured Log ---------------------------------

--------------------------------- Captured Out ---------------------------------
/home/runner/work/ocr-book/ocr-book/tests/no_split_line_wave_algo.png
1606983845206913620 : Checking separation double page angle 89.93575909193099
1606983845207016328 : Checking separation double page y=0 2482
1606983851330446043 : Checking page rotation 1 0.0
1606983859749303742 : Checking page rotation 2 -0.5499999999999972
1606983869395578040 : Checking image 1 crop x1 97
1606983869395665546 : Checking image 1 crop y1 77
1606983869395703649 : Checking image 1 crop x2 2483
1606983869395739851 : Checking image 1 crop y2 3505
1606983876855718770 : Checking image 2 crop x1 164
1606983876855805476 : Checking image 2 crop y1 266
1606983876855848879 : Checking image 2 crop x2 2241
1606983876855889382 : Checking image 2 crop y2 3382
1606983876899843479 : Checking image 1 dpi 300
1606983876899949186 : Checking image 1 border top 40
1606983876899987289 : Checking image 1 border bottom 40
1606983876900021291 : Checking image 1 border left 47
1606983876900054693 : Checking image 1 border right 47
1606983876902144641 : Checking image 2 dpi 300
1606983876902226546 : Checking image 2 border top 255
1606983876902261849 : Checking image 2 border bottom 116
1606983876902295651 : Checking image 2 border left 191
1606983876902328954 : Checking image 2 border right 191

</system-out><system-err>--------------------------------- Captured Err ---------------------------------

</system-err></testcase><testcase classname="tests.test_images" name="test_no_split_line_wave_algo_2_png" time="55.041"><system-out>--------------------------------- Captured Log ---------------------------------

--------------------------------- Captured Out ---------------------------------
/home/runner/work/ocr-book/ocr-book/tests/no_split_line_wave_algo_2.png
1606983889399919629 : Checking separation double page angle 91.21822795596304
1606983889400018436 : Checking separation double page y=0 2488
1606983897501220543 : Checking page rotation 1 1.1
1606983904995774369 : Checking page rotation 2 0.2
1606983907592016123 : Checking image 1 crop x1 266
1606983907592144631 : Checking image 1 crop y1 210
1606983907592187634 : Checking image 1 crop x2 2342
1606983907592228237 : Checking image 1 crop y2 3413
1606983909996097979 : Checking image 2 crop x1 199
1606983909996221487 : Checking image 2 crop y1 241
1606983909996264490 : Checking image 2 crop x2 2282
1606983909996307292 : Checking image 2 crop y2 3433
1606983910038246261 : Checking image 1 dpi 300
1606983910038370069 : Checking image 1 border top 180
1606983910038408371 : Checking image 1 border bottom 103
1606983910038443374 : Checking image 1 border left 192
1606983910038477776 : Checking image 1 border right 192
1606983910040829431 : Checking image 2 dpi 300
1606983910040921837 : Checking image 2 border top 209
1606983910040957640 : Checking image 2 border bottom 86
1606983910040992242 : Checking image 2 border left 188
1606983910041026244 : Checking image 2 border right 188

</system-out><system-err>--------------------------------- Captured Err ---------------------------------

</system-err></testcase><testcase classname="tests.test_images" name="test_crop_too_few_2_png" time="48.490"><system-out>--------------------------------- Captured Log ---------------------------------

--------------------------------- Captured Out ---------------------------------
/home/runner/work/ocr-book/ocr-book/tests/crop_too_few_2.png
1606983908285378396 : Checking separation double page angle 90.25476192320097
1606983908285461802 : Checking separation double page y=0 2531
1606983914721739522 : Checking page rotation 1 1.2000000000000002
1606983920375363961 : Checking page rotation 2 -0.09999999999999432
1606983923533818132 : Checking image 1 crop x1 287
1606983923533947240 : Checking image 1 crop y1 165
1606983923533992443 : Checking image 1 crop x2 2398
1606983923534033946 : Checking image 1 crop y2 3368
1606983925405329404 : Checking image 2 crop x1 145
1606983925405455512 : Checking image 2 crop y1 188
1606983925405500115 : Checking image 2 crop x2 2271
1606983925405544117 : Checking image 2 crop y2 3386
1606983925445051654 : Checking image 1 dpi 300
1606983925445170961 : Checking image 1 border top 157
1606983925445209164 : Checking image 1 border bottom 127
1606983925445243666 : Checking image 1 border left 174
1606983925445277368 : Checking image 1 border right 174
1606983925447333400 : Checking image 2 dpi 300
1606983925447407505 : Checking image 2 border top 177
1606983925447439607 : Checking image 2 border bottom 112
1606983925447470609 : Checking image 2 border left 167
1606983925447501511 : Checking image 2 border right 167

</system-out><system-err>--------------------------------- Captured Err ---------------------------------

</system-err></testcase></testsuite></testsuites>