<?xml version="1.0" encoding="utf-8"?><testsuites><testsuite errors="0" failures="0" hostname="travis-job-03757a54-edbf-46bf-b2a6-5a5eb2edc14a" name="pytest" skipped="0" tests="13" time="575.618" timestamp="2020-11-17T18:39:52.014479"><testcase classname="tests.test_features" name="test_disabled_enable_debug" time="43.269"><system-out>--------------------------------- Captured Log ---------------------------------

--------------------------------- Captured Out ---------------------------------
/home/travis/build/bansan85/ocr-book/tests/0001_debug.png
separation double page angle 90.55142384066187
separation double page y=0 2485
page rotation 1 0.75
page rotation 2 0.2
image 1 crop x1 330
image 1 crop y1 336
image 1 crop x2 2343
image 1 crop y2 3223
image 2 crop x1 169
image 2 crop y1 648
image 2 crop x2 2186
image 2 crop y2 3361
image 1 dpi 300
image 1 border top 324
image 1 border bottom 276
image 1 border left 223
image 1 border right 223
image 2 dpi 300
image 2 border top 671
image 2 border bottom 103
image 2 border left 221
image 2 border right 221

</system-out><system-err>--------------------------------- Captured Err ---------------------------------

</system-err></testcase><testcase classname="tests.test_features" name="test_mock_stop_at_0" time="0.035"><system-out>--------------------------------- Captured Log ---------------------------------

--------------------------------- Captured Out ---------------------------------
/home/travis/build/bansan85/ocr-book/tests/0001_0.png

</system-out><system-err>--------------------------------- Captured Err ---------------------------------

</system-err></testcase><testcase classname="tests.test_features" name="test_mock_stop_at_1" time="24.939"><system-out>--------------------------------- Captured Log ---------------------------------

--------------------------------- Captured Out ---------------------------------
/home/travis/build/bansan85/ocr-book/tests/0001_1.png
separation double page angle 90.55142384066187
separation double page y=0 2485

</system-out><system-err>--------------------------------- Captured Err ---------------------------------

</system-err></testcase><testcase classname="tests.test_features" name="test_mock_stop_at_2" time="46.775"><system-out>--------------------------------- Captured Log ---------------------------------

--------------------------------- Captured Out ---------------------------------
/home/travis/build/bansan85/ocr-book/tests/0001_2.png
separation double page angle 90.55142384066187
separation double page y=0 2485
page rotation 1 0.75
page rotation 2 0.2

</system-out><system-err>--------------------------------- Captured Err ---------------------------------

</system-err></testcase><testcase classname="tests.test_features" name="test_mock_stop_at_3" time="48.374"><system-out>--------------------------------- Captured Log ---------------------------------

--------------------------------- Captured Out ---------------------------------
/home/travis/build/bansan85/ocr-book/tests/0001_3.png
separation double page angle 90.55142384066187
separation double page y=0 2485
page rotation 1 0.75
page rotation 2 0.2
image 1 crop x1 330
image 1 crop y1 336
image 1 crop x2 2343
image 1 crop y2 3223
image 2 crop x1 169
image 2 crop y1 648
image 2 crop x2 2186
image 2 crop y2 3361

</system-out><system-err>--------------------------------- Captured Err ---------------------------------

</system-err></testcase><testcase classname="tests.test_features" name="test_mock_stop_at_4" time="49.491"><system-out>--------------------------------- Captured Log ---------------------------------

--------------------------------- Captured Out ---------------------------------
/home/travis/build/bansan85/ocr-book/tests/0001_4.png
separation double page angle 90.55142384066187
separation double page y=0 2485
page rotation 1 0.75
page rotation 2 0.2
image 1 crop x1 330
image 1 crop y1 336
image 1 crop x2 2343
image 1 crop y2 3223
image 2 crop x1 169
image 2 crop y1 648
image 2 crop x2 2186
image 2 crop y2 3361
image 1 dpi 300
image 1 border top 324
image 1 border bottom 276
image 1 border left 223
image 1 border right 223
image 2 dpi 300
image 2 border top 671
image 2 border bottom 103
image 2 border left 221
image 2 border right 221

</system-out><system-err>--------------------------------- Captured Err ---------------------------------

</system-err></testcase><testcase classname="tests.test_features" name="test_mock_stop_at_5" time="49.391"><system-out>--------------------------------- Captured Log ---------------------------------

--------------------------------- Captured Out ---------------------------------
/home/travis/build/bansan85/ocr-book/tests/0001_5.png
separation double page angle 90.55142384066187
separation double page y=0 2485
page rotation 1 0.75
page rotation 2 0.2
image 1 crop x1 330
image 1 crop y1 336
image 1 crop x2 2343
image 1 crop y2 3223
image 2 crop x1 169
image 2 crop y1 648
image 2 crop x2 2186
image 2 crop y2 3361
image 1 dpi 300
image 1 border top 324
image 1 border bottom 276
image 1 border left 223
image 1 border right 223
image 2 dpi 300
image 2 border top 671
image 2 border bottom 103
image 2 border left 221
image 2 border right 221

</system-out><system-err>--------------------------------- Captured Err ---------------------------------

</system-err></testcase><testcase classname="tests.test_images" name="test_0001_png" time="47.861"><system-out>--------------------------------- Captured Log ---------------------------------

--------------------------------- Captured Out ---------------------------------
/home/travis/build/bansan85/ocr-book/tests/0001.png
1605638679154324606 : Checking separation double page angle 90.55142384066187
1605638679154414911 : Checking separation double page y=0 2485
1605638688716696588 : Checking page rotation 1 0.75
1605638700032601666 : Checking page rotation 2 0.2
1605638701301177419 : Checking image 1 crop x1 330
1605638701301249507 : Checking image 1 crop y1 336
1605638701301281753 : Checking image 1 crop x2 2343
1605638701301311610 : Checking image 1 crop y2 3223
1605638702726097864 : Checking image 2 crop x1 169
1605638702726171529 : Checking image 2 crop y1 648
1605638702726203952 : Checking image 2 crop x2 2186
1605638702726234621 : Checking image 2 crop y2 3361
1605638702753078191 : Checking image 1 dpi 300
1605638702753188896 : Checking image 1 border top 324
1605638702753217304 : Checking image 1 border bottom 276
1605638702753242990 : Checking image 1 border left 223
1605638702753267470 : Checking image 1 border right 223
1605638702755111003 : Checking image 2 dpi 300
1605638702755217192 : Checking image 2 border top 671
1605638702755243616 : Checking image 2 border bottom 103
1605638702755267781 : Checking image 2 border left 221
1605638702755291640 : Checking image 2 border right 221

</system-out><system-err>--------------------------------- Captured Err ---------------------------------

</system-err></testcase><testcase classname="tests.test_images" name="test_2_pages_2_contours_png" time="27.627"><system-out>--------------------------------- Captured Log ---------------------------------

--------------------------------- Captured Out ---------------------------------
/home/travis/build/bansan85/ocr-book/tests/2-pages-2-contours.png
1605638717932463527 : Checking separation double page angle 90.14451498942671
1605638717932547738 : Checking separation double page y=0 2489
1605638719981131413 : Checking page rotation 1 0.05
1605638728555848852 : Checking page rotation 2 0.4
1605638729208960481 : Checking image 1 crop x1 1186
1605638729209019771 : Checking image 1 crop y1 1720
1605638729209045399 : Checking image 1 crop x2 1187
1605638729209069746 : Checking image 1 crop y2 1721
1605638730365328242 : Checking image 2 crop x1 101
1605638730365400223 : Checking image 2 crop y1 240
1605638730365431828 : Checking image 2 crop x2 2148
1605638730365461898 : Checking image 2 crop y2 3239
1605638730392169683 : Checking image 1 dpi 300
1605638730392254120 : Checking image 1 border top 1753
1605638730392292447 : Checking image 1 border bottom 1753
1605638730392317190 : Checking image 1 border left 1239
1605638730392341593 : Checking image 1 border right 1239
1605638730393713645 : Checking image 2 dpi 300
1605638730393829596 : Checking image 2 border top 226
1605638730393856475 : Checking image 2 border bottom 262
1605638730393881506 : Checking image 2 border left 206
1605638730393905524 : Checking image 2 border right 206

</system-out><system-err>--------------------------------- Captured Err ---------------------------------

</system-err></testcase><testcase classname="tests.test_images" name="test_black_border_not_removed_png" time="63.344"><system-out>--------------------------------- Captured Log ---------------------------------

--------------------------------- Captured Out ---------------------------------
/home/travis/build/bansan85/ocr-book/tests/black-border-not-removed.png
1605638765418965780 : Checking separation double page angle 90.00393370592924
1605638765419050361 : Checking separation double page y=0 2455
1605638775498520964 : Checking page rotation 1 0.05
1605638790560709566 : Checking page rotation 2 0.0
1605638792040682568 : Checking image 1 crop x1 298
1605638792040755455 : Checking image 1 crop y1 142
1605638792040787094 : Checking image 1 crop x2 2308
1605638792040817443 : Checking image 1 crop y2 3347
1605638793697361404 : Checking image 2 crop x1 157
1605638793697435525 : Checking image 2 crop y1 145
1605638793697476295 : Checking image 2 crop x2 2169
1605638793697507917 : Checking image 2 crop y2 3352
1605638793726282971 : Checking image 1 dpi 300
1605638793726395976 : Checking image 1 border top 127
1605638793726424327 : Checking image 1 border bottom 155
1605638793726449384 : Checking image 1 border left 225
1605638793726482395 : Checking image 1 border right 225
1605638793728380754 : Checking image 2 dpi 300
1605638793728488937 : Checking image 2 border top 130
1605638793728515668 : Checking image 2 border bottom 150
1605638793728541505 : Checking image 2 border left 224
1605638793728565722 : Checking image 2 border right 224

</system-out><system-err>--------------------------------- Captured Err ---------------------------------

</system-err></testcase><testcase classname="tests.test_images" name="test_image_failed_to_rotate_png" time="47.811"><system-out>--------------------------------- Captured Log ---------------------------------

--------------------------------- Captured Out ---------------------------------
/home/travis/build/bansan85/ocr-book/tests/image_failed_to_rotate.png
1605638813107545094 : Checking separation double page angle 90.14336291526413
1605638813107629877 : Checking separation double page y=0 2476
1605638818183054104 : Checking page rotation 1 0.35000000000000003
1605638828840491558 : Checking page rotation 2 0.45
1605638840045590245 : Checking image 1 crop x1 34
1605638840045713674 : Checking image 1 crop y1 1
1605638840045750100 : Checking image 1 crop x2 2474
1605638840045777039 : Checking image 1 crop y2 3500
1605638841417352341 : Checking image 2 crop x1 171
1605638841417424513 : Checking image 2 crop y1 234
1605638841417456030 : Checking image 2 crop x2 2250
1605638841417486525 : Checking image 2 crop y2 3355
1605638841451980767 : Checking image 1 dpi 300
1605638841452101411 : Checking image 1 border top 4
1605638841452130142 : Checking image 1 border bottom 4
1605638841452155741 : Checking image 1 border left 20
1605638841452179974 : Checking image 1 border right 20
1605638841454199476 : Checking image 2 dpi 300
1605638841454315100 : Checking image 2 border top 206
1605638841454342147 : Checking image 2 border bottom 160
1605638841454366980 : Checking image 2 border left 190
1605638841454390809 : Checking image 2 border right 190

</system-out><system-err>--------------------------------- Captured Err ---------------------------------

</system-err></testcase><testcase classname="tests.test_images" name="test_image_failed_to_crop_data_png" time="49.897"><system-out>--------------------------------- Captured Log ---------------------------------

--------------------------------- Captured Out ---------------------------------
/home/travis/build/bansan85/ocr-book/tests/image_failed_to_crop_data.png
1605638865051297265 : Checking separation double page angle 90.062288741015
1605638865051379626 : Checking separation double page y=0 2482
1605638870749934835 : Checking page rotation 1 0.2
1605638879341832035 : Checking page rotation 2 0.05
1605638890164114581 : Checking image 1 crop x1 58
1605638890164189887 : Checking image 1 crop y1 8
1605638890164218382 : Checking image 1 crop x2 2480
1605638890164244799 : Checking image 1 crop y2 3504
1605638891356646525 : Checking image 2 crop x1 159
1605638891356720315 : Checking image 2 crop y1 217
1605638891356757306 : Checking image 2 crop x2 2240
1605638891356787812 : Checking image 2 crop y2 3350
1605638891386255451 : Checking image 1 dpi 300
1605638891386374645 : Checking image 1 border top 6
1605638891386402676 : Checking image 1 border bottom 6
1605638891386427048 : Checking image 1 border left 29
1605638891386452292 : Checking image 1 border right 29
1605638891388427629 : Checking image 2 dpi 300
1605638891388536381 : Checking image 2 border top 209
1605638891388563320 : Checking image 2 border bottom 145
1605638891388587699 : Checking image 2 border left 189
1605638891388612095 : Checking image 2 border right 189

</system-out><system-err>--------------------------------- Captured Err ---------------------------------

</system-err></testcase><testcase classname="tests.test_images" name="test_wrong_angle_split_line_png" time="75.088"><system-out>--------------------------------- Captured Log ---------------------------------

--------------------------------- Captured Out ---------------------------------
/home/travis/build/bansan85/ocr-book/tests/wrong_angle_split_line.png
1605638917951899814 : Checking separation double page angle 90.16760446809923
1605638917951988946 : Checking separation double page y=0 2487
1605638927780038994 : Checking page rotation 1 0.05
1605638952887931282 : Checking page rotation 2 0.0
1605638963911072840 : Checking image 1 crop x1 55
1605638963911155556 : Checking image 1 crop y1 7
1605638963911190323 : Checking image 1 crop x2 2481
1605638963911223331 : Checking image 1 crop y2 3505
1605638965816305377 : Checking image 2 crop x1 159
1605638965816376260 : Checking image 2 crop y1 217
1605638965816408623 : Checking image 2 crop x2 2242
1605638965816438498 : Checking image 2 crop y2 3350
1605638965946034132 : Checking image 1 dpi 300
1605638965946149499 : Checking image 1 border top 5
1605638965946177334 : Checking image 1 border bottom 5
1605638965946202292 : Checking image 1 border left 27
1605638965946226247 : Checking image 1 border right 27
1605638965951790538 : Checking image 2 dpi 300
1605638965951918053 : Checking image 2 border top 195
1605638965951944861 : Checking image 2 border bottom 159
1605638965951969361 : Checking image 2 border left 188
1605638965951993101 : Checking image 2 border right 188

</system-out><system-err>--------------------------------- Captured Err ---------------------------------

</system-err></testcase></testsuite></testsuites>