<?xml version="1.0" encoding="utf-8"?><testsuites><testsuite name="pytest" errors="0" failures="0" skipped="0" tests="36" time="909.466" timestamp="2020-12-26T20:40:06.719789" hostname="fv-az119-109"><testcase classname="tests.test_features" name="test_disabled_enable_debug" time="43.806"><system-out>--------------------------------- Captured Log ---------------------------------

--------------------------------- Captured Out ---------------------------------
/home/runner/work/ocr-book/ocr-book/tests/0001_debug.png
separation double page angle 90.5528088189967
separation double page y=0 2485
page rotation 1 0.75
page rotation 2 0.2
image 1 crop x1 330
image 1 crop y1 336
image 1 crop x2 2343
image 1 crop y2 3223
image 2 crop x1 169
image 2 crop y1 648
image 2 crop x2 2186
image 2 crop y2 3361
image 1 dpi 300
image 1 border top 333
image 1 border bottom 266
image 1 border left 223
image 1 border right 223
image 2 dpi 300
image 2 border top 643
image 2 border bottom 131
image 2 border left 221
image 2 border right 221

</system-out><system-err>--------------------------------- Captured Err ---------------------------------

</system-err></testcase><testcase classname="tests.test_features" name="test_mock_stop_at_0" time="0.056"><system-out>--------------------------------- Captured Log ---------------------------------

--------------------------------- Captured Out ---------------------------------
/home/runner/work/ocr-book/ocr-book/tests/0001_0.png

</system-out><system-err>--------------------------------- Captured Err ---------------------------------

</system-err></testcase><testcase classname="tests.test_features" name="test_mock_stop_at_2" time="38.803"><system-out>--------------------------------- Captured Log ---------------------------------

--------------------------------- Captured Out ---------------------------------
/home/runner/work/ocr-book/ocr-book/tests/0001_2.png
separation double page angle 90.5528088189967
separation double page y=0 2485
page rotation 1 0.75
page rotation 2 0.2

</system-out><system-err>--------------------------------- Captured Err ---------------------------------

</system-err></testcase><testcase classname="tests.test_features" name="test_mock_stop_at_4" time="41.947"><system-out>--------------------------------- Captured Log ---------------------------------

--------------------------------- Captured Out ---------------------------------
/home/runner/work/ocr-book/ocr-book/tests/0001_4.png
separation double page angle 90.5528088189967
separation double page y=0 2485
page rotation 1 0.75
page rotation 2 0.2
image 1 crop x1 330
image 1 crop y1 336
image 1 crop x2 2343
image 1 crop y2 3223
image 2 crop x1 169
image 2 crop y1 648
image 2 crop x2 2186
image 2 crop y2 3361
image 1 dpi 300
image 1 border top 333
image 1 border bottom 266
image 1 border left 223
image 1 border right 223
image 2 dpi 300
image 2 border top 643
image 2 border bottom 131
image 2 border left 221
image 2 border right 221

</system-out><system-err>--------------------------------- Captured Err ---------------------------------

</system-err></testcase><testcase classname="tests.test_features" name="test_mock_stop_at_1" time="25.689"><system-out>--------------------------------- Captured Log ---------------------------------

--------------------------------- Captured Out ---------------------------------
/home/runner/work/ocr-book/ocr-book/tests/0001_1.png
separation double page angle 90.5528088189967
separation double page y=0 2485

</system-out><system-err>--------------------------------- Captured Err ---------------------------------

</system-err></testcase><testcase classname="tests.test_features" name="test_mock_stop_at_3" time="41.831"><system-out>--------------------------------- Captured Log ---------------------------------

--------------------------------- Captured Out ---------------------------------
/home/runner/work/ocr-book/ocr-book/tests/0001_3.png
separation double page angle 90.5528088189967
separation double page y=0 2485
page rotation 1 0.75
page rotation 2 0.2
image 1 crop x1 330
image 1 crop y1 336
image 1 crop x2 2343
image 1 crop y2 3223
image 2 crop x1 169
image 2 crop y1 648
image 2 crop x2 2186
image 2 crop y2 3361

</system-out><system-err>--------------------------------- Captured Err ---------------------------------

</system-err></testcase><testcase classname="tests.test_images" name="test_0001_png" time="52.684"><system-out>--------------------------------- Captured Log ---------------------------------

--------------------------------- Captured Out ---------------------------------
/home/runner/work/ocr-book/ocr-book/tests/0001.png
1609015319871901634 : Checking separation double page angle 90.5528088189967
1609015319872028835 : Checking separation double page y=0 2485
1609015326533669044 : Checking page rotation 1 0.75
1609015334664870183 : Checking page rotation 2 0.2
1609015338055484066 : Checking image 1 crop x1 330
1609015338055588267 : Checking image 1 crop y1 336
1609015338055622067 : Checking image 1 crop x2 2343
1609015338055650568 : Checking image 1 crop y2 3223
1609015341232787378 : Checking image 2 crop x1 169
1609015341232887779 : Checking image 2 crop y1 648
1609015341232922879 : Checking image 2 crop x2 2186
1609015341232953080 : Checking image 2 crop y2 3361
1609015341264008133 : Checking image 1 dpi 300
1609015341264098134 : Checking image 1 border top 333
1609015341264128434 : Checking image 1 border bottom 266
1609015341264156935 : Checking image 1 border left 223
1609015341264184435 : Checking image 1 border right 223
1609015341265819654 : Checking image 2 dpi 300
1609015341265912255 : Checking image 2 border top 643
1609015341265942255 : Checking image 2 border bottom 131
1609015341265969855 : Checking image 2 border left 221
1609015341265997656 : Checking image 2 border right 221

</system-out><system-err>--------------------------------- Captured Err ---------------------------------

</system-err></testcase><testcase classname="tests.test_features" name="test_mock_stop_at_5" time="43.145"><system-out>--------------------------------- Captured Log ---------------------------------

--------------------------------- Captured Out ---------------------------------
/home/runner/work/ocr-book/ocr-book/tests/0001_5.png
separation double page angle 90.5528088189967
separation double page y=0 2485
page rotation 1 0.75
page rotation 2 0.2
image 1 crop x1 330
image 1 crop y1 336
image 1 crop x2 2343
image 1 crop y2 3223
image 2 crop x1 169
image 2 crop y1 648
image 2 crop x2 2186
image 2 crop y2 3361
image 1 dpi 300
image 1 border top 333
image 1 border bottom 266
image 1 border left 223
image 1 border right 223
image 2 dpi 300
image 2 border top 643
image 2 border bottom 131
image 2 border left 221
image 2 border right 221

</system-out><system-err>--------------------------------- Captured Err ---------------------------------

</system-err></testcase><testcase classname="tests.test_images" name="test_black_border_not_removed_png" time="58.893"><system-out>--------------------------------- Captured Log ---------------------------------

--------------------------------- Captured Out ---------------------------------
/home/runner/work/ocr-book/ocr-book/tests/black-border-not-removed.png
1609015375085045221 : Checking separation double page angle 90.033171103531
1609015375085129422 : Checking separation double page y=0 2455
1609015380721283391 : Checking page rotation 1 0.0
1609015390165892544 : Checking page rotation 2 0.0
1609015394509825385 : Checking image 1 crop x1 297
1609015394509981787 : Checking image 1 crop y1 143
1609015394510022387 : Checking image 1 crop x2 2309
1609015394510058088 : Checking image 1 crop y2 3346
1609015400121052960 : Checking image 2 crop x1 159
1609015400121157661 : Checking image 2 crop y1 145
1609015400121190461 : Checking image 2 crop x2 2171
1609015400121220461 : Checking image 2 crop y2 3352
1609015400156073765 : Checking image 1 dpi 300
1609015400156176266 : Checking image 1 border top 132
1609015400156207967 : Checking image 1 border bottom 152
1609015400156236467 : Checking image 1 border left 224
1609015400156263767 : Checking image 1 border right 224
1609015400158044788 : Checking image 2 dpi 300
1609015400158125889 : Checking image 2 border top 132
1609015400158157589 : Checking image 2 border bottom 148
1609015400158189389 : Checking image 2 border left 224
1609015400158221090 : Checking image 2 border right 224

</system-out><system-err>--------------------------------- Captured Err ---------------------------------

</system-err></testcase><testcase classname="tests.test_images" name="test_2_pages_2_contours_png" time="33.316"><system-out>--------------------------------- Captured Log ---------------------------------

--------------------------------- Captured Out ---------------------------------
/home/runner/work/ocr-book/ocr-book/tests/2-pages-2-contours.png
1609015382265221262 : Checking separation double page angle 90.09036871657068
1609015382265324263 : Checking separation double page y=0 2486
1609015384250252653 : Checking page rotation 1 0.05
1609015390379948225 : Checking page rotation 2 0.30000000000000004
1609015392113763418 : Checking image 1 crop x1 1189
1609015392113886019 : Checking image 1 crop y1 1751
1609015392113922719 : Checking image 1 crop x2 1190
1609015392113953420 : Checking image 1 crop y2 1752
1609015395543307827 : Checking image 2 crop x1 101
1609015395543426727 : Checking image 2 crop y1 240
1609015395543464127 : Checking image 2 crop x2 2148
1609015395543507226 : Checking image 2 crop y2 3239
1609015395572382449 : Checking image 1 dpi 300
1609015395572481949 : Checking image 1 border top 1752
1609015395572511849 : Checking image 1 border bottom 1753
1609015395572539148 : Checking image 1 border left 1239
1609015395572566148 : Checking image 1 border right 1239
1609015395574066444 : Checking image 2 dpi 300
1609015395574153744 : Checking image 2 border top 230
1609015395574185644 : Checking image 2 border bottom 258
1609015395574216544 : Checking image 2 border left 206
1609015395574247144 : Checking image 2 border right 206

</system-out><system-err>--------------------------------- Captured Err ---------------------------------

</system-err></testcase><testcase classname="tests.test_images" name="test_wrong_split_line_png" time="39.263"><system-out>--------------------------------- Captured Log ---------------------------------

--------------------------------- Captured Out ---------------------------------
/home/runner/work/ocr-book/ocr-book/tests/wrong_split_line.png
1609015420355271887 : Checking separation double page angle 89.93395720607973
1609015420355358186 : Checking separation double page y=0 2465
1609015424983193602 : Checking page rotation 1 -0.14999999999999067
1609015429970889014 : Checking page rotation 2 0.5
1609015432312613535 : Checking image 1 crop x1 213
1609015432312723836 : Checking image 1 crop y1 157
1609015432312757236 : Checking image 1 crop x2 2323
1609015432312786737 : Checking image 1 crop y2 3362
1609015434800278936 : Checking image 2 crop x1 125
1609015434800410337 : Checking image 2 crop y1 165
1609015434800450237 : Checking image 2 crop x2 2237
1609015434800486737 : Checking image 2 crop y2 3374
1609015434831598935 : Checking image 1 dpi 300
1609015434831713236 : Checking image 1 border top 134
1609015434831750036 : Checking image 1 border bottom 148
1609015434831784236 : Checking image 1 border left 175
1609015434831816837 : Checking image 1 border right 175
1609015434833942350 : Checking image 2 dpi 300
1609015434834018051 : Checking image 2 border top 143
1609015434834043451 : Checking image 2 border bottom 135
1609015434834068151 : Checking image 2 border left 174
1609015434834091751 : Checking image 2 border right 174

</system-out><system-err>--------------------------------- Captured Err ---------------------------------

</system-err></testcase><testcase classname="tests.test_images" name="test_image_failed_to_rotate_png" time="58.121"><system-out>--------------------------------- Captured Log ---------------------------------

--------------------------------- Captured Out ---------------------------------
/home/runner/work/ocr-book/ocr-book/tests/image_failed_to_rotate.png
1609015430810346757 : Checking separation double page angle 90.13063640287984
1609015430810441358 : Checking separation double page y=0 2479
1609015435399145344 : Checking page rotation 1 0.35
1609015442603210149 : Checking page rotation 2 0.45
1609015453201121887 : Checking image 1 crop x1 34
1609015453201225188 : Checking image 1 crop y1 1
1609015453201258488 : Checking image 1 crop x2 2477
1609015453201288888 : Checking image 1 crop y2 3500
1609015458147150063 : Checking image 2 crop x1 167
1609015458147259563 : Checking image 2 crop y1 234
1609015458147292764 : Checking image 2 crop x2 2246
1609015458147323264 : Checking image 2 crop y2 3355
1609015458193498759 : Checking image 1 dpi 300
1609015458193599560 : Checking image 1 border top 4
1609015458193628760 : Checking image 1 border bottom 4
1609015458193653360 : Checking image 1 border left 19
1609015458193677661 : Checking image 1 border right 19
1609015458195520172 : Checking image 2 dpi 300
1609015458195607873 : Checking image 2 border top 218
1609015458195640173 : Checking image 2 border bottom 148
1609015458195671773 : Checking image 2 border left 190
1609015458195703874 : Checking image 2 border right 190

</system-out><system-err>--------------------------------- Captured Err ---------------------------------

</system-err></testcase><testcase classname="tests.test_images" name="test_crop_too_much_png" time="70.947"><system-out>--------------------------------- Captured Log ---------------------------------

--------------------------------- Captured Out ---------------------------------
/home/runner/work/ocr-book/ocr-book/tests/crop_too_much.png
1609015475474048713 : Checking separation double page angle 90.13239409272954
1609015475474154314 : Checking separation double page y=0 2455
1609015485440740502 : Checking page rotation 1 0.0
1609015495754410254 : Checking page rotation 2 0.45
1609015500895389641 : Checking image 1 crop x1 303
1609015500895524142 : Checking image 1 crop y1 148
1609015500895564342 : Checking image 1 crop x2 2313
1609015500895599742 : Checking image 1 crop y2 3351
1609015505695673021 : Checking image 2 crop x1 168
1609015505695806222 : Checking image 2 crop y1 155
1609015505695845722 : Checking image 2 crop x2 2179
1609015505695882522 : Checking image 2 crop y2 3359
1609015505760850639 : Checking image 1 dpi 300
1609015505760961040 : Checking image 1 border top 132
1609015505760995040 : Checking image 1 border bottom 152
1609015505761026640 : Checking image 1 border left 225
1609015505761057040 : Checking image 1 border right 225
1609015505763175554 : Checking image 2 dpi 300
1609015505763265054 : Checking image 2 border top 140
1609015505763299355 : Checking image 2 border bottom 143
1609015505763330755 : Checking image 2 border left 224
1609015505763361455 : Checking image 2 border right 224

</system-out><system-err>--------------------------------- Captured Err ---------------------------------

</system-err></testcase><testcase classname="tests.test_images" name="test_image_failed_to_crop_data_png" time="60.486"><system-out>--------------------------------- Captured Log ---------------------------------

--------------------------------- Captured Out ---------------------------------
/home/runner/work/ocr-book/ocr-book/tests/image_failed_to_crop_data.png
1609015489516383685 : Checking separation double page angle 90.053197600644
1609015489516492486 : Checking separation double page y=0 2480
1609015495606009994 : Checking page rotation 1 0.2
1609015501551509448 : Checking page rotation 2 0.0
1609015514015951491 : Checking image 1 crop x1 47
1609015514016073291 : Checking image 1 crop y1 7
1609015514016113192 : Checking image 1 crop x2 2478
1609015514016146592 : Checking image 1 crop y2 3502
1609015518688467933 : Checking image 2 crop x1 160
1609015518688590034 : Checking image 2 crop y1 217
1609015518688622934 : Checking image 2 crop x2 2242
1609015518688651534 : Checking image 2 crop y2 3350
1609015518717332616 : Checking image 1 dpi 300
1609015518717436416 : Checking image 1 border top 6
1609015518717466016 : Checking image 1 border bottom 6
1609015518717490517 : Checking image 1 border left 25
1609015518717514517 : Checking image 1 border right 25
1609015518719331428 : Checking image 2 dpi 300
1609015518719419329 : Checking image 2 border top 206
1609015518719452329 : Checking image 2 border bottom 148
1609015518719484529 : Checking image 2 border left 189
1609015518719515929 : Checking image 2 border right 189

</system-out><system-err>--------------------------------- Captured Err ---------------------------------

</system-err></testcase><testcase classname="tests.test_images" name="test_crop_too_few_png" time="44.033"><system-out>--------------------------------- Captured Log ---------------------------------

--------------------------------- Captured Out ---------------------------------
/home/runner/work/ocr-book/ocr-book/tests/crop_too_few.png
1609015532900154556 : Checking separation double page angle 89.54670238452755
1609015532900268857 : Checking separation double page y=0 2512
1609015538535166588 : Checking page rotation 1 -0.6499999999999977
1609015544284743220 : Checking page rotation 2 0.0
1609015547105070763 : Checking image 1 crop x1 263
1609015547105181864 : Checking image 1 crop y1 150
1609015547105214564 : Checking image 1 crop x2 2377
1609015547105242764 : Checking image 1 crop y2 3357
1609015549790294837 : Checking image 2 crop x1 137
1609015549790404338 : Checking image 2 crop y1 141
1609015549790437038 : Checking image 2 crop x2 2259
1609015549790485038 : Checking image 2 crop y2 3345
1609015549820411530 : Checking image 1 dpi 300
1609015549820506430 : Checking image 1 border top 129
1609015549820536730 : Checking image 1 border bottom 150
1609015549820564531 : Checking image 1 border left 173
1609015549820591031 : Checking image 1 border right 173
1609015549822673744 : Checking image 2 dpi 300
1609015549822748145 : Checking image 2 border top 130
1609015549822777945 : Checking image 2 border bottom 153
1609015549822805345 : Checking image 2 border left 169
1609015549822831945 : Checking image 2 border right 169

</system-out><system-err>--------------------------------- Captured Err ---------------------------------

</system-err></testcase><testcase classname="tests.test_images" name="test_wrong_angle_split_line_png" time="64.761"><system-out>--------------------------------- Captured Log ---------------------------------

--------------------------------- Captured Out ---------------------------------
/home/runner/work/ocr-book/ocr-book/tests/wrong_angle_split_line.png
1609015550776616053 : Checking separation double page angle 90.09193420006348
1609015550776710654 : Checking separation double page y=0 2478
1609015558186253413 : Checking page rotation 1 0.05
1609015565822540183 : Checking page rotation 2 0.0
1609015577728867201 : Checking image 1 crop x1 58
1609015577728989502 : Checking image 1 crop y1 7
1609015577729029102 : Checking image 1 crop x2 2472
1609015577729063902 : Checking image 1 crop y2 3505
1609015582721254909 : Checking image 2 crop x1 163
1609015582721375609 : Checking image 2 crop y1 217
1609015582721416110 : Checking image 2 crop x2 2246
1609015582721453210 : Checking image 2 crop y2 3350
1609015582868508449 : Checking image 1 dpi 300
1609015582868606149 : Checking image 1 border top 5
1609015582868634549 : Checking image 1 border bottom 5
1609015582868659050 : Checking image 1 border left 33
1609015582868684850 : Checking image 1 border right 33
1609015582875773395 : Checking image 2 dpi 300
1609015582875854496 : Checking image 2 border top 206
1609015582875879796 : Checking image 2 border bottom 148
1609015582875904496 : Checking image 2 border left 188
1609015582875928896 : Checking image 2 border right 188

</system-out><system-err>--------------------------------- Captured Err ---------------------------------

</system-err></testcase><testcase classname="tests.test_images" name="test_crop_too_much_2_png" time="79.593"><system-out>--------------------------------- Captured Log ---------------------------------

--------------------------------- Captured Out ---------------------------------
/home/runner/work/ocr-book/ocr-book/tests/crop_too_much_2.png
1609015595899897926 : Checking separation double page angle 90.1149074900787
1609015595900005127 : Checking separation double page y=0 2478
1609015605944556075 : Checking page rotation 1 0.2
1609015618372640546 : Checking page rotation 2 0.2
1609015623237190370 : Checking image 1 crop x1 332
1609015623237319371 : Checking image 1 crop y1 131
1609015623237359171 : Checking image 1 crop x2 2342
1609015623237394571 : Checking image 1 crop y2 3336
1609015629318100350 : Checking image 2 crop x1 162
1609015629318226751 : Checking image 2 crop y1 139
1609015629318266151 : Checking image 2 crop x2 2175
1609015629318303352 : Checking image 2 crop y2 3345
1609015629370485592 : Checking image 1 dpi 300
1609015629370602392 : Checking image 1 border top 119
1609015629370640193 : Checking image 1 border bottom 163
1609015629370674693 : Checking image 1 border left 225
1609015629370709693 : Checking image 1 border right 225
1609015629372886507 : Checking image 2 dpi 300
1609015629372974108 : Checking image 2 border top 130
1609015629373008808 : Checking image 2 border bottom 151
1609015629373042708 : Checking image 2 border left 223
1609015629373077608 : Checking image 2 border right 223

</system-out><system-err>--------------------------------- Captured Err ---------------------------------

</system-err></testcase><testcase classname="tests.test_images" name="test_angle_page_lower_split_line_png" time="51.272"><system-out>--------------------------------- Captured Log ---------------------------------

--------------------------------- Captured Out ---------------------------------
/home/runner/work/ocr-book/ocr-book/tests/angle_page_lower_split_line.png
1609015614041527923 : Checking separation double page angle 89.74927707086691
1609015614041638124 : Checking separation double page y=0 2474
1609015622263837914 : Checking page rotation 1 -0.4000000000000005
1609015628362481927 : Checking page rotation 2 0.2
1609015631652941356 : Checking image 1 crop x1 244
1609015631653047956 : Checking image 1 crop y1 160
1609015631653080956 : Checking image 1 crop x2 2350
1609015631653110857 : Checking image 1 crop y2 3365
1609015634780247621 : Checking image 2 crop x1 150
1609015634780372622 : Checking image 2 crop y1 147
1609015634780406122 : Checking image 2 crop x2 2257
1609015634780436123 : Checking image 2 crop y2 3350
1609015634814705746 : Checking image 1 dpi 300
1609015634814822747 : Checking image 1 border top 144
1609015634814850247 : Checking image 1 border bottom 138
1609015634814874847 : Checking image 1 border left 177
1609015634814899047 : Checking image 1 border right 177
1609015634816653558 : Checking image 2 dpi 300
1609015634816747059 : Checking image 2 border top 130
1609015634816780059 : Checking image 2 border bottom 154
1609015634816831360 : Checking image 2 border left 176
1609015634816865660 : Checking image 2 border right 176

</system-out><system-err>--------------------------------- Captured Err ---------------------------------

</system-err></testcase><testcase classname="tests.test_images" name="test_wrong_split_line_2_png" time="83.506"><system-out>--------------------------------- Captured Log ---------------------------------

--------------------------------- Captured Out ---------------------------------
/home/runner/work/ocr-book/ocr-book/tests/wrong_split_line_2.png
1609015672265890591 : Checking separation double page angle 90.19944704411863
1609015672265990892 : Checking separation double page y=0 2437
1609015683497046560 : Checking page rotation 1 0.2
1609015696166263723 : Checking page rotation 2 0.4
1609015703153097293 : Checking image 1 crop x1 294
1609015703153220695 : Checking image 1 crop y1 136
1609015703153256095 : Checking image 1 crop x2 2325
1609015703153288396 : Checking image 1 crop y2 3376
1609015712861324082 : Checking image 2 crop x1 140
1609015712861433783 : Checking image 2 crop y1 192
1609015712861466683 : Checking image 2 crop x2 2167
1609015712861496484 : Checking image 2 crop y2 3386
1609015712904653678 : Checking image 1 dpi 300
1609015712904769880 : Checking image 1 border top 131
1609015712904806580 : Checking image 1 border bottom 116
1609015712904840481 : Checking image 1 border left 214
1609015712904872881 : Checking image 1 border right 214
1609015712907027606 : Checking image 2 dpi 300
1609015712907112107 : Checking image 2 border top 183
1609015712907146307 : Checking image 2 border bottom 110
1609015712907179307 : Checking image 2 border left 216
1609015712907212008 : Checking image 2 border right 216

</system-out><system-err>--------------------------------- Captured Err ---------------------------------

</system-err></testcase><testcase classname="tests.test_images" name="test_wrong_wave_split_line_png" time="78.727"><system-out>--------------------------------- Captured Log ---------------------------------

--------------------------------- Captured Out ---------------------------------
/home/runner/work/ocr-book/ocr-book/tests/wrong_wave_split_line.png
1609015675350686401 : Checking separation double page angle 90.37878604107719
1609015675350783802 : Checking separation double page y=0 2500
1609015685681809995 : Checking page rotation 1 -0.14999999999999067
1609015696107892648 : Checking page rotation 2 0.85
1609015704671317630 : Checking image 1 crop x1 385
1609015704671435031 : Checking image 1 crop y1 179
1609015704671468332 : Checking image 1 crop x2 2411
1609015704671498432 : Checking image 1 crop y2 3374
1609015713462081969 : Checking image 2 crop x1 8
1609015713462215971 : Checking image 2 crop y1 0
1609015713462254771 : Checking image 2 crop x2 2415
1609015713462290772 : Checking image 2 crop y2 3505
1609015713516509393 : Checking image 1 dpi 300
1609015713516626194 : Checking image 1 border top 173
1609015713516664095 : Checking image 1 border bottom 119
1609015713516698295 : Checking image 1 border left 217
1609015713516731596 : Checking image 1 border right 217
1609015713518524216 : Checking image 2 dpi 300
1609015713518611717 : Checking image 2 border top 1
1609015713518647118 : Checking image 2 border bottom 1
1609015713518680718 : Checking image 2 border left 37
1609015713518714218 : Checking image 2 border right 37

</system-out><system-err>--------------------------------- Captured Err ---------------------------------

</system-err></testcase><testcase classname="tests.test_images" name="test_small_wave_png" time="68.237"><system-out>--------------------------------- Captured Log ---------------------------------

--------------------------------- Captured Out ---------------------------------
/home/runner/work/ocr-book/ocr-book/tests/small_wave.png
1609015757062884238 : Checking separation double page angle 90.58816928841564
1609015757062984539 : Checking separation double page y=0 2497
1609015766509565760 : Checking page rotation 1 0.65
1609015774995308332 : Checking page rotation 2 0.75
1609015778054641890 : Checking image 1 crop x1 320
1609015778054762391 : Checking image 1 crop y1 199
1609015778054798992 : Checking image 1 crop x2 2353
1609015778054832192 : Checking image 1 crop y2 3394
1609015781084194805 : Checking image 2 crop x1 132
1609015781084323206 : Checking image 2 crop y1 224
1609015781084363607 : Checking image 2 crop x2 2160
1609015781084403107 : Checking image 2 crop y2 3419
1609015781124901571 : Checking image 1 dpi 300
1609015781124998572 : Checking image 1 border top 179
1609015781125032073 : Checking image 1 border bottom 112
1609015781125063373 : Checking image 1 border left 213
1609015781125093873 : Checking image 1 border right 213
1609015781126885294 : Checking image 2 dpi 300
1609015781126961595 : Checking image 2 border top 197
1609015781126992995 : Checking image 2 border bottom 95
1609015781127023696 : Checking image 2 border left 216
1609015781127055496 : Checking image 2 border right 216

</system-out><system-err>--------------------------------- Captured Err ---------------------------------

</system-err></testcase><testcase classname="tests.test_images" name="test_no_split_line_line_algo_png" time="49.726"><system-out>--------------------------------- Captured Log ---------------------------------

--------------------------------- Captured Out ---------------------------------
/home/runner/work/ocr-book/ocr-book/tests/no_split_line_line_algo.png
1609015743772890699 : Checking separation double page angle 89.47691469185418
1609015743772990000 : Checking separation double page y=0 2476
1609015748306786353 : Checking page rotation 1 -0.14999999999999067
1609015756110965199 : Checking page rotation 2 -0.44999999999999746
1609015758722671514 : Checking image 1 crop x1 205
1609015758722793115 : Checking image 1 crop y1 158
1609015758722830116 : Checking image 1 crop x2 2320
1609015758722864316 : Checking image 1 crop y2 3366
1609015763221284920 : Checking image 2 crop x1 185
1609015763221413721 : Checking image 2 crop y1 221
1609015763221453622 : Checking image 2 crop x2 2201
1609015763221490122 : Checking image 2 crop y2 3366
1609015763264731801 : Checking image 1 dpi 300
1609015763264850702 : Checking image 1 border top 144
1609015763264885603 : Checking image 1 border bottom 134
1609015763264919003 : Checking image 1 border left 172
1609015763264950303 : Checking image 1 border right 172
1609015763266782324 : Checking image 2 dpi 300
1609015763266870625 : Checking image 2 border top 219
1609015763266905725 : Checking image 2 border bottom 123
1609015763266939825 : Checking image 2 border left 222
1609015763266973526 : Checking image 2 border right 222

</system-out><system-err>--------------------------------- Captured Err ---------------------------------

</system-err></testcase><testcase classname="tests.test_images" name="test_failed_split_line_line_algo_png" time="27.673"><system-out>--------------------------------- Captured Log ---------------------------------

--------------------------------- Captured Out ---------------------------------
/home/runner/work/ocr-book/ocr-book/tests/failed_split_line_line_algo.png
1609015781689840644 : Checking separation double page angle 90.04134220573248
1609015781689968946 : Checking separation double page y=0 2573
1609015784775869603 : Checking page rotation 1 -0.14999999999999067
1609015786998121965 : Checking page rotation 2 0.0
1609015789373193630 : Checking image 1 crop x1 407
1609015789373316232 : Checking image 1 crop y1 2925
1609015789373354332 : Checking image 1 crop x2 2419
1609015789373387133 : Checking image 1 crop y2 3174
1609015790965234129 : Checking image 2 crop x1 1184
1609015790965348430 : Checking image 2 crop y1 1748
1609015790965384930 : Checking image 2 crop x2 1185
1609015790965419431 : Checking image 2 crop y2 1749
1609015790965717934 : Checking image 1 dpi 300
1609015790965804035 : Checking image 1 border top 2922
1609015790965839335 : Checking image 1 border bottom 316
1609015790965902536 : Checking image 1 border left 224
1609015790965938237 : Checking image 1 border right 224
1609015790967226651 : Checking image 2 dpi 300
1609015790967304352 : Checking image 2 border top 1752
1609015790967355753 : Checking image 2 border bottom 1753
1609015790967390153 : Checking image 2 border left 1239
1609015790967423754 : Checking image 2 border right 1239

</system-out><system-err>--------------------------------- Captured Err ---------------------------------

</system-err></testcase><testcase classname="tests.test_images" name="test_wrong_split_line_3_png" time="56.198"><system-out>--------------------------------- Captured Log ---------------------------------

--------------------------------- Captured Out ---------------------------------
/home/runner/work/ocr-book/ocr-book/tests/wrong_split_line_3.png
1609015815892117272 : Checking separation double page angle 90.43729500214694
1609015815892215673 : Checking separation double page y=0 2498
1609015824256925832 : Checking page rotation 1 0.30000000000000004
1609015830738903183 : Checking page rotation 2 0.9
1609015834304667587 : Checking image 1 crop x1 331
1609015834304796988 : Checking image 1 crop y1 165
1609015834304846589 : Checking image 1 crop x2 2375
1609015834304879089 : Checking image 1 crop y2 3376
1609015837311081816 : Checking image 2 crop x1 102
1609015837311212218 : Checking image 2 crop y1 208
1609015837311252618 : Checking image 2 crop x2 2133
1609015837311289419 : Checking image 2 crop y2 3413
1609015837350461559 : Checking image 1 dpi 300
1609015837350592960 : Checking image 1 border top 157
1609015837350630061 : Checking image 1 border bottom 119
1609015837350663861 : Checking image 1 border left 208
1609015837350696662 : Checking image 1 border right 208
1609015837352518782 : Checking image 2 dpi 300
1609015837352599283 : Checking image 2 border top 187
1609015837352633583 : Checking image 2 border bottom 95
1609015837352667084 : Checking image 2 border left 214
1609015837352700084 : Checking image 2 border right 214

</system-out><system-err>--------------------------------- Captured Err ---------------------------------

</system-err></testcase><testcase classname="tests.test_images" name="test_failed_split_line_line_algo_2_png" time="63.490"><system-out>--------------------------------- Captured Log ---------------------------------

--------------------------------- Captured Out ---------------------------------
/home/runner/work/ocr-book/ocr-book/tests/failed_split_line_line_algo_2.png
1609015828764232986 : Checking separation double page angle 90.03068774449687
1609015828764329287 : Checking separation double page y=0 2500
1609015838701611947 : Checking page rotation 1 0.0
1609015847832996102 : Checking page rotation 2 0.6000000000000001
1609015851007899958 : Checking image 1 crop x1 272
1609015851008031160 : Checking image 1 crop y1 149
1609015851008071160 : Checking image 1 crop x2 2383
1609015851008106061 : Checking image 1 crop y2 3353
1609015854390700294 : Checking image 2 crop x1 121
1609015854390823095 : Checking image 2 crop y1 155
1609015854390860696 : Checking image 2 crop x2 2244
1609015854390894996 : Checking image 2 crop y2 3350
1609015854431795865 : Checking image 1 dpi 300
1609015854431909066 : Checking image 1 border top 138
1609015854431939766 : Checking image 1 border bottom 145
1609015854431969467 : Checking image 1 border left 174
1609015854431998567 : Checking image 1 border right 174
1609015854433756087 : Checking image 2 dpi 300
1609015854433833188 : Checking image 2 border top 136
1609015854433893989 : Checking image 2 border bottom 156
1609015854433927789 : Checking image 2 border left 168
1609015854433958889 : Checking image 2 border right 168

</system-out><system-err>--------------------------------- Captured Err ---------------------------------

</system-err></testcase><testcase classname="tests.test_images" name="test_crop_too_much_3_png" time="63.229"><system-out>--------------------------------- Captured Log ---------------------------------

--------------------------------- Captured Out ---------------------------------
/home/runner/work/ocr-book/ocr-book/tests/crop_too_much_3.png
1609015875081669333 : Checking separation double page angle 89.49330634783144
1609015875081775634 : Checking separation double page y=0 2498
1609015882139753912 : Checking page rotation 1 -0.8999999999999949
1609015891976953471 : Checking page rotation 2 -0.14999999999999067
1609015895954149619 : Checking image 1 crop x1 374
1609015895954292321 : Checking image 1 crop y1 258
1609015895954329322 : Checking image 1 crop x2 2385
1609015895954361422 : Checking image 1 crop y2 3459
1609015900533186665 : Checking image 2 crop x1 168
1609015900533307966 : Checking image 2 crop y1 228
1609015900533344867 : Checking image 2 crop x2 2181
1609015900533436968 : Checking image 2 crop y2 3417
1609015900578458384 : Checking image 1 dpi 300
1609015900578558985 : Checking image 1 border top 239
1609015900578588685 : Checking image 1 border bottom 47
1609015900578616086 : Checking image 1 border left 224
1609015900578643086 : Checking image 1 border right 224
1609015900580375006 : Checking image 2 dpi 300
1609015900580448507 : Checking image 2 border top 209
1609015900580476607 : Checking image 2 border bottom 89
1609015900580503707 : Checking image 2 border left 223
1609015900580531508 : Checking image 2 border right 223

</system-out><system-err>--------------------------------- Captured Err ---------------------------------

</system-err></testcase><testcase classname="tests.test_images" name="test_wrong_wave_split_line_2_png" time="68.406"><system-out>--------------------------------- Captured Log ---------------------------------

--------------------------------- Captured Out ---------------------------------
/home/runner/work/ocr-book/ocr-book/tests/wrong_wave_split_line_2.png
1609015893808416693 : Checking separation double page angle 90.7708958311329
1609015893808513694 : Checking separation double page y=0 2490
1609015901756503287 : Checking page rotation 1 0.4
1609015912617420762 : Checking page rotation 2 1.8
1609015916266935078 : Checking image 1 crop x1 224
1609015916267056379 : Checking image 1 crop y1 147
1609015916267094980 : Checking image 1 crop x2 2337
1609015916267129280 : Checking image 1 crop y2 3355
1609015922790639087 : Checking image 2 crop x1 107
1609015922790761289 : Checking image 2 crop y1 197
1609015922790798789 : Checking image 2 crop x2 2229
1609015922790832589 : Checking image 2 crop y2 3396
1609015922837587224 : Checking image 1 dpi 300
1609015922837693125 : Checking image 1 border top 137
1609015922837727126 : Checking image 1 border bottom 142
1609015922837759226 : Checking image 1 border left 173
1609015922837790927 : Checking image 1 border right 173
1609015922839531446 : Checking image 2 dpi 300
1609015922839609247 : Checking image 2 border top 171
1609015922839641248 : Checking image 2 border bottom 116
1609015922839673048 : Checking image 2 border left 169
1609015922839703948 : Checking image 2 border right 169

</system-out><system-err>--------------------------------- Captured Err ---------------------------------

</system-err></testcase><testcase classname="tests.test_images" name="test_wrong_wave_split_line_3_png" time="59.482"><system-out>--------------------------------- Captured Log ---------------------------------

--------------------------------- Captured Out ---------------------------------
/home/runner/work/ocr-book/ocr-book/tests/wrong_wave_split_line_3.png
1609015938517380622 : Checking separation double page angle 90.05826063695574
1609015938517474823 : Checking separation double page y=0 2514
1609015947103347554 : Checking page rotation 1 0.05
1609015953646800606 : Checking page rotation 2 0.30000000000000004
1609015957057393257 : Checking image 1 crop x1 273
1609015957057504258 : Checking image 1 crop y1 220
1609015957057553959 : Checking image 1 crop x2 2383
1609015957057585859 : Checking image 1 crop y2 3423
1609015960037561541 : Checking image 2 crop x1 114
1609015960037682942 : Checking image 2 crop y1 226
1609015960037719442 : Checking image 2 crop x2 2237
1609015960037754643 : Checking image 2 crop y2 3414
1609015960075555375 : Checking image 1 dpi 300
1609015960075660776 : Checking image 1 border top 202
1609015960075694877 : Checking image 1 border bottom 82
1609015960075726077 : Checking image 1 border left 175
1609015960075757877 : Checking image 1 border right 175
1609015960077474997 : Checking image 2 dpi 300
1609015960077544598 : Checking image 2 border top 207
1609015960077572198 : Checking image 2 border bottom 92
1609015960077599198 : Checking image 2 border left 168
1609015960077625599 : Checking image 2 border right 168

</system-out><system-err>--------------------------------- Captured Err ---------------------------------

</system-err></testcase><testcase classname="tests.test_images" name="test_no_split_line_wave_algo_png" time="66.685"><system-out>--------------------------------- Captured Log ---------------------------------

--------------------------------- Captured Out ---------------------------------
/home/runner/work/ocr-book/ocr-book/tests/no_split_line_wave_algo.png
1609015956162298720 : Checking separation double page angle 89.72500000000001
1609015956162403921 : Checking separation double page y=0 2484
1609015962150322604 : Checking page rotation 1 0.0
1609015971277744523 : Checking page rotation 2 -0.49999999999999434
1609015981483364824 : Checking image 1 crop x1 97
1609015981483441225 : Checking image 1 crop y1 79
1609015981483476426 : Checking image 1 crop x2 2494
1609015981483509026 : Checking image 1 crop y2 3505
1609015989451521637 : Checking image 2 crop x1 163
1609015989451644138 : Checking image 2 crop y1 266
1609015989451686239 : Checking image 2 crop x2 2238
1609015989451723139 : Checking image 2 crop y2 3381
1609015989493372015 : Checking image 1 dpi 300
1609015989493494016 : Checking image 1 border top 41
1609015989493530117 : Checking image 1 border bottom 41
1609015989493564317 : Checking image 1 border left 42
1609015989493598118 : Checking image 1 border right 42
1609015989495423138 : Checking image 2 dpi 300
1609015989495507139 : Checking image 2 border top 258
1609015989495545440 : Checking image 2 border bottom 114
1609015989495579640 : Checking image 2 border left 192
1609015989495613841 : Checking image 2 border right 192

</system-out><system-err>--------------------------------- Captured Err ---------------------------------

</system-err></testcase><testcase classname="tests.test_images" name="test_no_split_line_wave_algo_2_png" time="51.149"><system-out>--------------------------------- Captured Log ---------------------------------

--------------------------------- Captured Out ---------------------------------
/home/runner/work/ocr-book/ocr-book/tests/no_split_line_wave_algo_2.png
1609015990571836641 : Checking separation double page angle 90.54999999999998
1609015990571943342 : Checking separation double page y=0 2478
1609015997731271850 : Checking page rotation 1 1.1500000000000001
1609016005546678816 : Checking page rotation 2 0.2
1609016008456534706 : Checking image 1 crop x1 266
1609016008456638908 : Checking image 1 crop y1 209
1609016008456671008 : Checking image 1 crop x2 2342
1609016008456700508 : Checking image 1 crop y2 3413
1609016011192674610 : Checking image 2 crop x1 168
1609016011192777011 : Checking image 2 crop y1 241
1609016011192809311 : Checking image 2 crop x2 2251
1609016011192839211 : Checking image 2 crop y2 3433
1609016011229127827 : Checking image 1 dpi 300
1609016011229236528 : Checking image 1 border top 191
1609016011229273928 : Checking image 1 border bottom 92
1609016011229318629 : Checking image 1 border left 192
1609016011229349129 : Checking image 1 border right 192
1609016011231107749 : Checking image 2 dpi 300
1609016011231185750 : Checking image 2 border top 224
1609016011231217450 : Checking image 2 border bottom 71
1609016011231248151 : Checking image 2 border left 188
1609016011231278651 : Checking image 2 border right 188

</system-out><system-err>--------------------------------- Captured Err ---------------------------------

</system-err></testcase><testcase classname="tests.test_images" name="test_crop_too_few_2_png" time="48.288"><system-out>--------------------------------- Captured Log ---------------------------------

--------------------------------- Captured Out ---------------------------------
/home/runner/work/ocr-book/ocr-book/tests/crop_too_few_2.png
1609016017917977304 : Checking separation double page angle 90.30476192320097
1609016017918066105 : Checking separation double page y=0 2531
1609016024839490878 : Checking page rotation 1 1.2000000000000002
1609016030936281141 : Checking page rotation 2 -0.04999999999999689
1609016034399167833 : Checking image 1 crop x1 287
1609016034399289534 : Checking image 1 crop y1 165
1609016034399338935 : Checking image 1 crop x2 2398
1609016034399372435 : Checking image 1 crop y2 3368
1609016037800473911 : Checking image 2 crop x1 149
1609016037800579112 : Checking image 2 crop y1 189
1609016037800609913 : Checking image 2 crop x2 2273
1609016037800640013 : Checking image 2 crop y2 3386
1609016037836549223 : Checking image 1 dpi 300
1609016037836653325 : Checking image 1 border top 157
1609016037836687425 : Checking image 1 border bottom 127
1609016037836719825 : Checking image 1 border left 174
1609016037836753226 : Checking image 1 border right 174
1609016037838539646 : Checking image 2 dpi 300
1609016037838622547 : Checking image 2 border top 181
1609016037838657447 : Checking image 2 border bottom 109
1609016037838691548 : Checking image 2 border left 168
1609016037838725248 : Checking image 2 border right 168

</system-out><system-err>--------------------------------- Captured Err ---------------------------------

</system-err></testcase><testcase classname="tests.test_images" name="test_failed_detect_rectangle_png" time="61.186"><system-out>--------------------------------- Captured Log ---------------------------------

--------------------------------- Captured Out ---------------------------------
/home/runner/work/ocr-book/ocr-book/tests/failed_detect_rectangle.png
1609016046982483606 : Checking separation double page angle 90.19837516213148
1609016046982576907 : Checking separation double page y=0 2474
1609016055696786001 : Checking page rotation 1 0.2
1609016065868940180 : Checking page rotation 2 0.2
1609016069094899918 : Checking image 1 crop x1 257
1609016069095017319 : Checking image 1 crop y1 201
1609016069095054019 : Checking image 1 crop x2 2333
1609016069095086320 : Checking image 1 crop y2 3402
1609016072358296083 : Checking image 2 crop x1 136
1609016072358409084 : Checking image 2 crop y1 215
1609016072358445585 : Checking image 2 crop x2 2219
1609016072358479885 : Checking image 2 crop y2 3406
1609016072405447823 : Checking image 1 dpi 300
1609016072405553324 : Checking image 1 border top 188
1609016072405587124 : Checking image 1 border bottom 97
1609016072405618825 : Checking image 1 border left 192
1609016072405649325 : Checking image 1 border right 192
1609016072407377845 : Checking image 2 dpi 300
1609016072407478646 : Checking image 2 border top 200
1609016072407510646 : Checking image 2 border bottom 95
1609016072407541547 : Checking image 2 border left 188
1609016072407571547 : Checking image 2 border right 188

</system-out><system-err>--------------------------------- Captured Err ---------------------------------

</system-err></testcase><testcase classname="tests.test_images" name="test_single_page_png" time="25.505"><system-out>--------------------------------- Captured Log ---------------------------------

--------------------------------- Captured Out ---------------------------------
/home/runner/work/ocr-book/ocr-book/tests/single_page.png
1609016049125228244 : Checking separation double page angle 90.04999999999998
1609016049125343146 : Checking separation double page y=0 2476
1609016054567829572 : Checking page rotation 1 0.0
1609016055144078071 : Checking page rotation 2 0.0
1609016062400278864 : Checking image 1 crop x1 1
1609016062400366065 : Checking image 1 crop y1 8
1609016062400411865 : Checking image 1 crop x2 2470
1609016062400447166 : Checking image 1 crop y2 3505
1609016063012876778 : Checking image 2 crop x1 0
1609016063012945479 : Checking image 2 crop y1 0
1609016063012975879 : Checking image 2 crop x2 0
1609016063013004080 : Checking image 2 crop y2 0
1609016063013075180 : Checking image 1 dpi 300
1609016063013141681 : Checking image 1 border top 5
1609016063013172882 : Checking image 1 border bottom 5
1609016063013204082 : Checking image 1 border left 6
1609016063013235582 : Checking image 1 border right 6
1609016063019194051 : Checking image 2 border top 0
1609016063019254651 : Checking image 2 border bottom 0
1609016063019281252 : Checking image 2 border left 0
1609016063019307752 : Checking image 2 border right 0

</system-out><system-err>--------------------------------- Captured Err ---------------------------------

</system-err></testcase><testcase classname="tests.test_images" name="test_wrong_split_line_4_png" time="29.091"><system-out>--------------------------------- Captured Log ---------------------------------

--------------------------------- Captured Out ---------------------------------
/home/runner/work/ocr-book/ocr-book/tests/wrong_split_line_4.png
1609016080247425553 : Checking separation double page angle 91.04999999999998
1609016080247526454 : Checking separation double page y=0 60
1609016080516469229 : Checking page rotation 1 1.05
1609016087941776984 : Checking page rotation 2 1.1500000000000001
1609016088495602924 : Checking image 1 crop x1 0
1609016088495666425 : Checking image 1 crop y1 0
1609016088495696725 : Checking image 1 crop x2 0
1609016088495736226 : Checking image 1 crop y2 0
1609016092440799885 : Checking image 2 crop x1 292
1609016092440889186 : Checking image 2 crop y1 330
1609016092440919186 : Checking image 2 crop x2 2314
1609016092440944287 : Checking image 2 crop y2 3218
1609016092480044234 : Checking image 1 border top 0
1609016092480088634 : Checking image 1 border bottom 0
1609016092480114735 : Checking image 1 border left 0
1609016092480135835 : Checking image 1 border right 0
1609016092480173635 : Checking image 2 dpi 300
1609016092480229436 : Checking image 2 border top 322
1609016092480251436 : Checking image 2 border bottom 277
1609016092480272937 : Checking image 2 border left 219
1609016092480294537 : Checking image 2 border right 219

</system-out><system-err>--------------------------------- Captured Err ---------------------------------

</system-err></testcase><testcase classname="tests.test_images" name="test_no_split_line_wave_algo_3_png" time="18.872"><system-out>--------------------------------- Captured Log ---------------------------------

--------------------------------- Captured Out ---------------------------------
/home/runner/work/ocr-book/ocr-book/tests/no_split_line_wave_algo_3.png
1609016083475154962 : Checking separation double page angle 90.14999999999998
1609016083475255663 : Checking separation double page y=0 2408
1609016086370330295 : Checking page rotation 1 0.0
1609016086727524484 : Checking page rotation 2 0.35
1609016090780756884 : Checking image 1 crop x1 184
1609016090780844885 : Checking image 1 crop y1 2957
1609016090780874985 : Checking image 1 crop x2 2201
1609016090780900385 : Checking image 1 crop y2 3202
1609016091280968010 : Checking image 2 crop x1 0
1609016091281034511 : Checking image 2 crop y1 0
1609016091281063811 : Checking image 2 crop x2 0
1609016091281091911 : Checking image 2 crop y2 0
1609016091281169612 : Checking image 1 dpi 300
1609016091281238613 : Checking image 1 border top 2950
1609016091281270113 : Checking image 1 border bottom 292
1609016091281300614 : Checking image 1 border left 221
1609016091281330514 : Checking image 1 border right 221
1609016091286718276 : Checking image 2 border top 0
1609016091286787976 : Checking image 2 border bottom 0
1609016091286812777 : Checking image 2 border left 0
1609016091286836077 : Checking image 2 border right 0

</system-out><system-err>--------------------------------- Captured Err ---------------------------------

</system-err></testcase><testcase classname="tests.test_images" name="test_failed_split_line_line_algo_3_png" time="21.913"><system-out>--------------------------------- Captured Log ---------------------------------

--------------------------------- Captured Out ---------------------------------
/home/runner/work/ocr-book/ocr-book/tests/failed_split_line_line_algo_3.png
1609016104614815695 : Checking separation double page angle 90.0
1609016104614929197 : Checking separation double page y=0 40
1609016104767217643 : Checking page rotation 1 0.0
1609016108256375193 : Checking page rotation 2 0.0
1609016108612275664 : Checking image 1 crop x1 0
1609016108612334464 : Checking image 1 crop y1 0
1609016108612360665 : Checking image 1 crop x2 0
1609016108612386265 : Checking image 1 crop y2 0
1609016114372779443 : Checking image 2 crop x1 246
1609016114372883544 : Checking image 2 crop y1 154
1609016114372918145 : Checking image 2 crop x2 2259
1609016114372950245 : Checking image 2 crop y2 3361
1609016114406758832 : Checking image 1 border top 0
1609016114406814933 : Checking image 1 border bottom 0
1609016114406842733 : Checking image 1 border left 0
1609016114406870433 : Checking image 1 border right 0
1609016114406919334 : Checking image 2 dpi 300
1609016114406988834 : Checking image 2 border top 146
1609016114407016535 : Checking image 2 border bottom 134
1609016114407044635 : Checking image 2 border left 223
1609016114407072735 : Checking image 2 border right 223

</system-out><system-err>--------------------------------- Captured Err ---------------------------------

</system-err></testcase></testsuite></testsuites>