<?xml version="1.0" encoding="utf-8"?><testsuites><testsuite name="pytest" errors="0" failures="0" skipped="0" tests="36" time="534.214" timestamp="2021-01-03T10:58:25.044657" hostname="fv-az136-982"><testcase classname="tests.test_features" name="test_mock_stop_at_0" time="0.047"><system-out>--------------------------------- Captured Log ---------------------------------

--------------------------------- Captured Out ---------------------------------
/home/runner/work/ocr-book/ocr-book/tests/0001_0.png

</system-out><system-err>--------------------------------- Captured Err ---------------------------------

</system-err></testcase><testcase classname="tests.test_features" name="test_disabled_enable_debug" time="31.937"><system-out>--------------------------------- Captured Log ---------------------------------

--------------------------------- Captured Out ---------------------------------
/home/runner/work/ocr-book/ocr-book/tests/0001_debug.png
separation double page angle 90.5528088189967
separation double page y=0 2485
page rotation 1 0.5499999999999999
page rotation 2 0.2
image 1 crop x1 327
image 1 crop y1 334
image 1 crop x2 2346
image 1 crop y2 3221
image 2 crop x1 169
image 2 crop y1 648
image 2 crop x2 2186
image 2 crop y2 3361
image 1 dpi 300
image 1 border top 332
image 1 border bottom 268
image 1 border left 220
image 1 border right 220
image 2 dpi 300
image 2 border top 643
image 2 border bottom 131
image 2 border left 221
image 2 border right 221

</system-out><system-err>--------------------------------- Captured Err ---------------------------------

</system-err></testcase><testcase classname="tests.test_features" name="test_mock_stop_at_2" time="28.299"><system-out>--------------------------------- Captured Log ---------------------------------

--------------------------------- Captured Out ---------------------------------
/home/runner/work/ocr-book/ocr-book/tests/0001_2.png
separation double page angle 90.5528088189967
separation double page y=0 2485
page rotation 1 0.5499999999999999
page rotation 2 0.2

</system-out><system-err>--------------------------------- Captured Err ---------------------------------

</system-err></testcase><testcase classname="tests.test_features" name="test_mock_stop_at_4" time="30.949"><system-out>--------------------------------- Captured Log ---------------------------------

--------------------------------- Captured Out ---------------------------------
/home/runner/work/ocr-book/ocr-book/tests/0001_4.png
separation double page angle 90.5528088189967
separation double page y=0 2485
page rotation 1 0.5499999999999999
page rotation 2 0.2
image 1 crop x1 327
image 1 crop y1 334
image 1 crop x2 2346
image 1 crop y2 3221
image 2 crop x1 169
image 2 crop y1 648
image 2 crop x2 2186
image 2 crop y2 3361
image 1 dpi 300
image 1 border top 332
image 1 border bottom 268
image 1 border left 220
image 1 border right 220
image 2 dpi 300
image 2 border top 643
image 2 border bottom 131
image 2 border left 221
image 2 border right 221

</system-out><system-err>--------------------------------- Captured Err ---------------------------------

</system-err></testcase><testcase classname="tests.test_features" name="test_mock_stop_at_1" time="25.279"><system-out>--------------------------------- Captured Log ---------------------------------

--------------------------------- Captured Out ---------------------------------
/home/runner/work/ocr-book/ocr-book/tests/0001_1.png
separation double page angle 90.5528088189967
separation double page y=0 2485

</system-out><system-err>--------------------------------- Captured Err ---------------------------------

</system-err></testcase><testcase classname="tests.test_features" name="test_mock_stop_at_3" time="30.938"><system-out>--------------------------------- Captured Log ---------------------------------

--------------------------------- Captured Out ---------------------------------
/home/runner/work/ocr-book/ocr-book/tests/0001_3.png
separation double page angle 90.5528088189967
separation double page y=0 2485
page rotation 1 0.5499999999999999
page rotation 2 0.2
image 1 crop x1 327
image 1 crop y1 334
image 1 crop x2 2346
image 1 crop y2 3221
image 2 crop x1 169
image 2 crop y1 648
image 2 crop x2 2186
image 2 crop y2 3361

</system-out><system-err>--------------------------------- Captured Err ---------------------------------

</system-err></testcase><testcase classname="tests.test_images" name="test_0001_png" time="30.168"><system-out>--------------------------------- Captured Log ---------------------------------

--------------------------------- Captured Out ---------------------------------
/home/runner/work/ocr-book/ocr-book/tests/0001.png
1609671590666529809 : Checking separation double page angle 90.5528088189967
1609671590666630817 : Checking separation double page y=0 2485
1609671591556225428 : Checking page rotation 1 0.5499999999999999
1609671592669705907 : Checking page rotation 2 0.2
1609671594537049607 : Checking image 1 crop x1 327
1609671594537170617 : Checking image 1 crop y1 334
1609671594537218720 : Checking image 1 crop x2 2346
1609671594537257323 : Checking image 1 crop y2 3221
1609671595963776246 : Checking image 2 crop x1 169
1609671595963897556 : Checking image 2 crop y1 648
1609671595963935959 : Checking image 2 crop x2 2186
1609671595963969462 : Checking image 2 crop y2 3361
1609671595964135875 : Checking image 1 dpi 300
1609671595964200180 : Checking image 1 border top 332
1609671595964234482 : Checking image 1 border bottom 268
1609671595964266085 : Checking image 1 border left 220
1609671595964297487 : Checking image 1 border right 220
1609671595966400752 : Checking image 2 dpi 300
1609671595966481158 : Checking image 2 border top 643
1609671595966509460 : Checking image 2 border bottom 131
1609671595966537262 : Checking image 2 border left 221
1609671595966564765 : Checking image 2 border right 221

</system-out><system-err>--------------------------------- Captured Err ---------------------------------

</system-err></testcase><testcase classname="tests.test_features" name="test_mock_stop_at_5" time="31.802"><system-out>--------------------------------- Captured Log ---------------------------------

--------------------------------- Captured Out ---------------------------------
/home/runner/work/ocr-book/ocr-book/tests/0001_5.png
separation double page angle 90.5528088189967
separation double page y=0 2485
page rotation 1 0.5499999999999999
page rotation 2 0.2
image 1 crop x1 327
image 1 crop y1 334
image 1 crop x2 2346
image 1 crop y2 3221
image 2 crop x1 169
image 2 crop y1 648
image 2 crop x2 2186
image 2 crop y2 3361
image 1 dpi 300
image 1 border top 332
image 1 border bottom 268
image 1 border left 220
image 1 border right 220
image 2 dpi 300
image 2 border top 643
image 2 border bottom 131
image 2 border left 221
image 2 border right 221

</system-out><system-err>--------------------------------- Captured Err ---------------------------------

</system-err></testcase><testcase classname="tests.test_images" name="test_black_border_not_removed_png" time="33.132"><system-out>--------------------------------- Captured Log ---------------------------------

--------------------------------- Captured Out ---------------------------------
/home/runner/work/ocr-book/ocr-book/tests/black-border-not-removed.png
1609671622149575485 : Checking separation double page angle 90.033171103531
1609671622149685294 : Checking separation double page y=0 2455
1609671623118232490 : Checking page rotation 1 0.0
1609671624470010397 : Checking page rotation 2 0.05
1609671627017423014 : Checking image 1 crop x1 297
1609671627017521722 : Checking image 1 crop y1 143
1609671627017547624 : Checking image 1 crop x2 2309
1609671627017570826 : Checking image 1 crop y2 3346
1609671629085868065 : Checking image 2 crop x1 157
1609671629085995274 : Checking image 2 crop y1 145
1609671629086034078 : Checking image 2 crop x2 2170
1609671629086071480 : Checking image 2 crop y2 3351
1609671629086238994 : Checking image 1 dpi 300
1609671629086310199 : Checking image 1 border top 132
1609671629086344702 : Checking image 1 border bottom 152
1609671629086378504 : Checking image 1 border left 224
1609671629086412407 : Checking image 1 border right 224
1609671629088748989 : Checking image 2 dpi 300
1609671629088846197 : Checking image 2 border top 134
1609671629088882100 : Checking image 2 border bottom 147
1609671629088916002 : Checking image 2 border left 223
1609671629088949705 : Checking image 2 border right 223

</system-out><system-err>--------------------------------- Captured Err ---------------------------------

</system-err></testcase><testcase classname="tests.test_images" name="test_2_pages_2_contours_png" time="18.539"><system-out>--------------------------------- Captured Log ---------------------------------

--------------------------------- Captured Out ---------------------------------
/home/runner/work/ocr-book/ocr-book/tests/2-pages-2-contours.png
1609671641024167809 : Checking separation double page angle 90.09036871657068
1609671641024272617 : Checking separation double page y=0 2486
1609671641562532938 : Checking page rotation 1 0.0
1609671642538130001 : Checking page rotation 2 0.2
1609671643350201180 : Checking image 1 crop x1 1191
1609671643350289987 : Checking image 1 crop y1 1750
1609671643350324289 : Checking image 1 crop x2 1192
1609671643350354592 : Checking image 1 crop y2 1751
1609671645013831501 : Checking image 2 crop x1 99
1609671645013926709 : Checking image 2 crop y1 240
1609671645013957011 : Checking image 2 crop x2 2147
1609671645013986113 : Checking image 2 crop y2 3240
1609671645014131825 : Checking image 1 dpi 300
1609671645014185729 : Checking image 1 border top 1752
1609671645014212131 : Checking image 1 border bottom 1753
1609671645014239033 : Checking image 1 border left 1239
1609671645014265035 : Checking image 1 border right 1239
1609671645015433626 : Checking image 2 dpi 300
1609671645015509032 : Checking image 2 border top 229
1609671645015536234 : Checking image 2 border bottom 258
1609671645015563136 : Checking image 2 border left 206
1609671645015588538 : Checking image 2 border right 206

</system-out><system-err>--------------------------------- Captured Err ---------------------------------

</system-err></testcase><testcase classname="tests.test_images" name="test_image_failed_to_rotate_png" time="34.239"><system-out>--------------------------------- Captured Log ---------------------------------

--------------------------------- Captured Out ---------------------------------
/home/runner/work/ocr-book/ocr-book/tests/image_failed_to_rotate.png
1609671652904544159 : Checking separation double page angle 90.26767669076624
1609671652904653067 : Checking separation double page y=0 2480
1609671654790782656 : Checking page rotation 1 0.45
1609671655806707236 : Checking page rotation 2 0.2
1609671660941321324 : Checking image 1 crop x1 31
1609671660941449934 : Checking image 1 crop y1 1
1609671660941480136 : Checking image 1 crop x2 2478
1609671660941508338 : Checking image 1 crop y2 3504
1609671663243767596 : Checking image 2 crop x1 169
1609671663243884005 : Checking image 2 crop y1 231
1609671663243917908 : Checking image 2 crop x2 2257
1609671663243949910 : Checking image 2 crop y2 3358
1609671663244115623 : Checking image 1 dpi 300
1609671663244186329 : Checking image 1 border top 2
1609671663244218131 : Checking image 1 border bottom 2
1609671663244246634 : Checking image 1 border left 17
1609671663244276636 : Checking image 1 border right 17
1609671663246738928 : Checking image 2 dpi 300
1609671663246829735 : Checking image 2 border top 218
1609671663246860037 : Checking image 2 border bottom 142
1609671663246907041 : Checking image 2 border left 186
1609671663246938244 : Checking image 2 border right 186

</system-out><system-err>--------------------------------- Captured Err ---------------------------------

</system-err></testcase><testcase classname="tests.test_images" name="test_wrong_split_line_png" time="24.227"><system-out>--------------------------------- Captured Log ---------------------------------

--------------------------------- Captured Out ---------------------------------
/home/runner/work/ocr-book/ocr-book/tests/wrong_split_line.png
1609671664226005445 : Checking separation double page angle 89.93395720607973
1609671664226114054 : Checking separation double page y=0 2465
1609671665065721873 : Checking page rotation 1 -0.04999999999999689
1609671665939495858 : Checking page rotation 2 0.5499999999999999
1609671667172898365 : Checking image 1 crop x1 211
1609671667172995873 : Checking image 1 crop y1 156
1609671667173028675 : Checking image 1 crop x2 2323
1609671667173060378 : Checking image 1 crop y2 3363
1609671669236657164 : Checking image 2 crop x1 125
1609671669236767972 : Checking image 2 crop y1 166
1609671669236805175 : Checking image 2 crop x2 2236
1609671669236841478 : Checking image 2 crop y2 3373
1609671669237016392 : Checking image 1 dpi 300
1609671669237086697 : Checking image 1 border top 134
1609671669237119700 : Checking image 1 border bottom 146
1609671669237153102 : Checking image 1 border left 174
1609671669237184905 : Checking image 1 border right 174
1609671669238959543 : Checking image 2 dpi 300
1609671669239039249 : Checking image 2 border top 146
1609671669239071852 : Checking image 2 border bottom 134
1609671669239103854 : Checking image 2 border left 174
1609671669239135457 : Checking image 2 border right 174

</system-out><system-err>--------------------------------- Captured Err ---------------------------------

</system-err></testcase><testcase classname="tests.test_images" name="test_image_failed_to_crop_data_png" time="45.197"><system-out>--------------------------------- Captured Log ---------------------------------

--------------------------------- Captured Out ---------------------------------
/home/runner/work/ocr-book/ocr-book/tests/image_failed_to_crop_data.png
1609671691847611704 : Checking separation double page angle 90.053197600644
1609671691847715713 : Checking separation double page y=0 2480
1609671696243361211 : Checking page rotation 1 0.15000000000000002
1609671697122776314 : Checking page rotation 2 0.0
1609671706087974509 : Checking image 1 crop x1 51
1609671706088093819 : Checking image 1 crop y1 7
1609671706088127321 : Checking image 1 crop x2 2478
1609671706088157824 : Checking image 1 crop y2 3505
1609671708484623409 : Checking image 2 crop x1 160
1609671708484763220 : Checking image 2 crop y1 217
1609671708484802723 : Checking image 2 crop x2 2242
1609671708484840026 : Checking image 2 crop y2 3350
1609671708485019640 : Checking image 1 dpi 300
1609671708485095946 : Checking image 1 border top 5
1609671708485132849 : Checking image 1 border bottom 5
1609671708485166751 : Checking image 1 border left 27
1609671708485201454 : Checking image 1 border right 27
1609671708487660645 : Checking image 2 dpi 300
1609671708487751552 : Checking image 2 border top 206
1609671708487787355 : Checking image 2 border bottom 148
1609671708487820758 : Checking image 2 border left 189
1609671708487853960 : Checking image 2 border right 189

</system-out><system-err>--------------------------------- Captured Err ---------------------------------

</system-err></testcase><testcase classname="tests.test_images" name="test_crop_too_much_png" time="39.419"><system-out>--------------------------------- Captured Log ---------------------------------

--------------------------------- Captured Out ---------------------------------
/home/runner/work/ocr-book/ocr-book/tests/crop_too_much.png
1609671702489907313 : Checking separation double page angle 90.13239409272954
1609671702490015021 : Checking separation double page y=0 2455
1609671703810276519 : Checking page rotation 1 0.0
1609671705068104646 : Checking page rotation 2 0.2
1609671707130434191 : Checking image 1 crop x1 303
1609671707130528898 : Checking image 1 crop y1 148
1609671707130558501 : Checking image 1 crop x2 2313
1609671707130583503 : Checking image 1 crop y2 3351
1609671708647307073 : Checking image 2 crop x1 162
1609671708647405881 : Checking image 2 crop y1 151
1609671708647438983 : Checking image 2 crop x2 2186
1609671708647469686 : Checking image 2 crop y2 3363
1609671708647631498 : Checking image 1 dpi 300
1609671708647690103 : Checking image 1 border top 132
1609671708647715405 : Checking image 1 border bottom 152
1609671708647740807 : Checking image 1 border left 225
1609671708647765109 : Checking image 1 border right 225
1609671708649497144 : Checking image 2 dpi 300
1609671708649566749 : Checking image 2 border top 132
1609671708649591851 : Checking image 2 border bottom 143
1609671708649616053 : Checking image 2 border left 218
1609671708649639955 : Checking image 2 border right 218

</system-out><system-err>--------------------------------- Captured Err ---------------------------------

</system-err></testcase><testcase classname="tests.test_images" name="test_wrong_angle_split_line_png" time="29.745"><system-out>--------------------------------- Captured Log ---------------------------------

--------------------------------- Captured Out ---------------------------------
/home/runner/work/ocr-book/ocr-book/tests/wrong_angle_split_line.png
1609671726057567798 : Checking separation double page angle 90.09193420006348
1609671726057682107 : Checking separation double page y=0 2478
1609671727233106152 : Checking page rotation 1 0.1
1609671728113370684 : Checking page rotation 2 0.1
1609671733400462626 : Checking image 1 crop x1 58
1609671733400589836 : Checking image 1 crop y1 6
1609671733400647940 : Checking image 1 crop x2 2476
1609671733400685043 : Checking image 1 crop y2 3501
1609671737596064746 : Checking image 2 crop x1 166
1609671737596187956 : Checking image 2 crop y1 218
1609671737596242060 : Checking image 2 crop x2 2244
1609671737596280663 : Checking image 2 crop y2 3349
1609671737596467077 : Checking image 1 dpi 300
1609671737596543083 : Checking image 1 border top 6
1609671737596579986 : Checking image 1 border bottom 6
1609671737596613889 : Checking image 1 border left 31
1609671737596647992 : Checking image 1 border right 31
1609671737603142698 : Checking image 2 dpi 300
1609671737603271108 : Checking image 2 border top 207
1609671737603318712 : Checking image 2 border bottom 149
1609671737603351615 : Checking image 2 border left 191
1609671737603383917 : Checking image 2 border right 191

</system-out><system-err>--------------------------------- Captured Err ---------------------------------

</system-err></testcase><testcase classname="tests.test_images" name="test_crop_too_few_png" time="25.251"><system-out>--------------------------------- Captured Log ---------------------------------

--------------------------------- Captured Out ---------------------------------
/home/runner/work/ocr-book/ocr-book/tests/crop_too_few.png
1609671728745370660 : Checking separation double page angle 89.54670238452755
1609671728745481569 : Checking separation double page y=0 2512
1609671729637486716 : Checking page rotation 1 -0.6000000000000009
1609671730650020761 : Checking page rotation 2 0.0
1609671732259075380 : Checking image 1 crop x1 263
1609671732259174388 : Checking image 1 crop y1 150
1609671732259207391 : Checking image 1 crop x2 2379
1609671732259251894 : Checking image 1 crop y2 3358
1609671733922400945 : Checking image 2 crop x1 137
1609671733922492452 : Checking image 2 crop y1 141
1609671733922520954 : Checking image 2 crop x2 2259
1609671733922547256 : Checking image 2 crop y2 3345
1609671733922688867 : Checking image 1 dpi 300
1609671733922768974 : Checking image 1 border top 130
1609671733922798276 : Checking image 1 border bottom 149
1609671733922826978 : Checking image 1 border left 172
1609671733922854880 : Checking image 1 border right 172
1609671733924604517 : Checking image 2 dpi 300
1609671733924684623 : Checking image 2 border top 130
1609671733924713725 : Checking image 2 border bottom 153
1609671733924741827 : Checking image 2 border left 169
1609671733924769730 : Checking image 2 border right 169

</system-out><system-err>--------------------------------- Captured Err ---------------------------------

</system-err></testcase><testcase classname="tests.test_images" name="test_crop_too_much_2_png" time="46.112"><system-out>--------------------------------- Captured Log ---------------------------------

--------------------------------- Captured Out ---------------------------------
/home/runner/work/ocr-book/ocr-book/tests/crop_too_much_2.png
1609671772652360736 : Checking separation double page angle 90.1149074900787
1609671772652461844 : Checking separation double page y=0 2478
1609671774026237206 : Checking page rotation 1 0.15000000000000002
1609671775546928128 : Checking page rotation 2 0.2
1609671777417099612 : Checking image 1 crop x1 330
1609671777417214121 : Checking image 1 crop y1 132
1609671777417251424 : Checking image 1 crop x2 2342
1609671777417284527 : Checking image 1 crop y2 3335
1609671779996795123 : Checking image 2 crop x1 162
1609671779996898731 : Checking image 2 crop y1 139
1609671779996931534 : Checking image 2 crop x2 2175
1609671779996962736 : Checking image 2 crop y2 3345
1609671779997142050 : Checking image 1 dpi 300
1609671779997214556 : Checking image 1 border top 122
1609671779997264960 : Checking image 1 border bottom 162
1609671779997301363 : Checking image 1 border left 224
1609671779997335765 : Checking image 1 border right 224
1609671779999209011 : Checking image 2 dpi 300
1609671779999323820 : Checking image 2 border top 130
1609671779999356923 : Checking image 2 border bottom 151
1609671779999389425 : Checking image 2 border left 223
1609671779999420728 : Checking image 2 border right 223

</system-out><system-err>--------------------------------- Captured Err ---------------------------------

</system-err></testcase><testcase classname="tests.test_images" name="test_angle_page_lower_split_line_png" time="29.877"><system-out>--------------------------------- Captured Log ---------------------------------

--------------------------------- Captured Out ---------------------------------
/home/runner/work/ocr-book/ocr-book/tests/angle_page_lower_split_line.png
1609671762010975583 : Checking separation double page angle 89.74927707086691
1609671762011089992 : Checking separation double page y=0 2474
1609671763389049103 : Checking page rotation 1 -0.14999999999999067
1609671764544875855 : Checking page rotation 2 0.1
1609671766465856087 : Checking image 1 crop x1 241
1609671766465979797 : Checking image 1 crop y1 156
1609671766466017000 : Checking image 1 crop x2 2357
1609671766466051503 : Checking image 1 crop y2 3368
1609671768174262940 : Checking image 2 crop x1 149
1609671768174391050 : Checking image 2 crop y1 146
1609671768174430553 : Checking image 2 crop x2 2259
1609671768174467456 : Checking image 2 crop y2 3351
1609671768174644169 : Checking image 1 dpi 300
1609671768174714775 : Checking image 1 border top 140
1609671768174749378 : Checking image 1 border bottom 135
1609671768174783780 : Checking image 1 border left 172
1609671768174827884 : Checking image 1 border right 172
1609671768177303477 : Checking image 2 dpi 300
1609671768177387783 : Checking image 2 border top 129
1609671768177420386 : Checking image 2 border bottom 152
1609671768177451888 : Checking image 2 border left 175
1609671768177483391 : Checking image 2 border right 175

</system-out><system-err>--------------------------------- Captured Err ---------------------------------

</system-err></testcase><testcase classname="tests.test_images" name="test_wrong_wave_split_line_png" time="43.448"><system-out>--------------------------------- Captured Log ---------------------------------

--------------------------------- Captured Out ---------------------------------
/home/runner/work/ocr-book/ocr-book/tests/wrong_wave_split_line.png
1609671801069695043 : Checking separation double page angle 90.37878604107719
1609671801069809652 : Checking separation double page y=0 2500
1609671802247530317 : Checking page rotation 1 -0.14999999999999067
1609671803324129921 : Checking page rotation 2 0.9
1609671807472974373 : Checking image 1 crop x1 385
1609671807473100383 : Checking image 1 crop y1 179
1609671807473139586 : Checking image 1 crop x2 2411
1609671807473175588 : Checking image 1 crop y2 3374
1609671811606885710 : Checking image 2 crop x1 17
1609671811607034722 : Checking image 2 crop y1 8
1609671811607074325 : Checking image 2 crop x2 2399
1609671811607110428 : Checking image 2 crop y2 3391
1609671811607272340 : Checking image 1 dpi 300
1609671811607342946 : Checking image 1 border top 173
1609671811607374948 : Checking image 1 border bottom 119
1609671811607406251 : Checking image 1 border left 217
1609671811607437253 : Checking image 1 border right 217
1609671811609818639 : Checking image 2 dpi 300
1609671811609903045 : Checking image 2 border top 0
1609671811609940448 : Checking image 2 border bottom 114
1609671811609982351 : Checking image 2 border left 49
1609671811610009953 : Checking image 2 border right 49

</system-out><system-err>--------------------------------- Captured Err ---------------------------------

</system-err></testcase><testcase classname="tests.test_images" name="test_wrong_split_line_2_png" time="44.484"><system-out>--------------------------------- Captured Log ---------------------------------

--------------------------------- Captured Out ---------------------------------
/home/runner/work/ocr-book/ocr-book/tests/wrong_split_line_2.png
1609671812660234534 : Checking separation double page angle 90.19944704411863
1609671812660345743 : Checking separation double page y=0 2437
1609671814246644968 : Checking page rotation 1 0.2
1609671815597327645 : Checking page rotation 2 0.2
1609671818960886465 : Checking image 1 crop x1 294
1609671818960987773 : Checking image 1 crop y1 136
1609671818961018976 : Checking image 1 crop x2 2325
1609671818961050778 : Checking image 1 crop y2 3376
1609671824497164732 : Checking image 2 crop x1 136
1609671824497264040 : Checking image 2 crop y1 190
1609671824497296743 : Checking image 2 crop x2 2172
1609671824497327545 : Checking image 2 crop y2 3389
1609671824497481957 : Checking image 1 dpi 300
1609671824497552063 : Checking image 1 border top 131
1609671824497579865 : Checking image 1 border bottom 116
1609671824497608267 : Checking image 1 border left 214
1609671824497636069 : Checking image 1 border right 214
1609671824499508315 : Checking image 2 dpi 300
1609671824499594621 : Checking image 2 border top 181
1609671824499627524 : Checking image 2 border bottom 107
1609671824499659226 : Checking image 2 border left 212
1609671824499690929 : Checking image 2 border right 212

</system-out><system-err>--------------------------------- Captured Err ---------------------------------

</system-err></testcase><testcase classname="tests.test_images" name="test_no_split_line_line_algo_png" time="29.724"><system-out>--------------------------------- Captured Log ---------------------------------

--------------------------------- Captured Out ---------------------------------
/home/runner/work/ocr-book/ocr-book/tests/no_split_line_line_algo.png
1609671834555752185 : Checking separation double page angle 89.47691469185418
1609671834555854493 : Checking separation double page y=0 2476
1609671835415810812 : Checking page rotation 1 -0.14999999999999067
1609671836735223378 : Checking page rotation 2 -0.14999999999999067
1609671837987018473 : Checking image 1 crop x1 205
1609671837987158083 : Checking image 1 crop y1 158
1609671837987194086 : Checking image 1 crop x2 2320
1609671837987230189 : Checking image 1 crop y2 3366
1609671841355887421 : Checking image 2 crop x1 185
1609671841356001030 : Checking image 2 crop y1 225
1609671841356034833 : Checking image 2 crop x2 2204
1609671841356065435 : Checking image 2 crop y2 3362
1609671841356224448 : Checking image 1 dpi 300
1609671841356286052 : Checking image 1 border top 144
1609671841356314455 : Checking image 1 border bottom 134
1609671841356341857 : Checking image 1 border left 172
1609671841356369259 : Checking image 1 border right 172
1609671841358832151 : Checking image 2 dpi 300
1609671841358909457 : Checking image 2 border top 223
1609671841358938759 : Checking image 2 border bottom 127
1609671841358966461 : Checking image 2 border left 220
1609671841358994263 : Checking image 2 border right 220

</system-out><system-err>--------------------------------- Captured Err ---------------------------------

</system-err></testcase><testcase classname="tests.test_images" name="test_small_wave_png" time="39.750"><system-out>--------------------------------- Captured Log ---------------------------------

--------------------------------- Captured Out ---------------------------------
/home/runner/work/ocr-book/ocr-book/tests/small_wave.png
1609671859266960077 : Checking separation double page angle 90.58816928841564
1609671859267072585 : Checking separation double page y=0 2497
1609671860774530155 : Checking page rotation 1 0.65
1609671862016737472 : Checking page rotation 2 0.65
1609671863098247477 : Checking image 1 crop x1 320
1609671863098340885 : Checking image 1 crop y1 199
1609671863098369787 : Checking image 1 crop x2 2353
1609671863098394489 : Checking image 1 crop y2 3394
1609671864252210424 : Checking image 2 crop x1 130
1609671864252309732 : Checking image 2 crop y1 222
1609671864252342034 : Checking image 2 crop x2 2163
1609671864252373537 : Checking image 2 crop y2 3420
1609671864252517848 : Checking image 1 dpi 300
1609671864252583253 : Checking image 1 border top 179
1609671864252611555 : Checking image 1 border bottom 112
1609671864252640657 : Checking image 1 border left 213
1609671864252687161 : Checking image 1 border right 213
1609671864254438597 : Checking image 2 dpi 300
1609671864254510103 : Checking image 2 border top 197
1609671864254538505 : Checking image 2 border bottom 92
1609671864254565807 : Checking image 2 border left 213
1609671864254592809 : Checking image 2 border right 213

</system-out><system-err>--------------------------------- Captured Err ---------------------------------

</system-err></testcase><testcase classname="tests.test_images" name="test_failed_split_line_line_algo_png" time="15.260"><system-out>--------------------------------- Captured Log ---------------------------------

--------------------------------- Captured Out ---------------------------------
/home/runner/work/ocr-book/ocr-book/tests/failed_split_line_line_algo.png
1609671853246642032 : Checking separation double page angle 90.04134220573248
1609671853246751540 : Checking separation double page y=0 2573
1609671853854505602 : Checking page rotation 1 -0.09999999999999377
1609671854385678396 : Checking page rotation 2 0.1
1609671855887487932 : Checking image 1 crop x1 408
1609671855887617742 : Checking image 1 crop y1 2926
1609671855887657245 : Checking image 1 crop x2 2420
1609671855887692748 : Checking image 1 crop y2 3173
1609671856647665972 : Checking image 2 crop x1 1184
1609671856647779781 : Checking image 2 crop y1 1745
1609671856647816284 : Checking image 2 crop x2 1185
1609671856647851986 : Checking image 2 crop y2 1746
1609671856647983897 : Checking image 1 dpi 300
1609671856648061303 : Checking image 1 border top 2922
1609671856648095505 : Checking image 1 border bottom 318
1609671856648129308 : Checking image 1 border left 224
1609671856648162811 : Checking image 1 border right 224
1609671856649977452 : Checking image 2 dpi 300
1609671856650061959 : Checking image 2 border top 1753
1609671856650090261 : Checking image 2 border bottom 1753
1609671856650118463 : Checking image 2 border left 1239
1609671856650145665 : Checking image 2 border right 1239

</system-out><system-err>--------------------------------- Captured Err ---------------------------------

</system-err></testcase><testcase classname="tests.test_images" name="test_failed_split_line_line_algo_2_png" time="33.651"><system-out>--------------------------------- Captured Log ---------------------------------

--------------------------------- Captured Out ---------------------------------
/home/runner/work/ocr-book/ocr-book/tests/failed_split_line_line_algo_2.png
1609671885867449221 : Checking separation double page angle 90.03068774449687
1609671885867541528 : Checking separation double page y=0 2500
1609671886949646184 : Checking page rotation 1 0.05
1609671887906796322 : Checking page rotation 2 0.5499999999999999
1609671889089811125 : Checking image 1 crop x1 271
1609671889089922834 : Checking image 1 crop y1 149
1609671889089954436 : Checking image 1 crop x2 2382
1609671889089985039 : Checking image 1 crop y2 3354
1609671890259372682 : Checking image 2 crop x1 120
1609671890259494292 : Checking image 2 crop y1 155
1609671890259530895 : Checking image 2 crop x2 2244
1609671890259585299 : Checking image 2 crop y2 3350
1609671890259759312 : Checking image 1 dpi 300
1609671890259831118 : Checking image 1 border top 141
1609671890259865521 : Checking image 1 border bottom 141
1609671890259899423 : Checking image 1 border left 174
1609671890259934326 : Checking image 1 border right 174
1609671890262393817 : Checking image 2 dpi 300
1609671890262475924 : Checking image 2 border top 140
1609671890262508126 : Checking image 2 border bottom 152
1609671890262540229 : Checking image 2 border left 168
1609671890262571731 : Checking image 2 border right 168

</system-out><system-err>--------------------------------- Captured Err ---------------------------------

</system-err></testcase><testcase classname="tests.test_images" name="test_wrong_split_line_3_png" time="30.712"><system-out>--------------------------------- Captured Log ---------------------------------

--------------------------------- Captured Out ---------------------------------
/home/runner/work/ocr-book/ocr-book/tests/wrong_split_line_3.png
1609671890021072150 : Checking separation double page angle 90.43729500214694
1609671890021172957 : Checking separation double page y=0 2498
1609671891167916554 : Checking page rotation 1 0.2
1609671892181712664 : Checking page rotation 2 0.85
1609671893512565383 : Checking image 1 crop x1 331
1609671893512667191 : Checking image 1 crop y1 166
1609671893512700194 : Checking image 1 crop x2 2377
1609671893512730596 : Checking image 1 crop y2 3375
1609671894985263957 : Checking image 2 crop x1 102
1609671894985351564 : Checking image 2 crop y1 207
1609671894985379766 : Checking image 2 crop x2 2135
1609671894985407168 : Checking image 2 crop y2 3414
1609671894985542679 : Checking image 1 dpi 300
1609671894985601883 : Checking image 1 border top 158
1609671894985626585 : Checking image 1 border bottom 120
1609671894985651987 : Checking image 1 border left 207
1609671894985676089 : Checking image 1 border right 207
1609671894987408524 : Checking image 2 dpi 300
1609671894987480730 : Checking image 2 border top 186
1609671894987508432 : Checking image 2 border bottom 94
1609671894987533634 : Checking image 2 border left 213
1609671894987557336 : Checking image 2 border right 213

</system-out><system-err>--------------------------------- Captured Err ---------------------------------

</system-err></testcase><testcase classname="tests.test_images" name="test_crop_too_much_3_png" time="35.218"><system-out>--------------------------------- Captured Log ---------------------------------

--------------------------------- Captured Out ---------------------------------
/home/runner/work/ocr-book/ocr-book/tests/crop_too_much_3.png
1609671919852499913 : Checking separation double page angle 89.49330634783144
1609671919852610022 : Checking separation double page y=0 2498
1609671920798903419 : Checking page rotation 1 -0.8999999999999949
1609671922091402916 : Checking page rotation 2 -0.14999999999999067
1609671923788217153 : Checking image 1 crop x1 374
1609671923788337967 : Checking image 1 crop y1 258
1609671923788374171 : Checking image 1 crop x2 2385
1609671923788407275 : Checking image 1 crop y2 3459
1609671925492092415 : Checking image 2 crop x1 168
1609671925492222130 : Checking image 2 crop y1 228
1609671925492253634 : Checking image 2 crop x2 2181
1609671925492285037 : Checking image 2 crop y2 3417
1609671925492436655 : Checking image 1 dpi 300
1609671925492496862 : Checking image 1 border top 239
1609671925492525065 : Checking image 1 border bottom 47
1609671925492552868 : Checking image 1 border left 224
1609671925492580472 : Checking image 1 border right 224
1609671925494945347 : Checking image 2 dpi 300
1609671925495026257 : Checking image 2 border top 209
1609671925495058660 : Checking image 2 border bottom 89
1609671925495090664 : Checking image 2 border left 223
1609671925495125368 : Checking image 2 border right 223

</system-out><system-err>--------------------------------- Captured Err ---------------------------------

</system-err></testcase><testcase classname="tests.test_images" name="test_wrong_wave_split_line_2_png" time="37.646"><system-out>--------------------------------- Captured Log ---------------------------------

--------------------------------- Captured Out ---------------------------------
/home/runner/work/ocr-book/ocr-book/tests/wrong_wave_split_line_2.png
1609671926529289985 : Checking separation double page angle 90.7708958311329
1609671926529399498 : Checking separation double page y=0 2490
1609671927750908947 : Checking page rotation 1 0.2
1609671928940030422 : Checking page rotation 2 1.65
1609671930244191803 : Checking image 1 crop x1 227
1609671930244301316 : Checking image 1 crop y1 147
1609671930244339020 : Checking image 1 crop x2 2342
1609671930244375124 : Checking image 1 crop y2 3353
1609671932618490520 : Checking image 2 crop x1 106
1609671932618597129 : Checking image 2 crop y1 195
1609671932618633931 : Checking image 2 crop x2 2231
1609671932618669234 : Checking image 2 crop y2 3398
1609671932618829147 : Checking image 1 dpi 300
1609671932618901652 : Checking image 1 border top 136
1609671932618934555 : Checking image 1 border bottom 145
1609671932618967657 : Checking image 1 border left 172
1609671932618999560 : Checking image 1 border right 172
1609671932620874205 : Checking image 2 dpi 300
1609671932620949511 : Checking image 2 border top 165
1609671932620978113 : Checking image 2 border bottom 118
1609671932621005816 : Checking image 2 border left 167
1609671932621036118 : Checking image 2 border right 167

</system-out><system-err>--------------------------------- Captured Err ---------------------------------

</system-err></testcase><testcase classname="tests.test_images" name="test_wrong_wave_split_line_3_png" time="33.592"><system-out>--------------------------------- Captured Log ---------------------------------

--------------------------------- Captured Out ---------------------------------
/home/runner/work/ocr-book/ocr-book/tests/wrong_wave_split_line_3.png
1609671954248962210 : Checking separation double page angle 90.05826063695574
1609671954249059918 : Checking separation double page y=0 2514
1609671955328185899 : Checking page rotation 1 0.0
1609671956308553446 : Checking page rotation 2 0.2
1609671957907346206 : Checking image 1 crop x1 274
1609671957907479016 : Checking image 1 crop y1 221
1609671957907518019 : Checking image 1 crop x2 2383
1609671957907553122 : Checking image 1 crop y2 3422
1609671959100981749 : Checking image 2 crop x1 112
1609671959101089957 : Checking image 2 crop y1 225
1609671959101122260 : Checking image 2 crop x2 2238
1609671959101153362 : Checking image 2 crop y2 3415
1609671959101302974 : Checking image 1 dpi 300
1609671959101363879 : Checking image 1 border top 201
1609671959101391981 : Checking image 1 border bottom 85
1609671959101418983 : Checking image 1 border left 175
1609671959101445985 : Checking image 1 border right 175
1609671959103913778 : Checking image 2 dpi 300
1609671959103998285 : Checking image 2 border top 207
1609671959104032688 : Checking image 2 border bottom 90
1609671959104066090 : Checking image 2 border left 167
1609671959104099793 : Checking image 2 border right 167

</system-out><system-err>--------------------------------- Captured Err ---------------------------------

</system-err></testcase><testcase classname="tests.test_images" name="test_no_split_line_wave_algo_png" time="45.436"><system-out>--------------------------------- Captured Log ---------------------------------

--------------------------------- Captured Out ---------------------------------
/home/runner/work/ocr-book/ocr-book/tests/no_split_line_wave_algo.png
1609671959909108512 : Checking separation double page angle 89.72500000000001
1609671959909206520 : Checking separation double page y=0 2484
1609671963101512927 : Checking page rotation 1 0.0
1609671964261436534 : Checking page rotation 2 -0.44999999999999746
1609671972663647125 : Checking image 1 crop x1 97
1609671972663735933 : Checking image 1 crop y1 79
1609671972663770537 : Checking image 1 crop x2 2494
1609671972663803840 : Checking image 1 crop y2 3505
1609671978027352853 : Checking image 2 crop x1 163
1609671978027461263 : Checking image 2 crop y1 267
1609671978027499767 : Checking image 2 crop x2 2238
1609671978027536870 : Checking image 2 crop y2 3380
1609671978027706986 : Checking image 1 dpi 300
1609671978027775593 : Checking image 1 border top 41
1609671978027807696 : Checking image 1 border bottom 41
1609671978027840199 : Checking image 1 border left 42
1609671978027871502 : Checking image 1 border right 42
1609671978029626366 : Checking image 2 dpi 300
1609671978029699173 : Checking image 2 border top 255
1609671978029727776 : Checking image 2 border bottom 119
1609671978029755578 : Checking image 2 border left 192
1609671978029783081 : Checking image 2 border right 192

</system-out><system-err>--------------------------------- Captured Err ---------------------------------

</system-err></testcase><testcase classname="tests.test_images" name="test_no_split_line_wave_algo_2_png" time="26.867"><system-out>--------------------------------- Captured Log ---------------------------------

--------------------------------- Captured Out ---------------------------------
/home/runner/work/ocr-book/ocr-book/tests/no_split_line_wave_algo_2.png
1609671981618044478 : Checking separation double page angle 90.54999999999998
1609671981618139486 : Checking separation double page y=0 2478
1609671982583052811 : Checking page rotation 1 1.0999999999999999
1609671983556679578 : Checking page rotation 2 0.2
1609671984855918927 : Checking image 1 crop x1 266
1609671984856044538 : Checking image 1 crop y1 210
1609671984856078941 : Checking image 1 crop x2 2342
1609671984856113844 : Checking image 1 crop y2 3413
1609671985974486961 : Checking image 2 crop x1 168
1609671985974604771 : Checking image 2 crop y1 241
1609671985974636174 : Checking image 2 crop x2 2251
1609671985974664576 : Checking image 2 crop y2 3433
1609671985974811289 : Checking image 1 dpi 300
1609671985974870594 : Checking image 1 border top 192
1609671985974896396 : Checking image 1 border bottom 91
1609671985974922398 : Checking image 1 border left 192
1609671985974947600 : Checking image 1 border right 192
1609671985977340204 : Checking image 2 dpi 300
1609671985977431812 : Checking image 2 border top 224
1609671985977455014 : Checking image 2 border bottom 71
1609671985977477516 : Checking image 2 border left 188
1609671985977517319 : Checking image 2 border right 188

</system-out><system-err>--------------------------------- Captured Err ---------------------------------

</system-err></testcase><testcase classname="tests.test_images" name="test_crop_too_few_2_png" time="27.404"><system-out>--------------------------------- Captured Log ---------------------------------

--------------------------------- Captured Out ---------------------------------
/home/runner/work/ocr-book/ocr-book/tests/crop_too_few_2.png
1609671999797417534 : Checking separation double page angle 90.30476192320097
1609671999797525942 : Checking separation double page y=0 2531
1609672000793247880 : Checking page rotation 1 1.0999999999999999
1609672001892227672 : Checking page rotation 2 -0.04999999999999689
1609672003573601220 : Checking image 1 crop x1 289
1609672003573712114 : Checking image 1 crop y1 165
1609672003573747512 : Checking image 1 crop x2 2400
1609672003573781010 : Checking image 1 crop y2 3367
1609672005491615283 : Checking image 2 crop x1 149
1609672005491723492 : Checking image 2 crop y1 189
1609672005491759094 : Checking image 2 crop x2 2273
1609672005491794097 : Checking image 2 crop y2 3386
1609672005491965611 : Checking image 1 dpi 300
1609672005492059418 : Checking image 1 border top 157
1609672005492094021 : Checking image 1 border bottom 128
1609672005492129523 : Checking image 1 border left 174
1609672005492165026 : Checking image 1 border right 174
1609672005493949866 : Checking image 2 dpi 300
1609672005494026072 : Checking image 2 border top 181
1609672005494061775 : Checking image 2 border bottom 109
1609672005494093477 : Checking image 2 border left 168
1609672005494124280 : Checking image 2 border right 168

</system-out><system-err>--------------------------------- Captured Err ---------------------------------

</system-err></testcase><testcase classname="tests.test_images" name="test_failed_detect_rectangle_png" time="32.360"><system-out>--------------------------------- Captured Log ---------------------------------

--------------------------------- Captured Out ---------------------------------
/home/runner/work/ocr-book/ocr-book/tests/failed_detect_rectangle.png
1609672012940311075 : Checking separation double page angle 90.19837516213148
1609672012940423684 : Checking separation double page y=0 2474
1609672014194514745 : Checking page rotation 1 0.2
1609672015624536598 : Checking page rotation 2 0.15000000000000002
1609672016753414459 : Checking image 1 crop x1 257
1609672016753525468 : Checking image 1 crop y1 201
1609672016753559071 : Checking image 1 crop x2 2333
1609672016753588773 : Checking image 1 crop y2 3402
1609672018330018236 : Checking image 2 crop x1 135
1609672018330137546 : Checking image 2 crop y1 214
1609672018330175249 : Checking image 2 crop x2 2219
1609672018330209152 : Checking image 2 crop y2 3406
1609672018330366865 : Checking image 1 dpi 300
1609672018330434670 : Checking image 1 border top 188
1609672018330466773 : Checking image 1 border bottom 97
1609672018330498175 : Checking image 1 border left 192
1609672018330529078 : Checking image 1 border right 192
1609672018332925571 : Checking image 2 dpi 300
1609672018333007978 : Checking image 2 border top 202
1609672018333040180 : Checking image 2 border bottom 93
1609672018333075883 : Checking image 2 border left 188
1609672018333107686 : Checking image 2 border right 188

</system-out><system-err>--------------------------------- Captured Err ---------------------------------

</system-err></testcase><testcase classname="tests.test_images" name="test_single_page_png" time="5.936"><system-out>--------------------------------- Captured Log ---------------------------------

--------------------------------- Captured Out ---------------------------------
/home/runner/work/ocr-book/ocr-book/tests/single_page.png
1609672009029061852 : Checking separation double page angle 90.04999999999998
1609672009029169760 : Checking separation double page y=0 2476
1609672009746286109 : Checking page rotation 1 0.0
1609672009828778780 : Checking page rotation 2 0.0
1609672011002157017 : Checking image 1 crop x1 1
1609672011002233823 : Checking image 1 crop y1 8
1609672011002265625 : Checking image 1 crop x2 2470
1609672011002292528 : Checking image 1 crop y2 3505
1609672011115055972 : Checking image 2 crop x1 0
1609672011115130678 : Checking image 2 crop y1 0
1609672011115160481 : Checking image 2 crop x2 0
1609672011115188983 : Checking image 2 crop y2 0
1609672011115262989 : Checking image 1 dpi 300
1609672011115335094 : Checking image 1 border top 5
1609672011115364697 : Checking image 1 border bottom 5
1609672011115393399 : Checking image 1 border left 6
1609672011115422401 : Checking image 1 border right 6
1609672011121277760 : Checking image 2 border top 0
1609672011121335065 : Checking image 2 border bottom 0
1609672011121362467 : Checking image 2 border left 0
1609672011121389669 : Checking image 2 border right 0

</system-out><system-err>--------------------------------- Captured Err ---------------------------------

</system-err></testcase><testcase classname="tests.test_images" name="test_wrong_split_line_4_png" time="15.265"><system-out>--------------------------------- Captured Log ---------------------------------

--------------------------------- Captured Out ---------------------------------
/home/runner/work/ocr-book/ocr-book/tests/wrong_split_line_4.png
1609672023680900829 : Checking separation double page angle 91.04999999999998
1609672023681000637 : Checking separation double page y=0 60
1609672023768372476 : Checking page rotation 1 1.0
1609672024670743910 : Checking page rotation 2 1.05
1609672025088426805 : Checking image 1 crop x1 0
1609672025088492910 : Checking image 1 crop y1 0
1609672025088517512 : Checking image 1 crop x2 0
1609672025088540913 : Checking image 1 crop y2 0
1609672026736272491 : Checking image 2 crop x1 291
1609672026736358498 : Checking image 2 crop y1 330
1609672026736384800 : Checking image 2 crop x2 2316
1609672026736409602 : Checking image 2 crop y2 3217
1609672026736531712 : Checking image 1 border top 0
1609672026736556213 : Checking image 1 border bottom 0
1609672026736578915 : Checking image 1 border left 0
1609672026736600217 : Checking image 1 border right 0
1609672026736640520 : Checking image 2 dpi 300
1609672026736693024 : Checking image 2 border top 322
1609672026736717026 : Checking image 2 border bottom 278
1609672026736738628 : Checking image 2 border left 217
1609672026736761430 : Checking image 2 border right 217

</system-out><system-err>--------------------------------- Captured Err ---------------------------------

</system-err></testcase><testcase classname="tests.test_images" name="test_no_split_line_wave_algo_3_png" time="9.140"><system-out>--------------------------------- Captured Log ---------------------------------

--------------------------------- Captured Out ---------------------------------
/home/runner/work/ocr-book/ocr-book/tests/no_split_line_wave_algo_3.png
1609672025567831930 : Checking separation double page angle 90.14999999999998
1609672025567935038 : Checking separation double page y=0 2408
1609672026384189932 : Checking page rotation 1 -0.09999999999999377
1609672026519592230 : Checking page rotation 2 0.0
1609672027097158340 : Checking image 1 crop x1 182
1609672027097245647 : Checking image 1 crop y1 2955
1609672027097278249 : Checking image 1 crop x2 2199
1609672027097308552 : Checking image 1 crop y2 3203
1609672027461813124 : Checking image 2 crop x1 0
1609672027461879730 : Checking image 2 crop y1 0
1609672027461900631 : Checking image 2 crop x2 0
1609672027461920733 : Checking image 2 crop y2 0
1609672027461969936 : Checking image 1 dpi 300
1609672027462018440 : Checking image 1 border top 2951
1609672027462041242 : Checking image 1 border bottom 288
1609672027462063143 : Checking image 1 border left 221
1609672027462084645 : Checking image 1 border right 221
1609672027471440758 : Checking image 2 border top 0
1609672027471502163 : Checking image 2 border bottom 0
1609672027471544766 : Checking image 2 border left 0
1609672027471572368 : Checking image 2 border right 0

</system-out><system-err>--------------------------------- Captured Err ---------------------------------

</system-err></testcase><testcase classname="tests.test_images" name="test_failed_split_line_line_algo_3_png" time="10.698"><system-out>--------------------------------- Captured Log ---------------------------------

--------------------------------- Captured Out ---------------------------------
/home/runner/work/ocr-book/ocr-book/tests/failed_split_line_line_algo_3.png
1609672035243432996 : Checking separation double page angle 90.0
1609672035243541104 : Checking separation double page y=0 40
1609672035308338037 : Checking page rotation 1 0.0
1609672035916401957 : Checking page rotation 2 -0.04999999999999689
1609672036215649544 : Checking image 1 crop x1 0
1609672036215721850 : Checking image 1 crop y1 0
1609672036215763653 : Checking image 1 crop x2 0
1609672036215789255 : Checking image 1 crop y2 0
1609672037451649329 : Checking image 2 crop x1 247
1609672037451726535 : Checking image 2 crop y1 153
1609672037451752537 : Checking image 2 crop x2 2260
1609672037451777339 : Checking image 2 crop y2 3360
1609672037451857645 : Checking image 1 border top 0
1609672037451883047 : Checking image 1 border bottom 0
1609672037451906349 : Checking image 1 border left 0
1609672037451929251 : Checking image 1 border right 0
1609672037451961853 : Checking image 2 dpi 300
1609672037452005857 : Checking image 2 border top 144
1609672037452029559 : Checking image 2 border bottom 136
1609672037452052861 : Checking image 2 border left 223
1609672037452076262 : Checking image 2 border right 223

</system-out><system-err>--------------------------------- Captured Err ---------------------------------

</system-err></testcase></testsuite></testsuites>