<?xml version="1.0" encoding="utf-8"?><testsuites><testsuite errors="0" failures="0" hostname="travis-job-15f86117-b81f-417d-ae8d-11040fcc41ad" name="pytest" skipped="0" tests="14" time="664.304" timestamp="2020-11-18T21:12:18.506559"><testcase classname="tests.test_features" name="test_disabled_enable_debug" time="44.847"><system-out>--------------------------------- Captured Log ---------------------------------

--------------------------------- Captured Out ---------------------------------
/home/travis/build/bansan85/ocr-book/tests/0001_debug.png
separation double page angle 90.55142384066187
separation double page y=0 2485
page rotation 1 0.75
page rotation 2 0.2
image 1 crop x1 330
image 1 crop y1 336
image 1 crop x2 2343
image 1 crop y2 3223
image 2 crop x1 169
image 2 crop y1 648
image 2 crop x2 2186
image 2 crop y2 3361
image 1 dpi 300
image 1 border top 324
image 1 border bottom 276
image 1 border left 223
image 1 border right 223
image 2 dpi 300
image 2 border top 671
image 2 border bottom 103
image 2 border left 221
image 2 border right 221

</system-out><system-err>--------------------------------- Captured Err ---------------------------------

</system-err></testcase><testcase classname="tests.test_features" name="test_mock_stop_at_0" time="0.035"><system-out>--------------------------------- Captured Log ---------------------------------

--------------------------------- Captured Out ---------------------------------
/home/travis/build/bansan85/ocr-book/tests/0001_0.png

</system-out><system-err>--------------------------------- Captured Err ---------------------------------

</system-err></testcase><testcase classname="tests.test_features" name="test_mock_stop_at_1" time="25.628"><system-out>--------------------------------- Captured Log ---------------------------------

--------------------------------- Captured Out ---------------------------------
/home/travis/build/bansan85/ocr-book/tests/0001_1.png
separation double page angle 90.55142384066187
separation double page y=0 2485

</system-out><system-err>--------------------------------- Captured Err ---------------------------------

</system-err></testcase><testcase classname="tests.test_features" name="test_mock_stop_at_2" time="51.847"><system-out>--------------------------------- Captured Log ---------------------------------

--------------------------------- Captured Out ---------------------------------
/home/travis/build/bansan85/ocr-book/tests/0001_2.png
separation double page angle 90.55142384066187
separation double page y=0 2485
page rotation 1 0.75
page rotation 2 0.2

</system-out><system-err>--------------------------------- Captured Err ---------------------------------

</system-err></testcase><testcase classname="tests.test_features" name="test_mock_stop_at_3" time="52.595"><system-out>--------------------------------- Captured Log ---------------------------------

--------------------------------- Captured Out ---------------------------------
/home/travis/build/bansan85/ocr-book/tests/0001_3.png
separation double page angle 90.55142384066187
separation double page y=0 2485
page rotation 1 0.75
page rotation 2 0.2
image 1 crop x1 330
image 1 crop y1 336
image 1 crop x2 2343
image 1 crop y2 3223
image 2 crop x1 169
image 2 crop y1 648
image 2 crop x2 2186
image 2 crop y2 3361

</system-out><system-err>--------------------------------- Captured Err ---------------------------------

</system-err></testcase><testcase classname="tests.test_features" name="test_mock_stop_at_4" time="52.625"><system-out>--------------------------------- Captured Log ---------------------------------

--------------------------------- Captured Out ---------------------------------
/home/travis/build/bansan85/ocr-book/tests/0001_4.png
separation double page angle 90.55142384066187
separation double page y=0 2485
page rotation 1 0.75
page rotation 2 0.2
image 1 crop x1 330
image 1 crop y1 336
image 1 crop x2 2343
image 1 crop y2 3223
image 2 crop x1 169
image 2 crop y1 648
image 2 crop x2 2186
image 2 crop y2 3361
image 1 dpi 300
image 1 border top 324
image 1 border bottom 276
image 1 border left 223
image 1 border right 223
image 2 dpi 300
image 2 border top 671
image 2 border bottom 103
image 2 border left 221
image 2 border right 221

</system-out><system-err>--------------------------------- Captured Err ---------------------------------

</system-err></testcase><testcase classname="tests.test_features" name="test_mock_stop_at_5" time="52.924"><system-out>--------------------------------- Captured Log ---------------------------------

--------------------------------- Captured Out ---------------------------------
/home/travis/build/bansan85/ocr-book/tests/0001_5.png
separation double page angle 90.55142384066187
separation double page y=0 2485
page rotation 1 0.75
page rotation 2 0.2
image 1 crop x1 330
image 1 crop y1 336
image 1 crop x2 2343
image 1 crop y2 3223
image 2 crop x1 169
image 2 crop y1 648
image 2 crop x2 2186
image 2 crop y2 3361
image 1 dpi 300
image 1 border top 324
image 1 border bottom 276
image 1 border left 223
image 1 border right 223
image 2 dpi 300
image 2 border top 671
image 2 border bottom 103
image 2 border left 221
image 2 border right 221

</system-out><system-err>--------------------------------- Captured Err ---------------------------------

</system-err></testcase><testcase classname="tests.test_images" name="test_0001_png" time="52.931"><system-out>--------------------------------- Captured Log ---------------------------------

--------------------------------- Captured Out ---------------------------------
/home/travis/build/bansan85/ocr-book/tests/0001.png
1605734245538635469 : Checking separation double page angle 90.55142384066187
1605734245538730527 : Checking separation double page y=0 2485
1605734256721214511 : Checking page rotation 1 0.75
1605734269815536286 : Checking page rotation 2 0.2
1605734271051288181 : Checking image 1 crop x1 330
1605734271051378369 : Checking image 1 crop y1 336
1605734271051413385 : Checking image 1 crop x2 2343
1605734271051445939 : Checking image 1 crop y2 3223
1605734272479174283 : Checking image 2 crop x1 169
1605734272479254473 : Checking image 2 crop y1 648
1605734272479288942 : Checking image 2 crop x2 2186
1605734272479321688 : Checking image 2 crop y2 3361
1605734272506372865 : Checking image 1 dpi 300
1605734272506498847 : Checking image 1 border top 324
1605734272506529576 : Checking image 1 border bottom 276
1605734272506557297 : Checking image 1 border left 223
1605734272506584087 : Checking image 1 border right 223
1605734272508472331 : Checking image 2 dpi 300
1605734272508568401 : Checking image 2 border top 671
1605734272508596698 : Checking image 2 border bottom 103
1605734272508624164 : Checking image 2 border left 221
1605734272508650195 : Checking image 2 border right 221

</system-out><system-err>--------------------------------- Captured Err ---------------------------------

</system-err></testcase><testcase classname="tests.test_images" name="test_2_pages_2_contours_png" time="31.011"><system-out>--------------------------------- Captured Log ---------------------------------

--------------------------------- Captured Out ---------------------------------
/home/travis/build/bansan85/ocr-book/tests/2-pages-2-contours.png
1605734289426512920 : Checking separation double page angle 90.14451498942671
1605734289426614628 : Checking separation double page y=0 2489
1605734291595265532 : Checking page rotation 1 0.05
1605734301651616078 : Checking page rotation 2 0.4
1605734302332118766 : Checking image 1 crop x1 1186
1605734302332198759 : Checking image 1 crop y1 1720
1605734302332226685 : Checking image 1 crop x2 1187
1605734302332252968 : Checking image 1 crop y2 1721
1605734303502514060 : Checking image 2 crop x1 101
1605734303502592668 : Checking image 2 crop y1 240
1605734303502627040 : Checking image 2 crop x2 2148
1605734303502692858 : Checking image 2 crop y2 3239
1605734303529335716 : Checking image 1 dpi 300
1605734303529421688 : Checking image 1 border top 1753
1605734303529450498 : Checking image 1 border bottom 1753
1605734303529477844 : Checking image 1 border left 1239
1605734303529504968 : Checking image 1 border right 1239
1605734303530916089 : Checking image 2 dpi 300
1605734303531037350 : Checking image 2 border top 226
1605734303531066197 : Checking image 2 border bottom 262
1605734303531093407 : Checking image 2 border left 206
1605734303531119026 : Checking image 2 border right 206

</system-out><system-err>--------------------------------- Captured Err ---------------------------------

</system-err></testcase><testcase classname="tests.test_images" name="test_black_border_not_removed_png" time="68.528"><system-out>--------------------------------- Captured Log ---------------------------------

--------------------------------- Captured Out ---------------------------------
/home/travis/build/bansan85/ocr-book/tests/black-border-not-removed.png
1605734340930066850 : Checking separation double page angle 90.00393370592924
1605734340930166558 : Checking separation double page y=0 2455
1605734352137888968 : Checking page rotation 1 0.0
1605734368880054675 : Checking page rotation 2 0.0
1605734370343642855 : Checking image 1 crop x1 297
1605734370343719410 : Checking image 1 crop y1 143
1605734370343754137 : Checking image 1 crop x2 2309
1605734370343786872 : Checking image 1 crop y2 3346
1605734372021529685 : Checking image 2 crop x1 157
1605734372021611571 : Checking image 2 crop y1 145
1605734372021646213 : Checking image 2 crop x2 2169
1605734372021679138 : Checking image 2 crop y2 3352
1605734372050614834 : Checking image 1 dpi 300
1605734372050779867 : Checking image 1 border top 128
1605734372050843477 : Checking image 1 border bottom 156
1605734372050885553 : Checking image 1 border left 224
1605734372050926398 : Checking image 1 border right 224
1605734372053057852 : Checking image 2 dpi 300
1605734372053185140 : Checking image 2 border top 130
1605734372053214144 : Checking image 2 border bottom 150
1605734372053241257 : Checking image 2 border left 224
1605734372053267406 : Checking image 2 border right 224

</system-out><system-err>--------------------------------- Captured Err ---------------------------------

</system-err></testcase><testcase classname="tests.test_images" name="test_image_failed_to_rotate_png" time="51.015"><system-out>--------------------------------- Captured Log ---------------------------------

--------------------------------- Captured Out ---------------------------------
/home/travis/build/bansan85/ocr-book/tests/image_failed_to_rotate.png
1605734392603392955 : Checking separation double page angle 90.14336291526413
1605734392603484076 : Checking separation double page y=0 2476
1605734397944684961 : Checking page rotation 1 0.35000000000000003
1605734409690484046 : Checking page rotation 2 0.45
1605734421554629317 : Checking image 1 crop x1 34
1605734421554747795 : Checking image 1 crop y1 1
1605734421554777995 : Checking image 1 crop x2 2474
1605734421554806043 : Checking image 1 crop y2 3500
1605734422953358533 : Checking image 2 crop x1 171
1605734422953439828 : Checking image 2 crop y1 234
1605734422953474126 : Checking image 2 crop x2 2250
1605734422953506806 : Checking image 2 crop y2 3355
1605734422987434994 : Checking image 1 dpi 300
1605734422987562213 : Checking image 1 border top 4
1605734422987592929 : Checking image 1 border bottom 4
1605734422987620032 : Checking image 1 border left 20
1605734422987646391 : Checking image 1 border right 20
1605734422989423073 : Checking image 2 dpi 300
1605734422989536169 : Checking image 2 border top 206
1605734422989565315 : Checking image 2 border bottom 160
1605734422989592771 : Checking image 2 border left 190
1605734422989618145 : Checking image 2 border right 190

</system-out><system-err>--------------------------------- Captured Err ---------------------------------

</system-err></testcase><testcase classname="tests.test_images" name="test_image_failed_to_crop_data_png" time="53.371"><system-out>--------------------------------- Captured Log ---------------------------------

--------------------------------- Captured Out ---------------------------------
/home/travis/build/bansan85/ocr-book/tests/image_failed_to_crop_data.png
1605734447943970378 : Checking separation double page angle 90.062288741015
1605734447944061767 : Checking separation double page y=0 2482
1605734454083281403 : Checking page rotation 1 0.2
1605734463502223833 : Checking page rotation 2 0.05
1605734475142033469 : Checking image 1 crop x1 58
1605734475142122773 : Checking image 1 crop y1 8
1605734475142153039 : Checking image 1 crop x2 2480
1605734475142182102 : Checking image 1 crop y2 3504
1605734476358101222 : Checking image 2 crop x1 159
1605734476358192278 : Checking image 2 crop y1 217
1605734476358226283 : Checking image 2 crop x2 2240
1605734476358259203 : Checking image 2 crop y2 3350
1605734476387783577 : Checking image 1 dpi 300
1605734476387901793 : Checking image 1 border top 6
1605734476387931027 : Checking image 1 border bottom 6
1605734476387957404 : Checking image 1 border left 29
1605734476387983946 : Checking image 1 border right 29
1605734476389640230 : Checking image 2 dpi 300
1605734476389752399 : Checking image 2 border top 209
1605734476389780218 : Checking image 2 border bottom 145
1605734476389806048 : Checking image 2 border left 189
1605734476389831849 : Checking image 2 border right 189

</system-out><system-err>--------------------------------- Captured Err ---------------------------------

</system-err></testcase><testcase classname="tests.test_images" name="test_wrong_angle_split_line_png" time="70.538"><system-out>--------------------------------- Captured Log ---------------------------------

--------------------------------- Captured Out ---------------------------------
/home/travis/build/bansan85/ocr-book/tests/wrong_angle_split_line.png
1605734505805600546 : Checking separation double page angle 90.16760446809923
1605734505805725777 : Checking separation double page y=0 2487
1605734515296755950 : Checking page rotation 1 0.0
1605734530431411489 : Checking page rotation 2 0.2
1605734544286746830 : Checking image 1 crop x1 53
1605734544286851587 : Checking image 1 crop y1 8
1605734544286882715 : Checking image 1 crop x2 2481
1605734544286911997 : Checking image 1 crop y2 3505
1605734546254178216 : Checking image 2 crop x1 163
1605734546254284923 : Checking image 2 crop y1 219
1605734546254320414 : Checking image 2 crop x2 2239
1605734546254353453 : Checking image 2 crop y2 3348
1605734546388157300 : Checking image 1 dpi 300
1605734546388324804 : Checking image 1 border top 5
1605734546388356423 : Checking image 1 border bottom 5
1605734546388383919 : Checking image 1 border left 26
1605734546388411457 : Checking image 1 border right 26
1605734546397855573 : Checking image 2 dpi 300
1605734546398096385 : Checking image 2 border top 208
1605734546398136580 : Checking image 2 border bottom 150
1605734546398163381 : Checking image 2 border left 192
1605734546398190643 : Checking image 2 border right 192

</system-out><system-err>--------------------------------- Captured Err ---------------------------------

</system-err></testcase><testcase classname="tests.test_images" name="test_angle_page_lower_split_line_png" time="54.497"><system-out>--------------------------------- Captured Log ---------------------------------

--------------------------------- Captured Out ---------------------------------
/home/travis/build/bansan85/ocr-book/tests/angle_page_lower_split_line.png
1605734565760067605 : Checking separation double page angle 89.732216133555
1605734565760194269 : Checking separation double page y=0 2471
1605734584636711727 : Checking page rotation 1 -0.44999999999998863
1605734598571966637 : Checking page rotation 2 0.2
1605734600129200866 : Checking image 1 crop x1 245
1605734600129312003 : Checking image 1 crop y1 161
1605734600129347089 : Checking image 1 crop x2 2351
1605734600129381384 : Checking image 1 crop y2 3364
1605734601433808872 : Checking image 2 crop x1 153
1605734601433914937 : Checking image 2 crop y1 147
1605734601433988503 : Checking image 2 crop x2 2260
1605734601434042677 : Checking image 2 crop y2 3350
1605734601465289367 : Checking image 1 dpi 300
1605734601465464974 : Checking image 1 border top 131
1605734601465499164 : Checking image 1 border bottom 152
1605734601465526927 : Checking image 1 border left 177
1605734601465553814 : Checking image 1 border right 177
1605734601468057330 : Checking image 2 dpi 300
1605734601468213551 : Checking image 2 border top 118
1605734601468243218 : Checking image 2 border bottom 166
1605734601468271336 : Checking image 2 border left 176
1605734601468298344 : Checking image 2 border right 176

</system-out><system-err>--------------------------------- Captured Err ---------------------------------

</system-err></testcase></testsuite></testsuites>