<?xml version="1.0" encoding="utf-8"?><testsuites><testsuite errors="0" failures="0" hostname="fv-az136-829" name="pytest" skipped="0" tests="36" time="349.380" timestamp="2021-05-12T12:33:22.991435"><testcase classname="tests.test_features" name="test_disabled_enable_debug" time="20.455"><system-out>--------------------------------- Captured Log ---------------------------------

--------------------------------- Captured Out ---------------------------------
/home/runner/work/diptych/diptych/tests/0001_debug.png
separation double page angle 90.55756528497216
separation double page y=0 2484
page rotation 1 0.65
page rotation 2 0.2
image 1 crop x1 329
image 1 crop y1 335
image 1 crop x2 2344
image 1 crop y2 3222
image 2 crop x1 171
image 2 crop y1 648
image 2 crop x2 2188
image 2 crop y2 3361
image 1 dpi 300
image 1 border top 327
image 1 border bottom 273
image 1 border left 222
image 1 border right 222
image 2 dpi 300
image 2 border top 643
image 2 border bottom 131
image 2 border left 221
image 2 border right 221

</system-out><system-err>--------------------------------- Captured Err ---------------------------------

</system-err></testcase><testcase classname="tests.test_features" name="test_mock_stop_at_0" time="0.054"><system-out>--------------------------------- Captured Log ---------------------------------

--------------------------------- Captured Out ---------------------------------
/home/runner/work/diptych/diptych/tests/0001_0.png

</system-out><system-err>--------------------------------- Captured Err ---------------------------------

</system-err></testcase><testcase classname="tests.test_features" name="test_mock_stop_at_2" time="14.527"><system-out>--------------------------------- Captured Log ---------------------------------

--------------------------------- Captured Out ---------------------------------
/home/runner/work/diptych/diptych/tests/0001_2.png
separation double page angle 90.55756528497216
separation double page y=0 2484
page rotation 1 0.65
page rotation 2 0.2

</system-out><system-err>--------------------------------- Captured Err ---------------------------------

</system-err></testcase><testcase classname="tests.test_features" name="test_mock_stop_at_4" time="19.751"><system-out>--------------------------------- Captured Log ---------------------------------

--------------------------------- Captured Out ---------------------------------
/home/runner/work/diptych/diptych/tests/0001_4.png
separation double page angle 90.55756528497216
separation double page y=0 2484
page rotation 1 0.65
page rotation 2 0.2
image 1 crop x1 329
image 1 crop y1 335
image 1 crop x2 2344
image 1 crop y2 3222
image 2 crop x1 171
image 2 crop y1 648
image 2 crop x2 2188
image 2 crop y2 3361
image 1 dpi 300
image 1 border top 326
image 1 border bottom 274
image 1 border left 222
image 1 border right 222
image 2 dpi 300
image 2 border top 643
image 2 border bottom 131
image 2 border left 221
image 2 border right 221

</system-out><system-err>--------------------------------- Captured Err ---------------------------------

</system-err></testcase><testcase classname="tests.test_features" name="test_mock_stop_at_1" time="11.338"><system-out>--------------------------------- Captured Log ---------------------------------

--------------------------------- Captured Out ---------------------------------
/home/runner/work/diptych/diptych/tests/0001_1.png
separation double page angle 90.55756528497216
separation double page y=0 2484

</system-out><system-err>--------------------------------- Captured Err ---------------------------------

</system-err></testcase><testcase classname="tests.test_features" name="test_mock_stop_at_3" time="19.279"><system-out>--------------------------------- Captured Log ---------------------------------

--------------------------------- Captured Out ---------------------------------
/home/runner/work/diptych/diptych/tests/0001_3.png
separation double page angle 90.55756528497216
separation double page y=0 2484
page rotation 1 0.65
page rotation 2 0.2
image 1 crop x1 329
image 1 crop y1 335
image 1 crop x2 2344
image 1 crop y2 3222
image 2 crop x1 171
image 2 crop y1 648
image 2 crop x2 2188
image 2 crop y2 3361

</system-out><system-err>--------------------------------- Captured Err ---------------------------------

</system-err></testcase><testcase classname="tests.test_images" name="test_0001_png" time="17.921"><system-out>--------------------------------- Captured Log ---------------------------------

--------------------------------- Captured Out ---------------------------------
/home/runner/work/diptych/diptych/tests/0001.png
1620822849257960919 : Checking separation double page angle 90.55756528497216
1620822849258100420 : Checking separation double page y=0 2484
1620822850268562137 : Checking page rotation 1 0.65
1620822851440447504 : Checking page rotation 2 0.2
1620822854005495100 : Checking image 1 crop x1 329
1620822854005609601 : Checking image 1 crop y1 335
1620822854005647202 : Checking image 1 crop x2 2344
1620822854005681402 : Checking image 1 crop y2 3222
1620822856255135598 : Checking image 2 crop x1 171
1620822856255241800 : Checking image 2 crop y1 648
1620822856255279400 : Checking image 2 crop x2 2188
1620822856255312901 : Checking image 2 crop y2 3361
1620822856255479003 : Checking image 1 dpi 300
1620822856255540503 : Checking image 1 border top 326
1620822856255579704 : Checking image 1 border bottom 274
1620822856255605304 : Checking image 1 border left 222
1620822856255630804 : Checking image 1 border right 222
1620822856257802531 : Checking image 2 dpi 300
1620822856257881532 : Checking image 2 border top 643
1620822856257912933 : Checking image 2 border bottom 131
1620822856257942533 : Checking image 2 border left 221
1620822856257971133 : Checking image 2 border right 221

</system-out><system-err>--------------------------------- Captured Err ---------------------------------

</system-err></testcase><testcase classname="tests.test_features" name="test_mock_stop_at_5" time="19.599"><system-out>--------------------------------- Captured Log ---------------------------------

--------------------------------- Captured Out ---------------------------------
/home/runner/work/diptych/diptych/tests/0001_5.png
separation double page angle 90.55756528497216
separation double page y=0 2484
page rotation 1 0.65
page rotation 2 0.2
image 1 crop x1 329
image 1 crop y1 335
image 1 crop x2 2344
image 1 crop y2 3222
image 2 crop x1 171
image 2 crop y1 648
image 2 crop x2 2188
image 2 crop y2 3361
image 1 dpi 300
image 1 border top 326
image 1 border bottom 274
image 1 border left 222
image 1 border right 222
image 2 dpi 300
image 2 border top 643
image 2 border bottom 131
image 2 border left 221
image 2 border right 221

</system-out><system-err>--------------------------------- Captured Err ---------------------------------

</system-err></testcase><testcase classname="tests.test_images" name="test_black_border_not_removed_png" time="19.335"><system-out>--------------------------------- Captured Log ---------------------------------

--------------------------------- Captured Out ---------------------------------
/home/runner/work/diptych/diptych/tests/black-border-not-removed.png
1620822866633593434 : Checking separation double page angle 90.01516396500199
1620822866633690835 : Checking separation double page y=0 2455
1620822867744560485 : Checking page rotation 1 0.0
1620822869143997981 : Checking page rotation 2 0.1
1620822871552791579 : Checking image 1 crop x1 297
1620822871552920181 : Checking image 1 crop y1 143
1620822871552960981 : Checking image 1 crop x2 2309
1620822871552999382 : Checking image 1 crop y2 3346
1620822875592645134 : Checking image 2 crop x1 154
1620822875592752835 : Checking image 2 crop y1 144
1620822875592789935 : Checking image 2 crop x2 2168
1620822875592826436 : Checking image 2 crop y2 3351
1620822875592996038 : Checking image 1 dpi 300
1620822875593059139 : Checking image 1 border top 131
1620822875593092439 : Checking image 1 border bottom 153
1620822875593124139 : Checking image 1 border left 224
1620822875593155140 : Checking image 1 border right 224
1620822875595327467 : Checking image 2 dpi 300
1620822875595405368 : Checking image 2 border top 133
1620822875595439468 : Checking image 2 border bottom 147
1620822875595471268 : Checking image 2 border left 223
1620822875595502369 : Checking image 2 border right 223

</system-out><system-err>--------------------------------- Captured Err ---------------------------------

</system-err></testcase><testcase classname="tests.test_images" name="test_2_pages_2_contours_png" time="13.738"><system-out>--------------------------------- Captured Log ---------------------------------

--------------------------------- Captured Out ---------------------------------
/home/runner/work/diptych/diptych/tests/2-pages-2-contours.png
1620822883893594064 : Checking separation double page angle 90.14230271514262
1620822883893729166 : Checking separation double page y=0 2488
1620822884409559272 : Checking page rotation 1 0.0
1620822885397577758 : Checking page rotation 2 0.2
1620822886200844621 : Checking image 1 crop x1 1189
1620822886200938423 : Checking image 1 crop y1 1751
1620822886200971323 : Checking image 1 crop x2 1190
1620822886201001323 : Checking image 1 crop y2 1752
1620822888410323402 : Checking image 2 crop x1 100
1620822888410439304 : Checking image 2 crop y1 240
1620822888410478604 : Checking image 2 crop x2 2148
1620822888410515805 : Checking image 2 crop y2 3240
1620822888410684407 : Checking image 1 dpi 300
1620822888410746007 : Checking image 1 border top 1752
1620822888410779208 : Checking image 1 border bottom 1753
1620822888410812208 : Checking image 1 border left 1239
1620822888410845709 : Checking image 1 border right 1239
1620822888412826332 : Checking image 2 dpi 300
1620822888412911233 : Checking image 2 border top 230
1620822888412944434 : Checking image 2 border bottom 256
1620822888412976234 : Checking image 2 border left 206
1620822888413007235 : Checking image 2 border right 206

</system-out><system-err>--------------------------------- Captured Err ---------------------------------

</system-err></testcase><testcase classname="tests.test_images" name="test_image_failed_to_rotate_png" time="25.319"><system-out>--------------------------------- Captured Log ---------------------------------

--------------------------------- Captured Out ---------------------------------
/home/runner/work/diptych/diptych/tests/image_failed_to_rotate.png
1620822889254950563 : Checking separation double page angle 90.35651650869968
1620822889255062565 : Checking separation double page y=0 2483
1620822891060365132 : Checking page rotation 1 0.45
1620822892133037130 : Checking page rotation 2 0.2
1620822897394548964 : Checking image 1 crop x1 31
1620822897394671666 : Checking image 1 crop y1 1
1620822897394708266 : Checking image 1 crop x2 2481
1620822897394748667 : Checking image 1 crop y2 3504
1620822900791434409 : Checking image 2 crop x1 171
1620822900791552211 : Checking image 2 crop y1 231
1620822900791589411 : Checking image 2 crop x2 2259
1620822900791626812 : Checking image 2 crop y2 3358
1620822900791847015 : Checking image 1 dpi 300
1620822900791916615 : Checking image 1 border top 2
1620822900791952716 : Checking image 1 border bottom 2
1620822900791984416 : Checking image 1 border left 15
1620822900792016017 : Checking image 1 border right 15
1620822900794251244 : Checking image 2 dpi 300
1620822900794329145 : Checking image 2 border top 217
1620822900794362345 : Checking image 2 border bottom 143
1620822900794393546 : Checking image 2 border left 186
1620822900794423946 : Checking image 2 border right 186

</system-out><system-err>--------------------------------- Captured Err ---------------------------------

</system-err></testcase><testcase classname="tests.test_images" name="test_wrong_split_line_png" time="16.611"><system-out>--------------------------------- Captured Log ---------------------------------

--------------------------------- Captured Out ---------------------------------
/home/runner/work/diptych/diptych/tests/wrong_split_line.png
1620822899712799961 : Checking separation double page angle 89.95895720607972
1620822899712905163 : Checking separation double page y=0 2466
1620822900764066773 : Checking page rotation 1 -0.04999999999999689
1620822901739049148 : Checking page rotation 2 0.45
1620822903060340377 : Checking image 1 crop x1 211
1620822903060456278 : Checking image 1 crop y1 156
1620822903060494379 : Checking image 1 crop x2 2323
1620822903060531579 : Checking image 1 crop y2 3363
1620822905024890006 : Checking image 2 crop x1 123
1620822905025000307 : Checking image 2 crop y1 164
1620822905025035708 : Checking image 2 crop x2 2237
1620822905025070608 : Checking image 2 crop y2 3375
1620822905025232010 : Checking image 1 dpi 300
1620822905025284611 : Checking image 1 border top 135
1620822905025311611 : Checking image 1 border bottom 145
1620822905025338911 : Checking image 1 border left 174
1620822905025366812 : Checking image 1 border right 174
1620822905027722041 : Checking image 2 dpi 300
1620822905027799642 : Checking image 2 border top 141
1620822905027826942 : Checking image 2 border bottom 135
1620822905027852542 : Checking image 2 border left 173
1620822905027878143 : Checking image 2 border right 173

</system-out><system-err>--------------------------------- Captured Err ---------------------------------

</system-err></testcase><testcase classname="tests.test_images" name="test_image_failed_to_crop_data_png" time="34.953"><system-out>--------------------------------- Captured Log ---------------------------------

--------------------------------- Captured Out ---------------------------------
/home/runner/work/diptych/diptych/tests/image_failed_to_crop_data.png
1620822918517590218 : Checking separation double page angle 90.09350257645173
1620822918517699119 : Checking separation double page y=0 2479
1620822922796575282 : Checking page rotation 1 0.15000000000000002
1620822923767370148 : Checking page rotation 2 0.05
1620822932944212867 : Checking image 1 crop x1 46
1620822932944345069 : Checking image 1 crop y1 1
1620822932944387570 : Checking image 1 crop x2 2477
1620822932944427070 : Checking image 1 crop y2 3505
1620822935798234819 : Checking image 2 crop x1 164
1620822935798353420 : Checking image 2 crop y1 217
1620822935798393721 : Checking image 2 crop x2 2245
1620822935798445222 : Checking image 2 crop y2 3350
1620822935798637924 : Checking image 1 dpi 300
1620822935798707025 : Checking image 1 border top 2
1620822935798746925 : Checking image 1 border bottom 2
1620822935798780726 : Checking image 1 border left 25
1620822935798814326 : Checking image 1 border right 25
1620822935801018853 : Checking image 2 dpi 300
1620822935801103954 : Checking image 2 border top 206
1620822935801139755 : Checking image 2 border bottom 148
1620822935801174255 : Checking image 2 border left 189
1620822935801207655 : Checking image 2 border right 189

</system-out><system-err>--------------------------------- Captured Err ---------------------------------

</system-err></testcase><testcase classname="tests.test_images" name="test_crop_too_much_png" time="22.598"><system-out>--------------------------------- Captured Log ---------------------------------

--------------------------------- Captured Out ---------------------------------
/home/runner/work/diptych/diptych/tests/crop_too_much.png
1620822917825416660 : Checking separation double page angle 90.16929865985193
1620822917825525661 : Checking separation double page y=0 2456
1620822919327401014 : Checking page rotation 1 -0.04999999999999689
1620822920687623636 : Checking page rotation 2 0.2
1620822923577418846 : Checking image 1 crop x1 302
1620822923577539047 : Checking image 1 crop y1 148
1620822923577576848 : Checking image 1 crop x2 2314
1620822923577611448 : Checking image 1 crop y2 3351
1620822927592108101 : Checking image 2 crop x1 163
1620822927592238202 : Checking image 2 crop y1 151
1620822927592276603 : Checking image 2 crop x2 2187
1620822927592314603 : Checking image 2 crop y2 3363
1620822927592491805 : Checking image 1 dpi 300
1620822927592566406 : Checking image 1 border top 133
1620822927592606307 : Checking image 1 border bottom 151
1620822927592633407 : Checking image 1 border left 224
1620822927592660507 : Checking image 1 border right 224
1620822927595211838 : Checking image 2 dpi 300
1620822927595291339 : Checking image 2 border top 132
1620822927595322540 : Checking image 2 border bottom 143
1620822927595355340 : Checking image 2 border left 218
1620822927595384640 : Checking image 2 border right 218

</system-out><system-err>--------------------------------- Captured Err ---------------------------------

</system-err></testcase><testcase classname="tests.test_images" name="test_crop_too_few_png" time="16.139"><system-out>--------------------------------- Captured Log ---------------------------------

--------------------------------- Captured Out ---------------------------------
/home/runner/work/diptych/diptych/tests/crop_too_few.png
1620822938703007693 : Checking separation double page angle 89.49492328400886
1620822938703114095 : Checking separation double page y=0 2510
1620822939559783995 : Checking page rotation 1 -0.6499999999999977
1620822940553674676 : Checking page rotation 2 0.0
1620822942394863143 : Checking image 1 crop x1 263
1620822942394984544 : Checking image 1 crop y1 150
1620822942395024445 : Checking image 1 crop x2 2377
1620822942395062145 : Checking image 1 crop y2 3357
1620822943767800970 : Checking image 2 crop x1 139
1620822943767939172 : Checking image 2 crop y1 141
1620822943767980072 : Checking image 2 crop x2 2261
1620822943768019473 : Checking image 2 crop y2 3345
1620822943768188275 : Checking image 1 dpi 300
1620822943768254876 : Checking image 1 border top 129
1620822943768290276 : Checking image 1 border bottom 150
1620822943768325677 : Checking image 1 border left 173
1620822943768362477 : Checking image 1 border right 173
1620822943770988409 : Checking image 2 dpi 300
1620822943771068810 : Checking image 2 border top 130
1620822943771104311 : Checking image 2 border bottom 153
1620822943771138411 : Checking image 2 border left 169
1620822943771172111 : Checking image 2 border right 169

</system-out><system-err>--------------------------------- Captured Err ---------------------------------

</system-err></testcase><testcase classname="tests.test_images" name="test_wrong_angle_split_line_png" time="22.639"><system-out>--------------------------------- Captured Log ---------------------------------

--------------------------------- Captured Out ---------------------------------
/home/runner/work/diptych/diptych/tests/wrong_angle_split_line.png
1620822945524998007 : Checking separation double page angle 90.08791528895468
1620822945525104009 : Checking separation double page y=0 2478
1620822946816394431 : Checking page rotation 1 0.1
1620822947985835746 : Checking page rotation 2 0.1
1620822953252551112 : Checking image 1 crop x1 58
1620822953252674914 : Checking image 1 crop y1 6
1620822953252717014 : Checking image 1 crop x2 2476
1620822953252756315 : Checking image 1 crop y2 3501
1620822957774603019 : Checking image 2 crop x1 166
1620822957774737221 : Checking image 2 crop y1 218
1620822957774774122 : Checking image 2 crop x2 2244
1620822957774810622 : Checking image 2 crop y2 3349
1620822957774986624 : Checking image 1 dpi 300
1620822957775058025 : Checking image 1 border top 6
1620822957775092525 : Checking image 1 border bottom 6
1620822957775124026 : Checking image 1 border left 31
1620822957775155126 : Checking image 1 border right 31
1620822957782690918 : Checking image 2 dpi 300
1620822957782804320 : Checking image 2 border top 209
1620822957782837620 : Checking image 2 border bottom 147
1620822957782869620 : Checking image 2 border left 191
1620822957782900621 : Checking image 2 border right 191

</system-out><system-err>--------------------------------- Captured Err ---------------------------------

</system-err></testcase><testcase classname="tests.test_images" name="test_crop_too_much_2_png" time="22.589"><system-out>--------------------------------- Captured Log ---------------------------------

--------------------------------- Captured Out ---------------------------------
/home/runner/work/diptych/diptych/tests/crop_too_much_2.png
1620822957214858876 : Checking separation double page angle 90.15285326123045
1620822957214982677 : Checking separation double page y=0 2477
1620822958532672488 : Checking page rotation 1 0.15000000000000002
1620822960146504419 : Checking page rotation 2 0.2
1620822962867361537 : Checking image 1 crop x1 330
1620822962867478638 : Checking image 1 crop y1 132
1620822962867527739 : Checking image 1 crop x2 2342
1620822962867560839 : Checking image 1 crop y2 3335
1620822966323256264 : Checking image 2 crop x1 165
1620822966323366765 : Checking image 2 crop y1 139
1620822966323416366 : Checking image 2 crop x2 2178
1620822966323453466 : Checking image 2 crop y2 3345
1620822966323621368 : Checking image 1 dpi 300
1620822966323683469 : Checking image 1 border top 121
1620822966323736570 : Checking image 1 border bottom 163
1620822966323770170 : Checking image 1 border left 224
1620822966323806670 : Checking image 1 border right 224
1620822966326302400 : Checking image 2 dpi 300
1620822966326383001 : Checking image 2 border top 129
1620822966326416802 : Checking image 2 border bottom 152
1620822966326448402 : Checking image 2 border left 223
1620822966326479803 : Checking image 2 border right 223

</system-out><system-err>--------------------------------- Captured Err ---------------------------------

</system-err></testcase><testcase classname="tests.test_images" name="test_angle_page_lower_split_line_png" time="23.488"><system-out>--------------------------------- Captured Log ---------------------------------

--------------------------------- Captured Out ---------------------------------
/home/runner/work/diptych/diptych/tests/angle_page_lower_split_line.png
1620822974578898690 : Checking separation double page angle 89.74412725181848
1620822974579010391 : Checking separation double page y=0 2472
1620822975953903958 : Checking page rotation 1 -0.14999999999999067
1620822977156888916 : Checking page rotation 2 0.1
1620822978634218240 : Checking image 1 crop x1 241
1620822978634329741 : Checking image 1 crop y1 156
1620822978634363742 : Checking image 1 crop x2 2357
1620822978634397642 : Checking image 1 crop y2 3368
1620822982007534817 : Checking image 2 crop x1 151
1620822982007657019 : Checking image 2 crop y1 146
1620822982007713919 : Checking image 2 crop x2 2261
1620822982007753520 : Checking image 2 crop y2 3351
1620822982007920522 : Checking image 1 dpi 300
1620822982007989523 : Checking image 1 border top 140
1620822982008025023 : Checking image 1 border bottom 135
1620822982008057324 : Checking image 1 border left 172
1620822982008088724 : Checking image 1 border right 172
1620822982010351052 : Checking image 2 dpi 300
1620822982010418953 : Checking image 2 border top 131
1620822982010446553 : Checking image 2 border bottom 151
1620822982010472053 : Checking image 2 border left 175
1620822982010497154 : Checking image 2 border right 175

</system-out><system-err>--------------------------------- Captured Err ---------------------------------

</system-err></testcase><testcase classname="tests.test_images" name="test_wrong_split_line_2_png" time="28.453"><system-out>--------------------------------- Captured Log ---------------------------------

--------------------------------- Captured Out ---------------------------------
/home/runner/work/diptych/diptych/tests/wrong_split_line_2.png
1620822981063838742 : Checking separation double page angle 90.23635161124103
1620822981063952743 : Checking separation double page y=0 2437
1620822982661225735 : Checking page rotation 1 0.2
1620822984241297817 : Checking page rotation 2 0.2
1620822988665665538 : Checking image 1 crop x1 294
1620822988665771540 : Checking image 1 crop y1 136
1620822988665802840 : Checking image 1 crop x2 2325
1620822988665854841 : Checking image 1 crop y2 3376
1620822994797331504 : Checking image 2 crop x1 138
1620822994797452505 : Checking image 2 crop y1 190
1620822994797492806 : Checking image 2 crop x2 2174
1620822994797531806 : Checking image 2 crop y2 3389
1620822994797707108 : Checking image 1 dpi 300
1620822994797770709 : Checking image 1 border top 131
1620822994797803710 : Checking image 1 border bottom 116
1620822994797837310 : Checking image 1 border left 214
1620822994797872811 : Checking image 1 border right 214
1620822994800321140 : Checking image 2 dpi 300
1620822994800410842 : Checking image 2 border top 181
1620822994800447542 : Checking image 2 border bottom 107
1620822994800481642 : Checking image 2 border left 212
1620822994800515943 : Checking image 2 border right 212

</system-out><system-err>--------------------------------- Captured Err ---------------------------------

</system-err></testcase><testcase classname="tests.test_images" name="test_wrong_wave_split_line_png" time="27.835"><system-out>--------------------------------- Captured Log ---------------------------------

--------------------------------- Captured Out ---------------------------------
/home/runner/work/diptych/diptych/tests/wrong_wave_split_line.png
1620822997265374881 : Checking separation double page angle 90.42461655762611
1620822997265479582 : Checking separation double page y=0 2502
1620822998561249725 : Checking page rotation 1 -0.09999999999999377
1620822999849919482 : Checking page rotation 2 0.85
1620823004498222753 : Checking image 1 crop x1 384
1620823004498337954 : Checking image 1 crop y1 178
1620823004498378255 : Checking image 1 crop x2 2412
1620823004498416455 : Checking image 1 crop y2 3374
1620823009831005638 : Checking image 2 crop x1 7
1620823009831132039 : Checking image 2 crop y1 0
1620823009831172840 : Checking image 2 crop x2 2411
1620823009831212440 : Checking image 2 crop y2 3505
1620823009831369642 : Checking image 1 dpi 300
1620823009831441443 : Checking image 1 border top 173
1620823009831477143 : Checking image 1 border bottom 118
1620823009831511344 : Checking image 1 border left 216
1620823009831544844 : Checking image 1 border right 216
1620823009833875872 : Checking image 2 dpi 300
1620823009833966273 : Checking image 2 border top 1
1620823009834002273 : Checking image 2 border bottom 1
1620823009834036674 : Checking image 2 border left 38
1620823009834070274 : Checking image 2 border right 38

</system-out><system-err>--------------------------------- Captured Err ---------------------------------

</system-err></testcase><testcase classname="tests.test_images" name="test_small_wave_png" time="19.703"><system-out>--------------------------------- Captured Log ---------------------------------

--------------------------------- Captured Out ---------------------------------
/home/runner/work/diptych/diptych/tests/small_wave.png
1620823007940004091 : Checking separation double page angle 90.56494929955075
1620823007940117492 : Checking separation double page y=0 2495
1620823009644618815 : Checking page rotation 1 0.7
1620823011028668641 : Checking page rotation 2 0.65
1620823012492704576 : Checking image 1 crop x1 322
1620823012492819478 : Checking image 1 crop y1 199
1620823012492855478 : Checking image 1 crop x2 2351
1620823012492888179 : Checking image 1 crop y2 3394
1620823014503202806 : Checking image 2 crop x1 130
1620823014503324808 : Checking image 2 crop y1 222
1620823014503365408 : Checking image 2 crop x2 2163
1620823014503405108 : Checking image 2 crop y2 3420
1620823014503583611 : Checking image 1 dpi 300
1620823014503650011 : Checking image 1 border top 181
1620823014503685812 : Checking image 1 border bottom 111
1620823014503740913 : Checking image 1 border left 215
1620823014503778713 : Checking image 1 border right 215
1620823014506434346 : Checking image 2 dpi 300
1620823014506521547 : Checking image 2 border top 197
1620823014506557847 : Checking image 2 border bottom 92
1620823014506591548 : Checking image 2 border left 213
1620823014506625448 : Checking image 2 border right 213

</system-out><system-err>--------------------------------- Captured Err ---------------------------------

</system-err></testcase><testcase classname="tests.test_images" name="test_no_split_line_line_algo_png" time="19.327"><system-out>--------------------------------- Captured Log ---------------------------------

--------------------------------- Captured Out ---------------------------------
/home/runner/work/diptych/diptych/tests/no_split_line_line_algo.png
1620823021375147185 : Checking separation double page angle 89.47691469185418
1620823021375261486 : Checking separation double page y=0 2476
1620823022259334115 : Checking page rotation 1 -0.14999999999999067
1620823023523825802 : Checking page rotation 2 -0.14999999999999067
1620823025154552276 : Checking image 1 crop x1 205
1620823025154661877 : Checking image 1 crop y1 158
1620823025154697078 : Checking image 1 crop x2 2320
1620823025154731978 : Checking image 1 crop y2 3366
1620823029179026011 : Checking image 2 crop x1 185
1620823029179144313 : Checking image 2 crop y1 225
1620823029179183613 : Checking image 2 crop x2 2204
1620823029179222814 : Checking image 2 crop y2 3362
1620823029179400916 : Checking image 1 dpi 300
1620823029179470317 : Checking image 1 border top 144
1620823029179507617 : Checking image 1 border bottom 134
1620823029179541818 : Checking image 1 border left 172
1620823029179575318 : Checking image 1 border right 172
1620823029181907446 : Checking image 2 dpi 300
1620823029181992648 : Checking image 2 border top 223
1620823029182028548 : Checking image 2 border bottom 127
1620823029182062948 : Checking image 2 border left 220
1620823029182096349 : Checking image 2 border right 220

</system-out><system-err>--------------------------------- Captured Err ---------------------------------

</system-err></testcase><testcase classname="tests.test_images" name="test_wrong_split_line_3_png" time="21.660"><system-out>--------------------------------- Captured Log ---------------------------------

--------------------------------- Captured Out ---------------------------------
/home/runner/work/diptych/diptych/tests/wrong_split_line_3.png
1620823026430575605 : Checking separation double page angle 90.40515247895009
1620823026430684406 : Checking separation double page y=0 2495
1620823027760395668 : Checking page rotation 1 0.2
1620823028855195252 : Checking page rotation 2 0.85
1620823030738869381 : Checking image 1 crop x1 331
1620823030738986182 : Checking image 1 crop y1 166
1620823030739022683 : Checking image 1 crop x2 2377
1620823030739057883 : Checking image 1 crop y2 3375
1620823036180117619 : Checking image 2 crop x1 103
1620823036180226220 : Checking image 2 crop y1 207
1620823036180262221 : Checking image 2 crop x2 2136
1620823036180297621 : Checking image 2 crop y2 3414
1620823036180485624 : Checking image 1 dpi 300
1620823036180548524 : Checking image 1 border top 158
1620823036180581025 : Checking image 1 border bottom 120
1620823036180613725 : Checking image 1 border left 207
1620823036180647425 : Checking image 1 border right 207
1620823036183419159 : Checking image 2 dpi 300
1620823036183506660 : Checking image 2 border top 199
1620823036183539261 : Checking image 2 border bottom 81
1620823036183570261 : Checking image 2 border left 213
1620823036183601462 : Checking image 2 border right 213

</system-out><system-err>--------------------------------- Captured Err ---------------------------------

</system-err></testcase><testcase classname="tests.test_images" name="test_failed_split_line_line_algo_png" time="14.056"><system-out>--------------------------------- Captured Log ---------------------------------

--------------------------------- Captured Out ---------------------------------
/home/runner/work/diptych/diptych/tests/failed_split_line_line_algo.png
1620823038275643561 : Checking separation double page angle 90.0093502548779
1620823038275775863 : Checking separation double page y=0 2574
1620823038990249206 : Checking page rotation 1 0.0
1620823039530778320 : Checking page rotation 2 0.0
1620823041681235934 : Checking image 1 crop x1 411
1620823041681347536 : Checking image 1 crop y1 2927
1620823041681381836 : Checking image 1 crop x2 2422
1620823041681432437 : Checking image 1 crop y2 3172
1620823043263444668 : Checking image 2 crop x1 1191
1620823043263543469 : Checking image 2 crop y1 1745
1620823043263575369 : Checking image 2 crop x2 1192
1620823043263605270 : Checking image 2 crop y2 1746
1620823043263779672 : Checking image 1 dpi 300
1620823043263857173 : Checking image 1 border top 2920
1620823043263892173 : Checking image 1 border bottom 322
1620823043263924274 : Checking image 1 border left 224
1620823043263955374 : Checking image 1 border right 224
1620823043265933698 : Checking image 2 dpi 300
1620823043266015299 : Checking image 2 border top 1752
1620823043266048399 : Checking image 2 border bottom 1753
1620823043266081700 : Checking image 2 border left 1239
1620823043266112700 : Checking image 2 border right 1239

</system-out><system-err>--------------------------------- Captured Err ---------------------------------

</system-err></testcase><testcase classname="tests.test_images" name="test_crop_too_much_3_png" time="18.189"><system-out>--------------------------------- Captured Log ---------------------------------

--------------------------------- Captured Out ---------------------------------
/home/runner/work/diptych/diptych/tests/crop_too_much_3.png
1620823047171304099 : Checking separation double page angle 89.5934556679346
1620823047171414900 : Checking separation double page y=0 2499
1620823048277320079 : Checking page rotation 1 -0.8999999999999949
1620823049797232805 : Checking page rotation 2 -0.04999999999999689
1620823052269826988 : Checking image 1 crop x1 374
1620823052269927189 : Checking image 1 crop y1 258
1620823052269960590 : Checking image 1 crop x2 2385
1620823052269991290 : Checking image 1 crop y2 3459
1620823054364517180 : Checking image 2 crop x1 164
1620823054364635782 : Checking image 2 crop y1 229
1620823054364676482 : Checking image 2 crop x2 2183
1620823054364716083 : Checking image 2 crop y2 3416
1620823054364883685 : Checking image 1 dpi 300
1620823054364949486 : Checking image 1 border top 239
1620823054364985286 : Checking image 1 border bottom 46
1620823054365020987 : Checking image 1 border left 224
1620823054365056187 : Checking image 1 border right 224
1620823054367819021 : Checking image 2 dpi 300
1620823054367916522 : Checking image 2 border top 210
1620823054367954422 : Checking image 2 border bottom 90
1620823054368000223 : Checking image 2 border left 220
1620823054368050424 : Checking image 2 border right 220

</system-out><system-err>--------------------------------- Captured Err ---------------------------------

</system-err></testcase><testcase classname="tests.test_images" name="test_failed_split_line_line_algo_2_png" time="20.238"><system-out>--------------------------------- Captured Log ---------------------------------

--------------------------------- Captured Out ---------------------------------
/home/runner/work/diptych/diptych/tests/failed_split_line_line_algo_2.png
1620823056094409816 : Checking separation double page angle 90.03732329462368
1620823056094523617 : Checking separation double page y=0 2499
1620823057532731289 : Checking page rotation 1 -0.09999999999999377
1620823058728502297 : Checking page rotation 2 0.5499999999999999
1620823061209516150 : Checking image 1 crop x1 273
1620823061209658952 : Checking image 1 crop y1 147
1620823061209693653 : Checking image 1 crop x2 2386
1620823061209726253 : Checking image 1 crop y2 3352
1620823063465722371 : Checking image 2 crop x1 122
1620823063465850573 : Checking image 2 crop y1 155
1620823063465884673 : Checking image 2 crop x2 2246
1620823063465936374 : Checking image 2 crop y2 3350
1620823063466105276 : Checking image 1 dpi 300
1620823063466174877 : Checking image 1 border top 137
1620823063466209577 : Checking image 1 border bottom 145
1620823063466240978 : Checking image 1 border left 173
1620823063466272278 : Checking image 1 border right 173
1620823063468541206 : Checking image 2 dpi 300
1620823063468623807 : Checking image 2 border top 133
1620823063468657407 : Checking image 2 border bottom 159
1620823063468689007 : Checking image 2 border left 168
1620823063468719608 : Checking image 2 border right 168

</system-out><system-err>--------------------------------- Captured Err ---------------------------------

</system-err></testcase><testcase classname="tests.test_images" name="test_wrong_wave_split_line_2_png" time="22.665"><system-out>--------------------------------- Captured Log ---------------------------------

--------------------------------- Captured Out ---------------------------------
/home/runner/work/diptych/diptych/tests/wrong_wave_split_line_2.png
1620823069849128356 : Checking separation double page angle 90.7708958311329
1620823069849236057 : Checking separation double page y=0 2490
1620823070967430248 : Checking page rotation 1 0.2
1620823072071751671 : Checking page rotation 2 1.65
1620823073500522437 : Checking image 1 crop x1 227
1620823073500637739 : Checking image 1 crop y1 147
1620823073500674939 : Checking image 1 crop x2 2342
1620823073500711240 : Checking image 1 crop y2 3353
1620823077032275213 : Checking image 2 crop x1 106
1620823077032393515 : Checking image 2 crop y1 195
1620823077032431015 : Checking image 2 crop x2 2231
1620823077032469516 : Checking image 2 crop y2 3398
1620823077032637118 : Checking image 1 dpi 300
1620823077032700118 : Checking image 1 border top 136
1620823077032733219 : Checking image 1 border bottom 145
1620823077032765919 : Checking image 1 border left 172
1620823077032800420 : Checking image 1 border right 172
1620823077035558353 : Checking image 2 dpi 300
1620823077035637454 : Checking image 2 border top 166
1620823077035670555 : Checking image 2 border bottom 117
1620823077035734555 : Checking image 2 border left 167
1620823077035766356 : Checking image 2 border right 167

</system-out><system-err>--------------------------------- Captured Err ---------------------------------

</system-err></testcase><testcase classname="tests.test_images" name="test_wrong_wave_split_line_3_png" time="20.809"><system-out>--------------------------------- Captured Log ---------------------------------

--------------------------------- Captured Out ---------------------------------
/home/runner/work/diptych/diptych/tests/wrong_wave_split_line_3.png
1620823078456662818 : Checking separation double page angle 90.12715931778824
1620823078456768719 : Checking separation double page y=0 2514
1620823079703368652 : Checking page rotation 1 0.05
1620823080836785001 : Checking page rotation 2 0.2
1620823082626843974 : Checking image 1 crop x1 273
1620823082626965776 : Checking image 1 crop y1 220
1620823082627013276 : Checking image 1 crop x2 2383
1620823082627063477 : Checking image 1 crop y2 3423
1620823084292807483 : Checking image 2 crop x1 116
1620823084292925885 : Checking image 2 crop y1 225
1620823084292965185 : Checking image 2 crop x2 2242
1620823084293005186 : Checking image 2 crop y2 3415
1620823084293182988 : Checking image 1 dpi 300
1620823084293265289 : Checking image 1 border top 202
1620823084293299489 : Checking image 1 border bottom 82
1620823084293331090 : Checking image 1 border left 175
1620823084293362190 : Checking image 1 border right 175
1620823084295464015 : Checking image 2 dpi 300
1620823084295622817 : Checking image 2 border top 204
1620823084295676718 : Checking image 2 border bottom 93
1620823084295722119 : Checking image 2 border left 167
1620823084295753319 : Checking image 2 border right 167

</system-out><system-err>--------------------------------- Captured Err ---------------------------------

</system-err></testcase><testcase classname="tests.test_images" name="test_no_split_line_wave_algo_png" time="30.840"><system-out>--------------------------------- Captured Log ---------------------------------

--------------------------------- Captured Out ---------------------------------
/home/runner/work/diptych/diptych/tests/no_split_line_wave_algo.png
1620823089297163036 : Checking separation double page angle 89.79018091440821
1620823089297260337 : Checking separation double page y=0 2483
1620823091914583003 : Checking page rotation 1 0.0
1620823093049455784 : Checking page rotation 2 -0.44999999999999746
1620823102071860723 : Checking image 1 crop x1 97
1620823102071948124 : Checking image 1 crop y1 74
1620823102071985524 : Checking image 1 crop x2 2489
1620823102072021525 : Checking image 1 crop y2 3505
1620823107838042289 : Checking image 2 crop x1 164
1620823107838161491 : Checking image 2 crop y1 267
1620823107838203891 : Checking image 2 crop x2 2239
1620823107838241192 : Checking image 2 crop y2 3380
1620823107838413394 : Checking image 1 dpi 300
1620823107838479195 : Checking image 1 border top 38
1620823107838514295 : Checking image 1 border bottom 38
1620823107838549796 : Checking image 1 border left 44
1620823107838588096 : Checking image 1 border right 44
1620823107841225128 : Checking image 2 dpi 300
1620823107841308729 : Checking image 2 border top 257
1620823107841344430 : Checking image 2 border bottom 117
1620823107841378130 : Checking image 2 border left 192
1620823107841412031 : Checking image 2 border right 192

</system-out><system-err>--------------------------------- Captured Err ---------------------------------

</system-err></testcase><testcase classname="tests.test_images" name="test_no_split_line_wave_algo_2_png" time="17.750"><system-out>--------------------------------- Captured Log ---------------------------------

--------------------------------- Captured Out ---------------------------------
/home/runner/work/diptych/diptych/tests/no_split_line_wave_algo_2.png
1620823096224289518 : Checking separation double page angle 90.43362571535843
1620823096224398220 : Checking separation double page y=0 2473
1620823097321360538 : Checking page rotation 1 1.05
1620823098431083412 : Checking page rotation 2 0.15000000000000002
1620823100325046068 : Checking image 1 crop x1 267
1620823100325160969 : Checking image 1 crop y1 210
1620823100325199570 : Checking image 1 crop x2 2343
1620823100325234470 : Checking image 1 crop y2 3412
1620823102052576987 : Checking image 2 crop x1 165
1620823102052691488 : Checking image 2 crop y1 241
1620823102052728689 : Checking image 2 crop x2 2250
1620823102052765489 : Checking image 2 crop y2 3433
1620823102052965992 : Checking image 1 dpi 300
1620823102053034792 : Checking image 1 border top 192
1620823102053069493 : Checking image 1 border bottom 93
1620823102053101293 : Checking image 1 border left 192
1620823102053132194 : Checking image 1 border right 192
1620823102055333621 : Checking image 2 dpi 300
1620823102055413022 : Checking image 2 border top 224
1620823102055446922 : Checking image 2 border bottom 71
1620823102055478422 : Checking image 2 border left 187
1620823102055509123 : Checking image 2 border right 187

</system-out><system-err>--------------------------------- Captured Err ---------------------------------

</system-err></testcase><testcase classname="tests.test_images" name="test_failed_detect_rectangle_png" time="19.591"><system-out>--------------------------------- Captured Log ---------------------------------

--------------------------------- Captured Out ---------------------------------
/home/runner/work/diptych/diptych/tests/failed_detect_rectangle.png
1620823115697641303 : Checking separation double page angle 90.242273842964
1620823115697760904 : Checking separation double page y=0 2475
1620823117223559042 : Checking page rotation 1 0.2
1620823119049872651 : Checking page rotation 2 0.2
1620823120302830756 : Checking image 1 crop x1 257
1620823120302933957 : Checking image 1 crop y1 201
1620823120302967058 : Checking image 1 crop x2 2333
1620823120302998058 : Checking image 1 crop y2 3402
1620823121632122994 : Checking image 2 crop x1 137
1620823121632248695 : Checking image 2 crop y1 215
1620823121632289296 : Checking image 2 crop x2 2220
1620823121632329596 : Checking image 2 crop y2 3406
1620823121632503098 : Checking image 1 dpi 300
1620823121632576899 : Checking image 1 border top 188
1620823121632613300 : Checking image 1 border bottom 98
1620823121632647000 : Checking image 1 border left 192
1620823121632680300 : Checking image 1 border right 192
1620823121634881527 : Checking image 2 dpi 300
1620823121634964528 : Checking image 2 border top 201
1620823121635001929 : Checking image 2 border bottom 95
1620823121635035829 : Checking image 2 border left 188
1620823121635069130 : Checking image 2 border right 188

</system-out><system-err>--------------------------------- Captured Err ---------------------------------

</system-err></testcase><testcase classname="tests.test_images" name="test_crop_too_few_2_png" time="19.441"><system-out>--------------------------------- Captured Log ---------------------------------

--------------------------------- Captured Out ---------------------------------
/home/runner/work/diptych/diptych/tests/crop_too_few_2.png
1620823119623624559 : Checking separation double page angle 90.35461351371423
1620823119623763961 : Checking separation double page y=0 2533
1620823120667476710 : Checking page rotation 1 1.0999999999999999
1620823121973575765 : Checking page rotation 2 0.0
1620823124616128265 : Checking image 1 crop x1 289
1620823124616246066 : Checking image 1 crop y1 165
1620823124616284567 : Checking image 1 crop x2 2400
1620823124616322367 : Checking image 1 crop y2 3367
1620823127346928504 : Checking image 2 crop x1 152
1620823127347047606 : Checking image 2 crop y1 190
1620823127347088706 : Checking image 2 crop x2 2273
1620823127347128807 : Checking image 2 crop y2 3385
1620823127347304609 : Checking image 1 dpi 300
1620823127347371710 : Checking image 1 border top 157
1620823127347407610 : Checking image 1 border bottom 128
1620823127347443511 : Checking image 1 border left 174
1620823127347482211 : Checking image 1 border right 174
1620823127349676838 : Checking image 2 dpi 300
1620823127349760339 : Checking image 2 border top 175
1620823127349795439 : Checking image 2 border bottom 116
1620823127349828740 : Checking image 2 border left 169
1620823127349862440 : Checking image 2 border right 169

</system-out><system-err>--------------------------------- Captured Err ---------------------------------

</system-err></testcase><testcase classname="tests.test_images" name="test_single_page_png" time="6.012"><system-out>--------------------------------- Captured Log ---------------------------------

--------------------------------- Captured Out ---------------------------------
/home/runner/work/diptych/diptych/tests/single_page.png
1620823124736696432 : Checking separation double page angle 89.93006318861008
1620823124736827734 : Checking separation double page y=0 2472
1620823125598364821 : Checking page rotation 1 0.0
1620823125714757937 : Checking page rotation 2 0.0
1620823127195233558 : Checking image 1 crop x1 1
1620823127195324659 : Checking image 1 crop y1 8
1620823127195362459 : Checking image 1 crop x2 2470
1620823127195395660 : Checking image 1 crop y2 3505
1620823127317632648 : Checking image 2 crop x1 0
1620823127317709049 : Checking image 2 crop y1 0
1620823127317740549 : Checking image 2 crop x2 0
1620823127317770949 : Checking image 2 crop y2 0
1620823127317833750 : Checking image 1 dpi 300
1620823127317897451 : Checking image 1 border top 5
1620823127317931051 : Checking image 1 border bottom 5
1620823127317962552 : Checking image 1 border left 6
1620823127317993752 : Checking image 1 border right 6
1620823127323927224 : Checking image 2 border top 0
1620823127323997625 : Checking image 2 border bottom 0
1620823127324028926 : Checking image 2 border left 0
1620823127324059926 : Checking image 2 border right 0

</system-out><system-err>--------------------------------- Captured Err ---------------------------------

</system-err></testcase><testcase classname="tests.test_images" name="test_no_split_line_wave_algo_3_png" time="10.218"><system-out>--------------------------------- Captured Log ---------------------------------

--------------------------------- Captured Out ---------------------------------
/home/runner/work/diptych/diptych/tests/no_split_line_wave_algo_3.png
1620823134079715193 : Checking separation double page angle 90.18184445198425
1620823134079843895 : Checking separation double page y=0 2405
1620823134929923877 : Checking page rotation 1 0.0
1620823135089808830 : Checking page rotation 2 0.0
1620823137089642456 : Checking image 1 crop x1 184
1620823137089748557 : Checking image 1 crop y1 2957
1620823137089785157 : Checking image 1 crop x2 2201
1620823137089817858 : Checking image 1 crop y2 3202
1620823137532804768 : Checking image 2 crop x1 0
1620823137532886769 : Checking image 2 crop y1 0
1620823137532917870 : Checking image 2 crop x2 0
1620823137532948070 : Checking image 2 crop y2 0
1620823137533018371 : Checking image 1 dpi 300
1620823137533082472 : Checking image 1 border top 2950
1620823137533115772 : Checking image 1 border bottom 292
1620823137533149772 : Checking image 1 border left 221
1620823137533183973 : Checking image 1 border right 221
1620823137538673840 : Checking image 2 border top 0
1620823137538743341 : Checking image 2 border bottom 0
1620823137538774141 : Checking image 2 border left 0
1620823137538804942 : Checking image 2 border right 0

</system-out><system-err>--------------------------------- Captured Err ---------------------------------

</system-err></testcase><testcase classname="tests.test_images" name="test_wrong_split_line_4_png" time="11.466"><system-out>--------------------------------- Captured Log ---------------------------------

--------------------------------- Captured Out ---------------------------------
/home/runner/work/diptych/diptych/tests/wrong_split_line_4.png
1620823134981444807 : Checking separation double page angle 90.92587744884125
1620823134981556108 : Checking separation double page y=0 58
1620823135078607193 : Checking page rotation 1 0.5499999999999999
1620823136402885368 : Checking page rotation 2 1.0999999999999999
1620823137167027001 : Checking image 1 crop x1 0
1620823137167108002 : Checking image 1 crop y1 0
1620823137167139602 : Checking image 1 crop x2 0
1620823137167170102 : Checking image 1 crop y2 0
1620823139176129240 : Checking image 2 crop x1 290
1620823139176257742 : Checking image 2 crop y1 330
1620823139176294042 : Checking image 2 crop x2 2314
1620823139176331243 : Checking image 2 crop y2 3217
1620823139176502545 : Checking image 1 border top 0
1620823139176538845 : Checking image 1 border bottom 0
1620823139176571246 : Checking image 1 border left 0
1620823139176601746 : Checking image 1 border right 0
1620823139176653447 : Checking image 2 dpi 300
1620823139176719248 : Checking image 2 border top 322
1620823139176751148 : Checking image 2 border bottom 278
1620823139176781548 : Checking image 2 border left 218
1620823139176812249 : Checking image 2 border right 218

</system-out><system-err>--------------------------------- Captured Err ---------------------------------

</system-err></testcase><testcase classname="tests.test_images" name="test_failed_split_line_line_algo_3_png" time="12.512"><system-out>--------------------------------- Captured Log ---------------------------------

--------------------------------- Captured Out ---------------------------------
/home/runner/work/diptych/diptych/tests/failed_split_line_line_algo_3.png
1620823144538134546 : Checking separation double page angle 90.02403976140027
1620823144538263648 : Checking separation double page y=0 39
1620823144606122877 : Checking page rotation 1 0.0
1620823145402929411 : Checking page rotation 2 0.0
1620823145668011049 : Checking image 1 crop x1 0
1620823145668091050 : Checking image 1 crop y1 0
1620823145668122151 : Checking image 1 crop x2 0
1620823145668152151 : Checking image 1 crop y2 0
1620823150130341753 : Checking image 2 crop x1 249
1620823150130503055 : Checking image 2 crop y1 154
1620823150130564555 : Checking image 2 crop x2 2264
1620823150130625056 : Checking image 2 crop y2 3361
1620823150130889759 : Checking image 1 border top 0
1620823150130951560 : Checking image 1 border bottom 0
1620823150131007461 : Checking image 1 border left 0
1620823150131065861 : Checking image 1 border right 0
1620823150131141662 : Checking image 2 dpi 300
1620823150131236863 : Checking image 2 border top 146
1620823150131292364 : Checking image 2 border bottom 134
1620823150131345965 : Checking image 2 border left 222
1620823150131402065 : Checking image 2 border right 222

</system-out><system-err>--------------------------------- Captured Err ---------------------------------

</system-err></testcase></testsuite></testsuites>