<?xml version="1.0" encoding="utf-8"?><testsuites><testsuite errors="0" failures="0" hostname="fv-az108-691" name="pytest" skipped="0" tests="36" time="332.651" timestamp="2021-05-17T10:09:47.084367"><testcase classname="tests.test_features" name="test_mock_stop_at_0" time="0.046"><system-out>--------------------------------- Captured Log ---------------------------------

--------------------------------- Captured Out ---------------------------------
/home/runner/work/diptych/diptych/tests/0001_0.png

</system-out><system-err>--------------------------------- Captured Err ---------------------------------

</system-err></testcase><testcase classname="tests.test_features" name="test_disabled_enable_debug" time="20.465"><system-out>--------------------------------- Captured Log ---------------------------------

--------------------------------- Captured Out ---------------------------------
/home/runner/work/diptych/diptych/tests/0001_debug.png
separation double page angle 90.55756528497216
separation double page y=0 2484
page rotation 1 0.65
page rotation 2 0.2
image 1 crop x1 329
image 1 crop y1 335
image 1 crop x2 2344
image 1 crop y2 3222
image 2 crop x1 171
image 2 crop y1 648
image 2 crop x2 2188
image 2 crop y2 3361
image 1 dpi 300
image 1 border top 327
image 1 border bottom 273
image 1 border left 222
image 1 border right 222
image 2 dpi 300
image 2 border top 643
image 2 border bottom 131
image 2 border left 221
image 2 border right 221

</system-out><system-err>--------------------------------- Captured Err ---------------------------------

</system-err></testcase><testcase classname="tests.test_features" name="test_mock_stop_at_2" time="14.479"><system-out>--------------------------------- Captured Log ---------------------------------

--------------------------------- Captured Out ---------------------------------
/home/runner/work/diptych/diptych/tests/0001_2.png
separation double page angle 90.55756528497216
separation double page y=0 2484
page rotation 1 0.65
page rotation 2 0.2

</system-out><system-err>--------------------------------- Captured Err ---------------------------------

</system-err></testcase><testcase classname="tests.test_features" name="test_mock_stop_at_4" time="19.053"><system-out>--------------------------------- Captured Log ---------------------------------

--------------------------------- Captured Out ---------------------------------
/home/runner/work/diptych/diptych/tests/0001_4.png
separation double page angle 90.55756528497216
separation double page y=0 2484
page rotation 1 0.65
page rotation 2 0.2
image 1 crop x1 329
image 1 crop y1 335
image 1 crop x2 2344
image 1 crop y2 3222
image 2 crop x1 171
image 2 crop y1 648
image 2 crop x2 2188
image 2 crop y2 3361
image 1 dpi 300
image 1 border top 326
image 1 border bottom 274
image 1 border left 222
image 1 border right 222
image 2 dpi 300
image 2 border top 643
image 2 border bottom 131
image 2 border left 221
image 2 border right 221

</system-out><system-err>--------------------------------- Captured Err ---------------------------------

</system-err></testcase><testcase classname="tests.test_features" name="test_mock_stop_at_1" time="12.534"><system-out>--------------------------------- Captured Log ---------------------------------

--------------------------------- Captured Out ---------------------------------
/home/runner/work/diptych/diptych/tests/0001_1.png
separation double page angle 90.55756528497216
separation double page y=0 2484

</system-out><system-err>--------------------------------- Captured Err ---------------------------------

</system-err></testcase><testcase classname="tests.test_features" name="test_mock_stop_at_3" time="19.611"><system-out>--------------------------------- Captured Log ---------------------------------

--------------------------------- Captured Out ---------------------------------
/home/runner/work/diptych/diptych/tests/0001_3.png
separation double page angle 90.55756528497216
separation double page y=0 2484
page rotation 1 0.65
page rotation 2 0.2
image 1 crop x1 329
image 1 crop y1 335
image 1 crop x2 2344
image 1 crop y2 3222
image 2 crop x1 171
image 2 crop y1 648
image 2 crop x2 2188
image 2 crop y2 3361

</system-out><system-err>--------------------------------- Captured Err ---------------------------------

</system-err></testcase><testcase classname="tests.test_images" name="test_0001_png" time="19.038"><system-out>--------------------------------- Captured Log ---------------------------------

--------------------------------- Captured Out ---------------------------------
/home/runner/work/diptych/diptych/tests/0001.png
1621246232808654401 : Checking separation double page angle 90.55756528497216
1621246232808780802 : Checking separation double page y=0 2484
1621246233943287443 : Checking page rotation 1 0.65
1621246235256999938 : Checking page rotation 2 0.2
1621246238115950053 : Checking image 1 crop x1 329
1621246238116066753 : Checking image 1 crop y1 335
1621246238116102754 : Checking image 1 crop x2 2344
1621246238116134054 : Checking image 1 crop y2 3222
1621246240551793912 : Checking image 2 crop x1 171
1621246240551907513 : Checking image 2 crop y1 648
1621246240551943213 : Checking image 2 crop x2 2188
1621246240551974613 : Checking image 2 crop y2 3361
1621246240552121814 : Checking image 1 dpi 300
1621246240552180915 : Checking image 1 border top 326
1621246240552210615 : Checking image 1 border bottom 274
1621246240552239015 : Checking image 1 border left 222
1621246240552267115 : Checking image 1 border right 222
1621246240555014935 : Checking image 2 dpi 300
1621246240555094735 : Checking image 2 border top 643
1621246240555125335 : Checking image 2 border bottom 131
1621246240555153336 : Checking image 2 border left 221
1621246240555181136 : Checking image 2 border right 221

</system-out><system-err>--------------------------------- Captured Err ---------------------------------

</system-err></testcase><testcase classname="tests.test_features" name="test_mock_stop_at_5" time="19.443"><system-out>--------------------------------- Captured Log ---------------------------------

--------------------------------- Captured Out ---------------------------------
/home/runner/work/diptych/diptych/tests/0001_5.png
separation double page angle 90.55756528497216
separation double page y=0 2484
page rotation 1 0.65
page rotation 2 0.2
image 1 crop x1 329
image 1 crop y1 335
image 1 crop x2 2344
image 1 crop y2 3222
image 2 crop x1 171
image 2 crop y1 648
image 2 crop x2 2188
image 2 crop y2 3361
image 1 dpi 300
image 1 border top 326
image 1 border bottom 274
image 1 border left 222
image 1 border right 222
image 2 dpi 300
image 2 border top 643
image 2 border bottom 131
image 2 border left 221
image 2 border right 221

</system-out><system-err>--------------------------------- Captured Err ---------------------------------

</system-err></testcase><testcase classname="tests.test_images" name="test_black_border_not_removed_png" time="22.127"><system-out>--------------------------------- Captured Log ---------------------------------

--------------------------------- Captured Out ---------------------------------
/home/runner/work/diptych/diptych/tests/black-border-not-removed.png
1621246252395896727 : Checking separation double page angle 90.01516396500199
1621246252396003428 : Checking separation double page y=0 2455
1621246253587561816 : Checking page rotation 1 0.0
1621246255091368402 : Checking page rotation 2 0.1
1621246257935025134 : Checking image 1 crop x1 297
1621246257935153435 : Checking image 1 crop y1 143
1621246257935189735 : Checking image 1 crop x2 2309
1621246257935223935 : Checking image 1 crop y2 3346
1621246262687979981 : Checking image 2 crop x1 154
1621246262688085782 : Checking image 2 crop y1 144
1621246262688120082 : Checking image 2 crop x2 2168
1621246262688151882 : Checking image 2 crop y2 3351
1621246262688298684 : Checking image 1 dpi 300
1621246262688357984 : Checking image 1 border top 131
1621246262688386484 : Checking image 1 border bottom 153
1621246262688413784 : Checking image 1 border left 224
1621246262688441085 : Checking image 1 border right 224
1621246262691098505 : Checking image 2 dpi 300
1621246262691179006 : Checking image 2 border top 133
1621246262691208106 : Checking image 2 border bottom 147
1621246262691237906 : Checking image 2 border left 223
1621246262691264806 : Checking image 2 border right 223

</system-out><system-err>--------------------------------- Captured Err ---------------------------------

</system-err></testcase><testcase classname="tests.test_images" name="test_2_pages_2_contours_png" time="13.920"><system-out>--------------------------------- Captured Log ---------------------------------

--------------------------------- Captured Out ---------------------------------
/home/runner/work/diptych/diptych/tests/2-pages-2-contours.png
1621246269041766504 : Checking separation double page angle 90.14230271514262
1621246269041903205 : Checking separation double page y=0 2488
1621246269558410982 : Checking page rotation 1 0.0
1621246270601053116 : Checking page rotation 2 0.2
1621246271472645533 : Checking image 1 crop x1 1189
1621246271472734833 : Checking image 1 crop y1 1751
1621246271472766633 : Checking image 1 crop x2 1190
1621246271472796234 : Checking image 1 crop y2 1752
1621246273932638788 : Checking image 2 crop x1 100
1621246273932744489 : Checking image 2 crop y1 240
1621246273932780689 : Checking image 2 crop x2 2148
1621246273932815289 : Checking image 2 crop y2 3240
1621246273932974391 : Checking image 1 dpi 300
1621246273933032091 : Checking image 1 border top 1752
1621246273933062491 : Checking image 1 border bottom 1753
1621246273933092892 : Checking image 1 border left 1239
1621246273933123792 : Checking image 1 border right 1239
1621246273935058607 : Checking image 2 dpi 300
1621246273935145607 : Checking image 2 border top 230
1621246273935176408 : Checking image 2 border bottom 256
1621246273935205808 : Checking image 2 border left 206
1621246273935234408 : Checking image 2 border right 206

</system-out><system-err>--------------------------------- Captured Err ---------------------------------

</system-err></testcase><testcase classname="tests.test_images" name="test_image_failed_to_rotate_png" time="25.303"><system-out>--------------------------------- Captured Log ---------------------------------

--------------------------------- Captured Out ---------------------------------
/home/runner/work/diptych/diptych/tests/image_failed_to_rotate.png
1621246275128830105 : Checking separation double page angle 90.35651650869968
1621246275128931406 : Checking separation double page y=0 2483
1621246276590095865 : Checking page rotation 1 0.45
1621246277461023676 : Checking page rotation 2 0.2
1621246284377408282 : Checking image 1 crop x1 31
1621246284377526882 : Checking image 1 crop y1 1
1621246284377558683 : Checking image 1 crop x2 2481
1621246284377588783 : Checking image 1 crop y2 3504
1621246287917907314 : Checking image 2 crop x1 171
1621246287918015215 : Checking image 2 crop y1 231
1621246287918045415 : Checking image 2 crop x2 2259
1621246287918075315 : Checking image 2 crop y2 3358
1621246287918220016 : Checking image 1 dpi 300
1621246287918275617 : Checking image 1 border top 2
1621246287918303617 : Checking image 1 border bottom 2
1621246287918328717 : Checking image 1 border left 15
1621246287918354417 : Checking image 1 border right 15
1621246287920775036 : Checking image 2 dpi 300
1621246287920857837 : Checking image 2 border top 217
1621246287920887737 : Checking image 2 border bottom 143
1621246287920914037 : Checking image 2 border left 186
1621246287920939337 : Checking image 2 border right 186

</system-out><system-err>--------------------------------- Captured Err ---------------------------------

</system-err></testcase><testcase classname="tests.test_images" name="test_wrong_split_line_png" time="15.922"><system-out>--------------------------------- Captured Log ---------------------------------

--------------------------------- Captured Out ---------------------------------
/home/runner/work/diptych/diptych/tests/wrong_split_line.png
1621246284627978209 : Checking separation double page angle 89.95895720607972
1621246284628091910 : Checking separation double page y=0 2466
1621246285586098284 : Checking page rotation 1 -0.04999999999999689
1621246286597938408 : Checking page rotation 2 0.45
1621246287942795906 : Checking image 1 crop x1 211
1621246287942901807 : Checking image 1 crop y1 156
1621246287942935907 : Checking image 1 crop x2 2323
1621246287942969408 : Checking image 1 crop y2 3363
1621246289852298071 : Checking image 2 crop x1 123
1621246289852413072 : Checking image 2 crop y1 164
1621246289852449972 : Checking image 2 crop x2 2237
1621246289852483772 : Checking image 2 crop y2 3375
1621246289852640373 : Checking image 1 dpi 300
1621246289852703174 : Checking image 1 border top 135
1621246289852733074 : Checking image 1 border bottom 145
1621246289852763174 : Checking image 1 border left 174
1621246289852795375 : Checking image 1 border right 174
1621246289855692997 : Checking image 2 dpi 300
1621246289855774398 : Checking image 2 border top 141
1621246289855804698 : Checking image 2 border bottom 135
1621246289855833598 : Checking image 2 border left 173
1621246289855862498 : Checking image 2 border right 173

</system-out><system-err>--------------------------------- Captured Err ---------------------------------

</system-err></testcase><testcase classname="tests.test_images" name="test_image_failed_to_crop_data_png" time="32.915"><system-out>--------------------------------- Captured Log ---------------------------------

--------------------------------- Captured Out ---------------------------------
/home/runner/work/diptych/diptych/tests/image_failed_to_crop_data.png
1621246302266954297 : Checking separation double page angle 90.09350257645173
1621246302267056598 : Checking separation double page y=0 2479
1621246305735879260 : Checking page rotation 1 0.15000000000000002
1621246306752811905 : Checking page rotation 2 0.05
1621246317564024086 : Checking image 1 crop x1 46
1621246317564154987 : Checking image 1 crop y1 1
1621246317564194288 : Checking image 1 crop x2 2477
1621246317564230088 : Checking image 1 crop y2 3505
1621246320844167007 : Checking image 2 crop x1 164
1621246320844280308 : Checking image 2 crop y1 217
1621246320844317009 : Checking image 2 crop x2 2245
1621246320844352609 : Checking image 2 crop y2 3350
1621246320844514510 : Checking image 1 dpi 300
1621246320844583611 : Checking image 1 border top 2
1621246320844617511 : Checking image 1 border bottom 2
1621246320844647711 : Checking image 1 border left 25
1621246320844685011 : Checking image 1 border right 25
1621246320847512533 : Checking image 2 dpi 300
1621246320847597534 : Checking image 2 border top 206
1621246320847630034 : Checking image 2 border bottom 148
1621246320847661034 : Checking image 2 border left 189
1621246320847691235 : Checking image 2 border right 189

</system-out><system-err>--------------------------------- Captured Err ---------------------------------

</system-err></testcase><testcase classname="tests.test_images" name="test_crop_too_much_png" time="23.191"><system-out>--------------------------------- Captured Log ---------------------------------

--------------------------------- Captured Out ---------------------------------
/home/runner/work/diptych/diptych/tests/crop_too_much.png
1621246302733393096 : Checking separation double page angle 90.16929865985193
1621246302733501797 : Checking separation double page y=0 2456
1621246304259977773 : Checking page rotation 1 -0.04999999999999689
1621246305720158238 : Checking page rotation 2 0.2
1621246308887403773 : Checking image 1 crop x1 302
1621246308887515774 : Checking image 1 crop y1 148
1621246308887549074 : Checking image 1 crop x2 2314
1621246308887580774 : Checking image 1 crop y2 3351
1621246313034331555 : Checking image 2 crop x1 163
1621246313034445556 : Checking image 2 crop y1 151
1621246313034478656 : Checking image 2 crop x2 2187
1621246313034511657 : Checking image 2 crop y2 3363
1621246313034662258 : Checking image 1 dpi 300
1621246313034738458 : Checking image 1 border top 133
1621246313034769559 : Checking image 1 border bottom 151
1621246313034798959 : Checking image 1 border left 224
1621246313034830159 : Checking image 1 border right 224
1621246313037476680 : Checking image 2 dpi 300
1621246313037558180 : Checking image 2 border top 132
1621246313037589380 : Checking image 2 border bottom 143
1621246313037617181 : Checking image 2 border left 218
1621246313037644481 : Checking image 2 border right 218

</system-out><system-err>--------------------------------- Captured Err ---------------------------------

</system-err></testcase><testcase classname="tests.test_images" name="test_crop_too_few_png" time="15.115"><system-out>--------------------------------- Captured Log ---------------------------------

--------------------------------- Captured Out ---------------------------------
/home/runner/work/diptych/diptych/tests/crop_too_few.png
1621246323014605296 : Checking separation double page angle 89.49492328400886
1621246323014733197 : Checking separation double page y=0 2510
1621246323962513584 : Checking page rotation 1 -0.6499999999999977
1621246324951572389 : Checking page rotation 2 0.0
1621246326788222164 : Checking image 1 crop x1 263
1621246326788333365 : Checking image 1 crop y1 150
1621246326788367965 : Checking image 1 crop x2 2377
1621246326788399966 : Checking image 1 crop y2 3357
1621246328169196140 : Checking image 2 crop x1 139
1621246328169305041 : Checking image 2 crop y1 141
1621246328169339041 : Checking image 2 crop x2 2261
1621246328169372441 : Checking image 2 crop y2 3345
1621246328169529943 : Checking image 1 dpi 300
1621246328169593043 : Checking image 1 border top 129
1621246328169623643 : Checking image 1 border bottom 150
1621246328169653944 : Checking image 1 border left 173
1621246328169685344 : Checking image 1 border right 173
1621246328171862661 : Checking image 2 dpi 300
1621246328171942861 : Checking image 2 border top 130
1621246328171973162 : Checking image 2 border bottom 153
1621246328172002162 : Checking image 2 border left 169
1621246328172030562 : Checking image 2 border right 169

</system-out><system-err>--------------------------------- Captured Err ---------------------------------

</system-err></testcase><testcase classname="tests.test_images" name="test_wrong_angle_split_line_png" time="23.331"><system-out>--------------------------------- Captured Log ---------------------------------

--------------------------------- Captured Out ---------------------------------
/home/runner/work/diptych/diptych/tests/wrong_angle_split_line.png
1621246330069650432 : Checking separation double page angle 90.08791528895468
1621246330069758633 : Checking separation double page y=0 2478
1621246331271692225 : Checking page rotation 1 0.1
1621246332380479696 : Checking page rotation 2 0.1
1621246338834483259 : Checking image 1 crop x1 58
1621246338834612160 : Checking image 1 crop y1 6
1621246338834650761 : Checking image 1 crop x2 2476
1621246338834685761 : Checking image 1 crop y2 3501
1621246343549023279 : Checking image 2 crop x1 166
1621246343549143580 : Checking image 2 crop y1 218
1621246343549179481 : Checking image 2 crop x2 2244
1621246343549214181 : Checking image 2 crop y2 3349
1621246343549381482 : Checking image 1 dpi 300
1621246343549448483 : Checking image 1 border top 6
1621246343549482783 : Checking image 1 border bottom 6
1621246343549512883 : Checking image 1 border left 31
1621246343549543183 : Checking image 1 border right 31
1621246343556958841 : Checking image 2 dpi 300
1621246343557067941 : Checking image 2 border top 209
1621246343557100742 : Checking image 2 border bottom 147
1621246343557132142 : Checking image 2 border left 191
1621246343557163542 : Checking image 2 border right 191

</system-out><system-err>--------------------------------- Captured Err ---------------------------------

</system-err></testcase><testcase classname="tests.test_images" name="test_crop_too_much_2_png" time="22.013"><system-out>--------------------------------- Captured Log ---------------------------------

--------------------------------- Captured Out ---------------------------------
/home/runner/work/diptych/diptych/tests/crop_too_much_2.png
1621246340642487624 : Checking separation double page angle 90.15285326123045
1621246340642594224 : Checking separation double page y=0 2477
1621246342352696165 : Checking page rotation 1 0.15000000000000002
1621246343952291285 : Checking page rotation 2 0.2
1621246346732413498 : Checking image 1 crop x1 330
1621246346732519399 : Checking image 1 crop y1 132
1621246346732552099 : Checking image 1 crop x2 2342
1621246346732582899 : Checking image 1 crop y2 3335
1621246350165581140 : Checking image 2 crop x1 165
1621246350165676640 : Checking image 2 crop y1 139
1621246350165722641 : Checking image 2 crop x2 2178
1621246350165754241 : Checking image 2 crop y2 3345
1621246350165900942 : Checking image 1 dpi 300
1621246350165960443 : Checking image 1 border top 121
1621246350165990643 : Checking image 1 border bottom 163
1621246350166020843 : Checking image 1 border left 224
1621246350166052243 : Checking image 1 border right 224
1621246350168771464 : Checking image 2 dpi 300
1621246350168855365 : Checking image 2 border top 129
1621246350168885265 : Checking image 2 border bottom 152
1621246350168913465 : Checking image 2 border left 223
1621246350168941465 : Checking image 2 border right 223

</system-out><system-err>--------------------------------- Captured Err ---------------------------------

</system-err></testcase><testcase classname="tests.test_images" name="test_angle_page_lower_split_line_png" time="22.120"><system-out>--------------------------------- Captured Log ---------------------------------

--------------------------------- Captured Out ---------------------------------
/home/runner/work/diptych/diptych/tests/angle_page_lower_split_line.png
1621246359079324860 : Checking separation double page angle 89.74412725181848
1621246359079433461 : Checking separation double page y=0 2472
1621246360274840145 : Checking page rotation 1 -0.14999999999999067
1621246361397032466 : Checking page rotation 2 0.1
1621246362923471293 : Checking image 1 crop x1 241
1621246362923598394 : Checking image 1 crop y1 156
1621246362923633895 : Checking image 1 crop x2 2357
1621246362923666495 : Checking image 1 crop y2 3368
1621246366364303441 : Checking image 2 crop x1 151
1621246366364432242 : Checking image 2 crop y1 146
1621246366364467442 : Checking image 2 crop x2 2261
1621246366364502443 : Checking image 2 crop y2 3351
1621246366364661644 : Checking image 1 dpi 300
1621246366364728544 : Checking image 1 border top 140
1621246366364759745 : Checking image 1 border bottom 135
1621246366364788145 : Checking image 1 border left 172
1621246366364816345 : Checking image 1 border right 172
1621246366367517466 : Checking image 2 dpi 300
1621246366367606966 : Checking image 2 border top 131
1621246366367636667 : Checking image 2 border bottom 151
1621246366367665667 : Checking image 2 border left 175
1621246366367694067 : Checking image 2 border right 175

</system-out><system-err>--------------------------------- Captured Err ---------------------------------

</system-err></testcase><testcase classname="tests.test_images" name="test_wrong_split_line_2_png" time="28.157"><system-out>--------------------------------- Captured Log ---------------------------------

--------------------------------- Captured Out ---------------------------------
/home/runner/work/diptych/diptych/tests/wrong_split_line_2.png
1621246362969258745 : Checking separation double page angle 90.23635161124103
1621246362969372046 : Checking separation double page y=0 2437
1621246364633736933 : Checking page rotation 1 0.2
1621246365917982905 : Checking page rotation 2 0.2
1621246371280997693 : Checking image 1 crop x1 294
1621246371281113394 : Checking image 1 crop y1 136
1621246371281147594 : Checking image 1 crop x2 2325
1621246371281181194 : Checking image 1 crop y2 3376
1621246378322588773 : Checking image 2 crop x1 138
1621246378322722374 : Checking image 2 crop y1 190
1621246378322762475 : Checking image 2 crop x2 2174
1621246378322798475 : Checking image 2 crop y2 3389
1621246378322952276 : Checking image 1 dpi 300
1621246378323018777 : Checking image 1 border top 131
1621246378323051877 : Checking image 1 border bottom 116
1621246378323085277 : Checking image 1 border left 214
1621246378323118777 : Checking image 1 border right 214
1621246378325556296 : Checking image 2 dpi 300
1621246378325633597 : Checking image 2 border top 181
1621246378325666797 : Checking image 2 border bottom 107
1621246378325698097 : Checking image 2 border left 212
1621246378325729197 : Checking image 2 border right 212

</system-out><system-err>--------------------------------- Captured Err ---------------------------------

</system-err></testcase><testcase classname="tests.test_images" name="test_wrong_wave_split_line_png" time="27.940"><system-out>--------------------------------- Captured Log ---------------------------------

--------------------------------- Captured Out ---------------------------------
/home/runner/work/diptych/diptych/tests/wrong_wave_split_line.png
1621246380724988603 : Checking separation double page angle 90.42461655762611
1621246380725097403 : Checking separation double page y=0 2502
1621246381845420543 : Checking page rotation 1 -0.09999999999999377
1621246383048295380 : Checking page rotation 2 0.85
1621246388432369820 : Checking image 1 crop x1 384
1621246388432483621 : Checking image 1 crop y1 178
1621246388432516622 : Checking image 1 crop x2 2412
1621246388432547722 : Checking image 1 crop y2 3374
1621246394306051347 : Checking image 2 crop x1 7
1621246394306179048 : Checking image 2 crop y1 0
1621246394306212048 : Checking image 2 crop x2 2411
1621246394306244348 : Checking image 2 crop y2 3505
1621246394306374649 : Checking image 1 dpi 300
1621246394306434350 : Checking image 1 border top 173
1621246394306463950 : Checking image 1 border bottom 118
1621246394306491650 : Checking image 1 border left 216
1621246394306523751 : Checking image 1 border right 216
1621246394309258072 : Checking image 2 dpi 300
1621246394309345572 : Checking image 2 border top 1
1621246394309374673 : Checking image 2 border bottom 1
1621246394309401673 : Checking image 2 border left 38
1621246394309428573 : Checking image 2 border right 38

</system-out><system-err>--------------------------------- Captured Err ---------------------------------

</system-err></testcase><testcase classname="tests.test_images" name="test_small_wave_png" time="19.620"><system-out>--------------------------------- Captured Log ---------------------------------

--------------------------------- Captured Out ---------------------------------
/home/runner/work/diptych/diptych/tests/small_wave.png
1621246391319993772 : Checking separation double page angle 90.56494929955075
1621246391320102673 : Checking separation double page y=0 2495
1621246393014362365 : Checking page rotation 1 0.7
1621246394414741587 : Checking page rotation 2 0.65
1621246395823530073 : Checking image 1 crop x1 322
1621246395823655874 : Checking image 1 crop y1 199
1621246395823692975 : Checking image 1 crop x2 2351
1621246395823725875 : Checking image 1 crop y2 3394
1621246397944322274 : Checking image 2 crop x1 130
1621246397944436575 : Checking image 2 crop y1 222
1621246397944472675 : Checking image 2 crop x2 2163
1621246397944507475 : Checking image 2 crop y2 3420
1621246397944662877 : Checking image 1 dpi 300
1621246397944726477 : Checking image 1 border top 181
1621246397944757177 : Checking image 1 border bottom 111
1621246397944787778 : Checking image 1 border left 215
1621246397944821478 : Checking image 1 border right 215
1621246397947616199 : Checking image 2 dpi 300
1621246397947703000 : Checking image 2 border top 197
1621246397947733800 : Checking image 2 border bottom 92
1621246397947763401 : Checking image 2 border left 213
1621246397947792501 : Checking image 2 border right 213

</system-out><system-err>--------------------------------- Captured Err ---------------------------------

</system-err></testcase><testcase classname="tests.test_images" name="test_no_split_line_line_algo_png" time="16.815"><system-out>--------------------------------- Captured Log ---------------------------------

--------------------------------- Captured Out ---------------------------------
/home/runner/work/diptych/diptych/tests/no_split_line_line_algo.png
1621246403986145169 : Checking separation double page angle 89.47691469185418
1621246403986248270 : Checking separation double page y=0 2476
1621246404738150206 : Checking page rotation 1 -0.14999999999999067
1621246405855668273 : Checking page rotation 2 -0.14999999999999067
1621246407429926151 : Checking image 1 crop x1 205
1621246407430028352 : Checking image 1 crop y1 158
1621246407430056952 : Checking image 1 crop x2 2320
1621246407430085752 : Checking image 1 crop y2 3366
1621246411127270652 : Checking image 2 crop x1 185
1621246411127392153 : Checking image 2 crop y1 225
1621246411127426253 : Checking image 2 crop x2 2204
1621246411127459453 : Checking image 2 crop y2 3362
1621246411127622355 : Checking image 1 dpi 300
1621246411127683455 : Checking image 1 border top 144
1621246411127714755 : Checking image 1 border bottom 134
1621246411127743455 : Checking image 1 border left 172
1621246411127771556 : Checking image 1 border right 172
1621246411130662978 : Checking image 2 dpi 300
1621246411130764979 : Checking image 2 border top 223
1621246411130797479 : Checking image 2 border bottom 127
1621246411130826079 : Checking image 2 border left 220
1621246411130853880 : Checking image 2 border right 220

</system-out><system-err>--------------------------------- Captured Err ---------------------------------

</system-err></testcase><testcase classname="tests.test_images" name="test_wrong_split_line_3_png" time="23.379"><system-out>--------------------------------- Captured Log ---------------------------------

--------------------------------- Captured Out ---------------------------------
/home/runner/work/diptych/diptych/tests/wrong_split_line_3.png
1621246409761077184 : Checking separation double page angle 90.40515247895009
1621246409761191484 : Checking separation double page y=0 2495
1621246411043147501 : Checking page rotation 1 0.2
1621246411977316627 : Checking page rotation 2 0.85
1621246413776488942 : Checking image 1 crop x1 331
1621246413776597642 : Checking image 1 crop y1 166
1621246413776633643 : Checking image 1 crop x2 2377
1621246413776668343 : Checking image 1 crop y2 3375
1621246421343314109 : Checking image 2 crop x1 103
1621246421343413310 : Checking image 2 crop y1 207
1621246421343448110 : Checking image 2 crop x2 2136
1621246421343482910 : Checking image 2 crop y2 3414
1621246421343658212 : Checking image 1 dpi 300
1621246421343723812 : Checking image 1 border top 158
1621246421343756112 : Checking image 1 border bottom 120
1621246421343788813 : Checking image 1 border left 207
1621246421343823813 : Checking image 1 border right 207
1621246421346642635 : Checking image 2 dpi 300
1621246421346764536 : Checking image 2 border top 199
1621246421346800636 : Checking image 2 border bottom 81
1621246421346831936 : Checking image 2 border left 213
1621246421346864236 : Checking image 2 border right 213

</system-out><system-err>--------------------------------- Captured Err ---------------------------------

</system-err></testcase><testcase classname="tests.test_images" name="test_failed_split_line_line_algo_png" time="11.912"><system-out>--------------------------------- Captured Log ---------------------------------

--------------------------------- Captured Out ---------------------------------
/home/runner/work/diptych/diptych/tests/failed_split_line_line_algo.png
1621246418449316886 : Checking separation double page angle 90.0093502548779
1621246418449424787 : Checking separation double page y=0 2574
1621246419066781949 : Checking page rotation 1 0.0
1621246419535386663 : Checking page rotation 2 0.0
1621246421594219744 : Checking image 1 crop x1 411
1621246421594336545 : Checking image 1 crop y1 2927
1621246421594370346 : Checking image 1 crop x2 2422
1621246421594400046 : Checking image 1 crop y2 3172
1621246423071416974 : Checking image 2 crop x1 1191
1621246423071521075 : Checking image 2 crop y1 1745
1621246423071552175 : Checking image 2 crop x2 1192
1621246423071579875 : Checking image 2 crop y2 1746
1621246423071694376 : Checking image 1 dpi 300
1621246423071763977 : Checking image 1 border top 2920
1621246423071793577 : Checking image 1 border bottom 322
1621246423071820877 : Checking image 1 border left 224
1621246423071847577 : Checking image 1 border right 224
1621246423073732292 : Checking image 2 dpi 300
1621246423073802692 : Checking image 2 border top 1752
1621246423073832693 : Checking image 2 border bottom 1753
1621246423073860093 : Checking image 2 border left 1239
1621246423073890593 : Checking image 2 border right 1239

</system-out><system-err>--------------------------------- Captured Err ---------------------------------

</system-err></testcase><testcase classname="tests.test_images" name="test_crop_too_much_3_png" time="17.534"><system-out>--------------------------------- Captured Log ---------------------------------

--------------------------------- Captured Out ---------------------------------
/home/runner/work/diptych/diptych/tests/crop_too_much_3.png
1621246431740703137 : Checking separation double page angle 89.5934556679346
1621246431740810338 : Checking separation double page y=0 2499
1621246432590145003 : Checking page rotation 1 -0.8999999999999949
1621246433855285181 : Checking page rotation 2 -0.04999999999999689
1621246436584463875 : Checking image 1 crop x1 374
1621246436584575376 : Checking image 1 crop y1 258
1621246436584606977 : Checking image 1 crop x2 2385
1621246436584635877 : Checking image 1 crop y2 3459
1621246438884512273 : Checking image 2 crop x1 164
1621246438884619974 : Checking image 2 crop y1 229
1621246438884652274 : Checking image 2 crop x2 2183
1621246438884682475 : Checking image 2 crop y2 3416
1621246438884833376 : Checking image 1 dpi 300
1621246438884891976 : Checking image 1 border top 239
1621246438884919576 : Checking image 1 border bottom 46
1621246438884947177 : Checking image 1 border left 224
1621246438884976077 : Checking image 1 border right 224
1621246438887678598 : Checking image 2 dpi 300
1621246438887760698 : Checking image 2 border top 210
1621246438887788199 : Checking image 2 border bottom 90
1621246438887813899 : Checking image 2 border left 220
1621246438887839899 : Checking image 2 border right 220

</system-out><system-err>--------------------------------- Captured Err ---------------------------------

</system-err></testcase><testcase classname="tests.test_images" name="test_failed_split_line_line_algo_2_png" time="18.680"><system-out>--------------------------------- Captured Log ---------------------------------

--------------------------------- Captured Out ---------------------------------
/home/runner/work/diptych/diptych/tests/failed_split_line_line_algo_2.png
1621246434527234375 : Checking separation double page angle 90.03732329462368
1621246434527343276 : Checking separation double page y=0 2499
1621246435889719106 : Checking page rotation 1 -0.09999999999999377
1621246436970392158 : Checking page rotation 2 0.5499999999999999
1621246439519147589 : Checking image 1 crop x1 273
1621246439519258290 : Checking image 1 crop y1 147
1621246439519289390 : Checking image 1 crop x2 2386
1621246439519316990 : Checking image 1 crop y2 3352
1621246441724343570 : Checking image 2 crop x1 122
1621246441724454271 : Checking image 2 crop y1 155
1621246441724484571 : Checking image 2 crop x2 2246
1621246441724513771 : Checking image 2 crop y2 3350
1621246441724655172 : Checking image 1 dpi 300
1621246441724712473 : Checking image 1 border top 137
1621246441724741073 : Checking image 1 border bottom 145
1621246441724766673 : Checking image 1 border left 173
1621246441724791673 : Checking image 1 border right 173
1621246441727479694 : Checking image 2 dpi 300
1621246441727565395 : Checking image 2 border top 133
1621246441727592195 : Checking image 2 border bottom 159
1621246441727617095 : Checking image 2 border left 168
1621246441727641195 : Checking image 2 border right 168

</system-out><system-err>--------------------------------- Captured Err ---------------------------------

</system-err></testcase><testcase classname="tests.test_images" name="test_wrong_wave_split_line_2_png" time="22.695"><system-out>--------------------------------- Captured Log ---------------------------------

--------------------------------- Captured Out ---------------------------------
/home/runner/work/diptych/diptych/tests/wrong_wave_split_line_2.png
1621246453751923015 : Checking separation double page angle 90.7708958311329
1621246453752043815 : Checking separation double page y=0 2490
1621246455103280359 : Checking page rotation 1 0.2
1621246456477189878 : Checking page rotation 2 1.65
1621246458062816733 : Checking image 1 crop x1 227
1621246458062928934 : Checking image 1 crop y1 147
1621246458062966634 : Checking image 1 crop x2 2342
1621246458063003935 : Checking image 1 crop y2 3353
1621246461582416536 : Checking image 2 crop x1 106
1621246461582529537 : Checking image 2 crop y1 195
1621246461582563637 : Checking image 2 crop x2 2231
1621246461582596437 : Checking image 2 crop y2 3398
1621246461582761439 : Checking image 1 dpi 300
1621246461582824739 : Checking image 1 border top 136
1621246461582856039 : Checking image 1 border bottom 145
1621246461582885339 : Checking image 1 border left 172
1621246461582915240 : Checking image 1 border right 172
1621246461585690761 : Checking image 2 dpi 300
1621246461585769462 : Checking image 2 border top 166
1621246461585799362 : Checking image 2 border bottom 117
1621246461585826862 : Checking image 2 border left 167
1621246461585855162 : Checking image 2 border right 167

</system-out><system-err>--------------------------------- Captured Err ---------------------------------

</system-err></testcase><testcase classname="tests.test_images" name="test_wrong_wave_split_line_3_png" time="18.436"><system-out>--------------------------------- Captured Log ---------------------------------

--------------------------------- Captured Out ---------------------------------
/home/runner/work/diptych/diptych/tests/wrong_wave_split_line_3.png
1621246454231550922 : Checking separation double page angle 90.12715931778824
1621246454231663122 : Checking separation double page y=0 2514
1621246455701135680 : Checking page rotation 1 0.05
1621246456806006519 : Checking page rotation 2 0.2
1621246458526667018 : Checking image 1 crop x1 273
1621246458526791519 : Checking image 1 crop y1 220
1621246458526837419 : Checking image 1 crop x2 2383
1621246458526867220 : Checking image 1 crop y2 3423
1621246460173579547 : Checking image 2 crop x1 116
1621246460173692648 : Checking image 2 crop y1 225
1621246460173724748 : Checking image 2 crop x2 2242
1621246460173756148 : Checking image 2 crop y2 3415
1621246460173903150 : Checking image 1 dpi 300
1621246460173963550 : Checking image 1 border top 202
1621246460173993750 : Checking image 1 border bottom 82
1621246460174021550 : Checking image 1 border left 175
1621246460174048551 : Checking image 1 border right 175
1621246460176991873 : Checking image 2 dpi 300
1621246460177082074 : Checking image 2 border top 204
1621246460177112074 : Checking image 2 border bottom 93
1621246460177139675 : Checking image 2 border left 167
1621246460177166375 : Checking image 2 border right 167

</system-out><system-err>--------------------------------- Captured Err ---------------------------------

</system-err></testcase><testcase classname="tests.test_images" name="test_no_split_line_wave_algo_2_png" time="16.171"><system-out>--------------------------------- Captured Log ---------------------------------

--------------------------------- Captured Out ---------------------------------
/home/runner/work/diptych/diptych/tests/no_split_line_wave_algo_2.png
1621246470965280973 : Checking separation double page angle 90.43362571535843
1621246470965393174 : Checking separation double page y=0 2473
1621246471797917912 : Checking page rotation 1 1.05
1621246472845044611 : Checking page rotation 2 0.15000000000000002
1621246474695968426 : Checking image 1 crop x1 267
1621246474696079927 : Checking image 1 crop y1 210
1621246474696111527 : Checking image 1 crop x2 2343
1621246474696140827 : Checking image 1 crop y2 3412
1621246476349608215 : Checking image 2 crop x1 165
1621246476349718816 : Checking image 2 crop y1 241
1621246476349750616 : Checking image 2 crop x2 2250
1621246476349781016 : Checking image 2 crop y2 3433
1621246476349929017 : Checking image 1 dpi 300
1621246476349990418 : Checking image 1 border top 192
1621246476350018018 : Checking image 1 border bottom 93
1621246476350042918 : Checking image 1 border left 192
1621246476350067418 : Checking image 1 border right 192
1621246476352708739 : Checking image 2 dpi 300
1621246476352791340 : Checking image 2 border top 224
1621246476352818440 : Checking image 2 border bottom 71
1621246476352844140 : Checking image 2 border left 187
1621246476352868740 : Checking image 2 border right 187

</system-out><system-err>--------------------------------- Captured Err ---------------------------------

</system-err></testcase><testcase classname="tests.test_images" name="test_no_split_line_wave_algo_png" time="28.967"><system-out>--------------------------------- Captured Log ---------------------------------

--------------------------------- Captured Out ---------------------------------
/home/runner/work/diptych/diptych/tests/no_split_line_wave_algo.png
1621246471945378753 : Checking separation double page angle 89.79018091440821
1621246471945486954 : Checking separation double page y=0 2483
1621246474394964798 : Checking page rotation 1 0.0
1621246475498192430 : Checking page rotation 2 -0.44999999999999746
1621246484395922102 : Checking image 1 crop x1 97
1621246484396014303 : Checking image 1 crop y1 74
1621246484396047103 : Checking image 1 crop x2 2489
1621246484396078504 : Checking image 1 crop y2 3505
1621246490502261100 : Checking image 2 crop x1 164
1621246490502379601 : Checking image 2 crop y1 267
1621246490502418601 : Checking image 2 crop x2 2239
1621246490502453901 : Checking image 2 crop y2 3380
1621246490502622002 : Checking image 1 dpi 300
1621246490502689203 : Checking image 1 border top 38
1621246490502738603 : Checking image 1 border bottom 38
1621246490502771904 : Checking image 1 border left 44
1621246490502807304 : Checking image 1 border right 44
1621246490505674226 : Checking image 2 dpi 300
1621246490505757427 : Checking image 2 border top 257
1621246490505789627 : Checking image 2 border bottom 117
1621246490505821327 : Checking image 2 border left 192
1621246490505853627 : Checking image 2 border right 192

</system-out><system-err>--------------------------------- Captured Err ---------------------------------

</system-err></testcase><testcase classname="tests.test_images" name="test_crop_too_few_2_png" time="16.707"><system-out>--------------------------------- Captured Log ---------------------------------

--------------------------------- Captured Out ---------------------------------
/home/runner/work/diptych/diptych/tests/crop_too_few_2.png
1621246486006386248 : Checking separation double page angle 90.35461351371423
1621246486006490649 : Checking separation double page y=0 2533
1621246486958851210 : Checking page rotation 1 1.0999999999999999
1621246488141486452 : Checking page rotation 2 0.0
1621246490538882883 : Checking image 1 crop x1 289
1621246490538997684 : Checking image 1 crop y1 165
1621246490539028984 : Checking image 1 crop x2 2400
1621246490539059584 : Checking image 1 crop y2 3367
1621246493069202141 : Checking image 2 crop x1 152
1621246493069311842 : Checking image 2 crop y1 190
1621246493069344042 : Checking image 2 crop x2 2273
1621246493069375643 : Checking image 2 crop y2 3385
1621246493069532844 : Checking image 1 dpi 300
1621246493069591644 : Checking image 1 border top 157
1621246493069621244 : Checking image 1 border bottom 128
1621246493069648745 : Checking image 1 border left 174
1621246493069675345 : Checking image 1 border right 174
1621246493072550467 : Checking image 2 dpi 300
1621246493072633068 : Checking image 2 border top 175
1621246493072662268 : Checking image 2 border bottom 116
1621246493072689568 : Checking image 2 border left 169
1621246493072715968 : Checking image 2 border right 169

</system-out><system-err>--------------------------------- Captured Err ---------------------------------

</system-err></testcase><testcase classname="tests.test_images" name="test_failed_detect_rectangle_png" time="17.294"><system-out>--------------------------------- Captured Log ---------------------------------

--------------------------------- Captured Out ---------------------------------
/home/runner/work/diptych/diptych/tests/failed_detect_rectangle.png
1621246502677463232 : Checking separation double page angle 90.242273842964
1621246502677570832 : Checking separation double page y=0 2475
1621246503956596713 : Checking page rotation 1 0.2
1621246505247534786 : Checking page rotation 2 0.2
1621246506442650619 : Checking image 1 crop x1 257
1621246506442789320 : Checking image 1 crop y1 201
1621246506442825020 : Checking image 1 crop x2 2333
1621246506442858321 : Checking image 1 crop y2 3402
1621246507842327732 : Checking image 2 crop x1 137
1621246507842445933 : Checking image 2 crop y1 215
1621246507842480633 : Checking image 2 crop x2 2220
1621246507842514733 : Checking image 2 crop y2 3406
1621246507842672135 : Checking image 1 dpi 300
1621246507842759735 : Checking image 1 border top 188
1621246507842791536 : Checking image 1 border bottom 98
1621246507842823336 : Checking image 1 border left 192
1621246507842855436 : Checking image 1 border right 192
1621246507845247855 : Checking image 2 dpi 300
1621246507845327355 : Checking image 2 border top 201
1621246507845357755 : Checking image 2 border bottom 95
1621246507845386656 : Checking image 2 border left 188
1621246507845415556 : Checking image 2 border right 188

</system-out><system-err>--------------------------------- Captured Err ---------------------------------

</system-err></testcase><testcase classname="tests.test_images" name="test_single_page_png" time="4.692"><system-out>--------------------------------- Captured Log ---------------------------------

--------------------------------- Captured Out ---------------------------------
/home/runner/work/diptych/diptych/tests/single_page.png
1621246495405934146 : Checking separation double page angle 89.93006318861008
1621246495406059246 : Checking separation double page y=0 2472
1621246496092421928 : Checking page rotation 1 0.0
1621246496171469337 : Checking page rotation 2 0.0
1621246497397537772 : Checking image 1 crop x1 1
1621246497397631372 : Checking image 1 crop y1 8
1621246497397663673 : Checking image 1 crop x2 2470
1621246497397690773 : Checking image 1 crop y2 3505
1621246497500310363 : Checking image 2 crop x1 0
1621246497500386663 : Checking image 2 crop y1 0
1621246497500411863 : Checking image 2 crop x2 0
1621246497500436464 : Checking image 2 crop y2 0
1621246497500490164 : Checking image 1 dpi 300
1621246497500543564 : Checking image 1 border top 5
1621246497500569965 : Checking image 1 border bottom 5
1621246497500594665 : Checking image 1 border left 6
1621246497500619265 : Checking image 1 border right 6
1621246497506345709 : Checking image 2 border top 0
1621246497506416010 : Checking image 2 border bottom 0
1621246497506440910 : Checking image 2 border left 0
1621246497506465310 : Checking image 2 border right 0

</system-out><system-err>--------------------------------- Captured Err ---------------------------------

</system-err></testcase><testcase classname="tests.test_images" name="test_wrong_split_line_4_png" time="9.150"><system-out>--------------------------------- Captured Log ---------------------------------

--------------------------------- Captured Out ---------------------------------
/home/runner/work/diptych/diptych/tests/wrong_split_line_4.png
1621246503197588750 : Checking separation double page angle 90.92587744884125
1621246503197696651 : Checking separation double page y=0 58
1621246503276470459 : Checking page rotation 1 0.5499999999999999
1621246504375459949 : Checking page rotation 2 1.0999999999999999
1621246505006630625 : Checking image 1 crop x1 0
1621246505006723826 : Checking image 1 crop y1 0
1621246505006751226 : Checking image 1 crop x2 0
1621246505006776726 : Checking image 1 crop y2 0
1621246506945194301 : Checking image 2 crop x1 290
1621246506945304202 : Checking image 2 crop y1 330
1621246506945334502 : Checking image 2 crop x2 2314
1621246506945362803 : Checking image 2 crop y2 3217
1621246506945502204 : Checking image 1 border top 0
1621246506945530404 : Checking image 1 border bottom 0
1621246506945557304 : Checking image 1 border left 0
1621246506945581704 : Checking image 1 border right 0
1621246506945623005 : Checking image 2 dpi 300
1621246506945677205 : Checking image 2 border top 322
1621246506945703005 : Checking image 2 border bottom 278
1621246506945727305 : Checking image 2 border left 218
1621246506945751706 : Checking image 2 border right 218

</system-out><system-err>--------------------------------- Captured Err ---------------------------------

</system-err></testcase><testcase classname="tests.test_images" name="test_failed_split_line_line_algo_3_png" time="11.074"><system-out>--------------------------------- Captured Log ---------------------------------

--------------------------------- Captured Out ---------------------------------
/home/runner/work/diptych/diptych/tests/failed_split_line_line_algo_3.png
1621246512173447789 : Checking separation double page angle 90.02403976140027
1621246512173567790 : Checking separation double page y=0 39
1621246512231635239 : Checking page rotation 1 0.0
1621246512794665688 : Checking page rotation 2 0.0
1621246513058546226 : Checking image 1 crop x1 0
1621246513058632927 : Checking image 1 crop y1 0
1621246513058660927 : Checking image 1 crop x2 0
1621246513058688328 : Checking image 1 crop y2 0
1621246518029775527 : Checking image 2 crop x1 249
1621246518029894128 : Checking image 2 crop y1 154
1621246518029932929 : Checking image 2 crop x2 2264
1621246518029971829 : Checking image 2 crop y2 3361
1621246518030149630 : Checking image 1 border top 0
1621246518030189031 : Checking image 1 border bottom 0
1621246518030227131 : Checking image 1 border left 0
1621246518030261831 : Checking image 1 border right 0
1621246518030314132 : Checking image 2 dpi 300
1621246518030382232 : Checking image 2 border top 146
1621246518030417532 : Checking image 2 border bottom 134
1621246518030452333 : Checking image 2 border left 222
1621246518030486733 : Checking image 2 border right 222

</system-out><system-err>--------------------------------- Captured Err ---------------------------------

</system-err></testcase><testcase classname="tests.test_images" name="test_no_split_line_wave_algo_3_png" time="8.584"><system-out>--------------------------------- Captured Log ---------------------------------

--------------------------------- Captured Out ---------------------------------
/home/runner/work/diptych/diptych/tests/no_split_line_wave_algo_3.png
1621246513406148411 : Checking separation double page angle 90.18184445198425
1621246513406266612 : Checking separation double page y=0 2405
1621246514084236049 : Checking page rotation 1 0.0
1621246514211776735 : Checking page rotation 2 0.0
1621246516041805171 : Checking image 1 crop x1 184
1621246516041901171 : Checking image 1 crop y1 2957
1621246516041932072 : Checking image 1 crop x2 2201
1621246516041958372 : Checking image 1 crop y2 3202
1621246516437488227 : Checking image 2 crop x1 0
1621246516437573628 : Checking image 2 crop y1 0
1621246516437599028 : Checking image 2 crop x2 0
1621246516437623628 : Checking image 2 crop y2 0
1621246516437684029 : Checking image 1 dpi 300
1621246516437739229 : Checking image 1 border top 2950
1621246516437765629 : Checking image 1 border bottom 292
1621246516437792230 : Checking image 1 border left 221
1621246516437820930 : Checking image 1 border right 221
1621246516442443765 : Checking image 2 border top 0
1621246516442506766 : Checking image 2 border bottom 0
1621246516442532366 : Checking image 2 border left 0
1621246516442557066 : Checking image 2 border right 0

</system-out><system-err>--------------------------------- Captured Err ---------------------------------

</system-err></testcase></testsuite></testsuites>