<?xml version="1.0" encoding="utf-8"?><testsuites><testsuite name="pytest" errors="0" failures="0" skipped="0" tests="36" time="431.758" timestamp="2021-05-17T09:35:36.563005" hostname="fv-az214-561"><testcase classname="tests.test_features" name="test_mock_stop_at_0" time="0.046"><system-out>--------------------------------- Captured Log ---------------------------------

--------------------------------- Captured Out ---------------------------------
/home/runner/work/diptych/diptych/tests/0001_0.png

</system-out><system-err>--------------------------------- Captured Err ---------------------------------

</system-err></testcase><testcase classname="tests.test_features" name="test_disabled_enable_debug" time="25.082"><system-out>--------------------------------- Captured Log ---------------------------------

--------------------------------- Captured Out ---------------------------------
/home/runner/work/diptych/diptych/tests/0001_debug.png
separation double page angle 90.55756528497216
separation double page y=0 2484
page rotation 1 0.65
page rotation 2 0.2
image 1 crop x1 329
image 1 crop y1 335
image 1 crop x2 2344
image 1 crop y2 3222
image 2 crop x1 171
image 2 crop y1 648
image 2 crop x2 2188
image 2 crop y2 3361
image 1 dpi 300
image 1 border top 327
image 1 border bottom 273
image 1 border left 222
image 1 border right 222
image 2 dpi 300
image 2 border top 643
image 2 border bottom 131
image 2 border left 221
image 2 border right 221

</system-out><system-err>--------------------------------- Captured Err ---------------------------------

</system-err></testcase><testcase classname="tests.test_features" name="test_mock_stop_at_2" time="18.467"><system-out>--------------------------------- Captured Log ---------------------------------

--------------------------------- Captured Out ---------------------------------
/home/runner/work/diptych/diptych/tests/0001_2.png
separation double page angle 90.55756528497216
separation double page y=0 2484
page rotation 1 0.65
page rotation 2 0.2

</system-out><system-err>--------------------------------- Captured Err ---------------------------------

</system-err></testcase><testcase classname="tests.test_features" name="test_mock_stop_at_4" time="24.339"><system-out>--------------------------------- Captured Log ---------------------------------

--------------------------------- Captured Out ---------------------------------
/home/runner/work/diptych/diptych/tests/0001_4.png
separation double page angle 90.55756528497216
separation double page y=0 2484
page rotation 1 0.65
page rotation 2 0.2
image 1 crop x1 329
image 1 crop y1 335
image 1 crop x2 2344
image 1 crop y2 3222
image 2 crop x1 171
image 2 crop y1 648
image 2 crop x2 2188
image 2 crop y2 3361
image 1 dpi 300
image 1 border top 326
image 1 border bottom 274
image 1 border left 222
image 1 border right 222
image 2 dpi 300
image 2 border top 643
image 2 border bottom 131
image 2 border left 221
image 2 border right 221

</system-out><system-err>--------------------------------- Captured Err ---------------------------------

</system-err></testcase><testcase classname="tests.test_features" name="test_mock_stop_at_1" time="14.772"><system-out>--------------------------------- Captured Log ---------------------------------

--------------------------------- Captured Out ---------------------------------
/home/runner/work/diptych/diptych/tests/0001_1.png
separation double page angle 90.55756528497216
separation double page y=0 2484

</system-out><system-err>--------------------------------- Captured Err ---------------------------------

</system-err></testcase><testcase classname="tests.test_features" name="test_mock_stop_at_3" time="24.220"><system-out>--------------------------------- Captured Log ---------------------------------

--------------------------------- Captured Out ---------------------------------
/home/runner/work/diptych/diptych/tests/0001_3.png
separation double page angle 90.55756528497216
separation double page y=0 2484
page rotation 1 0.65
page rotation 2 0.2
image 1 crop x1 329
image 1 crop y1 335
image 1 crop x2 2344
image 1 crop y2 3222
image 2 crop x1 171
image 2 crop y1 648
image 2 crop x2 2188
image 2 crop y2 3361

</system-out><system-err>--------------------------------- Captured Err ---------------------------------

</system-err></testcase><testcase classname="tests.test_images" name="test_0001_png" time="22.604"><system-out>--------------------------------- Captured Log ---------------------------------

--------------------------------- Captured Out ---------------------------------
/home/runner/work/diptych/diptych/tests/0001.png
1621244194173546263 : Checking separation double page angle 90.55756528497216
1621244194173668166 : Checking separation double page y=0 2484
1621244195420098537 : Checking page rotation 1 0.65
1621244196933685016 : Checking page rotation 2 0.2
1621244200296255002 : Checking image 1 crop x1 329
1621244200296371005 : Checking image 1 crop y1 335
1621244200296413706 : Checking image 1 crop x2 2344
1621244200296452607 : Checking image 1 crop y2 3222
1621244203215911872 : Checking image 2 crop x1 171
1621244203216034075 : Checking image 2 crop y1 648
1621244203216079877 : Checking image 2 crop x2 2188
1621244203216117578 : Checking image 2 crop y2 3361
1621244203216289082 : Checking image 1 dpi 300
1621244203216366584 : Checking image 1 border top 326
1621244203216405185 : Checking image 1 border bottom 274
1621244203216440186 : Checking image 1 border left 222
1621244203216473887 : Checking image 1 border right 222
1621244203219690872 : Checking image 2 dpi 300
1621244203219795575 : Checking image 2 border top 643
1621244203219832676 : Checking image 2 border bottom 131
1621244203219866577 : Checking image 2 border left 221
1621244203219899878 : Checking image 2 border right 221

</system-out><system-err>--------------------------------- Captured Err ---------------------------------

</system-err></testcase><testcase classname="tests.test_features" name="test_mock_stop_at_5" time="25.732"><system-out>--------------------------------- Captured Log ---------------------------------

--------------------------------- Captured Out ---------------------------------
/home/runner/work/diptych/diptych/tests/0001_5.png
separation double page angle 90.55756528497216
separation double page y=0 2484
page rotation 1 0.65
page rotation 2 0.2
image 1 crop x1 329
image 1 crop y1 335
image 1 crop x2 2344
image 1 crop y2 3222
image 2 crop x1 171
image 2 crop y1 648
image 2 crop x2 2188
image 2 crop y2 3361
image 1 dpi 300
image 1 border top 326
image 1 border bottom 274
image 1 border left 222
image 1 border right 222
image 2 dpi 300
image 2 border top 643
image 2 border bottom 131
image 2 border left 221
image 2 border right 221

</system-out><system-err>--------------------------------- Captured Err ---------------------------------

</system-err></testcase><testcase classname="tests.test_images" name="test_black_border_not_removed_png" time="25.869"><system-out>--------------------------------- Captured Log ---------------------------------

--------------------------------- Captured Out ---------------------------------
/home/runner/work/diptych/diptych/tests/black-border-not-removed.png
1621244216861896375 : Checking separation double page angle 90.01516396500199
1621244216862009578 : Checking separation double page y=0 2455
1621244218273768236 : Checking page rotation 1 0.0
1621244220092524239 : Checking page rotation 2 0.1
1621244223528201056 : Checking image 1 crop x1 297
1621244223528326859 : Checking image 1 crop y1 143
1621244223528372160 : Checking image 1 crop x2 2309
1621244223528413161 : Checking image 1 crop y2 3346
1621244229083700358 : Checking image 2 crop x1 154
1621244229083820661 : Checking image 2 crop y1 144
1621244229083866062 : Checking image 2 crop x2 2168
1621244229083908263 : Checking image 2 crop y2 3351
1621244229084082568 : Checking image 1 dpi 300
1621244229084165970 : Checking image 1 border top 131
1621244229084206371 : Checking image 1 border bottom 153
1621244229084244672 : Checking image 1 border left 224
1621244229084281173 : Checking image 1 border right 224
1621244229087173347 : Checking image 2 dpi 300
1621244229087259149 : Checking image 2 border top 133
1621244229087298150 : Checking image 2 border bottom 147
1621244229087334051 : Checking image 2 border left 223
1621244229087369452 : Checking image 2 border right 223

</system-out><system-err>--------------------------------- Captured Err ---------------------------------

</system-err></testcase><testcase classname="tests.test_images" name="test_2_pages_2_contours_png" time="17.064"><system-out>--------------------------------- Captured Log ---------------------------------

--------------------------------- Captured Out ---------------------------------
/home/runner/work/diptych/diptych/tests/2-pages-2-contours.png
1621244238947584396 : Checking separation double page angle 90.14230271514262
1621244238947695398 : Checking separation double page y=0 2488
1621244239586715289 : Checking page rotation 1 0.0
1621244240796720980 : Checking page rotation 2 0.2
1621244241763214564 : Checking image 1 crop x1 1189
1621244241763301966 : Checking image 1 crop y1 1751
1621244241763347767 : Checking image 1 crop x2 1190
1621244241763390568 : Checking image 1 crop y2 1752
1621244244652847779 : Checking image 2 crop x1 100
1621244244652961382 : Checking image 2 crop y1 240
1621244244653000483 : Checking image 2 crop x2 2148
1621244244653037084 : Checking image 2 crop y2 3240
1621244244653203488 : Checking image 1 dpi 300
1621244244653270890 : Checking image 1 border top 1752
1621244244653307891 : Checking image 1 border bottom 1753
1621244244653339992 : Checking image 1 border left 1239
1621244244653371593 : Checking image 1 border right 1239
1621244244655879858 : Checking image 2 dpi 300
1621244244655948760 : Checking image 2 border top 230
1621244244655983661 : Checking image 2 border bottom 256
1621244244656015362 : Checking image 2 border left 206
1621244244656046463 : Checking image 2 border right 206

</system-out><system-err>--------------------------------- Captured Err ---------------------------------

</system-err></testcase><testcase classname="tests.test_images" name="test_image_failed_to_rotate_png" time="29.760"><system-out>--------------------------------- Captured Log ---------------------------------

--------------------------------- Captured Out ---------------------------------
/home/runner/work/diptych/diptych/tests/image_failed_to_rotate.png
1621244245374318508 : Checking separation double page angle 90.35651650869968
1621244245374418411 : Checking separation double page y=0 2483
1621244247463526834 : Checking page rotation 1 0.45
1621244248660278867 : Checking page rotation 2 0.2
1621244254806043710 : Checking image 1 crop x1 31
1621244254806168613 : Checking image 1 crop y1 1
1621244254806211314 : Checking image 1 crop x2 2481
1621244254806251615 : Checking image 1 crop y2 3504
1621244258749370903 : Checking image 2 crop x1 171
1621244258749495707 : Checking image 2 crop y1 231
1621244258749540508 : Checking image 2 crop x2 2259
1621244258749582409 : Checking image 2 crop y2 3358
1621244258749753314 : Checking image 1 dpi 300
1621244258749830816 : Checking image 1 border top 2
1621244258749873117 : Checking image 1 border bottom 2
1621244258749911618 : Checking image 1 border left 15
1621244258749948919 : Checking image 1 border right 15
1621244258752651295 : Checking image 2 dpi 300
1621244258752737597 : Checking image 2 border top 217
1621244258752777598 : Checking image 2 border bottom 143
1621244258752814199 : Checking image 2 border left 186
1621244258752850201 : Checking image 2 border right 186

</system-out><system-err>--------------------------------- Captured Err ---------------------------------

</system-err></testcase><testcase classname="tests.test_images" name="test_wrong_split_line_png" time="20.806"><system-out>--------------------------------- Captured Log ---------------------------------

--------------------------------- Captured Out ---------------------------------
/home/runner/work/diptych/diptych/tests/wrong_split_line.png
1621244259196413830 : Checking separation double page angle 89.95895720607972
1621244259196529534 : Checking separation double page y=0 2466
1621244260374340739 : Checking page rotation 1 -0.04999999999999689
1621244261490138107 : Checking page rotation 2 0.45
1621244263061365937 : Checking image 1 crop x1 211
1621244263061508541 : Checking image 1 crop y1 156
1621244263061548542 : Checking image 1 crop x2 2323
1621244263061584843 : Checking image 1 crop y2 3363
1621244265456888482 : Checking image 2 crop x1 123
1621244265456995485 : Checking image 2 crop y1 164
1621244265457032886 : Checking image 2 crop x2 2237
1621244265457068586 : Checking image 2 crop y2 3375
1621244265457233391 : Checking image 1 dpi 300
1621244265457308993 : Checking image 1 border top 135
1621244265457345994 : Checking image 1 border bottom 145
1621244265457376795 : Checking image 1 border left 174
1621244265457406195 : Checking image 1 border right 174
1621244265461109392 : Checking image 2 dpi 300
1621244265461198995 : Checking image 2 border top 141
1621244265461235796 : Checking image 2 border bottom 135
1621244265461268797 : Checking image 2 border left 173
1621244265461313698 : Checking image 2 border right 173

</system-out><system-err>--------------------------------- Captured Err ---------------------------------

</system-err></testcase><testcase classname="tests.test_images" name="test_image_failed_to_crop_data_png" time="42.288"><system-out>--------------------------------- Captured Log ---------------------------------

--------------------------------- Captured Out ---------------------------------
/home/runner/work/diptych/diptych/tests/image_failed_to_crop_data.png
1621244279500415295 : Checking separation double page angle 90.09350257645173
1621244279500520298 : Checking separation double page y=0 2479
1621244284475440778 : Checking page rotation 1 0.15000000000000002
1621244285692155119 : Checking page rotation 2 0.05
1621244297585170842 : Checking image 1 crop x1 46
1621244297585305745 : Checking image 1 crop y1 1
1621244297585351347 : Checking image 1 crop x2 2477
1621244297585392848 : Checking image 1 crop y2 3505
1621244301075868838 : Checking image 2 crop x1 164
1621244301075996842 : Checking image 2 crop y1 217
1621244301076042443 : Checking image 2 crop x2 2245
1621244301076085045 : Checking image 2 crop y2 3350
1621244301076267150 : Checking image 1 dpi 300
1621244301076349152 : Checking image 1 border top 2
1621244301076391654 : Checking image 1 border bottom 2
1621244301076429855 : Checking image 1 border left 25
1621244301076466656 : Checking image 1 border right 25
1621244301079288038 : Checking image 2 dpi 300
1621244301079377241 : Checking image 2 border top 206
1621244301079417042 : Checking image 2 border bottom 148
1621244301079453643 : Checking image 2 border left 189
1621244301079489544 : Checking image 2 border right 189

</system-out><system-err>--------------------------------- Captured Err ---------------------------------

</system-err></testcase><testcase classname="tests.test_images" name="test_crop_too_much_png" time="28.625"><system-out>--------------------------------- Captured Log ---------------------------------

--------------------------------- Captured Out ---------------------------------
/home/runner/work/diptych/diptych/tests/crop_too_much.png
1621244281743388157 : Checking separation double page angle 90.16929865985193
1621244281743517060 : Checking separation double page y=0 2456
1621244283564298759 : Checking page rotation 1 -0.04999999999999689
1621244285263128656 : Checking page rotation 2 0.2
1621244289005429799 : Checking image 1 crop x1 302
1621244289005562102 : Checking image 1 crop y1 148
1621244289005601803 : Checking image 1 crop x2 2314
1621244289005636804 : Checking image 1 crop y2 3351
1621244294059247469 : Checking image 2 crop x1 163
1621244294059370773 : Checking image 2 crop y1 151
1621244294059424674 : Checking image 2 crop x2 2187
1621244294059475775 : Checking image 2 crop y2 3363
1621244294059648380 : Checking image 1 dpi 300
1621244294059739282 : Checking image 1 border top 133
1621244294059778784 : Checking image 1 border bottom 151
1621244294059835485 : Checking image 1 border left 224
1621244294059865786 : Checking image 1 border right 224
1621244294062681062 : Checking image 2 dpi 300
1621244294062770964 : Checking image 2 border top 132
1621244294062803565 : Checking image 2 border bottom 143
1621244294062833366 : Checking image 2 border left 218
1621244294062862367 : Checking image 2 border right 218

</system-out><system-err>--------------------------------- Captured Err ---------------------------------

</system-err></testcase><testcase classname="tests.test_images" name="test_crop_too_few_png" time="20.337"><system-out>--------------------------------- Captured Log ---------------------------------

--------------------------------- Captured Out ---------------------------------
/home/runner/work/diptych/diptych/tests/crop_too_few.png
1621244308319961925 : Checking separation double page angle 89.49492328400886
1621244308320065831 : Checking separation double page y=0 2510
1621244309450428613 : Checking page rotation 1 -0.6499999999999977
1621244310574738527 : Checking page rotation 2 0.0
1621244312738906608 : Checking image 1 crop x1 263
1621244312739042812 : Checking image 1 crop y1 150
1621244312739077612 : Checking image 1 crop x2 2377
1621244312739108013 : Checking image 1 crop y2 3357
1621244314421749371 : Checking image 2 crop x1 139
1621244314421865774 : Checking image 2 crop y1 141
1621244314421904375 : Checking image 2 crop x2 2261
1621244314421939776 : Checking image 2 crop y2 3345
1621244314422106680 : Checking image 1 dpi 300
1621244314422202483 : Checking image 1 border top 129
1621244314422236284 : Checking image 1 border bottom 150
1621244314422264885 : Checking image 1 border left 173
1621244314422292485 : Checking image 1 border right 173
1621244314425335467 : Checking image 2 dpi 300
1621244314425402969 : Checking image 2 border top 130
1621244314425447970 : Checking image 2 border bottom 153
1621244314425478471 : Checking image 2 border left 169
1621244314425507972 : Checking image 2 border right 169

</system-out><system-err>--------------------------------- Captured Err ---------------------------------

</system-err></testcase><testcase classname="tests.test_images" name="test_wrong_angle_split_line_png" time="27.214"><system-out>--------------------------------- Captured Log ---------------------------------

--------------------------------- Captured Out ---------------------------------
/home/runner/work/diptych/diptych/tests/wrong_angle_split_line.png
1621244312597695851 : Checking separation double page angle 90.08791528895468
1621244312597792953 : Checking separation double page y=0 2478
1621244313882809017 : Checking page rotation 1 0.1
1621244315097487718 : Checking page rotation 2 0.1
1621244322398623300 : Checking image 1 crop x1 58
1621244322398762704 : Checking image 1 crop y1 6
1621244322398805305 : Checking image 1 crop x2 2476
1621244322398843506 : Checking image 1 crop y2 3501
1621244327571890161 : Checking image 2 crop x1 166
1621244327572009364 : Checking image 2 crop y1 218
1621244327572053665 : Checking image 2 crop x2 2244
1621244327572092866 : Checking image 2 crop y2 3349
1621244327572262270 : Checking image 1 dpi 300
1621244327572343572 : Checking image 1 border top 6
1621244327572382973 : Checking image 1 border bottom 6
1621244327572417274 : Checking image 1 border left 31
1621244327572451075 : Checking image 1 border right 31
1621244327579633047 : Checking image 2 dpi 300
1621244327579745750 : Checking image 2 border top 209
1621244327579784051 : Checking image 2 border bottom 147
1621244327579818651 : Checking image 2 border left 191
1621244327579852052 : Checking image 2 border right 191

</system-out><system-err>--------------------------------- Captured Err ---------------------------------

</system-err></testcase><testcase classname="tests.test_images" name="test_crop_too_much_2_png" time="29.420"><system-out>--------------------------------- Captured Log ---------------------------------

--------------------------------- Captured Out ---------------------------------
/home/runner/work/diptych/diptych/tests/crop_too_much_2.png
1621244332729568138 : Checking separation double page angle 90.15285326123045
1621244332729678540 : Checking separation double page y=0 2477
1621244334408923494 : Checking page rotation 1 0.15000000000000002
1621244336236769654 : Checking page rotation 2 0.2
1621244339337954981 : Checking image 1 crop x1 330
1621244339338078985 : Checking image 1 crop y1 132
1621244339338121686 : Checking image 1 crop x2 2342
1621244339338159487 : Checking image 1 crop y2 3335
1621244343812011901 : Checking image 2 crop x1 165
1621244343812124805 : Checking image 2 crop y1 139
1621244343812180006 : Checking image 2 crop x2 2178
1621244343812217907 : Checking image 2 crop y2 3345
1621244343812384712 : Checking image 1 dpi 300
1621244343812463614 : Checking image 1 border top 121
1621244343812504015 : Checking image 1 border bottom 163
1621244343812539316 : Checking image 1 border left 224
1621244343812573617 : Checking image 1 border right 224
1621244343815205392 : Checking image 2 dpi 300
1621244343815279795 : Checking image 2 border top 129
1621244343815317096 : Checking image 2 border bottom 152
1621244343815354697 : Checking image 2 border left 223
1621244343815388898 : Checking image 2 border right 223

</system-out><system-err>--------------------------------- Captured Err ---------------------------------

</system-err></testcase><testcase classname="tests.test_images" name="test_angle_page_lower_split_line_png" time="28.253"><system-out>--------------------------------- Captured Log ---------------------------------

--------------------------------- Captured Out ---------------------------------
/home/runner/work/diptych/diptych/tests/angle_page_lower_split_line.png
1621244347667882392 : Checking separation double page angle 89.74412725181848
1621244347668002895 : Checking separation double page y=0 2472
1621244349538666685 : Checking page rotation 1 -0.14999999999999067
1621244350985593498 : Checking page rotation 2 0.1
1621244352745434638 : Checking image 1 crop x1 241
1621244352745551742 : Checking image 1 crop y1 156
1621244352745605743 : Checking image 1 crop x2 2357
1621244352745644544 : Checking image 1 crop y2 3368
1621244356624372910 : Checking image 2 crop x1 151
1621244356624486413 : Checking image 2 crop y1 146
1621244356624526114 : Checking image 2 crop x2 2261
1621244356624575215 : Checking image 2 crop y2 3351
1621244356624752820 : Checking image 1 dpi 300
1621244356624830122 : Checking image 1 border top 140
1621244356624867823 : Checking image 1 border bottom 135
1621244356624917624 : Checking image 1 border left 172
1621244356624963125 : Checking image 1 border right 172
1621244356627887100 : Checking image 2 dpi 300
1621244356627979303 : Checking image 2 border top 131
1621244356628013104 : Checking image 2 border bottom 151
1621244356628044505 : Checking image 2 border left 175
1621244356628075405 : Checking image 2 border right 175

</system-out><system-err>--------------------------------- Captured Err ---------------------------------

</system-err></testcase><testcase classname="tests.test_images" name="test_wrong_split_line_2_png" time="36.021"><system-out>--------------------------------- Captured Log ---------------------------------

--------------------------------- Captured Out ---------------------------------
/home/runner/work/diptych/diptych/tests/wrong_split_line_2.png
1621244362859003665 : Checking separation double page angle 90.23635161124103
1621244362859117168 : Checking separation double page y=0 2437
1621244364604759972 : Checking page rotation 1 0.2
1621244366199479872 : Checking page rotation 2 0.2
1621244371558441222 : Checking image 1 crop x1 294
1621244371558583826 : Checking image 1 crop y1 136
1621244371558620927 : Checking image 1 crop x2 2325
1621244371558669828 : Checking image 1 crop y2 3376
1621244379850222582 : Checking image 2 crop x1 138
1621244379850340285 : Checking image 2 crop y1 190
1621244379850380586 : Checking image 2 crop x2 2174
1621244379850417087 : Checking image 2 crop y2 3389
1621244379850606392 : Checking image 1 dpi 300
1621244379850711495 : Checking image 1 border top 131
1621244379850751996 : Checking image 1 border bottom 116
1621244379850787097 : Checking image 1 border left 214
1621244379850821298 : Checking image 1 border right 214
1621244379854088784 : Checking image 2 dpi 300
1621244379854183787 : Checking image 2 border top 181
1621244379854229588 : Checking image 2 border bottom 107
1621244379854263289 : Checking image 2 border left 212
1621244379854296290 : Checking image 2 border right 212

</system-out><system-err>--------------------------------- Captured Err ---------------------------------

</system-err></testcase><testcase classname="tests.test_images" name="test_wrong_wave_split_line_png" time="35.085"><system-out>--------------------------------- Captured Log ---------------------------------

--------------------------------- Captured Out ---------------------------------
/home/runner/work/diptych/diptych/tests/wrong_wave_split_line.png
1621244374095692823 : Checking separation double page angle 90.42461655762611
1621244374095812626 : Checking separation double page y=0 2502
1621244376322783375 : Checking page rotation 1 -0.09999999999999377
1621244378417679940 : Checking page rotation 2 0.85
1621244384873744233 : Checking image 1 crop x1 384
1621244384873871036 : Checking image 1 crop y1 178
1621244384873916037 : Checking image 1 crop x2 2412
1621244384873954938 : Checking image 1 crop y2 3374
1621244391697073770 : Checking image 2 crop x1 7
1621244391697284276 : Checking image 2 crop y1 0
1621244391697330277 : Checking image 2 crop x2 2411
1621244391697375478 : Checking image 2 crop y2 3505
1621244391697554883 : Checking image 1 dpi 300
1621244391697634085 : Checking image 1 border top 173
1621244391697672886 : Checking image 1 border bottom 118
1621244391697708187 : Checking image 1 border left 216
1621244391697742688 : Checking image 1 border right 216
1621244391701692592 : Checking image 2 dpi 300
1621244391701814395 : Checking image 2 border top 1
1621244391701869797 : Checking image 2 border bottom 1
1621244391701907198 : Checking image 2 border left 38
1621244391701943699 : Checking image 2 border right 38

</system-out><system-err>--------------------------------- Captured Err ---------------------------------

</system-err></testcase><testcase classname="tests.test_images" name="test_small_wave_png" time="25.636"><system-out>--------------------------------- Captured Log ---------------------------------

--------------------------------- Captured Out ---------------------------------
/home/runner/work/diptych/diptych/tests/small_wave.png
1621244398179131005 : Checking separation double page angle 90.56494929955075
1621244398179236408 : Checking separation double page y=0 2495
1621244400067079823 : Checking page rotation 1 0.7
1621244401562430037 : Checking page rotation 2 0.65
1621244403150739539 : Checking image 1 crop x1 322
1621244403150870443 : Checking image 1 crop y1 199
1621244403150913144 : Checking image 1 crop x2 2351
1621244403150950145 : Checking image 1 crop y2 3394
1621244405490635023 : Checking image 2 crop x1 130
1621244405490756326 : Checking image 2 crop y1 222
1621244405490798227 : Checking image 2 crop x2 2163
1621244405490838028 : Checking image 2 crop y2 3420
1621244405491013733 : Checking image 1 dpi 300
1621244405491092535 : Checking image 1 border top 181
1621244405491132936 : Checking image 1 border bottom 111
1621244405491167837 : Checking image 1 border left 215
1621244405491201638 : Checking image 1 border right 215
1621244405494317220 : Checking image 2 dpi 300
1621244405494400322 : Checking image 2 border top 197
1621244405494438623 : Checking image 2 border bottom 92
1621244405494472624 : Checking image 2 border left 213
1621244405494559526 : Checking image 2 border right 213

</system-out><system-err>--------------------------------- Captured Err ---------------------------------

</system-err></testcase><testcase classname="tests.test_images" name="test_no_split_line_line_algo_png" time="23.650"><system-out>--------------------------------- Captured Log ---------------------------------

--------------------------------- Captured Out ---------------------------------
/home/runner/work/diptych/diptych/tests/no_split_line_line_algo.png
1621244405615943821 : Checking separation double page angle 89.47691469185418
1621244405616044424 : Checking separation double page y=0 2476
1621244406768792463 : Checking page rotation 1 -0.14999999999999067
1621244408539785174 : Checking page rotation 2 -0.14999999999999067
1621244410651665478 : Checking image 1 crop x1 205
1621244410651793381 : Checking image 1 crop y1 158
1621244410651839383 : Checking image 1 crop x2 2320
1621244410651881184 : Checking image 1 crop y2 3366
1621244415368405517 : Checking image 2 crop x1 185
1621244415368532420 : Checking image 2 crop y1 225
1621244415368578321 : Checking image 2 crop x2 2204
1621244415368619822 : Checking image 2 crop y2 3362
1621244415368799927 : Checking image 1 dpi 300
1621244415368881729 : Checking image 1 border top 144
1621244415368920830 : Checking image 1 border bottom 134
1621244415368958731 : Checking image 1 border left 172
1621244415368994532 : Checking image 1 border right 172
1621244415372032909 : Checking image 2 dpi 300
1621244415372123911 : Checking image 2 border top 223
1621244415372163712 : Checking image 2 border bottom 127
1621244415372200013 : Checking image 2 border left 220
1621244415372235414 : Checking image 2 border right 220

</system-out><system-err>--------------------------------- Captured Err ---------------------------------

</system-err></testcase><testcase classname="tests.test_images" name="test_wrong_split_line_3_png" time="28.117"><system-out>--------------------------------- Captured Log ---------------------------------

--------------------------------- Captured Out ---------------------------------
/home/runner/work/diptych/diptych/tests/wrong_split_line_3.png
1621244421496198669 : Checking separation double page angle 90.40515247895009
1621244421496309072 : Checking separation double page y=0 2495
1621244422951586716 : Checking page rotation 1 0.2
1621244424119992961 : Checking page rotation 2 0.85
1621244426303528187 : Checking image 1 crop x1 331
1621244426303645590 : Checking image 1 crop y1 166
1621244426303682691 : Checking image 1 crop x2 2377
1621244426303719892 : Checking image 1 crop y2 3375
1621244433631823897 : Checking image 2 crop x1 103
1621244433631930600 : Checking image 2 crop y1 207
1621244433631968201 : Checking image 2 crop x2 2136
1621244433632017202 : Checking image 2 crop y2 3414
1621244433632214308 : Checking image 1 dpi 300
1621244433632295410 : Checking image 1 border top 158
1621244433632337211 : Checking image 1 border bottom 120
1621244433632382812 : Checking image 1 border left 207
1621244433632416013 : Checking image 1 border right 207
1621244433635406091 : Checking image 2 dpi 300
1621244433635487494 : Checking image 2 border top 199
1621244433635524795 : Checking image 2 border bottom 81
1621244433635559396 : Checking image 2 border left 213
1621244433635593596 : Checking image 2 border right 213

</system-out><system-err>--------------------------------- Captured Err ---------------------------------

</system-err></testcase><testcase classname="tests.test_images" name="test_failed_split_line_line_algo_png" time="17.683"><system-out>--------------------------------- Captured Log ---------------------------------

--------------------------------- Captured Out ---------------------------------
/home/runner/work/diptych/diptych/tests/failed_split_line_line_algo.png
1621244426779579325 : Checking separation double page angle 90.0093502548779
1621244426779713728 : Checking separation double page y=0 2574
1621244427658815382 : Checking page rotation 1 0.0
1621244428308631897 : Checking page rotation 2 0.0
1621244431158425155 : Checking image 1 crop x1 411
1621244431158575359 : Checking image 1 crop y1 2927
1621244431158618561 : Checking image 1 crop x2 2422
1621244431158655662 : Checking image 1 crop y2 3172
1621244433075882958 : Checking image 2 crop x1 1191
1621244433075990761 : Checking image 2 crop y1 1745
1621244433076029162 : Checking image 2 crop x2 1192
1621244433076064362 : Checking image 2 crop y2 1746
1621244433076203266 : Checking image 1 dpi 300
1621244433076288968 : Checking image 1 border top 2920
1621244433076326869 : Checking image 1 border bottom 322
1621244433076363170 : Checking image 1 border left 224
1621244433076396771 : Checking image 1 border right 224
1621244433078374623 : Checking image 2 dpi 300
1621244433078439325 : Checking image 2 border top 1752
1621244433078476226 : Checking image 2 border bottom 1753
1621244433078551228 : Checking image 2 border left 1239
1621244433078584929 : Checking image 2 border right 1239

</system-out><system-err>--------------------------------- Captured Err ---------------------------------

</system-err></testcase><testcase classname="tests.test_images" name="test_failed_split_line_line_algo_2_png" time="26.634"><system-out>--------------------------------- Captured Log ---------------------------------

--------------------------------- Captured Out ---------------------------------
/home/runner/work/diptych/diptych/tests/failed_split_line_line_algo_2.png
1621244449778650409 : Checking separation double page angle 90.03732329462368
1621244449778769512 : Checking separation double page y=0 2499
1621244451632690587 : Checking page rotation 1 -0.09999999999999377
1621244453542518430 : Checking page rotation 2 0.5499999999999999
1621244456729558807 : Checking image 1 crop x1 273
1621244456729701311 : Checking image 1 crop y1 147
1621244456729745012 : Checking image 1 crop x2 2386
1621244456729784513 : Checking image 1 crop y2 3352
1621244459676823655 : Checking image 2 crop x1 122
1621244459676948558 : Checking image 2 crop y1 155
1621244459676993159 : Checking image 2 crop x2 2246
1621244459677035860 : Checking image 2 crop y2 3350
1621244459677207265 : Checking image 1 dpi 300
1621244459677289467 : Checking image 1 border top 137
1621244459677329668 : Checking image 1 border bottom 145
1621244459677367569 : Checking image 1 border left 173
1621244459677405170 : Checking image 1 border right 173
1621244459680479352 : Checking image 2 dpi 300
1621244459680577254 : Checking image 2 border top 133
1621244459680617756 : Checking image 2 border bottom 159
1621244459680654357 : Checking image 2 border left 168
1621244459680692358 : Checking image 2 border right 168

</system-out><system-err>--------------------------------- Captured Err ---------------------------------

</system-err></testcase><testcase classname="tests.test_images" name="test_crop_too_much_3_png" time="24.200"><system-out>--------------------------------- Captured Log ---------------------------------

--------------------------------- Captured Out ---------------------------------
/home/runner/work/diptych/diptych/tests/crop_too_much_3.png
1621244448201537883 : Checking separation double page angle 89.5934556679346
1621244448201646686 : Checking separation double page y=0 2499
1621244449620919567 : Checking page rotation 1 -0.8999999999999949
1621244451696777570 : Checking page rotation 2 -0.04999999999999689
1621244455077449330 : Checking image 1 crop x1 374
1621244455077566233 : Checking image 1 crop y1 258
1621244455077604534 : Checking image 1 crop x2 2385
1621244455077637635 : Checking image 1 crop y2 3459
1621244457832480333 : Checking image 2 crop x1 164
1621244457832603036 : Checking image 2 crop y1 229
1621244457832642537 : Checking image 2 crop x2 2183
1621244457832681338 : Checking image 2 crop y2 3416
1621244457832848442 : Checking image 1 dpi 300
1621244457832924144 : Checking image 1 border top 239
1621244457832963345 : Checking image 1 border bottom 46
1621244457832996246 : Checking image 1 border left 224
1621244457833028547 : Checking image 1 border right 224
1621244457836686744 : Checking image 2 dpi 300
1621244457836797847 : Checking image 2 border top 210
1621244457836834348 : Checking image 2 border bottom 90
1621244457836866949 : Checking image 2 border left 220
1621244457836902350 : Checking image 2 border right 220

</system-out><system-err>--------------------------------- Captured Err ---------------------------------

</system-err></testcase><testcase classname="tests.test_images" name="test_wrong_wave_split_line_3_png" time="26.740"><system-out>--------------------------------- Captured Log ---------------------------------

--------------------------------- Captured Out ---------------------------------
/home/runner/work/diptych/diptych/tests/wrong_wave_split_line_3.png
1621244477332728792 : Checking separation double page angle 90.12715931778824
1621244477332836095 : Checking separation double page y=0 2514
1621244478771782949 : Checking page rotation 1 0.05
1621244480212744557 : Checking page rotation 2 0.2
1621244482499989623 : Checking image 1 crop x1 273
1621244482500103526 : Checking image 1 crop y1 220
1621244482500158927 : Checking image 1 crop x2 2383
1621244482500194628 : Checking image 1 crop y2 3423
1621244484585609224 : Checking image 2 crop x1 116
1621244484585738327 : Checking image 2 crop y1 225
1621244484585780228 : Checking image 2 crop x2 2242
1621244484585820429 : Checking image 2 crop y2 3415
1621244484585994334 : Checking image 1 dpi 300
1621244484586077236 : Checking image 1 border top 202
1621244484586119037 : Checking image 1 border bottom 82
1621244484586154038 : Checking image 1 border left 175
1621244484586188039 : Checking image 1 border right 175
1621244484589372623 : Checking image 2 dpi 300
1621244484589507527 : Checking image 2 border top 204
1621244484589559628 : Checking image 2 border bottom 93
1621244484589595829 : Checking image 2 border left 167
1621244484589630030 : Checking image 2 border right 167

</system-out><system-err>--------------------------------- Captured Err ---------------------------------

</system-err></testcase><testcase classname="tests.test_images" name="test_wrong_wave_split_line_2_png" time="27.606"><system-out>--------------------------------- Captured Log ---------------------------------

--------------------------------- Captured Out ---------------------------------
/home/runner/work/diptych/diptych/tests/wrong_wave_split_line_2.png
1621244478853187091 : Checking separation double page angle 90.7708958311329
1621244478853299794 : Checking separation double page y=0 2490
1621244480518945212 : Checking page rotation 1 0.2
1621244482184858397 : Checking page rotation 2 1.65
1621244483933954107 : Checking image 1 crop x1 227
1621244483934102211 : Checking image 1 crop y1 147
1621244483934147913 : Checking image 1 crop x2 2342
1621244483934190614 : Checking image 1 crop y2 3353
1621244487291038500 : Checking image 2 crop x1 106
1621244487291163803 : Checking image 2 crop y1 195
1621244487291207705 : Checking image 2 crop x2 2231
1621244487291247406 : Checking image 2 crop y2 3398
1621244487291433111 : Checking image 1 dpi 300
1621244487291517313 : Checking image 1 border top 136
1621244487291558114 : Checking image 1 border bottom 145
1621244487291597015 : Checking image 1 border left 172
1621244487291632916 : Checking image 1 border right 172
1621244487294865201 : Checking image 2 dpi 300
1621244487294952304 : Checking image 2 border top 165
1621244487294989504 : Checking image 2 border bottom 118
1621244487295035606 : Checking image 2 border left 167
1621244487295070107 : Checking image 2 border right 167

</system-out><system-err>--------------------------------- Captured Err ---------------------------------

</system-err></testcase><testcase classname="tests.test_images" name="test_no_split_line_wave_algo_png" time="35.934"><system-out>--------------------------------- Captured Log ---------------------------------

--------------------------------- Captured Out ---------------------------------
/home/runner/work/diptych/diptych/tests/no_split_line_wave_algo.png
1621244499943990049 : Checking separation double page angle 89.79018091440821
1621244499944098352 : Checking separation double page y=0 2483
1621244503102108821 : Checking page rotation 1 0.0
1621244504576750150 : Checking page rotation 2 -0.44999999999999746
1621244514310283333 : Checking image 1 crop x1 97
1621244514310392036 : Checking image 1 crop y1 74
1621244514310431937 : Checking image 1 crop x2 2489
1621244514310469838 : Checking image 1 crop y2 3505
1621244520473369978 : Checking image 2 crop x1 164
1621244520473511182 : Checking image 2 crop y1 267
1621244520473552183 : Checking image 2 crop x2 2239
1621244520473586584 : Checking image 2 crop y2 3380
1621244520473752888 : Checking image 1 dpi 300
1621244520473854391 : Checking image 1 border top 38
1621244520473895192 : Checking image 1 border bottom 38
1621244520473931793 : Checking image 1 border left 44
1621244520473965694 : Checking image 1 border right 44
1621244520476862770 : Checking image 2 dpi 300
1621244520476935172 : Checking image 2 border top 257
1621244520476972573 : Checking image 2 border bottom 117
1621244520477065376 : Checking image 2 border left 192
1621244520477115277 : Checking image 2 border right 192

</system-out><system-err>--------------------------------- Captured Err ---------------------------------

</system-err></testcase><testcase classname="tests.test_images" name="test_no_split_line_wave_algo_2_png" time="22.677"><system-out>--------------------------------- Captured Log ---------------------------------

--------------------------------- Captured Out ---------------------------------
/home/runner/work/diptych/diptych/tests/no_split_line_wave_algo_2.png
1621244502588163853 : Checking separation double page angle 90.43362571535843
1621244502588295457 : Checking separation double page y=0 2473
1621244503876834473 : Checking page rotation 1 1.05
1621244505387779260 : Checking page rotation 2 0.15000000000000002
1621244507864350926 : Checking image 1 crop x1 267
1621244507864471029 : Checking image 1 crop y1 210
1621244507864512730 : Checking image 1 crop x2 2343
1621244507864550731 : Checking image 1 crop y2 3412
1621244509979323649 : Checking image 2 crop x1 165
1621244509979440452 : Checking image 2 crop y1 241
1621244509979482153 : Checking image 2 crop x2 2250
1621244509979519354 : Checking image 2 crop y2 3433
1621244509979705859 : Checking image 1 dpi 300
1621244509979788461 : Checking image 1 border top 192
1621244509979826062 : Checking image 1 border bottom 93
1621244509979861963 : Checking image 1 border left 192
1621244509979907064 : Checking image 1 border right 192
1621244509983002546 : Checking image 2 dpi 300
1621244509983095748 : Checking image 2 border top 224
1621244509983131449 : Checking image 2 border bottom 71
1621244509983164750 : Checking image 2 border left 187
1621244509983196851 : Checking image 2 border right 187

</system-out><system-err>--------------------------------- Captured Err ---------------------------------

</system-err></testcase><testcase classname="tests.test_images" name="test_failed_detect_rectangle_png" time="22.229"><system-out>--------------------------------- Captured Log ---------------------------------

--------------------------------- Captured Out ---------------------------------
/home/runner/work/diptych/diptych/tests/failed_detect_rectangle.png
1621244526217605278 : Checking separation double page angle 90.242273842964
1621244526217715581 : Checking separation double page y=0 2475
1621244527598370927 : Checking page rotation 1 0.2
1621244529341615819 : Checking page rotation 2 0.2
1621244530728586779 : Checking image 1 crop x1 257
1621244530728711882 : Checking image 1 crop y1 201
1621244530728756884 : Checking image 1 crop x2 2333
1621244530728796785 : Checking image 1 crop y2 3402
1621244532209011174 : Checking image 2 crop x1 137
1621244532209137078 : Checking image 2 crop y1 215
1621244532209184279 : Checking image 2 crop x2 2220
1621244532209225480 : Checking image 2 crop y2 3406
1621244532209393384 : Checking image 1 dpi 300
1621244532209476686 : Checking image 1 border top 188
1621244532209517188 : Checking image 1 border bottom 98
1621244532209555889 : Checking image 1 border left 192
1621244532209592489 : Checking image 1 border right 192
1621244532212760473 : Checking image 2 dpi 300
1621244532212840175 : Checking image 2 border top 201
1621244532212878876 : Checking image 2 border bottom 95
1621244532212913977 : Checking image 2 border left 188
1621244532212948478 : Checking image 2 border right 188

</system-out><system-err>--------------------------------- Captured Err ---------------------------------

</system-err></testcase><testcase classname="tests.test_images" name="test_crop_too_few_2_png" time="22.034"><system-out>--------------------------------- Captured Log ---------------------------------

--------------------------------- Captured Out ---------------------------------
/home/runner/work/diptych/diptych/tests/crop_too_few_2.png
1621244534716804661 : Checking separation double page angle 90.35461351371423
1621244534716909264 : Checking separation double page y=0 2533
1621244536056593361 : Checking page rotation 1 1.0999999999999999
1621244537483186842 : Checking page rotation 2 0.0
1621244540535150415 : Checking image 1 crop x1 289
1621244540535268819 : Checking image 1 crop y1 165
1621244540535306120 : Checking image 1 crop x2 2400
1621244540535343521 : Checking image 1 crop y2 3367
1621244542580330814 : Checking image 2 crop x1 152
1621244542580434916 : Checking image 2 crop y1 190
1621244542580486018 : Checking image 2 crop x2 2273
1621244542580520819 : Checking image 2 crop y2 3385
1621244542580690023 : Checking image 1 dpi 300
1621244542580765525 : Checking image 1 border top 157
1621244542580803526 : Checking image 1 border bottom 128
1621244542580835627 : Checking image 1 border left 174
1621244542580868828 : Checking image 1 border right 174
1621244542583790605 : Checking image 2 dpi 300
1621244542583867607 : Checking image 2 border top 182
1621244542583902907 : Checking image 2 border bottom 110
1621244542583934408 : Checking image 2 border left 169
1621244542583966009 : Checking image 2 border right 169

</system-out><system-err>--------------------------------- Captured Err ---------------------------------

</system-err></testcase><testcase classname="tests.test_images" name="test_single_page_png" time="6.952"><system-out>--------------------------------- Captured Log ---------------------------------

--------------------------------- Captured Out ---------------------------------
/home/runner/work/diptych/diptych/tests/single_page.png
1621244535926929355 : Checking separation double page angle 89.93006318861008
1621244535927064258 : Checking separation double page y=0 2472
1621244536858092019 : Checking page rotation 1 0.0
1621244536972670630 : Checking page rotation 2 0.0
1621244538675716503 : Checking image 1 crop x1 1
1621244538675803406 : Checking image 1 crop y1 8
1621244538675843607 : Checking image 1 crop x2 2470
1621244538675877708 : Checking image 1 crop y2 3505
1621244538815868790 : Checking image 2 crop x1 0
1621244538815938092 : Checking image 2 crop y1 0
1621244538815983893 : Checking image 2 crop x2 0
1621244538816015894 : Checking image 2 crop y2 0
1621244538816083596 : Checking image 1 dpi 300
1621244538816150497 : Checking image 1 border top 5
1621244538816187598 : Checking image 1 border bottom 5
1621244538816221299 : Checking image 1 border left 6
1621244538816255000 : Checking image 1 border right 6
1621244538823268985 : Checking image 2 border top 0
1621244538823363187 : Checking image 2 border bottom 0
1621244538823396688 : Checking image 2 border left 0
1621244538823428889 : Checking image 2 border right 0

</system-out><system-err>--------------------------------- Captured Err ---------------------------------

</system-err></testcase><testcase classname="tests.test_images" name="test_wrong_split_line_4_png" time="12.911"><system-out>--------------------------------- Captured Log ---------------------------------

--------------------------------- Captured Out ---------------------------------
/home/runner/work/diptych/diptych/tests/wrong_split_line_4.png
1621244547891602427 : Checking separation double page angle 90.92587744884125
1621244547891735730 : Checking separation double page y=0 58
1621244547993224900 : Checking page rotation 1 0.5499999999999999
1621244549149445115 : Checking page rotation 2 1.0999999999999999
1621244549848378601 : Checking image 1 crop x1 0
1621244549848461803 : Checking image 1 crop y1 0
1621244549848495904 : Checking image 1 crop x2 0
1621244549848527505 : Checking image 1 crop y2 0
1621244552129278701 : Checking image 2 crop x1 290
1621244552129395004 : Checking image 2 crop y1 330
1621244552129435105 : Checking image 2 crop x2 2314
1621244552129471706 : Checking image 2 crop y2 3217
1621244552129637810 : Checking image 1 border top 0
1621244552129675211 : Checking image 1 border bottom 0
1621244552129707812 : Checking image 1 border left 0
1621244552129738413 : Checking image 1 border right 0
1621244552129787714 : Checking image 2 dpi 300
1621244552129853616 : Checking image 2 border top 322
1621244552129889017 : Checking image 2 border bottom 278
1621244552129920418 : Checking image 2 border left 218
1621244552129951318 : Checking image 2 border right 218

</system-out><system-err>--------------------------------- Captured Err ---------------------------------

</system-err></testcase><testcase classname="tests.test_images" name="test_no_split_line_wave_algo_3_png" time="11.832"><system-out>--------------------------------- Captured Log ---------------------------------

--------------------------------- Captured Out ---------------------------------
/home/runner/work/diptych/diptych/tests/no_split_line_wave_algo_3.png
1621244550759872478 : Checking separation double page angle 90.18184445198425
1621244550759999181 : Checking separation double page y=0 2405
1621244551676684795 : Checking page rotation 1 0.0
1621244551842757864 : Checking page rotation 2 0.0
1621244553905297219 : Checking image 1 crop x1 184
1621244553905408222 : Checking image 1 crop y1 2957
1621244553905446923 : Checking image 1 crop x2 2201
1621244553905480124 : Checking image 1 crop y2 3202
1621244554389506455 : Checking image 2 crop x1 0
1621244554389611658 : Checking image 2 crop y1 0
1621244554389642759 : Checking image 2 crop x2 0
1621244554389672360 : Checking image 2 crop y2 0
1621244554389739661 : Checking image 1 dpi 300
1621244554389808863 : Checking image 1 border top 2950
1621244554389847264 : Checking image 1 border bottom 292
1621244554389880565 : Checking image 1 border left 221
1621244554389912366 : Checking image 1 border right 221
1621244554395898323 : Checking image 2 border top 0
1621244554395959725 : Checking image 2 border bottom 0
1621244554395990426 : Checking image 2 border left 0
1621244554396020727 : Checking image 2 border right 0

</system-out><system-err>--------------------------------- Captured Err ---------------------------------

</system-err></testcase><testcase classname="tests.test_images" name="test_failed_split_line_line_algo_3_png" time="13.902"><system-out>--------------------------------- Captured Log ---------------------------------

--------------------------------- Captured Out ---------------------------------
/home/runner/work/diptych/diptych/tests/failed_split_line_line_algo_3.png
1621244560061115534 : Checking separation double page angle 90.02403976140027
1621244560061624147 : Checking separation double page y=0 39
1621244560133215730 : Checking page rotation 1 0.0
1621244560969881637 : Checking page rotation 2 0.0
1621244561281591235 : Checking image 1 crop x1 0
1621244561281674238 : Checking image 1 crop y1 0
1621244561281710638 : Checking image 1 crop x2 0
1621244561281744739 : Checking image 1 crop y2 0
1621244566055458572 : Checking image 2 crop x1 249
1621244566055584475 : Checking image 2 crop y1 154
1621244566055620676 : Checking image 2 crop x2 2264
1621244566055653877 : Checking image 2 crop y2 3361
1621244566055809981 : Checking image 1 border top 0
1621244566055848682 : Checking image 1 border bottom 0
1621244566055882183 : Checking image 1 border left 0
1621244566055912484 : Checking image 1 border right 0
1621244566055964885 : Checking image 2 dpi 300
1621244566056027387 : Checking image 2 border top 146
1621244566056062588 : Checking image 2 border bottom 134
1621244566056094089 : Checking image 2 border left 222
1621244566056125190 : Checking image 2 border right 222

</system-out><system-err>--------------------------------- Captured Err ---------------------------------

</system-err></testcase></testsuite></testsuites>