<?xml version="1.0" encoding="utf-8"?><testsuites><testsuite name="pytest" errors="0" failures="0" skipped="0" tests="36" time="825.227" timestamp="2020-12-27T22:30:55.769044" hostname="fv-az137-914"><testcase classname="tests.test_features" name="test_mock_stop_at_0" time="0.046"><system-out>--------------------------------- Captured Log ---------------------------------

--------------------------------- Captured Out ---------------------------------
/home/runner/work/ocr-book/ocr-book/tests/0001_0.png

</system-out><system-err>--------------------------------- Captured Err ---------------------------------

</system-err></testcase><testcase classname="tests.test_features" name="test_disabled_enable_debug" time="41.130"><system-out>--------------------------------- Captured Log ---------------------------------

--------------------------------- Captured Out ---------------------------------
/home/runner/work/ocr-book/ocr-book/tests/0001_debug.png
separation double page angle 90.5528088189967
separation double page y=0 2485
page rotation 1 0.75
page rotation 2 0.2
image 1 crop x1 330
image 1 crop y1 336
image 1 crop x2 2343
image 1 crop y2 3223
image 2 crop x1 169
image 2 crop y1 648
image 2 crop x2 2186
image 2 crop y2 3361
image 1 dpi 300
image 1 border top 333
image 1 border bottom 266
image 1 border left 223
image 1 border right 223
image 2 dpi 300
image 2 border top 643
image 2 border bottom 131
image 2 border left 221
image 2 border right 221

</system-out><system-err>--------------------------------- Captured Err ---------------------------------

</system-err></testcase><testcase classname="tests.test_features" name="test_mock_stop_at_2" time="37.343"><system-out>--------------------------------- Captured Log ---------------------------------

--------------------------------- Captured Out ---------------------------------
/home/runner/work/ocr-book/ocr-book/tests/0001_2.png
separation double page angle 90.5528088189967
separation double page y=0 2485
page rotation 1 0.75
page rotation 2 0.2

</system-out><system-err>--------------------------------- Captured Err ---------------------------------

</system-err></testcase><testcase classname="tests.test_features" name="test_mock_stop_at_4" time="39.023"><system-out>--------------------------------- Captured Log ---------------------------------

--------------------------------- Captured Out ---------------------------------
/home/runner/work/ocr-book/ocr-book/tests/0001_4.png
separation double page angle 90.5528088189967
separation double page y=0 2485
page rotation 1 0.75
page rotation 2 0.2
image 1 crop x1 330
image 1 crop y1 336
image 1 crop x2 2343
image 1 crop y2 3223
image 2 crop x1 169
image 2 crop y1 648
image 2 crop x2 2186
image 2 crop y2 3361
image 1 dpi 300
image 1 border top 333
image 1 border bottom 266
image 1 border left 223
image 1 border right 223
image 2 dpi 300
image 2 border top 643
image 2 border bottom 131
image 2 border left 221
image 2 border right 221

</system-out><system-err>--------------------------------- Captured Err ---------------------------------

</system-err></testcase><testcase classname="tests.test_features" name="test_mock_stop_at_1" time="24.753"><system-out>--------------------------------- Captured Log ---------------------------------

--------------------------------- Captured Out ---------------------------------
/home/runner/work/ocr-book/ocr-book/tests/0001_1.png
separation double page angle 90.5528088189967
separation double page y=0 2485

</system-out><system-err>--------------------------------- Captured Err ---------------------------------

</system-err></testcase><testcase classname="tests.test_features" name="test_mock_stop_at_3" time="36.758"><system-out>--------------------------------- Captured Log ---------------------------------

--------------------------------- Captured Out ---------------------------------
/home/runner/work/ocr-book/ocr-book/tests/0001_3.png
separation double page angle 90.5528088189967
separation double page y=0 2485
page rotation 1 0.75
page rotation 2 0.2
image 1 crop x1 330
image 1 crop y1 336
image 1 crop x2 2343
image 1 crop y2 3223
image 2 crop x1 169
image 2 crop y1 648
image 2 crop x2 2186
image 2 crop y2 3361

</system-out><system-err>--------------------------------- Captured Err ---------------------------------

</system-err></testcase><testcase classname="tests.test_images" name="test_0001_png" time="47.430"><system-out>--------------------------------- Captured Log ---------------------------------

--------------------------------- Captured Out ---------------------------------
/home/runner/work/ocr-book/ocr-book/tests/0001.png
1609108362065008496 : Checking separation double page angle 90.5528088189967
1609108362065134507 : Checking separation double page y=0 2485
1609108368202974593 : Checking page rotation 1 0.75
1609108375760542153 : Checking page rotation 2 0.2
1609108378235914108 : Checking image 1 crop x1 330
1609108378236037018 : Checking image 1 crop y1 336
1609108378236075821 : Checking image 1 crop x2 2343
1609108378236108524 : Checking image 1 crop y2 3223
1609108380538644410 : Checking image 2 crop x1 169
1609108380538763420 : Checking image 2 crop y1 648
1609108380538797523 : Checking image 2 crop x2 2186
1609108380538826125 : Checking image 2 crop y2 3361
1609108380568122884 : Checking image 1 dpi 300
1609108380568215292 : Checking image 1 border top 333
1609108380568249695 : Checking image 1 border bottom 266
1609108380568281598 : Checking image 1 border left 223
1609108380568312900 : Checking image 1 border right 223
1609108380570530486 : Checking image 2 dpi 300
1609108380570611293 : Checking image 2 border top 643
1609108380570643896 : Checking image 2 border bottom 131
1609108380570674999 : Checking image 2 border left 221
1609108380570705701 : Checking image 2 border right 221

</system-out><system-err>--------------------------------- Captured Err ---------------------------------

</system-err></testcase><testcase classname="tests.test_features" name="test_mock_stop_at_5" time="39.224"><system-out>--------------------------------- Captured Log ---------------------------------

--------------------------------- Captured Out ---------------------------------
/home/runner/work/ocr-book/ocr-book/tests/0001_5.png
separation double page angle 90.5528088189967
separation double page y=0 2485
page rotation 1 0.75
page rotation 2 0.2
image 1 crop x1 330
image 1 crop y1 336
image 1 crop x2 2343
image 1 crop y2 3223
image 2 crop x1 169
image 2 crop y1 648
image 2 crop x2 2186
image 2 crop y2 3361
image 1 dpi 300
image 1 border top 333
image 1 border bottom 266
image 1 border left 223
image 1 border right 223
image 2 dpi 300
image 2 border top 643
image 2 border bottom 131
image 2 border left 221
image 2 border right 221

</system-out><system-err>--------------------------------- Captured Err ---------------------------------

</system-err></testcase><testcase classname="tests.test_images" name="test_black_border_not_removed_png" time="53.796"><system-out>--------------------------------- Captured Log ---------------------------------

--------------------------------- Captured Out ---------------------------------
/home/runner/work/ocr-book/ocr-book/tests/black-border-not-removed.png
1609108412267581913 : Checking separation double page angle 90.033171103531
1609108412267677221 : Checking separation double page y=0 2455
1609108417651617194 : Checking page rotation 1 0.0
1609108427178594384 : Checking page rotation 2 0.0
1609108430465125321 : Checking image 1 crop x1 297
1609108430465252331 : Checking image 1 crop y1 143
1609108430465292135 : Checking image 1 crop x2 2309
1609108430465327438 : Checking image 1 crop y2 3346
1609108434344799178 : Checking image 2 crop x1 159
1609108434344899786 : Checking image 2 crop y1 145
1609108434344929189 : Checking image 2 crop x2 2171
1609108434344987894 : Checking image 2 crop y2 3352
1609108434376461239 : Checking image 1 dpi 300
1609108434376560648 : Checking image 1 border top 132
1609108434376591750 : Checking image 1 border bottom 152
1609108434376619653 : Checking image 1 border left 224
1609108434376646755 : Checking image 1 border right 224
1609108434378548715 : Checking image 2 dpi 300
1609108434378628022 : Checking image 2 border top 132
1609108434378656824 : Checking image 2 border bottom 148
1609108434378684326 : Checking image 2 border left 224
1609108434378711329 : Checking image 2 border right 224

</system-out><system-err>--------------------------------- Captured Err ---------------------------------

</system-err></testcase><testcase classname="tests.test_images" name="test_2_pages_2_contours_png" time="31.242"><system-out>--------------------------------- Captured Log ---------------------------------

--------------------------------- Captured Out ---------------------------------
/home/runner/work/ocr-book/ocr-book/tests/2-pages-2-contours.png
1609108417577118232 : Checking separation double page angle 90.09036871657068
1609108417577220341 : Checking separation double page y=0 2486
1609108419475929146 : Checking page rotation 1 0.05
1609108425505899445 : Checking page rotation 2 0.30000000000000004
1609108427227395382 : Checking image 1 crop x1 1189
1609108427227514492 : Checking image 1 crop y1 1751
1609108427227552395 : Checking image 1 crop x2 1190
1609108427227585998 : Checking image 1 crop y2 1752
1609108429820141798 : Checking image 2 crop x1 101
1609108429820286710 : Checking image 2 crop y1 240
1609108429820328814 : Checking image 2 crop x2 2148
1609108429820366317 : Checking image 2 crop y2 3239
1609108429852296901 : Checking image 1 dpi 300
1609108429852477916 : Checking image 1 border top 1752
1609108429852521820 : Checking image 1 border bottom 1753
1609108429852557523 : Checking image 1 border left 1239
1609108429852592326 : Checking image 1 border right 1239
1609108429854678902 : Checking image 2 dpi 300
1609108429854784110 : Checking image 2 border top 230
1609108429854821413 : Checking image 2 border bottom 258
1609108429854856216 : Checking image 2 border left 206
1609108429854901420 : Checking image 2 border right 206

</system-out><system-err>--------------------------------- Captured Err ---------------------------------

</system-err></testcase><testcase classname="tests.test_images" name="test_wrong_split_line_png" time="38.408"><system-out>--------------------------------- Captured Log ---------------------------------

--------------------------------- Captured Out ---------------------------------
/home/runner/work/ocr-book/ocr-book/tests/wrong_split_line.png
1609108454504069422 : Checking separation double page angle 89.93395720607973
1609108454504169330 : Checking separation double page y=0 2465
1609108459168386818 : Checking page rotation 1 -0.14999999999999067
1609108464233219968 : Checking page rotation 2 0.5
1609108466167028813 : Checking image 1 crop x1 213
1609108466167138222 : Checking image 1 crop y1 157
1609108466167168125 : Checking image 1 crop x2 2323
1609108466167194227 : Checking image 1 crop y2 3362
1609108468220724080 : Checking image 2 crop x1 125
1609108468220860291 : Checking image 2 crop y1 165
1609108468220899394 : Checking image 2 crop x2 2237
1609108468220934197 : Checking image 2 crop y2 3374
1609108468254622930 : Checking image 1 dpi 300
1609108468254736039 : Checking image 1 border top 134
1609108468254771642 : Checking image 1 border bottom 148
1609108468254804645 : Checking image 1 border left 175
1609108468254836148 : Checking image 1 border right 175
1609108468257027332 : Checking image 2 dpi 300
1609108468257136541 : Checking image 2 border top 143
1609108468257172544 : Checking image 2 border bottom 135
1609108468257206747 : Checking image 2 border left 174
1609108468257244250 : Checking image 2 border right 174

</system-out><system-err>--------------------------------- Captured Err ---------------------------------

</system-err></testcase><testcase classname="tests.test_images" name="test_image_failed_to_rotate_png" time="56.105"><system-out>--------------------------------- Captured Log ---------------------------------

--------------------------------- Captured Out ---------------------------------
/home/runner/work/ocr-book/ocr-book/tests/image_failed_to_rotate.png
1609108464436024294 : Checking separation double page angle 90.13063640287984
1609108464436117001 : Checking separation double page y=0 2479
1609108468994737752 : Checking page rotation 1 0.35
1609108476063933659 : Checking page rotation 2 0.45
1609108486615257247 : Checking image 1 crop x1 34
1609108486615374557 : Checking image 1 crop y1 1
1609108486615412360 : Checking image 1 crop x2 2477
1609108486615446963 : Checking image 1 crop y2 3500
1609108490346692139 : Checking image 2 crop x1 167
1609108490346816049 : Checking image 2 crop y1 234
1609108490346853652 : Checking image 2 crop x2 2246
1609108490346888455 : Checking image 2 crop y2 3355
1609108490385776617 : Checking image 1 dpi 300
1609108490385874425 : Checking image 1 border top 4
1609108490385903728 : Checking image 1 border bottom 4
1609108490385927630 : Checking image 1 border left 19
1609108490385951732 : Checking image 1 border right 19
1609108490387855092 : Checking image 2 dpi 300
1609108490387929098 : Checking image 2 border top 218
1609108490387954000 : Checking image 2 border bottom 148
1609108490387977602 : Checking image 2 border left 190
1609108490388001604 : Checking image 2 border right 190

</system-out><system-err>--------------------------------- Captured Err ---------------------------------

</system-err></testcase><testcase classname="tests.test_images" name="test_crop_too_much_png" time="64.261"><system-out>--------------------------------- Captured Log ---------------------------------

--------------------------------- Captured Out ---------------------------------
/home/runner/work/ocr-book/ocr-book/tests/crop_too_much.png
1609108506600870914 : Checking separation double page angle 90.13239409272954
1609108506600994524 : Checking separation double page y=0 2455
1609108515833074638 : Checking page rotation 1 0.0
1609108526386652280 : Checking page rotation 2 0.45
1609108529372334227 : Checking image 1 crop x1 303
1609108529372476339 : Checking image 1 crop y1 148
1609108529372514843 : Checking image 1 crop x2 2313
1609108529372547345 : Checking image 1 crop y2 3351
1609108532461521406 : Checking image 2 crop x1 168
1609108532461646616 : Checking image 2 crop y1 155
1609108532461681519 : Checking image 2 crop x2 2179
1609108532461712922 : Checking image 2 crop y2 3359
1609108532506149652 : Checking image 1 dpi 300
1609108532506251460 : Checking image 1 border top 132
1609108532506286863 : Checking image 1 border bottom 152
1609108532506319166 : Checking image 1 border left 225
1609108532506350568 : Checking image 1 border right 225
1609108532508413042 : Checking image 2 dpi 300
1609108532508507349 : Checking image 2 border top 140
1609108532508540252 : Checking image 2 border bottom 143
1609108532508572155 : Checking image 2 border left 224
1609108532508606958 : Checking image 2 border right 224

</system-out><system-err>--------------------------------- Captured Err ---------------------------------

</system-err></testcase><testcase classname="tests.test_images" name="test_image_failed_to_crop_data_png" time="55.057"><system-out>--------------------------------- Captured Log ---------------------------------

--------------------------------- Captured Out ---------------------------------
/home/runner/work/ocr-book/ocr-book/tests/image_failed_to_crop_data.png
1609108519647672282 : Checking separation double page angle 90.053197600644
1609108519647772591 : Checking separation double page y=0 2480
1609108525213443007 : Checking page rotation 1 0.2
1609108530482897047 : Checking page rotation 2 0.0
1609108542126032888 : Checking image 1 crop x1 47
1609108542126138497 : Checking image 1 crop y1 7
1609108542126168899 : Checking image 1 crop x2 2478
1609108542126195001 : Checking image 1 crop y2 3502
1609108545433504218 : Checking image 2 crop x1 160
1609108545433624328 : Checking image 2 crop y1 217
1609108545433661331 : Checking image 2 crop x2 2242
1609108545433695734 : Checking image 2 crop y2 3350
1609108545467213137 : Checking image 1 dpi 300
1609108545467317746 : Checking image 1 border top 6
1609108545467353149 : Checking image 1 border bottom 6
1609108545467384851 : Checking image 1 border left 25
1609108545467415654 : Checking image 1 border right 25
1609108545469340715 : Checking image 2 dpi 300
1609108545469422222 : Checking image 2 border top 206
1609108545469456425 : Checking image 2 border bottom 148
1609108545469489727 : Checking image 2 border left 189
1609108545469522830 : Checking image 2 border right 189

</system-out><system-err>--------------------------------- Captured Err ---------------------------------

</system-err></testcase><testcase classname="tests.test_images" name="test_crop_too_few_png" time="40.732"><system-out>--------------------------------- Captured Log ---------------------------------

--------------------------------- Captured Out ---------------------------------
/home/runner/work/ocr-book/ocr-book/tests/crop_too_few.png
1609108557777772801 : Checking separation double page angle 89.54670238452755
1609108557777890211 : Checking separation double page y=0 2512
1609108563188194129 : Checking page rotation 1 -0.6499999999999977
1609108568797255845 : Checking page rotation 2 0.0
1609108571088929000 : Checking image 1 crop x1 263
1609108571089071212 : Checking image 1 crop y1 150
1609108571089105615 : Checking image 1 crop x2 2377
1609108571089134517 : Checking image 1 crop y2 3357
1609108573228828891 : Checking image 2 crop x1 137
1609108573228975104 : Checking image 2 crop y1 141
1609108573229012207 : Checking image 2 crop x2 2259
1609108573229042809 : Checking image 2 crop y2 3345
1609108573260669864 : Checking image 1 dpi 300
1609108573260770173 : Checking image 1 border top 129
1609108573260804576 : Checking image 1 border bottom 150
1609108573260837378 : Checking image 1 border left 173
1609108573260868981 : Checking image 1 border right 173
1609108573262674733 : Checking image 2 dpi 300
1609108573262748539 : Checking image 2 border top 130
1609108573262785342 : Checking image 2 border bottom 153
1609108573262817044 : Checking image 2 border left 169
1609108573262848547 : Checking image 2 border right 169

</system-out><system-err>--------------------------------- Captured Err ---------------------------------

</system-err></testcase><testcase classname="tests.test_images" name="test_wrong_angle_split_line_png" time="62.561"><system-out>--------------------------------- Captured Log ---------------------------------

--------------------------------- Captured Out ---------------------------------
/home/runner/work/ocr-book/ocr-book/tests/wrong_angle_split_line.png
1609108576963349380 : Checking separation double page angle 90.09193420006348
1609108576963447088 : Checking separation double page y=0 2478
1609108584499232860 : Checking page rotation 1 0.05
1609108592025620927 : Checking page rotation 2 0.0
1609108603549100890 : Checking image 1 crop x1 58
1609108603549208299 : Checking image 1 crop y1 7
1609108603549237901 : Checking image 1 crop x2 2472
1609108603549264803 : Checking image 1 crop y2 3505
1609108607292196753 : Checking image 2 crop x1 163
1609108607292320463 : Checking image 2 crop y1 217
1609108607292352666 : Checking image 2 crop x2 2246
1609108607292382868 : Checking image 2 crop y2 3350
1609108607440590403 : Checking image 1 dpi 300
1609108607440680810 : Checking image 1 border top 5
1609108607440708913 : Checking image 1 border bottom 5
1609108607440732715 : Checking image 1 border left 33
1609108607440756317 : Checking image 1 border right 33
1609108607451319803 : Checking image 2 dpi 300
1609108607451407410 : Checking image 2 border top 206
1609108607451437013 : Checking image 2 border bottom 148
1609108607451464615 : Checking image 2 border left 188
1609108607451492317 : Checking image 2 border right 188

</system-out><system-err>--------------------------------- Captured Err ---------------------------------

</system-err></testcase><testcase classname="tests.test_images" name="test_crop_too_much_2_png" time="71.883"><system-out>--------------------------------- Captured Log ---------------------------------

--------------------------------- Captured Out ---------------------------------
/home/runner/work/ocr-book/ocr-book/tests/crop_too_much_2.png
1609108617378894257 : Checking separation double page angle 90.1149074900787
1609108617378991965 : Checking separation double page y=0 2478
1609108627296217684 : Checking page rotation 1 0.2
1609108638342915510 : Checking page rotation 2 0.2
1609108641192243033 : Checking image 1 crop x1 332
1609108641192399546 : Checking image 1 crop y1 131
1609108641192438349 : Checking image 1 crop x2 2342
1609108641192470952 : Checking image 1 crop y2 3336
1609108645060898715 : Checking image 2 crop x1 162
1609108645061072630 : Checking image 2 crop y1 139
1609108645061116133 : Checking image 2 crop x2 2175
1609108645061154236 : Checking image 2 crop y2 3345
1609108645114609023 : Checking image 1 dpi 300
1609108645114734134 : Checking image 1 border top 119
1609108645114769737 : Checking image 1 border bottom 163
1609108645114802340 : Checking image 1 border left 225
1609108645114834542 : Checking image 1 border right 225
1609108645116928018 : Checking image 2 dpi 300
1609108645117017026 : Checking image 2 border top 130
1609108645117043228 : Checking image 2 border bottom 151
1609108645117073930 : Checking image 2 border left 223
1609108645117098232 : Checking image 2 border right 223

</system-out><system-err>--------------------------------- Captured Err ---------------------------------

</system-err></testcase><testcase classname="tests.test_images" name="test_angle_page_lower_split_line_png" time="46.582"><system-out>--------------------------------- Captured Log ---------------------------------

--------------------------------- Captured Out ---------------------------------
/home/runner/work/ocr-book/ocr-book/tests/angle_page_lower_split_line.png
1609108636603556178 : Checking separation double page angle 89.74927707086691
1609108636603660487 : Checking separation double page y=0 2474
1609108644079411130 : Checking page rotation 1 -0.4000000000000005
1609108649789638641 : Checking page rotation 2 0.2
1609108652163881135 : Checking image 1 crop x1 244
1609108652164007046 : Checking image 1 crop y1 160
1609108652164044349 : Checking image 1 crop x2 2350
1609108652164078852 : Checking image 1 crop y2 3365
1609108654654602229 : Checking image 2 crop x1 150
1609108654654708038 : Checking image 2 crop y1 147
1609108654654737640 : Checking image 2 crop x2 2257
1609108654654763543 : Checking image 2 crop y2 3350
1609108654688859305 : Checking image 1 dpi 300
1609108654689010918 : Checking image 1 border top 144
1609108654689047421 : Checking image 1 border bottom 138
1609108654689078823 : Checking image 1 border left 177
1609108654689109926 : Checking image 1 border right 177
1609108654691017286 : Checking image 2 dpi 300
1609108654691103693 : Checking image 2 border top 130
1609108654691138596 : Checking image 2 border bottom 154
1609108654691171299 : Checking image 2 border left 176
1609108654691202102 : Checking image 2 border right 176

</system-out><system-err>--------------------------------- Captured Err ---------------------------------

</system-err></testcase><testcase classname="tests.test_images" name="test_wrong_split_line_2_png" time="70.844"><system-out>--------------------------------- Captured Log ---------------------------------

--------------------------------- Captured Out ---------------------------------
/home/runner/work/ocr-book/ocr-book/tests/wrong_split_line_2.png
1609108685256697955 : Checking separation double page angle 90.19944704411863
1609108685256787662 : Checking separation double page y=0 2437
1609108694124266082 : Checking page rotation 1 0.2
1609108705716658637 : Checking page rotation 2 0.4
1609108710018218158 : Checking image 1 crop x1 294
1609108710018333567 : Checking image 1 crop y1 136
1609108710018362870 : Checking image 1 crop x2 2325
1609108710018387872 : Checking image 1 crop y2 3376
1609108715929597622 : Checking image 2 crop x1 140
1609108715929713632 : Checking image 2 crop y1 192
1609108715929743634 : Checking image 2 crop x2 2167
1609108715929769737 : Checking image 2 crop y2 3386
1609108715972780448 : Checking image 1 dpi 300
1609108715972899458 : Checking image 1 border top 131
1609108715972937361 : Checking image 1 border bottom 116
1609108715973002867 : Checking image 1 border left 214
1609108715973037070 : Checking image 1 border right 214
1609108715975223553 : Checking image 2 dpi 300
1609108715975310760 : Checking image 2 border top 183
1609108715975343763 : Checking image 2 border bottom 110
1609108715975375166 : Checking image 2 border left 216
1609108715975406669 : Checking image 2 border right 216

</system-out><system-err>--------------------------------- Captured Err ---------------------------------

</system-err></testcase><testcase classname="tests.test_images" name="test_wrong_wave_split_line_png" time="68.934"><system-out>--------------------------------- Captured Log ---------------------------------

--------------------------------- Captured Out ---------------------------------
/home/runner/work/ocr-book/ocr-book/tests/wrong_wave_split_line.png
1609108692479291187 : Checking separation double page angle 90.37878604107719
1609108692479380595 : Checking separation double page y=0 2500
1609108702601831524 : Checking page rotation 1 -0.14999999999999067
1609108711652911019 : Checking page rotation 2 0.85
1609108717086760967 : Checking image 1 crop x1 385
1609108717086867876 : Checking image 1 crop y1 179
1609108717086900879 : Checking image 1 crop x2 2411
1609108717086940382 : Checking image 1 crop y2 3374
1609108723558461861 : Checking image 2 crop x1 8
1609108723558587971 : Checking image 2 crop y1 0
1609108723558626474 : Checking image 2 crop x2 2415
1609108723558662878 : Checking image 2 crop y2 3505
1609108723610082594 : Checking image 1 dpi 300
1609108723610194304 : Checking image 1 border top 173
1609108723610229006 : Checking image 1 border bottom 119
1609108723610260609 : Checking image 1 border left 217
1609108723610291112 : Checking image 1 border right 217
1609108723612247276 : Checking image 2 dpi 300
1609108723612340784 : Checking image 2 border top 1
1609108723612374287 : Checking image 2 border bottom 1
1609108723612405089 : Checking image 2 border left 37
1609108723612435892 : Checking image 2 border right 37

</system-out><system-err>--------------------------------- Captured Err ---------------------------------

</system-err></testcase><testcase classname="tests.test_images" name="test_small_wave_png" time="63.717"><system-out>--------------------------------- Captured Log ---------------------------------

--------------------------------- Captured Out ---------------------------------
/home/runner/work/ocr-book/ocr-book/tests/small_wave.png
1609108758040836732 : Checking separation double page angle 90.58816928841564
1609108758040974643 : Checking separation double page y=0 2497
1609108767621448749 : Checking page rotation 1 0.65
1609108775618983911 : Checking page rotation 2 0.75
1609108777705995457 : Checking image 1 crop x1 320
1609108777706115767 : Checking image 1 crop y1 199
1609108777706149570 : Checking image 1 crop x2 2353
1609108777706180173 : Checking image 1 crop y2 3394
1609108779657901546 : Checking image 2 crop x1 132
1609108779658045458 : Checking image 2 crop y1 224
1609108779658087361 : Checking image 2 crop x2 2160
1609108779658138266 : Checking image 2 crop y2 3419
1609108779697804500 : Checking image 1 dpi 300
1609108779697903309 : Checking image 1 border top 179
1609108779697938812 : Checking image 1 border bottom 112
1609108779697971314 : Checking image 1 border left 213
1609108779698003117 : Checking image 1 border right 213
1609108779700159298 : Checking image 2 dpi 300
1609108779700256206 : Checking image 2 border top 197
1609108779700289409 : Checking image 2 border bottom 95
1609108779700331913 : Checking image 2 border left 216
1609108779700359215 : Checking image 2 border right 216

</system-out><system-err>--------------------------------- Captured Err ---------------------------------

</system-err></testcase><testcase classname="tests.test_images" name="test_no_split_line_line_algo_png" time="45.974"><system-out>--------------------------------- Captured Log ---------------------------------

--------------------------------- Captured Out ---------------------------------
/home/runner/work/ocr-book/ocr-book/tests/no_split_line_line_algo.png
1609108751631284676 : Checking separation double page angle 89.47691469185418
1609108751631376584 : Checking separation double page y=0 2476
1609108755799782900 : Checking page rotation 1 -0.14999999999999067
1609108764495782424 : Checking page rotation 2 -0.44999999999999746
1609108766589349424 : Checking image 1 crop x1 205
1609108766589478435 : Checking image 1 crop y1 158
1609108766589515338 : Checking image 1 crop x2 2320
1609108766589549741 : Checking image 1 crop y2 3366
1609108769561601226 : Checking image 2 crop x1 185
1609108769561718537 : Checking image 2 crop y1 221
1609108769561750939 : Checking image 2 crop x2 2201
1609108769561780842 : Checking image 2 crop y2 3366
1609108769600090069 : Checking image 1 dpi 300
1609108769600209079 : Checking image 1 border top 144
1609108769600246382 : Checking image 1 border bottom 134
1609108769600280685 : Checking image 1 border left 172
1609108769600313888 : Checking image 1 border right 172
1609108769602275858 : Checking image 2 dpi 300
1609108769602366666 : Checking image 2 border top 219
1609108769602413670 : Checking image 2 border bottom 123
1609108769602445373 : Checking image 2 border left 222
1609108769602476176 : Checking image 2 border right 222

</system-out><system-err>--------------------------------- Captured Err ---------------------------------

</system-err></testcase><testcase classname="tests.test_images" name="test_failed_split_line_line_algo_png" time="25.805"><system-out>--------------------------------- Captured Log ---------------------------------

--------------------------------- Captured Out ---------------------------------
/home/runner/work/ocr-book/ocr-book/tests/failed_split_line_line_algo.png
1609108786661110149 : Checking separation double page angle 90.04134220573248
1609108786661200856 : Checking separation double page y=0 2573
1609108789823568482 : Checking page rotation 1 -0.14999999999999067
1609108791889539604 : Checking page rotation 2 0.0
1609108793944996920 : Checking image 1 crop x1 407
1609108793945106229 : Checking image 1 crop y1 2925
1609108793945135332 : Checking image 1 crop x2 2419
1609108793945179835 : Checking image 1 crop y2 3174
1609108795437674264 : Checking image 2 crop x1 1184
1609108795437777972 : Checking image 2 crop y1 1748
1609108795437808075 : Checking image 2 crop x2 1185
1609108795437835577 : Checking image 2 crop y2 1749
1609108795438097899 : Checking image 1 dpi 300
1609108795438169505 : Checking image 1 border top 2922
1609108795438197908 : Checking image 1 border bottom 316
1609108795438225310 : Checking image 1 border left 224
1609108795438252412 : Checking image 1 border right 224
1609108795439564222 : Checking image 2 dpi 300
1609108795439637429 : Checking image 2 border top 1752
1609108795439665831 : Checking image 2 border bottom 1753
1609108795439693333 : Checking image 2 border left 1239
1609108795439719935 : Checking image 2 border right 1239

</system-out><system-err>--------------------------------- Captured Err ---------------------------------

</system-err></testcase><testcase classname="tests.test_images" name="test_wrong_split_line_3_png" time="49.511"><system-out>--------------------------------- Captured Log ---------------------------------

--------------------------------- Captured Out ---------------------------------
/home/runner/work/ocr-book/ocr-book/tests/wrong_split_line_3.png
1609108810012208530 : Checking separation double page angle 90.43729500214694
1609108810012315039 : Checking separation double page y=0 2498
1609108818645694976 : Checking page rotation 1 0.30000000000000004
1609108824575755373 : Checking page rotation 2 0.9
1609108827036116138 : Checking image 1 crop x1 331
1609108827036232847 : Checking image 1 crop y1 165
1609108827036285151 : Checking image 1 crop x2 2375
1609108827036318654 : Checking image 1 crop y2 3376
1609108829177222294 : Checking image 2 crop x1 102
1609108829177352706 : Checking image 2 crop y1 208
1609108829177386509 : Checking image 2 crop x2 2133
1609108829177416411 : Checking image 2 crop y2 3413
1609108829213939730 : Checking image 1 dpi 300
1609108829214036038 : Checking image 1 border top 157
1609108829214070441 : Checking image 1 border bottom 119
1609108829214122046 : Checking image 1 border left 208
1609108829214155649 : Checking image 1 border right 208
1609108829216214830 : Checking image 2 dpi 300
1609108829216286337 : Checking image 2 border top 187
1609108829216320640 : Checking image 2 border bottom 95
1609108829216354843 : Checking image 2 border left 214
1609108829216388145 : Checking image 2 border right 214

</system-out><system-err>--------------------------------- Captured Err ---------------------------------

</system-err></testcase><testcase classname="tests.test_images" name="test_failed_split_line_line_algo_2_png" time="57.353"><system-out>--------------------------------- Captured Log ---------------------------------

--------------------------------- Captured Out ---------------------------------
/home/runner/work/ocr-book/ocr-book/tests/failed_split_line_line_algo_2.png
1609108829088398667 : Checking separation double page angle 90.03068774449687
1609108829088498376 : Checking separation double page y=0 2500
1609108839541528683 : Checking page rotation 1 0.0
1609108848248202604 : Checking page rotation 2 0.6000000000000001
1609108850492628376 : Checking image 1 crop x1 272
1609108850492738985 : Checking image 1 crop y1 149
1609108850492767287 : Checking image 1 crop x2 2383
1609108850492791889 : Checking image 1 crop y2 3353
1609108852730245529 : Checking image 2 crop x1 121
1609108852730357539 : Checking image 2 crop y1 155
1609108852730389441 : Checking image 2 crop x2 2244
1609108852730419044 : Checking image 2 crop y2 3350
1609108852770479273 : Checking image 1 dpi 300
1609108852770568781 : Checking image 1 border top 138
1609108852770599183 : Checking image 1 border bottom 145
1609108852770628486 : Checking image 1 border left 174
1609108852770657288 : Checking image 1 border right 174
1609108852772519943 : Checking image 2 dpi 300
1609108852772597249 : Checking image 2 border top 136
1609108852772631552 : Checking image 2 border bottom 156
1609108852772664955 : Checking image 2 border left 168
1609108852772697958 : Checking image 2 border right 168

</system-out><system-err>--------------------------------- Captured Err ---------------------------------

</system-err></testcase><testcase classname="tests.test_images" name="test_crop_too_much_3_png" time="57.685"><system-out>--------------------------------- Captured Log ---------------------------------

--------------------------------- Captured Out ---------------------------------
/home/runner/work/ocr-book/ocr-book/tests/crop_too_much_3.png
1609108864325226953 : Checking separation double page angle 89.49330634783144
1609108864325341662 : Checking separation double page y=0 2498
1609108872512752465 : Checking page rotation 1 -0.8999999999999949
1609108881476885908 : Checking page rotation 2 -0.14999999999999067
1609108884166306608 : Checking image 1 crop x1 374
1609108884166431518 : Checking image 1 crop y1 258
1609108884166461520 : Checking image 1 crop x2 2385
1609108884166486623 : Checking image 1 crop y2 3459
1609108886854805975 : Checking image 2 crop x1 168
1609108886854932386 : Checking image 2 crop y1 228
1609108886854971189 : Checking image 2 crop x2 2181
1609108886855007292 : Checking image 2 crop y2 3417
1609108886899408199 : Checking image 1 dpi 300
1609108886899491906 : Checking image 1 border top 239
1609108886899522909 : Checking image 1 border bottom 47
1609108886899551511 : Checking image 1 border left 224
1609108886899580613 : Checking image 1 border right 224
1609108886901593982 : Checking image 2 dpi 300
1609108886901674388 : Checking image 2 border top 209
1609108886901702891 : Checking image 2 border bottom 89
1609108886901730393 : Checking image 2 border left 223
1609108886901761596 : Checking image 2 border right 223

</system-out><system-err>--------------------------------- Captured Err ---------------------------------

</system-err></testcase><testcase classname="tests.test_images" name="test_wrong_wave_split_line_2_png" time="61.736"><system-out>--------------------------------- Captured Log ---------------------------------

--------------------------------- Captured Out ---------------------------------
/home/runner/work/ocr-book/ocr-book/tests/wrong_wave_split_line_2.png
1609108888434116231 : Checking separation double page angle 90.7708958311329
1609108888434211739 : Checking separation double page y=0 2490
1609108896707876627 : Checking page rotation 1 0.4
1609108906912368218 : Checking page rotation 2 1.8
1609108909340338744 : Checking image 1 crop x1 224
1609108909340468055 : Checking image 1 crop y1 147
1609108909340500458 : Checking image 1 crop x2 2337
1609108909340530561 : Checking image 1 crop y2 3355
1609108914459302464 : Checking image 2 crop x1 107
1609108914459405873 : Checking image 2 crop y1 197
1609108914459433575 : Checking image 2 crop x2 2229
1609108914459459278 : Checking image 2 crop y2 3396
1609108914504141537 : Checking image 1 dpi 300
1609108914504251046 : Checking image 1 border top 137
1609108914504281749 : Checking image 1 border bottom 142
1609108914504309051 : Checking image 1 border left 173
1609108914504335854 : Checking image 1 border right 173
1609108914506184509 : Checking image 2 dpi 300
1609108914506252115 : Checking image 2 border top 171
1609108914506277617 : Checking image 2 border bottom 116
1609108914506301119 : Checking image 2 border left 169
1609108914506324321 : Checking image 2 border right 169

</system-out><system-err>--------------------------------- Captured Err ---------------------------------

</system-err></testcase><testcase classname="tests.test_images" name="test_wrong_wave_split_line_3_png" time="53.951"><system-out>--------------------------------- Captured Log ---------------------------------

--------------------------------- Captured Out ---------------------------------
/home/runner/work/ocr-book/ocr-book/tests/wrong_wave_split_line_3.png
1609108921093347640 : Checking separation double page angle 90.05826063695574
1609108921093444248 : Checking separation double page y=0 2514
1609108929818982000 : Checking page rotation 1 0.05
1609108936424506602 : Checking page rotation 2 0.30000000000000004
1609108938731314301 : Checking image 1 crop x1 273
1609108938731427811 : Checking image 1 crop y1 220
1609108938731473314 : Checking image 1 crop x2 2383
1609108938731502417 : Checking image 1 crop y2 3423
1609108940839240946 : Checking image 2 crop x1 114
1609108940839363056 : Checking image 2 crop y1 226
1609108940839397759 : Checking image 2 crop x2 2237
1609108940839429361 : Checking image 2 crop y2 3414
1609108940874375578 : Checking image 1 dpi 300
1609108940874475486 : Checking image 1 border top 202
1609108940874510589 : Checking image 1 border bottom 82
1609108940874543292 : Checking image 1 border left 175
1609108940874576595 : Checking image 1 border right 175
1609108940876566161 : Checking image 2 dpi 300
1609108940876638367 : Checking image 2 border top 207
1609108940876671869 : Checking image 2 border bottom 92
1609108940876703372 : Checking image 2 border left 168
1609108940876734575 : Checking image 2 border right 168

</system-out><system-err>--------------------------------- Captured Err ---------------------------------

</system-err></testcase><testcase classname="tests.test_images" name="test_no_split_line_wave_algo_png" time="60.023"><system-out>--------------------------------- Captured Log ---------------------------------

--------------------------------- Captured Out ---------------------------------
/home/runner/work/ocr-book/ocr-book/tests/no_split_line_wave_algo.png
1609108946510496525 : Checking separation double page angle 89.72500000000001
1609108946510626336 : Checking separation double page y=0 2484
1609108952389346246 : Checking page rotation 1 0.0
1609108959372276934 : Checking page rotation 2 -0.49999999999999434
1609108968178720710 : Checking image 1 crop x1 97
1609108968178792816 : Checking image 1 crop y1 79
1609108968178823519 : Checking image 1 crop x2 2494
1609108968178889324 : Checking image 1 crop y2 3505
1609108974453462920 : Checking image 2 crop x1 163
1609108974453576429 : Checking image 2 crop y1 266
1609108974453610832 : Checking image 2 crop x2 2238
1609108974453640635 : Checking image 2 crop y2 3381
1609108974492662495 : Checking image 1 dpi 300
1609108974492784906 : Checking image 1 border top 41
1609108974492822109 : Checking image 1 border bottom 41
1609108974492855511 : Checking image 1 border left 42
1609108974492888614 : Checking image 1 border right 42
1609108974494906283 : Checking image 2 dpi 300
1609108974494996890 : Checking image 2 border top 258
1609108974495030093 : Checking image 2 border bottom 114
1609108974495061496 : Checking image 2 border left 192
1609108974495093198 : Checking image 2 border right 192

</system-out><system-err>--------------------------------- Captured Err ---------------------------------

</system-err></testcase><testcase classname="tests.test_images" name="test_no_split_line_wave_algo_2_png" time="45.938"><system-out>--------------------------------- Captured Log ---------------------------------

--------------------------------- Captured Out ---------------------------------
/home/runner/work/ocr-book/ocr-book/tests/no_split_line_wave_algo_2.png
1609108967824996753 : Checking separation double page angle 90.54999999999998
1609108967825101962 : Checking separation double page y=0 2478
1609108974990246372 : Checking page rotation 1 1.1500000000000001
1609108982361613346 : Checking page rotation 2 0.2
1609108984688637527 : Checking image 1 crop x1 266
1609108984688766437 : Checking image 1 crop y1 209
1609108984688801040 : Checking image 1 crop x2 2342
1609108984688832243 : Checking image 1 crop y2 3413
1609108986776797826 : Checking image 2 crop x1 168
1609108986776923237 : Checking image 2 crop y1 241
1609108986777003444 : Checking image 2 crop x2 2251
1609108986777028746 : Checking image 2 crop y2 3433
1609108986815730967 : Checking image 1 dpi 300
1609108986815872779 : Checking image 1 border top 191
1609108986815903881 : Checking image 1 border bottom 92
1609108986815932284 : Checking image 1 border left 192
1609108986815959786 : Checking image 1 border right 192
1609108986818059061 : Checking image 2 dpi 300
1609108986818140067 : Checking image 2 border top 224
1609108986818168670 : Checking image 2 border bottom 71
1609108986818196472 : Checking image 2 border left 188
1609108986818223574 : Checking image 2 border right 188

</system-out><system-err>--------------------------------- Captured Err ---------------------------------

</system-err></testcase><testcase classname="tests.test_images" name="test_crop_too_few_2_png" time="44.220"><system-out>--------------------------------- Captured Log ---------------------------------

--------------------------------- Captured Out ---------------------------------
/home/runner/work/ocr-book/ocr-book/tests/crop_too_few_2.png
1609109002192849272 : Checking separation double page angle 90.30476192320097
1609109002192980983 : Checking separation double page y=0 2531
1609109008420569690 : Checking page rotation 1 1.2000000000000002
1609109013457566540 : Checking page rotation 2 -0.04999999999999689
1609109015893944104 : Checking image 1 crop x1 287
1609109015894063514 : Checking image 1 crop y1 165
1609109015894094517 : Checking image 1 crop x2 2398
1609109015894123519 : Checking image 1 crop y2 3368
1609109018734209146 : Checking image 2 crop x1 149
1609109018734319355 : Checking image 2 crop y1 189
1609109018734351258 : Checking image 2 crop x2 2273
1609109018734381761 : Checking image 2 crop y2 3386
1609109018767215307 : Checking image 1 dpi 300
1609109018767305014 : Checking image 1 border top 157
1609109018767335317 : Checking image 1 border bottom 127
1609109018767362819 : Checking image 1 border left 174
1609109018767391821 : Checking image 1 border right 174
1609109018769216574 : Checking image 2 dpi 300
1609109018769289680 : Checking image 2 border top 181
1609109018769318782 : Checking image 2 border bottom 109
1609109018769345985 : Checking image 2 border left 168
1609109018769373287 : Checking image 2 border right 168

</system-out><system-err>--------------------------------- Captured Err ---------------------------------

</system-err></testcase><testcase classname="tests.test_images" name="test_failed_detect_rectangle_png" time="53.073"><system-out>--------------------------------- Captured Log ---------------------------------

--------------------------------- Captured Out ---------------------------------
/home/runner/work/ocr-book/ocr-book/tests/failed_detect_rectangle.png
1609109019162617176 : Checking separation double page angle 90.19837516213148
1609109019162717584 : Checking separation double page y=0 2474
1609109026570285871 : Checking page rotation 1 0.2
1609109035833334218 : Checking page rotation 2 0.2
1609109037920421692 : Checking image 1 crop x1 257
1609109037920551203 : Checking image 1 crop y1 201
1609109037920585505 : Checking image 1 crop x2 2333
1609109037920614008 : Checking image 1 crop y2 3402
1609109039840899571 : Checking image 2 crop x1 136
1609109039841050184 : Checking image 2 crop y1 215
1609109039841101188 : Checking image 2 crop x2 2219
1609109039841136591 : Checking image 2 crop y2 3406
1609109039886258866 : Checking image 1 dpi 300
1609109039886349074 : Checking image 1 border top 188
1609109039886375876 : Checking image 1 border bottom 97
1609109039886400778 : Checking image 1 border left 192
1609109039886444182 : Checking image 1 border right 192
1609109039888485652 : Checking image 2 dpi 300
1609109039888565559 : Checking image 2 border top 200
1609109039888600362 : Checking image 2 border bottom 95
1609109039888635465 : Checking image 2 border left 188
1609109039888669468 : Checking image 2 border right 188

</system-out><system-err>--------------------------------- Captured Err ---------------------------------

</system-err></testcase><testcase classname="tests.test_images" name="test_single_page_png" time="23.835"><system-out>--------------------------------- Captured Log ---------------------------------

--------------------------------- Captured Out ---------------------------------
/home/runner/work/ocr-book/ocr-book/tests/single_page.png
1609109029340421102 : Checking separation double page angle 90.04999999999998
1609109029340537612 : Checking separation double page y=0 2476
1609109034595040818 : Checking page rotation 1 0.0
1609109035134251753 : Checking page rotation 2 0.0
1609109041803625985 : Checking image 1 crop x1 1
1609109041803711892 : Checking image 1 crop y1 8
1609109041803745395 : Checking image 1 crop x2 2470
1609109041803769797 : Checking image 1 crop y2 3505
1609109042314636239 : Checking image 2 crop x1 0
1609109042314702545 : Checking image 2 crop y1 0
1609109042314732548 : Checking image 2 crop x2 0
1609109042314761150 : Checking image 2 crop y2 0
1609109042314828656 : Checking image 1 dpi 300
1609109042314891061 : Checking image 1 border top 5
1609109042314922963 : Checking image 1 border bottom 5
1609109042314953966 : Checking image 1 border left 6
1609109042314985269 : Checking image 1 border right 6
1609109042320691346 : Checking image 2 border top 0
1609109042320748051 : Checking image 2 border bottom 0
1609109042320777753 : Checking image 2 border left 0
1609109042320807556 : Checking image 2 border right 0

</system-out><system-err>--------------------------------- Captured Err ---------------------------------

</system-err></testcase><testcase classname="tests.test_images" name="test_no_split_line_wave_algo_3_png" time="17.223"><system-out>--------------------------------- Captured Log ---------------------------------

--------------------------------- Captured Out ---------------------------------
/home/runner/work/ocr-book/ocr-book/tests/no_split_line_wave_algo_3.png
1609109050113776770 : Checking separation double page angle 90.14999999999998
1609109050113876879 : Checking separation double page y=0 2408
1609109052659325059 : Checking page rotation 1 0.0
1609109053016485251 : Checking page rotation 2 0.35
1609109056653802572 : Checking image 1 crop x1 184
1609109056653895980 : Checking image 1 crop y1 2957
1609109056653928083 : Checking image 1 crop x2 2201
1609109056653954985 : Checking image 1 crop y2 3202
1609109057101221419 : Checking image 2 crop x1 0
1609109057101281824 : Checking image 2 crop y1 0
1609109057101309026 : Checking image 2 crop x2 0
1609109057101334828 : Checking image 2 crop y2 0
1609109057101404334 : Checking image 1 dpi 300
1609109057101467939 : Checking image 1 border top 2950
1609109057101495641 : Checking image 1 border bottom 292
1609109057101540045 : Checking image 1 border left 221
1609109057101571948 : Checking image 1 border right 221
1609109057108129697 : Checking image 2 border top 0
1609109057108202603 : Checking image 2 border bottom 0
1609109057108235106 : Checking image 2 border left 0
1609109057108267108 : Checking image 2 border right 0

</system-out><system-err>--------------------------------- Captured Err ---------------------------------

</system-err></testcase><testcase classname="tests.test_images" name="test_wrong_split_line_4_png" time="25.279"><system-out>--------------------------------- Captured Log ---------------------------------

--------------------------------- Captured Out ---------------------------------
/home/runner/work/ocr-book/ocr-book/tests/wrong_split_line_4.png
1609109056904003213 : Checking separation double page angle 91.04999999999998
1609109056904097720 : Checking separation double page y=0 60
1609109057145424918 : Checking page rotation 1 1.05
1609109064610585686 : Checking page rotation 2 1.1500000000000001
1609109065139694529 : Checking image 1 crop x1 0
1609109065139751333 : Checking image 1 crop y1 0
1609109065139778436 : Checking image 1 crop x2 0
1609109065139803838 : Checking image 1 crop y2 0
1609109067884121910 : Checking image 2 crop x1 292
1609109067884229019 : Checking image 2 crop y1 330
1609109067884265522 : Checking image 2 crop x2 2314
1609109067884296124 : Checking image 2 crop y2 3218
1609109067923703420 : Checking image 1 border top 0
1609109067923758024 : Checking image 1 border bottom 0
1609109067923785726 : Checking image 1 border left 0
1609109067923811929 : Checking image 1 border right 0
1609109067923859333 : Checking image 2 dpi 300
1609109067923921538 : Checking image 2 border top 322
1609109067923948640 : Checking image 2 border bottom 277
1609109067923974842 : Checking image 2 border left 219
1609109067924005445 : Checking image 2 border right 219

</system-out><system-err>--------------------------------- Captured Err ---------------------------------

</system-err></testcase><testcase classname="tests.test_images" name="test_failed_split_line_line_algo_3_png" time="22.087"><system-out>--------------------------------- Captured Log ---------------------------------

--------------------------------- Captured Out ---------------------------------
/home/runner/work/ocr-book/ocr-book/tests/failed_split_line_line_algo_3.png
1609109070146217110 : Checking separation double page angle 90.0
1609109070146304517 : Checking separation double page y=0 40
1609109070301545776 : Checking page rotation 1 0.0
1609109073975646902 : Checking page rotation 2 0.0
1609109074337066936 : Checking image 1 crop x1 0
1609109074337129442 : Checking image 1 crop y1 0
1609109074337159444 : Checking image 1 crop x2 0
1609109074337187847 : Checking image 1 crop y2 0
1609109079224859888 : Checking image 2 crop x1 246
1609109079224966797 : Checking image 2 crop y1 154
1609109079224998100 : Checking image 2 crop x2 2259
1609109079225023502 : Checking image 2 crop y2 3361
1609109079259981928 : Checking image 1 border top 0
1609109079260029832 : Checking image 1 border bottom 0
1609109079260053934 : Checking image 1 border left 0
1609109079260075136 : Checking image 1 border right 0
1609109079260139741 : Checking image 2 dpi 300
1609109079260206947 : Checking image 2 border top 146
1609109079260232649 : Checking image 2 border bottom 134
1609109079260257151 : Checking image 2 border left 223
1609109079260283153 : Checking image 2 border right 223

</system-out><system-err>--------------------------------- Captured Err ---------------------------------

</system-err></testcase></testsuite></testsuites>