<?xml version="1.0" encoding="utf-8"?><testsuites><testsuite errors="0" failures="0" hostname="travis-job-8392d7a8-d2a1-4671-bbf0-7299e4a0512b" name="pytest" skipped="0" tests="16" time="663.818" timestamp="2020-11-20T22:15:16.974047"><testcase classname="tests.test_features" name="test_disabled_enable_debug" time="37.229"><system-out>--------------------------------- Captured Log ---------------------------------

--------------------------------- Captured Out ---------------------------------
/home/travis/build/bansan85/ocr-book/tests/0001_debug.png
separation double page angle 90.53945493634917
separation double page y=0 2485
page rotation 1 0.75
page rotation 2 0.2
image 1 crop x1 330
image 1 crop y1 336
image 1 crop x2 2343
image 1 crop y2 3223
image 2 crop x1 169
image 2 crop y1 648
image 2 crop x2 2186
image 2 crop y2 3361
image 1 dpi 300
image 1 border top 324
image 1 border bottom 276
image 1 border left 223
image 1 border right 223
image 2 dpi 300
image 2 border top 671
image 2 border bottom 103
image 2 border left 221
image 2 border right 221

</system-out><system-err>--------------------------------- Captured Err ---------------------------------

</system-err></testcase><testcase classname="tests.test_features" name="test_mock_stop_at_0" time="0.034"><system-out>--------------------------------- Captured Log ---------------------------------

--------------------------------- Captured Out ---------------------------------
/home/travis/build/bansan85/ocr-book/tests/0001_0.png

</system-out><system-err>--------------------------------- Captured Err ---------------------------------

</system-err></testcase><testcase classname="tests.test_features" name="test_mock_stop_at_1" time="22.782"><system-out>--------------------------------- Captured Log ---------------------------------

--------------------------------- Captured Out ---------------------------------
/home/travis/build/bansan85/ocr-book/tests/0001_1.png
separation double page angle 90.53945493634917
separation double page y=0 2485

</system-out><system-err>--------------------------------- Captured Err ---------------------------------

</system-err></testcase><testcase classname="tests.test_features" name="test_mock_stop_at_2" time="42.806"><system-out>--------------------------------- Captured Log ---------------------------------

--------------------------------- Captured Out ---------------------------------
/home/travis/build/bansan85/ocr-book/tests/0001_2.png
separation double page angle 90.53945493634917
separation double page y=0 2485
page rotation 1 0.75
page rotation 2 0.2

</system-out><system-err>--------------------------------- Captured Err ---------------------------------

</system-err></testcase><testcase classname="tests.test_features" name="test_mock_stop_at_3" time="45.450"><system-out>--------------------------------- Captured Log ---------------------------------

--------------------------------- Captured Out ---------------------------------
/home/travis/build/bansan85/ocr-book/tests/0001_3.png
separation double page angle 90.53945493634917
separation double page y=0 2485
page rotation 1 0.75
page rotation 2 0.2
image 1 crop x1 330
image 1 crop y1 336
image 1 crop x2 2343
image 1 crop y2 3223
image 2 crop x1 169
image 2 crop y1 648
image 2 crop x2 2186
image 2 crop y2 3361

</system-out><system-err>--------------------------------- Captured Err ---------------------------------

</system-err></testcase><testcase classname="tests.test_features" name="test_mock_stop_at_4" time="45.104"><system-out>--------------------------------- Captured Log ---------------------------------

--------------------------------- Captured Out ---------------------------------
/home/travis/build/bansan85/ocr-book/tests/0001_4.png
separation double page angle 90.53945493634917
separation double page y=0 2485
page rotation 1 0.75
page rotation 2 0.2
image 1 crop x1 330
image 1 crop y1 336
image 1 crop x2 2343
image 1 crop y2 3223
image 2 crop x1 169
image 2 crop y1 648
image 2 crop x2 2186
image 2 crop y2 3361
image 1 dpi 300
image 1 border top 324
image 1 border bottom 276
image 1 border left 223
image 1 border right 223
image 2 dpi 300
image 2 border top 671
image 2 border bottom 103
image 2 border left 221
image 2 border right 221

</system-out><system-err>--------------------------------- Captured Err ---------------------------------

</system-err></testcase><testcase classname="tests.test_features" name="test_mock_stop_at_5" time="45.153"><system-out>--------------------------------- Captured Log ---------------------------------

--------------------------------- Captured Out ---------------------------------
/home/travis/build/bansan85/ocr-book/tests/0001_5.png
separation double page angle 90.53945493634917
separation double page y=0 2485
page rotation 1 0.75
page rotation 2 0.2
image 1 crop x1 330
image 1 crop y1 336
image 1 crop x2 2343
image 1 crop y2 3223
image 2 crop x1 169
image 2 crop y1 648
image 2 crop x2 2186
image 2 crop y2 3361
image 1 dpi 300
image 1 border top 324
image 1 border bottom 276
image 1 border left 223
image 1 border right 223
image 2 dpi 300
image 2 border top 671
image 2 border bottom 103
image 2 border left 221
image 2 border right 221

</system-out><system-err>--------------------------------- Captured Err ---------------------------------

</system-err></testcase><testcase classname="tests.test_images" name="test_0001_png" time="44.663"><system-out>--------------------------------- Captured Log ---------------------------------

--------------------------------- Captured Out ---------------------------------
/home/travis/build/bansan85/ocr-book/tests/0001.png
1605910778709933193 : Checking separation double page angle 90.53945493634917
1605910778710015748 : Checking separation double page y=0 2485
1605910787486447293 : Checking page rotation 1 0.75
1605910798079952333 : Checking page rotation 2 0.2
1605910799299741295 : Checking image 1 crop x1 330
1605910799299818680 : Checking image 1 crop y1 336
1605910799299853278 : Checking image 1 crop x2 2343
1605910799299885219 : Checking image 1 crop y2 3223
1605910800699301958 : Checking image 2 crop x1 169
1605910800699376265 : Checking image 2 crop y1 648
1605910800699411012 : Checking image 2 crop x2 2186
1605910800699443673 : Checking image 2 crop y2 3361
1605910800726305739 : Checking image 1 dpi 300
1605910800726415872 : Checking image 1 border top 324
1605910800726445789 : Checking image 1 border bottom 276
1605910800726472371 : Checking image 1 border left 223
1605910800726498395 : Checking image 1 border right 223
1605910800728341712 : Checking image 2 dpi 300
1605910800728435921 : Checking image 2 border top 671
1605910800728464911 : Checking image 2 border bottom 103
1605910800728491279 : Checking image 2 border left 221
1605910800728517038 : Checking image 2 border right 221

</system-out><system-err>--------------------------------- Captured Err ---------------------------------

</system-err></testcase><testcase classname="tests.test_images" name="test_2_pages_2_contours_png" time="26.288"><system-out>--------------------------------- Captured Log ---------------------------------

--------------------------------- Captured Out ---------------------------------
/home/travis/build/bansan85/ocr-book/tests/2-pages-2-contours.png
1605910815206355459 : Checking separation double page angle 90.15647898380502
1605910815206432227 : Checking separation double page y=0 2489
1605910817248413032 : Checking page rotation 1 0.05
1605910825225948776 : Checking page rotation 2 0.35000000000000003
1605910825868355204 : Checking image 1 crop x1 1186
1605910825868416563 : Checking image 1 crop y1 1720
1605910825868447175 : Checking image 1 crop x2 1187
1605910825868477722 : Checking image 1 crop y2 1721
1605910826999982136 : Checking image 2 crop x1 102
1605910827000053134 : Checking image 2 crop y1 240
1605910827000102879 : Checking image 2 crop x2 2149
1605910827000136151 : Checking image 2 crop y2 3239
1605910827026523715 : Checking image 1 dpi 300
1605910827026601836 : Checking image 1 border top 1753
1605910827026630566 : Checking image 1 border bottom 1753
1605910827026657407 : Checking image 1 border left 1239
1605910827026683392 : Checking image 1 border right 1239
1605910827027984165 : Checking image 2 dpi 300
1605910827028088620 : Checking image 2 border top 229
1605910827028117849 : Checking image 2 border bottom 259
1605910827028143819 : Checking image 2 border left 206
1605910827028169369 : Checking image 2 border right 206

</system-out><system-err>--------------------------------- Captured Err ---------------------------------

</system-err></testcase><testcase classname="tests.test_images" name="test_black_border_not_removed_png" time="57.487"><system-out>--------------------------------- Captured Log ---------------------------------

--------------------------------- Captured Out ---------------------------------
/home/travis/build/bansan85/ocr-book/tests/black-border-not-removed.png
1605910858928183416 : Checking separation double page angle 89.9903688802698
1605910858928261659 : Checking separation double page y=0 2455
1605910867898515273 : Checking page rotation 1 0.0
1605910881430768981 : Checking page rotation 2 0.0
1605910882854174985 : Checking image 1 crop x1 297
1605910882854251703 : Checking image 1 crop y1 143
1605910882854285592 : Checking image 1 crop x2 2309
1605910882854320745 : Checking image 1 crop y2 3346
1605910884479125776 : Checking image 2 crop x1 156
1605910884479212746 : Checking image 2 crop y1 145
1605910884479246863 : Checking image 2 crop x2 2168
1605910884479278922 : Checking image 2 crop y2 3352
1605910884507939816 : Checking image 1 dpi 300
1605910884508044203 : Checking image 1 border top 128
1605910884508082009 : Checking image 1 border bottom 156
1605910884508109673 : Checking image 1 border left 224
1605910884508136096 : Checking image 1 border right 224
1605910884509994149 : Checking image 2 dpi 300
1605910884510081412 : Checking image 2 border top 130
1605910884510112935 : Checking image 2 border bottom 150
1605910884510139414 : Checking image 2 border left 224
1605910884510165270 : Checking image 2 border right 224

</system-out><system-err>--------------------------------- Captured Err ---------------------------------

</system-err></testcase><testcase classname="tests.test_images" name="test_image_failed_to_rotate_png" time="44.976"><system-out>--------------------------------- Captured Log ---------------------------------

--------------------------------- Captured Out ---------------------------------
/home/travis/build/bansan85/ocr-book/tests/image_failed_to_rotate.png
1605910902871940591 : Checking separation double page angle 90.14353501543772
1605910902872060472 : Checking separation double page y=0 2476
1605910907727517270 : Checking page rotation 1 0.35000000000000003
1605910917472997662 : Checking page rotation 2 0.45
1605910928032823505 : Checking image 1 crop x1 34
1605910928032948103 : Checking image 1 crop y1 1
1605910928032978543 : Checking image 1 crop x2 2474
1605910928033007178 : Checking image 1 crop y2 3500
1605910929368399974 : Checking image 2 crop x1 171
1605910929368474273 : Checking image 2 crop y1 234
1605910929368508164 : Checking image 2 crop x2 2250
1605910929368540117 : Checking image 2 crop y2 3355
1605910929402169438 : Checking image 1 dpi 300
1605910929402275520 : Checking image 1 border top 4
1605910929402306599 : Checking image 1 border bottom 4
1605910929402332934 : Checking image 1 border left 20
1605910929402359213 : Checking image 1 border right 20
1605910929404297242 : Checking image 2 dpi 300
1605910929404393729 : Checking image 2 border top 206
1605910929404422547 : Checking image 2 border bottom 160
1605910929404448999 : Checking image 2 border left 190
1605910929404475342 : Checking image 2 border right 190

</system-out><system-err>--------------------------------- Captured Err ---------------------------------

</system-err></testcase><testcase classname="tests.test_images" name="test_image_failed_to_crop_data_png" time="46.966"><system-out>--------------------------------- Captured Log ---------------------------------

--------------------------------- Captured Out ---------------------------------
/home/travis/build/bansan85/ocr-book/tests/image_failed_to_crop_data.png
1605910951837390503 : Checking separation double page angle 90.06228874101497
1605910951837475671 : Checking separation double page y=0 2482
1605910957192558071 : Checking page rotation 1 0.2
1605910965149054448 : Checking page rotation 2 0.05
1605910975185813899 : Checking image 1 crop x1 58
1605910975185889550 : Checking image 1 crop y1 8
1605910975185920458 : Checking image 1 crop x2 2480
1605910975185949362 : Checking image 1 crop y2 3504
1605910976366512767 : Checking image 2 crop x1 159
1605910976366615851 : Checking image 2 crop y1 217
1605910976366651869 : Checking image 2 crop x2 2240
1605910976366685111 : Checking image 2 crop y2 3350
1605910976396048866 : Checking image 1 dpi 300
1605910976396150193 : Checking image 1 border top 6
1605910976396181094 : Checking image 1 border bottom 6
1605910976396207893 : Checking image 1 border left 29
1605910976396234266 : Checking image 1 border right 29
1605910976398204132 : Checking image 2 dpi 300
1605910976398293839 : Checking image 2 border top 209
1605910976398321897 : Checking image 2 border bottom 145
1605910976398347797 : Checking image 2 border left 189
1605910976398373585 : Checking image 2 border right 189

</system-out><system-err>--------------------------------- Captured Err ---------------------------------

</system-err></testcase><testcase classname="tests.test_images" name="test_wrong_angle_split_line_png" time="55.627"><system-out>--------------------------------- Captured Log ---------------------------------

--------------------------------- Captured Out ---------------------------------
/home/travis/build/bansan85/ocr-book/tests/wrong_angle_split_line.png
1605911001743542063 : Checking separation double page angle 90.08422009258813
1605911001743623580 : Checking separation double page y=0 2487
1605911009175405463 : Checking page rotation 1 0.0
1605911018979766540 : Checking page rotation 2 0.0
1605911029478372256 : Checking image 1 crop x1 53
1605911029478446578 : Checking image 1 crop y1 8
1605911029478476378 : Checking image 1 crop x2 2485
1605911029478504704 : Checking image 1 crop y2 3505
1605911031360158614 : Checking image 2 crop x1 154
1605911031360235925 : Checking image 2 crop y1 217
1605911031360270060 : Checking image 2 crop x2 2237
1605911031360302654 : Checking image 2 crop y2 3350
1605911031492998342 : Checking image 1 dpi 300
1605911031493125301 : Checking image 1 border top 5
1605911031493157192 : Checking image 1 border bottom 5
1605911031493184210 : Checking image 1 border left 24
1605911031493210088 : Checking image 1 border right 24
1605911031498653207 : Checking image 2 dpi 300
1605911031498776663 : Checking image 2 border top 195
1605911031498805070 : Checking image 2 border bottom 159
1605911031498831320 : Checking image 2 border left 188
1605911031498857030 : Checking image 2 border right 188

</system-out><system-err>--------------------------------- Captured Err ---------------------------------

</system-err></testcase><testcase classname="tests.test_images" name="test_angle_page_lower_split_line_png" time="39.776"><system-out>--------------------------------- Captured Log ---------------------------------

--------------------------------- Captured Out ---------------------------------
/home/travis/build/bansan85/ocr-book/tests/angle_page_lower_split_line.png
1605911046876797237 : Checking separation double page angle 89.74710364870903
1605911046876874094 : Checking separation double page y=0 2471
1605911059393862798 : Checking page rotation 1 -0.44999999999998863
1605911069084763175 : Checking page rotation 2 0.2
1605911070577222677 : Checking image 1 crop x1 245
1605911070577300542 : Checking image 1 crop y1 161
1605911070577334471 : Checking image 1 crop x2 2351
1605911070577366684 : Checking image 1 crop y2 3364
1605911071824992299 : Checking image 2 crop x1 153
1605911071825067444 : Checking image 2 crop y1 147
1605911071825110658 : Checking image 2 crop x2 2260
1605911071825143406 : Checking image 2 crop y2 3350
1605911071855139922 : Checking image 1 dpi 300
1605911071855235804 : Checking image 1 border top 131
1605911071855266368 : Checking image 1 border bottom 152
1605911071855293406 : Checking image 1 border left 177
1605911071855319742 : Checking image 1 border right 177
1605911071857200700 : Checking image 2 dpi 300
1605911071857290610 : Checking image 2 border top 118
1605911071857319858 : Checking image 2 border bottom 166
1605911071857346575 : Checking image 2 border left 176
1605911071857372453 : Checking image 2 border right 176

</system-out><system-err>--------------------------------- Captured Err ---------------------------------

</system-err></testcase><testcase classname="tests.test_images" name="test_wrong_split_line_png" time="40.365"><system-out>--------------------------------- Captured Log ---------------------------------

--------------------------------- Captured Out ---------------------------------
/home/travis/build/bansan85/ocr-book/tests/wrong_split_line.png
1605911094951035014 : Checking separation double page angle 89.81531182790899
1605911094951115021 : Checking separation double page y=0 2465
1605911102008676339 : Checking page rotation 1 -0.04999999999999716
1605911110116373117 : Checking page rotation 2 0.6000000000000001
1605911111177176895 : Checking image 1 crop x1 211
1605911111177252502 : Checking image 1 crop y1 156
1605911111177286703 : Checking image 1 crop x2 2323
1605911111177334686 : Checking image 1 crop y2 3363
1605911112200167020 : Checking image 2 crop x1 124
1605911112200239940 : Checking image 2 crop y1 167
1605911112200273985 : Checking image 2 crop x2 2236
1605911112200305968 : Checking image 2 crop y2 3373
1605911112228601643 : Checking image 1 dpi 300
1605911112228702997 : Checking image 1 border top 180
1605911112228733874 : Checking image 1 border bottom 100
1605911112228761288 : Checking image 1 border left 174
1605911112228787102 : Checking image 1 border right 174
1605911112230672811 : Checking image 2 dpi 300
1605911112230761248 : Checking image 2 border top 129
1605911112230789934 : Checking image 2 border bottom 152
1605911112230816204 : Checking image 2 border left 174
1605911112230842282 : Checking image 2 border right 174

</system-out><system-err>--------------------------------- Captured Err ---------------------------------

</system-err></testcase><testcase classname="tests.test_images" name="test_crop_too_much_png" time="67.407"><system-out>--------------------------------- Captured Log ---------------------------------

--------------------------------- Captured Out ---------------------------------
/home/travis/build/bansan85/ocr-book/tests/crop_too_much.png
1605911142331107365 : Checking separation double page angle 90.14985593620918
1605911142331184736 : Checking separation double page y=0 2457
1605911158863121463 : Checking page rotation 1 0.0
1605911175545294272 : Checking page rotation 2 0.4
1605911177592096682 : Checking image 1 crop x1 303
1605911177592183281 : Checking image 1 crop y1 148
1605911177592217165 : Checking image 1 crop x2 2313
1605911177592249269 : Checking image 1 crop y2 3351
1605911179585013257 : Checking image 2 crop x1 166
1605911179585090145 : Checking image 2 crop y1 154
1605911179585141071 : Checking image 2 crop x2 2180
1605911179585174168 : Checking image 2 crop y2 3360
1605911179622842152 : Checking image 1 dpi 300
1605911179622953980 : Checking image 1 border top 116
1605911179622983808 : Checking image 1 border bottom 168
1605911179623010941 : Checking image 1 border left 225
1605911179623037344 : Checking image 1 border right 225
1605911179624934474 : Checking image 2 dpi 300
1605911179625036627 : Checking image 2 border top 95
1605911179625064720 : Checking image 2 border bottom 186
1605911179625091686 : Checking image 2 border left 223
1605911179625125311 : Checking image 2 border right 223

</system-out><system-err>--------------------------------- Captured Err ---------------------------------

</system-err></testcase></testsuite></testsuites>