<?xml version="1.0" encoding="utf-8"?><testsuites><testsuite errors="0" failures="0" hostname="fv-az135-192" name="pytest" skipped="1" tests="34" time="918.609" timestamp="2020-12-15T07:58:32.450678"><testcase classname="tests.test_features" name="test_mock_stop_at_0" time="0.045"><system-out>--------------------------------- Captured Log ---------------------------------

--------------------------------- Captured Out ---------------------------------
/home/runner/work/ocr-book/ocr-book/tests/0001_0.png

</system-out><system-err>--------------------------------- Captured Err ---------------------------------

</system-err></testcase><testcase classname="tests.test_features" name="test_disabled_enable_debug" time="44.709"><system-out>--------------------------------- Captured Log ---------------------------------

--------------------------------- Captured Out ---------------------------------
/home/runner/work/ocr-book/ocr-book/tests/0001_debug.png
separation double page angle 90.5778088189967
separation double page y=0 2485
page rotation 1 0.7
page rotation 2 0.2
image 1 crop x1 330
image 1 crop y1 335
image 1 crop x2 2343
image 1 crop y2 3223
image 2 crop x1 171
image 2 crop y1 648
image 2 crop x2 2188
image 2 crop y2 3361
image 1 dpi 300
image 1 border top 317
image 1 border bottom 282
image 1 border left 223
image 1 border right 223
image 2 dpi 300
image 2 border top 643
image 2 border bottom 131
image 2 border left 221
image 2 border right 221

</system-out><system-err>--------------------------------- Captured Err ---------------------------------

</system-err></testcase><testcase classname="tests.test_features" name="test_mock_stop_at_2" time="42.665"><system-out>--------------------------------- Captured Log ---------------------------------

--------------------------------- Captured Out ---------------------------------
/home/runner/work/ocr-book/ocr-book/tests/0001_2.png
separation double page angle 90.5778088189967
separation double page y=0 2485
page rotation 1 0.7
page rotation 2 0.2

</system-out><system-err>--------------------------------- Captured Err ---------------------------------

</system-err></testcase><testcase classname="tests.test_features" name="test_mock_stop_at_4" time="48.082"><system-out>--------------------------------- Captured Log ---------------------------------

--------------------------------- Captured Out ---------------------------------
/home/runner/work/ocr-book/ocr-book/tests/0001_4.png
separation double page angle 90.5778088189967
separation double page y=0 2485
page rotation 1 0.7
page rotation 2 0.2
image 1 crop x1 330
image 1 crop y1 335
image 1 crop x2 2343
image 1 crop y2 3223
image 2 crop x1 171
image 2 crop y1 648
image 2 crop x2 2188
image 2 crop y2 3361
image 1 dpi 300
image 1 border top 317
image 1 border bottom 282
image 1 border left 223
image 1 border right 223
image 2 dpi 300
image 2 border top 643
image 2 border bottom 131
image 2 border left 221
image 2 border right 221

</system-out><system-err>--------------------------------- Captured Err ---------------------------------

</system-err></testcase><testcase classname="tests.test_features" name="test_mock_stop_at_1" time="27.105"><system-out>--------------------------------- Captured Log ---------------------------------

--------------------------------- Captured Out ---------------------------------
/home/runner/work/ocr-book/ocr-book/tests/0001_1.png
separation double page angle 90.5778088189967
separation double page y=0 2485

</system-out><system-err>--------------------------------- Captured Err ---------------------------------

</system-err></testcase><testcase classname="tests.test_features" name="test_mock_stop_at_3" time="46.567"><system-out>--------------------------------- Captured Log ---------------------------------

--------------------------------- Captured Out ---------------------------------
/home/runner/work/ocr-book/ocr-book/tests/0001_3.png
separation double page angle 90.5778088189967
separation double page y=0 2485
page rotation 1 0.7
page rotation 2 0.2
image 1 crop x1 330
image 1 crop y1 335
image 1 crop x2 2343
image 1 crop y2 3223
image 2 crop x1 171
image 2 crop y1 648
image 2 crop x2 2188
image 2 crop y2 3361

</system-out><system-err>--------------------------------- Captured Err ---------------------------------

</system-err></testcase><testcase classname="tests.test_images" name="test_0001_png" time="56.981"><system-out>--------------------------------- Captured Log ---------------------------------

--------------------------------- Captured Out ---------------------------------
/home/runner/work/ocr-book/ocr-book/tests/0001.png
1608019237748391900 : Checking separation double page angle 90.5778088189967
1608019237748510302 : Checking separation double page y=0 2485
1608019245172056467 : Checking page rotation 1 0.7
1608019254396604343 : Checking page rotation 2 0.2
1608019257699459807 : Checking image 1 crop x1 330
1608019257699587408 : Checking image 1 crop y1 335
1608019257699626009 : Checking image 1 crop x2 2343
1608019257699658609 : Checking image 1 crop y2 3223
1608019261059324553 : Checking image 2 crop x1 171
1608019261059451355 : Checking image 2 crop y1 648
1608019261059490155 : Checking image 2 crop x2 2188
1608019261059523256 : Checking image 2 crop y2 3361
1608019261090203848 : Checking image 1 dpi 300
1608019261090318450 : Checking image 1 border top 317
1608019261090352750 : Checking image 1 border bottom 282
1608019261090383850 : Checking image 1 border left 223
1608019261090414151 : Checking image 1 border right 223
1608019261092902783 : Checking image 2 dpi 300
1608019261092996784 : Checking image 2 border top 643
1608019261093028484 : Checking image 2 border bottom 131
1608019261093059885 : Checking image 2 border left 221
1608019261093090085 : Checking image 2 border right 221

</system-out><system-err>--------------------------------- Captured Err ---------------------------------

</system-err></testcase><testcase classname="tests.test_features" name="test_mock_stop_at_5" time="45.810"><system-out>--------------------------------- Captured Log ---------------------------------

--------------------------------- Captured Out ---------------------------------
/home/runner/work/ocr-book/ocr-book/tests/0001_5.png
separation double page angle 90.5778088189967
separation double page y=0 2485
page rotation 1 0.7
page rotation 2 0.2
image 1 crop x1 330
image 1 crop y1 335
image 1 crop x2 2343
image 1 crop y2 3223
image 2 crop x1 171
image 2 crop y1 648
image 2 crop x2 2188
image 2 crop y2 3361
image 1 dpi 300
image 1 border top 317
image 1 border bottom 282
image 1 border left 223
image 1 border right 223
image 2 dpi 300
image 2 border top 643
image 2 border bottom 131
image 2 border left 221
image 2 border right 221

</system-out><system-err>--------------------------------- Captured Err ---------------------------------

</system-err></testcase><testcase classname="tests.test_images" name="test_2_pages_2_contours_png" time="37.567"><system-out>--------------------------------- Captured Log ---------------------------------

--------------------------------- Captured Out ---------------------------------
/home/runner/work/ocr-book/ocr-book/tests/2-pages-2-contours.png
1608019284156492055 : Checking separation double page angle 90.14036871655934
1608019284156601157 : Checking separation double page y=0 2489
1608019286035979765 : Checking page rotation 1 0.05
1608019292937680561 : Checking page rotation 2 0.4
1608019294165280862 : Checking image 1 crop x1 1188
1608019294165391863 : Checking image 1 crop y1 1747
1608019294165422663 : Checking image 1 crop x2 1189
1608019294165449064 : Checking image 1 crop y2 1748
1608019298634360235 : Checking image 2 crop x1 101
1608019298634613938 : Checking image 2 crop y1 240
1608019298634654038 : Checking image 2 crop x2 2148
1608019298634687638 : Checking image 2 crop y2 3239
1608019298664662983 : Checking image 1 dpi 300
1608019298664902786 : Checking image 1 border top 1753
1608019298664940786 : Checking image 1 border bottom 1753
1608019298664974287 : Checking image 1 border left 1239
1608019298665008287 : Checking image 1 border right 1239
1608019298669879143 : Checking image 2 dpi 300
1608019298670089446 : Checking image 2 border top 229
1608019298670125846 : Checking image 2 border bottom 259
1608019298670157146 : Checking image 2 border left 206
1608019298670184347 : Checking image 2 border right 206

</system-out><system-err>--------------------------------- Captured Err ---------------------------------

</system-err></testcase><testcase classname="tests.test_images" name="test_angle_page_lower_split_line_png" time="63.939"><system-out>--------------------------------- Captured Log ---------------------------------

--------------------------------- Captured Out ---------------------------------
/home/runner/work/ocr-book/ocr-book/tests/angle_page_lower_split_line.png
1608019321217052025 : Checking separation double page angle 89.77701324945475
1608019321217166827 : Checking separation double page y=0 2475
1608019329566445476 : Checking page rotation 1 -0.34999999999999093
1608019336280878221 : Checking page rotation 2 0.2
1608019339102865020 : Checking image 1 crop x1 243
1608019339102999722 : Checking image 1 crop y1 159
1608019339103035722 : Checking image 1 crop x2 2351
1608019339103069622 : Checking image 1 crop y2 3365
1608019341420355495 : Checking image 2 crop x1 149
1608019341420489097 : Checking image 2 crop y1 147
1608019341420524297 : Checking image 2 crop x2 2256
1608019341420557898 : Checking image 2 crop y2 3350
1608019341454671453 : Checking image 1 dpi 300
1608019341454784754 : Checking image 1 border top 140
1608019341454823554 : Checking image 1 border bottom 140
1608019341454864455 : Checking image 1 border left 176
1608019341454897855 : Checking image 1 border right 176
1608019341457259479 : Checking image 2 dpi 300
1608019341457340380 : Checking image 2 border top 130
1608019341457374981 : Checking image 2 border bottom 154
1608019341457406881 : Checking image 2 border left 176
1608019341457437481 : Checking image 2 border right 176

</system-out><system-err>--------------------------------- Captured Err ---------------------------------

</system-err></testcase><testcase classname="tests.test_images" name="test_black_border_not_removed_png" time="63.147"><system-out>--------------------------------- Captured Log ---------------------------------

--------------------------------- Captured Out ---------------------------------
/home/runner/work/ocr-book/ocr-book/tests/black-border-not-removed.png
1608019335595736207 : Checking separation double page angle 90.008171103531
1608019335595840709 : Checking separation double page y=0 2455
1608019342435717052 : Checking page rotation 1 0.05
1608019354121252712 : Checking page rotation 2 0.0
1608019357514399436 : Checking image 1 crop x1 298
1608019357514523838 : Checking image 1 crop y1 142
1608019357514557138 : Checking image 1 crop x2 2308
1608019357514586138 : Checking image 1 crop y2 3347
1608019361793484017 : Checking image 2 crop x1 157
1608019361793602718 : Checking image 2 crop y1 145
1608019361793634818 : Checking image 2 crop x2 2169
1608019361793664419 : Checking image 2 crop y2 3352
1608019361822561308 : Checking image 1 dpi 300
1608019361822659009 : Checking image 1 border top 128
1608019361822690509 : Checking image 1 border bottom 154
1608019361822718609 : Checking image 1 border left 225
1608019361822746210 : Checking image 1 border right 225
1608019361825089833 : Checking image 2 dpi 300
1608019361825169234 : Checking image 2 border top 133
1608019361825197734 : Checking image 2 border bottom 147
1608019361825224934 : Checking image 2 border left 224
1608019361825251935 : Checking image 2 border right 224

</system-out><system-err>--------------------------------- Captured Err ---------------------------------

</system-err></testcase><testcase classname="tests.test_images" name="test_wrong_split_line_png" time="45.001"><system-out>--------------------------------- Captured Log ---------------------------------

--------------------------------- Captured Out ---------------------------------
/home/runner/work/ocr-book/ocr-book/tests/wrong_split_line.png
1608019370645095976 : Checking separation double page angle 89.93395720607973
1608019370645199577 : Checking separation double page y=0 2465
1608019376661436227 : Checking page rotation 1 -0.14999999999999067
1608019382254047998 : Checking page rotation 2 0.5
1608019384335822974 : Checking image 1 crop x1 213
1608019384335943676 : Checking image 1 crop y1 157
1608019384335974976 : Checking image 1 crop x2 2323
1608019384336005176 : Checking image 1 crop y2 3362
1608019386446801665 : Checking image 2 crop x1 125
1608019386446919566 : Checking image 2 crop y1 165
1608019386446951366 : Checking image 2 crop x2 2237
1608019386446980767 : Checking image 2 crop y2 3374
1608019386475631541 : Checking image 1 dpi 300
1608019386475739942 : Checking image 1 border top 132
1608019386475773643 : Checking image 1 border bottom 149
1608019386475808943 : Checking image 1 border left 175
1608019386475839343 : Checking image 1 border right 175
1608019386478082665 : Checking image 2 dpi 300
1608019386478158666 : Checking image 2 border top 141
1608019386478187866 : Checking image 2 border bottom 137
1608019386478215066 : Checking image 2 border left 174
1608019386478242467 : Checking image 2 border right 174

</system-out><system-err>--------------------------------- Captured Err ---------------------------------

</system-err></testcase><testcase classname="tests.test_images" name="test_image_failed_to_rotate_png" time="58.244"><system-out>--------------------------------- Captured Log ---------------------------------

--------------------------------- Captured Out ---------------------------------
/home/runner/work/ocr-book/ocr-book/tests/image_failed_to_rotate.png
1608019391380655229 : Checking separation double page angle 90.38781598189921
1608019391380763030 : Checking separation double page y=0 2485
1608019396217193423 : Checking page rotation 1 0.35
1608019404566087083 : Checking page rotation 2 0.45
1608019414931088435 : Checking image 1 crop x1 34
1608019414931210136 : Checking image 1 crop y1 1
1608019414931248636 : Checking image 1 crop x2 2483
1608019414931282036 : Checking image 1 crop y2 3500
1608019419931004948 : Checking image 2 crop x1 177
1608019419931137649 : Checking image 2 crop y1 234
1608019419931174549 : Checking image 2 crop x2 2256
1608019419931208249 : Checking image 2 crop y2 3355
1608019419969405699 : Checking image 1 dpi 300
1608019419969513900 : Checking image 1 border top 4
1608019419969552601 : Checking image 1 border bottom 4
1608019419969583401 : Checking image 1 border left 16
1608019419969615001 : Checking image 1 border right 16
1608019419972195525 : Checking image 2 dpi 300
1608019419972292726 : Checking image 2 border top 218
1608019419972324926 : Checking image 2 border bottom 148
1608019419972356726 : Checking image 2 border left 190
1608019419972387227 : Checking image 2 border right 190

</system-out><system-err>--------------------------------- Captured Err ---------------------------------

</system-err></testcase><testcase classname="tests.test_images" name="test_crop_too_much_png" time="79.589"><system-out>--------------------------------- Captured Log ---------------------------------

--------------------------------- Captured Out ---------------------------------
/home/runner/work/ocr-book/ocr-book/tests/crop_too_much.png
1608019435545075817 : Checking separation double page angle 90.18239409272952
1608019435545178518 : Checking separation double page y=0 2455
1608019446213986197 : Checking page rotation 1 0.0
1608019458533880294 : Checking page rotation 2 0.45
1608019462505172550 : Checking image 1 crop x1 303
1608019462505291551 : Checking image 1 crop y1 148
1608019462505322951 : Checking image 1 crop x2 2313
1608019462505351951 : Checking image 1 crop y2 3351
1608019466010950024 : Checking image 2 crop x1 171
1608019466011070625 : Checking image 2 crop y1 155
1608019466011104826 : Checking image 2 crop x2 2182
1608019466011133726 : Checking image 2 crop y2 3359
1608019466049034756 : Checking image 1 dpi 300
1608019466049139757 : Checking image 1 border top 133
1608019466049173457 : Checking image 1 border bottom 151
1608019466049207757 : Checking image 1 border left 225
1608019466049238057 : Checking image 1 border right 225
1608019466051376276 : Checking image 2 dpi 300
1608019466051451677 : Checking image 2 border top 138
1608019466051480477 : Checking image 2 border bottom 145
1608019466051508077 : Checking image 2 border left 224
1608019466051534177 : Checking image 2 border right 224

</system-out><system-err>--------------------------------- Captured Err ---------------------------------

</system-err></testcase><testcase classname="tests.test_images" name="test_image_failed_to_crop_data_png" time="55.135"><system-out>--------------------------------- Captured Log ---------------------------------

--------------------------------- Captured Out ---------------------------------
/home/runner/work/ocr-book/ocr-book/tests/image_failed_to_crop_data.png
1608019449545035021 : Checking separation double page angle 89.96358807166011
1608019449545136822 : Checking separation double page y=0 2477
1608019454888511573 : Checking page rotation 1 0.2
1608019460962048961 : Checking page rotation 2 0.05
1608019471318051618 : Checking image 1 crop x1 50
1608019471318174419 : Checking image 1 crop y1 7
1608019471318208120 : Checking image 1 crop x2 2477
1608019471318237420 : Checking image 1 crop y2 3502
1608019475125165851 : Checking image 2 crop x1 160
1608019475125287652 : Checking image 2 crop y1 217
1608019475125320052 : Checking image 2 crop x2 2241
1608019475125349653 : Checking image 2 crop y2 3350
1608019475155088809 : Checking image 1 dpi 300
1608019475155200510 : Checking image 1 border top 6
1608019475155235211 : Checking image 1 border bottom 6
1608019475155262811 : Checking image 1 border left 22
1608019475155290311 : Checking image 1 border right 22
1608019475157791333 : Checking image 2 dpi 300
1608019475157880033 : Checking image 2 border top 205
1608019475157908334 : Checking image 2 border bottom 149
1608019475157936934 : Checking image 2 border left 189
1608019475157963534 : Checking image 2 border right 189

</system-out><system-err>--------------------------------- Captured Err ---------------------------------

</system-err></testcase><testcase classname="tests.test_images" name="test_crop_too_few_png" time="45.894"><system-out>--------------------------------- Captured Log ---------------------------------

--------------------------------- Captured Out ---------------------------------
/home/runner/work/ocr-book/ocr-book/tests/crop_too_few.png
1608019496260873088 : Checking separation double page angle 89.54670238452755
1608019496260971289 : Checking separation double page y=0 2512
1608019501974196692 : Checking page rotation 1 -0.6499999999999977
1608019507144896826 : Checking page rotation 2 0.0
1608019509775108161 : Checking image 1 crop x1 263
1608019509775233662 : Checking image 1 crop y1 150
1608019509775265763 : Checking image 1 crop x2 2377
1608019509775294963 : Checking image 1 crop y2 3357
1608019511940318954 : Checking image 2 crop x1 137
1608019511940441955 : Checking image 2 crop y1 141
1608019511940474355 : Checking image 2 crop x2 2259
1608019511940502556 : Checking image 2 crop y2 3345
1608019511967049479 : Checking image 1 dpi 300
1608019511967158380 : Checking image 1 border top 129
1608019511967192580 : Checking image 1 border bottom 150
1608019511967226480 : Checking image 1 border left 173
1608019511967256780 : Checking image 1 border right 173
1608019511969540100 : Checking image 2 dpi 300
1608019511969617900 : Checking image 2 border top 130
1608019511969646800 : Checking image 2 border bottom 153
1608019511969674601 : Checking image 2 border left 169
1608019511969701201 : Checking image 2 border right 169

</system-out><system-err>--------------------------------- Captured Err ---------------------------------

</system-err></testcase><testcase classname="tests.test_images" name="test_wrong_angle_split_line_png" time="66.311"><system-out>--------------------------------- Captured Log ---------------------------------

--------------------------------- Captured Out ---------------------------------
/home/runner/work/ocr-book/ocr-book/tests/wrong_angle_split_line.png
1608019507992938968 : Checking separation double page angle 90.09193420006348
1608019507993047068 : Checking separation double page y=0 2478
1608019514911224273 : Checking page rotation 1 0.05
1608019524036167914 : Checking page rotation 2 0.0
1608019535611547819 : Checking image 1 crop x1 58
1608019535611677220 : Checking image 1 crop y1 7
1608019535611713720 : Checking image 1 crop x2 2472
1608019535611747721 : Checking image 1 crop y2 3505
1608019540715010589 : Checking image 2 crop x1 163
1608019540715144690 : Checking image 2 crop y1 217
1608019540715182691 : Checking image 2 crop x2 2246
1608019540715217091 : Checking image 2 crop y2 3350
1608019540861193696 : Checking image 1 dpi 300
1608019540861316097 : Checking image 1 border top 5
1608019540861356297 : Checking image 1 border bottom 5
1608019540861387797 : Checking image 1 border left 33
1608019540861418097 : Checking image 1 border right 33
1608019540868736658 : Checking image 2 dpi 300
1608019540868849559 : Checking image 2 border top 204
1608019540868881359 : Checking image 2 border bottom 150
1608019540868911759 : Checking image 2 border left 188
1608019540868941459 : Checking image 2 border right 188

</system-out><system-err>--------------------------------- Captured Err ---------------------------------

</system-err></testcase><testcase classname="tests.test_images" name="test_crop_too_much_2_png" time="80.055"><system-out>--------------------------------- Captured Log ---------------------------------

--------------------------------- Captured Out ---------------------------------
/home/runner/work/ocr-book/ocr-book/tests/crop_too_much_2.png
1608019560933481851 : Checking separation double page angle 90.1149074900817
1608019560933575252 : Checking separation double page y=0 2478
1608019572087843925 : Checking page rotation 1 0.2
1608019583626141568 : Checking page rotation 2 0.2
1608019587459588750 : Checking image 1 crop x1 332
1608019587459708451 : Checking image 1 crop y1 131
1608019587459740152 : Checking image 1 crop x2 2342
1608019587459769252 : Checking image 1 crop y2 3336
1608019591954077217 : Checking image 2 crop x1 162
1608019591954198218 : Checking image 2 crop y1 139
1608019591954230019 : Checking image 2 crop x2 2175
1608019591954259419 : Checking image 2 crop y2 3345
1608019591996157257 : Checking image 1 dpi 300
1608019591996262258 : Checking image 1 border top 112
1608019591996296658 : Checking image 1 border bottom 170
1608019591996330658 : Checking image 1 border left 225
1608019591996360558 : Checking image 1 border right 225
1608019591998559176 : Checking image 2 dpi 300
1608019591998632877 : Checking image 2 border top 123
1608019591998661877 : Checking image 2 border bottom 157
1608019591998689877 : Checking image 2 border left 223
1608019591998716477 : Checking image 2 border right 223

</system-out><system-err>--------------------------------- Captured Err ---------------------------------

</system-err></testcase><testcase classname="tests.test_images" name="test_wrong_split_line_3_png" time="62.392"><system-out>--------------------------------- Captured Log ---------------------------------

--------------------------------- Captured Out ---------------------------------
/home/runner/work/ocr-book/ocr-book/tests/wrong_split_line_3.png
1608019582247224712 : Checking separation double page angle 90.41229500214693
1608019582247334313 : Checking separation double page y=0 2495
1608019591260551825 : Checking page rotation 1 0.35
1608019598716759373 : Checking page rotation 2 0.9
1608019601364971262 : Checking image 1 crop x1 331
1608019601365099863 : Checking image 1 crop y1 164
1608019601365137563 : Checking image 1 crop x2 2375
1608019601365175663 : Checking image 1 crop y2 3377
1608019603871927397 : Checking image 2 crop x1 104
1608019603872086598 : Checking image 2 crop y1 208
1608019603872125698 : Checking image 2 crop x2 2135
1608019603872159699 : Checking image 2 crop y2 3413
1608019603906556575 : Checking image 1 dpi 300
1608019603906663876 : Checking image 1 border top 149
1608019603906699976 : Checking image 1 border bottom 125
1608019603906731576 : Checking image 1 border left 208
1608019603906762176 : Checking image 1 border right 208
1608019603909295097 : Checking image 2 dpi 300
1608019603909393798 : Checking image 2 border top 187
1608019603909427298 : Checking image 2 border bottom 95
1608019603909458698 : Checking image 2 border left 214
1608019603909488898 : Checking image 2 border right 214

</system-out><system-err>--------------------------------- Captured Err ---------------------------------

</system-err></testcase><testcase classname="tests.test_images" name="test_wrong_split_line_2_png" time="97.088"><system-out>--------------------------------- Captured Log ---------------------------------

--------------------------------- Captured Out ---------------------------------
/home/runner/work/ocr-book/ocr-book/tests/wrong_split_line_2.png
1608019651080641388 : Checking separation double page angle 90.17444704411862
1608019651080738790 : Checking separation double page y=0 2437
1608019662225812255 : Checking page rotation 1 0.2
1608019673695782196 : Checking page rotation 2 0.4
1608019679894850013 : Checking image 1 crop x1 294
1608019679894980115 : Checking image 1 crop y1 136
1608019679895015716 : Checking image 1 crop x2 2325
1608019679895048116 : Checking image 1 crop y2 3376
1608019689040606975 : Checking image 2 crop x1 138
1608019689040741577 : Checking image 2 crop y1 192
1608019689040777478 : Checking image 2 crop x2 2165
1608019689040810179 : Checking image 2 crop y2 3386
1608019689083983660 : Checking image 1 dpi 300
1608019689084126263 : Checking image 1 border top 121
1608019689084167664 : Checking image 1 border bottom 126
1608019689084206764 : Checking image 1 border left 214
1608019689084240265 : Checking image 1 border right 214
1608019689086555707 : Checking image 2 dpi 300
1608019689086642208 : Checking image 2 border top 185
1608019689086674709 : Checking image 2 border bottom 108
1608019689086705510 : Checking image 2 border left 216
1608019689086736710 : Checking image 2 border right 216

</system-out><system-err>--------------------------------- Captured Err ---------------------------------

</system-err></testcase><testcase classname="tests.test_images" name="test_wrong_wave_split_line_png" time="0.001"><skipped message="Need to work on crop data" type="pytest.skip">/home/runner/work/ocr-book/ocr-book/tests/test_images.py:660: Need to work on crop data</skipped><system-out>--------------------------------- Captured Log ---------------------------------

--------------------------------- Captured Out ---------------------------------

</system-out><system-err>--------------------------------- Captured Err ---------------------------------

</system-err><system-out>--------------------------------- Captured Log ---------------------------------

--------------------------------- Captured Out ---------------------------------

</system-out><system-err>--------------------------------- Captured Err ---------------------------------

</system-err></testcase><testcase classname="tests.test_images" name="test_no_split_line_line_algo_png" time="51.724"><system-out>--------------------------------- Captured Log ---------------------------------

--------------------------------- Captured Out ---------------------------------
/home/runner/work/ocr-book/ocr-book/tests/no_split_line_line_algo.png
1608019638142181858 : Checking separation double page angle 89.47691469185418
1608019638142281658 : Checking separation double page y=0 2476
1608019642313148140 : Checking page rotation 1 -0.14999999999999067
1608019650387794310 : Checking page rotation 2 -0.44999999999999746
1608019652425605478 : Checking image 1 crop x1 205
1608019652425721080 : Checking image 1 crop y1 158
1608019652425753480 : Checking image 1 crop x2 2320
1608019652425783181 : Checking image 1 crop y2 3366
1608019655617321578 : Checking image 2 crop x1 185
1608019655617453981 : Checking image 2 crop y1 221
1608019655617487682 : Checking image 2 crop x2 2201
1608019655617518482 : Checking image 2 crop y2 3366
1608019655651598143 : Checking image 1 dpi 300
1608019655651701545 : Checking image 1 border top 141
1608019655651733846 : Checking image 1 border bottom 138
1608019655651763046 : Checking image 1 border left 172
1608019655651790247 : Checking image 1 border right 172
1608019655654214594 : Checking image 2 dpi 300
1608019655654297796 : Checking image 2 border top 215
1608019655654327196 : Checking image 2 border bottom 127
1608019655654353997 : Checking image 2 border left 222
1608019655654380497 : Checking image 2 border right 222

</system-out><system-err>--------------------------------- Captured Err ---------------------------------

</system-err></testcase><testcase classname="tests.test_images" name="test_failed_split_line_line_algo_png" time="23.246"><system-out>--------------------------------- Captured Log ---------------------------------

--------------------------------- Captured Out ---------------------------------
/home/runner/work/ocr-book/ocr-book/tests/failed_split_line_line_algo.png
1608019670941165484 : Checking separation double page angle 90.0163422057325
1608019670941266185 : Checking separation double page y=0 2576
1608019673977713166 : Checking page rotation 1 -0.14999999999999067
1608019675754531986 : Checking page rotation 2 0.0
1608019677621923769 : Checking image 1 crop x1 407
1608019677622040471 : Checking image 1 crop y1 2925
1608019677622074072 : Checking image 1 crop x2 2419
1608019677622102672 : Checking image 1 crop y2 3174
1608019678920314311 : Checking image 2 crop x1 1183
1608019678920417013 : Checking image 2 crop y1 1746
1608019678920449913 : Checking image 2 crop x2 1184
1608019678920476814 : Checking image 2 crop y2 1747
1608019678920751319 : Checking image 1 dpi 300
1608019678920822120 : Checking image 1 border top 2917
1608019678920852921 : Checking image 1 border bottom 321
1608019678920880221 : Checking image 1 border left 224
1608019678920906922 : Checking image 1 border right 224
1608019678922258147 : Checking image 2 dpi 300
1608019678922327948 : Checking image 2 border top 1753
1608019678922355449 : Checking image 2 border bottom 1753
1608019678922382749 : Checking image 2 border left 1239
1608019678922409550 : Checking image 2 border right 1239

</system-out><system-err>--------------------------------- Captured Err ---------------------------------

</system-err></testcase><testcase classname="tests.test_images" name="test_failed_split_line_line_algo_2_png" time="71.156"><system-out>--------------------------------- Captured Log ---------------------------------

--------------------------------- Captured Out ---------------------------------
/home/runner/work/ocr-book/ocr-book/tests/failed_split_line_line_algo_2.png
1608019725509840912 : Checking separation double page angle 90.04134220573248
1608019725509941914 : Checking separation double page y=0 2498
1608019734535517862 : Checking page rotation 1 0.0
1608019743881795043 : Checking page rotation 2 0.6000000000000001
1608019747126077607 : Checking image 1 crop x1 272
1608019747126207209 : Checking image 1 crop y1 149
1608019747126244710 : Checking image 1 crop x2 2383
1608019747126277110 : Checking image 1 crop y2 3353
1608019750007469298 : Checking image 2 crop x1 124
1608019750007596600 : Checking image 2 crop y1 155
1608019750007633601 : Checking image 2 crop x2 2247
1608019750007668301 : Checking image 2 crop y2 3350
1608019750046375328 : Checking image 1 dpi 300
1608019750046490329 : Checking image 1 border top 138
1608019750046524930 : Checking image 1 border bottom 145
1608019750046556431 : Checking image 1 border left 174
1608019750046586831 : Checking image 1 border right 174
1608019750049112772 : Checking image 2 dpi 300
1608019750049210074 : Checking image 2 border top 136
1608019750049242374 : Checking image 2 border bottom 156
1608019750049272575 : Checking image 2 border left 168
1608019750049302575 : Checking image 2 border right 168

</system-out><system-err>--------------------------------- Captured Err ---------------------------------

</system-err></testcase><testcase classname="tests.test_images" name="test_small_wave_png" time="71.706"><system-out>--------------------------------- Captured Log ---------------------------------

--------------------------------- Captured Out ---------------------------------
/home/runner/work/ocr-book/ocr-book/tests/small_wave.png
1608019736255580449 : Checking separation double page angle 90.63816928841567
1608019736255683050 : Checking separation double page y=0 2497
1608019747233157249 : Checking page rotation 1 0.75
1608019756004363937 : Checking page rotation 2 0.7
1608019758190558520 : Checking image 1 crop x1 323
1608019758190679722 : Checking image 1 crop y1 198
1608019758190711722 : Checking image 1 crop x2 2352
1608019758190740223 : Checking image 1 crop y2 3395
1608019760770249134 : Checking image 2 crop x1 135
1608019760770374936 : Checking image 2 crop y1 223
1608019760770408437 : Checking image 2 crop x2 2164
1608019760770437237 : Checking image 2 crop y2 3419
1608019760803211159 : Checking image 1 dpi 300
1608019760803321361 : Checking image 1 border top 175
1608019760803355661 : Checking image 1 border bottom 115
1608019760803390662 : Checking image 1 border left 215
1608019760803420562 : Checking image 1 border right 215
1608019760805781300 : Checking image 2 dpi 300
1608019760805864701 : Checking image 2 border top 196
1608019760805893702 : Checking image 2 border bottom 95
1608019760805920202 : Checking image 2 border left 215
1608019760805946902 : Checking image 2 border right 215

</system-out><system-err>--------------------------------- Captured Err ---------------------------------

</system-err></testcase><testcase classname="tests.test_images" name="test_crop_too_much_3_png" time="73.081"><system-out>--------------------------------- Captured Log ---------------------------------

--------------------------------- Captured Out ---------------------------------
/home/runner/work/ocr-book/ocr-book/tests/crop_too_much_3.png
1608019793883755461 : Checking separation double page angle 89.52945237729824
1608019793883868963 : Checking separation double page y=0 2497
1608019802705818806 : Checking page rotation 1 -0.8999999999999949
1608019816086743828 : Checking page rotation 2 -0.14999999999999067
1608019819493596737 : Checking image 1 crop x1 374
1608019819493714839 : Checking image 1 crop y1 258
1608019819493747639 : Checking image 1 crop x2 2385
1608019819493776540 : Checking image 1 crop y2 3459
1608019823096888036 : Checking image 2 crop x1 169
1608019823097005037 : Checking image 2 crop y1 228
1608019823097039238 : Checking image 2 crop x2 2182
1608019823097069138 : Checking image 2 crop y2 3417
1608019823136158202 : Checking image 1 dpi 300
1608019823136270003 : Checking image 1 border top 238
1608019823136302404 : Checking image 1 border bottom 48
1608019823136330704 : Checking image 1 border left 224
1608019823136358705 : Checking image 1 border right 224
1608019823138870841 : Checking image 2 dpi 300
1608019823138966242 : Checking image 2 border top 207
1608019823138994443 : Checking image 2 border bottom 90
1608019823139021143 : Checking image 2 border left 223
1608019823139047743 : Checking image 2 border right 223

</system-out><system-err>--------------------------------- Captured Err ---------------------------------

</system-err></testcase><testcase classname="tests.test_images" name="test_wrong_wave_split_line_2_png" time="78.812"><system-out>--------------------------------- Captured Log ---------------------------------

--------------------------------- Captured Out ---------------------------------
/home/runner/work/ocr-book/ocr-book/tests/wrong_wave_split_line_2.png
1608019810298474230 : Checking separation double page angle 90.7708958311329
1608019810298577831 : Checking separation double page y=0 2490
1608019820812537639 : Checking page rotation 1 0.4
1608019833659347990 : Checking page rotation 2 1.8
1608019836549441453 : Checking image 1 crop x1 224
1608019836549579355 : Checking image 1 crop y1 147
1608019836549615355 : Checking image 1 crop x2 2337
1608019836549647056 : Checking image 1 crop y2 3355
1608019839566501838 : Checking image 2 crop x1 107
1608019839566631140 : Checking image 2 crop y1 197
1608019839566681741 : Checking image 2 crop x2 2229
1608019839566712941 : Checking image 2 crop y2 3396
1608019839610895464 : Checking image 1 dpi 300
1608019839611022265 : Checking image 1 border top 133
1608019839611059166 : Checking image 1 border bottom 146
1608019839611098566 : Checking image 1 border left 173
1608019839611132867 : Checking image 1 border right 173
1608019839613866505 : Checking image 2 dpi 300
1608019839613968907 : Checking image 2 border top 167
1608019839614000707 : Checking image 2 border bottom 121
1608019839614031208 : Checking image 2 border left 169
1608019839614061208 : Checking image 2 border right 169

</system-out><system-err>--------------------------------- Captured Err ---------------------------------

</system-err></testcase><testcase classname="tests.test_images" name="test_wrong_wave_split_line_3_png" time="71.527"><system-out>--------------------------------- Captured Log ---------------------------------

--------------------------------- Captured Out ---------------------------------
/home/runner/work/ocr-book/ocr-book/tests/wrong_wave_split_line_3.png
1608019869230239310 : Checking separation double page angle 90.03326063695573
1608019869230353011 : Checking separation double page y=0 2514
1608019881816215972 : Checking page rotation 1 0.05
1608019889538976828 : Checking page rotation 2 0.35
1608019892139799982 : Checking image 1 crop x1 273
1608019892139919883 : Checking image 1 crop y1 220
1608019892139952284 : Checking image 1 crop x2 2383
1608019892139980684 : Checking image 1 crop y2 3423
1608019894643471951 : Checking image 2 crop x1 114
1608019894643588152 : Checking image 2 crop y1 226
1608019894643622153 : Checking image 2 crop x2 2235
1608019894643652553 : Checking image 2 crop y2 3413
1608019894675221467 : Checking image 1 dpi 300
1608019894675330269 : Checking image 1 border top 202
1608019894675362369 : Checking image 1 border bottom 82
1608019894675390869 : Checking image 1 border left 175
1608019894675417670 : Checking image 1 border right 175
1608019894677921303 : Checking image 2 dpi 300
1608019894678014204 : Checking image 2 border top 204
1608019894678042604 : Checking image 2 border bottom 96
1608019894678069605 : Checking image 2 border left 169
1608019894678097205 : Checking image 2 border right 169

</system-out><system-err>--------------------------------- Captured Err ---------------------------------

</system-err></testcase><testcase classname="tests.test_images" name="test_no_split_line_wave_algo_png" time="72.454"><system-out>--------------------------------- Captured Log ---------------------------------

--------------------------------- Captured Out ---------------------------------
/home/runner/work/ocr-book/ocr-book/tests/no_split_line_wave_algo.png
1608019879149076792 : Checking separation double page angle 89.93095154476828
1608019879149212394 : Checking separation double page y=0 2484
1608019885996350398 : Checking page rotation 1 0.0
1608019895629838373 : Checking page rotation 2 -0.49999999999999434
1608019905044246048 : Checking image 1 crop x1 97
1608019905044332949 : Checking image 1 crop y1 27
1608019905044366649 : Checking image 1 crop x2 2486
1608019905044399650 : Checking image 1 crop y2 3505
1608019911999114227 : Checking image 2 crop x1 163
1608019911999242729 : Checking image 2 crop y1 266
1608019911999278529 : Checking image 2 crop x2 2238
1608019911999311330 : Checking image 2 crop y2 3381
1608019912037081115 : Checking image 1 dpi 300
1608019912037202716 : Checking image 1 border top 15
1608019912037241517 : Checking image 1 border bottom 15
1608019912037281217 : Checking image 1 border left 46
1608019912037315818 : Checking image 1 border right 46
1608019912039797650 : Checking image 2 dpi 300
1608019912039882551 : Checking image 2 border top 254
1608019912039915051 : Checking image 2 border bottom 118
1608019912039945051 : Checking image 2 border left 192
1608019912039975852 : Checking image 2 border right 192

</system-out><system-err>--------------------------------- Captured Err ---------------------------------

</system-err></testcase><testcase classname="tests.test_images" name="test_no_split_line_wave_algo_2_png" time="53.278"><system-out>--------------------------------- Captured Log ---------------------------------

--------------------------------- Captured Out ---------------------------------
/home/runner/work/ocr-book/ocr-book/tests/no_split_line_wave_algo_2.png
1608019928993673883 : Checking separation double page angle 90.5
1608019928993778984 : Checking separation double page y=0 2478
1608019936264536920 : Checking page rotation 1 1.1500000000000001
1608019943286079552 : Checking page rotation 2 0.2
1608019945735745302 : Checking image 1 crop x1 266
1608019945735861504 : Checking image 1 crop y1 209
1608019945735894204 : Checking image 1 crop x2 2342
1608019945735923104 : Checking image 1 crop y2 3413
1608019947925677369 : Checking image 2 crop x1 165
1608019947925796070 : Checking image 2 crop y1 241
1608019947925829071 : Checking image 2 crop x2 2248
1608019947925859871 : Checking image 2 crop y2 3433
1608019947957906467 : Checking image 1 dpi 300
1608019947958026369 : Checking image 1 border top 191
1608019947958056169 : Checking image 1 border bottom 92
1608019947958083369 : Checking image 1 border left 192
1608019947958109370 : Checking image 1 border right 192
1608019947960591400 : Checking image 2 dpi 300
1608019947960684101 : Checking image 2 border top 224
1608019947960712902 : Checking image 2 border bottom 71
1608019947960740402 : Checking image 2 border left 188
1608019947960767002 : Checking image 2 border right 188

</system-out><system-err>--------------------------------- Captured Err ---------------------------------

</system-err></testcase><testcase classname="tests.test_images" name="test_crop_too_few_2_png" time="50.229"><system-out>--------------------------------- Captured Log ---------------------------------

--------------------------------- Captured Out ---------------------------------
/home/runner/work/ocr-book/ocr-book/tests/crop_too_few_2.png
1608019944710848814 : Checking separation double page angle 90.3480629671595
1608019944710947715 : Checking separation double page y=0 2534
1608019951109936514 : Checking page rotation 1 1.2000000000000002
1608019957567393805 : Checking page rotation 2 -0.09999999999999377
1608019960174833634 : Checking image 1 crop x1 287
1608019960174960836 : Checking image 1 crop y1 165
1608019960174993036 : Checking image 1 crop x2 2398
1608019960175021737 : Checking image 1 crop y2 3368
1608019962299746911 : Checking image 2 crop x1 148
1608019962299867512 : Checking image 2 crop y1 188
1608019962299899113 : Checking image 2 crop x2 2274
1608019962299927413 : Checking image 2 crop y2 3386
1608019962329980079 : Checking image 1 dpi 300
1608019962330090080 : Checking image 1 border top 140
1608019962330123980 : Checking image 1 border bottom 144
1608019962330160381 : Checking image 1 border left 174
1608019962330189181 : Checking image 1 border right 174
1608019962332554710 : Checking image 2 dpi 300
1608019962332634111 : Checking image 2 border top 175
1608019962332662511 : Checking image 2 border bottom 114
1608019962332691212 : Checking image 2 border left 167
1608019962332718112 : Checking image 2 border right 167

</system-out><system-err>--------------------------------- Captured Err ---------------------------------

</system-err></testcase><testcase classname="tests.test_images" name="test_failed_detect_rectangle_png" time="66.450"><system-out>--------------------------------- Captured Log ---------------------------------

--------------------------------- Captured Out ---------------------------------
/home/runner/work/ocr-book/ocr-book/tests/failed_detect_rectangle.png
1608019990468926026 : Checking separation double page angle 90.22337516213149
1608019990469027727 : Checking separation double page y=0 2474
1608019998485545395 : Checking page rotation 1 0.2
1608020009160905078 : Checking page rotation 2 0.2
1608020011885819567 : Checking image 1 crop x1 257
1608020011885926468 : Checking image 1 crop y1 201
1608020011885959069 : Checking image 1 crop x2 2333
1608020011885987369 : Checking image 1 crop y2 3402
1608020014365194535 : Checking image 2 crop x1 137
1608020014365308737 : Checking image 2 crop y1 215
1608020014365341337 : Checking image 2 crop x2 2220
1608020014365371337 : Checking image 2 crop y2 3406
1608020014403218076 : Checking image 1 dpi 300
1608020014403323577 : Checking image 1 border top 188
1608020014403354678 : Checking image 1 border bottom 97
1608020014403382178 : Checking image 1 border left 192
1608020014403409378 : Checking image 1 border right 192
1608020014405774906 : Checking image 2 dpi 300
1608020014405856407 : Checking image 2 border top 201
1608020014405884807 : Checking image 2 border bottom 95
1608020014405911907 : Checking image 2 border left 188
1608020014405938808 : Checking image 2 border right 188

</system-out><system-err>--------------------------------- Captured Err ---------------------------------

</system-err></testcase><testcase classname="tests.test_images" name="test_single_page_png" time="21.563"><system-out>--------------------------------- Captured Log ---------------------------------

--------------------------------- Captured Out ---------------------------------
/home/runner/work/ocr-book/ocr-book/tests/single_page.png
1608019971075247002 : Checking separation double page angle 90.0
1608019971075365903 : Checking separation double page y=0 2476
1608019975652091574 : Checking page rotation 1 0.0
1608019976178635595 : Checking page rotation 2 0.0
1608019983100671888 : Checking image 1 crop x1 1
1608019983100756089 : Checking image 1 crop y1 8
1608019983100792789 : Checking image 1 crop x2 2470
1608019983100824490 : Checking image 1 crop y2 3505
1608019983593150657 : Checking image 2 crop x1 0
1608019983593223058 : Checking image 2 crop y1 0
1608019983593253058 : Checking image 2 crop x2 0
1608019983593281958 : Checking image 2 crop y2 0
1608019983593352759 : Checking image 1 dpi 300
1608019983593415760 : Checking image 1 border top 5
1608019983593448060 : Checking image 1 border bottom 5
1608019983593478461 : Checking image 1 border left 6
1608019983593508761 : Checking image 1 border right 6
1608019983599468632 : Checking image 2 border top 0
1608019983599527133 : Checking image 2 border bottom 0
1608019983599557433 : Checking image 2 border left 0
1608019983599587534 : Checking image 2 border right 0

</system-out><system-err>--------------------------------- Captured Err ---------------------------------

</system-err></testcase><testcase classname="tests.test_images" name="test_no_split_line_wave_algo_3_png" time="14.610"><system-out>--------------------------------- Captured Log ---------------------------------

--------------------------------- Captured Out ---------------------------------
/home/runner/work/ocr-book/ocr-book/tests/no_split_line_wave_algo_3.png
1608020022788661723 : Checking separation double page angle 90.19999999999999
1608020022788768524 : Checking separation double page y=0 2408
1608020024992658765 : Checking page rotation 1 0.0
1608020025281010076 : Checking page rotation 2 0.15000000000000002
1608020028611114269 : Checking image 1 crop x1 184
1608020028611214070 : Checking image 1 crop y1 2957
1608020028611245471 : Checking image 1 crop x2 2201
1608020028611271871 : Checking image 1 crop y2 3202
1608020029012556267 : Checking image 2 crop x1 0
1608020029012620568 : Checking image 2 crop y1 0
1608020029012647468 : Checking image 2 crop x2 0
1608020029012672769 : Checking image 2 crop y2 0
1608020029012739169 : Checking image 1 dpi 300
1608020029012796270 : Checking image 1 border top 2950
1608020029012824870 : Checking image 1 border bottom 292
1608020029012852071 : Checking image 1 border left 221
1608020029012878571 : Checking image 1 border right 221
1608020029017775927 : Checking image 2 border top 0
1608020029017828428 : Checking image 2 border bottom 0
1608020029017854228 : Checking image 2 border left 0
1608020029017879928 : Checking image 2 border right 0

</system-out><system-err>--------------------------------- Captured Err ---------------------------------

</system-err></testcase></testsuite></testsuites>