<?xml version="1.0" encoding="utf-8"?><testsuites><testsuite errors="0" failures="0" hostname="fv-az102-78" name="pytest" skipped="0" tests="36" time="552.803" timestamp="2021-01-02T20:21:07.813541"><testcase classname="tests.test_features" name="test_disabled_enable_debug" time="33.927"><system-out>--------------------------------- Captured Log ---------------------------------

--------------------------------- Captured Out ---------------------------------
/home/runner/work/ocr-book/ocr-book/tests/0001_debug.png
separation double page angle 90.5528088189967
separation double page y=0 2485
page rotation 1 0.5499999999999999
page rotation 2 0.2
image 1 crop x1 327
image 1 crop y1 334
image 1 crop x2 2346
image 1 crop y2 3221
image 2 crop x1 169
image 2 crop y1 648
image 2 crop x2 2186
image 2 crop y2 3361
image 1 dpi 300
image 1 border top 332
image 1 border bottom 268
image 1 border left 220
image 1 border right 220
image 2 dpi 300
image 2 border top 643
image 2 border bottom 131
image 2 border left 221
image 2 border right 221

</system-out><system-err>--------------------------------- Captured Err ---------------------------------

</system-err></testcase><testcase classname="tests.test_features" name="test_mock_stop_at_0" time="0.053"><system-out>--------------------------------- Captured Log ---------------------------------

--------------------------------- Captured Out ---------------------------------
/home/runner/work/ocr-book/ocr-book/tests/0001_0.png

</system-out><system-err>--------------------------------- Captured Err ---------------------------------

</system-err></testcase><testcase classname="tests.test_features" name="test_mock_stop_at_2" time="29.312"><system-out>--------------------------------- Captured Log ---------------------------------

--------------------------------- Captured Out ---------------------------------
/home/runner/work/ocr-book/ocr-book/tests/0001_2.png
separation double page angle 90.5528088189967
separation double page y=0 2485
page rotation 1 0.5499999999999999
page rotation 2 0.2

</system-out><system-err>--------------------------------- Captured Err ---------------------------------

</system-err></testcase><testcase classname="tests.test_features" name="test_mock_stop_at_4" time="32.032"><system-out>--------------------------------- Captured Log ---------------------------------

--------------------------------- Captured Out ---------------------------------
/home/runner/work/ocr-book/ocr-book/tests/0001_4.png
separation double page angle 90.5528088189967
separation double page y=0 2485
page rotation 1 0.5499999999999999
page rotation 2 0.2
image 1 crop x1 327
image 1 crop y1 334
image 1 crop x2 2346
image 1 crop y2 3221
image 2 crop x1 169
image 2 crop y1 648
image 2 crop x2 2186
image 2 crop y2 3361
image 1 dpi 300
image 1 border top 332
image 1 border bottom 268
image 1 border left 220
image 1 border right 220
image 2 dpi 300
image 2 border top 643
image 2 border bottom 131
image 2 border left 221
image 2 border right 221

</system-out><system-err>--------------------------------- Captured Err ---------------------------------

</system-err></testcase><testcase classname="tests.test_features" name="test_mock_stop_at_1" time="25.894"><system-out>--------------------------------- Captured Log ---------------------------------

--------------------------------- Captured Out ---------------------------------
/home/runner/work/ocr-book/ocr-book/tests/0001_1.png
separation double page angle 90.5528088189967
separation double page y=0 2485

</system-out><system-err>--------------------------------- Captured Err ---------------------------------

</system-err></testcase><testcase classname="tests.test_features" name="test_mock_stop_at_3" time="32.442"><system-out>--------------------------------- Captured Log ---------------------------------

--------------------------------- Captured Out ---------------------------------
/home/runner/work/ocr-book/ocr-book/tests/0001_3.png
separation double page angle 90.5528088189967
separation double page y=0 2485
page rotation 1 0.5499999999999999
page rotation 2 0.2
image 1 crop x1 327
image 1 crop y1 334
image 1 crop x2 2346
image 1 crop y2 3221
image 2 crop x1 169
image 2 crop y1 648
image 2 crop x2 2186
image 2 crop y2 3361

</system-out><system-err>--------------------------------- Captured Err ---------------------------------

</system-err></testcase><testcase classname="tests.test_images" name="test_0001_png" time="31.717"><system-out>--------------------------------- Captured Log ---------------------------------

--------------------------------- Captured Out ---------------------------------
/home/runner/work/ocr-book/ocr-book/tests/0001.png
1609618956202234822 : Checking separation double page angle 90.5528088189967
1609618956202371634 : Checking separation double page y=0 2485
1609618957212400567 : Checking page rotation 1 0.5499999999999999
1609618958441107450 : Checking page rotation 2 0.2
1609618960521261621 : Checking image 1 crop x1 327
1609618960521382632 : Checking image 1 crop y1 334
1609618960521422235 : Checking image 1 crop x2 2346
1609618960521457639 : Checking image 1 crop y2 3221
1609618962148177133 : Checking image 2 crop x1 169
1609618962148303545 : Checking image 2 crop y1 648
1609618962148347148 : Checking image 2 crop x2 2186
1609618962148384252 : Checking image 2 crop y2 3361
1609618962148556167 : Checking image 1 dpi 300
1609618962148627573 : Checking image 1 border top 332
1609618962148663877 : Checking image 1 border bottom 268
1609618962148734183 : Checking image 1 border left 220
1609618962148771986 : Checking image 1 border right 220
1609618962151159298 : Checking image 2 dpi 300
1609618962151241806 : Checking image 2 border top 643
1609618962151277209 : Checking image 2 border bottom 131
1609618962151309312 : Checking image 2 border left 221
1609618962151341714 : Checking image 2 border right 221

</system-out><system-err>--------------------------------- Captured Err ---------------------------------

</system-err></testcase><testcase classname="tests.test_features" name="test_mock_stop_at_5" time="32.597"><system-out>--------------------------------- Captured Log ---------------------------------

--------------------------------- Captured Out ---------------------------------
/home/runner/work/ocr-book/ocr-book/tests/0001_5.png
separation double page angle 90.5528088189967
separation double page y=0 2485
page rotation 1 0.5499999999999999
page rotation 2 0.2
image 1 crop x1 327
image 1 crop y1 334
image 1 crop x2 2346
image 1 crop y2 3221
image 2 crop x1 169
image 2 crop y1 648
image 2 crop x2 2186
image 2 crop y2 3361
image 1 dpi 300
image 1 border top 332
image 1 border bottom 268
image 1 border left 220
image 1 border right 220
image 2 dpi 300
image 2 border top 643
image 2 border bottom 131
image 2 border left 221
image 2 border right 221

</system-out><system-err>--------------------------------- Captured Err ---------------------------------

</system-err></testcase><testcase classname="tests.test_images" name="test_black_border_not_removed_png" time="34.330"><system-out>--------------------------------- Captured Log ---------------------------------

--------------------------------- Captured Out ---------------------------------
/home/runner/work/ocr-book/ocr-book/tests/black-border-not-removed.png
1609618989056539396 : Checking separation double page angle 90.033171103531
1609618989056660307 : Checking separation double page y=0 2455
1609618990201875514 : Checking page rotation 1 0.0
1609618991675980146 : Checking page rotation 2 0.05
1609618994342548352 : Checking image 1 crop x1 297
1609618994342687964 : Checking image 1 crop y1 143
1609618994342729868 : Checking image 1 crop x2 2309
1609618994342766471 : Checking image 1 crop y2 3346
1609618996493605174 : Checking image 2 crop x1 157
1609618996493729785 : Checking image 2 crop y1 145
1609618996493772389 : Checking image 2 crop x2 2170
1609618996493812692 : Checking image 2 crop y2 3351
1609618996493984507 : Checking image 1 dpi 300
1609618996494058614 : Checking image 1 border top 132
1609618996494095817 : Checking image 1 border bottom 152
1609618996494131920 : Checking image 1 border left 224
1609618996494167824 : Checking image 1 border right 224
1609618996496642443 : Checking image 2 dpi 300
1609618996496768054 : Checking image 2 border top 134
1609618996496806457 : Checking image 2 border bottom 147
1609618996496842261 : Checking image 2 border left 223
1609618996496877364 : Checking image 2 border right 223

</system-out><system-err>--------------------------------- Captured Err ---------------------------------

</system-err></testcase><testcase classname="tests.test_images" name="test_2_pages_2_contours_png" time="19.777"><system-out>--------------------------------- Captured Log ---------------------------------

--------------------------------- Captured Out ---------------------------------
/home/runner/work/ocr-book/ocr-book/tests/2-pages-2-contours.png
1609619009317864291 : Checking separation double page angle 90.09036871657068
1609619009318016205 : Checking separation double page y=0 2486
1609619009878600316 : Checking page rotation 1 0.0
1609619010954340610 : Checking page rotation 2 0.2
1609619011833223847 : Checking image 1 crop x1 1191
1609619011833342457 : Checking image 1 crop y1 1750
1609619011833381160 : Checking image 1 crop x2 1192
1609619011833415464 : Checking image 1 crop y2 1751
1609619013686036349 : Checking image 2 crop x1 99
1609619013686158460 : Checking image 2 crop y1 240
1609619013686196963 : Checking image 2 crop x2 2147
1609619013686232166 : Checking image 2 crop y2 3240
1609619013686393781 : Checking image 1 dpi 300
1609619013686452886 : Checking image 1 border top 1752
1609619013686487189 : Checking image 1 border bottom 1753
1609619013686519092 : Checking image 1 border left 1239
1609619013686550495 : Checking image 1 border right 1239
1609619013687967820 : Checking image 2 dpi 300
1609619013688045727 : Checking image 2 border top 229
1609619013688081130 : Checking image 2 border bottom 258
1609619013688114733 : Checking image 2 border left 206
1609619013688147836 : Checking image 2 border right 206

</system-out><system-err>--------------------------------- Captured Err ---------------------------------

</system-err></testcase><testcase classname="tests.test_images" name="test_image_failed_to_rotate_png" time="35.753"><system-out>--------------------------------- Captured Log ---------------------------------

--------------------------------- Captured Out ---------------------------------
/home/runner/work/ocr-book/ocr-book/tests/image_failed_to_rotate.png
1609619021309024436 : Checking separation double page angle 90.26767669076624
1609619021309150247 : Checking separation double page y=0 2480
1609619023147820975 : Checking page rotation 1 0.45
1609619024410442634 : Checking page rotation 2 0.2
1609619029746165886 : Checking image 1 crop x1 31
1609619029746295997 : Checking image 1 crop y1 1
1609619029746337301 : Checking image 1 crop x2 2478
1609619029746374904 : Checking image 1 crop y2 3504
1609619032148184576 : Checking image 2 crop x1 169
1609619032148310287 : Checking image 2 crop y1 231
1609619032148352191 : Checking image 2 crop x2 2257
1609619032148402995 : Checking image 2 crop y2 3358
1609619032148567010 : Checking image 1 dpi 300
1609619032148642217 : Checking image 1 border top 2
1609619032148696521 : Checking image 1 border bottom 2
1609619032148730024 : Checking image 1 border left 17
1609619032148763127 : Checking image 1 border right 17
1609619032151237047 : Checking image 2 dpi 300
1609619032151317854 : Checking image 2 border top 218
1609619032151352157 : Checking image 2 border bottom 142
1609619032151385060 : Checking image 2 border left 186
1609619032151416963 : Checking image 2 border right 186

</system-out><system-err>--------------------------------- Captured Err ---------------------------------

</system-err></testcase><testcase classname="tests.test_images" name="test_wrong_split_line_png" time="24.916"><system-out>--------------------------------- Captured Log ---------------------------------

--------------------------------- Captured Out ---------------------------------
/home/runner/work/ocr-book/ocr-book/tests/wrong_split_line.png
1609619033277520540 : Checking separation double page angle 89.93395720607973
1609619033277641151 : Checking separation double page y=0 2465
1609619034237665213 : Checking page rotation 1 -0.04999999999999689
1609619035200683841 : Checking page rotation 2 0.5499999999999999
1609619036530139537 : Checking image 1 crop x1 211
1609619036530275149 : Checking image 1 crop y1 156
1609619036530320053 : Checking image 1 crop x2 2323
1609619036530360956 : Checking image 1 crop y2 3363
1609619038598507319 : Checking image 2 crop x1 125
1609619038598636131 : Checking image 2 crop y1 166
1609619038598677834 : Checking image 2 crop x2 2236
1609619038598715438 : Checking image 2 crop y2 3373
1609619038598896354 : Checking image 1 dpi 300
1609619038598963259 : Checking image 1 border top 134
1609619038598999463 : Checking image 1 border bottom 146
1609619038599033466 : Checking image 1 border left 174
1609619038599066969 : Checking image 1 border right 174
1609619038601210059 : Checking image 2 dpi 300
1609619038601294366 : Checking image 2 border top 146
1609619038601329869 : Checking image 2 border bottom 134
1609619038601363572 : Checking image 2 border left 174
1609619038601396775 : Checking image 2 border right 174

</system-out><system-err>--------------------------------- Captured Err ---------------------------------

</system-err></testcase><testcase classname="tests.test_images" name="test_image_failed_to_crop_data_png" time="45.387"><system-out>--------------------------------- Captured Log ---------------------------------

--------------------------------- Captured Out ---------------------------------
/home/runner/work/ocr-book/ocr-book/tests/image_failed_to_crop_data.png
1609619060506796166 : Checking separation double page angle 90.053197600644
1609619060506924678 : Checking separation double page y=0 2480
1609619064770357314 : Checking page rotation 1 0.15000000000000002
1609619065701017800 : Checking page rotation 2 0.0
1609619075039018422 : Checking image 1 crop x1 51
1609619075039149133 : Checking image 1 crop y1 7
1609619075039192337 : Checking image 1 crop x2 2478
1609619075039231240 : Checking image 1 crop y2 3505
1609619077586983638 : Checking image 2 crop x1 160
1609619077587116949 : Checking image 2 crop y1 217
1609619077587159053 : Checking image 2 crop x2 2242
1609619077587199157 : Checking image 2 crop y2 3350
1609619077587379273 : Checking image 1 dpi 300
1609619077587454779 : Checking image 1 border top 5
1609619077587490883 : Checking image 1 border bottom 5
1609619077587523185 : Checking image 1 border left 27
1609619077587555788 : Checking image 1 border right 27
1609619077590081812 : Checking image 2 dpi 300
1609619077590174520 : Checking image 2 border top 206
1609619077590209123 : Checking image 2 border bottom 148
1609619077590241826 : Checking image 2 border left 189
1609619077590274729 : Checking image 2 border right 189

</system-out><system-err>--------------------------------- Captured Err ---------------------------------

</system-err></testcase><testcase classname="tests.test_images" name="test_crop_too_much_png" time="41.461"><system-out>--------------------------------- Captured Log ---------------------------------

--------------------------------- Captured Out ---------------------------------
/home/runner/work/ocr-book/ocr-book/tests/crop_too_much.png
1609619073015536868 : Checking separation double page angle 90.13239409272954
1609619073015657278 : Checking separation double page y=0 2455
1609619074739441483 : Checking page rotation 1 0.0
1609619076238751002 : Checking page rotation 2 0.2
1609619078382441605 : Checking image 1 crop x1 303
1609619078382576217 : Checking image 1 crop y1 148
1609619078382619021 : Checking image 1 crop x2 2313
1609619078382655524 : Checking image 1 crop y2 3351
1609619080049091654 : Checking image 2 crop x1 162
1609619080049229866 : Checking image 2 crop y1 151
1609619080049274970 : Checking image 2 crop x2 2186
1609619080049315374 : Checking image 2 crop y2 3363
1609619080049505891 : Checking image 1 dpi 300
1609619080049577197 : Checking image 1 border top 132
1609619080049616801 : Checking image 1 border bottom 152
1609619080049654304 : Checking image 1 border left 225
1609619080049691007 : Checking image 1 border right 225
1609619080051839597 : Checking image 2 dpi 300
1609619080051921105 : Checking image 2 border top 132
1609619080051959608 : Checking image 2 border bottom 143
1609619080051996611 : Checking image 2 border left 218
1609619080052033315 : Checking image 2 border right 218

</system-out><system-err>--------------------------------- Captured Err ---------------------------------

</system-err></testcase><testcase classname="tests.test_images" name="test_wrong_angle_split_line_png" time="30.253"><system-out>--------------------------------- Captured Log ---------------------------------

--------------------------------- Captured Out ---------------------------------
/home/runner/work/ocr-book/ocr-book/tests/wrong_angle_split_line.png
1609619095026206525 : Checking separation double page angle 90.09193420006348
1609619095026315935 : Checking separation double page y=0 2478
1609619096278249573 : Checking page rotation 1 0.1
1609619097253138884 : Checking page rotation 2 0.1
1609619102758134487 : Checking image 1 crop x1 58
1609619102758260598 : Checking image 1 crop y1 6
1609619102758301902 : Checking image 1 crop x2 2476
1609619102758338105 : Checking image 1 crop y2 3501
1609619107143299741 : Checking image 2 crop x1 166
1609619107143445354 : Checking image 2 crop y1 218
1609619107143487258 : Checking image 2 crop x2 2244
1609619107143526161 : Checking image 2 crop y2 3349
1609619107143705577 : Checking image 1 dpi 300
1609619107143784384 : Checking image 1 border top 6
1609619107143820888 : Checking image 1 border bottom 6
1609619107143855491 : Checking image 1 border left 31
1609619107143889994 : Checking image 1 border right 31
1609619107150427673 : Checking image 2 dpi 300
1609619107150529782 : Checking image 2 border top 207
1609619107150564285 : Checking image 2 border bottom 149
1609619107150596788 : Checking image 2 border left 191
1609619107150628991 : Checking image 2 border right 191

</system-out><system-err>--------------------------------- Captured Err ---------------------------------

</system-err></testcase><testcase classname="tests.test_images" name="test_crop_too_few_png" time="25.503"><system-out>--------------------------------- Captured Log ---------------------------------

--------------------------------- Captured Out ---------------------------------
/home/runner/work/ocr-book/ocr-book/tests/crop_too_few.png
1609619099820033540 : Checking separation double page angle 89.54670238452755
1609619099820143250 : Checking separation double page y=0 2512
1609619100794799640 : Checking page rotation 1 -0.6000000000000009
1609619101983570886 : Checking page rotation 2 0.0
1609619103710512752 : Checking image 1 crop x1 263
1609619103710633963 : Checking image 1 crop y1 150
1609619103710673467 : Checking image 1 crop x2 2379
1609619103710706669 : Checking image 1 crop y2 3358
1609619105573314266 : Checking image 2 crop x1 137
1609619105573443578 : Checking image 2 crop y1 141
1609619105573483181 : Checking image 2 crop x2 2259
1609619105573518884 : Checking image 2 crop y2 3345
1609619105573698300 : Checking image 1 dpi 300
1609619105573764806 : Checking image 1 border top 130
1609619105573797809 : Checking image 1 border bottom 149
1609619105573830112 : Checking image 1 border left 172
1609619105573861515 : Checking image 1 border right 172
1609619105576052209 : Checking image 2 dpi 300
1609619105576136716 : Checking image 2 border top 130
1609619105576172019 : Checking image 2 border bottom 153
1609619105576205722 : Checking image 2 border left 169
1609619105576239425 : Checking image 2 border right 169

</system-out><system-err>--------------------------------- Captured Err ---------------------------------

</system-err></testcase><testcase classname="tests.test_images" name="test_crop_too_much_2_png" time="48.088"><system-out>--------------------------------- Captured Log ---------------------------------

--------------------------------- Captured Out ---------------------------------
/home/runner/work/ocr-book/ocr-book/tests/crop_too_much_2.png
1609619145628749160 : Checking separation double page angle 90.1149074900787
1609619145628864770 : Checking separation double page y=0 2478
1609619147164104155 : Checking page rotation 1 0.15000000000000002
1609619148815883062 : Checking page rotation 2 0.2
1609619150781914595 : Checking image 1 crop x1 330
1609619150782048607 : Checking image 1 crop y1 132
1609619150782090811 : Checking image 1 crop x2 2342
1609619150782127614 : Checking image 1 crop y2 3335
1609619153631802270 : Checking image 2 crop x1 162
1609619153631940783 : Checking image 2 crop y1 139
1609619153631986387 : Checking image 2 crop x2 2175
1609619153632026890 : Checking image 2 crop y2 3345
1609619153632215107 : Checking image 1 dpi 300
1609619153632288113 : Checking image 1 border top 122
1609619153632326117 : Checking image 1 border bottom 162
1609619153632365020 : Checking image 1 border left 224
1609619153632401524 : Checking image 1 border right 224
1609619153634554714 : Checking image 2 dpi 300
1609619153634642322 : Checking image 2 border top 130
1609619153634681025 : Checking image 2 border bottom 151
1609619153634717429 : Checking image 2 border left 223
1609619153634753232 : Checking image 2 border right 223

</system-out><system-err>--------------------------------- Captured Err ---------------------------------

</system-err></testcase><testcase classname="tests.test_images" name="test_angle_page_lower_split_line_png" time="31.158"><system-out>--------------------------------- Captured Log ---------------------------------

--------------------------------- Captured Out ---------------------------------
/home/runner/work/ocr-book/ocr-book/tests/angle_page_lower_split_line.png
1609619132145495553 : Checking separation double page angle 89.74927707086691
1609619132145616664 : Checking separation double page y=0 2474
1609619133644111588 : Checking page rotation 1 -0.14999999999999067
1609619135046253869 : Checking page rotation 2 0.1
1609619137219321532 : Checking image 1 crop x1 241
1609619137219433841 : Checking image 1 crop y1 156
1609619137219467444 : Checking image 1 crop x2 2357
1609619137219499647 : Checking image 1 crop y2 3368
1609619139069292123 : Checking image 2 crop x1 149
1609619139069413734 : Checking image 2 crop y1 146
1609619139069452337 : Checking image 2 crop x2 2259
1609619139069488740 : Checking image 2 crop y2 3351
1609619139069653655 : Checking image 1 dpi 300
1609619139069726061 : Checking image 1 border top 140
1609619139069760164 : Checking image 1 border bottom 135
1609619139069792767 : Checking image 1 border left 172
1609619139069825370 : Checking image 1 border right 172
1609619139072220182 : Checking image 2 dpi 300
1609619139072305089 : Checking image 2 border top 129
1609619139072342993 : Checking image 2 border bottom 152
1609619139072377796 : Checking image 2 border left 175
1609619139072412699 : Checking image 2 border right 175

</system-out><system-err>--------------------------------- Captured Err ---------------------------------

</system-err></testcase><testcase classname="tests.test_images" name="test_wrong_wave_split_line_png" time="46.139"><system-out>--------------------------------- Captured Log ---------------------------------

--------------------------------- Captured Out ---------------------------------
/home/runner/work/ocr-book/ocr-book/tests/wrong_wave_split_line.png
1609619173263334279 : Checking separation double page angle 90.37878604107719
1609619173263454790 : Checking separation double page y=0 2500
1609619174543374896 : Checking page rotation 1 -0.14999999999999067
1609619175883956507 : Checking page rotation 2 0.9
1609619180538996225 : Checking image 1 crop x1 385
1609619180539127837 : Checking image 1 crop y1 179
1609619180539168841 : Checking image 1 crop x2 2411
1609619180539205744 : Checking image 1 crop y2 3374
1609619185192389188 : Checking image 2 crop x1 17
1609619185192530701 : Checking image 2 crop y1 8
1609619185192575605 : Checking image 2 crop x2 2399
1609619185192615508 : Checking image 2 crop y2 3391
1609619185192790024 : Checking image 1 dpi 300
1609619185192867331 : Checking image 1 border top 173
1609619185192904634 : Checking image 1 border bottom 119
1609619185192940137 : Checking image 1 border left 217
1609619185192975440 : Checking image 1 border right 217
1609619185195368852 : Checking image 2 dpi 300
1609619185195455260 : Checking image 2 border top 0
1609619185195496764 : Checking image 2 border bottom 114
1609619185195531367 : Checking image 2 border left 49
1609619185195566070 : Checking image 2 border right 49

</system-out><system-err>--------------------------------- Captured Err ---------------------------------

</system-err></testcase><testcase classname="tests.test_images" name="test_wrong_split_line_2_png" time="47.335"><system-out>--------------------------------- Captured Log ---------------------------------

--------------------------------- Captured Out ---------------------------------
/home/runner/work/ocr-book/ocr-book/tests/wrong_split_line_2.png
1609619188313083603 : Checking separation double page angle 90.19944704411863
1609619188313214314 : Checking separation double page y=0 2437
1609619190063324929 : Checking page rotation 1 0.2
1609619191633683709 : Checking page rotation 2 0.2
1609619195135757167 : Checking image 1 crop x1 294
1609619195135901380 : Checking image 1 crop y1 136
1609619195135944583 : Checking image 1 crop x2 2325
1609619195135983987 : Checking image 1 crop y2 3376
1609619200974303947 : Checking image 2 crop x1 136
1609619200974426358 : Checking image 2 crop y1 190
1609619200974467962 : Checking image 2 crop x2 2172
1609619200974505365 : Checking image 2 crop y2 3389
1609619200974682581 : Checking image 1 dpi 300
1609619200974751387 : Checking image 1 border top 131
1609619200974788590 : Checking image 1 border bottom 116
1609619200974822893 : Checking image 1 border left 214
1609619200974856696 : Checking image 1 border right 214
1609619200976991585 : Checking image 2 dpi 300
1609619200977079193 : Checking image 2 border top 181
1609619200977117796 : Checking image 2 border bottom 107
1609619200977154099 : Checking image 2 border left 212
1609619200977189903 : Checking image 2 border right 212

</system-out><system-err>--------------------------------- Captured Err ---------------------------------

</system-err></testcase><testcase classname="tests.test_images" name="test_no_split_line_line_algo_png" time="30.680"><system-out>--------------------------------- Captured Log ---------------------------------

--------------------------------- Captured Out ---------------------------------
/home/runner/work/ocr-book/ocr-book/tests/no_split_line_line_algo.png
1609619208676740391 : Checking separation double page angle 89.47691469185418
1609619208676855301 : Checking separation double page y=0 2476
1609619209627925929 : Checking page rotation 1 -0.14999999999999067
1609619211038275532 : Checking page rotation 2 -0.14999999999999067
1609619212402707468 : Checking image 1 crop x1 205
1609619212402835780 : Checking image 1 crop y1 158
1609619212402877183 : Checking image 1 crop x2 2320
1609619212402915787 : Checking image 1 crop y2 3366
1609619215890843709 : Checking image 2 crop x1 185
1609619215890975221 : Checking image 2 crop y1 225
1609619215891017725 : Checking image 2 crop x2 2204
1609619215891057028 : Checking image 2 crop y2 3362
1609619215891236244 : Checking image 1 dpi 300
1609619215891313751 : Checking image 1 border top 144
1609619215891350654 : Checking image 1 border bottom 134
1609619215891387457 : Checking image 1 border left 172
1609619215891422961 : Checking image 1 border right 172
1609619215893912281 : Checking image 2 dpi 300
1609619215894006289 : Checking image 2 border top 223
1609619215894043292 : Checking image 2 border bottom 127
1609619215894078696 : Checking image 2 border left 220
1609619215894113499 : Checking image 2 border right 220

</system-out><system-err>--------------------------------- Captured Err ---------------------------------

</system-err></testcase><testcase classname="tests.test_images" name="test_small_wave_png" time="42.197"><system-out>--------------------------------- Captured Log ---------------------------------

--------------------------------- Captured Out ---------------------------------
/home/runner/work/ocr-book/ocr-book/tests/small_wave.png
1609619237913332020 : Checking separation double page angle 90.58816928841564
1609619237913448130 : Checking separation double page y=0 2497
1609619239478789764 : Checking page rotation 1 0.65
1609619240819663124 : Checking page rotation 2 0.65
1609619241957366689 : Checking image 1 crop x1 320
1609619241957501301 : Checking image 1 crop y1 199
1609619241957546705 : Checking image 1 crop x2 2353
1609619241957585809 : Checking image 1 crop y2 3394
1609619243179443228 : Checking image 2 crop x1 130
1609619243179575739 : Checking image 2 crop y1 222
1609619243179620943 : Checking image 2 crop x2 2163
1609619243179661547 : Checking image 2 crop y2 3420
1609619243179835562 : Checking image 1 dpi 300
1609619243179906369 : Checking image 1 border top 179
1609619243179946572 : Checking image 1 border bottom 112
1609619243179984275 : Checking image 1 border left 213
1609619243180020579 : Checking image 1 border right 213
1609619243182225274 : Checking image 2 dpi 300
1609619243182306781 : Checking image 2 border top 197
1609619243182342784 : Checking image 2 border bottom 92
1609619243182395089 : Checking image 2 border left 213
1609619243182430792 : Checking image 2 border right 213

</system-out><system-err>--------------------------------- Captured Err ---------------------------------

</system-err></testcase><testcase classname="tests.test_images" name="test_failed_split_line_line_algo_png" time="15.393"><system-out>--------------------------------- Captured Log ---------------------------------

--------------------------------- Captured Out ---------------------------------
/home/runner/work/ocr-book/ocr-book/tests/failed_split_line_line_algo.png
1609619227620914132 : Checking separation double page angle 90.04134220573248
1609619227621026742 : Checking separation double page y=0 2573
1609619228333508045 : Checking page rotation 1 -0.09999999999999377
1609619228877052185 : Checking page rotation 2 0.1
1609619230485876574 : Checking image 1 crop x1 408
1609619230486005086 : Checking image 1 crop y1 2926
1609619230486043589 : Checking image 1 crop x2 2420
1609619230486077492 : Checking image 1 crop y2 3173
1609619231316870664 : Checking image 2 crop x1 1184
1609619231316973773 : Checking image 2 crop y1 1745
1609619231317006676 : Checking image 2 crop x2 1185
1609619231317036379 : Checking image 2 crop y2 1746
1609619231317163290 : Checking image 1 dpi 300
1609619231317236096 : Checking image 1 border top 2922
1609619231317267799 : Checking image 1 border bottom 318
1609619231317298002 : Checking image 1 border left 224
1609619231317328404 : Checking image 1 border right 224
1609619231319036956 : Checking image 2 dpi 300
1609619231319111362 : Checking image 2 border top 1753
1609619231319145165 : Checking image 2 border bottom 1753
1609619231319176768 : Checking image 2 border left 1239
1609619231319208571 : Checking image 2 border right 1239

</system-out><system-err>--------------------------------- Captured Err ---------------------------------

</system-err></testcase><testcase classname="tests.test_images" name="test_failed_split_line_line_algo_2_png" time="34.380"><system-out>--------------------------------- Captured Log ---------------------------------

--------------------------------- Captured Out ---------------------------------
/home/runner/work/ocr-book/ocr-book/tests/failed_split_line_line_algo_2.png
1609619260698893214 : Checking separation double page angle 90.03068774449687
1609619260699021926 : Checking separation double page y=0 2500
1609619261910240583 : Checking page rotation 1 0.05
1609619262985760998 : Checking page rotation 2 0.5499999999999999
1609619264362706356 : Checking image 1 crop x1 271
1609619264362837868 : Checking image 1 crop y1 149
1609619264362880271 : Checking image 1 crop x2 2382
1609619264362917475 : Checking image 1 crop y2 3354
1609619265657406911 : Checking image 2 crop x1 120
1609619265657528422 : Checking image 2 crop y1 155
1609619265657567225 : Checking image 2 crop x2 2244
1609619265657603329 : Checking image 2 crop y2 3350
1609619265657767943 : Checking image 1 dpi 300
1609619265657840550 : Checking image 1 border top 141
1609619265657874353 : Checking image 1 border bottom 141
1609619265657907155 : Checking image 1 border left 174
1609619265657940058 : Checking image 1 border right 174
1609619265660328470 : Checking image 2 dpi 300
1609619265660415978 : Checking image 2 border top 140
1609619265660453482 : Checking image 2 border bottom 152
1609619265660488785 : Checking image 2 border left 168
1609619265660523788 : Checking image 2 border right 168

</system-out><system-err>--------------------------------- Captured Err ---------------------------------

</system-err></testcase><testcase classname="tests.test_images" name="test_wrong_split_line_3_png" time="31.418"><system-out>--------------------------------- Captured Log ---------------------------------

--------------------------------- Captured Out ---------------------------------
/home/runner/work/ocr-book/ocr-book/tests/wrong_split_line_3.png
1609619269117549634 : Checking separation double page angle 90.43729500214694
1609619269117669644 : Checking separation double page y=0 2498
1609619270473648937 : Checking page rotation 1 0.2
1609619271592443182 : Checking page rotation 2 0.85
1609619273036956921 : Checking image 1 crop x1 331
1609619273037083532 : Checking image 1 crop y1 166
1609619273037124736 : Checking image 1 crop x2 2377
1609619273037161139 : Checking image 1 crop y2 3375
1609619274616764861 : Checking image 2 crop x1 102
1609619274616892272 : Checking image 2 crop y1 207
1609619274616952278 : Checking image 2 crop x2 2135
1609619274616993381 : Checking image 2 crop y2 3414
1609619274617174698 : Checking image 1 dpi 300
1609619274617255605 : Checking image 1 border top 158
1609619274617292808 : Checking image 1 border bottom 120
1609619274617327111 : Checking image 1 border left 207
1609619274617361014 : Checking image 1 border right 207
1609619274619515605 : Checking image 2 dpi 300
1609619274619589312 : Checking image 2 border top 186
1609619274619624815 : Checking image 2 border bottom 94
1609619274619658618 : Checking image 2 border left 213
1609619274619692121 : Checking image 2 border right 213

</system-out><system-err>--------------------------------- Captured Err ---------------------------------

</system-err></testcase><testcase classname="tests.test_images" name="test_crop_too_much_3_png" time="36.272"><system-out>--------------------------------- Captured Log ---------------------------------

--------------------------------- Captured Out ---------------------------------
/home/runner/work/ocr-book/ocr-book/tests/crop_too_much_3.png
1609619295910715589 : Checking separation double page angle 89.49330634783144
1609619295910835999 : Checking separation double page y=0 2498
1609619296933759121 : Checking page rotation 1 -0.8999999999999949
1609619298290114149 : Checking page rotation 2 -0.14999999999999067
1609619300199525618 : Checking image 1 crop x1 374
1609619300199657730 : Checking image 1 crop y1 258
1609619300199699334 : Checking image 1 crop x2 2385
1609619300199736537 : Checking image 1 crop y2 3459
1609619301937309000 : Checking image 2 crop x1 168
1609619301937467014 : Checking image 2 crop y1 228
1609619301937520119 : Checking image 2 crop x2 2181
1609619301937575124 : Checking image 2 crop y2 3417
1609619301937747739 : Checking image 1 dpi 300
1609619301937822946 : Checking image 1 border top 239
1609619301937859549 : Checking image 1 border bottom 47
1609619301937894852 : Checking image 1 border left 224
1609619301937929855 : Checking image 1 border right 224
1609619301940307465 : Checking image 2 dpi 300
1609619301940389373 : Checking image 2 border top 209
1609619301940423476 : Checking image 2 border bottom 89
1609619301940455679 : Checking image 2 border left 223
1609619301940487881 : Checking image 2 border right 223

</system-out><system-err>--------------------------------- Captured Err ---------------------------------

</system-err></testcase><testcase classname="tests.test_images" name="test_wrong_wave_split_line_2_png" time="38.266"><system-out>--------------------------------- Captured Log ---------------------------------

--------------------------------- Captured Out ---------------------------------
/home/runner/work/ocr-book/ocr-book/tests/wrong_wave_split_line_2.png
1609619306469521817 : Checking separation double page angle 90.7708958311329
1609619306469634327 : Checking separation double page y=0 2490
1609619307753627596 : Checking page rotation 1 0.2
1609619309028779981 : Checking page rotation 2 1.65
1609619310397989300 : Checking image 1 crop x1 227
1609619310398124412 : Checking image 1 crop y1 147
1609619310398169716 : Checking image 1 crop x2 2342
1609619310398210920 : Checking image 1 crop y2 3353
1609619312878029485 : Checking image 2 crop x1 106
1609619312878162797 : Checking image 2 crop y1 195
1609619312878208001 : Checking image 2 crop x2 2231
1609619312878248404 : Checking image 2 crop y2 3398
1609619312878421319 : Checking image 1 dpi 300
1609619312878493326 : Checking image 1 border top 136
1609619312878533229 : Checking image 1 border bottom 145
1609619312878570533 : Checking image 1 border left 172
1609619312878606636 : Checking image 1 border right 172
1609619312880815731 : Checking image 2 dpi 300
1609619312880900838 : Checking image 2 border top 165
1609619312880939042 : Checking image 2 border bottom 118
1609619312880975345 : Checking image 2 border left 167
1609619312881011448 : Checking image 2 border right 167

</system-out><system-err>--------------------------------- Captured Err ---------------------------------

</system-err></testcase><testcase classname="tests.test_images" name="test_wrong_wave_split_line_3_png" time="33.799"><system-out>--------------------------------- Captured Log ---------------------------------

--------------------------------- Captured Out ---------------------------------
/home/runner/work/ocr-book/ocr-book/tests/wrong_wave_split_line_3.png
1609619330358330465 : Checking separation double page angle 90.05826063695574
1609619330358450876 : Checking separation double page y=0 2514
1609619331777799951 : Checking page rotation 1 0.0
1609619332957235799 : Checking page rotation 2 0.2
1609619334542716171 : Checking image 1 crop x1 274
1609619334542844582 : Checking image 1 crop y1 221
1609619334542886886 : Checking image 1 crop x2 2383
1609619334542934090 : Checking image 1 crop y2 3422
1609619335758330575 : Checking image 2 crop x1 112
1609619335758460187 : Checking image 2 crop y1 225
1609619335758502390 : Checking image 2 crop x2 2238
1609619335758542494 : Checking image 2 crop y2 3415
1609619335758718110 : Checking image 1 dpi 300
1609619335758793716 : Checking image 1 border top 201
1609619335758829619 : Checking image 1 border bottom 85
1609619335758864923 : Checking image 1 border left 175
1609619335758900126 : Checking image 1 border right 175
1609619335761346442 : Checking image 2 dpi 300
1609619335761434950 : Checking image 2 border top 207
1609619335761472253 : Checking image 2 border bottom 90
1609619335761509056 : Checking image 2 border left 167
1609619335761544559 : Checking image 2 border right 167

</system-out><system-err>--------------------------------- Captured Err ---------------------------------

</system-err></testcase><testcase classname="tests.test_images" name="test_no_split_line_wave_algo_png" time="44.860"><system-out>--------------------------------- Captured Log ---------------------------------

--------------------------------- Captured Out ---------------------------------
/home/runner/work/ocr-book/ocr-book/tests/no_split_line_wave_algo.png
1609619340022157752 : Checking separation double page angle 89.72500000000001
1609619340022275462 : Checking separation double page y=0 2484
1609619342846230243 : Checking page rotation 1 0.0
1609619344036157528 : Checking page rotation 2 -0.44999999999999746
1609619352138129231 : Checking image 1 crop x1 97
1609619352138226240 : Checking image 1 crop y1 79
1609619352138267144 : Checking image 1 crop x2 2494
1609619352138305647 : Checking image 1 crop y2 3505
1609619357710794890 : Checking image 2 crop x1 163
1609619357710921901 : Checking image 2 crop y1 267
1609619357710964905 : Checking image 2 crop x2 2238
1609619357711001008 : Checking image 2 crop y2 3380
1609619357711171423 : Checking image 1 dpi 300
1609619357711237329 : Checking image 1 border top 41
1609619357711273932 : Checking image 1 border bottom 41
1609619357711308035 : Checking image 1 border left 42
1609619357711341938 : Checking image 1 border right 42
1609619357713527331 : Checking image 2 dpi 300
1609619357713605838 : Checking image 2 border top 255
1609619357713638041 : Checking image 2 border bottom 119
1609619357713667644 : Checking image 2 border left 192
1609619357713697346 : Checking image 2 border right 192

</system-out><system-err>--------------------------------- Captured Err ---------------------------------

</system-err></testcase><testcase classname="tests.test_images" name="test_no_split_line_wave_algo_2_png" time="27.140"><system-out>--------------------------------- Captured Log ---------------------------------

--------------------------------- Captured Out ---------------------------------
/home/runner/work/ocr-book/ocr-book/tests/no_split_line_wave_algo_2.png
1609619358194244204 : Checking separation double page angle 90.54999999999998
1609619358194362214 : Checking separation double page y=0 2478
1609619359271474027 : Checking page rotation 1 1.0999999999999999
1609619360335546810 : Checking page rotation 2 0.2
1609619361719835305 : Checking image 1 crop x1 266
1609619361719952915 : Checking image 1 crop y1 210
1609619361719988818 : Checking image 1 crop x2 2342
1609619361720020621 : Checking image 1 crop y2 3413
1609619362890724732 : Checking image 2 crop x1 168
1609619362890850643 : Checking image 2 crop y1 241
1609619362890889246 : Checking image 2 crop x2 2251
1609619362890925249 : Checking image 2 crop y2 3433
1609619362891083463 : Checking image 1 dpi 300
1609619362891155870 : Checking image 1 border top 192
1609619362891189773 : Checking image 1 border bottom 91
1609619362891222276 : Checking image 1 border left 192
1609619362891254678 : Checking image 1 border right 192
1609619362893682093 : Checking image 2 dpi 300
1609619362893769901 : Checking image 2 border top 224
1609619362893804904 : Checking image 2 border bottom 71
1609619362893837307 : Checking image 2 border left 188
1609619362893869610 : Checking image 2 border right 188

</system-out><system-err>--------------------------------- Captured Err ---------------------------------

</system-err></testcase><testcase classname="tests.test_images" name="test_crop_too_few_2_png" time="27.726"><system-out>--------------------------------- Captured Log ---------------------------------

--------------------------------- Captured Out ---------------------------------
/home/runner/work/ocr-book/ocr-book/tests/crop_too_few_2.png
1609619379658441927 : Checking separation double page angle 90.30476192320097
1609619379658557937 : Checking separation double page y=0 2531
1609619380726012952 : Checking page rotation 1 1.0999999999999999
1609619381871242940 : Checking page rotation 2 -0.04999999999999689
1609619383514774019 : Checking image 1 crop x1 289
1609619383514886029 : Checking image 1 crop y1 165
1609619383514920832 : Checking image 1 crop x2 2400
1609619383514952235 : Checking image 1 crop y2 3367
1609619385496358738 : Checking image 2 crop x1 149
1609619385496492550 : Checking image 2 crop y1 189
1609619385496534654 : Checking image 2 crop x2 2273
1609619385496581758 : Checking image 2 crop y2 3386
1609619385496797277 : Checking image 1 dpi 300
1609619385496872184 : Checking image 1 border top 157
1609619385496912087 : Checking image 1 border bottom 128
1609619385496949491 : Checking image 1 border left 174
1609619385496986694 : Checking image 1 border right 174
1609619385499183088 : Checking image 2 dpi 300
1609619385499267796 : Checking image 2 border top 181
1609619385499309199 : Checking image 2 border bottom 109
1609619385499345702 : Checking image 2 border left 168
1609619385499381906 : Checking image 2 border right 168

</system-out><system-err>--------------------------------- Captured Err ---------------------------------

</system-err></testcase><testcase classname="tests.test_images" name="test_failed_detect_rectangle_png" time="32.584"><system-out>--------------------------------- Captured Log ---------------------------------

--------------------------------- Captured Out ---------------------------------
/home/runner/work/ocr-book/ocr-book/tests/failed_detect_rectangle.png
1609619389887495019 : Checking separation double page angle 90.19837516213148
1609619389887605629 : Checking separation double page y=0 2474
1609619391200522900 : Checking page rotation 1 0.2
1609619392649306790 : Checking page rotation 2 0.15000000000000002
1609619393828488238 : Checking image 1 crop x1 257
1609619393828614149 : Checking image 1 crop y1 201
1609619393828653752 : Checking image 1 crop x2 2333
1609619393828723858 : Checking image 1 crop y2 3402
1609619395482187975 : Checking image 2 crop x1 135
1609619395482307685 : Checking image 2 crop y1 214
1609619395482344688 : Checking image 2 crop x2 2219
1609619395482378491 : Checking image 2 crop y2 3406
1609619395482531205 : Checking image 1 dpi 300
1609619395482600411 : Checking image 1 border top 188
1609619395482631314 : Checking image 1 border bottom 97
1609619395482661616 : Checking image 1 border left 192
1609619395482691819 : Checking image 1 border right 192
1609619395485181438 : Checking image 2 dpi 300
1609619395485266346 : Checking image 2 border top 202
1609619395485298548 : Checking image 2 border bottom 93
1609619395485328751 : Checking image 2 border left 188
1609619395485358354 : Checking image 2 border right 188

</system-out><system-err>--------------------------------- Captured Err ---------------------------------

</system-err></testcase><testcase classname="tests.test_images" name="test_single_page_png" time="6.009"><system-out>--------------------------------- Captured Log ---------------------------------

--------------------------------- Captured Out ---------------------------------
/home/runner/work/ocr-book/ocr-book/tests/single_page.png
1609619388834669024 : Checking separation double page angle 90.04999999999998
1609619388834800536 : Checking separation double page y=0 2476
1609619389582903986 : Checking page rotation 1 0.0
1609619389668127122 : Checking page rotation 2 0.0
1609619391053976094 : Checking image 1 crop x1 1
1609619391054075003 : Checking image 1 crop y1 8
1609619391054113506 : Checking image 1 crop x2 2470
1609619391054146909 : Checking image 1 crop y2 3505
1609619391180849367 : Checking image 2 crop x1 0
1609619391180940275 : Checking image 2 crop y1 0
1609619391180973878 : Checking image 2 crop x2 0
1609619391181017282 : Checking image 2 crop y2 0
1609619391181078188 : Checking image 1 dpi 300
1609619391181136093 : Checking image 1 border top 5
1609619391181168596 : Checking image 1 border bottom 5
1609619391181199798 : Checking image 1 border left 6
1609619391181230601 : Checking image 1 border right 6
1609619391187211228 : Checking image 2 border top 0
1609619391187283034 : Checking image 2 border bottom 0
1609619391187315937 : Checking image 2 border left 0
1609619391187348240 : Checking image 2 border right 0

</system-out><system-err>--------------------------------- Captured Err ---------------------------------

</system-err></testcase><testcase classname="tests.test_images" name="test_wrong_split_line_4_png" time="15.625"><system-out>--------------------------------- Captured Log ---------------------------------

--------------------------------- Captured Out ---------------------------------
/home/runner/work/ocr-book/ocr-book/tests/wrong_split_line_4.png
1609619403809994387 : Checking separation double page angle 91.04999999999998
1609619403810109497 : Checking separation double page y=0 60
1609619403909374572 : Checking page rotation 1 1.0
1609619404987780496 : Checking page rotation 2 1.05
1609619405395420729 : Checking image 1 crop x1 0
1609619405395500836 : Checking image 1 crop y1 0
1609619405395532239 : Checking image 1 crop x2 0
1609619405395562142 : Checking image 1 crop y2 0
1609619407169891242 : Checking image 2 crop x1 291
1609619407170096861 : Checking image 2 crop y1 330
1609619407170166867 : Checking image 2 crop x2 2316
1609619407170230672 : Checking image 2 crop y2 3217
1609619407170510697 : Checking image 1 border top 0
1609619407170580103 : Checking image 1 border bottom 0
1609619407170642009 : Checking image 1 border left 0
1609619407170702914 : Checking image 1 border right 0
1609619407170785321 : Checking image 2 dpi 300
1609619407170889731 : Checking image 2 border top 322
1609619407170950636 : Checking image 2 border bottom 278
1609619407171009441 : Checking image 2 border left 217
1609619407171068046 : Checking image 2 border right 217

</system-out><system-err>--------------------------------- Captured Err ---------------------------------

</system-err></testcase><testcase classname="tests.test_images" name="test_no_split_line_wave_algo_3_png" time="9.182"><system-out>--------------------------------- Captured Log ---------------------------------

--------------------------------- Captured Out ---------------------------------
/home/runner/work/ocr-book/ocr-book/tests/no_split_line_wave_algo_3.png
1609619402602238529 : Checking separation double page angle 90.14999999999998
1609619402602366940 : Checking separation double page y=0 2408
1609619403466338910 : Checking page rotation 1 -0.09999999999999377
1609619403613803545 : Checking page rotation 2 0.0
1609619404250217900 : Checking image 1 crop x1 182
1609619404250318309 : Checking image 1 crop y1 2955
1609619404250357313 : Checking image 1 crop x2 2199
1609619404250394116 : Checking image 1 crop y2 3203
1609619404649059455 : Checking image 2 crop x1 0
1609619404649152764 : Checking image 2 crop y1 0
1609619404649187667 : Checking image 2 crop x2 0
1609619404649221070 : Checking image 2 crop y2 0
1609619404649288376 : Checking image 1 dpi 300
1609619404649354781 : Checking image 1 border top 2951
1609619404649390985 : Checking image 1 border bottom 288
1609619404649425688 : Checking image 1 border left 221
1609619404649460391 : Checking image 1 border right 221
1609619404659483277 : Checking image 2 border top 0
1609619404659557983 : Checking image 2 border bottom 0
1609619404659592286 : Checking image 2 border left 0
1609619404659626489 : Checking image 2 border right 0

</system-out><system-err>--------------------------------- Captured Err ---------------------------------

</system-err></testcase><testcase classname="tests.test_images" name="test_failed_split_line_line_algo_3_png" time="11.313"><system-out>--------------------------------- Captured Log ---------------------------------

--------------------------------- Captured Out ---------------------------------
/home/runner/work/ocr-book/ocr-book/tests/failed_split_line_line_algo_3.png
1609619416188075966 : Checking separation double page angle 90.0
1609619416188202777 : Checking separation double page y=0 40
1609619416252171131 : Checking page rotation 1 0.0
1609619416875279600 : Checking page rotation 2 -0.04999999999999689
1609619417175865566 : Checking image 1 crop x1 0
1609619417175965475 : Checking image 1 crop y1 0
1609619417176001378 : Checking image 1 crop x2 0
1609619417176043582 : Checking image 1 crop y2 0
1609619418502210487 : Checking image 2 crop x1 247
1609619418502309496 : Checking image 2 crop y1 153
1609619418502360301 : Checking image 2 crop x2 2260
1609619418502396504 : Checking image 2 crop y2 3360
1609619418502496513 : Checking image 1 border top 0
1609619418502548517 : Checking image 1 border bottom 0
1609619418502577620 : Checking image 1 border left 0
1609619418502606722 : Checking image 1 border right 0
1609619418502644226 : Checking image 2 dpi 300
1609619418502696930 : Checking image 2 border top 144
1609619418502727033 : Checking image 2 border bottom 136
1609619418502756036 : Checking image 2 border left 223
1609619418502785338 : Checking image 2 border right 223

</system-out><system-err>--------------------------------- Captured Err ---------------------------------

</system-err></testcase></testsuite></testsuites>