<?xml version="1.0" encoding="utf-8"?><testsuites><testsuite name="pytest" errors="0" failures="0" skipped="0" tests="36" time="773.327" timestamp="2020-12-28T07:18:31.705227" hostname="fv-az108-19"><testcase classname="tests.test_features" name="test_mock_stop_at_0" time="0.046"><system-out>--------------------------------- Captured Log ---------------------------------

--------------------------------- Captured Out ---------------------------------
/home/runner/work/ocr-book/ocr-book/tests/0001_0.png

</system-out><system-err>--------------------------------- Captured Err ---------------------------------

</system-err></testcase><testcase classname="tests.test_features" name="test_disabled_enable_debug" time="37.018"><system-out>--------------------------------- Captured Log ---------------------------------

--------------------------------- Captured Out ---------------------------------
/home/runner/work/ocr-book/ocr-book/tests/0001_debug.png
separation double page angle 90.5528088189967
separation double page y=0 2485
page rotation 1 0.5499999999999999
page rotation 2 0.2
image 1 crop x1 327
image 1 crop y1 334
image 1 crop x2 2346
image 1 crop y2 3221
image 2 crop x1 169
image 2 crop y1 648
image 2 crop x2 2186
image 2 crop y2 3361
image 1 dpi 300
image 1 border top 332
image 1 border bottom 268
image 1 border left 220
image 1 border right 220
image 2 dpi 300
image 2 border top 643
image 2 border bottom 131
image 2 border left 221
image 2 border right 221

</system-out><system-err>--------------------------------- Captured Err ---------------------------------

</system-err></testcase><testcase classname="tests.test_features" name="test_mock_stop_at_2" time="32.485"><system-out>--------------------------------- Captured Log ---------------------------------

--------------------------------- Captured Out ---------------------------------
/home/runner/work/ocr-book/ocr-book/tests/0001_2.png
separation double page angle 90.5528088189967
separation double page y=0 2485
page rotation 1 0.5499999999999999
page rotation 2 0.2

</system-out><system-err>--------------------------------- Captured Err ---------------------------------

</system-err></testcase><testcase classname="tests.test_features" name="test_mock_stop_at_4" time="36.212"><system-out>--------------------------------- Captured Log ---------------------------------

--------------------------------- Captured Out ---------------------------------
/home/runner/work/ocr-book/ocr-book/tests/0001_4.png
separation double page angle 90.5528088189967
separation double page y=0 2485
page rotation 1 0.5499999999999999
page rotation 2 0.2
image 1 crop x1 327
image 1 crop y1 334
image 1 crop x2 2346
image 1 crop y2 3221
image 2 crop x1 169
image 2 crop y1 648
image 2 crop x2 2186
image 2 crop y2 3361
image 1 dpi 300
image 1 border top 332
image 1 border bottom 268
image 1 border left 220
image 1 border right 220
image 2 dpi 300
image 2 border top 643
image 2 border bottom 131
image 2 border left 221
image 2 border right 221

</system-out><system-err>--------------------------------- Captured Err ---------------------------------

</system-err></testcase><testcase classname="tests.test_features" name="test_mock_stop_at_1" time="29.822"><system-out>--------------------------------- Captured Log ---------------------------------

--------------------------------- Captured Out ---------------------------------
/home/runner/work/ocr-book/ocr-book/tests/0001_1.png
separation double page angle 90.5528088189967
separation double page y=0 2485

</system-out><system-err>--------------------------------- Captured Err ---------------------------------

</system-err></testcase><testcase classname="tests.test_features" name="test_mock_stop_at_3" time="35.892"><system-out>--------------------------------- Captured Log ---------------------------------

--------------------------------- Captured Out ---------------------------------
/home/runner/work/ocr-book/ocr-book/tests/0001_3.png
separation double page angle 90.5528088189967
separation double page y=0 2485
page rotation 1 0.5499999999999999
page rotation 2 0.2
image 1 crop x1 327
image 1 crop y1 334
image 1 crop x2 2346
image 1 crop y2 3221
image 2 crop x1 169
image 2 crop y1 648
image 2 crop x2 2186
image 2 crop y2 3361

</system-out><system-err>--------------------------------- Captured Err ---------------------------------

</system-err></testcase><testcase classname="tests.test_images" name="test_0001_png" time="45.365"><system-out>--------------------------------- Captured Log ---------------------------------

--------------------------------- Captured Out ---------------------------------
/home/runner/work/ocr-book/ocr-book/tests/0001.png
1609140016646932137 : Checking separation double page angle 90.5528088189967
1609140016647059638 : Checking separation double page y=0 2485
1609140018755074885 : Checking page rotation 1 0.5499999999999999
1609140021107066116 : Checking page rotation 2 0.2
1609140024161908225 : Checking image 1 crop x1 327
1609140024162033727 : Checking image 1 crop y1 334
1609140024162071827 : Checking image 1 crop x2 2346
1609140024162103727 : Checking image 1 crop y2 3221
1609140026770172767 : Checking image 2 crop x1 169
1609140026770298468 : Checking image 2 crop y1 648
1609140026770336469 : Checking image 2 crop x2 2186
1609140026770368869 : Checking image 2 crop y2 3361
1609140026801284831 : Checking image 1 dpi 300
1609140026801393633 : Checking image 1 border top 332
1609140026801427233 : Checking image 1 border bottom 268
1609140026801458333 : Checking image 1 border left 220
1609140026801489134 : Checking image 1 border right 220
1609140026804403868 : Checking image 2 dpi 300
1609140026804501969 : Checking image 2 border top 643
1609140026804534669 : Checking image 2 border bottom 131
1609140026804566070 : Checking image 2 border left 221
1609140026804597070 : Checking image 2 border right 221

</system-out><system-err>--------------------------------- Captured Err ---------------------------------

</system-err></testcase><testcase classname="tests.test_features" name="test_mock_stop_at_5" time="35.968"><system-out>--------------------------------- Captured Log ---------------------------------

--------------------------------- Captured Out ---------------------------------
/home/runner/work/ocr-book/ocr-book/tests/0001_5.png
separation double page angle 90.5528088189967
separation double page y=0 2485
page rotation 1 0.5499999999999999
page rotation 2 0.2
image 1 crop x1 327
image 1 crop y1 334
image 1 crop x2 2346
image 1 crop y2 3221
image 2 crop x1 169
image 2 crop y1 648
image 2 crop x2 2186
image 2 crop y2 3361
image 1 dpi 300
image 1 border top 332
image 1 border bottom 268
image 1 border left 220
image 1 border right 220
image 2 dpi 300
image 2 border top 643
image 2 border bottom 131
image 2 border left 221
image 2 border right 221

</system-out><system-err>--------------------------------- Captured Err ---------------------------------

</system-err></testcase><testcase classname="tests.test_images" name="test_black_border_not_removed_png" time="48.514"><system-out>--------------------------------- Captured Log ---------------------------------

--------------------------------- Captured Out ---------------------------------
/home/runner/work/ocr-book/ocr-book/tests/black-border-not-removed.png
1609140063463930891 : Checking separation double page angle 90.033171103531
1609140063464037992 : Checking separation double page y=0 2455
1609140065595505579 : Checking page rotation 1 0.0
1609140068198502514 : Checking page rotation 2 0.05
1609140071951347096 : Checking image 1 crop x1 297
1609140071951464898 : Checking image 1 crop y1 143
1609140071951500798 : Checking image 1 crop x2 2309
1609140071951532698 : Checking image 1 crop y2 3346
1609140075278287932 : Checking image 2 crop x1 157
1609140075278408034 : Checking image 2 crop y1 145
1609140075278445434 : Checking image 2 crop x2 2170
1609140075278478535 : Checking image 2 crop y2 3351
1609140075316793980 : Checking image 1 dpi 300
1609140075316907681 : Checking image 1 border top 132
1609140075316942981 : Checking image 1 border bottom 152
1609140075316974282 : Checking image 1 border left 224
1609140075317004682 : Checking image 1 border right 224
1609140075319376310 : Checking image 2 dpi 300
1609140075319456910 : Checking image 2 border top 134
1609140075319489811 : Checking image 2 border bottom 147
1609140075319520811 : Checking image 2 border left 223
1609140075319551412 : Checking image 2 border right 223

</system-out><system-err>--------------------------------- Captured Err ---------------------------------

</system-err></testcase><testcase classname="tests.test_images" name="test_2_pages_2_contours_png" time="30.408"><system-out>--------------------------------- Captured Log ---------------------------------

--------------------------------- Captured Out ---------------------------------
/home/runner/work/ocr-book/ocr-book/tests/2-pages-2-contours.png
1609140073677833446 : Checking separation double page angle 90.09036871657068
1609140073677944447 : Checking separation double page y=0 2486
1609140075189323399 : Checking page rotation 1 0.0
1609140077286293280 : Checking page rotation 2 0.2
1609140078803646954 : Checking image 1 crop x1 1191
1609140078803757154 : Checking image 1 crop y1 1750
1609140078803790455 : Checking image 1 crop x2 1192
1609140078803820555 : Checking image 1 crop y2 1751
1609140081792700299 : Checking image 2 crop x1 99
1609140081792828200 : Checking image 2 crop y1 240
1609140081792867401 : Checking image 2 crop x2 2147
1609140081792900801 : Checking image 2 crop y2 3240
1609140081823986181 : Checking image 1 dpi 300
1609140081824088282 : Checking image 1 border top 1752
1609140081824122983 : Checking image 1 border bottom 1753
1609140081824153583 : Checking image 1 border left 1239
1609140081824184183 : Checking image 1 border right 1239
1609140081825914705 : Checking image 2 dpi 300
1609140081826000506 : Checking image 2 border top 229
1609140081826032306 : Checking image 2 border bottom 258
1609140081826063706 : Checking image 2 border left 206
1609140081826094907 : Checking image 2 border right 206

</system-out><system-err>--------------------------------- Captured Err ---------------------------------

</system-err></testcase><testcase classname="tests.test_images" name="test_image_failed_to_rotate_png" time="56.002"><system-out>--------------------------------- Captured Log ---------------------------------

--------------------------------- Captured Out ---------------------------------
/home/runner/work/ocr-book/ocr-book/tests/image_failed_to_rotate.png
1609140109856868675 : Checking separation double page angle 90.13063640287984
1609140109856966675 : Checking separation double page y=0 2479
1609140113105527698 : Checking page rotation 1 0.45
1609140115649622235 : Checking page rotation 2 0.2
1609140127063196150 : Checking image 1 crop x1 31
1609140127063314551 : Checking image 1 crop y1 1
1609140127063349951 : Checking image 1 crop x2 2477
1609140127063383752 : Checking image 1 crop y2 3504
1609140131194677161 : Checking image 2 crop x1 161
1609140131194804662 : Checking image 2 crop y1 231
1609140131194840262 : Checking image 2 crop x2 2249
1609140131194873863 : Checking image 2 crop y2 3359
1609140131233180813 : Checking image 1 dpi 300
1609140131233294714 : Checking image 1 border top 2
1609140131233331514 : Checking image 1 border bottom 2
1609140131233362514 : Checking image 1 border left 17
1609140131233393715 : Checking image 1 border right 17
1609140131236470735 : Checking image 2 dpi 300
1609140131236576735 : Checking image 2 border top 216
1609140131236608736 : Checking image 2 border bottom 143
1609140131236639936 : Checking image 2 border left 186
1609140131236671336 : Checking image 2 border right 186

</system-out><system-err>--------------------------------- Captured Err ---------------------------------

</system-err></testcase><testcase classname="tests.test_images" name="test_wrong_split_line_png" time="37.303"><system-out>--------------------------------- Captured Log ---------------------------------

--------------------------------- Captured Out ---------------------------------
/home/runner/work/ocr-book/ocr-book/tests/wrong_split_line.png
1609140109970909941 : Checking separation double page angle 89.93395720607973
1609140109971015641 : Checking separation double page y=0 2465
1609140111986892384 : Checking page rotation 1 -0.04999999999999689
1609140113985497910 : Checking page rotation 2 0.5499999999999999
1609140116130121677 : Checking image 1 crop x1 211
1609140116130249178 : Checking image 1 crop y1 156
1609140116130286678 : Checking image 1 crop x2 2323
1609140116130321278 : Checking image 1 crop y2 3363
1609140119090218639 : Checking image 2 crop x1 125
1609140119090345840 : Checking image 2 crop y1 166
1609140119090384640 : Checking image 2 crop x2 2236
1609140119090419740 : Checking image 2 crop y2 3373
1609140119123248214 : Checking image 1 dpi 300
1609140119123357515 : Checking image 1 border top 134
1609140119123393015 : Checking image 1 border bottom 146
1609140119123425115 : Checking image 1 border left 174
1609140119123455915 : Checking image 1 border right 174
1609140119125713427 : Checking image 2 dpi 300
1609140119125801627 : Checking image 2 border top 146
1609140119125834428 : Checking image 2 border bottom 134
1609140119125865628 : Checking image 2 border left 174
1609140119125896028 : Checking image 2 border right 174

</system-out><system-err>--------------------------------- Captured Err ---------------------------------

</system-err></testcase><testcase classname="tests.test_images" name="test_crop_too_much_png" time="59.063"><system-out>--------------------------------- Captured Log ---------------------------------

--------------------------------- Captured Out ---------------------------------
/home/runner/work/ocr-book/ocr-book/tests/crop_too_much.png
1609140166315393433 : Checking separation double page angle 90.13239409272954
1609140166315498833 : Checking separation double page y=0 2455
1609140169076080124 : Checking page rotation 1 0.0
1609140172102443160 : Checking page rotation 2 0.2
1609140175391499976 : Checking image 1 crop x1 303
1609140175391628178 : Checking image 1 crop y1 148
1609140175391666178 : Checking image 1 crop x2 2313
1609140175391699179 : Checking image 1 crop y2 3351
1609140178131320778 : Checking image 2 crop x1 162
1609140178131453480 : Checking image 2 crop y1 151
1609140178131489880 : Checking image 2 crop x2 2186
1609140178131524281 : Checking image 2 crop y2 3363
1609140178175334612 : Checking image 1 dpi 300
1609140178175445113 : Checking image 1 border top 132
1609140178175479414 : Checking image 1 border bottom 152
1609140178175511814 : Checking image 1 border left 225
1609140178175542014 : Checking image 1 border right 225
1609140178177945043 : Checking image 2 dpi 300
1609140178178031644 : Checking image 2 border top 132
1609140178178064245 : Checking image 2 border bottom 143
1609140178178095345 : Checking image 2 border left 218
1609140178178125746 : Checking image 2 border right 218

</system-out><system-err>--------------------------------- Captured Err ---------------------------------

</system-err></testcase><testcase classname="tests.test_images" name="test_image_failed_to_crop_data_png" time="57.252"><system-out>--------------------------------- Captured Log ---------------------------------

--------------------------------- Captured Out ---------------------------------
/home/runner/work/ocr-book/ocr-book/tests/image_failed_to_crop_data.png
1609140165434761205 : Checking separation double page angle 90.053197600644
1609140165434868010 : Checking separation double page y=0 2480
1609140169516344840 : Checking page rotation 1 0.15000000000000002
1609140171857926639 : Checking page rotation 2 0.0
1609140184662353978 : Checking image 1 crop x1 51
1609140184662478979 : Checking image 1 crop y1 7
1609140184662519180 : Checking image 1 crop x2 2478
1609140184662552880 : Checking image 1 crop y2 3505
1609140188489662510 : Checking image 2 crop x1 160
1609140188489792212 : Checking image 2 crop y1 217
1609140188489828912 : Checking image 2 crop x2 2242
1609140188489862612 : Checking image 2 crop y2 3350
1609140188519746877 : Checking image 1 dpi 300
1609140188519866278 : Checking image 1 border top 5
1609140188519903479 : Checking image 1 border bottom 5
1609140188519935179 : Checking image 1 border left 27
1609140188519965880 : Checking image 1 border right 27
1609140188523004917 : Checking image 2 dpi 300
1609140188523111218 : Checking image 2 border top 206
1609140188523144118 : Checking image 2 border bottom 148
1609140188523174619 : Checking image 2 border left 189
1609140188523205419 : Checking image 2 border right 189

</system-out><system-err>--------------------------------- Captured Err ---------------------------------

</system-err></testcase><testcase classname="tests.test_images" name="test_crop_too_few_png" time="37.715"><system-out>--------------------------------- Captured Log ---------------------------------

--------------------------------- Captured Out ---------------------------------
/home/runner/work/ocr-book/ocr-book/tests/crop_too_few.png
1609140206565515966 : Checking separation double page angle 89.54670238452755
1609140206565622867 : Checking separation double page y=0 2512
1609140208597771911 : Checking page rotation 1 -0.6000000000000009
1609140210790163414 : Checking page rotation 2 0.0
1609140213306158788 : Checking image 1 crop x1 263
1609140213306286790 : Checking image 1 crop y1 150
1609140213306324290 : Checking image 1 crop x2 2379
1609140213306357191 : Checking image 1 crop y2 3358
1609140215882687056 : Checking image 2 crop x1 137
1609140215882818757 : Checking image 2 crop y1 141
1609140215882856658 : Checking image 2 crop x2 2259
1609140215882892258 : Checking image 2 crop y2 3345
1609140215913309029 : Checking image 1 dpi 300
1609140215913417030 : Checking image 1 border top 130
1609140215913452530 : Checking image 1 border bottom 149
1609140215913484431 : Checking image 1 border left 172
1609140215913516131 : Checking image 1 border right 172
1609140215915937761 : Checking image 2 dpi 300
1609140215916029262 : Checking image 2 border top 130
1609140215916062462 : Checking image 2 border bottom 153
1609140215916093763 : Checking image 2 border left 169
1609140215916124563 : Checking image 2 border right 169

</system-out><system-err>--------------------------------- Captured Err ---------------------------------

</system-err></testcase><testcase classname="tests.test_images" name="test_wrong_angle_split_line_png" time="62.702"><system-out>--------------------------------- Captured Log ---------------------------------

--------------------------------- Captured Out ---------------------------------
/home/runner/work/ocr-book/ocr-book/tests/wrong_angle_split_line.png
1609140222310781717 : Checking separation double page angle 90.09193420006348
1609140222310891019 : Checking separation double page y=0 2478
1609140227230445589 : Checking page rotation 1 0.1
1609140230403752831 : Checking page rotation 2 0.1
1609140243463641018 : Checking image 1 crop x1 58
1609140243463767419 : Checking image 1 crop y1 6
1609140243463805120 : Checking image 1 crop x2 2476
1609140243463838820 : Checking image 1 crop y2 3501
1609140250472825789 : Checking image 2 crop x1 166
1609140250472953291 : Checking image 2 crop y1 218
1609140250472989791 : Checking image 2 crop x2 2244
1609140250473023592 : Checking image 2 crop y2 3349
1609140250622553324 : Checking image 1 dpi 300
1609140250622699525 : Checking image 1 border top 6
1609140250622736626 : Checking image 1 border bottom 6
1609140250622767626 : Checking image 1 border left 31
1609140250622798727 : Checking image 1 border right 31
1609140250631689236 : Checking image 2 dpi 300
1609140250631802237 : Checking image 2 border top 207
1609140250631834737 : Checking image 2 border bottom 149
1609140250631866638 : Checking image 2 border left 191
1609140250631897038 : Checking image 2 border right 191

</system-out><system-err>--------------------------------- Captured Err ---------------------------------

</system-err></testcase><testcase classname="tests.test_images" name="test_crop_too_much_2_png" time="66.794"><system-out>--------------------------------- Captured Log ---------------------------------

--------------------------------- Captured Out ---------------------------------
/home/runner/work/ocr-book/ocr-book/tests/crop_too_much_2.png
1609140269453766842 : Checking separation double page angle 90.1149074900787
1609140269453872843 : Checking separation double page y=0 2478
1609140272137362223 : Checking page rotation 1 0.15000000000000002
1609140275258004960 : Checking page rotation 2 0.2
1609140278712902002 : Checking image 1 crop x1 330
1609140278713032104 : Checking image 1 crop y1 132
1609140278713069904 : Checking image 1 crop x2 2342
1609140278713102505 : Checking image 1 crop y2 3335
1609140282627294439 : Checking image 2 crop x1 162
1609140282627421341 : Checking image 2 crop y1 139
1609140282627458041 : Checking image 2 crop x2 2175
1609140282627492442 : Checking image 2 crop y2 3345
1609140282677058753 : Checking image 1 dpi 300
1609140282677170254 : Checking image 1 border top 122
1609140282677204454 : Checking image 1 border bottom 162
1609140282677235655 : Checking image 1 border left 224
1609140282677266155 : Checking image 1 border right 224
1609140282679557483 : Checking image 2 dpi 300
1609140282679648585 : Checking image 2 border top 130
1609140282679684885 : Checking image 2 border bottom 151
1609140282679719285 : Checking image 2 border left 223
1609140282679749686 : Checking image 2 border right 223

</system-out><system-err>--------------------------------- Captured Err ---------------------------------

</system-err></testcase><testcase classname="tests.test_images" name="test_angle_page_lower_split_line_png" time="44.987"><system-out>--------------------------------- Captured Log ---------------------------------

--------------------------------- Captured Out ---------------------------------
/home/runner/work/ocr-book/ocr-book/tests/angle_page_lower_split_line.png
1609140284347008307 : Checking separation double page angle 89.74927707086691
1609140284347112608 : Checking separation double page y=0 2474
1609140287034954621 : Checking page rotation 1 -0.14999999999999067
1609140289587570372 : Checking page rotation 2 0.1
1609140292917285136 : Checking image 1 crop x1 241
1609140292917417738 : Checking image 1 crop y1 156
1609140292917455038 : Checking image 1 crop x2 2357
1609140292917488639 : Checking image 1 crop y2 3368
1609140296241575074 : Checking image 2 crop x1 149
1609140296241704476 : Checking image 2 crop y1 146
1609140296241740976 : Checking image 2 crop x2 2259
1609140296241775176 : Checking image 2 crop y2 3351
1609140296275857394 : Checking image 1 dpi 300
1609140296275973695 : Checking image 1 border top 140
1609140296276007896 : Checking image 1 border bottom 135
1609140296276039596 : Checking image 1 border left 172
1609140296276070897 : Checking image 1 border right 172
1609140296279030633 : Checking image 2 dpi 300
1609140296279124834 : Checking image 2 border top 131
1609140296279158535 : Checking image 2 border bottom 151
1609140296279189735 : Checking image 2 border left 175
1609140296279221635 : Checking image 2 border right 175

</system-out><system-err>--------------------------------- Captured Err ---------------------------------

</system-err></testcase><testcase classname="tests.test_images" name="test_wrong_split_line_2_png" time="64.886"><system-out>--------------------------------- Captured Log ---------------------------------

--------------------------------- Captured Out ---------------------------------
/home/runner/work/ocr-book/ocr-book/tests/wrong_split_line_2.png
1609140329618616652 : Checking separation double page angle 90.19944704411863
1609140329618744254 : Checking separation double page y=0 2437
1609140332516196367 : Checking page rotation 1 0.2
1609140335177348247 : Checking page rotation 2 0.2
1609140339994371024 : Checking image 1 crop x1 294
1609140339994499726 : Checking image 1 crop y1 136
1609140339994536026 : Checking image 1 crop x2 2325
1609140339994568927 : Checking image 1 crop y2 3376
1609140347532410294 : Checking image 2 crop x1 136
1609140347532541295 : Checking image 2 crop y1 190
1609140347532579696 : Checking image 2 crop x2 2172
1609140347532614196 : Checking image 2 crop y2 3389
1609140347576969940 : Checking image 1 dpi 300
1609140347577077342 : Checking image 1 border top 131
1609140347577111542 : Checking image 1 border bottom 116
1609140347577142843 : Checking image 1 border left 214
1609140347577173343 : Checking image 1 border right 214
1609140347579385470 : Checking image 2 dpi 300
1609140347579469171 : Checking image 2 border top 181
1609140347579500871 : Checking image 2 border bottom 107
1609140347579531372 : Checking image 2 border left 212
1609140347579562172 : Checking image 2 border right 212

</system-out><system-err>--------------------------------- Captured Err ---------------------------------

</system-err></testcase><testcase classname="tests.test_images" name="test_wrong_wave_split_line_png" time="62.858"><system-out>--------------------------------- Captured Log ---------------------------------

--------------------------------- Captured Out ---------------------------------
/home/runner/work/ocr-book/ocr-book/tests/wrong_wave_split_line.png
1609140341045690621 : Checking separation double page angle 90.37878604107719
1609140341045792022 : Checking separation double page y=0 2500
1609140343694704417 : Checking page rotation 1 -0.14999999999999067
1609140346289631949 : Checking page rotation 2 0.9
1609140352854413684 : Checking image 1 crop x1 385
1609140352854542185 : Checking image 1 crop y1 179
1609140352854578986 : Checking image 1 crop x2 2411
1609140352854612086 : Checking image 1 crop y2 3374
1609140359069279984 : Checking image 2 crop x1 17
1609140359069403285 : Checking image 2 crop y1 8
1609140359069441986 : Checking image 2 crop x2 2399
1609140359069477486 : Checking image 2 crop y2 3391
1609140359115997557 : Checking image 1 dpi 300
1609140359116108859 : Checking image 1 border top 173
1609140359116142559 : Checking image 1 border bottom 119
1609140359116174459 : Checking image 1 border left 217
1609140359116204560 : Checking image 1 border right 217
1609140359118593189 : Checking image 2 dpi 300
1609140359118708991 : Checking image 2 border top 0
1609140359118745691 : Checking image 2 border bottom 114
1609140359118777091 : Checking image 2 border left 49
1609140359118807492 : Checking image 2 border right 49

</system-out><system-err>--------------------------------- Captured Err ---------------------------------

</system-err></testcase><testcase classname="tests.test_images" name="test_small_wave_png" time="62.441"><system-out>--------------------------------- Captured Log ---------------------------------

--------------------------------- Captured Out ---------------------------------
/home/runner/work/ocr-book/ocr-book/tests/small_wave.png
1609140400156405944 : Checking separation double page angle 90.58816928841564
1609140400156516445 : Checking separation double page y=0 2497
1609140403014475849 : Checking page rotation 1 0.65
1609140405512992241 : Checking page rotation 2 0.65
1609140407801293851 : Checking image 1 crop x1 320
1609140407801420453 : Checking image 1 crop y1 199
1609140407801458553 : Checking image 1 crop x2 2353
1609140407801490754 : Checking image 1 crop y2 3394
1609140409983415658 : Checking image 2 crop x1 130
1609140409983539059 : Checking image 2 crop y1 222
1609140409983578260 : Checking image 2 crop x2 2163
1609140409983614260 : Checking image 2 crop y2 3420
1609140410021354924 : Checking image 1 dpi 300
1609140410021463425 : Checking image 1 border top 179
1609140410021497426 : Checking image 1 border bottom 112
1609140410021528726 : Checking image 1 border left 213
1609140410021559226 : Checking image 1 border right 213
1609140410023506350 : Checking image 2 dpi 300
1609140410023589051 : Checking image 2 border top 197
1609140410023620752 : Checking image 2 border bottom 92
1609140410023651552 : Checking image 2 border left 213
1609140410023681952 : Checking image 2 border right 213

</system-out><system-err>--------------------------------- Captured Err ---------------------------------

</system-err></testcase><testcase classname="tests.test_images" name="test_no_split_line_line_algo_png" time="43.375"><system-out>--------------------------------- Captured Log ---------------------------------

--------------------------------- Captured Out ---------------------------------
/home/runner/work/ocr-book/ocr-book/tests/no_split_line_line_algo.png
1609140391406682990 : Checking separation double page angle 89.47691469185418
1609140391406791191 : Checking separation double page y=0 2476
1609140393360195833 : Checking page rotation 1 -0.14999999999999067
1609140395851946173 : Checking page rotation 2 -0.14999999999999067
1609140397986488991 : Checking image 1 crop x1 205
1609140397986613492 : Checking image 1 crop y1 158
1609140397986678993 : Checking image 1 crop x2 2320
1609140397986714594 : Checking image 1 crop y2 3366
1609140402477312551 : Checking image 2 crop x1 185
1609140402477442253 : Checking image 2 crop y1 225
1609140402477478953 : Checking image 2 crop x2 2204
1609140402477512954 : Checking image 2 crop y2 3362
1609140402515955026 : Checking image 1 dpi 300
1609140402516074627 : Checking image 1 border top 144
1609140402516108328 : Checking image 1 border bottom 134
1609140402516139528 : Checking image 1 border left 172
1609140402516170329 : Checking image 1 border right 172
1609140402519152665 : Checking image 2 dpi 300
1609140402519247866 : Checking image 2 border top 224
1609140402519281167 : Checking image 2 border bottom 126
1609140402519312467 : Checking image 2 border left 220
1609140402519343167 : Checking image 2 border right 220

</system-out><system-err>--------------------------------- Captured Err ---------------------------------

</system-err></testcase><testcase classname="tests.test_images" name="test_failed_split_line_line_algo_png" time="24.861"><system-out>--------------------------------- Captured Log ---------------------------------

--------------------------------- Captured Out ---------------------------------
/home/runner/work/ocr-book/ocr-book/tests/failed_split_line_line_algo.png
1609140420166636893 : Checking separation double page angle 90.04134220573248
1609140420166761495 : Checking separation double page y=0 2573
1609140421934318820 : Checking page rotation 1 -0.09999999999999377
1609140423397608506 : Checking page rotation 2 0.1
1609140425839554520 : Checking image 1 crop x1 408
1609140425839684922 : Checking image 1 crop y1 2926
1609140425839720722 : Checking image 1 crop x2 2420
1609140425839753022 : Checking image 1 crop y2 3173
1609140427402566731 : Checking image 2 crop x1 1184
1609140427402699433 : Checking image 2 crop y1 1745
1609140427402735933 : Checking image 2 crop x2 1185
1609140427402768234 : Checking image 2 crop y2 1746
1609140427403063837 : Checking image 1 dpi 300
1609140427403143738 : Checking image 1 border top 2922
1609140427403175839 : Checking image 1 border bottom 318
1609140427403207139 : Checking image 1 border left 224
1609140427403237739 : Checking image 1 border right 224
1609140427404829659 : Checking image 2 dpi 300
1609140427404904960 : Checking image 2 border top 1753
1609140427404937060 : Checking image 2 border bottom 1753
1609140427404966961 : Checking image 2 border left 1239
1609140427404996961 : Checking image 2 border right 1239

</system-out><system-err>--------------------------------- Captured Err ---------------------------------

</system-err></testcase><testcase classname="tests.test_images" name="test_wrong_split_line_3_png" time="45.960"><system-out>--------------------------------- Captured Log ---------------------------------

--------------------------------- Captured Out ---------------------------------
/home/runner/work/ocr-book/ocr-book/tests/wrong_split_line_3.png
1609140446238163922 : Checking separation double page angle 90.43729500214694
1609140446238268023 : Checking separation double page y=0 2498
1609140448870267613 : Checking page rotation 1 0.2
1609140451091834467 : Checking page rotation 2 0.85
1609140453503665146 : Checking image 1 crop x1 331
1609140453503794948 : Checking image 1 crop y1 166
1609140453503831848 : Checking image 1 crop x2 2377
1609140453503864249 : Checking image 1 crop y2 3375
1609140455965173129 : Checking image 2 crop x1 102
1609140455965297531 : Checking image 2 crop y1 207
1609140455965334031 : Checking image 2 crop x2 2135
1609140455965367332 : Checking image 2 crop y2 3414
1609140456000983568 : Checking image 1 dpi 300
1609140456001090370 : Checking image 1 border top 158
1609140456001124770 : Checking image 1 border bottom 120
1609140456001155971 : Checking image 1 border left 207
1609140456001186171 : Checking image 1 border right 207
1609140456003134695 : Checking image 2 dpi 300
1609140456003215796 : Checking image 2 border top 186
1609140456003249596 : Checking image 2 border bottom 94
1609140456003280197 : Checking image 2 border left 213
1609140456003310897 : Checking image 2 border right 213

</system-out><system-err>--------------------------------- Captured Err ---------------------------------

</system-err></testcase><testcase classname="tests.test_images" name="test_failed_split_line_line_algo_2_png" time="50.679"><system-out>--------------------------------- Captured Log ---------------------------------

--------------------------------- Captured Out ---------------------------------
/home/runner/work/ocr-book/ocr-book/tests/failed_split_line_line_algo_2.png
1609140467937492675 : Checking separation double page angle 90.03068774449687
1609140467937598776 : Checking separation double page y=0 2500
1609140470503269817 : Checking page rotation 1 0.05
1609140472846201729 : Checking page rotation 2 0.5499999999999999
1609140475312703255 : Checking image 1 crop x1 271
1609140475312832656 : Checking image 1 crop y1 149
1609140475312870057 : Checking image 1 crop x2 2382
1609140475312902457 : Checking image 1 crop y2 3354
1609140478013033656 : Checking image 2 crop x1 120
1609140478013163658 : Checking image 2 crop y1 155
1609140478013200358 : Checking image 2 crop x2 2244
1609140478013233759 : Checking image 2 crop y2 3350
1609140478051990834 : Checking image 1 dpi 300
1609140478052105535 : Checking image 1 border top 141
1609140478052140536 : Checking image 1 border bottom 141
1609140478052172336 : Checking image 1 border left 174
1609140478052203436 : Checking image 1 border right 174
1609140478054734967 : Checking image 2 dpi 300
1609140478054827769 : Checking image 2 border top 140
1609140478054860969 : Checking image 2 border bottom 152
1609140478054893069 : Checking image 2 border left 168
1609140478054923370 : Checking image 2 border right 168

</system-out><system-err>--------------------------------- Captured Err ---------------------------------

</system-err></testcase><testcase classname="tests.test_images" name="test_crop_too_much_3_png" time="52.166"><system-out>--------------------------------- Captured Log ---------------------------------

--------------------------------- Captured Out ---------------------------------
/home/runner/work/ocr-book/ocr-book/tests/crop_too_much_3.png
1609140496849631173 : Checking separation double page angle 89.49330634783144
1609140496849740975 : Checking separation double page y=0 2498
1609140499173754863 : Checking page rotation 1 -0.8999999999999949
1609140502123861140 : Checking page rotation 2 -0.14999999999999067
1609140505122750921 : Checking image 1 crop x1 374
1609140505122883723 : Checking image 1 crop y1 258
1609140505122921723 : Checking image 1 crop x2 2385
1609140505122955523 : Checking image 1 crop y2 3459
1609140508118921767 : Checking image 2 crop x1 168
1609140508119049168 : Checking image 2 crop y1 228
1609140508119085969 : Checking image 2 crop x2 2181
1609140508119121669 : Checking image 2 crop y2 3417
1609140508162689703 : Checking image 1 dpi 300
1609140508162794104 : Checking image 1 border top 239
1609140508162828205 : Checking image 1 border bottom 47
1609140508162860305 : Checking image 1 border left 224
1609140508162892206 : Checking image 1 border right 224
1609140508164816029 : Checking image 2 dpi 300
1609140508164899130 : Checking image 2 border top 209
1609140508164932331 : Checking image 2 border bottom 89
1609140508164963231 : Checking image 2 border left 223
1609140508164996131 : Checking image 2 border right 223

</system-out><system-err>--------------------------------- Captured Err ---------------------------------

</system-err></testcase><testcase classname="tests.test_images" name="test_wrong_wave_split_line_2_png" time="53.244"><system-out>--------------------------------- Captured Log ---------------------------------

--------------------------------- Captured Out ---------------------------------
/home/runner/work/ocr-book/ocr-book/tests/wrong_wave_split_line_2.png
1609140520405890026 : Checking separation double page angle 90.7708958311329
1609140520405999927 : Checking separation double page y=0 2490
1609140522944922649 : Checking page rotation 1 0.2
1609140525462241606 : Checking page rotation 2 1.65
1609140527810901096 : Checking image 1 crop x1 227
1609140527811026697 : Checking image 1 crop y1 147
1609140527811064498 : Checking image 1 crop x2 2342
1609140527811099498 : Checking image 1 crop y2 3353
1609140531256339130 : Checking image 2 crop x1 106
1609140531256461232 : Checking image 2 crop y1 195
1609140531256499332 : Checking image 2 crop x2 2231
1609140531256532932 : Checking image 2 crop y2 3398
1609140531300843676 : Checking image 1 dpi 300
1609140531300956377 : Checking image 1 border top 136
1609140531300989777 : Checking image 1 border bottom 145
1609140531301020878 : Checking image 1 border left 172
1609140531301052378 : Checking image 1 border right 172
1609140531303918913 : Checking image 2 dpi 300
1609140531304009414 : Checking image 2 border top 165
1609140531304042215 : Checking image 2 border bottom 118
1609140531304072415 : Checking image 2 border left 167
1609140531304103116 : Checking image 2 border right 167

</system-out><system-err>--------------------------------- Captured Err ---------------------------------

</system-err></testcase><testcase classname="tests.test_images" name="test_wrong_wave_split_line_3_png" time="48.331"><system-out>--------------------------------- Captured Log ---------------------------------

--------------------------------- Captured Out ---------------------------------
/home/runner/work/ocr-book/ocr-book/tests/wrong_wave_split_line_3.png
1609140546439315033 : Checking separation double page angle 90.05826063695574
1609140546439425434 : Checking separation double page y=0 2514
1609140549184375953 : Checking page rotation 1 0.0
1609140551578163536 : Checking page rotation 2 0.2
1609140554259537737 : Checking image 1 crop x1 274
1609140554259670738 : Checking image 1 crop y1 221
1609140554259708839 : Checking image 1 crop x2 2383
1609140554259740639 : Checking image 1 crop y2 3422
1609140556474333741 : Checking image 2 crop x1 112
1609140556474465643 : Checking image 2 crop y1 225
1609140556474503743 : Checking image 2 crop x2 2238
1609140556474538344 : Checking image 2 crop y2 3415
1609140556510794888 : Checking image 1 dpi 300
1609140556510909990 : Checking image 1 border top 201
1609140556510944690 : Checking image 1 border bottom 85
1609140556510975490 : Checking image 1 border left 175
1609140556511008591 : Checking image 1 border right 175
1609140556513117017 : Checking image 2 dpi 300
1609140556513204818 : Checking image 2 border top 207
1609140556513238718 : Checking image 2 border bottom 90
1609140556513269318 : Checking image 2 border left 167
1609140556513299819 : Checking image 2 border right 167

</system-out><system-err>--------------------------------- Captured Err ---------------------------------

</system-err></testcase><testcase classname="tests.test_images" name="test_no_split_line_wave_algo_png" time="61.011"><system-out>--------------------------------- Captured Log ---------------------------------

--------------------------------- Captured Out ---------------------------------
/home/runner/work/ocr-book/ocr-book/tests/no_split_line_wave_algo.png
1609140568287106551 : Checking separation double page angle 89.72500000000001
1609140568287216653 : Checking separation double page y=0 2484
1609140572006875948 : Checking page rotation 1 0.0
1609140574495752482 : Checking page rotation 2 -0.44999999999999746
1609140584531441090 : Checking image 1 crop x1 97
1609140584531524390 : Checking image 1 crop y1 79
1609140584531558491 : Checking image 1 crop x2 2494
1609140584531590291 : Checking image 1 crop y2 3505
1609140592242373216 : Checking image 2 crop x1 163
1609140592242496218 : Checking image 2 crop y1 267
1609140592242534918 : Checking image 2 crop x2 2238
1609140592242569319 : Checking image 2 crop y2 3380
1609140592280534683 : Checking image 1 dpi 300
1609140592280651485 : Checking image 1 border top 41
1609140592280685285 : Checking image 1 border bottom 41
1609140592280716986 : Checking image 1 border left 42
1609140592280748286 : Checking image 1 border right 42
1609140592283241517 : Checking image 2 dpi 300
1609140592283331018 : Checking image 2 border top 255
1609140592283366218 : Checking image 2 border bottom 119
1609140592283397818 : Checking image 2 border left 192
1609140592283428219 : Checking image 2 border right 192

</system-out><system-err>--------------------------------- Captured Err ---------------------------------

</system-err></testcase><testcase classname="tests.test_images" name="test_no_split_line_wave_algo_2_png" time="40.648"><system-out>--------------------------------- Captured Log ---------------------------------

--------------------------------- Captured Out ---------------------------------
/home/runner/work/ocr-book/ocr-book/tests/no_split_line_wave_algo_2.png
1609140587923270066 : Checking separation double page angle 90.54999999999998
1609140587923380567 : Checking separation double page y=0 2478
1609140590307427464 : Checking page rotation 1 1.0999999999999999
1609140592659373522 : Checking page rotation 2 0.2
1609140594992610188 : Checking image 1 crop x1 266
1609140594992734490 : Checking image 1 crop y1 210
1609140594992771890 : Checking image 1 crop x2 2342
1609140594992806791 : Checking image 1 crop y2 3413
1609140597120958548 : Checking image 2 crop x1 168
1609140597121087445 : Checking image 2 crop y1 241
1609140597121125044 : Checking image 2 crop x2 2251
1609140597121158344 : Checking image 2 crop y2 3433
1609140597157872448 : Checking image 1 dpi 300
1609140597157978646 : Checking image 1 border top 192
1609140597158013045 : Checking image 1 border bottom 91
1609140597158044944 : Checking image 1 border left 192
1609140597158076744 : Checking image 1 border right 192
1609140597160154204 : Checking image 2 dpi 300
1609140597160240703 : Checking image 2 border top 224
1609140597160272202 : Checking image 2 border bottom 71
1609140597160302601 : Checking image 2 border left 188
1609140597160332301 : Checking image 2 border right 188

</system-out><system-err>--------------------------------- Captured Err ---------------------------------

</system-err></testcase><testcase classname="tests.test_images" name="test_crop_too_few_2_png" time="41.332"><system-out>--------------------------------- Captured Log ---------------------------------

--------------------------------- Captured Out ---------------------------------
/home/runner/work/ocr-book/ocr-book/tests/crop_too_few_2.png
1609140624047153913 : Checking separation double page angle 90.30476192320097
1609140624047262513 : Checking separation double page y=0 2531
1609140626132122922 : Checking page rotation 1 1.0999999999999999
1609140628221952066 : Checking page rotation 2 -0.04999999999999689
1609140630780672834 : Checking image 1 crop x1 289
1609140630780800135 : Checking image 1 crop y1 165
1609140630780834636 : Checking image 1 crop x2 2400
1609140630780867336 : Checking image 1 crop y2 3367
1609140633635171270 : Checking image 2 crop x1 149
1609140633635349472 : Checking image 2 crop y1 189
1609140633635384973 : Checking image 2 crop x2 2273
1609140633635420273 : Checking image 2 crop y2 3386
1609140633669173280 : Checking image 1 dpi 300
1609140633669284382 : Checking image 1 border top 157
1609140633669318482 : Checking image 1 border bottom 128
1609140633669349482 : Checking image 1 border left 174
1609140633669380983 : Checking image 1 border right 174
1609140633671778312 : Checking image 2 dpi 300
1609140633671858013 : Checking image 2 border top 181
1609140633671889413 : Checking image 2 border bottom 109
1609140633671920413 : Checking image 2 border left 168
1609140633671951114 : Checking image 2 border right 168

</system-out><system-err>--------------------------------- Captured Err ---------------------------------

</system-err></testcase><testcase classname="tests.test_images" name="test_failed_detect_rectangle_png" time="49.490"><system-out>--------------------------------- Captured Log ---------------------------------

--------------------------------- Captured Out ---------------------------------
/home/runner/work/ocr-book/ocr-book/tests/failed_detect_rectangle.png
1609140636436438021 : Checking separation double page angle 90.19837516213148
1609140636436542022 : Checking separation double page y=0 2474
1609140638878011117 : Checking page rotation 1 0.2
1609140641474513076 : Checking page rotation 2 0.15000000000000002
1609140643655979027 : Checking image 1 crop x1 257
1609140643656111428 : Checking image 1 crop y1 201
1609140643656149928 : Checking image 1 crop x2 2333
1609140643656182328 : Checking image 1 crop y2 3402
1609140646592141112 : Checking image 2 crop x1 135
1609140646592265517 : Checking image 2 crop y1 214
1609140646592303518 : Checking image 2 crop x2 2219
1609140646592338019 : Checking image 2 crop y2 3406
1609140646635872611 : Checking image 1 dpi 300
1609140646635981915 : Checking image 1 border top 188
1609140646636017217 : Checking image 1 border bottom 97
1609140646636048618 : Checking image 1 border left 192
1609140646636079219 : Checking image 1 border right 192
1609140646638004989 : Checking image 2 dpi 300
1609140646638084292 : Checking image 2 border top 202
1609140646638116694 : Checking image 2 border bottom 93
1609140646638146695 : Checking image 2 border left 188
1609140646638176696 : Checking image 2 border right 188

</system-out><system-err>--------------------------------- Captured Err ---------------------------------

</system-err></testcase><testcase classname="tests.test_images" name="test_single_page_png" time="22.535"><system-out>--------------------------------- Captured Log ---------------------------------

--------------------------------- Captured Out ---------------------------------
/home/runner/work/ocr-book/ocr-book/tests/single_page.png
1609140643997670756 : Checking separation double page angle 90.04999999999998
1609140643997790157 : Checking separation double page y=0 2476
1609140648078544116 : Checking page rotation 1 0.0
1609140648566962379 : Checking page rotation 2 0.0
1609140655401962055 : Checking image 1 crop x1 1
1609140655402044156 : Checking image 1 crop y1 8
1609140655402079556 : Checking image 1 crop x2 2470
1609140655402112857 : Checking image 1 crop y2 3505
1609140655915011393 : Checking image 2 crop x1 0
1609140655915082593 : Checking image 2 crop y1 0
1609140655915116894 : Checking image 2 crop x2 0
1609140655915149694 : Checking image 2 crop y2 0
1609140655915222695 : Checking image 1 dpi 300
1609140655915289996 : Checking image 1 border top 5
1609140655915322696 : Checking image 1 border bottom 5
1609140655915353697 : Checking image 1 border left 6
1609140655915384897 : Checking image 1 border right 6
1609140655921288768 : Checking image 2 border top 0
1609140655921358169 : Checking image 2 border bottom 0
1609140655921387569 : Checking image 2 border left 0
1609140655921416769 : Checking image 2 border right 0

</system-out><system-err>--------------------------------- Captured Err ---------------------------------

</system-err></testcase><testcase classname="tests.test_images" name="test_no_split_line_wave_algo_3_png" time="15.753"><system-out>--------------------------------- Captured Log ---------------------------------

--------------------------------- Captured Out ---------------------------------
/home/runner/work/ocr-book/ocr-book/tests/no_split_line_wave_algo_3.png
1609140657351091872 : Checking separation double page angle 90.14999999999998
1609140657351206674 : Checking separation double page y=0 2408
1609140659391901887 : Checking page rotation 1 -0.09999999999999377
1609140659698018849 : Checking page rotation 2 0.0
1609140661627027586 : Checking image 1 crop x1 182
1609140661627110787 : Checking image 1 crop y1 2955
1609140661627145787 : Checking image 1 crop x2 2199
1609140661627178588 : Checking image 1 crop y2 3203
1609140662393317942 : Checking image 2 crop x1 0
1609140662393383643 : Checking image 2 crop y1 0
1609140662393413443 : Checking image 2 crop x2 0
1609140662393441243 : Checking image 2 crop y2 0
1609140662393512144 : Checking image 1 dpi 300
1609140662393572045 : Checking image 1 border top 2951
1609140662393602845 : Checking image 1 border bottom 288
1609140662393632946 : Checking image 1 border left 221
1609140662393663846 : Checking image 1 border right 221
1609140662398269602 : Checking image 2 border top 0
1609140662398337903 : Checking image 2 border bottom 0
1609140662398368204 : Checking image 2 border left 0
1609140662398396704 : Checking image 2 border right 0

</system-out><system-err>--------------------------------- Captured Err ---------------------------------

</system-err></testcase><testcase classname="tests.test_images" name="test_wrong_split_line_4_png" time="24.515"><system-out>--------------------------------- Captured Log ---------------------------------

--------------------------------- Captured Out ---------------------------------
/home/runner/work/ocr-book/ocr-book/tests/wrong_split_line_4.png
1609140674777521040 : Checking separation double page angle 91.04999999999998
1609140674777631042 : Checking separation double page y=0 60
1609140674960786011 : Checking page rotation 1 1.0
1609140677187108040 : Checking page rotation 2 1.05
1609140677750264400 : Checking image 1 crop x1 0
1609140677750329001 : Checking image 1 crop y1 0
1609140677750358701 : Checking image 1 crop x2 0
1609140677750386901 : Checking image 1 crop y2 0
1609140680719380181 : Checking image 2 crop x1 291
1609140680719502183 : Checking image 2 crop y1 330
1609140680719538583 : Checking image 2 crop x2 2316
1609140680719571484 : Checking image 2 crop y2 3217
1609140680759893632 : Checking image 1 border top 0
1609140680759961033 : Checking image 1 border bottom 0
1609140680759993433 : Checking image 1 border left 0
1609140680760022534 : Checking image 1 border right 0
1609140680760072735 : Checking image 2 dpi 300
1609140680760149936 : Checking image 2 border top 322
1609140680760179836 : Checking image 2 border bottom 278
1609140680760209436 : Checking image 2 border left 217
1609140680760239337 : Checking image 2 border right 217

</system-out><system-err>--------------------------------- Captured Err ---------------------------------

</system-err></testcase><testcase classname="tests.test_images" name="test_failed_split_line_line_algo_3_png" time="20.711"><system-out>--------------------------------- Captured Log ---------------------------------

--------------------------------- Captured Out ---------------------------------
/home/runner/work/ocr-book/ocr-book/tests/failed_split_line_line_algo_3.png
1609140678308580793 : Checking separation double page angle 90.0
1609140678308688494 : Checking separation double page y=0 40
1609140678454238774 : Checking page rotation 1 0.0
1609140680207709822 : Checking page rotation 2 -0.04999999999999689
1609140680653358983 : Checking image 1 crop x1 0
1609140680653420584 : Checking image 1 crop y1 0
1609140680653450084 : Checking image 1 crop x2 0
1609140680653478085 : Checking image 1 crop y2 0
1609140683138614984 : Checking image 2 crop x1 247
1609140683138719785 : Checking image 2 crop y1 153
1609140683138754586 : Checking image 2 crop x2 2260
1609140683138786786 : Checking image 2 crop y2 3360
1609140683173616260 : Checking image 1 border top 0
1609140683173678061 : Checking image 1 border bottom 0
1609140683173710061 : Checking image 1 border left 0
1609140683173739962 : Checking image 1 border right 0
1609140683173782262 : Checking image 2 dpi 300
1609140683173848463 : Checking image 2 border top 144
1609140683173880264 : Checking image 2 border bottom 136
1609140683173910164 : Checking image 2 border left 223
1609140683173940064 : Checking image 2 border right 223

</system-out><system-err>--------------------------------- Captured Err ---------------------------------

</system-err></testcase></testsuite></testsuites>