<?xml version="1.0" encoding="utf-8"?><testsuites><testsuite errors="0" failures="0" hostname="fv-az108-19" name="pytest" skipped="0" tests="36" time="988.663" timestamp="2020-12-24T09:28:34.817990"><testcase classname="tests.test_features" name="test_mock_stop_at_0" time="0.047"><system-out>--------------------------------- Captured Log ---------------------------------

--------------------------------- Captured Out ---------------------------------
/home/runner/work/ocr-book/ocr-book/tests/0001_0.png

</system-out><system-err>--------------------------------- Captured Err ---------------------------------

</system-err></testcase><testcase classname="tests.test_features" name="test_disabled_enable_debug" time="49.028"><system-out>--------------------------------- Captured Log ---------------------------------

--------------------------------- Captured Out ---------------------------------
/home/runner/work/ocr-book/ocr-book/tests/0001_debug.png
separation double page angle 90.5528088189967
separation double page y=0 2485
page rotation 1 0.75
page rotation 2 0.2
image 1 crop x1 330
image 1 crop y1 336
image 1 crop x2 2343
image 1 crop y2 3223
image 2 crop x1 169
image 2 crop y1 648
image 2 crop x2 2186
image 2 crop y2 3361
image 1 dpi 300
image 1 border top 333
image 1 border bottom 266
image 1 border left 223
image 1 border right 223
image 2 dpi 300
image 2 border top 643
image 2 border bottom 131
image 2 border left 221
image 2 border right 221

</system-out><system-err>--------------------------------- Captured Err ---------------------------------

</system-err></testcase><testcase classname="tests.test_features" name="test_mock_stop_at_2" time="44.044"><system-out>--------------------------------- Captured Log ---------------------------------

--------------------------------- Captured Out ---------------------------------
/home/runner/work/ocr-book/ocr-book/tests/0001_2.png
separation double page angle 90.5528088189967
separation double page y=0 2485
page rotation 1 0.75
page rotation 2 0.2

</system-out><system-err>--------------------------------- Captured Err ---------------------------------

</system-err></testcase><testcase classname="tests.test_features" name="test_mock_stop_at_4" time="48.711"><system-out>--------------------------------- Captured Log ---------------------------------

--------------------------------- Captured Out ---------------------------------
/home/runner/work/ocr-book/ocr-book/tests/0001_4.png
separation double page angle 90.5528088189967
separation double page y=0 2485
page rotation 1 0.75
page rotation 2 0.2
image 1 crop x1 330
image 1 crop y1 336
image 1 crop x2 2343
image 1 crop y2 3223
image 2 crop x1 169
image 2 crop y1 648
image 2 crop x2 2186
image 2 crop y2 3361
image 1 dpi 300
image 1 border top 333
image 1 border bottom 266
image 1 border left 223
image 1 border right 223
image 2 dpi 300
image 2 border top 643
image 2 border bottom 131
image 2 border left 221
image 2 border right 221

</system-out><system-err>--------------------------------- Captured Err ---------------------------------

</system-err></testcase><testcase classname="tests.test_features" name="test_mock_stop_at_1" time="28.870"><system-out>--------------------------------- Captured Log ---------------------------------

--------------------------------- Captured Out ---------------------------------
/home/runner/work/ocr-book/ocr-book/tests/0001_1.png
separation double page angle 90.5528088189967
separation double page y=0 2485

</system-out><system-err>--------------------------------- Captured Err ---------------------------------

</system-err></testcase><testcase classname="tests.test_features" name="test_mock_stop_at_3" time="48.108"><system-out>--------------------------------- Captured Log ---------------------------------

--------------------------------- Captured Out ---------------------------------
/home/runner/work/ocr-book/ocr-book/tests/0001_3.png
separation double page angle 90.5528088189967
separation double page y=0 2485
page rotation 1 0.75
page rotation 2 0.2
image 1 crop x1 330
image 1 crop y1 336
image 1 crop x2 2343
image 1 crop y2 3223
image 2 crop x1 169
image 2 crop y1 648
image 2 crop x2 2186
image 2 crop y2 3361

</system-out><system-err>--------------------------------- Captured Err ---------------------------------

</system-err></testcase><testcase classname="tests.test_images" name="test_0001_png" time="58.019"><system-out>--------------------------------- Captured Log ---------------------------------

--------------------------------- Captured Out ---------------------------------
/home/runner/work/ocr-book/ocr-book/tests/0001.png
1608802242288241496 : Checking separation double page angle 90.5528088189967
1608802242288354098 : Checking separation double page y=0 2485
1608802250074764643 : Checking page rotation 1 0.75
1608802259599826057 : Checking page rotation 2 0.2
1608802263221611504 : Checking image 1 crop x1 330
1608802263221739206 : Checking image 1 crop y1 336
1608802263221776206 : Checking image 1 crop x2 2343
1608802263221810607 : Checking image 1 crop y2 3223
1608802266527850316 : Checking image 2 crop x1 169
1608802266527968317 : Checking image 2 crop y1 648
1608802266528005617 : Checking image 2 crop x2 2186
1608802266528040318 : Checking image 2 crop y2 3361
1608802266558720507 : Checking image 1 dpi 300
1608802266558837108 : Checking image 1 border top 333
1608802266558873008 : Checking image 1 border bottom 266
1608802266558904409 : Checking image 1 border left 223
1608802266558935509 : Checking image 1 border right 223
1608802266561197838 : Checking image 2 dpi 300
1608802266561278339 : Checking image 2 border top 643
1608802266561311439 : Checking image 2 border bottom 131
1608802266561342140 : Checking image 2 border left 221
1608802266561373640 : Checking image 2 border right 221

</system-out><system-err>--------------------------------- Captured Err ---------------------------------

</system-err></testcase><testcase classname="tests.test_features" name="test_mock_stop_at_5" time="48.529"><system-out>--------------------------------- Captured Log ---------------------------------

--------------------------------- Captured Out ---------------------------------
/home/runner/work/ocr-book/ocr-book/tests/0001_5.png
separation double page angle 90.5528088189967
separation double page y=0 2485
page rotation 1 0.75
page rotation 2 0.2
image 1 crop x1 330
image 1 crop y1 336
image 1 crop x2 2343
image 1 crop y2 3223
image 2 crop x1 169
image 2 crop y1 648
image 2 crop x2 2186
image 2 crop y2 3361
image 1 dpi 300
image 1 border top 333
image 1 border bottom 266
image 1 border left 223
image 1 border right 223
image 2 dpi 300
image 2 border top 643
image 2 border bottom 131
image 2 border left 221
image 2 border right 221

</system-out><system-err>--------------------------------- Captured Err ---------------------------------

</system-err></testcase><testcase classname="tests.test_images" name="test_black_border_not_removed_png" time="65.733"><system-out>--------------------------------- Captured Log ---------------------------------

--------------------------------- Captured Out ---------------------------------
/home/runner/work/ocr-book/ocr-book/tests/black-border-not-removed.png
1608802302497661413 : Checking separation double page angle 90.033171103531
1608802302497775215 : Checking separation double page y=0 2455
1608802310132235744 : Checking page rotation 1 0.0
1608802321907979894 : Checking page rotation 2 0.0
1608802326434605550 : Checking image 1 crop x1 297
1608802326434732752 : Checking image 1 crop y1 143
1608802326434768853 : Checking image 1 crop x2 2309
1608802326434801753 : Checking image 1 crop y2 3346
1608802332265231349 : Checking image 2 crop x1 159
1608802332265350151 : Checking image 2 crop y1 145
1608802332265387351 : Checking image 2 crop x2 2171
1608802332265422252 : Checking image 2 crop y2 3352
1608802332298253177 : Checking image 1 dpi 300
1608802332298366578 : Checking image 1 border top 132
1608802332298401879 : Checking image 1 border bottom 152
1608802332298434779 : Checking image 1 border left 224
1608802332298466079 : Checking image 1 border right 224
1608802332300944912 : Checking image 2 dpi 300
1608802332301032413 : Checking image 2 border top 132
1608802332301065413 : Checking image 2 border bottom 148
1608802332301097413 : Checking image 2 border left 224
1608802332301128014 : Checking image 2 border right 224

</system-out><system-err>--------------------------------- Captured Err ---------------------------------

</system-err></testcase><testcase classname="tests.test_images" name="test_2_pages_2_contours_png" time="36.179"><system-out>--------------------------------- Captured Log ---------------------------------

--------------------------------- Captured Out ---------------------------------
/home/runner/work/ocr-book/ocr-book/tests/2-pages-2-contours.png
1608802311543501669 : Checking separation double page angle 90.09036871657068
1608802311543613970 : Checking separation double page y=0 2486
1608802313619753356 : Checking page rotation 1 0.05
1608802320996038237 : Checking page rotation 2 0.30000000000000004
1608802322791098479 : Checking image 1 crop x1 1189
1608802322791204380 : Checking image 1 crop y1 1751
1608802322791238381 : Checking image 1 crop x2 1190
1608802322791270881 : Checking image 1 crop y2 1752
1608802326440573027 : Checking image 2 crop x1 101
1608802326440692729 : Checking image 2 crop y1 240
1608802326440729429 : Checking image 2 crop x2 2148
1608802326440765430 : Checking image 2 crop y2 3239
1608802326470940119 : Checking image 1 dpi 300
1608802326471042920 : Checking image 1 border top 1752
1608802326471080321 : Checking image 1 border bottom 1753
1608802326471113821 : Checking image 1 border left 1239
1608802326471146822 : Checking image 1 border right 1239
1608802326472734442 : Checking image 2 dpi 300
1608802326472821943 : Checking image 2 border top 230
1608802326472855244 : Checking image 2 border bottom 258
1608802326472886344 : Checking image 2 border left 206
1608802326472916844 : Checking image 2 border right 206

</system-out><system-err>--------------------------------- Captured Err ---------------------------------

</system-err></testcase><testcase classname="tests.test_images" name="test_wrong_split_line_png" time="44.707"><system-out>--------------------------------- Captured Log ---------------------------------

--------------------------------- Captured Out ---------------------------------
/home/runner/work/ocr-book/ocr-book/tests/wrong_split_line.png
1608802353046701285 : Checking separation double page angle 89.93395720607973
1608802353046806986 : Checking separation double page y=0 2465
1608802359010074740 : Checking page rotation 1 -0.14999999999999067
1608802366144976424 : Checking page rotation 2 0.5
1608802368582845577 : Checking image 1 crop x1 213
1608802368582968578 : Checking image 1 crop y1 157
1608802368583006079 : Checking image 1 crop x2 2323
1608802368583041179 : Checking image 1 crop y2 3362
1608802371141289127 : Checking image 2 crop x1 125
1608802371141411629 : Checking image 2 crop y1 165
1608802371141448929 : Checking image 2 crop x2 2237
1608802371141483830 : Checking image 2 crop y2 3374
1608802371173879951 : Checking image 1 dpi 300
1608802371173992152 : Checking image 1 border top 134
1608802371174028652 : Checking image 1 border bottom 148
1608802371174060553 : Checking image 1 border left 175
1608802371174091653 : Checking image 1 border right 175
1608802371176488684 : Checking image 2 dpi 300
1608802371176580686 : Checking image 2 border top 143
1608802371176614286 : Checking image 2 border bottom 135
1608802371176645886 : Checking image 2 border left 174
1608802371176678587 : Checking image 2 border right 174

</system-out><system-err>--------------------------------- Captured Err ---------------------------------

</system-err></testcase><testcase classname="tests.test_images" name="test_image_failed_to_rotate_png" time="63.590"><system-out>--------------------------------- Captured Log ---------------------------------

--------------------------------- Captured Out ---------------------------------
/home/runner/work/ocr-book/ocr-book/tests/image_failed_to_rotate.png
1608802365063748443 : Checking separation double page angle 90.13063640287984
1608802365063865045 : Checking separation double page y=0 2479
1608802370203600341 : Checking page rotation 1 0.35
1608802379213379403 : Checking page rotation 2 0.45
1608802390564230556 : Checking image 1 crop x1 34
1608802390564355058 : Checking image 1 crop y1 1
1608802390564392458 : Checking image 1 crop x2 2477
1608802390564427159 : Checking image 1 crop y2 3500
1608802395761023989 : Checking image 2 crop x1 167
1608802395761151291 : Checking image 2 crop y1 234
1608802395761187791 : Checking image 2 crop x2 2246
1608802395761222392 : Checking image 2 crop y2 3355
1608802395799409884 : Checking image 1 dpi 300
1608802395799528586 : Checking image 1 border top 4
1608802395799565486 : Checking image 1 border bottom 4
1608802395799597387 : Checking image 1 border left 19
1608802395799628487 : Checking image 1 border right 19
1608802395802534725 : Checking image 2 dpi 300
1608802395802629326 : Checking image 2 border top 218
1608802395802662426 : Checking image 2 border bottom 148
1608802395802693927 : Checking image 2 border left 190
1608802395802725227 : Checking image 2 border right 190

</system-out><system-err>--------------------------------- Captured Err ---------------------------------

</system-err></testcase><testcase classname="tests.test_images" name="test_crop_too_much_png" time="82.525"><system-out>--------------------------------- Captured Log ---------------------------------

--------------------------------- Captured Out ---------------------------------
/home/runner/work/ocr-book/ocr-book/tests/crop_too_much.png
1608802416854469718 : Checking separation double page angle 90.13239409272954
1608802416854580420 : Checking separation double page y=0 2455
1608802430463171637 : Checking page rotation 1 0.0
1608802444457139162 : Checking page rotation 2 0.45
1608802449166326833 : Checking image 1 crop x1 303
1608802449166453735 : Checking image 1 crop y1 148
1608802449166489935 : Checking image 1 crop x2 2313
1608802449166524136 : Checking image 1 crop y2 3351
1608802453642015743 : Checking image 2 crop x1 168
1608802453642141945 : Checking image 2 crop y1 155
1608802453642178945 : Checking image 2 crop x2 2179
1608802453642214646 : Checking image 2 crop y2 3359
1608802453685160801 : Checking image 1 dpi 300
1608802453685274403 : Checking image 1 border top 132
1608802453685309403 : Checking image 1 border bottom 152
1608802453685341304 : Checking image 1 border left 225
1608802453685372104 : Checking image 1 border right 225
1608802453687539832 : Checking image 2 dpi 300
1608802453687631833 : Checking image 2 border top 140
1608802453687666034 : Checking image 2 border bottom 143
1608802453687696734 : Checking image 2 border left 224
1608802453687727635 : Checking image 2 border right 224

</system-out><system-err>--------------------------------- Captured Err ---------------------------------

</system-err></testcase><testcase classname="tests.test_images" name="test_image_failed_to_crop_data_png" time="62.141"><system-out>--------------------------------- Captured Log ---------------------------------

--------------------------------- Captured Out ---------------------------------
/home/runner/work/ocr-book/ocr-book/tests/image_failed_to_crop_data.png
1608802427546900622 : Checking separation double page angle 90.053197600644
1608802427547015724 : Checking separation double page y=0 2480
1608802433167263709 : Checking page rotation 1 0.2
1608802440473613995 : Checking page rotation 2 0.0
1608802453165067772 : Checking image 1 crop x1 47
1608802453165201574 : Checking image 1 crop y1 7
1608802453165242174 : Checking image 1 crop x2 2478
1608802453165278275 : Checking image 1 crop y2 3502
1608802457947505552 : Checking image 2 crop x1 160
1608802457947633854 : Checking image 2 crop y1 217
1608802457947670354 : Checking image 2 crop x2 2242
1608802457947704255 : Checking image 2 crop y2 3350
1608802457977454340 : Checking image 1 dpi 300
1608802457977582042 : Checking image 1 border top 6
1608802457977621242 : Checking image 1 border bottom 6
1608802457977653542 : Checking image 1 border left 25
1608802457977685043 : Checking image 1 border right 25
1608802457980321077 : Checking image 2 dpi 300
1608802457980419078 : Checking image 2 border top 206
1608802457980452479 : Checking image 2 border bottom 148
1608802457980483879 : Checking image 2 border left 189
1608802457980515579 : Checking image 2 border right 189

</system-out><system-err>--------------------------------- Captured Err ---------------------------------

</system-err></testcase><testcase classname="tests.test_images" name="test_crop_too_few_png" time="47.386"><system-out>--------------------------------- Captured Log ---------------------------------

--------------------------------- Captured Out ---------------------------------
/home/runner/work/ocr-book/ocr-book/tests/crop_too_few.png
1608802481278833714 : Checking separation double page angle 89.54670238452755
1608802481278946915 : Checking separation double page y=0 2512
1608802488519435259 : Checking page rotation 1 -0.6499999999999977
1608802495695731414 : Checking page rotation 2 0.0
1608802498494215422 : Checking image 1 crop x1 263
1608802498494343124 : Checking image 1 crop y1 150
1608802498494380425 : Checking image 1 crop x2 2377
1608802498494415325 : Checking image 1 crop y2 3357
1608802501066768108 : Checking image 2 crop x1 137
1608802501066896209 : Checking image 2 crop y1 141
1608802501066933810 : Checking image 2 crop x2 2259
1608802501066970110 : Checking image 2 crop y2 3345
1608802501097049399 : Checking image 1 dpi 300
1608802501097167601 : Checking image 1 border top 129
1608802501097203101 : Checking image 1 border bottom 150
1608802501097235102 : Checking image 1 border left 173
1608802501097266102 : Checking image 1 border right 173
1608802501099476631 : Checking image 2 dpi 300
1608802501099568332 : Checking image 2 border top 130
1608802501099602932 : Checking image 2 border bottom 153
1608802501099634833 : Checking image 2 border left 169
1608802501099665933 : Checking image 2 border right 169

</system-out><system-err>--------------------------------- Captured Err ---------------------------------

</system-err></testcase><testcase classname="tests.test_images" name="test_wrong_angle_split_line_png" time="68.507"><system-out>--------------------------------- Captured Log ---------------------------------

--------------------------------- Captured Out ---------------------------------
/home/runner/work/ocr-book/ocr-book/tests/wrong_angle_split_line.png
1608802490689701941 : Checking separation double page angle 90.09193420006348
1608802490689815442 : Checking separation double page y=0 2478
1608802498157748969 : Checking page rotation 1 0.05
1608802507548320641 : Checking page rotation 2 0.0
1608802520336147783 : Checking image 1 crop x1 58
1608802520336285185 : Checking image 1 crop y1 7
1608802520336321786 : Checking image 1 crop x2 2472
1608802520336356586 : Checking image 1 crop y2 3505
1608802525737248565 : Checking image 2 crop x1 163
1608802525737376067 : Checking image 2 crop y1 217
1608802525737411968 : Checking image 2 crop x2 2246
1608802525737446368 : Checking image 2 crop y2 3350
1608802525884587672 : Checking image 1 dpi 300
1608802525884705173 : Checking image 1 border top 5
1608802525884743274 : Checking image 1 border bottom 5
1608802525884774274 : Checking image 1 border left 33
1608802525884806975 : Checking image 1 border right 33
1608802525896226322 : Checking image 2 dpi 300
1608802525896343624 : Checking image 2 border top 206
1608802525896376924 : Checking image 2 border bottom 148
1608802525896409225 : Checking image 2 border left 188
1608802525896440325 : Checking image 2 border right 188

</system-out><system-err>--------------------------------- Captured Err ---------------------------------

</system-err></testcase><testcase classname="tests.test_images" name="test_crop_too_much_2_png" time="92.390"><system-out>--------------------------------- Captured Log ---------------------------------

--------------------------------- Captured Out ---------------------------------
/home/runner/work/ocr-book/ocr-book/tests/crop_too_much_2.png
1608802553768048065 : Checking separation double page angle 90.1149074900787
1608802553768157066 : Checking separation double page y=0 2478
1608802567320008689 : Checking page rotation 1 0.2
1608802583365483027 : Checking page rotation 2 0.2
1608802587749738574 : Checking image 1 crop x1 332
1608802587749871076 : Checking image 1 crop y1 131
1608802587749908076 : Checking image 1 crop x2 2342
1608802587749942877 : Checking image 1 crop y2 3336
1608802593411112852 : Checking image 2 crop x1 162
1608802593411241954 : Checking image 2 crop y1 139
1608802593411279155 : Checking image 2 crop x2 2175
1608802593411315155 : Checking image 2 crop y2 3345
1608802593458985973 : Checking image 1 dpi 300
1608802593459110674 : Checking image 1 border top 119
1608802593459148275 : Checking image 1 border bottom 163
1608802593459180375 : Checking image 1 border left 225
1608802593459211376 : Checking image 1 border right 225
1608802593461184101 : Checking image 2 dpi 300
1608802593461270302 : Checking image 2 border top 130
1608802593461305703 : Checking image 2 border bottom 151
1608802593461336803 : Checking image 2 border left 223
1608802593461367804 : Checking image 2 border right 223

</system-out><system-err>--------------------------------- Captured Err ---------------------------------

</system-err></testcase><testcase classname="tests.test_images" name="test_angle_page_lower_split_line_png" time="56.170"><system-out>--------------------------------- Captured Log ---------------------------------

--------------------------------- Captured Out ---------------------------------
/home/runner/work/ocr-book/ocr-book/tests/angle_page_lower_split_line.png
1608802558762174435 : Checking separation double page angle 89.74927707086691
1608802558762284336 : Checking separation double page y=0 2474
1608802568792596561 : Checking page rotation 1 -0.4000000000000005
1608802576409532020 : Checking page rotation 2 0.2
1608802579518472193 : Checking image 1 crop x1 244
1608802579518605295 : Checking image 1 crop y1 160
1608802579518641195 : Checking image 1 crop x2 2350
1608802579518676495 : Checking image 1 crop y2 3365
1608802582685018712 : Checking image 2 crop x1 150
1608802582685144714 : Checking image 2 crop y1 147
1608802582685180914 : Checking image 2 crop x2 2257
1608802582685215714 : Checking image 2 crop y2 3350
1608802582719444758 : Checking image 1 dpi 300
1608802582719565759 : Checking image 1 border top 144
1608802582719601060 : Checking image 1 border bottom 138
1608802582719633860 : Checking image 1 border left 177
1608802582719665261 : Checking image 1 border right 177
1608802582722587899 : Checking image 2 dpi 300
1608802582722683300 : Checking image 2 border top 130
1608802582722715600 : Checking image 2 border bottom 154
1608802582722747101 : Checking image 2 border left 176
1608802582722778301 : Checking image 2 border right 176

</system-out><system-err>--------------------------------- Captured Err ---------------------------------

</system-err></testcase><testcase classname="tests.test_images" name="test_wrong_wave_split_line_png" time="84.865"><system-out>--------------------------------- Captured Log ---------------------------------

--------------------------------- Captured Out ---------------------------------
/home/runner/work/ocr-book/ocr-book/tests/wrong_wave_split_line.png
1608802626044788544 : Checking separation double page angle 90.37878604107719
1608802626044896045 : Checking separation double page y=0 2500
1608802637669918696 : Checking page rotation 1 -0.14999999999999067
1608802649768358040 : Checking page rotation 2 0.85
1608802658629662815 : Checking image 1 crop x1 385
1608802658629796917 : Checking image 1 crop y1 179
1608802658629832817 : Checking image 1 crop x2 2411
1608802658629866018 : Checking image 1 crop y2 3374
1608802667526002554 : Checking image 2 crop x1 8
1608802667526129455 : Checking image 2 crop y1 0
1608802667526166556 : Checking image 2 crop x2 2415
1608802667526200756 : Checking image 2 crop y2 3505
1608802667574839486 : Checking image 1 dpi 300
1608802667574962887 : Checking image 1 border top 173
1608802667574997688 : Checking image 1 border bottom 119
1608802667575029288 : Checking image 1 border left 217
1608802667575060289 : Checking image 1 border right 217
1608802667578098028 : Checking image 2 dpi 300
1608802667578206929 : Checking image 2 border top 1
1608802667578242130 : Checking image 2 border bottom 1
1608802667578272530 : Checking image 2 border left 37
1608802667578303031 : Checking image 2 border right 37

</system-out><system-err>--------------------------------- Captured Err ---------------------------------

</system-err></testcase><testcase classname="tests.test_images" name="test_wrong_split_line_2_png" time="91.577"><system-out>--------------------------------- Captured Log ---------------------------------

--------------------------------- Captured Out ---------------------------------
/home/runner/work/ocr-book/ocr-book/tests/wrong_split_line_2.png
1608802638885528429 : Checking separation double page angle 90.19944704411863
1608802638885637030 : Checking separation double page y=0 2437
1608802652492309939 : Checking page rotation 1 0.2
1608802668134099725 : Checking page rotation 2 0.4
1608802675226367034 : Checking image 1 crop x1 294
1608802675226491836 : Checking image 1 crop y1 136
1608802675226528236 : Checking image 1 crop x2 2325
1608802675226563537 : Checking image 1 crop y2 3376
1608802685004953823 : Checking image 2 crop x1 140
1608802685005077825 : Checking image 2 crop y1 192
1608802685005114625 : Checking image 2 crop x2 2167
1608802685005151926 : Checking image 2 crop y2 3386
1608802685048549588 : Checking image 1 dpi 300
1608802685048669989 : Checking image 1 border top 131
1608802685048706490 : Checking image 1 border bottom 116
1608802685048739090 : Checking image 1 border left 214
1608802685048770891 : Checking image 1 border right 214
1608802685050777617 : Checking image 2 dpi 300
1608802685050860418 : Checking image 2 border top 183
1608802685050893918 : Checking image 2 border bottom 110
1608802685050925318 : Checking image 2 border left 216
1608802685050956319 : Checking image 2 border right 216

</system-out><system-err>--------------------------------- Captured Err ---------------------------------

</system-err></testcase><testcase classname="tests.test_images" name="test_no_split_line_line_algo_png" time="55.683"><system-out>--------------------------------- Captured Log ---------------------------------

--------------------------------- Captured Out ---------------------------------
/home/runner/work/ocr-book/ocr-book/tests/no_split_line_line_algo.png
1608802698739593422 : Checking separation double page angle 89.47691469185418
1608802698739705124 : Checking separation double page y=0 2476
1608802704651296124 : Checking page rotation 1 -0.14999999999999067
1608802716529444082 : Checking page rotation 2 -0.44999999999999746
1608802719021746970 : Checking image 1 crop x1 205
1608802719021873172 : Checking image 1 crop y1 158
1608802719021908572 : Checking image 1 crop x2 2320
1608802719021942173 : Checking image 1 crop y2 3366
1608802723238844974 : Checking image 2 crop x1 185
1608802723238966576 : Checking image 2 crop y1 221
1608802723239003276 : Checking image 2 crop x2 2201
1608802723239037077 : Checking image 2 crop y2 3366
1608802723277435974 : Checking image 1 dpi 300
1608802723277556576 : Checking image 1 border top 144
1608802723277592576 : Checking image 1 border bottom 134
1608802723277624976 : Checking image 1 border left 172
1608802723277656077 : Checking image 1 border right 172
1608802723280513214 : Checking image 2 dpi 300
1608802723280602115 : Checking image 2 border top 219
1608802723280636315 : Checking image 2 border bottom 123
1608802723280667716 : Checking image 2 border left 222
1608802723280698216 : Checking image 2 border right 222

</system-out><system-err>--------------------------------- Captured Err ---------------------------------

</system-err></testcase><testcase classname="tests.test_images" name="test_small_wave_png" time="77.801"><system-out>--------------------------------- Captured Log ---------------------------------

--------------------------------- Captured Out ---------------------------------
/home/runner/work/ocr-book/ocr-book/tests/small_wave.png
1608802734566263207 : Checking separation double page angle 90.58816928841564
1608802734566373909 : Checking separation double page y=0 2497
1608802746031738527 : Checking page rotation 1 0.65
1608802757261558506 : Checking page rotation 2 0.75
1608802760084134395 : Checking image 1 crop x1 320
1608802760084253097 : Checking image 1 crop y1 199
1608802760084290097 : Checking image 1 crop x2 2353
1608802760084324198 : Checking image 1 crop y2 3394
1608802762813392141 : Checking image 2 crop x1 132
1608802762813515643 : Checking image 2 crop y1 224
1608802762813552543 : Checking image 2 crop x2 2160
1608802762813589544 : Checking image 2 crop y2 3419
1608802762850451321 : Checking image 1 dpi 300
1608802762850573123 : Checking image 1 border top 179
1608802762850608823 : Checking image 1 border bottom 112
1608802762850640323 : Checking image 1 border left 213
1608802762850671324 : Checking image 1 border right 213
1608802762852728650 : Checking image 2 dpi 300
1608802762852824852 : Checking image 2 border top 197
1608802762852858952 : Checking image 2 border bottom 95
1608802762852889953 : Checking image 2 border left 216
1608802762852921053 : Checking image 2 border right 216

</system-out><system-err>--------------------------------- Captured Err ---------------------------------

</system-err></testcase><testcase classname="tests.test_images" name="test_failed_split_line_line_algo_png" time="26.251"><system-out>--------------------------------- Captured Log ---------------------------------

--------------------------------- Captured Out ---------------------------------
/home/runner/work/ocr-book/ocr-book/tests/failed_split_line_line_algo.png
1608802739912302303 : Checking separation double page angle 90.04134220573248
1608802739912408905 : Checking separation double page y=0 2573
1608802743440826741 : Checking page rotation 1 -0.14999999999999067
1608802745605424301 : Checking page rotation 2 0.0
1608802748017791775 : Checking image 1 crop x1 407
1608802748017918876 : Checking image 1 crop y1 2925
1608802748017954477 : Checking image 1 crop x2 2419
1608802748017986377 : Checking image 1 crop y2 3174
1608802749552589772 : Checking image 2 crop x1 1184
1608802749552698873 : Checking image 2 crop y1 1748
1608802749552733374 : Checking image 2 crop x2 1185
1608802749552764374 : Checking image 2 crop y2 1749
1608802749553039278 : Checking image 1 dpi 300
1608802749553123379 : Checking image 1 border top 2922
1608802749553155479 : Checking image 1 border bottom 316
1608802749553186080 : Checking image 1 border left 224
1608802749553217580 : Checking image 1 border right 224
1608802749554682999 : Checking image 2 dpi 300
1608802749554762100 : Checking image 2 border top 1752
1608802749554794500 : Checking image 2 border bottom 1753
1608802749554826501 : Checking image 2 border left 1239
1608802749554857501 : Checking image 2 border right 1239

</system-out><system-err>--------------------------------- Captured Err ---------------------------------

</system-err></testcase><testcase classname="tests.test_images" name="test_failed_split_line_line_algo_2_png" time="68.805"><system-out>--------------------------------- Captured Log ---------------------------------

--------------------------------- Captured Out ---------------------------------
/home/runner/work/ocr-book/ocr-book/tests/failed_split_line_line_algo_2.png
1608802789260665423 : Checking separation double page angle 90.03068774449687
1608802789260773625 : Checking separation double page y=0 2500
1608802801652690518 : Checking page rotation 1 0.0
1608802812290775697 : Checking page rotation 2 0.6000000000000001
1608802815257842380 : Checking image 1 crop x1 272
1608802815257976281 : Checking image 1 crop y1 149
1608802815258013682 : Checking image 1 crop x2 2383
1608802815258045982 : Checking image 1 crop y2 3353
1608802818296457976 : Checking image 2 crop x1 121
1608802818296584577 : Checking image 2 crop y1 155
1608802818296621178 : Checking image 2 crop x2 2244
1608802818296655178 : Checking image 2 crop y2 3350
1608802818335520181 : Checking image 1 dpi 300
1608802818335640682 : Checking image 1 border top 138
1608802818335677583 : Checking image 1 border bottom 145
1608802818335710183 : Checking image 1 border left 174
1608802818335740684 : Checking image 1 border right 174
1608802818338124314 : Checking image 2 dpi 300
1608802818338205415 : Checking image 2 border top 136
1608802818338239516 : Checking image 2 border bottom 156
1608802818338270516 : Checking image 2 border left 168
1608802818338302017 : Checking image 2 border right 168

</system-out><system-err>--------------------------------- Captured Err ---------------------------------

</system-err></testcase><testcase classname="tests.test_images" name="test_wrong_split_line_3_png" time="60.275"><system-out>--------------------------------- Captured Log ---------------------------------

--------------------------------- Captured Out ---------------------------------
/home/runner/work/ocr-book/ocr-book/tests/wrong_split_line_3.png
1608802797987131062 : Checking separation double page angle 90.43729500214694
1608802797987241563 : Checking separation double page y=0 2498
1608802808449479207 : Checking page rotation 1 0.30000000000000004
1608802816976092005 : Checking page rotation 2 0.9
1608802820278983308 : Checking image 1 crop x1 331
1608802820279108709 : Checking image 1 crop y1 165
1608802820279145310 : Checking image 1 crop x2 2375
1608802820279181910 : Checking image 1 crop y2 3376
1608802823110239813 : Checking image 2 crop x1 102
1608802823110367514 : Checking image 2 crop y1 208
1608802823110404815 : Checking image 2 crop x2 2133
1608802823110441415 : Checking image 2 crop y2 3413
1608802823144969562 : Checking image 1 dpi 300
1608802823145097064 : Checking image 1 border top 157
1608802823145133164 : Checking image 1 border bottom 119
1608802823145164764 : Checking image 1 border left 208
1608802823145196065 : Checking image 1 border right 208
1608802823147241491 : Checking image 2 dpi 300
1608802823147329992 : Checking image 2 border top 187
1608802823147391293 : Checking image 2 border bottom 95
1608802823147423394 : Checking image 2 border left 214
1608802823147454794 : Checking image 2 border right 214

</system-out><system-err>--------------------------------- Captured Err ---------------------------------

</system-err></testcase><testcase classname="tests.test_images" name="test_crop_too_much_3_png" time="70.661"><system-out>--------------------------------- Captured Log ---------------------------------

--------------------------------- Captured Out ---------------------------------
/home/runner/work/ocr-book/ocr-book/tests/crop_too_much_3.png
1608802858463168936 : Checking separation double page angle 89.49330634783144
1608802858463275937 : Checking separation double page y=0 2498
1608802867022867973 : Checking page rotation 1 -0.8999999999999949
1608802880776939010 : Checking page rotation 2 -0.14999999999999067
1608802884640257246 : Checking image 1 crop x1 374
1608802884640397548 : Checking image 1 crop y1 258
1608802884640434249 : Checking image 1 crop x2 2385
1608802884640467649 : Checking image 1 crop y2 3459
1608802888949881783 : Checking image 2 crop x1 168
1608802888950006884 : Checking image 2 crop y1 228
1608802888950043484 : Checking image 2 crop x2 2181
1608802888950078585 : Checking image 2 crop y2 3417
1608802888993053990 : Checking image 1 dpi 300
1608802888993173391 : Checking image 1 border top 239
1608802888993209191 : Checking image 1 border bottom 47
1608802888993241092 : Checking image 1 border left 224
1608802888993272192 : Checking image 1 border right 224
1608802888999085947 : Checking image 2 dpi 300
1608802888999186448 : Checking image 2 border top 209
1608802888999220148 : Checking image 2 border bottom 89
1608802888999251048 : Checking image 2 border left 223
1608802888999281848 : Checking image 2 border right 223

</system-out><system-err>--------------------------------- Captured Err ---------------------------------

</system-err></testcase><testcase classname="tests.test_images" name="test_wrong_wave_split_line_2_png" time="73.822"><system-out>--------------------------------- Captured Log ---------------------------------

--------------------------------- Captured Out ---------------------------------
/home/runner/work/ocr-book/ocr-book/tests/wrong_wave_split_line_2.png
1608802864768454834 : Checking separation double page angle 90.7708958311329
1608802864768564550 : Checking separation double page y=0 2490
1608802874850213567 : Checking page rotation 1 0.4
1608802887492132799 : Checking page rotation 2 1.8
1608802890864728137 : Checking image 1 crop x1 224
1608802890864852438 : Checking image 1 crop y1 147
1608802890864889939 : Checking image 1 crop x2 2337
1608802890864926139 : Checking image 1 crop y2 3355
1608802896917031885 : Checking image 2 crop x1 107
1608802896917154885 : Checking image 2 crop y1 197
1608802896917191685 : Checking image 2 crop x2 2229
1608802896917228185 : Checking image 2 crop y2 3396
1608802896961375699 : Checking image 1 dpi 300
1608802896961495299 : Checking image 1 border top 137
1608802896961532199 : Checking image 1 border bottom 142
1608802896961565399 : Checking image 1 border left 173
1608802896961596299 : Checking image 1 border right 173
1608802896963642500 : Checking image 2 dpi 300
1608802896963730200 : Checking image 2 border top 171
1608802896963763900 : Checking image 2 border bottom 116
1608802896963794800 : Checking image 2 border left 169
1608802896963825700 : Checking image 2 border right 169

</system-out><system-err>--------------------------------- Captured Err ---------------------------------

</system-err></testcase><testcase classname="tests.test_images" name="test_wrong_wave_split_line_3_png" time="61.645"><system-out>--------------------------------- Captured Log ---------------------------------

--------------------------------- Captured Out ---------------------------------
/home/runner/work/ocr-book/ocr-book/tests/wrong_wave_split_line_3.png
1608802926628014546 : Checking separation double page angle 90.05826063695574
1608802926628121647 : Checking separation double page y=0 2514
1608802936534598846 : Checking page rotation 1 0.05
1608802944528829763 : Checking page rotation 2 0.30000000000000004
1608802947776543178 : Checking image 1 crop x1 273
1608802947776666879 : Checking image 1 crop y1 220
1608802947776714179 : Checking image 1 crop x2 2383
1608802947776746080 : Checking image 1 crop y2 3423
1608802950618109564 : Checking image 2 crop x1 114
1608802950618230865 : Checking image 2 crop y1 226
1608802950618266965 : Checking image 2 crop x2 2237
1608802950618301566 : Checking image 2 crop y2 3414
1608802950653777003 : Checking image 1 dpi 300
1608802950653899604 : Checking image 1 border top 202
1608802950653935104 : Checking image 1 border bottom 82
1608802950653966404 : Checking image 1 border left 175
1608802950653997205 : Checking image 1 border right 175
1608802950656424828 : Checking image 2 dpi 300
1608802950656510329 : Checking image 2 border top 207
1608802950656542729 : Checking image 2 border bottom 92
1608802950656573729 : Checking image 2 border left 168
1608802950656604330 : Checking image 2 border right 168

</system-out><system-err>--------------------------------- Captured Err ---------------------------------

</system-err></testcase><testcase classname="tests.test_images" name="test_no_split_line_wave_algo_png" time="72.253"><system-out>--------------------------------- Captured Log ---------------------------------

--------------------------------- Captured Out ---------------------------------
/home/runner/work/ocr-book/ocr-book/tests/no_split_line_wave_algo.png
1608802932441141851 : Checking separation double page angle 89.72500000000001
1608802932441256452 : Checking separation double page y=0 2484
1608802938356057891 : Checking page rotation 1 0.0
1608802948488928843 : Checking page rotation 2 -0.49999999999999434
1608802960824809899 : Checking image 1 crop x1 97
1608802960824896001 : Checking image 1 crop y1 79
1608802960824931002 : Checking image 1 crop x2 2494
1608802960824964902 : Checking image 1 crop y2 3505
1608802969144100516 : Checking image 2 crop x1 163
1608802969144220418 : Checking image 2 crop y1 266
1608802969144259419 : Checking image 2 crop x2 2238
1608802969144294719 : Checking image 2 crop y2 3381
1608802969182484016 : Checking image 1 dpi 300
1608802969182604517 : Checking image 1 border top 41
1608802969182640218 : Checking image 1 border bottom 41
1608802969182671518 : Checking image 1 border left 42
1608802969182702018 : Checking image 1 border right 42
1608802969184709644 : Checking image 2 dpi 300
1608802969184802046 : Checking image 2 border top 252
1608802969184836546 : Checking image 2 border bottom 120
1608802969184873447 : Checking image 2 border left 192
1608802969184904947 : Checking image 2 border right 192

</system-out><system-err>--------------------------------- Captured Err ---------------------------------

</system-err></testcase><testcase classname="tests.test_images" name="test_no_split_line_wave_algo_2_png" time="53.183"><system-out>--------------------------------- Captured Log ---------------------------------

--------------------------------- Captured Out ---------------------------------
/home/runner/work/ocr-book/ocr-book/tests/no_split_line_wave_algo_2.png
1608802981286468912 : Checking separation double page angle 90.54999999999998
1608802981286586014 : Checking separation double page y=0 2478
1608802989749244668 : Checking page rotation 1 1.1500000000000001
1608802998275439303 : Checking page rotation 2 0.2
1608803001156052628 : Checking image 1 crop x1 266
1608803001156182929 : Checking image 1 crop y1 209
1608803001156218930 : Checking image 1 crop x2 2342
1608803001156251830 : Checking image 1 crop y2 3413
1608803003804920725 : Checking image 2 crop x1 168
1608803003805045127 : Checking image 2 crop y1 241
1608803003805080827 : Checking image 2 crop x2 2251
1608803003805115527 : Checking image 2 crop y2 3433
1608803003841262596 : Checking image 1 dpi 300
1608803003841382897 : Checking image 1 border top 191
1608803003841418898 : Checking image 1 border bottom 92
1608803003841450598 : Checking image 1 border left 192
1608803003841481898 : Checking image 1 border right 192
1608803003844418636 : Checking image 2 dpi 300
1608803003844513938 : Checking image 2 border top 224
1608803003844547438 : Checking image 2 border bottom 71
1608803003844579138 : Checking image 2 border left 188
1608803003844610039 : Checking image 2 border right 188

</system-out><system-err>--------------------------------- Captured Err ---------------------------------

</system-err></testcase><testcase classname="tests.test_images" name="test_crop_too_few_2_png" time="50.056"><system-out>--------------------------------- Captured Log ---------------------------------

--------------------------------- Captured Out ---------------------------------
/home/runner/work/ocr-book/ocr-book/tests/crop_too_few_2.png
1608802998188423079 : Checking separation double page angle 90.30476192320097
1608802998188523580 : Checking separation double page y=0 2531
1608803005543695138 : Checking page rotation 1 1.2000000000000002
1608803012881592921 : Checking page rotation 2 -0.04999999999999689
1608803016014018546 : Checking image 1 crop x1 287
1608803016014150147 : Checking image 1 crop y1 165
1608803016014187148 : Checking image 1 crop x2 2398
1608803016014222448 : Checking image 1 crop y2 3368
1608803019260516464 : Checking image 2 crop x1 149
1608803019260639866 : Checking image 2 crop y1 189
1608803019260676166 : Checking image 2 crop x2 2273
1608803019260712667 : Checking image 2 crop y2 3386
1608803019294461302 : Checking image 1 dpi 300
1608803019294578303 : Checking image 1 border top 157
1608803019294614404 : Checking image 1 border bottom 127
1608803019294646304 : Checking image 1 border left 174
1608803019294677405 : Checking image 1 border right 174
1608803019296771032 : Checking image 2 dpi 300
1608803019296861733 : Checking image 2 border top 181
1608803019296899033 : Checking image 2 border bottom 109
1608803019296930334 : Checking image 2 border left 168
1608803019296961734 : Checking image 2 border right 168

</system-out><system-err>--------------------------------- Captured Err ---------------------------------

</system-err></testcase><testcase classname="tests.test_images" name="test_failed_detect_rectangle_png" time="67.074"><system-out>--------------------------------- Captured Log ---------------------------------

--------------------------------- Captured Out ---------------------------------
/home/runner/work/ocr-book/ocr-book/tests/failed_detect_rectangle.png
1608803040567699903 : Checking separation double page angle 90.19837516213148
1608803040567805604 : Checking separation double page y=0 2474
1608803051950291284 : Checking page rotation 1 0.2
1608803064838613258 : Checking page rotation 2 0.2
1608803067847639793 : Checking image 1 crop x1 257
1608803067847769595 : Checking image 1 crop y1 201
1608803067847805695 : Checking image 1 crop x2 2333
1608803067847837995 : Checking image 1 crop y2 3402
1608803070867386357 : Checking image 2 crop x1 136
1608803070867515259 : Checking image 2 crop y1 215
1608803070867551459 : Checking image 2 crop x2 2219
1608803070867585360 : Checking image 2 crop y2 3406
1608803070910672610 : Checking image 1 dpi 300
1608803070910795912 : Checking image 1 border top 188
1608803070910832212 : Checking image 1 border bottom 97
1608803070910864112 : Checking image 1 border left 192
1608803070910896213 : Checking image 1 border right 192
1608803070913711649 : Checking image 2 dpi 300
1608803070913804150 : Checking image 2 border top 200
1608803070913837150 : Checking image 2 border bottom 95
1608803070913868751 : Checking image 2 border left 188
1608803070913899451 : Checking image 2 border right 188

</system-out><system-err>--------------------------------- Captured Err ---------------------------------

</system-err></testcase><testcase classname="tests.test_images" name="test_single_page_png" time="22.646"><system-out>--------------------------------- Captured Log ---------------------------------

--------------------------------- Captured Out ---------------------------------
/home/runner/work/ocr-book/ocr-book/tests/single_page.png
1608803029122096240 : Checking separation double page angle 90.04999999999998
1608803029122221542 : Checking separation double page y=0 2476
1608803033860590644 : Checking page rotation 1 0.0
1608803034387641751 : Checking page rotation 2 0.0
1608803041136616761 : Checking image 1 crop x1 1
1608803041136707462 : Checking image 1 crop y1 8
1608803041136744362 : Checking image 1 crop x2 2470
1608803041136777363 : Checking image 1 crop y2 3505
1608803041645248872 : Checking image 2 crop x1 0
1608803041645325373 : Checking image 2 crop y1 0
1608803041645356273 : Checking image 2 crop x2 0
1608803041645385773 : Checking image 2 crop y2 0
1608803041645455874 : Checking image 1 dpi 300
1608803041645518775 : Checking image 1 border top 5
1608803041645550575 : Checking image 1 border bottom 5
1608803041645582076 : Checking image 1 border left 6
1608803041645613076 : Checking image 1 border right 6
1608803041651533752 : Checking image 2 border top 0
1608803041651599753 : Checking image 2 border bottom 0
1608803041651630553 : Checking image 2 border left 0
1608803041651660754 : Checking image 2 border right 0

</system-out><system-err>--------------------------------- Captured Err ---------------------------------

</system-err></testcase><testcase classname="tests.test_images" name="test_wrong_split_line_4_png" time="33.605"><system-out>--------------------------------- Captured Log ---------------------------------

--------------------------------- Captured Out ---------------------------------
/home/runner/work/ocr-book/ocr-book/tests/wrong_split_line_4.png
1608803061573537457 : Checking separation double page angle 91.04999999999998
1608803061573647558 : Checking separation double page y=0 60
1608803061839969484 : Checking page rotation 1 1.05
1608803071120274787 : Checking page rotation 2 1.1500000000000001
1608803071679448828 : Checking image 1 crop x1 0
1608803071679516529 : Checking image 1 crop y1 0
1608803071679548029 : Checking image 1 crop x2 0
1608803071679577630 : Checking image 1 crop y2 0
1608803075545068039 : Checking image 2 crop x1 292
1608803075545181641 : Checking image 2 crop y1 330
1608803075545216341 : Checking image 2 crop x2 2314
1608803075545249042 : Checking image 2 crop y2 3218
1608803075585711758 : Checking image 1 border top 0
1608803075585783758 : Checking image 1 border bottom 0
1608803075585816159 : Checking image 1 border left 0
1608803075585848359 : Checking image 1 border right 0
1608803075585908660 : Checking image 2 dpi 300
1608803075585985561 : Checking image 2 border top 322
1608803075586018561 : Checking image 2 border bottom 277
1608803075586049762 : Checking image 2 border left 219
1608803075586080962 : Checking image 2 border right 219

</system-out><system-err>--------------------------------- Captured Err ---------------------------------

</system-err></testcase><testcase classname="tests.test_images" name="test_no_split_line_wave_algo_3_png" time="17.167"><system-out>--------------------------------- Captured Log ---------------------------------

--------------------------------- Captured Out ---------------------------------
/home/runner/work/ocr-book/ocr-book/tests/no_split_line_wave_algo_3.png
1608803080590124162 : Checking separation double page angle 90.14999999999998
1608803080590240563 : Checking separation double page y=0 2408
1608803083299355654 : Checking page rotation 1 0.0
1608803083661102289 : Checking page rotation 2 0.35
1608803087568024650 : Checking image 1 crop x1 184
1608803087568144652 : Checking image 1 crop y1 2957
1608803087568180252 : Checking image 1 crop x2 2201
1608803087568211353 : Checking image 1 crop y2 3202
1608803088074269337 : Checking image 2 crop x1 0
1608803088074340938 : Checking image 2 crop y1 0
1608803088074371639 : Checking image 2 crop x2 0
1608803088074401239 : Checking image 2 crop y2 0
1608803088074484640 : Checking image 1 dpi 300
1608803088074552141 : Checking image 1 border top 2950
1608803088074584541 : Checking image 1 border bottom 292
1608803088074616142 : Checking image 1 border left 221
1608803088074646842 : Checking image 1 border right 221
1608803088083685558 : Checking image 2 border top 0
1608803088083757259 : Checking image 2 border bottom 0
1608803088083787359 : Checking image 2 border left 0
1608803088083817560 : Checking image 2 border right 0

</system-out><system-err>--------------------------------- Captured Err ---------------------------------

</system-err></testcase><testcase classname="tests.test_images" name="test_failed_split_line_line_algo_3_png" time="25.912"><system-out>--------------------------------- Captured Log ---------------------------------

--------------------------------- Captured Out ---------------------------------
/home/runner/work/ocr-book/ocr-book/tests/failed_split_line_line_algo_3.png
1608803088987765941 : Checking separation double page angle 90.0
1608803088987881542 : Checking separation double page y=0 40
1608803089145425153 : Checking page rotation 1 0.0
1608803094332656575 : Checking page rotation 2 0.0
1608803094717182584 : Checking image 1 crop x1 0
1608803094717248785 : Checking image 1 crop y1 0
1608803094717277585 : Checking image 1 crop x2 0
1608803094717304185 : Checking image 1 crop y2 0
1608803101479156028 : Checking image 2 crop x1 246
1608803101479261129 : Checking image 2 crop y1 154
1608803101479293129 : Checking image 2 crop x2 2259
1608803101479325030 : Checking image 2 crop y2 3361
1608803101512789946 : Checking image 1 border top 0
1608803101512855147 : Checking image 1 border bottom 0
1608803101512884347 : Checking image 1 border left 0
1608803101512914048 : Checking image 1 border right 0
1608803101512972148 : Checking image 2 dpi 300
1608803101513044149 : Checking image 2 border top 146
1608803101513073450 : Checking image 2 border bottom 134
1608803101513101450 : Checking image 2 border left 223
1608803101513129650 : Checking image 2 border right 223

</system-out><system-err>--------------------------------- Captured Err ---------------------------------

</system-err></testcase></testsuite></testsuites>