<?xml version="1.0" encoding="utf-8"?><testsuites><testsuite name="pytest" errors="0" failures="0" skipped="0" tests="36" time="386.190" timestamp="2021-05-17T10:09:56.031822" hostname="fv-az96-236"><testcase classname="tests.test_features" name="test_mock_stop_at_0" time="0.045"><system-out>--------------------------------- Captured Log ---------------------------------

--------------------------------- Captured Out ---------------------------------
/home/runner/work/diptych/diptych/tests/0001_0.png

</system-out><system-err>--------------------------------- Captured Err ---------------------------------

</system-err></testcase><testcase classname="tests.test_features" name="test_disabled_enable_debug" time="22.850"><system-out>--------------------------------- Captured Log ---------------------------------

--------------------------------- Captured Out ---------------------------------
/home/runner/work/diptych/diptych/tests/0001_debug.png
separation double page angle 90.55756528497216
separation double page y=0 2484
page rotation 1 0.65
page rotation 2 0.2
image 1 crop x1 329
image 1 crop y1 335
image 1 crop x2 2344
image 1 crop y2 3222
image 2 crop x1 171
image 2 crop y1 648
image 2 crop x2 2188
image 2 crop y2 3361
image 1 dpi 300
image 1 border top 327
image 1 border bottom 273
image 1 border left 222
image 1 border right 222
image 2 dpi 300
image 2 border top 643
image 2 border bottom 131
image 2 border left 221
image 2 border right 221

</system-out><system-err>--------------------------------- Captured Err ---------------------------------

</system-err></testcase><testcase classname="tests.test_features" name="test_mock_stop_at_2" time="15.989"><system-out>--------------------------------- Captured Log ---------------------------------

--------------------------------- Captured Out ---------------------------------
/home/runner/work/diptych/diptych/tests/0001_2.png
separation double page angle 90.55756528497216
separation double page y=0 2484
page rotation 1 0.65
page rotation 2 0.2

</system-out><system-err>--------------------------------- Captured Err ---------------------------------

</system-err></testcase><testcase classname="tests.test_features" name="test_mock_stop_at_4" time="22.019"><system-out>--------------------------------- Captured Log ---------------------------------

--------------------------------- Captured Out ---------------------------------
/home/runner/work/diptych/diptych/tests/0001_4.png
separation double page angle 90.55756528497216
separation double page y=0 2484
page rotation 1 0.65
page rotation 2 0.2
image 1 crop x1 329
image 1 crop y1 335
image 1 crop x2 2344
image 1 crop y2 3222
image 2 crop x1 171
image 2 crop y1 648
image 2 crop x2 2188
image 2 crop y2 3361
image 1 dpi 300
image 1 border top 326
image 1 border bottom 274
image 1 border left 222
image 1 border right 222
image 2 dpi 300
image 2 border top 643
image 2 border bottom 131
image 2 border left 221
image 2 border right 221

</system-out><system-err>--------------------------------- Captured Err ---------------------------------

</system-err></testcase><testcase classname="tests.test_features" name="test_mock_stop_at_1" time="13.138"><system-out>--------------------------------- Captured Log ---------------------------------

--------------------------------- Captured Out ---------------------------------
/home/runner/work/diptych/diptych/tests/0001_1.png
separation double page angle 90.55756528497216
separation double page y=0 2484

</system-out><system-err>--------------------------------- Captured Err ---------------------------------

</system-err></testcase><testcase classname="tests.test_features" name="test_mock_stop_at_3" time="22.395"><system-out>--------------------------------- Captured Log ---------------------------------

--------------------------------- Captured Out ---------------------------------
/home/runner/work/diptych/diptych/tests/0001_3.png
separation double page angle 90.55756528497216
separation double page y=0 2484
page rotation 1 0.65
page rotation 2 0.2
image 1 crop x1 329
image 1 crop y1 335
image 1 crop x2 2344
image 1 crop y2 3222
image 2 crop x1 171
image 2 crop y1 648
image 2 crop x2 2188
image 2 crop y2 3361

</system-out><system-err>--------------------------------- Captured Err ---------------------------------

</system-err></testcase><testcase classname="tests.test_images" name="test_0001_png" time="20.343"><system-out>--------------------------------- Captured Log ---------------------------------

--------------------------------- Captured Out ---------------------------------
/home/runner/work/diptych/diptych/tests/0001.png
1621246247188728626 : Checking separation double page angle 90.55756528497216
1621246247188847429 : Checking separation double page y=0 2484
1621246248245897712 : Checking page rotation 1 0.65
1621246249533622355 : Checking page rotation 2 0.2
1621246252691326413 : Checking image 1 crop x1 329
1621246252691440217 : Checking image 1 crop y1 335
1621246252691479218 : Checking image 1 crop x2 2344
1621246252691513119 : Checking image 1 crop y2 3222
1621246255497060128 : Checking image 2 crop x1 171
1621246255497193532 : Checking image 2 crop y1 648
1621246255497235834 : Checking image 2 crop x2 2188
1621246255497271635 : Checking image 2 crop y2 3361
1621246255497441440 : Checking image 1 dpi 300
1621246255497516543 : Checking image 1 border top 326
1621246255497562744 : Checking image 1 border bottom 274
1621246255497593945 : Checking image 1 border left 222
1621246255497624446 : Checking image 1 border right 222
1621246255500356835 : Checking image 2 dpi 300
1621246255500422137 : Checking image 2 border top 643
1621246255500455239 : Checking image 2 border bottom 131
1621246255500485840 : Checking image 2 border left 221
1621246255500516141 : Checking image 2 border right 221

</system-out><system-err>--------------------------------- Captured Err ---------------------------------

</system-err></testcase><testcase classname="tests.test_features" name="test_mock_stop_at_5" time="23.322"><system-out>--------------------------------- Captured Log ---------------------------------

--------------------------------- Captured Out ---------------------------------
/home/runner/work/diptych/diptych/tests/0001_5.png
separation double page angle 90.55756528497216
separation double page y=0 2484
page rotation 1 0.65
page rotation 2 0.2
image 1 crop x1 329
image 1 crop y1 335
image 1 crop x2 2344
image 1 crop y2 3222
image 2 crop x1 171
image 2 crop y1 648
image 2 crop x2 2188
image 2 crop y2 3361
image 1 dpi 300
image 1 border top 326
image 1 border bottom 274
image 1 border left 222
image 1 border right 222
image 2 dpi 300
image 2 border top 643
image 2 border bottom 131
image 2 border left 221
image 2 border right 221

</system-out><system-err>--------------------------------- Captured Err ---------------------------------

</system-err></testcase><testcase classname="tests.test_images" name="test_black_border_not_removed_png" time="22.356"><system-out>--------------------------------- Captured Log ---------------------------------

--------------------------------- Captured Out ---------------------------------
/home/runner/work/diptych/diptych/tests/black-border-not-removed.png
1621246267469223425 : Checking separation double page angle 90.01516396500199
1621246267469325128 : Checking separation double page y=0 2455
1621246268418002658 : Checking page rotation 1 0.0
1621246269796366397 : Checking page rotation 2 0.1
1621246272600275013 : Checking image 1 crop x1 297
1621246272600393217 : Checking image 1 crop y1 143
1621246272600432018 : Checking image 1 crop x2 2309
1621246272600467619 : Checking image 1 crop y2 3346
1621246277855017764 : Checking image 2 crop x1 154
1621246277855137168 : Checking image 2 crop y1 144
1621246277855177869 : Checking image 2 crop x2 2168
1621246277855216870 : Checking image 2 crop y2 3351
1621246277855385776 : Checking image 1 dpi 300
1621246277855464279 : Checking image 1 border top 131
1621246277855501180 : Checking image 1 border bottom 153
1621246277855534481 : Checking image 1 border left 224
1621246277855567382 : Checking image 1 border right 224
1621246277858401574 : Checking image 2 dpi 300
1621246277858464776 : Checking image 2 border top 133
1621246277858639182 : Checking image 2 border bottom 147
1621246277858746685 : Checking image 2 border left 223
1621246277858789887 : Checking image 2 border right 223

</system-out><system-err>--------------------------------- Captured Err ---------------------------------

</system-err></testcase><testcase classname="tests.test_images" name="test_image_failed_to_rotate_png" time="27.244"><system-out>--------------------------------- Captured Log ---------------------------------

--------------------------------- Captured Out ---------------------------------
/home/runner/work/diptych/diptych/tests/image_failed_to_rotate.png
1621246292459436276 : Checking separation double page angle 90.35651650869968
1621246292459549080 : Checking separation double page y=0 2483
1621246294351545469 : Checking page rotation 1 0.45
1621246295601409187 : Checking page rotation 2 0.2
1621246301217331764 : Checking image 1 crop x1 31
1621246301217473369 : Checking image 1 crop y1 1
1621246301217517470 : Checking image 1 crop x2 2481
1621246301217557272 : Checking image 1 crop y2 3504
1621246305010676253 : Checking image 2 crop x1 171
1621246305010796057 : Checking image 2 crop y1 231
1621246305010838558 : Checking image 2 crop x2 2259
1621246305010877460 : Checking image 2 crop y2 3358
1621246305011039665 : Checking image 1 dpi 300
1621246305011119867 : Checking image 1 border top 2
1621246305011158869 : Checking image 1 border bottom 2
1621246305011259372 : Checking image 1 border left 15
1621246305011296473 : Checking image 1 border right 15
1621246305013843956 : Checking image 2 dpi 300
1621246305013908858 : Checking image 2 border top 217
1621246305013943159 : Checking image 2 border bottom 143
1621246305013974960 : Checking image 2 border left 186
1621246305014006761 : Checking image 2 border right 186

</system-out><system-err>--------------------------------- Captured Err ---------------------------------

</system-err></testcase><testcase classname="tests.test_images" name="test_2_pages_2_contours_png" time="15.345"><system-out>--------------------------------- Captured Log ---------------------------------

--------------------------------- Captured Out ---------------------------------
/home/runner/work/diptych/diptych/tests/2-pages-2-contours.png
1621246289314591252 : Checking separation double page angle 90.14230271514262
1621246289314707256 : Checking separation double page y=0 2488
1621246289888705303 : Checking page rotation 1 0.0
1621246290825129003 : Checking page rotation 2 0.2
1621246291650586761 : Checking image 1 crop x1 1189
1621246291650674063 : Checking image 1 crop y1 1751
1621246291650708565 : Checking image 1 crop x2 1190
1621246291650736065 : Checking image 1 crop y2 1752
1621246294170939270 : Checking image 2 crop x1 100
1621246294171042074 : Checking image 2 crop y1 240
1621246294171077575 : Checking image 2 crop x2 2148
1621246294171108976 : Checking image 2 crop y2 3240
1621246294171264081 : Checking image 1 dpi 300
1621246294171330083 : Checking image 1 border top 1752
1621246294171361984 : Checking image 1 border bottom 1753
1621246294171391085 : Checking image 1 border left 1239
1621246294171419086 : Checking image 1 border right 1239
1621246294173716861 : Checking image 2 dpi 300
1621246294173821565 : Checking image 2 border top 230
1621246294173853866 : Checking image 2 border bottom 256
1621246294173883467 : Checking image 2 border left 206
1621246294173912068 : Checking image 2 border right 206

</system-out><system-err>--------------------------------- Captured Err ---------------------------------

</system-err></testcase><testcase classname="tests.test_images" name="test_wrong_split_line_png" time="18.705"><system-out>--------------------------------- Captured Log ---------------------------------

--------------------------------- Captured Out ---------------------------------
/home/runner/work/diptych/diptych/tests/wrong_split_line.png
1621246307113572402 : Checking separation double page angle 89.95895720607972
1621246307113706406 : Checking separation double page y=0 2466
1621246308129456101 : Checking page rotation 1 -0.04999999999999689
1621246309150164458 : Checking page rotation 2 0.45
1621246310640646022 : Checking image 1 crop x1 211
1621246310640753225 : Checking image 1 crop y1 156
1621246310640789726 : Checking image 1 crop x2 2323
1621246310640823127 : Checking image 1 crop y2 3363
1621246312872414638 : Checking image 2 crop x1 123
1621246312872517041 : Checking image 2 crop y1 164
1621246312872553442 : Checking image 2 crop x2 2237
1621246312872587443 : Checking image 2 crop y2 3375
1621246312872747849 : Checking image 1 dpi 300
1621246312872822451 : Checking image 1 border top 135
1621246312872856352 : Checking image 1 border bottom 145
1621246312872886753 : Checking image 1 border left 174
1621246312872917154 : Checking image 1 border right 174
1621246312875623942 : Checking image 2 dpi 300
1621246312875693044 : Checking image 2 border top 141
1621246312875725646 : Checking image 2 border bottom 135
1621246312875755647 : Checking image 2 border left 173
1621246312875785347 : Checking image 2 border right 173

</system-out><system-err>--------------------------------- Captured Err ---------------------------------

</system-err></testcase><testcase classname="tests.test_images" name="test_image_failed_to_crop_data_png" time="38.908"><system-out>--------------------------------- Captured Log ---------------------------------

--------------------------------- Captured Out ---------------------------------
/home/runner/work/diptych/diptych/tests/image_failed_to_crop_data.png
1621246323949047918 : Checking separation double page angle 90.09350257645173
1621246323949145821 : Checking separation double page y=0 2479
1621246328362542388 : Checking page rotation 1 0.15000000000000002
1621246329425949763 : Checking page rotation 2 0.05
1621246340348649212 : Checking image 1 crop x1 46
1621246340348788916 : Checking image 1 crop y1 1
1621246340348832817 : Checking image 1 crop x2 2477
1621246340348870419 : Checking image 1 crop y2 3505
1621246343947853878 : Checking image 2 crop x1 164
1621246343947964682 : Checking image 2 crop y1 217
1621246343948003783 : Checking image 2 crop x2 2245
1621246343948038684 : Checking image 2 crop y2 3350
1621246343948201990 : Checking image 1 dpi 300
1621246343948278192 : Checking image 1 border top 2
1621246343948314693 : Checking image 1 border bottom 2
1621246343948345994 : Checking image 1 border left 25
1621246343948376895 : Checking image 1 border right 25
1621246343951038581 : Checking image 2 dpi 300
1621246343951103784 : Checking image 2 border top 206
1621246343951136185 : Checking image 2 border bottom 148
1621246343951166286 : Checking image 2 border left 189
1621246343951196387 : Checking image 2 border right 189

</system-out><system-err>--------------------------------- Captured Err ---------------------------------

</system-err></testcase><testcase classname="tests.test_images" name="test_crop_too_much_png" time="26.078"><system-out>--------------------------------- Captured Log ---------------------------------

--------------------------------- Captured Out ---------------------------------
/home/runner/work/diptych/diptych/tests/crop_too_much.png
1621246327201066142 : Checking separation double page angle 90.16929865985193
1621246327201265149 : Checking separation double page y=0 2456
1621246328800188535 : Checking page rotation 1 -0.04999999999999689
1621246330611031808 : Checking page rotation 2 0.2
1621246334316443482 : Checking image 1 crop x1 302
1621246334316556886 : Checking image 1 crop y1 148
1621246334316591687 : Checking image 1 crop x2 2314
1621246334316622488 : Checking image 1 crop y2 3351
1621246338926876865 : Checking image 2 crop x1 163
1621246338926996769 : Checking image 2 crop y1 151
1621246338927035370 : Checking image 2 crop x2 2187
1621246338927070971 : Checking image 2 crop y2 3363
1621246338927241577 : Checking image 1 dpi 300
1621246338927319679 : Checking image 1 border top 133
1621246338927355980 : Checking image 1 border bottom 151
1621246338927388781 : Checking image 1 border left 224
1621246338927422383 : Checking image 1 border right 224
1621246338930170472 : Checking image 2 dpi 300
1621246338930248374 : Checking image 2 border top 132
1621246338930753590 : Checking image 2 border bottom 143
1621246338930795792 : Checking image 2 border left 218
1621246338930829893 : Checking image 2 border right 218

</system-out><system-err>--------------------------------- Captured Err ---------------------------------

</system-err></testcase><testcase classname="tests.test_images" name="test_crop_too_few_png" time="19.245"><system-out>--------------------------------- Captured Log ---------------------------------

--------------------------------- Captured Out ---------------------------------
/home/runner/work/diptych/diptych/tests/crop_too_few.png
1621246352307512232 : Checking separation double page angle 89.49492328400886
1621246352307617036 : Checking separation double page y=0 2510
1621246353279829075 : Checking page rotation 1 -0.6499999999999977
1621246354326572940 : Checking page rotation 2 0.0
1621246356521239178 : Checking image 1 crop x1 263
1621246356521351682 : Checking image 1 crop y1 150
1621246356521388383 : Checking image 1 crop x2 2377
1621246356521420684 : Checking image 1 crop y2 3357
1621246358204290365 : Checking image 2 crop x1 139
1621246358204397368 : Checking image 2 crop y1 141
1621246358204433869 : Checking image 2 crop x2 2261
1621246358204467070 : Checking image 2 crop y2 3345
1621246358204621575 : Checking image 1 dpi 300
1621246358204695278 : Checking image 1 border top 129
1621246358204730479 : Checking image 1 border bottom 150
1621246358204761180 : Checking image 1 border left 173
1621246358204791081 : Checking image 1 border right 173
1621246358207413466 : Checking image 2 dpi 300
1621246358207474068 : Checking image 2 border top 130
1621246358207505269 : Checking image 2 border bottom 153
1621246358207535270 : Checking image 2 border left 169
1621246358207565371 : Checking image 2 border right 169

</system-out><system-err>--------------------------------- Captured Err ---------------------------------

</system-err></testcase><testcase classname="tests.test_images" name="test_wrong_angle_split_line_png" time="24.999"><system-out>--------------------------------- Captured Log ---------------------------------

--------------------------------- Captured Out ---------------------------------
/home/runner/work/diptych/diptych/tests/wrong_angle_split_line.png
1621246354646320247 : Checking separation double page angle 90.08791528895468
1621246354646425850 : Checking separation double page y=0 2478
1621246355899907353 : Checking page rotation 1 0.1
1621246357089966891 : Checking page rotation 2 0.1
1621246363327979113 : Checking image 1 crop x1 58
1621246363328092417 : Checking image 1 crop y1 6
1621246363328131118 : Checking image 1 crop x2 2476
1621246363328164419 : Checking image 1 crop y2 3501
1621246368319681258 : Checking image 2 crop x1 166
1621246368319801862 : Checking image 2 crop y1 218
1621246368319839263 : Checking image 2 crop x2 2244
1621246368319873264 : Checking image 2 crop y2 3349
1621246368320048670 : Checking image 1 dpi 300
1621246368320131372 : Checking image 1 border top 6
1621246368320166973 : Checking image 1 border bottom 6
1621246368320195974 : Checking image 1 border left 31
1621246368320224875 : Checking image 1 border right 31
1621246368329879688 : Checking image 2 dpi 300
1621246368330003392 : Checking image 2 border top 209
1621246368330037093 : Checking image 2 border bottom 147
1621246368330066394 : Checking image 2 border left 191
1621246368330094895 : Checking image 2 border right 191

</system-out><system-err>--------------------------------- Captured Err ---------------------------------

</system-err></testcase><testcase classname="tests.test_images" name="test_crop_too_much_2_png" time="25.533"><system-out>--------------------------------- Captured Log ---------------------------------

--------------------------------- Captured Out ---------------------------------
/home/runner/work/diptych/diptych/tests/crop_too_much_2.png
1621246373946849591 : Checking separation double page angle 90.15285326123045
1621246373946951795 : Checking separation double page y=0 2477
1621246375352724846 : Checking page rotation 1 0.15000000000000002
1621246376865558173 : Checking page rotation 2 0.2
1621246379822947348 : Checking image 1 crop x1 330
1621246379823063251 : Checking image 1 crop y1 132
1621246379823099853 : Checking image 1 crop x2 2342
1621246379823131254 : Checking image 1 crop y2 3335
1621246383713926515 : Checking image 2 crop x1 165
1621246383714067720 : Checking image 2 crop y1 139
1621246383714115321 : Checking image 2 crop x2 2178
1621246383714145422 : Checking image 2 crop y2 3345
1621246383714301527 : Checking image 1 dpi 300
1621246383714375830 : Checking image 1 border top 121
1621246383714407731 : Checking image 1 border bottom 163
1621246383714437132 : Checking image 1 border left 224
1621246383714468233 : Checking image 1 border right 224
1621246383717187321 : Checking image 2 dpi 300
1621246383717247423 : Checking image 2 border top 129
1621246383717277124 : Checking image 2 border bottom 152
1621246383717304925 : Checking image 2 border left 223
1621246383717332426 : Checking image 2 border right 223

</system-out><system-err>--------------------------------- Captured Err ---------------------------------

</system-err></testcase><testcase classname="tests.test_images" name="test_angle_page_lower_split_line_png" time="25.045"><system-out>--------------------------------- Captured Log ---------------------------------

--------------------------------- Captured Out ---------------------------------
/home/runner/work/diptych/diptych/tests/angle_page_lower_split_line.png
1621246385777233978 : Checking separation double page angle 89.74412725181848
1621246385777344382 : Checking separation double page y=0 2472
1621246387449980778 : Checking page rotation 1 -0.14999999999999067
1621246388886888831 : Checking page rotation 2 0.1
1621246390508527695 : Checking image 1 crop x1 241
1621246390508645099 : Checking image 1 crop y1 156
1621246390508686000 : Checking image 1 crop x2 2357
1621246390508785004 : Checking image 1 crop y2 3368
1621246394070486892 : Checking image 2 crop x1 151
1621246394070628297 : Checking image 2 crop y1 146
1621246394070682399 : Checking image 2 crop x2 2261
1621246394070719600 : Checking image 2 crop y2 3351
1621246394070900506 : Checking image 1 dpi 300
1621246394070984508 : Checking image 1 border top 140
1621246394071022910 : Checking image 1 border bottom 135
1621246394071059611 : Checking image 1 border left 172
1621246394071105012 : Checking image 1 border right 172
1621246394074046608 : Checking image 2 dpi 300
1621246394074112810 : Checking image 2 border top 131
1621246394074147011 : Checking image 2 border bottom 151
1621246394074178912 : Checking image 2 border left 175
1621246394074210713 : Checking image 2 border right 175

</system-out><system-err>--------------------------------- Captured Err ---------------------------------

</system-err></testcase><testcase classname="tests.test_images" name="test_wrong_split_line_2_png" time="33.866"><system-out>--------------------------------- Captured Log ---------------------------------

--------------------------------- Captured Out ---------------------------------
/home/runner/work/diptych/diptych/tests/wrong_split_line_2.png
1621246400755047397 : Checking separation double page angle 90.23635161124103
1621246400755163801 : Checking separation double page y=0 2437
1621246402435704956 : Checking page rotation 1 0.2
1621246403779020682 : Checking page rotation 2 0.2
1621246409012522119 : Checking image 1 crop x1 294
1621246409012642823 : Checking image 1 crop y1 136
1621246409012681424 : Checking image 1 crop x2 2325
1621246409012720426 : Checking image 1 crop y2 3376
1621246417588462155 : Checking image 2 crop x1 138
1621246417588581559 : Checking image 2 crop y1 190
1621246417588620560 : Checking image 2 crop x2 2174
1621246417588656061 : Checking image 2 crop y2 3389
1621246417588833667 : Checking image 1 dpi 300
1621246417588914270 : Checking image 1 border top 131
1621246417588951271 : Checking image 1 border bottom 116
1621246417588984272 : Checking image 1 border left 214
1621246417589018173 : Checking image 1 border right 214
1621246417593443617 : Checking image 2 dpi 300
1621246417593592822 : Checking image 2 border top 181
1621246417593630623 : Checking image 2 border bottom 107
1621246417593663724 : Checking image 2 border left 212
1621246417593695425 : Checking image 2 border right 212

</system-out><system-err>--------------------------------- Captured Err ---------------------------------

</system-err></testcase><testcase classname="tests.test_images" name="test_wrong_wave_split_line_png" time="32.299"><system-out>--------------------------------- Captured Log ---------------------------------

--------------------------------- Captured Out ---------------------------------
/home/runner/work/diptych/diptych/tests/wrong_wave_split_line.png
1621246409736408824 : Checking separation double page angle 90.42461655762611
1621246409736506628 : Checking separation double page y=0 2502
1621246411423733770 : Checking page rotation 1 -0.09999999999999377
1621246413583616447 : Checking page rotation 2 0.85
1621246420257012243 : Checking image 1 crop x1 384
1621246420257133347 : Checking image 1 crop y1 178
1621246420257174248 : Checking image 1 crop x2 2412
1621246420257210249 : Checking image 1 crop y2 3374
1621246426361681193 : Checking image 2 crop x1 7
1621246426361813298 : Checking image 2 crop y1 0
1621246426361851699 : Checking image 2 crop x2 2411
1621246426361889000 : Checking image 2 crop y2 3505
1621246426362039005 : Checking image 1 dpi 300
1621246426362114907 : Checking image 1 border top 173
1621246426362149709 : Checking image 1 border bottom 118
1621246426362181210 : Checking image 1 border left 216
1621246426362212011 : Checking image 1 border right 216
1621246426365177407 : Checking image 2 dpi 300
1621246426365240309 : Checking image 2 border top 1
1621246426365273210 : Checking image 2 border bottom 1
1621246426365303211 : Checking image 2 border left 38
1621246426365333112 : Checking image 2 border right 38

</system-out><system-err>--------------------------------- Captured Err ---------------------------------

</system-err></testcase><testcase classname="tests.test_images" name="test_small_wave_png" time="21.865"><system-out>--------------------------------- Captured Log ---------------------------------

--------------------------------- Captured Out ---------------------------------
/home/runner/work/diptych/diptych/tests/small_wave.png
1621246432985586246 : Checking separation double page angle 90.56494929955075
1621246432985706450 : Checking separation double page y=0 2495
1621246434515825979 : Checking page rotation 1 0.7
1621246435814407099 : Checking page rotation 2 0.65
1621246437271579426 : Checking image 1 crop x1 322
1621246437271693429 : Checking image 1 crop y1 199
1621246437271732631 : Checking image 1 crop x2 2351
1621246437271766332 : Checking image 1 crop y2 3394
1621246439457517272 : Checking image 2 crop x1 130
1621246439457637575 : Checking image 2 crop y1 222
1621246439457679476 : Checking image 2 crop x2 2163
1621246439457718377 : Checking image 2 crop y2 3420
1621246439457906483 : Checking image 1 dpi 300
1621246439457991986 : Checking image 1 border top 181
1621246439458041087 : Checking image 1 border bottom 111
1621246439458077088 : Checking image 1 border left 215
1621246439458112789 : Checking image 1 border right 215
1621246439460887271 : Checking image 2 dpi 300
1621246439460958873 : Checking image 2 border top 197
1621246439460995474 : Checking image 2 border bottom 92
1621246439461029975 : Checking image 2 border left 213
1621246439461063876 : Checking image 2 border right 213

</system-out><system-err>--------------------------------- Captured Err ---------------------------------

</system-err></testcase><testcase classname="tests.test_images" name="test_no_split_line_line_algo_png" time="20.652"><system-out>--------------------------------- Captured Log ---------------------------------

--------------------------------- Captured Out ---------------------------------
/home/runner/work/diptych/diptych/tests/no_split_line_line_algo.png
1621246438423543341 : Checking separation double page angle 89.47691469185418
1621246438423652744 : Checking separation double page y=0 2476
1621246439398685434 : Checking page rotation 1 -0.14999999999999067
1621246440845283414 : Checking page rotation 2 -0.14999999999999067
1621246442829050335 : Checking image 1 crop x1 205
1621246442829175939 : Checking image 1 crop y1 158
1621246442829217440 : Checking image 1 crop x2 2320
1621246442829254841 : Checking image 1 crop y2 3366
1621246447028791036 : Checking image 2 crop x1 185
1621246447028896539 : Checking image 2 crop y1 225
1621246447028934141 : Checking image 2 crop x2 2204
1621246447028966842 : Checking image 2 crop y2 3362
1621246447029128447 : Checking image 1 dpi 300
1621246447029199749 : Checking image 1 border top 144
1621246447029231650 : Checking image 1 border bottom 134
1621246447029260851 : Checking image 1 border left 172
1621246447029289352 : Checking image 1 border right 172
1621246447032239148 : Checking image 2 dpi 300
1621246447032300250 : Checking image 2 border top 223
1621246447032330251 : Checking image 2 border bottom 127
1621246447032357952 : Checking image 2 border left 220
1621246447032385853 : Checking image 2 border right 220

</system-out><system-err>--------------------------------- Captured Err ---------------------------------

</system-err></testcase><testcase classname="tests.test_images" name="test_wrong_split_line_3_png" time="24.564"><system-out>--------------------------------- Captured Log ---------------------------------

--------------------------------- Captured Out ---------------------------------
/home/runner/work/diptych/diptych/tests/wrong_split_line_3.png
1621246453466832504 : Checking separation double page angle 90.40515247895009
1621246453466939107 : Checking separation double page y=0 2495
1621246454662007457 : Checking page rotation 1 0.2
1621246455621052734 : Checking page rotation 2 0.85
1621246457603193470 : Checking image 1 crop x1 331
1621246457603299873 : Checking image 1 crop y1 166
1621246457603332274 : Checking image 1 crop x2 2377
1621246457603364575 : Checking image 1 crop y2 3375
1621246464032644261 : Checking image 2 crop x1 103
1621246464032737864 : Checking image 2 crop y1 207
1621246464032771265 : Checking image 2 crop x2 2136
1621246464032801866 : Checking image 2 crop y2 3414
1621246464032981672 : Checking image 1 dpi 300
1621246464033061674 : Checking image 1 border top 158
1621246464033097775 : Checking image 1 border bottom 120
1621246464033128376 : Checking image 1 border left 207
1621246464033158177 : Checking image 1 border right 207
1621246464035880266 : Checking image 2 dpi 300
1621246464035970869 : Checking image 2 border top 199
1621246464036017870 : Checking image 2 border bottom 81
1621246464036049071 : Checking image 2 border left 213
1621246464036079672 : Checking image 2 border right 213

</system-out><system-err>--------------------------------- Captured Err ---------------------------------

</system-err></testcase><testcase classname="tests.test_images" name="test_failed_split_line_line_algo_png" time="15.670"><system-out>--------------------------------- Captured Log ---------------------------------

--------------------------------- Captured Out ---------------------------------
/home/runner/work/diptych/diptych/tests/failed_split_line_line_algo.png
1621246457058892475 : Checking separation double page angle 90.0093502548779
1621246457058992479 : Checking separation double page y=0 2574
1621246457797304880 : Checking page rotation 1 0.0
1621246458376217699 : Checking page rotation 2 0.0
1621246460915301032 : Checking image 1 crop x1 411
1621246460915434737 : Checking image 1 crop y1 2927
1621246460915478638 : Checking image 1 crop x2 2422
1621246460915516339 : Checking image 1 crop y2 3172
1621246462725929286 : Checking image 2 crop x1 1191
1621246462726387401 : Checking image 2 crop y1 1745
1621246462726440703 : Checking image 2 crop x2 1192
1621246462726478604 : Checking image 2 crop y2 1746
1621246462726683511 : Checking image 1 dpi 300
1621246462726780814 : Checking image 1 border top 2920
1621246462726815015 : Checking image 1 border bottom 322
1621246462726846016 : Checking image 1 border left 224
1621246462726876617 : Checking image 1 border right 224
1621246462728939684 : Checking image 2 dpi 300
1621246462728991286 : Checking image 2 border top 1752
1621246462729025087 : Checking image 2 border bottom 1753
1621246462729055088 : Checking image 2 border left 1239
1621246462729084789 : Checking image 2 border right 1239

</system-out><system-err>--------------------------------- Captured Err ---------------------------------

</system-err></testcase><testcase classname="tests.test_images" name="test_failed_split_line_line_algo_2_png" time="22.880"><system-out>--------------------------------- Captured Log ---------------------------------

--------------------------------- Captured Out ---------------------------------
/home/runner/work/diptych/diptych/tests/failed_split_line_line_algo_2.png
1621246477047730000 : Checking separation double page angle 90.03732329462368
1621246477047834304 : Checking separation double page y=0 2499
1621246478452567119 : Checking page rotation 1 -0.09999999999999377
1621246479757431684 : Checking page rotation 2 0.5499999999999999
1621246482821045683 : Checking image 1 crop x1 273
1621246482821164887 : Checking image 1 crop y1 147
1621246482821203788 : Checking image 1 crop x2 2386
1621246482821238790 : Checking image 1 crop y2 3352
1621246485566237591 : Checking image 2 crop x1 122
1621246485566352895 : Checking image 2 crop y1 155
1621246485566390896 : Checking image 2 crop x2 2246
1621246485566427297 : Checking image 2 crop y2 3350
1621246485566620303 : Checking image 1 dpi 300
1621246485566703306 : Checking image 1 border top 137
1621246485566737407 : Checking image 1 border bottom 145
1621246485566768308 : Checking image 1 border left 173
1621246485566798609 : Checking image 1 border right 173
1621246485569776906 : Checking image 2 dpi 300
1621246485569845008 : Checking image 2 border top 133
1621246485569878309 : Checking image 2 border bottom 159
1621246485569908410 : Checking image 2 border left 168
1621246485569941211 : Checking image 2 border right 168

</system-out><system-err>--------------------------------- Captured Err ---------------------------------

</system-err></testcase><testcase classname="tests.test_images" name="test_crop_too_much_3_png" time="21.389"><system-out>--------------------------------- Captured Log ---------------------------------

--------------------------------- Captured Out ---------------------------------
/home/runner/work/diptych/diptych/tests/crop_too_much_3.png
1621246476597217739 : Checking separation double page angle 89.5934556679346
1621246476597328943 : Checking separation double page y=0 2499
1621246477752586439 : Checking page rotation 1 -0.8999999999999949
1621246479384346242 : Checking page rotation 2 -0.04999999999999689
1621246482673448982 : Checking image 1 crop x1 374
1621246482673566085 : Checking image 1 crop y1 258
1621246482673602387 : Checking image 1 crop x2 2385
1621246482673634488 : Checking image 1 crop y2 3459
1621246485426390841 : Checking image 2 crop x1 164
1621246485426534946 : Checking image 2 crop y1 229
1621246485426577747 : Checking image 2 crop x2 2183
1621246485426614649 : Checking image 2 crop y2 3416
1621246485426794055 : Checking image 1 dpi 300
1621246485426877457 : Checking image 1 border top 239
1621246485426915158 : Checking image 1 border bottom 46
1621246485426948360 : Checking image 1 border left 224
1621246485426980961 : Checking image 1 border right 224
1621246485430597578 : Checking image 2 dpi 300
1621246485430695581 : Checking image 2 border top 210
1621246485430729483 : Checking image 2 border bottom 90
1621246485430760784 : Checking image 2 border left 220
1621246485430795485 : Checking image 2 border right 220

</system-out><system-err>--------------------------------- Captured Err ---------------------------------

</system-err></testcase><testcase classname="tests.test_images" name="test_wrong_wave_split_line_3_png" time="24.449"><system-out>--------------------------------- Captured Log ---------------------------------

--------------------------------- Captured Out ---------------------------------
/home/runner/work/diptych/diptych/tests/wrong_wave_split_line_3.png
1621246503097827605 : Checking separation double page angle 90.12715931778824
1621246503097938609 : Checking separation double page y=0 2514
1621246504516678957 : Checking page rotation 1 0.05
1621246505759703890 : Checking page rotation 2 0.2
1621246507949335797 : Checking image 1 crop x1 273
1621246507949432800 : Checking image 1 crop y1 220
1621246507949479602 : Checking image 1 crop x2 2383
1621246507949508503 : Checking image 1 crop y2 3423
1621246509879818621 : Checking image 2 crop x1 116
1621246509879933824 : Checking image 2 crop y1 225
1621246509879973026 : Checking image 2 crop x2 2242
1621246509880009427 : Checking image 2 crop y2 3415
1621246509880188633 : Checking image 1 dpi 300
1621246509880272935 : Checking image 1 border top 202
1621246509880309837 : Checking image 1 border bottom 82
1621246509880343238 : Checking image 1 border left 175
1621246509880376639 : Checking image 1 border right 175
1621246509883058626 : Checking image 2 dpi 300
1621246509883124428 : Checking image 2 border top 204
1621246509883158530 : Checking image 2 border bottom 93
1621246509883189931 : Checking image 2 border left 167
1621246509883221232 : Checking image 2 border right 167

</system-out><system-err>--------------------------------- Captured Err ---------------------------------

</system-err></testcase><testcase classname="tests.test_images" name="test_wrong_wave_split_line_2_png" time="24.498"><system-out>--------------------------------- Captured Log ---------------------------------

--------------------------------- Captured Out ---------------------------------
/home/runner/work/diptych/diptych/tests/wrong_wave_split_line_2.png
1621246502690253748 : Checking separation double page angle 90.7708958311329
1621246502690352651 : Checking separation double page y=0 2490
1621246504033613744 : Checking page rotation 1 0.2
1621246505341537288 : Checking page rotation 2 1.65
1621246507005717640 : Checking image 1 crop x1 227
1621246507005842144 : Checking image 1 crop y1 147
1621246507005884646 : Checking image 1 crop x2 2342
1621246507005924647 : Checking image 1 crop y2 3353
1621246510072970016 : Checking image 2 crop x1 106
1621246510073088620 : Checking image 2 crop y1 195
1621246510073130022 : Checking image 2 crop x2 2231
1621246510073167123 : Checking image 2 crop y2 3398
1621246510073340428 : Checking image 1 dpi 300
1621246510073421531 : Checking image 1 border top 136
1621246510073458032 : Checking image 1 border bottom 145
1621246510073491433 : Checking image 1 border left 172
1621246510073524234 : Checking image 1 border right 172
1621246510076588934 : Checking image 2 dpi 300
1621246510076662637 : Checking image 2 border top 165
1621246510076698938 : Checking image 2 border bottom 118
1621246510076745339 : Checking image 2 border left 167
1621246510076778541 : Checking image 2 border right 167

</system-out><system-err>--------------------------------- Captured Err ---------------------------------

</system-err></testcase><testcase classname="tests.test_images" name="test_no_split_line_wave_algo_png" time="31.368"><system-out>--------------------------------- Captured Log ---------------------------------

--------------------------------- Captured Out ---------------------------------
/home/runner/work/diptych/diptych/tests/no_split_line_wave_algo.png
1621246522943682241 : Checking separation double page angle 89.79018091440821
1621246522943794945 : Checking separation double page y=0 2483
1621246525851730439 : Checking page rotation 1 0.0
1621246527150043472 : Checking page rotation 2 -0.44999999999999746
1621246535810682621 : Checking image 1 crop x1 97
1621246535810771423 : Checking image 1 crop y1 74
1621246535810803625 : Checking image 1 crop x2 2489
1621246535810833326 : Checking image 1 crop y2 3505
1621246541211630111 : Checking image 2 crop x1 164
1621246541211727314 : Checking image 2 crop y1 267
1621246541211816217 : Checking image 2 crop x2 2239
1621246541211847418 : Checking image 2 crop y2 3380
1621246541212005123 : Checking image 1 dpi 300
1621246541212078725 : Checking image 1 border top 38
1621246541212109926 : Checking image 1 border bottom 38
1621246541212138027 : Checking image 1 border left 44
1621246541212167428 : Checking image 1 border right 44
1621246541214565506 : Checking image 2 dpi 300
1621246541214627308 : Checking image 2 border top 257
1621246541214661309 : Checking image 2 border bottom 117
1621246541214690510 : Checking image 2 border left 192
1621246541214719511 : Checking image 2 border right 192

</system-out><system-err>--------------------------------- Captured Err ---------------------------------

</system-err></testcase><testcase classname="tests.test_images" name="test_no_split_line_wave_algo_2_png" time="19.669"><system-out>--------------------------------- Captured Log ---------------------------------

--------------------------------- Captured Out ---------------------------------
/home/runner/work/diptych/diptych/tests/no_split_line_wave_algo_2.png
1621246523295349381 : Checking separation double page angle 90.43362571535843
1621246523295451884 : Checking separation double page y=0 2473
1621246524344475809 : Checking page rotation 1 1.05
1621246525486696764 : Checking page rotation 2 0.15000000000000002
1621246527704137797 : Checking image 1 crop x1 267
1621246527704248901 : Checking image 1 crop y1 210
1621246527704285802 : Checking image 1 crop x2 2343
1621246527704319103 : Checking image 1 crop y2 3412
1621246529743123624 : Checking image 2 crop x1 165
1621246529743263829 : Checking image 2 crop y1 241
1621246529743305730 : Checking image 2 crop x2 2250
1621246529743343531 : Checking image 2 crop y2 3433
1621246529743521737 : Checking image 1 dpi 300
1621246529743614740 : Checking image 1 border top 192
1621246529743650641 : Checking image 1 border bottom 93
1621246529743683342 : Checking image 1 border left 192
1621246529743715744 : Checking image 1 border right 192
1621246529754571397 : Checking image 2 dpi 300
1621246529754687600 : Checking image 2 border top 224
1621246529754725102 : Checking image 2 border bottom 71
1621246529754758703 : Checking image 2 border left 187
1621246529754791304 : Checking image 2 border right 187

</system-out><system-err>--------------------------------- Captured Err ---------------------------------

</system-err></testcase><testcase classname="tests.test_images" name="test_failed_detect_rectangle_png" time="19.532"><system-out>--------------------------------- Captured Log ---------------------------------

--------------------------------- Captured Out ---------------------------------
/home/runner/work/diptych/diptych/tests/failed_detect_rectangle.png
1621246544006547797 : Checking separation double page angle 90.242273842964
1621246544006658001 : Checking separation double page y=0 2475
1621246545207747658 : Checking page rotation 1 0.2
1621246546569080827 : Checking page rotation 2 0.2
1621246547785500103 : Checking image 1 crop x1 257
1621246547785620207 : Checking image 1 crop y1 201
1621246547785661008 : Checking image 1 crop x2 2333
1621246547785696709 : Checking image 1 crop y2 3402
1621246549270512522 : Checking image 2 crop x1 137
1621246549270638526 : Checking image 2 crop y1 215
1621246549270681727 : Checking image 2 crop x2 2220
1621246549270719628 : Checking image 2 crop y2 3406
1621246549270898234 : Checking image 1 dpi 300
1621246549270982537 : Checking image 1 border top 188
1621246549271018838 : Checking image 1 border bottom 98
1621246549271052139 : Checking image 1 border left 192
1621246549271085240 : Checking image 1 border right 192
1621246549273940533 : Checking image 2 dpi 300
1621246549274007235 : Checking image 2 border top 201
1621246549274041736 : Checking image 2 border bottom 95
1621246549274074137 : Checking image 2 border left 188
1621246549274106138 : Checking image 2 border right 188

</system-out><system-err>--------------------------------- Captured Err ---------------------------------

</system-err></testcase><testcase classname="tests.test_images" name="test_crop_too_few_2_png" time="19.539"><system-out>--------------------------------- Captured Log ---------------------------------

--------------------------------- Captured Out ---------------------------------
/home/runner/work/diptych/diptych/tests/crop_too_few_2.png
1621246553828803637 : Checking separation double page angle 90.35461351371423
1621246553828916341 : Checking separation double page y=0 2533
1621246555098852659 : Checking page rotation 1 1.0999999999999999
1621246556209815399 : Checking page rotation 2 0.0
1621246558948641495 : Checking image 1 crop x1 289
1621246558948749198 : Checking image 1 crop y1 165
1621246558948784699 : Checking image 1 crop x2 2400
1621246558948817600 : Checking image 1 crop y2 3367
1621246560819104742 : Checking image 2 crop x1 152
1621246560819205245 : Checking image 2 crop y1 190
1621246560819257147 : Checking image 2 crop x2 2273
1621246560819291848 : Checking image 2 crop y2 3385
1621246560819479654 : Checking image 1 dpi 300
1621246560819623259 : Checking image 1 border top 157
1621246560819675460 : Checking image 1 border bottom 128
1621246560819711662 : Checking image 1 border left 174
1621246560819747663 : Checking image 1 border right 174
1621246560823030970 : Checking image 2 dpi 300
1621246560823099372 : Checking image 2 border top 182
1621246560823134973 : Checking image 2 border bottom 110
1621246560823168174 : Checking image 2 border left 169
1621246560823201375 : Checking image 2 border right 169

</system-out><system-err>--------------------------------- Captured Err ---------------------------------

</system-err></testcase><testcase classname="tests.test_images" name="test_single_page_png" time="6.325"><system-out>--------------------------------- Captured Log ---------------------------------

--------------------------------- Captured Out ---------------------------------
/home/runner/work/diptych/diptych/tests/single_page.png
1621246552635528011 : Checking separation double page angle 89.93006318861008
1621246552635647015 : Checking separation double page y=0 2472
1621246553432922056 : Checking page rotation 1 0.0
1621246553574687169 : Checking page rotation 2 0.0
1621246555152428802 : Checking image 1 crop x1 1
1621246555152528305 : Checking image 1 crop y1 8
1621246555152566607 : Checking image 1 crop x2 2470
1621246555152597508 : Checking image 1 crop y2 3505
1621246555295018341 : Checking image 2 crop x1 0
1621246555295097843 : Checking image 2 crop y1 0
1621246555295129644 : Checking image 2 crop x2 0
1621246555295158145 : Checking image 2 crop y2 0
1621246555295223147 : Checking image 1 dpi 300
1621246555295289349 : Checking image 1 border top 5
1621246555295327051 : Checking image 1 border bottom 5
1621246555295357752 : Checking image 1 border left 6
1621246555295387753 : Checking image 1 border right 6
1621246555301806862 : Checking image 2 border top 0
1621246555301878964 : Checking image 2 border bottom 0
1621246555301906265 : Checking image 2 border left 0
1621246555302304278 : Checking image 2 border right 0

</system-out><system-err>--------------------------------- Captured Err ---------------------------------

</system-err></testcase><testcase classname="tests.test_images" name="test_wrong_split_line_4_png" time="12.005"><system-out>--------------------------------- Captured Log ---------------------------------

--------------------------------- Captured Out ---------------------------------
/home/runner/work/diptych/diptych/tests/wrong_split_line_4.png
1621246563643035795 : Checking separation double page angle 90.92587744884125
1621246563643141798 : Checking separation double page y=0 58
1621246563787777402 : Checking page rotation 1 0.5499999999999999
1621246564982246244 : Checking page rotation 2 1.0999999999999999
1621246565645632116 : Checking image 1 crop x1 0
1621246565645709819 : Checking image 1 crop y1 0
1621246565645740420 : Checking image 1 crop x2 0
1621246565645768820 : Checking image 1 crop y2 0
1621246567675263716 : Checking image 2 crop x1 290
1621246567675381920 : Checking image 2 crop y1 330
1621246567675419621 : Checking image 2 crop x2 2314
1621246567675453522 : Checking image 2 crop y2 3217
1621246567675613428 : Checking image 1 border top 0
1621246567675653729 : Checking image 1 border bottom 0
1621246567675685930 : Checking image 1 border left 0
1621246567675717531 : Checking image 1 border right 0
1621246567675767233 : Checking image 2 dpi 300
1621246567675833135 : Checking image 2 border top 322
1621246567675867236 : Checking image 2 border bottom 278
1621246567675898337 : Checking image 2 border left 218
1621246567675928838 : Checking image 2 border right 218

</system-out><system-err>--------------------------------- Captured Err ---------------------------------

</system-err></testcase><testcase classname="tests.test_images" name="test_no_split_line_wave_algo_3_png" time="10.804"><system-out>--------------------------------- Captured Log ---------------------------------

--------------------------------- Captured Out ---------------------------------
/home/runner/work/diptych/diptych/tests/no_split_line_wave_algo_3.png
1621246568201048414 : Checking separation double page angle 90.18184445198425
1621246568201165018 : Checking separation double page y=0 2405
1621246569015431896 : Checking page rotation 1 0.0
1621246569194931633 : Checking page rotation 2 0.0
1621246571133635485 : Checking image 1 crop x1 184
1621246571133725388 : Checking image 1 crop y1 2957
1621246571133757889 : Checking image 1 crop x2 2201
1621246571133785290 : Checking image 1 crop y2 3202
1621246571600195767 : Checking image 2 crop x1 0
1621246571600276070 : Checking image 2 crop y1 0
1621246571600306971 : Checking image 2 crop x2 0
1621246571600335972 : Checking image 2 crop y2 0
1621246571600416675 : Checking image 1 dpi 300
1621246571600491677 : Checking image 1 border top 2950
1621246571600530878 : Checking image 1 border bottom 292
1621246571600563679 : Checking image 1 border left 221
1621246571600595080 : Checking image 1 border right 221
1621246571606651478 : Checking image 2 border top 0
1621246571606709679 : Checking image 2 border bottom 0
1621246571606738180 : Checking image 2 border left 0
1621246571606766481 : Checking image 2 border right 0

</system-out><system-err>--------------------------------- Captured Err ---------------------------------

</system-err></testcase><testcase classname="tests.test_images" name="test_failed_split_line_line_algo_3_png" time="12.554"><system-out>--------------------------------- Captured Log ---------------------------------

--------------------------------- Captured Out ---------------------------------
/home/runner/work/diptych/diptych/tests/failed_split_line_line_algo_3.png
1621246575154886141 : Checking separation double page angle 90.02403976140027
1621246575154997545 : Checking separation double page y=0 39
1621246575223367369 : Checking page rotation 1 0.0
1621246575997958175 : Checking page rotation 2 0.0
1621246576289606666 : Checking image 1 crop x1 0
1621246576289691969 : Checking image 1 crop y1 0
1621246576289727170 : Checking image 1 crop x2 0
1621246576289760071 : Checking image 1 crop y2 0
1621246580247638757 : Checking image 2 crop x1 249
1621246580247736160 : Checking image 2 crop y1 154
1621246580247771761 : Checking image 2 crop x2 2264
1621246580247804762 : Checking image 2 crop y2 3361
1621246580247975568 : Checking image 1 border top 0
1621246580248015169 : Checking image 1 border bottom 0
1621246580248046370 : Checking image 1 border left 0
1621246580248077471 : Checking image 1 border right 0
1621246580248127673 : Checking image 2 dpi 300
1621246580248194775 : Checking image 2 border top 146
1621246580248228976 : Checking image 2 border bottom 134
1621246580248259977 : Checking image 2 border left 222
1621246580248290278 : Checking image 2 border right 222

</system-out><system-err>--------------------------------- Captured Err ---------------------------------

</system-err></testcase></testsuite></testsuites>