<?xml version="1.0" encoding="utf-8"?><testsuites><testsuite errors="0" failures="0" hostname="fv-az92-143" name="pytest" skipped="0" tests="32" time="900.968" timestamp="2020-12-06T11:02:17.193531"><testcase classname="tests.test_features" name="test_disabled_enable_debug" time="40.066"><system-out>--------------------------------- Captured Log ---------------------------------

--------------------------------- Captured Out ---------------------------------
/home/runner/work/ocr-book/ocr-book/tests/0001_debug.png
separation double page angle 90.57780420099763
separation double page y=0 2487
page rotation 1 0.75
page rotation 2 0.2
image 1 crop x1 330
image 1 crop y1 336
image 1 crop x2 2343
image 1 crop y2 3223
image 2 crop x1 169
image 2 crop y1 648
image 2 crop x2 2186
image 2 crop y2 3361
image 1 dpi 300
image 1 border top 318
image 1 border bottom 282
image 1 border left 223
image 1 border right 223
image 2 dpi 300
image 2 border top 643
image 2 border bottom 131
image 2 border left 221
image 2 border right 221

</system-out><system-err>--------------------------------- Captured Err ---------------------------------

</system-err></testcase><testcase classname="tests.test_features" name="test_mock_stop_at_0" time="0.049"><system-out>--------------------------------- Captured Log ---------------------------------

--------------------------------- Captured Out ---------------------------------
/home/runner/work/ocr-book/ocr-book/tests/0001_0.png

</system-out><system-err>--------------------------------- Captured Err ---------------------------------

</system-err></testcase><testcase classname="tests.test_features" name="test_mock_stop_at_2" time="45.445"><system-out>--------------------------------- Captured Log ---------------------------------

--------------------------------- Captured Out ---------------------------------
/home/runner/work/ocr-book/ocr-book/tests/0001_2.png
separation double page angle 90.57780420099763
separation double page y=0 2487
page rotation 1 0.75
page rotation 2 0.2

</system-out><system-err>--------------------------------- Captured Err ---------------------------------

</system-err></testcase><testcase classname="tests.test_features" name="test_mock_stop_at_1" time="32.314"><system-out>--------------------------------- Captured Log ---------------------------------

--------------------------------- Captured Out ---------------------------------
/home/runner/work/ocr-book/ocr-book/tests/0001_1.png
separation double page angle 90.57780420099763
separation double page y=0 2487

</system-out><system-err>--------------------------------- Captured Err ---------------------------------

</system-err></testcase><testcase classname="tests.test_features" name="test_mock_stop_at_4" time="53.374"><system-out>--------------------------------- Captured Log ---------------------------------

--------------------------------- Captured Out ---------------------------------
/home/runner/work/ocr-book/ocr-book/tests/0001_4.png
separation double page angle 90.57780420099763
separation double page y=0 2487
page rotation 1 0.75
page rotation 2 0.2
image 1 crop x1 330
image 1 crop y1 336
image 1 crop x2 2343
image 1 crop y2 3223
image 2 crop x1 169
image 2 crop y1 648
image 2 crop x2 2186
image 2 crop y2 3361
image 1 dpi 300
image 1 border top 318
image 1 border bottom 282
image 1 border left 223
image 1 border right 223
image 2 dpi 300
image 2 border top 643
image 2 border bottom 131
image 2 border left 221
image 2 border right 221

</system-out><system-err>--------------------------------- Captured Err ---------------------------------

</system-err></testcase><testcase classname="tests.test_features" name="test_mock_stop_at_3" time="52.573"><system-out>--------------------------------- Captured Log ---------------------------------

--------------------------------- Captured Out ---------------------------------
/home/runner/work/ocr-book/ocr-book/tests/0001_3.png
separation double page angle 90.57780420099763
separation double page y=0 2487
page rotation 1 0.75
page rotation 2 0.2
image 1 crop x1 330
image 1 crop y1 336
image 1 crop x2 2343
image 1 crop y2 3223
image 2 crop x1 169
image 2 crop y1 648
image 2 crop x2 2186
image 2 crop y2 3361

</system-out><system-err>--------------------------------- Captured Err ---------------------------------

</system-err></testcase><testcase classname="tests.test_images" name="test_0001_png" time="52.555"><system-out>--------------------------------- Captured Log ---------------------------------

--------------------------------- Captured Out ---------------------------------
/home/runner/work/ocr-book/ocr-book/tests/0001.png
1607252667528024320 : Checking separation double page angle 90.57780420099763
1607252667528122624 : Checking separation double page y=0 2487
1607252674400291072 : Checking page rotation 1 0.75
1607252682610462720 : Checking page rotation 2 0.2
1607252686347188736 : Checking image 1 crop x1 330
1607252686347309312 : Checking image 1 crop y1 336
1607252686347365888 : Checking image 1 crop x2 2343
1607252686347426048 : Checking image 1 crop y2 3223
1607252689708195840 : Checking image 2 crop x1 169
1607252689708365056 : Checking image 2 crop y1 648
1607252689708424192 : Checking image 2 crop x2 2186
1607252689708477184 : Checking image 2 crop y2 3361
1607252689739201280 : Checking image 1 dpi 300
1607252689739286528 : Checking image 1 border top 318
1607252689739324160 : Checking image 1 border bottom 282
1607252689739355648 : Checking image 1 border left 223
1607252689739407104 : Checking image 1 border right 223
1607252689741767680 : Checking image 2 dpi 300
1607252689741820928 : Checking image 2 border top 643
1607252689741852928 : Checking image 2 border bottom 131
1607252689741898752 : Checking image 2 border left 221
1607252689741927424 : Checking image 2 border right 221

</system-out><system-err>--------------------------------- Captured Err ---------------------------------

</system-err></testcase><testcase classname="tests.test_features" name="test_mock_stop_at_5" time="50.583"><system-out>--------------------------------- Captured Log ---------------------------------

--------------------------------- Captured Out ---------------------------------
/home/runner/work/ocr-book/ocr-book/tests/0001_5.png
separation double page angle 90.57780420099763
separation double page y=0 2487
page rotation 1 0.75
page rotation 2 0.2
image 1 crop x1 330
image 1 crop y1 336
image 1 crop x2 2343
image 1 crop y2 3223
image 2 crop x1 169
image 2 crop y1 648
image 2 crop x2 2186
image 2 crop y2 3361
image 1 dpi 300
image 1 border top 318
image 1 border bottom 282
image 1 border left 223
image 1 border right 223
image 2 dpi 300
image 2 border top 643
image 2 border bottom 131
image 2 border left 221
image 2 border right 221

</system-out><system-err>--------------------------------- Captured Err ---------------------------------

</system-err></testcase><testcase classname="tests.test_images" name="test_2_pages_2_contours_png" time="33.988"><system-out>--------------------------------- Captured Log ---------------------------------

--------------------------------- Captured Out ---------------------------------
/home/runner/work/ocr-book/ocr-book/tests/2-pages-2-contours.png
1607252710729711104 : Checking separation double page angle 89.91958537671144
1607252710729803776 : Checking separation double page y=0 2492
1607252712940714752 : Checking page rotation 1 0.05
1607252718562273024 : Checking page rotation 2 0.35000000000000003
1607252720150290944 : Checking image 1 crop x1 1189
1607252720150470144 : Checking image 1 crop y1 1748
1607252720150508288 : Checking image 1 crop x2 1190
1607252720150540800 : Checking image 1 crop y2 1749
1607252723702455808 : Checking image 2 crop x1 89
1607252723702582784 : Checking image 2 crop y1 240
1607252723702624000 : Checking image 2 crop x2 2136
1607252723702662144 : Checking image 2 crop y2 3239
1607252723732346112 : Checking image 1 dpi 300
1607252723732474624 : Checking image 1 border top 1753
1607252723732509696 : Checking image 1 border bottom 1753
1607252723732539392 : Checking image 1 border left 1239
1607252723732568064 : Checking image 1 border right 1239
1607252723733862144 : Checking image 2 dpi 300
1607252723733913600 : Checking image 2 border top 227
1607252723733943552 : Checking image 2 border bottom 261
1607252723733971712 : Checking image 2 border left 206
1607252723733999616 : Checking image 2 border right 206

</system-out><system-err>--------------------------------- Captured Err ---------------------------------

</system-err></testcase><testcase classname="tests.test_images" name="test_angle_page_lower_split_line_png" time="55.909"><system-out>--------------------------------- Captured Log ---------------------------------

--------------------------------- Captured Out ---------------------------------
/home/runner/work/ocr-book/ocr-book/tests/angle_page_lower_split_line.png
1607252749823737600 : Checking separation double page angle 89.75201324945476
1607252749823906560 : Checking separation double page y=0 2473
1607252756455879936 : Checking page rotation 1 -0.44999999999998863
1607252763616241152 : Checking page rotation 2 0.2
1607252766732772608 : Checking image 1 crop x1 245
1607252766732903424 : Checking image 1 crop y1 161
1607252766732940544 : Checking image 1 crop x2 2351
1607252766732974848 : Checking image 1 crop y2 3364
1607252769704617472 : Checking image 2 crop x1 151
1607252769704746752 : Checking image 2 crop y1 147
1607252769704783360 : Checking image 2 crop x2 2258
1607252769704840448 : Checking image 2 crop y2 3350
1607252769741166848 : Checking image 1 dpi 300
1607252769741344512 : Checking image 1 border top 141
1607252769741417728 : Checking image 1 border bottom 143
1607252769741453056 : Checking image 1 border left 177
1607252769741486080 : Checking image 1 border right 177
1607252769745197824 : Checking image 2 dpi 300
1607252769745300224 : Checking image 2 border top 129
1607252769745336832 : Checking image 2 border bottom 155
1607252769745385728 : Checking image 2 border left 176
1607252769745418496 : Checking image 2 border right 176

</system-out><system-err>--------------------------------- Captured Err ---------------------------------

</system-err></testcase><testcase classname="tests.test_images" name="test_black_border_not_removed_png" time="59.200"><system-out>--------------------------------- Captured Log ---------------------------------

--------------------------------- Captured Out ---------------------------------
/home/runner/work/ocr-book/ocr-book/tests/black-border-not-removed.png
1607252757933351424 : Checking separation double page angle 90.02895758682553
1607252757933460224 : Checking separation double page y=0 2456
1607252765361545984 : Checking page rotation 1 0.0
1607252773996891136 : Checking page rotation 2 0.0
1607252777703874048 : Checking image 1 crop x1 297
1607252777703997440 : Checking image 1 crop y1 143
1607252777704036352 : Checking image 1 crop x2 2309
1607252777704071424 : Checking image 1 crop y2 3346
1607252782906766080 : Checking image 2 crop x1 157
1607252782906878720 : Checking image 2 crop y1 145
1607252782906913792 : Checking image 2 crop x2 2169
1607252782906946816 : Checking image 2 crop y2 3352
1607252782937775360 : Checking image 1 dpi 300
1607252782937887232 : Checking image 1 border top 127
1607252782937921792 : Checking image 1 border bottom 157
1607252782937951232 : Checking image 1 border left 224
1607252782937979648 : Checking image 1 border right 224
1607252782940529152 : Checking image 2 dpi 300
1607252782940584448 : Checking image 2 border top 133
1607252782940613888 : Checking image 2 border bottom 147
1607252782940641792 : Checking image 2 border left 224
1607252782940669440 : Checking image 2 border right 224

</system-out><system-err>--------------------------------- Captured Err ---------------------------------

</system-err></testcase><testcase classname="tests.test_images" name="test_wrong_split_line_png" time="41.259"><system-out>--------------------------------- Captured Log ---------------------------------

--------------------------------- Captured Out ---------------------------------
/home/runner/work/ocr-book/ocr-book/tests/wrong_split_line.png
1607252795960762112 : Checking separation double page angle 89.85895720607971
1607252795960961536 : Checking separation double page y=0 2463
1607252800516795392 : Checking page rotation 1 -0.14999999999999147
1607252806275137280 : Checking page rotation 2 0.65
1607252808540200448 : Checking image 1 crop x1 213
1607252808540312576 : Checking image 1 crop y1 157
1607252808540346624 : Checking image 1 crop x2 2323
1607252808540377600 : Checking image 1 crop y2 3362
1607252810972135424 : Checking image 2 crop x1 126
1607252810972259328 : Checking image 2 crop y1 167
1607252810972295168 : Checking image 2 crop x2 2237
1607252810972329472 : Checking image 2 crop y2 3372
1607252811017514240 : Checking image 1 dpi 300
1607252811017643776 : Checking image 1 border top 135
1607252811017682688 : Checking image 1 border bottom 147
1607252811017716736 : Checking image 1 border left 175
1607252811017748992 : Checking image 1 border right 175
1607252811020432640 : Checking image 2 dpi 300
1607252811020493568 : Checking image 2 border top 139
1607252811020526592 : Checking image 2 border bottom 143
1607252811020557312 : Checking image 2 border left 174
1607252811020587520 : Checking image 2 border right 174

</system-out><system-err>--------------------------------- Captured Err ---------------------------------

</system-err></testcase><testcase classname="tests.test_images" name="test_image_failed_to_rotate_png" time="57.816"><system-out>--------------------------------- Captured Log ---------------------------------

--------------------------------- Captured Out ---------------------------------
/home/runner/work/ocr-book/ocr-book/tests/image_failed_to_rotate.png
1607252811382561792 : Checking separation double page angle 90.19634423290287
1607252811382671360 : Checking separation double page y=0 2482
1607252816068861440 : Checking page rotation 1 0.35000000000000003
1607252824377919488 : Checking page rotation 2 0.45
1607252835080247296 : Checking image 1 crop x1 34
1607252835080368384 : Checking image 1 crop y1 1
1607252835080409856 : Checking image 1 crop x2 2480
1607252835080446464 : Checking image 1 crop y2 3500
1607252840610199296 : Checking image 2 crop x1 169
1607252840610322176 : Checking image 2 crop y1 234
1607252840610361088 : Checking image 2 crop x2 2248
1607252840610397696 : Checking image 2 crop y2 3355
1607252840645876224 : Checking image 1 dpi 300
1607252840645987840 : Checking image 1 border top 4
1607252840646025472 : Checking image 1 border bottom 4
1607252840646055936 : Checking image 1 border left 17
1607252840646085376 : Checking image 1 border right 17
1607252840648072192 : Checking image 2 dpi 300
1607252840648131328 : Checking image 2 border top 221
1607252840648163840 : Checking image 2 border bottom 145
1607252840648193536 : Checking image 2 border left 190
1607252840648222208 : Checking image 2 border right 190

</system-out><system-err>--------------------------------- Captured Err ---------------------------------

</system-err></testcase><testcase classname="tests.test_images" name="test_crop_too_much_png" time="74.010"><system-out>--------------------------------- Captured Log ---------------------------------

--------------------------------- Captured Out ---------------------------------
/home/runner/work/ocr-book/ocr-book/tests/crop_too_much.png
1607252857136299776 : Checking separation double page angle 90.13239409272953
1607252857136413440 : Checking separation double page y=0 2453
1607252866678324480 : Checking page rotation 1 0.0
1607252876422314240 : Checking page rotation 2 0.45
1607252880789976320 : Checking image 1 crop x1 303
1607252880790099456 : Checking image 1 crop y1 148
1607252880790133760 : Checking image 1 crop x2 2313
1607252880790181888 : Checking image 1 crop y2 3351
1607252884965046528 : Checking image 2 crop x1 170
1607252884965242880 : Checking image 2 crop y1 155
1607252884965299456 : Checking image 2 crop x2 2181
1607252884965353728 : Checking image 2 crop y2 3359
1607252885006807040 : Checking image 1 dpi 300
1607252885006995200 : Checking image 1 border top 131
1607252885007033856 : Checking image 1 border bottom 153
1607252885007084032 : Checking image 1 border left 225
1607252885007115264 : Checking image 1 border right 225
1607252885010727680 : Checking image 2 dpi 300
1607252885010795776 : Checking image 2 border top 133
1607252885010827008 : Checking image 2 border bottom 150
1607252885010855680 : Checking image 2 border left 224
1607252885010884352 : Checking image 2 border right 224

</system-out><system-err>--------------------------------- Captured Err ---------------------------------

</system-err></testcase><testcase classname="tests.test_images" name="test_image_failed_to_crop_data_png" time="55.593"><system-out>--------------------------------- Captured Log ---------------------------------

--------------------------------- Captured Out ---------------------------------
/home/runner/work/ocr-book/ocr-book/tests/image_failed_to_crop_data.png
1607252869731235328 : Checking separation double page angle 89.91538216173362
1607252869731334912 : Checking separation double page y=0 2477
1607252875285072384 : Checking page rotation 1 0.2
1607252880908786688 : Checking page rotation 2 0.0
1607252891272018688 : Checking image 1 crop x1 58
1607252891272132864 : Checking image 1 crop y1 8
1607252891272171520 : Checking image 1 crop x2 2480
1607252891272205568 : Checking image 1 crop y2 3504
1607252896252399616 : Checking image 2 crop x1 159
1607252896252597504 : Checking image 2 crop y1 217
1607252896252677888 : Checking image 2 crop x2 2241
1607252896252735232 : Checking image 2 crop y2 3350
1607252896284608256 : Checking image 1 dpi 300
1607252896284748544 : Checking image 1 border top 6
1607252896284791296 : Checking image 1 border bottom 6
1607252896284824576 : Checking image 1 border left 29
1607252896284856320 : Checking image 1 border right 29
1607252896287486976 : Checking image 2 dpi 300
1607252896287552256 : Checking image 2 border top 206
1607252896287586560 : Checking image 2 border bottom 148
1607252896287618816 : Checking image 2 border left 189
1607252896287675648 : Checking image 2 border right 189

</system-out><system-err>--------------------------------- Captured Err ---------------------------------

</system-err></testcase><testcase classname="tests.test_images" name="test_crop_too_few_png" time="45.065"><system-out>--------------------------------- Captured Log ---------------------------------

--------------------------------- Captured Out ---------------------------------
/home/runner/work/ocr-book/ocr-book/tests/crop_too_few.png
1607252913730311424 : Checking separation double page angle 89.39669496435833
1607252913730403584 : Checking separation double page y=0 2510
1607252919204026624 : Checking page rotation 1 -0.75
1607252924607730176 : Checking page rotation 2 0.05
1607252927432872704 : Checking image 1 crop x1 265
1607252927432995584 : Checking image 1 crop y1 152
1607252927433030912 : Checking image 1 crop x2 2375
1607252927433061888 : Checking image 1 crop y2 3356
1607252930067300608 : Checking image 2 crop x1 135
1607252930067455488 : Checking image 2 crop y1 141
1607252930067493376 : Checking image 2 crop x2 2261
1607252930067527424 : Checking image 2 crop y2 3345
1607252930099428608 : Checking image 1 dpi 300
1607252930099551488 : Checking image 1 border top 134
1607252930099606016 : Checking image 1 border bottom 149
1607252930099639040 : Checking image 1 border left 175
1607252930099669248 : Checking image 1 border right 175
1607252930103004160 : Checking image 2 dpi 300
1607252930103076864 : Checking image 2 border top 129
1607252930103111680 : Checking image 2 border bottom 154
1607252930103142144 : Checking image 2 border left 167
1607252930103172096 : Checking image 2 border right 167

</system-out><system-err>--------------------------------- Captured Err ---------------------------------

</system-err></testcase><testcase classname="tests.test_images" name="test_wrong_angle_split_line_png" time="64.213"><system-out>--------------------------------- Captured Log ---------------------------------

--------------------------------- Captured Out ---------------------------------
/home/runner/work/ocr-book/ocr-book/tests/wrong_angle_split_line.png
1607252927152054016 : Checking separation double page angle 90.04193420006348
1607252927152137984 : Checking separation double page y=0 2477
1607252933769722624 : Checking page rotation 1 0.2
1607252942601243904 : Checking page rotation 2 0.2
1607252954418704384 : Checking image 1 crop x1 61
1607252954418825216 : Checking image 1 crop y1 7
1607252954418863616 : Checking image 1 crop x2 2475
1607252954418896896 : Checking image 1 crop y2 3500
1607252959761334016 : Checking image 2 crop x1 165
1607252959761502464 : Checking image 2 crop y1 219
1607252959761537280 : Checking image 2 crop x2 2241
1607252959761569792 : Checking image 2 crop y2 3348
1607252959911489280 : Checking image 1 dpi 300
1607252959911689216 : Checking image 1 border top 7
1607252959911732224 : Checking image 1 border bottom 7
1607252959911769344 : Checking image 1 border left 33
1607252959911804928 : Checking image 1 border right 33
1607252959919356160 : Checking image 2 dpi 300
1607252959919492096 : Checking image 2 border top 207
1607252959919547904 : Checking image 2 border bottom 151
1607252959919579904 : Checking image 2 border left 192
1607252959919611904 : Checking image 2 border right 192

</system-out><system-err>--------------------------------- Captured Err ---------------------------------

</system-err></testcase><testcase classname="tests.test_images" name="test_crop_too_much_2_png" time="78.718"><system-out>--------------------------------- Captured Log ---------------------------------

--------------------------------- Captured Out ---------------------------------
/home/runner/work/ocr-book/ocr-book/tests/crop_too_much_2.png
1607252975747121920 : Checking separation double page angle 90.2021118646249
1607252975747220992 : Checking separation double page y=0 2477
1607252988518848000 : Checking page rotation 1 0.2
1607252999123728640 : Checking page rotation 2 0.2
1607253003289900800 : Checking image 1 crop x1 332
1607253003290020608 : Checking image 1 crop y1 131
1607253003290056448 : Checking image 1 crop x2 2342
1607253003290087680 : Checking image 1 crop y2 3336
1607253008733229056 : Checking image 2 crop x1 168
1607253008733409792 : Checking image 2 crop y1 139
1607253008733449472 : Checking image 2 crop x2 2181
1607253008733485568 : Checking image 2 crop y2 3345
1607253008789034240 : Checking image 1 dpi 300
1607253008789162752 : Checking image 1 border top 118
1607253008789200128 : Checking image 1 border bottom 164
1607253008789232640 : Checking image 1 border left 225
1607253008789279232 : Checking image 1 border right 225
1607253008791437824 : Checking image 2 dpi 300
1607253008791509760 : Checking image 2 border top 127
1607253008791559424 : Checking image 2 border bottom 154
1607253008791588608 : Checking image 2 border left 223
1607253008791618048 : Checking image 2 border right 223

</system-out><system-err>--------------------------------- Captured Err ---------------------------------

</system-err></testcase><testcase classname="tests.test_images" name="test_small_wave_png" time="66.951"><system-out>--------------------------------- Captured Log ---------------------------------

--------------------------------- Captured Out ---------------------------------
/home/runner/work/ocr-book/ocr-book/tests/small_wave.png
1607253002278001408 : Checking separation double page angle 90.61316928841566
1607253002278110720 : Checking separation double page y=0 2495
1607253011619322112 : Checking page rotation 1 0.7000000000000001
1607253021657746432 : Checking page rotation 2 0.7000000000000001
1607253024475069696 : Checking image 1 crop x1 322
1607253024475256832 : Checking image 1 crop y1 199
1607253024475300864 : Checking image 1 crop x2 2351
1607253024475340288 : Checking image 1 crop y2 3394
1607253027465159424 : Checking image 2 crop x1 135
1607253027465299712 : Checking image 2 crop y1 223
1607253027465361920 : Checking image 2 crop x2 2164
1607253027465417984 : Checking image 2 crop y2 3419
1607253027500972544 : Checking image 1 dpi 300
1607253027501095936 : Checking image 1 border top 178
1607253027501135616 : Checking image 1 border bottom 114
1607253027501168384 : Checking image 1 border left 215
1607253027501200640 : Checking image 1 border right 215
1607253027503583744 : Checking image 2 dpi 300
1607253027503639296 : Checking image 2 border top 196
1607253027503672576 : Checking image 2 border bottom 95
1607253027503703552 : Checking image 2 border left 215
1607253027503734016 : Checking image 2 border right 215

</system-out><system-err>--------------------------------- Captured Err ---------------------------------

</system-err></testcase><testcase classname="tests.test_images" name="test_wrong_split_line_2_png" time="97.530"><system-out>--------------------------------- Captured Log ---------------------------------

--------------------------------- Captured Out ---------------------------------
/home/runner/work/ocr-book/ocr-book/tests/wrong_split_line_2.png
1607253066190271744 : Checking separation double page angle 90.3838786217729
1607253066190402560 : Checking separation double page y=0 2442
1607253077847522304 : Checking page rotation 1 0.05
1607253088913751552 : Checking page rotation 2 0.4
1607253095804553472 : Checking image 1 crop x1 294
1607253095804676608 : Checking image 1 crop y1 137
1607253095804710656 : Checking image 1 crop x2 2326
1607253095804740352 : Checking image 1 crop y2 3375
1607253106294836224 : Checking image 2 crop x1 146
1607253106294962688 : Checking image 2 crop y1 192
1607253106294999296 : Checking image 2 crop x2 2173
1607253106295033088 : Checking image 2 crop y2 3386
1607253106335820544 : Checking image 1 dpi 300
1607253106335938816 : Checking image 1 border top 124
1607253106335975936 : Checking image 1 border bottom 124
1607253106336007424 : Checking image 1 border left 214
1607253106336037632 : Checking image 1 border right 214
1607253106338985472 : Checking image 2 dpi 300
1607253106339075840 : Checking image 2 border top 185
1607253106339109120 : Checking image 2 border bottom 108
1607253106339138816 : Checking image 2 border left 216
1607253106339168512 : Checking image 2 border right 216

</system-out><system-err>--------------------------------- Captured Err ---------------------------------

</system-err></testcase><testcase classname="tests.test_images" name="test_wrong_split_line_3_png" time="62.373"><system-out>--------------------------------- Captured Log ---------------------------------

--------------------------------- Captured Out ---------------------------------
/home/runner/work/ocr-book/ocr-book/tests/wrong_split_line_3.png
1607253066676096000 : Checking separation double page angle 90.43729500214693
1607253066676198912 : Checking separation double page y=0 2498
1607253076718340864 : Checking page rotation 1 0.30000000000000004
1607253083925940992 : Checking page rotation 2 0.9
1607253086874084352 : Checking image 1 crop x1 331
1607253086874211584 : Checking image 1 crop y1 165
1607253086874249216 : Checking image 1 crop x2 2375
1607253086874283520 : Checking image 1 crop y2 3376
1607253089859550976 : Checking image 2 crop x1 102
1607253089859672576 : Checking image 2 crop y1 208
1607253089859710464 : Checking image 2 crop x2 2133
1607253089859744768 : Checking image 2 crop y2 3413
1607253089897280768 : Checking image 1 dpi 300
1607253089897361920 : Checking image 1 border top 148
1607253089897396992 : Checking image 1 border bottom 128
1607253089897445120 : Checking image 1 border left 208
1607253089897494784 : Checking image 1 border right 208
1607253089899855104 : Checking image 2 dpi 300
1607253089899931648 : Checking image 2 border top 191
1607253089899981312 : Checking image 2 border bottom 91
1607253089900029440 : Checking image 2 border left 214
1607253089901446400 : Checking image 2 border right 214

</system-out><system-err>--------------------------------- Captured Err ---------------------------------

</system-err></testcase><testcase classname="tests.test_images" name="test_no_split_line_line_algo_png" time="53.545"><system-out>--------------------------------- Captured Log ---------------------------------

--------------------------------- Captured Out ---------------------------------
/home/runner/work/ocr-book/ocr-book/tests/no_split_line_line_algo.png
1607253121712932608 : Checking separation double page angle 89.47691469185418
1607253121713095424 : Checking separation double page y=0 2476
1607253127272878848 : Checking page rotation 1 -0.14999999999999147
1607253137319857408 : Checking page rotation 2 -0.44999999999998863
1607253139769661952 : Checking image 1 crop x1 205
1607253139769768448 : Checking image 1 crop y1 158
1607253139769803008 : Checking image 1 crop x2 2320
1607253139769834496 : Checking image 1 crop y2 3366
1607253143395019264 : Checking image 2 crop x1 185
1607253143395176704 : Checking image 2 crop y1 221
1607253143395215616 : Checking image 2 crop x2 2201
1607253143395251200 : Checking image 2 crop y2 3366
1607253143441378560 : Checking image 1 dpi 300
1607253143441497600 : Checking image 1 border top 141
1607253143441536512 : Checking image 1 border bottom 138
1607253143441570048 : Checking image 1 border left 172
1607253143441602304 : Checking image 1 border right 172
1607253143443540480 : Checking image 2 dpi 300
1607253143443634944 : Checking image 2 border top 215
1607253143443671040 : Checking image 2 border bottom 127
1607253143443730176 : Checking image 2 border left 222
1607253143443764736 : Checking image 2 border right 222

</system-out><system-err>--------------------------------- Captured Err ---------------------------------

</system-err></testcase><testcase classname="tests.test_images" name="test_wrong_wave_split_line_png" time="86.816"><system-out>--------------------------------- Captured Log ---------------------------------

--------------------------------- Captured Out ---------------------------------
/home/runner/work/ocr-book/ocr-book/tests/wrong_wave_split_line.png
1607253152521928960 : Checking separation double page angle 90.5287860410772
1607253152522057728 : Checking separation double page y=0 2502
1607253160311741952 : Checking page rotation 1 -0.14999999999999147
1607253169028433664 : Checking page rotation 2 0.8500000000000001
1607253177905202688 : Checking image 1 crop x1 385
1607253177905352960 : Checking image 1 crop y1 179
1607253177905390080 : Checking image 1 crop x2 2411
1607253177905438464 : Checking image 1 crop y2 3374
1607253193100478464 : Checking image 2 crop x1 27
1607253193100615424 : Checking image 2 crop y1 1
1607253193100654848 : Checking image 2 crop x2 2489
1607253193100690176 : Checking image 2 crop y2 3505
1607253193152495616 : Checking image 1 dpi 300
1607253193152678912 : Checking image 1 border top 169
1607253193152720384 : Checking image 1 border bottom 123
1607253193152756992 : Checking image 1 border left 217
1607253193152791552 : Checking image 1 border right 217
1607253193154960128 : Checking image 2 dpi 300
1607253193155021056 : Checking image 2 border top 2
1607253193155057408 : Checking image 2 border bottom 2
1607253193155089408 : Checking image 2 border left 9
1607253193155140864 : Checking image 2 border right 9

</system-out><system-err>--------------------------------- Captured Err ---------------------------------

</system-err></testcase><testcase classname="tests.test_images" name="test_failed_split_line_line_algo_png" time="24.662"><system-out>--------------------------------- Captured Log ---------------------------------

--------------------------------- Captured Out ---------------------------------
/home/runner/work/ocr-book/ocr-book/tests/failed_split_line_line_algo.png
1607253158973804288 : Checking separation double page angle 90.01634220573249
1607253158973945856 : Checking separation double page y=0 2575
1607253162014185728 : Checking page rotation 1 -0.14999999999999147
1607253164018421248 : Checking page rotation 2 0.0
1607253166663780864 : Checking image 1 crop x1 407
1607253166663902720 : Checking image 1 crop y1 2925
1607253166663940352 : Checking image 1 crop x2 2419
1607253166663974144 : Checking image 1 crop y2 3174
1607253168135148800 : Checking image 2 crop x1 1184
1607253168135262464 : Checking image 2 crop y1 1744
1607253168135295488 : Checking image 2 crop x2 1185
1607253168135324160 : Checking image 2 crop y2 1745
1607253168135705856 : Checking image 1 dpi 300
1607253168135807744 : Checking image 1 border top 2917
1607253168135849216 : Checking image 1 border bottom 321
1607253168135917824 : Checking image 1 border left 224
1607253168135983104 : Checking image 1 border right 224
1607253168137518848 : Checking image 2 dpi 300
1607253168137566464 : Checking image 2 border top 1752
1607253168137622016 : Checking image 2 border bottom 1753
1607253168137651968 : Checking image 2 border left 1239
1607253168137681920 : Checking image 2 border right 1239

</system-out><system-err>--------------------------------- Captured Err ---------------------------------

</system-err></testcase><testcase classname="tests.test_images" name="test_crop_too_much_3_png" time="66.397"><system-out>--------------------------------- Captured Log ---------------------------------

--------------------------------- Captured Out ---------------------------------
/home/runner/work/ocr-book/ocr-book/tests/crop_too_much_3.png
1607253208405386752 : Checking separation double page angle 89.55580634783144
1607253208405491968 : Checking separation double page y=0 2499
1607253217252675584 : Checking page rotation 1 -0.9499999999999886
1607253226824569856 : Checking page rotation 2 -0.14999999999999147
1607253230580508928 : Checking image 1 crop x1 373
1607253230580616448 : Checking image 1 crop y1 258
1607253230580651008 : Checking image 1 crop x2 2386
1607253230580681728 : Checking image 1 crop y2 3458
1607253234465382912 : Checking image 2 crop x1 167
1607253234465504768 : Checking image 2 crop y1 228
1607253234465543936 : Checking image 2 crop x2 2180
1607253234465579776 : Checking image 2 crop y2 3417
1607253234506854656 : Checking image 1 dpi 300
1607253234506938112 : Checking image 1 border top 239
1607253234506974976 : Checking image 1 border bottom 48
1607253234507006208 : Checking image 1 border left 223
1607253234507036672 : Checking image 1 border right 223
1607253234509021696 : Checking image 2 dpi 300
1607253234509081344 : Checking image 2 border top 207
1607253234509114624 : Checking image 2 border bottom 91
1607253234509145600 : Checking image 2 border left 223
1607253234509194496 : Checking image 2 border right 223

</system-out><system-err>--------------------------------- Captured Err ---------------------------------

</system-err></testcase><testcase classname="tests.test_images" name="test_failed_split_line_line_algo_2_png" time="68.988"><system-out>--------------------------------- Captured Log ---------------------------------

--------------------------------- Captured Out ---------------------------------
/home/runner/work/ocr-book/ocr-book/tests/failed_split_line_line_algo_2.png
1607253235391714816 : Checking separation double page angle 89.9913422057325
1607253235391821056 : Checking separation double page y=0 2498
1607253247025244928 : Checking page rotation 1 0.0
1607253256110279168 : Checking page rotation 2 0.6000000000000001
1607253259098325504 : Checking image 1 crop x1 272
1607253259098449920 : Checking image 1 crop y1 149
1607253259098486784 : Checking image 1 crop x2 2383
1607253259098518528 : Checking image 1 crop y2 3353
1607253262131752704 : Checking image 2 crop x1 107
1607253262131876352 : Checking image 2 crop y1 155
1607253262131910400 : Checking image 2 crop x2 2230
1607253262131941888 : Checking image 2 crop y2 3350
1607253262166479616 : Checking image 1 dpi 300
1607253262166595328 : Checking image 1 border top 139
1607253262166631424 : Checking image 1 border bottom 144
1607253262166662400 : Checking image 1 border left 174
1607253262166691072 : Checking image 1 border right 174
1607253262168696320 : Checking image 2 dpi 300
1607253262168785408 : Checking image 2 border top 136
1607253262168838656 : Checking image 2 border bottom 156
1607253262168889088 : Checking image 2 border left 168
1607253262168922368 : Checking image 2 border right 168

</system-out><system-err>--------------------------------- Captured Err ---------------------------------

</system-err></testcase><testcase classname="tests.test_images" name="test_wrong_wave_split_line_2_png" time="65.825"><system-out>--------------------------------- Captured Log ---------------------------------

--------------------------------- Captured Out ---------------------------------
/home/runner/work/ocr-book/ocr-book/tests/wrong_wave_split_line_2.png
1607253278094892544 : Checking separation double page angle 90.7708958311329
1607253278094998528 : Checking separation double page y=0 2490
1607253286422458880 : Checking page rotation 1 0.4
1607253294465391360 : Checking page rotation 2 1.8
1607253297310972416 : Checking image 1 crop x1 224
1607253297311081472 : Checking image 1 crop y1 147
1607253297311118080 : Checking image 1 crop x2 2337
1607253297311150592 : Checking image 1 crop y2 3355
1607253300270579456 : Checking image 2 crop x1 107
1607253300270707200 : Checking image 2 crop y1 197
1607253300270764032 : Checking image 2 crop x2 2229
1607253300270799616 : Checking image 2 crop y2 3396
1607253300316881664 : Checking image 1 dpi 300
1607253300316997120 : Checking image 1 border top 133
1607253300317059328 : Checking image 1 border bottom 146
1607253300317092608 : Checking image 1 border left 173
1607253300317124608 : Checking image 1 border right 173
1607253300319423744 : Checking image 2 dpi 300
1607253300319482112 : Checking image 2 border top 167
1607253300319535616 : Checking image 2 border bottom 121
1607253300319569152 : Checking image 2 border left 169
1607253300319602432 : Checking image 2 border right 169

</system-out><system-err>--------------------------------- Captured Err ---------------------------------

</system-err></testcase><testcase classname="tests.test_images" name="test_wrong_wave_split_line_3_png" time="61.474"><system-out>--------------------------------- Captured Log ---------------------------------

--------------------------------- Captured Out ---------------------------------
/home/runner/work/ocr-book/ocr-book/tests/wrong_wave_split_line_3.png
1607253300997089536 : Checking separation double page angle 90.0586735161512
1607253300997214976 : Checking separation double page y=0 2510
1607253309996609536 : Checking page rotation 1 0.1
1607253317626769920 : Checking page rotation 2 0.35000000000000003
1607253320663767296 : Checking image 1 crop x1 272
1607253320663883776 : Checking image 1 crop y1 219
1607253320663934720 : Checking image 1 crop x2 2383
1607253320663965696 : Checking image 1 crop y2 3423
1607253323614337536 : Checking image 2 crop x1 119
1607253323614446080 : Checking image 2 crop y1 226
1607253323614481408 : Checking image 2 crop x2 2240
1607253323614515712 : Checking image 2 crop y2 3413
1607253323647437824 : Checking image 1 dpi 300
1607253323647537408 : Checking image 1 border top 202
1607253323647573760 : Checking image 1 border bottom 81
1607253323647604480 : Checking image 1 border left 174
1607253323647634432 : Checking image 1 border right 174
1607253323650382848 : Checking image 2 dpi 300
1607253323650444288 : Checking image 2 border top 203
1607253323650477568 : Checking image 2 border bottom 97
1607253323650508032 : Checking image 2 border left 169
1607253323650537984 : Checking image 2 border right 169

</system-out><system-err>--------------------------------- Captured Err ---------------------------------

</system-err></testcase><testcase classname="tests.test_images" name="test_no_split_line_wave_algo_png" time="60.634"><system-out>--------------------------------- Captured Log ---------------------------------

--------------------------------- Captured Out ---------------------------------
/home/runner/work/ocr-book/ocr-book/tests/no_split_line_wave_algo.png
1607253330498828288 : Checking separation double page angle 89.93575909193099
1607253330498943744 : Checking separation double page y=0 2482
1607253336633106944 : Checking page rotation 1 0.0
1607253345314929152 : Checking page rotation 2 -0.5499999999999972
1607253353770887424 : Checking image 1 crop x1 97
1607253353770964992 : Checking image 1 crop y1 77
1607253353770998528 : Checking image 1 crop x2 2483
1607253353771029760 : Checking image 1 crop y2 3505
1607253360877931776 : Checking image 2 crop x1 164
1607253360878070016 : Checking image 2 crop y1 266
1607253360878113536 : Checking image 2 crop x2 2241
1607253360878152704 : Checking image 2 crop y2 3382
1607253360921312512 : Checking image 1 dpi 300
1607253360921445120 : Checking image 1 border top 40
1607253360921488384 : Checking image 1 border bottom 40
1607253360921524480 : Checking image 1 border left 47
1607253360921559552 : Checking image 1 border right 47
1607253360924132864 : Checking image 2 dpi 300
1607253360924231680 : Checking image 2 border top 254
1607253360924267520 : Checking image 2 border bottom 117
1607253360924301568 : Checking image 2 border left 191
1607253360924335104 : Checking image 2 border right 191

</system-out><system-err>--------------------------------- Captured Err ---------------------------------

</system-err></testcase><testcase classname="tests.test_images" name="test_no_split_line_wave_algo_2_png" time="53.641"><system-out>--------------------------------- Captured Log ---------------------------------

--------------------------------- Captured Out ---------------------------------
/home/runner/work/ocr-book/ocr-book/tests/no_split_line_wave_algo_2.png
1607253356014749696 : Checking separation double page angle 91.21822795596304
1607253356014832896 : Checking separation double page y=0 2488
1607253363268301824 : Checking page rotation 1 1.1
1607253371680255744 : Checking page rotation 2 0.2
1607253374777614592 : Checking image 1 crop x1 266
1607253374777748480 : Checking image 1 crop y1 210
1607253374777787904 : Checking image 1 crop x2 2342
1607253374777823488 : Checking image 1 crop y2 3413
1607253377255529472 : Checking image 2 crop x1 199
1607253377255667712 : Checking image 2 crop y1 241
1607253377255704832 : Checking image 2 crop x2 2282
1607253377255740416 : Checking image 2 crop y2 3433
1607253377290331136 : Checking image 1 dpi 300
1607253377290500352 : Checking image 1 border top 194
1607253377290566656 : Checking image 1 border bottom 90
1607253377290604800 : Checking image 1 border left 192
1607253377290655744 : Checking image 1 border right 192
1607253377293175552 : Checking image 2 dpi 300
1607253377293257728 : Checking image 2 border top 226
1607253377293292288 : Checking image 2 border bottom 69
1607253377293324544 : Checking image 2 border left 188
1607253377293372672 : Checking image 2 border right 188

</system-out><system-err>--------------------------------- Captured Err ---------------------------------

</system-err></testcase><testcase classname="tests.test_images" name="test_crop_too_few_2_png" time="49.517"><system-out>--------------------------------- Captured Log ---------------------------------

--------------------------------- Captured Out ---------------------------------
/home/runner/work/ocr-book/ocr-book/tests/crop_too_few_2.png
1607253391396818688 : Checking separation double page angle 90.25476192320097
1607253391396911872 : Checking separation double page y=0 2531
1607253398741584384 : Checking page rotation 1 1.2000000000000002
1607253405059051776 : Checking page rotation 2 -0.09999999999999432
1607253408000191744 : Checking image 1 crop x1 287
1607253408000388608 : Checking image 1 crop y1 165
1607253408000465152 : Checking image 1 crop x2 2398
1607253408000500480 : Checking image 1 crop y2 3368
1607253410474478592 : Checking image 2 crop x1 145
1607253410474594560 : Checking image 2 crop y1 175
1607253410474632704 : Checking image 2 crop x2 2271
1607253410474667776 : Checking image 2 crop y2 3373
1607253410510022656 : Checking image 1 dpi 300
1607253410510106880 : Checking image 1 border top 139
1607253410510142208 : Checking image 1 border bottom 145
1607253410510173184 : Checking image 1 border left 174
1607253410510203136 : Checking image 1 border right 174
1607253410512861184 : Checking image 2 dpi 300
1607253410512930560 : Checking image 2 border top 180
1607253410512965888 : Checking image 2 border bottom 109
1607253410512999936 : Checking image 2 border left 167
1607253410513032704 : Checking image 2 border right 167

</system-out><system-err>--------------------------------- Captured Err ---------------------------------

</system-err></testcase><testcase classname="tests.test_images" name="test_failed_detect_rectangle_png" time="59.127"><system-out>--------------------------------- Captured Log ---------------------------------

--------------------------------- Captured Out ---------------------------------
/home/runner/work/ocr-book/ocr-book/tests/failed_detect_rectangle.png
1607253415765775616 : Checking separation double page angle 90.19837516213147
1607253415765884416 : Checking separation double page y=0 2471
1607253422613660672 : Checking page rotation 1 0.2
1607253430780899072 : Checking page rotation 2 0.2
1607253433316076800 : Checking image 1 crop x1 257
1607253433316196864 : Checking image 1 crop y1 201
1607253433316249856 : Checking image 1 crop x2 2333
1607253433316282624 : Checking image 1 crop y2 3402
1607253436366462976 : Checking image 2 crop x1 139
1607253436366569984 : Checking image 2 crop y1 215
1607253436366621184 : Checking image 2 crop x2 2222
1607253436366653184 : Checking image 2 crop y2 3406
1607253436406067968 : Checking image 1 dpi 300
1607253436406147328 : Checking image 1 border top 188
1607253436406181120 : Checking image 1 border bottom 98
1607253436406209280 : Checking image 1 border left 192
1607253436406236928 : Checking image 1 border right 192
1607253436408077568 : Checking image 2 dpi 300
1607253436408125440 : Checking image 2 border top 200
1607253436408154880 : Checking image 2 border bottom 95
1607253436408181504 : Checking image 2 border left 188
1607253436408208128 : Checking image 2 border right 188

</system-out><system-err>--------------------------------- Captured Err ---------------------------------

</system-err></testcase></testsuite></testsuites>