<?xml version="1.0" encoding="utf-8"?><testsuites><testsuite name="pytest" errors="0" failures="0" skipped="0" tests="36" time="608.196" timestamp="2021-01-02T19:53:45.348984" hostname="fv-az136-982"><testcase classname="tests.test_features" name="test_disabled_enable_debug" time="36.637"><system-out>--------------------------------- Captured Log ---------------------------------

--------------------------------- Captured Out ---------------------------------
/home/runner/work/ocr-book/ocr-book/tests/0001_debug.png
separation double page angle 90.5528088189967
separation double page y=0 2485
page rotation 1 0.5499999999999999
page rotation 2 0.2
image 1 crop x1 327
image 1 crop y1 334
image 1 crop x2 2346
image 1 crop y2 3221
image 2 crop x1 169
image 2 crop y1 648
image 2 crop x2 2186
image 2 crop y2 3361
image 1 dpi 300
image 1 border top 332
image 1 border bottom 268
image 1 border left 220
image 1 border right 220
image 2 dpi 300
image 2 border top 643
image 2 border bottom 131
image 2 border left 221
image 2 border right 221

</system-out><system-err>--------------------------------- Captured Err ---------------------------------

</system-err></testcase><testcase classname="tests.test_features" name="test_mock_stop_at_0" time="0.051"><system-out>--------------------------------- Captured Log ---------------------------------

--------------------------------- Captured Out ---------------------------------
/home/runner/work/ocr-book/ocr-book/tests/0001_0.png

</system-out><system-err>--------------------------------- Captured Err ---------------------------------

</system-err></testcase><testcase classname="tests.test_features" name="test_mock_stop_at_2" time="31.424"><system-out>--------------------------------- Captured Log ---------------------------------

--------------------------------- Captured Out ---------------------------------
/home/runner/work/ocr-book/ocr-book/tests/0001_2.png
separation double page angle 90.5528088189967
separation double page y=0 2485
page rotation 1 0.5499999999999999
page rotation 2 0.2

</system-out><system-err>--------------------------------- Captured Err ---------------------------------

</system-err></testcase><testcase classname="tests.test_features" name="test_mock_stop_at_4" time="35.190"><system-out>--------------------------------- Captured Log ---------------------------------

--------------------------------- Captured Out ---------------------------------
/home/runner/work/ocr-book/ocr-book/tests/0001_4.png
separation double page angle 90.5528088189967
separation double page y=0 2485
page rotation 1 0.5499999999999999
page rotation 2 0.2
image 1 crop x1 327
image 1 crop y1 334
image 1 crop x2 2346
image 1 crop y2 3221
image 2 crop x1 169
image 2 crop y1 648
image 2 crop x2 2186
image 2 crop y2 3361
image 1 dpi 300
image 1 border top 332
image 1 border bottom 268
image 1 border left 220
image 1 border right 220
image 2 dpi 300
image 2 border top 643
image 2 border bottom 131
image 2 border left 221
image 2 border right 221

</system-out><system-err>--------------------------------- Captured Err ---------------------------------

</system-err></testcase><testcase classname="tests.test_features" name="test_mock_stop_at_1" time="28.053"><system-out>--------------------------------- Captured Log ---------------------------------

--------------------------------- Captured Out ---------------------------------
/home/runner/work/ocr-book/ocr-book/tests/0001_1.png
separation double page angle 90.5528088189967
separation double page y=0 2485

</system-out><system-err>--------------------------------- Captured Err ---------------------------------

</system-err></testcase><testcase classname="tests.test_features" name="test_mock_stop_at_3" time="35.600"><system-out>--------------------------------- Captured Log ---------------------------------

--------------------------------- Captured Out ---------------------------------
/home/runner/work/ocr-book/ocr-book/tests/0001_3.png
separation double page angle 90.5528088189967
separation double page y=0 2485
page rotation 1 0.5499999999999999
page rotation 2 0.2
image 1 crop x1 327
image 1 crop y1 334
image 1 crop x2 2346
image 1 crop y2 3221
image 2 crop x1 169
image 2 crop y1 648
image 2 crop x2 2186
image 2 crop y2 3361

</system-out><system-err>--------------------------------- Captured Err ---------------------------------

</system-err></testcase><testcase classname="tests.test_images" name="test_0001_png" time="34.487"><system-out>--------------------------------- Captured Log ---------------------------------

--------------------------------- Captured Out ---------------------------------
/home/runner/work/ocr-book/ocr-book/tests/0001.png
1609617321500121746 : Checking separation double page angle 90.5528088189967
1609617321500279246 : Checking separation double page y=0 2485
1609617322570251295 : Checking page rotation 1 0.5499999999999999
1609617323895427937 : Checking page rotation 2 0.2
1609617326340834038 : Checking image 1 crop x1 327
1609617326340931638 : Checking image 1 crop y1 334
1609617326340984338 : Checking image 1 crop x2 2346
1609617326341039738 : Checking image 1 crop y2 3221
1609617328291761855 : Checking image 2 crop x1 169
1609617328291865355 : Checking image 2 crop y1 648
1609617328291903755 : Checking image 2 crop x2 2186
1609617328291936755 : Checking image 2 crop y2 3361
1609617328292101356 : Checking image 1 dpi 300
1609617328292173656 : Checking image 1 border top 332
1609617328292207756 : Checking image 1 border bottom 268
1609617328292238556 : Checking image 1 border left 220
1609617328292268856 : Checking image 1 border right 220
1609617328294391357 : Checking image 2 dpi 300
1609617328294453057 : Checking image 2 border top 643
1609617328294492057 : Checking image 2 border bottom 131
1609617328294526157 : Checking image 2 border left 221
1609617328294560357 : Checking image 2 border right 221

</system-out><system-err>--------------------------------- Captured Err ---------------------------------

</system-err></testcase><testcase classname="tests.test_features" name="test_mock_stop_at_5" time="36.027"><system-out>--------------------------------- Captured Log ---------------------------------

--------------------------------- Captured Out ---------------------------------
/home/runner/work/ocr-book/ocr-book/tests/0001_5.png
separation double page angle 90.5528088189967
separation double page y=0 2485
page rotation 1 0.5499999999999999
page rotation 2 0.2
image 1 crop x1 327
image 1 crop y1 334
image 1 crop x2 2346
image 1 crop y2 3221
image 2 crop x1 169
image 2 crop y1 648
image 2 crop x2 2186
image 2 crop y2 3361
image 1 dpi 300
image 1 border top 332
image 1 border bottom 268
image 1 border left 220
image 1 border right 220
image 2 dpi 300
image 2 border top 643
image 2 border bottom 131
image 2 border left 221
image 2 border right 221

</system-out><system-err>--------------------------------- Captured Err ---------------------------------

</system-err></testcase><testcase classname="tests.test_images" name="test_black_border_not_removed_png" time="36.991"><system-out>--------------------------------- Captured Log ---------------------------------

--------------------------------- Captured Out ---------------------------------
/home/runner/work/ocr-book/ocr-book/tests/black-border-not-removed.png
1609617356680978033 : Checking separation double page angle 90.033171103531
1609617356681095234 : Checking separation double page y=0 2455
1609617357843766634 : Checking page rotation 1 0.0
1609617359342819659 : Checking page rotation 2 0.05
1609617362589346445 : Checking image 1 crop x1 297
1609617362589487045 : Checking image 1 crop y1 143
1609617362589549145 : Checking image 1 crop x2 2309
1609617362589619745 : Checking image 1 crop y2 3346
1609617365275880610 : Checking image 2 crop x1 157
1609617365275984010 : Checking image 2 crop y1 145
1609617365276022810 : Checking image 2 crop x2 2170
1609617365276059210 : Checking image 2 crop y2 3351
1609617365276225210 : Checking image 1 dpi 300
1609617365276301810 : Checking image 1 border top 132
1609617365276336410 : Checking image 1 border bottom 152
1609617365276368610 : Checking image 1 border left 224
1609617365276400510 : Checking image 1 border right 224
1609617365278798111 : Checking image 2 dpi 300
1609617365278858511 : Checking image 2 border top 134
1609617365278893811 : Checking image 2 border bottom 147
1609617365278925111 : Checking image 2 border left 223
1609617365278956011 : Checking image 2 border right 223

</system-out><system-err>--------------------------------- Captured Err ---------------------------------

</system-err></testcase><testcase classname="tests.test_images" name="test_2_pages_2_contours_png" time="22.302"><system-out>--------------------------------- Captured Log ---------------------------------

--------------------------------- Captured Out ---------------------------------
/home/runner/work/ocr-book/ocr-book/tests/2-pages-2-contours.png
1609617380763126475 : Checking separation double page angle 90.09036871657068
1609617380763278275 : Checking separation double page y=0 2486
1609617381366462398 : Checking page rotation 1 0.0
1609617382469541806 : Checking page rotation 2 0.2
1609617383417306088 : Checking image 1 crop x1 1191
1609617383417382588 : Checking image 1 crop y1 1750
1609617383417413488 : Checking image 1 crop x2 1192
1609617383417441088 : Checking image 1 crop y2 1751
1609617385765334850 : Checking image 2 crop x1 99
1609617385765442050 : Checking image 2 crop y1 240
1609617385765484250 : Checking image 2 crop x2 2147
1609617385765523750 : Checking image 2 crop y2 3240
1609617385765715150 : Checking image 1 dpi 300
1609617385765785750 : Checking image 1 border top 1752
1609617385765820850 : Checking image 1 border bottom 1753
1609617385765851451 : Checking image 1 border left 1239
1609617385765882351 : Checking image 1 border right 1239
1609617385767794352 : Checking image 2 dpi 300
1609617385767852952 : Checking image 2 border top 229
1609617385767883952 : Checking image 2 border bottom 258
1609617385767913052 : Checking image 2 border left 206
1609617385767941952 : Checking image 2 border right 206

</system-out><system-err>--------------------------------- Captured Err ---------------------------------

</system-err></testcase><testcase classname="tests.test_images" name="test_image_failed_to_rotate_png" time="38.490"><system-out>--------------------------------- Captured Log ---------------------------------

--------------------------------- Captured Out ---------------------------------
/home/runner/work/ocr-book/ocr-book/tests/image_failed_to_rotate.png
1609617391451138760 : Checking separation double page angle 90.26767669076624
1609617391451279760 : Checking separation double page y=0 2480
1609617393551747189 : Checking page rotation 1 0.45
1609617395040662247 : Checking page rotation 2 0.2
1609617400665589998 : Checking image 1 crop x1 31
1609617400665707498 : Checking image 1 crop y1 1
1609617400665746798 : Checking image 1 crop x2 2478
1609617400665780198 : Checking image 1 crop y2 3504
1609617403683575164 : Checking image 2 crop x1 169
1609617403683668664 : Checking image 2 crop y1 231
1609617403683703764 : Checking image 2 crop x2 2257
1609617403683734764 : Checking image 2 crop y2 3358
1609617403683941464 : Checking image 1 dpi 300
1609617403684019264 : Checking image 1 border top 2
1609617403684074164 : Checking image 1 border bottom 2
1609617403684104964 : Checking image 1 border left 17
1609617403684136164 : Checking image 1 border right 17
1609617403686318765 : Checking image 2 dpi 300
1609617403686372365 : Checking image 2 border top 218
1609617403686439165 : Checking image 2 border bottom 142
1609617403686468565 : Checking image 2 border left 186
1609617403686531866 : Checking image 2 border right 186

</system-out><system-err>--------------------------------- Captured Err ---------------------------------

</system-err></testcase><testcase classname="tests.test_images" name="test_wrong_split_line_png" time="27.919"><system-out>--------------------------------- Captured Log ---------------------------------

--------------------------------- Captured Out ---------------------------------
/home/runner/work/ocr-book/ocr-book/tests/wrong_split_line.png
1609617407439065042 : Checking separation double page angle 89.93395720607973
1609617407439169742 : Checking separation double page y=0 2465
1609617408512097737 : Checking page rotation 1 -0.04999999999999689
1609617409651896369 : Checking page rotation 2 0.5499999999999999
1609617411247375153 : Checking image 1 crop x1 211
1609617411247489553 : Checking image 1 crop y1 156
1609617411247533753 : Checking image 1 crop x2 2323
1609617411247605653 : Checking image 1 crop y2 3363
1609617413673648697 : Checking image 2 crop x1 125
1609617413673779697 : Checking image 2 crop y1 166
1609617413673825497 : Checking image 2 crop x2 2236
1609617413673867497 : Checking image 2 crop y2 3373
1609617413674061798 : Checking image 1 dpi 300
1609617413674164998 : Checking image 1 border top 134
1609617413674202498 : Checking image 1 border bottom 146
1609617413674256198 : Checking image 1 border left 174
1609617413674291998 : Checking image 1 border right 174
1609617413676642899 : Checking image 2 dpi 300
1609617413676711199 : Checking image 2 border top 146
1609617413676748799 : Checking image 2 border bottom 134
1609617413676781699 : Checking image 2 border left 174
1609617413676814399 : Checking image 2 border right 174

</system-out><system-err>--------------------------------- Captured Err ---------------------------------

</system-err></testcase><testcase classname="tests.test_images" name="test_image_failed_to_crop_data_png" time="50.349"><system-out>--------------------------------- Captured Log ---------------------------------

--------------------------------- Captured Out ---------------------------------
/home/runner/work/ocr-book/ocr-book/tests/image_failed_to_crop_data.png
1609617434835670995 : Checking separation double page angle 90.053197600644
1609617434835796895 : Checking separation double page y=0 2480
1609617439758475488 : Checking page rotation 1 0.15000000000000002
1609617440867663874 : Checking page rotation 2 0.0
1609617450843194622 : Checking image 1 crop x1 51
1609617450843434522 : Checking image 1 crop y1 7
1609617450843502422 : Checking image 1 crop x2 2478
1609617450843544122 : Checking image 1 crop y2 3505
1609617454068871792 : Checking image 2 crop x1 160
1609617454068984292 : Checking image 2 crop y1 217
1609617454069025292 : Checking image 2 crop x2 2242
1609617454069063492 : Checking image 2 crop y2 3350
1609617454069245392 : Checking image 1 dpi 300
1609617454069333592 : Checking image 1 border top 5
1609617454069371692 : Checking image 1 border bottom 5
1609617454069404392 : Checking image 1 border left 27
1609617454069437592 : Checking image 1 border right 27
1609617454071840193 : Checking image 2 dpi 300
1609617454071953993 : Checking image 2 border top 206
1609617454071988693 : Checking image 2 border bottom 148
1609617454072022293 : Checking image 2 border left 189
1609617454072053693 : Checking image 2 border right 189

</system-out><system-err>--------------------------------- Captured Err ---------------------------------

</system-err></testcase><testcase classname="tests.test_images" name="test_crop_too_much_png" time="43.495"><system-out>--------------------------------- Captured Log ---------------------------------

--------------------------------- Captured Out ---------------------------------
/home/runner/work/ocr-book/ocr-book/tests/crop_too_much.png
1609617448955846262 : Checking separation double page angle 90.13239409272954
1609617448955987762 : Checking separation double page y=0 2455
1609617450709434061 : Checking page rotation 1 0.0
1609617452476940766 : Checking page rotation 2 0.2
1609617455163533171 : Checking image 1 crop x1 303
1609617455163671371 : Checking image 1 crop y1 148
1609617455163711671 : Checking image 1 crop x2 2313
1609617455163745771 : Checking image 1 crop y2 3351
1609617457162284244 : Checking image 2 crop x1 162
1609617457162444144 : Checking image 2 crop y1 151
1609617457162488144 : Checking image 2 crop x2 2186
1609617457162544644 : Checking image 2 crop y2 3363
1609617457162750044 : Checking image 1 dpi 300
1609617457162847144 : Checking image 1 border top 132
1609617457162884744 : Checking image 1 border bottom 152
1609617457162919744 : Checking image 1 border left 225
1609617457162954644 : Checking image 1 border right 225
1609617457165362945 : Checking image 2 dpi 300
1609617457165432745 : Checking image 2 border top 132
1609617457165470545 : Checking image 2 border bottom 143
1609617457165554745 : Checking image 2 border left 218
1609617457165605845 : Checking image 2 border right 218

</system-out><system-err>--------------------------------- Captured Err ---------------------------------

</system-err></testcase><testcase classname="tests.test_images" name="test_wrong_angle_split_line_png" time="33.505"><system-out>--------------------------------- Captured Log ---------------------------------

--------------------------------- Captured Out ---------------------------------
/home/runner/work/ocr-book/ocr-book/tests/wrong_angle_split_line.png
1609617473809677113 : Checking separation double page angle 90.09193420006348
1609617473809796613 : Checking separation double page y=0 2478
1609617475096619845 : Checking page rotation 1 0.1
1609617476249798021 : Checking page rotation 2 0.1
1609617481939135772 : Checking image 1 crop x1 58
1609617481939242972 : Checking image 1 crop y1 6
1609617481939324272 : Checking image 1 crop x2 2476
1609617481939358872 : Checking image 1 crop y2 3501
1609617486866035109 : Checking image 2 crop x1 166
1609617486866133809 : Checking image 2 crop y1 218
1609617486866169809 : Checking image 2 crop x2 2244
1609617486866202609 : Checking image 2 crop y2 3349
1609617486866382309 : Checking image 1 dpi 300
1609617486866459609 : Checking image 1 border top 6
1609617486866493109 : Checking image 1 border bottom 6
1609617486866521609 : Checking image 1 border left 31
1609617486866550309 : Checking image 1 border right 31
1609617486874496412 : Checking image 2 dpi 300
1609617486874585412 : Checking image 2 border top 207
1609617486874718812 : Checking image 2 border bottom 149
1609617486874778412 : Checking image 2 border left 191
1609617486874814912 : Checking image 2 border right 191

</system-out><system-err>--------------------------------- Captured Err ---------------------------------

</system-err></testcase><testcase classname="tests.test_images" name="test_crop_too_few_png" time="28.598"><system-out>--------------------------------- Captured Log ---------------------------------

--------------------------------- Captured Out ---------------------------------
/home/runner/work/ocr-book/ocr-book/tests/crop_too_few.png
1609617479277036071 : Checking separation double page angle 89.54670238452755
1609617479277162671 : Checking separation double page y=0 2512
1609617480396552234 : Checking page rotation 1 -0.6000000000000009
1609617481706625375 : Checking page rotation 2 0.0
1609617483650798579 : Checking image 1 crop x1 263
1609617483650901679 : Checking image 1 crop y1 150
1609617483650939879 : Checking image 1 crop x2 2379
1609617483650973979 : Checking image 1 crop y2 3358
1609617485785528662 : Checking image 2 crop x1 137
1609617485785626062 : Checking image 2 crop y1 141
1609617485785662162 : Checking image 2 crop x2 2259
1609617485785696562 : Checking image 2 crop y2 3345
1609617485785858862 : Checking image 1 dpi 300
1609617485785929062 : Checking image 1 border top 130
1609617485785961462 : Checking image 1 border bottom 149
1609617485785991062 : Checking image 1 border left 172
1609617485786020662 : Checking image 1 border right 172
1609617485788435463 : Checking image 2 dpi 300
1609617485788491763 : Checking image 2 border top 130
1609617485788524363 : Checking image 2 border bottom 153
1609617485788552663 : Checking image 2 border left 169
1609617485788580763 : Checking image 2 border right 169

</system-out><system-err>--------------------------------- Captured Err ---------------------------------

</system-err></testcase><testcase classname="tests.test_images" name="test_crop_too_much_2_png" time="51.194"><system-out>--------------------------------- Captured Log ---------------------------------

--------------------------------- Captured Out ---------------------------------
/home/runner/work/ocr-book/ocr-book/tests/crop_too_much_2.png
1609617527348143446 : Checking separation double page angle 90.1149074900787
1609617527348281246 : Checking separation double page y=0 2478
1609617529165474216 : Checking page rotation 1 0.15000000000000002
1609617531086126325 : Checking page rotation 2 0.2
1609617533475486506 : Checking image 1 crop x1 330
1609617533475641506 : Checking image 1 crop y1 132
1609617533475677106 : Checking image 1 crop x2 2342
1609617533475708806 : Checking image 1 crop y2 3335
1609617536947038206 : Checking image 2 crop x1 162
1609617536947137506 : Checking image 2 crop y1 139
1609617536947174206 : Checking image 2 crop x2 2175
1609617536947226006 : Checking image 2 crop y2 3345
1609617536947445206 : Checking image 1 dpi 300
1609617536947562406 : Checking image 1 border top 122
1609617536947598806 : Checking image 1 border bottom 162
1609617536947632806 : Checking image 1 border left 224
1609617536947666406 : Checking image 1 border right 224
1609617536949878907 : Checking image 2 dpi 300
1609617536949933607 : Checking image 2 border top 130
1609617536949981607 : Checking image 2 border bottom 151
1609617536950027307 : Checking image 2 border left 223
1609617536950054207 : Checking image 2 border right 223

</system-out><system-err>--------------------------------- Captured Err ---------------------------------

</system-err></testcase><testcase classname="tests.test_images" name="test_angle_page_lower_split_line_png" time="35.531"><system-out>--------------------------------- Captured Log ---------------------------------

--------------------------------- Captured Out ---------------------------------
/home/runner/work/ocr-book/ocr-book/tests/angle_page_lower_split_line.png
1609617515216863712 : Checking separation double page angle 89.74927707086691
1609617515216975412 : Checking separation double page y=0 2474
1609617517055113683 : Checking page rotation 1 -0.14999999999999067
1609617518536199824 : Checking page rotation 2 0.1
1609617520992447022 : Checking image 1 crop x1 241
1609617520992633022 : Checking image 1 crop y1 156
1609617520992675822 : Checking image 1 crop x2 2357
1609617520992715722 : Checking image 1 crop y2 3368
1609617523175195419 : Checking image 2 crop x1 149
1609617523175344819 : Checking image 2 crop y1 146
1609617523175387219 : Checking image 2 crop x2 2259
1609617523175426219 : Checking image 2 crop y2 3351
1609617523175610119 : Checking image 1 dpi 300
1609617523175692319 : Checking image 1 border top 140
1609617523175729419 : Checking image 1 border bottom 135
1609617523175764119 : Checking image 1 border left 172
1609617523175798519 : Checking image 1 border right 172
1609617523177706420 : Checking image 2 dpi 300
1609617523177766620 : Checking image 2 border top 129
1609617523177820820 : Checking image 2 border bottom 152
1609617523177853020 : Checking image 2 border left 175
1609617523177884920 : Checking image 2 border right 175

</system-out><system-err>--------------------------------- Captured Err ---------------------------------

</system-err></testcase><testcase classname="tests.test_images" name="test_wrong_wave_split_line_png" time="50.570"><system-out>--------------------------------- Captured Log ---------------------------------

--------------------------------- Captured Out ---------------------------------
/home/runner/work/ocr-book/ocr-book/tests/wrong_wave_split_line.png
1609617559705620543 : Checking separation double page angle 90.37878604107719
1609617559705754844 : Checking separation double page y=0 2500
1609617561023179348 : Checking page rotation 1 -0.14999999999999067
1609617562361442763 : Checking page rotation 2 0.9
1609617568087417751 : Checking image 1 crop x1 385
1609617568087527951 : Checking image 1 crop y1 179
1609617568087568251 : Checking image 1 crop x2 2411
1609617568087604251 : Checking image 1 crop y2 3374
1609617573732420999 : Checking image 2 crop x1 17
1609617573732523499 : Checking image 2 crop y1 8
1609617573732557899 : Checking image 2 crop x2 2399
1609617573732589399 : Checking image 2 crop y2 3391
1609617573732750599 : Checking image 1 dpi 300
1609617573732839999 : Checking image 1 border top 173
1609617573732872299 : Checking image 1 border bottom 119
1609617573732919099 : Checking image 1 border left 217
1609617573732949899 : Checking image 1 border right 217
1609617573735771800 : Checking image 2 dpi 300
1609617573735841000 : Checking image 2 border top 0
1609617573735873500 : Checking image 2 border bottom 114
1609617573735918900 : Checking image 2 border left 49
1609617573735947700 : Checking image 2 border right 49

</system-out><system-err>--------------------------------- Captured Err ---------------------------------

</system-err></testcase><testcase classname="tests.test_images" name="test_wrong_split_line_2_png" time="51.542"><system-out>--------------------------------- Captured Log ---------------------------------

--------------------------------- Captured Out ---------------------------------
/home/runner/work/ocr-book/ocr-book/tests/wrong_split_line_2.png
1609617572383100562 : Checking separation double page angle 90.19944704411863
1609617572383228362 : Checking separation double page y=0 2437
1609617574412559070 : Checking page rotation 1 0.2
1609617576542720693 : Checking page rotation 2 0.2
1609617581049079582 : Checking image 1 crop x1 294
1609617581049179982 : Checking image 1 crop y1 136
1609617581049215582 : Checking image 1 crop x2 2325
1609617581049251982 : Checking image 1 crop y2 3376
1609617588506764762 : Checking image 2 crop x1 136
1609617588506959362 : Checking image 2 crop y1 190
1609617588507040862 : Checking image 2 crop x2 2172
1609617588507115662 : Checking image 2 crop y2 3389
1609617588507377362 : Checking image 1 dpi 300
1609617588507472162 : Checking image 1 border top 131
1609617588507539362 : Checking image 1 border bottom 116
1609617588507569162 : Checking image 1 border left 214
1609617588507599062 : Checking image 1 border right 214
1609617588510403064 : Checking image 2 dpi 300
1609617588510520564 : Checking image 2 border top 181
1609617588510586664 : Checking image 2 border bottom 107
1609617588510632564 : Checking image 2 border left 212
1609617588510661364 : Checking image 2 border right 212

</system-out><system-err>--------------------------------- Captured Err ---------------------------------

</system-err></testcase><testcase classname="tests.test_images" name="test_no_split_line_line_algo_png" time="33.791"><system-out>--------------------------------- Captured Log ---------------------------------

--------------------------------- Captured Out ---------------------------------
/home/runner/work/ocr-book/ocr-book/tests/no_split_line_line_algo.png
1609617599084831955 : Checking separation double page angle 89.47691469185418
1609617599084942555 : Checking separation double page y=0 2476
1609617600176578284 : Checking page rotation 1 -0.14999999999999067
1609617601821165540 : Checking page rotation 2 -0.14999999999999067
1609617603439650151 : Checking image 1 crop x1 205
1609617603439765951 : Checking image 1 crop y1 158
1609617603439806152 : Checking image 1 crop x2 2320
1609617603439844352 : Checking image 1 crop y2 3366
1609617607541967970 : Checking image 2 crop x1 185
1609617607542082469 : Checking image 2 crop y1 225
1609617607542143568 : Checking image 2 crop x2 2204
1609617607542183567 : Checking image 2 crop y2 3362
1609617607542382265 : Checking image 1 dpi 300
1609617607542476664 : Checking image 1 border top 144
1609617607542533863 : Checking image 1 border bottom 134
1609617607542569162 : Checking image 1 border left 172
1609617607542604062 : Checking image 1 border right 172
1609617607545367825 : Checking image 2 dpi 300
1609617607545441725 : Checking image 2 border top 223
1609617607545478624 : Checking image 2 border bottom 127
1609617607545513024 : Checking image 2 border left 220
1609617607545563623 : Checking image 2 border right 220

</system-out><system-err>--------------------------------- Captured Err ---------------------------------

</system-err></testcase><testcase classname="tests.test_images" name="test_small_wave_png" time="45.265"><system-out>--------------------------------- Captured Log ---------------------------------

--------------------------------- Captured Out ---------------------------------
/home/runner/work/ocr-book/ocr-book/tests/small_wave.png
1609617627484521690 : Checking separation double page angle 90.58816928841564
1609617627484778090 : Checking separation double page y=0 2497
1609617629359655765 : Checking page rotation 1 0.65
1609617630979035520 : Checking page rotation 2 0.65
1609617632359757737 : Checking image 1 crop x1 320
1609617632359879037 : Checking image 1 crop y1 199
1609617632359923437 : Checking image 1 crop x2 2353
1609617632359997837 : Checking image 1 crop y2 3394
1609617633775019895 : Checking image 2 crop x1 130
1609617633775135795 : Checking image 2 crop y1 222
1609617633775172795 : Checking image 2 crop x2 2163
1609617633775207395 : Checking image 2 crop y2 3420
1609617633775457795 : Checking image 1 dpi 300
1609617633775572495 : Checking image 1 border top 179
1609617633775625695 : Checking image 1 border bottom 112
1609617633775674495 : Checking image 1 border left 213
1609617633775705895 : Checking image 1 border right 213
1609617633778582395 : Checking image 2 dpi 300
1609617633778644095 : Checking image 2 border top 197
1609617633778694795 : Checking image 2 border bottom 92
1609617633778724695 : Checking image 2 border left 213
1609617633778754095 : Checking image 2 border right 213

</system-out><system-err>--------------------------------- Captured Err ---------------------------------

</system-err></testcase><testcase classname="tests.test_images" name="test_failed_split_line_line_algo_png" time="18.165"><system-out>--------------------------------- Captured Log ---------------------------------

--------------------------------- Captured Out ---------------------------------
/home/runner/work/ocr-book/ocr-book/tests/failed_split_line_line_algo.png
1609617621497189465 : Checking separation double page angle 90.04134220573248
1609617621497295765 : Checking separation double page y=0 2573
1609617622252381423 : Checking page rotation 1 -0.09999999999999377
1609617622852148765 : Checking page rotation 2 0.1
1609617624718607800 : Checking image 1 crop x1 408
1609617624718712700 : Checking image 1 crop y1 2926
1609617624718748800 : Checking image 1 crop x2 2420
1609617624718779800 : Checking image 1 crop y2 3173
1609617625740082676 : Checking image 2 crop x1 1184
1609617625740162976 : Checking image 2 crop y1 1745
1609617625740191676 : Checking image 2 crop x2 1185
1609617625740218776 : Checking image 2 crop y2 1746
1609617625740353976 : Checking image 1 dpi 300
1609617625740423676 : Checking image 1 border top 2922
1609617625740454176 : Checking image 1 border bottom 318
1609617625740481176 : Checking image 1 border left 224
1609617625740507176 : Checking image 1 border right 224
1609617625741968477 : Checking image 2 dpi 300
1609617625742014977 : Checking image 2 border top 1753
1609617625742112577 : Checking image 2 border bottom 1753
1609617625742138277 : Checking image 2 border left 1239
1609617625742163977 : Checking image 2 border right 1239

</system-out><system-err>--------------------------------- Captured Err ---------------------------------

</system-err></testcase><testcase classname="tests.test_images" name="test_failed_split_line_line_algo_2_png" time="38.016"><system-out>--------------------------------- Captured Log ---------------------------------

--------------------------------- Captured Out ---------------------------------
/home/runner/work/ocr-book/ocr-book/tests/failed_split_line_line_algo_2.png
1609617658065217942 : Checking separation double page angle 90.03068774449687
1609617658065320142 : Checking separation double page y=0 2500
1609617659440961682 : Checking page rotation 1 0.05
1609617660652922080 : Checking page rotation 2 0.5499999999999999
1609617662187851911 : Checking image 1 crop x1 271
1609617662187975911 : Checking image 1 crop y1 149
1609617662188038611 : Checking image 1 crop x2 2382
1609617662188092411 : Checking image 1 crop y2 3354
1609617663711421844 : Checking image 2 crop x1 120
1609617663711543344 : Checking image 2 crop y1 155
1609617663711579844 : Checking image 2 crop x2 2244
1609617663711632944 : Checking image 2 crop y2 3350
1609617663711878044 : Checking image 1 dpi 300
1609617663711994144 : Checking image 1 border top 141
1609617663712044644 : Checking image 1 border bottom 141
1609617663712074645 : Checking image 1 border left 174
1609617663712104545 : Checking image 1 border right 174
1609617663714525247 : Checking image 2 dpi 300
1609617663714587547 : Checking image 2 border top 140
1609617663714619747 : Checking image 2 border bottom 152
1609617663714649547 : Checking image 2 border left 168
1609617663714679647 : Checking image 2 border right 168

</system-out><system-err>--------------------------------- Captured Err ---------------------------------

</system-err></testcase><testcase classname="tests.test_images" name="test_wrong_split_line_3_png" time="34.682"><system-out>--------------------------------- Captured Log ---------------------------------

--------------------------------- Captured Out ---------------------------------
/home/runner/work/ocr-book/ocr-book/tests/wrong_split_line_3.png
1609617662268613444 : Checking separation double page angle 90.43729500214694
1609617662268722744 : Checking separation double page y=0 2498
1609617663758814997 : Checking page rotation 1 0.2
1609617664943847816 : Checking page rotation 2 0.85
1609617666635021699 : Checking image 1 crop x1 331
1609617666635138299 : Checking image 1 crop y1 166
1609617666635175199 : Checking image 1 crop x2 2377
1609617666635209499 : Checking image 1 crop y2 3375
1609617668476665917 : Checking image 2 crop x1 102
1609617668476792617 : Checking image 2 crop y1 207
1609617668476826717 : Checking image 2 crop x2 2135
1609617668476877817 : Checking image 2 crop y2 3414
1609617668477036317 : Checking image 1 dpi 300
1609617668477103417 : Checking image 1 border top 158
1609617668477151917 : Checking image 1 border bottom 120
1609617668477179618 : Checking image 1 border left 207
1609617668477207518 : Checking image 1 border right 207
1609617668479771519 : Checking image 2 dpi 300
1609617668479835719 : Checking image 2 border top 186
1609617668479886519 : Checking image 2 border bottom 94
1609617668479915519 : Checking image 2 border left 213
1609617668479943519 : Checking image 2 border right 213

</system-out><system-err>--------------------------------- Captured Err ---------------------------------

</system-err></testcase><testcase classname="tests.test_images" name="test_crop_too_much_3_png" time="39.205"><system-out>--------------------------------- Captured Log ---------------------------------

--------------------------------- Captured Out ---------------------------------
/home/runner/work/ocr-book/ocr-book/tests/crop_too_much_3.png
1609617695816555219 : Checking separation double page angle 89.49330634783144
1609617695816669019 : Checking separation double page y=0 2498
1609617697011145296 : Checking page rotation 1 -0.8999999999999949
1609617698617300543 : Checking page rotation 2 -0.14999999999999067
1609617700806115915 : Checking image 1 crop x1 374
1609617700806237315 : Checking image 1 crop y1 258
1609617700806303116 : Checking image 1 crop x2 2385
1609617700806338016 : Checking image 1 crop y2 3459
1609617702919219520 : Checking image 2 crop x1 168
1609617702919361220 : Checking image 2 crop y1 228
1609617702919399620 : Checking image 2 crop x2 2181
1609617702919435720 : Checking image 2 crop y2 3417
1609617702919599620 : Checking image 1 dpi 300
1609617702919678220 : Checking image 1 border top 239
1609617702919712020 : Checking image 1 border bottom 47
1609617702919743120 : Checking image 1 border left 224
1609617702919791820 : Checking image 1 border right 224
1609617702922483723 : Checking image 2 dpi 300
1609617702922559523 : Checking image 2 border top 209
1609617702922610723 : Checking image 2 border bottom 89
1609617702922643023 : Checking image 2 border left 223
1609617702922692723 : Checking image 2 border right 223

</system-out><system-err>--------------------------------- Captured Err ---------------------------------

</system-err></testcase><testcase classname="tests.test_images" name="test_wrong_wave_split_line_2_png" time="42.121"><system-out>--------------------------------- Captured Log ---------------------------------

--------------------------------- Captured Out ---------------------------------
/home/runner/work/ocr-book/ocr-book/tests/wrong_wave_split_line_2.png
1609617702815049926 : Checking separation double page angle 90.7708958311329
1609617702815179426 : Checking separation double page y=0 2490
1609617704230688813 : Checking page rotation 1 0.2
1609617705965465036 : Checking page rotation 2 1.65
1609617707622877118 : Checking image 1 crop x1 227
1609617707622984618 : Checking image 1 crop y1 147
1609617707623024818 : Checking image 1 crop x2 2342
1609617707623063418 : Checking image 1 crop y2 3353
1609617710583884994 : Checking image 2 crop x1 106
1609617710583991594 : Checking image 2 crop y1 195
1609617710584031294 : Checking image 2 crop x2 2231
1609617710584068394 : Checking image 2 crop y2 3398
1609617710584232394 : Checking image 1 dpi 300
1609617710584306694 : Checking image 1 border top 136
1609617710584341894 : Checking image 1 border bottom 145
1609617710584374594 : Checking image 1 border left 172
1609617710584407494 : Checking image 1 border right 172
1609617710586890995 : Checking image 2 dpi 300
1609617710586979095 : Checking image 2 border top 165
1609617710587014095 : Checking image 2 border bottom 118
1609617710587046895 : Checking image 2 border left 167
1609617710587098895 : Checking image 2 border right 167

</system-out><system-err>--------------------------------- Captured Err ---------------------------------

</system-err></testcase><testcase classname="tests.test_images" name="test_wrong_wave_split_line_3_png" time="39.060"><system-out>--------------------------------- Captured Log ---------------------------------

--------------------------------- Captured Out ---------------------------------
/home/runner/work/ocr-book/ocr-book/tests/wrong_wave_split_line_3.png
1609617735917827142 : Checking separation double page angle 90.05826063695574
1609617735917938242 : Checking separation double page y=0 2514
1609617737395886493 : Checking page rotation 1 0.0
1609617738560579705 : Checking page rotation 2 0.2
1609617740465486543 : Checking image 1 crop x1 274
1609617740465594643 : Checking image 1 crop y1 221
1609617740465634543 : Checking image 1 crop x2 2383
1609617740465670443 : Checking image 1 crop y2 3422
1609617741996055416 : Checking image 2 crop x1 112
1609617741996158416 : Checking image 2 crop y1 225
1609617741996196416 : Checking image 2 crop x2 2238
1609617741996232816 : Checking image 2 crop y2 3415
1609617741996405416 : Checking image 1 dpi 300
1609617741996487716 : Checking image 1 border top 201
1609617741996522016 : Checking image 1 border bottom 85
1609617741996553416 : Checking image 1 border left 175
1609617741996585016 : Checking image 1 border right 175
1609617741998698217 : Checking image 2 dpi 300
1609617741998752517 : Checking image 2 border top 207
1609617741998784317 : Checking image 2 border bottom 90
1609617741998814117 : Checking image 2 border left 167
1609617741998844417 : Checking image 2 border right 167

</system-out><system-err>--------------------------------- Captured Err ---------------------------------

</system-err></testcase><testcase classname="tests.test_images" name="test_no_split_line_wave_algo_png" time="49.935"><system-out>--------------------------------- Captured Log ---------------------------------

--------------------------------- Captured Out ---------------------------------
/home/runner/work/ocr-book/ocr-book/tests/no_split_line_wave_algo.png
1609617739238093503 : Checking separation double page angle 89.72500000000001
1609617739238217403 : Checking separation double page y=0 2484
1609617742273060038 : Checking page rotation 1 0.0
1609617743628616399 : Checking page rotation 2 -0.44999999999999746
1609617753007190552 : Checking image 1 crop x1 97
1609617753007292452 : Checking image 1 crop y1 79
1609617753007330752 : Checking image 1 crop x2 2494
1609617753007363553 : Checking image 1 crop y2 3505
1609617760482170320 : Checking image 2 crop x1 163
1609617760482271721 : Checking image 2 crop y1 267
1609617760482314121 : Checking image 2 crop x2 2238
1609617760482402921 : Checking image 2 crop y2 3380
1609617760482580621 : Checking image 1 dpi 300
1609617760482674321 : Checking image 1 border top 41
1609617760482708221 : Checking image 1 border bottom 41
1609617760482740021 : Checking image 1 border left 42
1609617760482787721 : Checking image 1 border right 42
1609617760485116821 : Checking image 2 dpi 300
1609617760485199521 : Checking image 2 border top 255
1609617760485234221 : Checking image 2 border bottom 119
1609617760485281221 : Checking image 2 border left 192
1609617760485311321 : Checking image 2 border right 192

</system-out><system-err>--------------------------------- Captured Err ---------------------------------

</system-err></testcase><testcase classname="tests.test_images" name="test_no_split_line_wave_algo_2_png" time="31.158"><system-out>--------------------------------- Captured Log ---------------------------------

--------------------------------- Captured Out ---------------------------------
/home/runner/work/ocr-book/ocr-book/tests/no_split_line_wave_algo_2.png
1609617767501102617 : Checking separation double page angle 90.54999999999998
1609617767501234517 : Checking separation double page y=0 2478
1609617768753845168 : Checking page rotation 1 1.0999999999999999
1609617770069217552 : Checking page rotation 2 0.2
1609617771787432146 : Checking image 1 crop x1 266
1609617771787553046 : Checking image 1 crop y1 210
1609617771787588446 : Checking image 1 crop x2 2342
1609617771787641746 : Checking image 1 crop y2 3413
1609617773168133164 : Checking image 2 crop x1 168
1609617773168280864 : Checking image 2 crop y1 241
1609617773168325664 : Checking image 2 crop x2 2251
1609617773168364964 : Checking image 2 crop y2 3433
1609617773168547565 : Checking image 1 dpi 300
1609617773168654065 : Checking image 1 border top 192
1609617773168730765 : Checking image 1 border bottom 91
1609617773168762665 : Checking image 1 border left 192
1609617773168794365 : Checking image 1 border right 192
1609617773171387266 : Checking image 2 dpi 300
1609617773171453266 : Checking image 2 border top 224
1609617773171486866 : Checking image 2 border bottom 71
1609617773171517566 : Checking image 2 border left 188
1609617773171548366 : Checking image 2 border right 188

</system-out><system-err>--------------------------------- Captured Err ---------------------------------

</system-err></testcase><testcase classname="tests.test_images" name="test_crop_too_few_2_png" time="30.872"><system-out>--------------------------------- Captured Log ---------------------------------

--------------------------------- Captured Out ---------------------------------
/home/runner/work/ocr-book/ocr-book/tests/crop_too_few_2.png
1609617784241530074 : Checking separation double page angle 90.30476192320097
1609617784241654374 : Checking separation double page y=0 2531
1609617785494887434 : Checking page rotation 1 1.0999999999999999
1609617786854034141 : Checking page rotation 2 -0.04999999999999689
1609617788963222084 : Checking image 1 crop x1 289
1609617788963411284 : Checking image 1 crop y1 165
1609617788963505384 : Checking image 1 crop x2 2400
1609617788963605484 : Checking image 1 crop y2 3367
1609617791418044882 : Checking image 2 crop x1 149
1609617791418204082 : Checking image 2 crop y1 189
1609617791418246182 : Checking image 2 crop x2 2273
1609617791418287682 : Checking image 2 crop y2 3386
1609617791418488282 : Checking image 1 dpi 300
1609617791418571282 : Checking image 1 border top 157
1609617791418608782 : Checking image 1 border bottom 128
1609617791418643182 : Checking image 1 border left 174
1609617791418678982 : Checking image 1 border right 174
1609617791420843683 : Checking image 2 dpi 300
1609617791420913383 : Checking image 2 border top 181
1609617791420948483 : Checking image 2 border bottom 109
1609617791420980883 : Checking image 2 border left 168
1609617791421013483 : Checking image 2 border right 168

</system-out><system-err>--------------------------------- Captured Err ---------------------------------

</system-err></testcase><testcase classname="tests.test_images" name="test_failed_detect_rectangle_png" time="34.952"><system-out>--------------------------------- Captured Log ---------------------------------

--------------------------------- Captured Out ---------------------------------
/home/runner/work/ocr-book/ocr-book/tests/failed_detect_rectangle.png
1609617801483510265 : Checking separation double page angle 90.19837516213148
1609617801483660665 : Checking separation double page y=0 2474
1609617803048858560 : Checking page rotation 1 0.2
1609617804854584362 : Checking page rotation 2 0.15000000000000002
1609617806258169286 : Checking image 1 crop x1 257
1609617806258286186 : Checking image 1 crop y1 201
1609617806258330486 : Checking image 1 crop x2 2333
1609617806258384986 : Checking image 1 crop y2 3402
1609617808117831357 : Checking image 2 crop x1 135
1609617808117926357 : Checking image 2 crop y1 214
1609617808117962357 : Checking image 2 crop x2 2219
1609617808118014057 : Checking image 2 crop y2 3406
1609617808118168157 : Checking image 1 dpi 300
1609617808118243557 : Checking image 1 border top 188
1609617808118276457 : Checking image 1 border bottom 97
1609617808118358457 : Checking image 1 border left 192
1609617808118387357 : Checking image 1 border right 192
1609617808120980358 : Checking image 2 dpi 300
1609617808121034858 : Checking image 2 border top 202
1609617808121064158 : Checking image 2 border bottom 93
1609617808121091358 : Checking image 2 border left 188
1609617808121118858 : Checking image 2 border right 188

</system-out><system-err>--------------------------------- Captured Err ---------------------------------

</system-err></testcase><testcase classname="tests.test_images" name="test_single_page_png" time="7.297"><system-out>--------------------------------- Captured Log ---------------------------------

--------------------------------- Captured Out ---------------------------------
/home/runner/work/ocr-book/ocr-book/tests/single_page.png
1609617795660983027 : Checking separation double page angle 90.04999999999998
1609617795661132727 : Checking separation double page y=0 2476
1609617796561841140 : Checking page rotation 1 0.0
1609617796710841109 : Checking page rotation 2 0.0
1609617798225892603 : Checking image 1 crop x1 1
1609617798226001703 : Checking image 1 crop y1 8
1609617798226067203 : Checking image 1 crop x2 2470
1609617798226100103 : Checking image 1 crop y2 3505
1609617798360614365 : Checking image 2 crop x1 0
1609617798360690265 : Checking image 2 crop y1 0
1609617798360717365 : Checking image 2 crop x2 0
1609617798360742565 : Checking image 2 crop y2 0
1609617798360798665 : Checking image 1 dpi 300
1609617798360855765 : Checking image 1 border top 5
1609617798360888665 : Checking image 1 border bottom 5
1609617798360916065 : Checking image 1 border left 6
1609617798360943365 : Checking image 1 border right 6
1609617798368198768 : Checking image 2 border top 0
1609617798368275068 : Checking image 2 border bottom 0
1609617798368302268 : Checking image 2 border left 0
1609617798368329868 : Checking image 2 border right 0

</system-out><system-err>--------------------------------- Captured Err ---------------------------------

</system-err></testcase><testcase classname="tests.test_images" name="test_wrong_split_line_4_png" time="18.756"><system-out>--------------------------------- Captured Log ---------------------------------

--------------------------------- Captured Out ---------------------------------
/home/runner/work/ocr-book/ocr-book/tests/wrong_split_line_4.png
1609617812846965443 : Checking separation double page angle 91.04999999999998
1609617812847063643 : Checking separation double page y=0 60
1609617812947243181 : Checking page rotation 1 1.0
1609617814127431527 : Checking page rotation 2 1.05
1609617814645125322 : Checking image 1 crop x1 0
1609617814645208622 : Checking image 1 crop y1 0
1609617814645243422 : Checking image 1 crop x2 0
1609617814645276222 : Checking image 1 crop y2 0
1609617817527929893 : Checking image 2 crop x1 291
1609617817528070693 : Checking image 2 crop y1 330
1609617817528106693 : Checking image 2 crop x2 2316
1609617817528141193 : Checking image 2 crop y2 3217
1609617817528372193 : Checking image 1 border top 0
1609617817528410193 : Checking image 1 border bottom 0
1609617817528438093 : Checking image 1 border left 0
1609617817528465393 : Checking image 1 border right 0
1609617817528513693 : Checking image 2 dpi 300
1609617817528574393 : Checking image 2 border top 322
1609617817528606493 : Checking image 2 border bottom 278
1609617817528674193 : Checking image 2 border left 217
1609617817528701793 : Checking image 2 border right 217

</system-out><system-err>--------------------------------- Captured Err ---------------------------------

</system-err></testcase><testcase classname="tests.test_images" name="test_no_split_line_wave_algo_3_png" time="11.126"><system-out>--------------------------------- Captured Log ---------------------------------

--------------------------------- Captured Out ---------------------------------
/home/runner/work/ocr-book/ocr-book/tests/no_split_line_wave_algo_3.png
1609617816981932314 : Checking separation double page angle 90.14999999999998
1609617816982043214 : Checking separation double page y=0 2408
1609617817866060142 : Checking page rotation 1 -0.09999999999999377
1609617818033803866 : Checking page rotation 2 0.0
1609617818756584071 : Checking image 1 crop x1 182
1609617818756668371 : Checking image 1 crop y1 2955
1609617818756699771 : Checking image 1 crop x2 2199
1609617818756729171 : Checking image 1 crop y2 3203
1609617819241786041 : Checking image 2 crop x1 0
1609617819241898441 : Checking image 2 crop y1 0
1609617819241963441 : Checking image 2 crop x2 0
1609617819242007641 : Checking image 2 crop y2 0
1609617819242078841 : Checking image 1 dpi 300
1609617819242157341 : Checking image 1 border top 2951
1609617819242227041 : Checking image 1 border bottom 288
1609617819242258541 : Checking image 1 border left 221
1609617819242333841 : Checking image 1 border right 221
1609617819248784942 : Checking image 2 border top 0
1609617819248861042 : Checking image 2 border bottom 0
1609617819248889842 : Checking image 2 border left 0
1609617819248919042 : Checking image 2 border right 0

</system-out><system-err>--------------------------------- Captured Err ---------------------------------

</system-err></testcase><testcase classname="tests.test_images" name="test_failed_split_line_line_algo_3_png" time="13.942"><system-out>--------------------------------- Captured Log ---------------------------------

--------------------------------- Captured Out ---------------------------------
/home/runner/work/ocr-book/ocr-book/tests/failed_split_line_line_algo_3.png
1609617827944301558 : Checking separation double page angle 90.0
1609617827944434858 : Checking separation double page y=0 40
1609617828008737888 : Checking page rotation 1 0.0
1609617828748989329 : Checking page rotation 2 -0.04999999999999689
1609617829104008292 : Checking image 1 crop x1 0
1609617829104077892 : Checking image 1 crop y1 0
1609617829104105792 : Checking image 1 crop x2 0
1609617829104131892 : Checking image 1 crop y2 0
1609617831483421218 : Checking image 2 crop x1 247
1609617831483517218 : Checking image 2 crop y1 153
1609617831483565018 : Checking image 2 crop x2 2260
1609617831483593518 : Checking image 2 crop y2 3360
1609617831483705418 : Checking image 1 border top 0
1609617831483735018 : Checking image 1 border bottom 0
1609617831483759918 : Checking image 1 border left 0
1609617831483784718 : Checking image 1 border right 0
1609617831483820718 : Checking image 2 dpi 300
1609617831483872518 : Checking image 2 border top 144
1609617831483899318 : Checking image 2 border bottom 136
1609617831483924618 : Checking image 2 border left 223
1609617831483950118 : Checking image 2 border right 223

</system-out><system-err>--------------------------------- Captured Err ---------------------------------

</system-err></testcase></testsuite></testsuites>